{"(1, '0')": {"explain_plan": {"Plan": {"Node Type": "Aggregate", "Strategy": "Plain", "Startup Cost": 121637.45, "Total Cost": 121637.46, "Plan Rows": 1, "Plan Width": 160, "Plans": [{"Node Type": "Nested Loop", "Parent Relationship": "Outer", "Join Type": "Inner", "Startup Cost": 0.0, "Total Cost": 121637.38, "Plan Rows": 9, "Plan Width": 64, "Inner Unique": true, "Plans": [{"Node Type": "Nested Loop", "Parent Relationship": "Outer", "Join Type": "Inner", "Startup Cost": 0.0, "Total Cost": 121634.76, "Plan Rows": 9, "Plan Width": 59, "Inner Unique": false, "Join Filter": "(mi.info_type_id = it1.id)", "Plans": [{"Node Type": "Seq Scan", "Parent Relationship": "Outer", "Relation Name": "info_type", "Alias": "it1", "Startup Cost": 0.0, "Total Cost": 2.4, "Plan Rows": 1, "Plan Width": 4, "Filter": "((info)::text = 'budget'::text)"}, {"Node Type": "Nested Loop", "Parent Relationship": "Inner", "Join Type": "Inner", "Startup Cost": 0.0, "Total Cost": 121628.87, "Plan Rows": 279, "Plan Width": 63, "Inner Unique": false, "Join Filter": "(mi_idx.movie_id = mi.movie_id)", "Plans": [{"Node Type": "Nested Loop", "Parent Relationship": "Outer", "Join Type": "Inner", "Startup Cost": 0.0, "Total Cost": 121455.23, "Plan Rows": 228, "Plan Width": 13, "Inner Unique": false, "Join Filter": "(mi_idx.info_type_id = it2.id)", "Plans": [{"Node Type": "Seq Scan", "Parent Relationship": "Outer", "Relation Name": "info_type", "Alias": "it2", "Startup Cost": 0.0, "Total Cost": 2.4, "Plan Rows": 1, "Plan Width": 4, "Filter": "((info)::text = 'votes'::text)"}, {"Node Type": "Nested Loop", "Parent Relationship": "Inner", "Join Type": "Inner", "Startup Cost": 0.0, "Total Cost": 121448.51, "Plan Rows": 346, "Plan Width": 17, "Inner Unique": false, "Plans": [{"Node Type": "Nested Loop", "Parent Relationship": "Outer", "Join Type": "Inner", "Startup Cost": 0.0, "Total Cost": 121351.72, "Plan Rows": 294, "Plan Width": 4, "Inner Unique": false, "Plans": [{"Node Type": "Seq Scan", "Parent Relationship": "Outer", "Relation Name": "name", "Alias": "n", "Startup Cost": 0.0, "Total Cost": 113909.35, "Plan Rows": 173, "Plan Width": 4, "Filter": "(((name)::text ~~ '%Tim%'::text) AND ((gender)::text = 'm'::text))"}, {"Node Type": "Index Scan", "Parent Relationship": "Inner", "Scan Direction": "Forward", "Index Name": "person_id_cast_info", "Relation Name": "cast_info", "Alias": "ci", "Startup Cost": 0.0, "Total Cost": 43.0, "Plan Rows": 2, "Plan Width": 8, "Index Cond": "(person_id = n.id)", "Filter": "((note)::text = ANY ('{(producer),\"(executive producer)\"}'::text[]))"}]}, {"Node Type": "Index Scan", "Parent Relationship": "Inner", "Scan Direction": "Forward", "Index Name": "movie_id_movie_info_idx", "Relation Name": "movie_info_idx", "Alias": "mi_idx", "Startup Cost": 0.0, "Total Cost": 0.31, "Plan Rows": 2, "Plan Width": 13, "Index Cond": "(movie_id = ci.movie_id)"}]}]}, {"Node Type": "Index Scan", "Parent Relationship": "Inner", "Scan Direction": "Forward", "Index Name": "movie_id_movie_info", "Relation Name": "movie_info", "Alias": "mi", "Startup Cost": 0.0, "Total Cost": 0.7, "Plan Rows": 5, "Plan Width": 50, "Index Cond": "(movie_id = ci.movie_id)"}]}]}, {"Node Type": "Index Scan", "Parent Relationship": "Inner", "Scan Direction": "Forward", "Index Name": "title_pkey", "Relation Name": "title", "Alias": "t", "Startup Cost": 0.0, "Total Cost": 0.28, "Plan Rows": 1, "Plan Width": 21, "Index Cond": "(id = mi.movie_id)"}]}]}, "Unique SQL Id": 4264520866, "Planner Runtime": 38}, "explain_analyze_plan": {"Plan": {"Node Type": "Aggregate", "Strategy": "Plain", "Startup Cost": 121637.45, "Total Cost": 121637.46, "Plan Rows": 1, "Plan Width": 160, "Actual Startup Time": 1954.488, "Actual Total Time": 1954.489, "Actual Rows": 1, "Actual Loops": 1, "Plans": [{"Node Type": "Nested Loop", "Parent Relationship": "Outer", "Join Type": "Inner", "Startup Cost": 0.0, "Total Cost": 121637.38, "Plan Rows": 9, "Plan Width": 64, "Actual Startup Time": 1.0, "Actual Total Time": 1953.532, "Actual Rows": 410, "Actual Loops": 1, "Inner Unique": true, "Plans": [{"Node Type": "Nested Loop", "Parent Relationship": "Outer", "Join Type": "Inner", "Startup Cost": 0.0, "Total Cost": 121634.76, "Plan Rows": 9, "Plan Width": 59, "Actual Startup Time": 0.987, "Actual Total Time": 1949.496, "Actual Rows": 410, "Actual Loops": 1, "Inner Unique": false, "Join Filter": "(mi.info_type_id = it1.id)", "Rows Removed by Join Filter": 81998, "Plans": [{"Node Type": "Seq Scan", "Parent Relationship": "Outer", "Relation Name": "info_type", "Alias": "it1", "Startup Cost": 0.0, "Total Cost": 2.4, "Plan Rows": 1, "Plan Width": 4, "Actual Startup Time": 0.069, "Actual Total Time": 0.084, "Actual Rows": 1, "Actual Loops": 1, "Filter": "((info)::text = 'budget'::text)", "Rows Removed by Filter": 111}, {"Node Type": "Nested Loop", "Parent Relationship": "Inner", "Join Type": "Inner", "Startup Cost": 0.0, "Total Cost": 121628.87, "Plan Rows": 279, "Plan Width": 63, "Actual Startup Time": 0.883, "Actual Total Time": 1933.384, "Actual Rows": 82408, "Actual Loops": 1, "Inner Unique": false, "Join Filter": "(mi_idx.movie_id = mi.movie_id)", "Rows Removed by Join Filter": 0, "Plans": [{"Node Type": "Nested Loop", "Parent Relationship": "Outer", "Join Type": "Inner", "Startup Cost": 0.0, "Total Cost": 121455.23, "Plan Rows": 228, "Plan Width": 13, "Actual Startup Time": 0.867, "Actual Total Time": 1815.546, "Actual Rows": 3435, "Actual Loops": 1, "Inner Unique": false, "Join Filter": "(mi_idx.info_type_id = it2.id)", "Rows Removed by Join Filter": 6875, "Plans": [{"Node Type": "Seq Scan", "Parent Relationship": "Outer", "Relation Name": "info_type", "Alias": "it2", "Startup Cost": 0.0, "Total Cost": 2.4, "Plan Rows": 1, "Plan Width": 4, "Actual Startup Time": 0.051, "Actual Total Time": 0.073, "Actual Rows": 1, "Actual Loops": 1, "Filter": "((info)::text = 'votes'::text)", "Rows Removed by Filter": 111}, {"Node Type": "Nested Loop", "Parent Relationship": "Inner", "Join Type": "Inner", "Startup Cost": 0.0, "Total Cost": 121448.51, "Plan Rows": 346, "Plan Width": 17, "Actual Startup Time": 0.809, "Actual Total Time": 1812.731, "Actual Rows": 10310, "Actual Loops": 1, "Inner Unique": false, "Plans": [{"Node Type": "Nested Loop", "Parent Relationship": "Outer", "Join Type": "Inner", "Startup Cost": 0.0, "Total Cost": 121351.72, "Plan Rows": 294, "Plan Width": 4, "Actual Startup Time": 0.794, "Actual Total Time": 1776.866, "Actual Rows": 6719, "Actual Loops": 1, "Inner Unique": false, "Plans": [{"Node Type": "Seq Scan", "Parent Relationship": "Outer", "Relation Name": "name", "Alias": "n", "Startup Cost": 0.0, "Total Cost": 113909.35, "Plan Rows": 173, "Plan Width": 4, "Actual Startup Time": 0.238, "Actual Total Time": 1643.764, "Actual Rows": 9062, "Actual Loops": 1, "Filter": "(((name)::text ~~ '%Tim%'::text) AND ((gender)::text = 'm'::text))", "Rows Removed by Filter": 4158428}, {"Node Type": "Index Scan", "Parent Relationship": "Inner", "Scan Direction": "Forward", "Index Name": "person_id_cast_info", "Relation Name": "cast_info", "Alias": "ci", "Startup Cost": 0.0, "Total Cost": 43.0, "Plan Rows": 2, "Plan Width": 8, "Actual Startup Time": 107.321, "Actual Total Time": 126.088, "Actual Rows": 6719, "Actual Loops": 9062, "Index Cond": "(person_id = n.id)", "Rows Removed by Index Recheck": 0, "Filter": "((note)::text = ANY ('{(producer),\"(executive producer)\"}'::text[]))", "Rows Removed by Filter": 89309}]}, {"Node Type": "Index Scan", "Parent Relationship": "Inner", "Scan Direction": "Forward", "Index Name": "movie_id_movie_info_idx", "Relation Name": "movie_info_idx", "Alias": "mi_idx", "Startup Cost": 0.0, "Total Cost": 0.31, "Plan Rows": 2, "Plan Width": 13, "Actual Startup Time": 25.852, "Actual Total Time": 29.746, "Actual Rows": 10310, "Actual Loops": 6719, "Index Cond": "(movie_id = ci.movie_id)", "Rows Removed by Index Recheck": 0}]}]}, {"Node Type": "Index Scan", "Parent Relationship": "Inner", "Scan Direction": "Forward", "Index Name": "movie_id_movie_info", "Relation Name": "movie_info", "Alias": "mi", "Startup Cost": 0.0, "Total Cost": 0.7, "Plan Rows": 5, "Plan Width": 50, "Actual Startup Time": 22.744, "Actual Total Time": 88.53, "Actual Rows": 82408, "Actual Loops": 3435, "Index Cond": "(movie_id = ci.movie_id)", "Rows Removed by Index Recheck": 0}]}]}, {"Node Type": "Index Scan", "Parent Relationship": "Inner", "Scan Direction": "Forward", "Index Name": "title_pkey", "Relation Name": "title", "Alias": "t", "Startup Cost": 0.0, "Total Cost": 0.28, "Plan Rows": 1, "Plan Width": 21, "Actual Startup Time": 3.368, "Actual Total Time": 3.368, "Actual Rows": 410, "Actual Loops": 410, "Index Cond": "(id = mi.movie_id)", "Rows Removed by Index Recheck": 0}]}]}, "Triggers": [], "Planner Runtime": 38.113, "Total Runtime": 1954.789, "Unique SQL Id": 4264520866}}, "(1, '1')": {"explain_plan": {"Plan": {"Node Type": "Aggregate", "Strategy": "Plain", "Startup Cost": 204820.44, "Total Cost": 204820.45, "Plan Rows": 1, "Plan Width": 160, "Plans": [{"Node Type": "Nested Loop", "Parent Relationship": "Outer", "Join Type": "Inner", "Startup Cost": 0.0, "Total Cost": 204820.38, "Plan Rows": 9, "Plan Width": 64, "Inner Unique": true, "Plans": [{"Node Type": "Nested Loop", "Parent Relationship": "Outer", "Join Type": "Inner", "Startup Cost": 0.0, "Total Cost": 204817.75, "Plan Rows": 9, "Plan Width": 59, "Inner Unique": true, "Plans": [{"Node Type": "Nested Loop", "Parent Relationship": "Outer", "Join Type": "Inner", "Startup Cost": 0.0, "Total Cost": 204808.14, "Plan Rows": 34, "Plan Width": 63, "Inner Unique": false, "Plans": [{"Node Type": "Nested Loop", "Parent Relationship": "Outer", "Join Type": "Inner", "Startup Cost": 0.0, "Total Cost": 204766.51, "Plan Rows": 133, "Plan Width": 50, "Inner Unique": false, "Join Filter": "(mi.info_type_id = it1.id)", "Plans": [{"Node Type": "Index Scan", "Parent Relationship": "Outer", "Scan Direction": "Forward", "Index Name": "info_type_pkey", "Relation Name": "info_type", "Alias": "it1", "Startup Cost": 0.0, "Total Cost": 14.21, "Plan Rows": 1, "Plan Width": 4, "Filter": "((info)::text = 'budget'::text)"}, {"Node Type": "Nested Loop", "Parent Relationship": "Inner", "Join Type": "Inner", "Startup Cost": 0.0, "Total Cost": 204732.79, "Plan Rows": 1561, "Plan Width": 54, "Inner Unique": false, "Plans": [{"Node Type": "Nested Loop", "Parent Relationship": "Outer", "Join Type": "Inner", "Startup Cost": 0.0, "Total Cost": 204512.56, "Plan Rows": 294, "Plan Width": 4, "Inner Unique": false, "Plans": [{"Node Type": "Index Scan", "Parent Relationship": "Outer", "Scan Direction": "Forward", "Index Name": "name_pkey", "Relation Name": "name", "Alias": "n", "Startup Cost": 0.0, "Total Cost": 197070.2, "Plan Rows": 173, "Plan Width": 4, "Filter": "(((name)::text ~~ '%Tim%'::text) AND ((gender)::text = 'm'::text))"}, {"Node Type": "Index Scan", "Parent Relationship": "Inner", "Scan Direction": "Forward", "Index Name": "person_id_cast_info", "Relation Name": "cast_info", "Alias": "ci", "Startup Cost": 0.0, "Total Cost": 43.0, "Plan Rows": 2, "Plan Width": 8, "Index Cond": "(person_id = n.id)", "Filter": "((note)::text = ANY ('{(producer),\"(executive producer)\"}'::text[]))"}]}, {"Node Type": "Index Scan", "Parent Relationship": "Inner", "Scan Direction": "Forward", "Index Name": "movie_id_movie_info", "Relation Name": "movie_info", "Alias": "mi", "Startup Cost": 0.0, "Total Cost": 0.7, "Plan Rows": 5, "Plan Width": 50, "Index Cond": "(movie_id = ci.movie_id)"}]}]}, {"Node Type": "Index Scan", "Parent Relationship": "Inner", "Scan Direction": "Forward", "Index Name": "movie_id_movie_info_idx", "Relation Name": "movie_info_idx", "Alias": "mi_idx", "Startup Cost": 0.0, "Total Cost": 0.29, "Plan Rows": 2, "Plan Width": 13, "Index Cond": "(movie_id = mi.movie_id)"}]}, {"Node Type": "Index Scan", "Parent Relationship": "Inner", "Scan Direction": "Forward", "Index Name": "info_type_pkey", "Relation Name": "info_type", "Alias": "it2", "Startup Cost": 0.0, "Total Cost": 0.27, "Plan Rows": 1, "Plan Width": 4, "Index Cond": "(id = mi_idx.info_type_id)", "Filter": "((info)::text = 'votes'::text)"}]}, {"Node Type": "Index Scan", "Parent Relationship": "Inner", "Scan Direction": "Forward", "Index Name": "title_pkey", "Relation Name": "title", "Alias": "t", "Startup Cost": 0.0, "Total Cost": 0.28, "Plan Rows": 1, "Plan Width": 21, "Index Cond": "(id = mi.movie_id)"}]}]}, "Unique SQL Id": 4264520866, "Planner Runtime": 33}, "explain_analyze_plan": null}, "(1, '2')": {"explain_plan": {"Plan": {"Node Type": "Aggregate", "Strategy": "Plain", "Startup Cost": 129159.71, "Total Cost": 129159.72, "Plan Rows": 1, "Plan Width": 160, "Plans": [{"Node Type": "Nested Loop", "Parent Relationship": "Outer", "Join Type": "Inner", "Startup Cost": 5.3, "Total Cost": 129159.37, "Plan Rows": 46, "Plan Width": 64, "Inner Unique": false, "Join Filter": "(mi_idx.info_type_id = it2.id)", "Plans": [{"Node Type": "Seq Scan", "Parent Relationship": "Outer", "Relation Name": "info_type", "Alias": "it2", "Startup Cost": 0.0, "Total Cost": 2.4, "Plan Rows": 1, "Plan Width": 4, "Filter": "((info)::text = 'votes'::text)"}, {"Node Type": "Nested Loop", "Parent Relationship": "Inner", "Join Type": "Inner", "Startup Cost": 5.3, "Total Cost": 129156.58, "Plan Rows": 31, "Plan Width": 68, "Inner Unique": true, "Plans": [{"Node Type": "Nested Loop", "Parent Relationship": "Outer", "Join Type": "Inner", "Startup Cost": 5.04, "Total Cost": 129010.97, "Plan Rows": 34, "Plan Width": 63, "Inner Unique": false, "Plans": [{"Node Type": "Nested Loop", "Parent Relationship": "Outer", "Join Type": "Inner", "Startup Cost": 4.77, "Total Cost": 128437.5, "Plan Rows": 133, "Plan Width": 50, "Inner Unique": false, "Join Filter": "(mi.info_type_id = it1.id)", "Plans": [{"Node Type": "Seq Scan", "Parent Relationship": "Outer", "Relation Name": "info_type", "Alias": "it1", "Startup Cost": 0.0, "Total Cost": 2.4, "Plan Rows": 1, "Plan Width": 4, "Filter": "((info)::text = 'budget'::text)"}, {"Node Type": "Nested Loop", "Parent Relationship": "Inner", "Join Type": "Inner", "Startup Cost": 4.77, "Total Cost": 128415.58, "Plan Rows": 1561, "Plan Width": 54, "Inner Unique": false, "Plans": [{"Node Type": "Nested Loop", "Parent Relationship": "Outer", "Join Type": "Inner", "Startup Cost": 4.39, "Total Cost": 127093.19, "Plan Rows": 294, "Plan Width": 4, "Inner Unique": false, "Plans": [{"Node Type": "Seq Scan", "Parent Relationship": "Outer", "Relation Name": "name", "Alias": "n", "Startup Cost": 0.0, "Total Cost": 113909.35, "Plan Rows": 173, "Plan Width": 4, "Filter": "(((name)::text ~~ '%Tim%'::text) AND ((gender)::text = 'm'::text))"}, {"Node Type": "Bitmap Heap Scan", "Parent Relationship": "Inner", "Relation Name": "cast_info", "Alias": "ci", "Startup Cost": 4.39, "Total Cost": 76.19, "Plan Rows": 2, "Plan Width": 8, "Recheck Cond": "(person_id = n.id)", "Filter": "((note)::text = ANY ('{(producer),\"(executive producer)\"}'::text[]))", "Plans": [{"Node Type": "Bitmap Index Scan", "Parent Relationship": "Outer", "Index Name": "person_id_cast_info", "Startup Cost": 0.0, "Total Cost": 4.38, "Plan Rows": 18, "Plan Width": 0, "Index Cond": "(person_id = n.id)"}]}]}, {"Node Type": "Bitmap Heap Scan", "Parent Relationship": "Inner", "Relation Name": "movie_info", "Alias": "mi", "Startup Cost": 0.39, "Total Cost": 4.45, "Plan Rows": 5, "Plan Width": 50, "Recheck Cond": "(movie_id = ci.movie_id)", "Plans": [{"Node Type": "Bitmap Index Scan", "Parent Relationship": "Outer", "Index Name": "movie_id_movie_info", "Startup Cost": 0.0, "Total Cost": 0.38, "Plan Rows": 5, "Plan Width": 0, "Index Cond": "(movie_id = ci.movie_id)"}]}]}]}, {"Node Type": "Bitmap Heap Scan", "Parent Relationship": "Inner", "Relation Name": "movie_info_idx", "Alias": "mi_idx", "Startup Cost": 0.27, "Total Cost": 4.29, "Plan Rows": 2, "Plan Width": 13, "Recheck Cond": "(movie_id = mi.movie_id)", "Plans": [{"Node Type": "Bitmap Index Scan", "Parent Relationship": "Outer", "Index Name": "movie_id_movie_info_idx", "Startup Cost": 0.0, "Total Cost": 0.27, "Plan Rows": 2, "Plan Width": 0, "Index Cond": "(movie_id = mi.movie_id)"}]}]}, {"Node Type": "Bitmap Heap Scan", "Parent Relationship": "Inner", "Relation Name": "title", "Alias": "t", "Startup Cost": 0.26, "Total Cost": 4.27, "Plan Rows": 1, "Plan Width": 21, "Recheck Cond": "(id = mi.movie_id)", "Plans": [{"Node Type": "Bitmap Index Scan", "Parent Relationship": "Outer", "Index Name": "title_pkey", "Startup Cost": 0.0, "Total Cost": 0.26, "Plan Rows": 1, "Plan Width": 0, "Index Cond": "(id = mi.movie_id)"}]}]}]}]}, "Unique SQL Id": 4264520866, "Planner Runtime": 34}, "explain_analyze_plan": {"Plan": {"Node Type": "Aggregate", "Strategy": "Plain", "Startup Cost": 129159.71, "Total Cost": 129159.72, "Plan Rows": 1, "Plan Width": 160, "Actual Startup Time": 2005.884, "Actual Total Time": 2005.885, "Actual Rows": 1, "Actual Loops": 1, "Plans": [{"Node Type": "Nested Loop", "Parent Relationship": "Outer", "Join Type": "Inner", "Startup Cost": 5.3, "Total Cost": 129159.37, "Plan Rows": 46, "Plan Width": 64, "Actual Startup Time": 1.019, "Actual Total Time": 2004.683, "Actual Rows": 410, "Actual Loops": 1, "Inner Unique": false, "Join Filter": "(mi_idx.info_type_id = it2.id)", "Rows Removed by Join Filter": 825, "Plans": [{"Node Type": "Seq Scan", "Parent Relationship": "Outer", "Relation Name": "info_type", "Alias": "it2", "Startup Cost": 0.0, "Total Cost": 2.4, "Plan Rows": 1, "Plan Width": 4, "Actual Startup Time": 0.056, "Actual Total Time": 0.071, "Actual Rows": 1, "Actual Loops": 1, "Filter": "((info)::text = 'votes'::text)", "Rows Removed by Filter": 111}, {"Node Type": "Nested Loop", "Parent Relationship": "Inner", "Join Type": "Inner", "Startup Cost": 5.3, "Total Cost": 129156.58, "Plan Rows": 31, "Plan Width": 68, "Actual Startup Time": 0.948, "Actual Total Time": 2004.068, "Actual Rows": 1235, "Actual Loops": 1, "Inner Unique": true, "Plans": [{"Node Type": "Nested Loop", "Parent Relationship": "Outer", "Join Type": "Inner", "Startup Cost": 5.04, "Total Cost": 129010.97, "Plan Rows": 34, "Plan Width": 63, "Actual Startup Time": 0.933, "Actual Total Time": 1994.977, "Actual Rows": 1235, "Actual Loops": 1, "Inner Unique": false, "Plans": [{"Node Type": "Nested Loop", "Parent Relationship": "Outer", "Join Type": "Inner", "Startup Cost": 4.77, "Total Cost": 128437.5, "Plan Rows": 133, "Plan Width": 50, "Actual Startup Time": 0.917, "Actual Total Time": 1987.181, "Actual Rows": 699, "Actual Loops": 1, "Inner Unique": false, "Join Filter": "(mi.info_type_id = it1.id)", "Rows Removed by Join Filter": 95197, "Plans": [{"Node Type": "Seq Scan", "Parent Relationship": "Outer", "Relation Name": "info_type", "Alias": "it1", "Startup Cost": 0.0, "Total Cost": 2.4, "Plan Rows": 1, "Plan Width": 4, "Actual Startup Time": 0.042, "Actual Total Time": 0.06, "Actual Rows": 1, "Actual Loops": 1, "Filter": "((info)::text = 'budget'::text)", "Rows Removed by Filter": 111}, {"Node Type": "Nested Loop", "Parent Relationship": "Inner", "Join Type": "Inner", "Startup Cost": 4.77, "Total Cost": 128415.58, "Plan Rows": 1561, "Plan Width": 54, "Actual Startup Time": 0.844, "Actual Total Time": 1967.284, "Actual Rows": 95896, "Actual Loops": 1, "Inner Unique": false, "Plans": [{"Node Type": "Nested Loop", "Parent Relationship": "Outer", "Join Type": "Inner", "Startup Cost": 4.39, "Total Cost": 127093.19, "Plan Rows": 294, "Plan Width": 4, "Actual Startup Time": 0.821, "Actual Total Time": 1803.172, "Actual Rows": 6719, "Actual Loops": 1, "Inner Unique": false, "Plans": [{"Node Type": "Seq Scan", "Parent Relationship": "Outer", "Relation Name": "name", "Alias": "n", "Startup Cost": 0.0, "Total Cost": 113909.35, "Plan Rows": 173, "Plan Width": 4, "Actual Startup Time": 0.239, "Actual Total Time": 1652.247, "Actual Rows": 9062, "Actual Loops": 1, "Filter": "(((name)::text ~~ '%Tim%'::text) AND ((gender)::text = 'm'::text))", "Rows Removed by Filter": 4158428}, {"Node Type": "Bitmap Heap Scan", "Parent Relationship": "Inner", "Relation Name": "cast_info", "Alias": "ci", "Startup Cost": 4.39, "Total Cost": 76.19, "Plan Rows": 2, "Plan Width": 8, "Actual Startup Time": 122.025, "Actual Total Time": 137.254, "Actual Rows": 6719, "Actual Loops": 9062, "Recheck Cond": "(person_id = n.id)", "Rows Removed by Index Recheck": 0, "Filter": "((note)::text = ANY ('{(producer),\"(executive producer)\"}'::text[]))", "Rows Removed by Filter": 89309, "Exact Heap Blocks": 13336, "Lossy Heap Blocks": 13336, "Plans": [{"Node Type": "Bitmap Index Scan", "Parent Relationship": "Outer", "Index Name": "person_id_cast_info", "Startup Cost": 0.0, "Total Cost": 4.38, "Plan Rows": 18, "Plan Width": 0, "Actual Startup Time": 57.763, "Actual Total Time": 57.763, "Actual Rows": 96028, "Actual Loops": 9062, "Index Cond": "(person_id = n.id)"}]}]}, {"Node Type": "Bitmap Heap Scan", "Parent Relationship": "Inner", "Relation Name": "movie_info", "Alias": "mi", "Startup Cost": 0.39, "Total Cost": 4.45, "Plan Rows": 5, "Plan Width": 50, "Actual Startup Time": 60.548, "Actual Total Time": 134.739, "Actual Rows": 95896, "Actual Loops": 6719, "Recheck Cond": "(movie_id = ci.movie_id)", "Rows Removed by Index Recheck": 0, "Exact Heap Blocks": 40013, "Lossy Heap Blocks": 40013, "Plans": [{"Node Type": "Bitmap Index Scan", "Parent Relationship": "Outer", "Index Name": "movie_id_movie_info", "Startup Cost": 0.0, "Total Cost": 0.38, "Plan Rows": 5, "Plan Width": 0, "Actual Startup Time": 42.093, "Actual Total Time": 42.093, "Actual Rows": 95896, "Actual Loops": 6719, "Index Cond": "(movie_id = ci.movie_id)"}]}]}]}, {"Node Type": "Bitmap Heap Scan", "Parent Relationship": "Inner", "Relation Name": "movie_info_idx", "Alias": "mi_idx", "Startup Cost": 0.27, "Total Cost": 4.29, "Plan Rows": 2, "Plan Width": 13, "Actual Startup Time": 5.93, "Actual Total Time": 6.12, "Actual Rows": 1235, "Actual Loops": 699, "Recheck Cond": "(movie_id = mi.movie_id)", "Rows Removed by Index Recheck": 0, "Exact Heap Blocks": 419, "Lossy Heap Blocks": 419, "Plans": [{"Node Type": "Bitmap Index Scan", "Parent Relationship": "Outer", "Index Name": "movie_id_movie_info_idx", "Startup Cost": 0.0, "Total Cost": 0.27, "Plan Rows": 2, "Plan Width": 0, "Actual Startup Time": 4.248, "Actual Total Time": 4.248, "Actual Rows": 1235, "Actual Loops": 699, "Index Cond": "(movie_id = mi.movie_id)"}]}]}, {"Node Type": "Bitmap Heap Scan", "Parent Relationship": "Inner", "Relation Name": "title", "Alias": "t", "Startup Cost": 0.26, "Total Cost": 4.27, "Plan Rows": 1, "Plan Width": 21, "Actual Startup Time": 7.01, "Actual Total Time": 7.01, "Actual Rows": 1235, "Actual Loops": 1235, "Recheck Cond": "(id = mi.movie_id)", "Rows Removed by Index Recheck": 0, "Exact Heap Blocks": 1235, "Lossy Heap Blocks": 1235, "Plans": [{"Node Type": "Bitmap Index Scan", "Parent Relationship": "Outer", "Index Name": "title_pkey", "Startup Cost": 0.0, "Total Cost": 0.26, "Plan Rows": 1, "Plan Width": 0, "Actual Startup Time": 4.583, "Actual Total Time": 4.583, "Actual Rows": 1235, "Actual Loops": 1235, "Index Cond": "(id = mi.movie_id)"}]}]}]}]}, "Triggers": [], "Planner Runtime": 34.462, "Total Runtime": 2006.243, "Unique SQL Id": 4264520866}}, "(1, '3')": {"explain_plan": {"Plan": {"Node Type": "Aggregate", "Strategy": "Plain", "Startup Cost": 1000014018806.1, "Total Cost": 1000014018806.11, "Plan Rows": 1, "Plan Width": 160, "Plans": [{"Node Type": "Nested Loop", "Parent Relationship": "Outer", "Join Type": "Inner", "Startup Cost": 10000000002.15, "Total Cost": 1000014018806.04, "Plan Rows": 8, "Plan Width": 64, "Inner Unique": true, "Plans": [{"Node Type": "Nested Loop", "Parent Relationship": "Outer", "Join Type": "Inner", "Startup Cost": 10000000001.89, "Total Cost": 1000014018767.49, "Plan Rows": 9, "Plan Width": 59, "Inner Unique": true, "Plans": [{"Node Type": "Nested Loop", "Parent Relationship": "Outer", "Join Type": "Inner", "Startup Cost": 10000000001.63, "Total Cost": 1000014017572.6, "Plan Rows": 279, "Plan Width": 63, "Inner Unique": false, "Join Filter": "(mi_idx.movie_id = mi.movie_id)", "Plans": [{"Node Type": "Nested Loop", "Parent Relationship": "Outer", "Join Type": "Inner", "Startup Cost": 10000000001.24, "Total Cost": 1000014017338.06, "Plan Rows": 52, "Plan Width": 13, "Inner Unique": true, "Plans": [{"Node Type": "Nested Loop", "Parent Relationship": "Outer", "Join Type": "Inner", "Startup Cost": 10000000000.96, "Total Cost": 1000012216357.19, "Plan Rows": 417690, "Plan Width": 17, "Inner Unique": false, "Plans": [{"Node Type": "Nested Loop", "Parent Relationship": "Outer", "Join Type": "Inner", "Startup Cost": 10000000000.26, "Total Cost": 1000010560383.98, "Plan Rows": 345008, "Plan Width": 9, "Inner Unique": true, "Plans": [{"Node Type": "Index Scan", "Parent Relationship": "Outer", "Scan Direction": "Forward", "Index Name": "movie_id_movie_info_idx", "Relation Name": "movie_info_idx", "Alias": "mi_idx", "Startup Cost": 10000000000.0, "Total Cost": 1000004650035.37, "Plan Rows": 1380034, "Plan Width": 13}, {"Node Type": "Bitmap Heap Scan", "Parent Relationship": "Inner", "Relation Name": "info_type", "Alias": "it2", "Startup Cost": 0.26, "Total Cost": 4.27, "Plan Rows": 1, "Plan Width": 4, "Recheck Cond": "(id = mi_idx.info_type_id)", "Filter": "((info)::text = 'votes'::text)", "Plans": [{"Node Type": "Bitmap Index Scan", "Parent Relationship": "Outer", "Index Name": "info_type_pkey", "Startup Cost": 0.0, "Total Cost": 0.26, "Plan Rows": 1, "Plan Width": 0, "Index Cond": "(id = mi_idx.info_type_id)"}]}]}, {"Node Type": "Bitmap Heap Scan", "Parent Relationship": "Inner", "Relation Name": "cast_info", "Alias": "ci", "Startup Cost": 0.7, "Total Cost": 4.79, "Plan Rows": 1, "Plan Width": 8, "Recheck Cond": "(movie_id = mi_idx.movie_id)", "Filter": "((note)::text = ANY ('{(producer),\"(executive producer)\"}'::text[]))", "Plans": [{"Node Type": "Bitmap Index Scan", "Parent Relationship": "Outer", "Index Name": "movie_id_cast_info", "Startup Cost": 0.0, "Total Cost": 0.7, "Plan Rows": 6, "Plan Width": 0, "Index Cond": "(movie_id = mi_idx.movie_id)"}]}]}, {"Node Type": "Bitmap Heap Scan", "Parent Relationship": "Inner", "Relation Name": "name", "Alias": "n", "Startup Cost": 0.28, "Total Cost": 4.3, "Plan Rows": 1, "Plan Width": 4, "Recheck Cond": "(id = ci.person_id)", "Filter": "(((name)::text ~~ '%Tim%'::text) AND ((gender)::text = 'm'::text))", "Plans": [{"Node Type": "Bitmap Index Scan", "Parent Relationship": "Outer", "Index Name": "name_pkey", "Startup Cost": 0.0, "Total Cost": 0.28, "Plan Rows": 1, "Plan Width": 0, "Index Cond": "(id = ci.person_id)"}]}]}, {"Node Type": "Bitmap Heap Scan", "Parent Relationship": "Inner", "Relation Name": "movie_info", "Alias": "mi", "Startup Cost": 0.39, "Total Cost": 4.45, "Plan Rows": 5, "Plan Width": 50, "Recheck Cond": "(movie_id = ci.movie_id)", "Plans": [{"Node Type": "Bitmap Index Scan", "Parent Relationship": "Outer", "Index Name": "movie_id_movie_info", "Startup Cost": 0.0, "Total Cost": 0.38, "Plan Rows": 5, "Plan Width": 0, "Index Cond": "(movie_id = ci.movie_id)"}]}]}, {"Node Type": "Bitmap Heap Scan", "Parent Relationship": "Inner", "Relation Name": "info_type", "Alias": "it1", "Startup Cost": 0.26, "Total Cost": 4.27, "Plan Rows": 1, "Plan Width": 4, "Recheck Cond": "(id = mi.info_type_id)", "Filter": "((info)::text = 'budget'::text)", "Plans": [{"Node Type": "Bitmap Index Scan", "Parent Relationship": "Outer", "Index Name": "info_type_pkey", "Startup Cost": 0.0, "Total Cost": 0.26, "Plan Rows": 1, "Plan Width": 0, "Index Cond": "(id = mi.info_type_id)"}]}]}, {"Node Type": "Bitmap Heap Scan", "Parent Relationship": "Inner", "Relation Name": "title", "Alias": "t", "Startup Cost": 0.26, "Total Cost": 4.27, "Plan Rows": 1, "Plan Width": 21, "Recheck Cond": "(id = mi.movie_id)", "Plans": [{"Node Type": "Bitmap Index Scan", "Parent Relationship": "Outer", "Index Name": "title_pkey", "Startup Cost": 0.0, "Total Cost": 0.26, "Plan Rows": 1, "Plan Width": 0, "Index Cond": "(id = mi.movie_id)"}]}]}]}, "Unique SQL Id": 4264520866, "Planner Runtime": 10}, "explain_analyze_plan": null}, "(1, '4')": {"explain_plan": {"Plan": {"Node Type": "Aggregate", "Strategy": "Plain", "Startup Cost": 121637.45, "Total Cost": 121637.46, "Plan Rows": 1, "Plan Width": 160, "Plans": [{"Node Type": "Nested Loop", "Parent Relationship": "Outer", "Join Type": "Inner", "Startup Cost": 0.0, "Total Cost": 121637.38, "Plan Rows": 9, "Plan Width": 64, "Inner Unique": true, "Plans": [{"Node Type": "Nested Loop", "Parent Relationship": "Outer", "Join Type": "Inner", "Startup Cost": 0.0, "Total Cost": 121634.76, "Plan Rows": 9, "Plan Width": 59, "Inner Unique": false, "Join Filter": "(mi.info_type_id = it1.id)", "Plans": [{"Node Type": "Seq Scan", "Parent Relationship": "Outer", "Relation Name": "info_type", "Alias": "it1", "Startup Cost": 0.0, "Total Cost": 2.4, "Plan Rows": 1, "Plan Width": 4, "Filter": "((info)::text = 'budget'::text)"}, {"Node Type": "Nested Loop", "Parent Relationship": "Inner", "Join Type": "Inner", "Startup Cost": 0.0, "Total Cost": 121628.87, "Plan Rows": 279, "Plan Width": 63, "Inner Unique": false, "Join Filter": "(mi_idx.movie_id = mi.movie_id)", "Plans": [{"Node Type": "Nested Loop", "Parent Relationship": "Outer", "Join Type": "Inner", "Startup Cost": 0.0, "Total Cost": 121455.23, "Plan Rows": 228, "Plan Width": 13, "Inner Unique": false, "Join Filter": "(mi_idx.info_type_id = it2.id)", "Plans": [{"Node Type": "Seq Scan", "Parent Relationship": "Outer", "Relation Name": "info_type", "Alias": "it2", "Startup Cost": 0.0, "Total Cost": 2.4, "Plan Rows": 1, "Plan Width": 4, "Filter": "((info)::text = 'votes'::text)"}, {"Node Type": "Nested Loop", "Parent Relationship": "Inner", "Join Type": "Inner", "Startup Cost": 0.0, "Total Cost": 121448.51, "Plan Rows": 346, "Plan Width": 17, "Inner Unique": false, "Plans": [{"Node Type": "Nested Loop", "Parent Relationship": "Outer", "Join Type": "Inner", "Startup Cost": 0.0, "Total Cost": 121351.72, "Plan Rows": 294, "Plan Width": 4, "Inner Unique": false, "Plans": [{"Node Type": "Seq Scan", "Parent Relationship": "Outer", "Relation Name": "name", "Alias": "n", "Startup Cost": 0.0, "Total Cost": 113909.35, "Plan Rows": 173, "Plan Width": 4, "Filter": "(((name)::text ~~ '%Tim%'::text) AND ((gender)::text = 'm'::text))"}, {"Node Type": "Index Scan", "Parent Relationship": "Inner", "Scan Direction": "Forward", "Index Name": "person_id_cast_info", "Relation Name": "cast_info", "Alias": "ci", "Startup Cost": 0.0, "Total Cost": 43.0, "Plan Rows": 2, "Plan Width": 8, "Index Cond": "(person_id = n.id)", "Filter": "((note)::text = ANY ('{(producer),\"(executive producer)\"}'::text[]))"}]}, {"Node Type": "Index Scan", "Parent Relationship": "Inner", "Scan Direction": "Forward", "Index Name": "movie_id_movie_info_idx", "Relation Name": "movie_info_idx", "Alias": "mi_idx", "Startup Cost": 0.0, "Total Cost": 0.31, "Plan Rows": 2, "Plan Width": 13, "Index Cond": "(movie_id = ci.movie_id)"}]}]}, {"Node Type": "Index Scan", "Parent Relationship": "Inner", "Scan Direction": "Forward", "Index Name": "movie_id_movie_info", "Relation Name": "movie_info", "Alias": "mi", "Startup Cost": 0.0, "Total Cost": 0.7, "Plan Rows": 5, "Plan Width": 50, "Index Cond": "(movie_id = ci.movie_id)"}]}]}, {"Node Type": "Index Scan", "Parent Relationship": "Inner", "Scan Direction": "Forward", "Index Name": "title_pkey", "Relation Name": "title", "Alias": "t", "Startup Cost": 0.0, "Total Cost": 0.28, "Plan Rows": 1, "Plan Width": 21, "Index Cond": "(id = mi.movie_id)"}]}]}, "Unique SQL Id": 4264520866, "Planner Runtime": 38}, "explain_analyze_plan": {"Plan": {"Node Type": "Aggregate", "Strategy": "Plain", "Startup Cost": 121637.45, "Total Cost": 121637.46, "Plan Rows": 1, "Plan Width": 160, "Actual Startup Time": 1954.488, "Actual Total Time": 1954.489, "Actual Rows": 1, "Actual Loops": 1, "Plans": [{"Node Type": "Nested Loop", "Parent Relationship": "Outer", "Join Type": "Inner", "Startup Cost": 0.0, "Total Cost": 121637.38, "Plan Rows": 9, "Plan Width": 64, "Actual Startup Time": 1.0, "Actual Total Time": 1953.532, "Actual Rows": 410, "Actual Loops": 1, "Inner Unique": true, "Plans": [{"Node Type": "Nested Loop", "Parent Relationship": "Outer", "Join Type": "Inner", "Startup Cost": 0.0, "Total Cost": 121634.76, "Plan Rows": 9, "Plan Width": 59, "Actual Startup Time": 0.987, "Actual Total Time": 1949.496, "Actual Rows": 410, "Actual Loops": 1, "Inner Unique": false, "Join Filter": "(mi.info_type_id = it1.id)", "Rows Removed by Join Filter": 81998, "Plans": [{"Node Type": "Seq Scan", "Parent Relationship": "Outer", "Relation Name": "info_type", "Alias": "it1", "Startup Cost": 0.0, "Total Cost": 2.4, "Plan Rows": 1, "Plan Width": 4, "Actual Startup Time": 0.069, "Actual Total Time": 0.084, "Actual Rows": 1, "Actual Loops": 1, "Filter": "((info)::text = 'budget'::text)", "Rows Removed by Filter": 111}, {"Node Type": "Nested Loop", "Parent Relationship": "Inner", "Join Type": "Inner", "Startup Cost": 0.0, "Total Cost": 121628.87, "Plan Rows": 279, "Plan Width": 63, "Actual Startup Time": 0.883, "Actual Total Time": 1933.384, "Actual Rows": 82408, "Actual Loops": 1, "Inner Unique": false, "Join Filter": "(mi_idx.movie_id = mi.movie_id)", "Rows Removed by Join Filter": 0, "Plans": [{"Node Type": "Nested Loop", "Parent Relationship": "Outer", "Join Type": "Inner", "Startup Cost": 0.0, "Total Cost": 121455.23, "Plan Rows": 228, "Plan Width": 13, "Actual Startup Time": 0.867, "Actual Total Time": 1815.546, "Actual Rows": 3435, "Actual Loops": 1, "Inner Unique": false, "Join Filter": "(mi_idx.info_type_id = it2.id)", "Rows Removed by Join Filter": 6875, "Plans": [{"Node Type": "Seq Scan", "Parent Relationship": "Outer", "Relation Name": "info_type", "Alias": "it2", "Startup Cost": 0.0, "Total Cost": 2.4, "Plan Rows": 1, "Plan Width": 4, "Actual Startup Time": 0.051, "Actual Total Time": 0.073, "Actual Rows": 1, "Actual Loops": 1, "Filter": "((info)::text = 'votes'::text)", "Rows Removed by Filter": 111}, {"Node Type": "Nested Loop", "Parent Relationship": "Inner", "Join Type": "Inner", "Startup Cost": 0.0, "Total Cost": 121448.51, "Plan Rows": 346, "Plan Width": 17, "Actual Startup Time": 0.809, "Actual Total Time": 1812.731, "Actual Rows": 10310, "Actual Loops": 1, "Inner Unique": false, "Plans": [{"Node Type": "Nested Loop", "Parent Relationship": "Outer", "Join Type": "Inner", "Startup Cost": 0.0, "Total Cost": 121351.72, "Plan Rows": 294, "Plan Width": 4, "Actual Startup Time": 0.794, "Actual Total Time": 1776.866, "Actual Rows": 6719, "Actual Loops": 1, "Inner Unique": false, "Plans": [{"Node Type": "Seq Scan", "Parent Relationship": "Outer", "Relation Name": "name", "Alias": "n", "Startup Cost": 0.0, "Total Cost": 113909.35, "Plan Rows": 173, "Plan Width": 4, "Actual Startup Time": 0.238, "Actual Total Time": 1643.764, "Actual Rows": 9062, "Actual Loops": 1, "Filter": "(((name)::text ~~ '%Tim%'::text) AND ((gender)::text = 'm'::text))", "Rows Removed by Filter": 4158428}, {"Node Type": "Index Scan", "Parent Relationship": "Inner", "Scan Direction": "Forward", "Index Name": "person_id_cast_info", "Relation Name": "cast_info", "Alias": "ci", "Startup Cost": 0.0, "Total Cost": 43.0, "Plan Rows": 2, "Plan Width": 8, "Actual Startup Time": 107.321, "Actual Total Time": 126.088, "Actual Rows": 6719, "Actual Loops": 9062, "Index Cond": "(person_id = n.id)", "Rows Removed by Index Recheck": 0, "Filter": "((note)::text = ANY ('{(producer),\"(executive producer)\"}'::text[]))", "Rows Removed by Filter": 89309}]}, {"Node Type": "Index Scan", "Parent Relationship": "Inner", "Scan Direction": "Forward", "Index Name": "movie_id_movie_info_idx", "Relation Name": "movie_info_idx", "Alias": "mi_idx", "Startup Cost": 0.0, "Total Cost": 0.31, "Plan Rows": 2, "Plan Width": 13, "Actual Startup Time": 25.852, "Actual Total Time": 29.746, "Actual Rows": 10310, "Actual Loops": 6719, "Index Cond": "(movie_id = ci.movie_id)", "Rows Removed by Index Recheck": 0}]}]}, {"Node Type": "Index Scan", "Parent Relationship": "Inner", "Scan Direction": "Forward", "Index Name": "movie_id_movie_info", "Relation Name": "movie_info", "Alias": "mi", "Startup Cost": 0.0, "Total Cost": 0.7, "Plan Rows": 5, "Plan Width": 50, "Actual Startup Time": 22.744, "Actual Total Time": 88.53, "Actual Rows": 82408, "Actual Loops": 3435, "Index Cond": "(movie_id = ci.movie_id)", "Rows Removed by Index Recheck": 0}]}]}, {"Node Type": "Index Scan", "Parent Relationship": "Inner", "Scan Direction": "Forward", "Index Name": "title_pkey", "Relation Name": "title", "Alias": "t", "Startup Cost": 0.0, "Total Cost": 0.28, "Plan Rows": 1, "Plan Width": 21, "Actual Startup Time": 3.368, "Actual Total Time": 3.368, "Actual Rows": 410, "Actual Loops": 410, "Index Cond": "(id = mi.movie_id)", "Rows Removed by Index Recheck": 0}]}]}, "Triggers": [], "Planner Runtime": 38.113, "Total Runtime": 1954.789, "Unique SQL Id": 4264520866}}, "(1, '5')": {"explain_plan": {"Plan": {"Node Type": "Aggregate", "Strategy": "Plain", "Startup Cost": 204820.44, "Total Cost": 204820.45, "Plan Rows": 1, "Plan Width": 160, "Plans": [{"Node Type": "Nested Loop", "Parent Relationship": "Outer", "Join Type": "Inner", "Startup Cost": 0.0, "Total Cost": 204820.38, "Plan Rows": 9, "Plan Width": 64, "Inner Unique": true, "Plans": [{"Node Type": "Nested Loop", "Parent Relationship": "Outer", "Join Type": "Inner", "Startup Cost": 0.0, "Total Cost": 204817.75, "Plan Rows": 9, "Plan Width": 59, "Inner Unique": true, "Plans": [{"Node Type": "Nested Loop", "Parent Relationship": "Outer", "Join Type": "Inner", "Startup Cost": 0.0, "Total Cost": 204808.14, "Plan Rows": 34, "Plan Width": 63, "Inner Unique": false, "Plans": [{"Node Type": "Nested Loop", "Parent Relationship": "Outer", "Join Type": "Inner", "Startup Cost": 0.0, "Total Cost": 204766.51, "Plan Rows": 133, "Plan Width": 50, "Inner Unique": false, "Join Filter": "(mi.info_type_id = it1.id)", "Plans": [{"Node Type": "Index Scan", "Parent Relationship": "Outer", "Scan Direction": "Forward", "Index Name": "info_type_pkey", "Relation Name": "info_type", "Alias": "it1", "Startup Cost": 0.0, "Total Cost": 14.21, "Plan Rows": 1, "Plan Width": 4, "Filter": "((info)::text = 'budget'::text)"}, {"Node Type": "Nested Loop", "Parent Relationship": "Inner", "Join Type": "Inner", "Startup Cost": 0.0, "Total Cost": 204732.79, "Plan Rows": 1561, "Plan Width": 54, "Inner Unique": false, "Plans": [{"Node Type": "Nested Loop", "Parent Relationship": "Outer", "Join Type": "Inner", "Startup Cost": 0.0, "Total Cost": 204512.56, "Plan Rows": 294, "Plan Width": 4, "Inner Unique": false, "Plans": [{"Node Type": "Index Scan", "Parent Relationship": "Outer", "Scan Direction": "Forward", "Index Name": "name_pkey", "Relation Name": "name", "Alias": "n", "Startup Cost": 0.0, "Total Cost": 197070.2, "Plan Rows": 173, "Plan Width": 4, "Filter": "(((name)::text ~~ '%Tim%'::text) AND ((gender)::text = 'm'::text))"}, {"Node Type": "Index Scan", "Parent Relationship": "Inner", "Scan Direction": "Forward", "Index Name": "person_id_cast_info", "Relation Name": "cast_info", "Alias": "ci", "Startup Cost": 0.0, "Total Cost": 43.0, "Plan Rows": 2, "Plan Width": 8, "Index Cond": "(person_id = n.id)", "Filter": "((note)::text = ANY ('{(producer),\"(executive producer)\"}'::text[]))"}]}, {"Node Type": "Index Scan", "Parent Relationship": "Inner", "Scan Direction": "Forward", "Index Name": "movie_id_movie_info", "Relation Name": "movie_info", "Alias": "mi", "Startup Cost": 0.0, "Total Cost": 0.7, "Plan Rows": 5, "Plan Width": 50, "Index Cond": "(movie_id = ci.movie_id)"}]}]}, {"Node Type": "Index Scan", "Parent Relationship": "Inner", "Scan Direction": "Forward", "Index Name": "movie_id_movie_info_idx", "Relation Name": "movie_info_idx", "Alias": "mi_idx", "Startup Cost": 0.0, "Total Cost": 0.29, "Plan Rows": 2, "Plan Width": 13, "Index Cond": "(movie_id = mi.movie_id)"}]}, {"Node Type": "Index Scan", "Parent Relationship": "Inner", "Scan Direction": "Forward", "Index Name": "info_type_pkey", "Relation Name": "info_type", "Alias": "it2", "Startup Cost": 0.0, "Total Cost": 0.27, "Plan Rows": 1, "Plan Width": 4, "Index Cond": "(id = mi_idx.info_type_id)", "Filter": "((info)::text = 'votes'::text)"}]}, {"Node Type": "Index Scan", "Parent Relationship": "Inner", "Scan Direction": "Forward", "Index Name": "title_pkey", "Relation Name": "title", "Alias": "t", "Startup Cost": 0.0, "Total Cost": 0.28, "Plan Rows": 1, "Plan Width": 21, "Index Cond": "(id = mi.movie_id)"}]}]}, "Unique SQL Id": 4264520866, "Planner Runtime": 32}, "explain_analyze_plan": null}, "(1, '6')": {"explain_plan": {"Plan": {"Node Type": "Aggregate", "Strategy": "Plain", "Startup Cost": 129159.71, "Total Cost": 129159.72, "Plan Rows": 1, "Plan Width": 160, "Plans": [{"Node Type": "Nested Loop", "Parent Relationship": "Outer", "Join Type": "Inner", "Startup Cost": 5.3, "Total Cost": 129159.37, "Plan Rows": 46, "Plan Width": 64, "Inner Unique": false, "Join Filter": "(mi_idx.info_type_id = it2.id)", "Plans": [{"Node Type": "Seq Scan", "Parent Relationship": "Outer", "Relation Name": "info_type", "Alias": "it2", "Startup Cost": 0.0, "Total Cost": 2.4, "Plan Rows": 1, "Plan Width": 4, "Filter": "((info)::text = 'votes'::text)"}, {"Node Type": "Nested Loop", "Parent Relationship": "Inner", "Join Type": "Inner", "Startup Cost": 5.3, "Total Cost": 129156.58, "Plan Rows": 31, "Plan Width": 68, "Inner Unique": true, "Plans": [{"Node Type": "Nested Loop", "Parent Relationship": "Outer", "Join Type": "Inner", "Startup Cost": 5.04, "Total Cost": 129010.97, "Plan Rows": 34, "Plan Width": 63, "Inner Unique": false, "Plans": [{"Node Type": "Nested Loop", "Parent Relationship": "Outer", "Join Type": "Inner", "Startup Cost": 4.77, "Total Cost": 128437.5, "Plan Rows": 133, "Plan Width": 50, "Inner Unique": false, "Join Filter": "(mi.info_type_id = it1.id)", "Plans": [{"Node Type": "Seq Scan", "Parent Relationship": "Outer", "Relation Name": "info_type", "Alias": "it1", "Startup Cost": 0.0, "Total Cost": 2.4, "Plan Rows": 1, "Plan Width": 4, "Filter": "((info)::text = 'budget'::text)"}, {"Node Type": "Nested Loop", "Parent Relationship": "Inner", "Join Type": "Inner", "Startup Cost": 4.77, "Total Cost": 128415.58, "Plan Rows": 1561, "Plan Width": 54, "Inner Unique": false, "Plans": [{"Node Type": "Nested Loop", "Parent Relationship": "Outer", "Join Type": "Inner", "Startup Cost": 4.39, "Total Cost": 127093.19, "Plan Rows": 294, "Plan Width": 4, "Inner Unique": false, "Plans": [{"Node Type": "Seq Scan", "Parent Relationship": "Outer", "Relation Name": "name", "Alias": "n", "Startup Cost": 0.0, "Total Cost": 113909.35, "Plan Rows": 173, "Plan Width": 4, "Filter": "(((name)::text ~~ '%Tim%'::text) AND ((gender)::text = 'm'::text))"}, {"Node Type": "Bitmap Heap Scan", "Parent Relationship": "Inner", "Relation Name": "cast_info", "Alias": "ci", "Startup Cost": 4.39, "Total Cost": 76.19, "Plan Rows": 2, "Plan Width": 8, "Recheck Cond": "(person_id = n.id)", "Filter": "((note)::text = ANY ('{(producer),\"(executive producer)\"}'::text[]))", "Plans": [{"Node Type": "Bitmap Index Scan", "Parent Relationship": "Outer", "Index Name": "person_id_cast_info", "Startup Cost": 0.0, "Total Cost": 4.38, "Plan Rows": 18, "Plan Width": 0, "Index Cond": "(person_id = n.id)"}]}]}, {"Node Type": "Bitmap Heap Scan", "Parent Relationship": "Inner", "Relation Name": "movie_info", "Alias": "mi", "Startup Cost": 0.39, "Total Cost": 4.45, "Plan Rows": 5, "Plan Width": 50, "Recheck Cond": "(movie_id = ci.movie_id)", "Plans": [{"Node Type": "Bitmap Index Scan", "Parent Relationship": "Outer", "Index Name": "movie_id_movie_info", "Startup Cost": 0.0, "Total Cost": 0.38, "Plan Rows": 5, "Plan Width": 0, "Index Cond": "(movie_id = ci.movie_id)"}]}]}]}, {"Node Type": "Bitmap Heap Scan", "Parent Relationship": "Inner", "Relation Name": "movie_info_idx", "Alias": "mi_idx", "Startup Cost": 0.27, "Total Cost": 4.29, "Plan Rows": 2, "Plan Width": 13, "Recheck Cond": "(movie_id = mi.movie_id)", "Plans": [{"Node Type": "Bitmap Index Scan", "Parent Relationship": "Outer", "Index Name": "movie_id_movie_info_idx", "Startup Cost": 0.0, "Total Cost": 0.27, "Plan Rows": 2, "Plan Width": 0, "Index Cond": "(movie_id = mi.movie_id)"}]}]}, {"Node Type": "Bitmap Heap Scan", "Parent Relationship": "Inner", "Relation Name": "title", "Alias": "t", "Startup Cost": 0.26, "Total Cost": 4.27, "Plan Rows": 1, "Plan Width": 21, "Recheck Cond": "(id = mi.movie_id)", "Plans": [{"Node Type": "Bitmap Index Scan", "Parent Relationship": "Outer", "Index Name": "title_pkey", "Startup Cost": 0.0, "Total Cost": 0.26, "Plan Rows": 1, "Plan Width": 0, "Index Cond": "(id = mi.movie_id)"}]}]}]}]}, "Unique SQL Id": 4264520866, "Planner Runtime": 34}, "explain_analyze_plan": {"Plan": {"Node Type": "Aggregate", "Strategy": "Plain", "Startup Cost": 129159.71, "Total Cost": 129159.72, "Plan Rows": 1, "Plan Width": 160, "Actual Startup Time": 2005.884, "Actual Total Time": 2005.885, "Actual Rows": 1, "Actual Loops": 1, "Plans": [{"Node Type": "Nested Loop", "Parent Relationship": "Outer", "Join Type": "Inner", "Startup Cost": 5.3, "Total Cost": 129159.37, "Plan Rows": 46, "Plan Width": 64, "Actual Startup Time": 1.019, "Actual Total Time": 2004.683, "Actual Rows": 410, "Actual Loops": 1, "Inner Unique": false, "Join Filter": "(mi_idx.info_type_id = it2.id)", "Rows Removed by Join Filter": 825, "Plans": [{"Node Type": "Seq Scan", "Parent Relationship": "Outer", "Relation Name": "info_type", "Alias": "it2", "Startup Cost": 0.0, "Total Cost": 2.4, "Plan Rows": 1, "Plan Width": 4, "Actual Startup Time": 0.056, "Actual Total Time": 0.071, "Actual Rows": 1, "Actual Loops": 1, "Filter": "((info)::text = 'votes'::text)", "Rows Removed by Filter": 111}, {"Node Type": "Nested Loop", "Parent Relationship": "Inner", "Join Type": "Inner", "Startup Cost": 5.3, "Total Cost": 129156.58, "Plan Rows": 31, "Plan Width": 68, "Actual Startup Time": 0.948, "Actual Total Time": 2004.068, "Actual Rows": 1235, "Actual Loops": 1, "Inner Unique": true, "Plans": [{"Node Type": "Nested Loop", "Parent Relationship": "Outer", "Join Type": "Inner", "Startup Cost": 5.04, "Total Cost": 129010.97, "Plan Rows": 34, "Plan Width": 63, "Actual Startup Time": 0.933, "Actual Total Time": 1994.977, "Actual Rows": 1235, "Actual Loops": 1, "Inner Unique": false, "Plans": [{"Node Type": "Nested Loop", "Parent Relationship": "Outer", "Join Type": "Inner", "Startup Cost": 4.77, "Total Cost": 128437.5, "Plan Rows": 133, "Plan Width": 50, "Actual Startup Time": 0.917, "Actual Total Time": 1987.181, "Actual Rows": 699, "Actual Loops": 1, "Inner Unique": false, "Join Filter": "(mi.info_type_id = it1.id)", "Rows Removed by Join Filter": 95197, "Plans": [{"Node Type": "Seq Scan", "Parent Relationship": "Outer", "Relation Name": "info_type", "Alias": "it1", "Startup Cost": 0.0, "Total Cost": 2.4, "Plan Rows": 1, "Plan Width": 4, "Actual Startup Time": 0.042, "Actual Total Time": 0.06, "Actual Rows": 1, "Actual Loops": 1, "Filter": "((info)::text = 'budget'::text)", "Rows Removed by Filter": 111}, {"Node Type": "Nested Loop", "Parent Relationship": "Inner", "Join Type": "Inner", "Startup Cost": 4.77, "Total Cost": 128415.58, "Plan Rows": 1561, "Plan Width": 54, "Actual Startup Time": 0.844, "Actual Total Time": 1967.284, "Actual Rows": 95896, "Actual Loops": 1, "Inner Unique": false, "Plans": [{"Node Type": "Nested Loop", "Parent Relationship": "Outer", "Join Type": "Inner", "Startup Cost": 4.39, "Total Cost": 127093.19, "Plan Rows": 294, "Plan Width": 4, "Actual Startup Time": 0.821, "Actual Total Time": 1803.172, "Actual Rows": 6719, "Actual Loops": 1, "Inner Unique": false, "Plans": [{"Node Type": "Seq Scan", "Parent Relationship": "Outer", "Relation Name": "name", "Alias": "n", "Startup Cost": 0.0, "Total Cost": 113909.35, "Plan Rows": 173, "Plan Width": 4, "Actual Startup Time": 0.239, "Actual Total Time": 1652.247, "Actual Rows": 9062, "Actual Loops": 1, "Filter": "(((name)::text ~~ '%Tim%'::text) AND ((gender)::text = 'm'::text))", "Rows Removed by Filter": 4158428}, {"Node Type": "Bitmap Heap Scan", "Parent Relationship": "Inner", "Relation Name": "cast_info", "Alias": "ci", "Startup Cost": 4.39, "Total Cost": 76.19, "Plan Rows": 2, "Plan Width": 8, "Actual Startup Time": 122.025, "Actual Total Time": 137.254, "Actual Rows": 6719, "Actual Loops": 9062, "Recheck Cond": "(person_id = n.id)", "Rows Removed by Index Recheck": 0, "Filter": "((note)::text = ANY ('{(producer),\"(executive producer)\"}'::text[]))", "Rows Removed by Filter": 89309, "Exact Heap Blocks": 13336, "Lossy Heap Blocks": 13336, "Plans": [{"Node Type": "Bitmap Index Scan", "Parent Relationship": "Outer", "Index Name": "person_id_cast_info", "Startup Cost": 0.0, "Total Cost": 4.38, "Plan Rows": 18, "Plan Width": 0, "Actual Startup Time": 57.763, "Actual Total Time": 57.763, "Actual Rows": 96028, "Actual Loops": 9062, "Index Cond": "(person_id = n.id)"}]}]}, {"Node Type": "Bitmap Heap Scan", "Parent Relationship": "Inner", "Relation Name": "movie_info", "Alias": "mi", "Startup Cost": 0.39, "Total Cost": 4.45, "Plan Rows": 5, "Plan Width": 50, "Actual Startup Time": 60.548, "Actual Total Time": 134.739, "Actual Rows": 95896, "Actual Loops": 6719, "Recheck Cond": "(movie_id = ci.movie_id)", "Rows Removed by Index Recheck": 0, "Exact Heap Blocks": 40013, "Lossy Heap Blocks": 40013, "Plans": [{"Node Type": "Bitmap Index Scan", "Parent Relationship": "Outer", "Index Name": "movie_id_movie_info", "Startup Cost": 0.0, "Total Cost": 0.38, "Plan Rows": 5, "Plan Width": 0, "Actual Startup Time": 42.093, "Actual Total Time": 42.093, "Actual Rows": 95896, "Actual Loops": 6719, "Index Cond": "(movie_id = ci.movie_id)"}]}]}]}, {"Node Type": "Bitmap Heap Scan", "Parent Relationship": "Inner", "Relation Name": "movie_info_idx", "Alias": "mi_idx", "Startup Cost": 0.27, "Total Cost": 4.29, "Plan Rows": 2, "Plan Width": 13, "Actual Startup Time": 5.93, "Actual Total Time": 6.12, "Actual Rows": 1235, "Actual Loops": 699, "Recheck Cond": "(movie_id = mi.movie_id)", "Rows Removed by Index Recheck": 0, "Exact Heap Blocks": 419, "Lossy Heap Blocks": 419, "Plans": [{"Node Type": "Bitmap Index Scan", "Parent Relationship": "Outer", "Index Name": "movie_id_movie_info_idx", "Startup Cost": 0.0, "Total Cost": 0.27, "Plan Rows": 2, "Plan Width": 0, "Actual Startup Time": 4.248, "Actual Total Time": 4.248, "Actual Rows": 1235, "Actual Loops": 699, "Index Cond": "(movie_id = mi.movie_id)"}]}]}, {"Node Type": "Bitmap Heap Scan", "Parent Relationship": "Inner", "Relation Name": "title", "Alias": "t", "Startup Cost": 0.26, "Total Cost": 4.27, "Plan Rows": 1, "Plan Width": 21, "Actual Startup Time": 7.01, "Actual Total Time": 7.01, "Actual Rows": 1235, "Actual Loops": 1235, "Recheck Cond": "(id = mi.movie_id)", "Rows Removed by Index Recheck": 0, "Exact Heap Blocks": 1235, "Lossy Heap Blocks": 1235, "Plans": [{"Node Type": "Bitmap Index Scan", "Parent Relationship": "Outer", "Index Name": "title_pkey", "Startup Cost": 0.0, "Total Cost": 0.26, "Plan Rows": 1, "Plan Width": 0, "Actual Startup Time": 4.583, "Actual Total Time": 4.583, "Actual Rows": 1235, "Actual Loops": 1235, "Index Cond": "(id = mi.movie_id)"}]}]}]}]}, "Triggers": [], "Planner Runtime": 34.462, "Total Runtime": 2006.243, "Unique SQL Id": 4264520866}}, "(1, '7')": {"explain_plan": {"Plan": {"Node Type": "Aggregate", "Strategy": "Plain", "Startup Cost": 1000014018806.1, "Total Cost": 1000014018806.11, "Plan Rows": 1, "Plan Width": 160, "Plans": [{"Node Type": "Nested Loop", "Parent Relationship": "Outer", "Join Type": "Inner", "Startup Cost": 10000000002.15, "Total Cost": 1000014018806.04, "Plan Rows": 8, "Plan Width": 64, "Inner Unique": true, "Plans": [{"Node Type": "Nested Loop", "Parent Relationship": "Outer", "Join Type": "Inner", "Startup Cost": 10000000001.89, "Total Cost": 1000014018767.49, "Plan Rows": 9, "Plan Width": 59, "Inner Unique": true, "Plans": [{"Node Type": "Nested Loop", "Parent Relationship": "Outer", "Join Type": "Inner", "Startup Cost": 10000000001.63, "Total Cost": 1000014017572.6, "Plan Rows": 279, "Plan Width": 63, "Inner Unique": false, "Join Filter": "(mi_idx.movie_id = mi.movie_id)", "Plans": [{"Node Type": "Nested Loop", "Parent Relationship": "Outer", "Join Type": "Inner", "Startup Cost": 10000000001.24, "Total Cost": 1000014017338.06, "Plan Rows": 52, "Plan Width": 13, "Inner Unique": true, "Plans": [{"Node Type": "Nested Loop", "Parent Relationship": "Outer", "Join Type": "Inner", "Startup Cost": 10000000000.96, "Total Cost": 1000012216357.19, "Plan Rows": 417690, "Plan Width": 17, "Inner Unique": false, "Plans": [{"Node Type": "Nested Loop", "Parent Relationship": "Outer", "Join Type": "Inner", "Startup Cost": 10000000000.26, "Total Cost": 1000010560383.98, "Plan Rows": 345008, "Plan Width": 9, "Inner Unique": true, "Plans": [{"Node Type": "Index Scan", "Parent Relationship": "Outer", "Scan Direction": "Forward", "Index Name": "movie_id_movie_info_idx", "Relation Name": "movie_info_idx", "Alias": "mi_idx", "Startup Cost": 10000000000.0, "Total Cost": 1000004650035.37, "Plan Rows": 1380034, "Plan Width": 13}, {"Node Type": "Bitmap Heap Scan", "Parent Relationship": "Inner", "Relation Name": "info_type", "Alias": "it2", "Startup Cost": 0.26, "Total Cost": 4.27, "Plan Rows": 1, "Plan Width": 4, "Recheck Cond": "(id = mi_idx.info_type_id)", "Filter": "((info)::text = 'votes'::text)", "Plans": [{"Node Type": "Bitmap Index Scan", "Parent Relationship": "Outer", "Index Name": "info_type_pkey", "Startup Cost": 0.0, "Total Cost": 0.26, "Plan Rows": 1, "Plan Width": 0, "Index Cond": "(id = mi_idx.info_type_id)"}]}]}, {"Node Type": "Bitmap Heap Scan", "Parent Relationship": "Inner", "Relation Name": "cast_info", "Alias": "ci", "Startup Cost": 0.7, "Total Cost": 4.79, "Plan Rows": 1, "Plan Width": 8, "Recheck Cond": "(movie_id = mi_idx.movie_id)", "Filter": "((note)::text = ANY ('{(producer),\"(executive producer)\"}'::text[]))", "Plans": [{"Node Type": "Bitmap Index Scan", "Parent Relationship": "Outer", "Index Name": "movie_id_cast_info", "Startup Cost": 0.0, "Total Cost": 0.7, "Plan Rows": 6, "Plan Width": 0, "Index Cond": "(movie_id = mi_idx.movie_id)"}]}]}, {"Node Type": "Bitmap Heap Scan", "Parent Relationship": "Inner", "Relation Name": "name", "Alias": "n", "Startup Cost": 0.28, "Total Cost": 4.3, "Plan Rows": 1, "Plan Width": 4, "Recheck Cond": "(id = ci.person_id)", "Filter": "(((name)::text ~~ '%Tim%'::text) AND ((gender)::text = 'm'::text))", "Plans": [{"Node Type": "Bitmap Index Scan", "Parent Relationship": "Outer", "Index Name": "name_pkey", "Startup Cost": 0.0, "Total Cost": 0.28, "Plan Rows": 1, "Plan Width": 0, "Index Cond": "(id = ci.person_id)"}]}]}, {"Node Type": "Bitmap Heap Scan", "Parent Relationship": "Inner", "Relation Name": "movie_info", "Alias": "mi", "Startup Cost": 0.39, "Total Cost": 4.45, "Plan Rows": 5, "Plan Width": 50, "Recheck Cond": "(movie_id = ci.movie_id)", "Plans": [{"Node Type": "Bitmap Index Scan", "Parent Relationship": "Outer", "Index Name": "movie_id_movie_info", "Startup Cost": 0.0, "Total Cost": 0.38, "Plan Rows": 5, "Plan Width": 0, "Index Cond": "(movie_id = ci.movie_id)"}]}]}, {"Node Type": "Bitmap Heap Scan", "Parent Relationship": "Inner", "Relation Name": "info_type", "Alias": "it1", "Startup Cost": 0.26, "Total Cost": 4.27, "Plan Rows": 1, "Plan Width": 4, "Recheck Cond": "(id = mi.info_type_id)", "Filter": "((info)::text = 'budget'::text)", "Plans": [{"Node Type": "Bitmap Index Scan", "Parent Relationship": "Outer", "Index Name": "info_type_pkey", "Startup Cost": 0.0, "Total Cost": 0.26, "Plan Rows": 1, "Plan Width": 0, "Index Cond": "(id = mi.info_type_id)"}]}]}, {"Node Type": "Bitmap Heap Scan", "Parent Relationship": "Inner", "Relation Name": "title", "Alias": "t", "Startup Cost": 0.26, "Total Cost": 4.27, "Plan Rows": 1, "Plan Width": 21, "Recheck Cond": "(id = mi.movie_id)", "Plans": [{"Node Type": "Bitmap Index Scan", "Parent Relationship": "Outer", "Index Name": "title_pkey", "Startup Cost": 0.0, "Total Cost": 0.26, "Plan Rows": 1, "Plan Width": 0, "Index Cond": "(id = mi.movie_id)"}]}]}]}, "Unique SQL Id": 4264520866, "Planner Runtime": 9}, "explain_analyze_plan": null}, "(1, '8')": {"explain_plan": {"Plan": {"Node Type": "Aggregate", "Strategy": "Plain", "Startup Cost": 121637.45, "Total Cost": 121637.46, "Plan Rows": 1, "Plan Width": 160, "Plans": [{"Node Type": "Nested Loop", "Parent Relationship": "Outer", "Join Type": "Inner", "Startup Cost": 0.0, "Total Cost": 121637.38, "Plan Rows": 9, "Plan Width": 64, "Inner Unique": true, "Plans": [{"Node Type": "Nested Loop", "Parent Relationship": "Outer", "Join Type": "Inner", "Startup Cost": 0.0, "Total Cost": 121634.76, "Plan Rows": 9, "Plan Width": 59, "Inner Unique": false, "Join Filter": "(mi.info_type_id = it1.id)", "Plans": [{"Node Type": "Seq Scan", "Parent Relationship": "Outer", "Relation Name": "info_type", "Alias": "it1", "Startup Cost": 0.0, "Total Cost": 2.4, "Plan Rows": 1, "Plan Width": 4, "Filter": "((info)::text = 'budget'::text)"}, {"Node Type": "Nested Loop", "Parent Relationship": "Inner", "Join Type": "Inner", "Startup Cost": 0.0, "Total Cost": 121628.87, "Plan Rows": 279, "Plan Width": 63, "Inner Unique": false, "Join Filter": "(mi_idx.movie_id = mi.movie_id)", "Plans": [{"Node Type": "Nested Loop", "Parent Relationship": "Outer", "Join Type": "Inner", "Startup Cost": 0.0, "Total Cost": 121455.23, "Plan Rows": 228, "Plan Width": 13, "Inner Unique": false, "Join Filter": "(mi_idx.info_type_id = it2.id)", "Plans": [{"Node Type": "Seq Scan", "Parent Relationship": "Outer", "Relation Name": "info_type", "Alias": "it2", "Startup Cost": 0.0, "Total Cost": 2.4, "Plan Rows": 1, "Plan Width": 4, "Filter": "((info)::text = 'votes'::text)"}, {"Node Type": "Nested Loop", "Parent Relationship": "Inner", "Join Type": "Inner", "Startup Cost": 0.0, "Total Cost": 121448.51, "Plan Rows": 346, "Plan Width": 17, "Inner Unique": false, "Plans": [{"Node Type": "Nested Loop", "Parent Relationship": "Outer", "Join Type": "Inner", "Startup Cost": 0.0, "Total Cost": 121351.72, "Plan Rows": 294, "Plan Width": 4, "Inner Unique": false, "Plans": [{"Node Type": "Seq Scan", "Parent Relationship": "Outer", "Relation Name": "name", "Alias": "n", "Startup Cost": 0.0, "Total Cost": 113909.35, "Plan Rows": 173, "Plan Width": 4, "Filter": "(((name)::text ~~ '%Tim%'::text) AND ((gender)::text = 'm'::text))"}, {"Node Type": "Index Scan", "Parent Relationship": "Inner", "Scan Direction": "Forward", "Index Name": "person_id_cast_info", "Relation Name": "cast_info", "Alias": "ci", "Startup Cost": 0.0, "Total Cost": 43.0, "Plan Rows": 2, "Plan Width": 8, "Index Cond": "(person_id = n.id)", "Filter": "((note)::text = ANY ('{(producer),\"(executive producer)\"}'::text[]))"}]}, {"Node Type": "Index Scan", "Parent Relationship": "Inner", "Scan Direction": "Forward", "Index Name": "movie_id_movie_info_idx", "Relation Name": "movie_info_idx", "Alias": "mi_idx", "Startup Cost": 0.0, "Total Cost": 0.31, "Plan Rows": 2, "Plan Width": 13, "Index Cond": "(movie_id = ci.movie_id)"}]}]}, {"Node Type": "Index Scan", "Parent Relationship": "Inner", "Scan Direction": "Forward", "Index Name": "movie_id_movie_info", "Relation Name": "movie_info", "Alias": "mi", "Startup Cost": 0.0, "Total Cost": 0.7, "Plan Rows": 5, "Plan Width": 50, "Index Cond": "(movie_id = ci.movie_id)"}]}]}, {"Node Type": "Index Scan", "Parent Relationship": "Inner", "Scan Direction": "Forward", "Index Name": "title_pkey", "Relation Name": "title", "Alias": "t", "Startup Cost": 0.0, "Total Cost": 0.28, "Plan Rows": 1, "Plan Width": 21, "Index Cond": "(id = mi.movie_id)"}]}]}, "Unique SQL Id": 4264520866, "Planner Runtime": 37}, "explain_analyze_plan": {"Plan": {"Node Type": "Aggregate", "Strategy": "Plain", "Startup Cost": 121637.45, "Total Cost": 121637.46, "Plan Rows": 1, "Plan Width": 160, "Actual Startup Time": 1954.488, "Actual Total Time": 1954.489, "Actual Rows": 1, "Actual Loops": 1, "Plans": [{"Node Type": "Nested Loop", "Parent Relationship": "Outer", "Join Type": "Inner", "Startup Cost": 0.0, "Total Cost": 121637.38, "Plan Rows": 9, "Plan Width": 64, "Actual Startup Time": 1.0, "Actual Total Time": 1953.532, "Actual Rows": 410, "Actual Loops": 1, "Inner Unique": true, "Plans": [{"Node Type": "Nested Loop", "Parent Relationship": "Outer", "Join Type": "Inner", "Startup Cost": 0.0, "Total Cost": 121634.76, "Plan Rows": 9, "Plan Width": 59, "Actual Startup Time": 0.987, "Actual Total Time": 1949.496, "Actual Rows": 410, "Actual Loops": 1, "Inner Unique": false, "Join Filter": "(mi.info_type_id = it1.id)", "Rows Removed by Join Filter": 81998, "Plans": [{"Node Type": "Seq Scan", "Parent Relationship": "Outer", "Relation Name": "info_type", "Alias": "it1", "Startup Cost": 0.0, "Total Cost": 2.4, "Plan Rows": 1, "Plan Width": 4, "Actual Startup Time": 0.069, "Actual Total Time": 0.084, "Actual Rows": 1, "Actual Loops": 1, "Filter": "((info)::text = 'budget'::text)", "Rows Removed by Filter": 111}, {"Node Type": "Nested Loop", "Parent Relationship": "Inner", "Join Type": "Inner", "Startup Cost": 0.0, "Total Cost": 121628.87, "Plan Rows": 279, "Plan Width": 63, "Actual Startup Time": 0.883, "Actual Total Time": 1933.384, "Actual Rows": 82408, "Actual Loops": 1, "Inner Unique": false, "Join Filter": "(mi_idx.movie_id = mi.movie_id)", "Rows Removed by Join Filter": 0, "Plans": [{"Node Type": "Nested Loop", "Parent Relationship": "Outer", "Join Type": "Inner", "Startup Cost": 0.0, "Total Cost": 121455.23, "Plan Rows": 228, "Plan Width": 13, "Actual Startup Time": 0.867, "Actual Total Time": 1815.546, "Actual Rows": 3435, "Actual Loops": 1, "Inner Unique": false, "Join Filter": "(mi_idx.info_type_id = it2.id)", "Rows Removed by Join Filter": 6875, "Plans": [{"Node Type": "Seq Scan", "Parent Relationship": "Outer", "Relation Name": "info_type", "Alias": "it2", "Startup Cost": 0.0, "Total Cost": 2.4, "Plan Rows": 1, "Plan Width": 4, "Actual Startup Time": 0.051, "Actual Total Time": 0.073, "Actual Rows": 1, "Actual Loops": 1, "Filter": "((info)::text = 'votes'::text)", "Rows Removed by Filter": 111}, {"Node Type": "Nested Loop", "Parent Relationship": "Inner", "Join Type": "Inner", "Startup Cost": 0.0, "Total Cost": 121448.51, "Plan Rows": 346, "Plan Width": 17, "Actual Startup Time": 0.809, "Actual Total Time": 1812.731, "Actual Rows": 10310, "Actual Loops": 1, "Inner Unique": false, "Plans": [{"Node Type": "Nested Loop", "Parent Relationship": "Outer", "Join Type": "Inner", "Startup Cost": 0.0, "Total Cost": 121351.72, "Plan Rows": 294, "Plan Width": 4, "Actual Startup Time": 0.794, "Actual Total Time": 1776.866, "Actual Rows": 6719, "Actual Loops": 1, "Inner Unique": false, "Plans": [{"Node Type": "Seq Scan", "Parent Relationship": "Outer", "Relation Name": "name", "Alias": "n", "Startup Cost": 0.0, "Total Cost": 113909.35, "Plan Rows": 173, "Plan Width": 4, "Actual Startup Time": 0.238, "Actual Total Time": 1643.764, "Actual Rows": 9062, "Actual Loops": 1, "Filter": "(((name)::text ~~ '%Tim%'::text) AND ((gender)::text = 'm'::text))", "Rows Removed by Filter": 4158428}, {"Node Type": "Index Scan", "Parent Relationship": "Inner", "Scan Direction": "Forward", "Index Name": "person_id_cast_info", "Relation Name": "cast_info", "Alias": "ci", "Startup Cost": 0.0, "Total Cost": 43.0, "Plan Rows": 2, "Plan Width": 8, "Actual Startup Time": 107.321, "Actual Total Time": 126.088, "Actual Rows": 6719, "Actual Loops": 9062, "Index Cond": "(person_id = n.id)", "Rows Removed by Index Recheck": 0, "Filter": "((note)::text = ANY ('{(producer),\"(executive producer)\"}'::text[]))", "Rows Removed by Filter": 89309}]}, {"Node Type": "Index Scan", "Parent Relationship": "Inner", "Scan Direction": "Forward", "Index Name": "movie_id_movie_info_idx", "Relation Name": "movie_info_idx", "Alias": "mi_idx", "Startup Cost": 0.0, "Total Cost": 0.31, "Plan Rows": 2, "Plan Width": 13, "Actual Startup Time": 25.852, "Actual Total Time": 29.746, "Actual Rows": 10310, "Actual Loops": 6719, "Index Cond": "(movie_id = ci.movie_id)", "Rows Removed by Index Recheck": 0}]}]}, {"Node Type": "Index Scan", "Parent Relationship": "Inner", "Scan Direction": "Forward", "Index Name": "movie_id_movie_info", "Relation Name": "movie_info", "Alias": "mi", "Startup Cost": 0.0, "Total Cost": 0.7, "Plan Rows": 5, "Plan Width": 50, "Actual Startup Time": 22.744, "Actual Total Time": 88.53, "Actual Rows": 82408, "Actual Loops": 3435, "Index Cond": "(movie_id = ci.movie_id)", "Rows Removed by Index Recheck": 0}]}]}, {"Node Type": "Index Scan", "Parent Relationship": "Inner", "Scan Direction": "Forward", "Index Name": "title_pkey", "Relation Name": "title", "Alias": "t", "Startup Cost": 0.0, "Total Cost": 0.28, "Plan Rows": 1, "Plan Width": 21, "Actual Startup Time": 3.368, "Actual Total Time": 3.368, "Actual Rows": 410, "Actual Loops": 410, "Index Cond": "(id = mi.movie_id)", "Rows Removed by Index Recheck": 0}]}]}, "Triggers": [], "Planner Runtime": 38.113, "Total Runtime": 1954.789, "Unique SQL Id": 4264520866}}, "(1, '9')": {"explain_plan": {"Plan": {"Node Type": "Aggregate", "Strategy": "Plain", "Startup Cost": 204820.44, "Total Cost": 204820.45, "Plan Rows": 1, "Plan Width": 160, "Plans": [{"Node Type": "Nested Loop", "Parent Relationship": "Outer", "Join Type": "Inner", "Startup Cost": 0.0, "Total Cost": 204820.38, "Plan Rows": 9, "Plan Width": 64, "Inner Unique": true, "Plans": [{"Node Type": "Nested Loop", "Parent Relationship": "Outer", "Join Type": "Inner", "Startup Cost": 0.0, "Total Cost": 204817.75, "Plan Rows": 9, "Plan Width": 59, "Inner Unique": true, "Plans": [{"Node Type": "Nested Loop", "Parent Relationship": "Outer", "Join Type": "Inner", "Startup Cost": 0.0, "Total Cost": 204808.14, "Plan Rows": 34, "Plan Width": 63, "Inner Unique": false, "Plans": [{"Node Type": "Nested Loop", "Parent Relationship": "Outer", "Join Type": "Inner", "Startup Cost": 0.0, "Total Cost": 204766.51, "Plan Rows": 133, "Plan Width": 50, "Inner Unique": false, "Join Filter": "(mi.info_type_id = it1.id)", "Plans": [{"Node Type": "Index Scan", "Parent Relationship": "Outer", "Scan Direction": "Forward", "Index Name": "info_type_pkey", "Relation Name": "info_type", "Alias": "it1", "Startup Cost": 0.0, "Total Cost": 14.21, "Plan Rows": 1, "Plan Width": 4, "Filter": "((info)::text = 'budget'::text)"}, {"Node Type": "Nested Loop", "Parent Relationship": "Inner", "Join Type": "Inner", "Startup Cost": 0.0, "Total Cost": 204732.79, "Plan Rows": 1561, "Plan Width": 54, "Inner Unique": false, "Plans": [{"Node Type": "Nested Loop", "Parent Relationship": "Outer", "Join Type": "Inner", "Startup Cost": 0.0, "Total Cost": 204512.56, "Plan Rows": 294, "Plan Width": 4, "Inner Unique": false, "Plans": [{"Node Type": "Index Scan", "Parent Relationship": "Outer", "Scan Direction": "Forward", "Index Name": "name_pkey", "Relation Name": "name", "Alias": "n", "Startup Cost": 0.0, "Total Cost": 197070.2, "Plan Rows": 173, "Plan Width": 4, "Filter": "(((name)::text ~~ '%Tim%'::text) AND ((gender)::text = 'm'::text))"}, {"Node Type": "Index Scan", "Parent Relationship": "Inner", "Scan Direction": "Forward", "Index Name": "person_id_cast_info", "Relation Name": "cast_info", "Alias": "ci", "Startup Cost": 0.0, "Total Cost": 43.0, "Plan Rows": 2, "Plan Width": 8, "Index Cond": "(person_id = n.id)", "Filter": "((note)::text = ANY ('{(producer),\"(executive producer)\"}'::text[]))"}]}, {"Node Type": "Index Scan", "Parent Relationship": "Inner", "Scan Direction": "Forward", "Index Name": "movie_id_movie_info", "Relation Name": "movie_info", "Alias": "mi", "Startup Cost": 0.0, "Total Cost": 0.7, "Plan Rows": 5, "Plan Width": 50, "Index Cond": "(movie_id = ci.movie_id)"}]}]}, {"Node Type": "Index Scan", "Parent Relationship": "Inner", "Scan Direction": "Forward", "Index Name": "movie_id_movie_info_idx", "Relation Name": "movie_info_idx", "Alias": "mi_idx", "Startup Cost": 0.0, "Total Cost": 0.29, "Plan Rows": 2, "Plan Width": 13, "Index Cond": "(movie_id = mi.movie_id)"}]}, {"Node Type": "Index Scan", "Parent Relationship": "Inner", "Scan Direction": "Forward", "Index Name": "info_type_pkey", "Relation Name": "info_type", "Alias": "it2", "Startup Cost": 0.0, "Total Cost": 0.27, "Plan Rows": 1, "Plan Width": 4, "Index Cond": "(id = mi_idx.info_type_id)", "Filter": "((info)::text = 'votes'::text)"}]}, {"Node Type": "Index Scan", "Parent Relationship": "Inner", "Scan Direction": "Forward", "Index Name": "title_pkey", "Relation Name": "title", "Alias": "t", "Startup Cost": 0.0, "Total Cost": 0.28, "Plan Rows": 1, "Plan Width": 21, "Index Cond": "(id = mi.movie_id)"}]}]}, "Unique SQL Id": 4264520866, "Planner Runtime": 30}, "explain_analyze_plan": null}, "(1, '10')": {"explain_plan": {"Plan": {"Node Type": "Aggregate", "Strategy": "Plain", "Startup Cost": 1247064.23, "Total Cost": 1247064.24, "Plan Rows": 1, "Plan Width": 160, "Plans": [{"Node Type": "Nested Loop", "Parent Relationship": "Outer", "Join Type": "Inner", "Startup Cost": 909881.03, "Total Cost": 1247063.85, "Plan Rows": 51, "Plan Width": 64, "Inner Unique": false, "Join Filter": "(mi_idx.info_type_id = it2.id)", "Plans": [{"Node Type": "Seq Scan", "Parent Relationship": "Outer", "Relation Name": "info_type", "Alias": "it2", "Startup Cost": 0.0, "Total Cost": 2.4, "Plan Rows": 1, "Plan Width": 4, "Filter": "((info)::text = 'votes'::text)"}, {"Node Type": "Hash Join", "Parent Relationship": "Inner", "Join Type": "Inner", "Startup Cost": 909881.03, "Total Cost": 1247061.02, "Plan Rows": 34, "Plan Width": 68, "Inner Unique": false, "Hash Cond": "(mi.movie_id = t.id)", "Plans": [{"Node Type": "Hash Join", "Parent Relationship": "Outer", "Join Type": "Inner", "Startup Cost": 2.41, "Total Cost": 336382.21, "Plan Rows": 212428, "Plan Width": 46, "Inner Unique": true, "Hash Cond": "(mi.info_type_id = it1.id), (LLVM Optimized)", "Plans": [{"Node Type": "Seq Scan", "Parent Relationship": "Outer", "Relation Name": "movie_info", "Alias": "mi", "Startup Cost": 0.0, "Total Cost": 296987.66, "Plan Rows": 14869966, "Plan Width": 50}, {"Node Type": "Hash", "Parent Relationship": "Inner", "Startup Cost": 2.4, "Total Cost": 2.4, "Plan Rows": 1, "Plan Width": 4, "Plans": [{"Node Type": "Seq Scan", "Parent Relationship": "Outer", "Relation Name": "info_type", "Alias": "it1", "Startup Cost": 0.0, "Total Cost": 2.4, "Plan Rows": 1, "Plan Width": 4, "Filter": "((info)::text = 'budget'::text)"}]}]}, {"Node Type": "Hash", "Parent Relationship": "Inner", "Startup Cost": 909874.3, "Total Cost": 909874.3, "Plan Rows": 346, "Plan Width": 38, "Plans": [{"Node Type": "Hash Join", "Parent Relationship": "Outer", "Join Type": "Inner", "Startup Cost": 840320.56, "Total Cost": 909874.3, "Plan Rows": 346, "Plan Width": 38, "Inner Unique": false, "Hash Cond": "(t.id = mi_idx.movie_id)", "Plans": [{"Node Type": "Seq Scan", "Parent Relationship": "Outer", "Relation Name": "title", "Alias": "t", "Startup Cost": 0.0, "Total Cost": 60069.11, "Plan Rows": 2528311, "Plan Width": 21}, {"Node Type": "Hash", "Parent Relationship": "Inner", "Startup Cost": 840316.24, "Total Cost": 840316.24, "Plan Rows": 346, "Plan Width": 17, "Plans": [{"Node Type": "Hash Join", "Parent Relationship": "Outer", "Join Type": "Inner", "Startup Cost": 814862.25, "Total Cost": 840316.24, "Plan Rows": 346, "Plan Width": 17, "Inner Unique": false, "Hash Cond": "(mi_idx.movie_id = ci.movie_id)", "Plans": [{"Node Type": "Seq Scan", "Parent Relationship": "Outer", "Relation Name": "movie_info_idx", "Alias": "mi_idx", "Startup Cost": 0.0, "Total Cost": 20274.34, "Plan Rows": 1380034, "Plan Width": 13}, {"Node Type": "Hash", "Parent Relationship": "Inner", "Startup Cost": 814858.57, "Total Cost": 814858.57, "Plan Rows": 294, "Plan Width": 4, "Plans": [{"Node Type": "Hash Join", "Parent Relationship": "Outer", "Join Type": "Inner", "Startup Cost": 113911.51, "Total Cost": 814858.57, "Plan Rows": 294, "Plan Width": 4, "Inner Unique": true, "Hash Cond": "(ci.person_id = n.id)", "Plans": [{"Node Type": "Seq Scan", "Parent Relationship": "Outer", "Relation Name": "cast_info", "Alias": "ci", "Startup Cost": 0.0, "Total Cost": 692526.68, "Plan Rows": 2350421, "Plan Width": 8, "Filter": "((note)::text = ANY ('{(producer),\"(executive producer)\"}'::text[]))"}, {"Node Type": "Hash", "Parent Relationship": "Inner", "Startup Cost": 113909.35, "Total Cost": 113909.35, "Plan Rows": 173, "Plan Width": 4, "Plans": [{"Node Type": "Seq Scan", "Parent Relationship": "Outer", "Relation Name": "name", "Alias": "n", "Startup Cost": 0.0, "Total Cost": 113909.35, "Plan Rows": 173, "Plan Width": 4, "Filter": "(((name)::text ~~ '%Tim%'::text) AND ((gender)::text = 'm'::text))"}]}]}]}]}]}]}]}]}]}]}, "Unique SQL Id": 4264520866, "Planner Runtime": 46}, "explain_analyze_plan": null}, "(1, '11')": {"explain_plan": {"Plan": {"Node Type": "Aggregate", "Strategy": "Plain", "Startup Cost": 6977526256601.85, "Total Cost": 6977526256601.86, "Plan Rows": 1, "Plan Width": 160, "Plans": [{"Node Type": "Nested Loop", "Parent Relationship": "Outer", "Join Type": "Inner", "Startup Cost": 70031174542.45, "Total Cost": 6977526256601.78, "Plan Rows": 9, "Plan Width": 64, "Inner Unique": true, "Join Filter": "(mi.info_type_id = it1.id)", "Plans": [{"Node Type": "Nested Loop", "Parent Relationship": "Outer", "Join Type": "Inner", "Startup Cost": 60031174542.45, "Total Cost": 5977526255162.41, "Plan Rows": 1225, "Plan Width": 68, "Inner Unique": true, "Join Filter": "(mi_idx.info_type_id = it2.id)", "Plans": [{"Node Type": "Nested Loop", "Parent Relationship": "Outer", "Join Type": "Inner", "Startup Cost": 50031174542.45, "Total Cost": 4977526253713.56, "Plan Rows": 1856, "Plan Width": 72, "Inner Unique": false, "Join Filter": "(t.id = mi.movie_id)", "Plans": [{"Node Type": "Index Scan", "Parent Relationship": "Outer", "Scan Direction": "Forward", "Index Name": "info_type_id_movie_info", "Relation Name": "movie_info", "Alias": "mi", "Startup Cost": 10000000000.0, "Total Cost": 1000103683953.62, "Plan Rows": 14869966, "Plan Width": 50}, {"Node Type": "Materialize", "Parent Relationship": "Inner", "Startup Cost": 40031174542.45, "Total Cost": 3977345394637.27, "Plan Rows": 346, "Plan Width": 38, "Plans": [{"Node Type": "Nested Loop", "Parent Relationship": "Outer", "Join Type": "Inner", "Startup Cost": 40031174542.45, "Total Cost": 3977345394635.54, "Plan Rows": 346, "Plan Width": 38, "Inner Unique": true, "Join Filter": "(mi_idx.movie_id = t.id)", "Plans": [{"Node Type": "Nested Loop", "Parent Relationship": "Outer", "Join Type": "Inner", "Startup Cost": 30031174542.45, "Total Cost": 2977321254331.76, "Plan Rows": 346, "Plan Width": 17, "Inner Unique": false, "Join Filter": "(ci.movie_id = mi_idx.movie_id)", "Plans": [{"Node Type": "Index Scan", "Parent Relationship": "Outer", "Scan Direction": "Forward", "Index Name": "info_type_id_movie_info_idx", "Relation Name": "movie_info_idx", "Alias": "mi_idx", "Startup Cost": 10000000000.0, "Total Cost": 1000006370838.27, "Plan Rows": 1380034, "Plan Width": 13}, {"Node Type": "Materialize", "Parent Relationship": "Inner", "Startup Cost": 20031174542.45, "Total Cost": 1977308797544.29, "Plan Rows": 294, "Plan Width": 4, "Plans": [{"Node Type": "Merge Join", "Parent Relationship": "Outer", "Join Type": "Inner", "Startup Cost": 20031174542.45, "Total Cost": 1977308797542.82, "Plan Rows": 294, "Plan Width": 4, "Inner Unique": true, "Merge Cond": "(ci.person_id = n.id)", "Plans": [{"Node Type": "Index Scan", "Parent Relationship": "Outer", "Scan Direction": "Forward", "Index Name": "person_id_cast_info", "Relation Name": "cast_info", "Alias": "ci", "Startup Cost": 10000000000.0, "Total Cost": 1000179713706.71, "Plan Rows": 2350421, "Plan Width": 8, "Filter": "((note)::text = ANY ('{(producer),\"(executive producer)\"}'::text[]))"}, {"Node Type": "Materialize", "Parent Relationship": "Inner", "Startup Cost": 10000000000.0, "Total Cost": 1000019707020.14, "Plan Rows": 173, "Plan Width": 4, "Plans": [{"Node Type": "Index Scan", "Parent Relationship": "Outer", "Scan Direction": "Forward", "Index Name": "name_pkey", "Relation Name": "name", "Alias": "n", "Startup Cost": 10000000000.0, "Total Cost": 1000019707019.7, "Plan Rows": 173, "Plan Width": 4, "Filter": "(((name)::text ~~ '%Tim%'::text) AND ((gender)::text = 'm'::text))"}]}]}]}]}, {"Node Type": "Materialize", "Parent Relationship": "Inner", "Startup Cost": 10000000000.0, "Total Cost": 1000011024690.47, "Plan Rows": 2528311, "Plan Width": 21, "Plans": [{"Node Type": "Index Scan", "Parent Relationship": "Outer", "Scan Direction": "Forward", "Index Name": "title_pkey", "Relation Name": "title", "Alias": "t", "Startup Cost": 10000000000.0, "Total Cost": 1000011012048.91, "Plan Rows": 2528311, "Plan Width": 21}]}]}]}]}, {"Node Type": "Materialize", "Parent Relationship": "Inner", "Startup Cost": 10000000000.0, "Total Cost": 1000000001421.0, "Plan Rows": 1, "Plan Width": 4, "Plans": [{"Node Type": "Index Scan", "Parent Relationship": "Outer", "Scan Direction": "Forward", "Index Name": "info_type_pkey", "Relation Name": "info_type", "Alias": "it2", "Startup Cost": 10000000000.0, "Total Cost": 1000000001421.0, "Plan Rows": 1, "Plan Width": 4, "Filter": "((info)::text = 'votes'::text)"}]}]}, {"Node Type": "Materialize", "Parent Relationship": "Inner", "Startup Cost": 10000000000.0, "Total Cost": 1000000001421.0, "Plan Rows": 1, "Plan Width": 4, "Plans": [{"Node Type": "Index Scan", "Parent Relationship": "Outer", "Scan Direction": "Forward", "Index Name": "info_type_pkey", "Relation Name": "info_type", "Alias": "it1", "Startup Cost": 10000000000.0, "Total Cost": 1000000001421.0, "Plan Rows": 1, "Plan Width": 4, "Filter": "((info)::text = 'budget'::text)"}]}]}]}, "Unique SQL Id": 4264520866, "Planner Runtime": 51}, "explain_analyze_plan": null}, "(1, '12')": {"explain_plan": {"Plan": {"Node Type": "Aggregate", "Strategy": "Plain", "Startup Cost": 121637.45, "Total Cost": 121637.46, "Plan Rows": 1, "Plan Width": 160, "Plans": [{"Node Type": "Nested Loop", "Parent Relationship": "Outer", "Join Type": "Inner", "Startup Cost": 0.0, "Total Cost": 121637.38, "Plan Rows": 9, "Plan Width": 64, "Inner Unique": true, "Plans": [{"Node Type": "Nested Loop", "Parent Relationship": "Outer", "Join Type": "Inner", "Startup Cost": 0.0, "Total Cost": 121634.76, "Plan Rows": 9, "Plan Width": 59, "Inner Unique": false, "Join Filter": "(mi.info_type_id = it1.id)", "Plans": [{"Node Type": "Seq Scan", "Parent Relationship": "Outer", "Relation Name": "info_type", "Alias": "it1", "Startup Cost": 0.0, "Total Cost": 2.4, "Plan Rows": 1, "Plan Width": 4, "Filter": "((info)::text = 'budget'::text)"}, {"Node Type": "Nested Loop", "Parent Relationship": "Inner", "Join Type": "Inner", "Startup Cost": 0.0, "Total Cost": 121628.87, "Plan Rows": 279, "Plan Width": 63, "Inner Unique": false, "Join Filter": "(mi_idx.movie_id = mi.movie_id)", "Plans": [{"Node Type": "Nested Loop", "Parent Relationship": "Outer", "Join Type": "Inner", "Startup Cost": 0.0, "Total Cost": 121455.23, "Plan Rows": 228, "Plan Width": 13, "Inner Unique": false, "Join Filter": "(mi_idx.info_type_id = it2.id)", "Plans": [{"Node Type": "Seq Scan", "Parent Relationship": "Outer", "Relation Name": "info_type", "Alias": "it2", "Startup Cost": 0.0, "Total Cost": 2.4, "Plan Rows": 1, "Plan Width": 4, "Filter": "((info)::text = 'votes'::text)"}, {"Node Type": "Nested Loop", "Parent Relationship": "Inner", "Join Type": "Inner", "Startup Cost": 0.0, "Total Cost": 121448.51, "Plan Rows": 346, "Plan Width": 17, "Inner Unique": false, "Plans": [{"Node Type": "Nested Loop", "Parent Relationship": "Outer", "Join Type": "Inner", "Startup Cost": 0.0, "Total Cost": 121351.72, "Plan Rows": 294, "Plan Width": 4, "Inner Unique": false, "Plans": [{"Node Type": "Seq Scan", "Parent Relationship": "Outer", "Relation Name": "name", "Alias": "n", "Startup Cost": 0.0, "Total Cost": 113909.35, "Plan Rows": 173, "Plan Width": 4, "Filter": "(((name)::text ~~ '%Tim%'::text) AND ((gender)::text = 'm'::text))"}, {"Node Type": "Index Scan", "Parent Relationship": "Inner", "Scan Direction": "Forward", "Index Name": "person_id_cast_info", "Relation Name": "cast_info", "Alias": "ci", "Startup Cost": 0.0, "Total Cost": 43.0, "Plan Rows": 2, "Plan Width": 8, "Index Cond": "(person_id = n.id)", "Filter": "((note)::text = ANY ('{(producer),\"(executive producer)\"}'::text[]))"}]}, {"Node Type": "Index Scan", "Parent Relationship": "Inner", "Scan Direction": "Forward", "Index Name": "movie_id_movie_info_idx", "Relation Name": "movie_info_idx", "Alias": "mi_idx", "Startup Cost": 0.0, "Total Cost": 0.31, "Plan Rows": 2, "Plan Width": 13, "Index Cond": "(movie_id = ci.movie_id)"}]}]}, {"Node Type": "Index Scan", "Parent Relationship": "Inner", "Scan Direction": "Forward", "Index Name": "movie_id_movie_info", "Relation Name": "movie_info", "Alias": "mi", "Startup Cost": 0.0, "Total Cost": 0.7, "Plan Rows": 5, "Plan Width": 50, "Index Cond": "(movie_id = ci.movie_id)"}]}]}, {"Node Type": "Index Scan", "Parent Relationship": "Inner", "Scan Direction": "Forward", "Index Name": "title_pkey", "Relation Name": "title", "Alias": "t", "Startup Cost": 0.0, "Total Cost": 0.28, "Plan Rows": 1, "Plan Width": 21, "Index Cond": "(id = mi.movie_id)"}]}]}, "Unique SQL Id": 4264520866, "Planner Runtime": 38}, "explain_analyze_plan": {"Plan": {"Node Type": "Aggregate", "Strategy": "Plain", "Startup Cost": 121637.45, "Total Cost": 121637.46, "Plan Rows": 1, "Plan Width": 160, "Actual Startup Time": 1954.488, "Actual Total Time": 1954.489, "Actual Rows": 1, "Actual Loops": 1, "Plans": [{"Node Type": "Nested Loop", "Parent Relationship": "Outer", "Join Type": "Inner", "Startup Cost": 0.0, "Total Cost": 121637.38, "Plan Rows": 9, "Plan Width": 64, "Actual Startup Time": 1.0, "Actual Total Time": 1953.532, "Actual Rows": 410, "Actual Loops": 1, "Inner Unique": true, "Plans": [{"Node Type": "Nested Loop", "Parent Relationship": "Outer", "Join Type": "Inner", "Startup Cost": 0.0, "Total Cost": 121634.76, "Plan Rows": 9, "Plan Width": 59, "Actual Startup Time": 0.987, "Actual Total Time": 1949.496, "Actual Rows": 410, "Actual Loops": 1, "Inner Unique": false, "Join Filter": "(mi.info_type_id = it1.id)", "Rows Removed by Join Filter": 81998, "Plans": [{"Node Type": "Seq Scan", "Parent Relationship": "Outer", "Relation Name": "info_type", "Alias": "it1", "Startup Cost": 0.0, "Total Cost": 2.4, "Plan Rows": 1, "Plan Width": 4, "Actual Startup Time": 0.069, "Actual Total Time": 0.084, "Actual Rows": 1, "Actual Loops": 1, "Filter": "((info)::text = 'budget'::text)", "Rows Removed by Filter": 111}, {"Node Type": "Nested Loop", "Parent Relationship": "Inner", "Join Type": "Inner", "Startup Cost": 0.0, "Total Cost": 121628.87, "Plan Rows": 279, "Plan Width": 63, "Actual Startup Time": 0.883, "Actual Total Time": 1933.384, "Actual Rows": 82408, "Actual Loops": 1, "Inner Unique": false, "Join Filter": "(mi_idx.movie_id = mi.movie_id)", "Rows Removed by Join Filter": 0, "Plans": [{"Node Type": "Nested Loop", "Parent Relationship": "Outer", "Join Type": "Inner", "Startup Cost": 0.0, "Total Cost": 121455.23, "Plan Rows": 228, "Plan Width": 13, "Actual Startup Time": 0.867, "Actual Total Time": 1815.546, "Actual Rows": 3435, "Actual Loops": 1, "Inner Unique": false, "Join Filter": "(mi_idx.info_type_id = it2.id)", "Rows Removed by Join Filter": 6875, "Plans": [{"Node Type": "Seq Scan", "Parent Relationship": "Outer", "Relation Name": "info_type", "Alias": "it2", "Startup Cost": 0.0, "Total Cost": 2.4, "Plan Rows": 1, "Plan Width": 4, "Actual Startup Time": 0.051, "Actual Total Time": 0.073, "Actual Rows": 1, "Actual Loops": 1, "Filter": "((info)::text = 'votes'::text)", "Rows Removed by Filter": 111}, {"Node Type": "Nested Loop", "Parent Relationship": "Inner", "Join Type": "Inner", "Startup Cost": 0.0, "Total Cost": 121448.51, "Plan Rows": 346, "Plan Width": 17, "Actual Startup Time": 0.809, "Actual Total Time": 1812.731, "Actual Rows": 10310, "Actual Loops": 1, "Inner Unique": false, "Plans": [{"Node Type": "Nested Loop", "Parent Relationship": "Outer", "Join Type": "Inner", "Startup Cost": 0.0, "Total Cost": 121351.72, "Plan Rows": 294, "Plan Width": 4, "Actual Startup Time": 0.794, "Actual Total Time": 1776.866, "Actual Rows": 6719, "Actual Loops": 1, "Inner Unique": false, "Plans": [{"Node Type": "Seq Scan", "Parent Relationship": "Outer", "Relation Name": "name", "Alias": "n", "Startup Cost": 0.0, "Total Cost": 113909.35, "Plan Rows": 173, "Plan Width": 4, "Actual Startup Time": 0.238, "Actual Total Time": 1643.764, "Actual Rows": 9062, "Actual Loops": 1, "Filter": "(((name)::text ~~ '%Tim%'::text) AND ((gender)::text = 'm'::text))", "Rows Removed by Filter": 4158428}, {"Node Type": "Index Scan", "Parent Relationship": "Inner", "Scan Direction": "Forward", "Index Name": "person_id_cast_info", "Relation Name": "cast_info", "Alias": "ci", "Startup Cost": 0.0, "Total Cost": 43.0, "Plan Rows": 2, "Plan Width": 8, "Actual Startup Time": 107.321, "Actual Total Time": 126.088, "Actual Rows": 6719, "Actual Loops": 9062, "Index Cond": "(person_id = n.id)", "Rows Removed by Index Recheck": 0, "Filter": "((note)::text = ANY ('{(producer),\"(executive producer)\"}'::text[]))", "Rows Removed by Filter": 89309}]}, {"Node Type": "Index Scan", "Parent Relationship": "Inner", "Scan Direction": "Forward", "Index Name": "movie_id_movie_info_idx", "Relation Name": "movie_info_idx", "Alias": "mi_idx", "Startup Cost": 0.0, "Total Cost": 0.31, "Plan Rows": 2, "Plan Width": 13, "Actual Startup Time": 25.852, "Actual Total Time": 29.746, "Actual Rows": 10310, "Actual Loops": 6719, "Index Cond": "(movie_id = ci.movie_id)", "Rows Removed by Index Recheck": 0}]}]}, {"Node Type": "Index Scan", "Parent Relationship": "Inner", "Scan Direction": "Forward", "Index Name": "movie_id_movie_info", "Relation Name": "movie_info", "Alias": "mi", "Startup Cost": 0.0, "Total Cost": 0.7, "Plan Rows": 5, "Plan Width": 50, "Actual Startup Time": 22.744, "Actual Total Time": 88.53, "Actual Rows": 82408, "Actual Loops": 3435, "Index Cond": "(movie_id = ci.movie_id)", "Rows Removed by Index Recheck": 0}]}]}, {"Node Type": "Index Scan", "Parent Relationship": "Inner", "Scan Direction": "Forward", "Index Name": "title_pkey", "Relation Name": "title", "Alias": "t", "Startup Cost": 0.0, "Total Cost": 0.28, "Plan Rows": 1, "Plan Width": 21, "Actual Startup Time": 3.368, "Actual Total Time": 3.368, "Actual Rows": 410, "Actual Loops": 410, "Index Cond": "(id = mi.movie_id)", "Rows Removed by Index Recheck": 0}]}]}, "Triggers": [], "Planner Runtime": 38.113, "Total Runtime": 1954.789, "Unique SQL Id": 4264520866}}, "(1, '13')": {"explain_plan": {"Plan": {"Node Type": "Aggregate", "Strategy": "Plain", "Startup Cost": 204820.44, "Total Cost": 204820.45, "Plan Rows": 1, "Plan Width": 160, "Plans": [{"Node Type": "Nested Loop", "Parent Relationship": "Outer", "Join Type": "Inner", "Startup Cost": 0.0, "Total Cost": 204820.38, "Plan Rows": 9, "Plan Width": 64, "Inner Unique": true, "Plans": [{"Node Type": "Nested Loop", "Parent Relationship": "Outer", "Join Type": "Inner", "Startup Cost": 0.0, "Total Cost": 204817.75, "Plan Rows": 9, "Plan Width": 59, "Inner Unique": true, "Plans": [{"Node Type": "Nested Loop", "Parent Relationship": "Outer", "Join Type": "Inner", "Startup Cost": 0.0, "Total Cost": 204808.14, "Plan Rows": 34, "Plan Width": 63, "Inner Unique": false, "Plans": [{"Node Type": "Nested Loop", "Parent Relationship": "Outer", "Join Type": "Inner", "Startup Cost": 0.0, "Total Cost": 204766.51, "Plan Rows": 133, "Plan Width": 50, "Inner Unique": false, "Join Filter": "(mi.info_type_id = it1.id)", "Plans": [{"Node Type": "Index Scan", "Parent Relationship": "Outer", "Scan Direction": "Forward", "Index Name": "info_type_pkey", "Relation Name": "info_type", "Alias": "it1", "Startup Cost": 0.0, "Total Cost": 14.21, "Plan Rows": 1, "Plan Width": 4, "Filter": "((info)::text = 'budget'::text)"}, {"Node Type": "Nested Loop", "Parent Relationship": "Inner", "Join Type": "Inner", "Startup Cost": 0.0, "Total Cost": 204732.79, "Plan Rows": 1561, "Plan Width": 54, "Inner Unique": false, "Plans": [{"Node Type": "Nested Loop", "Parent Relationship": "Outer", "Join Type": "Inner", "Startup Cost": 0.0, "Total Cost": 204512.56, "Plan Rows": 294, "Plan Width": 4, "Inner Unique": false, "Plans": [{"Node Type": "Index Scan", "Parent Relationship": "Outer", "Scan Direction": "Forward", "Index Name": "name_pkey", "Relation Name": "name", "Alias": "n", "Startup Cost": 0.0, "Total Cost": 197070.2, "Plan Rows": 173, "Plan Width": 4, "Filter": "(((name)::text ~~ '%Tim%'::text) AND ((gender)::text = 'm'::text))"}, {"Node Type": "Index Scan", "Parent Relationship": "Inner", "Scan Direction": "Forward", "Index Name": "person_id_cast_info", "Relation Name": "cast_info", "Alias": "ci", "Startup Cost": 0.0, "Total Cost": 43.0, "Plan Rows": 2, "Plan Width": 8, "Index Cond": "(person_id = n.id)", "Filter": "((note)::text = ANY ('{(producer),\"(executive producer)\"}'::text[]))"}]}, {"Node Type": "Index Scan", "Parent Relationship": "Inner", "Scan Direction": "Forward", "Index Name": "movie_id_movie_info", "Relation Name": "movie_info", "Alias": "mi", "Startup Cost": 0.0, "Total Cost": 0.7, "Plan Rows": 5, "Plan Width": 50, "Index Cond": "(movie_id = ci.movie_id)"}]}]}, {"Node Type": "Index Scan", "Parent Relationship": "Inner", "Scan Direction": "Forward", "Index Name": "movie_id_movie_info_idx", "Relation Name": "movie_info_idx", "Alias": "mi_idx", "Startup Cost": 0.0, "Total Cost": 0.29, "Plan Rows": 2, "Plan Width": 13, "Index Cond": "(movie_id = mi.movie_id)"}]}, {"Node Type": "Index Scan", "Parent Relationship": "Inner", "Scan Direction": "Forward", "Index Name": "info_type_pkey", "Relation Name": "info_type", "Alias": "it2", "Startup Cost": 0.0, "Total Cost": 0.27, "Plan Rows": 1, "Plan Width": 4, "Index Cond": "(id = mi_idx.info_type_id)", "Filter": "((info)::text = 'votes'::text)"}]}, {"Node Type": "Index Scan", "Parent Relationship": "Inner", "Scan Direction": "Forward", "Index Name": "title_pkey", "Relation Name": "title", "Alias": "t", "Startup Cost": 0.0, "Total Cost": 0.28, "Plan Rows": 1, "Plan Width": 21, "Index Cond": "(id = mi.movie_id)"}]}]}, "Unique SQL Id": 4264520866, "Planner Runtime": 30}, "explain_analyze_plan": null}, "(1, '14')": {"explain_plan": {"Plan": {"Node Type": "Aggregate", "Strategy": "Plain", "Startup Cost": 1247064.23, "Total Cost": 1247064.24, "Plan Rows": 1, "Plan Width": 160, "Plans": [{"Node Type": "Nested Loop", "Parent Relationship": "Outer", "Join Type": "Inner", "Startup Cost": 909881.03, "Total Cost": 1247063.85, "Plan Rows": 51, "Plan Width": 64, "Inner Unique": false, "Join Filter": "(mi_idx.info_type_id = it2.id)", "Plans": [{"Node Type": "Seq Scan", "Parent Relationship": "Outer", "Relation Name": "info_type", "Alias": "it2", "Startup Cost": 0.0, "Total Cost": 2.4, "Plan Rows": 1, "Plan Width": 4, "Filter": "((info)::text = 'votes'::text)"}, {"Node Type": "Hash Join", "Parent Relationship": "Inner", "Join Type": "Inner", "Startup Cost": 909881.03, "Total Cost": 1247061.02, "Plan Rows": 34, "Plan Width": 68, "Inner Unique": false, "Hash Cond": "(mi.movie_id = t.id)", "Plans": [{"Node Type": "Hash Join", "Parent Relationship": "Outer", "Join Type": "Inner", "Startup Cost": 2.41, "Total Cost": 336382.21, "Plan Rows": 212428, "Plan Width": 46, "Inner Unique": true, "Hash Cond": "(mi.info_type_id = it1.id), (LLVM Optimized)", "Plans": [{"Node Type": "Seq Scan", "Parent Relationship": "Outer", "Relation Name": "movie_info", "Alias": "mi", "Startup Cost": 0.0, "Total Cost": 296987.66, "Plan Rows": 14869966, "Plan Width": 50}, {"Node Type": "Hash", "Parent Relationship": "Inner", "Startup Cost": 2.4, "Total Cost": 2.4, "Plan Rows": 1, "Plan Width": 4, "Plans": [{"Node Type": "Seq Scan", "Parent Relationship": "Outer", "Relation Name": "info_type", "Alias": "it1", "Startup Cost": 0.0, "Total Cost": 2.4, "Plan Rows": 1, "Plan Width": 4, "Filter": "((info)::text = 'budget'::text)"}]}]}, {"Node Type": "Hash", "Parent Relationship": "Inner", "Startup Cost": 909874.3, "Total Cost": 909874.3, "Plan Rows": 346, "Plan Width": 38, "Plans": [{"Node Type": "Hash Join", "Parent Relationship": "Outer", "Join Type": "Inner", "Startup Cost": 840320.56, "Total Cost": 909874.3, "Plan Rows": 346, "Plan Width": 38, "Inner Unique": false, "Hash Cond": "(t.id = mi_idx.movie_id)", "Plans": [{"Node Type": "Seq Scan", "Parent Relationship": "Outer", "Relation Name": "title", "Alias": "t", "Startup Cost": 0.0, "Total Cost": 60069.11, "Plan Rows": 2528311, "Plan Width": 21}, {"Node Type": "Hash", "Parent Relationship": "Inner", "Startup Cost": 840316.24, "Total Cost": 840316.24, "Plan Rows": 346, "Plan Width": 17, "Plans": [{"Node Type": "Hash Join", "Parent Relationship": "Outer", "Join Type": "Inner", "Startup Cost": 814862.25, "Total Cost": 840316.24, "Plan Rows": 346, "Plan Width": 17, "Inner Unique": false, "Hash Cond": "(mi_idx.movie_id = ci.movie_id)", "Plans": [{"Node Type": "Seq Scan", "Parent Relationship": "Outer", "Relation Name": "movie_info_idx", "Alias": "mi_idx", "Startup Cost": 0.0, "Total Cost": 20274.34, "Plan Rows": 1380034, "Plan Width": 13}, {"Node Type": "Hash", "Parent Relationship": "Inner", "Startup Cost": 814858.57, "Total Cost": 814858.57, "Plan Rows": 294, "Plan Width": 4, "Plans": [{"Node Type": "Hash Join", "Parent Relationship": "Outer", "Join Type": "Inner", "Startup Cost": 113911.51, "Total Cost": 814858.57, "Plan Rows": 294, "Plan Width": 4, "Inner Unique": true, "Hash Cond": "(ci.person_id = n.id)", "Plans": [{"Node Type": "Seq Scan", "Parent Relationship": "Outer", "Relation Name": "cast_info", "Alias": "ci", "Startup Cost": 0.0, "Total Cost": 692526.68, "Plan Rows": 2350421, "Plan Width": 8, "Filter": "((note)::text = ANY ('{(producer),\"(executive producer)\"}'::text[]))"}, {"Node Type": "Hash", "Parent Relationship": "Inner", "Startup Cost": 113909.35, "Total Cost": 113909.35, "Plan Rows": 173, "Plan Width": 4, "Plans": [{"Node Type": "Seq Scan", "Parent Relationship": "Outer", "Relation Name": "name", "Alias": "n", "Startup Cost": 0.0, "Total Cost": 113909.35, "Plan Rows": 173, "Plan Width": 4, "Filter": "(((name)::text ~~ '%Tim%'::text) AND ((gender)::text = 'm'::text))"}]}]}]}]}]}]}]}]}]}]}, "Unique SQL Id": 4264520866, "Planner Runtime": 46}, "explain_analyze_plan": null}, "(1, '15')": {"explain_plan": {"Plan": {"Node Type": "Aggregate", "Strategy": "Plain", "Startup Cost": 6977526256601.85, "Total Cost": 6977526256601.86, "Plan Rows": 1, "Plan Width": 160, "Plans": [{"Node Type": "Nested Loop", "Parent Relationship": "Outer", "Join Type": "Inner", "Startup Cost": 70031174542.45, "Total Cost": 6977526256601.78, "Plan Rows": 9, "Plan Width": 64, "Inner Unique": true, "Join Filter": "(mi.info_type_id = it1.id)", "Plans": [{"Node Type": "Nested Loop", "Parent Relationship": "Outer", "Join Type": "Inner", "Startup Cost": 60031174542.45, "Total Cost": 5977526255162.41, "Plan Rows": 1225, "Plan Width": 68, "Inner Unique": true, "Join Filter": "(mi_idx.info_type_id = it2.id)", "Plans": [{"Node Type": "Nested Loop", "Parent Relationship": "Outer", "Join Type": "Inner", "Startup Cost": 50031174542.45, "Total Cost": 4977526253713.56, "Plan Rows": 1856, "Plan Width": 72, "Inner Unique": false, "Join Filter": "(t.id = mi.movie_id)", "Plans": [{"Node Type": "Index Scan", "Parent Relationship": "Outer", "Scan Direction": "Forward", "Index Name": "info_type_id_movie_info", "Relation Name": "movie_info", "Alias": "mi", "Startup Cost": 10000000000.0, "Total Cost": 1000103683953.62, "Plan Rows": 14869966, "Plan Width": 50}, {"Node Type": "Materialize", "Parent Relationship": "Inner", "Startup Cost": 40031174542.45, "Total Cost": 3977345394637.27, "Plan Rows": 346, "Plan Width": 38, "Plans": [{"Node Type": "Nested Loop", "Parent Relationship": "Outer", "Join Type": "Inner", "Startup Cost": 40031174542.45, "Total Cost": 3977345394635.54, "Plan Rows": 346, "Plan Width": 38, "Inner Unique": true, "Join Filter": "(mi_idx.movie_id = t.id)", "Plans": [{"Node Type": "Nested Loop", "Parent Relationship": "Outer", "Join Type": "Inner", "Startup Cost": 30031174542.45, "Total Cost": 2977321254331.76, "Plan Rows": 346, "Plan Width": 17, "Inner Unique": false, "Join Filter": "(ci.movie_id = mi_idx.movie_id)", "Plans": [{"Node Type": "Index Scan", "Parent Relationship": "Outer", "Scan Direction": "Forward", "Index Name": "info_type_id_movie_info_idx", "Relation Name": "movie_info_idx", "Alias": "mi_idx", "Startup Cost": 10000000000.0, "Total Cost": 1000006370838.27, "Plan Rows": 1380034, "Plan Width": 13}, {"Node Type": "Materialize", "Parent Relationship": "Inner", "Startup Cost": 20031174542.45, "Total Cost": 1977308797544.29, "Plan Rows": 294, "Plan Width": 4, "Plans": [{"Node Type": "Merge Join", "Parent Relationship": "Outer", "Join Type": "Inner", "Startup Cost": 20031174542.45, "Total Cost": 1977308797542.82, "Plan Rows": 294, "Plan Width": 4, "Inner Unique": true, "Merge Cond": "(ci.person_id = n.id)", "Plans": [{"Node Type": "Index Scan", "Parent Relationship": "Outer", "Scan Direction": "Forward", "Index Name": "person_id_cast_info", "Relation Name": "cast_info", "Alias": "ci", "Startup Cost": 10000000000.0, "Total Cost": 1000179713706.71, "Plan Rows": 2350421, "Plan Width": 8, "Filter": "((note)::text = ANY ('{(producer),\"(executive producer)\"}'::text[]))"}, {"Node Type": "Materialize", "Parent Relationship": "Inner", "Startup Cost": 10000000000.0, "Total Cost": 1000019707020.14, "Plan Rows": 173, "Plan Width": 4, "Plans": [{"Node Type": "Index Scan", "Parent Relationship": "Outer", "Scan Direction": "Forward", "Index Name": "name_pkey", "Relation Name": "name", "Alias": "n", "Startup Cost": 10000000000.0, "Total Cost": 1000019707019.7, "Plan Rows": 173, "Plan Width": 4, "Filter": "(((name)::text ~~ '%Tim%'::text) AND ((gender)::text = 'm'::text))"}]}]}]}]}, {"Node Type": "Materialize", "Parent Relationship": "Inner", "Startup Cost": 10000000000.0, "Total Cost": 1000011024690.47, "Plan Rows": 2528311, "Plan Width": 21, "Plans": [{"Node Type": "Index Scan", "Parent Relationship": "Outer", "Scan Direction": "Forward", "Index Name": "title_pkey", "Relation Name": "title", "Alias": "t", "Startup Cost": 10000000000.0, "Total Cost": 1000011012048.91, "Plan Rows": 2528311, "Plan Width": 21}]}]}]}]}, {"Node Type": "Materialize", "Parent Relationship": "Inner", "Startup Cost": 10000000000.0, "Total Cost": 1000000001421.0, "Plan Rows": 1, "Plan Width": 4, "Plans": [{"Node Type": "Index Scan", "Parent Relationship": "Outer", "Scan Direction": "Forward", "Index Name": "info_type_pkey", "Relation Name": "info_type", "Alias": "it2", "Startup Cost": 10000000000.0, "Total Cost": 1000000001421.0, "Plan Rows": 1, "Plan Width": 4, "Filter": "((info)::text = 'votes'::text)"}]}]}, {"Node Type": "Materialize", "Parent Relationship": "Inner", "Startup Cost": 10000000000.0, "Total Cost": 1000000001421.0, "Plan Rows": 1, "Plan Width": 4, "Plans": [{"Node Type": "Index Scan", "Parent Relationship": "Outer", "Scan Direction": "Forward", "Index Name": "info_type_pkey", "Relation Name": "info_type", "Alias": "it1", "Startup Cost": 10000000000.0, "Total Cost": 1000000001421.0, "Plan Rows": 1, "Plan Width": 4, "Filter": "((info)::text = 'budget'::text)"}]}]}]}, "Unique SQL Id": 4264520866, "Planner Runtime": 52}, "explain_analyze_plan": null}, "(1, '16')": {"explain_plan": {"Plan": {"Node Type": "Aggregate", "Strategy": "Plain", "Startup Cost": 121637.44, "Total Cost": 121637.45, "Plan Rows": 1, "Plan Width": 160, "Plans": [{"Node Type": "Nested Loop", "Parent Relationship": "Outer", "Join Type": "Inner", "Startup Cost": 0.0, "Total Cost": 121637.38, "Plan Rows": 8, "Plan Width": 64, "Inner Unique": true, "Plans": [{"Node Type": "Nested Loop", "Parent Relationship": "Outer", "Join Type": "Inner", "Startup Cost": 0.0, "Total Cost": 121634.76, "Plan Rows": 9, "Plan Width": 59, "Inner Unique": false, "Join Filter": "(mi.info_type_id = it1.id)", "Plans": [{"Node Type": "Seq Scan", "Parent Relationship": "Outer", "Relation Name": "info_type", "Alias": "it1", "Startup Cost": 0.0, "Total Cost": 2.4, "Plan Rows": 1, "Plan Width": 4, "Filter": "((info)::text = 'budget'::text)"}, {"Node Type": "Nested Loop", "Parent Relationship": "Inner", "Join Type": "Inner", "Startup Cost": 0.0, "Total Cost": 121628.87, "Plan Rows": 279, "Plan Width": 63, "Inner Unique": false, "Join Filter": "(mi_idx.movie_id = mi.movie_id)", "Plans": [{"Node Type": "Nested Loop", "Parent Relationship": "Outer", "Join Type": "Inner", "Startup Cost": 0.0, "Total Cost": 121455.23, "Plan Rows": 228, "Plan Width": 13, "Inner Unique": false, "Join Filter": "(mi_idx.info_type_id = it2.id)", "Plans": [{"Node Type": "Seq Scan", "Parent Relationship": "Outer", "Relation Name": "info_type", "Alias": "it2", "Startup Cost": 0.0, "Total Cost": 2.4, "Plan Rows": 1, "Plan Width": 4, "Filter": "((info)::text = 'votes'::text)"}, {"Node Type": "Nested Loop", "Parent Relationship": "Inner", "Join Type": "Inner", "Startup Cost": 0.0, "Total Cost": 121448.51, "Plan Rows": 346, "Plan Width": 17, "Inner Unique": false, "Plans": [{"Node Type": "Nested Loop", "Parent Relationship": "Outer", "Join Type": "Inner", "Startup Cost": 0.0, "Total Cost": 121351.72, "Plan Rows": 294, "Plan Width": 4, "Inner Unique": false, "Plans": [{"Node Type": "Seq Scan", "Parent Relationship": "Outer", "Relation Name": "name", "Alias": "n", "Startup Cost": 0.0, "Total Cost": 113909.35, "Plan Rows": 173, "Plan Width": 4, "Filter": "(((name)::text ~~ '%Tim%'::text) AND ((gender)::text = 'm'::text))"}, {"Node Type": "Index Scan", "Parent Relationship": "Inner", "Scan Direction": "Forward", "Index Name": "person_id_cast_info", "Relation Name": "cast_info", "Alias": "ci", "Startup Cost": 0.0, "Total Cost": 43.0, "Plan Rows": 2, "Plan Width": 8, "Index Cond": "(person_id = n.id)", "Filter": "((note)::text = ANY ('{(producer),\"(executive producer)\"}'::text[]))"}]}, {"Node Type": "Index Scan", "Parent Relationship": "Inner", "Scan Direction": "Forward", "Index Name": "movie_id_movie_info_idx", "Relation Name": "movie_info_idx", "Alias": "mi_idx", "Startup Cost": 0.0, "Total Cost": 0.31, "Plan Rows": 2, "Plan Width": 13, "Index Cond": "(movie_id = ci.movie_id)"}]}]}, {"Node Type": "Index Scan", "Parent Relationship": "Inner", "Scan Direction": "Forward", "Index Name": "movie_id_movie_info", "Relation Name": "movie_info", "Alias": "mi", "Startup Cost": 0.0, "Total Cost": 0.7, "Plan Rows": 5, "Plan Width": 50, "Index Cond": "(movie_id = ci.movie_id)"}]}]}, {"Node Type": "Index Scan", "Parent Relationship": "Inner", "Scan Direction": "Forward", "Index Name": "title_pkey", "Relation Name": "title", "Alias": "t", "Startup Cost": 0.0, "Total Cost": 0.28, "Plan Rows": 1, "Plan Width": 21, "Index Cond": "(id = mi.movie_id)"}]}]}, "Unique SQL Id": 4264520866, "Planner Runtime": 30}, "explain_analyze_plan": {"Plan": {"Node Type": "Aggregate", "Strategy": "Plain", "Startup Cost": 121637.44, "Total Cost": 121637.45, "Plan Rows": 1, "Plan Width": 160, "Actual Startup Time": 1946.06, "Actual Total Time": 1946.061, "Actual Rows": 1, "Actual Loops": 1, "Plans": [{"Node Type": "Nested Loop", "Parent Relationship": "Outer", "Join Type": "Inner", "Startup Cost": 0.0, "Total Cost": 121637.38, "Plan Rows": 8, "Plan Width": 64, "Actual Startup Time": 1.019, "Actual Total Time": 1945.201, "Actual Rows": 410, "Actual Loops": 1, "Inner Unique": true, "Plans": [{"Node Type": "Nested Loop", "Parent Relationship": "Outer", "Join Type": "Inner", "Startup Cost": 0.0, "Total Cost": 121634.76, "Plan Rows": 9, "Plan Width": 59, "Actual Startup Time": 1.003, "Actual Total Time": 1941.357, "Actual Rows": 410, "Actual Loops": 1, "Inner Unique": false, "Join Filter": "(mi.info_type_id = it1.id)", "Rows Removed by Join Filter": 81998, "Plans": [{"Node Type": "Seq Scan", "Parent Relationship": "Outer", "Relation Name": "info_type", "Alias": "it1", "Startup Cost": 0.0, "Total Cost": 2.4, "Plan Rows": 1, "Plan Width": 4, "Actual Startup Time": 0.064, "Actual Total Time": 0.077, "Actual Rows": 1, "Actual Loops": 1, "Filter": "((info)::text = 'budget'::text)", "Rows Removed by Filter": 111}, {"Node Type": "Nested Loop", "Parent Relationship": "Inner", "Join Type": "Inner", "Startup Cost": 0.0, "Total Cost": 121628.87, "Plan Rows": 279, "Plan Width": 63, "Actual Startup Time": 0.896, "Actual Total Time": 1925.467, "Actual Rows": 82408, "Actual Loops": 1, "Inner Unique": false, "Join Filter": "(mi_idx.movie_id = mi.movie_id)", "Rows Removed by Join Filter": 0, "Plans": [{"Node Type": "Nested Loop", "Parent Relationship": "Outer", "Join Type": "Inner", "Startup Cost": 0.0, "Total Cost": 121455.23, "Plan Rows": 228, "Plan Width": 13, "Actual Startup Time": 0.872, "Actual Total Time": 1810.842, "Actual Rows": 3435, "Actual Loops": 1, "Inner Unique": false, "Join Filter": "(mi_idx.info_type_id = it2.id)", "Rows Removed by Join Filter": 6875, "Plans": [{"Node Type": "Seq Scan", "Parent Relationship": "Outer", "Relation Name": "info_type", "Alias": "it2", "Startup Cost": 0.0, "Total Cost": 2.4, "Plan Rows": 1, "Plan Width": 4, "Actual Startup Time": 0.055, "Actual Total Time": 0.071, "Actual Rows": 1, "Actual Loops": 1, "Filter": "((info)::text = 'votes'::text)", "Rows Removed by Filter": 111}, {"Node Type": "Nested Loop", "Parent Relationship": "Inner", "Join Type": "Inner", "Startup Cost": 0.0, "Total Cost": 121448.51, "Plan Rows": 346, "Plan Width": 17, "Actual Startup Time": 0.81, "Actual Total Time": 1808.014, "Actual Rows": 10310, "Actual Loops": 1, "Inner Unique": false, "Plans": [{"Node Type": "Nested Loop", "Parent Relationship": "Outer", "Join Type": "Inner", "Startup Cost": 0.0, "Total Cost": 121351.72, "Plan Rows": 294, "Plan Width": 4, "Actual Startup Time": 0.795, "Actual Total Time": 1772.718, "Actual Rows": 6719, "Actual Loops": 1, "Inner Unique": false, "Plans": [{"Node Type": "Seq Scan", "Parent Relationship": "Outer", "Relation Name": "name", "Alias": "n", "Startup Cost": 0.0, "Total Cost": 113909.35, "Plan Rows": 173, "Plan Width": 4, "Actual Startup Time": 0.247, "Actual Total Time": 1641.582, "Actual Rows": 9062, "Actual Loops": 1, "Filter": "(((name)::text ~~ '%Tim%'::text) AND ((gender)::text = 'm'::text))", "Rows Removed by Filter": 4158428}, {"Node Type": "Index Scan", "Parent Relationship": "Inner", "Scan Direction": "Forward", "Index Name": "person_id_cast_info", "Relation Name": "cast_info", "Alias": "ci", "Startup Cost": 0.0, "Total Cost": 43.0, "Plan Rows": 2, "Plan Width": 8, "Actual Startup Time": 105.466, "Actual Total Time": 124.176, "Actual Rows": 6719, "Actual Loops": 9062, "Index Cond": "(person_id = n.id)", "Rows Removed by Index Recheck": 0, "Filter": "((note)::text = ANY ('{(producer),\"(executive producer)\"}'::text[]))", "Rows Removed by Filter": 89309}]}, {"Node Type": "Index Scan", "Parent Relationship": "Inner", "Scan Direction": "Forward", "Index Name": "movie_id_movie_info_idx", "Relation Name": "movie_info_idx", "Alias": "mi_idx", "Startup Cost": 0.0, "Total Cost": 0.31, "Plan Rows": 2, "Plan Width": 13, "Actual Startup Time": 25.425, "Actual Total Time": 29.205, "Actual Rows": 10310, "Actual Loops": 6719, "Index Cond": "(movie_id = ci.movie_id)", "Rows Removed by Index Recheck": 0}]}]}, {"Node Type": "Index Scan", "Parent Relationship": "Inner", "Scan Direction": "Forward", "Index Name": "movie_id_movie_info", "Relation Name": "movie_info", "Alias": "mi", "Startup Cost": 0.0, "Total Cost": 0.7, "Plan Rows": 5, "Plan Width": 50, "Actual Startup Time": 21.873, "Actual Total Time": 85.276, "Actual Rows": 82408, "Actual Loops": 3435, "Index Cond": "(movie_id = ci.movie_id)", "Rows Removed by Index Recheck": 0}]}]}, {"Node Type": "Index Scan", "Parent Relationship": "Inner", "Scan Direction": "Forward", "Index Name": "title_pkey", "Relation Name": "title", "Alias": "t", "Startup Cost": 0.0, "Total Cost": 0.28, "Plan Rows": 1, "Plan Width": 21, "Actual Startup Time": 3.273, "Actual Total Time": 3.273, "Actual Rows": 410, "Actual Loops": 410, "Index Cond": "(id = mi.movie_id)", "Rows Removed by Index Recheck": 0}]}]}, "Triggers": [], "Planner Runtime": 30.258, "Total Runtime": 1946.374, "Unique SQL Id": 4264520866}}, "(1, '17')": {"explain_plan": {"Plan": {"Node Type": "Aggregate", "Strategy": "Plain", "Startup Cost": 204820.44, "Total Cost": 204820.45, "Plan Rows": 1, "Plan Width": 160, "Plans": [{"Node Type": "Nested Loop", "Parent Relationship": "Outer", "Join Type": "Inner", "Startup Cost": 0.0, "Total Cost": 204820.38, "Plan Rows": 8, "Plan Width": 64, "Inner Unique": true, "Plans": [{"Node Type": "Nested Loop", "Parent Relationship": "Outer", "Join Type": "Inner", "Startup Cost": 0.0, "Total Cost": 204817.75, "Plan Rows": 9, "Plan Width": 59, "Inner Unique": true, "Plans": [{"Node Type": "Nested Loop", "Parent Relationship": "Outer", "Join Type": "Inner", "Startup Cost": 0.0, "Total Cost": 204808.14, "Plan Rows": 34, "Plan Width": 63, "Inner Unique": false, "Plans": [{"Node Type": "Nested Loop", "Parent Relationship": "Outer", "Join Type": "Inner", "Startup Cost": 0.0, "Total Cost": 204766.51, "Plan Rows": 133, "Plan Width": 50, "Inner Unique": false, "Join Filter": "(mi.info_type_id = it1.id)", "Plans": [{"Node Type": "Index Scan", "Parent Relationship": "Outer", "Scan Direction": "Forward", "Index Name": "info_type_pkey", "Relation Name": "info_type", "Alias": "it1", "Startup Cost": 0.0, "Total Cost": 14.21, "Plan Rows": 1, "Plan Width": 4, "Filter": "((info)::text = 'budget'::text)"}, {"Node Type": "Nested Loop", "Parent Relationship": "Inner", "Join Type": "Inner", "Startup Cost": 0.0, "Total Cost": 204732.79, "Plan Rows": 1561, "Plan Width": 54, "Inner Unique": false, "Plans": [{"Node Type": "Nested Loop", "Parent Relationship": "Outer", "Join Type": "Inner", "Startup Cost": 0.0, "Total Cost": 204512.56, "Plan Rows": 294, "Plan Width": 4, "Inner Unique": false, "Plans": [{"Node Type": "Index Scan", "Parent Relationship": "Outer", "Scan Direction": "Forward", "Index Name": "name_pkey", "Relation Name": "name", "Alias": "n", "Startup Cost": 0.0, "Total Cost": 197070.2, "Plan Rows": 173, "Plan Width": 4, "Filter": "(((name)::text ~~ '%Tim%'::text) AND ((gender)::text = 'm'::text))"}, {"Node Type": "Index Scan", "Parent Relationship": "Inner", "Scan Direction": "Forward", "Index Name": "person_id_cast_info", "Relation Name": "cast_info", "Alias": "ci", "Startup Cost": 0.0, "Total Cost": 43.0, "Plan Rows": 2, "Plan Width": 8, "Index Cond": "(person_id = n.id)", "Filter": "((note)::text = ANY ('{(producer),\"(executive producer)\"}'::text[]))"}]}, {"Node Type": "Index Scan", "Parent Relationship": "Inner", "Scan Direction": "Forward", "Index Name": "movie_id_movie_info", "Relation Name": "movie_info", "Alias": "mi", "Startup Cost": 0.0, "Total Cost": 0.7, "Plan Rows": 5, "Plan Width": 50, "Index Cond": "(movie_id = ci.movie_id)"}]}]}, {"Node Type": "Index Scan", "Parent Relationship": "Inner", "Scan Direction": "Forward", "Index Name": "movie_id_movie_info_idx", "Relation Name": "movie_info_idx", "Alias": "mi_idx", "Startup Cost": 0.0, "Total Cost": 0.29, "Plan Rows": 2, "Plan Width": 13, "Index Cond": "(movie_id = mi.movie_id)"}]}, {"Node Type": "Index Scan", "Parent Relationship": "Inner", "Scan Direction": "Forward", "Index Name": "info_type_pkey", "Relation Name": "info_type", "Alias": "it2", "Startup Cost": 0.0, "Total Cost": 0.27, "Plan Rows": 1, "Plan Width": 4, "Index Cond": "(id = mi_idx.info_type_id)", "Filter": "((info)::text = 'votes'::text)"}]}, {"Node Type": "Index Scan", "Parent Relationship": "Inner", "Scan Direction": "Forward", "Index Name": "title_pkey", "Relation Name": "title", "Alias": "t", "Startup Cost": 0.0, "Total Cost": 0.28, "Plan Rows": 1, "Plan Width": 21, "Index Cond": "(id = mi.movie_id)"}]}]}, "Unique SQL Id": 4264520866, "Planner Runtime": 26}, "explain_analyze_plan": null}, "(1, '18')": {"explain_plan": {"Plan": {"Node Type": "Aggregate", "Strategy": "Plain", "Startup Cost": 129052.4, "Total Cost": 129052.41, "Plan Rows": 1, "Plan Width": 160, "Plans": [{"Node Type": "Nested Loop", "Parent Relationship": "Outer", "Join Type": "Inner", "Startup Cost": 5.3, "Total Cost": 129052.34, "Plan Rows": 8, "Plan Width": 64, "Inner Unique": true, "Plans": [{"Node Type": "Nested Loop", "Parent Relationship": "Outer", "Join Type": "Inner", "Startup Cost": 5.04, "Total Cost": 129013.79, "Plan Rows": 9, "Plan Width": 59, "Inner Unique": false, "Join Filter": "(mi_idx.info_type_id = it2.id)", "Plans": [{"Node Type": "Seq Scan", "Parent Relationship": "Outer", "Relation Name": "info_type", "Alias": "it2", "Startup Cost": 0.0, "Total Cost": 2.4, "Plan Rows": 1, "Plan Width": 4, "Filter": "((info)::text = 'votes'::text)"}, {"Node Type": "Nested Loop", "Parent Relationship": "Inner", "Join Type": "Inner", "Startup Cost": 5.04, "Total Cost": 129010.97, "Plan Rows": 34, "Plan Width": 63, "Inner Unique": false, "Plans": [{"Node Type": "Nested Loop", "Parent Relationship": "Outer", "Join Type": "Inner", "Startup Cost": 4.77, "Total Cost": 128437.5, "Plan Rows": 133, "Plan Width": 50, "Inner Unique": false, "Join Filter": "(mi.info_type_id = it1.id)", "Plans": [{"Node Type": "Seq Scan", "Parent Relationship": "Outer", "Relation Name": "info_type", "Alias": "it1", "Startup Cost": 0.0, "Total Cost": 2.4, "Plan Rows": 1, "Plan Width": 4, "Filter": "((info)::text = 'budget'::text)"}, {"Node Type": "Nested Loop", "Parent Relationship": "Inner", "Join Type": "Inner", "Startup Cost": 4.77, "Total Cost": 128415.58, "Plan Rows": 1561, "Plan Width": 54, "Inner Unique": false, "Plans": [{"Node Type": "Nested Loop", "Parent Relationship": "Outer", "Join Type": "Inner", "Startup Cost": 4.39, "Total Cost": 127093.19, "Plan Rows": 294, "Plan Width": 4, "Inner Unique": false, "Plans": [{"Node Type": "Seq Scan", "Parent Relationship": "Outer", "Relation Name": "name", "Alias": "n", "Startup Cost": 0.0, "Total Cost": 113909.35, "Plan Rows": 173, "Plan Width": 4, "Filter": "(((name)::text ~~ '%Tim%'::text) AND ((gender)::text = 'm'::text))"}, {"Node Type": "Bitmap Heap Scan", "Parent Relationship": "Inner", "Relation Name": "cast_info", "Alias": "ci", "Startup Cost": 4.39, "Total Cost": 76.19, "Plan Rows": 2, "Plan Width": 8, "Recheck Cond": "(person_id = n.id)", "Filter": "((note)::text = ANY ('{(producer),\"(executive producer)\"}'::text[]))", "Plans": [{"Node Type": "Bitmap Index Scan", "Parent Relationship": "Outer", "Index Name": "person_id_cast_info", "Startup Cost": 0.0, "Total Cost": 4.38, "Plan Rows": 18, "Plan Width": 0, "Index Cond": "(person_id = n.id)"}]}]}, {"Node Type": "Bitmap Heap Scan", "Parent Relationship": "Inner", "Relation Name": "movie_info", "Alias": "mi", "Startup Cost": 0.39, "Total Cost": 4.45, "Plan Rows": 5, "Plan Width": 50, "Recheck Cond": "(movie_id = ci.movie_id)", "Plans": [{"Node Type": "Bitmap Index Scan", "Parent Relationship": "Outer", "Index Name": "movie_id_movie_info", "Startup Cost": 0.0, "Total Cost": 0.38, "Plan Rows": 5, "Plan Width": 0, "Index Cond": "(movie_id = ci.movie_id)"}]}]}]}, {"Node Type": "Bitmap Heap Scan", "Parent Relationship": "Inner", "Relation Name": "movie_info_idx", "Alias": "mi_idx", "Startup Cost": 0.27, "Total Cost": 4.29, "Plan Rows": 2, "Plan Width": 13, "Recheck Cond": "(movie_id = mi.movie_id)", "Plans": [{"Node Type": "Bitmap Index Scan", "Parent Relationship": "Outer", "Index Name": "movie_id_movie_info_idx", "Startup Cost": 0.0, "Total Cost": 0.27, "Plan Rows": 2, "Plan Width": 0, "Index Cond": "(movie_id = mi.movie_id)"}]}]}]}, {"Node Type": "Bitmap Heap Scan", "Parent Relationship": "Inner", "Relation Name": "title", "Alias": "t", "Startup Cost": 0.26, "Total Cost": 4.27, "Plan Rows": 1, "Plan Width": 21, "Recheck Cond": "(id = mi.movie_id)", "Plans": [{"Node Type": "Bitmap Index Scan", "Parent Relationship": "Outer", "Index Name": "title_pkey", "Startup Cost": 0.0, "Total Cost": 0.26, "Plan Rows": 1, "Plan Width": 0, "Index Cond": "(id = mi.movie_id)"}]}]}]}, "Unique SQL Id": 4264520866, "Planner Runtime": 24}, "explain_analyze_plan": {"Plan": {"Node Type": "Aggregate", "Strategy": "Plain", "Startup Cost": 129052.4, "Total Cost": 129052.41, "Plan Rows": 1, "Plan Width": 160, "Actual Startup Time": 2011.873, "Actual Total Time": 2011.874, "Actual Rows": 1, "Actual Loops": 1, "Plans": [{"Node Type": "Nested Loop", "Parent Relationship": "Outer", "Join Type": "Inner", "Startup Cost": 5.3, "Total Cost": 129052.34, "Plan Rows": 8, "Plan Width": 64, "Actual Startup Time": 1.021, "Actual Total Time": 2010.729, "Actual Rows": 410, "Actual Loops": 1, "Inner Unique": true, "Plans": [{"Node Type": "Nested Loop", "Parent Relationship": "Outer", "Join Type": "Inner", "Startup Cost": 5.04, "Total Cost": 129013.79, "Plan Rows": 9, "Plan Width": 59, "Actual Startup Time": 1.006, "Actual Total Time": 2005.842, "Actual Rows": 410, "Actual Loops": 1, "Inner Unique": false, "Join Filter": "(mi_idx.info_type_id = it2.id)", "Rows Removed by Join Filter": 825, "Plans": [{"Node Type": "Seq Scan", "Parent Relationship": "Outer", "Relation Name": "info_type", "Alias": "it2", "Startup Cost": 0.0, "Total Cost": 2.4, "Plan Rows": 1, "Plan Width": 4, "Actual Startup Time": 0.058, "Actual Total Time": 0.071, "Actual Rows": 1, "Actual Loops": 1, "Filter": "((info)::text = 'votes'::text)", "Rows Removed by Filter": 111}, {"Node Type": "Nested Loop", "Parent Relationship": "Inner", "Join Type": "Inner", "Startup Cost": 5.04, "Total Cost": 129010.97, "Plan Rows": 34, "Plan Width": 63, "Actual Startup Time": 0.941, "Actual Total Time": 2005.266, "Actual Rows": 1235, "Actual Loops": 1, "Inner Unique": false, "Plans": [{"Node Type": "Nested Loop", "Parent Relationship": "Outer", "Join Type": "Inner", "Startup Cost": 4.77, "Total Cost": 128437.5, "Plan Rows": 133, "Plan Width": 50, "Actual Startup Time": 0.926, "Actual Total Time": 1997.322, "Actual Rows": 699, "Actual Loops": 1, "Inner Unique": false, "Join Filter": "(mi.info_type_id = it1.id)", "Rows Removed by Join Filter": 95197, "Plans": [{"Node Type": "Seq Scan", "Parent Relationship": "Outer", "Relation Name": "info_type", "Alias": "it1", "Startup Cost": 0.0, "Total Cost": 2.4, "Plan Rows": 1, "Plan Width": 4, "Actual Startup Time": 0.041, "Actual Total Time": 0.054, "Actual Rows": 1, "Actual Loops": 1, "Filter": "((info)::text = 'budget'::text)", "Rows Removed by Filter": 111}, {"Node Type": "Nested Loop", "Parent Relationship": "Inner", "Join Type": "Inner", "Startup Cost": 4.77, "Total Cost": 128415.58, "Plan Rows": 1561, "Plan Width": 54, "Actual Startup Time": 0.851, "Actual Total Time": 1977.819, "Actual Rows": 95896, "Actual Loops": 1, "Inner Unique": false, "Plans": [{"Node Type": "Nested Loop", "Parent Relationship": "Outer", "Join Type": "Inner", "Startup Cost": 4.39, "Total Cost": 127093.19, "Plan Rows": 294, "Plan Width": 4, "Actual Startup Time": 0.817, "Actual Total Time": 1802.279, "Actual Rows": 6719, "Actual Loops": 1, "Inner Unique": false, "Plans": [{"Node Type": "Seq Scan", "Parent Relationship": "Outer", "Relation Name": "name", "Alias": "n", "Startup Cost": 0.0, "Total Cost": 113909.35, "Plan Rows": 173, "Plan Width": 4, "Actual Startup Time": 0.232, "Actual Total Time": 1649.23, "Actual Rows": 9062, "Actual Loops": 1, "Filter": "(((name)::text ~~ '%Tim%'::text) AND ((gender)::text = 'm'::text))", "Rows Removed by Filter": 4158428}, {"Node Type": "Bitmap Heap Scan", "Parent Relationship": "Inner", "Relation Name": "cast_info", "Alias": "ci", "Startup Cost": 4.39, "Total Cost": 76.19, "Plan Rows": 2, "Plan Width": 8, "Actual Startup Time": 124.289, "Actual Total Time": 139.59, "Actual Rows": 6719, "Actual Loops": 9062, "Recheck Cond": "(person_id = n.id)", "Rows Removed by Index Recheck": 0, "Filter": "((note)::text = ANY ('{(producer),\"(executive producer)\"}'::text[]))", "Rows Removed by Filter": 89309, "Exact Heap Blocks": 13336, "Lossy Heap Blocks": 13336, "Plans": [{"Node Type": "Bitmap Index Scan", "Parent Relationship": "Outer", "Index Name": "person_id_cast_info", "Startup Cost": 0.0, "Total Cost": 4.38, "Plan Rows": 18, "Plan Width": 0, "Actual Startup Time": 58.145, "Actual Total Time": 58.145, "Actual Rows": 96028, "Actual Loops": 9062, "Index Cond": "(person_id = n.id)"}]}]}, {"Node Type": "Bitmap Heap Scan", "Parent Relationship": "Inner", "Relation Name": "movie_info", "Alias": "mi", "Startup Cost": 0.39, "Total Cost": 4.45, "Plan Rows": 5, "Plan Width": 50, "Actual Startup Time": 64.179, "Actual Total Time": 146.472, "Actual Rows": 95896, "Actual Loops": 6719, "Recheck Cond": "(movie_id = ci.movie_id)", "Rows Removed by Index Recheck": 0, "Exact Heap Blocks": 40013, "Lossy Heap Blocks": 40013, "Plans": [{"Node Type": "Bitmap Index Scan", "Parent Relationship": "Outer", "Index Name": "movie_id_movie_info", "Startup Cost": 0.0, "Total Cost": 0.38, "Plan Rows": 5, "Plan Width": 0, "Actual Startup Time": 44.308, "Actual Total Time": 44.308, "Actual Rows": 95896, "Actual Loops": 6719, "Index Cond": "(movie_id = ci.movie_id)"}]}]}]}, {"Node Type": "Bitmap Heap Scan", "Parent Relationship": "Inner", "Relation Name": "movie_info_idx", "Alias": "mi_idx", "Startup Cost": 0.27, "Total Cost": 4.29, "Plan Rows": 2, "Plan Width": 13, "Actual Startup Time": 6.131, "Actual Total Time": 6.318, "Actual Rows": 1235, "Actual Loops": 699, "Recheck Cond": "(movie_id = mi.movie_id)", "Rows Removed by Index Recheck": 0, "Exact Heap Blocks": 419, "Lossy Heap Blocks": 419, "Plans": [{"Node Type": "Bitmap Index Scan", "Parent Relationship": "Outer", "Index Name": "movie_id_movie_info_idx", "Startup Cost": 0.0, "Total Cost": 0.27, "Plan Rows": 2, "Plan Width": 0, "Actual Startup Time": 4.423, "Actual Total Time": 4.423, "Actual Rows": 1235, "Actual Loops": 699, "Index Cond": "(movie_id = mi.movie_id)"}]}]}]}, {"Node Type": "Bitmap Heap Scan", "Parent Relationship": "Inner", "Relation Name": "title", "Alias": "t", "Startup Cost": 0.26, "Total Cost": 4.27, "Plan Rows": 1, "Plan Width": 21, "Actual Startup Time": 4.013, "Actual Total Time": 4.013, "Actual Rows": 410, "Actual Loops": 410, "Recheck Cond": "(id = mi.movie_id)", "Rows Removed by Index Recheck": 0, "Exact Heap Blocks": 410, "Lossy Heap Blocks": 410, "Plans": [{"Node Type": "Bitmap Index Scan", "Parent Relationship": "Outer", "Index Name": "title_pkey", "Startup Cost": 0.0, "Total Cost": 0.26, "Plan Rows": 1, "Plan Width": 0, "Actual Startup Time": 2.613, "Actual Total Time": 2.613, "Actual Rows": 410, "Actual Loops": 410, "Index Cond": "(id = mi.movie_id)"}]}]}]}, "Triggers": [], "Planner Runtime": 23.46, "Total Runtime": 2012.231, "Unique SQL Id": 4264520866}}, "(1, '19')": {"explain_plan": {"Plan": {"Node Type": "Aggregate", "Strategy": "Plain", "Startup Cost": 1000014018806.1, "Total Cost": 1000014018806.11, "Plan Rows": 1, "Plan Width": 160, "Plans": [{"Node Type": "Nested Loop", "Parent Relationship": "Outer", "Join Type": "Inner", "Startup Cost": 10000000002.15, "Total Cost": 1000014018806.04, "Plan Rows": 8, "Plan Width": 64, "Inner Unique": true, "Plans": [{"Node Type": "Nested Loop", "Parent Relationship": "Outer", "Join Type": "Inner", "Startup Cost": 10000000001.89, "Total Cost": 1000014018767.49, "Plan Rows": 9, "Plan Width": 59, "Inner Unique": true, "Plans": [{"Node Type": "Nested Loop", "Parent Relationship": "Outer", "Join Type": "Inner", "Startup Cost": 10000000001.63, "Total Cost": 1000014017572.6, "Plan Rows": 279, "Plan Width": 63, "Inner Unique": false, "Join Filter": "(mi_idx.movie_id = mi.movie_id)", "Plans": [{"Node Type": "Nested Loop", "Parent Relationship": "Outer", "Join Type": "Inner", "Startup Cost": 10000000001.24, "Total Cost": 1000014017338.06, "Plan Rows": 52, "Plan Width": 13, "Inner Unique": true, "Plans": [{"Node Type": "Nested Loop", "Parent Relationship": "Outer", "Join Type": "Inner", "Startup Cost": 10000000000.96, "Total Cost": 1000012216357.19, "Plan Rows": 417690, "Plan Width": 17, "Inner Unique": false, "Plans": [{"Node Type": "Nested Loop", "Parent Relationship": "Outer", "Join Type": "Inner", "Startup Cost": 10000000000.26, "Total Cost": 1000010560383.98, "Plan Rows": 345008, "Plan Width": 9, "Inner Unique": true, "Plans": [{"Node Type": "Index Scan", "Parent Relationship": "Outer", "Scan Direction": "Forward", "Index Name": "movie_id_movie_info_idx", "Relation Name": "movie_info_idx", "Alias": "mi_idx", "Startup Cost": 10000000000.0, "Total Cost": 1000004650035.37, "Plan Rows": 1380034, "Plan Width": 13}, {"Node Type": "Bitmap Heap Scan", "Parent Relationship": "Inner", "Relation Name": "info_type", "Alias": "it2", "Startup Cost": 0.26, "Total Cost": 4.27, "Plan Rows": 1, "Plan Width": 4, "Recheck Cond": "(id = mi_idx.info_type_id)", "Filter": "((info)::text = 'votes'::text)", "Plans": [{"Node Type": "Bitmap Index Scan", "Parent Relationship": "Outer", "Index Name": "info_type_pkey", "Startup Cost": 0.0, "Total Cost": 0.26, "Plan Rows": 1, "Plan Width": 0, "Index Cond": "(id = mi_idx.info_type_id)"}]}]}, {"Node Type": "Bitmap Heap Scan", "Parent Relationship": "Inner", "Relation Name": "cast_info", "Alias": "ci", "Startup Cost": 0.7, "Total Cost": 4.79, "Plan Rows": 1, "Plan Width": 8, "Recheck Cond": "(movie_id = mi_idx.movie_id)", "Filter": "((note)::text = ANY ('{(producer),\"(executive producer)\"}'::text[]))", "Plans": [{"Node Type": "Bitmap Index Scan", "Parent Relationship": "Outer", "Index Name": "movie_id_cast_info", "Startup Cost": 0.0, "Total Cost": 0.7, "Plan Rows": 6, "Plan Width": 0, "Index Cond": "(movie_id = mi_idx.movie_id)"}]}]}, {"Node Type": "Bitmap Heap Scan", "Parent Relationship": "Inner", "Relation Name": "name", "Alias": "n", "Startup Cost": 0.28, "Total Cost": 4.3, "Plan Rows": 1, "Plan Width": 4, "Recheck Cond": "(id = ci.person_id)", "Filter": "(((name)::text ~~ '%Tim%'::text) AND ((gender)::text = 'm'::text))", "Plans": [{"Node Type": "Bitmap Index Scan", "Parent Relationship": "Outer", "Index Name": "name_pkey", "Startup Cost": 0.0, "Total Cost": 0.28, "Plan Rows": 1, "Plan Width": 0, "Index Cond": "(id = ci.person_id)"}]}]}, {"Node Type": "Bitmap Heap Scan", "Parent Relationship": "Inner", "Relation Name": "movie_info", "Alias": "mi", "Startup Cost": 0.39, "Total Cost": 4.45, "Plan Rows": 5, "Plan Width": 50, "Recheck Cond": "(movie_id = ci.movie_id)", "Plans": [{"Node Type": "Bitmap Index Scan", "Parent Relationship": "Outer", "Index Name": "movie_id_movie_info", "Startup Cost": 0.0, "Total Cost": 0.38, "Plan Rows": 5, "Plan Width": 0, "Index Cond": "(movie_id = ci.movie_id)"}]}]}, {"Node Type": "Bitmap Heap Scan", "Parent Relationship": "Inner", "Relation Name": "info_type", "Alias": "it1", "Startup Cost": 0.26, "Total Cost": 4.27, "Plan Rows": 1, "Plan Width": 4, "Recheck Cond": "(id = mi.info_type_id)", "Filter": "((info)::text = 'budget'::text)", "Plans": [{"Node Type": "Bitmap Index Scan", "Parent Relationship": "Outer", "Index Name": "info_type_pkey", "Startup Cost": 0.0, "Total Cost": 0.26, "Plan Rows": 1, "Plan Width": 0, "Index Cond": "(id = mi.info_type_id)"}]}]}, {"Node Type": "Bitmap Heap Scan", "Parent Relationship": "Inner", "Relation Name": "title", "Alias": "t", "Startup Cost": 0.26, "Total Cost": 4.27, "Plan Rows": 1, "Plan Width": 21, "Recheck Cond": "(id = mi.movie_id)", "Plans": [{"Node Type": "Bitmap Index Scan", "Parent Relationship": "Outer", "Index Name": "title_pkey", "Startup Cost": 0.0, "Total Cost": 0.26, "Plan Rows": 1, "Plan Width": 0, "Index Cond": "(id = mi.movie_id)"}]}]}]}, "Unique SQL Id": 4264520866, "Planner Runtime": 9}, "explain_analyze_plan": null}, "(1, '20')": {"explain_plan": {"Plan": {"Node Type": "Aggregate", "Strategy": "Plain", "Startup Cost": 121637.44, "Total Cost": 121637.45, "Plan Rows": 1, "Plan Width": 160, "Plans": [{"Node Type": "Nested Loop", "Parent Relationship": "Outer", "Join Type": "Inner", "Startup Cost": 0.0, "Total Cost": 121637.38, "Plan Rows": 8, "Plan Width": 64, "Inner Unique": true, "Plans": [{"Node Type": "Nested Loop", "Parent Relationship": "Outer", "Join Type": "Inner", "Startup Cost": 0.0, "Total Cost": 121634.76, "Plan Rows": 9, "Plan Width": 59, "Inner Unique": false, "Join Filter": "(mi.info_type_id = it1.id)", "Plans": [{"Node Type": "Seq Scan", "Parent Relationship": "Outer", "Relation Name": "info_type", "Alias": "it1", "Startup Cost": 0.0, "Total Cost": 2.4, "Plan Rows": 1, "Plan Width": 4, "Filter": "((info)::text = 'budget'::text)"}, {"Node Type": "Nested Loop", "Parent Relationship": "Inner", "Join Type": "Inner", "Startup Cost": 0.0, "Total Cost": 121628.87, "Plan Rows": 279, "Plan Width": 63, "Inner Unique": false, "Join Filter": "(mi_idx.movie_id = mi.movie_id)", "Plans": [{"Node Type": "Nested Loop", "Parent Relationship": "Outer", "Join Type": "Inner", "Startup Cost": 0.0, "Total Cost": 121455.23, "Plan Rows": 228, "Plan Width": 13, "Inner Unique": false, "Join Filter": "(mi_idx.info_type_id = it2.id)", "Plans": [{"Node Type": "Seq Scan", "Parent Relationship": "Outer", "Relation Name": "info_type", "Alias": "it2", "Startup Cost": 0.0, "Total Cost": 2.4, "Plan Rows": 1, "Plan Width": 4, "Filter": "((info)::text = 'votes'::text)"}, {"Node Type": "Nested Loop", "Parent Relationship": "Inner", "Join Type": "Inner", "Startup Cost": 0.0, "Total Cost": 121448.51, "Plan Rows": 346, "Plan Width": 17, "Inner Unique": false, "Plans": [{"Node Type": "Nested Loop", "Parent Relationship": "Outer", "Join Type": "Inner", "Startup Cost": 0.0, "Total Cost": 121351.72, "Plan Rows": 294, "Plan Width": 4, "Inner Unique": false, "Plans": [{"Node Type": "Seq Scan", "Parent Relationship": "Outer", "Relation Name": "name", "Alias": "n", "Startup Cost": 0.0, "Total Cost": 113909.35, "Plan Rows": 173, "Plan Width": 4, "Filter": "(((name)::text ~~ '%Tim%'::text) AND ((gender)::text = 'm'::text))"}, {"Node Type": "Index Scan", "Parent Relationship": "Inner", "Scan Direction": "Forward", "Index Name": "person_id_cast_info", "Relation Name": "cast_info", "Alias": "ci", "Startup Cost": 0.0, "Total Cost": 43.0, "Plan Rows": 2, "Plan Width": 8, "Index Cond": "(person_id = n.id)", "Filter": "((note)::text = ANY ('{(producer),\"(executive producer)\"}'::text[]))"}]}, {"Node Type": "Index Scan", "Parent Relationship": "Inner", "Scan Direction": "Forward", "Index Name": "movie_id_movie_info_idx", "Relation Name": "movie_info_idx", "Alias": "mi_idx", "Startup Cost": 0.0, "Total Cost": 0.31, "Plan Rows": 2, "Plan Width": 13, "Index Cond": "(movie_id = ci.movie_id)"}]}]}, {"Node Type": "Index Scan", "Parent Relationship": "Inner", "Scan Direction": "Forward", "Index Name": "movie_id_movie_info", "Relation Name": "movie_info", "Alias": "mi", "Startup Cost": 0.0, "Total Cost": 0.7, "Plan Rows": 5, "Plan Width": 50, "Index Cond": "(movie_id = ci.movie_id)"}]}]}, {"Node Type": "Index Scan", "Parent Relationship": "Inner", "Scan Direction": "Forward", "Index Name": "title_pkey", "Relation Name": "title", "Alias": "t", "Startup Cost": 0.0, "Total Cost": 0.28, "Plan Rows": 1, "Plan Width": 21, "Index Cond": "(id = mi.movie_id)"}]}]}, "Unique SQL Id": 4264520866, "Planner Runtime": 30}, "explain_analyze_plan": {"Plan": {"Node Type": "Aggregate", "Strategy": "Plain", "Startup Cost": 121637.44, "Total Cost": 121637.45, "Plan Rows": 1, "Plan Width": 160, "Actual Startup Time": 1946.06, "Actual Total Time": 1946.061, "Actual Rows": 1, "Actual Loops": 1, "Plans": [{"Node Type": "Nested Loop", "Parent Relationship": "Outer", "Join Type": "Inner", "Startup Cost": 0.0, "Total Cost": 121637.38, "Plan Rows": 8, "Plan Width": 64, "Actual Startup Time": 1.019, "Actual Total Time": 1945.201, "Actual Rows": 410, "Actual Loops": 1, "Inner Unique": true, "Plans": [{"Node Type": "Nested Loop", "Parent Relationship": "Outer", "Join Type": "Inner", "Startup Cost": 0.0, "Total Cost": 121634.76, "Plan Rows": 9, "Plan Width": 59, "Actual Startup Time": 1.003, "Actual Total Time": 1941.357, "Actual Rows": 410, "Actual Loops": 1, "Inner Unique": false, "Join Filter": "(mi.info_type_id = it1.id)", "Rows Removed by Join Filter": 81998, "Plans": [{"Node Type": "Seq Scan", "Parent Relationship": "Outer", "Relation Name": "info_type", "Alias": "it1", "Startup Cost": 0.0, "Total Cost": 2.4, "Plan Rows": 1, "Plan Width": 4, "Actual Startup Time": 0.064, "Actual Total Time": 0.077, "Actual Rows": 1, "Actual Loops": 1, "Filter": "((info)::text = 'budget'::text)", "Rows Removed by Filter": 111}, {"Node Type": "Nested Loop", "Parent Relationship": "Inner", "Join Type": "Inner", "Startup Cost": 0.0, "Total Cost": 121628.87, "Plan Rows": 279, "Plan Width": 63, "Actual Startup Time": 0.896, "Actual Total Time": 1925.467, "Actual Rows": 82408, "Actual Loops": 1, "Inner Unique": false, "Join Filter": "(mi_idx.movie_id = mi.movie_id)", "Rows Removed by Join Filter": 0, "Plans": [{"Node Type": "Nested Loop", "Parent Relationship": "Outer", "Join Type": "Inner", "Startup Cost": 0.0, "Total Cost": 121455.23, "Plan Rows": 228, "Plan Width": 13, "Actual Startup Time": 0.872, "Actual Total Time": 1810.842, "Actual Rows": 3435, "Actual Loops": 1, "Inner Unique": false, "Join Filter": "(mi_idx.info_type_id = it2.id)", "Rows Removed by Join Filter": 6875, "Plans": [{"Node Type": "Seq Scan", "Parent Relationship": "Outer", "Relation Name": "info_type", "Alias": "it2", "Startup Cost": 0.0, "Total Cost": 2.4, "Plan Rows": 1, "Plan Width": 4, "Actual Startup Time": 0.055, "Actual Total Time": 0.071, "Actual Rows": 1, "Actual Loops": 1, "Filter": "((info)::text = 'votes'::text)", "Rows Removed by Filter": 111}, {"Node Type": "Nested Loop", "Parent Relationship": "Inner", "Join Type": "Inner", "Startup Cost": 0.0, "Total Cost": 121448.51, "Plan Rows": 346, "Plan Width": 17, "Actual Startup Time": 0.81, "Actual Total Time": 1808.014, "Actual Rows": 10310, "Actual Loops": 1, "Inner Unique": false, "Plans": [{"Node Type": "Nested Loop", "Parent Relationship": "Outer", "Join Type": "Inner", "Startup Cost": 0.0, "Total Cost": 121351.72, "Plan Rows": 294, "Plan Width": 4, "Actual Startup Time": 0.795, "Actual Total Time": 1772.718, "Actual Rows": 6719, "Actual Loops": 1, "Inner Unique": false, "Plans": [{"Node Type": "Seq Scan", "Parent Relationship": "Outer", "Relation Name": "name", "Alias": "n", "Startup Cost": 0.0, "Total Cost": 113909.35, "Plan Rows": 173, "Plan Width": 4, "Actual Startup Time": 0.247, "Actual Total Time": 1641.582, "Actual Rows": 9062, "Actual Loops": 1, "Filter": "(((name)::text ~~ '%Tim%'::text) AND ((gender)::text = 'm'::text))", "Rows Removed by Filter": 4158428}, {"Node Type": "Index Scan", "Parent Relationship": "Inner", "Scan Direction": "Forward", "Index Name": "person_id_cast_info", "Relation Name": "cast_info", "Alias": "ci", "Startup Cost": 0.0, "Total Cost": 43.0, "Plan Rows": 2, "Plan Width": 8, "Actual Startup Time": 105.466, "Actual Total Time": 124.176, "Actual Rows": 6719, "Actual Loops": 9062, "Index Cond": "(person_id = n.id)", "Rows Removed by Index Recheck": 0, "Filter": "((note)::text = ANY ('{(producer),\"(executive producer)\"}'::text[]))", "Rows Removed by Filter": 89309}]}, {"Node Type": "Index Scan", "Parent Relationship": "Inner", "Scan Direction": "Forward", "Index Name": "movie_id_movie_info_idx", "Relation Name": "movie_info_idx", "Alias": "mi_idx", "Startup Cost": 0.0, "Total Cost": 0.31, "Plan Rows": 2, "Plan Width": 13, "Actual Startup Time": 25.425, "Actual Total Time": 29.205, "Actual Rows": 10310, "Actual Loops": 6719, "Index Cond": "(movie_id = ci.movie_id)", "Rows Removed by Index Recheck": 0}]}]}, {"Node Type": "Index Scan", "Parent Relationship": "Inner", "Scan Direction": "Forward", "Index Name": "movie_id_movie_info", "Relation Name": "movie_info", "Alias": "mi", "Startup Cost": 0.0, "Total Cost": 0.7, "Plan Rows": 5, "Plan Width": 50, "Actual Startup Time": 21.873, "Actual Total Time": 85.276, "Actual Rows": 82408, "Actual Loops": 3435, "Index Cond": "(movie_id = ci.movie_id)", "Rows Removed by Index Recheck": 0}]}]}, {"Node Type": "Index Scan", "Parent Relationship": "Inner", "Scan Direction": "Forward", "Index Name": "title_pkey", "Relation Name": "title", "Alias": "t", "Startup Cost": 0.0, "Total Cost": 0.28, "Plan Rows": 1, "Plan Width": 21, "Actual Startup Time": 3.273, "Actual Total Time": 3.273, "Actual Rows": 410, "Actual Loops": 410, "Index Cond": "(id = mi.movie_id)", "Rows Removed by Index Recheck": 0}]}]}, "Triggers": [], "Planner Runtime": 30.258, "Total Runtime": 1946.374, "Unique SQL Id": 4264520866}}, "(1, '21')": {"explain_plan": {"Plan": {"Node Type": "Aggregate", "Strategy": "Plain", "Startup Cost": 204820.44, "Total Cost": 204820.45, "Plan Rows": 1, "Plan Width": 160, "Plans": [{"Node Type": "Nested Loop", "Parent Relationship": "Outer", "Join Type": "Inner", "Startup Cost": 0.0, "Total Cost": 204820.38, "Plan Rows": 8, "Plan Width": 64, "Inner Unique": true, "Plans": [{"Node Type": "Nested Loop", "Parent Relationship": "Outer", "Join Type": "Inner", "Startup Cost": 0.0, "Total Cost": 204817.75, "Plan Rows": 9, "Plan Width": 59, "Inner Unique": true, "Plans": [{"Node Type": "Nested Loop", "Parent Relationship": "Outer", "Join Type": "Inner", "Startup Cost": 0.0, "Total Cost": 204808.14, "Plan Rows": 34, "Plan Width": 63, "Inner Unique": false, "Plans": [{"Node Type": "Nested Loop", "Parent Relationship": "Outer", "Join Type": "Inner", "Startup Cost": 0.0, "Total Cost": 204766.51, "Plan Rows": 133, "Plan Width": 50, "Inner Unique": false, "Join Filter": "(mi.info_type_id = it1.id)", "Plans": [{"Node Type": "Index Scan", "Parent Relationship": "Outer", "Scan Direction": "Forward", "Index Name": "info_type_pkey", "Relation Name": "info_type", "Alias": "it1", "Startup Cost": 0.0, "Total Cost": 14.21, "Plan Rows": 1, "Plan Width": 4, "Filter": "((info)::text = 'budget'::text)"}, {"Node Type": "Nested Loop", "Parent Relationship": "Inner", "Join Type": "Inner", "Startup Cost": 0.0, "Total Cost": 204732.79, "Plan Rows": 1561, "Plan Width": 54, "Inner Unique": false, "Plans": [{"Node Type": "Nested Loop", "Parent Relationship": "Outer", "Join Type": "Inner", "Startup Cost": 0.0, "Total Cost": 204512.56, "Plan Rows": 294, "Plan Width": 4, "Inner Unique": false, "Plans": [{"Node Type": "Index Scan", "Parent Relationship": "Outer", "Scan Direction": "Forward", "Index Name": "name_pkey", "Relation Name": "name", "Alias": "n", "Startup Cost": 0.0, "Total Cost": 197070.2, "Plan Rows": 173, "Plan Width": 4, "Filter": "(((name)::text ~~ '%Tim%'::text) AND ((gender)::text = 'm'::text))"}, {"Node Type": "Index Scan", "Parent Relationship": "Inner", "Scan Direction": "Forward", "Index Name": "person_id_cast_info", "Relation Name": "cast_info", "Alias": "ci", "Startup Cost": 0.0, "Total Cost": 43.0, "Plan Rows": 2, "Plan Width": 8, "Index Cond": "(person_id = n.id)", "Filter": "((note)::text = ANY ('{(producer),\"(executive producer)\"}'::text[]))"}]}, {"Node Type": "Index Scan", "Parent Relationship": "Inner", "Scan Direction": "Forward", "Index Name": "movie_id_movie_info", "Relation Name": "movie_info", "Alias": "mi", "Startup Cost": 0.0, "Total Cost": 0.7, "Plan Rows": 5, "Plan Width": 50, "Index Cond": "(movie_id = ci.movie_id)"}]}]}, {"Node Type": "Index Scan", "Parent Relationship": "Inner", "Scan Direction": "Forward", "Index Name": "movie_id_movie_info_idx", "Relation Name": "movie_info_idx", "Alias": "mi_idx", "Startup Cost": 0.0, "Total Cost": 0.29, "Plan Rows": 2, "Plan Width": 13, "Index Cond": "(movie_id = mi.movie_id)"}]}, {"Node Type": "Index Scan", "Parent Relationship": "Inner", "Scan Direction": "Forward", "Index Name": "info_type_pkey", "Relation Name": "info_type", "Alias": "it2", "Startup Cost": 0.0, "Total Cost": 0.27, "Plan Rows": 1, "Plan Width": 4, "Index Cond": "(id = mi_idx.info_type_id)", "Filter": "((info)::text = 'votes'::text)"}]}, {"Node Type": "Index Scan", "Parent Relationship": "Inner", "Scan Direction": "Forward", "Index Name": "title_pkey", "Relation Name": "title", "Alias": "t", "Startup Cost": 0.0, "Total Cost": 0.28, "Plan Rows": 1, "Plan Width": 21, "Index Cond": "(id = mi.movie_id)"}]}]}, "Unique SQL Id": 4264520866, "Planner Runtime": 26}, "explain_analyze_plan": null}, "(1, '22')": {"explain_plan": {"Plan": {"Node Type": "Aggregate", "Strategy": "Plain", "Startup Cost": 129052.4, "Total Cost": 129052.41, "Plan Rows": 1, "Plan Width": 160, "Plans": [{"Node Type": "Nested Loop", "Parent Relationship": "Outer", "Join Type": "Inner", "Startup Cost": 5.3, "Total Cost": 129052.34, "Plan Rows": 8, "Plan Width": 64, "Inner Unique": true, "Plans": [{"Node Type": "Nested Loop", "Parent Relationship": "Outer", "Join Type": "Inner", "Startup Cost": 5.04, "Total Cost": 129013.79, "Plan Rows": 9, "Plan Width": 59, "Inner Unique": false, "Join Filter": "(mi_idx.info_type_id = it2.id)", "Plans": [{"Node Type": "Seq Scan", "Parent Relationship": "Outer", "Relation Name": "info_type", "Alias": "it2", "Startup Cost": 0.0, "Total Cost": 2.4, "Plan Rows": 1, "Plan Width": 4, "Filter": "((info)::text = 'votes'::text)"}, {"Node Type": "Nested Loop", "Parent Relationship": "Inner", "Join Type": "Inner", "Startup Cost": 5.04, "Total Cost": 129010.97, "Plan Rows": 34, "Plan Width": 63, "Inner Unique": false, "Plans": [{"Node Type": "Nested Loop", "Parent Relationship": "Outer", "Join Type": "Inner", "Startup Cost": 4.77, "Total Cost": 128437.5, "Plan Rows": 133, "Plan Width": 50, "Inner Unique": false, "Join Filter": "(mi.info_type_id = it1.id)", "Plans": [{"Node Type": "Seq Scan", "Parent Relationship": "Outer", "Relation Name": "info_type", "Alias": "it1", "Startup Cost": 0.0, "Total Cost": 2.4, "Plan Rows": 1, "Plan Width": 4, "Filter": "((info)::text = 'budget'::text)"}, {"Node Type": "Nested Loop", "Parent Relationship": "Inner", "Join Type": "Inner", "Startup Cost": 4.77, "Total Cost": 128415.58, "Plan Rows": 1561, "Plan Width": 54, "Inner Unique": false, "Plans": [{"Node Type": "Nested Loop", "Parent Relationship": "Outer", "Join Type": "Inner", "Startup Cost": 4.39, "Total Cost": 127093.19, "Plan Rows": 294, "Plan Width": 4, "Inner Unique": false, "Plans": [{"Node Type": "Seq Scan", "Parent Relationship": "Outer", "Relation Name": "name", "Alias": "n", "Startup Cost": 0.0, "Total Cost": 113909.35, "Plan Rows": 173, "Plan Width": 4, "Filter": "(((name)::text ~~ '%Tim%'::text) AND ((gender)::text = 'm'::text))"}, {"Node Type": "Bitmap Heap Scan", "Parent Relationship": "Inner", "Relation Name": "cast_info", "Alias": "ci", "Startup Cost": 4.39, "Total Cost": 76.19, "Plan Rows": 2, "Plan Width": 8, "Recheck Cond": "(person_id = n.id)", "Filter": "((note)::text = ANY ('{(producer),\"(executive producer)\"}'::text[]))", "Plans": [{"Node Type": "Bitmap Index Scan", "Parent Relationship": "Outer", "Index Name": "person_id_cast_info", "Startup Cost": 0.0, "Total Cost": 4.38, "Plan Rows": 18, "Plan Width": 0, "Index Cond": "(person_id = n.id)"}]}]}, {"Node Type": "Bitmap Heap Scan", "Parent Relationship": "Inner", "Relation Name": "movie_info", "Alias": "mi", "Startup Cost": 0.39, "Total Cost": 4.45, "Plan Rows": 5, "Plan Width": 50, "Recheck Cond": "(movie_id = ci.movie_id)", "Plans": [{"Node Type": "Bitmap Index Scan", "Parent Relationship": "Outer", "Index Name": "movie_id_movie_info", "Startup Cost": 0.0, "Total Cost": 0.38, "Plan Rows": 5, "Plan Width": 0, "Index Cond": "(movie_id = ci.movie_id)"}]}]}]}, {"Node Type": "Bitmap Heap Scan", "Parent Relationship": "Inner", "Relation Name": "movie_info_idx", "Alias": "mi_idx", "Startup Cost": 0.27, "Total Cost": 4.29, "Plan Rows": 2, "Plan Width": 13, "Recheck Cond": "(movie_id = mi.movie_id)", "Plans": [{"Node Type": "Bitmap Index Scan", "Parent Relationship": "Outer", "Index Name": "movie_id_movie_info_idx", "Startup Cost": 0.0, "Total Cost": 0.27, "Plan Rows": 2, "Plan Width": 0, "Index Cond": "(movie_id = mi.movie_id)"}]}]}]}, {"Node Type": "Bitmap Heap Scan", "Parent Relationship": "Inner", "Relation Name": "title", "Alias": "t", "Startup Cost": 0.26, "Total Cost": 4.27, "Plan Rows": 1, "Plan Width": 21, "Recheck Cond": "(id = mi.movie_id)", "Plans": [{"Node Type": "Bitmap Index Scan", "Parent Relationship": "Outer", "Index Name": "title_pkey", "Startup Cost": 0.0, "Total Cost": 0.26, "Plan Rows": 1, "Plan Width": 0, "Index Cond": "(id = mi.movie_id)"}]}]}]}, "Unique SQL Id": 4264520866, "Planner Runtime": 23}, "explain_analyze_plan": {"Plan": {"Node Type": "Aggregate", "Strategy": "Plain", "Startup Cost": 129052.4, "Total Cost": 129052.41, "Plan Rows": 1, "Plan Width": 160, "Actual Startup Time": 2011.873, "Actual Total Time": 2011.874, "Actual Rows": 1, "Actual Loops": 1, "Plans": [{"Node Type": "Nested Loop", "Parent Relationship": "Outer", "Join Type": "Inner", "Startup Cost": 5.3, "Total Cost": 129052.34, "Plan Rows": 8, "Plan Width": 64, "Actual Startup Time": 1.021, "Actual Total Time": 2010.729, "Actual Rows": 410, "Actual Loops": 1, "Inner Unique": true, "Plans": [{"Node Type": "Nested Loop", "Parent Relationship": "Outer", "Join Type": "Inner", "Startup Cost": 5.04, "Total Cost": 129013.79, "Plan Rows": 9, "Plan Width": 59, "Actual Startup Time": 1.006, "Actual Total Time": 2005.842, "Actual Rows": 410, "Actual Loops": 1, "Inner Unique": false, "Join Filter": "(mi_idx.info_type_id = it2.id)", "Rows Removed by Join Filter": 825, "Plans": [{"Node Type": "Seq Scan", "Parent Relationship": "Outer", "Relation Name": "info_type", "Alias": "it2", "Startup Cost": 0.0, "Total Cost": 2.4, "Plan Rows": 1, "Plan Width": 4, "Actual Startup Time": 0.058, "Actual Total Time": 0.071, "Actual Rows": 1, "Actual Loops": 1, "Filter": "((info)::text = 'votes'::text)", "Rows Removed by Filter": 111}, {"Node Type": "Nested Loop", "Parent Relationship": "Inner", "Join Type": "Inner", "Startup Cost": 5.04, "Total Cost": 129010.97, "Plan Rows": 34, "Plan Width": 63, "Actual Startup Time": 0.941, "Actual Total Time": 2005.266, "Actual Rows": 1235, "Actual Loops": 1, "Inner Unique": false, "Plans": [{"Node Type": "Nested Loop", "Parent Relationship": "Outer", "Join Type": "Inner", "Startup Cost": 4.77, "Total Cost": 128437.5, "Plan Rows": 133, "Plan Width": 50, "Actual Startup Time": 0.926, "Actual Total Time": 1997.322, "Actual Rows": 699, "Actual Loops": 1, "Inner Unique": false, "Join Filter": "(mi.info_type_id = it1.id)", "Rows Removed by Join Filter": 95197, "Plans": [{"Node Type": "Seq Scan", "Parent Relationship": "Outer", "Relation Name": "info_type", "Alias": "it1", "Startup Cost": 0.0, "Total Cost": 2.4, "Plan Rows": 1, "Plan Width": 4, "Actual Startup Time": 0.041, "Actual Total Time": 0.054, "Actual Rows": 1, "Actual Loops": 1, "Filter": "((info)::text = 'budget'::text)", "Rows Removed by Filter": 111}, {"Node Type": "Nested Loop", "Parent Relationship": "Inner", "Join Type": "Inner", "Startup Cost": 4.77, "Total Cost": 128415.58, "Plan Rows": 1561, "Plan Width": 54, "Actual Startup Time": 0.851, "Actual Total Time": 1977.819, "Actual Rows": 95896, "Actual Loops": 1, "Inner Unique": false, "Plans": [{"Node Type": "Nested Loop", "Parent Relationship": "Outer", "Join Type": "Inner", "Startup Cost": 4.39, "Total Cost": 127093.19, "Plan Rows": 294, "Plan Width": 4, "Actual Startup Time": 0.817, "Actual Total Time": 1802.279, "Actual Rows": 6719, "Actual Loops": 1, "Inner Unique": false, "Plans": [{"Node Type": "Seq Scan", "Parent Relationship": "Outer", "Relation Name": "name", "Alias": "n", "Startup Cost": 0.0, "Total Cost": 113909.35, "Plan Rows": 173, "Plan Width": 4, "Actual Startup Time": 0.232, "Actual Total Time": 1649.23, "Actual Rows": 9062, "Actual Loops": 1, "Filter": "(((name)::text ~~ '%Tim%'::text) AND ((gender)::text = 'm'::text))", "Rows Removed by Filter": 4158428}, {"Node Type": "Bitmap Heap Scan", "Parent Relationship": "Inner", "Relation Name": "cast_info", "Alias": "ci", "Startup Cost": 4.39, "Total Cost": 76.19, "Plan Rows": 2, "Plan Width": 8, "Actual Startup Time": 124.289, "Actual Total Time": 139.59, "Actual Rows": 6719, "Actual Loops": 9062, "Recheck Cond": "(person_id = n.id)", "Rows Removed by Index Recheck": 0, "Filter": "((note)::text = ANY ('{(producer),\"(executive producer)\"}'::text[]))", "Rows Removed by Filter": 89309, "Exact Heap Blocks": 13336, "Lossy Heap Blocks": 13336, "Plans": [{"Node Type": "Bitmap Index Scan", "Parent Relationship": "Outer", "Index Name": "person_id_cast_info", "Startup Cost": 0.0, "Total Cost": 4.38, "Plan Rows": 18, "Plan Width": 0, "Actual Startup Time": 58.145, "Actual Total Time": 58.145, "Actual Rows": 96028, "Actual Loops": 9062, "Index Cond": "(person_id = n.id)"}]}]}, {"Node Type": "Bitmap Heap Scan", "Parent Relationship": "Inner", "Relation Name": "movie_info", "Alias": "mi", "Startup Cost": 0.39, "Total Cost": 4.45, "Plan Rows": 5, "Plan Width": 50, "Actual Startup Time": 64.179, "Actual Total Time": 146.472, "Actual Rows": 95896, "Actual Loops": 6719, "Recheck Cond": "(movie_id = ci.movie_id)", "Rows Removed by Index Recheck": 0, "Exact Heap Blocks": 40013, "Lossy Heap Blocks": 40013, "Plans": [{"Node Type": "Bitmap Index Scan", "Parent Relationship": "Outer", "Index Name": "movie_id_movie_info", "Startup Cost": 0.0, "Total Cost": 0.38, "Plan Rows": 5, "Plan Width": 0, "Actual Startup Time": 44.308, "Actual Total Time": 44.308, "Actual Rows": 95896, "Actual Loops": 6719, "Index Cond": "(movie_id = ci.movie_id)"}]}]}]}, {"Node Type": "Bitmap Heap Scan", "Parent Relationship": "Inner", "Relation Name": "movie_info_idx", "Alias": "mi_idx", "Startup Cost": 0.27, "Total Cost": 4.29, "Plan Rows": 2, "Plan Width": 13, "Actual Startup Time": 6.131, "Actual Total Time": 6.318, "Actual Rows": 1235, "Actual Loops": 699, "Recheck Cond": "(movie_id = mi.movie_id)", "Rows Removed by Index Recheck": 0, "Exact Heap Blocks": 419, "Lossy Heap Blocks": 419, "Plans": [{"Node Type": "Bitmap Index Scan", "Parent Relationship": "Outer", "Index Name": "movie_id_movie_info_idx", "Startup Cost": 0.0, "Total Cost": 0.27, "Plan Rows": 2, "Plan Width": 0, "Actual Startup Time": 4.423, "Actual Total Time": 4.423, "Actual Rows": 1235, "Actual Loops": 699, "Index Cond": "(movie_id = mi.movie_id)"}]}]}]}, {"Node Type": "Bitmap Heap Scan", "Parent Relationship": "Inner", "Relation Name": "title", "Alias": "t", "Startup Cost": 0.26, "Total Cost": 4.27, "Plan Rows": 1, "Plan Width": 21, "Actual Startup Time": 4.013, "Actual Total Time": 4.013, "Actual Rows": 410, "Actual Loops": 410, "Recheck Cond": "(id = mi.movie_id)", "Rows Removed by Index Recheck": 0, "Exact Heap Blocks": 410, "Lossy Heap Blocks": 410, "Plans": [{"Node Type": "Bitmap Index Scan", "Parent Relationship": "Outer", "Index Name": "title_pkey", "Startup Cost": 0.0, "Total Cost": 0.26, "Plan Rows": 1, "Plan Width": 0, "Actual Startup Time": 2.613, "Actual Total Time": 2.613, "Actual Rows": 410, "Actual Loops": 410, "Index Cond": "(id = mi.movie_id)"}]}]}]}, "Triggers": [], "Planner Runtime": 23.46, "Total Runtime": 2012.231, "Unique SQL Id": 4264520866}}, "(1, '23')": {"explain_plan": {"Plan": {"Node Type": "Aggregate", "Strategy": "Plain", "Startup Cost": 1000014018806.1, "Total Cost": 1000014018806.11, "Plan Rows": 1, "Plan Width": 160, "Plans": [{"Node Type": "Nested Loop", "Parent Relationship": "Outer", "Join Type": "Inner", "Startup Cost": 10000000002.15, "Total Cost": 1000014018806.04, "Plan Rows": 8, "Plan Width": 64, "Inner Unique": true, "Plans": [{"Node Type": "Nested Loop", "Parent Relationship": "Outer", "Join Type": "Inner", "Startup Cost": 10000000001.89, "Total Cost": 1000014018767.49, "Plan Rows": 9, "Plan Width": 59, "Inner Unique": true, "Plans": [{"Node Type": "Nested Loop", "Parent Relationship": "Outer", "Join Type": "Inner", "Startup Cost": 10000000001.63, "Total Cost": 1000014017572.6, "Plan Rows": 279, "Plan Width": 63, "Inner Unique": false, "Join Filter": "(mi_idx.movie_id = mi.movie_id)", "Plans": [{"Node Type": "Nested Loop", "Parent Relationship": "Outer", "Join Type": "Inner", "Startup Cost": 10000000001.24, "Total Cost": 1000014017338.06, "Plan Rows": 52, "Plan Width": 13, "Inner Unique": true, "Plans": [{"Node Type": "Nested Loop", "Parent Relationship": "Outer", "Join Type": "Inner", "Startup Cost": 10000000000.96, "Total Cost": 1000012216357.19, "Plan Rows": 417690, "Plan Width": 17, "Inner Unique": false, "Plans": [{"Node Type": "Nested Loop", "Parent Relationship": "Outer", "Join Type": "Inner", "Startup Cost": 10000000000.26, "Total Cost": 1000010560383.98, "Plan Rows": 345008, "Plan Width": 9, "Inner Unique": true, "Plans": [{"Node Type": "Index Scan", "Parent Relationship": "Outer", "Scan Direction": "Forward", "Index Name": "movie_id_movie_info_idx", "Relation Name": "movie_info_idx", "Alias": "mi_idx", "Startup Cost": 10000000000.0, "Total Cost": 1000004650035.37, "Plan Rows": 1380034, "Plan Width": 13}, {"Node Type": "Bitmap Heap Scan", "Parent Relationship": "Inner", "Relation Name": "info_type", "Alias": "it2", "Startup Cost": 0.26, "Total Cost": 4.27, "Plan Rows": 1, "Plan Width": 4, "Recheck Cond": "(id = mi_idx.info_type_id)", "Filter": "((info)::text = 'votes'::text)", "Plans": [{"Node Type": "Bitmap Index Scan", "Parent Relationship": "Outer", "Index Name": "info_type_pkey", "Startup Cost": 0.0, "Total Cost": 0.26, "Plan Rows": 1, "Plan Width": 0, "Index Cond": "(id = mi_idx.info_type_id)"}]}]}, {"Node Type": "Bitmap Heap Scan", "Parent Relationship": "Inner", "Relation Name": "cast_info", "Alias": "ci", "Startup Cost": 0.7, "Total Cost": 4.79, "Plan Rows": 1, "Plan Width": 8, "Recheck Cond": "(movie_id = mi_idx.movie_id)", "Filter": "((note)::text = ANY ('{(producer),\"(executive producer)\"}'::text[]))", "Plans": [{"Node Type": "Bitmap Index Scan", "Parent Relationship": "Outer", "Index Name": "movie_id_cast_info", "Startup Cost": 0.0, "Total Cost": 0.7, "Plan Rows": 6, "Plan Width": 0, "Index Cond": "(movie_id = mi_idx.movie_id)"}]}]}, {"Node Type": "Bitmap Heap Scan", "Parent Relationship": "Inner", "Relation Name": "name", "Alias": "n", "Startup Cost": 0.28, "Total Cost": 4.3, "Plan Rows": 1, "Plan Width": 4, "Recheck Cond": "(id = ci.person_id)", "Filter": "(((name)::text ~~ '%Tim%'::text) AND ((gender)::text = 'm'::text))", "Plans": [{"Node Type": "Bitmap Index Scan", "Parent Relationship": "Outer", "Index Name": "name_pkey", "Startup Cost": 0.0, "Total Cost": 0.28, "Plan Rows": 1, "Plan Width": 0, "Index Cond": "(id = ci.person_id)"}]}]}, {"Node Type": "Bitmap Heap Scan", "Parent Relationship": "Inner", "Relation Name": "movie_info", "Alias": "mi", "Startup Cost": 0.39, "Total Cost": 4.45, "Plan Rows": 5, "Plan Width": 50, "Recheck Cond": "(movie_id = ci.movie_id)", "Plans": [{"Node Type": "Bitmap Index Scan", "Parent Relationship": "Outer", "Index Name": "movie_id_movie_info", "Startup Cost": 0.0, "Total Cost": 0.38, "Plan Rows": 5, "Plan Width": 0, "Index Cond": "(movie_id = ci.movie_id)"}]}]}, {"Node Type": "Bitmap Heap Scan", "Parent Relationship": "Inner", "Relation Name": "info_type", "Alias": "it1", "Startup Cost": 0.26, "Total Cost": 4.27, "Plan Rows": 1, "Plan Width": 4, "Recheck Cond": "(id = mi.info_type_id)", "Filter": "((info)::text = 'budget'::text)", "Plans": [{"Node Type": "Bitmap Index Scan", "Parent Relationship": "Outer", "Index Name": "info_type_pkey", "Startup Cost": 0.0, "Total Cost": 0.26, "Plan Rows": 1, "Plan Width": 0, "Index Cond": "(id = mi.info_type_id)"}]}]}, {"Node Type": "Bitmap Heap Scan", "Parent Relationship": "Inner", "Relation Name": "title", "Alias": "t", "Startup Cost": 0.26, "Total Cost": 4.27, "Plan Rows": 1, "Plan Width": 21, "Recheck Cond": "(id = mi.movie_id)", "Plans": [{"Node Type": "Bitmap Index Scan", "Parent Relationship": "Outer", "Index Name": "title_pkey", "Startup Cost": 0.0, "Total Cost": 0.26, "Plan Rows": 1, "Plan Width": 0, "Index Cond": "(id = mi.movie_id)"}]}]}]}, "Unique SQL Id": 4264520866, "Planner Runtime": 9}, "explain_analyze_plan": null}, "(1, '24')": {"explain_plan": {"Plan": {"Node Type": "Aggregate", "Strategy": "Plain", "Startup Cost": 121637.44, "Total Cost": 121637.45, "Plan Rows": 1, "Plan Width": 160, "Plans": [{"Node Type": "Nested Loop", "Parent Relationship": "Outer", "Join Type": "Inner", "Startup Cost": 0.0, "Total Cost": 121637.38, "Plan Rows": 8, "Plan Width": 64, "Inner Unique": true, "Plans": [{"Node Type": "Nested Loop", "Parent Relationship": "Outer", "Join Type": "Inner", "Startup Cost": 0.0, "Total Cost": 121634.76, "Plan Rows": 9, "Plan Width": 59, "Inner Unique": false, "Join Filter": "(mi.info_type_id = it1.id)", "Plans": [{"Node Type": "Seq Scan", "Parent Relationship": "Outer", "Relation Name": "info_type", "Alias": "it1", "Startup Cost": 0.0, "Total Cost": 2.4, "Plan Rows": 1, "Plan Width": 4, "Filter": "((info)::text = 'budget'::text)"}, {"Node Type": "Nested Loop", "Parent Relationship": "Inner", "Join Type": "Inner", "Startup Cost": 0.0, "Total Cost": 121628.87, "Plan Rows": 279, "Plan Width": 63, "Inner Unique": false, "Join Filter": "(mi_idx.movie_id = mi.movie_id)", "Plans": [{"Node Type": "Nested Loop", "Parent Relationship": "Outer", "Join Type": "Inner", "Startup Cost": 0.0, "Total Cost": 121455.23, "Plan Rows": 228, "Plan Width": 13, "Inner Unique": false, "Join Filter": "(mi_idx.info_type_id = it2.id)", "Plans": [{"Node Type": "Seq Scan", "Parent Relationship": "Outer", "Relation Name": "info_type", "Alias": "it2", "Startup Cost": 0.0, "Total Cost": 2.4, "Plan Rows": 1, "Plan Width": 4, "Filter": "((info)::text = 'votes'::text)"}, {"Node Type": "Nested Loop", "Parent Relationship": "Inner", "Join Type": "Inner", "Startup Cost": 0.0, "Total Cost": 121448.51, "Plan Rows": 346, "Plan Width": 17, "Inner Unique": false, "Plans": [{"Node Type": "Nested Loop", "Parent Relationship": "Outer", "Join Type": "Inner", "Startup Cost": 0.0, "Total Cost": 121351.72, "Plan Rows": 294, "Plan Width": 4, "Inner Unique": false, "Plans": [{"Node Type": "Seq Scan", "Parent Relationship": "Outer", "Relation Name": "name", "Alias": "n", "Startup Cost": 0.0, "Total Cost": 113909.35, "Plan Rows": 173, "Plan Width": 4, "Filter": "(((name)::text ~~ '%Tim%'::text) AND ((gender)::text = 'm'::text))"}, {"Node Type": "Index Scan", "Parent Relationship": "Inner", "Scan Direction": "Forward", "Index Name": "person_id_cast_info", "Relation Name": "cast_info", "Alias": "ci", "Startup Cost": 0.0, "Total Cost": 43.0, "Plan Rows": 2, "Plan Width": 8, "Index Cond": "(person_id = n.id)", "Filter": "((note)::text = ANY ('{(producer),\"(executive producer)\"}'::text[]))"}]}, {"Node Type": "Index Scan", "Parent Relationship": "Inner", "Scan Direction": "Forward", "Index Name": "movie_id_movie_info_idx", "Relation Name": "movie_info_idx", "Alias": "mi_idx", "Startup Cost": 0.0, "Total Cost": 0.31, "Plan Rows": 2, "Plan Width": 13, "Index Cond": "(movie_id = ci.movie_id)"}]}]}, {"Node Type": "Index Scan", "Parent Relationship": "Inner", "Scan Direction": "Forward", "Index Name": "movie_id_movie_info", "Relation Name": "movie_info", "Alias": "mi", "Startup Cost": 0.0, "Total Cost": 0.7, "Plan Rows": 5, "Plan Width": 50, "Index Cond": "(movie_id = ci.movie_id)"}]}]}, {"Node Type": "Index Scan", "Parent Relationship": "Inner", "Scan Direction": "Forward", "Index Name": "title_pkey", "Relation Name": "title", "Alias": "t", "Startup Cost": 0.0, "Total Cost": 0.28, "Plan Rows": 1, "Plan Width": 21, "Index Cond": "(id = mi.movie_id)"}]}]}, "Unique SQL Id": 4264520866, "Planner Runtime": 28}, "explain_analyze_plan": {"Plan": {"Node Type": "Aggregate", "Strategy": "Plain", "Startup Cost": 121637.44, "Total Cost": 121637.45, "Plan Rows": 1, "Plan Width": 160, "Actual Startup Time": 1946.06, "Actual Total Time": 1946.061, "Actual Rows": 1, "Actual Loops": 1, "Plans": [{"Node Type": "Nested Loop", "Parent Relationship": "Outer", "Join Type": "Inner", "Startup Cost": 0.0, "Total Cost": 121637.38, "Plan Rows": 8, "Plan Width": 64, "Actual Startup Time": 1.019, "Actual Total Time": 1945.201, "Actual Rows": 410, "Actual Loops": 1, "Inner Unique": true, "Plans": [{"Node Type": "Nested Loop", "Parent Relationship": "Outer", "Join Type": "Inner", "Startup Cost": 0.0, "Total Cost": 121634.76, "Plan Rows": 9, "Plan Width": 59, "Actual Startup Time": 1.003, "Actual Total Time": 1941.357, "Actual Rows": 410, "Actual Loops": 1, "Inner Unique": false, "Join Filter": "(mi.info_type_id = it1.id)", "Rows Removed by Join Filter": 81998, "Plans": [{"Node Type": "Seq Scan", "Parent Relationship": "Outer", "Relation Name": "info_type", "Alias": "it1", "Startup Cost": 0.0, "Total Cost": 2.4, "Plan Rows": 1, "Plan Width": 4, "Actual Startup Time": 0.064, "Actual Total Time": 0.077, "Actual Rows": 1, "Actual Loops": 1, "Filter": "((info)::text = 'budget'::text)", "Rows Removed by Filter": 111}, {"Node Type": "Nested Loop", "Parent Relationship": "Inner", "Join Type": "Inner", "Startup Cost": 0.0, "Total Cost": 121628.87, "Plan Rows": 279, "Plan Width": 63, "Actual Startup Time": 0.896, "Actual Total Time": 1925.467, "Actual Rows": 82408, "Actual Loops": 1, "Inner Unique": false, "Join Filter": "(mi_idx.movie_id = mi.movie_id)", "Rows Removed by Join Filter": 0, "Plans": [{"Node Type": "Nested Loop", "Parent Relationship": "Outer", "Join Type": "Inner", "Startup Cost": 0.0, "Total Cost": 121455.23, "Plan Rows": 228, "Plan Width": 13, "Actual Startup Time": 0.872, "Actual Total Time": 1810.842, "Actual Rows": 3435, "Actual Loops": 1, "Inner Unique": false, "Join Filter": "(mi_idx.info_type_id = it2.id)", "Rows Removed by Join Filter": 6875, "Plans": [{"Node Type": "Seq Scan", "Parent Relationship": "Outer", "Relation Name": "info_type", "Alias": "it2", "Startup Cost": 0.0, "Total Cost": 2.4, "Plan Rows": 1, "Plan Width": 4, "Actual Startup Time": 0.055, "Actual Total Time": 0.071, "Actual Rows": 1, "Actual Loops": 1, "Filter": "((info)::text = 'votes'::text)", "Rows Removed by Filter": 111}, {"Node Type": "Nested Loop", "Parent Relationship": "Inner", "Join Type": "Inner", "Startup Cost": 0.0, "Total Cost": 121448.51, "Plan Rows": 346, "Plan Width": 17, "Actual Startup Time": 0.81, "Actual Total Time": 1808.014, "Actual Rows": 10310, "Actual Loops": 1, "Inner Unique": false, "Plans": [{"Node Type": "Nested Loop", "Parent Relationship": "Outer", "Join Type": "Inner", "Startup Cost": 0.0, "Total Cost": 121351.72, "Plan Rows": 294, "Plan Width": 4, "Actual Startup Time": 0.795, "Actual Total Time": 1772.718, "Actual Rows": 6719, "Actual Loops": 1, "Inner Unique": false, "Plans": [{"Node Type": "Seq Scan", "Parent Relationship": "Outer", "Relation Name": "name", "Alias": "n", "Startup Cost": 0.0, "Total Cost": 113909.35, "Plan Rows": 173, "Plan Width": 4, "Actual Startup Time": 0.247, "Actual Total Time": 1641.582, "Actual Rows": 9062, "Actual Loops": 1, "Filter": "(((name)::text ~~ '%Tim%'::text) AND ((gender)::text = 'm'::text))", "Rows Removed by Filter": 4158428}, {"Node Type": "Index Scan", "Parent Relationship": "Inner", "Scan Direction": "Forward", "Index Name": "person_id_cast_info", "Relation Name": "cast_info", "Alias": "ci", "Startup Cost": 0.0, "Total Cost": 43.0, "Plan Rows": 2, "Plan Width": 8, "Actual Startup Time": 105.466, "Actual Total Time": 124.176, "Actual Rows": 6719, "Actual Loops": 9062, "Index Cond": "(person_id = n.id)", "Rows Removed by Index Recheck": 0, "Filter": "((note)::text = ANY ('{(producer),\"(executive producer)\"}'::text[]))", "Rows Removed by Filter": 89309}]}, {"Node Type": "Index Scan", "Parent Relationship": "Inner", "Scan Direction": "Forward", "Index Name": "movie_id_movie_info_idx", "Relation Name": "movie_info_idx", "Alias": "mi_idx", "Startup Cost": 0.0, "Total Cost": 0.31, "Plan Rows": 2, "Plan Width": 13, "Actual Startup Time": 25.425, "Actual Total Time": 29.205, "Actual Rows": 10310, "Actual Loops": 6719, "Index Cond": "(movie_id = ci.movie_id)", "Rows Removed by Index Recheck": 0}]}]}, {"Node Type": "Index Scan", "Parent Relationship": "Inner", "Scan Direction": "Forward", "Index Name": "movie_id_movie_info", "Relation Name": "movie_info", "Alias": "mi", "Startup Cost": 0.0, "Total Cost": 0.7, "Plan Rows": 5, "Plan Width": 50, "Actual Startup Time": 21.873, "Actual Total Time": 85.276, "Actual Rows": 82408, "Actual Loops": 3435, "Index Cond": "(movie_id = ci.movie_id)", "Rows Removed by Index Recheck": 0}]}]}, {"Node Type": "Index Scan", "Parent Relationship": "Inner", "Scan Direction": "Forward", "Index Name": "title_pkey", "Relation Name": "title", "Alias": "t", "Startup Cost": 0.0, "Total Cost": 0.28, "Plan Rows": 1, "Plan Width": 21, "Actual Startup Time": 3.273, "Actual Total Time": 3.273, "Actual Rows": 410, "Actual Loops": 410, "Index Cond": "(id = mi.movie_id)", "Rows Removed by Index Recheck": 0}]}]}, "Triggers": [], "Planner Runtime": 30.258, "Total Runtime": 1946.374, "Unique SQL Id": 4264520866}}, "(1, '25')": {"explain_plan": {"Plan": {"Node Type": "Aggregate", "Strategy": "Plain", "Startup Cost": 204820.44, "Total Cost": 204820.45, "Plan Rows": 1, "Plan Width": 160, "Plans": [{"Node Type": "Nested Loop", "Parent Relationship": "Outer", "Join Type": "Inner", "Startup Cost": 0.0, "Total Cost": 204820.38, "Plan Rows": 8, "Plan Width": 64, "Inner Unique": true, "Plans": [{"Node Type": "Nested Loop", "Parent Relationship": "Outer", "Join Type": "Inner", "Startup Cost": 0.0, "Total Cost": 204817.75, "Plan Rows": 9, "Plan Width": 59, "Inner Unique": true, "Plans": [{"Node Type": "Nested Loop", "Parent Relationship": "Outer", "Join Type": "Inner", "Startup Cost": 0.0, "Total Cost": 204808.14, "Plan Rows": 34, "Plan Width": 63, "Inner Unique": false, "Plans": [{"Node Type": "Nested Loop", "Parent Relationship": "Outer", "Join Type": "Inner", "Startup Cost": 0.0, "Total Cost": 204766.51, "Plan Rows": 133, "Plan Width": 50, "Inner Unique": false, "Join Filter": "(mi.info_type_id = it1.id)", "Plans": [{"Node Type": "Index Scan", "Parent Relationship": "Outer", "Scan Direction": "Forward", "Index Name": "info_type_pkey", "Relation Name": "info_type", "Alias": "it1", "Startup Cost": 0.0, "Total Cost": 14.21, "Plan Rows": 1, "Plan Width": 4, "Filter": "((info)::text = 'budget'::text)"}, {"Node Type": "Nested Loop", "Parent Relationship": "Inner", "Join Type": "Inner", "Startup Cost": 0.0, "Total Cost": 204732.79, "Plan Rows": 1561, "Plan Width": 54, "Inner Unique": false, "Plans": [{"Node Type": "Nested Loop", "Parent Relationship": "Outer", "Join Type": "Inner", "Startup Cost": 0.0, "Total Cost": 204512.56, "Plan Rows": 294, "Plan Width": 4, "Inner Unique": false, "Plans": [{"Node Type": "Index Scan", "Parent Relationship": "Outer", "Scan Direction": "Forward", "Index Name": "name_pkey", "Relation Name": "name", "Alias": "n", "Startup Cost": 0.0, "Total Cost": 197070.2, "Plan Rows": 173, "Plan Width": 4, "Filter": "(((name)::text ~~ '%Tim%'::text) AND ((gender)::text = 'm'::text))"}, {"Node Type": "Index Scan", "Parent Relationship": "Inner", "Scan Direction": "Forward", "Index Name": "person_id_cast_info", "Relation Name": "cast_info", "Alias": "ci", "Startup Cost": 0.0, "Total Cost": 43.0, "Plan Rows": 2, "Plan Width": 8, "Index Cond": "(person_id = n.id)", "Filter": "((note)::text = ANY ('{(producer),\"(executive producer)\"}'::text[]))"}]}, {"Node Type": "Index Scan", "Parent Relationship": "Inner", "Scan Direction": "Forward", "Index Name": "movie_id_movie_info", "Relation Name": "movie_info", "Alias": "mi", "Startup Cost": 0.0, "Total Cost": 0.7, "Plan Rows": 5, "Plan Width": 50, "Index Cond": "(movie_id = ci.movie_id)"}]}]}, {"Node Type": "Index Scan", "Parent Relationship": "Inner", "Scan Direction": "Forward", "Index Name": "movie_id_movie_info_idx", "Relation Name": "movie_info_idx", "Alias": "mi_idx", "Startup Cost": 0.0, "Total Cost": 0.29, "Plan Rows": 2, "Plan Width": 13, "Index Cond": "(movie_id = mi.movie_id)"}]}, {"Node Type": "Index Scan", "Parent Relationship": "Inner", "Scan Direction": "Forward", "Index Name": "info_type_pkey", "Relation Name": "info_type", "Alias": "it2", "Startup Cost": 0.0, "Total Cost": 0.27, "Plan Rows": 1, "Plan Width": 4, "Index Cond": "(id = mi_idx.info_type_id)", "Filter": "((info)::text = 'votes'::text)"}]}, {"Node Type": "Index Scan", "Parent Relationship": "Inner", "Scan Direction": "Forward", "Index Name": "title_pkey", "Relation Name": "title", "Alias": "t", "Startup Cost": 0.0, "Total Cost": 0.28, "Plan Rows": 1, "Plan Width": 21, "Index Cond": "(id = mi.movie_id)"}]}]}, "Unique SQL Id": 4264520866, "Planner Runtime": 25}, "explain_analyze_plan": null}, "(1, '26')": {"explain_plan": {"Plan": {"Node Type": "Aggregate", "Strategy": "Plain", "Startup Cost": 1982239.28, "Total Cost": 1982239.29, "Plan Rows": 1, "Plan Width": 160, "Plans": [{"Node Type": "Merge Join", "Parent Relationship": "Outer", "Join Type": "Inner", "Startup Cost": 1966812.12, "Total Cost": 1982239.21, "Plan Rows": 9, "Plan Width": 64, "Inner Unique": true, "Merge Cond": "(mi.movie_id = t.id)", "Plans": [{"Node Type": "Merge Join", "Parent Relationship": "Outer", "Join Type": "Inner", "Startup Cost": 1637860.07, "Total Cost": 1640654.77, "Plan Rows": 9, "Plan Width": 59, "Inner Unique": false, "Merge Cond": "(mi_idx.movie_id = mi.movie_id)", "Plans": [{"Node Type": "Merge Join", "Parent Relationship": "Outer", "Join Type": "Inner", "Startup Cost": 1136199.15, "Total Cost": 1137929.2, "Plan Rows": 228, "Plan Width": 13, "Inner Unique": false, "Merge Cond": "(ci.movie_id = mi_idx.movie_id)", "Plans": [{"Node Type": "Sort", "Parent Relationship": "Outer", "Startup Cost": 1066937.68, "Total Cost": 1066938.42, "Plan Rows": 294, "Plan Width": 4, "Sort Key": ["ci.movie_id"], "Plans": [{"Node Type": "Merge Join", "Parent Relationship": "Outer", "Join Type": "Inner", "Startup Cost": 1055170.11, "Total Cost": 1066925.63, "Plan Rows": 294, "Plan Width": 4, "Inner Unique": false, "Merge Cond": "(n.id = ci.person_id)", "Plans": [{"Node Type": "Sort", "Parent Relationship": "Outer", "Startup Cost": 113915.78, "Total Cost": 113916.21, "Plan Rows": 173, "Plan Width": 4, "Sort Key": ["n.id"], "Plans": [{"Node Type": "Seq Scan", "Parent Relationship": "Outer", "Relation Name": "name", "Alias": "n", "Startup Cost": 0.0, "Total Cost": 113909.35, "Plan Rows": 173, "Plan Width": 4, "Filter": "(((name)::text ~~ '%Tim%'::text) AND ((gender)::text = 'm'::text))"}]}, {"Node Type": "Sort", "Parent Relationship": "Inner", "Startup Cost": 941253.96, "Total Cost": 947130.01, "Plan Rows": 2350421, "Plan Width": 8, "Sort Key": ["ci.person_id"], "Plans": [{"Node Type": "Seq Scan", "Parent Relationship": "Outer", "Relation Name": "cast_info", "Alias": "ci", "Startup Cost": 0.0, "Total Cost": 692526.68, "Plan Rows": 2350421, "Plan Width": 8, "Filter": "((note)::text = ANY ('{(producer),\"(executive producer)\"}'::text[]))"}]}]}]}, {"Node Type": "Sort", "Parent Relationship": "Inner", "Startup Cost": 69261.47, "Total Cost": 70123.99, "Plan Rows": 345008, "Plan Width": 9, "Sort Key": ["mi_idx.movie_id"], "Plans": [{"Node Type": "Nested Loop", "Parent Relationship": "Outer", "Join Type": "Inner", "Startup Cost": 0.0, "Total Cost": 37527.17, "Plan Rows": 345008, "Plan Width": 9, "Inner Unique": false, "Join Filter": "(it2.id = mi_idx.info_type_id), (LLVM Optimized)", "Plans": [{"Node Type": "Seq Scan", "Parent Relationship": "Outer", "Relation Name": "info_type", "Alias": "it2", "Startup Cost": 0.0, "Total Cost": 2.4, "Plan Rows": 1, "Plan Width": 4, "Filter": "((info)::text = 'votes'::text)"}, {"Node Type": "Seq Scan", "Parent Relationship": "Inner", "Relation Name": "movie_info_idx", "Alias": "mi_idx", "Startup Cost": 0.0, "Total Cost": 20274.34, "Plan Rows": 1380034, "Plan Width": 13}]}]}]}, {"Node Type": "Sort", "Parent Relationship": "Inner", "Startup Cost": 501660.92, "Total Cost": 502191.99, "Plan Rows": 212428, "Plan Width": 46, "Sort Key": ["mi.movie_id"], "Plans": [{"Node Type": "Nested Loop", "Parent Relationship": "Outer", "Join Type": "Inner", "Startup Cost": 0.0, "Total Cost": 482864.64, "Plan Rows": 212428, "Plan Width": 46, "Inner Unique": false, "Join Filter": "(it1.id = mi.info_type_id), (LLVM Optimized)", "Plans": [{"Node Type": "Seq Scan", "Parent Relationship": "Outer", "Relation Name": "info_type", "Alias": "it1", "Startup Cost": 0.0, "Total Cost": 2.4, "Plan Rows": 1, "Plan Width": 4, "Filter": "((info)::text = 'budget'::text)"}, {"Node Type": "Seq Scan", "Parent Relationship": "Inner", "Relation Name": "movie_info", "Alias": "mi", "Startup Cost": 0.0, "Total Cost": 296987.66, "Plan Rows": 14869966, "Plan Width": 50}]}]}]}, {"Node Type": "Sort", "Parent Relationship": "Inner", "Startup Cost": 328951.73, "Total Cost": 335272.51, "Plan Rows": 2528311, "Plan Width": 21, "Sort Key": ["t.id"], "Plans": [{"Node Type": "Seq Scan", "Parent Relationship": "Outer", "Relation Name": "title", "Alias": "t", "Startup Cost": 0.0, "Total Cost": 60069.11, "Plan Rows": 2528311, "Plan Width": 21}]}]}]}, "Unique SQL Id": 4264520866, "Planner Runtime": 36}, "explain_analyze_plan": null}, "(1, '27')": {"explain_plan": {"Plan": {"Node Type": "Aggregate", "Strategy": "Plain", "Startup Cost": 6977526256601.85, "Total Cost": 6977526256601.86, "Plan Rows": 1, "Plan Width": 160, "Plans": [{"Node Type": "Nested Loop", "Parent Relationship": "Outer", "Join Type": "Inner", "Startup Cost": 70031174542.45, "Total Cost": 6977526256601.78, "Plan Rows": 9, "Plan Width": 64, "Inner Unique": true, "Join Filter": "(mi.info_type_id = it1.id)", "Plans": [{"Node Type": "Nested Loop", "Parent Relationship": "Outer", "Join Type": "Inner", "Startup Cost": 60031174542.45, "Total Cost": 5977526255162.41, "Plan Rows": 1225, "Plan Width": 68, "Inner Unique": true, "Join Filter": "(mi_idx.info_type_id = it2.id)", "Plans": [{"Node Type": "Nested Loop", "Parent Relationship": "Outer", "Join Type": "Inner", "Startup Cost": 50031174542.45, "Total Cost": 4977526253713.56, "Plan Rows": 1856, "Plan Width": 72, "Inner Unique": false, "Join Filter": "(t.id = mi.movie_id)", "Plans": [{"Node Type": "Index Scan", "Parent Relationship": "Outer", "Scan Direction": "Forward", "Index Name": "info_type_id_movie_info", "Relation Name": "movie_info", "Alias": "mi", "Startup Cost": 10000000000.0, "Total Cost": 1000103683953.62, "Plan Rows": 14869966, "Plan Width": 50}, {"Node Type": "Materialize", "Parent Relationship": "Inner", "Startup Cost": 40031174542.45, "Total Cost": 3977345394637.27, "Plan Rows": 346, "Plan Width": 38, "Plans": [{"Node Type": "Nested Loop", "Parent Relationship": "Outer", "Join Type": "Inner", "Startup Cost": 40031174542.45, "Total Cost": 3977345394635.54, "Plan Rows": 346, "Plan Width": 38, "Inner Unique": true, "Join Filter": "(mi_idx.movie_id = t.id)", "Plans": [{"Node Type": "Nested Loop", "Parent Relationship": "Outer", "Join Type": "Inner", "Startup Cost": 30031174542.45, "Total Cost": 2977321254331.76, "Plan Rows": 346, "Plan Width": 17, "Inner Unique": false, "Join Filter": "(ci.movie_id = mi_idx.movie_id)", "Plans": [{"Node Type": "Index Scan", "Parent Relationship": "Outer", "Scan Direction": "Forward", "Index Name": "info_type_id_movie_info_idx", "Relation Name": "movie_info_idx", "Alias": "mi_idx", "Startup Cost": 10000000000.0, "Total Cost": 1000006370838.27, "Plan Rows": 1380034, "Plan Width": 13}, {"Node Type": "Materialize", "Parent Relationship": "Inner", "Startup Cost": 20031174542.45, "Total Cost": 1977308797544.29, "Plan Rows": 294, "Plan Width": 4, "Plans": [{"Node Type": "Merge Join", "Parent Relationship": "Outer", "Join Type": "Inner", "Startup Cost": 20031174542.45, "Total Cost": 1977308797542.82, "Plan Rows": 294, "Plan Width": 4, "Inner Unique": true, "Merge Cond": "(ci.person_id = n.id)", "Plans": [{"Node Type": "Index Scan", "Parent Relationship": "Outer", "Scan Direction": "Forward", "Index Name": "person_id_cast_info", "Relation Name": "cast_info", "Alias": "ci", "Startup Cost": 10000000000.0, "Total Cost": 1000179713706.71, "Plan Rows": 2350421, "Plan Width": 8, "Filter": "((note)::text = ANY ('{(producer),\"(executive producer)\"}'::text[]))"}, {"Node Type": "Materialize", "Parent Relationship": "Inner", "Startup Cost": 10000000000.0, "Total Cost": 1000019707020.14, "Plan Rows": 173, "Plan Width": 4, "Plans": [{"Node Type": "Index Scan", "Parent Relationship": "Outer", "Scan Direction": "Forward", "Index Name": "name_pkey", "Relation Name": "name", "Alias": "n", "Startup Cost": 10000000000.0, "Total Cost": 1000019707019.7, "Plan Rows": 173, "Plan Width": 4, "Filter": "(((name)::text ~~ '%Tim%'::text) AND ((gender)::text = 'm'::text))"}]}]}]}]}, {"Node Type": "Materialize", "Parent Relationship": "Inner", "Startup Cost": 10000000000.0, "Total Cost": 1000011024690.47, "Plan Rows": 2528311, "Plan Width": 21, "Plans": [{"Node Type": "Index Scan", "Parent Relationship": "Outer", "Scan Direction": "Forward", "Index Name": "title_pkey", "Relation Name": "title", "Alias": "t", "Startup Cost": 10000000000.0, "Total Cost": 1000011012048.91, "Plan Rows": 2528311, "Plan Width": 21}]}]}]}]}, {"Node Type": "Materialize", "Parent Relationship": "Inner", "Startup Cost": 10000000000.0, "Total Cost": 1000000001421.0, "Plan Rows": 1, "Plan Width": 4, "Plans": [{"Node Type": "Index Scan", "Parent Relationship": "Outer", "Scan Direction": "Forward", "Index Name": "info_type_pkey", "Relation Name": "info_type", "Alias": "it2", "Startup Cost": 10000000000.0, "Total Cost": 1000000001421.0, "Plan Rows": 1, "Plan Width": 4, "Filter": "((info)::text = 'votes'::text)"}]}]}, {"Node Type": "Materialize", "Parent Relationship": "Inner", "Startup Cost": 10000000000.0, "Total Cost": 1000000001421.0, "Plan Rows": 1, "Plan Width": 4, "Plans": [{"Node Type": "Index Scan", "Parent Relationship": "Outer", "Scan Direction": "Forward", "Index Name": "info_type_pkey", "Relation Name": "info_type", "Alias": "it1", "Startup Cost": 10000000000.0, "Total Cost": 1000000001421.0, "Plan Rows": 1, "Plan Width": 4, "Filter": "((info)::text = 'budget'::text)"}]}]}]}, "Unique SQL Id": 4264520866, "Planner Runtime": 42}, "explain_analyze_plan": null}, "(1, '28')": {"explain_plan": {"Plan": {"Node Type": "Aggregate", "Strategy": "Plain", "Startup Cost": 121637.44, "Total Cost": 121637.45, "Plan Rows": 1, "Plan Width": 160, "Plans": [{"Node Type": "Nested Loop", "Parent Relationship": "Outer", "Join Type": "Inner", "Startup Cost": 0.0, "Total Cost": 121637.38, "Plan Rows": 8, "Plan Width": 64, "Inner Unique": true, "Plans": [{"Node Type": "Nested Loop", "Parent Relationship": "Outer", "Join Type": "Inner", "Startup Cost": 0.0, "Total Cost": 121634.76, "Plan Rows": 9, "Plan Width": 59, "Inner Unique": false, "Join Filter": "(mi.info_type_id = it1.id)", "Plans": [{"Node Type": "Seq Scan", "Parent Relationship": "Outer", "Relation Name": "info_type", "Alias": "it1", "Startup Cost": 0.0, "Total Cost": 2.4, "Plan Rows": 1, "Plan Width": 4, "Filter": "((info)::text = 'budget'::text)"}, {"Node Type": "Nested Loop", "Parent Relationship": "Inner", "Join Type": "Inner", "Startup Cost": 0.0, "Total Cost": 121628.87, "Plan Rows": 279, "Plan Width": 63, "Inner Unique": false, "Join Filter": "(mi_idx.movie_id = mi.movie_id)", "Plans": [{"Node Type": "Nested Loop", "Parent Relationship": "Outer", "Join Type": "Inner", "Startup Cost": 0.0, "Total Cost": 121455.23, "Plan Rows": 228, "Plan Width": 13, "Inner Unique": false, "Join Filter": "(mi_idx.info_type_id = it2.id)", "Plans": [{"Node Type": "Seq Scan", "Parent Relationship": "Outer", "Relation Name": "info_type", "Alias": "it2", "Startup Cost": 0.0, "Total Cost": 2.4, "Plan Rows": 1, "Plan Width": 4, "Filter": "((info)::text = 'votes'::text)"}, {"Node Type": "Nested Loop", "Parent Relationship": "Inner", "Join Type": "Inner", "Startup Cost": 0.0, "Total Cost": 121448.51, "Plan Rows": 346, "Plan Width": 17, "Inner Unique": false, "Plans": [{"Node Type": "Nested Loop", "Parent Relationship": "Outer", "Join Type": "Inner", "Startup Cost": 0.0, "Total Cost": 121351.72, "Plan Rows": 294, "Plan Width": 4, "Inner Unique": false, "Plans": [{"Node Type": "Seq Scan", "Parent Relationship": "Outer", "Relation Name": "name", "Alias": "n", "Startup Cost": 0.0, "Total Cost": 113909.35, "Plan Rows": 173, "Plan Width": 4, "Filter": "(((name)::text ~~ '%Tim%'::text) AND ((gender)::text = 'm'::text))"}, {"Node Type": "Index Scan", "Parent Relationship": "Inner", "Scan Direction": "Forward", "Index Name": "person_id_cast_info", "Relation Name": "cast_info", "Alias": "ci", "Startup Cost": 0.0, "Total Cost": 43.0, "Plan Rows": 2, "Plan Width": 8, "Index Cond": "(person_id = n.id)", "Filter": "((note)::text = ANY ('{(producer),\"(executive producer)\"}'::text[]))"}]}, {"Node Type": "Index Scan", "Parent Relationship": "Inner", "Scan Direction": "Forward", "Index Name": "movie_id_movie_info_idx", "Relation Name": "movie_info_idx", "Alias": "mi_idx", "Startup Cost": 0.0, "Total Cost": 0.31, "Plan Rows": 2, "Plan Width": 13, "Index Cond": "(movie_id = ci.movie_id)"}]}]}, {"Node Type": "Index Scan", "Parent Relationship": "Inner", "Scan Direction": "Forward", "Index Name": "movie_id_movie_info", "Relation Name": "movie_info", "Alias": "mi", "Startup Cost": 0.0, "Total Cost": 0.7, "Plan Rows": 5, "Plan Width": 50, "Index Cond": "(movie_id = ci.movie_id)"}]}]}, {"Node Type": "Index Scan", "Parent Relationship": "Inner", "Scan Direction": "Forward", "Index Name": "title_pkey", "Relation Name": "title", "Alias": "t", "Startup Cost": 0.0, "Total Cost": 0.28, "Plan Rows": 1, "Plan Width": 21, "Index Cond": "(id = mi.movie_id)"}]}]}, "Unique SQL Id": 4264520866, "Planner Runtime": 29}, "explain_analyze_plan": {"Plan": {"Node Type": "Aggregate", "Strategy": "Plain", "Startup Cost": 121637.44, "Total Cost": 121637.45, "Plan Rows": 1, "Plan Width": 160, "Actual Startup Time": 1946.06, "Actual Total Time": 1946.061, "Actual Rows": 1, "Actual Loops": 1, "Plans": [{"Node Type": "Nested Loop", "Parent Relationship": "Outer", "Join Type": "Inner", "Startup Cost": 0.0, "Total Cost": 121637.38, "Plan Rows": 8, "Plan Width": 64, "Actual Startup Time": 1.019, "Actual Total Time": 1945.201, "Actual Rows": 410, "Actual Loops": 1, "Inner Unique": true, "Plans": [{"Node Type": "Nested Loop", "Parent Relationship": "Outer", "Join Type": "Inner", "Startup Cost": 0.0, "Total Cost": 121634.76, "Plan Rows": 9, "Plan Width": 59, "Actual Startup Time": 1.003, "Actual Total Time": 1941.357, "Actual Rows": 410, "Actual Loops": 1, "Inner Unique": false, "Join Filter": "(mi.info_type_id = it1.id)", "Rows Removed by Join Filter": 81998, "Plans": [{"Node Type": "Seq Scan", "Parent Relationship": "Outer", "Relation Name": "info_type", "Alias": "it1", "Startup Cost": 0.0, "Total Cost": 2.4, "Plan Rows": 1, "Plan Width": 4, "Actual Startup Time": 0.064, "Actual Total Time": 0.077, "Actual Rows": 1, "Actual Loops": 1, "Filter": "((info)::text = 'budget'::text)", "Rows Removed by Filter": 111}, {"Node Type": "Nested Loop", "Parent Relationship": "Inner", "Join Type": "Inner", "Startup Cost": 0.0, "Total Cost": 121628.87, "Plan Rows": 279, "Plan Width": 63, "Actual Startup Time": 0.896, "Actual Total Time": 1925.467, "Actual Rows": 82408, "Actual Loops": 1, "Inner Unique": false, "Join Filter": "(mi_idx.movie_id = mi.movie_id)", "Rows Removed by Join Filter": 0, "Plans": [{"Node Type": "Nested Loop", "Parent Relationship": "Outer", "Join Type": "Inner", "Startup Cost": 0.0, "Total Cost": 121455.23, "Plan Rows": 228, "Plan Width": 13, "Actual Startup Time": 0.872, "Actual Total Time": 1810.842, "Actual Rows": 3435, "Actual Loops": 1, "Inner Unique": false, "Join Filter": "(mi_idx.info_type_id = it2.id)", "Rows Removed by Join Filter": 6875, "Plans": [{"Node Type": "Seq Scan", "Parent Relationship": "Outer", "Relation Name": "info_type", "Alias": "it2", "Startup Cost": 0.0, "Total Cost": 2.4, "Plan Rows": 1, "Plan Width": 4, "Actual Startup Time": 0.055, "Actual Total Time": 0.071, "Actual Rows": 1, "Actual Loops": 1, "Filter": "((info)::text = 'votes'::text)", "Rows Removed by Filter": 111}, {"Node Type": "Nested Loop", "Parent Relationship": "Inner", "Join Type": "Inner", "Startup Cost": 0.0, "Total Cost": 121448.51, "Plan Rows": 346, "Plan Width": 17, "Actual Startup Time": 0.81, "Actual Total Time": 1808.014, "Actual Rows": 10310, "Actual Loops": 1, "Inner Unique": false, "Plans": [{"Node Type": "Nested Loop", "Parent Relationship": "Outer", "Join Type": "Inner", "Startup Cost": 0.0, "Total Cost": 121351.72, "Plan Rows": 294, "Plan Width": 4, "Actual Startup Time": 0.795, "Actual Total Time": 1772.718, "Actual Rows": 6719, "Actual Loops": 1, "Inner Unique": false, "Plans": [{"Node Type": "Seq Scan", "Parent Relationship": "Outer", "Relation Name": "name", "Alias": "n", "Startup Cost": 0.0, "Total Cost": 113909.35, "Plan Rows": 173, "Plan Width": 4, "Actual Startup Time": 0.247, "Actual Total Time": 1641.582, "Actual Rows": 9062, "Actual Loops": 1, "Filter": "(((name)::text ~~ '%Tim%'::text) AND ((gender)::text = 'm'::text))", "Rows Removed by Filter": 4158428}, {"Node Type": "Index Scan", "Parent Relationship": "Inner", "Scan Direction": "Forward", "Index Name": "person_id_cast_info", "Relation Name": "cast_info", "Alias": "ci", "Startup Cost": 0.0, "Total Cost": 43.0, "Plan Rows": 2, "Plan Width": 8, "Actual Startup Time": 105.466, "Actual Total Time": 124.176, "Actual Rows": 6719, "Actual Loops": 9062, "Index Cond": "(person_id = n.id)", "Rows Removed by Index Recheck": 0, "Filter": "((note)::text = ANY ('{(producer),\"(executive producer)\"}'::text[]))", "Rows Removed by Filter": 89309}]}, {"Node Type": "Index Scan", "Parent Relationship": "Inner", "Scan Direction": "Forward", "Index Name": "movie_id_movie_info_idx", "Relation Name": "movie_info_idx", "Alias": "mi_idx", "Startup Cost": 0.0, "Total Cost": 0.31, "Plan Rows": 2, "Plan Width": 13, "Actual Startup Time": 25.425, "Actual Total Time": 29.205, "Actual Rows": 10310, "Actual Loops": 6719, "Index Cond": "(movie_id = ci.movie_id)", "Rows Removed by Index Recheck": 0}]}]}, {"Node Type": "Index Scan", "Parent Relationship": "Inner", "Scan Direction": "Forward", "Index Name": "movie_id_movie_info", "Relation Name": "movie_info", "Alias": "mi", "Startup Cost": 0.0, "Total Cost": 0.7, "Plan Rows": 5, "Plan Width": 50, "Actual Startup Time": 21.873, "Actual Total Time": 85.276, "Actual Rows": 82408, "Actual Loops": 3435, "Index Cond": "(movie_id = ci.movie_id)", "Rows Removed by Index Recheck": 0}]}]}, {"Node Type": "Index Scan", "Parent Relationship": "Inner", "Scan Direction": "Forward", "Index Name": "title_pkey", "Relation Name": "title", "Alias": "t", "Startup Cost": 0.0, "Total Cost": 0.28, "Plan Rows": 1, "Plan Width": 21, "Actual Startup Time": 3.273, "Actual Total Time": 3.273, "Actual Rows": 410, "Actual Loops": 410, "Index Cond": "(id = mi.movie_id)", "Rows Removed by Index Recheck": 0}]}]}, "Triggers": [], "Planner Runtime": 30.258, "Total Runtime": 1946.374, "Unique SQL Id": 4264520866}}, "(1, '29')": {"explain_plan": {"Plan": {"Node Type": "Aggregate", "Strategy": "Plain", "Startup Cost": 204820.44, "Total Cost": 204820.45, "Plan Rows": 1, "Plan Width": 160, "Plans": [{"Node Type": "Nested Loop", "Parent Relationship": "Outer", "Join Type": "Inner", "Startup Cost": 0.0, "Total Cost": 204820.38, "Plan Rows": 8, "Plan Width": 64, "Inner Unique": true, "Plans": [{"Node Type": "Nested Loop", "Parent Relationship": "Outer", "Join Type": "Inner", "Startup Cost": 0.0, "Total Cost": 204817.75, "Plan Rows": 9, "Plan Width": 59, "Inner Unique": true, "Plans": [{"Node Type": "Nested Loop", "Parent Relationship": "Outer", "Join Type": "Inner", "Startup Cost": 0.0, "Total Cost": 204808.14, "Plan Rows": 34, "Plan Width": 63, "Inner Unique": false, "Plans": [{"Node Type": "Nested Loop", "Parent Relationship": "Outer", "Join Type": "Inner", "Startup Cost": 0.0, "Total Cost": 204766.51, "Plan Rows": 133, "Plan Width": 50, "Inner Unique": false, "Join Filter": "(mi.info_type_id = it1.id)", "Plans": [{"Node Type": "Index Scan", "Parent Relationship": "Outer", "Scan Direction": "Forward", "Index Name": "info_type_pkey", "Relation Name": "info_type", "Alias": "it1", "Startup Cost": 0.0, "Total Cost": 14.21, "Plan Rows": 1, "Plan Width": 4, "Filter": "((info)::text = 'budget'::text)"}, {"Node Type": "Nested Loop", "Parent Relationship": "Inner", "Join Type": "Inner", "Startup Cost": 0.0, "Total Cost": 204732.79, "Plan Rows": 1561, "Plan Width": 54, "Inner Unique": false, "Plans": [{"Node Type": "Nested Loop", "Parent Relationship": "Outer", "Join Type": "Inner", "Startup Cost": 0.0, "Total Cost": 204512.56, "Plan Rows": 294, "Plan Width": 4, "Inner Unique": false, "Plans": [{"Node Type": "Index Scan", "Parent Relationship": "Outer", "Scan Direction": "Forward", "Index Name": "name_pkey", "Relation Name": "name", "Alias": "n", "Startup Cost": 0.0, "Total Cost": 197070.2, "Plan Rows": 173, "Plan Width": 4, "Filter": "(((name)::text ~~ '%Tim%'::text) AND ((gender)::text = 'm'::text))"}, {"Node Type": "Index Scan", "Parent Relationship": "Inner", "Scan Direction": "Forward", "Index Name": "person_id_cast_info", "Relation Name": "cast_info", "Alias": "ci", "Startup Cost": 0.0, "Total Cost": 43.0, "Plan Rows": 2, "Plan Width": 8, "Index Cond": "(person_id = n.id)", "Filter": "((note)::text = ANY ('{(producer),\"(executive producer)\"}'::text[]))"}]}, {"Node Type": "Index Scan", "Parent Relationship": "Inner", "Scan Direction": "Forward", "Index Name": "movie_id_movie_info", "Relation Name": "movie_info", "Alias": "mi", "Startup Cost": 0.0, "Total Cost": 0.7, "Plan Rows": 5, "Plan Width": 50, "Index Cond": "(movie_id = ci.movie_id)"}]}]}, {"Node Type": "Index Scan", "Parent Relationship": "Inner", "Scan Direction": "Forward", "Index Name": "movie_id_movie_info_idx", "Relation Name": "movie_info_idx", "Alias": "mi_idx", "Startup Cost": 0.0, "Total Cost": 0.29, "Plan Rows": 2, "Plan Width": 13, "Index Cond": "(movie_id = mi.movie_id)"}]}, {"Node Type": "Index Scan", "Parent Relationship": "Inner", "Scan Direction": "Forward", "Index Name": "info_type_pkey", "Relation Name": "info_type", "Alias": "it2", "Startup Cost": 0.0, "Total Cost": 0.27, "Plan Rows": 1, "Plan Width": 4, "Index Cond": "(id = mi_idx.info_type_id)", "Filter": "((info)::text = 'votes'::text)"}]}, {"Node Type": "Index Scan", "Parent Relationship": "Inner", "Scan Direction": "Forward", "Index Name": "title_pkey", "Relation Name": "title", "Alias": "t", "Startup Cost": 0.0, "Total Cost": 0.28, "Plan Rows": 1, "Plan Width": 21, "Index Cond": "(id = mi.movie_id)"}]}]}, "Unique SQL Id": 4264520866, "Planner Runtime": 25}, "explain_analyze_plan": null}, "(1, '30')": {"explain_plan": {"Plan": {"Node Type": "Aggregate", "Strategy": "Plain", "Startup Cost": 1982239.28, "Total Cost": 1982239.29, "Plan Rows": 1, "Plan Width": 160, "Plans": [{"Node Type": "Merge Join", "Parent Relationship": "Outer", "Join Type": "Inner", "Startup Cost": 1966812.12, "Total Cost": 1982239.21, "Plan Rows": 9, "Plan Width": 64, "Inner Unique": true, "Merge Cond": "(mi.movie_id = t.id)", "Plans": [{"Node Type": "Merge Join", "Parent Relationship": "Outer", "Join Type": "Inner", "Startup Cost": 1637860.07, "Total Cost": 1640654.77, "Plan Rows": 9, "Plan Width": 59, "Inner Unique": false, "Merge Cond": "(mi_idx.movie_id = mi.movie_id)", "Plans": [{"Node Type": "Merge Join", "Parent Relationship": "Outer", "Join Type": "Inner", "Startup Cost": 1136199.15, "Total Cost": 1137929.2, "Plan Rows": 228, "Plan Width": 13, "Inner Unique": false, "Merge Cond": "(ci.movie_id = mi_idx.movie_id)", "Plans": [{"Node Type": "Sort", "Parent Relationship": "Outer", "Startup Cost": 1066937.68, "Total Cost": 1066938.42, "Plan Rows": 294, "Plan Width": 4, "Sort Key": ["ci.movie_id"], "Plans": [{"Node Type": "Merge Join", "Parent Relationship": "Outer", "Join Type": "Inner", "Startup Cost": 1055170.11, "Total Cost": 1066925.63, "Plan Rows": 294, "Plan Width": 4, "Inner Unique": false, "Merge Cond": "(n.id = ci.person_id)", "Plans": [{"Node Type": "Sort", "Parent Relationship": "Outer", "Startup Cost": 113915.78, "Total Cost": 113916.21, "Plan Rows": 173, "Plan Width": 4, "Sort Key": ["n.id"], "Plans": [{"Node Type": "Seq Scan", "Parent Relationship": "Outer", "Relation Name": "name", "Alias": "n", "Startup Cost": 0.0, "Total Cost": 113909.35, "Plan Rows": 173, "Plan Width": 4, "Filter": "(((name)::text ~~ '%Tim%'::text) AND ((gender)::text = 'm'::text))"}]}, {"Node Type": "Sort", "Parent Relationship": "Inner", "Startup Cost": 941253.96, "Total Cost": 947130.01, "Plan Rows": 2350421, "Plan Width": 8, "Sort Key": ["ci.person_id"], "Plans": [{"Node Type": "Seq Scan", "Parent Relationship": "Outer", "Relation Name": "cast_info", "Alias": "ci", "Startup Cost": 0.0, "Total Cost": 692526.68, "Plan Rows": 2350421, "Plan Width": 8, "Filter": "((note)::text = ANY ('{(producer),\"(executive producer)\"}'::text[]))"}]}]}]}, {"Node Type": "Sort", "Parent Relationship": "Inner", "Startup Cost": 69261.47, "Total Cost": 70123.99, "Plan Rows": 345008, "Plan Width": 9, "Sort Key": ["mi_idx.movie_id"], "Plans": [{"Node Type": "Nested Loop", "Parent Relationship": "Outer", "Join Type": "Inner", "Startup Cost": 0.0, "Total Cost": 37527.17, "Plan Rows": 345008, "Plan Width": 9, "Inner Unique": false, "Join Filter": "(it2.id = mi_idx.info_type_id), (LLVM Optimized)", "Plans": [{"Node Type": "Seq Scan", "Parent Relationship": "Outer", "Relation Name": "info_type", "Alias": "it2", "Startup Cost": 0.0, "Total Cost": 2.4, "Plan Rows": 1, "Plan Width": 4, "Filter": "((info)::text = 'votes'::text)"}, {"Node Type": "Seq Scan", "Parent Relationship": "Inner", "Relation Name": "movie_info_idx", "Alias": "mi_idx", "Startup Cost": 0.0, "Total Cost": 20274.34, "Plan Rows": 1380034, "Plan Width": 13}]}]}]}, {"Node Type": "Sort", "Parent Relationship": "Inner", "Startup Cost": 501660.92, "Total Cost": 502191.99, "Plan Rows": 212428, "Plan Width": 46, "Sort Key": ["mi.movie_id"], "Plans": [{"Node Type": "Nested Loop", "Parent Relationship": "Outer", "Join Type": "Inner", "Startup Cost": 0.0, "Total Cost": 482864.64, "Plan Rows": 212428, "Plan Width": 46, "Inner Unique": false, "Join Filter": "(it1.id = mi.info_type_id), (LLVM Optimized)", "Plans": [{"Node Type": "Seq Scan", "Parent Relationship": "Outer", "Relation Name": "info_type", "Alias": "it1", "Startup Cost": 0.0, "Total Cost": 2.4, "Plan Rows": 1, "Plan Width": 4, "Filter": "((info)::text = 'budget'::text)"}, {"Node Type": "Seq Scan", "Parent Relationship": "Inner", "Relation Name": "movie_info", "Alias": "mi", "Startup Cost": 0.0, "Total Cost": 296987.66, "Plan Rows": 14869966, "Plan Width": 50}]}]}]}, {"Node Type": "Sort", "Parent Relationship": "Inner", "Startup Cost": 328951.73, "Total Cost": 335272.51, "Plan Rows": 2528311, "Plan Width": 21, "Sort Key": ["t.id"], "Plans": [{"Node Type": "Seq Scan", "Parent Relationship": "Outer", "Relation Name": "title", "Alias": "t", "Startup Cost": 0.0, "Total Cost": 60069.11, "Plan Rows": 2528311, "Plan Width": 21}]}]}]}, "Unique SQL Id": 4264520866, "Planner Runtime": 36}, "explain_analyze_plan": null}, "(1, '31')": {"explain_plan": {"Plan": {"Node Type": "Aggregate", "Strategy": "Plain", "Startup Cost": 6977526256601.85, "Total Cost": 6977526256601.86, "Plan Rows": 1, "Plan Width": 160, "Plans": [{"Node Type": "Nested Loop", "Parent Relationship": "Outer", "Join Type": "Inner", "Startup Cost": 70031174542.45, "Total Cost": 6977526256601.78, "Plan Rows": 9, "Plan Width": 64, "Inner Unique": true, "Join Filter": "(mi.info_type_id = it1.id)", "Plans": [{"Node Type": "Nested Loop", "Parent Relationship": "Outer", "Join Type": "Inner", "Startup Cost": 60031174542.45, "Total Cost": 5977526255162.41, "Plan Rows": 1225, "Plan Width": 68, "Inner Unique": true, "Join Filter": "(mi_idx.info_type_id = it2.id)", "Plans": [{"Node Type": "Nested Loop", "Parent Relationship": "Outer", "Join Type": "Inner", "Startup Cost": 50031174542.45, "Total Cost": 4977526253713.56, "Plan Rows": 1856, "Plan Width": 72, "Inner Unique": false, "Join Filter": "(t.id = mi.movie_id)", "Plans": [{"Node Type": "Index Scan", "Parent Relationship": "Outer", "Scan Direction": "Forward", "Index Name": "info_type_id_movie_info", "Relation Name": "movie_info", "Alias": "mi", "Startup Cost": 10000000000.0, "Total Cost": 1000103683953.62, "Plan Rows": 14869966, "Plan Width": 50}, {"Node Type": "Materialize", "Parent Relationship": "Inner", "Startup Cost": 40031174542.45, "Total Cost": 3977345394637.27, "Plan Rows": 346, "Plan Width": 38, "Plans": [{"Node Type": "Nested Loop", "Parent Relationship": "Outer", "Join Type": "Inner", "Startup Cost": 40031174542.45, "Total Cost": 3977345394635.54, "Plan Rows": 346, "Plan Width": 38, "Inner Unique": true, "Join Filter": "(mi_idx.movie_id = t.id)", "Plans": [{"Node Type": "Nested Loop", "Parent Relationship": "Outer", "Join Type": "Inner", "Startup Cost": 30031174542.45, "Total Cost": 2977321254331.76, "Plan Rows": 346, "Plan Width": 17, "Inner Unique": false, "Join Filter": "(ci.movie_id = mi_idx.movie_id)", "Plans": [{"Node Type": "Index Scan", "Parent Relationship": "Outer", "Scan Direction": "Forward", "Index Name": "info_type_id_movie_info_idx", "Relation Name": "movie_info_idx", "Alias": "mi_idx", "Startup Cost": 10000000000.0, "Total Cost": 1000006370838.27, "Plan Rows": 1380034, "Plan Width": 13}, {"Node Type": "Materialize", "Parent Relationship": "Inner", "Startup Cost": 20031174542.45, "Total Cost": 1977308797544.29, "Plan Rows": 294, "Plan Width": 4, "Plans": [{"Node Type": "Merge Join", "Parent Relationship": "Outer", "Join Type": "Inner", "Startup Cost": 20031174542.45, "Total Cost": 1977308797542.82, "Plan Rows": 294, "Plan Width": 4, "Inner Unique": true, "Merge Cond": "(ci.person_id = n.id)", "Plans": [{"Node Type": "Index Scan", "Parent Relationship": "Outer", "Scan Direction": "Forward", "Index Name": "person_id_cast_info", "Relation Name": "cast_info", "Alias": "ci", "Startup Cost": 10000000000.0, "Total Cost": 1000179713706.71, "Plan Rows": 2350421, "Plan Width": 8, "Filter": "((note)::text = ANY ('{(producer),\"(executive producer)\"}'::text[]))"}, {"Node Type": "Materialize", "Parent Relationship": "Inner", "Startup Cost": 10000000000.0, "Total Cost": 1000019707020.14, "Plan Rows": 173, "Plan Width": 4, "Plans": [{"Node Type": "Index Scan", "Parent Relationship": "Outer", "Scan Direction": "Forward", "Index Name": "name_pkey", "Relation Name": "name", "Alias": "n", "Startup Cost": 10000000000.0, "Total Cost": 1000019707019.7, "Plan Rows": 173, "Plan Width": 4, "Filter": "(((name)::text ~~ '%Tim%'::text) AND ((gender)::text = 'm'::text))"}]}]}]}]}, {"Node Type": "Materialize", "Parent Relationship": "Inner", "Startup Cost": 10000000000.0, "Total Cost": 1000011024690.47, "Plan Rows": 2528311, "Plan Width": 21, "Plans": [{"Node Type": "Index Scan", "Parent Relationship": "Outer", "Scan Direction": "Forward", "Index Name": "title_pkey", "Relation Name": "title", "Alias": "t", "Startup Cost": 10000000000.0, "Total Cost": 1000011012048.91, "Plan Rows": 2528311, "Plan Width": 21}]}]}]}]}, {"Node Type": "Materialize", "Parent Relationship": "Inner", "Startup Cost": 10000000000.0, "Total Cost": 1000000001421.0, "Plan Rows": 1, "Plan Width": 4, "Plans": [{"Node Type": "Index Scan", "Parent Relationship": "Outer", "Scan Direction": "Forward", "Index Name": "info_type_pkey", "Relation Name": "info_type", "Alias": "it2", "Startup Cost": 10000000000.0, "Total Cost": 1000000001421.0, "Plan Rows": 1, "Plan Width": 4, "Filter": "((info)::text = 'votes'::text)"}]}]}, {"Node Type": "Materialize", "Parent Relationship": "Inner", "Startup Cost": 10000000000.0, "Total Cost": 1000000001421.0, "Plan Rows": 1, "Plan Width": 4, "Plans": [{"Node Type": "Index Scan", "Parent Relationship": "Outer", "Scan Direction": "Forward", "Index Name": "info_type_pkey", "Relation Name": "info_type", "Alias": "it1", "Startup Cost": 10000000000.0, "Total Cost": 1000000001421.0, "Plan Rows": 1, "Plan Width": 4, "Filter": "((info)::text = 'budget'::text)"}]}]}]}, "Unique SQL Id": 4264520866, "Planner Runtime": 42}, "explain_analyze_plan": null}, "(1, '32')": {"explain_plan": {"Plan": {"Node Type": "Aggregate", "Strategy": "Plain", "Startup Cost": 121503.42, "Total Cost": 121503.43, "Plan Rows": 1, "Plan Width": 160, "Plans": [{"Node Type": "Nested Loop", "Parent Relationship": "Outer", "Join Type": "Inner", "Startup Cost": 0.0, "Total Cost": 121503.35, "Plan Rows": 9, "Plan Width": 64, "Inner Unique": true, "Plans": [{"Node Type": "Nested Loop", "Parent Relationship": "Outer", "Join Type": "Inner", "Startup Cost": 0.0, "Total Cost": 121500.72, "Plan Rows": 9, "Plan Width": 59, "Inner Unique": false, "Join Filter": "(mi.info_type_id = it1.id)", "Plans": [{"Node Type": "Seq Scan", "Parent Relationship": "Outer", "Relation Name": "info_type", "Alias": "it1", "Startup Cost": 0.0, "Total Cost": 2.4, "Plan Rows": 1, "Plan Width": 4, "Filter": "((info)::text = 'budget'::text)"}, {"Node Type": "Nested Loop", "Parent Relationship": "Inner", "Join Type": "Inner", "Startup Cost": 0.0, "Total Cost": 121494.84, "Plan Rows": 279, "Plan Width": 63, "Inner Unique": false, "Join Filter": "(mi_idx.movie_id = mi.movie_id)", "Plans": [{"Node Type": "Nested Loop", "Parent Relationship": "Outer", "Join Type": "Inner", "Startup Cost": 0.0, "Total Cost": 121455.23, "Plan Rows": 52, "Plan Width": 13, "Inner Unique": false, "Join Filter": "(mi_idx.info_type_id = it2.id)", "Plans": [{"Node Type": "Seq Scan", "Parent Relationship": "Outer", "Relation Name": "info_type", "Alias": "it2", "Startup Cost": 0.0, "Total Cost": 2.4, "Plan Rows": 1, "Plan Width": 4, "Filter": "((info)::text = 'votes'::text)"}, {"Node Type": "Nested Loop", "Parent Relationship": "Inner", "Join Type": "Inner", "Startup Cost": 0.0, "Total Cost": 121448.51, "Plan Rows": 346, "Plan Width": 17, "Inner Unique": false, "Plans": [{"Node Type": "Nested Loop", "Parent Relationship": "Outer", "Join Type": "Inner", "Startup Cost": 0.0, "Total Cost": 121351.72, "Plan Rows": 294, "Plan Width": 4, "Inner Unique": false, "Plans": [{"Node Type": "Seq Scan", "Parent Relationship": "Outer", "Relation Name": "name", "Alias": "n", "Startup Cost": 0.0, "Total Cost": 113909.35, "Plan Rows": 173, "Plan Width": 4, "Filter": "(((name)::text ~~ '%Tim%'::text) AND ((gender)::text = 'm'::text))"}, {"Node Type": "Index Scan", "Parent Relationship": "Inner", "Scan Direction": "Forward", "Index Name": "person_id_cast_info", "Relation Name": "cast_info", "Alias": "ci", "Startup Cost": 0.0, "Total Cost": 43.0, "Plan Rows": 2, "Plan Width": 8, "Index Cond": "(person_id = n.id)", "Filter": "((note)::text = ANY ('{(producer),\"(executive producer)\"}'::text[]))"}]}, {"Node Type": "Index Scan", "Parent Relationship": "Inner", "Scan Direction": "Forward", "Index Name": "movie_id_movie_info_idx", "Relation Name": "movie_info_idx", "Alias": "mi_idx", "Startup Cost": 0.0, "Total Cost": 0.31, "Plan Rows": 2, "Plan Width": 13, "Index Cond": "(movie_id = ci.movie_id)"}]}]}, {"Node Type": "Index Scan", "Parent Relationship": "Inner", "Scan Direction": "Forward", "Index Name": "movie_id_movie_info", "Relation Name": "movie_info", "Alias": "mi", "Startup Cost": 0.0, "Total Cost": 0.7, "Plan Rows": 5, "Plan Width": 50, "Index Cond": "(movie_id = ci.movie_id)"}]}]}, {"Node Type": "Index Scan", "Parent Relationship": "Inner", "Scan Direction": "Forward", "Index Name": "title_pkey", "Relation Name": "title", "Alias": "t", "Startup Cost": 0.0, "Total Cost": 0.28, "Plan Rows": 1, "Plan Width": 21, "Index Cond": "(id = mi.movie_id)"}]}]}, "Unique SQL Id": 4264520866, "Planner Runtime": 12}, "explain_analyze_plan": {"Plan": {"Node Type": "Aggregate", "Strategy": "Plain", "Startup Cost": 121503.42, "Total Cost": 121503.43, "Plan Rows": 1, "Plan Width": 160, "Actual Startup Time": 1937.818, "Actual Total Time": 1937.818, "Actual Rows": 1, "Actual Loops": 1, "Plans": [{"Node Type": "Nested Loop", "Parent Relationship": "Outer", "Join Type": "Inner", "Startup Cost": 0.0, "Total Cost": 121503.35, "Plan Rows": 9, "Plan Width": 64, "Actual Startup Time": 0.973, "Actual Total Time": 1936.956, "Actual Rows": 410, "Actual Loops": 1, "Inner Unique": true, "Plans": [{"Node Type": "Nested Loop", "Parent Relationship": "Outer", "Join Type": "Inner", "Startup Cost": 0.0, "Total Cost": 121500.72, "Plan Rows": 9, "Plan Width": 59, "Actual Startup Time": 0.96, "Actual Total Time": 1933.185, "Actual Rows": 410, "Actual Loops": 1, "Inner Unique": false, "Join Filter": "(mi.info_type_id = it1.id)", "Rows Removed by Join Filter": 81998, "Plans": [{"Node Type": "Seq Scan", "Parent Relationship": "Outer", "Relation Name": "info_type", "Alias": "it1", "Startup Cost": 0.0, "Total Cost": 2.4, "Plan Rows": 1, "Plan Width": 4, "Actual Startup Time": 0.06, "Actual Total Time": 0.067, "Actual Rows": 1, "Actual Loops": 1, "Filter": "((info)::text = 'budget'::text)", "Rows Removed by Filter": 111}, {"Node Type": "Nested Loop", "Parent Relationship": "Inner", "Join Type": "Inner", "Startup Cost": 0.0, "Total Cost": 121494.84, "Plan Rows": 279, "Plan Width": 63, "Actual Startup Time": 0.867, "Actual Total Time": 1917.061, "Actual Rows": 82408, "Actual Loops": 1, "Inner Unique": false, "Join Filter": "(mi_idx.movie_id = mi.movie_id)", "Rows Removed by Join Filter": 0, "Plans": [{"Node Type": "Nested Loop", "Parent Relationship": "Outer", "Join Type": "Inner", "Startup Cost": 0.0, "Total Cost": 121455.23, "Plan Rows": 52, "Plan Width": 13, "Actual Startup Time": 0.852, "Actual Total Time": 1794.88, "Actual Rows": 3435, "Actual Loops": 1, "Inner Unique": false, "Join Filter": "(mi_idx.info_type_id = it2.id)", "Rows Removed by Join Filter": 6875, "Plans": [{"Node Type": "Seq Scan", "Parent Relationship": "Outer", "Relation Name": "info_type", "Alias": "it2", "Startup Cost": 0.0, "Total Cost": 2.4, "Plan Rows": 1, "Plan Width": 4, "Actual Startup Time": 0.039, "Actual Total Time": 0.05, "Actual Rows": 1, "Actual Loops": 1, "Filter": "((info)::text = 'votes'::text)", "Rows Removed by Filter": 111}, {"Node Type": "Nested Loop", "Parent Relationship": "Inner", "Join Type": "Inner", "Startup Cost": 0.0, "Total Cost": 121448.51, "Plan Rows": 346, "Plan Width": 17, "Actual Startup Time": 0.807, "Actual Total Time": 1791.944, "Actual Rows": 10310, "Actual Loops": 1, "Inner Unique": false, "Plans": [{"Node Type": "Nested Loop", "Parent Relationship": "Outer", "Join Type": "Inner", "Startup Cost": 0.0, "Total Cost": 121351.72, "Plan Rows": 294, "Plan Width": 4, "Actual Startup Time": 0.793, "Actual Total Time": 1755.692, "Actual Rows": 6719, "Actual Loops": 1, "Inner Unique": false, "Plans": [{"Node Type": "Seq Scan", "Parent Relationship": "Outer", "Relation Name": "name", "Alias": "n", "Startup Cost": 0.0, "Total Cost": 113909.35, "Plan Rows": 173, "Plan Width": 4, "Actual Startup Time": 0.234, "Actual Total Time": 1626.769, "Actual Rows": 9062, "Actual Loops": 1, "Filter": "(((name)::text ~~ '%Tim%'::text) AND ((gender)::text = 'm'::text))", "Rows Removed by Filter": 4158428}, {"Node Type": "Index Scan", "Parent Relationship": "Inner", "Scan Direction": "Forward", "Index Name": "person_id_cast_info", "Relation Name": "cast_info", "Alias": "ci", "Startup Cost": 0.0, "Total Cost": 43.0, "Plan Rows": 2, "Plan Width": 8, "Actual Startup Time": 103.793, "Actual Total Time": 122.225, "Actual Rows": 6719, "Actual Loops": 9062, "Index Cond": "(person_id = n.id)", "Rows Removed by Index Recheck": 0, "Filter": "((note)::text = ANY ('{(producer),\"(executive producer)\"}'::text[]))", "Rows Removed by Filter": 89309}]}, {"Node Type": "Index Scan", "Parent Relationship": "Inner", "Scan Direction": "Forward", "Index Name": "movie_id_movie_info_idx", "Relation Name": "movie_info_idx", "Alias": "mi_idx", "Startup Cost": 0.0, "Total Cost": 0.31, "Plan Rows": 2, "Plan Width": 13, "Actual Startup Time": 25.752, "Actual Total Time": 29.618, "Actual Rows": 10310, "Actual Loops": 6719, "Index Cond": "(movie_id = ci.movie_id)", "Rows Removed by Index Recheck": 0}]}]}, {"Node Type": "Index Scan", "Parent Relationship": "Inner", "Scan Direction": "Forward", "Index Name": "movie_id_movie_info", "Relation Name": "movie_info", "Alias": "mi", "Startup Cost": 0.0, "Total Cost": 0.7, "Plan Rows": 5, "Plan Width": 50, "Actual Startup Time": 23.27, "Actual Total Time": 93.475, "Actual Rows": 82408, "Actual Loops": 3435, "Index Cond": "(movie_id = ci.movie_id)", "Rows Removed by Index Recheck": 0}]}]}, {"Node Type": "Index Scan", "Parent Relationship": "Inner", "Scan Direction": "Forward", "Index Name": "title_pkey", "Relation Name": "title", "Alias": "t", "Startup Cost": 0.0, "Total Cost": 0.28, "Plan Rows": 1, "Plan Width": 21, "Actual Startup Time": 3.206, "Actual Total Time": 3.206, "Actual Rows": 410, "Actual Loops": 410, "Index Cond": "(id = mi.movie_id)", "Rows Removed by Index Recheck": 0}]}]}, "Triggers": [], "Planner Runtime": 12.193, "Total Runtime": 1938.072, "Unique SQL Id": 4264520866}}, "(1, '33')": {"explain_plan": {"Plan": {"Node Type": "Aggregate", "Strategy": "Plain", "Startup Cost": 204687.88, "Total Cost": 204687.89, "Plan Rows": 1, "Plan Width": 160, "Plans": [{"Node Type": "Nested Loop", "Parent Relationship": "Outer", "Join Type": "Inner", "Startup Cost": 0.0, "Total Cost": 204687.82, "Plan Rows": 9, "Plan Width": 64, "Inner Unique": true, "Plans": [{"Node Type": "Nested Loop", "Parent Relationship": "Outer", "Join Type": "Inner", "Startup Cost": 0.0, "Total Cost": 204685.19, "Plan Rows": 9, "Plan Width": 59, "Inner Unique": false, "Join Filter": "(mi.info_type_id = it1.id)", "Plans": [{"Node Type": "Index Scan", "Parent Relationship": "Outer", "Scan Direction": "Forward", "Index Name": "info_type_pkey", "Relation Name": "info_type", "Alias": "it1", "Startup Cost": 0.0, "Total Cost": 14.21, "Plan Rows": 1, "Plan Width": 4, "Filter": "((info)::text = 'budget'::text)"}, {"Node Type": "Nested Loop", "Parent Relationship": "Inner", "Join Type": "Inner", "Startup Cost": 0.0, "Total Cost": 204667.49, "Plan Rows": 279, "Plan Width": 63, "Inner Unique": false, "Join Filter": "(mi_idx.movie_id = mi.movie_id)", "Plans": [{"Node Type": "Nested Loop", "Parent Relationship": "Outer", "Join Type": "Inner", "Startup Cost": 0.0, "Total Cost": 204627.89, "Plan Rows": 52, "Plan Width": 13, "Inner Unique": false, "Join Filter": "(mi_idx.info_type_id = it2.id)", "Plans": [{"Node Type": "Index Scan", "Parent Relationship": "Outer", "Scan Direction": "Forward", "Index Name": "info_type_pkey", "Relation Name": "info_type", "Alias": "it2", "Startup Cost": 0.0, "Total Cost": 14.21, "Plan Rows": 1, "Plan Width": 4, "Filter": "((info)::text = 'votes'::text)"}, {"Node Type": "Nested Loop", "Parent Relationship": "Inner", "Join Type": "Inner", "Startup Cost": 0.0, "Total Cost": 204609.36, "Plan Rows": 346, "Plan Width": 17, "Inner Unique": false, "Plans": [{"Node Type": "Nested Loop", "Parent Relationship": "Outer", "Join Type": "Inner", "Startup Cost": 0.0, "Total Cost": 204512.56, "Plan Rows": 294, "Plan Width": 4, "Inner Unique": false, "Plans": [{"Node Type": "Index Scan", "Parent Relationship": "Outer", "Scan Direction": "Forward", "Index Name": "name_pkey", "Relation Name": "name", "Alias": "n", "Startup Cost": 0.0, "Total Cost": 197070.2, "Plan Rows": 173, "Plan Width": 4, "Filter": "(((name)::text ~~ '%Tim%'::text) AND ((gender)::text = 'm'::text))"}, {"Node Type": "Index Scan", "Parent Relationship": "Inner", "Scan Direction": "Forward", "Index Name": "person_id_cast_info", "Relation Name": "cast_info", "Alias": "ci", "Startup Cost": 0.0, "Total Cost": 43.0, "Plan Rows": 2, "Plan Width": 8, "Index Cond": "(person_id = n.id)", "Filter": "((note)::text = ANY ('{(producer),\"(executive producer)\"}'::text[]))"}]}, {"Node Type": "Index Scan", "Parent Relationship": "Inner", "Scan Direction": "Forward", "Index Name": "movie_id_movie_info_idx", "Relation Name": "movie_info_idx", "Alias": "mi_idx", "Startup Cost": 0.0, "Total Cost": 0.31, "Plan Rows": 2, "Plan Width": 13, "Index Cond": "(movie_id = ci.movie_id)"}]}]}, {"Node Type": "Index Scan", "Parent Relationship": "Inner", "Scan Direction": "Forward", "Index Name": "movie_id_movie_info", "Relation Name": "movie_info", "Alias": "mi", "Startup Cost": 0.0, "Total Cost": 0.7, "Plan Rows": 5, "Plan Width": 50, "Index Cond": "(movie_id = ci.movie_id)"}]}]}, {"Node Type": "Index Scan", "Parent Relationship": "Inner", "Scan Direction": "Forward", "Index Name": "title_pkey", "Relation Name": "title", "Alias": "t", "Startup Cost": 0.0, "Total Cost": 0.28, "Plan Rows": 1, "Plan Width": 21, "Index Cond": "(id = mi.movie_id)"}]}]}, "Unique SQL Id": 4264520866, "Planner Runtime": 11}, "explain_analyze_plan": null}, "(1, '34')": {"explain_plan": {"Plan": {"Node Type": "Aggregate", "Strategy": "Plain", "Startup Cost": 129052.4, "Total Cost": 129052.41, "Plan Rows": 1, "Plan Width": 160, "Plans": [{"Node Type": "Nested Loop", "Parent Relationship": "Outer", "Join Type": "Inner", "Startup Cost": 5.3, "Total Cost": 129052.34, "Plan Rows": 8, "Plan Width": 64, "Inner Unique": true, "Plans": [{"Node Type": "Nested Loop", "Parent Relationship": "Outer", "Join Type": "Inner", "Startup Cost": 5.04, "Total Cost": 129013.79, "Plan Rows": 9, "Plan Width": 59, "Inner Unique": false, "Join Filter": "(mi_idx.info_type_id = it2.id)", "Plans": [{"Node Type": "Seq Scan", "Parent Relationship": "Outer", "Relation Name": "info_type", "Alias": "it2", "Startup Cost": 0.0, "Total Cost": 2.4, "Plan Rows": 1, "Plan Width": 4, "Filter": "((info)::text = 'votes'::text)"}, {"Node Type": "Nested Loop", "Parent Relationship": "Inner", "Join Type": "Inner", "Startup Cost": 5.04, "Total Cost": 129010.97, "Plan Rows": 34, "Plan Width": 63, "Inner Unique": false, "Plans": [{"Node Type": "Nested Loop", "Parent Relationship": "Outer", "Join Type": "Inner", "Startup Cost": 4.77, "Total Cost": 128437.5, "Plan Rows": 133, "Plan Width": 50, "Inner Unique": false, "Join Filter": "(mi.info_type_id = it1.id)", "Plans": [{"Node Type": "Seq Scan", "Parent Relationship": "Outer", "Relation Name": "info_type", "Alias": "it1", "Startup Cost": 0.0, "Total Cost": 2.4, "Plan Rows": 1, "Plan Width": 4, "Filter": "((info)::text = 'budget'::text)"}, {"Node Type": "Nested Loop", "Parent Relationship": "Inner", "Join Type": "Inner", "Startup Cost": 4.77, "Total Cost": 128415.58, "Plan Rows": 1561, "Plan Width": 54, "Inner Unique": false, "Plans": [{"Node Type": "Nested Loop", "Parent Relationship": "Outer", "Join Type": "Inner", "Startup Cost": 4.39, "Total Cost": 127093.19, "Plan Rows": 294, "Plan Width": 4, "Inner Unique": false, "Plans": [{"Node Type": "Seq Scan", "Parent Relationship": "Outer", "Relation Name": "name", "Alias": "n", "Startup Cost": 0.0, "Total Cost": 113909.35, "Plan Rows": 173, "Plan Width": 4, "Filter": "(((name)::text ~~ '%Tim%'::text) AND ((gender)::text = 'm'::text))"}, {"Node Type": "Bitmap Heap Scan", "Parent Relationship": "Inner", "Relation Name": "cast_info", "Alias": "ci", "Startup Cost": 4.39, "Total Cost": 76.19, "Plan Rows": 2, "Plan Width": 8, "Recheck Cond": "(person_id = n.id)", "Filter": "((note)::text = ANY ('{(producer),\"(executive producer)\"}'::text[]))", "Plans": [{"Node Type": "Bitmap Index Scan", "Parent Relationship": "Outer", "Index Name": "person_id_cast_info", "Startup Cost": 0.0, "Total Cost": 4.38, "Plan Rows": 18, "Plan Width": 0, "Index Cond": "(person_id = n.id)"}]}]}, {"Node Type": "Bitmap Heap Scan", "Parent Relationship": "Inner", "Relation Name": "movie_info", "Alias": "mi", "Startup Cost": 0.39, "Total Cost": 4.45, "Plan Rows": 5, "Plan Width": 50, "Recheck Cond": "(movie_id = ci.movie_id)", "Plans": [{"Node Type": "Bitmap Index Scan", "Parent Relationship": "Outer", "Index Name": "movie_id_movie_info", "Startup Cost": 0.0, "Total Cost": 0.38, "Plan Rows": 5, "Plan Width": 0, "Index Cond": "(movie_id = ci.movie_id)"}]}]}]}, {"Node Type": "Bitmap Heap Scan", "Parent Relationship": "Inner", "Relation Name": "movie_info_idx", "Alias": "mi_idx", "Startup Cost": 0.27, "Total Cost": 4.29, "Plan Rows": 2, "Plan Width": 13, "Recheck Cond": "(movie_id = mi.movie_id)", "Plans": [{"Node Type": "Bitmap Index Scan", "Parent Relationship": "Outer", "Index Name": "movie_id_movie_info_idx", "Startup Cost": 0.0, "Total Cost": 0.27, "Plan Rows": 2, "Plan Width": 0, "Index Cond": "(movie_id = mi.movie_id)"}]}]}]}, {"Node Type": "Bitmap Heap Scan", "Parent Relationship": "Inner", "Relation Name": "title", "Alias": "t", "Startup Cost": 0.26, "Total Cost": 4.27, "Plan Rows": 1, "Plan Width": 21, "Recheck Cond": "(id = mi.movie_id)", "Plans": [{"Node Type": "Bitmap Index Scan", "Parent Relationship": "Outer", "Index Name": "title_pkey", "Startup Cost": 0.0, "Total Cost": 0.26, "Plan Rows": 1, "Plan Width": 0, "Index Cond": "(id = mi.movie_id)"}]}]}]}, "Unique SQL Id": 4264520866, "Planner Runtime": 18}, "explain_analyze_plan": {"Plan": {"Node Type": "Aggregate", "Strategy": "Plain", "Startup Cost": 129052.4, "Total Cost": 129052.41, "Plan Rows": 1, "Plan Width": 160, "Actual Startup Time": 2011.873, "Actual Total Time": 2011.874, "Actual Rows": 1, "Actual Loops": 1, "Plans": [{"Node Type": "Nested Loop", "Parent Relationship": "Outer", "Join Type": "Inner", "Startup Cost": 5.3, "Total Cost": 129052.34, "Plan Rows": 8, "Plan Width": 64, "Actual Startup Time": 1.021, "Actual Total Time": 2010.729, "Actual Rows": 410, "Actual Loops": 1, "Inner Unique": true, "Plans": [{"Node Type": "Nested Loop", "Parent Relationship": "Outer", "Join Type": "Inner", "Startup Cost": 5.04, "Total Cost": 129013.79, "Plan Rows": 9, "Plan Width": 59, "Actual Startup Time": 1.006, "Actual Total Time": 2005.842, "Actual Rows": 410, "Actual Loops": 1, "Inner Unique": false, "Join Filter": "(mi_idx.info_type_id = it2.id)", "Rows Removed by Join Filter": 825, "Plans": [{"Node Type": "Seq Scan", "Parent Relationship": "Outer", "Relation Name": "info_type", "Alias": "it2", "Startup Cost": 0.0, "Total Cost": 2.4, "Plan Rows": 1, "Plan Width": 4, "Actual Startup Time": 0.058, "Actual Total Time": 0.071, "Actual Rows": 1, "Actual Loops": 1, "Filter": "((info)::text = 'votes'::text)", "Rows Removed by Filter": 111}, {"Node Type": "Nested Loop", "Parent Relationship": "Inner", "Join Type": "Inner", "Startup Cost": 5.04, "Total Cost": 129010.97, "Plan Rows": 34, "Plan Width": 63, "Actual Startup Time": 0.941, "Actual Total Time": 2005.266, "Actual Rows": 1235, "Actual Loops": 1, "Inner Unique": false, "Plans": [{"Node Type": "Nested Loop", "Parent Relationship": "Outer", "Join Type": "Inner", "Startup Cost": 4.77, "Total Cost": 128437.5, "Plan Rows": 133, "Plan Width": 50, "Actual Startup Time": 0.926, "Actual Total Time": 1997.322, "Actual Rows": 699, "Actual Loops": 1, "Inner Unique": false, "Join Filter": "(mi.info_type_id = it1.id)", "Rows Removed by Join Filter": 95197, "Plans": [{"Node Type": "Seq Scan", "Parent Relationship": "Outer", "Relation Name": "info_type", "Alias": "it1", "Startup Cost": 0.0, "Total Cost": 2.4, "Plan Rows": 1, "Plan Width": 4, "Actual Startup Time": 0.041, "Actual Total Time": 0.054, "Actual Rows": 1, "Actual Loops": 1, "Filter": "((info)::text = 'budget'::text)", "Rows Removed by Filter": 111}, {"Node Type": "Nested Loop", "Parent Relationship": "Inner", "Join Type": "Inner", "Startup Cost": 4.77, "Total Cost": 128415.58, "Plan Rows": 1561, "Plan Width": 54, "Actual Startup Time": 0.851, "Actual Total Time": 1977.819, "Actual Rows": 95896, "Actual Loops": 1, "Inner Unique": false, "Plans": [{"Node Type": "Nested Loop", "Parent Relationship": "Outer", "Join Type": "Inner", "Startup Cost": 4.39, "Total Cost": 127093.19, "Plan Rows": 294, "Plan Width": 4, "Actual Startup Time": 0.817, "Actual Total Time": 1802.279, "Actual Rows": 6719, "Actual Loops": 1, "Inner Unique": false, "Plans": [{"Node Type": "Seq Scan", "Parent Relationship": "Outer", "Relation Name": "name", "Alias": "n", "Startup Cost": 0.0, "Total Cost": 113909.35, "Plan Rows": 173, "Plan Width": 4, "Actual Startup Time": 0.232, "Actual Total Time": 1649.23, "Actual Rows": 9062, "Actual Loops": 1, "Filter": "(((name)::text ~~ '%Tim%'::text) AND ((gender)::text = 'm'::text))", "Rows Removed by Filter": 4158428}, {"Node Type": "Bitmap Heap Scan", "Parent Relationship": "Inner", "Relation Name": "cast_info", "Alias": "ci", "Startup Cost": 4.39, "Total Cost": 76.19, "Plan Rows": 2, "Plan Width": 8, "Actual Startup Time": 124.289, "Actual Total Time": 139.59, "Actual Rows": 6719, "Actual Loops": 9062, "Recheck Cond": "(person_id = n.id)", "Rows Removed by Index Recheck": 0, "Filter": "((note)::text = ANY ('{(producer),\"(executive producer)\"}'::text[]))", "Rows Removed by Filter": 89309, "Exact Heap Blocks": 13336, "Lossy Heap Blocks": 13336, "Plans": [{"Node Type": "Bitmap Index Scan", "Parent Relationship": "Outer", "Index Name": "person_id_cast_info", "Startup Cost": 0.0, "Total Cost": 4.38, "Plan Rows": 18, "Plan Width": 0, "Actual Startup Time": 58.145, "Actual Total Time": 58.145, "Actual Rows": 96028, "Actual Loops": 9062, "Index Cond": "(person_id = n.id)"}]}]}, {"Node Type": "Bitmap Heap Scan", "Parent Relationship": "Inner", "Relation Name": "movie_info", "Alias": "mi", "Startup Cost": 0.39, "Total Cost": 4.45, "Plan Rows": 5, "Plan Width": 50, "Actual Startup Time": 64.179, "Actual Total Time": 146.472, "Actual Rows": 95896, "Actual Loops": 6719, "Recheck Cond": "(movie_id = ci.movie_id)", "Rows Removed by Index Recheck": 0, "Exact Heap Blocks": 40013, "Lossy Heap Blocks": 40013, "Plans": [{"Node Type": "Bitmap Index Scan", "Parent Relationship": "Outer", "Index Name": "movie_id_movie_info", "Startup Cost": 0.0, "Total Cost": 0.38, "Plan Rows": 5, "Plan Width": 0, "Actual Startup Time": 44.308, "Actual Total Time": 44.308, "Actual Rows": 95896, "Actual Loops": 6719, "Index Cond": "(movie_id = ci.movie_id)"}]}]}]}, {"Node Type": "Bitmap Heap Scan", "Parent Relationship": "Inner", "Relation Name": "movie_info_idx", "Alias": "mi_idx", "Startup Cost": 0.27, "Total Cost": 4.29, "Plan Rows": 2, "Plan Width": 13, "Actual Startup Time": 6.131, "Actual Total Time": 6.318, "Actual Rows": 1235, "Actual Loops": 699, "Recheck Cond": "(movie_id = mi.movie_id)", "Rows Removed by Index Recheck": 0, "Exact Heap Blocks": 419, "Lossy Heap Blocks": 419, "Plans": [{"Node Type": "Bitmap Index Scan", "Parent Relationship": "Outer", "Index Name": "movie_id_movie_info_idx", "Startup Cost": 0.0, "Total Cost": 0.27, "Plan Rows": 2, "Plan Width": 0, "Actual Startup Time": 4.423, "Actual Total Time": 4.423, "Actual Rows": 1235, "Actual Loops": 699, "Index Cond": "(movie_id = mi.movie_id)"}]}]}]}, {"Node Type": "Bitmap Heap Scan", "Parent Relationship": "Inner", "Relation Name": "title", "Alias": "t", "Startup Cost": 0.26, "Total Cost": 4.27, "Plan Rows": 1, "Plan Width": 21, "Actual Startup Time": 4.013, "Actual Total Time": 4.013, "Actual Rows": 410, "Actual Loops": 410, "Recheck Cond": "(id = mi.movie_id)", "Rows Removed by Index Recheck": 0, "Exact Heap Blocks": 410, "Lossy Heap Blocks": 410, "Plans": [{"Node Type": "Bitmap Index Scan", "Parent Relationship": "Outer", "Index Name": "title_pkey", "Startup Cost": 0.0, "Total Cost": 0.26, "Plan Rows": 1, "Plan Width": 0, "Actual Startup Time": 2.613, "Actual Total Time": 2.613, "Actual Rows": 410, "Actual Loops": 410, "Index Cond": "(id = mi.movie_id)"}]}]}]}, "Triggers": [], "Planner Runtime": 23.46, "Total Runtime": 2012.231, "Unique SQL Id": 4264520866}}, "(1, '35')": {"explain_plan": {"Plan": {"Node Type": "Aggregate", "Strategy": "Plain", "Startup Cost": 1000014018806.1, "Total Cost": 1000014018806.11, "Plan Rows": 1, "Plan Width": 160, "Plans": [{"Node Type": "Nested Loop", "Parent Relationship": "Outer", "Join Type": "Inner", "Startup Cost": 10000000002.15, "Total Cost": 1000014018806.04, "Plan Rows": 8, "Plan Width": 64, "Inner Unique": true, "Plans": [{"Node Type": "Nested Loop", "Parent Relationship": "Outer", "Join Type": "Inner", "Startup Cost": 10000000001.89, "Total Cost": 1000014018767.49, "Plan Rows": 9, "Plan Width": 59, "Inner Unique": true, "Plans": [{"Node Type": "Nested Loop", "Parent Relationship": "Outer", "Join Type": "Inner", "Startup Cost": 10000000001.63, "Total Cost": 1000014017572.6, "Plan Rows": 279, "Plan Width": 63, "Inner Unique": false, "Join Filter": "(mi_idx.movie_id = mi.movie_id)", "Plans": [{"Node Type": "Nested Loop", "Parent Relationship": "Outer", "Join Type": "Inner", "Startup Cost": 10000000001.24, "Total Cost": 1000014017338.06, "Plan Rows": 52, "Plan Width": 13, "Inner Unique": true, "Plans": [{"Node Type": "Nested Loop", "Parent Relationship": "Outer", "Join Type": "Inner", "Startup Cost": 10000000000.96, "Total Cost": 1000012216357.19, "Plan Rows": 417690, "Plan Width": 17, "Inner Unique": false, "Plans": [{"Node Type": "Nested Loop", "Parent Relationship": "Outer", "Join Type": "Inner", "Startup Cost": 10000000000.26, "Total Cost": 1000010560383.98, "Plan Rows": 345008, "Plan Width": 9, "Inner Unique": true, "Plans": [{"Node Type": "Index Scan", "Parent Relationship": "Outer", "Scan Direction": "Forward", "Index Name": "movie_id_movie_info_idx", "Relation Name": "movie_info_idx", "Alias": "mi_idx", "Startup Cost": 10000000000.0, "Total Cost": 1000004650035.37, "Plan Rows": 1380034, "Plan Width": 13}, {"Node Type": "Bitmap Heap Scan", "Parent Relationship": "Inner", "Relation Name": "info_type", "Alias": "it2", "Startup Cost": 0.26, "Total Cost": 4.27, "Plan Rows": 1, "Plan Width": 4, "Recheck Cond": "(id = mi_idx.info_type_id)", "Filter": "((info)::text = 'votes'::text)", "Plans": [{"Node Type": "Bitmap Index Scan", "Parent Relationship": "Outer", "Index Name": "info_type_pkey", "Startup Cost": 0.0, "Total Cost": 0.26, "Plan Rows": 1, "Plan Width": 0, "Index Cond": "(id = mi_idx.info_type_id)"}]}]}, {"Node Type": "Bitmap Heap Scan", "Parent Relationship": "Inner", "Relation Name": "cast_info", "Alias": "ci", "Startup Cost": 0.7, "Total Cost": 4.79, "Plan Rows": 1, "Plan Width": 8, "Recheck Cond": "(movie_id = mi_idx.movie_id)", "Filter": "((note)::text = ANY ('{(producer),\"(executive producer)\"}'::text[]))", "Plans": [{"Node Type": "Bitmap Index Scan", "Parent Relationship": "Outer", "Index Name": "movie_id_cast_info", "Startup Cost": 0.0, "Total Cost": 0.7, "Plan Rows": 6, "Plan Width": 0, "Index Cond": "(movie_id = mi_idx.movie_id)"}]}]}, {"Node Type": "Bitmap Heap Scan", "Parent Relationship": "Inner", "Relation Name": "name", "Alias": "n", "Startup Cost": 0.28, "Total Cost": 4.3, "Plan Rows": 1, "Plan Width": 4, "Recheck Cond": "(id = ci.person_id)", "Filter": "(((name)::text ~~ '%Tim%'::text) AND ((gender)::text = 'm'::text))", "Plans": [{"Node Type": "Bitmap Index Scan", "Parent Relationship": "Outer", "Index Name": "name_pkey", "Startup Cost": 0.0, "Total Cost": 0.28, "Plan Rows": 1, "Plan Width": 0, "Index Cond": "(id = ci.person_id)"}]}]}, {"Node Type": "Bitmap Heap Scan", "Parent Relationship": "Inner", "Relation Name": "movie_info", "Alias": "mi", "Startup Cost": 0.39, "Total Cost": 4.45, "Plan Rows": 5, "Plan Width": 50, "Recheck Cond": "(movie_id = ci.movie_id)", "Plans": [{"Node Type": "Bitmap Index Scan", "Parent Relationship": "Outer", "Index Name": "movie_id_movie_info", "Startup Cost": 0.0, "Total Cost": 0.38, "Plan Rows": 5, "Plan Width": 0, "Index Cond": "(movie_id = ci.movie_id)"}]}]}, {"Node Type": "Bitmap Heap Scan", "Parent Relationship": "Inner", "Relation Name": "info_type", "Alias": "it1", "Startup Cost": 0.26, "Total Cost": 4.27, "Plan Rows": 1, "Plan Width": 4, "Recheck Cond": "(id = mi.info_type_id)", "Filter": "((info)::text = 'budget'::text)", "Plans": [{"Node Type": "Bitmap Index Scan", "Parent Relationship": "Outer", "Index Name": "info_type_pkey", "Startup Cost": 0.0, "Total Cost": 0.26, "Plan Rows": 1, "Plan Width": 0, "Index Cond": "(id = mi.info_type_id)"}]}]}, {"Node Type": "Bitmap Heap Scan", "Parent Relationship": "Inner", "Relation Name": "title", "Alias": "t", "Startup Cost": 0.26, "Total Cost": 4.27, "Plan Rows": 1, "Plan Width": 21, "Recheck Cond": "(id = mi.movie_id)", "Plans": [{"Node Type": "Bitmap Index Scan", "Parent Relationship": "Outer", "Index Name": "title_pkey", "Startup Cost": 0.0, "Total Cost": 0.26, "Plan Rows": 1, "Plan Width": 0, "Index Cond": "(id = mi.movie_id)"}]}]}]}, "Unique SQL Id": 4264520866, "Planner Runtime": 4}, "explain_analyze_plan": null}, "(1, '36')": {"explain_plan": {"Plan": {"Node Type": "Aggregate", "Strategy": "Plain", "Startup Cost": 121503.42, "Total Cost": 121503.43, "Plan Rows": 1, "Plan Width": 160, "Plans": [{"Node Type": "Nested Loop", "Parent Relationship": "Outer", "Join Type": "Inner", "Startup Cost": 0.0, "Total Cost": 121503.35, "Plan Rows": 9, "Plan Width": 64, "Inner Unique": true, "Plans": [{"Node Type": "Nested Loop", "Parent Relationship": "Outer", "Join Type": "Inner", "Startup Cost": 0.0, "Total Cost": 121500.72, "Plan Rows": 9, "Plan Width": 59, "Inner Unique": false, "Join Filter": "(mi.info_type_id = it1.id)", "Plans": [{"Node Type": "Seq Scan", "Parent Relationship": "Outer", "Relation Name": "info_type", "Alias": "it1", "Startup Cost": 0.0, "Total Cost": 2.4, "Plan Rows": 1, "Plan Width": 4, "Filter": "((info)::text = 'budget'::text)"}, {"Node Type": "Nested Loop", "Parent Relationship": "Inner", "Join Type": "Inner", "Startup Cost": 0.0, "Total Cost": 121494.84, "Plan Rows": 279, "Plan Width": 63, "Inner Unique": false, "Join Filter": "(mi_idx.movie_id = mi.movie_id)", "Plans": [{"Node Type": "Nested Loop", "Parent Relationship": "Outer", "Join Type": "Inner", "Startup Cost": 0.0, "Total Cost": 121455.23, "Plan Rows": 52, "Plan Width": 13, "Inner Unique": false, "Join Filter": "(mi_idx.info_type_id = it2.id)", "Plans": [{"Node Type": "Seq Scan", "Parent Relationship": "Outer", "Relation Name": "info_type", "Alias": "it2", "Startup Cost": 0.0, "Total Cost": 2.4, "Plan Rows": 1, "Plan Width": 4, "Filter": "((info)::text = 'votes'::text)"}, {"Node Type": "Nested Loop", "Parent Relationship": "Inner", "Join Type": "Inner", "Startup Cost": 0.0, "Total Cost": 121448.51, "Plan Rows": 346, "Plan Width": 17, "Inner Unique": false, "Plans": [{"Node Type": "Nested Loop", "Parent Relationship": "Outer", "Join Type": "Inner", "Startup Cost": 0.0, "Total Cost": 121351.72, "Plan Rows": 294, "Plan Width": 4, "Inner Unique": false, "Plans": [{"Node Type": "Seq Scan", "Parent Relationship": "Outer", "Relation Name": "name", "Alias": "n", "Startup Cost": 0.0, "Total Cost": 113909.35, "Plan Rows": 173, "Plan Width": 4, "Filter": "(((name)::text ~~ '%Tim%'::text) AND ((gender)::text = 'm'::text))"}, {"Node Type": "Index Scan", "Parent Relationship": "Inner", "Scan Direction": "Forward", "Index Name": "person_id_cast_info", "Relation Name": "cast_info", "Alias": "ci", "Startup Cost": 0.0, "Total Cost": 43.0, "Plan Rows": 2, "Plan Width": 8, "Index Cond": "(person_id = n.id)", "Filter": "((note)::text = ANY ('{(producer),\"(executive producer)\"}'::text[]))"}]}, {"Node Type": "Index Scan", "Parent Relationship": "Inner", "Scan Direction": "Forward", "Index Name": "movie_id_movie_info_idx", "Relation Name": "movie_info_idx", "Alias": "mi_idx", "Startup Cost": 0.0, "Total Cost": 0.31, "Plan Rows": 2, "Plan Width": 13, "Index Cond": "(movie_id = ci.movie_id)"}]}]}, {"Node Type": "Index Scan", "Parent Relationship": "Inner", "Scan Direction": "Forward", "Index Name": "movie_id_movie_info", "Relation Name": "movie_info", "Alias": "mi", "Startup Cost": 0.0, "Total Cost": 0.7, "Plan Rows": 5, "Plan Width": 50, "Index Cond": "(movie_id = ci.movie_id)"}]}]}, {"Node Type": "Index Scan", "Parent Relationship": "Inner", "Scan Direction": "Forward", "Index Name": "title_pkey", "Relation Name": "title", "Alias": "t", "Startup Cost": 0.0, "Total Cost": 0.28, "Plan Rows": 1, "Plan Width": 21, "Index Cond": "(id = mi.movie_id)"}]}]}, "Unique SQL Id": 4264520866, "Planner Runtime": 12}, "explain_analyze_plan": {"Plan": {"Node Type": "Aggregate", "Strategy": "Plain", "Startup Cost": 121503.42, "Total Cost": 121503.43, "Plan Rows": 1, "Plan Width": 160, "Actual Startup Time": 1937.818, "Actual Total Time": 1937.818, "Actual Rows": 1, "Actual Loops": 1, "Plans": [{"Node Type": "Nested Loop", "Parent Relationship": "Outer", "Join Type": "Inner", "Startup Cost": 0.0, "Total Cost": 121503.35, "Plan Rows": 9, "Plan Width": 64, "Actual Startup Time": 0.973, "Actual Total Time": 1936.956, "Actual Rows": 410, "Actual Loops": 1, "Inner Unique": true, "Plans": [{"Node Type": "Nested Loop", "Parent Relationship": "Outer", "Join Type": "Inner", "Startup Cost": 0.0, "Total Cost": 121500.72, "Plan Rows": 9, "Plan Width": 59, "Actual Startup Time": 0.96, "Actual Total Time": 1933.185, "Actual Rows": 410, "Actual Loops": 1, "Inner Unique": false, "Join Filter": "(mi.info_type_id = it1.id)", "Rows Removed by Join Filter": 81998, "Plans": [{"Node Type": "Seq Scan", "Parent Relationship": "Outer", "Relation Name": "info_type", "Alias": "it1", "Startup Cost": 0.0, "Total Cost": 2.4, "Plan Rows": 1, "Plan Width": 4, "Actual Startup Time": 0.06, "Actual Total Time": 0.067, "Actual Rows": 1, "Actual Loops": 1, "Filter": "((info)::text = 'budget'::text)", "Rows Removed by Filter": 111}, {"Node Type": "Nested Loop", "Parent Relationship": "Inner", "Join Type": "Inner", "Startup Cost": 0.0, "Total Cost": 121494.84, "Plan Rows": 279, "Plan Width": 63, "Actual Startup Time": 0.867, "Actual Total Time": 1917.061, "Actual Rows": 82408, "Actual Loops": 1, "Inner Unique": false, "Join Filter": "(mi_idx.movie_id = mi.movie_id)", "Rows Removed by Join Filter": 0, "Plans": [{"Node Type": "Nested Loop", "Parent Relationship": "Outer", "Join Type": "Inner", "Startup Cost": 0.0, "Total Cost": 121455.23, "Plan Rows": 52, "Plan Width": 13, "Actual Startup Time": 0.852, "Actual Total Time": 1794.88, "Actual Rows": 3435, "Actual Loops": 1, "Inner Unique": false, "Join Filter": "(mi_idx.info_type_id = it2.id)", "Rows Removed by Join Filter": 6875, "Plans": [{"Node Type": "Seq Scan", "Parent Relationship": "Outer", "Relation Name": "info_type", "Alias": "it2", "Startup Cost": 0.0, "Total Cost": 2.4, "Plan Rows": 1, "Plan Width": 4, "Actual Startup Time": 0.039, "Actual Total Time": 0.05, "Actual Rows": 1, "Actual Loops": 1, "Filter": "((info)::text = 'votes'::text)", "Rows Removed by Filter": 111}, {"Node Type": "Nested Loop", "Parent Relationship": "Inner", "Join Type": "Inner", "Startup Cost": 0.0, "Total Cost": 121448.51, "Plan Rows": 346, "Plan Width": 17, "Actual Startup Time": 0.807, "Actual Total Time": 1791.944, "Actual Rows": 10310, "Actual Loops": 1, "Inner Unique": false, "Plans": [{"Node Type": "Nested Loop", "Parent Relationship": "Outer", "Join Type": "Inner", "Startup Cost": 0.0, "Total Cost": 121351.72, "Plan Rows": 294, "Plan Width": 4, "Actual Startup Time": 0.793, "Actual Total Time": 1755.692, "Actual Rows": 6719, "Actual Loops": 1, "Inner Unique": false, "Plans": [{"Node Type": "Seq Scan", "Parent Relationship": "Outer", "Relation Name": "name", "Alias": "n", "Startup Cost": 0.0, "Total Cost": 113909.35, "Plan Rows": 173, "Plan Width": 4, "Actual Startup Time": 0.234, "Actual Total Time": 1626.769, "Actual Rows": 9062, "Actual Loops": 1, "Filter": "(((name)::text ~~ '%Tim%'::text) AND ((gender)::text = 'm'::text))", "Rows Removed by Filter": 4158428}, {"Node Type": "Index Scan", "Parent Relationship": "Inner", "Scan Direction": "Forward", "Index Name": "person_id_cast_info", "Relation Name": "cast_info", "Alias": "ci", "Startup Cost": 0.0, "Total Cost": 43.0, "Plan Rows": 2, "Plan Width": 8, "Actual Startup Time": 103.793, "Actual Total Time": 122.225, "Actual Rows": 6719, "Actual Loops": 9062, "Index Cond": "(person_id = n.id)", "Rows Removed by Index Recheck": 0, "Filter": "((note)::text = ANY ('{(producer),\"(executive producer)\"}'::text[]))", "Rows Removed by Filter": 89309}]}, {"Node Type": "Index Scan", "Parent Relationship": "Inner", "Scan Direction": "Forward", "Index Name": "movie_id_movie_info_idx", "Relation Name": "movie_info_idx", "Alias": "mi_idx", "Startup Cost": 0.0, "Total Cost": 0.31, "Plan Rows": 2, "Plan Width": 13, "Actual Startup Time": 25.752, "Actual Total Time": 29.618, "Actual Rows": 10310, "Actual Loops": 6719, "Index Cond": "(movie_id = ci.movie_id)", "Rows Removed by Index Recheck": 0}]}]}, {"Node Type": "Index Scan", "Parent Relationship": "Inner", "Scan Direction": "Forward", "Index Name": "movie_id_movie_info", "Relation Name": "movie_info", "Alias": "mi", "Startup Cost": 0.0, "Total Cost": 0.7, "Plan Rows": 5, "Plan Width": 50, "Actual Startup Time": 23.27, "Actual Total Time": 93.475, "Actual Rows": 82408, "Actual Loops": 3435, "Index Cond": "(movie_id = ci.movie_id)", "Rows Removed by Index Recheck": 0}]}]}, {"Node Type": "Index Scan", "Parent Relationship": "Inner", "Scan Direction": "Forward", "Index Name": "title_pkey", "Relation Name": "title", "Alias": "t", "Startup Cost": 0.0, "Total Cost": 0.28, "Plan Rows": 1, "Plan Width": 21, "Actual Startup Time": 3.206, "Actual Total Time": 3.206, "Actual Rows": 410, "Actual Loops": 410, "Index Cond": "(id = mi.movie_id)", "Rows Removed by Index Recheck": 0}]}]}, "Triggers": [], "Planner Runtime": 12.193, "Total Runtime": 1938.072, "Unique SQL Id": 4264520866}}, "(1, '37')": {"explain_plan": {"Plan": {"Node Type": "Aggregate", "Strategy": "Plain", "Startup Cost": 204687.88, "Total Cost": 204687.89, "Plan Rows": 1, "Plan Width": 160, "Plans": [{"Node Type": "Nested Loop", "Parent Relationship": "Outer", "Join Type": "Inner", "Startup Cost": 0.0, "Total Cost": 204687.82, "Plan Rows": 9, "Plan Width": 64, "Inner Unique": true, "Plans": [{"Node Type": "Nested Loop", "Parent Relationship": "Outer", "Join Type": "Inner", "Startup Cost": 0.0, "Total Cost": 204685.19, "Plan Rows": 9, "Plan Width": 59, "Inner Unique": false, "Join Filter": "(mi.info_type_id = it1.id)", "Plans": [{"Node Type": "Index Scan", "Parent Relationship": "Outer", "Scan Direction": "Forward", "Index Name": "info_type_pkey", "Relation Name": "info_type", "Alias": "it1", "Startup Cost": 0.0, "Total Cost": 14.21, "Plan Rows": 1, "Plan Width": 4, "Filter": "((info)::text = 'budget'::text)"}, {"Node Type": "Nested Loop", "Parent Relationship": "Inner", "Join Type": "Inner", "Startup Cost": 0.0, "Total Cost": 204667.49, "Plan Rows": 279, "Plan Width": 63, "Inner Unique": false, "Join Filter": "(mi_idx.movie_id = mi.movie_id)", "Plans": [{"Node Type": "Nested Loop", "Parent Relationship": "Outer", "Join Type": "Inner", "Startup Cost": 0.0, "Total Cost": 204627.89, "Plan Rows": 52, "Plan Width": 13, "Inner Unique": false, "Join Filter": "(mi_idx.info_type_id = it2.id)", "Plans": [{"Node Type": "Index Scan", "Parent Relationship": "Outer", "Scan Direction": "Forward", "Index Name": "info_type_pkey", "Relation Name": "info_type", "Alias": "it2", "Startup Cost": 0.0, "Total Cost": 14.21, "Plan Rows": 1, "Plan Width": 4, "Filter": "((info)::text = 'votes'::text)"}, {"Node Type": "Nested Loop", "Parent Relationship": "Inner", "Join Type": "Inner", "Startup Cost": 0.0, "Total Cost": 204609.36, "Plan Rows": 346, "Plan Width": 17, "Inner Unique": false, "Plans": [{"Node Type": "Nested Loop", "Parent Relationship": "Outer", "Join Type": "Inner", "Startup Cost": 0.0, "Total Cost": 204512.56, "Plan Rows": 294, "Plan Width": 4, "Inner Unique": false, "Plans": [{"Node Type": "Index Scan", "Parent Relationship": "Outer", "Scan Direction": "Forward", "Index Name": "name_pkey", "Relation Name": "name", "Alias": "n", "Startup Cost": 0.0, "Total Cost": 197070.2, "Plan Rows": 173, "Plan Width": 4, "Filter": "(((name)::text ~~ '%Tim%'::text) AND ((gender)::text = 'm'::text))"}, {"Node Type": "Index Scan", "Parent Relationship": "Inner", "Scan Direction": "Forward", "Index Name": "person_id_cast_info", "Relation Name": "cast_info", "Alias": "ci", "Startup Cost": 0.0, "Total Cost": 43.0, "Plan Rows": 2, "Plan Width": 8, "Index Cond": "(person_id = n.id)", "Filter": "((note)::text = ANY ('{(producer),\"(executive producer)\"}'::text[]))"}]}, {"Node Type": "Index Scan", "Parent Relationship": "Inner", "Scan Direction": "Forward", "Index Name": "movie_id_movie_info_idx", "Relation Name": "movie_info_idx", "Alias": "mi_idx", "Startup Cost": 0.0, "Total Cost": 0.31, "Plan Rows": 2, "Plan Width": 13, "Index Cond": "(movie_id = ci.movie_id)"}]}]}, {"Node Type": "Index Scan", "Parent Relationship": "Inner", "Scan Direction": "Forward", "Index Name": "movie_id_movie_info", "Relation Name": "movie_info", "Alias": "mi", "Startup Cost": 0.0, "Total Cost": 0.7, "Plan Rows": 5, "Plan Width": 50, "Index Cond": "(movie_id = ci.movie_id)"}]}]}, {"Node Type": "Index Scan", "Parent Relationship": "Inner", "Scan Direction": "Forward", "Index Name": "title_pkey", "Relation Name": "title", "Alias": "t", "Startup Cost": 0.0, "Total Cost": 0.28, "Plan Rows": 1, "Plan Width": 21, "Index Cond": "(id = mi.movie_id)"}]}]}, "Unique SQL Id": 4264520866, "Planner Runtime": 10}, "explain_analyze_plan": null}, "(1, '38')": {"explain_plan": {"Plan": {"Node Type": "Aggregate", "Strategy": "Plain", "Startup Cost": 129052.4, "Total Cost": 129052.41, "Plan Rows": 1, "Plan Width": 160, "Plans": [{"Node Type": "Nested Loop", "Parent Relationship": "Outer", "Join Type": "Inner", "Startup Cost": 5.3, "Total Cost": 129052.34, "Plan Rows": 8, "Plan Width": 64, "Inner Unique": true, "Plans": [{"Node Type": "Nested Loop", "Parent Relationship": "Outer", "Join Type": "Inner", "Startup Cost": 5.04, "Total Cost": 129013.79, "Plan Rows": 9, "Plan Width": 59, "Inner Unique": false, "Join Filter": "(mi_idx.info_type_id = it2.id)", "Plans": [{"Node Type": "Seq Scan", "Parent Relationship": "Outer", "Relation Name": "info_type", "Alias": "it2", "Startup Cost": 0.0, "Total Cost": 2.4, "Plan Rows": 1, "Plan Width": 4, "Filter": "((info)::text = 'votes'::text)"}, {"Node Type": "Nested Loop", "Parent Relationship": "Inner", "Join Type": "Inner", "Startup Cost": 5.04, "Total Cost": 129010.97, "Plan Rows": 34, "Plan Width": 63, "Inner Unique": false, "Plans": [{"Node Type": "Nested Loop", "Parent Relationship": "Outer", "Join Type": "Inner", "Startup Cost": 4.77, "Total Cost": 128437.5, "Plan Rows": 133, "Plan Width": 50, "Inner Unique": false, "Join Filter": "(mi.info_type_id = it1.id)", "Plans": [{"Node Type": "Seq Scan", "Parent Relationship": "Outer", "Relation Name": "info_type", "Alias": "it1", "Startup Cost": 0.0, "Total Cost": 2.4, "Plan Rows": 1, "Plan Width": 4, "Filter": "((info)::text = 'budget'::text)"}, {"Node Type": "Nested Loop", "Parent Relationship": "Inner", "Join Type": "Inner", "Startup Cost": 4.77, "Total Cost": 128415.58, "Plan Rows": 1561, "Plan Width": 54, "Inner Unique": false, "Plans": [{"Node Type": "Nested Loop", "Parent Relationship": "Outer", "Join Type": "Inner", "Startup Cost": 4.39, "Total Cost": 127093.19, "Plan Rows": 294, "Plan Width": 4, "Inner Unique": false, "Plans": [{"Node Type": "Seq Scan", "Parent Relationship": "Outer", "Relation Name": "name", "Alias": "n", "Startup Cost": 0.0, "Total Cost": 113909.35, "Plan Rows": 173, "Plan Width": 4, "Filter": "(((name)::text ~~ '%Tim%'::text) AND ((gender)::text = 'm'::text))"}, {"Node Type": "Bitmap Heap Scan", "Parent Relationship": "Inner", "Relation Name": "cast_info", "Alias": "ci", "Startup Cost": 4.39, "Total Cost": 76.19, "Plan Rows": 2, "Plan Width": 8, "Recheck Cond": "(person_id = n.id)", "Filter": "((note)::text = ANY ('{(producer),\"(executive producer)\"}'::text[]))", "Plans": [{"Node Type": "Bitmap Index Scan", "Parent Relationship": "Outer", "Index Name": "person_id_cast_info", "Startup Cost": 0.0, "Total Cost": 4.38, "Plan Rows": 18, "Plan Width": 0, "Index Cond": "(person_id = n.id)"}]}]}, {"Node Type": "Bitmap Heap Scan", "Parent Relationship": "Inner", "Relation Name": "movie_info", "Alias": "mi", "Startup Cost": 0.39, "Total Cost": 4.45, "Plan Rows": 5, "Plan Width": 50, "Recheck Cond": "(movie_id = ci.movie_id)", "Plans": [{"Node Type": "Bitmap Index Scan", "Parent Relationship": "Outer", "Index Name": "movie_id_movie_info", "Startup Cost": 0.0, "Total Cost": 0.38, "Plan Rows": 5, "Plan Width": 0, "Index Cond": "(movie_id = ci.movie_id)"}]}]}]}, {"Node Type": "Bitmap Heap Scan", "Parent Relationship": "Inner", "Relation Name": "movie_info_idx", "Alias": "mi_idx", "Startup Cost": 0.27, "Total Cost": 4.29, "Plan Rows": 2, "Plan Width": 13, "Recheck Cond": "(movie_id = mi.movie_id)", "Plans": [{"Node Type": "Bitmap Index Scan", "Parent Relationship": "Outer", "Index Name": "movie_id_movie_info_idx", "Startup Cost": 0.0, "Total Cost": 0.27, "Plan Rows": 2, "Plan Width": 0, "Index Cond": "(movie_id = mi.movie_id)"}]}]}]}, {"Node Type": "Bitmap Heap Scan", "Parent Relationship": "Inner", "Relation Name": "title", "Alias": "t", "Startup Cost": 0.26, "Total Cost": 4.27, "Plan Rows": 1, "Plan Width": 21, "Recheck Cond": "(id = mi.movie_id)", "Plans": [{"Node Type": "Bitmap Index Scan", "Parent Relationship": "Outer", "Index Name": "title_pkey", "Startup Cost": 0.0, "Total Cost": 0.26, "Plan Rows": 1, "Plan Width": 0, "Index Cond": "(id = mi.movie_id)"}]}]}]}, "Unique SQL Id": 4264520866, "Planner Runtime": 17}, "explain_analyze_plan": {"Plan": {"Node Type": "Aggregate", "Strategy": "Plain", "Startup Cost": 129052.4, "Total Cost": 129052.41, "Plan Rows": 1, "Plan Width": 160, "Actual Startup Time": 2011.873, "Actual Total Time": 2011.874, "Actual Rows": 1, "Actual Loops": 1, "Plans": [{"Node Type": "Nested Loop", "Parent Relationship": "Outer", "Join Type": "Inner", "Startup Cost": 5.3, "Total Cost": 129052.34, "Plan Rows": 8, "Plan Width": 64, "Actual Startup Time": 1.021, "Actual Total Time": 2010.729, "Actual Rows": 410, "Actual Loops": 1, "Inner Unique": true, "Plans": [{"Node Type": "Nested Loop", "Parent Relationship": "Outer", "Join Type": "Inner", "Startup Cost": 5.04, "Total Cost": 129013.79, "Plan Rows": 9, "Plan Width": 59, "Actual Startup Time": 1.006, "Actual Total Time": 2005.842, "Actual Rows": 410, "Actual Loops": 1, "Inner Unique": false, "Join Filter": "(mi_idx.info_type_id = it2.id)", "Rows Removed by Join Filter": 825, "Plans": [{"Node Type": "Seq Scan", "Parent Relationship": "Outer", "Relation Name": "info_type", "Alias": "it2", "Startup Cost": 0.0, "Total Cost": 2.4, "Plan Rows": 1, "Plan Width": 4, "Actual Startup Time": 0.058, "Actual Total Time": 0.071, "Actual Rows": 1, "Actual Loops": 1, "Filter": "((info)::text = 'votes'::text)", "Rows Removed by Filter": 111}, {"Node Type": "Nested Loop", "Parent Relationship": "Inner", "Join Type": "Inner", "Startup Cost": 5.04, "Total Cost": 129010.97, "Plan Rows": 34, "Plan Width": 63, "Actual Startup Time": 0.941, "Actual Total Time": 2005.266, "Actual Rows": 1235, "Actual Loops": 1, "Inner Unique": false, "Plans": [{"Node Type": "Nested Loop", "Parent Relationship": "Outer", "Join Type": "Inner", "Startup Cost": 4.77, "Total Cost": 128437.5, "Plan Rows": 133, "Plan Width": 50, "Actual Startup Time": 0.926, "Actual Total Time": 1997.322, "Actual Rows": 699, "Actual Loops": 1, "Inner Unique": false, "Join Filter": "(mi.info_type_id = it1.id)", "Rows Removed by Join Filter": 95197, "Plans": [{"Node Type": "Seq Scan", "Parent Relationship": "Outer", "Relation Name": "info_type", "Alias": "it1", "Startup Cost": 0.0, "Total Cost": 2.4, "Plan Rows": 1, "Plan Width": 4, "Actual Startup Time": 0.041, "Actual Total Time": 0.054, "Actual Rows": 1, "Actual Loops": 1, "Filter": "((info)::text = 'budget'::text)", "Rows Removed by Filter": 111}, {"Node Type": "Nested Loop", "Parent Relationship": "Inner", "Join Type": "Inner", "Startup Cost": 4.77, "Total Cost": 128415.58, "Plan Rows": 1561, "Plan Width": 54, "Actual Startup Time": 0.851, "Actual Total Time": 1977.819, "Actual Rows": 95896, "Actual Loops": 1, "Inner Unique": false, "Plans": [{"Node Type": "Nested Loop", "Parent Relationship": "Outer", "Join Type": "Inner", "Startup Cost": 4.39, "Total Cost": 127093.19, "Plan Rows": 294, "Plan Width": 4, "Actual Startup Time": 0.817, "Actual Total Time": 1802.279, "Actual Rows": 6719, "Actual Loops": 1, "Inner Unique": false, "Plans": [{"Node Type": "Seq Scan", "Parent Relationship": "Outer", "Relation Name": "name", "Alias": "n", "Startup Cost": 0.0, "Total Cost": 113909.35, "Plan Rows": 173, "Plan Width": 4, "Actual Startup Time": 0.232, "Actual Total Time": 1649.23, "Actual Rows": 9062, "Actual Loops": 1, "Filter": "(((name)::text ~~ '%Tim%'::text) AND ((gender)::text = 'm'::text))", "Rows Removed by Filter": 4158428}, {"Node Type": "Bitmap Heap Scan", "Parent Relationship": "Inner", "Relation Name": "cast_info", "Alias": "ci", "Startup Cost": 4.39, "Total Cost": 76.19, "Plan Rows": 2, "Plan Width": 8, "Actual Startup Time": 124.289, "Actual Total Time": 139.59, "Actual Rows": 6719, "Actual Loops": 9062, "Recheck Cond": "(person_id = n.id)", "Rows Removed by Index Recheck": 0, "Filter": "((note)::text = ANY ('{(producer),\"(executive producer)\"}'::text[]))", "Rows Removed by Filter": 89309, "Exact Heap Blocks": 13336, "Lossy Heap Blocks": 13336, "Plans": [{"Node Type": "Bitmap Index Scan", "Parent Relationship": "Outer", "Index Name": "person_id_cast_info", "Startup Cost": 0.0, "Total Cost": 4.38, "Plan Rows": 18, "Plan Width": 0, "Actual Startup Time": 58.145, "Actual Total Time": 58.145, "Actual Rows": 96028, "Actual Loops": 9062, "Index Cond": "(person_id = n.id)"}]}]}, {"Node Type": "Bitmap Heap Scan", "Parent Relationship": "Inner", "Relation Name": "movie_info", "Alias": "mi", "Startup Cost": 0.39, "Total Cost": 4.45, "Plan Rows": 5, "Plan Width": 50, "Actual Startup Time": 64.179, "Actual Total Time": 146.472, "Actual Rows": 95896, "Actual Loops": 6719, "Recheck Cond": "(movie_id = ci.movie_id)", "Rows Removed by Index Recheck": 0, "Exact Heap Blocks": 40013, "Lossy Heap Blocks": 40013, "Plans": [{"Node Type": "Bitmap Index Scan", "Parent Relationship": "Outer", "Index Name": "movie_id_movie_info", "Startup Cost": 0.0, "Total Cost": 0.38, "Plan Rows": 5, "Plan Width": 0, "Actual Startup Time": 44.308, "Actual Total Time": 44.308, "Actual Rows": 95896, "Actual Loops": 6719, "Index Cond": "(movie_id = ci.movie_id)"}]}]}]}, {"Node Type": "Bitmap Heap Scan", "Parent Relationship": "Inner", "Relation Name": "movie_info_idx", "Alias": "mi_idx", "Startup Cost": 0.27, "Total Cost": 4.29, "Plan Rows": 2, "Plan Width": 13, "Actual Startup Time": 6.131, "Actual Total Time": 6.318, "Actual Rows": 1235, "Actual Loops": 699, "Recheck Cond": "(movie_id = mi.movie_id)", "Rows Removed by Index Recheck": 0, "Exact Heap Blocks": 419, "Lossy Heap Blocks": 419, "Plans": [{"Node Type": "Bitmap Index Scan", "Parent Relationship": "Outer", "Index Name": "movie_id_movie_info_idx", "Startup Cost": 0.0, "Total Cost": 0.27, "Plan Rows": 2, "Plan Width": 0, "Actual Startup Time": 4.423, "Actual Total Time": 4.423, "Actual Rows": 1235, "Actual Loops": 699, "Index Cond": "(movie_id = mi.movie_id)"}]}]}]}, {"Node Type": "Bitmap Heap Scan", "Parent Relationship": "Inner", "Relation Name": "title", "Alias": "t", "Startup Cost": 0.26, "Total Cost": 4.27, "Plan Rows": 1, "Plan Width": 21, "Actual Startup Time": 4.013, "Actual Total Time": 4.013, "Actual Rows": 410, "Actual Loops": 410, "Recheck Cond": "(id = mi.movie_id)", "Rows Removed by Index Recheck": 0, "Exact Heap Blocks": 410, "Lossy Heap Blocks": 410, "Plans": [{"Node Type": "Bitmap Index Scan", "Parent Relationship": "Outer", "Index Name": "title_pkey", "Startup Cost": 0.0, "Total Cost": 0.26, "Plan Rows": 1, "Plan Width": 0, "Actual Startup Time": 2.613, "Actual Total Time": 2.613, "Actual Rows": 410, "Actual Loops": 410, "Index Cond": "(id = mi.movie_id)"}]}]}]}, "Triggers": [], "Planner Runtime": 23.46, "Total Runtime": 2012.231, "Unique SQL Id": 4264520866}}, "(1, '39')": {"explain_plan": {"Plan": {"Node Type": "Aggregate", "Strategy": "Plain", "Startup Cost": 1000014018806.1, "Total Cost": 1000014018806.11, "Plan Rows": 1, "Plan Width": 160, "Plans": [{"Node Type": "Nested Loop", "Parent Relationship": "Outer", "Join Type": "Inner", "Startup Cost": 10000000002.15, "Total Cost": 1000014018806.04, "Plan Rows": 8, "Plan Width": 64, "Inner Unique": true, "Plans": [{"Node Type": "Nested Loop", "Parent Relationship": "Outer", "Join Type": "Inner", "Startup Cost": 10000000001.89, "Total Cost": 1000014018767.49, "Plan Rows": 9, "Plan Width": 59, "Inner Unique": true, "Plans": [{"Node Type": "Nested Loop", "Parent Relationship": "Outer", "Join Type": "Inner", "Startup Cost": 10000000001.63, "Total Cost": 1000014017572.6, "Plan Rows": 279, "Plan Width": 63, "Inner Unique": false, "Join Filter": "(mi_idx.movie_id = mi.movie_id)", "Plans": [{"Node Type": "Nested Loop", "Parent Relationship": "Outer", "Join Type": "Inner", "Startup Cost": 10000000001.24, "Total Cost": 1000014017338.06, "Plan Rows": 52, "Plan Width": 13, "Inner Unique": true, "Plans": [{"Node Type": "Nested Loop", "Parent Relationship": "Outer", "Join Type": "Inner", "Startup Cost": 10000000000.96, "Total Cost": 1000012216357.19, "Plan Rows": 417690, "Plan Width": 17, "Inner Unique": false, "Plans": [{"Node Type": "Nested Loop", "Parent Relationship": "Outer", "Join Type": "Inner", "Startup Cost": 10000000000.26, "Total Cost": 1000010560383.98, "Plan Rows": 345008, "Plan Width": 9, "Inner Unique": true, "Plans": [{"Node Type": "Index Scan", "Parent Relationship": "Outer", "Scan Direction": "Forward", "Index Name": "movie_id_movie_info_idx", "Relation Name": "movie_info_idx", "Alias": "mi_idx", "Startup Cost": 10000000000.0, "Total Cost": 1000004650035.37, "Plan Rows": 1380034, "Plan Width": 13}, {"Node Type": "Bitmap Heap Scan", "Parent Relationship": "Inner", "Relation Name": "info_type", "Alias": "it2", "Startup Cost": 0.26, "Total Cost": 4.27, "Plan Rows": 1, "Plan Width": 4, "Recheck Cond": "(id = mi_idx.info_type_id)", "Filter": "((info)::text = 'votes'::text)", "Plans": [{"Node Type": "Bitmap Index Scan", "Parent Relationship": "Outer", "Index Name": "info_type_pkey", "Startup Cost": 0.0, "Total Cost": 0.26, "Plan Rows": 1, "Plan Width": 0, "Index Cond": "(id = mi_idx.info_type_id)"}]}]}, {"Node Type": "Bitmap Heap Scan", "Parent Relationship": "Inner", "Relation Name": "cast_info", "Alias": "ci", "Startup Cost": 0.7, "Total Cost": 4.79, "Plan Rows": 1, "Plan Width": 8, "Recheck Cond": "(movie_id = mi_idx.movie_id)", "Filter": "((note)::text = ANY ('{(producer),\"(executive producer)\"}'::text[]))", "Plans": [{"Node Type": "Bitmap Index Scan", "Parent Relationship": "Outer", "Index Name": "movie_id_cast_info", "Startup Cost": 0.0, "Total Cost": 0.7, "Plan Rows": 6, "Plan Width": 0, "Index Cond": "(movie_id = mi_idx.movie_id)"}]}]}, {"Node Type": "Bitmap Heap Scan", "Parent Relationship": "Inner", "Relation Name": "name", "Alias": "n", "Startup Cost": 0.28, "Total Cost": 4.3, "Plan Rows": 1, "Plan Width": 4, "Recheck Cond": "(id = ci.person_id)", "Filter": "(((name)::text ~~ '%Tim%'::text) AND ((gender)::text = 'm'::text))", "Plans": [{"Node Type": "Bitmap Index Scan", "Parent Relationship": "Outer", "Index Name": "name_pkey", "Startup Cost": 0.0, "Total Cost": 0.28, "Plan Rows": 1, "Plan Width": 0, "Index Cond": "(id = ci.person_id)"}]}]}, {"Node Type": "Bitmap Heap Scan", "Parent Relationship": "Inner", "Relation Name": "movie_info", "Alias": "mi", "Startup Cost": 0.39, "Total Cost": 4.45, "Plan Rows": 5, "Plan Width": 50, "Recheck Cond": "(movie_id = ci.movie_id)", "Plans": [{"Node Type": "Bitmap Index Scan", "Parent Relationship": "Outer", "Index Name": "movie_id_movie_info", "Startup Cost": 0.0, "Total Cost": 0.38, "Plan Rows": 5, "Plan Width": 0, "Index Cond": "(movie_id = ci.movie_id)"}]}]}, {"Node Type": "Bitmap Heap Scan", "Parent Relationship": "Inner", "Relation Name": "info_type", "Alias": "it1", "Startup Cost": 0.26, "Total Cost": 4.27, "Plan Rows": 1, "Plan Width": 4, "Recheck Cond": "(id = mi.info_type_id)", "Filter": "((info)::text = 'budget'::text)", "Plans": [{"Node Type": "Bitmap Index Scan", "Parent Relationship": "Outer", "Index Name": "info_type_pkey", "Startup Cost": 0.0, "Total Cost": 0.26, "Plan Rows": 1, "Plan Width": 0, "Index Cond": "(id = mi.info_type_id)"}]}]}, {"Node Type": "Bitmap Heap Scan", "Parent Relationship": "Inner", "Relation Name": "title", "Alias": "t", "Startup Cost": 0.26, "Total Cost": 4.27, "Plan Rows": 1, "Plan Width": 21, "Recheck Cond": "(id = mi.movie_id)", "Plans": [{"Node Type": "Bitmap Index Scan", "Parent Relationship": "Outer", "Index Name": "title_pkey", "Startup Cost": 0.0, "Total Cost": 0.26, "Plan Rows": 1, "Plan Width": 0, "Index Cond": "(id = mi.movie_id)"}]}]}]}, "Unique SQL Id": 4264520866, "Planner Runtime": 4}, "explain_analyze_plan": null}, "(1, '40')": {"explain_plan": {"Plan": {"Node Type": "Aggregate", "Strategy": "Plain", "Startup Cost": 121503.42, "Total Cost": 121503.43, "Plan Rows": 1, "Plan Width": 160, "Plans": [{"Node Type": "Nested Loop", "Parent Relationship": "Outer", "Join Type": "Inner", "Startup Cost": 0.0, "Total Cost": 121503.35, "Plan Rows": 9, "Plan Width": 64, "Inner Unique": true, "Plans": [{"Node Type": "Nested Loop", "Parent Relationship": "Outer", "Join Type": "Inner", "Startup Cost": 0.0, "Total Cost": 121500.72, "Plan Rows": 9, "Plan Width": 59, "Inner Unique": false, "Join Filter": "(mi.info_type_id = it1.id)", "Plans": [{"Node Type": "Seq Scan", "Parent Relationship": "Outer", "Relation Name": "info_type", "Alias": "it1", "Startup Cost": 0.0, "Total Cost": 2.4, "Plan Rows": 1, "Plan Width": 4, "Filter": "((info)::text = 'budget'::text)"}, {"Node Type": "Nested Loop", "Parent Relationship": "Inner", "Join Type": "Inner", "Startup Cost": 0.0, "Total Cost": 121494.84, "Plan Rows": 279, "Plan Width": 63, "Inner Unique": false, "Join Filter": "(mi_idx.movie_id = mi.movie_id)", "Plans": [{"Node Type": "Nested Loop", "Parent Relationship": "Outer", "Join Type": "Inner", "Startup Cost": 0.0, "Total Cost": 121455.23, "Plan Rows": 52, "Plan Width": 13, "Inner Unique": false, "Join Filter": "(mi_idx.info_type_id = it2.id)", "Plans": [{"Node Type": "Seq Scan", "Parent Relationship": "Outer", "Relation Name": "info_type", "Alias": "it2", "Startup Cost": 0.0, "Total Cost": 2.4, "Plan Rows": 1, "Plan Width": 4, "Filter": "((info)::text = 'votes'::text)"}, {"Node Type": "Nested Loop", "Parent Relationship": "Inner", "Join Type": "Inner", "Startup Cost": 0.0, "Total Cost": 121448.51, "Plan Rows": 346, "Plan Width": 17, "Inner Unique": false, "Plans": [{"Node Type": "Nested Loop", "Parent Relationship": "Outer", "Join Type": "Inner", "Startup Cost": 0.0, "Total Cost": 121351.72, "Plan Rows": 294, "Plan Width": 4, "Inner Unique": false, "Plans": [{"Node Type": "Seq Scan", "Parent Relationship": "Outer", "Relation Name": "name", "Alias": "n", "Startup Cost": 0.0, "Total Cost": 113909.35, "Plan Rows": 173, "Plan Width": 4, "Filter": "(((name)::text ~~ '%Tim%'::text) AND ((gender)::text = 'm'::text))"}, {"Node Type": "Index Scan", "Parent Relationship": "Inner", "Scan Direction": "Forward", "Index Name": "person_id_cast_info", "Relation Name": "cast_info", "Alias": "ci", "Startup Cost": 0.0, "Total Cost": 43.0, "Plan Rows": 2, "Plan Width": 8, "Index Cond": "(person_id = n.id)", "Filter": "((note)::text = ANY ('{(producer),\"(executive producer)\"}'::text[]))"}]}, {"Node Type": "Index Scan", "Parent Relationship": "Inner", "Scan Direction": "Forward", "Index Name": "movie_id_movie_info_idx", "Relation Name": "movie_info_idx", "Alias": "mi_idx", "Startup Cost": 0.0, "Total Cost": 0.31, "Plan Rows": 2, "Plan Width": 13, "Index Cond": "(movie_id = ci.movie_id)"}]}]}, {"Node Type": "Index Scan", "Parent Relationship": "Inner", "Scan Direction": "Forward", "Index Name": "movie_id_movie_info", "Relation Name": "movie_info", "Alias": "mi", "Startup Cost": 0.0, "Total Cost": 0.7, "Plan Rows": 5, "Plan Width": 50, "Index Cond": "(movie_id = ci.movie_id)"}]}]}, {"Node Type": "Index Scan", "Parent Relationship": "Inner", "Scan Direction": "Forward", "Index Name": "title_pkey", "Relation Name": "title", "Alias": "t", "Startup Cost": 0.0, "Total Cost": 0.28, "Plan Rows": 1, "Plan Width": 21, "Index Cond": "(id = mi.movie_id)"}]}]}, "Unique SQL Id": 4264520866, "Planner Runtime": 12}, "explain_analyze_plan": {"Plan": {"Node Type": "Aggregate", "Strategy": "Plain", "Startup Cost": 121503.42, "Total Cost": 121503.43, "Plan Rows": 1, "Plan Width": 160, "Actual Startup Time": 1937.818, "Actual Total Time": 1937.818, "Actual Rows": 1, "Actual Loops": 1, "Plans": [{"Node Type": "Nested Loop", "Parent Relationship": "Outer", "Join Type": "Inner", "Startup Cost": 0.0, "Total Cost": 121503.35, "Plan Rows": 9, "Plan Width": 64, "Actual Startup Time": 0.973, "Actual Total Time": 1936.956, "Actual Rows": 410, "Actual Loops": 1, "Inner Unique": true, "Plans": [{"Node Type": "Nested Loop", "Parent Relationship": "Outer", "Join Type": "Inner", "Startup Cost": 0.0, "Total Cost": 121500.72, "Plan Rows": 9, "Plan Width": 59, "Actual Startup Time": 0.96, "Actual Total Time": 1933.185, "Actual Rows": 410, "Actual Loops": 1, "Inner Unique": false, "Join Filter": "(mi.info_type_id = it1.id)", "Rows Removed by Join Filter": 81998, "Plans": [{"Node Type": "Seq Scan", "Parent Relationship": "Outer", "Relation Name": "info_type", "Alias": "it1", "Startup Cost": 0.0, "Total Cost": 2.4, "Plan Rows": 1, "Plan Width": 4, "Actual Startup Time": 0.06, "Actual Total Time": 0.067, "Actual Rows": 1, "Actual Loops": 1, "Filter": "((info)::text = 'budget'::text)", "Rows Removed by Filter": 111}, {"Node Type": "Nested Loop", "Parent Relationship": "Inner", "Join Type": "Inner", "Startup Cost": 0.0, "Total Cost": 121494.84, "Plan Rows": 279, "Plan Width": 63, "Actual Startup Time": 0.867, "Actual Total Time": 1917.061, "Actual Rows": 82408, "Actual Loops": 1, "Inner Unique": false, "Join Filter": "(mi_idx.movie_id = mi.movie_id)", "Rows Removed by Join Filter": 0, "Plans": [{"Node Type": "Nested Loop", "Parent Relationship": "Outer", "Join Type": "Inner", "Startup Cost": 0.0, "Total Cost": 121455.23, "Plan Rows": 52, "Plan Width": 13, "Actual Startup Time": 0.852, "Actual Total Time": 1794.88, "Actual Rows": 3435, "Actual Loops": 1, "Inner Unique": false, "Join Filter": "(mi_idx.info_type_id = it2.id)", "Rows Removed by Join Filter": 6875, "Plans": [{"Node Type": "Seq Scan", "Parent Relationship": "Outer", "Relation Name": "info_type", "Alias": "it2", "Startup Cost": 0.0, "Total Cost": 2.4, "Plan Rows": 1, "Plan Width": 4, "Actual Startup Time": 0.039, "Actual Total Time": 0.05, "Actual Rows": 1, "Actual Loops": 1, "Filter": "((info)::text = 'votes'::text)", "Rows Removed by Filter": 111}, {"Node Type": "Nested Loop", "Parent Relationship": "Inner", "Join Type": "Inner", "Startup Cost": 0.0, "Total Cost": 121448.51, "Plan Rows": 346, "Plan Width": 17, "Actual Startup Time": 0.807, "Actual Total Time": 1791.944, "Actual Rows": 10310, "Actual Loops": 1, "Inner Unique": false, "Plans": [{"Node Type": "Nested Loop", "Parent Relationship": "Outer", "Join Type": "Inner", "Startup Cost": 0.0, "Total Cost": 121351.72, "Plan Rows": 294, "Plan Width": 4, "Actual Startup Time": 0.793, "Actual Total Time": 1755.692, "Actual Rows": 6719, "Actual Loops": 1, "Inner Unique": false, "Plans": [{"Node Type": "Seq Scan", "Parent Relationship": "Outer", "Relation Name": "name", "Alias": "n", "Startup Cost": 0.0, "Total Cost": 113909.35, "Plan Rows": 173, "Plan Width": 4, "Actual Startup Time": 0.234, "Actual Total Time": 1626.769, "Actual Rows": 9062, "Actual Loops": 1, "Filter": "(((name)::text ~~ '%Tim%'::text) AND ((gender)::text = 'm'::text))", "Rows Removed by Filter": 4158428}, {"Node Type": "Index Scan", "Parent Relationship": "Inner", "Scan Direction": "Forward", "Index Name": "person_id_cast_info", "Relation Name": "cast_info", "Alias": "ci", "Startup Cost": 0.0, "Total Cost": 43.0, "Plan Rows": 2, "Plan Width": 8, "Actual Startup Time": 103.793, "Actual Total Time": 122.225, "Actual Rows": 6719, "Actual Loops": 9062, "Index Cond": "(person_id = n.id)", "Rows Removed by Index Recheck": 0, "Filter": "((note)::text = ANY ('{(producer),\"(executive producer)\"}'::text[]))", "Rows Removed by Filter": 89309}]}, {"Node Type": "Index Scan", "Parent Relationship": "Inner", "Scan Direction": "Forward", "Index Name": "movie_id_movie_info_idx", "Relation Name": "movie_info_idx", "Alias": "mi_idx", "Startup Cost": 0.0, "Total Cost": 0.31, "Plan Rows": 2, "Plan Width": 13, "Actual Startup Time": 25.752, "Actual Total Time": 29.618, "Actual Rows": 10310, "Actual Loops": 6719, "Index Cond": "(movie_id = ci.movie_id)", "Rows Removed by Index Recheck": 0}]}]}, {"Node Type": "Index Scan", "Parent Relationship": "Inner", "Scan Direction": "Forward", "Index Name": "movie_id_movie_info", "Relation Name": "movie_info", "Alias": "mi", "Startup Cost": 0.0, "Total Cost": 0.7, "Plan Rows": 5, "Plan Width": 50, "Actual Startup Time": 23.27, "Actual Total Time": 93.475, "Actual Rows": 82408, "Actual Loops": 3435, "Index Cond": "(movie_id = ci.movie_id)", "Rows Removed by Index Recheck": 0}]}]}, {"Node Type": "Index Scan", "Parent Relationship": "Inner", "Scan Direction": "Forward", "Index Name": "title_pkey", "Relation Name": "title", "Alias": "t", "Startup Cost": 0.0, "Total Cost": 0.28, "Plan Rows": 1, "Plan Width": 21, "Actual Startup Time": 3.206, "Actual Total Time": 3.206, "Actual Rows": 410, "Actual Loops": 410, "Index Cond": "(id = mi.movie_id)", "Rows Removed by Index Recheck": 0}]}]}, "Triggers": [], "Planner Runtime": 12.193, "Total Runtime": 1938.072, "Unique SQL Id": 4264520866}}, "(1, '41')": {"explain_plan": {"Plan": {"Node Type": "Aggregate", "Strategy": "Plain", "Startup Cost": 204687.88, "Total Cost": 204687.89, "Plan Rows": 1, "Plan Width": 160, "Plans": [{"Node Type": "Nested Loop", "Parent Relationship": "Outer", "Join Type": "Inner", "Startup Cost": 0.0, "Total Cost": 204687.82, "Plan Rows": 9, "Plan Width": 64, "Inner Unique": true, "Plans": [{"Node Type": "Nested Loop", "Parent Relationship": "Outer", "Join Type": "Inner", "Startup Cost": 0.0, "Total Cost": 204685.19, "Plan Rows": 9, "Plan Width": 59, "Inner Unique": false, "Join Filter": "(mi.info_type_id = it1.id)", "Plans": [{"Node Type": "Index Scan", "Parent Relationship": "Outer", "Scan Direction": "Forward", "Index Name": "info_type_pkey", "Relation Name": "info_type", "Alias": "it1", "Startup Cost": 0.0, "Total Cost": 14.21, "Plan Rows": 1, "Plan Width": 4, "Filter": "((info)::text = 'budget'::text)"}, {"Node Type": "Nested Loop", "Parent Relationship": "Inner", "Join Type": "Inner", "Startup Cost": 0.0, "Total Cost": 204667.49, "Plan Rows": 279, "Plan Width": 63, "Inner Unique": false, "Join Filter": "(mi_idx.movie_id = mi.movie_id)", "Plans": [{"Node Type": "Nested Loop", "Parent Relationship": "Outer", "Join Type": "Inner", "Startup Cost": 0.0, "Total Cost": 204627.89, "Plan Rows": 52, "Plan Width": 13, "Inner Unique": false, "Join Filter": "(mi_idx.info_type_id = it2.id)", "Plans": [{"Node Type": "Index Scan", "Parent Relationship": "Outer", "Scan Direction": "Forward", "Index Name": "info_type_pkey", "Relation Name": "info_type", "Alias": "it2", "Startup Cost": 0.0, "Total Cost": 14.21, "Plan Rows": 1, "Plan Width": 4, "Filter": "((info)::text = 'votes'::text)"}, {"Node Type": "Nested Loop", "Parent Relationship": "Inner", "Join Type": "Inner", "Startup Cost": 0.0, "Total Cost": 204609.36, "Plan Rows": 346, "Plan Width": 17, "Inner Unique": false, "Plans": [{"Node Type": "Nested Loop", "Parent Relationship": "Outer", "Join Type": "Inner", "Startup Cost": 0.0, "Total Cost": 204512.56, "Plan Rows": 294, "Plan Width": 4, "Inner Unique": false, "Plans": [{"Node Type": "Index Scan", "Parent Relationship": "Outer", "Scan Direction": "Forward", "Index Name": "name_pkey", "Relation Name": "name", "Alias": "n", "Startup Cost": 0.0, "Total Cost": 197070.2, "Plan Rows": 173, "Plan Width": 4, "Filter": "(((name)::text ~~ '%Tim%'::text) AND ((gender)::text = 'm'::text))"}, {"Node Type": "Index Scan", "Parent Relationship": "Inner", "Scan Direction": "Forward", "Index Name": "person_id_cast_info", "Relation Name": "cast_info", "Alias": "ci", "Startup Cost": 0.0, "Total Cost": 43.0, "Plan Rows": 2, "Plan Width": 8, "Index Cond": "(person_id = n.id)", "Filter": "((note)::text = ANY ('{(producer),\"(executive producer)\"}'::text[]))"}]}, {"Node Type": "Index Scan", "Parent Relationship": "Inner", "Scan Direction": "Forward", "Index Name": "movie_id_movie_info_idx", "Relation Name": "movie_info_idx", "Alias": "mi_idx", "Startup Cost": 0.0, "Total Cost": 0.31, "Plan Rows": 2, "Plan Width": 13, "Index Cond": "(movie_id = ci.movie_id)"}]}]}, {"Node Type": "Index Scan", "Parent Relationship": "Inner", "Scan Direction": "Forward", "Index Name": "movie_id_movie_info", "Relation Name": "movie_info", "Alias": "mi", "Startup Cost": 0.0, "Total Cost": 0.7, "Plan Rows": 5, "Plan Width": 50, "Index Cond": "(movie_id = ci.movie_id)"}]}]}, {"Node Type": "Index Scan", "Parent Relationship": "Inner", "Scan Direction": "Forward", "Index Name": "title_pkey", "Relation Name": "title", "Alias": "t", "Startup Cost": 0.0, "Total Cost": 0.28, "Plan Rows": 1, "Plan Width": 21, "Index Cond": "(id = mi.movie_id)"}]}]}, "Unique SQL Id": 4264520866, "Planner Runtime": 10}, "explain_analyze_plan": null}, "(1, '42')": {"explain_plan": {"Plan": {"Node Type": "Aggregate", "Strategy": "Plain", "Startup Cost": 1247064.23, "Total Cost": 1247064.24, "Plan Rows": 1, "Plan Width": 160, "Plans": [{"Node Type": "Nested Loop", "Parent Relationship": "Outer", "Join Type": "Inner", "Startup Cost": 909881.03, "Total Cost": 1247063.85, "Plan Rows": 51, "Plan Width": 64, "Inner Unique": false, "Join Filter": "(mi_idx.info_type_id = it2.id)", "Plans": [{"Node Type": "Seq Scan", "Parent Relationship": "Outer", "Relation Name": "info_type", "Alias": "it2", "Startup Cost": 0.0, "Total Cost": 2.4, "Plan Rows": 1, "Plan Width": 4, "Filter": "((info)::text = 'votes'::text)"}, {"Node Type": "Hash Join", "Parent Relationship": "Inner", "Join Type": "Inner", "Startup Cost": 909881.03, "Total Cost": 1247061.02, "Plan Rows": 34, "Plan Width": 68, "Inner Unique": false, "Hash Cond": "(mi.movie_id = t.id)", "Plans": [{"Node Type": "Hash Join", "Parent Relationship": "Outer", "Join Type": "Inner", "Startup Cost": 2.41, "Total Cost": 336382.21, "Plan Rows": 212428, "Plan Width": 46, "Inner Unique": true, "Hash Cond": "(mi.info_type_id = it1.id), (LLVM Optimized)", "Plans": [{"Node Type": "Seq Scan", "Parent Relationship": "Outer", "Relation Name": "movie_info", "Alias": "mi", "Startup Cost": 0.0, "Total Cost": 296987.66, "Plan Rows": 14869966, "Plan Width": 50}, {"Node Type": "Hash", "Parent Relationship": "Inner", "Startup Cost": 2.4, "Total Cost": 2.4, "Plan Rows": 1, "Plan Width": 4, "Plans": [{"Node Type": "Seq Scan", "Parent Relationship": "Outer", "Relation Name": "info_type", "Alias": "it1", "Startup Cost": 0.0, "Total Cost": 2.4, "Plan Rows": 1, "Plan Width": 4, "Filter": "((info)::text = 'budget'::text)"}]}]}, {"Node Type": "Hash", "Parent Relationship": "Inner", "Startup Cost": 909874.3, "Total Cost": 909874.3, "Plan Rows": 346, "Plan Width": 38, "Plans": [{"Node Type": "Hash Join", "Parent Relationship": "Outer", "Join Type": "Inner", "Startup Cost": 840320.56, "Total Cost": 909874.3, "Plan Rows": 346, "Plan Width": 38, "Inner Unique": false, "Hash Cond": "(t.id = mi_idx.movie_id)", "Plans": [{"Node Type": "Seq Scan", "Parent Relationship": "Outer", "Relation Name": "title", "Alias": "t", "Startup Cost": 0.0, "Total Cost": 60069.11, "Plan Rows": 2528311, "Plan Width": 21}, {"Node Type": "Hash", "Parent Relationship": "Inner", "Startup Cost": 840316.24, "Total Cost": 840316.24, "Plan Rows": 346, "Plan Width": 17, "Plans": [{"Node Type": "Hash Join", "Parent Relationship": "Outer", "Join Type": "Inner", "Startup Cost": 814862.25, "Total Cost": 840316.24, "Plan Rows": 346, "Plan Width": 17, "Inner Unique": false, "Hash Cond": "(mi_idx.movie_id = ci.movie_id)", "Plans": [{"Node Type": "Seq Scan", "Parent Relationship": "Outer", "Relation Name": "movie_info_idx", "Alias": "mi_idx", "Startup Cost": 0.0, "Total Cost": 20274.34, "Plan Rows": 1380034, "Plan Width": 13}, {"Node Type": "Hash", "Parent Relationship": "Inner", "Startup Cost": 814858.57, "Total Cost": 814858.57, "Plan Rows": 294, "Plan Width": 4, "Plans": [{"Node Type": "Hash Join", "Parent Relationship": "Outer", "Join Type": "Inner", "Startup Cost": 113911.51, "Total Cost": 814858.57, "Plan Rows": 294, "Plan Width": 4, "Inner Unique": true, "Hash Cond": "(ci.person_id = n.id)", "Plans": [{"Node Type": "Seq Scan", "Parent Relationship": "Outer", "Relation Name": "cast_info", "Alias": "ci", "Startup Cost": 0.0, "Total Cost": 692526.68, "Plan Rows": 2350421, "Plan Width": 8, "Filter": "((note)::text = ANY ('{(producer),\"(executive producer)\"}'::text[]))"}, {"Node Type": "Hash", "Parent Relationship": "Inner", "Startup Cost": 113909.35, "Total Cost": 113909.35, "Plan Rows": 173, "Plan Width": 4, "Plans": [{"Node Type": "Seq Scan", "Parent Relationship": "Outer", "Relation Name": "name", "Alias": "n", "Startup Cost": 0.0, "Total Cost": 113909.35, "Plan Rows": 173, "Plan Width": 4, "Filter": "(((name)::text ~~ '%Tim%'::text) AND ((gender)::text = 'm'::text))"}]}]}]}]}]}]}]}]}]}]}, "Unique SQL Id": 4264520866, "Planner Runtime": 27}, "explain_analyze_plan": null}, "(1, '43')": {"explain_plan": {"Plan": {"Node Type": "Aggregate", "Strategy": "Plain", "Startup Cost": 7000364088471.83, "Total Cost": 7000364088471.84, "Plan Rows": 1, "Plan Width": 160, "Plans": [{"Node Type": "Nested Loop", "Parent Relationship": "Outer", "Join Type": "Inner", "Startup Cost": 70000000000.0, "Total Cost": 7000364088471.49, "Plan Rows": 46, "Plan Width": 64, "Inner Unique": false, "Join Filter": "(mi.movie_id = t.id)", "Plans": [{"Node Type": "Index Scan", "Parent Relationship": "Outer", "Scan Direction": "Forward", "Index Name": "title_pkey", "Relation Name": "title", "Alias": "t", "Startup Cost": 10000000000.0, "Total Cost": 1000011012048.91, "Plan Rows": 2528311, "Plan Width": 21}, {"Node Type": "Materialize", "Parent Relationship": "Inner", "Startup Cost": 60000000000.0, "Total Cost": 6000351142264.79, "Plan Rows": 51, "Plan Width": 59, "Plans": [{"Node Type": "Nested Loop", "Parent Relationship": "Outer", "Join Type": "Inner", "Startup Cost": 60000000000.0, "Total Cost": 6000351142264.53, "Plan Rows": 51, "Plan Width": 59, "Inner Unique": false, "Join Filter": "(mi_idx.movie_id = mi.movie_id)", "Plans": [{"Node Type": "Nested Loop", "Parent Relationship": "Outer", "Join Type": "Inner", "Startup Cost": 20000000000.0, "Total Cost": 2000004672156.88, "Plan Rows": 345008, "Plan Width": 9, "Inner Unique": true, "Join Filter": "(it2.id = mi_idx.info_type_id), (LLVM Optimized)", "Plans": [{"Node Type": "Index Scan", "Parent Relationship": "Outer", "Scan Direction": "Forward", "Index Name": "movie_id_movie_info_idx", "Relation Name": "movie_info_idx", "Alias": "mi_idx", "Startup Cost": 10000000000.0, "Total Cost": 1000004650035.37, "Plan Rows": 1380034, "Plan Width": 13}, {"Node Type": "Materialize", "Parent Relationship": "Inner", "Startup Cost": 10000000000.0, "Total Cost": 1000000001421.0, "Plan Rows": 1, "Plan Width": 4, "Plans": [{"Node Type": "Index Scan", "Parent Relationship": "Outer", "Scan Direction": "Forward", "Index Name": "info_type_pkey", "Relation Name": "info_type", "Alias": "it2", "Startup Cost": 10000000000.0, "Total Cost": 1000000001421.0, "Plan Rows": 1, "Plan Width": 4, "Filter": "((info)::text = 'votes'::text)"}]}]}, {"Node Type": "Materialize", "Parent Relationship": "Inner", "Startup Cost": 40000000000.0, "Total Cost": 4000345781817.02, "Plan Rows": 133, "Plan Width": 50, "Plans": [{"Node Type": "Nested Loop", "Parent Relationship": "Outer", "Join Type": "Inner", "Startup Cost": 40000000000.0, "Total Cost": 4000345781816.36, "Plan Rows": 133, "Plan Width": 50, "Inner Unique": false, "Join Filter": "(ci.movie_id = mi.movie_id)", "Plans": [{"Node Type": "Nested Loop", "Parent Relationship": "Outer", "Join Type": "Inner", "Startup Cost": 20000000000.0, "Total Cost": 2000104041382.71, "Plan Rows": 212428, "Plan Width": 46, "Inner Unique": true, "Join Filter": "(it1.id = mi.info_type_id), (LLVM Optimized)", "Plans": [{"Node Type": "Index Scan", "Parent Relationship": "Outer", "Scan Direction": "Forward", "Index Name": "movie_id_movie_info", "Relation Name": "movie_info", "Alias": "mi", "Startup Cost": 10000000000.0, "Total Cost": 1000103816912.22, "Plan Rows": 14869966, "Plan Width": 50}, {"Node Type": "Materialize", "Parent Relationship": "Inner", "Startup Cost": 10000000000.0, "Total Cost": 1000000001421.0, "Plan Rows": 1, "Plan Width": 4, "Plans": [{"Node Type": "Index Scan", "Parent Relationship": "Outer", "Scan Direction": "Forward", "Index Name": "info_type_pkey", "Relation Name": "info_type", "Alias": "it1", "Startup Cost": 10000000000.0, "Total Cost": 1000000001421.0, "Plan Rows": 1, "Plan Width": 4, "Filter": "((info)::text = 'budget'::text)"}]}]}, {"Node Type": "Materialize", "Parent Relationship": "Inner", "Startup Cost": 20000000000.0, "Total Cost": 2000240803626.91, "Plan Rows": 294, "Plan Width": 4, "Plans": [{"Node Type": "Nested Loop", "Parent Relationship": "Outer", "Join Type": "Inner", "Startup Cost": 20000000000.0, "Total Cost": 2000240803625.44, "Plan Rows": 294, "Plan Width": 4, "Inner Unique": true, "Join Filter": "(ci.person_id = n.id)", "Plans": [{"Node Type": "Index Scan", "Parent Relationship": "Outer", "Scan Direction": "Forward", "Index Name": "movie_id_cast_info", "Relation Name": "cast_info", "Alias": "ci", "Startup Cost": 10000000000.0, "Total Cost": 1000214997262.8, "Plan Rows": 2350421, "Plan Width": 8, "Filter": "((note)::text = ANY ('{(producer),\"(executive producer)\"}'::text[]))"}, {"Node Type": "Materialize", "Parent Relationship": "Inner", "Startup Cost": 10000000000.0, "Total Cost": 1000019707020.57, "Plan Rows": 173, "Plan Width": 4, "Plans": [{"Node Type": "Index Scan", "Parent Relationship": "Outer", "Scan Direction": "Forward", "Index Name": "name_pkey", "Relation Name": "name", "Alias": "n", "Startup Cost": 10000000000.0, "Total Cost": 1000019707019.7, "Plan Rows": 173, "Plan Width": 4, "Filter": "(((name)::text ~~ '%Tim%'::text) AND ((gender)::text = 'm'::text))"}]}]}]}]}]}]}]}]}]}, "Unique SQL Id": 4264520866, "Planner Runtime": 25}, "explain_analyze_plan": null}, "(1, '44')": {"explain_plan": {"Plan": {"Node Type": "Aggregate", "Strategy": "Plain", "Startup Cost": 121503.42, "Total Cost": 121503.43, "Plan Rows": 1, "Plan Width": 160, "Plans": [{"Node Type": "Nested Loop", "Parent Relationship": "Outer", "Join Type": "Inner", "Startup Cost": 0.0, "Total Cost": 121503.35, "Plan Rows": 9, "Plan Width": 64, "Inner Unique": true, "Plans": [{"Node Type": "Nested Loop", "Parent Relationship": "Outer", "Join Type": "Inner", "Startup Cost": 0.0, "Total Cost": 121500.72, "Plan Rows": 9, "Plan Width": 59, "Inner Unique": false, "Join Filter": "(mi.info_type_id = it1.id)", "Plans": [{"Node Type": "Seq Scan", "Parent Relationship": "Outer", "Relation Name": "info_type", "Alias": "it1", "Startup Cost": 0.0, "Total Cost": 2.4, "Plan Rows": 1, "Plan Width": 4, "Filter": "((info)::text = 'budget'::text)"}, {"Node Type": "Nested Loop", "Parent Relationship": "Inner", "Join Type": "Inner", "Startup Cost": 0.0, "Total Cost": 121494.84, "Plan Rows": 279, "Plan Width": 63, "Inner Unique": false, "Join Filter": "(mi_idx.movie_id = mi.movie_id)", "Plans": [{"Node Type": "Nested Loop", "Parent Relationship": "Outer", "Join Type": "Inner", "Startup Cost": 0.0, "Total Cost": 121455.23, "Plan Rows": 52, "Plan Width": 13, "Inner Unique": false, "Join Filter": "(mi_idx.info_type_id = it2.id)", "Plans": [{"Node Type": "Seq Scan", "Parent Relationship": "Outer", "Relation Name": "info_type", "Alias": "it2", "Startup Cost": 0.0, "Total Cost": 2.4, "Plan Rows": 1, "Plan Width": 4, "Filter": "((info)::text = 'votes'::text)"}, {"Node Type": "Nested Loop", "Parent Relationship": "Inner", "Join Type": "Inner", "Startup Cost": 0.0, "Total Cost": 121448.51, "Plan Rows": 346, "Plan Width": 17, "Inner Unique": false, "Plans": [{"Node Type": "Nested Loop", "Parent Relationship": "Outer", "Join Type": "Inner", "Startup Cost": 0.0, "Total Cost": 121351.72, "Plan Rows": 294, "Plan Width": 4, "Inner Unique": false, "Plans": [{"Node Type": "Seq Scan", "Parent Relationship": "Outer", "Relation Name": "name", "Alias": "n", "Startup Cost": 0.0, "Total Cost": 113909.35, "Plan Rows": 173, "Plan Width": 4, "Filter": "(((name)::text ~~ '%Tim%'::text) AND ((gender)::text = 'm'::text))"}, {"Node Type": "Index Scan", "Parent Relationship": "Inner", "Scan Direction": "Forward", "Index Name": "person_id_cast_info", "Relation Name": "cast_info", "Alias": "ci", "Startup Cost": 0.0, "Total Cost": 43.0, "Plan Rows": 2, "Plan Width": 8, "Index Cond": "(person_id = n.id)", "Filter": "((note)::text = ANY ('{(producer),\"(executive producer)\"}'::text[]))"}]}, {"Node Type": "Index Scan", "Parent Relationship": "Inner", "Scan Direction": "Forward", "Index Name": "movie_id_movie_info_idx", "Relation Name": "movie_info_idx", "Alias": "mi_idx", "Startup Cost": 0.0, "Total Cost": 0.31, "Plan Rows": 2, "Plan Width": 13, "Index Cond": "(movie_id = ci.movie_id)"}]}]}, {"Node Type": "Index Scan", "Parent Relationship": "Inner", "Scan Direction": "Forward", "Index Name": "movie_id_movie_info", "Relation Name": "movie_info", "Alias": "mi", "Startup Cost": 0.0, "Total Cost": 0.7, "Plan Rows": 5, "Plan Width": 50, "Index Cond": "(movie_id = ci.movie_id)"}]}]}, {"Node Type": "Index Scan", "Parent Relationship": "Inner", "Scan Direction": "Forward", "Index Name": "title_pkey", "Relation Name": "title", "Alias": "t", "Startup Cost": 0.0, "Total Cost": 0.28, "Plan Rows": 1, "Plan Width": 21, "Index Cond": "(id = mi.movie_id)"}]}]}, "Unique SQL Id": 4264520866, "Planner Runtime": 12}, "explain_analyze_plan": {"Plan": {"Node Type": "Aggregate", "Strategy": "Plain", "Startup Cost": 121503.42, "Total Cost": 121503.43, "Plan Rows": 1, "Plan Width": 160, "Actual Startup Time": 1937.818, "Actual Total Time": 1937.818, "Actual Rows": 1, "Actual Loops": 1, "Plans": [{"Node Type": "Nested Loop", "Parent Relationship": "Outer", "Join Type": "Inner", "Startup Cost": 0.0, "Total Cost": 121503.35, "Plan Rows": 9, "Plan Width": 64, "Actual Startup Time": 0.973, "Actual Total Time": 1936.956, "Actual Rows": 410, "Actual Loops": 1, "Inner Unique": true, "Plans": [{"Node Type": "Nested Loop", "Parent Relationship": "Outer", "Join Type": "Inner", "Startup Cost": 0.0, "Total Cost": 121500.72, "Plan Rows": 9, "Plan Width": 59, "Actual Startup Time": 0.96, "Actual Total Time": 1933.185, "Actual Rows": 410, "Actual Loops": 1, "Inner Unique": false, "Join Filter": "(mi.info_type_id = it1.id)", "Rows Removed by Join Filter": 81998, "Plans": [{"Node Type": "Seq Scan", "Parent Relationship": "Outer", "Relation Name": "info_type", "Alias": "it1", "Startup Cost": 0.0, "Total Cost": 2.4, "Plan Rows": 1, "Plan Width": 4, "Actual Startup Time": 0.06, "Actual Total Time": 0.067, "Actual Rows": 1, "Actual Loops": 1, "Filter": "((info)::text = 'budget'::text)", "Rows Removed by Filter": 111}, {"Node Type": "Nested Loop", "Parent Relationship": "Inner", "Join Type": "Inner", "Startup Cost": 0.0, "Total Cost": 121494.84, "Plan Rows": 279, "Plan Width": 63, "Actual Startup Time": 0.867, "Actual Total Time": 1917.061, "Actual Rows": 82408, "Actual Loops": 1, "Inner Unique": false, "Join Filter": "(mi_idx.movie_id = mi.movie_id)", "Rows Removed by Join Filter": 0, "Plans": [{"Node Type": "Nested Loop", "Parent Relationship": "Outer", "Join Type": "Inner", "Startup Cost": 0.0, "Total Cost": 121455.23, "Plan Rows": 52, "Plan Width": 13, "Actual Startup Time": 0.852, "Actual Total Time": 1794.88, "Actual Rows": 3435, "Actual Loops": 1, "Inner Unique": false, "Join Filter": "(mi_idx.info_type_id = it2.id)", "Rows Removed by Join Filter": 6875, "Plans": [{"Node Type": "Seq Scan", "Parent Relationship": "Outer", "Relation Name": "info_type", "Alias": "it2", "Startup Cost": 0.0, "Total Cost": 2.4, "Plan Rows": 1, "Plan Width": 4, "Actual Startup Time": 0.039, "Actual Total Time": 0.05, "Actual Rows": 1, "Actual Loops": 1, "Filter": "((info)::text = 'votes'::text)", "Rows Removed by Filter": 111}, {"Node Type": "Nested Loop", "Parent Relationship": "Inner", "Join Type": "Inner", "Startup Cost": 0.0, "Total Cost": 121448.51, "Plan Rows": 346, "Plan Width": 17, "Actual Startup Time": 0.807, "Actual Total Time": 1791.944, "Actual Rows": 10310, "Actual Loops": 1, "Inner Unique": false, "Plans": [{"Node Type": "Nested Loop", "Parent Relationship": "Outer", "Join Type": "Inner", "Startup Cost": 0.0, "Total Cost": 121351.72, "Plan Rows": 294, "Plan Width": 4, "Actual Startup Time": 0.793, "Actual Total Time": 1755.692, "Actual Rows": 6719, "Actual Loops": 1, "Inner Unique": false, "Plans": [{"Node Type": "Seq Scan", "Parent Relationship": "Outer", "Relation Name": "name", "Alias": "n", "Startup Cost": 0.0, "Total Cost": 113909.35, "Plan Rows": 173, "Plan Width": 4, "Actual Startup Time": 0.234, "Actual Total Time": 1626.769, "Actual Rows": 9062, "Actual Loops": 1, "Filter": "(((name)::text ~~ '%Tim%'::text) AND ((gender)::text = 'm'::text))", "Rows Removed by Filter": 4158428}, {"Node Type": "Index Scan", "Parent Relationship": "Inner", "Scan Direction": "Forward", "Index Name": "person_id_cast_info", "Relation Name": "cast_info", "Alias": "ci", "Startup Cost": 0.0, "Total Cost": 43.0, "Plan Rows": 2, "Plan Width": 8, "Actual Startup Time": 103.793, "Actual Total Time": 122.225, "Actual Rows": 6719, "Actual Loops": 9062, "Index Cond": "(person_id = n.id)", "Rows Removed by Index Recheck": 0, "Filter": "((note)::text = ANY ('{(producer),\"(executive producer)\"}'::text[]))", "Rows Removed by Filter": 89309}]}, {"Node Type": "Index Scan", "Parent Relationship": "Inner", "Scan Direction": "Forward", "Index Name": "movie_id_movie_info_idx", "Relation Name": "movie_info_idx", "Alias": "mi_idx", "Startup Cost": 0.0, "Total Cost": 0.31, "Plan Rows": 2, "Plan Width": 13, "Actual Startup Time": 25.752, "Actual Total Time": 29.618, "Actual Rows": 10310, "Actual Loops": 6719, "Index Cond": "(movie_id = ci.movie_id)", "Rows Removed by Index Recheck": 0}]}]}, {"Node Type": "Index Scan", "Parent Relationship": "Inner", "Scan Direction": "Forward", "Index Name": "movie_id_movie_info", "Relation Name": "movie_info", "Alias": "mi", "Startup Cost": 0.0, "Total Cost": 0.7, "Plan Rows": 5, "Plan Width": 50, "Actual Startup Time": 23.27, "Actual Total Time": 93.475, "Actual Rows": 82408, "Actual Loops": 3435, "Index Cond": "(movie_id = ci.movie_id)", "Rows Removed by Index Recheck": 0}]}]}, {"Node Type": "Index Scan", "Parent Relationship": "Inner", "Scan Direction": "Forward", "Index Name": "title_pkey", "Relation Name": "title", "Alias": "t", "Startup Cost": 0.0, "Total Cost": 0.28, "Plan Rows": 1, "Plan Width": 21, "Actual Startup Time": 3.206, "Actual Total Time": 3.206, "Actual Rows": 410, "Actual Loops": 410, "Index Cond": "(id = mi.movie_id)", "Rows Removed by Index Recheck": 0}]}]}, "Triggers": [], "Planner Runtime": 12.193, "Total Runtime": 1938.072, "Unique SQL Id": 4264520866}}, "(1, '45')": {"explain_plan": {"Plan": {"Node Type": "Aggregate", "Strategy": "Plain", "Startup Cost": 204687.88, "Total Cost": 204687.89, "Plan Rows": 1, "Plan Width": 160, "Plans": [{"Node Type": "Nested Loop", "Parent Relationship": "Outer", "Join Type": "Inner", "Startup Cost": 0.0, "Total Cost": 204687.82, "Plan Rows": 9, "Plan Width": 64, "Inner Unique": true, "Plans": [{"Node Type": "Nested Loop", "Parent Relationship": "Outer", "Join Type": "Inner", "Startup Cost": 0.0, "Total Cost": 204685.19, "Plan Rows": 9, "Plan Width": 59, "Inner Unique": false, "Join Filter": "(mi.info_type_id = it1.id)", "Plans": [{"Node Type": "Index Scan", "Parent Relationship": "Outer", "Scan Direction": "Forward", "Index Name": "info_type_pkey", "Relation Name": "info_type", "Alias": "it1", "Startup Cost": 0.0, "Total Cost": 14.21, "Plan Rows": 1, "Plan Width": 4, "Filter": "((info)::text = 'budget'::text)"}, {"Node Type": "Nested Loop", "Parent Relationship": "Inner", "Join Type": "Inner", "Startup Cost": 0.0, "Total Cost": 204667.49, "Plan Rows": 279, "Plan Width": 63, "Inner Unique": false, "Join Filter": "(mi_idx.movie_id = mi.movie_id)", "Plans": [{"Node Type": "Nested Loop", "Parent Relationship": "Outer", "Join Type": "Inner", "Startup Cost": 0.0, "Total Cost": 204627.89, "Plan Rows": 52, "Plan Width": 13, "Inner Unique": false, "Join Filter": "(mi_idx.info_type_id = it2.id)", "Plans": [{"Node Type": "Index Scan", "Parent Relationship": "Outer", "Scan Direction": "Forward", "Index Name": "info_type_pkey", "Relation Name": "info_type", "Alias": "it2", "Startup Cost": 0.0, "Total Cost": 14.21, "Plan Rows": 1, "Plan Width": 4, "Filter": "((info)::text = 'votes'::text)"}, {"Node Type": "Nested Loop", "Parent Relationship": "Inner", "Join Type": "Inner", "Startup Cost": 0.0, "Total Cost": 204609.36, "Plan Rows": 346, "Plan Width": 17, "Inner Unique": false, "Plans": [{"Node Type": "Nested Loop", "Parent Relationship": "Outer", "Join Type": "Inner", "Startup Cost": 0.0, "Total Cost": 204512.56, "Plan Rows": 294, "Plan Width": 4, "Inner Unique": false, "Plans": [{"Node Type": "Index Scan", "Parent Relationship": "Outer", "Scan Direction": "Forward", "Index Name": "name_pkey", "Relation Name": "name", "Alias": "n", "Startup Cost": 0.0, "Total Cost": 197070.2, "Plan Rows": 173, "Plan Width": 4, "Filter": "(((name)::text ~~ '%Tim%'::text) AND ((gender)::text = 'm'::text))"}, {"Node Type": "Index Scan", "Parent Relationship": "Inner", "Scan Direction": "Forward", "Index Name": "person_id_cast_info", "Relation Name": "cast_info", "Alias": "ci", "Startup Cost": 0.0, "Total Cost": 43.0, "Plan Rows": 2, "Plan Width": 8, "Index Cond": "(person_id = n.id)", "Filter": "((note)::text = ANY ('{(producer),\"(executive producer)\"}'::text[]))"}]}, {"Node Type": "Index Scan", "Parent Relationship": "Inner", "Scan Direction": "Forward", "Index Name": "movie_id_movie_info_idx", "Relation Name": "movie_info_idx", "Alias": "mi_idx", "Startup Cost": 0.0, "Total Cost": 0.31, "Plan Rows": 2, "Plan Width": 13, "Index Cond": "(movie_id = ci.movie_id)"}]}]}, {"Node Type": "Index Scan", "Parent Relationship": "Inner", "Scan Direction": "Forward", "Index Name": "movie_id_movie_info", "Relation Name": "movie_info", "Alias": "mi", "Startup Cost": 0.0, "Total Cost": 0.7, "Plan Rows": 5, "Plan Width": 50, "Index Cond": "(movie_id = ci.movie_id)"}]}]}, {"Node Type": "Index Scan", "Parent Relationship": "Inner", "Scan Direction": "Forward", "Index Name": "title_pkey", "Relation Name": "title", "Alias": "t", "Startup Cost": 0.0, "Total Cost": 0.28, "Plan Rows": 1, "Plan Width": 21, "Index Cond": "(id = mi.movie_id)"}]}]}, "Unique SQL Id": 4264520866, "Planner Runtime": 10}, "explain_analyze_plan": null}, "(1, '46')": {"explain_plan": {"Plan": {"Node Type": "Aggregate", "Strategy": "Plain", "Startup Cost": 1247064.23, "Total Cost": 1247064.24, "Plan Rows": 1, "Plan Width": 160, "Plans": [{"Node Type": "Nested Loop", "Parent Relationship": "Outer", "Join Type": "Inner", "Startup Cost": 909881.03, "Total Cost": 1247063.85, "Plan Rows": 51, "Plan Width": 64, "Inner Unique": false, "Join Filter": "(mi_idx.info_type_id = it2.id)", "Plans": [{"Node Type": "Seq Scan", "Parent Relationship": "Outer", "Relation Name": "info_type", "Alias": "it2", "Startup Cost": 0.0, "Total Cost": 2.4, "Plan Rows": 1, "Plan Width": 4, "Filter": "((info)::text = 'votes'::text)"}, {"Node Type": "Hash Join", "Parent Relationship": "Inner", "Join Type": "Inner", "Startup Cost": 909881.03, "Total Cost": 1247061.02, "Plan Rows": 34, "Plan Width": 68, "Inner Unique": false, "Hash Cond": "(mi.movie_id = t.id)", "Plans": [{"Node Type": "Hash Join", "Parent Relationship": "Outer", "Join Type": "Inner", "Startup Cost": 2.41, "Total Cost": 336382.21, "Plan Rows": 212428, "Plan Width": 46, "Inner Unique": true, "Hash Cond": "(mi.info_type_id = it1.id), (LLVM Optimized)", "Plans": [{"Node Type": "Seq Scan", "Parent Relationship": "Outer", "Relation Name": "movie_info", "Alias": "mi", "Startup Cost": 0.0, "Total Cost": 296987.66, "Plan Rows": 14869966, "Plan Width": 50}, {"Node Type": "Hash", "Parent Relationship": "Inner", "Startup Cost": 2.4, "Total Cost": 2.4, "Plan Rows": 1, "Plan Width": 4, "Plans": [{"Node Type": "Seq Scan", "Parent Relationship": "Outer", "Relation Name": "info_type", "Alias": "it1", "Startup Cost": 0.0, "Total Cost": 2.4, "Plan Rows": 1, "Plan Width": 4, "Filter": "((info)::text = 'budget'::text)"}]}]}, {"Node Type": "Hash", "Parent Relationship": "Inner", "Startup Cost": 909874.3, "Total Cost": 909874.3, "Plan Rows": 346, "Plan Width": 38, "Plans": [{"Node Type": "Hash Join", "Parent Relationship": "Outer", "Join Type": "Inner", "Startup Cost": 840320.56, "Total Cost": 909874.3, "Plan Rows": 346, "Plan Width": 38, "Inner Unique": false, "Hash Cond": "(t.id = mi_idx.movie_id)", "Plans": [{"Node Type": "Seq Scan", "Parent Relationship": "Outer", "Relation Name": "title", "Alias": "t", "Startup Cost": 0.0, "Total Cost": 60069.11, "Plan Rows": 2528311, "Plan Width": 21}, {"Node Type": "Hash", "Parent Relationship": "Inner", "Startup Cost": 840316.24, "Total Cost": 840316.24, "Plan Rows": 346, "Plan Width": 17, "Plans": [{"Node Type": "Hash Join", "Parent Relationship": "Outer", "Join Type": "Inner", "Startup Cost": 814862.25, "Total Cost": 840316.24, "Plan Rows": 346, "Plan Width": 17, "Inner Unique": false, "Hash Cond": "(mi_idx.movie_id = ci.movie_id)", "Plans": [{"Node Type": "Seq Scan", "Parent Relationship": "Outer", "Relation Name": "movie_info_idx", "Alias": "mi_idx", "Startup Cost": 0.0, "Total Cost": 20274.34, "Plan Rows": 1380034, "Plan Width": 13}, {"Node Type": "Hash", "Parent Relationship": "Inner", "Startup Cost": 814858.57, "Total Cost": 814858.57, "Plan Rows": 294, "Plan Width": 4, "Plans": [{"Node Type": "Hash Join", "Parent Relationship": "Outer", "Join Type": "Inner", "Startup Cost": 113911.51, "Total Cost": 814858.57, "Plan Rows": 294, "Plan Width": 4, "Inner Unique": true, "Hash Cond": "(ci.person_id = n.id)", "Plans": [{"Node Type": "Seq Scan", "Parent Relationship": "Outer", "Relation Name": "cast_info", "Alias": "ci", "Startup Cost": 0.0, "Total Cost": 692526.68, "Plan Rows": 2350421, "Plan Width": 8, "Filter": "((note)::text = ANY ('{(producer),\"(executive producer)\"}'::text[]))"}, {"Node Type": "Hash", "Parent Relationship": "Inner", "Startup Cost": 113909.35, "Total Cost": 113909.35, "Plan Rows": 173, "Plan Width": 4, "Plans": [{"Node Type": "Seq Scan", "Parent Relationship": "Outer", "Relation Name": "name", "Alias": "n", "Startup Cost": 0.0, "Total Cost": 113909.35, "Plan Rows": 173, "Plan Width": 4, "Filter": "(((name)::text ~~ '%Tim%'::text) AND ((gender)::text = 'm'::text))"}]}]}]}]}]}]}]}]}]}]}, "Unique SQL Id": 4264520866, "Planner Runtime": 28}, "explain_analyze_plan": null}, "(1, '47')": {"explain_plan": {"Plan": {"Node Type": "Aggregate", "Strategy": "Plain", "Startup Cost": 7000364088471.83, "Total Cost": 7000364088471.84, "Plan Rows": 1, "Plan Width": 160, "Plans": [{"Node Type": "Nested Loop", "Parent Relationship": "Outer", "Join Type": "Inner", "Startup Cost": 70000000000.0, "Total Cost": 7000364088471.49, "Plan Rows": 46, "Plan Width": 64, "Inner Unique": false, "Join Filter": "(mi.movie_id = t.id)", "Plans": [{"Node Type": "Index Scan", "Parent Relationship": "Outer", "Scan Direction": "Forward", "Index Name": "title_pkey", "Relation Name": "title", "Alias": "t", "Startup Cost": 10000000000.0, "Total Cost": 1000011012048.91, "Plan Rows": 2528311, "Plan Width": 21}, {"Node Type": "Materialize", "Parent Relationship": "Inner", "Startup Cost": 60000000000.0, "Total Cost": 6000351142264.79, "Plan Rows": 51, "Plan Width": 59, "Plans": [{"Node Type": "Nested Loop", "Parent Relationship": "Outer", "Join Type": "Inner", "Startup Cost": 60000000000.0, "Total Cost": 6000351142264.53, "Plan Rows": 51, "Plan Width": 59, "Inner Unique": false, "Join Filter": "(mi_idx.movie_id = mi.movie_id)", "Plans": [{"Node Type": "Nested Loop", "Parent Relationship": "Outer", "Join Type": "Inner", "Startup Cost": 20000000000.0, "Total Cost": 2000004672156.88, "Plan Rows": 345008, "Plan Width": 9, "Inner Unique": true, "Join Filter": "(it2.id = mi_idx.info_type_id), (LLVM Optimized)", "Plans": [{"Node Type": "Index Scan", "Parent Relationship": "Outer", "Scan Direction": "Forward", "Index Name": "movie_id_movie_info_idx", "Relation Name": "movie_info_idx", "Alias": "mi_idx", "Startup Cost": 10000000000.0, "Total Cost": 1000004650035.37, "Plan Rows": 1380034, "Plan Width": 13}, {"Node Type": "Materialize", "Parent Relationship": "Inner", "Startup Cost": 10000000000.0, "Total Cost": 1000000001421.0, "Plan Rows": 1, "Plan Width": 4, "Plans": [{"Node Type": "Index Scan", "Parent Relationship": "Outer", "Scan Direction": "Forward", "Index Name": "info_type_pkey", "Relation Name": "info_type", "Alias": "it2", "Startup Cost": 10000000000.0, "Total Cost": 1000000001421.0, "Plan Rows": 1, "Plan Width": 4, "Filter": "((info)::text = 'votes'::text)"}]}]}, {"Node Type": "Materialize", "Parent Relationship": "Inner", "Startup Cost": 40000000000.0, "Total Cost": 4000345781817.02, "Plan Rows": 133, "Plan Width": 50, "Plans": [{"Node Type": "Nested Loop", "Parent Relationship": "Outer", "Join Type": "Inner", "Startup Cost": 40000000000.0, "Total Cost": 4000345781816.36, "Plan Rows": 133, "Plan Width": 50, "Inner Unique": false, "Join Filter": "(ci.movie_id = mi.movie_id)", "Plans": [{"Node Type": "Nested Loop", "Parent Relationship": "Outer", "Join Type": "Inner", "Startup Cost": 20000000000.0, "Total Cost": 2000104041382.71, "Plan Rows": 212428, "Plan Width": 46, "Inner Unique": true, "Join Filter": "(it1.id = mi.info_type_id), (LLVM Optimized)", "Plans": [{"Node Type": "Index Scan", "Parent Relationship": "Outer", "Scan Direction": "Forward", "Index Name": "movie_id_movie_info", "Relation Name": "movie_info", "Alias": "mi", "Startup Cost": 10000000000.0, "Total Cost": 1000103816912.22, "Plan Rows": 14869966, "Plan Width": 50}, {"Node Type": "Materialize", "Parent Relationship": "Inner", "Startup Cost": 10000000000.0, "Total Cost": 1000000001421.0, "Plan Rows": 1, "Plan Width": 4, "Plans": [{"Node Type": "Index Scan", "Parent Relationship": "Outer", "Scan Direction": "Forward", "Index Name": "info_type_pkey", "Relation Name": "info_type", "Alias": "it1", "Startup Cost": 10000000000.0, "Total Cost": 1000000001421.0, "Plan Rows": 1, "Plan Width": 4, "Filter": "((info)::text = 'budget'::text)"}]}]}, {"Node Type": "Materialize", "Parent Relationship": "Inner", "Startup Cost": 20000000000.0, "Total Cost": 2000240803626.91, "Plan Rows": 294, "Plan Width": 4, "Plans": [{"Node Type": "Nested Loop", "Parent Relationship": "Outer", "Join Type": "Inner", "Startup Cost": 20000000000.0, "Total Cost": 2000240803625.44, "Plan Rows": 294, "Plan Width": 4, "Inner Unique": true, "Join Filter": "(ci.person_id = n.id)", "Plans": [{"Node Type": "Index Scan", "Parent Relationship": "Outer", "Scan Direction": "Forward", "Index Name": "movie_id_cast_info", "Relation Name": "cast_info", "Alias": "ci", "Startup Cost": 10000000000.0, "Total Cost": 1000214997262.8, "Plan Rows": 2350421, "Plan Width": 8, "Filter": "((note)::text = ANY ('{(producer),\"(executive producer)\"}'::text[]))"}, {"Node Type": "Materialize", "Parent Relationship": "Inner", "Startup Cost": 10000000000.0, "Total Cost": 1000019707020.57, "Plan Rows": 173, "Plan Width": 4, "Plans": [{"Node Type": "Index Scan", "Parent Relationship": "Outer", "Scan Direction": "Forward", "Index Name": "name_pkey", "Relation Name": "name", "Alias": "n", "Startup Cost": 10000000000.0, "Total Cost": 1000019707019.7, "Plan Rows": 173, "Plan Width": 4, "Filter": "(((name)::text ~~ '%Tim%'::text) AND ((gender)::text = 'm'::text))"}]}]}]}]}]}]}]}]}]}, "Unique SQL Id": 4264520866, "Planner Runtime": 25}, "explain_analyze_plan": null}, "(1, '48')": {"explain_plan": {"Plan": {"Node Type": "Aggregate", "Strategy": "Plain", "Startup Cost": 121503.41, "Total Cost": 121503.42, "Plan Rows": 1, "Plan Width": 160, "Plans": [{"Node Type": "Nested Loop", "Parent Relationship": "Outer", "Join Type": "Inner", "Startup Cost": 0.0, "Total Cost": 121503.35, "Plan Rows": 8, "Plan Width": 64, "Inner Unique": true, "Plans": [{"Node Type": "Nested Loop", "Parent Relationship": "Outer", "Join Type": "Inner", "Startup Cost": 0.0, "Total Cost": 121500.72, "Plan Rows": 9, "Plan Width": 59, "Inner Unique": false, "Join Filter": "(mi.info_type_id = it1.id)", "Plans": [{"Node Type": "Seq Scan", "Parent Relationship": "Outer", "Relation Name": "info_type", "Alias": "it1", "Startup Cost": 0.0, "Total Cost": 2.4, "Plan Rows": 1, "Plan Width": 4, "Filter": "((info)::text = 'budget'::text)"}, {"Node Type": "Nested Loop", "Parent Relationship": "Inner", "Join Type": "Inner", "Startup Cost": 0.0, "Total Cost": 121494.84, "Plan Rows": 279, "Plan Width": 63, "Inner Unique": false, "Join Filter": "(mi_idx.movie_id = mi.movie_id)", "Plans": [{"Node Type": "Nested Loop", "Parent Relationship": "Outer", "Join Type": "Inner", "Startup Cost": 0.0, "Total Cost": 121455.23, "Plan Rows": 52, "Plan Width": 13, "Inner Unique": false, "Join Filter": "(mi_idx.info_type_id = it2.id)", "Plans": [{"Node Type": "Seq Scan", "Parent Relationship": "Outer", "Relation Name": "info_type", "Alias": "it2", "Startup Cost": 0.0, "Total Cost": 2.4, "Plan Rows": 1, "Plan Width": 4, "Filter": "((info)::text = 'votes'::text)"}, {"Node Type": "Nested Loop", "Parent Relationship": "Inner", "Join Type": "Inner", "Startup Cost": 0.0, "Total Cost": 121448.51, "Plan Rows": 346, "Plan Width": 17, "Inner Unique": false, "Plans": [{"Node Type": "Nested Loop", "Parent Relationship": "Outer", "Join Type": "Inner", "Startup Cost": 0.0, "Total Cost": 121351.72, "Plan Rows": 294, "Plan Width": 4, "Inner Unique": false, "Plans": [{"Node Type": "Seq Scan", "Parent Relationship": "Outer", "Relation Name": "name", "Alias": "n", "Startup Cost": 0.0, "Total Cost": 113909.35, "Plan Rows": 173, "Plan Width": 4, "Filter": "(((name)::text ~~ '%Tim%'::text) AND ((gender)::text = 'm'::text))"}, {"Node Type": "Index Scan", "Parent Relationship": "Inner", "Scan Direction": "Forward", "Index Name": "person_id_cast_info", "Relation Name": "cast_info", "Alias": "ci", "Startup Cost": 0.0, "Total Cost": 43.0, "Plan Rows": 2, "Plan Width": 8, "Index Cond": "(person_id = n.id)", "Filter": "((note)::text = ANY ('{(producer),\"(executive producer)\"}'::text[]))"}]}, {"Node Type": "Index Scan", "Parent Relationship": "Inner", "Scan Direction": "Forward", "Index Name": "movie_id_movie_info_idx", "Relation Name": "movie_info_idx", "Alias": "mi_idx", "Startup Cost": 0.0, "Total Cost": 0.31, "Plan Rows": 2, "Plan Width": 13, "Index Cond": "(movie_id = ci.movie_id)"}]}]}, {"Node Type": "Index Scan", "Parent Relationship": "Inner", "Scan Direction": "Forward", "Index Name": "movie_id_movie_info", "Relation Name": "movie_info", "Alias": "mi", "Startup Cost": 0.0, "Total Cost": 0.7, "Plan Rows": 5, "Plan Width": 50, "Index Cond": "(movie_id = ci.movie_id)"}]}]}, {"Node Type": "Index Scan", "Parent Relationship": "Inner", "Scan Direction": "Forward", "Index Name": "title_pkey", "Relation Name": "title", "Alias": "t", "Startup Cost": 0.0, "Total Cost": 0.28, "Plan Rows": 1, "Plan Width": 21, "Index Cond": "(id = mi.movie_id)"}]}]}, "Unique SQL Id": 4264520866, "Planner Runtime": 5}, "explain_analyze_plan": {"Plan": {"Node Type": "Aggregate", "Strategy": "Plain", "Startup Cost": 121503.41, "Total Cost": 121503.42, "Plan Rows": 1, "Plan Width": 160, "Actual Startup Time": 1959.471, "Actual Total Time": 1959.472, "Actual Rows": 1, "Actual Loops": 1, "Plans": [{"Node Type": "Nested Loop", "Parent Relationship": "Outer", "Join Type": "Inner", "Startup Cost": 0.0, "Total Cost": 121503.35, "Plan Rows": 8, "Plan Width": 64, "Actual Startup Time": 0.993, "Actual Total Time": 1958.563, "Actual Rows": 410, "Actual Loops": 1, "Inner Unique": true, "Plans": [{"Node Type": "Nested Loop", "Parent Relationship": "Outer", "Join Type": "Inner", "Startup Cost": 0.0, "Total Cost": 121500.72, "Plan Rows": 9, "Plan Width": 59, "Actual Startup Time": 0.978, "Actual Total Time": 1954.798, "Actual Rows": 410, "Actual Loops": 1, "Inner Unique": false, "Join Filter": "(mi.info_type_id = it1.id)", "Rows Removed by Join Filter": 81998, "Plans": [{"Node Type": "Seq Scan", "Parent Relationship": "Outer", "Relation Name": "info_type", "Alias": "it1", "Startup Cost": 0.0, "Total Cost": 2.4, "Plan Rows": 1, "Plan Width": 4, "Actual Startup Time": 0.061, "Actual Total Time": 0.07, "Actual Rows": 1, "Actual Loops": 1, "Filter": "((info)::text = 'budget'::text)", "Rows Removed by Filter": 111}, {"Node Type": "Nested Loop", "Parent Relationship": "Inner", "Join Type": "Inner", "Startup Cost": 0.0, "Total Cost": 121494.84, "Plan Rows": 279, "Plan Width": 63, "Actual Startup Time": 0.882, "Actual Total Time": 1938.81, "Actual Rows": 82408, "Actual Loops": 1, "Inner Unique": false, "Join Filter": "(mi_idx.movie_id = mi.movie_id)", "Rows Removed by Join Filter": 0, "Plans": [{"Node Type": "Nested Loop", "Parent Relationship": "Outer", "Join Type": "Inner", "Startup Cost": 0.0, "Total Cost": 121455.23, "Plan Rows": 52, "Plan Width": 13, "Actual Startup Time": 0.866, "Actual Total Time": 1825.186, "Actual Rows": 3435, "Actual Loops": 1, "Inner Unique": false, "Join Filter": "(mi_idx.info_type_id = it2.id)", "Rows Removed by Join Filter": 6875, "Plans": [{"Node Type": "Seq Scan", "Parent Relationship": "Outer", "Relation Name": "info_type", "Alias": "it2", "Startup Cost": 0.0, "Total Cost": 2.4, "Plan Rows": 1, "Plan Width": 4, "Actual Startup Time": 0.041, "Actual Total Time": 0.053, "Actual Rows": 1, "Actual Loops": 1, "Filter": "((info)::text = 'votes'::text)", "Rows Removed by Filter": 111}, {"Node Type": "Nested Loop", "Parent Relationship": "Inner", "Join Type": "Inner", "Startup Cost": 0.0, "Total Cost": 121448.51, "Plan Rows": 346, "Plan Width": 17, "Actual Startup Time": 0.819, "Actual Total Time": 1822.36, "Actual Rows": 10310, "Actual Loops": 1, "Inner Unique": false, "Plans": [{"Node Type": "Nested Loop", "Parent Relationship": "Outer", "Join Type": "Inner", "Startup Cost": 0.0, "Total Cost": 121351.72, "Plan Rows": 294, "Plan Width": 4, "Actual Startup Time": 0.804, "Actual Total Time": 1787.161, "Actual Rows": 6719, "Actual Loops": 1, "Inner Unique": false, "Plans": [{"Node Type": "Seq Scan", "Parent Relationship": "Outer", "Relation Name": "name", "Alias": "n", "Startup Cost": 0.0, "Total Cost": 113909.35, "Plan Rows": 173, "Plan Width": 4, "Actual Startup Time": 0.234, "Actual Total Time": 1655.099, "Actual Rows": 9062, "Actual Loops": 1, "Filter": "(((name)::text ~~ '%Tim%'::text) AND ((gender)::text = 'm'::text))", "Rows Removed by Filter": 4158428}, {"Node Type": "Index Scan", "Parent Relationship": "Inner", "Scan Direction": "Forward", "Index Name": "person_id_cast_info", "Relation Name": "cast_info", "Alias": "ci", "Startup Cost": 0.0, "Total Cost": 43.0, "Plan Rows": 2, "Plan Width": 8, "Actual Startup Time": 106.12, "Actual Total Time": 124.962, "Actual Rows": 6719, "Actual Loops": 9062, "Index Cond": "(person_id = n.id)", "Rows Removed by Index Recheck": 0, "Filter": "((note)::text = ANY ('{(producer),\"(executive producer)\"}'::text[]))", "Rows Removed by Filter": 89309}]}, {"Node Type": "Index Scan", "Parent Relationship": "Inner", "Scan Direction": "Forward", "Index Name": "movie_id_movie_info_idx", "Relation Name": "movie_info_idx", "Alias": "mi_idx", "Startup Cost": 0.0, "Total Cost": 0.31, "Plan Rows": 2, "Plan Width": 13, "Actual Startup Time": 25.285, "Actual Total Time": 29.273, "Actual Rows": 10310, "Actual Loops": 6719, "Index Cond": "(movie_id = ci.movie_id)", "Rows Removed by Index Recheck": 0}]}]}, {"Node Type": "Index Scan", "Parent Relationship": "Inner", "Scan Direction": "Forward", "Index Name": "movie_id_movie_info", "Relation Name": "movie_info", "Alias": "mi", "Startup Cost": 0.0, "Total Cost": 0.7, "Plan Rows": 5, "Plan Width": 50, "Actual Startup Time": 21.854, "Actual Total Time": 84.199, "Actual Rows": 82408, "Actual Loops": 3435, "Index Cond": "(movie_id = ci.movie_id)", "Rows Removed by Index Recheck": 0}]}]}, {"Node Type": "Index Scan", "Parent Relationship": "Inner", "Scan Direction": "Forward", "Index Name": "title_pkey", "Relation Name": "title", "Alias": "t", "Startup Cost": 0.0, "Total Cost": 0.28, "Plan Rows": 1, "Plan Width": 21, "Actual Startup Time": 3.207, "Actual Total Time": 3.207, "Actual Rows": 410, "Actual Loops": 410, "Index Cond": "(id = mi.movie_id)", "Rows Removed by Index Recheck": 0}]}]}, "Triggers": [], "Planner Runtime": 5.082, "Total Runtime": 1959.729, "Unique SQL Id": 4264520866}}, "(1, '49')": {"explain_plan": {"Plan": {"Node Type": "Aggregate", "Strategy": "Plain", "Startup Cost": 204687.88, "Total Cost": 204687.89, "Plan Rows": 1, "Plan Width": 160, "Plans": [{"Node Type": "Nested Loop", "Parent Relationship": "Outer", "Join Type": "Inner", "Startup Cost": 0.0, "Total Cost": 204687.82, "Plan Rows": 8, "Plan Width": 64, "Inner Unique": true, "Plans": [{"Node Type": "Nested Loop", "Parent Relationship": "Outer", "Join Type": "Inner", "Startup Cost": 0.0, "Total Cost": 204685.19, "Plan Rows": 9, "Plan Width": 59, "Inner Unique": false, "Join Filter": "(mi.info_type_id = it1.id)", "Plans": [{"Node Type": "Index Scan", "Parent Relationship": "Outer", "Scan Direction": "Forward", "Index Name": "info_type_pkey", "Relation Name": "info_type", "Alias": "it1", "Startup Cost": 0.0, "Total Cost": 14.21, "Plan Rows": 1, "Plan Width": 4, "Filter": "((info)::text = 'budget'::text)"}, {"Node Type": "Nested Loop", "Parent Relationship": "Inner", "Join Type": "Inner", "Startup Cost": 0.0, "Total Cost": 204667.49, "Plan Rows": 279, "Plan Width": 63, "Inner Unique": false, "Join Filter": "(mi_idx.movie_id = mi.movie_id)", "Plans": [{"Node Type": "Nested Loop", "Parent Relationship": "Outer", "Join Type": "Inner", "Startup Cost": 0.0, "Total Cost": 204627.89, "Plan Rows": 52, "Plan Width": 13, "Inner Unique": false, "Join Filter": "(mi_idx.info_type_id = it2.id)", "Plans": [{"Node Type": "Index Scan", "Parent Relationship": "Outer", "Scan Direction": "Forward", "Index Name": "info_type_pkey", "Relation Name": "info_type", "Alias": "it2", "Startup Cost": 0.0, "Total Cost": 14.21, "Plan Rows": 1, "Plan Width": 4, "Filter": "((info)::text = 'votes'::text)"}, {"Node Type": "Nested Loop", "Parent Relationship": "Inner", "Join Type": "Inner", "Startup Cost": 0.0, "Total Cost": 204609.36, "Plan Rows": 346, "Plan Width": 17, "Inner Unique": false, "Plans": [{"Node Type": "Nested Loop", "Parent Relationship": "Outer", "Join Type": "Inner", "Startup Cost": 0.0, "Total Cost": 204512.56, "Plan Rows": 294, "Plan Width": 4, "Inner Unique": false, "Plans": [{"Node Type": "Index Scan", "Parent Relationship": "Outer", "Scan Direction": "Forward", "Index Name": "name_pkey", "Relation Name": "name", "Alias": "n", "Startup Cost": 0.0, "Total Cost": 197070.2, "Plan Rows": 173, "Plan Width": 4, "Filter": "(((name)::text ~~ '%Tim%'::text) AND ((gender)::text = 'm'::text))"}, {"Node Type": "Index Scan", "Parent Relationship": "Inner", "Scan Direction": "Forward", "Index Name": "person_id_cast_info", "Relation Name": "cast_info", "Alias": "ci", "Startup Cost": 0.0, "Total Cost": 43.0, "Plan Rows": 2, "Plan Width": 8, "Index Cond": "(person_id = n.id)", "Filter": "((note)::text = ANY ('{(producer),\"(executive producer)\"}'::text[]))"}]}, {"Node Type": "Index Scan", "Parent Relationship": "Inner", "Scan Direction": "Forward", "Index Name": "movie_id_movie_info_idx", "Relation Name": "movie_info_idx", "Alias": "mi_idx", "Startup Cost": 0.0, "Total Cost": 0.31, "Plan Rows": 2, "Plan Width": 13, "Index Cond": "(movie_id = ci.movie_id)"}]}]}, {"Node Type": "Index Scan", "Parent Relationship": "Inner", "Scan Direction": "Forward", "Index Name": "movie_id_movie_info", "Relation Name": "movie_info", "Alias": "mi", "Startup Cost": 0.0, "Total Cost": 0.7, "Plan Rows": 5, "Plan Width": 50, "Index Cond": "(movie_id = ci.movie_id)"}]}]}, {"Node Type": "Index Scan", "Parent Relationship": "Inner", "Scan Direction": "Forward", "Index Name": "title_pkey", "Relation Name": "title", "Alias": "t", "Startup Cost": 0.0, "Total Cost": 0.28, "Plan Rows": 1, "Plan Width": 21, "Index Cond": "(id = mi.movie_id)"}]}]}, "Unique SQL Id": 4264520866, "Planner Runtime": 5}, "explain_analyze_plan": null}, "(1, '50')": {"explain_plan": {"Plan": {"Node Type": "Aggregate", "Strategy": "Plain", "Startup Cost": 128573.79, "Total Cost": 128573.8, "Plan Rows": 1, "Plan Width": 160, "Plans": [{"Node Type": "Nested Loop", "Parent Relationship": "Outer", "Join Type": "Inner", "Startup Cost": 5.3, "Total Cost": 128573.73, "Plan Rows": 8, "Plan Width": 64, "Inner Unique": true, "Plans": [{"Node Type": "Nested Loop", "Parent Relationship": "Outer", "Join Type": "Inner", "Startup Cost": 5.04, "Total Cost": 128535.18, "Plan Rows": 9, "Plan Width": 59, "Inner Unique": false, "Join Filter": "(mi_idx.info_type_id = it2.id)", "Plans": [{"Node Type": "Seq Scan", "Parent Relationship": "Outer", "Relation Name": "info_type", "Alias": "it2", "Startup Cost": 0.0, "Total Cost": 2.4, "Plan Rows": 1, "Plan Width": 4, "Filter": "((info)::text = 'votes'::text)"}, {"Node Type": "Nested Loop", "Parent Relationship": "Inner", "Join Type": "Inner", "Startup Cost": 5.04, "Total Cost": 128532.36, "Plan Rows": 34, "Plan Width": 63, "Inner Unique": false, "Plans": [{"Node Type": "Nested Loop", "Parent Relationship": "Outer", "Join Type": "Inner", "Startup Cost": 4.77, "Total Cost": 128437.5, "Plan Rows": 22, "Plan Width": 50, "Inner Unique": false, "Join Filter": "(mi.info_type_id = it1.id)", "Plans": [{"Node Type": "Seq Scan", "Parent Relationship": "Outer", "Relation Name": "info_type", "Alias": "it1", "Startup Cost": 0.0, "Total Cost": 2.4, "Plan Rows": 1, "Plan Width": 4, "Filter": "((info)::text = 'budget'::text)"}, {"Node Type": "Nested Loop", "Parent Relationship": "Inner", "Join Type": "Inner", "Startup Cost": 4.77, "Total Cost": 128415.58, "Plan Rows": 1561, "Plan Width": 54, "Inner Unique": false, "Plans": [{"Node Type": "Nested Loop", "Parent Relationship": "Outer", "Join Type": "Inner", "Startup Cost": 4.39, "Total Cost": 127093.19, "Plan Rows": 294, "Plan Width": 4, "Inner Unique": false, "Plans": [{"Node Type": "Seq Scan", "Parent Relationship": "Outer", "Relation Name": "name", "Alias": "n", "Startup Cost": 0.0, "Total Cost": 113909.35, "Plan Rows": 173, "Plan Width": 4, "Filter": "(((name)::text ~~ '%Tim%'::text) AND ((gender)::text = 'm'::text))"}, {"Node Type": "Bitmap Heap Scan", "Parent Relationship": "Inner", "Relation Name": "cast_info", "Alias": "ci", "Startup Cost": 4.39, "Total Cost": 76.19, "Plan Rows": 2, "Plan Width": 8, "Recheck Cond": "(person_id = n.id)", "Filter": "((note)::text = ANY ('{(producer),\"(executive producer)\"}'::text[]))", "Plans": [{"Node Type": "Bitmap Index Scan", "Parent Relationship": "Outer", "Index Name": "person_id_cast_info", "Startup Cost": 0.0, "Total Cost": 4.38, "Plan Rows": 18, "Plan Width": 0, "Index Cond": "(person_id = n.id)"}]}]}, {"Node Type": "Bitmap Heap Scan", "Parent Relationship": "Inner", "Relation Name": "movie_info", "Alias": "mi", "Startup Cost": 0.39, "Total Cost": 4.45, "Plan Rows": 5, "Plan Width": 50, "Recheck Cond": "(movie_id = ci.movie_id)", "Plans": [{"Node Type": "Bitmap Index Scan", "Parent Relationship": "Outer", "Index Name": "movie_id_movie_info", "Startup Cost": 0.0, "Total Cost": 0.38, "Plan Rows": 5, "Plan Width": 0, "Index Cond": "(movie_id = ci.movie_id)"}]}]}]}, {"Node Type": "Bitmap Heap Scan", "Parent Relationship": "Inner", "Relation Name": "movie_info_idx", "Alias": "mi_idx", "Startup Cost": 0.27, "Total Cost": 4.29, "Plan Rows": 2, "Plan Width": 13, "Recheck Cond": "(movie_id = mi.movie_id)", "Plans": [{"Node Type": "Bitmap Index Scan", "Parent Relationship": "Outer", "Index Name": "movie_id_movie_info_idx", "Startup Cost": 0.0, "Total Cost": 0.27, "Plan Rows": 2, "Plan Width": 0, "Index Cond": "(movie_id = mi.movie_id)"}]}]}]}, {"Node Type": "Bitmap Heap Scan", "Parent Relationship": "Inner", "Relation Name": "title", "Alias": "t", "Startup Cost": 0.26, "Total Cost": 4.27, "Plan Rows": 1, "Plan Width": 21, "Recheck Cond": "(id = mi.movie_id)", "Plans": [{"Node Type": "Bitmap Index Scan", "Parent Relationship": "Outer", "Index Name": "title_pkey", "Startup Cost": 0.0, "Total Cost": 0.26, "Plan Rows": 1, "Plan Width": 0, "Index Cond": "(id = mi.movie_id)"}]}]}]}, "Unique SQL Id": 4264520866, "Planner Runtime": 6}, "explain_analyze_plan": {"Plan": {"Node Type": "Aggregate", "Strategy": "Plain", "Startup Cost": 128573.79, "Total Cost": 128573.8, "Plan Rows": 1, "Plan Width": 160, "Actual Startup Time": 2015.409, "Actual Total Time": 2015.41, "Actual Rows": 1, "Actual Loops": 1, "Plans": [{"Node Type": "Nested Loop", "Parent Relationship": "Outer", "Join Type": "Inner", "Startup Cost": 5.3, "Total Cost": 128573.73, "Plan Rows": 8, "Plan Width": 64, "Actual Startup Time": 1.038, "Actual Total Time": 2014.274, "Actual Rows": 410, "Actual Loops": 1, "Inner Unique": true, "Plans": [{"Node Type": "Nested Loop", "Parent Relationship": "Outer", "Join Type": "Inner", "Startup Cost": 5.04, "Total Cost": 128535.18, "Plan Rows": 9, "Plan Width": 59, "Actual Startup Time": 1.022, "Actual Total Time": 2009.1, "Actual Rows": 410, "Actual Loops": 1, "Inner Unique": false, "Join Filter": "(mi_idx.info_type_id = it2.id)", "Rows Removed by Join Filter": 825, "Plans": [{"Node Type": "Seq Scan", "Parent Relationship": "Outer", "Relation Name": "info_type", "Alias": "it2", "Startup Cost": 0.0, "Total Cost": 2.4, "Plan Rows": 1, "Plan Width": 4, "Actual Startup Time": 0.057, "Actual Total Time": 0.071, "Actual Rows": 1, "Actual Loops": 1, "Filter": "((info)::text = 'votes'::text)", "Rows Removed by Filter": 111}, {"Node Type": "Nested Loop", "Parent Relationship": "Inner", "Join Type": "Inner", "Startup Cost": 5.04, "Total Cost": 128532.36, "Plan Rows": 34, "Plan Width": 63, "Actual Startup Time": 0.959, "Actual Total Time": 2008.457, "Actual Rows": 1235, "Actual Loops": 1, "Inner Unique": false, "Plans": [{"Node Type": "Nested Loop", "Parent Relationship": "Outer", "Join Type": "Inner", "Startup Cost": 4.77, "Total Cost": 128437.5, "Plan Rows": 22, "Plan Width": 50, "Actual Startup Time": 0.941, "Actual Total Time": 2000.338, "Actual Rows": 699, "Actual Loops": 1, "Inner Unique": false, "Join Filter": "(mi.info_type_id = it1.id)", "Rows Removed by Join Filter": 95197, "Plans": [{"Node Type": "Seq Scan", "Parent Relationship": "Outer", "Relation Name": "info_type", "Alias": "it1", "Startup Cost": 0.0, "Total Cost": 2.4, "Plan Rows": 1, "Plan Width": 4, "Actual Startup Time": 0.049, "Actual Total Time": 0.065, "Actual Rows": 1, "Actual Loops": 1, "Filter": "((info)::text = 'budget'::text)", "Rows Removed by Filter": 111}, {"Node Type": "Nested Loop", "Parent Relationship": "Inner", "Join Type": "Inner", "Startup Cost": 4.77, "Total Cost": 128415.58, "Plan Rows": 1561, "Plan Width": 54, "Actual Startup Time": 0.861, "Actual Total Time": 1980.512, "Actual Rows": 95896, "Actual Loops": 1, "Inner Unique": false, "Plans": [{"Node Type": "Nested Loop", "Parent Relationship": "Outer", "Join Type": "Inner", "Startup Cost": 4.39, "Total Cost": 127093.19, "Plan Rows": 294, "Plan Width": 4, "Actual Startup Time": 0.831, "Actual Total Time": 1796.331, "Actual Rows": 6719, "Actual Loops": 1, "Inner Unique": false, "Plans": [{"Node Type": "Seq Scan", "Parent Relationship": "Outer", "Relation Name": "name", "Alias": "n", "Startup Cost": 0.0, "Total Cost": 113909.35, "Plan Rows": 173, "Plan Width": 4, "Actual Startup Time": 0.238, "Actual Total Time": 1644.054, "Actual Rows": 9062, "Actual Loops": 1, "Filter": "(((name)::text ~~ '%Tim%'::text) AND ((gender)::text = 'm'::text))", "Rows Removed by Filter": 4158428}, {"Node Type": "Bitmap Heap Scan", "Parent Relationship": "Inner", "Relation Name": "cast_info", "Alias": "ci", "Startup Cost": 4.39, "Total Cost": 76.19, "Plan Rows": 2, "Plan Width": 8, "Actual Startup Time": 123.594, "Actual Total Time": 139.024, "Actual Rows": 6719, "Actual Loops": 9062, "Recheck Cond": "(person_id = n.id)", "Rows Removed by Index Recheck": 0, "Filter": "((note)::text = ANY ('{(producer),\"(executive producer)\"}'::text[]))", "Rows Removed by Filter": 89309, "Exact Heap Blocks": 13336, "Lossy Heap Blocks": 13336, "Plans": [{"Node Type": "Bitmap Index Scan", "Parent Relationship": "Outer", "Index Name": "person_id_cast_info", "Startup Cost": 0.0, "Total Cost": 4.38, "Plan Rows": 18, "Plan Width": 0, "Actual Startup Time": 56.856, "Actual Total Time": 56.856, "Actual Rows": 96028, "Actual Loops": 9062, "Index Cond": "(person_id = n.id)"}]}]}, {"Node Type": "Bitmap Heap Scan", "Parent Relationship": "Inner", "Relation Name": "movie_info", "Alias": "mi", "Startup Cost": 0.39, "Total Cost": 4.45, "Plan Rows": 5, "Plan Width": 50, "Actual Startup Time": 66.31, "Actual Total Time": 155.322, "Actual Rows": 95896, "Actual Loops": 6719, "Recheck Cond": "(movie_id = ci.movie_id)", "Rows Removed by Index Recheck": 0, "Exact Heap Blocks": 40013, "Lossy Heap Blocks": 40013, "Plans": [{"Node Type": "Bitmap Index Scan", "Parent Relationship": "Outer", "Index Name": "movie_id_movie_info", "Startup Cost": 0.0, "Total Cost": 0.38, "Plan Rows": 5, "Plan Width": 0, "Actual Startup Time": 45.696, "Actual Total Time": 45.696, "Actual Rows": 95896, "Actual Loops": 6719, "Index Cond": "(movie_id = ci.movie_id)"}]}]}]}, {"Node Type": "Bitmap Heap Scan", "Parent Relationship": "Inner", "Relation Name": "movie_info_idx", "Alias": "mi_idx", "Startup Cost": 0.27, "Total Cost": 4.29, "Plan Rows": 2, "Plan Width": 13, "Actual Startup Time": 6.328, "Actual Total Time": 6.515, "Actual Rows": 1235, "Actual Loops": 699, "Recheck Cond": "(movie_id = mi.movie_id)", "Rows Removed by Index Recheck": 0, "Exact Heap Blocks": 419, "Lossy Heap Blocks": 419, "Plans": [{"Node Type": "Bitmap Index Scan", "Parent Relationship": "Outer", "Index Name": "movie_id_movie_info_idx", "Startup Cost": 0.0, "Total Cost": 0.27, "Plan Rows": 2, "Plan Width": 0, "Actual Startup Time": 4.478, "Actual Total Time": 4.478, "Actual Rows": 1235, "Actual Loops": 699, "Index Cond": "(movie_id = mi.movie_id)"}]}]}]}, {"Node Type": "Bitmap Heap Scan", "Parent Relationship": "Inner", "Relation Name": "title", "Alias": "t", "Startup Cost": 0.26, "Total Cost": 4.27, "Plan Rows": 1, "Plan Width": 21, "Actual Startup Time": 4.224, "Actual Total Time": 4.224, "Actual Rows": 410, "Actual Loops": 410, "Recheck Cond": "(id = mi.movie_id)", "Rows Removed by Index Recheck": 0, "Exact Heap Blocks": 410, "Lossy Heap Blocks": 410, "Plans": [{"Node Type": "Bitmap Index Scan", "Parent Relationship": "Outer", "Index Name": "title_pkey", "Startup Cost": 0.0, "Total Cost": 0.26, "Plan Rows": 1, "Plan Width": 0, "Actual Startup Time": 2.74, "Actual Total Time": 2.74, "Actual Rows": 410, "Actual Loops": 410, "Index Cond": "(id = mi.movie_id)"}]}]}]}, "Triggers": [], "Planner Runtime": 6.064, "Total Runtime": 2015.794, "Unique SQL Id": 4264520866}}, "(1, '51')": {"explain_plan": {"Plan": {"Node Type": "Aggregate", "Strategy": "Plain", "Startup Cost": 1000014018806.1, "Total Cost": 1000014018806.11, "Plan Rows": 1, "Plan Width": 160, "Plans": [{"Node Type": "Nested Loop", "Parent Relationship": "Outer", "Join Type": "Inner", "Startup Cost": 10000000002.15, "Total Cost": 1000014018806.04, "Plan Rows": 8, "Plan Width": 64, "Inner Unique": true, "Plans": [{"Node Type": "Nested Loop", "Parent Relationship": "Outer", "Join Type": "Inner", "Startup Cost": 10000000001.89, "Total Cost": 1000014018767.49, "Plan Rows": 9, "Plan Width": 59, "Inner Unique": true, "Plans": [{"Node Type": "Nested Loop", "Parent Relationship": "Outer", "Join Type": "Inner", "Startup Cost": 10000000001.63, "Total Cost": 1000014017572.6, "Plan Rows": 279, "Plan Width": 63, "Inner Unique": false, "Join Filter": "(mi_idx.movie_id = mi.movie_id)", "Plans": [{"Node Type": "Nested Loop", "Parent Relationship": "Outer", "Join Type": "Inner", "Startup Cost": 10000000001.24, "Total Cost": 1000014017338.06, "Plan Rows": 52, "Plan Width": 13, "Inner Unique": true, "Plans": [{"Node Type": "Nested Loop", "Parent Relationship": "Outer", "Join Type": "Inner", "Startup Cost": 10000000000.96, "Total Cost": 1000012216357.19, "Plan Rows": 417690, "Plan Width": 17, "Inner Unique": false, "Plans": [{"Node Type": "Nested Loop", "Parent Relationship": "Outer", "Join Type": "Inner", "Startup Cost": 10000000000.26, "Total Cost": 1000010560383.98, "Plan Rows": 345008, "Plan Width": 9, "Inner Unique": true, "Plans": [{"Node Type": "Index Scan", "Parent Relationship": "Outer", "Scan Direction": "Forward", "Index Name": "movie_id_movie_info_idx", "Relation Name": "movie_info_idx", "Alias": "mi_idx", "Startup Cost": 10000000000.0, "Total Cost": 1000004650035.37, "Plan Rows": 1380034, "Plan Width": 13}, {"Node Type": "Bitmap Heap Scan", "Parent Relationship": "Inner", "Relation Name": "info_type", "Alias": "it2", "Startup Cost": 0.26, "Total Cost": 4.27, "Plan Rows": 1, "Plan Width": 4, "Recheck Cond": "(id = mi_idx.info_type_id)", "Filter": "((info)::text = 'votes'::text)", "Plans": [{"Node Type": "Bitmap Index Scan", "Parent Relationship": "Outer", "Index Name": "info_type_pkey", "Startup Cost": 0.0, "Total Cost": 0.26, "Plan Rows": 1, "Plan Width": 0, "Index Cond": "(id = mi_idx.info_type_id)"}]}]}, {"Node Type": "Bitmap Heap Scan", "Parent Relationship": "Inner", "Relation Name": "cast_info", "Alias": "ci", "Startup Cost": 0.7, "Total Cost": 4.79, "Plan Rows": 1, "Plan Width": 8, "Recheck Cond": "(movie_id = mi_idx.movie_id)", "Filter": "((note)::text = ANY ('{(producer),\"(executive producer)\"}'::text[]))", "Plans": [{"Node Type": "Bitmap Index Scan", "Parent Relationship": "Outer", "Index Name": "movie_id_cast_info", "Startup Cost": 0.0, "Total Cost": 0.7, "Plan Rows": 6, "Plan Width": 0, "Index Cond": "(movie_id = mi_idx.movie_id)"}]}]}, {"Node Type": "Bitmap Heap Scan", "Parent Relationship": "Inner", "Relation Name": "name", "Alias": "n", "Startup Cost": 0.28, "Total Cost": 4.3, "Plan Rows": 1, "Plan Width": 4, "Recheck Cond": "(id = ci.person_id)", "Filter": "(((name)::text ~~ '%Tim%'::text) AND ((gender)::text = 'm'::text))", "Plans": [{"Node Type": "Bitmap Index Scan", "Parent Relationship": "Outer", "Index Name": "name_pkey", "Startup Cost": 0.0, "Total Cost": 0.28, "Plan Rows": 1, "Plan Width": 0, "Index Cond": "(id = ci.person_id)"}]}]}, {"Node Type": "Bitmap Heap Scan", "Parent Relationship": "Inner", "Relation Name": "movie_info", "Alias": "mi", "Startup Cost": 0.39, "Total Cost": 4.45, "Plan Rows": 5, "Plan Width": 50, "Recheck Cond": "(movie_id = ci.movie_id)", "Plans": [{"Node Type": "Bitmap Index Scan", "Parent Relationship": "Outer", "Index Name": "movie_id_movie_info", "Startup Cost": 0.0, "Total Cost": 0.38, "Plan Rows": 5, "Plan Width": 0, "Index Cond": "(movie_id = ci.movie_id)"}]}]}, {"Node Type": "Bitmap Heap Scan", "Parent Relationship": "Inner", "Relation Name": "info_type", "Alias": "it1", "Startup Cost": 0.26, "Total Cost": 4.27, "Plan Rows": 1, "Plan Width": 4, "Recheck Cond": "(id = mi.info_type_id)", "Filter": "((info)::text = 'budget'::text)", "Plans": [{"Node Type": "Bitmap Index Scan", "Parent Relationship": "Outer", "Index Name": "info_type_pkey", "Startup Cost": 0.0, "Total Cost": 0.26, "Plan Rows": 1, "Plan Width": 0, "Index Cond": "(id = mi.info_type_id)"}]}]}, {"Node Type": "Bitmap Heap Scan", "Parent Relationship": "Inner", "Relation Name": "title", "Alias": "t", "Startup Cost": 0.26, "Total Cost": 4.27, "Plan Rows": 1, "Plan Width": 21, "Recheck Cond": "(id = mi.movie_id)", "Plans": [{"Node Type": "Bitmap Index Scan", "Parent Relationship": "Outer", "Index Name": "title_pkey", "Startup Cost": 0.0, "Total Cost": 0.26, "Plan Rows": 1, "Plan Width": 0, "Index Cond": "(id = mi.movie_id)"}]}]}]}, "Unique SQL Id": 4264520866, "Planner Runtime": 5}, "explain_analyze_plan": null}, "(1, '52')": {"explain_plan": {"Plan": {"Node Type": "Aggregate", "Strategy": "Plain", "Startup Cost": 121503.41, "Total Cost": 121503.42, "Plan Rows": 1, "Plan Width": 160, "Plans": [{"Node Type": "Nested Loop", "Parent Relationship": "Outer", "Join Type": "Inner", "Startup Cost": 0.0, "Total Cost": 121503.35, "Plan Rows": 8, "Plan Width": 64, "Inner Unique": true, "Plans": [{"Node Type": "Nested Loop", "Parent Relationship": "Outer", "Join Type": "Inner", "Startup Cost": 0.0, "Total Cost": 121500.72, "Plan Rows": 9, "Plan Width": 59, "Inner Unique": false, "Join Filter": "(mi.info_type_id = it1.id)", "Plans": [{"Node Type": "Seq Scan", "Parent Relationship": "Outer", "Relation Name": "info_type", "Alias": "it1", "Startup Cost": 0.0, "Total Cost": 2.4, "Plan Rows": 1, "Plan Width": 4, "Filter": "((info)::text = 'budget'::text)"}, {"Node Type": "Nested Loop", "Parent Relationship": "Inner", "Join Type": "Inner", "Startup Cost": 0.0, "Total Cost": 121494.84, "Plan Rows": 279, "Plan Width": 63, "Inner Unique": false, "Join Filter": "(mi_idx.movie_id = mi.movie_id)", "Plans": [{"Node Type": "Nested Loop", "Parent Relationship": "Outer", "Join Type": "Inner", "Startup Cost": 0.0, "Total Cost": 121455.23, "Plan Rows": 52, "Plan Width": 13, "Inner Unique": false, "Join Filter": "(mi_idx.info_type_id = it2.id)", "Plans": [{"Node Type": "Seq Scan", "Parent Relationship": "Outer", "Relation Name": "info_type", "Alias": "it2", "Startup Cost": 0.0, "Total Cost": 2.4, "Plan Rows": 1, "Plan Width": 4, "Filter": "((info)::text = 'votes'::text)"}, {"Node Type": "Nested Loop", "Parent Relationship": "Inner", "Join Type": "Inner", "Startup Cost": 0.0, "Total Cost": 121448.51, "Plan Rows": 346, "Plan Width": 17, "Inner Unique": false, "Plans": [{"Node Type": "Nested Loop", "Parent Relationship": "Outer", "Join Type": "Inner", "Startup Cost": 0.0, "Total Cost": 121351.72, "Plan Rows": 294, "Plan Width": 4, "Inner Unique": false, "Plans": [{"Node Type": "Seq Scan", "Parent Relationship": "Outer", "Relation Name": "name", "Alias": "n", "Startup Cost": 0.0, "Total Cost": 113909.35, "Plan Rows": 173, "Plan Width": 4, "Filter": "(((name)::text ~~ '%Tim%'::text) AND ((gender)::text = 'm'::text))"}, {"Node Type": "Index Scan", "Parent Relationship": "Inner", "Scan Direction": "Forward", "Index Name": "person_id_cast_info", "Relation Name": "cast_info", "Alias": "ci", "Startup Cost": 0.0, "Total Cost": 43.0, "Plan Rows": 2, "Plan Width": 8, "Index Cond": "(person_id = n.id)", "Filter": "((note)::text = ANY ('{(producer),\"(executive producer)\"}'::text[]))"}]}, {"Node Type": "Index Scan", "Parent Relationship": "Inner", "Scan Direction": "Forward", "Index Name": "movie_id_movie_info_idx", "Relation Name": "movie_info_idx", "Alias": "mi_idx", "Startup Cost": 0.0, "Total Cost": 0.31, "Plan Rows": 2, "Plan Width": 13, "Index Cond": "(movie_id = ci.movie_id)"}]}]}, {"Node Type": "Index Scan", "Parent Relationship": "Inner", "Scan Direction": "Forward", "Index Name": "movie_id_movie_info", "Relation Name": "movie_info", "Alias": "mi", "Startup Cost": 0.0, "Total Cost": 0.7, "Plan Rows": 5, "Plan Width": 50, "Index Cond": "(movie_id = ci.movie_id)"}]}]}, {"Node Type": "Index Scan", "Parent Relationship": "Inner", "Scan Direction": "Forward", "Index Name": "title_pkey", "Relation Name": "title", "Alias": "t", "Startup Cost": 0.0, "Total Cost": 0.28, "Plan Rows": 1, "Plan Width": 21, "Index Cond": "(id = mi.movie_id)"}]}]}, "Unique SQL Id": 4264520866, "Planner Runtime": 5}, "explain_analyze_plan": {"Plan": {"Node Type": "Aggregate", "Strategy": "Plain", "Startup Cost": 121503.41, "Total Cost": 121503.42, "Plan Rows": 1, "Plan Width": 160, "Actual Startup Time": 1959.471, "Actual Total Time": 1959.472, "Actual Rows": 1, "Actual Loops": 1, "Plans": [{"Node Type": "Nested Loop", "Parent Relationship": "Outer", "Join Type": "Inner", "Startup Cost": 0.0, "Total Cost": 121503.35, "Plan Rows": 8, "Plan Width": 64, "Actual Startup Time": 0.993, "Actual Total Time": 1958.563, "Actual Rows": 410, "Actual Loops": 1, "Inner Unique": true, "Plans": [{"Node Type": "Nested Loop", "Parent Relationship": "Outer", "Join Type": "Inner", "Startup Cost": 0.0, "Total Cost": 121500.72, "Plan Rows": 9, "Plan Width": 59, "Actual Startup Time": 0.978, "Actual Total Time": 1954.798, "Actual Rows": 410, "Actual Loops": 1, "Inner Unique": false, "Join Filter": "(mi.info_type_id = it1.id)", "Rows Removed by Join Filter": 81998, "Plans": [{"Node Type": "Seq Scan", "Parent Relationship": "Outer", "Relation Name": "info_type", "Alias": "it1", "Startup Cost": 0.0, "Total Cost": 2.4, "Plan Rows": 1, "Plan Width": 4, "Actual Startup Time": 0.061, "Actual Total Time": 0.07, "Actual Rows": 1, "Actual Loops": 1, "Filter": "((info)::text = 'budget'::text)", "Rows Removed by Filter": 111}, {"Node Type": "Nested Loop", "Parent Relationship": "Inner", "Join Type": "Inner", "Startup Cost": 0.0, "Total Cost": 121494.84, "Plan Rows": 279, "Plan Width": 63, "Actual Startup Time": 0.882, "Actual Total Time": 1938.81, "Actual Rows": 82408, "Actual Loops": 1, "Inner Unique": false, "Join Filter": "(mi_idx.movie_id = mi.movie_id)", "Rows Removed by Join Filter": 0, "Plans": [{"Node Type": "Nested Loop", "Parent Relationship": "Outer", "Join Type": "Inner", "Startup Cost": 0.0, "Total Cost": 121455.23, "Plan Rows": 52, "Plan Width": 13, "Actual Startup Time": 0.866, "Actual Total Time": 1825.186, "Actual Rows": 3435, "Actual Loops": 1, "Inner Unique": false, "Join Filter": "(mi_idx.info_type_id = it2.id)", "Rows Removed by Join Filter": 6875, "Plans": [{"Node Type": "Seq Scan", "Parent Relationship": "Outer", "Relation Name": "info_type", "Alias": "it2", "Startup Cost": 0.0, "Total Cost": 2.4, "Plan Rows": 1, "Plan Width": 4, "Actual Startup Time": 0.041, "Actual Total Time": 0.053, "Actual Rows": 1, "Actual Loops": 1, "Filter": "((info)::text = 'votes'::text)", "Rows Removed by Filter": 111}, {"Node Type": "Nested Loop", "Parent Relationship": "Inner", "Join Type": "Inner", "Startup Cost": 0.0, "Total Cost": 121448.51, "Plan Rows": 346, "Plan Width": 17, "Actual Startup Time": 0.819, "Actual Total Time": 1822.36, "Actual Rows": 10310, "Actual Loops": 1, "Inner Unique": false, "Plans": [{"Node Type": "Nested Loop", "Parent Relationship": "Outer", "Join Type": "Inner", "Startup Cost": 0.0, "Total Cost": 121351.72, "Plan Rows": 294, "Plan Width": 4, "Actual Startup Time": 0.804, "Actual Total Time": 1787.161, "Actual Rows": 6719, "Actual Loops": 1, "Inner Unique": false, "Plans": [{"Node Type": "Seq Scan", "Parent Relationship": "Outer", "Relation Name": "name", "Alias": "n", "Startup Cost": 0.0, "Total Cost": 113909.35, "Plan Rows": 173, "Plan Width": 4, "Actual Startup Time": 0.234, "Actual Total Time": 1655.099, "Actual Rows": 9062, "Actual Loops": 1, "Filter": "(((name)::text ~~ '%Tim%'::text) AND ((gender)::text = 'm'::text))", "Rows Removed by Filter": 4158428}, {"Node Type": "Index Scan", "Parent Relationship": "Inner", "Scan Direction": "Forward", "Index Name": "person_id_cast_info", "Relation Name": "cast_info", "Alias": "ci", "Startup Cost": 0.0, "Total Cost": 43.0, "Plan Rows": 2, "Plan Width": 8, "Actual Startup Time": 106.12, "Actual Total Time": 124.962, "Actual Rows": 6719, "Actual Loops": 9062, "Index Cond": "(person_id = n.id)", "Rows Removed by Index Recheck": 0, "Filter": "((note)::text = ANY ('{(producer),\"(executive producer)\"}'::text[]))", "Rows Removed by Filter": 89309}]}, {"Node Type": "Index Scan", "Parent Relationship": "Inner", "Scan Direction": "Forward", "Index Name": "movie_id_movie_info_idx", "Relation Name": "movie_info_idx", "Alias": "mi_idx", "Startup Cost": 0.0, "Total Cost": 0.31, "Plan Rows": 2, "Plan Width": 13, "Actual Startup Time": 25.285, "Actual Total Time": 29.273, "Actual Rows": 10310, "Actual Loops": 6719, "Index Cond": "(movie_id = ci.movie_id)", "Rows Removed by Index Recheck": 0}]}]}, {"Node Type": "Index Scan", "Parent Relationship": "Inner", "Scan Direction": "Forward", "Index Name": "movie_id_movie_info", "Relation Name": "movie_info", "Alias": "mi", "Startup Cost": 0.0, "Total Cost": 0.7, "Plan Rows": 5, "Plan Width": 50, "Actual Startup Time": 21.854, "Actual Total Time": 84.199, "Actual Rows": 82408, "Actual Loops": 3435, "Index Cond": "(movie_id = ci.movie_id)", "Rows Removed by Index Recheck": 0}]}]}, {"Node Type": "Index Scan", "Parent Relationship": "Inner", "Scan Direction": "Forward", "Index Name": "title_pkey", "Relation Name": "title", "Alias": "t", "Startup Cost": 0.0, "Total Cost": 0.28, "Plan Rows": 1, "Plan Width": 21, "Actual Startup Time": 3.207, "Actual Total Time": 3.207, "Actual Rows": 410, "Actual Loops": 410, "Index Cond": "(id = mi.movie_id)", "Rows Removed by Index Recheck": 0}]}]}, "Triggers": [], "Planner Runtime": 5.082, "Total Runtime": 1959.729, "Unique SQL Id": 4264520866}}, "(1, '53')": {"explain_plan": {"Plan": {"Node Type": "Aggregate", "Strategy": "Plain", "Startup Cost": 204687.88, "Total Cost": 204687.89, "Plan Rows": 1, "Plan Width": 160, "Plans": [{"Node Type": "Nested Loop", "Parent Relationship": "Outer", "Join Type": "Inner", "Startup Cost": 0.0, "Total Cost": 204687.82, "Plan Rows": 8, "Plan Width": 64, "Inner Unique": true, "Plans": [{"Node Type": "Nested Loop", "Parent Relationship": "Outer", "Join Type": "Inner", "Startup Cost": 0.0, "Total Cost": 204685.19, "Plan Rows": 9, "Plan Width": 59, "Inner Unique": false, "Join Filter": "(mi.info_type_id = it1.id)", "Plans": [{"Node Type": "Index Scan", "Parent Relationship": "Outer", "Scan Direction": "Forward", "Index Name": "info_type_pkey", "Relation Name": "info_type", "Alias": "it1", "Startup Cost": 0.0, "Total Cost": 14.21, "Plan Rows": 1, "Plan Width": 4, "Filter": "((info)::text = 'budget'::text)"}, {"Node Type": "Nested Loop", "Parent Relationship": "Inner", "Join Type": "Inner", "Startup Cost": 0.0, "Total Cost": 204667.49, "Plan Rows": 279, "Plan Width": 63, "Inner Unique": false, "Join Filter": "(mi_idx.movie_id = mi.movie_id)", "Plans": [{"Node Type": "Nested Loop", "Parent Relationship": "Outer", "Join Type": "Inner", "Startup Cost": 0.0, "Total Cost": 204627.89, "Plan Rows": 52, "Plan Width": 13, "Inner Unique": false, "Join Filter": "(mi_idx.info_type_id = it2.id)", "Plans": [{"Node Type": "Index Scan", "Parent Relationship": "Outer", "Scan Direction": "Forward", "Index Name": "info_type_pkey", "Relation Name": "info_type", "Alias": "it2", "Startup Cost": 0.0, "Total Cost": 14.21, "Plan Rows": 1, "Plan Width": 4, "Filter": "((info)::text = 'votes'::text)"}, {"Node Type": "Nested Loop", "Parent Relationship": "Inner", "Join Type": "Inner", "Startup Cost": 0.0, "Total Cost": 204609.36, "Plan Rows": 346, "Plan Width": 17, "Inner Unique": false, "Plans": [{"Node Type": "Nested Loop", "Parent Relationship": "Outer", "Join Type": "Inner", "Startup Cost": 0.0, "Total Cost": 204512.56, "Plan Rows": 294, "Plan Width": 4, "Inner Unique": false, "Plans": [{"Node Type": "Index Scan", "Parent Relationship": "Outer", "Scan Direction": "Forward", "Index Name": "name_pkey", "Relation Name": "name", "Alias": "n", "Startup Cost": 0.0, "Total Cost": 197070.2, "Plan Rows": 173, "Plan Width": 4, "Filter": "(((name)::text ~~ '%Tim%'::text) AND ((gender)::text = 'm'::text))"}, {"Node Type": "Index Scan", "Parent Relationship": "Inner", "Scan Direction": "Forward", "Index Name": "person_id_cast_info", "Relation Name": "cast_info", "Alias": "ci", "Startup Cost": 0.0, "Total Cost": 43.0, "Plan Rows": 2, "Plan Width": 8, "Index Cond": "(person_id = n.id)", "Filter": "((note)::text = ANY ('{(producer),\"(executive producer)\"}'::text[]))"}]}, {"Node Type": "Index Scan", "Parent Relationship": "Inner", "Scan Direction": "Forward", "Index Name": "movie_id_movie_info_idx", "Relation Name": "movie_info_idx", "Alias": "mi_idx", "Startup Cost": 0.0, "Total Cost": 0.31, "Plan Rows": 2, "Plan Width": 13, "Index Cond": "(movie_id = ci.movie_id)"}]}]}, {"Node Type": "Index Scan", "Parent Relationship": "Inner", "Scan Direction": "Forward", "Index Name": "movie_id_movie_info", "Relation Name": "movie_info", "Alias": "mi", "Startup Cost": 0.0, "Total Cost": 0.7, "Plan Rows": 5, "Plan Width": 50, "Index Cond": "(movie_id = ci.movie_id)"}]}]}, {"Node Type": "Index Scan", "Parent Relationship": "Inner", "Scan Direction": "Forward", "Index Name": "title_pkey", "Relation Name": "title", "Alias": "t", "Startup Cost": 0.0, "Total Cost": 0.28, "Plan Rows": 1, "Plan Width": 21, "Index Cond": "(id = mi.movie_id)"}]}]}, "Unique SQL Id": 4264520866, "Planner Runtime": 4}, "explain_analyze_plan": null}, "(1, '54')": {"explain_plan": {"Plan": {"Node Type": "Aggregate", "Strategy": "Plain", "Startup Cost": 128573.79, "Total Cost": 128573.8, "Plan Rows": 1, "Plan Width": 160, "Plans": [{"Node Type": "Nested Loop", "Parent Relationship": "Outer", "Join Type": "Inner", "Startup Cost": 5.3, "Total Cost": 128573.73, "Plan Rows": 8, "Plan Width": 64, "Inner Unique": true, "Plans": [{"Node Type": "Nested Loop", "Parent Relationship": "Outer", "Join Type": "Inner", "Startup Cost": 5.04, "Total Cost": 128535.18, "Plan Rows": 9, "Plan Width": 59, "Inner Unique": false, "Join Filter": "(mi_idx.info_type_id = it2.id)", "Plans": [{"Node Type": "Seq Scan", "Parent Relationship": "Outer", "Relation Name": "info_type", "Alias": "it2", "Startup Cost": 0.0, "Total Cost": 2.4, "Plan Rows": 1, "Plan Width": 4, "Filter": "((info)::text = 'votes'::text)"}, {"Node Type": "Nested Loop", "Parent Relationship": "Inner", "Join Type": "Inner", "Startup Cost": 5.04, "Total Cost": 128532.36, "Plan Rows": 34, "Plan Width": 63, "Inner Unique": false, "Plans": [{"Node Type": "Nested Loop", "Parent Relationship": "Outer", "Join Type": "Inner", "Startup Cost": 4.77, "Total Cost": 128437.5, "Plan Rows": 22, "Plan Width": 50, "Inner Unique": false, "Join Filter": "(mi.info_type_id = it1.id)", "Plans": [{"Node Type": "Seq Scan", "Parent Relationship": "Outer", "Relation Name": "info_type", "Alias": "it1", "Startup Cost": 0.0, "Total Cost": 2.4, "Plan Rows": 1, "Plan Width": 4, "Filter": "((info)::text = 'budget'::text)"}, {"Node Type": "Nested Loop", "Parent Relationship": "Inner", "Join Type": "Inner", "Startup Cost": 4.77, "Total Cost": 128415.58, "Plan Rows": 1561, "Plan Width": 54, "Inner Unique": false, "Plans": [{"Node Type": "Nested Loop", "Parent Relationship": "Outer", "Join Type": "Inner", "Startup Cost": 4.39, "Total Cost": 127093.19, "Plan Rows": 294, "Plan Width": 4, "Inner Unique": false, "Plans": [{"Node Type": "Seq Scan", "Parent Relationship": "Outer", "Relation Name": "name", "Alias": "n", "Startup Cost": 0.0, "Total Cost": 113909.35, "Plan Rows": 173, "Plan Width": 4, "Filter": "(((name)::text ~~ '%Tim%'::text) AND ((gender)::text = 'm'::text))"}, {"Node Type": "Bitmap Heap Scan", "Parent Relationship": "Inner", "Relation Name": "cast_info", "Alias": "ci", "Startup Cost": 4.39, "Total Cost": 76.19, "Plan Rows": 2, "Plan Width": 8, "Recheck Cond": "(person_id = n.id)", "Filter": "((note)::text = ANY ('{(producer),\"(executive producer)\"}'::text[]))", "Plans": [{"Node Type": "Bitmap Index Scan", "Parent Relationship": "Outer", "Index Name": "person_id_cast_info", "Startup Cost": 0.0, "Total Cost": 4.38, "Plan Rows": 18, "Plan Width": 0, "Index Cond": "(person_id = n.id)"}]}]}, {"Node Type": "Bitmap Heap Scan", "Parent Relationship": "Inner", "Relation Name": "movie_info", "Alias": "mi", "Startup Cost": 0.39, "Total Cost": 4.45, "Plan Rows": 5, "Plan Width": 50, "Recheck Cond": "(movie_id = ci.movie_id)", "Plans": [{"Node Type": "Bitmap Index Scan", "Parent Relationship": "Outer", "Index Name": "movie_id_movie_info", "Startup Cost": 0.0, "Total Cost": 0.38, "Plan Rows": 5, "Plan Width": 0, "Index Cond": "(movie_id = ci.movie_id)"}]}]}]}, {"Node Type": "Bitmap Heap Scan", "Parent Relationship": "Inner", "Relation Name": "movie_info_idx", "Alias": "mi_idx", "Startup Cost": 0.27, "Total Cost": 4.29, "Plan Rows": 2, "Plan Width": 13, "Recheck Cond": "(movie_id = mi.movie_id)", "Plans": [{"Node Type": "Bitmap Index Scan", "Parent Relationship": "Outer", "Index Name": "movie_id_movie_info_idx", "Startup Cost": 0.0, "Total Cost": 0.27, "Plan Rows": 2, "Plan Width": 0, "Index Cond": "(movie_id = mi.movie_id)"}]}]}]}, {"Node Type": "Bitmap Heap Scan", "Parent Relationship": "Inner", "Relation Name": "title", "Alias": "t", "Startup Cost": 0.26, "Total Cost": 4.27, "Plan Rows": 1, "Plan Width": 21, "Recheck Cond": "(id = mi.movie_id)", "Plans": [{"Node Type": "Bitmap Index Scan", "Parent Relationship": "Outer", "Index Name": "title_pkey", "Startup Cost": 0.0, "Total Cost": 0.26, "Plan Rows": 1, "Plan Width": 0, "Index Cond": "(id = mi.movie_id)"}]}]}]}, "Unique SQL Id": 4264520866, "Planner Runtime": 6}, "explain_analyze_plan": {"Plan": {"Node Type": "Aggregate", "Strategy": "Plain", "Startup Cost": 128573.79, "Total Cost": 128573.8, "Plan Rows": 1, "Plan Width": 160, "Actual Startup Time": 2015.409, "Actual Total Time": 2015.41, "Actual Rows": 1, "Actual Loops": 1, "Plans": [{"Node Type": "Nested Loop", "Parent Relationship": "Outer", "Join Type": "Inner", "Startup Cost": 5.3, "Total Cost": 128573.73, "Plan Rows": 8, "Plan Width": 64, "Actual Startup Time": 1.038, "Actual Total Time": 2014.274, "Actual Rows": 410, "Actual Loops": 1, "Inner Unique": true, "Plans": [{"Node Type": "Nested Loop", "Parent Relationship": "Outer", "Join Type": "Inner", "Startup Cost": 5.04, "Total Cost": 128535.18, "Plan Rows": 9, "Plan Width": 59, "Actual Startup Time": 1.022, "Actual Total Time": 2009.1, "Actual Rows": 410, "Actual Loops": 1, "Inner Unique": false, "Join Filter": "(mi_idx.info_type_id = it2.id)", "Rows Removed by Join Filter": 825, "Plans": [{"Node Type": "Seq Scan", "Parent Relationship": "Outer", "Relation Name": "info_type", "Alias": "it2", "Startup Cost": 0.0, "Total Cost": 2.4, "Plan Rows": 1, "Plan Width": 4, "Actual Startup Time": 0.057, "Actual Total Time": 0.071, "Actual Rows": 1, "Actual Loops": 1, "Filter": "((info)::text = 'votes'::text)", "Rows Removed by Filter": 111}, {"Node Type": "Nested Loop", "Parent Relationship": "Inner", "Join Type": "Inner", "Startup Cost": 5.04, "Total Cost": 128532.36, "Plan Rows": 34, "Plan Width": 63, "Actual Startup Time": 0.959, "Actual Total Time": 2008.457, "Actual Rows": 1235, "Actual Loops": 1, "Inner Unique": false, "Plans": [{"Node Type": "Nested Loop", "Parent Relationship": "Outer", "Join Type": "Inner", "Startup Cost": 4.77, "Total Cost": 128437.5, "Plan Rows": 22, "Plan Width": 50, "Actual Startup Time": 0.941, "Actual Total Time": 2000.338, "Actual Rows": 699, "Actual Loops": 1, "Inner Unique": false, "Join Filter": "(mi.info_type_id = it1.id)", "Rows Removed by Join Filter": 95197, "Plans": [{"Node Type": "Seq Scan", "Parent Relationship": "Outer", "Relation Name": "info_type", "Alias": "it1", "Startup Cost": 0.0, "Total Cost": 2.4, "Plan Rows": 1, "Plan Width": 4, "Actual Startup Time": 0.049, "Actual Total Time": 0.065, "Actual Rows": 1, "Actual Loops": 1, "Filter": "((info)::text = 'budget'::text)", "Rows Removed by Filter": 111}, {"Node Type": "Nested Loop", "Parent Relationship": "Inner", "Join Type": "Inner", "Startup Cost": 4.77, "Total Cost": 128415.58, "Plan Rows": 1561, "Plan Width": 54, "Actual Startup Time": 0.861, "Actual Total Time": 1980.512, "Actual Rows": 95896, "Actual Loops": 1, "Inner Unique": false, "Plans": [{"Node Type": "Nested Loop", "Parent Relationship": "Outer", "Join Type": "Inner", "Startup Cost": 4.39, "Total Cost": 127093.19, "Plan Rows": 294, "Plan Width": 4, "Actual Startup Time": 0.831, "Actual Total Time": 1796.331, "Actual Rows": 6719, "Actual Loops": 1, "Inner Unique": false, "Plans": [{"Node Type": "Seq Scan", "Parent Relationship": "Outer", "Relation Name": "name", "Alias": "n", "Startup Cost": 0.0, "Total Cost": 113909.35, "Plan Rows": 173, "Plan Width": 4, "Actual Startup Time": 0.238, "Actual Total Time": 1644.054, "Actual Rows": 9062, "Actual Loops": 1, "Filter": "(((name)::text ~~ '%Tim%'::text) AND ((gender)::text = 'm'::text))", "Rows Removed by Filter": 4158428}, {"Node Type": "Bitmap Heap Scan", "Parent Relationship": "Inner", "Relation Name": "cast_info", "Alias": "ci", "Startup Cost": 4.39, "Total Cost": 76.19, "Plan Rows": 2, "Plan Width": 8, "Actual Startup Time": 123.594, "Actual Total Time": 139.024, "Actual Rows": 6719, "Actual Loops": 9062, "Recheck Cond": "(person_id = n.id)", "Rows Removed by Index Recheck": 0, "Filter": "((note)::text = ANY ('{(producer),\"(executive producer)\"}'::text[]))", "Rows Removed by Filter": 89309, "Exact Heap Blocks": 13336, "Lossy Heap Blocks": 13336, "Plans": [{"Node Type": "Bitmap Index Scan", "Parent Relationship": "Outer", "Index Name": "person_id_cast_info", "Startup Cost": 0.0, "Total Cost": 4.38, "Plan Rows": 18, "Plan Width": 0, "Actual Startup Time": 56.856, "Actual Total Time": 56.856, "Actual Rows": 96028, "Actual Loops": 9062, "Index Cond": "(person_id = n.id)"}]}]}, {"Node Type": "Bitmap Heap Scan", "Parent Relationship": "Inner", "Relation Name": "movie_info", "Alias": "mi", "Startup Cost": 0.39, "Total Cost": 4.45, "Plan Rows": 5, "Plan Width": 50, "Actual Startup Time": 66.31, "Actual Total Time": 155.322, "Actual Rows": 95896, "Actual Loops": 6719, "Recheck Cond": "(movie_id = ci.movie_id)", "Rows Removed by Index Recheck": 0, "Exact Heap Blocks": 40013, "Lossy Heap Blocks": 40013, "Plans": [{"Node Type": "Bitmap Index Scan", "Parent Relationship": "Outer", "Index Name": "movie_id_movie_info", "Startup Cost": 0.0, "Total Cost": 0.38, "Plan Rows": 5, "Plan Width": 0, "Actual Startup Time": 45.696, "Actual Total Time": 45.696, "Actual Rows": 95896, "Actual Loops": 6719, "Index Cond": "(movie_id = ci.movie_id)"}]}]}]}, {"Node Type": "Bitmap Heap Scan", "Parent Relationship": "Inner", "Relation Name": "movie_info_idx", "Alias": "mi_idx", "Startup Cost": 0.27, "Total Cost": 4.29, "Plan Rows": 2, "Plan Width": 13, "Actual Startup Time": 6.328, "Actual Total Time": 6.515, "Actual Rows": 1235, "Actual Loops": 699, "Recheck Cond": "(movie_id = mi.movie_id)", "Rows Removed by Index Recheck": 0, "Exact Heap Blocks": 419, "Lossy Heap Blocks": 419, "Plans": [{"Node Type": "Bitmap Index Scan", "Parent Relationship": "Outer", "Index Name": "movie_id_movie_info_idx", "Startup Cost": 0.0, "Total Cost": 0.27, "Plan Rows": 2, "Plan Width": 0, "Actual Startup Time": 4.478, "Actual Total Time": 4.478, "Actual Rows": 1235, "Actual Loops": 699, "Index Cond": "(movie_id = mi.movie_id)"}]}]}]}, {"Node Type": "Bitmap Heap Scan", "Parent Relationship": "Inner", "Relation Name": "title", "Alias": "t", "Startup Cost": 0.26, "Total Cost": 4.27, "Plan Rows": 1, "Plan Width": 21, "Actual Startup Time": 4.224, "Actual Total Time": 4.224, "Actual Rows": 410, "Actual Loops": 410, "Recheck Cond": "(id = mi.movie_id)", "Rows Removed by Index Recheck": 0, "Exact Heap Blocks": 410, "Lossy Heap Blocks": 410, "Plans": [{"Node Type": "Bitmap Index Scan", "Parent Relationship": "Outer", "Index Name": "title_pkey", "Startup Cost": 0.0, "Total Cost": 0.26, "Plan Rows": 1, "Plan Width": 0, "Actual Startup Time": 2.74, "Actual Total Time": 2.74, "Actual Rows": 410, "Actual Loops": 410, "Index Cond": "(id = mi.movie_id)"}]}]}]}, "Triggers": [], "Planner Runtime": 6.064, "Total Runtime": 2015.794, "Unique SQL Id": 4264520866}}, "(1, '55')": {"explain_plan": {"Plan": {"Node Type": "Aggregate", "Strategy": "Plain", "Startup Cost": 1000014018806.1, "Total Cost": 1000014018806.11, "Plan Rows": 1, "Plan Width": 160, "Plans": [{"Node Type": "Nested Loop", "Parent Relationship": "Outer", "Join Type": "Inner", "Startup Cost": 10000000002.15, "Total Cost": 1000014018806.04, "Plan Rows": 8, "Plan Width": 64, "Inner Unique": true, "Plans": [{"Node Type": "Nested Loop", "Parent Relationship": "Outer", "Join Type": "Inner", "Startup Cost": 10000000001.89, "Total Cost": 1000014018767.49, "Plan Rows": 9, "Plan Width": 59, "Inner Unique": true, "Plans": [{"Node Type": "Nested Loop", "Parent Relationship": "Outer", "Join Type": "Inner", "Startup Cost": 10000000001.63, "Total Cost": 1000014017572.6, "Plan Rows": 279, "Plan Width": 63, "Inner Unique": false, "Join Filter": "(mi_idx.movie_id = mi.movie_id)", "Plans": [{"Node Type": "Nested Loop", "Parent Relationship": "Outer", "Join Type": "Inner", "Startup Cost": 10000000001.24, "Total Cost": 1000014017338.06, "Plan Rows": 52, "Plan Width": 13, "Inner Unique": true, "Plans": [{"Node Type": "Nested Loop", "Parent Relationship": "Outer", "Join Type": "Inner", "Startup Cost": 10000000000.96, "Total Cost": 1000012216357.19, "Plan Rows": 417690, "Plan Width": 17, "Inner Unique": false, "Plans": [{"Node Type": "Nested Loop", "Parent Relationship": "Outer", "Join Type": "Inner", "Startup Cost": 10000000000.26, "Total Cost": 1000010560383.98, "Plan Rows": 345008, "Plan Width": 9, "Inner Unique": true, "Plans": [{"Node Type": "Index Scan", "Parent Relationship": "Outer", "Scan Direction": "Forward", "Index Name": "movie_id_movie_info_idx", "Relation Name": "movie_info_idx", "Alias": "mi_idx", "Startup Cost": 10000000000.0, "Total Cost": 1000004650035.37, "Plan Rows": 1380034, "Plan Width": 13}, {"Node Type": "Bitmap Heap Scan", "Parent Relationship": "Inner", "Relation Name": "info_type", "Alias": "it2", "Startup Cost": 0.26, "Total Cost": 4.27, "Plan Rows": 1, "Plan Width": 4, "Recheck Cond": "(id = mi_idx.info_type_id)", "Filter": "((info)::text = 'votes'::text)", "Plans": [{"Node Type": "Bitmap Index Scan", "Parent Relationship": "Outer", "Index Name": "info_type_pkey", "Startup Cost": 0.0, "Total Cost": 0.26, "Plan Rows": 1, "Plan Width": 0, "Index Cond": "(id = mi_idx.info_type_id)"}]}]}, {"Node Type": "Bitmap Heap Scan", "Parent Relationship": "Inner", "Relation Name": "cast_info", "Alias": "ci", "Startup Cost": 0.7, "Total Cost": 4.79, "Plan Rows": 1, "Plan Width": 8, "Recheck Cond": "(movie_id = mi_idx.movie_id)", "Filter": "((note)::text = ANY ('{(producer),\"(executive producer)\"}'::text[]))", "Plans": [{"Node Type": "Bitmap Index Scan", "Parent Relationship": "Outer", "Index Name": "movie_id_cast_info", "Startup Cost": 0.0, "Total Cost": 0.7, "Plan Rows": 6, "Plan Width": 0, "Index Cond": "(movie_id = mi_idx.movie_id)"}]}]}, {"Node Type": "Bitmap Heap Scan", "Parent Relationship": "Inner", "Relation Name": "name", "Alias": "n", "Startup Cost": 0.28, "Total Cost": 4.3, "Plan Rows": 1, "Plan Width": 4, "Recheck Cond": "(id = ci.person_id)", "Filter": "(((name)::text ~~ '%Tim%'::text) AND ((gender)::text = 'm'::text))", "Plans": [{"Node Type": "Bitmap Index Scan", "Parent Relationship": "Outer", "Index Name": "name_pkey", "Startup Cost": 0.0, "Total Cost": 0.28, "Plan Rows": 1, "Plan Width": 0, "Index Cond": "(id = ci.person_id)"}]}]}, {"Node Type": "Bitmap Heap Scan", "Parent Relationship": "Inner", "Relation Name": "movie_info", "Alias": "mi", "Startup Cost": 0.39, "Total Cost": 4.45, "Plan Rows": 5, "Plan Width": 50, "Recheck Cond": "(movie_id = ci.movie_id)", "Plans": [{"Node Type": "Bitmap Index Scan", "Parent Relationship": "Outer", "Index Name": "movie_id_movie_info", "Startup Cost": 0.0, "Total Cost": 0.38, "Plan Rows": 5, "Plan Width": 0, "Index Cond": "(movie_id = ci.movie_id)"}]}]}, {"Node Type": "Bitmap Heap Scan", "Parent Relationship": "Inner", "Relation Name": "info_type", "Alias": "it1", "Startup Cost": 0.26, "Total Cost": 4.27, "Plan Rows": 1, "Plan Width": 4, "Recheck Cond": "(id = mi.info_type_id)", "Filter": "((info)::text = 'budget'::text)", "Plans": [{"Node Type": "Bitmap Index Scan", "Parent Relationship": "Outer", "Index Name": "info_type_pkey", "Startup Cost": 0.0, "Total Cost": 0.26, "Plan Rows": 1, "Plan Width": 0, "Index Cond": "(id = mi.info_type_id)"}]}]}, {"Node Type": "Bitmap Heap Scan", "Parent Relationship": "Inner", "Relation Name": "title", "Alias": "t", "Startup Cost": 0.26, "Total Cost": 4.27, "Plan Rows": 1, "Plan Width": 21, "Recheck Cond": "(id = mi.movie_id)", "Plans": [{"Node Type": "Bitmap Index Scan", "Parent Relationship": "Outer", "Index Name": "title_pkey", "Startup Cost": 0.0, "Total Cost": 0.26, "Plan Rows": 1, "Plan Width": 0, "Index Cond": "(id = mi.movie_id)"}]}]}]}, "Unique SQL Id": 4264520866, "Planner Runtime": 4}, "explain_analyze_plan": null}, "(1, '56')": {"explain_plan": {"Plan": {"Node Type": "Aggregate", "Strategy": "Plain", "Startup Cost": 121503.41, "Total Cost": 121503.42, "Plan Rows": 1, "Plan Width": 160, "Plans": [{"Node Type": "Nested Loop", "Parent Relationship": "Outer", "Join Type": "Inner", "Startup Cost": 0.0, "Total Cost": 121503.35, "Plan Rows": 8, "Plan Width": 64, "Inner Unique": true, "Plans": [{"Node Type": "Nested Loop", "Parent Relationship": "Outer", "Join Type": "Inner", "Startup Cost": 0.0, "Total Cost": 121500.72, "Plan Rows": 9, "Plan Width": 59, "Inner Unique": false, "Join Filter": "(mi.info_type_id = it1.id)", "Plans": [{"Node Type": "Seq Scan", "Parent Relationship": "Outer", "Relation Name": "info_type", "Alias": "it1", "Startup Cost": 0.0, "Total Cost": 2.4, "Plan Rows": 1, "Plan Width": 4, "Filter": "((info)::text = 'budget'::text)"}, {"Node Type": "Nested Loop", "Parent Relationship": "Inner", "Join Type": "Inner", "Startup Cost": 0.0, "Total Cost": 121494.84, "Plan Rows": 279, "Plan Width": 63, "Inner Unique": false, "Join Filter": "(mi_idx.movie_id = mi.movie_id)", "Plans": [{"Node Type": "Nested Loop", "Parent Relationship": "Outer", "Join Type": "Inner", "Startup Cost": 0.0, "Total Cost": 121455.23, "Plan Rows": 52, "Plan Width": 13, "Inner Unique": false, "Join Filter": "(mi_idx.info_type_id = it2.id)", "Plans": [{"Node Type": "Seq Scan", "Parent Relationship": "Outer", "Relation Name": "info_type", "Alias": "it2", "Startup Cost": 0.0, "Total Cost": 2.4, "Plan Rows": 1, "Plan Width": 4, "Filter": "((info)::text = 'votes'::text)"}, {"Node Type": "Nested Loop", "Parent Relationship": "Inner", "Join Type": "Inner", "Startup Cost": 0.0, "Total Cost": 121448.51, "Plan Rows": 346, "Plan Width": 17, "Inner Unique": false, "Plans": [{"Node Type": "Nested Loop", "Parent Relationship": "Outer", "Join Type": "Inner", "Startup Cost": 0.0, "Total Cost": 121351.72, "Plan Rows": 294, "Plan Width": 4, "Inner Unique": false, "Plans": [{"Node Type": "Seq Scan", "Parent Relationship": "Outer", "Relation Name": "name", "Alias": "n", "Startup Cost": 0.0, "Total Cost": 113909.35, "Plan Rows": 173, "Plan Width": 4, "Filter": "(((name)::text ~~ '%Tim%'::text) AND ((gender)::text = 'm'::text))"}, {"Node Type": "Index Scan", "Parent Relationship": "Inner", "Scan Direction": "Forward", "Index Name": "person_id_cast_info", "Relation Name": "cast_info", "Alias": "ci", "Startup Cost": 0.0, "Total Cost": 43.0, "Plan Rows": 2, "Plan Width": 8, "Index Cond": "(person_id = n.id)", "Filter": "((note)::text = ANY ('{(producer),\"(executive producer)\"}'::text[]))"}]}, {"Node Type": "Index Scan", "Parent Relationship": "Inner", "Scan Direction": "Forward", "Index Name": "movie_id_movie_info_idx", "Relation Name": "movie_info_idx", "Alias": "mi_idx", "Startup Cost": 0.0, "Total Cost": 0.31, "Plan Rows": 2, "Plan Width": 13, "Index Cond": "(movie_id = ci.movie_id)"}]}]}, {"Node Type": "Index Scan", "Parent Relationship": "Inner", "Scan Direction": "Forward", "Index Name": "movie_id_movie_info", "Relation Name": "movie_info", "Alias": "mi", "Startup Cost": 0.0, "Total Cost": 0.7, "Plan Rows": 5, "Plan Width": 50, "Index Cond": "(movie_id = ci.movie_id)"}]}]}, {"Node Type": "Index Scan", "Parent Relationship": "Inner", "Scan Direction": "Forward", "Index Name": "title_pkey", "Relation Name": "title", "Alias": "t", "Startup Cost": 0.0, "Total Cost": 0.28, "Plan Rows": 1, "Plan Width": 21, "Index Cond": "(id = mi.movie_id)"}]}]}, "Unique SQL Id": 4264520866, "Planner Runtime": 4}, "explain_analyze_plan": {"Plan": {"Node Type": "Aggregate", "Strategy": "Plain", "Startup Cost": 121503.41, "Total Cost": 121503.42, "Plan Rows": 1, "Plan Width": 160, "Actual Startup Time": 1959.471, "Actual Total Time": 1959.472, "Actual Rows": 1, "Actual Loops": 1, "Plans": [{"Node Type": "Nested Loop", "Parent Relationship": "Outer", "Join Type": "Inner", "Startup Cost": 0.0, "Total Cost": 121503.35, "Plan Rows": 8, "Plan Width": 64, "Actual Startup Time": 0.993, "Actual Total Time": 1958.563, "Actual Rows": 410, "Actual Loops": 1, "Inner Unique": true, "Plans": [{"Node Type": "Nested Loop", "Parent Relationship": "Outer", "Join Type": "Inner", "Startup Cost": 0.0, "Total Cost": 121500.72, "Plan Rows": 9, "Plan Width": 59, "Actual Startup Time": 0.978, "Actual Total Time": 1954.798, "Actual Rows": 410, "Actual Loops": 1, "Inner Unique": false, "Join Filter": "(mi.info_type_id = it1.id)", "Rows Removed by Join Filter": 81998, "Plans": [{"Node Type": "Seq Scan", "Parent Relationship": "Outer", "Relation Name": "info_type", "Alias": "it1", "Startup Cost": 0.0, "Total Cost": 2.4, "Plan Rows": 1, "Plan Width": 4, "Actual Startup Time": 0.061, "Actual Total Time": 0.07, "Actual Rows": 1, "Actual Loops": 1, "Filter": "((info)::text = 'budget'::text)", "Rows Removed by Filter": 111}, {"Node Type": "Nested Loop", "Parent Relationship": "Inner", "Join Type": "Inner", "Startup Cost": 0.0, "Total Cost": 121494.84, "Plan Rows": 279, "Plan Width": 63, "Actual Startup Time": 0.882, "Actual Total Time": 1938.81, "Actual Rows": 82408, "Actual Loops": 1, "Inner Unique": false, "Join Filter": "(mi_idx.movie_id = mi.movie_id)", "Rows Removed by Join Filter": 0, "Plans": [{"Node Type": "Nested Loop", "Parent Relationship": "Outer", "Join Type": "Inner", "Startup Cost": 0.0, "Total Cost": 121455.23, "Plan Rows": 52, "Plan Width": 13, "Actual Startup Time": 0.866, "Actual Total Time": 1825.186, "Actual Rows": 3435, "Actual Loops": 1, "Inner Unique": false, "Join Filter": "(mi_idx.info_type_id = it2.id)", "Rows Removed by Join Filter": 6875, "Plans": [{"Node Type": "Seq Scan", "Parent Relationship": "Outer", "Relation Name": "info_type", "Alias": "it2", "Startup Cost": 0.0, "Total Cost": 2.4, "Plan Rows": 1, "Plan Width": 4, "Actual Startup Time": 0.041, "Actual Total Time": 0.053, "Actual Rows": 1, "Actual Loops": 1, "Filter": "((info)::text = 'votes'::text)", "Rows Removed by Filter": 111}, {"Node Type": "Nested Loop", "Parent Relationship": "Inner", "Join Type": "Inner", "Startup Cost": 0.0, "Total Cost": 121448.51, "Plan Rows": 346, "Plan Width": 17, "Actual Startup Time": 0.819, "Actual Total Time": 1822.36, "Actual Rows": 10310, "Actual Loops": 1, "Inner Unique": false, "Plans": [{"Node Type": "Nested Loop", "Parent Relationship": "Outer", "Join Type": "Inner", "Startup Cost": 0.0, "Total Cost": 121351.72, "Plan Rows": 294, "Plan Width": 4, "Actual Startup Time": 0.804, "Actual Total Time": 1787.161, "Actual Rows": 6719, "Actual Loops": 1, "Inner Unique": false, "Plans": [{"Node Type": "Seq Scan", "Parent Relationship": "Outer", "Relation Name": "name", "Alias": "n", "Startup Cost": 0.0, "Total Cost": 113909.35, "Plan Rows": 173, "Plan Width": 4, "Actual Startup Time": 0.234, "Actual Total Time": 1655.099, "Actual Rows": 9062, "Actual Loops": 1, "Filter": "(((name)::text ~~ '%Tim%'::text) AND ((gender)::text = 'm'::text))", "Rows Removed by Filter": 4158428}, {"Node Type": "Index Scan", "Parent Relationship": "Inner", "Scan Direction": "Forward", "Index Name": "person_id_cast_info", "Relation Name": "cast_info", "Alias": "ci", "Startup Cost": 0.0, "Total Cost": 43.0, "Plan Rows": 2, "Plan Width": 8, "Actual Startup Time": 106.12, "Actual Total Time": 124.962, "Actual Rows": 6719, "Actual Loops": 9062, "Index Cond": "(person_id = n.id)", "Rows Removed by Index Recheck": 0, "Filter": "((note)::text = ANY ('{(producer),\"(executive producer)\"}'::text[]))", "Rows Removed by Filter": 89309}]}, {"Node Type": "Index Scan", "Parent Relationship": "Inner", "Scan Direction": "Forward", "Index Name": "movie_id_movie_info_idx", "Relation Name": "movie_info_idx", "Alias": "mi_idx", "Startup Cost": 0.0, "Total Cost": 0.31, "Plan Rows": 2, "Plan Width": 13, "Actual Startup Time": 25.285, "Actual Total Time": 29.273, "Actual Rows": 10310, "Actual Loops": 6719, "Index Cond": "(movie_id = ci.movie_id)", "Rows Removed by Index Recheck": 0}]}]}, {"Node Type": "Index Scan", "Parent Relationship": "Inner", "Scan Direction": "Forward", "Index Name": "movie_id_movie_info", "Relation Name": "movie_info", "Alias": "mi", "Startup Cost": 0.0, "Total Cost": 0.7, "Plan Rows": 5, "Plan Width": 50, "Actual Startup Time": 21.854, "Actual Total Time": 84.199, "Actual Rows": 82408, "Actual Loops": 3435, "Index Cond": "(movie_id = ci.movie_id)", "Rows Removed by Index Recheck": 0}]}]}, {"Node Type": "Index Scan", "Parent Relationship": "Inner", "Scan Direction": "Forward", "Index Name": "title_pkey", "Relation Name": "title", "Alias": "t", "Startup Cost": 0.0, "Total Cost": 0.28, "Plan Rows": 1, "Plan Width": 21, "Actual Startup Time": 3.207, "Actual Total Time": 3.207, "Actual Rows": 410, "Actual Loops": 410, "Index Cond": "(id = mi.movie_id)", "Rows Removed by Index Recheck": 0}]}]}, "Triggers": [], "Planner Runtime": 5.082, "Total Runtime": 1959.729, "Unique SQL Id": 4264520866}}, "(1, '57')": {"explain_plan": {"Plan": {"Node Type": "Aggregate", "Strategy": "Plain", "Startup Cost": 204687.88, "Total Cost": 204687.89, "Plan Rows": 1, "Plan Width": 160, "Plans": [{"Node Type": "Nested Loop", "Parent Relationship": "Outer", "Join Type": "Inner", "Startup Cost": 0.0, "Total Cost": 204687.82, "Plan Rows": 8, "Plan Width": 64, "Inner Unique": true, "Plans": [{"Node Type": "Nested Loop", "Parent Relationship": "Outer", "Join Type": "Inner", "Startup Cost": 0.0, "Total Cost": 204685.19, "Plan Rows": 9, "Plan Width": 59, "Inner Unique": false, "Join Filter": "(mi.info_type_id = it1.id)", "Plans": [{"Node Type": "Index Scan", "Parent Relationship": "Outer", "Scan Direction": "Forward", "Index Name": "info_type_pkey", "Relation Name": "info_type", "Alias": "it1", "Startup Cost": 0.0, "Total Cost": 14.21, "Plan Rows": 1, "Plan Width": 4, "Filter": "((info)::text = 'budget'::text)"}, {"Node Type": "Nested Loop", "Parent Relationship": "Inner", "Join Type": "Inner", "Startup Cost": 0.0, "Total Cost": 204667.49, "Plan Rows": 279, "Plan Width": 63, "Inner Unique": false, "Join Filter": "(mi_idx.movie_id = mi.movie_id)", "Plans": [{"Node Type": "Nested Loop", "Parent Relationship": "Outer", "Join Type": "Inner", "Startup Cost": 0.0, "Total Cost": 204627.89, "Plan Rows": 52, "Plan Width": 13, "Inner Unique": false, "Join Filter": "(mi_idx.info_type_id = it2.id)", "Plans": [{"Node Type": "Index Scan", "Parent Relationship": "Outer", "Scan Direction": "Forward", "Index Name": "info_type_pkey", "Relation Name": "info_type", "Alias": "it2", "Startup Cost": 0.0, "Total Cost": 14.21, "Plan Rows": 1, "Plan Width": 4, "Filter": "((info)::text = 'votes'::text)"}, {"Node Type": "Nested Loop", "Parent Relationship": "Inner", "Join Type": "Inner", "Startup Cost": 0.0, "Total Cost": 204609.36, "Plan Rows": 346, "Plan Width": 17, "Inner Unique": false, "Plans": [{"Node Type": "Nested Loop", "Parent Relationship": "Outer", "Join Type": "Inner", "Startup Cost": 0.0, "Total Cost": 204512.56, "Plan Rows": 294, "Plan Width": 4, "Inner Unique": false, "Plans": [{"Node Type": "Index Scan", "Parent Relationship": "Outer", "Scan Direction": "Forward", "Index Name": "name_pkey", "Relation Name": "name", "Alias": "n", "Startup Cost": 0.0, "Total Cost": 197070.2, "Plan Rows": 173, "Plan Width": 4, "Filter": "(((name)::text ~~ '%Tim%'::text) AND ((gender)::text = 'm'::text))"}, {"Node Type": "Index Scan", "Parent Relationship": "Inner", "Scan Direction": "Forward", "Index Name": "person_id_cast_info", "Relation Name": "cast_info", "Alias": "ci", "Startup Cost": 0.0, "Total Cost": 43.0, "Plan Rows": 2, "Plan Width": 8, "Index Cond": "(person_id = n.id)", "Filter": "((note)::text = ANY ('{(producer),\"(executive producer)\"}'::text[]))"}]}, {"Node Type": "Index Scan", "Parent Relationship": "Inner", "Scan Direction": "Forward", "Index Name": "movie_id_movie_info_idx", "Relation Name": "movie_info_idx", "Alias": "mi_idx", "Startup Cost": 0.0, "Total Cost": 0.31, "Plan Rows": 2, "Plan Width": 13, "Index Cond": "(movie_id = ci.movie_id)"}]}]}, {"Node Type": "Index Scan", "Parent Relationship": "Inner", "Scan Direction": "Forward", "Index Name": "movie_id_movie_info", "Relation Name": "movie_info", "Alias": "mi", "Startup Cost": 0.0, "Total Cost": 0.7, "Plan Rows": 5, "Plan Width": 50, "Index Cond": "(movie_id = ci.movie_id)"}]}]}, {"Node Type": "Index Scan", "Parent Relationship": "Inner", "Scan Direction": "Forward", "Index Name": "title_pkey", "Relation Name": "title", "Alias": "t", "Startup Cost": 0.0, "Total Cost": 0.28, "Plan Rows": 1, "Plan Width": 21, "Index Cond": "(id = mi.movie_id)"}]}]}, "Unique SQL Id": 4264520866, "Planner Runtime": 4}, "explain_analyze_plan": null}, "(1, '58')": {"explain_plan": {"Plan": {"Node Type": "Aggregate", "Strategy": "Plain", "Startup Cost": 8878222.84, "Total Cost": 8878222.85, "Plan Rows": 1, "Plan Width": 160, "Plans": [{"Node Type": "Nested Loop", "Parent Relationship": "Outer", "Join Type": "Inner", "Startup Cost": 0.0, "Total Cost": 8878222.78, "Plan Rows": 8, "Plan Width": 64, "Inner Unique": false, "Join Filter": "(mi.movie_id = t.id)", "Plans": [{"Node Type": "Seq Scan", "Parent Relationship": "Outer", "Relation Name": "title", "Alias": "t", "Startup Cost": 0.0, "Total Cost": 60069.11, "Plan Rows": 2528311, "Plan Width": 21}, {"Node Type": "Materialize", "Parent Relationship": "Inner", "Startup Cost": 0.0, "Total Cost": 8476831.71, "Plan Rows": 9, "Plan Width": 59, "Plans": [{"Node Type": "Nested Loop", "Parent Relationship": "Outer", "Join Type": "Inner", "Startup Cost": 0.0, "Total Cost": 8476831.66, "Plan Rows": 9, "Plan Width": 59, "Inner Unique": false, "Join Filter": "(mi_idx.movie_id = mi.movie_id)", "Plans": [{"Node Type": "Nested Loop", "Parent Relationship": "Outer", "Join Type": "Inner", "Startup Cost": 0.0, "Total Cost": 37527.17, "Plan Rows": 345008, "Plan Width": 9, "Inner Unique": false, "Join Filter": "(it2.id = mi_idx.info_type_id), (LLVM Optimized)", "Plans": [{"Node Type": "Seq Scan", "Parent Relationship": "Outer", "Relation Name": "info_type", "Alias": "it2", "Startup Cost": 0.0, "Total Cost": 2.4, "Plan Rows": 1, "Plan Width": 4, "Filter": "((info)::text = 'votes'::text)"}, {"Node Type": "Seq Scan", "Parent Relationship": "Inner", "Relation Name": "movie_info_idx", "Alias": "mi_idx", "Startup Cost": 0.0, "Total Cost": 20274.34, "Plan Rows": 1380034, "Plan Width": 13}]}, {"Node Type": "Materialize", "Parent Relationship": "Inner", "Startup Cost": 0.0, "Total Cost": 8325451.91, "Plan Rows": 22, "Plan Width": 50, "Plans": [{"Node Type": "Nested Loop", "Parent Relationship": "Outer", "Join Type": "Inner", "Startup Cost": 0.0, "Total Cost": 8325451.8, "Plan Rows": 22, "Plan Width": 50, "Inner Unique": false, "Join Filter": "(ci.movie_id = mi.movie_id)", "Plans": [{"Node Type": "Nested Loop", "Parent Relationship": "Outer", "Join Type": "Inner", "Startup Cost": 0.0, "Total Cost": 482864.64, "Plan Rows": 212428, "Plan Width": 46, "Inner Unique": false, "Join Filter": "(it1.id = mi.info_type_id), (LLVM Optimized)", "Plans": [{"Node Type": "Seq Scan", "Parent Relationship": "Outer", "Relation Name": "info_type", "Alias": "it1", "Startup Cost": 0.0, "Total Cost": 2.4, "Plan Rows": 1, "Plan Width": 4, "Filter": "((info)::text = 'budget'::text)"}, {"Node Type": "Seq Scan", "Parent Relationship": "Inner", "Relation Name": "movie_info", "Alias": "mi", "Startup Cost": 0.0, "Total Cost": 296987.66, "Plan Rows": 14869966, "Plan Width": 50}]}, {"Node Type": "Materialize", "Parent Relationship": "Inner", "Startup Cost": 0.0, "Total Cost": 6905780.42, "Plan Rows": 294, "Plan Width": 4, "Plans": [{"Node Type": "Nested Loop", "Parent Relationship": "Outer", "Join Type": "Inner", "Startup Cost": 0.0, "Total Cost": 6905778.95, "Plan Rows": 294, "Plan Width": 4, "Inner Unique": true, "Join Filter": "(ci.person_id = n.id)", "Plans": [{"Node Type": "Seq Scan", "Parent Relationship": "Outer", "Relation Name": "cast_info", "Alias": "ci", "Startup Cost": 0.0, "Total Cost": 692526.68, "Plan Rows": 2350421, "Plan Width": 8, "Filter": "((note)::text = ANY ('{(producer),\"(executive producer)\"}'::text[]))"}, {"Node Type": "Materialize", "Parent Relationship": "Inner", "Startup Cost": 0.0, "Total Cost": 113910.22, "Plan Rows": 173, "Plan Width": 4, "Plans": [{"Node Type": "Seq Scan", "Parent Relationship": "Outer", "Relation Name": "name", "Alias": "n", "Startup Cost": 0.0, "Total Cost": 113909.35, "Plan Rows": 173, "Plan Width": 4, "Filter": "(((name)::text ~~ '%Tim%'::text) AND ((gender)::text = 'm'::text))"}]}]}]}]}]}]}]}]}]}, "Unique SQL Id": 4264520866, "Planner Runtime": 4}, "explain_analyze_plan": null}, "(1, '59')": {"explain_plan": {"Plan": {"Node Type": "Aggregate", "Strategy": "Plain", "Startup Cost": 7000361921196.91, "Total Cost": 7000361921196.92, "Plan Rows": 1, "Plan Width": 160, "Plans": [{"Node Type": "Nested Loop", "Parent Relationship": "Outer", "Join Type": "Inner", "Startup Cost": 70000000000.0, "Total Cost": 7000361921196.85, "Plan Rows": 8, "Plan Width": 64, "Inner Unique": false, "Join Filter": "(mi.movie_id = t.id)", "Plans": [{"Node Type": "Index Scan", "Parent Relationship": "Outer", "Scan Direction": "Forward", "Index Name": "title_pkey", "Relation Name": "title", "Alias": "t", "Startup Cost": 10000000000.0, "Total Cost": 1000011012048.91, "Plan Rows": 2528311, "Plan Width": 21}, {"Node Type": "Materialize", "Parent Relationship": "Inner", "Startup Cost": 60000000000.0, "Total Cost": 6000350567825.98, "Plan Rows": 9, "Plan Width": 59, "Plans": [{"Node Type": "Nested Loop", "Parent Relationship": "Outer", "Join Type": "Inner", "Startup Cost": 60000000000.0, "Total Cost": 6000350567825.93, "Plan Rows": 9, "Plan Width": 59, "Inner Unique": false, "Join Filter": "(mi_idx.movie_id = mi.movie_id)", "Plans": [{"Node Type": "Nested Loop", "Parent Relationship": "Outer", "Join Type": "Inner", "Startup Cost": 20000000000.0, "Total Cost": 2000004672156.88, "Plan Rows": 345008, "Plan Width": 9, "Inner Unique": true, "Join Filter": "(it2.id = mi_idx.info_type_id), (LLVM Optimized)", "Plans": [{"Node Type": "Index Scan", "Parent Relationship": "Outer", "Scan Direction": "Forward", "Index Name": "movie_id_movie_info_idx", "Relation Name": "movie_info_idx", "Alias": "mi_idx", "Startup Cost": 10000000000.0, "Total Cost": 1000004650035.37, "Plan Rows": 1380034, "Plan Width": 13}, {"Node Type": "Materialize", "Parent Relationship": "Inner", "Startup Cost": 10000000000.0, "Total Cost": 1000000001421.0, "Plan Rows": 1, "Plan Width": 4, "Plans": [{"Node Type": "Index Scan", "Parent Relationship": "Outer", "Scan Direction": "Forward", "Index Name": "info_type_pkey", "Relation Name": "info_type", "Alias": "it2", "Startup Cost": 10000000000.0, "Total Cost": 1000000001421.0, "Plan Rows": 1, "Plan Width": 4, "Filter": "((info)::text = 'votes'::text)"}]}]}, {"Node Type": "Materialize", "Parent Relationship": "Inner", "Startup Cost": 40000000000.0, "Total Cost": 4000345781816.47, "Plan Rows": 22, "Plan Width": 50, "Plans": [{"Node Type": "Nested Loop", "Parent Relationship": "Outer", "Join Type": "Inner", "Startup Cost": 40000000000.0, "Total Cost": 4000345781816.36, "Plan Rows": 22, "Plan Width": 50, "Inner Unique": false, "Join Filter": "(ci.movie_id = mi.movie_id)", "Plans": [{"Node Type": "Nested Loop", "Parent Relationship": "Outer", "Join Type": "Inner", "Startup Cost": 20000000000.0, "Total Cost": 2000104041382.71, "Plan Rows": 212428, "Plan Width": 46, "Inner Unique": true, "Join Filter": "(it1.id = mi.info_type_id), (LLVM Optimized)", "Plans": [{"Node Type": "Index Scan", "Parent Relationship": "Outer", "Scan Direction": "Forward", "Index Name": "movie_id_movie_info", "Relation Name": "movie_info", "Alias": "mi", "Startup Cost": 10000000000.0, "Total Cost": 1000103816912.22, "Plan Rows": 14869966, "Plan Width": 50}, {"Node Type": "Materialize", "Parent Relationship": "Inner", "Startup Cost": 10000000000.0, "Total Cost": 1000000001421.0, "Plan Rows": 1, "Plan Width": 4, "Plans": [{"Node Type": "Index Scan", "Parent Relationship": "Outer", "Scan Direction": "Forward", "Index Name": "info_type_pkey", "Relation Name": "info_type", "Alias": "it1", "Startup Cost": 10000000000.0, "Total Cost": 1000000001421.0, "Plan Rows": 1, "Plan Width": 4, "Filter": "((info)::text = 'budget'::text)"}]}]}, {"Node Type": "Materialize", "Parent Relationship": "Inner", "Startup Cost": 20000000000.0, "Total Cost": 2000240803626.91, "Plan Rows": 294, "Plan Width": 4, "Plans": [{"Node Type": "Nested Loop", "Parent Relationship": "Outer", "Join Type": "Inner", "Startup Cost": 20000000000.0, "Total Cost": 2000240803625.44, "Plan Rows": 294, "Plan Width": 4, "Inner Unique": true, "Join Filter": "(ci.person_id = n.id)", "Plans": [{"Node Type": "Index Scan", "Parent Relationship": "Outer", "Scan Direction": "Forward", "Index Name": "movie_id_cast_info", "Relation Name": "cast_info", "Alias": "ci", "Startup Cost": 10000000000.0, "Total Cost": 1000214997262.8, "Plan Rows": 2350421, "Plan Width": 8, "Filter": "((note)::text = ANY ('{(producer),\"(executive producer)\"}'::text[]))"}, {"Node Type": "Materialize", "Parent Relationship": "Inner", "Startup Cost": 10000000000.0, "Total Cost": 1000019707020.57, "Plan Rows": 173, "Plan Width": 4, "Plans": [{"Node Type": "Index Scan", "Parent Relationship": "Outer", "Scan Direction": "Forward", "Index Name": "name_pkey", "Relation Name": "name", "Alias": "n", "Startup Cost": 10000000000.0, "Total Cost": 1000019707019.7, "Plan Rows": 173, "Plan Width": 4, "Filter": "(((name)::text ~~ '%Tim%'::text) AND ((gender)::text = 'm'::text))"}]}]}]}]}]}]}]}]}]}, "Unique SQL Id": 4264520866, "Planner Runtime": 5}, "explain_analyze_plan": null}, "(1, '60')": {"explain_plan": {"Plan": {"Node Type": "Aggregate", "Strategy": "Plain", "Startup Cost": 121503.41, "Total Cost": 121503.42, "Plan Rows": 1, "Plan Width": 160, "Plans": [{"Node Type": "Nested Loop", "Parent Relationship": "Outer", "Join Type": "Inner", "Startup Cost": 0.0, "Total Cost": 121503.35, "Plan Rows": 8, "Plan Width": 64, "Inner Unique": true, "Plans": [{"Node Type": "Nested Loop", "Parent Relationship": "Outer", "Join Type": "Inner", "Startup Cost": 0.0, "Total Cost": 121500.72, "Plan Rows": 9, "Plan Width": 59, "Inner Unique": false, "Join Filter": "(mi.info_type_id = it1.id)", "Plans": [{"Node Type": "Seq Scan", "Parent Relationship": "Outer", "Relation Name": "info_type", "Alias": "it1", "Startup Cost": 0.0, "Total Cost": 2.4, "Plan Rows": 1, "Plan Width": 4, "Filter": "((info)::text = 'budget'::text)"}, {"Node Type": "Nested Loop", "Parent Relationship": "Inner", "Join Type": "Inner", "Startup Cost": 0.0, "Total Cost": 121494.84, "Plan Rows": 279, "Plan Width": 63, "Inner Unique": false, "Join Filter": "(mi_idx.movie_id = mi.movie_id)", "Plans": [{"Node Type": "Nested Loop", "Parent Relationship": "Outer", "Join Type": "Inner", "Startup Cost": 0.0, "Total Cost": 121455.23, "Plan Rows": 52, "Plan Width": 13, "Inner Unique": false, "Join Filter": "(mi_idx.info_type_id = it2.id)", "Plans": [{"Node Type": "Seq Scan", "Parent Relationship": "Outer", "Relation Name": "info_type", "Alias": "it2", "Startup Cost": 0.0, "Total Cost": 2.4, "Plan Rows": 1, "Plan Width": 4, "Filter": "((info)::text = 'votes'::text)"}, {"Node Type": "Nested Loop", "Parent Relationship": "Inner", "Join Type": "Inner", "Startup Cost": 0.0, "Total Cost": 121448.51, "Plan Rows": 346, "Plan Width": 17, "Inner Unique": false, "Plans": [{"Node Type": "Nested Loop", "Parent Relationship": "Outer", "Join Type": "Inner", "Startup Cost": 0.0, "Total Cost": 121351.72, "Plan Rows": 294, "Plan Width": 4, "Inner Unique": false, "Plans": [{"Node Type": "Seq Scan", "Parent Relationship": "Outer", "Relation Name": "name", "Alias": "n", "Startup Cost": 0.0, "Total Cost": 113909.35, "Plan Rows": 173, "Plan Width": 4, "Filter": "(((name)::text ~~ '%Tim%'::text) AND ((gender)::text = 'm'::text))"}, {"Node Type": "Index Scan", "Parent Relationship": "Inner", "Scan Direction": "Forward", "Index Name": "person_id_cast_info", "Relation Name": "cast_info", "Alias": "ci", "Startup Cost": 0.0, "Total Cost": 43.0, "Plan Rows": 2, "Plan Width": 8, "Index Cond": "(person_id = n.id)", "Filter": "((note)::text = ANY ('{(producer),\"(executive producer)\"}'::text[]))"}]}, {"Node Type": "Index Scan", "Parent Relationship": "Inner", "Scan Direction": "Forward", "Index Name": "movie_id_movie_info_idx", "Relation Name": "movie_info_idx", "Alias": "mi_idx", "Startup Cost": 0.0, "Total Cost": 0.31, "Plan Rows": 2, "Plan Width": 13, "Index Cond": "(movie_id = ci.movie_id)"}]}]}, {"Node Type": "Index Scan", "Parent Relationship": "Inner", "Scan Direction": "Forward", "Index Name": "movie_id_movie_info", "Relation Name": "movie_info", "Alias": "mi", "Startup Cost": 0.0, "Total Cost": 0.7, "Plan Rows": 5, "Plan Width": 50, "Index Cond": "(movie_id = ci.movie_id)"}]}]}, {"Node Type": "Index Scan", "Parent Relationship": "Inner", "Scan Direction": "Forward", "Index Name": "title_pkey", "Relation Name": "title", "Alias": "t", "Startup Cost": 0.0, "Total Cost": 0.28, "Plan Rows": 1, "Plan Width": 21, "Index Cond": "(id = mi.movie_id)"}]}]}, "Unique SQL Id": 4264520866, "Planner Runtime": 5}, "explain_analyze_plan": {"Plan": {"Node Type": "Aggregate", "Strategy": "Plain", "Startup Cost": 121503.41, "Total Cost": 121503.42, "Plan Rows": 1, "Plan Width": 160, "Actual Startup Time": 1959.471, "Actual Total Time": 1959.472, "Actual Rows": 1, "Actual Loops": 1, "Plans": [{"Node Type": "Nested Loop", "Parent Relationship": "Outer", "Join Type": "Inner", "Startup Cost": 0.0, "Total Cost": 121503.35, "Plan Rows": 8, "Plan Width": 64, "Actual Startup Time": 0.993, "Actual Total Time": 1958.563, "Actual Rows": 410, "Actual Loops": 1, "Inner Unique": true, "Plans": [{"Node Type": "Nested Loop", "Parent Relationship": "Outer", "Join Type": "Inner", "Startup Cost": 0.0, "Total Cost": 121500.72, "Plan Rows": 9, "Plan Width": 59, "Actual Startup Time": 0.978, "Actual Total Time": 1954.798, "Actual Rows": 410, "Actual Loops": 1, "Inner Unique": false, "Join Filter": "(mi.info_type_id = it1.id)", "Rows Removed by Join Filter": 81998, "Plans": [{"Node Type": "Seq Scan", "Parent Relationship": "Outer", "Relation Name": "info_type", "Alias": "it1", "Startup Cost": 0.0, "Total Cost": 2.4, "Plan Rows": 1, "Plan Width": 4, "Actual Startup Time": 0.061, "Actual Total Time": 0.07, "Actual Rows": 1, "Actual Loops": 1, "Filter": "((info)::text = 'budget'::text)", "Rows Removed by Filter": 111}, {"Node Type": "Nested Loop", "Parent Relationship": "Inner", "Join Type": "Inner", "Startup Cost": 0.0, "Total Cost": 121494.84, "Plan Rows": 279, "Plan Width": 63, "Actual Startup Time": 0.882, "Actual Total Time": 1938.81, "Actual Rows": 82408, "Actual Loops": 1, "Inner Unique": false, "Join Filter": "(mi_idx.movie_id = mi.movie_id)", "Rows Removed by Join Filter": 0, "Plans": [{"Node Type": "Nested Loop", "Parent Relationship": "Outer", "Join Type": "Inner", "Startup Cost": 0.0, "Total Cost": 121455.23, "Plan Rows": 52, "Plan Width": 13, "Actual Startup Time": 0.866, "Actual Total Time": 1825.186, "Actual Rows": 3435, "Actual Loops": 1, "Inner Unique": false, "Join Filter": "(mi_idx.info_type_id = it2.id)", "Rows Removed by Join Filter": 6875, "Plans": [{"Node Type": "Seq Scan", "Parent Relationship": "Outer", "Relation Name": "info_type", "Alias": "it2", "Startup Cost": 0.0, "Total Cost": 2.4, "Plan Rows": 1, "Plan Width": 4, "Actual Startup Time": 0.041, "Actual Total Time": 0.053, "Actual Rows": 1, "Actual Loops": 1, "Filter": "((info)::text = 'votes'::text)", "Rows Removed by Filter": 111}, {"Node Type": "Nested Loop", "Parent Relationship": "Inner", "Join Type": "Inner", "Startup Cost": 0.0, "Total Cost": 121448.51, "Plan Rows": 346, "Plan Width": 17, "Actual Startup Time": 0.819, "Actual Total Time": 1822.36, "Actual Rows": 10310, "Actual Loops": 1, "Inner Unique": false, "Plans": [{"Node Type": "Nested Loop", "Parent Relationship": "Outer", "Join Type": "Inner", "Startup Cost": 0.0, "Total Cost": 121351.72, "Plan Rows": 294, "Plan Width": 4, "Actual Startup Time": 0.804, "Actual Total Time": 1787.161, "Actual Rows": 6719, "Actual Loops": 1, "Inner Unique": false, "Plans": [{"Node Type": "Seq Scan", "Parent Relationship": "Outer", "Relation Name": "name", "Alias": "n", "Startup Cost": 0.0, "Total Cost": 113909.35, "Plan Rows": 173, "Plan Width": 4, "Actual Startup Time": 0.234, "Actual Total Time": 1655.099, "Actual Rows": 9062, "Actual Loops": 1, "Filter": "(((name)::text ~~ '%Tim%'::text) AND ((gender)::text = 'm'::text))", "Rows Removed by Filter": 4158428}, {"Node Type": "Index Scan", "Parent Relationship": "Inner", "Scan Direction": "Forward", "Index Name": "person_id_cast_info", "Relation Name": "cast_info", "Alias": "ci", "Startup Cost": 0.0, "Total Cost": 43.0, "Plan Rows": 2, "Plan Width": 8, "Actual Startup Time": 106.12, "Actual Total Time": 124.962, "Actual Rows": 6719, "Actual Loops": 9062, "Index Cond": "(person_id = n.id)", "Rows Removed by Index Recheck": 0, "Filter": "((note)::text = ANY ('{(producer),\"(executive producer)\"}'::text[]))", "Rows Removed by Filter": 89309}]}, {"Node Type": "Index Scan", "Parent Relationship": "Inner", "Scan Direction": "Forward", "Index Name": "movie_id_movie_info_idx", "Relation Name": "movie_info_idx", "Alias": "mi_idx", "Startup Cost": 0.0, "Total Cost": 0.31, "Plan Rows": 2, "Plan Width": 13, "Actual Startup Time": 25.285, "Actual Total Time": 29.273, "Actual Rows": 10310, "Actual Loops": 6719, "Index Cond": "(movie_id = ci.movie_id)", "Rows Removed by Index Recheck": 0}]}]}, {"Node Type": "Index Scan", "Parent Relationship": "Inner", "Scan Direction": "Forward", "Index Name": "movie_id_movie_info", "Relation Name": "movie_info", "Alias": "mi", "Startup Cost": 0.0, "Total Cost": 0.7, "Plan Rows": 5, "Plan Width": 50, "Actual Startup Time": 21.854, "Actual Total Time": 84.199, "Actual Rows": 82408, "Actual Loops": 3435, "Index Cond": "(movie_id = ci.movie_id)", "Rows Removed by Index Recheck": 0}]}]}, {"Node Type": "Index Scan", "Parent Relationship": "Inner", "Scan Direction": "Forward", "Index Name": "title_pkey", "Relation Name": "title", "Alias": "t", "Startup Cost": 0.0, "Total Cost": 0.28, "Plan Rows": 1, "Plan Width": 21, "Actual Startup Time": 3.207, "Actual Total Time": 3.207, "Actual Rows": 410, "Actual Loops": 410, "Index Cond": "(id = mi.movie_id)", "Rows Removed by Index Recheck": 0}]}]}, "Triggers": [], "Planner Runtime": 5.082, "Total Runtime": 1959.729, "Unique SQL Id": 4264520866}}, "(1, '61')": {"explain_plan": {"Plan": {"Node Type": "Aggregate", "Strategy": "Plain", "Startup Cost": 204687.88, "Total Cost": 204687.89, "Plan Rows": 1, "Plan Width": 160, "Plans": [{"Node Type": "Nested Loop", "Parent Relationship": "Outer", "Join Type": "Inner", "Startup Cost": 0.0, "Total Cost": 204687.82, "Plan Rows": 8, "Plan Width": 64, "Inner Unique": true, "Plans": [{"Node Type": "Nested Loop", "Parent Relationship": "Outer", "Join Type": "Inner", "Startup Cost": 0.0, "Total Cost": 204685.19, "Plan Rows": 9, "Plan Width": 59, "Inner Unique": false, "Join Filter": "(mi.info_type_id = it1.id)", "Plans": [{"Node Type": "Index Scan", "Parent Relationship": "Outer", "Scan Direction": "Forward", "Index Name": "info_type_pkey", "Relation Name": "info_type", "Alias": "it1", "Startup Cost": 0.0, "Total Cost": 14.21, "Plan Rows": 1, "Plan Width": 4, "Filter": "((info)::text = 'budget'::text)"}, {"Node Type": "Nested Loop", "Parent Relationship": "Inner", "Join Type": "Inner", "Startup Cost": 0.0, "Total Cost": 204667.49, "Plan Rows": 279, "Plan Width": 63, "Inner Unique": false, "Join Filter": "(mi_idx.movie_id = mi.movie_id)", "Plans": [{"Node Type": "Nested Loop", "Parent Relationship": "Outer", "Join Type": "Inner", "Startup Cost": 0.0, "Total Cost": 204627.89, "Plan Rows": 52, "Plan Width": 13, "Inner Unique": false, "Join Filter": "(mi_idx.info_type_id = it2.id)", "Plans": [{"Node Type": "Index Scan", "Parent Relationship": "Outer", "Scan Direction": "Forward", "Index Name": "info_type_pkey", "Relation Name": "info_type", "Alias": "it2", "Startup Cost": 0.0, "Total Cost": 14.21, "Plan Rows": 1, "Plan Width": 4, "Filter": "((info)::text = 'votes'::text)"}, {"Node Type": "Nested Loop", "Parent Relationship": "Inner", "Join Type": "Inner", "Startup Cost": 0.0, "Total Cost": 204609.36, "Plan Rows": 346, "Plan Width": 17, "Inner Unique": false, "Plans": [{"Node Type": "Nested Loop", "Parent Relationship": "Outer", "Join Type": "Inner", "Startup Cost": 0.0, "Total Cost": 204512.56, "Plan Rows": 294, "Plan Width": 4, "Inner Unique": false, "Plans": [{"Node Type": "Index Scan", "Parent Relationship": "Outer", "Scan Direction": "Forward", "Index Name": "name_pkey", "Relation Name": "name", "Alias": "n", "Startup Cost": 0.0, "Total Cost": 197070.2, "Plan Rows": 173, "Plan Width": 4, "Filter": "(((name)::text ~~ '%Tim%'::text) AND ((gender)::text = 'm'::text))"}, {"Node Type": "Index Scan", "Parent Relationship": "Inner", "Scan Direction": "Forward", "Index Name": "person_id_cast_info", "Relation Name": "cast_info", "Alias": "ci", "Startup Cost": 0.0, "Total Cost": 43.0, "Plan Rows": 2, "Plan Width": 8, "Index Cond": "(person_id = n.id)", "Filter": "((note)::text = ANY ('{(producer),\"(executive producer)\"}'::text[]))"}]}, {"Node Type": "Index Scan", "Parent Relationship": "Inner", "Scan Direction": "Forward", "Index Name": "movie_id_movie_info_idx", "Relation Name": "movie_info_idx", "Alias": "mi_idx", "Startup Cost": 0.0, "Total Cost": 0.31, "Plan Rows": 2, "Plan Width": 13, "Index Cond": "(movie_id = ci.movie_id)"}]}]}, {"Node Type": "Index Scan", "Parent Relationship": "Inner", "Scan Direction": "Forward", "Index Name": "movie_id_movie_info", "Relation Name": "movie_info", "Alias": "mi", "Startup Cost": 0.0, "Total Cost": 0.7, "Plan Rows": 5, "Plan Width": 50, "Index Cond": "(movie_id = ci.movie_id)"}]}]}, {"Node Type": "Index Scan", "Parent Relationship": "Inner", "Scan Direction": "Forward", "Index Name": "title_pkey", "Relation Name": "title", "Alias": "t", "Startup Cost": 0.0, "Total Cost": 0.28, "Plan Rows": 1, "Plan Width": 21, "Index Cond": "(id = mi.movie_id)"}]}]}, "Unique SQL Id": 4264520866, "Planner Runtime": 4}, "explain_analyze_plan": null}, "(1, '62')": {"explain_plan": {"Plan": {"Node Type": "Aggregate", "Strategy": "Plain", "Startup Cost": 8878222.84, "Total Cost": 8878222.85, "Plan Rows": 1, "Plan Width": 160, "Plans": [{"Node Type": "Nested Loop", "Parent Relationship": "Outer", "Join Type": "Inner", "Startup Cost": 0.0, "Total Cost": 8878222.78, "Plan Rows": 8, "Plan Width": 64, "Inner Unique": false, "Join Filter": "(mi.movie_id = t.id)", "Plans": [{"Node Type": "Seq Scan", "Parent Relationship": "Outer", "Relation Name": "title", "Alias": "t", "Startup Cost": 0.0, "Total Cost": 60069.11, "Plan Rows": 2528311, "Plan Width": 21}, {"Node Type": "Materialize", "Parent Relationship": "Inner", "Startup Cost": 0.0, "Total Cost": 8476831.71, "Plan Rows": 9, "Plan Width": 59, "Plans": [{"Node Type": "Nested Loop", "Parent Relationship": "Outer", "Join Type": "Inner", "Startup Cost": 0.0, "Total Cost": 8476831.66, "Plan Rows": 9, "Plan Width": 59, "Inner Unique": false, "Join Filter": "(mi_idx.movie_id = mi.movie_id)", "Plans": [{"Node Type": "Nested Loop", "Parent Relationship": "Outer", "Join Type": "Inner", "Startup Cost": 0.0, "Total Cost": 37527.17, "Plan Rows": 345008, "Plan Width": 9, "Inner Unique": false, "Join Filter": "(it2.id = mi_idx.info_type_id), (LLVM Optimized)", "Plans": [{"Node Type": "Seq Scan", "Parent Relationship": "Outer", "Relation Name": "info_type", "Alias": "it2", "Startup Cost": 0.0, "Total Cost": 2.4, "Plan Rows": 1, "Plan Width": 4, "Filter": "((info)::text = 'votes'::text)"}, {"Node Type": "Seq Scan", "Parent Relationship": "Inner", "Relation Name": "movie_info_idx", "Alias": "mi_idx", "Startup Cost": 0.0, "Total Cost": 20274.34, "Plan Rows": 1380034, "Plan Width": 13}]}, {"Node Type": "Materialize", "Parent Relationship": "Inner", "Startup Cost": 0.0, "Total Cost": 8325451.91, "Plan Rows": 22, "Plan Width": 50, "Plans": [{"Node Type": "Nested Loop", "Parent Relationship": "Outer", "Join Type": "Inner", "Startup Cost": 0.0, "Total Cost": 8325451.8, "Plan Rows": 22, "Plan Width": 50, "Inner Unique": false, "Join Filter": "(ci.movie_id = mi.movie_id)", "Plans": [{"Node Type": "Nested Loop", "Parent Relationship": "Outer", "Join Type": "Inner", "Startup Cost": 0.0, "Total Cost": 482864.64, "Plan Rows": 212428, "Plan Width": 46, "Inner Unique": false, "Join Filter": "(it1.id = mi.info_type_id), (LLVM Optimized)", "Plans": [{"Node Type": "Seq Scan", "Parent Relationship": "Outer", "Relation Name": "info_type", "Alias": "it1", "Startup Cost": 0.0, "Total Cost": 2.4, "Plan Rows": 1, "Plan Width": 4, "Filter": "((info)::text = 'budget'::text)"}, {"Node Type": "Seq Scan", "Parent Relationship": "Inner", "Relation Name": "movie_info", "Alias": "mi", "Startup Cost": 0.0, "Total Cost": 296987.66, "Plan Rows": 14869966, "Plan Width": 50}]}, {"Node Type": "Materialize", "Parent Relationship": "Inner", "Startup Cost": 0.0, "Total Cost": 6905780.42, "Plan Rows": 294, "Plan Width": 4, "Plans": [{"Node Type": "Nested Loop", "Parent Relationship": "Outer", "Join Type": "Inner", "Startup Cost": 0.0, "Total Cost": 6905778.95, "Plan Rows": 294, "Plan Width": 4, "Inner Unique": true, "Join Filter": "(ci.person_id = n.id)", "Plans": [{"Node Type": "Seq Scan", "Parent Relationship": "Outer", "Relation Name": "cast_info", "Alias": "ci", "Startup Cost": 0.0, "Total Cost": 692526.68, "Plan Rows": 2350421, "Plan Width": 8, "Filter": "((note)::text = ANY ('{(producer),\"(executive producer)\"}'::text[]))"}, {"Node Type": "Materialize", "Parent Relationship": "Inner", "Startup Cost": 0.0, "Total Cost": 113910.22, "Plan Rows": 173, "Plan Width": 4, "Plans": [{"Node Type": "Seq Scan", "Parent Relationship": "Outer", "Relation Name": "name", "Alias": "n", "Startup Cost": 0.0, "Total Cost": 113909.35, "Plan Rows": 173, "Plan Width": 4, "Filter": "(((name)::text ~~ '%Tim%'::text) AND ((gender)::text = 'm'::text))"}]}]}]}]}]}]}]}]}]}, "Unique SQL Id": 4264520866, "Planner Runtime": 4}, "explain_analyze_plan": null}, "(1, '63')": {"explain_plan": {"Plan": {"Node Type": "Aggregate", "Strategy": "Plain", "Startup Cost": 7000361921196.91, "Total Cost": 7000361921196.92, "Plan Rows": 1, "Plan Width": 160, "Plans": [{"Node Type": "Nested Loop", "Parent Relationship": "Outer", "Join Type": "Inner", "Startup Cost": 70000000000.0, "Total Cost": 7000361921196.85, "Plan Rows": 8, "Plan Width": 64, "Inner Unique": false, "Join Filter": "(mi.movie_id = t.id)", "Plans": [{"Node Type": "Index Scan", "Parent Relationship": "Outer", "Scan Direction": "Forward", "Index Name": "title_pkey", "Relation Name": "title", "Alias": "t", "Startup Cost": 10000000000.0, "Total Cost": 1000011012048.91, "Plan Rows": 2528311, "Plan Width": 21}, {"Node Type": "Materialize", "Parent Relationship": "Inner", "Startup Cost": 60000000000.0, "Total Cost": 6000350567825.98, "Plan Rows": 9, "Plan Width": 59, "Plans": [{"Node Type": "Nested Loop", "Parent Relationship": "Outer", "Join Type": "Inner", "Startup Cost": 60000000000.0, "Total Cost": 6000350567825.93, "Plan Rows": 9, "Plan Width": 59, "Inner Unique": false, "Join Filter": "(mi_idx.movie_id = mi.movie_id)", "Plans": [{"Node Type": "Nested Loop", "Parent Relationship": "Outer", "Join Type": "Inner", "Startup Cost": 20000000000.0, "Total Cost": 2000004672156.88, "Plan Rows": 345008, "Plan Width": 9, "Inner Unique": true, "Join Filter": "(it2.id = mi_idx.info_type_id), (LLVM Optimized)", "Plans": [{"Node Type": "Index Scan", "Parent Relationship": "Outer", "Scan Direction": "Forward", "Index Name": "movie_id_movie_info_idx", "Relation Name": "movie_info_idx", "Alias": "mi_idx", "Startup Cost": 10000000000.0, "Total Cost": 1000004650035.37, "Plan Rows": 1380034, "Plan Width": 13}, {"Node Type": "Materialize", "Parent Relationship": "Inner", "Startup Cost": 10000000000.0, "Total Cost": 1000000001421.0, "Plan Rows": 1, "Plan Width": 4, "Plans": [{"Node Type": "Index Scan", "Parent Relationship": "Outer", "Scan Direction": "Forward", "Index Name": "info_type_pkey", "Relation Name": "info_type", "Alias": "it2", "Startup Cost": 10000000000.0, "Total Cost": 1000000001421.0, "Plan Rows": 1, "Plan Width": 4, "Filter": "((info)::text = 'votes'::text)"}]}]}, {"Node Type": "Materialize", "Parent Relationship": "Inner", "Startup Cost": 40000000000.0, "Total Cost": 4000345781816.47, "Plan Rows": 22, "Plan Width": 50, "Plans": [{"Node Type": "Nested Loop", "Parent Relationship": "Outer", "Join Type": "Inner", "Startup Cost": 40000000000.0, "Total Cost": 4000345781816.36, "Plan Rows": 22, "Plan Width": 50, "Inner Unique": false, "Join Filter": "(ci.movie_id = mi.movie_id)", "Plans": [{"Node Type": "Nested Loop", "Parent Relationship": "Outer", "Join Type": "Inner", "Startup Cost": 20000000000.0, "Total Cost": 2000104041382.71, "Plan Rows": 212428, "Plan Width": 46, "Inner Unique": true, "Join Filter": "(it1.id = mi.info_type_id), (LLVM Optimized)", "Plans": [{"Node Type": "Index Scan", "Parent Relationship": "Outer", "Scan Direction": "Forward", "Index Name": "movie_id_movie_info", "Relation Name": "movie_info", "Alias": "mi", "Startup Cost": 10000000000.0, "Total Cost": 1000103816912.22, "Plan Rows": 14869966, "Plan Width": 50}, {"Node Type": "Materialize", "Parent Relationship": "Inner", "Startup Cost": 10000000000.0, "Total Cost": 1000000001421.0, "Plan Rows": 1, "Plan Width": 4, "Plans": [{"Node Type": "Index Scan", "Parent Relationship": "Outer", "Scan Direction": "Forward", "Index Name": "info_type_pkey", "Relation Name": "info_type", "Alias": "it1", "Startup Cost": 10000000000.0, "Total Cost": 1000000001421.0, "Plan Rows": 1, "Plan Width": 4, "Filter": "((info)::text = 'budget'::text)"}]}]}, {"Node Type": "Materialize", "Parent Relationship": "Inner", "Startup Cost": 20000000000.0, "Total Cost": 2000240803626.91, "Plan Rows": 294, "Plan Width": 4, "Plans": [{"Node Type": "Nested Loop", "Parent Relationship": "Outer", "Join Type": "Inner", "Startup Cost": 20000000000.0, "Total Cost": 2000240803625.44, "Plan Rows": 294, "Plan Width": 4, "Inner Unique": true, "Join Filter": "(ci.person_id = n.id)", "Plans": [{"Node Type": "Index Scan", "Parent Relationship": "Outer", "Scan Direction": "Forward", "Index Name": "movie_id_cast_info", "Relation Name": "cast_info", "Alias": "ci", "Startup Cost": 10000000000.0, "Total Cost": 1000214997262.8, "Plan Rows": 2350421, "Plan Width": 8, "Filter": "((note)::text = ANY ('{(producer),\"(executive producer)\"}'::text[]))"}, {"Node Type": "Materialize", "Parent Relationship": "Inner", "Startup Cost": 10000000000.0, "Total Cost": 1000019707020.57, "Plan Rows": 173, "Plan Width": 4, "Plans": [{"Node Type": "Index Scan", "Parent Relationship": "Outer", "Scan Direction": "Forward", "Index Name": "name_pkey", "Relation Name": "name", "Alias": "n", "Startup Cost": 10000000000.0, "Total Cost": 1000019707019.7, "Plan Rows": 173, "Plan Width": 4, "Filter": "(((name)::text ~~ '%Tim%'::text) AND ((gender)::text = 'm'::text))"}]}]}]}]}]}]}]}]}]}, "Unique SQL Id": 4264520866, "Planner Runtime": 4}, "explain_analyze_plan": null}, "(1, '64')": {"explain_plan": {"Plan": {"Node Type": "Aggregate", "Strategy": "Plain", "Startup Cost": 121801.41, "Total Cost": 121801.42, "Plan Rows": 1, "Plan Width": 160, "Plans": [{"Node Type": "Nested Loop", "Parent Relationship": "Outer", "Join Type": "Inner", "Startup Cost": 0.0, "Total Cost": 121801.34, "Plan Rows": 9, "Plan Width": 64, "Inner Unique": true, "Plans": [{"Node Type": "Nested Loop", "Parent Relationship": "Outer", "Join Type": "Inner", "Startup Cost": 0.0, "Total Cost": 121798.71, "Plan Rows": 9, "Plan Width": 59, "Inner Unique": true, "Plans": [{"Node Type": "Nested Loop", "Parent Relationship": "Outer", "Join Type": "Inner", "Startup Cost": 0.0, "Total Cost": 121719.89, "Plan Rows": 279, "Plan Width": 63, "Inner Unique": false, "Join Filter": "(mi_idx.movie_id = mi.movie_id)", "Plans": [{"Node Type": "Nested Loop", "Parent Relationship": "Outer", "Join Type": "Inner", "Startup Cost": 0.0, "Total Cost": 121546.26, "Plan Rows": 228, "Plan Width": 13, "Inner Unique": true, "Plans": [{"Node Type": "Nested Loop", "Parent Relationship": "Outer", "Join Type": "Inner", "Startup Cost": 0.0, "Total Cost": 121448.51, "Plan Rows": 346, "Plan Width": 17, "Inner Unique": false, "Plans": [{"Node Type": "Nested Loop", "Parent Relationship": "Outer", "Join Type": "Inner", "Startup Cost": 0.0, "Total Cost": 121351.72, "Plan Rows": 294, "Plan Width": 4, "Inner Unique": false, "Plans": [{"Node Type": "Seq Scan", "Parent Relationship": "Outer", "Relation Name": "name", "Alias": "n", "Startup Cost": 0.0, "Total Cost": 113909.35, "Plan Rows": 173, "Plan Width": 4, "Filter": "(((name)::text ~~ '%Tim%'::text) AND ((gender)::text = 'm'::text))"}, {"Node Type": "Index Scan", "Parent Relationship": "Inner", "Scan Direction": "Forward", "Index Name": "person_id_cast_info", "Relation Name": "cast_info", "Alias": "ci", "Startup Cost": 0.0, "Total Cost": 43.0, "Plan Rows": 2, "Plan Width": 8, "Index Cond": "(person_id = n.id)", "Filter": "((note)::text = ANY ('{(producer),\"(executive producer)\"}'::text[]))"}]}, {"Node Type": "Index Scan", "Parent Relationship": "Inner", "Scan Direction": "Forward", "Index Name": "movie_id_movie_info_idx", "Relation Name": "movie_info_idx", "Alias": "mi_idx", "Startup Cost": 0.0, "Total Cost": 0.31, "Plan Rows": 2, "Plan Width": 13, "Index Cond": "(movie_id = ci.movie_id)"}]}, {"Node Type": "Index Scan", "Parent Relationship": "Inner", "Scan Direction": "Forward", "Index Name": "info_type_pkey", "Relation Name": "info_type", "Alias": "it2", "Startup Cost": 0.0, "Total Cost": 0.27, "Plan Rows": 1, "Plan Width": 4, "Index Cond": "(id = mi_idx.info_type_id)", "Filter": "((info)::text = 'votes'::text)"}]}, {"Node Type": "Index Scan", "Parent Relationship": "Inner", "Scan Direction": "Forward", "Index Name": "movie_id_movie_info", "Relation Name": "movie_info", "Alias": "mi", "Startup Cost": 0.0, "Total Cost": 0.7, "Plan Rows": 5, "Plan Width": 50, "Index Cond": "(movie_id = ci.movie_id)"}]}, {"Node Type": "Index Scan", "Parent Relationship": "Inner", "Scan Direction": "Forward", "Index Name": "info_type_pkey", "Relation Name": "info_type", "Alias": "it1", "Startup Cost": 0.0, "Total Cost": 0.27, "Plan Rows": 1, "Plan Width": 4, "Index Cond": "(id = mi.info_type_id)", "Filter": "((info)::text = 'budget'::text)"}]}, {"Node Type": "Index Scan", "Parent Relationship": "Inner", "Scan Direction": "Forward", "Index Name": "title_pkey", "Relation Name": "title", "Alias": "t", "Startup Cost": 0.0, "Total Cost": 0.28, "Plan Rows": 1, "Plan Width": 21, "Index Cond": "(id = mi.movie_id)"}]}]}, "Unique SQL Id": 4264520866, "Planner Runtime": 38}, "explain_analyze_plan": {"Plan": {"Node Type": "Aggregate", "Strategy": "Plain", "Startup Cost": 121801.41, "Total Cost": 121801.42, "Plan Rows": 1, "Plan Width": 160, "Actual Startup Time": 2151.64, "Actual Total Time": 2151.64, "Actual Rows": 1, "Actual Loops": 1, "Plans": [{"Node Type": "Nested Loop", "Parent Relationship": "Outer", "Join Type": "Inner", "Startup Cost": 0.0, "Total Cost": 121801.34, "Plan Rows": 9, "Plan Width": 64, "Actual Startup Time": 0.939, "Actual Total Time": 2150.702, "Actual Rows": 410, "Actual Loops": 1, "Inner Unique": true, "Plans": [{"Node Type": "Nested Loop", "Parent Relationship": "Outer", "Join Type": "Inner", "Startup Cost": 0.0, "Total Cost": 121798.71, "Plan Rows": 9, "Plan Width": 59, "Actual Startup Time": 0.92, "Actual Total Time": 2146.514, "Actual Rows": 410, "Actual Loops": 1, "Inner Unique": true, "Plans": [{"Node Type": "Nested Loop", "Parent Relationship": "Outer", "Join Type": "Inner", "Startup Cost": 0.0, "Total Cost": 121719.89, "Plan Rows": 279, "Plan Width": 63, "Actual Startup Time": 0.842, "Actual Total Time": 1964.017, "Actual Rows": 82408, "Actual Loops": 1, "Inner Unique": false, "Join Filter": "(mi_idx.movie_id = mi.movie_id)", "Rows Removed by Join Filter": 0, "Plans": [{"Node Type": "Nested Loop", "Parent Relationship": "Outer", "Join Type": "Inner", "Startup Cost": 0.0, "Total Cost": 121546.26, "Plan Rows": 228, "Plan Width": 13, "Actual Startup Time": 0.82, "Actual Total Time": 1833.517, "Actual Rows": 3435, "Actual Loops": 1, "Inner Unique": true, "Plans": [{"Node Type": "Nested Loop", "Parent Relationship": "Outer", "Join Type": "Inner", "Startup Cost": 0.0, "Total Cost": 121448.51, "Plan Rows": 346, "Plan Width": 17, "Actual Startup Time": 0.809, "Actual Total Time": 1807.574, "Actual Rows": 10310, "Actual Loops": 1, "Inner Unique": false, "Plans": [{"Node Type": "Nested Loop", "Parent Relationship": "Outer", "Join Type": "Inner", "Startup Cost": 0.0, "Total Cost": 121351.72, "Plan Rows": 294, "Plan Width": 4, "Actual Startup Time": 0.794, "Actual Total Time": 1770.353, "Actual Rows": 6719, "Actual Loops": 1, "Inner Unique": false, "Plans": [{"Node Type": "Seq Scan", "Parent Relationship": "Outer", "Relation Name": "name", "Alias": "n", "Startup Cost": 0.0, "Total Cost": 113909.35, "Plan Rows": 173, "Plan Width": 4, "Actual Startup Time": 0.245, "Actual Total Time": 1637.624, "Actual Rows": 9062, "Actual Loops": 1, "Filter": "(((name)::text ~~ '%Tim%'::text) AND ((gender)::text = 'm'::text))", "Rows Removed by Filter": 4158428}, {"Node Type": "Index Scan", "Parent Relationship": "Inner", "Scan Direction": "Forward", "Index Name": "person_id_cast_info", "Relation Name": "cast_info", "Alias": "ci", "Startup Cost": 0.0, "Total Cost": 43.0, "Plan Rows": 2, "Plan Width": 8, "Actual Startup Time": 106.784, "Actual Total Time": 125.753, "Actual Rows": 6719, "Actual Loops": 9062, "Index Cond": "(person_id = n.id)", "Rows Removed by Index Recheck": 0, "Filter": "((note)::text = ANY ('{(producer),\"(executive producer)\"}'::text[]))", "Rows Removed by Filter": 89309}]}, {"Node Type": "Index Scan", "Parent Relationship": "Inner", "Scan Direction": "Forward", "Index Name": "movie_id_movie_info_idx", "Relation Name": "movie_info_idx", "Alias": "mi_idx", "Startup Cost": 0.0, "Total Cost": 0.31, "Plan Rows": 2, "Plan Width": 13, "Actual Startup Time": 26.866, "Actual Total Time": 30.86, "Actual Rows": 10310, "Actual Loops": 6719, "Index Cond": "(movie_id = ci.movie_id)", "Rows Removed by Index Recheck": 0}]}, {"Node Type": "Index Scan", "Parent Relationship": "Inner", "Scan Direction": "Forward", "Index Name": "info_type_pkey", "Relation Name": "info_type", "Alias": "it2", "Startup Cost": 0.0, "Total Cost": 0.27, "Plan Rows": 1, "Plan Width": 4, "Actual Startup Time": 19.749, "Actual Total Time": 19.749, "Actual Rows": 3435, "Actual Loops": 10310, "Index Cond": "(id = mi_idx.info_type_id)", "Rows Removed by Index Recheck": 0, "Filter": "((info)::text = 'votes'::text)", "Rows Removed by Filter": 6875}]}, {"Node Type": "Index Scan", "Parent Relationship": "Inner", "Scan Direction": "Forward", "Index Name": "movie_id_movie_info", "Relation Name": "movie_info", "Alias": "mi", "Startup Cost": 0.0, "Total Cost": 0.7, "Plan Rows": 5, "Plan Width": 50, "Actual Startup Time": 24.383, "Actual Total Time": 98.513, "Actual Rows": 82408, "Actual Loops": 3435, "Index Cond": "(movie_id = ci.movie_id)", "Rows Removed by Index Recheck": 0}]}, {"Node Type": "Index Scan", "Parent Relationship": "Inner", "Scan Direction": "Forward", "Index Name": "info_type_pkey", "Relation Name": "info_type", "Alias": "it1", "Startup Cost": 0.0, "Total Cost": 0.27, "Plan Rows": 1, "Plan Width": 4, "Actual Startup Time": 144.413, "Actual Total Time": 144.413, "Actual Rows": 410, "Actual Loops": 82408, "Index Cond": "(id = mi.info_type_id)", "Rows Removed by Index Recheck": 0, "Filter": "((info)::text = 'budget'::text)", "Rows Removed by Filter": 79844}]}, {"Node Type": "Index Scan", "Parent Relationship": "Inner", "Scan Direction": "Forward", "Index Name": "title_pkey", "Relation Name": "title", "Alias": "t", "Startup Cost": 0.0, "Total Cost": 0.28, "Plan Rows": 1, "Plan Width": 21, "Actual Startup Time": 3.547, "Actual Total Time": 3.547, "Actual Rows": 410, "Actual Loops": 410, "Index Cond": "(id = mi.movie_id)", "Rows Removed by Index Recheck": 0}]}]}, "Triggers": [], "Planner Runtime": 37.989, "Total Runtime": 2151.963, "Unique SQL Id": 4264520866}}, "(1, '65')": {"explain_plan": {"Plan": {"Node Type": "Aggregate", "Strategy": "Plain", "Startup Cost": 204962.25, "Total Cost": 204962.26, "Plan Rows": 1, "Plan Width": 160, "Plans": [{"Node Type": "Nested Loop", "Parent Relationship": "Outer", "Join Type": "Inner", "Startup Cost": 0.0, "Total Cost": 204962.19, "Plan Rows": 9, "Plan Width": 64, "Inner Unique": true, "Plans": [{"Node Type": "Nested Loop", "Parent Relationship": "Outer", "Join Type": "Inner", "Startup Cost": 0.0, "Total Cost": 204959.56, "Plan Rows": 9, "Plan Width": 59, "Inner Unique": true, "Plans": [{"Node Type": "Nested Loop", "Parent Relationship": "Outer", "Join Type": "Inner", "Startup Cost": 0.0, "Total Cost": 204880.74, "Plan Rows": 279, "Plan Width": 63, "Inner Unique": false, "Join Filter": "(mi_idx.movie_id = mi.movie_id)", "Plans": [{"Node Type": "Nested Loop", "Parent Relationship": "Outer", "Join Type": "Inner", "Startup Cost": 0.0, "Total Cost": 204707.1, "Plan Rows": 228, "Plan Width": 13, "Inner Unique": true, "Plans": [{"Node Type": "Nested Loop", "Parent Relationship": "Outer", "Join Type": "Inner", "Startup Cost": 0.0, "Total Cost": 204609.36, "Plan Rows": 346, "Plan Width": 17, "Inner Unique": false, "Plans": [{"Node Type": "Nested Loop", "Parent Relationship": "Outer", "Join Type": "Inner", "Startup Cost": 0.0, "Total Cost": 204512.56, "Plan Rows": 294, "Plan Width": 4, "Inner Unique": false, "Plans": [{"Node Type": "Index Scan", "Parent Relationship": "Outer", "Scan Direction": "Forward", "Index Name": "name_pkey", "Relation Name": "name", "Alias": "n", "Startup Cost": 0.0, "Total Cost": 197070.2, "Plan Rows": 173, "Plan Width": 4, "Filter": "(((name)::text ~~ '%Tim%'::text) AND ((gender)::text = 'm'::text))"}, {"Node Type": "Index Scan", "Parent Relationship": "Inner", "Scan Direction": "Forward", "Index Name": "person_id_cast_info", "Relation Name": "cast_info", "Alias": "ci", "Startup Cost": 0.0, "Total Cost": 43.0, "Plan Rows": 2, "Plan Width": 8, "Index Cond": "(person_id = n.id)", "Filter": "((note)::text = ANY ('{(producer),\"(executive producer)\"}'::text[]))"}]}, {"Node Type": "Index Scan", "Parent Relationship": "Inner", "Scan Direction": "Forward", "Index Name": "movie_id_movie_info_idx", "Relation Name": "movie_info_idx", "Alias": "mi_idx", "Startup Cost": 0.0, "Total Cost": 0.31, "Plan Rows": 2, "Plan Width": 13, "Index Cond": "(movie_id = ci.movie_id)"}]}, {"Node Type": "Index Scan", "Parent Relationship": "Inner", "Scan Direction": "Forward", "Index Name": "info_type_pkey", "Relation Name": "info_type", "Alias": "it2", "Startup Cost": 0.0, "Total Cost": 0.27, "Plan Rows": 1, "Plan Width": 4, "Index Cond": "(id = mi_idx.info_type_id)", "Filter": "((info)::text = 'votes'::text)"}]}, {"Node Type": "Index Scan", "Parent Relationship": "Inner", "Scan Direction": "Forward", "Index Name": "movie_id_movie_info", "Relation Name": "movie_info", "Alias": "mi", "Startup Cost": 0.0, "Total Cost": 0.7, "Plan Rows": 5, "Plan Width": 50, "Index Cond": "(movie_id = ci.movie_id)"}]}, {"Node Type": "Index Scan", "Parent Relationship": "Inner", "Scan Direction": "Forward", "Index Name": "info_type_pkey", "Relation Name": "info_type", "Alias": "it1", "Startup Cost": 0.0, "Total Cost": 0.27, "Plan Rows": 1, "Plan Width": 4, "Index Cond": "(id = mi.info_type_id)", "Filter": "((info)::text = 'budget'::text)"}]}, {"Node Type": "Index Scan", "Parent Relationship": "Inner", "Scan Direction": "Forward", "Index Name": "title_pkey", "Relation Name": "title", "Alias": "t", "Startup Cost": 0.0, "Total Cost": 0.28, "Plan Rows": 1, "Plan Width": 21, "Index Cond": "(id = mi.movie_id)"}]}]}, "Unique SQL Id": 4264520866, "Planner Runtime": 34}, "explain_analyze_plan": null}, "(1, '66')": {"explain_plan": {"Plan": {"Node Type": "Aggregate", "Strategy": "Plain", "Startup Cost": 129144.17, "Total Cost": 129144.18, "Plan Rows": 1, "Plan Width": 160, "Plans": [{"Node Type": "Hash Join", "Parent Relationship": "Outer", "Join Type": "Inner", "Startup Cost": 10.12, "Total Cost": 129143.78, "Plan Rows": 51, "Plan Width": 64, "Inner Unique": true, "Hash Cond": "(mi_idx.info_type_id = it2.id)", "Plans": [{"Node Type": "Nested Loop", "Parent Relationship": "Outer", "Join Type": "Inner", "Startup Cost": 7.71, "Total Cost": 129141.21, "Plan Rows": 31, "Plan Width": 68, "Inner Unique": true, "Plans": [{"Node Type": "Nested Loop", "Parent Relationship": "Outer", "Join Type": "Inner", "Startup Cost": 7.45, "Total Cost": 128995.6, "Plan Rows": 34, "Plan Width": 63, "Inner Unique": false, "Plans": [{"Node Type": "Hash Join", "Parent Relationship": "Outer", "Join Type": "Inner", "Startup Cost": 7.18, "Total Cost": 128422.13, "Plan Rows": 133, "Plan Width": 50, "Inner Unique": true, "Hash Cond": "(mi.info_type_id = it1.id)", "Plans": [{"Node Type": "Nested Loop", "Parent Relationship": "Outer", "Join Type": "Inner", "Startup Cost": 4.77, "Total Cost": 128415.58, "Plan Rows": 1561, "Plan Width": 54, "Inner Unique": false, "Plans": [{"Node Type": "Nested Loop", "Parent Relationship": "Outer", "Join Type": "Inner", "Startup Cost": 4.39, "Total Cost": 127093.19, "Plan Rows": 294, "Plan Width": 4, "Inner Unique": false, "Plans": [{"Node Type": "Seq Scan", "Parent Relationship": "Outer", "Relation Name": "name", "Alias": "n", "Startup Cost": 0.0, "Total Cost": 113909.35, "Plan Rows": 173, "Plan Width": 4, "Filter": "(((name)::text ~~ '%Tim%'::text) AND ((gender)::text = 'm'::text))"}, {"Node Type": "Bitmap Heap Scan", "Parent Relationship": "Inner", "Relation Name": "cast_info", "Alias": "ci", "Startup Cost": 4.39, "Total Cost": 76.19, "Plan Rows": 2, "Plan Width": 8, "Recheck Cond": "(person_id = n.id)", "Filter": "((note)::text = ANY ('{(producer),\"(executive producer)\"}'::text[]))", "Plans": [{"Node Type": "Bitmap Index Scan", "Parent Relationship": "Outer", "Index Name": "person_id_cast_info", "Startup Cost": 0.0, "Total Cost": 4.38, "Plan Rows": 18, "Plan Width": 0, "Index Cond": "(person_id = n.id)"}]}]}, {"Node Type": "Bitmap Heap Scan", "Parent Relationship": "Inner", "Relation Name": "movie_info", "Alias": "mi", "Startup Cost": 0.39, "Total Cost": 4.45, "Plan Rows": 5, "Plan Width": 50, "Recheck Cond": "(movie_id = ci.movie_id)", "Plans": [{"Node Type": "Bitmap Index Scan", "Parent Relationship": "Outer", "Index Name": "movie_id_movie_info", "Startup Cost": 0.0, "Total Cost": 0.38, "Plan Rows": 5, "Plan Width": 0, "Index Cond": "(movie_id = ci.movie_id)"}]}]}, {"Node Type": "Hash", "Parent Relationship": "Inner", "Startup Cost": 2.4, "Total Cost": 2.4, "Plan Rows": 1, "Plan Width": 4, "Plans": [{"Node Type": "Seq Scan", "Parent Relationship": "Outer", "Relation Name": "info_type", "Alias": "it1", "Startup Cost": 0.0, "Total Cost": 2.4, "Plan Rows": 1, "Plan Width": 4, "Filter": "((info)::text = 'budget'::text)"}]}]}, {"Node Type": "Bitmap Heap Scan", "Parent Relationship": "Inner", "Relation Name": "movie_info_idx", "Alias": "mi_idx", "Startup Cost": 0.27, "Total Cost": 4.29, "Plan Rows": 2, "Plan Width": 13, "Recheck Cond": "(movie_id = mi.movie_id)", "Plans": [{"Node Type": "Bitmap Index Scan", "Parent Relationship": "Outer", "Index Name": "movie_id_movie_info_idx", "Startup Cost": 0.0, "Total Cost": 0.27, "Plan Rows": 2, "Plan Width": 0, "Index Cond": "(movie_id = mi.movie_id)"}]}]}, {"Node Type": "Bitmap Heap Scan", "Parent Relationship": "Inner", "Relation Name": "title", "Alias": "t", "Startup Cost": 0.26, "Total Cost": 4.27, "Plan Rows": 1, "Plan Width": 21, "Recheck Cond": "(id = mi.movie_id)", "Plans": [{"Node Type": "Bitmap Index Scan", "Parent Relationship": "Outer", "Index Name": "title_pkey", "Startup Cost": 0.0, "Total Cost": 0.26, "Plan Rows": 1, "Plan Width": 0, "Index Cond": "(id = mi.movie_id)"}]}]}, {"Node Type": "Hash", "Parent Relationship": "Inner", "Startup Cost": 2.4, "Total Cost": 2.4, "Plan Rows": 1, "Plan Width": 4, "Plans": [{"Node Type": "Seq Scan", "Parent Relationship": "Outer", "Relation Name": "info_type", "Alias": "it2", "Startup Cost": 0.0, "Total Cost": 2.4, "Plan Rows": 1, "Plan Width": 4, "Filter": "((info)::text = 'votes'::text)"}]}]}]}, "Unique SQL Id": 4264520866, "Planner Runtime": 37}, "explain_analyze_plan": {"Plan": {"Node Type": "Aggregate", "Strategy": "Plain", "Startup Cost": 129144.17, "Total Cost": 129144.18, "Plan Rows": 1, "Plan Width": 160, "Actual Startup Time": 2006.483, "Actual Total Time": 2006.484, "Actual Rows": 1, "Actual Loops": 1, "Plans": [{"Node Type": "Hash Join", "Parent Relationship": "Outer", "Join Type": "Inner", "Startup Cost": 10.12, "Total Cost": 129143.78, "Plan Rows": 51, "Plan Width": 64, "Actual Startup Time": 1.156, "Actual Total Time": 2005.397, "Actual Rows": 410, "Actual Loops": 1, "Inner Unique": true, "Hash Cond": "(mi_idx.info_type_id = it2.id)", "Plans": [{"Node Type": "Nested Loop", "Parent Relationship": "Outer", "Join Type": "Inner", "Startup Cost": 7.71, "Total Cost": 129141.21, "Plan Rows": 31, "Plan Width": 68, "Actual Startup Time": 1.026, "Actual Total Time": 2004.717, "Actual Rows": 1235, "Actual Loops": 1, "Inner Unique": true, "Plans": [{"Node Type": "Nested Loop", "Parent Relationship": "Outer", "Join Type": "Inner", "Startup Cost": 7.45, "Total Cost": 128995.6, "Plan Rows": 34, "Plan Width": 63, "Actual Startup Time": 1.009, "Actual Total Time": 1995.352, "Actual Rows": 1235, "Actual Loops": 1, "Inner Unique": false, "Plans": [{"Node Type": "Hash Join", "Parent Relationship": "Outer", "Join Type": "Inner", "Startup Cost": 7.18, "Total Cost": 128422.13, "Plan Rows": 133, "Plan Width": 50, "Actual Startup Time": 0.99, "Actual Total Time": 1987.446, "Actual Rows": 699, "Actual Loops": 1, "Inner Unique": true, "Hash Cond": "(mi.info_type_id = it1.id)", "Plans": [{"Node Type": "Nested Loop", "Parent Relationship": "Outer", "Join Type": "Inner", "Startup Cost": 4.77, "Total Cost": 128415.58, "Plan Rows": 1561, "Plan Width": 54, "Actual Startup Time": 0.866, "Actual Total Time": 1971.642, "Actual Rows": 95896, "Actual Loops": 1, "Inner Unique": false, "Plans": [{"Node Type": "Nested Loop", "Parent Relationship": "Outer", "Join Type": "Inner", "Startup Cost": 4.39, "Total Cost": 127093.19, "Plan Rows": 294, "Plan Width": 4, "Actual Startup Time": 0.828, "Actual Total Time": 1796.47, "Actual Rows": 6719, "Actual Loops": 1, "Inner Unique": false, "Plans": [{"Node Type": "Seq Scan", "Parent Relationship": "Outer", "Relation Name": "name", "Alias": "n", "Startup Cost": 0.0, "Total Cost": 113909.35, "Plan Rows": 173, "Plan Width": 4, "Actual Startup Time": 0.25, "Actual Total Time": 1644.618, "Actual Rows": 9062, "Actual Loops": 1, "Filter": "(((name)::text ~~ '%Tim%'::text) AND ((gender)::text = 'm'::text))", "Rows Removed by Filter": 4158428}, {"Node Type": "Bitmap Heap Scan", "Parent Relationship": "Inner", "Relation Name": "cast_info", "Alias": "ci", "Startup Cost": 4.39, "Total Cost": 76.19, "Plan Rows": 2, "Plan Width": 8, "Actual Startup Time": 123.151, "Actual Total Time": 138.579, "Actual Rows": 6719, "Actual Loops": 9062, "Recheck Cond": "(person_id = n.id)", "Rows Removed by Index Recheck": 0, "Filter": "((note)::text = ANY ('{(producer),\"(executive producer)\"}'::text[]))", "Rows Removed by Filter": 89309, "Exact Heap Blocks": 13336, "Lossy Heap Blocks": 13336, "Plans": [{"Node Type": "Bitmap Index Scan", "Parent Relationship": "Outer", "Index Name": "person_id_cast_info", "Startup Cost": 0.0, "Total Cost": 4.38, "Plan Rows": 18, "Plan Width": 0, "Actual Startup Time": 57.224, "Actual Total Time": 57.224, "Actual Rows": 96028, "Actual Loops": 9062, "Index Cond": "(person_id = n.id)"}]}]}, {"Node Type": "Bitmap Heap Scan", "Parent Relationship": "Inner", "Relation Name": "movie_info", "Alias": "mi", "Startup Cost": 0.39, "Total Cost": 4.45, "Plan Rows": 5, "Plan Width": 50, "Actual Startup Time": 63.985, "Actual Total Time": 146.719, "Actual Rows": 95896, "Actual Loops": 6719, "Recheck Cond": "(movie_id = ci.movie_id)", "Rows Removed by Index Recheck": 0, "Exact Heap Blocks": 40013, "Lossy Heap Blocks": 40013, "Plans": [{"Node Type": "Bitmap Index Scan", "Parent Relationship": "Outer", "Index Name": "movie_id_movie_info", "Startup Cost": 0.0, "Total Cost": 0.38, "Plan Rows": 5, "Plan Width": 0, "Actual Startup Time": 44.097, "Actual Total Time": 44.097, "Actual Rows": 95896, "Actual Loops": 6719, "Index Cond": "(movie_id = ci.movie_id)"}]}]}, {"Node Type": "Hash", "Parent Relationship": "Inner", "Startup Cost": 2.4, "Total Cost": 2.4, "Plan Rows": 1, "Plan Width": 4, "Actual Startup Time": 0.054, "Actual Total Time": 0.054, "Actual Rows": 1, "Actual Loops": 1, "Hash Buckets": 32768, "Hash Batches": 1, "Original Hash Batches": 1, "Peak Memory Usage": 1, "Plans": [{"Node Type": "Seq Scan", "Parent Relationship": "Outer", "Relation Name": "info_type", "Alias": "it1", "Startup Cost": 0.0, "Total Cost": 2.4, "Plan Rows": 1, "Plan Width": 4, "Actual Startup Time": 0.05, "Actual Total Time": 0.052, "Actual Rows": 1, "Actual Loops": 1, "Filter": "((info)::text = 'budget'::text)", "Rows Removed by Filter": 111}]}]}, {"Node Type": "Bitmap Heap Scan", "Parent Relationship": "Inner", "Relation Name": "movie_info_idx", "Alias": "mi_idx", "Startup Cost": 0.27, "Total Cost": 4.29, "Plan Rows": 2, "Plan Width": 13, "Actual Startup Time": 6.08, "Actual Total Time": 6.27, "Actual Rows": 1235, "Actual Loops": 699, "Recheck Cond": "(movie_id = mi.movie_id)", "Rows Removed by Index Recheck": 0, "Exact Heap Blocks": 419, "Lossy Heap Blocks": 419, "Plans": [{"Node Type": "Bitmap Index Scan", "Parent Relationship": "Outer", "Index Name": "movie_id_movie_info_idx", "Startup Cost": 0.0, "Total Cost": 0.27, "Plan Rows": 2, "Plan Width": 0, "Actual Startup Time": 4.347, "Actual Total Time": 4.347, "Actual Rows": 1235, "Actual Loops": 699, "Index Cond": "(movie_id = mi.movie_id)"}]}]}, {"Node Type": "Bitmap Heap Scan", "Parent Relationship": "Inner", "Relation Name": "title", "Alias": "t", "Startup Cost": 0.26, "Total Cost": 4.27, "Plan Rows": 1, "Plan Width": 21, "Actual Startup Time": 7.29, "Actual Total Time": 7.29, "Actual Rows": 1235, "Actual Loops": 1235, "Recheck Cond": "(id = mi.movie_id)", "Rows Removed by Index Recheck": 0, "Exact Heap Blocks": 1235, "Lossy Heap Blocks": 1235, "Plans": [{"Node Type": "Bitmap Index Scan", "Parent Relationship": "Outer", "Index Name": "title_pkey", "Startup Cost": 0.0, "Total Cost": 0.26, "Plan Rows": 1, "Plan Width": 0, "Actual Startup Time": 4.811, "Actual Total Time": 4.811, "Actual Rows": 1235, "Actual Loops": 1235, "Index Cond": "(id = mi.movie_id)"}]}]}, {"Node Type": "Hash", "Parent Relationship": "Inner", "Startup Cost": 2.4, "Total Cost": 2.4, "Plan Rows": 1, "Plan Width": 4, "Actual Startup Time": 0.079, "Actual Total Time": 0.079, "Actual Rows": 1, "Actual Loops": 1, "Hash Buckets": 32768, "Hash Batches": 1, "Original Hash Batches": 1, "Peak Memory Usage": 1, "Plans": [{"Node Type": "Seq Scan", "Parent Relationship": "Outer", "Relation Name": "info_type", "Alias": "it2", "Startup Cost": 0.0, "Total Cost": 2.4, "Plan Rows": 1, "Plan Width": 4, "Actual Startup Time": 0.064, "Actual Total Time": 0.07, "Actual Rows": 1, "Actual Loops": 1, "Filter": "((info)::text = 'votes'::text)", "Rows Removed by Filter": 111}]}]}]}, "Triggers": [], "Planner Runtime": 36.387, "Total Runtime": 2006.86, "Unique SQL Id": 4264520866}}, "(1, '67')": {"explain_plan": {"Plan": {"Node Type": "Aggregate", "Strategy": "Plain", "Startup Cost": 1000014018806.1, "Total Cost": 1000014018806.11, "Plan Rows": 1, "Plan Width": 160, "Plans": [{"Node Type": "Nested Loop", "Parent Relationship": "Outer", "Join Type": "Inner", "Startup Cost": 10000000002.15, "Total Cost": 1000014018806.04, "Plan Rows": 8, "Plan Width": 64, "Inner Unique": true, "Plans": [{"Node Type": "Nested Loop", "Parent Relationship": "Outer", "Join Type": "Inner", "Startup Cost": 10000000001.89, "Total Cost": 1000014018767.49, "Plan Rows": 9, "Plan Width": 59, "Inner Unique": true, "Plans": [{"Node Type": "Nested Loop", "Parent Relationship": "Outer", "Join Type": "Inner", "Startup Cost": 10000000001.63, "Total Cost": 1000014017572.6, "Plan Rows": 279, "Plan Width": 63, "Inner Unique": false, "Join Filter": "(mi_idx.movie_id = mi.movie_id)", "Plans": [{"Node Type": "Nested Loop", "Parent Relationship": "Outer", "Join Type": "Inner", "Startup Cost": 10000000001.24, "Total Cost": 1000014017338.06, "Plan Rows": 52, "Plan Width": 13, "Inner Unique": true, "Plans": [{"Node Type": "Nested Loop", "Parent Relationship": "Outer", "Join Type": "Inner", "Startup Cost": 10000000000.96, "Total Cost": 1000012216357.19, "Plan Rows": 417690, "Plan Width": 17, "Inner Unique": false, "Plans": [{"Node Type": "Nested Loop", "Parent Relationship": "Outer", "Join Type": "Inner", "Startup Cost": 10000000000.26, "Total Cost": 1000010560383.98, "Plan Rows": 345008, "Plan Width": 9, "Inner Unique": true, "Plans": [{"Node Type": "Index Scan", "Parent Relationship": "Outer", "Scan Direction": "Forward", "Index Name": "movie_id_movie_info_idx", "Relation Name": "movie_info_idx", "Alias": "mi_idx", "Startup Cost": 10000000000.0, "Total Cost": 1000004650035.37, "Plan Rows": 1380034, "Plan Width": 13}, {"Node Type": "Bitmap Heap Scan", "Parent Relationship": "Inner", "Relation Name": "info_type", "Alias": "it2", "Startup Cost": 0.26, "Total Cost": 4.27, "Plan Rows": 1, "Plan Width": 4, "Recheck Cond": "(id = mi_idx.info_type_id)", "Filter": "((info)::text = 'votes'::text)", "Plans": [{"Node Type": "Bitmap Index Scan", "Parent Relationship": "Outer", "Index Name": "info_type_pkey", "Startup Cost": 0.0, "Total Cost": 0.26, "Plan Rows": 1, "Plan Width": 0, "Index Cond": "(id = mi_idx.info_type_id)"}]}]}, {"Node Type": "Bitmap Heap Scan", "Parent Relationship": "Inner", "Relation Name": "cast_info", "Alias": "ci", "Startup Cost": 0.7, "Total Cost": 4.79, "Plan Rows": 1, "Plan Width": 8, "Recheck Cond": "(movie_id = mi_idx.movie_id)", "Filter": "((note)::text = ANY ('{(producer),\"(executive producer)\"}'::text[]))", "Plans": [{"Node Type": "Bitmap Index Scan", "Parent Relationship": "Outer", "Index Name": "movie_id_cast_info", "Startup Cost": 0.0, "Total Cost": 0.7, "Plan Rows": 6, "Plan Width": 0, "Index Cond": "(movie_id = mi_idx.movie_id)"}]}]}, {"Node Type": "Bitmap Heap Scan", "Parent Relationship": "Inner", "Relation Name": "name", "Alias": "n", "Startup Cost": 0.28, "Total Cost": 4.3, "Plan Rows": 1, "Plan Width": 4, "Recheck Cond": "(id = ci.person_id)", "Filter": "(((name)::text ~~ '%Tim%'::text) AND ((gender)::text = 'm'::text))", "Plans": [{"Node Type": "Bitmap Index Scan", "Parent Relationship": "Outer", "Index Name": "name_pkey", "Startup Cost": 0.0, "Total Cost": 0.28, "Plan Rows": 1, "Plan Width": 0, "Index Cond": "(id = ci.person_id)"}]}]}, {"Node Type": "Bitmap Heap Scan", "Parent Relationship": "Inner", "Relation Name": "movie_info", "Alias": "mi", "Startup Cost": 0.39, "Total Cost": 4.45, "Plan Rows": 5, "Plan Width": 50, "Recheck Cond": "(movie_id = ci.movie_id)", "Plans": [{"Node Type": "Bitmap Index Scan", "Parent Relationship": "Outer", "Index Name": "movie_id_movie_info", "Startup Cost": 0.0, "Total Cost": 0.38, "Plan Rows": 5, "Plan Width": 0, "Index Cond": "(movie_id = ci.movie_id)"}]}]}, {"Node Type": "Bitmap Heap Scan", "Parent Relationship": "Inner", "Relation Name": "info_type", "Alias": "it1", "Startup Cost": 0.26, "Total Cost": 4.27, "Plan Rows": 1, "Plan Width": 4, "Recheck Cond": "(id = mi.info_type_id)", "Filter": "((info)::text = 'budget'::text)", "Plans": [{"Node Type": "Bitmap Index Scan", "Parent Relationship": "Outer", "Index Name": "info_type_pkey", "Startup Cost": 0.0, "Total Cost": 0.26, "Plan Rows": 1, "Plan Width": 0, "Index Cond": "(id = mi.info_type_id)"}]}]}, {"Node Type": "Bitmap Heap Scan", "Parent Relationship": "Inner", "Relation Name": "title", "Alias": "t", "Startup Cost": 0.26, "Total Cost": 4.27, "Plan Rows": 1, "Plan Width": 21, "Recheck Cond": "(id = mi.movie_id)", "Plans": [{"Node Type": "Bitmap Index Scan", "Parent Relationship": "Outer", "Index Name": "title_pkey", "Startup Cost": 0.0, "Total Cost": 0.26, "Plan Rows": 1, "Plan Width": 0, "Index Cond": "(id = mi.movie_id)"}]}]}]}, "Unique SQL Id": 4264520866, "Planner Runtime": 10}, "explain_analyze_plan": null}, "(1, '68')": {"explain_plan": {"Plan": {"Node Type": "Aggregate", "Strategy": "Plain", "Startup Cost": 121801.41, "Total Cost": 121801.42, "Plan Rows": 1, "Plan Width": 160, "Plans": [{"Node Type": "Nested Loop", "Parent Relationship": "Outer", "Join Type": "Inner", "Startup Cost": 0.0, "Total Cost": 121801.34, "Plan Rows": 9, "Plan Width": 64, "Inner Unique": true, "Plans": [{"Node Type": "Nested Loop", "Parent Relationship": "Outer", "Join Type": "Inner", "Startup Cost": 0.0, "Total Cost": 121798.71, "Plan Rows": 9, "Plan Width": 59, "Inner Unique": true, "Plans": [{"Node Type": "Nested Loop", "Parent Relationship": "Outer", "Join Type": "Inner", "Startup Cost": 0.0, "Total Cost": 121719.89, "Plan Rows": 279, "Plan Width": 63, "Inner Unique": false, "Join Filter": "(mi_idx.movie_id = mi.movie_id)", "Plans": [{"Node Type": "Nested Loop", "Parent Relationship": "Outer", "Join Type": "Inner", "Startup Cost": 0.0, "Total Cost": 121546.26, "Plan Rows": 228, "Plan Width": 13, "Inner Unique": true, "Plans": [{"Node Type": "Nested Loop", "Parent Relationship": "Outer", "Join Type": "Inner", "Startup Cost": 0.0, "Total Cost": 121448.51, "Plan Rows": 346, "Plan Width": 17, "Inner Unique": false, "Plans": [{"Node Type": "Nested Loop", "Parent Relationship": "Outer", "Join Type": "Inner", "Startup Cost": 0.0, "Total Cost": 121351.72, "Plan Rows": 294, "Plan Width": 4, "Inner Unique": false, "Plans": [{"Node Type": "Seq Scan", "Parent Relationship": "Outer", "Relation Name": "name", "Alias": "n", "Startup Cost": 0.0, "Total Cost": 113909.35, "Plan Rows": 173, "Plan Width": 4, "Filter": "(((name)::text ~~ '%Tim%'::text) AND ((gender)::text = 'm'::text))"}, {"Node Type": "Index Scan", "Parent Relationship": "Inner", "Scan Direction": "Forward", "Index Name": "person_id_cast_info", "Relation Name": "cast_info", "Alias": "ci", "Startup Cost": 0.0, "Total Cost": 43.0, "Plan Rows": 2, "Plan Width": 8, "Index Cond": "(person_id = n.id)", "Filter": "((note)::text = ANY ('{(producer),\"(executive producer)\"}'::text[]))"}]}, {"Node Type": "Index Scan", "Parent Relationship": "Inner", "Scan Direction": "Forward", "Index Name": "movie_id_movie_info_idx", "Relation Name": "movie_info_idx", "Alias": "mi_idx", "Startup Cost": 0.0, "Total Cost": 0.31, "Plan Rows": 2, "Plan Width": 13, "Index Cond": "(movie_id = ci.movie_id)"}]}, {"Node Type": "Index Scan", "Parent Relationship": "Inner", "Scan Direction": "Forward", "Index Name": "info_type_pkey", "Relation Name": "info_type", "Alias": "it2", "Startup Cost": 0.0, "Total Cost": 0.27, "Plan Rows": 1, "Plan Width": 4, "Index Cond": "(id = mi_idx.info_type_id)", "Filter": "((info)::text = 'votes'::text)"}]}, {"Node Type": "Index Scan", "Parent Relationship": "Inner", "Scan Direction": "Forward", "Index Name": "movie_id_movie_info", "Relation Name": "movie_info", "Alias": "mi", "Startup Cost": 0.0, "Total Cost": 0.7, "Plan Rows": 5, "Plan Width": 50, "Index Cond": "(movie_id = ci.movie_id)"}]}, {"Node Type": "Index Scan", "Parent Relationship": "Inner", "Scan Direction": "Forward", "Index Name": "info_type_pkey", "Relation Name": "info_type", "Alias": "it1", "Startup Cost": 0.0, "Total Cost": 0.27, "Plan Rows": 1, "Plan Width": 4, "Index Cond": "(id = mi.info_type_id)", "Filter": "((info)::text = 'budget'::text)"}]}, {"Node Type": "Index Scan", "Parent Relationship": "Inner", "Scan Direction": "Forward", "Index Name": "title_pkey", "Relation Name": "title", "Alias": "t", "Startup Cost": 0.0, "Total Cost": 0.28, "Plan Rows": 1, "Plan Width": 21, "Index Cond": "(id = mi.movie_id)"}]}]}, "Unique SQL Id": 4264520866, "Planner Runtime": 38}, "explain_analyze_plan": {"Plan": {"Node Type": "Aggregate", "Strategy": "Plain", "Startup Cost": 121801.41, "Total Cost": 121801.42, "Plan Rows": 1, "Plan Width": 160, "Actual Startup Time": 2151.64, "Actual Total Time": 2151.64, "Actual Rows": 1, "Actual Loops": 1, "Plans": [{"Node Type": "Nested Loop", "Parent Relationship": "Outer", "Join Type": "Inner", "Startup Cost": 0.0, "Total Cost": 121801.34, "Plan Rows": 9, "Plan Width": 64, "Actual Startup Time": 0.939, "Actual Total Time": 2150.702, "Actual Rows": 410, "Actual Loops": 1, "Inner Unique": true, "Plans": [{"Node Type": "Nested Loop", "Parent Relationship": "Outer", "Join Type": "Inner", "Startup Cost": 0.0, "Total Cost": 121798.71, "Plan Rows": 9, "Plan Width": 59, "Actual Startup Time": 0.92, "Actual Total Time": 2146.514, "Actual Rows": 410, "Actual Loops": 1, "Inner Unique": true, "Plans": [{"Node Type": "Nested Loop", "Parent Relationship": "Outer", "Join Type": "Inner", "Startup Cost": 0.0, "Total Cost": 121719.89, "Plan Rows": 279, "Plan Width": 63, "Actual Startup Time": 0.842, "Actual Total Time": 1964.017, "Actual Rows": 82408, "Actual Loops": 1, "Inner Unique": false, "Join Filter": "(mi_idx.movie_id = mi.movie_id)", "Rows Removed by Join Filter": 0, "Plans": [{"Node Type": "Nested Loop", "Parent Relationship": "Outer", "Join Type": "Inner", "Startup Cost": 0.0, "Total Cost": 121546.26, "Plan Rows": 228, "Plan Width": 13, "Actual Startup Time": 0.82, "Actual Total Time": 1833.517, "Actual Rows": 3435, "Actual Loops": 1, "Inner Unique": true, "Plans": [{"Node Type": "Nested Loop", "Parent Relationship": "Outer", "Join Type": "Inner", "Startup Cost": 0.0, "Total Cost": 121448.51, "Plan Rows": 346, "Plan Width": 17, "Actual Startup Time": 0.809, "Actual Total Time": 1807.574, "Actual Rows": 10310, "Actual Loops": 1, "Inner Unique": false, "Plans": [{"Node Type": "Nested Loop", "Parent Relationship": "Outer", "Join Type": "Inner", "Startup Cost": 0.0, "Total Cost": 121351.72, "Plan Rows": 294, "Plan Width": 4, "Actual Startup Time": 0.794, "Actual Total Time": 1770.353, "Actual Rows": 6719, "Actual Loops": 1, "Inner Unique": false, "Plans": [{"Node Type": "Seq Scan", "Parent Relationship": "Outer", "Relation Name": "name", "Alias": "n", "Startup Cost": 0.0, "Total Cost": 113909.35, "Plan Rows": 173, "Plan Width": 4, "Actual Startup Time": 0.245, "Actual Total Time": 1637.624, "Actual Rows": 9062, "Actual Loops": 1, "Filter": "(((name)::text ~~ '%Tim%'::text) AND ((gender)::text = 'm'::text))", "Rows Removed by Filter": 4158428}, {"Node Type": "Index Scan", "Parent Relationship": "Inner", "Scan Direction": "Forward", "Index Name": "person_id_cast_info", "Relation Name": "cast_info", "Alias": "ci", "Startup Cost": 0.0, "Total Cost": 43.0, "Plan Rows": 2, "Plan Width": 8, "Actual Startup Time": 106.784, "Actual Total Time": 125.753, "Actual Rows": 6719, "Actual Loops": 9062, "Index Cond": "(person_id = n.id)", "Rows Removed by Index Recheck": 0, "Filter": "((note)::text = ANY ('{(producer),\"(executive producer)\"}'::text[]))", "Rows Removed by Filter": 89309}]}, {"Node Type": "Index Scan", "Parent Relationship": "Inner", "Scan Direction": "Forward", "Index Name": "movie_id_movie_info_idx", "Relation Name": "movie_info_idx", "Alias": "mi_idx", "Startup Cost": 0.0, "Total Cost": 0.31, "Plan Rows": 2, "Plan Width": 13, "Actual Startup Time": 26.866, "Actual Total Time": 30.86, "Actual Rows": 10310, "Actual Loops": 6719, "Index Cond": "(movie_id = ci.movie_id)", "Rows Removed by Index Recheck": 0}]}, {"Node Type": "Index Scan", "Parent Relationship": "Inner", "Scan Direction": "Forward", "Index Name": "info_type_pkey", "Relation Name": "info_type", "Alias": "it2", "Startup Cost": 0.0, "Total Cost": 0.27, "Plan Rows": 1, "Plan Width": 4, "Actual Startup Time": 19.749, "Actual Total Time": 19.749, "Actual Rows": 3435, "Actual Loops": 10310, "Index Cond": "(id = mi_idx.info_type_id)", "Rows Removed by Index Recheck": 0, "Filter": "((info)::text = 'votes'::text)", "Rows Removed by Filter": 6875}]}, {"Node Type": "Index Scan", "Parent Relationship": "Inner", "Scan Direction": "Forward", "Index Name": "movie_id_movie_info", "Relation Name": "movie_info", "Alias": "mi", "Startup Cost": 0.0, "Total Cost": 0.7, "Plan Rows": 5, "Plan Width": 50, "Actual Startup Time": 24.383, "Actual Total Time": 98.513, "Actual Rows": 82408, "Actual Loops": 3435, "Index Cond": "(movie_id = ci.movie_id)", "Rows Removed by Index Recheck": 0}]}, {"Node Type": "Index Scan", "Parent Relationship": "Inner", "Scan Direction": "Forward", "Index Name": "info_type_pkey", "Relation Name": "info_type", "Alias": "it1", "Startup Cost": 0.0, "Total Cost": 0.27, "Plan Rows": 1, "Plan Width": 4, "Actual Startup Time": 144.413, "Actual Total Time": 144.413, "Actual Rows": 410, "Actual Loops": 82408, "Index Cond": "(id = mi.info_type_id)", "Rows Removed by Index Recheck": 0, "Filter": "((info)::text = 'budget'::text)", "Rows Removed by Filter": 79844}]}, {"Node Type": "Index Scan", "Parent Relationship": "Inner", "Scan Direction": "Forward", "Index Name": "title_pkey", "Relation Name": "title", "Alias": "t", "Startup Cost": 0.0, "Total Cost": 0.28, "Plan Rows": 1, "Plan Width": 21, "Actual Startup Time": 3.547, "Actual Total Time": 3.547, "Actual Rows": 410, "Actual Loops": 410, "Index Cond": "(id = mi.movie_id)", "Rows Removed by Index Recheck": 0}]}]}, "Triggers": [], "Planner Runtime": 37.989, "Total Runtime": 2151.963, "Unique SQL Id": 4264520866}}, "(1, '69')": {"explain_plan": {"Plan": {"Node Type": "Aggregate", "Strategy": "Plain", "Startup Cost": 204962.25, "Total Cost": 204962.26, "Plan Rows": 1, "Plan Width": 160, "Plans": [{"Node Type": "Nested Loop", "Parent Relationship": "Outer", "Join Type": "Inner", "Startup Cost": 0.0, "Total Cost": 204962.19, "Plan Rows": 9, "Plan Width": 64, "Inner Unique": true, "Plans": [{"Node Type": "Nested Loop", "Parent Relationship": "Outer", "Join Type": "Inner", "Startup Cost": 0.0, "Total Cost": 204959.56, "Plan Rows": 9, "Plan Width": 59, "Inner Unique": true, "Plans": [{"Node Type": "Nested Loop", "Parent Relationship": "Outer", "Join Type": "Inner", "Startup Cost": 0.0, "Total Cost": 204880.74, "Plan Rows": 279, "Plan Width": 63, "Inner Unique": false, "Join Filter": "(mi_idx.movie_id = mi.movie_id)", "Plans": [{"Node Type": "Nested Loop", "Parent Relationship": "Outer", "Join Type": "Inner", "Startup Cost": 0.0, "Total Cost": 204707.1, "Plan Rows": 228, "Plan Width": 13, "Inner Unique": true, "Plans": [{"Node Type": "Nested Loop", "Parent Relationship": "Outer", "Join Type": "Inner", "Startup Cost": 0.0, "Total Cost": 204609.36, "Plan Rows": 346, "Plan Width": 17, "Inner Unique": false, "Plans": [{"Node Type": "Nested Loop", "Parent Relationship": "Outer", "Join Type": "Inner", "Startup Cost": 0.0, "Total Cost": 204512.56, "Plan Rows": 294, "Plan Width": 4, "Inner Unique": false, "Plans": [{"Node Type": "Index Scan", "Parent Relationship": "Outer", "Scan Direction": "Forward", "Index Name": "name_pkey", "Relation Name": "name", "Alias": "n", "Startup Cost": 0.0, "Total Cost": 197070.2, "Plan Rows": 173, "Plan Width": 4, "Filter": "(((name)::text ~~ '%Tim%'::text) AND ((gender)::text = 'm'::text))"}, {"Node Type": "Index Scan", "Parent Relationship": "Inner", "Scan Direction": "Forward", "Index Name": "person_id_cast_info", "Relation Name": "cast_info", "Alias": "ci", "Startup Cost": 0.0, "Total Cost": 43.0, "Plan Rows": 2, "Plan Width": 8, "Index Cond": "(person_id = n.id)", "Filter": "((note)::text = ANY ('{(producer),\"(executive producer)\"}'::text[]))"}]}, {"Node Type": "Index Scan", "Parent Relationship": "Inner", "Scan Direction": "Forward", "Index Name": "movie_id_movie_info_idx", "Relation Name": "movie_info_idx", "Alias": "mi_idx", "Startup Cost": 0.0, "Total Cost": 0.31, "Plan Rows": 2, "Plan Width": 13, "Index Cond": "(movie_id = ci.movie_id)"}]}, {"Node Type": "Index Scan", "Parent Relationship": "Inner", "Scan Direction": "Forward", "Index Name": "info_type_pkey", "Relation Name": "info_type", "Alias": "it2", "Startup Cost": 0.0, "Total Cost": 0.27, "Plan Rows": 1, "Plan Width": 4, "Index Cond": "(id = mi_idx.info_type_id)", "Filter": "((info)::text = 'votes'::text)"}]}, {"Node Type": "Index Scan", "Parent Relationship": "Inner", "Scan Direction": "Forward", "Index Name": "movie_id_movie_info", "Relation Name": "movie_info", "Alias": "mi", "Startup Cost": 0.0, "Total Cost": 0.7, "Plan Rows": 5, "Plan Width": 50, "Index Cond": "(movie_id = ci.movie_id)"}]}, {"Node Type": "Index Scan", "Parent Relationship": "Inner", "Scan Direction": "Forward", "Index Name": "info_type_pkey", "Relation Name": "info_type", "Alias": "it1", "Startup Cost": 0.0, "Total Cost": 0.27, "Plan Rows": 1, "Plan Width": 4, "Index Cond": "(id = mi.info_type_id)", "Filter": "((info)::text = 'budget'::text)"}]}, {"Node Type": "Index Scan", "Parent Relationship": "Inner", "Scan Direction": "Forward", "Index Name": "title_pkey", "Relation Name": "title", "Alias": "t", "Startup Cost": 0.0, "Total Cost": 0.28, "Plan Rows": 1, "Plan Width": 21, "Index Cond": "(id = mi.movie_id)"}]}]}, "Unique SQL Id": 4264520866, "Planner Runtime": 33}, "explain_analyze_plan": null}, "(1, '70')": {"explain_plan": {"Plan": {"Node Type": "Aggregate", "Strategy": "Plain", "Startup Cost": 129144.17, "Total Cost": 129144.18, "Plan Rows": 1, "Plan Width": 160, "Plans": [{"Node Type": "Hash Join", "Parent Relationship": "Outer", "Join Type": "Inner", "Startup Cost": 10.12, "Total Cost": 129143.78, "Plan Rows": 51, "Plan Width": 64, "Inner Unique": true, "Hash Cond": "(mi_idx.info_type_id = it2.id)", "Plans": [{"Node Type": "Nested Loop", "Parent Relationship": "Outer", "Join Type": "Inner", "Startup Cost": 7.71, "Total Cost": 129141.21, "Plan Rows": 31, "Plan Width": 68, "Inner Unique": true, "Plans": [{"Node Type": "Nested Loop", "Parent Relationship": "Outer", "Join Type": "Inner", "Startup Cost": 7.45, "Total Cost": 128995.6, "Plan Rows": 34, "Plan Width": 63, "Inner Unique": false, "Plans": [{"Node Type": "Hash Join", "Parent Relationship": "Outer", "Join Type": "Inner", "Startup Cost": 7.18, "Total Cost": 128422.13, "Plan Rows": 133, "Plan Width": 50, "Inner Unique": true, "Hash Cond": "(mi.info_type_id = it1.id)", "Plans": [{"Node Type": "Nested Loop", "Parent Relationship": "Outer", "Join Type": "Inner", "Startup Cost": 4.77, "Total Cost": 128415.58, "Plan Rows": 1561, "Plan Width": 54, "Inner Unique": false, "Plans": [{"Node Type": "Nested Loop", "Parent Relationship": "Outer", "Join Type": "Inner", "Startup Cost": 4.39, "Total Cost": 127093.19, "Plan Rows": 294, "Plan Width": 4, "Inner Unique": false, "Plans": [{"Node Type": "Seq Scan", "Parent Relationship": "Outer", "Relation Name": "name", "Alias": "n", "Startup Cost": 0.0, "Total Cost": 113909.35, "Plan Rows": 173, "Plan Width": 4, "Filter": "(((name)::text ~~ '%Tim%'::text) AND ((gender)::text = 'm'::text))"}, {"Node Type": "Bitmap Heap Scan", "Parent Relationship": "Inner", "Relation Name": "cast_info", "Alias": "ci", "Startup Cost": 4.39, "Total Cost": 76.19, "Plan Rows": 2, "Plan Width": 8, "Recheck Cond": "(person_id = n.id)", "Filter": "((note)::text = ANY ('{(producer),\"(executive producer)\"}'::text[]))", "Plans": [{"Node Type": "Bitmap Index Scan", "Parent Relationship": "Outer", "Index Name": "person_id_cast_info", "Startup Cost": 0.0, "Total Cost": 4.38, "Plan Rows": 18, "Plan Width": 0, "Index Cond": "(person_id = n.id)"}]}]}, {"Node Type": "Bitmap Heap Scan", "Parent Relationship": "Inner", "Relation Name": "movie_info", "Alias": "mi", "Startup Cost": 0.39, "Total Cost": 4.45, "Plan Rows": 5, "Plan Width": 50, "Recheck Cond": "(movie_id = ci.movie_id)", "Plans": [{"Node Type": "Bitmap Index Scan", "Parent Relationship": "Outer", "Index Name": "movie_id_movie_info", "Startup Cost": 0.0, "Total Cost": 0.38, "Plan Rows": 5, "Plan Width": 0, "Index Cond": "(movie_id = ci.movie_id)"}]}]}, {"Node Type": "Hash", "Parent Relationship": "Inner", "Startup Cost": 2.4, "Total Cost": 2.4, "Plan Rows": 1, "Plan Width": 4, "Plans": [{"Node Type": "Seq Scan", "Parent Relationship": "Outer", "Relation Name": "info_type", "Alias": "it1", "Startup Cost": 0.0, "Total Cost": 2.4, "Plan Rows": 1, "Plan Width": 4, "Filter": "((info)::text = 'budget'::text)"}]}]}, {"Node Type": "Bitmap Heap Scan", "Parent Relationship": "Inner", "Relation Name": "movie_info_idx", "Alias": "mi_idx", "Startup Cost": 0.27, "Total Cost": 4.29, "Plan Rows": 2, "Plan Width": 13, "Recheck Cond": "(movie_id = mi.movie_id)", "Plans": [{"Node Type": "Bitmap Index Scan", "Parent Relationship": "Outer", "Index Name": "movie_id_movie_info_idx", "Startup Cost": 0.0, "Total Cost": 0.27, "Plan Rows": 2, "Plan Width": 0, "Index Cond": "(movie_id = mi.movie_id)"}]}]}, {"Node Type": "Bitmap Heap Scan", "Parent Relationship": "Inner", "Relation Name": "title", "Alias": "t", "Startup Cost": 0.26, "Total Cost": 4.27, "Plan Rows": 1, "Plan Width": 21, "Recheck Cond": "(id = mi.movie_id)", "Plans": [{"Node Type": "Bitmap Index Scan", "Parent Relationship": "Outer", "Index Name": "title_pkey", "Startup Cost": 0.0, "Total Cost": 0.26, "Plan Rows": 1, "Plan Width": 0, "Index Cond": "(id = mi.movie_id)"}]}]}, {"Node Type": "Hash", "Parent Relationship": "Inner", "Startup Cost": 2.4, "Total Cost": 2.4, "Plan Rows": 1, "Plan Width": 4, "Plans": [{"Node Type": "Seq Scan", "Parent Relationship": "Outer", "Relation Name": "info_type", "Alias": "it2", "Startup Cost": 0.0, "Total Cost": 2.4, "Plan Rows": 1, "Plan Width": 4, "Filter": "((info)::text = 'votes'::text)"}]}]}]}, "Unique SQL Id": 4264520866, "Planner Runtime": 36}, "explain_analyze_plan": {"Plan": {"Node Type": "Aggregate", "Strategy": "Plain", "Startup Cost": 129144.17, "Total Cost": 129144.18, "Plan Rows": 1, "Plan Width": 160, "Actual Startup Time": 2006.483, "Actual Total Time": 2006.484, "Actual Rows": 1, "Actual Loops": 1, "Plans": [{"Node Type": "Hash Join", "Parent Relationship": "Outer", "Join Type": "Inner", "Startup Cost": 10.12, "Total Cost": 129143.78, "Plan Rows": 51, "Plan Width": 64, "Actual Startup Time": 1.156, "Actual Total Time": 2005.397, "Actual Rows": 410, "Actual Loops": 1, "Inner Unique": true, "Hash Cond": "(mi_idx.info_type_id = it2.id)", "Plans": [{"Node Type": "Nested Loop", "Parent Relationship": "Outer", "Join Type": "Inner", "Startup Cost": 7.71, "Total Cost": 129141.21, "Plan Rows": 31, "Plan Width": 68, "Actual Startup Time": 1.026, "Actual Total Time": 2004.717, "Actual Rows": 1235, "Actual Loops": 1, "Inner Unique": true, "Plans": [{"Node Type": "Nested Loop", "Parent Relationship": "Outer", "Join Type": "Inner", "Startup Cost": 7.45, "Total Cost": 128995.6, "Plan Rows": 34, "Plan Width": 63, "Actual Startup Time": 1.009, "Actual Total Time": 1995.352, "Actual Rows": 1235, "Actual Loops": 1, "Inner Unique": false, "Plans": [{"Node Type": "Hash Join", "Parent Relationship": "Outer", "Join Type": "Inner", "Startup Cost": 7.18, "Total Cost": 128422.13, "Plan Rows": 133, "Plan Width": 50, "Actual Startup Time": 0.99, "Actual Total Time": 1987.446, "Actual Rows": 699, "Actual Loops": 1, "Inner Unique": true, "Hash Cond": "(mi.info_type_id = it1.id)", "Plans": [{"Node Type": "Nested Loop", "Parent Relationship": "Outer", "Join Type": "Inner", "Startup Cost": 4.77, "Total Cost": 128415.58, "Plan Rows": 1561, "Plan Width": 54, "Actual Startup Time": 0.866, "Actual Total Time": 1971.642, "Actual Rows": 95896, "Actual Loops": 1, "Inner Unique": false, "Plans": [{"Node Type": "Nested Loop", "Parent Relationship": "Outer", "Join Type": "Inner", "Startup Cost": 4.39, "Total Cost": 127093.19, "Plan Rows": 294, "Plan Width": 4, "Actual Startup Time": 0.828, "Actual Total Time": 1796.47, "Actual Rows": 6719, "Actual Loops": 1, "Inner Unique": false, "Plans": [{"Node Type": "Seq Scan", "Parent Relationship": "Outer", "Relation Name": "name", "Alias": "n", "Startup Cost": 0.0, "Total Cost": 113909.35, "Plan Rows": 173, "Plan Width": 4, "Actual Startup Time": 0.25, "Actual Total Time": 1644.618, "Actual Rows": 9062, "Actual Loops": 1, "Filter": "(((name)::text ~~ '%Tim%'::text) AND ((gender)::text = 'm'::text))", "Rows Removed by Filter": 4158428}, {"Node Type": "Bitmap Heap Scan", "Parent Relationship": "Inner", "Relation Name": "cast_info", "Alias": "ci", "Startup Cost": 4.39, "Total Cost": 76.19, "Plan Rows": 2, "Plan Width": 8, "Actual Startup Time": 123.151, "Actual Total Time": 138.579, "Actual Rows": 6719, "Actual Loops": 9062, "Recheck Cond": "(person_id = n.id)", "Rows Removed by Index Recheck": 0, "Filter": "((note)::text = ANY ('{(producer),\"(executive producer)\"}'::text[]))", "Rows Removed by Filter": 89309, "Exact Heap Blocks": 13336, "Lossy Heap Blocks": 13336, "Plans": [{"Node Type": "Bitmap Index Scan", "Parent Relationship": "Outer", "Index Name": "person_id_cast_info", "Startup Cost": 0.0, "Total Cost": 4.38, "Plan Rows": 18, "Plan Width": 0, "Actual Startup Time": 57.224, "Actual Total Time": 57.224, "Actual Rows": 96028, "Actual Loops": 9062, "Index Cond": "(person_id = n.id)"}]}]}, {"Node Type": "Bitmap Heap Scan", "Parent Relationship": "Inner", "Relation Name": "movie_info", "Alias": "mi", "Startup Cost": 0.39, "Total Cost": 4.45, "Plan Rows": 5, "Plan Width": 50, "Actual Startup Time": 63.985, "Actual Total Time": 146.719, "Actual Rows": 95896, "Actual Loops": 6719, "Recheck Cond": "(movie_id = ci.movie_id)", "Rows Removed by Index Recheck": 0, "Exact Heap Blocks": 40013, "Lossy Heap Blocks": 40013, "Plans": [{"Node Type": "Bitmap Index Scan", "Parent Relationship": "Outer", "Index Name": "movie_id_movie_info", "Startup Cost": 0.0, "Total Cost": 0.38, "Plan Rows": 5, "Plan Width": 0, "Actual Startup Time": 44.097, "Actual Total Time": 44.097, "Actual Rows": 95896, "Actual Loops": 6719, "Index Cond": "(movie_id = ci.movie_id)"}]}]}, {"Node Type": "Hash", "Parent Relationship": "Inner", "Startup Cost": 2.4, "Total Cost": 2.4, "Plan Rows": 1, "Plan Width": 4, "Actual Startup Time": 0.054, "Actual Total Time": 0.054, "Actual Rows": 1, "Actual Loops": 1, "Hash Buckets": 32768, "Hash Batches": 1, "Original Hash Batches": 1, "Peak Memory Usage": 1, "Plans": [{"Node Type": "Seq Scan", "Parent Relationship": "Outer", "Relation Name": "info_type", "Alias": "it1", "Startup Cost": 0.0, "Total Cost": 2.4, "Plan Rows": 1, "Plan Width": 4, "Actual Startup Time": 0.05, "Actual Total Time": 0.052, "Actual Rows": 1, "Actual Loops": 1, "Filter": "((info)::text = 'budget'::text)", "Rows Removed by Filter": 111}]}]}, {"Node Type": "Bitmap Heap Scan", "Parent Relationship": "Inner", "Relation Name": "movie_info_idx", "Alias": "mi_idx", "Startup Cost": 0.27, "Total Cost": 4.29, "Plan Rows": 2, "Plan Width": 13, "Actual Startup Time": 6.08, "Actual Total Time": 6.27, "Actual Rows": 1235, "Actual Loops": 699, "Recheck Cond": "(movie_id = mi.movie_id)", "Rows Removed by Index Recheck": 0, "Exact Heap Blocks": 419, "Lossy Heap Blocks": 419, "Plans": [{"Node Type": "Bitmap Index Scan", "Parent Relationship": "Outer", "Index Name": "movie_id_movie_info_idx", "Startup Cost": 0.0, "Total Cost": 0.27, "Plan Rows": 2, "Plan Width": 0, "Actual Startup Time": 4.347, "Actual Total Time": 4.347, "Actual Rows": 1235, "Actual Loops": 699, "Index Cond": "(movie_id = mi.movie_id)"}]}]}, {"Node Type": "Bitmap Heap Scan", "Parent Relationship": "Inner", "Relation Name": "title", "Alias": "t", "Startup Cost": 0.26, "Total Cost": 4.27, "Plan Rows": 1, "Plan Width": 21, "Actual Startup Time": 7.29, "Actual Total Time": 7.29, "Actual Rows": 1235, "Actual Loops": 1235, "Recheck Cond": "(id = mi.movie_id)", "Rows Removed by Index Recheck": 0, "Exact Heap Blocks": 1235, "Lossy Heap Blocks": 1235, "Plans": [{"Node Type": "Bitmap Index Scan", "Parent Relationship": "Outer", "Index Name": "title_pkey", "Startup Cost": 0.0, "Total Cost": 0.26, "Plan Rows": 1, "Plan Width": 0, "Actual Startup Time": 4.811, "Actual Total Time": 4.811, "Actual Rows": 1235, "Actual Loops": 1235, "Index Cond": "(id = mi.movie_id)"}]}]}, {"Node Type": "Hash", "Parent Relationship": "Inner", "Startup Cost": 2.4, "Total Cost": 2.4, "Plan Rows": 1, "Plan Width": 4, "Actual Startup Time": 0.079, "Actual Total Time": 0.079, "Actual Rows": 1, "Actual Loops": 1, "Hash Buckets": 32768, "Hash Batches": 1, "Original Hash Batches": 1, "Peak Memory Usage": 1, "Plans": [{"Node Type": "Seq Scan", "Parent Relationship": "Outer", "Relation Name": "info_type", "Alias": "it2", "Startup Cost": 0.0, "Total Cost": 2.4, "Plan Rows": 1, "Plan Width": 4, "Actual Startup Time": 0.064, "Actual Total Time": 0.07, "Actual Rows": 1, "Actual Loops": 1, "Filter": "((info)::text = 'votes'::text)", "Rows Removed by Filter": 111}]}]}]}, "Triggers": [], "Planner Runtime": 36.387, "Total Runtime": 2006.86, "Unique SQL Id": 4264520866}}, "(1, '71')": {"explain_plan": {"Plan": {"Node Type": "Aggregate", "Strategy": "Plain", "Startup Cost": 1000014018806.1, "Total Cost": 1000014018806.11, "Plan Rows": 1, "Plan Width": 160, "Plans": [{"Node Type": "Nested Loop", "Parent Relationship": "Outer", "Join Type": "Inner", "Startup Cost": 10000000002.15, "Total Cost": 1000014018806.04, "Plan Rows": 8, "Plan Width": 64, "Inner Unique": true, "Plans": [{"Node Type": "Nested Loop", "Parent Relationship": "Outer", "Join Type": "Inner", "Startup Cost": 10000000001.89, "Total Cost": 1000014018767.49, "Plan Rows": 9, "Plan Width": 59, "Inner Unique": true, "Plans": [{"Node Type": "Nested Loop", "Parent Relationship": "Outer", "Join Type": "Inner", "Startup Cost": 10000000001.63, "Total Cost": 1000014017572.6, "Plan Rows": 279, "Plan Width": 63, "Inner Unique": false, "Join Filter": "(mi_idx.movie_id = mi.movie_id)", "Plans": [{"Node Type": "Nested Loop", "Parent Relationship": "Outer", "Join Type": "Inner", "Startup Cost": 10000000001.24, "Total Cost": 1000014017338.06, "Plan Rows": 52, "Plan Width": 13, "Inner Unique": true, "Plans": [{"Node Type": "Nested Loop", "Parent Relationship": "Outer", "Join Type": "Inner", "Startup Cost": 10000000000.96, "Total Cost": 1000012216357.19, "Plan Rows": 417690, "Plan Width": 17, "Inner Unique": false, "Plans": [{"Node Type": "Nested Loop", "Parent Relationship": "Outer", "Join Type": "Inner", "Startup Cost": 10000000000.26, "Total Cost": 1000010560383.98, "Plan Rows": 345008, "Plan Width": 9, "Inner Unique": true, "Plans": [{"Node Type": "Index Scan", "Parent Relationship": "Outer", "Scan Direction": "Forward", "Index Name": "movie_id_movie_info_idx", "Relation Name": "movie_info_idx", "Alias": "mi_idx", "Startup Cost": 10000000000.0, "Total Cost": 1000004650035.37, "Plan Rows": 1380034, "Plan Width": 13}, {"Node Type": "Bitmap Heap Scan", "Parent Relationship": "Inner", "Relation Name": "info_type", "Alias": "it2", "Startup Cost": 0.26, "Total Cost": 4.27, "Plan Rows": 1, "Plan Width": 4, "Recheck Cond": "(id = mi_idx.info_type_id)", "Filter": "((info)::text = 'votes'::text)", "Plans": [{"Node Type": "Bitmap Index Scan", "Parent Relationship": "Outer", "Index Name": "info_type_pkey", "Startup Cost": 0.0, "Total Cost": 0.26, "Plan Rows": 1, "Plan Width": 0, "Index Cond": "(id = mi_idx.info_type_id)"}]}]}, {"Node Type": "Bitmap Heap Scan", "Parent Relationship": "Inner", "Relation Name": "cast_info", "Alias": "ci", "Startup Cost": 0.7, "Total Cost": 4.79, "Plan Rows": 1, "Plan Width": 8, "Recheck Cond": "(movie_id = mi_idx.movie_id)", "Filter": "((note)::text = ANY ('{(producer),\"(executive producer)\"}'::text[]))", "Plans": [{"Node Type": "Bitmap Index Scan", "Parent Relationship": "Outer", "Index Name": "movie_id_cast_info", "Startup Cost": 0.0, "Total Cost": 0.7, "Plan Rows": 6, "Plan Width": 0, "Index Cond": "(movie_id = mi_idx.movie_id)"}]}]}, {"Node Type": "Bitmap Heap Scan", "Parent Relationship": "Inner", "Relation Name": "name", "Alias": "n", "Startup Cost": 0.28, "Total Cost": 4.3, "Plan Rows": 1, "Plan Width": 4, "Recheck Cond": "(id = ci.person_id)", "Filter": "(((name)::text ~~ '%Tim%'::text) AND ((gender)::text = 'm'::text))", "Plans": [{"Node Type": "Bitmap Index Scan", "Parent Relationship": "Outer", "Index Name": "name_pkey", "Startup Cost": 0.0, "Total Cost": 0.28, "Plan Rows": 1, "Plan Width": 0, "Index Cond": "(id = ci.person_id)"}]}]}, {"Node Type": "Bitmap Heap Scan", "Parent Relationship": "Inner", "Relation Name": "movie_info", "Alias": "mi", "Startup Cost": 0.39, "Total Cost": 4.45, "Plan Rows": 5, "Plan Width": 50, "Recheck Cond": "(movie_id = ci.movie_id)", "Plans": [{"Node Type": "Bitmap Index Scan", "Parent Relationship": "Outer", "Index Name": "movie_id_movie_info", "Startup Cost": 0.0, "Total Cost": 0.38, "Plan Rows": 5, "Plan Width": 0, "Index Cond": "(movie_id = ci.movie_id)"}]}]}, {"Node Type": "Bitmap Heap Scan", "Parent Relationship": "Inner", "Relation Name": "info_type", "Alias": "it1", "Startup Cost": 0.26, "Total Cost": 4.27, "Plan Rows": 1, "Plan Width": 4, "Recheck Cond": "(id = mi.info_type_id)", "Filter": "((info)::text = 'budget'::text)", "Plans": [{"Node Type": "Bitmap Index Scan", "Parent Relationship": "Outer", "Index Name": "info_type_pkey", "Startup Cost": 0.0, "Total Cost": 0.26, "Plan Rows": 1, "Plan Width": 0, "Index Cond": "(id = mi.info_type_id)"}]}]}, {"Node Type": "Bitmap Heap Scan", "Parent Relationship": "Inner", "Relation Name": "title", "Alias": "t", "Startup Cost": 0.26, "Total Cost": 4.27, "Plan Rows": 1, "Plan Width": 21, "Recheck Cond": "(id = mi.movie_id)", "Plans": [{"Node Type": "Bitmap Index Scan", "Parent Relationship": "Outer", "Index Name": "title_pkey", "Startup Cost": 0.0, "Total Cost": 0.26, "Plan Rows": 1, "Plan Width": 0, "Index Cond": "(id = mi.movie_id)"}]}]}]}, "Unique SQL Id": 4264520866, "Planner Runtime": 9}, "explain_analyze_plan": null}, "(1, '72')": {"explain_plan": {"Plan": {"Node Type": "Aggregate", "Strategy": "Plain", "Startup Cost": 121801.41, "Total Cost": 121801.42, "Plan Rows": 1, "Plan Width": 160, "Plans": [{"Node Type": "Nested Loop", "Parent Relationship": "Outer", "Join Type": "Inner", "Startup Cost": 0.0, "Total Cost": 121801.34, "Plan Rows": 9, "Plan Width": 64, "Inner Unique": true, "Plans": [{"Node Type": "Nested Loop", "Parent Relationship": "Outer", "Join Type": "Inner", "Startup Cost": 0.0, "Total Cost": 121798.71, "Plan Rows": 9, "Plan Width": 59, "Inner Unique": true, "Plans": [{"Node Type": "Nested Loop", "Parent Relationship": "Outer", "Join Type": "Inner", "Startup Cost": 0.0, "Total Cost": 121719.89, "Plan Rows": 279, "Plan Width": 63, "Inner Unique": false, "Join Filter": "(mi_idx.movie_id = mi.movie_id)", "Plans": [{"Node Type": "Nested Loop", "Parent Relationship": "Outer", "Join Type": "Inner", "Startup Cost": 0.0, "Total Cost": 121546.26, "Plan Rows": 228, "Plan Width": 13, "Inner Unique": true, "Plans": [{"Node Type": "Nested Loop", "Parent Relationship": "Outer", "Join Type": "Inner", "Startup Cost": 0.0, "Total Cost": 121448.51, "Plan Rows": 346, "Plan Width": 17, "Inner Unique": false, "Plans": [{"Node Type": "Nested Loop", "Parent Relationship": "Outer", "Join Type": "Inner", "Startup Cost": 0.0, "Total Cost": 121351.72, "Plan Rows": 294, "Plan Width": 4, "Inner Unique": false, "Plans": [{"Node Type": "Seq Scan", "Parent Relationship": "Outer", "Relation Name": "name", "Alias": "n", "Startup Cost": 0.0, "Total Cost": 113909.35, "Plan Rows": 173, "Plan Width": 4, "Filter": "(((name)::text ~~ '%Tim%'::text) AND ((gender)::text = 'm'::text))"}, {"Node Type": "Index Scan", "Parent Relationship": "Inner", "Scan Direction": "Forward", "Index Name": "person_id_cast_info", "Relation Name": "cast_info", "Alias": "ci", "Startup Cost": 0.0, "Total Cost": 43.0, "Plan Rows": 2, "Plan Width": 8, "Index Cond": "(person_id = n.id)", "Filter": "((note)::text = ANY ('{(producer),\"(executive producer)\"}'::text[]))"}]}, {"Node Type": "Index Scan", "Parent Relationship": "Inner", "Scan Direction": "Forward", "Index Name": "movie_id_movie_info_idx", "Relation Name": "movie_info_idx", "Alias": "mi_idx", "Startup Cost": 0.0, "Total Cost": 0.31, "Plan Rows": 2, "Plan Width": 13, "Index Cond": "(movie_id = ci.movie_id)"}]}, {"Node Type": "Index Scan", "Parent Relationship": "Inner", "Scan Direction": "Forward", "Index Name": "info_type_pkey", "Relation Name": "info_type", "Alias": "it2", "Startup Cost": 0.0, "Total Cost": 0.27, "Plan Rows": 1, "Plan Width": 4, "Index Cond": "(id = mi_idx.info_type_id)", "Filter": "((info)::text = 'votes'::text)"}]}, {"Node Type": "Index Scan", "Parent Relationship": "Inner", "Scan Direction": "Forward", "Index Name": "movie_id_movie_info", "Relation Name": "movie_info", "Alias": "mi", "Startup Cost": 0.0, "Total Cost": 0.7, "Plan Rows": 5, "Plan Width": 50, "Index Cond": "(movie_id = ci.movie_id)"}]}, {"Node Type": "Index Scan", "Parent Relationship": "Inner", "Scan Direction": "Forward", "Index Name": "info_type_pkey", "Relation Name": "info_type", "Alias": "it1", "Startup Cost": 0.0, "Total Cost": 0.27, "Plan Rows": 1, "Plan Width": 4, "Index Cond": "(id = mi.info_type_id)", "Filter": "((info)::text = 'budget'::text)"}]}, {"Node Type": "Index Scan", "Parent Relationship": "Inner", "Scan Direction": "Forward", "Index Name": "title_pkey", "Relation Name": "title", "Alias": "t", "Startup Cost": 0.0, "Total Cost": 0.28, "Plan Rows": 1, "Plan Width": 21, "Index Cond": "(id = mi.movie_id)"}]}]}, "Unique SQL Id": 4264520866, "Planner Runtime": 37}, "explain_analyze_plan": {"Plan": {"Node Type": "Aggregate", "Strategy": "Plain", "Startup Cost": 121801.41, "Total Cost": 121801.42, "Plan Rows": 1, "Plan Width": 160, "Actual Startup Time": 2151.64, "Actual Total Time": 2151.64, "Actual Rows": 1, "Actual Loops": 1, "Plans": [{"Node Type": "Nested Loop", "Parent Relationship": "Outer", "Join Type": "Inner", "Startup Cost": 0.0, "Total Cost": 121801.34, "Plan Rows": 9, "Plan Width": 64, "Actual Startup Time": 0.939, "Actual Total Time": 2150.702, "Actual Rows": 410, "Actual Loops": 1, "Inner Unique": true, "Plans": [{"Node Type": "Nested Loop", "Parent Relationship": "Outer", "Join Type": "Inner", "Startup Cost": 0.0, "Total Cost": 121798.71, "Plan Rows": 9, "Plan Width": 59, "Actual Startup Time": 0.92, "Actual Total Time": 2146.514, "Actual Rows": 410, "Actual Loops": 1, "Inner Unique": true, "Plans": [{"Node Type": "Nested Loop", "Parent Relationship": "Outer", "Join Type": "Inner", "Startup Cost": 0.0, "Total Cost": 121719.89, "Plan Rows": 279, "Plan Width": 63, "Actual Startup Time": 0.842, "Actual Total Time": 1964.017, "Actual Rows": 82408, "Actual Loops": 1, "Inner Unique": false, "Join Filter": "(mi_idx.movie_id = mi.movie_id)", "Rows Removed by Join Filter": 0, "Plans": [{"Node Type": "Nested Loop", "Parent Relationship": "Outer", "Join Type": "Inner", "Startup Cost": 0.0, "Total Cost": 121546.26, "Plan Rows": 228, "Plan Width": 13, "Actual Startup Time": 0.82, "Actual Total Time": 1833.517, "Actual Rows": 3435, "Actual Loops": 1, "Inner Unique": true, "Plans": [{"Node Type": "Nested Loop", "Parent Relationship": "Outer", "Join Type": "Inner", "Startup Cost": 0.0, "Total Cost": 121448.51, "Plan Rows": 346, "Plan Width": 17, "Actual Startup Time": 0.809, "Actual Total Time": 1807.574, "Actual Rows": 10310, "Actual Loops": 1, "Inner Unique": false, "Plans": [{"Node Type": "Nested Loop", "Parent Relationship": "Outer", "Join Type": "Inner", "Startup Cost": 0.0, "Total Cost": 121351.72, "Plan Rows": 294, "Plan Width": 4, "Actual Startup Time": 0.794, "Actual Total Time": 1770.353, "Actual Rows": 6719, "Actual Loops": 1, "Inner Unique": false, "Plans": [{"Node Type": "Seq Scan", "Parent Relationship": "Outer", "Relation Name": "name", "Alias": "n", "Startup Cost": 0.0, "Total Cost": 113909.35, "Plan Rows": 173, "Plan Width": 4, "Actual Startup Time": 0.245, "Actual Total Time": 1637.624, "Actual Rows": 9062, "Actual Loops": 1, "Filter": "(((name)::text ~~ '%Tim%'::text) AND ((gender)::text = 'm'::text))", "Rows Removed by Filter": 4158428}, {"Node Type": "Index Scan", "Parent Relationship": "Inner", "Scan Direction": "Forward", "Index Name": "person_id_cast_info", "Relation Name": "cast_info", "Alias": "ci", "Startup Cost": 0.0, "Total Cost": 43.0, "Plan Rows": 2, "Plan Width": 8, "Actual Startup Time": 106.784, "Actual Total Time": 125.753, "Actual Rows": 6719, "Actual Loops": 9062, "Index Cond": "(person_id = n.id)", "Rows Removed by Index Recheck": 0, "Filter": "((note)::text = ANY ('{(producer),\"(executive producer)\"}'::text[]))", "Rows Removed by Filter": 89309}]}, {"Node Type": "Index Scan", "Parent Relationship": "Inner", "Scan Direction": "Forward", "Index Name": "movie_id_movie_info_idx", "Relation Name": "movie_info_idx", "Alias": "mi_idx", "Startup Cost": 0.0, "Total Cost": 0.31, "Plan Rows": 2, "Plan Width": 13, "Actual Startup Time": 26.866, "Actual Total Time": 30.86, "Actual Rows": 10310, "Actual Loops": 6719, "Index Cond": "(movie_id = ci.movie_id)", "Rows Removed by Index Recheck": 0}]}, {"Node Type": "Index Scan", "Parent Relationship": "Inner", "Scan Direction": "Forward", "Index Name": "info_type_pkey", "Relation Name": "info_type", "Alias": "it2", "Startup Cost": 0.0, "Total Cost": 0.27, "Plan Rows": 1, "Plan Width": 4, "Actual Startup Time": 19.749, "Actual Total Time": 19.749, "Actual Rows": 3435, "Actual Loops": 10310, "Index Cond": "(id = mi_idx.info_type_id)", "Rows Removed by Index Recheck": 0, "Filter": "((info)::text = 'votes'::text)", "Rows Removed by Filter": 6875}]}, {"Node Type": "Index Scan", "Parent Relationship": "Inner", "Scan Direction": "Forward", "Index Name": "movie_id_movie_info", "Relation Name": "movie_info", "Alias": "mi", "Startup Cost": 0.0, "Total Cost": 0.7, "Plan Rows": 5, "Plan Width": 50, "Actual Startup Time": 24.383, "Actual Total Time": 98.513, "Actual Rows": 82408, "Actual Loops": 3435, "Index Cond": "(movie_id = ci.movie_id)", "Rows Removed by Index Recheck": 0}]}, {"Node Type": "Index Scan", "Parent Relationship": "Inner", "Scan Direction": "Forward", "Index Name": "info_type_pkey", "Relation Name": "info_type", "Alias": "it1", "Startup Cost": 0.0, "Total Cost": 0.27, "Plan Rows": 1, "Plan Width": 4, "Actual Startup Time": 144.413, "Actual Total Time": 144.413, "Actual Rows": 410, "Actual Loops": 82408, "Index Cond": "(id = mi.info_type_id)", "Rows Removed by Index Recheck": 0, "Filter": "((info)::text = 'budget'::text)", "Rows Removed by Filter": 79844}]}, {"Node Type": "Index Scan", "Parent Relationship": "Inner", "Scan Direction": "Forward", "Index Name": "title_pkey", "Relation Name": "title", "Alias": "t", "Startup Cost": 0.0, "Total Cost": 0.28, "Plan Rows": 1, "Plan Width": 21, "Actual Startup Time": 3.547, "Actual Total Time": 3.547, "Actual Rows": 410, "Actual Loops": 410, "Index Cond": "(id = mi.movie_id)", "Rows Removed by Index Recheck": 0}]}]}, "Triggers": [], "Planner Runtime": 37.989, "Total Runtime": 2151.963, "Unique SQL Id": 4264520866}}, "(1, '73')": {"explain_plan": {"Plan": {"Node Type": "Aggregate", "Strategy": "Plain", "Startup Cost": 204962.25, "Total Cost": 204962.26, "Plan Rows": 1, "Plan Width": 160, "Plans": [{"Node Type": "Nested Loop", "Parent Relationship": "Outer", "Join Type": "Inner", "Startup Cost": 0.0, "Total Cost": 204962.19, "Plan Rows": 9, "Plan Width": 64, "Inner Unique": true, "Plans": [{"Node Type": "Nested Loop", "Parent Relationship": "Outer", "Join Type": "Inner", "Startup Cost": 0.0, "Total Cost": 204959.56, "Plan Rows": 9, "Plan Width": 59, "Inner Unique": true, "Plans": [{"Node Type": "Nested Loop", "Parent Relationship": "Outer", "Join Type": "Inner", "Startup Cost": 0.0, "Total Cost": 204880.74, "Plan Rows": 279, "Plan Width": 63, "Inner Unique": false, "Join Filter": "(mi_idx.movie_id = mi.movie_id)", "Plans": [{"Node Type": "Nested Loop", "Parent Relationship": "Outer", "Join Type": "Inner", "Startup Cost": 0.0, "Total Cost": 204707.1, "Plan Rows": 228, "Plan Width": 13, "Inner Unique": true, "Plans": [{"Node Type": "Nested Loop", "Parent Relationship": "Outer", "Join Type": "Inner", "Startup Cost": 0.0, "Total Cost": 204609.36, "Plan Rows": 346, "Plan Width": 17, "Inner Unique": false, "Plans": [{"Node Type": "Nested Loop", "Parent Relationship": "Outer", "Join Type": "Inner", "Startup Cost": 0.0, "Total Cost": 204512.56, "Plan Rows": 294, "Plan Width": 4, "Inner Unique": false, "Plans": [{"Node Type": "Index Scan", "Parent Relationship": "Outer", "Scan Direction": "Forward", "Index Name": "name_pkey", "Relation Name": "name", "Alias": "n", "Startup Cost": 0.0, "Total Cost": 197070.2, "Plan Rows": 173, "Plan Width": 4, "Filter": "(((name)::text ~~ '%Tim%'::text) AND ((gender)::text = 'm'::text))"}, {"Node Type": "Index Scan", "Parent Relationship": "Inner", "Scan Direction": "Forward", "Index Name": "person_id_cast_info", "Relation Name": "cast_info", "Alias": "ci", "Startup Cost": 0.0, "Total Cost": 43.0, "Plan Rows": 2, "Plan Width": 8, "Index Cond": "(person_id = n.id)", "Filter": "((note)::text = ANY ('{(producer),\"(executive producer)\"}'::text[]))"}]}, {"Node Type": "Index Scan", "Parent Relationship": "Inner", "Scan Direction": "Forward", "Index Name": "movie_id_movie_info_idx", "Relation Name": "movie_info_idx", "Alias": "mi_idx", "Startup Cost": 0.0, "Total Cost": 0.31, "Plan Rows": 2, "Plan Width": 13, "Index Cond": "(movie_id = ci.movie_id)"}]}, {"Node Type": "Index Scan", "Parent Relationship": "Inner", "Scan Direction": "Forward", "Index Name": "info_type_pkey", "Relation Name": "info_type", "Alias": "it2", "Startup Cost": 0.0, "Total Cost": 0.27, "Plan Rows": 1, "Plan Width": 4, "Index Cond": "(id = mi_idx.info_type_id)", "Filter": "((info)::text = 'votes'::text)"}]}, {"Node Type": "Index Scan", "Parent Relationship": "Inner", "Scan Direction": "Forward", "Index Name": "movie_id_movie_info", "Relation Name": "movie_info", "Alias": "mi", "Startup Cost": 0.0, "Total Cost": 0.7, "Plan Rows": 5, "Plan Width": 50, "Index Cond": "(movie_id = ci.movie_id)"}]}, {"Node Type": "Index Scan", "Parent Relationship": "Inner", "Scan Direction": "Forward", "Index Name": "info_type_pkey", "Relation Name": "info_type", "Alias": "it1", "Startup Cost": 0.0, "Total Cost": 0.27, "Plan Rows": 1, "Plan Width": 4, "Index Cond": "(id = mi.info_type_id)", "Filter": "((info)::text = 'budget'::text)"}]}, {"Node Type": "Index Scan", "Parent Relationship": "Inner", "Scan Direction": "Forward", "Index Name": "title_pkey", "Relation Name": "title", "Alias": "t", "Startup Cost": 0.0, "Total Cost": 0.28, "Plan Rows": 1, "Plan Width": 21, "Index Cond": "(id = mi.movie_id)"}]}]}, "Unique SQL Id": 4264520866, "Planner Runtime": 32}, "explain_analyze_plan": null}, "(1, '74')": {"explain_plan": {"Plan": {"Node Type": "Aggregate", "Strategy": "Plain", "Startup Cost": 1247064.0, "Total Cost": 1247064.01, "Plan Rows": 1, "Plan Width": 160, "Plans": [{"Node Type": "Hash Join", "Parent Relationship": "Outer", "Join Type": "Inner", "Startup Cost": 909883.45, "Total Cost": 1247063.61, "Plan Rows": 51, "Plan Width": 64, "Inner Unique": true, "Hash Cond": "(mi_idx.info_type_id = it2.id)", "Plans": [{"Node Type": "Hash Join", "Parent Relationship": "Outer", "Join Type": "Inner", "Startup Cost": 909881.03, "Total Cost": 1247061.02, "Plan Rows": 34, "Plan Width": 68, "Inner Unique": false, "Hash Cond": "(mi.movie_id = t.id)", "Plans": [{"Node Type": "Hash Join", "Parent Relationship": "Outer", "Join Type": "Inner", "Startup Cost": 2.41, "Total Cost": 336382.21, "Plan Rows": 212428, "Plan Width": 46, "Inner Unique": true, "Hash Cond": "(mi.info_type_id = it1.id), (LLVM Optimized)", "Plans": [{"Node Type": "Seq Scan", "Parent Relationship": "Outer", "Relation Name": "movie_info", "Alias": "mi", "Startup Cost": 0.0, "Total Cost": 296987.66, "Plan Rows": 14869966, "Plan Width": 50}, {"Node Type": "Hash", "Parent Relationship": "Inner", "Startup Cost": 2.4, "Total Cost": 2.4, "Plan Rows": 1, "Plan Width": 4, "Plans": [{"Node Type": "Seq Scan", "Parent Relationship": "Outer", "Relation Name": "info_type", "Alias": "it1", "Startup Cost": 0.0, "Total Cost": 2.4, "Plan Rows": 1, "Plan Width": 4, "Filter": "((info)::text = 'budget'::text)"}]}]}, {"Node Type": "Hash", "Parent Relationship": "Inner", "Startup Cost": 909874.3, "Total Cost": 909874.3, "Plan Rows": 346, "Plan Width": 38, "Plans": [{"Node Type": "Hash Join", "Parent Relationship": "Outer", "Join Type": "Inner", "Startup Cost": 840320.56, "Total Cost": 909874.3, "Plan Rows": 346, "Plan Width": 38, "Inner Unique": false, "Hash Cond": "(t.id = mi_idx.movie_id)", "Plans": [{"Node Type": "Seq Scan", "Parent Relationship": "Outer", "Relation Name": "title", "Alias": "t", "Startup Cost": 0.0, "Total Cost": 60069.11, "Plan Rows": 2528311, "Plan Width": 21}, {"Node Type": "Hash", "Parent Relationship": "Inner", "Startup Cost": 840316.24, "Total Cost": 840316.24, "Plan Rows": 346, "Plan Width": 17, "Plans": [{"Node Type": "Hash Join", "Parent Relationship": "Outer", "Join Type": "Inner", "Startup Cost": 814862.25, "Total Cost": 840316.24, "Plan Rows": 346, "Plan Width": 17, "Inner Unique": false, "Hash Cond": "(mi_idx.movie_id = ci.movie_id)", "Plans": [{"Node Type": "Seq Scan", "Parent Relationship": "Outer", "Relation Name": "movie_info_idx", "Alias": "mi_idx", "Startup Cost": 0.0, "Total Cost": 20274.34, "Plan Rows": 1380034, "Plan Width": 13}, {"Node Type": "Hash", "Parent Relationship": "Inner", "Startup Cost": 814858.57, "Total Cost": 814858.57, "Plan Rows": 294, "Plan Width": 4, "Plans": [{"Node Type": "Hash Join", "Parent Relationship": "Outer", "Join Type": "Inner", "Startup Cost": 113911.51, "Total Cost": 814858.57, "Plan Rows": 294, "Plan Width": 4, "Inner Unique": true, "Hash Cond": "(ci.person_id = n.id)", "Plans": [{"Node Type": "Seq Scan", "Parent Relationship": "Outer", "Relation Name": "cast_info", "Alias": "ci", "Startup Cost": 0.0, "Total Cost": 692526.68, "Plan Rows": 2350421, "Plan Width": 8, "Filter": "((note)::text = ANY ('{(producer),\"(executive producer)\"}'::text[]))"}, {"Node Type": "Hash", "Parent Relationship": "Inner", "Startup Cost": 113909.35, "Total Cost": 113909.35, "Plan Rows": 173, "Plan Width": 4, "Plans": [{"Node Type": "Seq Scan", "Parent Relationship": "Outer", "Relation Name": "name", "Alias": "n", "Startup Cost": 0.0, "Total Cost": 113909.35, "Plan Rows": 173, "Plan Width": 4, "Filter": "(((name)::text ~~ '%Tim%'::text) AND ((gender)::text = 'm'::text))"}]}]}]}]}]}]}]}]}, {"Node Type": "Hash", "Parent Relationship": "Inner", "Startup Cost": 2.4, "Total Cost": 2.4, "Plan Rows": 1, "Plan Width": 4, "Plans": [{"Node Type": "Seq Scan", "Parent Relationship": "Outer", "Relation Name": "info_type", "Alias": "it2", "Startup Cost": 0.0, "Total Cost": 2.4, "Plan Rows": 1, "Plan Width": 4, "Filter": "((info)::text = 'votes'::text)"}]}]}]}, "Unique SQL Id": 4264520866, "Planner Runtime": 45}, "explain_analyze_plan": null}, "(1, '75')": {"explain_plan": {"Plan": {"Node Type": "Aggregate", "Strategy": "Plain", "Startup Cost": 6995106580785.5, "Total Cost": 6995106580785.51, "Plan Rows": 1, "Plan Width": 160, "Plans": [{"Node Type": "Hash Join", "Parent Relationship": "Outer", "Join Type": "Inner", "Startup Cost": 3040056437186.07, "Total Cost": 6995106580785.12, "Plan Rows": 51, "Plan Width": 64, "Inner Unique": true, "Hash Cond": "(mi_idx.info_type_id = it2.id)", "Plans": [{"Node Type": "Hash Join", "Parent Relationship": "Outer", "Join Type": "Inner", "Startup Cost": 2040056435765.06, "Total Cost": 5995106579363.0, "Plan Rows": 204, "Plan Width": 68, "Inner Unique": true, "Hash Cond": "(ci.person_id = n.id)", "Plans": [{"Node Type": "Hash Join", "Parent Relationship": "Outer", "Join Type": "Inner", "Startup Cost": 1040036728743.19, "Total Cost": 4995086871412.39, "Plan Rows": 273399, "Plan Width": 72, "Inner Unique": true, "Hash Cond": "(mi.info_type_id = it1.id), (LLVM Optimized)", "Plans": [{"Node Type": "Merge Join", "Parent Relationship": "Outer", "Join Type": "Inner", "Startup Cost": 40036727322.18, "Total Cost": 3995086846354.37, "Plan Rows": 8922631, "Plan Width": 76, "Inner Unique": false, "Merge Cond": "(mi_idx.movie_id = t.id)", "Plans": [{"Node Type": "Index Scan", "Parent Relationship": "Outer", "Scan Direction": "Forward", "Index Name": "movie_id_movie_info_idx", "Relation Name": "movie_info_idx", "Alias": "mi_idx", "Startup Cost": 10000000000.0, "Total Cost": 1000004650035.37, "Plan Rows": 1380034, "Plan Width": 13}, {"Node Type": "Materialize", "Parent Relationship": "Inner", "Startup Cost": 30030988306.16, "Total Cost": 2997863868685.69, "Plan Rows": 12453649, "Plan Width": 79, "Plans": [{"Node Type": "Merge Join", "Parent Relationship": "Outer", "Join Type": "Inner", "Startup Cost": 30030988306.16, "Total Cost": 2997863837551.57, "Plan Rows": 12453649, "Plan Width": 79, "Inner Unique": false, "Merge Cond": "(ci.movie_id = t.id)", "Plans": [{"Node Type": "Index Scan", "Parent Relationship": "Outer", "Scan Direction": "Forward", "Index Name": "movie_id_cast_info", "Relation Name": "cast_info", "Alias": "ci", "Startup Cost": 10000000000.0, "Total Cost": 1000214997262.8, "Plan Rows": 2350421, "Plan Width": 8, "Filter": "((note)::text = ANY ('{(producer),\"(executive producer)\"}'::text[]))"}, {"Node Type": "Materialize", "Parent Relationship": "Inner", "Startup Cost": 20024668916.98, "Total Cost": 1999413737845.62, "Plan Rows": 13396577, "Plan Width": 71, "Plans": [{"Node Type": "Merge Join", "Parent Relationship": "Outer", "Join Type": "Inner", "Startup Cost": 20024668916.98, "Total Cost": 1999413704354.18, "Plan Rows": 13396577, "Plan Width": 71, "Inner Unique": false, "Merge Cond": "(t.id = mi.movie_id)", "Plans": [{"Node Type": "Index Scan", "Parent Relationship": "Outer", "Scan Direction": "Forward", "Index Name": "title_pkey", "Relation Name": "title", "Alias": "t", "Startup Cost": 10000000000.0, "Total Cost": 1000011012048.91, "Plan Rows": 2528311, "Plan Width": 21}, {"Node Type": "Index Scan", "Parent Relationship": "Inner", "Scan Direction": "Forward", "Index Name": "movie_id_movie_info", "Relation Name": "movie_info", "Alias": "mi", "Startup Cost": 10000000000.0, "Total Cost": 1000103816912.22, "Plan Rows": 14869966, "Plan Width": 50}]}]}]}]}]}, {"Node Type": "Hash", "Parent Relationship": "Inner", "Startup Cost": 1000000001421.0, "Total Cost": 1000000001421.0, "Plan Rows": 1, "Plan Width": 4, "Plans": [{"Node Type": "Index Scan", "Parent Relationship": "Outer", "Scan Direction": "Forward", "Index Name": "info_type_pkey", "Relation Name": "info_type", "Alias": "it1", "Startup Cost": 10000000000.0, "Total Cost": 1000000001421.0, "Plan Rows": 1, "Plan Width": 4, "Filter": "((info)::text = 'budget'::text)"}]}]}, {"Node Type": "Hash", "Parent Relationship": "Inner", "Startup Cost": 1000019707019.7, "Total Cost": 1000019707019.7, "Plan Rows": 173, "Plan Width": 4, "Plans": [{"Node Type": "Index Scan", "Parent Relationship": "Outer", "Scan Direction": "Forward", "Index Name": "name_pkey", "Relation Name": "name", "Alias": "n", "Startup Cost": 10000000000.0, "Total Cost": 1000019707019.7, "Plan Rows": 173, "Plan Width": 4, "Filter": "(((name)::text ~~ '%Tim%'::text) AND ((gender)::text = 'm'::text))"}]}]}, {"Node Type": "Hash", "Parent Relationship": "Inner", "Startup Cost": 1000000001421.0, "Total Cost": 1000000001421.0, "Plan Rows": 1, "Plan Width": 4, "Plans": [{"Node Type": "Index Scan", "Parent Relationship": "Outer", "Scan Direction": "Forward", "Index Name": "info_type_pkey", "Relation Name": "info_type", "Alias": "it2", "Startup Cost": 10000000000.0, "Total Cost": 1000000001421.0, "Plan Rows": 1, "Plan Width": 4, "Filter": "((info)::text = 'votes'::text)"}]}]}]}, "Unique SQL Id": 4264520866, "Planner Runtime": 87}, "explain_analyze_plan": null}, "(1, '76')": {"explain_plan": {"Plan": {"Node Type": "Aggregate", "Strategy": "Plain", "Startup Cost": 121801.41, "Total Cost": 121801.42, "Plan Rows": 1, "Plan Width": 160, "Plans": [{"Node Type": "Nested Loop", "Parent Relationship": "Outer", "Join Type": "Inner", "Startup Cost": 0.0, "Total Cost": 121801.34, "Plan Rows": 9, "Plan Width": 64, "Inner Unique": true, "Plans": [{"Node Type": "Nested Loop", "Parent Relationship": "Outer", "Join Type": "Inner", "Startup Cost": 0.0, "Total Cost": 121798.71, "Plan Rows": 9, "Plan Width": 59, "Inner Unique": true, "Plans": [{"Node Type": "Nested Loop", "Parent Relationship": "Outer", "Join Type": "Inner", "Startup Cost": 0.0, "Total Cost": 121719.89, "Plan Rows": 279, "Plan Width": 63, "Inner Unique": false, "Join Filter": "(mi_idx.movie_id = mi.movie_id)", "Plans": [{"Node Type": "Nested Loop", "Parent Relationship": "Outer", "Join Type": "Inner", "Startup Cost": 0.0, "Total Cost": 121546.26, "Plan Rows": 228, "Plan Width": 13, "Inner Unique": true, "Plans": [{"Node Type": "Nested Loop", "Parent Relationship": "Outer", "Join Type": "Inner", "Startup Cost": 0.0, "Total Cost": 121448.51, "Plan Rows": 346, "Plan Width": 17, "Inner Unique": false, "Plans": [{"Node Type": "Nested Loop", "Parent Relationship": "Outer", "Join Type": "Inner", "Startup Cost": 0.0, "Total Cost": 121351.72, "Plan Rows": 294, "Plan Width": 4, "Inner Unique": false, "Plans": [{"Node Type": "Seq Scan", "Parent Relationship": "Outer", "Relation Name": "name", "Alias": "n", "Startup Cost": 0.0, "Total Cost": 113909.35, "Plan Rows": 173, "Plan Width": 4, "Filter": "(((name)::text ~~ '%Tim%'::text) AND ((gender)::text = 'm'::text))"}, {"Node Type": "Index Scan", "Parent Relationship": "Inner", "Scan Direction": "Forward", "Index Name": "person_id_cast_info", "Relation Name": "cast_info", "Alias": "ci", "Startup Cost": 0.0, "Total Cost": 43.0, "Plan Rows": 2, "Plan Width": 8, "Index Cond": "(person_id = n.id)", "Filter": "((note)::text = ANY ('{(producer),\"(executive producer)\"}'::text[]))"}]}, {"Node Type": "Index Scan", "Parent Relationship": "Inner", "Scan Direction": "Forward", "Index Name": "movie_id_movie_info_idx", "Relation Name": "movie_info_idx", "Alias": "mi_idx", "Startup Cost": 0.0, "Total Cost": 0.31, "Plan Rows": 2, "Plan Width": 13, "Index Cond": "(movie_id = ci.movie_id)"}]}, {"Node Type": "Index Scan", "Parent Relationship": "Inner", "Scan Direction": "Forward", "Index Name": "info_type_pkey", "Relation Name": "info_type", "Alias": "it2", "Startup Cost": 0.0, "Total Cost": 0.27, "Plan Rows": 1, "Plan Width": 4, "Index Cond": "(id = mi_idx.info_type_id)", "Filter": "((info)::text = 'votes'::text)"}]}, {"Node Type": "Index Scan", "Parent Relationship": "Inner", "Scan Direction": "Forward", "Index Name": "movie_id_movie_info", "Relation Name": "movie_info", "Alias": "mi", "Startup Cost": 0.0, "Total Cost": 0.7, "Plan Rows": 5, "Plan Width": 50, "Index Cond": "(movie_id = ci.movie_id)"}]}, {"Node Type": "Index Scan", "Parent Relationship": "Inner", "Scan Direction": "Forward", "Index Name": "info_type_pkey", "Relation Name": "info_type", "Alias": "it1", "Startup Cost": 0.0, "Total Cost": 0.27, "Plan Rows": 1, "Plan Width": 4, "Index Cond": "(id = mi.info_type_id)", "Filter": "((info)::text = 'budget'::text)"}]}, {"Node Type": "Index Scan", "Parent Relationship": "Inner", "Scan Direction": "Forward", "Index Name": "title_pkey", "Relation Name": "title", "Alias": "t", "Startup Cost": 0.0, "Total Cost": 0.28, "Plan Rows": 1, "Plan Width": 21, "Index Cond": "(id = mi.movie_id)"}]}]}, "Unique SQL Id": 4264520866, "Planner Runtime": 38}, "explain_analyze_plan": {"Plan": {"Node Type": "Aggregate", "Strategy": "Plain", "Startup Cost": 121801.41, "Total Cost": 121801.42, "Plan Rows": 1, "Plan Width": 160, "Actual Startup Time": 2151.64, "Actual Total Time": 2151.64, "Actual Rows": 1, "Actual Loops": 1, "Plans": [{"Node Type": "Nested Loop", "Parent Relationship": "Outer", "Join Type": "Inner", "Startup Cost": 0.0, "Total Cost": 121801.34, "Plan Rows": 9, "Plan Width": 64, "Actual Startup Time": 0.939, "Actual Total Time": 2150.702, "Actual Rows": 410, "Actual Loops": 1, "Inner Unique": true, "Plans": [{"Node Type": "Nested Loop", "Parent Relationship": "Outer", "Join Type": "Inner", "Startup Cost": 0.0, "Total Cost": 121798.71, "Plan Rows": 9, "Plan Width": 59, "Actual Startup Time": 0.92, "Actual Total Time": 2146.514, "Actual Rows": 410, "Actual Loops": 1, "Inner Unique": true, "Plans": [{"Node Type": "Nested Loop", "Parent Relationship": "Outer", "Join Type": "Inner", "Startup Cost": 0.0, "Total Cost": 121719.89, "Plan Rows": 279, "Plan Width": 63, "Actual Startup Time": 0.842, "Actual Total Time": 1964.017, "Actual Rows": 82408, "Actual Loops": 1, "Inner Unique": false, "Join Filter": "(mi_idx.movie_id = mi.movie_id)", "Rows Removed by Join Filter": 0, "Plans": [{"Node Type": "Nested Loop", "Parent Relationship": "Outer", "Join Type": "Inner", "Startup Cost": 0.0, "Total Cost": 121546.26, "Plan Rows": 228, "Plan Width": 13, "Actual Startup Time": 0.82, "Actual Total Time": 1833.517, "Actual Rows": 3435, "Actual Loops": 1, "Inner Unique": true, "Plans": [{"Node Type": "Nested Loop", "Parent Relationship": "Outer", "Join Type": "Inner", "Startup Cost": 0.0, "Total Cost": 121448.51, "Plan Rows": 346, "Plan Width": 17, "Actual Startup Time": 0.809, "Actual Total Time": 1807.574, "Actual Rows": 10310, "Actual Loops": 1, "Inner Unique": false, "Plans": [{"Node Type": "Nested Loop", "Parent Relationship": "Outer", "Join Type": "Inner", "Startup Cost": 0.0, "Total Cost": 121351.72, "Plan Rows": 294, "Plan Width": 4, "Actual Startup Time": 0.794, "Actual Total Time": 1770.353, "Actual Rows": 6719, "Actual Loops": 1, "Inner Unique": false, "Plans": [{"Node Type": "Seq Scan", "Parent Relationship": "Outer", "Relation Name": "name", "Alias": "n", "Startup Cost": 0.0, "Total Cost": 113909.35, "Plan Rows": 173, "Plan Width": 4, "Actual Startup Time": 0.245, "Actual Total Time": 1637.624, "Actual Rows": 9062, "Actual Loops": 1, "Filter": "(((name)::text ~~ '%Tim%'::text) AND ((gender)::text = 'm'::text))", "Rows Removed by Filter": 4158428}, {"Node Type": "Index Scan", "Parent Relationship": "Inner", "Scan Direction": "Forward", "Index Name": "person_id_cast_info", "Relation Name": "cast_info", "Alias": "ci", "Startup Cost": 0.0, "Total Cost": 43.0, "Plan Rows": 2, "Plan Width": 8, "Actual Startup Time": 106.784, "Actual Total Time": 125.753, "Actual Rows": 6719, "Actual Loops": 9062, "Index Cond": "(person_id = n.id)", "Rows Removed by Index Recheck": 0, "Filter": "((note)::text = ANY ('{(producer),\"(executive producer)\"}'::text[]))", "Rows Removed by Filter": 89309}]}, {"Node Type": "Index Scan", "Parent Relationship": "Inner", "Scan Direction": "Forward", "Index Name": "movie_id_movie_info_idx", "Relation Name": "movie_info_idx", "Alias": "mi_idx", "Startup Cost": 0.0, "Total Cost": 0.31, "Plan Rows": 2, "Plan Width": 13, "Actual Startup Time": 26.866, "Actual Total Time": 30.86, "Actual Rows": 10310, "Actual Loops": 6719, "Index Cond": "(movie_id = ci.movie_id)", "Rows Removed by Index Recheck": 0}]}, {"Node Type": "Index Scan", "Parent Relationship": "Inner", "Scan Direction": "Forward", "Index Name": "info_type_pkey", "Relation Name": "info_type", "Alias": "it2", "Startup Cost": 0.0, "Total Cost": 0.27, "Plan Rows": 1, "Plan Width": 4, "Actual Startup Time": 19.749, "Actual Total Time": 19.749, "Actual Rows": 3435, "Actual Loops": 10310, "Index Cond": "(id = mi_idx.info_type_id)", "Rows Removed by Index Recheck": 0, "Filter": "((info)::text = 'votes'::text)", "Rows Removed by Filter": 6875}]}, {"Node Type": "Index Scan", "Parent Relationship": "Inner", "Scan Direction": "Forward", "Index Name": "movie_id_movie_info", "Relation Name": "movie_info", "Alias": "mi", "Startup Cost": 0.0, "Total Cost": 0.7, "Plan Rows": 5, "Plan Width": 50, "Actual Startup Time": 24.383, "Actual Total Time": 98.513, "Actual Rows": 82408, "Actual Loops": 3435, "Index Cond": "(movie_id = ci.movie_id)", "Rows Removed by Index Recheck": 0}]}, {"Node Type": "Index Scan", "Parent Relationship": "Inner", "Scan Direction": "Forward", "Index Name": "info_type_pkey", "Relation Name": "info_type", "Alias": "it1", "Startup Cost": 0.0, "Total Cost": 0.27, "Plan Rows": 1, "Plan Width": 4, "Actual Startup Time": 144.413, "Actual Total Time": 144.413, "Actual Rows": 410, "Actual Loops": 82408, "Index Cond": "(id = mi.info_type_id)", "Rows Removed by Index Recheck": 0, "Filter": "((info)::text = 'budget'::text)", "Rows Removed by Filter": 79844}]}, {"Node Type": "Index Scan", "Parent Relationship": "Inner", "Scan Direction": "Forward", "Index Name": "title_pkey", "Relation Name": "title", "Alias": "t", "Startup Cost": 0.0, "Total Cost": 0.28, "Plan Rows": 1, "Plan Width": 21, "Actual Startup Time": 3.547, "Actual Total Time": 3.547, "Actual Rows": 410, "Actual Loops": 410, "Index Cond": "(id = mi.movie_id)", "Rows Removed by Index Recheck": 0}]}]}, "Triggers": [], "Planner Runtime": 37.989, "Total Runtime": 2151.963, "Unique SQL Id": 4264520866}}, "(1, '77')": {"explain_plan": {"Plan": {"Node Type": "Aggregate", "Strategy": "Plain", "Startup Cost": 204962.25, "Total Cost": 204962.26, "Plan Rows": 1, "Plan Width": 160, "Plans": [{"Node Type": "Nested Loop", "Parent Relationship": "Outer", "Join Type": "Inner", "Startup Cost": 0.0, "Total Cost": 204962.19, "Plan Rows": 9, "Plan Width": 64, "Inner Unique": true, "Plans": [{"Node Type": "Nested Loop", "Parent Relationship": "Outer", "Join Type": "Inner", "Startup Cost": 0.0, "Total Cost": 204959.56, "Plan Rows": 9, "Plan Width": 59, "Inner Unique": true, "Plans": [{"Node Type": "Nested Loop", "Parent Relationship": "Outer", "Join Type": "Inner", "Startup Cost": 0.0, "Total Cost": 204880.74, "Plan Rows": 279, "Plan Width": 63, "Inner Unique": false, "Join Filter": "(mi_idx.movie_id = mi.movie_id)", "Plans": [{"Node Type": "Nested Loop", "Parent Relationship": "Outer", "Join Type": "Inner", "Startup Cost": 0.0, "Total Cost": 204707.1, "Plan Rows": 228, "Plan Width": 13, "Inner Unique": true, "Plans": [{"Node Type": "Nested Loop", "Parent Relationship": "Outer", "Join Type": "Inner", "Startup Cost": 0.0, "Total Cost": 204609.36, "Plan Rows": 346, "Plan Width": 17, "Inner Unique": false, "Plans": [{"Node Type": "Nested Loop", "Parent Relationship": "Outer", "Join Type": "Inner", "Startup Cost": 0.0, "Total Cost": 204512.56, "Plan Rows": 294, "Plan Width": 4, "Inner Unique": false, "Plans": [{"Node Type": "Index Scan", "Parent Relationship": "Outer", "Scan Direction": "Forward", "Index Name": "name_pkey", "Relation Name": "name", "Alias": "n", "Startup Cost": 0.0, "Total Cost": 197070.2, "Plan Rows": 173, "Plan Width": 4, "Filter": "(((name)::text ~~ '%Tim%'::text) AND ((gender)::text = 'm'::text))"}, {"Node Type": "Index Scan", "Parent Relationship": "Inner", "Scan Direction": "Forward", "Index Name": "person_id_cast_info", "Relation Name": "cast_info", "Alias": "ci", "Startup Cost": 0.0, "Total Cost": 43.0, "Plan Rows": 2, "Plan Width": 8, "Index Cond": "(person_id = n.id)", "Filter": "((note)::text = ANY ('{(producer),\"(executive producer)\"}'::text[]))"}]}, {"Node Type": "Index Scan", "Parent Relationship": "Inner", "Scan Direction": "Forward", "Index Name": "movie_id_movie_info_idx", "Relation Name": "movie_info_idx", "Alias": "mi_idx", "Startup Cost": 0.0, "Total Cost": 0.31, "Plan Rows": 2, "Plan Width": 13, "Index Cond": "(movie_id = ci.movie_id)"}]}, {"Node Type": "Index Scan", "Parent Relationship": "Inner", "Scan Direction": "Forward", "Index Name": "info_type_pkey", "Relation Name": "info_type", "Alias": "it2", "Startup Cost": 0.0, "Total Cost": 0.27, "Plan Rows": 1, "Plan Width": 4, "Index Cond": "(id = mi_idx.info_type_id)", "Filter": "((info)::text = 'votes'::text)"}]}, {"Node Type": "Index Scan", "Parent Relationship": "Inner", "Scan Direction": "Forward", "Index Name": "movie_id_movie_info", "Relation Name": "movie_info", "Alias": "mi", "Startup Cost": 0.0, "Total Cost": 0.7, "Plan Rows": 5, "Plan Width": 50, "Index Cond": "(movie_id = ci.movie_id)"}]}, {"Node Type": "Index Scan", "Parent Relationship": "Inner", "Scan Direction": "Forward", "Index Name": "info_type_pkey", "Relation Name": "info_type", "Alias": "it1", "Startup Cost": 0.0, "Total Cost": 0.27, "Plan Rows": 1, "Plan Width": 4, "Index Cond": "(id = mi.info_type_id)", "Filter": "((info)::text = 'budget'::text)"}]}, {"Node Type": "Index Scan", "Parent Relationship": "Inner", "Scan Direction": "Forward", "Index Name": "title_pkey", "Relation Name": "title", "Alias": "t", "Startup Cost": 0.0, "Total Cost": 0.28, "Plan Rows": 1, "Plan Width": 21, "Index Cond": "(id = mi.movie_id)"}]}]}, "Unique SQL Id": 4264520866, "Planner Runtime": 32}, "explain_analyze_plan": null}, "(1, '78')": {"explain_plan": {"Plan": {"Node Type": "Aggregate", "Strategy": "Plain", "Startup Cost": 1247064.0, "Total Cost": 1247064.01, "Plan Rows": 1, "Plan Width": 160, "Plans": [{"Node Type": "Hash Join", "Parent Relationship": "Outer", "Join Type": "Inner", "Startup Cost": 909883.45, "Total Cost": 1247063.61, "Plan Rows": 51, "Plan Width": 64, "Inner Unique": true, "Hash Cond": "(mi_idx.info_type_id = it2.id)", "Plans": [{"Node Type": "Hash Join", "Parent Relationship": "Outer", "Join Type": "Inner", "Startup Cost": 909881.03, "Total Cost": 1247061.02, "Plan Rows": 34, "Plan Width": 68, "Inner Unique": false, "Hash Cond": "(mi.movie_id = t.id)", "Plans": [{"Node Type": "Hash Join", "Parent Relationship": "Outer", "Join Type": "Inner", "Startup Cost": 2.41, "Total Cost": 336382.21, "Plan Rows": 212428, "Plan Width": 46, "Inner Unique": true, "Hash Cond": "(mi.info_type_id = it1.id), (LLVM Optimized)", "Plans": [{"Node Type": "Seq Scan", "Parent Relationship": "Outer", "Relation Name": "movie_info", "Alias": "mi", "Startup Cost": 0.0, "Total Cost": 296987.66, "Plan Rows": 14869966, "Plan Width": 50}, {"Node Type": "Hash", "Parent Relationship": "Inner", "Startup Cost": 2.4, "Total Cost": 2.4, "Plan Rows": 1, "Plan Width": 4, "Plans": [{"Node Type": "Seq Scan", "Parent Relationship": "Outer", "Relation Name": "info_type", "Alias": "it1", "Startup Cost": 0.0, "Total Cost": 2.4, "Plan Rows": 1, "Plan Width": 4, "Filter": "((info)::text = 'budget'::text)"}]}]}, {"Node Type": "Hash", "Parent Relationship": "Inner", "Startup Cost": 909874.3, "Total Cost": 909874.3, "Plan Rows": 346, "Plan Width": 38, "Plans": [{"Node Type": "Hash Join", "Parent Relationship": "Outer", "Join Type": "Inner", "Startup Cost": 840320.56, "Total Cost": 909874.3, "Plan Rows": 346, "Plan Width": 38, "Inner Unique": false, "Hash Cond": "(t.id = mi_idx.movie_id)", "Plans": [{"Node Type": "Seq Scan", "Parent Relationship": "Outer", "Relation Name": "title", "Alias": "t", "Startup Cost": 0.0, "Total Cost": 60069.11, "Plan Rows": 2528311, "Plan Width": 21}, {"Node Type": "Hash", "Parent Relationship": "Inner", "Startup Cost": 840316.24, "Total Cost": 840316.24, "Plan Rows": 346, "Plan Width": 17, "Plans": [{"Node Type": "Hash Join", "Parent Relationship": "Outer", "Join Type": "Inner", "Startup Cost": 814862.25, "Total Cost": 840316.24, "Plan Rows": 346, "Plan Width": 17, "Inner Unique": false, "Hash Cond": "(mi_idx.movie_id = ci.movie_id)", "Plans": [{"Node Type": "Seq Scan", "Parent Relationship": "Outer", "Relation Name": "movie_info_idx", "Alias": "mi_idx", "Startup Cost": 0.0, "Total Cost": 20274.34, "Plan Rows": 1380034, "Plan Width": 13}, {"Node Type": "Hash", "Parent Relationship": "Inner", "Startup Cost": 814858.57, "Total Cost": 814858.57, "Plan Rows": 294, "Plan Width": 4, "Plans": [{"Node Type": "Hash Join", "Parent Relationship": "Outer", "Join Type": "Inner", "Startup Cost": 113911.51, "Total Cost": 814858.57, "Plan Rows": 294, "Plan Width": 4, "Inner Unique": true, "Hash Cond": "(ci.person_id = n.id)", "Plans": [{"Node Type": "Seq Scan", "Parent Relationship": "Outer", "Relation Name": "cast_info", "Alias": "ci", "Startup Cost": 0.0, "Total Cost": 692526.68, "Plan Rows": 2350421, "Plan Width": 8, "Filter": "((note)::text = ANY ('{(producer),\"(executive producer)\"}'::text[]))"}, {"Node Type": "Hash", "Parent Relationship": "Inner", "Startup Cost": 113909.35, "Total Cost": 113909.35, "Plan Rows": 173, "Plan Width": 4, "Plans": [{"Node Type": "Seq Scan", "Parent Relationship": "Outer", "Relation Name": "name", "Alias": "n", "Startup Cost": 0.0, "Total Cost": 113909.35, "Plan Rows": 173, "Plan Width": 4, "Filter": "(((name)::text ~~ '%Tim%'::text) AND ((gender)::text = 'm'::text))"}]}]}]}]}]}]}]}]}, {"Node Type": "Hash", "Parent Relationship": "Inner", "Startup Cost": 2.4, "Total Cost": 2.4, "Plan Rows": 1, "Plan Width": 4, "Plans": [{"Node Type": "Seq Scan", "Parent Relationship": "Outer", "Relation Name": "info_type", "Alias": "it2", "Startup Cost": 0.0, "Total Cost": 2.4, "Plan Rows": 1, "Plan Width": 4, "Filter": "((info)::text = 'votes'::text)"}]}]}]}, "Unique SQL Id": 4264520866, "Planner Runtime": 45}, "explain_analyze_plan": null}, "(1, '79')": {"explain_plan": {"Plan": {"Node Type": "Aggregate", "Strategy": "Plain", "Startup Cost": 6995106580785.5, "Total Cost": 6995106580785.51, "Plan Rows": 1, "Plan Width": 160, "Plans": [{"Node Type": "Hash Join", "Parent Relationship": "Outer", "Join Type": "Inner", "Startup Cost": 3040056437186.07, "Total Cost": 6995106580785.12, "Plan Rows": 51, "Plan Width": 64, "Inner Unique": true, "Hash Cond": "(mi_idx.info_type_id = it2.id)", "Plans": [{"Node Type": "Hash Join", "Parent Relationship": "Outer", "Join Type": "Inner", "Startup Cost": 2040056435765.06, "Total Cost": 5995106579363.0, "Plan Rows": 204, "Plan Width": 68, "Inner Unique": true, "Hash Cond": "(ci.person_id = n.id)", "Plans": [{"Node Type": "Hash Join", "Parent Relationship": "Outer", "Join Type": "Inner", "Startup Cost": 1040036728743.19, "Total Cost": 4995086871412.39, "Plan Rows": 273399, "Plan Width": 72, "Inner Unique": true, "Hash Cond": "(mi.info_type_id = it1.id), (LLVM Optimized)", "Plans": [{"Node Type": "Merge Join", "Parent Relationship": "Outer", "Join Type": "Inner", "Startup Cost": 40036727322.18, "Total Cost": 3995086846354.37, "Plan Rows": 8922631, "Plan Width": 76, "Inner Unique": false, "Merge Cond": "(mi_idx.movie_id = t.id)", "Plans": [{"Node Type": "Index Scan", "Parent Relationship": "Outer", "Scan Direction": "Forward", "Index Name": "movie_id_movie_info_idx", "Relation Name": "movie_info_idx", "Alias": "mi_idx", "Startup Cost": 10000000000.0, "Total Cost": 1000004650035.37, "Plan Rows": 1380034, "Plan Width": 13}, {"Node Type": "Materialize", "Parent Relationship": "Inner", "Startup Cost": 30030988306.16, "Total Cost": 2997863868685.69, "Plan Rows": 12453649, "Plan Width": 79, "Plans": [{"Node Type": "Merge Join", "Parent Relationship": "Outer", "Join Type": "Inner", "Startup Cost": 30030988306.16, "Total Cost": 2997863837551.57, "Plan Rows": 12453649, "Plan Width": 79, "Inner Unique": false, "Merge Cond": "(ci.movie_id = t.id)", "Plans": [{"Node Type": "Index Scan", "Parent Relationship": "Outer", "Scan Direction": "Forward", "Index Name": "movie_id_cast_info", "Relation Name": "cast_info", "Alias": "ci", "Startup Cost": 10000000000.0, "Total Cost": 1000214997262.8, "Plan Rows": 2350421, "Plan Width": 8, "Filter": "((note)::text = ANY ('{(producer),\"(executive producer)\"}'::text[]))"}, {"Node Type": "Materialize", "Parent Relationship": "Inner", "Startup Cost": 20024668916.98, "Total Cost": 1999413737845.62, "Plan Rows": 13396577, "Plan Width": 71, "Plans": [{"Node Type": "Merge Join", "Parent Relationship": "Outer", "Join Type": "Inner", "Startup Cost": 20024668916.98, "Total Cost": 1999413704354.18, "Plan Rows": 13396577, "Plan Width": 71, "Inner Unique": false, "Merge Cond": "(t.id = mi.movie_id)", "Plans": [{"Node Type": "Index Scan", "Parent Relationship": "Outer", "Scan Direction": "Forward", "Index Name": "title_pkey", "Relation Name": "title", "Alias": "t", "Startup Cost": 10000000000.0, "Total Cost": 1000011012048.91, "Plan Rows": 2528311, "Plan Width": 21}, {"Node Type": "Index Scan", "Parent Relationship": "Inner", "Scan Direction": "Forward", "Index Name": "movie_id_movie_info", "Relation Name": "movie_info", "Alias": "mi", "Startup Cost": 10000000000.0, "Total Cost": 1000103816912.22, "Plan Rows": 14869966, "Plan Width": 50}]}]}]}]}]}, {"Node Type": "Hash", "Parent Relationship": "Inner", "Startup Cost": 1000000001421.0, "Total Cost": 1000000001421.0, "Plan Rows": 1, "Plan Width": 4, "Plans": [{"Node Type": "Index Scan", "Parent Relationship": "Outer", "Scan Direction": "Forward", "Index Name": "info_type_pkey", "Relation Name": "info_type", "Alias": "it1", "Startup Cost": 10000000000.0, "Total Cost": 1000000001421.0, "Plan Rows": 1, "Plan Width": 4, "Filter": "((info)::text = 'budget'::text)"}]}]}, {"Node Type": "Hash", "Parent Relationship": "Inner", "Startup Cost": 1000019707019.7, "Total Cost": 1000019707019.7, "Plan Rows": 173, "Plan Width": 4, "Plans": [{"Node Type": "Index Scan", "Parent Relationship": "Outer", "Scan Direction": "Forward", "Index Name": "name_pkey", "Relation Name": "name", "Alias": "n", "Startup Cost": 10000000000.0, "Total Cost": 1000019707019.7, "Plan Rows": 173, "Plan Width": 4, "Filter": "(((name)::text ~~ '%Tim%'::text) AND ((gender)::text = 'm'::text))"}]}]}, {"Node Type": "Hash", "Parent Relationship": "Inner", "Startup Cost": 1000000001421.0, "Total Cost": 1000000001421.0, "Plan Rows": 1, "Plan Width": 4, "Plans": [{"Node Type": "Index Scan", "Parent Relationship": "Outer", "Scan Direction": "Forward", "Index Name": "info_type_pkey", "Relation Name": "info_type", "Alias": "it2", "Startup Cost": 10000000000.0, "Total Cost": 1000000001421.0, "Plan Rows": 1, "Plan Width": 4, "Filter": "((info)::text = 'votes'::text)"}]}]}]}, "Unique SQL Id": 4264520866, "Planner Runtime": 87}, "explain_analyze_plan": null}, "(1, '80')": {"explain_plan": {"Plan": {"Node Type": "Aggregate", "Strategy": "Plain", "Startup Cost": 121801.41, "Total Cost": 121801.42, "Plan Rows": 1, "Plan Width": 160, "Plans": [{"Node Type": "Nested Loop", "Parent Relationship": "Outer", "Join Type": "Inner", "Startup Cost": 0.0, "Total Cost": 121801.34, "Plan Rows": 9, "Plan Width": 64, "Inner Unique": true, "Plans": [{"Node Type": "Nested Loop", "Parent Relationship": "Outer", "Join Type": "Inner", "Startup Cost": 0.0, "Total Cost": 121798.71, "Plan Rows": 9, "Plan Width": 59, "Inner Unique": true, "Plans": [{"Node Type": "Nested Loop", "Parent Relationship": "Outer", "Join Type": "Inner", "Startup Cost": 0.0, "Total Cost": 121719.89, "Plan Rows": 279, "Plan Width": 63, "Inner Unique": false, "Join Filter": "(mi_idx.movie_id = mi.movie_id)", "Plans": [{"Node Type": "Nested Loop", "Parent Relationship": "Outer", "Join Type": "Inner", "Startup Cost": 0.0, "Total Cost": 121546.26, "Plan Rows": 228, "Plan Width": 13, "Inner Unique": true, "Plans": [{"Node Type": "Nested Loop", "Parent Relationship": "Outer", "Join Type": "Inner", "Startup Cost": 0.0, "Total Cost": 121448.51, "Plan Rows": 346, "Plan Width": 17, "Inner Unique": false, "Plans": [{"Node Type": "Nested Loop", "Parent Relationship": "Outer", "Join Type": "Inner", "Startup Cost": 0.0, "Total Cost": 121351.72, "Plan Rows": 294, "Plan Width": 4, "Inner Unique": false, "Plans": [{"Node Type": "Seq Scan", "Parent Relationship": "Outer", "Relation Name": "name", "Alias": "n", "Startup Cost": 0.0, "Total Cost": 113909.35, "Plan Rows": 173, "Plan Width": 4, "Filter": "(((name)::text ~~ '%Tim%'::text) AND ((gender)::text = 'm'::text))"}, {"Node Type": "Index Scan", "Parent Relationship": "Inner", "Scan Direction": "Forward", "Index Name": "person_id_cast_info", "Relation Name": "cast_info", "Alias": "ci", "Startup Cost": 0.0, "Total Cost": 43.0, "Plan Rows": 2, "Plan Width": 8, "Index Cond": "(person_id = n.id)", "Filter": "((note)::text = ANY ('{(producer),\"(executive producer)\"}'::text[]))"}]}, {"Node Type": "Index Scan", "Parent Relationship": "Inner", "Scan Direction": "Forward", "Index Name": "movie_id_movie_info_idx", "Relation Name": "movie_info_idx", "Alias": "mi_idx", "Startup Cost": 0.0, "Total Cost": 0.31, "Plan Rows": 2, "Plan Width": 13, "Index Cond": "(movie_id = ci.movie_id)"}]}, {"Node Type": "Index Scan", "Parent Relationship": "Inner", "Scan Direction": "Forward", "Index Name": "info_type_pkey", "Relation Name": "info_type", "Alias": "it2", "Startup Cost": 0.0, "Total Cost": 0.27, "Plan Rows": 1, "Plan Width": 4, "Index Cond": "(id = mi_idx.info_type_id)", "Filter": "((info)::text = 'votes'::text)"}]}, {"Node Type": "Index Scan", "Parent Relationship": "Inner", "Scan Direction": "Forward", "Index Name": "movie_id_movie_info", "Relation Name": "movie_info", "Alias": "mi", "Startup Cost": 0.0, "Total Cost": 0.7, "Plan Rows": 5, "Plan Width": 50, "Index Cond": "(movie_id = ci.movie_id)"}]}, {"Node Type": "Index Scan", "Parent Relationship": "Inner", "Scan Direction": "Forward", "Index Name": "info_type_pkey", "Relation Name": "info_type", "Alias": "it1", "Startup Cost": 0.0, "Total Cost": 0.27, "Plan Rows": 1, "Plan Width": 4, "Index Cond": "(id = mi.info_type_id)", "Filter": "((info)::text = 'budget'::text)"}]}, {"Node Type": "Index Scan", "Parent Relationship": "Inner", "Scan Direction": "Forward", "Index Name": "title_pkey", "Relation Name": "title", "Alias": "t", "Startup Cost": 0.0, "Total Cost": 0.28, "Plan Rows": 1, "Plan Width": 21, "Index Cond": "(id = mi.movie_id)"}]}]}, "Unique SQL Id": 4264520866, "Planner Runtime": 30}, "explain_analyze_plan": {"Plan": {"Node Type": "Aggregate", "Strategy": "Plain", "Startup Cost": 121801.41, "Total Cost": 121801.42, "Plan Rows": 1, "Plan Width": 160, "Actual Startup Time": 2151.64, "Actual Total Time": 2151.64, "Actual Rows": 1, "Actual Loops": 1, "Plans": [{"Node Type": "Nested Loop", "Parent Relationship": "Outer", "Join Type": "Inner", "Startup Cost": 0.0, "Total Cost": 121801.34, "Plan Rows": 9, "Plan Width": 64, "Actual Startup Time": 0.939, "Actual Total Time": 2150.702, "Actual Rows": 410, "Actual Loops": 1, "Inner Unique": true, "Plans": [{"Node Type": "Nested Loop", "Parent Relationship": "Outer", "Join Type": "Inner", "Startup Cost": 0.0, "Total Cost": 121798.71, "Plan Rows": 9, "Plan Width": 59, "Actual Startup Time": 0.92, "Actual Total Time": 2146.514, "Actual Rows": 410, "Actual Loops": 1, "Inner Unique": true, "Plans": [{"Node Type": "Nested Loop", "Parent Relationship": "Outer", "Join Type": "Inner", "Startup Cost": 0.0, "Total Cost": 121719.89, "Plan Rows": 279, "Plan Width": 63, "Actual Startup Time": 0.842, "Actual Total Time": 1964.017, "Actual Rows": 82408, "Actual Loops": 1, "Inner Unique": false, "Join Filter": "(mi_idx.movie_id = mi.movie_id)", "Rows Removed by Join Filter": 0, "Plans": [{"Node Type": "Nested Loop", "Parent Relationship": "Outer", "Join Type": "Inner", "Startup Cost": 0.0, "Total Cost": 121546.26, "Plan Rows": 228, "Plan Width": 13, "Actual Startup Time": 0.82, "Actual Total Time": 1833.517, "Actual Rows": 3435, "Actual Loops": 1, "Inner Unique": true, "Plans": [{"Node Type": "Nested Loop", "Parent Relationship": "Outer", "Join Type": "Inner", "Startup Cost": 0.0, "Total Cost": 121448.51, "Plan Rows": 346, "Plan Width": 17, "Actual Startup Time": 0.809, "Actual Total Time": 1807.574, "Actual Rows": 10310, "Actual Loops": 1, "Inner Unique": false, "Plans": [{"Node Type": "Nested Loop", "Parent Relationship": "Outer", "Join Type": "Inner", "Startup Cost": 0.0, "Total Cost": 121351.72, "Plan Rows": 294, "Plan Width": 4, "Actual Startup Time": 0.794, "Actual Total Time": 1770.353, "Actual Rows": 6719, "Actual Loops": 1, "Inner Unique": false, "Plans": [{"Node Type": "Seq Scan", "Parent Relationship": "Outer", "Relation Name": "name", "Alias": "n", "Startup Cost": 0.0, "Total Cost": 113909.35, "Plan Rows": 173, "Plan Width": 4, "Actual Startup Time": 0.245, "Actual Total Time": 1637.624, "Actual Rows": 9062, "Actual Loops": 1, "Filter": "(((name)::text ~~ '%Tim%'::text) AND ((gender)::text = 'm'::text))", "Rows Removed by Filter": 4158428}, {"Node Type": "Index Scan", "Parent Relationship": "Inner", "Scan Direction": "Forward", "Index Name": "person_id_cast_info", "Relation Name": "cast_info", "Alias": "ci", "Startup Cost": 0.0, "Total Cost": 43.0, "Plan Rows": 2, "Plan Width": 8, "Actual Startup Time": 106.784, "Actual Total Time": 125.753, "Actual Rows": 6719, "Actual Loops": 9062, "Index Cond": "(person_id = n.id)", "Rows Removed by Index Recheck": 0, "Filter": "((note)::text = ANY ('{(producer),\"(executive producer)\"}'::text[]))", "Rows Removed by Filter": 89309}]}, {"Node Type": "Index Scan", "Parent Relationship": "Inner", "Scan Direction": "Forward", "Index Name": "movie_id_movie_info_idx", "Relation Name": "movie_info_idx", "Alias": "mi_idx", "Startup Cost": 0.0, "Total Cost": 0.31, "Plan Rows": 2, "Plan Width": 13, "Actual Startup Time": 26.866, "Actual Total Time": 30.86, "Actual Rows": 10310, "Actual Loops": 6719, "Index Cond": "(movie_id = ci.movie_id)", "Rows Removed by Index Recheck": 0}]}, {"Node Type": "Index Scan", "Parent Relationship": "Inner", "Scan Direction": "Forward", "Index Name": "info_type_pkey", "Relation Name": "info_type", "Alias": "it2", "Startup Cost": 0.0, "Total Cost": 0.27, "Plan Rows": 1, "Plan Width": 4, "Actual Startup Time": 19.749, "Actual Total Time": 19.749, "Actual Rows": 3435, "Actual Loops": 10310, "Index Cond": "(id = mi_idx.info_type_id)", "Rows Removed by Index Recheck": 0, "Filter": "((info)::text = 'votes'::text)", "Rows Removed by Filter": 6875}]}, {"Node Type": "Index Scan", "Parent Relationship": "Inner", "Scan Direction": "Forward", "Index Name": "movie_id_movie_info", "Relation Name": "movie_info", "Alias": "mi", "Startup Cost": 0.0, "Total Cost": 0.7, "Plan Rows": 5, "Plan Width": 50, "Actual Startup Time": 24.383, "Actual Total Time": 98.513, "Actual Rows": 82408, "Actual Loops": 3435, "Index Cond": "(movie_id = ci.movie_id)", "Rows Removed by Index Recheck": 0}]}, {"Node Type": "Index Scan", "Parent Relationship": "Inner", "Scan Direction": "Forward", "Index Name": "info_type_pkey", "Relation Name": "info_type", "Alias": "it1", "Startup Cost": 0.0, "Total Cost": 0.27, "Plan Rows": 1, "Plan Width": 4, "Actual Startup Time": 144.413, "Actual Total Time": 144.413, "Actual Rows": 410, "Actual Loops": 82408, "Index Cond": "(id = mi.info_type_id)", "Rows Removed by Index Recheck": 0, "Filter": "((info)::text = 'budget'::text)", "Rows Removed by Filter": 79844}]}, {"Node Type": "Index Scan", "Parent Relationship": "Inner", "Scan Direction": "Forward", "Index Name": "title_pkey", "Relation Name": "title", "Alias": "t", "Startup Cost": 0.0, "Total Cost": 0.28, "Plan Rows": 1, "Plan Width": 21, "Actual Startup Time": 3.547, "Actual Total Time": 3.547, "Actual Rows": 410, "Actual Loops": 410, "Index Cond": "(id = mi.movie_id)", "Rows Removed by Index Recheck": 0}]}]}, "Triggers": [], "Planner Runtime": 37.989, "Total Runtime": 2151.963, "Unique SQL Id": 4264520866}}, "(1, '81')": {"explain_plan": {"Plan": {"Node Type": "Aggregate", "Strategy": "Plain", "Startup Cost": 204962.25, "Total Cost": 204962.26, "Plan Rows": 1, "Plan Width": 160, "Plans": [{"Node Type": "Nested Loop", "Parent Relationship": "Outer", "Join Type": "Inner", "Startup Cost": 0.0, "Total Cost": 204962.19, "Plan Rows": 9, "Plan Width": 64, "Inner Unique": true, "Plans": [{"Node Type": "Nested Loop", "Parent Relationship": "Outer", "Join Type": "Inner", "Startup Cost": 0.0, "Total Cost": 204959.56, "Plan Rows": 9, "Plan Width": 59, "Inner Unique": true, "Plans": [{"Node Type": "Nested Loop", "Parent Relationship": "Outer", "Join Type": "Inner", "Startup Cost": 0.0, "Total Cost": 204880.74, "Plan Rows": 279, "Plan Width": 63, "Inner Unique": false, "Join Filter": "(mi_idx.movie_id = mi.movie_id)", "Plans": [{"Node Type": "Nested Loop", "Parent Relationship": "Outer", "Join Type": "Inner", "Startup Cost": 0.0, "Total Cost": 204707.1, "Plan Rows": 228, "Plan Width": 13, "Inner Unique": true, "Plans": [{"Node Type": "Nested Loop", "Parent Relationship": "Outer", "Join Type": "Inner", "Startup Cost": 0.0, "Total Cost": 204609.36, "Plan Rows": 346, "Plan Width": 17, "Inner Unique": false, "Plans": [{"Node Type": "Nested Loop", "Parent Relationship": "Outer", "Join Type": "Inner", "Startup Cost": 0.0, "Total Cost": 204512.56, "Plan Rows": 294, "Plan Width": 4, "Inner Unique": false, "Plans": [{"Node Type": "Index Scan", "Parent Relationship": "Outer", "Scan Direction": "Forward", "Index Name": "name_pkey", "Relation Name": "name", "Alias": "n", "Startup Cost": 0.0, "Total Cost": 197070.2, "Plan Rows": 173, "Plan Width": 4, "Filter": "(((name)::text ~~ '%Tim%'::text) AND ((gender)::text = 'm'::text))"}, {"Node Type": "Index Scan", "Parent Relationship": "Inner", "Scan Direction": "Forward", "Index Name": "person_id_cast_info", "Relation Name": "cast_info", "Alias": "ci", "Startup Cost": 0.0, "Total Cost": 43.0, "Plan Rows": 2, "Plan Width": 8, "Index Cond": "(person_id = n.id)", "Filter": "((note)::text = ANY ('{(producer),\"(executive producer)\"}'::text[]))"}]}, {"Node Type": "Index Scan", "Parent Relationship": "Inner", "Scan Direction": "Forward", "Index Name": "movie_id_movie_info_idx", "Relation Name": "movie_info_idx", "Alias": "mi_idx", "Startup Cost": 0.0, "Total Cost": 0.31, "Plan Rows": 2, "Plan Width": 13, "Index Cond": "(movie_id = ci.movie_id)"}]}, {"Node Type": "Index Scan", "Parent Relationship": "Inner", "Scan Direction": "Forward", "Index Name": "info_type_pkey", "Relation Name": "info_type", "Alias": "it2", "Startup Cost": 0.0, "Total Cost": 0.27, "Plan Rows": 1, "Plan Width": 4, "Index Cond": "(id = mi_idx.info_type_id)", "Filter": "((info)::text = 'votes'::text)"}]}, {"Node Type": "Index Scan", "Parent Relationship": "Inner", "Scan Direction": "Forward", "Index Name": "movie_id_movie_info", "Relation Name": "movie_info", "Alias": "mi", "Startup Cost": 0.0, "Total Cost": 0.7, "Plan Rows": 5, "Plan Width": 50, "Index Cond": "(movie_id = ci.movie_id)"}]}, {"Node Type": "Index Scan", "Parent Relationship": "Inner", "Scan Direction": "Forward", "Index Name": "info_type_pkey", "Relation Name": "info_type", "Alias": "it1", "Startup Cost": 0.0, "Total Cost": 0.27, "Plan Rows": 1, "Plan Width": 4, "Index Cond": "(id = mi.info_type_id)", "Filter": "((info)::text = 'budget'::text)"}]}, {"Node Type": "Index Scan", "Parent Relationship": "Inner", "Scan Direction": "Forward", "Index Name": "title_pkey", "Relation Name": "title", "Alias": "t", "Startup Cost": 0.0, "Total Cost": 0.28, "Plan Rows": 1, "Plan Width": 21, "Index Cond": "(id = mi.movie_id)"}]}]}, "Unique SQL Id": 4264520866, "Planner Runtime": 27}, "explain_analyze_plan": null}, "(1, '82')": {"explain_plan": {"Plan": {"Node Type": "Aggregate", "Strategy": "Plain", "Startup Cost": 129124.44, "Total Cost": 129124.45, "Plan Rows": 1, "Plan Width": 160, "Plans": [{"Node Type": "Nested Loop", "Parent Relationship": "Outer", "Join Type": "Inner", "Startup Cost": 129085.84, "Total Cost": 129124.37, "Plan Rows": 9, "Plan Width": 64, "Inner Unique": true, "Plans": [{"Node Type": "Merge Join", "Parent Relationship": "Outer", "Join Type": "Inner", "Startup Cost": 129085.58, "Total Cost": 129085.83, "Plan Rows": 9, "Plan Width": 59, "Inner Unique": false, "Merge Cond": "(it2.id = mi_idx.info_type_id)", "Plans": [{"Node Type": "Sort", "Parent Relationship": "Outer", "Startup Cost": 2.41, "Total Cost": 2.42, "Plan Rows": 1, "Plan Width": 4, "Sort Key": ["it2.id"], "Plans": [{"Node Type": "Seq Scan", "Parent Relationship": "Outer", "Relation Name": "info_type", "Alias": "it2", "Startup Cost": 0.0, "Total Cost": 2.4, "Plan Rows": 1, "Plan Width": 4, "Filter": "((info)::text = 'votes'::text)"}]}, {"Node Type": "Sort", "Parent Relationship": "Inner", "Startup Cost": 129083.16, "Total Cost": 129083.24, "Plan Rows": 34, "Plan Width": 63, "Sort Key": ["mi_idx.info_type_id"], "Plans": [{"Node Type": "Nested Loop", "Parent Relationship": "Outer", "Join Type": "Inner", "Startup Cost": 128501.48, "Total Cost": 129082.29, "Plan Rows": 34, "Plan Width": 63, "Inner Unique": false, "Plans": [{"Node Type": "Merge Join", "Parent Relationship": "Outer", "Join Type": "Inner", "Startup Cost": 128501.22, "Total Cost": 128508.82, "Plan Rows": 133, "Plan Width": 50, "Inner Unique": false, "Merge Cond": "(it1.id = mi.info_type_id)", "Plans": [{"Node Type": "Sort", "Parent Relationship": "Outer", "Startup Cost": 2.41, "Total Cost": 2.42, "Plan Rows": 1, "Plan Width": 4, "Sort Key": ["it1.id"], "Plans": [{"Node Type": "Seq Scan", "Parent Relationship": "Outer", "Relation Name": "info_type", "Alias": "it1", "Startup Cost": 0.0, "Total Cost": 2.4, "Plan Rows": 1, "Plan Width": 4, "Filter": "((info)::text = 'budget'::text)"}]}, {"Node Type": "Sort", "Parent Relationship": "Inner", "Startup Cost": 128498.38, "Total Cost": 128502.28, "Plan Rows": 1561, "Plan Width": 54, "Sort Key": ["mi.info_type_id"], "Plans": [{"Node Type": "Nested Loop", "Parent Relationship": "Outer", "Join Type": "Inner", "Startup Cost": 4.77, "Total Cost": 128415.58, "Plan Rows": 1561, "Plan Width": 54, "Inner Unique": false, "Plans": [{"Node Type": "Nested Loop", "Parent Relationship": "Outer", "Join Type": "Inner", "Startup Cost": 4.39, "Total Cost": 127093.19, "Plan Rows": 294, "Plan Width": 4, "Inner Unique": false, "Plans": [{"Node Type": "Seq Scan", "Parent Relationship": "Outer", "Relation Name": "name", "Alias": "n", "Startup Cost": 0.0, "Total Cost": 113909.35, "Plan Rows": 173, "Plan Width": 4, "Filter": "(((name)::text ~~ '%Tim%'::text) AND ((gender)::text = 'm'::text))"}, {"Node Type": "Bitmap Heap Scan", "Parent Relationship": "Inner", "Relation Name": "cast_info", "Alias": "ci", "Startup Cost": 4.39, "Total Cost": 76.19, "Plan Rows": 2, "Plan Width": 8, "Recheck Cond": "(person_id = n.id)", "Filter": "((note)::text = ANY ('{(producer),\"(executive producer)\"}'::text[]))", "Plans": [{"Node Type": "Bitmap Index Scan", "Parent Relationship": "Outer", "Index Name": "person_id_cast_info", "Startup Cost": 0.0, "Total Cost": 4.38, "Plan Rows": 18, "Plan Width": 0, "Index Cond": "(person_id = n.id)"}]}]}, {"Node Type": "Bitmap Heap Scan", "Parent Relationship": "Inner", "Relation Name": "movie_info", "Alias": "mi", "Startup Cost": 0.39, "Total Cost": 4.45, "Plan Rows": 5, "Plan Width": 50, "Recheck Cond": "(movie_id = ci.movie_id)", "Plans": [{"Node Type": "Bitmap Index Scan", "Parent Relationship": "Outer", "Index Name": "movie_id_movie_info", "Startup Cost": 0.0, "Total Cost": 0.38, "Plan Rows": 5, "Plan Width": 0, "Index Cond": "(movie_id = ci.movie_id)"}]}]}]}]}, {"Node Type": "Bitmap Heap Scan", "Parent Relationship": "Inner", "Relation Name": "movie_info_idx", "Alias": "mi_idx", "Startup Cost": 0.27, "Total Cost": 4.29, "Plan Rows": 2, "Plan Width": 13, "Recheck Cond": "(movie_id = mi.movie_id)", "Plans": [{"Node Type": "Bitmap Index Scan", "Parent Relationship": "Outer", "Index Name": "movie_id_movie_info_idx", "Startup Cost": 0.0, "Total Cost": 0.27, "Plan Rows": 2, "Plan Width": 0, "Index Cond": "(movie_id = mi.movie_id)"}]}]}]}]}, {"Node Type": "Bitmap Heap Scan", "Parent Relationship": "Inner", "Relation Name": "title", "Alias": "t", "Startup Cost": 0.26, "Total Cost": 4.27, "Plan Rows": 1, "Plan Width": 21, "Recheck Cond": "(id = mi.movie_id)", "Plans": [{"Node Type": "Bitmap Index Scan", "Parent Relationship": "Outer", "Index Name": "title_pkey", "Startup Cost": 0.0, "Total Cost": 0.26, "Plan Rows": 1, "Plan Width": 0, "Index Cond": "(id = mi.movie_id)"}]}]}]}, "Unique SQL Id": 4264520866, "Planner Runtime": 24}, "explain_analyze_plan": {"Plan": {"Node Type": "Aggregate", "Strategy": "Plain", "Startup Cost": 129124.44, "Total Cost": 129124.45, "Plan Rows": 1, "Plan Width": 160, "Actual Startup Time": 2062.71, "Actual Total Time": 2062.711, "Actual Rows": 1, "Actual Loops": 1, "Plans": [{"Node Type": "Nested Loop", "Parent Relationship": "Outer", "Join Type": "Inner", "Startup Cost": 129085.84, "Total Cost": 129124.37, "Plan Rows": 9, "Plan Width": 64, "Actual Startup Time": 2058.217, "Actual Total Time": 2062.289, "Actual Rows": 410, "Actual Loops": 1, "Inner Unique": true, "Plans": [{"Node Type": "Merge Join", "Parent Relationship": "Outer", "Join Type": "Inner", "Startup Cost": 129085.58, "Total Cost": 129085.83, "Plan Rows": 9, "Plan Width": 59, "Actual Startup Time": 2058.167, "Actual Total Time": 2058.358, "Actual Rows": 410, "Actual Loops": 1, "Inner Unique": false, "Merge Cond": "(it2.id = mi_idx.info_type_id)", "Plans": [{"Node Type": "Sort", "Parent Relationship": "Outer", "Startup Cost": 2.41, "Total Cost": 2.42, "Plan Rows": 1, "Plan Width": 4, "Actual Startup Time": 0.078, "Actual Total Time": 0.079, "Actual Rows": 1, "Actual Loops": 1, "Sort Key": ["it2.id"], "Sort Method": "quicksort", "Sort Space Used": 25, "Sort Space Type": "Memory", "Plans": [{"Node Type": "Seq Scan", "Parent Relationship": "Outer", "Relation Name": "info_type", "Alias": "it2", "Startup Cost": 0.0, "Total Cost": 2.4, "Plan Rows": 1, "Plan Width": 4, "Actual Startup Time": 0.062, "Actual Total Time": 0.068, "Actual Rows": 1, "Actual Loops": 1, "Filter": "((info)::text = 'votes'::text)", "Rows Removed by Filter": 111}]}, {"Node Type": "Sort", "Parent Relationship": "Inner", "Startup Cost": 129083.16, "Total Cost": 129083.24, "Plan Rows": 34, "Plan Width": 63, "Actual Startup Time": 2057.973, "Actual Total Time": 2058.064, "Actual Rows": 821, "Actual Loops": 1, "Sort Key": ["mi_idx.info_type_id"], "Sort Method": "quicksort", "Sort Space Used": 167, "Sort Space Type": "Memory", "Plans": [{"Node Type": "Nested Loop", "Parent Relationship": "Outer", "Join Type": "Inner", "Startup Cost": 128501.48, "Total Cost": 129082.29, "Plan Rows": 34, "Plan Width": 63, "Actual Startup Time": 2050.627, "Actual Total Time": 2057.387, "Actual Rows": 1235, "Actual Loops": 1, "Inner Unique": false, "Plans": [{"Node Type": "Merge Join", "Parent Relationship": "Outer", "Join Type": "Inner", "Startup Cost": 128501.22, "Total Cost": 128508.82, "Plan Rows": 133, "Plan Width": 50, "Actual Startup Time": 2050.475, "Actual Total Time": 2051.195, "Actual Rows": 699, "Actual Loops": 1, "Inner Unique": false, "Merge Cond": "(it1.id = mi.info_type_id)", "Plans": [{"Node Type": "Sort", "Parent Relationship": "Outer", "Startup Cost": 2.41, "Total Cost": 2.42, "Plan Rows": 1, "Plan Width": 4, "Actual Startup Time": 0.057, "Actual Total Time": 0.058, "Actual Rows": 1, "Actual Loops": 1, "Sort Key": ["it1.id"], "Sort Method": "quicksort", "Sort Space Used": 25, "Sort Space Type": "Memory", "Plans": [{"Node Type": "Seq Scan", "Parent Relationship": "Outer", "Relation Name": "info_type", "Alias": "it1", "Startup Cost": 0.0, "Total Cost": 2.4, "Plan Rows": 1, "Plan Width": 4, "Actual Startup Time": 0.051, "Actual Total Time": 0.054, "Actual Rows": 1, "Actual Loops": 1, "Filter": "((info)::text = 'budget'::text)", "Rows Removed by Filter": 111}]}, {"Node Type": "Sort", "Parent Relationship": "Inner", "Startup Cost": 128498.38, "Total Cost": 128502.28, "Plan Rows": 1561, "Plan Width": 54, "Actual Startup Time": 2023.071, "Actual Total Time": 2035.179, "Actual Rows": 87267, "Actual Loops": 1, "Sort Key": ["mi.info_type_id"], "Sort Method": "quicksort", "Sort Space Used": 22583, "Sort Space Type": "Memory", "Plans": [{"Node Type": "Nested Loop", "Parent Relationship": "Outer", "Join Type": "Inner", "Startup Cost": 4.77, "Total Cost": 128415.58, "Plan Rows": 1561, "Plan Width": 54, "Actual Startup Time": 0.851, "Actual Total Time": 1986.596, "Actual Rows": 95896, "Actual Loops": 1, "Inner Unique": false, "Plans": [{"Node Type": "Nested Loop", "Parent Relationship": "Outer", "Join Type": "Inner", "Startup Cost": 4.39, "Total Cost": 127093.19, "Plan Rows": 294, "Plan Width": 4, "Actual Startup Time": 0.813, "Actual Total Time": 1797.282, "Actual Rows": 6719, "Actual Loops": 1, "Inner Unique": false, "Plans": [{"Node Type": "Seq Scan", "Parent Relationship": "Outer", "Relation Name": "name", "Alias": "n", "Startup Cost": 0.0, "Total Cost": 113909.35, "Plan Rows": 173, "Plan Width": 4, "Actual Startup Time": 0.234, "Actual Total Time": 1644.595, "Actual Rows": 9062, "Actual Loops": 1, "Filter": "(((name)::text ~~ '%Tim%'::text) AND ((gender)::text = 'm'::text))", "Rows Removed by Filter": 4158428}, {"Node Type": "Bitmap Heap Scan", "Parent Relationship": "Inner", "Relation Name": "cast_info", "Alias": "ci", "Startup Cost": 4.39, "Total Cost": 76.19, "Plan Rows": 2, "Plan Width": 8, "Actual Startup Time": 123.348, "Actual Total Time": 139.006, "Actual Rows": 6719, "Actual Loops": 9062, "Recheck Cond": "(person_id = n.id)", "Rows Removed by Index Recheck": 0, "Filter": "((note)::text = ANY ('{(producer),\"(executive producer)\"}'::text[]))", "Rows Removed by Filter": 89309, "Exact Heap Blocks": 13336, "Lossy Heap Blocks": 13336, "Plans": [{"Node Type": "Bitmap Index Scan", "Parent Relationship": "Outer", "Index Name": "person_id_cast_info", "Startup Cost": 0.0, "Total Cost": 4.38, "Plan Rows": 18, "Plan Width": 0, "Actual Startup Time": 56.616, "Actual Total Time": 56.616, "Actual Rows": 96028, "Actual Loops": 9062, "Index Cond": "(person_id = n.id)"}]}]}, {"Node Type": "Bitmap Heap Scan", "Parent Relationship": "Inner", "Relation Name": "movie_info", "Alias": "mi", "Startup Cost": 0.39, "Total Cost": 4.45, "Plan Rows": 5, "Plan Width": 50, "Actual Startup Time": 67.408, "Actual Total Time": 159.883, "Actual Rows": 95896, "Actual Loops": 6719, "Recheck Cond": "(movie_id = ci.movie_id)", "Rows Removed by Index Recheck": 0, "Exact Heap Blocks": 40013, "Lossy Heap Blocks": 40013, "Plans": [{"Node Type": "Bitmap Index Scan", "Parent Relationship": "Outer", "Index Name": "movie_id_movie_info", "Startup Cost": 0.0, "Total Cost": 0.38, "Plan Rows": 5, "Plan Width": 0, "Actual Startup Time": 46.736, "Actual Total Time": 46.736, "Actual Rows": 95896, "Actual Loops": 6719, "Index Cond": "(movie_id = ci.movie_id)"}]}]}]}]}, {"Node Type": "Bitmap Heap Scan", "Parent Relationship": "Inner", "Relation Name": "movie_info_idx", "Alias": "mi_idx", "Startup Cost": 0.27, "Total Cost": 4.29, "Plan Rows": 2, "Plan Width": 13, "Actual Startup Time": 4.944, "Actual Total Time": 5.111, "Actual Rows": 1235, "Actual Loops": 699, "Recheck Cond": "(movie_id = mi.movie_id)", "Rows Removed by Index Recheck": 0, "Exact Heap Blocks": 419, "Lossy Heap Blocks": 419, "Plans": [{"Node Type": "Bitmap Index Scan", "Parent Relationship": "Outer", "Index Name": "movie_id_movie_info_idx", "Startup Cost": 0.0, "Total Cost": 0.27, "Plan Rows": 2, "Plan Width": 0, "Actual Startup Time": 3.394, "Actual Total Time": 3.394, "Actual Rows": 1235, "Actual Loops": 699, "Index Cond": "(movie_id = mi.movie_id)"}]}]}]}]}, {"Node Type": "Bitmap Heap Scan", "Parent Relationship": "Inner", "Relation Name": "title", "Alias": "t", "Startup Cost": 0.26, "Total Cost": 4.27, "Plan Rows": 1, "Plan Width": 21, "Actual Startup Time": 3.355, "Actual Total Time": 3.355, "Actual Rows": 410, "Actual Loops": 410, "Recheck Cond": "(id = mi.movie_id)", "Rows Removed by Index Recheck": 0, "Exact Heap Blocks": 410, "Lossy Heap Blocks": 410, "Plans": [{"Node Type": "Bitmap Index Scan", "Parent Relationship": "Outer", "Index Name": "title_pkey", "Startup Cost": 0.0, "Total Cost": 0.26, "Plan Rows": 1, "Plan Width": 0, "Actual Startup Time": 2.038, "Actual Total Time": 2.038, "Actual Rows": 410, "Actual Loops": 410, "Index Cond": "(id = mi.movie_id)"}]}]}]}, "Triggers": [], "Planner Runtime": 24.652, "Total Runtime": 2063.06, "Unique SQL Id": 4264520866}}, "(1, '83')": {"explain_plan": {"Plan": {"Node Type": "Aggregate", "Strategy": "Plain", "Startup Cost": 1000014018806.1, "Total Cost": 1000014018806.11, "Plan Rows": 1, "Plan Width": 160, "Plans": [{"Node Type": "Nested Loop", "Parent Relationship": "Outer", "Join Type": "Inner", "Startup Cost": 10000000002.15, "Total Cost": 1000014018806.04, "Plan Rows": 8, "Plan Width": 64, "Inner Unique": true, "Plans": [{"Node Type": "Nested Loop", "Parent Relationship": "Outer", "Join Type": "Inner", "Startup Cost": 10000000001.89, "Total Cost": 1000014018767.49, "Plan Rows": 9, "Plan Width": 59, "Inner Unique": true, "Plans": [{"Node Type": "Nested Loop", "Parent Relationship": "Outer", "Join Type": "Inner", "Startup Cost": 10000000001.63, "Total Cost": 1000014017572.6, "Plan Rows": 279, "Plan Width": 63, "Inner Unique": false, "Join Filter": "(mi_idx.movie_id = mi.movie_id)", "Plans": [{"Node Type": "Nested Loop", "Parent Relationship": "Outer", "Join Type": "Inner", "Startup Cost": 10000000001.24, "Total Cost": 1000014017338.06, "Plan Rows": 52, "Plan Width": 13, "Inner Unique": true, "Plans": [{"Node Type": "Nested Loop", "Parent Relationship": "Outer", "Join Type": "Inner", "Startup Cost": 10000000000.96, "Total Cost": 1000012216357.19, "Plan Rows": 417690, "Plan Width": 17, "Inner Unique": false, "Plans": [{"Node Type": "Nested Loop", "Parent Relationship": "Outer", "Join Type": "Inner", "Startup Cost": 10000000000.26, "Total Cost": 1000010560383.98, "Plan Rows": 345008, "Plan Width": 9, "Inner Unique": true, "Plans": [{"Node Type": "Index Scan", "Parent Relationship": "Outer", "Scan Direction": "Forward", "Index Name": "movie_id_movie_info_idx", "Relation Name": "movie_info_idx", "Alias": "mi_idx", "Startup Cost": 10000000000.0, "Total Cost": 1000004650035.37, "Plan Rows": 1380034, "Plan Width": 13}, {"Node Type": "Bitmap Heap Scan", "Parent Relationship": "Inner", "Relation Name": "info_type", "Alias": "it2", "Startup Cost": 0.26, "Total Cost": 4.27, "Plan Rows": 1, "Plan Width": 4, "Recheck Cond": "(id = mi_idx.info_type_id)", "Filter": "((info)::text = 'votes'::text)", "Plans": [{"Node Type": "Bitmap Index Scan", "Parent Relationship": "Outer", "Index Name": "info_type_pkey", "Startup Cost": 0.0, "Total Cost": 0.26, "Plan Rows": 1, "Plan Width": 0, "Index Cond": "(id = mi_idx.info_type_id)"}]}]}, {"Node Type": "Bitmap Heap Scan", "Parent Relationship": "Inner", "Relation Name": "cast_info", "Alias": "ci", "Startup Cost": 0.7, "Total Cost": 4.79, "Plan Rows": 1, "Plan Width": 8, "Recheck Cond": "(movie_id = mi_idx.movie_id)", "Filter": "((note)::text = ANY ('{(producer),\"(executive producer)\"}'::text[]))", "Plans": [{"Node Type": "Bitmap Index Scan", "Parent Relationship": "Outer", "Index Name": "movie_id_cast_info", "Startup Cost": 0.0, "Total Cost": 0.7, "Plan Rows": 6, "Plan Width": 0, "Index Cond": "(movie_id = mi_idx.movie_id)"}]}]}, {"Node Type": "Bitmap Heap Scan", "Parent Relationship": "Inner", "Relation Name": "name", "Alias": "n", "Startup Cost": 0.28, "Total Cost": 4.3, "Plan Rows": 1, "Plan Width": 4, "Recheck Cond": "(id = ci.person_id)", "Filter": "(((name)::text ~~ '%Tim%'::text) AND ((gender)::text = 'm'::text))", "Plans": [{"Node Type": "Bitmap Index Scan", "Parent Relationship": "Outer", "Index Name": "name_pkey", "Startup Cost": 0.0, "Total Cost": 0.28, "Plan Rows": 1, "Plan Width": 0, "Index Cond": "(id = ci.person_id)"}]}]}, {"Node Type": "Bitmap Heap Scan", "Parent Relationship": "Inner", "Relation Name": "movie_info", "Alias": "mi", "Startup Cost": 0.39, "Total Cost": 4.45, "Plan Rows": 5, "Plan Width": 50, "Recheck Cond": "(movie_id = ci.movie_id)", "Plans": [{"Node Type": "Bitmap Index Scan", "Parent Relationship": "Outer", "Index Name": "movie_id_movie_info", "Startup Cost": 0.0, "Total Cost": 0.38, "Plan Rows": 5, "Plan Width": 0, "Index Cond": "(movie_id = ci.movie_id)"}]}]}, {"Node Type": "Bitmap Heap Scan", "Parent Relationship": "Inner", "Relation Name": "info_type", "Alias": "it1", "Startup Cost": 0.26, "Total Cost": 4.27, "Plan Rows": 1, "Plan Width": 4, "Recheck Cond": "(id = mi.info_type_id)", "Filter": "((info)::text = 'budget'::text)", "Plans": [{"Node Type": "Bitmap Index Scan", "Parent Relationship": "Outer", "Index Name": "info_type_pkey", "Startup Cost": 0.0, "Total Cost": 0.26, "Plan Rows": 1, "Plan Width": 0, "Index Cond": "(id = mi.info_type_id)"}]}]}, {"Node Type": "Bitmap Heap Scan", "Parent Relationship": "Inner", "Relation Name": "title", "Alias": "t", "Startup Cost": 0.26, "Total Cost": 4.27, "Plan Rows": 1, "Plan Width": 21, "Recheck Cond": "(id = mi.movie_id)", "Plans": [{"Node Type": "Bitmap Index Scan", "Parent Relationship": "Outer", "Index Name": "title_pkey", "Startup Cost": 0.0, "Total Cost": 0.26, "Plan Rows": 1, "Plan Width": 0, "Index Cond": "(id = mi.movie_id)"}]}]}]}, "Unique SQL Id": 4264520866, "Planner Runtime": 9}, "explain_analyze_plan": null}, "(1, '84')": {"explain_plan": {"Plan": {"Node Type": "Aggregate", "Strategy": "Plain", "Startup Cost": 121801.41, "Total Cost": 121801.42, "Plan Rows": 1, "Plan Width": 160, "Plans": [{"Node Type": "Nested Loop", "Parent Relationship": "Outer", "Join Type": "Inner", "Startup Cost": 0.0, "Total Cost": 121801.34, "Plan Rows": 9, "Plan Width": 64, "Inner Unique": true, "Plans": [{"Node Type": "Nested Loop", "Parent Relationship": "Outer", "Join Type": "Inner", "Startup Cost": 0.0, "Total Cost": 121798.71, "Plan Rows": 9, "Plan Width": 59, "Inner Unique": true, "Plans": [{"Node Type": "Nested Loop", "Parent Relationship": "Outer", "Join Type": "Inner", "Startup Cost": 0.0, "Total Cost": 121719.89, "Plan Rows": 279, "Plan Width": 63, "Inner Unique": false, "Join Filter": "(mi_idx.movie_id = mi.movie_id)", "Plans": [{"Node Type": "Nested Loop", "Parent Relationship": "Outer", "Join Type": "Inner", "Startup Cost": 0.0, "Total Cost": 121546.26, "Plan Rows": 228, "Plan Width": 13, "Inner Unique": true, "Plans": [{"Node Type": "Nested Loop", "Parent Relationship": "Outer", "Join Type": "Inner", "Startup Cost": 0.0, "Total Cost": 121448.51, "Plan Rows": 346, "Plan Width": 17, "Inner Unique": false, "Plans": [{"Node Type": "Nested Loop", "Parent Relationship": "Outer", "Join Type": "Inner", "Startup Cost": 0.0, "Total Cost": 121351.72, "Plan Rows": 294, "Plan Width": 4, "Inner Unique": false, "Plans": [{"Node Type": "Seq Scan", "Parent Relationship": "Outer", "Relation Name": "name", "Alias": "n", "Startup Cost": 0.0, "Total Cost": 113909.35, "Plan Rows": 173, "Plan Width": 4, "Filter": "(((name)::text ~~ '%Tim%'::text) AND ((gender)::text = 'm'::text))"}, {"Node Type": "Index Scan", "Parent Relationship": "Inner", "Scan Direction": "Forward", "Index Name": "person_id_cast_info", "Relation Name": "cast_info", "Alias": "ci", "Startup Cost": 0.0, "Total Cost": 43.0, "Plan Rows": 2, "Plan Width": 8, "Index Cond": "(person_id = n.id)", "Filter": "((note)::text = ANY ('{(producer),\"(executive producer)\"}'::text[]))"}]}, {"Node Type": "Index Scan", "Parent Relationship": "Inner", "Scan Direction": "Forward", "Index Name": "movie_id_movie_info_idx", "Relation Name": "movie_info_idx", "Alias": "mi_idx", "Startup Cost": 0.0, "Total Cost": 0.31, "Plan Rows": 2, "Plan Width": 13, "Index Cond": "(movie_id = ci.movie_id)"}]}, {"Node Type": "Index Scan", "Parent Relationship": "Inner", "Scan Direction": "Forward", "Index Name": "info_type_pkey", "Relation Name": "info_type", "Alias": "it2", "Startup Cost": 0.0, "Total Cost": 0.27, "Plan Rows": 1, "Plan Width": 4, "Index Cond": "(id = mi_idx.info_type_id)", "Filter": "((info)::text = 'votes'::text)"}]}, {"Node Type": "Index Scan", "Parent Relationship": "Inner", "Scan Direction": "Forward", "Index Name": "movie_id_movie_info", "Relation Name": "movie_info", "Alias": "mi", "Startup Cost": 0.0, "Total Cost": 0.7, "Plan Rows": 5, "Plan Width": 50, "Index Cond": "(movie_id = ci.movie_id)"}]}, {"Node Type": "Index Scan", "Parent Relationship": "Inner", "Scan Direction": "Forward", "Index Name": "info_type_pkey", "Relation Name": "info_type", "Alias": "it1", "Startup Cost": 0.0, "Total Cost": 0.27, "Plan Rows": 1, "Plan Width": 4, "Index Cond": "(id = mi.info_type_id)", "Filter": "((info)::text = 'budget'::text)"}]}, {"Node Type": "Index Scan", "Parent Relationship": "Inner", "Scan Direction": "Forward", "Index Name": "title_pkey", "Relation Name": "title", "Alias": "t", "Startup Cost": 0.0, "Total Cost": 0.28, "Plan Rows": 1, "Plan Width": 21, "Index Cond": "(id = mi.movie_id)"}]}]}, "Unique SQL Id": 4264520866, "Planner Runtime": 30}, "explain_analyze_plan": {"Plan": {"Node Type": "Aggregate", "Strategy": "Plain", "Startup Cost": 121801.41, "Total Cost": 121801.42, "Plan Rows": 1, "Plan Width": 160, "Actual Startup Time": 2151.64, "Actual Total Time": 2151.64, "Actual Rows": 1, "Actual Loops": 1, "Plans": [{"Node Type": "Nested Loop", "Parent Relationship": "Outer", "Join Type": "Inner", "Startup Cost": 0.0, "Total Cost": 121801.34, "Plan Rows": 9, "Plan Width": 64, "Actual Startup Time": 0.939, "Actual Total Time": 2150.702, "Actual Rows": 410, "Actual Loops": 1, "Inner Unique": true, "Plans": [{"Node Type": "Nested Loop", "Parent Relationship": "Outer", "Join Type": "Inner", "Startup Cost": 0.0, "Total Cost": 121798.71, "Plan Rows": 9, "Plan Width": 59, "Actual Startup Time": 0.92, "Actual Total Time": 2146.514, "Actual Rows": 410, "Actual Loops": 1, "Inner Unique": true, "Plans": [{"Node Type": "Nested Loop", "Parent Relationship": "Outer", "Join Type": "Inner", "Startup Cost": 0.0, "Total Cost": 121719.89, "Plan Rows": 279, "Plan Width": 63, "Actual Startup Time": 0.842, "Actual Total Time": 1964.017, "Actual Rows": 82408, "Actual Loops": 1, "Inner Unique": false, "Join Filter": "(mi_idx.movie_id = mi.movie_id)", "Rows Removed by Join Filter": 0, "Plans": [{"Node Type": "Nested Loop", "Parent Relationship": "Outer", "Join Type": "Inner", "Startup Cost": 0.0, "Total Cost": 121546.26, "Plan Rows": 228, "Plan Width": 13, "Actual Startup Time": 0.82, "Actual Total Time": 1833.517, "Actual Rows": 3435, "Actual Loops": 1, "Inner Unique": true, "Plans": [{"Node Type": "Nested Loop", "Parent Relationship": "Outer", "Join Type": "Inner", "Startup Cost": 0.0, "Total Cost": 121448.51, "Plan Rows": 346, "Plan Width": 17, "Actual Startup Time": 0.809, "Actual Total Time": 1807.574, "Actual Rows": 10310, "Actual Loops": 1, "Inner Unique": false, "Plans": [{"Node Type": "Nested Loop", "Parent Relationship": "Outer", "Join Type": "Inner", "Startup Cost": 0.0, "Total Cost": 121351.72, "Plan Rows": 294, "Plan Width": 4, "Actual Startup Time": 0.794, "Actual Total Time": 1770.353, "Actual Rows": 6719, "Actual Loops": 1, "Inner Unique": false, "Plans": [{"Node Type": "Seq Scan", "Parent Relationship": "Outer", "Relation Name": "name", "Alias": "n", "Startup Cost": 0.0, "Total Cost": 113909.35, "Plan Rows": 173, "Plan Width": 4, "Actual Startup Time": 0.245, "Actual Total Time": 1637.624, "Actual Rows": 9062, "Actual Loops": 1, "Filter": "(((name)::text ~~ '%Tim%'::text) AND ((gender)::text = 'm'::text))", "Rows Removed by Filter": 4158428}, {"Node Type": "Index Scan", "Parent Relationship": "Inner", "Scan Direction": "Forward", "Index Name": "person_id_cast_info", "Relation Name": "cast_info", "Alias": "ci", "Startup Cost": 0.0, "Total Cost": 43.0, "Plan Rows": 2, "Plan Width": 8, "Actual Startup Time": 106.784, "Actual Total Time": 125.753, "Actual Rows": 6719, "Actual Loops": 9062, "Index Cond": "(person_id = n.id)", "Rows Removed by Index Recheck": 0, "Filter": "((note)::text = ANY ('{(producer),\"(executive producer)\"}'::text[]))", "Rows Removed by Filter": 89309}]}, {"Node Type": "Index Scan", "Parent Relationship": "Inner", "Scan Direction": "Forward", "Index Name": "movie_id_movie_info_idx", "Relation Name": "movie_info_idx", "Alias": "mi_idx", "Startup Cost": 0.0, "Total Cost": 0.31, "Plan Rows": 2, "Plan Width": 13, "Actual Startup Time": 26.866, "Actual Total Time": 30.86, "Actual Rows": 10310, "Actual Loops": 6719, "Index Cond": "(movie_id = ci.movie_id)", "Rows Removed by Index Recheck": 0}]}, {"Node Type": "Index Scan", "Parent Relationship": "Inner", "Scan Direction": "Forward", "Index Name": "info_type_pkey", "Relation Name": "info_type", "Alias": "it2", "Startup Cost": 0.0, "Total Cost": 0.27, "Plan Rows": 1, "Plan Width": 4, "Actual Startup Time": 19.749, "Actual Total Time": 19.749, "Actual Rows": 3435, "Actual Loops": 10310, "Index Cond": "(id = mi_idx.info_type_id)", "Rows Removed by Index Recheck": 0, "Filter": "((info)::text = 'votes'::text)", "Rows Removed by Filter": 6875}]}, {"Node Type": "Index Scan", "Parent Relationship": "Inner", "Scan Direction": "Forward", "Index Name": "movie_id_movie_info", "Relation Name": "movie_info", "Alias": "mi", "Startup Cost": 0.0, "Total Cost": 0.7, "Plan Rows": 5, "Plan Width": 50, "Actual Startup Time": 24.383, "Actual Total Time": 98.513, "Actual Rows": 82408, "Actual Loops": 3435, "Index Cond": "(movie_id = ci.movie_id)", "Rows Removed by Index Recheck": 0}]}, {"Node Type": "Index Scan", "Parent Relationship": "Inner", "Scan Direction": "Forward", "Index Name": "info_type_pkey", "Relation Name": "info_type", "Alias": "it1", "Startup Cost": 0.0, "Total Cost": 0.27, "Plan Rows": 1, "Plan Width": 4, "Actual Startup Time": 144.413, "Actual Total Time": 144.413, "Actual Rows": 410, "Actual Loops": 82408, "Index Cond": "(id = mi.info_type_id)", "Rows Removed by Index Recheck": 0, "Filter": "((info)::text = 'budget'::text)", "Rows Removed by Filter": 79844}]}, {"Node Type": "Index Scan", "Parent Relationship": "Inner", "Scan Direction": "Forward", "Index Name": "title_pkey", "Relation Name": "title", "Alias": "t", "Startup Cost": 0.0, "Total Cost": 0.28, "Plan Rows": 1, "Plan Width": 21, "Actual Startup Time": 3.547, "Actual Total Time": 3.547, "Actual Rows": 410, "Actual Loops": 410, "Index Cond": "(id = mi.movie_id)", "Rows Removed by Index Recheck": 0}]}]}, "Triggers": [], "Planner Runtime": 37.989, "Total Runtime": 2151.963, "Unique SQL Id": 4264520866}}, "(1, '85')": {"explain_plan": {"Plan": {"Node Type": "Aggregate", "Strategy": "Plain", "Startup Cost": 204962.25, "Total Cost": 204962.26, "Plan Rows": 1, "Plan Width": 160, "Plans": [{"Node Type": "Nested Loop", "Parent Relationship": "Outer", "Join Type": "Inner", "Startup Cost": 0.0, "Total Cost": 204962.19, "Plan Rows": 9, "Plan Width": 64, "Inner Unique": true, "Plans": [{"Node Type": "Nested Loop", "Parent Relationship": "Outer", "Join Type": "Inner", "Startup Cost": 0.0, "Total Cost": 204959.56, "Plan Rows": 9, "Plan Width": 59, "Inner Unique": true, "Plans": [{"Node Type": "Nested Loop", "Parent Relationship": "Outer", "Join Type": "Inner", "Startup Cost": 0.0, "Total Cost": 204880.74, "Plan Rows": 279, "Plan Width": 63, "Inner Unique": false, "Join Filter": "(mi_idx.movie_id = mi.movie_id)", "Plans": [{"Node Type": "Nested Loop", "Parent Relationship": "Outer", "Join Type": "Inner", "Startup Cost": 0.0, "Total Cost": 204707.1, "Plan Rows": 228, "Plan Width": 13, "Inner Unique": true, "Plans": [{"Node Type": "Nested Loop", "Parent Relationship": "Outer", "Join Type": "Inner", "Startup Cost": 0.0, "Total Cost": 204609.36, "Plan Rows": 346, "Plan Width": 17, "Inner Unique": false, "Plans": [{"Node Type": "Nested Loop", "Parent Relationship": "Outer", "Join Type": "Inner", "Startup Cost": 0.0, "Total Cost": 204512.56, "Plan Rows": 294, "Plan Width": 4, "Inner Unique": false, "Plans": [{"Node Type": "Index Scan", "Parent Relationship": "Outer", "Scan Direction": "Forward", "Index Name": "name_pkey", "Relation Name": "name", "Alias": "n", "Startup Cost": 0.0, "Total Cost": 197070.2, "Plan Rows": 173, "Plan Width": 4, "Filter": "(((name)::text ~~ '%Tim%'::text) AND ((gender)::text = 'm'::text))"}, {"Node Type": "Index Scan", "Parent Relationship": "Inner", "Scan Direction": "Forward", "Index Name": "person_id_cast_info", "Relation Name": "cast_info", "Alias": "ci", "Startup Cost": 0.0, "Total Cost": 43.0, "Plan Rows": 2, "Plan Width": 8, "Index Cond": "(person_id = n.id)", "Filter": "((note)::text = ANY ('{(producer),\"(executive producer)\"}'::text[]))"}]}, {"Node Type": "Index Scan", "Parent Relationship": "Inner", "Scan Direction": "Forward", "Index Name": "movie_id_movie_info_idx", "Relation Name": "movie_info_idx", "Alias": "mi_idx", "Startup Cost": 0.0, "Total Cost": 0.31, "Plan Rows": 2, "Plan Width": 13, "Index Cond": "(movie_id = ci.movie_id)"}]}, {"Node Type": "Index Scan", "Parent Relationship": "Inner", "Scan Direction": "Forward", "Index Name": "info_type_pkey", "Relation Name": "info_type", "Alias": "it2", "Startup Cost": 0.0, "Total Cost": 0.27, "Plan Rows": 1, "Plan Width": 4, "Index Cond": "(id = mi_idx.info_type_id)", "Filter": "((info)::text = 'votes'::text)"}]}, {"Node Type": "Index Scan", "Parent Relationship": "Inner", "Scan Direction": "Forward", "Index Name": "movie_id_movie_info", "Relation Name": "movie_info", "Alias": "mi", "Startup Cost": 0.0, "Total Cost": 0.7, "Plan Rows": 5, "Plan Width": 50, "Index Cond": "(movie_id = ci.movie_id)"}]}, {"Node Type": "Index Scan", "Parent Relationship": "Inner", "Scan Direction": "Forward", "Index Name": "info_type_pkey", "Relation Name": "info_type", "Alias": "it1", "Startup Cost": 0.0, "Total Cost": 0.27, "Plan Rows": 1, "Plan Width": 4, "Index Cond": "(id = mi.info_type_id)", "Filter": "((info)::text = 'budget'::text)"}]}, {"Node Type": "Index Scan", "Parent Relationship": "Inner", "Scan Direction": "Forward", "Index Name": "title_pkey", "Relation Name": "title", "Alias": "t", "Startup Cost": 0.0, "Total Cost": 0.28, "Plan Rows": 1, "Plan Width": 21, "Index Cond": "(id = mi.movie_id)"}]}]}, "Unique SQL Id": 4264520866, "Planner Runtime": 27}, "explain_analyze_plan": null}, "(1, '86')": {"explain_plan": {"Plan": {"Node Type": "Aggregate", "Strategy": "Plain", "Startup Cost": 129124.44, "Total Cost": 129124.45, "Plan Rows": 1, "Plan Width": 160, "Plans": [{"Node Type": "Nested Loop", "Parent Relationship": "Outer", "Join Type": "Inner", "Startup Cost": 129085.84, "Total Cost": 129124.37, "Plan Rows": 9, "Plan Width": 64, "Inner Unique": true, "Plans": [{"Node Type": "Merge Join", "Parent Relationship": "Outer", "Join Type": "Inner", "Startup Cost": 129085.58, "Total Cost": 129085.83, "Plan Rows": 9, "Plan Width": 59, "Inner Unique": false, "Merge Cond": "(it2.id = mi_idx.info_type_id)", "Plans": [{"Node Type": "Sort", "Parent Relationship": "Outer", "Startup Cost": 2.41, "Total Cost": 2.42, "Plan Rows": 1, "Plan Width": 4, "Sort Key": ["it2.id"], "Plans": [{"Node Type": "Seq Scan", "Parent Relationship": "Outer", "Relation Name": "info_type", "Alias": "it2", "Startup Cost": 0.0, "Total Cost": 2.4, "Plan Rows": 1, "Plan Width": 4, "Filter": "((info)::text = 'votes'::text)"}]}, {"Node Type": "Sort", "Parent Relationship": "Inner", "Startup Cost": 129083.16, "Total Cost": 129083.24, "Plan Rows": 34, "Plan Width": 63, "Sort Key": ["mi_idx.info_type_id"], "Plans": [{"Node Type": "Nested Loop", "Parent Relationship": "Outer", "Join Type": "Inner", "Startup Cost": 128501.48, "Total Cost": 129082.29, "Plan Rows": 34, "Plan Width": 63, "Inner Unique": false, "Plans": [{"Node Type": "Merge Join", "Parent Relationship": "Outer", "Join Type": "Inner", "Startup Cost": 128501.22, "Total Cost": 128508.82, "Plan Rows": 133, "Plan Width": 50, "Inner Unique": false, "Merge Cond": "(it1.id = mi.info_type_id)", "Plans": [{"Node Type": "Sort", "Parent Relationship": "Outer", "Startup Cost": 2.41, "Total Cost": 2.42, "Plan Rows": 1, "Plan Width": 4, "Sort Key": ["it1.id"], "Plans": [{"Node Type": "Seq Scan", "Parent Relationship": "Outer", "Relation Name": "info_type", "Alias": "it1", "Startup Cost": 0.0, "Total Cost": 2.4, "Plan Rows": 1, "Plan Width": 4, "Filter": "((info)::text = 'budget'::text)"}]}, {"Node Type": "Sort", "Parent Relationship": "Inner", "Startup Cost": 128498.38, "Total Cost": 128502.28, "Plan Rows": 1561, "Plan Width": 54, "Sort Key": ["mi.info_type_id"], "Plans": [{"Node Type": "Nested Loop", "Parent Relationship": "Outer", "Join Type": "Inner", "Startup Cost": 4.77, "Total Cost": 128415.58, "Plan Rows": 1561, "Plan Width": 54, "Inner Unique": false, "Plans": [{"Node Type": "Nested Loop", "Parent Relationship": "Outer", "Join Type": "Inner", "Startup Cost": 4.39, "Total Cost": 127093.19, "Plan Rows": 294, "Plan Width": 4, "Inner Unique": false, "Plans": [{"Node Type": "Seq Scan", "Parent Relationship": "Outer", "Relation Name": "name", "Alias": "n", "Startup Cost": 0.0, "Total Cost": 113909.35, "Plan Rows": 173, "Plan Width": 4, "Filter": "(((name)::text ~~ '%Tim%'::text) AND ((gender)::text = 'm'::text))"}, {"Node Type": "Bitmap Heap Scan", "Parent Relationship": "Inner", "Relation Name": "cast_info", "Alias": "ci", "Startup Cost": 4.39, "Total Cost": 76.19, "Plan Rows": 2, "Plan Width": 8, "Recheck Cond": "(person_id = n.id)", "Filter": "((note)::text = ANY ('{(producer),\"(executive producer)\"}'::text[]))", "Plans": [{"Node Type": "Bitmap Index Scan", "Parent Relationship": "Outer", "Index Name": "person_id_cast_info", "Startup Cost": 0.0, "Total Cost": 4.38, "Plan Rows": 18, "Plan Width": 0, "Index Cond": "(person_id = n.id)"}]}]}, {"Node Type": "Bitmap Heap Scan", "Parent Relationship": "Inner", "Relation Name": "movie_info", "Alias": "mi", "Startup Cost": 0.39, "Total Cost": 4.45, "Plan Rows": 5, "Plan Width": 50, "Recheck Cond": "(movie_id = ci.movie_id)", "Plans": [{"Node Type": "Bitmap Index Scan", "Parent Relationship": "Outer", "Index Name": "movie_id_movie_info", "Startup Cost": 0.0, "Total Cost": 0.38, "Plan Rows": 5, "Plan Width": 0, "Index Cond": "(movie_id = ci.movie_id)"}]}]}]}]}, {"Node Type": "Bitmap Heap Scan", "Parent Relationship": "Inner", "Relation Name": "movie_info_idx", "Alias": "mi_idx", "Startup Cost": 0.27, "Total Cost": 4.29, "Plan Rows": 2, "Plan Width": 13, "Recheck Cond": "(movie_id = mi.movie_id)", "Plans": [{"Node Type": "Bitmap Index Scan", "Parent Relationship": "Outer", "Index Name": "movie_id_movie_info_idx", "Startup Cost": 0.0, "Total Cost": 0.27, "Plan Rows": 2, "Plan Width": 0, "Index Cond": "(movie_id = mi.movie_id)"}]}]}]}]}, {"Node Type": "Bitmap Heap Scan", "Parent Relationship": "Inner", "Relation Name": "title", "Alias": "t", "Startup Cost": 0.26, "Total Cost": 4.27, "Plan Rows": 1, "Plan Width": 21, "Recheck Cond": "(id = mi.movie_id)", "Plans": [{"Node Type": "Bitmap Index Scan", "Parent Relationship": "Outer", "Index Name": "title_pkey", "Startup Cost": 0.0, "Total Cost": 0.26, "Plan Rows": 1, "Plan Width": 0, "Index Cond": "(id = mi.movie_id)"}]}]}]}, "Unique SQL Id": 4264520866, "Planner Runtime": 26}, "explain_analyze_plan": {"Plan": {"Node Type": "Aggregate", "Strategy": "Plain", "Startup Cost": 129124.44, "Total Cost": 129124.45, "Plan Rows": 1, "Plan Width": 160, "Actual Startup Time": 2062.71, "Actual Total Time": 2062.711, "Actual Rows": 1, "Actual Loops": 1, "Plans": [{"Node Type": "Nested Loop", "Parent Relationship": "Outer", "Join Type": "Inner", "Startup Cost": 129085.84, "Total Cost": 129124.37, "Plan Rows": 9, "Plan Width": 64, "Actual Startup Time": 2058.217, "Actual Total Time": 2062.289, "Actual Rows": 410, "Actual Loops": 1, "Inner Unique": true, "Plans": [{"Node Type": "Merge Join", "Parent Relationship": "Outer", "Join Type": "Inner", "Startup Cost": 129085.58, "Total Cost": 129085.83, "Plan Rows": 9, "Plan Width": 59, "Actual Startup Time": 2058.167, "Actual Total Time": 2058.358, "Actual Rows": 410, "Actual Loops": 1, "Inner Unique": false, "Merge Cond": "(it2.id = mi_idx.info_type_id)", "Plans": [{"Node Type": "Sort", "Parent Relationship": "Outer", "Startup Cost": 2.41, "Total Cost": 2.42, "Plan Rows": 1, "Plan Width": 4, "Actual Startup Time": 0.078, "Actual Total Time": 0.079, "Actual Rows": 1, "Actual Loops": 1, "Sort Key": ["it2.id"], "Sort Method": "quicksort", "Sort Space Used": 25, "Sort Space Type": "Memory", "Plans": [{"Node Type": "Seq Scan", "Parent Relationship": "Outer", "Relation Name": "info_type", "Alias": "it2", "Startup Cost": 0.0, "Total Cost": 2.4, "Plan Rows": 1, "Plan Width": 4, "Actual Startup Time": 0.062, "Actual Total Time": 0.068, "Actual Rows": 1, "Actual Loops": 1, "Filter": "((info)::text = 'votes'::text)", "Rows Removed by Filter": 111}]}, {"Node Type": "Sort", "Parent Relationship": "Inner", "Startup Cost": 129083.16, "Total Cost": 129083.24, "Plan Rows": 34, "Plan Width": 63, "Actual Startup Time": 2057.973, "Actual Total Time": 2058.064, "Actual Rows": 821, "Actual Loops": 1, "Sort Key": ["mi_idx.info_type_id"], "Sort Method": "quicksort", "Sort Space Used": 167, "Sort Space Type": "Memory", "Plans": [{"Node Type": "Nested Loop", "Parent Relationship": "Outer", "Join Type": "Inner", "Startup Cost": 128501.48, "Total Cost": 129082.29, "Plan Rows": 34, "Plan Width": 63, "Actual Startup Time": 2050.627, "Actual Total Time": 2057.387, "Actual Rows": 1235, "Actual Loops": 1, "Inner Unique": false, "Plans": [{"Node Type": "Merge Join", "Parent Relationship": "Outer", "Join Type": "Inner", "Startup Cost": 128501.22, "Total Cost": 128508.82, "Plan Rows": 133, "Plan Width": 50, "Actual Startup Time": 2050.475, "Actual Total Time": 2051.195, "Actual Rows": 699, "Actual Loops": 1, "Inner Unique": false, "Merge Cond": "(it1.id = mi.info_type_id)", "Plans": [{"Node Type": "Sort", "Parent Relationship": "Outer", "Startup Cost": 2.41, "Total Cost": 2.42, "Plan Rows": 1, "Plan Width": 4, "Actual Startup Time": 0.057, "Actual Total Time": 0.058, "Actual Rows": 1, "Actual Loops": 1, "Sort Key": ["it1.id"], "Sort Method": "quicksort", "Sort Space Used": 25, "Sort Space Type": "Memory", "Plans": [{"Node Type": "Seq Scan", "Parent Relationship": "Outer", "Relation Name": "info_type", "Alias": "it1", "Startup Cost": 0.0, "Total Cost": 2.4, "Plan Rows": 1, "Plan Width": 4, "Actual Startup Time": 0.051, "Actual Total Time": 0.054, "Actual Rows": 1, "Actual Loops": 1, "Filter": "((info)::text = 'budget'::text)", "Rows Removed by Filter": 111}]}, {"Node Type": "Sort", "Parent Relationship": "Inner", "Startup Cost": 128498.38, "Total Cost": 128502.28, "Plan Rows": 1561, "Plan Width": 54, "Actual Startup Time": 2023.071, "Actual Total Time": 2035.179, "Actual Rows": 87267, "Actual Loops": 1, "Sort Key": ["mi.info_type_id"], "Sort Method": "quicksort", "Sort Space Used": 22583, "Sort Space Type": "Memory", "Plans": [{"Node Type": "Nested Loop", "Parent Relationship": "Outer", "Join Type": "Inner", "Startup Cost": 4.77, "Total Cost": 128415.58, "Plan Rows": 1561, "Plan Width": 54, "Actual Startup Time": 0.851, "Actual Total Time": 1986.596, "Actual Rows": 95896, "Actual Loops": 1, "Inner Unique": false, "Plans": [{"Node Type": "Nested Loop", "Parent Relationship": "Outer", "Join Type": "Inner", "Startup Cost": 4.39, "Total Cost": 127093.19, "Plan Rows": 294, "Plan Width": 4, "Actual Startup Time": 0.813, "Actual Total Time": 1797.282, "Actual Rows": 6719, "Actual Loops": 1, "Inner Unique": false, "Plans": [{"Node Type": "Seq Scan", "Parent Relationship": "Outer", "Relation Name": "name", "Alias": "n", "Startup Cost": 0.0, "Total Cost": 113909.35, "Plan Rows": 173, "Plan Width": 4, "Actual Startup Time": 0.234, "Actual Total Time": 1644.595, "Actual Rows": 9062, "Actual Loops": 1, "Filter": "(((name)::text ~~ '%Tim%'::text) AND ((gender)::text = 'm'::text))", "Rows Removed by Filter": 4158428}, {"Node Type": "Bitmap Heap Scan", "Parent Relationship": "Inner", "Relation Name": "cast_info", "Alias": "ci", "Startup Cost": 4.39, "Total Cost": 76.19, "Plan Rows": 2, "Plan Width": 8, "Actual Startup Time": 123.348, "Actual Total Time": 139.006, "Actual Rows": 6719, "Actual Loops": 9062, "Recheck Cond": "(person_id = n.id)", "Rows Removed by Index Recheck": 0, "Filter": "((note)::text = ANY ('{(producer),\"(executive producer)\"}'::text[]))", "Rows Removed by Filter": 89309, "Exact Heap Blocks": 13336, "Lossy Heap Blocks": 13336, "Plans": [{"Node Type": "Bitmap Index Scan", "Parent Relationship": "Outer", "Index Name": "person_id_cast_info", "Startup Cost": 0.0, "Total Cost": 4.38, "Plan Rows": 18, "Plan Width": 0, "Actual Startup Time": 56.616, "Actual Total Time": 56.616, "Actual Rows": 96028, "Actual Loops": 9062, "Index Cond": "(person_id = n.id)"}]}]}, {"Node Type": "Bitmap Heap Scan", "Parent Relationship": "Inner", "Relation Name": "movie_info", "Alias": "mi", "Startup Cost": 0.39, "Total Cost": 4.45, "Plan Rows": 5, "Plan Width": 50, "Actual Startup Time": 67.408, "Actual Total Time": 159.883, "Actual Rows": 95896, "Actual Loops": 6719, "Recheck Cond": "(movie_id = ci.movie_id)", "Rows Removed by Index Recheck": 0, "Exact Heap Blocks": 40013, "Lossy Heap Blocks": 40013, "Plans": [{"Node Type": "Bitmap Index Scan", "Parent Relationship": "Outer", "Index Name": "movie_id_movie_info", "Startup Cost": 0.0, "Total Cost": 0.38, "Plan Rows": 5, "Plan Width": 0, "Actual Startup Time": 46.736, "Actual Total Time": 46.736, "Actual Rows": 95896, "Actual Loops": 6719, "Index Cond": "(movie_id = ci.movie_id)"}]}]}]}]}, {"Node Type": "Bitmap Heap Scan", "Parent Relationship": "Inner", "Relation Name": "movie_info_idx", "Alias": "mi_idx", "Startup Cost": 0.27, "Total Cost": 4.29, "Plan Rows": 2, "Plan Width": 13, "Actual Startup Time": 4.944, "Actual Total Time": 5.111, "Actual Rows": 1235, "Actual Loops": 699, "Recheck Cond": "(movie_id = mi.movie_id)", "Rows Removed by Index Recheck": 0, "Exact Heap Blocks": 419, "Lossy Heap Blocks": 419, "Plans": [{"Node Type": "Bitmap Index Scan", "Parent Relationship": "Outer", "Index Name": "movie_id_movie_info_idx", "Startup Cost": 0.0, "Total Cost": 0.27, "Plan Rows": 2, "Plan Width": 0, "Actual Startup Time": 3.394, "Actual Total Time": 3.394, "Actual Rows": 1235, "Actual Loops": 699, "Index Cond": "(movie_id = mi.movie_id)"}]}]}]}]}, {"Node Type": "Bitmap Heap Scan", "Parent Relationship": "Inner", "Relation Name": "title", "Alias": "t", "Startup Cost": 0.26, "Total Cost": 4.27, "Plan Rows": 1, "Plan Width": 21, "Actual Startup Time": 3.355, "Actual Total Time": 3.355, "Actual Rows": 410, "Actual Loops": 410, "Recheck Cond": "(id = mi.movie_id)", "Rows Removed by Index Recheck": 0, "Exact Heap Blocks": 410, "Lossy Heap Blocks": 410, "Plans": [{"Node Type": "Bitmap Index Scan", "Parent Relationship": "Outer", "Index Name": "title_pkey", "Startup Cost": 0.0, "Total Cost": 0.26, "Plan Rows": 1, "Plan Width": 0, "Actual Startup Time": 2.038, "Actual Total Time": 2.038, "Actual Rows": 410, "Actual Loops": 410, "Index Cond": "(id = mi.movie_id)"}]}]}]}, "Triggers": [], "Planner Runtime": 24.652, "Total Runtime": 2063.06, "Unique SQL Id": 4264520866}}, "(1, '87')": {"explain_plan": {"Plan": {"Node Type": "Aggregate", "Strategy": "Plain", "Startup Cost": 1000014018806.1, "Total Cost": 1000014018806.11, "Plan Rows": 1, "Plan Width": 160, "Plans": [{"Node Type": "Nested Loop", "Parent Relationship": "Outer", "Join Type": "Inner", "Startup Cost": 10000000002.15, "Total Cost": 1000014018806.04, "Plan Rows": 8, "Plan Width": 64, "Inner Unique": true, "Plans": [{"Node Type": "Nested Loop", "Parent Relationship": "Outer", "Join Type": "Inner", "Startup Cost": 10000000001.89, "Total Cost": 1000014018767.49, "Plan Rows": 9, "Plan Width": 59, "Inner Unique": true, "Plans": [{"Node Type": "Nested Loop", "Parent Relationship": "Outer", "Join Type": "Inner", "Startup Cost": 10000000001.63, "Total Cost": 1000014017572.6, "Plan Rows": 279, "Plan Width": 63, "Inner Unique": false, "Join Filter": "(mi_idx.movie_id = mi.movie_id)", "Plans": [{"Node Type": "Nested Loop", "Parent Relationship": "Outer", "Join Type": "Inner", "Startup Cost": 10000000001.24, "Total Cost": 1000014017338.06, "Plan Rows": 52, "Plan Width": 13, "Inner Unique": true, "Plans": [{"Node Type": "Nested Loop", "Parent Relationship": "Outer", "Join Type": "Inner", "Startup Cost": 10000000000.96, "Total Cost": 1000012216357.19, "Plan Rows": 417690, "Plan Width": 17, "Inner Unique": false, "Plans": [{"Node Type": "Nested Loop", "Parent Relationship": "Outer", "Join Type": "Inner", "Startup Cost": 10000000000.26, "Total Cost": 1000010560383.98, "Plan Rows": 345008, "Plan Width": 9, "Inner Unique": true, "Plans": [{"Node Type": "Index Scan", "Parent Relationship": "Outer", "Scan Direction": "Forward", "Index Name": "movie_id_movie_info_idx", "Relation Name": "movie_info_idx", "Alias": "mi_idx", "Startup Cost": 10000000000.0, "Total Cost": 1000004650035.37, "Plan Rows": 1380034, "Plan Width": 13}, {"Node Type": "Bitmap Heap Scan", "Parent Relationship": "Inner", "Relation Name": "info_type", "Alias": "it2", "Startup Cost": 0.26, "Total Cost": 4.27, "Plan Rows": 1, "Plan Width": 4, "Recheck Cond": "(id = mi_idx.info_type_id)", "Filter": "((info)::text = 'votes'::text)", "Plans": [{"Node Type": "Bitmap Index Scan", "Parent Relationship": "Outer", "Index Name": "info_type_pkey", "Startup Cost": 0.0, "Total Cost": 0.26, "Plan Rows": 1, "Plan Width": 0, "Index Cond": "(id = mi_idx.info_type_id)"}]}]}, {"Node Type": "Bitmap Heap Scan", "Parent Relationship": "Inner", "Relation Name": "cast_info", "Alias": "ci", "Startup Cost": 0.7, "Total Cost": 4.79, "Plan Rows": 1, "Plan Width": 8, "Recheck Cond": "(movie_id = mi_idx.movie_id)", "Filter": "((note)::text = ANY ('{(producer),\"(executive producer)\"}'::text[]))", "Plans": [{"Node Type": "Bitmap Index Scan", "Parent Relationship": "Outer", "Index Name": "movie_id_cast_info", "Startup Cost": 0.0, "Total Cost": 0.7, "Plan Rows": 6, "Plan Width": 0, "Index Cond": "(movie_id = mi_idx.movie_id)"}]}]}, {"Node Type": "Bitmap Heap Scan", "Parent Relationship": "Inner", "Relation Name": "name", "Alias": "n", "Startup Cost": 0.28, "Total Cost": 4.3, "Plan Rows": 1, "Plan Width": 4, "Recheck Cond": "(id = ci.person_id)", "Filter": "(((name)::text ~~ '%Tim%'::text) AND ((gender)::text = 'm'::text))", "Plans": [{"Node Type": "Bitmap Index Scan", "Parent Relationship": "Outer", "Index Name": "name_pkey", "Startup Cost": 0.0, "Total Cost": 0.28, "Plan Rows": 1, "Plan Width": 0, "Index Cond": "(id = ci.person_id)"}]}]}, {"Node Type": "Bitmap Heap Scan", "Parent Relationship": "Inner", "Relation Name": "movie_info", "Alias": "mi", "Startup Cost": 0.39, "Total Cost": 4.45, "Plan Rows": 5, "Plan Width": 50, "Recheck Cond": "(movie_id = ci.movie_id)", "Plans": [{"Node Type": "Bitmap Index Scan", "Parent Relationship": "Outer", "Index Name": "movie_id_movie_info", "Startup Cost": 0.0, "Total Cost": 0.38, "Plan Rows": 5, "Plan Width": 0, "Index Cond": "(movie_id = ci.movie_id)"}]}]}, {"Node Type": "Bitmap Heap Scan", "Parent Relationship": "Inner", "Relation Name": "info_type", "Alias": "it1", "Startup Cost": 0.26, "Total Cost": 4.27, "Plan Rows": 1, "Plan Width": 4, "Recheck Cond": "(id = mi.info_type_id)", "Filter": "((info)::text = 'budget'::text)", "Plans": [{"Node Type": "Bitmap Index Scan", "Parent Relationship": "Outer", "Index Name": "info_type_pkey", "Startup Cost": 0.0, "Total Cost": 0.26, "Plan Rows": 1, "Plan Width": 0, "Index Cond": "(id = mi.info_type_id)"}]}]}, {"Node Type": "Bitmap Heap Scan", "Parent Relationship": "Inner", "Relation Name": "title", "Alias": "t", "Startup Cost": 0.26, "Total Cost": 4.27, "Plan Rows": 1, "Plan Width": 21, "Recheck Cond": "(id = mi.movie_id)", "Plans": [{"Node Type": "Bitmap Index Scan", "Parent Relationship": "Outer", "Index Name": "title_pkey", "Startup Cost": 0.0, "Total Cost": 0.26, "Plan Rows": 1, "Plan Width": 0, "Index Cond": "(id = mi.movie_id)"}]}]}]}, "Unique SQL Id": 4264520866, "Planner Runtime": 9}, "explain_analyze_plan": null}, "(1, '88')": {"explain_plan": {"Plan": {"Node Type": "Aggregate", "Strategy": "Plain", "Startup Cost": 121801.41, "Total Cost": 121801.42, "Plan Rows": 1, "Plan Width": 160, "Plans": [{"Node Type": "Nested Loop", "Parent Relationship": "Outer", "Join Type": "Inner", "Startup Cost": 0.0, "Total Cost": 121801.34, "Plan Rows": 9, "Plan Width": 64, "Inner Unique": true, "Plans": [{"Node Type": "Nested Loop", "Parent Relationship": "Outer", "Join Type": "Inner", "Startup Cost": 0.0, "Total Cost": 121798.71, "Plan Rows": 9, "Plan Width": 59, "Inner Unique": true, "Plans": [{"Node Type": "Nested Loop", "Parent Relationship": "Outer", "Join Type": "Inner", "Startup Cost": 0.0, "Total Cost": 121719.89, "Plan Rows": 279, "Plan Width": 63, "Inner Unique": false, "Join Filter": "(mi_idx.movie_id = mi.movie_id)", "Plans": [{"Node Type": "Nested Loop", "Parent Relationship": "Outer", "Join Type": "Inner", "Startup Cost": 0.0, "Total Cost": 121546.26, "Plan Rows": 228, "Plan Width": 13, "Inner Unique": true, "Plans": [{"Node Type": "Nested Loop", "Parent Relationship": "Outer", "Join Type": "Inner", "Startup Cost": 0.0, "Total Cost": 121448.51, "Plan Rows": 346, "Plan Width": 17, "Inner Unique": false, "Plans": [{"Node Type": "Nested Loop", "Parent Relationship": "Outer", "Join Type": "Inner", "Startup Cost": 0.0, "Total Cost": 121351.72, "Plan Rows": 294, "Plan Width": 4, "Inner Unique": false, "Plans": [{"Node Type": "Seq Scan", "Parent Relationship": "Outer", "Relation Name": "name", "Alias": "n", "Startup Cost": 0.0, "Total Cost": 113909.35, "Plan Rows": 173, "Plan Width": 4, "Filter": "(((name)::text ~~ '%Tim%'::text) AND ((gender)::text = 'm'::text))"}, {"Node Type": "Index Scan", "Parent Relationship": "Inner", "Scan Direction": "Forward", "Index Name": "person_id_cast_info", "Relation Name": "cast_info", "Alias": "ci", "Startup Cost": 0.0, "Total Cost": 43.0, "Plan Rows": 2, "Plan Width": 8, "Index Cond": "(person_id = n.id)", "Filter": "((note)::text = ANY ('{(producer),\"(executive producer)\"}'::text[]))"}]}, {"Node Type": "Index Scan", "Parent Relationship": "Inner", "Scan Direction": "Forward", "Index Name": "movie_id_movie_info_idx", "Relation Name": "movie_info_idx", "Alias": "mi_idx", "Startup Cost": 0.0, "Total Cost": 0.31, "Plan Rows": 2, "Plan Width": 13, "Index Cond": "(movie_id = ci.movie_id)"}]}, {"Node Type": "Index Scan", "Parent Relationship": "Inner", "Scan Direction": "Forward", "Index Name": "info_type_pkey", "Relation Name": "info_type", "Alias": "it2", "Startup Cost": 0.0, "Total Cost": 0.27, "Plan Rows": 1, "Plan Width": 4, "Index Cond": "(id = mi_idx.info_type_id)", "Filter": "((info)::text = 'votes'::text)"}]}, {"Node Type": "Index Scan", "Parent Relationship": "Inner", "Scan Direction": "Forward", "Index Name": "movie_id_movie_info", "Relation Name": "movie_info", "Alias": "mi", "Startup Cost": 0.0, "Total Cost": 0.7, "Plan Rows": 5, "Plan Width": 50, "Index Cond": "(movie_id = ci.movie_id)"}]}, {"Node Type": "Index Scan", "Parent Relationship": "Inner", "Scan Direction": "Forward", "Index Name": "info_type_pkey", "Relation Name": "info_type", "Alias": "it1", "Startup Cost": 0.0, "Total Cost": 0.27, "Plan Rows": 1, "Plan Width": 4, "Index Cond": "(id = mi.info_type_id)", "Filter": "((info)::text = 'budget'::text)"}]}, {"Node Type": "Index Scan", "Parent Relationship": "Inner", "Scan Direction": "Forward", "Index Name": "title_pkey", "Relation Name": "title", "Alias": "t", "Startup Cost": 0.0, "Total Cost": 0.28, "Plan Rows": 1, "Plan Width": 21, "Index Cond": "(id = mi.movie_id)"}]}]}, "Unique SQL Id": 4264520866, "Planner Runtime": 29}, "explain_analyze_plan": {"Plan": {"Node Type": "Aggregate", "Strategy": "Plain", "Startup Cost": 121801.41, "Total Cost": 121801.42, "Plan Rows": 1, "Plan Width": 160, "Actual Startup Time": 2151.64, "Actual Total Time": 2151.64, "Actual Rows": 1, "Actual Loops": 1, "Plans": [{"Node Type": "Nested Loop", "Parent Relationship": "Outer", "Join Type": "Inner", "Startup Cost": 0.0, "Total Cost": 121801.34, "Plan Rows": 9, "Plan Width": 64, "Actual Startup Time": 0.939, "Actual Total Time": 2150.702, "Actual Rows": 410, "Actual Loops": 1, "Inner Unique": true, "Plans": [{"Node Type": "Nested Loop", "Parent Relationship": "Outer", "Join Type": "Inner", "Startup Cost": 0.0, "Total Cost": 121798.71, "Plan Rows": 9, "Plan Width": 59, "Actual Startup Time": 0.92, "Actual Total Time": 2146.514, "Actual Rows": 410, "Actual Loops": 1, "Inner Unique": true, "Plans": [{"Node Type": "Nested Loop", "Parent Relationship": "Outer", "Join Type": "Inner", "Startup Cost": 0.0, "Total Cost": 121719.89, "Plan Rows": 279, "Plan Width": 63, "Actual Startup Time": 0.842, "Actual Total Time": 1964.017, "Actual Rows": 82408, "Actual Loops": 1, "Inner Unique": false, "Join Filter": "(mi_idx.movie_id = mi.movie_id)", "Rows Removed by Join Filter": 0, "Plans": [{"Node Type": "Nested Loop", "Parent Relationship": "Outer", "Join Type": "Inner", "Startup Cost": 0.0, "Total Cost": 121546.26, "Plan Rows": 228, "Plan Width": 13, "Actual Startup Time": 0.82, "Actual Total Time": 1833.517, "Actual Rows": 3435, "Actual Loops": 1, "Inner Unique": true, "Plans": [{"Node Type": "Nested Loop", "Parent Relationship": "Outer", "Join Type": "Inner", "Startup Cost": 0.0, "Total Cost": 121448.51, "Plan Rows": 346, "Plan Width": 17, "Actual Startup Time": 0.809, "Actual Total Time": 1807.574, "Actual Rows": 10310, "Actual Loops": 1, "Inner Unique": false, "Plans": [{"Node Type": "Nested Loop", "Parent Relationship": "Outer", "Join Type": "Inner", "Startup Cost": 0.0, "Total Cost": 121351.72, "Plan Rows": 294, "Plan Width": 4, "Actual Startup Time": 0.794, "Actual Total Time": 1770.353, "Actual Rows": 6719, "Actual Loops": 1, "Inner Unique": false, "Plans": [{"Node Type": "Seq Scan", "Parent Relationship": "Outer", "Relation Name": "name", "Alias": "n", "Startup Cost": 0.0, "Total Cost": 113909.35, "Plan Rows": 173, "Plan Width": 4, "Actual Startup Time": 0.245, "Actual Total Time": 1637.624, "Actual Rows": 9062, "Actual Loops": 1, "Filter": "(((name)::text ~~ '%Tim%'::text) AND ((gender)::text = 'm'::text))", "Rows Removed by Filter": 4158428}, {"Node Type": "Index Scan", "Parent Relationship": "Inner", "Scan Direction": "Forward", "Index Name": "person_id_cast_info", "Relation Name": "cast_info", "Alias": "ci", "Startup Cost": 0.0, "Total Cost": 43.0, "Plan Rows": 2, "Plan Width": 8, "Actual Startup Time": 106.784, "Actual Total Time": 125.753, "Actual Rows": 6719, "Actual Loops": 9062, "Index Cond": "(person_id = n.id)", "Rows Removed by Index Recheck": 0, "Filter": "((note)::text = ANY ('{(producer),\"(executive producer)\"}'::text[]))", "Rows Removed by Filter": 89309}]}, {"Node Type": "Index Scan", "Parent Relationship": "Inner", "Scan Direction": "Forward", "Index Name": "movie_id_movie_info_idx", "Relation Name": "movie_info_idx", "Alias": "mi_idx", "Startup Cost": 0.0, "Total Cost": 0.31, "Plan Rows": 2, "Plan Width": 13, "Actual Startup Time": 26.866, "Actual Total Time": 30.86, "Actual Rows": 10310, "Actual Loops": 6719, "Index Cond": "(movie_id = ci.movie_id)", "Rows Removed by Index Recheck": 0}]}, {"Node Type": "Index Scan", "Parent Relationship": "Inner", "Scan Direction": "Forward", "Index Name": "info_type_pkey", "Relation Name": "info_type", "Alias": "it2", "Startup Cost": 0.0, "Total Cost": 0.27, "Plan Rows": 1, "Plan Width": 4, "Actual Startup Time": 19.749, "Actual Total Time": 19.749, "Actual Rows": 3435, "Actual Loops": 10310, "Index Cond": "(id = mi_idx.info_type_id)", "Rows Removed by Index Recheck": 0, "Filter": "((info)::text = 'votes'::text)", "Rows Removed by Filter": 6875}]}, {"Node Type": "Index Scan", "Parent Relationship": "Inner", "Scan Direction": "Forward", "Index Name": "movie_id_movie_info", "Relation Name": "movie_info", "Alias": "mi", "Startup Cost": 0.0, "Total Cost": 0.7, "Plan Rows": 5, "Plan Width": 50, "Actual Startup Time": 24.383, "Actual Total Time": 98.513, "Actual Rows": 82408, "Actual Loops": 3435, "Index Cond": "(movie_id = ci.movie_id)", "Rows Removed by Index Recheck": 0}]}, {"Node Type": "Index Scan", "Parent Relationship": "Inner", "Scan Direction": "Forward", "Index Name": "info_type_pkey", "Relation Name": "info_type", "Alias": "it1", "Startup Cost": 0.0, "Total Cost": 0.27, "Plan Rows": 1, "Plan Width": 4, "Actual Startup Time": 144.413, "Actual Total Time": 144.413, "Actual Rows": 410, "Actual Loops": 82408, "Index Cond": "(id = mi.info_type_id)", "Rows Removed by Index Recheck": 0, "Filter": "((info)::text = 'budget'::text)", "Rows Removed by Filter": 79844}]}, {"Node Type": "Index Scan", "Parent Relationship": "Inner", "Scan Direction": "Forward", "Index Name": "title_pkey", "Relation Name": "title", "Alias": "t", "Startup Cost": 0.0, "Total Cost": 0.28, "Plan Rows": 1, "Plan Width": 21, "Actual Startup Time": 3.547, "Actual Total Time": 3.547, "Actual Rows": 410, "Actual Loops": 410, "Index Cond": "(id = mi.movie_id)", "Rows Removed by Index Recheck": 0}]}]}, "Triggers": [], "Planner Runtime": 37.989, "Total Runtime": 2151.963, "Unique SQL Id": 4264520866}}, "(1, '89')": {"explain_plan": {"Plan": {"Node Type": "Aggregate", "Strategy": "Plain", "Startup Cost": 204962.25, "Total Cost": 204962.26, "Plan Rows": 1, "Plan Width": 160, "Plans": [{"Node Type": "Nested Loop", "Parent Relationship": "Outer", "Join Type": "Inner", "Startup Cost": 0.0, "Total Cost": 204962.19, "Plan Rows": 9, "Plan Width": 64, "Inner Unique": true, "Plans": [{"Node Type": "Nested Loop", "Parent Relationship": "Outer", "Join Type": "Inner", "Startup Cost": 0.0, "Total Cost": 204959.56, "Plan Rows": 9, "Plan Width": 59, "Inner Unique": true, "Plans": [{"Node Type": "Nested Loop", "Parent Relationship": "Outer", "Join Type": "Inner", "Startup Cost": 0.0, "Total Cost": 204880.74, "Plan Rows": 279, "Plan Width": 63, "Inner Unique": false, "Join Filter": "(mi_idx.movie_id = mi.movie_id)", "Plans": [{"Node Type": "Nested Loop", "Parent Relationship": "Outer", "Join Type": "Inner", "Startup Cost": 0.0, "Total Cost": 204707.1, "Plan Rows": 228, "Plan Width": 13, "Inner Unique": true, "Plans": [{"Node Type": "Nested Loop", "Parent Relationship": "Outer", "Join Type": "Inner", "Startup Cost": 0.0, "Total Cost": 204609.36, "Plan Rows": 346, "Plan Width": 17, "Inner Unique": false, "Plans": [{"Node Type": "Nested Loop", "Parent Relationship": "Outer", "Join Type": "Inner", "Startup Cost": 0.0, "Total Cost": 204512.56, "Plan Rows": 294, "Plan Width": 4, "Inner Unique": false, "Plans": [{"Node Type": "Index Scan", "Parent Relationship": "Outer", "Scan Direction": "Forward", "Index Name": "name_pkey", "Relation Name": "name", "Alias": "n", "Startup Cost": 0.0, "Total Cost": 197070.2, "Plan Rows": 173, "Plan Width": 4, "Filter": "(((name)::text ~~ '%Tim%'::text) AND ((gender)::text = 'm'::text))"}, {"Node Type": "Index Scan", "Parent Relationship": "Inner", "Scan Direction": "Forward", "Index Name": "person_id_cast_info", "Relation Name": "cast_info", "Alias": "ci", "Startup Cost": 0.0, "Total Cost": 43.0, "Plan Rows": 2, "Plan Width": 8, "Index Cond": "(person_id = n.id)", "Filter": "((note)::text = ANY ('{(producer),\"(executive producer)\"}'::text[]))"}]}, {"Node Type": "Index Scan", "Parent Relationship": "Inner", "Scan Direction": "Forward", "Index Name": "movie_id_movie_info_idx", "Relation Name": "movie_info_idx", "Alias": "mi_idx", "Startup Cost": 0.0, "Total Cost": 0.31, "Plan Rows": 2, "Plan Width": 13, "Index Cond": "(movie_id = ci.movie_id)"}]}, {"Node Type": "Index Scan", "Parent Relationship": "Inner", "Scan Direction": "Forward", "Index Name": "info_type_pkey", "Relation Name": "info_type", "Alias": "it2", "Startup Cost": 0.0, "Total Cost": 0.27, "Plan Rows": 1, "Plan Width": 4, "Index Cond": "(id = mi_idx.info_type_id)", "Filter": "((info)::text = 'votes'::text)"}]}, {"Node Type": "Index Scan", "Parent Relationship": "Inner", "Scan Direction": "Forward", "Index Name": "movie_id_movie_info", "Relation Name": "movie_info", "Alias": "mi", "Startup Cost": 0.0, "Total Cost": 0.7, "Plan Rows": 5, "Plan Width": 50, "Index Cond": "(movie_id = ci.movie_id)"}]}, {"Node Type": "Index Scan", "Parent Relationship": "Inner", "Scan Direction": "Forward", "Index Name": "info_type_pkey", "Relation Name": "info_type", "Alias": "it1", "Startup Cost": 0.0, "Total Cost": 0.27, "Plan Rows": 1, "Plan Width": 4, "Index Cond": "(id = mi.info_type_id)", "Filter": "((info)::text = 'budget'::text)"}]}, {"Node Type": "Index Scan", "Parent Relationship": "Inner", "Scan Direction": "Forward", "Index Name": "title_pkey", "Relation Name": "title", "Alias": "t", "Startup Cost": 0.0, "Total Cost": 0.28, "Plan Rows": 1, "Plan Width": 21, "Index Cond": "(id = mi.movie_id)"}]}]}, "Unique SQL Id": 4264520866, "Planner Runtime": 27}, "explain_analyze_plan": null}, "(1, '90')": {"explain_plan": {"Plan": {"Node Type": "Aggregate", "Strategy": "Plain", "Startup Cost": 3719324.24, "Total Cost": 3719324.25, "Plan Rows": 1, "Plan Width": 160, "Plans": [{"Node Type": "Merge Join", "Parent Relationship": "Outer", "Join Type": "Inner", "Startup Cost": 3719323.92, "Total Cost": 3719324.17, "Plan Rows": 9, "Plan Width": 64, "Inner Unique": false, "Merge Cond": "(it2.id = mi_idx.info_type_id)", "Plans": [{"Node Type": "Sort", "Parent Relationship": "Outer", "Startup Cost": 2.41, "Total Cost": 2.42, "Plan Rows": 1, "Plan Width": 4, "Sort Key": ["it2.id"], "Plans": [{"Node Type": "Seq Scan", "Parent Relationship": "Outer", "Relation Name": "info_type", "Alias": "it2", "Startup Cost": 0.0, "Total Cost": 2.4, "Plan Rows": 1, "Plan Width": 4, "Filter": "((info)::text = 'votes'::text)"}]}, {"Node Type": "Sort", "Parent Relationship": "Inner", "Startup Cost": 3719321.51, "Total Cost": 3719321.59, "Plan Rows": 34, "Plan Width": 68, "Sort Key": ["mi_idx.info_type_id"], "Plans": [{"Node Type": "Merge Join", "Parent Relationship": "Outer", "Join Type": "Inner", "Startup Cost": 3719311.59, "Total Cost": 3719320.64, "Plan Rows": 34, "Plan Width": 68, "Inner Unique": false, "Merge Cond": "(it1.id = mi.info_type_id)", "Plans": [{"Node Type": "Sort", "Parent Relationship": "Outer", "Startup Cost": 2.41, "Total Cost": 2.42, "Plan Rows": 1, "Plan Width": 4, "Sort Key": ["it1.id"], "Plans": [{"Node Type": "Seq Scan", "Parent Relationship": "Outer", "Relation Name": "info_type", "Alias": "it1", "Startup Cost": 0.0, "Total Cost": 2.4, "Plan Rows": 1, "Plan Width": 4, "Filter": "((info)::text = 'budget'::text)"}]}, {"Node Type": "Sort", "Parent Relationship": "Inner", "Startup Cost": 3719308.67, "Total Cost": 3719313.31, "Plan Rows": 1856, "Plan Width": 72, "Sort Key": ["mi.info_type_id"], "Plans": [{"Node Type": "Merge Join", "Parent Relationship": "Outer", "Join Type": "Inner", "Startup Cost": 3625340.98, "Total Cost": 3719207.91, "Plan Rows": 1856, "Plan Width": 72, "Inner Unique": false, "Merge Cond": "(t.id = mi_idx.movie_id)", "Plans": [{"Node Type": "Merge Join", "Parent Relationship": "Outer", "Join Type": "Inner", "Startup Cost": 3464328.85, "Total Cost": 3551323.5, "Plan Rows": 1561, "Plan Width": 75, "Inner Unique": true, "Merge Cond": "(mi.movie_id = t.id)", "Plans": [{"Node Type": "Merge Join", "Parent Relationship": "Outer", "Join Type": "Inner", "Startup Cost": 3135376.81, "Total Cost": 3209719.65, "Plan Rows": 1561, "Plan Width": 54, "Inner Unique": false, "Merge Cond": "(ci.movie_id = mi.movie_id)", "Plans": [{"Node Type": "Sort", "Parent Relationship": "Outer", "Startup Cost": 1066937.68, "Total Cost": 1066938.42, "Plan Rows": 294, "Plan Width": 4, "Sort Key": ["ci.movie_id"], "Plans": [{"Node Type": "Merge Join", "Parent Relationship": "Outer", "Join Type": "Inner", "Startup Cost": 1055170.11, "Total Cost": 1066925.63, "Plan Rows": 294, "Plan Width": 4, "Inner Unique": false, "Merge Cond": "(n.id = ci.person_id)", "Plans": [{"Node Type": "Sort", "Parent Relationship": "Outer", "Startup Cost": 113915.78, "Total Cost": 113916.21, "Plan Rows": 173, "Plan Width": 4, "Sort Key": ["n.id"], "Plans": [{"Node Type": "Seq Scan", "Parent Relationship": "Outer", "Relation Name": "name", "Alias": "n", "Startup Cost": 0.0, "Total Cost": 113909.35, "Plan Rows": 173, "Plan Width": 4, "Filter": "(((name)::text ~~ '%Tim%'::text) AND ((gender)::text = 'm'::text))"}]}, {"Node Type": "Sort", "Parent Relationship": "Inner", "Startup Cost": 941253.96, "Total Cost": 947130.01, "Plan Rows": 2350421, "Plan Width": 8, "Sort Key": ["ci.person_id"], "Plans": [{"Node Type": "Seq Scan", "Parent Relationship": "Outer", "Relation Name": "cast_info", "Alias": "ci", "Startup Cost": 0.0, "Total Cost": 692526.68, "Plan Rows": 2350421, "Plan Width": 8, "Filter": "((note)::text = ANY ('{(producer),\"(executive producer)\"}'::text[]))"}]}]}]}, {"Node Type": "Sort", "Parent Relationship": "Inner", "Startup Cost": 2068439.13, "Total Cost": 2105614.04, "Plan Rows": 14869966, "Plan Width": 50, "Sort Key": ["mi.movie_id"], "Plans": [{"Node Type": "Seq Scan", "Parent Relationship": "Outer", "Relation Name": "movie_info", "Alias": "mi", "Startup Cost": 0.0, "Total Cost": 296987.66, "Plan Rows": 14869966, "Plan Width": 50}]}]}, {"Node Type": "Sort", "Parent Relationship": "Inner", "Startup Cost": 328951.73, "Total Cost": 335272.51, "Plan Rows": 2528311, "Plan Width": 21, "Sort Key": ["t.id"], "Plans": [{"Node Type": "Seq Scan", "Parent Relationship": "Outer", "Relation Name": "title", "Alias": "t", "Startup Cost": 0.0, "Total Cost": 60069.11, "Plan Rows": 2528311, "Plan Width": 21}]}]}, {"Node Type": "Sort", "Parent Relationship": "Inner", "Startup Cost": 161012.09, "Total Cost": 164462.17, "Plan Rows": 1380034, "Plan Width": 13, "Sort Key": ["mi_idx.movie_id"], "Plans": [{"Node Type": "Seq Scan", "Parent Relationship": "Outer", "Relation Name": "movie_info_idx", "Alias": "mi_idx", "Startup Cost": 0.0, "Total Cost": 20274.34, "Plan Rows": 1380034, "Plan Width": 13}]}]}]}]}]}]}]}, "Unique SQL Id": 4264520866, "Planner Runtime": 30}, "explain_analyze_plan": null}, "(1, '91')": {"explain_plan": {"Plan": {"Node Type": "Aggregate", "Strategy": "Plain", "Startup Cost": 6974814659197.4, "Total Cost": 6974814659197.41, "Plan Rows": 1, "Plan Width": 160, "Plans": [{"Node Type": "Merge Join", "Parent Relationship": "Outer", "Join Type": "Inner", "Startup Cost": 5984814657769.96, "Total Cost": 6974814659197.02, "Plan Rows": 51, "Plan Width": 64, "Inner Unique": true, "Merge Cond": "(mi.info_type_id = it1.id)", "Plans": [{"Node Type": "Sort", "Parent Relationship": "Outer", "Startup Cost": 5974814657769.62, "Total Cost": 5974814657772.69, "Plan Rows": 1225, "Plan Width": 68, "Sort Key": ["mi.info_type_id"], "Plans": [{"Node Type": "Merge Join", "Parent Relationship": "Outer", "Join Type": "Inner", "Startup Cost": 3997280927518.47, "Total Cost": 5974814657706.79, "Plan Rows": 1225, "Plan Width": 68, "Inner Unique": false, "Merge Cond": "(t.id = mi_idx.movie_id)", "Plans": [{"Node Type": "Merge Join", "Parent Relationship": "Outer", "Join Type": "Inner", "Startup Cost": 20024668916.98, "Total Cost": 1999413704354.18, "Plan Rows": 13396577, "Plan Width": 71, "Inner Unique": false, "Merge Cond": "(t.id = mi.movie_id)", "Plans": [{"Node Type": "Index Scan", "Parent Relationship": "Outer", "Scan Direction": "Forward", "Index Name": "title_pkey", "Relation Name": "title", "Alias": "t", "Startup Cost": 10000000000.0, "Total Cost": 1000011012048.91, "Plan Rows": 2528311, "Plan Width": 21}, {"Node Type": "Index Scan", "Parent Relationship": "Inner", "Scan Direction": "Forward", "Index Name": "movie_id_movie_info", "Relation Name": "movie_info", "Alias": "mi", "Startup Cost": 10000000000.0, "Total Cost": 1000103816912.22, "Plan Rows": 14869966, "Plan Width": 50}]}, {"Node Type": "Sort", "Parent Relationship": "Inner", "Startup Cost": 3977256258601.49, "Total Cost": 3977256258602.06, "Plan Rows": 228, "Plan Width": 13, "Sort Key": ["ci.movie_id"], "Plans": [{"Node Type": "Merge Join", "Parent Relationship": "Outer", "Join Type": "Inner", "Startup Cost": 3010127178545.11, "Total Cost": 3977256258592.56, "Plan Rows": 228, "Plan Width": 13, "Inner Unique": true, "Merge Cond": "(ci.person_id = n.id)", "Plans": [{"Node Type": "Sort", "Parent Relationship": "Outer", "Startup Cost": 3000127178545.04, "Total Cost": 3000127179589.27, "Plan Rows": 417690, "Plan Width": 17, "Sort Key": ["ci.person_id"], "Plans": [{"Node Type": "Merge Join", "Parent Relationship": "Outer", "Join Type": "Inner", "Startup Cost": 2010001865471.59, "Total Cost": 3000127139549.35, "Plan Rows": 417690, "Plan Width": 17, "Inner Unique": false, "Merge Cond": "(ci.movie_id = mi_idx.movie_id)", "Plans": [{"Node Type": "Index Scan", "Parent Relationship": "Outer", "Scan Direction": "Forward", "Index Name": "movie_id_cast_info", "Relation Name": "cast_info", "Alias": "ci", "Startup Cost": 10000000000.0, "Total Cost": 1000214997262.8, "Plan Rows": 2350421, "Plan Width": 8, "Filter": "((note)::text = ANY ('{(producer),\"(executive producer)\"}'::text[]))"}, {"Node Type": "Sort", "Parent Relationship": "Inner", "Startup Cost": 2000001865471.58, "Total Cost": 2000001866334.1, "Plan Rows": 345008, "Plan Width": 9, "Sort Key": ["mi_idx.movie_id"], "Plans": [{"Node Type": "Nested Loop", "Parent Relationship": "Outer", "Join Type": "Inner", "Startup Cost": 20000007502.06, "Total Cost": 2000001833737.28, "Plan Rows": 345008, "Plan Width": 9, "Inner Unique": false, "Plans": [{"Node Type": "Index Scan", "Parent Relationship": "Outer", "Scan Direction": "Forward", "Index Name": "info_type_pkey", "Relation Name": "info_type", "Alias": "it2", "Startup Cost": 10000000000.0, "Total Cost": 1000000001421.0, "Plan Rows": 1, "Plan Width": 4, "Filter": "((info)::text = 'votes'::text)"}, {"Node Type": "Bitmap Heap Scan", "Parent Relationship": "Inner", "Relation Name": "movie_info_idx", "Alias": "mi_idx", "Startup Cost": 10000007502.06, "Total Cost": 1000001828866.2, "Plan Rows": 345008, "Plan Width": 13, "Recheck Cond": "(info_type_id = it2.id), (LLVM Optimized)", "Plans": [{"Node Type": "Bitmap Index Scan", "Parent Relationship": "Outer", "Index Name": "info_type_id_movie_info_idx", "Startup Cost": 0.0, "Total Cost": 7415.81, "Plan Rows": 345008, "Plan Width": 0, "Index Cond": "(info_type_id = it2.id)"}]}]}]}]}]}, {"Node Type": "Materialize", "Parent Relationship": "Inner", "Startup Cost": 10000000000.0, "Total Cost": 1000019707020.14, "Plan Rows": 173, "Plan Width": 4, "Plans": [{"Node Type": "Index Scan", "Parent Relationship": "Outer", "Scan Direction": "Forward", "Index Name": "name_pkey", "Relation Name": "name", "Alias": "n", "Startup Cost": 10000000000.0, "Total Cost": 1000019707019.7, "Plan Rows": 173, "Plan Width": 4, "Filter": "(((name)::text ~~ '%Tim%'::text) AND ((gender)::text = 'm'::text))"}]}]}]}]}]}, {"Node Type": "Materialize", "Parent Relationship": "Inner", "Startup Cost": 10000000000.0, "Total Cost": 1000000001421.0, "Plan Rows": 1, "Plan Width": 4, "Plans": [{"Node Type": "Index Scan", "Parent Relationship": "Outer", "Scan Direction": "Forward", "Index Name": "info_type_pkey", "Relation Name": "info_type", "Alias": "it1", "Startup Cost": 10000000000.0, "Total Cost": 1000000001421.0, "Plan Rows": 1, "Plan Width": 4, "Filter": "((info)::text = 'budget'::text)"}]}]}]}, "Unique SQL Id": 4264520866, "Planner Runtime": 74}, "explain_analyze_plan": null}, "(1, '92')": {"explain_plan": {"Plan": {"Node Type": "Aggregate", "Strategy": "Plain", "Startup Cost": 121801.41, "Total Cost": 121801.42, "Plan Rows": 1, "Plan Width": 160, "Plans": [{"Node Type": "Nested Loop", "Parent Relationship": "Outer", "Join Type": "Inner", "Startup Cost": 0.0, "Total Cost": 121801.34, "Plan Rows": 9, "Plan Width": 64, "Inner Unique": true, "Plans": [{"Node Type": "Nested Loop", "Parent Relationship": "Outer", "Join Type": "Inner", "Startup Cost": 0.0, "Total Cost": 121798.71, "Plan Rows": 9, "Plan Width": 59, "Inner Unique": true, "Plans": [{"Node Type": "Nested Loop", "Parent Relationship": "Outer", "Join Type": "Inner", "Startup Cost": 0.0, "Total Cost": 121719.89, "Plan Rows": 279, "Plan Width": 63, "Inner Unique": false, "Join Filter": "(mi_idx.movie_id = mi.movie_id)", "Plans": [{"Node Type": "Nested Loop", "Parent Relationship": "Outer", "Join Type": "Inner", "Startup Cost": 0.0, "Total Cost": 121546.26, "Plan Rows": 228, "Plan Width": 13, "Inner Unique": true, "Plans": [{"Node Type": "Nested Loop", "Parent Relationship": "Outer", "Join Type": "Inner", "Startup Cost": 0.0, "Total Cost": 121448.51, "Plan Rows": 346, "Plan Width": 17, "Inner Unique": false, "Plans": [{"Node Type": "Nested Loop", "Parent Relationship": "Outer", "Join Type": "Inner", "Startup Cost": 0.0, "Total Cost": 121351.72, "Plan Rows": 294, "Plan Width": 4, "Inner Unique": false, "Plans": [{"Node Type": "Seq Scan", "Parent Relationship": "Outer", "Relation Name": "name", "Alias": "n", "Startup Cost": 0.0, "Total Cost": 113909.35, "Plan Rows": 173, "Plan Width": 4, "Filter": "(((name)::text ~~ '%Tim%'::text) AND ((gender)::text = 'm'::text))"}, {"Node Type": "Index Scan", "Parent Relationship": "Inner", "Scan Direction": "Forward", "Index Name": "person_id_cast_info", "Relation Name": "cast_info", "Alias": "ci", "Startup Cost": 0.0, "Total Cost": 43.0, "Plan Rows": 2, "Plan Width": 8, "Index Cond": "(person_id = n.id)", "Filter": "((note)::text = ANY ('{(producer),\"(executive producer)\"}'::text[]))"}]}, {"Node Type": "Index Scan", "Parent Relationship": "Inner", "Scan Direction": "Forward", "Index Name": "movie_id_movie_info_idx", "Relation Name": "movie_info_idx", "Alias": "mi_idx", "Startup Cost": 0.0, "Total Cost": 0.31, "Plan Rows": 2, "Plan Width": 13, "Index Cond": "(movie_id = ci.movie_id)"}]}, {"Node Type": "Index Scan", "Parent Relationship": "Inner", "Scan Direction": "Forward", "Index Name": "info_type_pkey", "Relation Name": "info_type", "Alias": "it2", "Startup Cost": 0.0, "Total Cost": 0.27, "Plan Rows": 1, "Plan Width": 4, "Index Cond": "(id = mi_idx.info_type_id)", "Filter": "((info)::text = 'votes'::text)"}]}, {"Node Type": "Index Scan", "Parent Relationship": "Inner", "Scan Direction": "Forward", "Index Name": "movie_id_movie_info", "Relation Name": "movie_info", "Alias": "mi", "Startup Cost": 0.0, "Total Cost": 0.7, "Plan Rows": 5, "Plan Width": 50, "Index Cond": "(movie_id = ci.movie_id)"}]}, {"Node Type": "Index Scan", "Parent Relationship": "Inner", "Scan Direction": "Forward", "Index Name": "info_type_pkey", "Relation Name": "info_type", "Alias": "it1", "Startup Cost": 0.0, "Total Cost": 0.27, "Plan Rows": 1, "Plan Width": 4, "Index Cond": "(id = mi.info_type_id)", "Filter": "((info)::text = 'budget'::text)"}]}, {"Node Type": "Index Scan", "Parent Relationship": "Inner", "Scan Direction": "Forward", "Index Name": "title_pkey", "Relation Name": "title", "Alias": "t", "Startup Cost": 0.0, "Total Cost": 0.28, "Plan Rows": 1, "Plan Width": 21, "Index Cond": "(id = mi.movie_id)"}]}]}, "Unique SQL Id": 4264520866, "Planner Runtime": 30}, "explain_analyze_plan": {"Plan": {"Node Type": "Aggregate", "Strategy": "Plain", "Startup Cost": 121801.41, "Total Cost": 121801.42, "Plan Rows": 1, "Plan Width": 160, "Actual Startup Time": 2151.64, "Actual Total Time": 2151.64, "Actual Rows": 1, "Actual Loops": 1, "Plans": [{"Node Type": "Nested Loop", "Parent Relationship": "Outer", "Join Type": "Inner", "Startup Cost": 0.0, "Total Cost": 121801.34, "Plan Rows": 9, "Plan Width": 64, "Actual Startup Time": 0.939, "Actual Total Time": 2150.702, "Actual Rows": 410, "Actual Loops": 1, "Inner Unique": true, "Plans": [{"Node Type": "Nested Loop", "Parent Relationship": "Outer", "Join Type": "Inner", "Startup Cost": 0.0, "Total Cost": 121798.71, "Plan Rows": 9, "Plan Width": 59, "Actual Startup Time": 0.92, "Actual Total Time": 2146.514, "Actual Rows": 410, "Actual Loops": 1, "Inner Unique": true, "Plans": [{"Node Type": "Nested Loop", "Parent Relationship": "Outer", "Join Type": "Inner", "Startup Cost": 0.0, "Total Cost": 121719.89, "Plan Rows": 279, "Plan Width": 63, "Actual Startup Time": 0.842, "Actual Total Time": 1964.017, "Actual Rows": 82408, "Actual Loops": 1, "Inner Unique": false, "Join Filter": "(mi_idx.movie_id = mi.movie_id)", "Rows Removed by Join Filter": 0, "Plans": [{"Node Type": "Nested Loop", "Parent Relationship": "Outer", "Join Type": "Inner", "Startup Cost": 0.0, "Total Cost": 121546.26, "Plan Rows": 228, "Plan Width": 13, "Actual Startup Time": 0.82, "Actual Total Time": 1833.517, "Actual Rows": 3435, "Actual Loops": 1, "Inner Unique": true, "Plans": [{"Node Type": "Nested Loop", "Parent Relationship": "Outer", "Join Type": "Inner", "Startup Cost": 0.0, "Total Cost": 121448.51, "Plan Rows": 346, "Plan Width": 17, "Actual Startup Time": 0.809, "Actual Total Time": 1807.574, "Actual Rows": 10310, "Actual Loops": 1, "Inner Unique": false, "Plans": [{"Node Type": "Nested Loop", "Parent Relationship": "Outer", "Join Type": "Inner", "Startup Cost": 0.0, "Total Cost": 121351.72, "Plan Rows": 294, "Plan Width": 4, "Actual Startup Time": 0.794, "Actual Total Time": 1770.353, "Actual Rows": 6719, "Actual Loops": 1, "Inner Unique": false, "Plans": [{"Node Type": "Seq Scan", "Parent Relationship": "Outer", "Relation Name": "name", "Alias": "n", "Startup Cost": 0.0, "Total Cost": 113909.35, "Plan Rows": 173, "Plan Width": 4, "Actual Startup Time": 0.245, "Actual Total Time": 1637.624, "Actual Rows": 9062, "Actual Loops": 1, "Filter": "(((name)::text ~~ '%Tim%'::text) AND ((gender)::text = 'm'::text))", "Rows Removed by Filter": 4158428}, {"Node Type": "Index Scan", "Parent Relationship": "Inner", "Scan Direction": "Forward", "Index Name": "person_id_cast_info", "Relation Name": "cast_info", "Alias": "ci", "Startup Cost": 0.0, "Total Cost": 43.0, "Plan Rows": 2, "Plan Width": 8, "Actual Startup Time": 106.784, "Actual Total Time": 125.753, "Actual Rows": 6719, "Actual Loops": 9062, "Index Cond": "(person_id = n.id)", "Rows Removed by Index Recheck": 0, "Filter": "((note)::text = ANY ('{(producer),\"(executive producer)\"}'::text[]))", "Rows Removed by Filter": 89309}]}, {"Node Type": "Index Scan", "Parent Relationship": "Inner", "Scan Direction": "Forward", "Index Name": "movie_id_movie_info_idx", "Relation Name": "movie_info_idx", "Alias": "mi_idx", "Startup Cost": 0.0, "Total Cost": 0.31, "Plan Rows": 2, "Plan Width": 13, "Actual Startup Time": 26.866, "Actual Total Time": 30.86, "Actual Rows": 10310, "Actual Loops": 6719, "Index Cond": "(movie_id = ci.movie_id)", "Rows Removed by Index Recheck": 0}]}, {"Node Type": "Index Scan", "Parent Relationship": "Inner", "Scan Direction": "Forward", "Index Name": "info_type_pkey", "Relation Name": "info_type", "Alias": "it2", "Startup Cost": 0.0, "Total Cost": 0.27, "Plan Rows": 1, "Plan Width": 4, "Actual Startup Time": 19.749, "Actual Total Time": 19.749, "Actual Rows": 3435, "Actual Loops": 10310, "Index Cond": "(id = mi_idx.info_type_id)", "Rows Removed by Index Recheck": 0, "Filter": "((info)::text = 'votes'::text)", "Rows Removed by Filter": 6875}]}, {"Node Type": "Index Scan", "Parent Relationship": "Inner", "Scan Direction": "Forward", "Index Name": "movie_id_movie_info", "Relation Name": "movie_info", "Alias": "mi", "Startup Cost": 0.0, "Total Cost": 0.7, "Plan Rows": 5, "Plan Width": 50, "Actual Startup Time": 24.383, "Actual Total Time": 98.513, "Actual Rows": 82408, "Actual Loops": 3435, "Index Cond": "(movie_id = ci.movie_id)", "Rows Removed by Index Recheck": 0}]}, {"Node Type": "Index Scan", "Parent Relationship": "Inner", "Scan Direction": "Forward", "Index Name": "info_type_pkey", "Relation Name": "info_type", "Alias": "it1", "Startup Cost": 0.0, "Total Cost": 0.27, "Plan Rows": 1, "Plan Width": 4, "Actual Startup Time": 144.413, "Actual Total Time": 144.413, "Actual Rows": 410, "Actual Loops": 82408, "Index Cond": "(id = mi.info_type_id)", "Rows Removed by Index Recheck": 0, "Filter": "((info)::text = 'budget'::text)", "Rows Removed by Filter": 79844}]}, {"Node Type": "Index Scan", "Parent Relationship": "Inner", "Scan Direction": "Forward", "Index Name": "title_pkey", "Relation Name": "title", "Alias": "t", "Startup Cost": 0.0, "Total Cost": 0.28, "Plan Rows": 1, "Plan Width": 21, "Actual Startup Time": 3.547, "Actual Total Time": 3.547, "Actual Rows": 410, "Actual Loops": 410, "Index Cond": "(id = mi.movie_id)", "Rows Removed by Index Recheck": 0}]}]}, "Triggers": [], "Planner Runtime": 37.989, "Total Runtime": 2151.963, "Unique SQL Id": 4264520866}}, "(1, '93')": {"explain_plan": {"Plan": {"Node Type": "Aggregate", "Strategy": "Plain", "Startup Cost": 204962.25, "Total Cost": 204962.26, "Plan Rows": 1, "Plan Width": 160, "Plans": [{"Node Type": "Nested Loop", "Parent Relationship": "Outer", "Join Type": "Inner", "Startup Cost": 0.0, "Total Cost": 204962.19, "Plan Rows": 9, "Plan Width": 64, "Inner Unique": true, "Plans": [{"Node Type": "Nested Loop", "Parent Relationship": "Outer", "Join Type": "Inner", "Startup Cost": 0.0, "Total Cost": 204959.56, "Plan Rows": 9, "Plan Width": 59, "Inner Unique": true, "Plans": [{"Node Type": "Nested Loop", "Parent Relationship": "Outer", "Join Type": "Inner", "Startup Cost": 0.0, "Total Cost": 204880.74, "Plan Rows": 279, "Plan Width": 63, "Inner Unique": false, "Join Filter": "(mi_idx.movie_id = mi.movie_id)", "Plans": [{"Node Type": "Nested Loop", "Parent Relationship": "Outer", "Join Type": "Inner", "Startup Cost": 0.0, "Total Cost": 204707.1, "Plan Rows": 228, "Plan Width": 13, "Inner Unique": true, "Plans": [{"Node Type": "Nested Loop", "Parent Relationship": "Outer", "Join Type": "Inner", "Startup Cost": 0.0, "Total Cost": 204609.36, "Plan Rows": 346, "Plan Width": 17, "Inner Unique": false, "Plans": [{"Node Type": "Nested Loop", "Parent Relationship": "Outer", "Join Type": "Inner", "Startup Cost": 0.0, "Total Cost": 204512.56, "Plan Rows": 294, "Plan Width": 4, "Inner Unique": false, "Plans": [{"Node Type": "Index Scan", "Parent Relationship": "Outer", "Scan Direction": "Forward", "Index Name": "name_pkey", "Relation Name": "name", "Alias": "n", "Startup Cost": 0.0, "Total Cost": 197070.2, "Plan Rows": 173, "Plan Width": 4, "Filter": "(((name)::text ~~ '%Tim%'::text) AND ((gender)::text = 'm'::text))"}, {"Node Type": "Index Scan", "Parent Relationship": "Inner", "Scan Direction": "Forward", "Index Name": "person_id_cast_info", "Relation Name": "cast_info", "Alias": "ci", "Startup Cost": 0.0, "Total Cost": 43.0, "Plan Rows": 2, "Plan Width": 8, "Index Cond": "(person_id = n.id)", "Filter": "((note)::text = ANY ('{(producer),\"(executive producer)\"}'::text[]))"}]}, {"Node Type": "Index Scan", "Parent Relationship": "Inner", "Scan Direction": "Forward", "Index Name": "movie_id_movie_info_idx", "Relation Name": "movie_info_idx", "Alias": "mi_idx", "Startup Cost": 0.0, "Total Cost": 0.31, "Plan Rows": 2, "Plan Width": 13, "Index Cond": "(movie_id = ci.movie_id)"}]}, {"Node Type": "Index Scan", "Parent Relationship": "Inner", "Scan Direction": "Forward", "Index Name": "info_type_pkey", "Relation Name": "info_type", "Alias": "it2", "Startup Cost": 0.0, "Total Cost": 0.27, "Plan Rows": 1, "Plan Width": 4, "Index Cond": "(id = mi_idx.info_type_id)", "Filter": "((info)::text = 'votes'::text)"}]}, {"Node Type": "Index Scan", "Parent Relationship": "Inner", "Scan Direction": "Forward", "Index Name": "movie_id_movie_info", "Relation Name": "movie_info", "Alias": "mi", "Startup Cost": 0.0, "Total Cost": 0.7, "Plan Rows": 5, "Plan Width": 50, "Index Cond": "(movie_id = ci.movie_id)"}]}, {"Node Type": "Index Scan", "Parent Relationship": "Inner", "Scan Direction": "Forward", "Index Name": "info_type_pkey", "Relation Name": "info_type", "Alias": "it1", "Startup Cost": 0.0, "Total Cost": 0.27, "Plan Rows": 1, "Plan Width": 4, "Index Cond": "(id = mi.info_type_id)", "Filter": "((info)::text = 'budget'::text)"}]}, {"Node Type": "Index Scan", "Parent Relationship": "Inner", "Scan Direction": "Forward", "Index Name": "title_pkey", "Relation Name": "title", "Alias": "t", "Startup Cost": 0.0, "Total Cost": 0.28, "Plan Rows": 1, "Plan Width": 21, "Index Cond": "(id = mi.movie_id)"}]}]}, "Unique SQL Id": 4264520866, "Planner Runtime": 27}, "explain_analyze_plan": null}, "(1, '94')": {"explain_plan": {"Plan": {"Node Type": "Aggregate", "Strategy": "Plain", "Startup Cost": 3719324.24, "Total Cost": 3719324.25, "Plan Rows": 1, "Plan Width": 160, "Plans": [{"Node Type": "Merge Join", "Parent Relationship": "Outer", "Join Type": "Inner", "Startup Cost": 3719323.92, "Total Cost": 3719324.17, "Plan Rows": 9, "Plan Width": 64, "Inner Unique": false, "Merge Cond": "(it2.id = mi_idx.info_type_id)", "Plans": [{"Node Type": "Sort", "Parent Relationship": "Outer", "Startup Cost": 2.41, "Total Cost": 2.42, "Plan Rows": 1, "Plan Width": 4, "Sort Key": ["it2.id"], "Plans": [{"Node Type": "Seq Scan", "Parent Relationship": "Outer", "Relation Name": "info_type", "Alias": "it2", "Startup Cost": 0.0, "Total Cost": 2.4, "Plan Rows": 1, "Plan Width": 4, "Filter": "((info)::text = 'votes'::text)"}]}, {"Node Type": "Sort", "Parent Relationship": "Inner", "Startup Cost": 3719321.51, "Total Cost": 3719321.59, "Plan Rows": 34, "Plan Width": 68, "Sort Key": ["mi_idx.info_type_id"], "Plans": [{"Node Type": "Merge Join", "Parent Relationship": "Outer", "Join Type": "Inner", "Startup Cost": 3719311.59, "Total Cost": 3719320.64, "Plan Rows": 34, "Plan Width": 68, "Inner Unique": false, "Merge Cond": "(it1.id = mi.info_type_id)", "Plans": [{"Node Type": "Sort", "Parent Relationship": "Outer", "Startup Cost": 2.41, "Total Cost": 2.42, "Plan Rows": 1, "Plan Width": 4, "Sort Key": ["it1.id"], "Plans": [{"Node Type": "Seq Scan", "Parent Relationship": "Outer", "Relation Name": "info_type", "Alias": "it1", "Startup Cost": 0.0, "Total Cost": 2.4, "Plan Rows": 1, "Plan Width": 4, "Filter": "((info)::text = 'budget'::text)"}]}, {"Node Type": "Sort", "Parent Relationship": "Inner", "Startup Cost": 3719308.67, "Total Cost": 3719313.31, "Plan Rows": 1856, "Plan Width": 72, "Sort Key": ["mi.info_type_id"], "Plans": [{"Node Type": "Merge Join", "Parent Relationship": "Outer", "Join Type": "Inner", "Startup Cost": 3625340.98, "Total Cost": 3719207.91, "Plan Rows": 1856, "Plan Width": 72, "Inner Unique": false, "Merge Cond": "(t.id = mi_idx.movie_id)", "Plans": [{"Node Type": "Merge Join", "Parent Relationship": "Outer", "Join Type": "Inner", "Startup Cost": 3464328.85, "Total Cost": 3551323.5, "Plan Rows": 1561, "Plan Width": 75, "Inner Unique": true, "Merge Cond": "(mi.movie_id = t.id)", "Plans": [{"Node Type": "Merge Join", "Parent Relationship": "Outer", "Join Type": "Inner", "Startup Cost": 3135376.81, "Total Cost": 3209719.65, "Plan Rows": 1561, "Plan Width": 54, "Inner Unique": false, "Merge Cond": "(ci.movie_id = mi.movie_id)", "Plans": [{"Node Type": "Sort", "Parent Relationship": "Outer", "Startup Cost": 1066937.68, "Total Cost": 1066938.42, "Plan Rows": 294, "Plan Width": 4, "Sort Key": ["ci.movie_id"], "Plans": [{"Node Type": "Merge Join", "Parent Relationship": "Outer", "Join Type": "Inner", "Startup Cost": 1055170.11, "Total Cost": 1066925.63, "Plan Rows": 294, "Plan Width": 4, "Inner Unique": false, "Merge Cond": "(n.id = ci.person_id)", "Plans": [{"Node Type": "Sort", "Parent Relationship": "Outer", "Startup Cost": 113915.78, "Total Cost": 113916.21, "Plan Rows": 173, "Plan Width": 4, "Sort Key": ["n.id"], "Plans": [{"Node Type": "Seq Scan", "Parent Relationship": "Outer", "Relation Name": "name", "Alias": "n", "Startup Cost": 0.0, "Total Cost": 113909.35, "Plan Rows": 173, "Plan Width": 4, "Filter": "(((name)::text ~~ '%Tim%'::text) AND ((gender)::text = 'm'::text))"}]}, {"Node Type": "Sort", "Parent Relationship": "Inner", "Startup Cost": 941253.96, "Total Cost": 947130.01, "Plan Rows": 2350421, "Plan Width": 8, "Sort Key": ["ci.person_id"], "Plans": [{"Node Type": "Seq Scan", "Parent Relationship": "Outer", "Relation Name": "cast_info", "Alias": "ci", "Startup Cost": 0.0, "Total Cost": 692526.68, "Plan Rows": 2350421, "Plan Width": 8, "Filter": "((note)::text = ANY ('{(producer),\"(executive producer)\"}'::text[]))"}]}]}]}, {"Node Type": "Sort", "Parent Relationship": "Inner", "Startup Cost": 2068439.13, "Total Cost": 2105614.04, "Plan Rows": 14869966, "Plan Width": 50, "Sort Key": ["mi.movie_id"], "Plans": [{"Node Type": "Seq Scan", "Parent Relationship": "Outer", "Relation Name": "movie_info", "Alias": "mi", "Startup Cost": 0.0, "Total Cost": 296987.66, "Plan Rows": 14869966, "Plan Width": 50}]}]}, {"Node Type": "Sort", "Parent Relationship": "Inner", "Startup Cost": 328951.73, "Total Cost": 335272.51, "Plan Rows": 2528311, "Plan Width": 21, "Sort Key": ["t.id"], "Plans": [{"Node Type": "Seq Scan", "Parent Relationship": "Outer", "Relation Name": "title", "Alias": "t", "Startup Cost": 0.0, "Total Cost": 60069.11, "Plan Rows": 2528311, "Plan Width": 21}]}]}, {"Node Type": "Sort", "Parent Relationship": "Inner", "Startup Cost": 161012.09, "Total Cost": 164462.17, "Plan Rows": 1380034, "Plan Width": 13, "Sort Key": ["mi_idx.movie_id"], "Plans": [{"Node Type": "Seq Scan", "Parent Relationship": "Outer", "Relation Name": "movie_info_idx", "Alias": "mi_idx", "Startup Cost": 0.0, "Total Cost": 20274.34, "Plan Rows": 1380034, "Plan Width": 13}]}]}]}]}]}]}]}, "Unique SQL Id": 4264520866, "Planner Runtime": 31}, "explain_analyze_plan": null}, "(1, '95')": {"explain_plan": {"Plan": {"Node Type": "Aggregate", "Strategy": "Plain", "Startup Cost": 6974814659197.4, "Total Cost": 6974814659197.41, "Plan Rows": 1, "Plan Width": 160, "Plans": [{"Node Type": "Merge Join", "Parent Relationship": "Outer", "Join Type": "Inner", "Startup Cost": 5984814657769.96, "Total Cost": 6974814659197.02, "Plan Rows": 51, "Plan Width": 64, "Inner Unique": true, "Merge Cond": "(mi.info_type_id = it1.id)", "Plans": [{"Node Type": "Sort", "Parent Relationship": "Outer", "Startup Cost": 5974814657769.62, "Total Cost": 5974814657772.69, "Plan Rows": 1225, "Plan Width": 68, "Sort Key": ["mi.info_type_id"], "Plans": [{"Node Type": "Merge Join", "Parent Relationship": "Outer", "Join Type": "Inner", "Startup Cost": 3997280927518.47, "Total Cost": 5974814657706.79, "Plan Rows": 1225, "Plan Width": 68, "Inner Unique": false, "Merge Cond": "(t.id = mi_idx.movie_id)", "Plans": [{"Node Type": "Merge Join", "Parent Relationship": "Outer", "Join Type": "Inner", "Startup Cost": 20024668916.98, "Total Cost": 1999413704354.18, "Plan Rows": 13396577, "Plan Width": 71, "Inner Unique": false, "Merge Cond": "(t.id = mi.movie_id)", "Plans": [{"Node Type": "Index Scan", "Parent Relationship": "Outer", "Scan Direction": "Forward", "Index Name": "title_pkey", "Relation Name": "title", "Alias": "t", "Startup Cost": 10000000000.0, "Total Cost": 1000011012048.91, "Plan Rows": 2528311, "Plan Width": 21}, {"Node Type": "Index Scan", "Parent Relationship": "Inner", "Scan Direction": "Forward", "Index Name": "movie_id_movie_info", "Relation Name": "movie_info", "Alias": "mi", "Startup Cost": 10000000000.0, "Total Cost": 1000103816912.22, "Plan Rows": 14869966, "Plan Width": 50}]}, {"Node Type": "Sort", "Parent Relationship": "Inner", "Startup Cost": 3977256258601.49, "Total Cost": 3977256258602.06, "Plan Rows": 228, "Plan Width": 13, "Sort Key": ["ci.movie_id"], "Plans": [{"Node Type": "Merge Join", "Parent Relationship": "Outer", "Join Type": "Inner", "Startup Cost": 3010127178545.11, "Total Cost": 3977256258592.56, "Plan Rows": 228, "Plan Width": 13, "Inner Unique": true, "Merge Cond": "(ci.person_id = n.id)", "Plans": [{"Node Type": "Sort", "Parent Relationship": "Outer", "Startup Cost": 3000127178545.04, "Total Cost": 3000127179589.27, "Plan Rows": 417690, "Plan Width": 17, "Sort Key": ["ci.person_id"], "Plans": [{"Node Type": "Merge Join", "Parent Relationship": "Outer", "Join Type": "Inner", "Startup Cost": 2010001865471.59, "Total Cost": 3000127139549.35, "Plan Rows": 417690, "Plan Width": 17, "Inner Unique": false, "Merge Cond": "(ci.movie_id = mi_idx.movie_id)", "Plans": [{"Node Type": "Index Scan", "Parent Relationship": "Outer", "Scan Direction": "Forward", "Index Name": "movie_id_cast_info", "Relation Name": "cast_info", "Alias": "ci", "Startup Cost": 10000000000.0, "Total Cost": 1000214997262.8, "Plan Rows": 2350421, "Plan Width": 8, "Filter": "((note)::text = ANY ('{(producer),\"(executive producer)\"}'::text[]))"}, {"Node Type": "Sort", "Parent Relationship": "Inner", "Startup Cost": 2000001865471.58, "Total Cost": 2000001866334.1, "Plan Rows": 345008, "Plan Width": 9, "Sort Key": ["mi_idx.movie_id"], "Plans": [{"Node Type": "Nested Loop", "Parent Relationship": "Outer", "Join Type": "Inner", "Startup Cost": 20000007502.06, "Total Cost": 2000001833737.28, "Plan Rows": 345008, "Plan Width": 9, "Inner Unique": false, "Plans": [{"Node Type": "Index Scan", "Parent Relationship": "Outer", "Scan Direction": "Forward", "Index Name": "info_type_pkey", "Relation Name": "info_type", "Alias": "it2", "Startup Cost": 10000000000.0, "Total Cost": 1000000001421.0, "Plan Rows": 1, "Plan Width": 4, "Filter": "((info)::text = 'votes'::text)"}, {"Node Type": "Bitmap Heap Scan", "Parent Relationship": "Inner", "Relation Name": "movie_info_idx", "Alias": "mi_idx", "Startup Cost": 10000007502.06, "Total Cost": 1000001828866.2, "Plan Rows": 345008, "Plan Width": 13, "Recheck Cond": "(info_type_id = it2.id), (LLVM Optimized)", "Plans": [{"Node Type": "Bitmap Index Scan", "Parent Relationship": "Outer", "Index Name": "info_type_id_movie_info_idx", "Startup Cost": 0.0, "Total Cost": 7415.81, "Plan Rows": 345008, "Plan Width": 0, "Index Cond": "(info_type_id = it2.id)"}]}]}]}]}]}, {"Node Type": "Materialize", "Parent Relationship": "Inner", "Startup Cost": 10000000000.0, "Total Cost": 1000019707020.14, "Plan Rows": 173, "Plan Width": 4, "Plans": [{"Node Type": "Index Scan", "Parent Relationship": "Outer", "Scan Direction": "Forward", "Index Name": "name_pkey", "Relation Name": "name", "Alias": "n", "Startup Cost": 10000000000.0, "Total Cost": 1000019707019.7, "Plan Rows": 173, "Plan Width": 4, "Filter": "(((name)::text ~~ '%Tim%'::text) AND ((gender)::text = 'm'::text))"}]}]}]}]}]}, {"Node Type": "Materialize", "Parent Relationship": "Inner", "Startup Cost": 10000000000.0, "Total Cost": 1000000001421.0, "Plan Rows": 1, "Plan Width": 4, "Plans": [{"Node Type": "Index Scan", "Parent Relationship": "Outer", "Scan Direction": "Forward", "Index Name": "info_type_pkey", "Relation Name": "info_type", "Alias": "it1", "Startup Cost": 10000000000.0, "Total Cost": 1000000001421.0, "Plan Rows": 1, "Plan Width": 4, "Filter": "((info)::text = 'budget'::text)"}]}]}]}, "Unique SQL Id": 4264520866, "Planner Runtime": 73}, "explain_analyze_plan": null}, "(1, '96')": {"explain_plan": {"Plan": {"Node Type": "Aggregate", "Strategy": "Plain", "Startup Cost": 121667.37, "Total Cost": 121667.38, "Plan Rows": 1, "Plan Width": 160, "Plans": [{"Node Type": "Nested Loop", "Parent Relationship": "Outer", "Join Type": "Inner", "Startup Cost": 0.0, "Total Cost": 121667.3, "Plan Rows": 9, "Plan Width": 64, "Inner Unique": true, "Plans": [{"Node Type": "Nested Loop", "Parent Relationship": "Outer", "Join Type": "Inner", "Startup Cost": 0.0, "Total Cost": 121664.68, "Plan Rows": 9, "Plan Width": 59, "Inner Unique": true, "Plans": [{"Node Type": "Nested Loop", "Parent Relationship": "Outer", "Join Type": "Inner", "Startup Cost": 0.0, "Total Cost": 121585.86, "Plan Rows": 279, "Plan Width": 63, "Inner Unique": false, "Join Filter": "(mi_idx.movie_id = mi.movie_id)", "Plans": [{"Node Type": "Nested Loop", "Parent Relationship": "Outer", "Join Type": "Inner", "Startup Cost": 0.0, "Total Cost": 121546.26, "Plan Rows": 52, "Plan Width": 13, "Inner Unique": true, "Plans": [{"Node Type": "Nested Loop", "Parent Relationship": "Outer", "Join Type": "Inner", "Startup Cost": 0.0, "Total Cost": 121448.51, "Plan Rows": 346, "Plan Width": 17, "Inner Unique": false, "Plans": [{"Node Type": "Nested Loop", "Parent Relationship": "Outer", "Join Type": "Inner", "Startup Cost": 0.0, "Total Cost": 121351.72, "Plan Rows": 294, "Plan Width": 4, "Inner Unique": false, "Plans": [{"Node Type": "Seq Scan", "Parent Relationship": "Outer", "Relation Name": "name", "Alias": "n", "Startup Cost": 0.0, "Total Cost": 113909.35, "Plan Rows": 173, "Plan Width": 4, "Filter": "(((name)::text ~~ '%Tim%'::text) AND ((gender)::text = 'm'::text))"}, {"Node Type": "Index Scan", "Parent Relationship": "Inner", "Scan Direction": "Forward", "Index Name": "person_id_cast_info", "Relation Name": "cast_info", "Alias": "ci", "Startup Cost": 0.0, "Total Cost": 43.0, "Plan Rows": 2, "Plan Width": 8, "Index Cond": "(person_id = n.id)", "Filter": "((note)::text = ANY ('{(producer),\"(executive producer)\"}'::text[]))"}]}, {"Node Type": "Index Scan", "Parent Relationship": "Inner", "Scan Direction": "Forward", "Index Name": "movie_id_movie_info_idx", "Relation Name": "movie_info_idx", "Alias": "mi_idx", "Startup Cost": 0.0, "Total Cost": 0.31, "Plan Rows": 2, "Plan Width": 13, "Index Cond": "(movie_id = ci.movie_id)"}]}, {"Node Type": "Index Scan", "Parent Relationship": "Inner", "Scan Direction": "Forward", "Index Name": "info_type_pkey", "Relation Name": "info_type", "Alias": "it2", "Startup Cost": 0.0, "Total Cost": 0.27, "Plan Rows": 1, "Plan Width": 4, "Index Cond": "(id = mi_idx.info_type_id)", "Filter": "((info)::text = 'votes'::text)"}]}, {"Node Type": "Index Scan", "Parent Relationship": "Inner", "Scan Direction": "Forward", "Index Name": "movie_id_movie_info", "Relation Name": "movie_info", "Alias": "mi", "Startup Cost": 0.0, "Total Cost": 0.7, "Plan Rows": 5, "Plan Width": 50, "Index Cond": "(movie_id = ci.movie_id)"}]}, {"Node Type": "Index Scan", "Parent Relationship": "Inner", "Scan Direction": "Forward", "Index Name": "info_type_pkey", "Relation Name": "info_type", "Alias": "it1", "Startup Cost": 0.0, "Total Cost": 0.27, "Plan Rows": 1, "Plan Width": 4, "Index Cond": "(id = mi.info_type_id)", "Filter": "((info)::text = 'budget'::text)"}]}, {"Node Type": "Index Scan", "Parent Relationship": "Inner", "Scan Direction": "Forward", "Index Name": "title_pkey", "Relation Name": "title", "Alias": "t", "Startup Cost": 0.0, "Total Cost": 0.28, "Plan Rows": 1, "Plan Width": 21, "Index Cond": "(id = mi.movie_id)"}]}]}, "Unique SQL Id": 4264520866, "Planner Runtime": 12}, "explain_analyze_plan": {"Plan": {"Node Type": "Aggregate", "Strategy": "Plain", "Startup Cost": 121667.37, "Total Cost": 121667.38, "Plan Rows": 1, "Plan Width": 160, "Actual Startup Time": 2159.725, "Actual Total Time": 2159.726, "Actual Rows": 1, "Actual Loops": 1, "Plans": [{"Node Type": "Nested Loop", "Parent Relationship": "Outer", "Join Type": "Inner", "Startup Cost": 0.0, "Total Cost": 121667.3, "Plan Rows": 9, "Plan Width": 64, "Actual Startup Time": 0.943, "Actual Total Time": 2158.776, "Actual Rows": 410, "Actual Loops": 1, "Inner Unique": true, "Plans": [{"Node Type": "Nested Loop", "Parent Relationship": "Outer", "Join Type": "Inner", "Startup Cost": 0.0, "Total Cost": 121664.68, "Plan Rows": 9, "Plan Width": 59, "Actual Startup Time": 0.927, "Actual Total Time": 2154.584, "Actual Rows": 410, "Actual Loops": 1, "Inner Unique": true, "Plans": [{"Node Type": "Nested Loop", "Parent Relationship": "Outer", "Join Type": "Inner", "Startup Cost": 0.0, "Total Cost": 121585.86, "Plan Rows": 279, "Plan Width": 63, "Actual Startup Time": 0.85, "Actual Total Time": 1973.382, "Actual Rows": 82408, "Actual Loops": 1, "Inner Unique": false, "Join Filter": "(mi_idx.movie_id = mi.movie_id)", "Rows Removed by Join Filter": 0, "Plans": [{"Node Type": "Nested Loop", "Parent Relationship": "Outer", "Join Type": "Inner", "Startup Cost": 0.0, "Total Cost": 121546.26, "Plan Rows": 52, "Plan Width": 13, "Actual Startup Time": 0.827, "Actual Total Time": 1837.603, "Actual Rows": 3435, "Actual Loops": 1, "Inner Unique": true, "Plans": [{"Node Type": "Nested Loop", "Parent Relationship": "Outer", "Join Type": "Inner", "Startup Cost": 0.0, "Total Cost": 121448.51, "Plan Rows": 346, "Plan Width": 17, "Actual Startup Time": 0.814, "Actual Total Time": 1811.529, "Actual Rows": 10310, "Actual Loops": 1, "Inner Unique": false, "Plans": [{"Node Type": "Nested Loop", "Parent Relationship": "Outer", "Join Type": "Inner", "Startup Cost": 0.0, "Total Cost": 121351.72, "Plan Rows": 294, "Plan Width": 4, "Actual Startup Time": 0.8, "Actual Total Time": 1773.742, "Actual Rows": 6719, "Actual Loops": 1, "Inner Unique": false, "Plans": [{"Node Type": "Seq Scan", "Parent Relationship": "Outer", "Relation Name": "name", "Alias": "n", "Startup Cost": 0.0, "Total Cost": 113909.35, "Plan Rows": 173, "Plan Width": 4, "Actual Startup Time": 0.241, "Actual Total Time": 1640.813, "Actual Rows": 9062, "Actual Loops": 1, "Filter": "(((name)::text ~~ '%Tim%'::text) AND ((gender)::text = 'm'::text))", "Rows Removed by Filter": 4158428}, {"Node Type": "Index Scan", "Parent Relationship": "Inner", "Scan Direction": "Forward", "Index Name": "person_id_cast_info", "Relation Name": "cast_info", "Alias": "ci", "Startup Cost": 0.0, "Total Cost": 43.0, "Plan Rows": 2, "Plan Width": 8, "Actual Startup Time": 107.031, "Actual Total Time": 125.932, "Actual Rows": 6719, "Actual Loops": 9062, "Index Cond": "(person_id = n.id)", "Rows Removed by Index Recheck": 0, "Filter": "((note)::text = ANY ('{(producer),\"(executive producer)\"}'::text[]))", "Rows Removed by Filter": 89309}]}, {"Node Type": "Index Scan", "Parent Relationship": "Inner", "Scan Direction": "Forward", "Index Name": "movie_id_movie_info_idx", "Relation Name": "movie_info_idx", "Alias": "mi_idx", "Startup Cost": 0.0, "Total Cost": 0.31, "Plan Rows": 2, "Plan Width": 13, "Actual Startup Time": 27.443, "Actual Total Time": 31.525, "Actual Rows": 10310, "Actual Loops": 6719, "Index Cond": "(movie_id = ci.movie_id)", "Rows Removed by Index Recheck": 0}]}, {"Node Type": "Index Scan", "Parent Relationship": "Inner", "Scan Direction": "Forward", "Index Name": "info_type_pkey", "Relation Name": "info_type", "Alias": "it2", "Startup Cost": 0.0, "Total Cost": 0.27, "Plan Rows": 1, "Plan Width": 4, "Actual Startup Time": 19.796, "Actual Total Time": 19.796, "Actual Rows": 3435, "Actual Loops": 10310, "Index Cond": "(id = mi_idx.info_type_id)", "Rows Removed by Index Recheck": 0, "Filter": "((info)::text = 'votes'::text)", "Rows Removed by Filter": 6875}]}, {"Node Type": "Index Scan", "Parent Relationship": "Inner", "Scan Direction": "Forward", "Index Name": "movie_id_movie_info", "Relation Name": "movie_info", "Alias": "mi", "Startup Cost": 0.0, "Total Cost": 0.7, "Plan Rows": 5, "Plan Width": 50, "Actual Startup Time": 25.336, "Actual Total Time": 102.942, "Actual Rows": 82408, "Actual Loops": 3435, "Index Cond": "(movie_id = ci.movie_id)", "Rows Removed by Index Recheck": 0}]}, {"Node Type": "Index Scan", "Parent Relationship": "Inner", "Scan Direction": "Forward", "Index Name": "info_type_pkey", "Relation Name": "info_type", "Alias": "it1", "Startup Cost": 0.0, "Total Cost": 0.27, "Plan Rows": 1, "Plan Width": 4, "Actual Startup Time": 143.306, "Actual Total Time": 143.306, "Actual Rows": 410, "Actual Loops": 82408, "Index Cond": "(id = mi.info_type_id)", "Rows Removed by Index Recheck": 0, "Filter": "((info)::text = 'budget'::text)", "Rows Removed by Filter": 79844}]}, {"Node Type": "Index Scan", "Parent Relationship": "Inner", "Scan Direction": "Forward", "Index Name": "title_pkey", "Relation Name": "title", "Alias": "t", "Startup Cost": 0.0, "Total Cost": 0.28, "Plan Rows": 1, "Plan Width": 21, "Actual Startup Time": 3.525, "Actual Total Time": 3.525, "Actual Rows": 410, "Actual Loops": 410, "Index Cond": "(id = mi.movie_id)", "Rows Removed by Index Recheck": 0}]}]}, "Triggers": [], "Planner Runtime": 12.215, "Total Runtime": 2160.054, "Unique SQL Id": 4264520866}}, "(1, '97')": {"explain_plan": {"Plan": {"Node Type": "Aggregate", "Strategy": "Plain", "Startup Cost": 204828.22, "Total Cost": 204828.23, "Plan Rows": 1, "Plan Width": 160, "Plans": [{"Node Type": "Nested Loop", "Parent Relationship": "Outer", "Join Type": "Inner", "Startup Cost": 0.0, "Total Cost": 204828.15, "Plan Rows": 9, "Plan Width": 64, "Inner Unique": true, "Plans": [{"Node Type": "Nested Loop", "Parent Relationship": "Outer", "Join Type": "Inner", "Startup Cost": 0.0, "Total Cost": 204825.52, "Plan Rows": 9, "Plan Width": 59, "Inner Unique": true, "Plans": [{"Node Type": "Nested Loop", "Parent Relationship": "Outer", "Join Type": "Inner", "Startup Cost": 0.0, "Total Cost": 204746.71, "Plan Rows": 279, "Plan Width": 63, "Inner Unique": false, "Join Filter": "(mi_idx.movie_id = mi.movie_id)", "Plans": [{"Node Type": "Nested Loop", "Parent Relationship": "Outer", "Join Type": "Inner", "Startup Cost": 0.0, "Total Cost": 204707.1, "Plan Rows": 52, "Plan Width": 13, "Inner Unique": true, "Plans": [{"Node Type": "Nested Loop", "Parent Relationship": "Outer", "Join Type": "Inner", "Startup Cost": 0.0, "Total Cost": 204609.36, "Plan Rows": 346, "Plan Width": 17, "Inner Unique": false, "Plans": [{"Node Type": "Nested Loop", "Parent Relationship": "Outer", "Join Type": "Inner", "Startup Cost": 0.0, "Total Cost": 204512.56, "Plan Rows": 294, "Plan Width": 4, "Inner Unique": false, "Plans": [{"Node Type": "Index Scan", "Parent Relationship": "Outer", "Scan Direction": "Forward", "Index Name": "name_pkey", "Relation Name": "name", "Alias": "n", "Startup Cost": 0.0, "Total Cost": 197070.2, "Plan Rows": 173, "Plan Width": 4, "Filter": "(((name)::text ~~ '%Tim%'::text) AND ((gender)::text = 'm'::text))"}, {"Node Type": "Index Scan", "Parent Relationship": "Inner", "Scan Direction": "Forward", "Index Name": "person_id_cast_info", "Relation Name": "cast_info", "Alias": "ci", "Startup Cost": 0.0, "Total Cost": 43.0, "Plan Rows": 2, "Plan Width": 8, "Index Cond": "(person_id = n.id)", "Filter": "((note)::text = ANY ('{(producer),\"(executive producer)\"}'::text[]))"}]}, {"Node Type": "Index Scan", "Parent Relationship": "Inner", "Scan Direction": "Forward", "Index Name": "movie_id_movie_info_idx", "Relation Name": "movie_info_idx", "Alias": "mi_idx", "Startup Cost": 0.0, "Total Cost": 0.31, "Plan Rows": 2, "Plan Width": 13, "Index Cond": "(movie_id = ci.movie_id)"}]}, {"Node Type": "Index Scan", "Parent Relationship": "Inner", "Scan Direction": "Forward", "Index Name": "info_type_pkey", "Relation Name": "info_type", "Alias": "it2", "Startup Cost": 0.0, "Total Cost": 0.27, "Plan Rows": 1, "Plan Width": 4, "Index Cond": "(id = mi_idx.info_type_id)", "Filter": "((info)::text = 'votes'::text)"}]}, {"Node Type": "Index Scan", "Parent Relationship": "Inner", "Scan Direction": "Forward", "Index Name": "movie_id_movie_info", "Relation Name": "movie_info", "Alias": "mi", "Startup Cost": 0.0, "Total Cost": 0.7, "Plan Rows": 5, "Plan Width": 50, "Index Cond": "(movie_id = ci.movie_id)"}]}, {"Node Type": "Index Scan", "Parent Relationship": "Inner", "Scan Direction": "Forward", "Index Name": "info_type_pkey", "Relation Name": "info_type", "Alias": "it1", "Startup Cost": 0.0, "Total Cost": 0.27, "Plan Rows": 1, "Plan Width": 4, "Index Cond": "(id = mi.info_type_id)", "Filter": "((info)::text = 'budget'::text)"}]}, {"Node Type": "Index Scan", "Parent Relationship": "Inner", "Scan Direction": "Forward", "Index Name": "title_pkey", "Relation Name": "title", "Alias": "t", "Startup Cost": 0.0, "Total Cost": 0.28, "Plan Rows": 1, "Plan Width": 21, "Index Cond": "(id = mi.movie_id)"}]}]}, "Unique SQL Id": 4264520866, "Planner Runtime": 11}, "explain_analyze_plan": null}, "(1, '98')": {"explain_plan": {"Plan": {"Node Type": "Aggregate", "Strategy": "Plain", "Startup Cost": 129036.79, "Total Cost": 129036.8, "Plan Rows": 1, "Plan Width": 160, "Plans": [{"Node Type": "Nested Loop", "Parent Relationship": "Outer", "Join Type": "Inner", "Startup Cost": 10.12, "Total Cost": 129036.72, "Plan Rows": 9, "Plan Width": 64, "Inner Unique": true, "Plans": [{"Node Type": "Hash Join", "Parent Relationship": "Outer", "Join Type": "Inner", "Startup Cost": 9.86, "Total Cost": 128998.18, "Plan Rows": 9, "Plan Width": 59, "Inner Unique": true, "Hash Cond": "(mi_idx.info_type_id = it2.id)", "Plans": [{"Node Type": "Nested Loop", "Parent Relationship": "Outer", "Join Type": "Inner", "Startup Cost": 7.45, "Total Cost": 128995.6, "Plan Rows": 34, "Plan Width": 63, "Inner Unique": false, "Plans": [{"Node Type": "Hash Join", "Parent Relationship": "Outer", "Join Type": "Inner", "Startup Cost": 7.18, "Total Cost": 128422.13, "Plan Rows": 133, "Plan Width": 50, "Inner Unique": true, "Hash Cond": "(mi.info_type_id = it1.id)", "Plans": [{"Node Type": "Nested Loop", "Parent Relationship": "Outer", "Join Type": "Inner", "Startup Cost": 4.77, "Total Cost": 128415.58, "Plan Rows": 1561, "Plan Width": 54, "Inner Unique": false, "Plans": [{"Node Type": "Nested Loop", "Parent Relationship": "Outer", "Join Type": "Inner", "Startup Cost": 4.39, "Total Cost": 127093.19, "Plan Rows": 294, "Plan Width": 4, "Inner Unique": false, "Plans": [{"Node Type": "Seq Scan", "Parent Relationship": "Outer", "Relation Name": "name", "Alias": "n", "Startup Cost": 0.0, "Total Cost": 113909.35, "Plan Rows": 173, "Plan Width": 4, "Filter": "(((name)::text ~~ '%Tim%'::text) AND ((gender)::text = 'm'::text))"}, {"Node Type": "Bitmap Heap Scan", "Parent Relationship": "Inner", "Relation Name": "cast_info", "Alias": "ci", "Startup Cost": 4.39, "Total Cost": 76.19, "Plan Rows": 2, "Plan Width": 8, "Recheck Cond": "(person_id = n.id)", "Filter": "((note)::text = ANY ('{(producer),\"(executive producer)\"}'::text[]))", "Plans": [{"Node Type": "Bitmap Index Scan", "Parent Relationship": "Outer", "Index Name": "person_id_cast_info", "Startup Cost": 0.0, "Total Cost": 4.38, "Plan Rows": 18, "Plan Width": 0, "Index Cond": "(person_id = n.id)"}]}]}, {"Node Type": "Bitmap Heap Scan", "Parent Relationship": "Inner", "Relation Name": "movie_info", "Alias": "mi", "Startup Cost": 0.39, "Total Cost": 4.45, "Plan Rows": 5, "Plan Width": 50, "Recheck Cond": "(movie_id = ci.movie_id)", "Plans": [{"Node Type": "Bitmap Index Scan", "Parent Relationship": "Outer", "Index Name": "movie_id_movie_info", "Startup Cost": 0.0, "Total Cost": 0.38, "Plan Rows": 5, "Plan Width": 0, "Index Cond": "(movie_id = ci.movie_id)"}]}]}, {"Node Type": "Hash", "Parent Relationship": "Inner", "Startup Cost": 2.4, "Total Cost": 2.4, "Plan Rows": 1, "Plan Width": 4, "Plans": [{"Node Type": "Seq Scan", "Parent Relationship": "Outer", "Relation Name": "info_type", "Alias": "it1", "Startup Cost": 0.0, "Total Cost": 2.4, "Plan Rows": 1, "Plan Width": 4, "Filter": "((info)::text = 'budget'::text)"}]}]}, {"Node Type": "Bitmap Heap Scan", "Parent Relationship": "Inner", "Relation Name": "movie_info_idx", "Alias": "mi_idx", "Startup Cost": 0.27, "Total Cost": 4.29, "Plan Rows": 2, "Plan Width": 13, "Recheck Cond": "(movie_id = mi.movie_id)", "Plans": [{"Node Type": "Bitmap Index Scan", "Parent Relationship": "Outer", "Index Name": "movie_id_movie_info_idx", "Startup Cost": 0.0, "Total Cost": 0.27, "Plan Rows": 2, "Plan Width": 0, "Index Cond": "(movie_id = mi.movie_id)"}]}]}, {"Node Type": "Hash", "Parent Relationship": "Inner", "Startup Cost": 2.4, "Total Cost": 2.4, "Plan Rows": 1, "Plan Width": 4, "Plans": [{"Node Type": "Seq Scan", "Parent Relationship": "Outer", "Relation Name": "info_type", "Alias": "it2", "Startup Cost": 0.0, "Total Cost": 2.4, "Plan Rows": 1, "Plan Width": 4, "Filter": "((info)::text = 'votes'::text)"}]}]}, {"Node Type": "Bitmap Heap Scan", "Parent Relationship": "Inner", "Relation Name": "title", "Alias": "t", "Startup Cost": 0.26, "Total Cost": 4.27, "Plan Rows": 1, "Plan Width": 21, "Recheck Cond": "(id = mi.movie_id)", "Plans": [{"Node Type": "Bitmap Index Scan", "Parent Relationship": "Outer", "Index Name": "title_pkey", "Startup Cost": 0.0, "Total Cost": 0.26, "Plan Rows": 1, "Plan Width": 0, "Index Cond": "(id = mi.movie_id)"}]}]}]}, "Unique SQL Id": 4264520866, "Planner Runtime": 18}, "explain_analyze_plan": {"Plan": {"Node Type": "Aggregate", "Strategy": "Plain", "Startup Cost": 129036.79, "Total Cost": 129036.8, "Plan Rows": 1, "Plan Width": 160, "Actual Startup Time": 2011.635, "Actual Total Time": 2011.636, "Actual Rows": 1, "Actual Loops": 1, "Plans": [{"Node Type": "Nested Loop", "Parent Relationship": "Outer", "Join Type": "Inner", "Startup Cost": 10.12, "Total Cost": 129036.72, "Plan Rows": 9, "Plan Width": 64, "Actual Startup Time": 1.112, "Actual Total Time": 2010.587, "Actual Rows": 410, "Actual Loops": 1, "Inner Unique": true, "Plans": [{"Node Type": "Hash Join", "Parent Relationship": "Outer", "Join Type": "Inner", "Startup Cost": 9.86, "Total Cost": 128998.18, "Plan Rows": 9, "Plan Width": 59, "Actual Startup Time": 1.095, "Actual Total Time": 2005.522, "Actual Rows": 410, "Actual Loops": 1, "Inner Unique": true, "Hash Cond": "(mi_idx.info_type_id = it2.id)", "Plans": [{"Node Type": "Nested Loop", "Parent Relationship": "Outer", "Join Type": "Inner", "Startup Cost": 7.45, "Total Cost": 128995.6, "Plan Rows": 34, "Plan Width": 63, "Actual Startup Time": 0.988, "Actual Total Time": 2004.808, "Actual Rows": 1235, "Actual Loops": 1, "Inner Unique": false, "Plans": [{"Node Type": "Hash Join", "Parent Relationship": "Outer", "Join Type": "Inner", "Startup Cost": 7.18, "Total Cost": 128422.13, "Plan Rows": 133, "Plan Width": 50, "Actual Startup Time": 0.971, "Actual Total Time": 1996.681, "Actual Rows": 699, "Actual Loops": 1, "Inner Unique": true, "Hash Cond": "(mi.info_type_id = it1.id)", "Plans": [{"Node Type": "Nested Loop", "Parent Relationship": "Outer", "Join Type": "Inner", "Startup Cost": 4.77, "Total Cost": 128415.58, "Plan Rows": 1561, "Plan Width": 54, "Actual Startup Time": 0.852, "Actual Total Time": 1981.105, "Actual Rows": 95896, "Actual Loops": 1, "Inner Unique": false, "Plans": [{"Node Type": "Nested Loop", "Parent Relationship": "Outer", "Join Type": "Inner", "Startup Cost": 4.39, "Total Cost": 127093.19, "Plan Rows": 294, "Plan Width": 4, "Actual Startup Time": 0.815, "Actual Total Time": 1794.378, "Actual Rows": 6719, "Actual Loops": 1, "Inner Unique": false, "Plans": [{"Node Type": "Seq Scan", "Parent Relationship": "Outer", "Relation Name": "name", "Alias": "n", "Startup Cost": 0.0, "Total Cost": 113909.35, "Plan Rows": 173, "Plan Width": 4, "Actual Startup Time": 0.242, "Actual Total Time": 1644.054, "Actual Rows": 9062, "Actual Loops": 1, "Filter": "(((name)::text ~~ '%Tim%'::text) AND ((gender)::text = 'm'::text))", "Rows Removed by Filter": 4158428}, {"Node Type": "Bitmap Heap Scan", "Parent Relationship": "Inner", "Relation Name": "cast_info", "Alias": "ci", "Startup Cost": 4.39, "Total Cost": 76.19, "Plan Rows": 2, "Plan Width": 8, "Actual Startup Time": 121.573, "Actual Total Time": 137.095, "Actual Rows": 6719, "Actual Loops": 9062, "Recheck Cond": "(person_id = n.id)", "Rows Removed by Index Recheck": 0, "Filter": "((note)::text = ANY ('{(producer),\"(executive producer)\"}'::text[]))", "Rows Removed by Filter": 89309, "Exact Heap Blocks": 13336, "Lossy Heap Blocks": 13336, "Plans": [{"Node Type": "Bitmap Index Scan", "Parent Relationship": "Outer", "Index Name": "person_id_cast_info", "Startup Cost": 0.0, "Total Cost": 4.38, "Plan Rows": 18, "Plan Width": 0, "Actual Startup Time": 55.814, "Actual Total Time": 55.814, "Actual Rows": 96028, "Actual Loops": 9062, "Index Cond": "(person_id = n.id)"}]}]}, {"Node Type": "Bitmap Heap Scan", "Parent Relationship": "Inner", "Relation Name": "movie_info", "Alias": "mi", "Startup Cost": 0.39, "Total Cost": 4.45, "Plan Rows": 5, "Plan Width": 50, "Actual Startup Time": 66.456, "Actual Total Time": 158.11, "Actual Rows": 95896, "Actual Loops": 6719, "Recheck Cond": "(movie_id = ci.movie_id)", "Rows Removed by Index Recheck": 0, "Exact Heap Blocks": 40013, "Lossy Heap Blocks": 40013, "Plans": [{"Node Type": "Bitmap Index Scan", "Parent Relationship": "Outer", "Index Name": "movie_id_movie_info", "Startup Cost": 0.0, "Total Cost": 0.38, "Plan Rows": 5, "Plan Width": 0, "Actual Startup Time": 45.66, "Actual Total Time": 45.66, "Actual Rows": 95896, "Actual Loops": 6719, "Index Cond": "(movie_id = ci.movie_id)"}]}]}, {"Node Type": "Hash", "Parent Relationship": "Inner", "Startup Cost": 2.4, "Total Cost": 2.4, "Plan Rows": 1, "Plan Width": 4, "Actual Startup Time": 0.052, "Actual Total Time": 0.052, "Actual Rows": 1, "Actual Loops": 1, "Hash Buckets": 32768, "Hash Batches": 1, "Original Hash Batches": 1, "Peak Memory Usage": 1, "Plans": [{"Node Type": "Seq Scan", "Parent Relationship": "Outer", "Relation Name": "info_type", "Alias": "it1", "Startup Cost": 0.0, "Total Cost": 2.4, "Plan Rows": 1, "Plan Width": 4, "Actual Startup Time": 0.048, "Actual Total Time": 0.051, "Actual Rows": 1, "Actual Loops": 1, "Filter": "((info)::text = 'budget'::text)", "Rows Removed by Filter": 111}]}]}, {"Node Type": "Bitmap Heap Scan", "Parent Relationship": "Inner", "Relation Name": "movie_info_idx", "Alias": "mi_idx", "Startup Cost": 0.27, "Total Cost": 4.29, "Plan Rows": 2, "Plan Width": 13, "Actual Startup Time": 6.267, "Actual Total Time": 6.489, "Actual Rows": 1235, "Actual Loops": 699, "Recheck Cond": "(movie_id = mi.movie_id)", "Rows Removed by Index Recheck": 0, "Exact Heap Blocks": 419, "Lossy Heap Blocks": 419, "Plans": [{"Node Type": "Bitmap Index Scan", "Parent Relationship": "Outer", "Index Name": "movie_id_movie_info_idx", "Startup Cost": 0.0, "Total Cost": 0.27, "Plan Rows": 2, "Plan Width": 0, "Actual Startup Time": 4.406, "Actual Total Time": 4.406, "Actual Rows": 1235, "Actual Loops": 699, "Index Cond": "(movie_id = mi.movie_id)"}]}]}, {"Node Type": "Hash", "Parent Relationship": "Inner", "Startup Cost": 2.4, "Total Cost": 2.4, "Plan Rows": 1, "Plan Width": 4, "Actual Startup Time": 0.065, "Actual Total Time": 0.065, "Actual Rows": 1, "Actual Loops": 1, "Hash Buckets": 32768, "Hash Batches": 1, "Original Hash Batches": 1, "Peak Memory Usage": 1, "Plans": [{"Node Type": "Seq Scan", "Parent Relationship": "Outer", "Relation Name": "info_type", "Alias": "it2", "Startup Cost": 0.0, "Total Cost": 2.4, "Plan Rows": 1, "Plan Width": 4, "Actual Startup Time": 0.052, "Actual Total Time": 0.058, "Actual Rows": 1, "Actual Loops": 1, "Filter": "((info)::text = 'votes'::text)", "Rows Removed by Filter": 111}]}]}, {"Node Type": "Bitmap Heap Scan", "Parent Relationship": "Inner", "Relation Name": "title", "Alias": "t", "Startup Cost": 0.26, "Total Cost": 4.27, "Plan Rows": 1, "Plan Width": 21, "Actual Startup Time": 4.128, "Actual Total Time": 4.128, "Actual Rows": 410, "Actual Loops": 410, "Recheck Cond": "(id = mi.movie_id)", "Rows Removed by Index Recheck": 0, "Exact Heap Blocks": 410, "Lossy Heap Blocks": 410, "Plans": [{"Node Type": "Bitmap Index Scan", "Parent Relationship": "Outer", "Index Name": "title_pkey", "Startup Cost": 0.0, "Total Cost": 0.26, "Plan Rows": 1, "Plan Width": 0, "Actual Startup Time": 2.64, "Actual Total Time": 2.64, "Actual Rows": 410, "Actual Loops": 410, "Index Cond": "(id = mi.movie_id)"}]}]}]}, "Triggers": [], "Planner Runtime": 18.214, "Total Runtime": 2011.984, "Unique SQL Id": 4264520866}}, "(1, '99')": {"explain_plan": {"Plan": {"Node Type": "Aggregate", "Strategy": "Plain", "Startup Cost": 1000014018806.1, "Total Cost": 1000014018806.11, "Plan Rows": 1, "Plan Width": 160, "Plans": [{"Node Type": "Nested Loop", "Parent Relationship": "Outer", "Join Type": "Inner", "Startup Cost": 10000000002.15, "Total Cost": 1000014018806.04, "Plan Rows": 8, "Plan Width": 64, "Inner Unique": true, "Plans": [{"Node Type": "Nested Loop", "Parent Relationship": "Outer", "Join Type": "Inner", "Startup Cost": 10000000001.89, "Total Cost": 1000014018767.49, "Plan Rows": 9, "Plan Width": 59, "Inner Unique": true, "Plans": [{"Node Type": "Nested Loop", "Parent Relationship": "Outer", "Join Type": "Inner", "Startup Cost": 10000000001.63, "Total Cost": 1000014017572.6, "Plan Rows": 279, "Plan Width": 63, "Inner Unique": false, "Join Filter": "(mi_idx.movie_id = mi.movie_id)", "Plans": [{"Node Type": "Nested Loop", "Parent Relationship": "Outer", "Join Type": "Inner", "Startup Cost": 10000000001.24, "Total Cost": 1000014017338.06, "Plan Rows": 52, "Plan Width": 13, "Inner Unique": true, "Plans": [{"Node Type": "Nested Loop", "Parent Relationship": "Outer", "Join Type": "Inner", "Startup Cost": 10000000000.96, "Total Cost": 1000012216357.19, "Plan Rows": 417690, "Plan Width": 17, "Inner Unique": false, "Plans": [{"Node Type": "Nested Loop", "Parent Relationship": "Outer", "Join Type": "Inner", "Startup Cost": 10000000000.26, "Total Cost": 1000010560383.98, "Plan Rows": 345008, "Plan Width": 9, "Inner Unique": true, "Plans": [{"Node Type": "Index Scan", "Parent Relationship": "Outer", "Scan Direction": "Forward", "Index Name": "movie_id_movie_info_idx", "Relation Name": "movie_info_idx", "Alias": "mi_idx", "Startup Cost": 10000000000.0, "Total Cost": 1000004650035.37, "Plan Rows": 1380034, "Plan Width": 13}, {"Node Type": "Bitmap Heap Scan", "Parent Relationship": "Inner", "Relation Name": "info_type", "Alias": "it2", "Startup Cost": 0.26, "Total Cost": 4.27, "Plan Rows": 1, "Plan Width": 4, "Recheck Cond": "(id = mi_idx.info_type_id)", "Filter": "((info)::text = 'votes'::text)", "Plans": [{"Node Type": "Bitmap Index Scan", "Parent Relationship": "Outer", "Index Name": "info_type_pkey", "Startup Cost": 0.0, "Total Cost": 0.26, "Plan Rows": 1, "Plan Width": 0, "Index Cond": "(id = mi_idx.info_type_id)"}]}]}, {"Node Type": "Bitmap Heap Scan", "Parent Relationship": "Inner", "Relation Name": "cast_info", "Alias": "ci", "Startup Cost": 0.7, "Total Cost": 4.79, "Plan Rows": 1, "Plan Width": 8, "Recheck Cond": "(movie_id = mi_idx.movie_id)", "Filter": "((note)::text = ANY ('{(producer),\"(executive producer)\"}'::text[]))", "Plans": [{"Node Type": "Bitmap Index Scan", "Parent Relationship": "Outer", "Index Name": "movie_id_cast_info", "Startup Cost": 0.0, "Total Cost": 0.7, "Plan Rows": 6, "Plan Width": 0, "Index Cond": "(movie_id = mi_idx.movie_id)"}]}]}, {"Node Type": "Bitmap Heap Scan", "Parent Relationship": "Inner", "Relation Name": "name", "Alias": "n", "Startup Cost": 0.28, "Total Cost": 4.3, "Plan Rows": 1, "Plan Width": 4, "Recheck Cond": "(id = ci.person_id)", "Filter": "(((name)::text ~~ '%Tim%'::text) AND ((gender)::text = 'm'::text))", "Plans": [{"Node Type": "Bitmap Index Scan", "Parent Relationship": "Outer", "Index Name": "name_pkey", "Startup Cost": 0.0, "Total Cost": 0.28, "Plan Rows": 1, "Plan Width": 0, "Index Cond": "(id = ci.person_id)"}]}]}, {"Node Type": "Bitmap Heap Scan", "Parent Relationship": "Inner", "Relation Name": "movie_info", "Alias": "mi", "Startup Cost": 0.39, "Total Cost": 4.45, "Plan Rows": 5, "Plan Width": 50, "Recheck Cond": "(movie_id = ci.movie_id)", "Plans": [{"Node Type": "Bitmap Index Scan", "Parent Relationship": "Outer", "Index Name": "movie_id_movie_info", "Startup Cost": 0.0, "Total Cost": 0.38, "Plan Rows": 5, "Plan Width": 0, "Index Cond": "(movie_id = ci.movie_id)"}]}]}, {"Node Type": "Bitmap Heap Scan", "Parent Relationship": "Inner", "Relation Name": "info_type", "Alias": "it1", "Startup Cost": 0.26, "Total Cost": 4.27, "Plan Rows": 1, "Plan Width": 4, "Recheck Cond": "(id = mi.info_type_id)", "Filter": "((info)::text = 'budget'::text)", "Plans": [{"Node Type": "Bitmap Index Scan", "Parent Relationship": "Outer", "Index Name": "info_type_pkey", "Startup Cost": 0.0, "Total Cost": 0.26, "Plan Rows": 1, "Plan Width": 0, "Index Cond": "(id = mi.info_type_id)"}]}]}, {"Node Type": "Bitmap Heap Scan", "Parent Relationship": "Inner", "Relation Name": "title", "Alias": "t", "Startup Cost": 0.26, "Total Cost": 4.27, "Plan Rows": 1, "Plan Width": 21, "Recheck Cond": "(id = mi.movie_id)", "Plans": [{"Node Type": "Bitmap Index Scan", "Parent Relationship": "Outer", "Index Name": "title_pkey", "Startup Cost": 0.0, "Total Cost": 0.26, "Plan Rows": 1, "Plan Width": 0, "Index Cond": "(id = mi.movie_id)"}]}]}]}, "Unique SQL Id": 4264520866, "Planner Runtime": 5}, "explain_analyze_plan": null}, "(1, '100')": {"explain_plan": {"Plan": {"Node Type": "Aggregate", "Strategy": "Plain", "Startup Cost": 121667.37, "Total Cost": 121667.38, "Plan Rows": 1, "Plan Width": 160, "Plans": [{"Node Type": "Nested Loop", "Parent Relationship": "Outer", "Join Type": "Inner", "Startup Cost": 0.0, "Total Cost": 121667.3, "Plan Rows": 9, "Plan Width": 64, "Inner Unique": true, "Plans": [{"Node Type": "Nested Loop", "Parent Relationship": "Outer", "Join Type": "Inner", "Startup Cost": 0.0, "Total Cost": 121664.68, "Plan Rows": 9, "Plan Width": 59, "Inner Unique": true, "Plans": [{"Node Type": "Nested Loop", "Parent Relationship": "Outer", "Join Type": "Inner", "Startup Cost": 0.0, "Total Cost": 121585.86, "Plan Rows": 279, "Plan Width": 63, "Inner Unique": false, "Join Filter": "(mi_idx.movie_id = mi.movie_id)", "Plans": [{"Node Type": "Nested Loop", "Parent Relationship": "Outer", "Join Type": "Inner", "Startup Cost": 0.0, "Total Cost": 121546.26, "Plan Rows": 52, "Plan Width": 13, "Inner Unique": true, "Plans": [{"Node Type": "Nested Loop", "Parent Relationship": "Outer", "Join Type": "Inner", "Startup Cost": 0.0, "Total Cost": 121448.51, "Plan Rows": 346, "Plan Width": 17, "Inner Unique": false, "Plans": [{"Node Type": "Nested Loop", "Parent Relationship": "Outer", "Join Type": "Inner", "Startup Cost": 0.0, "Total Cost": 121351.72, "Plan Rows": 294, "Plan Width": 4, "Inner Unique": false, "Plans": [{"Node Type": "Seq Scan", "Parent Relationship": "Outer", "Relation Name": "name", "Alias": "n", "Startup Cost": 0.0, "Total Cost": 113909.35, "Plan Rows": 173, "Plan Width": 4, "Filter": "(((name)::text ~~ '%Tim%'::text) AND ((gender)::text = 'm'::text))"}, {"Node Type": "Index Scan", "Parent Relationship": "Inner", "Scan Direction": "Forward", "Index Name": "person_id_cast_info", "Relation Name": "cast_info", "Alias": "ci", "Startup Cost": 0.0, "Total Cost": 43.0, "Plan Rows": 2, "Plan Width": 8, "Index Cond": "(person_id = n.id)", "Filter": "((note)::text = ANY ('{(producer),\"(executive producer)\"}'::text[]))"}]}, {"Node Type": "Index Scan", "Parent Relationship": "Inner", "Scan Direction": "Forward", "Index Name": "movie_id_movie_info_idx", "Relation Name": "movie_info_idx", "Alias": "mi_idx", "Startup Cost": 0.0, "Total Cost": 0.31, "Plan Rows": 2, "Plan Width": 13, "Index Cond": "(movie_id = ci.movie_id)"}]}, {"Node Type": "Index Scan", "Parent Relationship": "Inner", "Scan Direction": "Forward", "Index Name": "info_type_pkey", "Relation Name": "info_type", "Alias": "it2", "Startup Cost": 0.0, "Total Cost": 0.27, "Plan Rows": 1, "Plan Width": 4, "Index Cond": "(id = mi_idx.info_type_id)", "Filter": "((info)::text = 'votes'::text)"}]}, {"Node Type": "Index Scan", "Parent Relationship": "Inner", "Scan Direction": "Forward", "Index Name": "movie_id_movie_info", "Relation Name": "movie_info", "Alias": "mi", "Startup Cost": 0.0, "Total Cost": 0.7, "Plan Rows": 5, "Plan Width": 50, "Index Cond": "(movie_id = ci.movie_id)"}]}, {"Node Type": "Index Scan", "Parent Relationship": "Inner", "Scan Direction": "Forward", "Index Name": "info_type_pkey", "Relation Name": "info_type", "Alias": "it1", "Startup Cost": 0.0, "Total Cost": 0.27, "Plan Rows": 1, "Plan Width": 4, "Index Cond": "(id = mi.info_type_id)", "Filter": "((info)::text = 'budget'::text)"}]}, {"Node Type": "Index Scan", "Parent Relationship": "Inner", "Scan Direction": "Forward", "Index Name": "title_pkey", "Relation Name": "title", "Alias": "t", "Startup Cost": 0.0, "Total Cost": 0.28, "Plan Rows": 1, "Plan Width": 21, "Index Cond": "(id = mi.movie_id)"}]}]}, "Unique SQL Id": 4264520866, "Planner Runtime": 12}, "explain_analyze_plan": {"Plan": {"Node Type": "Aggregate", "Strategy": "Plain", "Startup Cost": 121667.37, "Total Cost": 121667.38, "Plan Rows": 1, "Plan Width": 160, "Actual Startup Time": 2159.725, "Actual Total Time": 2159.726, "Actual Rows": 1, "Actual Loops": 1, "Plans": [{"Node Type": "Nested Loop", "Parent Relationship": "Outer", "Join Type": "Inner", "Startup Cost": 0.0, "Total Cost": 121667.3, "Plan Rows": 9, "Plan Width": 64, "Actual Startup Time": 0.943, "Actual Total Time": 2158.776, "Actual Rows": 410, "Actual Loops": 1, "Inner Unique": true, "Plans": [{"Node Type": "Nested Loop", "Parent Relationship": "Outer", "Join Type": "Inner", "Startup Cost": 0.0, "Total Cost": 121664.68, "Plan Rows": 9, "Plan Width": 59, "Actual Startup Time": 0.927, "Actual Total Time": 2154.584, "Actual Rows": 410, "Actual Loops": 1, "Inner Unique": true, "Plans": [{"Node Type": "Nested Loop", "Parent Relationship": "Outer", "Join Type": "Inner", "Startup Cost": 0.0, "Total Cost": 121585.86, "Plan Rows": 279, "Plan Width": 63, "Actual Startup Time": 0.85, "Actual Total Time": 1973.382, "Actual Rows": 82408, "Actual Loops": 1, "Inner Unique": false, "Join Filter": "(mi_idx.movie_id = mi.movie_id)", "Rows Removed by Join Filter": 0, "Plans": [{"Node Type": "Nested Loop", "Parent Relationship": "Outer", "Join Type": "Inner", "Startup Cost": 0.0, "Total Cost": 121546.26, "Plan Rows": 52, "Plan Width": 13, "Actual Startup Time": 0.827, "Actual Total Time": 1837.603, "Actual Rows": 3435, "Actual Loops": 1, "Inner Unique": true, "Plans": [{"Node Type": "Nested Loop", "Parent Relationship": "Outer", "Join Type": "Inner", "Startup Cost": 0.0, "Total Cost": 121448.51, "Plan Rows": 346, "Plan Width": 17, "Actual Startup Time": 0.814, "Actual Total Time": 1811.529, "Actual Rows": 10310, "Actual Loops": 1, "Inner Unique": false, "Plans": [{"Node Type": "Nested Loop", "Parent Relationship": "Outer", "Join Type": "Inner", "Startup Cost": 0.0, "Total Cost": 121351.72, "Plan Rows": 294, "Plan Width": 4, "Actual Startup Time": 0.8, "Actual Total Time": 1773.742, "Actual Rows": 6719, "Actual Loops": 1, "Inner Unique": false, "Plans": [{"Node Type": "Seq Scan", "Parent Relationship": "Outer", "Relation Name": "name", "Alias": "n", "Startup Cost": 0.0, "Total Cost": 113909.35, "Plan Rows": 173, "Plan Width": 4, "Actual Startup Time": 0.241, "Actual Total Time": 1640.813, "Actual Rows": 9062, "Actual Loops": 1, "Filter": "(((name)::text ~~ '%Tim%'::text) AND ((gender)::text = 'm'::text))", "Rows Removed by Filter": 4158428}, {"Node Type": "Index Scan", "Parent Relationship": "Inner", "Scan Direction": "Forward", "Index Name": "person_id_cast_info", "Relation Name": "cast_info", "Alias": "ci", "Startup Cost": 0.0, "Total Cost": 43.0, "Plan Rows": 2, "Plan Width": 8, "Actual Startup Time": 107.031, "Actual Total Time": 125.932, "Actual Rows": 6719, "Actual Loops": 9062, "Index Cond": "(person_id = n.id)", "Rows Removed by Index Recheck": 0, "Filter": "((note)::text = ANY ('{(producer),\"(executive producer)\"}'::text[]))", "Rows Removed by Filter": 89309}]}, {"Node Type": "Index Scan", "Parent Relationship": "Inner", "Scan Direction": "Forward", "Index Name": "movie_id_movie_info_idx", "Relation Name": "movie_info_idx", "Alias": "mi_idx", "Startup Cost": 0.0, "Total Cost": 0.31, "Plan Rows": 2, "Plan Width": 13, "Actual Startup Time": 27.443, "Actual Total Time": 31.525, "Actual Rows": 10310, "Actual Loops": 6719, "Index Cond": "(movie_id = ci.movie_id)", "Rows Removed by Index Recheck": 0}]}, {"Node Type": "Index Scan", "Parent Relationship": "Inner", "Scan Direction": "Forward", "Index Name": "info_type_pkey", "Relation Name": "info_type", "Alias": "it2", "Startup Cost": 0.0, "Total Cost": 0.27, "Plan Rows": 1, "Plan Width": 4, "Actual Startup Time": 19.796, "Actual Total Time": 19.796, "Actual Rows": 3435, "Actual Loops": 10310, "Index Cond": "(id = mi_idx.info_type_id)", "Rows Removed by Index Recheck": 0, "Filter": "((info)::text = 'votes'::text)", "Rows Removed by Filter": 6875}]}, {"Node Type": "Index Scan", "Parent Relationship": "Inner", "Scan Direction": "Forward", "Index Name": "movie_id_movie_info", "Relation Name": "movie_info", "Alias": "mi", "Startup Cost": 0.0, "Total Cost": 0.7, "Plan Rows": 5, "Plan Width": 50, "Actual Startup Time": 25.336, "Actual Total Time": 102.942, "Actual Rows": 82408, "Actual Loops": 3435, "Index Cond": "(movie_id = ci.movie_id)", "Rows Removed by Index Recheck": 0}]}, {"Node Type": "Index Scan", "Parent Relationship": "Inner", "Scan Direction": "Forward", "Index Name": "info_type_pkey", "Relation Name": "info_type", "Alias": "it1", "Startup Cost": 0.0, "Total Cost": 0.27, "Plan Rows": 1, "Plan Width": 4, "Actual Startup Time": 143.306, "Actual Total Time": 143.306, "Actual Rows": 410, "Actual Loops": 82408, "Index Cond": "(id = mi.info_type_id)", "Rows Removed by Index Recheck": 0, "Filter": "((info)::text = 'budget'::text)", "Rows Removed by Filter": 79844}]}, {"Node Type": "Index Scan", "Parent Relationship": "Inner", "Scan Direction": "Forward", "Index Name": "title_pkey", "Relation Name": "title", "Alias": "t", "Startup Cost": 0.0, "Total Cost": 0.28, "Plan Rows": 1, "Plan Width": 21, "Actual Startup Time": 3.525, "Actual Total Time": 3.525, "Actual Rows": 410, "Actual Loops": 410, "Index Cond": "(id = mi.movie_id)", "Rows Removed by Index Recheck": 0}]}]}, "Triggers": [], "Planner Runtime": 12.215, "Total Runtime": 2160.054, "Unique SQL Id": 4264520866}}, "(1, '101')": {"explain_plan": {"Plan": {"Node Type": "Aggregate", "Strategy": "Plain", "Startup Cost": 204828.22, "Total Cost": 204828.23, "Plan Rows": 1, "Plan Width": 160, "Plans": [{"Node Type": "Nested Loop", "Parent Relationship": "Outer", "Join Type": "Inner", "Startup Cost": 0.0, "Total Cost": 204828.15, "Plan Rows": 9, "Plan Width": 64, "Inner Unique": true, "Plans": [{"Node Type": "Nested Loop", "Parent Relationship": "Outer", "Join Type": "Inner", "Startup Cost": 0.0, "Total Cost": 204825.52, "Plan Rows": 9, "Plan Width": 59, "Inner Unique": true, "Plans": [{"Node Type": "Nested Loop", "Parent Relationship": "Outer", "Join Type": "Inner", "Startup Cost": 0.0, "Total Cost": 204746.71, "Plan Rows": 279, "Plan Width": 63, "Inner Unique": false, "Join Filter": "(mi_idx.movie_id = mi.movie_id)", "Plans": [{"Node Type": "Nested Loop", "Parent Relationship": "Outer", "Join Type": "Inner", "Startup Cost": 0.0, "Total Cost": 204707.1, "Plan Rows": 52, "Plan Width": 13, "Inner Unique": true, "Plans": [{"Node Type": "Nested Loop", "Parent Relationship": "Outer", "Join Type": "Inner", "Startup Cost": 0.0, "Total Cost": 204609.36, "Plan Rows": 346, "Plan Width": 17, "Inner Unique": false, "Plans": [{"Node Type": "Nested Loop", "Parent Relationship": "Outer", "Join Type": "Inner", "Startup Cost": 0.0, "Total Cost": 204512.56, "Plan Rows": 294, "Plan Width": 4, "Inner Unique": false, "Plans": [{"Node Type": "Index Scan", "Parent Relationship": "Outer", "Scan Direction": "Forward", "Index Name": "name_pkey", "Relation Name": "name", "Alias": "n", "Startup Cost": 0.0, "Total Cost": 197070.2, "Plan Rows": 173, "Plan Width": 4, "Filter": "(((name)::text ~~ '%Tim%'::text) AND ((gender)::text = 'm'::text))"}, {"Node Type": "Index Scan", "Parent Relationship": "Inner", "Scan Direction": "Forward", "Index Name": "person_id_cast_info", "Relation Name": "cast_info", "Alias": "ci", "Startup Cost": 0.0, "Total Cost": 43.0, "Plan Rows": 2, "Plan Width": 8, "Index Cond": "(person_id = n.id)", "Filter": "((note)::text = ANY ('{(producer),\"(executive producer)\"}'::text[]))"}]}, {"Node Type": "Index Scan", "Parent Relationship": "Inner", "Scan Direction": "Forward", "Index Name": "movie_id_movie_info_idx", "Relation Name": "movie_info_idx", "Alias": "mi_idx", "Startup Cost": 0.0, "Total Cost": 0.31, "Plan Rows": 2, "Plan Width": 13, "Index Cond": "(movie_id = ci.movie_id)"}]}, {"Node Type": "Index Scan", "Parent Relationship": "Inner", "Scan Direction": "Forward", "Index Name": "info_type_pkey", "Relation Name": "info_type", "Alias": "it2", "Startup Cost": 0.0, "Total Cost": 0.27, "Plan Rows": 1, "Plan Width": 4, "Index Cond": "(id = mi_idx.info_type_id)", "Filter": "((info)::text = 'votes'::text)"}]}, {"Node Type": "Index Scan", "Parent Relationship": "Inner", "Scan Direction": "Forward", "Index Name": "movie_id_movie_info", "Relation Name": "movie_info", "Alias": "mi", "Startup Cost": 0.0, "Total Cost": 0.7, "Plan Rows": 5, "Plan Width": 50, "Index Cond": "(movie_id = ci.movie_id)"}]}, {"Node Type": "Index Scan", "Parent Relationship": "Inner", "Scan Direction": "Forward", "Index Name": "info_type_pkey", "Relation Name": "info_type", "Alias": "it1", "Startup Cost": 0.0, "Total Cost": 0.27, "Plan Rows": 1, "Plan Width": 4, "Index Cond": "(id = mi.info_type_id)", "Filter": "((info)::text = 'budget'::text)"}]}, {"Node Type": "Index Scan", "Parent Relationship": "Inner", "Scan Direction": "Forward", "Index Name": "title_pkey", "Relation Name": "title", "Alias": "t", "Startup Cost": 0.0, "Total Cost": 0.28, "Plan Rows": 1, "Plan Width": 21, "Index Cond": "(id = mi.movie_id)"}]}]}, "Unique SQL Id": 4264520866, "Planner Runtime": 10}, "explain_analyze_plan": null}, "(1, '102')": {"explain_plan": {"Plan": {"Node Type": "Aggregate", "Strategy": "Plain", "Startup Cost": 129036.79, "Total Cost": 129036.8, "Plan Rows": 1, "Plan Width": 160, "Plans": [{"Node Type": "Nested Loop", "Parent Relationship": "Outer", "Join Type": "Inner", "Startup Cost": 10.12, "Total Cost": 129036.72, "Plan Rows": 9, "Plan Width": 64, "Inner Unique": true, "Plans": [{"Node Type": "Hash Join", "Parent Relationship": "Outer", "Join Type": "Inner", "Startup Cost": 9.86, "Total Cost": 128998.18, "Plan Rows": 9, "Plan Width": 59, "Inner Unique": true, "Hash Cond": "(mi_idx.info_type_id = it2.id)", "Plans": [{"Node Type": "Nested Loop", "Parent Relationship": "Outer", "Join Type": "Inner", "Startup Cost": 7.45, "Total Cost": 128995.6, "Plan Rows": 34, "Plan Width": 63, "Inner Unique": false, "Plans": [{"Node Type": "Hash Join", "Parent Relationship": "Outer", "Join Type": "Inner", "Startup Cost": 7.18, "Total Cost": 128422.13, "Plan Rows": 133, "Plan Width": 50, "Inner Unique": true, "Hash Cond": "(mi.info_type_id = it1.id)", "Plans": [{"Node Type": "Nested Loop", "Parent Relationship": "Outer", "Join Type": "Inner", "Startup Cost": 4.77, "Total Cost": 128415.58, "Plan Rows": 1561, "Plan Width": 54, "Inner Unique": false, "Plans": [{"Node Type": "Nested Loop", "Parent Relationship": "Outer", "Join Type": "Inner", "Startup Cost": 4.39, "Total Cost": 127093.19, "Plan Rows": 294, "Plan Width": 4, "Inner Unique": false, "Plans": [{"Node Type": "Seq Scan", "Parent Relationship": "Outer", "Relation Name": "name", "Alias": "n", "Startup Cost": 0.0, "Total Cost": 113909.35, "Plan Rows": 173, "Plan Width": 4, "Filter": "(((name)::text ~~ '%Tim%'::text) AND ((gender)::text = 'm'::text))"}, {"Node Type": "Bitmap Heap Scan", "Parent Relationship": "Inner", "Relation Name": "cast_info", "Alias": "ci", "Startup Cost": 4.39, "Total Cost": 76.19, "Plan Rows": 2, "Plan Width": 8, "Recheck Cond": "(person_id = n.id)", "Filter": "((note)::text = ANY ('{(producer),\"(executive producer)\"}'::text[]))", "Plans": [{"Node Type": "Bitmap Index Scan", "Parent Relationship": "Outer", "Index Name": "person_id_cast_info", "Startup Cost": 0.0, "Total Cost": 4.38, "Plan Rows": 18, "Plan Width": 0, "Index Cond": "(person_id = n.id)"}]}]}, {"Node Type": "Bitmap Heap Scan", "Parent Relationship": "Inner", "Relation Name": "movie_info", "Alias": "mi", "Startup Cost": 0.39, "Total Cost": 4.45, "Plan Rows": 5, "Plan Width": 50, "Recheck Cond": "(movie_id = ci.movie_id)", "Plans": [{"Node Type": "Bitmap Index Scan", "Parent Relationship": "Outer", "Index Name": "movie_id_movie_info", "Startup Cost": 0.0, "Total Cost": 0.38, "Plan Rows": 5, "Plan Width": 0, "Index Cond": "(movie_id = ci.movie_id)"}]}]}, {"Node Type": "Hash", "Parent Relationship": "Inner", "Startup Cost": 2.4, "Total Cost": 2.4, "Plan Rows": 1, "Plan Width": 4, "Plans": [{"Node Type": "Seq Scan", "Parent Relationship": "Outer", "Relation Name": "info_type", "Alias": "it1", "Startup Cost": 0.0, "Total Cost": 2.4, "Plan Rows": 1, "Plan Width": 4, "Filter": "((info)::text = 'budget'::text)"}]}]}, {"Node Type": "Bitmap Heap Scan", "Parent Relationship": "Inner", "Relation Name": "movie_info_idx", "Alias": "mi_idx", "Startup Cost": 0.27, "Total Cost": 4.29, "Plan Rows": 2, "Plan Width": 13, "Recheck Cond": "(movie_id = mi.movie_id)", "Plans": [{"Node Type": "Bitmap Index Scan", "Parent Relationship": "Outer", "Index Name": "movie_id_movie_info_idx", "Startup Cost": 0.0, "Total Cost": 0.27, "Plan Rows": 2, "Plan Width": 0, "Index Cond": "(movie_id = mi.movie_id)"}]}]}, {"Node Type": "Hash", "Parent Relationship": "Inner", "Startup Cost": 2.4, "Total Cost": 2.4, "Plan Rows": 1, "Plan Width": 4, "Plans": [{"Node Type": "Seq Scan", "Parent Relationship": "Outer", "Relation Name": "info_type", "Alias": "it2", "Startup Cost": 0.0, "Total Cost": 2.4, "Plan Rows": 1, "Plan Width": 4, "Filter": "((info)::text = 'votes'::text)"}]}]}, {"Node Type": "Bitmap Heap Scan", "Parent Relationship": "Inner", "Relation Name": "title", "Alias": "t", "Startup Cost": 0.26, "Total Cost": 4.27, "Plan Rows": 1, "Plan Width": 21, "Recheck Cond": "(id = mi.movie_id)", "Plans": [{"Node Type": "Bitmap Index Scan", "Parent Relationship": "Outer", "Index Name": "title_pkey", "Startup Cost": 0.0, "Total Cost": 0.26, "Plan Rows": 1, "Plan Width": 0, "Index Cond": "(id = mi.movie_id)"}]}]}]}, "Unique SQL Id": 4264520866, "Planner Runtime": 18}, "explain_analyze_plan": {"Plan": {"Node Type": "Aggregate", "Strategy": "Plain", "Startup Cost": 129036.79, "Total Cost": 129036.8, "Plan Rows": 1, "Plan Width": 160, "Actual Startup Time": 2011.635, "Actual Total Time": 2011.636, "Actual Rows": 1, "Actual Loops": 1, "Plans": [{"Node Type": "Nested Loop", "Parent Relationship": "Outer", "Join Type": "Inner", "Startup Cost": 10.12, "Total Cost": 129036.72, "Plan Rows": 9, "Plan Width": 64, "Actual Startup Time": 1.112, "Actual Total Time": 2010.587, "Actual Rows": 410, "Actual Loops": 1, "Inner Unique": true, "Plans": [{"Node Type": "Hash Join", "Parent Relationship": "Outer", "Join Type": "Inner", "Startup Cost": 9.86, "Total Cost": 128998.18, "Plan Rows": 9, "Plan Width": 59, "Actual Startup Time": 1.095, "Actual Total Time": 2005.522, "Actual Rows": 410, "Actual Loops": 1, "Inner Unique": true, "Hash Cond": "(mi_idx.info_type_id = it2.id)", "Plans": [{"Node Type": "Nested Loop", "Parent Relationship": "Outer", "Join Type": "Inner", "Startup Cost": 7.45, "Total Cost": 128995.6, "Plan Rows": 34, "Plan Width": 63, "Actual Startup Time": 0.988, "Actual Total Time": 2004.808, "Actual Rows": 1235, "Actual Loops": 1, "Inner Unique": false, "Plans": [{"Node Type": "Hash Join", "Parent Relationship": "Outer", "Join Type": "Inner", "Startup Cost": 7.18, "Total Cost": 128422.13, "Plan Rows": 133, "Plan Width": 50, "Actual Startup Time": 0.971, "Actual Total Time": 1996.681, "Actual Rows": 699, "Actual Loops": 1, "Inner Unique": true, "Hash Cond": "(mi.info_type_id = it1.id)", "Plans": [{"Node Type": "Nested Loop", "Parent Relationship": "Outer", "Join Type": "Inner", "Startup Cost": 4.77, "Total Cost": 128415.58, "Plan Rows": 1561, "Plan Width": 54, "Actual Startup Time": 0.852, "Actual Total Time": 1981.105, "Actual Rows": 95896, "Actual Loops": 1, "Inner Unique": false, "Plans": [{"Node Type": "Nested Loop", "Parent Relationship": "Outer", "Join Type": "Inner", "Startup Cost": 4.39, "Total Cost": 127093.19, "Plan Rows": 294, "Plan Width": 4, "Actual Startup Time": 0.815, "Actual Total Time": 1794.378, "Actual Rows": 6719, "Actual Loops": 1, "Inner Unique": false, "Plans": [{"Node Type": "Seq Scan", "Parent Relationship": "Outer", "Relation Name": "name", "Alias": "n", "Startup Cost": 0.0, "Total Cost": 113909.35, "Plan Rows": 173, "Plan Width": 4, "Actual Startup Time": 0.242, "Actual Total Time": 1644.054, "Actual Rows": 9062, "Actual Loops": 1, "Filter": "(((name)::text ~~ '%Tim%'::text) AND ((gender)::text = 'm'::text))", "Rows Removed by Filter": 4158428}, {"Node Type": "Bitmap Heap Scan", "Parent Relationship": "Inner", "Relation Name": "cast_info", "Alias": "ci", "Startup Cost": 4.39, "Total Cost": 76.19, "Plan Rows": 2, "Plan Width": 8, "Actual Startup Time": 121.573, "Actual Total Time": 137.095, "Actual Rows": 6719, "Actual Loops": 9062, "Recheck Cond": "(person_id = n.id)", "Rows Removed by Index Recheck": 0, "Filter": "((note)::text = ANY ('{(producer),\"(executive producer)\"}'::text[]))", "Rows Removed by Filter": 89309, "Exact Heap Blocks": 13336, "Lossy Heap Blocks": 13336, "Plans": [{"Node Type": "Bitmap Index Scan", "Parent Relationship": "Outer", "Index Name": "person_id_cast_info", "Startup Cost": 0.0, "Total Cost": 4.38, "Plan Rows": 18, "Plan Width": 0, "Actual Startup Time": 55.814, "Actual Total Time": 55.814, "Actual Rows": 96028, "Actual Loops": 9062, "Index Cond": "(person_id = n.id)"}]}]}, {"Node Type": "Bitmap Heap Scan", "Parent Relationship": "Inner", "Relation Name": "movie_info", "Alias": "mi", "Startup Cost": 0.39, "Total Cost": 4.45, "Plan Rows": 5, "Plan Width": 50, "Actual Startup Time": 66.456, "Actual Total Time": 158.11, "Actual Rows": 95896, "Actual Loops": 6719, "Recheck Cond": "(movie_id = ci.movie_id)", "Rows Removed by Index Recheck": 0, "Exact Heap Blocks": 40013, "Lossy Heap Blocks": 40013, "Plans": [{"Node Type": "Bitmap Index Scan", "Parent Relationship": "Outer", "Index Name": "movie_id_movie_info", "Startup Cost": 0.0, "Total Cost": 0.38, "Plan Rows": 5, "Plan Width": 0, "Actual Startup Time": 45.66, "Actual Total Time": 45.66, "Actual Rows": 95896, "Actual Loops": 6719, "Index Cond": "(movie_id = ci.movie_id)"}]}]}, {"Node Type": "Hash", "Parent Relationship": "Inner", "Startup Cost": 2.4, "Total Cost": 2.4, "Plan Rows": 1, "Plan Width": 4, "Actual Startup Time": 0.052, "Actual Total Time": 0.052, "Actual Rows": 1, "Actual Loops": 1, "Hash Buckets": 32768, "Hash Batches": 1, "Original Hash Batches": 1, "Peak Memory Usage": 1, "Plans": [{"Node Type": "Seq Scan", "Parent Relationship": "Outer", "Relation Name": "info_type", "Alias": "it1", "Startup Cost": 0.0, "Total Cost": 2.4, "Plan Rows": 1, "Plan Width": 4, "Actual Startup Time": 0.048, "Actual Total Time": 0.051, "Actual Rows": 1, "Actual Loops": 1, "Filter": "((info)::text = 'budget'::text)", "Rows Removed by Filter": 111}]}]}, {"Node Type": "Bitmap Heap Scan", "Parent Relationship": "Inner", "Relation Name": "movie_info_idx", "Alias": "mi_idx", "Startup Cost": 0.27, "Total Cost": 4.29, "Plan Rows": 2, "Plan Width": 13, "Actual Startup Time": 6.267, "Actual Total Time": 6.489, "Actual Rows": 1235, "Actual Loops": 699, "Recheck Cond": "(movie_id = mi.movie_id)", "Rows Removed by Index Recheck": 0, "Exact Heap Blocks": 419, "Lossy Heap Blocks": 419, "Plans": [{"Node Type": "Bitmap Index Scan", "Parent Relationship": "Outer", "Index Name": "movie_id_movie_info_idx", "Startup Cost": 0.0, "Total Cost": 0.27, "Plan Rows": 2, "Plan Width": 0, "Actual Startup Time": 4.406, "Actual Total Time": 4.406, "Actual Rows": 1235, "Actual Loops": 699, "Index Cond": "(movie_id = mi.movie_id)"}]}]}, {"Node Type": "Hash", "Parent Relationship": "Inner", "Startup Cost": 2.4, "Total Cost": 2.4, "Plan Rows": 1, "Plan Width": 4, "Actual Startup Time": 0.065, "Actual Total Time": 0.065, "Actual Rows": 1, "Actual Loops": 1, "Hash Buckets": 32768, "Hash Batches": 1, "Original Hash Batches": 1, "Peak Memory Usage": 1, "Plans": [{"Node Type": "Seq Scan", "Parent Relationship": "Outer", "Relation Name": "info_type", "Alias": "it2", "Startup Cost": 0.0, "Total Cost": 2.4, "Plan Rows": 1, "Plan Width": 4, "Actual Startup Time": 0.052, "Actual Total Time": 0.058, "Actual Rows": 1, "Actual Loops": 1, "Filter": "((info)::text = 'votes'::text)", "Rows Removed by Filter": 111}]}]}, {"Node Type": "Bitmap Heap Scan", "Parent Relationship": "Inner", "Relation Name": "title", "Alias": "t", "Startup Cost": 0.26, "Total Cost": 4.27, "Plan Rows": 1, "Plan Width": 21, "Actual Startup Time": 4.128, "Actual Total Time": 4.128, "Actual Rows": 410, "Actual Loops": 410, "Recheck Cond": "(id = mi.movie_id)", "Rows Removed by Index Recheck": 0, "Exact Heap Blocks": 410, "Lossy Heap Blocks": 410, "Plans": [{"Node Type": "Bitmap Index Scan", "Parent Relationship": "Outer", "Index Name": "title_pkey", "Startup Cost": 0.0, "Total Cost": 0.26, "Plan Rows": 1, "Plan Width": 0, "Actual Startup Time": 2.64, "Actual Total Time": 2.64, "Actual Rows": 410, "Actual Loops": 410, "Index Cond": "(id = mi.movie_id)"}]}]}]}, "Triggers": [], "Planner Runtime": 18.214, "Total Runtime": 2011.984, "Unique SQL Id": 4264520866}}, "(1, '103')": {"explain_plan": {"Plan": {"Node Type": "Aggregate", "Strategy": "Plain", "Startup Cost": 1000014018806.1, "Total Cost": 1000014018806.11, "Plan Rows": 1, "Plan Width": 160, "Plans": [{"Node Type": "Nested Loop", "Parent Relationship": "Outer", "Join Type": "Inner", "Startup Cost": 10000000002.15, "Total Cost": 1000014018806.04, "Plan Rows": 8, "Plan Width": 64, "Inner Unique": true, "Plans": [{"Node Type": "Nested Loop", "Parent Relationship": "Outer", "Join Type": "Inner", "Startup Cost": 10000000001.89, "Total Cost": 1000014018767.49, "Plan Rows": 9, "Plan Width": 59, "Inner Unique": true, "Plans": [{"Node Type": "Nested Loop", "Parent Relationship": "Outer", "Join Type": "Inner", "Startup Cost": 10000000001.63, "Total Cost": 1000014017572.6, "Plan Rows": 279, "Plan Width": 63, "Inner Unique": false, "Join Filter": "(mi_idx.movie_id = mi.movie_id)", "Plans": [{"Node Type": "Nested Loop", "Parent Relationship": "Outer", "Join Type": "Inner", "Startup Cost": 10000000001.24, "Total Cost": 1000014017338.06, "Plan Rows": 52, "Plan Width": 13, "Inner Unique": true, "Plans": [{"Node Type": "Nested Loop", "Parent Relationship": "Outer", "Join Type": "Inner", "Startup Cost": 10000000000.96, "Total Cost": 1000012216357.19, "Plan Rows": 417690, "Plan Width": 17, "Inner Unique": false, "Plans": [{"Node Type": "Nested Loop", "Parent Relationship": "Outer", "Join Type": "Inner", "Startup Cost": 10000000000.26, "Total Cost": 1000010560383.98, "Plan Rows": 345008, "Plan Width": 9, "Inner Unique": true, "Plans": [{"Node Type": "Index Scan", "Parent Relationship": "Outer", "Scan Direction": "Forward", "Index Name": "movie_id_movie_info_idx", "Relation Name": "movie_info_idx", "Alias": "mi_idx", "Startup Cost": 10000000000.0, "Total Cost": 1000004650035.37, "Plan Rows": 1380034, "Plan Width": 13}, {"Node Type": "Bitmap Heap Scan", "Parent Relationship": "Inner", "Relation Name": "info_type", "Alias": "it2", "Startup Cost": 0.26, "Total Cost": 4.27, "Plan Rows": 1, "Plan Width": 4, "Recheck Cond": "(id = mi_idx.info_type_id)", "Filter": "((info)::text = 'votes'::text)", "Plans": [{"Node Type": "Bitmap Index Scan", "Parent Relationship": "Outer", "Index Name": "info_type_pkey", "Startup Cost": 0.0, "Total Cost": 0.26, "Plan Rows": 1, "Plan Width": 0, "Index Cond": "(id = mi_idx.info_type_id)"}]}]}, {"Node Type": "Bitmap Heap Scan", "Parent Relationship": "Inner", "Relation Name": "cast_info", "Alias": "ci", "Startup Cost": 0.7, "Total Cost": 4.79, "Plan Rows": 1, "Plan Width": 8, "Recheck Cond": "(movie_id = mi_idx.movie_id)", "Filter": "((note)::text = ANY ('{(producer),\"(executive producer)\"}'::text[]))", "Plans": [{"Node Type": "Bitmap Index Scan", "Parent Relationship": "Outer", "Index Name": "movie_id_cast_info", "Startup Cost": 0.0, "Total Cost": 0.7, "Plan Rows": 6, "Plan Width": 0, "Index Cond": "(movie_id = mi_idx.movie_id)"}]}]}, {"Node Type": "Bitmap Heap Scan", "Parent Relationship": "Inner", "Relation Name": "name", "Alias": "n", "Startup Cost": 0.28, "Total Cost": 4.3, "Plan Rows": 1, "Plan Width": 4, "Recheck Cond": "(id = ci.person_id)", "Filter": "(((name)::text ~~ '%Tim%'::text) AND ((gender)::text = 'm'::text))", "Plans": [{"Node Type": "Bitmap Index Scan", "Parent Relationship": "Outer", "Index Name": "name_pkey", "Startup Cost": 0.0, "Total Cost": 0.28, "Plan Rows": 1, "Plan Width": 0, "Index Cond": "(id = ci.person_id)"}]}]}, {"Node Type": "Bitmap Heap Scan", "Parent Relationship": "Inner", "Relation Name": "movie_info", "Alias": "mi", "Startup Cost": 0.39, "Total Cost": 4.45, "Plan Rows": 5, "Plan Width": 50, "Recheck Cond": "(movie_id = ci.movie_id)", "Plans": [{"Node Type": "Bitmap Index Scan", "Parent Relationship": "Outer", "Index Name": "movie_id_movie_info", "Startup Cost": 0.0, "Total Cost": 0.38, "Plan Rows": 5, "Plan Width": 0, "Index Cond": "(movie_id = ci.movie_id)"}]}]}, {"Node Type": "Bitmap Heap Scan", "Parent Relationship": "Inner", "Relation Name": "info_type", "Alias": "it1", "Startup Cost": 0.26, "Total Cost": 4.27, "Plan Rows": 1, "Plan Width": 4, "Recheck Cond": "(id = mi.info_type_id)", "Filter": "((info)::text = 'budget'::text)", "Plans": [{"Node Type": "Bitmap Index Scan", "Parent Relationship": "Outer", "Index Name": "info_type_pkey", "Startup Cost": 0.0, "Total Cost": 0.26, "Plan Rows": 1, "Plan Width": 0, "Index Cond": "(id = mi.info_type_id)"}]}]}, {"Node Type": "Bitmap Heap Scan", "Parent Relationship": "Inner", "Relation Name": "title", "Alias": "t", "Startup Cost": 0.26, "Total Cost": 4.27, "Plan Rows": 1, "Plan Width": 21, "Recheck Cond": "(id = mi.movie_id)", "Plans": [{"Node Type": "Bitmap Index Scan", "Parent Relationship": "Outer", "Index Name": "title_pkey", "Startup Cost": 0.0, "Total Cost": 0.26, "Plan Rows": 1, "Plan Width": 0, "Index Cond": "(id = mi.movie_id)"}]}]}]}, "Unique SQL Id": 4264520866, "Planner Runtime": 4}, "explain_analyze_plan": null}, "(1, '104')": {"explain_plan": {"Plan": {"Node Type": "Aggregate", "Strategy": "Plain", "Startup Cost": 121667.37, "Total Cost": 121667.38, "Plan Rows": 1, "Plan Width": 160, "Plans": [{"Node Type": "Nested Loop", "Parent Relationship": "Outer", "Join Type": "Inner", "Startup Cost": 0.0, "Total Cost": 121667.3, "Plan Rows": 9, "Plan Width": 64, "Inner Unique": true, "Plans": [{"Node Type": "Nested Loop", "Parent Relationship": "Outer", "Join Type": "Inner", "Startup Cost": 0.0, "Total Cost": 121664.68, "Plan Rows": 9, "Plan Width": 59, "Inner Unique": true, "Plans": [{"Node Type": "Nested Loop", "Parent Relationship": "Outer", "Join Type": "Inner", "Startup Cost": 0.0, "Total Cost": 121585.86, "Plan Rows": 279, "Plan Width": 63, "Inner Unique": false, "Join Filter": "(mi_idx.movie_id = mi.movie_id)", "Plans": [{"Node Type": "Nested Loop", "Parent Relationship": "Outer", "Join Type": "Inner", "Startup Cost": 0.0, "Total Cost": 121546.26, "Plan Rows": 52, "Plan Width": 13, "Inner Unique": true, "Plans": [{"Node Type": "Nested Loop", "Parent Relationship": "Outer", "Join Type": "Inner", "Startup Cost": 0.0, "Total Cost": 121448.51, "Plan Rows": 346, "Plan Width": 17, "Inner Unique": false, "Plans": [{"Node Type": "Nested Loop", "Parent Relationship": "Outer", "Join Type": "Inner", "Startup Cost": 0.0, "Total Cost": 121351.72, "Plan Rows": 294, "Plan Width": 4, "Inner Unique": false, "Plans": [{"Node Type": "Seq Scan", "Parent Relationship": "Outer", "Relation Name": "name", "Alias": "n", "Startup Cost": 0.0, "Total Cost": 113909.35, "Plan Rows": 173, "Plan Width": 4, "Filter": "(((name)::text ~~ '%Tim%'::text) AND ((gender)::text = 'm'::text))"}, {"Node Type": "Index Scan", "Parent Relationship": "Inner", "Scan Direction": "Forward", "Index Name": "person_id_cast_info", "Relation Name": "cast_info", "Alias": "ci", "Startup Cost": 0.0, "Total Cost": 43.0, "Plan Rows": 2, "Plan Width": 8, "Index Cond": "(person_id = n.id)", "Filter": "((note)::text = ANY ('{(producer),\"(executive producer)\"}'::text[]))"}]}, {"Node Type": "Index Scan", "Parent Relationship": "Inner", "Scan Direction": "Forward", "Index Name": "movie_id_movie_info_idx", "Relation Name": "movie_info_idx", "Alias": "mi_idx", "Startup Cost": 0.0, "Total Cost": 0.31, "Plan Rows": 2, "Plan Width": 13, "Index Cond": "(movie_id = ci.movie_id)"}]}, {"Node Type": "Index Scan", "Parent Relationship": "Inner", "Scan Direction": "Forward", "Index Name": "info_type_pkey", "Relation Name": "info_type", "Alias": "it2", "Startup Cost": 0.0, "Total Cost": 0.27, "Plan Rows": 1, "Plan Width": 4, "Index Cond": "(id = mi_idx.info_type_id)", "Filter": "((info)::text = 'votes'::text)"}]}, {"Node Type": "Index Scan", "Parent Relationship": "Inner", "Scan Direction": "Forward", "Index Name": "movie_id_movie_info", "Relation Name": "movie_info", "Alias": "mi", "Startup Cost": 0.0, "Total Cost": 0.7, "Plan Rows": 5, "Plan Width": 50, "Index Cond": "(movie_id = ci.movie_id)"}]}, {"Node Type": "Index Scan", "Parent Relationship": "Inner", "Scan Direction": "Forward", "Index Name": "info_type_pkey", "Relation Name": "info_type", "Alias": "it1", "Startup Cost": 0.0, "Total Cost": 0.27, "Plan Rows": 1, "Plan Width": 4, "Index Cond": "(id = mi.info_type_id)", "Filter": "((info)::text = 'budget'::text)"}]}, {"Node Type": "Index Scan", "Parent Relationship": "Inner", "Scan Direction": "Forward", "Index Name": "title_pkey", "Relation Name": "title", "Alias": "t", "Startup Cost": 0.0, "Total Cost": 0.28, "Plan Rows": 1, "Plan Width": 21, "Index Cond": "(id = mi.movie_id)"}]}]}, "Unique SQL Id": 4264520866, "Planner Runtime": 12}, "explain_analyze_plan": {"Plan": {"Node Type": "Aggregate", "Strategy": "Plain", "Startup Cost": 121667.37, "Total Cost": 121667.38, "Plan Rows": 1, "Plan Width": 160, "Actual Startup Time": 2159.725, "Actual Total Time": 2159.726, "Actual Rows": 1, "Actual Loops": 1, "Plans": [{"Node Type": "Nested Loop", "Parent Relationship": "Outer", "Join Type": "Inner", "Startup Cost": 0.0, "Total Cost": 121667.3, "Plan Rows": 9, "Plan Width": 64, "Actual Startup Time": 0.943, "Actual Total Time": 2158.776, "Actual Rows": 410, "Actual Loops": 1, "Inner Unique": true, "Plans": [{"Node Type": "Nested Loop", "Parent Relationship": "Outer", "Join Type": "Inner", "Startup Cost": 0.0, "Total Cost": 121664.68, "Plan Rows": 9, "Plan Width": 59, "Actual Startup Time": 0.927, "Actual Total Time": 2154.584, "Actual Rows": 410, "Actual Loops": 1, "Inner Unique": true, "Plans": [{"Node Type": "Nested Loop", "Parent Relationship": "Outer", "Join Type": "Inner", "Startup Cost": 0.0, "Total Cost": 121585.86, "Plan Rows": 279, "Plan Width": 63, "Actual Startup Time": 0.85, "Actual Total Time": 1973.382, "Actual Rows": 82408, "Actual Loops": 1, "Inner Unique": false, "Join Filter": "(mi_idx.movie_id = mi.movie_id)", "Rows Removed by Join Filter": 0, "Plans": [{"Node Type": "Nested Loop", "Parent Relationship": "Outer", "Join Type": "Inner", "Startup Cost": 0.0, "Total Cost": 121546.26, "Plan Rows": 52, "Plan Width": 13, "Actual Startup Time": 0.827, "Actual Total Time": 1837.603, "Actual Rows": 3435, "Actual Loops": 1, "Inner Unique": true, "Plans": [{"Node Type": "Nested Loop", "Parent Relationship": "Outer", "Join Type": "Inner", "Startup Cost": 0.0, "Total Cost": 121448.51, "Plan Rows": 346, "Plan Width": 17, "Actual Startup Time": 0.814, "Actual Total Time": 1811.529, "Actual Rows": 10310, "Actual Loops": 1, "Inner Unique": false, "Plans": [{"Node Type": "Nested Loop", "Parent Relationship": "Outer", "Join Type": "Inner", "Startup Cost": 0.0, "Total Cost": 121351.72, "Plan Rows": 294, "Plan Width": 4, "Actual Startup Time": 0.8, "Actual Total Time": 1773.742, "Actual Rows": 6719, "Actual Loops": 1, "Inner Unique": false, "Plans": [{"Node Type": "Seq Scan", "Parent Relationship": "Outer", "Relation Name": "name", "Alias": "n", "Startup Cost": 0.0, "Total Cost": 113909.35, "Plan Rows": 173, "Plan Width": 4, "Actual Startup Time": 0.241, "Actual Total Time": 1640.813, "Actual Rows": 9062, "Actual Loops": 1, "Filter": "(((name)::text ~~ '%Tim%'::text) AND ((gender)::text = 'm'::text))", "Rows Removed by Filter": 4158428}, {"Node Type": "Index Scan", "Parent Relationship": "Inner", "Scan Direction": "Forward", "Index Name": "person_id_cast_info", "Relation Name": "cast_info", "Alias": "ci", "Startup Cost": 0.0, "Total Cost": 43.0, "Plan Rows": 2, "Plan Width": 8, "Actual Startup Time": 107.031, "Actual Total Time": 125.932, "Actual Rows": 6719, "Actual Loops": 9062, "Index Cond": "(person_id = n.id)", "Rows Removed by Index Recheck": 0, "Filter": "((note)::text = ANY ('{(producer),\"(executive producer)\"}'::text[]))", "Rows Removed by Filter": 89309}]}, {"Node Type": "Index Scan", "Parent Relationship": "Inner", "Scan Direction": "Forward", "Index Name": "movie_id_movie_info_idx", "Relation Name": "movie_info_idx", "Alias": "mi_idx", "Startup Cost": 0.0, "Total Cost": 0.31, "Plan Rows": 2, "Plan Width": 13, "Actual Startup Time": 27.443, "Actual Total Time": 31.525, "Actual Rows": 10310, "Actual Loops": 6719, "Index Cond": "(movie_id = ci.movie_id)", "Rows Removed by Index Recheck": 0}]}, {"Node Type": "Index Scan", "Parent Relationship": "Inner", "Scan Direction": "Forward", "Index Name": "info_type_pkey", "Relation Name": "info_type", "Alias": "it2", "Startup Cost": 0.0, "Total Cost": 0.27, "Plan Rows": 1, "Plan Width": 4, "Actual Startup Time": 19.796, "Actual Total Time": 19.796, "Actual Rows": 3435, "Actual Loops": 10310, "Index Cond": "(id = mi_idx.info_type_id)", "Rows Removed by Index Recheck": 0, "Filter": "((info)::text = 'votes'::text)", "Rows Removed by Filter": 6875}]}, {"Node Type": "Index Scan", "Parent Relationship": "Inner", "Scan Direction": "Forward", "Index Name": "movie_id_movie_info", "Relation Name": "movie_info", "Alias": "mi", "Startup Cost": 0.0, "Total Cost": 0.7, "Plan Rows": 5, "Plan Width": 50, "Actual Startup Time": 25.336, "Actual Total Time": 102.942, "Actual Rows": 82408, "Actual Loops": 3435, "Index Cond": "(movie_id = ci.movie_id)", "Rows Removed by Index Recheck": 0}]}, {"Node Type": "Index Scan", "Parent Relationship": "Inner", "Scan Direction": "Forward", "Index Name": "info_type_pkey", "Relation Name": "info_type", "Alias": "it1", "Startup Cost": 0.0, "Total Cost": 0.27, "Plan Rows": 1, "Plan Width": 4, "Actual Startup Time": 143.306, "Actual Total Time": 143.306, "Actual Rows": 410, "Actual Loops": 82408, "Index Cond": "(id = mi.info_type_id)", "Rows Removed by Index Recheck": 0, "Filter": "((info)::text = 'budget'::text)", "Rows Removed by Filter": 79844}]}, {"Node Type": "Index Scan", "Parent Relationship": "Inner", "Scan Direction": "Forward", "Index Name": "title_pkey", "Relation Name": "title", "Alias": "t", "Startup Cost": 0.0, "Total Cost": 0.28, "Plan Rows": 1, "Plan Width": 21, "Actual Startup Time": 3.525, "Actual Total Time": 3.525, "Actual Rows": 410, "Actual Loops": 410, "Index Cond": "(id = mi.movie_id)", "Rows Removed by Index Recheck": 0}]}]}, "Triggers": [], "Planner Runtime": 12.215, "Total Runtime": 2160.054, "Unique SQL Id": 4264520866}}, "(1, '105')": {"explain_plan": {"Plan": {"Node Type": "Aggregate", "Strategy": "Plain", "Startup Cost": 204828.22, "Total Cost": 204828.23, "Plan Rows": 1, "Plan Width": 160, "Plans": [{"Node Type": "Nested Loop", "Parent Relationship": "Outer", "Join Type": "Inner", "Startup Cost": 0.0, "Total Cost": 204828.15, "Plan Rows": 9, "Plan Width": 64, "Inner Unique": true, "Plans": [{"Node Type": "Nested Loop", "Parent Relationship": "Outer", "Join Type": "Inner", "Startup Cost": 0.0, "Total Cost": 204825.52, "Plan Rows": 9, "Plan Width": 59, "Inner Unique": true, "Plans": [{"Node Type": "Nested Loop", "Parent Relationship": "Outer", "Join Type": "Inner", "Startup Cost": 0.0, "Total Cost": 204746.71, "Plan Rows": 279, "Plan Width": 63, "Inner Unique": false, "Join Filter": "(mi_idx.movie_id = mi.movie_id)", "Plans": [{"Node Type": "Nested Loop", "Parent Relationship": "Outer", "Join Type": "Inner", "Startup Cost": 0.0, "Total Cost": 204707.1, "Plan Rows": 52, "Plan Width": 13, "Inner Unique": true, "Plans": [{"Node Type": "Nested Loop", "Parent Relationship": "Outer", "Join Type": "Inner", "Startup Cost": 0.0, "Total Cost": 204609.36, "Plan Rows": 346, "Plan Width": 17, "Inner Unique": false, "Plans": [{"Node Type": "Nested Loop", "Parent Relationship": "Outer", "Join Type": "Inner", "Startup Cost": 0.0, "Total Cost": 204512.56, "Plan Rows": 294, "Plan Width": 4, "Inner Unique": false, "Plans": [{"Node Type": "Index Scan", "Parent Relationship": "Outer", "Scan Direction": "Forward", "Index Name": "name_pkey", "Relation Name": "name", "Alias": "n", "Startup Cost": 0.0, "Total Cost": 197070.2, "Plan Rows": 173, "Plan Width": 4, "Filter": "(((name)::text ~~ '%Tim%'::text) AND ((gender)::text = 'm'::text))"}, {"Node Type": "Index Scan", "Parent Relationship": "Inner", "Scan Direction": "Forward", "Index Name": "person_id_cast_info", "Relation Name": "cast_info", "Alias": "ci", "Startup Cost": 0.0, "Total Cost": 43.0, "Plan Rows": 2, "Plan Width": 8, "Index Cond": "(person_id = n.id)", "Filter": "((note)::text = ANY ('{(producer),\"(executive producer)\"}'::text[]))"}]}, {"Node Type": "Index Scan", "Parent Relationship": "Inner", "Scan Direction": "Forward", "Index Name": "movie_id_movie_info_idx", "Relation Name": "movie_info_idx", "Alias": "mi_idx", "Startup Cost": 0.0, "Total Cost": 0.31, "Plan Rows": 2, "Plan Width": 13, "Index Cond": "(movie_id = ci.movie_id)"}]}, {"Node Type": "Index Scan", "Parent Relationship": "Inner", "Scan Direction": "Forward", "Index Name": "info_type_pkey", "Relation Name": "info_type", "Alias": "it2", "Startup Cost": 0.0, "Total Cost": 0.27, "Plan Rows": 1, "Plan Width": 4, "Index Cond": "(id = mi_idx.info_type_id)", "Filter": "((info)::text = 'votes'::text)"}]}, {"Node Type": "Index Scan", "Parent Relationship": "Inner", "Scan Direction": "Forward", "Index Name": "movie_id_movie_info", "Relation Name": "movie_info", "Alias": "mi", "Startup Cost": 0.0, "Total Cost": 0.7, "Plan Rows": 5, "Plan Width": 50, "Index Cond": "(movie_id = ci.movie_id)"}]}, {"Node Type": "Index Scan", "Parent Relationship": "Inner", "Scan Direction": "Forward", "Index Name": "info_type_pkey", "Relation Name": "info_type", "Alias": "it1", "Startup Cost": 0.0, "Total Cost": 0.27, "Plan Rows": 1, "Plan Width": 4, "Index Cond": "(id = mi.info_type_id)", "Filter": "((info)::text = 'budget'::text)"}]}, {"Node Type": "Index Scan", "Parent Relationship": "Inner", "Scan Direction": "Forward", "Index Name": "title_pkey", "Relation Name": "title", "Alias": "t", "Startup Cost": 0.0, "Total Cost": 0.28, "Plan Rows": 1, "Plan Width": 21, "Index Cond": "(id = mi.movie_id)"}]}]}, "Unique SQL Id": 4264520866, "Planner Runtime": 10}, "explain_analyze_plan": null}, "(1, '106')": {"explain_plan": {"Plan": {"Node Type": "Aggregate", "Strategy": "Plain", "Startup Cost": 1247064.0, "Total Cost": 1247064.01, "Plan Rows": 1, "Plan Width": 160, "Plans": [{"Node Type": "Hash Join", "Parent Relationship": "Outer", "Join Type": "Inner", "Startup Cost": 909883.45, "Total Cost": 1247063.61, "Plan Rows": 51, "Plan Width": 64, "Inner Unique": true, "Hash Cond": "(mi_idx.info_type_id = it2.id)", "Plans": [{"Node Type": "Hash Join", "Parent Relationship": "Outer", "Join Type": "Inner", "Startup Cost": 909881.03, "Total Cost": 1247061.02, "Plan Rows": 34, "Plan Width": 68, "Inner Unique": false, "Hash Cond": "(mi.movie_id = t.id)", "Plans": [{"Node Type": "Hash Join", "Parent Relationship": "Outer", "Join Type": "Inner", "Startup Cost": 2.41, "Total Cost": 336382.21, "Plan Rows": 212428, "Plan Width": 46, "Inner Unique": true, "Hash Cond": "(mi.info_type_id = it1.id), (LLVM Optimized)", "Plans": [{"Node Type": "Seq Scan", "Parent Relationship": "Outer", "Relation Name": "movie_info", "Alias": "mi", "Startup Cost": 0.0, "Total Cost": 296987.66, "Plan Rows": 14869966, "Plan Width": 50}, {"Node Type": "Hash", "Parent Relationship": "Inner", "Startup Cost": 2.4, "Total Cost": 2.4, "Plan Rows": 1, "Plan Width": 4, "Plans": [{"Node Type": "Seq Scan", "Parent Relationship": "Outer", "Relation Name": "info_type", "Alias": "it1", "Startup Cost": 0.0, "Total Cost": 2.4, "Plan Rows": 1, "Plan Width": 4, "Filter": "((info)::text = 'budget'::text)"}]}]}, {"Node Type": "Hash", "Parent Relationship": "Inner", "Startup Cost": 909874.3, "Total Cost": 909874.3, "Plan Rows": 346, "Plan Width": 38, "Plans": [{"Node Type": "Hash Join", "Parent Relationship": "Outer", "Join Type": "Inner", "Startup Cost": 840320.56, "Total Cost": 909874.3, "Plan Rows": 346, "Plan Width": 38, "Inner Unique": false, "Hash Cond": "(t.id = mi_idx.movie_id)", "Plans": [{"Node Type": "Seq Scan", "Parent Relationship": "Outer", "Relation Name": "title", "Alias": "t", "Startup Cost": 0.0, "Total Cost": 60069.11, "Plan Rows": 2528311, "Plan Width": 21}, {"Node Type": "Hash", "Parent Relationship": "Inner", "Startup Cost": 840316.24, "Total Cost": 840316.24, "Plan Rows": 346, "Plan Width": 17, "Plans": [{"Node Type": "Hash Join", "Parent Relationship": "Outer", "Join Type": "Inner", "Startup Cost": 814862.25, "Total Cost": 840316.24, "Plan Rows": 346, "Plan Width": 17, "Inner Unique": false, "Hash Cond": "(mi_idx.movie_id = ci.movie_id)", "Plans": [{"Node Type": "Seq Scan", "Parent Relationship": "Outer", "Relation Name": "movie_info_idx", "Alias": "mi_idx", "Startup Cost": 0.0, "Total Cost": 20274.34, "Plan Rows": 1380034, "Plan Width": 13}, {"Node Type": "Hash", "Parent Relationship": "Inner", "Startup Cost": 814858.57, "Total Cost": 814858.57, "Plan Rows": 294, "Plan Width": 4, "Plans": [{"Node Type": "Hash Join", "Parent Relationship": "Outer", "Join Type": "Inner", "Startup Cost": 113911.51, "Total Cost": 814858.57, "Plan Rows": 294, "Plan Width": 4, "Inner Unique": true, "Hash Cond": "(ci.person_id = n.id)", "Plans": [{"Node Type": "Seq Scan", "Parent Relationship": "Outer", "Relation Name": "cast_info", "Alias": "ci", "Startup Cost": 0.0, "Total Cost": 692526.68, "Plan Rows": 2350421, "Plan Width": 8, "Filter": "((note)::text = ANY ('{(producer),\"(executive producer)\"}'::text[]))"}, {"Node Type": "Hash", "Parent Relationship": "Inner", "Startup Cost": 113909.35, "Total Cost": 113909.35, "Plan Rows": 173, "Plan Width": 4, "Plans": [{"Node Type": "Seq Scan", "Parent Relationship": "Outer", "Relation Name": "name", "Alias": "n", "Startup Cost": 0.0, "Total Cost": 113909.35, "Plan Rows": 173, "Plan Width": 4, "Filter": "(((name)::text ~~ '%Tim%'::text) AND ((gender)::text = 'm'::text))"}]}]}]}]}]}]}]}]}, {"Node Type": "Hash", "Parent Relationship": "Inner", "Startup Cost": 2.4, "Total Cost": 2.4, "Plan Rows": 1, "Plan Width": 4, "Plans": [{"Node Type": "Seq Scan", "Parent Relationship": "Outer", "Relation Name": "info_type", "Alias": "it2", "Startup Cost": 0.0, "Total Cost": 2.4, "Plan Rows": 1, "Plan Width": 4, "Filter": "((info)::text = 'votes'::text)"}]}]}]}, "Unique SQL Id": 4264520866, "Planner Runtime": 24}, "explain_analyze_plan": null}, "(1, '107')": {"explain_plan": {"Plan": {"Node Type": "Aggregate", "Strategy": "Plain", "Startup Cost": 7000228652362.25, "Total Cost": 7000228652362.26, "Plan Rows": 1, "Plan Width": 160, "Plans": [{"Node Type": "Hash Join", "Parent Relationship": "Outer", "Join Type": "Inner", "Startup Cost": 5020212312737.45, "Total Cost": 7000228652362.18, "Plan Rows": 9, "Plan Width": 64, "Inner Unique": true, "Hash Cond": "(mi.movie_id = t.id)", "Plans": [{"Node Type": "Hash Join", "Parent Relationship": "Outer", "Join Type": "Inner", "Startup Cost": 4020201269084.65, "Total Cost": 6000217608709.25, "Plan Rows": 9, "Plan Width": 59, "Inner Unique": false, "Hash Cond": "(mi.movie_id = mi_idx.movie_id)", "Plans": [{"Node Type": "Nested Loop", "Parent Relationship": "Outer", "Join Type": "Inner", "Startup Cost": 20000004894.57, "Total Cost": 2000016343720.19, "Plan Rows": 212428, "Plan Width": 46, "Inner Unique": false, "Plans": [{"Node Type": "Index Scan", "Parent Relationship": "Outer", "Scan Direction": "Forward", "Index Name": "info_type_pkey", "Relation Name": "info_type", "Alias": "it1", "Startup Cost": 10000000000.0, "Total Cost": 1000000001421.0, "Plan Rows": 1, "Plan Width": 4, "Filter": "((info)::text = 'budget'::text)"}, {"Node Type": "Bitmap Heap Scan", "Parent Relationship": "Inner", "Relation Name": "movie_info", "Alias": "mi", "Startup Cost": 10000004894.57, "Total Cost": 1000016340174.91, "Plan Rows": 212428, "Plan Width": 50, "Recheck Cond": "(info_type_id = it1.id), (LLVM Optimized)", "Plans": [{"Node Type": "Bitmap Index Scan", "Parent Relationship": "Outer", "Index Name": "info_type_id_movie_info", "Startup Cost": 0.0, "Total Cost": 4841.46, "Plan Rows": 212428, "Plan Width": 0, "Index Cond": "(info_type_id = it1.id)"}]}]}, {"Node Type": "Hash", "Parent Relationship": "Inner", "Startup Cost": 4000201264187.24, "Total Cost": 4000201264187.24, "Plan Rows": 228, "Plan Width": 13, "Plans": [{"Node Type": "Hash Join", "Parent Relationship": "Outer", "Join Type": "Inner", "Startup Cost": 2020199436654.7, "Total Cost": 4000201264187.24, "Plan Rows": 228, "Plan Width": 13, "Inner Unique": false, "Hash Cond": "(mi_idx.movie_id = ci.movie_id)", "Plans": [{"Node Type": "Nested Loop", "Parent Relationship": "Outer", "Join Type": "Inner", "Startup Cost": 20000007502.06, "Total Cost": 2000001833737.28, "Plan Rows": 345008, "Plan Width": 9, "Inner Unique": false, "Plans": [{"Node Type": "Index Scan", "Parent Relationship": "Outer", "Scan Direction": "Forward", "Index Name": "info_type_pkey", "Relation Name": "info_type", "Alias": "it2", "Startup Cost": 10000000000.0, "Total Cost": 1000000001421.0, "Plan Rows": 1, "Plan Width": 4, "Filter": "((info)::text = 'votes'::text)"}, {"Node Type": "Bitmap Heap Scan", "Parent Relationship": "Inner", "Relation Name": "movie_info_idx", "Alias": "mi_idx", "Startup Cost": 10000007502.06, "Total Cost": 1000001828866.2, "Plan Rows": 345008, "Plan Width": 13, "Recheck Cond": "(info_type_id = it2.id), (LLVM Optimized)", "Plans": [{"Node Type": "Bitmap Index Scan", "Parent Relationship": "Outer", "Index Name": "info_type_id_movie_info_idx", "Startup Cost": 0.0, "Total Cost": 7415.81, "Plan Rows": 345008, "Plan Width": 0, "Index Cond": "(info_type_id = it2.id)"}]}]}, {"Node Type": "Hash", "Parent Relationship": "Inner", "Startup Cost": 2000199429148.96, "Total Cost": 2000199429148.96, "Plan Rows": 294, "Plan Width": 4, "Plans": [{"Node Type": "Hash Join", "Parent Relationship": "Outer", "Join Type": "Inner", "Startup Cost": 1010019707021.87, "Total Cost": 2000199429148.96, "Plan Rows": 294, "Plan Width": 4, "Inner Unique": true, "Hash Cond": "(ci.person_id = n.id)", "Plans": [{"Node Type": "Index Scan", "Parent Relationship": "Outer", "Scan Direction": "Forward", "Index Name": "person_id_cast_info", "Relation Name": "cast_info", "Alias": "ci", "Startup Cost": 10000000000.0, "Total Cost": 1000179713706.71, "Plan Rows": 2350421, "Plan Width": 8, "Filter": "((note)::text = ANY ('{(producer),\"(executive producer)\"}'::text[]))"}, {"Node Type": "Hash", "Parent Relationship": "Inner", "Startup Cost": 1000019707019.7, "Total Cost": 1000019707019.7, "Plan Rows": 173, "Plan Width": 4, "Plans": [{"Node Type": "Index Scan", "Parent Relationship": "Outer", "Scan Direction": "Forward", "Index Name": "name_pkey", "Relation Name": "name", "Alias": "n", "Startup Cost": 10000000000.0, "Total Cost": 1000019707019.7, "Plan Rows": 173, "Plan Width": 4, "Filter": "(((name)::text ~~ '%Tim%'::text) AND ((gender)::text = 'm'::text))"}]}]}]}]}]}]}, {"Node Type": "Hash", "Parent Relationship": "Inner", "Startup Cost": 1000011012048.91, "Total Cost": 1000011012048.91, "Plan Rows": 2528311, "Plan Width": 21, "Plans": [{"Node Type": "Index Scan", "Parent Relationship": "Outer", "Scan Direction": "Forward", "Index Name": "title_pkey", "Relation Name": "title", "Alias": "t", "Startup Cost": 10000000000.0, "Total Cost": 1000011012048.91, "Plan Rows": 2528311, "Plan Width": 21}]}]}]}, "Unique SQL Id": 4264520866, "Planner Runtime": 27}, "explain_analyze_plan": null}, "(1, '108')": {"explain_plan": {"Plan": {"Node Type": "Aggregate", "Strategy": "Plain", "Startup Cost": 121667.37, "Total Cost": 121667.38, "Plan Rows": 1, "Plan Width": 160, "Plans": [{"Node Type": "Nested Loop", "Parent Relationship": "Outer", "Join Type": "Inner", "Startup Cost": 0.0, "Total Cost": 121667.3, "Plan Rows": 9, "Plan Width": 64, "Inner Unique": true, "Plans": [{"Node Type": "Nested Loop", "Parent Relationship": "Outer", "Join Type": "Inner", "Startup Cost": 0.0, "Total Cost": 121664.68, "Plan Rows": 9, "Plan Width": 59, "Inner Unique": true, "Plans": [{"Node Type": "Nested Loop", "Parent Relationship": "Outer", "Join Type": "Inner", "Startup Cost": 0.0, "Total Cost": 121585.86, "Plan Rows": 279, "Plan Width": 63, "Inner Unique": false, "Join Filter": "(mi_idx.movie_id = mi.movie_id)", "Plans": [{"Node Type": "Nested Loop", "Parent Relationship": "Outer", "Join Type": "Inner", "Startup Cost": 0.0, "Total Cost": 121546.26, "Plan Rows": 52, "Plan Width": 13, "Inner Unique": true, "Plans": [{"Node Type": "Nested Loop", "Parent Relationship": "Outer", "Join Type": "Inner", "Startup Cost": 0.0, "Total Cost": 121448.51, "Plan Rows": 346, "Plan Width": 17, "Inner Unique": false, "Plans": [{"Node Type": "Nested Loop", "Parent Relationship": "Outer", "Join Type": "Inner", "Startup Cost": 0.0, "Total Cost": 121351.72, "Plan Rows": 294, "Plan Width": 4, "Inner Unique": false, "Plans": [{"Node Type": "Seq Scan", "Parent Relationship": "Outer", "Relation Name": "name", "Alias": "n", "Startup Cost": 0.0, "Total Cost": 113909.35, "Plan Rows": 173, "Plan Width": 4, "Filter": "(((name)::text ~~ '%Tim%'::text) AND ((gender)::text = 'm'::text))"}, {"Node Type": "Index Scan", "Parent Relationship": "Inner", "Scan Direction": "Forward", "Index Name": "person_id_cast_info", "Relation Name": "cast_info", "Alias": "ci", "Startup Cost": 0.0, "Total Cost": 43.0, "Plan Rows": 2, "Plan Width": 8, "Index Cond": "(person_id = n.id)", "Filter": "((note)::text = ANY ('{(producer),\"(executive producer)\"}'::text[]))"}]}, {"Node Type": "Index Scan", "Parent Relationship": "Inner", "Scan Direction": "Forward", "Index Name": "movie_id_movie_info_idx", "Relation Name": "movie_info_idx", "Alias": "mi_idx", "Startup Cost": 0.0, "Total Cost": 0.31, "Plan Rows": 2, "Plan Width": 13, "Index Cond": "(movie_id = ci.movie_id)"}]}, {"Node Type": "Index Scan", "Parent Relationship": "Inner", "Scan Direction": "Forward", "Index Name": "info_type_pkey", "Relation Name": "info_type", "Alias": "it2", "Startup Cost": 0.0, "Total Cost": 0.27, "Plan Rows": 1, "Plan Width": 4, "Index Cond": "(id = mi_idx.info_type_id)", "Filter": "((info)::text = 'votes'::text)"}]}, {"Node Type": "Index Scan", "Parent Relationship": "Inner", "Scan Direction": "Forward", "Index Name": "movie_id_movie_info", "Relation Name": "movie_info", "Alias": "mi", "Startup Cost": 0.0, "Total Cost": 0.7, "Plan Rows": 5, "Plan Width": 50, "Index Cond": "(movie_id = ci.movie_id)"}]}, {"Node Type": "Index Scan", "Parent Relationship": "Inner", "Scan Direction": "Forward", "Index Name": "info_type_pkey", "Relation Name": "info_type", "Alias": "it1", "Startup Cost": 0.0, "Total Cost": 0.27, "Plan Rows": 1, "Plan Width": 4, "Index Cond": "(id = mi.info_type_id)", "Filter": "((info)::text = 'budget'::text)"}]}, {"Node Type": "Index Scan", "Parent Relationship": "Inner", "Scan Direction": "Forward", "Index Name": "title_pkey", "Relation Name": "title", "Alias": "t", "Startup Cost": 0.0, "Total Cost": 0.28, "Plan Rows": 1, "Plan Width": 21, "Index Cond": "(id = mi.movie_id)"}]}]}, "Unique SQL Id": 4264520866, "Planner Runtime": 12}, "explain_analyze_plan": {"Plan": {"Node Type": "Aggregate", "Strategy": "Plain", "Startup Cost": 121667.37, "Total Cost": 121667.38, "Plan Rows": 1, "Plan Width": 160, "Actual Startup Time": 2159.725, "Actual Total Time": 2159.726, "Actual Rows": 1, "Actual Loops": 1, "Plans": [{"Node Type": "Nested Loop", "Parent Relationship": "Outer", "Join Type": "Inner", "Startup Cost": 0.0, "Total Cost": 121667.3, "Plan Rows": 9, "Plan Width": 64, "Actual Startup Time": 0.943, "Actual Total Time": 2158.776, "Actual Rows": 410, "Actual Loops": 1, "Inner Unique": true, "Plans": [{"Node Type": "Nested Loop", "Parent Relationship": "Outer", "Join Type": "Inner", "Startup Cost": 0.0, "Total Cost": 121664.68, "Plan Rows": 9, "Plan Width": 59, "Actual Startup Time": 0.927, "Actual Total Time": 2154.584, "Actual Rows": 410, "Actual Loops": 1, "Inner Unique": true, "Plans": [{"Node Type": "Nested Loop", "Parent Relationship": "Outer", "Join Type": "Inner", "Startup Cost": 0.0, "Total Cost": 121585.86, "Plan Rows": 279, "Plan Width": 63, "Actual Startup Time": 0.85, "Actual Total Time": 1973.382, "Actual Rows": 82408, "Actual Loops": 1, "Inner Unique": false, "Join Filter": "(mi_idx.movie_id = mi.movie_id)", "Rows Removed by Join Filter": 0, "Plans": [{"Node Type": "Nested Loop", "Parent Relationship": "Outer", "Join Type": "Inner", "Startup Cost": 0.0, "Total Cost": 121546.26, "Plan Rows": 52, "Plan Width": 13, "Actual Startup Time": 0.827, "Actual Total Time": 1837.603, "Actual Rows": 3435, "Actual Loops": 1, "Inner Unique": true, "Plans": [{"Node Type": "Nested Loop", "Parent Relationship": "Outer", "Join Type": "Inner", "Startup Cost": 0.0, "Total Cost": 121448.51, "Plan Rows": 346, "Plan Width": 17, "Actual Startup Time": 0.814, "Actual Total Time": 1811.529, "Actual Rows": 10310, "Actual Loops": 1, "Inner Unique": false, "Plans": [{"Node Type": "Nested Loop", "Parent Relationship": "Outer", "Join Type": "Inner", "Startup Cost": 0.0, "Total Cost": 121351.72, "Plan Rows": 294, "Plan Width": 4, "Actual Startup Time": 0.8, "Actual Total Time": 1773.742, "Actual Rows": 6719, "Actual Loops": 1, "Inner Unique": false, "Plans": [{"Node Type": "Seq Scan", "Parent Relationship": "Outer", "Relation Name": "name", "Alias": "n", "Startup Cost": 0.0, "Total Cost": 113909.35, "Plan Rows": 173, "Plan Width": 4, "Actual Startup Time": 0.241, "Actual Total Time": 1640.813, "Actual Rows": 9062, "Actual Loops": 1, "Filter": "(((name)::text ~~ '%Tim%'::text) AND ((gender)::text = 'm'::text))", "Rows Removed by Filter": 4158428}, {"Node Type": "Index Scan", "Parent Relationship": "Inner", "Scan Direction": "Forward", "Index Name": "person_id_cast_info", "Relation Name": "cast_info", "Alias": "ci", "Startup Cost": 0.0, "Total Cost": 43.0, "Plan Rows": 2, "Plan Width": 8, "Actual Startup Time": 107.031, "Actual Total Time": 125.932, "Actual Rows": 6719, "Actual Loops": 9062, "Index Cond": "(person_id = n.id)", "Rows Removed by Index Recheck": 0, "Filter": "((note)::text = ANY ('{(producer),\"(executive producer)\"}'::text[]))", "Rows Removed by Filter": 89309}]}, {"Node Type": "Index Scan", "Parent Relationship": "Inner", "Scan Direction": "Forward", "Index Name": "movie_id_movie_info_idx", "Relation Name": "movie_info_idx", "Alias": "mi_idx", "Startup Cost": 0.0, "Total Cost": 0.31, "Plan Rows": 2, "Plan Width": 13, "Actual Startup Time": 27.443, "Actual Total Time": 31.525, "Actual Rows": 10310, "Actual Loops": 6719, "Index Cond": "(movie_id = ci.movie_id)", "Rows Removed by Index Recheck": 0}]}, {"Node Type": "Index Scan", "Parent Relationship": "Inner", "Scan Direction": "Forward", "Index Name": "info_type_pkey", "Relation Name": "info_type", "Alias": "it2", "Startup Cost": 0.0, "Total Cost": 0.27, "Plan Rows": 1, "Plan Width": 4, "Actual Startup Time": 19.796, "Actual Total Time": 19.796, "Actual Rows": 3435, "Actual Loops": 10310, "Index Cond": "(id = mi_idx.info_type_id)", "Rows Removed by Index Recheck": 0, "Filter": "((info)::text = 'votes'::text)", "Rows Removed by Filter": 6875}]}, {"Node Type": "Index Scan", "Parent Relationship": "Inner", "Scan Direction": "Forward", "Index Name": "movie_id_movie_info", "Relation Name": "movie_info", "Alias": "mi", "Startup Cost": 0.0, "Total Cost": 0.7, "Plan Rows": 5, "Plan Width": 50, "Actual Startup Time": 25.336, "Actual Total Time": 102.942, "Actual Rows": 82408, "Actual Loops": 3435, "Index Cond": "(movie_id = ci.movie_id)", "Rows Removed by Index Recheck": 0}]}, {"Node Type": "Index Scan", "Parent Relationship": "Inner", "Scan Direction": "Forward", "Index Name": "info_type_pkey", "Relation Name": "info_type", "Alias": "it1", "Startup Cost": 0.0, "Total Cost": 0.27, "Plan Rows": 1, "Plan Width": 4, "Actual Startup Time": 143.306, "Actual Total Time": 143.306, "Actual Rows": 410, "Actual Loops": 82408, "Index Cond": "(id = mi.info_type_id)", "Rows Removed by Index Recheck": 0, "Filter": "((info)::text = 'budget'::text)", "Rows Removed by Filter": 79844}]}, {"Node Type": "Index Scan", "Parent Relationship": "Inner", "Scan Direction": "Forward", "Index Name": "title_pkey", "Relation Name": "title", "Alias": "t", "Startup Cost": 0.0, "Total Cost": 0.28, "Plan Rows": 1, "Plan Width": 21, "Actual Startup Time": 3.525, "Actual Total Time": 3.525, "Actual Rows": 410, "Actual Loops": 410, "Index Cond": "(id = mi.movie_id)", "Rows Removed by Index Recheck": 0}]}]}, "Triggers": [], "Planner Runtime": 12.215, "Total Runtime": 2160.054, "Unique SQL Id": 4264520866}}, "(1, '109')": {"explain_plan": {"Plan": {"Node Type": "Aggregate", "Strategy": "Plain", "Startup Cost": 204828.22, "Total Cost": 204828.23, "Plan Rows": 1, "Plan Width": 160, "Plans": [{"Node Type": "Nested Loop", "Parent Relationship": "Outer", "Join Type": "Inner", "Startup Cost": 0.0, "Total Cost": 204828.15, "Plan Rows": 9, "Plan Width": 64, "Inner Unique": true, "Plans": [{"Node Type": "Nested Loop", "Parent Relationship": "Outer", "Join Type": "Inner", "Startup Cost": 0.0, "Total Cost": 204825.52, "Plan Rows": 9, "Plan Width": 59, "Inner Unique": true, "Plans": [{"Node Type": "Nested Loop", "Parent Relationship": "Outer", "Join Type": "Inner", "Startup Cost": 0.0, "Total Cost": 204746.71, "Plan Rows": 279, "Plan Width": 63, "Inner Unique": false, "Join Filter": "(mi_idx.movie_id = mi.movie_id)", "Plans": [{"Node Type": "Nested Loop", "Parent Relationship": "Outer", "Join Type": "Inner", "Startup Cost": 0.0, "Total Cost": 204707.1, "Plan Rows": 52, "Plan Width": 13, "Inner Unique": true, "Plans": [{"Node Type": "Nested Loop", "Parent Relationship": "Outer", "Join Type": "Inner", "Startup Cost": 0.0, "Total Cost": 204609.36, "Plan Rows": 346, "Plan Width": 17, "Inner Unique": false, "Plans": [{"Node Type": "Nested Loop", "Parent Relationship": "Outer", "Join Type": "Inner", "Startup Cost": 0.0, "Total Cost": 204512.56, "Plan Rows": 294, "Plan Width": 4, "Inner Unique": false, "Plans": [{"Node Type": "Index Scan", "Parent Relationship": "Outer", "Scan Direction": "Forward", "Index Name": "name_pkey", "Relation Name": "name", "Alias": "n", "Startup Cost": 0.0, "Total Cost": 197070.2, "Plan Rows": 173, "Plan Width": 4, "Filter": "(((name)::text ~~ '%Tim%'::text) AND ((gender)::text = 'm'::text))"}, {"Node Type": "Index Scan", "Parent Relationship": "Inner", "Scan Direction": "Forward", "Index Name": "person_id_cast_info", "Relation Name": "cast_info", "Alias": "ci", "Startup Cost": 0.0, "Total Cost": 43.0, "Plan Rows": 2, "Plan Width": 8, "Index Cond": "(person_id = n.id)", "Filter": "((note)::text = ANY ('{(producer),\"(executive producer)\"}'::text[]))"}]}, {"Node Type": "Index Scan", "Parent Relationship": "Inner", "Scan Direction": "Forward", "Index Name": "movie_id_movie_info_idx", "Relation Name": "movie_info_idx", "Alias": "mi_idx", "Startup Cost": 0.0, "Total Cost": 0.31, "Plan Rows": 2, "Plan Width": 13, "Index Cond": "(movie_id = ci.movie_id)"}]}, {"Node Type": "Index Scan", "Parent Relationship": "Inner", "Scan Direction": "Forward", "Index Name": "info_type_pkey", "Relation Name": "info_type", "Alias": "it2", "Startup Cost": 0.0, "Total Cost": 0.27, "Plan Rows": 1, "Plan Width": 4, "Index Cond": "(id = mi_idx.info_type_id)", "Filter": "((info)::text = 'votes'::text)"}]}, {"Node Type": "Index Scan", "Parent Relationship": "Inner", "Scan Direction": "Forward", "Index Name": "movie_id_movie_info", "Relation Name": "movie_info", "Alias": "mi", "Startup Cost": 0.0, "Total Cost": 0.7, "Plan Rows": 5, "Plan Width": 50, "Index Cond": "(movie_id = ci.movie_id)"}]}, {"Node Type": "Index Scan", "Parent Relationship": "Inner", "Scan Direction": "Forward", "Index Name": "info_type_pkey", "Relation Name": "info_type", "Alias": "it1", "Startup Cost": 0.0, "Total Cost": 0.27, "Plan Rows": 1, "Plan Width": 4, "Index Cond": "(id = mi.info_type_id)", "Filter": "((info)::text = 'budget'::text)"}]}, {"Node Type": "Index Scan", "Parent Relationship": "Inner", "Scan Direction": "Forward", "Index Name": "title_pkey", "Relation Name": "title", "Alias": "t", "Startup Cost": 0.0, "Total Cost": 0.28, "Plan Rows": 1, "Plan Width": 21, "Index Cond": "(id = mi.movie_id)"}]}]}, "Unique SQL Id": 4264520866, "Planner Runtime": 10}, "explain_analyze_plan": null}, "(1, '110')": {"explain_plan": {"Plan": {"Node Type": "Aggregate", "Strategy": "Plain", "Startup Cost": 1247064.0, "Total Cost": 1247064.01, "Plan Rows": 1, "Plan Width": 160, "Plans": [{"Node Type": "Hash Join", "Parent Relationship": "Outer", "Join Type": "Inner", "Startup Cost": 909883.45, "Total Cost": 1247063.61, "Plan Rows": 51, "Plan Width": 64, "Inner Unique": true, "Hash Cond": "(mi_idx.info_type_id = it2.id)", "Plans": [{"Node Type": "Hash Join", "Parent Relationship": "Outer", "Join Type": "Inner", "Startup Cost": 909881.03, "Total Cost": 1247061.02, "Plan Rows": 34, "Plan Width": 68, "Inner Unique": false, "Hash Cond": "(mi.movie_id = t.id)", "Plans": [{"Node Type": "Hash Join", "Parent Relationship": "Outer", "Join Type": "Inner", "Startup Cost": 2.41, "Total Cost": 336382.21, "Plan Rows": 212428, "Plan Width": 46, "Inner Unique": true, "Hash Cond": "(mi.info_type_id = it1.id), (LLVM Optimized)", "Plans": [{"Node Type": "Seq Scan", "Parent Relationship": "Outer", "Relation Name": "movie_info", "Alias": "mi", "Startup Cost": 0.0, "Total Cost": 296987.66, "Plan Rows": 14869966, "Plan Width": 50}, {"Node Type": "Hash", "Parent Relationship": "Inner", "Startup Cost": 2.4, "Total Cost": 2.4, "Plan Rows": 1, "Plan Width": 4, "Plans": [{"Node Type": "Seq Scan", "Parent Relationship": "Outer", "Relation Name": "info_type", "Alias": "it1", "Startup Cost": 0.0, "Total Cost": 2.4, "Plan Rows": 1, "Plan Width": 4, "Filter": "((info)::text = 'budget'::text)"}]}]}, {"Node Type": "Hash", "Parent Relationship": "Inner", "Startup Cost": 909874.3, "Total Cost": 909874.3, "Plan Rows": 346, "Plan Width": 38, "Plans": [{"Node Type": "Hash Join", "Parent Relationship": "Outer", "Join Type": "Inner", "Startup Cost": 840320.56, "Total Cost": 909874.3, "Plan Rows": 346, "Plan Width": 38, "Inner Unique": false, "Hash Cond": "(t.id = mi_idx.movie_id)", "Plans": [{"Node Type": "Seq Scan", "Parent Relationship": "Outer", "Relation Name": "title", "Alias": "t", "Startup Cost": 0.0, "Total Cost": 60069.11, "Plan Rows": 2528311, "Plan Width": 21}, {"Node Type": "Hash", "Parent Relationship": "Inner", "Startup Cost": 840316.24, "Total Cost": 840316.24, "Plan Rows": 346, "Plan Width": 17, "Plans": [{"Node Type": "Hash Join", "Parent Relationship": "Outer", "Join Type": "Inner", "Startup Cost": 814862.25, "Total Cost": 840316.24, "Plan Rows": 346, "Plan Width": 17, "Inner Unique": false, "Hash Cond": "(mi_idx.movie_id = ci.movie_id)", "Plans": [{"Node Type": "Seq Scan", "Parent Relationship": "Outer", "Relation Name": "movie_info_idx", "Alias": "mi_idx", "Startup Cost": 0.0, "Total Cost": 20274.34, "Plan Rows": 1380034, "Plan Width": 13}, {"Node Type": "Hash", "Parent Relationship": "Inner", "Startup Cost": 814858.57, "Total Cost": 814858.57, "Plan Rows": 294, "Plan Width": 4, "Plans": [{"Node Type": "Hash Join", "Parent Relationship": "Outer", "Join Type": "Inner", "Startup Cost": 113911.51, "Total Cost": 814858.57, "Plan Rows": 294, "Plan Width": 4, "Inner Unique": true, "Hash Cond": "(ci.person_id = n.id)", "Plans": [{"Node Type": "Seq Scan", "Parent Relationship": "Outer", "Relation Name": "cast_info", "Alias": "ci", "Startup Cost": 0.0, "Total Cost": 692526.68, "Plan Rows": 2350421, "Plan Width": 8, "Filter": "((note)::text = ANY ('{(producer),\"(executive producer)\"}'::text[]))"}, {"Node Type": "Hash", "Parent Relationship": "Inner", "Startup Cost": 113909.35, "Total Cost": 113909.35, "Plan Rows": 173, "Plan Width": 4, "Plans": [{"Node Type": "Seq Scan", "Parent Relationship": "Outer", "Relation Name": "name", "Alias": "n", "Startup Cost": 0.0, "Total Cost": 113909.35, "Plan Rows": 173, "Plan Width": 4, "Filter": "(((name)::text ~~ '%Tim%'::text) AND ((gender)::text = 'm'::text))"}]}]}]}]}]}]}]}]}, {"Node Type": "Hash", "Parent Relationship": "Inner", "Startup Cost": 2.4, "Total Cost": 2.4, "Plan Rows": 1, "Plan Width": 4, "Plans": [{"Node Type": "Seq Scan", "Parent Relationship": "Outer", "Relation Name": "info_type", "Alias": "it2", "Startup Cost": 0.0, "Total Cost": 2.4, "Plan Rows": 1, "Plan Width": 4, "Filter": "((info)::text = 'votes'::text)"}]}]}]}, "Unique SQL Id": 4264520866, "Planner Runtime": 25}, "explain_analyze_plan": null}, "(1, '111')": {"explain_plan": {"Plan": {"Node Type": "Aggregate", "Strategy": "Plain", "Startup Cost": 7000228652362.25, "Total Cost": 7000228652362.26, "Plan Rows": 1, "Plan Width": 160, "Plans": [{"Node Type": "Hash Join", "Parent Relationship": "Outer", "Join Type": "Inner", "Startup Cost": 5020212312737.45, "Total Cost": 7000228652362.18, "Plan Rows": 9, "Plan Width": 64, "Inner Unique": true, "Hash Cond": "(mi.movie_id = t.id)", "Plans": [{"Node Type": "Hash Join", "Parent Relationship": "Outer", "Join Type": "Inner", "Startup Cost": 4020201269084.65, "Total Cost": 6000217608709.25, "Plan Rows": 9, "Plan Width": 59, "Inner Unique": false, "Hash Cond": "(mi.movie_id = mi_idx.movie_id)", "Plans": [{"Node Type": "Nested Loop", "Parent Relationship": "Outer", "Join Type": "Inner", "Startup Cost": 20000004894.57, "Total Cost": 2000016343720.19, "Plan Rows": 212428, "Plan Width": 46, "Inner Unique": false, "Plans": [{"Node Type": "Index Scan", "Parent Relationship": "Outer", "Scan Direction": "Forward", "Index Name": "info_type_pkey", "Relation Name": "info_type", "Alias": "it1", "Startup Cost": 10000000000.0, "Total Cost": 1000000001421.0, "Plan Rows": 1, "Plan Width": 4, "Filter": "((info)::text = 'budget'::text)"}, {"Node Type": "Bitmap Heap Scan", "Parent Relationship": "Inner", "Relation Name": "movie_info", "Alias": "mi", "Startup Cost": 10000004894.57, "Total Cost": 1000016340174.91, "Plan Rows": 212428, "Plan Width": 50, "Recheck Cond": "(info_type_id = it1.id), (LLVM Optimized)", "Plans": [{"Node Type": "Bitmap Index Scan", "Parent Relationship": "Outer", "Index Name": "info_type_id_movie_info", "Startup Cost": 0.0, "Total Cost": 4841.46, "Plan Rows": 212428, "Plan Width": 0, "Index Cond": "(info_type_id = it1.id)"}]}]}, {"Node Type": "Hash", "Parent Relationship": "Inner", "Startup Cost": 4000201264187.24, "Total Cost": 4000201264187.24, "Plan Rows": 228, "Plan Width": 13, "Plans": [{"Node Type": "Hash Join", "Parent Relationship": "Outer", "Join Type": "Inner", "Startup Cost": 2020199436654.7, "Total Cost": 4000201264187.24, "Plan Rows": 228, "Plan Width": 13, "Inner Unique": false, "Hash Cond": "(mi_idx.movie_id = ci.movie_id)", "Plans": [{"Node Type": "Nested Loop", "Parent Relationship": "Outer", "Join Type": "Inner", "Startup Cost": 20000007502.06, "Total Cost": 2000001833737.28, "Plan Rows": 345008, "Plan Width": 9, "Inner Unique": false, "Plans": [{"Node Type": "Index Scan", "Parent Relationship": "Outer", "Scan Direction": "Forward", "Index Name": "info_type_pkey", "Relation Name": "info_type", "Alias": "it2", "Startup Cost": 10000000000.0, "Total Cost": 1000000001421.0, "Plan Rows": 1, "Plan Width": 4, "Filter": "((info)::text = 'votes'::text)"}, {"Node Type": "Bitmap Heap Scan", "Parent Relationship": "Inner", "Relation Name": "movie_info_idx", "Alias": "mi_idx", "Startup Cost": 10000007502.06, "Total Cost": 1000001828866.2, "Plan Rows": 345008, "Plan Width": 13, "Recheck Cond": "(info_type_id = it2.id), (LLVM Optimized)", "Plans": [{"Node Type": "Bitmap Index Scan", "Parent Relationship": "Outer", "Index Name": "info_type_id_movie_info_idx", "Startup Cost": 0.0, "Total Cost": 7415.81, "Plan Rows": 345008, "Plan Width": 0, "Index Cond": "(info_type_id = it2.id)"}]}]}, {"Node Type": "Hash", "Parent Relationship": "Inner", "Startup Cost": 2000199429148.96, "Total Cost": 2000199429148.96, "Plan Rows": 294, "Plan Width": 4, "Plans": [{"Node Type": "Hash Join", "Parent Relationship": "Outer", "Join Type": "Inner", "Startup Cost": 1010019707021.87, "Total Cost": 2000199429148.96, "Plan Rows": 294, "Plan Width": 4, "Inner Unique": true, "Hash Cond": "(ci.person_id = n.id)", "Plans": [{"Node Type": "Index Scan", "Parent Relationship": "Outer", "Scan Direction": "Forward", "Index Name": "person_id_cast_info", "Relation Name": "cast_info", "Alias": "ci", "Startup Cost": 10000000000.0, "Total Cost": 1000179713706.71, "Plan Rows": 2350421, "Plan Width": 8, "Filter": "((note)::text = ANY ('{(producer),\"(executive producer)\"}'::text[]))"}, {"Node Type": "Hash", "Parent Relationship": "Inner", "Startup Cost": 1000019707019.7, "Total Cost": 1000019707019.7, "Plan Rows": 173, "Plan Width": 4, "Plans": [{"Node Type": "Index Scan", "Parent Relationship": "Outer", "Scan Direction": "Forward", "Index Name": "name_pkey", "Relation Name": "name", "Alias": "n", "Startup Cost": 10000000000.0, "Total Cost": 1000019707019.7, "Plan Rows": 173, "Plan Width": 4, "Filter": "(((name)::text ~~ '%Tim%'::text) AND ((gender)::text = 'm'::text))"}]}]}]}]}]}]}, {"Node Type": "Hash", "Parent Relationship": "Inner", "Startup Cost": 1000011012048.91, "Total Cost": 1000011012048.91, "Plan Rows": 2528311, "Plan Width": 21, "Plans": [{"Node Type": "Index Scan", "Parent Relationship": "Outer", "Scan Direction": "Forward", "Index Name": "title_pkey", "Relation Name": "title", "Alias": "t", "Startup Cost": 10000000000.0, "Total Cost": 1000011012048.91, "Plan Rows": 2528311, "Plan Width": 21}]}]}]}, "Unique SQL Id": 4264520866, "Planner Runtime": 27}, "explain_analyze_plan": null}, "(1, '112')": {"explain_plan": {"Plan": {"Node Type": "Aggregate", "Strategy": "Plain", "Startup Cost": 121503.41, "Total Cost": 121503.42, "Plan Rows": 1, "Plan Width": 160, "Plans": [{"Node Type": "Nested Loop", "Parent Relationship": "Outer", "Join Type": "Inner", "Startup Cost": 0.0, "Total Cost": 121503.35, "Plan Rows": 8, "Plan Width": 64, "Inner Unique": true, "Plans": [{"Node Type": "Nested Loop", "Parent Relationship": "Outer", "Join Type": "Inner", "Startup Cost": 0.0, "Total Cost": 121500.72, "Plan Rows": 9, "Plan Width": 59, "Inner Unique": false, "Join Filter": "(mi.info_type_id = it1.id)", "Plans": [{"Node Type": "Seq Scan", "Parent Relationship": "Outer", "Relation Name": "info_type", "Alias": "it1", "Startup Cost": 0.0, "Total Cost": 2.4, "Plan Rows": 1, "Plan Width": 4, "Filter": "((info)::text = 'budget'::text)"}, {"Node Type": "Nested Loop", "Parent Relationship": "Inner", "Join Type": "Inner", "Startup Cost": 0.0, "Total Cost": 121494.84, "Plan Rows": 279, "Plan Width": 63, "Inner Unique": false, "Join Filter": "(mi_idx.movie_id = mi.movie_id)", "Plans": [{"Node Type": "Nested Loop", "Parent Relationship": "Outer", "Join Type": "Inner", "Startup Cost": 0.0, "Total Cost": 121455.23, "Plan Rows": 52, "Plan Width": 13, "Inner Unique": false, "Join Filter": "(mi_idx.info_type_id = it2.id)", "Plans": [{"Node Type": "Seq Scan", "Parent Relationship": "Outer", "Relation Name": "info_type", "Alias": "it2", "Startup Cost": 0.0, "Total Cost": 2.4, "Plan Rows": 1, "Plan Width": 4, "Filter": "((info)::text = 'votes'::text)"}, {"Node Type": "Nested Loop", "Parent Relationship": "Inner", "Join Type": "Inner", "Startup Cost": 0.0, "Total Cost": 121448.51, "Plan Rows": 346, "Plan Width": 17, "Inner Unique": false, "Plans": [{"Node Type": "Nested Loop", "Parent Relationship": "Outer", "Join Type": "Inner", "Startup Cost": 0.0, "Total Cost": 121351.72, "Plan Rows": 294, "Plan Width": 4, "Inner Unique": false, "Plans": [{"Node Type": "Seq Scan", "Parent Relationship": "Outer", "Relation Name": "name", "Alias": "n", "Startup Cost": 0.0, "Total Cost": 113909.35, "Plan Rows": 173, "Plan Width": 4, "Filter": "(((name)::text ~~ '%Tim%'::text) AND ((gender)::text = 'm'::text))"}, {"Node Type": "Index Scan", "Parent Relationship": "Inner", "Scan Direction": "Forward", "Index Name": "person_id_cast_info", "Relation Name": "cast_info", "Alias": "ci", "Startup Cost": 0.0, "Total Cost": 43.0, "Plan Rows": 2, "Plan Width": 8, "Index Cond": "(person_id = n.id)", "Filter": "((note)::text = ANY ('{(producer),\"(executive producer)\"}'::text[]))"}]}, {"Node Type": "Index Scan", "Parent Relationship": "Inner", "Scan Direction": "Forward", "Index Name": "movie_id_movie_info_idx", "Relation Name": "movie_info_idx", "Alias": "mi_idx", "Startup Cost": 0.0, "Total Cost": 0.31, "Plan Rows": 2, "Plan Width": 13, "Index Cond": "(movie_id = ci.movie_id)"}]}]}, {"Node Type": "Index Scan", "Parent Relationship": "Inner", "Scan Direction": "Forward", "Index Name": "movie_id_movie_info", "Relation Name": "movie_info", "Alias": "mi", "Startup Cost": 0.0, "Total Cost": 0.7, "Plan Rows": 5, "Plan Width": 50, "Index Cond": "(movie_id = ci.movie_id)"}]}]}, {"Node Type": "Index Scan", "Parent Relationship": "Inner", "Scan Direction": "Forward", "Index Name": "title_pkey", "Relation Name": "title", "Alias": "t", "Startup Cost": 0.0, "Total Cost": 0.28, "Plan Rows": 1, "Plan Width": 21, "Index Cond": "(id = mi.movie_id)"}]}]}, "Unique SQL Id": 4264520866, "Planner Runtime": 5}, "explain_analyze_plan": {"Plan": {"Node Type": "Aggregate", "Strategy": "Plain", "Startup Cost": 121503.41, "Total Cost": 121503.42, "Plan Rows": 1, "Plan Width": 160, "Actual Startup Time": 1959.471, "Actual Total Time": 1959.472, "Actual Rows": 1, "Actual Loops": 1, "Plans": [{"Node Type": "Nested Loop", "Parent Relationship": "Outer", "Join Type": "Inner", "Startup Cost": 0.0, "Total Cost": 121503.35, "Plan Rows": 8, "Plan Width": 64, "Actual Startup Time": 0.993, "Actual Total Time": 1958.563, "Actual Rows": 410, "Actual Loops": 1, "Inner Unique": true, "Plans": [{"Node Type": "Nested Loop", "Parent Relationship": "Outer", "Join Type": "Inner", "Startup Cost": 0.0, "Total Cost": 121500.72, "Plan Rows": 9, "Plan Width": 59, "Actual Startup Time": 0.978, "Actual Total Time": 1954.798, "Actual Rows": 410, "Actual Loops": 1, "Inner Unique": false, "Join Filter": "(mi.info_type_id = it1.id)", "Rows Removed by Join Filter": 81998, "Plans": [{"Node Type": "Seq Scan", "Parent Relationship": "Outer", "Relation Name": "info_type", "Alias": "it1", "Startup Cost": 0.0, "Total Cost": 2.4, "Plan Rows": 1, "Plan Width": 4, "Actual Startup Time": 0.061, "Actual Total Time": 0.07, "Actual Rows": 1, "Actual Loops": 1, "Filter": "((info)::text = 'budget'::text)", "Rows Removed by Filter": 111}, {"Node Type": "Nested Loop", "Parent Relationship": "Inner", "Join Type": "Inner", "Startup Cost": 0.0, "Total Cost": 121494.84, "Plan Rows": 279, "Plan Width": 63, "Actual Startup Time": 0.882, "Actual Total Time": 1938.81, "Actual Rows": 82408, "Actual Loops": 1, "Inner Unique": false, "Join Filter": "(mi_idx.movie_id = mi.movie_id)", "Rows Removed by Join Filter": 0, "Plans": [{"Node Type": "Nested Loop", "Parent Relationship": "Outer", "Join Type": "Inner", "Startup Cost": 0.0, "Total Cost": 121455.23, "Plan Rows": 52, "Plan Width": 13, "Actual Startup Time": 0.866, "Actual Total Time": 1825.186, "Actual Rows": 3435, "Actual Loops": 1, "Inner Unique": false, "Join Filter": "(mi_idx.info_type_id = it2.id)", "Rows Removed by Join Filter": 6875, "Plans": [{"Node Type": "Seq Scan", "Parent Relationship": "Outer", "Relation Name": "info_type", "Alias": "it2", "Startup Cost": 0.0, "Total Cost": 2.4, "Plan Rows": 1, "Plan Width": 4, "Actual Startup Time": 0.041, "Actual Total Time": 0.053, "Actual Rows": 1, "Actual Loops": 1, "Filter": "((info)::text = 'votes'::text)", "Rows Removed by Filter": 111}, {"Node Type": "Nested Loop", "Parent Relationship": "Inner", "Join Type": "Inner", "Startup Cost": 0.0, "Total Cost": 121448.51, "Plan Rows": 346, "Plan Width": 17, "Actual Startup Time": 0.819, "Actual Total Time": 1822.36, "Actual Rows": 10310, "Actual Loops": 1, "Inner Unique": false, "Plans": [{"Node Type": "Nested Loop", "Parent Relationship": "Outer", "Join Type": "Inner", "Startup Cost": 0.0, "Total Cost": 121351.72, "Plan Rows": 294, "Plan Width": 4, "Actual Startup Time": 0.804, "Actual Total Time": 1787.161, "Actual Rows": 6719, "Actual Loops": 1, "Inner Unique": false, "Plans": [{"Node Type": "Seq Scan", "Parent Relationship": "Outer", "Relation Name": "name", "Alias": "n", "Startup Cost": 0.0, "Total Cost": 113909.35, "Plan Rows": 173, "Plan Width": 4, "Actual Startup Time": 0.234, "Actual Total Time": 1655.099, "Actual Rows": 9062, "Actual Loops": 1, "Filter": "(((name)::text ~~ '%Tim%'::text) AND ((gender)::text = 'm'::text))", "Rows Removed by Filter": 4158428}, {"Node Type": "Index Scan", "Parent Relationship": "Inner", "Scan Direction": "Forward", "Index Name": "person_id_cast_info", "Relation Name": "cast_info", "Alias": "ci", "Startup Cost": 0.0, "Total Cost": 43.0, "Plan Rows": 2, "Plan Width": 8, "Actual Startup Time": 106.12, "Actual Total Time": 124.962, "Actual Rows": 6719, "Actual Loops": 9062, "Index Cond": "(person_id = n.id)", "Rows Removed by Index Recheck": 0, "Filter": "((note)::text = ANY ('{(producer),\"(executive producer)\"}'::text[]))", "Rows Removed by Filter": 89309}]}, {"Node Type": "Index Scan", "Parent Relationship": "Inner", "Scan Direction": "Forward", "Index Name": "movie_id_movie_info_idx", "Relation Name": "movie_info_idx", "Alias": "mi_idx", "Startup Cost": 0.0, "Total Cost": 0.31, "Plan Rows": 2, "Plan Width": 13, "Actual Startup Time": 25.285, "Actual Total Time": 29.273, "Actual Rows": 10310, "Actual Loops": 6719, "Index Cond": "(movie_id = ci.movie_id)", "Rows Removed by Index Recheck": 0}]}]}, {"Node Type": "Index Scan", "Parent Relationship": "Inner", "Scan Direction": "Forward", "Index Name": "movie_id_movie_info", "Relation Name": "movie_info", "Alias": "mi", "Startup Cost": 0.0, "Total Cost": 0.7, "Plan Rows": 5, "Plan Width": 50, "Actual Startup Time": 21.854, "Actual Total Time": 84.199, "Actual Rows": 82408, "Actual Loops": 3435, "Index Cond": "(movie_id = ci.movie_id)", "Rows Removed by Index Recheck": 0}]}]}, {"Node Type": "Index Scan", "Parent Relationship": "Inner", "Scan Direction": "Forward", "Index Name": "title_pkey", "Relation Name": "title", "Alias": "t", "Startup Cost": 0.0, "Total Cost": 0.28, "Plan Rows": 1, "Plan Width": 21, "Actual Startup Time": 3.207, "Actual Total Time": 3.207, "Actual Rows": 410, "Actual Loops": 410, "Index Cond": "(id = mi.movie_id)", "Rows Removed by Index Recheck": 0}]}]}, "Triggers": [], "Planner Runtime": 5.082, "Total Runtime": 1959.729, "Unique SQL Id": 4264520866}}, "(1, '113')": {"explain_plan": {"Plan": {"Node Type": "Aggregate", "Strategy": "Plain", "Startup Cost": 204687.88, "Total Cost": 204687.89, "Plan Rows": 1, "Plan Width": 160, "Plans": [{"Node Type": "Nested Loop", "Parent Relationship": "Outer", "Join Type": "Inner", "Startup Cost": 0.0, "Total Cost": 204687.82, "Plan Rows": 8, "Plan Width": 64, "Inner Unique": true, "Plans": [{"Node Type": "Nested Loop", "Parent Relationship": "Outer", "Join Type": "Inner", "Startup Cost": 0.0, "Total Cost": 204685.19, "Plan Rows": 9, "Plan Width": 59, "Inner Unique": false, "Join Filter": "(mi.info_type_id = it1.id)", "Plans": [{"Node Type": "Index Scan", "Parent Relationship": "Outer", "Scan Direction": "Forward", "Index Name": "info_type_pkey", "Relation Name": "info_type", "Alias": "it1", "Startup Cost": 0.0, "Total Cost": 14.21, "Plan Rows": 1, "Plan Width": 4, "Filter": "((info)::text = 'budget'::text)"}, {"Node Type": "Nested Loop", "Parent Relationship": "Inner", "Join Type": "Inner", "Startup Cost": 0.0, "Total Cost": 204667.49, "Plan Rows": 279, "Plan Width": 63, "Inner Unique": false, "Join Filter": "(mi_idx.movie_id = mi.movie_id)", "Plans": [{"Node Type": "Nested Loop", "Parent Relationship": "Outer", "Join Type": "Inner", "Startup Cost": 0.0, "Total Cost": 204627.89, "Plan Rows": 52, "Plan Width": 13, "Inner Unique": false, "Join Filter": "(mi_idx.info_type_id = it2.id)", "Plans": [{"Node Type": "Index Scan", "Parent Relationship": "Outer", "Scan Direction": "Forward", "Index Name": "info_type_pkey", "Relation Name": "info_type", "Alias": "it2", "Startup Cost": 0.0, "Total Cost": 14.21, "Plan Rows": 1, "Plan Width": 4, "Filter": "((info)::text = 'votes'::text)"}, {"Node Type": "Nested Loop", "Parent Relationship": "Inner", "Join Type": "Inner", "Startup Cost": 0.0, "Total Cost": 204609.36, "Plan Rows": 346, "Plan Width": 17, "Inner Unique": false, "Plans": [{"Node Type": "Nested Loop", "Parent Relationship": "Outer", "Join Type": "Inner", "Startup Cost": 0.0, "Total Cost": 204512.56, "Plan Rows": 294, "Plan Width": 4, "Inner Unique": false, "Plans": [{"Node Type": "Index Scan", "Parent Relationship": "Outer", "Scan Direction": "Forward", "Index Name": "name_pkey", "Relation Name": "name", "Alias": "n", "Startup Cost": 0.0, "Total Cost": 197070.2, "Plan Rows": 173, "Plan Width": 4, "Filter": "(((name)::text ~~ '%Tim%'::text) AND ((gender)::text = 'm'::text))"}, {"Node Type": "Index Scan", "Parent Relationship": "Inner", "Scan Direction": "Forward", "Index Name": "person_id_cast_info", "Relation Name": "cast_info", "Alias": "ci", "Startup Cost": 0.0, "Total Cost": 43.0, "Plan Rows": 2, "Plan Width": 8, "Index Cond": "(person_id = n.id)", "Filter": "((note)::text = ANY ('{(producer),\"(executive producer)\"}'::text[]))"}]}, {"Node Type": "Index Scan", "Parent Relationship": "Inner", "Scan Direction": "Forward", "Index Name": "movie_id_movie_info_idx", "Relation Name": "movie_info_idx", "Alias": "mi_idx", "Startup Cost": 0.0, "Total Cost": 0.31, "Plan Rows": 2, "Plan Width": 13, "Index Cond": "(movie_id = ci.movie_id)"}]}]}, {"Node Type": "Index Scan", "Parent Relationship": "Inner", "Scan Direction": "Forward", "Index Name": "movie_id_movie_info", "Relation Name": "movie_info", "Alias": "mi", "Startup Cost": 0.0, "Total Cost": 0.7, "Plan Rows": 5, "Plan Width": 50, "Index Cond": "(movie_id = ci.movie_id)"}]}]}, {"Node Type": "Index Scan", "Parent Relationship": "Inner", "Scan Direction": "Forward", "Index Name": "title_pkey", "Relation Name": "title", "Alias": "t", "Startup Cost": 0.0, "Total Cost": 0.28, "Plan Rows": 1, "Plan Width": 21, "Index Cond": "(id = mi.movie_id)"}]}]}, "Unique SQL Id": 4264520866, "Planner Runtime": 4}, "explain_analyze_plan": null}, "(1, '114')": {"explain_plan": {"Plan": {"Node Type": "Aggregate", "Strategy": "Plain", "Startup Cost": 128573.79, "Total Cost": 128573.8, "Plan Rows": 1, "Plan Width": 160, "Plans": [{"Node Type": "Nested Loop", "Parent Relationship": "Outer", "Join Type": "Inner", "Startup Cost": 5.3, "Total Cost": 128573.73, "Plan Rows": 8, "Plan Width": 64, "Inner Unique": true, "Plans": [{"Node Type": "Nested Loop", "Parent Relationship": "Outer", "Join Type": "Inner", "Startup Cost": 5.04, "Total Cost": 128535.18, "Plan Rows": 9, "Plan Width": 59, "Inner Unique": false, "Join Filter": "(mi_idx.info_type_id = it2.id)", "Plans": [{"Node Type": "Seq Scan", "Parent Relationship": "Outer", "Relation Name": "info_type", "Alias": "it2", "Startup Cost": 0.0, "Total Cost": 2.4, "Plan Rows": 1, "Plan Width": 4, "Filter": "((info)::text = 'votes'::text)"}, {"Node Type": "Nested Loop", "Parent Relationship": "Inner", "Join Type": "Inner", "Startup Cost": 5.04, "Total Cost": 128532.36, "Plan Rows": 34, "Plan Width": 63, "Inner Unique": false, "Plans": [{"Node Type": "Nested Loop", "Parent Relationship": "Outer", "Join Type": "Inner", "Startup Cost": 4.77, "Total Cost": 128437.5, "Plan Rows": 22, "Plan Width": 50, "Inner Unique": false, "Join Filter": "(mi.info_type_id = it1.id)", "Plans": [{"Node Type": "Seq Scan", "Parent Relationship": "Outer", "Relation Name": "info_type", "Alias": "it1", "Startup Cost": 0.0, "Total Cost": 2.4, "Plan Rows": 1, "Plan Width": 4, "Filter": "((info)::text = 'budget'::text)"}, {"Node Type": "Nested Loop", "Parent Relationship": "Inner", "Join Type": "Inner", "Startup Cost": 4.77, "Total Cost": 128415.58, "Plan Rows": 1561, "Plan Width": 54, "Inner Unique": false, "Plans": [{"Node Type": "Nested Loop", "Parent Relationship": "Outer", "Join Type": "Inner", "Startup Cost": 4.39, "Total Cost": 127093.19, "Plan Rows": 294, "Plan Width": 4, "Inner Unique": false, "Plans": [{"Node Type": "Seq Scan", "Parent Relationship": "Outer", "Relation Name": "name", "Alias": "n", "Startup Cost": 0.0, "Total Cost": 113909.35, "Plan Rows": 173, "Plan Width": 4, "Filter": "(((name)::text ~~ '%Tim%'::text) AND ((gender)::text = 'm'::text))"}, {"Node Type": "Bitmap Heap Scan", "Parent Relationship": "Inner", "Relation Name": "cast_info", "Alias": "ci", "Startup Cost": 4.39, "Total Cost": 76.19, "Plan Rows": 2, "Plan Width": 8, "Recheck Cond": "(person_id = n.id)", "Filter": "((note)::text = ANY ('{(producer),\"(executive producer)\"}'::text[]))", "Plans": [{"Node Type": "Bitmap Index Scan", "Parent Relationship": "Outer", "Index Name": "person_id_cast_info", "Startup Cost": 0.0, "Total Cost": 4.38, "Plan Rows": 18, "Plan Width": 0, "Index Cond": "(person_id = n.id)"}]}]}, {"Node Type": "Bitmap Heap Scan", "Parent Relationship": "Inner", "Relation Name": "movie_info", "Alias": "mi", "Startup Cost": 0.39, "Total Cost": 4.45, "Plan Rows": 5, "Plan Width": 50, "Recheck Cond": "(movie_id = ci.movie_id)", "Plans": [{"Node Type": "Bitmap Index Scan", "Parent Relationship": "Outer", "Index Name": "movie_id_movie_info", "Startup Cost": 0.0, "Total Cost": 0.38, "Plan Rows": 5, "Plan Width": 0, "Index Cond": "(movie_id = ci.movie_id)"}]}]}]}, {"Node Type": "Bitmap Heap Scan", "Parent Relationship": "Inner", "Relation Name": "movie_info_idx", "Alias": "mi_idx", "Startup Cost": 0.27, "Total Cost": 4.29, "Plan Rows": 2, "Plan Width": 13, "Recheck Cond": "(movie_id = mi.movie_id)", "Plans": [{"Node Type": "Bitmap Index Scan", "Parent Relationship": "Outer", "Index Name": "movie_id_movie_info_idx", "Startup Cost": 0.0, "Total Cost": 0.27, "Plan Rows": 2, "Plan Width": 0, "Index Cond": "(movie_id = mi.movie_id)"}]}]}]}, {"Node Type": "Bitmap Heap Scan", "Parent Relationship": "Inner", "Relation Name": "title", "Alias": "t", "Startup Cost": 0.26, "Total Cost": 4.27, "Plan Rows": 1, "Plan Width": 21, "Recheck Cond": "(id = mi.movie_id)", "Plans": [{"Node Type": "Bitmap Index Scan", "Parent Relationship": "Outer", "Index Name": "title_pkey", "Startup Cost": 0.0, "Total Cost": 0.26, "Plan Rows": 1, "Plan Width": 0, "Index Cond": "(id = mi.movie_id)"}]}]}]}, "Unique SQL Id": 4264520866, "Planner Runtime": 6}, "explain_analyze_plan": {"Plan": {"Node Type": "Aggregate", "Strategy": "Plain", "Startup Cost": 128573.79, "Total Cost": 128573.8, "Plan Rows": 1, "Plan Width": 160, "Actual Startup Time": 2015.409, "Actual Total Time": 2015.41, "Actual Rows": 1, "Actual Loops": 1, "Plans": [{"Node Type": "Nested Loop", "Parent Relationship": "Outer", "Join Type": "Inner", "Startup Cost": 5.3, "Total Cost": 128573.73, "Plan Rows": 8, "Plan Width": 64, "Actual Startup Time": 1.038, "Actual Total Time": 2014.274, "Actual Rows": 410, "Actual Loops": 1, "Inner Unique": true, "Plans": [{"Node Type": "Nested Loop", "Parent Relationship": "Outer", "Join Type": "Inner", "Startup Cost": 5.04, "Total Cost": 128535.18, "Plan Rows": 9, "Plan Width": 59, "Actual Startup Time": 1.022, "Actual Total Time": 2009.1, "Actual Rows": 410, "Actual Loops": 1, "Inner Unique": false, "Join Filter": "(mi_idx.info_type_id = it2.id)", "Rows Removed by Join Filter": 825, "Plans": [{"Node Type": "Seq Scan", "Parent Relationship": "Outer", "Relation Name": "info_type", "Alias": "it2", "Startup Cost": 0.0, "Total Cost": 2.4, "Plan Rows": 1, "Plan Width": 4, "Actual Startup Time": 0.057, "Actual Total Time": 0.071, "Actual Rows": 1, "Actual Loops": 1, "Filter": "((info)::text = 'votes'::text)", "Rows Removed by Filter": 111}, {"Node Type": "Nested Loop", "Parent Relationship": "Inner", "Join Type": "Inner", "Startup Cost": 5.04, "Total Cost": 128532.36, "Plan Rows": 34, "Plan Width": 63, "Actual Startup Time": 0.959, "Actual Total Time": 2008.457, "Actual Rows": 1235, "Actual Loops": 1, "Inner Unique": false, "Plans": [{"Node Type": "Nested Loop", "Parent Relationship": "Outer", "Join Type": "Inner", "Startup Cost": 4.77, "Total Cost": 128437.5, "Plan Rows": 22, "Plan Width": 50, "Actual Startup Time": 0.941, "Actual Total Time": 2000.338, "Actual Rows": 699, "Actual Loops": 1, "Inner Unique": false, "Join Filter": "(mi.info_type_id = it1.id)", "Rows Removed by Join Filter": 95197, "Plans": [{"Node Type": "Seq Scan", "Parent Relationship": "Outer", "Relation Name": "info_type", "Alias": "it1", "Startup Cost": 0.0, "Total Cost": 2.4, "Plan Rows": 1, "Plan Width": 4, "Actual Startup Time": 0.049, "Actual Total Time": 0.065, "Actual Rows": 1, "Actual Loops": 1, "Filter": "((info)::text = 'budget'::text)", "Rows Removed by Filter": 111}, {"Node Type": "Nested Loop", "Parent Relationship": "Inner", "Join Type": "Inner", "Startup Cost": 4.77, "Total Cost": 128415.58, "Plan Rows": 1561, "Plan Width": 54, "Actual Startup Time": 0.861, "Actual Total Time": 1980.512, "Actual Rows": 95896, "Actual Loops": 1, "Inner Unique": false, "Plans": [{"Node Type": "Nested Loop", "Parent Relationship": "Outer", "Join Type": "Inner", "Startup Cost": 4.39, "Total Cost": 127093.19, "Plan Rows": 294, "Plan Width": 4, "Actual Startup Time": 0.831, "Actual Total Time": 1796.331, "Actual Rows": 6719, "Actual Loops": 1, "Inner Unique": false, "Plans": [{"Node Type": "Seq Scan", "Parent Relationship": "Outer", "Relation Name": "name", "Alias": "n", "Startup Cost": 0.0, "Total Cost": 113909.35, "Plan Rows": 173, "Plan Width": 4, "Actual Startup Time": 0.238, "Actual Total Time": 1644.054, "Actual Rows": 9062, "Actual Loops": 1, "Filter": "(((name)::text ~~ '%Tim%'::text) AND ((gender)::text = 'm'::text))", "Rows Removed by Filter": 4158428}, {"Node Type": "Bitmap Heap Scan", "Parent Relationship": "Inner", "Relation Name": "cast_info", "Alias": "ci", "Startup Cost": 4.39, "Total Cost": 76.19, "Plan Rows": 2, "Plan Width": 8, "Actual Startup Time": 123.594, "Actual Total Time": 139.024, "Actual Rows": 6719, "Actual Loops": 9062, "Recheck Cond": "(person_id = n.id)", "Rows Removed by Index Recheck": 0, "Filter": "((note)::text = ANY ('{(producer),\"(executive producer)\"}'::text[]))", "Rows Removed by Filter": 89309, "Exact Heap Blocks": 13336, "Lossy Heap Blocks": 13336, "Plans": [{"Node Type": "Bitmap Index Scan", "Parent Relationship": "Outer", "Index Name": "person_id_cast_info", "Startup Cost": 0.0, "Total Cost": 4.38, "Plan Rows": 18, "Plan Width": 0, "Actual Startup Time": 56.856, "Actual Total Time": 56.856, "Actual Rows": 96028, "Actual Loops": 9062, "Index Cond": "(person_id = n.id)"}]}]}, {"Node Type": "Bitmap Heap Scan", "Parent Relationship": "Inner", "Relation Name": "movie_info", "Alias": "mi", "Startup Cost": 0.39, "Total Cost": 4.45, "Plan Rows": 5, "Plan Width": 50, "Actual Startup Time": 66.31, "Actual Total Time": 155.322, "Actual Rows": 95896, "Actual Loops": 6719, "Recheck Cond": "(movie_id = ci.movie_id)", "Rows Removed by Index Recheck": 0, "Exact Heap Blocks": 40013, "Lossy Heap Blocks": 40013, "Plans": [{"Node Type": "Bitmap Index Scan", "Parent Relationship": "Outer", "Index Name": "movie_id_movie_info", "Startup Cost": 0.0, "Total Cost": 0.38, "Plan Rows": 5, "Plan Width": 0, "Actual Startup Time": 45.696, "Actual Total Time": 45.696, "Actual Rows": 95896, "Actual Loops": 6719, "Index Cond": "(movie_id = ci.movie_id)"}]}]}]}, {"Node Type": "Bitmap Heap Scan", "Parent Relationship": "Inner", "Relation Name": "movie_info_idx", "Alias": "mi_idx", "Startup Cost": 0.27, "Total Cost": 4.29, "Plan Rows": 2, "Plan Width": 13, "Actual Startup Time": 6.328, "Actual Total Time": 6.515, "Actual Rows": 1235, "Actual Loops": 699, "Recheck Cond": "(movie_id = mi.movie_id)", "Rows Removed by Index Recheck": 0, "Exact Heap Blocks": 419, "Lossy Heap Blocks": 419, "Plans": [{"Node Type": "Bitmap Index Scan", "Parent Relationship": "Outer", "Index Name": "movie_id_movie_info_idx", "Startup Cost": 0.0, "Total Cost": 0.27, "Plan Rows": 2, "Plan Width": 0, "Actual Startup Time": 4.478, "Actual Total Time": 4.478, "Actual Rows": 1235, "Actual Loops": 699, "Index Cond": "(movie_id = mi.movie_id)"}]}]}]}, {"Node Type": "Bitmap Heap Scan", "Parent Relationship": "Inner", "Relation Name": "title", "Alias": "t", "Startup Cost": 0.26, "Total Cost": 4.27, "Plan Rows": 1, "Plan Width": 21, "Actual Startup Time": 4.224, "Actual Total Time": 4.224, "Actual Rows": 410, "Actual Loops": 410, "Recheck Cond": "(id = mi.movie_id)", "Rows Removed by Index Recheck": 0, "Exact Heap Blocks": 410, "Lossy Heap Blocks": 410, "Plans": [{"Node Type": "Bitmap Index Scan", "Parent Relationship": "Outer", "Index Name": "title_pkey", "Startup Cost": 0.0, "Total Cost": 0.26, "Plan Rows": 1, "Plan Width": 0, "Actual Startup Time": 2.74, "Actual Total Time": 2.74, "Actual Rows": 410, "Actual Loops": 410, "Index Cond": "(id = mi.movie_id)"}]}]}]}, "Triggers": [], "Planner Runtime": 6.064, "Total Runtime": 2015.794, "Unique SQL Id": 4264520866}}, "(1, '115')": {"explain_plan": {"Plan": {"Node Type": "Aggregate", "Strategy": "Plain", "Startup Cost": 1000014018806.1, "Total Cost": 1000014018806.11, "Plan Rows": 1, "Plan Width": 160, "Plans": [{"Node Type": "Nested Loop", "Parent Relationship": "Outer", "Join Type": "Inner", "Startup Cost": 10000000002.15, "Total Cost": 1000014018806.04, "Plan Rows": 8, "Plan Width": 64, "Inner Unique": true, "Plans": [{"Node Type": "Nested Loop", "Parent Relationship": "Outer", "Join Type": "Inner", "Startup Cost": 10000000001.89, "Total Cost": 1000014018767.49, "Plan Rows": 9, "Plan Width": 59, "Inner Unique": true, "Plans": [{"Node Type": "Nested Loop", "Parent Relationship": "Outer", "Join Type": "Inner", "Startup Cost": 10000000001.63, "Total Cost": 1000014017572.6, "Plan Rows": 279, "Plan Width": 63, "Inner Unique": false, "Join Filter": "(mi_idx.movie_id = mi.movie_id)", "Plans": [{"Node Type": "Nested Loop", "Parent Relationship": "Outer", "Join Type": "Inner", "Startup Cost": 10000000001.24, "Total Cost": 1000014017338.06, "Plan Rows": 52, "Plan Width": 13, "Inner Unique": true, "Plans": [{"Node Type": "Nested Loop", "Parent Relationship": "Outer", "Join Type": "Inner", "Startup Cost": 10000000000.96, "Total Cost": 1000012216357.19, "Plan Rows": 417690, "Plan Width": 17, "Inner Unique": false, "Plans": [{"Node Type": "Nested Loop", "Parent Relationship": "Outer", "Join Type": "Inner", "Startup Cost": 10000000000.26, "Total Cost": 1000010560383.98, "Plan Rows": 345008, "Plan Width": 9, "Inner Unique": true, "Plans": [{"Node Type": "Index Scan", "Parent Relationship": "Outer", "Scan Direction": "Forward", "Index Name": "movie_id_movie_info_idx", "Relation Name": "movie_info_idx", "Alias": "mi_idx", "Startup Cost": 10000000000.0, "Total Cost": 1000004650035.37, "Plan Rows": 1380034, "Plan Width": 13}, {"Node Type": "Bitmap Heap Scan", "Parent Relationship": "Inner", "Relation Name": "info_type", "Alias": "it2", "Startup Cost": 0.26, "Total Cost": 4.27, "Plan Rows": 1, "Plan Width": 4, "Recheck Cond": "(id = mi_idx.info_type_id)", "Filter": "((info)::text = 'votes'::text)", "Plans": [{"Node Type": "Bitmap Index Scan", "Parent Relationship": "Outer", "Index Name": "info_type_pkey", "Startup Cost": 0.0, "Total Cost": 0.26, "Plan Rows": 1, "Plan Width": 0, "Index Cond": "(id = mi_idx.info_type_id)"}]}]}, {"Node Type": "Bitmap Heap Scan", "Parent Relationship": "Inner", "Relation Name": "cast_info", "Alias": "ci", "Startup Cost": 0.7, "Total Cost": 4.79, "Plan Rows": 1, "Plan Width": 8, "Recheck Cond": "(movie_id = mi_idx.movie_id)", "Filter": "((note)::text = ANY ('{(producer),\"(executive producer)\"}'::text[]))", "Plans": [{"Node Type": "Bitmap Index Scan", "Parent Relationship": "Outer", "Index Name": "movie_id_cast_info", "Startup Cost": 0.0, "Total Cost": 0.7, "Plan Rows": 6, "Plan Width": 0, "Index Cond": "(movie_id = mi_idx.movie_id)"}]}]}, {"Node Type": "Bitmap Heap Scan", "Parent Relationship": "Inner", "Relation Name": "name", "Alias": "n", "Startup Cost": 0.28, "Total Cost": 4.3, "Plan Rows": 1, "Plan Width": 4, "Recheck Cond": "(id = ci.person_id)", "Filter": "(((name)::text ~~ '%Tim%'::text) AND ((gender)::text = 'm'::text))", "Plans": [{"Node Type": "Bitmap Index Scan", "Parent Relationship": "Outer", "Index Name": "name_pkey", "Startup Cost": 0.0, "Total Cost": 0.28, "Plan Rows": 1, "Plan Width": 0, "Index Cond": "(id = ci.person_id)"}]}]}, {"Node Type": "Bitmap Heap Scan", "Parent Relationship": "Inner", "Relation Name": "movie_info", "Alias": "mi", "Startup Cost": 0.39, "Total Cost": 4.45, "Plan Rows": 5, "Plan Width": 50, "Recheck Cond": "(movie_id = ci.movie_id)", "Plans": [{"Node Type": "Bitmap Index Scan", "Parent Relationship": "Outer", "Index Name": "movie_id_movie_info", "Startup Cost": 0.0, "Total Cost": 0.38, "Plan Rows": 5, "Plan Width": 0, "Index Cond": "(movie_id = ci.movie_id)"}]}]}, {"Node Type": "Bitmap Heap Scan", "Parent Relationship": "Inner", "Relation Name": "info_type", "Alias": "it1", "Startup Cost": 0.26, "Total Cost": 4.27, "Plan Rows": 1, "Plan Width": 4, "Recheck Cond": "(id = mi.info_type_id)", "Filter": "((info)::text = 'budget'::text)", "Plans": [{"Node Type": "Bitmap Index Scan", "Parent Relationship": "Outer", "Index Name": "info_type_pkey", "Startup Cost": 0.0, "Total Cost": 0.26, "Plan Rows": 1, "Plan Width": 0, "Index Cond": "(id = mi.info_type_id)"}]}]}, {"Node Type": "Bitmap Heap Scan", "Parent Relationship": "Inner", "Relation Name": "title", "Alias": "t", "Startup Cost": 0.26, "Total Cost": 4.27, "Plan Rows": 1, "Plan Width": 21, "Recheck Cond": "(id = mi.movie_id)", "Plans": [{"Node Type": "Bitmap Index Scan", "Parent Relationship": "Outer", "Index Name": "title_pkey", "Startup Cost": 0.0, "Total Cost": 0.26, "Plan Rows": 1, "Plan Width": 0, "Index Cond": "(id = mi.movie_id)"}]}]}]}, "Unique SQL Id": 4264520866, "Planner Runtime": 4}, "explain_analyze_plan": null}, "(1, '116')": {"explain_plan": {"Plan": {"Node Type": "Aggregate", "Strategy": "Plain", "Startup Cost": 121503.41, "Total Cost": 121503.42, "Plan Rows": 1, "Plan Width": 160, "Plans": [{"Node Type": "Nested Loop", "Parent Relationship": "Outer", "Join Type": "Inner", "Startup Cost": 0.0, "Total Cost": 121503.35, "Plan Rows": 8, "Plan Width": 64, "Inner Unique": true, "Plans": [{"Node Type": "Nested Loop", "Parent Relationship": "Outer", "Join Type": "Inner", "Startup Cost": 0.0, "Total Cost": 121500.72, "Plan Rows": 9, "Plan Width": 59, "Inner Unique": false, "Join Filter": "(mi.info_type_id = it1.id)", "Plans": [{"Node Type": "Seq Scan", "Parent Relationship": "Outer", "Relation Name": "info_type", "Alias": "it1", "Startup Cost": 0.0, "Total Cost": 2.4, "Plan Rows": 1, "Plan Width": 4, "Filter": "((info)::text = 'budget'::text)"}, {"Node Type": "Nested Loop", "Parent Relationship": "Inner", "Join Type": "Inner", "Startup Cost": 0.0, "Total Cost": 121494.84, "Plan Rows": 279, "Plan Width": 63, "Inner Unique": false, "Join Filter": "(mi_idx.movie_id = mi.movie_id)", "Plans": [{"Node Type": "Nested Loop", "Parent Relationship": "Outer", "Join Type": "Inner", "Startup Cost": 0.0, "Total Cost": 121455.23, "Plan Rows": 52, "Plan Width": 13, "Inner Unique": false, "Join Filter": "(mi_idx.info_type_id = it2.id)", "Plans": [{"Node Type": "Seq Scan", "Parent Relationship": "Outer", "Relation Name": "info_type", "Alias": "it2", "Startup Cost": 0.0, "Total Cost": 2.4, "Plan Rows": 1, "Plan Width": 4, "Filter": "((info)::text = 'votes'::text)"}, {"Node Type": "Nested Loop", "Parent Relationship": "Inner", "Join Type": "Inner", "Startup Cost": 0.0, "Total Cost": 121448.51, "Plan Rows": 346, "Plan Width": 17, "Inner Unique": false, "Plans": [{"Node Type": "Nested Loop", "Parent Relationship": "Outer", "Join Type": "Inner", "Startup Cost": 0.0, "Total Cost": 121351.72, "Plan Rows": 294, "Plan Width": 4, "Inner Unique": false, "Plans": [{"Node Type": "Seq Scan", "Parent Relationship": "Outer", "Relation Name": "name", "Alias": "n", "Startup Cost": 0.0, "Total Cost": 113909.35, "Plan Rows": 173, "Plan Width": 4, "Filter": "(((name)::text ~~ '%Tim%'::text) AND ((gender)::text = 'm'::text))"}, {"Node Type": "Index Scan", "Parent Relationship": "Inner", "Scan Direction": "Forward", "Index Name": "person_id_cast_info", "Relation Name": "cast_info", "Alias": "ci", "Startup Cost": 0.0, "Total Cost": 43.0, "Plan Rows": 2, "Plan Width": 8, "Index Cond": "(person_id = n.id)", "Filter": "((note)::text = ANY ('{(producer),\"(executive producer)\"}'::text[]))"}]}, {"Node Type": "Index Scan", "Parent Relationship": "Inner", "Scan Direction": "Forward", "Index Name": "movie_id_movie_info_idx", "Relation Name": "movie_info_idx", "Alias": "mi_idx", "Startup Cost": 0.0, "Total Cost": 0.31, "Plan Rows": 2, "Plan Width": 13, "Index Cond": "(movie_id = ci.movie_id)"}]}]}, {"Node Type": "Index Scan", "Parent Relationship": "Inner", "Scan Direction": "Forward", "Index Name": "movie_id_movie_info", "Relation Name": "movie_info", "Alias": "mi", "Startup Cost": 0.0, "Total Cost": 0.7, "Plan Rows": 5, "Plan Width": 50, "Index Cond": "(movie_id = ci.movie_id)"}]}]}, {"Node Type": "Index Scan", "Parent Relationship": "Inner", "Scan Direction": "Forward", "Index Name": "title_pkey", "Relation Name": "title", "Alias": "t", "Startup Cost": 0.0, "Total Cost": 0.28, "Plan Rows": 1, "Plan Width": 21, "Index Cond": "(id = mi.movie_id)"}]}]}, "Unique SQL Id": 4264520866, "Planner Runtime": 5}, "explain_analyze_plan": {"Plan": {"Node Type": "Aggregate", "Strategy": "Plain", "Startup Cost": 121503.41, "Total Cost": 121503.42, "Plan Rows": 1, "Plan Width": 160, "Actual Startup Time": 1959.471, "Actual Total Time": 1959.472, "Actual Rows": 1, "Actual Loops": 1, "Plans": [{"Node Type": "Nested Loop", "Parent Relationship": "Outer", "Join Type": "Inner", "Startup Cost": 0.0, "Total Cost": 121503.35, "Plan Rows": 8, "Plan Width": 64, "Actual Startup Time": 0.993, "Actual Total Time": 1958.563, "Actual Rows": 410, "Actual Loops": 1, "Inner Unique": true, "Plans": [{"Node Type": "Nested Loop", "Parent Relationship": "Outer", "Join Type": "Inner", "Startup Cost": 0.0, "Total Cost": 121500.72, "Plan Rows": 9, "Plan Width": 59, "Actual Startup Time": 0.978, "Actual Total Time": 1954.798, "Actual Rows": 410, "Actual Loops": 1, "Inner Unique": false, "Join Filter": "(mi.info_type_id = it1.id)", "Rows Removed by Join Filter": 81998, "Plans": [{"Node Type": "Seq Scan", "Parent Relationship": "Outer", "Relation Name": "info_type", "Alias": "it1", "Startup Cost": 0.0, "Total Cost": 2.4, "Plan Rows": 1, "Plan Width": 4, "Actual Startup Time": 0.061, "Actual Total Time": 0.07, "Actual Rows": 1, "Actual Loops": 1, "Filter": "((info)::text = 'budget'::text)", "Rows Removed by Filter": 111}, {"Node Type": "Nested Loop", "Parent Relationship": "Inner", "Join Type": "Inner", "Startup Cost": 0.0, "Total Cost": 121494.84, "Plan Rows": 279, "Plan Width": 63, "Actual Startup Time": 0.882, "Actual Total Time": 1938.81, "Actual Rows": 82408, "Actual Loops": 1, "Inner Unique": false, "Join Filter": "(mi_idx.movie_id = mi.movie_id)", "Rows Removed by Join Filter": 0, "Plans": [{"Node Type": "Nested Loop", "Parent Relationship": "Outer", "Join Type": "Inner", "Startup Cost": 0.0, "Total Cost": 121455.23, "Plan Rows": 52, "Plan Width": 13, "Actual Startup Time": 0.866, "Actual Total Time": 1825.186, "Actual Rows": 3435, "Actual Loops": 1, "Inner Unique": false, "Join Filter": "(mi_idx.info_type_id = it2.id)", "Rows Removed by Join Filter": 6875, "Plans": [{"Node Type": "Seq Scan", "Parent Relationship": "Outer", "Relation Name": "info_type", "Alias": "it2", "Startup Cost": 0.0, "Total Cost": 2.4, "Plan Rows": 1, "Plan Width": 4, "Actual Startup Time": 0.041, "Actual Total Time": 0.053, "Actual Rows": 1, "Actual Loops": 1, "Filter": "((info)::text = 'votes'::text)", "Rows Removed by Filter": 111}, {"Node Type": "Nested Loop", "Parent Relationship": "Inner", "Join Type": "Inner", "Startup Cost": 0.0, "Total Cost": 121448.51, "Plan Rows": 346, "Plan Width": 17, "Actual Startup Time": 0.819, "Actual Total Time": 1822.36, "Actual Rows": 10310, "Actual Loops": 1, "Inner Unique": false, "Plans": [{"Node Type": "Nested Loop", "Parent Relationship": "Outer", "Join Type": "Inner", "Startup Cost": 0.0, "Total Cost": 121351.72, "Plan Rows": 294, "Plan Width": 4, "Actual Startup Time": 0.804, "Actual Total Time": 1787.161, "Actual Rows": 6719, "Actual Loops": 1, "Inner Unique": false, "Plans": [{"Node Type": "Seq Scan", "Parent Relationship": "Outer", "Relation Name": "name", "Alias": "n", "Startup Cost": 0.0, "Total Cost": 113909.35, "Plan Rows": 173, "Plan Width": 4, "Actual Startup Time": 0.234, "Actual Total Time": 1655.099, "Actual Rows": 9062, "Actual Loops": 1, "Filter": "(((name)::text ~~ '%Tim%'::text) AND ((gender)::text = 'm'::text))", "Rows Removed by Filter": 4158428}, {"Node Type": "Index Scan", "Parent Relationship": "Inner", "Scan Direction": "Forward", "Index Name": "person_id_cast_info", "Relation Name": "cast_info", "Alias": "ci", "Startup Cost": 0.0, "Total Cost": 43.0, "Plan Rows": 2, "Plan Width": 8, "Actual Startup Time": 106.12, "Actual Total Time": 124.962, "Actual Rows": 6719, "Actual Loops": 9062, "Index Cond": "(person_id = n.id)", "Rows Removed by Index Recheck": 0, "Filter": "((note)::text = ANY ('{(producer),\"(executive producer)\"}'::text[]))", "Rows Removed by Filter": 89309}]}, {"Node Type": "Index Scan", "Parent Relationship": "Inner", "Scan Direction": "Forward", "Index Name": "movie_id_movie_info_idx", "Relation Name": "movie_info_idx", "Alias": "mi_idx", "Startup Cost": 0.0, "Total Cost": 0.31, "Plan Rows": 2, "Plan Width": 13, "Actual Startup Time": 25.285, "Actual Total Time": 29.273, "Actual Rows": 10310, "Actual Loops": 6719, "Index Cond": "(movie_id = ci.movie_id)", "Rows Removed by Index Recheck": 0}]}]}, {"Node Type": "Index Scan", "Parent Relationship": "Inner", "Scan Direction": "Forward", "Index Name": "movie_id_movie_info", "Relation Name": "movie_info", "Alias": "mi", "Startup Cost": 0.0, "Total Cost": 0.7, "Plan Rows": 5, "Plan Width": 50, "Actual Startup Time": 21.854, "Actual Total Time": 84.199, "Actual Rows": 82408, "Actual Loops": 3435, "Index Cond": "(movie_id = ci.movie_id)", "Rows Removed by Index Recheck": 0}]}]}, {"Node Type": "Index Scan", "Parent Relationship": "Inner", "Scan Direction": "Forward", "Index Name": "title_pkey", "Relation Name": "title", "Alias": "t", "Startup Cost": 0.0, "Total Cost": 0.28, "Plan Rows": 1, "Plan Width": 21, "Actual Startup Time": 3.207, "Actual Total Time": 3.207, "Actual Rows": 410, "Actual Loops": 410, "Index Cond": "(id = mi.movie_id)", "Rows Removed by Index Recheck": 0}]}]}, "Triggers": [], "Planner Runtime": 5.082, "Total Runtime": 1959.729, "Unique SQL Id": 4264520866}}, "(1, '117')": {"explain_plan": {"Plan": {"Node Type": "Aggregate", "Strategy": "Plain", "Startup Cost": 204687.88, "Total Cost": 204687.89, "Plan Rows": 1, "Plan Width": 160, "Plans": [{"Node Type": "Nested Loop", "Parent Relationship": "Outer", "Join Type": "Inner", "Startup Cost": 0.0, "Total Cost": 204687.82, "Plan Rows": 8, "Plan Width": 64, "Inner Unique": true, "Plans": [{"Node Type": "Nested Loop", "Parent Relationship": "Outer", "Join Type": "Inner", "Startup Cost": 0.0, "Total Cost": 204685.19, "Plan Rows": 9, "Plan Width": 59, "Inner Unique": false, "Join Filter": "(mi.info_type_id = it1.id)", "Plans": [{"Node Type": "Index Scan", "Parent Relationship": "Outer", "Scan Direction": "Forward", "Index Name": "info_type_pkey", "Relation Name": "info_type", "Alias": "it1", "Startup Cost": 0.0, "Total Cost": 14.21, "Plan Rows": 1, "Plan Width": 4, "Filter": "((info)::text = 'budget'::text)"}, {"Node Type": "Nested Loop", "Parent Relationship": "Inner", "Join Type": "Inner", "Startup Cost": 0.0, "Total Cost": 204667.49, "Plan Rows": 279, "Plan Width": 63, "Inner Unique": false, "Join Filter": "(mi_idx.movie_id = mi.movie_id)", "Plans": [{"Node Type": "Nested Loop", "Parent Relationship": "Outer", "Join Type": "Inner", "Startup Cost": 0.0, "Total Cost": 204627.89, "Plan Rows": 52, "Plan Width": 13, "Inner Unique": false, "Join Filter": "(mi_idx.info_type_id = it2.id)", "Plans": [{"Node Type": "Index Scan", "Parent Relationship": "Outer", "Scan Direction": "Forward", "Index Name": "info_type_pkey", "Relation Name": "info_type", "Alias": "it2", "Startup Cost": 0.0, "Total Cost": 14.21, "Plan Rows": 1, "Plan Width": 4, "Filter": "((info)::text = 'votes'::text)"}, {"Node Type": "Nested Loop", "Parent Relationship": "Inner", "Join Type": "Inner", "Startup Cost": 0.0, "Total Cost": 204609.36, "Plan Rows": 346, "Plan Width": 17, "Inner Unique": false, "Plans": [{"Node Type": "Nested Loop", "Parent Relationship": "Outer", "Join Type": "Inner", "Startup Cost": 0.0, "Total Cost": 204512.56, "Plan Rows": 294, "Plan Width": 4, "Inner Unique": false, "Plans": [{"Node Type": "Index Scan", "Parent Relationship": "Outer", "Scan Direction": "Forward", "Index Name": "name_pkey", "Relation Name": "name", "Alias": "n", "Startup Cost": 0.0, "Total Cost": 197070.2, "Plan Rows": 173, "Plan Width": 4, "Filter": "(((name)::text ~~ '%Tim%'::text) AND ((gender)::text = 'm'::text))"}, {"Node Type": "Index Scan", "Parent Relationship": "Inner", "Scan Direction": "Forward", "Index Name": "person_id_cast_info", "Relation Name": "cast_info", "Alias": "ci", "Startup Cost": 0.0, "Total Cost": 43.0, "Plan Rows": 2, "Plan Width": 8, "Index Cond": "(person_id = n.id)", "Filter": "((note)::text = ANY ('{(producer),\"(executive producer)\"}'::text[]))"}]}, {"Node Type": "Index Scan", "Parent Relationship": "Inner", "Scan Direction": "Forward", "Index Name": "movie_id_movie_info_idx", "Relation Name": "movie_info_idx", "Alias": "mi_idx", "Startup Cost": 0.0, "Total Cost": 0.31, "Plan Rows": 2, "Plan Width": 13, "Index Cond": "(movie_id = ci.movie_id)"}]}]}, {"Node Type": "Index Scan", "Parent Relationship": "Inner", "Scan Direction": "Forward", "Index Name": "movie_id_movie_info", "Relation Name": "movie_info", "Alias": "mi", "Startup Cost": 0.0, "Total Cost": 0.7, "Plan Rows": 5, "Plan Width": 50, "Index Cond": "(movie_id = ci.movie_id)"}]}]}, {"Node Type": "Index Scan", "Parent Relationship": "Inner", "Scan Direction": "Forward", "Index Name": "title_pkey", "Relation Name": "title", "Alias": "t", "Startup Cost": 0.0, "Total Cost": 0.28, "Plan Rows": 1, "Plan Width": 21, "Index Cond": "(id = mi.movie_id)"}]}]}, "Unique SQL Id": 4264520866, "Planner Runtime": 4}, "explain_analyze_plan": null}, "(1, '118')": {"explain_plan": {"Plan": {"Node Type": "Aggregate", "Strategy": "Plain", "Startup Cost": 128573.79, "Total Cost": 128573.8, "Plan Rows": 1, "Plan Width": 160, "Plans": [{"Node Type": "Nested Loop", "Parent Relationship": "Outer", "Join Type": "Inner", "Startup Cost": 5.3, "Total Cost": 128573.73, "Plan Rows": 8, "Plan Width": 64, "Inner Unique": true, "Plans": [{"Node Type": "Nested Loop", "Parent Relationship": "Outer", "Join Type": "Inner", "Startup Cost": 5.04, "Total Cost": 128535.18, "Plan Rows": 9, "Plan Width": 59, "Inner Unique": false, "Join Filter": "(mi_idx.info_type_id = it2.id)", "Plans": [{"Node Type": "Seq Scan", "Parent Relationship": "Outer", "Relation Name": "info_type", "Alias": "it2", "Startup Cost": 0.0, "Total Cost": 2.4, "Plan Rows": 1, "Plan Width": 4, "Filter": "((info)::text = 'votes'::text)"}, {"Node Type": "Nested Loop", "Parent Relationship": "Inner", "Join Type": "Inner", "Startup Cost": 5.04, "Total Cost": 128532.36, "Plan Rows": 34, "Plan Width": 63, "Inner Unique": false, "Plans": [{"Node Type": "Nested Loop", "Parent Relationship": "Outer", "Join Type": "Inner", "Startup Cost": 4.77, "Total Cost": 128437.5, "Plan Rows": 22, "Plan Width": 50, "Inner Unique": false, "Join Filter": "(mi.info_type_id = it1.id)", "Plans": [{"Node Type": "Seq Scan", "Parent Relationship": "Outer", "Relation Name": "info_type", "Alias": "it1", "Startup Cost": 0.0, "Total Cost": 2.4, "Plan Rows": 1, "Plan Width": 4, "Filter": "((info)::text = 'budget'::text)"}, {"Node Type": "Nested Loop", "Parent Relationship": "Inner", "Join Type": "Inner", "Startup Cost": 4.77, "Total Cost": 128415.58, "Plan Rows": 1561, "Plan Width": 54, "Inner Unique": false, "Plans": [{"Node Type": "Nested Loop", "Parent Relationship": "Outer", "Join Type": "Inner", "Startup Cost": 4.39, "Total Cost": 127093.19, "Plan Rows": 294, "Plan Width": 4, "Inner Unique": false, "Plans": [{"Node Type": "Seq Scan", "Parent Relationship": "Outer", "Relation Name": "name", "Alias": "n", "Startup Cost": 0.0, "Total Cost": 113909.35, "Plan Rows": 173, "Plan Width": 4, "Filter": "(((name)::text ~~ '%Tim%'::text) AND ((gender)::text = 'm'::text))"}, {"Node Type": "Bitmap Heap Scan", "Parent Relationship": "Inner", "Relation Name": "cast_info", "Alias": "ci", "Startup Cost": 4.39, "Total Cost": 76.19, "Plan Rows": 2, "Plan Width": 8, "Recheck Cond": "(person_id = n.id)", "Filter": "((note)::text = ANY ('{(producer),\"(executive producer)\"}'::text[]))", "Plans": [{"Node Type": "Bitmap Index Scan", "Parent Relationship": "Outer", "Index Name": "person_id_cast_info", "Startup Cost": 0.0, "Total Cost": 4.38, "Plan Rows": 18, "Plan Width": 0, "Index Cond": "(person_id = n.id)"}]}]}, {"Node Type": "Bitmap Heap Scan", "Parent Relationship": "Inner", "Relation Name": "movie_info", "Alias": "mi", "Startup Cost": 0.39, "Total Cost": 4.45, "Plan Rows": 5, "Plan Width": 50, "Recheck Cond": "(movie_id = ci.movie_id)", "Plans": [{"Node Type": "Bitmap Index Scan", "Parent Relationship": "Outer", "Index Name": "movie_id_movie_info", "Startup Cost": 0.0, "Total Cost": 0.38, "Plan Rows": 5, "Plan Width": 0, "Index Cond": "(movie_id = ci.movie_id)"}]}]}]}, {"Node Type": "Bitmap Heap Scan", "Parent Relationship": "Inner", "Relation Name": "movie_info_idx", "Alias": "mi_idx", "Startup Cost": 0.27, "Total Cost": 4.29, "Plan Rows": 2, "Plan Width": 13, "Recheck Cond": "(movie_id = mi.movie_id)", "Plans": [{"Node Type": "Bitmap Index Scan", "Parent Relationship": "Outer", "Index Name": "movie_id_movie_info_idx", "Startup Cost": 0.0, "Total Cost": 0.27, "Plan Rows": 2, "Plan Width": 0, "Index Cond": "(movie_id = mi.movie_id)"}]}]}]}, {"Node Type": "Bitmap Heap Scan", "Parent Relationship": "Inner", "Relation Name": "title", "Alias": "t", "Startup Cost": 0.26, "Total Cost": 4.27, "Plan Rows": 1, "Plan Width": 21, "Recheck Cond": "(id = mi.movie_id)", "Plans": [{"Node Type": "Bitmap Index Scan", "Parent Relationship": "Outer", "Index Name": "title_pkey", "Startup Cost": 0.0, "Total Cost": 0.26, "Plan Rows": 1, "Plan Width": 0, "Index Cond": "(id = mi.movie_id)"}]}]}]}, "Unique SQL Id": 4264520866, "Planner Runtime": 6}, "explain_analyze_plan": {"Plan": {"Node Type": "Aggregate", "Strategy": "Plain", "Startup Cost": 128573.79, "Total Cost": 128573.8, "Plan Rows": 1, "Plan Width": 160, "Actual Startup Time": 2015.409, "Actual Total Time": 2015.41, "Actual Rows": 1, "Actual Loops": 1, "Plans": [{"Node Type": "Nested Loop", "Parent Relationship": "Outer", "Join Type": "Inner", "Startup Cost": 5.3, "Total Cost": 128573.73, "Plan Rows": 8, "Plan Width": 64, "Actual Startup Time": 1.038, "Actual Total Time": 2014.274, "Actual Rows": 410, "Actual Loops": 1, "Inner Unique": true, "Plans": [{"Node Type": "Nested Loop", "Parent Relationship": "Outer", "Join Type": "Inner", "Startup Cost": 5.04, "Total Cost": 128535.18, "Plan Rows": 9, "Plan Width": 59, "Actual Startup Time": 1.022, "Actual Total Time": 2009.1, "Actual Rows": 410, "Actual Loops": 1, "Inner Unique": false, "Join Filter": "(mi_idx.info_type_id = it2.id)", "Rows Removed by Join Filter": 825, "Plans": [{"Node Type": "Seq Scan", "Parent Relationship": "Outer", "Relation Name": "info_type", "Alias": "it2", "Startup Cost": 0.0, "Total Cost": 2.4, "Plan Rows": 1, "Plan Width": 4, "Actual Startup Time": 0.057, "Actual Total Time": 0.071, "Actual Rows": 1, "Actual Loops": 1, "Filter": "((info)::text = 'votes'::text)", "Rows Removed by Filter": 111}, {"Node Type": "Nested Loop", "Parent Relationship": "Inner", "Join Type": "Inner", "Startup Cost": 5.04, "Total Cost": 128532.36, "Plan Rows": 34, "Plan Width": 63, "Actual Startup Time": 0.959, "Actual Total Time": 2008.457, "Actual Rows": 1235, "Actual Loops": 1, "Inner Unique": false, "Plans": [{"Node Type": "Nested Loop", "Parent Relationship": "Outer", "Join Type": "Inner", "Startup Cost": 4.77, "Total Cost": 128437.5, "Plan Rows": 22, "Plan Width": 50, "Actual Startup Time": 0.941, "Actual Total Time": 2000.338, "Actual Rows": 699, "Actual Loops": 1, "Inner Unique": false, "Join Filter": "(mi.info_type_id = it1.id)", "Rows Removed by Join Filter": 95197, "Plans": [{"Node Type": "Seq Scan", "Parent Relationship": "Outer", "Relation Name": "info_type", "Alias": "it1", "Startup Cost": 0.0, "Total Cost": 2.4, "Plan Rows": 1, "Plan Width": 4, "Actual Startup Time": 0.049, "Actual Total Time": 0.065, "Actual Rows": 1, "Actual Loops": 1, "Filter": "((info)::text = 'budget'::text)", "Rows Removed by Filter": 111}, {"Node Type": "Nested Loop", "Parent Relationship": "Inner", "Join Type": "Inner", "Startup Cost": 4.77, "Total Cost": 128415.58, "Plan Rows": 1561, "Plan Width": 54, "Actual Startup Time": 0.861, "Actual Total Time": 1980.512, "Actual Rows": 95896, "Actual Loops": 1, "Inner Unique": false, "Plans": [{"Node Type": "Nested Loop", "Parent Relationship": "Outer", "Join Type": "Inner", "Startup Cost": 4.39, "Total Cost": 127093.19, "Plan Rows": 294, "Plan Width": 4, "Actual Startup Time": 0.831, "Actual Total Time": 1796.331, "Actual Rows": 6719, "Actual Loops": 1, "Inner Unique": false, "Plans": [{"Node Type": "Seq Scan", "Parent Relationship": "Outer", "Relation Name": "name", "Alias": "n", "Startup Cost": 0.0, "Total Cost": 113909.35, "Plan Rows": 173, "Plan Width": 4, "Actual Startup Time": 0.238, "Actual Total Time": 1644.054, "Actual Rows": 9062, "Actual Loops": 1, "Filter": "(((name)::text ~~ '%Tim%'::text) AND ((gender)::text = 'm'::text))", "Rows Removed by Filter": 4158428}, {"Node Type": "Bitmap Heap Scan", "Parent Relationship": "Inner", "Relation Name": "cast_info", "Alias": "ci", "Startup Cost": 4.39, "Total Cost": 76.19, "Plan Rows": 2, "Plan Width": 8, "Actual Startup Time": 123.594, "Actual Total Time": 139.024, "Actual Rows": 6719, "Actual Loops": 9062, "Recheck Cond": "(person_id = n.id)", "Rows Removed by Index Recheck": 0, "Filter": "((note)::text = ANY ('{(producer),\"(executive producer)\"}'::text[]))", "Rows Removed by Filter": 89309, "Exact Heap Blocks": 13336, "Lossy Heap Blocks": 13336, "Plans": [{"Node Type": "Bitmap Index Scan", "Parent Relationship": "Outer", "Index Name": "person_id_cast_info", "Startup Cost": 0.0, "Total Cost": 4.38, "Plan Rows": 18, "Plan Width": 0, "Actual Startup Time": 56.856, "Actual Total Time": 56.856, "Actual Rows": 96028, "Actual Loops": 9062, "Index Cond": "(person_id = n.id)"}]}]}, {"Node Type": "Bitmap Heap Scan", "Parent Relationship": "Inner", "Relation Name": "movie_info", "Alias": "mi", "Startup Cost": 0.39, "Total Cost": 4.45, "Plan Rows": 5, "Plan Width": 50, "Actual Startup Time": 66.31, "Actual Total Time": 155.322, "Actual Rows": 95896, "Actual Loops": 6719, "Recheck Cond": "(movie_id = ci.movie_id)", "Rows Removed by Index Recheck": 0, "Exact Heap Blocks": 40013, "Lossy Heap Blocks": 40013, "Plans": [{"Node Type": "Bitmap Index Scan", "Parent Relationship": "Outer", "Index Name": "movie_id_movie_info", "Startup Cost": 0.0, "Total Cost": 0.38, "Plan Rows": 5, "Plan Width": 0, "Actual Startup Time": 45.696, "Actual Total Time": 45.696, "Actual Rows": 95896, "Actual Loops": 6719, "Index Cond": "(movie_id = ci.movie_id)"}]}]}]}, {"Node Type": "Bitmap Heap Scan", "Parent Relationship": "Inner", "Relation Name": "movie_info_idx", "Alias": "mi_idx", "Startup Cost": 0.27, "Total Cost": 4.29, "Plan Rows": 2, "Plan Width": 13, "Actual Startup Time": 6.328, "Actual Total Time": 6.515, "Actual Rows": 1235, "Actual Loops": 699, "Recheck Cond": "(movie_id = mi.movie_id)", "Rows Removed by Index Recheck": 0, "Exact Heap Blocks": 419, "Lossy Heap Blocks": 419, "Plans": [{"Node Type": "Bitmap Index Scan", "Parent Relationship": "Outer", "Index Name": "movie_id_movie_info_idx", "Startup Cost": 0.0, "Total Cost": 0.27, "Plan Rows": 2, "Plan Width": 0, "Actual Startup Time": 4.478, "Actual Total Time": 4.478, "Actual Rows": 1235, "Actual Loops": 699, "Index Cond": "(movie_id = mi.movie_id)"}]}]}]}, {"Node Type": "Bitmap Heap Scan", "Parent Relationship": "Inner", "Relation Name": "title", "Alias": "t", "Startup Cost": 0.26, "Total Cost": 4.27, "Plan Rows": 1, "Plan Width": 21, "Actual Startup Time": 4.224, "Actual Total Time": 4.224, "Actual Rows": 410, "Actual Loops": 410, "Recheck Cond": "(id = mi.movie_id)", "Rows Removed by Index Recheck": 0, "Exact Heap Blocks": 410, "Lossy Heap Blocks": 410, "Plans": [{"Node Type": "Bitmap Index Scan", "Parent Relationship": "Outer", "Index Name": "title_pkey", "Startup Cost": 0.0, "Total Cost": 0.26, "Plan Rows": 1, "Plan Width": 0, "Actual Startup Time": 2.74, "Actual Total Time": 2.74, "Actual Rows": 410, "Actual Loops": 410, "Index Cond": "(id = mi.movie_id)"}]}]}]}, "Triggers": [], "Planner Runtime": 6.064, "Total Runtime": 2015.794, "Unique SQL Id": 4264520866}}, "(1, '119')": {"explain_plan": {"Plan": {"Node Type": "Aggregate", "Strategy": "Plain", "Startup Cost": 1000014018806.1, "Total Cost": 1000014018806.11, "Plan Rows": 1, "Plan Width": 160, "Plans": [{"Node Type": "Nested Loop", "Parent Relationship": "Outer", "Join Type": "Inner", "Startup Cost": 10000000002.15, "Total Cost": 1000014018806.04, "Plan Rows": 8, "Plan Width": 64, "Inner Unique": true, "Plans": [{"Node Type": "Nested Loop", "Parent Relationship": "Outer", "Join Type": "Inner", "Startup Cost": 10000000001.89, "Total Cost": 1000014018767.49, "Plan Rows": 9, "Plan Width": 59, "Inner Unique": true, "Plans": [{"Node Type": "Nested Loop", "Parent Relationship": "Outer", "Join Type": "Inner", "Startup Cost": 10000000001.63, "Total Cost": 1000014017572.6, "Plan Rows": 279, "Plan Width": 63, "Inner Unique": false, "Join Filter": "(mi_idx.movie_id = mi.movie_id)", "Plans": [{"Node Type": "Nested Loop", "Parent Relationship": "Outer", "Join Type": "Inner", "Startup Cost": 10000000001.24, "Total Cost": 1000014017338.06, "Plan Rows": 52, "Plan Width": 13, "Inner Unique": true, "Plans": [{"Node Type": "Nested Loop", "Parent Relationship": "Outer", "Join Type": "Inner", "Startup Cost": 10000000000.96, "Total Cost": 1000012216357.19, "Plan Rows": 417690, "Plan Width": 17, "Inner Unique": false, "Plans": [{"Node Type": "Nested Loop", "Parent Relationship": "Outer", "Join Type": "Inner", "Startup Cost": 10000000000.26, "Total Cost": 1000010560383.98, "Plan Rows": 345008, "Plan Width": 9, "Inner Unique": true, "Plans": [{"Node Type": "Index Scan", "Parent Relationship": "Outer", "Scan Direction": "Forward", "Index Name": "movie_id_movie_info_idx", "Relation Name": "movie_info_idx", "Alias": "mi_idx", "Startup Cost": 10000000000.0, "Total Cost": 1000004650035.37, "Plan Rows": 1380034, "Plan Width": 13}, {"Node Type": "Bitmap Heap Scan", "Parent Relationship": "Inner", "Relation Name": "info_type", "Alias": "it2", "Startup Cost": 0.26, "Total Cost": 4.27, "Plan Rows": 1, "Plan Width": 4, "Recheck Cond": "(id = mi_idx.info_type_id)", "Filter": "((info)::text = 'votes'::text)", "Plans": [{"Node Type": "Bitmap Index Scan", "Parent Relationship": "Outer", "Index Name": "info_type_pkey", "Startup Cost": 0.0, "Total Cost": 0.26, "Plan Rows": 1, "Plan Width": 0, "Index Cond": "(id = mi_idx.info_type_id)"}]}]}, {"Node Type": "Bitmap Heap Scan", "Parent Relationship": "Inner", "Relation Name": "cast_info", "Alias": "ci", "Startup Cost": 0.7, "Total Cost": 4.79, "Plan Rows": 1, "Plan Width": 8, "Recheck Cond": "(movie_id = mi_idx.movie_id)", "Filter": "((note)::text = ANY ('{(producer),\"(executive producer)\"}'::text[]))", "Plans": [{"Node Type": "Bitmap Index Scan", "Parent Relationship": "Outer", "Index Name": "movie_id_cast_info", "Startup Cost": 0.0, "Total Cost": 0.7, "Plan Rows": 6, "Plan Width": 0, "Index Cond": "(movie_id = mi_idx.movie_id)"}]}]}, {"Node Type": "Bitmap Heap Scan", "Parent Relationship": "Inner", "Relation Name": "name", "Alias": "n", "Startup Cost": 0.28, "Total Cost": 4.3, "Plan Rows": 1, "Plan Width": 4, "Recheck Cond": "(id = ci.person_id)", "Filter": "(((name)::text ~~ '%Tim%'::text) AND ((gender)::text = 'm'::text))", "Plans": [{"Node Type": "Bitmap Index Scan", "Parent Relationship": "Outer", "Index Name": "name_pkey", "Startup Cost": 0.0, "Total Cost": 0.28, "Plan Rows": 1, "Plan Width": 0, "Index Cond": "(id = ci.person_id)"}]}]}, {"Node Type": "Bitmap Heap Scan", "Parent Relationship": "Inner", "Relation Name": "movie_info", "Alias": "mi", "Startup Cost": 0.39, "Total Cost": 4.45, "Plan Rows": 5, "Plan Width": 50, "Recheck Cond": "(movie_id = ci.movie_id)", "Plans": [{"Node Type": "Bitmap Index Scan", "Parent Relationship": "Outer", "Index Name": "movie_id_movie_info", "Startup Cost": 0.0, "Total Cost": 0.38, "Plan Rows": 5, "Plan Width": 0, "Index Cond": "(movie_id = ci.movie_id)"}]}]}, {"Node Type": "Bitmap Heap Scan", "Parent Relationship": "Inner", "Relation Name": "info_type", "Alias": "it1", "Startup Cost": 0.26, "Total Cost": 4.27, "Plan Rows": 1, "Plan Width": 4, "Recheck Cond": "(id = mi.info_type_id)", "Filter": "((info)::text = 'budget'::text)", "Plans": [{"Node Type": "Bitmap Index Scan", "Parent Relationship": "Outer", "Index Name": "info_type_pkey", "Startup Cost": 0.0, "Total Cost": 0.26, "Plan Rows": 1, "Plan Width": 0, "Index Cond": "(id = mi.info_type_id)"}]}]}, {"Node Type": "Bitmap Heap Scan", "Parent Relationship": "Inner", "Relation Name": "title", "Alias": "t", "Startup Cost": 0.26, "Total Cost": 4.27, "Plan Rows": 1, "Plan Width": 21, "Recheck Cond": "(id = mi.movie_id)", "Plans": [{"Node Type": "Bitmap Index Scan", "Parent Relationship": "Outer", "Index Name": "title_pkey", "Startup Cost": 0.0, "Total Cost": 0.26, "Plan Rows": 1, "Plan Width": 0, "Index Cond": "(id = mi.movie_id)"}]}]}]}, "Unique SQL Id": 4264520866, "Planner Runtime": 4}, "explain_analyze_plan": null}, "(1, '120')": {"explain_plan": {"Plan": {"Node Type": "Aggregate", "Strategy": "Plain", "Startup Cost": 121503.41, "Total Cost": 121503.42, "Plan Rows": 1, "Plan Width": 160, "Plans": [{"Node Type": "Nested Loop", "Parent Relationship": "Outer", "Join Type": "Inner", "Startup Cost": 0.0, "Total Cost": 121503.35, "Plan Rows": 8, "Plan Width": 64, "Inner Unique": true, "Plans": [{"Node Type": "Nested Loop", "Parent Relationship": "Outer", "Join Type": "Inner", "Startup Cost": 0.0, "Total Cost": 121500.72, "Plan Rows": 9, "Plan Width": 59, "Inner Unique": false, "Join Filter": "(mi.info_type_id = it1.id)", "Plans": [{"Node Type": "Seq Scan", "Parent Relationship": "Outer", "Relation Name": "info_type", "Alias": "it1", "Startup Cost": 0.0, "Total Cost": 2.4, "Plan Rows": 1, "Plan Width": 4, "Filter": "((info)::text = 'budget'::text)"}, {"Node Type": "Nested Loop", "Parent Relationship": "Inner", "Join Type": "Inner", "Startup Cost": 0.0, "Total Cost": 121494.84, "Plan Rows": 279, "Plan Width": 63, "Inner Unique": false, "Join Filter": "(mi_idx.movie_id = mi.movie_id)", "Plans": [{"Node Type": "Nested Loop", "Parent Relationship": "Outer", "Join Type": "Inner", "Startup Cost": 0.0, "Total Cost": 121455.23, "Plan Rows": 52, "Plan Width": 13, "Inner Unique": false, "Join Filter": "(mi_idx.info_type_id = it2.id)", "Plans": [{"Node Type": "Seq Scan", "Parent Relationship": "Outer", "Relation Name": "info_type", "Alias": "it2", "Startup Cost": 0.0, "Total Cost": 2.4, "Plan Rows": 1, "Plan Width": 4, "Filter": "((info)::text = 'votes'::text)"}, {"Node Type": "Nested Loop", "Parent Relationship": "Inner", "Join Type": "Inner", "Startup Cost": 0.0, "Total Cost": 121448.51, "Plan Rows": 346, "Plan Width": 17, "Inner Unique": false, "Plans": [{"Node Type": "Nested Loop", "Parent Relationship": "Outer", "Join Type": "Inner", "Startup Cost": 0.0, "Total Cost": 121351.72, "Plan Rows": 294, "Plan Width": 4, "Inner Unique": false, "Plans": [{"Node Type": "Seq Scan", "Parent Relationship": "Outer", "Relation Name": "name", "Alias": "n", "Startup Cost": 0.0, "Total Cost": 113909.35, "Plan Rows": 173, "Plan Width": 4, "Filter": "(((name)::text ~~ '%Tim%'::text) AND ((gender)::text = 'm'::text))"}, {"Node Type": "Index Scan", "Parent Relationship": "Inner", "Scan Direction": "Forward", "Index Name": "person_id_cast_info", "Relation Name": "cast_info", "Alias": "ci", "Startup Cost": 0.0, "Total Cost": 43.0, "Plan Rows": 2, "Plan Width": 8, "Index Cond": "(person_id = n.id)", "Filter": "((note)::text = ANY ('{(producer),\"(executive producer)\"}'::text[]))"}]}, {"Node Type": "Index Scan", "Parent Relationship": "Inner", "Scan Direction": "Forward", "Index Name": "movie_id_movie_info_idx", "Relation Name": "movie_info_idx", "Alias": "mi_idx", "Startup Cost": 0.0, "Total Cost": 0.31, "Plan Rows": 2, "Plan Width": 13, "Index Cond": "(movie_id = ci.movie_id)"}]}]}, {"Node Type": "Index Scan", "Parent Relationship": "Inner", "Scan Direction": "Forward", "Index Name": "movie_id_movie_info", "Relation Name": "movie_info", "Alias": "mi", "Startup Cost": 0.0, "Total Cost": 0.7, "Plan Rows": 5, "Plan Width": 50, "Index Cond": "(movie_id = ci.movie_id)"}]}]}, {"Node Type": "Index Scan", "Parent Relationship": "Inner", "Scan Direction": "Forward", "Index Name": "title_pkey", "Relation Name": "title", "Alias": "t", "Startup Cost": 0.0, "Total Cost": 0.28, "Plan Rows": 1, "Plan Width": 21, "Index Cond": "(id = mi.movie_id)"}]}]}, "Unique SQL Id": 4264520866, "Planner Runtime": 4}, "explain_analyze_plan": {"Plan": {"Node Type": "Aggregate", "Strategy": "Plain", "Startup Cost": 121503.41, "Total Cost": 121503.42, "Plan Rows": 1, "Plan Width": 160, "Actual Startup Time": 1959.471, "Actual Total Time": 1959.472, "Actual Rows": 1, "Actual Loops": 1, "Plans": [{"Node Type": "Nested Loop", "Parent Relationship": "Outer", "Join Type": "Inner", "Startup Cost": 0.0, "Total Cost": 121503.35, "Plan Rows": 8, "Plan Width": 64, "Actual Startup Time": 0.993, "Actual Total Time": 1958.563, "Actual Rows": 410, "Actual Loops": 1, "Inner Unique": true, "Plans": [{"Node Type": "Nested Loop", "Parent Relationship": "Outer", "Join Type": "Inner", "Startup Cost": 0.0, "Total Cost": 121500.72, "Plan Rows": 9, "Plan Width": 59, "Actual Startup Time": 0.978, "Actual Total Time": 1954.798, "Actual Rows": 410, "Actual Loops": 1, "Inner Unique": false, "Join Filter": "(mi.info_type_id = it1.id)", "Rows Removed by Join Filter": 81998, "Plans": [{"Node Type": "Seq Scan", "Parent Relationship": "Outer", "Relation Name": "info_type", "Alias": "it1", "Startup Cost": 0.0, "Total Cost": 2.4, "Plan Rows": 1, "Plan Width": 4, "Actual Startup Time": 0.061, "Actual Total Time": 0.07, "Actual Rows": 1, "Actual Loops": 1, "Filter": "((info)::text = 'budget'::text)", "Rows Removed by Filter": 111}, {"Node Type": "Nested Loop", "Parent Relationship": "Inner", "Join Type": "Inner", "Startup Cost": 0.0, "Total Cost": 121494.84, "Plan Rows": 279, "Plan Width": 63, "Actual Startup Time": 0.882, "Actual Total Time": 1938.81, "Actual Rows": 82408, "Actual Loops": 1, "Inner Unique": false, "Join Filter": "(mi_idx.movie_id = mi.movie_id)", "Rows Removed by Join Filter": 0, "Plans": [{"Node Type": "Nested Loop", "Parent Relationship": "Outer", "Join Type": "Inner", "Startup Cost": 0.0, "Total Cost": 121455.23, "Plan Rows": 52, "Plan Width": 13, "Actual Startup Time": 0.866, "Actual Total Time": 1825.186, "Actual Rows": 3435, "Actual Loops": 1, "Inner Unique": false, "Join Filter": "(mi_idx.info_type_id = it2.id)", "Rows Removed by Join Filter": 6875, "Plans": [{"Node Type": "Seq Scan", "Parent Relationship": "Outer", "Relation Name": "info_type", "Alias": "it2", "Startup Cost": 0.0, "Total Cost": 2.4, "Plan Rows": 1, "Plan Width": 4, "Actual Startup Time": 0.041, "Actual Total Time": 0.053, "Actual Rows": 1, "Actual Loops": 1, "Filter": "((info)::text = 'votes'::text)", "Rows Removed by Filter": 111}, {"Node Type": "Nested Loop", "Parent Relationship": "Inner", "Join Type": "Inner", "Startup Cost": 0.0, "Total Cost": 121448.51, "Plan Rows": 346, "Plan Width": 17, "Actual Startup Time": 0.819, "Actual Total Time": 1822.36, "Actual Rows": 10310, "Actual Loops": 1, "Inner Unique": false, "Plans": [{"Node Type": "Nested Loop", "Parent Relationship": "Outer", "Join Type": "Inner", "Startup Cost": 0.0, "Total Cost": 121351.72, "Plan Rows": 294, "Plan Width": 4, "Actual Startup Time": 0.804, "Actual Total Time": 1787.161, "Actual Rows": 6719, "Actual Loops": 1, "Inner Unique": false, "Plans": [{"Node Type": "Seq Scan", "Parent Relationship": "Outer", "Relation Name": "name", "Alias": "n", "Startup Cost": 0.0, "Total Cost": 113909.35, "Plan Rows": 173, "Plan Width": 4, "Actual Startup Time": 0.234, "Actual Total Time": 1655.099, "Actual Rows": 9062, "Actual Loops": 1, "Filter": "(((name)::text ~~ '%Tim%'::text) AND ((gender)::text = 'm'::text))", "Rows Removed by Filter": 4158428}, {"Node Type": "Index Scan", "Parent Relationship": "Inner", "Scan Direction": "Forward", "Index Name": "person_id_cast_info", "Relation Name": "cast_info", "Alias": "ci", "Startup Cost": 0.0, "Total Cost": 43.0, "Plan Rows": 2, "Plan Width": 8, "Actual Startup Time": 106.12, "Actual Total Time": 124.962, "Actual Rows": 6719, "Actual Loops": 9062, "Index Cond": "(person_id = n.id)", "Rows Removed by Index Recheck": 0, "Filter": "((note)::text = ANY ('{(producer),\"(executive producer)\"}'::text[]))", "Rows Removed by Filter": 89309}]}, {"Node Type": "Index Scan", "Parent Relationship": "Inner", "Scan Direction": "Forward", "Index Name": "movie_id_movie_info_idx", "Relation Name": "movie_info_idx", "Alias": "mi_idx", "Startup Cost": 0.0, "Total Cost": 0.31, "Plan Rows": 2, "Plan Width": 13, "Actual Startup Time": 25.285, "Actual Total Time": 29.273, "Actual Rows": 10310, "Actual Loops": 6719, "Index Cond": "(movie_id = ci.movie_id)", "Rows Removed by Index Recheck": 0}]}]}, {"Node Type": "Index Scan", "Parent Relationship": "Inner", "Scan Direction": "Forward", "Index Name": "movie_id_movie_info", "Relation Name": "movie_info", "Alias": "mi", "Startup Cost": 0.0, "Total Cost": 0.7, "Plan Rows": 5, "Plan Width": 50, "Actual Startup Time": 21.854, "Actual Total Time": 84.199, "Actual Rows": 82408, "Actual Loops": 3435, "Index Cond": "(movie_id = ci.movie_id)", "Rows Removed by Index Recheck": 0}]}]}, {"Node Type": "Index Scan", "Parent Relationship": "Inner", "Scan Direction": "Forward", "Index Name": "title_pkey", "Relation Name": "title", "Alias": "t", "Startup Cost": 0.0, "Total Cost": 0.28, "Plan Rows": 1, "Plan Width": 21, "Actual Startup Time": 3.207, "Actual Total Time": 3.207, "Actual Rows": 410, "Actual Loops": 410, "Index Cond": "(id = mi.movie_id)", "Rows Removed by Index Recheck": 0}]}]}, "Triggers": [], "Planner Runtime": 5.082, "Total Runtime": 1959.729, "Unique SQL Id": 4264520866}}, "(1, '121')": {"explain_plan": {"Plan": {"Node Type": "Aggregate", "Strategy": "Plain", "Startup Cost": 204687.88, "Total Cost": 204687.89, "Plan Rows": 1, "Plan Width": 160, "Plans": [{"Node Type": "Nested Loop", "Parent Relationship": "Outer", "Join Type": "Inner", "Startup Cost": 0.0, "Total Cost": 204687.82, "Plan Rows": 8, "Plan Width": 64, "Inner Unique": true, "Plans": [{"Node Type": "Nested Loop", "Parent Relationship": "Outer", "Join Type": "Inner", "Startup Cost": 0.0, "Total Cost": 204685.19, "Plan Rows": 9, "Plan Width": 59, "Inner Unique": false, "Join Filter": "(mi.info_type_id = it1.id)", "Plans": [{"Node Type": "Index Scan", "Parent Relationship": "Outer", "Scan Direction": "Forward", "Index Name": "info_type_pkey", "Relation Name": "info_type", "Alias": "it1", "Startup Cost": 0.0, "Total Cost": 14.21, "Plan Rows": 1, "Plan Width": 4, "Filter": "((info)::text = 'budget'::text)"}, {"Node Type": "Nested Loop", "Parent Relationship": "Inner", "Join Type": "Inner", "Startup Cost": 0.0, "Total Cost": 204667.49, "Plan Rows": 279, "Plan Width": 63, "Inner Unique": false, "Join Filter": "(mi_idx.movie_id = mi.movie_id)", "Plans": [{"Node Type": "Nested Loop", "Parent Relationship": "Outer", "Join Type": "Inner", "Startup Cost": 0.0, "Total Cost": 204627.89, "Plan Rows": 52, "Plan Width": 13, "Inner Unique": false, "Join Filter": "(mi_idx.info_type_id = it2.id)", "Plans": [{"Node Type": "Index Scan", "Parent Relationship": "Outer", "Scan Direction": "Forward", "Index Name": "info_type_pkey", "Relation Name": "info_type", "Alias": "it2", "Startup Cost": 0.0, "Total Cost": 14.21, "Plan Rows": 1, "Plan Width": 4, "Filter": "((info)::text = 'votes'::text)"}, {"Node Type": "Nested Loop", "Parent Relationship": "Inner", "Join Type": "Inner", "Startup Cost": 0.0, "Total Cost": 204609.36, "Plan Rows": 346, "Plan Width": 17, "Inner Unique": false, "Plans": [{"Node Type": "Nested Loop", "Parent Relationship": "Outer", "Join Type": "Inner", "Startup Cost": 0.0, "Total Cost": 204512.56, "Plan Rows": 294, "Plan Width": 4, "Inner Unique": false, "Plans": [{"Node Type": "Index Scan", "Parent Relationship": "Outer", "Scan Direction": "Forward", "Index Name": "name_pkey", "Relation Name": "name", "Alias": "n", "Startup Cost": 0.0, "Total Cost": 197070.2, "Plan Rows": 173, "Plan Width": 4, "Filter": "(((name)::text ~~ '%Tim%'::text) AND ((gender)::text = 'm'::text))"}, {"Node Type": "Index Scan", "Parent Relationship": "Inner", "Scan Direction": "Forward", "Index Name": "person_id_cast_info", "Relation Name": "cast_info", "Alias": "ci", "Startup Cost": 0.0, "Total Cost": 43.0, "Plan Rows": 2, "Plan Width": 8, "Index Cond": "(person_id = n.id)", "Filter": "((note)::text = ANY ('{(producer),\"(executive producer)\"}'::text[]))"}]}, {"Node Type": "Index Scan", "Parent Relationship": "Inner", "Scan Direction": "Forward", "Index Name": "movie_id_movie_info_idx", "Relation Name": "movie_info_idx", "Alias": "mi_idx", "Startup Cost": 0.0, "Total Cost": 0.31, "Plan Rows": 2, "Plan Width": 13, "Index Cond": "(movie_id = ci.movie_id)"}]}]}, {"Node Type": "Index Scan", "Parent Relationship": "Inner", "Scan Direction": "Forward", "Index Name": "movie_id_movie_info", "Relation Name": "movie_info", "Alias": "mi", "Startup Cost": 0.0, "Total Cost": 0.7, "Plan Rows": 5, "Plan Width": 50, "Index Cond": "(movie_id = ci.movie_id)"}]}]}, {"Node Type": "Index Scan", "Parent Relationship": "Inner", "Scan Direction": "Forward", "Index Name": "title_pkey", "Relation Name": "title", "Alias": "t", "Startup Cost": 0.0, "Total Cost": 0.28, "Plan Rows": 1, "Plan Width": 21, "Index Cond": "(id = mi.movie_id)"}]}]}, "Unique SQL Id": 4264520866, "Planner Runtime": 4}, "explain_analyze_plan": null}, "(1, '122')": {"explain_plan": {"Plan": {"Node Type": "Aggregate", "Strategy": "Plain", "Startup Cost": 8878222.84, "Total Cost": 8878222.85, "Plan Rows": 1, "Plan Width": 160, "Plans": [{"Node Type": "Nested Loop", "Parent Relationship": "Outer", "Join Type": "Inner", "Startup Cost": 0.0, "Total Cost": 8878222.78, "Plan Rows": 8, "Plan Width": 64, "Inner Unique": false, "Join Filter": "(mi.movie_id = t.id)", "Plans": [{"Node Type": "Seq Scan", "Parent Relationship": "Outer", "Relation Name": "title", "Alias": "t", "Startup Cost": 0.0, "Total Cost": 60069.11, "Plan Rows": 2528311, "Plan Width": 21}, {"Node Type": "Materialize", "Parent Relationship": "Inner", "Startup Cost": 0.0, "Total Cost": 8476831.71, "Plan Rows": 9, "Plan Width": 59, "Plans": [{"Node Type": "Nested Loop", "Parent Relationship": "Outer", "Join Type": "Inner", "Startup Cost": 0.0, "Total Cost": 8476831.66, "Plan Rows": 9, "Plan Width": 59, "Inner Unique": false, "Join Filter": "(mi_idx.movie_id = mi.movie_id)", "Plans": [{"Node Type": "Nested Loop", "Parent Relationship": "Outer", "Join Type": "Inner", "Startup Cost": 0.0, "Total Cost": 37527.17, "Plan Rows": 345008, "Plan Width": 9, "Inner Unique": false, "Join Filter": "(it2.id = mi_idx.info_type_id), (LLVM Optimized)", "Plans": [{"Node Type": "Seq Scan", "Parent Relationship": "Outer", "Relation Name": "info_type", "Alias": "it2", "Startup Cost": 0.0, "Total Cost": 2.4, "Plan Rows": 1, "Plan Width": 4, "Filter": "((info)::text = 'votes'::text)"}, {"Node Type": "Seq Scan", "Parent Relationship": "Inner", "Relation Name": "movie_info_idx", "Alias": "mi_idx", "Startup Cost": 0.0, "Total Cost": 20274.34, "Plan Rows": 1380034, "Plan Width": 13}]}, {"Node Type": "Materialize", "Parent Relationship": "Inner", "Startup Cost": 0.0, "Total Cost": 8325451.91, "Plan Rows": 22, "Plan Width": 50, "Plans": [{"Node Type": "Nested Loop", "Parent Relationship": "Outer", "Join Type": "Inner", "Startup Cost": 0.0, "Total Cost": 8325451.8, "Plan Rows": 22, "Plan Width": 50, "Inner Unique": false, "Join Filter": "(ci.movie_id = mi.movie_id)", "Plans": [{"Node Type": "Nested Loop", "Parent Relationship": "Outer", "Join Type": "Inner", "Startup Cost": 0.0, "Total Cost": 482864.64, "Plan Rows": 212428, "Plan Width": 46, "Inner Unique": false, "Join Filter": "(it1.id = mi.info_type_id), (LLVM Optimized)", "Plans": [{"Node Type": "Seq Scan", "Parent Relationship": "Outer", "Relation Name": "info_type", "Alias": "it1", "Startup Cost": 0.0, "Total Cost": 2.4, "Plan Rows": 1, "Plan Width": 4, "Filter": "((info)::text = 'budget'::text)"}, {"Node Type": "Seq Scan", "Parent Relationship": "Inner", "Relation Name": "movie_info", "Alias": "mi", "Startup Cost": 0.0, "Total Cost": 296987.66, "Plan Rows": 14869966, "Plan Width": 50}]}, {"Node Type": "Materialize", "Parent Relationship": "Inner", "Startup Cost": 0.0, "Total Cost": 6905780.42, "Plan Rows": 294, "Plan Width": 4, "Plans": [{"Node Type": "Nested Loop", "Parent Relationship": "Outer", "Join Type": "Inner", "Startup Cost": 0.0, "Total Cost": 6905778.95, "Plan Rows": 294, "Plan Width": 4, "Inner Unique": true, "Join Filter": "(ci.person_id = n.id)", "Plans": [{"Node Type": "Seq Scan", "Parent Relationship": "Outer", "Relation Name": "cast_info", "Alias": "ci", "Startup Cost": 0.0, "Total Cost": 692526.68, "Plan Rows": 2350421, "Plan Width": 8, "Filter": "((note)::text = ANY ('{(producer),\"(executive producer)\"}'::text[]))"}, {"Node Type": "Materialize", "Parent Relationship": "Inner", "Startup Cost": 0.0, "Total Cost": 113910.22, "Plan Rows": 173, "Plan Width": 4, "Plans": [{"Node Type": "Seq Scan", "Parent Relationship": "Outer", "Relation Name": "name", "Alias": "n", "Startup Cost": 0.0, "Total Cost": 113909.35, "Plan Rows": 173, "Plan Width": 4, "Filter": "(((name)::text ~~ '%Tim%'::text) AND ((gender)::text = 'm'::text))"}]}]}]}]}]}]}]}]}]}, "Unique SQL Id": 4264520866, "Planner Runtime": 4}, "explain_analyze_plan": null}, "(1, '123')": {"explain_plan": {"Plan": {"Node Type": "Aggregate", "Strategy": "Plain", "Startup Cost": 7000361921196.91, "Total Cost": 7000361921196.92, "Plan Rows": 1, "Plan Width": 160, "Plans": [{"Node Type": "Nested Loop", "Parent Relationship": "Outer", "Join Type": "Inner", "Startup Cost": 70000000000.0, "Total Cost": 7000361921196.85, "Plan Rows": 8, "Plan Width": 64, "Inner Unique": false, "Join Filter": "(mi.movie_id = t.id)", "Plans": [{"Node Type": "Index Scan", "Parent Relationship": "Outer", "Scan Direction": "Forward", "Index Name": "title_pkey", "Relation Name": "title", "Alias": "t", "Startup Cost": 10000000000.0, "Total Cost": 1000011012048.91, "Plan Rows": 2528311, "Plan Width": 21}, {"Node Type": "Materialize", "Parent Relationship": "Inner", "Startup Cost": 60000000000.0, "Total Cost": 6000350567825.98, "Plan Rows": 9, "Plan Width": 59, "Plans": [{"Node Type": "Nested Loop", "Parent Relationship": "Outer", "Join Type": "Inner", "Startup Cost": 60000000000.0, "Total Cost": 6000350567825.93, "Plan Rows": 9, "Plan Width": 59, "Inner Unique": false, "Join Filter": "(mi_idx.movie_id = mi.movie_id)", "Plans": [{"Node Type": "Nested Loop", "Parent Relationship": "Outer", "Join Type": "Inner", "Startup Cost": 20000000000.0, "Total Cost": 2000004672156.88, "Plan Rows": 345008, "Plan Width": 9, "Inner Unique": true, "Join Filter": "(it2.id = mi_idx.info_type_id), (LLVM Optimized)", "Plans": [{"Node Type": "Index Scan", "Parent Relationship": "Outer", "Scan Direction": "Forward", "Index Name": "movie_id_movie_info_idx", "Relation Name": "movie_info_idx", "Alias": "mi_idx", "Startup Cost": 10000000000.0, "Total Cost": 1000004650035.37, "Plan Rows": 1380034, "Plan Width": 13}, {"Node Type": "Materialize", "Parent Relationship": "Inner", "Startup Cost": 10000000000.0, "Total Cost": 1000000001421.0, "Plan Rows": 1, "Plan Width": 4, "Plans": [{"Node Type": "Index Scan", "Parent Relationship": "Outer", "Scan Direction": "Forward", "Index Name": "info_type_pkey", "Relation Name": "info_type", "Alias": "it2", "Startup Cost": 10000000000.0, "Total Cost": 1000000001421.0, "Plan Rows": 1, "Plan Width": 4, "Filter": "((info)::text = 'votes'::text)"}]}]}, {"Node Type": "Materialize", "Parent Relationship": "Inner", "Startup Cost": 40000000000.0, "Total Cost": 4000345781816.47, "Plan Rows": 22, "Plan Width": 50, "Plans": [{"Node Type": "Nested Loop", "Parent Relationship": "Outer", "Join Type": "Inner", "Startup Cost": 40000000000.0, "Total Cost": 4000345781816.36, "Plan Rows": 22, "Plan Width": 50, "Inner Unique": false, "Join Filter": "(ci.movie_id = mi.movie_id)", "Plans": [{"Node Type": "Nested Loop", "Parent Relationship": "Outer", "Join Type": "Inner", "Startup Cost": 20000000000.0, "Total Cost": 2000104041382.71, "Plan Rows": 212428, "Plan Width": 46, "Inner Unique": true, "Join Filter": "(it1.id = mi.info_type_id), (LLVM Optimized)", "Plans": [{"Node Type": "Index Scan", "Parent Relationship": "Outer", "Scan Direction": "Forward", "Index Name": "movie_id_movie_info", "Relation Name": "movie_info", "Alias": "mi", "Startup Cost": 10000000000.0, "Total Cost": 1000103816912.22, "Plan Rows": 14869966, "Plan Width": 50}, {"Node Type": "Materialize", "Parent Relationship": "Inner", "Startup Cost": 10000000000.0, "Total Cost": 1000000001421.0, "Plan Rows": 1, "Plan Width": 4, "Plans": [{"Node Type": "Index Scan", "Parent Relationship": "Outer", "Scan Direction": "Forward", "Index Name": "info_type_pkey", "Relation Name": "info_type", "Alias": "it1", "Startup Cost": 10000000000.0, "Total Cost": 1000000001421.0, "Plan Rows": 1, "Plan Width": 4, "Filter": "((info)::text = 'budget'::text)"}]}]}, {"Node Type": "Materialize", "Parent Relationship": "Inner", "Startup Cost": 20000000000.0, "Total Cost": 2000240803626.91, "Plan Rows": 294, "Plan Width": 4, "Plans": [{"Node Type": "Nested Loop", "Parent Relationship": "Outer", "Join Type": "Inner", "Startup Cost": 20000000000.0, "Total Cost": 2000240803625.44, "Plan Rows": 294, "Plan Width": 4, "Inner Unique": true, "Join Filter": "(ci.person_id = n.id)", "Plans": [{"Node Type": "Index Scan", "Parent Relationship": "Outer", "Scan Direction": "Forward", "Index Name": "movie_id_cast_info", "Relation Name": "cast_info", "Alias": "ci", "Startup Cost": 10000000000.0, "Total Cost": 1000214997262.8, "Plan Rows": 2350421, "Plan Width": 8, "Filter": "((note)::text = ANY ('{(producer),\"(executive producer)\"}'::text[]))"}, {"Node Type": "Materialize", "Parent Relationship": "Inner", "Startup Cost": 10000000000.0, "Total Cost": 1000019707020.57, "Plan Rows": 173, "Plan Width": 4, "Plans": [{"Node Type": "Index Scan", "Parent Relationship": "Outer", "Scan Direction": "Forward", "Index Name": "name_pkey", "Relation Name": "name", "Alias": "n", "Startup Cost": 10000000000.0, "Total Cost": 1000019707019.7, "Plan Rows": 173, "Plan Width": 4, "Filter": "(((name)::text ~~ '%Tim%'::text) AND ((gender)::text = 'm'::text))"}]}]}]}]}]}]}]}]}]}, "Unique SQL Id": 4264520866, "Planner Runtime": 4}, "explain_analyze_plan": null}, "(1, '124')": {"explain_plan": {"Plan": {"Node Type": "Aggregate", "Strategy": "Plain", "Startup Cost": 121503.41, "Total Cost": 121503.42, "Plan Rows": 1, "Plan Width": 160, "Plans": [{"Node Type": "Nested Loop", "Parent Relationship": "Outer", "Join Type": "Inner", "Startup Cost": 0.0, "Total Cost": 121503.35, "Plan Rows": 8, "Plan Width": 64, "Inner Unique": true, "Plans": [{"Node Type": "Nested Loop", "Parent Relationship": "Outer", "Join Type": "Inner", "Startup Cost": 0.0, "Total Cost": 121500.72, "Plan Rows": 9, "Plan Width": 59, "Inner Unique": false, "Join Filter": "(mi.info_type_id = it1.id)", "Plans": [{"Node Type": "Seq Scan", "Parent Relationship": "Outer", "Relation Name": "info_type", "Alias": "it1", "Startup Cost": 0.0, "Total Cost": 2.4, "Plan Rows": 1, "Plan Width": 4, "Filter": "((info)::text = 'budget'::text)"}, {"Node Type": "Nested Loop", "Parent Relationship": "Inner", "Join Type": "Inner", "Startup Cost": 0.0, "Total Cost": 121494.84, "Plan Rows": 279, "Plan Width": 63, "Inner Unique": false, "Join Filter": "(mi_idx.movie_id = mi.movie_id)", "Plans": [{"Node Type": "Nested Loop", "Parent Relationship": "Outer", "Join Type": "Inner", "Startup Cost": 0.0, "Total Cost": 121455.23, "Plan Rows": 52, "Plan Width": 13, "Inner Unique": false, "Join Filter": "(mi_idx.info_type_id = it2.id)", "Plans": [{"Node Type": "Seq Scan", "Parent Relationship": "Outer", "Relation Name": "info_type", "Alias": "it2", "Startup Cost": 0.0, "Total Cost": 2.4, "Plan Rows": 1, "Plan Width": 4, "Filter": "((info)::text = 'votes'::text)"}, {"Node Type": "Nested Loop", "Parent Relationship": "Inner", "Join Type": "Inner", "Startup Cost": 0.0, "Total Cost": 121448.51, "Plan Rows": 346, "Plan Width": 17, "Inner Unique": false, "Plans": [{"Node Type": "Nested Loop", "Parent Relationship": "Outer", "Join Type": "Inner", "Startup Cost": 0.0, "Total Cost": 121351.72, "Plan Rows": 294, "Plan Width": 4, "Inner Unique": false, "Plans": [{"Node Type": "Seq Scan", "Parent Relationship": "Outer", "Relation Name": "name", "Alias": "n", "Startup Cost": 0.0, "Total Cost": 113909.35, "Plan Rows": 173, "Plan Width": 4, "Filter": "(((name)::text ~~ '%Tim%'::text) AND ((gender)::text = 'm'::text))"}, {"Node Type": "Index Scan", "Parent Relationship": "Inner", "Scan Direction": "Forward", "Index Name": "person_id_cast_info", "Relation Name": "cast_info", "Alias": "ci", "Startup Cost": 0.0, "Total Cost": 43.0, "Plan Rows": 2, "Plan Width": 8, "Index Cond": "(person_id = n.id)", "Filter": "((note)::text = ANY ('{(producer),\"(executive producer)\"}'::text[]))"}]}, {"Node Type": "Index Scan", "Parent Relationship": "Inner", "Scan Direction": "Forward", "Index Name": "movie_id_movie_info_idx", "Relation Name": "movie_info_idx", "Alias": "mi_idx", "Startup Cost": 0.0, "Total Cost": 0.31, "Plan Rows": 2, "Plan Width": 13, "Index Cond": "(movie_id = ci.movie_id)"}]}]}, {"Node Type": "Index Scan", "Parent Relationship": "Inner", "Scan Direction": "Forward", "Index Name": "movie_id_movie_info", "Relation Name": "movie_info", "Alias": "mi", "Startup Cost": 0.0, "Total Cost": 0.7, "Plan Rows": 5, "Plan Width": 50, "Index Cond": "(movie_id = ci.movie_id)"}]}]}, {"Node Type": "Index Scan", "Parent Relationship": "Inner", "Scan Direction": "Forward", "Index Name": "title_pkey", "Relation Name": "title", "Alias": "t", "Startup Cost": 0.0, "Total Cost": 0.28, "Plan Rows": 1, "Plan Width": 21, "Index Cond": "(id = mi.movie_id)"}]}]}, "Unique SQL Id": 4264520866, "Planner Runtime": 5}, "explain_analyze_plan": {"Plan": {"Node Type": "Aggregate", "Strategy": "Plain", "Startup Cost": 121503.41, "Total Cost": 121503.42, "Plan Rows": 1, "Plan Width": 160, "Actual Startup Time": 1959.471, "Actual Total Time": 1959.472, "Actual Rows": 1, "Actual Loops": 1, "Plans": [{"Node Type": "Nested Loop", "Parent Relationship": "Outer", "Join Type": "Inner", "Startup Cost": 0.0, "Total Cost": 121503.35, "Plan Rows": 8, "Plan Width": 64, "Actual Startup Time": 0.993, "Actual Total Time": 1958.563, "Actual Rows": 410, "Actual Loops": 1, "Inner Unique": true, "Plans": [{"Node Type": "Nested Loop", "Parent Relationship": "Outer", "Join Type": "Inner", "Startup Cost": 0.0, "Total Cost": 121500.72, "Plan Rows": 9, "Plan Width": 59, "Actual Startup Time": 0.978, "Actual Total Time": 1954.798, "Actual Rows": 410, "Actual Loops": 1, "Inner Unique": false, "Join Filter": "(mi.info_type_id = it1.id)", "Rows Removed by Join Filter": 81998, "Plans": [{"Node Type": "Seq Scan", "Parent Relationship": "Outer", "Relation Name": "info_type", "Alias": "it1", "Startup Cost": 0.0, "Total Cost": 2.4, "Plan Rows": 1, "Plan Width": 4, "Actual Startup Time": 0.061, "Actual Total Time": 0.07, "Actual Rows": 1, "Actual Loops": 1, "Filter": "((info)::text = 'budget'::text)", "Rows Removed by Filter": 111}, {"Node Type": "Nested Loop", "Parent Relationship": "Inner", "Join Type": "Inner", "Startup Cost": 0.0, "Total Cost": 121494.84, "Plan Rows": 279, "Plan Width": 63, "Actual Startup Time": 0.882, "Actual Total Time": 1938.81, "Actual Rows": 82408, "Actual Loops": 1, "Inner Unique": false, "Join Filter": "(mi_idx.movie_id = mi.movie_id)", "Rows Removed by Join Filter": 0, "Plans": [{"Node Type": "Nested Loop", "Parent Relationship": "Outer", "Join Type": "Inner", "Startup Cost": 0.0, "Total Cost": 121455.23, "Plan Rows": 52, "Plan Width": 13, "Actual Startup Time": 0.866, "Actual Total Time": 1825.186, "Actual Rows": 3435, "Actual Loops": 1, "Inner Unique": false, "Join Filter": "(mi_idx.info_type_id = it2.id)", "Rows Removed by Join Filter": 6875, "Plans": [{"Node Type": "Seq Scan", "Parent Relationship": "Outer", "Relation Name": "info_type", "Alias": "it2", "Startup Cost": 0.0, "Total Cost": 2.4, "Plan Rows": 1, "Plan Width": 4, "Actual Startup Time": 0.041, "Actual Total Time": 0.053, "Actual Rows": 1, "Actual Loops": 1, "Filter": "((info)::text = 'votes'::text)", "Rows Removed by Filter": 111}, {"Node Type": "Nested Loop", "Parent Relationship": "Inner", "Join Type": "Inner", "Startup Cost": 0.0, "Total Cost": 121448.51, "Plan Rows": 346, "Plan Width": 17, "Actual Startup Time": 0.819, "Actual Total Time": 1822.36, "Actual Rows": 10310, "Actual Loops": 1, "Inner Unique": false, "Plans": [{"Node Type": "Nested Loop", "Parent Relationship": "Outer", "Join Type": "Inner", "Startup Cost": 0.0, "Total Cost": 121351.72, "Plan Rows": 294, "Plan Width": 4, "Actual Startup Time": 0.804, "Actual Total Time": 1787.161, "Actual Rows": 6719, "Actual Loops": 1, "Inner Unique": false, "Plans": [{"Node Type": "Seq Scan", "Parent Relationship": "Outer", "Relation Name": "name", "Alias": "n", "Startup Cost": 0.0, "Total Cost": 113909.35, "Plan Rows": 173, "Plan Width": 4, "Actual Startup Time": 0.234, "Actual Total Time": 1655.099, "Actual Rows": 9062, "Actual Loops": 1, "Filter": "(((name)::text ~~ '%Tim%'::text) AND ((gender)::text = 'm'::text))", "Rows Removed by Filter": 4158428}, {"Node Type": "Index Scan", "Parent Relationship": "Inner", "Scan Direction": "Forward", "Index Name": "person_id_cast_info", "Relation Name": "cast_info", "Alias": "ci", "Startup Cost": 0.0, "Total Cost": 43.0, "Plan Rows": 2, "Plan Width": 8, "Actual Startup Time": 106.12, "Actual Total Time": 124.962, "Actual Rows": 6719, "Actual Loops": 9062, "Index Cond": "(person_id = n.id)", "Rows Removed by Index Recheck": 0, "Filter": "((note)::text = ANY ('{(producer),\"(executive producer)\"}'::text[]))", "Rows Removed by Filter": 89309}]}, {"Node Type": "Index Scan", "Parent Relationship": "Inner", "Scan Direction": "Forward", "Index Name": "movie_id_movie_info_idx", "Relation Name": "movie_info_idx", "Alias": "mi_idx", "Startup Cost": 0.0, "Total Cost": 0.31, "Plan Rows": 2, "Plan Width": 13, "Actual Startup Time": 25.285, "Actual Total Time": 29.273, "Actual Rows": 10310, "Actual Loops": 6719, "Index Cond": "(movie_id = ci.movie_id)", "Rows Removed by Index Recheck": 0}]}]}, {"Node Type": "Index Scan", "Parent Relationship": "Inner", "Scan Direction": "Forward", "Index Name": "movie_id_movie_info", "Relation Name": "movie_info", "Alias": "mi", "Startup Cost": 0.0, "Total Cost": 0.7, "Plan Rows": 5, "Plan Width": 50, "Actual Startup Time": 21.854, "Actual Total Time": 84.199, "Actual Rows": 82408, "Actual Loops": 3435, "Index Cond": "(movie_id = ci.movie_id)", "Rows Removed by Index Recheck": 0}]}]}, {"Node Type": "Index Scan", "Parent Relationship": "Inner", "Scan Direction": "Forward", "Index Name": "title_pkey", "Relation Name": "title", "Alias": "t", "Startup Cost": 0.0, "Total Cost": 0.28, "Plan Rows": 1, "Plan Width": 21, "Actual Startup Time": 3.207, "Actual Total Time": 3.207, "Actual Rows": 410, "Actual Loops": 410, "Index Cond": "(id = mi.movie_id)", "Rows Removed by Index Recheck": 0}]}]}, "Triggers": [], "Planner Runtime": 5.082, "Total Runtime": 1959.729, "Unique SQL Id": 4264520866}}, "(1, '125')": {"explain_plan": {"Plan": {"Node Type": "Aggregate", "Strategy": "Plain", "Startup Cost": 204687.88, "Total Cost": 204687.89, "Plan Rows": 1, "Plan Width": 160, "Plans": [{"Node Type": "Nested Loop", "Parent Relationship": "Outer", "Join Type": "Inner", "Startup Cost": 0.0, "Total Cost": 204687.82, "Plan Rows": 8, "Plan Width": 64, "Inner Unique": true, "Plans": [{"Node Type": "Nested Loop", "Parent Relationship": "Outer", "Join Type": "Inner", "Startup Cost": 0.0, "Total Cost": 204685.19, "Plan Rows": 9, "Plan Width": 59, "Inner Unique": false, "Join Filter": "(mi.info_type_id = it1.id)", "Plans": [{"Node Type": "Index Scan", "Parent Relationship": "Outer", "Scan Direction": "Forward", "Index Name": "info_type_pkey", "Relation Name": "info_type", "Alias": "it1", "Startup Cost": 0.0, "Total Cost": 14.21, "Plan Rows": 1, "Plan Width": 4, "Filter": "((info)::text = 'budget'::text)"}, {"Node Type": "Nested Loop", "Parent Relationship": "Inner", "Join Type": "Inner", "Startup Cost": 0.0, "Total Cost": 204667.49, "Plan Rows": 279, "Plan Width": 63, "Inner Unique": false, "Join Filter": "(mi_idx.movie_id = mi.movie_id)", "Plans": [{"Node Type": "Nested Loop", "Parent Relationship": "Outer", "Join Type": "Inner", "Startup Cost": 0.0, "Total Cost": 204627.89, "Plan Rows": 52, "Plan Width": 13, "Inner Unique": false, "Join Filter": "(mi_idx.info_type_id = it2.id)", "Plans": [{"Node Type": "Index Scan", "Parent Relationship": "Outer", "Scan Direction": "Forward", "Index Name": "info_type_pkey", "Relation Name": "info_type", "Alias": "it2", "Startup Cost": 0.0, "Total Cost": 14.21, "Plan Rows": 1, "Plan Width": 4, "Filter": "((info)::text = 'votes'::text)"}, {"Node Type": "Nested Loop", "Parent Relationship": "Inner", "Join Type": "Inner", "Startup Cost": 0.0, "Total Cost": 204609.36, "Plan Rows": 346, "Plan Width": 17, "Inner Unique": false, "Plans": [{"Node Type": "Nested Loop", "Parent Relationship": "Outer", "Join Type": "Inner", "Startup Cost": 0.0, "Total Cost": 204512.56, "Plan Rows": 294, "Plan Width": 4, "Inner Unique": false, "Plans": [{"Node Type": "Index Scan", "Parent Relationship": "Outer", "Scan Direction": "Forward", "Index Name": "name_pkey", "Relation Name": "name", "Alias": "n", "Startup Cost": 0.0, "Total Cost": 197070.2, "Plan Rows": 173, "Plan Width": 4, "Filter": "(((name)::text ~~ '%Tim%'::text) AND ((gender)::text = 'm'::text))"}, {"Node Type": "Index Scan", "Parent Relationship": "Inner", "Scan Direction": "Forward", "Index Name": "person_id_cast_info", "Relation Name": "cast_info", "Alias": "ci", "Startup Cost": 0.0, "Total Cost": 43.0, "Plan Rows": 2, "Plan Width": 8, "Index Cond": "(person_id = n.id)", "Filter": "((note)::text = ANY ('{(producer),\"(executive producer)\"}'::text[]))"}]}, {"Node Type": "Index Scan", "Parent Relationship": "Inner", "Scan Direction": "Forward", "Index Name": "movie_id_movie_info_idx", "Relation Name": "movie_info_idx", "Alias": "mi_idx", "Startup Cost": 0.0, "Total Cost": 0.31, "Plan Rows": 2, "Plan Width": 13, "Index Cond": "(movie_id = ci.movie_id)"}]}]}, {"Node Type": "Index Scan", "Parent Relationship": "Inner", "Scan Direction": "Forward", "Index Name": "movie_id_movie_info", "Relation Name": "movie_info", "Alias": "mi", "Startup Cost": 0.0, "Total Cost": 0.7, "Plan Rows": 5, "Plan Width": 50, "Index Cond": "(movie_id = ci.movie_id)"}]}]}, {"Node Type": "Index Scan", "Parent Relationship": "Inner", "Scan Direction": "Forward", "Index Name": "title_pkey", "Relation Name": "title", "Alias": "t", "Startup Cost": 0.0, "Total Cost": 0.28, "Plan Rows": 1, "Plan Width": 21, "Index Cond": "(id = mi.movie_id)"}]}]}, "Unique SQL Id": 4264520866, "Planner Runtime": 4}, "explain_analyze_plan": null}, "(1, '126')": {"explain_plan": {"Plan": {"Node Type": "Aggregate", "Strategy": "Plain", "Startup Cost": 8878222.84, "Total Cost": 8878222.85, "Plan Rows": 1, "Plan Width": 160, "Plans": [{"Node Type": "Nested Loop", "Parent Relationship": "Outer", "Join Type": "Inner", "Startup Cost": 0.0, "Total Cost": 8878222.78, "Plan Rows": 8, "Plan Width": 64, "Inner Unique": false, "Join Filter": "(mi.movie_id = t.id)", "Plans": [{"Node Type": "Seq Scan", "Parent Relationship": "Outer", "Relation Name": "title", "Alias": "t", "Startup Cost": 0.0, "Total Cost": 60069.11, "Plan Rows": 2528311, "Plan Width": 21}, {"Node Type": "Materialize", "Parent Relationship": "Inner", "Startup Cost": 0.0, "Total Cost": 8476831.71, "Plan Rows": 9, "Plan Width": 59, "Plans": [{"Node Type": "Nested Loop", "Parent Relationship": "Outer", "Join Type": "Inner", "Startup Cost": 0.0, "Total Cost": 8476831.66, "Plan Rows": 9, "Plan Width": 59, "Inner Unique": false, "Join Filter": "(mi_idx.movie_id = mi.movie_id)", "Plans": [{"Node Type": "Nested Loop", "Parent Relationship": "Outer", "Join Type": "Inner", "Startup Cost": 0.0, "Total Cost": 37527.17, "Plan Rows": 345008, "Plan Width": 9, "Inner Unique": false, "Join Filter": "(it2.id = mi_idx.info_type_id), (LLVM Optimized)", "Plans": [{"Node Type": "Seq Scan", "Parent Relationship": "Outer", "Relation Name": "info_type", "Alias": "it2", "Startup Cost": 0.0, "Total Cost": 2.4, "Plan Rows": 1, "Plan Width": 4, "Filter": "((info)::text = 'votes'::text)"}, {"Node Type": "Seq Scan", "Parent Relationship": "Inner", "Relation Name": "movie_info_idx", "Alias": "mi_idx", "Startup Cost": 0.0, "Total Cost": 20274.34, "Plan Rows": 1380034, "Plan Width": 13}]}, {"Node Type": "Materialize", "Parent Relationship": "Inner", "Startup Cost": 0.0, "Total Cost": 8325451.91, "Plan Rows": 22, "Plan Width": 50, "Plans": [{"Node Type": "Nested Loop", "Parent Relationship": "Outer", "Join Type": "Inner", "Startup Cost": 0.0, "Total Cost": 8325451.8, "Plan Rows": 22, "Plan Width": 50, "Inner Unique": false, "Join Filter": "(ci.movie_id = mi.movie_id)", "Plans": [{"Node Type": "Nested Loop", "Parent Relationship": "Outer", "Join Type": "Inner", "Startup Cost": 0.0, "Total Cost": 482864.64, "Plan Rows": 212428, "Plan Width": 46, "Inner Unique": false, "Join Filter": "(it1.id = mi.info_type_id), (LLVM Optimized)", "Plans": [{"Node Type": "Seq Scan", "Parent Relationship": "Outer", "Relation Name": "info_type", "Alias": "it1", "Startup Cost": 0.0, "Total Cost": 2.4, "Plan Rows": 1, "Plan Width": 4, "Filter": "((info)::text = 'budget'::text)"}, {"Node Type": "Seq Scan", "Parent Relationship": "Inner", "Relation Name": "movie_info", "Alias": "mi", "Startup Cost": 0.0, "Total Cost": 296987.66, "Plan Rows": 14869966, "Plan Width": 50}]}, {"Node Type": "Materialize", "Parent Relationship": "Inner", "Startup Cost": 0.0, "Total Cost": 6905780.42, "Plan Rows": 294, "Plan Width": 4, "Plans": [{"Node Type": "Nested Loop", "Parent Relationship": "Outer", "Join Type": "Inner", "Startup Cost": 0.0, "Total Cost": 6905778.95, "Plan Rows": 294, "Plan Width": 4, "Inner Unique": true, "Join Filter": "(ci.person_id = n.id)", "Plans": [{"Node Type": "Seq Scan", "Parent Relationship": "Outer", "Relation Name": "cast_info", "Alias": "ci", "Startup Cost": 0.0, "Total Cost": 692526.68, "Plan Rows": 2350421, "Plan Width": 8, "Filter": "((note)::text = ANY ('{(producer),\"(executive producer)\"}'::text[]))"}, {"Node Type": "Materialize", "Parent Relationship": "Inner", "Startup Cost": 0.0, "Total Cost": 113910.22, "Plan Rows": 173, "Plan Width": 4, "Plans": [{"Node Type": "Seq Scan", "Parent Relationship": "Outer", "Relation Name": "name", "Alias": "n", "Startup Cost": 0.0, "Total Cost": 113909.35, "Plan Rows": 173, "Plan Width": 4, "Filter": "(((name)::text ~~ '%Tim%'::text) AND ((gender)::text = 'm'::text))"}]}]}]}]}]}]}]}]}]}, "Unique SQL Id": 4264520866, "Planner Runtime": 4}, "explain_analyze_plan": null}, "(1, '127')": {"explain_plan": {"Plan": {"Node Type": "Aggregate", "Strategy": "Plain", "Startup Cost": 7000361921196.91, "Total Cost": 7000361921196.92, "Plan Rows": 1, "Plan Width": 160, "Plans": [{"Node Type": "Nested Loop", "Parent Relationship": "Outer", "Join Type": "Inner", "Startup Cost": 70000000000.0, "Total Cost": 7000361921196.85, "Plan Rows": 8, "Plan Width": 64, "Inner Unique": false, "Join Filter": "(mi.movie_id = t.id)", "Plans": [{"Node Type": "Index Scan", "Parent Relationship": "Outer", "Scan Direction": "Forward", "Index Name": "title_pkey", "Relation Name": "title", "Alias": "t", "Startup Cost": 10000000000.0, "Total Cost": 1000011012048.91, "Plan Rows": 2528311, "Plan Width": 21}, {"Node Type": "Materialize", "Parent Relationship": "Inner", "Startup Cost": 60000000000.0, "Total Cost": 6000350567825.98, "Plan Rows": 9, "Plan Width": 59, "Plans": [{"Node Type": "Nested Loop", "Parent Relationship": "Outer", "Join Type": "Inner", "Startup Cost": 60000000000.0, "Total Cost": 6000350567825.93, "Plan Rows": 9, "Plan Width": 59, "Inner Unique": false, "Join Filter": "(mi_idx.movie_id = mi.movie_id)", "Plans": [{"Node Type": "Nested Loop", "Parent Relationship": "Outer", "Join Type": "Inner", "Startup Cost": 20000000000.0, "Total Cost": 2000004672156.88, "Plan Rows": 345008, "Plan Width": 9, "Inner Unique": true, "Join Filter": "(it2.id = mi_idx.info_type_id), (LLVM Optimized)", "Plans": [{"Node Type": "Index Scan", "Parent Relationship": "Outer", "Scan Direction": "Forward", "Index Name": "movie_id_movie_info_idx", "Relation Name": "movie_info_idx", "Alias": "mi_idx", "Startup Cost": 10000000000.0, "Total Cost": 1000004650035.37, "Plan Rows": 1380034, "Plan Width": 13}, {"Node Type": "Materialize", "Parent Relationship": "Inner", "Startup Cost": 10000000000.0, "Total Cost": 1000000001421.0, "Plan Rows": 1, "Plan Width": 4, "Plans": [{"Node Type": "Index Scan", "Parent Relationship": "Outer", "Scan Direction": "Forward", "Index Name": "info_type_pkey", "Relation Name": "info_type", "Alias": "it2", "Startup Cost": 10000000000.0, "Total Cost": 1000000001421.0, "Plan Rows": 1, "Plan Width": 4, "Filter": "((info)::text = 'votes'::text)"}]}]}, {"Node Type": "Materialize", "Parent Relationship": "Inner", "Startup Cost": 40000000000.0, "Total Cost": 4000345781816.47, "Plan Rows": 22, "Plan Width": 50, "Plans": [{"Node Type": "Nested Loop", "Parent Relationship": "Outer", "Join Type": "Inner", "Startup Cost": 40000000000.0, "Total Cost": 4000345781816.36, "Plan Rows": 22, "Plan Width": 50, "Inner Unique": false, "Join Filter": "(ci.movie_id = mi.movie_id)", "Plans": [{"Node Type": "Nested Loop", "Parent Relationship": "Outer", "Join Type": "Inner", "Startup Cost": 20000000000.0, "Total Cost": 2000104041382.71, "Plan Rows": 212428, "Plan Width": 46, "Inner Unique": true, "Join Filter": "(it1.id = mi.info_type_id), (LLVM Optimized)", "Plans": [{"Node Type": "Index Scan", "Parent Relationship": "Outer", "Scan Direction": "Forward", "Index Name": "movie_id_movie_info", "Relation Name": "movie_info", "Alias": "mi", "Startup Cost": 10000000000.0, "Total Cost": 1000103816912.22, "Plan Rows": 14869966, "Plan Width": 50}, {"Node Type": "Materialize", "Parent Relationship": "Inner", "Startup Cost": 10000000000.0, "Total Cost": 1000000001421.0, "Plan Rows": 1, "Plan Width": 4, "Plans": [{"Node Type": "Index Scan", "Parent Relationship": "Outer", "Scan Direction": "Forward", "Index Name": "info_type_pkey", "Relation Name": "info_type", "Alias": "it1", "Startup Cost": 10000000000.0, "Total Cost": 1000000001421.0, "Plan Rows": 1, "Plan Width": 4, "Filter": "((info)::text = 'budget'::text)"}]}]}, {"Node Type": "Materialize", "Parent Relationship": "Inner", "Startup Cost": 20000000000.0, "Total Cost": 2000240803626.91, "Plan Rows": 294, "Plan Width": 4, "Plans": [{"Node Type": "Nested Loop", "Parent Relationship": "Outer", "Join Type": "Inner", "Startup Cost": 20000000000.0, "Total Cost": 2000240803625.44, "Plan Rows": 294, "Plan Width": 4, "Inner Unique": true, "Join Filter": "(ci.person_id = n.id)", "Plans": [{"Node Type": "Index Scan", "Parent Relationship": "Outer", "Scan Direction": "Forward", "Index Name": "movie_id_cast_info", "Relation Name": "cast_info", "Alias": "ci", "Startup Cost": 10000000000.0, "Total Cost": 1000214997262.8, "Plan Rows": 2350421, "Plan Width": 8, "Filter": "((note)::text = ANY ('{(producer),\"(executive producer)\"}'::text[]))"}, {"Node Type": "Materialize", "Parent Relationship": "Inner", "Startup Cost": 10000000000.0, "Total Cost": 1000019707020.57, "Plan Rows": 173, "Plan Width": 4, "Plans": [{"Node Type": "Index Scan", "Parent Relationship": "Outer", "Scan Direction": "Forward", "Index Name": "name_pkey", "Relation Name": "name", "Alias": "n", "Startup Cost": 10000000000.0, "Total Cost": 1000019707019.7, "Plan Rows": 173, "Plan Width": 4, "Filter": "(((name)::text ~~ '%Tim%'::text) AND ((gender)::text = 'm'::text))"}]}]}]}]}]}]}]}]}]}, "Unique SQL Id": 4264520866, "Planner Runtime": 4}, "explain_analyze_plan": null}, "(16, '0')": {"explain_plan": {"Plan": {"Node Type": "Aggregate", "Strategy": "Plain", "Startup Cost": 29854.72, "Total Cost": 29854.73, "Plan Rows": 1, "Plan Width": 160, "Plans": [{"Node Type": "Nested Loop", "Parent Relationship": "Outer", "Join Type": "Inner", "Startup Cost": 0.0, "Total Cost": 29854.66, "Plan Rows": 9, "Plan Width": 64, "Inner Unique": true, "Plans": [{"Node Type": "Nested Loop", "Parent Relationship": "Outer", "Join Type": "Inner", "Startup Cost": 0.0, "Total Cost": 29852.03, "Plan Rows": 9, "Plan Width": 59, "Inner Unique": false, "Join Filter": "(mi_idx.info_type_id = it2.id)", "Plans": [{"Node Type": "Seq Scan", "Parent Relationship": "Outer", "Relation Name": "info_type", "Alias": "it2", "Startup Cost": 0.0, "Total Cost": 2.4, "Plan Rows": 1, "Plan Width": 4, "Filter": "((info)::text = 'votes'::text)"}, {"Node Type": "Nested Loop", "Parent Relationship": "Inner", "Join Type": "Inner", "Startup Cost": 0.0, "Total Cost": 29849.21, "Plan Rows": 34, "Plan Width": 63, "Inner Unique": false, "Plans": [{"Node Type": "Nested Loop", "Parent Relationship": "Outer", "Join Type": "Inner", "Startup Cost": 0.0, "Total Cost": 29807.57, "Plan Rows": 133, "Plan Width": 50, "Inner Unique": false, "Join Filter": "(mi.info_type_id = it1.id)", "Plans": [{"Node Type": "Seq Scan", "Parent Relationship": "Outer", "Relation Name": "info_type", "Alias": "it1", "Startup Cost": 0.0, "Total Cost": 2.4, "Plan Rows": 1, "Plan Width": 4, "Filter": "((info)::text = 'budget'::text)"}, {"Node Type": "Materialize", "Parent Relationship": "Inner", "Startup Cost": 0.0, "Total Cost": 29789.56, "Plan Rows": 1561, "Plan Width": 54, "Plans": [{"Node Type": "Nested Loop", "Parent Relationship": "Outer", "Join Type": "Inner", "Startup Cost": 0.0, "Total Cost": 29785.66, "Plan Rows": 1561, "Plan Width": 54, "Inner Unique": false, "Plans": [{"Node Type": "Nested Loop", "Parent Relationship": "Outer", "Join Type": "Inner", "Startup Cost": 0.0, "Total Cost": 29565.43, "Plan Rows": 294, "Plan Width": 4, "Inner Unique": false, "Plans": [{"Node Type": "Streaming(type: LOCAL GATHER dop: 1/16)", "Parent Relationship": "Outer", "Startup Cost": 0.0, "Total Cost": 22123.07, "Plan Rows": 173, "Plan Width": 4, "Plans": [{"Node Type": "Seq Scan", "Parent Relationship": "Outer", "Relation Name": "name", "Alias": "n", "Startup Cost": 0.0, "Total Cost": 22119.33, "Plan Rows": 173, "Plan Width": 4, "Filter": "(((name)::text ~~ '%Tim%'::text) AND ((gender)::text = 'm'::text))"}]}, {"Node Type": "Index Scan", "Parent Relationship": "Inner", "Scan Direction": "Forward", "Index Name": "person_id_cast_info", "Relation Name": "cast_info", "Alias": "ci", "Startup Cost": 0.0, "Total Cost": 43.0, "Plan Rows": 2, "Plan Width": 8, "Index Cond": "(person_id = n.id)", "Filter": "((note)::text = ANY ('{(producer),\"(executive producer)\"}'::text[]))"}]}, {"Node Type": "Index Scan", "Parent Relationship": "Inner", "Scan Direction": "Forward", "Index Name": "movie_id_movie_info", "Relation Name": "movie_info", "Alias": "mi", "Startup Cost": 0.0, "Total Cost": 0.7, "Plan Rows": 5, "Plan Width": 50, "Index Cond": "(movie_id = ci.movie_id)"}]}]}]}, {"Node Type": "Index Scan", "Parent Relationship": "Inner", "Scan Direction": "Forward", "Index Name": "movie_id_movie_info_idx", "Relation Name": "movie_info_idx", "Alias": "mi_idx", "Startup Cost": 0.0, "Total Cost": 0.29, "Plan Rows": 2, "Plan Width": 13, "Index Cond": "(movie_id = mi.movie_id)"}]}]}, {"Node Type": "Index Scan", "Parent Relationship": "Inner", "Scan Direction": "Forward", "Index Name": "title_pkey", "Relation Name": "title", "Alias": "t", "Startup Cost": 0.0, "Total Cost": 0.28, "Plan Rows": 1, "Plan Width": 21, "Index Cond": "(id = mi.movie_id)"}]}]}, "Unique SQL Id": 4264520866, "Planner Runtime": 99}, "explain_analyze_plan": {"Plan": {"Node Type": "Aggregate", "Strategy": "Plain", "Startup Cost": 29854.72, "Total Cost": 29854.73, "Plan Rows": 1, "Plan Width": 160, "Actual Min Startup Time": 416.335, "Actual Max Startup Time": 416.335, "Actual Min Total Time": 416.336, "Actual Max Total Time": 416.336, "Plans": [{"Node Type": "Nested Loop", "Parent Relationship": "Outer", "Join Type": "Inner", "Startup Cost": 0.0, "Total Cost": 29854.66, "Plan Rows": 9, "Plan Width": 64, "Actual Min Startup Time": 368.0, "Actual Max Startup Time": 368.0, "Actual Min Total Time": 415.898, "Actual Max Total Time": 415.898, "Inner Unique": true, "Plans": [{"Node Type": "Nested Loop", "Parent Relationship": "Outer", "Join Type": "Inner", "Startup Cost": 0.0, "Total Cost": 29852.03, "Plan Rows": 9, "Plan Width": 59, "Actual Min Startup Time": 367.98, "Actual Max Startup Time": 367.98, "Actual Min Total Time": 412.403, "Actual Max Total Time": 412.403, "Inner Unique": false, "Join Filter": "(mi_idx.info_type_id = it2.id)", "Rows Removed by Join Filter": 825, "Plans": [{"Node Type": "Seq Scan", "Parent Relationship": "Outer", "Relation Name": "info_type", "Alias": "it2", "Startup Cost": 0.0, "Total Cost": 2.4, "Plan Rows": 1, "Plan Width": 4, "Actual Min Startup Time": 0.064, "Actual Max Startup Time": 0.064, "Actual Min Total Time": 0.073, "Actual Max Total Time": 0.073, "Filter": "((info)::text = 'votes'::text)", "Rows Removed by Filter": 111, "Actual Rows": 1}, {"Node Type": "Nested Loop", "Parent Relationship": "Inner", "Join Type": "Inner", "Startup Cost": 0.0, "Total Cost": 29849.21, "Plan Rows": 34, "Plan Width": 63, "Actual Min Startup Time": 367.905, "Actual Max Startup Time": 367.905, "Actual Min Total Time": 409.763, "Actual Max Total Time": 409.763, "Inner Unique": false, "Plans": [{"Node Type": "Nested Loop", "Parent Relationship": "Outer", "Join Type": "Inner", "Startup Cost": 0.0, "Total Cost": 29807.57, "Plan Rows": 133, "Plan Width": 50, "Actual Min Startup Time": 367.835, "Actual Max Startup Time": 367.835, "Actual Min Total Time": 403.986, "Actual Max Total Time": 403.986, "Inner Unique": false, "Join Filter": "(mi.info_type_id = it1.id)", "Rows Removed by Join Filter": 95197, "Plans": [{"Node Type": "Seq Scan", "Parent Relationship": "Outer", "Relation Name": "info_type", "Alias": "it1", "Startup Cost": 0.0, "Total Cost": 2.4, "Plan Rows": 1, "Plan Width": 4, "Actual Min Startup Time": 0.057, "Actual Max Startup Time": 0.057, "Actual Min Total Time": 0.07, "Actual Max Total Time": 0.07, "Filter": "((info)::text = 'budget'::text)", "Rows Removed by Filter": 111, "Actual Rows": 1}, {"Node Type": "Materialize", "Parent Relationship": "Inner", "Startup Cost": 0.0, "Total Cost": 29789.56, "Plan Rows": 1561, "Plan Width": 54, "Actual Min Startup Time": 367.762, "Actual Max Startup Time": 367.762, "Actual Min Total Time": 379.616, "Actual Max Total Time": 379.616, "Plans": [{"Node Type": "Nested Loop", "Parent Relationship": "Outer", "Join Type": "Inner", "Startup Cost": 0.0, "Total Cost": 29785.66, "Plan Rows": 1561, "Plan Width": 54, "Actual Min Startup Time": 19.961, "Actual Max Startup Time": 19.961, "Actual Min Total Time": 340.588, "Actual Max Total Time": 340.588, "Inner Unique": false, "Plans": [{"Node Type": "Nested Loop", "Parent Relationship": "Outer", "Join Type": "Inner", "Startup Cost": 0.0, "Total Cost": 29565.43, "Plan Rows": 294, "Plan Width": 4, "Actual Min Startup Time": 19.942, "Actual Max Startup Time": 19.942, "Actual Min Total Time": 192.495, "Actual Max Total Time": 192.495, "Inner Unique": false, "Plans": [{"Node Type": "Streaming(type: LOCAL GATHER dop: 1/16)", "Parent Relationship": "Outer", "Startup Cost": 0.0, "Total Cost": 22123.07, "Plan Rows": 173, "Plan Width": 4, "Actual Min Startup Time": 19.553, "Actual Max Startup Time": 19.553, "Actual Min Total Time": 61.065, "Actual Max Total Time": 61.065, "Plans": [{"Node Type": "Seq Scan", "Parent Relationship": "Outer", "Relation Name": "name", "Alias": "n", "Startup Cost": 0.0, "Total Cost": 22119.33, "Plan Rows": 173, "Plan Width": 4, "Actual Min Startup Time": 0.032, "Actual Max Startup Time": 0.834, "Actual Min Total Time": 101.822, "Actual Max Total Time": 105.99, "Filter": "(((name)::text ~~ '%Tim%'::text) AND ((gender)::text = 'm'::text))", "Rows Removed by Filter": 4158428, "Actual Rows": 9062}], "Actual Rows": 9062}, {"Node Type": "Index Scan", "Parent Relationship": "Inner", "Scan Direction": "Forward", "Index Name": "person_id_cast_info", "Relation Name": "cast_info", "Alias": "ci", "Startup Cost": 0.0, "Total Cost": 43.0, "Plan Rows": 2, "Plan Width": 8, "Actual Min Startup Time": 105.697, "Actual Max Startup Time": 105.697, "Actual Min Total Time": 124.933, "Actual Max Total Time": 124.933, "Index Cond": "(person_id = n.id)", "Rows Removed by Index Recheck": 0, "Filter": "((note)::text = ANY ('{(producer),\"(executive producer)\"}'::text[]))", "Rows Removed by Filter": 89309, "Actual Rows": 6719}], "Actual Rows": 6719}, {"Node Type": "Index Scan", "Parent Relationship": "Inner", "Scan Direction": "Forward", "Index Name": "movie_id_movie_info", "Relation Name": "movie_info", "Alias": "mi", "Startup Cost": 0.0, "Total Cost": 0.7, "Plan Rows": 5, "Plan Width": 50, "Actual Min Startup Time": 39.487, "Actual Max Startup Time": 39.487, "Actual Min Total Time": 123.948, "Actual Max Total Time": 123.948, "Index Cond": "(movie_id = ci.movie_id)", "Rows Removed by Index Recheck": 0, "Actual Rows": 95896}], "Actual Rows": 95896}], "Actual Rows": 95897}], "Actual Rows": 699}, {"Node Type": "Index Scan", "Parent Relationship": "Inner", "Scan Direction": "Forward", "Index Name": "movie_id_movie_info_idx", "Relation Name": "movie_info_idx", "Alias": "mi_idx", "Startup Cost": 0.0, "Total Cost": 0.29, "Plan Rows": 2, "Plan Width": 13, "Actual Min Startup Time": 4.625, "Actual Max Startup Time": 4.625, "Actual Min Total Time": 5.128, "Actual Max Total Time": 5.128, "Index Cond": "(movie_id = mi.movie_id)", "Rows Removed by Index Recheck": 0, "Actual Rows": 1235}], "Actual Rows": 1235}], "Actual Rows": 410}, {"Node Type": "Index Scan", "Parent Relationship": "Inner", "Scan Direction": "Forward", "Index Name": "title_pkey", "Relation Name": "title", "Alias": "t", "Startup Cost": 0.0, "Total Cost": 0.28, "Plan Rows": 1, "Plan Width": 21, "Actual Min Startup Time": 3.196, "Actual Max Startup Time": 3.196, "Actual Min Total Time": 3.196, "Actual Max Total Time": 3.196, "Index Cond": "(id = mi.movie_id)", "Rows Removed by Index Recheck": 0, "Actual Rows": 410}], "Actual Rows": 410}], "Actual Rows": 1}, "Triggers": [], "Planner Runtime": 98.942, "Total Runtime": 419.394, "Unique SQL Id": 4264520866}}, "(16, '1')": {"explain_plan": {"Plan": {"Node Type": "Aggregate", "Strategy": "Plain", "Startup Cost": 161086.29, "Total Cost": 161086.3, "Plan Rows": 1, "Plan Width": 160, "Plans": [{"Node Type": "Nested Loop", "Parent Relationship": "Outer", "Join Type": "Inner", "Startup Cost": 0.0, "Total Cost": 161086.22, "Plan Rows": 9, "Plan Width": 64, "Inner Unique": true, "Plans": [{"Node Type": "Nested Loop", "Parent Relationship": "Outer", "Join Type": "Inner", "Startup Cost": 0.0, "Total Cost": 161083.6, "Plan Rows": 9, "Plan Width": 59, "Inner Unique": false, "Join Filter": "(mi.info_type_id = it1.id)", "Plans": [{"Node Type": "Index Scan", "Parent Relationship": "Outer", "Scan Direction": "Forward", "Index Name": "info_type_pkey", "Relation Name": "info_type", "Alias": "it1", "Startup Cost": 0.0, "Total Cost": 14.21, "Plan Rows": 1, "Plan Width": 4, "Filter": "((info)::text = 'budget'::text)"}, {"Node Type": "Nested Loop", "Parent Relationship": "Inner", "Join Type": "Inner", "Startup Cost": 0.0, "Total Cost": 161065.9, "Plan Rows": 279, "Plan Width": 63, "Inner Unique": false, "Join Filter": "(mi_idx.movie_id = mi.movie_id)", "Plans": [{"Node Type": "Nested Loop", "Parent Relationship": "Outer", "Join Type": "Inner", "Startup Cost": 0.0, "Total Cost": 161026.3, "Plan Rows": 52, "Plan Width": 13, "Inner Unique": false, "Join Filter": "(mi_idx.info_type_id = it2.id)", "Plans": [{"Node Type": "Index Scan", "Parent Relationship": "Outer", "Scan Direction": "Forward", "Index Name": "info_type_pkey", "Relation Name": "info_type", "Alias": "it2", "Startup Cost": 0.0, "Total Cost": 14.21, "Plan Rows": 1, "Plan Width": 4, "Filter": "((info)::text = 'votes'::text)"}, {"Node Type": "Materialize", "Parent Relationship": "Inner", "Startup Cost": 0.0, "Total Cost": 161008.63, "Plan Rows": 346, "Plan Width": 17, "Plans": [{"Node Type": "Nested Loop", "Parent Relationship": "Outer", "Join Type": "Inner", "Startup Cost": 0.0, "Total Cost": 161007.76, "Plan Rows": 346, "Plan Width": 17, "Inner Unique": false, "Plans": [{"Node Type": "Nested Loop", "Parent Relationship": "Outer", "Join Type": "Inner", "Startup Cost": 0.0, "Total Cost": 160910.97, "Plan Rows": 294, "Plan Width": 4, "Inner Unique": false, "Plans": [{"Node Type": "Streaming(type: LOCAL GATHER dop: 1/16)", "Parent Relationship": "Outer", "Startup Cost": 0.0, "Total Cost": 153468.6, "Plan Rows": 173, "Plan Width": 4, "Plans": [{"Node Type": "Index Scan", "Parent Relationship": "Outer", "Scan Direction": "Forward", "Index Name": "name_pkey", "Relation Name": "name", "Alias": "n", "Startup Cost": 0.0, "Total Cost": 153464.87, "Plan Rows": 173, "Plan Width": 4, "Filter": "(((name)::text ~~ '%Tim%'::text) AND ((gender)::text = 'm'::text))"}]}, {"Node Type": "Index Scan", "Parent Relationship": "Inner", "Scan Direction": "Forward", "Index Name": "person_id_cast_info", "Relation Name": "cast_info", "Alias": "ci", "Startup Cost": 0.0, "Total Cost": 43.0, "Plan Rows": 2, "Plan Width": 8, "Index Cond": "(person_id = n.id)", "Filter": "((note)::text = ANY ('{(producer),\"(executive producer)\"}'::text[]))"}]}, {"Node Type": "Index Scan", "Parent Relationship": "Inner", "Scan Direction": "Forward", "Index Name": "movie_id_movie_info_idx", "Relation Name": "movie_info_idx", "Alias": "mi_idx", "Startup Cost": 0.0, "Total Cost": 0.31, "Plan Rows": 2, "Plan Width": 13, "Index Cond": "(movie_id = ci.movie_id)"}]}]}]}, {"Node Type": "Index Scan", "Parent Relationship": "Inner", "Scan Direction": "Forward", "Index Name": "movie_id_movie_info", "Relation Name": "movie_info", "Alias": "mi", "Startup Cost": 0.0, "Total Cost": 0.7, "Plan Rows": 5, "Plan Width": 50, "Index Cond": "(movie_id = ci.movie_id)"}]}]}, {"Node Type": "Index Scan", "Parent Relationship": "Inner", "Scan Direction": "Forward", "Index Name": "title_pkey", "Relation Name": "title", "Alias": "t", "Startup Cost": 0.0, "Total Cost": 0.28, "Plan Rows": 1, "Plan Width": 21, "Index Cond": "(id = mi.movie_id)"}]}]}, "Unique SQL Id": 4264520866, "Planner Runtime": 50}, "explain_analyze_plan": {"Plan": {"Node Type": "Aggregate", "Strategy": "Plain", "Startup Cost": 161086.29, "Total Cost": 161086.3, "Plan Rows": 1, "Plan Width": 160, "Actual Min Startup Time": 476.62, "Actual Max Startup Time": 476.62, "Actual Min Total Time": 476.62, "Actual Max Total Time": 476.62, "Plans": [{"Node Type": "Nested Loop", "Parent Relationship": "Outer", "Join Type": "Inner", "Startup Cost": 0.0, "Total Cost": 161086.22, "Plan Rows": 9, "Plan Width": 64, "Actual Min Startup Time": 335.708, "Actual Max Startup Time": 335.708, "Actual Min Total Time": 476.138, "Actual Max Total Time": 476.138, "Inner Unique": true, "Plans": [{"Node Type": "Nested Loop", "Parent Relationship": "Outer", "Join Type": "Inner", "Startup Cost": 0.0, "Total Cost": 161083.6, "Plan Rows": 9, "Plan Width": 59, "Actual Min Startup Time": 335.689, "Actual Max Startup Time": 335.689, "Actual Min Total Time": 472.481, "Actual Max Total Time": 472.481, "Inner Unique": false, "Join Filter": "(mi.info_type_id = it1.id)", "Rows Removed by Join Filter": 81998, "Plans": [{"Node Type": "Index Scan", "Parent Relationship": "Outer", "Scan Direction": "Forward", "Index Name": "info_type_pkey", "Relation Name": "info_type", "Alias": "it1", "Startup Cost": 0.0, "Total Cost": 14.21, "Plan Rows": 1, "Plan Width": 4, "Actual Min Startup Time": 0.084, "Actual Max Startup Time": 0.084, "Actual Min Total Time": 0.09, "Actual Max Total Time": 0.09, "Filter": "((info)::text = 'budget'::text)", "Rows Removed by Filter": 111, "Actual Rows": 1}, {"Node Type": "Nested Loop", "Parent Relationship": "Inner", "Join Type": "Inner", "Startup Cost": 0.0, "Total Cost": 161065.9, "Plan Rows": 279, "Plan Width": 63, "Actual Min Startup Time": 335.581, "Actual Max Startup Time": 335.581, "Actual Min Total Time": 456.706, "Actual Max Total Time": 456.706, "Inner Unique": false, "Join Filter": "(mi_idx.movie_id = mi.movie_id)", "Rows Removed by Join Filter": 0, "Plans": [{"Node Type": "Nested Loop", "Parent Relationship": "Outer", "Join Type": "Inner", "Startup Cost": 0.0, "Total Cost": 161026.3, "Plan Rows": 52, "Plan Width": 13, "Actual Min Startup Time": 335.557, "Actual Max Startup Time": 335.557, "Actual Min Total Time": 339.703, "Actual Max Total Time": 339.703, "Inner Unique": false, "Join Filter": "(mi_idx.info_type_id = it2.id)", "Rows Removed by Join Filter": 6875, "Plans": [{"Node Type": "Index Scan", "Parent Relationship": "Outer", "Scan Direction": "Forward", "Index Name": "info_type_pkey", "Relation Name": "info_type", "Alias": "it2", "Startup Cost": 0.0, "Total Cost": 14.21, "Plan Rows": 1, "Plan Width": 4, "Actual Min Startup Time": 0.071, "Actual Max Startup Time": 0.071, "Actual Min Total Time": 0.081, "Actual Max Total Time": 0.081, "Filter": "((info)::text = 'votes'::text)", "Rows Removed by Filter": 111, "Actual Rows": 1}, {"Node Type": "Materialize", "Parent Relationship": "Inner", "Startup Cost": 0.0, "Total Cost": 161008.63, "Plan Rows": 346, "Plan Width": 17, "Actual Min Startup Time": 335.472, "Actual Max Startup Time": 335.472, "Actual Min Total Time": 336.702, "Actual Max Total Time": 336.702, "Plans": [{"Node Type": "Nested Loop", "Parent Relationship": "Outer", "Join Type": "Inner", "Startup Cost": 0.0, "Total Cost": 161007.76, "Plan Rows": 346, "Plan Width": 17, "Actual Min Startup Time": 70.179, "Actual Max Startup Time": 70.179, "Actual Min Total Time": 332.484, "Actual Max Total Time": 332.484, "Inner Unique": false, "Plans": [{"Node Type": "Nested Loop", "Parent Relationship": "Outer", "Join Type": "Inner", "Startup Cost": 0.0, "Total Cost": 160910.97, "Plan Rows": 294, "Plan Width": 4, "Actual Min Startup Time": 70.149, "Actual Max Startup Time": 70.149, "Actual Min Total Time": 294.567, "Actual Max Total Time": 294.567, "Inner Unique": false, "Plans": [{"Node Type": "Streaming(type: LOCAL GATHER dop: 1/16)", "Parent Relationship": "Outer", "Startup Cost": 0.0, "Total Cost": 153468.6, "Plan Rows": 173, "Plan Width": 4, "Actual Min Startup Time": 70.006, "Actual Max Startup Time": 70.006, "Actual Min Total Time": 165.071, "Actual Max Total Time": 165.071, "Plans": [{"Node Type": "Index Scan", "Parent Relationship": "Outer", "Scan Direction": "Forward", "Index Name": "name_pkey", "Relation Name": "name", "Alias": "n", "Startup Cost": 0.0, "Total Cost": 153464.87, "Plan Rows": 173, "Plan Width": 4, "Actual Min Startup Time": 39.742, "Actual Max Startup Time": 299.64, "Actual Min Total Time": 272.13, "Actual Max Total Time": 304.338, "Filter": "(((name)::text ~~ '%Tim%'::text) AND ((gender)::text = 'm'::text))", "Rows Removed by Filter": 4158428, "Actual Rows": 9062}], "Actual Rows": 9062}, {"Node Type": "Index Scan", "Parent Relationship": "Inner", "Scan Direction": "Forward", "Index Name": "person_id_cast_info", "Relation Name": "cast_info", "Alias": "ci", "Startup Cost": 0.0, "Total Cost": 43.0, "Plan Rows": 2, "Plan Width": 8, "Actual Min Startup Time": 104.11, "Actual Max Startup Time": 104.11, "Actual Min Total Time": 123.266, "Actual Max Total Time": 123.266, "Index Cond": "(person_id = n.id)", "Rows Removed by Index Recheck": 0, "Filter": "((note)::text = ANY ('{(producer),\"(executive producer)\"}'::text[]))", "Rows Removed by Filter": 89309, "Actual Rows": 6719}], "Actual Rows": 6719}, {"Node Type": "Index Scan", "Parent Relationship": "Inner", "Scan Direction": "Forward", "Index Name": "movie_id_movie_info_idx", "Relation Name": "movie_info_idx", "Alias": "mi_idx", "Startup Cost": 0.0, "Total Cost": 0.31, "Plan Rows": 2, "Plan Width": 13, "Actual Min Startup Time": 28.123, "Actual Max Startup Time": 28.123, "Actual Min Total Time": 32.253, "Actual Max Total Time": 32.253, "Index Cond": "(movie_id = ci.movie_id)", "Rows Removed by Index Recheck": 0, "Actual Rows": 10310}], "Actual Rows": 10310}], "Actual Rows": 10311}], "Actual Rows": 3435}, {"Node Type": "Index Scan", "Parent Relationship": "Inner", "Scan Direction": "Forward", "Index Name": "movie_id_movie_info", "Relation Name": "movie_info", "Alias": "mi", "Startup Cost": 0.0, "Total Cost": 0.7, "Plan Rows": 5, "Plan Width": 50, "Actual Min Startup Time": 21.885, "Actual Max Startup Time": 21.885, "Actual Min Total Time": 88.131, "Actual Max Total Time": 88.131, "Index Cond": "(movie_id = ci.movie_id)", "Rows Removed by Index Recheck": 0, "Actual Rows": 82408}], "Actual Rows": 82408}], "Actual Rows": 410}, {"Node Type": "Index Scan", "Parent Relationship": "Inner", "Scan Direction": "Forward", "Index Name": "title_pkey", "Relation Name": "title", "Alias": "t", "Startup Cost": 0.0, "Total Cost": 0.28, "Plan Rows": 1, "Plan Width": 21, "Actual Min Startup Time": 3.252, "Actual Max Startup Time": 3.252, "Actual Min Total Time": 3.252, "Actual Max Total Time": 3.252, "Index Cond": "(id = mi.movie_id)", "Rows Removed by Index Recheck": 0, "Actual Rows": 410}], "Actual Rows": 410}], "Actual Rows": 1}, "Triggers": [], "Planner Runtime": 49.928, "Total Runtime": 479.326, "Unique SQL Id": 4264520866}}, "(16, '2')": {"explain_plan": {"Plan": {"Node Type": "Aggregate", "Strategy": "Plain", "Startup Cost": 37266.11, "Total Cost": 37266.12, "Plan Rows": 1, "Plan Width": 160, "Plans": [{"Node Type": "Nested Loop", "Parent Relationship": "Outer", "Join Type": "Inner", "Startup Cost": 5.3, "Total Cost": 37266.05, "Plan Rows": 8, "Plan Width": 64, "Inner Unique": true, "Plans": [{"Node Type": "Nested Loop", "Parent Relationship": "Outer", "Join Type": "Inner", "Startup Cost": 5.04, "Total Cost": 37227.51, "Plan Rows": 9, "Plan Width": 59, "Inner Unique": false, "Join Filter": "(mi_idx.info_type_id = it2.id)", "Plans": [{"Node Type": "Seq Scan", "Parent Relationship": "Outer", "Relation Name": "info_type", "Alias": "it2", "Startup Cost": 0.0, "Total Cost": 2.4, "Plan Rows": 1, "Plan Width": 4, "Filter": "((info)::text = 'votes'::text)"}, {"Node Type": "Nested Loop", "Parent Relationship": "Inner", "Join Type": "Inner", "Startup Cost": 5.04, "Total Cost": 37224.68, "Plan Rows": 34, "Plan Width": 63, "Inner Unique": false, "Plans": [{"Node Type": "Nested Loop", "Parent Relationship": "Outer", "Join Type": "Inner", "Startup Cost": 4.77, "Total Cost": 36651.22, "Plan Rows": 133, "Plan Width": 50, "Inner Unique": false, "Join Filter": "(mi.info_type_id = it1.id)", "Plans": [{"Node Type": "Seq Scan", "Parent Relationship": "Outer", "Relation Name": "info_type", "Alias": "it1", "Startup Cost": 0.0, "Total Cost": 2.4, "Plan Rows": 1, "Plan Width": 4, "Filter": "((info)::text = 'budget'::text)"}, {"Node Type": "Materialize", "Parent Relationship": "Inner", "Startup Cost": 4.77, "Total Cost": 36633.21, "Plan Rows": 1561, "Plan Width": 54, "Plans": [{"Node Type": "Nested Loop", "Parent Relationship": "Outer", "Join Type": "Inner", "Startup Cost": 4.77, "Total Cost": 36629.3, "Plan Rows": 1561, "Plan Width": 54, "Inner Unique": false, "Plans": [{"Node Type": "Nested Loop", "Parent Relationship": "Outer", "Join Type": "Inner", "Startup Cost": 4.39, "Total Cost": 35306.9, "Plan Rows": 294, "Plan Width": 4, "Inner Unique": false, "Plans": [{"Node Type": "Streaming(type: LOCAL GATHER dop: 1/16)", "Parent Relationship": "Outer", "Startup Cost": 0.0, "Total Cost": 22123.07, "Plan Rows": 173, "Plan Width": 4, "Plans": [{"Node Type": "Seq Scan", "Parent Relationship": "Outer", "Relation Name": "name", "Alias": "n", "Startup Cost": 0.0, "Total Cost": 22119.33, "Plan Rows": 173, "Plan Width": 4, "Filter": "(((name)::text ~~ '%Tim%'::text) AND ((gender)::text = 'm'::text))"}]}, {"Node Type": "Bitmap Heap Scan", "Parent Relationship": "Inner", "Relation Name": "cast_info", "Alias": "ci", "Startup Cost": 4.39, "Total Cost": 76.19, "Plan Rows": 2, "Plan Width": 8, "Recheck Cond": "(person_id = n.id)", "Filter": "((note)::text = ANY ('{(producer),\"(executive producer)\"}'::text[]))", "Plans": [{"Node Type": "Bitmap Index Scan", "Parent Relationship": "Outer", "Index Name": "person_id_cast_info", "Startup Cost": 0.0, "Total Cost": 4.38, "Plan Rows": 18, "Plan Width": 0, "Index Cond": "(person_id = n.id)"}]}]}, {"Node Type": "Bitmap Heap Scan", "Parent Relationship": "Inner", "Relation Name": "movie_info", "Alias": "mi", "Startup Cost": 0.39, "Total Cost": 4.45, "Plan Rows": 5, "Plan Width": 50, "Recheck Cond": "(movie_id = ci.movie_id)", "Plans": [{"Node Type": "Bitmap Index Scan", "Parent Relationship": "Outer", "Index Name": "movie_id_movie_info", "Startup Cost": 0.0, "Total Cost": 0.38, "Plan Rows": 5, "Plan Width": 0, "Index Cond": "(movie_id = ci.movie_id)"}]}]}]}]}, {"Node Type": "Bitmap Heap Scan", "Parent Relationship": "Inner", "Relation Name": "movie_info_idx", "Alias": "mi_idx", "Startup Cost": 0.27, "Total Cost": 4.29, "Plan Rows": 2, "Plan Width": 13, "Recheck Cond": "(movie_id = mi.movie_id)", "Plans": [{"Node Type": "Bitmap Index Scan", "Parent Relationship": "Outer", "Index Name": "movie_id_movie_info_idx", "Startup Cost": 0.0, "Total Cost": 0.27, "Plan Rows": 2, "Plan Width": 0, "Index Cond": "(movie_id = mi.movie_id)"}]}]}]}, {"Node Type": "Bitmap Heap Scan", "Parent Relationship": "Inner", "Relation Name": "title", "Alias": "t", "Startup Cost": 0.26, "Total Cost": 4.27, "Plan Rows": 1, "Plan Width": 21, "Recheck Cond": "(id = mi.movie_id)", "Plans": [{"Node Type": "Bitmap Index Scan", "Parent Relationship": "Outer", "Index Name": "title_pkey", "Startup Cost": 0.0, "Total Cost": 0.26, "Plan Rows": 1, "Plan Width": 0, "Index Cond": "(id = mi.movie_id)"}]}]}]}, "Unique SQL Id": 4264520866, "Planner Runtime": 114}, "explain_analyze_plan": {"Plan": {"Node Type": "Aggregate", "Strategy": "Plain", "Startup Cost": 37266.11, "Total Cost": 37266.12, "Plan Rows": 1, "Plan Width": 160, "Actual Min Startup Time": 475.085, "Actual Max Startup Time": 475.085, "Actual Min Total Time": 475.086, "Actual Max Total Time": 475.086, "Plans": [{"Node Type": "Nested Loop", "Parent Relationship": "Outer", "Join Type": "Inner", "Startup Cost": 5.3, "Total Cost": 37266.05, "Plan Rows": 8, "Plan Width": 64, "Actual Min Startup Time": 425.187, "Actual Max Startup Time": 425.187, "Actual Min Total Time": 474.609, "Actual Max Total Time": 474.609, "Inner Unique": true, "Plans": [{"Node Type": "Nested Loop", "Parent Relationship": "Outer", "Join Type": "Inner", "Startup Cost": 5.04, "Total Cost": 37227.51, "Plan Rows": 9, "Plan Width": 59, "Actual Min Startup Time": 425.165, "Actual Max Startup Time": 425.165, "Actual Min Total Time": 470.369, "Actual Max Total Time": 470.369, "Inner Unique": false, "Join Filter": "(mi_idx.info_type_id = it2.id)", "Rows Removed by Join Filter": 825, "Plans": [{"Node Type": "Seq Scan", "Parent Relationship": "Outer", "Relation Name": "info_type", "Alias": "it2", "Startup Cost": 0.0, "Total Cost": 2.4, "Plan Rows": 1, "Plan Width": 4, "Actual Min Startup Time": 0.062, "Actual Max Startup Time": 0.062, "Actual Min Total Time": 0.069, "Actual Max Total Time": 0.069, "Filter": "((info)::text = 'votes'::text)", "Rows Removed by Filter": 111, "Actual Rows": 1}, {"Node Type": "Nested Loop", "Parent Relationship": "Inner", "Join Type": "Inner", "Startup Cost": 5.04, "Total Cost": 37224.68, "Plan Rows": 34, "Plan Width": 63, "Actual Min Startup Time": 425.092, "Actual Max Startup Time": 425.092, "Actual Min Total Time": 467.875, "Actual Max Total Time": 467.875, "Inner Unique": false, "Plans": [{"Node Type": "Nested Loop", "Parent Relationship": "Outer", "Join Type": "Inner", "Startup Cost": 4.77, "Total Cost": 36651.22, "Plan Rows": 133, "Plan Width": 50, "Actual Min Startup Time": 424.968, "Actual Max Startup Time": 424.968, "Actual Min Total Time": 461.082, "Actual Max Total Time": 461.082, "Inner Unique": false, "Join Filter": "(mi.info_type_id = it1.id)", "Rows Removed by Join Filter": 95197, "Plans": [{"Node Type": "Seq Scan", "Parent Relationship": "Outer", "Relation Name": "info_type", "Alias": "it1", "Startup Cost": 0.0, "Total Cost": 2.4, "Plan Rows": 1, "Plan Width": 4, "Actual Min Startup Time": 0.061, "Actual Max Startup Time": 0.061, "Actual Min Total Time": 0.071, "Actual Max Total Time": 0.071, "Filter": "((info)::text = 'budget'::text)", "Rows Removed by Filter": 111, "Actual Rows": 1}, {"Node Type": "Materialize", "Parent Relationship": "Inner", "Startup Cost": 4.77, "Total Cost": 36633.21, "Plan Rows": 1561, "Plan Width": 54, "Actual Min Startup Time": 424.891, "Actual Max Startup Time": 424.891, "Actual Min Total Time": 436.848, "Actual Max Total Time": 436.848, "Plans": [{"Node Type": "Nested Loop", "Parent Relationship": "Outer", "Join Type": "Inner", "Startup Cost": 4.77, "Total Cost": 36629.3, "Plan Rows": 1561, "Plan Width": 54, "Actual Min Startup Time": 20.314, "Actual Max Startup Time": 20.314, "Actual Min Total Time": 398.04, "Actual Max Total Time": 398.04, "Inner Unique": false, "Plans": [{"Node Type": "Nested Loop", "Parent Relationship": "Outer", "Join Type": "Inner", "Startup Cost": 4.39, "Total Cost": 35306.9, "Plan Rows": 294, "Plan Width": 4, "Actual Min Startup Time": 20.288, "Actual Max Startup Time": 20.288, "Actual Min Total Time": 223.304, "Actual Max Total Time": 223.304, "Inner Unique": false, "Plans": [{"Node Type": "Streaming(type: LOCAL GATHER dop: 1/16)", "Parent Relationship": "Outer", "Startup Cost": 0.0, "Total Cost": 22123.07, "Plan Rows": 173, "Plan Width": 4, "Actual Min Startup Time": 19.908, "Actual Max Startup Time": 19.908, "Actual Min Total Time": 74.794, "Actual Max Total Time": 74.794, "Plans": [{"Node Type": "Seq Scan", "Parent Relationship": "Outer", "Relation Name": "name", "Alias": "n", "Startup Cost": 0.0, "Total Cost": 22119.33, "Plan Rows": 173, "Plan Width": 4, "Actual Min Startup Time": 0.034, "Actual Max Startup Time": 0.845, "Actual Min Total Time": 101.725, "Actual Max Total Time": 106.128, "Filter": "(((name)::text ~~ '%Tim%'::text) AND ((gender)::text = 'm'::text))", "Rows Removed by Filter": 4158428, "Actual Rows": 9062}], "Actual Rows": 9062}, {"Node Type": "Bitmap Heap Scan", "Parent Relationship": "Inner", "Relation Name": "cast_info", "Alias": "ci", "Startup Cost": 4.39, "Total Cost": 76.19, "Plan Rows": 2, "Plan Width": 8, "Actual Min Startup Time": 120.127, "Actual Max Startup Time": 120.127, "Actual Min Total Time": 136.076, "Actual Max Total Time": 136.076, "Recheck Cond": "(person_id = n.id)", "Rows Removed by Index Recheck": 0, "Filter": "((note)::text = ANY ('{(producer),\"(executive producer)\"}'::text[]))", "Rows Removed by Filter": 89309, "Exact Heap Blocks": 13336, "Lossy Heap Blocks": 13336, "Plans": [{"Node Type": "Bitmap Index Scan", "Parent Relationship": "Outer", "Index Name": "person_id_cast_info", "Startup Cost": 0.0, "Total Cost": 4.38, "Plan Rows": 18, "Plan Width": 0, "Actual Min Startup Time": 50.638, "Actual Max Startup Time": 50.638, "Actual Min Total Time": 50.638, "Actual Max Total Time": 50.638, "Index Cond": "(person_id = n.id)", "Actual Rows": 96028}], "Actual Rows": 6719}], "Actual Rows": 6719}, {"Node Type": "Bitmap Heap Scan", "Parent Relationship": "Inner", "Relation Name": "movie_info", "Alias": "mi", "Startup Cost": 0.39, "Total Cost": 4.45, "Plan Rows": 5, "Plan Width": 50, "Actual Min Startup Time": 62.515, "Actual Max Startup Time": 62.515, "Actual Min Total Time": 146.605, "Actual Max Total Time": 146.605, "Recheck Cond": "(movie_id = ci.movie_id)", "Rows Removed by Index Recheck": 0, "Exact Heap Blocks": 40013, "Lossy Heap Blocks": 40013, "Plans": [{"Node Type": "Bitmap Index Scan", "Parent Relationship": "Outer", "Index Name": "movie_id_movie_info", "Startup Cost": 0.0, "Total Cost": 0.38, "Plan Rows": 5, "Plan Width": 0, "Actual Min Startup Time": 43.719, "Actual Max Startup Time": 43.719, "Actual Min Total Time": 43.719, "Actual Max Total Time": 43.719, "Index Cond": "(movie_id = ci.movie_id)", "Actual Rows": 95896}], "Actual Rows": 95896}], "Actual Rows": 95896}], "Actual Rows": 95897}], "Actual Rows": 699}, {"Node Type": "Bitmap Heap Scan", "Parent Relationship": "Inner", "Relation Name": "movie_info_idx", "Alias": "mi_idx", "Startup Cost": 0.27, "Total Cost": 4.29, "Plan Rows": 2, "Plan Width": 13, "Actual Min Startup Time": 5.494, "Actual Max Startup Time": 5.494, "Actual Min Total Time": 5.674, "Actual Max Total Time": 5.674, "Recheck Cond": "(movie_id = mi.movie_id)", "Rows Removed by Index Recheck": 0, "Exact Heap Blocks": 419, "Lossy Heap Blocks": 419, "Plans": [{"Node Type": "Bitmap Index Scan", "Parent Relationship": "Outer", "Index Name": "movie_id_movie_info_idx", "Startup Cost": 0.0, "Total Cost": 0.27, "Plan Rows": 2, "Plan Width": 0, "Actual Min Startup Time": 3.934, "Actual Max Startup Time": 3.934, "Actual Min Total Time": 3.934, "Actual Max Total Time": 3.934, "Index Cond": "(movie_id = mi.movie_id)", "Actual Rows": 1235}], "Actual Rows": 1235}], "Actual Rows": 1235}], "Actual Rows": 410}, {"Node Type": "Bitmap Heap Scan", "Parent Relationship": "Inner", "Relation Name": "title", "Alias": "t", "Startup Cost": 0.26, "Total Cost": 4.27, "Plan Rows": 1, "Plan Width": 21, "Actual Min Startup Time": 3.688, "Actual Max Startup Time": 3.688, "Actual Min Total Time": 3.688, "Actual Max Total Time": 3.688, "Recheck Cond": "(id = mi.movie_id)", "Rows Removed by Index Recheck": 0, "Exact Heap Blocks": 410, "Lossy Heap Blocks": 410, "Plans": [{"Node Type": "Bitmap Index Scan", "Parent Relationship": "Outer", "Index Name": "title_pkey", "Startup Cost": 0.0, "Total Cost": 0.26, "Plan Rows": 1, "Plan Width": 0, "Actual Min Startup Time": 2.285, "Actual Max Startup Time": 2.285, "Actual Min Total Time": 2.285, "Actual Max Total Time": 2.285, "Index Cond": "(id = mi.movie_id)", "Actual Rows": 410}], "Actual Rows": 410}], "Actual Rows": 410}], "Actual Rows": 1}, "Triggers": [], "Planner Runtime": 114.526, "Total Runtime": 478.18, "Unique SQL Id": 4264520866}}, "(16, '3')": {"explain_plan": {"Plan": {"Node Type": "Aggregate", "Strategy": "Plain", "Startup Cost": 212364.75, "Total Cost": 212364.76, "Plan Rows": 1, "Plan Width": 160, "Plans": [{"Node Type": "Nested Loop", "Parent Relationship": "Outer", "Join Type": "Inner", "Startup Cost": 83172.11, "Total Cost": 212364.68, "Plan Rows": 9, "Plan Width": 64, "Inner Unique": true, "Plans": [{"Node Type": "Nested Loop", "Parent Relationship": "Outer", "Join Type": "Inner", "Startup Cost": 83171.85, "Total Cost": 212326.13, "Plan Rows": 9, "Plan Width": 59, "Inner Unique": true, "Plans": [{"Node Type": "Nested Loop", "Parent Relationship": "Outer", "Join Type": "Inner", "Startup Cost": 83171.59, "Total Cost": 212180.52, "Plan Rows": 34, "Plan Width": 63, "Inner Unique": false, "Plans": [{"Node Type": "Nested Loop", "Parent Relationship": "Outer", "Join Type": "Inner", "Startup Cost": 83171.32, "Total Cost": 211607.05, "Plan Rows": 133, "Plan Width": 50, "Inner Unique": false, "Join Filter": "(mi.info_type_id = it1.id)", "Plans": [{"Node Type": "Bitmap Heap Scan", "Parent Relationship": "Outer", "Relation Name": "info_type", "Alias": "it1", "Startup Cost": 8.81, "Total Cost": 14.21, "Plan Rows": 1, "Plan Width": 4, "Filter": "((info)::text = 'budget'::text)", "Plans": [{"Node Type": "Bitmap Index Scan", "Parent Relationship": "Outer", "Index Name": "info_type_pkey", "Startup Cost": 0.0, "Total Cost": 8.81, "Plan Rows": 112, "Plan Width": 0}]}, {"Node Type": "Nested Loop", "Parent Relationship": "Inner", "Join Type": "Inner", "Startup Cost": 83162.51, "Total Cost": 211573.33, "Plan Rows": 1561, "Plan Width": 54, "Inner Unique": false, "Plans": [{"Node Type": "Nested Loop", "Parent Relationship": "Outer", "Join Type": "Inner", "Startup Cost": 83162.13, "Total Cost": 210250.93, "Plan Rows": 294, "Plan Width": 4, "Inner Unique": false, "Plans": [{"Node Type": "Bitmap Heap Scan", "Parent Relationship": "Outer", "Relation Name": "name", "Alias": "n", "Startup Cost": 83157.74, "Total Cost": 197067.09, "Plan Rows": 173, "Plan Width": 4, "Filter": "(((name)::text ~~ '%Tim%'::text) AND ((gender)::text = 'm'::text))", "Plans": [{"Node Type": "Bitmap Index Scan", "Parent Relationship": "Outer", "Index Name": "name_pkey", "Startup Cost": 0.0, "Total Cost": 83157.7, "Plan Rows": 4167490, "Plan Width": 0}]}, {"Node Type": "Bitmap Heap Scan", "Parent Relationship": "Inner", "Relation Name": "cast_info", "Alias": "ci", "Startup Cost": 4.39, "Total Cost": 76.19, "Plan Rows": 2, "Plan Width": 8, "Recheck Cond": "(person_id = n.id)", "Filter": "((note)::text = ANY ('{(producer),\"(executive producer)\"}'::text[]))", "Plans": [{"Node Type": "Bitmap Index Scan", "Parent Relationship": "Outer", "Index Name": "person_id_cast_info", "Startup Cost": 0.0, "Total Cost": 4.38, "Plan Rows": 18, "Plan Width": 0, "Index Cond": "(person_id = n.id)"}]}]}, {"Node Type": "Bitmap Heap Scan", "Parent Relationship": "Inner", "Relation Name": "movie_info", "Alias": "mi", "Startup Cost": 0.39, "Total Cost": 4.45, "Plan Rows": 5, "Plan Width": 50, "Recheck Cond": "(movie_id = ci.movie_id)", "Plans": [{"Node Type": "Bitmap Index Scan", "Parent Relationship": "Outer", "Index Name": "movie_id_movie_info", "Startup Cost": 0.0, "Total Cost": 0.38, "Plan Rows": 5, "Plan Width": 0, "Index Cond": "(movie_id = ci.movie_id)"}]}]}]}, {"Node Type": "Bitmap Heap Scan", "Parent Relationship": "Inner", "Relation Name": "movie_info_idx", "Alias": "mi_idx", "Startup Cost": 0.27, "Total Cost": 4.29, "Plan Rows": 2, "Plan Width": 13, "Recheck Cond": "(movie_id = mi.movie_id)", "Plans": [{"Node Type": "Bitmap Index Scan", "Parent Relationship": "Outer", "Index Name": "movie_id_movie_info_idx", "Startup Cost": 0.0, "Total Cost": 0.27, "Plan Rows": 2, "Plan Width": 0, "Index Cond": "(movie_id = mi.movie_id)"}]}]}, {"Node Type": "Bitmap Heap Scan", "Parent Relationship": "Inner", "Relation Name": "info_type", "Alias": "it2", "Startup Cost": 0.26, "Total Cost": 4.27, "Plan Rows": 1, "Plan Width": 4, "Recheck Cond": "(id = mi_idx.info_type_id)", "Filter": "((info)::text = 'votes'::text)", "Plans": [{"Node Type": "Bitmap Index Scan", "Parent Relationship": "Outer", "Index Name": "info_type_pkey", "Startup Cost": 0.0, "Total Cost": 0.26, "Plan Rows": 1, "Plan Width": 0, "Index Cond": "(id = mi_idx.info_type_id)"}]}]}, {"Node Type": "Bitmap Heap Scan", "Parent Relationship": "Inner", "Relation Name": "title", "Alias": "t", "Startup Cost": 0.26, "Total Cost": 4.27, "Plan Rows": 1, "Plan Width": 21, "Recheck Cond": "(id = mi.movie_id)", "Plans": [{"Node Type": "Bitmap Index Scan", "Parent Relationship": "Outer", "Index Name": "title_pkey", "Startup Cost": 0.0, "Total Cost": 0.26, "Plan Rows": 1, "Plan Width": 0, "Index Cond": "(id = mi.movie_id)"}]}]}]}, "Unique SQL Id": 4264520866, "Planner Runtime": 37}, "explain_analyze_plan": null}, "(16, '4')": {"explain_plan": {"Plan": {"Node Type": "Aggregate", "Strategy": "Plain", "Startup Cost": 29854.72, "Total Cost": 29854.73, "Plan Rows": 1, "Plan Width": 160, "Plans": [{"Node Type": "Nested Loop", "Parent Relationship": "Outer", "Join Type": "Inner", "Startup Cost": 0.0, "Total Cost": 29854.66, "Plan Rows": 9, "Plan Width": 64, "Inner Unique": true, "Plans": [{"Node Type": "Nested Loop", "Parent Relationship": "Outer", "Join Type": "Inner", "Startup Cost": 0.0, "Total Cost": 29852.03, "Plan Rows": 9, "Plan Width": 59, "Inner Unique": false, "Join Filter": "(mi_idx.info_type_id = it2.id)", "Plans": [{"Node Type": "Seq Scan", "Parent Relationship": "Outer", "Relation Name": "info_type", "Alias": "it2", "Startup Cost": 0.0, "Total Cost": 2.4, "Plan Rows": 1, "Plan Width": 4, "Filter": "((info)::text = 'votes'::text)"}, {"Node Type": "Nested Loop", "Parent Relationship": "Inner", "Join Type": "Inner", "Startup Cost": 0.0, "Total Cost": 29849.21, "Plan Rows": 34, "Plan Width": 63, "Inner Unique": false, "Plans": [{"Node Type": "Nested Loop", "Parent Relationship": "Outer", "Join Type": "Inner", "Startup Cost": 0.0, "Total Cost": 29807.57, "Plan Rows": 133, "Plan Width": 50, "Inner Unique": false, "Join Filter": "(mi.info_type_id = it1.id)", "Plans": [{"Node Type": "Seq Scan", "Parent Relationship": "Outer", "Relation Name": "info_type", "Alias": "it1", "Startup Cost": 0.0, "Total Cost": 2.4, "Plan Rows": 1, "Plan Width": 4, "Filter": "((info)::text = 'budget'::text)"}, {"Node Type": "Materialize", "Parent Relationship": "Inner", "Startup Cost": 0.0, "Total Cost": 29789.56, "Plan Rows": 1561, "Plan Width": 54, "Plans": [{"Node Type": "Nested Loop", "Parent Relationship": "Outer", "Join Type": "Inner", "Startup Cost": 0.0, "Total Cost": 29785.66, "Plan Rows": 1561, "Plan Width": 54, "Inner Unique": false, "Plans": [{"Node Type": "Nested Loop", "Parent Relationship": "Outer", "Join Type": "Inner", "Startup Cost": 0.0, "Total Cost": 29565.43, "Plan Rows": 294, "Plan Width": 4, "Inner Unique": false, "Plans": [{"Node Type": "Streaming(type: LOCAL GATHER dop: 1/16)", "Parent Relationship": "Outer", "Startup Cost": 0.0, "Total Cost": 22123.07, "Plan Rows": 173, "Plan Width": 4, "Plans": [{"Node Type": "Seq Scan", "Parent Relationship": "Outer", "Relation Name": "name", "Alias": "n", "Startup Cost": 0.0, "Total Cost": 22119.33, "Plan Rows": 173, "Plan Width": 4, "Filter": "(((name)::text ~~ '%Tim%'::text) AND ((gender)::text = 'm'::text))"}]}, {"Node Type": "Index Scan", "Parent Relationship": "Inner", "Scan Direction": "Forward", "Index Name": "person_id_cast_info", "Relation Name": "cast_info", "Alias": "ci", "Startup Cost": 0.0, "Total Cost": 43.0, "Plan Rows": 2, "Plan Width": 8, "Index Cond": "(person_id = n.id)", "Filter": "((note)::text = ANY ('{(producer),\"(executive producer)\"}'::text[]))"}]}, {"Node Type": "Index Scan", "Parent Relationship": "Inner", "Scan Direction": "Forward", "Index Name": "movie_id_movie_info", "Relation Name": "movie_info", "Alias": "mi", "Startup Cost": 0.0, "Total Cost": 0.7, "Plan Rows": 5, "Plan Width": 50, "Index Cond": "(movie_id = ci.movie_id)"}]}]}]}, {"Node Type": "Index Scan", "Parent Relationship": "Inner", "Scan Direction": "Forward", "Index Name": "movie_id_movie_info_idx", "Relation Name": "movie_info_idx", "Alias": "mi_idx", "Startup Cost": 0.0, "Total Cost": 0.29, "Plan Rows": 2, "Plan Width": 13, "Index Cond": "(movie_id = mi.movie_id)"}]}]}, {"Node Type": "Index Scan", "Parent Relationship": "Inner", "Scan Direction": "Forward", "Index Name": "title_pkey", "Relation Name": "title", "Alias": "t", "Startup Cost": 0.0, "Total Cost": 0.28, "Plan Rows": 1, "Plan Width": 21, "Index Cond": "(id = mi.movie_id)"}]}]}, "Unique SQL Id": 4264520866, "Planner Runtime": 99}, "explain_analyze_plan": {"Plan": {"Node Type": "Aggregate", "Strategy": "Plain", "Startup Cost": 29854.72, "Total Cost": 29854.73, "Plan Rows": 1, "Plan Width": 160, "Actual Min Startup Time": 416.335, "Actual Max Startup Time": 416.335, "Actual Min Total Time": 416.336, "Actual Max Total Time": 416.336, "Plans": [{"Node Type": "Nested Loop", "Parent Relationship": "Outer", "Join Type": "Inner", "Startup Cost": 0.0, "Total Cost": 29854.66, "Plan Rows": 9, "Plan Width": 64, "Actual Min Startup Time": 368.0, "Actual Max Startup Time": 368.0, "Actual Min Total Time": 415.898, "Actual Max Total Time": 415.898, "Inner Unique": true, "Plans": [{"Node Type": "Nested Loop", "Parent Relationship": "Outer", "Join Type": "Inner", "Startup Cost": 0.0, "Total Cost": 29852.03, "Plan Rows": 9, "Plan Width": 59, "Actual Min Startup Time": 367.98, "Actual Max Startup Time": 367.98, "Actual Min Total Time": 412.403, "Actual Max Total Time": 412.403, "Inner Unique": false, "Join Filter": "(mi_idx.info_type_id = it2.id)", "Rows Removed by Join Filter": 825, "Plans": [{"Node Type": "Seq Scan", "Parent Relationship": "Outer", "Relation Name": "info_type", "Alias": "it2", "Startup Cost": 0.0, "Total Cost": 2.4, "Plan Rows": 1, "Plan Width": 4, "Actual Min Startup Time": 0.064, "Actual Max Startup Time": 0.064, "Actual Min Total Time": 0.073, "Actual Max Total Time": 0.073, "Filter": "((info)::text = 'votes'::text)", "Rows Removed by Filter": 111, "Actual Rows": 1}, {"Node Type": "Nested Loop", "Parent Relationship": "Inner", "Join Type": "Inner", "Startup Cost": 0.0, "Total Cost": 29849.21, "Plan Rows": 34, "Plan Width": 63, "Actual Min Startup Time": 367.905, "Actual Max Startup Time": 367.905, "Actual Min Total Time": 409.763, "Actual Max Total Time": 409.763, "Inner Unique": false, "Plans": [{"Node Type": "Nested Loop", "Parent Relationship": "Outer", "Join Type": "Inner", "Startup Cost": 0.0, "Total Cost": 29807.57, "Plan Rows": 133, "Plan Width": 50, "Actual Min Startup Time": 367.835, "Actual Max Startup Time": 367.835, "Actual Min Total Time": 403.986, "Actual Max Total Time": 403.986, "Inner Unique": false, "Join Filter": "(mi.info_type_id = it1.id)", "Rows Removed by Join Filter": 95197, "Plans": [{"Node Type": "Seq Scan", "Parent Relationship": "Outer", "Relation Name": "info_type", "Alias": "it1", "Startup Cost": 0.0, "Total Cost": 2.4, "Plan Rows": 1, "Plan Width": 4, "Actual Min Startup Time": 0.057, "Actual Max Startup Time": 0.057, "Actual Min Total Time": 0.07, "Actual Max Total Time": 0.07, "Filter": "((info)::text = 'budget'::text)", "Rows Removed by Filter": 111, "Actual Rows": 1}, {"Node Type": "Materialize", "Parent Relationship": "Inner", "Startup Cost": 0.0, "Total Cost": 29789.56, "Plan Rows": 1561, "Plan Width": 54, "Actual Min Startup Time": 367.762, "Actual Max Startup Time": 367.762, "Actual Min Total Time": 379.616, "Actual Max Total Time": 379.616, "Plans": [{"Node Type": "Nested Loop", "Parent Relationship": "Outer", "Join Type": "Inner", "Startup Cost": 0.0, "Total Cost": 29785.66, "Plan Rows": 1561, "Plan Width": 54, "Actual Min Startup Time": 19.961, "Actual Max Startup Time": 19.961, "Actual Min Total Time": 340.588, "Actual Max Total Time": 340.588, "Inner Unique": false, "Plans": [{"Node Type": "Nested Loop", "Parent Relationship": "Outer", "Join Type": "Inner", "Startup Cost": 0.0, "Total Cost": 29565.43, "Plan Rows": 294, "Plan Width": 4, "Actual Min Startup Time": 19.942, "Actual Max Startup Time": 19.942, "Actual Min Total Time": 192.495, "Actual Max Total Time": 192.495, "Inner Unique": false, "Plans": [{"Node Type": "Streaming(type: LOCAL GATHER dop: 1/16)", "Parent Relationship": "Outer", "Startup Cost": 0.0, "Total Cost": 22123.07, "Plan Rows": 173, "Plan Width": 4, "Actual Min Startup Time": 19.553, "Actual Max Startup Time": 19.553, "Actual Min Total Time": 61.065, "Actual Max Total Time": 61.065, "Plans": [{"Node Type": "Seq Scan", "Parent Relationship": "Outer", "Relation Name": "name", "Alias": "n", "Startup Cost": 0.0, "Total Cost": 22119.33, "Plan Rows": 173, "Plan Width": 4, "Actual Min Startup Time": 0.032, "Actual Max Startup Time": 0.834, "Actual Min Total Time": 101.822, "Actual Max Total Time": 105.99, "Filter": "(((name)::text ~~ '%Tim%'::text) AND ((gender)::text = 'm'::text))", "Rows Removed by Filter": 4158428, "Actual Rows": 9062}], "Actual Rows": 9062}, {"Node Type": "Index Scan", "Parent Relationship": "Inner", "Scan Direction": "Forward", "Index Name": "person_id_cast_info", "Relation Name": "cast_info", "Alias": "ci", "Startup Cost": 0.0, "Total Cost": 43.0, "Plan Rows": 2, "Plan Width": 8, "Actual Min Startup Time": 105.697, "Actual Max Startup Time": 105.697, "Actual Min Total Time": 124.933, "Actual Max Total Time": 124.933, "Index Cond": "(person_id = n.id)", "Rows Removed by Index Recheck": 0, "Filter": "((note)::text = ANY ('{(producer),\"(executive producer)\"}'::text[]))", "Rows Removed by Filter": 89309, "Actual Rows": 6719}], "Actual Rows": 6719}, {"Node Type": "Index Scan", "Parent Relationship": "Inner", "Scan Direction": "Forward", "Index Name": "movie_id_movie_info", "Relation Name": "movie_info", "Alias": "mi", "Startup Cost": 0.0, "Total Cost": 0.7, "Plan Rows": 5, "Plan Width": 50, "Actual Min Startup Time": 39.487, "Actual Max Startup Time": 39.487, "Actual Min Total Time": 123.948, "Actual Max Total Time": 123.948, "Index Cond": "(movie_id = ci.movie_id)", "Rows Removed by Index Recheck": 0, "Actual Rows": 95896}], "Actual Rows": 95896}], "Actual Rows": 95897}], "Actual Rows": 699}, {"Node Type": "Index Scan", "Parent Relationship": "Inner", "Scan Direction": "Forward", "Index Name": "movie_id_movie_info_idx", "Relation Name": "movie_info_idx", "Alias": "mi_idx", "Startup Cost": 0.0, "Total Cost": 0.29, "Plan Rows": 2, "Plan Width": 13, "Actual Min Startup Time": 4.625, "Actual Max Startup Time": 4.625, "Actual Min Total Time": 5.128, "Actual Max Total Time": 5.128, "Index Cond": "(movie_id = mi.movie_id)", "Rows Removed by Index Recheck": 0, "Actual Rows": 1235}], "Actual Rows": 1235}], "Actual Rows": 410}, {"Node Type": "Index Scan", "Parent Relationship": "Inner", "Scan Direction": "Forward", "Index Name": "title_pkey", "Relation Name": "title", "Alias": "t", "Startup Cost": 0.0, "Total Cost": 0.28, "Plan Rows": 1, "Plan Width": 21, "Actual Min Startup Time": 3.196, "Actual Max Startup Time": 3.196, "Actual Min Total Time": 3.196, "Actual Max Total Time": 3.196, "Index Cond": "(id = mi.movie_id)", "Rows Removed by Index Recheck": 0, "Actual Rows": 410}], "Actual Rows": 410}], "Actual Rows": 1}, "Triggers": [], "Planner Runtime": 98.942, "Total Runtime": 419.394, "Unique SQL Id": 4264520866}}, "(16, '5')": {"explain_plan": {"Plan": {"Node Type": "Aggregate", "Strategy": "Plain", "Startup Cost": 161086.29, "Total Cost": 161086.3, "Plan Rows": 1, "Plan Width": 160, "Plans": [{"Node Type": "Nested Loop", "Parent Relationship": "Outer", "Join Type": "Inner", "Startup Cost": 0.0, "Total Cost": 161086.22, "Plan Rows": 9, "Plan Width": 64, "Inner Unique": true, "Plans": [{"Node Type": "Nested Loop", "Parent Relationship": "Outer", "Join Type": "Inner", "Startup Cost": 0.0, "Total Cost": 161083.6, "Plan Rows": 9, "Plan Width": 59, "Inner Unique": false, "Join Filter": "(mi.info_type_id = it1.id)", "Plans": [{"Node Type": "Index Scan", "Parent Relationship": "Outer", "Scan Direction": "Forward", "Index Name": "info_type_pkey", "Relation Name": "info_type", "Alias": "it1", "Startup Cost": 0.0, "Total Cost": 14.21, "Plan Rows": 1, "Plan Width": 4, "Filter": "((info)::text = 'budget'::text)"}, {"Node Type": "Nested Loop", "Parent Relationship": "Inner", "Join Type": "Inner", "Startup Cost": 0.0, "Total Cost": 161065.9, "Plan Rows": 279, "Plan Width": 63, "Inner Unique": false, "Join Filter": "(mi_idx.movie_id = mi.movie_id)", "Plans": [{"Node Type": "Nested Loop", "Parent Relationship": "Outer", "Join Type": "Inner", "Startup Cost": 0.0, "Total Cost": 161026.3, "Plan Rows": 52, "Plan Width": 13, "Inner Unique": false, "Join Filter": "(mi_idx.info_type_id = it2.id)", "Plans": [{"Node Type": "Index Scan", "Parent Relationship": "Outer", "Scan Direction": "Forward", "Index Name": "info_type_pkey", "Relation Name": "info_type", "Alias": "it2", "Startup Cost": 0.0, "Total Cost": 14.21, "Plan Rows": 1, "Plan Width": 4, "Filter": "((info)::text = 'votes'::text)"}, {"Node Type": "Materialize", "Parent Relationship": "Inner", "Startup Cost": 0.0, "Total Cost": 161008.63, "Plan Rows": 346, "Plan Width": 17, "Plans": [{"Node Type": "Nested Loop", "Parent Relationship": "Outer", "Join Type": "Inner", "Startup Cost": 0.0, "Total Cost": 161007.76, "Plan Rows": 346, "Plan Width": 17, "Inner Unique": false, "Plans": [{"Node Type": "Nested Loop", "Parent Relationship": "Outer", "Join Type": "Inner", "Startup Cost": 0.0, "Total Cost": 160910.97, "Plan Rows": 294, "Plan Width": 4, "Inner Unique": false, "Plans": [{"Node Type": "Streaming(type: LOCAL GATHER dop: 1/16)", "Parent Relationship": "Outer", "Startup Cost": 0.0, "Total Cost": 153468.6, "Plan Rows": 173, "Plan Width": 4, "Plans": [{"Node Type": "Index Scan", "Parent Relationship": "Outer", "Scan Direction": "Forward", "Index Name": "name_pkey", "Relation Name": "name", "Alias": "n", "Startup Cost": 0.0, "Total Cost": 153464.87, "Plan Rows": 173, "Plan Width": 4, "Filter": "(((name)::text ~~ '%Tim%'::text) AND ((gender)::text = 'm'::text))"}]}, {"Node Type": "Index Scan", "Parent Relationship": "Inner", "Scan Direction": "Forward", "Index Name": "person_id_cast_info", "Relation Name": "cast_info", "Alias": "ci", "Startup Cost": 0.0, "Total Cost": 43.0, "Plan Rows": 2, "Plan Width": 8, "Index Cond": "(person_id = n.id)", "Filter": "((note)::text = ANY ('{(producer),\"(executive producer)\"}'::text[]))"}]}, {"Node Type": "Index Scan", "Parent Relationship": "Inner", "Scan Direction": "Forward", "Index Name": "movie_id_movie_info_idx", "Relation Name": "movie_info_idx", "Alias": "mi_idx", "Startup Cost": 0.0, "Total Cost": 0.31, "Plan Rows": 2, "Plan Width": 13, "Index Cond": "(movie_id = ci.movie_id)"}]}]}]}, {"Node Type": "Index Scan", "Parent Relationship": "Inner", "Scan Direction": "Forward", "Index Name": "movie_id_movie_info", "Relation Name": "movie_info", "Alias": "mi", "Startup Cost": 0.0, "Total Cost": 0.7, "Plan Rows": 5, "Plan Width": 50, "Index Cond": "(movie_id = ci.movie_id)"}]}]}, {"Node Type": "Index Scan", "Parent Relationship": "Inner", "Scan Direction": "Forward", "Index Name": "title_pkey", "Relation Name": "title", "Alias": "t", "Startup Cost": 0.0, "Total Cost": 0.28, "Plan Rows": 1, "Plan Width": 21, "Index Cond": "(id = mi.movie_id)"}]}]}, "Unique SQL Id": 4264520866, "Planner Runtime": 50}, "explain_analyze_plan": {"Plan": {"Node Type": "Aggregate", "Strategy": "Plain", "Startup Cost": 161086.29, "Total Cost": 161086.3, "Plan Rows": 1, "Plan Width": 160, "Actual Min Startup Time": 476.62, "Actual Max Startup Time": 476.62, "Actual Min Total Time": 476.62, "Actual Max Total Time": 476.62, "Plans": [{"Node Type": "Nested Loop", "Parent Relationship": "Outer", "Join Type": "Inner", "Startup Cost": 0.0, "Total Cost": 161086.22, "Plan Rows": 9, "Plan Width": 64, "Actual Min Startup Time": 335.708, "Actual Max Startup Time": 335.708, "Actual Min Total Time": 476.138, "Actual Max Total Time": 476.138, "Inner Unique": true, "Plans": [{"Node Type": "Nested Loop", "Parent Relationship": "Outer", "Join Type": "Inner", "Startup Cost": 0.0, "Total Cost": 161083.6, "Plan Rows": 9, "Plan Width": 59, "Actual Min Startup Time": 335.689, "Actual Max Startup Time": 335.689, "Actual Min Total Time": 472.481, "Actual Max Total Time": 472.481, "Inner Unique": false, "Join Filter": "(mi.info_type_id = it1.id)", "Rows Removed by Join Filter": 81998, "Plans": [{"Node Type": "Index Scan", "Parent Relationship": "Outer", "Scan Direction": "Forward", "Index Name": "info_type_pkey", "Relation Name": "info_type", "Alias": "it1", "Startup Cost": 0.0, "Total Cost": 14.21, "Plan Rows": 1, "Plan Width": 4, "Actual Min Startup Time": 0.084, "Actual Max Startup Time": 0.084, "Actual Min Total Time": 0.09, "Actual Max Total Time": 0.09, "Filter": "((info)::text = 'budget'::text)", "Rows Removed by Filter": 111, "Actual Rows": 1}, {"Node Type": "Nested Loop", "Parent Relationship": "Inner", "Join Type": "Inner", "Startup Cost": 0.0, "Total Cost": 161065.9, "Plan Rows": 279, "Plan Width": 63, "Actual Min Startup Time": 335.581, "Actual Max Startup Time": 335.581, "Actual Min Total Time": 456.706, "Actual Max Total Time": 456.706, "Inner Unique": false, "Join Filter": "(mi_idx.movie_id = mi.movie_id)", "Rows Removed by Join Filter": 0, "Plans": [{"Node Type": "Nested Loop", "Parent Relationship": "Outer", "Join Type": "Inner", "Startup Cost": 0.0, "Total Cost": 161026.3, "Plan Rows": 52, "Plan Width": 13, "Actual Min Startup Time": 335.557, "Actual Max Startup Time": 335.557, "Actual Min Total Time": 339.703, "Actual Max Total Time": 339.703, "Inner Unique": false, "Join Filter": "(mi_idx.info_type_id = it2.id)", "Rows Removed by Join Filter": 6875, "Plans": [{"Node Type": "Index Scan", "Parent Relationship": "Outer", "Scan Direction": "Forward", "Index Name": "info_type_pkey", "Relation Name": "info_type", "Alias": "it2", "Startup Cost": 0.0, "Total Cost": 14.21, "Plan Rows": 1, "Plan Width": 4, "Actual Min Startup Time": 0.071, "Actual Max Startup Time": 0.071, "Actual Min Total Time": 0.081, "Actual Max Total Time": 0.081, "Filter": "((info)::text = 'votes'::text)", "Rows Removed by Filter": 111, "Actual Rows": 1}, {"Node Type": "Materialize", "Parent Relationship": "Inner", "Startup Cost": 0.0, "Total Cost": 161008.63, "Plan Rows": 346, "Plan Width": 17, "Actual Min Startup Time": 335.472, "Actual Max Startup Time": 335.472, "Actual Min Total Time": 336.702, "Actual Max Total Time": 336.702, "Plans": [{"Node Type": "Nested Loop", "Parent Relationship": "Outer", "Join Type": "Inner", "Startup Cost": 0.0, "Total Cost": 161007.76, "Plan Rows": 346, "Plan Width": 17, "Actual Min Startup Time": 70.179, "Actual Max Startup Time": 70.179, "Actual Min Total Time": 332.484, "Actual Max Total Time": 332.484, "Inner Unique": false, "Plans": [{"Node Type": "Nested Loop", "Parent Relationship": "Outer", "Join Type": "Inner", "Startup Cost": 0.0, "Total Cost": 160910.97, "Plan Rows": 294, "Plan Width": 4, "Actual Min Startup Time": 70.149, "Actual Max Startup Time": 70.149, "Actual Min Total Time": 294.567, "Actual Max Total Time": 294.567, "Inner Unique": false, "Plans": [{"Node Type": "Streaming(type: LOCAL GATHER dop: 1/16)", "Parent Relationship": "Outer", "Startup Cost": 0.0, "Total Cost": 153468.6, "Plan Rows": 173, "Plan Width": 4, "Actual Min Startup Time": 70.006, "Actual Max Startup Time": 70.006, "Actual Min Total Time": 165.071, "Actual Max Total Time": 165.071, "Plans": [{"Node Type": "Index Scan", "Parent Relationship": "Outer", "Scan Direction": "Forward", "Index Name": "name_pkey", "Relation Name": "name", "Alias": "n", "Startup Cost": 0.0, "Total Cost": 153464.87, "Plan Rows": 173, "Plan Width": 4, "Actual Min Startup Time": 39.742, "Actual Max Startup Time": 299.64, "Actual Min Total Time": 272.13, "Actual Max Total Time": 304.338, "Filter": "(((name)::text ~~ '%Tim%'::text) AND ((gender)::text = 'm'::text))", "Rows Removed by Filter": 4158428, "Actual Rows": 9062}], "Actual Rows": 9062}, {"Node Type": "Index Scan", "Parent Relationship": "Inner", "Scan Direction": "Forward", "Index Name": "person_id_cast_info", "Relation Name": "cast_info", "Alias": "ci", "Startup Cost": 0.0, "Total Cost": 43.0, "Plan Rows": 2, "Plan Width": 8, "Actual Min Startup Time": 104.11, "Actual Max Startup Time": 104.11, "Actual Min Total Time": 123.266, "Actual Max Total Time": 123.266, "Index Cond": "(person_id = n.id)", "Rows Removed by Index Recheck": 0, "Filter": "((note)::text = ANY ('{(producer),\"(executive producer)\"}'::text[]))", "Rows Removed by Filter": 89309, "Actual Rows": 6719}], "Actual Rows": 6719}, {"Node Type": "Index Scan", "Parent Relationship": "Inner", "Scan Direction": "Forward", "Index Name": "movie_id_movie_info_idx", "Relation Name": "movie_info_idx", "Alias": "mi_idx", "Startup Cost": 0.0, "Total Cost": 0.31, "Plan Rows": 2, "Plan Width": 13, "Actual Min Startup Time": 28.123, "Actual Max Startup Time": 28.123, "Actual Min Total Time": 32.253, "Actual Max Total Time": 32.253, "Index Cond": "(movie_id = ci.movie_id)", "Rows Removed by Index Recheck": 0, "Actual Rows": 10310}], "Actual Rows": 10310}], "Actual Rows": 10311}], "Actual Rows": 3435}, {"Node Type": "Index Scan", "Parent Relationship": "Inner", "Scan Direction": "Forward", "Index Name": "movie_id_movie_info", "Relation Name": "movie_info", "Alias": "mi", "Startup Cost": 0.0, "Total Cost": 0.7, "Plan Rows": 5, "Plan Width": 50, "Actual Min Startup Time": 21.885, "Actual Max Startup Time": 21.885, "Actual Min Total Time": 88.131, "Actual Max Total Time": 88.131, "Index Cond": "(movie_id = ci.movie_id)", "Rows Removed by Index Recheck": 0, "Actual Rows": 82408}], "Actual Rows": 82408}], "Actual Rows": 410}, {"Node Type": "Index Scan", "Parent Relationship": "Inner", "Scan Direction": "Forward", "Index Name": "title_pkey", "Relation Name": "title", "Alias": "t", "Startup Cost": 0.0, "Total Cost": 0.28, "Plan Rows": 1, "Plan Width": 21, "Actual Min Startup Time": 3.252, "Actual Max Startup Time": 3.252, "Actual Min Total Time": 3.252, "Actual Max Total Time": 3.252, "Index Cond": "(id = mi.movie_id)", "Rows Removed by Index Recheck": 0, "Actual Rows": 410}], "Actual Rows": 410}], "Actual Rows": 1}, "Triggers": [], "Planner Runtime": 49.928, "Total Runtime": 479.326, "Unique SQL Id": 4264520866}}, "(16, '6')": {"explain_plan": {"Plan": {"Node Type": "Aggregate", "Strategy": "Plain", "Startup Cost": 37266.11, "Total Cost": 37266.12, "Plan Rows": 1, "Plan Width": 160, "Plans": [{"Node Type": "Nested Loop", "Parent Relationship": "Outer", "Join Type": "Inner", "Startup Cost": 5.3, "Total Cost": 37266.05, "Plan Rows": 8, "Plan Width": 64, "Inner Unique": true, "Plans": [{"Node Type": "Nested Loop", "Parent Relationship": "Outer", "Join Type": "Inner", "Startup Cost": 5.04, "Total Cost": 37227.51, "Plan Rows": 9, "Plan Width": 59, "Inner Unique": false, "Join Filter": "(mi_idx.info_type_id = it2.id)", "Plans": [{"Node Type": "Seq Scan", "Parent Relationship": "Outer", "Relation Name": "info_type", "Alias": "it2", "Startup Cost": 0.0, "Total Cost": 2.4, "Plan Rows": 1, "Plan Width": 4, "Filter": "((info)::text = 'votes'::text)"}, {"Node Type": "Nested Loop", "Parent Relationship": "Inner", "Join Type": "Inner", "Startup Cost": 5.04, "Total Cost": 37224.68, "Plan Rows": 34, "Plan Width": 63, "Inner Unique": false, "Plans": [{"Node Type": "Nested Loop", "Parent Relationship": "Outer", "Join Type": "Inner", "Startup Cost": 4.77, "Total Cost": 36651.22, "Plan Rows": 133, "Plan Width": 50, "Inner Unique": false, "Join Filter": "(mi.info_type_id = it1.id)", "Plans": [{"Node Type": "Seq Scan", "Parent Relationship": "Outer", "Relation Name": "info_type", "Alias": "it1", "Startup Cost": 0.0, "Total Cost": 2.4, "Plan Rows": 1, "Plan Width": 4, "Filter": "((info)::text = 'budget'::text)"}, {"Node Type": "Materialize", "Parent Relationship": "Inner", "Startup Cost": 4.77, "Total Cost": 36633.21, "Plan Rows": 1561, "Plan Width": 54, "Plans": [{"Node Type": "Nested Loop", "Parent Relationship": "Outer", "Join Type": "Inner", "Startup Cost": 4.77, "Total Cost": 36629.3, "Plan Rows": 1561, "Plan Width": 54, "Inner Unique": false, "Plans": [{"Node Type": "Nested Loop", "Parent Relationship": "Outer", "Join Type": "Inner", "Startup Cost": 4.39, "Total Cost": 35306.9, "Plan Rows": 294, "Plan Width": 4, "Inner Unique": false, "Plans": [{"Node Type": "Streaming(type: LOCAL GATHER dop: 1/16)", "Parent Relationship": "Outer", "Startup Cost": 0.0, "Total Cost": 22123.07, "Plan Rows": 173, "Plan Width": 4, "Plans": [{"Node Type": "Seq Scan", "Parent Relationship": "Outer", "Relation Name": "name", "Alias": "n", "Startup Cost": 0.0, "Total Cost": 22119.33, "Plan Rows": 173, "Plan Width": 4, "Filter": "(((name)::text ~~ '%Tim%'::text) AND ((gender)::text = 'm'::text))"}]}, {"Node Type": "Bitmap Heap Scan", "Parent Relationship": "Inner", "Relation Name": "cast_info", "Alias": "ci", "Startup Cost": 4.39, "Total Cost": 76.19, "Plan Rows": 2, "Plan Width": 8, "Recheck Cond": "(person_id = n.id)", "Filter": "((note)::text = ANY ('{(producer),\"(executive producer)\"}'::text[]))", "Plans": [{"Node Type": "Bitmap Index Scan", "Parent Relationship": "Outer", "Index Name": "person_id_cast_info", "Startup Cost": 0.0, "Total Cost": 4.38, "Plan Rows": 18, "Plan Width": 0, "Index Cond": "(person_id = n.id)"}]}]}, {"Node Type": "Bitmap Heap Scan", "Parent Relationship": "Inner", "Relation Name": "movie_info", "Alias": "mi", "Startup Cost": 0.39, "Total Cost": 4.45, "Plan Rows": 5, "Plan Width": 50, "Recheck Cond": "(movie_id = ci.movie_id)", "Plans": [{"Node Type": "Bitmap Index Scan", "Parent Relationship": "Outer", "Index Name": "movie_id_movie_info", "Startup Cost": 0.0, "Total Cost": 0.38, "Plan Rows": 5, "Plan Width": 0, "Index Cond": "(movie_id = ci.movie_id)"}]}]}]}]}, {"Node Type": "Bitmap Heap Scan", "Parent Relationship": "Inner", "Relation Name": "movie_info_idx", "Alias": "mi_idx", "Startup Cost": 0.27, "Total Cost": 4.29, "Plan Rows": 2, "Plan Width": 13, "Recheck Cond": "(movie_id = mi.movie_id)", "Plans": [{"Node Type": "Bitmap Index Scan", "Parent Relationship": "Outer", "Index Name": "movie_id_movie_info_idx", "Startup Cost": 0.0, "Total Cost": 0.27, "Plan Rows": 2, "Plan Width": 0, "Index Cond": "(movie_id = mi.movie_id)"}]}]}]}, {"Node Type": "Bitmap Heap Scan", "Parent Relationship": "Inner", "Relation Name": "title", "Alias": "t", "Startup Cost": 0.26, "Total Cost": 4.27, "Plan Rows": 1, "Plan Width": 21, "Recheck Cond": "(id = mi.movie_id)", "Plans": [{"Node Type": "Bitmap Index Scan", "Parent Relationship": "Outer", "Index Name": "title_pkey", "Startup Cost": 0.0, "Total Cost": 0.26, "Plan Rows": 1, "Plan Width": 0, "Index Cond": "(id = mi.movie_id)"}]}]}]}, "Unique SQL Id": 4264520866, "Planner Runtime": 114}, "explain_analyze_plan": {"Plan": {"Node Type": "Aggregate", "Strategy": "Plain", "Startup Cost": 37266.11, "Total Cost": 37266.12, "Plan Rows": 1, "Plan Width": 160, "Actual Min Startup Time": 475.085, "Actual Max Startup Time": 475.085, "Actual Min Total Time": 475.086, "Actual Max Total Time": 475.086, "Plans": [{"Node Type": "Nested Loop", "Parent Relationship": "Outer", "Join Type": "Inner", "Startup Cost": 5.3, "Total Cost": 37266.05, "Plan Rows": 8, "Plan Width": 64, "Actual Min Startup Time": 425.187, "Actual Max Startup Time": 425.187, "Actual Min Total Time": 474.609, "Actual Max Total Time": 474.609, "Inner Unique": true, "Plans": [{"Node Type": "Nested Loop", "Parent Relationship": "Outer", "Join Type": "Inner", "Startup Cost": 5.04, "Total Cost": 37227.51, "Plan Rows": 9, "Plan Width": 59, "Actual Min Startup Time": 425.165, "Actual Max Startup Time": 425.165, "Actual Min Total Time": 470.369, "Actual Max Total Time": 470.369, "Inner Unique": false, "Join Filter": "(mi_idx.info_type_id = it2.id)", "Rows Removed by Join Filter": 825, "Plans": [{"Node Type": "Seq Scan", "Parent Relationship": "Outer", "Relation Name": "info_type", "Alias": "it2", "Startup Cost": 0.0, "Total Cost": 2.4, "Plan Rows": 1, "Plan Width": 4, "Actual Min Startup Time": 0.062, "Actual Max Startup Time": 0.062, "Actual Min Total Time": 0.069, "Actual Max Total Time": 0.069, "Filter": "((info)::text = 'votes'::text)", "Rows Removed by Filter": 111, "Actual Rows": 1}, {"Node Type": "Nested Loop", "Parent Relationship": "Inner", "Join Type": "Inner", "Startup Cost": 5.04, "Total Cost": 37224.68, "Plan Rows": 34, "Plan Width": 63, "Actual Min Startup Time": 425.092, "Actual Max Startup Time": 425.092, "Actual Min Total Time": 467.875, "Actual Max Total Time": 467.875, "Inner Unique": false, "Plans": [{"Node Type": "Nested Loop", "Parent Relationship": "Outer", "Join Type": "Inner", "Startup Cost": 4.77, "Total Cost": 36651.22, "Plan Rows": 133, "Plan Width": 50, "Actual Min Startup Time": 424.968, "Actual Max Startup Time": 424.968, "Actual Min Total Time": 461.082, "Actual Max Total Time": 461.082, "Inner Unique": false, "Join Filter": "(mi.info_type_id = it1.id)", "Rows Removed by Join Filter": 95197, "Plans": [{"Node Type": "Seq Scan", "Parent Relationship": "Outer", "Relation Name": "info_type", "Alias": "it1", "Startup Cost": 0.0, "Total Cost": 2.4, "Plan Rows": 1, "Plan Width": 4, "Actual Min Startup Time": 0.061, "Actual Max Startup Time": 0.061, "Actual Min Total Time": 0.071, "Actual Max Total Time": 0.071, "Filter": "((info)::text = 'budget'::text)", "Rows Removed by Filter": 111, "Actual Rows": 1}, {"Node Type": "Materialize", "Parent Relationship": "Inner", "Startup Cost": 4.77, "Total Cost": 36633.21, "Plan Rows": 1561, "Plan Width": 54, "Actual Min Startup Time": 424.891, "Actual Max Startup Time": 424.891, "Actual Min Total Time": 436.848, "Actual Max Total Time": 436.848, "Plans": [{"Node Type": "Nested Loop", "Parent Relationship": "Outer", "Join Type": "Inner", "Startup Cost": 4.77, "Total Cost": 36629.3, "Plan Rows": 1561, "Plan Width": 54, "Actual Min Startup Time": 20.314, "Actual Max Startup Time": 20.314, "Actual Min Total Time": 398.04, "Actual Max Total Time": 398.04, "Inner Unique": false, "Plans": [{"Node Type": "Nested Loop", "Parent Relationship": "Outer", "Join Type": "Inner", "Startup Cost": 4.39, "Total Cost": 35306.9, "Plan Rows": 294, "Plan Width": 4, "Actual Min Startup Time": 20.288, "Actual Max Startup Time": 20.288, "Actual Min Total Time": 223.304, "Actual Max Total Time": 223.304, "Inner Unique": false, "Plans": [{"Node Type": "Streaming(type: LOCAL GATHER dop: 1/16)", "Parent Relationship": "Outer", "Startup Cost": 0.0, "Total Cost": 22123.07, "Plan Rows": 173, "Plan Width": 4, "Actual Min Startup Time": 19.908, "Actual Max Startup Time": 19.908, "Actual Min Total Time": 74.794, "Actual Max Total Time": 74.794, "Plans": [{"Node Type": "Seq Scan", "Parent Relationship": "Outer", "Relation Name": "name", "Alias": "n", "Startup Cost": 0.0, "Total Cost": 22119.33, "Plan Rows": 173, "Plan Width": 4, "Actual Min Startup Time": 0.034, "Actual Max Startup Time": 0.845, "Actual Min Total Time": 101.725, "Actual Max Total Time": 106.128, "Filter": "(((name)::text ~~ '%Tim%'::text) AND ((gender)::text = 'm'::text))", "Rows Removed by Filter": 4158428, "Actual Rows": 9062}], "Actual Rows": 9062}, {"Node Type": "Bitmap Heap Scan", "Parent Relationship": "Inner", "Relation Name": "cast_info", "Alias": "ci", "Startup Cost": 4.39, "Total Cost": 76.19, "Plan Rows": 2, "Plan Width": 8, "Actual Min Startup Time": 120.127, "Actual Max Startup Time": 120.127, "Actual Min Total Time": 136.076, "Actual Max Total Time": 136.076, "Recheck Cond": "(person_id = n.id)", "Rows Removed by Index Recheck": 0, "Filter": "((note)::text = ANY ('{(producer),\"(executive producer)\"}'::text[]))", "Rows Removed by Filter": 89309, "Exact Heap Blocks": 13336, "Lossy Heap Blocks": 13336, "Plans": [{"Node Type": "Bitmap Index Scan", "Parent Relationship": "Outer", "Index Name": "person_id_cast_info", "Startup Cost": 0.0, "Total Cost": 4.38, "Plan Rows": 18, "Plan Width": 0, "Actual Min Startup Time": 50.638, "Actual Max Startup Time": 50.638, "Actual Min Total Time": 50.638, "Actual Max Total Time": 50.638, "Index Cond": "(person_id = n.id)", "Actual Rows": 96028}], "Actual Rows": 6719}], "Actual Rows": 6719}, {"Node Type": "Bitmap Heap Scan", "Parent Relationship": "Inner", "Relation Name": "movie_info", "Alias": "mi", "Startup Cost": 0.39, "Total Cost": 4.45, "Plan Rows": 5, "Plan Width": 50, "Actual Min Startup Time": 62.515, "Actual Max Startup Time": 62.515, "Actual Min Total Time": 146.605, "Actual Max Total Time": 146.605, "Recheck Cond": "(movie_id = ci.movie_id)", "Rows Removed by Index Recheck": 0, "Exact Heap Blocks": 40013, "Lossy Heap Blocks": 40013, "Plans": [{"Node Type": "Bitmap Index Scan", "Parent Relationship": "Outer", "Index Name": "movie_id_movie_info", "Startup Cost": 0.0, "Total Cost": 0.38, "Plan Rows": 5, "Plan Width": 0, "Actual Min Startup Time": 43.719, "Actual Max Startup Time": 43.719, "Actual Min Total Time": 43.719, "Actual Max Total Time": 43.719, "Index Cond": "(movie_id = ci.movie_id)", "Actual Rows": 95896}], "Actual Rows": 95896}], "Actual Rows": 95896}], "Actual Rows": 95897}], "Actual Rows": 699}, {"Node Type": "Bitmap Heap Scan", "Parent Relationship": "Inner", "Relation Name": "movie_info_idx", "Alias": "mi_idx", "Startup Cost": 0.27, "Total Cost": 4.29, "Plan Rows": 2, "Plan Width": 13, "Actual Min Startup Time": 5.494, "Actual Max Startup Time": 5.494, "Actual Min Total Time": 5.674, "Actual Max Total Time": 5.674, "Recheck Cond": "(movie_id = mi.movie_id)", "Rows Removed by Index Recheck": 0, "Exact Heap Blocks": 419, "Lossy Heap Blocks": 419, "Plans": [{"Node Type": "Bitmap Index Scan", "Parent Relationship": "Outer", "Index Name": "movie_id_movie_info_idx", "Startup Cost": 0.0, "Total Cost": 0.27, "Plan Rows": 2, "Plan Width": 0, "Actual Min Startup Time": 3.934, "Actual Max Startup Time": 3.934, "Actual Min Total Time": 3.934, "Actual Max Total Time": 3.934, "Index Cond": "(movie_id = mi.movie_id)", "Actual Rows": 1235}], "Actual Rows": 1235}], "Actual Rows": 1235}], "Actual Rows": 410}, {"Node Type": "Bitmap Heap Scan", "Parent Relationship": "Inner", "Relation Name": "title", "Alias": "t", "Startup Cost": 0.26, "Total Cost": 4.27, "Plan Rows": 1, "Plan Width": 21, "Actual Min Startup Time": 3.688, "Actual Max Startup Time": 3.688, "Actual Min Total Time": 3.688, "Actual Max Total Time": 3.688, "Recheck Cond": "(id = mi.movie_id)", "Rows Removed by Index Recheck": 0, "Exact Heap Blocks": 410, "Lossy Heap Blocks": 410, "Plans": [{"Node Type": "Bitmap Index Scan", "Parent Relationship": "Outer", "Index Name": "title_pkey", "Startup Cost": 0.0, "Total Cost": 0.26, "Plan Rows": 1, "Plan Width": 0, "Actual Min Startup Time": 2.285, "Actual Max Startup Time": 2.285, "Actual Min Total Time": 2.285, "Actual Max Total Time": 2.285, "Index Cond": "(id = mi.movie_id)", "Actual Rows": 410}], "Actual Rows": 410}], "Actual Rows": 410}], "Actual Rows": 1}, "Triggers": [], "Planner Runtime": 114.526, "Total Runtime": 478.18, "Unique SQL Id": 4264520866}}, "(16, '7')": {"explain_plan": {"Plan": {"Node Type": "Aggregate", "Strategy": "Plain", "Startup Cost": 212364.75, "Total Cost": 212364.76, "Plan Rows": 1, "Plan Width": 160, "Plans": [{"Node Type": "Nested Loop", "Parent Relationship": "Outer", "Join Type": "Inner", "Startup Cost": 83172.11, "Total Cost": 212364.68, "Plan Rows": 9, "Plan Width": 64, "Inner Unique": true, "Plans": [{"Node Type": "Nested Loop", "Parent Relationship": "Outer", "Join Type": "Inner", "Startup Cost": 83171.85, "Total Cost": 212326.13, "Plan Rows": 9, "Plan Width": 59, "Inner Unique": true, "Plans": [{"Node Type": "Nested Loop", "Parent Relationship": "Outer", "Join Type": "Inner", "Startup Cost": 83171.59, "Total Cost": 212180.52, "Plan Rows": 34, "Plan Width": 63, "Inner Unique": false, "Plans": [{"Node Type": "Nested Loop", "Parent Relationship": "Outer", "Join Type": "Inner", "Startup Cost": 83171.32, "Total Cost": 211607.05, "Plan Rows": 133, "Plan Width": 50, "Inner Unique": false, "Join Filter": "(mi.info_type_id = it1.id)", "Plans": [{"Node Type": "Bitmap Heap Scan", "Parent Relationship": "Outer", "Relation Name": "info_type", "Alias": "it1", "Startup Cost": 8.81, "Total Cost": 14.21, "Plan Rows": 1, "Plan Width": 4, "Filter": "((info)::text = 'budget'::text)", "Plans": [{"Node Type": "Bitmap Index Scan", "Parent Relationship": "Outer", "Index Name": "info_type_pkey", "Startup Cost": 0.0, "Total Cost": 8.81, "Plan Rows": 112, "Plan Width": 0}]}, {"Node Type": "Nested Loop", "Parent Relationship": "Inner", "Join Type": "Inner", "Startup Cost": 83162.51, "Total Cost": 211573.33, "Plan Rows": 1561, "Plan Width": 54, "Inner Unique": false, "Plans": [{"Node Type": "Nested Loop", "Parent Relationship": "Outer", "Join Type": "Inner", "Startup Cost": 83162.13, "Total Cost": 210250.93, "Plan Rows": 294, "Plan Width": 4, "Inner Unique": false, "Plans": [{"Node Type": "Bitmap Heap Scan", "Parent Relationship": "Outer", "Relation Name": "name", "Alias": "n", "Startup Cost": 83157.74, "Total Cost": 197067.09, "Plan Rows": 173, "Plan Width": 4, "Filter": "(((name)::text ~~ '%Tim%'::text) AND ((gender)::text = 'm'::text))", "Plans": [{"Node Type": "Bitmap Index Scan", "Parent Relationship": "Outer", "Index Name": "name_pkey", "Startup Cost": 0.0, "Total Cost": 83157.7, "Plan Rows": 4167490, "Plan Width": 0}]}, {"Node Type": "Bitmap Heap Scan", "Parent Relationship": "Inner", "Relation Name": "cast_info", "Alias": "ci", "Startup Cost": 4.39, "Total Cost": 76.19, "Plan Rows": 2, "Plan Width": 8, "Recheck Cond": "(person_id = n.id)", "Filter": "((note)::text = ANY ('{(producer),\"(executive producer)\"}'::text[]))", "Plans": [{"Node Type": "Bitmap Index Scan", "Parent Relationship": "Outer", "Index Name": "person_id_cast_info", "Startup Cost": 0.0, "Total Cost": 4.38, "Plan Rows": 18, "Plan Width": 0, "Index Cond": "(person_id = n.id)"}]}]}, {"Node Type": "Bitmap Heap Scan", "Parent Relationship": "Inner", "Relation Name": "movie_info", "Alias": "mi", "Startup Cost": 0.39, "Total Cost": 4.45, "Plan Rows": 5, "Plan Width": 50, "Recheck Cond": "(movie_id = ci.movie_id)", "Plans": [{"Node Type": "Bitmap Index Scan", "Parent Relationship": "Outer", "Index Name": "movie_id_movie_info", "Startup Cost": 0.0, "Total Cost": 0.38, "Plan Rows": 5, "Plan Width": 0, "Index Cond": "(movie_id = ci.movie_id)"}]}]}]}, {"Node Type": "Bitmap Heap Scan", "Parent Relationship": "Inner", "Relation Name": "movie_info_idx", "Alias": "mi_idx", "Startup Cost": 0.27, "Total Cost": 4.29, "Plan Rows": 2, "Plan Width": 13, "Recheck Cond": "(movie_id = mi.movie_id)", "Plans": [{"Node Type": "Bitmap Index Scan", "Parent Relationship": "Outer", "Index Name": "movie_id_movie_info_idx", "Startup Cost": 0.0, "Total Cost": 0.27, "Plan Rows": 2, "Plan Width": 0, "Index Cond": "(movie_id = mi.movie_id)"}]}]}, {"Node Type": "Bitmap Heap Scan", "Parent Relationship": "Inner", "Relation Name": "info_type", "Alias": "it2", "Startup Cost": 0.26, "Total Cost": 4.27, "Plan Rows": 1, "Plan Width": 4, "Recheck Cond": "(id = mi_idx.info_type_id)", "Filter": "((info)::text = 'votes'::text)", "Plans": [{"Node Type": "Bitmap Index Scan", "Parent Relationship": "Outer", "Index Name": "info_type_pkey", "Startup Cost": 0.0, "Total Cost": 0.26, "Plan Rows": 1, "Plan Width": 0, "Index Cond": "(id = mi_idx.info_type_id)"}]}]}, {"Node Type": "Bitmap Heap Scan", "Parent Relationship": "Inner", "Relation Name": "title", "Alias": "t", "Startup Cost": 0.26, "Total Cost": 4.27, "Plan Rows": 1, "Plan Width": 21, "Recheck Cond": "(id = mi.movie_id)", "Plans": [{"Node Type": "Bitmap Index Scan", "Parent Relationship": "Outer", "Index Name": "title_pkey", "Startup Cost": 0.0, "Total Cost": 0.26, "Plan Rows": 1, "Plan Width": 0, "Index Cond": "(id = mi.movie_id)"}]}]}]}, "Unique SQL Id": 4264520866, "Planner Runtime": 37}, "explain_analyze_plan": null}, "(16, '8')": {"explain_plan": {"Plan": {"Node Type": "Aggregate", "Strategy": "Plain", "Startup Cost": 29854.72, "Total Cost": 29854.73, "Plan Rows": 1, "Plan Width": 160, "Plans": [{"Node Type": "Nested Loop", "Parent Relationship": "Outer", "Join Type": "Inner", "Startup Cost": 0.0, "Total Cost": 29854.66, "Plan Rows": 9, "Plan Width": 64, "Inner Unique": true, "Plans": [{"Node Type": "Nested Loop", "Parent Relationship": "Outer", "Join Type": "Inner", "Startup Cost": 0.0, "Total Cost": 29852.03, "Plan Rows": 9, "Plan Width": 59, "Inner Unique": false, "Join Filter": "(mi_idx.info_type_id = it2.id)", "Plans": [{"Node Type": "Seq Scan", "Parent Relationship": "Outer", "Relation Name": "info_type", "Alias": "it2", "Startup Cost": 0.0, "Total Cost": 2.4, "Plan Rows": 1, "Plan Width": 4, "Filter": "((info)::text = 'votes'::text)"}, {"Node Type": "Nested Loop", "Parent Relationship": "Inner", "Join Type": "Inner", "Startup Cost": 0.0, "Total Cost": 29849.21, "Plan Rows": 34, "Plan Width": 63, "Inner Unique": false, "Plans": [{"Node Type": "Nested Loop", "Parent Relationship": "Outer", "Join Type": "Inner", "Startup Cost": 0.0, "Total Cost": 29807.57, "Plan Rows": 133, "Plan Width": 50, "Inner Unique": false, "Join Filter": "(mi.info_type_id = it1.id)", "Plans": [{"Node Type": "Seq Scan", "Parent Relationship": "Outer", "Relation Name": "info_type", "Alias": "it1", "Startup Cost": 0.0, "Total Cost": 2.4, "Plan Rows": 1, "Plan Width": 4, "Filter": "((info)::text = 'budget'::text)"}, {"Node Type": "Materialize", "Parent Relationship": "Inner", "Startup Cost": 0.0, "Total Cost": 29789.56, "Plan Rows": 1561, "Plan Width": 54, "Plans": [{"Node Type": "Nested Loop", "Parent Relationship": "Outer", "Join Type": "Inner", "Startup Cost": 0.0, "Total Cost": 29785.66, "Plan Rows": 1561, "Plan Width": 54, "Inner Unique": false, "Plans": [{"Node Type": "Nested Loop", "Parent Relationship": "Outer", "Join Type": "Inner", "Startup Cost": 0.0, "Total Cost": 29565.43, "Plan Rows": 294, "Plan Width": 4, "Inner Unique": false, "Plans": [{"Node Type": "Streaming(type: LOCAL GATHER dop: 1/16)", "Parent Relationship": "Outer", "Startup Cost": 0.0, "Total Cost": 22123.07, "Plan Rows": 173, "Plan Width": 4, "Plans": [{"Node Type": "Seq Scan", "Parent Relationship": "Outer", "Relation Name": "name", "Alias": "n", "Startup Cost": 0.0, "Total Cost": 22119.33, "Plan Rows": 173, "Plan Width": 4, "Filter": "(((name)::text ~~ '%Tim%'::text) AND ((gender)::text = 'm'::text))"}]}, {"Node Type": "Index Scan", "Parent Relationship": "Inner", "Scan Direction": "Forward", "Index Name": "person_id_cast_info", "Relation Name": "cast_info", "Alias": "ci", "Startup Cost": 0.0, "Total Cost": 43.0, "Plan Rows": 2, "Plan Width": 8, "Index Cond": "(person_id = n.id)", "Filter": "((note)::text = ANY ('{(producer),\"(executive producer)\"}'::text[]))"}]}, {"Node Type": "Index Scan", "Parent Relationship": "Inner", "Scan Direction": "Forward", "Index Name": "movie_id_movie_info", "Relation Name": "movie_info", "Alias": "mi", "Startup Cost": 0.0, "Total Cost": 0.7, "Plan Rows": 5, "Plan Width": 50, "Index Cond": "(movie_id = ci.movie_id)"}]}]}]}, {"Node Type": "Index Scan", "Parent Relationship": "Inner", "Scan Direction": "Forward", "Index Name": "movie_id_movie_info_idx", "Relation Name": "movie_info_idx", "Alias": "mi_idx", "Startup Cost": 0.0, "Total Cost": 0.29, "Plan Rows": 2, "Plan Width": 13, "Index Cond": "(movie_id = mi.movie_id)"}]}]}, {"Node Type": "Index Scan", "Parent Relationship": "Inner", "Scan Direction": "Forward", "Index Name": "title_pkey", "Relation Name": "title", "Alias": "t", "Startup Cost": 0.0, "Total Cost": 0.28, "Plan Rows": 1, "Plan Width": 21, "Index Cond": "(id = mi.movie_id)"}]}]}, "Unique SQL Id": 4264520866, "Planner Runtime": 109}, "explain_analyze_plan": {"Plan": {"Node Type": "Aggregate", "Strategy": "Plain", "Startup Cost": 29854.72, "Total Cost": 29854.73, "Plan Rows": 1, "Plan Width": 160, "Actual Min Startup Time": 416.335, "Actual Max Startup Time": 416.335, "Actual Min Total Time": 416.336, "Actual Max Total Time": 416.336, "Plans": [{"Node Type": "Nested Loop", "Parent Relationship": "Outer", "Join Type": "Inner", "Startup Cost": 0.0, "Total Cost": 29854.66, "Plan Rows": 9, "Plan Width": 64, "Actual Min Startup Time": 368.0, "Actual Max Startup Time": 368.0, "Actual Min Total Time": 415.898, "Actual Max Total Time": 415.898, "Inner Unique": true, "Plans": [{"Node Type": "Nested Loop", "Parent Relationship": "Outer", "Join Type": "Inner", "Startup Cost": 0.0, "Total Cost": 29852.03, "Plan Rows": 9, "Plan Width": 59, "Actual Min Startup Time": 367.98, "Actual Max Startup Time": 367.98, "Actual Min Total Time": 412.403, "Actual Max Total Time": 412.403, "Inner Unique": false, "Join Filter": "(mi_idx.info_type_id = it2.id)", "Rows Removed by Join Filter": 825, "Plans": [{"Node Type": "Seq Scan", "Parent Relationship": "Outer", "Relation Name": "info_type", "Alias": "it2", "Startup Cost": 0.0, "Total Cost": 2.4, "Plan Rows": 1, "Plan Width": 4, "Actual Min Startup Time": 0.064, "Actual Max Startup Time": 0.064, "Actual Min Total Time": 0.073, "Actual Max Total Time": 0.073, "Filter": "((info)::text = 'votes'::text)", "Rows Removed by Filter": 111, "Actual Rows": 1}, {"Node Type": "Nested Loop", "Parent Relationship": "Inner", "Join Type": "Inner", "Startup Cost": 0.0, "Total Cost": 29849.21, "Plan Rows": 34, "Plan Width": 63, "Actual Min Startup Time": 367.905, "Actual Max Startup Time": 367.905, "Actual Min Total Time": 409.763, "Actual Max Total Time": 409.763, "Inner Unique": false, "Plans": [{"Node Type": "Nested Loop", "Parent Relationship": "Outer", "Join Type": "Inner", "Startup Cost": 0.0, "Total Cost": 29807.57, "Plan Rows": 133, "Plan Width": 50, "Actual Min Startup Time": 367.835, "Actual Max Startup Time": 367.835, "Actual Min Total Time": 403.986, "Actual Max Total Time": 403.986, "Inner Unique": false, "Join Filter": "(mi.info_type_id = it1.id)", "Rows Removed by Join Filter": 95197, "Plans": [{"Node Type": "Seq Scan", "Parent Relationship": "Outer", "Relation Name": "info_type", "Alias": "it1", "Startup Cost": 0.0, "Total Cost": 2.4, "Plan Rows": 1, "Plan Width": 4, "Actual Min Startup Time": 0.057, "Actual Max Startup Time": 0.057, "Actual Min Total Time": 0.07, "Actual Max Total Time": 0.07, "Filter": "((info)::text = 'budget'::text)", "Rows Removed by Filter": 111, "Actual Rows": 1}, {"Node Type": "Materialize", "Parent Relationship": "Inner", "Startup Cost": 0.0, "Total Cost": 29789.56, "Plan Rows": 1561, "Plan Width": 54, "Actual Min Startup Time": 367.762, "Actual Max Startup Time": 367.762, "Actual Min Total Time": 379.616, "Actual Max Total Time": 379.616, "Plans": [{"Node Type": "Nested Loop", "Parent Relationship": "Outer", "Join Type": "Inner", "Startup Cost": 0.0, "Total Cost": 29785.66, "Plan Rows": 1561, "Plan Width": 54, "Actual Min Startup Time": 19.961, "Actual Max Startup Time": 19.961, "Actual Min Total Time": 340.588, "Actual Max Total Time": 340.588, "Inner Unique": false, "Plans": [{"Node Type": "Nested Loop", "Parent Relationship": "Outer", "Join Type": "Inner", "Startup Cost": 0.0, "Total Cost": 29565.43, "Plan Rows": 294, "Plan Width": 4, "Actual Min Startup Time": 19.942, "Actual Max Startup Time": 19.942, "Actual Min Total Time": 192.495, "Actual Max Total Time": 192.495, "Inner Unique": false, "Plans": [{"Node Type": "Streaming(type: LOCAL GATHER dop: 1/16)", "Parent Relationship": "Outer", "Startup Cost": 0.0, "Total Cost": 22123.07, "Plan Rows": 173, "Plan Width": 4, "Actual Min Startup Time": 19.553, "Actual Max Startup Time": 19.553, "Actual Min Total Time": 61.065, "Actual Max Total Time": 61.065, "Plans": [{"Node Type": "Seq Scan", "Parent Relationship": "Outer", "Relation Name": "name", "Alias": "n", "Startup Cost": 0.0, "Total Cost": 22119.33, "Plan Rows": 173, "Plan Width": 4, "Actual Min Startup Time": 0.032, "Actual Max Startup Time": 0.834, "Actual Min Total Time": 101.822, "Actual Max Total Time": 105.99, "Filter": "(((name)::text ~~ '%Tim%'::text) AND ((gender)::text = 'm'::text))", "Rows Removed by Filter": 4158428, "Actual Rows": 9062}], "Actual Rows": 9062}, {"Node Type": "Index Scan", "Parent Relationship": "Inner", "Scan Direction": "Forward", "Index Name": "person_id_cast_info", "Relation Name": "cast_info", "Alias": "ci", "Startup Cost": 0.0, "Total Cost": 43.0, "Plan Rows": 2, "Plan Width": 8, "Actual Min Startup Time": 105.697, "Actual Max Startup Time": 105.697, "Actual Min Total Time": 124.933, "Actual Max Total Time": 124.933, "Index Cond": "(person_id = n.id)", "Rows Removed by Index Recheck": 0, "Filter": "((note)::text = ANY ('{(producer),\"(executive producer)\"}'::text[]))", "Rows Removed by Filter": 89309, "Actual Rows": 6719}], "Actual Rows": 6719}, {"Node Type": "Index Scan", "Parent Relationship": "Inner", "Scan Direction": "Forward", "Index Name": "movie_id_movie_info", "Relation Name": "movie_info", "Alias": "mi", "Startup Cost": 0.0, "Total Cost": 0.7, "Plan Rows": 5, "Plan Width": 50, "Actual Min Startup Time": 39.487, "Actual Max Startup Time": 39.487, "Actual Min Total Time": 123.948, "Actual Max Total Time": 123.948, "Index Cond": "(movie_id = ci.movie_id)", "Rows Removed by Index Recheck": 0, "Actual Rows": 95896}], "Actual Rows": 95896}], "Actual Rows": 95897}], "Actual Rows": 699}, {"Node Type": "Index Scan", "Parent Relationship": "Inner", "Scan Direction": "Forward", "Index Name": "movie_id_movie_info_idx", "Relation Name": "movie_info_idx", "Alias": "mi_idx", "Startup Cost": 0.0, "Total Cost": 0.29, "Plan Rows": 2, "Plan Width": 13, "Actual Min Startup Time": 4.625, "Actual Max Startup Time": 4.625, "Actual Min Total Time": 5.128, "Actual Max Total Time": 5.128, "Index Cond": "(movie_id = mi.movie_id)", "Rows Removed by Index Recheck": 0, "Actual Rows": 1235}], "Actual Rows": 1235}], "Actual Rows": 410}, {"Node Type": "Index Scan", "Parent Relationship": "Inner", "Scan Direction": "Forward", "Index Name": "title_pkey", "Relation Name": "title", "Alias": "t", "Startup Cost": 0.0, "Total Cost": 0.28, "Plan Rows": 1, "Plan Width": 21, "Actual Min Startup Time": 3.196, "Actual Max Startup Time": 3.196, "Actual Min Total Time": 3.196, "Actual Max Total Time": 3.196, "Index Cond": "(id = mi.movie_id)", "Rows Removed by Index Recheck": 0, "Actual Rows": 410}], "Actual Rows": 410}], "Actual Rows": 1}, "Triggers": [], "Planner Runtime": 98.942, "Total Runtime": 419.394, "Unique SQL Id": 4264520866}}, "(16, '9')": {"explain_plan": {"Plan": {"Node Type": "Aggregate", "Strategy": "Plain", "Startup Cost": 161086.29, "Total Cost": 161086.3, "Plan Rows": 1, "Plan Width": 160, "Plans": [{"Node Type": "Nested Loop", "Parent Relationship": "Outer", "Join Type": "Inner", "Startup Cost": 0.0, "Total Cost": 161086.22, "Plan Rows": 9, "Plan Width": 64, "Inner Unique": true, "Plans": [{"Node Type": "Nested Loop", "Parent Relationship": "Outer", "Join Type": "Inner", "Startup Cost": 0.0, "Total Cost": 161083.6, "Plan Rows": 9, "Plan Width": 59, "Inner Unique": false, "Join Filter": "(mi.info_type_id = it1.id)", "Plans": [{"Node Type": "Index Scan", "Parent Relationship": "Outer", "Scan Direction": "Forward", "Index Name": "info_type_pkey", "Relation Name": "info_type", "Alias": "it1", "Startup Cost": 0.0, "Total Cost": 14.21, "Plan Rows": 1, "Plan Width": 4, "Filter": "((info)::text = 'budget'::text)"}, {"Node Type": "Nested Loop", "Parent Relationship": "Inner", "Join Type": "Inner", "Startup Cost": 0.0, "Total Cost": 161065.9, "Plan Rows": 279, "Plan Width": 63, "Inner Unique": false, "Join Filter": "(mi_idx.movie_id = mi.movie_id)", "Plans": [{"Node Type": "Nested Loop", "Parent Relationship": "Outer", "Join Type": "Inner", "Startup Cost": 0.0, "Total Cost": 161026.3, "Plan Rows": 52, "Plan Width": 13, "Inner Unique": false, "Join Filter": "(mi_idx.info_type_id = it2.id)", "Plans": [{"Node Type": "Index Scan", "Parent Relationship": "Outer", "Scan Direction": "Forward", "Index Name": "info_type_pkey", "Relation Name": "info_type", "Alias": "it2", "Startup Cost": 0.0, "Total Cost": 14.21, "Plan Rows": 1, "Plan Width": 4, "Filter": "((info)::text = 'votes'::text)"}, {"Node Type": "Materialize", "Parent Relationship": "Inner", "Startup Cost": 0.0, "Total Cost": 161008.63, "Plan Rows": 346, "Plan Width": 17, "Plans": [{"Node Type": "Nested Loop", "Parent Relationship": "Outer", "Join Type": "Inner", "Startup Cost": 0.0, "Total Cost": 161007.76, "Plan Rows": 346, "Plan Width": 17, "Inner Unique": false, "Plans": [{"Node Type": "Nested Loop", "Parent Relationship": "Outer", "Join Type": "Inner", "Startup Cost": 0.0, "Total Cost": 160910.97, "Plan Rows": 294, "Plan Width": 4, "Inner Unique": false, "Plans": [{"Node Type": "Streaming(type: LOCAL GATHER dop: 1/16)", "Parent Relationship": "Outer", "Startup Cost": 0.0, "Total Cost": 153468.6, "Plan Rows": 173, "Plan Width": 4, "Plans": [{"Node Type": "Index Scan", "Parent Relationship": "Outer", "Scan Direction": "Forward", "Index Name": "name_pkey", "Relation Name": "name", "Alias": "n", "Startup Cost": 0.0, "Total Cost": 153464.87, "Plan Rows": 173, "Plan Width": 4, "Filter": "(((name)::text ~~ '%Tim%'::text) AND ((gender)::text = 'm'::text))"}]}, {"Node Type": "Index Scan", "Parent Relationship": "Inner", "Scan Direction": "Forward", "Index Name": "person_id_cast_info", "Relation Name": "cast_info", "Alias": "ci", "Startup Cost": 0.0, "Total Cost": 43.0, "Plan Rows": 2, "Plan Width": 8, "Index Cond": "(person_id = n.id)", "Filter": "((note)::text = ANY ('{(producer),\"(executive producer)\"}'::text[]))"}]}, {"Node Type": "Index Scan", "Parent Relationship": "Inner", "Scan Direction": "Forward", "Index Name": "movie_id_movie_info_idx", "Relation Name": "movie_info_idx", "Alias": "mi_idx", "Startup Cost": 0.0, "Total Cost": 0.31, "Plan Rows": 2, "Plan Width": 13, "Index Cond": "(movie_id = ci.movie_id)"}]}]}]}, {"Node Type": "Index Scan", "Parent Relationship": "Inner", "Scan Direction": "Forward", "Index Name": "movie_id_movie_info", "Relation Name": "movie_info", "Alias": "mi", "Startup Cost": 0.0, "Total Cost": 0.7, "Plan Rows": 5, "Plan Width": 50, "Index Cond": "(movie_id = ci.movie_id)"}]}]}, {"Node Type": "Index Scan", "Parent Relationship": "Inner", "Scan Direction": "Forward", "Index Name": "title_pkey", "Relation Name": "title", "Alias": "t", "Startup Cost": 0.0, "Total Cost": 0.28, "Plan Rows": 1, "Plan Width": 21, "Index Cond": "(id = mi.movie_id)"}]}]}, "Unique SQL Id": 4264520866, "Planner Runtime": 42}, "explain_analyze_plan": {"Plan": {"Node Type": "Aggregate", "Strategy": "Plain", "Startup Cost": 161086.29, "Total Cost": 161086.3, "Plan Rows": 1, "Plan Width": 160, "Actual Min Startup Time": 476.62, "Actual Max Startup Time": 476.62, "Actual Min Total Time": 476.62, "Actual Max Total Time": 476.62, "Plans": [{"Node Type": "Nested Loop", "Parent Relationship": "Outer", "Join Type": "Inner", "Startup Cost": 0.0, "Total Cost": 161086.22, "Plan Rows": 9, "Plan Width": 64, "Actual Min Startup Time": 335.708, "Actual Max Startup Time": 335.708, "Actual Min Total Time": 476.138, "Actual Max Total Time": 476.138, "Inner Unique": true, "Plans": [{"Node Type": "Nested Loop", "Parent Relationship": "Outer", "Join Type": "Inner", "Startup Cost": 0.0, "Total Cost": 161083.6, "Plan Rows": 9, "Plan Width": 59, "Actual Min Startup Time": 335.689, "Actual Max Startup Time": 335.689, "Actual Min Total Time": 472.481, "Actual Max Total Time": 472.481, "Inner Unique": false, "Join Filter": "(mi.info_type_id = it1.id)", "Rows Removed by Join Filter": 81998, "Plans": [{"Node Type": "Index Scan", "Parent Relationship": "Outer", "Scan Direction": "Forward", "Index Name": "info_type_pkey", "Relation Name": "info_type", "Alias": "it1", "Startup Cost": 0.0, "Total Cost": 14.21, "Plan Rows": 1, "Plan Width": 4, "Actual Min Startup Time": 0.084, "Actual Max Startup Time": 0.084, "Actual Min Total Time": 0.09, "Actual Max Total Time": 0.09, "Filter": "((info)::text = 'budget'::text)", "Rows Removed by Filter": 111, "Actual Rows": 1}, {"Node Type": "Nested Loop", "Parent Relationship": "Inner", "Join Type": "Inner", "Startup Cost": 0.0, "Total Cost": 161065.9, "Plan Rows": 279, "Plan Width": 63, "Actual Min Startup Time": 335.581, "Actual Max Startup Time": 335.581, "Actual Min Total Time": 456.706, "Actual Max Total Time": 456.706, "Inner Unique": false, "Join Filter": "(mi_idx.movie_id = mi.movie_id)", "Rows Removed by Join Filter": 0, "Plans": [{"Node Type": "Nested Loop", "Parent Relationship": "Outer", "Join Type": "Inner", "Startup Cost": 0.0, "Total Cost": 161026.3, "Plan Rows": 52, "Plan Width": 13, "Actual Min Startup Time": 335.557, "Actual Max Startup Time": 335.557, "Actual Min Total Time": 339.703, "Actual Max Total Time": 339.703, "Inner Unique": false, "Join Filter": "(mi_idx.info_type_id = it2.id)", "Rows Removed by Join Filter": 6875, "Plans": [{"Node Type": "Index Scan", "Parent Relationship": "Outer", "Scan Direction": "Forward", "Index Name": "info_type_pkey", "Relation Name": "info_type", "Alias": "it2", "Startup Cost": 0.0, "Total Cost": 14.21, "Plan Rows": 1, "Plan Width": 4, "Actual Min Startup Time": 0.071, "Actual Max Startup Time": 0.071, "Actual Min Total Time": 0.081, "Actual Max Total Time": 0.081, "Filter": "((info)::text = 'votes'::text)", "Rows Removed by Filter": 111, "Actual Rows": 1}, {"Node Type": "Materialize", "Parent Relationship": "Inner", "Startup Cost": 0.0, "Total Cost": 161008.63, "Plan Rows": 346, "Plan Width": 17, "Actual Min Startup Time": 335.472, "Actual Max Startup Time": 335.472, "Actual Min Total Time": 336.702, "Actual Max Total Time": 336.702, "Plans": [{"Node Type": "Nested Loop", "Parent Relationship": "Outer", "Join Type": "Inner", "Startup Cost": 0.0, "Total Cost": 161007.76, "Plan Rows": 346, "Plan Width": 17, "Actual Min Startup Time": 70.179, "Actual Max Startup Time": 70.179, "Actual Min Total Time": 332.484, "Actual Max Total Time": 332.484, "Inner Unique": false, "Plans": [{"Node Type": "Nested Loop", "Parent Relationship": "Outer", "Join Type": "Inner", "Startup Cost": 0.0, "Total Cost": 160910.97, "Plan Rows": 294, "Plan Width": 4, "Actual Min Startup Time": 70.149, "Actual Max Startup Time": 70.149, "Actual Min Total Time": 294.567, "Actual Max Total Time": 294.567, "Inner Unique": false, "Plans": [{"Node Type": "Streaming(type: LOCAL GATHER dop: 1/16)", "Parent Relationship": "Outer", "Startup Cost": 0.0, "Total Cost": 153468.6, "Plan Rows": 173, "Plan Width": 4, "Actual Min Startup Time": 70.006, "Actual Max Startup Time": 70.006, "Actual Min Total Time": 165.071, "Actual Max Total Time": 165.071, "Plans": [{"Node Type": "Index Scan", "Parent Relationship": "Outer", "Scan Direction": "Forward", "Index Name": "name_pkey", "Relation Name": "name", "Alias": "n", "Startup Cost": 0.0, "Total Cost": 153464.87, "Plan Rows": 173, "Plan Width": 4, "Actual Min Startup Time": 39.742, "Actual Max Startup Time": 299.64, "Actual Min Total Time": 272.13, "Actual Max Total Time": 304.338, "Filter": "(((name)::text ~~ '%Tim%'::text) AND ((gender)::text = 'm'::text))", "Rows Removed by Filter": 4158428, "Actual Rows": 9062}], "Actual Rows": 9062}, {"Node Type": "Index Scan", "Parent Relationship": "Inner", "Scan Direction": "Forward", "Index Name": "person_id_cast_info", "Relation Name": "cast_info", "Alias": "ci", "Startup Cost": 0.0, "Total Cost": 43.0, "Plan Rows": 2, "Plan Width": 8, "Actual Min Startup Time": 104.11, "Actual Max Startup Time": 104.11, "Actual Min Total Time": 123.266, "Actual Max Total Time": 123.266, "Index Cond": "(person_id = n.id)", "Rows Removed by Index Recheck": 0, "Filter": "((note)::text = ANY ('{(producer),\"(executive producer)\"}'::text[]))", "Rows Removed by Filter": 89309, "Actual Rows": 6719}], "Actual Rows": 6719}, {"Node Type": "Index Scan", "Parent Relationship": "Inner", "Scan Direction": "Forward", "Index Name": "movie_id_movie_info_idx", "Relation Name": "movie_info_idx", "Alias": "mi_idx", "Startup Cost": 0.0, "Total Cost": 0.31, "Plan Rows": 2, "Plan Width": 13, "Actual Min Startup Time": 28.123, "Actual Max Startup Time": 28.123, "Actual Min Total Time": 32.253, "Actual Max Total Time": 32.253, "Index Cond": "(movie_id = ci.movie_id)", "Rows Removed by Index Recheck": 0, "Actual Rows": 10310}], "Actual Rows": 10310}], "Actual Rows": 10311}], "Actual Rows": 3435}, {"Node Type": "Index Scan", "Parent Relationship": "Inner", "Scan Direction": "Forward", "Index Name": "movie_id_movie_info", "Relation Name": "movie_info", "Alias": "mi", "Startup Cost": 0.0, "Total Cost": 0.7, "Plan Rows": 5, "Plan Width": 50, "Actual Min Startup Time": 21.885, "Actual Max Startup Time": 21.885, "Actual Min Total Time": 88.131, "Actual Max Total Time": 88.131, "Index Cond": "(movie_id = ci.movie_id)", "Rows Removed by Index Recheck": 0, "Actual Rows": 82408}], "Actual Rows": 82408}], "Actual Rows": 410}, {"Node Type": "Index Scan", "Parent Relationship": "Inner", "Scan Direction": "Forward", "Index Name": "title_pkey", "Relation Name": "title", "Alias": "t", "Startup Cost": 0.0, "Total Cost": 0.28, "Plan Rows": 1, "Plan Width": 21, "Actual Min Startup Time": 3.252, "Actual Max Startup Time": 3.252, "Actual Min Total Time": 3.252, "Actual Max Total Time": 3.252, "Index Cond": "(id = mi.movie_id)", "Rows Removed by Index Recheck": 0, "Actual Rows": 410}], "Actual Rows": 410}], "Actual Rows": 1}, "Triggers": [], "Planner Runtime": 49.928, "Total Runtime": 479.326, "Unique SQL Id": 4264520866}}, "(16, '10')": {"explain_plan": {"Plan": {"Node Type": "Aggregate", "Strategy": "Plain", "Startup Cost": 189917.75, "Total Cost": 189917.76, "Plan Rows": 1, "Plan Width": 160, "Plans": [{"Node Type": "Nested Loop", "Parent Relationship": "Outer", "Join Type": "Inner", "Startup Cost": 122762.09, "Total Cost": 189917.68, "Plan Rows": 9, "Plan Width": 64, "Inner Unique": false, "Join Filter": "(mi_idx.info_type_id = it2.id)", "Plans": [{"Node Type": "Seq Scan", "Parent Relationship": "Outer", "Relation Name": "info_type", "Alias": "it2", "Startup Cost": 0.0, "Total Cost": 2.4, "Plan Rows": 1, "Plan Width": 4, "Filter": "((info)::text = 'votes'::text)"}, {"Node Type": "Materialize", "Parent Relationship": "Inner", "Startup Cost": 122762.09, "Total Cost": 189914.94, "Plan Rows": 34, "Plan Width": 68, "Plans": [{"Node Type": "Streaming(type: LOCAL GATHER dop: 1/16)", "Parent Relationship": "Outer", "Startup Cost": 122762.09, "Total Cost": 189914.86, "Plan Rows": 34, "Plan Width": 68, "Plans": [{"Node Type": "Hash Join", "Parent Relationship": "Outer", "Join Type": "Inner", "Startup Cost": 122762.09, "Total Cost": 189914.12, "Plan Rows": 34, "Plan Width": 68, "Inner Unique": true, "Hash Cond": "(mi.movie_id = t.id)", "Plans": [{"Node Type": "Streaming(type: BROADCAST dop: 16/16)", "Parent Relationship": "Outer", "Startup Cost": 116098.27, "Total Cost": 183250.15, "Plan Rows": 544, "Plan Width": 63, "Plans": [{"Node Type": "Hash Join", "Parent Relationship": "Outer", "Join Type": "Inner", "Startup Cost": 116098.27, "Total Cost": 168248.77, "Plan Rows": 34, "Plan Width": 63, "Inner Unique": false, "Hash Cond": "(mi.movie_id = mi_idx.movie_id)", "Plans": [{"Node Type": "Streaming(type: BROADCAST dop: 16/1)", "Parent Relationship": "Outer", "Startup Cost": 110953.33, "Total Cost": 163102.71, "Plan Rows": 2128, "Plan Width": 50, "Plans": [{"Node Type": "Nested Loop", "Parent Relationship": "Outer", "Join Type": "Inner", "Startup Cost": 110953.33, "Total Cost": 148056.78, "Plan Rows": 133, "Plan Width": 50, "Inner Unique": false, "Join Filter": "(mi.info_type_id = it1.id)", "Plans": [{"Node Type": "Seq Scan", "Parent Relationship": "Outer", "Relation Name": "info_type", "Alias": "it1", "Startup Cost": 0.0, "Total Cost": 2.4, "Plan Rows": 1, "Plan Width": 4, "Filter": "((info)::text = 'budget'::text)"}, {"Node Type": "Materialize", "Parent Relationship": "Inner", "Startup Cost": 110953.33, "Total Cost": 148038.77, "Plan Rows": 1561, "Plan Width": 54, "Plans": [{"Node Type": "Streaming(type: LOCAL GATHER dop: 1/16)", "Parent Relationship": "Outer", "Startup Cost": 110953.33, "Total Cost": 148034.87, "Plan Rows": 1561, "Plan Width": 54, "Plans": [{"Node Type": "Hash Join", "Parent Relationship": "Outer", "Join Type": "Inner", "Startup Cost": 110953.33, "Total Cost": 148001.18, "Plan Rows": 1561, "Plan Width": 54, "Inner Unique": false, "Hash Cond": "(mi.movie_id = ci.movie_id)", "Plans": [{"Node Type": "Seq Scan", "Parent Relationship": "Outer", "Relation Name": "movie_info", "Alias": "mi", "Startup Cost": 0.0, "Total Cost": 33561.73, "Plan Rows": 14869966, "Plan Width": 50}, {"Node Type": "Hash", "Parent Relationship": "Inner", "Startup Cost": 110949.66, "Total Cost": 110949.66, "Plan Rows": 4704, "Plan Width": 4, "Plans": [{"Node Type": "Streaming(type: BROADCAST dop: 16/16)", "Parent Relationship": "Outer", "Startup Cost": 37128.53, "Total Cost": 110949.66, "Plan Rows": 4704, "Plan Width": 4, "Plans": [{"Node Type": "Hash Join", "Parent Relationship": "Outer", "Join Type": "Inner", "Startup Cost": 37128.53, "Total Cost": 95937.71, "Plan Rows": 294, "Plan Width": 4, "Inner Unique": true, "Hash Cond": "(ci.person_id = n.id)", "Plans": [{"Node Type": "Seq Scan", "Parent Relationship": "Outer", "Relation Name": "cast_info", "Alias": "ci", "Startup Cost": 0.0, "Total Cost": 58282.92, "Plan Rows": 2350421, "Plan Width": 8, "Filter": "((note)::text = ANY ('{(producer),\"(executive producer)\"}'::text[]))"}, {"Node Type": "Hash", "Parent Relationship": "Inner", "Startup Cost": 37126.36, "Total Cost": 37126.36, "Plan Rows": 2768, "Plan Width": 4, "Plans": [{"Node Type": "Streaming(type: BROADCAST dop: 16/16)", "Parent Relationship": "Outer", "Startup Cost": 0.0, "Total Cost": 37126.36, "Plan Rows": 2768, "Plan Width": 4, "Plans": [{"Node Type": "Seq Scan", "Parent Relationship": "Outer", "Relation Name": "name", "Alias": "n", "Startup Cost": 0.0, "Total Cost": 22119.33, "Plan Rows": 173, "Plan Width": 4, "Filter": "(((name)::text ~~ '%Tim%'::text) AND ((gender)::text = 'm'::text))"}]}]}]}]}]}]}]}]}]}]}, {"Node Type": "Hash", "Parent Relationship": "Inner", "Startup Cost": 16267.15, "Total Cost": 16267.15, "Plan Rows": 1380034, "Plan Width": 13, "Plans": [{"Node Type": "Seq Scan", "Parent Relationship": "Outer", "Relation Name": "movie_info_idx", "Alias": "mi_idx", "Startup Cost": 0.0, "Total Cost": 16267.15, "Plan Rows": 1380034, "Plan Width": 13}]}]}]}, {"Node Type": "Hash", "Parent Relationship": "Inner", "Startup Cost": 18754.32, "Total Cost": 18754.32, "Plan Rows": 2528311, "Plan Width": 21, "Plans": [{"Node Type": "Seq Scan", "Parent Relationship": "Outer", "Relation Name": "title", "Alias": "t", "Startup Cost": 0.0, "Total Cost": 18754.32, "Plan Rows": 2528311, "Plan Width": 21}]}]}]}]}]}]}, "Unique SQL Id": 4264520866, "Planner Runtime": 174}, "explain_analyze_plan": null}, "(16, '11')": {"explain_plan": {"Plan": {"Node Type": "Aggregate", "Strategy": "Plain", "Startup Cost": 6977526256602.17, "Total Cost": 6977526256602.18, "Plan Rows": 1, "Plan Width": 160, "Plans": [{"Node Type": "Nested Loop", "Parent Relationship": "Outer", "Join Type": "Inner", "Startup Cost": 70031174542.45, "Total Cost": 6977526256601.78, "Plan Rows": 51, "Plan Width": 64, "Inner Unique": true, "Join Filter": "(mi.info_type_id = it1.id)", "Plans": [{"Node Type": "Nested Loop", "Parent Relationship": "Outer", "Join Type": "Inner", "Startup Cost": 60031174542.45, "Total Cost": 5977526255162.41, "Plan Rows": 1225, "Plan Width": 68, "Inner Unique": true, "Join Filter": "(mi_idx.info_type_id = it2.id)", "Plans": [{"Node Type": "Nested Loop", "Parent Relationship": "Outer", "Join Type": "Inner", "Startup Cost": 50031174542.45, "Total Cost": 4977526253713.56, "Plan Rows": 1856, "Plan Width": 72, "Inner Unique": false, "Join Filter": "(t.id = mi.movie_id)", "Plans": [{"Node Type": "Index Scan", "Parent Relationship": "Outer", "Scan Direction": "Forward", "Index Name": "info_type_id_movie_info", "Relation Name": "movie_info", "Alias": "mi", "Startup Cost": 10000000000.0, "Total Cost": 1000103683953.62, "Plan Rows": 14869966, "Plan Width": 50}, {"Node Type": "Materialize", "Parent Relationship": "Inner", "Startup Cost": 40031174542.45, "Total Cost": 3977345394637.27, "Plan Rows": 346, "Plan Width": 38, "Plans": [{"Node Type": "Nested Loop", "Parent Relationship": "Outer", "Join Type": "Inner", "Startup Cost": 40031174542.45, "Total Cost": 3977345394635.54, "Plan Rows": 346, "Plan Width": 38, "Inner Unique": true, "Join Filter": "(mi_idx.movie_id = t.id)", "Plans": [{"Node Type": "Nested Loop", "Parent Relationship": "Outer", "Join Type": "Inner", "Startup Cost": 30031174542.45, "Total Cost": 2977321254331.76, "Plan Rows": 346, "Plan Width": 17, "Inner Unique": false, "Join Filter": "(ci.movie_id = mi_idx.movie_id)", "Plans": [{"Node Type": "Index Scan", "Parent Relationship": "Outer", "Scan Direction": "Forward", "Index Name": "info_type_id_movie_info_idx", "Relation Name": "movie_info_idx", "Alias": "mi_idx", "Startup Cost": 10000000000.0, "Total Cost": 1000006370838.27, "Plan Rows": 1380034, "Plan Width": 13}, {"Node Type": "Materialize", "Parent Relationship": "Inner", "Startup Cost": 20031174542.45, "Total Cost": 1977308797544.29, "Plan Rows": 294, "Plan Width": 4, "Plans": [{"Node Type": "Merge Join", "Parent Relationship": "Outer", "Join Type": "Inner", "Startup Cost": 20031174542.45, "Total Cost": 1977308797542.82, "Plan Rows": 294, "Plan Width": 4, "Inner Unique": true, "Merge Cond": "(ci.person_id = n.id)", "Plans": [{"Node Type": "Index Scan", "Parent Relationship": "Outer", "Scan Direction": "Forward", "Index Name": "person_id_cast_info", "Relation Name": "cast_info", "Alias": "ci", "Startup Cost": 10000000000.0, "Total Cost": 1000179713706.71, "Plan Rows": 2350421, "Plan Width": 8, "Filter": "((note)::text = ANY ('{(producer),\"(executive producer)\"}'::text[]))"}, {"Node Type": "Materialize", "Parent Relationship": "Inner", "Startup Cost": 10000000000.0, "Total Cost": 1000019707020.14, "Plan Rows": 173, "Plan Width": 4, "Plans": [{"Node Type": "Index Scan", "Parent Relationship": "Outer", "Scan Direction": "Forward", "Index Name": "name_pkey", "Relation Name": "name", "Alias": "n", "Startup Cost": 10000000000.0, "Total Cost": 1000019707019.7, "Plan Rows": 173, "Plan Width": 4, "Filter": "(((name)::text ~~ '%Tim%'::text) AND ((gender)::text = 'm'::text))"}]}]}]}]}, {"Node Type": "Materialize", "Parent Relationship": "Inner", "Startup Cost": 10000000000.0, "Total Cost": 1000011024690.47, "Plan Rows": 2528311, "Plan Width": 21, "Plans": [{"Node Type": "Index Scan", "Parent Relationship": "Outer", "Scan Direction": "Forward", "Index Name": "title_pkey", "Relation Name": "title", "Alias": "t", "Startup Cost": 10000000000.0, "Total Cost": 1000011012048.91, "Plan Rows": 2528311, "Plan Width": 21}]}]}]}]}, {"Node Type": "Materialize", "Parent Relationship": "Inner", "Startup Cost": 10000000000.0, "Total Cost": 1000000001421.0, "Plan Rows": 1, "Plan Width": 4, "Plans": [{"Node Type": "Index Scan", "Parent Relationship": "Outer", "Scan Direction": "Forward", "Index Name": "info_type_pkey", "Relation Name": "info_type", "Alias": "it2", "Startup Cost": 10000000000.0, "Total Cost": 1000000001421.0, "Plan Rows": 1, "Plan Width": 4, "Filter": "((info)::text = 'votes'::text)"}]}]}, {"Node Type": "Materialize", "Parent Relationship": "Inner", "Startup Cost": 10000000000.0, "Total Cost": 1000000001421.0, "Plan Rows": 1, "Plan Width": 4, "Plans": [{"Node Type": "Index Scan", "Parent Relationship": "Outer", "Scan Direction": "Forward", "Index Name": "info_type_pkey", "Relation Name": "info_type", "Alias": "it1", "Startup Cost": 10000000000.0, "Total Cost": 1000000001421.0, "Plan Rows": 1, "Plan Width": 4, "Filter": "((info)::text = 'budget'::text)"}]}]}]}, "Unique SQL Id": 4264520866, "Planner Runtime": 98}, "explain_analyze_plan": null}, "(16, '12')": {"explain_plan": {"Plan": {"Node Type": "Aggregate", "Strategy": "Plain", "Startup Cost": 29854.72, "Total Cost": 29854.73, "Plan Rows": 1, "Plan Width": 160, "Plans": [{"Node Type": "Nested Loop", "Parent Relationship": "Outer", "Join Type": "Inner", "Startup Cost": 0.0, "Total Cost": 29854.66, "Plan Rows": 9, "Plan Width": 64, "Inner Unique": true, "Plans": [{"Node Type": "Nested Loop", "Parent Relationship": "Outer", "Join Type": "Inner", "Startup Cost": 0.0, "Total Cost": 29852.03, "Plan Rows": 9, "Plan Width": 59, "Inner Unique": false, "Join Filter": "(mi_idx.info_type_id = it2.id)", "Plans": [{"Node Type": "Seq Scan", "Parent Relationship": "Outer", "Relation Name": "info_type", "Alias": "it2", "Startup Cost": 0.0, "Total Cost": 2.4, "Plan Rows": 1, "Plan Width": 4, "Filter": "((info)::text = 'votes'::text)"}, {"Node Type": "Nested Loop", "Parent Relationship": "Inner", "Join Type": "Inner", "Startup Cost": 0.0, "Total Cost": 29849.21, "Plan Rows": 34, "Plan Width": 63, "Inner Unique": false, "Plans": [{"Node Type": "Nested Loop", "Parent Relationship": "Outer", "Join Type": "Inner", "Startup Cost": 0.0, "Total Cost": 29807.57, "Plan Rows": 133, "Plan Width": 50, "Inner Unique": false, "Join Filter": "(mi.info_type_id = it1.id)", "Plans": [{"Node Type": "Seq Scan", "Parent Relationship": "Outer", "Relation Name": "info_type", "Alias": "it1", "Startup Cost": 0.0, "Total Cost": 2.4, "Plan Rows": 1, "Plan Width": 4, "Filter": "((info)::text = 'budget'::text)"}, {"Node Type": "Materialize", "Parent Relationship": "Inner", "Startup Cost": 0.0, "Total Cost": 29789.56, "Plan Rows": 1561, "Plan Width": 54, "Plans": [{"Node Type": "Nested Loop", "Parent Relationship": "Outer", "Join Type": "Inner", "Startup Cost": 0.0, "Total Cost": 29785.66, "Plan Rows": 1561, "Plan Width": 54, "Inner Unique": false, "Plans": [{"Node Type": "Nested Loop", "Parent Relationship": "Outer", "Join Type": "Inner", "Startup Cost": 0.0, "Total Cost": 29565.43, "Plan Rows": 294, "Plan Width": 4, "Inner Unique": false, "Plans": [{"Node Type": "Streaming(type: LOCAL GATHER dop: 1/16)", "Parent Relationship": "Outer", "Startup Cost": 0.0, "Total Cost": 22123.07, "Plan Rows": 173, "Plan Width": 4, "Plans": [{"Node Type": "Seq Scan", "Parent Relationship": "Outer", "Relation Name": "name", "Alias": "n", "Startup Cost": 0.0, "Total Cost": 22119.33, "Plan Rows": 173, "Plan Width": 4, "Filter": "(((name)::text ~~ '%Tim%'::text) AND ((gender)::text = 'm'::text))"}]}, {"Node Type": "Index Scan", "Parent Relationship": "Inner", "Scan Direction": "Forward", "Index Name": "person_id_cast_info", "Relation Name": "cast_info", "Alias": "ci", "Startup Cost": 0.0, "Total Cost": 43.0, "Plan Rows": 2, "Plan Width": 8, "Index Cond": "(person_id = n.id)", "Filter": "((note)::text = ANY ('{(producer),\"(executive producer)\"}'::text[]))"}]}, {"Node Type": "Index Scan", "Parent Relationship": "Inner", "Scan Direction": "Forward", "Index Name": "movie_id_movie_info", "Relation Name": "movie_info", "Alias": "mi", "Startup Cost": 0.0, "Total Cost": 0.7, "Plan Rows": 5, "Plan Width": 50, "Index Cond": "(movie_id = ci.movie_id)"}]}]}]}, {"Node Type": "Index Scan", "Parent Relationship": "Inner", "Scan Direction": "Forward", "Index Name": "movie_id_movie_info_idx", "Relation Name": "movie_info_idx", "Alias": "mi_idx", "Startup Cost": 0.0, "Total Cost": 0.29, "Plan Rows": 2, "Plan Width": 13, "Index Cond": "(movie_id = mi.movie_id)"}]}]}, {"Node Type": "Index Scan", "Parent Relationship": "Inner", "Scan Direction": "Forward", "Index Name": "title_pkey", "Relation Name": "title", "Alias": "t", "Startup Cost": 0.0, "Total Cost": 0.28, "Plan Rows": 1, "Plan Width": 21, "Index Cond": "(id = mi.movie_id)"}]}]}, "Unique SQL Id": 4264520866, "Planner Runtime": 111}, "explain_analyze_plan": {"Plan": {"Node Type": "Aggregate", "Strategy": "Plain", "Startup Cost": 29854.72, "Total Cost": 29854.73, "Plan Rows": 1, "Plan Width": 160, "Actual Min Startup Time": 416.335, "Actual Max Startup Time": 416.335, "Actual Min Total Time": 416.336, "Actual Max Total Time": 416.336, "Plans": [{"Node Type": "Nested Loop", "Parent Relationship": "Outer", "Join Type": "Inner", "Startup Cost": 0.0, "Total Cost": 29854.66, "Plan Rows": 9, "Plan Width": 64, "Actual Min Startup Time": 368.0, "Actual Max Startup Time": 368.0, "Actual Min Total Time": 415.898, "Actual Max Total Time": 415.898, "Inner Unique": true, "Plans": [{"Node Type": "Nested Loop", "Parent Relationship": "Outer", "Join Type": "Inner", "Startup Cost": 0.0, "Total Cost": 29852.03, "Plan Rows": 9, "Plan Width": 59, "Actual Min Startup Time": 367.98, "Actual Max Startup Time": 367.98, "Actual Min Total Time": 412.403, "Actual Max Total Time": 412.403, "Inner Unique": false, "Join Filter": "(mi_idx.info_type_id = it2.id)", "Rows Removed by Join Filter": 825, "Plans": [{"Node Type": "Seq Scan", "Parent Relationship": "Outer", "Relation Name": "info_type", "Alias": "it2", "Startup Cost": 0.0, "Total Cost": 2.4, "Plan Rows": 1, "Plan Width": 4, "Actual Min Startup Time": 0.064, "Actual Max Startup Time": 0.064, "Actual Min Total Time": 0.073, "Actual Max Total Time": 0.073, "Filter": "((info)::text = 'votes'::text)", "Rows Removed by Filter": 111, "Actual Rows": 1}, {"Node Type": "Nested Loop", "Parent Relationship": "Inner", "Join Type": "Inner", "Startup Cost": 0.0, "Total Cost": 29849.21, "Plan Rows": 34, "Plan Width": 63, "Actual Min Startup Time": 367.905, "Actual Max Startup Time": 367.905, "Actual Min Total Time": 409.763, "Actual Max Total Time": 409.763, "Inner Unique": false, "Plans": [{"Node Type": "Nested Loop", "Parent Relationship": "Outer", "Join Type": "Inner", "Startup Cost": 0.0, "Total Cost": 29807.57, "Plan Rows": 133, "Plan Width": 50, "Actual Min Startup Time": 367.835, "Actual Max Startup Time": 367.835, "Actual Min Total Time": 403.986, "Actual Max Total Time": 403.986, "Inner Unique": false, "Join Filter": "(mi.info_type_id = it1.id)", "Rows Removed by Join Filter": 95197, "Plans": [{"Node Type": "Seq Scan", "Parent Relationship": "Outer", "Relation Name": "info_type", "Alias": "it1", "Startup Cost": 0.0, "Total Cost": 2.4, "Plan Rows": 1, "Plan Width": 4, "Actual Min Startup Time": 0.057, "Actual Max Startup Time": 0.057, "Actual Min Total Time": 0.07, "Actual Max Total Time": 0.07, "Filter": "((info)::text = 'budget'::text)", "Rows Removed by Filter": 111, "Actual Rows": 1}, {"Node Type": "Materialize", "Parent Relationship": "Inner", "Startup Cost": 0.0, "Total Cost": 29789.56, "Plan Rows": 1561, "Plan Width": 54, "Actual Min Startup Time": 367.762, "Actual Max Startup Time": 367.762, "Actual Min Total Time": 379.616, "Actual Max Total Time": 379.616, "Plans": [{"Node Type": "Nested Loop", "Parent Relationship": "Outer", "Join Type": "Inner", "Startup Cost": 0.0, "Total Cost": 29785.66, "Plan Rows": 1561, "Plan Width": 54, "Actual Min Startup Time": 19.961, "Actual Max Startup Time": 19.961, "Actual Min Total Time": 340.588, "Actual Max Total Time": 340.588, "Inner Unique": false, "Plans": [{"Node Type": "Nested Loop", "Parent Relationship": "Outer", "Join Type": "Inner", "Startup Cost": 0.0, "Total Cost": 29565.43, "Plan Rows": 294, "Plan Width": 4, "Actual Min Startup Time": 19.942, "Actual Max Startup Time": 19.942, "Actual Min Total Time": 192.495, "Actual Max Total Time": 192.495, "Inner Unique": false, "Plans": [{"Node Type": "Streaming(type: LOCAL GATHER dop: 1/16)", "Parent Relationship": "Outer", "Startup Cost": 0.0, "Total Cost": 22123.07, "Plan Rows": 173, "Plan Width": 4, "Actual Min Startup Time": 19.553, "Actual Max Startup Time": 19.553, "Actual Min Total Time": 61.065, "Actual Max Total Time": 61.065, "Plans": [{"Node Type": "Seq Scan", "Parent Relationship": "Outer", "Relation Name": "name", "Alias": "n", "Startup Cost": 0.0, "Total Cost": 22119.33, "Plan Rows": 173, "Plan Width": 4, "Actual Min Startup Time": 0.032, "Actual Max Startup Time": 0.834, "Actual Min Total Time": 101.822, "Actual Max Total Time": 105.99, "Filter": "(((name)::text ~~ '%Tim%'::text) AND ((gender)::text = 'm'::text))", "Rows Removed by Filter": 4158428, "Actual Rows": 9062}], "Actual Rows": 9062}, {"Node Type": "Index Scan", "Parent Relationship": "Inner", "Scan Direction": "Forward", "Index Name": "person_id_cast_info", "Relation Name": "cast_info", "Alias": "ci", "Startup Cost": 0.0, "Total Cost": 43.0, "Plan Rows": 2, "Plan Width": 8, "Actual Min Startup Time": 105.697, "Actual Max Startup Time": 105.697, "Actual Min Total Time": 124.933, "Actual Max Total Time": 124.933, "Index Cond": "(person_id = n.id)", "Rows Removed by Index Recheck": 0, "Filter": "((note)::text = ANY ('{(producer),\"(executive producer)\"}'::text[]))", "Rows Removed by Filter": 89309, "Actual Rows": 6719}], "Actual Rows": 6719}, {"Node Type": "Index Scan", "Parent Relationship": "Inner", "Scan Direction": "Forward", "Index Name": "movie_id_movie_info", "Relation Name": "movie_info", "Alias": "mi", "Startup Cost": 0.0, "Total Cost": 0.7, "Plan Rows": 5, "Plan Width": 50, "Actual Min Startup Time": 39.487, "Actual Max Startup Time": 39.487, "Actual Min Total Time": 123.948, "Actual Max Total Time": 123.948, "Index Cond": "(movie_id = ci.movie_id)", "Rows Removed by Index Recheck": 0, "Actual Rows": 95896}], "Actual Rows": 95896}], "Actual Rows": 95897}], "Actual Rows": 699}, {"Node Type": "Index Scan", "Parent Relationship": "Inner", "Scan Direction": "Forward", "Index Name": "movie_id_movie_info_idx", "Relation Name": "movie_info_idx", "Alias": "mi_idx", "Startup Cost": 0.0, "Total Cost": 0.29, "Plan Rows": 2, "Plan Width": 13, "Actual Min Startup Time": 4.625, "Actual Max Startup Time": 4.625, "Actual Min Total Time": 5.128, "Actual Max Total Time": 5.128, "Index Cond": "(movie_id = mi.movie_id)", "Rows Removed by Index Recheck": 0, "Actual Rows": 1235}], "Actual Rows": 1235}], "Actual Rows": 410}, {"Node Type": "Index Scan", "Parent Relationship": "Inner", "Scan Direction": "Forward", "Index Name": "title_pkey", "Relation Name": "title", "Alias": "t", "Startup Cost": 0.0, "Total Cost": 0.28, "Plan Rows": 1, "Plan Width": 21, "Actual Min Startup Time": 3.196, "Actual Max Startup Time": 3.196, "Actual Min Total Time": 3.196, "Actual Max Total Time": 3.196, "Index Cond": "(id = mi.movie_id)", "Rows Removed by Index Recheck": 0, "Actual Rows": 410}], "Actual Rows": 410}], "Actual Rows": 1}, "Triggers": [], "Planner Runtime": 98.942, "Total Runtime": 419.394, "Unique SQL Id": 4264520866}}, "(16, '13')": {"explain_plan": {"Plan": {"Node Type": "Aggregate", "Strategy": "Plain", "Startup Cost": 161086.29, "Total Cost": 161086.3, "Plan Rows": 1, "Plan Width": 160, "Plans": [{"Node Type": "Nested Loop", "Parent Relationship": "Outer", "Join Type": "Inner", "Startup Cost": 0.0, "Total Cost": 161086.22, "Plan Rows": 9, "Plan Width": 64, "Inner Unique": true, "Plans": [{"Node Type": "Nested Loop", "Parent Relationship": "Outer", "Join Type": "Inner", "Startup Cost": 0.0, "Total Cost": 161083.6, "Plan Rows": 9, "Plan Width": 59, "Inner Unique": false, "Join Filter": "(mi.info_type_id = it1.id)", "Plans": [{"Node Type": "Index Scan", "Parent Relationship": "Outer", "Scan Direction": "Forward", "Index Name": "info_type_pkey", "Relation Name": "info_type", "Alias": "it1", "Startup Cost": 0.0, "Total Cost": 14.21, "Plan Rows": 1, "Plan Width": 4, "Filter": "((info)::text = 'budget'::text)"}, {"Node Type": "Nested Loop", "Parent Relationship": "Inner", "Join Type": "Inner", "Startup Cost": 0.0, "Total Cost": 161065.9, "Plan Rows": 279, "Plan Width": 63, "Inner Unique": false, "Join Filter": "(mi_idx.movie_id = mi.movie_id)", "Plans": [{"Node Type": "Nested Loop", "Parent Relationship": "Outer", "Join Type": "Inner", "Startup Cost": 0.0, "Total Cost": 161026.3, "Plan Rows": 52, "Plan Width": 13, "Inner Unique": false, "Join Filter": "(mi_idx.info_type_id = it2.id)", "Plans": [{"Node Type": "Index Scan", "Parent Relationship": "Outer", "Scan Direction": "Forward", "Index Name": "info_type_pkey", "Relation Name": "info_type", "Alias": "it2", "Startup Cost": 0.0, "Total Cost": 14.21, "Plan Rows": 1, "Plan Width": 4, "Filter": "((info)::text = 'votes'::text)"}, {"Node Type": "Materialize", "Parent Relationship": "Inner", "Startup Cost": 0.0, "Total Cost": 161008.63, "Plan Rows": 346, "Plan Width": 17, "Plans": [{"Node Type": "Nested Loop", "Parent Relationship": "Outer", "Join Type": "Inner", "Startup Cost": 0.0, "Total Cost": 161007.76, "Plan Rows": 346, "Plan Width": 17, "Inner Unique": false, "Plans": [{"Node Type": "Nested Loop", "Parent Relationship": "Outer", "Join Type": "Inner", "Startup Cost": 0.0, "Total Cost": 160910.97, "Plan Rows": 294, "Plan Width": 4, "Inner Unique": false, "Plans": [{"Node Type": "Streaming(type: LOCAL GATHER dop: 1/16)", "Parent Relationship": "Outer", "Startup Cost": 0.0, "Total Cost": 153468.6, "Plan Rows": 173, "Plan Width": 4, "Plans": [{"Node Type": "Index Scan", "Parent Relationship": "Outer", "Scan Direction": "Forward", "Index Name": "name_pkey", "Relation Name": "name", "Alias": "n", "Startup Cost": 0.0, "Total Cost": 153464.87, "Plan Rows": 173, "Plan Width": 4, "Filter": "(((name)::text ~~ '%Tim%'::text) AND ((gender)::text = 'm'::text))"}]}, {"Node Type": "Index Scan", "Parent Relationship": "Inner", "Scan Direction": "Forward", "Index Name": "person_id_cast_info", "Relation Name": "cast_info", "Alias": "ci", "Startup Cost": 0.0, "Total Cost": 43.0, "Plan Rows": 2, "Plan Width": 8, "Index Cond": "(person_id = n.id)", "Filter": "((note)::text = ANY ('{(producer),\"(executive producer)\"}'::text[]))"}]}, {"Node Type": "Index Scan", "Parent Relationship": "Inner", "Scan Direction": "Forward", "Index Name": "movie_id_movie_info_idx", "Relation Name": "movie_info_idx", "Alias": "mi_idx", "Startup Cost": 0.0, "Total Cost": 0.31, "Plan Rows": 2, "Plan Width": 13, "Index Cond": "(movie_id = ci.movie_id)"}]}]}]}, {"Node Type": "Index Scan", "Parent Relationship": "Inner", "Scan Direction": "Forward", "Index Name": "movie_id_movie_info", "Relation Name": "movie_info", "Alias": "mi", "Startup Cost": 0.0, "Total Cost": 0.7, "Plan Rows": 5, "Plan Width": 50, "Index Cond": "(movie_id = ci.movie_id)"}]}]}, {"Node Type": "Index Scan", "Parent Relationship": "Inner", "Scan Direction": "Forward", "Index Name": "title_pkey", "Relation Name": "title", "Alias": "t", "Startup Cost": 0.0, "Total Cost": 0.28, "Plan Rows": 1, "Plan Width": 21, "Index Cond": "(id = mi.movie_id)"}]}]}, "Unique SQL Id": 4264520866, "Planner Runtime": 43}, "explain_analyze_plan": {"Plan": {"Node Type": "Aggregate", "Strategy": "Plain", "Startup Cost": 161086.29, "Total Cost": 161086.3, "Plan Rows": 1, "Plan Width": 160, "Actual Min Startup Time": 476.62, "Actual Max Startup Time": 476.62, "Actual Min Total Time": 476.62, "Actual Max Total Time": 476.62, "Plans": [{"Node Type": "Nested Loop", "Parent Relationship": "Outer", "Join Type": "Inner", "Startup Cost": 0.0, "Total Cost": 161086.22, "Plan Rows": 9, "Plan Width": 64, "Actual Min Startup Time": 335.708, "Actual Max Startup Time": 335.708, "Actual Min Total Time": 476.138, "Actual Max Total Time": 476.138, "Inner Unique": true, "Plans": [{"Node Type": "Nested Loop", "Parent Relationship": "Outer", "Join Type": "Inner", "Startup Cost": 0.0, "Total Cost": 161083.6, "Plan Rows": 9, "Plan Width": 59, "Actual Min Startup Time": 335.689, "Actual Max Startup Time": 335.689, "Actual Min Total Time": 472.481, "Actual Max Total Time": 472.481, "Inner Unique": false, "Join Filter": "(mi.info_type_id = it1.id)", "Rows Removed by Join Filter": 81998, "Plans": [{"Node Type": "Index Scan", "Parent Relationship": "Outer", "Scan Direction": "Forward", "Index Name": "info_type_pkey", "Relation Name": "info_type", "Alias": "it1", "Startup Cost": 0.0, "Total Cost": 14.21, "Plan Rows": 1, "Plan Width": 4, "Actual Min Startup Time": 0.084, "Actual Max Startup Time": 0.084, "Actual Min Total Time": 0.09, "Actual Max Total Time": 0.09, "Filter": "((info)::text = 'budget'::text)", "Rows Removed by Filter": 111, "Actual Rows": 1}, {"Node Type": "Nested Loop", "Parent Relationship": "Inner", "Join Type": "Inner", "Startup Cost": 0.0, "Total Cost": 161065.9, "Plan Rows": 279, "Plan Width": 63, "Actual Min Startup Time": 335.581, "Actual Max Startup Time": 335.581, "Actual Min Total Time": 456.706, "Actual Max Total Time": 456.706, "Inner Unique": false, "Join Filter": "(mi_idx.movie_id = mi.movie_id)", "Rows Removed by Join Filter": 0, "Plans": [{"Node Type": "Nested Loop", "Parent Relationship": "Outer", "Join Type": "Inner", "Startup Cost": 0.0, "Total Cost": 161026.3, "Plan Rows": 52, "Plan Width": 13, "Actual Min Startup Time": 335.557, "Actual Max Startup Time": 335.557, "Actual Min Total Time": 339.703, "Actual Max Total Time": 339.703, "Inner Unique": false, "Join Filter": "(mi_idx.info_type_id = it2.id)", "Rows Removed by Join Filter": 6875, "Plans": [{"Node Type": "Index Scan", "Parent Relationship": "Outer", "Scan Direction": "Forward", "Index Name": "info_type_pkey", "Relation Name": "info_type", "Alias": "it2", "Startup Cost": 0.0, "Total Cost": 14.21, "Plan Rows": 1, "Plan Width": 4, "Actual Min Startup Time": 0.071, "Actual Max Startup Time": 0.071, "Actual Min Total Time": 0.081, "Actual Max Total Time": 0.081, "Filter": "((info)::text = 'votes'::text)", "Rows Removed by Filter": 111, "Actual Rows": 1}, {"Node Type": "Materialize", "Parent Relationship": "Inner", "Startup Cost": 0.0, "Total Cost": 161008.63, "Plan Rows": 346, "Plan Width": 17, "Actual Min Startup Time": 335.472, "Actual Max Startup Time": 335.472, "Actual Min Total Time": 336.702, "Actual Max Total Time": 336.702, "Plans": [{"Node Type": "Nested Loop", "Parent Relationship": "Outer", "Join Type": "Inner", "Startup Cost": 0.0, "Total Cost": 161007.76, "Plan Rows": 346, "Plan Width": 17, "Actual Min Startup Time": 70.179, "Actual Max Startup Time": 70.179, "Actual Min Total Time": 332.484, "Actual Max Total Time": 332.484, "Inner Unique": false, "Plans": [{"Node Type": "Nested Loop", "Parent Relationship": "Outer", "Join Type": "Inner", "Startup Cost": 0.0, "Total Cost": 160910.97, "Plan Rows": 294, "Plan Width": 4, "Actual Min Startup Time": 70.149, "Actual Max Startup Time": 70.149, "Actual Min Total Time": 294.567, "Actual Max Total Time": 294.567, "Inner Unique": false, "Plans": [{"Node Type": "Streaming(type: LOCAL GATHER dop: 1/16)", "Parent Relationship": "Outer", "Startup Cost": 0.0, "Total Cost": 153468.6, "Plan Rows": 173, "Plan Width": 4, "Actual Min Startup Time": 70.006, "Actual Max Startup Time": 70.006, "Actual Min Total Time": 165.071, "Actual Max Total Time": 165.071, "Plans": [{"Node Type": "Index Scan", "Parent Relationship": "Outer", "Scan Direction": "Forward", "Index Name": "name_pkey", "Relation Name": "name", "Alias": "n", "Startup Cost": 0.0, "Total Cost": 153464.87, "Plan Rows": 173, "Plan Width": 4, "Actual Min Startup Time": 39.742, "Actual Max Startup Time": 299.64, "Actual Min Total Time": 272.13, "Actual Max Total Time": 304.338, "Filter": "(((name)::text ~~ '%Tim%'::text) AND ((gender)::text = 'm'::text))", "Rows Removed by Filter": 4158428, "Actual Rows": 9062}], "Actual Rows": 9062}, {"Node Type": "Index Scan", "Parent Relationship": "Inner", "Scan Direction": "Forward", "Index Name": "person_id_cast_info", "Relation Name": "cast_info", "Alias": "ci", "Startup Cost": 0.0, "Total Cost": 43.0, "Plan Rows": 2, "Plan Width": 8, "Actual Min Startup Time": 104.11, "Actual Max Startup Time": 104.11, "Actual Min Total Time": 123.266, "Actual Max Total Time": 123.266, "Index Cond": "(person_id = n.id)", "Rows Removed by Index Recheck": 0, "Filter": "((note)::text = ANY ('{(producer),\"(executive producer)\"}'::text[]))", "Rows Removed by Filter": 89309, "Actual Rows": 6719}], "Actual Rows": 6719}, {"Node Type": "Index Scan", "Parent Relationship": "Inner", "Scan Direction": "Forward", "Index Name": "movie_id_movie_info_idx", "Relation Name": "movie_info_idx", "Alias": "mi_idx", "Startup Cost": 0.0, "Total Cost": 0.31, "Plan Rows": 2, "Plan Width": 13, "Actual Min Startup Time": 28.123, "Actual Max Startup Time": 28.123, "Actual Min Total Time": 32.253, "Actual Max Total Time": 32.253, "Index Cond": "(movie_id = ci.movie_id)", "Rows Removed by Index Recheck": 0, "Actual Rows": 10310}], "Actual Rows": 10310}], "Actual Rows": 10311}], "Actual Rows": 3435}, {"Node Type": "Index Scan", "Parent Relationship": "Inner", "Scan Direction": "Forward", "Index Name": "movie_id_movie_info", "Relation Name": "movie_info", "Alias": "mi", "Startup Cost": 0.0, "Total Cost": 0.7, "Plan Rows": 5, "Plan Width": 50, "Actual Min Startup Time": 21.885, "Actual Max Startup Time": 21.885, "Actual Min Total Time": 88.131, "Actual Max Total Time": 88.131, "Index Cond": "(movie_id = ci.movie_id)", "Rows Removed by Index Recheck": 0, "Actual Rows": 82408}], "Actual Rows": 82408}], "Actual Rows": 410}, {"Node Type": "Index Scan", "Parent Relationship": "Inner", "Scan Direction": "Forward", "Index Name": "title_pkey", "Relation Name": "title", "Alias": "t", "Startup Cost": 0.0, "Total Cost": 0.28, "Plan Rows": 1, "Plan Width": 21, "Actual Min Startup Time": 3.252, "Actual Max Startup Time": 3.252, "Actual Min Total Time": 3.252, "Actual Max Total Time": 3.252, "Index Cond": "(id = mi.movie_id)", "Rows Removed by Index Recheck": 0, "Actual Rows": 410}], "Actual Rows": 410}], "Actual Rows": 1}, "Triggers": [], "Planner Runtime": 49.928, "Total Runtime": 479.326, "Unique SQL Id": 4264520866}}, "(16, '14')": {"explain_plan": {"Plan": {"Node Type": "Aggregate", "Strategy": "Plain", "Startup Cost": 189917.75, "Total Cost": 189917.76, "Plan Rows": 1, "Plan Width": 160, "Plans": [{"Node Type": "Nested Loop", "Parent Relationship": "Outer", "Join Type": "Inner", "Startup Cost": 122762.09, "Total Cost": 189917.68, "Plan Rows": 9, "Plan Width": 64, "Inner Unique": false, "Join Filter": "(mi_idx.info_type_id = it2.id)", "Plans": [{"Node Type": "Seq Scan", "Parent Relationship": "Outer", "Relation Name": "info_type", "Alias": "it2", "Startup Cost": 0.0, "Total Cost": 2.4, "Plan Rows": 1, "Plan Width": 4, "Filter": "((info)::text = 'votes'::text)"}, {"Node Type": "Materialize", "Parent Relationship": "Inner", "Startup Cost": 122762.09, "Total Cost": 189914.94, "Plan Rows": 34, "Plan Width": 68, "Plans": [{"Node Type": "Streaming(type: LOCAL GATHER dop: 1/16)", "Parent Relationship": "Outer", "Startup Cost": 122762.09, "Total Cost": 189914.86, "Plan Rows": 34, "Plan Width": 68, "Plans": [{"Node Type": "Hash Join", "Parent Relationship": "Outer", "Join Type": "Inner", "Startup Cost": 122762.09, "Total Cost": 189914.12, "Plan Rows": 34, "Plan Width": 68, "Inner Unique": true, "Hash Cond": "(mi.movie_id = t.id)", "Plans": [{"Node Type": "Streaming(type: BROADCAST dop: 16/16)", "Parent Relationship": "Outer", "Startup Cost": 116098.27, "Total Cost": 183250.15, "Plan Rows": 544, "Plan Width": 63, "Plans": [{"Node Type": "Hash Join", "Parent Relationship": "Outer", "Join Type": "Inner", "Startup Cost": 116098.27, "Total Cost": 168248.77, "Plan Rows": 34, "Plan Width": 63, "Inner Unique": false, "Hash Cond": "(mi.movie_id = mi_idx.movie_id)", "Plans": [{"Node Type": "Streaming(type: BROADCAST dop: 16/1)", "Parent Relationship": "Outer", "Startup Cost": 110953.33, "Total Cost": 163102.71, "Plan Rows": 2128, "Plan Width": 50, "Plans": [{"Node Type": "Nested Loop", "Parent Relationship": "Outer", "Join Type": "Inner", "Startup Cost": 110953.33, "Total Cost": 148056.78, "Plan Rows": 133, "Plan Width": 50, "Inner Unique": false, "Join Filter": "(mi.info_type_id = it1.id)", "Plans": [{"Node Type": "Seq Scan", "Parent Relationship": "Outer", "Relation Name": "info_type", "Alias": "it1", "Startup Cost": 0.0, "Total Cost": 2.4, "Plan Rows": 1, "Plan Width": 4, "Filter": "((info)::text = 'budget'::text)"}, {"Node Type": "Materialize", "Parent Relationship": "Inner", "Startup Cost": 110953.33, "Total Cost": 148038.77, "Plan Rows": 1561, "Plan Width": 54, "Plans": [{"Node Type": "Streaming(type: LOCAL GATHER dop: 1/16)", "Parent Relationship": "Outer", "Startup Cost": 110953.33, "Total Cost": 148034.87, "Plan Rows": 1561, "Plan Width": 54, "Plans": [{"Node Type": "Hash Join", "Parent Relationship": "Outer", "Join Type": "Inner", "Startup Cost": 110953.33, "Total Cost": 148001.18, "Plan Rows": 1561, "Plan Width": 54, "Inner Unique": false, "Hash Cond": "(mi.movie_id = ci.movie_id)", "Plans": [{"Node Type": "Seq Scan", "Parent Relationship": "Outer", "Relation Name": "movie_info", "Alias": "mi", "Startup Cost": 0.0, "Total Cost": 33561.73, "Plan Rows": 14869966, "Plan Width": 50}, {"Node Type": "Hash", "Parent Relationship": "Inner", "Startup Cost": 110949.66, "Total Cost": 110949.66, "Plan Rows": 4704, "Plan Width": 4, "Plans": [{"Node Type": "Streaming(type: BROADCAST dop: 16/16)", "Parent Relationship": "Outer", "Startup Cost": 37128.53, "Total Cost": 110949.66, "Plan Rows": 4704, "Plan Width": 4, "Plans": [{"Node Type": "Hash Join", "Parent Relationship": "Outer", "Join Type": "Inner", "Startup Cost": 37128.53, "Total Cost": 95937.71, "Plan Rows": 294, "Plan Width": 4, "Inner Unique": true, "Hash Cond": "(ci.person_id = n.id)", "Plans": [{"Node Type": "Seq Scan", "Parent Relationship": "Outer", "Relation Name": "cast_info", "Alias": "ci", "Startup Cost": 0.0, "Total Cost": 58282.92, "Plan Rows": 2350421, "Plan Width": 8, "Filter": "((note)::text = ANY ('{(producer),\"(executive producer)\"}'::text[]))"}, {"Node Type": "Hash", "Parent Relationship": "Inner", "Startup Cost": 37126.36, "Total Cost": 37126.36, "Plan Rows": 2768, "Plan Width": 4, "Plans": [{"Node Type": "Streaming(type: BROADCAST dop: 16/16)", "Parent Relationship": "Outer", "Startup Cost": 0.0, "Total Cost": 37126.36, "Plan Rows": 2768, "Plan Width": 4, "Plans": [{"Node Type": "Seq Scan", "Parent Relationship": "Outer", "Relation Name": "name", "Alias": "n", "Startup Cost": 0.0, "Total Cost": 22119.33, "Plan Rows": 173, "Plan Width": 4, "Filter": "(((name)::text ~~ '%Tim%'::text) AND ((gender)::text = 'm'::text))"}]}]}]}]}]}]}]}]}]}]}, {"Node Type": "Hash", "Parent Relationship": "Inner", "Startup Cost": 16267.15, "Total Cost": 16267.15, "Plan Rows": 1380034, "Plan Width": 13, "Plans": [{"Node Type": "Seq Scan", "Parent Relationship": "Outer", "Relation Name": "movie_info_idx", "Alias": "mi_idx", "Startup Cost": 0.0, "Total Cost": 16267.15, "Plan Rows": 1380034, "Plan Width": 13}]}]}]}, {"Node Type": "Hash", "Parent Relationship": "Inner", "Startup Cost": 18754.32, "Total Cost": 18754.32, "Plan Rows": 2528311, "Plan Width": 21, "Plans": [{"Node Type": "Seq Scan", "Parent Relationship": "Outer", "Relation Name": "title", "Alias": "t", "Startup Cost": 0.0, "Total Cost": 18754.32, "Plan Rows": 2528311, "Plan Width": 21}]}]}]}]}]}]}, "Unique SQL Id": 4264520866, "Planner Runtime": 174}, "explain_analyze_plan": null}, "(16, '15')": {"explain_plan": {"Plan": {"Node Type": "Aggregate", "Strategy": "Plain", "Startup Cost": 6977526256602.17, "Total Cost": 6977526256602.18, "Plan Rows": 1, "Plan Width": 160, "Plans": [{"Node Type": "Nested Loop", "Parent Relationship": "Outer", "Join Type": "Inner", "Startup Cost": 70031174542.45, "Total Cost": 6977526256601.78, "Plan Rows": 51, "Plan Width": 64, "Inner Unique": true, "Join Filter": "(mi.info_type_id = it1.id)", "Plans": [{"Node Type": "Nested Loop", "Parent Relationship": "Outer", "Join Type": "Inner", "Startup Cost": 60031174542.45, "Total Cost": 5977526255162.41, "Plan Rows": 1225, "Plan Width": 68, "Inner Unique": true, "Join Filter": "(mi_idx.info_type_id = it2.id)", "Plans": [{"Node Type": "Nested Loop", "Parent Relationship": "Outer", "Join Type": "Inner", "Startup Cost": 50031174542.45, "Total Cost": 4977526253713.56, "Plan Rows": 1856, "Plan Width": 72, "Inner Unique": false, "Join Filter": "(t.id = mi.movie_id)", "Plans": [{"Node Type": "Index Scan", "Parent Relationship": "Outer", "Scan Direction": "Forward", "Index Name": "info_type_id_movie_info", "Relation Name": "movie_info", "Alias": "mi", "Startup Cost": 10000000000.0, "Total Cost": 1000103683953.62, "Plan Rows": 14869966, "Plan Width": 50}, {"Node Type": "Materialize", "Parent Relationship": "Inner", "Startup Cost": 40031174542.45, "Total Cost": 3977345394637.27, "Plan Rows": 346, "Plan Width": 38, "Plans": [{"Node Type": "Nested Loop", "Parent Relationship": "Outer", "Join Type": "Inner", "Startup Cost": 40031174542.45, "Total Cost": 3977345394635.54, "Plan Rows": 346, "Plan Width": 38, "Inner Unique": true, "Join Filter": "(mi_idx.movie_id = t.id)", "Plans": [{"Node Type": "Nested Loop", "Parent Relationship": "Outer", "Join Type": "Inner", "Startup Cost": 30031174542.45, "Total Cost": 2977321254331.76, "Plan Rows": 346, "Plan Width": 17, "Inner Unique": false, "Join Filter": "(ci.movie_id = mi_idx.movie_id)", "Plans": [{"Node Type": "Index Scan", "Parent Relationship": "Outer", "Scan Direction": "Forward", "Index Name": "info_type_id_movie_info_idx", "Relation Name": "movie_info_idx", "Alias": "mi_idx", "Startup Cost": 10000000000.0, "Total Cost": 1000006370838.27, "Plan Rows": 1380034, "Plan Width": 13}, {"Node Type": "Materialize", "Parent Relationship": "Inner", "Startup Cost": 20031174542.45, "Total Cost": 1977308797544.29, "Plan Rows": 294, "Plan Width": 4, "Plans": [{"Node Type": "Merge Join", "Parent Relationship": "Outer", "Join Type": "Inner", "Startup Cost": 20031174542.45, "Total Cost": 1977308797542.82, "Plan Rows": 294, "Plan Width": 4, "Inner Unique": true, "Merge Cond": "(ci.person_id = n.id)", "Plans": [{"Node Type": "Index Scan", "Parent Relationship": "Outer", "Scan Direction": "Forward", "Index Name": "person_id_cast_info", "Relation Name": "cast_info", "Alias": "ci", "Startup Cost": 10000000000.0, "Total Cost": 1000179713706.71, "Plan Rows": 2350421, "Plan Width": 8, "Filter": "((note)::text = ANY ('{(producer),\"(executive producer)\"}'::text[]))"}, {"Node Type": "Materialize", "Parent Relationship": "Inner", "Startup Cost": 10000000000.0, "Total Cost": 1000019707020.14, "Plan Rows": 173, "Plan Width": 4, "Plans": [{"Node Type": "Index Scan", "Parent Relationship": "Outer", "Scan Direction": "Forward", "Index Name": "name_pkey", "Relation Name": "name", "Alias": "n", "Startup Cost": 10000000000.0, "Total Cost": 1000019707019.7, "Plan Rows": 173, "Plan Width": 4, "Filter": "(((name)::text ~~ '%Tim%'::text) AND ((gender)::text = 'm'::text))"}]}]}]}]}, {"Node Type": "Materialize", "Parent Relationship": "Inner", "Startup Cost": 10000000000.0, "Total Cost": 1000011024690.47, "Plan Rows": 2528311, "Plan Width": 21, "Plans": [{"Node Type": "Index Scan", "Parent Relationship": "Outer", "Scan Direction": "Forward", "Index Name": "title_pkey", "Relation Name": "title", "Alias": "t", "Startup Cost": 10000000000.0, "Total Cost": 1000011012048.91, "Plan Rows": 2528311, "Plan Width": 21}]}]}]}]}, {"Node Type": "Materialize", "Parent Relationship": "Inner", "Startup Cost": 10000000000.0, "Total Cost": 1000000001421.0, "Plan Rows": 1, "Plan Width": 4, "Plans": [{"Node Type": "Index Scan", "Parent Relationship": "Outer", "Scan Direction": "Forward", "Index Name": "info_type_pkey", "Relation Name": "info_type", "Alias": "it2", "Startup Cost": 10000000000.0, "Total Cost": 1000000001421.0, "Plan Rows": 1, "Plan Width": 4, "Filter": "((info)::text = 'votes'::text)"}]}]}, {"Node Type": "Materialize", "Parent Relationship": "Inner", "Startup Cost": 10000000000.0, "Total Cost": 1000000001421.0, "Plan Rows": 1, "Plan Width": 4, "Plans": [{"Node Type": "Index Scan", "Parent Relationship": "Outer", "Scan Direction": "Forward", "Index Name": "info_type_pkey", "Relation Name": "info_type", "Alias": "it1", "Startup Cost": 10000000000.0, "Total Cost": 1000000001421.0, "Plan Rows": 1, "Plan Width": 4, "Filter": "((info)::text = 'budget'::text)"}]}]}]}, "Unique SQL Id": 4264520866, "Planner Runtime": 98}, "explain_analyze_plan": null}, "(16, '16')": {"explain_plan": {"Plan": {"Node Type": "Aggregate", "Strategy": "Plain", "Startup Cost": 29717.14, "Total Cost": 29717.15, "Plan Rows": 1, "Plan Width": 160, "Plans": [{"Node Type": "Nested Loop", "Parent Relationship": "Outer", "Join Type": "Inner", "Startup Cost": 0.0, "Total Cost": 29717.07, "Plan Rows": 9, "Plan Width": 64, "Inner Unique": true, "Plans": [{"Node Type": "Nested Loop", "Parent Relationship": "Outer", "Join Type": "Inner", "Startup Cost": 0.0, "Total Cost": 29714.44, "Plan Rows": 9, "Plan Width": 59, "Inner Unique": false, "Join Filter": "(mi.info_type_id = it1.id)", "Plans": [{"Node Type": "Seq Scan", "Parent Relationship": "Outer", "Relation Name": "info_type", "Alias": "it1", "Startup Cost": 0.0, "Total Cost": 2.4, "Plan Rows": 1, "Plan Width": 4, "Filter": "((info)::text = 'budget'::text)"}, {"Node Type": "Nested Loop", "Parent Relationship": "Inner", "Join Type": "Inner", "Startup Cost": 0.0, "Total Cost": 29708.55, "Plan Rows": 279, "Plan Width": 63, "Inner Unique": false, "Join Filter": "(mi_idx.movie_id = mi.movie_id)", "Plans": [{"Node Type": "Nested Loop", "Parent Relationship": "Outer", "Join Type": "Inner", "Startup Cost": 0.0, "Total Cost": 29668.95, "Plan Rows": 52, "Plan Width": 13, "Inner Unique": false, "Join Filter": "(mi_idx.info_type_id = it2.id)", "Plans": [{"Node Type": "Seq Scan", "Parent Relationship": "Outer", "Relation Name": "info_type", "Alias": "it2", "Startup Cost": 0.0, "Total Cost": 2.4, "Plan Rows": 1, "Plan Width": 4, "Filter": "((info)::text = 'votes'::text)"}, {"Node Type": "Materialize", "Parent Relationship": "Inner", "Startup Cost": 0.0, "Total Cost": 29663.09, "Plan Rows": 346, "Plan Width": 17, "Plans": [{"Node Type": "Nested Loop", "Parent Relationship": "Outer", "Join Type": "Inner", "Startup Cost": 0.0, "Total Cost": 29662.23, "Plan Rows": 346, "Plan Width": 17, "Inner Unique": false, "Plans": [{"Node Type": "Nested Loop", "Parent Relationship": "Outer", "Join Type": "Inner", "Startup Cost": 0.0, "Total Cost": 29565.43, "Plan Rows": 294, "Plan Width": 4, "Inner Unique": false, "Plans": [{"Node Type": "Streaming(type: LOCAL GATHER dop: 1/16)", "Parent Relationship": "Outer", "Startup Cost": 0.0, "Total Cost": 22123.07, "Plan Rows": 173, "Plan Width": 4, "Plans": [{"Node Type": "Seq Scan", "Parent Relationship": "Outer", "Relation Name": "name", "Alias": "n", "Startup Cost": 0.0, "Total Cost": 22119.33, "Plan Rows": 173, "Plan Width": 4, "Filter": "(((name)::text ~~ '%Tim%'::text) AND ((gender)::text = 'm'::text))"}]}, {"Node Type": "Index Scan", "Parent Relationship": "Inner", "Scan Direction": "Forward", "Index Name": "person_id_cast_info", "Relation Name": "cast_info", "Alias": "ci", "Startup Cost": 0.0, "Total Cost": 43.0, "Plan Rows": 2, "Plan Width": 8, "Index Cond": "(person_id = n.id)", "Filter": "((note)::text = ANY ('{(producer),\"(executive producer)\"}'::text[]))"}]}, {"Node Type": "Index Scan", "Parent Relationship": "Inner", "Scan Direction": "Forward", "Index Name": "movie_id_movie_info_idx", "Relation Name": "movie_info_idx", "Alias": "mi_idx", "Startup Cost": 0.0, "Total Cost": 0.31, "Plan Rows": 2, "Plan Width": 13, "Index Cond": "(movie_id = ci.movie_id)"}]}]}]}, {"Node Type": "Index Scan", "Parent Relationship": "Inner", "Scan Direction": "Forward", "Index Name": "movie_id_movie_info", "Relation Name": "movie_info", "Alias": "mi", "Startup Cost": 0.0, "Total Cost": 0.7, "Plan Rows": 5, "Plan Width": 50, "Index Cond": "(movie_id = ci.movie_id)"}]}]}, {"Node Type": "Index Scan", "Parent Relationship": "Inner", "Scan Direction": "Forward", "Index Name": "title_pkey", "Relation Name": "title", "Alias": "t", "Startup Cost": 0.0, "Total Cost": 0.28, "Plan Rows": 1, "Plan Width": 21, "Index Cond": "(id = mi.movie_id)"}]}]}, "Unique SQL Id": 4264520866, "Planner Runtime": 22}, "explain_analyze_plan": {"Plan": {"Node Type": "Aggregate", "Strategy": "Plain", "Startup Cost": 29717.14, "Total Cost": 29717.15, "Plan Rows": 1, "Plan Width": 160, "Actual Min Startup Time": 380.625, "Actual Max Startup Time": 380.625, "Actual Min Total Time": 380.625, "Actual Max Total Time": 380.625, "Plans": [{"Node Type": "Nested Loop", "Parent Relationship": "Outer", "Join Type": "Inner", "Startup Cost": 0.0, "Total Cost": 29717.07, "Plan Rows": 9, "Plan Width": 64, "Actual Min Startup Time": 240.051, "Actual Max Startup Time": 240.051, "Actual Min Total Time": 380.152, "Actual Max Total Time": 380.152, "Inner Unique": true, "Plans": [{"Node Type": "Nested Loop", "Parent Relationship": "Outer", "Join Type": "Inner", "Startup Cost": 0.0, "Total Cost": 29714.44, "Plan Rows": 9, "Plan Width": 59, "Actual Min Startup Time": 240.033, "Actual Max Startup Time": 240.033, "Actual Min Total Time": 376.51, "Actual Max Total Time": 376.51, "Inner Unique": false, "Join Filter": "(mi.info_type_id = it1.id)", "Rows Removed by Join Filter": 81998, "Plans": [{"Node Type": "Seq Scan", "Parent Relationship": "Outer", "Relation Name": "info_type", "Alias": "it1", "Startup Cost": 0.0, "Total Cost": 2.4, "Plan Rows": 1, "Plan Width": 4, "Actual Min Startup Time": 0.08, "Actual Max Startup Time": 0.08, "Actual Min Total Time": 0.086, "Actual Max Total Time": 0.086, "Filter": "((info)::text = 'budget'::text)", "Rows Removed by Filter": 111, "Actual Rows": 1}, {"Node Type": "Nested Loop", "Parent Relationship": "Inner", "Join Type": "Inner", "Startup Cost": 0.0, "Total Cost": 29708.55, "Plan Rows": 279, "Plan Width": 63, "Actual Min Startup Time": 239.345, "Actual Max Startup Time": 239.345, "Actual Min Total Time": 360.344, "Actual Max Total Time": 360.344, "Inner Unique": false, "Join Filter": "(mi_idx.movie_id = mi.movie_id)", "Rows Removed by Join Filter": 0, "Plans": [{"Node Type": "Nested Loop", "Parent Relationship": "Outer", "Join Type": "Inner", "Startup Cost": 0.0, "Total Cost": 29668.95, "Plan Rows": 52, "Plan Width": 13, "Actual Min Startup Time": 239.315, "Actual Max Startup Time": 239.315, "Actual Min Total Time": 243.417, "Actual Max Total Time": 243.417, "Inner Unique": false, "Join Filter": "(mi_idx.info_type_id = it2.id)", "Rows Removed by Join Filter": 6875, "Plans": [{"Node Type": "Seq Scan", "Parent Relationship": "Outer", "Relation Name": "info_type", "Alias": "it2", "Startup Cost": 0.0, "Total Cost": 2.4, "Plan Rows": 1, "Plan Width": 4, "Actual Min Startup Time": 0.06, "Actual Max Startup Time": 0.06, "Actual Min Total Time": 0.074, "Actual Max Total Time": 0.074, "Filter": "((info)::text = 'votes'::text)", "Rows Removed by Filter": 111, "Actual Rows": 1}, {"Node Type": "Materialize", "Parent Relationship": "Inner", "Startup Cost": 0.0, "Total Cost": 29663.09, "Plan Rows": 346, "Plan Width": 17, "Actual Min Startup Time": 239.24, "Actual Max Startup Time": 239.24, "Actual Min Total Time": 240.455, "Actual Max Total Time": 240.455, "Plans": [{"Node Type": "Nested Loop", "Parent Relationship": "Outer", "Join Type": "Inner", "Startup Cost": 0.0, "Total Cost": 29662.23, "Plan Rows": 346, "Plan Width": 17, "Actual Min Startup Time": 20.447, "Actual Max Startup Time": 20.447, "Actual Min Total Time": 236.2, "Actual Max Total Time": 236.2, "Inner Unique": false, "Plans": [{"Node Type": "Nested Loop", "Parent Relationship": "Outer", "Join Type": "Inner", "Startup Cost": 0.0, "Total Cost": 29565.43, "Plan Rows": 294, "Plan Width": 4, "Actual Min Startup Time": 19.462, "Actual Max Startup Time": 19.462, "Actual Min Total Time": 199.319, "Actual Max Total Time": 199.319, "Inner Unique": false, "Plans": [{"Node Type": "Streaming(type: LOCAL GATHER dop: 1/16)", "Parent Relationship": "Outer", "Startup Cost": 0.0, "Total Cost": 22123.07, "Plan Rows": 173, "Plan Width": 4, "Actual Min Startup Time": 19.401, "Actual Max Startup Time": 19.401, "Actual Min Total Time": 68.854, "Actual Max Total Time": 68.854, "Plans": [{"Node Type": "Seq Scan", "Parent Relationship": "Outer", "Relation Name": "name", "Alias": "n", "Startup Cost": 0.0, "Total Cost": 22119.33, "Plan Rows": 173, "Plan Width": 4, "Actual Min Startup Time": 0.036, "Actual Max Startup Time": 0.846, "Actual Min Total Time": 101.954, "Actual Max Total Time": 106.122, "Filter": "(((name)::text ~~ '%Tim%'::text) AND ((gender)::text = 'm'::text))", "Rows Removed by Filter": 4158428, "Actual Rows": 9062}], "Actual Rows": 9062}, {"Node Type": "Index Scan", "Parent Relationship": "Inner", "Scan Direction": "Forward", "Index Name": "person_id_cast_info", "Relation Name": "cast_info", "Alias": "ci", "Startup Cost": 0.0, "Total Cost": 43.0, "Plan Rows": 2, "Plan Width": 8, "Actual Min Startup Time": 104.98, "Actual Max Startup Time": 104.98, "Actual Min Total Time": 124.256, "Actual Max Total Time": 124.256, "Index Cond": "(person_id = n.id)", "Rows Removed by Index Recheck": 0, "Filter": "((note)::text = ANY ('{(producer),\"(executive producer)\"}'::text[]))", "Rows Removed by Filter": 89309, "Actual Rows": 6719}], "Actual Rows": 6719}, {"Node Type": "Index Scan", "Parent Relationship": "Inner", "Scan Direction": "Forward", "Index Name": "movie_id_movie_info_idx", "Relation Name": "movie_info_idx", "Alias": "mi_idx", "Startup Cost": 0.0, "Total Cost": 0.31, "Plan Rows": 2, "Plan Width": 13, "Actual Min Startup Time": 27.164, "Actual Max Startup Time": 27.164, "Actual Min Total Time": 31.127, "Actual Max Total Time": 31.127, "Index Cond": "(movie_id = ci.movie_id)", "Rows Removed by Index Recheck": 0, "Actual Rows": 10310}], "Actual Rows": 10310}], "Actual Rows": 10311}], "Actual Rows": 3435}, {"Node Type": "Index Scan", "Parent Relationship": "Inner", "Scan Direction": "Forward", "Index Name": "movie_id_movie_info", "Relation Name": "movie_info", "Alias": "mi", "Startup Cost": 0.0, "Total Cost": 0.7, "Plan Rows": 5, "Plan Width": 50, "Actual Min Startup Time": 21.845, "Actual Max Startup Time": 21.845, "Actual Min Total Time": 88.077, "Actual Max Total Time": 88.077, "Index Cond": "(movie_id = ci.movie_id)", "Rows Removed by Index Recheck": 0, "Actual Rows": 82408}], "Actual Rows": 82408}], "Actual Rows": 410}, {"Node Type": "Index Scan", "Parent Relationship": "Inner", "Scan Direction": "Forward", "Index Name": "title_pkey", "Relation Name": "title", "Alias": "t", "Startup Cost": 0.0, "Total Cost": 0.28, "Plan Rows": 1, "Plan Width": 21, "Actual Min Startup Time": 3.284, "Actual Max Startup Time": 3.284, "Actual Min Total Time": 3.284, "Actual Max Total Time": 3.284, "Index Cond": "(id = mi.movie_id)", "Rows Removed by Index Recheck": 0, "Actual Rows": 410}], "Actual Rows": 410}], "Actual Rows": 1}, "Triggers": [], "Planner Runtime": 22.257, "Total Runtime": 383.381, "Unique SQL Id": 4264520866}}, "(16, '17')": {"explain_plan": {"Plan": {"Node Type": "Aggregate", "Strategy": "Plain", "Startup Cost": 161086.29, "Total Cost": 161086.3, "Plan Rows": 1, "Plan Width": 160, "Plans": [{"Node Type": "Nested Loop", "Parent Relationship": "Outer", "Join Type": "Inner", "Startup Cost": 0.0, "Total Cost": 161086.22, "Plan Rows": 9, "Plan Width": 64, "Inner Unique": true, "Plans": [{"Node Type": "Nested Loop", "Parent Relationship": "Outer", "Join Type": "Inner", "Startup Cost": 0.0, "Total Cost": 161083.6, "Plan Rows": 9, "Plan Width": 59, "Inner Unique": false, "Join Filter": "(mi.info_type_id = it1.id)", "Plans": [{"Node Type": "Index Scan", "Parent Relationship": "Outer", "Scan Direction": "Forward", "Index Name": "info_type_pkey", "Relation Name": "info_type", "Alias": "it1", "Startup Cost": 0.0, "Total Cost": 14.21, "Plan Rows": 1, "Plan Width": 4, "Filter": "((info)::text = 'budget'::text)"}, {"Node Type": "Nested Loop", "Parent Relationship": "Inner", "Join Type": "Inner", "Startup Cost": 0.0, "Total Cost": 161065.9, "Plan Rows": 279, "Plan Width": 63, "Inner Unique": false, "Join Filter": "(mi_idx.movie_id = mi.movie_id)", "Plans": [{"Node Type": "Nested Loop", "Parent Relationship": "Outer", "Join Type": "Inner", "Startup Cost": 0.0, "Total Cost": 161026.3, "Plan Rows": 52, "Plan Width": 13, "Inner Unique": false, "Join Filter": "(mi_idx.info_type_id = it2.id)", "Plans": [{"Node Type": "Index Scan", "Parent Relationship": "Outer", "Scan Direction": "Forward", "Index Name": "info_type_pkey", "Relation Name": "info_type", "Alias": "it2", "Startup Cost": 0.0, "Total Cost": 14.21, "Plan Rows": 1, "Plan Width": 4, "Filter": "((info)::text = 'votes'::text)"}, {"Node Type": "Materialize", "Parent Relationship": "Inner", "Startup Cost": 0.0, "Total Cost": 161008.63, "Plan Rows": 346, "Plan Width": 17, "Plans": [{"Node Type": "Nested Loop", "Parent Relationship": "Outer", "Join Type": "Inner", "Startup Cost": 0.0, "Total Cost": 161007.76, "Plan Rows": 346, "Plan Width": 17, "Inner Unique": false, "Plans": [{"Node Type": "Nested Loop", "Parent Relationship": "Outer", "Join Type": "Inner", "Startup Cost": 0.0, "Total Cost": 160910.97, "Plan Rows": 294, "Plan Width": 4, "Inner Unique": false, "Plans": [{"Node Type": "Streaming(type: LOCAL GATHER dop: 1/16)", "Parent Relationship": "Outer", "Startup Cost": 0.0, "Total Cost": 153468.6, "Plan Rows": 173, "Plan Width": 4, "Plans": [{"Node Type": "Index Scan", "Parent Relationship": "Outer", "Scan Direction": "Forward", "Index Name": "name_pkey", "Relation Name": "name", "Alias": "n", "Startup Cost": 0.0, "Total Cost": 153464.87, "Plan Rows": 173, "Plan Width": 4, "Filter": "(((name)::text ~~ '%Tim%'::text) AND ((gender)::text = 'm'::text))"}]}, {"Node Type": "Index Scan", "Parent Relationship": "Inner", "Scan Direction": "Forward", "Index Name": "person_id_cast_info", "Relation Name": "cast_info", "Alias": "ci", "Startup Cost": 0.0, "Total Cost": 43.0, "Plan Rows": 2, "Plan Width": 8, "Index Cond": "(person_id = n.id)", "Filter": "((note)::text = ANY ('{(producer),\"(executive producer)\"}'::text[]))"}]}, {"Node Type": "Index Scan", "Parent Relationship": "Inner", "Scan Direction": "Forward", "Index Name": "movie_id_movie_info_idx", "Relation Name": "movie_info_idx", "Alias": "mi_idx", "Startup Cost": 0.0, "Total Cost": 0.31, "Plan Rows": 2, "Plan Width": 13, "Index Cond": "(movie_id = ci.movie_id)"}]}]}]}, {"Node Type": "Index Scan", "Parent Relationship": "Inner", "Scan Direction": "Forward", "Index Name": "movie_id_movie_info", "Relation Name": "movie_info", "Alias": "mi", "Startup Cost": 0.0, "Total Cost": 0.7, "Plan Rows": 5, "Plan Width": 50, "Index Cond": "(movie_id = ci.movie_id)"}]}]}, {"Node Type": "Index Scan", "Parent Relationship": "Inner", "Scan Direction": "Forward", "Index Name": "title_pkey", "Relation Name": "title", "Alias": "t", "Startup Cost": 0.0, "Total Cost": 0.28, "Plan Rows": 1, "Plan Width": 21, "Index Cond": "(id = mi.movie_id)"}]}]}, "Unique SQL Id": 4264520866, "Planner Runtime": 27}, "explain_analyze_plan": {"Plan": {"Node Type": "Aggregate", "Strategy": "Plain", "Startup Cost": 161086.29, "Total Cost": 161086.3, "Plan Rows": 1, "Plan Width": 160, "Actual Min Startup Time": 476.62, "Actual Max Startup Time": 476.62, "Actual Min Total Time": 476.62, "Actual Max Total Time": 476.62, "Plans": [{"Node Type": "Nested Loop", "Parent Relationship": "Outer", "Join Type": "Inner", "Startup Cost": 0.0, "Total Cost": 161086.22, "Plan Rows": 9, "Plan Width": 64, "Actual Min Startup Time": 335.708, "Actual Max Startup Time": 335.708, "Actual Min Total Time": 476.138, "Actual Max Total Time": 476.138, "Inner Unique": true, "Plans": [{"Node Type": "Nested Loop", "Parent Relationship": "Outer", "Join Type": "Inner", "Startup Cost": 0.0, "Total Cost": 161083.6, "Plan Rows": 9, "Plan Width": 59, "Actual Min Startup Time": 335.689, "Actual Max Startup Time": 335.689, "Actual Min Total Time": 472.481, "Actual Max Total Time": 472.481, "Inner Unique": false, "Join Filter": "(mi.info_type_id = it1.id)", "Rows Removed by Join Filter": 81998, "Plans": [{"Node Type": "Index Scan", "Parent Relationship": "Outer", "Scan Direction": "Forward", "Index Name": "info_type_pkey", "Relation Name": "info_type", "Alias": "it1", "Startup Cost": 0.0, "Total Cost": 14.21, "Plan Rows": 1, "Plan Width": 4, "Actual Min Startup Time": 0.084, "Actual Max Startup Time": 0.084, "Actual Min Total Time": 0.09, "Actual Max Total Time": 0.09, "Filter": "((info)::text = 'budget'::text)", "Rows Removed by Filter": 111, "Actual Rows": 1}, {"Node Type": "Nested Loop", "Parent Relationship": "Inner", "Join Type": "Inner", "Startup Cost": 0.0, "Total Cost": 161065.9, "Plan Rows": 279, "Plan Width": 63, "Actual Min Startup Time": 335.581, "Actual Max Startup Time": 335.581, "Actual Min Total Time": 456.706, "Actual Max Total Time": 456.706, "Inner Unique": false, "Join Filter": "(mi_idx.movie_id = mi.movie_id)", "Rows Removed by Join Filter": 0, "Plans": [{"Node Type": "Nested Loop", "Parent Relationship": "Outer", "Join Type": "Inner", "Startup Cost": 0.0, "Total Cost": 161026.3, "Plan Rows": 52, "Plan Width": 13, "Actual Min Startup Time": 335.557, "Actual Max Startup Time": 335.557, "Actual Min Total Time": 339.703, "Actual Max Total Time": 339.703, "Inner Unique": false, "Join Filter": "(mi_idx.info_type_id = it2.id)", "Rows Removed by Join Filter": 6875, "Plans": [{"Node Type": "Index Scan", "Parent Relationship": "Outer", "Scan Direction": "Forward", "Index Name": "info_type_pkey", "Relation Name": "info_type", "Alias": "it2", "Startup Cost": 0.0, "Total Cost": 14.21, "Plan Rows": 1, "Plan Width": 4, "Actual Min Startup Time": 0.071, "Actual Max Startup Time": 0.071, "Actual Min Total Time": 0.081, "Actual Max Total Time": 0.081, "Filter": "((info)::text = 'votes'::text)", "Rows Removed by Filter": 111, "Actual Rows": 1}, {"Node Type": "Materialize", "Parent Relationship": "Inner", "Startup Cost": 0.0, "Total Cost": 161008.63, "Plan Rows": 346, "Plan Width": 17, "Actual Min Startup Time": 335.472, "Actual Max Startup Time": 335.472, "Actual Min Total Time": 336.702, "Actual Max Total Time": 336.702, "Plans": [{"Node Type": "Nested Loop", "Parent Relationship": "Outer", "Join Type": "Inner", "Startup Cost": 0.0, "Total Cost": 161007.76, "Plan Rows": 346, "Plan Width": 17, "Actual Min Startup Time": 70.179, "Actual Max Startup Time": 70.179, "Actual Min Total Time": 332.484, "Actual Max Total Time": 332.484, "Inner Unique": false, "Plans": [{"Node Type": "Nested Loop", "Parent Relationship": "Outer", "Join Type": "Inner", "Startup Cost": 0.0, "Total Cost": 160910.97, "Plan Rows": 294, "Plan Width": 4, "Actual Min Startup Time": 70.149, "Actual Max Startup Time": 70.149, "Actual Min Total Time": 294.567, "Actual Max Total Time": 294.567, "Inner Unique": false, "Plans": [{"Node Type": "Streaming(type: LOCAL GATHER dop: 1/16)", "Parent Relationship": "Outer", "Startup Cost": 0.0, "Total Cost": 153468.6, "Plan Rows": 173, "Plan Width": 4, "Actual Min Startup Time": 70.006, "Actual Max Startup Time": 70.006, "Actual Min Total Time": 165.071, "Actual Max Total Time": 165.071, "Plans": [{"Node Type": "Index Scan", "Parent Relationship": "Outer", "Scan Direction": "Forward", "Index Name": "name_pkey", "Relation Name": "name", "Alias": "n", "Startup Cost": 0.0, "Total Cost": 153464.87, "Plan Rows": 173, "Plan Width": 4, "Actual Min Startup Time": 39.742, "Actual Max Startup Time": 299.64, "Actual Min Total Time": 272.13, "Actual Max Total Time": 304.338, "Filter": "(((name)::text ~~ '%Tim%'::text) AND ((gender)::text = 'm'::text))", "Rows Removed by Filter": 4158428, "Actual Rows": 9062}], "Actual Rows": 9062}, {"Node Type": "Index Scan", "Parent Relationship": "Inner", "Scan Direction": "Forward", "Index Name": "person_id_cast_info", "Relation Name": "cast_info", "Alias": "ci", "Startup Cost": 0.0, "Total Cost": 43.0, "Plan Rows": 2, "Plan Width": 8, "Actual Min Startup Time": 104.11, "Actual Max Startup Time": 104.11, "Actual Min Total Time": 123.266, "Actual Max Total Time": 123.266, "Index Cond": "(person_id = n.id)", "Rows Removed by Index Recheck": 0, "Filter": "((note)::text = ANY ('{(producer),\"(executive producer)\"}'::text[]))", "Rows Removed by Filter": 89309, "Actual Rows": 6719}], "Actual Rows": 6719}, {"Node Type": "Index Scan", "Parent Relationship": "Inner", "Scan Direction": "Forward", "Index Name": "movie_id_movie_info_idx", "Relation Name": "movie_info_idx", "Alias": "mi_idx", "Startup Cost": 0.0, "Total Cost": 0.31, "Plan Rows": 2, "Plan Width": 13, "Actual Min Startup Time": 28.123, "Actual Max Startup Time": 28.123, "Actual Min Total Time": 32.253, "Actual Max Total Time": 32.253, "Index Cond": "(movie_id = ci.movie_id)", "Rows Removed by Index Recheck": 0, "Actual Rows": 10310}], "Actual Rows": 10310}], "Actual Rows": 10311}], "Actual Rows": 3435}, {"Node Type": "Index Scan", "Parent Relationship": "Inner", "Scan Direction": "Forward", "Index Name": "movie_id_movie_info", "Relation Name": "movie_info", "Alias": "mi", "Startup Cost": 0.0, "Total Cost": 0.7, "Plan Rows": 5, "Plan Width": 50, "Actual Min Startup Time": 21.885, "Actual Max Startup Time": 21.885, "Actual Min Total Time": 88.131, "Actual Max Total Time": 88.131, "Index Cond": "(movie_id = ci.movie_id)", "Rows Removed by Index Recheck": 0, "Actual Rows": 82408}], "Actual Rows": 82408}], "Actual Rows": 410}, {"Node Type": "Index Scan", "Parent Relationship": "Inner", "Scan Direction": "Forward", "Index Name": "title_pkey", "Relation Name": "title", "Alias": "t", "Startup Cost": 0.0, "Total Cost": 0.28, "Plan Rows": 1, "Plan Width": 21, "Actual Min Startup Time": 3.252, "Actual Max Startup Time": 3.252, "Actual Min Total Time": 3.252, "Actual Max Total Time": 3.252, "Index Cond": "(id = mi.movie_id)", "Rows Removed by Index Recheck": 0, "Actual Rows": 410}], "Actual Rows": 410}], "Actual Rows": 1}, "Triggers": [], "Planner Runtime": 49.928, "Total Runtime": 479.326, "Unique SQL Id": 4264520866}}, "(16, '18')": {"explain_plan": {"Plan": {"Node Type": "Aggregate", "Strategy": "Plain", "Startup Cost": 36787.5, "Total Cost": 36787.51, "Plan Rows": 1, "Plan Width": 160, "Plans": [{"Node Type": "Nested Loop", "Parent Relationship": "Outer", "Join Type": "Inner", "Startup Cost": 5.3, "Total Cost": 36787.44, "Plan Rows": 8, "Plan Width": 64, "Inner Unique": true, "Plans": [{"Node Type": "Nested Loop", "Parent Relationship": "Outer", "Join Type": "Inner", "Startup Cost": 5.04, "Total Cost": 36748.9, "Plan Rows": 9, "Plan Width": 59, "Inner Unique": false, "Join Filter": "(mi_idx.info_type_id = it2.id)", "Plans": [{"Node Type": "Seq Scan", "Parent Relationship": "Outer", "Relation Name": "info_type", "Alias": "it2", "Startup Cost": 0.0, "Total Cost": 2.4, "Plan Rows": 1, "Plan Width": 4, "Filter": "((info)::text = 'votes'::text)"}, {"Node Type": "Nested Loop", "Parent Relationship": "Inner", "Join Type": "Inner", "Startup Cost": 5.04, "Total Cost": 36746.07, "Plan Rows": 34, "Plan Width": 63, "Inner Unique": false, "Plans": [{"Node Type": "Nested Loop", "Parent Relationship": "Outer", "Join Type": "Inner", "Startup Cost": 4.77, "Total Cost": 36651.22, "Plan Rows": 22, "Plan Width": 50, "Inner Unique": false, "Join Filter": "(mi.info_type_id = it1.id)", "Plans": [{"Node Type": "Seq Scan", "Parent Relationship": "Outer", "Relation Name": "info_type", "Alias": "it1", "Startup Cost": 0.0, "Total Cost": 2.4, "Plan Rows": 1, "Plan Width": 4, "Filter": "((info)::text = 'budget'::text)"}, {"Node Type": "Materialize", "Parent Relationship": "Inner", "Startup Cost": 4.77, "Total Cost": 36633.21, "Plan Rows": 1561, "Plan Width": 54, "Plans": [{"Node Type": "Nested Loop", "Parent Relationship": "Outer", "Join Type": "Inner", "Startup Cost": 4.77, "Total Cost": 36629.3, "Plan Rows": 1561, "Plan Width": 54, "Inner Unique": false, "Plans": [{"Node Type": "Nested Loop", "Parent Relationship": "Outer", "Join Type": "Inner", "Startup Cost": 4.39, "Total Cost": 35306.9, "Plan Rows": 294, "Plan Width": 4, "Inner Unique": false, "Plans": [{"Node Type": "Streaming(type: LOCAL GATHER dop: 1/16)", "Parent Relationship": "Outer", "Startup Cost": 0.0, "Total Cost": 22123.07, "Plan Rows": 173, "Plan Width": 4, "Plans": [{"Node Type": "Seq Scan", "Parent Relationship": "Outer", "Relation Name": "name", "Alias": "n", "Startup Cost": 0.0, "Total Cost": 22119.33, "Plan Rows": 173, "Plan Width": 4, "Filter": "(((name)::text ~~ '%Tim%'::text) AND ((gender)::text = 'm'::text))"}]}, {"Node Type": "Bitmap Heap Scan", "Parent Relationship": "Inner", "Relation Name": "cast_info", "Alias": "ci", "Startup Cost": 4.39, "Total Cost": 76.19, "Plan Rows": 2, "Plan Width": 8, "Recheck Cond": "(person_id = n.id)", "Filter": "((note)::text = ANY ('{(producer),\"(executive producer)\"}'::text[]))", "Plans": [{"Node Type": "Bitmap Index Scan", "Parent Relationship": "Outer", "Index Name": "person_id_cast_info", "Startup Cost": 0.0, "Total Cost": 4.38, "Plan Rows": 18, "Plan Width": 0, "Index Cond": "(person_id = n.id)"}]}]}, {"Node Type": "Bitmap Heap Scan", "Parent Relationship": "Inner", "Relation Name": "movie_info", "Alias": "mi", "Startup Cost": 0.39, "Total Cost": 4.45, "Plan Rows": 5, "Plan Width": 50, "Recheck Cond": "(movie_id = ci.movie_id)", "Plans": [{"Node Type": "Bitmap Index Scan", "Parent Relationship": "Outer", "Index Name": "movie_id_movie_info", "Startup Cost": 0.0, "Total Cost": 0.38, "Plan Rows": 5, "Plan Width": 0, "Index Cond": "(movie_id = ci.movie_id)"}]}]}]}]}, {"Node Type": "Bitmap Heap Scan", "Parent Relationship": "Inner", "Relation Name": "movie_info_idx", "Alias": "mi_idx", "Startup Cost": 0.27, "Total Cost": 4.29, "Plan Rows": 2, "Plan Width": 13, "Recheck Cond": "(movie_id = mi.movie_id)", "Plans": [{"Node Type": "Bitmap Index Scan", "Parent Relationship": "Outer", "Index Name": "movie_id_movie_info_idx", "Startup Cost": 0.0, "Total Cost": 0.27, "Plan Rows": 2, "Plan Width": 0, "Index Cond": "(movie_id = mi.movie_id)"}]}]}]}, {"Node Type": "Bitmap Heap Scan", "Parent Relationship": "Inner", "Relation Name": "title", "Alias": "t", "Startup Cost": 0.26, "Total Cost": 4.27, "Plan Rows": 1, "Plan Width": 21, "Recheck Cond": "(id = mi.movie_id)", "Plans": [{"Node Type": "Bitmap Index Scan", "Parent Relationship": "Outer", "Index Name": "title_pkey", "Startup Cost": 0.0, "Total Cost": 0.26, "Plan Rows": 1, "Plan Width": 0, "Index Cond": "(id = mi.movie_id)"}]}]}]}, "Unique SQL Id": 4264520866, "Planner Runtime": 32}, "explain_analyze_plan": {"Plan": {"Node Type": "Aggregate", "Strategy": "Plain", "Startup Cost": 36787.5, "Total Cost": 36787.51, "Plan Rows": 1, "Plan Width": 160, "Actual Min Startup Time": 475.224, "Actual Max Startup Time": 475.224, "Actual Min Total Time": 475.225, "Actual Max Total Time": 475.225, "Plans": [{"Node Type": "Nested Loop", "Parent Relationship": "Outer", "Join Type": "Inner", "Startup Cost": 5.3, "Total Cost": 36787.44, "Plan Rows": 8, "Plan Width": 64, "Actual Min Startup Time": 425.326, "Actual Max Startup Time": 425.326, "Actual Min Total Time": 474.758, "Actual Max Total Time": 474.758, "Inner Unique": true, "Plans": [{"Node Type": "Nested Loop", "Parent Relationship": "Outer", "Join Type": "Inner", "Startup Cost": 5.04, "Total Cost": 36748.9, "Plan Rows": 9, "Plan Width": 59, "Actual Min Startup Time": 425.302, "Actual Max Startup Time": 425.302, "Actual Min Total Time": 470.521, "Actual Max Total Time": 470.521, "Inner Unique": false, "Join Filter": "(mi_idx.info_type_id = it2.id)", "Rows Removed by Join Filter": 825, "Plans": [{"Node Type": "Seq Scan", "Parent Relationship": "Outer", "Relation Name": "info_type", "Alias": "it2", "Startup Cost": 0.0, "Total Cost": 2.4, "Plan Rows": 1, "Plan Width": 4, "Actual Min Startup Time": 0.066, "Actual Max Startup Time": 0.066, "Actual Min Total Time": 0.074, "Actual Max Total Time": 0.074, "Filter": "((info)::text = 'votes'::text)", "Rows Removed by Filter": 111, "Actual Rows": 1}, {"Node Type": "Nested Loop", "Parent Relationship": "Inner", "Join Type": "Inner", "Startup Cost": 5.04, "Total Cost": 36746.07, "Plan Rows": 34, "Plan Width": 63, "Actual Min Startup Time": 425.224, "Actual Max Startup Time": 425.224, "Actual Min Total Time": 468.026, "Actual Max Total Time": 468.026, "Inner Unique": false, "Plans": [{"Node Type": "Nested Loop", "Parent Relationship": "Outer", "Join Type": "Inner", "Startup Cost": 4.77, "Total Cost": 36651.22, "Plan Rows": 22, "Plan Width": 50, "Actual Min Startup Time": 425.066, "Actual Max Startup Time": 425.066, "Actual Min Total Time": 461.217, "Actual Max Total Time": 461.217, "Inner Unique": false, "Join Filter": "(mi.info_type_id = it1.id)", "Rows Removed by Join Filter": 95197, "Plans": [{"Node Type": "Seq Scan", "Parent Relationship": "Outer", "Relation Name": "info_type", "Alias": "it1", "Startup Cost": 0.0, "Total Cost": 2.4, "Plan Rows": 1, "Plan Width": 4, "Actual Min Startup Time": 0.063, "Actual Max Startup Time": 0.063, "Actual Min Total Time": 0.073, "Actual Max Total Time": 0.073, "Filter": "((info)::text = 'budget'::text)", "Rows Removed by Filter": 111, "Actual Rows": 1}, {"Node Type": "Materialize", "Parent Relationship": "Inner", "Startup Cost": 4.77, "Total Cost": 36633.21, "Plan Rows": 1561, "Plan Width": 54, "Actual Min Startup Time": 424.99, "Actual Max Startup Time": 424.99, "Actual Min Total Time": 436.933, "Actual Max Total Time": 436.933, "Plans": [{"Node Type": "Nested Loop", "Parent Relationship": "Outer", "Join Type": "Inner", "Startup Cost": 4.77, "Total Cost": 36629.3, "Plan Rows": 1561, "Plan Width": 54, "Actual Min Startup Time": 21.711, "Actual Max Startup Time": 21.711, "Actual Min Total Time": 398.082, "Actual Max Total Time": 398.082, "Inner Unique": false, "Plans": [{"Node Type": "Nested Loop", "Parent Relationship": "Outer", "Join Type": "Inner", "Startup Cost": 4.39, "Total Cost": 35306.9, "Plan Rows": 294, "Plan Width": 4, "Actual Min Startup Time": 21.681, "Actual Max Startup Time": 21.681, "Actual Min Total Time": 223.32, "Actual Max Total Time": 223.32, "Inner Unique": false, "Plans": [{"Node Type": "Streaming(type: LOCAL GATHER dop: 1/16)", "Parent Relationship": "Outer", "Startup Cost": 0.0, "Total Cost": 22123.07, "Plan Rows": 173, "Plan Width": 4, "Actual Min Startup Time": 21.308, "Actual Max Startup Time": 21.308, "Actual Min Total Time": 74.431, "Actual Max Total Time": 74.431, "Plans": [{"Node Type": "Seq Scan", "Parent Relationship": "Outer", "Relation Name": "name", "Alias": "n", "Startup Cost": 0.0, "Total Cost": 22119.33, "Plan Rows": 173, "Plan Width": 4, "Actual Min Startup Time": 0.034, "Actual Max Startup Time": 0.856, "Actual Min Total Time": 101.868, "Actual Max Total Time": 105.961, "Filter": "(((name)::text ~~ '%Tim%'::text) AND ((gender)::text = 'm'::text))", "Rows Removed by Filter": 4158428, "Actual Rows": 9062}], "Actual Rows": 9062}, {"Node Type": "Bitmap Heap Scan", "Parent Relationship": "Inner", "Relation Name": "cast_info", "Alias": "ci", "Startup Cost": 4.39, "Total Cost": 76.19, "Plan Rows": 2, "Plan Width": 8, "Actual Min Startup Time": 120.205, "Actual Max Startup Time": 120.205, "Actual Min Total Time": 136.373, "Actual Max Total Time": 136.373, "Recheck Cond": "(person_id = n.id)", "Rows Removed by Index Recheck": 0, "Filter": "((note)::text = ANY ('{(producer),\"(executive producer)\"}'::text[]))", "Rows Removed by Filter": 89309, "Exact Heap Blocks": 13336, "Lossy Heap Blocks": 13336, "Plans": [{"Node Type": "Bitmap Index Scan", "Parent Relationship": "Outer", "Index Name": "person_id_cast_info", "Startup Cost": 0.0, "Total Cost": 4.38, "Plan Rows": 18, "Plan Width": 0, "Actual Min Startup Time": 50.638, "Actual Max Startup Time": 50.638, "Actual Min Total Time": 50.638, "Actual Max Total Time": 50.638, "Index Cond": "(person_id = n.id)", "Actual Rows": 96028}], "Actual Rows": 6719}], "Actual Rows": 6719}, {"Node Type": "Bitmap Heap Scan", "Parent Relationship": "Inner", "Relation Name": "movie_info", "Alias": "mi", "Startup Cost": 0.39, "Total Cost": 4.45, "Plan Rows": 5, "Plan Width": 50, "Actual Min Startup Time": 62.715, "Actual Max Startup Time": 62.715, "Actual Min Total Time": 146.56, "Actual Max Total Time": 146.56, "Recheck Cond": "(movie_id = ci.movie_id)", "Rows Removed by Index Recheck": 0, "Exact Heap Blocks": 40013, "Lossy Heap Blocks": 40013, "Plans": [{"Node Type": "Bitmap Index Scan", "Parent Relationship": "Outer", "Index Name": "movie_id_movie_info", "Startup Cost": 0.0, "Total Cost": 0.38, "Plan Rows": 5, "Plan Width": 0, "Actual Min Startup Time": 43.75, "Actual Max Startup Time": 43.75, "Actual Min Total Time": 43.75, "Actual Max Total Time": 43.75, "Index Cond": "(movie_id = ci.movie_id)", "Actual Rows": 95896}], "Actual Rows": 95896}], "Actual Rows": 95896}], "Actual Rows": 95897}], "Actual Rows": 699}, {"Node Type": "Bitmap Heap Scan", "Parent Relationship": "Inner", "Relation Name": "movie_info_idx", "Alias": "mi_idx", "Startup Cost": 0.27, "Total Cost": 4.29, "Plan Rows": 2, "Plan Width": 13, "Actual Min Startup Time": 5.496, "Actual Max Startup Time": 5.496, "Actual Min Total Time": 5.692, "Actual Max Total Time": 5.692, "Recheck Cond": "(movie_id = mi.movie_id)", "Rows Removed by Index Recheck": 0, "Exact Heap Blocks": 419, "Lossy Heap Blocks": 419, "Plans": [{"Node Type": "Bitmap Index Scan", "Parent Relationship": "Outer", "Index Name": "movie_id_movie_info_idx", "Startup Cost": 0.0, "Total Cost": 0.27, "Plan Rows": 2, "Plan Width": 0, "Actual Min Startup Time": 3.946, "Actual Max Startup Time": 3.946, "Actual Min Total Time": 3.946, "Actual Max Total Time": 3.946, "Index Cond": "(movie_id = mi.movie_id)", "Actual Rows": 1235}], "Actual Rows": 1235}], "Actual Rows": 1235}], "Actual Rows": 410}, {"Node Type": "Bitmap Heap Scan", "Parent Relationship": "Inner", "Relation Name": "title", "Alias": "t", "Startup Cost": 0.26, "Total Cost": 4.27, "Plan Rows": 1, "Plan Width": 21, "Actual Min Startup Time": 3.641, "Actual Max Startup Time": 3.641, "Actual Min Total Time": 3.641, "Actual Max Total Time": 3.641, "Recheck Cond": "(id = mi.movie_id)", "Rows Removed by Index Recheck": 0, "Exact Heap Blocks": 410, "Lossy Heap Blocks": 410, "Plans": [{"Node Type": "Bitmap Index Scan", "Parent Relationship": "Outer", "Index Name": "title_pkey", "Startup Cost": 0.0, "Total Cost": 0.26, "Plan Rows": 1, "Plan Width": 0, "Actual Min Startup Time": 2.266, "Actual Max Startup Time": 2.266, "Actual Min Total Time": 2.266, "Actual Max Total Time": 2.266, "Index Cond": "(id = mi.movie_id)", "Actual Rows": 410}], "Actual Rows": 410}], "Actual Rows": 410}], "Actual Rows": 1}, "Triggers": [], "Planner Runtime": 32.602, "Total Runtime": 478.313, "Unique SQL Id": 4264520866}}, "(16, '19')": {"explain_plan": {"Plan": {"Node Type": "Aggregate", "Strategy": "Plain", "Startup Cost": 212364.75, "Total Cost": 212364.76, "Plan Rows": 1, "Plan Width": 160, "Plans": [{"Node Type": "Nested Loop", "Parent Relationship": "Outer", "Join Type": "Inner", "Startup Cost": 83172.11, "Total Cost": 212364.68, "Plan Rows": 9, "Plan Width": 64, "Inner Unique": true, "Plans": [{"Node Type": "Nested Loop", "Parent Relationship": "Outer", "Join Type": "Inner", "Startup Cost": 83171.85, "Total Cost": 212326.13, "Plan Rows": 9, "Plan Width": 59, "Inner Unique": true, "Plans": [{"Node Type": "Nested Loop", "Parent Relationship": "Outer", "Join Type": "Inner", "Startup Cost": 83171.59, "Total Cost": 212180.52, "Plan Rows": 34, "Plan Width": 63, "Inner Unique": false, "Plans": [{"Node Type": "Nested Loop", "Parent Relationship": "Outer", "Join Type": "Inner", "Startup Cost": 83171.32, "Total Cost": 211607.05, "Plan Rows": 133, "Plan Width": 50, "Inner Unique": false, "Join Filter": "(mi.info_type_id = it1.id)", "Plans": [{"Node Type": "Bitmap Heap Scan", "Parent Relationship": "Outer", "Relation Name": "info_type", "Alias": "it1", "Startup Cost": 8.81, "Total Cost": 14.21, "Plan Rows": 1, "Plan Width": 4, "Filter": "((info)::text = 'budget'::text)", "Plans": [{"Node Type": "Bitmap Index Scan", "Parent Relationship": "Outer", "Index Name": "info_type_pkey", "Startup Cost": 0.0, "Total Cost": 8.81, "Plan Rows": 112, "Plan Width": 0}]}, {"Node Type": "Nested Loop", "Parent Relationship": "Inner", "Join Type": "Inner", "Startup Cost": 83162.51, "Total Cost": 211573.33, "Plan Rows": 1561, "Plan Width": 54, "Inner Unique": false, "Plans": [{"Node Type": "Nested Loop", "Parent Relationship": "Outer", "Join Type": "Inner", "Startup Cost": 83162.13, "Total Cost": 210250.93, "Plan Rows": 294, "Plan Width": 4, "Inner Unique": false, "Plans": [{"Node Type": "Bitmap Heap Scan", "Parent Relationship": "Outer", "Relation Name": "name", "Alias": "n", "Startup Cost": 83157.74, "Total Cost": 197067.09, "Plan Rows": 173, "Plan Width": 4, "Filter": "(((name)::text ~~ '%Tim%'::text) AND ((gender)::text = 'm'::text))", "Plans": [{"Node Type": "Bitmap Index Scan", "Parent Relationship": "Outer", "Index Name": "name_pkey", "Startup Cost": 0.0, "Total Cost": 83157.7, "Plan Rows": 4167490, "Plan Width": 0}]}, {"Node Type": "Bitmap Heap Scan", "Parent Relationship": "Inner", "Relation Name": "cast_info", "Alias": "ci", "Startup Cost": 4.39, "Total Cost": 76.19, "Plan Rows": 2, "Plan Width": 8, "Recheck Cond": "(person_id = n.id)", "Filter": "((note)::text = ANY ('{(producer),\"(executive producer)\"}'::text[]))", "Plans": [{"Node Type": "Bitmap Index Scan", "Parent Relationship": "Outer", "Index Name": "person_id_cast_info", "Startup Cost": 0.0, "Total Cost": 4.38, "Plan Rows": 18, "Plan Width": 0, "Index Cond": "(person_id = n.id)"}]}]}, {"Node Type": "Bitmap Heap Scan", "Parent Relationship": "Inner", "Relation Name": "movie_info", "Alias": "mi", "Startup Cost": 0.39, "Total Cost": 4.45, "Plan Rows": 5, "Plan Width": 50, "Recheck Cond": "(movie_id = ci.movie_id)", "Plans": [{"Node Type": "Bitmap Index Scan", "Parent Relationship": "Outer", "Index Name": "movie_id_movie_info", "Startup Cost": 0.0, "Total Cost": 0.38, "Plan Rows": 5, "Plan Width": 0, "Index Cond": "(movie_id = ci.movie_id)"}]}]}]}, {"Node Type": "Bitmap Heap Scan", "Parent Relationship": "Inner", "Relation Name": "movie_info_idx", "Alias": "mi_idx", "Startup Cost": 0.27, "Total Cost": 4.29, "Plan Rows": 2, "Plan Width": 13, "Recheck Cond": "(movie_id = mi.movie_id)", "Plans": [{"Node Type": "Bitmap Index Scan", "Parent Relationship": "Outer", "Index Name": "movie_id_movie_info_idx", "Startup Cost": 0.0, "Total Cost": 0.27, "Plan Rows": 2, "Plan Width": 0, "Index Cond": "(movie_id = mi.movie_id)"}]}]}, {"Node Type": "Bitmap Heap Scan", "Parent Relationship": "Inner", "Relation Name": "info_type", "Alias": "it2", "Startup Cost": 0.26, "Total Cost": 4.27, "Plan Rows": 1, "Plan Width": 4, "Recheck Cond": "(id = mi_idx.info_type_id)", "Filter": "((info)::text = 'votes'::text)", "Plans": [{"Node Type": "Bitmap Index Scan", "Parent Relationship": "Outer", "Index Name": "info_type_pkey", "Startup Cost": 0.0, "Total Cost": 0.26, "Plan Rows": 1, "Plan Width": 0, "Index Cond": "(id = mi_idx.info_type_id)"}]}]}, {"Node Type": "Bitmap Heap Scan", "Parent Relationship": "Inner", "Relation Name": "title", "Alias": "t", "Startup Cost": 0.26, "Total Cost": 4.27, "Plan Rows": 1, "Plan Width": 21, "Recheck Cond": "(id = mi.movie_id)", "Plans": [{"Node Type": "Bitmap Index Scan", "Parent Relationship": "Outer", "Index Name": "title_pkey", "Startup Cost": 0.0, "Total Cost": 0.26, "Plan Rows": 1, "Plan Width": 0, "Index Cond": "(id = mi.movie_id)"}]}]}]}, "Unique SQL Id": 4264520866, "Planner Runtime": 26}, "explain_analyze_plan": null}, "(16, '20')": {"explain_plan": {"Plan": {"Node Type": "Aggregate", "Strategy": "Plain", "Startup Cost": 29717.14, "Total Cost": 29717.15, "Plan Rows": 1, "Plan Width": 160, "Plans": [{"Node Type": "Nested Loop", "Parent Relationship": "Outer", "Join Type": "Inner", "Startup Cost": 0.0, "Total Cost": 29717.07, "Plan Rows": 9, "Plan Width": 64, "Inner Unique": true, "Plans": [{"Node Type": "Nested Loop", "Parent Relationship": "Outer", "Join Type": "Inner", "Startup Cost": 0.0, "Total Cost": 29714.44, "Plan Rows": 9, "Plan Width": 59, "Inner Unique": false, "Join Filter": "(mi.info_type_id = it1.id)", "Plans": [{"Node Type": "Seq Scan", "Parent Relationship": "Outer", "Relation Name": "info_type", "Alias": "it1", "Startup Cost": 0.0, "Total Cost": 2.4, "Plan Rows": 1, "Plan Width": 4, "Filter": "((info)::text = 'budget'::text)"}, {"Node Type": "Nested Loop", "Parent Relationship": "Inner", "Join Type": "Inner", "Startup Cost": 0.0, "Total Cost": 29708.55, "Plan Rows": 279, "Plan Width": 63, "Inner Unique": false, "Join Filter": "(mi_idx.movie_id = mi.movie_id)", "Plans": [{"Node Type": "Nested Loop", "Parent Relationship": "Outer", "Join Type": "Inner", "Startup Cost": 0.0, "Total Cost": 29668.95, "Plan Rows": 52, "Plan Width": 13, "Inner Unique": false, "Join Filter": "(mi_idx.info_type_id = it2.id)", "Plans": [{"Node Type": "Seq Scan", "Parent Relationship": "Outer", "Relation Name": "info_type", "Alias": "it2", "Startup Cost": 0.0, "Total Cost": 2.4, "Plan Rows": 1, "Plan Width": 4, "Filter": "((info)::text = 'votes'::text)"}, {"Node Type": "Materialize", "Parent Relationship": "Inner", "Startup Cost": 0.0, "Total Cost": 29663.09, "Plan Rows": 346, "Plan Width": 17, "Plans": [{"Node Type": "Nested Loop", "Parent Relationship": "Outer", "Join Type": "Inner", "Startup Cost": 0.0, "Total Cost": 29662.23, "Plan Rows": 346, "Plan Width": 17, "Inner Unique": false, "Plans": [{"Node Type": "Nested Loop", "Parent Relationship": "Outer", "Join Type": "Inner", "Startup Cost": 0.0, "Total Cost": 29565.43, "Plan Rows": 294, "Plan Width": 4, "Inner Unique": false, "Plans": [{"Node Type": "Streaming(type: LOCAL GATHER dop: 1/16)", "Parent Relationship": "Outer", "Startup Cost": 0.0, "Total Cost": 22123.07, "Plan Rows": 173, "Plan Width": 4, "Plans": [{"Node Type": "Seq Scan", "Parent Relationship": "Outer", "Relation Name": "name", "Alias": "n", "Startup Cost": 0.0, "Total Cost": 22119.33, "Plan Rows": 173, "Plan Width": 4, "Filter": "(((name)::text ~~ '%Tim%'::text) AND ((gender)::text = 'm'::text))"}]}, {"Node Type": "Index Scan", "Parent Relationship": "Inner", "Scan Direction": "Forward", "Index Name": "person_id_cast_info", "Relation Name": "cast_info", "Alias": "ci", "Startup Cost": 0.0, "Total Cost": 43.0, "Plan Rows": 2, "Plan Width": 8, "Index Cond": "(person_id = n.id)", "Filter": "((note)::text = ANY ('{(producer),\"(executive producer)\"}'::text[]))"}]}, {"Node Type": "Index Scan", "Parent Relationship": "Inner", "Scan Direction": "Forward", "Index Name": "movie_id_movie_info_idx", "Relation Name": "movie_info_idx", "Alias": "mi_idx", "Startup Cost": 0.0, "Total Cost": 0.31, "Plan Rows": 2, "Plan Width": 13, "Index Cond": "(movie_id = ci.movie_id)"}]}]}]}, {"Node Type": "Index Scan", "Parent Relationship": "Inner", "Scan Direction": "Forward", "Index Name": "movie_id_movie_info", "Relation Name": "movie_info", "Alias": "mi", "Startup Cost": 0.0, "Total Cost": 0.7, "Plan Rows": 5, "Plan Width": 50, "Index Cond": "(movie_id = ci.movie_id)"}]}]}, {"Node Type": "Index Scan", "Parent Relationship": "Inner", "Scan Direction": "Forward", "Index Name": "title_pkey", "Relation Name": "title", "Alias": "t", "Startup Cost": 0.0, "Total Cost": 0.28, "Plan Rows": 1, "Plan Width": 21, "Index Cond": "(id = mi.movie_id)"}]}]}, "Unique SQL Id": 4264520866, "Planner Runtime": 21}, "explain_analyze_plan": {"Plan": {"Node Type": "Aggregate", "Strategy": "Plain", "Startup Cost": 29717.14, "Total Cost": 29717.15, "Plan Rows": 1, "Plan Width": 160, "Actual Min Startup Time": 380.625, "Actual Max Startup Time": 380.625, "Actual Min Total Time": 380.625, "Actual Max Total Time": 380.625, "Plans": [{"Node Type": "Nested Loop", "Parent Relationship": "Outer", "Join Type": "Inner", "Startup Cost": 0.0, "Total Cost": 29717.07, "Plan Rows": 9, "Plan Width": 64, "Actual Min Startup Time": 240.051, "Actual Max Startup Time": 240.051, "Actual Min Total Time": 380.152, "Actual Max Total Time": 380.152, "Inner Unique": true, "Plans": [{"Node Type": "Nested Loop", "Parent Relationship": "Outer", "Join Type": "Inner", "Startup Cost": 0.0, "Total Cost": 29714.44, "Plan Rows": 9, "Plan Width": 59, "Actual Min Startup Time": 240.033, "Actual Max Startup Time": 240.033, "Actual Min Total Time": 376.51, "Actual Max Total Time": 376.51, "Inner Unique": false, "Join Filter": "(mi.info_type_id = it1.id)", "Rows Removed by Join Filter": 81998, "Plans": [{"Node Type": "Seq Scan", "Parent Relationship": "Outer", "Relation Name": "info_type", "Alias": "it1", "Startup Cost": 0.0, "Total Cost": 2.4, "Plan Rows": 1, "Plan Width": 4, "Actual Min Startup Time": 0.08, "Actual Max Startup Time": 0.08, "Actual Min Total Time": 0.086, "Actual Max Total Time": 0.086, "Filter": "((info)::text = 'budget'::text)", "Rows Removed by Filter": 111, "Actual Rows": 1}, {"Node Type": "Nested Loop", "Parent Relationship": "Inner", "Join Type": "Inner", "Startup Cost": 0.0, "Total Cost": 29708.55, "Plan Rows": 279, "Plan Width": 63, "Actual Min Startup Time": 239.345, "Actual Max Startup Time": 239.345, "Actual Min Total Time": 360.344, "Actual Max Total Time": 360.344, "Inner Unique": false, "Join Filter": "(mi_idx.movie_id = mi.movie_id)", "Rows Removed by Join Filter": 0, "Plans": [{"Node Type": "Nested Loop", "Parent Relationship": "Outer", "Join Type": "Inner", "Startup Cost": 0.0, "Total Cost": 29668.95, "Plan Rows": 52, "Plan Width": 13, "Actual Min Startup Time": 239.315, "Actual Max Startup Time": 239.315, "Actual Min Total Time": 243.417, "Actual Max Total Time": 243.417, "Inner Unique": false, "Join Filter": "(mi_idx.info_type_id = it2.id)", "Rows Removed by Join Filter": 6875, "Plans": [{"Node Type": "Seq Scan", "Parent Relationship": "Outer", "Relation Name": "info_type", "Alias": "it2", "Startup Cost": 0.0, "Total Cost": 2.4, "Plan Rows": 1, "Plan Width": 4, "Actual Min Startup Time": 0.06, "Actual Max Startup Time": 0.06, "Actual Min Total Time": 0.074, "Actual Max Total Time": 0.074, "Filter": "((info)::text = 'votes'::text)", "Rows Removed by Filter": 111, "Actual Rows": 1}, {"Node Type": "Materialize", "Parent Relationship": "Inner", "Startup Cost": 0.0, "Total Cost": 29663.09, "Plan Rows": 346, "Plan Width": 17, "Actual Min Startup Time": 239.24, "Actual Max Startup Time": 239.24, "Actual Min Total Time": 240.455, "Actual Max Total Time": 240.455, "Plans": [{"Node Type": "Nested Loop", "Parent Relationship": "Outer", "Join Type": "Inner", "Startup Cost": 0.0, "Total Cost": 29662.23, "Plan Rows": 346, "Plan Width": 17, "Actual Min Startup Time": 20.447, "Actual Max Startup Time": 20.447, "Actual Min Total Time": 236.2, "Actual Max Total Time": 236.2, "Inner Unique": false, "Plans": [{"Node Type": "Nested Loop", "Parent Relationship": "Outer", "Join Type": "Inner", "Startup Cost": 0.0, "Total Cost": 29565.43, "Plan Rows": 294, "Plan Width": 4, "Actual Min Startup Time": 19.462, "Actual Max Startup Time": 19.462, "Actual Min Total Time": 199.319, "Actual Max Total Time": 199.319, "Inner Unique": false, "Plans": [{"Node Type": "Streaming(type: LOCAL GATHER dop: 1/16)", "Parent Relationship": "Outer", "Startup Cost": 0.0, "Total Cost": 22123.07, "Plan Rows": 173, "Plan Width": 4, "Actual Min Startup Time": 19.401, "Actual Max Startup Time": 19.401, "Actual Min Total Time": 68.854, "Actual Max Total Time": 68.854, "Plans": [{"Node Type": "Seq Scan", "Parent Relationship": "Outer", "Relation Name": "name", "Alias": "n", "Startup Cost": 0.0, "Total Cost": 22119.33, "Plan Rows": 173, "Plan Width": 4, "Actual Min Startup Time": 0.036, "Actual Max Startup Time": 0.846, "Actual Min Total Time": 101.954, "Actual Max Total Time": 106.122, "Filter": "(((name)::text ~~ '%Tim%'::text) AND ((gender)::text = 'm'::text))", "Rows Removed by Filter": 4158428, "Actual Rows": 9062}], "Actual Rows": 9062}, {"Node Type": "Index Scan", "Parent Relationship": "Inner", "Scan Direction": "Forward", "Index Name": "person_id_cast_info", "Relation Name": "cast_info", "Alias": "ci", "Startup Cost": 0.0, "Total Cost": 43.0, "Plan Rows": 2, "Plan Width": 8, "Actual Min Startup Time": 104.98, "Actual Max Startup Time": 104.98, "Actual Min Total Time": 124.256, "Actual Max Total Time": 124.256, "Index Cond": "(person_id = n.id)", "Rows Removed by Index Recheck": 0, "Filter": "((note)::text = ANY ('{(producer),\"(executive producer)\"}'::text[]))", "Rows Removed by Filter": 89309, "Actual Rows": 6719}], "Actual Rows": 6719}, {"Node Type": "Index Scan", "Parent Relationship": "Inner", "Scan Direction": "Forward", "Index Name": "movie_id_movie_info_idx", "Relation Name": "movie_info_idx", "Alias": "mi_idx", "Startup Cost": 0.0, "Total Cost": 0.31, "Plan Rows": 2, "Plan Width": 13, "Actual Min Startup Time": 27.164, "Actual Max Startup Time": 27.164, "Actual Min Total Time": 31.127, "Actual Max Total Time": 31.127, "Index Cond": "(movie_id = ci.movie_id)", "Rows Removed by Index Recheck": 0, "Actual Rows": 10310}], "Actual Rows": 10310}], "Actual Rows": 10311}], "Actual Rows": 3435}, {"Node Type": "Index Scan", "Parent Relationship": "Inner", "Scan Direction": "Forward", "Index Name": "movie_id_movie_info", "Relation Name": "movie_info", "Alias": "mi", "Startup Cost": 0.0, "Total Cost": 0.7, "Plan Rows": 5, "Plan Width": 50, "Actual Min Startup Time": 21.845, "Actual Max Startup Time": 21.845, "Actual Min Total Time": 88.077, "Actual Max Total Time": 88.077, "Index Cond": "(movie_id = ci.movie_id)", "Rows Removed by Index Recheck": 0, "Actual Rows": 82408}], "Actual Rows": 82408}], "Actual Rows": 410}, {"Node Type": "Index Scan", "Parent Relationship": "Inner", "Scan Direction": "Forward", "Index Name": "title_pkey", "Relation Name": "title", "Alias": "t", "Startup Cost": 0.0, "Total Cost": 0.28, "Plan Rows": 1, "Plan Width": 21, "Actual Min Startup Time": 3.284, "Actual Max Startup Time": 3.284, "Actual Min Total Time": 3.284, "Actual Max Total Time": 3.284, "Index Cond": "(id = mi.movie_id)", "Rows Removed by Index Recheck": 0, "Actual Rows": 410}], "Actual Rows": 410}], "Actual Rows": 1}, "Triggers": [], "Planner Runtime": 22.257, "Total Runtime": 383.381, "Unique SQL Id": 4264520866}}, "(16, '21')": {"explain_plan": {"Plan": {"Node Type": "Aggregate", "Strategy": "Plain", "Startup Cost": 161086.29, "Total Cost": 161086.3, "Plan Rows": 1, "Plan Width": 160, "Plans": [{"Node Type": "Nested Loop", "Parent Relationship": "Outer", "Join Type": "Inner", "Startup Cost": 0.0, "Total Cost": 161086.22, "Plan Rows": 9, "Plan Width": 64, "Inner Unique": true, "Plans": [{"Node Type": "Nested Loop", "Parent Relationship": "Outer", "Join Type": "Inner", "Startup Cost": 0.0, "Total Cost": 161083.6, "Plan Rows": 9, "Plan Width": 59, "Inner Unique": false, "Join Filter": "(mi.info_type_id = it1.id)", "Plans": [{"Node Type": "Index Scan", "Parent Relationship": "Outer", "Scan Direction": "Forward", "Index Name": "info_type_pkey", "Relation Name": "info_type", "Alias": "it1", "Startup Cost": 0.0, "Total Cost": 14.21, "Plan Rows": 1, "Plan Width": 4, "Filter": "((info)::text = 'budget'::text)"}, {"Node Type": "Nested Loop", "Parent Relationship": "Inner", "Join Type": "Inner", "Startup Cost": 0.0, "Total Cost": 161065.9, "Plan Rows": 279, "Plan Width": 63, "Inner Unique": false, "Join Filter": "(mi_idx.movie_id = mi.movie_id)", "Plans": [{"Node Type": "Nested Loop", "Parent Relationship": "Outer", "Join Type": "Inner", "Startup Cost": 0.0, "Total Cost": 161026.3, "Plan Rows": 52, "Plan Width": 13, "Inner Unique": false, "Join Filter": "(mi_idx.info_type_id = it2.id)", "Plans": [{"Node Type": "Index Scan", "Parent Relationship": "Outer", "Scan Direction": "Forward", "Index Name": "info_type_pkey", "Relation Name": "info_type", "Alias": "it2", "Startup Cost": 0.0, "Total Cost": 14.21, "Plan Rows": 1, "Plan Width": 4, "Filter": "((info)::text = 'votes'::text)"}, {"Node Type": "Materialize", "Parent Relationship": "Inner", "Startup Cost": 0.0, "Total Cost": 161008.63, "Plan Rows": 346, "Plan Width": 17, "Plans": [{"Node Type": "Nested Loop", "Parent Relationship": "Outer", "Join Type": "Inner", "Startup Cost": 0.0, "Total Cost": 161007.76, "Plan Rows": 346, "Plan Width": 17, "Inner Unique": false, "Plans": [{"Node Type": "Nested Loop", "Parent Relationship": "Outer", "Join Type": "Inner", "Startup Cost": 0.0, "Total Cost": 160910.97, "Plan Rows": 294, "Plan Width": 4, "Inner Unique": false, "Plans": [{"Node Type": "Streaming(type: LOCAL GATHER dop: 1/16)", "Parent Relationship": "Outer", "Startup Cost": 0.0, "Total Cost": 153468.6, "Plan Rows": 173, "Plan Width": 4, "Plans": [{"Node Type": "Index Scan", "Parent Relationship": "Outer", "Scan Direction": "Forward", "Index Name": "name_pkey", "Relation Name": "name", "Alias": "n", "Startup Cost": 0.0, "Total Cost": 153464.87, "Plan Rows": 173, "Plan Width": 4, "Filter": "(((name)::text ~~ '%Tim%'::text) AND ((gender)::text = 'm'::text))"}]}, {"Node Type": "Index Scan", "Parent Relationship": "Inner", "Scan Direction": "Forward", "Index Name": "person_id_cast_info", "Relation Name": "cast_info", "Alias": "ci", "Startup Cost": 0.0, "Total Cost": 43.0, "Plan Rows": 2, "Plan Width": 8, "Index Cond": "(person_id = n.id)", "Filter": "((note)::text = ANY ('{(producer),\"(executive producer)\"}'::text[]))"}]}, {"Node Type": "Index Scan", "Parent Relationship": "Inner", "Scan Direction": "Forward", "Index Name": "movie_id_movie_info_idx", "Relation Name": "movie_info_idx", "Alias": "mi_idx", "Startup Cost": 0.0, "Total Cost": 0.31, "Plan Rows": 2, "Plan Width": 13, "Index Cond": "(movie_id = ci.movie_id)"}]}]}]}, {"Node Type": "Index Scan", "Parent Relationship": "Inner", "Scan Direction": "Forward", "Index Name": "movie_id_movie_info", "Relation Name": "movie_info", "Alias": "mi", "Startup Cost": 0.0, "Total Cost": 0.7, "Plan Rows": 5, "Plan Width": 50, "Index Cond": "(movie_id = ci.movie_id)"}]}]}, {"Node Type": "Index Scan", "Parent Relationship": "Inner", "Scan Direction": "Forward", "Index Name": "title_pkey", "Relation Name": "title", "Alias": "t", "Startup Cost": 0.0, "Total Cost": 0.28, "Plan Rows": 1, "Plan Width": 21, "Index Cond": "(id = mi.movie_id)"}]}]}, "Unique SQL Id": 4264520866, "Planner Runtime": 27}, "explain_analyze_plan": {"Plan": {"Node Type": "Aggregate", "Strategy": "Plain", "Startup Cost": 161086.29, "Total Cost": 161086.3, "Plan Rows": 1, "Plan Width": 160, "Actual Min Startup Time": 476.62, "Actual Max Startup Time": 476.62, "Actual Min Total Time": 476.62, "Actual Max Total Time": 476.62, "Plans": [{"Node Type": "Nested Loop", "Parent Relationship": "Outer", "Join Type": "Inner", "Startup Cost": 0.0, "Total Cost": 161086.22, "Plan Rows": 9, "Plan Width": 64, "Actual Min Startup Time": 335.708, "Actual Max Startup Time": 335.708, "Actual Min Total Time": 476.138, "Actual Max Total Time": 476.138, "Inner Unique": true, "Plans": [{"Node Type": "Nested Loop", "Parent Relationship": "Outer", "Join Type": "Inner", "Startup Cost": 0.0, "Total Cost": 161083.6, "Plan Rows": 9, "Plan Width": 59, "Actual Min Startup Time": 335.689, "Actual Max Startup Time": 335.689, "Actual Min Total Time": 472.481, "Actual Max Total Time": 472.481, "Inner Unique": false, "Join Filter": "(mi.info_type_id = it1.id)", "Rows Removed by Join Filter": 81998, "Plans": [{"Node Type": "Index Scan", "Parent Relationship": "Outer", "Scan Direction": "Forward", "Index Name": "info_type_pkey", "Relation Name": "info_type", "Alias": "it1", "Startup Cost": 0.0, "Total Cost": 14.21, "Plan Rows": 1, "Plan Width": 4, "Actual Min Startup Time": 0.084, "Actual Max Startup Time": 0.084, "Actual Min Total Time": 0.09, "Actual Max Total Time": 0.09, "Filter": "((info)::text = 'budget'::text)", "Rows Removed by Filter": 111, "Actual Rows": 1}, {"Node Type": "Nested Loop", "Parent Relationship": "Inner", "Join Type": "Inner", "Startup Cost": 0.0, "Total Cost": 161065.9, "Plan Rows": 279, "Plan Width": 63, "Actual Min Startup Time": 335.581, "Actual Max Startup Time": 335.581, "Actual Min Total Time": 456.706, "Actual Max Total Time": 456.706, "Inner Unique": false, "Join Filter": "(mi_idx.movie_id = mi.movie_id)", "Rows Removed by Join Filter": 0, "Plans": [{"Node Type": "Nested Loop", "Parent Relationship": "Outer", "Join Type": "Inner", "Startup Cost": 0.0, "Total Cost": 161026.3, "Plan Rows": 52, "Plan Width": 13, "Actual Min Startup Time": 335.557, "Actual Max Startup Time": 335.557, "Actual Min Total Time": 339.703, "Actual Max Total Time": 339.703, "Inner Unique": false, "Join Filter": "(mi_idx.info_type_id = it2.id)", "Rows Removed by Join Filter": 6875, "Plans": [{"Node Type": "Index Scan", "Parent Relationship": "Outer", "Scan Direction": "Forward", "Index Name": "info_type_pkey", "Relation Name": "info_type", "Alias": "it2", "Startup Cost": 0.0, "Total Cost": 14.21, "Plan Rows": 1, "Plan Width": 4, "Actual Min Startup Time": 0.071, "Actual Max Startup Time": 0.071, "Actual Min Total Time": 0.081, "Actual Max Total Time": 0.081, "Filter": "((info)::text = 'votes'::text)", "Rows Removed by Filter": 111, "Actual Rows": 1}, {"Node Type": "Materialize", "Parent Relationship": "Inner", "Startup Cost": 0.0, "Total Cost": 161008.63, "Plan Rows": 346, "Plan Width": 17, "Actual Min Startup Time": 335.472, "Actual Max Startup Time": 335.472, "Actual Min Total Time": 336.702, "Actual Max Total Time": 336.702, "Plans": [{"Node Type": "Nested Loop", "Parent Relationship": "Outer", "Join Type": "Inner", "Startup Cost": 0.0, "Total Cost": 161007.76, "Plan Rows": 346, "Plan Width": 17, "Actual Min Startup Time": 70.179, "Actual Max Startup Time": 70.179, "Actual Min Total Time": 332.484, "Actual Max Total Time": 332.484, "Inner Unique": false, "Plans": [{"Node Type": "Nested Loop", "Parent Relationship": "Outer", "Join Type": "Inner", "Startup Cost": 0.0, "Total Cost": 160910.97, "Plan Rows": 294, "Plan Width": 4, "Actual Min Startup Time": 70.149, "Actual Max Startup Time": 70.149, "Actual Min Total Time": 294.567, "Actual Max Total Time": 294.567, "Inner Unique": false, "Plans": [{"Node Type": "Streaming(type: LOCAL GATHER dop: 1/16)", "Parent Relationship": "Outer", "Startup Cost": 0.0, "Total Cost": 153468.6, "Plan Rows": 173, "Plan Width": 4, "Actual Min Startup Time": 70.006, "Actual Max Startup Time": 70.006, "Actual Min Total Time": 165.071, "Actual Max Total Time": 165.071, "Plans": [{"Node Type": "Index Scan", "Parent Relationship": "Outer", "Scan Direction": "Forward", "Index Name": "name_pkey", "Relation Name": "name", "Alias": "n", "Startup Cost": 0.0, "Total Cost": 153464.87, "Plan Rows": 173, "Plan Width": 4, "Actual Min Startup Time": 39.742, "Actual Max Startup Time": 299.64, "Actual Min Total Time": 272.13, "Actual Max Total Time": 304.338, "Filter": "(((name)::text ~~ '%Tim%'::text) AND ((gender)::text = 'm'::text))", "Rows Removed by Filter": 4158428, "Actual Rows": 9062}], "Actual Rows": 9062}, {"Node Type": "Index Scan", "Parent Relationship": "Inner", "Scan Direction": "Forward", "Index Name": "person_id_cast_info", "Relation Name": "cast_info", "Alias": "ci", "Startup Cost": 0.0, "Total Cost": 43.0, "Plan Rows": 2, "Plan Width": 8, "Actual Min Startup Time": 104.11, "Actual Max Startup Time": 104.11, "Actual Min Total Time": 123.266, "Actual Max Total Time": 123.266, "Index Cond": "(person_id = n.id)", "Rows Removed by Index Recheck": 0, "Filter": "((note)::text = ANY ('{(producer),\"(executive producer)\"}'::text[]))", "Rows Removed by Filter": 89309, "Actual Rows": 6719}], "Actual Rows": 6719}, {"Node Type": "Index Scan", "Parent Relationship": "Inner", "Scan Direction": "Forward", "Index Name": "movie_id_movie_info_idx", "Relation Name": "movie_info_idx", "Alias": "mi_idx", "Startup Cost": 0.0, "Total Cost": 0.31, "Plan Rows": 2, "Plan Width": 13, "Actual Min Startup Time": 28.123, "Actual Max Startup Time": 28.123, "Actual Min Total Time": 32.253, "Actual Max Total Time": 32.253, "Index Cond": "(movie_id = ci.movie_id)", "Rows Removed by Index Recheck": 0, "Actual Rows": 10310}], "Actual Rows": 10310}], "Actual Rows": 10311}], "Actual Rows": 3435}, {"Node Type": "Index Scan", "Parent Relationship": "Inner", "Scan Direction": "Forward", "Index Name": "movie_id_movie_info", "Relation Name": "movie_info", "Alias": "mi", "Startup Cost": 0.0, "Total Cost": 0.7, "Plan Rows": 5, "Plan Width": 50, "Actual Min Startup Time": 21.885, "Actual Max Startup Time": 21.885, "Actual Min Total Time": 88.131, "Actual Max Total Time": 88.131, "Index Cond": "(movie_id = ci.movie_id)", "Rows Removed by Index Recheck": 0, "Actual Rows": 82408}], "Actual Rows": 82408}], "Actual Rows": 410}, {"Node Type": "Index Scan", "Parent Relationship": "Inner", "Scan Direction": "Forward", "Index Name": "title_pkey", "Relation Name": "title", "Alias": "t", "Startup Cost": 0.0, "Total Cost": 0.28, "Plan Rows": 1, "Plan Width": 21, "Actual Min Startup Time": 3.252, "Actual Max Startup Time": 3.252, "Actual Min Total Time": 3.252, "Actual Max Total Time": 3.252, "Index Cond": "(id = mi.movie_id)", "Rows Removed by Index Recheck": 0, "Actual Rows": 410}], "Actual Rows": 410}], "Actual Rows": 1}, "Triggers": [], "Planner Runtime": 49.928, "Total Runtime": 479.326, "Unique SQL Id": 4264520866}}, "(16, '22')": {"explain_plan": {"Plan": {"Node Type": "Aggregate", "Strategy": "Plain", "Startup Cost": 36787.5, "Total Cost": 36787.51, "Plan Rows": 1, "Plan Width": 160, "Plans": [{"Node Type": "Nested Loop", "Parent Relationship": "Outer", "Join Type": "Inner", "Startup Cost": 5.3, "Total Cost": 36787.44, "Plan Rows": 8, "Plan Width": 64, "Inner Unique": true, "Plans": [{"Node Type": "Nested Loop", "Parent Relationship": "Outer", "Join Type": "Inner", "Startup Cost": 5.04, "Total Cost": 36748.9, "Plan Rows": 9, "Plan Width": 59, "Inner Unique": false, "Join Filter": "(mi_idx.info_type_id = it2.id)", "Plans": [{"Node Type": "Seq Scan", "Parent Relationship": "Outer", "Relation Name": "info_type", "Alias": "it2", "Startup Cost": 0.0, "Total Cost": 2.4, "Plan Rows": 1, "Plan Width": 4, "Filter": "((info)::text = 'votes'::text)"}, {"Node Type": "Nested Loop", "Parent Relationship": "Inner", "Join Type": "Inner", "Startup Cost": 5.04, "Total Cost": 36746.07, "Plan Rows": 34, "Plan Width": 63, "Inner Unique": false, "Plans": [{"Node Type": "Nested Loop", "Parent Relationship": "Outer", "Join Type": "Inner", "Startup Cost": 4.77, "Total Cost": 36651.22, "Plan Rows": 22, "Plan Width": 50, "Inner Unique": false, "Join Filter": "(mi.info_type_id = it1.id)", "Plans": [{"Node Type": "Seq Scan", "Parent Relationship": "Outer", "Relation Name": "info_type", "Alias": "it1", "Startup Cost": 0.0, "Total Cost": 2.4, "Plan Rows": 1, "Plan Width": 4, "Filter": "((info)::text = 'budget'::text)"}, {"Node Type": "Materialize", "Parent Relationship": "Inner", "Startup Cost": 4.77, "Total Cost": 36633.21, "Plan Rows": 1561, "Plan Width": 54, "Plans": [{"Node Type": "Nested Loop", "Parent Relationship": "Outer", "Join Type": "Inner", "Startup Cost": 4.77, "Total Cost": 36629.3, "Plan Rows": 1561, "Plan Width": 54, "Inner Unique": false, "Plans": [{"Node Type": "Nested Loop", "Parent Relationship": "Outer", "Join Type": "Inner", "Startup Cost": 4.39, "Total Cost": 35306.9, "Plan Rows": 294, "Plan Width": 4, "Inner Unique": false, "Plans": [{"Node Type": "Streaming(type: LOCAL GATHER dop: 1/16)", "Parent Relationship": "Outer", "Startup Cost": 0.0, "Total Cost": 22123.07, "Plan Rows": 173, "Plan Width": 4, "Plans": [{"Node Type": "Seq Scan", "Parent Relationship": "Outer", "Relation Name": "name", "Alias": "n", "Startup Cost": 0.0, "Total Cost": 22119.33, "Plan Rows": 173, "Plan Width": 4, "Filter": "(((name)::text ~~ '%Tim%'::text) AND ((gender)::text = 'm'::text))"}]}, {"Node Type": "Bitmap Heap Scan", "Parent Relationship": "Inner", "Relation Name": "cast_info", "Alias": "ci", "Startup Cost": 4.39, "Total Cost": 76.19, "Plan Rows": 2, "Plan Width": 8, "Recheck Cond": "(person_id = n.id)", "Filter": "((note)::text = ANY ('{(producer),\"(executive producer)\"}'::text[]))", "Plans": [{"Node Type": "Bitmap Index Scan", "Parent Relationship": "Outer", "Index Name": "person_id_cast_info", "Startup Cost": 0.0, "Total Cost": 4.38, "Plan Rows": 18, "Plan Width": 0, "Index Cond": "(person_id = n.id)"}]}]}, {"Node Type": "Bitmap Heap Scan", "Parent Relationship": "Inner", "Relation Name": "movie_info", "Alias": "mi", "Startup Cost": 0.39, "Total Cost": 4.45, "Plan Rows": 5, "Plan Width": 50, "Recheck Cond": "(movie_id = ci.movie_id)", "Plans": [{"Node Type": "Bitmap Index Scan", "Parent Relationship": "Outer", "Index Name": "movie_id_movie_info", "Startup Cost": 0.0, "Total Cost": 0.38, "Plan Rows": 5, "Plan Width": 0, "Index Cond": "(movie_id = ci.movie_id)"}]}]}]}]}, {"Node Type": "Bitmap Heap Scan", "Parent Relationship": "Inner", "Relation Name": "movie_info_idx", "Alias": "mi_idx", "Startup Cost": 0.27, "Total Cost": 4.29, "Plan Rows": 2, "Plan Width": 13, "Recheck Cond": "(movie_id = mi.movie_id)", "Plans": [{"Node Type": "Bitmap Index Scan", "Parent Relationship": "Outer", "Index Name": "movie_id_movie_info_idx", "Startup Cost": 0.0, "Total Cost": 0.27, "Plan Rows": 2, "Plan Width": 0, "Index Cond": "(movie_id = mi.movie_id)"}]}]}]}, {"Node Type": "Bitmap Heap Scan", "Parent Relationship": "Inner", "Relation Name": "title", "Alias": "t", "Startup Cost": 0.26, "Total Cost": 4.27, "Plan Rows": 1, "Plan Width": 21, "Recheck Cond": "(id = mi.movie_id)", "Plans": [{"Node Type": "Bitmap Index Scan", "Parent Relationship": "Outer", "Index Name": "title_pkey", "Startup Cost": 0.0, "Total Cost": 0.26, "Plan Rows": 1, "Plan Width": 0, "Index Cond": "(id = mi.movie_id)"}]}]}]}, "Unique SQL Id": 4264520866, "Planner Runtime": 32}, "explain_analyze_plan": {"Plan": {"Node Type": "Aggregate", "Strategy": "Plain", "Startup Cost": 36787.5, "Total Cost": 36787.51, "Plan Rows": 1, "Plan Width": 160, "Actual Min Startup Time": 475.224, "Actual Max Startup Time": 475.224, "Actual Min Total Time": 475.225, "Actual Max Total Time": 475.225, "Plans": [{"Node Type": "Nested Loop", "Parent Relationship": "Outer", "Join Type": "Inner", "Startup Cost": 5.3, "Total Cost": 36787.44, "Plan Rows": 8, "Plan Width": 64, "Actual Min Startup Time": 425.326, "Actual Max Startup Time": 425.326, "Actual Min Total Time": 474.758, "Actual Max Total Time": 474.758, "Inner Unique": true, "Plans": [{"Node Type": "Nested Loop", "Parent Relationship": "Outer", "Join Type": "Inner", "Startup Cost": 5.04, "Total Cost": 36748.9, "Plan Rows": 9, "Plan Width": 59, "Actual Min Startup Time": 425.302, "Actual Max Startup Time": 425.302, "Actual Min Total Time": 470.521, "Actual Max Total Time": 470.521, "Inner Unique": false, "Join Filter": "(mi_idx.info_type_id = it2.id)", "Rows Removed by Join Filter": 825, "Plans": [{"Node Type": "Seq Scan", "Parent Relationship": "Outer", "Relation Name": "info_type", "Alias": "it2", "Startup Cost": 0.0, "Total Cost": 2.4, "Plan Rows": 1, "Plan Width": 4, "Actual Min Startup Time": 0.066, "Actual Max Startup Time": 0.066, "Actual Min Total Time": 0.074, "Actual Max Total Time": 0.074, "Filter": "((info)::text = 'votes'::text)", "Rows Removed by Filter": 111, "Actual Rows": 1}, {"Node Type": "Nested Loop", "Parent Relationship": "Inner", "Join Type": "Inner", "Startup Cost": 5.04, "Total Cost": 36746.07, "Plan Rows": 34, "Plan Width": 63, "Actual Min Startup Time": 425.224, "Actual Max Startup Time": 425.224, "Actual Min Total Time": 468.026, "Actual Max Total Time": 468.026, "Inner Unique": false, "Plans": [{"Node Type": "Nested Loop", "Parent Relationship": "Outer", "Join Type": "Inner", "Startup Cost": 4.77, "Total Cost": 36651.22, "Plan Rows": 22, "Plan Width": 50, "Actual Min Startup Time": 425.066, "Actual Max Startup Time": 425.066, "Actual Min Total Time": 461.217, "Actual Max Total Time": 461.217, "Inner Unique": false, "Join Filter": "(mi.info_type_id = it1.id)", "Rows Removed by Join Filter": 95197, "Plans": [{"Node Type": "Seq Scan", "Parent Relationship": "Outer", "Relation Name": "info_type", "Alias": "it1", "Startup Cost": 0.0, "Total Cost": 2.4, "Plan Rows": 1, "Plan Width": 4, "Actual Min Startup Time": 0.063, "Actual Max Startup Time": 0.063, "Actual Min Total Time": 0.073, "Actual Max Total Time": 0.073, "Filter": "((info)::text = 'budget'::text)", "Rows Removed by Filter": 111, "Actual Rows": 1}, {"Node Type": "Materialize", "Parent Relationship": "Inner", "Startup Cost": 4.77, "Total Cost": 36633.21, "Plan Rows": 1561, "Plan Width": 54, "Actual Min Startup Time": 424.99, "Actual Max Startup Time": 424.99, "Actual Min Total Time": 436.933, "Actual Max Total Time": 436.933, "Plans": [{"Node Type": "Nested Loop", "Parent Relationship": "Outer", "Join Type": "Inner", "Startup Cost": 4.77, "Total Cost": 36629.3, "Plan Rows": 1561, "Plan Width": 54, "Actual Min Startup Time": 21.711, "Actual Max Startup Time": 21.711, "Actual Min Total Time": 398.082, "Actual Max Total Time": 398.082, "Inner Unique": false, "Plans": [{"Node Type": "Nested Loop", "Parent Relationship": "Outer", "Join Type": "Inner", "Startup Cost": 4.39, "Total Cost": 35306.9, "Plan Rows": 294, "Plan Width": 4, "Actual Min Startup Time": 21.681, "Actual Max Startup Time": 21.681, "Actual Min Total Time": 223.32, "Actual Max Total Time": 223.32, "Inner Unique": false, "Plans": [{"Node Type": "Streaming(type: LOCAL GATHER dop: 1/16)", "Parent Relationship": "Outer", "Startup Cost": 0.0, "Total Cost": 22123.07, "Plan Rows": 173, "Plan Width": 4, "Actual Min Startup Time": 21.308, "Actual Max Startup Time": 21.308, "Actual Min Total Time": 74.431, "Actual Max Total Time": 74.431, "Plans": [{"Node Type": "Seq Scan", "Parent Relationship": "Outer", "Relation Name": "name", "Alias": "n", "Startup Cost": 0.0, "Total Cost": 22119.33, "Plan Rows": 173, "Plan Width": 4, "Actual Min Startup Time": 0.034, "Actual Max Startup Time": 0.856, "Actual Min Total Time": 101.868, "Actual Max Total Time": 105.961, "Filter": "(((name)::text ~~ '%Tim%'::text) AND ((gender)::text = 'm'::text))", "Rows Removed by Filter": 4158428, "Actual Rows": 9062}], "Actual Rows": 9062}, {"Node Type": "Bitmap Heap Scan", "Parent Relationship": "Inner", "Relation Name": "cast_info", "Alias": "ci", "Startup Cost": 4.39, "Total Cost": 76.19, "Plan Rows": 2, "Plan Width": 8, "Actual Min Startup Time": 120.205, "Actual Max Startup Time": 120.205, "Actual Min Total Time": 136.373, "Actual Max Total Time": 136.373, "Recheck Cond": "(person_id = n.id)", "Rows Removed by Index Recheck": 0, "Filter": "((note)::text = ANY ('{(producer),\"(executive producer)\"}'::text[]))", "Rows Removed by Filter": 89309, "Exact Heap Blocks": 13336, "Lossy Heap Blocks": 13336, "Plans": [{"Node Type": "Bitmap Index Scan", "Parent Relationship": "Outer", "Index Name": "person_id_cast_info", "Startup Cost": 0.0, "Total Cost": 4.38, "Plan Rows": 18, "Plan Width": 0, "Actual Min Startup Time": 50.638, "Actual Max Startup Time": 50.638, "Actual Min Total Time": 50.638, "Actual Max Total Time": 50.638, "Index Cond": "(person_id = n.id)", "Actual Rows": 96028}], "Actual Rows": 6719}], "Actual Rows": 6719}, {"Node Type": "Bitmap Heap Scan", "Parent Relationship": "Inner", "Relation Name": "movie_info", "Alias": "mi", "Startup Cost": 0.39, "Total Cost": 4.45, "Plan Rows": 5, "Plan Width": 50, "Actual Min Startup Time": 62.715, "Actual Max Startup Time": 62.715, "Actual Min Total Time": 146.56, "Actual Max Total Time": 146.56, "Recheck Cond": "(movie_id = ci.movie_id)", "Rows Removed by Index Recheck": 0, "Exact Heap Blocks": 40013, "Lossy Heap Blocks": 40013, "Plans": [{"Node Type": "Bitmap Index Scan", "Parent Relationship": "Outer", "Index Name": "movie_id_movie_info", "Startup Cost": 0.0, "Total Cost": 0.38, "Plan Rows": 5, "Plan Width": 0, "Actual Min Startup Time": 43.75, "Actual Max Startup Time": 43.75, "Actual Min Total Time": 43.75, "Actual Max Total Time": 43.75, "Index Cond": "(movie_id = ci.movie_id)", "Actual Rows": 95896}], "Actual Rows": 95896}], "Actual Rows": 95896}], "Actual Rows": 95897}], "Actual Rows": 699}, {"Node Type": "Bitmap Heap Scan", "Parent Relationship": "Inner", "Relation Name": "movie_info_idx", "Alias": "mi_idx", "Startup Cost": 0.27, "Total Cost": 4.29, "Plan Rows": 2, "Plan Width": 13, "Actual Min Startup Time": 5.496, "Actual Max Startup Time": 5.496, "Actual Min Total Time": 5.692, "Actual Max Total Time": 5.692, "Recheck Cond": "(movie_id = mi.movie_id)", "Rows Removed by Index Recheck": 0, "Exact Heap Blocks": 419, "Lossy Heap Blocks": 419, "Plans": [{"Node Type": "Bitmap Index Scan", "Parent Relationship": "Outer", "Index Name": "movie_id_movie_info_idx", "Startup Cost": 0.0, "Total Cost": 0.27, "Plan Rows": 2, "Plan Width": 0, "Actual Min Startup Time": 3.946, "Actual Max Startup Time": 3.946, "Actual Min Total Time": 3.946, "Actual Max Total Time": 3.946, "Index Cond": "(movie_id = mi.movie_id)", "Actual Rows": 1235}], "Actual Rows": 1235}], "Actual Rows": 1235}], "Actual Rows": 410}, {"Node Type": "Bitmap Heap Scan", "Parent Relationship": "Inner", "Relation Name": "title", "Alias": "t", "Startup Cost": 0.26, "Total Cost": 4.27, "Plan Rows": 1, "Plan Width": 21, "Actual Min Startup Time": 3.641, "Actual Max Startup Time": 3.641, "Actual Min Total Time": 3.641, "Actual Max Total Time": 3.641, "Recheck Cond": "(id = mi.movie_id)", "Rows Removed by Index Recheck": 0, "Exact Heap Blocks": 410, "Lossy Heap Blocks": 410, "Plans": [{"Node Type": "Bitmap Index Scan", "Parent Relationship": "Outer", "Index Name": "title_pkey", "Startup Cost": 0.0, "Total Cost": 0.26, "Plan Rows": 1, "Plan Width": 0, "Actual Min Startup Time": 2.266, "Actual Max Startup Time": 2.266, "Actual Min Total Time": 2.266, "Actual Max Total Time": 2.266, "Index Cond": "(id = mi.movie_id)", "Actual Rows": 410}], "Actual Rows": 410}], "Actual Rows": 410}], "Actual Rows": 1}, "Triggers": [], "Planner Runtime": 32.602, "Total Runtime": 478.313, "Unique SQL Id": 4264520866}}, "(16, '23')": {"explain_plan": {"Plan": {"Node Type": "Aggregate", "Strategy": "Plain", "Startup Cost": 212364.75, "Total Cost": 212364.76, "Plan Rows": 1, "Plan Width": 160, "Plans": [{"Node Type": "Nested Loop", "Parent Relationship": "Outer", "Join Type": "Inner", "Startup Cost": 83172.11, "Total Cost": 212364.68, "Plan Rows": 9, "Plan Width": 64, "Inner Unique": true, "Plans": [{"Node Type": "Nested Loop", "Parent Relationship": "Outer", "Join Type": "Inner", "Startup Cost": 83171.85, "Total Cost": 212326.13, "Plan Rows": 9, "Plan Width": 59, "Inner Unique": true, "Plans": [{"Node Type": "Nested Loop", "Parent Relationship": "Outer", "Join Type": "Inner", "Startup Cost": 83171.59, "Total Cost": 212180.52, "Plan Rows": 34, "Plan Width": 63, "Inner Unique": false, "Plans": [{"Node Type": "Nested Loop", "Parent Relationship": "Outer", "Join Type": "Inner", "Startup Cost": 83171.32, "Total Cost": 211607.05, "Plan Rows": 133, "Plan Width": 50, "Inner Unique": false, "Join Filter": "(mi.info_type_id = it1.id)", "Plans": [{"Node Type": "Bitmap Heap Scan", "Parent Relationship": "Outer", "Relation Name": "info_type", "Alias": "it1", "Startup Cost": 8.81, "Total Cost": 14.21, "Plan Rows": 1, "Plan Width": 4, "Filter": "((info)::text = 'budget'::text)", "Plans": [{"Node Type": "Bitmap Index Scan", "Parent Relationship": "Outer", "Index Name": "info_type_pkey", "Startup Cost": 0.0, "Total Cost": 8.81, "Plan Rows": 112, "Plan Width": 0}]}, {"Node Type": "Nested Loop", "Parent Relationship": "Inner", "Join Type": "Inner", "Startup Cost": 83162.51, "Total Cost": 211573.33, "Plan Rows": 1561, "Plan Width": 54, "Inner Unique": false, "Plans": [{"Node Type": "Nested Loop", "Parent Relationship": "Outer", "Join Type": "Inner", "Startup Cost": 83162.13, "Total Cost": 210250.93, "Plan Rows": 294, "Plan Width": 4, "Inner Unique": false, "Plans": [{"Node Type": "Bitmap Heap Scan", "Parent Relationship": "Outer", "Relation Name": "name", "Alias": "n", "Startup Cost": 83157.74, "Total Cost": 197067.09, "Plan Rows": 173, "Plan Width": 4, "Filter": "(((name)::text ~~ '%Tim%'::text) AND ((gender)::text = 'm'::text))", "Plans": [{"Node Type": "Bitmap Index Scan", "Parent Relationship": "Outer", "Index Name": "name_pkey", "Startup Cost": 0.0, "Total Cost": 83157.7, "Plan Rows": 4167490, "Plan Width": 0}]}, {"Node Type": "Bitmap Heap Scan", "Parent Relationship": "Inner", "Relation Name": "cast_info", "Alias": "ci", "Startup Cost": 4.39, "Total Cost": 76.19, "Plan Rows": 2, "Plan Width": 8, "Recheck Cond": "(person_id = n.id)", "Filter": "((note)::text = ANY ('{(producer),\"(executive producer)\"}'::text[]))", "Plans": [{"Node Type": "Bitmap Index Scan", "Parent Relationship": "Outer", "Index Name": "person_id_cast_info", "Startup Cost": 0.0, "Total Cost": 4.38, "Plan Rows": 18, "Plan Width": 0, "Index Cond": "(person_id = n.id)"}]}]}, {"Node Type": "Bitmap Heap Scan", "Parent Relationship": "Inner", "Relation Name": "movie_info", "Alias": "mi", "Startup Cost": 0.39, "Total Cost": 4.45, "Plan Rows": 5, "Plan Width": 50, "Recheck Cond": "(movie_id = ci.movie_id)", "Plans": [{"Node Type": "Bitmap Index Scan", "Parent Relationship": "Outer", "Index Name": "movie_id_movie_info", "Startup Cost": 0.0, "Total Cost": 0.38, "Plan Rows": 5, "Plan Width": 0, "Index Cond": "(movie_id = ci.movie_id)"}]}]}]}, {"Node Type": "Bitmap Heap Scan", "Parent Relationship": "Inner", "Relation Name": "movie_info_idx", "Alias": "mi_idx", "Startup Cost": 0.27, "Total Cost": 4.29, "Plan Rows": 2, "Plan Width": 13, "Recheck Cond": "(movie_id = mi.movie_id)", "Plans": [{"Node Type": "Bitmap Index Scan", "Parent Relationship": "Outer", "Index Name": "movie_id_movie_info_idx", "Startup Cost": 0.0, "Total Cost": 0.27, "Plan Rows": 2, "Plan Width": 0, "Index Cond": "(movie_id = mi.movie_id)"}]}]}, {"Node Type": "Bitmap Heap Scan", "Parent Relationship": "Inner", "Relation Name": "info_type", "Alias": "it2", "Startup Cost": 0.26, "Total Cost": 4.27, "Plan Rows": 1, "Plan Width": 4, "Recheck Cond": "(id = mi_idx.info_type_id)", "Filter": "((info)::text = 'votes'::text)", "Plans": [{"Node Type": "Bitmap Index Scan", "Parent Relationship": "Outer", "Index Name": "info_type_pkey", "Startup Cost": 0.0, "Total Cost": 0.26, "Plan Rows": 1, "Plan Width": 0, "Index Cond": "(id = mi_idx.info_type_id)"}]}]}, {"Node Type": "Bitmap Heap Scan", "Parent Relationship": "Inner", "Relation Name": "title", "Alias": "t", "Startup Cost": 0.26, "Total Cost": 4.27, "Plan Rows": 1, "Plan Width": 21, "Recheck Cond": "(id = mi.movie_id)", "Plans": [{"Node Type": "Bitmap Index Scan", "Parent Relationship": "Outer", "Index Name": "title_pkey", "Startup Cost": 0.0, "Total Cost": 0.26, "Plan Rows": 1, "Plan Width": 0, "Index Cond": "(id = mi.movie_id)"}]}]}]}, "Unique SQL Id": 4264520866, "Planner Runtime": 25}, "explain_analyze_plan": null}, "(16, '24')": {"explain_plan": {"Plan": {"Node Type": "Aggregate", "Strategy": "Plain", "Startup Cost": 29717.14, "Total Cost": 29717.15, "Plan Rows": 1, "Plan Width": 160, "Plans": [{"Node Type": "Nested Loop", "Parent Relationship": "Outer", "Join Type": "Inner", "Startup Cost": 0.0, "Total Cost": 29717.07, "Plan Rows": 9, "Plan Width": 64, "Inner Unique": true, "Plans": [{"Node Type": "Nested Loop", "Parent Relationship": "Outer", "Join Type": "Inner", "Startup Cost": 0.0, "Total Cost": 29714.44, "Plan Rows": 9, "Plan Width": 59, "Inner Unique": false, "Join Filter": "(mi.info_type_id = it1.id)", "Plans": [{"Node Type": "Seq Scan", "Parent Relationship": "Outer", "Relation Name": "info_type", "Alias": "it1", "Startup Cost": 0.0, "Total Cost": 2.4, "Plan Rows": 1, "Plan Width": 4, "Filter": "((info)::text = 'budget'::text)"}, {"Node Type": "Nested Loop", "Parent Relationship": "Inner", "Join Type": "Inner", "Startup Cost": 0.0, "Total Cost": 29708.55, "Plan Rows": 279, "Plan Width": 63, "Inner Unique": false, "Join Filter": "(mi_idx.movie_id = mi.movie_id)", "Plans": [{"Node Type": "Nested Loop", "Parent Relationship": "Outer", "Join Type": "Inner", "Startup Cost": 0.0, "Total Cost": 29668.95, "Plan Rows": 52, "Plan Width": 13, "Inner Unique": false, "Join Filter": "(mi_idx.info_type_id = it2.id)", "Plans": [{"Node Type": "Seq Scan", "Parent Relationship": "Outer", "Relation Name": "info_type", "Alias": "it2", "Startup Cost": 0.0, "Total Cost": 2.4, "Plan Rows": 1, "Plan Width": 4, "Filter": "((info)::text = 'votes'::text)"}, {"Node Type": "Materialize", "Parent Relationship": "Inner", "Startup Cost": 0.0, "Total Cost": 29663.09, "Plan Rows": 346, "Plan Width": 17, "Plans": [{"Node Type": "Nested Loop", "Parent Relationship": "Outer", "Join Type": "Inner", "Startup Cost": 0.0, "Total Cost": 29662.23, "Plan Rows": 346, "Plan Width": 17, "Inner Unique": false, "Plans": [{"Node Type": "Nested Loop", "Parent Relationship": "Outer", "Join Type": "Inner", "Startup Cost": 0.0, "Total Cost": 29565.43, "Plan Rows": 294, "Plan Width": 4, "Inner Unique": false, "Plans": [{"Node Type": "Streaming(type: LOCAL GATHER dop: 1/16)", "Parent Relationship": "Outer", "Startup Cost": 0.0, "Total Cost": 22123.07, "Plan Rows": 173, "Plan Width": 4, "Plans": [{"Node Type": "Seq Scan", "Parent Relationship": "Outer", "Relation Name": "name", "Alias": "n", "Startup Cost": 0.0, "Total Cost": 22119.33, "Plan Rows": 173, "Plan Width": 4, "Filter": "(((name)::text ~~ '%Tim%'::text) AND ((gender)::text = 'm'::text))"}]}, {"Node Type": "Index Scan", "Parent Relationship": "Inner", "Scan Direction": "Forward", "Index Name": "person_id_cast_info", "Relation Name": "cast_info", "Alias": "ci", "Startup Cost": 0.0, "Total Cost": 43.0, "Plan Rows": 2, "Plan Width": 8, "Index Cond": "(person_id = n.id)", "Filter": "((note)::text = ANY ('{(producer),\"(executive producer)\"}'::text[]))"}]}, {"Node Type": "Index Scan", "Parent Relationship": "Inner", "Scan Direction": "Forward", "Index Name": "movie_id_movie_info_idx", "Relation Name": "movie_info_idx", "Alias": "mi_idx", "Startup Cost": 0.0, "Total Cost": 0.31, "Plan Rows": 2, "Plan Width": 13, "Index Cond": "(movie_id = ci.movie_id)"}]}]}]}, {"Node Type": "Index Scan", "Parent Relationship": "Inner", "Scan Direction": "Forward", "Index Name": "movie_id_movie_info", "Relation Name": "movie_info", "Alias": "mi", "Startup Cost": 0.0, "Total Cost": 0.7, "Plan Rows": 5, "Plan Width": 50, "Index Cond": "(movie_id = ci.movie_id)"}]}]}, {"Node Type": "Index Scan", "Parent Relationship": "Inner", "Scan Direction": "Forward", "Index Name": "title_pkey", "Relation Name": "title", "Alias": "t", "Startup Cost": 0.0, "Total Cost": 0.28, "Plan Rows": 1, "Plan Width": 21, "Index Cond": "(id = mi.movie_id)"}]}]}, "Unique SQL Id": 4264520866, "Planner Runtime": 20}, "explain_analyze_plan": {"Plan": {"Node Type": "Aggregate", "Strategy": "Plain", "Startup Cost": 29717.14, "Total Cost": 29717.15, "Plan Rows": 1, "Plan Width": 160, "Actual Min Startup Time": 380.625, "Actual Max Startup Time": 380.625, "Actual Min Total Time": 380.625, "Actual Max Total Time": 380.625, "Plans": [{"Node Type": "Nested Loop", "Parent Relationship": "Outer", "Join Type": "Inner", "Startup Cost": 0.0, "Total Cost": 29717.07, "Plan Rows": 9, "Plan Width": 64, "Actual Min Startup Time": 240.051, "Actual Max Startup Time": 240.051, "Actual Min Total Time": 380.152, "Actual Max Total Time": 380.152, "Inner Unique": true, "Plans": [{"Node Type": "Nested Loop", "Parent Relationship": "Outer", "Join Type": "Inner", "Startup Cost": 0.0, "Total Cost": 29714.44, "Plan Rows": 9, "Plan Width": 59, "Actual Min Startup Time": 240.033, "Actual Max Startup Time": 240.033, "Actual Min Total Time": 376.51, "Actual Max Total Time": 376.51, "Inner Unique": false, "Join Filter": "(mi.info_type_id = it1.id)", "Rows Removed by Join Filter": 81998, "Plans": [{"Node Type": "Seq Scan", "Parent Relationship": "Outer", "Relation Name": "info_type", "Alias": "it1", "Startup Cost": 0.0, "Total Cost": 2.4, "Plan Rows": 1, "Plan Width": 4, "Actual Min Startup Time": 0.08, "Actual Max Startup Time": 0.08, "Actual Min Total Time": 0.086, "Actual Max Total Time": 0.086, "Filter": "((info)::text = 'budget'::text)", "Rows Removed by Filter": 111, "Actual Rows": 1}, {"Node Type": "Nested Loop", "Parent Relationship": "Inner", "Join Type": "Inner", "Startup Cost": 0.0, "Total Cost": 29708.55, "Plan Rows": 279, "Plan Width": 63, "Actual Min Startup Time": 239.345, "Actual Max Startup Time": 239.345, "Actual Min Total Time": 360.344, "Actual Max Total Time": 360.344, "Inner Unique": false, "Join Filter": "(mi_idx.movie_id = mi.movie_id)", "Rows Removed by Join Filter": 0, "Plans": [{"Node Type": "Nested Loop", "Parent Relationship": "Outer", "Join Type": "Inner", "Startup Cost": 0.0, "Total Cost": 29668.95, "Plan Rows": 52, "Plan Width": 13, "Actual Min Startup Time": 239.315, "Actual Max Startup Time": 239.315, "Actual Min Total Time": 243.417, "Actual Max Total Time": 243.417, "Inner Unique": false, "Join Filter": "(mi_idx.info_type_id = it2.id)", "Rows Removed by Join Filter": 6875, "Plans": [{"Node Type": "Seq Scan", "Parent Relationship": "Outer", "Relation Name": "info_type", "Alias": "it2", "Startup Cost": 0.0, "Total Cost": 2.4, "Plan Rows": 1, "Plan Width": 4, "Actual Min Startup Time": 0.06, "Actual Max Startup Time": 0.06, "Actual Min Total Time": 0.074, "Actual Max Total Time": 0.074, "Filter": "((info)::text = 'votes'::text)", "Rows Removed by Filter": 111, "Actual Rows": 1}, {"Node Type": "Materialize", "Parent Relationship": "Inner", "Startup Cost": 0.0, "Total Cost": 29663.09, "Plan Rows": 346, "Plan Width": 17, "Actual Min Startup Time": 239.24, "Actual Max Startup Time": 239.24, "Actual Min Total Time": 240.455, "Actual Max Total Time": 240.455, "Plans": [{"Node Type": "Nested Loop", "Parent Relationship": "Outer", "Join Type": "Inner", "Startup Cost": 0.0, "Total Cost": 29662.23, "Plan Rows": 346, "Plan Width": 17, "Actual Min Startup Time": 20.447, "Actual Max Startup Time": 20.447, "Actual Min Total Time": 236.2, "Actual Max Total Time": 236.2, "Inner Unique": false, "Plans": [{"Node Type": "Nested Loop", "Parent Relationship": "Outer", "Join Type": "Inner", "Startup Cost": 0.0, "Total Cost": 29565.43, "Plan Rows": 294, "Plan Width": 4, "Actual Min Startup Time": 19.462, "Actual Max Startup Time": 19.462, "Actual Min Total Time": 199.319, "Actual Max Total Time": 199.319, "Inner Unique": false, "Plans": [{"Node Type": "Streaming(type: LOCAL GATHER dop: 1/16)", "Parent Relationship": "Outer", "Startup Cost": 0.0, "Total Cost": 22123.07, "Plan Rows": 173, "Plan Width": 4, "Actual Min Startup Time": 19.401, "Actual Max Startup Time": 19.401, "Actual Min Total Time": 68.854, "Actual Max Total Time": 68.854, "Plans": [{"Node Type": "Seq Scan", "Parent Relationship": "Outer", "Relation Name": "name", "Alias": "n", "Startup Cost": 0.0, "Total Cost": 22119.33, "Plan Rows": 173, "Plan Width": 4, "Actual Min Startup Time": 0.036, "Actual Max Startup Time": 0.846, "Actual Min Total Time": 101.954, "Actual Max Total Time": 106.122, "Filter": "(((name)::text ~~ '%Tim%'::text) AND ((gender)::text = 'm'::text))", "Rows Removed by Filter": 4158428, "Actual Rows": 9062}], "Actual Rows": 9062}, {"Node Type": "Index Scan", "Parent Relationship": "Inner", "Scan Direction": "Forward", "Index Name": "person_id_cast_info", "Relation Name": "cast_info", "Alias": "ci", "Startup Cost": 0.0, "Total Cost": 43.0, "Plan Rows": 2, "Plan Width": 8, "Actual Min Startup Time": 104.98, "Actual Max Startup Time": 104.98, "Actual Min Total Time": 124.256, "Actual Max Total Time": 124.256, "Index Cond": "(person_id = n.id)", "Rows Removed by Index Recheck": 0, "Filter": "((note)::text = ANY ('{(producer),\"(executive producer)\"}'::text[]))", "Rows Removed by Filter": 89309, "Actual Rows": 6719}], "Actual Rows": 6719}, {"Node Type": "Index Scan", "Parent Relationship": "Inner", "Scan Direction": "Forward", "Index Name": "movie_id_movie_info_idx", "Relation Name": "movie_info_idx", "Alias": "mi_idx", "Startup Cost": 0.0, "Total Cost": 0.31, "Plan Rows": 2, "Plan Width": 13, "Actual Min Startup Time": 27.164, "Actual Max Startup Time": 27.164, "Actual Min Total Time": 31.127, "Actual Max Total Time": 31.127, "Index Cond": "(movie_id = ci.movie_id)", "Rows Removed by Index Recheck": 0, "Actual Rows": 10310}], "Actual Rows": 10310}], "Actual Rows": 10311}], "Actual Rows": 3435}, {"Node Type": "Index Scan", "Parent Relationship": "Inner", "Scan Direction": "Forward", "Index Name": "movie_id_movie_info", "Relation Name": "movie_info", "Alias": "mi", "Startup Cost": 0.0, "Total Cost": 0.7, "Plan Rows": 5, "Plan Width": 50, "Actual Min Startup Time": 21.845, "Actual Max Startup Time": 21.845, "Actual Min Total Time": 88.077, "Actual Max Total Time": 88.077, "Index Cond": "(movie_id = ci.movie_id)", "Rows Removed by Index Recheck": 0, "Actual Rows": 82408}], "Actual Rows": 82408}], "Actual Rows": 410}, {"Node Type": "Index Scan", "Parent Relationship": "Inner", "Scan Direction": "Forward", "Index Name": "title_pkey", "Relation Name": "title", "Alias": "t", "Startup Cost": 0.0, "Total Cost": 0.28, "Plan Rows": 1, "Plan Width": 21, "Actual Min Startup Time": 3.284, "Actual Max Startup Time": 3.284, "Actual Min Total Time": 3.284, "Actual Max Total Time": 3.284, "Index Cond": "(id = mi.movie_id)", "Rows Removed by Index Recheck": 0, "Actual Rows": 410}], "Actual Rows": 410}], "Actual Rows": 1}, "Triggers": [], "Planner Runtime": 22.257, "Total Runtime": 383.381, "Unique SQL Id": 4264520866}}, "(16, '25')": {"explain_plan": {"Plan": {"Node Type": "Aggregate", "Strategy": "Plain", "Startup Cost": 161086.29, "Total Cost": 161086.3, "Plan Rows": 1, "Plan Width": 160, "Plans": [{"Node Type": "Nested Loop", "Parent Relationship": "Outer", "Join Type": "Inner", "Startup Cost": 0.0, "Total Cost": 161086.22, "Plan Rows": 9, "Plan Width": 64, "Inner Unique": true, "Plans": [{"Node Type": "Nested Loop", "Parent Relationship": "Outer", "Join Type": "Inner", "Startup Cost": 0.0, "Total Cost": 161083.6, "Plan Rows": 9, "Plan Width": 59, "Inner Unique": false, "Join Filter": "(mi.info_type_id = it1.id)", "Plans": [{"Node Type": "Index Scan", "Parent Relationship": "Outer", "Scan Direction": "Forward", "Index Name": "info_type_pkey", "Relation Name": "info_type", "Alias": "it1", "Startup Cost": 0.0, "Total Cost": 14.21, "Plan Rows": 1, "Plan Width": 4, "Filter": "((info)::text = 'budget'::text)"}, {"Node Type": "Nested Loop", "Parent Relationship": "Inner", "Join Type": "Inner", "Startup Cost": 0.0, "Total Cost": 161065.9, "Plan Rows": 279, "Plan Width": 63, "Inner Unique": false, "Join Filter": "(mi_idx.movie_id = mi.movie_id)", "Plans": [{"Node Type": "Nested Loop", "Parent Relationship": "Outer", "Join Type": "Inner", "Startup Cost": 0.0, "Total Cost": 161026.3, "Plan Rows": 52, "Plan Width": 13, "Inner Unique": false, "Join Filter": "(mi_idx.info_type_id = it2.id)", "Plans": [{"Node Type": "Index Scan", "Parent Relationship": "Outer", "Scan Direction": "Forward", "Index Name": "info_type_pkey", "Relation Name": "info_type", "Alias": "it2", "Startup Cost": 0.0, "Total Cost": 14.21, "Plan Rows": 1, "Plan Width": 4, "Filter": "((info)::text = 'votes'::text)"}, {"Node Type": "Materialize", "Parent Relationship": "Inner", "Startup Cost": 0.0, "Total Cost": 161008.63, "Plan Rows": 346, "Plan Width": 17, "Plans": [{"Node Type": "Nested Loop", "Parent Relationship": "Outer", "Join Type": "Inner", "Startup Cost": 0.0, "Total Cost": 161007.76, "Plan Rows": 346, "Plan Width": 17, "Inner Unique": false, "Plans": [{"Node Type": "Nested Loop", "Parent Relationship": "Outer", "Join Type": "Inner", "Startup Cost": 0.0, "Total Cost": 160910.97, "Plan Rows": 294, "Plan Width": 4, "Inner Unique": false, "Plans": [{"Node Type": "Streaming(type: LOCAL GATHER dop: 1/16)", "Parent Relationship": "Outer", "Startup Cost": 0.0, "Total Cost": 153468.6, "Plan Rows": 173, "Plan Width": 4, "Plans": [{"Node Type": "Index Scan", "Parent Relationship": "Outer", "Scan Direction": "Forward", "Index Name": "name_pkey", "Relation Name": "name", "Alias": "n", "Startup Cost": 0.0, "Total Cost": 153464.87, "Plan Rows": 173, "Plan Width": 4, "Filter": "(((name)::text ~~ '%Tim%'::text) AND ((gender)::text = 'm'::text))"}]}, {"Node Type": "Index Scan", "Parent Relationship": "Inner", "Scan Direction": "Forward", "Index Name": "person_id_cast_info", "Relation Name": "cast_info", "Alias": "ci", "Startup Cost": 0.0, "Total Cost": 43.0, "Plan Rows": 2, "Plan Width": 8, "Index Cond": "(person_id = n.id)", "Filter": "((note)::text = ANY ('{(producer),\"(executive producer)\"}'::text[]))"}]}, {"Node Type": "Index Scan", "Parent Relationship": "Inner", "Scan Direction": "Forward", "Index Name": "movie_id_movie_info_idx", "Relation Name": "movie_info_idx", "Alias": "mi_idx", "Startup Cost": 0.0, "Total Cost": 0.31, "Plan Rows": 2, "Plan Width": 13, "Index Cond": "(movie_id = ci.movie_id)"}]}]}]}, {"Node Type": "Index Scan", "Parent Relationship": "Inner", "Scan Direction": "Forward", "Index Name": "movie_id_movie_info", "Relation Name": "movie_info", "Alias": "mi", "Startup Cost": 0.0, "Total Cost": 0.7, "Plan Rows": 5, "Plan Width": 50, "Index Cond": "(movie_id = ci.movie_id)"}]}]}, {"Node Type": "Index Scan", "Parent Relationship": "Inner", "Scan Direction": "Forward", "Index Name": "title_pkey", "Relation Name": "title", "Alias": "t", "Startup Cost": 0.0, "Total Cost": 0.28, "Plan Rows": 1, "Plan Width": 21, "Index Cond": "(id = mi.movie_id)"}]}]}, "Unique SQL Id": 4264520866, "Planner Runtime": 24}, "explain_analyze_plan": {"Plan": {"Node Type": "Aggregate", "Strategy": "Plain", "Startup Cost": 161086.29, "Total Cost": 161086.3, "Plan Rows": 1, "Plan Width": 160, "Actual Min Startup Time": 476.62, "Actual Max Startup Time": 476.62, "Actual Min Total Time": 476.62, "Actual Max Total Time": 476.62, "Plans": [{"Node Type": "Nested Loop", "Parent Relationship": "Outer", "Join Type": "Inner", "Startup Cost": 0.0, "Total Cost": 161086.22, "Plan Rows": 9, "Plan Width": 64, "Actual Min Startup Time": 335.708, "Actual Max Startup Time": 335.708, "Actual Min Total Time": 476.138, "Actual Max Total Time": 476.138, "Inner Unique": true, "Plans": [{"Node Type": "Nested Loop", "Parent Relationship": "Outer", "Join Type": "Inner", "Startup Cost": 0.0, "Total Cost": 161083.6, "Plan Rows": 9, "Plan Width": 59, "Actual Min Startup Time": 335.689, "Actual Max Startup Time": 335.689, "Actual Min Total Time": 472.481, "Actual Max Total Time": 472.481, "Inner Unique": false, "Join Filter": "(mi.info_type_id = it1.id)", "Rows Removed by Join Filter": 81998, "Plans": [{"Node Type": "Index Scan", "Parent Relationship": "Outer", "Scan Direction": "Forward", "Index Name": "info_type_pkey", "Relation Name": "info_type", "Alias": "it1", "Startup Cost": 0.0, "Total Cost": 14.21, "Plan Rows": 1, "Plan Width": 4, "Actual Min Startup Time": 0.084, "Actual Max Startup Time": 0.084, "Actual Min Total Time": 0.09, "Actual Max Total Time": 0.09, "Filter": "((info)::text = 'budget'::text)", "Rows Removed by Filter": 111, "Actual Rows": 1}, {"Node Type": "Nested Loop", "Parent Relationship": "Inner", "Join Type": "Inner", "Startup Cost": 0.0, "Total Cost": 161065.9, "Plan Rows": 279, "Plan Width": 63, "Actual Min Startup Time": 335.581, "Actual Max Startup Time": 335.581, "Actual Min Total Time": 456.706, "Actual Max Total Time": 456.706, "Inner Unique": false, "Join Filter": "(mi_idx.movie_id = mi.movie_id)", "Rows Removed by Join Filter": 0, "Plans": [{"Node Type": "Nested Loop", "Parent Relationship": "Outer", "Join Type": "Inner", "Startup Cost": 0.0, "Total Cost": 161026.3, "Plan Rows": 52, "Plan Width": 13, "Actual Min Startup Time": 335.557, "Actual Max Startup Time": 335.557, "Actual Min Total Time": 339.703, "Actual Max Total Time": 339.703, "Inner Unique": false, "Join Filter": "(mi_idx.info_type_id = it2.id)", "Rows Removed by Join Filter": 6875, "Plans": [{"Node Type": "Index Scan", "Parent Relationship": "Outer", "Scan Direction": "Forward", "Index Name": "info_type_pkey", "Relation Name": "info_type", "Alias": "it2", "Startup Cost": 0.0, "Total Cost": 14.21, "Plan Rows": 1, "Plan Width": 4, "Actual Min Startup Time": 0.071, "Actual Max Startup Time": 0.071, "Actual Min Total Time": 0.081, "Actual Max Total Time": 0.081, "Filter": "((info)::text = 'votes'::text)", "Rows Removed by Filter": 111, "Actual Rows": 1}, {"Node Type": "Materialize", "Parent Relationship": "Inner", "Startup Cost": 0.0, "Total Cost": 161008.63, "Plan Rows": 346, "Plan Width": 17, "Actual Min Startup Time": 335.472, "Actual Max Startup Time": 335.472, "Actual Min Total Time": 336.702, "Actual Max Total Time": 336.702, "Plans": [{"Node Type": "Nested Loop", "Parent Relationship": "Outer", "Join Type": "Inner", "Startup Cost": 0.0, "Total Cost": 161007.76, "Plan Rows": 346, "Plan Width": 17, "Actual Min Startup Time": 70.179, "Actual Max Startup Time": 70.179, "Actual Min Total Time": 332.484, "Actual Max Total Time": 332.484, "Inner Unique": false, "Plans": [{"Node Type": "Nested Loop", "Parent Relationship": "Outer", "Join Type": "Inner", "Startup Cost": 0.0, "Total Cost": 160910.97, "Plan Rows": 294, "Plan Width": 4, "Actual Min Startup Time": 70.149, "Actual Max Startup Time": 70.149, "Actual Min Total Time": 294.567, "Actual Max Total Time": 294.567, "Inner Unique": false, "Plans": [{"Node Type": "Streaming(type: LOCAL GATHER dop: 1/16)", "Parent Relationship": "Outer", "Startup Cost": 0.0, "Total Cost": 153468.6, "Plan Rows": 173, "Plan Width": 4, "Actual Min Startup Time": 70.006, "Actual Max Startup Time": 70.006, "Actual Min Total Time": 165.071, "Actual Max Total Time": 165.071, "Plans": [{"Node Type": "Index Scan", "Parent Relationship": "Outer", "Scan Direction": "Forward", "Index Name": "name_pkey", "Relation Name": "name", "Alias": "n", "Startup Cost": 0.0, "Total Cost": 153464.87, "Plan Rows": 173, "Plan Width": 4, "Actual Min Startup Time": 39.742, "Actual Max Startup Time": 299.64, "Actual Min Total Time": 272.13, "Actual Max Total Time": 304.338, "Filter": "(((name)::text ~~ '%Tim%'::text) AND ((gender)::text = 'm'::text))", "Rows Removed by Filter": 4158428, "Actual Rows": 9062}], "Actual Rows": 9062}, {"Node Type": "Index Scan", "Parent Relationship": "Inner", "Scan Direction": "Forward", "Index Name": "person_id_cast_info", "Relation Name": "cast_info", "Alias": "ci", "Startup Cost": 0.0, "Total Cost": 43.0, "Plan Rows": 2, "Plan Width": 8, "Actual Min Startup Time": 104.11, "Actual Max Startup Time": 104.11, "Actual Min Total Time": 123.266, "Actual Max Total Time": 123.266, "Index Cond": "(person_id = n.id)", "Rows Removed by Index Recheck": 0, "Filter": "((note)::text = ANY ('{(producer),\"(executive producer)\"}'::text[]))", "Rows Removed by Filter": 89309, "Actual Rows": 6719}], "Actual Rows": 6719}, {"Node Type": "Index Scan", "Parent Relationship": "Inner", "Scan Direction": "Forward", "Index Name": "movie_id_movie_info_idx", "Relation Name": "movie_info_idx", "Alias": "mi_idx", "Startup Cost": 0.0, "Total Cost": 0.31, "Plan Rows": 2, "Plan Width": 13, "Actual Min Startup Time": 28.123, "Actual Max Startup Time": 28.123, "Actual Min Total Time": 32.253, "Actual Max Total Time": 32.253, "Index Cond": "(movie_id = ci.movie_id)", "Rows Removed by Index Recheck": 0, "Actual Rows": 10310}], "Actual Rows": 10310}], "Actual Rows": 10311}], "Actual Rows": 3435}, {"Node Type": "Index Scan", "Parent Relationship": "Inner", "Scan Direction": "Forward", "Index Name": "movie_id_movie_info", "Relation Name": "movie_info", "Alias": "mi", "Startup Cost": 0.0, "Total Cost": 0.7, "Plan Rows": 5, "Plan Width": 50, "Actual Min Startup Time": 21.885, "Actual Max Startup Time": 21.885, "Actual Min Total Time": 88.131, "Actual Max Total Time": 88.131, "Index Cond": "(movie_id = ci.movie_id)", "Rows Removed by Index Recheck": 0, "Actual Rows": 82408}], "Actual Rows": 82408}], "Actual Rows": 410}, {"Node Type": "Index Scan", "Parent Relationship": "Inner", "Scan Direction": "Forward", "Index Name": "title_pkey", "Relation Name": "title", "Alias": "t", "Startup Cost": 0.0, "Total Cost": 0.28, "Plan Rows": 1, "Plan Width": 21, "Actual Min Startup Time": 3.252, "Actual Max Startup Time": 3.252, "Actual Min Total Time": 3.252, "Actual Max Total Time": 3.252, "Index Cond": "(id = mi.movie_id)", "Rows Removed by Index Recheck": 0, "Actual Rows": 410}], "Actual Rows": 410}], "Actual Rows": 1}, "Triggers": [], "Planner Runtime": 49.928, "Total Runtime": 479.326, "Unique SQL Id": 4264520866}}, "(16, '26')": {"explain_plan": {"Plan": {"Node Type": "Aggregate", "Strategy": "Plain", "Startup Cost": 346150.4, "Total Cost": 346150.43, "Plan Rows": 1, "Plan Width": 160, "Plans": [{"Node Type": "Streaming(type: LOCAL GATHER dop: 1/16)", "Parent Relationship": "Outer", "Startup Cost": 346150.4, "Total Cost": 346150.43, "Plan Rows": 1, "Plan Width": 160, "Plans": [{"Node Type": "Aggregate", "Strategy": "Plain", "Parent Relationship": "Outer", "Startup Cost": 346150.4, "Total Cost": 346150.41, "Plan Rows": 1, "Plan Width": 160, "Plans": [{"Node Type": "Nested Loop", "Parent Relationship": "Outer", "Join Type": "Inner", "Startup Cost": 0.0, "Total Cost": 346150.34, "Plan Rows": 8, "Plan Width": 64, "Inner Unique": false, "Join Filter": "(mi.movie_id = t.id)", "Plans": [{"Node Type": "Seq Scan", "Parent Relationship": "Outer", "Relation Name": "title", "Alias": "t", "Startup Cost": 0.0, "Total Cost": 18754.32, "Plan Rows": 2528311, "Plan Width": 21}, {"Node Type": "Materialize", "Parent Relationship": "Inner", "Startup Cost": 0.0, "Total Cost": 306063.41, "Plan Rows": 144, "Plan Width": 59, "Plans": [{"Node Type": "Streaming(type: BROADCAST dop: 16/1)", "Parent Relationship": "Outer", "Startup Cost": 0.0, "Total Cost": 306063.37, "Plan Rows": 144, "Plan Width": 59, "Plans": [{"Node Type": "Nested Loop", "Parent Relationship": "Outer", "Join Type": "Inner", "Startup Cost": 0.0, "Total Cost": 291060.26, "Plan Rows": 9, "Plan Width": 59, "Inner Unique": false, "Join Filter": "(mi_idx.info_type_id = it2.id)", "Plans": [{"Node Type": "Seq Scan", "Parent Relationship": "Outer", "Relation Name": "info_type", "Alias": "it2", "Startup Cost": 0.0, "Total Cost": 2.4, "Plan Rows": 1, "Plan Width": 4, "Filter": "((info)::text = 'votes'::text)"}, {"Node Type": "Materialize", "Parent Relationship": "Inner", "Startup Cost": 0.0, "Total Cost": 291057.52, "Plan Rows": 34, "Plan Width": 63, "Plans": [{"Node Type": "Streaming(type: LOCAL GATHER dop: 1/16)", "Parent Relationship": "Outer", "Startup Cost": 0.0, "Total Cost": 291057.44, "Plan Rows": 34, "Plan Width": 63, "Plans": [{"Node Type": "Nested Loop", "Parent Relationship": "Outer", "Join Type": "Inner", "Startup Cost": 0.0, "Total Cost": 291056.7, "Plan Rows": 34, "Plan Width": 63, "Inner Unique": false, "Join Filter": "(mi.movie_id = mi_idx.movie_id)", "Plans": [{"Node Type": "Streaming(type: LOCAL REDISTRIBUTE dop: 16/16)", "Parent Relationship": "Outer", "Startup Cost": 0.0, "Total Cost": 36496.18, "Plan Rows": 1380034, "Plan Width": 13, "Plans": [{"Node Type": "Seq Scan", "Parent Relationship": "Outer", "Relation Name": "movie_info_idx", "Alias": "mi_idx", "Startup Cost": 0.0, "Total Cost": 16267.15, "Plan Rows": 1380034, "Plan Width": 13}]}, {"Node Type": "Materialize", "Parent Relationship": "Inner", "Startup Cost": 0.0, "Total Cost": 252781.58, "Plan Rows": 22, "Plan Width": 50, "Plans": [{"Node Type": "Streaming(type: LOCAL REDISTRIBUTE dop: 16/16)", "Parent Relationship": "Outer", "Startup Cost": 0.0, "Total Cost": 252781.57, "Plan Rows": 22, "Plan Width": 50, "Plans": [{"Node Type": "Nested Loop", "Parent Relationship": "Outer", "Join Type": "Inner", "Startup Cost": 0.0, "Total Cost": 237781.48, "Plan Rows": 22, "Plan Width": 50, "Inner Unique": false, "Join Filter": "(ci.movie_id = mi.movie_id)", "Plans": [{"Node Type": "Streaming(type: LOCAL REDISTRIBUTE dop: 16/16)", "Parent Relationship": "Outer", "Startup Cost": 0.0, "Total Cost": 75986.54, "Plan Rows": 212428, "Plan Width": 46, "Plans": [{"Node Type": "Nested Loop", "Parent Relationship": "Outer", "Join Type": "Inner", "Startup Cost": 0.0, "Total Cost": 60181.64, "Plan Rows": 212428, "Plan Width": 46, "Inner Unique": false, "Join Filter": "(it1.id = mi.info_type_id), (LLVM Optimized)", "Plans": [{"Node Type": "Streaming(type: BROADCAST dop: 16/1)", "Parent Relationship": "Outer", "Startup Cost": 0.0, "Total Cost": 15002.75, "Plan Rows": 16, "Plan Width": 4, "Plans": [{"Node Type": "Seq Scan", "Parent Relationship": "Outer", "Relation Name": "info_type", "Alias": "it1", "Startup Cost": 0.0, "Total Cost": 2.4, "Plan Rows": 1, "Plan Width": 4, "Filter": "((info)::text = 'budget'::text)"}]}, {"Node Type": "Seq Scan", "Parent Relationship": "Inner", "Relation Name": "movie_info", "Alias": "mi", "Startup Cost": 0.0, "Total Cost": 33561.73, "Plan Rows": 14869966, "Plan Width": 50}]}]}, {"Node Type": "Materialize", "Parent Relationship": "Inner", "Startup Cost": 0.0, "Total Cost": 158135.59, "Plan Rows": 294, "Plan Width": 4, "Plans": [{"Node Type": "Streaming(type: LOCAL REDISTRIBUTE dop: 16/16)", "Parent Relationship": "Outer", "Startup Cost": 0.0, "Total Cost": 158135.5, "Plan Rows": 294, "Plan Width": 4, "Plans": [{"Node Type": "Nested Loop", "Parent Relationship": "Outer", "Join Type": "Inner", "Startup Cost": 0.0, "Total Cost": 143134.38, "Plan Rows": 294, "Plan Width": 4, "Inner Unique": true, "Join Filter": "(ci.person_id = n.id)", "Plans": [{"Node Type": "Streaming(type: LOCAL REDISTRIBUTE dop: 16/16)", "Parent Relationship": "Outer", "Startup Cost": 0.0, "Total Cost": 82188.81, "Plan Rows": 2350421, "Plan Width": 8, "Plans": [{"Node Type": "Seq Scan", "Parent Relationship": "Outer", "Relation Name": "cast_info", "Alias": "ci", "Startup Cost": 0.0, "Total Cost": 58282.92, "Plan Rows": 2350421, "Plan Width": 8, "Filter": "((note)::text = ANY ('{(producer),\"(executive producer)\"}'::text[]))"}]}, {"Node Type": "Materialize", "Parent Relationship": "Inner", "Startup Cost": 0.0, "Total Cost": 37120.04, "Plan Rows": 173, "Plan Width": 4, "Plans": [{"Node Type": "Streaming(type: LOCAL REDISTRIBUTE dop: 16/16)", "Parent Relationship": "Outer", "Startup Cost": 0.0, "Total Cost": 37119.99, "Plan Rows": 173, "Plan Width": 4, "Plans": [{"Node Type": "Seq Scan", "Parent Relationship": "Outer", "Relation Name": "name", "Alias": "n", "Startup Cost": 0.0, "Total Cost": 22119.33, "Plan Rows": 173, "Plan Width": 4, "Filter": "(((name)::text ~~ '%Tim%'::text) AND ((gender)::text = 'm'::text))"}]}]}]}]}]}]}]}]}]}]}]}]}]}]}]}]}]}]}, "Unique SQL Id": 4264520866, "Planner Runtime": 15}, "explain_analyze_plan": null}, "(16, '27')": {"explain_plan": {"Plan": {"Node Type": "Aggregate", "Strategy": "Plain", "Startup Cost": 6977526256602.17, "Total Cost": 6977526256602.18, "Plan Rows": 1, "Plan Width": 160, "Plans": [{"Node Type": "Nested Loop", "Parent Relationship": "Outer", "Join Type": "Inner", "Startup Cost": 70031174542.45, "Total Cost": 6977526256601.78, "Plan Rows": 51, "Plan Width": 64, "Inner Unique": true, "Join Filter": "(mi.info_type_id = it1.id)", "Plans": [{"Node Type": "Nested Loop", "Parent Relationship": "Outer", "Join Type": "Inner", "Startup Cost": 60031174542.45, "Total Cost": 5977526255162.41, "Plan Rows": 1225, "Plan Width": 68, "Inner Unique": true, "Join Filter": "(mi_idx.info_type_id = it2.id)", "Plans": [{"Node Type": "Nested Loop", "Parent Relationship": "Outer", "Join Type": "Inner", "Startup Cost": 50031174542.45, "Total Cost": 4977526253713.56, "Plan Rows": 1856, "Plan Width": 72, "Inner Unique": false, "Join Filter": "(t.id = mi.movie_id)", "Plans": [{"Node Type": "Index Scan", "Parent Relationship": "Outer", "Scan Direction": "Forward", "Index Name": "info_type_id_movie_info", "Relation Name": "movie_info", "Alias": "mi", "Startup Cost": 10000000000.0, "Total Cost": 1000103683953.62, "Plan Rows": 14869966, "Plan Width": 50}, {"Node Type": "Materialize", "Parent Relationship": "Inner", "Startup Cost": 40031174542.45, "Total Cost": 3977345394637.27, "Plan Rows": 346, "Plan Width": 38, "Plans": [{"Node Type": "Nested Loop", "Parent Relationship": "Outer", "Join Type": "Inner", "Startup Cost": 40031174542.45, "Total Cost": 3977345394635.54, "Plan Rows": 346, "Plan Width": 38, "Inner Unique": true, "Join Filter": "(mi_idx.movie_id = t.id)", "Plans": [{"Node Type": "Nested Loop", "Parent Relationship": "Outer", "Join Type": "Inner", "Startup Cost": 30031174542.45, "Total Cost": 2977321254331.76, "Plan Rows": 346, "Plan Width": 17, "Inner Unique": false, "Join Filter": "(ci.movie_id = mi_idx.movie_id)", "Plans": [{"Node Type": "Index Scan", "Parent Relationship": "Outer", "Scan Direction": "Forward", "Index Name": "info_type_id_movie_info_idx", "Relation Name": "movie_info_idx", "Alias": "mi_idx", "Startup Cost": 10000000000.0, "Total Cost": 1000006370838.27, "Plan Rows": 1380034, "Plan Width": 13}, {"Node Type": "Materialize", "Parent Relationship": "Inner", "Startup Cost": 20031174542.45, "Total Cost": 1977308797544.29, "Plan Rows": 294, "Plan Width": 4, "Plans": [{"Node Type": "Merge Join", "Parent Relationship": "Outer", "Join Type": "Inner", "Startup Cost": 20031174542.45, "Total Cost": 1977308797542.82, "Plan Rows": 294, "Plan Width": 4, "Inner Unique": true, "Merge Cond": "(ci.person_id = n.id)", "Plans": [{"Node Type": "Index Scan", "Parent Relationship": "Outer", "Scan Direction": "Forward", "Index Name": "person_id_cast_info", "Relation Name": "cast_info", "Alias": "ci", "Startup Cost": 10000000000.0, "Total Cost": 1000179713706.71, "Plan Rows": 2350421, "Plan Width": 8, "Filter": "((note)::text = ANY ('{(producer),\"(executive producer)\"}'::text[]))"}, {"Node Type": "Materialize", "Parent Relationship": "Inner", "Startup Cost": 10000000000.0, "Total Cost": 1000019707020.14, "Plan Rows": 173, "Plan Width": 4, "Plans": [{"Node Type": "Index Scan", "Parent Relationship": "Outer", "Scan Direction": "Forward", "Index Name": "name_pkey", "Relation Name": "name", "Alias": "n", "Startup Cost": 10000000000.0, "Total Cost": 1000019707019.7, "Plan Rows": 173, "Plan Width": 4, "Filter": "(((name)::text ~~ '%Tim%'::text) AND ((gender)::text = 'm'::text))"}]}]}]}]}, {"Node Type": "Materialize", "Parent Relationship": "Inner", "Startup Cost": 10000000000.0, "Total Cost": 1000011024690.47, "Plan Rows": 2528311, "Plan Width": 21, "Plans": [{"Node Type": "Index Scan", "Parent Relationship": "Outer", "Scan Direction": "Forward", "Index Name": "title_pkey", "Relation Name": "title", "Alias": "t", "Startup Cost": 10000000000.0, "Total Cost": 1000011012048.91, "Plan Rows": 2528311, "Plan Width": 21}]}]}]}]}, {"Node Type": "Materialize", "Parent Relationship": "Inner", "Startup Cost": 10000000000.0, "Total Cost": 1000000001421.0, "Plan Rows": 1, "Plan Width": 4, "Plans": [{"Node Type": "Index Scan", "Parent Relationship": "Outer", "Scan Direction": "Forward", "Index Name": "info_type_pkey", "Relation Name": "info_type", "Alias": "it2", "Startup Cost": 10000000000.0, "Total Cost": 1000000001421.0, "Plan Rows": 1, "Plan Width": 4, "Filter": "((info)::text = 'votes'::text)"}]}]}, {"Node Type": "Materialize", "Parent Relationship": "Inner", "Startup Cost": 10000000000.0, "Total Cost": 1000000001421.0, "Plan Rows": 1, "Plan Width": 4, "Plans": [{"Node Type": "Index Scan", "Parent Relationship": "Outer", "Scan Direction": "Forward", "Index Name": "info_type_pkey", "Relation Name": "info_type", "Alias": "it1", "Startup Cost": 10000000000.0, "Total Cost": 1000000001421.0, "Plan Rows": 1, "Plan Width": 4, "Filter": "((info)::text = 'budget'::text)"}]}]}]}, "Unique SQL Id": 4264520866, "Planner Runtime": 68}, "explain_analyze_plan": null}, "(16, '28')": {"explain_plan": {"Plan": {"Node Type": "Aggregate", "Strategy": "Plain", "Startup Cost": 29717.14, "Total Cost": 29717.15, "Plan Rows": 1, "Plan Width": 160, "Plans": [{"Node Type": "Nested Loop", "Parent Relationship": "Outer", "Join Type": "Inner", "Startup Cost": 0.0, "Total Cost": 29717.07, "Plan Rows": 9, "Plan Width": 64, "Inner Unique": true, "Plans": [{"Node Type": "Nested Loop", "Parent Relationship": "Outer", "Join Type": "Inner", "Startup Cost": 0.0, "Total Cost": 29714.44, "Plan Rows": 9, "Plan Width": 59, "Inner Unique": false, "Join Filter": "(mi.info_type_id = it1.id)", "Plans": [{"Node Type": "Seq Scan", "Parent Relationship": "Outer", "Relation Name": "info_type", "Alias": "it1", "Startup Cost": 0.0, "Total Cost": 2.4, "Plan Rows": 1, "Plan Width": 4, "Filter": "((info)::text = 'budget'::text)"}, {"Node Type": "Nested Loop", "Parent Relationship": "Inner", "Join Type": "Inner", "Startup Cost": 0.0, "Total Cost": 29708.55, "Plan Rows": 279, "Plan Width": 63, "Inner Unique": false, "Join Filter": "(mi_idx.movie_id = mi.movie_id)", "Plans": [{"Node Type": "Nested Loop", "Parent Relationship": "Outer", "Join Type": "Inner", "Startup Cost": 0.0, "Total Cost": 29668.95, "Plan Rows": 52, "Plan Width": 13, "Inner Unique": false, "Join Filter": "(mi_idx.info_type_id = it2.id)", "Plans": [{"Node Type": "Seq Scan", "Parent Relationship": "Outer", "Relation Name": "info_type", "Alias": "it2", "Startup Cost": 0.0, "Total Cost": 2.4, "Plan Rows": 1, "Plan Width": 4, "Filter": "((info)::text = 'votes'::text)"}, {"Node Type": "Materialize", "Parent Relationship": "Inner", "Startup Cost": 0.0, "Total Cost": 29663.09, "Plan Rows": 346, "Plan Width": 17, "Plans": [{"Node Type": "Nested Loop", "Parent Relationship": "Outer", "Join Type": "Inner", "Startup Cost": 0.0, "Total Cost": 29662.23, "Plan Rows": 346, "Plan Width": 17, "Inner Unique": false, "Plans": [{"Node Type": "Nested Loop", "Parent Relationship": "Outer", "Join Type": "Inner", "Startup Cost": 0.0, "Total Cost": 29565.43, "Plan Rows": 294, "Plan Width": 4, "Inner Unique": false, "Plans": [{"Node Type": "Streaming(type: LOCAL GATHER dop: 1/16)", "Parent Relationship": "Outer", "Startup Cost": 0.0, "Total Cost": 22123.07, "Plan Rows": 173, "Plan Width": 4, "Plans": [{"Node Type": "Seq Scan", "Parent Relationship": "Outer", "Relation Name": "name", "Alias": "n", "Startup Cost": 0.0, "Total Cost": 22119.33, "Plan Rows": 173, "Plan Width": 4, "Filter": "(((name)::text ~~ '%Tim%'::text) AND ((gender)::text = 'm'::text))"}]}, {"Node Type": "Index Scan", "Parent Relationship": "Inner", "Scan Direction": "Forward", "Index Name": "person_id_cast_info", "Relation Name": "cast_info", "Alias": "ci", "Startup Cost": 0.0, "Total Cost": 43.0, "Plan Rows": 2, "Plan Width": 8, "Index Cond": "(person_id = n.id)", "Filter": "((note)::text = ANY ('{(producer),\"(executive producer)\"}'::text[]))"}]}, {"Node Type": "Index Scan", "Parent Relationship": "Inner", "Scan Direction": "Forward", "Index Name": "movie_id_movie_info_idx", "Relation Name": "movie_info_idx", "Alias": "mi_idx", "Startup Cost": 0.0, "Total Cost": 0.31, "Plan Rows": 2, "Plan Width": 13, "Index Cond": "(movie_id = ci.movie_id)"}]}]}]}, {"Node Type": "Index Scan", "Parent Relationship": "Inner", "Scan Direction": "Forward", "Index Name": "movie_id_movie_info", "Relation Name": "movie_info", "Alias": "mi", "Startup Cost": 0.0, "Total Cost": 0.7, "Plan Rows": 5, "Plan Width": 50, "Index Cond": "(movie_id = ci.movie_id)"}]}]}, {"Node Type": "Index Scan", "Parent Relationship": "Inner", "Scan Direction": "Forward", "Index Name": "title_pkey", "Relation Name": "title", "Alias": "t", "Startup Cost": 0.0, "Total Cost": 0.28, "Plan Rows": 1, "Plan Width": 21, "Index Cond": "(id = mi.movie_id)"}]}]}, "Unique SQL Id": 4264520866, "Planner Runtime": 21}, "explain_analyze_plan": {"Plan": {"Node Type": "Aggregate", "Strategy": "Plain", "Startup Cost": 29717.14, "Total Cost": 29717.15, "Plan Rows": 1, "Plan Width": 160, "Actual Min Startup Time": 380.625, "Actual Max Startup Time": 380.625, "Actual Min Total Time": 380.625, "Actual Max Total Time": 380.625, "Plans": [{"Node Type": "Nested Loop", "Parent Relationship": "Outer", "Join Type": "Inner", "Startup Cost": 0.0, "Total Cost": 29717.07, "Plan Rows": 9, "Plan Width": 64, "Actual Min Startup Time": 240.051, "Actual Max Startup Time": 240.051, "Actual Min Total Time": 380.152, "Actual Max Total Time": 380.152, "Inner Unique": true, "Plans": [{"Node Type": "Nested Loop", "Parent Relationship": "Outer", "Join Type": "Inner", "Startup Cost": 0.0, "Total Cost": 29714.44, "Plan Rows": 9, "Plan Width": 59, "Actual Min Startup Time": 240.033, "Actual Max Startup Time": 240.033, "Actual Min Total Time": 376.51, "Actual Max Total Time": 376.51, "Inner Unique": false, "Join Filter": "(mi.info_type_id = it1.id)", "Rows Removed by Join Filter": 81998, "Plans": [{"Node Type": "Seq Scan", "Parent Relationship": "Outer", "Relation Name": "info_type", "Alias": "it1", "Startup Cost": 0.0, "Total Cost": 2.4, "Plan Rows": 1, "Plan Width": 4, "Actual Min Startup Time": 0.08, "Actual Max Startup Time": 0.08, "Actual Min Total Time": 0.086, "Actual Max Total Time": 0.086, "Filter": "((info)::text = 'budget'::text)", "Rows Removed by Filter": 111, "Actual Rows": 1}, {"Node Type": "Nested Loop", "Parent Relationship": "Inner", "Join Type": "Inner", "Startup Cost": 0.0, "Total Cost": 29708.55, "Plan Rows": 279, "Plan Width": 63, "Actual Min Startup Time": 239.345, "Actual Max Startup Time": 239.345, "Actual Min Total Time": 360.344, "Actual Max Total Time": 360.344, "Inner Unique": false, "Join Filter": "(mi_idx.movie_id = mi.movie_id)", "Rows Removed by Join Filter": 0, "Plans": [{"Node Type": "Nested Loop", "Parent Relationship": "Outer", "Join Type": "Inner", "Startup Cost": 0.0, "Total Cost": 29668.95, "Plan Rows": 52, "Plan Width": 13, "Actual Min Startup Time": 239.315, "Actual Max Startup Time": 239.315, "Actual Min Total Time": 243.417, "Actual Max Total Time": 243.417, "Inner Unique": false, "Join Filter": "(mi_idx.info_type_id = it2.id)", "Rows Removed by Join Filter": 6875, "Plans": [{"Node Type": "Seq Scan", "Parent Relationship": "Outer", "Relation Name": "info_type", "Alias": "it2", "Startup Cost": 0.0, "Total Cost": 2.4, "Plan Rows": 1, "Plan Width": 4, "Actual Min Startup Time": 0.06, "Actual Max Startup Time": 0.06, "Actual Min Total Time": 0.074, "Actual Max Total Time": 0.074, "Filter": "((info)::text = 'votes'::text)", "Rows Removed by Filter": 111, "Actual Rows": 1}, {"Node Type": "Materialize", "Parent Relationship": "Inner", "Startup Cost": 0.0, "Total Cost": 29663.09, "Plan Rows": 346, "Plan Width": 17, "Actual Min Startup Time": 239.24, "Actual Max Startup Time": 239.24, "Actual Min Total Time": 240.455, "Actual Max Total Time": 240.455, "Plans": [{"Node Type": "Nested Loop", "Parent Relationship": "Outer", "Join Type": "Inner", "Startup Cost": 0.0, "Total Cost": 29662.23, "Plan Rows": 346, "Plan Width": 17, "Actual Min Startup Time": 20.447, "Actual Max Startup Time": 20.447, "Actual Min Total Time": 236.2, "Actual Max Total Time": 236.2, "Inner Unique": false, "Plans": [{"Node Type": "Nested Loop", "Parent Relationship": "Outer", "Join Type": "Inner", "Startup Cost": 0.0, "Total Cost": 29565.43, "Plan Rows": 294, "Plan Width": 4, "Actual Min Startup Time": 19.462, "Actual Max Startup Time": 19.462, "Actual Min Total Time": 199.319, "Actual Max Total Time": 199.319, "Inner Unique": false, "Plans": [{"Node Type": "Streaming(type: LOCAL GATHER dop: 1/16)", "Parent Relationship": "Outer", "Startup Cost": 0.0, "Total Cost": 22123.07, "Plan Rows": 173, "Plan Width": 4, "Actual Min Startup Time": 19.401, "Actual Max Startup Time": 19.401, "Actual Min Total Time": 68.854, "Actual Max Total Time": 68.854, "Plans": [{"Node Type": "Seq Scan", "Parent Relationship": "Outer", "Relation Name": "name", "Alias": "n", "Startup Cost": 0.0, "Total Cost": 22119.33, "Plan Rows": 173, "Plan Width": 4, "Actual Min Startup Time": 0.036, "Actual Max Startup Time": 0.846, "Actual Min Total Time": 101.954, "Actual Max Total Time": 106.122, "Filter": "(((name)::text ~~ '%Tim%'::text) AND ((gender)::text = 'm'::text))", "Rows Removed by Filter": 4158428, "Actual Rows": 9062}], "Actual Rows": 9062}, {"Node Type": "Index Scan", "Parent Relationship": "Inner", "Scan Direction": "Forward", "Index Name": "person_id_cast_info", "Relation Name": "cast_info", "Alias": "ci", "Startup Cost": 0.0, "Total Cost": 43.0, "Plan Rows": 2, "Plan Width": 8, "Actual Min Startup Time": 104.98, "Actual Max Startup Time": 104.98, "Actual Min Total Time": 124.256, "Actual Max Total Time": 124.256, "Index Cond": "(person_id = n.id)", "Rows Removed by Index Recheck": 0, "Filter": "((note)::text = ANY ('{(producer),\"(executive producer)\"}'::text[]))", "Rows Removed by Filter": 89309, "Actual Rows": 6719}], "Actual Rows": 6719}, {"Node Type": "Index Scan", "Parent Relationship": "Inner", "Scan Direction": "Forward", "Index Name": "movie_id_movie_info_idx", "Relation Name": "movie_info_idx", "Alias": "mi_idx", "Startup Cost": 0.0, "Total Cost": 0.31, "Plan Rows": 2, "Plan Width": 13, "Actual Min Startup Time": 27.164, "Actual Max Startup Time": 27.164, "Actual Min Total Time": 31.127, "Actual Max Total Time": 31.127, "Index Cond": "(movie_id = ci.movie_id)", "Rows Removed by Index Recheck": 0, "Actual Rows": 10310}], "Actual Rows": 10310}], "Actual Rows": 10311}], "Actual Rows": 3435}, {"Node Type": "Index Scan", "Parent Relationship": "Inner", "Scan Direction": "Forward", "Index Name": "movie_id_movie_info", "Relation Name": "movie_info", "Alias": "mi", "Startup Cost": 0.0, "Total Cost": 0.7, "Plan Rows": 5, "Plan Width": 50, "Actual Min Startup Time": 21.845, "Actual Max Startup Time": 21.845, "Actual Min Total Time": 88.077, "Actual Max Total Time": 88.077, "Index Cond": "(movie_id = ci.movie_id)", "Rows Removed by Index Recheck": 0, "Actual Rows": 82408}], "Actual Rows": 82408}], "Actual Rows": 410}, {"Node Type": "Index Scan", "Parent Relationship": "Inner", "Scan Direction": "Forward", "Index Name": "title_pkey", "Relation Name": "title", "Alias": "t", "Startup Cost": 0.0, "Total Cost": 0.28, "Plan Rows": 1, "Plan Width": 21, "Actual Min Startup Time": 3.284, "Actual Max Startup Time": 3.284, "Actual Min Total Time": 3.284, "Actual Max Total Time": 3.284, "Index Cond": "(id = mi.movie_id)", "Rows Removed by Index Recheck": 0, "Actual Rows": 410}], "Actual Rows": 410}], "Actual Rows": 1}, "Triggers": [], "Planner Runtime": 22.257, "Total Runtime": 383.381, "Unique SQL Id": 4264520866}}, "(16, '29')": {"explain_plan": {"Plan": {"Node Type": "Aggregate", "Strategy": "Plain", "Startup Cost": 161086.29, "Total Cost": 161086.3, "Plan Rows": 1, "Plan Width": 160, "Plans": [{"Node Type": "Nested Loop", "Parent Relationship": "Outer", "Join Type": "Inner", "Startup Cost": 0.0, "Total Cost": 161086.22, "Plan Rows": 9, "Plan Width": 64, "Inner Unique": true, "Plans": [{"Node Type": "Nested Loop", "Parent Relationship": "Outer", "Join Type": "Inner", "Startup Cost": 0.0, "Total Cost": 161083.6, "Plan Rows": 9, "Plan Width": 59, "Inner Unique": false, "Join Filter": "(mi.info_type_id = it1.id)", "Plans": [{"Node Type": "Index Scan", "Parent Relationship": "Outer", "Scan Direction": "Forward", "Index Name": "info_type_pkey", "Relation Name": "info_type", "Alias": "it1", "Startup Cost": 0.0, "Total Cost": 14.21, "Plan Rows": 1, "Plan Width": 4, "Filter": "((info)::text = 'budget'::text)"}, {"Node Type": "Nested Loop", "Parent Relationship": "Inner", "Join Type": "Inner", "Startup Cost": 0.0, "Total Cost": 161065.9, "Plan Rows": 279, "Plan Width": 63, "Inner Unique": false, "Join Filter": "(mi_idx.movie_id = mi.movie_id)", "Plans": [{"Node Type": "Nested Loop", "Parent Relationship": "Outer", "Join Type": "Inner", "Startup Cost": 0.0, "Total Cost": 161026.3, "Plan Rows": 52, "Plan Width": 13, "Inner Unique": false, "Join Filter": "(mi_idx.info_type_id = it2.id)", "Plans": [{"Node Type": "Index Scan", "Parent Relationship": "Outer", "Scan Direction": "Forward", "Index Name": "info_type_pkey", "Relation Name": "info_type", "Alias": "it2", "Startup Cost": 0.0, "Total Cost": 14.21, "Plan Rows": 1, "Plan Width": 4, "Filter": "((info)::text = 'votes'::text)"}, {"Node Type": "Materialize", "Parent Relationship": "Inner", "Startup Cost": 0.0, "Total Cost": 161008.63, "Plan Rows": 346, "Plan Width": 17, "Plans": [{"Node Type": "Nested Loop", "Parent Relationship": "Outer", "Join Type": "Inner", "Startup Cost": 0.0, "Total Cost": 161007.76, "Plan Rows": 346, "Plan Width": 17, "Inner Unique": false, "Plans": [{"Node Type": "Nested Loop", "Parent Relationship": "Outer", "Join Type": "Inner", "Startup Cost": 0.0, "Total Cost": 160910.97, "Plan Rows": 294, "Plan Width": 4, "Inner Unique": false, "Plans": [{"Node Type": "Streaming(type: LOCAL GATHER dop: 1/16)", "Parent Relationship": "Outer", "Startup Cost": 0.0, "Total Cost": 153468.6, "Plan Rows": 173, "Plan Width": 4, "Plans": [{"Node Type": "Index Scan", "Parent Relationship": "Outer", "Scan Direction": "Forward", "Index Name": "name_pkey", "Relation Name": "name", "Alias": "n", "Startup Cost": 0.0, "Total Cost": 153464.87, "Plan Rows": 173, "Plan Width": 4, "Filter": "(((name)::text ~~ '%Tim%'::text) AND ((gender)::text = 'm'::text))"}]}, {"Node Type": "Index Scan", "Parent Relationship": "Inner", "Scan Direction": "Forward", "Index Name": "person_id_cast_info", "Relation Name": "cast_info", "Alias": "ci", "Startup Cost": 0.0, "Total Cost": 43.0, "Plan Rows": 2, "Plan Width": 8, "Index Cond": "(person_id = n.id)", "Filter": "((note)::text = ANY ('{(producer),\"(executive producer)\"}'::text[]))"}]}, {"Node Type": "Index Scan", "Parent Relationship": "Inner", "Scan Direction": "Forward", "Index Name": "movie_id_movie_info_idx", "Relation Name": "movie_info_idx", "Alias": "mi_idx", "Startup Cost": 0.0, "Total Cost": 0.31, "Plan Rows": 2, "Plan Width": 13, "Index Cond": "(movie_id = ci.movie_id)"}]}]}]}, {"Node Type": "Index Scan", "Parent Relationship": "Inner", "Scan Direction": "Forward", "Index Name": "movie_id_movie_info", "Relation Name": "movie_info", "Alias": "mi", "Startup Cost": 0.0, "Total Cost": 0.7, "Plan Rows": 5, "Plan Width": 50, "Index Cond": "(movie_id = ci.movie_id)"}]}]}, {"Node Type": "Index Scan", "Parent Relationship": "Inner", "Scan Direction": "Forward", "Index Name": "title_pkey", "Relation Name": "title", "Alias": "t", "Startup Cost": 0.0, "Total Cost": 0.28, "Plan Rows": 1, "Plan Width": 21, "Index Cond": "(id = mi.movie_id)"}]}]}, "Unique SQL Id": 4264520866, "Planner Runtime": 24}, "explain_analyze_plan": {"Plan": {"Node Type": "Aggregate", "Strategy": "Plain", "Startup Cost": 161086.29, "Total Cost": 161086.3, "Plan Rows": 1, "Plan Width": 160, "Actual Min Startup Time": 476.62, "Actual Max Startup Time": 476.62, "Actual Min Total Time": 476.62, "Actual Max Total Time": 476.62, "Plans": [{"Node Type": "Nested Loop", "Parent Relationship": "Outer", "Join Type": "Inner", "Startup Cost": 0.0, "Total Cost": 161086.22, "Plan Rows": 9, "Plan Width": 64, "Actual Min Startup Time": 335.708, "Actual Max Startup Time": 335.708, "Actual Min Total Time": 476.138, "Actual Max Total Time": 476.138, "Inner Unique": true, "Plans": [{"Node Type": "Nested Loop", "Parent Relationship": "Outer", "Join Type": "Inner", "Startup Cost": 0.0, "Total Cost": 161083.6, "Plan Rows": 9, "Plan Width": 59, "Actual Min Startup Time": 335.689, "Actual Max Startup Time": 335.689, "Actual Min Total Time": 472.481, "Actual Max Total Time": 472.481, "Inner Unique": false, "Join Filter": "(mi.info_type_id = it1.id)", "Rows Removed by Join Filter": 81998, "Plans": [{"Node Type": "Index Scan", "Parent Relationship": "Outer", "Scan Direction": "Forward", "Index Name": "info_type_pkey", "Relation Name": "info_type", "Alias": "it1", "Startup Cost": 0.0, "Total Cost": 14.21, "Plan Rows": 1, "Plan Width": 4, "Actual Min Startup Time": 0.084, "Actual Max Startup Time": 0.084, "Actual Min Total Time": 0.09, "Actual Max Total Time": 0.09, "Filter": "((info)::text = 'budget'::text)", "Rows Removed by Filter": 111, "Actual Rows": 1}, {"Node Type": "Nested Loop", "Parent Relationship": "Inner", "Join Type": "Inner", "Startup Cost": 0.0, "Total Cost": 161065.9, "Plan Rows": 279, "Plan Width": 63, "Actual Min Startup Time": 335.581, "Actual Max Startup Time": 335.581, "Actual Min Total Time": 456.706, "Actual Max Total Time": 456.706, "Inner Unique": false, "Join Filter": "(mi_idx.movie_id = mi.movie_id)", "Rows Removed by Join Filter": 0, "Plans": [{"Node Type": "Nested Loop", "Parent Relationship": "Outer", "Join Type": "Inner", "Startup Cost": 0.0, "Total Cost": 161026.3, "Plan Rows": 52, "Plan Width": 13, "Actual Min Startup Time": 335.557, "Actual Max Startup Time": 335.557, "Actual Min Total Time": 339.703, "Actual Max Total Time": 339.703, "Inner Unique": false, "Join Filter": "(mi_idx.info_type_id = it2.id)", "Rows Removed by Join Filter": 6875, "Plans": [{"Node Type": "Index Scan", "Parent Relationship": "Outer", "Scan Direction": "Forward", "Index Name": "info_type_pkey", "Relation Name": "info_type", "Alias": "it2", "Startup Cost": 0.0, "Total Cost": 14.21, "Plan Rows": 1, "Plan Width": 4, "Actual Min Startup Time": 0.071, "Actual Max Startup Time": 0.071, "Actual Min Total Time": 0.081, "Actual Max Total Time": 0.081, "Filter": "((info)::text = 'votes'::text)", "Rows Removed by Filter": 111, "Actual Rows": 1}, {"Node Type": "Materialize", "Parent Relationship": "Inner", "Startup Cost": 0.0, "Total Cost": 161008.63, "Plan Rows": 346, "Plan Width": 17, "Actual Min Startup Time": 335.472, "Actual Max Startup Time": 335.472, "Actual Min Total Time": 336.702, "Actual Max Total Time": 336.702, "Plans": [{"Node Type": "Nested Loop", "Parent Relationship": "Outer", "Join Type": "Inner", "Startup Cost": 0.0, "Total Cost": 161007.76, "Plan Rows": 346, "Plan Width": 17, "Actual Min Startup Time": 70.179, "Actual Max Startup Time": 70.179, "Actual Min Total Time": 332.484, "Actual Max Total Time": 332.484, "Inner Unique": false, "Plans": [{"Node Type": "Nested Loop", "Parent Relationship": "Outer", "Join Type": "Inner", "Startup Cost": 0.0, "Total Cost": 160910.97, "Plan Rows": 294, "Plan Width": 4, "Actual Min Startup Time": 70.149, "Actual Max Startup Time": 70.149, "Actual Min Total Time": 294.567, "Actual Max Total Time": 294.567, "Inner Unique": false, "Plans": [{"Node Type": "Streaming(type: LOCAL GATHER dop: 1/16)", "Parent Relationship": "Outer", "Startup Cost": 0.0, "Total Cost": 153468.6, "Plan Rows": 173, "Plan Width": 4, "Actual Min Startup Time": 70.006, "Actual Max Startup Time": 70.006, "Actual Min Total Time": 165.071, "Actual Max Total Time": 165.071, "Plans": [{"Node Type": "Index Scan", "Parent Relationship": "Outer", "Scan Direction": "Forward", "Index Name": "name_pkey", "Relation Name": "name", "Alias": "n", "Startup Cost": 0.0, "Total Cost": 153464.87, "Plan Rows": 173, "Plan Width": 4, "Actual Min Startup Time": 39.742, "Actual Max Startup Time": 299.64, "Actual Min Total Time": 272.13, "Actual Max Total Time": 304.338, "Filter": "(((name)::text ~~ '%Tim%'::text) AND ((gender)::text = 'm'::text))", "Rows Removed by Filter": 4158428, "Actual Rows": 9062}], "Actual Rows": 9062}, {"Node Type": "Index Scan", "Parent Relationship": "Inner", "Scan Direction": "Forward", "Index Name": "person_id_cast_info", "Relation Name": "cast_info", "Alias": "ci", "Startup Cost": 0.0, "Total Cost": 43.0, "Plan Rows": 2, "Plan Width": 8, "Actual Min Startup Time": 104.11, "Actual Max Startup Time": 104.11, "Actual Min Total Time": 123.266, "Actual Max Total Time": 123.266, "Index Cond": "(person_id = n.id)", "Rows Removed by Index Recheck": 0, "Filter": "((note)::text = ANY ('{(producer),\"(executive producer)\"}'::text[]))", "Rows Removed by Filter": 89309, "Actual Rows": 6719}], "Actual Rows": 6719}, {"Node Type": "Index Scan", "Parent Relationship": "Inner", "Scan Direction": "Forward", "Index Name": "movie_id_movie_info_idx", "Relation Name": "movie_info_idx", "Alias": "mi_idx", "Startup Cost": 0.0, "Total Cost": 0.31, "Plan Rows": 2, "Plan Width": 13, "Actual Min Startup Time": 28.123, "Actual Max Startup Time": 28.123, "Actual Min Total Time": 32.253, "Actual Max Total Time": 32.253, "Index Cond": "(movie_id = ci.movie_id)", "Rows Removed by Index Recheck": 0, "Actual Rows": 10310}], "Actual Rows": 10310}], "Actual Rows": 10311}], "Actual Rows": 3435}, {"Node Type": "Index Scan", "Parent Relationship": "Inner", "Scan Direction": "Forward", "Index Name": "movie_id_movie_info", "Relation Name": "movie_info", "Alias": "mi", "Startup Cost": 0.0, "Total Cost": 0.7, "Plan Rows": 5, "Plan Width": 50, "Actual Min Startup Time": 21.885, "Actual Max Startup Time": 21.885, "Actual Min Total Time": 88.131, "Actual Max Total Time": 88.131, "Index Cond": "(movie_id = ci.movie_id)", "Rows Removed by Index Recheck": 0, "Actual Rows": 82408}], "Actual Rows": 82408}], "Actual Rows": 410}, {"Node Type": "Index Scan", "Parent Relationship": "Inner", "Scan Direction": "Forward", "Index Name": "title_pkey", "Relation Name": "title", "Alias": "t", "Startup Cost": 0.0, "Total Cost": 0.28, "Plan Rows": 1, "Plan Width": 21, "Actual Min Startup Time": 3.252, "Actual Max Startup Time": 3.252, "Actual Min Total Time": 3.252, "Actual Max Total Time": 3.252, "Index Cond": "(id = mi.movie_id)", "Rows Removed by Index Recheck": 0, "Actual Rows": 410}], "Actual Rows": 410}], "Actual Rows": 1}, "Triggers": [], "Planner Runtime": 49.928, "Total Runtime": 479.326, "Unique SQL Id": 4264520866}}, "(16, '30')": {"explain_plan": {"Plan": {"Node Type": "Aggregate", "Strategy": "Plain", "Startup Cost": 346150.4, "Total Cost": 346150.43, "Plan Rows": 1, "Plan Width": 160, "Plans": [{"Node Type": "Streaming(type: LOCAL GATHER dop: 1/16)", "Parent Relationship": "Outer", "Startup Cost": 346150.4, "Total Cost": 346150.43, "Plan Rows": 1, "Plan Width": 160, "Plans": [{"Node Type": "Aggregate", "Strategy": "Plain", "Parent Relationship": "Outer", "Startup Cost": 346150.4, "Total Cost": 346150.41, "Plan Rows": 1, "Plan Width": 160, "Plans": [{"Node Type": "Nested Loop", "Parent Relationship": "Outer", "Join Type": "Inner", "Startup Cost": 0.0, "Total Cost": 346150.34, "Plan Rows": 8, "Plan Width": 64, "Inner Unique": false, "Join Filter": "(mi.movie_id = t.id)", "Plans": [{"Node Type": "Seq Scan", "Parent Relationship": "Outer", "Relation Name": "title", "Alias": "t", "Startup Cost": 0.0, "Total Cost": 18754.32, "Plan Rows": 2528311, "Plan Width": 21}, {"Node Type": "Materialize", "Parent Relationship": "Inner", "Startup Cost": 0.0, "Total Cost": 306063.41, "Plan Rows": 144, "Plan Width": 59, "Plans": [{"Node Type": "Streaming(type: BROADCAST dop: 16/1)", "Parent Relationship": "Outer", "Startup Cost": 0.0, "Total Cost": 306063.37, "Plan Rows": 144, "Plan Width": 59, "Plans": [{"Node Type": "Nested Loop", "Parent Relationship": "Outer", "Join Type": "Inner", "Startup Cost": 0.0, "Total Cost": 291060.26, "Plan Rows": 9, "Plan Width": 59, "Inner Unique": false, "Join Filter": "(mi_idx.info_type_id = it2.id)", "Plans": [{"Node Type": "Seq Scan", "Parent Relationship": "Outer", "Relation Name": "info_type", "Alias": "it2", "Startup Cost": 0.0, "Total Cost": 2.4, "Plan Rows": 1, "Plan Width": 4, "Filter": "((info)::text = 'votes'::text)"}, {"Node Type": "Materialize", "Parent Relationship": "Inner", "Startup Cost": 0.0, "Total Cost": 291057.52, "Plan Rows": 34, "Plan Width": 63, "Plans": [{"Node Type": "Streaming(type: LOCAL GATHER dop: 1/16)", "Parent Relationship": "Outer", "Startup Cost": 0.0, "Total Cost": 291057.44, "Plan Rows": 34, "Plan Width": 63, "Plans": [{"Node Type": "Nested Loop", "Parent Relationship": "Outer", "Join Type": "Inner", "Startup Cost": 0.0, "Total Cost": 291056.7, "Plan Rows": 34, "Plan Width": 63, "Inner Unique": false, "Join Filter": "(mi.movie_id = mi_idx.movie_id)", "Plans": [{"Node Type": "Streaming(type: LOCAL REDISTRIBUTE dop: 16/16)", "Parent Relationship": "Outer", "Startup Cost": 0.0, "Total Cost": 36496.18, "Plan Rows": 1380034, "Plan Width": 13, "Plans": [{"Node Type": "Seq Scan", "Parent Relationship": "Outer", "Relation Name": "movie_info_idx", "Alias": "mi_idx", "Startup Cost": 0.0, "Total Cost": 16267.15, "Plan Rows": 1380034, "Plan Width": 13}]}, {"Node Type": "Materialize", "Parent Relationship": "Inner", "Startup Cost": 0.0, "Total Cost": 252781.58, "Plan Rows": 22, "Plan Width": 50, "Plans": [{"Node Type": "Streaming(type: LOCAL REDISTRIBUTE dop: 16/16)", "Parent Relationship": "Outer", "Startup Cost": 0.0, "Total Cost": 252781.57, "Plan Rows": 22, "Plan Width": 50, "Plans": [{"Node Type": "Nested Loop", "Parent Relationship": "Outer", "Join Type": "Inner", "Startup Cost": 0.0, "Total Cost": 237781.48, "Plan Rows": 22, "Plan Width": 50, "Inner Unique": false, "Join Filter": "(ci.movie_id = mi.movie_id)", "Plans": [{"Node Type": "Streaming(type: LOCAL REDISTRIBUTE dop: 16/16)", "Parent Relationship": "Outer", "Startup Cost": 0.0, "Total Cost": 75986.54, "Plan Rows": 212428, "Plan Width": 46, "Plans": [{"Node Type": "Nested Loop", "Parent Relationship": "Outer", "Join Type": "Inner", "Startup Cost": 0.0, "Total Cost": 60181.64, "Plan Rows": 212428, "Plan Width": 46, "Inner Unique": false, "Join Filter": "(it1.id = mi.info_type_id), (LLVM Optimized)", "Plans": [{"Node Type": "Streaming(type: BROADCAST dop: 16/1)", "Parent Relationship": "Outer", "Startup Cost": 0.0, "Total Cost": 15002.75, "Plan Rows": 16, "Plan Width": 4, "Plans": [{"Node Type": "Seq Scan", "Parent Relationship": "Outer", "Relation Name": "info_type", "Alias": "it1", "Startup Cost": 0.0, "Total Cost": 2.4, "Plan Rows": 1, "Plan Width": 4, "Filter": "((info)::text = 'budget'::text)"}]}, {"Node Type": "Seq Scan", "Parent Relationship": "Inner", "Relation Name": "movie_info", "Alias": "mi", "Startup Cost": 0.0, "Total Cost": 33561.73, "Plan Rows": 14869966, "Plan Width": 50}]}]}, {"Node Type": "Materialize", "Parent Relationship": "Inner", "Startup Cost": 0.0, "Total Cost": 158135.59, "Plan Rows": 294, "Plan Width": 4, "Plans": [{"Node Type": "Streaming(type: LOCAL REDISTRIBUTE dop: 16/16)", "Parent Relationship": "Outer", "Startup Cost": 0.0, "Total Cost": 158135.5, "Plan Rows": 294, "Plan Width": 4, "Plans": [{"Node Type": "Nested Loop", "Parent Relationship": "Outer", "Join Type": "Inner", "Startup Cost": 0.0, "Total Cost": 143134.38, "Plan Rows": 294, "Plan Width": 4, "Inner Unique": true, "Join Filter": "(ci.person_id = n.id)", "Plans": [{"Node Type": "Streaming(type: LOCAL REDISTRIBUTE dop: 16/16)", "Parent Relationship": "Outer", "Startup Cost": 0.0, "Total Cost": 82188.81, "Plan Rows": 2350421, "Plan Width": 8, "Plans": [{"Node Type": "Seq Scan", "Parent Relationship": "Outer", "Relation Name": "cast_info", "Alias": "ci", "Startup Cost": 0.0, "Total Cost": 58282.92, "Plan Rows": 2350421, "Plan Width": 8, "Filter": "((note)::text = ANY ('{(producer),\"(executive producer)\"}'::text[]))"}]}, {"Node Type": "Materialize", "Parent Relationship": "Inner", "Startup Cost": 0.0, "Total Cost": 37120.04, "Plan Rows": 173, "Plan Width": 4, "Plans": [{"Node Type": "Streaming(type: LOCAL REDISTRIBUTE dop: 16/16)", "Parent Relationship": "Outer", "Startup Cost": 0.0, "Total Cost": 37119.99, "Plan Rows": 173, "Plan Width": 4, "Plans": [{"Node Type": "Seq Scan", "Parent Relationship": "Outer", "Relation Name": "name", "Alias": "n", "Startup Cost": 0.0, "Total Cost": 22119.33, "Plan Rows": 173, "Plan Width": 4, "Filter": "(((name)::text ~~ '%Tim%'::text) AND ((gender)::text = 'm'::text))"}]}]}]}]}]}]}]}]}]}]}]}]}]}]}]}]}]}]}, "Unique SQL Id": 4264520866, "Planner Runtime": 15}, "explain_analyze_plan": null}, "(16, '31')": {"explain_plan": {"Plan": {"Node Type": "Aggregate", "Strategy": "Plain", "Startup Cost": 6977526256602.17, "Total Cost": 6977526256602.18, "Plan Rows": 1, "Plan Width": 160, "Plans": [{"Node Type": "Nested Loop", "Parent Relationship": "Outer", "Join Type": "Inner", "Startup Cost": 70031174542.45, "Total Cost": 6977526256601.78, "Plan Rows": 51, "Plan Width": 64, "Inner Unique": true, "Join Filter": "(mi.info_type_id = it1.id)", "Plans": [{"Node Type": "Nested Loop", "Parent Relationship": "Outer", "Join Type": "Inner", "Startup Cost": 60031174542.45, "Total Cost": 5977526255162.41, "Plan Rows": 1225, "Plan Width": 68, "Inner Unique": true, "Join Filter": "(mi_idx.info_type_id = it2.id)", "Plans": [{"Node Type": "Nested Loop", "Parent Relationship": "Outer", "Join Type": "Inner", "Startup Cost": 50031174542.45, "Total Cost": 4977526253713.56, "Plan Rows": 1856, "Plan Width": 72, "Inner Unique": false, "Join Filter": "(t.id = mi.movie_id)", "Plans": [{"Node Type": "Index Scan", "Parent Relationship": "Outer", "Scan Direction": "Forward", "Index Name": "info_type_id_movie_info", "Relation Name": "movie_info", "Alias": "mi", "Startup Cost": 10000000000.0, "Total Cost": 1000103683953.62, "Plan Rows": 14869966, "Plan Width": 50}, {"Node Type": "Materialize", "Parent Relationship": "Inner", "Startup Cost": 40031174542.45, "Total Cost": 3977345394637.27, "Plan Rows": 346, "Plan Width": 38, "Plans": [{"Node Type": "Nested Loop", "Parent Relationship": "Outer", "Join Type": "Inner", "Startup Cost": 40031174542.45, "Total Cost": 3977345394635.54, "Plan Rows": 346, "Plan Width": 38, "Inner Unique": true, "Join Filter": "(mi_idx.movie_id = t.id)", "Plans": [{"Node Type": "Nested Loop", "Parent Relationship": "Outer", "Join Type": "Inner", "Startup Cost": 30031174542.45, "Total Cost": 2977321254331.76, "Plan Rows": 346, "Plan Width": 17, "Inner Unique": false, "Join Filter": "(ci.movie_id = mi_idx.movie_id)", "Plans": [{"Node Type": "Index Scan", "Parent Relationship": "Outer", "Scan Direction": "Forward", "Index Name": "info_type_id_movie_info_idx", "Relation Name": "movie_info_idx", "Alias": "mi_idx", "Startup Cost": 10000000000.0, "Total Cost": 1000006370838.27, "Plan Rows": 1380034, "Plan Width": 13}, {"Node Type": "Materialize", "Parent Relationship": "Inner", "Startup Cost": 20031174542.45, "Total Cost": 1977308797544.29, "Plan Rows": 294, "Plan Width": 4, "Plans": [{"Node Type": "Merge Join", "Parent Relationship": "Outer", "Join Type": "Inner", "Startup Cost": 20031174542.45, "Total Cost": 1977308797542.82, "Plan Rows": 294, "Plan Width": 4, "Inner Unique": true, "Merge Cond": "(ci.person_id = n.id)", "Plans": [{"Node Type": "Index Scan", "Parent Relationship": "Outer", "Scan Direction": "Forward", "Index Name": "person_id_cast_info", "Relation Name": "cast_info", "Alias": "ci", "Startup Cost": 10000000000.0, "Total Cost": 1000179713706.71, "Plan Rows": 2350421, "Plan Width": 8, "Filter": "((note)::text = ANY ('{(producer),\"(executive producer)\"}'::text[]))"}, {"Node Type": "Materialize", "Parent Relationship": "Inner", "Startup Cost": 10000000000.0, "Total Cost": 1000019707020.14, "Plan Rows": 173, "Plan Width": 4, "Plans": [{"Node Type": "Index Scan", "Parent Relationship": "Outer", "Scan Direction": "Forward", "Index Name": "name_pkey", "Relation Name": "name", "Alias": "n", "Startup Cost": 10000000000.0, "Total Cost": 1000019707019.7, "Plan Rows": 173, "Plan Width": 4, "Filter": "(((name)::text ~~ '%Tim%'::text) AND ((gender)::text = 'm'::text))"}]}]}]}]}, {"Node Type": "Materialize", "Parent Relationship": "Inner", "Startup Cost": 10000000000.0, "Total Cost": 1000011024690.47, "Plan Rows": 2528311, "Plan Width": 21, "Plans": [{"Node Type": "Index Scan", "Parent Relationship": "Outer", "Scan Direction": "Forward", "Index Name": "title_pkey", "Relation Name": "title", "Alias": "t", "Startup Cost": 10000000000.0, "Total Cost": 1000011012048.91, "Plan Rows": 2528311, "Plan Width": 21}]}]}]}]}, {"Node Type": "Materialize", "Parent Relationship": "Inner", "Startup Cost": 10000000000.0, "Total Cost": 1000000001421.0, "Plan Rows": 1, "Plan Width": 4, "Plans": [{"Node Type": "Index Scan", "Parent Relationship": "Outer", "Scan Direction": "Forward", "Index Name": "info_type_pkey", "Relation Name": "info_type", "Alias": "it2", "Startup Cost": 10000000000.0, "Total Cost": 1000000001421.0, "Plan Rows": 1, "Plan Width": 4, "Filter": "((info)::text = 'votes'::text)"}]}]}, {"Node Type": "Materialize", "Parent Relationship": "Inner", "Startup Cost": 10000000000.0, "Total Cost": 1000000001421.0, "Plan Rows": 1, "Plan Width": 4, "Plans": [{"Node Type": "Index Scan", "Parent Relationship": "Outer", "Scan Direction": "Forward", "Index Name": "info_type_pkey", "Relation Name": "info_type", "Alias": "it1", "Startup Cost": 10000000000.0, "Total Cost": 1000000001421.0, "Plan Rows": 1, "Plan Width": 4, "Filter": "((info)::text = 'budget'::text)"}]}]}]}, "Unique SQL Id": 4264520866, "Planner Runtime": 66}, "explain_analyze_plan": null}, "(16, '32')": {"explain_plan": {"Plan": {"Node Type": "Aggregate", "Strategy": "Plain", "Startup Cost": 29854.72, "Total Cost": 29854.73, "Plan Rows": 1, "Plan Width": 160, "Plans": [{"Node Type": "Nested Loop", "Parent Relationship": "Outer", "Join Type": "Inner", "Startup Cost": 0.0, "Total Cost": 29854.66, "Plan Rows": 9, "Plan Width": 64, "Inner Unique": true, "Plans": [{"Node Type": "Nested Loop", "Parent Relationship": "Outer", "Join Type": "Inner", "Startup Cost": 0.0, "Total Cost": 29852.03, "Plan Rows": 9, "Plan Width": 59, "Inner Unique": false, "Join Filter": "(mi_idx.info_type_id = it2.id)", "Plans": [{"Node Type": "Seq Scan", "Parent Relationship": "Outer", "Relation Name": "info_type", "Alias": "it2", "Startup Cost": 0.0, "Total Cost": 2.4, "Plan Rows": 1, "Plan Width": 4, "Filter": "((info)::text = 'votes'::text)"}, {"Node Type": "Nested Loop", "Parent Relationship": "Inner", "Join Type": "Inner", "Startup Cost": 0.0, "Total Cost": 29849.21, "Plan Rows": 34, "Plan Width": 63, "Inner Unique": false, "Plans": [{"Node Type": "Nested Loop", "Parent Relationship": "Outer", "Join Type": "Inner", "Startup Cost": 0.0, "Total Cost": 29807.57, "Plan Rows": 133, "Plan Width": 50, "Inner Unique": false, "Join Filter": "(mi.info_type_id = it1.id)", "Plans": [{"Node Type": "Seq Scan", "Parent Relationship": "Outer", "Relation Name": "info_type", "Alias": "it1", "Startup Cost": 0.0, "Total Cost": 2.4, "Plan Rows": 1, "Plan Width": 4, "Filter": "((info)::text = 'budget'::text)"}, {"Node Type": "Materialize", "Parent Relationship": "Inner", "Startup Cost": 0.0, "Total Cost": 29789.56, "Plan Rows": 1561, "Plan Width": 54, "Plans": [{"Node Type": "Nested Loop", "Parent Relationship": "Outer", "Join Type": "Inner", "Startup Cost": 0.0, "Total Cost": 29785.66, "Plan Rows": 1561, "Plan Width": 54, "Inner Unique": false, "Plans": [{"Node Type": "Nested Loop", "Parent Relationship": "Outer", "Join Type": "Inner", "Startup Cost": 0.0, "Total Cost": 29565.43, "Plan Rows": 294, "Plan Width": 4, "Inner Unique": false, "Plans": [{"Node Type": "Streaming(type: LOCAL GATHER dop: 1/16)", "Parent Relationship": "Outer", "Startup Cost": 0.0, "Total Cost": 22123.07, "Plan Rows": 173, "Plan Width": 4, "Plans": [{"Node Type": "Seq Scan", "Parent Relationship": "Outer", "Relation Name": "name", "Alias": "n", "Startup Cost": 0.0, "Total Cost": 22119.33, "Plan Rows": 173, "Plan Width": 4, "Filter": "(((name)::text ~~ '%Tim%'::text) AND ((gender)::text = 'm'::text))"}]}, {"Node Type": "Index Scan", "Parent Relationship": "Inner", "Scan Direction": "Forward", "Index Name": "person_id_cast_info", "Relation Name": "cast_info", "Alias": "ci", "Startup Cost": 0.0, "Total Cost": 43.0, "Plan Rows": 2, "Plan Width": 8, "Index Cond": "(person_id = n.id)", "Filter": "((note)::text = ANY ('{(producer),\"(executive producer)\"}'::text[]))"}]}, {"Node Type": "Index Scan", "Parent Relationship": "Inner", "Scan Direction": "Forward", "Index Name": "movie_id_movie_info", "Relation Name": "movie_info", "Alias": "mi", "Startup Cost": 0.0, "Total Cost": 0.7, "Plan Rows": 5, "Plan Width": 50, "Index Cond": "(movie_id = ci.movie_id)"}]}]}]}, {"Node Type": "Index Scan", "Parent Relationship": "Inner", "Scan Direction": "Forward", "Index Name": "movie_id_movie_info_idx", "Relation Name": "movie_info_idx", "Alias": "mi_idx", "Startup Cost": 0.0, "Total Cost": 0.29, "Plan Rows": 2, "Plan Width": 13, "Index Cond": "(movie_id = mi.movie_id)"}]}]}, {"Node Type": "Index Scan", "Parent Relationship": "Inner", "Scan Direction": "Forward", "Index Name": "title_pkey", "Relation Name": "title", "Alias": "t", "Startup Cost": 0.0, "Total Cost": 0.28, "Plan Rows": 1, "Plan Width": 21, "Index Cond": "(id = mi.movie_id)"}]}]}, "Unique SQL Id": 4264520866, "Planner Runtime": 84}, "explain_analyze_plan": {"Plan": {"Node Type": "Aggregate", "Strategy": "Plain", "Startup Cost": 29854.72, "Total Cost": 29854.73, "Plan Rows": 1, "Plan Width": 160, "Actual Min Startup Time": 416.335, "Actual Max Startup Time": 416.335, "Actual Min Total Time": 416.336, "Actual Max Total Time": 416.336, "Plans": [{"Node Type": "Nested Loop", "Parent Relationship": "Outer", "Join Type": "Inner", "Startup Cost": 0.0, "Total Cost": 29854.66, "Plan Rows": 9, "Plan Width": 64, "Actual Min Startup Time": 368.0, "Actual Max Startup Time": 368.0, "Actual Min Total Time": 415.898, "Actual Max Total Time": 415.898, "Inner Unique": true, "Plans": [{"Node Type": "Nested Loop", "Parent Relationship": "Outer", "Join Type": "Inner", "Startup Cost": 0.0, "Total Cost": 29852.03, "Plan Rows": 9, "Plan Width": 59, "Actual Min Startup Time": 367.98, "Actual Max Startup Time": 367.98, "Actual Min Total Time": 412.403, "Actual Max Total Time": 412.403, "Inner Unique": false, "Join Filter": "(mi_idx.info_type_id = it2.id)", "Rows Removed by Join Filter": 825, "Plans": [{"Node Type": "Seq Scan", "Parent Relationship": "Outer", "Relation Name": "info_type", "Alias": "it2", "Startup Cost": 0.0, "Total Cost": 2.4, "Plan Rows": 1, "Plan Width": 4, "Actual Min Startup Time": 0.064, "Actual Max Startup Time": 0.064, "Actual Min Total Time": 0.073, "Actual Max Total Time": 0.073, "Filter": "((info)::text = 'votes'::text)", "Rows Removed by Filter": 111, "Actual Rows": 1}, {"Node Type": "Nested Loop", "Parent Relationship": "Inner", "Join Type": "Inner", "Startup Cost": 0.0, "Total Cost": 29849.21, "Plan Rows": 34, "Plan Width": 63, "Actual Min Startup Time": 367.905, "Actual Max Startup Time": 367.905, "Actual Min Total Time": 409.763, "Actual Max Total Time": 409.763, "Inner Unique": false, "Plans": [{"Node Type": "Nested Loop", "Parent Relationship": "Outer", "Join Type": "Inner", "Startup Cost": 0.0, "Total Cost": 29807.57, "Plan Rows": 133, "Plan Width": 50, "Actual Min Startup Time": 367.835, "Actual Max Startup Time": 367.835, "Actual Min Total Time": 403.986, "Actual Max Total Time": 403.986, "Inner Unique": false, "Join Filter": "(mi.info_type_id = it1.id)", "Rows Removed by Join Filter": 95197, "Plans": [{"Node Type": "Seq Scan", "Parent Relationship": "Outer", "Relation Name": "info_type", "Alias": "it1", "Startup Cost": 0.0, "Total Cost": 2.4, "Plan Rows": 1, "Plan Width": 4, "Actual Min Startup Time": 0.057, "Actual Max Startup Time": 0.057, "Actual Min Total Time": 0.07, "Actual Max Total Time": 0.07, "Filter": "((info)::text = 'budget'::text)", "Rows Removed by Filter": 111, "Actual Rows": 1}, {"Node Type": "Materialize", "Parent Relationship": "Inner", "Startup Cost": 0.0, "Total Cost": 29789.56, "Plan Rows": 1561, "Plan Width": 54, "Actual Min Startup Time": 367.762, "Actual Max Startup Time": 367.762, "Actual Min Total Time": 379.616, "Actual Max Total Time": 379.616, "Plans": [{"Node Type": "Nested Loop", "Parent Relationship": "Outer", "Join Type": "Inner", "Startup Cost": 0.0, "Total Cost": 29785.66, "Plan Rows": 1561, "Plan Width": 54, "Actual Min Startup Time": 19.961, "Actual Max Startup Time": 19.961, "Actual Min Total Time": 340.588, "Actual Max Total Time": 340.588, "Inner Unique": false, "Plans": [{"Node Type": "Nested Loop", "Parent Relationship": "Outer", "Join Type": "Inner", "Startup Cost": 0.0, "Total Cost": 29565.43, "Plan Rows": 294, "Plan Width": 4, "Actual Min Startup Time": 19.942, "Actual Max Startup Time": 19.942, "Actual Min Total Time": 192.495, "Actual Max Total Time": 192.495, "Inner Unique": false, "Plans": [{"Node Type": "Streaming(type: LOCAL GATHER dop: 1/16)", "Parent Relationship": "Outer", "Startup Cost": 0.0, "Total Cost": 22123.07, "Plan Rows": 173, "Plan Width": 4, "Actual Min Startup Time": 19.553, "Actual Max Startup Time": 19.553, "Actual Min Total Time": 61.065, "Actual Max Total Time": 61.065, "Plans": [{"Node Type": "Seq Scan", "Parent Relationship": "Outer", "Relation Name": "name", "Alias": "n", "Startup Cost": 0.0, "Total Cost": 22119.33, "Plan Rows": 173, "Plan Width": 4, "Actual Min Startup Time": 0.032, "Actual Max Startup Time": 0.834, "Actual Min Total Time": 101.822, "Actual Max Total Time": 105.99, "Filter": "(((name)::text ~~ '%Tim%'::text) AND ((gender)::text = 'm'::text))", "Rows Removed by Filter": 4158428, "Actual Rows": 9062}], "Actual Rows": 9062}, {"Node Type": "Index Scan", "Parent Relationship": "Inner", "Scan Direction": "Forward", "Index Name": "person_id_cast_info", "Relation Name": "cast_info", "Alias": "ci", "Startup Cost": 0.0, "Total Cost": 43.0, "Plan Rows": 2, "Plan Width": 8, "Actual Min Startup Time": 105.697, "Actual Max Startup Time": 105.697, "Actual Min Total Time": 124.933, "Actual Max Total Time": 124.933, "Index Cond": "(person_id = n.id)", "Rows Removed by Index Recheck": 0, "Filter": "((note)::text = ANY ('{(producer),\"(executive producer)\"}'::text[]))", "Rows Removed by Filter": 89309, "Actual Rows": 6719}], "Actual Rows": 6719}, {"Node Type": "Index Scan", "Parent Relationship": "Inner", "Scan Direction": "Forward", "Index Name": "movie_id_movie_info", "Relation Name": "movie_info", "Alias": "mi", "Startup Cost": 0.0, "Total Cost": 0.7, "Plan Rows": 5, "Plan Width": 50, "Actual Min Startup Time": 39.487, "Actual Max Startup Time": 39.487, "Actual Min Total Time": 123.948, "Actual Max Total Time": 123.948, "Index Cond": "(movie_id = ci.movie_id)", "Rows Removed by Index Recheck": 0, "Actual Rows": 95896}], "Actual Rows": 95896}], "Actual Rows": 95897}], "Actual Rows": 699}, {"Node Type": "Index Scan", "Parent Relationship": "Inner", "Scan Direction": "Forward", "Index Name": "movie_id_movie_info_idx", "Relation Name": "movie_info_idx", "Alias": "mi_idx", "Startup Cost": 0.0, "Total Cost": 0.29, "Plan Rows": 2, "Plan Width": 13, "Actual Min Startup Time": 4.625, "Actual Max Startup Time": 4.625, "Actual Min Total Time": 5.128, "Actual Max Total Time": 5.128, "Index Cond": "(movie_id = mi.movie_id)", "Rows Removed by Index Recheck": 0, "Actual Rows": 1235}], "Actual Rows": 1235}], "Actual Rows": 410}, {"Node Type": "Index Scan", "Parent Relationship": "Inner", "Scan Direction": "Forward", "Index Name": "title_pkey", "Relation Name": "title", "Alias": "t", "Startup Cost": 0.0, "Total Cost": 0.28, "Plan Rows": 1, "Plan Width": 21, "Actual Min Startup Time": 3.196, "Actual Max Startup Time": 3.196, "Actual Min Total Time": 3.196, "Actual Max Total Time": 3.196, "Index Cond": "(id = mi.movie_id)", "Rows Removed by Index Recheck": 0, "Actual Rows": 410}], "Actual Rows": 410}], "Actual Rows": 1}, "Triggers": [], "Planner Runtime": 98.942, "Total Runtime": 419.394, "Unique SQL Id": 4264520866}}, "(16, '33')": {"explain_plan": {"Plan": {"Node Type": "Aggregate", "Strategy": "Plain", "Startup Cost": 161086.29, "Total Cost": 161086.3, "Plan Rows": 1, "Plan Width": 160, "Plans": [{"Node Type": "Nested Loop", "Parent Relationship": "Outer", "Join Type": "Inner", "Startup Cost": 0.0, "Total Cost": 161086.22, "Plan Rows": 9, "Plan Width": 64, "Inner Unique": true, "Plans": [{"Node Type": "Nested Loop", "Parent Relationship": "Outer", "Join Type": "Inner", "Startup Cost": 0.0, "Total Cost": 161083.6, "Plan Rows": 9, "Plan Width": 59, "Inner Unique": false, "Join Filter": "(mi.info_type_id = it1.id)", "Plans": [{"Node Type": "Index Scan", "Parent Relationship": "Outer", "Scan Direction": "Forward", "Index Name": "info_type_pkey", "Relation Name": "info_type", "Alias": "it1", "Startup Cost": 0.0, "Total Cost": 14.21, "Plan Rows": 1, "Plan Width": 4, "Filter": "((info)::text = 'budget'::text)"}, {"Node Type": "Nested Loop", "Parent Relationship": "Inner", "Join Type": "Inner", "Startup Cost": 0.0, "Total Cost": 161065.9, "Plan Rows": 279, "Plan Width": 63, "Inner Unique": false, "Join Filter": "(mi_idx.movie_id = mi.movie_id)", "Plans": [{"Node Type": "Nested Loop", "Parent Relationship": "Outer", "Join Type": "Inner", "Startup Cost": 0.0, "Total Cost": 161026.3, "Plan Rows": 52, "Plan Width": 13, "Inner Unique": false, "Join Filter": "(mi_idx.info_type_id = it2.id)", "Plans": [{"Node Type": "Index Scan", "Parent Relationship": "Outer", "Scan Direction": "Forward", "Index Name": "info_type_pkey", "Relation Name": "info_type", "Alias": "it2", "Startup Cost": 0.0, "Total Cost": 14.21, "Plan Rows": 1, "Plan Width": 4, "Filter": "((info)::text = 'votes'::text)"}, {"Node Type": "Materialize", "Parent Relationship": "Inner", "Startup Cost": 0.0, "Total Cost": 161008.63, "Plan Rows": 346, "Plan Width": 17, "Plans": [{"Node Type": "Nested Loop", "Parent Relationship": "Outer", "Join Type": "Inner", "Startup Cost": 0.0, "Total Cost": 161007.76, "Plan Rows": 346, "Plan Width": 17, "Inner Unique": false, "Plans": [{"Node Type": "Nested Loop", "Parent Relationship": "Outer", "Join Type": "Inner", "Startup Cost": 0.0, "Total Cost": 160910.97, "Plan Rows": 294, "Plan Width": 4, "Inner Unique": false, "Plans": [{"Node Type": "Streaming(type: LOCAL GATHER dop: 1/16)", "Parent Relationship": "Outer", "Startup Cost": 0.0, "Total Cost": 153468.6, "Plan Rows": 173, "Plan Width": 4, "Plans": [{"Node Type": "Index Scan", "Parent Relationship": "Outer", "Scan Direction": "Forward", "Index Name": "name_pkey", "Relation Name": "name", "Alias": "n", "Startup Cost": 0.0, "Total Cost": 153464.87, "Plan Rows": 173, "Plan Width": 4, "Filter": "(((name)::text ~~ '%Tim%'::text) AND ((gender)::text = 'm'::text))"}]}, {"Node Type": "Index Scan", "Parent Relationship": "Inner", "Scan Direction": "Forward", "Index Name": "person_id_cast_info", "Relation Name": "cast_info", "Alias": "ci", "Startup Cost": 0.0, "Total Cost": 43.0, "Plan Rows": 2, "Plan Width": 8, "Index Cond": "(person_id = n.id)", "Filter": "((note)::text = ANY ('{(producer),\"(executive producer)\"}'::text[]))"}]}, {"Node Type": "Index Scan", "Parent Relationship": "Inner", "Scan Direction": "Forward", "Index Name": "movie_id_movie_info_idx", "Relation Name": "movie_info_idx", "Alias": "mi_idx", "Startup Cost": 0.0, "Total Cost": 0.31, "Plan Rows": 2, "Plan Width": 13, "Index Cond": "(movie_id = ci.movie_id)"}]}]}]}, {"Node Type": "Index Scan", "Parent Relationship": "Inner", "Scan Direction": "Forward", "Index Name": "movie_id_movie_info", "Relation Name": "movie_info", "Alias": "mi", "Startup Cost": 0.0, "Total Cost": 0.7, "Plan Rows": 5, "Plan Width": 50, "Index Cond": "(movie_id = ci.movie_id)"}]}]}, {"Node Type": "Index Scan", "Parent Relationship": "Inner", "Scan Direction": "Forward", "Index Name": "title_pkey", "Relation Name": "title", "Alias": "t", "Startup Cost": 0.0, "Total Cost": 0.28, "Plan Rows": 1, "Plan Width": 21, "Index Cond": "(id = mi.movie_id)"}]}]}, "Unique SQL Id": 4264520866, "Planner Runtime": 31}, "explain_analyze_plan": {"Plan": {"Node Type": "Aggregate", "Strategy": "Plain", "Startup Cost": 161086.29, "Total Cost": 161086.3, "Plan Rows": 1, "Plan Width": 160, "Actual Min Startup Time": 476.62, "Actual Max Startup Time": 476.62, "Actual Min Total Time": 476.62, "Actual Max Total Time": 476.62, "Plans": [{"Node Type": "Nested Loop", "Parent Relationship": "Outer", "Join Type": "Inner", "Startup Cost": 0.0, "Total Cost": 161086.22, "Plan Rows": 9, "Plan Width": 64, "Actual Min Startup Time": 335.708, "Actual Max Startup Time": 335.708, "Actual Min Total Time": 476.138, "Actual Max Total Time": 476.138, "Inner Unique": true, "Plans": [{"Node Type": "Nested Loop", "Parent Relationship": "Outer", "Join Type": "Inner", "Startup Cost": 0.0, "Total Cost": 161083.6, "Plan Rows": 9, "Plan Width": 59, "Actual Min Startup Time": 335.689, "Actual Max Startup Time": 335.689, "Actual Min Total Time": 472.481, "Actual Max Total Time": 472.481, "Inner Unique": false, "Join Filter": "(mi.info_type_id = it1.id)", "Rows Removed by Join Filter": 81998, "Plans": [{"Node Type": "Index Scan", "Parent Relationship": "Outer", "Scan Direction": "Forward", "Index Name": "info_type_pkey", "Relation Name": "info_type", "Alias": "it1", "Startup Cost": 0.0, "Total Cost": 14.21, "Plan Rows": 1, "Plan Width": 4, "Actual Min Startup Time": 0.084, "Actual Max Startup Time": 0.084, "Actual Min Total Time": 0.09, "Actual Max Total Time": 0.09, "Filter": "((info)::text = 'budget'::text)", "Rows Removed by Filter": 111, "Actual Rows": 1}, {"Node Type": "Nested Loop", "Parent Relationship": "Inner", "Join Type": "Inner", "Startup Cost": 0.0, "Total Cost": 161065.9, "Plan Rows": 279, "Plan Width": 63, "Actual Min Startup Time": 335.581, "Actual Max Startup Time": 335.581, "Actual Min Total Time": 456.706, "Actual Max Total Time": 456.706, "Inner Unique": false, "Join Filter": "(mi_idx.movie_id = mi.movie_id)", "Rows Removed by Join Filter": 0, "Plans": [{"Node Type": "Nested Loop", "Parent Relationship": "Outer", "Join Type": "Inner", "Startup Cost": 0.0, "Total Cost": 161026.3, "Plan Rows": 52, "Plan Width": 13, "Actual Min Startup Time": 335.557, "Actual Max Startup Time": 335.557, "Actual Min Total Time": 339.703, "Actual Max Total Time": 339.703, "Inner Unique": false, "Join Filter": "(mi_idx.info_type_id = it2.id)", "Rows Removed by Join Filter": 6875, "Plans": [{"Node Type": "Index Scan", "Parent Relationship": "Outer", "Scan Direction": "Forward", "Index Name": "info_type_pkey", "Relation Name": "info_type", "Alias": "it2", "Startup Cost": 0.0, "Total Cost": 14.21, "Plan Rows": 1, "Plan Width": 4, "Actual Min Startup Time": 0.071, "Actual Max Startup Time": 0.071, "Actual Min Total Time": 0.081, "Actual Max Total Time": 0.081, "Filter": "((info)::text = 'votes'::text)", "Rows Removed by Filter": 111, "Actual Rows": 1}, {"Node Type": "Materialize", "Parent Relationship": "Inner", "Startup Cost": 0.0, "Total Cost": 161008.63, "Plan Rows": 346, "Plan Width": 17, "Actual Min Startup Time": 335.472, "Actual Max Startup Time": 335.472, "Actual Min Total Time": 336.702, "Actual Max Total Time": 336.702, "Plans": [{"Node Type": "Nested Loop", "Parent Relationship": "Outer", "Join Type": "Inner", "Startup Cost": 0.0, "Total Cost": 161007.76, "Plan Rows": 346, "Plan Width": 17, "Actual Min Startup Time": 70.179, "Actual Max Startup Time": 70.179, "Actual Min Total Time": 332.484, "Actual Max Total Time": 332.484, "Inner Unique": false, "Plans": [{"Node Type": "Nested Loop", "Parent Relationship": "Outer", "Join Type": "Inner", "Startup Cost": 0.0, "Total Cost": 160910.97, "Plan Rows": 294, "Plan Width": 4, "Actual Min Startup Time": 70.149, "Actual Max Startup Time": 70.149, "Actual Min Total Time": 294.567, "Actual Max Total Time": 294.567, "Inner Unique": false, "Plans": [{"Node Type": "Streaming(type: LOCAL GATHER dop: 1/16)", "Parent Relationship": "Outer", "Startup Cost": 0.0, "Total Cost": 153468.6, "Plan Rows": 173, "Plan Width": 4, "Actual Min Startup Time": 70.006, "Actual Max Startup Time": 70.006, "Actual Min Total Time": 165.071, "Actual Max Total Time": 165.071, "Plans": [{"Node Type": "Index Scan", "Parent Relationship": "Outer", "Scan Direction": "Forward", "Index Name": "name_pkey", "Relation Name": "name", "Alias": "n", "Startup Cost": 0.0, "Total Cost": 153464.87, "Plan Rows": 173, "Plan Width": 4, "Actual Min Startup Time": 39.742, "Actual Max Startup Time": 299.64, "Actual Min Total Time": 272.13, "Actual Max Total Time": 304.338, "Filter": "(((name)::text ~~ '%Tim%'::text) AND ((gender)::text = 'm'::text))", "Rows Removed by Filter": 4158428, "Actual Rows": 9062}], "Actual Rows": 9062}, {"Node Type": "Index Scan", "Parent Relationship": "Inner", "Scan Direction": "Forward", "Index Name": "person_id_cast_info", "Relation Name": "cast_info", "Alias": "ci", "Startup Cost": 0.0, "Total Cost": 43.0, "Plan Rows": 2, "Plan Width": 8, "Actual Min Startup Time": 104.11, "Actual Max Startup Time": 104.11, "Actual Min Total Time": 123.266, "Actual Max Total Time": 123.266, "Index Cond": "(person_id = n.id)", "Rows Removed by Index Recheck": 0, "Filter": "((note)::text = ANY ('{(producer),\"(executive producer)\"}'::text[]))", "Rows Removed by Filter": 89309, "Actual Rows": 6719}], "Actual Rows": 6719}, {"Node Type": "Index Scan", "Parent Relationship": "Inner", "Scan Direction": "Forward", "Index Name": "movie_id_movie_info_idx", "Relation Name": "movie_info_idx", "Alias": "mi_idx", "Startup Cost": 0.0, "Total Cost": 0.31, "Plan Rows": 2, "Plan Width": 13, "Actual Min Startup Time": 28.123, "Actual Max Startup Time": 28.123, "Actual Min Total Time": 32.253, "Actual Max Total Time": 32.253, "Index Cond": "(movie_id = ci.movie_id)", "Rows Removed by Index Recheck": 0, "Actual Rows": 10310}], "Actual Rows": 10310}], "Actual Rows": 10311}], "Actual Rows": 3435}, {"Node Type": "Index Scan", "Parent Relationship": "Inner", "Scan Direction": "Forward", "Index Name": "movie_id_movie_info", "Relation Name": "movie_info", "Alias": "mi", "Startup Cost": 0.0, "Total Cost": 0.7, "Plan Rows": 5, "Plan Width": 50, "Actual Min Startup Time": 21.885, "Actual Max Startup Time": 21.885, "Actual Min Total Time": 88.131, "Actual Max Total Time": 88.131, "Index Cond": "(movie_id = ci.movie_id)", "Rows Removed by Index Recheck": 0, "Actual Rows": 82408}], "Actual Rows": 82408}], "Actual Rows": 410}, {"Node Type": "Index Scan", "Parent Relationship": "Inner", "Scan Direction": "Forward", "Index Name": "title_pkey", "Relation Name": "title", "Alias": "t", "Startup Cost": 0.0, "Total Cost": 0.28, "Plan Rows": 1, "Plan Width": 21, "Actual Min Startup Time": 3.252, "Actual Max Startup Time": 3.252, "Actual Min Total Time": 3.252, "Actual Max Total Time": 3.252, "Index Cond": "(id = mi.movie_id)", "Rows Removed by Index Recheck": 0, "Actual Rows": 410}], "Actual Rows": 410}], "Actual Rows": 1}, "Triggers": [], "Planner Runtime": 49.928, "Total Runtime": 479.326, "Unique SQL Id": 4264520866}}, "(16, '34')": {"explain_plan": {"Plan": {"Node Type": "Aggregate", "Strategy": "Plain", "Startup Cost": 37266.11, "Total Cost": 37266.12, "Plan Rows": 1, "Plan Width": 160, "Plans": [{"Node Type": "Nested Loop", "Parent Relationship": "Outer", "Join Type": "Inner", "Startup Cost": 5.3, "Total Cost": 37266.05, "Plan Rows": 8, "Plan Width": 64, "Inner Unique": true, "Plans": [{"Node Type": "Nested Loop", "Parent Relationship": "Outer", "Join Type": "Inner", "Startup Cost": 5.04, "Total Cost": 37227.51, "Plan Rows": 9, "Plan Width": 59, "Inner Unique": false, "Join Filter": "(mi_idx.info_type_id = it2.id)", "Plans": [{"Node Type": "Seq Scan", "Parent Relationship": "Outer", "Relation Name": "info_type", "Alias": "it2", "Startup Cost": 0.0, "Total Cost": 2.4, "Plan Rows": 1, "Plan Width": 4, "Filter": "((info)::text = 'votes'::text)"}, {"Node Type": "Nested Loop", "Parent Relationship": "Inner", "Join Type": "Inner", "Startup Cost": 5.04, "Total Cost": 37224.68, "Plan Rows": 34, "Plan Width": 63, "Inner Unique": false, "Plans": [{"Node Type": "Nested Loop", "Parent Relationship": "Outer", "Join Type": "Inner", "Startup Cost": 4.77, "Total Cost": 36651.22, "Plan Rows": 133, "Plan Width": 50, "Inner Unique": false, "Join Filter": "(mi.info_type_id = it1.id)", "Plans": [{"Node Type": "Seq Scan", "Parent Relationship": "Outer", "Relation Name": "info_type", "Alias": "it1", "Startup Cost": 0.0, "Total Cost": 2.4, "Plan Rows": 1, "Plan Width": 4, "Filter": "((info)::text = 'budget'::text)"}, {"Node Type": "Materialize", "Parent Relationship": "Inner", "Startup Cost": 4.77, "Total Cost": 36633.21, "Plan Rows": 1561, "Plan Width": 54, "Plans": [{"Node Type": "Nested Loop", "Parent Relationship": "Outer", "Join Type": "Inner", "Startup Cost": 4.77, "Total Cost": 36629.3, "Plan Rows": 1561, "Plan Width": 54, "Inner Unique": false, "Plans": [{"Node Type": "Nested Loop", "Parent Relationship": "Outer", "Join Type": "Inner", "Startup Cost": 4.39, "Total Cost": 35306.9, "Plan Rows": 294, "Plan Width": 4, "Inner Unique": false, "Plans": [{"Node Type": "Streaming(type: LOCAL GATHER dop: 1/16)", "Parent Relationship": "Outer", "Startup Cost": 0.0, "Total Cost": 22123.07, "Plan Rows": 173, "Plan Width": 4, "Plans": [{"Node Type": "Seq Scan", "Parent Relationship": "Outer", "Relation Name": "name", "Alias": "n", "Startup Cost": 0.0, "Total Cost": 22119.33, "Plan Rows": 173, "Plan Width": 4, "Filter": "(((name)::text ~~ '%Tim%'::text) AND ((gender)::text = 'm'::text))"}]}, {"Node Type": "Bitmap Heap Scan", "Parent Relationship": "Inner", "Relation Name": "cast_info", "Alias": "ci", "Startup Cost": 4.39, "Total Cost": 76.19, "Plan Rows": 2, "Plan Width": 8, "Recheck Cond": "(person_id = n.id)", "Filter": "((note)::text = ANY ('{(producer),\"(executive producer)\"}'::text[]))", "Plans": [{"Node Type": "Bitmap Index Scan", "Parent Relationship": "Outer", "Index Name": "person_id_cast_info", "Startup Cost": 0.0, "Total Cost": 4.38, "Plan Rows": 18, "Plan Width": 0, "Index Cond": "(person_id = n.id)"}]}]}, {"Node Type": "Bitmap Heap Scan", "Parent Relationship": "Inner", "Relation Name": "movie_info", "Alias": "mi", "Startup Cost": 0.39, "Total Cost": 4.45, "Plan Rows": 5, "Plan Width": 50, "Recheck Cond": "(movie_id = ci.movie_id)", "Plans": [{"Node Type": "Bitmap Index Scan", "Parent Relationship": "Outer", "Index Name": "movie_id_movie_info", "Startup Cost": 0.0, "Total Cost": 0.38, "Plan Rows": 5, "Plan Width": 0, "Index Cond": "(movie_id = ci.movie_id)"}]}]}]}]}, {"Node Type": "Bitmap Heap Scan", "Parent Relationship": "Inner", "Relation Name": "movie_info_idx", "Alias": "mi_idx", "Startup Cost": 0.27, "Total Cost": 4.29, "Plan Rows": 2, "Plan Width": 13, "Recheck Cond": "(movie_id = mi.movie_id)", "Plans": [{"Node Type": "Bitmap Index Scan", "Parent Relationship": "Outer", "Index Name": "movie_id_movie_info_idx", "Startup Cost": 0.0, "Total Cost": 0.27, "Plan Rows": 2, "Plan Width": 0, "Index Cond": "(movie_id = mi.movie_id)"}]}]}]}, {"Node Type": "Bitmap Heap Scan", "Parent Relationship": "Inner", "Relation Name": "title", "Alias": "t", "Startup Cost": 0.26, "Total Cost": 4.27, "Plan Rows": 1, "Plan Width": 21, "Recheck Cond": "(id = mi.movie_id)", "Plans": [{"Node Type": "Bitmap Index Scan", "Parent Relationship": "Outer", "Index Name": "title_pkey", "Startup Cost": 0.0, "Total Cost": 0.26, "Plan Rows": 1, "Plan Width": 0, "Index Cond": "(id = mi.movie_id)"}]}]}]}, "Unique SQL Id": 4264520866, "Planner Runtime": 104}, "explain_analyze_plan": {"Plan": {"Node Type": "Aggregate", "Strategy": "Plain", "Startup Cost": 37266.11, "Total Cost": 37266.12, "Plan Rows": 1, "Plan Width": 160, "Actual Min Startup Time": 475.085, "Actual Max Startup Time": 475.085, "Actual Min Total Time": 475.086, "Actual Max Total Time": 475.086, "Plans": [{"Node Type": "Nested Loop", "Parent Relationship": "Outer", "Join Type": "Inner", "Startup Cost": 5.3, "Total Cost": 37266.05, "Plan Rows": 8, "Plan Width": 64, "Actual Min Startup Time": 425.187, "Actual Max Startup Time": 425.187, "Actual Min Total Time": 474.609, "Actual Max Total Time": 474.609, "Inner Unique": true, "Plans": [{"Node Type": "Nested Loop", "Parent Relationship": "Outer", "Join Type": "Inner", "Startup Cost": 5.04, "Total Cost": 37227.51, "Plan Rows": 9, "Plan Width": 59, "Actual Min Startup Time": 425.165, "Actual Max Startup Time": 425.165, "Actual Min Total Time": 470.369, "Actual Max Total Time": 470.369, "Inner Unique": false, "Join Filter": "(mi_idx.info_type_id = it2.id)", "Rows Removed by Join Filter": 825, "Plans": [{"Node Type": "Seq Scan", "Parent Relationship": "Outer", "Relation Name": "info_type", "Alias": "it2", "Startup Cost": 0.0, "Total Cost": 2.4, "Plan Rows": 1, "Plan Width": 4, "Actual Min Startup Time": 0.062, "Actual Max Startup Time": 0.062, "Actual Min Total Time": 0.069, "Actual Max Total Time": 0.069, "Filter": "((info)::text = 'votes'::text)", "Rows Removed by Filter": 111, "Actual Rows": 1}, {"Node Type": "Nested Loop", "Parent Relationship": "Inner", "Join Type": "Inner", "Startup Cost": 5.04, "Total Cost": 37224.68, "Plan Rows": 34, "Plan Width": 63, "Actual Min Startup Time": 425.092, "Actual Max Startup Time": 425.092, "Actual Min Total Time": 467.875, "Actual Max Total Time": 467.875, "Inner Unique": false, "Plans": [{"Node Type": "Nested Loop", "Parent Relationship": "Outer", "Join Type": "Inner", "Startup Cost": 4.77, "Total Cost": 36651.22, "Plan Rows": 133, "Plan Width": 50, "Actual Min Startup Time": 424.968, "Actual Max Startup Time": 424.968, "Actual Min Total Time": 461.082, "Actual Max Total Time": 461.082, "Inner Unique": false, "Join Filter": "(mi.info_type_id = it1.id)", "Rows Removed by Join Filter": 95197, "Plans": [{"Node Type": "Seq Scan", "Parent Relationship": "Outer", "Relation Name": "info_type", "Alias": "it1", "Startup Cost": 0.0, "Total Cost": 2.4, "Plan Rows": 1, "Plan Width": 4, "Actual Min Startup Time": 0.061, "Actual Max Startup Time": 0.061, "Actual Min Total Time": 0.071, "Actual Max Total Time": 0.071, "Filter": "((info)::text = 'budget'::text)", "Rows Removed by Filter": 111, "Actual Rows": 1}, {"Node Type": "Materialize", "Parent Relationship": "Inner", "Startup Cost": 4.77, "Total Cost": 36633.21, "Plan Rows": 1561, "Plan Width": 54, "Actual Min Startup Time": 424.891, "Actual Max Startup Time": 424.891, "Actual Min Total Time": 436.848, "Actual Max Total Time": 436.848, "Plans": [{"Node Type": "Nested Loop", "Parent Relationship": "Outer", "Join Type": "Inner", "Startup Cost": 4.77, "Total Cost": 36629.3, "Plan Rows": 1561, "Plan Width": 54, "Actual Min Startup Time": 20.314, "Actual Max Startup Time": 20.314, "Actual Min Total Time": 398.04, "Actual Max Total Time": 398.04, "Inner Unique": false, "Plans": [{"Node Type": "Nested Loop", "Parent Relationship": "Outer", "Join Type": "Inner", "Startup Cost": 4.39, "Total Cost": 35306.9, "Plan Rows": 294, "Plan Width": 4, "Actual Min Startup Time": 20.288, "Actual Max Startup Time": 20.288, "Actual Min Total Time": 223.304, "Actual Max Total Time": 223.304, "Inner Unique": false, "Plans": [{"Node Type": "Streaming(type: LOCAL GATHER dop: 1/16)", "Parent Relationship": "Outer", "Startup Cost": 0.0, "Total Cost": 22123.07, "Plan Rows": 173, "Plan Width": 4, "Actual Min Startup Time": 19.908, "Actual Max Startup Time": 19.908, "Actual Min Total Time": 74.794, "Actual Max Total Time": 74.794, "Plans": [{"Node Type": "Seq Scan", "Parent Relationship": "Outer", "Relation Name": "name", "Alias": "n", "Startup Cost": 0.0, "Total Cost": 22119.33, "Plan Rows": 173, "Plan Width": 4, "Actual Min Startup Time": 0.034, "Actual Max Startup Time": 0.845, "Actual Min Total Time": 101.725, "Actual Max Total Time": 106.128, "Filter": "(((name)::text ~~ '%Tim%'::text) AND ((gender)::text = 'm'::text))", "Rows Removed by Filter": 4158428, "Actual Rows": 9062}], "Actual Rows": 9062}, {"Node Type": "Bitmap Heap Scan", "Parent Relationship": "Inner", "Relation Name": "cast_info", "Alias": "ci", "Startup Cost": 4.39, "Total Cost": 76.19, "Plan Rows": 2, "Plan Width": 8, "Actual Min Startup Time": 120.127, "Actual Max Startup Time": 120.127, "Actual Min Total Time": 136.076, "Actual Max Total Time": 136.076, "Recheck Cond": "(person_id = n.id)", "Rows Removed by Index Recheck": 0, "Filter": "((note)::text = ANY ('{(producer),\"(executive producer)\"}'::text[]))", "Rows Removed by Filter": 89309, "Exact Heap Blocks": 13336, "Lossy Heap Blocks": 13336, "Plans": [{"Node Type": "Bitmap Index Scan", "Parent Relationship": "Outer", "Index Name": "person_id_cast_info", "Startup Cost": 0.0, "Total Cost": 4.38, "Plan Rows": 18, "Plan Width": 0, "Actual Min Startup Time": 50.638, "Actual Max Startup Time": 50.638, "Actual Min Total Time": 50.638, "Actual Max Total Time": 50.638, "Index Cond": "(person_id = n.id)", "Actual Rows": 96028}], "Actual Rows": 6719}], "Actual Rows": 6719}, {"Node Type": "Bitmap Heap Scan", "Parent Relationship": "Inner", "Relation Name": "movie_info", "Alias": "mi", "Startup Cost": 0.39, "Total Cost": 4.45, "Plan Rows": 5, "Plan Width": 50, "Actual Min Startup Time": 62.515, "Actual Max Startup Time": 62.515, "Actual Min Total Time": 146.605, "Actual Max Total Time": 146.605, "Recheck Cond": "(movie_id = ci.movie_id)", "Rows Removed by Index Recheck": 0, "Exact Heap Blocks": 40013, "Lossy Heap Blocks": 40013, "Plans": [{"Node Type": "Bitmap Index Scan", "Parent Relationship": "Outer", "Index Name": "movie_id_movie_info", "Startup Cost": 0.0, "Total Cost": 0.38, "Plan Rows": 5, "Plan Width": 0, "Actual Min Startup Time": 43.719, "Actual Max Startup Time": 43.719, "Actual Min Total Time": 43.719, "Actual Max Total Time": 43.719, "Index Cond": "(movie_id = ci.movie_id)", "Actual Rows": 95896}], "Actual Rows": 95896}], "Actual Rows": 95896}], "Actual Rows": 95897}], "Actual Rows": 699}, {"Node Type": "Bitmap Heap Scan", "Parent Relationship": "Inner", "Relation Name": "movie_info_idx", "Alias": "mi_idx", "Startup Cost": 0.27, "Total Cost": 4.29, "Plan Rows": 2, "Plan Width": 13, "Actual Min Startup Time": 5.494, "Actual Max Startup Time": 5.494, "Actual Min Total Time": 5.674, "Actual Max Total Time": 5.674, "Recheck Cond": "(movie_id = mi.movie_id)", "Rows Removed by Index Recheck": 0, "Exact Heap Blocks": 419, "Lossy Heap Blocks": 419, "Plans": [{"Node Type": "Bitmap Index Scan", "Parent Relationship": "Outer", "Index Name": "movie_id_movie_info_idx", "Startup Cost": 0.0, "Total Cost": 0.27, "Plan Rows": 2, "Plan Width": 0, "Actual Min Startup Time": 3.934, "Actual Max Startup Time": 3.934, "Actual Min Total Time": 3.934, "Actual Max Total Time": 3.934, "Index Cond": "(movie_id = mi.movie_id)", "Actual Rows": 1235}], "Actual Rows": 1235}], "Actual Rows": 1235}], "Actual Rows": 410}, {"Node Type": "Bitmap Heap Scan", "Parent Relationship": "Inner", "Relation Name": "title", "Alias": "t", "Startup Cost": 0.26, "Total Cost": 4.27, "Plan Rows": 1, "Plan Width": 21, "Actual Min Startup Time": 3.688, "Actual Max Startup Time": 3.688, "Actual Min Total Time": 3.688, "Actual Max Total Time": 3.688, "Recheck Cond": "(id = mi.movie_id)", "Rows Removed by Index Recheck": 0, "Exact Heap Blocks": 410, "Lossy Heap Blocks": 410, "Plans": [{"Node Type": "Bitmap Index Scan", "Parent Relationship": "Outer", "Index Name": "title_pkey", "Startup Cost": 0.0, "Total Cost": 0.26, "Plan Rows": 1, "Plan Width": 0, "Actual Min Startup Time": 2.285, "Actual Max Startup Time": 2.285, "Actual Min Total Time": 2.285, "Actual Max Total Time": 2.285, "Index Cond": "(id = mi.movie_id)", "Actual Rows": 410}], "Actual Rows": 410}], "Actual Rows": 410}], "Actual Rows": 1}, "Triggers": [], "Planner Runtime": 114.526, "Total Runtime": 478.18, "Unique SQL Id": 4264520866}}, "(16, '35')": {"explain_plan": {"Plan": {"Node Type": "Aggregate", "Strategy": "Plain", "Startup Cost": 211886.14, "Total Cost": 211886.15, "Plan Rows": 1, "Plan Width": 160, "Plans": [{"Node Type": "Nested Loop", "Parent Relationship": "Outer", "Join Type": "Inner", "Startup Cost": 83172.11, "Total Cost": 211886.07, "Plan Rows": 9, "Plan Width": 64, "Inner Unique": true, "Plans": [{"Node Type": "Nested Loop", "Parent Relationship": "Outer", "Join Type": "Inner", "Startup Cost": 83171.85, "Total Cost": 211847.52, "Plan Rows": 9, "Plan Width": 59, "Inner Unique": true, "Plans": [{"Node Type": "Nested Loop", "Parent Relationship": "Outer", "Join Type": "Inner", "Startup Cost": 83171.59, "Total Cost": 211701.91, "Plan Rows": 34, "Plan Width": 63, "Inner Unique": false, "Plans": [{"Node Type": "Nested Loop", "Parent Relationship": "Outer", "Join Type": "Inner", "Startup Cost": 83171.32, "Total Cost": 211607.05, "Plan Rows": 22, "Plan Width": 50, "Inner Unique": false, "Join Filter": "(mi.info_type_id = it1.id)", "Plans": [{"Node Type": "Bitmap Heap Scan", "Parent Relationship": "Outer", "Relation Name": "info_type", "Alias": "it1", "Startup Cost": 8.81, "Total Cost": 14.21, "Plan Rows": 1, "Plan Width": 4, "Filter": "((info)::text = 'budget'::text)", "Plans": [{"Node Type": "Bitmap Index Scan", "Parent Relationship": "Outer", "Index Name": "info_type_pkey", "Startup Cost": 0.0, "Total Cost": 8.81, "Plan Rows": 112, "Plan Width": 0}]}, {"Node Type": "Nested Loop", "Parent Relationship": "Inner", "Join Type": "Inner", "Startup Cost": 83162.51, "Total Cost": 211573.33, "Plan Rows": 1561, "Plan Width": 54, "Inner Unique": false, "Plans": [{"Node Type": "Nested Loop", "Parent Relationship": "Outer", "Join Type": "Inner", "Startup Cost": 83162.13, "Total Cost": 210250.93, "Plan Rows": 294, "Plan Width": 4, "Inner Unique": false, "Plans": [{"Node Type": "Bitmap Heap Scan", "Parent Relationship": "Outer", "Relation Name": "name", "Alias": "n", "Startup Cost": 83157.74, "Total Cost": 197067.09, "Plan Rows": 173, "Plan Width": 4, "Filter": "(((name)::text ~~ '%Tim%'::text) AND ((gender)::text = 'm'::text))", "Plans": [{"Node Type": "Bitmap Index Scan", "Parent Relationship": "Outer", "Index Name": "name_pkey", "Startup Cost": 0.0, "Total Cost": 83157.7, "Plan Rows": 4167490, "Plan Width": 0}]}, {"Node Type": "Bitmap Heap Scan", "Parent Relationship": "Inner", "Relation Name": "cast_info", "Alias": "ci", "Startup Cost": 4.39, "Total Cost": 76.19, "Plan Rows": 2, "Plan Width": 8, "Recheck Cond": "(person_id = n.id)", "Filter": "((note)::text = ANY ('{(producer),\"(executive producer)\"}'::text[]))", "Plans": [{"Node Type": "Bitmap Index Scan", "Parent Relationship": "Outer", "Index Name": "person_id_cast_info", "Startup Cost": 0.0, "Total Cost": 4.38, "Plan Rows": 18, "Plan Width": 0, "Index Cond": "(person_id = n.id)"}]}]}, {"Node Type": "Bitmap Heap Scan", "Parent Relationship": "Inner", "Relation Name": "movie_info", "Alias": "mi", "Startup Cost": 0.39, "Total Cost": 4.45, "Plan Rows": 5, "Plan Width": 50, "Recheck Cond": "(movie_id = ci.movie_id)", "Plans": [{"Node Type": "Bitmap Index Scan", "Parent Relationship": "Outer", "Index Name": "movie_id_movie_info", "Startup Cost": 0.0, "Total Cost": 0.38, "Plan Rows": 5, "Plan Width": 0, "Index Cond": "(movie_id = ci.movie_id)"}]}]}]}, {"Node Type": "Bitmap Heap Scan", "Parent Relationship": "Inner", "Relation Name": "movie_info_idx", "Alias": "mi_idx", "Startup Cost": 0.27, "Total Cost": 4.29, "Plan Rows": 2, "Plan Width": 13, "Recheck Cond": "(movie_id = mi.movie_id)", "Plans": [{"Node Type": "Bitmap Index Scan", "Parent Relationship": "Outer", "Index Name": "movie_id_movie_info_idx", "Startup Cost": 0.0, "Total Cost": 0.27, "Plan Rows": 2, "Plan Width": 0, "Index Cond": "(movie_id = mi.movie_id)"}]}]}, {"Node Type": "Bitmap Heap Scan", "Parent Relationship": "Inner", "Relation Name": "info_type", "Alias": "it2", "Startup Cost": 0.26, "Total Cost": 4.27, "Plan Rows": 1, "Plan Width": 4, "Recheck Cond": "(id = mi_idx.info_type_id)", "Filter": "((info)::text = 'votes'::text)", "Plans": [{"Node Type": "Bitmap Index Scan", "Parent Relationship": "Outer", "Index Name": "info_type_pkey", "Startup Cost": 0.0, "Total Cost": 0.26, "Plan Rows": 1, "Plan Width": 0, "Index Cond": "(id = mi_idx.info_type_id)"}]}]}, {"Node Type": "Bitmap Heap Scan", "Parent Relationship": "Inner", "Relation Name": "title", "Alias": "t", "Startup Cost": 0.26, "Total Cost": 4.27, "Plan Rows": 1, "Plan Width": 21, "Recheck Cond": "(id = mi.movie_id)", "Plans": [{"Node Type": "Bitmap Index Scan", "Parent Relationship": "Outer", "Index Name": "title_pkey", "Startup Cost": 0.0, "Total Cost": 0.26, "Plan Rows": 1, "Plan Width": 0, "Index Cond": "(id = mi.movie_id)"}]}]}]}, "Unique SQL Id": 4264520866, "Planner Runtime": 19}, "explain_analyze_plan": null}, "(16, '36')": {"explain_plan": {"Plan": {"Node Type": "Aggregate", "Strategy": "Plain", "Startup Cost": 29854.72, "Total Cost": 29854.73, "Plan Rows": 1, "Plan Width": 160, "Plans": [{"Node Type": "Nested Loop", "Parent Relationship": "Outer", "Join Type": "Inner", "Startup Cost": 0.0, "Total Cost": 29854.66, "Plan Rows": 9, "Plan Width": 64, "Inner Unique": true, "Plans": [{"Node Type": "Nested Loop", "Parent Relationship": "Outer", "Join Type": "Inner", "Startup Cost": 0.0, "Total Cost": 29852.03, "Plan Rows": 9, "Plan Width": 59, "Inner Unique": false, "Join Filter": "(mi_idx.info_type_id = it2.id)", "Plans": [{"Node Type": "Seq Scan", "Parent Relationship": "Outer", "Relation Name": "info_type", "Alias": "it2", "Startup Cost": 0.0, "Total Cost": 2.4, "Plan Rows": 1, "Plan Width": 4, "Filter": "((info)::text = 'votes'::text)"}, {"Node Type": "Nested Loop", "Parent Relationship": "Inner", "Join Type": "Inner", "Startup Cost": 0.0, "Total Cost": 29849.21, "Plan Rows": 34, "Plan Width": 63, "Inner Unique": false, "Plans": [{"Node Type": "Nested Loop", "Parent Relationship": "Outer", "Join Type": "Inner", "Startup Cost": 0.0, "Total Cost": 29807.57, "Plan Rows": 133, "Plan Width": 50, "Inner Unique": false, "Join Filter": "(mi.info_type_id = it1.id)", "Plans": [{"Node Type": "Seq Scan", "Parent Relationship": "Outer", "Relation Name": "info_type", "Alias": "it1", "Startup Cost": 0.0, "Total Cost": 2.4, "Plan Rows": 1, "Plan Width": 4, "Filter": "((info)::text = 'budget'::text)"}, {"Node Type": "Materialize", "Parent Relationship": "Inner", "Startup Cost": 0.0, "Total Cost": 29789.56, "Plan Rows": 1561, "Plan Width": 54, "Plans": [{"Node Type": "Nested Loop", "Parent Relationship": "Outer", "Join Type": "Inner", "Startup Cost": 0.0, "Total Cost": 29785.66, "Plan Rows": 1561, "Plan Width": 54, "Inner Unique": false, "Plans": [{"Node Type": "Nested Loop", "Parent Relationship": "Outer", "Join Type": "Inner", "Startup Cost": 0.0, "Total Cost": 29565.43, "Plan Rows": 294, "Plan Width": 4, "Inner Unique": false, "Plans": [{"Node Type": "Streaming(type: LOCAL GATHER dop: 1/16)", "Parent Relationship": "Outer", "Startup Cost": 0.0, "Total Cost": 22123.07, "Plan Rows": 173, "Plan Width": 4, "Plans": [{"Node Type": "Seq Scan", "Parent Relationship": "Outer", "Relation Name": "name", "Alias": "n", "Startup Cost": 0.0, "Total Cost": 22119.33, "Plan Rows": 173, "Plan Width": 4, "Filter": "(((name)::text ~~ '%Tim%'::text) AND ((gender)::text = 'm'::text))"}]}, {"Node Type": "Index Scan", "Parent Relationship": "Inner", "Scan Direction": "Forward", "Index Name": "person_id_cast_info", "Relation Name": "cast_info", "Alias": "ci", "Startup Cost": 0.0, "Total Cost": 43.0, "Plan Rows": 2, "Plan Width": 8, "Index Cond": "(person_id = n.id)", "Filter": "((note)::text = ANY ('{(producer),\"(executive producer)\"}'::text[]))"}]}, {"Node Type": "Index Scan", "Parent Relationship": "Inner", "Scan Direction": "Forward", "Index Name": "movie_id_movie_info", "Relation Name": "movie_info", "Alias": "mi", "Startup Cost": 0.0, "Total Cost": 0.7, "Plan Rows": 5, "Plan Width": 50, "Index Cond": "(movie_id = ci.movie_id)"}]}]}]}, {"Node Type": "Index Scan", "Parent Relationship": "Inner", "Scan Direction": "Forward", "Index Name": "movie_id_movie_info_idx", "Relation Name": "movie_info_idx", "Alias": "mi_idx", "Startup Cost": 0.0, "Total Cost": 0.29, "Plan Rows": 2, "Plan Width": 13, "Index Cond": "(movie_id = mi.movie_id)"}]}]}, {"Node Type": "Index Scan", "Parent Relationship": "Inner", "Scan Direction": "Forward", "Index Name": "title_pkey", "Relation Name": "title", "Alias": "t", "Startup Cost": 0.0, "Total Cost": 0.28, "Plan Rows": 1, "Plan Width": 21, "Index Cond": "(id = mi.movie_id)"}]}]}, "Unique SQL Id": 4264520866, "Planner Runtime": 84}, "explain_analyze_plan": {"Plan": {"Node Type": "Aggregate", "Strategy": "Plain", "Startup Cost": 29854.72, "Total Cost": 29854.73, "Plan Rows": 1, "Plan Width": 160, "Actual Min Startup Time": 416.335, "Actual Max Startup Time": 416.335, "Actual Min Total Time": 416.336, "Actual Max Total Time": 416.336, "Plans": [{"Node Type": "Nested Loop", "Parent Relationship": "Outer", "Join Type": "Inner", "Startup Cost": 0.0, "Total Cost": 29854.66, "Plan Rows": 9, "Plan Width": 64, "Actual Min Startup Time": 368.0, "Actual Max Startup Time": 368.0, "Actual Min Total Time": 415.898, "Actual Max Total Time": 415.898, "Inner Unique": true, "Plans": [{"Node Type": "Nested Loop", "Parent Relationship": "Outer", "Join Type": "Inner", "Startup Cost": 0.0, "Total Cost": 29852.03, "Plan Rows": 9, "Plan Width": 59, "Actual Min Startup Time": 367.98, "Actual Max Startup Time": 367.98, "Actual Min Total Time": 412.403, "Actual Max Total Time": 412.403, "Inner Unique": false, "Join Filter": "(mi_idx.info_type_id = it2.id)", "Rows Removed by Join Filter": 825, "Plans": [{"Node Type": "Seq Scan", "Parent Relationship": "Outer", "Relation Name": "info_type", "Alias": "it2", "Startup Cost": 0.0, "Total Cost": 2.4, "Plan Rows": 1, "Plan Width": 4, "Actual Min Startup Time": 0.064, "Actual Max Startup Time": 0.064, "Actual Min Total Time": 0.073, "Actual Max Total Time": 0.073, "Filter": "((info)::text = 'votes'::text)", "Rows Removed by Filter": 111, "Actual Rows": 1}, {"Node Type": "Nested Loop", "Parent Relationship": "Inner", "Join Type": "Inner", "Startup Cost": 0.0, "Total Cost": 29849.21, "Plan Rows": 34, "Plan Width": 63, "Actual Min Startup Time": 367.905, "Actual Max Startup Time": 367.905, "Actual Min Total Time": 409.763, "Actual Max Total Time": 409.763, "Inner Unique": false, "Plans": [{"Node Type": "Nested Loop", "Parent Relationship": "Outer", "Join Type": "Inner", "Startup Cost": 0.0, "Total Cost": 29807.57, "Plan Rows": 133, "Plan Width": 50, "Actual Min Startup Time": 367.835, "Actual Max Startup Time": 367.835, "Actual Min Total Time": 403.986, "Actual Max Total Time": 403.986, "Inner Unique": false, "Join Filter": "(mi.info_type_id = it1.id)", "Rows Removed by Join Filter": 95197, "Plans": [{"Node Type": "Seq Scan", "Parent Relationship": "Outer", "Relation Name": "info_type", "Alias": "it1", "Startup Cost": 0.0, "Total Cost": 2.4, "Plan Rows": 1, "Plan Width": 4, "Actual Min Startup Time": 0.057, "Actual Max Startup Time": 0.057, "Actual Min Total Time": 0.07, "Actual Max Total Time": 0.07, "Filter": "((info)::text = 'budget'::text)", "Rows Removed by Filter": 111, "Actual Rows": 1}, {"Node Type": "Materialize", "Parent Relationship": "Inner", "Startup Cost": 0.0, "Total Cost": 29789.56, "Plan Rows": 1561, "Plan Width": 54, "Actual Min Startup Time": 367.762, "Actual Max Startup Time": 367.762, "Actual Min Total Time": 379.616, "Actual Max Total Time": 379.616, "Plans": [{"Node Type": "Nested Loop", "Parent Relationship": "Outer", "Join Type": "Inner", "Startup Cost": 0.0, "Total Cost": 29785.66, "Plan Rows": 1561, "Plan Width": 54, "Actual Min Startup Time": 19.961, "Actual Max Startup Time": 19.961, "Actual Min Total Time": 340.588, "Actual Max Total Time": 340.588, "Inner Unique": false, "Plans": [{"Node Type": "Nested Loop", "Parent Relationship": "Outer", "Join Type": "Inner", "Startup Cost": 0.0, "Total Cost": 29565.43, "Plan Rows": 294, "Plan Width": 4, "Actual Min Startup Time": 19.942, "Actual Max Startup Time": 19.942, "Actual Min Total Time": 192.495, "Actual Max Total Time": 192.495, "Inner Unique": false, "Plans": [{"Node Type": "Streaming(type: LOCAL GATHER dop: 1/16)", "Parent Relationship": "Outer", "Startup Cost": 0.0, "Total Cost": 22123.07, "Plan Rows": 173, "Plan Width": 4, "Actual Min Startup Time": 19.553, "Actual Max Startup Time": 19.553, "Actual Min Total Time": 61.065, "Actual Max Total Time": 61.065, "Plans": [{"Node Type": "Seq Scan", "Parent Relationship": "Outer", "Relation Name": "name", "Alias": "n", "Startup Cost": 0.0, "Total Cost": 22119.33, "Plan Rows": 173, "Plan Width": 4, "Actual Min Startup Time": 0.032, "Actual Max Startup Time": 0.834, "Actual Min Total Time": 101.822, "Actual Max Total Time": 105.99, "Filter": "(((name)::text ~~ '%Tim%'::text) AND ((gender)::text = 'm'::text))", "Rows Removed by Filter": 4158428, "Actual Rows": 9062}], "Actual Rows": 9062}, {"Node Type": "Index Scan", "Parent Relationship": "Inner", "Scan Direction": "Forward", "Index Name": "person_id_cast_info", "Relation Name": "cast_info", "Alias": "ci", "Startup Cost": 0.0, "Total Cost": 43.0, "Plan Rows": 2, "Plan Width": 8, "Actual Min Startup Time": 105.697, "Actual Max Startup Time": 105.697, "Actual Min Total Time": 124.933, "Actual Max Total Time": 124.933, "Index Cond": "(person_id = n.id)", "Rows Removed by Index Recheck": 0, "Filter": "((note)::text = ANY ('{(producer),\"(executive producer)\"}'::text[]))", "Rows Removed by Filter": 89309, "Actual Rows": 6719}], "Actual Rows": 6719}, {"Node Type": "Index Scan", "Parent Relationship": "Inner", "Scan Direction": "Forward", "Index Name": "movie_id_movie_info", "Relation Name": "movie_info", "Alias": "mi", "Startup Cost": 0.0, "Total Cost": 0.7, "Plan Rows": 5, "Plan Width": 50, "Actual Min Startup Time": 39.487, "Actual Max Startup Time": 39.487, "Actual Min Total Time": 123.948, "Actual Max Total Time": 123.948, "Index Cond": "(movie_id = ci.movie_id)", "Rows Removed by Index Recheck": 0, "Actual Rows": 95896}], "Actual Rows": 95896}], "Actual Rows": 95897}], "Actual Rows": 699}, {"Node Type": "Index Scan", "Parent Relationship": "Inner", "Scan Direction": "Forward", "Index Name": "movie_id_movie_info_idx", "Relation Name": "movie_info_idx", "Alias": "mi_idx", "Startup Cost": 0.0, "Total Cost": 0.29, "Plan Rows": 2, "Plan Width": 13, "Actual Min Startup Time": 4.625, "Actual Max Startup Time": 4.625, "Actual Min Total Time": 5.128, "Actual Max Total Time": 5.128, "Index Cond": "(movie_id = mi.movie_id)", "Rows Removed by Index Recheck": 0, "Actual Rows": 1235}], "Actual Rows": 1235}], "Actual Rows": 410}, {"Node Type": "Index Scan", "Parent Relationship": "Inner", "Scan Direction": "Forward", "Index Name": "title_pkey", "Relation Name": "title", "Alias": "t", "Startup Cost": 0.0, "Total Cost": 0.28, "Plan Rows": 1, "Plan Width": 21, "Actual Min Startup Time": 3.196, "Actual Max Startup Time": 3.196, "Actual Min Total Time": 3.196, "Actual Max Total Time": 3.196, "Index Cond": "(id = mi.movie_id)", "Rows Removed by Index Recheck": 0, "Actual Rows": 410}], "Actual Rows": 410}], "Actual Rows": 1}, "Triggers": [], "Planner Runtime": 98.942, "Total Runtime": 419.394, "Unique SQL Id": 4264520866}}, "(16, '37')": {"explain_plan": {"Plan": {"Node Type": "Aggregate", "Strategy": "Plain", "Startup Cost": 161086.29, "Total Cost": 161086.3, "Plan Rows": 1, "Plan Width": 160, "Plans": [{"Node Type": "Nested Loop", "Parent Relationship": "Outer", "Join Type": "Inner", "Startup Cost": 0.0, "Total Cost": 161086.22, "Plan Rows": 9, "Plan Width": 64, "Inner Unique": true, "Plans": [{"Node Type": "Nested Loop", "Parent Relationship": "Outer", "Join Type": "Inner", "Startup Cost": 0.0, "Total Cost": 161083.6, "Plan Rows": 9, "Plan Width": 59, "Inner Unique": false, "Join Filter": "(mi.info_type_id = it1.id)", "Plans": [{"Node Type": "Index Scan", "Parent Relationship": "Outer", "Scan Direction": "Forward", "Index Name": "info_type_pkey", "Relation Name": "info_type", "Alias": "it1", "Startup Cost": 0.0, "Total Cost": 14.21, "Plan Rows": 1, "Plan Width": 4, "Filter": "((info)::text = 'budget'::text)"}, {"Node Type": "Nested Loop", "Parent Relationship": "Inner", "Join Type": "Inner", "Startup Cost": 0.0, "Total Cost": 161065.9, "Plan Rows": 279, "Plan Width": 63, "Inner Unique": false, "Join Filter": "(mi_idx.movie_id = mi.movie_id)", "Plans": [{"Node Type": "Nested Loop", "Parent Relationship": "Outer", "Join Type": "Inner", "Startup Cost": 0.0, "Total Cost": 161026.3, "Plan Rows": 52, "Plan Width": 13, "Inner Unique": false, "Join Filter": "(mi_idx.info_type_id = it2.id)", "Plans": [{"Node Type": "Index Scan", "Parent Relationship": "Outer", "Scan Direction": "Forward", "Index Name": "info_type_pkey", "Relation Name": "info_type", "Alias": "it2", "Startup Cost": 0.0, "Total Cost": 14.21, "Plan Rows": 1, "Plan Width": 4, "Filter": "((info)::text = 'votes'::text)"}, {"Node Type": "Materialize", "Parent Relationship": "Inner", "Startup Cost": 0.0, "Total Cost": 161008.63, "Plan Rows": 346, "Plan Width": 17, "Plans": [{"Node Type": "Nested Loop", "Parent Relationship": "Outer", "Join Type": "Inner", "Startup Cost": 0.0, "Total Cost": 161007.76, "Plan Rows": 346, "Plan Width": 17, "Inner Unique": false, "Plans": [{"Node Type": "Nested Loop", "Parent Relationship": "Outer", "Join Type": "Inner", "Startup Cost": 0.0, "Total Cost": 160910.97, "Plan Rows": 294, "Plan Width": 4, "Inner Unique": false, "Plans": [{"Node Type": "Streaming(type: LOCAL GATHER dop: 1/16)", "Parent Relationship": "Outer", "Startup Cost": 0.0, "Total Cost": 153468.6, "Plan Rows": 173, "Plan Width": 4, "Plans": [{"Node Type": "Index Scan", "Parent Relationship": "Outer", "Scan Direction": "Forward", "Index Name": "name_pkey", "Relation Name": "name", "Alias": "n", "Startup Cost": 0.0, "Total Cost": 153464.87, "Plan Rows": 173, "Plan Width": 4, "Filter": "(((name)::text ~~ '%Tim%'::text) AND ((gender)::text = 'm'::text))"}]}, {"Node Type": "Index Scan", "Parent Relationship": "Inner", "Scan Direction": "Forward", "Index Name": "person_id_cast_info", "Relation Name": "cast_info", "Alias": "ci", "Startup Cost": 0.0, "Total Cost": 43.0, "Plan Rows": 2, "Plan Width": 8, "Index Cond": "(person_id = n.id)", "Filter": "((note)::text = ANY ('{(producer),\"(executive producer)\"}'::text[]))"}]}, {"Node Type": "Index Scan", "Parent Relationship": "Inner", "Scan Direction": "Forward", "Index Name": "movie_id_movie_info_idx", "Relation Name": "movie_info_idx", "Alias": "mi_idx", "Startup Cost": 0.0, "Total Cost": 0.31, "Plan Rows": 2, "Plan Width": 13, "Index Cond": "(movie_id = ci.movie_id)"}]}]}]}, {"Node Type": "Index Scan", "Parent Relationship": "Inner", "Scan Direction": "Forward", "Index Name": "movie_id_movie_info", "Relation Name": "movie_info", "Alias": "mi", "Startup Cost": 0.0, "Total Cost": 0.7, "Plan Rows": 5, "Plan Width": 50, "Index Cond": "(movie_id = ci.movie_id)"}]}]}, {"Node Type": "Index Scan", "Parent Relationship": "Inner", "Scan Direction": "Forward", "Index Name": "title_pkey", "Relation Name": "title", "Alias": "t", "Startup Cost": 0.0, "Total Cost": 0.28, "Plan Rows": 1, "Plan Width": 21, "Index Cond": "(id = mi.movie_id)"}]}]}, "Unique SQL Id": 4264520866, "Planner Runtime": 31}, "explain_analyze_plan": {"Plan": {"Node Type": "Aggregate", "Strategy": "Plain", "Startup Cost": 161086.29, "Total Cost": 161086.3, "Plan Rows": 1, "Plan Width": 160, "Actual Min Startup Time": 476.62, "Actual Max Startup Time": 476.62, "Actual Min Total Time": 476.62, "Actual Max Total Time": 476.62, "Plans": [{"Node Type": "Nested Loop", "Parent Relationship": "Outer", "Join Type": "Inner", "Startup Cost": 0.0, "Total Cost": 161086.22, "Plan Rows": 9, "Plan Width": 64, "Actual Min Startup Time": 335.708, "Actual Max Startup Time": 335.708, "Actual Min Total Time": 476.138, "Actual Max Total Time": 476.138, "Inner Unique": true, "Plans": [{"Node Type": "Nested Loop", "Parent Relationship": "Outer", "Join Type": "Inner", "Startup Cost": 0.0, "Total Cost": 161083.6, "Plan Rows": 9, "Plan Width": 59, "Actual Min Startup Time": 335.689, "Actual Max Startup Time": 335.689, "Actual Min Total Time": 472.481, "Actual Max Total Time": 472.481, "Inner Unique": false, "Join Filter": "(mi.info_type_id = it1.id)", "Rows Removed by Join Filter": 81998, "Plans": [{"Node Type": "Index Scan", "Parent Relationship": "Outer", "Scan Direction": "Forward", "Index Name": "info_type_pkey", "Relation Name": "info_type", "Alias": "it1", "Startup Cost": 0.0, "Total Cost": 14.21, "Plan Rows": 1, "Plan Width": 4, "Actual Min Startup Time": 0.084, "Actual Max Startup Time": 0.084, "Actual Min Total Time": 0.09, "Actual Max Total Time": 0.09, "Filter": "((info)::text = 'budget'::text)", "Rows Removed by Filter": 111, "Actual Rows": 1}, {"Node Type": "Nested Loop", "Parent Relationship": "Inner", "Join Type": "Inner", "Startup Cost": 0.0, "Total Cost": 161065.9, "Plan Rows": 279, "Plan Width": 63, "Actual Min Startup Time": 335.581, "Actual Max Startup Time": 335.581, "Actual Min Total Time": 456.706, "Actual Max Total Time": 456.706, "Inner Unique": false, "Join Filter": "(mi_idx.movie_id = mi.movie_id)", "Rows Removed by Join Filter": 0, "Plans": [{"Node Type": "Nested Loop", "Parent Relationship": "Outer", "Join Type": "Inner", "Startup Cost": 0.0, "Total Cost": 161026.3, "Plan Rows": 52, "Plan Width": 13, "Actual Min Startup Time": 335.557, "Actual Max Startup Time": 335.557, "Actual Min Total Time": 339.703, "Actual Max Total Time": 339.703, "Inner Unique": false, "Join Filter": "(mi_idx.info_type_id = it2.id)", "Rows Removed by Join Filter": 6875, "Plans": [{"Node Type": "Index Scan", "Parent Relationship": "Outer", "Scan Direction": "Forward", "Index Name": "info_type_pkey", "Relation Name": "info_type", "Alias": "it2", "Startup Cost": 0.0, "Total Cost": 14.21, "Plan Rows": 1, "Plan Width": 4, "Actual Min Startup Time": 0.071, "Actual Max Startup Time": 0.071, "Actual Min Total Time": 0.081, "Actual Max Total Time": 0.081, "Filter": "((info)::text = 'votes'::text)", "Rows Removed by Filter": 111, "Actual Rows": 1}, {"Node Type": "Materialize", "Parent Relationship": "Inner", "Startup Cost": 0.0, "Total Cost": 161008.63, "Plan Rows": 346, "Plan Width": 17, "Actual Min Startup Time": 335.472, "Actual Max Startup Time": 335.472, "Actual Min Total Time": 336.702, "Actual Max Total Time": 336.702, "Plans": [{"Node Type": "Nested Loop", "Parent Relationship": "Outer", "Join Type": "Inner", "Startup Cost": 0.0, "Total Cost": 161007.76, "Plan Rows": 346, "Plan Width": 17, "Actual Min Startup Time": 70.179, "Actual Max Startup Time": 70.179, "Actual Min Total Time": 332.484, "Actual Max Total Time": 332.484, "Inner Unique": false, "Plans": [{"Node Type": "Nested Loop", "Parent Relationship": "Outer", "Join Type": "Inner", "Startup Cost": 0.0, "Total Cost": 160910.97, "Plan Rows": 294, "Plan Width": 4, "Actual Min Startup Time": 70.149, "Actual Max Startup Time": 70.149, "Actual Min Total Time": 294.567, "Actual Max Total Time": 294.567, "Inner Unique": false, "Plans": [{"Node Type": "Streaming(type: LOCAL GATHER dop: 1/16)", "Parent Relationship": "Outer", "Startup Cost": 0.0, "Total Cost": 153468.6, "Plan Rows": 173, "Plan Width": 4, "Actual Min Startup Time": 70.006, "Actual Max Startup Time": 70.006, "Actual Min Total Time": 165.071, "Actual Max Total Time": 165.071, "Plans": [{"Node Type": "Index Scan", "Parent Relationship": "Outer", "Scan Direction": "Forward", "Index Name": "name_pkey", "Relation Name": "name", "Alias": "n", "Startup Cost": 0.0, "Total Cost": 153464.87, "Plan Rows": 173, "Plan Width": 4, "Actual Min Startup Time": 39.742, "Actual Max Startup Time": 299.64, "Actual Min Total Time": 272.13, "Actual Max Total Time": 304.338, "Filter": "(((name)::text ~~ '%Tim%'::text) AND ((gender)::text = 'm'::text))", "Rows Removed by Filter": 4158428, "Actual Rows": 9062}], "Actual Rows": 9062}, {"Node Type": "Index Scan", "Parent Relationship": "Inner", "Scan Direction": "Forward", "Index Name": "person_id_cast_info", "Relation Name": "cast_info", "Alias": "ci", "Startup Cost": 0.0, "Total Cost": 43.0, "Plan Rows": 2, "Plan Width": 8, "Actual Min Startup Time": 104.11, "Actual Max Startup Time": 104.11, "Actual Min Total Time": 123.266, "Actual Max Total Time": 123.266, "Index Cond": "(person_id = n.id)", "Rows Removed by Index Recheck": 0, "Filter": "((note)::text = ANY ('{(producer),\"(executive producer)\"}'::text[]))", "Rows Removed by Filter": 89309, "Actual Rows": 6719}], "Actual Rows": 6719}, {"Node Type": "Index Scan", "Parent Relationship": "Inner", "Scan Direction": "Forward", "Index Name": "movie_id_movie_info_idx", "Relation Name": "movie_info_idx", "Alias": "mi_idx", "Startup Cost": 0.0, "Total Cost": 0.31, "Plan Rows": 2, "Plan Width": 13, "Actual Min Startup Time": 28.123, "Actual Max Startup Time": 28.123, "Actual Min Total Time": 32.253, "Actual Max Total Time": 32.253, "Index Cond": "(movie_id = ci.movie_id)", "Rows Removed by Index Recheck": 0, "Actual Rows": 10310}], "Actual Rows": 10310}], "Actual Rows": 10311}], "Actual Rows": 3435}, {"Node Type": "Index Scan", "Parent Relationship": "Inner", "Scan Direction": "Forward", "Index Name": "movie_id_movie_info", "Relation Name": "movie_info", "Alias": "mi", "Startup Cost": 0.0, "Total Cost": 0.7, "Plan Rows": 5, "Plan Width": 50, "Actual Min Startup Time": 21.885, "Actual Max Startup Time": 21.885, "Actual Min Total Time": 88.131, "Actual Max Total Time": 88.131, "Index Cond": "(movie_id = ci.movie_id)", "Rows Removed by Index Recheck": 0, "Actual Rows": 82408}], "Actual Rows": 82408}], "Actual Rows": 410}, {"Node Type": "Index Scan", "Parent Relationship": "Inner", "Scan Direction": "Forward", "Index Name": "title_pkey", "Relation Name": "title", "Alias": "t", "Startup Cost": 0.0, "Total Cost": 0.28, "Plan Rows": 1, "Plan Width": 21, "Actual Min Startup Time": 3.252, "Actual Max Startup Time": 3.252, "Actual Min Total Time": 3.252, "Actual Max Total Time": 3.252, "Index Cond": "(id = mi.movie_id)", "Rows Removed by Index Recheck": 0, "Actual Rows": 410}], "Actual Rows": 410}], "Actual Rows": 1}, "Triggers": [], "Planner Runtime": 49.928, "Total Runtime": 479.326, "Unique SQL Id": 4264520866}}, "(16, '38')": {"explain_plan": {"Plan": {"Node Type": "Aggregate", "Strategy": "Plain", "Startup Cost": 37266.11, "Total Cost": 37266.12, "Plan Rows": 1, "Plan Width": 160, "Plans": [{"Node Type": "Nested Loop", "Parent Relationship": "Outer", "Join Type": "Inner", "Startup Cost": 5.3, "Total Cost": 37266.05, "Plan Rows": 8, "Plan Width": 64, "Inner Unique": true, "Plans": [{"Node Type": "Nested Loop", "Parent Relationship": "Outer", "Join Type": "Inner", "Startup Cost": 5.04, "Total Cost": 37227.51, "Plan Rows": 9, "Plan Width": 59, "Inner Unique": false, "Join Filter": "(mi_idx.info_type_id = it2.id)", "Plans": [{"Node Type": "Seq Scan", "Parent Relationship": "Outer", "Relation Name": "info_type", "Alias": "it2", "Startup Cost": 0.0, "Total Cost": 2.4, "Plan Rows": 1, "Plan Width": 4, "Filter": "((info)::text = 'votes'::text)"}, {"Node Type": "Nested Loop", "Parent Relationship": "Inner", "Join Type": "Inner", "Startup Cost": 5.04, "Total Cost": 37224.68, "Plan Rows": 34, "Plan Width": 63, "Inner Unique": false, "Plans": [{"Node Type": "Nested Loop", "Parent Relationship": "Outer", "Join Type": "Inner", "Startup Cost": 4.77, "Total Cost": 36651.22, "Plan Rows": 133, "Plan Width": 50, "Inner Unique": false, "Join Filter": "(mi.info_type_id = it1.id)", "Plans": [{"Node Type": "Seq Scan", "Parent Relationship": "Outer", "Relation Name": "info_type", "Alias": "it1", "Startup Cost": 0.0, "Total Cost": 2.4, "Plan Rows": 1, "Plan Width": 4, "Filter": "((info)::text = 'budget'::text)"}, {"Node Type": "Materialize", "Parent Relationship": "Inner", "Startup Cost": 4.77, "Total Cost": 36633.21, "Plan Rows": 1561, "Plan Width": 54, "Plans": [{"Node Type": "Nested Loop", "Parent Relationship": "Outer", "Join Type": "Inner", "Startup Cost": 4.77, "Total Cost": 36629.3, "Plan Rows": 1561, "Plan Width": 54, "Inner Unique": false, "Plans": [{"Node Type": "Nested Loop", "Parent Relationship": "Outer", "Join Type": "Inner", "Startup Cost": 4.39, "Total Cost": 35306.9, "Plan Rows": 294, "Plan Width": 4, "Inner Unique": false, "Plans": [{"Node Type": "Streaming(type: LOCAL GATHER dop: 1/16)", "Parent Relationship": "Outer", "Startup Cost": 0.0, "Total Cost": 22123.07, "Plan Rows": 173, "Plan Width": 4, "Plans": [{"Node Type": "Seq Scan", "Parent Relationship": "Outer", "Relation Name": "name", "Alias": "n", "Startup Cost": 0.0, "Total Cost": 22119.33, "Plan Rows": 173, "Plan Width": 4, "Filter": "(((name)::text ~~ '%Tim%'::text) AND ((gender)::text = 'm'::text))"}]}, {"Node Type": "Bitmap Heap Scan", "Parent Relationship": "Inner", "Relation Name": "cast_info", "Alias": "ci", "Startup Cost": 4.39, "Total Cost": 76.19, "Plan Rows": 2, "Plan Width": 8, "Recheck Cond": "(person_id = n.id)", "Filter": "((note)::text = ANY ('{(producer),\"(executive producer)\"}'::text[]))", "Plans": [{"Node Type": "Bitmap Index Scan", "Parent Relationship": "Outer", "Index Name": "person_id_cast_info", "Startup Cost": 0.0, "Total Cost": 4.38, "Plan Rows": 18, "Plan Width": 0, "Index Cond": "(person_id = n.id)"}]}]}, {"Node Type": "Bitmap Heap Scan", "Parent Relationship": "Inner", "Relation Name": "movie_info", "Alias": "mi", "Startup Cost": 0.39, "Total Cost": 4.45, "Plan Rows": 5, "Plan Width": 50, "Recheck Cond": "(movie_id = ci.movie_id)", "Plans": [{"Node Type": "Bitmap Index Scan", "Parent Relationship": "Outer", "Index Name": "movie_id_movie_info", "Startup Cost": 0.0, "Total Cost": 0.38, "Plan Rows": 5, "Plan Width": 0, "Index Cond": "(movie_id = ci.movie_id)"}]}]}]}]}, {"Node Type": "Bitmap Heap Scan", "Parent Relationship": "Inner", "Relation Name": "movie_info_idx", "Alias": "mi_idx", "Startup Cost": 0.27, "Total Cost": 4.29, "Plan Rows": 2, "Plan Width": 13, "Recheck Cond": "(movie_id = mi.movie_id)", "Plans": [{"Node Type": "Bitmap Index Scan", "Parent Relationship": "Outer", "Index Name": "movie_id_movie_info_idx", "Startup Cost": 0.0, "Total Cost": 0.27, "Plan Rows": 2, "Plan Width": 0, "Index Cond": "(movie_id = mi.movie_id)"}]}]}]}, {"Node Type": "Bitmap Heap Scan", "Parent Relationship": "Inner", "Relation Name": "title", "Alias": "t", "Startup Cost": 0.26, "Total Cost": 4.27, "Plan Rows": 1, "Plan Width": 21, "Recheck Cond": "(id = mi.movie_id)", "Plans": [{"Node Type": "Bitmap Index Scan", "Parent Relationship": "Outer", "Index Name": "title_pkey", "Startup Cost": 0.0, "Total Cost": 0.26, "Plan Rows": 1, "Plan Width": 0, "Index Cond": "(id = mi.movie_id)"}]}]}]}, "Unique SQL Id": 4264520866, "Planner Runtime": 104}, "explain_analyze_plan": {"Plan": {"Node Type": "Aggregate", "Strategy": "Plain", "Startup Cost": 37266.11, "Total Cost": 37266.12, "Plan Rows": 1, "Plan Width": 160, "Actual Min Startup Time": 475.085, "Actual Max Startup Time": 475.085, "Actual Min Total Time": 475.086, "Actual Max Total Time": 475.086, "Plans": [{"Node Type": "Nested Loop", "Parent Relationship": "Outer", "Join Type": "Inner", "Startup Cost": 5.3, "Total Cost": 37266.05, "Plan Rows": 8, "Plan Width": 64, "Actual Min Startup Time": 425.187, "Actual Max Startup Time": 425.187, "Actual Min Total Time": 474.609, "Actual Max Total Time": 474.609, "Inner Unique": true, "Plans": [{"Node Type": "Nested Loop", "Parent Relationship": "Outer", "Join Type": "Inner", "Startup Cost": 5.04, "Total Cost": 37227.51, "Plan Rows": 9, "Plan Width": 59, "Actual Min Startup Time": 425.165, "Actual Max Startup Time": 425.165, "Actual Min Total Time": 470.369, "Actual Max Total Time": 470.369, "Inner Unique": false, "Join Filter": "(mi_idx.info_type_id = it2.id)", "Rows Removed by Join Filter": 825, "Plans": [{"Node Type": "Seq Scan", "Parent Relationship": "Outer", "Relation Name": "info_type", "Alias": "it2", "Startup Cost": 0.0, "Total Cost": 2.4, "Plan Rows": 1, "Plan Width": 4, "Actual Min Startup Time": 0.062, "Actual Max Startup Time": 0.062, "Actual Min Total Time": 0.069, "Actual Max Total Time": 0.069, "Filter": "((info)::text = 'votes'::text)", "Rows Removed by Filter": 111, "Actual Rows": 1}, {"Node Type": "Nested Loop", "Parent Relationship": "Inner", "Join Type": "Inner", "Startup Cost": 5.04, "Total Cost": 37224.68, "Plan Rows": 34, "Plan Width": 63, "Actual Min Startup Time": 425.092, "Actual Max Startup Time": 425.092, "Actual Min Total Time": 467.875, "Actual Max Total Time": 467.875, "Inner Unique": false, "Plans": [{"Node Type": "Nested Loop", "Parent Relationship": "Outer", "Join Type": "Inner", "Startup Cost": 4.77, "Total Cost": 36651.22, "Plan Rows": 133, "Plan Width": 50, "Actual Min Startup Time": 424.968, "Actual Max Startup Time": 424.968, "Actual Min Total Time": 461.082, "Actual Max Total Time": 461.082, "Inner Unique": false, "Join Filter": "(mi.info_type_id = it1.id)", "Rows Removed by Join Filter": 95197, "Plans": [{"Node Type": "Seq Scan", "Parent Relationship": "Outer", "Relation Name": "info_type", "Alias": "it1", "Startup Cost": 0.0, "Total Cost": 2.4, "Plan Rows": 1, "Plan Width": 4, "Actual Min Startup Time": 0.061, "Actual Max Startup Time": 0.061, "Actual Min Total Time": 0.071, "Actual Max Total Time": 0.071, "Filter": "((info)::text = 'budget'::text)", "Rows Removed by Filter": 111, "Actual Rows": 1}, {"Node Type": "Materialize", "Parent Relationship": "Inner", "Startup Cost": 4.77, "Total Cost": 36633.21, "Plan Rows": 1561, "Plan Width": 54, "Actual Min Startup Time": 424.891, "Actual Max Startup Time": 424.891, "Actual Min Total Time": 436.848, "Actual Max Total Time": 436.848, "Plans": [{"Node Type": "Nested Loop", "Parent Relationship": "Outer", "Join Type": "Inner", "Startup Cost": 4.77, "Total Cost": 36629.3, "Plan Rows": 1561, "Plan Width": 54, "Actual Min Startup Time": 20.314, "Actual Max Startup Time": 20.314, "Actual Min Total Time": 398.04, "Actual Max Total Time": 398.04, "Inner Unique": false, "Plans": [{"Node Type": "Nested Loop", "Parent Relationship": "Outer", "Join Type": "Inner", "Startup Cost": 4.39, "Total Cost": 35306.9, "Plan Rows": 294, "Plan Width": 4, "Actual Min Startup Time": 20.288, "Actual Max Startup Time": 20.288, "Actual Min Total Time": 223.304, "Actual Max Total Time": 223.304, "Inner Unique": false, "Plans": [{"Node Type": "Streaming(type: LOCAL GATHER dop: 1/16)", "Parent Relationship": "Outer", "Startup Cost": 0.0, "Total Cost": 22123.07, "Plan Rows": 173, "Plan Width": 4, "Actual Min Startup Time": 19.908, "Actual Max Startup Time": 19.908, "Actual Min Total Time": 74.794, "Actual Max Total Time": 74.794, "Plans": [{"Node Type": "Seq Scan", "Parent Relationship": "Outer", "Relation Name": "name", "Alias": "n", "Startup Cost": 0.0, "Total Cost": 22119.33, "Plan Rows": 173, "Plan Width": 4, "Actual Min Startup Time": 0.034, "Actual Max Startup Time": 0.845, "Actual Min Total Time": 101.725, "Actual Max Total Time": 106.128, "Filter": "(((name)::text ~~ '%Tim%'::text) AND ((gender)::text = 'm'::text))", "Rows Removed by Filter": 4158428, "Actual Rows": 9062}], "Actual Rows": 9062}, {"Node Type": "Bitmap Heap Scan", "Parent Relationship": "Inner", "Relation Name": "cast_info", "Alias": "ci", "Startup Cost": 4.39, "Total Cost": 76.19, "Plan Rows": 2, "Plan Width": 8, "Actual Min Startup Time": 120.127, "Actual Max Startup Time": 120.127, "Actual Min Total Time": 136.076, "Actual Max Total Time": 136.076, "Recheck Cond": "(person_id = n.id)", "Rows Removed by Index Recheck": 0, "Filter": "((note)::text = ANY ('{(producer),\"(executive producer)\"}'::text[]))", "Rows Removed by Filter": 89309, "Exact Heap Blocks": 13336, "Lossy Heap Blocks": 13336, "Plans": [{"Node Type": "Bitmap Index Scan", "Parent Relationship": "Outer", "Index Name": "person_id_cast_info", "Startup Cost": 0.0, "Total Cost": 4.38, "Plan Rows": 18, "Plan Width": 0, "Actual Min Startup Time": 50.638, "Actual Max Startup Time": 50.638, "Actual Min Total Time": 50.638, "Actual Max Total Time": 50.638, "Index Cond": "(person_id = n.id)", "Actual Rows": 96028}], "Actual Rows": 6719}], "Actual Rows": 6719}, {"Node Type": "Bitmap Heap Scan", "Parent Relationship": "Inner", "Relation Name": "movie_info", "Alias": "mi", "Startup Cost": 0.39, "Total Cost": 4.45, "Plan Rows": 5, "Plan Width": 50, "Actual Min Startup Time": 62.515, "Actual Max Startup Time": 62.515, "Actual Min Total Time": 146.605, "Actual Max Total Time": 146.605, "Recheck Cond": "(movie_id = ci.movie_id)", "Rows Removed by Index Recheck": 0, "Exact Heap Blocks": 40013, "Lossy Heap Blocks": 40013, "Plans": [{"Node Type": "Bitmap Index Scan", "Parent Relationship": "Outer", "Index Name": "movie_id_movie_info", "Startup Cost": 0.0, "Total Cost": 0.38, "Plan Rows": 5, "Plan Width": 0, "Actual Min Startup Time": 43.719, "Actual Max Startup Time": 43.719, "Actual Min Total Time": 43.719, "Actual Max Total Time": 43.719, "Index Cond": "(movie_id = ci.movie_id)", "Actual Rows": 95896}], "Actual Rows": 95896}], "Actual Rows": 95896}], "Actual Rows": 95897}], "Actual Rows": 699}, {"Node Type": "Bitmap Heap Scan", "Parent Relationship": "Inner", "Relation Name": "movie_info_idx", "Alias": "mi_idx", "Startup Cost": 0.27, "Total Cost": 4.29, "Plan Rows": 2, "Plan Width": 13, "Actual Min Startup Time": 5.494, "Actual Max Startup Time": 5.494, "Actual Min Total Time": 5.674, "Actual Max Total Time": 5.674, "Recheck Cond": "(movie_id = mi.movie_id)", "Rows Removed by Index Recheck": 0, "Exact Heap Blocks": 419, "Lossy Heap Blocks": 419, "Plans": [{"Node Type": "Bitmap Index Scan", "Parent Relationship": "Outer", "Index Name": "movie_id_movie_info_idx", "Startup Cost": 0.0, "Total Cost": 0.27, "Plan Rows": 2, "Plan Width": 0, "Actual Min Startup Time": 3.934, "Actual Max Startup Time": 3.934, "Actual Min Total Time": 3.934, "Actual Max Total Time": 3.934, "Index Cond": "(movie_id = mi.movie_id)", "Actual Rows": 1235}], "Actual Rows": 1235}], "Actual Rows": 1235}], "Actual Rows": 410}, {"Node Type": "Bitmap Heap Scan", "Parent Relationship": "Inner", "Relation Name": "title", "Alias": "t", "Startup Cost": 0.26, "Total Cost": 4.27, "Plan Rows": 1, "Plan Width": 21, "Actual Min Startup Time": 3.688, "Actual Max Startup Time": 3.688, "Actual Min Total Time": 3.688, "Actual Max Total Time": 3.688, "Recheck Cond": "(id = mi.movie_id)", "Rows Removed by Index Recheck": 0, "Exact Heap Blocks": 410, "Lossy Heap Blocks": 410, "Plans": [{"Node Type": "Bitmap Index Scan", "Parent Relationship": "Outer", "Index Name": "title_pkey", "Startup Cost": 0.0, "Total Cost": 0.26, "Plan Rows": 1, "Plan Width": 0, "Actual Min Startup Time": 2.285, "Actual Max Startup Time": 2.285, "Actual Min Total Time": 2.285, "Actual Max Total Time": 2.285, "Index Cond": "(id = mi.movie_id)", "Actual Rows": 410}], "Actual Rows": 410}], "Actual Rows": 410}], "Actual Rows": 1}, "Triggers": [], "Planner Runtime": 114.526, "Total Runtime": 478.18, "Unique SQL Id": 4264520866}}, "(16, '39')": {"explain_plan": {"Plan": {"Node Type": "Aggregate", "Strategy": "Plain", "Startup Cost": 211886.14, "Total Cost": 211886.15, "Plan Rows": 1, "Plan Width": 160, "Plans": [{"Node Type": "Nested Loop", "Parent Relationship": "Outer", "Join Type": "Inner", "Startup Cost": 83172.11, "Total Cost": 211886.07, "Plan Rows": 9, "Plan Width": 64, "Inner Unique": true, "Plans": [{"Node Type": "Nested Loop", "Parent Relationship": "Outer", "Join Type": "Inner", "Startup Cost": 83171.85, "Total Cost": 211847.52, "Plan Rows": 9, "Plan Width": 59, "Inner Unique": true, "Plans": [{"Node Type": "Nested Loop", "Parent Relationship": "Outer", "Join Type": "Inner", "Startup Cost": 83171.59, "Total Cost": 211701.91, "Plan Rows": 34, "Plan Width": 63, "Inner Unique": false, "Plans": [{"Node Type": "Nested Loop", "Parent Relationship": "Outer", "Join Type": "Inner", "Startup Cost": 83171.32, "Total Cost": 211607.05, "Plan Rows": 22, "Plan Width": 50, "Inner Unique": false, "Join Filter": "(mi.info_type_id = it1.id)", "Plans": [{"Node Type": "Bitmap Heap Scan", "Parent Relationship": "Outer", "Relation Name": "info_type", "Alias": "it1", "Startup Cost": 8.81, "Total Cost": 14.21, "Plan Rows": 1, "Plan Width": 4, "Filter": "((info)::text = 'budget'::text)", "Plans": [{"Node Type": "Bitmap Index Scan", "Parent Relationship": "Outer", "Index Name": "info_type_pkey", "Startup Cost": 0.0, "Total Cost": 8.81, "Plan Rows": 112, "Plan Width": 0}]}, {"Node Type": "Nested Loop", "Parent Relationship": "Inner", "Join Type": "Inner", "Startup Cost": 83162.51, "Total Cost": 211573.33, "Plan Rows": 1561, "Plan Width": 54, "Inner Unique": false, "Plans": [{"Node Type": "Nested Loop", "Parent Relationship": "Outer", "Join Type": "Inner", "Startup Cost": 83162.13, "Total Cost": 210250.93, "Plan Rows": 294, "Plan Width": 4, "Inner Unique": false, "Plans": [{"Node Type": "Bitmap Heap Scan", "Parent Relationship": "Outer", "Relation Name": "name", "Alias": "n", "Startup Cost": 83157.74, "Total Cost": 197067.09, "Plan Rows": 173, "Plan Width": 4, "Filter": "(((name)::text ~~ '%Tim%'::text) AND ((gender)::text = 'm'::text))", "Plans": [{"Node Type": "Bitmap Index Scan", "Parent Relationship": "Outer", "Index Name": "name_pkey", "Startup Cost": 0.0, "Total Cost": 83157.7, "Plan Rows": 4167490, "Plan Width": 0}]}, {"Node Type": "Bitmap Heap Scan", "Parent Relationship": "Inner", "Relation Name": "cast_info", "Alias": "ci", "Startup Cost": 4.39, "Total Cost": 76.19, "Plan Rows": 2, "Plan Width": 8, "Recheck Cond": "(person_id = n.id)", "Filter": "((note)::text = ANY ('{(producer),\"(executive producer)\"}'::text[]))", "Plans": [{"Node Type": "Bitmap Index Scan", "Parent Relationship": "Outer", "Index Name": "person_id_cast_info", "Startup Cost": 0.0, "Total Cost": 4.38, "Plan Rows": 18, "Plan Width": 0, "Index Cond": "(person_id = n.id)"}]}]}, {"Node Type": "Bitmap Heap Scan", "Parent Relationship": "Inner", "Relation Name": "movie_info", "Alias": "mi", "Startup Cost": 0.39, "Total Cost": 4.45, "Plan Rows": 5, "Plan Width": 50, "Recheck Cond": "(movie_id = ci.movie_id)", "Plans": [{"Node Type": "Bitmap Index Scan", "Parent Relationship": "Outer", "Index Name": "movie_id_movie_info", "Startup Cost": 0.0, "Total Cost": 0.38, "Plan Rows": 5, "Plan Width": 0, "Index Cond": "(movie_id = ci.movie_id)"}]}]}]}, {"Node Type": "Bitmap Heap Scan", "Parent Relationship": "Inner", "Relation Name": "movie_info_idx", "Alias": "mi_idx", "Startup Cost": 0.27, "Total Cost": 4.29, "Plan Rows": 2, "Plan Width": 13, "Recheck Cond": "(movie_id = mi.movie_id)", "Plans": [{"Node Type": "Bitmap Index Scan", "Parent Relationship": "Outer", "Index Name": "movie_id_movie_info_idx", "Startup Cost": 0.0, "Total Cost": 0.27, "Plan Rows": 2, "Plan Width": 0, "Index Cond": "(movie_id = mi.movie_id)"}]}]}, {"Node Type": "Bitmap Heap Scan", "Parent Relationship": "Inner", "Relation Name": "info_type", "Alias": "it2", "Startup Cost": 0.26, "Total Cost": 4.27, "Plan Rows": 1, "Plan Width": 4, "Recheck Cond": "(id = mi_idx.info_type_id)", "Filter": "((info)::text = 'votes'::text)", "Plans": [{"Node Type": "Bitmap Index Scan", "Parent Relationship": "Outer", "Index Name": "info_type_pkey", "Startup Cost": 0.0, "Total Cost": 0.26, "Plan Rows": 1, "Plan Width": 0, "Index Cond": "(id = mi_idx.info_type_id)"}]}]}, {"Node Type": "Bitmap Heap Scan", "Parent Relationship": "Inner", "Relation Name": "title", "Alias": "t", "Startup Cost": 0.26, "Total Cost": 4.27, "Plan Rows": 1, "Plan Width": 21, "Recheck Cond": "(id = mi.movie_id)", "Plans": [{"Node Type": "Bitmap Index Scan", "Parent Relationship": "Outer", "Index Name": "title_pkey", "Startup Cost": 0.0, "Total Cost": 0.26, "Plan Rows": 1, "Plan Width": 0, "Index Cond": "(id = mi.movie_id)"}]}]}]}, "Unique SQL Id": 4264520866, "Planner Runtime": 19}, "explain_analyze_plan": null}, "(16, '40')": {"explain_plan": {"Plan": {"Node Type": "Aggregate", "Strategy": "Plain", "Startup Cost": 29854.72, "Total Cost": 29854.73, "Plan Rows": 1, "Plan Width": 160, "Plans": [{"Node Type": "Nested Loop", "Parent Relationship": "Outer", "Join Type": "Inner", "Startup Cost": 0.0, "Total Cost": 29854.66, "Plan Rows": 9, "Plan Width": 64, "Inner Unique": true, "Plans": [{"Node Type": "Nested Loop", "Parent Relationship": "Outer", "Join Type": "Inner", "Startup Cost": 0.0, "Total Cost": 29852.03, "Plan Rows": 9, "Plan Width": 59, "Inner Unique": false, "Join Filter": "(mi_idx.info_type_id = it2.id)", "Plans": [{"Node Type": "Seq Scan", "Parent Relationship": "Outer", "Relation Name": "info_type", "Alias": "it2", "Startup Cost": 0.0, "Total Cost": 2.4, "Plan Rows": 1, "Plan Width": 4, "Filter": "((info)::text = 'votes'::text)"}, {"Node Type": "Nested Loop", "Parent Relationship": "Inner", "Join Type": "Inner", "Startup Cost": 0.0, "Total Cost": 29849.21, "Plan Rows": 34, "Plan Width": 63, "Inner Unique": false, "Plans": [{"Node Type": "Nested Loop", "Parent Relationship": "Outer", "Join Type": "Inner", "Startup Cost": 0.0, "Total Cost": 29807.57, "Plan Rows": 133, "Plan Width": 50, "Inner Unique": false, "Join Filter": "(mi.info_type_id = it1.id)", "Plans": [{"Node Type": "Seq Scan", "Parent Relationship": "Outer", "Relation Name": "info_type", "Alias": "it1", "Startup Cost": 0.0, "Total Cost": 2.4, "Plan Rows": 1, "Plan Width": 4, "Filter": "((info)::text = 'budget'::text)"}, {"Node Type": "Materialize", "Parent Relationship": "Inner", "Startup Cost": 0.0, "Total Cost": 29789.56, "Plan Rows": 1561, "Plan Width": 54, "Plans": [{"Node Type": "Nested Loop", "Parent Relationship": "Outer", "Join Type": "Inner", "Startup Cost": 0.0, "Total Cost": 29785.66, "Plan Rows": 1561, "Plan Width": 54, "Inner Unique": false, "Plans": [{"Node Type": "Nested Loop", "Parent Relationship": "Outer", "Join Type": "Inner", "Startup Cost": 0.0, "Total Cost": 29565.43, "Plan Rows": 294, "Plan Width": 4, "Inner Unique": false, "Plans": [{"Node Type": "Streaming(type: LOCAL GATHER dop: 1/16)", "Parent Relationship": "Outer", "Startup Cost": 0.0, "Total Cost": 22123.07, "Plan Rows": 173, "Plan Width": 4, "Plans": [{"Node Type": "Seq Scan", "Parent Relationship": "Outer", "Relation Name": "name", "Alias": "n", "Startup Cost": 0.0, "Total Cost": 22119.33, "Plan Rows": 173, "Plan Width": 4, "Filter": "(((name)::text ~~ '%Tim%'::text) AND ((gender)::text = 'm'::text))"}]}, {"Node Type": "Index Scan", "Parent Relationship": "Inner", "Scan Direction": "Forward", "Index Name": "person_id_cast_info", "Relation Name": "cast_info", "Alias": "ci", "Startup Cost": 0.0, "Total Cost": 43.0, "Plan Rows": 2, "Plan Width": 8, "Index Cond": "(person_id = n.id)", "Filter": "((note)::text = ANY ('{(producer),\"(executive producer)\"}'::text[]))"}]}, {"Node Type": "Index Scan", "Parent Relationship": "Inner", "Scan Direction": "Forward", "Index Name": "movie_id_movie_info", "Relation Name": "movie_info", "Alias": "mi", "Startup Cost": 0.0, "Total Cost": 0.7, "Plan Rows": 5, "Plan Width": 50, "Index Cond": "(movie_id = ci.movie_id)"}]}]}]}, {"Node Type": "Index Scan", "Parent Relationship": "Inner", "Scan Direction": "Forward", "Index Name": "movie_id_movie_info_idx", "Relation Name": "movie_info_idx", "Alias": "mi_idx", "Startup Cost": 0.0, "Total Cost": 0.29, "Plan Rows": 2, "Plan Width": 13, "Index Cond": "(movie_id = mi.movie_id)"}]}]}, {"Node Type": "Index Scan", "Parent Relationship": "Inner", "Scan Direction": "Forward", "Index Name": "title_pkey", "Relation Name": "title", "Alias": "t", "Startup Cost": 0.0, "Total Cost": 0.28, "Plan Rows": 1, "Plan Width": 21, "Index Cond": "(id = mi.movie_id)"}]}]}, "Unique SQL Id": 4264520866, "Planner Runtime": 95}, "explain_analyze_plan": {"Plan": {"Node Type": "Aggregate", "Strategy": "Plain", "Startup Cost": 29854.72, "Total Cost": 29854.73, "Plan Rows": 1, "Plan Width": 160, "Actual Min Startup Time": 416.335, "Actual Max Startup Time": 416.335, "Actual Min Total Time": 416.336, "Actual Max Total Time": 416.336, "Plans": [{"Node Type": "Nested Loop", "Parent Relationship": "Outer", "Join Type": "Inner", "Startup Cost": 0.0, "Total Cost": 29854.66, "Plan Rows": 9, "Plan Width": 64, "Actual Min Startup Time": 368.0, "Actual Max Startup Time": 368.0, "Actual Min Total Time": 415.898, "Actual Max Total Time": 415.898, "Inner Unique": true, "Plans": [{"Node Type": "Nested Loop", "Parent Relationship": "Outer", "Join Type": "Inner", "Startup Cost": 0.0, "Total Cost": 29852.03, "Plan Rows": 9, "Plan Width": 59, "Actual Min Startup Time": 367.98, "Actual Max Startup Time": 367.98, "Actual Min Total Time": 412.403, "Actual Max Total Time": 412.403, "Inner Unique": false, "Join Filter": "(mi_idx.info_type_id = it2.id)", "Rows Removed by Join Filter": 825, "Plans": [{"Node Type": "Seq Scan", "Parent Relationship": "Outer", "Relation Name": "info_type", "Alias": "it2", "Startup Cost": 0.0, "Total Cost": 2.4, "Plan Rows": 1, "Plan Width": 4, "Actual Min Startup Time": 0.064, "Actual Max Startup Time": 0.064, "Actual Min Total Time": 0.073, "Actual Max Total Time": 0.073, "Filter": "((info)::text = 'votes'::text)", "Rows Removed by Filter": 111, "Actual Rows": 1}, {"Node Type": "Nested Loop", "Parent Relationship": "Inner", "Join Type": "Inner", "Startup Cost": 0.0, "Total Cost": 29849.21, "Plan Rows": 34, "Plan Width": 63, "Actual Min Startup Time": 367.905, "Actual Max Startup Time": 367.905, "Actual Min Total Time": 409.763, "Actual Max Total Time": 409.763, "Inner Unique": false, "Plans": [{"Node Type": "Nested Loop", "Parent Relationship": "Outer", "Join Type": "Inner", "Startup Cost": 0.0, "Total Cost": 29807.57, "Plan Rows": 133, "Plan Width": 50, "Actual Min Startup Time": 367.835, "Actual Max Startup Time": 367.835, "Actual Min Total Time": 403.986, "Actual Max Total Time": 403.986, "Inner Unique": false, "Join Filter": "(mi.info_type_id = it1.id)", "Rows Removed by Join Filter": 95197, "Plans": [{"Node Type": "Seq Scan", "Parent Relationship": "Outer", "Relation Name": "info_type", "Alias": "it1", "Startup Cost": 0.0, "Total Cost": 2.4, "Plan Rows": 1, "Plan Width": 4, "Actual Min Startup Time": 0.057, "Actual Max Startup Time": 0.057, "Actual Min Total Time": 0.07, "Actual Max Total Time": 0.07, "Filter": "((info)::text = 'budget'::text)", "Rows Removed by Filter": 111, "Actual Rows": 1}, {"Node Type": "Materialize", "Parent Relationship": "Inner", "Startup Cost": 0.0, "Total Cost": 29789.56, "Plan Rows": 1561, "Plan Width": 54, "Actual Min Startup Time": 367.762, "Actual Max Startup Time": 367.762, "Actual Min Total Time": 379.616, "Actual Max Total Time": 379.616, "Plans": [{"Node Type": "Nested Loop", "Parent Relationship": "Outer", "Join Type": "Inner", "Startup Cost": 0.0, "Total Cost": 29785.66, "Plan Rows": 1561, "Plan Width": 54, "Actual Min Startup Time": 19.961, "Actual Max Startup Time": 19.961, "Actual Min Total Time": 340.588, "Actual Max Total Time": 340.588, "Inner Unique": false, "Plans": [{"Node Type": "Nested Loop", "Parent Relationship": "Outer", "Join Type": "Inner", "Startup Cost": 0.0, "Total Cost": 29565.43, "Plan Rows": 294, "Plan Width": 4, "Actual Min Startup Time": 19.942, "Actual Max Startup Time": 19.942, "Actual Min Total Time": 192.495, "Actual Max Total Time": 192.495, "Inner Unique": false, "Plans": [{"Node Type": "Streaming(type: LOCAL GATHER dop: 1/16)", "Parent Relationship": "Outer", "Startup Cost": 0.0, "Total Cost": 22123.07, "Plan Rows": 173, "Plan Width": 4, "Actual Min Startup Time": 19.553, "Actual Max Startup Time": 19.553, "Actual Min Total Time": 61.065, "Actual Max Total Time": 61.065, "Plans": [{"Node Type": "Seq Scan", "Parent Relationship": "Outer", "Relation Name": "name", "Alias": "n", "Startup Cost": 0.0, "Total Cost": 22119.33, "Plan Rows": 173, "Plan Width": 4, "Actual Min Startup Time": 0.032, "Actual Max Startup Time": 0.834, "Actual Min Total Time": 101.822, "Actual Max Total Time": 105.99, "Filter": "(((name)::text ~~ '%Tim%'::text) AND ((gender)::text = 'm'::text))", "Rows Removed by Filter": 4158428, "Actual Rows": 9062}], "Actual Rows": 9062}, {"Node Type": "Index Scan", "Parent Relationship": "Inner", "Scan Direction": "Forward", "Index Name": "person_id_cast_info", "Relation Name": "cast_info", "Alias": "ci", "Startup Cost": 0.0, "Total Cost": 43.0, "Plan Rows": 2, "Plan Width": 8, "Actual Min Startup Time": 105.697, "Actual Max Startup Time": 105.697, "Actual Min Total Time": 124.933, "Actual Max Total Time": 124.933, "Index Cond": "(person_id = n.id)", "Rows Removed by Index Recheck": 0, "Filter": "((note)::text = ANY ('{(producer),\"(executive producer)\"}'::text[]))", "Rows Removed by Filter": 89309, "Actual Rows": 6719}], "Actual Rows": 6719}, {"Node Type": "Index Scan", "Parent Relationship": "Inner", "Scan Direction": "Forward", "Index Name": "movie_id_movie_info", "Relation Name": "movie_info", "Alias": "mi", "Startup Cost": 0.0, "Total Cost": 0.7, "Plan Rows": 5, "Plan Width": 50, "Actual Min Startup Time": 39.487, "Actual Max Startup Time": 39.487, "Actual Min Total Time": 123.948, "Actual Max Total Time": 123.948, "Index Cond": "(movie_id = ci.movie_id)", "Rows Removed by Index Recheck": 0, "Actual Rows": 95896}], "Actual Rows": 95896}], "Actual Rows": 95897}], "Actual Rows": 699}, {"Node Type": "Index Scan", "Parent Relationship": "Inner", "Scan Direction": "Forward", "Index Name": "movie_id_movie_info_idx", "Relation Name": "movie_info_idx", "Alias": "mi_idx", "Startup Cost": 0.0, "Total Cost": 0.29, "Plan Rows": 2, "Plan Width": 13, "Actual Min Startup Time": 4.625, "Actual Max Startup Time": 4.625, "Actual Min Total Time": 5.128, "Actual Max Total Time": 5.128, "Index Cond": "(movie_id = mi.movie_id)", "Rows Removed by Index Recheck": 0, "Actual Rows": 1235}], "Actual Rows": 1235}], "Actual Rows": 410}, {"Node Type": "Index Scan", "Parent Relationship": "Inner", "Scan Direction": "Forward", "Index Name": "title_pkey", "Relation Name": "title", "Alias": "t", "Startup Cost": 0.0, "Total Cost": 0.28, "Plan Rows": 1, "Plan Width": 21, "Actual Min Startup Time": 3.196, "Actual Max Startup Time": 3.196, "Actual Min Total Time": 3.196, "Actual Max Total Time": 3.196, "Index Cond": "(id = mi.movie_id)", "Rows Removed by Index Recheck": 0, "Actual Rows": 410}], "Actual Rows": 410}], "Actual Rows": 1}, "Triggers": [], "Planner Runtime": 98.942, "Total Runtime": 419.394, "Unique SQL Id": 4264520866}}, "(16, '41')": {"explain_plan": {"Plan": {"Node Type": "Aggregate", "Strategy": "Plain", "Startup Cost": 161086.29, "Total Cost": 161086.3, "Plan Rows": 1, "Plan Width": 160, "Plans": [{"Node Type": "Nested Loop", "Parent Relationship": "Outer", "Join Type": "Inner", "Startup Cost": 0.0, "Total Cost": 161086.22, "Plan Rows": 9, "Plan Width": 64, "Inner Unique": true, "Plans": [{"Node Type": "Nested Loop", "Parent Relationship": "Outer", "Join Type": "Inner", "Startup Cost": 0.0, "Total Cost": 161083.6, "Plan Rows": 9, "Plan Width": 59, "Inner Unique": false, "Join Filter": "(mi.info_type_id = it1.id)", "Plans": [{"Node Type": "Index Scan", "Parent Relationship": "Outer", "Scan Direction": "Forward", "Index Name": "info_type_pkey", "Relation Name": "info_type", "Alias": "it1", "Startup Cost": 0.0, "Total Cost": 14.21, "Plan Rows": 1, "Plan Width": 4, "Filter": "((info)::text = 'budget'::text)"}, {"Node Type": "Nested Loop", "Parent Relationship": "Inner", "Join Type": "Inner", "Startup Cost": 0.0, "Total Cost": 161065.9, "Plan Rows": 279, "Plan Width": 63, "Inner Unique": false, "Join Filter": "(mi_idx.movie_id = mi.movie_id)", "Plans": [{"Node Type": "Nested Loop", "Parent Relationship": "Outer", "Join Type": "Inner", "Startup Cost": 0.0, "Total Cost": 161026.3, "Plan Rows": 52, "Plan Width": 13, "Inner Unique": false, "Join Filter": "(mi_idx.info_type_id = it2.id)", "Plans": [{"Node Type": "Index Scan", "Parent Relationship": "Outer", "Scan Direction": "Forward", "Index Name": "info_type_pkey", "Relation Name": "info_type", "Alias": "it2", "Startup Cost": 0.0, "Total Cost": 14.21, "Plan Rows": 1, "Plan Width": 4, "Filter": "((info)::text = 'votes'::text)"}, {"Node Type": "Materialize", "Parent Relationship": "Inner", "Startup Cost": 0.0, "Total Cost": 161008.63, "Plan Rows": 346, "Plan Width": 17, "Plans": [{"Node Type": "Nested Loop", "Parent Relationship": "Outer", "Join Type": "Inner", "Startup Cost": 0.0, "Total Cost": 161007.76, "Plan Rows": 346, "Plan Width": 17, "Inner Unique": false, "Plans": [{"Node Type": "Nested Loop", "Parent Relationship": "Outer", "Join Type": "Inner", "Startup Cost": 0.0, "Total Cost": 160910.97, "Plan Rows": 294, "Plan Width": 4, "Inner Unique": false, "Plans": [{"Node Type": "Streaming(type: LOCAL GATHER dop: 1/16)", "Parent Relationship": "Outer", "Startup Cost": 0.0, "Total Cost": 153468.6, "Plan Rows": 173, "Plan Width": 4, "Plans": [{"Node Type": "Index Scan", "Parent Relationship": "Outer", "Scan Direction": "Forward", "Index Name": "name_pkey", "Relation Name": "name", "Alias": "n", "Startup Cost": 0.0, "Total Cost": 153464.87, "Plan Rows": 173, "Plan Width": 4, "Filter": "(((name)::text ~~ '%Tim%'::text) AND ((gender)::text = 'm'::text))"}]}, {"Node Type": "Index Scan", "Parent Relationship": "Inner", "Scan Direction": "Forward", "Index Name": "person_id_cast_info", "Relation Name": "cast_info", "Alias": "ci", "Startup Cost": 0.0, "Total Cost": 43.0, "Plan Rows": 2, "Plan Width": 8, "Index Cond": "(person_id = n.id)", "Filter": "((note)::text = ANY ('{(producer),\"(executive producer)\"}'::text[]))"}]}, {"Node Type": "Index Scan", "Parent Relationship": "Inner", "Scan Direction": "Forward", "Index Name": "movie_id_movie_info_idx", "Relation Name": "movie_info_idx", "Alias": "mi_idx", "Startup Cost": 0.0, "Total Cost": 0.31, "Plan Rows": 2, "Plan Width": 13, "Index Cond": "(movie_id = ci.movie_id)"}]}]}]}, {"Node Type": "Index Scan", "Parent Relationship": "Inner", "Scan Direction": "Forward", "Index Name": "movie_id_movie_info", "Relation Name": "movie_info", "Alias": "mi", "Startup Cost": 0.0, "Total Cost": 0.7, "Plan Rows": 5, "Plan Width": 50, "Index Cond": "(movie_id = ci.movie_id)"}]}]}, {"Node Type": "Index Scan", "Parent Relationship": "Inner", "Scan Direction": "Forward", "Index Name": "title_pkey", "Relation Name": "title", "Alias": "t", "Startup Cost": 0.0, "Total Cost": 0.28, "Plan Rows": 1, "Plan Width": 21, "Index Cond": "(id = mi.movie_id)"}]}]}, "Unique SQL Id": 4264520866, "Planner Runtime": 25}, "explain_analyze_plan": {"Plan": {"Node Type": "Aggregate", "Strategy": "Plain", "Startup Cost": 161086.29, "Total Cost": 161086.3, "Plan Rows": 1, "Plan Width": 160, "Actual Min Startup Time": 476.62, "Actual Max Startup Time": 476.62, "Actual Min Total Time": 476.62, "Actual Max Total Time": 476.62, "Plans": [{"Node Type": "Nested Loop", "Parent Relationship": "Outer", "Join Type": "Inner", "Startup Cost": 0.0, "Total Cost": 161086.22, "Plan Rows": 9, "Plan Width": 64, "Actual Min Startup Time": 335.708, "Actual Max Startup Time": 335.708, "Actual Min Total Time": 476.138, "Actual Max Total Time": 476.138, "Inner Unique": true, "Plans": [{"Node Type": "Nested Loop", "Parent Relationship": "Outer", "Join Type": "Inner", "Startup Cost": 0.0, "Total Cost": 161083.6, "Plan Rows": 9, "Plan Width": 59, "Actual Min Startup Time": 335.689, "Actual Max Startup Time": 335.689, "Actual Min Total Time": 472.481, "Actual Max Total Time": 472.481, "Inner Unique": false, "Join Filter": "(mi.info_type_id = it1.id)", "Rows Removed by Join Filter": 81998, "Plans": [{"Node Type": "Index Scan", "Parent Relationship": "Outer", "Scan Direction": "Forward", "Index Name": "info_type_pkey", "Relation Name": "info_type", "Alias": "it1", "Startup Cost": 0.0, "Total Cost": 14.21, "Plan Rows": 1, "Plan Width": 4, "Actual Min Startup Time": 0.084, "Actual Max Startup Time": 0.084, "Actual Min Total Time": 0.09, "Actual Max Total Time": 0.09, "Filter": "((info)::text = 'budget'::text)", "Rows Removed by Filter": 111, "Actual Rows": 1}, {"Node Type": "Nested Loop", "Parent Relationship": "Inner", "Join Type": "Inner", "Startup Cost": 0.0, "Total Cost": 161065.9, "Plan Rows": 279, "Plan Width": 63, "Actual Min Startup Time": 335.581, "Actual Max Startup Time": 335.581, "Actual Min Total Time": 456.706, "Actual Max Total Time": 456.706, "Inner Unique": false, "Join Filter": "(mi_idx.movie_id = mi.movie_id)", "Rows Removed by Join Filter": 0, "Plans": [{"Node Type": "Nested Loop", "Parent Relationship": "Outer", "Join Type": "Inner", "Startup Cost": 0.0, "Total Cost": 161026.3, "Plan Rows": 52, "Plan Width": 13, "Actual Min Startup Time": 335.557, "Actual Max Startup Time": 335.557, "Actual Min Total Time": 339.703, "Actual Max Total Time": 339.703, "Inner Unique": false, "Join Filter": "(mi_idx.info_type_id = it2.id)", "Rows Removed by Join Filter": 6875, "Plans": [{"Node Type": "Index Scan", "Parent Relationship": "Outer", "Scan Direction": "Forward", "Index Name": "info_type_pkey", "Relation Name": "info_type", "Alias": "it2", "Startup Cost": 0.0, "Total Cost": 14.21, "Plan Rows": 1, "Plan Width": 4, "Actual Min Startup Time": 0.071, "Actual Max Startup Time": 0.071, "Actual Min Total Time": 0.081, "Actual Max Total Time": 0.081, "Filter": "((info)::text = 'votes'::text)", "Rows Removed by Filter": 111, "Actual Rows": 1}, {"Node Type": "Materialize", "Parent Relationship": "Inner", "Startup Cost": 0.0, "Total Cost": 161008.63, "Plan Rows": 346, "Plan Width": 17, "Actual Min Startup Time": 335.472, "Actual Max Startup Time": 335.472, "Actual Min Total Time": 336.702, "Actual Max Total Time": 336.702, "Plans": [{"Node Type": "Nested Loop", "Parent Relationship": "Outer", "Join Type": "Inner", "Startup Cost": 0.0, "Total Cost": 161007.76, "Plan Rows": 346, "Plan Width": 17, "Actual Min Startup Time": 70.179, "Actual Max Startup Time": 70.179, "Actual Min Total Time": 332.484, "Actual Max Total Time": 332.484, "Inner Unique": false, "Plans": [{"Node Type": "Nested Loop", "Parent Relationship": "Outer", "Join Type": "Inner", "Startup Cost": 0.0, "Total Cost": 160910.97, "Plan Rows": 294, "Plan Width": 4, "Actual Min Startup Time": 70.149, "Actual Max Startup Time": 70.149, "Actual Min Total Time": 294.567, "Actual Max Total Time": 294.567, "Inner Unique": false, "Plans": [{"Node Type": "Streaming(type: LOCAL GATHER dop: 1/16)", "Parent Relationship": "Outer", "Startup Cost": 0.0, "Total Cost": 153468.6, "Plan Rows": 173, "Plan Width": 4, "Actual Min Startup Time": 70.006, "Actual Max Startup Time": 70.006, "Actual Min Total Time": 165.071, "Actual Max Total Time": 165.071, "Plans": [{"Node Type": "Index Scan", "Parent Relationship": "Outer", "Scan Direction": "Forward", "Index Name": "name_pkey", "Relation Name": "name", "Alias": "n", "Startup Cost": 0.0, "Total Cost": 153464.87, "Plan Rows": 173, "Plan Width": 4, "Actual Min Startup Time": 39.742, "Actual Max Startup Time": 299.64, "Actual Min Total Time": 272.13, "Actual Max Total Time": 304.338, "Filter": "(((name)::text ~~ '%Tim%'::text) AND ((gender)::text = 'm'::text))", "Rows Removed by Filter": 4158428, "Actual Rows": 9062}], "Actual Rows": 9062}, {"Node Type": "Index Scan", "Parent Relationship": "Inner", "Scan Direction": "Forward", "Index Name": "person_id_cast_info", "Relation Name": "cast_info", "Alias": "ci", "Startup Cost": 0.0, "Total Cost": 43.0, "Plan Rows": 2, "Plan Width": 8, "Actual Min Startup Time": 104.11, "Actual Max Startup Time": 104.11, "Actual Min Total Time": 123.266, "Actual Max Total Time": 123.266, "Index Cond": "(person_id = n.id)", "Rows Removed by Index Recheck": 0, "Filter": "((note)::text = ANY ('{(producer),\"(executive producer)\"}'::text[]))", "Rows Removed by Filter": 89309, "Actual Rows": 6719}], "Actual Rows": 6719}, {"Node Type": "Index Scan", "Parent Relationship": "Inner", "Scan Direction": "Forward", "Index Name": "movie_id_movie_info_idx", "Relation Name": "movie_info_idx", "Alias": "mi_idx", "Startup Cost": 0.0, "Total Cost": 0.31, "Plan Rows": 2, "Plan Width": 13, "Actual Min Startup Time": 28.123, "Actual Max Startup Time": 28.123, "Actual Min Total Time": 32.253, "Actual Max Total Time": 32.253, "Index Cond": "(movie_id = ci.movie_id)", "Rows Removed by Index Recheck": 0, "Actual Rows": 10310}], "Actual Rows": 10310}], "Actual Rows": 10311}], "Actual Rows": 3435}, {"Node Type": "Index Scan", "Parent Relationship": "Inner", "Scan Direction": "Forward", "Index Name": "movie_id_movie_info", "Relation Name": "movie_info", "Alias": "mi", "Startup Cost": 0.0, "Total Cost": 0.7, "Plan Rows": 5, "Plan Width": 50, "Actual Min Startup Time": 21.885, "Actual Max Startup Time": 21.885, "Actual Min Total Time": 88.131, "Actual Max Total Time": 88.131, "Index Cond": "(movie_id = ci.movie_id)", "Rows Removed by Index Recheck": 0, "Actual Rows": 82408}], "Actual Rows": 82408}], "Actual Rows": 410}, {"Node Type": "Index Scan", "Parent Relationship": "Inner", "Scan Direction": "Forward", "Index Name": "title_pkey", "Relation Name": "title", "Alias": "t", "Startup Cost": 0.0, "Total Cost": 0.28, "Plan Rows": 1, "Plan Width": 21, "Actual Min Startup Time": 3.252, "Actual Max Startup Time": 3.252, "Actual Min Total Time": 3.252, "Actual Max Total Time": 3.252, "Index Cond": "(id = mi.movie_id)", "Rows Removed by Index Recheck": 0, "Actual Rows": 410}], "Actual Rows": 410}], "Actual Rows": 1}, "Triggers": [], "Planner Runtime": 49.928, "Total Runtime": 479.326, "Unique SQL Id": 4264520866}}, "(16, '42')": {"explain_plan": {"Plan": {"Node Type": "Aggregate", "Strategy": "Plain", "Startup Cost": 189917.75, "Total Cost": 189917.76, "Plan Rows": 1, "Plan Width": 160, "Plans": [{"Node Type": "Nested Loop", "Parent Relationship": "Outer", "Join Type": "Inner", "Startup Cost": 122762.09, "Total Cost": 189917.68, "Plan Rows": 9, "Plan Width": 64, "Inner Unique": false, "Join Filter": "(mi_idx.info_type_id = it2.id)", "Plans": [{"Node Type": "Seq Scan", "Parent Relationship": "Outer", "Relation Name": "info_type", "Alias": "it2", "Startup Cost": 0.0, "Total Cost": 2.4, "Plan Rows": 1, "Plan Width": 4, "Filter": "((info)::text = 'votes'::text)"}, {"Node Type": "Materialize", "Parent Relationship": "Inner", "Startup Cost": 122762.09, "Total Cost": 189914.94, "Plan Rows": 34, "Plan Width": 68, "Plans": [{"Node Type": "Streaming(type: LOCAL GATHER dop: 1/16)", "Parent Relationship": "Outer", "Startup Cost": 122762.09, "Total Cost": 189914.86, "Plan Rows": 34, "Plan Width": 68, "Plans": [{"Node Type": "Hash Join", "Parent Relationship": "Outer", "Join Type": "Inner", "Startup Cost": 122762.09, "Total Cost": 189914.12, "Plan Rows": 34, "Plan Width": 68, "Inner Unique": true, "Hash Cond": "(mi.movie_id = t.id)", "Plans": [{"Node Type": "Streaming(type: BROADCAST dop: 16/16)", "Parent Relationship": "Outer", "Startup Cost": 116098.27, "Total Cost": 183250.15, "Plan Rows": 544, "Plan Width": 63, "Plans": [{"Node Type": "Hash Join", "Parent Relationship": "Outer", "Join Type": "Inner", "Startup Cost": 116098.27, "Total Cost": 168248.77, "Plan Rows": 34, "Plan Width": 63, "Inner Unique": false, "Hash Cond": "(mi.movie_id = mi_idx.movie_id)", "Plans": [{"Node Type": "Streaming(type: BROADCAST dop: 16/1)", "Parent Relationship": "Outer", "Startup Cost": 110953.33, "Total Cost": 163102.71, "Plan Rows": 2128, "Plan Width": 50, "Plans": [{"Node Type": "Nested Loop", "Parent Relationship": "Outer", "Join Type": "Inner", "Startup Cost": 110953.33, "Total Cost": 148056.78, "Plan Rows": 133, "Plan Width": 50, "Inner Unique": false, "Join Filter": "(mi.info_type_id = it1.id)", "Plans": [{"Node Type": "Seq Scan", "Parent Relationship": "Outer", "Relation Name": "info_type", "Alias": "it1", "Startup Cost": 0.0, "Total Cost": 2.4, "Plan Rows": 1, "Plan Width": 4, "Filter": "((info)::text = 'budget'::text)"}, {"Node Type": "Materialize", "Parent Relationship": "Inner", "Startup Cost": 110953.33, "Total Cost": 148038.77, "Plan Rows": 1561, "Plan Width": 54, "Plans": [{"Node Type": "Streaming(type: LOCAL GATHER dop: 1/16)", "Parent Relationship": "Outer", "Startup Cost": 110953.33, "Total Cost": 148034.87, "Plan Rows": 1561, "Plan Width": 54, "Plans": [{"Node Type": "Hash Join", "Parent Relationship": "Outer", "Join Type": "Inner", "Startup Cost": 110953.33, "Total Cost": 148001.18, "Plan Rows": 1561, "Plan Width": 54, "Inner Unique": false, "Hash Cond": "(mi.movie_id = ci.movie_id)", "Plans": [{"Node Type": "Seq Scan", "Parent Relationship": "Outer", "Relation Name": "movie_info", "Alias": "mi", "Startup Cost": 0.0, "Total Cost": 33561.73, "Plan Rows": 14869966, "Plan Width": 50}, {"Node Type": "Hash", "Parent Relationship": "Inner", "Startup Cost": 110949.66, "Total Cost": 110949.66, "Plan Rows": 4704, "Plan Width": 4, "Plans": [{"Node Type": "Streaming(type: BROADCAST dop: 16/16)", "Parent Relationship": "Outer", "Startup Cost": 37128.53, "Total Cost": 110949.66, "Plan Rows": 4704, "Plan Width": 4, "Plans": [{"Node Type": "Hash Join", "Parent Relationship": "Outer", "Join Type": "Inner", "Startup Cost": 37128.53, "Total Cost": 95937.71, "Plan Rows": 294, "Plan Width": 4, "Inner Unique": true, "Hash Cond": "(ci.person_id = n.id)", "Plans": [{"Node Type": "Seq Scan", "Parent Relationship": "Outer", "Relation Name": "cast_info", "Alias": "ci", "Startup Cost": 0.0, "Total Cost": 58282.92, "Plan Rows": 2350421, "Plan Width": 8, "Filter": "((note)::text = ANY ('{(producer),\"(executive producer)\"}'::text[]))"}, {"Node Type": "Hash", "Parent Relationship": "Inner", "Startup Cost": 37126.36, "Total Cost": 37126.36, "Plan Rows": 2768, "Plan Width": 4, "Plans": [{"Node Type": "Streaming(type: BROADCAST dop: 16/16)", "Parent Relationship": "Outer", "Startup Cost": 0.0, "Total Cost": 37126.36, "Plan Rows": 2768, "Plan Width": 4, "Plans": [{"Node Type": "Seq Scan", "Parent Relationship": "Outer", "Relation Name": "name", "Alias": "n", "Startup Cost": 0.0, "Total Cost": 22119.33, "Plan Rows": 173, "Plan Width": 4, "Filter": "(((name)::text ~~ '%Tim%'::text) AND ((gender)::text = 'm'::text))"}]}]}]}]}]}]}]}]}]}]}, {"Node Type": "Hash", "Parent Relationship": "Inner", "Startup Cost": 16267.15, "Total Cost": 16267.15, "Plan Rows": 1380034, "Plan Width": 13, "Plans": [{"Node Type": "Seq Scan", "Parent Relationship": "Outer", "Relation Name": "movie_info_idx", "Alias": "mi_idx", "Startup Cost": 0.0, "Total Cost": 16267.15, "Plan Rows": 1380034, "Plan Width": 13}]}]}]}, {"Node Type": "Hash", "Parent Relationship": "Inner", "Startup Cost": 18754.32, "Total Cost": 18754.32, "Plan Rows": 2528311, "Plan Width": 21, "Plans": [{"Node Type": "Seq Scan", "Parent Relationship": "Outer", "Relation Name": "title", "Alias": "t", "Startup Cost": 0.0, "Total Cost": 18754.32, "Plan Rows": 2528311, "Plan Width": 21}]}]}]}]}]}]}, "Unique SQL Id": 4264520866, "Planner Runtime": 168}, "explain_analyze_plan": null}, "(16, '43')": {"explain_plan": {"Plan": {"Node Type": "Aggregate", "Strategy": "Plain", "Startup Cost": 7000364088471.87, "Total Cost": 7000364088471.88, "Plan Rows": 1, "Plan Width": 160, "Plans": [{"Node Type": "Nested Loop", "Parent Relationship": "Outer", "Join Type": "Inner", "Startup Cost": 70000000000.0, "Total Cost": 7000364088471.49, "Plan Rows": 51, "Plan Width": 64, "Inner Unique": false, "Join Filter": "(mi.movie_id = t.id)", "Plans": [{"Node Type": "Index Scan", "Parent Relationship": "Outer", "Scan Direction": "Forward", "Index Name": "title_pkey", "Relation Name": "title", "Alias": "t", "Startup Cost": 10000000000.0, "Total Cost": 1000011012048.91, "Plan Rows": 2528311, "Plan Width": 21}, {"Node Type": "Materialize", "Parent Relationship": "Inner", "Startup Cost": 60000000000.0, "Total Cost": 6000351142264.79, "Plan Rows": 51, "Plan Width": 59, "Plans": [{"Node Type": "Nested Loop", "Parent Relationship": "Outer", "Join Type": "Inner", "Startup Cost": 60000000000.0, "Total Cost": 6000351142264.53, "Plan Rows": 51, "Plan Width": 59, "Inner Unique": false, "Join Filter": "(mi_idx.movie_id = mi.movie_id)", "Plans": [{"Node Type": "Nested Loop", "Parent Relationship": "Outer", "Join Type": "Inner", "Startup Cost": 20000000000.0, "Total Cost": 2000004672156.88, "Plan Rows": 345008, "Plan Width": 9, "Inner Unique": true, "Join Filter": "(it2.id = mi_idx.info_type_id), (LLVM Optimized)", "Plans": [{"Node Type": "Index Scan", "Parent Relationship": "Outer", "Scan Direction": "Forward", "Index Name": "movie_id_movie_info_idx", "Relation Name": "movie_info_idx", "Alias": "mi_idx", "Startup Cost": 10000000000.0, "Total Cost": 1000004650035.37, "Plan Rows": 1380034, "Plan Width": 13}, {"Node Type": "Materialize", "Parent Relationship": "Inner", "Startup Cost": 10000000000.0, "Total Cost": 1000000001421.0, "Plan Rows": 1, "Plan Width": 4, "Plans": [{"Node Type": "Index Scan", "Parent Relationship": "Outer", "Scan Direction": "Forward", "Index Name": "info_type_pkey", "Relation Name": "info_type", "Alias": "it2", "Startup Cost": 10000000000.0, "Total Cost": 1000000001421.0, "Plan Rows": 1, "Plan Width": 4, "Filter": "((info)::text = 'votes'::text)"}]}]}, {"Node Type": "Materialize", "Parent Relationship": "Inner", "Startup Cost": 40000000000.0, "Total Cost": 4000345781817.02, "Plan Rows": 133, "Plan Width": 50, "Plans": [{"Node Type": "Nested Loop", "Parent Relationship": "Outer", "Join Type": "Inner", "Startup Cost": 40000000000.0, "Total Cost": 4000345781816.36, "Plan Rows": 133, "Plan Width": 50, "Inner Unique": false, "Join Filter": "(ci.movie_id = mi.movie_id)", "Plans": [{"Node Type": "Nested Loop", "Parent Relationship": "Outer", "Join Type": "Inner", "Startup Cost": 20000000000.0, "Total Cost": 2000104041382.71, "Plan Rows": 212428, "Plan Width": 46, "Inner Unique": true, "Join Filter": "(it1.id = mi.info_type_id), (LLVM Optimized)", "Plans": [{"Node Type": "Index Scan", "Parent Relationship": "Outer", "Scan Direction": "Forward", "Index Name": "movie_id_movie_info", "Relation Name": "movie_info", "Alias": "mi", "Startup Cost": 10000000000.0, "Total Cost": 1000103816912.22, "Plan Rows": 14869966, "Plan Width": 50}, {"Node Type": "Materialize", "Parent Relationship": "Inner", "Startup Cost": 10000000000.0, "Total Cost": 1000000001421.0, "Plan Rows": 1, "Plan Width": 4, "Plans": [{"Node Type": "Index Scan", "Parent Relationship": "Outer", "Scan Direction": "Forward", "Index Name": "info_type_pkey", "Relation Name": "info_type", "Alias": "it1", "Startup Cost": 10000000000.0, "Total Cost": 1000000001421.0, "Plan Rows": 1, "Plan Width": 4, "Filter": "((info)::text = 'budget'::text)"}]}]}, {"Node Type": "Materialize", "Parent Relationship": "Inner", "Startup Cost": 20000000000.0, "Total Cost": 2000240803626.91, "Plan Rows": 294, "Plan Width": 4, "Plans": [{"Node Type": "Nested Loop", "Parent Relationship": "Outer", "Join Type": "Inner", "Startup Cost": 20000000000.0, "Total Cost": 2000240803625.44, "Plan Rows": 294, "Plan Width": 4, "Inner Unique": true, "Join Filter": "(ci.person_id = n.id)", "Plans": [{"Node Type": "Index Scan", "Parent Relationship": "Outer", "Scan Direction": "Forward", "Index Name": "movie_id_cast_info", "Relation Name": "cast_info", "Alias": "ci", "Startup Cost": 10000000000.0, "Total Cost": 1000214997262.8, "Plan Rows": 2350421, "Plan Width": 8, "Filter": "((note)::text = ANY ('{(producer),\"(executive producer)\"}'::text[]))"}, {"Node Type": "Materialize", "Parent Relationship": "Inner", "Startup Cost": 10000000000.0, "Total Cost": 1000019707020.57, "Plan Rows": 173, "Plan Width": 4, "Plans": [{"Node Type": "Index Scan", "Parent Relationship": "Outer", "Scan Direction": "Forward", "Index Name": "name_pkey", "Relation Name": "name", "Alias": "n", "Startup Cost": 10000000000.0, "Total Cost": 1000019707019.7, "Plan Rows": 173, "Plan Width": 4, "Filter": "(((name)::text ~~ '%Tim%'::text) AND ((gender)::text = 'm'::text))"}]}]}]}]}]}]}]}]}]}, "Unique SQL Id": 4264520866, "Planner Runtime": 32}, "explain_analyze_plan": null}, "(16, '44')": {"explain_plan": {"Plan": {"Node Type": "Aggregate", "Strategy": "Plain", "Startup Cost": 29854.72, "Total Cost": 29854.73, "Plan Rows": 1, "Plan Width": 160, "Plans": [{"Node Type": "Nested Loop", "Parent Relationship": "Outer", "Join Type": "Inner", "Startup Cost": 0.0, "Total Cost": 29854.66, "Plan Rows": 9, "Plan Width": 64, "Inner Unique": true, "Plans": [{"Node Type": "Nested Loop", "Parent Relationship": "Outer", "Join Type": "Inner", "Startup Cost": 0.0, "Total Cost": 29852.03, "Plan Rows": 9, "Plan Width": 59, "Inner Unique": false, "Join Filter": "(mi_idx.info_type_id = it2.id)", "Plans": [{"Node Type": "Seq Scan", "Parent Relationship": "Outer", "Relation Name": "info_type", "Alias": "it2", "Startup Cost": 0.0, "Total Cost": 2.4, "Plan Rows": 1, "Plan Width": 4, "Filter": "((info)::text = 'votes'::text)"}, {"Node Type": "Nested Loop", "Parent Relationship": "Inner", "Join Type": "Inner", "Startup Cost": 0.0, "Total Cost": 29849.21, "Plan Rows": 34, "Plan Width": 63, "Inner Unique": false, "Plans": [{"Node Type": "Nested Loop", "Parent Relationship": "Outer", "Join Type": "Inner", "Startup Cost": 0.0, "Total Cost": 29807.57, "Plan Rows": 133, "Plan Width": 50, "Inner Unique": false, "Join Filter": "(mi.info_type_id = it1.id)", "Plans": [{"Node Type": "Seq Scan", "Parent Relationship": "Outer", "Relation Name": "info_type", "Alias": "it1", "Startup Cost": 0.0, "Total Cost": 2.4, "Plan Rows": 1, "Plan Width": 4, "Filter": "((info)::text = 'budget'::text)"}, {"Node Type": "Materialize", "Parent Relationship": "Inner", "Startup Cost": 0.0, "Total Cost": 29789.56, "Plan Rows": 1561, "Plan Width": 54, "Plans": [{"Node Type": "Nested Loop", "Parent Relationship": "Outer", "Join Type": "Inner", "Startup Cost": 0.0, "Total Cost": 29785.66, "Plan Rows": 1561, "Plan Width": 54, "Inner Unique": false, "Plans": [{"Node Type": "Nested Loop", "Parent Relationship": "Outer", "Join Type": "Inner", "Startup Cost": 0.0, "Total Cost": 29565.43, "Plan Rows": 294, "Plan Width": 4, "Inner Unique": false, "Plans": [{"Node Type": "Streaming(type: LOCAL GATHER dop: 1/16)", "Parent Relationship": "Outer", "Startup Cost": 0.0, "Total Cost": 22123.07, "Plan Rows": 173, "Plan Width": 4, "Plans": [{"Node Type": "Seq Scan", "Parent Relationship": "Outer", "Relation Name": "name", "Alias": "n", "Startup Cost": 0.0, "Total Cost": 22119.33, "Plan Rows": 173, "Plan Width": 4, "Filter": "(((name)::text ~~ '%Tim%'::text) AND ((gender)::text = 'm'::text))"}]}, {"Node Type": "Index Scan", "Parent Relationship": "Inner", "Scan Direction": "Forward", "Index Name": "person_id_cast_info", "Relation Name": "cast_info", "Alias": "ci", "Startup Cost": 0.0, "Total Cost": 43.0, "Plan Rows": 2, "Plan Width": 8, "Index Cond": "(person_id = n.id)", "Filter": "((note)::text = ANY ('{(producer),\"(executive producer)\"}'::text[]))"}]}, {"Node Type": "Index Scan", "Parent Relationship": "Inner", "Scan Direction": "Forward", "Index Name": "movie_id_movie_info", "Relation Name": "movie_info", "Alias": "mi", "Startup Cost": 0.0, "Total Cost": 0.7, "Plan Rows": 5, "Plan Width": 50, "Index Cond": "(movie_id = ci.movie_id)"}]}]}]}, {"Node Type": "Index Scan", "Parent Relationship": "Inner", "Scan Direction": "Forward", "Index Name": "movie_id_movie_info_idx", "Relation Name": "movie_info_idx", "Alias": "mi_idx", "Startup Cost": 0.0, "Total Cost": 0.29, "Plan Rows": 2, "Plan Width": 13, "Index Cond": "(movie_id = mi.movie_id)"}]}]}, {"Node Type": "Index Scan", "Parent Relationship": "Inner", "Scan Direction": "Forward", "Index Name": "title_pkey", "Relation Name": "title", "Alias": "t", "Startup Cost": 0.0, "Total Cost": 0.28, "Plan Rows": 1, "Plan Width": 21, "Index Cond": "(id = mi.movie_id)"}]}]}, "Unique SQL Id": 4264520866, "Planner Runtime": 95}, "explain_analyze_plan": {"Plan": {"Node Type": "Aggregate", "Strategy": "Plain", "Startup Cost": 29854.72, "Total Cost": 29854.73, "Plan Rows": 1, "Plan Width": 160, "Actual Min Startup Time": 416.335, "Actual Max Startup Time": 416.335, "Actual Min Total Time": 416.336, "Actual Max Total Time": 416.336, "Plans": [{"Node Type": "Nested Loop", "Parent Relationship": "Outer", "Join Type": "Inner", "Startup Cost": 0.0, "Total Cost": 29854.66, "Plan Rows": 9, "Plan Width": 64, "Actual Min Startup Time": 368.0, "Actual Max Startup Time": 368.0, "Actual Min Total Time": 415.898, "Actual Max Total Time": 415.898, "Inner Unique": true, "Plans": [{"Node Type": "Nested Loop", "Parent Relationship": "Outer", "Join Type": "Inner", "Startup Cost": 0.0, "Total Cost": 29852.03, "Plan Rows": 9, "Plan Width": 59, "Actual Min Startup Time": 367.98, "Actual Max Startup Time": 367.98, "Actual Min Total Time": 412.403, "Actual Max Total Time": 412.403, "Inner Unique": false, "Join Filter": "(mi_idx.info_type_id = it2.id)", "Rows Removed by Join Filter": 825, "Plans": [{"Node Type": "Seq Scan", "Parent Relationship": "Outer", "Relation Name": "info_type", "Alias": "it2", "Startup Cost": 0.0, "Total Cost": 2.4, "Plan Rows": 1, "Plan Width": 4, "Actual Min Startup Time": 0.064, "Actual Max Startup Time": 0.064, "Actual Min Total Time": 0.073, "Actual Max Total Time": 0.073, "Filter": "((info)::text = 'votes'::text)", "Rows Removed by Filter": 111, "Actual Rows": 1}, {"Node Type": "Nested Loop", "Parent Relationship": "Inner", "Join Type": "Inner", "Startup Cost": 0.0, "Total Cost": 29849.21, "Plan Rows": 34, "Plan Width": 63, "Actual Min Startup Time": 367.905, "Actual Max Startup Time": 367.905, "Actual Min Total Time": 409.763, "Actual Max Total Time": 409.763, "Inner Unique": false, "Plans": [{"Node Type": "Nested Loop", "Parent Relationship": "Outer", "Join Type": "Inner", "Startup Cost": 0.0, "Total Cost": 29807.57, "Plan Rows": 133, "Plan Width": 50, "Actual Min Startup Time": 367.835, "Actual Max Startup Time": 367.835, "Actual Min Total Time": 403.986, "Actual Max Total Time": 403.986, "Inner Unique": false, "Join Filter": "(mi.info_type_id = it1.id)", "Rows Removed by Join Filter": 95197, "Plans": [{"Node Type": "Seq Scan", "Parent Relationship": "Outer", "Relation Name": "info_type", "Alias": "it1", "Startup Cost": 0.0, "Total Cost": 2.4, "Plan Rows": 1, "Plan Width": 4, "Actual Min Startup Time": 0.057, "Actual Max Startup Time": 0.057, "Actual Min Total Time": 0.07, "Actual Max Total Time": 0.07, "Filter": "((info)::text = 'budget'::text)", "Rows Removed by Filter": 111, "Actual Rows": 1}, {"Node Type": "Materialize", "Parent Relationship": "Inner", "Startup Cost": 0.0, "Total Cost": 29789.56, "Plan Rows": 1561, "Plan Width": 54, "Actual Min Startup Time": 367.762, "Actual Max Startup Time": 367.762, "Actual Min Total Time": 379.616, "Actual Max Total Time": 379.616, "Plans": [{"Node Type": "Nested Loop", "Parent Relationship": "Outer", "Join Type": "Inner", "Startup Cost": 0.0, "Total Cost": 29785.66, "Plan Rows": 1561, "Plan Width": 54, "Actual Min Startup Time": 19.961, "Actual Max Startup Time": 19.961, "Actual Min Total Time": 340.588, "Actual Max Total Time": 340.588, "Inner Unique": false, "Plans": [{"Node Type": "Nested Loop", "Parent Relationship": "Outer", "Join Type": "Inner", "Startup Cost": 0.0, "Total Cost": 29565.43, "Plan Rows": 294, "Plan Width": 4, "Actual Min Startup Time": 19.942, "Actual Max Startup Time": 19.942, "Actual Min Total Time": 192.495, "Actual Max Total Time": 192.495, "Inner Unique": false, "Plans": [{"Node Type": "Streaming(type: LOCAL GATHER dop: 1/16)", "Parent Relationship": "Outer", "Startup Cost": 0.0, "Total Cost": 22123.07, "Plan Rows": 173, "Plan Width": 4, "Actual Min Startup Time": 19.553, "Actual Max Startup Time": 19.553, "Actual Min Total Time": 61.065, "Actual Max Total Time": 61.065, "Plans": [{"Node Type": "Seq Scan", "Parent Relationship": "Outer", "Relation Name": "name", "Alias": "n", "Startup Cost": 0.0, "Total Cost": 22119.33, "Plan Rows": 173, "Plan Width": 4, "Actual Min Startup Time": 0.032, "Actual Max Startup Time": 0.834, "Actual Min Total Time": 101.822, "Actual Max Total Time": 105.99, "Filter": "(((name)::text ~~ '%Tim%'::text) AND ((gender)::text = 'm'::text))", "Rows Removed by Filter": 4158428, "Actual Rows": 9062}], "Actual Rows": 9062}, {"Node Type": "Index Scan", "Parent Relationship": "Inner", "Scan Direction": "Forward", "Index Name": "person_id_cast_info", "Relation Name": "cast_info", "Alias": "ci", "Startup Cost": 0.0, "Total Cost": 43.0, "Plan Rows": 2, "Plan Width": 8, "Actual Min Startup Time": 105.697, "Actual Max Startup Time": 105.697, "Actual Min Total Time": 124.933, "Actual Max Total Time": 124.933, "Index Cond": "(person_id = n.id)", "Rows Removed by Index Recheck": 0, "Filter": "((note)::text = ANY ('{(producer),\"(executive producer)\"}'::text[]))", "Rows Removed by Filter": 89309, "Actual Rows": 6719}], "Actual Rows": 6719}, {"Node Type": "Index Scan", "Parent Relationship": "Inner", "Scan Direction": "Forward", "Index Name": "movie_id_movie_info", "Relation Name": "movie_info", "Alias": "mi", "Startup Cost": 0.0, "Total Cost": 0.7, "Plan Rows": 5, "Plan Width": 50, "Actual Min Startup Time": 39.487, "Actual Max Startup Time": 39.487, "Actual Min Total Time": 123.948, "Actual Max Total Time": 123.948, "Index Cond": "(movie_id = ci.movie_id)", "Rows Removed by Index Recheck": 0, "Actual Rows": 95896}], "Actual Rows": 95896}], "Actual Rows": 95897}], "Actual Rows": 699}, {"Node Type": "Index Scan", "Parent Relationship": "Inner", "Scan Direction": "Forward", "Index Name": "movie_id_movie_info_idx", "Relation Name": "movie_info_idx", "Alias": "mi_idx", "Startup Cost": 0.0, "Total Cost": 0.29, "Plan Rows": 2, "Plan Width": 13, "Actual Min Startup Time": 4.625, "Actual Max Startup Time": 4.625, "Actual Min Total Time": 5.128, "Actual Max Total Time": 5.128, "Index Cond": "(movie_id = mi.movie_id)", "Rows Removed by Index Recheck": 0, "Actual Rows": 1235}], "Actual Rows": 1235}], "Actual Rows": 410}, {"Node Type": "Index Scan", "Parent Relationship": "Inner", "Scan Direction": "Forward", "Index Name": "title_pkey", "Relation Name": "title", "Alias": "t", "Startup Cost": 0.0, "Total Cost": 0.28, "Plan Rows": 1, "Plan Width": 21, "Actual Min Startup Time": 3.196, "Actual Max Startup Time": 3.196, "Actual Min Total Time": 3.196, "Actual Max Total Time": 3.196, "Index Cond": "(id = mi.movie_id)", "Rows Removed by Index Recheck": 0, "Actual Rows": 410}], "Actual Rows": 410}], "Actual Rows": 1}, "Triggers": [], "Planner Runtime": 98.942, "Total Runtime": 419.394, "Unique SQL Id": 4264520866}}, "(16, '45')": {"explain_plan": {"Plan": {"Node Type": "Aggregate", "Strategy": "Plain", "Startup Cost": 161086.29, "Total Cost": 161086.3, "Plan Rows": 1, "Plan Width": 160, "Plans": [{"Node Type": "Nested Loop", "Parent Relationship": "Outer", "Join Type": "Inner", "Startup Cost": 0.0, "Total Cost": 161086.22, "Plan Rows": 9, "Plan Width": 64, "Inner Unique": true, "Plans": [{"Node Type": "Nested Loop", "Parent Relationship": "Outer", "Join Type": "Inner", "Startup Cost": 0.0, "Total Cost": 161083.6, "Plan Rows": 9, "Plan Width": 59, "Inner Unique": false, "Join Filter": "(mi.info_type_id = it1.id)", "Plans": [{"Node Type": "Index Scan", "Parent Relationship": "Outer", "Scan Direction": "Forward", "Index Name": "info_type_pkey", "Relation Name": "info_type", "Alias": "it1", "Startup Cost": 0.0, "Total Cost": 14.21, "Plan Rows": 1, "Plan Width": 4, "Filter": "((info)::text = 'budget'::text)"}, {"Node Type": "Nested Loop", "Parent Relationship": "Inner", "Join Type": "Inner", "Startup Cost": 0.0, "Total Cost": 161065.9, "Plan Rows": 279, "Plan Width": 63, "Inner Unique": false, "Join Filter": "(mi_idx.movie_id = mi.movie_id)", "Plans": [{"Node Type": "Nested Loop", "Parent Relationship": "Outer", "Join Type": "Inner", "Startup Cost": 0.0, "Total Cost": 161026.3, "Plan Rows": 52, "Plan Width": 13, "Inner Unique": false, "Join Filter": "(mi_idx.info_type_id = it2.id)", "Plans": [{"Node Type": "Index Scan", "Parent Relationship": "Outer", "Scan Direction": "Forward", "Index Name": "info_type_pkey", "Relation Name": "info_type", "Alias": "it2", "Startup Cost": 0.0, "Total Cost": 14.21, "Plan Rows": 1, "Plan Width": 4, "Filter": "((info)::text = 'votes'::text)"}, {"Node Type": "Materialize", "Parent Relationship": "Inner", "Startup Cost": 0.0, "Total Cost": 161008.63, "Plan Rows": 346, "Plan Width": 17, "Plans": [{"Node Type": "Nested Loop", "Parent Relationship": "Outer", "Join Type": "Inner", "Startup Cost": 0.0, "Total Cost": 161007.76, "Plan Rows": 346, "Plan Width": 17, "Inner Unique": false, "Plans": [{"Node Type": "Nested Loop", "Parent Relationship": "Outer", "Join Type": "Inner", "Startup Cost": 0.0, "Total Cost": 160910.97, "Plan Rows": 294, "Plan Width": 4, "Inner Unique": false, "Plans": [{"Node Type": "Streaming(type: LOCAL GATHER dop: 1/16)", "Parent Relationship": "Outer", "Startup Cost": 0.0, "Total Cost": 153468.6, "Plan Rows": 173, "Plan Width": 4, "Plans": [{"Node Type": "Index Scan", "Parent Relationship": "Outer", "Scan Direction": "Forward", "Index Name": "name_pkey", "Relation Name": "name", "Alias": "n", "Startup Cost": 0.0, "Total Cost": 153464.87, "Plan Rows": 173, "Plan Width": 4, "Filter": "(((name)::text ~~ '%Tim%'::text) AND ((gender)::text = 'm'::text))"}]}, {"Node Type": "Index Scan", "Parent Relationship": "Inner", "Scan Direction": "Forward", "Index Name": "person_id_cast_info", "Relation Name": "cast_info", "Alias": "ci", "Startup Cost": 0.0, "Total Cost": 43.0, "Plan Rows": 2, "Plan Width": 8, "Index Cond": "(person_id = n.id)", "Filter": "((note)::text = ANY ('{(producer),\"(executive producer)\"}'::text[]))"}]}, {"Node Type": "Index Scan", "Parent Relationship": "Inner", "Scan Direction": "Forward", "Index Name": "movie_id_movie_info_idx", "Relation Name": "movie_info_idx", "Alias": "mi_idx", "Startup Cost": 0.0, "Total Cost": 0.31, "Plan Rows": 2, "Plan Width": 13, "Index Cond": "(movie_id = ci.movie_id)"}]}]}]}, {"Node Type": "Index Scan", "Parent Relationship": "Inner", "Scan Direction": "Forward", "Index Name": "movie_id_movie_info", "Relation Name": "movie_info", "Alias": "mi", "Startup Cost": 0.0, "Total Cost": 0.7, "Plan Rows": 5, "Plan Width": 50, "Index Cond": "(movie_id = ci.movie_id)"}]}]}, {"Node Type": "Index Scan", "Parent Relationship": "Inner", "Scan Direction": "Forward", "Index Name": "title_pkey", "Relation Name": "title", "Alias": "t", "Startup Cost": 0.0, "Total Cost": 0.28, "Plan Rows": 1, "Plan Width": 21, "Index Cond": "(id = mi.movie_id)"}]}]}, "Unique SQL Id": 4264520866, "Planner Runtime": 25}, "explain_analyze_plan": {"Plan": {"Node Type": "Aggregate", "Strategy": "Plain", "Startup Cost": 161086.29, "Total Cost": 161086.3, "Plan Rows": 1, "Plan Width": 160, "Actual Min Startup Time": 476.62, "Actual Max Startup Time": 476.62, "Actual Min Total Time": 476.62, "Actual Max Total Time": 476.62, "Plans": [{"Node Type": "Nested Loop", "Parent Relationship": "Outer", "Join Type": "Inner", "Startup Cost": 0.0, "Total Cost": 161086.22, "Plan Rows": 9, "Plan Width": 64, "Actual Min Startup Time": 335.708, "Actual Max Startup Time": 335.708, "Actual Min Total Time": 476.138, "Actual Max Total Time": 476.138, "Inner Unique": true, "Plans": [{"Node Type": "Nested Loop", "Parent Relationship": "Outer", "Join Type": "Inner", "Startup Cost": 0.0, "Total Cost": 161083.6, "Plan Rows": 9, "Plan Width": 59, "Actual Min Startup Time": 335.689, "Actual Max Startup Time": 335.689, "Actual Min Total Time": 472.481, "Actual Max Total Time": 472.481, "Inner Unique": false, "Join Filter": "(mi.info_type_id = it1.id)", "Rows Removed by Join Filter": 81998, "Plans": [{"Node Type": "Index Scan", "Parent Relationship": "Outer", "Scan Direction": "Forward", "Index Name": "info_type_pkey", "Relation Name": "info_type", "Alias": "it1", "Startup Cost": 0.0, "Total Cost": 14.21, "Plan Rows": 1, "Plan Width": 4, "Actual Min Startup Time": 0.084, "Actual Max Startup Time": 0.084, "Actual Min Total Time": 0.09, "Actual Max Total Time": 0.09, "Filter": "((info)::text = 'budget'::text)", "Rows Removed by Filter": 111, "Actual Rows": 1}, {"Node Type": "Nested Loop", "Parent Relationship": "Inner", "Join Type": "Inner", "Startup Cost": 0.0, "Total Cost": 161065.9, "Plan Rows": 279, "Plan Width": 63, "Actual Min Startup Time": 335.581, "Actual Max Startup Time": 335.581, "Actual Min Total Time": 456.706, "Actual Max Total Time": 456.706, "Inner Unique": false, "Join Filter": "(mi_idx.movie_id = mi.movie_id)", "Rows Removed by Join Filter": 0, "Plans": [{"Node Type": "Nested Loop", "Parent Relationship": "Outer", "Join Type": "Inner", "Startup Cost": 0.0, "Total Cost": 161026.3, "Plan Rows": 52, "Plan Width": 13, "Actual Min Startup Time": 335.557, "Actual Max Startup Time": 335.557, "Actual Min Total Time": 339.703, "Actual Max Total Time": 339.703, "Inner Unique": false, "Join Filter": "(mi_idx.info_type_id = it2.id)", "Rows Removed by Join Filter": 6875, "Plans": [{"Node Type": "Index Scan", "Parent Relationship": "Outer", "Scan Direction": "Forward", "Index Name": "info_type_pkey", "Relation Name": "info_type", "Alias": "it2", "Startup Cost": 0.0, "Total Cost": 14.21, "Plan Rows": 1, "Plan Width": 4, "Actual Min Startup Time": 0.071, "Actual Max Startup Time": 0.071, "Actual Min Total Time": 0.081, "Actual Max Total Time": 0.081, "Filter": "((info)::text = 'votes'::text)", "Rows Removed by Filter": 111, "Actual Rows": 1}, {"Node Type": "Materialize", "Parent Relationship": "Inner", "Startup Cost": 0.0, "Total Cost": 161008.63, "Plan Rows": 346, "Plan Width": 17, "Actual Min Startup Time": 335.472, "Actual Max Startup Time": 335.472, "Actual Min Total Time": 336.702, "Actual Max Total Time": 336.702, "Plans": [{"Node Type": "Nested Loop", "Parent Relationship": "Outer", "Join Type": "Inner", "Startup Cost": 0.0, "Total Cost": 161007.76, "Plan Rows": 346, "Plan Width": 17, "Actual Min Startup Time": 70.179, "Actual Max Startup Time": 70.179, "Actual Min Total Time": 332.484, "Actual Max Total Time": 332.484, "Inner Unique": false, "Plans": [{"Node Type": "Nested Loop", "Parent Relationship": "Outer", "Join Type": "Inner", "Startup Cost": 0.0, "Total Cost": 160910.97, "Plan Rows": 294, "Plan Width": 4, "Actual Min Startup Time": 70.149, "Actual Max Startup Time": 70.149, "Actual Min Total Time": 294.567, "Actual Max Total Time": 294.567, "Inner Unique": false, "Plans": [{"Node Type": "Streaming(type: LOCAL GATHER dop: 1/16)", "Parent Relationship": "Outer", "Startup Cost": 0.0, "Total Cost": 153468.6, "Plan Rows": 173, "Plan Width": 4, "Actual Min Startup Time": 70.006, "Actual Max Startup Time": 70.006, "Actual Min Total Time": 165.071, "Actual Max Total Time": 165.071, "Plans": [{"Node Type": "Index Scan", "Parent Relationship": "Outer", "Scan Direction": "Forward", "Index Name": "name_pkey", "Relation Name": "name", "Alias": "n", "Startup Cost": 0.0, "Total Cost": 153464.87, "Plan Rows": 173, "Plan Width": 4, "Actual Min Startup Time": 39.742, "Actual Max Startup Time": 299.64, "Actual Min Total Time": 272.13, "Actual Max Total Time": 304.338, "Filter": "(((name)::text ~~ '%Tim%'::text) AND ((gender)::text = 'm'::text))", "Rows Removed by Filter": 4158428, "Actual Rows": 9062}], "Actual Rows": 9062}, {"Node Type": "Index Scan", "Parent Relationship": "Inner", "Scan Direction": "Forward", "Index Name": "person_id_cast_info", "Relation Name": "cast_info", "Alias": "ci", "Startup Cost": 0.0, "Total Cost": 43.0, "Plan Rows": 2, "Plan Width": 8, "Actual Min Startup Time": 104.11, "Actual Max Startup Time": 104.11, "Actual Min Total Time": 123.266, "Actual Max Total Time": 123.266, "Index Cond": "(person_id = n.id)", "Rows Removed by Index Recheck": 0, "Filter": "((note)::text = ANY ('{(producer),\"(executive producer)\"}'::text[]))", "Rows Removed by Filter": 89309, "Actual Rows": 6719}], "Actual Rows": 6719}, {"Node Type": "Index Scan", "Parent Relationship": "Inner", "Scan Direction": "Forward", "Index Name": "movie_id_movie_info_idx", "Relation Name": "movie_info_idx", "Alias": "mi_idx", "Startup Cost": 0.0, "Total Cost": 0.31, "Plan Rows": 2, "Plan Width": 13, "Actual Min Startup Time": 28.123, "Actual Max Startup Time": 28.123, "Actual Min Total Time": 32.253, "Actual Max Total Time": 32.253, "Index Cond": "(movie_id = ci.movie_id)", "Rows Removed by Index Recheck": 0, "Actual Rows": 10310}], "Actual Rows": 10310}], "Actual Rows": 10311}], "Actual Rows": 3435}, {"Node Type": "Index Scan", "Parent Relationship": "Inner", "Scan Direction": "Forward", "Index Name": "movie_id_movie_info", "Relation Name": "movie_info", "Alias": "mi", "Startup Cost": 0.0, "Total Cost": 0.7, "Plan Rows": 5, "Plan Width": 50, "Actual Min Startup Time": 21.885, "Actual Max Startup Time": 21.885, "Actual Min Total Time": 88.131, "Actual Max Total Time": 88.131, "Index Cond": "(movie_id = ci.movie_id)", "Rows Removed by Index Recheck": 0, "Actual Rows": 82408}], "Actual Rows": 82408}], "Actual Rows": 410}, {"Node Type": "Index Scan", "Parent Relationship": "Inner", "Scan Direction": "Forward", "Index Name": "title_pkey", "Relation Name": "title", "Alias": "t", "Startup Cost": 0.0, "Total Cost": 0.28, "Plan Rows": 1, "Plan Width": 21, "Actual Min Startup Time": 3.252, "Actual Max Startup Time": 3.252, "Actual Min Total Time": 3.252, "Actual Max Total Time": 3.252, "Index Cond": "(id = mi.movie_id)", "Rows Removed by Index Recheck": 0, "Actual Rows": 410}], "Actual Rows": 410}], "Actual Rows": 1}, "Triggers": [], "Planner Runtime": 49.928, "Total Runtime": 479.326, "Unique SQL Id": 4264520866}}, "(16, '46')": {"explain_plan": {"Plan": {"Node Type": "Aggregate", "Strategy": "Plain", "Startup Cost": 189917.75, "Total Cost": 189917.76, "Plan Rows": 1, "Plan Width": 160, "Plans": [{"Node Type": "Nested Loop", "Parent Relationship": "Outer", "Join Type": "Inner", "Startup Cost": 122762.09, "Total Cost": 189917.68, "Plan Rows": 9, "Plan Width": 64, "Inner Unique": false, "Join Filter": "(mi_idx.info_type_id = it2.id)", "Plans": [{"Node Type": "Seq Scan", "Parent Relationship": "Outer", "Relation Name": "info_type", "Alias": "it2", "Startup Cost": 0.0, "Total Cost": 2.4, "Plan Rows": 1, "Plan Width": 4, "Filter": "((info)::text = 'votes'::text)"}, {"Node Type": "Materialize", "Parent Relationship": "Inner", "Startup Cost": 122762.09, "Total Cost": 189914.94, "Plan Rows": 34, "Plan Width": 68, "Plans": [{"Node Type": "Streaming(type: LOCAL GATHER dop: 1/16)", "Parent Relationship": "Outer", "Startup Cost": 122762.09, "Total Cost": 189914.86, "Plan Rows": 34, "Plan Width": 68, "Plans": [{"Node Type": "Hash Join", "Parent Relationship": "Outer", "Join Type": "Inner", "Startup Cost": 122762.09, "Total Cost": 189914.12, "Plan Rows": 34, "Plan Width": 68, "Inner Unique": true, "Hash Cond": "(mi.movie_id = t.id)", "Plans": [{"Node Type": "Streaming(type: BROADCAST dop: 16/16)", "Parent Relationship": "Outer", "Startup Cost": 116098.27, "Total Cost": 183250.15, "Plan Rows": 544, "Plan Width": 63, "Plans": [{"Node Type": "Hash Join", "Parent Relationship": "Outer", "Join Type": "Inner", "Startup Cost": 116098.27, "Total Cost": 168248.77, "Plan Rows": 34, "Plan Width": 63, "Inner Unique": false, "Hash Cond": "(mi.movie_id = mi_idx.movie_id)", "Plans": [{"Node Type": "Streaming(type: BROADCAST dop: 16/1)", "Parent Relationship": "Outer", "Startup Cost": 110953.33, "Total Cost": 163102.71, "Plan Rows": 2128, "Plan Width": 50, "Plans": [{"Node Type": "Nested Loop", "Parent Relationship": "Outer", "Join Type": "Inner", "Startup Cost": 110953.33, "Total Cost": 148056.78, "Plan Rows": 133, "Plan Width": 50, "Inner Unique": false, "Join Filter": "(mi.info_type_id = it1.id)", "Plans": [{"Node Type": "Seq Scan", "Parent Relationship": "Outer", "Relation Name": "info_type", "Alias": "it1", "Startup Cost": 0.0, "Total Cost": 2.4, "Plan Rows": 1, "Plan Width": 4, "Filter": "((info)::text = 'budget'::text)"}, {"Node Type": "Materialize", "Parent Relationship": "Inner", "Startup Cost": 110953.33, "Total Cost": 148038.77, "Plan Rows": 1561, "Plan Width": 54, "Plans": [{"Node Type": "Streaming(type: LOCAL GATHER dop: 1/16)", "Parent Relationship": "Outer", "Startup Cost": 110953.33, "Total Cost": 148034.87, "Plan Rows": 1561, "Plan Width": 54, "Plans": [{"Node Type": "Hash Join", "Parent Relationship": "Outer", "Join Type": "Inner", "Startup Cost": 110953.33, "Total Cost": 148001.18, "Plan Rows": 1561, "Plan Width": 54, "Inner Unique": false, "Hash Cond": "(mi.movie_id = ci.movie_id)", "Plans": [{"Node Type": "Seq Scan", "Parent Relationship": "Outer", "Relation Name": "movie_info", "Alias": "mi", "Startup Cost": 0.0, "Total Cost": 33561.73, "Plan Rows": 14869966, "Plan Width": 50}, {"Node Type": "Hash", "Parent Relationship": "Inner", "Startup Cost": 110949.66, "Total Cost": 110949.66, "Plan Rows": 4704, "Plan Width": 4, "Plans": [{"Node Type": "Streaming(type: BROADCAST dop: 16/16)", "Parent Relationship": "Outer", "Startup Cost": 37128.53, "Total Cost": 110949.66, "Plan Rows": 4704, "Plan Width": 4, "Plans": [{"Node Type": "Hash Join", "Parent Relationship": "Outer", "Join Type": "Inner", "Startup Cost": 37128.53, "Total Cost": 95937.71, "Plan Rows": 294, "Plan Width": 4, "Inner Unique": true, "Hash Cond": "(ci.person_id = n.id)", "Plans": [{"Node Type": "Seq Scan", "Parent Relationship": "Outer", "Relation Name": "cast_info", "Alias": "ci", "Startup Cost": 0.0, "Total Cost": 58282.92, "Plan Rows": 2350421, "Plan Width": 8, "Filter": "((note)::text = ANY ('{(producer),\"(executive producer)\"}'::text[]))"}, {"Node Type": "Hash", "Parent Relationship": "Inner", "Startup Cost": 37126.36, "Total Cost": 37126.36, "Plan Rows": 2768, "Plan Width": 4, "Plans": [{"Node Type": "Streaming(type: BROADCAST dop: 16/16)", "Parent Relationship": "Outer", "Startup Cost": 0.0, "Total Cost": 37126.36, "Plan Rows": 2768, "Plan Width": 4, "Plans": [{"Node Type": "Seq Scan", "Parent Relationship": "Outer", "Relation Name": "name", "Alias": "n", "Startup Cost": 0.0, "Total Cost": 22119.33, "Plan Rows": 173, "Plan Width": 4, "Filter": "(((name)::text ~~ '%Tim%'::text) AND ((gender)::text = 'm'::text))"}]}]}]}]}]}]}]}]}]}]}, {"Node Type": "Hash", "Parent Relationship": "Inner", "Startup Cost": 16267.15, "Total Cost": 16267.15, "Plan Rows": 1380034, "Plan Width": 13, "Plans": [{"Node Type": "Seq Scan", "Parent Relationship": "Outer", "Relation Name": "movie_info_idx", "Alias": "mi_idx", "Startup Cost": 0.0, "Total Cost": 16267.15, "Plan Rows": 1380034, "Plan Width": 13}]}]}]}, {"Node Type": "Hash", "Parent Relationship": "Inner", "Startup Cost": 18754.32, "Total Cost": 18754.32, "Plan Rows": 2528311, "Plan Width": 21, "Plans": [{"Node Type": "Seq Scan", "Parent Relationship": "Outer", "Relation Name": "title", "Alias": "t", "Startup Cost": 0.0, "Total Cost": 18754.32, "Plan Rows": 2528311, "Plan Width": 21}]}]}]}]}]}]}, "Unique SQL Id": 4264520866, "Planner Runtime": 168}, "explain_analyze_plan": null}, "(16, '47')": {"explain_plan": {"Plan": {"Node Type": "Aggregate", "Strategy": "Plain", "Startup Cost": 7000364088471.87, "Total Cost": 7000364088471.88, "Plan Rows": 1, "Plan Width": 160, "Plans": [{"Node Type": "Nested Loop", "Parent Relationship": "Outer", "Join Type": "Inner", "Startup Cost": 70000000000.0, "Total Cost": 7000364088471.49, "Plan Rows": 51, "Plan Width": 64, "Inner Unique": false, "Join Filter": "(mi.movie_id = t.id)", "Plans": [{"Node Type": "Index Scan", "Parent Relationship": "Outer", "Scan Direction": "Forward", "Index Name": "title_pkey", "Relation Name": "title", "Alias": "t", "Startup Cost": 10000000000.0, "Total Cost": 1000011012048.91, "Plan Rows": 2528311, "Plan Width": 21}, {"Node Type": "Materialize", "Parent Relationship": "Inner", "Startup Cost": 60000000000.0, "Total Cost": 6000351142264.79, "Plan Rows": 51, "Plan Width": 59, "Plans": [{"Node Type": "Nested Loop", "Parent Relationship": "Outer", "Join Type": "Inner", "Startup Cost": 60000000000.0, "Total Cost": 6000351142264.53, "Plan Rows": 51, "Plan Width": 59, "Inner Unique": false, "Join Filter": "(mi_idx.movie_id = mi.movie_id)", "Plans": [{"Node Type": "Nested Loop", "Parent Relationship": "Outer", "Join Type": "Inner", "Startup Cost": 20000000000.0, "Total Cost": 2000004672156.88, "Plan Rows": 345008, "Plan Width": 9, "Inner Unique": true, "Join Filter": "(it2.id = mi_idx.info_type_id), (LLVM Optimized)", "Plans": [{"Node Type": "Index Scan", "Parent Relationship": "Outer", "Scan Direction": "Forward", "Index Name": "movie_id_movie_info_idx", "Relation Name": "movie_info_idx", "Alias": "mi_idx", "Startup Cost": 10000000000.0, "Total Cost": 1000004650035.37, "Plan Rows": 1380034, "Plan Width": 13}, {"Node Type": "Materialize", "Parent Relationship": "Inner", "Startup Cost": 10000000000.0, "Total Cost": 1000000001421.0, "Plan Rows": 1, "Plan Width": 4, "Plans": [{"Node Type": "Index Scan", "Parent Relationship": "Outer", "Scan Direction": "Forward", "Index Name": "info_type_pkey", "Relation Name": "info_type", "Alias": "it2", "Startup Cost": 10000000000.0, "Total Cost": 1000000001421.0, "Plan Rows": 1, "Plan Width": 4, "Filter": "((info)::text = 'votes'::text)"}]}]}, {"Node Type": "Materialize", "Parent Relationship": "Inner", "Startup Cost": 40000000000.0, "Total Cost": 4000345781817.02, "Plan Rows": 133, "Plan Width": 50, "Plans": [{"Node Type": "Nested Loop", "Parent Relationship": "Outer", "Join Type": "Inner", "Startup Cost": 40000000000.0, "Total Cost": 4000345781816.36, "Plan Rows": 133, "Plan Width": 50, "Inner Unique": false, "Join Filter": "(ci.movie_id = mi.movie_id)", "Plans": [{"Node Type": "Nested Loop", "Parent Relationship": "Outer", "Join Type": "Inner", "Startup Cost": 20000000000.0, "Total Cost": 2000104041382.71, "Plan Rows": 212428, "Plan Width": 46, "Inner Unique": true, "Join Filter": "(it1.id = mi.info_type_id), (LLVM Optimized)", "Plans": [{"Node Type": "Index Scan", "Parent Relationship": "Outer", "Scan Direction": "Forward", "Index Name": "movie_id_movie_info", "Relation Name": "movie_info", "Alias": "mi", "Startup Cost": 10000000000.0, "Total Cost": 1000103816912.22, "Plan Rows": 14869966, "Plan Width": 50}, {"Node Type": "Materialize", "Parent Relationship": "Inner", "Startup Cost": 10000000000.0, "Total Cost": 1000000001421.0, "Plan Rows": 1, "Plan Width": 4, "Plans": [{"Node Type": "Index Scan", "Parent Relationship": "Outer", "Scan Direction": "Forward", "Index Name": "info_type_pkey", "Relation Name": "info_type", "Alias": "it1", "Startup Cost": 10000000000.0, "Total Cost": 1000000001421.0, "Plan Rows": 1, "Plan Width": 4, "Filter": "((info)::text = 'budget'::text)"}]}]}, {"Node Type": "Materialize", "Parent Relationship": "Inner", "Startup Cost": 20000000000.0, "Total Cost": 2000240803626.91, "Plan Rows": 294, "Plan Width": 4, "Plans": [{"Node Type": "Nested Loop", "Parent Relationship": "Outer", "Join Type": "Inner", "Startup Cost": 20000000000.0, "Total Cost": 2000240803625.44, "Plan Rows": 294, "Plan Width": 4, "Inner Unique": true, "Join Filter": "(ci.person_id = n.id)", "Plans": [{"Node Type": "Index Scan", "Parent Relationship": "Outer", "Scan Direction": "Forward", "Index Name": "movie_id_cast_info", "Relation Name": "cast_info", "Alias": "ci", "Startup Cost": 10000000000.0, "Total Cost": 1000214997262.8, "Plan Rows": 2350421, "Plan Width": 8, "Filter": "((note)::text = ANY ('{(producer),\"(executive producer)\"}'::text[]))"}, {"Node Type": "Materialize", "Parent Relationship": "Inner", "Startup Cost": 10000000000.0, "Total Cost": 1000019707020.57, "Plan Rows": 173, "Plan Width": 4, "Plans": [{"Node Type": "Index Scan", "Parent Relationship": "Outer", "Scan Direction": "Forward", "Index Name": "name_pkey", "Relation Name": "name", "Alias": "n", "Startup Cost": 10000000000.0, "Total Cost": 1000019707019.7, "Plan Rows": 173, "Plan Width": 4, "Filter": "(((name)::text ~~ '%Tim%'::text) AND ((gender)::text = 'm'::text))"}]}]}]}]}]}]}]}]}]}, "Unique SQL Id": 4264520866, "Planner Runtime": 32}, "explain_analyze_plan": null}, "(16, '48')": {"explain_plan": {"Plan": {"Node Type": "Aggregate", "Strategy": "Plain", "Startup Cost": 29717.13, "Total Cost": 29717.14, "Plan Rows": 1, "Plan Width": 160, "Plans": [{"Node Type": "Nested Loop", "Parent Relationship": "Outer", "Join Type": "Inner", "Startup Cost": 0.0, "Total Cost": 29717.07, "Plan Rows": 8, "Plan Width": 64, "Inner Unique": true, "Plans": [{"Node Type": "Nested Loop", "Parent Relationship": "Outer", "Join Type": "Inner", "Startup Cost": 0.0, "Total Cost": 29714.44, "Plan Rows": 9, "Plan Width": 59, "Inner Unique": false, "Join Filter": "(mi.info_type_id = it1.id)", "Plans": [{"Node Type": "Seq Scan", "Parent Relationship": "Outer", "Relation Name": "info_type", "Alias": "it1", "Startup Cost": 0.0, "Total Cost": 2.4, "Plan Rows": 1, "Plan Width": 4, "Filter": "((info)::text = 'budget'::text)"}, {"Node Type": "Nested Loop", "Parent Relationship": "Inner", "Join Type": "Inner", "Startup Cost": 0.0, "Total Cost": 29708.55, "Plan Rows": 279, "Plan Width": 63, "Inner Unique": false, "Join Filter": "(mi_idx.movie_id = mi.movie_id)", "Plans": [{"Node Type": "Nested Loop", "Parent Relationship": "Outer", "Join Type": "Inner", "Startup Cost": 0.0, "Total Cost": 29668.95, "Plan Rows": 52, "Plan Width": 13, "Inner Unique": false, "Join Filter": "(mi_idx.info_type_id = it2.id)", "Plans": [{"Node Type": "Seq Scan", "Parent Relationship": "Outer", "Relation Name": "info_type", "Alias": "it2", "Startup Cost": 0.0, "Total Cost": 2.4, "Plan Rows": 1, "Plan Width": 4, "Filter": "((info)::text = 'votes'::text)"}, {"Node Type": "Materialize", "Parent Relationship": "Inner", "Startup Cost": 0.0, "Total Cost": 29663.09, "Plan Rows": 346, "Plan Width": 17, "Plans": [{"Node Type": "Nested Loop", "Parent Relationship": "Outer", "Join Type": "Inner", "Startup Cost": 0.0, "Total Cost": 29662.23, "Plan Rows": 346, "Plan Width": 17, "Inner Unique": false, "Plans": [{"Node Type": "Nested Loop", "Parent Relationship": "Outer", "Join Type": "Inner", "Startup Cost": 0.0, "Total Cost": 29565.43, "Plan Rows": 294, "Plan Width": 4, "Inner Unique": false, "Plans": [{"Node Type": "Streaming(type: LOCAL GATHER dop: 1/16)", "Parent Relationship": "Outer", "Startup Cost": 0.0, "Total Cost": 22123.07, "Plan Rows": 173, "Plan Width": 4, "Plans": [{"Node Type": "Seq Scan", "Parent Relationship": "Outer", "Relation Name": "name", "Alias": "n", "Startup Cost": 0.0, "Total Cost": 22119.33, "Plan Rows": 173, "Plan Width": 4, "Filter": "(((name)::text ~~ '%Tim%'::text) AND ((gender)::text = 'm'::text))"}]}, {"Node Type": "Index Scan", "Parent Relationship": "Inner", "Scan Direction": "Forward", "Index Name": "person_id_cast_info", "Relation Name": "cast_info", "Alias": "ci", "Startup Cost": 0.0, "Total Cost": 43.0, "Plan Rows": 2, "Plan Width": 8, "Index Cond": "(person_id = n.id)", "Filter": "((note)::text = ANY ('{(producer),\"(executive producer)\"}'::text[]))"}]}, {"Node Type": "Index Scan", "Parent Relationship": "Inner", "Scan Direction": "Forward", "Index Name": "movie_id_movie_info_idx", "Relation Name": "movie_info_idx", "Alias": "mi_idx", "Startup Cost": 0.0, "Total Cost": 0.31, "Plan Rows": 2, "Plan Width": 13, "Index Cond": "(movie_id = ci.movie_id)"}]}]}]}, {"Node Type": "Index Scan", "Parent Relationship": "Inner", "Scan Direction": "Forward", "Index Name": "movie_id_movie_info", "Relation Name": "movie_info", "Alias": "mi", "Startup Cost": 0.0, "Total Cost": 0.7, "Plan Rows": 5, "Plan Width": 50, "Index Cond": "(movie_id = ci.movie_id)"}]}]}, {"Node Type": "Index Scan", "Parent Relationship": "Inner", "Scan Direction": "Forward", "Index Name": "title_pkey", "Relation Name": "title", "Alias": "t", "Startup Cost": 0.0, "Total Cost": 0.28, "Plan Rows": 1, "Plan Width": 21, "Index Cond": "(id = mi.movie_id)"}]}]}, "Unique SQL Id": 4264520866, "Planner Runtime": 8}, "explain_analyze_plan": {"Plan": {"Node Type": "Aggregate", "Strategy": "Plain", "Startup Cost": 29717.13, "Total Cost": 29717.14, "Plan Rows": 1, "Plan Width": 160, "Actual Min Startup Time": 380.581, "Actual Max Startup Time": 380.581, "Actual Min Total Time": 380.581, "Actual Max Total Time": 380.581, "Plans": [{"Node Type": "Nested Loop", "Parent Relationship": "Outer", "Join Type": "Inner", "Startup Cost": 0.0, "Total Cost": 29717.07, "Plan Rows": 8, "Plan Width": 64, "Actual Min Startup Time": 239.3, "Actual Max Startup Time": 239.3, "Actual Min Total Time": 380.104, "Actual Max Total Time": 380.104, "Inner Unique": true, "Plans": [{"Node Type": "Nested Loop", "Parent Relationship": "Outer", "Join Type": "Inner", "Startup Cost": 0.0, "Total Cost": 29714.44, "Plan Rows": 9, "Plan Width": 59, "Actual Min Startup Time": 239.285, "Actual Max Startup Time": 239.285, "Actual Min Total Time": 376.468, "Actual Max Total Time": 376.468, "Inner Unique": false, "Join Filter": "(mi.info_type_id = it1.id)", "Rows Removed by Join Filter": 81998, "Plans": [{"Node Type": "Seq Scan", "Parent Relationship": "Outer", "Relation Name": "info_type", "Alias": "it1", "Startup Cost": 0.0, "Total Cost": 2.4, "Plan Rows": 1, "Plan Width": 4, "Actual Min Startup Time": 0.071, "Actual Max Startup Time": 0.071, "Actual Min Total Time": 0.081, "Actual Max Total Time": 0.081, "Filter": "((info)::text = 'budget'::text)", "Rows Removed by Filter": 111, "Actual Rows": 1}, {"Node Type": "Nested Loop", "Parent Relationship": "Inner", "Join Type": "Inner", "Startup Cost": 0.0, "Total Cost": 29708.55, "Plan Rows": 279, "Plan Width": 63, "Actual Min Startup Time": 239.058, "Actual Max Startup Time": 239.058, "Actual Min Total Time": 360.557, "Actual Max Total Time": 360.557, "Inner Unique": false, "Join Filter": "(mi_idx.movie_id = mi.movie_id)", "Rows Removed by Join Filter": 0, "Plans": [{"Node Type": "Nested Loop", "Parent Relationship": "Outer", "Join Type": "Inner", "Startup Cost": 0.0, "Total Cost": 29668.95, "Plan Rows": 52, "Plan Width": 13, "Actual Min Startup Time": 239.037, "Actual Max Startup Time": 239.037, "Actual Min Total Time": 243.136, "Actual Max Total Time": 243.136, "Inner Unique": false, "Join Filter": "(mi_idx.info_type_id = it2.id)", "Rows Removed by Join Filter": 6875, "Plans": [{"Node Type": "Seq Scan", "Parent Relationship": "Outer", "Relation Name": "info_type", "Alias": "it2", "Startup Cost": 0.0, "Total Cost": 2.4, "Plan Rows": 1, "Plan Width": 4, "Actual Min Startup Time": 0.058, "Actual Max Startup Time": 0.058, "Actual Min Total Time": 0.071, "Actual Max Total Time": 0.071, "Filter": "((info)::text = 'votes'::text)", "Rows Removed by Filter": 111, "Actual Rows": 1}, {"Node Type": "Materialize", "Parent Relationship": "Inner", "Startup Cost": 0.0, "Total Cost": 29663.09, "Plan Rows": 346, "Plan Width": 17, "Actual Min Startup Time": 238.967, "Actual Max Startup Time": 238.967, "Actual Min Total Time": 240.186, "Actual Max Total Time": 240.186, "Plans": [{"Node Type": "Nested Loop", "Parent Relationship": "Outer", "Join Type": "Inner", "Startup Cost": 0.0, "Total Cost": 29662.23, "Plan Rows": 346, "Plan Width": 17, "Actual Min Startup Time": 21.265, "Actual Max Startup Time": 21.265, "Actual Min Total Time": 235.822, "Actual Max Total Time": 235.822, "Inner Unique": false, "Plans": [{"Node Type": "Nested Loop", "Parent Relationship": "Outer", "Join Type": "Inner", "Startup Cost": 0.0, "Total Cost": 29565.43, "Plan Rows": 294, "Plan Width": 4, "Actual Min Startup Time": 21.058, "Actual Max Startup Time": 21.058, "Actual Min Total Time": 199.008, "Actual Max Total Time": 199.008, "Inner Unique": false, "Plans": [{"Node Type": "Streaming(type: LOCAL GATHER dop: 1/16)", "Parent Relationship": "Outer", "Startup Cost": 0.0, "Total Cost": 22123.07, "Plan Rows": 173, "Plan Width": 4, "Actual Min Startup Time": 20.996, "Actual Max Startup Time": 20.996, "Actual Min Total Time": 69.146, "Actual Max Total Time": 69.146, "Plans": [{"Node Type": "Seq Scan", "Parent Relationship": "Outer", "Relation Name": "name", "Alias": "n", "Startup Cost": 0.0, "Total Cost": 22119.33, "Plan Rows": 173, "Plan Width": 4, "Actual Min Startup Time": 0.028, "Actual Max Startup Time": 0.846, "Actual Min Total Time": 102.03, "Actual Max Total Time": 106.093, "Filter": "(((name)::text ~~ '%Tim%'::text) AND ((gender)::text = 'm'::text))", "Rows Removed by Filter": 4158428, "Actual Rows": 9062}], "Actual Rows": 9062}, {"Node Type": "Index Scan", "Parent Relationship": "Inner", "Scan Direction": "Forward", "Index Name": "person_id_cast_info", "Relation Name": "cast_info", "Alias": "ci", "Startup Cost": 0.0, "Total Cost": 43.0, "Plan Rows": 2, "Plan Width": 8, "Actual Min Startup Time": 104.539, "Actual Max Startup Time": 104.539, "Actual Min Total Time": 123.691, "Actual Max Total Time": 123.691, "Index Cond": "(person_id = n.id)", "Rows Removed by Index Recheck": 0, "Filter": "((note)::text = ANY ('{(producer),\"(executive producer)\"}'::text[]))", "Rows Removed by Filter": 89309, "Actual Rows": 6719}], "Actual Rows": 6719}, {"Node Type": "Index Scan", "Parent Relationship": "Inner", "Scan Direction": "Forward", "Index Name": "movie_id_movie_info_idx", "Relation Name": "movie_info_idx", "Alias": "mi_idx", "Startup Cost": 0.0, "Total Cost": 0.31, "Plan Rows": 2, "Plan Width": 13, "Actual Min Startup Time": 27.075, "Actual Max Startup Time": 27.075, "Actual Min Total Time": 31.011, "Actual Max Total Time": 31.011, "Index Cond": "(movie_id = ci.movie_id)", "Rows Removed by Index Recheck": 0, "Actual Rows": 10310}], "Actual Rows": 10310}], "Actual Rows": 10311}], "Actual Rows": 3435}, {"Node Type": "Index Scan", "Parent Relationship": "Inner", "Scan Direction": "Forward", "Index Name": "movie_id_movie_info", "Relation Name": "movie_info", "Alias": "mi", "Startup Cost": 0.0, "Total Cost": 0.7, "Plan Rows": 5, "Plan Width": 50, "Actual Min Startup Time": 21.932, "Actual Max Startup Time": 21.932, "Actual Min Total Time": 87.857, "Actual Max Total Time": 87.857, "Index Cond": "(movie_id = ci.movie_id)", "Rows Removed by Index Recheck": 0, "Actual Rows": 82408}], "Actual Rows": 82408}], "Actual Rows": 410}, {"Node Type": "Index Scan", "Parent Relationship": "Inner", "Scan Direction": "Forward", "Index Name": "title_pkey", "Relation Name": "title", "Alias": "t", "Startup Cost": 0.0, "Total Cost": 0.28, "Plan Rows": 1, "Plan Width": 21, "Actual Min Startup Time": 3.282, "Actual Max Startup Time": 3.282, "Actual Min Total Time": 3.282, "Actual Max Total Time": 3.282, "Index Cond": "(id = mi.movie_id)", "Rows Removed by Index Recheck": 0, "Actual Rows": 410}], "Actual Rows": 410}], "Actual Rows": 1}, "Triggers": [], "Planner Runtime": 8.808, "Total Runtime": 383.147, "Unique SQL Id": 4264520866}}, "(16, '49')": {"explain_plan": {"Plan": {"Node Type": "Aggregate", "Strategy": "Plain", "Startup Cost": 161086.28, "Total Cost": 161086.29, "Plan Rows": 1, "Plan Width": 160, "Plans": [{"Node Type": "Nested Loop", "Parent Relationship": "Outer", "Join Type": "Inner", "Startup Cost": 0.0, "Total Cost": 161086.22, "Plan Rows": 8, "Plan Width": 64, "Inner Unique": true, "Plans": [{"Node Type": "Nested Loop", "Parent Relationship": "Outer", "Join Type": "Inner", "Startup Cost": 0.0, "Total Cost": 161083.6, "Plan Rows": 9, "Plan Width": 59, "Inner Unique": false, "Join Filter": "(mi.info_type_id = it1.id)", "Plans": [{"Node Type": "Index Scan", "Parent Relationship": "Outer", "Scan Direction": "Forward", "Index Name": "info_type_pkey", "Relation Name": "info_type", "Alias": "it1", "Startup Cost": 0.0, "Total Cost": 14.21, "Plan Rows": 1, "Plan Width": 4, "Filter": "((info)::text = 'budget'::text)"}, {"Node Type": "Nested Loop", "Parent Relationship": "Inner", "Join Type": "Inner", "Startup Cost": 0.0, "Total Cost": 161065.9, "Plan Rows": 279, "Plan Width": 63, "Inner Unique": false, "Join Filter": "(mi_idx.movie_id = mi.movie_id)", "Plans": [{"Node Type": "Nested Loop", "Parent Relationship": "Outer", "Join Type": "Inner", "Startup Cost": 0.0, "Total Cost": 161026.3, "Plan Rows": 52, "Plan Width": 13, "Inner Unique": false, "Join Filter": "(mi_idx.info_type_id = it2.id)", "Plans": [{"Node Type": "Index Scan", "Parent Relationship": "Outer", "Scan Direction": "Forward", "Index Name": "info_type_pkey", "Relation Name": "info_type", "Alias": "it2", "Startup Cost": 0.0, "Total Cost": 14.21, "Plan Rows": 1, "Plan Width": 4, "Filter": "((info)::text = 'votes'::text)"}, {"Node Type": "Materialize", "Parent Relationship": "Inner", "Startup Cost": 0.0, "Total Cost": 161008.63, "Plan Rows": 346, "Plan Width": 17, "Plans": [{"Node Type": "Nested Loop", "Parent Relationship": "Outer", "Join Type": "Inner", "Startup Cost": 0.0, "Total Cost": 161007.76, "Plan Rows": 346, "Plan Width": 17, "Inner Unique": false, "Plans": [{"Node Type": "Nested Loop", "Parent Relationship": "Outer", "Join Type": "Inner", "Startup Cost": 0.0, "Total Cost": 160910.97, "Plan Rows": 294, "Plan Width": 4, "Inner Unique": false, "Plans": [{"Node Type": "Streaming(type: LOCAL GATHER dop: 1/16)", "Parent Relationship": "Outer", "Startup Cost": 0.0, "Total Cost": 153468.6, "Plan Rows": 173, "Plan Width": 4, "Plans": [{"Node Type": "Index Scan", "Parent Relationship": "Outer", "Scan Direction": "Forward", "Index Name": "name_pkey", "Relation Name": "name", "Alias": "n", "Startup Cost": 0.0, "Total Cost": 153464.87, "Plan Rows": 173, "Plan Width": 4, "Filter": "(((name)::text ~~ '%Tim%'::text) AND ((gender)::text = 'm'::text))"}]}, {"Node Type": "Index Scan", "Parent Relationship": "Inner", "Scan Direction": "Forward", "Index Name": "person_id_cast_info", "Relation Name": "cast_info", "Alias": "ci", "Startup Cost": 0.0, "Total Cost": 43.0, "Plan Rows": 2, "Plan Width": 8, "Index Cond": "(person_id = n.id)", "Filter": "((note)::text = ANY ('{(producer),\"(executive producer)\"}'::text[]))"}]}, {"Node Type": "Index Scan", "Parent Relationship": "Inner", "Scan Direction": "Forward", "Index Name": "movie_id_movie_info_idx", "Relation Name": "movie_info_idx", "Alias": "mi_idx", "Startup Cost": 0.0, "Total Cost": 0.31, "Plan Rows": 2, "Plan Width": 13, "Index Cond": "(movie_id = ci.movie_id)"}]}]}]}, {"Node Type": "Index Scan", "Parent Relationship": "Inner", "Scan Direction": "Forward", "Index Name": "movie_id_movie_info", "Relation Name": "movie_info", "Alias": "mi", "Startup Cost": 0.0, "Total Cost": 0.7, "Plan Rows": 5, "Plan Width": 50, "Index Cond": "(movie_id = ci.movie_id)"}]}]}, {"Node Type": "Index Scan", "Parent Relationship": "Inner", "Scan Direction": "Forward", "Index Name": "title_pkey", "Relation Name": "title", "Alias": "t", "Startup Cost": 0.0, "Total Cost": 0.28, "Plan Rows": 1, "Plan Width": 21, "Index Cond": "(id = mi.movie_id)"}]}]}, "Unique SQL Id": 4264520866, "Planner Runtime": 8}, "explain_analyze_plan": {"Plan": {"Node Type": "Aggregate", "Strategy": "Plain", "Startup Cost": 161086.28, "Total Cost": 161086.29, "Plan Rows": 1, "Plan Width": 160, "Actual Min Startup Time": 480.471, "Actual Max Startup Time": 480.471, "Actual Min Total Time": 480.471, "Actual Max Total Time": 480.471, "Plans": [{"Node Type": "Nested Loop", "Parent Relationship": "Outer", "Join Type": "Inner", "Startup Cost": 0.0, "Total Cost": 161086.22, "Plan Rows": 8, "Plan Width": 64, "Actual Min Startup Time": 339.278, "Actual Max Startup Time": 339.278, "Actual Min Total Time": 479.984, "Actual Max Total Time": 479.984, "Inner Unique": true, "Plans": [{"Node Type": "Nested Loop", "Parent Relationship": "Outer", "Join Type": "Inner", "Startup Cost": 0.0, "Total Cost": 161083.6, "Plan Rows": 9, "Plan Width": 59, "Actual Min Startup Time": 339.26, "Actual Max Startup Time": 339.26, "Actual Min Total Time": 476.32, "Actual Max Total Time": 476.32, "Inner Unique": false, "Join Filter": "(mi.info_type_id = it1.id)", "Rows Removed by Join Filter": 81998, "Plans": [{"Node Type": "Index Scan", "Parent Relationship": "Outer", "Scan Direction": "Forward", "Index Name": "info_type_pkey", "Relation Name": "info_type", "Alias": "it1", "Startup Cost": 0.0, "Total Cost": 14.21, "Plan Rows": 1, "Plan Width": 4, "Actual Min Startup Time": 0.089, "Actual Max Startup Time": 0.089, "Actual Min Total Time": 0.095, "Actual Max Total Time": 0.095, "Filter": "((info)::text = 'budget'::text)", "Rows Removed by Filter": 111, "Actual Rows": 1}, {"Node Type": "Nested Loop", "Parent Relationship": "Inner", "Join Type": "Inner", "Startup Cost": 0.0, "Total Cost": 161065.9, "Plan Rows": 279, "Plan Width": 63, "Actual Min Startup Time": 339.147, "Actual Max Startup Time": 339.147, "Actual Min Total Time": 460.325, "Actual Max Total Time": 460.325, "Inner Unique": false, "Join Filter": "(mi_idx.movie_id = mi.movie_id)", "Rows Removed by Join Filter": 0, "Plans": [{"Node Type": "Nested Loop", "Parent Relationship": "Outer", "Join Type": "Inner", "Startup Cost": 0.0, "Total Cost": 161026.3, "Plan Rows": 52, "Plan Width": 13, "Actual Min Startup Time": 339.123, "Actual Max Startup Time": 339.123, "Actual Min Total Time": 343.21, "Actual Max Total Time": 343.21, "Inner Unique": false, "Join Filter": "(mi_idx.info_type_id = it2.id)", "Rows Removed by Join Filter": 6875, "Plans": [{"Node Type": "Index Scan", "Parent Relationship": "Outer", "Scan Direction": "Forward", "Index Name": "info_type_pkey", "Relation Name": "info_type", "Alias": "it2", "Startup Cost": 0.0, "Total Cost": 14.21, "Plan Rows": 1, "Plan Width": 4, "Actual Min Startup Time": 0.072, "Actual Max Startup Time": 0.072, "Actual Min Total Time": 0.083, "Actual Max Total Time": 0.083, "Filter": "((info)::text = 'votes'::text)", "Rows Removed by Filter": 111, "Actual Rows": 1}, {"Node Type": "Materialize", "Parent Relationship": "Inner", "Startup Cost": 0.0, "Total Cost": 161008.63, "Plan Rows": 346, "Plan Width": 17, "Actual Min Startup Time": 339.037, "Actual Max Startup Time": 339.037, "Actual Min Total Time": 340.214, "Actual Max Total Time": 340.214, "Plans": [{"Node Type": "Nested Loop", "Parent Relationship": "Outer", "Join Type": "Inner", "Startup Cost": 0.0, "Total Cost": 161007.76, "Plan Rows": 346, "Plan Width": 17, "Actual Min Startup Time": 72.66, "Actual Max Startup Time": 72.66, "Actual Min Total Time": 335.949, "Actual Max Total Time": 335.949, "Inner Unique": false, "Plans": [{"Node Type": "Nested Loop", "Parent Relationship": "Outer", "Join Type": "Inner", "Startup Cost": 0.0, "Total Cost": 160910.97, "Plan Rows": 294, "Plan Width": 4, "Actual Min Startup Time": 72.633, "Actual Max Startup Time": 72.633, "Actual Min Total Time": 298.788, "Actual Max Total Time": 298.788, "Inner Unique": false, "Plans": [{"Node Type": "Streaming(type: LOCAL GATHER dop: 1/16)", "Parent Relationship": "Outer", "Startup Cost": 0.0, "Total Cost": 153468.6, "Plan Rows": 173, "Plan Width": 4, "Actual Min Startup Time": 72.488, "Actual Max Startup Time": 72.488, "Actual Min Total Time": 169.446, "Actual Max Total Time": 169.446, "Plans": [{"Node Type": "Index Scan", "Parent Relationship": "Outer", "Scan Direction": "Forward", "Index Name": "name_pkey", "Relation Name": "name", "Alias": "n", "Startup Cost": 0.0, "Total Cost": 153464.87, "Plan Rows": 173, "Plan Width": 4, "Actual Min Startup Time": 40.705, "Actual Max Startup Time": 299.35, "Actual Min Total Time": 270.732, "Actual Max Total Time": 307.55, "Filter": "(((name)::text ~~ '%Tim%'::text) AND ((gender)::text = 'm'::text))", "Rows Removed by Filter": 4158428, "Actual Rows": 9062}], "Actual Rows": 9062}, {"Node Type": "Index Scan", "Parent Relationship": "Inner", "Scan Direction": "Forward", "Index Name": "person_id_cast_info", "Relation Name": "cast_info", "Alias": "ci", "Startup Cost": 0.0, "Total Cost": 43.0, "Plan Rows": 2, "Plan Width": 8, "Actual Min Startup Time": 104.072, "Actual Max Startup Time": 104.072, "Actual Min Total Time": 123.227, "Actual Max Total Time": 123.227, "Index Cond": "(person_id = n.id)", "Rows Removed by Index Recheck": 0, "Filter": "((note)::text = ANY ('{(producer),\"(executive producer)\"}'::text[]))", "Rows Removed by Filter": 89309, "Actual Rows": 6719}], "Actual Rows": 6719}, {"Node Type": "Index Scan", "Parent Relationship": "Inner", "Scan Direction": "Forward", "Index Name": "movie_id_movie_info_idx", "Relation Name": "movie_info_idx", "Alias": "mi_idx", "Startup Cost": 0.0, "Total Cost": 0.31, "Plan Rows": 2, "Plan Width": 13, "Actual Min Startup Time": 27.532, "Actual Max Startup Time": 27.532, "Actual Min Total Time": 31.538, "Actual Max Total Time": 31.538, "Index Cond": "(movie_id = ci.movie_id)", "Rows Removed by Index Recheck": 0, "Actual Rows": 10310}], "Actual Rows": 10310}], "Actual Rows": 10311}], "Actual Rows": 3435}, {"Node Type": "Index Scan", "Parent Relationship": "Inner", "Scan Direction": "Forward", "Index Name": "movie_id_movie_info", "Relation Name": "movie_info", "Alias": "mi", "Startup Cost": 0.0, "Total Cost": 0.7, "Plan Rows": 5, "Plan Width": 50, "Actual Min Startup Time": 21.858, "Actual Max Startup Time": 21.858, "Actual Min Total Time": 87.885, "Actual Max Total Time": 87.885, "Index Cond": "(movie_id = ci.movie_id)", "Rows Removed by Index Recheck": 0, "Actual Rows": 82408}], "Actual Rows": 82408}], "Actual Rows": 410}, {"Node Type": "Index Scan", "Parent Relationship": "Inner", "Scan Direction": "Forward", "Index Name": "title_pkey", "Relation Name": "title", "Alias": "t", "Startup Cost": 0.0, "Total Cost": 0.28, "Plan Rows": 1, "Plan Width": 21, "Actual Min Startup Time": 3.295, "Actual Max Startup Time": 3.295, "Actual Min Total Time": 3.295, "Actual Max Total Time": 3.295, "Index Cond": "(id = mi.movie_id)", "Rows Removed by Index Recheck": 0, "Actual Rows": 410}], "Actual Rows": 410}], "Actual Rows": 1}, "Triggers": [], "Planner Runtime": 8.185, "Total Runtime": 483.071, "Unique SQL Id": 4264520866}}, "(16, '50')": {"explain_plan": {"Plan": {"Node Type": "Aggregate", "Strategy": "Plain", "Startup Cost": 36787.5, "Total Cost": 36787.51, "Plan Rows": 1, "Plan Width": 160, "Plans": [{"Node Type": "Nested Loop", "Parent Relationship": "Outer", "Join Type": "Inner", "Startup Cost": 5.3, "Total Cost": 36787.44, "Plan Rows": 8, "Plan Width": 64, "Inner Unique": true, "Plans": [{"Node Type": "Nested Loop", "Parent Relationship": "Outer", "Join Type": "Inner", "Startup Cost": 5.04, "Total Cost": 36748.9, "Plan Rows": 9, "Plan Width": 59, "Inner Unique": false, "Join Filter": "(mi_idx.info_type_id = it2.id)", "Plans": [{"Node Type": "Seq Scan", "Parent Relationship": "Outer", "Relation Name": "info_type", "Alias": "it2", "Startup Cost": 0.0, "Total Cost": 2.4, "Plan Rows": 1, "Plan Width": 4, "Filter": "((info)::text = 'votes'::text)"}, {"Node Type": "Nested Loop", "Parent Relationship": "Inner", "Join Type": "Inner", "Startup Cost": 5.04, "Total Cost": 36746.07, "Plan Rows": 34, "Plan Width": 63, "Inner Unique": false, "Plans": [{"Node Type": "Nested Loop", "Parent Relationship": "Outer", "Join Type": "Inner", "Startup Cost": 4.77, "Total Cost": 36651.22, "Plan Rows": 22, "Plan Width": 50, "Inner Unique": false, "Join Filter": "(mi.info_type_id = it1.id)", "Plans": [{"Node Type": "Seq Scan", "Parent Relationship": "Outer", "Relation Name": "info_type", "Alias": "it1", "Startup Cost": 0.0, "Total Cost": 2.4, "Plan Rows": 1, "Plan Width": 4, "Filter": "((info)::text = 'budget'::text)"}, {"Node Type": "Materialize", "Parent Relationship": "Inner", "Startup Cost": 4.77, "Total Cost": 36633.21, "Plan Rows": 1561, "Plan Width": 54, "Plans": [{"Node Type": "Nested Loop", "Parent Relationship": "Outer", "Join Type": "Inner", "Startup Cost": 4.77, "Total Cost": 36629.3, "Plan Rows": 1561, "Plan Width": 54, "Inner Unique": false, "Plans": [{"Node Type": "Nested Loop", "Parent Relationship": "Outer", "Join Type": "Inner", "Startup Cost": 4.39, "Total Cost": 35306.9, "Plan Rows": 294, "Plan Width": 4, "Inner Unique": false, "Plans": [{"Node Type": "Streaming(type: LOCAL GATHER dop: 1/16)", "Parent Relationship": "Outer", "Startup Cost": 0.0, "Total Cost": 22123.07, "Plan Rows": 173, "Plan Width": 4, "Plans": [{"Node Type": "Seq Scan", "Parent Relationship": "Outer", "Relation Name": "name", "Alias": "n", "Startup Cost": 0.0, "Total Cost": 22119.33, "Plan Rows": 173, "Plan Width": 4, "Filter": "(((name)::text ~~ '%Tim%'::text) AND ((gender)::text = 'm'::text))"}]}, {"Node Type": "Bitmap Heap Scan", "Parent Relationship": "Inner", "Relation Name": "cast_info", "Alias": "ci", "Startup Cost": 4.39, "Total Cost": 76.19, "Plan Rows": 2, "Plan Width": 8, "Recheck Cond": "(person_id = n.id)", "Filter": "((note)::text = ANY ('{(producer),\"(executive producer)\"}'::text[]))", "Plans": [{"Node Type": "Bitmap Index Scan", "Parent Relationship": "Outer", "Index Name": "person_id_cast_info", "Startup Cost": 0.0, "Total Cost": 4.38, "Plan Rows": 18, "Plan Width": 0, "Index Cond": "(person_id = n.id)"}]}]}, {"Node Type": "Bitmap Heap Scan", "Parent Relationship": "Inner", "Relation Name": "movie_info", "Alias": "mi", "Startup Cost": 0.39, "Total Cost": 4.45, "Plan Rows": 5, "Plan Width": 50, "Recheck Cond": "(movie_id = ci.movie_id)", "Plans": [{"Node Type": "Bitmap Index Scan", "Parent Relationship": "Outer", "Index Name": "movie_id_movie_info", "Startup Cost": 0.0, "Total Cost": 0.38, "Plan Rows": 5, "Plan Width": 0, "Index Cond": "(movie_id = ci.movie_id)"}]}]}]}]}, {"Node Type": "Bitmap Heap Scan", "Parent Relationship": "Inner", "Relation Name": "movie_info_idx", "Alias": "mi_idx", "Startup Cost": 0.27, "Total Cost": 4.29, "Plan Rows": 2, "Plan Width": 13, "Recheck Cond": "(movie_id = mi.movie_id)", "Plans": [{"Node Type": "Bitmap Index Scan", "Parent Relationship": "Outer", "Index Name": "movie_id_movie_info_idx", "Startup Cost": 0.0, "Total Cost": 0.27, "Plan Rows": 2, "Plan Width": 0, "Index Cond": "(movie_id = mi.movie_id)"}]}]}]}, {"Node Type": "Bitmap Heap Scan", "Parent Relationship": "Inner", "Relation Name": "title", "Alias": "t", "Startup Cost": 0.26, "Total Cost": 4.27, "Plan Rows": 1, "Plan Width": 21, "Recheck Cond": "(id = mi.movie_id)", "Plans": [{"Node Type": "Bitmap Index Scan", "Parent Relationship": "Outer", "Index Name": "title_pkey", "Startup Cost": 0.0, "Total Cost": 0.26, "Plan Rows": 1, "Plan Width": 0, "Index Cond": "(id = mi.movie_id)"}]}]}]}, "Unique SQL Id": 4264520866, "Planner Runtime": 20}, "explain_analyze_plan": {"Plan": {"Node Type": "Aggregate", "Strategy": "Plain", "Startup Cost": 36787.5, "Total Cost": 36787.51, "Plan Rows": 1, "Plan Width": 160, "Actual Min Startup Time": 475.224, "Actual Max Startup Time": 475.224, "Actual Min Total Time": 475.225, "Actual Max Total Time": 475.225, "Plans": [{"Node Type": "Nested Loop", "Parent Relationship": "Outer", "Join Type": "Inner", "Startup Cost": 5.3, "Total Cost": 36787.44, "Plan Rows": 8, "Plan Width": 64, "Actual Min Startup Time": 425.326, "Actual Max Startup Time": 425.326, "Actual Min Total Time": 474.758, "Actual Max Total Time": 474.758, "Inner Unique": true, "Plans": [{"Node Type": "Nested Loop", "Parent Relationship": "Outer", "Join Type": "Inner", "Startup Cost": 5.04, "Total Cost": 36748.9, "Plan Rows": 9, "Plan Width": 59, "Actual Min Startup Time": 425.302, "Actual Max Startup Time": 425.302, "Actual Min Total Time": 470.521, "Actual Max Total Time": 470.521, "Inner Unique": false, "Join Filter": "(mi_idx.info_type_id = it2.id)", "Rows Removed by Join Filter": 825, "Plans": [{"Node Type": "Seq Scan", "Parent Relationship": "Outer", "Relation Name": "info_type", "Alias": "it2", "Startup Cost": 0.0, "Total Cost": 2.4, "Plan Rows": 1, "Plan Width": 4, "Actual Min Startup Time": 0.066, "Actual Max Startup Time": 0.066, "Actual Min Total Time": 0.074, "Actual Max Total Time": 0.074, "Filter": "((info)::text = 'votes'::text)", "Rows Removed by Filter": 111, "Actual Rows": 1}, {"Node Type": "Nested Loop", "Parent Relationship": "Inner", "Join Type": "Inner", "Startup Cost": 5.04, "Total Cost": 36746.07, "Plan Rows": 34, "Plan Width": 63, "Actual Min Startup Time": 425.224, "Actual Max Startup Time": 425.224, "Actual Min Total Time": 468.026, "Actual Max Total Time": 468.026, "Inner Unique": false, "Plans": [{"Node Type": "Nested Loop", "Parent Relationship": "Outer", "Join Type": "Inner", "Startup Cost": 4.77, "Total Cost": 36651.22, "Plan Rows": 22, "Plan Width": 50, "Actual Min Startup Time": 425.066, "Actual Max Startup Time": 425.066, "Actual Min Total Time": 461.217, "Actual Max Total Time": 461.217, "Inner Unique": false, "Join Filter": "(mi.info_type_id = it1.id)", "Rows Removed by Join Filter": 95197, "Plans": [{"Node Type": "Seq Scan", "Parent Relationship": "Outer", "Relation Name": "info_type", "Alias": "it1", "Startup Cost": 0.0, "Total Cost": 2.4, "Plan Rows": 1, "Plan Width": 4, "Actual Min Startup Time": 0.063, "Actual Max Startup Time": 0.063, "Actual Min Total Time": 0.073, "Actual Max Total Time": 0.073, "Filter": "((info)::text = 'budget'::text)", "Rows Removed by Filter": 111, "Actual Rows": 1}, {"Node Type": "Materialize", "Parent Relationship": "Inner", "Startup Cost": 4.77, "Total Cost": 36633.21, "Plan Rows": 1561, "Plan Width": 54, "Actual Min Startup Time": 424.99, "Actual Max Startup Time": 424.99, "Actual Min Total Time": 436.933, "Actual Max Total Time": 436.933, "Plans": [{"Node Type": "Nested Loop", "Parent Relationship": "Outer", "Join Type": "Inner", "Startup Cost": 4.77, "Total Cost": 36629.3, "Plan Rows": 1561, "Plan Width": 54, "Actual Min Startup Time": 21.711, "Actual Max Startup Time": 21.711, "Actual Min Total Time": 398.082, "Actual Max Total Time": 398.082, "Inner Unique": false, "Plans": [{"Node Type": "Nested Loop", "Parent Relationship": "Outer", "Join Type": "Inner", "Startup Cost": 4.39, "Total Cost": 35306.9, "Plan Rows": 294, "Plan Width": 4, "Actual Min Startup Time": 21.681, "Actual Max Startup Time": 21.681, "Actual Min Total Time": 223.32, "Actual Max Total Time": 223.32, "Inner Unique": false, "Plans": [{"Node Type": "Streaming(type: LOCAL GATHER dop: 1/16)", "Parent Relationship": "Outer", "Startup Cost": 0.0, "Total Cost": 22123.07, "Plan Rows": 173, "Plan Width": 4, "Actual Min Startup Time": 21.308, "Actual Max Startup Time": 21.308, "Actual Min Total Time": 74.431, "Actual Max Total Time": 74.431, "Plans": [{"Node Type": "Seq Scan", "Parent Relationship": "Outer", "Relation Name": "name", "Alias": "n", "Startup Cost": 0.0, "Total Cost": 22119.33, "Plan Rows": 173, "Plan Width": 4, "Actual Min Startup Time": 0.034, "Actual Max Startup Time": 0.856, "Actual Min Total Time": 101.868, "Actual Max Total Time": 105.961, "Filter": "(((name)::text ~~ '%Tim%'::text) AND ((gender)::text = 'm'::text))", "Rows Removed by Filter": 4158428, "Actual Rows": 9062}], "Actual Rows": 9062}, {"Node Type": "Bitmap Heap Scan", "Parent Relationship": "Inner", "Relation Name": "cast_info", "Alias": "ci", "Startup Cost": 4.39, "Total Cost": 76.19, "Plan Rows": 2, "Plan Width": 8, "Actual Min Startup Time": 120.205, "Actual Max Startup Time": 120.205, "Actual Min Total Time": 136.373, "Actual Max Total Time": 136.373, "Recheck Cond": "(person_id = n.id)", "Rows Removed by Index Recheck": 0, "Filter": "((note)::text = ANY ('{(producer),\"(executive producer)\"}'::text[]))", "Rows Removed by Filter": 89309, "Exact Heap Blocks": 13336, "Lossy Heap Blocks": 13336, "Plans": [{"Node Type": "Bitmap Index Scan", "Parent Relationship": "Outer", "Index Name": "person_id_cast_info", "Startup Cost": 0.0, "Total Cost": 4.38, "Plan Rows": 18, "Plan Width": 0, "Actual Min Startup Time": 50.638, "Actual Max Startup Time": 50.638, "Actual Min Total Time": 50.638, "Actual Max Total Time": 50.638, "Index Cond": "(person_id = n.id)", "Actual Rows": 96028}], "Actual Rows": 6719}], "Actual Rows": 6719}, {"Node Type": "Bitmap Heap Scan", "Parent Relationship": "Inner", "Relation Name": "movie_info", "Alias": "mi", "Startup Cost": 0.39, "Total Cost": 4.45, "Plan Rows": 5, "Plan Width": 50, "Actual Min Startup Time": 62.715, "Actual Max Startup Time": 62.715, "Actual Min Total Time": 146.56, "Actual Max Total Time": 146.56, "Recheck Cond": "(movie_id = ci.movie_id)", "Rows Removed by Index Recheck": 0, "Exact Heap Blocks": 40013, "Lossy Heap Blocks": 40013, "Plans": [{"Node Type": "Bitmap Index Scan", "Parent Relationship": "Outer", "Index Name": "movie_id_movie_info", "Startup Cost": 0.0, "Total Cost": 0.38, "Plan Rows": 5, "Plan Width": 0, "Actual Min Startup Time": 43.75, "Actual Max Startup Time": 43.75, "Actual Min Total Time": 43.75, "Actual Max Total Time": 43.75, "Index Cond": "(movie_id = ci.movie_id)", "Actual Rows": 95896}], "Actual Rows": 95896}], "Actual Rows": 95896}], "Actual Rows": 95897}], "Actual Rows": 699}, {"Node Type": "Bitmap Heap Scan", "Parent Relationship": "Inner", "Relation Name": "movie_info_idx", "Alias": "mi_idx", "Startup Cost": 0.27, "Total Cost": 4.29, "Plan Rows": 2, "Plan Width": 13, "Actual Min Startup Time": 5.496, "Actual Max Startup Time": 5.496, "Actual Min Total Time": 5.692, "Actual Max Total Time": 5.692, "Recheck Cond": "(movie_id = mi.movie_id)", "Rows Removed by Index Recheck": 0, "Exact Heap Blocks": 419, "Lossy Heap Blocks": 419, "Plans": [{"Node Type": "Bitmap Index Scan", "Parent Relationship": "Outer", "Index Name": "movie_id_movie_info_idx", "Startup Cost": 0.0, "Total Cost": 0.27, "Plan Rows": 2, "Plan Width": 0, "Actual Min Startup Time": 3.946, "Actual Max Startup Time": 3.946, "Actual Min Total Time": 3.946, "Actual Max Total Time": 3.946, "Index Cond": "(movie_id = mi.movie_id)", "Actual Rows": 1235}], "Actual Rows": 1235}], "Actual Rows": 1235}], "Actual Rows": 410}, {"Node Type": "Bitmap Heap Scan", "Parent Relationship": "Inner", "Relation Name": "title", "Alias": "t", "Startup Cost": 0.26, "Total Cost": 4.27, "Plan Rows": 1, "Plan Width": 21, "Actual Min Startup Time": 3.641, "Actual Max Startup Time": 3.641, "Actual Min Total Time": 3.641, "Actual Max Total Time": 3.641, "Recheck Cond": "(id = mi.movie_id)", "Rows Removed by Index Recheck": 0, "Exact Heap Blocks": 410, "Lossy Heap Blocks": 410, "Plans": [{"Node Type": "Bitmap Index Scan", "Parent Relationship": "Outer", "Index Name": "title_pkey", "Startup Cost": 0.0, "Total Cost": 0.26, "Plan Rows": 1, "Plan Width": 0, "Actual Min Startup Time": 2.266, "Actual Max Startup Time": 2.266, "Actual Min Total Time": 2.266, "Actual Max Total Time": 2.266, "Index Cond": "(id = mi.movie_id)", "Actual Rows": 410}], "Actual Rows": 410}], "Actual Rows": 410}], "Actual Rows": 1}, "Triggers": [], "Planner Runtime": 32.602, "Total Runtime": 478.313, "Unique SQL Id": 4264520866}}, "(16, '51')": {"explain_plan": {"Plan": {"Node Type": "Aggregate", "Strategy": "Plain", "Startup Cost": 211886.13, "Total Cost": 211886.14, "Plan Rows": 1, "Plan Width": 160, "Plans": [{"Node Type": "Nested Loop", "Parent Relationship": "Outer", "Join Type": "Inner", "Startup Cost": 83172.11, "Total Cost": 211886.07, "Plan Rows": 8, "Plan Width": 64, "Inner Unique": true, "Plans": [{"Node Type": "Nested Loop", "Parent Relationship": "Outer", "Join Type": "Inner", "Startup Cost": 83171.85, "Total Cost": 211847.52, "Plan Rows": 9, "Plan Width": 59, "Inner Unique": true, "Plans": [{"Node Type": "Nested Loop", "Parent Relationship": "Outer", "Join Type": "Inner", "Startup Cost": 83171.59, "Total Cost": 211701.91, "Plan Rows": 34, "Plan Width": 63, "Inner Unique": false, "Plans": [{"Node Type": "Nested Loop", "Parent Relationship": "Outer", "Join Type": "Inner", "Startup Cost": 83171.32, "Total Cost": 211607.05, "Plan Rows": 22, "Plan Width": 50, "Inner Unique": false, "Join Filter": "(mi.info_type_id = it1.id)", "Plans": [{"Node Type": "Bitmap Heap Scan", "Parent Relationship": "Outer", "Relation Name": "info_type", "Alias": "it1", "Startup Cost": 8.81, "Total Cost": 14.21, "Plan Rows": 1, "Plan Width": 4, "Filter": "((info)::text = 'budget'::text)", "Plans": [{"Node Type": "Bitmap Index Scan", "Parent Relationship": "Outer", "Index Name": "info_type_pkey", "Startup Cost": 0.0, "Total Cost": 8.81, "Plan Rows": 112, "Plan Width": 0}]}, {"Node Type": "Nested Loop", "Parent Relationship": "Inner", "Join Type": "Inner", "Startup Cost": 83162.51, "Total Cost": 211573.33, "Plan Rows": 1561, "Plan Width": 54, "Inner Unique": false, "Plans": [{"Node Type": "Nested Loop", "Parent Relationship": "Outer", "Join Type": "Inner", "Startup Cost": 83162.13, "Total Cost": 210250.93, "Plan Rows": 294, "Plan Width": 4, "Inner Unique": false, "Plans": [{"Node Type": "Bitmap Heap Scan", "Parent Relationship": "Outer", "Relation Name": "name", "Alias": "n", "Startup Cost": 83157.74, "Total Cost": 197067.09, "Plan Rows": 173, "Plan Width": 4, "Filter": "(((name)::text ~~ '%Tim%'::text) AND ((gender)::text = 'm'::text))", "Plans": [{"Node Type": "Bitmap Index Scan", "Parent Relationship": "Outer", "Index Name": "name_pkey", "Startup Cost": 0.0, "Total Cost": 83157.7, "Plan Rows": 4167490, "Plan Width": 0}]}, {"Node Type": "Bitmap Heap Scan", "Parent Relationship": "Inner", "Relation Name": "cast_info", "Alias": "ci", "Startup Cost": 4.39, "Total Cost": 76.19, "Plan Rows": 2, "Plan Width": 8, "Recheck Cond": "(person_id = n.id)", "Filter": "((note)::text = ANY ('{(producer),\"(executive producer)\"}'::text[]))", "Plans": [{"Node Type": "Bitmap Index Scan", "Parent Relationship": "Outer", "Index Name": "person_id_cast_info", "Startup Cost": 0.0, "Total Cost": 4.38, "Plan Rows": 18, "Plan Width": 0, "Index Cond": "(person_id = n.id)"}]}]}, {"Node Type": "Bitmap Heap Scan", "Parent Relationship": "Inner", "Relation Name": "movie_info", "Alias": "mi", "Startup Cost": 0.39, "Total Cost": 4.45, "Plan Rows": 5, "Plan Width": 50, "Recheck Cond": "(movie_id = ci.movie_id)", "Plans": [{"Node Type": "Bitmap Index Scan", "Parent Relationship": "Outer", "Index Name": "movie_id_movie_info", "Startup Cost": 0.0, "Total Cost": 0.38, "Plan Rows": 5, "Plan Width": 0, "Index Cond": "(movie_id = ci.movie_id)"}]}]}]}, {"Node Type": "Bitmap Heap Scan", "Parent Relationship": "Inner", "Relation Name": "movie_info_idx", "Alias": "mi_idx", "Startup Cost": 0.27, "Total Cost": 4.29, "Plan Rows": 2, "Plan Width": 13, "Recheck Cond": "(movie_id = mi.movie_id)", "Plans": [{"Node Type": "Bitmap Index Scan", "Parent Relationship": "Outer", "Index Name": "movie_id_movie_info_idx", "Startup Cost": 0.0, "Total Cost": 0.27, "Plan Rows": 2, "Plan Width": 0, "Index Cond": "(movie_id = mi.movie_id)"}]}]}, {"Node Type": "Bitmap Heap Scan", "Parent Relationship": "Inner", "Relation Name": "info_type", "Alias": "it2", "Startup Cost": 0.26, "Total Cost": 4.27, "Plan Rows": 1, "Plan Width": 4, "Recheck Cond": "(id = mi_idx.info_type_id)", "Filter": "((info)::text = 'votes'::text)", "Plans": [{"Node Type": "Bitmap Index Scan", "Parent Relationship": "Outer", "Index Name": "info_type_pkey", "Startup Cost": 0.0, "Total Cost": 0.26, "Plan Rows": 1, "Plan Width": 0, "Index Cond": "(id = mi_idx.info_type_id)"}]}]}, {"Node Type": "Bitmap Heap Scan", "Parent Relationship": "Inner", "Relation Name": "title", "Alias": "t", "Startup Cost": 0.26, "Total Cost": 4.27, "Plan Rows": 1, "Plan Width": 21, "Recheck Cond": "(id = mi.movie_id)", "Plans": [{"Node Type": "Bitmap Index Scan", "Parent Relationship": "Outer", "Index Name": "title_pkey", "Startup Cost": 0.0, "Total Cost": 0.26, "Plan Rows": 1, "Plan Width": 0, "Index Cond": "(id = mi.movie_id)"}]}]}]}, "Unique SQL Id": 4264520866, "Planner Runtime": 7}, "explain_analyze_plan": null}, "(16, '52')": {"explain_plan": {"Plan": {"Node Type": "Aggregate", "Strategy": "Plain", "Startup Cost": 29717.13, "Total Cost": 29717.14, "Plan Rows": 1, "Plan Width": 160, "Plans": [{"Node Type": "Nested Loop", "Parent Relationship": "Outer", "Join Type": "Inner", "Startup Cost": 0.0, "Total Cost": 29717.07, "Plan Rows": 8, "Plan Width": 64, "Inner Unique": true, "Plans": [{"Node Type": "Nested Loop", "Parent Relationship": "Outer", "Join Type": "Inner", "Startup Cost": 0.0, "Total Cost": 29714.44, "Plan Rows": 9, "Plan Width": 59, "Inner Unique": false, "Join Filter": "(mi.info_type_id = it1.id)", "Plans": [{"Node Type": "Seq Scan", "Parent Relationship": "Outer", "Relation Name": "info_type", "Alias": "it1", "Startup Cost": 0.0, "Total Cost": 2.4, "Plan Rows": 1, "Plan Width": 4, "Filter": "((info)::text = 'budget'::text)"}, {"Node Type": "Nested Loop", "Parent Relationship": "Inner", "Join Type": "Inner", "Startup Cost": 0.0, "Total Cost": 29708.55, "Plan Rows": 279, "Plan Width": 63, "Inner Unique": false, "Join Filter": "(mi_idx.movie_id = mi.movie_id)", "Plans": [{"Node Type": "Nested Loop", "Parent Relationship": "Outer", "Join Type": "Inner", "Startup Cost": 0.0, "Total Cost": 29668.95, "Plan Rows": 52, "Plan Width": 13, "Inner Unique": false, "Join Filter": "(mi_idx.info_type_id = it2.id)", "Plans": [{"Node Type": "Seq Scan", "Parent Relationship": "Outer", "Relation Name": "info_type", "Alias": "it2", "Startup Cost": 0.0, "Total Cost": 2.4, "Plan Rows": 1, "Plan Width": 4, "Filter": "((info)::text = 'votes'::text)"}, {"Node Type": "Materialize", "Parent Relationship": "Inner", "Startup Cost": 0.0, "Total Cost": 29663.09, "Plan Rows": 346, "Plan Width": 17, "Plans": [{"Node Type": "Nested Loop", "Parent Relationship": "Outer", "Join Type": "Inner", "Startup Cost": 0.0, "Total Cost": 29662.23, "Plan Rows": 346, "Plan Width": 17, "Inner Unique": false, "Plans": [{"Node Type": "Nested Loop", "Parent Relationship": "Outer", "Join Type": "Inner", "Startup Cost": 0.0, "Total Cost": 29565.43, "Plan Rows": 294, "Plan Width": 4, "Inner Unique": false, "Plans": [{"Node Type": "Streaming(type: LOCAL GATHER dop: 1/16)", "Parent Relationship": "Outer", "Startup Cost": 0.0, "Total Cost": 22123.07, "Plan Rows": 173, "Plan Width": 4, "Plans": [{"Node Type": "Seq Scan", "Parent Relationship": "Outer", "Relation Name": "name", "Alias": "n", "Startup Cost": 0.0, "Total Cost": 22119.33, "Plan Rows": 173, "Plan Width": 4, "Filter": "(((name)::text ~~ '%Tim%'::text) AND ((gender)::text = 'm'::text))"}]}, {"Node Type": "Index Scan", "Parent Relationship": "Inner", "Scan Direction": "Forward", "Index Name": "person_id_cast_info", "Relation Name": "cast_info", "Alias": "ci", "Startup Cost": 0.0, "Total Cost": 43.0, "Plan Rows": 2, "Plan Width": 8, "Index Cond": "(person_id = n.id)", "Filter": "((note)::text = ANY ('{(producer),\"(executive producer)\"}'::text[]))"}]}, {"Node Type": "Index Scan", "Parent Relationship": "Inner", "Scan Direction": "Forward", "Index Name": "movie_id_movie_info_idx", "Relation Name": "movie_info_idx", "Alias": "mi_idx", "Startup Cost": 0.0, "Total Cost": 0.31, "Plan Rows": 2, "Plan Width": 13, "Index Cond": "(movie_id = ci.movie_id)"}]}]}]}, {"Node Type": "Index Scan", "Parent Relationship": "Inner", "Scan Direction": "Forward", "Index Name": "movie_id_movie_info", "Relation Name": "movie_info", "Alias": "mi", "Startup Cost": 0.0, "Total Cost": 0.7, "Plan Rows": 5, "Plan Width": 50, "Index Cond": "(movie_id = ci.movie_id)"}]}]}, {"Node Type": "Index Scan", "Parent Relationship": "Inner", "Scan Direction": "Forward", "Index Name": "title_pkey", "Relation Name": "title", "Alias": "t", "Startup Cost": 0.0, "Total Cost": 0.28, "Plan Rows": 1, "Plan Width": 21, "Index Cond": "(id = mi.movie_id)"}]}]}, "Unique SQL Id": 4264520866, "Planner Runtime": 8}, "explain_analyze_plan": {"Plan": {"Node Type": "Aggregate", "Strategy": "Plain", "Startup Cost": 29717.13, "Total Cost": 29717.14, "Plan Rows": 1, "Plan Width": 160, "Actual Min Startup Time": 380.581, "Actual Max Startup Time": 380.581, "Actual Min Total Time": 380.581, "Actual Max Total Time": 380.581, "Plans": [{"Node Type": "Nested Loop", "Parent Relationship": "Outer", "Join Type": "Inner", "Startup Cost": 0.0, "Total Cost": 29717.07, "Plan Rows": 8, "Plan Width": 64, "Actual Min Startup Time": 239.3, "Actual Max Startup Time": 239.3, "Actual Min Total Time": 380.104, "Actual Max Total Time": 380.104, "Inner Unique": true, "Plans": [{"Node Type": "Nested Loop", "Parent Relationship": "Outer", "Join Type": "Inner", "Startup Cost": 0.0, "Total Cost": 29714.44, "Plan Rows": 9, "Plan Width": 59, "Actual Min Startup Time": 239.285, "Actual Max Startup Time": 239.285, "Actual Min Total Time": 376.468, "Actual Max Total Time": 376.468, "Inner Unique": false, "Join Filter": "(mi.info_type_id = it1.id)", "Rows Removed by Join Filter": 81998, "Plans": [{"Node Type": "Seq Scan", "Parent Relationship": "Outer", "Relation Name": "info_type", "Alias": "it1", "Startup Cost": 0.0, "Total Cost": 2.4, "Plan Rows": 1, "Plan Width": 4, "Actual Min Startup Time": 0.071, "Actual Max Startup Time": 0.071, "Actual Min Total Time": 0.081, "Actual Max Total Time": 0.081, "Filter": "((info)::text = 'budget'::text)", "Rows Removed by Filter": 111, "Actual Rows": 1}, {"Node Type": "Nested Loop", "Parent Relationship": "Inner", "Join Type": "Inner", "Startup Cost": 0.0, "Total Cost": 29708.55, "Plan Rows": 279, "Plan Width": 63, "Actual Min Startup Time": 239.058, "Actual Max Startup Time": 239.058, "Actual Min Total Time": 360.557, "Actual Max Total Time": 360.557, "Inner Unique": false, "Join Filter": "(mi_idx.movie_id = mi.movie_id)", "Rows Removed by Join Filter": 0, "Plans": [{"Node Type": "Nested Loop", "Parent Relationship": "Outer", "Join Type": "Inner", "Startup Cost": 0.0, "Total Cost": 29668.95, "Plan Rows": 52, "Plan Width": 13, "Actual Min Startup Time": 239.037, "Actual Max Startup Time": 239.037, "Actual Min Total Time": 243.136, "Actual Max Total Time": 243.136, "Inner Unique": false, "Join Filter": "(mi_idx.info_type_id = it2.id)", "Rows Removed by Join Filter": 6875, "Plans": [{"Node Type": "Seq Scan", "Parent Relationship": "Outer", "Relation Name": "info_type", "Alias": "it2", "Startup Cost": 0.0, "Total Cost": 2.4, "Plan Rows": 1, "Plan Width": 4, "Actual Min Startup Time": 0.058, "Actual Max Startup Time": 0.058, "Actual Min Total Time": 0.071, "Actual Max Total Time": 0.071, "Filter": "((info)::text = 'votes'::text)", "Rows Removed by Filter": 111, "Actual Rows": 1}, {"Node Type": "Materialize", "Parent Relationship": "Inner", "Startup Cost": 0.0, "Total Cost": 29663.09, "Plan Rows": 346, "Plan Width": 17, "Actual Min Startup Time": 238.967, "Actual Max Startup Time": 238.967, "Actual Min Total Time": 240.186, "Actual Max Total Time": 240.186, "Plans": [{"Node Type": "Nested Loop", "Parent Relationship": "Outer", "Join Type": "Inner", "Startup Cost": 0.0, "Total Cost": 29662.23, "Plan Rows": 346, "Plan Width": 17, "Actual Min Startup Time": 21.265, "Actual Max Startup Time": 21.265, "Actual Min Total Time": 235.822, "Actual Max Total Time": 235.822, "Inner Unique": false, "Plans": [{"Node Type": "Nested Loop", "Parent Relationship": "Outer", "Join Type": "Inner", "Startup Cost": 0.0, "Total Cost": 29565.43, "Plan Rows": 294, "Plan Width": 4, "Actual Min Startup Time": 21.058, "Actual Max Startup Time": 21.058, "Actual Min Total Time": 199.008, "Actual Max Total Time": 199.008, "Inner Unique": false, "Plans": [{"Node Type": "Streaming(type: LOCAL GATHER dop: 1/16)", "Parent Relationship": "Outer", "Startup Cost": 0.0, "Total Cost": 22123.07, "Plan Rows": 173, "Plan Width": 4, "Actual Min Startup Time": 20.996, "Actual Max Startup Time": 20.996, "Actual Min Total Time": 69.146, "Actual Max Total Time": 69.146, "Plans": [{"Node Type": "Seq Scan", "Parent Relationship": "Outer", "Relation Name": "name", "Alias": "n", "Startup Cost": 0.0, "Total Cost": 22119.33, "Plan Rows": 173, "Plan Width": 4, "Actual Min Startup Time": 0.028, "Actual Max Startup Time": 0.846, "Actual Min Total Time": 102.03, "Actual Max Total Time": 106.093, "Filter": "(((name)::text ~~ '%Tim%'::text) AND ((gender)::text = 'm'::text))", "Rows Removed by Filter": 4158428, "Actual Rows": 9062}], "Actual Rows": 9062}, {"Node Type": "Index Scan", "Parent Relationship": "Inner", "Scan Direction": "Forward", "Index Name": "person_id_cast_info", "Relation Name": "cast_info", "Alias": "ci", "Startup Cost": 0.0, "Total Cost": 43.0, "Plan Rows": 2, "Plan Width": 8, "Actual Min Startup Time": 104.539, "Actual Max Startup Time": 104.539, "Actual Min Total Time": 123.691, "Actual Max Total Time": 123.691, "Index Cond": "(person_id = n.id)", "Rows Removed by Index Recheck": 0, "Filter": "((note)::text = ANY ('{(producer),\"(executive producer)\"}'::text[]))", "Rows Removed by Filter": 89309, "Actual Rows": 6719}], "Actual Rows": 6719}, {"Node Type": "Index Scan", "Parent Relationship": "Inner", "Scan Direction": "Forward", "Index Name": "movie_id_movie_info_idx", "Relation Name": "movie_info_idx", "Alias": "mi_idx", "Startup Cost": 0.0, "Total Cost": 0.31, "Plan Rows": 2, "Plan Width": 13, "Actual Min Startup Time": 27.075, "Actual Max Startup Time": 27.075, "Actual Min Total Time": 31.011, "Actual Max Total Time": 31.011, "Index Cond": "(movie_id = ci.movie_id)", "Rows Removed by Index Recheck": 0, "Actual Rows": 10310}], "Actual Rows": 10310}], "Actual Rows": 10311}], "Actual Rows": 3435}, {"Node Type": "Index Scan", "Parent Relationship": "Inner", "Scan Direction": "Forward", "Index Name": "movie_id_movie_info", "Relation Name": "movie_info", "Alias": "mi", "Startup Cost": 0.0, "Total Cost": 0.7, "Plan Rows": 5, "Plan Width": 50, "Actual Min Startup Time": 21.932, "Actual Max Startup Time": 21.932, "Actual Min Total Time": 87.857, "Actual Max Total Time": 87.857, "Index Cond": "(movie_id = ci.movie_id)", "Rows Removed by Index Recheck": 0, "Actual Rows": 82408}], "Actual Rows": 82408}], "Actual Rows": 410}, {"Node Type": "Index Scan", "Parent Relationship": "Inner", "Scan Direction": "Forward", "Index Name": "title_pkey", "Relation Name": "title", "Alias": "t", "Startup Cost": 0.0, "Total Cost": 0.28, "Plan Rows": 1, "Plan Width": 21, "Actual Min Startup Time": 3.282, "Actual Max Startup Time": 3.282, "Actual Min Total Time": 3.282, "Actual Max Total Time": 3.282, "Index Cond": "(id = mi.movie_id)", "Rows Removed by Index Recheck": 0, "Actual Rows": 410}], "Actual Rows": 410}], "Actual Rows": 1}, "Triggers": [], "Planner Runtime": 8.808, "Total Runtime": 383.147, "Unique SQL Id": 4264520866}}, "(16, '53')": {"explain_plan": {"Plan": {"Node Type": "Aggregate", "Strategy": "Plain", "Startup Cost": 161086.28, "Total Cost": 161086.29, "Plan Rows": 1, "Plan Width": 160, "Plans": [{"Node Type": "Nested Loop", "Parent Relationship": "Outer", "Join Type": "Inner", "Startup Cost": 0.0, "Total Cost": 161086.22, "Plan Rows": 8, "Plan Width": 64, "Inner Unique": true, "Plans": [{"Node Type": "Nested Loop", "Parent Relationship": "Outer", "Join Type": "Inner", "Startup Cost": 0.0, "Total Cost": 161083.6, "Plan Rows": 9, "Plan Width": 59, "Inner Unique": false, "Join Filter": "(mi.info_type_id = it1.id)", "Plans": [{"Node Type": "Index Scan", "Parent Relationship": "Outer", "Scan Direction": "Forward", "Index Name": "info_type_pkey", "Relation Name": "info_type", "Alias": "it1", "Startup Cost": 0.0, "Total Cost": 14.21, "Plan Rows": 1, "Plan Width": 4, "Filter": "((info)::text = 'budget'::text)"}, {"Node Type": "Nested Loop", "Parent Relationship": "Inner", "Join Type": "Inner", "Startup Cost": 0.0, "Total Cost": 161065.9, "Plan Rows": 279, "Plan Width": 63, "Inner Unique": false, "Join Filter": "(mi_idx.movie_id = mi.movie_id)", "Plans": [{"Node Type": "Nested Loop", "Parent Relationship": "Outer", "Join Type": "Inner", "Startup Cost": 0.0, "Total Cost": 161026.3, "Plan Rows": 52, "Plan Width": 13, "Inner Unique": false, "Join Filter": "(mi_idx.info_type_id = it2.id)", "Plans": [{"Node Type": "Index Scan", "Parent Relationship": "Outer", "Scan Direction": "Forward", "Index Name": "info_type_pkey", "Relation Name": "info_type", "Alias": "it2", "Startup Cost": 0.0, "Total Cost": 14.21, "Plan Rows": 1, "Plan Width": 4, "Filter": "((info)::text = 'votes'::text)"}, {"Node Type": "Materialize", "Parent Relationship": "Inner", "Startup Cost": 0.0, "Total Cost": 161008.63, "Plan Rows": 346, "Plan Width": 17, "Plans": [{"Node Type": "Nested Loop", "Parent Relationship": "Outer", "Join Type": "Inner", "Startup Cost": 0.0, "Total Cost": 161007.76, "Plan Rows": 346, "Plan Width": 17, "Inner Unique": false, "Plans": [{"Node Type": "Nested Loop", "Parent Relationship": "Outer", "Join Type": "Inner", "Startup Cost": 0.0, "Total Cost": 160910.97, "Plan Rows": 294, "Plan Width": 4, "Inner Unique": false, "Plans": [{"Node Type": "Streaming(type: LOCAL GATHER dop: 1/16)", "Parent Relationship": "Outer", "Startup Cost": 0.0, "Total Cost": 153468.6, "Plan Rows": 173, "Plan Width": 4, "Plans": [{"Node Type": "Index Scan", "Parent Relationship": "Outer", "Scan Direction": "Forward", "Index Name": "name_pkey", "Relation Name": "name", "Alias": "n", "Startup Cost": 0.0, "Total Cost": 153464.87, "Plan Rows": 173, "Plan Width": 4, "Filter": "(((name)::text ~~ '%Tim%'::text) AND ((gender)::text = 'm'::text))"}]}, {"Node Type": "Index Scan", "Parent Relationship": "Inner", "Scan Direction": "Forward", "Index Name": "person_id_cast_info", "Relation Name": "cast_info", "Alias": "ci", "Startup Cost": 0.0, "Total Cost": 43.0, "Plan Rows": 2, "Plan Width": 8, "Index Cond": "(person_id = n.id)", "Filter": "((note)::text = ANY ('{(producer),\"(executive producer)\"}'::text[]))"}]}, {"Node Type": "Index Scan", "Parent Relationship": "Inner", "Scan Direction": "Forward", "Index Name": "movie_id_movie_info_idx", "Relation Name": "movie_info_idx", "Alias": "mi_idx", "Startup Cost": 0.0, "Total Cost": 0.31, "Plan Rows": 2, "Plan Width": 13, "Index Cond": "(movie_id = ci.movie_id)"}]}]}]}, {"Node Type": "Index Scan", "Parent Relationship": "Inner", "Scan Direction": "Forward", "Index Name": "movie_id_movie_info", "Relation Name": "movie_info", "Alias": "mi", "Startup Cost": 0.0, "Total Cost": 0.7, "Plan Rows": 5, "Plan Width": 50, "Index Cond": "(movie_id = ci.movie_id)"}]}]}, {"Node Type": "Index Scan", "Parent Relationship": "Inner", "Scan Direction": "Forward", "Index Name": "title_pkey", "Relation Name": "title", "Alias": "t", "Startup Cost": 0.0, "Total Cost": 0.28, "Plan Rows": 1, "Plan Width": 21, "Index Cond": "(id = mi.movie_id)"}]}]}, "Unique SQL Id": 4264520866, "Planner Runtime": 8}, "explain_analyze_plan": {"Plan": {"Node Type": "Aggregate", "Strategy": "Plain", "Startup Cost": 161086.28, "Total Cost": 161086.29, "Plan Rows": 1, "Plan Width": 160, "Actual Min Startup Time": 480.471, "Actual Max Startup Time": 480.471, "Actual Min Total Time": 480.471, "Actual Max Total Time": 480.471, "Plans": [{"Node Type": "Nested Loop", "Parent Relationship": "Outer", "Join Type": "Inner", "Startup Cost": 0.0, "Total Cost": 161086.22, "Plan Rows": 8, "Plan Width": 64, "Actual Min Startup Time": 339.278, "Actual Max Startup Time": 339.278, "Actual Min Total Time": 479.984, "Actual Max Total Time": 479.984, "Inner Unique": true, "Plans": [{"Node Type": "Nested Loop", "Parent Relationship": "Outer", "Join Type": "Inner", "Startup Cost": 0.0, "Total Cost": 161083.6, "Plan Rows": 9, "Plan Width": 59, "Actual Min Startup Time": 339.26, "Actual Max Startup Time": 339.26, "Actual Min Total Time": 476.32, "Actual Max Total Time": 476.32, "Inner Unique": false, "Join Filter": "(mi.info_type_id = it1.id)", "Rows Removed by Join Filter": 81998, "Plans": [{"Node Type": "Index Scan", "Parent Relationship": "Outer", "Scan Direction": "Forward", "Index Name": "info_type_pkey", "Relation Name": "info_type", "Alias": "it1", "Startup Cost": 0.0, "Total Cost": 14.21, "Plan Rows": 1, "Plan Width": 4, "Actual Min Startup Time": 0.089, "Actual Max Startup Time": 0.089, "Actual Min Total Time": 0.095, "Actual Max Total Time": 0.095, "Filter": "((info)::text = 'budget'::text)", "Rows Removed by Filter": 111, "Actual Rows": 1}, {"Node Type": "Nested Loop", "Parent Relationship": "Inner", "Join Type": "Inner", "Startup Cost": 0.0, "Total Cost": 161065.9, "Plan Rows": 279, "Plan Width": 63, "Actual Min Startup Time": 339.147, "Actual Max Startup Time": 339.147, "Actual Min Total Time": 460.325, "Actual Max Total Time": 460.325, "Inner Unique": false, "Join Filter": "(mi_idx.movie_id = mi.movie_id)", "Rows Removed by Join Filter": 0, "Plans": [{"Node Type": "Nested Loop", "Parent Relationship": "Outer", "Join Type": "Inner", "Startup Cost": 0.0, "Total Cost": 161026.3, "Plan Rows": 52, "Plan Width": 13, "Actual Min Startup Time": 339.123, "Actual Max Startup Time": 339.123, "Actual Min Total Time": 343.21, "Actual Max Total Time": 343.21, "Inner Unique": false, "Join Filter": "(mi_idx.info_type_id = it2.id)", "Rows Removed by Join Filter": 6875, "Plans": [{"Node Type": "Index Scan", "Parent Relationship": "Outer", "Scan Direction": "Forward", "Index Name": "info_type_pkey", "Relation Name": "info_type", "Alias": "it2", "Startup Cost": 0.0, "Total Cost": 14.21, "Plan Rows": 1, "Plan Width": 4, "Actual Min Startup Time": 0.072, "Actual Max Startup Time": 0.072, "Actual Min Total Time": 0.083, "Actual Max Total Time": 0.083, "Filter": "((info)::text = 'votes'::text)", "Rows Removed by Filter": 111, "Actual Rows": 1}, {"Node Type": "Materialize", "Parent Relationship": "Inner", "Startup Cost": 0.0, "Total Cost": 161008.63, "Plan Rows": 346, "Plan Width": 17, "Actual Min Startup Time": 339.037, "Actual Max Startup Time": 339.037, "Actual Min Total Time": 340.214, "Actual Max Total Time": 340.214, "Plans": [{"Node Type": "Nested Loop", "Parent Relationship": "Outer", "Join Type": "Inner", "Startup Cost": 0.0, "Total Cost": 161007.76, "Plan Rows": 346, "Plan Width": 17, "Actual Min Startup Time": 72.66, "Actual Max Startup Time": 72.66, "Actual Min Total Time": 335.949, "Actual Max Total Time": 335.949, "Inner Unique": false, "Plans": [{"Node Type": "Nested Loop", "Parent Relationship": "Outer", "Join Type": "Inner", "Startup Cost": 0.0, "Total Cost": 160910.97, "Plan Rows": 294, "Plan Width": 4, "Actual Min Startup Time": 72.633, "Actual Max Startup Time": 72.633, "Actual Min Total Time": 298.788, "Actual Max Total Time": 298.788, "Inner Unique": false, "Plans": [{"Node Type": "Streaming(type: LOCAL GATHER dop: 1/16)", "Parent Relationship": "Outer", "Startup Cost": 0.0, "Total Cost": 153468.6, "Plan Rows": 173, "Plan Width": 4, "Actual Min Startup Time": 72.488, "Actual Max Startup Time": 72.488, "Actual Min Total Time": 169.446, "Actual Max Total Time": 169.446, "Plans": [{"Node Type": "Index Scan", "Parent Relationship": "Outer", "Scan Direction": "Forward", "Index Name": "name_pkey", "Relation Name": "name", "Alias": "n", "Startup Cost": 0.0, "Total Cost": 153464.87, "Plan Rows": 173, "Plan Width": 4, "Actual Min Startup Time": 40.705, "Actual Max Startup Time": 299.35, "Actual Min Total Time": 270.732, "Actual Max Total Time": 307.55, "Filter": "(((name)::text ~~ '%Tim%'::text) AND ((gender)::text = 'm'::text))", "Rows Removed by Filter": 4158428, "Actual Rows": 9062}], "Actual Rows": 9062}, {"Node Type": "Index Scan", "Parent Relationship": "Inner", "Scan Direction": "Forward", "Index Name": "person_id_cast_info", "Relation Name": "cast_info", "Alias": "ci", "Startup Cost": 0.0, "Total Cost": 43.0, "Plan Rows": 2, "Plan Width": 8, "Actual Min Startup Time": 104.072, "Actual Max Startup Time": 104.072, "Actual Min Total Time": 123.227, "Actual Max Total Time": 123.227, "Index Cond": "(person_id = n.id)", "Rows Removed by Index Recheck": 0, "Filter": "((note)::text = ANY ('{(producer),\"(executive producer)\"}'::text[]))", "Rows Removed by Filter": 89309, "Actual Rows": 6719}], "Actual Rows": 6719}, {"Node Type": "Index Scan", "Parent Relationship": "Inner", "Scan Direction": "Forward", "Index Name": "movie_id_movie_info_idx", "Relation Name": "movie_info_idx", "Alias": "mi_idx", "Startup Cost": 0.0, "Total Cost": 0.31, "Plan Rows": 2, "Plan Width": 13, "Actual Min Startup Time": 27.532, "Actual Max Startup Time": 27.532, "Actual Min Total Time": 31.538, "Actual Max Total Time": 31.538, "Index Cond": "(movie_id = ci.movie_id)", "Rows Removed by Index Recheck": 0, "Actual Rows": 10310}], "Actual Rows": 10310}], "Actual Rows": 10311}], "Actual Rows": 3435}, {"Node Type": "Index Scan", "Parent Relationship": "Inner", "Scan Direction": "Forward", "Index Name": "movie_id_movie_info", "Relation Name": "movie_info", "Alias": "mi", "Startup Cost": 0.0, "Total Cost": 0.7, "Plan Rows": 5, "Plan Width": 50, "Actual Min Startup Time": 21.858, "Actual Max Startup Time": 21.858, "Actual Min Total Time": 87.885, "Actual Max Total Time": 87.885, "Index Cond": "(movie_id = ci.movie_id)", "Rows Removed by Index Recheck": 0, "Actual Rows": 82408}], "Actual Rows": 82408}], "Actual Rows": 410}, {"Node Type": "Index Scan", "Parent Relationship": "Inner", "Scan Direction": "Forward", "Index Name": "title_pkey", "Relation Name": "title", "Alias": "t", "Startup Cost": 0.0, "Total Cost": 0.28, "Plan Rows": 1, "Plan Width": 21, "Actual Min Startup Time": 3.295, "Actual Max Startup Time": 3.295, "Actual Min Total Time": 3.295, "Actual Max Total Time": 3.295, "Index Cond": "(id = mi.movie_id)", "Rows Removed by Index Recheck": 0, "Actual Rows": 410}], "Actual Rows": 410}], "Actual Rows": 1}, "Triggers": [], "Planner Runtime": 8.185, "Total Runtime": 483.071, "Unique SQL Id": 4264520866}}, "(16, '54')": {"explain_plan": {"Plan": {"Node Type": "Aggregate", "Strategy": "Plain", "Startup Cost": 36787.5, "Total Cost": 36787.51, "Plan Rows": 1, "Plan Width": 160, "Plans": [{"Node Type": "Nested Loop", "Parent Relationship": "Outer", "Join Type": "Inner", "Startup Cost": 5.3, "Total Cost": 36787.44, "Plan Rows": 8, "Plan Width": 64, "Inner Unique": true, "Plans": [{"Node Type": "Nested Loop", "Parent Relationship": "Outer", "Join Type": "Inner", "Startup Cost": 5.04, "Total Cost": 36748.9, "Plan Rows": 9, "Plan Width": 59, "Inner Unique": false, "Join Filter": "(mi_idx.info_type_id = it2.id)", "Plans": [{"Node Type": "Seq Scan", "Parent Relationship": "Outer", "Relation Name": "info_type", "Alias": "it2", "Startup Cost": 0.0, "Total Cost": 2.4, "Plan Rows": 1, "Plan Width": 4, "Filter": "((info)::text = 'votes'::text)"}, {"Node Type": "Nested Loop", "Parent Relationship": "Inner", "Join Type": "Inner", "Startup Cost": 5.04, "Total Cost": 36746.07, "Plan Rows": 34, "Plan Width": 63, "Inner Unique": false, "Plans": [{"Node Type": "Nested Loop", "Parent Relationship": "Outer", "Join Type": "Inner", "Startup Cost": 4.77, "Total Cost": 36651.22, "Plan Rows": 22, "Plan Width": 50, "Inner Unique": false, "Join Filter": "(mi.info_type_id = it1.id)", "Plans": [{"Node Type": "Seq Scan", "Parent Relationship": "Outer", "Relation Name": "info_type", "Alias": "it1", "Startup Cost": 0.0, "Total Cost": 2.4, "Plan Rows": 1, "Plan Width": 4, "Filter": "((info)::text = 'budget'::text)"}, {"Node Type": "Materialize", "Parent Relationship": "Inner", "Startup Cost": 4.77, "Total Cost": 36633.21, "Plan Rows": 1561, "Plan Width": 54, "Plans": [{"Node Type": "Nested Loop", "Parent Relationship": "Outer", "Join Type": "Inner", "Startup Cost": 4.77, "Total Cost": 36629.3, "Plan Rows": 1561, "Plan Width": 54, "Inner Unique": false, "Plans": [{"Node Type": "Nested Loop", "Parent Relationship": "Outer", "Join Type": "Inner", "Startup Cost": 4.39, "Total Cost": 35306.9, "Plan Rows": 294, "Plan Width": 4, "Inner Unique": false, "Plans": [{"Node Type": "Streaming(type: LOCAL GATHER dop: 1/16)", "Parent Relationship": "Outer", "Startup Cost": 0.0, "Total Cost": 22123.07, "Plan Rows": 173, "Plan Width": 4, "Plans": [{"Node Type": "Seq Scan", "Parent Relationship": "Outer", "Relation Name": "name", "Alias": "n", "Startup Cost": 0.0, "Total Cost": 22119.33, "Plan Rows": 173, "Plan Width": 4, "Filter": "(((name)::text ~~ '%Tim%'::text) AND ((gender)::text = 'm'::text))"}]}, {"Node Type": "Bitmap Heap Scan", "Parent Relationship": "Inner", "Relation Name": "cast_info", "Alias": "ci", "Startup Cost": 4.39, "Total Cost": 76.19, "Plan Rows": 2, "Plan Width": 8, "Recheck Cond": "(person_id = n.id)", "Filter": "((note)::text = ANY ('{(producer),\"(executive producer)\"}'::text[]))", "Plans": [{"Node Type": "Bitmap Index Scan", "Parent Relationship": "Outer", "Index Name": "person_id_cast_info", "Startup Cost": 0.0, "Total Cost": 4.38, "Plan Rows": 18, "Plan Width": 0, "Index Cond": "(person_id = n.id)"}]}]}, {"Node Type": "Bitmap Heap Scan", "Parent Relationship": "Inner", "Relation Name": "movie_info", "Alias": "mi", "Startup Cost": 0.39, "Total Cost": 4.45, "Plan Rows": 5, "Plan Width": 50, "Recheck Cond": "(movie_id = ci.movie_id)", "Plans": [{"Node Type": "Bitmap Index Scan", "Parent Relationship": "Outer", "Index Name": "movie_id_movie_info", "Startup Cost": 0.0, "Total Cost": 0.38, "Plan Rows": 5, "Plan Width": 0, "Index Cond": "(movie_id = ci.movie_id)"}]}]}]}]}, {"Node Type": "Bitmap Heap Scan", "Parent Relationship": "Inner", "Relation Name": "movie_info_idx", "Alias": "mi_idx", "Startup Cost": 0.27, "Total Cost": 4.29, "Plan Rows": 2, "Plan Width": 13, "Recheck Cond": "(movie_id = mi.movie_id)", "Plans": [{"Node Type": "Bitmap Index Scan", "Parent Relationship": "Outer", "Index Name": "movie_id_movie_info_idx", "Startup Cost": 0.0, "Total Cost": 0.27, "Plan Rows": 2, "Plan Width": 0, "Index Cond": "(movie_id = mi.movie_id)"}]}]}]}, {"Node Type": "Bitmap Heap Scan", "Parent Relationship": "Inner", "Relation Name": "title", "Alias": "t", "Startup Cost": 0.26, "Total Cost": 4.27, "Plan Rows": 1, "Plan Width": 21, "Recheck Cond": "(id = mi.movie_id)", "Plans": [{"Node Type": "Bitmap Index Scan", "Parent Relationship": "Outer", "Index Name": "title_pkey", "Startup Cost": 0.0, "Total Cost": 0.26, "Plan Rows": 1, "Plan Width": 0, "Index Cond": "(id = mi.movie_id)"}]}]}]}, "Unique SQL Id": 4264520866, "Planner Runtime": 19}, "explain_analyze_plan": {"Plan": {"Node Type": "Aggregate", "Strategy": "Plain", "Startup Cost": 36787.5, "Total Cost": 36787.51, "Plan Rows": 1, "Plan Width": 160, "Actual Min Startup Time": 475.224, "Actual Max Startup Time": 475.224, "Actual Min Total Time": 475.225, "Actual Max Total Time": 475.225, "Plans": [{"Node Type": "Nested Loop", "Parent Relationship": "Outer", "Join Type": "Inner", "Startup Cost": 5.3, "Total Cost": 36787.44, "Plan Rows": 8, "Plan Width": 64, "Actual Min Startup Time": 425.326, "Actual Max Startup Time": 425.326, "Actual Min Total Time": 474.758, "Actual Max Total Time": 474.758, "Inner Unique": true, "Plans": [{"Node Type": "Nested Loop", "Parent Relationship": "Outer", "Join Type": "Inner", "Startup Cost": 5.04, "Total Cost": 36748.9, "Plan Rows": 9, "Plan Width": 59, "Actual Min Startup Time": 425.302, "Actual Max Startup Time": 425.302, "Actual Min Total Time": 470.521, "Actual Max Total Time": 470.521, "Inner Unique": false, "Join Filter": "(mi_idx.info_type_id = it2.id)", "Rows Removed by Join Filter": 825, "Plans": [{"Node Type": "Seq Scan", "Parent Relationship": "Outer", "Relation Name": "info_type", "Alias": "it2", "Startup Cost": 0.0, "Total Cost": 2.4, "Plan Rows": 1, "Plan Width": 4, "Actual Min Startup Time": 0.066, "Actual Max Startup Time": 0.066, "Actual Min Total Time": 0.074, "Actual Max Total Time": 0.074, "Filter": "((info)::text = 'votes'::text)", "Rows Removed by Filter": 111, "Actual Rows": 1}, {"Node Type": "Nested Loop", "Parent Relationship": "Inner", "Join Type": "Inner", "Startup Cost": 5.04, "Total Cost": 36746.07, "Plan Rows": 34, "Plan Width": 63, "Actual Min Startup Time": 425.224, "Actual Max Startup Time": 425.224, "Actual Min Total Time": 468.026, "Actual Max Total Time": 468.026, "Inner Unique": false, "Plans": [{"Node Type": "Nested Loop", "Parent Relationship": "Outer", "Join Type": "Inner", "Startup Cost": 4.77, "Total Cost": 36651.22, "Plan Rows": 22, "Plan Width": 50, "Actual Min Startup Time": 425.066, "Actual Max Startup Time": 425.066, "Actual Min Total Time": 461.217, "Actual Max Total Time": 461.217, "Inner Unique": false, "Join Filter": "(mi.info_type_id = it1.id)", "Rows Removed by Join Filter": 95197, "Plans": [{"Node Type": "Seq Scan", "Parent Relationship": "Outer", "Relation Name": "info_type", "Alias": "it1", "Startup Cost": 0.0, "Total Cost": 2.4, "Plan Rows": 1, "Plan Width": 4, "Actual Min Startup Time": 0.063, "Actual Max Startup Time": 0.063, "Actual Min Total Time": 0.073, "Actual Max Total Time": 0.073, "Filter": "((info)::text = 'budget'::text)", "Rows Removed by Filter": 111, "Actual Rows": 1}, {"Node Type": "Materialize", "Parent Relationship": "Inner", "Startup Cost": 4.77, "Total Cost": 36633.21, "Plan Rows": 1561, "Plan Width": 54, "Actual Min Startup Time": 424.99, "Actual Max Startup Time": 424.99, "Actual Min Total Time": 436.933, "Actual Max Total Time": 436.933, "Plans": [{"Node Type": "Nested Loop", "Parent Relationship": "Outer", "Join Type": "Inner", "Startup Cost": 4.77, "Total Cost": 36629.3, "Plan Rows": 1561, "Plan Width": 54, "Actual Min Startup Time": 21.711, "Actual Max Startup Time": 21.711, "Actual Min Total Time": 398.082, "Actual Max Total Time": 398.082, "Inner Unique": false, "Plans": [{"Node Type": "Nested Loop", "Parent Relationship": "Outer", "Join Type": "Inner", "Startup Cost": 4.39, "Total Cost": 35306.9, "Plan Rows": 294, "Plan Width": 4, "Actual Min Startup Time": 21.681, "Actual Max Startup Time": 21.681, "Actual Min Total Time": 223.32, "Actual Max Total Time": 223.32, "Inner Unique": false, "Plans": [{"Node Type": "Streaming(type: LOCAL GATHER dop: 1/16)", "Parent Relationship": "Outer", "Startup Cost": 0.0, "Total Cost": 22123.07, "Plan Rows": 173, "Plan Width": 4, "Actual Min Startup Time": 21.308, "Actual Max Startup Time": 21.308, "Actual Min Total Time": 74.431, "Actual Max Total Time": 74.431, "Plans": [{"Node Type": "Seq Scan", "Parent Relationship": "Outer", "Relation Name": "name", "Alias": "n", "Startup Cost": 0.0, "Total Cost": 22119.33, "Plan Rows": 173, "Plan Width": 4, "Actual Min Startup Time": 0.034, "Actual Max Startup Time": 0.856, "Actual Min Total Time": 101.868, "Actual Max Total Time": 105.961, "Filter": "(((name)::text ~~ '%Tim%'::text) AND ((gender)::text = 'm'::text))", "Rows Removed by Filter": 4158428, "Actual Rows": 9062}], "Actual Rows": 9062}, {"Node Type": "Bitmap Heap Scan", "Parent Relationship": "Inner", "Relation Name": "cast_info", "Alias": "ci", "Startup Cost": 4.39, "Total Cost": 76.19, "Plan Rows": 2, "Plan Width": 8, "Actual Min Startup Time": 120.205, "Actual Max Startup Time": 120.205, "Actual Min Total Time": 136.373, "Actual Max Total Time": 136.373, "Recheck Cond": "(person_id = n.id)", "Rows Removed by Index Recheck": 0, "Filter": "((note)::text = ANY ('{(producer),\"(executive producer)\"}'::text[]))", "Rows Removed by Filter": 89309, "Exact Heap Blocks": 13336, "Lossy Heap Blocks": 13336, "Plans": [{"Node Type": "Bitmap Index Scan", "Parent Relationship": "Outer", "Index Name": "person_id_cast_info", "Startup Cost": 0.0, "Total Cost": 4.38, "Plan Rows": 18, "Plan Width": 0, "Actual Min Startup Time": 50.638, "Actual Max Startup Time": 50.638, "Actual Min Total Time": 50.638, "Actual Max Total Time": 50.638, "Index Cond": "(person_id = n.id)", "Actual Rows": 96028}], "Actual Rows": 6719}], "Actual Rows": 6719}, {"Node Type": "Bitmap Heap Scan", "Parent Relationship": "Inner", "Relation Name": "movie_info", "Alias": "mi", "Startup Cost": 0.39, "Total Cost": 4.45, "Plan Rows": 5, "Plan Width": 50, "Actual Min Startup Time": 62.715, "Actual Max Startup Time": 62.715, "Actual Min Total Time": 146.56, "Actual Max Total Time": 146.56, "Recheck Cond": "(movie_id = ci.movie_id)", "Rows Removed by Index Recheck": 0, "Exact Heap Blocks": 40013, "Lossy Heap Blocks": 40013, "Plans": [{"Node Type": "Bitmap Index Scan", "Parent Relationship": "Outer", "Index Name": "movie_id_movie_info", "Startup Cost": 0.0, "Total Cost": 0.38, "Plan Rows": 5, "Plan Width": 0, "Actual Min Startup Time": 43.75, "Actual Max Startup Time": 43.75, "Actual Min Total Time": 43.75, "Actual Max Total Time": 43.75, "Index Cond": "(movie_id = ci.movie_id)", "Actual Rows": 95896}], "Actual Rows": 95896}], "Actual Rows": 95896}], "Actual Rows": 95897}], "Actual Rows": 699}, {"Node Type": "Bitmap Heap Scan", "Parent Relationship": "Inner", "Relation Name": "movie_info_idx", "Alias": "mi_idx", "Startup Cost": 0.27, "Total Cost": 4.29, "Plan Rows": 2, "Plan Width": 13, "Actual Min Startup Time": 5.496, "Actual Max Startup Time": 5.496, "Actual Min Total Time": 5.692, "Actual Max Total Time": 5.692, "Recheck Cond": "(movie_id = mi.movie_id)", "Rows Removed by Index Recheck": 0, "Exact Heap Blocks": 419, "Lossy Heap Blocks": 419, "Plans": [{"Node Type": "Bitmap Index Scan", "Parent Relationship": "Outer", "Index Name": "movie_id_movie_info_idx", "Startup Cost": 0.0, "Total Cost": 0.27, "Plan Rows": 2, "Plan Width": 0, "Actual Min Startup Time": 3.946, "Actual Max Startup Time": 3.946, "Actual Min Total Time": 3.946, "Actual Max Total Time": 3.946, "Index Cond": "(movie_id = mi.movie_id)", "Actual Rows": 1235}], "Actual Rows": 1235}], "Actual Rows": 1235}], "Actual Rows": 410}, {"Node Type": "Bitmap Heap Scan", "Parent Relationship": "Inner", "Relation Name": "title", "Alias": "t", "Startup Cost": 0.26, "Total Cost": 4.27, "Plan Rows": 1, "Plan Width": 21, "Actual Min Startup Time": 3.641, "Actual Max Startup Time": 3.641, "Actual Min Total Time": 3.641, "Actual Max Total Time": 3.641, "Recheck Cond": "(id = mi.movie_id)", "Rows Removed by Index Recheck": 0, "Exact Heap Blocks": 410, "Lossy Heap Blocks": 410, "Plans": [{"Node Type": "Bitmap Index Scan", "Parent Relationship": "Outer", "Index Name": "title_pkey", "Startup Cost": 0.0, "Total Cost": 0.26, "Plan Rows": 1, "Plan Width": 0, "Actual Min Startup Time": 2.266, "Actual Max Startup Time": 2.266, "Actual Min Total Time": 2.266, "Actual Max Total Time": 2.266, "Index Cond": "(id = mi.movie_id)", "Actual Rows": 410}], "Actual Rows": 410}], "Actual Rows": 410}], "Actual Rows": 1}, "Triggers": [], "Planner Runtime": 32.602, "Total Runtime": 478.313, "Unique SQL Id": 4264520866}}, "(16, '55')": {"explain_plan": {"Plan": {"Node Type": "Aggregate", "Strategy": "Plain", "Startup Cost": 211886.13, "Total Cost": 211886.14, "Plan Rows": 1, "Plan Width": 160, "Plans": [{"Node Type": "Nested Loop", "Parent Relationship": "Outer", "Join Type": "Inner", "Startup Cost": 83172.11, "Total Cost": 211886.07, "Plan Rows": 8, "Plan Width": 64, "Inner Unique": true, "Plans": [{"Node Type": "Nested Loop", "Parent Relationship": "Outer", "Join Type": "Inner", "Startup Cost": 83171.85, "Total Cost": 211847.52, "Plan Rows": 9, "Plan Width": 59, "Inner Unique": true, "Plans": [{"Node Type": "Nested Loop", "Parent Relationship": "Outer", "Join Type": "Inner", "Startup Cost": 83171.59, "Total Cost": 211701.91, "Plan Rows": 34, "Plan Width": 63, "Inner Unique": false, "Plans": [{"Node Type": "Nested Loop", "Parent Relationship": "Outer", "Join Type": "Inner", "Startup Cost": 83171.32, "Total Cost": 211607.05, "Plan Rows": 22, "Plan Width": 50, "Inner Unique": false, "Join Filter": "(mi.info_type_id = it1.id)", "Plans": [{"Node Type": "Bitmap Heap Scan", "Parent Relationship": "Outer", "Relation Name": "info_type", "Alias": "it1", "Startup Cost": 8.81, "Total Cost": 14.21, "Plan Rows": 1, "Plan Width": 4, "Filter": "((info)::text = 'budget'::text)", "Plans": [{"Node Type": "Bitmap Index Scan", "Parent Relationship": "Outer", "Index Name": "info_type_pkey", "Startup Cost": 0.0, "Total Cost": 8.81, "Plan Rows": 112, "Plan Width": 0}]}, {"Node Type": "Nested Loop", "Parent Relationship": "Inner", "Join Type": "Inner", "Startup Cost": 83162.51, "Total Cost": 211573.33, "Plan Rows": 1561, "Plan Width": 54, "Inner Unique": false, "Plans": [{"Node Type": "Nested Loop", "Parent Relationship": "Outer", "Join Type": "Inner", "Startup Cost": 83162.13, "Total Cost": 210250.93, "Plan Rows": 294, "Plan Width": 4, "Inner Unique": false, "Plans": [{"Node Type": "Bitmap Heap Scan", "Parent Relationship": "Outer", "Relation Name": "name", "Alias": "n", "Startup Cost": 83157.74, "Total Cost": 197067.09, "Plan Rows": 173, "Plan Width": 4, "Filter": "(((name)::text ~~ '%Tim%'::text) AND ((gender)::text = 'm'::text))", "Plans": [{"Node Type": "Bitmap Index Scan", "Parent Relationship": "Outer", "Index Name": "name_pkey", "Startup Cost": 0.0, "Total Cost": 83157.7, "Plan Rows": 4167490, "Plan Width": 0}]}, {"Node Type": "Bitmap Heap Scan", "Parent Relationship": "Inner", "Relation Name": "cast_info", "Alias": "ci", "Startup Cost": 4.39, "Total Cost": 76.19, "Plan Rows": 2, "Plan Width": 8, "Recheck Cond": "(person_id = n.id)", "Filter": "((note)::text = ANY ('{(producer),\"(executive producer)\"}'::text[]))", "Plans": [{"Node Type": "Bitmap Index Scan", "Parent Relationship": "Outer", "Index Name": "person_id_cast_info", "Startup Cost": 0.0, "Total Cost": 4.38, "Plan Rows": 18, "Plan Width": 0, "Index Cond": "(person_id = n.id)"}]}]}, {"Node Type": "Bitmap Heap Scan", "Parent Relationship": "Inner", "Relation Name": "movie_info", "Alias": "mi", "Startup Cost": 0.39, "Total Cost": 4.45, "Plan Rows": 5, "Plan Width": 50, "Recheck Cond": "(movie_id = ci.movie_id)", "Plans": [{"Node Type": "Bitmap Index Scan", "Parent Relationship": "Outer", "Index Name": "movie_id_movie_info", "Startup Cost": 0.0, "Total Cost": 0.38, "Plan Rows": 5, "Plan Width": 0, "Index Cond": "(movie_id = ci.movie_id)"}]}]}]}, {"Node Type": "Bitmap Heap Scan", "Parent Relationship": "Inner", "Relation Name": "movie_info_idx", "Alias": "mi_idx", "Startup Cost": 0.27, "Total Cost": 4.29, "Plan Rows": 2, "Plan Width": 13, "Recheck Cond": "(movie_id = mi.movie_id)", "Plans": [{"Node Type": "Bitmap Index Scan", "Parent Relationship": "Outer", "Index Name": "movie_id_movie_info_idx", "Startup Cost": 0.0, "Total Cost": 0.27, "Plan Rows": 2, "Plan Width": 0, "Index Cond": "(movie_id = mi.movie_id)"}]}]}, {"Node Type": "Bitmap Heap Scan", "Parent Relationship": "Inner", "Relation Name": "info_type", "Alias": "it2", "Startup Cost": 0.26, "Total Cost": 4.27, "Plan Rows": 1, "Plan Width": 4, "Recheck Cond": "(id = mi_idx.info_type_id)", "Filter": "((info)::text = 'votes'::text)", "Plans": [{"Node Type": "Bitmap Index Scan", "Parent Relationship": "Outer", "Index Name": "info_type_pkey", "Startup Cost": 0.0, "Total Cost": 0.26, "Plan Rows": 1, "Plan Width": 0, "Index Cond": "(id = mi_idx.info_type_id)"}]}]}, {"Node Type": "Bitmap Heap Scan", "Parent Relationship": "Inner", "Relation Name": "title", "Alias": "t", "Startup Cost": 0.26, "Total Cost": 4.27, "Plan Rows": 1, "Plan Width": 21, "Recheck Cond": "(id = mi.movie_id)", "Plans": [{"Node Type": "Bitmap Index Scan", "Parent Relationship": "Outer", "Index Name": "title_pkey", "Startup Cost": 0.0, "Total Cost": 0.26, "Plan Rows": 1, "Plan Width": 0, "Index Cond": "(id = mi.movie_id)"}]}]}]}, "Unique SQL Id": 4264520866, "Planner Runtime": 7}, "explain_analyze_plan": null}, "(16, '56')": {"explain_plan": {"Plan": {"Node Type": "Aggregate", "Strategy": "Plain", "Startup Cost": 29717.13, "Total Cost": 29717.14, "Plan Rows": 1, "Plan Width": 160, "Plans": [{"Node Type": "Nested Loop", "Parent Relationship": "Outer", "Join Type": "Inner", "Startup Cost": 0.0, "Total Cost": 29717.07, "Plan Rows": 8, "Plan Width": 64, "Inner Unique": true, "Plans": [{"Node Type": "Nested Loop", "Parent Relationship": "Outer", "Join Type": "Inner", "Startup Cost": 0.0, "Total Cost": 29714.44, "Plan Rows": 9, "Plan Width": 59, "Inner Unique": false, "Join Filter": "(mi.info_type_id = it1.id)", "Plans": [{"Node Type": "Seq Scan", "Parent Relationship": "Outer", "Relation Name": "info_type", "Alias": "it1", "Startup Cost": 0.0, "Total Cost": 2.4, "Plan Rows": 1, "Plan Width": 4, "Filter": "((info)::text = 'budget'::text)"}, {"Node Type": "Nested Loop", "Parent Relationship": "Inner", "Join Type": "Inner", "Startup Cost": 0.0, "Total Cost": 29708.55, "Plan Rows": 279, "Plan Width": 63, "Inner Unique": false, "Join Filter": "(mi_idx.movie_id = mi.movie_id)", "Plans": [{"Node Type": "Nested Loop", "Parent Relationship": "Outer", "Join Type": "Inner", "Startup Cost": 0.0, "Total Cost": 29668.95, "Plan Rows": 52, "Plan Width": 13, "Inner Unique": false, "Join Filter": "(mi_idx.info_type_id = it2.id)", "Plans": [{"Node Type": "Seq Scan", "Parent Relationship": "Outer", "Relation Name": "info_type", "Alias": "it2", "Startup Cost": 0.0, "Total Cost": 2.4, "Plan Rows": 1, "Plan Width": 4, "Filter": "((info)::text = 'votes'::text)"}, {"Node Type": "Materialize", "Parent Relationship": "Inner", "Startup Cost": 0.0, "Total Cost": 29663.09, "Plan Rows": 346, "Plan Width": 17, "Plans": [{"Node Type": "Nested Loop", "Parent Relationship": "Outer", "Join Type": "Inner", "Startup Cost": 0.0, "Total Cost": 29662.23, "Plan Rows": 346, "Plan Width": 17, "Inner Unique": false, "Plans": [{"Node Type": "Nested Loop", "Parent Relationship": "Outer", "Join Type": "Inner", "Startup Cost": 0.0, "Total Cost": 29565.43, "Plan Rows": 294, "Plan Width": 4, "Inner Unique": false, "Plans": [{"Node Type": "Streaming(type: LOCAL GATHER dop: 1/16)", "Parent Relationship": "Outer", "Startup Cost": 0.0, "Total Cost": 22123.07, "Plan Rows": 173, "Plan Width": 4, "Plans": [{"Node Type": "Seq Scan", "Parent Relationship": "Outer", "Relation Name": "name", "Alias": "n", "Startup Cost": 0.0, "Total Cost": 22119.33, "Plan Rows": 173, "Plan Width": 4, "Filter": "(((name)::text ~~ '%Tim%'::text) AND ((gender)::text = 'm'::text))"}]}, {"Node Type": "Index Scan", "Parent Relationship": "Inner", "Scan Direction": "Forward", "Index Name": "person_id_cast_info", "Relation Name": "cast_info", "Alias": "ci", "Startup Cost": 0.0, "Total Cost": 43.0, "Plan Rows": 2, "Plan Width": 8, "Index Cond": "(person_id = n.id)", "Filter": "((note)::text = ANY ('{(producer),\"(executive producer)\"}'::text[]))"}]}, {"Node Type": "Index Scan", "Parent Relationship": "Inner", "Scan Direction": "Forward", "Index Name": "movie_id_movie_info_idx", "Relation Name": "movie_info_idx", "Alias": "mi_idx", "Startup Cost": 0.0, "Total Cost": 0.31, "Plan Rows": 2, "Plan Width": 13, "Index Cond": "(movie_id = ci.movie_id)"}]}]}]}, {"Node Type": "Index Scan", "Parent Relationship": "Inner", "Scan Direction": "Forward", "Index Name": "movie_id_movie_info", "Relation Name": "movie_info", "Alias": "mi", "Startup Cost": 0.0, "Total Cost": 0.7, "Plan Rows": 5, "Plan Width": 50, "Index Cond": "(movie_id = ci.movie_id)"}]}]}, {"Node Type": "Index Scan", "Parent Relationship": "Inner", "Scan Direction": "Forward", "Index Name": "title_pkey", "Relation Name": "title", "Alias": "t", "Startup Cost": 0.0, "Total Cost": 0.28, "Plan Rows": 1, "Plan Width": 21, "Index Cond": "(id = mi.movie_id)"}]}]}, "Unique SQL Id": 4264520866, "Planner Runtime": 8}, "explain_analyze_plan": {"Plan": {"Node Type": "Aggregate", "Strategy": "Plain", "Startup Cost": 29717.13, "Total Cost": 29717.14, "Plan Rows": 1, "Plan Width": 160, "Actual Min Startup Time": 380.581, "Actual Max Startup Time": 380.581, "Actual Min Total Time": 380.581, "Actual Max Total Time": 380.581, "Plans": [{"Node Type": "Nested Loop", "Parent Relationship": "Outer", "Join Type": "Inner", "Startup Cost": 0.0, "Total Cost": 29717.07, "Plan Rows": 8, "Plan Width": 64, "Actual Min Startup Time": 239.3, "Actual Max Startup Time": 239.3, "Actual Min Total Time": 380.104, "Actual Max Total Time": 380.104, "Inner Unique": true, "Plans": [{"Node Type": "Nested Loop", "Parent Relationship": "Outer", "Join Type": "Inner", "Startup Cost": 0.0, "Total Cost": 29714.44, "Plan Rows": 9, "Plan Width": 59, "Actual Min Startup Time": 239.285, "Actual Max Startup Time": 239.285, "Actual Min Total Time": 376.468, "Actual Max Total Time": 376.468, "Inner Unique": false, "Join Filter": "(mi.info_type_id = it1.id)", "Rows Removed by Join Filter": 81998, "Plans": [{"Node Type": "Seq Scan", "Parent Relationship": "Outer", "Relation Name": "info_type", "Alias": "it1", "Startup Cost": 0.0, "Total Cost": 2.4, "Plan Rows": 1, "Plan Width": 4, "Actual Min Startup Time": 0.071, "Actual Max Startup Time": 0.071, "Actual Min Total Time": 0.081, "Actual Max Total Time": 0.081, "Filter": "((info)::text = 'budget'::text)", "Rows Removed by Filter": 111, "Actual Rows": 1}, {"Node Type": "Nested Loop", "Parent Relationship": "Inner", "Join Type": "Inner", "Startup Cost": 0.0, "Total Cost": 29708.55, "Plan Rows": 279, "Plan Width": 63, "Actual Min Startup Time": 239.058, "Actual Max Startup Time": 239.058, "Actual Min Total Time": 360.557, "Actual Max Total Time": 360.557, "Inner Unique": false, "Join Filter": "(mi_idx.movie_id = mi.movie_id)", "Rows Removed by Join Filter": 0, "Plans": [{"Node Type": "Nested Loop", "Parent Relationship": "Outer", "Join Type": "Inner", "Startup Cost": 0.0, "Total Cost": 29668.95, "Plan Rows": 52, "Plan Width": 13, "Actual Min Startup Time": 239.037, "Actual Max Startup Time": 239.037, "Actual Min Total Time": 243.136, "Actual Max Total Time": 243.136, "Inner Unique": false, "Join Filter": "(mi_idx.info_type_id = it2.id)", "Rows Removed by Join Filter": 6875, "Plans": [{"Node Type": "Seq Scan", "Parent Relationship": "Outer", "Relation Name": "info_type", "Alias": "it2", "Startup Cost": 0.0, "Total Cost": 2.4, "Plan Rows": 1, "Plan Width": 4, "Actual Min Startup Time": 0.058, "Actual Max Startup Time": 0.058, "Actual Min Total Time": 0.071, "Actual Max Total Time": 0.071, "Filter": "((info)::text = 'votes'::text)", "Rows Removed by Filter": 111, "Actual Rows": 1}, {"Node Type": "Materialize", "Parent Relationship": "Inner", "Startup Cost": 0.0, "Total Cost": 29663.09, "Plan Rows": 346, "Plan Width": 17, "Actual Min Startup Time": 238.967, "Actual Max Startup Time": 238.967, "Actual Min Total Time": 240.186, "Actual Max Total Time": 240.186, "Plans": [{"Node Type": "Nested Loop", "Parent Relationship": "Outer", "Join Type": "Inner", "Startup Cost": 0.0, "Total Cost": 29662.23, "Plan Rows": 346, "Plan Width": 17, "Actual Min Startup Time": 21.265, "Actual Max Startup Time": 21.265, "Actual Min Total Time": 235.822, "Actual Max Total Time": 235.822, "Inner Unique": false, "Plans": [{"Node Type": "Nested Loop", "Parent Relationship": "Outer", "Join Type": "Inner", "Startup Cost": 0.0, "Total Cost": 29565.43, "Plan Rows": 294, "Plan Width": 4, "Actual Min Startup Time": 21.058, "Actual Max Startup Time": 21.058, "Actual Min Total Time": 199.008, "Actual Max Total Time": 199.008, "Inner Unique": false, "Plans": [{"Node Type": "Streaming(type: LOCAL GATHER dop: 1/16)", "Parent Relationship": "Outer", "Startup Cost": 0.0, "Total Cost": 22123.07, "Plan Rows": 173, "Plan Width": 4, "Actual Min Startup Time": 20.996, "Actual Max Startup Time": 20.996, "Actual Min Total Time": 69.146, "Actual Max Total Time": 69.146, "Plans": [{"Node Type": "Seq Scan", "Parent Relationship": "Outer", "Relation Name": "name", "Alias": "n", "Startup Cost": 0.0, "Total Cost": 22119.33, "Plan Rows": 173, "Plan Width": 4, "Actual Min Startup Time": 0.028, "Actual Max Startup Time": 0.846, "Actual Min Total Time": 102.03, "Actual Max Total Time": 106.093, "Filter": "(((name)::text ~~ '%Tim%'::text) AND ((gender)::text = 'm'::text))", "Rows Removed by Filter": 4158428, "Actual Rows": 9062}], "Actual Rows": 9062}, {"Node Type": "Index Scan", "Parent Relationship": "Inner", "Scan Direction": "Forward", "Index Name": "person_id_cast_info", "Relation Name": "cast_info", "Alias": "ci", "Startup Cost": 0.0, "Total Cost": 43.0, "Plan Rows": 2, "Plan Width": 8, "Actual Min Startup Time": 104.539, "Actual Max Startup Time": 104.539, "Actual Min Total Time": 123.691, "Actual Max Total Time": 123.691, "Index Cond": "(person_id = n.id)", "Rows Removed by Index Recheck": 0, "Filter": "((note)::text = ANY ('{(producer),\"(executive producer)\"}'::text[]))", "Rows Removed by Filter": 89309, "Actual Rows": 6719}], "Actual Rows": 6719}, {"Node Type": "Index Scan", "Parent Relationship": "Inner", "Scan Direction": "Forward", "Index Name": "movie_id_movie_info_idx", "Relation Name": "movie_info_idx", "Alias": "mi_idx", "Startup Cost": 0.0, "Total Cost": 0.31, "Plan Rows": 2, "Plan Width": 13, "Actual Min Startup Time": 27.075, "Actual Max Startup Time": 27.075, "Actual Min Total Time": 31.011, "Actual Max Total Time": 31.011, "Index Cond": "(movie_id = ci.movie_id)", "Rows Removed by Index Recheck": 0, "Actual Rows": 10310}], "Actual Rows": 10310}], "Actual Rows": 10311}], "Actual Rows": 3435}, {"Node Type": "Index Scan", "Parent Relationship": "Inner", "Scan Direction": "Forward", "Index Name": "movie_id_movie_info", "Relation Name": "movie_info", "Alias": "mi", "Startup Cost": 0.0, "Total Cost": 0.7, "Plan Rows": 5, "Plan Width": 50, "Actual Min Startup Time": 21.932, "Actual Max Startup Time": 21.932, "Actual Min Total Time": 87.857, "Actual Max Total Time": 87.857, "Index Cond": "(movie_id = ci.movie_id)", "Rows Removed by Index Recheck": 0, "Actual Rows": 82408}], "Actual Rows": 82408}], "Actual Rows": 410}, {"Node Type": "Index Scan", "Parent Relationship": "Inner", "Scan Direction": "Forward", "Index Name": "title_pkey", "Relation Name": "title", "Alias": "t", "Startup Cost": 0.0, "Total Cost": 0.28, "Plan Rows": 1, "Plan Width": 21, "Actual Min Startup Time": 3.282, "Actual Max Startup Time": 3.282, "Actual Min Total Time": 3.282, "Actual Max Total Time": 3.282, "Index Cond": "(id = mi.movie_id)", "Rows Removed by Index Recheck": 0, "Actual Rows": 410}], "Actual Rows": 410}], "Actual Rows": 1}, "Triggers": [], "Planner Runtime": 8.808, "Total Runtime": 383.147, "Unique SQL Id": 4264520866}}, "(16, '57')": {"explain_plan": {"Plan": {"Node Type": "Aggregate", "Strategy": "Plain", "Startup Cost": 161086.28, "Total Cost": 161086.29, "Plan Rows": 1, "Plan Width": 160, "Plans": [{"Node Type": "Nested Loop", "Parent Relationship": "Outer", "Join Type": "Inner", "Startup Cost": 0.0, "Total Cost": 161086.22, "Plan Rows": 8, "Plan Width": 64, "Inner Unique": true, "Plans": [{"Node Type": "Nested Loop", "Parent Relationship": "Outer", "Join Type": "Inner", "Startup Cost": 0.0, "Total Cost": 161083.6, "Plan Rows": 9, "Plan Width": 59, "Inner Unique": false, "Join Filter": "(mi.info_type_id = it1.id)", "Plans": [{"Node Type": "Index Scan", "Parent Relationship": "Outer", "Scan Direction": "Forward", "Index Name": "info_type_pkey", "Relation Name": "info_type", "Alias": "it1", "Startup Cost": 0.0, "Total Cost": 14.21, "Plan Rows": 1, "Plan Width": 4, "Filter": "((info)::text = 'budget'::text)"}, {"Node Type": "Nested Loop", "Parent Relationship": "Inner", "Join Type": "Inner", "Startup Cost": 0.0, "Total Cost": 161065.9, "Plan Rows": 279, "Plan Width": 63, "Inner Unique": false, "Join Filter": "(mi_idx.movie_id = mi.movie_id)", "Plans": [{"Node Type": "Nested Loop", "Parent Relationship": "Outer", "Join Type": "Inner", "Startup Cost": 0.0, "Total Cost": 161026.3, "Plan Rows": 52, "Plan Width": 13, "Inner Unique": false, "Join Filter": "(mi_idx.info_type_id = it2.id)", "Plans": [{"Node Type": "Index Scan", "Parent Relationship": "Outer", "Scan Direction": "Forward", "Index Name": "info_type_pkey", "Relation Name": "info_type", "Alias": "it2", "Startup Cost": 0.0, "Total Cost": 14.21, "Plan Rows": 1, "Plan Width": 4, "Filter": "((info)::text = 'votes'::text)"}, {"Node Type": "Materialize", "Parent Relationship": "Inner", "Startup Cost": 0.0, "Total Cost": 161008.63, "Plan Rows": 346, "Plan Width": 17, "Plans": [{"Node Type": "Nested Loop", "Parent Relationship": "Outer", "Join Type": "Inner", "Startup Cost": 0.0, "Total Cost": 161007.76, "Plan Rows": 346, "Plan Width": 17, "Inner Unique": false, "Plans": [{"Node Type": "Nested Loop", "Parent Relationship": "Outer", "Join Type": "Inner", "Startup Cost": 0.0, "Total Cost": 160910.97, "Plan Rows": 294, "Plan Width": 4, "Inner Unique": false, "Plans": [{"Node Type": "Streaming(type: LOCAL GATHER dop: 1/16)", "Parent Relationship": "Outer", "Startup Cost": 0.0, "Total Cost": 153468.6, "Plan Rows": 173, "Plan Width": 4, "Plans": [{"Node Type": "Index Scan", "Parent Relationship": "Outer", "Scan Direction": "Forward", "Index Name": "name_pkey", "Relation Name": "name", "Alias": "n", "Startup Cost": 0.0, "Total Cost": 153464.87, "Plan Rows": 173, "Plan Width": 4, "Filter": "(((name)::text ~~ '%Tim%'::text) AND ((gender)::text = 'm'::text))"}]}, {"Node Type": "Index Scan", "Parent Relationship": "Inner", "Scan Direction": "Forward", "Index Name": "person_id_cast_info", "Relation Name": "cast_info", "Alias": "ci", "Startup Cost": 0.0, "Total Cost": 43.0, "Plan Rows": 2, "Plan Width": 8, "Index Cond": "(person_id = n.id)", "Filter": "((note)::text = ANY ('{(producer),\"(executive producer)\"}'::text[]))"}]}, {"Node Type": "Index Scan", "Parent Relationship": "Inner", "Scan Direction": "Forward", "Index Name": "movie_id_movie_info_idx", "Relation Name": "movie_info_idx", "Alias": "mi_idx", "Startup Cost": 0.0, "Total Cost": 0.31, "Plan Rows": 2, "Plan Width": 13, "Index Cond": "(movie_id = ci.movie_id)"}]}]}]}, {"Node Type": "Index Scan", "Parent Relationship": "Inner", "Scan Direction": "Forward", "Index Name": "movie_id_movie_info", "Relation Name": "movie_info", "Alias": "mi", "Startup Cost": 0.0, "Total Cost": 0.7, "Plan Rows": 5, "Plan Width": 50, "Index Cond": "(movie_id = ci.movie_id)"}]}]}, {"Node Type": "Index Scan", "Parent Relationship": "Inner", "Scan Direction": "Forward", "Index Name": "title_pkey", "Relation Name": "title", "Alias": "t", "Startup Cost": 0.0, "Total Cost": 0.28, "Plan Rows": 1, "Plan Width": 21, "Index Cond": "(id = mi.movie_id)"}]}]}, "Unique SQL Id": 4264520866, "Planner Runtime": 7}, "explain_analyze_plan": {"Plan": {"Node Type": "Aggregate", "Strategy": "Plain", "Startup Cost": 161086.28, "Total Cost": 161086.29, "Plan Rows": 1, "Plan Width": 160, "Actual Min Startup Time": 480.471, "Actual Max Startup Time": 480.471, "Actual Min Total Time": 480.471, "Actual Max Total Time": 480.471, "Plans": [{"Node Type": "Nested Loop", "Parent Relationship": "Outer", "Join Type": "Inner", "Startup Cost": 0.0, "Total Cost": 161086.22, "Plan Rows": 8, "Plan Width": 64, "Actual Min Startup Time": 339.278, "Actual Max Startup Time": 339.278, "Actual Min Total Time": 479.984, "Actual Max Total Time": 479.984, "Inner Unique": true, "Plans": [{"Node Type": "Nested Loop", "Parent Relationship": "Outer", "Join Type": "Inner", "Startup Cost": 0.0, "Total Cost": 161083.6, "Plan Rows": 9, "Plan Width": 59, "Actual Min Startup Time": 339.26, "Actual Max Startup Time": 339.26, "Actual Min Total Time": 476.32, "Actual Max Total Time": 476.32, "Inner Unique": false, "Join Filter": "(mi.info_type_id = it1.id)", "Rows Removed by Join Filter": 81998, "Plans": [{"Node Type": "Index Scan", "Parent Relationship": "Outer", "Scan Direction": "Forward", "Index Name": "info_type_pkey", "Relation Name": "info_type", "Alias": "it1", "Startup Cost": 0.0, "Total Cost": 14.21, "Plan Rows": 1, "Plan Width": 4, "Actual Min Startup Time": 0.089, "Actual Max Startup Time": 0.089, "Actual Min Total Time": 0.095, "Actual Max Total Time": 0.095, "Filter": "((info)::text = 'budget'::text)", "Rows Removed by Filter": 111, "Actual Rows": 1}, {"Node Type": "Nested Loop", "Parent Relationship": "Inner", "Join Type": "Inner", "Startup Cost": 0.0, "Total Cost": 161065.9, "Plan Rows": 279, "Plan Width": 63, "Actual Min Startup Time": 339.147, "Actual Max Startup Time": 339.147, "Actual Min Total Time": 460.325, "Actual Max Total Time": 460.325, "Inner Unique": false, "Join Filter": "(mi_idx.movie_id = mi.movie_id)", "Rows Removed by Join Filter": 0, "Plans": [{"Node Type": "Nested Loop", "Parent Relationship": "Outer", "Join Type": "Inner", "Startup Cost": 0.0, "Total Cost": 161026.3, "Plan Rows": 52, "Plan Width": 13, "Actual Min Startup Time": 339.123, "Actual Max Startup Time": 339.123, "Actual Min Total Time": 343.21, "Actual Max Total Time": 343.21, "Inner Unique": false, "Join Filter": "(mi_idx.info_type_id = it2.id)", "Rows Removed by Join Filter": 6875, "Plans": [{"Node Type": "Index Scan", "Parent Relationship": "Outer", "Scan Direction": "Forward", "Index Name": "info_type_pkey", "Relation Name": "info_type", "Alias": "it2", "Startup Cost": 0.0, "Total Cost": 14.21, "Plan Rows": 1, "Plan Width": 4, "Actual Min Startup Time": 0.072, "Actual Max Startup Time": 0.072, "Actual Min Total Time": 0.083, "Actual Max Total Time": 0.083, "Filter": "((info)::text = 'votes'::text)", "Rows Removed by Filter": 111, "Actual Rows": 1}, {"Node Type": "Materialize", "Parent Relationship": "Inner", "Startup Cost": 0.0, "Total Cost": 161008.63, "Plan Rows": 346, "Plan Width": 17, "Actual Min Startup Time": 339.037, "Actual Max Startup Time": 339.037, "Actual Min Total Time": 340.214, "Actual Max Total Time": 340.214, "Plans": [{"Node Type": "Nested Loop", "Parent Relationship": "Outer", "Join Type": "Inner", "Startup Cost": 0.0, "Total Cost": 161007.76, "Plan Rows": 346, "Plan Width": 17, "Actual Min Startup Time": 72.66, "Actual Max Startup Time": 72.66, "Actual Min Total Time": 335.949, "Actual Max Total Time": 335.949, "Inner Unique": false, "Plans": [{"Node Type": "Nested Loop", "Parent Relationship": "Outer", "Join Type": "Inner", "Startup Cost": 0.0, "Total Cost": 160910.97, "Plan Rows": 294, "Plan Width": 4, "Actual Min Startup Time": 72.633, "Actual Max Startup Time": 72.633, "Actual Min Total Time": 298.788, "Actual Max Total Time": 298.788, "Inner Unique": false, "Plans": [{"Node Type": "Streaming(type: LOCAL GATHER dop: 1/16)", "Parent Relationship": "Outer", "Startup Cost": 0.0, "Total Cost": 153468.6, "Plan Rows": 173, "Plan Width": 4, "Actual Min Startup Time": 72.488, "Actual Max Startup Time": 72.488, "Actual Min Total Time": 169.446, "Actual Max Total Time": 169.446, "Plans": [{"Node Type": "Index Scan", "Parent Relationship": "Outer", "Scan Direction": "Forward", "Index Name": "name_pkey", "Relation Name": "name", "Alias": "n", "Startup Cost": 0.0, "Total Cost": 153464.87, "Plan Rows": 173, "Plan Width": 4, "Actual Min Startup Time": 40.705, "Actual Max Startup Time": 299.35, "Actual Min Total Time": 270.732, "Actual Max Total Time": 307.55, "Filter": "(((name)::text ~~ '%Tim%'::text) AND ((gender)::text = 'm'::text))", "Rows Removed by Filter": 4158428, "Actual Rows": 9062}], "Actual Rows": 9062}, {"Node Type": "Index Scan", "Parent Relationship": "Inner", "Scan Direction": "Forward", "Index Name": "person_id_cast_info", "Relation Name": "cast_info", "Alias": "ci", "Startup Cost": 0.0, "Total Cost": 43.0, "Plan Rows": 2, "Plan Width": 8, "Actual Min Startup Time": 104.072, "Actual Max Startup Time": 104.072, "Actual Min Total Time": 123.227, "Actual Max Total Time": 123.227, "Index Cond": "(person_id = n.id)", "Rows Removed by Index Recheck": 0, "Filter": "((note)::text = ANY ('{(producer),\"(executive producer)\"}'::text[]))", "Rows Removed by Filter": 89309, "Actual Rows": 6719}], "Actual Rows": 6719}, {"Node Type": "Index Scan", "Parent Relationship": "Inner", "Scan Direction": "Forward", "Index Name": "movie_id_movie_info_idx", "Relation Name": "movie_info_idx", "Alias": "mi_idx", "Startup Cost": 0.0, "Total Cost": 0.31, "Plan Rows": 2, "Plan Width": 13, "Actual Min Startup Time": 27.532, "Actual Max Startup Time": 27.532, "Actual Min Total Time": 31.538, "Actual Max Total Time": 31.538, "Index Cond": "(movie_id = ci.movie_id)", "Rows Removed by Index Recheck": 0, "Actual Rows": 10310}], "Actual Rows": 10310}], "Actual Rows": 10311}], "Actual Rows": 3435}, {"Node Type": "Index Scan", "Parent Relationship": "Inner", "Scan Direction": "Forward", "Index Name": "movie_id_movie_info", "Relation Name": "movie_info", "Alias": "mi", "Startup Cost": 0.0, "Total Cost": 0.7, "Plan Rows": 5, "Plan Width": 50, "Actual Min Startup Time": 21.858, "Actual Max Startup Time": 21.858, "Actual Min Total Time": 87.885, "Actual Max Total Time": 87.885, "Index Cond": "(movie_id = ci.movie_id)", "Rows Removed by Index Recheck": 0, "Actual Rows": 82408}], "Actual Rows": 82408}], "Actual Rows": 410}, {"Node Type": "Index Scan", "Parent Relationship": "Inner", "Scan Direction": "Forward", "Index Name": "title_pkey", "Relation Name": "title", "Alias": "t", "Startup Cost": 0.0, "Total Cost": 0.28, "Plan Rows": 1, "Plan Width": 21, "Actual Min Startup Time": 3.295, "Actual Max Startup Time": 3.295, "Actual Min Total Time": 3.295, "Actual Max Total Time": 3.295, "Index Cond": "(id = mi.movie_id)", "Rows Removed by Index Recheck": 0, "Actual Rows": 410}], "Actual Rows": 410}], "Actual Rows": 1}, "Triggers": [], "Planner Runtime": 8.185, "Total Runtime": 483.071, "Unique SQL Id": 4264520866}}, "(16, '58')": {"explain_plan": {"Plan": {"Node Type": "Aggregate", "Strategy": "Plain", "Startup Cost": 346150.4, "Total Cost": 346150.43, "Plan Rows": 1, "Plan Width": 160, "Plans": [{"Node Type": "Streaming(type: LOCAL GATHER dop: 1/16)", "Parent Relationship": "Outer", "Startup Cost": 346150.4, "Total Cost": 346150.43, "Plan Rows": 1, "Plan Width": 160, "Plans": [{"Node Type": "Aggregate", "Strategy": "Plain", "Parent Relationship": "Outer", "Startup Cost": 346150.4, "Total Cost": 346150.41, "Plan Rows": 1, "Plan Width": 160, "Plans": [{"Node Type": "Nested Loop", "Parent Relationship": "Outer", "Join Type": "Inner", "Startup Cost": 0.0, "Total Cost": 346150.34, "Plan Rows": 8, "Plan Width": 64, "Inner Unique": false, "Join Filter": "(mi.movie_id = t.id)", "Plans": [{"Node Type": "Seq Scan", "Parent Relationship": "Outer", "Relation Name": "title", "Alias": "t", "Startup Cost": 0.0, "Total Cost": 18754.32, "Plan Rows": 2528311, "Plan Width": 21}, {"Node Type": "Materialize", "Parent Relationship": "Inner", "Startup Cost": 0.0, "Total Cost": 306063.41, "Plan Rows": 144, "Plan Width": 59, "Plans": [{"Node Type": "Streaming(type: BROADCAST dop: 16/1)", "Parent Relationship": "Outer", "Startup Cost": 0.0, "Total Cost": 306063.37, "Plan Rows": 144, "Plan Width": 59, "Plans": [{"Node Type": "Nested Loop", "Parent Relationship": "Outer", "Join Type": "Inner", "Startup Cost": 0.0, "Total Cost": 291060.26, "Plan Rows": 9, "Plan Width": 59, "Inner Unique": false, "Join Filter": "(mi_idx.info_type_id = it2.id)", "Plans": [{"Node Type": "Seq Scan", "Parent Relationship": "Outer", "Relation Name": "info_type", "Alias": "it2", "Startup Cost": 0.0, "Total Cost": 2.4, "Plan Rows": 1, "Plan Width": 4, "Filter": "((info)::text = 'votes'::text)"}, {"Node Type": "Materialize", "Parent Relationship": "Inner", "Startup Cost": 0.0, "Total Cost": 291057.52, "Plan Rows": 34, "Plan Width": 63, "Plans": [{"Node Type": "Streaming(type: LOCAL GATHER dop: 1/16)", "Parent Relationship": "Outer", "Startup Cost": 0.0, "Total Cost": 291057.44, "Plan Rows": 34, "Plan Width": 63, "Plans": [{"Node Type": "Nested Loop", "Parent Relationship": "Outer", "Join Type": "Inner", "Startup Cost": 0.0, "Total Cost": 291056.7, "Plan Rows": 34, "Plan Width": 63, "Inner Unique": false, "Join Filter": "(mi.movie_id = mi_idx.movie_id)", "Plans": [{"Node Type": "Streaming(type: LOCAL REDISTRIBUTE dop: 16/16)", "Parent Relationship": "Outer", "Startup Cost": 0.0, "Total Cost": 36496.18, "Plan Rows": 1380034, "Plan Width": 13, "Plans": [{"Node Type": "Seq Scan", "Parent Relationship": "Outer", "Relation Name": "movie_info_idx", "Alias": "mi_idx", "Startup Cost": 0.0, "Total Cost": 16267.15, "Plan Rows": 1380034, "Plan Width": 13}]}, {"Node Type": "Materialize", "Parent Relationship": "Inner", "Startup Cost": 0.0, "Total Cost": 252781.58, "Plan Rows": 22, "Plan Width": 50, "Plans": [{"Node Type": "Streaming(type: LOCAL REDISTRIBUTE dop: 16/16)", "Parent Relationship": "Outer", "Startup Cost": 0.0, "Total Cost": 252781.57, "Plan Rows": 22, "Plan Width": 50, "Plans": [{"Node Type": "Nested Loop", "Parent Relationship": "Outer", "Join Type": "Inner", "Startup Cost": 0.0, "Total Cost": 237781.48, "Plan Rows": 22, "Plan Width": 50, "Inner Unique": false, "Join Filter": "(ci.movie_id = mi.movie_id)", "Plans": [{"Node Type": "Streaming(type: LOCAL REDISTRIBUTE dop: 16/16)", "Parent Relationship": "Outer", "Startup Cost": 0.0, "Total Cost": 75986.54, "Plan Rows": 212428, "Plan Width": 46, "Plans": [{"Node Type": "Nested Loop", "Parent Relationship": "Outer", "Join Type": "Inner", "Startup Cost": 0.0, "Total Cost": 60181.64, "Plan Rows": 212428, "Plan Width": 46, "Inner Unique": false, "Join Filter": "(it1.id = mi.info_type_id), (LLVM Optimized)", "Plans": [{"Node Type": "Streaming(type: BROADCAST dop: 16/1)", "Parent Relationship": "Outer", "Startup Cost": 0.0, "Total Cost": 15002.75, "Plan Rows": 16, "Plan Width": 4, "Plans": [{"Node Type": "Seq Scan", "Parent Relationship": "Outer", "Relation Name": "info_type", "Alias": "it1", "Startup Cost": 0.0, "Total Cost": 2.4, "Plan Rows": 1, "Plan Width": 4, "Filter": "((info)::text = 'budget'::text)"}]}, {"Node Type": "Seq Scan", "Parent Relationship": "Inner", "Relation Name": "movie_info", "Alias": "mi", "Startup Cost": 0.0, "Total Cost": 33561.73, "Plan Rows": 14869966, "Plan Width": 50}]}]}, {"Node Type": "Materialize", "Parent Relationship": "Inner", "Startup Cost": 0.0, "Total Cost": 158135.59, "Plan Rows": 294, "Plan Width": 4, "Plans": [{"Node Type": "Streaming(type: LOCAL REDISTRIBUTE dop: 16/16)", "Parent Relationship": "Outer", "Startup Cost": 0.0, "Total Cost": 158135.5, "Plan Rows": 294, "Plan Width": 4, "Plans": [{"Node Type": "Nested Loop", "Parent Relationship": "Outer", "Join Type": "Inner", "Startup Cost": 0.0, "Total Cost": 143134.38, "Plan Rows": 294, "Plan Width": 4, "Inner Unique": true, "Join Filter": "(ci.person_id = n.id)", "Plans": [{"Node Type": "Streaming(type: LOCAL REDISTRIBUTE dop: 16/16)", "Parent Relationship": "Outer", "Startup Cost": 0.0, "Total Cost": 82188.81, "Plan Rows": 2350421, "Plan Width": 8, "Plans": [{"Node Type": "Seq Scan", "Parent Relationship": "Outer", "Relation Name": "cast_info", "Alias": "ci", "Startup Cost": 0.0, "Total Cost": 58282.92, "Plan Rows": 2350421, "Plan Width": 8, "Filter": "((note)::text = ANY ('{(producer),\"(executive producer)\"}'::text[]))"}]}, {"Node Type": "Materialize", "Parent Relationship": "Inner", "Startup Cost": 0.0, "Total Cost": 37120.04, "Plan Rows": 173, "Plan Width": 4, "Plans": [{"Node Type": "Streaming(type: LOCAL REDISTRIBUTE dop: 16/16)", "Parent Relationship": "Outer", "Startup Cost": 0.0, "Total Cost": 37119.99, "Plan Rows": 173, "Plan Width": 4, "Plans": [{"Node Type": "Seq Scan", "Parent Relationship": "Outer", "Relation Name": "name", "Alias": "n", "Startup Cost": 0.0, "Total Cost": 22119.33, "Plan Rows": 173, "Plan Width": 4, "Filter": "(((name)::text ~~ '%Tim%'::text) AND ((gender)::text = 'm'::text))"}]}]}]}]}]}]}]}]}]}]}]}]}]}]}]}]}]}]}, "Unique SQL Id": 4264520866, "Planner Runtime": 12}, "explain_analyze_plan": null}, "(16, '59')": {"explain_plan": {"Plan": {"Node Type": "Aggregate", "Strategy": "Plain", "Startup Cost": 7000361921196.91, "Total Cost": 7000361921196.92, "Plan Rows": 1, "Plan Width": 160, "Plans": [{"Node Type": "Nested Loop", "Parent Relationship": "Outer", "Join Type": "Inner", "Startup Cost": 70000000000.0, "Total Cost": 7000361921196.85, "Plan Rows": 8, "Plan Width": 64, "Inner Unique": false, "Join Filter": "(mi.movie_id = t.id)", "Plans": [{"Node Type": "Index Scan", "Parent Relationship": "Outer", "Scan Direction": "Forward", "Index Name": "title_pkey", "Relation Name": "title", "Alias": "t", "Startup Cost": 10000000000.0, "Total Cost": 1000011012048.91, "Plan Rows": 2528311, "Plan Width": 21}, {"Node Type": "Materialize", "Parent Relationship": "Inner", "Startup Cost": 60000000000.0, "Total Cost": 6000350567825.98, "Plan Rows": 9, "Plan Width": 59, "Plans": [{"Node Type": "Nested Loop", "Parent Relationship": "Outer", "Join Type": "Inner", "Startup Cost": 60000000000.0, "Total Cost": 6000350567825.93, "Plan Rows": 9, "Plan Width": 59, "Inner Unique": false, "Join Filter": "(mi_idx.movie_id = mi.movie_id)", "Plans": [{"Node Type": "Nested Loop", "Parent Relationship": "Outer", "Join Type": "Inner", "Startup Cost": 20000000000.0, "Total Cost": 2000004672156.88, "Plan Rows": 345008, "Plan Width": 9, "Inner Unique": true, "Join Filter": "(it2.id = mi_idx.info_type_id), (LLVM Optimized)", "Plans": [{"Node Type": "Index Scan", "Parent Relationship": "Outer", "Scan Direction": "Forward", "Index Name": "movie_id_movie_info_idx", "Relation Name": "movie_info_idx", "Alias": "mi_idx", "Startup Cost": 10000000000.0, "Total Cost": 1000004650035.37, "Plan Rows": 1380034, "Plan Width": 13}, {"Node Type": "Materialize", "Parent Relationship": "Inner", "Startup Cost": 10000000000.0, "Total Cost": 1000000001421.0, "Plan Rows": 1, "Plan Width": 4, "Plans": [{"Node Type": "Index Scan", "Parent Relationship": "Outer", "Scan Direction": "Forward", "Index Name": "info_type_pkey", "Relation Name": "info_type", "Alias": "it2", "Startup Cost": 10000000000.0, "Total Cost": 1000000001421.0, "Plan Rows": 1, "Plan Width": 4, "Filter": "((info)::text = 'votes'::text)"}]}]}, {"Node Type": "Materialize", "Parent Relationship": "Inner", "Startup Cost": 40000000000.0, "Total Cost": 4000345781816.47, "Plan Rows": 22, "Plan Width": 50, "Plans": [{"Node Type": "Nested Loop", "Parent Relationship": "Outer", "Join Type": "Inner", "Startup Cost": 40000000000.0, "Total Cost": 4000345781816.36, "Plan Rows": 22, "Plan Width": 50, "Inner Unique": false, "Join Filter": "(ci.movie_id = mi.movie_id)", "Plans": [{"Node Type": "Nested Loop", "Parent Relationship": "Outer", "Join Type": "Inner", "Startup Cost": 20000000000.0, "Total Cost": 2000104041382.71, "Plan Rows": 212428, "Plan Width": 46, "Inner Unique": true, "Join Filter": "(it1.id = mi.info_type_id), (LLVM Optimized)", "Plans": [{"Node Type": "Index Scan", "Parent Relationship": "Outer", "Scan Direction": "Forward", "Index Name": "movie_id_movie_info", "Relation Name": "movie_info", "Alias": "mi", "Startup Cost": 10000000000.0, "Total Cost": 1000103816912.22, "Plan Rows": 14869966, "Plan Width": 50}, {"Node Type": "Materialize", "Parent Relationship": "Inner", "Startup Cost": 10000000000.0, "Total Cost": 1000000001421.0, "Plan Rows": 1, "Plan Width": 4, "Plans": [{"Node Type": "Index Scan", "Parent Relationship": "Outer", "Scan Direction": "Forward", "Index Name": "info_type_pkey", "Relation Name": "info_type", "Alias": "it1", "Startup Cost": 10000000000.0, "Total Cost": 1000000001421.0, "Plan Rows": 1, "Plan Width": 4, "Filter": "((info)::text = 'budget'::text)"}]}]}, {"Node Type": "Materialize", "Parent Relationship": "Inner", "Startup Cost": 20000000000.0, "Total Cost": 2000240803626.91, "Plan Rows": 294, "Plan Width": 4, "Plans": [{"Node Type": "Nested Loop", "Parent Relationship": "Outer", "Join Type": "Inner", "Startup Cost": 20000000000.0, "Total Cost": 2000240803625.44, "Plan Rows": 294, "Plan Width": 4, "Inner Unique": true, "Join Filter": "(ci.person_id = n.id)", "Plans": [{"Node Type": "Index Scan", "Parent Relationship": "Outer", "Scan Direction": "Forward", "Index Name": "movie_id_cast_info", "Relation Name": "cast_info", "Alias": "ci", "Startup Cost": 10000000000.0, "Total Cost": 1000214997262.8, "Plan Rows": 2350421, "Plan Width": 8, "Filter": "((note)::text = ANY ('{(producer),\"(executive producer)\"}'::text[]))"}, {"Node Type": "Materialize", "Parent Relationship": "Inner", "Startup Cost": 10000000000.0, "Total Cost": 1000019707020.57, "Plan Rows": 173, "Plan Width": 4, "Plans": [{"Node Type": "Index Scan", "Parent Relationship": "Outer", "Scan Direction": "Forward", "Index Name": "name_pkey", "Relation Name": "name", "Alias": "n", "Startup Cost": 10000000000.0, "Total Cost": 1000019707019.7, "Plan Rows": 173, "Plan Width": 4, "Filter": "(((name)::text ~~ '%Tim%'::text) AND ((gender)::text = 'm'::text))"}]}]}]}]}]}]}]}]}]}, "Unique SQL Id": 4264520866, "Planner Runtime": 6}, "explain_analyze_plan": null}, "(16, '60')": {"explain_plan": {"Plan": {"Node Type": "Aggregate", "Strategy": "Plain", "Startup Cost": 29717.13, "Total Cost": 29717.14, "Plan Rows": 1, "Plan Width": 160, "Plans": [{"Node Type": "Nested Loop", "Parent Relationship": "Outer", "Join Type": "Inner", "Startup Cost": 0.0, "Total Cost": 29717.07, "Plan Rows": 8, "Plan Width": 64, "Inner Unique": true, "Plans": [{"Node Type": "Nested Loop", "Parent Relationship": "Outer", "Join Type": "Inner", "Startup Cost": 0.0, "Total Cost": 29714.44, "Plan Rows": 9, "Plan Width": 59, "Inner Unique": false, "Join Filter": "(mi.info_type_id = it1.id)", "Plans": [{"Node Type": "Seq Scan", "Parent Relationship": "Outer", "Relation Name": "info_type", "Alias": "it1", "Startup Cost": 0.0, "Total Cost": 2.4, "Plan Rows": 1, "Plan Width": 4, "Filter": "((info)::text = 'budget'::text)"}, {"Node Type": "Nested Loop", "Parent Relationship": "Inner", "Join Type": "Inner", "Startup Cost": 0.0, "Total Cost": 29708.55, "Plan Rows": 279, "Plan Width": 63, "Inner Unique": false, "Join Filter": "(mi_idx.movie_id = mi.movie_id)", "Plans": [{"Node Type": "Nested Loop", "Parent Relationship": "Outer", "Join Type": "Inner", "Startup Cost": 0.0, "Total Cost": 29668.95, "Plan Rows": 52, "Plan Width": 13, "Inner Unique": false, "Join Filter": "(mi_idx.info_type_id = it2.id)", "Plans": [{"Node Type": "Seq Scan", "Parent Relationship": "Outer", "Relation Name": "info_type", "Alias": "it2", "Startup Cost": 0.0, "Total Cost": 2.4, "Plan Rows": 1, "Plan Width": 4, "Filter": "((info)::text = 'votes'::text)"}, {"Node Type": "Materialize", "Parent Relationship": "Inner", "Startup Cost": 0.0, "Total Cost": 29663.09, "Plan Rows": 346, "Plan Width": 17, "Plans": [{"Node Type": "Nested Loop", "Parent Relationship": "Outer", "Join Type": "Inner", "Startup Cost": 0.0, "Total Cost": 29662.23, "Plan Rows": 346, "Plan Width": 17, "Inner Unique": false, "Plans": [{"Node Type": "Nested Loop", "Parent Relationship": "Outer", "Join Type": "Inner", "Startup Cost": 0.0, "Total Cost": 29565.43, "Plan Rows": 294, "Plan Width": 4, "Inner Unique": false, "Plans": [{"Node Type": "Streaming(type: LOCAL GATHER dop: 1/16)", "Parent Relationship": "Outer", "Startup Cost": 0.0, "Total Cost": 22123.07, "Plan Rows": 173, "Plan Width": 4, "Plans": [{"Node Type": "Seq Scan", "Parent Relationship": "Outer", "Relation Name": "name", "Alias": "n", "Startup Cost": 0.0, "Total Cost": 22119.33, "Plan Rows": 173, "Plan Width": 4, "Filter": "(((name)::text ~~ '%Tim%'::text) AND ((gender)::text = 'm'::text))"}]}, {"Node Type": "Index Scan", "Parent Relationship": "Inner", "Scan Direction": "Forward", "Index Name": "person_id_cast_info", "Relation Name": "cast_info", "Alias": "ci", "Startup Cost": 0.0, "Total Cost": 43.0, "Plan Rows": 2, "Plan Width": 8, "Index Cond": "(person_id = n.id)", "Filter": "((note)::text = ANY ('{(producer),\"(executive producer)\"}'::text[]))"}]}, {"Node Type": "Index Scan", "Parent Relationship": "Inner", "Scan Direction": "Forward", "Index Name": "movie_id_movie_info_idx", "Relation Name": "movie_info_idx", "Alias": "mi_idx", "Startup Cost": 0.0, "Total Cost": 0.31, "Plan Rows": 2, "Plan Width": 13, "Index Cond": "(movie_id = ci.movie_id)"}]}]}]}, {"Node Type": "Index Scan", "Parent Relationship": "Inner", "Scan Direction": "Forward", "Index Name": "movie_id_movie_info", "Relation Name": "movie_info", "Alias": "mi", "Startup Cost": 0.0, "Total Cost": 0.7, "Plan Rows": 5, "Plan Width": 50, "Index Cond": "(movie_id = ci.movie_id)"}]}]}, {"Node Type": "Index Scan", "Parent Relationship": "Inner", "Scan Direction": "Forward", "Index Name": "title_pkey", "Relation Name": "title", "Alias": "t", "Startup Cost": 0.0, "Total Cost": 0.28, "Plan Rows": 1, "Plan Width": 21, "Index Cond": "(id = mi.movie_id)"}]}]}, "Unique SQL Id": 4264520866, "Planner Runtime": 8}, "explain_analyze_plan": {"Plan": {"Node Type": "Aggregate", "Strategy": "Plain", "Startup Cost": 29717.13, "Total Cost": 29717.14, "Plan Rows": 1, "Plan Width": 160, "Actual Min Startup Time": 380.581, "Actual Max Startup Time": 380.581, "Actual Min Total Time": 380.581, "Actual Max Total Time": 380.581, "Plans": [{"Node Type": "Nested Loop", "Parent Relationship": "Outer", "Join Type": "Inner", "Startup Cost": 0.0, "Total Cost": 29717.07, "Plan Rows": 8, "Plan Width": 64, "Actual Min Startup Time": 239.3, "Actual Max Startup Time": 239.3, "Actual Min Total Time": 380.104, "Actual Max Total Time": 380.104, "Inner Unique": true, "Plans": [{"Node Type": "Nested Loop", "Parent Relationship": "Outer", "Join Type": "Inner", "Startup Cost": 0.0, "Total Cost": 29714.44, "Plan Rows": 9, "Plan Width": 59, "Actual Min Startup Time": 239.285, "Actual Max Startup Time": 239.285, "Actual Min Total Time": 376.468, "Actual Max Total Time": 376.468, "Inner Unique": false, "Join Filter": "(mi.info_type_id = it1.id)", "Rows Removed by Join Filter": 81998, "Plans": [{"Node Type": "Seq Scan", "Parent Relationship": "Outer", "Relation Name": "info_type", "Alias": "it1", "Startup Cost": 0.0, "Total Cost": 2.4, "Plan Rows": 1, "Plan Width": 4, "Actual Min Startup Time": 0.071, "Actual Max Startup Time": 0.071, "Actual Min Total Time": 0.081, "Actual Max Total Time": 0.081, "Filter": "((info)::text = 'budget'::text)", "Rows Removed by Filter": 111, "Actual Rows": 1}, {"Node Type": "Nested Loop", "Parent Relationship": "Inner", "Join Type": "Inner", "Startup Cost": 0.0, "Total Cost": 29708.55, "Plan Rows": 279, "Plan Width": 63, "Actual Min Startup Time": 239.058, "Actual Max Startup Time": 239.058, "Actual Min Total Time": 360.557, "Actual Max Total Time": 360.557, "Inner Unique": false, "Join Filter": "(mi_idx.movie_id = mi.movie_id)", "Rows Removed by Join Filter": 0, "Plans": [{"Node Type": "Nested Loop", "Parent Relationship": "Outer", "Join Type": "Inner", "Startup Cost": 0.0, "Total Cost": 29668.95, "Plan Rows": 52, "Plan Width": 13, "Actual Min Startup Time": 239.037, "Actual Max Startup Time": 239.037, "Actual Min Total Time": 243.136, "Actual Max Total Time": 243.136, "Inner Unique": false, "Join Filter": "(mi_idx.info_type_id = it2.id)", "Rows Removed by Join Filter": 6875, "Plans": [{"Node Type": "Seq Scan", "Parent Relationship": "Outer", "Relation Name": "info_type", "Alias": "it2", "Startup Cost": 0.0, "Total Cost": 2.4, "Plan Rows": 1, "Plan Width": 4, "Actual Min Startup Time": 0.058, "Actual Max Startup Time": 0.058, "Actual Min Total Time": 0.071, "Actual Max Total Time": 0.071, "Filter": "((info)::text = 'votes'::text)", "Rows Removed by Filter": 111, "Actual Rows": 1}, {"Node Type": "Materialize", "Parent Relationship": "Inner", "Startup Cost": 0.0, "Total Cost": 29663.09, "Plan Rows": 346, "Plan Width": 17, "Actual Min Startup Time": 238.967, "Actual Max Startup Time": 238.967, "Actual Min Total Time": 240.186, "Actual Max Total Time": 240.186, "Plans": [{"Node Type": "Nested Loop", "Parent Relationship": "Outer", "Join Type": "Inner", "Startup Cost": 0.0, "Total Cost": 29662.23, "Plan Rows": 346, "Plan Width": 17, "Actual Min Startup Time": 21.265, "Actual Max Startup Time": 21.265, "Actual Min Total Time": 235.822, "Actual Max Total Time": 235.822, "Inner Unique": false, "Plans": [{"Node Type": "Nested Loop", "Parent Relationship": "Outer", "Join Type": "Inner", "Startup Cost": 0.0, "Total Cost": 29565.43, "Plan Rows": 294, "Plan Width": 4, "Actual Min Startup Time": 21.058, "Actual Max Startup Time": 21.058, "Actual Min Total Time": 199.008, "Actual Max Total Time": 199.008, "Inner Unique": false, "Plans": [{"Node Type": "Streaming(type: LOCAL GATHER dop: 1/16)", "Parent Relationship": "Outer", "Startup Cost": 0.0, "Total Cost": 22123.07, "Plan Rows": 173, "Plan Width": 4, "Actual Min Startup Time": 20.996, "Actual Max Startup Time": 20.996, "Actual Min Total Time": 69.146, "Actual Max Total Time": 69.146, "Plans": [{"Node Type": "Seq Scan", "Parent Relationship": "Outer", "Relation Name": "name", "Alias": "n", "Startup Cost": 0.0, "Total Cost": 22119.33, "Plan Rows": 173, "Plan Width": 4, "Actual Min Startup Time": 0.028, "Actual Max Startup Time": 0.846, "Actual Min Total Time": 102.03, "Actual Max Total Time": 106.093, "Filter": "(((name)::text ~~ '%Tim%'::text) AND ((gender)::text = 'm'::text))", "Rows Removed by Filter": 4158428, "Actual Rows": 9062}], "Actual Rows": 9062}, {"Node Type": "Index Scan", "Parent Relationship": "Inner", "Scan Direction": "Forward", "Index Name": "person_id_cast_info", "Relation Name": "cast_info", "Alias": "ci", "Startup Cost": 0.0, "Total Cost": 43.0, "Plan Rows": 2, "Plan Width": 8, "Actual Min Startup Time": 104.539, "Actual Max Startup Time": 104.539, "Actual Min Total Time": 123.691, "Actual Max Total Time": 123.691, "Index Cond": "(person_id = n.id)", "Rows Removed by Index Recheck": 0, "Filter": "((note)::text = ANY ('{(producer),\"(executive producer)\"}'::text[]))", "Rows Removed by Filter": 89309, "Actual Rows": 6719}], "Actual Rows": 6719}, {"Node Type": "Index Scan", "Parent Relationship": "Inner", "Scan Direction": "Forward", "Index Name": "movie_id_movie_info_idx", "Relation Name": "movie_info_idx", "Alias": "mi_idx", "Startup Cost": 0.0, "Total Cost": 0.31, "Plan Rows": 2, "Plan Width": 13, "Actual Min Startup Time": 27.075, "Actual Max Startup Time": 27.075, "Actual Min Total Time": 31.011, "Actual Max Total Time": 31.011, "Index Cond": "(movie_id = ci.movie_id)", "Rows Removed by Index Recheck": 0, "Actual Rows": 10310}], "Actual Rows": 10310}], "Actual Rows": 10311}], "Actual Rows": 3435}, {"Node Type": "Index Scan", "Parent Relationship": "Inner", "Scan Direction": "Forward", "Index Name": "movie_id_movie_info", "Relation Name": "movie_info", "Alias": "mi", "Startup Cost": 0.0, "Total Cost": 0.7, "Plan Rows": 5, "Plan Width": 50, "Actual Min Startup Time": 21.932, "Actual Max Startup Time": 21.932, "Actual Min Total Time": 87.857, "Actual Max Total Time": 87.857, "Index Cond": "(movie_id = ci.movie_id)", "Rows Removed by Index Recheck": 0, "Actual Rows": 82408}], "Actual Rows": 82408}], "Actual Rows": 410}, {"Node Type": "Index Scan", "Parent Relationship": "Inner", "Scan Direction": "Forward", "Index Name": "title_pkey", "Relation Name": "title", "Alias": "t", "Startup Cost": 0.0, "Total Cost": 0.28, "Plan Rows": 1, "Plan Width": 21, "Actual Min Startup Time": 3.282, "Actual Max Startup Time": 3.282, "Actual Min Total Time": 3.282, "Actual Max Total Time": 3.282, "Index Cond": "(id = mi.movie_id)", "Rows Removed by Index Recheck": 0, "Actual Rows": 410}], "Actual Rows": 410}], "Actual Rows": 1}, "Triggers": [], "Planner Runtime": 8.808, "Total Runtime": 383.147, "Unique SQL Id": 4264520866}}, "(16, '61')": {"explain_plan": {"Plan": {"Node Type": "Aggregate", "Strategy": "Plain", "Startup Cost": 161086.28, "Total Cost": 161086.29, "Plan Rows": 1, "Plan Width": 160, "Plans": [{"Node Type": "Nested Loop", "Parent Relationship": "Outer", "Join Type": "Inner", "Startup Cost": 0.0, "Total Cost": 161086.22, "Plan Rows": 8, "Plan Width": 64, "Inner Unique": true, "Plans": [{"Node Type": "Nested Loop", "Parent Relationship": "Outer", "Join Type": "Inner", "Startup Cost": 0.0, "Total Cost": 161083.6, "Plan Rows": 9, "Plan Width": 59, "Inner Unique": false, "Join Filter": "(mi.info_type_id = it1.id)", "Plans": [{"Node Type": "Index Scan", "Parent Relationship": "Outer", "Scan Direction": "Forward", "Index Name": "info_type_pkey", "Relation Name": "info_type", "Alias": "it1", "Startup Cost": 0.0, "Total Cost": 14.21, "Plan Rows": 1, "Plan Width": 4, "Filter": "((info)::text = 'budget'::text)"}, {"Node Type": "Nested Loop", "Parent Relationship": "Inner", "Join Type": "Inner", "Startup Cost": 0.0, "Total Cost": 161065.9, "Plan Rows": 279, "Plan Width": 63, "Inner Unique": false, "Join Filter": "(mi_idx.movie_id = mi.movie_id)", "Plans": [{"Node Type": "Nested Loop", "Parent Relationship": "Outer", "Join Type": "Inner", "Startup Cost": 0.0, "Total Cost": 161026.3, "Plan Rows": 52, "Plan Width": 13, "Inner Unique": false, "Join Filter": "(mi_idx.info_type_id = it2.id)", "Plans": [{"Node Type": "Index Scan", "Parent Relationship": "Outer", "Scan Direction": "Forward", "Index Name": "info_type_pkey", "Relation Name": "info_type", "Alias": "it2", "Startup Cost": 0.0, "Total Cost": 14.21, "Plan Rows": 1, "Plan Width": 4, "Filter": "((info)::text = 'votes'::text)"}, {"Node Type": "Materialize", "Parent Relationship": "Inner", "Startup Cost": 0.0, "Total Cost": 161008.63, "Plan Rows": 346, "Plan Width": 17, "Plans": [{"Node Type": "Nested Loop", "Parent Relationship": "Outer", "Join Type": "Inner", "Startup Cost": 0.0, "Total Cost": 161007.76, "Plan Rows": 346, "Plan Width": 17, "Inner Unique": false, "Plans": [{"Node Type": "Nested Loop", "Parent Relationship": "Outer", "Join Type": "Inner", "Startup Cost": 0.0, "Total Cost": 160910.97, "Plan Rows": 294, "Plan Width": 4, "Inner Unique": false, "Plans": [{"Node Type": "Streaming(type: LOCAL GATHER dop: 1/16)", "Parent Relationship": "Outer", "Startup Cost": 0.0, "Total Cost": 153468.6, "Plan Rows": 173, "Plan Width": 4, "Plans": [{"Node Type": "Index Scan", "Parent Relationship": "Outer", "Scan Direction": "Forward", "Index Name": "name_pkey", "Relation Name": "name", "Alias": "n", "Startup Cost": 0.0, "Total Cost": 153464.87, "Plan Rows": 173, "Plan Width": 4, "Filter": "(((name)::text ~~ '%Tim%'::text) AND ((gender)::text = 'm'::text))"}]}, {"Node Type": "Index Scan", "Parent Relationship": "Inner", "Scan Direction": "Forward", "Index Name": "person_id_cast_info", "Relation Name": "cast_info", "Alias": "ci", "Startup Cost": 0.0, "Total Cost": 43.0, "Plan Rows": 2, "Plan Width": 8, "Index Cond": "(person_id = n.id)", "Filter": "((note)::text = ANY ('{(producer),\"(executive producer)\"}'::text[]))"}]}, {"Node Type": "Index Scan", "Parent Relationship": "Inner", "Scan Direction": "Forward", "Index Name": "movie_id_movie_info_idx", "Relation Name": "movie_info_idx", "Alias": "mi_idx", "Startup Cost": 0.0, "Total Cost": 0.31, "Plan Rows": 2, "Plan Width": 13, "Index Cond": "(movie_id = ci.movie_id)"}]}]}]}, {"Node Type": "Index Scan", "Parent Relationship": "Inner", "Scan Direction": "Forward", "Index Name": "movie_id_movie_info", "Relation Name": "movie_info", "Alias": "mi", "Startup Cost": 0.0, "Total Cost": 0.7, "Plan Rows": 5, "Plan Width": 50, "Index Cond": "(movie_id = ci.movie_id)"}]}]}, {"Node Type": "Index Scan", "Parent Relationship": "Inner", "Scan Direction": "Forward", "Index Name": "title_pkey", "Relation Name": "title", "Alias": "t", "Startup Cost": 0.0, "Total Cost": 0.28, "Plan Rows": 1, "Plan Width": 21, "Index Cond": "(id = mi.movie_id)"}]}]}, "Unique SQL Id": 4264520866, "Planner Runtime": 7}, "explain_analyze_plan": {"Plan": {"Node Type": "Aggregate", "Strategy": "Plain", "Startup Cost": 161086.28, "Total Cost": 161086.29, "Plan Rows": 1, "Plan Width": 160, "Actual Min Startup Time": 480.471, "Actual Max Startup Time": 480.471, "Actual Min Total Time": 480.471, "Actual Max Total Time": 480.471, "Plans": [{"Node Type": "Nested Loop", "Parent Relationship": "Outer", "Join Type": "Inner", "Startup Cost": 0.0, "Total Cost": 161086.22, "Plan Rows": 8, "Plan Width": 64, "Actual Min Startup Time": 339.278, "Actual Max Startup Time": 339.278, "Actual Min Total Time": 479.984, "Actual Max Total Time": 479.984, "Inner Unique": true, "Plans": [{"Node Type": "Nested Loop", "Parent Relationship": "Outer", "Join Type": "Inner", "Startup Cost": 0.0, "Total Cost": 161083.6, "Plan Rows": 9, "Plan Width": 59, "Actual Min Startup Time": 339.26, "Actual Max Startup Time": 339.26, "Actual Min Total Time": 476.32, "Actual Max Total Time": 476.32, "Inner Unique": false, "Join Filter": "(mi.info_type_id = it1.id)", "Rows Removed by Join Filter": 81998, "Plans": [{"Node Type": "Index Scan", "Parent Relationship": "Outer", "Scan Direction": "Forward", "Index Name": "info_type_pkey", "Relation Name": "info_type", "Alias": "it1", "Startup Cost": 0.0, "Total Cost": 14.21, "Plan Rows": 1, "Plan Width": 4, "Actual Min Startup Time": 0.089, "Actual Max Startup Time": 0.089, "Actual Min Total Time": 0.095, "Actual Max Total Time": 0.095, "Filter": "((info)::text = 'budget'::text)", "Rows Removed by Filter": 111, "Actual Rows": 1}, {"Node Type": "Nested Loop", "Parent Relationship": "Inner", "Join Type": "Inner", "Startup Cost": 0.0, "Total Cost": 161065.9, "Plan Rows": 279, "Plan Width": 63, "Actual Min Startup Time": 339.147, "Actual Max Startup Time": 339.147, "Actual Min Total Time": 460.325, "Actual Max Total Time": 460.325, "Inner Unique": false, "Join Filter": "(mi_idx.movie_id = mi.movie_id)", "Rows Removed by Join Filter": 0, "Plans": [{"Node Type": "Nested Loop", "Parent Relationship": "Outer", "Join Type": "Inner", "Startup Cost": 0.0, "Total Cost": 161026.3, "Plan Rows": 52, "Plan Width": 13, "Actual Min Startup Time": 339.123, "Actual Max Startup Time": 339.123, "Actual Min Total Time": 343.21, "Actual Max Total Time": 343.21, "Inner Unique": false, "Join Filter": "(mi_idx.info_type_id = it2.id)", "Rows Removed by Join Filter": 6875, "Plans": [{"Node Type": "Index Scan", "Parent Relationship": "Outer", "Scan Direction": "Forward", "Index Name": "info_type_pkey", "Relation Name": "info_type", "Alias": "it2", "Startup Cost": 0.0, "Total Cost": 14.21, "Plan Rows": 1, "Plan Width": 4, "Actual Min Startup Time": 0.072, "Actual Max Startup Time": 0.072, "Actual Min Total Time": 0.083, "Actual Max Total Time": 0.083, "Filter": "((info)::text = 'votes'::text)", "Rows Removed by Filter": 111, "Actual Rows": 1}, {"Node Type": "Materialize", "Parent Relationship": "Inner", "Startup Cost": 0.0, "Total Cost": 161008.63, "Plan Rows": 346, "Plan Width": 17, "Actual Min Startup Time": 339.037, "Actual Max Startup Time": 339.037, "Actual Min Total Time": 340.214, "Actual Max Total Time": 340.214, "Plans": [{"Node Type": "Nested Loop", "Parent Relationship": "Outer", "Join Type": "Inner", "Startup Cost": 0.0, "Total Cost": 161007.76, "Plan Rows": 346, "Plan Width": 17, "Actual Min Startup Time": 72.66, "Actual Max Startup Time": 72.66, "Actual Min Total Time": 335.949, "Actual Max Total Time": 335.949, "Inner Unique": false, "Plans": [{"Node Type": "Nested Loop", "Parent Relationship": "Outer", "Join Type": "Inner", "Startup Cost": 0.0, "Total Cost": 160910.97, "Plan Rows": 294, "Plan Width": 4, "Actual Min Startup Time": 72.633, "Actual Max Startup Time": 72.633, "Actual Min Total Time": 298.788, "Actual Max Total Time": 298.788, "Inner Unique": false, "Plans": [{"Node Type": "Streaming(type: LOCAL GATHER dop: 1/16)", "Parent Relationship": "Outer", "Startup Cost": 0.0, "Total Cost": 153468.6, "Plan Rows": 173, "Plan Width": 4, "Actual Min Startup Time": 72.488, "Actual Max Startup Time": 72.488, "Actual Min Total Time": 169.446, "Actual Max Total Time": 169.446, "Plans": [{"Node Type": "Index Scan", "Parent Relationship": "Outer", "Scan Direction": "Forward", "Index Name": "name_pkey", "Relation Name": "name", "Alias": "n", "Startup Cost": 0.0, "Total Cost": 153464.87, "Plan Rows": 173, "Plan Width": 4, "Actual Min Startup Time": 40.705, "Actual Max Startup Time": 299.35, "Actual Min Total Time": 270.732, "Actual Max Total Time": 307.55, "Filter": "(((name)::text ~~ '%Tim%'::text) AND ((gender)::text = 'm'::text))", "Rows Removed by Filter": 4158428, "Actual Rows": 9062}], "Actual Rows": 9062}, {"Node Type": "Index Scan", "Parent Relationship": "Inner", "Scan Direction": "Forward", "Index Name": "person_id_cast_info", "Relation Name": "cast_info", "Alias": "ci", "Startup Cost": 0.0, "Total Cost": 43.0, "Plan Rows": 2, "Plan Width": 8, "Actual Min Startup Time": 104.072, "Actual Max Startup Time": 104.072, "Actual Min Total Time": 123.227, "Actual Max Total Time": 123.227, "Index Cond": "(person_id = n.id)", "Rows Removed by Index Recheck": 0, "Filter": "((note)::text = ANY ('{(producer),\"(executive producer)\"}'::text[]))", "Rows Removed by Filter": 89309, "Actual Rows": 6719}], "Actual Rows": 6719}, {"Node Type": "Index Scan", "Parent Relationship": "Inner", "Scan Direction": "Forward", "Index Name": "movie_id_movie_info_idx", "Relation Name": "movie_info_idx", "Alias": "mi_idx", "Startup Cost": 0.0, "Total Cost": 0.31, "Plan Rows": 2, "Plan Width": 13, "Actual Min Startup Time": 27.532, "Actual Max Startup Time": 27.532, "Actual Min Total Time": 31.538, "Actual Max Total Time": 31.538, "Index Cond": "(movie_id = ci.movie_id)", "Rows Removed by Index Recheck": 0, "Actual Rows": 10310}], "Actual Rows": 10310}], "Actual Rows": 10311}], "Actual Rows": 3435}, {"Node Type": "Index Scan", "Parent Relationship": "Inner", "Scan Direction": "Forward", "Index Name": "movie_id_movie_info", "Relation Name": "movie_info", "Alias": "mi", "Startup Cost": 0.0, "Total Cost": 0.7, "Plan Rows": 5, "Plan Width": 50, "Actual Min Startup Time": 21.858, "Actual Max Startup Time": 21.858, "Actual Min Total Time": 87.885, "Actual Max Total Time": 87.885, "Index Cond": "(movie_id = ci.movie_id)", "Rows Removed by Index Recheck": 0, "Actual Rows": 82408}], "Actual Rows": 82408}], "Actual Rows": 410}, {"Node Type": "Index Scan", "Parent Relationship": "Inner", "Scan Direction": "Forward", "Index Name": "title_pkey", "Relation Name": "title", "Alias": "t", "Startup Cost": 0.0, "Total Cost": 0.28, "Plan Rows": 1, "Plan Width": 21, "Actual Min Startup Time": 3.295, "Actual Max Startup Time": 3.295, "Actual Min Total Time": 3.295, "Actual Max Total Time": 3.295, "Index Cond": "(id = mi.movie_id)", "Rows Removed by Index Recheck": 0, "Actual Rows": 410}], "Actual Rows": 410}], "Actual Rows": 1}, "Triggers": [], "Planner Runtime": 8.185, "Total Runtime": 483.071, "Unique SQL Id": 4264520866}}, "(16, '62')": {"explain_plan": {"Plan": {"Node Type": "Aggregate", "Strategy": "Plain", "Startup Cost": 346150.4, "Total Cost": 346150.43, "Plan Rows": 1, "Plan Width": 160, "Plans": [{"Node Type": "Streaming(type: LOCAL GATHER dop: 1/16)", "Parent Relationship": "Outer", "Startup Cost": 346150.4, "Total Cost": 346150.43, "Plan Rows": 1, "Plan Width": 160, "Plans": [{"Node Type": "Aggregate", "Strategy": "Plain", "Parent Relationship": "Outer", "Startup Cost": 346150.4, "Total Cost": 346150.41, "Plan Rows": 1, "Plan Width": 160, "Plans": [{"Node Type": "Nested Loop", "Parent Relationship": "Outer", "Join Type": "Inner", "Startup Cost": 0.0, "Total Cost": 346150.34, "Plan Rows": 8, "Plan Width": 64, "Inner Unique": false, "Join Filter": "(mi.movie_id = t.id)", "Plans": [{"Node Type": "Seq Scan", "Parent Relationship": "Outer", "Relation Name": "title", "Alias": "t", "Startup Cost": 0.0, "Total Cost": 18754.32, "Plan Rows": 2528311, "Plan Width": 21}, {"Node Type": "Materialize", "Parent Relationship": "Inner", "Startup Cost": 0.0, "Total Cost": 306063.41, "Plan Rows": 144, "Plan Width": 59, "Plans": [{"Node Type": "Streaming(type: BROADCAST dop: 16/1)", "Parent Relationship": "Outer", "Startup Cost": 0.0, "Total Cost": 306063.37, "Plan Rows": 144, "Plan Width": 59, "Plans": [{"Node Type": "Nested Loop", "Parent Relationship": "Outer", "Join Type": "Inner", "Startup Cost": 0.0, "Total Cost": 291060.26, "Plan Rows": 9, "Plan Width": 59, "Inner Unique": false, "Join Filter": "(mi_idx.info_type_id = it2.id)", "Plans": [{"Node Type": "Seq Scan", "Parent Relationship": "Outer", "Relation Name": "info_type", "Alias": "it2", "Startup Cost": 0.0, "Total Cost": 2.4, "Plan Rows": 1, "Plan Width": 4, "Filter": "((info)::text = 'votes'::text)"}, {"Node Type": "Materialize", "Parent Relationship": "Inner", "Startup Cost": 0.0, "Total Cost": 291057.52, "Plan Rows": 34, "Plan Width": 63, "Plans": [{"Node Type": "Streaming(type: LOCAL GATHER dop: 1/16)", "Parent Relationship": "Outer", "Startup Cost": 0.0, "Total Cost": 291057.44, "Plan Rows": 34, "Plan Width": 63, "Plans": [{"Node Type": "Nested Loop", "Parent Relationship": "Outer", "Join Type": "Inner", "Startup Cost": 0.0, "Total Cost": 291056.7, "Plan Rows": 34, "Plan Width": 63, "Inner Unique": false, "Join Filter": "(mi.movie_id = mi_idx.movie_id)", "Plans": [{"Node Type": "Streaming(type: LOCAL REDISTRIBUTE dop: 16/16)", "Parent Relationship": "Outer", "Startup Cost": 0.0, "Total Cost": 36496.18, "Plan Rows": 1380034, "Plan Width": 13, "Plans": [{"Node Type": "Seq Scan", "Parent Relationship": "Outer", "Relation Name": "movie_info_idx", "Alias": "mi_idx", "Startup Cost": 0.0, "Total Cost": 16267.15, "Plan Rows": 1380034, "Plan Width": 13}]}, {"Node Type": "Materialize", "Parent Relationship": "Inner", "Startup Cost": 0.0, "Total Cost": 252781.58, "Plan Rows": 22, "Plan Width": 50, "Plans": [{"Node Type": "Streaming(type: LOCAL REDISTRIBUTE dop: 16/16)", "Parent Relationship": "Outer", "Startup Cost": 0.0, "Total Cost": 252781.57, "Plan Rows": 22, "Plan Width": 50, "Plans": [{"Node Type": "Nested Loop", "Parent Relationship": "Outer", "Join Type": "Inner", "Startup Cost": 0.0, "Total Cost": 237781.48, "Plan Rows": 22, "Plan Width": 50, "Inner Unique": false, "Join Filter": "(ci.movie_id = mi.movie_id)", "Plans": [{"Node Type": "Streaming(type: LOCAL REDISTRIBUTE dop: 16/16)", "Parent Relationship": "Outer", "Startup Cost": 0.0, "Total Cost": 75986.54, "Plan Rows": 212428, "Plan Width": 46, "Plans": [{"Node Type": "Nested Loop", "Parent Relationship": "Outer", "Join Type": "Inner", "Startup Cost": 0.0, "Total Cost": 60181.64, "Plan Rows": 212428, "Plan Width": 46, "Inner Unique": false, "Join Filter": "(it1.id = mi.info_type_id), (LLVM Optimized)", "Plans": [{"Node Type": "Streaming(type: BROADCAST dop: 16/1)", "Parent Relationship": "Outer", "Startup Cost": 0.0, "Total Cost": 15002.75, "Plan Rows": 16, "Plan Width": 4, "Plans": [{"Node Type": "Seq Scan", "Parent Relationship": "Outer", "Relation Name": "info_type", "Alias": "it1", "Startup Cost": 0.0, "Total Cost": 2.4, "Plan Rows": 1, "Plan Width": 4, "Filter": "((info)::text = 'budget'::text)"}]}, {"Node Type": "Seq Scan", "Parent Relationship": "Inner", "Relation Name": "movie_info", "Alias": "mi", "Startup Cost": 0.0, "Total Cost": 33561.73, "Plan Rows": 14869966, "Plan Width": 50}]}]}, {"Node Type": "Materialize", "Parent Relationship": "Inner", "Startup Cost": 0.0, "Total Cost": 158135.59, "Plan Rows": 294, "Plan Width": 4, "Plans": [{"Node Type": "Streaming(type: LOCAL REDISTRIBUTE dop: 16/16)", "Parent Relationship": "Outer", "Startup Cost": 0.0, "Total Cost": 158135.5, "Plan Rows": 294, "Plan Width": 4, "Plans": [{"Node Type": "Nested Loop", "Parent Relationship": "Outer", "Join Type": "Inner", "Startup Cost": 0.0, "Total Cost": 143134.38, "Plan Rows": 294, "Plan Width": 4, "Inner Unique": true, "Join Filter": "(ci.person_id = n.id)", "Plans": [{"Node Type": "Streaming(type: LOCAL REDISTRIBUTE dop: 16/16)", "Parent Relationship": "Outer", "Startup Cost": 0.0, "Total Cost": 82188.81, "Plan Rows": 2350421, "Plan Width": 8, "Plans": [{"Node Type": "Seq Scan", "Parent Relationship": "Outer", "Relation Name": "cast_info", "Alias": "ci", "Startup Cost": 0.0, "Total Cost": 58282.92, "Plan Rows": 2350421, "Plan Width": 8, "Filter": "((note)::text = ANY ('{(producer),\"(executive producer)\"}'::text[]))"}]}, {"Node Type": "Materialize", "Parent Relationship": "Inner", "Startup Cost": 0.0, "Total Cost": 37120.04, "Plan Rows": 173, "Plan Width": 4, "Plans": [{"Node Type": "Streaming(type: LOCAL REDISTRIBUTE dop: 16/16)", "Parent Relationship": "Outer", "Startup Cost": 0.0, "Total Cost": 37119.99, "Plan Rows": 173, "Plan Width": 4, "Plans": [{"Node Type": "Seq Scan", "Parent Relationship": "Outer", "Relation Name": "name", "Alias": "n", "Startup Cost": 0.0, "Total Cost": 22119.33, "Plan Rows": 173, "Plan Width": 4, "Filter": "(((name)::text ~~ '%Tim%'::text) AND ((gender)::text = 'm'::text))"}]}]}]}]}]}]}]}]}]}]}]}]}]}]}]}]}]}]}, "Unique SQL Id": 4264520866, "Planner Runtime": 12}, "explain_analyze_plan": null}, "(16, '63')": {"explain_plan": {"Plan": {"Node Type": "Aggregate", "Strategy": "Plain", "Startup Cost": 7000361921196.91, "Total Cost": 7000361921196.92, "Plan Rows": 1, "Plan Width": 160, "Plans": [{"Node Type": "Nested Loop", "Parent Relationship": "Outer", "Join Type": "Inner", "Startup Cost": 70000000000.0, "Total Cost": 7000361921196.85, "Plan Rows": 8, "Plan Width": 64, "Inner Unique": false, "Join Filter": "(mi.movie_id = t.id)", "Plans": [{"Node Type": "Index Scan", "Parent Relationship": "Outer", "Scan Direction": "Forward", "Index Name": "title_pkey", "Relation Name": "title", "Alias": "t", "Startup Cost": 10000000000.0, "Total Cost": 1000011012048.91, "Plan Rows": 2528311, "Plan Width": 21}, {"Node Type": "Materialize", "Parent Relationship": "Inner", "Startup Cost": 60000000000.0, "Total Cost": 6000350567825.98, "Plan Rows": 9, "Plan Width": 59, "Plans": [{"Node Type": "Nested Loop", "Parent Relationship": "Outer", "Join Type": "Inner", "Startup Cost": 60000000000.0, "Total Cost": 6000350567825.93, "Plan Rows": 9, "Plan Width": 59, "Inner Unique": false, "Join Filter": "(mi_idx.movie_id = mi.movie_id)", "Plans": [{"Node Type": "Nested Loop", "Parent Relationship": "Outer", "Join Type": "Inner", "Startup Cost": 20000000000.0, "Total Cost": 2000004672156.88, "Plan Rows": 345008, "Plan Width": 9, "Inner Unique": true, "Join Filter": "(it2.id = mi_idx.info_type_id), (LLVM Optimized)", "Plans": [{"Node Type": "Index Scan", "Parent Relationship": "Outer", "Scan Direction": "Forward", "Index Name": "movie_id_movie_info_idx", "Relation Name": "movie_info_idx", "Alias": "mi_idx", "Startup Cost": 10000000000.0, "Total Cost": 1000004650035.37, "Plan Rows": 1380034, "Plan Width": 13}, {"Node Type": "Materialize", "Parent Relationship": "Inner", "Startup Cost": 10000000000.0, "Total Cost": 1000000001421.0, "Plan Rows": 1, "Plan Width": 4, "Plans": [{"Node Type": "Index Scan", "Parent Relationship": "Outer", "Scan Direction": "Forward", "Index Name": "info_type_pkey", "Relation Name": "info_type", "Alias": "it2", "Startup Cost": 10000000000.0, "Total Cost": 1000000001421.0, "Plan Rows": 1, "Plan Width": 4, "Filter": "((info)::text = 'votes'::text)"}]}]}, {"Node Type": "Materialize", "Parent Relationship": "Inner", "Startup Cost": 40000000000.0, "Total Cost": 4000345781816.47, "Plan Rows": 22, "Plan Width": 50, "Plans": [{"Node Type": "Nested Loop", "Parent Relationship": "Outer", "Join Type": "Inner", "Startup Cost": 40000000000.0, "Total Cost": 4000345781816.36, "Plan Rows": 22, "Plan Width": 50, "Inner Unique": false, "Join Filter": "(ci.movie_id = mi.movie_id)", "Plans": [{"Node Type": "Nested Loop", "Parent Relationship": "Outer", "Join Type": "Inner", "Startup Cost": 20000000000.0, "Total Cost": 2000104041382.71, "Plan Rows": 212428, "Plan Width": 46, "Inner Unique": true, "Join Filter": "(it1.id = mi.info_type_id), (LLVM Optimized)", "Plans": [{"Node Type": "Index Scan", "Parent Relationship": "Outer", "Scan Direction": "Forward", "Index Name": "movie_id_movie_info", "Relation Name": "movie_info", "Alias": "mi", "Startup Cost": 10000000000.0, "Total Cost": 1000103816912.22, "Plan Rows": 14869966, "Plan Width": 50}, {"Node Type": "Materialize", "Parent Relationship": "Inner", "Startup Cost": 10000000000.0, "Total Cost": 1000000001421.0, "Plan Rows": 1, "Plan Width": 4, "Plans": [{"Node Type": "Index Scan", "Parent Relationship": "Outer", "Scan Direction": "Forward", "Index Name": "info_type_pkey", "Relation Name": "info_type", "Alias": "it1", "Startup Cost": 10000000000.0, "Total Cost": 1000000001421.0, "Plan Rows": 1, "Plan Width": 4, "Filter": "((info)::text = 'budget'::text)"}]}]}, {"Node Type": "Materialize", "Parent Relationship": "Inner", "Startup Cost": 20000000000.0, "Total Cost": 2000240803626.91, "Plan Rows": 294, "Plan Width": 4, "Plans": [{"Node Type": "Nested Loop", "Parent Relationship": "Outer", "Join Type": "Inner", "Startup Cost": 20000000000.0, "Total Cost": 2000240803625.44, "Plan Rows": 294, "Plan Width": 4, "Inner Unique": true, "Join Filter": "(ci.person_id = n.id)", "Plans": [{"Node Type": "Index Scan", "Parent Relationship": "Outer", "Scan Direction": "Forward", "Index Name": "movie_id_cast_info", "Relation Name": "cast_info", "Alias": "ci", "Startup Cost": 10000000000.0, "Total Cost": 1000214997262.8, "Plan Rows": 2350421, "Plan Width": 8, "Filter": "((note)::text = ANY ('{(producer),\"(executive producer)\"}'::text[]))"}, {"Node Type": "Materialize", "Parent Relationship": "Inner", "Startup Cost": 10000000000.0, "Total Cost": 1000019707020.57, "Plan Rows": 173, "Plan Width": 4, "Plans": [{"Node Type": "Index Scan", "Parent Relationship": "Outer", "Scan Direction": "Forward", "Index Name": "name_pkey", "Relation Name": "name", "Alias": "n", "Startup Cost": 10000000000.0, "Total Cost": 1000019707019.7, "Plan Rows": 173, "Plan Width": 4, "Filter": "(((name)::text ~~ '%Tim%'::text) AND ((gender)::text = 'm'::text))"}]}]}]}]}]}]}]}]}]}, "Unique SQL Id": 4264520866, "Planner Runtime": 6}, "explain_analyze_plan": null}, "(16, '64')": {"explain_plan": {"Plan": {"Node Type": "Aggregate", "Strategy": "Plain", "Startup Cost": 29894.16, "Total Cost": 29894.17, "Plan Rows": 1, "Plan Width": 160, "Plans": [{"Node Type": "Nested Loop", "Parent Relationship": "Outer", "Join Type": "Inner", "Startup Cost": 2.41, "Total Cost": 29894.1, "Plan Rows": 9, "Plan Width": 64, "Inner Unique": true, "Plans": [{"Node Type": "Nested Loop", "Parent Relationship": "Outer", "Join Type": "Inner", "Startup Cost": 2.41, "Total Cost": 29891.47, "Plan Rows": 9, "Plan Width": 59, "Inner Unique": true, "Plans": [{"Node Type": "Nested Loop", "Parent Relationship": "Outer", "Join Type": "Inner", "Startup Cost": 2.41, "Total Cost": 29833.84, "Plan Rows": 204, "Plan Width": 63, "Inner Unique": false, "Plans": [{"Node Type": "Hash Join", "Parent Relationship": "Outer", "Join Type": "Inner", "Startup Cost": 2.41, "Total Cost": 29792.2, "Plan Rows": 133, "Plan Width": 50, "Inner Unique": true, "Hash Cond": "(mi.info_type_id = it1.id)", "Plans": [{"Node Type": "Nested Loop", "Parent Relationship": "Outer", "Join Type": "Inner", "Startup Cost": 0.0, "Total Cost": 29785.66, "Plan Rows": 1561, "Plan Width": 54, "Inner Unique": false, "Plans": [{"Node Type": "Nested Loop", "Parent Relationship": "Outer", "Join Type": "Inner", "Startup Cost": 0.0, "Total Cost": 29565.43, "Plan Rows": 294, "Plan Width": 4, "Inner Unique": false, "Plans": [{"Node Type": "Streaming(type: LOCAL GATHER dop: 1/16)", "Parent Relationship": "Outer", "Startup Cost": 0.0, "Total Cost": 22123.07, "Plan Rows": 173, "Plan Width": 4, "Plans": [{"Node Type": "Seq Scan", "Parent Relationship": "Outer", "Relation Name": "name", "Alias": "n", "Startup Cost": 0.0, "Total Cost": 22119.33, "Plan Rows": 173, "Plan Width": 4, "Filter": "(((name)::text ~~ '%Tim%'::text) AND ((gender)::text = 'm'::text))"}]}, {"Node Type": "Index Scan", "Parent Relationship": "Inner", "Scan Direction": "Forward", "Index Name": "person_id_cast_info", "Relation Name": "cast_info", "Alias": "ci", "Startup Cost": 0.0, "Total Cost": 43.0, "Plan Rows": 2, "Plan Width": 8, "Index Cond": "(person_id = n.id)", "Filter": "((note)::text = ANY ('{(producer),\"(executive producer)\"}'::text[]))"}]}, {"Node Type": "Index Scan", "Parent Relationship": "Inner", "Scan Direction": "Forward", "Index Name": "movie_id_movie_info", "Relation Name": "movie_info", "Alias": "mi", "Startup Cost": 0.0, "Total Cost": 0.7, "Plan Rows": 5, "Plan Width": 50, "Index Cond": "(movie_id = ci.movie_id)"}]}, {"Node Type": "Hash", "Parent Relationship": "Inner", "Startup Cost": 2.4, "Total Cost": 2.4, "Plan Rows": 1, "Plan Width": 4, "Plans": [{"Node Type": "Seq Scan", "Parent Relationship": "Outer", "Relation Name": "info_type", "Alias": "it1", "Startup Cost": 0.0, "Total Cost": 2.4, "Plan Rows": 1, "Plan Width": 4, "Filter": "((info)::text = 'budget'::text)"}]}]}, {"Node Type": "Index Scan", "Parent Relationship": "Inner", "Scan Direction": "Forward", "Index Name": "movie_id_movie_info_idx", "Relation Name": "movie_info_idx", "Alias": "mi_idx", "Startup Cost": 0.0, "Total Cost": 0.29, "Plan Rows": 2, "Plan Width": 13, "Index Cond": "(movie_id = mi.movie_id)"}]}, {"Node Type": "Index Scan", "Parent Relationship": "Inner", "Scan Direction": "Forward", "Index Name": "info_type_pkey", "Relation Name": "info_type", "Alias": "it2", "Startup Cost": 0.0, "Total Cost": 0.27, "Plan Rows": 1, "Plan Width": 4, "Index Cond": "(id = mi_idx.info_type_id)", "Filter": "((info)::text = 'votes'::text)"}]}, {"Node Type": "Index Scan", "Parent Relationship": "Inner", "Scan Direction": "Forward", "Index Name": "title_pkey", "Relation Name": "title", "Alias": "t", "Startup Cost": 0.0, "Total Cost": 0.28, "Plan Rows": 1, "Plan Width": 21, "Index Cond": "(id = mi.movie_id)"}]}]}, "Unique SQL Id": 4264520866, "Planner Runtime": 80}, "explain_analyze_plan": {"Plan": {"Node Type": "Aggregate", "Strategy": "Plain", "Startup Cost": 29894.16, "Total Cost": 29894.17, "Plan Rows": 1, "Plan Width": 160, "Actual Min Startup Time": 369.109, "Actual Max Startup Time": 369.109, "Actual Min Total Time": 369.109, "Actual Max Total Time": 369.109, "Plans": [{"Node Type": "Nested Loop", "Parent Relationship": "Outer", "Join Type": "Inner", "Startup Cost": 2.41, "Total Cost": 29894.1, "Plan Rows": 9, "Plan Width": 64, "Actual Min Startup Time": 22.227, "Actual Max Startup Time": 22.227, "Actual Min Total Time": 368.394, "Actual Max Total Time": 368.394, "Inner Unique": true, "Plans": [{"Node Type": "Nested Loop", "Parent Relationship": "Outer", "Join Type": "Inner", "Startup Cost": 2.41, "Total Cost": 29891.47, "Plan Rows": 9, "Plan Width": 59, "Actual Min Startup Time": 22.208, "Actual Max Startup Time": 22.208, "Actual Min Total Time": 364.242, "Actual Max Total Time": 364.242, "Inner Unique": true, "Plans": [{"Node Type": "Nested Loop", "Parent Relationship": "Outer", "Join Type": "Inner", "Startup Cost": 2.41, "Total Cost": 29833.84, "Plan Rows": 204, "Plan Width": 63, "Actual Min Startup Time": 22.19, "Actual Max Startup Time": 22.19, "Actual Min Total Time": 360.744, "Actual Max Total Time": 360.744, "Inner Unique": false, "Plans": [{"Node Type": "Hash Join", "Parent Relationship": "Outer", "Join Type": "Inner", "Startup Cost": 2.41, "Total Cost": 29792.2, "Plan Rows": 133, "Plan Width": 50, "Actual Min Startup Time": 22.172, "Actual Max Startup Time": 22.172, "Actual Min Total Time": 354.059, "Actual Max Total Time": 354.059, "Inner Unique": true, "Hash Cond": "(mi.info_type_id = it1.id)", "Plans": [{"Node Type": "Nested Loop", "Parent Relationship": "Outer", "Join Type": "Inner", "Startup Cost": 0.0, "Total Cost": 29785.66, "Plan Rows": 1561, "Plan Width": 54, "Actual Min Startup Time": 20.167, "Actual Max Startup Time": 20.167, "Actual Min Total Time": 338.648, "Actual Max Total Time": 338.648, "Inner Unique": false, "Plans": [{"Node Type": "Nested Loop", "Parent Relationship": "Outer", "Join Type": "Inner", "Startup Cost": 0.0, "Total Cost": 29565.43, "Plan Rows": 294, "Plan Width": 4, "Actual Min Startup Time": 20.147, "Actual Max Startup Time": 20.147, "Actual Min Total Time": 192.174, "Actual Max Total Time": 192.174, "Inner Unique": false, "Plans": [{"Node Type": "Streaming(type: LOCAL GATHER dop: 1/16)", "Parent Relationship": "Outer", "Startup Cost": 0.0, "Total Cost": 22123.07, "Plan Rows": 173, "Plan Width": 4, "Actual Min Startup Time": 20.087, "Actual Max Startup Time": 20.087, "Actual Min Total Time": 61.558, "Actual Max Total Time": 61.558, "Plans": [{"Node Type": "Seq Scan", "Parent Relationship": "Outer", "Relation Name": "name", "Alias": "n", "Startup Cost": 0.0, "Total Cost": 22119.33, "Plan Rows": 173, "Plan Width": 4, "Actual Min Startup Time": 0.028, "Actual Max Startup Time": 0.841, "Actual Min Total Time": 101.789, "Actual Max Total Time": 105.936, "Filter": "(((name)::text ~~ '%Tim%'::text) AND ((gender)::text = 'm'::text))", "Rows Removed by Filter": 4158428, "Actual Rows": 9062}], "Actual Rows": 9062}, {"Node Type": "Index Scan", "Parent Relationship": "Inner", "Scan Direction": "Forward", "Index Name": "person_id_cast_info", "Relation Name": "cast_info", "Alias": "ci", "Startup Cost": 0.0, "Total Cost": 43.0, "Plan Rows": 2, "Plan Width": 8, "Actual Min Startup Time": 105.254, "Actual Max Startup Time": 105.254, "Actual Min Total Time": 124.312, "Actual Max Total Time": 124.312, "Index Cond": "(person_id = n.id)", "Rows Removed by Index Recheck": 0, "Filter": "((note)::text = ANY ('{(producer),\"(executive producer)\"}'::text[]))", "Rows Removed by Filter": 89309, "Actual Rows": 6719}], "Actual Rows": 6719}, {"Node Type": "Index Scan", "Parent Relationship": "Inner", "Scan Direction": "Forward", "Index Name": "movie_id_movie_info", "Relation Name": "movie_info", "Alias": "mi", "Startup Cost": 0.0, "Total Cost": 0.7, "Plan Rows": 5, "Plan Width": 50, "Actual Min Startup Time": 39.884, "Actual Max Startup Time": 39.884, "Actual Min Total Time": 122.723, "Actual Max Total Time": 122.723, "Index Cond": "(movie_id = ci.movie_id)", "Rows Removed by Index Recheck": 0, "Actual Rows": 95896}], "Actual Rows": 95896}, {"Node Type": "Hash", "Parent Relationship": "Inner", "Startup Cost": 2.4, "Total Cost": 2.4, "Plan Rows": 1, "Plan Width": 4, "Actual Min Startup Time": 0.077, "Actual Max Startup Time": 0.077, "Actual Min Total Time": 0.077, "Actual Max Total Time": 0.077, "Max Hash Buckets": 32768, "Min Hash Buckets": 32768, "Max Hash Batches": 1, "Min Hash Batches": 1, "Max Original Hash Batches": 1, "Min Original Hash Batches": 1, "Max Peak Memory Usage": 1, "min Peak Memory Usage": 1, "Plans": [{"Node Type": "Seq Scan", "Parent Relationship": "Outer", "Relation Name": "info_type", "Alias": "it1", "Startup Cost": 0.0, "Total Cost": 2.4, "Plan Rows": 1, "Plan Width": 4, "Actual Min Startup Time": 0.06, "Actual Max Startup Time": 0.06, "Actual Min Total Time": 0.065, "Actual Max Total Time": 0.065, "Filter": "((info)::text = 'budget'::text)", "Rows Removed by Filter": 111, "Actual Rows": 1}], "Actual Rows": 1}], "Actual Rows": 699}, {"Node Type": "Index Scan", "Parent Relationship": "Inner", "Scan Direction": "Forward", "Index Name": "movie_id_movie_info_idx", "Relation Name": "movie_info_idx", "Alias": "mi_idx", "Startup Cost": 0.0, "Total Cost": 0.29, "Plan Rows": 2, "Plan Width": 13, "Actual Min Startup Time": 5.314, "Actual Max Startup Time": 5.314, "Actual Min Total Time": 5.911, "Actual Max Total Time": 5.911, "Index Cond": "(movie_id = mi.movie_id)", "Rows Removed by Index Recheck": 0, "Actual Rows": 1235}], "Actual Rows": 1235}, {"Node Type": "Index Scan", "Parent Relationship": "Inner", "Scan Direction": "Forward", "Index Name": "info_type_pkey", "Relation Name": "info_type", "Alias": "it2", "Startup Cost": 0.0, "Total Cost": 0.27, "Plan Rows": 1, "Plan Width": 4, "Actual Min Startup Time": 2.685, "Actual Max Startup Time": 2.685, "Actual Min Total Time": 2.685, "Actual Max Total Time": 2.685, "Index Cond": "(id = mi_idx.info_type_id)", "Rows Removed by Index Recheck": 0, "Filter": "((info)::text = 'votes'::text)", "Rows Removed by Filter": 825, "Actual Rows": 410}], "Actual Rows": 410}, {"Node Type": "Index Scan", "Parent Relationship": "Inner", "Scan Direction": "Forward", "Index Name": "title_pkey", "Relation Name": "title", "Alias": "t", "Startup Cost": 0.0, "Total Cost": 0.28, "Plan Rows": 1, "Plan Width": 21, "Actual Min Startup Time": 3.64, "Actual Max Startup Time": 3.64, "Actual Min Total Time": 3.64, "Actual Max Total Time": 3.64, "Index Cond": "(id = mi.movie_id)", "Rows Removed by Index Recheck": 0, "Actual Rows": 410}], "Actual Rows": 410}], "Actual Rows": 1}, "Triggers": [], "Planner Runtime": 80.617, "Total Runtime": 371.735, "Unique SQL Id": 4264520866}}, "(16, '65')": {"explain_plan": {"Plan": {"Node Type": "Aggregate", "Strategy": "Plain", "Startup Cost": 161226.62, "Total Cost": 161226.63, "Plan Rows": 1, "Plan Width": 160, "Plans": [{"Node Type": "Nested Loop", "Parent Relationship": "Outer", "Join Type": "Inner", "Startup Cost": 0.0, "Total Cost": 161226.56, "Plan Rows": 9, "Plan Width": 64, "Inner Unique": true, "Plans": [{"Node Type": "Nested Loop", "Parent Relationship": "Outer", "Join Type": "Inner", "Startup Cost": 0.0, "Total Cost": 161223.93, "Plan Rows": 9, "Plan Width": 59, "Inner Unique": true, "Plans": [{"Node Type": "Nested Loop", "Parent Relationship": "Outer", "Join Type": "Inner", "Startup Cost": 0.0, "Total Cost": 161145.11, "Plan Rows": 279, "Plan Width": 63, "Inner Unique": false, "Join Filter": "(mi_idx.movie_id = mi.movie_id)", "Plans": [{"Node Type": "Nested Loop", "Parent Relationship": "Outer", "Join Type": "Inner", "Startup Cost": 0.0, "Total Cost": 161105.51, "Plan Rows": 52, "Plan Width": 13, "Inner Unique": true, "Plans": [{"Node Type": "Nested Loop", "Parent Relationship": "Outer", "Join Type": "Inner", "Startup Cost": 0.0, "Total Cost": 161007.76, "Plan Rows": 346, "Plan Width": 17, "Inner Unique": false, "Plans": [{"Node Type": "Nested Loop", "Parent Relationship": "Outer", "Join Type": "Inner", "Startup Cost": 0.0, "Total Cost": 160910.97, "Plan Rows": 294, "Plan Width": 4, "Inner Unique": false, "Plans": [{"Node Type": "Streaming(type: LOCAL GATHER dop: 1/16)", "Parent Relationship": "Outer", "Startup Cost": 0.0, "Total Cost": 153468.6, "Plan Rows": 173, "Plan Width": 4, "Plans": [{"Node Type": "Index Scan", "Parent Relationship": "Outer", "Scan Direction": "Forward", "Index Name": "name_pkey", "Relation Name": "name", "Alias": "n", "Startup Cost": 0.0, "Total Cost": 153464.87, "Plan Rows": 173, "Plan Width": 4, "Filter": "(((name)::text ~~ '%Tim%'::text) AND ((gender)::text = 'm'::text))"}]}, {"Node Type": "Index Scan", "Parent Relationship": "Inner", "Scan Direction": "Forward", "Index Name": "person_id_cast_info", "Relation Name": "cast_info", "Alias": "ci", "Startup Cost": 0.0, "Total Cost": 43.0, "Plan Rows": 2, "Plan Width": 8, "Index Cond": "(person_id = n.id)", "Filter": "((note)::text = ANY ('{(producer),\"(executive producer)\"}'::text[]))"}]}, {"Node Type": "Index Scan", "Parent Relationship": "Inner", "Scan Direction": "Forward", "Index Name": "movie_id_movie_info_idx", "Relation Name": "movie_info_idx", "Alias": "mi_idx", "Startup Cost": 0.0, "Total Cost": 0.31, "Plan Rows": 2, "Plan Width": 13, "Index Cond": "(movie_id = ci.movie_id)"}]}, {"Node Type": "Index Scan", "Parent Relationship": "Inner", "Scan Direction": "Forward", "Index Name": "info_type_pkey", "Relation Name": "info_type", "Alias": "it2", "Startup Cost": 0.0, "Total Cost": 0.27, "Plan Rows": 1, "Plan Width": 4, "Index Cond": "(id = mi_idx.info_type_id)", "Filter": "((info)::text = 'votes'::text)"}]}, {"Node Type": "Index Scan", "Parent Relationship": "Inner", "Scan Direction": "Forward", "Index Name": "movie_id_movie_info", "Relation Name": "movie_info", "Alias": "mi", "Startup Cost": 0.0, "Total Cost": 0.7, "Plan Rows": 5, "Plan Width": 50, "Index Cond": "(movie_id = ci.movie_id)"}]}, {"Node Type": "Index Scan", "Parent Relationship": "Inner", "Scan Direction": "Forward", "Index Name": "info_type_pkey", "Relation Name": "info_type", "Alias": "it1", "Startup Cost": 0.0, "Total Cost": 0.27, "Plan Rows": 1, "Plan Width": 4, "Index Cond": "(id = mi.info_type_id)", "Filter": "((info)::text = 'budget'::text)"}]}, {"Node Type": "Index Scan", "Parent Relationship": "Inner", "Scan Direction": "Forward", "Index Name": "title_pkey", "Relation Name": "title", "Alias": "t", "Startup Cost": 0.0, "Total Cost": 0.28, "Plan Rows": 1, "Plan Width": 21, "Index Cond": "(id = mi.movie_id)"}]}]}, "Unique SQL Id": 4264520866, "Planner Runtime": 51}, "explain_analyze_plan": {"Plan": {"Node Type": "Aggregate", "Strategy": "Plain", "Startup Cost": 161226.62, "Total Cost": 161226.63, "Plan Rows": 1, "Plan Width": 160, "Actual Min Startup Time": 607.284, "Actual Max Startup Time": 607.284, "Actual Min Total Time": 607.284, "Actual Max Total Time": 607.284, "Plans": [{"Node Type": "Nested Loop", "Parent Relationship": "Outer", "Join Type": "Inner", "Startup Cost": 0.0, "Total Cost": 161226.56, "Plan Rows": 9, "Plan Width": 64, "Actual Min Startup Time": 76.744, "Actual Max Startup Time": 76.744, "Actual Min Total Time": 606.583, "Actual Max Total Time": 606.583, "Inner Unique": true, "Plans": [{"Node Type": "Nested Loop", "Parent Relationship": "Outer", "Join Type": "Inner", "Startup Cost": 0.0, "Total Cost": 161223.93, "Plan Rows": 9, "Plan Width": 59, "Actual Min Startup Time": 76.723, "Actual Max Startup Time": 76.723, "Actual Min Total Time": 602.309, "Actual Max Total Time": 602.309, "Inner Unique": true, "Plans": [{"Node Type": "Nested Loop", "Parent Relationship": "Outer", "Join Type": "Inner", "Startup Cost": 0.0, "Total Cost": 161145.11, "Plan Rows": 279, "Plan Width": 63, "Actual Min Startup Time": 76.681, "Actual Max Startup Time": 76.681, "Actual Min Total Time": 420.887, "Actual Max Total Time": 420.887, "Inner Unique": false, "Join Filter": "(mi_idx.movie_id = mi.movie_id)", "Rows Removed by Join Filter": 0, "Plans": [{"Node Type": "Nested Loop", "Parent Relationship": "Outer", "Join Type": "Inner", "Startup Cost": 0.0, "Total Cost": 161105.51, "Plan Rows": 52, "Plan Width": 13, "Actual Min Startup Time": 76.658, "Actual Max Startup Time": 76.658, "Actual Min Total Time": 292.413, "Actual Max Total Time": 292.413, "Inner Unique": true, "Plans": [{"Node Type": "Nested Loop", "Parent Relationship": "Outer", "Join Type": "Inner", "Startup Cost": 0.0, "Total Cost": 161007.76, "Plan Rows": 346, "Plan Width": 17, "Actual Min Startup Time": 76.636, "Actual Max Startup Time": 76.636, "Actual Min Total Time": 267.06, "Actual Max Total Time": 267.06, "Inner Unique": false, "Plans": [{"Node Type": "Nested Loop", "Parent Relationship": "Outer", "Join Type": "Inner", "Startup Cost": 0.0, "Total Cost": 160910.97, "Plan Rows": 294, "Plan Width": 4, "Actual Min Startup Time": 76.609, "Actual Max Startup Time": 76.609, "Actual Min Total Time": 228.308, "Actual Max Total Time": 228.308, "Inner Unique": false, "Plans": [{"Node Type": "Streaming(type: LOCAL GATHER dop: 1/16)", "Parent Relationship": "Outer", "Startup Cost": 0.0, "Total Cost": 153468.6, "Plan Rows": 173, "Plan Width": 4, "Actual Min Startup Time": 76.451, "Actual Max Startup Time": 76.451, "Actual Min Total Time": 97.413, "Actual Max Total Time": 97.413, "Plans": [{"Node Type": "Index Scan", "Parent Relationship": "Outer", "Scan Direction": "Forward", "Index Name": "name_pkey", "Relation Name": "name", "Alias": "n", "Startup Cost": 0.0, "Total Cost": 153464.87, "Plan Rows": 173, "Plan Width": 4, "Actual Min Startup Time": 45.312, "Actual Max Startup Time": 303.084, "Actual Min Total Time": 276.11, "Actual Max Total Time": 305.567, "Filter": "(((name)::text ~~ '%Tim%'::text) AND ((gender)::text = 'm'::text))", "Rows Removed by Filter": 4158428, "Actual Rows": 9062}], "Actual Rows": 9062}, {"Node Type": "Index Scan", "Parent Relationship": "Inner", "Scan Direction": "Forward", "Index Name": "person_id_cast_info", "Relation Name": "cast_info", "Alias": "ci", "Startup Cost": 0.0, "Total Cost": 43.0, "Plan Rows": 2, "Plan Width": 8, "Actual Min Startup Time": 104.871, "Actual Max Startup Time": 104.871, "Actual Min Total Time": 124.44, "Actual Max Total Time": 124.44, "Index Cond": "(person_id = n.id)", "Rows Removed by Index Recheck": 0, "Filter": "((note)::text = ANY ('{(producer),\"(executive producer)\"}'::text[]))", "Rows Removed by Filter": 89309, "Actual Rows": 6719}], "Actual Rows": 6719}, {"Node Type": "Index Scan", "Parent Relationship": "Inner", "Scan Direction": "Forward", "Index Name": "movie_id_movie_info_idx", "Relation Name": "movie_info_idx", "Alias": "mi_idx", "Startup Cost": 0.0, "Total Cost": 0.31, "Plan Rows": 2, "Plan Width": 13, "Actual Min Startup Time": 28.535, "Actual Max Startup Time": 28.535, "Actual Min Total Time": 32.59, "Actual Max Total Time": 32.59, "Index Cond": "(movie_id = ci.movie_id)", "Rows Removed by Index Recheck": 0, "Actual Rows": 10310}], "Actual Rows": 10310}, {"Node Type": "Index Scan", "Parent Relationship": "Inner", "Scan Direction": "Forward", "Index Name": "info_type_pkey", "Relation Name": "info_type", "Alias": "it2", "Startup Cost": 0.0, "Total Cost": 0.27, "Plan Rows": 1, "Plan Width": 4, "Actual Min Startup Time": 19.515, "Actual Max Startup Time": 19.515, "Actual Min Total Time": 19.515, "Actual Max Total Time": 19.515, "Index Cond": "(id = mi_idx.info_type_id)", "Rows Removed by Index Recheck": 0, "Filter": "((info)::text = 'votes'::text)", "Rows Removed by Filter": 6875, "Actual Rows": 3435}], "Actual Rows": 3435}, {"Node Type": "Index Scan", "Parent Relationship": "Inner", "Scan Direction": "Forward", "Index Name": "movie_id_movie_info", "Relation Name": "movie_info", "Alias": "mi", "Startup Cost": 0.0, "Total Cost": 0.7, "Plan Rows": 5, "Plan Width": 50, "Actual Min Startup Time": 24.09, "Actual Max Startup Time": 24.09, "Actual Min Total Time": 96.018, "Actual Max Total Time": 96.018, "Index Cond": "(movie_id = ci.movie_id)", "Rows Removed by Index Recheck": 0, "Actual Rows": 82408}], "Actual Rows": 82408}, {"Node Type": "Index Scan", "Parent Relationship": "Inner", "Scan Direction": "Forward", "Index Name": "info_type_pkey", "Relation Name": "info_type", "Alias": "it1", "Startup Cost": 0.0, "Total Cost": 0.27, "Plan Rows": 1, "Plan Width": 4, "Actual Min Startup Time": 143.239, "Actual Max Startup Time": 143.239, "Actual Min Total Time": 143.239, "Actual Max Total Time": 143.239, "Index Cond": "(id = mi.info_type_id)", "Rows Removed by Index Recheck": 0, "Filter": "((info)::text = 'budget'::text)", "Rows Removed by Filter": 79844, "Actual Rows": 410}], "Actual Rows": 410}, {"Node Type": "Index Scan", "Parent Relationship": "Inner", "Scan Direction": "Forward", "Index Name": "title_pkey", "Relation Name": "title", "Alias": "t", "Startup Cost": 0.0, "Total Cost": 0.28, "Plan Rows": 1, "Plan Width": 21, "Actual Min Startup Time": 3.705, "Actual Max Startup Time": 3.705, "Actual Min Total Time": 3.705, "Actual Max Total Time": 3.705, "Index Cond": "(id = mi.movie_id)", "Rows Removed by Index Recheck": 0, "Actual Rows": 410}], "Actual Rows": 410}], "Actual Rows": 1}, "Triggers": [], "Planner Runtime": 50.937, "Total Runtime": 609.898, "Unique SQL Id": 4264520866}}, "(16, '66')": {"explain_plan": {"Plan": {"Node Type": "Aggregate", "Strategy": "Plain", "Startup Cost": 37431.55, "Total Cost": 37431.56, "Plan Rows": 1, "Plan Width": 160, "Plans": [{"Node Type": "Nested Loop", "Parent Relationship": "Outer", "Join Type": "Inner", "Startup Cost": 10.12, "Total Cost": 37431.17, "Plan Rows": 51, "Plan Width": 64, "Inner Unique": true, "Plans": [{"Node Type": "Hash Join", "Parent Relationship": "Outer", "Join Type": "Inner", "Startup Cost": 9.86, "Total Cost": 37212.75, "Plan Rows": 51, "Plan Width": 59, "Inner Unique": true, "Hash Cond": "(mi_idx.info_type_id = it2.id)", "Plans": [{"Node Type": "Nested Loop", "Parent Relationship": "Outer", "Join Type": "Inner", "Startup Cost": 7.45, "Total Cost": 37209.32, "Plan Rows": 204, "Plan Width": 63, "Inner Unique": false, "Plans": [{"Node Type": "Hash Join", "Parent Relationship": "Outer", "Join Type": "Inner", "Startup Cost": 7.18, "Total Cost": 36635.85, "Plan Rows": 133, "Plan Width": 50, "Inner Unique": true, "Hash Cond": "(mi.info_type_id = it1.id)", "Plans": [{"Node Type": "Nested Loop", "Parent Relationship": "Outer", "Join Type": "Inner", "Startup Cost": 4.77, "Total Cost": 36629.3, "Plan Rows": 1561, "Plan Width": 54, "Inner Unique": false, "Plans": [{"Node Type": "Nested Loop", "Parent Relationship": "Outer", "Join Type": "Inner", "Startup Cost": 4.39, "Total Cost": 35306.9, "Plan Rows": 294, "Plan Width": 4, "Inner Unique": false, "Plans": [{"Node Type": "Streaming(type: LOCAL GATHER dop: 1/16)", "Parent Relationship": "Outer", "Startup Cost": 0.0, "Total Cost": 22123.07, "Plan Rows": 173, "Plan Width": 4, "Plans": [{"Node Type": "Seq Scan", "Parent Relationship": "Outer", "Relation Name": "name", "Alias": "n", "Startup Cost": 0.0, "Total Cost": 22119.33, "Plan Rows": 173, "Plan Width": 4, "Filter": "(((name)::text ~~ '%Tim%'::text) AND ((gender)::text = 'm'::text))"}]}, {"Node Type": "Bitmap Heap Scan", "Parent Relationship": "Inner", "Relation Name": "cast_info", "Alias": "ci", "Startup Cost": 4.39, "Total Cost": 76.19, "Plan Rows": 2, "Plan Width": 8, "Recheck Cond": "(person_id = n.id)", "Filter": "((note)::text = ANY ('{(producer),\"(executive producer)\"}'::text[]))", "Plans": [{"Node Type": "Bitmap Index Scan", "Parent Relationship": "Outer", "Index Name": "person_id_cast_info", "Startup Cost": 0.0, "Total Cost": 4.38, "Plan Rows": 18, "Plan Width": 0, "Index Cond": "(person_id = n.id)"}]}]}, {"Node Type": "Bitmap Heap Scan", "Parent Relationship": "Inner", "Relation Name": "movie_info", "Alias": "mi", "Startup Cost": 0.39, "Total Cost": 4.45, "Plan Rows": 5, "Plan Width": 50, "Recheck Cond": "(movie_id = ci.movie_id)", "Plans": [{"Node Type": "Bitmap Index Scan", "Parent Relationship": "Outer", "Index Name": "movie_id_movie_info", "Startup Cost": 0.0, "Total Cost": 0.38, "Plan Rows": 5, "Plan Width": 0, "Index Cond": "(movie_id = ci.movie_id)"}]}]}, {"Node Type": "Hash", "Parent Relationship": "Inner", "Startup Cost": 2.4, "Total Cost": 2.4, "Plan Rows": 1, "Plan Width": 4, "Plans": [{"Node Type": "Seq Scan", "Parent Relationship": "Outer", "Relation Name": "info_type", "Alias": "it1", "Startup Cost": 0.0, "Total Cost": 2.4, "Plan Rows": 1, "Plan Width": 4, "Filter": "((info)::text = 'budget'::text)"}]}]}, {"Node Type": "Bitmap Heap Scan", "Parent Relationship": "Inner", "Relation Name": "movie_info_idx", "Alias": "mi_idx", "Startup Cost": 0.27, "Total Cost": 4.29, "Plan Rows": 2, "Plan Width": 13, "Recheck Cond": "(movie_id = mi.movie_id)", "Plans": [{"Node Type": "Bitmap Index Scan", "Parent Relationship": "Outer", "Index Name": "movie_id_movie_info_idx", "Startup Cost": 0.0, "Total Cost": 0.27, "Plan Rows": 2, "Plan Width": 0, "Index Cond": "(movie_id = mi.movie_id)"}]}]}, {"Node Type": "Hash", "Parent Relationship": "Inner", "Startup Cost": 2.4, "Total Cost": 2.4, "Plan Rows": 1, "Plan Width": 4, "Plans": [{"Node Type": "Seq Scan", "Parent Relationship": "Outer", "Relation Name": "info_type", "Alias": "it2", "Startup Cost": 0.0, "Total Cost": 2.4, "Plan Rows": 1, "Plan Width": 4, "Filter": "((info)::text = 'votes'::text)"}]}]}, {"Node Type": "Bitmap Heap Scan", "Parent Relationship": "Inner", "Relation Name": "title", "Alias": "t", "Startup Cost": 0.26, "Total Cost": 4.27, "Plan Rows": 1, "Plan Width": 21, "Recheck Cond": "(id = mi.movie_id)", "Plans": [{"Node Type": "Bitmap Index Scan", "Parent Relationship": "Outer", "Index Name": "title_pkey", "Startup Cost": 0.0, "Total Cost": 0.26, "Plan Rows": 1, "Plan Width": 0, "Index Cond": "(id = mi.movie_id)"}]}]}]}, "Unique SQL Id": 4264520866, "Planner Runtime": 105}, "explain_analyze_plan": {"Plan": {"Node Type": "Aggregate", "Strategy": "Plain", "Startup Cost": 37431.55, "Total Cost": 37431.56, "Plan Rows": 1, "Plan Width": 160, "Actual Min Startup Time": 417.072, "Actual Max Startup Time": 417.072, "Actual Min Total Time": 417.072, "Actual Max Total Time": 417.072, "Plans": [{"Node Type": "Nested Loop", "Parent Relationship": "Outer", "Join Type": "Inner", "Startup Cost": 10.12, "Total Cost": 37431.17, "Plan Rows": 51, "Plan Width": 64, "Actual Min Startup Time": 24.222, "Actual Max Startup Time": 24.222, "Actual Min Total Time": 416.258, "Actual Max Total Time": 416.258, "Inner Unique": true, "Plans": [{"Node Type": "Hash Join", "Parent Relationship": "Outer", "Join Type": "Inner", "Startup Cost": 9.86, "Total Cost": 37212.75, "Plan Rows": 51, "Plan Width": 59, "Actual Min Startup Time": 24.198, "Actual Max Startup Time": 24.198, "Actual Min Total Time": 411.29, "Actual Max Total Time": 411.29, "Inner Unique": true, "Hash Cond": "(mi_idx.info_type_id = it2.id)", "Plans": [{"Node Type": "Nested Loop", "Parent Relationship": "Outer", "Join Type": "Inner", "Startup Cost": 7.45, "Total Cost": 37209.32, "Plan Rows": 204, "Plan Width": 63, "Actual Min Startup Time": 24.064, "Actual Max Startup Time": 24.064, "Actual Min Total Time": 410.654, "Actual Max Total Time": 410.654, "Inner Unique": false, "Plans": [{"Node Type": "Hash Join", "Parent Relationship": "Outer", "Join Type": "Inner", "Startup Cost": 7.18, "Total Cost": 36635.85, "Plan Rows": 133, "Plan Width": 50, "Actual Min Startup Time": 23.272, "Actual Max Startup Time": 23.272, "Actual Min Total Time": 402.772, "Actual Max Total Time": 402.772, "Inner Unique": true, "Hash Cond": "(mi.info_type_id = it1.id)", "Plans": [{"Node Type": "Nested Loop", "Parent Relationship": "Outer", "Join Type": "Inner", "Startup Cost": 4.77, "Total Cost": 36629.3, "Plan Rows": 1561, "Plan Width": 54, "Actual Min Startup Time": 23.154, "Actual Max Startup Time": 23.154, "Actual Min Total Time": 387.379, "Actual Max Total Time": 387.379, "Inner Unique": false, "Plans": [{"Node Type": "Nested Loop", "Parent Relationship": "Outer", "Join Type": "Inner", "Startup Cost": 4.39, "Total Cost": 35306.9, "Plan Rows": 294, "Plan Width": 4, "Actual Min Startup Time": 23.125, "Actual Max Startup Time": 23.125, "Actual Min Total Time": 214.505, "Actual Max Total Time": 214.505, "Inner Unique": false, "Plans": [{"Node Type": "Streaming(type: LOCAL GATHER dop: 1/16)", "Parent Relationship": "Outer", "Startup Cost": 0.0, "Total Cost": 22123.07, "Plan Rows": 173, "Plan Width": 4, "Actual Min Startup Time": 22.672, "Actual Max Startup Time": 22.672, "Actual Min Total Time": 65.711, "Actual Max Total Time": 65.711, "Plans": [{"Node Type": "Seq Scan", "Parent Relationship": "Outer", "Relation Name": "name", "Alias": "n", "Startup Cost": 0.0, "Total Cost": 22119.33, "Plan Rows": 173, "Plan Width": 4, "Actual Min Startup Time": 0.032, "Actual Max Startup Time": 0.833, "Actual Min Total Time": 101.74, "Actual Max Total Time": 105.965, "Filter": "(((name)::text ~~ '%Tim%'::text) AND ((gender)::text = 'm'::text))", "Rows Removed by Filter": 4158428, "Actual Rows": 9062}], "Actual Rows": 9062}, {"Node Type": "Bitmap Heap Scan", "Parent Relationship": "Inner", "Relation Name": "cast_info", "Alias": "ci", "Startup Cost": 4.39, "Total Cost": 76.19, "Plan Rows": 2, "Plan Width": 8, "Actual Min Startup Time": 120.156, "Actual Max Startup Time": 120.156, "Actual Min Total Time": 136.197, "Actual Max Total Time": 136.197, "Recheck Cond": "(person_id = n.id)", "Rows Removed by Index Recheck": 0, "Filter": "((note)::text = ANY ('{(producer),\"(executive producer)\"}'::text[]))", "Rows Removed by Filter": 89309, "Exact Heap Blocks": 13336, "Lossy Heap Blocks": 13336, "Plans": [{"Node Type": "Bitmap Index Scan", "Parent Relationship": "Outer", "Index Name": "person_id_cast_info", "Startup Cost": 0.0, "Total Cost": 4.38, "Plan Rows": 18, "Plan Width": 0, "Actual Min Startup Time": 50.817, "Actual Max Startup Time": 50.817, "Actual Min Total Time": 50.817, "Actual Max Total Time": 50.817, "Index Cond": "(person_id = n.id)", "Actual Rows": 96028}], "Actual Rows": 6719}], "Actual Rows": 6719}, {"Node Type": "Bitmap Heap Scan", "Parent Relationship": "Inner", "Relation Name": "movie_info", "Alias": "mi", "Startup Cost": 0.39, "Total Cost": 4.45, "Plan Rows": 5, "Plan Width": 50, "Actual Min Startup Time": 61.896, "Actual Max Startup Time": 61.896, "Actual Min Total Time": 145.137, "Actual Max Total Time": 145.137, "Recheck Cond": "(movie_id = ci.movie_id)", "Rows Removed by Index Recheck": 0, "Exact Heap Blocks": 40013, "Lossy Heap Blocks": 40013, "Plans": [{"Node Type": "Bitmap Index Scan", "Parent Relationship": "Outer", "Index Name": "movie_id_movie_info", "Startup Cost": 0.0, "Total Cost": 0.38, "Plan Rows": 5, "Plan Width": 0, "Actual Min Startup Time": 43.121, "Actual Max Startup Time": 43.121, "Actual Min Total Time": 43.121, "Actual Max Total Time": 43.121, "Index Cond": "(movie_id = ci.movie_id)", "Actual Rows": 95896}], "Actual Rows": 95896}], "Actual Rows": 95896}, {"Node Type": "Hash", "Parent Relationship": "Inner", "Startup Cost": 2.4, "Total Cost": 2.4, "Plan Rows": 1, "Plan Width": 4, "Actual Min Startup Time": 0.05, "Actual Max Startup Time": 0.05, "Actual Min Total Time": 0.05, "Actual Max Total Time": 0.05, "Max Hash Buckets": 32768, "Min Hash Buckets": 32768, "Max Hash Batches": 1, "Min Hash Batches": 1, "Max Original Hash Batches": 1, "Min Original Hash Batches": 1, "Max Peak Memory Usage": 1, "min Peak Memory Usage": 1, "Plans": [{"Node Type": "Seq Scan", "Parent Relationship": "Outer", "Relation Name": "info_type", "Alias": "it1", "Startup Cost": 0.0, "Total Cost": 2.4, "Plan Rows": 1, "Plan Width": 4, "Actual Min Startup Time": 0.045, "Actual Max Startup Time": 0.045, "Actual Min Total Time": 0.047, "Actual Max Total Time": 0.047, "Filter": "((info)::text = 'budget'::text)", "Rows Removed by Filter": 111, "Actual Rows": 1}], "Actual Rows": 1}], "Actual Rows": 699}, {"Node Type": "Bitmap Heap Scan", "Parent Relationship": "Inner", "Relation Name": "movie_info_idx", "Alias": "mi_idx", "Startup Cost": 0.27, "Total Cost": 4.29, "Plan Rows": 2, "Plan Width": 13, "Actual Min Startup Time": 6.298, "Actual Max Startup Time": 6.298, "Actual Min Total Time": 6.506, "Actual Max Total Time": 6.506, "Recheck Cond": "(movie_id = mi.movie_id)", "Rows Removed by Index Recheck": 0, "Exact Heap Blocks": 419, "Lossy Heap Blocks": 419, "Plans": [{"Node Type": "Bitmap Index Scan", "Parent Relationship": "Outer", "Index Name": "movie_id_movie_info_idx", "Startup Cost": 0.0, "Total Cost": 0.27, "Plan Rows": 2, "Plan Width": 0, "Actual Min Startup Time": 4.642, "Actual Max Startup Time": 4.642, "Actual Min Total Time": 4.642, "Actual Max Total Time": 4.642, "Index Cond": "(movie_id = mi.movie_id)", "Actual Rows": 1235}], "Actual Rows": 1235}], "Actual Rows": 1235}, {"Node Type": "Hash", "Parent Relationship": "Inner", "Startup Cost": 2.4, "Total Cost": 2.4, "Plan Rows": 1, "Plan Width": 4, "Actual Min Startup Time": 0.078, "Actual Max Startup Time": 0.078, "Actual Min Total Time": 0.078, "Actual Max Total Time": 0.078, "Max Hash Buckets": 32768, "Min Hash Buckets": 32768, "Max Hash Batches": 1, "Min Hash Batches": 1, "Max Original Hash Batches": 1, "Min Original Hash Batches": 1, "Max Peak Memory Usage": 1, "min Peak Memory Usage": 1, "Plans": [{"Node Type": "Seq Scan", "Parent Relationship": "Outer", "Relation Name": "info_type", "Alias": "it2", "Startup Cost": 0.0, "Total Cost": 2.4, "Plan Rows": 1, "Plan Width": 4, "Actual Min Startup Time": 0.061, "Actual Max Startup Time": 0.061, "Actual Min Total Time": 0.067, "Actual Max Total Time": 0.067, "Filter": "((info)::text = 'votes'::text)", "Rows Removed by Filter": 111, "Actual Rows": 1}], "Actual Rows": 1}], "Actual Rows": 410}, {"Node Type": "Bitmap Heap Scan", "Parent Relationship": "Inner", "Relation Name": "title", "Alias": "t", "Startup Cost": 0.26, "Total Cost": 4.27, "Plan Rows": 1, "Plan Width": 21, "Actual Min Startup Time": 4.175, "Actual Max Startup Time": 4.175, "Actual Min Total Time": 4.175, "Actual Max Total Time": 4.175, "Recheck Cond": "(id = mi.movie_id)", "Rows Removed by Index Recheck": 0, "Exact Heap Blocks": 410, "Lossy Heap Blocks": 410, "Plans": [{"Node Type": "Bitmap Index Scan", "Parent Relationship": "Outer", "Index Name": "title_pkey", "Startup Cost": 0.0, "Total Cost": 0.26, "Plan Rows": 1, "Plan Width": 0, "Actual Min Startup Time": 2.75, "Actual Max Startup Time": 2.75, "Actual Min Total Time": 2.75, "Actual Max Total Time": 2.75, "Index Cond": "(id = mi.movie_id)", "Actual Rows": 410}], "Actual Rows": 410}], "Actual Rows": 410}], "Actual Rows": 1}, "Triggers": [], "Planner Runtime": 105.127, "Total Runtime": 419.75, "Unique SQL Id": 4264520866}}, "(16, '67')": {"explain_plan": {"Plan": {"Node Type": "Aggregate", "Strategy": "Plain", "Startup Cost": 212349.38, "Total Cost": 212349.39, "Plan Rows": 1, "Plan Width": 160, "Plans": [{"Node Type": "Nested Loop", "Parent Relationship": "Outer", "Join Type": "Inner", "Startup Cost": 83177.52, "Total Cost": 212349.31, "Plan Rows": 9, "Plan Width": 64, "Inner Unique": true, "Plans": [{"Node Type": "Nested Loop", "Parent Relationship": "Outer", "Join Type": "Inner", "Startup Cost": 83177.26, "Total Cost": 212310.77, "Plan Rows": 9, "Plan Width": 59, "Inner Unique": true, "Plans": [{"Node Type": "Nested Loop", "Parent Relationship": "Outer", "Join Type": "Inner", "Startup Cost": 83177.0, "Total Cost": 212165.15, "Plan Rows": 34, "Plan Width": 63, "Inner Unique": false, "Plans": [{"Node Type": "Hash Join", "Parent Relationship": "Outer", "Join Type": "Inner", "Startup Cost": 83176.74, "Total Cost": 211591.68, "Plan Rows": 133, "Plan Width": 50, "Inner Unique": true, "Hash Cond": "(mi.info_type_id = it1.id)", "Plans": [{"Node Type": "Nested Loop", "Parent Relationship": "Outer", "Join Type": "Inner", "Startup Cost": 83162.51, "Total Cost": 211573.33, "Plan Rows": 1561, "Plan Width": 54, "Inner Unique": false, "Plans": [{"Node Type": "Nested Loop", "Parent Relationship": "Outer", "Join Type": "Inner", "Startup Cost": 83162.13, "Total Cost": 210250.93, "Plan Rows": 294, "Plan Width": 4, "Inner Unique": false, "Plans": [{"Node Type": "Bitmap Heap Scan", "Parent Relationship": "Outer", "Relation Name": "name", "Alias": "n", "Startup Cost": 83157.74, "Total Cost": 197067.09, "Plan Rows": 173, "Plan Width": 4, "Filter": "(((name)::text ~~ '%Tim%'::text) AND ((gender)::text = 'm'::text))", "Plans": [{"Node Type": "Bitmap Index Scan", "Parent Relationship": "Outer", "Index Name": "name_pkey", "Startup Cost": 0.0, "Total Cost": 83157.7, "Plan Rows": 4167490, "Plan Width": 0}]}, {"Node Type": "Bitmap Heap Scan", "Parent Relationship": "Inner", "Relation Name": "cast_info", "Alias": "ci", "Startup Cost": 4.39, "Total Cost": 76.19, "Plan Rows": 2, "Plan Width": 8, "Recheck Cond": "(person_id = n.id)", "Filter": "((note)::text = ANY ('{(producer),\"(executive producer)\"}'::text[]))", "Plans": [{"Node Type": "Bitmap Index Scan", "Parent Relationship": "Outer", "Index Name": "person_id_cast_info", "Startup Cost": 0.0, "Total Cost": 4.38, "Plan Rows": 18, "Plan Width": 0, "Index Cond": "(person_id = n.id)"}]}]}, {"Node Type": "Bitmap Heap Scan", "Parent Relationship": "Inner", "Relation Name": "movie_info", "Alias": "mi", "Startup Cost": 0.39, "Total Cost": 4.45, "Plan Rows": 5, "Plan Width": 50, "Recheck Cond": "(movie_id = ci.movie_id)", "Plans": [{"Node Type": "Bitmap Index Scan", "Parent Relationship": "Outer", "Index Name": "movie_id_movie_info", "Startup Cost": 0.0, "Total Cost": 0.38, "Plan Rows": 5, "Plan Width": 0, "Index Cond": "(movie_id = ci.movie_id)"}]}]}, {"Node Type": "Hash", "Parent Relationship": "Inner", "Startup Cost": 14.21, "Total Cost": 14.21, "Plan Rows": 1, "Plan Width": 4, "Plans": [{"Node Type": "Bitmap Heap Scan", "Parent Relationship": "Outer", "Relation Name": "info_type", "Alias": "it1", "Startup Cost": 8.81, "Total Cost": 14.21, "Plan Rows": 1, "Plan Width": 4, "Filter": "((info)::text = 'budget'::text)", "Plans": [{"Node Type": "Bitmap Index Scan", "Parent Relationship": "Outer", "Index Name": "info_type_pkey", "Startup Cost": 0.0, "Total Cost": 8.81, "Plan Rows": 112, "Plan Width": 0}]}]}]}, {"Node Type": "Bitmap Heap Scan", "Parent Relationship": "Inner", "Relation Name": "movie_info_idx", "Alias": "mi_idx", "Startup Cost": 0.27, "Total Cost": 4.29, "Plan Rows": 2, "Plan Width": 13, "Recheck Cond": "(movie_id = mi.movie_id)", "Plans": [{"Node Type": "Bitmap Index Scan", "Parent Relationship": "Outer", "Index Name": "movie_id_movie_info_idx", "Startup Cost": 0.0, "Total Cost": 0.27, "Plan Rows": 2, "Plan Width": 0, "Index Cond": "(movie_id = mi.movie_id)"}]}]}, {"Node Type": "Bitmap Heap Scan", "Parent Relationship": "Inner", "Relation Name": "info_type", "Alias": "it2", "Startup Cost": 0.26, "Total Cost": 4.27, "Plan Rows": 1, "Plan Width": 4, "Recheck Cond": "(id = mi_idx.info_type_id)", "Filter": "((info)::text = 'votes'::text)", "Plans": [{"Node Type": "Bitmap Index Scan", "Parent Relationship": "Outer", "Index Name": "info_type_pkey", "Startup Cost": 0.0, "Total Cost": 0.26, "Plan Rows": 1, "Plan Width": 0, "Index Cond": "(id = mi_idx.info_type_id)"}]}]}, {"Node Type": "Bitmap Heap Scan", "Parent Relationship": "Inner", "Relation Name": "title", "Alias": "t", "Startup Cost": 0.26, "Total Cost": 4.27, "Plan Rows": 1, "Plan Width": 21, "Recheck Cond": "(id = mi.movie_id)", "Plans": [{"Node Type": "Bitmap Index Scan", "Parent Relationship": "Outer", "Index Name": "title_pkey", "Startup Cost": 0.0, "Total Cost": 0.26, "Plan Rows": 1, "Plan Width": 0, "Index Cond": "(id = mi.movie_id)"}]}]}]}, "Unique SQL Id": 4264520866, "Planner Runtime": 38}, "explain_analyze_plan": null}, "(16, '68')": {"explain_plan": {"Plan": {"Node Type": "Aggregate", "Strategy": "Plain", "Startup Cost": 29894.16, "Total Cost": 29894.17, "Plan Rows": 1, "Plan Width": 160, "Plans": [{"Node Type": "Nested Loop", "Parent Relationship": "Outer", "Join Type": "Inner", "Startup Cost": 2.41, "Total Cost": 29894.1, "Plan Rows": 9, "Plan Width": 64, "Inner Unique": true, "Plans": [{"Node Type": "Nested Loop", "Parent Relationship": "Outer", "Join Type": "Inner", "Startup Cost": 2.41, "Total Cost": 29891.47, "Plan Rows": 9, "Plan Width": 59, "Inner Unique": true, "Plans": [{"Node Type": "Nested Loop", "Parent Relationship": "Outer", "Join Type": "Inner", "Startup Cost": 2.41, "Total Cost": 29833.84, "Plan Rows": 204, "Plan Width": 63, "Inner Unique": false, "Plans": [{"Node Type": "Hash Join", "Parent Relationship": "Outer", "Join Type": "Inner", "Startup Cost": 2.41, "Total Cost": 29792.2, "Plan Rows": 133, "Plan Width": 50, "Inner Unique": true, "Hash Cond": "(mi.info_type_id = it1.id)", "Plans": [{"Node Type": "Nested Loop", "Parent Relationship": "Outer", "Join Type": "Inner", "Startup Cost": 0.0, "Total Cost": 29785.66, "Plan Rows": 1561, "Plan Width": 54, "Inner Unique": false, "Plans": [{"Node Type": "Nested Loop", "Parent Relationship": "Outer", "Join Type": "Inner", "Startup Cost": 0.0, "Total Cost": 29565.43, "Plan Rows": 294, "Plan Width": 4, "Inner Unique": false, "Plans": [{"Node Type": "Streaming(type: LOCAL GATHER dop: 1/16)", "Parent Relationship": "Outer", "Startup Cost": 0.0, "Total Cost": 22123.07, "Plan Rows": 173, "Plan Width": 4, "Plans": [{"Node Type": "Seq Scan", "Parent Relationship": "Outer", "Relation Name": "name", "Alias": "n", "Startup Cost": 0.0, "Total Cost": 22119.33, "Plan Rows": 173, "Plan Width": 4, "Filter": "(((name)::text ~~ '%Tim%'::text) AND ((gender)::text = 'm'::text))"}]}, {"Node Type": "Index Scan", "Parent Relationship": "Inner", "Scan Direction": "Forward", "Index Name": "person_id_cast_info", "Relation Name": "cast_info", "Alias": "ci", "Startup Cost": 0.0, "Total Cost": 43.0, "Plan Rows": 2, "Plan Width": 8, "Index Cond": "(person_id = n.id)", "Filter": "((note)::text = ANY ('{(producer),\"(executive producer)\"}'::text[]))"}]}, {"Node Type": "Index Scan", "Parent Relationship": "Inner", "Scan Direction": "Forward", "Index Name": "movie_id_movie_info", "Relation Name": "movie_info", "Alias": "mi", "Startup Cost": 0.0, "Total Cost": 0.7, "Plan Rows": 5, "Plan Width": 50, "Index Cond": "(movie_id = ci.movie_id)"}]}, {"Node Type": "Hash", "Parent Relationship": "Inner", "Startup Cost": 2.4, "Total Cost": 2.4, "Plan Rows": 1, "Plan Width": 4, "Plans": [{"Node Type": "Seq Scan", "Parent Relationship": "Outer", "Relation Name": "info_type", "Alias": "it1", "Startup Cost": 0.0, "Total Cost": 2.4, "Plan Rows": 1, "Plan Width": 4, "Filter": "((info)::text = 'budget'::text)"}]}]}, {"Node Type": "Index Scan", "Parent Relationship": "Inner", "Scan Direction": "Forward", "Index Name": "movie_id_movie_info_idx", "Relation Name": "movie_info_idx", "Alias": "mi_idx", "Startup Cost": 0.0, "Total Cost": 0.29, "Plan Rows": 2, "Plan Width": 13, "Index Cond": "(movie_id = mi.movie_id)"}]}, {"Node Type": "Index Scan", "Parent Relationship": "Inner", "Scan Direction": "Forward", "Index Name": "info_type_pkey", "Relation Name": "info_type", "Alias": "it2", "Startup Cost": 0.0, "Total Cost": 0.27, "Plan Rows": 1, "Plan Width": 4, "Index Cond": "(id = mi_idx.info_type_id)", "Filter": "((info)::text = 'votes'::text)"}]}, {"Node Type": "Index Scan", "Parent Relationship": "Inner", "Scan Direction": "Forward", "Index Name": "title_pkey", "Relation Name": "title", "Alias": "t", "Startup Cost": 0.0, "Total Cost": 0.28, "Plan Rows": 1, "Plan Width": 21, "Index Cond": "(id = mi.movie_id)"}]}]}, "Unique SQL Id": 4264520866, "Planner Runtime": 81}, "explain_analyze_plan": {"Plan": {"Node Type": "Aggregate", "Strategy": "Plain", "Startup Cost": 29894.16, "Total Cost": 29894.17, "Plan Rows": 1, "Plan Width": 160, "Actual Min Startup Time": 369.109, "Actual Max Startup Time": 369.109, "Actual Min Total Time": 369.109, "Actual Max Total Time": 369.109, "Plans": [{"Node Type": "Nested Loop", "Parent Relationship": "Outer", "Join Type": "Inner", "Startup Cost": 2.41, "Total Cost": 29894.1, "Plan Rows": 9, "Plan Width": 64, "Actual Min Startup Time": 22.227, "Actual Max Startup Time": 22.227, "Actual Min Total Time": 368.394, "Actual Max Total Time": 368.394, "Inner Unique": true, "Plans": [{"Node Type": "Nested Loop", "Parent Relationship": "Outer", "Join Type": "Inner", "Startup Cost": 2.41, "Total Cost": 29891.47, "Plan Rows": 9, "Plan Width": 59, "Actual Min Startup Time": 22.208, "Actual Max Startup Time": 22.208, "Actual Min Total Time": 364.242, "Actual Max Total Time": 364.242, "Inner Unique": true, "Plans": [{"Node Type": "Nested Loop", "Parent Relationship": "Outer", "Join Type": "Inner", "Startup Cost": 2.41, "Total Cost": 29833.84, "Plan Rows": 204, "Plan Width": 63, "Actual Min Startup Time": 22.19, "Actual Max Startup Time": 22.19, "Actual Min Total Time": 360.744, "Actual Max Total Time": 360.744, "Inner Unique": false, "Plans": [{"Node Type": "Hash Join", "Parent Relationship": "Outer", "Join Type": "Inner", "Startup Cost": 2.41, "Total Cost": 29792.2, "Plan Rows": 133, "Plan Width": 50, "Actual Min Startup Time": 22.172, "Actual Max Startup Time": 22.172, "Actual Min Total Time": 354.059, "Actual Max Total Time": 354.059, "Inner Unique": true, "Hash Cond": "(mi.info_type_id = it1.id)", "Plans": [{"Node Type": "Nested Loop", "Parent Relationship": "Outer", "Join Type": "Inner", "Startup Cost": 0.0, "Total Cost": 29785.66, "Plan Rows": 1561, "Plan Width": 54, "Actual Min Startup Time": 20.167, "Actual Max Startup Time": 20.167, "Actual Min Total Time": 338.648, "Actual Max Total Time": 338.648, "Inner Unique": false, "Plans": [{"Node Type": "Nested Loop", "Parent Relationship": "Outer", "Join Type": "Inner", "Startup Cost": 0.0, "Total Cost": 29565.43, "Plan Rows": 294, "Plan Width": 4, "Actual Min Startup Time": 20.147, "Actual Max Startup Time": 20.147, "Actual Min Total Time": 192.174, "Actual Max Total Time": 192.174, "Inner Unique": false, "Plans": [{"Node Type": "Streaming(type: LOCAL GATHER dop: 1/16)", "Parent Relationship": "Outer", "Startup Cost": 0.0, "Total Cost": 22123.07, "Plan Rows": 173, "Plan Width": 4, "Actual Min Startup Time": 20.087, "Actual Max Startup Time": 20.087, "Actual Min Total Time": 61.558, "Actual Max Total Time": 61.558, "Plans": [{"Node Type": "Seq Scan", "Parent Relationship": "Outer", "Relation Name": "name", "Alias": "n", "Startup Cost": 0.0, "Total Cost": 22119.33, "Plan Rows": 173, "Plan Width": 4, "Actual Min Startup Time": 0.028, "Actual Max Startup Time": 0.841, "Actual Min Total Time": 101.789, "Actual Max Total Time": 105.936, "Filter": "(((name)::text ~~ '%Tim%'::text) AND ((gender)::text = 'm'::text))", "Rows Removed by Filter": 4158428, "Actual Rows": 9062}], "Actual Rows": 9062}, {"Node Type": "Index Scan", "Parent Relationship": "Inner", "Scan Direction": "Forward", "Index Name": "person_id_cast_info", "Relation Name": "cast_info", "Alias": "ci", "Startup Cost": 0.0, "Total Cost": 43.0, "Plan Rows": 2, "Plan Width": 8, "Actual Min Startup Time": 105.254, "Actual Max Startup Time": 105.254, "Actual Min Total Time": 124.312, "Actual Max Total Time": 124.312, "Index Cond": "(person_id = n.id)", "Rows Removed by Index Recheck": 0, "Filter": "((note)::text = ANY ('{(producer),\"(executive producer)\"}'::text[]))", "Rows Removed by Filter": 89309, "Actual Rows": 6719}], "Actual Rows": 6719}, {"Node Type": "Index Scan", "Parent Relationship": "Inner", "Scan Direction": "Forward", "Index Name": "movie_id_movie_info", "Relation Name": "movie_info", "Alias": "mi", "Startup Cost": 0.0, "Total Cost": 0.7, "Plan Rows": 5, "Plan Width": 50, "Actual Min Startup Time": 39.884, "Actual Max Startup Time": 39.884, "Actual Min Total Time": 122.723, "Actual Max Total Time": 122.723, "Index Cond": "(movie_id = ci.movie_id)", "Rows Removed by Index Recheck": 0, "Actual Rows": 95896}], "Actual Rows": 95896}, {"Node Type": "Hash", "Parent Relationship": "Inner", "Startup Cost": 2.4, "Total Cost": 2.4, "Plan Rows": 1, "Plan Width": 4, "Actual Min Startup Time": 0.077, "Actual Max Startup Time": 0.077, "Actual Min Total Time": 0.077, "Actual Max Total Time": 0.077, "Max Hash Buckets": 32768, "Min Hash Buckets": 32768, "Max Hash Batches": 1, "Min Hash Batches": 1, "Max Original Hash Batches": 1, "Min Original Hash Batches": 1, "Max Peak Memory Usage": 1, "min Peak Memory Usage": 1, "Plans": [{"Node Type": "Seq Scan", "Parent Relationship": "Outer", "Relation Name": "info_type", "Alias": "it1", "Startup Cost": 0.0, "Total Cost": 2.4, "Plan Rows": 1, "Plan Width": 4, "Actual Min Startup Time": 0.06, "Actual Max Startup Time": 0.06, "Actual Min Total Time": 0.065, "Actual Max Total Time": 0.065, "Filter": "((info)::text = 'budget'::text)", "Rows Removed by Filter": 111, "Actual Rows": 1}], "Actual Rows": 1}], "Actual Rows": 699}, {"Node Type": "Index Scan", "Parent Relationship": "Inner", "Scan Direction": "Forward", "Index Name": "movie_id_movie_info_idx", "Relation Name": "movie_info_idx", "Alias": "mi_idx", "Startup Cost": 0.0, "Total Cost": 0.29, "Plan Rows": 2, "Plan Width": 13, "Actual Min Startup Time": 5.314, "Actual Max Startup Time": 5.314, "Actual Min Total Time": 5.911, "Actual Max Total Time": 5.911, "Index Cond": "(movie_id = mi.movie_id)", "Rows Removed by Index Recheck": 0, "Actual Rows": 1235}], "Actual Rows": 1235}, {"Node Type": "Index Scan", "Parent Relationship": "Inner", "Scan Direction": "Forward", "Index Name": "info_type_pkey", "Relation Name": "info_type", "Alias": "it2", "Startup Cost": 0.0, "Total Cost": 0.27, "Plan Rows": 1, "Plan Width": 4, "Actual Min Startup Time": 2.685, "Actual Max Startup Time": 2.685, "Actual Min Total Time": 2.685, "Actual Max Total Time": 2.685, "Index Cond": "(id = mi_idx.info_type_id)", "Rows Removed by Index Recheck": 0, "Filter": "((info)::text = 'votes'::text)", "Rows Removed by Filter": 825, "Actual Rows": 410}], "Actual Rows": 410}, {"Node Type": "Index Scan", "Parent Relationship": "Inner", "Scan Direction": "Forward", "Index Name": "title_pkey", "Relation Name": "title", "Alias": "t", "Startup Cost": 0.0, "Total Cost": 0.28, "Plan Rows": 1, "Plan Width": 21, "Actual Min Startup Time": 3.64, "Actual Max Startup Time": 3.64, "Actual Min Total Time": 3.64, "Actual Max Total Time": 3.64, "Index Cond": "(id = mi.movie_id)", "Rows Removed by Index Recheck": 0, "Actual Rows": 410}], "Actual Rows": 410}], "Actual Rows": 1}, "Triggers": [], "Planner Runtime": 80.617, "Total Runtime": 371.735, "Unique SQL Id": 4264520866}}, "(16, '69')": {"explain_plan": {"Plan": {"Node Type": "Aggregate", "Strategy": "Plain", "Startup Cost": 161226.62, "Total Cost": 161226.63, "Plan Rows": 1, "Plan Width": 160, "Plans": [{"Node Type": "Nested Loop", "Parent Relationship": "Outer", "Join Type": "Inner", "Startup Cost": 0.0, "Total Cost": 161226.56, "Plan Rows": 9, "Plan Width": 64, "Inner Unique": true, "Plans": [{"Node Type": "Nested Loop", "Parent Relationship": "Outer", "Join Type": "Inner", "Startup Cost": 0.0, "Total Cost": 161223.93, "Plan Rows": 9, "Plan Width": 59, "Inner Unique": true, "Plans": [{"Node Type": "Nested Loop", "Parent Relationship": "Outer", "Join Type": "Inner", "Startup Cost": 0.0, "Total Cost": 161145.11, "Plan Rows": 279, "Plan Width": 63, "Inner Unique": false, "Join Filter": "(mi_idx.movie_id = mi.movie_id)", "Plans": [{"Node Type": "Nested Loop", "Parent Relationship": "Outer", "Join Type": "Inner", "Startup Cost": 0.0, "Total Cost": 161105.51, "Plan Rows": 52, "Plan Width": 13, "Inner Unique": true, "Plans": [{"Node Type": "Nested Loop", "Parent Relationship": "Outer", "Join Type": "Inner", "Startup Cost": 0.0, "Total Cost": 161007.76, "Plan Rows": 346, "Plan Width": 17, "Inner Unique": false, "Plans": [{"Node Type": "Nested Loop", "Parent Relationship": "Outer", "Join Type": "Inner", "Startup Cost": 0.0, "Total Cost": 160910.97, "Plan Rows": 294, "Plan Width": 4, "Inner Unique": false, "Plans": [{"Node Type": "Streaming(type: LOCAL GATHER dop: 1/16)", "Parent Relationship": "Outer", "Startup Cost": 0.0, "Total Cost": 153468.6, "Plan Rows": 173, "Plan Width": 4, "Plans": [{"Node Type": "Index Scan", "Parent Relationship": "Outer", "Scan Direction": "Forward", "Index Name": "name_pkey", "Relation Name": "name", "Alias": "n", "Startup Cost": 0.0, "Total Cost": 153464.87, "Plan Rows": 173, "Plan Width": 4, "Filter": "(((name)::text ~~ '%Tim%'::text) AND ((gender)::text = 'm'::text))"}]}, {"Node Type": "Index Scan", "Parent Relationship": "Inner", "Scan Direction": "Forward", "Index Name": "person_id_cast_info", "Relation Name": "cast_info", "Alias": "ci", "Startup Cost": 0.0, "Total Cost": 43.0, "Plan Rows": 2, "Plan Width": 8, "Index Cond": "(person_id = n.id)", "Filter": "((note)::text = ANY ('{(producer),\"(executive producer)\"}'::text[]))"}]}, {"Node Type": "Index Scan", "Parent Relationship": "Inner", "Scan Direction": "Forward", "Index Name": "movie_id_movie_info_idx", "Relation Name": "movie_info_idx", "Alias": "mi_idx", "Startup Cost": 0.0, "Total Cost": 0.31, "Plan Rows": 2, "Plan Width": 13, "Index Cond": "(movie_id = ci.movie_id)"}]}, {"Node Type": "Index Scan", "Parent Relationship": "Inner", "Scan Direction": "Forward", "Index Name": "info_type_pkey", "Relation Name": "info_type", "Alias": "it2", "Startup Cost": 0.0, "Total Cost": 0.27, "Plan Rows": 1, "Plan Width": 4, "Index Cond": "(id = mi_idx.info_type_id)", "Filter": "((info)::text = 'votes'::text)"}]}, {"Node Type": "Index Scan", "Parent Relationship": "Inner", "Scan Direction": "Forward", "Index Name": "movie_id_movie_info", "Relation Name": "movie_info", "Alias": "mi", "Startup Cost": 0.0, "Total Cost": 0.7, "Plan Rows": 5, "Plan Width": 50, "Index Cond": "(movie_id = ci.movie_id)"}]}, {"Node Type": "Index Scan", "Parent Relationship": "Inner", "Scan Direction": "Forward", "Index Name": "info_type_pkey", "Relation Name": "info_type", "Alias": "it1", "Startup Cost": 0.0, "Total Cost": 0.27, "Plan Rows": 1, "Plan Width": 4, "Index Cond": "(id = mi.info_type_id)", "Filter": "((info)::text = 'budget'::text)"}]}, {"Node Type": "Index Scan", "Parent Relationship": "Inner", "Scan Direction": "Forward", "Index Name": "title_pkey", "Relation Name": "title", "Alias": "t", "Startup Cost": 0.0, "Total Cost": 0.28, "Plan Rows": 1, "Plan Width": 21, "Index Cond": "(id = mi.movie_id)"}]}]}, "Unique SQL Id": 4264520866, "Planner Runtime": 50}, "explain_analyze_plan": {"Plan": {"Node Type": "Aggregate", "Strategy": "Plain", "Startup Cost": 161226.62, "Total Cost": 161226.63, "Plan Rows": 1, "Plan Width": 160, "Actual Min Startup Time": 607.284, "Actual Max Startup Time": 607.284, "Actual Min Total Time": 607.284, "Actual Max Total Time": 607.284, "Plans": [{"Node Type": "Nested Loop", "Parent Relationship": "Outer", "Join Type": "Inner", "Startup Cost": 0.0, "Total Cost": 161226.56, "Plan Rows": 9, "Plan Width": 64, "Actual Min Startup Time": 76.744, "Actual Max Startup Time": 76.744, "Actual Min Total Time": 606.583, "Actual Max Total Time": 606.583, "Inner Unique": true, "Plans": [{"Node Type": "Nested Loop", "Parent Relationship": "Outer", "Join Type": "Inner", "Startup Cost": 0.0, "Total Cost": 161223.93, "Plan Rows": 9, "Plan Width": 59, "Actual Min Startup Time": 76.723, "Actual Max Startup Time": 76.723, "Actual Min Total Time": 602.309, "Actual Max Total Time": 602.309, "Inner Unique": true, "Plans": [{"Node Type": "Nested Loop", "Parent Relationship": "Outer", "Join Type": "Inner", "Startup Cost": 0.0, "Total Cost": 161145.11, "Plan Rows": 279, "Plan Width": 63, "Actual Min Startup Time": 76.681, "Actual Max Startup Time": 76.681, "Actual Min Total Time": 420.887, "Actual Max Total Time": 420.887, "Inner Unique": false, "Join Filter": "(mi_idx.movie_id = mi.movie_id)", "Rows Removed by Join Filter": 0, "Plans": [{"Node Type": "Nested Loop", "Parent Relationship": "Outer", "Join Type": "Inner", "Startup Cost": 0.0, "Total Cost": 161105.51, "Plan Rows": 52, "Plan Width": 13, "Actual Min Startup Time": 76.658, "Actual Max Startup Time": 76.658, "Actual Min Total Time": 292.413, "Actual Max Total Time": 292.413, "Inner Unique": true, "Plans": [{"Node Type": "Nested Loop", "Parent Relationship": "Outer", "Join Type": "Inner", "Startup Cost": 0.0, "Total Cost": 161007.76, "Plan Rows": 346, "Plan Width": 17, "Actual Min Startup Time": 76.636, "Actual Max Startup Time": 76.636, "Actual Min Total Time": 267.06, "Actual Max Total Time": 267.06, "Inner Unique": false, "Plans": [{"Node Type": "Nested Loop", "Parent Relationship": "Outer", "Join Type": "Inner", "Startup Cost": 0.0, "Total Cost": 160910.97, "Plan Rows": 294, "Plan Width": 4, "Actual Min Startup Time": 76.609, "Actual Max Startup Time": 76.609, "Actual Min Total Time": 228.308, "Actual Max Total Time": 228.308, "Inner Unique": false, "Plans": [{"Node Type": "Streaming(type: LOCAL GATHER dop: 1/16)", "Parent Relationship": "Outer", "Startup Cost": 0.0, "Total Cost": 153468.6, "Plan Rows": 173, "Plan Width": 4, "Actual Min Startup Time": 76.451, "Actual Max Startup Time": 76.451, "Actual Min Total Time": 97.413, "Actual Max Total Time": 97.413, "Plans": [{"Node Type": "Index Scan", "Parent Relationship": "Outer", "Scan Direction": "Forward", "Index Name": "name_pkey", "Relation Name": "name", "Alias": "n", "Startup Cost": 0.0, "Total Cost": 153464.87, "Plan Rows": 173, "Plan Width": 4, "Actual Min Startup Time": 45.312, "Actual Max Startup Time": 303.084, "Actual Min Total Time": 276.11, "Actual Max Total Time": 305.567, "Filter": "(((name)::text ~~ '%Tim%'::text) AND ((gender)::text = 'm'::text))", "Rows Removed by Filter": 4158428, "Actual Rows": 9062}], "Actual Rows": 9062}, {"Node Type": "Index Scan", "Parent Relationship": "Inner", "Scan Direction": "Forward", "Index Name": "person_id_cast_info", "Relation Name": "cast_info", "Alias": "ci", "Startup Cost": 0.0, "Total Cost": 43.0, "Plan Rows": 2, "Plan Width": 8, "Actual Min Startup Time": 104.871, "Actual Max Startup Time": 104.871, "Actual Min Total Time": 124.44, "Actual Max Total Time": 124.44, "Index Cond": "(person_id = n.id)", "Rows Removed by Index Recheck": 0, "Filter": "((note)::text = ANY ('{(producer),\"(executive producer)\"}'::text[]))", "Rows Removed by Filter": 89309, "Actual Rows": 6719}], "Actual Rows": 6719}, {"Node Type": "Index Scan", "Parent Relationship": "Inner", "Scan Direction": "Forward", "Index Name": "movie_id_movie_info_idx", "Relation Name": "movie_info_idx", "Alias": "mi_idx", "Startup Cost": 0.0, "Total Cost": 0.31, "Plan Rows": 2, "Plan Width": 13, "Actual Min Startup Time": 28.535, "Actual Max Startup Time": 28.535, "Actual Min Total Time": 32.59, "Actual Max Total Time": 32.59, "Index Cond": "(movie_id = ci.movie_id)", "Rows Removed by Index Recheck": 0, "Actual Rows": 10310}], "Actual Rows": 10310}, {"Node Type": "Index Scan", "Parent Relationship": "Inner", "Scan Direction": "Forward", "Index Name": "info_type_pkey", "Relation Name": "info_type", "Alias": "it2", "Startup Cost": 0.0, "Total Cost": 0.27, "Plan Rows": 1, "Plan Width": 4, "Actual Min Startup Time": 19.515, "Actual Max Startup Time": 19.515, "Actual Min Total Time": 19.515, "Actual Max Total Time": 19.515, "Index Cond": "(id = mi_idx.info_type_id)", "Rows Removed by Index Recheck": 0, "Filter": "((info)::text = 'votes'::text)", "Rows Removed by Filter": 6875, "Actual Rows": 3435}], "Actual Rows": 3435}, {"Node Type": "Index Scan", "Parent Relationship": "Inner", "Scan Direction": "Forward", "Index Name": "movie_id_movie_info", "Relation Name": "movie_info", "Alias": "mi", "Startup Cost": 0.0, "Total Cost": 0.7, "Plan Rows": 5, "Plan Width": 50, "Actual Min Startup Time": 24.09, "Actual Max Startup Time": 24.09, "Actual Min Total Time": 96.018, "Actual Max Total Time": 96.018, "Index Cond": "(movie_id = ci.movie_id)", "Rows Removed by Index Recheck": 0, "Actual Rows": 82408}], "Actual Rows": 82408}, {"Node Type": "Index Scan", "Parent Relationship": "Inner", "Scan Direction": "Forward", "Index Name": "info_type_pkey", "Relation Name": "info_type", "Alias": "it1", "Startup Cost": 0.0, "Total Cost": 0.27, "Plan Rows": 1, "Plan Width": 4, "Actual Min Startup Time": 143.239, "Actual Max Startup Time": 143.239, "Actual Min Total Time": 143.239, "Actual Max Total Time": 143.239, "Index Cond": "(id = mi.info_type_id)", "Rows Removed by Index Recheck": 0, "Filter": "((info)::text = 'budget'::text)", "Rows Removed by Filter": 79844, "Actual Rows": 410}], "Actual Rows": 410}, {"Node Type": "Index Scan", "Parent Relationship": "Inner", "Scan Direction": "Forward", "Index Name": "title_pkey", "Relation Name": "title", "Alias": "t", "Startup Cost": 0.0, "Total Cost": 0.28, "Plan Rows": 1, "Plan Width": 21, "Actual Min Startup Time": 3.705, "Actual Max Startup Time": 3.705, "Actual Min Total Time": 3.705, "Actual Max Total Time": 3.705, "Index Cond": "(id = mi.movie_id)", "Rows Removed by Index Recheck": 0, "Actual Rows": 410}], "Actual Rows": 410}], "Actual Rows": 1}, "Triggers": [], "Planner Runtime": 50.937, "Total Runtime": 609.898, "Unique SQL Id": 4264520866}}, "(16, '70')": {"explain_plan": {"Plan": {"Node Type": "Aggregate", "Strategy": "Plain", "Startup Cost": 37431.55, "Total Cost": 37431.56, "Plan Rows": 1, "Plan Width": 160, "Plans": [{"Node Type": "Nested Loop", "Parent Relationship": "Outer", "Join Type": "Inner", "Startup Cost": 10.12, "Total Cost": 37431.17, "Plan Rows": 51, "Plan Width": 64, "Inner Unique": true, "Plans": [{"Node Type": "Hash Join", "Parent Relationship": "Outer", "Join Type": "Inner", "Startup Cost": 9.86, "Total Cost": 37212.75, "Plan Rows": 51, "Plan Width": 59, "Inner Unique": true, "Hash Cond": "(mi_idx.info_type_id = it2.id)", "Plans": [{"Node Type": "Nested Loop", "Parent Relationship": "Outer", "Join Type": "Inner", "Startup Cost": 7.45, "Total Cost": 37209.32, "Plan Rows": 204, "Plan Width": 63, "Inner Unique": false, "Plans": [{"Node Type": "Hash Join", "Parent Relationship": "Outer", "Join Type": "Inner", "Startup Cost": 7.18, "Total Cost": 36635.85, "Plan Rows": 133, "Plan Width": 50, "Inner Unique": true, "Hash Cond": "(mi.info_type_id = it1.id)", "Plans": [{"Node Type": "Nested Loop", "Parent Relationship": "Outer", "Join Type": "Inner", "Startup Cost": 4.77, "Total Cost": 36629.3, "Plan Rows": 1561, "Plan Width": 54, "Inner Unique": false, "Plans": [{"Node Type": "Nested Loop", "Parent Relationship": "Outer", "Join Type": "Inner", "Startup Cost": 4.39, "Total Cost": 35306.9, "Plan Rows": 294, "Plan Width": 4, "Inner Unique": false, "Plans": [{"Node Type": "Streaming(type: LOCAL GATHER dop: 1/16)", "Parent Relationship": "Outer", "Startup Cost": 0.0, "Total Cost": 22123.07, "Plan Rows": 173, "Plan Width": 4, "Plans": [{"Node Type": "Seq Scan", "Parent Relationship": "Outer", "Relation Name": "name", "Alias": "n", "Startup Cost": 0.0, "Total Cost": 22119.33, "Plan Rows": 173, "Plan Width": 4, "Filter": "(((name)::text ~~ '%Tim%'::text) AND ((gender)::text = 'm'::text))"}]}, {"Node Type": "Bitmap Heap Scan", "Parent Relationship": "Inner", "Relation Name": "cast_info", "Alias": "ci", "Startup Cost": 4.39, "Total Cost": 76.19, "Plan Rows": 2, "Plan Width": 8, "Recheck Cond": "(person_id = n.id)", "Filter": "((note)::text = ANY ('{(producer),\"(executive producer)\"}'::text[]))", "Plans": [{"Node Type": "Bitmap Index Scan", "Parent Relationship": "Outer", "Index Name": "person_id_cast_info", "Startup Cost": 0.0, "Total Cost": 4.38, "Plan Rows": 18, "Plan Width": 0, "Index Cond": "(person_id = n.id)"}]}]}, {"Node Type": "Bitmap Heap Scan", "Parent Relationship": "Inner", "Relation Name": "movie_info", "Alias": "mi", "Startup Cost": 0.39, "Total Cost": 4.45, "Plan Rows": 5, "Plan Width": 50, "Recheck Cond": "(movie_id = ci.movie_id)", "Plans": [{"Node Type": "Bitmap Index Scan", "Parent Relationship": "Outer", "Index Name": "movie_id_movie_info", "Startup Cost": 0.0, "Total Cost": 0.38, "Plan Rows": 5, "Plan Width": 0, "Index Cond": "(movie_id = ci.movie_id)"}]}]}, {"Node Type": "Hash", "Parent Relationship": "Inner", "Startup Cost": 2.4, "Total Cost": 2.4, "Plan Rows": 1, "Plan Width": 4, "Plans": [{"Node Type": "Seq Scan", "Parent Relationship": "Outer", "Relation Name": "info_type", "Alias": "it1", "Startup Cost": 0.0, "Total Cost": 2.4, "Plan Rows": 1, "Plan Width": 4, "Filter": "((info)::text = 'budget'::text)"}]}]}, {"Node Type": "Bitmap Heap Scan", "Parent Relationship": "Inner", "Relation Name": "movie_info_idx", "Alias": "mi_idx", "Startup Cost": 0.27, "Total Cost": 4.29, "Plan Rows": 2, "Plan Width": 13, "Recheck Cond": "(movie_id = mi.movie_id)", "Plans": [{"Node Type": "Bitmap Index Scan", "Parent Relationship": "Outer", "Index Name": "movie_id_movie_info_idx", "Startup Cost": 0.0, "Total Cost": 0.27, "Plan Rows": 2, "Plan Width": 0, "Index Cond": "(movie_id = mi.movie_id)"}]}]}, {"Node Type": "Hash", "Parent Relationship": "Inner", "Startup Cost": 2.4, "Total Cost": 2.4, "Plan Rows": 1, "Plan Width": 4, "Plans": [{"Node Type": "Seq Scan", "Parent Relationship": "Outer", "Relation Name": "info_type", "Alias": "it2", "Startup Cost": 0.0, "Total Cost": 2.4, "Plan Rows": 1, "Plan Width": 4, "Filter": "((info)::text = 'votes'::text)"}]}]}, {"Node Type": "Bitmap Heap Scan", "Parent Relationship": "Inner", "Relation Name": "title", "Alias": "t", "Startup Cost": 0.26, "Total Cost": 4.27, "Plan Rows": 1, "Plan Width": 21, "Recheck Cond": "(id = mi.movie_id)", "Plans": [{"Node Type": "Bitmap Index Scan", "Parent Relationship": "Outer", "Index Name": "title_pkey", "Startup Cost": 0.0, "Total Cost": 0.26, "Plan Rows": 1, "Plan Width": 0, "Index Cond": "(id = mi.movie_id)"}]}]}]}, "Unique SQL Id": 4264520866, "Planner Runtime": 104}, "explain_analyze_plan": {"Plan": {"Node Type": "Aggregate", "Strategy": "Plain", "Startup Cost": 37431.55, "Total Cost": 37431.56, "Plan Rows": 1, "Plan Width": 160, "Actual Min Startup Time": 417.072, "Actual Max Startup Time": 417.072, "Actual Min Total Time": 417.072, "Actual Max Total Time": 417.072, "Plans": [{"Node Type": "Nested Loop", "Parent Relationship": "Outer", "Join Type": "Inner", "Startup Cost": 10.12, "Total Cost": 37431.17, "Plan Rows": 51, "Plan Width": 64, "Actual Min Startup Time": 24.222, "Actual Max Startup Time": 24.222, "Actual Min Total Time": 416.258, "Actual Max Total Time": 416.258, "Inner Unique": true, "Plans": [{"Node Type": "Hash Join", "Parent Relationship": "Outer", "Join Type": "Inner", "Startup Cost": 9.86, "Total Cost": 37212.75, "Plan Rows": 51, "Plan Width": 59, "Actual Min Startup Time": 24.198, "Actual Max Startup Time": 24.198, "Actual Min Total Time": 411.29, "Actual Max Total Time": 411.29, "Inner Unique": true, "Hash Cond": "(mi_idx.info_type_id = it2.id)", "Plans": [{"Node Type": "Nested Loop", "Parent Relationship": "Outer", "Join Type": "Inner", "Startup Cost": 7.45, "Total Cost": 37209.32, "Plan Rows": 204, "Plan Width": 63, "Actual Min Startup Time": 24.064, "Actual Max Startup Time": 24.064, "Actual Min Total Time": 410.654, "Actual Max Total Time": 410.654, "Inner Unique": false, "Plans": [{"Node Type": "Hash Join", "Parent Relationship": "Outer", "Join Type": "Inner", "Startup Cost": 7.18, "Total Cost": 36635.85, "Plan Rows": 133, "Plan Width": 50, "Actual Min Startup Time": 23.272, "Actual Max Startup Time": 23.272, "Actual Min Total Time": 402.772, "Actual Max Total Time": 402.772, "Inner Unique": true, "Hash Cond": "(mi.info_type_id = it1.id)", "Plans": [{"Node Type": "Nested Loop", "Parent Relationship": "Outer", "Join Type": "Inner", "Startup Cost": 4.77, "Total Cost": 36629.3, "Plan Rows": 1561, "Plan Width": 54, "Actual Min Startup Time": 23.154, "Actual Max Startup Time": 23.154, "Actual Min Total Time": 387.379, "Actual Max Total Time": 387.379, "Inner Unique": false, "Plans": [{"Node Type": "Nested Loop", "Parent Relationship": "Outer", "Join Type": "Inner", "Startup Cost": 4.39, "Total Cost": 35306.9, "Plan Rows": 294, "Plan Width": 4, "Actual Min Startup Time": 23.125, "Actual Max Startup Time": 23.125, "Actual Min Total Time": 214.505, "Actual Max Total Time": 214.505, "Inner Unique": false, "Plans": [{"Node Type": "Streaming(type: LOCAL GATHER dop: 1/16)", "Parent Relationship": "Outer", "Startup Cost": 0.0, "Total Cost": 22123.07, "Plan Rows": 173, "Plan Width": 4, "Actual Min Startup Time": 22.672, "Actual Max Startup Time": 22.672, "Actual Min Total Time": 65.711, "Actual Max Total Time": 65.711, "Plans": [{"Node Type": "Seq Scan", "Parent Relationship": "Outer", "Relation Name": "name", "Alias": "n", "Startup Cost": 0.0, "Total Cost": 22119.33, "Plan Rows": 173, "Plan Width": 4, "Actual Min Startup Time": 0.032, "Actual Max Startup Time": 0.833, "Actual Min Total Time": 101.74, "Actual Max Total Time": 105.965, "Filter": "(((name)::text ~~ '%Tim%'::text) AND ((gender)::text = 'm'::text))", "Rows Removed by Filter": 4158428, "Actual Rows": 9062}], "Actual Rows": 9062}, {"Node Type": "Bitmap Heap Scan", "Parent Relationship": "Inner", "Relation Name": "cast_info", "Alias": "ci", "Startup Cost": 4.39, "Total Cost": 76.19, "Plan Rows": 2, "Plan Width": 8, "Actual Min Startup Time": 120.156, "Actual Max Startup Time": 120.156, "Actual Min Total Time": 136.197, "Actual Max Total Time": 136.197, "Recheck Cond": "(person_id = n.id)", "Rows Removed by Index Recheck": 0, "Filter": "((note)::text = ANY ('{(producer),\"(executive producer)\"}'::text[]))", "Rows Removed by Filter": 89309, "Exact Heap Blocks": 13336, "Lossy Heap Blocks": 13336, "Plans": [{"Node Type": "Bitmap Index Scan", "Parent Relationship": "Outer", "Index Name": "person_id_cast_info", "Startup Cost": 0.0, "Total Cost": 4.38, "Plan Rows": 18, "Plan Width": 0, "Actual Min Startup Time": 50.817, "Actual Max Startup Time": 50.817, "Actual Min Total Time": 50.817, "Actual Max Total Time": 50.817, "Index Cond": "(person_id = n.id)", "Actual Rows": 96028}], "Actual Rows": 6719}], "Actual Rows": 6719}, {"Node Type": "Bitmap Heap Scan", "Parent Relationship": "Inner", "Relation Name": "movie_info", "Alias": "mi", "Startup Cost": 0.39, "Total Cost": 4.45, "Plan Rows": 5, "Plan Width": 50, "Actual Min Startup Time": 61.896, "Actual Max Startup Time": 61.896, "Actual Min Total Time": 145.137, "Actual Max Total Time": 145.137, "Recheck Cond": "(movie_id = ci.movie_id)", "Rows Removed by Index Recheck": 0, "Exact Heap Blocks": 40013, "Lossy Heap Blocks": 40013, "Plans": [{"Node Type": "Bitmap Index Scan", "Parent Relationship": "Outer", "Index Name": "movie_id_movie_info", "Startup Cost": 0.0, "Total Cost": 0.38, "Plan Rows": 5, "Plan Width": 0, "Actual Min Startup Time": 43.121, "Actual Max Startup Time": 43.121, "Actual Min Total Time": 43.121, "Actual Max Total Time": 43.121, "Index Cond": "(movie_id = ci.movie_id)", "Actual Rows": 95896}], "Actual Rows": 95896}], "Actual Rows": 95896}, {"Node Type": "Hash", "Parent Relationship": "Inner", "Startup Cost": 2.4, "Total Cost": 2.4, "Plan Rows": 1, "Plan Width": 4, "Actual Min Startup Time": 0.05, "Actual Max Startup Time": 0.05, "Actual Min Total Time": 0.05, "Actual Max Total Time": 0.05, "Max Hash Buckets": 32768, "Min Hash Buckets": 32768, "Max Hash Batches": 1, "Min Hash Batches": 1, "Max Original Hash Batches": 1, "Min Original Hash Batches": 1, "Max Peak Memory Usage": 1, "min Peak Memory Usage": 1, "Plans": [{"Node Type": "Seq Scan", "Parent Relationship": "Outer", "Relation Name": "info_type", "Alias": "it1", "Startup Cost": 0.0, "Total Cost": 2.4, "Plan Rows": 1, "Plan Width": 4, "Actual Min Startup Time": 0.045, "Actual Max Startup Time": 0.045, "Actual Min Total Time": 0.047, "Actual Max Total Time": 0.047, "Filter": "((info)::text = 'budget'::text)", "Rows Removed by Filter": 111, "Actual Rows": 1}], "Actual Rows": 1}], "Actual Rows": 699}, {"Node Type": "Bitmap Heap Scan", "Parent Relationship": "Inner", "Relation Name": "movie_info_idx", "Alias": "mi_idx", "Startup Cost": 0.27, "Total Cost": 4.29, "Plan Rows": 2, "Plan Width": 13, "Actual Min Startup Time": 6.298, "Actual Max Startup Time": 6.298, "Actual Min Total Time": 6.506, "Actual Max Total Time": 6.506, "Recheck Cond": "(movie_id = mi.movie_id)", "Rows Removed by Index Recheck": 0, "Exact Heap Blocks": 419, "Lossy Heap Blocks": 419, "Plans": [{"Node Type": "Bitmap Index Scan", "Parent Relationship": "Outer", "Index Name": "movie_id_movie_info_idx", "Startup Cost": 0.0, "Total Cost": 0.27, "Plan Rows": 2, "Plan Width": 0, "Actual Min Startup Time": 4.642, "Actual Max Startup Time": 4.642, "Actual Min Total Time": 4.642, "Actual Max Total Time": 4.642, "Index Cond": "(movie_id = mi.movie_id)", "Actual Rows": 1235}], "Actual Rows": 1235}], "Actual Rows": 1235}, {"Node Type": "Hash", "Parent Relationship": "Inner", "Startup Cost": 2.4, "Total Cost": 2.4, "Plan Rows": 1, "Plan Width": 4, "Actual Min Startup Time": 0.078, "Actual Max Startup Time": 0.078, "Actual Min Total Time": 0.078, "Actual Max Total Time": 0.078, "Max Hash Buckets": 32768, "Min Hash Buckets": 32768, "Max Hash Batches": 1, "Min Hash Batches": 1, "Max Original Hash Batches": 1, "Min Original Hash Batches": 1, "Max Peak Memory Usage": 1, "min Peak Memory Usage": 1, "Plans": [{"Node Type": "Seq Scan", "Parent Relationship": "Outer", "Relation Name": "info_type", "Alias": "it2", "Startup Cost": 0.0, "Total Cost": 2.4, "Plan Rows": 1, "Plan Width": 4, "Actual Min Startup Time": 0.061, "Actual Max Startup Time": 0.061, "Actual Min Total Time": 0.067, "Actual Max Total Time": 0.067, "Filter": "((info)::text = 'votes'::text)", "Rows Removed by Filter": 111, "Actual Rows": 1}], "Actual Rows": 1}], "Actual Rows": 410}, {"Node Type": "Bitmap Heap Scan", "Parent Relationship": "Inner", "Relation Name": "title", "Alias": "t", "Startup Cost": 0.26, "Total Cost": 4.27, "Plan Rows": 1, "Plan Width": 21, "Actual Min Startup Time": 4.175, "Actual Max Startup Time": 4.175, "Actual Min Total Time": 4.175, "Actual Max Total Time": 4.175, "Recheck Cond": "(id = mi.movie_id)", "Rows Removed by Index Recheck": 0, "Exact Heap Blocks": 410, "Lossy Heap Blocks": 410, "Plans": [{"Node Type": "Bitmap Index Scan", "Parent Relationship": "Outer", "Index Name": "title_pkey", "Startup Cost": 0.0, "Total Cost": 0.26, "Plan Rows": 1, "Plan Width": 0, "Actual Min Startup Time": 2.75, "Actual Max Startup Time": 2.75, "Actual Min Total Time": 2.75, "Actual Max Total Time": 2.75, "Index Cond": "(id = mi.movie_id)", "Actual Rows": 410}], "Actual Rows": 410}], "Actual Rows": 410}], "Actual Rows": 1}, "Triggers": [], "Planner Runtime": 105.127, "Total Runtime": 419.75, "Unique SQL Id": 4264520866}}, "(16, '71')": {"explain_plan": {"Plan": {"Node Type": "Aggregate", "Strategy": "Plain", "Startup Cost": 212349.38, "Total Cost": 212349.39, "Plan Rows": 1, "Plan Width": 160, "Plans": [{"Node Type": "Nested Loop", "Parent Relationship": "Outer", "Join Type": "Inner", "Startup Cost": 83177.52, "Total Cost": 212349.31, "Plan Rows": 9, "Plan Width": 64, "Inner Unique": true, "Plans": [{"Node Type": "Nested Loop", "Parent Relationship": "Outer", "Join Type": "Inner", "Startup Cost": 83177.26, "Total Cost": 212310.77, "Plan Rows": 9, "Plan Width": 59, "Inner Unique": true, "Plans": [{"Node Type": "Nested Loop", "Parent Relationship": "Outer", "Join Type": "Inner", "Startup Cost": 83177.0, "Total Cost": 212165.15, "Plan Rows": 34, "Plan Width": 63, "Inner Unique": false, "Plans": [{"Node Type": "Hash Join", "Parent Relationship": "Outer", "Join Type": "Inner", "Startup Cost": 83176.74, "Total Cost": 211591.68, "Plan Rows": 133, "Plan Width": 50, "Inner Unique": true, "Hash Cond": "(mi.info_type_id = it1.id)", "Plans": [{"Node Type": "Nested Loop", "Parent Relationship": "Outer", "Join Type": "Inner", "Startup Cost": 83162.51, "Total Cost": 211573.33, "Plan Rows": 1561, "Plan Width": 54, "Inner Unique": false, "Plans": [{"Node Type": "Nested Loop", "Parent Relationship": "Outer", "Join Type": "Inner", "Startup Cost": 83162.13, "Total Cost": 210250.93, "Plan Rows": 294, "Plan Width": 4, "Inner Unique": false, "Plans": [{"Node Type": "Bitmap Heap Scan", "Parent Relationship": "Outer", "Relation Name": "name", "Alias": "n", "Startup Cost": 83157.74, "Total Cost": 197067.09, "Plan Rows": 173, "Plan Width": 4, "Filter": "(((name)::text ~~ '%Tim%'::text) AND ((gender)::text = 'm'::text))", "Plans": [{"Node Type": "Bitmap Index Scan", "Parent Relationship": "Outer", "Index Name": "name_pkey", "Startup Cost": 0.0, "Total Cost": 83157.7, "Plan Rows": 4167490, "Plan Width": 0}]}, {"Node Type": "Bitmap Heap Scan", "Parent Relationship": "Inner", "Relation Name": "cast_info", "Alias": "ci", "Startup Cost": 4.39, "Total Cost": 76.19, "Plan Rows": 2, "Plan Width": 8, "Recheck Cond": "(person_id = n.id)", "Filter": "((note)::text = ANY ('{(producer),\"(executive producer)\"}'::text[]))", "Plans": [{"Node Type": "Bitmap Index Scan", "Parent Relationship": "Outer", "Index Name": "person_id_cast_info", "Startup Cost": 0.0, "Total Cost": 4.38, "Plan Rows": 18, "Plan Width": 0, "Index Cond": "(person_id = n.id)"}]}]}, {"Node Type": "Bitmap Heap Scan", "Parent Relationship": "Inner", "Relation Name": "movie_info", "Alias": "mi", "Startup Cost": 0.39, "Total Cost": 4.45, "Plan Rows": 5, "Plan Width": 50, "Recheck Cond": "(movie_id = ci.movie_id)", "Plans": [{"Node Type": "Bitmap Index Scan", "Parent Relationship": "Outer", "Index Name": "movie_id_movie_info", "Startup Cost": 0.0, "Total Cost": 0.38, "Plan Rows": 5, "Plan Width": 0, "Index Cond": "(movie_id = ci.movie_id)"}]}]}, {"Node Type": "Hash", "Parent Relationship": "Inner", "Startup Cost": 14.21, "Total Cost": 14.21, "Plan Rows": 1, "Plan Width": 4, "Plans": [{"Node Type": "Bitmap Heap Scan", "Parent Relationship": "Outer", "Relation Name": "info_type", "Alias": "it1", "Startup Cost": 8.81, "Total Cost": 14.21, "Plan Rows": 1, "Plan Width": 4, "Filter": "((info)::text = 'budget'::text)", "Plans": [{"Node Type": "Bitmap Index Scan", "Parent Relationship": "Outer", "Index Name": "info_type_pkey", "Startup Cost": 0.0, "Total Cost": 8.81, "Plan Rows": 112, "Plan Width": 0}]}]}]}, {"Node Type": "Bitmap Heap Scan", "Parent Relationship": "Inner", "Relation Name": "movie_info_idx", "Alias": "mi_idx", "Startup Cost": 0.27, "Total Cost": 4.29, "Plan Rows": 2, "Plan Width": 13, "Recheck Cond": "(movie_id = mi.movie_id)", "Plans": [{"Node Type": "Bitmap Index Scan", "Parent Relationship": "Outer", "Index Name": "movie_id_movie_info_idx", "Startup Cost": 0.0, "Total Cost": 0.27, "Plan Rows": 2, "Plan Width": 0, "Index Cond": "(movie_id = mi.movie_id)"}]}]}, {"Node Type": "Bitmap Heap Scan", "Parent Relationship": "Inner", "Relation Name": "info_type", "Alias": "it2", "Startup Cost": 0.26, "Total Cost": 4.27, "Plan Rows": 1, "Plan Width": 4, "Recheck Cond": "(id = mi_idx.info_type_id)", "Filter": "((info)::text = 'votes'::text)", "Plans": [{"Node Type": "Bitmap Index Scan", "Parent Relationship": "Outer", "Index Name": "info_type_pkey", "Startup Cost": 0.0, "Total Cost": 0.26, "Plan Rows": 1, "Plan Width": 0, "Index Cond": "(id = mi_idx.info_type_id)"}]}]}, {"Node Type": "Bitmap Heap Scan", "Parent Relationship": "Inner", "Relation Name": "title", "Alias": "t", "Startup Cost": 0.26, "Total Cost": 4.27, "Plan Rows": 1, "Plan Width": 21, "Recheck Cond": "(id = mi.movie_id)", "Plans": [{"Node Type": "Bitmap Index Scan", "Parent Relationship": "Outer", "Index Name": "title_pkey", "Startup Cost": 0.0, "Total Cost": 0.26, "Plan Rows": 1, "Plan Width": 0, "Index Cond": "(id = mi.movie_id)"}]}]}]}, "Unique SQL Id": 4264520866, "Planner Runtime": 37}, "explain_analyze_plan": null}, "(16, '72')": {"explain_plan": {"Plan": {"Node Type": "Aggregate", "Strategy": "Plain", "Startup Cost": 29846.14, "Total Cost": 29846.15, "Plan Rows": 1, "Plan Width": 160, "Plans": [{"Node Type": "Nested Loop", "Parent Relationship": "Outer", "Join Type": "Inner", "Startup Cost": 2.41, "Total Cost": 29846.07, "Plan Rows": 9, "Plan Width": 64, "Inner Unique": true, "Plans": [{"Node Type": "Nested Loop", "Parent Relationship": "Outer", "Join Type": "Inner", "Startup Cost": 2.41, "Total Cost": 29843.44, "Plan Rows": 9, "Plan Width": 59, "Inner Unique": true, "Plans": [{"Node Type": "Nested Loop", "Parent Relationship": "Outer", "Join Type": "Inner", "Startup Cost": 2.41, "Total Cost": 29833.84, "Plan Rows": 34, "Plan Width": 63, "Inner Unique": false, "Plans": [{"Node Type": "Hash Join", "Parent Relationship": "Outer", "Join Type": "Inner", "Startup Cost": 2.41, "Total Cost": 29792.2, "Plan Rows": 133, "Plan Width": 50, "Inner Unique": true, "Hash Cond": "(mi.info_type_id = it1.id)", "Plans": [{"Node Type": "Nested Loop", "Parent Relationship": "Outer", "Join Type": "Inner", "Startup Cost": 0.0, "Total Cost": 29785.66, "Plan Rows": 1561, "Plan Width": 54, "Inner Unique": false, "Plans": [{"Node Type": "Nested Loop", "Parent Relationship": "Outer", "Join Type": "Inner", "Startup Cost": 0.0, "Total Cost": 29565.43, "Plan Rows": 294, "Plan Width": 4, "Inner Unique": false, "Plans": [{"Node Type": "Streaming(type: LOCAL GATHER dop: 1/16)", "Parent Relationship": "Outer", "Startup Cost": 0.0, "Total Cost": 22123.07, "Plan Rows": 173, "Plan Width": 4, "Plans": [{"Node Type": "Seq Scan", "Parent Relationship": "Outer", "Relation Name": "name", "Alias": "n", "Startup Cost": 0.0, "Total Cost": 22119.33, "Plan Rows": 173, "Plan Width": 4, "Filter": "(((name)::text ~~ '%Tim%'::text) AND ((gender)::text = 'm'::text))"}]}, {"Node Type": "Index Scan", "Parent Relationship": "Inner", "Scan Direction": "Forward", "Index Name": "person_id_cast_info", "Relation Name": "cast_info", "Alias": "ci", "Startup Cost": 0.0, "Total Cost": 43.0, "Plan Rows": 2, "Plan Width": 8, "Index Cond": "(person_id = n.id)", "Filter": "((note)::text = ANY ('{(producer),\"(executive producer)\"}'::text[]))"}]}, {"Node Type": "Index Scan", "Parent Relationship": "Inner", "Scan Direction": "Forward", "Index Name": "movie_id_movie_info", "Relation Name": "movie_info", "Alias": "mi", "Startup Cost": 0.0, "Total Cost": 0.7, "Plan Rows": 5, "Plan Width": 50, "Index Cond": "(movie_id = ci.movie_id)"}]}, {"Node Type": "Hash", "Parent Relationship": "Inner", "Startup Cost": 2.4, "Total Cost": 2.4, "Plan Rows": 1, "Plan Width": 4, "Plans": [{"Node Type": "Seq Scan", "Parent Relationship": "Outer", "Relation Name": "info_type", "Alias": "it1", "Startup Cost": 0.0, "Total Cost": 2.4, "Plan Rows": 1, "Plan Width": 4, "Filter": "((info)::text = 'budget'::text)"}]}]}, {"Node Type": "Index Scan", "Parent Relationship": "Inner", "Scan Direction": "Forward", "Index Name": "movie_id_movie_info_idx", "Relation Name": "movie_info_idx", "Alias": "mi_idx", "Startup Cost": 0.0, "Total Cost": 0.29, "Plan Rows": 2, "Plan Width": 13, "Index Cond": "(movie_id = mi.movie_id)"}]}, {"Node Type": "Index Scan", "Parent Relationship": "Inner", "Scan Direction": "Forward", "Index Name": "info_type_pkey", "Relation Name": "info_type", "Alias": "it2", "Startup Cost": 0.0, "Total Cost": 0.27, "Plan Rows": 1, "Plan Width": 4, "Index Cond": "(id = mi_idx.info_type_id)", "Filter": "((info)::text = 'votes'::text)"}]}, {"Node Type": "Index Scan", "Parent Relationship": "Inner", "Scan Direction": "Forward", "Index Name": "title_pkey", "Relation Name": "title", "Alias": "t", "Startup Cost": 0.0, "Total Cost": 0.28, "Plan Rows": 1, "Plan Width": 21, "Index Cond": "(id = mi.movie_id)"}]}]}, "Unique SQL Id": 4264520866, "Planner Runtime": 96}, "explain_analyze_plan": {"Plan": {"Node Type": "Aggregate", "Strategy": "Plain", "Startup Cost": 29846.14, "Total Cost": 29846.15, "Plan Rows": 1, "Plan Width": 160, "Actual Min Startup Time": 383.044, "Actual Max Startup Time": 383.044, "Actual Min Total Time": 383.044, "Actual Max Total Time": 383.044, "Plans": [{"Node Type": "Nested Loop", "Parent Relationship": "Outer", "Join Type": "Inner", "Startup Cost": 2.41, "Total Cost": 29846.07, "Plan Rows": 9, "Plan Width": 64, "Actual Min Startup Time": 23.956, "Actual Max Startup Time": 23.956, "Actual Min Total Time": 382.344, "Actual Max Total Time": 382.344, "Inner Unique": true, "Plans": [{"Node Type": "Nested Loop", "Parent Relationship": "Outer", "Join Type": "Inner", "Startup Cost": 2.41, "Total Cost": 29843.44, "Plan Rows": 9, "Plan Width": 59, "Actual Min Startup Time": 23.935, "Actual Max Startup Time": 23.935, "Actual Min Total Time": 378.246, "Actual Max Total Time": 378.246, "Inner Unique": true, "Plans": [{"Node Type": "Nested Loop", "Parent Relationship": "Outer", "Join Type": "Inner", "Startup Cost": 2.41, "Total Cost": 29833.84, "Plan Rows": 34, "Plan Width": 63, "Actual Min Startup Time": 23.916, "Actual Max Startup Time": 23.916, "Actual Min Total Time": 374.78, "Actual Max Total Time": 374.78, "Inner Unique": false, "Plans": [{"Node Type": "Hash Join", "Parent Relationship": "Outer", "Join Type": "Inner", "Startup Cost": 2.41, "Total Cost": 29792.2, "Plan Rows": 133, "Plan Width": 50, "Actual Min Startup Time": 20.429, "Actual Max Startup Time": 20.429, "Actual Min Total Time": 368.055, "Actual Max Total Time": 368.055, "Inner Unique": true, "Hash Cond": "(mi.info_type_id = it1.id)", "Plans": [{"Node Type": "Nested Loop", "Parent Relationship": "Outer", "Join Type": "Inner", "Startup Cost": 0.0, "Total Cost": 29785.66, "Plan Rows": 1561, "Plan Width": 54, "Actual Min Startup Time": 20.212, "Actual Max Startup Time": 20.212, "Actual Min Total Time": 352.444, "Actual Max Total Time": 352.444, "Inner Unique": false, "Plans": [{"Node Type": "Nested Loop", "Parent Relationship": "Outer", "Join Type": "Inner", "Startup Cost": 0.0, "Total Cost": 29565.43, "Plan Rows": 294, "Plan Width": 4, "Actual Min Startup Time": 20.193, "Actual Max Startup Time": 20.193, "Actual Min Total Time": 205.828, "Actual Max Total Time": 205.828, "Inner Unique": false, "Plans": [{"Node Type": "Streaming(type: LOCAL GATHER dop: 1/16)", "Parent Relationship": "Outer", "Startup Cost": 0.0, "Total Cost": 22123.07, "Plan Rows": 173, "Plan Width": 4, "Actual Min Startup Time": 19.894, "Actual Max Startup Time": 19.894, "Actual Min Total Time": 74.09, "Actual Max Total Time": 74.09, "Plans": [{"Node Type": "Seq Scan", "Parent Relationship": "Outer", "Relation Name": "name", "Alias": "n", "Startup Cost": 0.0, "Total Cost": 22119.33, "Plan Rows": 173, "Plan Width": 4, "Actual Min Startup Time": 0.032, "Actual Max Startup Time": 0.837, "Actual Min Total Time": 101.867, "Actual Max Total Time": 105.985, "Filter": "(((name)::text ~~ '%Tim%'::text) AND ((gender)::text = 'm'::text))", "Rows Removed by Filter": 4158428, "Actual Rows": 9062}], "Actual Rows": 9062}, {"Node Type": "Index Scan", "Parent Relationship": "Inner", "Scan Direction": "Forward", "Index Name": "person_id_cast_info", "Relation Name": "cast_info", "Alias": "ci", "Startup Cost": 0.0, "Total Cost": 43.0, "Plan Rows": 2, "Plan Width": 8, "Actual Min Startup Time": 106.345, "Actual Max Startup Time": 106.345, "Actual Min Total Time": 125.407, "Actual Max Total Time": 125.407, "Index Cond": "(person_id = n.id)", "Rows Removed by Index Recheck": 0, "Filter": "((note)::text = ANY ('{(producer),\"(executive producer)\"}'::text[]))", "Rows Removed by Filter": 89309, "Actual Rows": 6719}], "Actual Rows": 6719}, {"Node Type": "Index Scan", "Parent Relationship": "Inner", "Scan Direction": "Forward", "Index Name": "movie_id_movie_info", "Relation Name": "movie_info", "Alias": "mi", "Startup Cost": 0.0, "Total Cost": 0.7, "Plan Rows": 5, "Plan Width": 50, "Actual Min Startup Time": 39.756, "Actual Max Startup Time": 39.756, "Actual Min Total Time": 122.811, "Actual Max Total Time": 122.811, "Index Cond": "(movie_id = ci.movie_id)", "Rows Removed by Index Recheck": 0, "Actual Rows": 95896}], "Actual Rows": 95896}, {"Node Type": "Hash", "Parent Relationship": "Inner", "Startup Cost": 2.4, "Total Cost": 2.4, "Plan Rows": 1, "Plan Width": 4, "Actual Min Startup Time": 0.077, "Actual Max Startup Time": 0.077, "Actual Min Total Time": 0.077, "Actual Max Total Time": 0.077, "Max Hash Buckets": 32768, "Min Hash Buckets": 32768, "Max Hash Batches": 1, "Min Hash Batches": 1, "Max Original Hash Batches": 1, "Min Original Hash Batches": 1, "Max Peak Memory Usage": 1, "min Peak Memory Usage": 1, "Plans": [{"Node Type": "Seq Scan", "Parent Relationship": "Outer", "Relation Name": "info_type", "Alias": "it1", "Startup Cost": 0.0, "Total Cost": 2.4, "Plan Rows": 1, "Plan Width": 4, "Actual Min Startup Time": 0.064, "Actual Max Startup Time": 0.064, "Actual Min Total Time": 0.068, "Actual Max Total Time": 0.068, "Filter": "((info)::text = 'budget'::text)", "Rows Removed by Filter": 111, "Actual Rows": 1}], "Actual Rows": 1}], "Actual Rows": 699}, {"Node Type": "Index Scan", "Parent Relationship": "Inner", "Scan Direction": "Forward", "Index Name": "movie_id_movie_info_idx", "Relation Name": "movie_info_idx", "Alias": "mi_idx", "Startup Cost": 0.0, "Total Cost": 0.29, "Plan Rows": 2, "Plan Width": 13, "Actual Min Startup Time": 5.323, "Actual Max Startup Time": 5.323, "Actual Min Total Time": 5.912, "Actual Max Total Time": 5.912, "Index Cond": "(movie_id = mi.movie_id)", "Rows Removed by Index Recheck": 0, "Actual Rows": 1235}], "Actual Rows": 1235}, {"Node Type": "Index Scan", "Parent Relationship": "Inner", "Scan Direction": "Forward", "Index Name": "info_type_pkey", "Relation Name": "info_type", "Alias": "it2", "Startup Cost": 0.0, "Total Cost": 0.27, "Plan Rows": 1, "Plan Width": 4, "Actual Min Startup Time": 2.651, "Actual Max Startup Time": 2.651, "Actual Min Total Time": 2.651, "Actual Max Total Time": 2.651, "Index Cond": "(id = mi_idx.info_type_id)", "Rows Removed by Index Recheck": 0, "Filter": "((info)::text = 'votes'::text)", "Rows Removed by Filter": 825, "Actual Rows": 410}], "Actual Rows": 410}, {"Node Type": "Index Scan", "Parent Relationship": "Inner", "Scan Direction": "Forward", "Index Name": "title_pkey", "Relation Name": "title", "Alias": "t", "Startup Cost": 0.0, "Total Cost": 0.28, "Plan Rows": 1, "Plan Width": 21, "Actual Min Startup Time": 3.609, "Actual Max Startup Time": 3.609, "Actual Min Total Time": 3.609, "Actual Max Total Time": 3.609, "Index Cond": "(id = mi.movie_id)", "Rows Removed by Index Recheck": 0, "Actual Rows": 410}], "Actual Rows": 410}], "Actual Rows": 1}, "Triggers": [], "Planner Runtime": 96.689, "Total Runtime": 385.641, "Unique SQL Id": 4264520866}}, "(16, '73')": {"explain_plan": {"Plan": {"Node Type": "Aggregate", "Strategy": "Plain", "Startup Cost": 161226.62, "Total Cost": 161226.63, "Plan Rows": 1, "Plan Width": 160, "Plans": [{"Node Type": "Nested Loop", "Parent Relationship": "Outer", "Join Type": "Inner", "Startup Cost": 0.0, "Total Cost": 161226.56, "Plan Rows": 9, "Plan Width": 64, "Inner Unique": true, "Plans": [{"Node Type": "Nested Loop", "Parent Relationship": "Outer", "Join Type": "Inner", "Startup Cost": 0.0, "Total Cost": 161223.93, "Plan Rows": 9, "Plan Width": 59, "Inner Unique": true, "Plans": [{"Node Type": "Nested Loop", "Parent Relationship": "Outer", "Join Type": "Inner", "Startup Cost": 0.0, "Total Cost": 161145.11, "Plan Rows": 279, "Plan Width": 63, "Inner Unique": false, "Join Filter": "(mi_idx.movie_id = mi.movie_id)", "Plans": [{"Node Type": "Nested Loop", "Parent Relationship": "Outer", "Join Type": "Inner", "Startup Cost": 0.0, "Total Cost": 161105.51, "Plan Rows": 52, "Plan Width": 13, "Inner Unique": true, "Plans": [{"Node Type": "Nested Loop", "Parent Relationship": "Outer", "Join Type": "Inner", "Startup Cost": 0.0, "Total Cost": 161007.76, "Plan Rows": 346, "Plan Width": 17, "Inner Unique": false, "Plans": [{"Node Type": "Nested Loop", "Parent Relationship": "Outer", "Join Type": "Inner", "Startup Cost": 0.0, "Total Cost": 160910.97, "Plan Rows": 294, "Plan Width": 4, "Inner Unique": false, "Plans": [{"Node Type": "Streaming(type: LOCAL GATHER dop: 1/16)", "Parent Relationship": "Outer", "Startup Cost": 0.0, "Total Cost": 153468.6, "Plan Rows": 173, "Plan Width": 4, "Plans": [{"Node Type": "Index Scan", "Parent Relationship": "Outer", "Scan Direction": "Forward", "Index Name": "name_pkey", "Relation Name": "name", "Alias": "n", "Startup Cost": 0.0, "Total Cost": 153464.87, "Plan Rows": 173, "Plan Width": 4, "Filter": "(((name)::text ~~ '%Tim%'::text) AND ((gender)::text = 'm'::text))"}]}, {"Node Type": "Index Scan", "Parent Relationship": "Inner", "Scan Direction": "Forward", "Index Name": "person_id_cast_info", "Relation Name": "cast_info", "Alias": "ci", "Startup Cost": 0.0, "Total Cost": 43.0, "Plan Rows": 2, "Plan Width": 8, "Index Cond": "(person_id = n.id)", "Filter": "((note)::text = ANY ('{(producer),\"(executive producer)\"}'::text[]))"}]}, {"Node Type": "Index Scan", "Parent Relationship": "Inner", "Scan Direction": "Forward", "Index Name": "movie_id_movie_info_idx", "Relation Name": "movie_info_idx", "Alias": "mi_idx", "Startup Cost": 0.0, "Total Cost": 0.31, "Plan Rows": 2, "Plan Width": 13, "Index Cond": "(movie_id = ci.movie_id)"}]}, {"Node Type": "Index Scan", "Parent Relationship": "Inner", "Scan Direction": "Forward", "Index Name": "info_type_pkey", "Relation Name": "info_type", "Alias": "it2", "Startup Cost": 0.0, "Total Cost": 0.27, "Plan Rows": 1, "Plan Width": 4, "Index Cond": "(id = mi_idx.info_type_id)", "Filter": "((info)::text = 'votes'::text)"}]}, {"Node Type": "Index Scan", "Parent Relationship": "Inner", "Scan Direction": "Forward", "Index Name": "movie_id_movie_info", "Relation Name": "movie_info", "Alias": "mi", "Startup Cost": 0.0, "Total Cost": 0.7, "Plan Rows": 5, "Plan Width": 50, "Index Cond": "(movie_id = ci.movie_id)"}]}, {"Node Type": "Index Scan", "Parent Relationship": "Inner", "Scan Direction": "Forward", "Index Name": "info_type_pkey", "Relation Name": "info_type", "Alias": "it1", "Startup Cost": 0.0, "Total Cost": 0.27, "Plan Rows": 1, "Plan Width": 4, "Index Cond": "(id = mi.info_type_id)", "Filter": "((info)::text = 'budget'::text)"}]}, {"Node Type": "Index Scan", "Parent Relationship": "Inner", "Scan Direction": "Forward", "Index Name": "title_pkey", "Relation Name": "title", "Alias": "t", "Startup Cost": 0.0, "Total Cost": 0.28, "Plan Rows": 1, "Plan Width": 21, "Index Cond": "(id = mi.movie_id)"}]}]}, "Unique SQL Id": 4264520866, "Planner Runtime": 44}, "explain_analyze_plan": {"Plan": {"Node Type": "Aggregate", "Strategy": "Plain", "Startup Cost": 161226.62, "Total Cost": 161226.63, "Plan Rows": 1, "Plan Width": 160, "Actual Min Startup Time": 607.284, "Actual Max Startup Time": 607.284, "Actual Min Total Time": 607.284, "Actual Max Total Time": 607.284, "Plans": [{"Node Type": "Nested Loop", "Parent Relationship": "Outer", "Join Type": "Inner", "Startup Cost": 0.0, "Total Cost": 161226.56, "Plan Rows": 9, "Plan Width": 64, "Actual Min Startup Time": 76.744, "Actual Max Startup Time": 76.744, "Actual Min Total Time": 606.583, "Actual Max Total Time": 606.583, "Inner Unique": true, "Plans": [{"Node Type": "Nested Loop", "Parent Relationship": "Outer", "Join Type": "Inner", "Startup Cost": 0.0, "Total Cost": 161223.93, "Plan Rows": 9, "Plan Width": 59, "Actual Min Startup Time": 76.723, "Actual Max Startup Time": 76.723, "Actual Min Total Time": 602.309, "Actual Max Total Time": 602.309, "Inner Unique": true, "Plans": [{"Node Type": "Nested Loop", "Parent Relationship": "Outer", "Join Type": "Inner", "Startup Cost": 0.0, "Total Cost": 161145.11, "Plan Rows": 279, "Plan Width": 63, "Actual Min Startup Time": 76.681, "Actual Max Startup Time": 76.681, "Actual Min Total Time": 420.887, "Actual Max Total Time": 420.887, "Inner Unique": false, "Join Filter": "(mi_idx.movie_id = mi.movie_id)", "Rows Removed by Join Filter": 0, "Plans": [{"Node Type": "Nested Loop", "Parent Relationship": "Outer", "Join Type": "Inner", "Startup Cost": 0.0, "Total Cost": 161105.51, "Plan Rows": 52, "Plan Width": 13, "Actual Min Startup Time": 76.658, "Actual Max Startup Time": 76.658, "Actual Min Total Time": 292.413, "Actual Max Total Time": 292.413, "Inner Unique": true, "Plans": [{"Node Type": "Nested Loop", "Parent Relationship": "Outer", "Join Type": "Inner", "Startup Cost": 0.0, "Total Cost": 161007.76, "Plan Rows": 346, "Plan Width": 17, "Actual Min Startup Time": 76.636, "Actual Max Startup Time": 76.636, "Actual Min Total Time": 267.06, "Actual Max Total Time": 267.06, "Inner Unique": false, "Plans": [{"Node Type": "Nested Loop", "Parent Relationship": "Outer", "Join Type": "Inner", "Startup Cost": 0.0, "Total Cost": 160910.97, "Plan Rows": 294, "Plan Width": 4, "Actual Min Startup Time": 76.609, "Actual Max Startup Time": 76.609, "Actual Min Total Time": 228.308, "Actual Max Total Time": 228.308, "Inner Unique": false, "Plans": [{"Node Type": "Streaming(type: LOCAL GATHER dop: 1/16)", "Parent Relationship": "Outer", "Startup Cost": 0.0, "Total Cost": 153468.6, "Plan Rows": 173, "Plan Width": 4, "Actual Min Startup Time": 76.451, "Actual Max Startup Time": 76.451, "Actual Min Total Time": 97.413, "Actual Max Total Time": 97.413, "Plans": [{"Node Type": "Index Scan", "Parent Relationship": "Outer", "Scan Direction": "Forward", "Index Name": "name_pkey", "Relation Name": "name", "Alias": "n", "Startup Cost": 0.0, "Total Cost": 153464.87, "Plan Rows": 173, "Plan Width": 4, "Actual Min Startup Time": 45.312, "Actual Max Startup Time": 303.084, "Actual Min Total Time": 276.11, "Actual Max Total Time": 305.567, "Filter": "(((name)::text ~~ '%Tim%'::text) AND ((gender)::text = 'm'::text))", "Rows Removed by Filter": 4158428, "Actual Rows": 9062}], "Actual Rows": 9062}, {"Node Type": "Index Scan", "Parent Relationship": "Inner", "Scan Direction": "Forward", "Index Name": "person_id_cast_info", "Relation Name": "cast_info", "Alias": "ci", "Startup Cost": 0.0, "Total Cost": 43.0, "Plan Rows": 2, "Plan Width": 8, "Actual Min Startup Time": 104.871, "Actual Max Startup Time": 104.871, "Actual Min Total Time": 124.44, "Actual Max Total Time": 124.44, "Index Cond": "(person_id = n.id)", "Rows Removed by Index Recheck": 0, "Filter": "((note)::text = ANY ('{(producer),\"(executive producer)\"}'::text[]))", "Rows Removed by Filter": 89309, "Actual Rows": 6719}], "Actual Rows": 6719}, {"Node Type": "Index Scan", "Parent Relationship": "Inner", "Scan Direction": "Forward", "Index Name": "movie_id_movie_info_idx", "Relation Name": "movie_info_idx", "Alias": "mi_idx", "Startup Cost": 0.0, "Total Cost": 0.31, "Plan Rows": 2, "Plan Width": 13, "Actual Min Startup Time": 28.535, "Actual Max Startup Time": 28.535, "Actual Min Total Time": 32.59, "Actual Max Total Time": 32.59, "Index Cond": "(movie_id = ci.movie_id)", "Rows Removed by Index Recheck": 0, "Actual Rows": 10310}], "Actual Rows": 10310}, {"Node Type": "Index Scan", "Parent Relationship": "Inner", "Scan Direction": "Forward", "Index Name": "info_type_pkey", "Relation Name": "info_type", "Alias": "it2", "Startup Cost": 0.0, "Total Cost": 0.27, "Plan Rows": 1, "Plan Width": 4, "Actual Min Startup Time": 19.515, "Actual Max Startup Time": 19.515, "Actual Min Total Time": 19.515, "Actual Max Total Time": 19.515, "Index Cond": "(id = mi_idx.info_type_id)", "Rows Removed by Index Recheck": 0, "Filter": "((info)::text = 'votes'::text)", "Rows Removed by Filter": 6875, "Actual Rows": 3435}], "Actual Rows": 3435}, {"Node Type": "Index Scan", "Parent Relationship": "Inner", "Scan Direction": "Forward", "Index Name": "movie_id_movie_info", "Relation Name": "movie_info", "Alias": "mi", "Startup Cost": 0.0, "Total Cost": 0.7, "Plan Rows": 5, "Plan Width": 50, "Actual Min Startup Time": 24.09, "Actual Max Startup Time": 24.09, "Actual Min Total Time": 96.018, "Actual Max Total Time": 96.018, "Index Cond": "(movie_id = ci.movie_id)", "Rows Removed by Index Recheck": 0, "Actual Rows": 82408}], "Actual Rows": 82408}, {"Node Type": "Index Scan", "Parent Relationship": "Inner", "Scan Direction": "Forward", "Index Name": "info_type_pkey", "Relation Name": "info_type", "Alias": "it1", "Startup Cost": 0.0, "Total Cost": 0.27, "Plan Rows": 1, "Plan Width": 4, "Actual Min Startup Time": 143.239, "Actual Max Startup Time": 143.239, "Actual Min Total Time": 143.239, "Actual Max Total Time": 143.239, "Index Cond": "(id = mi.info_type_id)", "Rows Removed by Index Recheck": 0, "Filter": "((info)::text = 'budget'::text)", "Rows Removed by Filter": 79844, "Actual Rows": 410}], "Actual Rows": 410}, {"Node Type": "Index Scan", "Parent Relationship": "Inner", "Scan Direction": "Forward", "Index Name": "title_pkey", "Relation Name": "title", "Alias": "t", "Startup Cost": 0.0, "Total Cost": 0.28, "Plan Rows": 1, "Plan Width": 21, "Actual Min Startup Time": 3.705, "Actual Max Startup Time": 3.705, "Actual Min Total Time": 3.705, "Actual Max Total Time": 3.705, "Index Cond": "(id = mi.movie_id)", "Rows Removed by Index Recheck": 0, "Actual Rows": 410}], "Actual Rows": 410}], "Actual Rows": 1}, "Triggers": [], "Planner Runtime": 50.937, "Total Runtime": 609.898, "Unique SQL Id": 4264520866}}, "(16, '74')": {"explain_plan": {"Plan": {"Node Type": "Aggregate", "Strategy": "Plain", "Startup Cost": 189908.3, "Total Cost": 189908.31, "Plan Rows": 1, "Plan Width": 160, "Plans": [{"Node Type": "Hash Join", "Parent Relationship": "Outer", "Join Type": "Inner", "Startup Cost": 122763.32, "Total Cost": 189907.92, "Plan Rows": 51, "Plan Width": 64, "Inner Unique": true, "Hash Cond": "(mi_idx.info_type_id = it2.id)", "Plans": [{"Node Type": "Streaming(type: LOCAL GATHER dop: 1/16)", "Parent Relationship": "Outer", "Startup Cost": 122762.71, "Total Cost": 189906.2, "Plan Rows": 204, "Plan Width": 68, "Plans": [{"Node Type": "Hash Join", "Parent Relationship": "Outer", "Join Type": "Inner", "Startup Cost": 122762.71, "Total Cost": 189901.8, "Plan Rows": 204, "Plan Width": 68, "Inner Unique": false, "Hash Cond": "(t.id = mi_idx.movie_id)", "Plans": [{"Node Type": "Streaming(type: BROADCAST dop: 16/16)", "Parent Relationship": "Outer", "Startup Cost": 117617.77, "Total Cost": 184755.73, "Plan Rows": 2128, "Plan Width": 71, "Plans": [{"Node Type": "Hash Join", "Parent Relationship": "Outer", "Join Type": "Inner", "Startup Cost": 117617.77, "Total Cost": 169750.33, "Plan Rows": 133, "Plan Width": 71, "Inner Unique": true, "Hash Cond": "(mi.movie_id = t.id)", "Plans": [{"Node Type": "Streaming(type: BROADCAST dop: 16/1)", "Parent Relationship": "Outer", "Startup Cost": 110953.94, "Total Cost": 163085.93, "Plan Rows": 2128, "Plan Width": 50, "Plans": [{"Node Type": "Hash Join", "Parent Relationship": "Outer", "Join Type": "Inner", "Startup Cost": 110953.94, "Total Cost": 148040.0, "Plan Rows": 133, "Plan Width": 50, "Inner Unique": true, "Hash Cond": "(mi.info_type_id = it1.id)", "Plans": [{"Node Type": "Streaming(type: LOCAL GATHER dop: 1/16)", "Parent Relationship": "Outer", "Startup Cost": 110953.33, "Total Cost": 148034.87, "Plan Rows": 1561, "Plan Width": 54, "Plans": [{"Node Type": "Hash Join", "Parent Relationship": "Outer", "Join Type": "Inner", "Startup Cost": 110953.33, "Total Cost": 148001.18, "Plan Rows": 1561, "Plan Width": 54, "Inner Unique": false, "Hash Cond": "(mi.movie_id = ci.movie_id)", "Plans": [{"Node Type": "Seq Scan", "Parent Relationship": "Outer", "Relation Name": "movie_info", "Alias": "mi", "Startup Cost": 0.0, "Total Cost": 33561.73, "Plan Rows": 14869966, "Plan Width": 50}, {"Node Type": "Hash", "Parent Relationship": "Inner", "Startup Cost": 110949.66, "Total Cost": 110949.66, "Plan Rows": 4704, "Plan Width": 4, "Plans": [{"Node Type": "Streaming(type: BROADCAST dop: 16/16)", "Parent Relationship": "Outer", "Startup Cost": 37128.53, "Total Cost": 110949.66, "Plan Rows": 4704, "Plan Width": 4, "Plans": [{"Node Type": "Hash Join", "Parent Relationship": "Outer", "Join Type": "Inner", "Startup Cost": 37128.53, "Total Cost": 95937.71, "Plan Rows": 294, "Plan Width": 4, "Inner Unique": true, "Hash Cond": "(ci.person_id = n.id)", "Plans": [{"Node Type": "Seq Scan", "Parent Relationship": "Outer", "Relation Name": "cast_info", "Alias": "ci", "Startup Cost": 0.0, "Total Cost": 58282.92, "Plan Rows": 2350421, "Plan Width": 8, "Filter": "((note)::text = ANY ('{(producer),\"(executive producer)\"}'::text[]))"}, {"Node Type": "Hash", "Parent Relationship": "Inner", "Startup Cost": 37126.36, "Total Cost": 37126.36, "Plan Rows": 2768, "Plan Width": 4, "Plans": [{"Node Type": "Streaming(type: BROADCAST dop: 16/16)", "Parent Relationship": "Outer", "Startup Cost": 0.0, "Total Cost": 37126.36, "Plan Rows": 2768, "Plan Width": 4, "Plans": [{"Node Type": "Seq Scan", "Parent Relationship": "Outer", "Relation Name": "name", "Alias": "n", "Startup Cost": 0.0, "Total Cost": 22119.33, "Plan Rows": 173, "Plan Width": 4, "Filter": "(((name)::text ~~ '%Tim%'::text) AND ((gender)::text = 'm'::text))"}]}]}]}]}]}]}]}, {"Node Type": "Hash", "Parent Relationship": "Inner", "Startup Cost": 2.4, "Total Cost": 2.4, "Plan Rows": 1, "Plan Width": 4, "Plans": [{"Node Type": "Seq Scan", "Parent Relationship": "Outer", "Relation Name": "info_type", "Alias": "it1", "Startup Cost": 0.0, "Total Cost": 2.4, "Plan Rows": 1, "Plan Width": 4, "Filter": "((info)::text = 'budget'::text)"}]}]}]}, {"Node Type": "Hash", "Parent Relationship": "Inner", "Startup Cost": 18754.32, "Total Cost": 18754.32, "Plan Rows": 2528311, "Plan Width": 21, "Plans": [{"Node Type": "Seq Scan", "Parent Relationship": "Outer", "Relation Name": "title", "Alias": "t", "Startup Cost": 0.0, "Total Cost": 18754.32, "Plan Rows": 2528311, "Plan Width": 21}]}]}]}, {"Node Type": "Hash", "Parent Relationship": "Inner", "Startup Cost": 16267.15, "Total Cost": 16267.15, "Plan Rows": 1380034, "Plan Width": 13, "Plans": [{"Node Type": "Seq Scan", "Parent Relationship": "Outer", "Relation Name": "movie_info_idx", "Alias": "mi_idx", "Startup Cost": 0.0, "Total Cost": 16267.15, "Plan Rows": 1380034, "Plan Width": 13}]}]}]}, {"Node Type": "Hash", "Parent Relationship": "Inner", "Startup Cost": 2.4, "Total Cost": 2.4, "Plan Rows": 1, "Plan Width": 4, "Plans": [{"Node Type": "Seq Scan", "Parent Relationship": "Outer", "Relation Name": "info_type", "Alias": "it2", "Startup Cost": 0.0, "Total Cost": 2.4, "Plan Rows": 1, "Plan Width": 4, "Filter": "((info)::text = 'votes'::text)"}]}]}]}, "Unique SQL Id": 4264520866, "Planner Runtime": 191}, "explain_analyze_plan": null}, "(16, '75')": {"explain_plan": {"Plan": {"Node Type": "Aggregate", "Strategy": "Plain", "Startup Cost": 6995106580785.5, "Total Cost": 6995106580785.51, "Plan Rows": 1, "Plan Width": 160, "Plans": [{"Node Type": "Hash Join", "Parent Relationship": "Outer", "Join Type": "Inner", "Startup Cost": 3040056437186.07, "Total Cost": 6995106580785.12, "Plan Rows": 51, "Plan Width": 64, "Inner Unique": true, "Hash Cond": "(mi_idx.info_type_id = it2.id)", "Plans": [{"Node Type": "Hash Join", "Parent Relationship": "Outer", "Join Type": "Inner", "Startup Cost": 2040056435765.06, "Total Cost": 5995106579363.0, "Plan Rows": 204, "Plan Width": 68, "Inner Unique": true, "Hash Cond": "(ci.person_id = n.id)", "Plans": [{"Node Type": "Hash Join", "Parent Relationship": "Outer", "Join Type": "Inner", "Startup Cost": 1040036728743.19, "Total Cost": 4995086871412.39, "Plan Rows": 273399, "Plan Width": 72, "Inner Unique": true, "Hash Cond": "(mi.info_type_id = it1.id), (LLVM Optimized)", "Plans": [{"Node Type": "Merge Join", "Parent Relationship": "Outer", "Join Type": "Inner", "Startup Cost": 40036727322.18, "Total Cost": 3995086846354.37, "Plan Rows": 8922631, "Plan Width": 76, "Inner Unique": false, "Merge Cond": "(mi_idx.movie_id = t.id)", "Plans": [{"Node Type": "Index Scan", "Parent Relationship": "Outer", "Scan Direction": "Forward", "Index Name": "movie_id_movie_info_idx", "Relation Name": "movie_info_idx", "Alias": "mi_idx", "Startup Cost": 10000000000.0, "Total Cost": 1000004650035.37, "Plan Rows": 1380034, "Plan Width": 13}, {"Node Type": "Materialize", "Parent Relationship": "Inner", "Startup Cost": 30030988306.16, "Total Cost": 2997863868685.69, "Plan Rows": 12453649, "Plan Width": 79, "Plans": [{"Node Type": "Merge Join", "Parent Relationship": "Outer", "Join Type": "Inner", "Startup Cost": 30030988306.16, "Total Cost": 2997863837551.57, "Plan Rows": 12453649, "Plan Width": 79, "Inner Unique": false, "Merge Cond": "(ci.movie_id = t.id)", "Plans": [{"Node Type": "Index Scan", "Parent Relationship": "Outer", "Scan Direction": "Forward", "Index Name": "movie_id_cast_info", "Relation Name": "cast_info", "Alias": "ci", "Startup Cost": 10000000000.0, "Total Cost": 1000214997262.8, "Plan Rows": 2350421, "Plan Width": 8, "Filter": "((note)::text = ANY ('{(producer),\"(executive producer)\"}'::text[]))"}, {"Node Type": "Materialize", "Parent Relationship": "Inner", "Startup Cost": 20024668916.98, "Total Cost": 1999413737845.62, "Plan Rows": 13396577, "Plan Width": 71, "Plans": [{"Node Type": "Merge Join", "Parent Relationship": "Outer", "Join Type": "Inner", "Startup Cost": 20024668916.98, "Total Cost": 1999413704354.18, "Plan Rows": 13396577, "Plan Width": 71, "Inner Unique": false, "Merge Cond": "(t.id = mi.movie_id)", "Plans": [{"Node Type": "Index Scan", "Parent Relationship": "Outer", "Scan Direction": "Forward", "Index Name": "title_pkey", "Relation Name": "title", "Alias": "t", "Startup Cost": 10000000000.0, "Total Cost": 1000011012048.91, "Plan Rows": 2528311, "Plan Width": 21}, {"Node Type": "Index Scan", "Parent Relationship": "Inner", "Scan Direction": "Forward", "Index Name": "movie_id_movie_info", "Relation Name": "movie_info", "Alias": "mi", "Startup Cost": 10000000000.0, "Total Cost": 1000103816912.22, "Plan Rows": 14869966, "Plan Width": 50}]}]}]}]}]}, {"Node Type": "Hash", "Parent Relationship": "Inner", "Startup Cost": 1000000001421.0, "Total Cost": 1000000001421.0, "Plan Rows": 1, "Plan Width": 4, "Plans": [{"Node Type": "Index Scan", "Parent Relationship": "Outer", "Scan Direction": "Forward", "Index Name": "info_type_pkey", "Relation Name": "info_type", "Alias": "it1", "Startup Cost": 10000000000.0, "Total Cost": 1000000001421.0, "Plan Rows": 1, "Plan Width": 4, "Filter": "((info)::text = 'budget'::text)"}]}]}, {"Node Type": "Hash", "Parent Relationship": "Inner", "Startup Cost": 1000019707019.7, "Total Cost": 1000019707019.7, "Plan Rows": 173, "Plan Width": 4, "Plans": [{"Node Type": "Index Scan", "Parent Relationship": "Outer", "Scan Direction": "Forward", "Index Name": "name_pkey", "Relation Name": "name", "Alias": "n", "Startup Cost": 10000000000.0, "Total Cost": 1000019707019.7, "Plan Rows": 173, "Plan Width": 4, "Filter": "(((name)::text ~~ '%Tim%'::text) AND ((gender)::text = 'm'::text))"}]}]}, {"Node Type": "Hash", "Parent Relationship": "Inner", "Startup Cost": 1000000001421.0, "Total Cost": 1000000001421.0, "Plan Rows": 1, "Plan Width": 4, "Plans": [{"Node Type": "Index Scan", "Parent Relationship": "Outer", "Scan Direction": "Forward", "Index Name": "info_type_pkey", "Relation Name": "info_type", "Alias": "it2", "Startup Cost": 10000000000.0, "Total Cost": 1000000001421.0, "Plan Rows": 1, "Plan Width": 4, "Filter": "((info)::text = 'votes'::text)"}]}]}]}, "Unique SQL Id": 4264520866, "Planner Runtime": 132}, "explain_analyze_plan": null}, "(16, '76')": {"explain_plan": {"Plan": {"Node Type": "Aggregate", "Strategy": "Plain", "Startup Cost": 29846.14, "Total Cost": 29846.15, "Plan Rows": 1, "Plan Width": 160, "Plans": [{"Node Type": "Nested Loop", "Parent Relationship": "Outer", "Join Type": "Inner", "Startup Cost": 2.41, "Total Cost": 29846.07, "Plan Rows": 9, "Plan Width": 64, "Inner Unique": true, "Plans": [{"Node Type": "Nested Loop", "Parent Relationship": "Outer", "Join Type": "Inner", "Startup Cost": 2.41, "Total Cost": 29843.44, "Plan Rows": 9, "Plan Width": 59, "Inner Unique": true, "Plans": [{"Node Type": "Nested Loop", "Parent Relationship": "Outer", "Join Type": "Inner", "Startup Cost": 2.41, "Total Cost": 29833.84, "Plan Rows": 34, "Plan Width": 63, "Inner Unique": false, "Plans": [{"Node Type": "Hash Join", "Parent Relationship": "Outer", "Join Type": "Inner", "Startup Cost": 2.41, "Total Cost": 29792.2, "Plan Rows": 133, "Plan Width": 50, "Inner Unique": true, "Hash Cond": "(mi.info_type_id = it1.id)", "Plans": [{"Node Type": "Nested Loop", "Parent Relationship": "Outer", "Join Type": "Inner", "Startup Cost": 0.0, "Total Cost": 29785.66, "Plan Rows": 1561, "Plan Width": 54, "Inner Unique": false, "Plans": [{"Node Type": "Nested Loop", "Parent Relationship": "Outer", "Join Type": "Inner", "Startup Cost": 0.0, "Total Cost": 29565.43, "Plan Rows": 294, "Plan Width": 4, "Inner Unique": false, "Plans": [{"Node Type": "Streaming(type: LOCAL GATHER dop: 1/16)", "Parent Relationship": "Outer", "Startup Cost": 0.0, "Total Cost": 22123.07, "Plan Rows": 173, "Plan Width": 4, "Plans": [{"Node Type": "Seq Scan", "Parent Relationship": "Outer", "Relation Name": "name", "Alias": "n", "Startup Cost": 0.0, "Total Cost": 22119.33, "Plan Rows": 173, "Plan Width": 4, "Filter": "(((name)::text ~~ '%Tim%'::text) AND ((gender)::text = 'm'::text))"}]}, {"Node Type": "Index Scan", "Parent Relationship": "Inner", "Scan Direction": "Forward", "Index Name": "person_id_cast_info", "Relation Name": "cast_info", "Alias": "ci", "Startup Cost": 0.0, "Total Cost": 43.0, "Plan Rows": 2, "Plan Width": 8, "Index Cond": "(person_id = n.id)", "Filter": "((note)::text = ANY ('{(producer),\"(executive producer)\"}'::text[]))"}]}, {"Node Type": "Index Scan", "Parent Relationship": "Inner", "Scan Direction": "Forward", "Index Name": "movie_id_movie_info", "Relation Name": "movie_info", "Alias": "mi", "Startup Cost": 0.0, "Total Cost": 0.7, "Plan Rows": 5, "Plan Width": 50, "Index Cond": "(movie_id = ci.movie_id)"}]}, {"Node Type": "Hash", "Parent Relationship": "Inner", "Startup Cost": 2.4, "Total Cost": 2.4, "Plan Rows": 1, "Plan Width": 4, "Plans": [{"Node Type": "Seq Scan", "Parent Relationship": "Outer", "Relation Name": "info_type", "Alias": "it1", "Startup Cost": 0.0, "Total Cost": 2.4, "Plan Rows": 1, "Plan Width": 4, "Filter": "((info)::text = 'budget'::text)"}]}]}, {"Node Type": "Index Scan", "Parent Relationship": "Inner", "Scan Direction": "Forward", "Index Name": "movie_id_movie_info_idx", "Relation Name": "movie_info_idx", "Alias": "mi_idx", "Startup Cost": 0.0, "Total Cost": 0.29, "Plan Rows": 2, "Plan Width": 13, "Index Cond": "(movie_id = mi.movie_id)"}]}, {"Node Type": "Index Scan", "Parent Relationship": "Inner", "Scan Direction": "Forward", "Index Name": "info_type_pkey", "Relation Name": "info_type", "Alias": "it2", "Startup Cost": 0.0, "Total Cost": 0.27, "Plan Rows": 1, "Plan Width": 4, "Index Cond": "(id = mi_idx.info_type_id)", "Filter": "((info)::text = 'votes'::text)"}]}, {"Node Type": "Index Scan", "Parent Relationship": "Inner", "Scan Direction": "Forward", "Index Name": "title_pkey", "Relation Name": "title", "Alias": "t", "Startup Cost": 0.0, "Total Cost": 0.28, "Plan Rows": 1, "Plan Width": 21, "Index Cond": "(id = mi.movie_id)"}]}]}, "Unique SQL Id": 4264520866, "Planner Runtime": 97}, "explain_analyze_plan": {"Plan": {"Node Type": "Aggregate", "Strategy": "Plain", "Startup Cost": 29846.14, "Total Cost": 29846.15, "Plan Rows": 1, "Plan Width": 160, "Actual Min Startup Time": 383.044, "Actual Max Startup Time": 383.044, "Actual Min Total Time": 383.044, "Actual Max Total Time": 383.044, "Plans": [{"Node Type": "Nested Loop", "Parent Relationship": "Outer", "Join Type": "Inner", "Startup Cost": 2.41, "Total Cost": 29846.07, "Plan Rows": 9, "Plan Width": 64, "Actual Min Startup Time": 23.956, "Actual Max Startup Time": 23.956, "Actual Min Total Time": 382.344, "Actual Max Total Time": 382.344, "Inner Unique": true, "Plans": [{"Node Type": "Nested Loop", "Parent Relationship": "Outer", "Join Type": "Inner", "Startup Cost": 2.41, "Total Cost": 29843.44, "Plan Rows": 9, "Plan Width": 59, "Actual Min Startup Time": 23.935, "Actual Max Startup Time": 23.935, "Actual Min Total Time": 378.246, "Actual Max Total Time": 378.246, "Inner Unique": true, "Plans": [{"Node Type": "Nested Loop", "Parent Relationship": "Outer", "Join Type": "Inner", "Startup Cost": 2.41, "Total Cost": 29833.84, "Plan Rows": 34, "Plan Width": 63, "Actual Min Startup Time": 23.916, "Actual Max Startup Time": 23.916, "Actual Min Total Time": 374.78, "Actual Max Total Time": 374.78, "Inner Unique": false, "Plans": [{"Node Type": "Hash Join", "Parent Relationship": "Outer", "Join Type": "Inner", "Startup Cost": 2.41, "Total Cost": 29792.2, "Plan Rows": 133, "Plan Width": 50, "Actual Min Startup Time": 20.429, "Actual Max Startup Time": 20.429, "Actual Min Total Time": 368.055, "Actual Max Total Time": 368.055, "Inner Unique": true, "Hash Cond": "(mi.info_type_id = it1.id)", "Plans": [{"Node Type": "Nested Loop", "Parent Relationship": "Outer", "Join Type": "Inner", "Startup Cost": 0.0, "Total Cost": 29785.66, "Plan Rows": 1561, "Plan Width": 54, "Actual Min Startup Time": 20.212, "Actual Max Startup Time": 20.212, "Actual Min Total Time": 352.444, "Actual Max Total Time": 352.444, "Inner Unique": false, "Plans": [{"Node Type": "Nested Loop", "Parent Relationship": "Outer", "Join Type": "Inner", "Startup Cost": 0.0, "Total Cost": 29565.43, "Plan Rows": 294, "Plan Width": 4, "Actual Min Startup Time": 20.193, "Actual Max Startup Time": 20.193, "Actual Min Total Time": 205.828, "Actual Max Total Time": 205.828, "Inner Unique": false, "Plans": [{"Node Type": "Streaming(type: LOCAL GATHER dop: 1/16)", "Parent Relationship": "Outer", "Startup Cost": 0.0, "Total Cost": 22123.07, "Plan Rows": 173, "Plan Width": 4, "Actual Min Startup Time": 19.894, "Actual Max Startup Time": 19.894, "Actual Min Total Time": 74.09, "Actual Max Total Time": 74.09, "Plans": [{"Node Type": "Seq Scan", "Parent Relationship": "Outer", "Relation Name": "name", "Alias": "n", "Startup Cost": 0.0, "Total Cost": 22119.33, "Plan Rows": 173, "Plan Width": 4, "Actual Min Startup Time": 0.032, "Actual Max Startup Time": 0.837, "Actual Min Total Time": 101.867, "Actual Max Total Time": 105.985, "Filter": "(((name)::text ~~ '%Tim%'::text) AND ((gender)::text = 'm'::text))", "Rows Removed by Filter": 4158428, "Actual Rows": 9062}], "Actual Rows": 9062}, {"Node Type": "Index Scan", "Parent Relationship": "Inner", "Scan Direction": "Forward", "Index Name": "person_id_cast_info", "Relation Name": "cast_info", "Alias": "ci", "Startup Cost": 0.0, "Total Cost": 43.0, "Plan Rows": 2, "Plan Width": 8, "Actual Min Startup Time": 106.345, "Actual Max Startup Time": 106.345, "Actual Min Total Time": 125.407, "Actual Max Total Time": 125.407, "Index Cond": "(person_id = n.id)", "Rows Removed by Index Recheck": 0, "Filter": "((note)::text = ANY ('{(producer),\"(executive producer)\"}'::text[]))", "Rows Removed by Filter": 89309, "Actual Rows": 6719}], "Actual Rows": 6719}, {"Node Type": "Index Scan", "Parent Relationship": "Inner", "Scan Direction": "Forward", "Index Name": "movie_id_movie_info", "Relation Name": "movie_info", "Alias": "mi", "Startup Cost": 0.0, "Total Cost": 0.7, "Plan Rows": 5, "Plan Width": 50, "Actual Min Startup Time": 39.756, "Actual Max Startup Time": 39.756, "Actual Min Total Time": 122.811, "Actual Max Total Time": 122.811, "Index Cond": "(movie_id = ci.movie_id)", "Rows Removed by Index Recheck": 0, "Actual Rows": 95896}], "Actual Rows": 95896}, {"Node Type": "Hash", "Parent Relationship": "Inner", "Startup Cost": 2.4, "Total Cost": 2.4, "Plan Rows": 1, "Plan Width": 4, "Actual Min Startup Time": 0.077, "Actual Max Startup Time": 0.077, "Actual Min Total Time": 0.077, "Actual Max Total Time": 0.077, "Max Hash Buckets": 32768, "Min Hash Buckets": 32768, "Max Hash Batches": 1, "Min Hash Batches": 1, "Max Original Hash Batches": 1, "Min Original Hash Batches": 1, "Max Peak Memory Usage": 1, "min Peak Memory Usage": 1, "Plans": [{"Node Type": "Seq Scan", "Parent Relationship": "Outer", "Relation Name": "info_type", "Alias": "it1", "Startup Cost": 0.0, "Total Cost": 2.4, "Plan Rows": 1, "Plan Width": 4, "Actual Min Startup Time": 0.064, "Actual Max Startup Time": 0.064, "Actual Min Total Time": 0.068, "Actual Max Total Time": 0.068, "Filter": "((info)::text = 'budget'::text)", "Rows Removed by Filter": 111, "Actual Rows": 1}], "Actual Rows": 1}], "Actual Rows": 699}, {"Node Type": "Index Scan", "Parent Relationship": "Inner", "Scan Direction": "Forward", "Index Name": "movie_id_movie_info_idx", "Relation Name": "movie_info_idx", "Alias": "mi_idx", "Startup Cost": 0.0, "Total Cost": 0.29, "Plan Rows": 2, "Plan Width": 13, "Actual Min Startup Time": 5.323, "Actual Max Startup Time": 5.323, "Actual Min Total Time": 5.912, "Actual Max Total Time": 5.912, "Index Cond": "(movie_id = mi.movie_id)", "Rows Removed by Index Recheck": 0, "Actual Rows": 1235}], "Actual Rows": 1235}, {"Node Type": "Index Scan", "Parent Relationship": "Inner", "Scan Direction": "Forward", "Index Name": "info_type_pkey", "Relation Name": "info_type", "Alias": "it2", "Startup Cost": 0.0, "Total Cost": 0.27, "Plan Rows": 1, "Plan Width": 4, "Actual Min Startup Time": 2.651, "Actual Max Startup Time": 2.651, "Actual Min Total Time": 2.651, "Actual Max Total Time": 2.651, "Index Cond": "(id = mi_idx.info_type_id)", "Rows Removed by Index Recheck": 0, "Filter": "((info)::text = 'votes'::text)", "Rows Removed by Filter": 825, "Actual Rows": 410}], "Actual Rows": 410}, {"Node Type": "Index Scan", "Parent Relationship": "Inner", "Scan Direction": "Forward", "Index Name": "title_pkey", "Relation Name": "title", "Alias": "t", "Startup Cost": 0.0, "Total Cost": 0.28, "Plan Rows": 1, "Plan Width": 21, "Actual Min Startup Time": 3.609, "Actual Max Startup Time": 3.609, "Actual Min Total Time": 3.609, "Actual Max Total Time": 3.609, "Index Cond": "(id = mi.movie_id)", "Rows Removed by Index Recheck": 0, "Actual Rows": 410}], "Actual Rows": 410}], "Actual Rows": 1}, "Triggers": [], "Planner Runtime": 96.689, "Total Runtime": 385.641, "Unique SQL Id": 4264520866}}, "(16, '77')": {"explain_plan": {"Plan": {"Node Type": "Aggregate", "Strategy": "Plain", "Startup Cost": 161226.62, "Total Cost": 161226.63, "Plan Rows": 1, "Plan Width": 160, "Plans": [{"Node Type": "Nested Loop", "Parent Relationship": "Outer", "Join Type": "Inner", "Startup Cost": 0.0, "Total Cost": 161226.56, "Plan Rows": 9, "Plan Width": 64, "Inner Unique": true, "Plans": [{"Node Type": "Nested Loop", "Parent Relationship": "Outer", "Join Type": "Inner", "Startup Cost": 0.0, "Total Cost": 161223.93, "Plan Rows": 9, "Plan Width": 59, "Inner Unique": true, "Plans": [{"Node Type": "Nested Loop", "Parent Relationship": "Outer", "Join Type": "Inner", "Startup Cost": 0.0, "Total Cost": 161145.11, "Plan Rows": 279, "Plan Width": 63, "Inner Unique": false, "Join Filter": "(mi_idx.movie_id = mi.movie_id)", "Plans": [{"Node Type": "Nested Loop", "Parent Relationship": "Outer", "Join Type": "Inner", "Startup Cost": 0.0, "Total Cost": 161105.51, "Plan Rows": 52, "Plan Width": 13, "Inner Unique": true, "Plans": [{"Node Type": "Nested Loop", "Parent Relationship": "Outer", "Join Type": "Inner", "Startup Cost": 0.0, "Total Cost": 161007.76, "Plan Rows": 346, "Plan Width": 17, "Inner Unique": false, "Plans": [{"Node Type": "Nested Loop", "Parent Relationship": "Outer", "Join Type": "Inner", "Startup Cost": 0.0, "Total Cost": 160910.97, "Plan Rows": 294, "Plan Width": 4, "Inner Unique": false, "Plans": [{"Node Type": "Streaming(type: LOCAL GATHER dop: 1/16)", "Parent Relationship": "Outer", "Startup Cost": 0.0, "Total Cost": 153468.6, "Plan Rows": 173, "Plan Width": 4, "Plans": [{"Node Type": "Index Scan", "Parent Relationship": "Outer", "Scan Direction": "Forward", "Index Name": "name_pkey", "Relation Name": "name", "Alias": "n", "Startup Cost": 0.0, "Total Cost": 153464.87, "Plan Rows": 173, "Plan Width": 4, "Filter": "(((name)::text ~~ '%Tim%'::text) AND ((gender)::text = 'm'::text))"}]}, {"Node Type": "Index Scan", "Parent Relationship": "Inner", "Scan Direction": "Forward", "Index Name": "person_id_cast_info", "Relation Name": "cast_info", "Alias": "ci", "Startup Cost": 0.0, "Total Cost": 43.0, "Plan Rows": 2, "Plan Width": 8, "Index Cond": "(person_id = n.id)", "Filter": "((note)::text = ANY ('{(producer),\"(executive producer)\"}'::text[]))"}]}, {"Node Type": "Index Scan", "Parent Relationship": "Inner", "Scan Direction": "Forward", "Index Name": "movie_id_movie_info_idx", "Relation Name": "movie_info_idx", "Alias": "mi_idx", "Startup Cost": 0.0, "Total Cost": 0.31, "Plan Rows": 2, "Plan Width": 13, "Index Cond": "(movie_id = ci.movie_id)"}]}, {"Node Type": "Index Scan", "Parent Relationship": "Inner", "Scan Direction": "Forward", "Index Name": "info_type_pkey", "Relation Name": "info_type", "Alias": "it2", "Startup Cost": 0.0, "Total Cost": 0.27, "Plan Rows": 1, "Plan Width": 4, "Index Cond": "(id = mi_idx.info_type_id)", "Filter": "((info)::text = 'votes'::text)"}]}, {"Node Type": "Index Scan", "Parent Relationship": "Inner", "Scan Direction": "Forward", "Index Name": "movie_id_movie_info", "Relation Name": "movie_info", "Alias": "mi", "Startup Cost": 0.0, "Total Cost": 0.7, "Plan Rows": 5, "Plan Width": 50, "Index Cond": "(movie_id = ci.movie_id)"}]}, {"Node Type": "Index Scan", "Parent Relationship": "Inner", "Scan Direction": "Forward", "Index Name": "info_type_pkey", "Relation Name": "info_type", "Alias": "it1", "Startup Cost": 0.0, "Total Cost": 0.27, "Plan Rows": 1, "Plan Width": 4, "Index Cond": "(id = mi.info_type_id)", "Filter": "((info)::text = 'budget'::text)"}]}, {"Node Type": "Index Scan", "Parent Relationship": "Inner", "Scan Direction": "Forward", "Index Name": "title_pkey", "Relation Name": "title", "Alias": "t", "Startup Cost": 0.0, "Total Cost": 0.28, "Plan Rows": 1, "Plan Width": 21, "Index Cond": "(id = mi.movie_id)"}]}]}, "Unique SQL Id": 4264520866, "Planner Runtime": 44}, "explain_analyze_plan": {"Plan": {"Node Type": "Aggregate", "Strategy": "Plain", "Startup Cost": 161226.62, "Total Cost": 161226.63, "Plan Rows": 1, "Plan Width": 160, "Actual Min Startup Time": 607.284, "Actual Max Startup Time": 607.284, "Actual Min Total Time": 607.284, "Actual Max Total Time": 607.284, "Plans": [{"Node Type": "Nested Loop", "Parent Relationship": "Outer", "Join Type": "Inner", "Startup Cost": 0.0, "Total Cost": 161226.56, "Plan Rows": 9, "Plan Width": 64, "Actual Min Startup Time": 76.744, "Actual Max Startup Time": 76.744, "Actual Min Total Time": 606.583, "Actual Max Total Time": 606.583, "Inner Unique": true, "Plans": [{"Node Type": "Nested Loop", "Parent Relationship": "Outer", "Join Type": "Inner", "Startup Cost": 0.0, "Total Cost": 161223.93, "Plan Rows": 9, "Plan Width": 59, "Actual Min Startup Time": 76.723, "Actual Max Startup Time": 76.723, "Actual Min Total Time": 602.309, "Actual Max Total Time": 602.309, "Inner Unique": true, "Plans": [{"Node Type": "Nested Loop", "Parent Relationship": "Outer", "Join Type": "Inner", "Startup Cost": 0.0, "Total Cost": 161145.11, "Plan Rows": 279, "Plan Width": 63, "Actual Min Startup Time": 76.681, "Actual Max Startup Time": 76.681, "Actual Min Total Time": 420.887, "Actual Max Total Time": 420.887, "Inner Unique": false, "Join Filter": "(mi_idx.movie_id = mi.movie_id)", "Rows Removed by Join Filter": 0, "Plans": [{"Node Type": "Nested Loop", "Parent Relationship": "Outer", "Join Type": "Inner", "Startup Cost": 0.0, "Total Cost": 161105.51, "Plan Rows": 52, "Plan Width": 13, "Actual Min Startup Time": 76.658, "Actual Max Startup Time": 76.658, "Actual Min Total Time": 292.413, "Actual Max Total Time": 292.413, "Inner Unique": true, "Plans": [{"Node Type": "Nested Loop", "Parent Relationship": "Outer", "Join Type": "Inner", "Startup Cost": 0.0, "Total Cost": 161007.76, "Plan Rows": 346, "Plan Width": 17, "Actual Min Startup Time": 76.636, "Actual Max Startup Time": 76.636, "Actual Min Total Time": 267.06, "Actual Max Total Time": 267.06, "Inner Unique": false, "Plans": [{"Node Type": "Nested Loop", "Parent Relationship": "Outer", "Join Type": "Inner", "Startup Cost": 0.0, "Total Cost": 160910.97, "Plan Rows": 294, "Plan Width": 4, "Actual Min Startup Time": 76.609, "Actual Max Startup Time": 76.609, "Actual Min Total Time": 228.308, "Actual Max Total Time": 228.308, "Inner Unique": false, "Plans": [{"Node Type": "Streaming(type: LOCAL GATHER dop: 1/16)", "Parent Relationship": "Outer", "Startup Cost": 0.0, "Total Cost": 153468.6, "Plan Rows": 173, "Plan Width": 4, "Actual Min Startup Time": 76.451, "Actual Max Startup Time": 76.451, "Actual Min Total Time": 97.413, "Actual Max Total Time": 97.413, "Plans": [{"Node Type": "Index Scan", "Parent Relationship": "Outer", "Scan Direction": "Forward", "Index Name": "name_pkey", "Relation Name": "name", "Alias": "n", "Startup Cost": 0.0, "Total Cost": 153464.87, "Plan Rows": 173, "Plan Width": 4, "Actual Min Startup Time": 45.312, "Actual Max Startup Time": 303.084, "Actual Min Total Time": 276.11, "Actual Max Total Time": 305.567, "Filter": "(((name)::text ~~ '%Tim%'::text) AND ((gender)::text = 'm'::text))", "Rows Removed by Filter": 4158428, "Actual Rows": 9062}], "Actual Rows": 9062}, {"Node Type": "Index Scan", "Parent Relationship": "Inner", "Scan Direction": "Forward", "Index Name": "person_id_cast_info", "Relation Name": "cast_info", "Alias": "ci", "Startup Cost": 0.0, "Total Cost": 43.0, "Plan Rows": 2, "Plan Width": 8, "Actual Min Startup Time": 104.871, "Actual Max Startup Time": 104.871, "Actual Min Total Time": 124.44, "Actual Max Total Time": 124.44, "Index Cond": "(person_id = n.id)", "Rows Removed by Index Recheck": 0, "Filter": "((note)::text = ANY ('{(producer),\"(executive producer)\"}'::text[]))", "Rows Removed by Filter": 89309, "Actual Rows": 6719}], "Actual Rows": 6719}, {"Node Type": "Index Scan", "Parent Relationship": "Inner", "Scan Direction": "Forward", "Index Name": "movie_id_movie_info_idx", "Relation Name": "movie_info_idx", "Alias": "mi_idx", "Startup Cost": 0.0, "Total Cost": 0.31, "Plan Rows": 2, "Plan Width": 13, "Actual Min Startup Time": 28.535, "Actual Max Startup Time": 28.535, "Actual Min Total Time": 32.59, "Actual Max Total Time": 32.59, "Index Cond": "(movie_id = ci.movie_id)", "Rows Removed by Index Recheck": 0, "Actual Rows": 10310}], "Actual Rows": 10310}, {"Node Type": "Index Scan", "Parent Relationship": "Inner", "Scan Direction": "Forward", "Index Name": "info_type_pkey", "Relation Name": "info_type", "Alias": "it2", "Startup Cost": 0.0, "Total Cost": 0.27, "Plan Rows": 1, "Plan Width": 4, "Actual Min Startup Time": 19.515, "Actual Max Startup Time": 19.515, "Actual Min Total Time": 19.515, "Actual Max Total Time": 19.515, "Index Cond": "(id = mi_idx.info_type_id)", "Rows Removed by Index Recheck": 0, "Filter": "((info)::text = 'votes'::text)", "Rows Removed by Filter": 6875, "Actual Rows": 3435}], "Actual Rows": 3435}, {"Node Type": "Index Scan", "Parent Relationship": "Inner", "Scan Direction": "Forward", "Index Name": "movie_id_movie_info", "Relation Name": "movie_info", "Alias": "mi", "Startup Cost": 0.0, "Total Cost": 0.7, "Plan Rows": 5, "Plan Width": 50, "Actual Min Startup Time": 24.09, "Actual Max Startup Time": 24.09, "Actual Min Total Time": 96.018, "Actual Max Total Time": 96.018, "Index Cond": "(movie_id = ci.movie_id)", "Rows Removed by Index Recheck": 0, "Actual Rows": 82408}], "Actual Rows": 82408}, {"Node Type": "Index Scan", "Parent Relationship": "Inner", "Scan Direction": "Forward", "Index Name": "info_type_pkey", "Relation Name": "info_type", "Alias": "it1", "Startup Cost": 0.0, "Total Cost": 0.27, "Plan Rows": 1, "Plan Width": 4, "Actual Min Startup Time": 143.239, "Actual Max Startup Time": 143.239, "Actual Min Total Time": 143.239, "Actual Max Total Time": 143.239, "Index Cond": "(id = mi.info_type_id)", "Rows Removed by Index Recheck": 0, "Filter": "((info)::text = 'budget'::text)", "Rows Removed by Filter": 79844, "Actual Rows": 410}], "Actual Rows": 410}, {"Node Type": "Index Scan", "Parent Relationship": "Inner", "Scan Direction": "Forward", "Index Name": "title_pkey", "Relation Name": "title", "Alias": "t", "Startup Cost": 0.0, "Total Cost": 0.28, "Plan Rows": 1, "Plan Width": 21, "Actual Min Startup Time": 3.705, "Actual Max Startup Time": 3.705, "Actual Min Total Time": 3.705, "Actual Max Total Time": 3.705, "Index Cond": "(id = mi.movie_id)", "Rows Removed by Index Recheck": 0, "Actual Rows": 410}], "Actual Rows": 410}], "Actual Rows": 1}, "Triggers": [], "Planner Runtime": 50.937, "Total Runtime": 609.898, "Unique SQL Id": 4264520866}}, "(16, '78')": {"explain_plan": {"Plan": {"Node Type": "Aggregate", "Strategy": "Plain", "Startup Cost": 189908.3, "Total Cost": 189908.31, "Plan Rows": 1, "Plan Width": 160, "Plans": [{"Node Type": "Hash Join", "Parent Relationship": "Outer", "Join Type": "Inner", "Startup Cost": 122763.32, "Total Cost": 189907.92, "Plan Rows": 51, "Plan Width": 64, "Inner Unique": true, "Hash Cond": "(mi_idx.info_type_id = it2.id)", "Plans": [{"Node Type": "Streaming(type: LOCAL GATHER dop: 1/16)", "Parent Relationship": "Outer", "Startup Cost": 122762.71, "Total Cost": 189906.2, "Plan Rows": 204, "Plan Width": 68, "Plans": [{"Node Type": "Hash Join", "Parent Relationship": "Outer", "Join Type": "Inner", "Startup Cost": 122762.71, "Total Cost": 189901.8, "Plan Rows": 204, "Plan Width": 68, "Inner Unique": false, "Hash Cond": "(t.id = mi_idx.movie_id)", "Plans": [{"Node Type": "Streaming(type: BROADCAST dop: 16/16)", "Parent Relationship": "Outer", "Startup Cost": 117617.77, "Total Cost": 184755.73, "Plan Rows": 2128, "Plan Width": 71, "Plans": [{"Node Type": "Hash Join", "Parent Relationship": "Outer", "Join Type": "Inner", "Startup Cost": 117617.77, "Total Cost": 169750.33, "Plan Rows": 133, "Plan Width": 71, "Inner Unique": true, "Hash Cond": "(mi.movie_id = t.id)", "Plans": [{"Node Type": "Streaming(type: BROADCAST dop: 16/1)", "Parent Relationship": "Outer", "Startup Cost": 110953.94, "Total Cost": 163085.93, "Plan Rows": 2128, "Plan Width": 50, "Plans": [{"Node Type": "Hash Join", "Parent Relationship": "Outer", "Join Type": "Inner", "Startup Cost": 110953.94, "Total Cost": 148040.0, "Plan Rows": 133, "Plan Width": 50, "Inner Unique": true, "Hash Cond": "(mi.info_type_id = it1.id)", "Plans": [{"Node Type": "Streaming(type: LOCAL GATHER dop: 1/16)", "Parent Relationship": "Outer", "Startup Cost": 110953.33, "Total Cost": 148034.87, "Plan Rows": 1561, "Plan Width": 54, "Plans": [{"Node Type": "Hash Join", "Parent Relationship": "Outer", "Join Type": "Inner", "Startup Cost": 110953.33, "Total Cost": 148001.18, "Plan Rows": 1561, "Plan Width": 54, "Inner Unique": false, "Hash Cond": "(mi.movie_id = ci.movie_id)", "Plans": [{"Node Type": "Seq Scan", "Parent Relationship": "Outer", "Relation Name": "movie_info", "Alias": "mi", "Startup Cost": 0.0, "Total Cost": 33561.73, "Plan Rows": 14869966, "Plan Width": 50}, {"Node Type": "Hash", "Parent Relationship": "Inner", "Startup Cost": 110949.66, "Total Cost": 110949.66, "Plan Rows": 4704, "Plan Width": 4, "Plans": [{"Node Type": "Streaming(type: BROADCAST dop: 16/16)", "Parent Relationship": "Outer", "Startup Cost": 37128.53, "Total Cost": 110949.66, "Plan Rows": 4704, "Plan Width": 4, "Plans": [{"Node Type": "Hash Join", "Parent Relationship": "Outer", "Join Type": "Inner", "Startup Cost": 37128.53, "Total Cost": 95937.71, "Plan Rows": 294, "Plan Width": 4, "Inner Unique": true, "Hash Cond": "(ci.person_id = n.id)", "Plans": [{"Node Type": "Seq Scan", "Parent Relationship": "Outer", "Relation Name": "cast_info", "Alias": "ci", "Startup Cost": 0.0, "Total Cost": 58282.92, "Plan Rows": 2350421, "Plan Width": 8, "Filter": "((note)::text = ANY ('{(producer),\"(executive producer)\"}'::text[]))"}, {"Node Type": "Hash", "Parent Relationship": "Inner", "Startup Cost": 37126.36, "Total Cost": 37126.36, "Plan Rows": 2768, "Plan Width": 4, "Plans": [{"Node Type": "Streaming(type: BROADCAST dop: 16/16)", "Parent Relationship": "Outer", "Startup Cost": 0.0, "Total Cost": 37126.36, "Plan Rows": 2768, "Plan Width": 4, "Plans": [{"Node Type": "Seq Scan", "Parent Relationship": "Outer", "Relation Name": "name", "Alias": "n", "Startup Cost": 0.0, "Total Cost": 22119.33, "Plan Rows": 173, "Plan Width": 4, "Filter": "(((name)::text ~~ '%Tim%'::text) AND ((gender)::text = 'm'::text))"}]}]}]}]}]}]}]}, {"Node Type": "Hash", "Parent Relationship": "Inner", "Startup Cost": 2.4, "Total Cost": 2.4, "Plan Rows": 1, "Plan Width": 4, "Plans": [{"Node Type": "Seq Scan", "Parent Relationship": "Outer", "Relation Name": "info_type", "Alias": "it1", "Startup Cost": 0.0, "Total Cost": 2.4, "Plan Rows": 1, "Plan Width": 4, "Filter": "((info)::text = 'budget'::text)"}]}]}]}, {"Node Type": "Hash", "Parent Relationship": "Inner", "Startup Cost": 18754.32, "Total Cost": 18754.32, "Plan Rows": 2528311, "Plan Width": 21, "Plans": [{"Node Type": "Seq Scan", "Parent Relationship": "Outer", "Relation Name": "title", "Alias": "t", "Startup Cost": 0.0, "Total Cost": 18754.32, "Plan Rows": 2528311, "Plan Width": 21}]}]}]}, {"Node Type": "Hash", "Parent Relationship": "Inner", "Startup Cost": 16267.15, "Total Cost": 16267.15, "Plan Rows": 1380034, "Plan Width": 13, "Plans": [{"Node Type": "Seq Scan", "Parent Relationship": "Outer", "Relation Name": "movie_info_idx", "Alias": "mi_idx", "Startup Cost": 0.0, "Total Cost": 16267.15, "Plan Rows": 1380034, "Plan Width": 13}]}]}]}, {"Node Type": "Hash", "Parent Relationship": "Inner", "Startup Cost": 2.4, "Total Cost": 2.4, "Plan Rows": 1, "Plan Width": 4, "Plans": [{"Node Type": "Seq Scan", "Parent Relationship": "Outer", "Relation Name": "info_type", "Alias": "it2", "Startup Cost": 0.0, "Total Cost": 2.4, "Plan Rows": 1, "Plan Width": 4, "Filter": "((info)::text = 'votes'::text)"}]}]}]}, "Unique SQL Id": 4264520866, "Planner Runtime": 191}, "explain_analyze_plan": null}, "(16, '79')": {"explain_plan": {"Plan": {"Node Type": "Aggregate", "Strategy": "Plain", "Startup Cost": 6995106580785.5, "Total Cost": 6995106580785.51, "Plan Rows": 1, "Plan Width": 160, "Plans": [{"Node Type": "Hash Join", "Parent Relationship": "Outer", "Join Type": "Inner", "Startup Cost": 3040056437186.07, "Total Cost": 6995106580785.12, "Plan Rows": 51, "Plan Width": 64, "Inner Unique": true, "Hash Cond": "(mi_idx.info_type_id = it2.id)", "Plans": [{"Node Type": "Hash Join", "Parent Relationship": "Outer", "Join Type": "Inner", "Startup Cost": 2040056435765.06, "Total Cost": 5995106579363.0, "Plan Rows": 204, "Plan Width": 68, "Inner Unique": true, "Hash Cond": "(ci.person_id = n.id)", "Plans": [{"Node Type": "Hash Join", "Parent Relationship": "Outer", "Join Type": "Inner", "Startup Cost": 1040036728743.19, "Total Cost": 4995086871412.39, "Plan Rows": 273399, "Plan Width": 72, "Inner Unique": true, "Hash Cond": "(mi.info_type_id = it1.id), (LLVM Optimized)", "Plans": [{"Node Type": "Merge Join", "Parent Relationship": "Outer", "Join Type": "Inner", "Startup Cost": 40036727322.18, "Total Cost": 3995086846354.37, "Plan Rows": 8922631, "Plan Width": 76, "Inner Unique": false, "Merge Cond": "(mi_idx.movie_id = t.id)", "Plans": [{"Node Type": "Index Scan", "Parent Relationship": "Outer", "Scan Direction": "Forward", "Index Name": "movie_id_movie_info_idx", "Relation Name": "movie_info_idx", "Alias": "mi_idx", "Startup Cost": 10000000000.0, "Total Cost": 1000004650035.37, "Plan Rows": 1380034, "Plan Width": 13}, {"Node Type": "Materialize", "Parent Relationship": "Inner", "Startup Cost": 30030988306.16, "Total Cost": 2997863868685.69, "Plan Rows": 12453649, "Plan Width": 79, "Plans": [{"Node Type": "Merge Join", "Parent Relationship": "Outer", "Join Type": "Inner", "Startup Cost": 30030988306.16, "Total Cost": 2997863837551.57, "Plan Rows": 12453649, "Plan Width": 79, "Inner Unique": false, "Merge Cond": "(ci.movie_id = t.id)", "Plans": [{"Node Type": "Index Scan", "Parent Relationship": "Outer", "Scan Direction": "Forward", "Index Name": "movie_id_cast_info", "Relation Name": "cast_info", "Alias": "ci", "Startup Cost": 10000000000.0, "Total Cost": 1000214997262.8, "Plan Rows": 2350421, "Plan Width": 8, "Filter": "((note)::text = ANY ('{(producer),\"(executive producer)\"}'::text[]))"}, {"Node Type": "Materialize", "Parent Relationship": "Inner", "Startup Cost": 20024668916.98, "Total Cost": 1999413737845.62, "Plan Rows": 13396577, "Plan Width": 71, "Plans": [{"Node Type": "Merge Join", "Parent Relationship": "Outer", "Join Type": "Inner", "Startup Cost": 20024668916.98, "Total Cost": 1999413704354.18, "Plan Rows": 13396577, "Plan Width": 71, "Inner Unique": false, "Merge Cond": "(t.id = mi.movie_id)", "Plans": [{"Node Type": "Index Scan", "Parent Relationship": "Outer", "Scan Direction": "Forward", "Index Name": "title_pkey", "Relation Name": "title", "Alias": "t", "Startup Cost": 10000000000.0, "Total Cost": 1000011012048.91, "Plan Rows": 2528311, "Plan Width": 21}, {"Node Type": "Index Scan", "Parent Relationship": "Inner", "Scan Direction": "Forward", "Index Name": "movie_id_movie_info", "Relation Name": "movie_info", "Alias": "mi", "Startup Cost": 10000000000.0, "Total Cost": 1000103816912.22, "Plan Rows": 14869966, "Plan Width": 50}]}]}]}]}]}, {"Node Type": "Hash", "Parent Relationship": "Inner", "Startup Cost": 1000000001421.0, "Total Cost": 1000000001421.0, "Plan Rows": 1, "Plan Width": 4, "Plans": [{"Node Type": "Index Scan", "Parent Relationship": "Outer", "Scan Direction": "Forward", "Index Name": "info_type_pkey", "Relation Name": "info_type", "Alias": "it1", "Startup Cost": 10000000000.0, "Total Cost": 1000000001421.0, "Plan Rows": 1, "Plan Width": 4, "Filter": "((info)::text = 'budget'::text)"}]}]}, {"Node Type": "Hash", "Parent Relationship": "Inner", "Startup Cost": 1000019707019.7, "Total Cost": 1000019707019.7, "Plan Rows": 173, "Plan Width": 4, "Plans": [{"Node Type": "Index Scan", "Parent Relationship": "Outer", "Scan Direction": "Forward", "Index Name": "name_pkey", "Relation Name": "name", "Alias": "n", "Startup Cost": 10000000000.0, "Total Cost": 1000019707019.7, "Plan Rows": 173, "Plan Width": 4, "Filter": "(((name)::text ~~ '%Tim%'::text) AND ((gender)::text = 'm'::text))"}]}]}, {"Node Type": "Hash", "Parent Relationship": "Inner", "Startup Cost": 1000000001421.0, "Total Cost": 1000000001421.0, "Plan Rows": 1, "Plan Width": 4, "Plans": [{"Node Type": "Index Scan", "Parent Relationship": "Outer", "Scan Direction": "Forward", "Index Name": "info_type_pkey", "Relation Name": "info_type", "Alias": "it2", "Startup Cost": 10000000000.0, "Total Cost": 1000000001421.0, "Plan Rows": 1, "Plan Width": 4, "Filter": "((info)::text = 'votes'::text)"}]}]}]}, "Unique SQL Id": 4264520866, "Planner Runtime": 132}, "explain_analyze_plan": null}, "(16, '80')": {"explain_plan": {"Plan": {"Node Type": "Aggregate", "Strategy": "Plain", "Startup Cost": 29881.09, "Total Cost": 29881.1, "Plan Rows": 1, "Plan Width": 160, "Plans": [{"Node Type": "Nested Loop", "Parent Relationship": "Outer", "Join Type": "Inner", "Startup Cost": 0.0, "Total Cost": 29881.02, "Plan Rows": 9, "Plan Width": 64, "Inner Unique": true, "Plans": [{"Node Type": "Nested Loop", "Parent Relationship": "Outer", "Join Type": "Inner", "Startup Cost": 0.0, "Total Cost": 29878.39, "Plan Rows": 9, "Plan Width": 59, "Inner Unique": true, "Plans": [{"Node Type": "Nested Loop", "Parent Relationship": "Outer", "Join Type": "Inner", "Startup Cost": 0.0, "Total Cost": 29799.58, "Plan Rows": 279, "Plan Width": 63, "Inner Unique": false, "Join Filter": "(mi_idx.movie_id = mi.movie_id)", "Plans": [{"Node Type": "Nested Loop", "Parent Relationship": "Outer", "Join Type": "Inner", "Startup Cost": 0.0, "Total Cost": 29759.98, "Plan Rows": 52, "Plan Width": 13, "Inner Unique": true, "Plans": [{"Node Type": "Nested Loop", "Parent Relationship": "Outer", "Join Type": "Inner", "Startup Cost": 0.0, "Total Cost": 29662.23, "Plan Rows": 346, "Plan Width": 17, "Inner Unique": false, "Plans": [{"Node Type": "Nested Loop", "Parent Relationship": "Outer", "Join Type": "Inner", "Startup Cost": 0.0, "Total Cost": 29565.43, "Plan Rows": 294, "Plan Width": 4, "Inner Unique": false, "Plans": [{"Node Type": "Streaming(type: LOCAL GATHER dop: 1/16)", "Parent Relationship": "Outer", "Startup Cost": 0.0, "Total Cost": 22123.07, "Plan Rows": 173, "Plan Width": 4, "Plans": [{"Node Type": "Seq Scan", "Parent Relationship": "Outer", "Relation Name": "name", "Alias": "n", "Startup Cost": 0.0, "Total Cost": 22119.33, "Plan Rows": 173, "Plan Width": 4, "Filter": "(((name)::text ~~ '%Tim%'::text) AND ((gender)::text = 'm'::text))"}]}, {"Node Type": "Index Scan", "Parent Relationship": "Inner", "Scan Direction": "Forward", "Index Name": "person_id_cast_info", "Relation Name": "cast_info", "Alias": "ci", "Startup Cost": 0.0, "Total Cost": 43.0, "Plan Rows": 2, "Plan Width": 8, "Index Cond": "(person_id = n.id)", "Filter": "((note)::text = ANY ('{(producer),\"(executive producer)\"}'::text[]))"}]}, {"Node Type": "Index Scan", "Parent Relationship": "Inner", "Scan Direction": "Forward", "Index Name": "movie_id_movie_info_idx", "Relation Name": "movie_info_idx", "Alias": "mi_idx", "Startup Cost": 0.0, "Total Cost": 0.31, "Plan Rows": 2, "Plan Width": 13, "Index Cond": "(movie_id = ci.movie_id)"}]}, {"Node Type": "Index Scan", "Parent Relationship": "Inner", "Scan Direction": "Forward", "Index Name": "info_type_pkey", "Relation Name": "info_type", "Alias": "it2", "Startup Cost": 0.0, "Total Cost": 0.27, "Plan Rows": 1, "Plan Width": 4, "Index Cond": "(id = mi_idx.info_type_id)", "Filter": "((info)::text = 'votes'::text)"}]}, {"Node Type": "Index Scan", "Parent Relationship": "Inner", "Scan Direction": "Forward", "Index Name": "movie_id_movie_info", "Relation Name": "movie_info", "Alias": "mi", "Startup Cost": 0.0, "Total Cost": 0.7, "Plan Rows": 5, "Plan Width": 50, "Index Cond": "(movie_id = ci.movie_id)"}]}, {"Node Type": "Index Scan", "Parent Relationship": "Inner", "Scan Direction": "Forward", "Index Name": "info_type_pkey", "Relation Name": "info_type", "Alias": "it1", "Startup Cost": 0.0, "Total Cost": 0.27, "Plan Rows": 1, "Plan Width": 4, "Index Cond": "(id = mi.info_type_id)", "Filter": "((info)::text = 'budget'::text)"}]}, {"Node Type": "Index Scan", "Parent Relationship": "Inner", "Scan Direction": "Forward", "Index Name": "title_pkey", "Relation Name": "title", "Alias": "t", "Startup Cost": 0.0, "Total Cost": 0.28, "Plan Rows": 1, "Plan Width": 21, "Index Cond": "(id = mi.movie_id)"}]}]}, "Unique SQL Id": 4264520866, "Planner Runtime": 24}, "explain_analyze_plan": {"Plan": {"Node Type": "Aggregate", "Strategy": "Plain", "Startup Cost": 29881.09, "Total Cost": 29881.1, "Plan Rows": 1, "Plan Width": 160, "Actual Min Startup Time": 580.815, "Actual Max Startup Time": 580.815, "Actual Min Total Time": 580.816, "Actual Max Total Time": 580.816, "Plans": [{"Node Type": "Nested Loop", "Parent Relationship": "Outer", "Join Type": "Inner", "Startup Cost": 0.0, "Total Cost": 29881.02, "Plan Rows": 9, "Plan Width": 64, "Actual Min Startup Time": 23.392, "Actual Max Startup Time": 23.392, "Actual Min Total Time": 579.936, "Actual Max Total Time": 579.936, "Inner Unique": true, "Plans": [{"Node Type": "Nested Loop", "Parent Relationship": "Outer", "Join Type": "Inner", "Startup Cost": 0.0, "Total Cost": 29878.39, "Plan Rows": 9, "Plan Width": 59, "Actual Min Startup Time": 23.371, "Actual Max Startup Time": 23.371, "Actual Min Total Time": 576.127, "Actual Max Total Time": 576.127, "Inner Unique": true, "Plans": [{"Node Type": "Nested Loop", "Parent Relationship": "Outer", "Join Type": "Inner", "Startup Cost": 0.0, "Total Cost": 29799.58, "Plan Rows": 279, "Plan Width": 63, "Actual Min Startup Time": 22.902, "Actual Max Startup Time": 22.902, "Actual Min Total Time": 394.829, "Actual Max Total Time": 394.829, "Inner Unique": false, "Join Filter": "(mi_idx.movie_id = mi.movie_id)", "Rows Removed by Join Filter": 0, "Plans": [{"Node Type": "Nested Loop", "Parent Relationship": "Outer", "Join Type": "Inner", "Startup Cost": 0.0, "Total Cost": 29759.98, "Plan Rows": 52, "Plan Width": 13, "Actual Min Startup Time": 22.881, "Actual Max Startup Time": 22.881, "Actual Min Total Time": 264.445, "Actual Max Total Time": 264.445, "Inner Unique": true, "Plans": [{"Node Type": "Nested Loop", "Parent Relationship": "Outer", "Join Type": "Inner", "Startup Cost": 0.0, "Total Cost": 29662.23, "Plan Rows": 346, "Plan Width": 17, "Actual Min Startup Time": 22.857, "Actual Max Startup Time": 22.857, "Actual Min Total Time": 239.099, "Actual Max Total Time": 239.099, "Inner Unique": false, "Plans": [{"Node Type": "Nested Loop", "Parent Relationship": "Outer", "Join Type": "Inner", "Startup Cost": 0.0, "Total Cost": 29565.43, "Plan Rows": 294, "Plan Width": 4, "Actual Min Startup Time": 21.786, "Actual Max Startup Time": 21.786, "Actual Min Total Time": 203.009, "Actual Max Total Time": 203.009, "Inner Unique": false, "Plans": [{"Node Type": "Streaming(type: LOCAL GATHER dop: 1/16)", "Parent Relationship": "Outer", "Startup Cost": 0.0, "Total Cost": 22123.07, "Plan Rows": 173, "Plan Width": 4, "Actual Min Startup Time": 21.555, "Actual Max Startup Time": 21.555, "Actual Min Total Time": 70.085, "Actual Max Total Time": 70.085, "Plans": [{"Node Type": "Seq Scan", "Parent Relationship": "Outer", "Relation Name": "name", "Alias": "n", "Startup Cost": 0.0, "Total Cost": 22119.33, "Plan Rows": 173, "Plan Width": 4, "Actual Min Startup Time": 0.033, "Actual Max Startup Time": 0.854, "Actual Min Total Time": 101.996, "Actual Max Total Time": 105.795, "Filter": "(((name)::text ~~ '%Tim%'::text) AND ((gender)::text = 'm'::text))", "Rows Removed by Filter": 4158428, "Actual Rows": 9062}], "Actual Rows": 9062}, {"Node Type": "Index Scan", "Parent Relationship": "Inner", "Scan Direction": "Forward", "Index Name": "person_id_cast_info", "Relation Name": "cast_info", "Alias": "ci", "Startup Cost": 0.0, "Total Cost": 43.0, "Plan Rows": 2, "Plan Width": 8, "Actual Min Startup Time": 107.708, "Actual Max Startup Time": 107.708, "Actual Min Total Time": 126.269, "Actual Max Total Time": 126.269, "Index Cond": "(person_id = n.id)", "Rows Removed by Index Recheck": 0, "Filter": "((note)::text = ANY ('{(producer),\"(executive producer)\"}'::text[]))", "Rows Removed by Filter": 89309, "Actual Rows": 6719}], "Actual Rows": 6719}, {"Node Type": "Index Scan", "Parent Relationship": "Inner", "Scan Direction": "Forward", "Index Name": "movie_id_movie_info_idx", "Relation Name": "movie_info_idx", "Alias": "mi_idx", "Startup Cost": 0.0, "Total Cost": 0.31, "Plan Rows": 2, "Plan Width": 13, "Actual Min Startup Time": 25.731, "Actual Max Startup Time": 25.731, "Actual Min Total Time": 29.822, "Actual Max Total Time": 29.822, "Index Cond": "(movie_id = ci.movie_id)", "Rows Removed by Index Recheck": 0, "Actual Rows": 10310}], "Actual Rows": 10310}, {"Node Type": "Index Scan", "Parent Relationship": "Inner", "Scan Direction": "Forward", "Index Name": "info_type_pkey", "Relation Name": "info_type", "Alias": "it2", "Startup Cost": 0.0, "Total Cost": 0.27, "Plan Rows": 1, "Plan Width": 4, "Actual Min Startup Time": 19.679, "Actual Max Startup Time": 19.679, "Actual Min Total Time": 19.679, "Actual Max Total Time": 19.679, "Index Cond": "(id = mi_idx.info_type_id)", "Rows Removed by Index Recheck": 0, "Filter": "((info)::text = 'votes'::text)", "Rows Removed by Filter": 6875, "Actual Rows": 3435}], "Actual Rows": 3435}, {"Node Type": "Index Scan", "Parent Relationship": "Inner", "Scan Direction": "Forward", "Index Name": "movie_id_movie_info", "Relation Name": "movie_info", "Alias": "mi", "Startup Cost": 0.0, "Total Cost": 0.7, "Plan Rows": 5, "Plan Width": 50, "Actual Min Startup Time": 24.197, "Actual Max Startup Time": 24.197, "Actual Min Total Time": 97.954, "Actual Max Total Time": 97.954, "Index Cond": "(movie_id = ci.movie_id)", "Rows Removed by Index Recheck": 0, "Actual Rows": 82408}], "Actual Rows": 82408}, {"Node Type": "Index Scan", "Parent Relationship": "Inner", "Scan Direction": "Forward", "Index Name": "info_type_pkey", "Relation Name": "info_type", "Alias": "it1", "Startup Cost": 0.0, "Total Cost": 0.27, "Plan Rows": 1, "Plan Width": 4, "Actual Min Startup Time": 142.894, "Actual Max Startup Time": 142.894, "Actual Min Total Time": 142.894, "Actual Max Total Time": 142.894, "Index Cond": "(id = mi.info_type_id)", "Rows Removed by Index Recheck": 0, "Filter": "((info)::text = 'budget'::text)", "Rows Removed by Filter": 79844, "Actual Rows": 410}], "Actual Rows": 410}, {"Node Type": "Index Scan", "Parent Relationship": "Inner", "Scan Direction": "Forward", "Index Name": "title_pkey", "Relation Name": "title", "Alias": "t", "Startup Cost": 0.0, "Total Cost": 0.28, "Plan Rows": 1, "Plan Width": 21, "Actual Min Startup Time": 3.19, "Actual Max Startup Time": 3.19, "Actual Min Total Time": 3.19, "Actual Max Total Time": 3.19, "Index Cond": "(id = mi.movie_id)", "Rows Removed by Index Recheck": 0, "Actual Rows": 410}], "Actual Rows": 410}], "Actual Rows": 1}, "Triggers": [], "Planner Runtime": 24.564, "Total Runtime": 583.596, "Unique SQL Id": 4264520866}}, "(16, '81')": {"explain_plan": {"Plan": {"Node Type": "Aggregate", "Strategy": "Plain", "Startup Cost": 161226.62, "Total Cost": 161226.63, "Plan Rows": 1, "Plan Width": 160, "Plans": [{"Node Type": "Nested Loop", "Parent Relationship": "Outer", "Join Type": "Inner", "Startup Cost": 0.0, "Total Cost": 161226.56, "Plan Rows": 9, "Plan Width": 64, "Inner Unique": true, "Plans": [{"Node Type": "Nested Loop", "Parent Relationship": "Outer", "Join Type": "Inner", "Startup Cost": 0.0, "Total Cost": 161223.93, "Plan Rows": 9, "Plan Width": 59, "Inner Unique": true, "Plans": [{"Node Type": "Nested Loop", "Parent Relationship": "Outer", "Join Type": "Inner", "Startup Cost": 0.0, "Total Cost": 161145.11, "Plan Rows": 279, "Plan Width": 63, "Inner Unique": false, "Join Filter": "(mi_idx.movie_id = mi.movie_id)", "Plans": [{"Node Type": "Nested Loop", "Parent Relationship": "Outer", "Join Type": "Inner", "Startup Cost": 0.0, "Total Cost": 161105.51, "Plan Rows": 52, "Plan Width": 13, "Inner Unique": true, "Plans": [{"Node Type": "Nested Loop", "Parent Relationship": "Outer", "Join Type": "Inner", "Startup Cost": 0.0, "Total Cost": 161007.76, "Plan Rows": 346, "Plan Width": 17, "Inner Unique": false, "Plans": [{"Node Type": "Nested Loop", "Parent Relationship": "Outer", "Join Type": "Inner", "Startup Cost": 0.0, "Total Cost": 160910.97, "Plan Rows": 294, "Plan Width": 4, "Inner Unique": false, "Plans": [{"Node Type": "Streaming(type: LOCAL GATHER dop: 1/16)", "Parent Relationship": "Outer", "Startup Cost": 0.0, "Total Cost": 153468.6, "Plan Rows": 173, "Plan Width": 4, "Plans": [{"Node Type": "Index Scan", "Parent Relationship": "Outer", "Scan Direction": "Forward", "Index Name": "name_pkey", "Relation Name": "name", "Alias": "n", "Startup Cost": 0.0, "Total Cost": 153464.87, "Plan Rows": 173, "Plan Width": 4, "Filter": "(((name)::text ~~ '%Tim%'::text) AND ((gender)::text = 'm'::text))"}]}, {"Node Type": "Index Scan", "Parent Relationship": "Inner", "Scan Direction": "Forward", "Index Name": "person_id_cast_info", "Relation Name": "cast_info", "Alias": "ci", "Startup Cost": 0.0, "Total Cost": 43.0, "Plan Rows": 2, "Plan Width": 8, "Index Cond": "(person_id = n.id)", "Filter": "((note)::text = ANY ('{(producer),\"(executive producer)\"}'::text[]))"}]}, {"Node Type": "Index Scan", "Parent Relationship": "Inner", "Scan Direction": "Forward", "Index Name": "movie_id_movie_info_idx", "Relation Name": "movie_info_idx", "Alias": "mi_idx", "Startup Cost": 0.0, "Total Cost": 0.31, "Plan Rows": 2, "Plan Width": 13, "Index Cond": "(movie_id = ci.movie_id)"}]}, {"Node Type": "Index Scan", "Parent Relationship": "Inner", "Scan Direction": "Forward", "Index Name": "info_type_pkey", "Relation Name": "info_type", "Alias": "it2", "Startup Cost": 0.0, "Total Cost": 0.27, "Plan Rows": 1, "Plan Width": 4, "Index Cond": "(id = mi_idx.info_type_id)", "Filter": "((info)::text = 'votes'::text)"}]}, {"Node Type": "Index Scan", "Parent Relationship": "Inner", "Scan Direction": "Forward", "Index Name": "movie_id_movie_info", "Relation Name": "movie_info", "Alias": "mi", "Startup Cost": 0.0, "Total Cost": 0.7, "Plan Rows": 5, "Plan Width": 50, "Index Cond": "(movie_id = ci.movie_id)"}]}, {"Node Type": "Index Scan", "Parent Relationship": "Inner", "Scan Direction": "Forward", "Index Name": "info_type_pkey", "Relation Name": "info_type", "Alias": "it1", "Startup Cost": 0.0, "Total Cost": 0.27, "Plan Rows": 1, "Plan Width": 4, "Index Cond": "(id = mi.info_type_id)", "Filter": "((info)::text = 'budget'::text)"}]}, {"Node Type": "Index Scan", "Parent Relationship": "Inner", "Scan Direction": "Forward", "Index Name": "title_pkey", "Relation Name": "title", "Alias": "t", "Startup Cost": 0.0, "Total Cost": 0.28, "Plan Rows": 1, "Plan Width": 21, "Index Cond": "(id = mi.movie_id)"}]}]}, "Unique SQL Id": 4264520866, "Planner Runtime": 29}, "explain_analyze_plan": {"Plan": {"Node Type": "Aggregate", "Strategy": "Plain", "Startup Cost": 161226.62, "Total Cost": 161226.63, "Plan Rows": 1, "Plan Width": 160, "Actual Min Startup Time": 607.284, "Actual Max Startup Time": 607.284, "Actual Min Total Time": 607.284, "Actual Max Total Time": 607.284, "Plans": [{"Node Type": "Nested Loop", "Parent Relationship": "Outer", "Join Type": "Inner", "Startup Cost": 0.0, "Total Cost": 161226.56, "Plan Rows": 9, "Plan Width": 64, "Actual Min Startup Time": 76.744, "Actual Max Startup Time": 76.744, "Actual Min Total Time": 606.583, "Actual Max Total Time": 606.583, "Inner Unique": true, "Plans": [{"Node Type": "Nested Loop", "Parent Relationship": "Outer", "Join Type": "Inner", "Startup Cost": 0.0, "Total Cost": 161223.93, "Plan Rows": 9, "Plan Width": 59, "Actual Min Startup Time": 76.723, "Actual Max Startup Time": 76.723, "Actual Min Total Time": 602.309, "Actual Max Total Time": 602.309, "Inner Unique": true, "Plans": [{"Node Type": "Nested Loop", "Parent Relationship": "Outer", "Join Type": "Inner", "Startup Cost": 0.0, "Total Cost": 161145.11, "Plan Rows": 279, "Plan Width": 63, "Actual Min Startup Time": 76.681, "Actual Max Startup Time": 76.681, "Actual Min Total Time": 420.887, "Actual Max Total Time": 420.887, "Inner Unique": false, "Join Filter": "(mi_idx.movie_id = mi.movie_id)", "Rows Removed by Join Filter": 0, "Plans": [{"Node Type": "Nested Loop", "Parent Relationship": "Outer", "Join Type": "Inner", "Startup Cost": 0.0, "Total Cost": 161105.51, "Plan Rows": 52, "Plan Width": 13, "Actual Min Startup Time": 76.658, "Actual Max Startup Time": 76.658, "Actual Min Total Time": 292.413, "Actual Max Total Time": 292.413, "Inner Unique": true, "Plans": [{"Node Type": "Nested Loop", "Parent Relationship": "Outer", "Join Type": "Inner", "Startup Cost": 0.0, "Total Cost": 161007.76, "Plan Rows": 346, "Plan Width": 17, "Actual Min Startup Time": 76.636, "Actual Max Startup Time": 76.636, "Actual Min Total Time": 267.06, "Actual Max Total Time": 267.06, "Inner Unique": false, "Plans": [{"Node Type": "Nested Loop", "Parent Relationship": "Outer", "Join Type": "Inner", "Startup Cost": 0.0, "Total Cost": 160910.97, "Plan Rows": 294, "Plan Width": 4, "Actual Min Startup Time": 76.609, "Actual Max Startup Time": 76.609, "Actual Min Total Time": 228.308, "Actual Max Total Time": 228.308, "Inner Unique": false, "Plans": [{"Node Type": "Streaming(type: LOCAL GATHER dop: 1/16)", "Parent Relationship": "Outer", "Startup Cost": 0.0, "Total Cost": 153468.6, "Plan Rows": 173, "Plan Width": 4, "Actual Min Startup Time": 76.451, "Actual Max Startup Time": 76.451, "Actual Min Total Time": 97.413, "Actual Max Total Time": 97.413, "Plans": [{"Node Type": "Index Scan", "Parent Relationship": "Outer", "Scan Direction": "Forward", "Index Name": "name_pkey", "Relation Name": "name", "Alias": "n", "Startup Cost": 0.0, "Total Cost": 153464.87, "Plan Rows": 173, "Plan Width": 4, "Actual Min Startup Time": 45.312, "Actual Max Startup Time": 303.084, "Actual Min Total Time": 276.11, "Actual Max Total Time": 305.567, "Filter": "(((name)::text ~~ '%Tim%'::text) AND ((gender)::text = 'm'::text))", "Rows Removed by Filter": 4158428, "Actual Rows": 9062}], "Actual Rows": 9062}, {"Node Type": "Index Scan", "Parent Relationship": "Inner", "Scan Direction": "Forward", "Index Name": "person_id_cast_info", "Relation Name": "cast_info", "Alias": "ci", "Startup Cost": 0.0, "Total Cost": 43.0, "Plan Rows": 2, "Plan Width": 8, "Actual Min Startup Time": 104.871, "Actual Max Startup Time": 104.871, "Actual Min Total Time": 124.44, "Actual Max Total Time": 124.44, "Index Cond": "(person_id = n.id)", "Rows Removed by Index Recheck": 0, "Filter": "((note)::text = ANY ('{(producer),\"(executive producer)\"}'::text[]))", "Rows Removed by Filter": 89309, "Actual Rows": 6719}], "Actual Rows": 6719}, {"Node Type": "Index Scan", "Parent Relationship": "Inner", "Scan Direction": "Forward", "Index Name": "movie_id_movie_info_idx", "Relation Name": "movie_info_idx", "Alias": "mi_idx", "Startup Cost": 0.0, "Total Cost": 0.31, "Plan Rows": 2, "Plan Width": 13, "Actual Min Startup Time": 28.535, "Actual Max Startup Time": 28.535, "Actual Min Total Time": 32.59, "Actual Max Total Time": 32.59, "Index Cond": "(movie_id = ci.movie_id)", "Rows Removed by Index Recheck": 0, "Actual Rows": 10310}], "Actual Rows": 10310}, {"Node Type": "Index Scan", "Parent Relationship": "Inner", "Scan Direction": "Forward", "Index Name": "info_type_pkey", "Relation Name": "info_type", "Alias": "it2", "Startup Cost": 0.0, "Total Cost": 0.27, "Plan Rows": 1, "Plan Width": 4, "Actual Min Startup Time": 19.515, "Actual Max Startup Time": 19.515, "Actual Min Total Time": 19.515, "Actual Max Total Time": 19.515, "Index Cond": "(id = mi_idx.info_type_id)", "Rows Removed by Index Recheck": 0, "Filter": "((info)::text = 'votes'::text)", "Rows Removed by Filter": 6875, "Actual Rows": 3435}], "Actual Rows": 3435}, {"Node Type": "Index Scan", "Parent Relationship": "Inner", "Scan Direction": "Forward", "Index Name": "movie_id_movie_info", "Relation Name": "movie_info", "Alias": "mi", "Startup Cost": 0.0, "Total Cost": 0.7, "Plan Rows": 5, "Plan Width": 50, "Actual Min Startup Time": 24.09, "Actual Max Startup Time": 24.09, "Actual Min Total Time": 96.018, "Actual Max Total Time": 96.018, "Index Cond": "(movie_id = ci.movie_id)", "Rows Removed by Index Recheck": 0, "Actual Rows": 82408}], "Actual Rows": 82408}, {"Node Type": "Index Scan", "Parent Relationship": "Inner", "Scan Direction": "Forward", "Index Name": "info_type_pkey", "Relation Name": "info_type", "Alias": "it1", "Startup Cost": 0.0, "Total Cost": 0.27, "Plan Rows": 1, "Plan Width": 4, "Actual Min Startup Time": 143.239, "Actual Max Startup Time": 143.239, "Actual Min Total Time": 143.239, "Actual Max Total Time": 143.239, "Index Cond": "(id = mi.info_type_id)", "Rows Removed by Index Recheck": 0, "Filter": "((info)::text = 'budget'::text)", "Rows Removed by Filter": 79844, "Actual Rows": 410}], "Actual Rows": 410}, {"Node Type": "Index Scan", "Parent Relationship": "Inner", "Scan Direction": "Forward", "Index Name": "title_pkey", "Relation Name": "title", "Alias": "t", "Startup Cost": 0.0, "Total Cost": 0.28, "Plan Rows": 1, "Plan Width": 21, "Actual Min Startup Time": 3.705, "Actual Max Startup Time": 3.705, "Actual Min Total Time": 3.705, "Actual Max Total Time": 3.705, "Index Cond": "(id = mi.movie_id)", "Rows Removed by Index Recheck": 0, "Actual Rows": 410}], "Actual Rows": 410}], "Actual Rows": 1}, "Triggers": [], "Planner Runtime": 50.937, "Total Runtime": 609.898, "Unique SQL Id": 4264520866}}, "(16, '82')": {"explain_plan": {"Plan": {"Node Type": "Aggregate", "Strategy": "Plain", "Startup Cost": 37338.16, "Total Cost": 37338.17, "Plan Rows": 1, "Plan Width": 160, "Plans": [{"Node Type": "Nested Loop", "Parent Relationship": "Outer", "Join Type": "Inner", "Startup Cost": 37299.55, "Total Cost": 37338.09, "Plan Rows": 9, "Plan Width": 64, "Inner Unique": true, "Plans": [{"Node Type": "Merge Join", "Parent Relationship": "Outer", "Join Type": "Inner", "Startup Cost": 37299.29, "Total Cost": 37299.54, "Plan Rows": 9, "Plan Width": 59, "Inner Unique": false, "Merge Cond": "(it2.id = mi_idx.info_type_id)", "Plans": [{"Node Type": "Sort", "Parent Relationship": "Outer", "Startup Cost": 2.41, "Total Cost": 2.42, "Plan Rows": 1, "Plan Width": 4, "Sort Key": ["it2.id"], "Plans": [{"Node Type": "Seq Scan", "Parent Relationship": "Outer", "Relation Name": "info_type", "Alias": "it2", "Startup Cost": 0.0, "Total Cost": 2.4, "Plan Rows": 1, "Plan Width": 4, "Filter": "((info)::text = 'votes'::text)"}]}, {"Node Type": "Sort", "Parent Relationship": "Inner", "Startup Cost": 37296.88, "Total Cost": 37296.96, "Plan Rows": 34, "Plan Width": 63, "Sort Key": ["mi_idx.info_type_id"], "Plans": [{"Node Type": "Nested Loop", "Parent Relationship": "Outer", "Join Type": "Inner", "Startup Cost": 36715.2, "Total Cost": 37296.01, "Plan Rows": 34, "Plan Width": 63, "Inner Unique": false, "Plans": [{"Node Type": "Merge Join", "Parent Relationship": "Outer", "Join Type": "Inner", "Startup Cost": 36714.94, "Total Cost": 36722.54, "Plan Rows": 133, "Plan Width": 50, "Inner Unique": false, "Merge Cond": "(it1.id = mi.info_type_id)", "Plans": [{"Node Type": "Sort", "Parent Relationship": "Outer", "Startup Cost": 2.41, "Total Cost": 2.42, "Plan Rows": 1, "Plan Width": 4, "Sort Key": ["it1.id"], "Plans": [{"Node Type": "Seq Scan", "Parent Relationship": "Outer", "Relation Name": "info_type", "Alias": "it1", "Startup Cost": 0.0, "Total Cost": 2.4, "Plan Rows": 1, "Plan Width": 4, "Filter": "((info)::text = 'budget'::text)"}]}, {"Node Type": "Sort", "Parent Relationship": "Inner", "Startup Cost": 36712.1, "Total Cost": 36716.0, "Plan Rows": 1561, "Plan Width": 54, "Sort Key": ["mi.info_type_id"], "Plans": [{"Node Type": "Nested Loop", "Parent Relationship": "Outer", "Join Type": "Inner", "Startup Cost": 4.77, "Total Cost": 36629.3, "Plan Rows": 1561, "Plan Width": 54, "Inner Unique": false, "Plans": [{"Node Type": "Nested Loop", "Parent Relationship": "Outer", "Join Type": "Inner", "Startup Cost": 4.39, "Total Cost": 35306.9, "Plan Rows": 294, "Plan Width": 4, "Inner Unique": false, "Plans": [{"Node Type": "Streaming(type: LOCAL GATHER dop: 1/16)", "Parent Relationship": "Outer", "Startup Cost": 0.0, "Total Cost": 22123.07, "Plan Rows": 173, "Plan Width": 4, "Plans": [{"Node Type": "Seq Scan", "Parent Relationship": "Outer", "Relation Name": "name", "Alias": "n", "Startup Cost": 0.0, "Total Cost": 22119.33, "Plan Rows": 173, "Plan Width": 4, "Filter": "(((name)::text ~~ '%Tim%'::text) AND ((gender)::text = 'm'::text))"}]}, {"Node Type": "Bitmap Heap Scan", "Parent Relationship": "Inner", "Relation Name": "cast_info", "Alias": "ci", "Startup Cost": 4.39, "Total Cost": 76.19, "Plan Rows": 2, "Plan Width": 8, "Recheck Cond": "(person_id = n.id)", "Filter": "((note)::text = ANY ('{(producer),\"(executive producer)\"}'::text[]))", "Plans": [{"Node Type": "Bitmap Index Scan", "Parent Relationship": "Outer", "Index Name": "person_id_cast_info", "Startup Cost": 0.0, "Total Cost": 4.38, "Plan Rows": 18, "Plan Width": 0, "Index Cond": "(person_id = n.id)"}]}]}, {"Node Type": "Bitmap Heap Scan", "Parent Relationship": "Inner", "Relation Name": "movie_info", "Alias": "mi", "Startup Cost": 0.39, "Total Cost": 4.45, "Plan Rows": 5, "Plan Width": 50, "Recheck Cond": "(movie_id = ci.movie_id)", "Plans": [{"Node Type": "Bitmap Index Scan", "Parent Relationship": "Outer", "Index Name": "movie_id_movie_info", "Startup Cost": 0.0, "Total Cost": 0.38, "Plan Rows": 5, "Plan Width": 0, "Index Cond": "(movie_id = ci.movie_id)"}]}]}]}]}, {"Node Type": "Bitmap Heap Scan", "Parent Relationship": "Inner", "Relation Name": "movie_info_idx", "Alias": "mi_idx", "Startup Cost": 0.27, "Total Cost": 4.29, "Plan Rows": 2, "Plan Width": 13, "Recheck Cond": "(movie_id = mi.movie_id)", "Plans": [{"Node Type": "Bitmap Index Scan", "Parent Relationship": "Outer", "Index Name": "movie_id_movie_info_idx", "Startup Cost": 0.0, "Total Cost": 0.27, "Plan Rows": 2, "Plan Width": 0, "Index Cond": "(movie_id = mi.movie_id)"}]}]}]}]}, {"Node Type": "Bitmap Heap Scan", "Parent Relationship": "Inner", "Relation Name": "title", "Alias": "t", "Startup Cost": 0.26, "Total Cost": 4.27, "Plan Rows": 1, "Plan Width": 21, "Recheck Cond": "(id = mi.movie_id)", "Plans": [{"Node Type": "Bitmap Index Scan", "Parent Relationship": "Outer", "Index Name": "title_pkey", "Startup Cost": 0.0, "Total Cost": 0.26, "Plan Rows": 1, "Plan Width": 0, "Index Cond": "(id = mi.movie_id)"}]}]}]}, "Unique SQL Id": 4264520866, "Planner Runtime": 30}, "explain_analyze_plan": {"Plan": {"Node Type": "Aggregate", "Strategy": "Plain", "Startup Cost": 37338.16, "Total Cost": 37338.17, "Plan Rows": 1, "Plan Width": 160, "Actual Min Startup Time": 489.15, "Actual Max Startup Time": 489.15, "Actual Min Total Time": 489.15, "Actual Max Total Time": 489.15, "Plans": [{"Node Type": "Nested Loop", "Parent Relationship": "Outer", "Join Type": "Inner", "Startup Cost": 37299.55, "Total Cost": 37338.09, "Plan Rows": 9, "Plan Width": 64, "Actual Min Startup Time": 484.443, "Actual Max Startup Time": 484.443, "Actual Min Total Time": 488.725, "Actual Max Total Time": 488.725, "Inner Unique": true, "Plans": [{"Node Type": "Merge Join", "Parent Relationship": "Outer", "Join Type": "Inner", "Startup Cost": 37299.29, "Total Cost": 37299.54, "Plan Rows": 9, "Plan Width": 59, "Actual Min Startup Time": 484.417, "Actual Max Startup Time": 484.417, "Actual Min Total Time": 484.601, "Actual Max Total Time": 484.601, "Inner Unique": false, "Merge Cond": "(it2.id = mi_idx.info_type_id)", "Plans": [{"Node Type": "Sort", "Parent Relationship": "Outer", "Startup Cost": 2.41, "Total Cost": 2.42, "Plan Rows": 1, "Plan Width": 4, "Actual Min Startup Time": 0.104, "Actual Max Startup Time": 0.104, "Actual Min Total Time": 0.105, "Actual Max Total Time": 0.105, "Sort Key": ["it2.id"], "Sort Method": "quicksort", "Sort Space Min Used": 25, "Sort Space Max Used": 25, "Sort Space Type": "Memory", "Plans": [{"Node Type": "Seq Scan", "Parent Relationship": "Outer", "Relation Name": "info_type", "Alias": "it2", "Startup Cost": 0.0, "Total Cost": 2.4, "Plan Rows": 1, "Plan Width": 4, "Actual Min Startup Time": 0.077, "Actual Max Startup Time": 0.077, "Actual Min Total Time": 0.082, "Actual Max Total Time": 0.082, "Filter": "((info)::text = 'votes'::text)", "Rows Removed by Filter": 111, "Actual Rows": 1}], "Actual Rows": 1}, {"Node Type": "Sort", "Parent Relationship": "Inner", "Startup Cost": 37296.88, "Total Cost": 37296.96, "Plan Rows": 34, "Plan Width": 63, "Actual Min Startup Time": 484.194, "Actual Max Startup Time": 484.194, "Actual Min Total Time": 484.278, "Actual Max Total Time": 484.278, "Sort Key": ["mi_idx.info_type_id"], "Sort Method": "quicksort", "Sort Space Min Used": 167, "Sort Space Max Used": 167, "Sort Space Type": "Memory", "Plans": [{"Node Type": "Nested Loop", "Parent Relationship": "Outer", "Join Type": "Inner", "Startup Cost": 36715.2, "Total Cost": 37296.01, "Plan Rows": 34, "Plan Width": 63, "Actual Min Startup Time": 476.514, "Actual Max Startup Time": 476.514, "Actual Min Total Time": 483.634, "Actual Max Total Time": 483.634, "Inner Unique": false, "Plans": [{"Node Type": "Merge Join", "Parent Relationship": "Outer", "Join Type": "Inner", "Startup Cost": 36714.94, "Total Cost": 36722.54, "Plan Rows": 133, "Plan Width": 50, "Actual Min Startup Time": 476.454, "Actual Max Startup Time": 476.454, "Actual Min Total Time": 477.031, "Actual Max Total Time": 477.031, "Inner Unique": false, "Merge Cond": "(it1.id = mi.info_type_id)", "Plans": [{"Node Type": "Sort", "Parent Relationship": "Outer", "Startup Cost": 2.41, "Total Cost": 2.42, "Plan Rows": 1, "Plan Width": 4, "Actual Min Startup Time": 0.063, "Actual Max Startup Time": 0.063, "Actual Min Total Time": 0.063, "Actual Max Total Time": 0.063, "Sort Key": ["it1.id"], "Sort Method": "quicksort", "Sort Space Min Used": 25, "Sort Space Max Used": 25, "Sort Space Type": "Memory", "Plans": [{"Node Type": "Seq Scan", "Parent Relationship": "Outer", "Relation Name": "info_type", "Alias": "it1", "Startup Cost": 0.0, "Total Cost": 2.4, "Plan Rows": 1, "Plan Width": 4, "Actual Min Startup Time": 0.055, "Actual Max Startup Time": 0.055, "Actual Min Total Time": 0.058, "Actual Max Total Time": 0.058, "Filter": "((info)::text = 'budget'::text)", "Rows Removed by Filter": 111, "Actual Rows": 1}], "Actual Rows": 1}, {"Node Type": "Sort", "Parent Relationship": "Inner", "Startup Cost": 36712.1, "Total Cost": 36716.0, "Plan Rows": 1561, "Plan Width": 54, "Actual Min Startup Time": 450.199, "Actual Max Startup Time": 450.199, "Actual Min Total Time": 461.497, "Actual Max Total Time": 461.497, "Sort Key": ["mi.info_type_id"], "Sort Method": "quicksort", "Sort Space Min Used": 22583, "Sort Space Max Used": 22583, "Sort Space Type": "Memory", "Plans": [{"Node Type": "Nested Loop", "Parent Relationship": "Outer", "Join Type": "Inner", "Startup Cost": 4.77, "Total Cost": 36629.3, "Plan Rows": 1561, "Plan Width": 54, "Actual Min Startup Time": 37.228, "Actual Max Startup Time": 37.228, "Actual Min Total Time": 414.723, "Actual Max Total Time": 414.723, "Inner Unique": false, "Plans": [{"Node Type": "Nested Loop", "Parent Relationship": "Outer", "Join Type": "Inner", "Startup Cost": 4.39, "Total Cost": 35306.9, "Plan Rows": 294, "Plan Width": 4, "Actual Min Startup Time": 37.194, "Actual Max Startup Time": 37.194, "Actual Min Total Time": 240.609, "Actual Max Total Time": 240.609, "Inner Unique": false, "Plans": [{"Node Type": "Streaming(type: LOCAL GATHER dop: 1/16)", "Parent Relationship": "Outer", "Startup Cost": 0.0, "Total Cost": 22123.07, "Plan Rows": 173, "Plan Width": 4, "Actual Min Startup Time": 37.09, "Actual Max Startup Time": 37.09, "Actual Min Total Time": 92.019, "Actual Max Total Time": 92.019, "Plans": [{"Node Type": "Seq Scan", "Parent Relationship": "Outer", "Relation Name": "name", "Alias": "n", "Startup Cost": 0.0, "Total Cost": 22119.33, "Plan Rows": 173, "Plan Width": 4, "Actual Min Startup Time": 0.042, "Actual Max Startup Time": 0.832, "Actual Min Total Time": 103.545, "Actual Max Total Time": 107.395, "Filter": "(((name)::text ~~ '%Tim%'::text) AND ((gender)::text = 'm'::text))", "Rows Removed by Filter": 4158428, "Actual Rows": 9062}], "Actual Rows": 9062}, {"Node Type": "Bitmap Heap Scan", "Parent Relationship": "Inner", "Relation Name": "cast_info", "Alias": "ci", "Startup Cost": 4.39, "Total Cost": 76.19, "Plan Rows": 2, "Plan Width": 8, "Actual Min Startup Time": 119.997, "Actual Max Startup Time": 119.997, "Actual Min Total Time": 135.869, "Actual Max Total Time": 135.869, "Recheck Cond": "(person_id = n.id)", "Rows Removed by Index Recheck": 0, "Filter": "((note)::text = ANY ('{(producer),\"(executive producer)\"}'::text[]))", "Rows Removed by Filter": 89309, "Exact Heap Blocks": 13336, "Lossy Heap Blocks": 13336, "Plans": [{"Node Type": "Bitmap Index Scan", "Parent Relationship": "Outer", "Index Name": "person_id_cast_info", "Startup Cost": 0.0, "Total Cost": 4.38, "Plan Rows": 18, "Plan Width": 0, "Actual Min Startup Time": 51.193, "Actual Max Startup Time": 51.193, "Actual Min Total Time": 51.193, "Actual Max Total Time": 51.193, "Index Cond": "(person_id = n.id)", "Actual Rows": 96028}], "Actual Rows": 6719}], "Actual Rows": 6719}, {"Node Type": "Bitmap Heap Scan", "Parent Relationship": "Inner", "Relation Name": "movie_info", "Alias": "mi", "Startup Cost": 0.39, "Total Cost": 4.45, "Plan Rows": 5, "Plan Width": 50, "Actual Min Startup Time": 62.391, "Actual Max Startup Time": 62.391, "Actual Min Total Time": 145.746, "Actual Max Total Time": 145.746, "Recheck Cond": "(movie_id = ci.movie_id)", "Rows Removed by Index Recheck": 0, "Exact Heap Blocks": 40013, "Lossy Heap Blocks": 40013, "Plans": [{"Node Type": "Bitmap Index Scan", "Parent Relationship": "Outer", "Index Name": "movie_id_movie_info", "Startup Cost": 0.0, "Total Cost": 0.38, "Plan Rows": 5, "Plan Width": 0, "Actual Min Startup Time": 43.296, "Actual Max Startup Time": 43.296, "Actual Min Total Time": 43.296, "Actual Max Total Time": 43.296, "Index Cond": "(movie_id = ci.movie_id)", "Actual Rows": 95896}], "Actual Rows": 95896}], "Actual Rows": 95896}], "Actual Rows": 87267}], "Actual Rows": 699}, {"Node Type": "Bitmap Heap Scan", "Parent Relationship": "Inner", "Relation Name": "movie_info_idx", "Alias": "mi_idx", "Startup Cost": 0.27, "Total Cost": 4.29, "Plan Rows": 2, "Plan Width": 13, "Actual Min Startup Time": 5.36, "Actual Max Startup Time": 5.36, "Actual Min Total Time": 5.56, "Actual Max Total Time": 5.56, "Recheck Cond": "(movie_id = mi.movie_id)", "Rows Removed by Index Recheck": 0, "Exact Heap Blocks": 419, "Lossy Heap Blocks": 419, "Plans": [{"Node Type": "Bitmap Index Scan", "Parent Relationship": "Outer", "Index Name": "movie_id_movie_info_idx", "Startup Cost": 0.0, "Total Cost": 0.27, "Plan Rows": 2, "Plan Width": 0, "Actual Min Startup Time": 3.793, "Actual Max Startup Time": 3.793, "Actual Min Total Time": 3.793, "Actual Max Total Time": 3.793, "Index Cond": "(movie_id = mi.movie_id)", "Actual Rows": 1235}], "Actual Rows": 1235}], "Actual Rows": 1235}], "Actual Rows": 821}], "Actual Rows": 410}, {"Node Type": "Bitmap Heap Scan", "Parent Relationship": "Inner", "Relation Name": "title", "Alias": "t", "Startup Cost": 0.26, "Total Cost": 4.27, "Plan Rows": 1, "Plan Width": 21, "Actual Min Startup Time": 3.567, "Actual Max Startup Time": 3.567, "Actual Min Total Time": 3.567, "Actual Max Total Time": 3.567, "Recheck Cond": "(id = mi.movie_id)", "Rows Removed by Index Recheck": 0, "Exact Heap Blocks": 410, "Lossy Heap Blocks": 410, "Plans": [{"Node Type": "Bitmap Index Scan", "Parent Relationship": "Outer", "Index Name": "title_pkey", "Startup Cost": 0.0, "Total Cost": 0.26, "Plan Rows": 1, "Plan Width": 0, "Actual Min Startup Time": 2.219, "Actual Max Startup Time": 2.219, "Actual Min Total Time": 2.219, "Actual Max Total Time": 2.219, "Index Cond": "(id = mi.movie_id)", "Actual Rows": 410}], "Actual Rows": 410}], "Actual Rows": 410}], "Actual Rows": 1}, "Triggers": [], "Planner Runtime": 30.749, "Total Runtime": 492.145, "Unique SQL Id": 4264520866}}, "(16, '83')": {"explain_plan": {"Plan": {"Node Type": "Aggregate", "Strategy": "Plain", "Startup Cost": 212305.8, "Total Cost": 212305.81, "Plan Rows": 1, "Plan Width": 160, "Plans": [{"Node Type": "Nested Loop", "Parent Relationship": "Outer", "Join Type": "Inner", "Startup Cost": 212267.2, "Total Cost": 212305.73, "Plan Rows": 9, "Plan Width": 64, "Inner Unique": true, "Plans": [{"Node Type": "Merge Join", "Parent Relationship": "Outer", "Join Type": "Inner", "Startup Cost": 212266.94, "Total Cost": 212267.19, "Plan Rows": 9, "Plan Width": 59, "Inner Unique": false, "Merge Cond": "(it2.id = mi_idx.info_type_id)", "Plans": [{"Node Type": "Sort", "Parent Relationship": "Outer", "Startup Cost": 14.22, "Total Cost": 14.23, "Plan Rows": 1, "Plan Width": 4, "Sort Key": ["it2.id"], "Plans": [{"Node Type": "Bitmap Heap Scan", "Parent Relationship": "Outer", "Relation Name": "info_type", "Alias": "it2", "Startup Cost": 8.81, "Total Cost": 14.21, "Plan Rows": 1, "Plan Width": 4, "Filter": "((info)::text = 'votes'::text)", "Plans": [{"Node Type": "Bitmap Index Scan", "Parent Relationship": "Outer", "Index Name": "info_type_pkey", "Startup Cost": 0.0, "Total Cost": 8.81, "Plan Rows": 112, "Plan Width": 0}]}]}, {"Node Type": "Sort", "Parent Relationship": "Inner", "Startup Cost": 212252.71, "Total Cost": 212252.8, "Plan Rows": 34, "Plan Width": 63, "Sort Key": ["mi_idx.info_type_id"], "Plans": [{"Node Type": "Nested Loop", "Parent Relationship": "Outer", "Join Type": "Inner", "Startup Cost": 211671.04, "Total Cost": 212251.85, "Plan Rows": 34, "Plan Width": 63, "Inner Unique": false, "Plans": [{"Node Type": "Merge Join", "Parent Relationship": "Outer", "Join Type": "Inner", "Startup Cost": 211670.77, "Total Cost": 211678.38, "Plan Rows": 133, "Plan Width": 50, "Inner Unique": false, "Merge Cond": "(it1.id = mi.info_type_id)", "Plans": [{"Node Type": "Sort", "Parent Relationship": "Outer", "Startup Cost": 14.22, "Total Cost": 14.23, "Plan Rows": 1, "Plan Width": 4, "Sort Key": ["it1.id"], "Plans": [{"Node Type": "Bitmap Heap Scan", "Parent Relationship": "Outer", "Relation Name": "info_type", "Alias": "it1", "Startup Cost": 8.81, "Total Cost": 14.21, "Plan Rows": 1, "Plan Width": 4, "Filter": "((info)::text = 'budget'::text)", "Plans": [{"Node Type": "Bitmap Index Scan", "Parent Relationship": "Outer", "Index Name": "info_type_pkey", "Startup Cost": 0.0, "Total Cost": 8.81, "Plan Rows": 112, "Plan Width": 0}]}]}, {"Node Type": "Sort", "Parent Relationship": "Inner", "Startup Cost": 211656.13, "Total Cost": 211660.03, "Plan Rows": 1561, "Plan Width": 54, "Sort Key": ["mi.info_type_id"], "Plans": [{"Node Type": "Nested Loop", "Parent Relationship": "Outer", "Join Type": "Inner", "Startup Cost": 83162.51, "Total Cost": 211573.33, "Plan Rows": 1561, "Plan Width": 54, "Inner Unique": false, "Plans": [{"Node Type": "Nested Loop", "Parent Relationship": "Outer", "Join Type": "Inner", "Startup Cost": 83162.13, "Total Cost": 210250.93, "Plan Rows": 294, "Plan Width": 4, "Inner Unique": false, "Plans": [{"Node Type": "Bitmap Heap Scan", "Parent Relationship": "Outer", "Relation Name": "name", "Alias": "n", "Startup Cost": 83157.74, "Total Cost": 197067.09, "Plan Rows": 173, "Plan Width": 4, "Filter": "(((name)::text ~~ '%Tim%'::text) AND ((gender)::text = 'm'::text))", "Plans": [{"Node Type": "Bitmap Index Scan", "Parent Relationship": "Outer", "Index Name": "name_pkey", "Startup Cost": 0.0, "Total Cost": 83157.7, "Plan Rows": 4167490, "Plan Width": 0}]}, {"Node Type": "Bitmap Heap Scan", "Parent Relationship": "Inner", "Relation Name": "cast_info", "Alias": "ci", "Startup Cost": 4.39, "Total Cost": 76.19, "Plan Rows": 2, "Plan Width": 8, "Recheck Cond": "(person_id = n.id)", "Filter": "((note)::text = ANY ('{(producer),\"(executive producer)\"}'::text[]))", "Plans": [{"Node Type": "Bitmap Index Scan", "Parent Relationship": "Outer", "Index Name": "person_id_cast_info", "Startup Cost": 0.0, "Total Cost": 4.38, "Plan Rows": 18, "Plan Width": 0, "Index Cond": "(person_id = n.id)"}]}]}, {"Node Type": "Bitmap Heap Scan", "Parent Relationship": "Inner", "Relation Name": "movie_info", "Alias": "mi", "Startup Cost": 0.39, "Total Cost": 4.45, "Plan Rows": 5, "Plan Width": 50, "Recheck Cond": "(movie_id = ci.movie_id)", "Plans": [{"Node Type": "Bitmap Index Scan", "Parent Relationship": "Outer", "Index Name": "movie_id_movie_info", "Startup Cost": 0.0, "Total Cost": 0.38, "Plan Rows": 5, "Plan Width": 0, "Index Cond": "(movie_id = ci.movie_id)"}]}]}]}]}, {"Node Type": "Bitmap Heap Scan", "Parent Relationship": "Inner", "Relation Name": "movie_info_idx", "Alias": "mi_idx", "Startup Cost": 0.27, "Total Cost": 4.29, "Plan Rows": 2, "Plan Width": 13, "Recheck Cond": "(movie_id = mi.movie_id)", "Plans": [{"Node Type": "Bitmap Index Scan", "Parent Relationship": "Outer", "Index Name": "movie_id_movie_info_idx", "Startup Cost": 0.0, "Total Cost": 0.27, "Plan Rows": 2, "Plan Width": 0, "Index Cond": "(movie_id = mi.movie_id)"}]}]}]}]}, {"Node Type": "Bitmap Heap Scan", "Parent Relationship": "Inner", "Relation Name": "title", "Alias": "t", "Startup Cost": 0.26, "Total Cost": 4.27, "Plan Rows": 1, "Plan Width": 21, "Recheck Cond": "(id = mi.movie_id)", "Plans": [{"Node Type": "Bitmap Index Scan", "Parent Relationship": "Outer", "Index Name": "title_pkey", "Startup Cost": 0.0, "Total Cost": 0.26, "Plan Rows": 1, "Plan Width": 0, "Index Cond": "(id = mi.movie_id)"}]}]}]}, "Unique SQL Id": 4264520866, "Planner Runtime": 26}, "explain_analyze_plan": null}, "(16, '84')": {"explain_plan": {"Plan": {"Node Type": "Aggregate", "Strategy": "Plain", "Startup Cost": 29881.09, "Total Cost": 29881.1, "Plan Rows": 1, "Plan Width": 160, "Plans": [{"Node Type": "Nested Loop", "Parent Relationship": "Outer", "Join Type": "Inner", "Startup Cost": 0.0, "Total Cost": 29881.02, "Plan Rows": 9, "Plan Width": 64, "Inner Unique": true, "Plans": [{"Node Type": "Nested Loop", "Parent Relationship": "Outer", "Join Type": "Inner", "Startup Cost": 0.0, "Total Cost": 29878.39, "Plan Rows": 9, "Plan Width": 59, "Inner Unique": true, "Plans": [{"Node Type": "Nested Loop", "Parent Relationship": "Outer", "Join Type": "Inner", "Startup Cost": 0.0, "Total Cost": 29799.58, "Plan Rows": 279, "Plan Width": 63, "Inner Unique": false, "Join Filter": "(mi_idx.movie_id = mi.movie_id)", "Plans": [{"Node Type": "Nested Loop", "Parent Relationship": "Outer", "Join Type": "Inner", "Startup Cost": 0.0, "Total Cost": 29759.98, "Plan Rows": 52, "Plan Width": 13, "Inner Unique": true, "Plans": [{"Node Type": "Nested Loop", "Parent Relationship": "Outer", "Join Type": "Inner", "Startup Cost": 0.0, "Total Cost": 29662.23, "Plan Rows": 346, "Plan Width": 17, "Inner Unique": false, "Plans": [{"Node Type": "Nested Loop", "Parent Relationship": "Outer", "Join Type": "Inner", "Startup Cost": 0.0, "Total Cost": 29565.43, "Plan Rows": 294, "Plan Width": 4, "Inner Unique": false, "Plans": [{"Node Type": "Streaming(type: LOCAL GATHER dop: 1/16)", "Parent Relationship": "Outer", "Startup Cost": 0.0, "Total Cost": 22123.07, "Plan Rows": 173, "Plan Width": 4, "Plans": [{"Node Type": "Seq Scan", "Parent Relationship": "Outer", "Relation Name": "name", "Alias": "n", "Startup Cost": 0.0, "Total Cost": 22119.33, "Plan Rows": 173, "Plan Width": 4, "Filter": "(((name)::text ~~ '%Tim%'::text) AND ((gender)::text = 'm'::text))"}]}, {"Node Type": "Index Scan", "Parent Relationship": "Inner", "Scan Direction": "Forward", "Index Name": "person_id_cast_info", "Relation Name": "cast_info", "Alias": "ci", "Startup Cost": 0.0, "Total Cost": 43.0, "Plan Rows": 2, "Plan Width": 8, "Index Cond": "(person_id = n.id)", "Filter": "((note)::text = ANY ('{(producer),\"(executive producer)\"}'::text[]))"}]}, {"Node Type": "Index Scan", "Parent Relationship": "Inner", "Scan Direction": "Forward", "Index Name": "movie_id_movie_info_idx", "Relation Name": "movie_info_idx", "Alias": "mi_idx", "Startup Cost": 0.0, "Total Cost": 0.31, "Plan Rows": 2, "Plan Width": 13, "Index Cond": "(movie_id = ci.movie_id)"}]}, {"Node Type": "Index Scan", "Parent Relationship": "Inner", "Scan Direction": "Forward", "Index Name": "info_type_pkey", "Relation Name": "info_type", "Alias": "it2", "Startup Cost": 0.0, "Total Cost": 0.27, "Plan Rows": 1, "Plan Width": 4, "Index Cond": "(id = mi_idx.info_type_id)", "Filter": "((info)::text = 'votes'::text)"}]}, {"Node Type": "Index Scan", "Parent Relationship": "Inner", "Scan Direction": "Forward", "Index Name": "movie_id_movie_info", "Relation Name": "movie_info", "Alias": "mi", "Startup Cost": 0.0, "Total Cost": 0.7, "Plan Rows": 5, "Plan Width": 50, "Index Cond": "(movie_id = ci.movie_id)"}]}, {"Node Type": "Index Scan", "Parent Relationship": "Inner", "Scan Direction": "Forward", "Index Name": "info_type_pkey", "Relation Name": "info_type", "Alias": "it1", "Startup Cost": 0.0, "Total Cost": 0.27, "Plan Rows": 1, "Plan Width": 4, "Index Cond": "(id = mi.info_type_id)", "Filter": "((info)::text = 'budget'::text)"}]}, {"Node Type": "Index Scan", "Parent Relationship": "Inner", "Scan Direction": "Forward", "Index Name": "title_pkey", "Relation Name": "title", "Alias": "t", "Startup Cost": 0.0, "Total Cost": 0.28, "Plan Rows": 1, "Plan Width": 21, "Index Cond": "(id = mi.movie_id)"}]}]}, "Unique SQL Id": 4264520866, "Planner Runtime": 25}, "explain_analyze_plan": {"Plan": {"Node Type": "Aggregate", "Strategy": "Plain", "Startup Cost": 29881.09, "Total Cost": 29881.1, "Plan Rows": 1, "Plan Width": 160, "Actual Min Startup Time": 580.815, "Actual Max Startup Time": 580.815, "Actual Min Total Time": 580.816, "Actual Max Total Time": 580.816, "Plans": [{"Node Type": "Nested Loop", "Parent Relationship": "Outer", "Join Type": "Inner", "Startup Cost": 0.0, "Total Cost": 29881.02, "Plan Rows": 9, "Plan Width": 64, "Actual Min Startup Time": 23.392, "Actual Max Startup Time": 23.392, "Actual Min Total Time": 579.936, "Actual Max Total Time": 579.936, "Inner Unique": true, "Plans": [{"Node Type": "Nested Loop", "Parent Relationship": "Outer", "Join Type": "Inner", "Startup Cost": 0.0, "Total Cost": 29878.39, "Plan Rows": 9, "Plan Width": 59, "Actual Min Startup Time": 23.371, "Actual Max Startup Time": 23.371, "Actual Min Total Time": 576.127, "Actual Max Total Time": 576.127, "Inner Unique": true, "Plans": [{"Node Type": "Nested Loop", "Parent Relationship": "Outer", "Join Type": "Inner", "Startup Cost": 0.0, "Total Cost": 29799.58, "Plan Rows": 279, "Plan Width": 63, "Actual Min Startup Time": 22.902, "Actual Max Startup Time": 22.902, "Actual Min Total Time": 394.829, "Actual Max Total Time": 394.829, "Inner Unique": false, "Join Filter": "(mi_idx.movie_id = mi.movie_id)", "Rows Removed by Join Filter": 0, "Plans": [{"Node Type": "Nested Loop", "Parent Relationship": "Outer", "Join Type": "Inner", "Startup Cost": 0.0, "Total Cost": 29759.98, "Plan Rows": 52, "Plan Width": 13, "Actual Min Startup Time": 22.881, "Actual Max Startup Time": 22.881, "Actual Min Total Time": 264.445, "Actual Max Total Time": 264.445, "Inner Unique": true, "Plans": [{"Node Type": "Nested Loop", "Parent Relationship": "Outer", "Join Type": "Inner", "Startup Cost": 0.0, "Total Cost": 29662.23, "Plan Rows": 346, "Plan Width": 17, "Actual Min Startup Time": 22.857, "Actual Max Startup Time": 22.857, "Actual Min Total Time": 239.099, "Actual Max Total Time": 239.099, "Inner Unique": false, "Plans": [{"Node Type": "Nested Loop", "Parent Relationship": "Outer", "Join Type": "Inner", "Startup Cost": 0.0, "Total Cost": 29565.43, "Plan Rows": 294, "Plan Width": 4, "Actual Min Startup Time": 21.786, "Actual Max Startup Time": 21.786, "Actual Min Total Time": 203.009, "Actual Max Total Time": 203.009, "Inner Unique": false, "Plans": [{"Node Type": "Streaming(type: LOCAL GATHER dop: 1/16)", "Parent Relationship": "Outer", "Startup Cost": 0.0, "Total Cost": 22123.07, "Plan Rows": 173, "Plan Width": 4, "Actual Min Startup Time": 21.555, "Actual Max Startup Time": 21.555, "Actual Min Total Time": 70.085, "Actual Max Total Time": 70.085, "Plans": [{"Node Type": "Seq Scan", "Parent Relationship": "Outer", "Relation Name": "name", "Alias": "n", "Startup Cost": 0.0, "Total Cost": 22119.33, "Plan Rows": 173, "Plan Width": 4, "Actual Min Startup Time": 0.033, "Actual Max Startup Time": 0.854, "Actual Min Total Time": 101.996, "Actual Max Total Time": 105.795, "Filter": "(((name)::text ~~ '%Tim%'::text) AND ((gender)::text = 'm'::text))", "Rows Removed by Filter": 4158428, "Actual Rows": 9062}], "Actual Rows": 9062}, {"Node Type": "Index Scan", "Parent Relationship": "Inner", "Scan Direction": "Forward", "Index Name": "person_id_cast_info", "Relation Name": "cast_info", "Alias": "ci", "Startup Cost": 0.0, "Total Cost": 43.0, "Plan Rows": 2, "Plan Width": 8, "Actual Min Startup Time": 107.708, "Actual Max Startup Time": 107.708, "Actual Min Total Time": 126.269, "Actual Max Total Time": 126.269, "Index Cond": "(person_id = n.id)", "Rows Removed by Index Recheck": 0, "Filter": "((note)::text = ANY ('{(producer),\"(executive producer)\"}'::text[]))", "Rows Removed by Filter": 89309, "Actual Rows": 6719}], "Actual Rows": 6719}, {"Node Type": "Index Scan", "Parent Relationship": "Inner", "Scan Direction": "Forward", "Index Name": "movie_id_movie_info_idx", "Relation Name": "movie_info_idx", "Alias": "mi_idx", "Startup Cost": 0.0, "Total Cost": 0.31, "Plan Rows": 2, "Plan Width": 13, "Actual Min Startup Time": 25.731, "Actual Max Startup Time": 25.731, "Actual Min Total Time": 29.822, "Actual Max Total Time": 29.822, "Index Cond": "(movie_id = ci.movie_id)", "Rows Removed by Index Recheck": 0, "Actual Rows": 10310}], "Actual Rows": 10310}, {"Node Type": "Index Scan", "Parent Relationship": "Inner", "Scan Direction": "Forward", "Index Name": "info_type_pkey", "Relation Name": "info_type", "Alias": "it2", "Startup Cost": 0.0, "Total Cost": 0.27, "Plan Rows": 1, "Plan Width": 4, "Actual Min Startup Time": 19.679, "Actual Max Startup Time": 19.679, "Actual Min Total Time": 19.679, "Actual Max Total Time": 19.679, "Index Cond": "(id = mi_idx.info_type_id)", "Rows Removed by Index Recheck": 0, "Filter": "((info)::text = 'votes'::text)", "Rows Removed by Filter": 6875, "Actual Rows": 3435}], "Actual Rows": 3435}, {"Node Type": "Index Scan", "Parent Relationship": "Inner", "Scan Direction": "Forward", "Index Name": "movie_id_movie_info", "Relation Name": "movie_info", "Alias": "mi", "Startup Cost": 0.0, "Total Cost": 0.7, "Plan Rows": 5, "Plan Width": 50, "Actual Min Startup Time": 24.197, "Actual Max Startup Time": 24.197, "Actual Min Total Time": 97.954, "Actual Max Total Time": 97.954, "Index Cond": "(movie_id = ci.movie_id)", "Rows Removed by Index Recheck": 0, "Actual Rows": 82408}], "Actual Rows": 82408}, {"Node Type": "Index Scan", "Parent Relationship": "Inner", "Scan Direction": "Forward", "Index Name": "info_type_pkey", "Relation Name": "info_type", "Alias": "it1", "Startup Cost": 0.0, "Total Cost": 0.27, "Plan Rows": 1, "Plan Width": 4, "Actual Min Startup Time": 142.894, "Actual Max Startup Time": 142.894, "Actual Min Total Time": 142.894, "Actual Max Total Time": 142.894, "Index Cond": "(id = mi.info_type_id)", "Rows Removed by Index Recheck": 0, "Filter": "((info)::text = 'budget'::text)", "Rows Removed by Filter": 79844, "Actual Rows": 410}], "Actual Rows": 410}, {"Node Type": "Index Scan", "Parent Relationship": "Inner", "Scan Direction": "Forward", "Index Name": "title_pkey", "Relation Name": "title", "Alias": "t", "Startup Cost": 0.0, "Total Cost": 0.28, "Plan Rows": 1, "Plan Width": 21, "Actual Min Startup Time": 3.19, "Actual Max Startup Time": 3.19, "Actual Min Total Time": 3.19, "Actual Max Total Time": 3.19, "Index Cond": "(id = mi.movie_id)", "Rows Removed by Index Recheck": 0, "Actual Rows": 410}], "Actual Rows": 410}], "Actual Rows": 1}, "Triggers": [], "Planner Runtime": 24.564, "Total Runtime": 583.596, "Unique SQL Id": 4264520866}}, "(16, '85')": {"explain_plan": {"Plan": {"Node Type": "Aggregate", "Strategy": "Plain", "Startup Cost": 161226.62, "Total Cost": 161226.63, "Plan Rows": 1, "Plan Width": 160, "Plans": [{"Node Type": "Nested Loop", "Parent Relationship": "Outer", "Join Type": "Inner", "Startup Cost": 0.0, "Total Cost": 161226.56, "Plan Rows": 9, "Plan Width": 64, "Inner Unique": true, "Plans": [{"Node Type": "Nested Loop", "Parent Relationship": "Outer", "Join Type": "Inner", "Startup Cost": 0.0, "Total Cost": 161223.93, "Plan Rows": 9, "Plan Width": 59, "Inner Unique": true, "Plans": [{"Node Type": "Nested Loop", "Parent Relationship": "Outer", "Join Type": "Inner", "Startup Cost": 0.0, "Total Cost": 161145.11, "Plan Rows": 279, "Plan Width": 63, "Inner Unique": false, "Join Filter": "(mi_idx.movie_id = mi.movie_id)", "Plans": [{"Node Type": "Nested Loop", "Parent Relationship": "Outer", "Join Type": "Inner", "Startup Cost": 0.0, "Total Cost": 161105.51, "Plan Rows": 52, "Plan Width": 13, "Inner Unique": true, "Plans": [{"Node Type": "Nested Loop", "Parent Relationship": "Outer", "Join Type": "Inner", "Startup Cost": 0.0, "Total Cost": 161007.76, "Plan Rows": 346, "Plan Width": 17, "Inner Unique": false, "Plans": [{"Node Type": "Nested Loop", "Parent Relationship": "Outer", "Join Type": "Inner", "Startup Cost": 0.0, "Total Cost": 160910.97, "Plan Rows": 294, "Plan Width": 4, "Inner Unique": false, "Plans": [{"Node Type": "Streaming(type: LOCAL GATHER dop: 1/16)", "Parent Relationship": "Outer", "Startup Cost": 0.0, "Total Cost": 153468.6, "Plan Rows": 173, "Plan Width": 4, "Plans": [{"Node Type": "Index Scan", "Parent Relationship": "Outer", "Scan Direction": "Forward", "Index Name": "name_pkey", "Relation Name": "name", "Alias": "n", "Startup Cost": 0.0, "Total Cost": 153464.87, "Plan Rows": 173, "Plan Width": 4, "Filter": "(((name)::text ~~ '%Tim%'::text) AND ((gender)::text = 'm'::text))"}]}, {"Node Type": "Index Scan", "Parent Relationship": "Inner", "Scan Direction": "Forward", "Index Name": "person_id_cast_info", "Relation Name": "cast_info", "Alias": "ci", "Startup Cost": 0.0, "Total Cost": 43.0, "Plan Rows": 2, "Plan Width": 8, "Index Cond": "(person_id = n.id)", "Filter": "((note)::text = ANY ('{(producer),\"(executive producer)\"}'::text[]))"}]}, {"Node Type": "Index Scan", "Parent Relationship": "Inner", "Scan Direction": "Forward", "Index Name": "movie_id_movie_info_idx", "Relation Name": "movie_info_idx", "Alias": "mi_idx", "Startup Cost": 0.0, "Total Cost": 0.31, "Plan Rows": 2, "Plan Width": 13, "Index Cond": "(movie_id = ci.movie_id)"}]}, {"Node Type": "Index Scan", "Parent Relationship": "Inner", "Scan Direction": "Forward", "Index Name": "info_type_pkey", "Relation Name": "info_type", "Alias": "it2", "Startup Cost": 0.0, "Total Cost": 0.27, "Plan Rows": 1, "Plan Width": 4, "Index Cond": "(id = mi_idx.info_type_id)", "Filter": "((info)::text = 'votes'::text)"}]}, {"Node Type": "Index Scan", "Parent Relationship": "Inner", "Scan Direction": "Forward", "Index Name": "movie_id_movie_info", "Relation Name": "movie_info", "Alias": "mi", "Startup Cost": 0.0, "Total Cost": 0.7, "Plan Rows": 5, "Plan Width": 50, "Index Cond": "(movie_id = ci.movie_id)"}]}, {"Node Type": "Index Scan", "Parent Relationship": "Inner", "Scan Direction": "Forward", "Index Name": "info_type_pkey", "Relation Name": "info_type", "Alias": "it1", "Startup Cost": 0.0, "Total Cost": 0.27, "Plan Rows": 1, "Plan Width": 4, "Index Cond": "(id = mi.info_type_id)", "Filter": "((info)::text = 'budget'::text)"}]}, {"Node Type": "Index Scan", "Parent Relationship": "Inner", "Scan Direction": "Forward", "Index Name": "title_pkey", "Relation Name": "title", "Alias": "t", "Startup Cost": 0.0, "Total Cost": 0.28, "Plan Rows": 1, "Plan Width": 21, "Index Cond": "(id = mi.movie_id)"}]}]}, "Unique SQL Id": 4264520866, "Planner Runtime": 28}, "explain_analyze_plan": {"Plan": {"Node Type": "Aggregate", "Strategy": "Plain", "Startup Cost": 161226.62, "Total Cost": 161226.63, "Plan Rows": 1, "Plan Width": 160, "Actual Min Startup Time": 607.284, "Actual Max Startup Time": 607.284, "Actual Min Total Time": 607.284, "Actual Max Total Time": 607.284, "Plans": [{"Node Type": "Nested Loop", "Parent Relationship": "Outer", "Join Type": "Inner", "Startup Cost": 0.0, "Total Cost": 161226.56, "Plan Rows": 9, "Plan Width": 64, "Actual Min Startup Time": 76.744, "Actual Max Startup Time": 76.744, "Actual Min Total Time": 606.583, "Actual Max Total Time": 606.583, "Inner Unique": true, "Plans": [{"Node Type": "Nested Loop", "Parent Relationship": "Outer", "Join Type": "Inner", "Startup Cost": 0.0, "Total Cost": 161223.93, "Plan Rows": 9, "Plan Width": 59, "Actual Min Startup Time": 76.723, "Actual Max Startup Time": 76.723, "Actual Min Total Time": 602.309, "Actual Max Total Time": 602.309, "Inner Unique": true, "Plans": [{"Node Type": "Nested Loop", "Parent Relationship": "Outer", "Join Type": "Inner", "Startup Cost": 0.0, "Total Cost": 161145.11, "Plan Rows": 279, "Plan Width": 63, "Actual Min Startup Time": 76.681, "Actual Max Startup Time": 76.681, "Actual Min Total Time": 420.887, "Actual Max Total Time": 420.887, "Inner Unique": false, "Join Filter": "(mi_idx.movie_id = mi.movie_id)", "Rows Removed by Join Filter": 0, "Plans": [{"Node Type": "Nested Loop", "Parent Relationship": "Outer", "Join Type": "Inner", "Startup Cost": 0.0, "Total Cost": 161105.51, "Plan Rows": 52, "Plan Width": 13, "Actual Min Startup Time": 76.658, "Actual Max Startup Time": 76.658, "Actual Min Total Time": 292.413, "Actual Max Total Time": 292.413, "Inner Unique": true, "Plans": [{"Node Type": "Nested Loop", "Parent Relationship": "Outer", "Join Type": "Inner", "Startup Cost": 0.0, "Total Cost": 161007.76, "Plan Rows": 346, "Plan Width": 17, "Actual Min Startup Time": 76.636, "Actual Max Startup Time": 76.636, "Actual Min Total Time": 267.06, "Actual Max Total Time": 267.06, "Inner Unique": false, "Plans": [{"Node Type": "Nested Loop", "Parent Relationship": "Outer", "Join Type": "Inner", "Startup Cost": 0.0, "Total Cost": 160910.97, "Plan Rows": 294, "Plan Width": 4, "Actual Min Startup Time": 76.609, "Actual Max Startup Time": 76.609, "Actual Min Total Time": 228.308, "Actual Max Total Time": 228.308, "Inner Unique": false, "Plans": [{"Node Type": "Streaming(type: LOCAL GATHER dop: 1/16)", "Parent Relationship": "Outer", "Startup Cost": 0.0, "Total Cost": 153468.6, "Plan Rows": 173, "Plan Width": 4, "Actual Min Startup Time": 76.451, "Actual Max Startup Time": 76.451, "Actual Min Total Time": 97.413, "Actual Max Total Time": 97.413, "Plans": [{"Node Type": "Index Scan", "Parent Relationship": "Outer", "Scan Direction": "Forward", "Index Name": "name_pkey", "Relation Name": "name", "Alias": "n", "Startup Cost": 0.0, "Total Cost": 153464.87, "Plan Rows": 173, "Plan Width": 4, "Actual Min Startup Time": 45.312, "Actual Max Startup Time": 303.084, "Actual Min Total Time": 276.11, "Actual Max Total Time": 305.567, "Filter": "(((name)::text ~~ '%Tim%'::text) AND ((gender)::text = 'm'::text))", "Rows Removed by Filter": 4158428, "Actual Rows": 9062}], "Actual Rows": 9062}, {"Node Type": "Index Scan", "Parent Relationship": "Inner", "Scan Direction": "Forward", "Index Name": "person_id_cast_info", "Relation Name": "cast_info", "Alias": "ci", "Startup Cost": 0.0, "Total Cost": 43.0, "Plan Rows": 2, "Plan Width": 8, "Actual Min Startup Time": 104.871, "Actual Max Startup Time": 104.871, "Actual Min Total Time": 124.44, "Actual Max Total Time": 124.44, "Index Cond": "(person_id = n.id)", "Rows Removed by Index Recheck": 0, "Filter": "((note)::text = ANY ('{(producer),\"(executive producer)\"}'::text[]))", "Rows Removed by Filter": 89309, "Actual Rows": 6719}], "Actual Rows": 6719}, {"Node Type": "Index Scan", "Parent Relationship": "Inner", "Scan Direction": "Forward", "Index Name": "movie_id_movie_info_idx", "Relation Name": "movie_info_idx", "Alias": "mi_idx", "Startup Cost": 0.0, "Total Cost": 0.31, "Plan Rows": 2, "Plan Width": 13, "Actual Min Startup Time": 28.535, "Actual Max Startup Time": 28.535, "Actual Min Total Time": 32.59, "Actual Max Total Time": 32.59, "Index Cond": "(movie_id = ci.movie_id)", "Rows Removed by Index Recheck": 0, "Actual Rows": 10310}], "Actual Rows": 10310}, {"Node Type": "Index Scan", "Parent Relationship": "Inner", "Scan Direction": "Forward", "Index Name": "info_type_pkey", "Relation Name": "info_type", "Alias": "it2", "Startup Cost": 0.0, "Total Cost": 0.27, "Plan Rows": 1, "Plan Width": 4, "Actual Min Startup Time": 19.515, "Actual Max Startup Time": 19.515, "Actual Min Total Time": 19.515, "Actual Max Total Time": 19.515, "Index Cond": "(id = mi_idx.info_type_id)", "Rows Removed by Index Recheck": 0, "Filter": "((info)::text = 'votes'::text)", "Rows Removed by Filter": 6875, "Actual Rows": 3435}], "Actual Rows": 3435}, {"Node Type": "Index Scan", "Parent Relationship": "Inner", "Scan Direction": "Forward", "Index Name": "movie_id_movie_info", "Relation Name": "movie_info", "Alias": "mi", "Startup Cost": 0.0, "Total Cost": 0.7, "Plan Rows": 5, "Plan Width": 50, "Actual Min Startup Time": 24.09, "Actual Max Startup Time": 24.09, "Actual Min Total Time": 96.018, "Actual Max Total Time": 96.018, "Index Cond": "(movie_id = ci.movie_id)", "Rows Removed by Index Recheck": 0, "Actual Rows": 82408}], "Actual Rows": 82408}, {"Node Type": "Index Scan", "Parent Relationship": "Inner", "Scan Direction": "Forward", "Index Name": "info_type_pkey", "Relation Name": "info_type", "Alias": "it1", "Startup Cost": 0.0, "Total Cost": 0.27, "Plan Rows": 1, "Plan Width": 4, "Actual Min Startup Time": 143.239, "Actual Max Startup Time": 143.239, "Actual Min Total Time": 143.239, "Actual Max Total Time": 143.239, "Index Cond": "(id = mi.info_type_id)", "Rows Removed by Index Recheck": 0, "Filter": "((info)::text = 'budget'::text)", "Rows Removed by Filter": 79844, "Actual Rows": 410}], "Actual Rows": 410}, {"Node Type": "Index Scan", "Parent Relationship": "Inner", "Scan Direction": "Forward", "Index Name": "title_pkey", "Relation Name": "title", "Alias": "t", "Startup Cost": 0.0, "Total Cost": 0.28, "Plan Rows": 1, "Plan Width": 21, "Actual Min Startup Time": 3.705, "Actual Max Startup Time": 3.705, "Actual Min Total Time": 3.705, "Actual Max Total Time": 3.705, "Index Cond": "(id = mi.movie_id)", "Rows Removed by Index Recheck": 0, "Actual Rows": 410}], "Actual Rows": 410}], "Actual Rows": 1}, "Triggers": [], "Planner Runtime": 50.937, "Total Runtime": 609.898, "Unique SQL Id": 4264520866}}, "(16, '86')": {"explain_plan": {"Plan": {"Node Type": "Aggregate", "Strategy": "Plain", "Startup Cost": 37338.16, "Total Cost": 37338.17, "Plan Rows": 1, "Plan Width": 160, "Plans": [{"Node Type": "Nested Loop", "Parent Relationship": "Outer", "Join Type": "Inner", "Startup Cost": 37299.55, "Total Cost": 37338.09, "Plan Rows": 9, "Plan Width": 64, "Inner Unique": true, "Plans": [{"Node Type": "Merge Join", "Parent Relationship": "Outer", "Join Type": "Inner", "Startup Cost": 37299.29, "Total Cost": 37299.54, "Plan Rows": 9, "Plan Width": 59, "Inner Unique": false, "Merge Cond": "(it2.id = mi_idx.info_type_id)", "Plans": [{"Node Type": "Sort", "Parent Relationship": "Outer", "Startup Cost": 2.41, "Total Cost": 2.42, "Plan Rows": 1, "Plan Width": 4, "Sort Key": ["it2.id"], "Plans": [{"Node Type": "Seq Scan", "Parent Relationship": "Outer", "Relation Name": "info_type", "Alias": "it2", "Startup Cost": 0.0, "Total Cost": 2.4, "Plan Rows": 1, "Plan Width": 4, "Filter": "((info)::text = 'votes'::text)"}]}, {"Node Type": "Sort", "Parent Relationship": "Inner", "Startup Cost": 37296.88, "Total Cost": 37296.96, "Plan Rows": 34, "Plan Width": 63, "Sort Key": ["mi_idx.info_type_id"], "Plans": [{"Node Type": "Nested Loop", "Parent Relationship": "Outer", "Join Type": "Inner", "Startup Cost": 36715.2, "Total Cost": 37296.01, "Plan Rows": 34, "Plan Width": 63, "Inner Unique": false, "Plans": [{"Node Type": "Merge Join", "Parent Relationship": "Outer", "Join Type": "Inner", "Startup Cost": 36714.94, "Total Cost": 36722.54, "Plan Rows": 133, "Plan Width": 50, "Inner Unique": false, "Merge Cond": "(it1.id = mi.info_type_id)", "Plans": [{"Node Type": "Sort", "Parent Relationship": "Outer", "Startup Cost": 2.41, "Total Cost": 2.42, "Plan Rows": 1, "Plan Width": 4, "Sort Key": ["it1.id"], "Plans": [{"Node Type": "Seq Scan", "Parent Relationship": "Outer", "Relation Name": "info_type", "Alias": "it1", "Startup Cost": 0.0, "Total Cost": 2.4, "Plan Rows": 1, "Plan Width": 4, "Filter": "((info)::text = 'budget'::text)"}]}, {"Node Type": "Sort", "Parent Relationship": "Inner", "Startup Cost": 36712.1, "Total Cost": 36716.0, "Plan Rows": 1561, "Plan Width": 54, "Sort Key": ["mi.info_type_id"], "Plans": [{"Node Type": "Nested Loop", "Parent Relationship": "Outer", "Join Type": "Inner", "Startup Cost": 4.77, "Total Cost": 36629.3, "Plan Rows": 1561, "Plan Width": 54, "Inner Unique": false, "Plans": [{"Node Type": "Nested Loop", "Parent Relationship": "Outer", "Join Type": "Inner", "Startup Cost": 4.39, "Total Cost": 35306.9, "Plan Rows": 294, "Plan Width": 4, "Inner Unique": false, "Plans": [{"Node Type": "Streaming(type: LOCAL GATHER dop: 1/16)", "Parent Relationship": "Outer", "Startup Cost": 0.0, "Total Cost": 22123.07, "Plan Rows": 173, "Plan Width": 4, "Plans": [{"Node Type": "Seq Scan", "Parent Relationship": "Outer", "Relation Name": "name", "Alias": "n", "Startup Cost": 0.0, "Total Cost": 22119.33, "Plan Rows": 173, "Plan Width": 4, "Filter": "(((name)::text ~~ '%Tim%'::text) AND ((gender)::text = 'm'::text))"}]}, {"Node Type": "Bitmap Heap Scan", "Parent Relationship": "Inner", "Relation Name": "cast_info", "Alias": "ci", "Startup Cost": 4.39, "Total Cost": 76.19, "Plan Rows": 2, "Plan Width": 8, "Recheck Cond": "(person_id = n.id)", "Filter": "((note)::text = ANY ('{(producer),\"(executive producer)\"}'::text[]))", "Plans": [{"Node Type": "Bitmap Index Scan", "Parent Relationship": "Outer", "Index Name": "person_id_cast_info", "Startup Cost": 0.0, "Total Cost": 4.38, "Plan Rows": 18, "Plan Width": 0, "Index Cond": "(person_id = n.id)"}]}]}, {"Node Type": "Bitmap Heap Scan", "Parent Relationship": "Inner", "Relation Name": "movie_info", "Alias": "mi", "Startup Cost": 0.39, "Total Cost": 4.45, "Plan Rows": 5, "Plan Width": 50, "Recheck Cond": "(movie_id = ci.movie_id)", "Plans": [{"Node Type": "Bitmap Index Scan", "Parent Relationship": "Outer", "Index Name": "movie_id_movie_info", "Startup Cost": 0.0, "Total Cost": 0.38, "Plan Rows": 5, "Plan Width": 0, "Index Cond": "(movie_id = ci.movie_id)"}]}]}]}]}, {"Node Type": "Bitmap Heap Scan", "Parent Relationship": "Inner", "Relation Name": "movie_info_idx", "Alias": "mi_idx", "Startup Cost": 0.27, "Total Cost": 4.29, "Plan Rows": 2, "Plan Width": 13, "Recheck Cond": "(movie_id = mi.movie_id)", "Plans": [{"Node Type": "Bitmap Index Scan", "Parent Relationship": "Outer", "Index Name": "movie_id_movie_info_idx", "Startup Cost": 0.0, "Total Cost": 0.27, "Plan Rows": 2, "Plan Width": 0, "Index Cond": "(movie_id = mi.movie_id)"}]}]}]}]}, {"Node Type": "Bitmap Heap Scan", "Parent Relationship": "Inner", "Relation Name": "title", "Alias": "t", "Startup Cost": 0.26, "Total Cost": 4.27, "Plan Rows": 1, "Plan Width": 21, "Recheck Cond": "(id = mi.movie_id)", "Plans": [{"Node Type": "Bitmap Index Scan", "Parent Relationship": "Outer", "Index Name": "title_pkey", "Startup Cost": 0.0, "Total Cost": 0.26, "Plan Rows": 1, "Plan Width": 0, "Index Cond": "(id = mi.movie_id)"}]}]}]}, "Unique SQL Id": 4264520866, "Planner Runtime": 30}, "explain_analyze_plan": {"Plan": {"Node Type": "Aggregate", "Strategy": "Plain", "Startup Cost": 37338.16, "Total Cost": 37338.17, "Plan Rows": 1, "Plan Width": 160, "Actual Min Startup Time": 489.15, "Actual Max Startup Time": 489.15, "Actual Min Total Time": 489.15, "Actual Max Total Time": 489.15, "Plans": [{"Node Type": "Nested Loop", "Parent Relationship": "Outer", "Join Type": "Inner", "Startup Cost": 37299.55, "Total Cost": 37338.09, "Plan Rows": 9, "Plan Width": 64, "Actual Min Startup Time": 484.443, "Actual Max Startup Time": 484.443, "Actual Min Total Time": 488.725, "Actual Max Total Time": 488.725, "Inner Unique": true, "Plans": [{"Node Type": "Merge Join", "Parent Relationship": "Outer", "Join Type": "Inner", "Startup Cost": 37299.29, "Total Cost": 37299.54, "Plan Rows": 9, "Plan Width": 59, "Actual Min Startup Time": 484.417, "Actual Max Startup Time": 484.417, "Actual Min Total Time": 484.601, "Actual Max Total Time": 484.601, "Inner Unique": false, "Merge Cond": "(it2.id = mi_idx.info_type_id)", "Plans": [{"Node Type": "Sort", "Parent Relationship": "Outer", "Startup Cost": 2.41, "Total Cost": 2.42, "Plan Rows": 1, "Plan Width": 4, "Actual Min Startup Time": 0.104, "Actual Max Startup Time": 0.104, "Actual Min Total Time": 0.105, "Actual Max Total Time": 0.105, "Sort Key": ["it2.id"], "Sort Method": "quicksort", "Sort Space Min Used": 25, "Sort Space Max Used": 25, "Sort Space Type": "Memory", "Plans": [{"Node Type": "Seq Scan", "Parent Relationship": "Outer", "Relation Name": "info_type", "Alias": "it2", "Startup Cost": 0.0, "Total Cost": 2.4, "Plan Rows": 1, "Plan Width": 4, "Actual Min Startup Time": 0.077, "Actual Max Startup Time": 0.077, "Actual Min Total Time": 0.082, "Actual Max Total Time": 0.082, "Filter": "((info)::text = 'votes'::text)", "Rows Removed by Filter": 111, "Actual Rows": 1}], "Actual Rows": 1}, {"Node Type": "Sort", "Parent Relationship": "Inner", "Startup Cost": 37296.88, "Total Cost": 37296.96, "Plan Rows": 34, "Plan Width": 63, "Actual Min Startup Time": 484.194, "Actual Max Startup Time": 484.194, "Actual Min Total Time": 484.278, "Actual Max Total Time": 484.278, "Sort Key": ["mi_idx.info_type_id"], "Sort Method": "quicksort", "Sort Space Min Used": 167, "Sort Space Max Used": 167, "Sort Space Type": "Memory", "Plans": [{"Node Type": "Nested Loop", "Parent Relationship": "Outer", "Join Type": "Inner", "Startup Cost": 36715.2, "Total Cost": 37296.01, "Plan Rows": 34, "Plan Width": 63, "Actual Min Startup Time": 476.514, "Actual Max Startup Time": 476.514, "Actual Min Total Time": 483.634, "Actual Max Total Time": 483.634, "Inner Unique": false, "Plans": [{"Node Type": "Merge Join", "Parent Relationship": "Outer", "Join Type": "Inner", "Startup Cost": 36714.94, "Total Cost": 36722.54, "Plan Rows": 133, "Plan Width": 50, "Actual Min Startup Time": 476.454, "Actual Max Startup Time": 476.454, "Actual Min Total Time": 477.031, "Actual Max Total Time": 477.031, "Inner Unique": false, "Merge Cond": "(it1.id = mi.info_type_id)", "Plans": [{"Node Type": "Sort", "Parent Relationship": "Outer", "Startup Cost": 2.41, "Total Cost": 2.42, "Plan Rows": 1, "Plan Width": 4, "Actual Min Startup Time": 0.063, "Actual Max Startup Time": 0.063, "Actual Min Total Time": 0.063, "Actual Max Total Time": 0.063, "Sort Key": ["it1.id"], "Sort Method": "quicksort", "Sort Space Min Used": 25, "Sort Space Max Used": 25, "Sort Space Type": "Memory", "Plans": [{"Node Type": "Seq Scan", "Parent Relationship": "Outer", "Relation Name": "info_type", "Alias": "it1", "Startup Cost": 0.0, "Total Cost": 2.4, "Plan Rows": 1, "Plan Width": 4, "Actual Min Startup Time": 0.055, "Actual Max Startup Time": 0.055, "Actual Min Total Time": 0.058, "Actual Max Total Time": 0.058, "Filter": "((info)::text = 'budget'::text)", "Rows Removed by Filter": 111, "Actual Rows": 1}], "Actual Rows": 1}, {"Node Type": "Sort", "Parent Relationship": "Inner", "Startup Cost": 36712.1, "Total Cost": 36716.0, "Plan Rows": 1561, "Plan Width": 54, "Actual Min Startup Time": 450.199, "Actual Max Startup Time": 450.199, "Actual Min Total Time": 461.497, "Actual Max Total Time": 461.497, "Sort Key": ["mi.info_type_id"], "Sort Method": "quicksort", "Sort Space Min Used": 22583, "Sort Space Max Used": 22583, "Sort Space Type": "Memory", "Plans": [{"Node Type": "Nested Loop", "Parent Relationship": "Outer", "Join Type": "Inner", "Startup Cost": 4.77, "Total Cost": 36629.3, "Plan Rows": 1561, "Plan Width": 54, "Actual Min Startup Time": 37.228, "Actual Max Startup Time": 37.228, "Actual Min Total Time": 414.723, "Actual Max Total Time": 414.723, "Inner Unique": false, "Plans": [{"Node Type": "Nested Loop", "Parent Relationship": "Outer", "Join Type": "Inner", "Startup Cost": 4.39, "Total Cost": 35306.9, "Plan Rows": 294, "Plan Width": 4, "Actual Min Startup Time": 37.194, "Actual Max Startup Time": 37.194, "Actual Min Total Time": 240.609, "Actual Max Total Time": 240.609, "Inner Unique": false, "Plans": [{"Node Type": "Streaming(type: LOCAL GATHER dop: 1/16)", "Parent Relationship": "Outer", "Startup Cost": 0.0, "Total Cost": 22123.07, "Plan Rows": 173, "Plan Width": 4, "Actual Min Startup Time": 37.09, "Actual Max Startup Time": 37.09, "Actual Min Total Time": 92.019, "Actual Max Total Time": 92.019, "Plans": [{"Node Type": "Seq Scan", "Parent Relationship": "Outer", "Relation Name": "name", "Alias": "n", "Startup Cost": 0.0, "Total Cost": 22119.33, "Plan Rows": 173, "Plan Width": 4, "Actual Min Startup Time": 0.042, "Actual Max Startup Time": 0.832, "Actual Min Total Time": 103.545, "Actual Max Total Time": 107.395, "Filter": "(((name)::text ~~ '%Tim%'::text) AND ((gender)::text = 'm'::text))", "Rows Removed by Filter": 4158428, "Actual Rows": 9062}], "Actual Rows": 9062}, {"Node Type": "Bitmap Heap Scan", "Parent Relationship": "Inner", "Relation Name": "cast_info", "Alias": "ci", "Startup Cost": 4.39, "Total Cost": 76.19, "Plan Rows": 2, "Plan Width": 8, "Actual Min Startup Time": 119.997, "Actual Max Startup Time": 119.997, "Actual Min Total Time": 135.869, "Actual Max Total Time": 135.869, "Recheck Cond": "(person_id = n.id)", "Rows Removed by Index Recheck": 0, "Filter": "((note)::text = ANY ('{(producer),\"(executive producer)\"}'::text[]))", "Rows Removed by Filter": 89309, "Exact Heap Blocks": 13336, "Lossy Heap Blocks": 13336, "Plans": [{"Node Type": "Bitmap Index Scan", "Parent Relationship": "Outer", "Index Name": "person_id_cast_info", "Startup Cost": 0.0, "Total Cost": 4.38, "Plan Rows": 18, "Plan Width": 0, "Actual Min Startup Time": 51.193, "Actual Max Startup Time": 51.193, "Actual Min Total Time": 51.193, "Actual Max Total Time": 51.193, "Index Cond": "(person_id = n.id)", "Actual Rows": 96028}], "Actual Rows": 6719}], "Actual Rows": 6719}, {"Node Type": "Bitmap Heap Scan", "Parent Relationship": "Inner", "Relation Name": "movie_info", "Alias": "mi", "Startup Cost": 0.39, "Total Cost": 4.45, "Plan Rows": 5, "Plan Width": 50, "Actual Min Startup Time": 62.391, "Actual Max Startup Time": 62.391, "Actual Min Total Time": 145.746, "Actual Max Total Time": 145.746, "Recheck Cond": "(movie_id = ci.movie_id)", "Rows Removed by Index Recheck": 0, "Exact Heap Blocks": 40013, "Lossy Heap Blocks": 40013, "Plans": [{"Node Type": "Bitmap Index Scan", "Parent Relationship": "Outer", "Index Name": "movie_id_movie_info", "Startup Cost": 0.0, "Total Cost": 0.38, "Plan Rows": 5, "Plan Width": 0, "Actual Min Startup Time": 43.296, "Actual Max Startup Time": 43.296, "Actual Min Total Time": 43.296, "Actual Max Total Time": 43.296, "Index Cond": "(movie_id = ci.movie_id)", "Actual Rows": 95896}], "Actual Rows": 95896}], "Actual Rows": 95896}], "Actual Rows": 87267}], "Actual Rows": 699}, {"Node Type": "Bitmap Heap Scan", "Parent Relationship": "Inner", "Relation Name": "movie_info_idx", "Alias": "mi_idx", "Startup Cost": 0.27, "Total Cost": 4.29, "Plan Rows": 2, "Plan Width": 13, "Actual Min Startup Time": 5.36, "Actual Max Startup Time": 5.36, "Actual Min Total Time": 5.56, "Actual Max Total Time": 5.56, "Recheck Cond": "(movie_id = mi.movie_id)", "Rows Removed by Index Recheck": 0, "Exact Heap Blocks": 419, "Lossy Heap Blocks": 419, "Plans": [{"Node Type": "Bitmap Index Scan", "Parent Relationship": "Outer", "Index Name": "movie_id_movie_info_idx", "Startup Cost": 0.0, "Total Cost": 0.27, "Plan Rows": 2, "Plan Width": 0, "Actual Min Startup Time": 3.793, "Actual Max Startup Time": 3.793, "Actual Min Total Time": 3.793, "Actual Max Total Time": 3.793, "Index Cond": "(movie_id = mi.movie_id)", "Actual Rows": 1235}], "Actual Rows": 1235}], "Actual Rows": 1235}], "Actual Rows": 821}], "Actual Rows": 410}, {"Node Type": "Bitmap Heap Scan", "Parent Relationship": "Inner", "Relation Name": "title", "Alias": "t", "Startup Cost": 0.26, "Total Cost": 4.27, "Plan Rows": 1, "Plan Width": 21, "Actual Min Startup Time": 3.567, "Actual Max Startup Time": 3.567, "Actual Min Total Time": 3.567, "Actual Max Total Time": 3.567, "Recheck Cond": "(id = mi.movie_id)", "Rows Removed by Index Recheck": 0, "Exact Heap Blocks": 410, "Lossy Heap Blocks": 410, "Plans": [{"Node Type": "Bitmap Index Scan", "Parent Relationship": "Outer", "Index Name": "title_pkey", "Startup Cost": 0.0, "Total Cost": 0.26, "Plan Rows": 1, "Plan Width": 0, "Actual Min Startup Time": 2.219, "Actual Max Startup Time": 2.219, "Actual Min Total Time": 2.219, "Actual Max Total Time": 2.219, "Index Cond": "(id = mi.movie_id)", "Actual Rows": 410}], "Actual Rows": 410}], "Actual Rows": 410}], "Actual Rows": 1}, "Triggers": [], "Planner Runtime": 30.749, "Total Runtime": 492.145, "Unique SQL Id": 4264520866}}, "(16, '87')": {"explain_plan": {"Plan": {"Node Type": "Aggregate", "Strategy": "Plain", "Startup Cost": 212305.8, "Total Cost": 212305.81, "Plan Rows": 1, "Plan Width": 160, "Plans": [{"Node Type": "Nested Loop", "Parent Relationship": "Outer", "Join Type": "Inner", "Startup Cost": 212267.2, "Total Cost": 212305.73, "Plan Rows": 9, "Plan Width": 64, "Inner Unique": true, "Plans": [{"Node Type": "Merge Join", "Parent Relationship": "Outer", "Join Type": "Inner", "Startup Cost": 212266.94, "Total Cost": 212267.19, "Plan Rows": 9, "Plan Width": 59, "Inner Unique": false, "Merge Cond": "(it2.id = mi_idx.info_type_id)", "Plans": [{"Node Type": "Sort", "Parent Relationship": "Outer", "Startup Cost": 14.22, "Total Cost": 14.23, "Plan Rows": 1, "Plan Width": 4, "Sort Key": ["it2.id"], "Plans": [{"Node Type": "Bitmap Heap Scan", "Parent Relationship": "Outer", "Relation Name": "info_type", "Alias": "it2", "Startup Cost": 8.81, "Total Cost": 14.21, "Plan Rows": 1, "Plan Width": 4, "Filter": "((info)::text = 'votes'::text)", "Plans": [{"Node Type": "Bitmap Index Scan", "Parent Relationship": "Outer", "Index Name": "info_type_pkey", "Startup Cost": 0.0, "Total Cost": 8.81, "Plan Rows": 112, "Plan Width": 0}]}]}, {"Node Type": "Sort", "Parent Relationship": "Inner", "Startup Cost": 212252.71, "Total Cost": 212252.8, "Plan Rows": 34, "Plan Width": 63, "Sort Key": ["mi_idx.info_type_id"], "Plans": [{"Node Type": "Nested Loop", "Parent Relationship": "Outer", "Join Type": "Inner", "Startup Cost": 211671.04, "Total Cost": 212251.85, "Plan Rows": 34, "Plan Width": 63, "Inner Unique": false, "Plans": [{"Node Type": "Merge Join", "Parent Relationship": "Outer", "Join Type": "Inner", "Startup Cost": 211670.77, "Total Cost": 211678.38, "Plan Rows": 133, "Plan Width": 50, "Inner Unique": false, "Merge Cond": "(it1.id = mi.info_type_id)", "Plans": [{"Node Type": "Sort", "Parent Relationship": "Outer", "Startup Cost": 14.22, "Total Cost": 14.23, "Plan Rows": 1, "Plan Width": 4, "Sort Key": ["it1.id"], "Plans": [{"Node Type": "Bitmap Heap Scan", "Parent Relationship": "Outer", "Relation Name": "info_type", "Alias": "it1", "Startup Cost": 8.81, "Total Cost": 14.21, "Plan Rows": 1, "Plan Width": 4, "Filter": "((info)::text = 'budget'::text)", "Plans": [{"Node Type": "Bitmap Index Scan", "Parent Relationship": "Outer", "Index Name": "info_type_pkey", "Startup Cost": 0.0, "Total Cost": 8.81, "Plan Rows": 112, "Plan Width": 0}]}]}, {"Node Type": "Sort", "Parent Relationship": "Inner", "Startup Cost": 211656.13, "Total Cost": 211660.03, "Plan Rows": 1561, "Plan Width": 54, "Sort Key": ["mi.info_type_id"], "Plans": [{"Node Type": "Nested Loop", "Parent Relationship": "Outer", "Join Type": "Inner", "Startup Cost": 83162.51, "Total Cost": 211573.33, "Plan Rows": 1561, "Plan Width": 54, "Inner Unique": false, "Plans": [{"Node Type": "Nested Loop", "Parent Relationship": "Outer", "Join Type": "Inner", "Startup Cost": 83162.13, "Total Cost": 210250.93, "Plan Rows": 294, "Plan Width": 4, "Inner Unique": false, "Plans": [{"Node Type": "Bitmap Heap Scan", "Parent Relationship": "Outer", "Relation Name": "name", "Alias": "n", "Startup Cost": 83157.74, "Total Cost": 197067.09, "Plan Rows": 173, "Plan Width": 4, "Filter": "(((name)::text ~~ '%Tim%'::text) AND ((gender)::text = 'm'::text))", "Plans": [{"Node Type": "Bitmap Index Scan", "Parent Relationship": "Outer", "Index Name": "name_pkey", "Startup Cost": 0.0, "Total Cost": 83157.7, "Plan Rows": 4167490, "Plan Width": 0}]}, {"Node Type": "Bitmap Heap Scan", "Parent Relationship": "Inner", "Relation Name": "cast_info", "Alias": "ci", "Startup Cost": 4.39, "Total Cost": 76.19, "Plan Rows": 2, "Plan Width": 8, "Recheck Cond": "(person_id = n.id)", "Filter": "((note)::text = ANY ('{(producer),\"(executive producer)\"}'::text[]))", "Plans": [{"Node Type": "Bitmap Index Scan", "Parent Relationship": "Outer", "Index Name": "person_id_cast_info", "Startup Cost": 0.0, "Total Cost": 4.38, "Plan Rows": 18, "Plan Width": 0, "Index Cond": "(person_id = n.id)"}]}]}, {"Node Type": "Bitmap Heap Scan", "Parent Relationship": "Inner", "Relation Name": "movie_info", "Alias": "mi", "Startup Cost": 0.39, "Total Cost": 4.45, "Plan Rows": 5, "Plan Width": 50, "Recheck Cond": "(movie_id = ci.movie_id)", "Plans": [{"Node Type": "Bitmap Index Scan", "Parent Relationship": "Outer", "Index Name": "movie_id_movie_info", "Startup Cost": 0.0, "Total Cost": 0.38, "Plan Rows": 5, "Plan Width": 0, "Index Cond": "(movie_id = ci.movie_id)"}]}]}]}]}, {"Node Type": "Bitmap Heap Scan", "Parent Relationship": "Inner", "Relation Name": "movie_info_idx", "Alias": "mi_idx", "Startup Cost": 0.27, "Total Cost": 4.29, "Plan Rows": 2, "Plan Width": 13, "Recheck Cond": "(movie_id = mi.movie_id)", "Plans": [{"Node Type": "Bitmap Index Scan", "Parent Relationship": "Outer", "Index Name": "movie_id_movie_info_idx", "Startup Cost": 0.0, "Total Cost": 0.27, "Plan Rows": 2, "Plan Width": 0, "Index Cond": "(movie_id = mi.movie_id)"}]}]}]}]}, {"Node Type": "Bitmap Heap Scan", "Parent Relationship": "Inner", "Relation Name": "title", "Alias": "t", "Startup Cost": 0.26, "Total Cost": 4.27, "Plan Rows": 1, "Plan Width": 21, "Recheck Cond": "(id = mi.movie_id)", "Plans": [{"Node Type": "Bitmap Index Scan", "Parent Relationship": "Outer", "Index Name": "title_pkey", "Startup Cost": 0.0, "Total Cost": 0.26, "Plan Rows": 1, "Plan Width": 0, "Index Cond": "(id = mi.movie_id)"}]}]}]}, "Unique SQL Id": 4264520866, "Planner Runtime": 26}, "explain_analyze_plan": null}, "(16, '88')": {"explain_plan": {"Plan": {"Node Type": "Aggregate", "Strategy": "Plain", "Startup Cost": 29881.09, "Total Cost": 29881.1, "Plan Rows": 1, "Plan Width": 160, "Plans": [{"Node Type": "Nested Loop", "Parent Relationship": "Outer", "Join Type": "Inner", "Startup Cost": 0.0, "Total Cost": 29881.02, "Plan Rows": 9, "Plan Width": 64, "Inner Unique": true, "Plans": [{"Node Type": "Nested Loop", "Parent Relationship": "Outer", "Join Type": "Inner", "Startup Cost": 0.0, "Total Cost": 29878.39, "Plan Rows": 9, "Plan Width": 59, "Inner Unique": true, "Plans": [{"Node Type": "Nested Loop", "Parent Relationship": "Outer", "Join Type": "Inner", "Startup Cost": 0.0, "Total Cost": 29799.58, "Plan Rows": 279, "Plan Width": 63, "Inner Unique": false, "Join Filter": "(mi_idx.movie_id = mi.movie_id)", "Plans": [{"Node Type": "Nested Loop", "Parent Relationship": "Outer", "Join Type": "Inner", "Startup Cost": 0.0, "Total Cost": 29759.98, "Plan Rows": 52, "Plan Width": 13, "Inner Unique": true, "Plans": [{"Node Type": "Nested Loop", "Parent Relationship": "Outer", "Join Type": "Inner", "Startup Cost": 0.0, "Total Cost": 29662.23, "Plan Rows": 346, "Plan Width": 17, "Inner Unique": false, "Plans": [{"Node Type": "Nested Loop", "Parent Relationship": "Outer", "Join Type": "Inner", "Startup Cost": 0.0, "Total Cost": 29565.43, "Plan Rows": 294, "Plan Width": 4, "Inner Unique": false, "Plans": [{"Node Type": "Streaming(type: LOCAL GATHER dop: 1/16)", "Parent Relationship": "Outer", "Startup Cost": 0.0, "Total Cost": 22123.07, "Plan Rows": 173, "Plan Width": 4, "Plans": [{"Node Type": "Seq Scan", "Parent Relationship": "Outer", "Relation Name": "name", "Alias": "n", "Startup Cost": 0.0, "Total Cost": 22119.33, "Plan Rows": 173, "Plan Width": 4, "Filter": "(((name)::text ~~ '%Tim%'::text) AND ((gender)::text = 'm'::text))"}]}, {"Node Type": "Index Scan", "Parent Relationship": "Inner", "Scan Direction": "Forward", "Index Name": "person_id_cast_info", "Relation Name": "cast_info", "Alias": "ci", "Startup Cost": 0.0, "Total Cost": 43.0, "Plan Rows": 2, "Plan Width": 8, "Index Cond": "(person_id = n.id)", "Filter": "((note)::text = ANY ('{(producer),\"(executive producer)\"}'::text[]))"}]}, {"Node Type": "Index Scan", "Parent Relationship": "Inner", "Scan Direction": "Forward", "Index Name": "movie_id_movie_info_idx", "Relation Name": "movie_info_idx", "Alias": "mi_idx", "Startup Cost": 0.0, "Total Cost": 0.31, "Plan Rows": 2, "Plan Width": 13, "Index Cond": "(movie_id = ci.movie_id)"}]}, {"Node Type": "Index Scan", "Parent Relationship": "Inner", "Scan Direction": "Forward", "Index Name": "info_type_pkey", "Relation Name": "info_type", "Alias": "it2", "Startup Cost": 0.0, "Total Cost": 0.27, "Plan Rows": 1, "Plan Width": 4, "Index Cond": "(id = mi_idx.info_type_id)", "Filter": "((info)::text = 'votes'::text)"}]}, {"Node Type": "Index Scan", "Parent Relationship": "Inner", "Scan Direction": "Forward", "Index Name": "movie_id_movie_info", "Relation Name": "movie_info", "Alias": "mi", "Startup Cost": 0.0, "Total Cost": 0.7, "Plan Rows": 5, "Plan Width": 50, "Index Cond": "(movie_id = ci.movie_id)"}]}, {"Node Type": "Index Scan", "Parent Relationship": "Inner", "Scan Direction": "Forward", "Index Name": "info_type_pkey", "Relation Name": "info_type", "Alias": "it1", "Startup Cost": 0.0, "Total Cost": 0.27, "Plan Rows": 1, "Plan Width": 4, "Index Cond": "(id = mi.info_type_id)", "Filter": "((info)::text = 'budget'::text)"}]}, {"Node Type": "Index Scan", "Parent Relationship": "Inner", "Scan Direction": "Forward", "Index Name": "title_pkey", "Relation Name": "title", "Alias": "t", "Startup Cost": 0.0, "Total Cost": 0.28, "Plan Rows": 1, "Plan Width": 21, "Index Cond": "(id = mi.movie_id)"}]}]}, "Unique SQL Id": 4264520866, "Planner Runtime": 24}, "explain_analyze_plan": {"Plan": {"Node Type": "Aggregate", "Strategy": "Plain", "Startup Cost": 29881.09, "Total Cost": 29881.1, "Plan Rows": 1, "Plan Width": 160, "Actual Min Startup Time": 580.815, "Actual Max Startup Time": 580.815, "Actual Min Total Time": 580.816, "Actual Max Total Time": 580.816, "Plans": [{"Node Type": "Nested Loop", "Parent Relationship": "Outer", "Join Type": "Inner", "Startup Cost": 0.0, "Total Cost": 29881.02, "Plan Rows": 9, "Plan Width": 64, "Actual Min Startup Time": 23.392, "Actual Max Startup Time": 23.392, "Actual Min Total Time": 579.936, "Actual Max Total Time": 579.936, "Inner Unique": true, "Plans": [{"Node Type": "Nested Loop", "Parent Relationship": "Outer", "Join Type": "Inner", "Startup Cost": 0.0, "Total Cost": 29878.39, "Plan Rows": 9, "Plan Width": 59, "Actual Min Startup Time": 23.371, "Actual Max Startup Time": 23.371, "Actual Min Total Time": 576.127, "Actual Max Total Time": 576.127, "Inner Unique": true, "Plans": [{"Node Type": "Nested Loop", "Parent Relationship": "Outer", "Join Type": "Inner", "Startup Cost": 0.0, "Total Cost": 29799.58, "Plan Rows": 279, "Plan Width": 63, "Actual Min Startup Time": 22.902, "Actual Max Startup Time": 22.902, "Actual Min Total Time": 394.829, "Actual Max Total Time": 394.829, "Inner Unique": false, "Join Filter": "(mi_idx.movie_id = mi.movie_id)", "Rows Removed by Join Filter": 0, "Plans": [{"Node Type": "Nested Loop", "Parent Relationship": "Outer", "Join Type": "Inner", "Startup Cost": 0.0, "Total Cost": 29759.98, "Plan Rows": 52, "Plan Width": 13, "Actual Min Startup Time": 22.881, "Actual Max Startup Time": 22.881, "Actual Min Total Time": 264.445, "Actual Max Total Time": 264.445, "Inner Unique": true, "Plans": [{"Node Type": "Nested Loop", "Parent Relationship": "Outer", "Join Type": "Inner", "Startup Cost": 0.0, "Total Cost": 29662.23, "Plan Rows": 346, "Plan Width": 17, "Actual Min Startup Time": 22.857, "Actual Max Startup Time": 22.857, "Actual Min Total Time": 239.099, "Actual Max Total Time": 239.099, "Inner Unique": false, "Plans": [{"Node Type": "Nested Loop", "Parent Relationship": "Outer", "Join Type": "Inner", "Startup Cost": 0.0, "Total Cost": 29565.43, "Plan Rows": 294, "Plan Width": 4, "Actual Min Startup Time": 21.786, "Actual Max Startup Time": 21.786, "Actual Min Total Time": 203.009, "Actual Max Total Time": 203.009, "Inner Unique": false, "Plans": [{"Node Type": "Streaming(type: LOCAL GATHER dop: 1/16)", "Parent Relationship": "Outer", "Startup Cost": 0.0, "Total Cost": 22123.07, "Plan Rows": 173, "Plan Width": 4, "Actual Min Startup Time": 21.555, "Actual Max Startup Time": 21.555, "Actual Min Total Time": 70.085, "Actual Max Total Time": 70.085, "Plans": [{"Node Type": "Seq Scan", "Parent Relationship": "Outer", "Relation Name": "name", "Alias": "n", "Startup Cost": 0.0, "Total Cost": 22119.33, "Plan Rows": 173, "Plan Width": 4, "Actual Min Startup Time": 0.033, "Actual Max Startup Time": 0.854, "Actual Min Total Time": 101.996, "Actual Max Total Time": 105.795, "Filter": "(((name)::text ~~ '%Tim%'::text) AND ((gender)::text = 'm'::text))", "Rows Removed by Filter": 4158428, "Actual Rows": 9062}], "Actual Rows": 9062}, {"Node Type": "Index Scan", "Parent Relationship": "Inner", "Scan Direction": "Forward", "Index Name": "person_id_cast_info", "Relation Name": "cast_info", "Alias": "ci", "Startup Cost": 0.0, "Total Cost": 43.0, "Plan Rows": 2, "Plan Width": 8, "Actual Min Startup Time": 107.708, "Actual Max Startup Time": 107.708, "Actual Min Total Time": 126.269, "Actual Max Total Time": 126.269, "Index Cond": "(person_id = n.id)", "Rows Removed by Index Recheck": 0, "Filter": "((note)::text = ANY ('{(producer),\"(executive producer)\"}'::text[]))", "Rows Removed by Filter": 89309, "Actual Rows": 6719}], "Actual Rows": 6719}, {"Node Type": "Index Scan", "Parent Relationship": "Inner", "Scan Direction": "Forward", "Index Name": "movie_id_movie_info_idx", "Relation Name": "movie_info_idx", "Alias": "mi_idx", "Startup Cost": 0.0, "Total Cost": 0.31, "Plan Rows": 2, "Plan Width": 13, "Actual Min Startup Time": 25.731, "Actual Max Startup Time": 25.731, "Actual Min Total Time": 29.822, "Actual Max Total Time": 29.822, "Index Cond": "(movie_id = ci.movie_id)", "Rows Removed by Index Recheck": 0, "Actual Rows": 10310}], "Actual Rows": 10310}, {"Node Type": "Index Scan", "Parent Relationship": "Inner", "Scan Direction": "Forward", "Index Name": "info_type_pkey", "Relation Name": "info_type", "Alias": "it2", "Startup Cost": 0.0, "Total Cost": 0.27, "Plan Rows": 1, "Plan Width": 4, "Actual Min Startup Time": 19.679, "Actual Max Startup Time": 19.679, "Actual Min Total Time": 19.679, "Actual Max Total Time": 19.679, "Index Cond": "(id = mi_idx.info_type_id)", "Rows Removed by Index Recheck": 0, "Filter": "((info)::text = 'votes'::text)", "Rows Removed by Filter": 6875, "Actual Rows": 3435}], "Actual Rows": 3435}, {"Node Type": "Index Scan", "Parent Relationship": "Inner", "Scan Direction": "Forward", "Index Name": "movie_id_movie_info", "Relation Name": "movie_info", "Alias": "mi", "Startup Cost": 0.0, "Total Cost": 0.7, "Plan Rows": 5, "Plan Width": 50, "Actual Min Startup Time": 24.197, "Actual Max Startup Time": 24.197, "Actual Min Total Time": 97.954, "Actual Max Total Time": 97.954, "Index Cond": "(movie_id = ci.movie_id)", "Rows Removed by Index Recheck": 0, "Actual Rows": 82408}], "Actual Rows": 82408}, {"Node Type": "Index Scan", "Parent Relationship": "Inner", "Scan Direction": "Forward", "Index Name": "info_type_pkey", "Relation Name": "info_type", "Alias": "it1", "Startup Cost": 0.0, "Total Cost": 0.27, "Plan Rows": 1, "Plan Width": 4, "Actual Min Startup Time": 142.894, "Actual Max Startup Time": 142.894, "Actual Min Total Time": 142.894, "Actual Max Total Time": 142.894, "Index Cond": "(id = mi.info_type_id)", "Rows Removed by Index Recheck": 0, "Filter": "((info)::text = 'budget'::text)", "Rows Removed by Filter": 79844, "Actual Rows": 410}], "Actual Rows": 410}, {"Node Type": "Index Scan", "Parent Relationship": "Inner", "Scan Direction": "Forward", "Index Name": "title_pkey", "Relation Name": "title", "Alias": "t", "Startup Cost": 0.0, "Total Cost": 0.28, "Plan Rows": 1, "Plan Width": 21, "Actual Min Startup Time": 3.19, "Actual Max Startup Time": 3.19, "Actual Min Total Time": 3.19, "Actual Max Total Time": 3.19, "Index Cond": "(id = mi.movie_id)", "Rows Removed by Index Recheck": 0, "Actual Rows": 410}], "Actual Rows": 410}], "Actual Rows": 1}, "Triggers": [], "Planner Runtime": 24.564, "Total Runtime": 583.596, "Unique SQL Id": 4264520866}}, "(16, '89')": {"explain_plan": {"Plan": {"Node Type": "Aggregate", "Strategy": "Plain", "Startup Cost": 161226.62, "Total Cost": 161226.63, "Plan Rows": 1, "Plan Width": 160, "Plans": [{"Node Type": "Nested Loop", "Parent Relationship": "Outer", "Join Type": "Inner", "Startup Cost": 0.0, "Total Cost": 161226.56, "Plan Rows": 9, "Plan Width": 64, "Inner Unique": true, "Plans": [{"Node Type": "Nested Loop", "Parent Relationship": "Outer", "Join Type": "Inner", "Startup Cost": 0.0, "Total Cost": 161223.93, "Plan Rows": 9, "Plan Width": 59, "Inner Unique": true, "Plans": [{"Node Type": "Nested Loop", "Parent Relationship": "Outer", "Join Type": "Inner", "Startup Cost": 0.0, "Total Cost": 161145.11, "Plan Rows": 279, "Plan Width": 63, "Inner Unique": false, "Join Filter": "(mi_idx.movie_id = mi.movie_id)", "Plans": [{"Node Type": "Nested Loop", "Parent Relationship": "Outer", "Join Type": "Inner", "Startup Cost": 0.0, "Total Cost": 161105.51, "Plan Rows": 52, "Plan Width": 13, "Inner Unique": true, "Plans": [{"Node Type": "Nested Loop", "Parent Relationship": "Outer", "Join Type": "Inner", "Startup Cost": 0.0, "Total Cost": 161007.76, "Plan Rows": 346, "Plan Width": 17, "Inner Unique": false, "Plans": [{"Node Type": "Nested Loop", "Parent Relationship": "Outer", "Join Type": "Inner", "Startup Cost": 0.0, "Total Cost": 160910.97, "Plan Rows": 294, "Plan Width": 4, "Inner Unique": false, "Plans": [{"Node Type": "Streaming(type: LOCAL GATHER dop: 1/16)", "Parent Relationship": "Outer", "Startup Cost": 0.0, "Total Cost": 153468.6, "Plan Rows": 173, "Plan Width": 4, "Plans": [{"Node Type": "Index Scan", "Parent Relationship": "Outer", "Scan Direction": "Forward", "Index Name": "name_pkey", "Relation Name": "name", "Alias": "n", "Startup Cost": 0.0, "Total Cost": 153464.87, "Plan Rows": 173, "Plan Width": 4, "Filter": "(((name)::text ~~ '%Tim%'::text) AND ((gender)::text = 'm'::text))"}]}, {"Node Type": "Index Scan", "Parent Relationship": "Inner", "Scan Direction": "Forward", "Index Name": "person_id_cast_info", "Relation Name": "cast_info", "Alias": "ci", "Startup Cost": 0.0, "Total Cost": 43.0, "Plan Rows": 2, "Plan Width": 8, "Index Cond": "(person_id = n.id)", "Filter": "((note)::text = ANY ('{(producer),\"(executive producer)\"}'::text[]))"}]}, {"Node Type": "Index Scan", "Parent Relationship": "Inner", "Scan Direction": "Forward", "Index Name": "movie_id_movie_info_idx", "Relation Name": "movie_info_idx", "Alias": "mi_idx", "Startup Cost": 0.0, "Total Cost": 0.31, "Plan Rows": 2, "Plan Width": 13, "Index Cond": "(movie_id = ci.movie_id)"}]}, {"Node Type": "Index Scan", "Parent Relationship": "Inner", "Scan Direction": "Forward", "Index Name": "info_type_pkey", "Relation Name": "info_type", "Alias": "it2", "Startup Cost": 0.0, "Total Cost": 0.27, "Plan Rows": 1, "Plan Width": 4, "Index Cond": "(id = mi_idx.info_type_id)", "Filter": "((info)::text = 'votes'::text)"}]}, {"Node Type": "Index Scan", "Parent Relationship": "Inner", "Scan Direction": "Forward", "Index Name": "movie_id_movie_info", "Relation Name": "movie_info", "Alias": "mi", "Startup Cost": 0.0, "Total Cost": 0.7, "Plan Rows": 5, "Plan Width": 50, "Index Cond": "(movie_id = ci.movie_id)"}]}, {"Node Type": "Index Scan", "Parent Relationship": "Inner", "Scan Direction": "Forward", "Index Name": "info_type_pkey", "Relation Name": "info_type", "Alias": "it1", "Startup Cost": 0.0, "Total Cost": 0.27, "Plan Rows": 1, "Plan Width": 4, "Index Cond": "(id = mi.info_type_id)", "Filter": "((info)::text = 'budget'::text)"}]}, {"Node Type": "Index Scan", "Parent Relationship": "Inner", "Scan Direction": "Forward", "Index Name": "title_pkey", "Relation Name": "title", "Alias": "t", "Startup Cost": 0.0, "Total Cost": 0.28, "Plan Rows": 1, "Plan Width": 21, "Index Cond": "(id = mi.movie_id)"}]}]}, "Unique SQL Id": 4264520866, "Planner Runtime": 26}, "explain_analyze_plan": {"Plan": {"Node Type": "Aggregate", "Strategy": "Plain", "Startup Cost": 161226.62, "Total Cost": 161226.63, "Plan Rows": 1, "Plan Width": 160, "Actual Min Startup Time": 607.284, "Actual Max Startup Time": 607.284, "Actual Min Total Time": 607.284, "Actual Max Total Time": 607.284, "Plans": [{"Node Type": "Nested Loop", "Parent Relationship": "Outer", "Join Type": "Inner", "Startup Cost": 0.0, "Total Cost": 161226.56, "Plan Rows": 9, "Plan Width": 64, "Actual Min Startup Time": 76.744, "Actual Max Startup Time": 76.744, "Actual Min Total Time": 606.583, "Actual Max Total Time": 606.583, "Inner Unique": true, "Plans": [{"Node Type": "Nested Loop", "Parent Relationship": "Outer", "Join Type": "Inner", "Startup Cost": 0.0, "Total Cost": 161223.93, "Plan Rows": 9, "Plan Width": 59, "Actual Min Startup Time": 76.723, "Actual Max Startup Time": 76.723, "Actual Min Total Time": 602.309, "Actual Max Total Time": 602.309, "Inner Unique": true, "Plans": [{"Node Type": "Nested Loop", "Parent Relationship": "Outer", "Join Type": "Inner", "Startup Cost": 0.0, "Total Cost": 161145.11, "Plan Rows": 279, "Plan Width": 63, "Actual Min Startup Time": 76.681, "Actual Max Startup Time": 76.681, "Actual Min Total Time": 420.887, "Actual Max Total Time": 420.887, "Inner Unique": false, "Join Filter": "(mi_idx.movie_id = mi.movie_id)", "Rows Removed by Join Filter": 0, "Plans": [{"Node Type": "Nested Loop", "Parent Relationship": "Outer", "Join Type": "Inner", "Startup Cost": 0.0, "Total Cost": 161105.51, "Plan Rows": 52, "Plan Width": 13, "Actual Min Startup Time": 76.658, "Actual Max Startup Time": 76.658, "Actual Min Total Time": 292.413, "Actual Max Total Time": 292.413, "Inner Unique": true, "Plans": [{"Node Type": "Nested Loop", "Parent Relationship": "Outer", "Join Type": "Inner", "Startup Cost": 0.0, "Total Cost": 161007.76, "Plan Rows": 346, "Plan Width": 17, "Actual Min Startup Time": 76.636, "Actual Max Startup Time": 76.636, "Actual Min Total Time": 267.06, "Actual Max Total Time": 267.06, "Inner Unique": false, "Plans": [{"Node Type": "Nested Loop", "Parent Relationship": "Outer", "Join Type": "Inner", "Startup Cost": 0.0, "Total Cost": 160910.97, "Plan Rows": 294, "Plan Width": 4, "Actual Min Startup Time": 76.609, "Actual Max Startup Time": 76.609, "Actual Min Total Time": 228.308, "Actual Max Total Time": 228.308, "Inner Unique": false, "Plans": [{"Node Type": "Streaming(type: LOCAL GATHER dop: 1/16)", "Parent Relationship": "Outer", "Startup Cost": 0.0, "Total Cost": 153468.6, "Plan Rows": 173, "Plan Width": 4, "Actual Min Startup Time": 76.451, "Actual Max Startup Time": 76.451, "Actual Min Total Time": 97.413, "Actual Max Total Time": 97.413, "Plans": [{"Node Type": "Index Scan", "Parent Relationship": "Outer", "Scan Direction": "Forward", "Index Name": "name_pkey", "Relation Name": "name", "Alias": "n", "Startup Cost": 0.0, "Total Cost": 153464.87, "Plan Rows": 173, "Plan Width": 4, "Actual Min Startup Time": 45.312, "Actual Max Startup Time": 303.084, "Actual Min Total Time": 276.11, "Actual Max Total Time": 305.567, "Filter": "(((name)::text ~~ '%Tim%'::text) AND ((gender)::text = 'm'::text))", "Rows Removed by Filter": 4158428, "Actual Rows": 9062}], "Actual Rows": 9062}, {"Node Type": "Index Scan", "Parent Relationship": "Inner", "Scan Direction": "Forward", "Index Name": "person_id_cast_info", "Relation Name": "cast_info", "Alias": "ci", "Startup Cost": 0.0, "Total Cost": 43.0, "Plan Rows": 2, "Plan Width": 8, "Actual Min Startup Time": 104.871, "Actual Max Startup Time": 104.871, "Actual Min Total Time": 124.44, "Actual Max Total Time": 124.44, "Index Cond": "(person_id = n.id)", "Rows Removed by Index Recheck": 0, "Filter": "((note)::text = ANY ('{(producer),\"(executive producer)\"}'::text[]))", "Rows Removed by Filter": 89309, "Actual Rows": 6719}], "Actual Rows": 6719}, {"Node Type": "Index Scan", "Parent Relationship": "Inner", "Scan Direction": "Forward", "Index Name": "movie_id_movie_info_idx", "Relation Name": "movie_info_idx", "Alias": "mi_idx", "Startup Cost": 0.0, "Total Cost": 0.31, "Plan Rows": 2, "Plan Width": 13, "Actual Min Startup Time": 28.535, "Actual Max Startup Time": 28.535, "Actual Min Total Time": 32.59, "Actual Max Total Time": 32.59, "Index Cond": "(movie_id = ci.movie_id)", "Rows Removed by Index Recheck": 0, "Actual Rows": 10310}], "Actual Rows": 10310}, {"Node Type": "Index Scan", "Parent Relationship": "Inner", "Scan Direction": "Forward", "Index Name": "info_type_pkey", "Relation Name": "info_type", "Alias": "it2", "Startup Cost": 0.0, "Total Cost": 0.27, "Plan Rows": 1, "Plan Width": 4, "Actual Min Startup Time": 19.515, "Actual Max Startup Time": 19.515, "Actual Min Total Time": 19.515, "Actual Max Total Time": 19.515, "Index Cond": "(id = mi_idx.info_type_id)", "Rows Removed by Index Recheck": 0, "Filter": "((info)::text = 'votes'::text)", "Rows Removed by Filter": 6875, "Actual Rows": 3435}], "Actual Rows": 3435}, {"Node Type": "Index Scan", "Parent Relationship": "Inner", "Scan Direction": "Forward", "Index Name": "movie_id_movie_info", "Relation Name": "movie_info", "Alias": "mi", "Startup Cost": 0.0, "Total Cost": 0.7, "Plan Rows": 5, "Plan Width": 50, "Actual Min Startup Time": 24.09, "Actual Max Startup Time": 24.09, "Actual Min Total Time": 96.018, "Actual Max Total Time": 96.018, "Index Cond": "(movie_id = ci.movie_id)", "Rows Removed by Index Recheck": 0, "Actual Rows": 82408}], "Actual Rows": 82408}, {"Node Type": "Index Scan", "Parent Relationship": "Inner", "Scan Direction": "Forward", "Index Name": "info_type_pkey", "Relation Name": "info_type", "Alias": "it1", "Startup Cost": 0.0, "Total Cost": 0.27, "Plan Rows": 1, "Plan Width": 4, "Actual Min Startup Time": 143.239, "Actual Max Startup Time": 143.239, "Actual Min Total Time": 143.239, "Actual Max Total Time": 143.239, "Index Cond": "(id = mi.info_type_id)", "Rows Removed by Index Recheck": 0, "Filter": "((info)::text = 'budget'::text)", "Rows Removed by Filter": 79844, "Actual Rows": 410}], "Actual Rows": 410}, {"Node Type": "Index Scan", "Parent Relationship": "Inner", "Scan Direction": "Forward", "Index Name": "title_pkey", "Relation Name": "title", "Alias": "t", "Startup Cost": 0.0, "Total Cost": 0.28, "Plan Rows": 1, "Plan Width": 21, "Actual Min Startup Time": 3.705, "Actual Max Startup Time": 3.705, "Actual Min Total Time": 3.705, "Actual Max Total Time": 3.705, "Index Cond": "(id = mi.movie_id)", "Rows Removed by Index Recheck": 0, "Actual Rows": 410}], "Actual Rows": 410}], "Actual Rows": 1}, "Triggers": [], "Planner Runtime": 50.937, "Total Runtime": 609.898, "Unique SQL Id": 4264520866}}, "(16, '90')": {"explain_plan": {"Plan": {"Node Type": "Aggregate", "Strategy": "Plain", "Startup Cost": 31100185562452.37, "Total Cost": 31100185562452.38, "Plan Rows": 1, "Plan Width": 160, "Plans": [{"Node Type": "Nested Loop", "Parent Relationship": "Outer", "Join Type": "Inner", "Startup Cost": 60000000000.0, "Total Cost": 31100185562452.3, "Plan Rows": 9, "Plan Width": 64, "Inner Unique": true, "Plans": [{"Node Type": "Streaming(type: LOCAL GATHER dop: 1/16)", "Parent Relationship": "Outer", "Startup Cost": 50000000000.0, "Total Cost": 22100185562198.55, "Plan Rows": 9, "Plan Width": 59, "Plans": [{"Node Type": "Nested Loop", "Parent Relationship": "Outer", "Join Type": "Inner", "Startup Cost": 50000000000.0, "Total Cost": 22100185562198.36, "Plan Rows": 9, "Plan Width": 59, "Inner Unique": false, "Join Filter": "(mi.movie_id = mi_idx.movie_id)", "Plans": [{"Node Type": "Streaming(type: LOCAL REDISTRIBUTE dop: 16/16)", "Parent Relationship": "Outer", "Startup Cost": 10000000000.0, "Total Cost": 100000617621.25, "Plan Rows": 212428, "Plan Width": 46, "Plans": [{"Node Type": "Nested Loop", "Parent Relationship": "Outer", "Join Type": "Inner", "Startup Cost": 10000000000.0, "Total Cost": 100000601816.35, "Plan Rows": 212428, "Plan Width": 46, "Inner Unique": false, "Join Filter": "(it1.id = mi.info_type_id), (LLVM Optimized)", "Plans": [{"Node Type": "Streaming(type: BROADCAST dop: 16/1)", "Parent Relationship": "Outer", "Startup Cost": 0.0, "Total Cost": 15002.75, "Plan Rows": 16, "Plan Width": 4, "Plans": [{"Node Type": "Seq Scan", "Parent Relationship": "Outer", "Relation Name": "info_type", "Alias": "it1", "Startup Cost": 0.0, "Total Cost": 2.4, "Plan Rows": 1, "Plan Width": 4, "Filter": "((info)::text = 'budget'::text)"}]}, {"Node Type": "Seq Scan", "Parent Relationship": "Inner", "Relation Name": "movie_info", "Alias": "mi", "Startup Cost": 0.0, "Total Cost": 33561.73, "Plan Rows": 14869966, "Plan Width": 50}]}]}, {"Node Type": "Materialize", "Parent Relationship": "Inner", "Startup Cost": 30000000000.0, "Total Cost": 2100017935760.71, "Plan Rows": 228, "Plan Width": 13, "Plans": [{"Node Type": "Streaming(type: LOCAL REDISTRIBUTE dop: 16/16)", "Parent Relationship": "Outer", "Startup Cost": 30000000000.0, "Total Cost": 2100017935760.64, "Plan Rows": 228, "Plan Width": 13, "Plans": [{"Node Type": "Nested Loop", "Parent Relationship": "Outer", "Join Type": "Inner", "Startup Cost": 30000000000.0, "Total Cost": 2100017920759.78, "Plan Rows": 228, "Plan Width": 13, "Inner Unique": false, "Join Filter": "(ci.movie_id = mi_idx.movie_id)", "Plans": [{"Node Type": "Streaming(type: LOCAL REDISTRIBUTE dop: 16/16)", "Parent Relationship": "Outer", "Startup Cost": 10000000000.0, "Total Cost": 100000339787.69, "Plan Rows": 345008, "Plan Width": 9, "Plans": [{"Node Type": "Nested Loop", "Parent Relationship": "Outer", "Join Type": "Inner", "Startup Cost": 10000000000.0, "Total Cost": 100000323480.43, "Plan Rows": 345008, "Plan Width": 9, "Inner Unique": false, "Join Filter": "(it2.id = mi_idx.info_type_id), (LLVM Optimized)", "Plans": [{"Node Type": "Streaming(type: BROADCAST dop: 16/1)", "Parent Relationship": "Outer", "Startup Cost": 0.0, "Total Cost": 15002.75, "Plan Rows": 16, "Plan Width": 4, "Plans": [{"Node Type": "Seq Scan", "Parent Relationship": "Outer", "Relation Name": "info_type", "Alias": "it2", "Startup Cost": 0.0, "Total Cost": 2.4, "Plan Rows": 1, "Plan Width": 4, "Filter": "((info)::text = 'votes'::text)"}]}, {"Node Type": "Seq Scan", "Parent Relationship": "Inner", "Relation Name": "movie_info_idx", "Alias": "mi_idx", "Startup Cost": 0.0, "Total Cost": 16267.15, "Plan Rows": 1380034, "Plan Width": 13}]}]}, {"Node Type": "Materialize", "Parent Relationship": "Inner", "Startup Cost": 10000000000.0, "Total Cost": 100001446345.03, "Plan Rows": 294, "Plan Width": 4, "Plans": [{"Node Type": "Streaming(type: LOCAL REDISTRIBUTE dop: 16/16)", "Parent Relationship": "Outer", "Startup Cost": 10000000000.0, "Total Cost": 100001446344.94, "Plan Rows": 294, "Plan Width": 4, "Plans": [{"Node Type": "Nested Loop", "Parent Relationship": "Outer", "Join Type": "Inner", "Startup Cost": 10000000000.0, "Total Cost": 100001431343.83, "Plan Rows": 294, "Plan Width": 4, "Inner Unique": true, "Join Filter": "(ci.person_id = n.id)", "Plans": [{"Node Type": "Streaming(type: LOCAL REDISTRIBUTE dop: 16/16)", "Parent Relationship": "Outer", "Startup Cost": 0.0, "Total Cost": 82188.81, "Plan Rows": 2350421, "Plan Width": 8, "Plans": [{"Node Type": "Seq Scan", "Parent Relationship": "Outer", "Relation Name": "cast_info", "Alias": "ci", "Startup Cost": 0.0, "Total Cost": 58282.92, "Plan Rows": 2350421, "Plan Width": 8, "Filter": "((note)::text = ANY ('{(producer),\"(executive producer)\"}'::text[]))"}]}, {"Node Type": "Materialize", "Parent Relationship": "Inner", "Startup Cost": 0.0, "Total Cost": 37120.04, "Plan Rows": 173, "Plan Width": 4, "Plans": [{"Node Type": "Streaming(type: LOCAL REDISTRIBUTE dop: 16/16)", "Parent Relationship": "Outer", "Startup Cost": 0.0, "Total Cost": 37119.99, "Plan Rows": 173, "Plan Width": 4, "Plans": [{"Node Type": "Seq Scan", "Parent Relationship": "Outer", "Relation Name": "name", "Alias": "n", "Startup Cost": 0.0, "Total Cost": 22119.33, "Plan Rows": 173, "Plan Width": 4, "Filter": "(((name)::text ~~ '%Tim%'::text) AND ((gender)::text = 'm'::text))"}]}]}]}]}]}]}]}]}]}]}, {"Node Type": "Index Scan", "Parent Relationship": "Inner", "Scan Direction": "Forward", "Index Name": "title_pkey", "Relation Name": "title", "Alias": "t", "Startup Cost": 10000000000.0, "Total Cost": 1000000000028.18, "Plan Rows": 1, "Plan Width": 21, "Index Cond": "(id = mi.movie_id)"}]}]}, "Unique SQL Id": 4264520866, "Planner Runtime": 57}, "explain_analyze_plan": null}, "(16, '91')": {"explain_plan": {"Plan": {"Node Type": "Aggregate", "Strategy": "Plain", "Startup Cost": 6974814659197.4, "Total Cost": 6974814659197.41, "Plan Rows": 1, "Plan Width": 160, "Plans": [{"Node Type": "Merge Join", "Parent Relationship": "Outer", "Join Type": "Inner", "Startup Cost": 5984814657769.96, "Total Cost": 6974814659197.02, "Plan Rows": 51, "Plan Width": 64, "Inner Unique": true, "Merge Cond": "(mi.info_type_id = it1.id)", "Plans": [{"Node Type": "Sort", "Parent Relationship": "Outer", "Startup Cost": 5974814657769.62, "Total Cost": 5974814657772.69, "Plan Rows": 1225, "Plan Width": 68, "Sort Key": ["mi.info_type_id"], "Plans": [{"Node Type": "Merge Join", "Parent Relationship": "Outer", "Join Type": "Inner", "Startup Cost": 3997280927518.47, "Total Cost": 5974814657706.79, "Plan Rows": 1225, "Plan Width": 68, "Inner Unique": false, "Merge Cond": "(t.id = mi_idx.movie_id)", "Plans": [{"Node Type": "Merge Join", "Parent Relationship": "Outer", "Join Type": "Inner", "Startup Cost": 20024668916.98, "Total Cost": 1999413704354.18, "Plan Rows": 13396577, "Plan Width": 71, "Inner Unique": false, "Merge Cond": "(t.id = mi.movie_id)", "Plans": [{"Node Type": "Index Scan", "Parent Relationship": "Outer", "Scan Direction": "Forward", "Index Name": "title_pkey", "Relation Name": "title", "Alias": "t", "Startup Cost": 10000000000.0, "Total Cost": 1000011012048.91, "Plan Rows": 2528311, "Plan Width": 21}, {"Node Type": "Index Scan", "Parent Relationship": "Inner", "Scan Direction": "Forward", "Index Name": "movie_id_movie_info", "Relation Name": "movie_info", "Alias": "mi", "Startup Cost": 10000000000.0, "Total Cost": 1000103816912.22, "Plan Rows": 14869966, "Plan Width": 50}]}, {"Node Type": "Sort", "Parent Relationship": "Inner", "Startup Cost": 3977256258601.49, "Total Cost": 3977256258602.06, "Plan Rows": 228, "Plan Width": 13, "Sort Key": ["ci.movie_id"], "Plans": [{"Node Type": "Merge Join", "Parent Relationship": "Outer", "Join Type": "Inner", "Startup Cost": 3010127178545.11, "Total Cost": 3977256258592.56, "Plan Rows": 228, "Plan Width": 13, "Inner Unique": true, "Merge Cond": "(ci.person_id = n.id)", "Plans": [{"Node Type": "Sort", "Parent Relationship": "Outer", "Startup Cost": 3000127178545.04, "Total Cost": 3000127179589.27, "Plan Rows": 417690, "Plan Width": 17, "Sort Key": ["ci.person_id"], "Plans": [{"Node Type": "Merge Join", "Parent Relationship": "Outer", "Join Type": "Inner", "Startup Cost": 2010001865471.59, "Total Cost": 3000127139549.35, "Plan Rows": 417690, "Plan Width": 17, "Inner Unique": false, "Merge Cond": "(ci.movie_id = mi_idx.movie_id)", "Plans": [{"Node Type": "Index Scan", "Parent Relationship": "Outer", "Scan Direction": "Forward", "Index Name": "movie_id_cast_info", "Relation Name": "cast_info", "Alias": "ci", "Startup Cost": 10000000000.0, "Total Cost": 1000214997262.8, "Plan Rows": 2350421, "Plan Width": 8, "Filter": "((note)::text = ANY ('{(producer),\"(executive producer)\"}'::text[]))"}, {"Node Type": "Sort", "Parent Relationship": "Inner", "Startup Cost": 2000001865471.58, "Total Cost": 2000001866334.1, "Plan Rows": 345008, "Plan Width": 9, "Sort Key": ["mi_idx.movie_id"], "Plans": [{"Node Type": "Nested Loop", "Parent Relationship": "Outer", "Join Type": "Inner", "Startup Cost": 20000007502.06, "Total Cost": 2000001833737.28, "Plan Rows": 345008, "Plan Width": 9, "Inner Unique": false, "Plans": [{"Node Type": "Index Scan", "Parent Relationship": "Outer", "Scan Direction": "Forward", "Index Name": "info_type_pkey", "Relation Name": "info_type", "Alias": "it2", "Startup Cost": 10000000000.0, "Total Cost": 1000000001421.0, "Plan Rows": 1, "Plan Width": 4, "Filter": "((info)::text = 'votes'::text)"}, {"Node Type": "Bitmap Heap Scan", "Parent Relationship": "Inner", "Relation Name": "movie_info_idx", "Alias": "mi_idx", "Startup Cost": 10000007502.06, "Total Cost": 1000001828866.2, "Plan Rows": 345008, "Plan Width": 13, "Recheck Cond": "(info_type_id = it2.id), (LLVM Optimized)", "Plans": [{"Node Type": "Bitmap Index Scan", "Parent Relationship": "Outer", "Index Name": "info_type_id_movie_info_idx", "Startup Cost": 0.0, "Total Cost": 7415.81, "Plan Rows": 345008, "Plan Width": 0, "Index Cond": "(info_type_id = it2.id)"}]}]}]}]}]}, {"Node Type": "Materialize", "Parent Relationship": "Inner", "Startup Cost": 10000000000.0, "Total Cost": 1000019707020.14, "Plan Rows": 173, "Plan Width": 4, "Plans": [{"Node Type": "Index Scan", "Parent Relationship": "Outer", "Scan Direction": "Forward", "Index Name": "name_pkey", "Relation Name": "name", "Alias": "n", "Startup Cost": 10000000000.0, "Total Cost": 1000019707019.7, "Plan Rows": 173, "Plan Width": 4, "Filter": "(((name)::text ~~ '%Tim%'::text) AND ((gender)::text = 'm'::text))"}]}]}]}]}]}, {"Node Type": "Materialize", "Parent Relationship": "Inner", "Startup Cost": 10000000000.0, "Total Cost": 1000000001421.0, "Plan Rows": 1, "Plan Width": 4, "Plans": [{"Node Type": "Index Scan", "Parent Relationship": "Outer", "Scan Direction": "Forward", "Index Name": "info_type_pkey", "Relation Name": "info_type", "Alias": "it1", "Startup Cost": 10000000000.0, "Total Cost": 1000000001421.0, "Plan Rows": 1, "Plan Width": 4, "Filter": "((info)::text = 'budget'::text)"}]}]}]}, "Unique SQL Id": 4264520866, "Planner Runtime": 106}, "explain_analyze_plan": null}, "(16, '92')": {"explain_plan": {"Plan": {"Node Type": "Aggregate", "Strategy": "Plain", "Startup Cost": 29881.09, "Total Cost": 29881.1, "Plan Rows": 1, "Plan Width": 160, "Plans": [{"Node Type": "Nested Loop", "Parent Relationship": "Outer", "Join Type": "Inner", "Startup Cost": 0.0, "Total Cost": 29881.02, "Plan Rows": 9, "Plan Width": 64, "Inner Unique": true, "Plans": [{"Node Type": "Nested Loop", "Parent Relationship": "Outer", "Join Type": "Inner", "Startup Cost": 0.0, "Total Cost": 29878.39, "Plan Rows": 9, "Plan Width": 59, "Inner Unique": true, "Plans": [{"Node Type": "Nested Loop", "Parent Relationship": "Outer", "Join Type": "Inner", "Startup Cost": 0.0, "Total Cost": 29799.58, "Plan Rows": 279, "Plan Width": 63, "Inner Unique": false, "Join Filter": "(mi_idx.movie_id = mi.movie_id)", "Plans": [{"Node Type": "Nested Loop", "Parent Relationship": "Outer", "Join Type": "Inner", "Startup Cost": 0.0, "Total Cost": 29759.98, "Plan Rows": 52, "Plan Width": 13, "Inner Unique": true, "Plans": [{"Node Type": "Nested Loop", "Parent Relationship": "Outer", "Join Type": "Inner", "Startup Cost": 0.0, "Total Cost": 29662.23, "Plan Rows": 346, "Plan Width": 17, "Inner Unique": false, "Plans": [{"Node Type": "Nested Loop", "Parent Relationship": "Outer", "Join Type": "Inner", "Startup Cost": 0.0, "Total Cost": 29565.43, "Plan Rows": 294, "Plan Width": 4, "Inner Unique": false, "Plans": [{"Node Type": "Streaming(type: LOCAL GATHER dop: 1/16)", "Parent Relationship": "Outer", "Startup Cost": 0.0, "Total Cost": 22123.07, "Plan Rows": 173, "Plan Width": 4, "Plans": [{"Node Type": "Seq Scan", "Parent Relationship": "Outer", "Relation Name": "name", "Alias": "n", "Startup Cost": 0.0, "Total Cost": 22119.33, "Plan Rows": 173, "Plan Width": 4, "Filter": "(((name)::text ~~ '%Tim%'::text) AND ((gender)::text = 'm'::text))"}]}, {"Node Type": "Index Scan", "Parent Relationship": "Inner", "Scan Direction": "Forward", "Index Name": "person_id_cast_info", "Relation Name": "cast_info", "Alias": "ci", "Startup Cost": 0.0, "Total Cost": 43.0, "Plan Rows": 2, "Plan Width": 8, "Index Cond": "(person_id = n.id)", "Filter": "((note)::text = ANY ('{(producer),\"(executive producer)\"}'::text[]))"}]}, {"Node Type": "Index Scan", "Parent Relationship": "Inner", "Scan Direction": "Forward", "Index Name": "movie_id_movie_info_idx", "Relation Name": "movie_info_idx", "Alias": "mi_idx", "Startup Cost": 0.0, "Total Cost": 0.31, "Plan Rows": 2, "Plan Width": 13, "Index Cond": "(movie_id = ci.movie_id)"}]}, {"Node Type": "Index Scan", "Parent Relationship": "Inner", "Scan Direction": "Forward", "Index Name": "info_type_pkey", "Relation Name": "info_type", "Alias": "it2", "Startup Cost": 0.0, "Total Cost": 0.27, "Plan Rows": 1, "Plan Width": 4, "Index Cond": "(id = mi_idx.info_type_id)", "Filter": "((info)::text = 'votes'::text)"}]}, {"Node Type": "Index Scan", "Parent Relationship": "Inner", "Scan Direction": "Forward", "Index Name": "movie_id_movie_info", "Relation Name": "movie_info", "Alias": "mi", "Startup Cost": 0.0, "Total Cost": 0.7, "Plan Rows": 5, "Plan Width": 50, "Index Cond": "(movie_id = ci.movie_id)"}]}, {"Node Type": "Index Scan", "Parent Relationship": "Inner", "Scan Direction": "Forward", "Index Name": "info_type_pkey", "Relation Name": "info_type", "Alias": "it1", "Startup Cost": 0.0, "Total Cost": 0.27, "Plan Rows": 1, "Plan Width": 4, "Index Cond": "(id = mi.info_type_id)", "Filter": "((info)::text = 'budget'::text)"}]}, {"Node Type": "Index Scan", "Parent Relationship": "Inner", "Scan Direction": "Forward", "Index Name": "title_pkey", "Relation Name": "title", "Alias": "t", "Startup Cost": 0.0, "Total Cost": 0.28, "Plan Rows": 1, "Plan Width": 21, "Index Cond": "(id = mi.movie_id)"}]}]}, "Unique SQL Id": 4264520866, "Planner Runtime": 25}, "explain_analyze_plan": {"Plan": {"Node Type": "Aggregate", "Strategy": "Plain", "Startup Cost": 29881.09, "Total Cost": 29881.1, "Plan Rows": 1, "Plan Width": 160, "Actual Min Startup Time": 580.815, "Actual Max Startup Time": 580.815, "Actual Min Total Time": 580.816, "Actual Max Total Time": 580.816, "Plans": [{"Node Type": "Nested Loop", "Parent Relationship": "Outer", "Join Type": "Inner", "Startup Cost": 0.0, "Total Cost": 29881.02, "Plan Rows": 9, "Plan Width": 64, "Actual Min Startup Time": 23.392, "Actual Max Startup Time": 23.392, "Actual Min Total Time": 579.936, "Actual Max Total Time": 579.936, "Inner Unique": true, "Plans": [{"Node Type": "Nested Loop", "Parent Relationship": "Outer", "Join Type": "Inner", "Startup Cost": 0.0, "Total Cost": 29878.39, "Plan Rows": 9, "Plan Width": 59, "Actual Min Startup Time": 23.371, "Actual Max Startup Time": 23.371, "Actual Min Total Time": 576.127, "Actual Max Total Time": 576.127, "Inner Unique": true, "Plans": [{"Node Type": "Nested Loop", "Parent Relationship": "Outer", "Join Type": "Inner", "Startup Cost": 0.0, "Total Cost": 29799.58, "Plan Rows": 279, "Plan Width": 63, "Actual Min Startup Time": 22.902, "Actual Max Startup Time": 22.902, "Actual Min Total Time": 394.829, "Actual Max Total Time": 394.829, "Inner Unique": false, "Join Filter": "(mi_idx.movie_id = mi.movie_id)", "Rows Removed by Join Filter": 0, "Plans": [{"Node Type": "Nested Loop", "Parent Relationship": "Outer", "Join Type": "Inner", "Startup Cost": 0.0, "Total Cost": 29759.98, "Plan Rows": 52, "Plan Width": 13, "Actual Min Startup Time": 22.881, "Actual Max Startup Time": 22.881, "Actual Min Total Time": 264.445, "Actual Max Total Time": 264.445, "Inner Unique": true, "Plans": [{"Node Type": "Nested Loop", "Parent Relationship": "Outer", "Join Type": "Inner", "Startup Cost": 0.0, "Total Cost": 29662.23, "Plan Rows": 346, "Plan Width": 17, "Actual Min Startup Time": 22.857, "Actual Max Startup Time": 22.857, "Actual Min Total Time": 239.099, "Actual Max Total Time": 239.099, "Inner Unique": false, "Plans": [{"Node Type": "Nested Loop", "Parent Relationship": "Outer", "Join Type": "Inner", "Startup Cost": 0.0, "Total Cost": 29565.43, "Plan Rows": 294, "Plan Width": 4, "Actual Min Startup Time": 21.786, "Actual Max Startup Time": 21.786, "Actual Min Total Time": 203.009, "Actual Max Total Time": 203.009, "Inner Unique": false, "Plans": [{"Node Type": "Streaming(type: LOCAL GATHER dop: 1/16)", "Parent Relationship": "Outer", "Startup Cost": 0.0, "Total Cost": 22123.07, "Plan Rows": 173, "Plan Width": 4, "Actual Min Startup Time": 21.555, "Actual Max Startup Time": 21.555, "Actual Min Total Time": 70.085, "Actual Max Total Time": 70.085, "Plans": [{"Node Type": "Seq Scan", "Parent Relationship": "Outer", "Relation Name": "name", "Alias": "n", "Startup Cost": 0.0, "Total Cost": 22119.33, "Plan Rows": 173, "Plan Width": 4, "Actual Min Startup Time": 0.033, "Actual Max Startup Time": 0.854, "Actual Min Total Time": 101.996, "Actual Max Total Time": 105.795, "Filter": "(((name)::text ~~ '%Tim%'::text) AND ((gender)::text = 'm'::text))", "Rows Removed by Filter": 4158428, "Actual Rows": 9062}], "Actual Rows": 9062}, {"Node Type": "Index Scan", "Parent Relationship": "Inner", "Scan Direction": "Forward", "Index Name": "person_id_cast_info", "Relation Name": "cast_info", "Alias": "ci", "Startup Cost": 0.0, "Total Cost": 43.0, "Plan Rows": 2, "Plan Width": 8, "Actual Min Startup Time": 107.708, "Actual Max Startup Time": 107.708, "Actual Min Total Time": 126.269, "Actual Max Total Time": 126.269, "Index Cond": "(person_id = n.id)", "Rows Removed by Index Recheck": 0, "Filter": "((note)::text = ANY ('{(producer),\"(executive producer)\"}'::text[]))", "Rows Removed by Filter": 89309, "Actual Rows": 6719}], "Actual Rows": 6719}, {"Node Type": "Index Scan", "Parent Relationship": "Inner", "Scan Direction": "Forward", "Index Name": "movie_id_movie_info_idx", "Relation Name": "movie_info_idx", "Alias": "mi_idx", "Startup Cost": 0.0, "Total Cost": 0.31, "Plan Rows": 2, "Plan Width": 13, "Actual Min Startup Time": 25.731, "Actual Max Startup Time": 25.731, "Actual Min Total Time": 29.822, "Actual Max Total Time": 29.822, "Index Cond": "(movie_id = ci.movie_id)", "Rows Removed by Index Recheck": 0, "Actual Rows": 10310}], "Actual Rows": 10310}, {"Node Type": "Index Scan", "Parent Relationship": "Inner", "Scan Direction": "Forward", "Index Name": "info_type_pkey", "Relation Name": "info_type", "Alias": "it2", "Startup Cost": 0.0, "Total Cost": 0.27, "Plan Rows": 1, "Plan Width": 4, "Actual Min Startup Time": 19.679, "Actual Max Startup Time": 19.679, "Actual Min Total Time": 19.679, "Actual Max Total Time": 19.679, "Index Cond": "(id = mi_idx.info_type_id)", "Rows Removed by Index Recheck": 0, "Filter": "((info)::text = 'votes'::text)", "Rows Removed by Filter": 6875, "Actual Rows": 3435}], "Actual Rows": 3435}, {"Node Type": "Index Scan", "Parent Relationship": "Inner", "Scan Direction": "Forward", "Index Name": "movie_id_movie_info", "Relation Name": "movie_info", "Alias": "mi", "Startup Cost": 0.0, "Total Cost": 0.7, "Plan Rows": 5, "Plan Width": 50, "Actual Min Startup Time": 24.197, "Actual Max Startup Time": 24.197, "Actual Min Total Time": 97.954, "Actual Max Total Time": 97.954, "Index Cond": "(movie_id = ci.movie_id)", "Rows Removed by Index Recheck": 0, "Actual Rows": 82408}], "Actual Rows": 82408}, {"Node Type": "Index Scan", "Parent Relationship": "Inner", "Scan Direction": "Forward", "Index Name": "info_type_pkey", "Relation Name": "info_type", "Alias": "it1", "Startup Cost": 0.0, "Total Cost": 0.27, "Plan Rows": 1, "Plan Width": 4, "Actual Min Startup Time": 142.894, "Actual Max Startup Time": 142.894, "Actual Min Total Time": 142.894, "Actual Max Total Time": 142.894, "Index Cond": "(id = mi.info_type_id)", "Rows Removed by Index Recheck": 0, "Filter": "((info)::text = 'budget'::text)", "Rows Removed by Filter": 79844, "Actual Rows": 410}], "Actual Rows": 410}, {"Node Type": "Index Scan", "Parent Relationship": "Inner", "Scan Direction": "Forward", "Index Name": "title_pkey", "Relation Name": "title", "Alias": "t", "Startup Cost": 0.0, "Total Cost": 0.28, "Plan Rows": 1, "Plan Width": 21, "Actual Min Startup Time": 3.19, "Actual Max Startup Time": 3.19, "Actual Min Total Time": 3.19, "Actual Max Total Time": 3.19, "Index Cond": "(id = mi.movie_id)", "Rows Removed by Index Recheck": 0, "Actual Rows": 410}], "Actual Rows": 410}], "Actual Rows": 1}, "Triggers": [], "Planner Runtime": 24.564, "Total Runtime": 583.596, "Unique SQL Id": 4264520866}}, "(16, '93')": {"explain_plan": {"Plan": {"Node Type": "Aggregate", "Strategy": "Plain", "Startup Cost": 161226.62, "Total Cost": 161226.63, "Plan Rows": 1, "Plan Width": 160, "Plans": [{"Node Type": "Nested Loop", "Parent Relationship": "Outer", "Join Type": "Inner", "Startup Cost": 0.0, "Total Cost": 161226.56, "Plan Rows": 9, "Plan Width": 64, "Inner Unique": true, "Plans": [{"Node Type": "Nested Loop", "Parent Relationship": "Outer", "Join Type": "Inner", "Startup Cost": 0.0, "Total Cost": 161223.93, "Plan Rows": 9, "Plan Width": 59, "Inner Unique": true, "Plans": [{"Node Type": "Nested Loop", "Parent Relationship": "Outer", "Join Type": "Inner", "Startup Cost": 0.0, "Total Cost": 161145.11, "Plan Rows": 279, "Plan Width": 63, "Inner Unique": false, "Join Filter": "(mi_idx.movie_id = mi.movie_id)", "Plans": [{"Node Type": "Nested Loop", "Parent Relationship": "Outer", "Join Type": "Inner", "Startup Cost": 0.0, "Total Cost": 161105.51, "Plan Rows": 52, "Plan Width": 13, "Inner Unique": true, "Plans": [{"Node Type": "Nested Loop", "Parent Relationship": "Outer", "Join Type": "Inner", "Startup Cost": 0.0, "Total Cost": 161007.76, "Plan Rows": 346, "Plan Width": 17, "Inner Unique": false, "Plans": [{"Node Type": "Nested Loop", "Parent Relationship": "Outer", "Join Type": "Inner", "Startup Cost": 0.0, "Total Cost": 160910.97, "Plan Rows": 294, "Plan Width": 4, "Inner Unique": false, "Plans": [{"Node Type": "Streaming(type: LOCAL GATHER dop: 1/16)", "Parent Relationship": "Outer", "Startup Cost": 0.0, "Total Cost": 153468.6, "Plan Rows": 173, "Plan Width": 4, "Plans": [{"Node Type": "Index Scan", "Parent Relationship": "Outer", "Scan Direction": "Forward", "Index Name": "name_pkey", "Relation Name": "name", "Alias": "n", "Startup Cost": 0.0, "Total Cost": 153464.87, "Plan Rows": 173, "Plan Width": 4, "Filter": "(((name)::text ~~ '%Tim%'::text) AND ((gender)::text = 'm'::text))"}]}, {"Node Type": "Index Scan", "Parent Relationship": "Inner", "Scan Direction": "Forward", "Index Name": "person_id_cast_info", "Relation Name": "cast_info", "Alias": "ci", "Startup Cost": 0.0, "Total Cost": 43.0, "Plan Rows": 2, "Plan Width": 8, "Index Cond": "(person_id = n.id)", "Filter": "((note)::text = ANY ('{(producer),\"(executive producer)\"}'::text[]))"}]}, {"Node Type": "Index Scan", "Parent Relationship": "Inner", "Scan Direction": "Forward", "Index Name": "movie_id_movie_info_idx", "Relation Name": "movie_info_idx", "Alias": "mi_idx", "Startup Cost": 0.0, "Total Cost": 0.31, "Plan Rows": 2, "Plan Width": 13, "Index Cond": "(movie_id = ci.movie_id)"}]}, {"Node Type": "Index Scan", "Parent Relationship": "Inner", "Scan Direction": "Forward", "Index Name": "info_type_pkey", "Relation Name": "info_type", "Alias": "it2", "Startup Cost": 0.0, "Total Cost": 0.27, "Plan Rows": 1, "Plan Width": 4, "Index Cond": "(id = mi_idx.info_type_id)", "Filter": "((info)::text = 'votes'::text)"}]}, {"Node Type": "Index Scan", "Parent Relationship": "Inner", "Scan Direction": "Forward", "Index Name": "movie_id_movie_info", "Relation Name": "movie_info", "Alias": "mi", "Startup Cost": 0.0, "Total Cost": 0.7, "Plan Rows": 5, "Plan Width": 50, "Index Cond": "(movie_id = ci.movie_id)"}]}, {"Node Type": "Index Scan", "Parent Relationship": "Inner", "Scan Direction": "Forward", "Index Name": "info_type_pkey", "Relation Name": "info_type", "Alias": "it1", "Startup Cost": 0.0, "Total Cost": 0.27, "Plan Rows": 1, "Plan Width": 4, "Index Cond": "(id = mi.info_type_id)", "Filter": "((info)::text = 'budget'::text)"}]}, {"Node Type": "Index Scan", "Parent Relationship": "Inner", "Scan Direction": "Forward", "Index Name": "title_pkey", "Relation Name": "title", "Alias": "t", "Startup Cost": 0.0, "Total Cost": 0.28, "Plan Rows": 1, "Plan Width": 21, "Index Cond": "(id = mi.movie_id)"}]}]}, "Unique SQL Id": 4264520866, "Planner Runtime": 26}, "explain_analyze_plan": {"Plan": {"Node Type": "Aggregate", "Strategy": "Plain", "Startup Cost": 161226.62, "Total Cost": 161226.63, "Plan Rows": 1, "Plan Width": 160, "Actual Min Startup Time": 607.284, "Actual Max Startup Time": 607.284, "Actual Min Total Time": 607.284, "Actual Max Total Time": 607.284, "Plans": [{"Node Type": "Nested Loop", "Parent Relationship": "Outer", "Join Type": "Inner", "Startup Cost": 0.0, "Total Cost": 161226.56, "Plan Rows": 9, "Plan Width": 64, "Actual Min Startup Time": 76.744, "Actual Max Startup Time": 76.744, "Actual Min Total Time": 606.583, "Actual Max Total Time": 606.583, "Inner Unique": true, "Plans": [{"Node Type": "Nested Loop", "Parent Relationship": "Outer", "Join Type": "Inner", "Startup Cost": 0.0, "Total Cost": 161223.93, "Plan Rows": 9, "Plan Width": 59, "Actual Min Startup Time": 76.723, "Actual Max Startup Time": 76.723, "Actual Min Total Time": 602.309, "Actual Max Total Time": 602.309, "Inner Unique": true, "Plans": [{"Node Type": "Nested Loop", "Parent Relationship": "Outer", "Join Type": "Inner", "Startup Cost": 0.0, "Total Cost": 161145.11, "Plan Rows": 279, "Plan Width": 63, "Actual Min Startup Time": 76.681, "Actual Max Startup Time": 76.681, "Actual Min Total Time": 420.887, "Actual Max Total Time": 420.887, "Inner Unique": false, "Join Filter": "(mi_idx.movie_id = mi.movie_id)", "Rows Removed by Join Filter": 0, "Plans": [{"Node Type": "Nested Loop", "Parent Relationship": "Outer", "Join Type": "Inner", "Startup Cost": 0.0, "Total Cost": 161105.51, "Plan Rows": 52, "Plan Width": 13, "Actual Min Startup Time": 76.658, "Actual Max Startup Time": 76.658, "Actual Min Total Time": 292.413, "Actual Max Total Time": 292.413, "Inner Unique": true, "Plans": [{"Node Type": "Nested Loop", "Parent Relationship": "Outer", "Join Type": "Inner", "Startup Cost": 0.0, "Total Cost": 161007.76, "Plan Rows": 346, "Plan Width": 17, "Actual Min Startup Time": 76.636, "Actual Max Startup Time": 76.636, "Actual Min Total Time": 267.06, "Actual Max Total Time": 267.06, "Inner Unique": false, "Plans": [{"Node Type": "Nested Loop", "Parent Relationship": "Outer", "Join Type": "Inner", "Startup Cost": 0.0, "Total Cost": 160910.97, "Plan Rows": 294, "Plan Width": 4, "Actual Min Startup Time": 76.609, "Actual Max Startup Time": 76.609, "Actual Min Total Time": 228.308, "Actual Max Total Time": 228.308, "Inner Unique": false, "Plans": [{"Node Type": "Streaming(type: LOCAL GATHER dop: 1/16)", "Parent Relationship": "Outer", "Startup Cost": 0.0, "Total Cost": 153468.6, "Plan Rows": 173, "Plan Width": 4, "Actual Min Startup Time": 76.451, "Actual Max Startup Time": 76.451, "Actual Min Total Time": 97.413, "Actual Max Total Time": 97.413, "Plans": [{"Node Type": "Index Scan", "Parent Relationship": "Outer", "Scan Direction": "Forward", "Index Name": "name_pkey", "Relation Name": "name", "Alias": "n", "Startup Cost": 0.0, "Total Cost": 153464.87, "Plan Rows": 173, "Plan Width": 4, "Actual Min Startup Time": 45.312, "Actual Max Startup Time": 303.084, "Actual Min Total Time": 276.11, "Actual Max Total Time": 305.567, "Filter": "(((name)::text ~~ '%Tim%'::text) AND ((gender)::text = 'm'::text))", "Rows Removed by Filter": 4158428, "Actual Rows": 9062}], "Actual Rows": 9062}, {"Node Type": "Index Scan", "Parent Relationship": "Inner", "Scan Direction": "Forward", "Index Name": "person_id_cast_info", "Relation Name": "cast_info", "Alias": "ci", "Startup Cost": 0.0, "Total Cost": 43.0, "Plan Rows": 2, "Plan Width": 8, "Actual Min Startup Time": 104.871, "Actual Max Startup Time": 104.871, "Actual Min Total Time": 124.44, "Actual Max Total Time": 124.44, "Index Cond": "(person_id = n.id)", "Rows Removed by Index Recheck": 0, "Filter": "((note)::text = ANY ('{(producer),\"(executive producer)\"}'::text[]))", "Rows Removed by Filter": 89309, "Actual Rows": 6719}], "Actual Rows": 6719}, {"Node Type": "Index Scan", "Parent Relationship": "Inner", "Scan Direction": "Forward", "Index Name": "movie_id_movie_info_idx", "Relation Name": "movie_info_idx", "Alias": "mi_idx", "Startup Cost": 0.0, "Total Cost": 0.31, "Plan Rows": 2, "Plan Width": 13, "Actual Min Startup Time": 28.535, "Actual Max Startup Time": 28.535, "Actual Min Total Time": 32.59, "Actual Max Total Time": 32.59, "Index Cond": "(movie_id = ci.movie_id)", "Rows Removed by Index Recheck": 0, "Actual Rows": 10310}], "Actual Rows": 10310}, {"Node Type": "Index Scan", "Parent Relationship": "Inner", "Scan Direction": "Forward", "Index Name": "info_type_pkey", "Relation Name": "info_type", "Alias": "it2", "Startup Cost": 0.0, "Total Cost": 0.27, "Plan Rows": 1, "Plan Width": 4, "Actual Min Startup Time": 19.515, "Actual Max Startup Time": 19.515, "Actual Min Total Time": 19.515, "Actual Max Total Time": 19.515, "Index Cond": "(id = mi_idx.info_type_id)", "Rows Removed by Index Recheck": 0, "Filter": "((info)::text = 'votes'::text)", "Rows Removed by Filter": 6875, "Actual Rows": 3435}], "Actual Rows": 3435}, {"Node Type": "Index Scan", "Parent Relationship": "Inner", "Scan Direction": "Forward", "Index Name": "movie_id_movie_info", "Relation Name": "movie_info", "Alias": "mi", "Startup Cost": 0.0, "Total Cost": 0.7, "Plan Rows": 5, "Plan Width": 50, "Actual Min Startup Time": 24.09, "Actual Max Startup Time": 24.09, "Actual Min Total Time": 96.018, "Actual Max Total Time": 96.018, "Index Cond": "(movie_id = ci.movie_id)", "Rows Removed by Index Recheck": 0, "Actual Rows": 82408}], "Actual Rows": 82408}, {"Node Type": "Index Scan", "Parent Relationship": "Inner", "Scan Direction": "Forward", "Index Name": "info_type_pkey", "Relation Name": "info_type", "Alias": "it1", "Startup Cost": 0.0, "Total Cost": 0.27, "Plan Rows": 1, "Plan Width": 4, "Actual Min Startup Time": 143.239, "Actual Max Startup Time": 143.239, "Actual Min Total Time": 143.239, "Actual Max Total Time": 143.239, "Index Cond": "(id = mi.info_type_id)", "Rows Removed by Index Recheck": 0, "Filter": "((info)::text = 'budget'::text)", "Rows Removed by Filter": 79844, "Actual Rows": 410}], "Actual Rows": 410}, {"Node Type": "Index Scan", "Parent Relationship": "Inner", "Scan Direction": "Forward", "Index Name": "title_pkey", "Relation Name": "title", "Alias": "t", "Startup Cost": 0.0, "Total Cost": 0.28, "Plan Rows": 1, "Plan Width": 21, "Actual Min Startup Time": 3.705, "Actual Max Startup Time": 3.705, "Actual Min Total Time": 3.705, "Actual Max Total Time": 3.705, "Index Cond": "(id = mi.movie_id)", "Rows Removed by Index Recheck": 0, "Actual Rows": 410}], "Actual Rows": 410}], "Actual Rows": 1}, "Triggers": [], "Planner Runtime": 50.937, "Total Runtime": 609.898, "Unique SQL Id": 4264520866}}, "(16, '94')": {"explain_plan": {"Plan": {"Node Type": "Aggregate", "Strategy": "Plain", "Startup Cost": 31100185562452.37, "Total Cost": 31100185562452.38, "Plan Rows": 1, "Plan Width": 160, "Plans": [{"Node Type": "Nested Loop", "Parent Relationship": "Outer", "Join Type": "Inner", "Startup Cost": 60000000000.0, "Total Cost": 31100185562452.3, "Plan Rows": 9, "Plan Width": 64, "Inner Unique": true, "Plans": [{"Node Type": "Streaming(type: LOCAL GATHER dop: 1/16)", "Parent Relationship": "Outer", "Startup Cost": 50000000000.0, "Total Cost": 22100185562198.55, "Plan Rows": 9, "Plan Width": 59, "Plans": [{"Node Type": "Nested Loop", "Parent Relationship": "Outer", "Join Type": "Inner", "Startup Cost": 50000000000.0, "Total Cost": 22100185562198.36, "Plan Rows": 9, "Plan Width": 59, "Inner Unique": false, "Join Filter": "(mi.movie_id = mi_idx.movie_id)", "Plans": [{"Node Type": "Streaming(type: LOCAL REDISTRIBUTE dop: 16/16)", "Parent Relationship": "Outer", "Startup Cost": 10000000000.0, "Total Cost": 100000617621.25, "Plan Rows": 212428, "Plan Width": 46, "Plans": [{"Node Type": "Nested Loop", "Parent Relationship": "Outer", "Join Type": "Inner", "Startup Cost": 10000000000.0, "Total Cost": 100000601816.35, "Plan Rows": 212428, "Plan Width": 46, "Inner Unique": false, "Join Filter": "(it1.id = mi.info_type_id), (LLVM Optimized)", "Plans": [{"Node Type": "Streaming(type: BROADCAST dop: 16/1)", "Parent Relationship": "Outer", "Startup Cost": 0.0, "Total Cost": 15002.75, "Plan Rows": 16, "Plan Width": 4, "Plans": [{"Node Type": "Seq Scan", "Parent Relationship": "Outer", "Relation Name": "info_type", "Alias": "it1", "Startup Cost": 0.0, "Total Cost": 2.4, "Plan Rows": 1, "Plan Width": 4, "Filter": "((info)::text = 'budget'::text)"}]}, {"Node Type": "Seq Scan", "Parent Relationship": "Inner", "Relation Name": "movie_info", "Alias": "mi", "Startup Cost": 0.0, "Total Cost": 33561.73, "Plan Rows": 14869966, "Plan Width": 50}]}]}, {"Node Type": "Materialize", "Parent Relationship": "Inner", "Startup Cost": 30000000000.0, "Total Cost": 2100017935760.71, "Plan Rows": 228, "Plan Width": 13, "Plans": [{"Node Type": "Streaming(type: LOCAL REDISTRIBUTE dop: 16/16)", "Parent Relationship": "Outer", "Startup Cost": 30000000000.0, "Total Cost": 2100017935760.64, "Plan Rows": 228, "Plan Width": 13, "Plans": [{"Node Type": "Nested Loop", "Parent Relationship": "Outer", "Join Type": "Inner", "Startup Cost": 30000000000.0, "Total Cost": 2100017920759.78, "Plan Rows": 228, "Plan Width": 13, "Inner Unique": false, "Join Filter": "(ci.movie_id = mi_idx.movie_id)", "Plans": [{"Node Type": "Streaming(type: LOCAL REDISTRIBUTE dop: 16/16)", "Parent Relationship": "Outer", "Startup Cost": 10000000000.0, "Total Cost": 100000339787.69, "Plan Rows": 345008, "Plan Width": 9, "Plans": [{"Node Type": "Nested Loop", "Parent Relationship": "Outer", "Join Type": "Inner", "Startup Cost": 10000000000.0, "Total Cost": 100000323480.43, "Plan Rows": 345008, "Plan Width": 9, "Inner Unique": false, "Join Filter": "(it2.id = mi_idx.info_type_id), (LLVM Optimized)", "Plans": [{"Node Type": "Streaming(type: BROADCAST dop: 16/1)", "Parent Relationship": "Outer", "Startup Cost": 0.0, "Total Cost": 15002.75, "Plan Rows": 16, "Plan Width": 4, "Plans": [{"Node Type": "Seq Scan", "Parent Relationship": "Outer", "Relation Name": "info_type", "Alias": "it2", "Startup Cost": 0.0, "Total Cost": 2.4, "Plan Rows": 1, "Plan Width": 4, "Filter": "((info)::text = 'votes'::text)"}]}, {"Node Type": "Seq Scan", "Parent Relationship": "Inner", "Relation Name": "movie_info_idx", "Alias": "mi_idx", "Startup Cost": 0.0, "Total Cost": 16267.15, "Plan Rows": 1380034, "Plan Width": 13}]}]}, {"Node Type": "Materialize", "Parent Relationship": "Inner", "Startup Cost": 10000000000.0, "Total Cost": 100001446345.03, "Plan Rows": 294, "Plan Width": 4, "Plans": [{"Node Type": "Streaming(type: LOCAL REDISTRIBUTE dop: 16/16)", "Parent Relationship": "Outer", "Startup Cost": 10000000000.0, "Total Cost": 100001446344.94, "Plan Rows": 294, "Plan Width": 4, "Plans": [{"Node Type": "Nested Loop", "Parent Relationship": "Outer", "Join Type": "Inner", "Startup Cost": 10000000000.0, "Total Cost": 100001431343.83, "Plan Rows": 294, "Plan Width": 4, "Inner Unique": true, "Join Filter": "(ci.person_id = n.id)", "Plans": [{"Node Type": "Streaming(type: LOCAL REDISTRIBUTE dop: 16/16)", "Parent Relationship": "Outer", "Startup Cost": 0.0, "Total Cost": 82188.81, "Plan Rows": 2350421, "Plan Width": 8, "Plans": [{"Node Type": "Seq Scan", "Parent Relationship": "Outer", "Relation Name": "cast_info", "Alias": "ci", "Startup Cost": 0.0, "Total Cost": 58282.92, "Plan Rows": 2350421, "Plan Width": 8, "Filter": "((note)::text = ANY ('{(producer),\"(executive producer)\"}'::text[]))"}]}, {"Node Type": "Materialize", "Parent Relationship": "Inner", "Startup Cost": 0.0, "Total Cost": 37120.04, "Plan Rows": 173, "Plan Width": 4, "Plans": [{"Node Type": "Streaming(type: LOCAL REDISTRIBUTE dop: 16/16)", "Parent Relationship": "Outer", "Startup Cost": 0.0, "Total Cost": 37119.99, "Plan Rows": 173, "Plan Width": 4, "Plans": [{"Node Type": "Seq Scan", "Parent Relationship": "Outer", "Relation Name": "name", "Alias": "n", "Startup Cost": 0.0, "Total Cost": 22119.33, "Plan Rows": 173, "Plan Width": 4, "Filter": "(((name)::text ~~ '%Tim%'::text) AND ((gender)::text = 'm'::text))"}]}]}]}]}]}]}]}]}]}]}, {"Node Type": "Index Scan", "Parent Relationship": "Inner", "Scan Direction": "Forward", "Index Name": "title_pkey", "Relation Name": "title", "Alias": "t", "Startup Cost": 10000000000.0, "Total Cost": 1000000000028.18, "Plan Rows": 1, "Plan Width": 21, "Index Cond": "(id = mi.movie_id)"}]}]}, "Unique SQL Id": 4264520866, "Planner Runtime": 58}, "explain_analyze_plan": null}, "(16, '95')": {"explain_plan": {"Plan": {"Node Type": "Aggregate", "Strategy": "Plain", "Startup Cost": 6974814659197.4, "Total Cost": 6974814659197.41, "Plan Rows": 1, "Plan Width": 160, "Plans": [{"Node Type": "Merge Join", "Parent Relationship": "Outer", "Join Type": "Inner", "Startup Cost": 5984814657769.96, "Total Cost": 6974814659197.02, "Plan Rows": 51, "Plan Width": 64, "Inner Unique": true, "Merge Cond": "(mi.info_type_id = it1.id)", "Plans": [{"Node Type": "Sort", "Parent Relationship": "Outer", "Startup Cost": 5974814657769.62, "Total Cost": 5974814657772.69, "Plan Rows": 1225, "Plan Width": 68, "Sort Key": ["mi.info_type_id"], "Plans": [{"Node Type": "Merge Join", "Parent Relationship": "Outer", "Join Type": "Inner", "Startup Cost": 3997280927518.47, "Total Cost": 5974814657706.79, "Plan Rows": 1225, "Plan Width": 68, "Inner Unique": false, "Merge Cond": "(t.id = mi_idx.movie_id)", "Plans": [{"Node Type": "Merge Join", "Parent Relationship": "Outer", "Join Type": "Inner", "Startup Cost": 20024668916.98, "Total Cost": 1999413704354.18, "Plan Rows": 13396577, "Plan Width": 71, "Inner Unique": false, "Merge Cond": "(t.id = mi.movie_id)", "Plans": [{"Node Type": "Index Scan", "Parent Relationship": "Outer", "Scan Direction": "Forward", "Index Name": "title_pkey", "Relation Name": "title", "Alias": "t", "Startup Cost": 10000000000.0, "Total Cost": 1000011012048.91, "Plan Rows": 2528311, "Plan Width": 21}, {"Node Type": "Index Scan", "Parent Relationship": "Inner", "Scan Direction": "Forward", "Index Name": "movie_id_movie_info", "Relation Name": "movie_info", "Alias": "mi", "Startup Cost": 10000000000.0, "Total Cost": 1000103816912.22, "Plan Rows": 14869966, "Plan Width": 50}]}, {"Node Type": "Sort", "Parent Relationship": "Inner", "Startup Cost": 3977256258601.49, "Total Cost": 3977256258602.06, "Plan Rows": 228, "Plan Width": 13, "Sort Key": ["ci.movie_id"], "Plans": [{"Node Type": "Merge Join", "Parent Relationship": "Outer", "Join Type": "Inner", "Startup Cost": 3010127178545.11, "Total Cost": 3977256258592.56, "Plan Rows": 228, "Plan Width": 13, "Inner Unique": true, "Merge Cond": "(ci.person_id = n.id)", "Plans": [{"Node Type": "Sort", "Parent Relationship": "Outer", "Startup Cost": 3000127178545.04, "Total Cost": 3000127179589.27, "Plan Rows": 417690, "Plan Width": 17, "Sort Key": ["ci.person_id"], "Plans": [{"Node Type": "Merge Join", "Parent Relationship": "Outer", "Join Type": "Inner", "Startup Cost": 2010001865471.59, "Total Cost": 3000127139549.35, "Plan Rows": 417690, "Plan Width": 17, "Inner Unique": false, "Merge Cond": "(ci.movie_id = mi_idx.movie_id)", "Plans": [{"Node Type": "Index Scan", "Parent Relationship": "Outer", "Scan Direction": "Forward", "Index Name": "movie_id_cast_info", "Relation Name": "cast_info", "Alias": "ci", "Startup Cost": 10000000000.0, "Total Cost": 1000214997262.8, "Plan Rows": 2350421, "Plan Width": 8, "Filter": "((note)::text = ANY ('{(producer),\"(executive producer)\"}'::text[]))"}, {"Node Type": "Sort", "Parent Relationship": "Inner", "Startup Cost": 2000001865471.58, "Total Cost": 2000001866334.1, "Plan Rows": 345008, "Plan Width": 9, "Sort Key": ["mi_idx.movie_id"], "Plans": [{"Node Type": "Nested Loop", "Parent Relationship": "Outer", "Join Type": "Inner", "Startup Cost": 20000007502.06, "Total Cost": 2000001833737.28, "Plan Rows": 345008, "Plan Width": 9, "Inner Unique": false, "Plans": [{"Node Type": "Index Scan", "Parent Relationship": "Outer", "Scan Direction": "Forward", "Index Name": "info_type_pkey", "Relation Name": "info_type", "Alias": "it2", "Startup Cost": 10000000000.0, "Total Cost": 1000000001421.0, "Plan Rows": 1, "Plan Width": 4, "Filter": "((info)::text = 'votes'::text)"}, {"Node Type": "Bitmap Heap Scan", "Parent Relationship": "Inner", "Relation Name": "movie_info_idx", "Alias": "mi_idx", "Startup Cost": 10000007502.06, "Total Cost": 1000001828866.2, "Plan Rows": 345008, "Plan Width": 13, "Recheck Cond": "(info_type_id = it2.id), (LLVM Optimized)", "Plans": [{"Node Type": "Bitmap Index Scan", "Parent Relationship": "Outer", "Index Name": "info_type_id_movie_info_idx", "Startup Cost": 0.0, "Total Cost": 7415.81, "Plan Rows": 345008, "Plan Width": 0, "Index Cond": "(info_type_id = it2.id)"}]}]}]}]}]}, {"Node Type": "Materialize", "Parent Relationship": "Inner", "Startup Cost": 10000000000.0, "Total Cost": 1000019707020.14, "Plan Rows": 173, "Plan Width": 4, "Plans": [{"Node Type": "Index Scan", "Parent Relationship": "Outer", "Scan Direction": "Forward", "Index Name": "name_pkey", "Relation Name": "name", "Alias": "n", "Startup Cost": 10000000000.0, "Total Cost": 1000019707019.7, "Plan Rows": 173, "Plan Width": 4, "Filter": "(((name)::text ~~ '%Tim%'::text) AND ((gender)::text = 'm'::text))"}]}]}]}]}]}, {"Node Type": "Materialize", "Parent Relationship": "Inner", "Startup Cost": 10000000000.0, "Total Cost": 1000000001421.0, "Plan Rows": 1, "Plan Width": 4, "Plans": [{"Node Type": "Index Scan", "Parent Relationship": "Outer", "Scan Direction": "Forward", "Index Name": "info_type_pkey", "Relation Name": "info_type", "Alias": "it1", "Startup Cost": 10000000000.0, "Total Cost": 1000000001421.0, "Plan Rows": 1, "Plan Width": 4, "Filter": "((info)::text = 'budget'::text)"}]}]}]}, "Unique SQL Id": 4264520866, "Planner Runtime": 106}, "explain_analyze_plan": null}, "(16, '96')": {"explain_plan": {"Plan": {"Node Type": "Aggregate", "Strategy": "Plain", "Startup Cost": 29894.16, "Total Cost": 29894.17, "Plan Rows": 1, "Plan Width": 160, "Plans": [{"Node Type": "Nested Loop", "Parent Relationship": "Outer", "Join Type": "Inner", "Startup Cost": 2.41, "Total Cost": 29894.1, "Plan Rows": 9, "Plan Width": 64, "Inner Unique": true, "Plans": [{"Node Type": "Nested Loop", "Parent Relationship": "Outer", "Join Type": "Inner", "Startup Cost": 2.41, "Total Cost": 29891.47, "Plan Rows": 9, "Plan Width": 59, "Inner Unique": true, "Plans": [{"Node Type": "Nested Loop", "Parent Relationship": "Outer", "Join Type": "Inner", "Startup Cost": 2.41, "Total Cost": 29833.84, "Plan Rows": 204, "Plan Width": 63, "Inner Unique": false, "Plans": [{"Node Type": "Hash Join", "Parent Relationship": "Outer", "Join Type": "Inner", "Startup Cost": 2.41, "Total Cost": 29792.2, "Plan Rows": 133, "Plan Width": 50, "Inner Unique": true, "Hash Cond": "(mi.info_type_id = it1.id)", "Plans": [{"Node Type": "Nested Loop", "Parent Relationship": "Outer", "Join Type": "Inner", "Startup Cost": 0.0, "Total Cost": 29785.66, "Plan Rows": 1561, "Plan Width": 54, "Inner Unique": false, "Plans": [{"Node Type": "Nested Loop", "Parent Relationship": "Outer", "Join Type": "Inner", "Startup Cost": 0.0, "Total Cost": 29565.43, "Plan Rows": 294, "Plan Width": 4, "Inner Unique": false, "Plans": [{"Node Type": "Streaming(type: LOCAL GATHER dop: 1/16)", "Parent Relationship": "Outer", "Startup Cost": 0.0, "Total Cost": 22123.07, "Plan Rows": 173, "Plan Width": 4, "Plans": [{"Node Type": "Seq Scan", "Parent Relationship": "Outer", "Relation Name": "name", "Alias": "n", "Startup Cost": 0.0, "Total Cost": 22119.33, "Plan Rows": 173, "Plan Width": 4, "Filter": "(((name)::text ~~ '%Tim%'::text) AND ((gender)::text = 'm'::text))"}]}, {"Node Type": "Index Scan", "Parent Relationship": "Inner", "Scan Direction": "Forward", "Index Name": "person_id_cast_info", "Relation Name": "cast_info", "Alias": "ci", "Startup Cost": 0.0, "Total Cost": 43.0, "Plan Rows": 2, "Plan Width": 8, "Index Cond": "(person_id = n.id)", "Filter": "((note)::text = ANY ('{(producer),\"(executive producer)\"}'::text[]))"}]}, {"Node Type": "Index Scan", "Parent Relationship": "Inner", "Scan Direction": "Forward", "Index Name": "movie_id_movie_info", "Relation Name": "movie_info", "Alias": "mi", "Startup Cost": 0.0, "Total Cost": 0.7, "Plan Rows": 5, "Plan Width": 50, "Index Cond": "(movie_id = ci.movie_id)"}]}, {"Node Type": "Hash", "Parent Relationship": "Inner", "Startup Cost": 2.4, "Total Cost": 2.4, "Plan Rows": 1, "Plan Width": 4, "Plans": [{"Node Type": "Seq Scan", "Parent Relationship": "Outer", "Relation Name": "info_type", "Alias": "it1", "Startup Cost": 0.0, "Total Cost": 2.4, "Plan Rows": 1, "Plan Width": 4, "Filter": "((info)::text = 'budget'::text)"}]}]}, {"Node Type": "Index Scan", "Parent Relationship": "Inner", "Scan Direction": "Forward", "Index Name": "movie_id_movie_info_idx", "Relation Name": "movie_info_idx", "Alias": "mi_idx", "Startup Cost": 0.0, "Total Cost": 0.29, "Plan Rows": 2, "Plan Width": 13, "Index Cond": "(movie_id = mi.movie_id)"}]}, {"Node Type": "Index Scan", "Parent Relationship": "Inner", "Scan Direction": "Forward", "Index Name": "info_type_pkey", "Relation Name": "info_type", "Alias": "it2", "Startup Cost": 0.0, "Total Cost": 0.27, "Plan Rows": 1, "Plan Width": 4, "Index Cond": "(id = mi_idx.info_type_id)", "Filter": "((info)::text = 'votes'::text)"}]}, {"Node Type": "Index Scan", "Parent Relationship": "Inner", "Scan Direction": "Forward", "Index Name": "title_pkey", "Relation Name": "title", "Alias": "t", "Startup Cost": 0.0, "Total Cost": 0.28, "Plan Rows": 1, "Plan Width": 21, "Index Cond": "(id = mi.movie_id)"}]}]}, "Unique SQL Id": 4264520866, "Planner Runtime": 68}, "explain_analyze_plan": {"Plan": {"Node Type": "Aggregate", "Strategy": "Plain", "Startup Cost": 29894.16, "Total Cost": 29894.17, "Plan Rows": 1, "Plan Width": 160, "Actual Min Startup Time": 369.109, "Actual Max Startup Time": 369.109, "Actual Min Total Time": 369.109, "Actual Max Total Time": 369.109, "Plans": [{"Node Type": "Nested Loop", "Parent Relationship": "Outer", "Join Type": "Inner", "Startup Cost": 2.41, "Total Cost": 29894.1, "Plan Rows": 9, "Plan Width": 64, "Actual Min Startup Time": 22.227, "Actual Max Startup Time": 22.227, "Actual Min Total Time": 368.394, "Actual Max Total Time": 368.394, "Inner Unique": true, "Plans": [{"Node Type": "Nested Loop", "Parent Relationship": "Outer", "Join Type": "Inner", "Startup Cost": 2.41, "Total Cost": 29891.47, "Plan Rows": 9, "Plan Width": 59, "Actual Min Startup Time": 22.208, "Actual Max Startup Time": 22.208, "Actual Min Total Time": 364.242, "Actual Max Total Time": 364.242, "Inner Unique": true, "Plans": [{"Node Type": "Nested Loop", "Parent Relationship": "Outer", "Join Type": "Inner", "Startup Cost": 2.41, "Total Cost": 29833.84, "Plan Rows": 204, "Plan Width": 63, "Actual Min Startup Time": 22.19, "Actual Max Startup Time": 22.19, "Actual Min Total Time": 360.744, "Actual Max Total Time": 360.744, "Inner Unique": false, "Plans": [{"Node Type": "Hash Join", "Parent Relationship": "Outer", "Join Type": "Inner", "Startup Cost": 2.41, "Total Cost": 29792.2, "Plan Rows": 133, "Plan Width": 50, "Actual Min Startup Time": 22.172, "Actual Max Startup Time": 22.172, "Actual Min Total Time": 354.059, "Actual Max Total Time": 354.059, "Inner Unique": true, "Hash Cond": "(mi.info_type_id = it1.id)", "Plans": [{"Node Type": "Nested Loop", "Parent Relationship": "Outer", "Join Type": "Inner", "Startup Cost": 0.0, "Total Cost": 29785.66, "Plan Rows": 1561, "Plan Width": 54, "Actual Min Startup Time": 20.167, "Actual Max Startup Time": 20.167, "Actual Min Total Time": 338.648, "Actual Max Total Time": 338.648, "Inner Unique": false, "Plans": [{"Node Type": "Nested Loop", "Parent Relationship": "Outer", "Join Type": "Inner", "Startup Cost": 0.0, "Total Cost": 29565.43, "Plan Rows": 294, "Plan Width": 4, "Actual Min Startup Time": 20.147, "Actual Max Startup Time": 20.147, "Actual Min Total Time": 192.174, "Actual Max Total Time": 192.174, "Inner Unique": false, "Plans": [{"Node Type": "Streaming(type: LOCAL GATHER dop: 1/16)", "Parent Relationship": "Outer", "Startup Cost": 0.0, "Total Cost": 22123.07, "Plan Rows": 173, "Plan Width": 4, "Actual Min Startup Time": 20.087, "Actual Max Startup Time": 20.087, "Actual Min Total Time": 61.558, "Actual Max Total Time": 61.558, "Plans": [{"Node Type": "Seq Scan", "Parent Relationship": "Outer", "Relation Name": "name", "Alias": "n", "Startup Cost": 0.0, "Total Cost": 22119.33, "Plan Rows": 173, "Plan Width": 4, "Actual Min Startup Time": 0.028, "Actual Max Startup Time": 0.841, "Actual Min Total Time": 101.789, "Actual Max Total Time": 105.936, "Filter": "(((name)::text ~~ '%Tim%'::text) AND ((gender)::text = 'm'::text))", "Rows Removed by Filter": 4158428, "Actual Rows": 9062}], "Actual Rows": 9062}, {"Node Type": "Index Scan", "Parent Relationship": "Inner", "Scan Direction": "Forward", "Index Name": "person_id_cast_info", "Relation Name": "cast_info", "Alias": "ci", "Startup Cost": 0.0, "Total Cost": 43.0, "Plan Rows": 2, "Plan Width": 8, "Actual Min Startup Time": 105.254, "Actual Max Startup Time": 105.254, "Actual Min Total Time": 124.312, "Actual Max Total Time": 124.312, "Index Cond": "(person_id = n.id)", "Rows Removed by Index Recheck": 0, "Filter": "((note)::text = ANY ('{(producer),\"(executive producer)\"}'::text[]))", "Rows Removed by Filter": 89309, "Actual Rows": 6719}], "Actual Rows": 6719}, {"Node Type": "Index Scan", "Parent Relationship": "Inner", "Scan Direction": "Forward", "Index Name": "movie_id_movie_info", "Relation Name": "movie_info", "Alias": "mi", "Startup Cost": 0.0, "Total Cost": 0.7, "Plan Rows": 5, "Plan Width": 50, "Actual Min Startup Time": 39.884, "Actual Max Startup Time": 39.884, "Actual Min Total Time": 122.723, "Actual Max Total Time": 122.723, "Index Cond": "(movie_id = ci.movie_id)", "Rows Removed by Index Recheck": 0, "Actual Rows": 95896}], "Actual Rows": 95896}, {"Node Type": "Hash", "Parent Relationship": "Inner", "Startup Cost": 2.4, "Total Cost": 2.4, "Plan Rows": 1, "Plan Width": 4, "Actual Min Startup Time": 0.077, "Actual Max Startup Time": 0.077, "Actual Min Total Time": 0.077, "Actual Max Total Time": 0.077, "Max Hash Buckets": 32768, "Min Hash Buckets": 32768, "Max Hash Batches": 1, "Min Hash Batches": 1, "Max Original Hash Batches": 1, "Min Original Hash Batches": 1, "Max Peak Memory Usage": 1, "min Peak Memory Usage": 1, "Plans": [{"Node Type": "Seq Scan", "Parent Relationship": "Outer", "Relation Name": "info_type", "Alias": "it1", "Startup Cost": 0.0, "Total Cost": 2.4, "Plan Rows": 1, "Plan Width": 4, "Actual Min Startup Time": 0.06, "Actual Max Startup Time": 0.06, "Actual Min Total Time": 0.065, "Actual Max Total Time": 0.065, "Filter": "((info)::text = 'budget'::text)", "Rows Removed by Filter": 111, "Actual Rows": 1}], "Actual Rows": 1}], "Actual Rows": 699}, {"Node Type": "Index Scan", "Parent Relationship": "Inner", "Scan Direction": "Forward", "Index Name": "movie_id_movie_info_idx", "Relation Name": "movie_info_idx", "Alias": "mi_idx", "Startup Cost": 0.0, "Total Cost": 0.29, "Plan Rows": 2, "Plan Width": 13, "Actual Min Startup Time": 5.314, "Actual Max Startup Time": 5.314, "Actual Min Total Time": 5.911, "Actual Max Total Time": 5.911, "Index Cond": "(movie_id = mi.movie_id)", "Rows Removed by Index Recheck": 0, "Actual Rows": 1235}], "Actual Rows": 1235}, {"Node Type": "Index Scan", "Parent Relationship": "Inner", "Scan Direction": "Forward", "Index Name": "info_type_pkey", "Relation Name": "info_type", "Alias": "it2", "Startup Cost": 0.0, "Total Cost": 0.27, "Plan Rows": 1, "Plan Width": 4, "Actual Min Startup Time": 2.685, "Actual Max Startup Time": 2.685, "Actual Min Total Time": 2.685, "Actual Max Total Time": 2.685, "Index Cond": "(id = mi_idx.info_type_id)", "Rows Removed by Index Recheck": 0, "Filter": "((info)::text = 'votes'::text)", "Rows Removed by Filter": 825, "Actual Rows": 410}], "Actual Rows": 410}, {"Node Type": "Index Scan", "Parent Relationship": "Inner", "Scan Direction": "Forward", "Index Name": "title_pkey", "Relation Name": "title", "Alias": "t", "Startup Cost": 0.0, "Total Cost": 0.28, "Plan Rows": 1, "Plan Width": 21, "Actual Min Startup Time": 3.64, "Actual Max Startup Time": 3.64, "Actual Min Total Time": 3.64, "Actual Max Total Time": 3.64, "Index Cond": "(id = mi.movie_id)", "Rows Removed by Index Recheck": 0, "Actual Rows": 410}], "Actual Rows": 410}], "Actual Rows": 1}, "Triggers": [], "Planner Runtime": 80.617, "Total Runtime": 371.735, "Unique SQL Id": 4264520866}}, "(16, '97')": {"explain_plan": {"Plan": {"Node Type": "Aggregate", "Strategy": "Plain", "Startup Cost": 161226.62, "Total Cost": 161226.63, "Plan Rows": 1, "Plan Width": 160, "Plans": [{"Node Type": "Nested Loop", "Parent Relationship": "Outer", "Join Type": "Inner", "Startup Cost": 0.0, "Total Cost": 161226.56, "Plan Rows": 9, "Plan Width": 64, "Inner Unique": true, "Plans": [{"Node Type": "Nested Loop", "Parent Relationship": "Outer", "Join Type": "Inner", "Startup Cost": 0.0, "Total Cost": 161223.93, "Plan Rows": 9, "Plan Width": 59, "Inner Unique": true, "Plans": [{"Node Type": "Nested Loop", "Parent Relationship": "Outer", "Join Type": "Inner", "Startup Cost": 0.0, "Total Cost": 161145.11, "Plan Rows": 279, "Plan Width": 63, "Inner Unique": false, "Join Filter": "(mi_idx.movie_id = mi.movie_id)", "Plans": [{"Node Type": "Nested Loop", "Parent Relationship": "Outer", "Join Type": "Inner", "Startup Cost": 0.0, "Total Cost": 161105.51, "Plan Rows": 52, "Plan Width": 13, "Inner Unique": true, "Plans": [{"Node Type": "Nested Loop", "Parent Relationship": "Outer", "Join Type": "Inner", "Startup Cost": 0.0, "Total Cost": 161007.76, "Plan Rows": 346, "Plan Width": 17, "Inner Unique": false, "Plans": [{"Node Type": "Nested Loop", "Parent Relationship": "Outer", "Join Type": "Inner", "Startup Cost": 0.0, "Total Cost": 160910.97, "Plan Rows": 294, "Plan Width": 4, "Inner Unique": false, "Plans": [{"Node Type": "Streaming(type: LOCAL GATHER dop: 1/16)", "Parent Relationship": "Outer", "Startup Cost": 0.0, "Total Cost": 153468.6, "Plan Rows": 173, "Plan Width": 4, "Plans": [{"Node Type": "Index Scan", "Parent Relationship": "Outer", "Scan Direction": "Forward", "Index Name": "name_pkey", "Relation Name": "name", "Alias": "n", "Startup Cost": 0.0, "Total Cost": 153464.87, "Plan Rows": 173, "Plan Width": 4, "Filter": "(((name)::text ~~ '%Tim%'::text) AND ((gender)::text = 'm'::text))"}]}, {"Node Type": "Index Scan", "Parent Relationship": "Inner", "Scan Direction": "Forward", "Index Name": "person_id_cast_info", "Relation Name": "cast_info", "Alias": "ci", "Startup Cost": 0.0, "Total Cost": 43.0, "Plan Rows": 2, "Plan Width": 8, "Index Cond": "(person_id = n.id)", "Filter": "((note)::text = ANY ('{(producer),\"(executive producer)\"}'::text[]))"}]}, {"Node Type": "Index Scan", "Parent Relationship": "Inner", "Scan Direction": "Forward", "Index Name": "movie_id_movie_info_idx", "Relation Name": "movie_info_idx", "Alias": "mi_idx", "Startup Cost": 0.0, "Total Cost": 0.31, "Plan Rows": 2, "Plan Width": 13, "Index Cond": "(movie_id = ci.movie_id)"}]}, {"Node Type": "Index Scan", "Parent Relationship": "Inner", "Scan Direction": "Forward", "Index Name": "info_type_pkey", "Relation Name": "info_type", "Alias": "it2", "Startup Cost": 0.0, "Total Cost": 0.27, "Plan Rows": 1, "Plan Width": 4, "Index Cond": "(id = mi_idx.info_type_id)", "Filter": "((info)::text = 'votes'::text)"}]}, {"Node Type": "Index Scan", "Parent Relationship": "Inner", "Scan Direction": "Forward", "Index Name": "movie_id_movie_info", "Relation Name": "movie_info", "Alias": "mi", "Startup Cost": 0.0, "Total Cost": 0.7, "Plan Rows": 5, "Plan Width": 50, "Index Cond": "(movie_id = ci.movie_id)"}]}, {"Node Type": "Index Scan", "Parent Relationship": "Inner", "Scan Direction": "Forward", "Index Name": "info_type_pkey", "Relation Name": "info_type", "Alias": "it1", "Startup Cost": 0.0, "Total Cost": 0.27, "Plan Rows": 1, "Plan Width": 4, "Index Cond": "(id = mi.info_type_id)", "Filter": "((info)::text = 'budget'::text)"}]}, {"Node Type": "Index Scan", "Parent Relationship": "Inner", "Scan Direction": "Forward", "Index Name": "title_pkey", "Relation Name": "title", "Alias": "t", "Startup Cost": 0.0, "Total Cost": 0.28, "Plan Rows": 1, "Plan Width": 21, "Index Cond": "(id = mi.movie_id)"}]}]}, "Unique SQL Id": 4264520866, "Planner Runtime": 31}, "explain_analyze_plan": {"Plan": {"Node Type": "Aggregate", "Strategy": "Plain", "Startup Cost": 161226.62, "Total Cost": 161226.63, "Plan Rows": 1, "Plan Width": 160, "Actual Min Startup Time": 607.284, "Actual Max Startup Time": 607.284, "Actual Min Total Time": 607.284, "Actual Max Total Time": 607.284, "Plans": [{"Node Type": "Nested Loop", "Parent Relationship": "Outer", "Join Type": "Inner", "Startup Cost": 0.0, "Total Cost": 161226.56, "Plan Rows": 9, "Plan Width": 64, "Actual Min Startup Time": 76.744, "Actual Max Startup Time": 76.744, "Actual Min Total Time": 606.583, "Actual Max Total Time": 606.583, "Inner Unique": true, "Plans": [{"Node Type": "Nested Loop", "Parent Relationship": "Outer", "Join Type": "Inner", "Startup Cost": 0.0, "Total Cost": 161223.93, "Plan Rows": 9, "Plan Width": 59, "Actual Min Startup Time": 76.723, "Actual Max Startup Time": 76.723, "Actual Min Total Time": 602.309, "Actual Max Total Time": 602.309, "Inner Unique": true, "Plans": [{"Node Type": "Nested Loop", "Parent Relationship": "Outer", "Join Type": "Inner", "Startup Cost": 0.0, "Total Cost": 161145.11, "Plan Rows": 279, "Plan Width": 63, "Actual Min Startup Time": 76.681, "Actual Max Startup Time": 76.681, "Actual Min Total Time": 420.887, "Actual Max Total Time": 420.887, "Inner Unique": false, "Join Filter": "(mi_idx.movie_id = mi.movie_id)", "Rows Removed by Join Filter": 0, "Plans": [{"Node Type": "Nested Loop", "Parent Relationship": "Outer", "Join Type": "Inner", "Startup Cost": 0.0, "Total Cost": 161105.51, "Plan Rows": 52, "Plan Width": 13, "Actual Min Startup Time": 76.658, "Actual Max Startup Time": 76.658, "Actual Min Total Time": 292.413, "Actual Max Total Time": 292.413, "Inner Unique": true, "Plans": [{"Node Type": "Nested Loop", "Parent Relationship": "Outer", "Join Type": "Inner", "Startup Cost": 0.0, "Total Cost": 161007.76, "Plan Rows": 346, "Plan Width": 17, "Actual Min Startup Time": 76.636, "Actual Max Startup Time": 76.636, "Actual Min Total Time": 267.06, "Actual Max Total Time": 267.06, "Inner Unique": false, "Plans": [{"Node Type": "Nested Loop", "Parent Relationship": "Outer", "Join Type": "Inner", "Startup Cost": 0.0, "Total Cost": 160910.97, "Plan Rows": 294, "Plan Width": 4, "Actual Min Startup Time": 76.609, "Actual Max Startup Time": 76.609, "Actual Min Total Time": 228.308, "Actual Max Total Time": 228.308, "Inner Unique": false, "Plans": [{"Node Type": "Streaming(type: LOCAL GATHER dop: 1/16)", "Parent Relationship": "Outer", "Startup Cost": 0.0, "Total Cost": 153468.6, "Plan Rows": 173, "Plan Width": 4, "Actual Min Startup Time": 76.451, "Actual Max Startup Time": 76.451, "Actual Min Total Time": 97.413, "Actual Max Total Time": 97.413, "Plans": [{"Node Type": "Index Scan", "Parent Relationship": "Outer", "Scan Direction": "Forward", "Index Name": "name_pkey", "Relation Name": "name", "Alias": "n", "Startup Cost": 0.0, "Total Cost": 153464.87, "Plan Rows": 173, "Plan Width": 4, "Actual Min Startup Time": 45.312, "Actual Max Startup Time": 303.084, "Actual Min Total Time": 276.11, "Actual Max Total Time": 305.567, "Filter": "(((name)::text ~~ '%Tim%'::text) AND ((gender)::text = 'm'::text))", "Rows Removed by Filter": 4158428, "Actual Rows": 9062}], "Actual Rows": 9062}, {"Node Type": "Index Scan", "Parent Relationship": "Inner", "Scan Direction": "Forward", "Index Name": "person_id_cast_info", "Relation Name": "cast_info", "Alias": "ci", "Startup Cost": 0.0, "Total Cost": 43.0, "Plan Rows": 2, "Plan Width": 8, "Actual Min Startup Time": 104.871, "Actual Max Startup Time": 104.871, "Actual Min Total Time": 124.44, "Actual Max Total Time": 124.44, "Index Cond": "(person_id = n.id)", "Rows Removed by Index Recheck": 0, "Filter": "((note)::text = ANY ('{(producer),\"(executive producer)\"}'::text[]))", "Rows Removed by Filter": 89309, "Actual Rows": 6719}], "Actual Rows": 6719}, {"Node Type": "Index Scan", "Parent Relationship": "Inner", "Scan Direction": "Forward", "Index Name": "movie_id_movie_info_idx", "Relation Name": "movie_info_idx", "Alias": "mi_idx", "Startup Cost": 0.0, "Total Cost": 0.31, "Plan Rows": 2, "Plan Width": 13, "Actual Min Startup Time": 28.535, "Actual Max Startup Time": 28.535, "Actual Min Total Time": 32.59, "Actual Max Total Time": 32.59, "Index Cond": "(movie_id = ci.movie_id)", "Rows Removed by Index Recheck": 0, "Actual Rows": 10310}], "Actual Rows": 10310}, {"Node Type": "Index Scan", "Parent Relationship": "Inner", "Scan Direction": "Forward", "Index Name": "info_type_pkey", "Relation Name": "info_type", "Alias": "it2", "Startup Cost": 0.0, "Total Cost": 0.27, "Plan Rows": 1, "Plan Width": 4, "Actual Min Startup Time": 19.515, "Actual Max Startup Time": 19.515, "Actual Min Total Time": 19.515, "Actual Max Total Time": 19.515, "Index Cond": "(id = mi_idx.info_type_id)", "Rows Removed by Index Recheck": 0, "Filter": "((info)::text = 'votes'::text)", "Rows Removed by Filter": 6875, "Actual Rows": 3435}], "Actual Rows": 3435}, {"Node Type": "Index Scan", "Parent Relationship": "Inner", "Scan Direction": "Forward", "Index Name": "movie_id_movie_info", "Relation Name": "movie_info", "Alias": "mi", "Startup Cost": 0.0, "Total Cost": 0.7, "Plan Rows": 5, "Plan Width": 50, "Actual Min Startup Time": 24.09, "Actual Max Startup Time": 24.09, "Actual Min Total Time": 96.018, "Actual Max Total Time": 96.018, "Index Cond": "(movie_id = ci.movie_id)", "Rows Removed by Index Recheck": 0, "Actual Rows": 82408}], "Actual Rows": 82408}, {"Node Type": "Index Scan", "Parent Relationship": "Inner", "Scan Direction": "Forward", "Index Name": "info_type_pkey", "Relation Name": "info_type", "Alias": "it1", "Startup Cost": 0.0, "Total Cost": 0.27, "Plan Rows": 1, "Plan Width": 4, "Actual Min Startup Time": 143.239, "Actual Max Startup Time": 143.239, "Actual Min Total Time": 143.239, "Actual Max Total Time": 143.239, "Index Cond": "(id = mi.info_type_id)", "Rows Removed by Index Recheck": 0, "Filter": "((info)::text = 'budget'::text)", "Rows Removed by Filter": 79844, "Actual Rows": 410}], "Actual Rows": 410}, {"Node Type": "Index Scan", "Parent Relationship": "Inner", "Scan Direction": "Forward", "Index Name": "title_pkey", "Relation Name": "title", "Alias": "t", "Startup Cost": 0.0, "Total Cost": 0.28, "Plan Rows": 1, "Plan Width": 21, "Actual Min Startup Time": 3.705, "Actual Max Startup Time": 3.705, "Actual Min Total Time": 3.705, "Actual Max Total Time": 3.705, "Index Cond": "(id = mi.movie_id)", "Rows Removed by Index Recheck": 0, "Actual Rows": 410}], "Actual Rows": 410}], "Actual Rows": 1}, "Triggers": [], "Planner Runtime": 50.937, "Total Runtime": 609.898, "Unique SQL Id": 4264520866}}, "(16, '98')": {"explain_plan": {"Plan": {"Node Type": "Aggregate", "Strategy": "Plain", "Startup Cost": 37431.55, "Total Cost": 37431.56, "Plan Rows": 1, "Plan Width": 160, "Plans": [{"Node Type": "Nested Loop", "Parent Relationship": "Outer", "Join Type": "Inner", "Startup Cost": 10.12, "Total Cost": 37431.17, "Plan Rows": 51, "Plan Width": 64, "Inner Unique": true, "Plans": [{"Node Type": "Hash Join", "Parent Relationship": "Outer", "Join Type": "Inner", "Startup Cost": 9.86, "Total Cost": 37212.75, "Plan Rows": 51, "Plan Width": 59, "Inner Unique": true, "Hash Cond": "(mi_idx.info_type_id = it2.id)", "Plans": [{"Node Type": "Nested Loop", "Parent Relationship": "Outer", "Join Type": "Inner", "Startup Cost": 7.45, "Total Cost": 37209.32, "Plan Rows": 204, "Plan Width": 63, "Inner Unique": false, "Plans": [{"Node Type": "Hash Join", "Parent Relationship": "Outer", "Join Type": "Inner", "Startup Cost": 7.18, "Total Cost": 36635.85, "Plan Rows": 133, "Plan Width": 50, "Inner Unique": true, "Hash Cond": "(mi.info_type_id = it1.id)", "Plans": [{"Node Type": "Nested Loop", "Parent Relationship": "Outer", "Join Type": "Inner", "Startup Cost": 4.77, "Total Cost": 36629.3, "Plan Rows": 1561, "Plan Width": 54, "Inner Unique": false, "Plans": [{"Node Type": "Nested Loop", "Parent Relationship": "Outer", "Join Type": "Inner", "Startup Cost": 4.39, "Total Cost": 35306.9, "Plan Rows": 294, "Plan Width": 4, "Inner Unique": false, "Plans": [{"Node Type": "Streaming(type: LOCAL GATHER dop: 1/16)", "Parent Relationship": "Outer", "Startup Cost": 0.0, "Total Cost": 22123.07, "Plan Rows": 173, "Plan Width": 4, "Plans": [{"Node Type": "Seq Scan", "Parent Relationship": "Outer", "Relation Name": "name", "Alias": "n", "Startup Cost": 0.0, "Total Cost": 22119.33, "Plan Rows": 173, "Plan Width": 4, "Filter": "(((name)::text ~~ '%Tim%'::text) AND ((gender)::text = 'm'::text))"}]}, {"Node Type": "Bitmap Heap Scan", "Parent Relationship": "Inner", "Relation Name": "cast_info", "Alias": "ci", "Startup Cost": 4.39, "Total Cost": 76.19, "Plan Rows": 2, "Plan Width": 8, "Recheck Cond": "(person_id = n.id)", "Filter": "((note)::text = ANY ('{(producer),\"(executive producer)\"}'::text[]))", "Plans": [{"Node Type": "Bitmap Index Scan", "Parent Relationship": "Outer", "Index Name": "person_id_cast_info", "Startup Cost": 0.0, "Total Cost": 4.38, "Plan Rows": 18, "Plan Width": 0, "Index Cond": "(person_id = n.id)"}]}]}, {"Node Type": "Bitmap Heap Scan", "Parent Relationship": "Inner", "Relation Name": "movie_info", "Alias": "mi", "Startup Cost": 0.39, "Total Cost": 4.45, "Plan Rows": 5, "Plan Width": 50, "Recheck Cond": "(movie_id = ci.movie_id)", "Plans": [{"Node Type": "Bitmap Index Scan", "Parent Relationship": "Outer", "Index Name": "movie_id_movie_info", "Startup Cost": 0.0, "Total Cost": 0.38, "Plan Rows": 5, "Plan Width": 0, "Index Cond": "(movie_id = ci.movie_id)"}]}]}, {"Node Type": "Hash", "Parent Relationship": "Inner", "Startup Cost": 2.4, "Total Cost": 2.4, "Plan Rows": 1, "Plan Width": 4, "Plans": [{"Node Type": "Seq Scan", "Parent Relationship": "Outer", "Relation Name": "info_type", "Alias": "it1", "Startup Cost": 0.0, "Total Cost": 2.4, "Plan Rows": 1, "Plan Width": 4, "Filter": "((info)::text = 'budget'::text)"}]}]}, {"Node Type": "Bitmap Heap Scan", "Parent Relationship": "Inner", "Relation Name": "movie_info_idx", "Alias": "mi_idx", "Startup Cost": 0.27, "Total Cost": 4.29, "Plan Rows": 2, "Plan Width": 13, "Recheck Cond": "(movie_id = mi.movie_id)", "Plans": [{"Node Type": "Bitmap Index Scan", "Parent Relationship": "Outer", "Index Name": "movie_id_movie_info_idx", "Startup Cost": 0.0, "Total Cost": 0.27, "Plan Rows": 2, "Plan Width": 0, "Index Cond": "(movie_id = mi.movie_id)"}]}]}, {"Node Type": "Hash", "Parent Relationship": "Inner", "Startup Cost": 2.4, "Total Cost": 2.4, "Plan Rows": 1, "Plan Width": 4, "Plans": [{"Node Type": "Seq Scan", "Parent Relationship": "Outer", "Relation Name": "info_type", "Alias": "it2", "Startup Cost": 0.0, "Total Cost": 2.4, "Plan Rows": 1, "Plan Width": 4, "Filter": "((info)::text = 'votes'::text)"}]}]}, {"Node Type": "Bitmap Heap Scan", "Parent Relationship": "Inner", "Relation Name": "title", "Alias": "t", "Startup Cost": 0.26, "Total Cost": 4.27, "Plan Rows": 1, "Plan Width": 21, "Recheck Cond": "(id = mi.movie_id)", "Plans": [{"Node Type": "Bitmap Index Scan", "Parent Relationship": "Outer", "Index Name": "title_pkey", "Startup Cost": 0.0, "Total Cost": 0.26, "Plan Rows": 1, "Plan Width": 0, "Index Cond": "(id = mi.movie_id)"}]}]}]}, "Unique SQL Id": 4264520866, "Planner Runtime": 96}, "explain_analyze_plan": {"Plan": {"Node Type": "Aggregate", "Strategy": "Plain", "Startup Cost": 37431.55, "Total Cost": 37431.56, "Plan Rows": 1, "Plan Width": 160, "Actual Min Startup Time": 417.072, "Actual Max Startup Time": 417.072, "Actual Min Total Time": 417.072, "Actual Max Total Time": 417.072, "Plans": [{"Node Type": "Nested Loop", "Parent Relationship": "Outer", "Join Type": "Inner", "Startup Cost": 10.12, "Total Cost": 37431.17, "Plan Rows": 51, "Plan Width": 64, "Actual Min Startup Time": 24.222, "Actual Max Startup Time": 24.222, "Actual Min Total Time": 416.258, "Actual Max Total Time": 416.258, "Inner Unique": true, "Plans": [{"Node Type": "Hash Join", "Parent Relationship": "Outer", "Join Type": "Inner", "Startup Cost": 9.86, "Total Cost": 37212.75, "Plan Rows": 51, "Plan Width": 59, "Actual Min Startup Time": 24.198, "Actual Max Startup Time": 24.198, "Actual Min Total Time": 411.29, "Actual Max Total Time": 411.29, "Inner Unique": true, "Hash Cond": "(mi_idx.info_type_id = it2.id)", "Plans": [{"Node Type": "Nested Loop", "Parent Relationship": "Outer", "Join Type": "Inner", "Startup Cost": 7.45, "Total Cost": 37209.32, "Plan Rows": 204, "Plan Width": 63, "Actual Min Startup Time": 24.064, "Actual Max Startup Time": 24.064, "Actual Min Total Time": 410.654, "Actual Max Total Time": 410.654, "Inner Unique": false, "Plans": [{"Node Type": "Hash Join", "Parent Relationship": "Outer", "Join Type": "Inner", "Startup Cost": 7.18, "Total Cost": 36635.85, "Plan Rows": 133, "Plan Width": 50, "Actual Min Startup Time": 23.272, "Actual Max Startup Time": 23.272, "Actual Min Total Time": 402.772, "Actual Max Total Time": 402.772, "Inner Unique": true, "Hash Cond": "(mi.info_type_id = it1.id)", "Plans": [{"Node Type": "Nested Loop", "Parent Relationship": "Outer", "Join Type": "Inner", "Startup Cost": 4.77, "Total Cost": 36629.3, "Plan Rows": 1561, "Plan Width": 54, "Actual Min Startup Time": 23.154, "Actual Max Startup Time": 23.154, "Actual Min Total Time": 387.379, "Actual Max Total Time": 387.379, "Inner Unique": false, "Plans": [{"Node Type": "Nested Loop", "Parent Relationship": "Outer", "Join Type": "Inner", "Startup Cost": 4.39, "Total Cost": 35306.9, "Plan Rows": 294, "Plan Width": 4, "Actual Min Startup Time": 23.125, "Actual Max Startup Time": 23.125, "Actual Min Total Time": 214.505, "Actual Max Total Time": 214.505, "Inner Unique": false, "Plans": [{"Node Type": "Streaming(type: LOCAL GATHER dop: 1/16)", "Parent Relationship": "Outer", "Startup Cost": 0.0, "Total Cost": 22123.07, "Plan Rows": 173, "Plan Width": 4, "Actual Min Startup Time": 22.672, "Actual Max Startup Time": 22.672, "Actual Min Total Time": 65.711, "Actual Max Total Time": 65.711, "Plans": [{"Node Type": "Seq Scan", "Parent Relationship": "Outer", "Relation Name": "name", "Alias": "n", "Startup Cost": 0.0, "Total Cost": 22119.33, "Plan Rows": 173, "Plan Width": 4, "Actual Min Startup Time": 0.032, "Actual Max Startup Time": 0.833, "Actual Min Total Time": 101.74, "Actual Max Total Time": 105.965, "Filter": "(((name)::text ~~ '%Tim%'::text) AND ((gender)::text = 'm'::text))", "Rows Removed by Filter": 4158428, "Actual Rows": 9062}], "Actual Rows": 9062}, {"Node Type": "Bitmap Heap Scan", "Parent Relationship": "Inner", "Relation Name": "cast_info", "Alias": "ci", "Startup Cost": 4.39, "Total Cost": 76.19, "Plan Rows": 2, "Plan Width": 8, "Actual Min Startup Time": 120.156, "Actual Max Startup Time": 120.156, "Actual Min Total Time": 136.197, "Actual Max Total Time": 136.197, "Recheck Cond": "(person_id = n.id)", "Rows Removed by Index Recheck": 0, "Filter": "((note)::text = ANY ('{(producer),\"(executive producer)\"}'::text[]))", "Rows Removed by Filter": 89309, "Exact Heap Blocks": 13336, "Lossy Heap Blocks": 13336, "Plans": [{"Node Type": "Bitmap Index Scan", "Parent Relationship": "Outer", "Index Name": "person_id_cast_info", "Startup Cost": 0.0, "Total Cost": 4.38, "Plan Rows": 18, "Plan Width": 0, "Actual Min Startup Time": 50.817, "Actual Max Startup Time": 50.817, "Actual Min Total Time": 50.817, "Actual Max Total Time": 50.817, "Index Cond": "(person_id = n.id)", "Actual Rows": 96028}], "Actual Rows": 6719}], "Actual Rows": 6719}, {"Node Type": "Bitmap Heap Scan", "Parent Relationship": "Inner", "Relation Name": "movie_info", "Alias": "mi", "Startup Cost": 0.39, "Total Cost": 4.45, "Plan Rows": 5, "Plan Width": 50, "Actual Min Startup Time": 61.896, "Actual Max Startup Time": 61.896, "Actual Min Total Time": 145.137, "Actual Max Total Time": 145.137, "Recheck Cond": "(movie_id = ci.movie_id)", "Rows Removed by Index Recheck": 0, "Exact Heap Blocks": 40013, "Lossy Heap Blocks": 40013, "Plans": [{"Node Type": "Bitmap Index Scan", "Parent Relationship": "Outer", "Index Name": "movie_id_movie_info", "Startup Cost": 0.0, "Total Cost": 0.38, "Plan Rows": 5, "Plan Width": 0, "Actual Min Startup Time": 43.121, "Actual Max Startup Time": 43.121, "Actual Min Total Time": 43.121, "Actual Max Total Time": 43.121, "Index Cond": "(movie_id = ci.movie_id)", "Actual Rows": 95896}], "Actual Rows": 95896}], "Actual Rows": 95896}, {"Node Type": "Hash", "Parent Relationship": "Inner", "Startup Cost": 2.4, "Total Cost": 2.4, "Plan Rows": 1, "Plan Width": 4, "Actual Min Startup Time": 0.05, "Actual Max Startup Time": 0.05, "Actual Min Total Time": 0.05, "Actual Max Total Time": 0.05, "Max Hash Buckets": 32768, "Min Hash Buckets": 32768, "Max Hash Batches": 1, "Min Hash Batches": 1, "Max Original Hash Batches": 1, "Min Original Hash Batches": 1, "Max Peak Memory Usage": 1, "min Peak Memory Usage": 1, "Plans": [{"Node Type": "Seq Scan", "Parent Relationship": "Outer", "Relation Name": "info_type", "Alias": "it1", "Startup Cost": 0.0, "Total Cost": 2.4, "Plan Rows": 1, "Plan Width": 4, "Actual Min Startup Time": 0.045, "Actual Max Startup Time": 0.045, "Actual Min Total Time": 0.047, "Actual Max Total Time": 0.047, "Filter": "((info)::text = 'budget'::text)", "Rows Removed by Filter": 111, "Actual Rows": 1}], "Actual Rows": 1}], "Actual Rows": 699}, {"Node Type": "Bitmap Heap Scan", "Parent Relationship": "Inner", "Relation Name": "movie_info_idx", "Alias": "mi_idx", "Startup Cost": 0.27, "Total Cost": 4.29, "Plan Rows": 2, "Plan Width": 13, "Actual Min Startup Time": 6.298, "Actual Max Startup Time": 6.298, "Actual Min Total Time": 6.506, "Actual Max Total Time": 6.506, "Recheck Cond": "(movie_id = mi.movie_id)", "Rows Removed by Index Recheck": 0, "Exact Heap Blocks": 419, "Lossy Heap Blocks": 419, "Plans": [{"Node Type": "Bitmap Index Scan", "Parent Relationship": "Outer", "Index Name": "movie_id_movie_info_idx", "Startup Cost": 0.0, "Total Cost": 0.27, "Plan Rows": 2, "Plan Width": 0, "Actual Min Startup Time": 4.642, "Actual Max Startup Time": 4.642, "Actual Min Total Time": 4.642, "Actual Max Total Time": 4.642, "Index Cond": "(movie_id = mi.movie_id)", "Actual Rows": 1235}], "Actual Rows": 1235}], "Actual Rows": 1235}, {"Node Type": "Hash", "Parent Relationship": "Inner", "Startup Cost": 2.4, "Total Cost": 2.4, "Plan Rows": 1, "Plan Width": 4, "Actual Min Startup Time": 0.078, "Actual Max Startup Time": 0.078, "Actual Min Total Time": 0.078, "Actual Max Total Time": 0.078, "Max Hash Buckets": 32768, "Min Hash Buckets": 32768, "Max Hash Batches": 1, "Min Hash Batches": 1, "Max Original Hash Batches": 1, "Min Original Hash Batches": 1, "Max Peak Memory Usage": 1, "min Peak Memory Usage": 1, "Plans": [{"Node Type": "Seq Scan", "Parent Relationship": "Outer", "Relation Name": "info_type", "Alias": "it2", "Startup Cost": 0.0, "Total Cost": 2.4, "Plan Rows": 1, "Plan Width": 4, "Actual Min Startup Time": 0.061, "Actual Max Startup Time": 0.061, "Actual Min Total Time": 0.067, "Actual Max Total Time": 0.067, "Filter": "((info)::text = 'votes'::text)", "Rows Removed by Filter": 111, "Actual Rows": 1}], "Actual Rows": 1}], "Actual Rows": 410}, {"Node Type": "Bitmap Heap Scan", "Parent Relationship": "Inner", "Relation Name": "title", "Alias": "t", "Startup Cost": 0.26, "Total Cost": 4.27, "Plan Rows": 1, "Plan Width": 21, "Actual Min Startup Time": 4.175, "Actual Max Startup Time": 4.175, "Actual Min Total Time": 4.175, "Actual Max Total Time": 4.175, "Recheck Cond": "(id = mi.movie_id)", "Rows Removed by Index Recheck": 0, "Exact Heap Blocks": 410, "Lossy Heap Blocks": 410, "Plans": [{"Node Type": "Bitmap Index Scan", "Parent Relationship": "Outer", "Index Name": "title_pkey", "Startup Cost": 0.0, "Total Cost": 0.26, "Plan Rows": 1, "Plan Width": 0, "Actual Min Startup Time": 2.75, "Actual Max Startup Time": 2.75, "Actual Min Total Time": 2.75, "Actual Max Total Time": 2.75, "Index Cond": "(id = mi.movie_id)", "Actual Rows": 410}], "Actual Rows": 410}], "Actual Rows": 410}], "Actual Rows": 1}, "Triggers": [], "Planner Runtime": 105.127, "Total Runtime": 419.75, "Unique SQL Id": 4264520866}}, "(16, '99')": {"explain_plan": {"Plan": {"Node Type": "Aggregate", "Strategy": "Plain", "Startup Cost": 211870.77, "Total Cost": 211870.78, "Plan Rows": 1, "Plan Width": 160, "Plans": [{"Node Type": "Nested Loop", "Parent Relationship": "Outer", "Join Type": "Inner", "Startup Cost": 83177.52, "Total Cost": 211870.7, "Plan Rows": 9, "Plan Width": 64, "Inner Unique": true, "Plans": [{"Node Type": "Nested Loop", "Parent Relationship": "Outer", "Join Type": "Inner", "Startup Cost": 83177.26, "Total Cost": 211832.16, "Plan Rows": 9, "Plan Width": 59, "Inner Unique": true, "Plans": [{"Node Type": "Nested Loop", "Parent Relationship": "Outer", "Join Type": "Inner", "Startup Cost": 83177.0, "Total Cost": 211686.54, "Plan Rows": 34, "Plan Width": 63, "Inner Unique": false, "Plans": [{"Node Type": "Hash Join", "Parent Relationship": "Outer", "Join Type": "Inner", "Startup Cost": 83176.74, "Total Cost": 211591.68, "Plan Rows": 22, "Plan Width": 50, "Inner Unique": true, "Hash Cond": "(mi.info_type_id = it1.id)", "Plans": [{"Node Type": "Nested Loop", "Parent Relationship": "Outer", "Join Type": "Inner", "Startup Cost": 83162.51, "Total Cost": 211573.33, "Plan Rows": 1561, "Plan Width": 54, "Inner Unique": false, "Plans": [{"Node Type": "Nested Loop", "Parent Relationship": "Outer", "Join Type": "Inner", "Startup Cost": 83162.13, "Total Cost": 210250.93, "Plan Rows": 294, "Plan Width": 4, "Inner Unique": false, "Plans": [{"Node Type": "Bitmap Heap Scan", "Parent Relationship": "Outer", "Relation Name": "name", "Alias": "n", "Startup Cost": 83157.74, "Total Cost": 197067.09, "Plan Rows": 173, "Plan Width": 4, "Filter": "(((name)::text ~~ '%Tim%'::text) AND ((gender)::text = 'm'::text))", "Plans": [{"Node Type": "Bitmap Index Scan", "Parent Relationship": "Outer", "Index Name": "name_pkey", "Startup Cost": 0.0, "Total Cost": 83157.7, "Plan Rows": 4167490, "Plan Width": 0}]}, {"Node Type": "Bitmap Heap Scan", "Parent Relationship": "Inner", "Relation Name": "cast_info", "Alias": "ci", "Startup Cost": 4.39, "Total Cost": 76.19, "Plan Rows": 2, "Plan Width": 8, "Recheck Cond": "(person_id = n.id)", "Filter": "((note)::text = ANY ('{(producer),\"(executive producer)\"}'::text[]))", "Plans": [{"Node Type": "Bitmap Index Scan", "Parent Relationship": "Outer", "Index Name": "person_id_cast_info", "Startup Cost": 0.0, "Total Cost": 4.38, "Plan Rows": 18, "Plan Width": 0, "Index Cond": "(person_id = n.id)"}]}]}, {"Node Type": "Bitmap Heap Scan", "Parent Relationship": "Inner", "Relation Name": "movie_info", "Alias": "mi", "Startup Cost": 0.39, "Total Cost": 4.45, "Plan Rows": 5, "Plan Width": 50, "Recheck Cond": "(movie_id = ci.movie_id)", "Plans": [{"Node Type": "Bitmap Index Scan", "Parent Relationship": "Outer", "Index Name": "movie_id_movie_info", "Startup Cost": 0.0, "Total Cost": 0.38, "Plan Rows": 5, "Plan Width": 0, "Index Cond": "(movie_id = ci.movie_id)"}]}]}, {"Node Type": "Hash", "Parent Relationship": "Inner", "Startup Cost": 14.21, "Total Cost": 14.21, "Plan Rows": 1, "Plan Width": 4, "Plans": [{"Node Type": "Bitmap Heap Scan", "Parent Relationship": "Outer", "Relation Name": "info_type", "Alias": "it1", "Startup Cost": 8.81, "Total Cost": 14.21, "Plan Rows": 1, "Plan Width": 4, "Filter": "((info)::text = 'budget'::text)", "Plans": [{"Node Type": "Bitmap Index Scan", "Parent Relationship": "Outer", "Index Name": "info_type_pkey", "Startup Cost": 0.0, "Total Cost": 8.81, "Plan Rows": 112, "Plan Width": 0}]}]}]}, {"Node Type": "Bitmap Heap Scan", "Parent Relationship": "Inner", "Relation Name": "movie_info_idx", "Alias": "mi_idx", "Startup Cost": 0.27, "Total Cost": 4.29, "Plan Rows": 2, "Plan Width": 13, "Recheck Cond": "(movie_id = mi.movie_id)", "Plans": [{"Node Type": "Bitmap Index Scan", "Parent Relationship": "Outer", "Index Name": "movie_id_movie_info_idx", "Startup Cost": 0.0, "Total Cost": 0.27, "Plan Rows": 2, "Plan Width": 0, "Index Cond": "(movie_id = mi.movie_id)"}]}]}, {"Node Type": "Bitmap Heap Scan", "Parent Relationship": "Inner", "Relation Name": "info_type", "Alias": "it2", "Startup Cost": 0.26, "Total Cost": 4.27, "Plan Rows": 1, "Plan Width": 4, "Recheck Cond": "(id = mi_idx.info_type_id)", "Filter": "((info)::text = 'votes'::text)", "Plans": [{"Node Type": "Bitmap Index Scan", "Parent Relationship": "Outer", "Index Name": "info_type_pkey", "Startup Cost": 0.0, "Total Cost": 0.26, "Plan Rows": 1, "Plan Width": 0, "Index Cond": "(id = mi_idx.info_type_id)"}]}]}, {"Node Type": "Bitmap Heap Scan", "Parent Relationship": "Inner", "Relation Name": "title", "Alias": "t", "Startup Cost": 0.26, "Total Cost": 4.27, "Plan Rows": 1, "Plan Width": 21, "Recheck Cond": "(id = mi.movie_id)", "Plans": [{"Node Type": "Bitmap Index Scan", "Parent Relationship": "Outer", "Index Name": "title_pkey", "Startup Cost": 0.0, "Total Cost": 0.26, "Plan Rows": 1, "Plan Width": 0, "Index Cond": "(id = mi.movie_id)"}]}]}]}, "Unique SQL Id": 4264520866, "Planner Runtime": 19}, "explain_analyze_plan": null}, "(16, '100')": {"explain_plan": {"Plan": {"Node Type": "Aggregate", "Strategy": "Plain", "Startup Cost": 29894.16, "Total Cost": 29894.17, "Plan Rows": 1, "Plan Width": 160, "Plans": [{"Node Type": "Nested Loop", "Parent Relationship": "Outer", "Join Type": "Inner", "Startup Cost": 2.41, "Total Cost": 29894.1, "Plan Rows": 9, "Plan Width": 64, "Inner Unique": true, "Plans": [{"Node Type": "Nested Loop", "Parent Relationship": "Outer", "Join Type": "Inner", "Startup Cost": 2.41, "Total Cost": 29891.47, "Plan Rows": 9, "Plan Width": 59, "Inner Unique": true, "Plans": [{"Node Type": "Nested Loop", "Parent Relationship": "Outer", "Join Type": "Inner", "Startup Cost": 2.41, "Total Cost": 29833.84, "Plan Rows": 204, "Plan Width": 63, "Inner Unique": false, "Plans": [{"Node Type": "Hash Join", "Parent Relationship": "Outer", "Join Type": "Inner", "Startup Cost": 2.41, "Total Cost": 29792.2, "Plan Rows": 133, "Plan Width": 50, "Inner Unique": true, "Hash Cond": "(mi.info_type_id = it1.id)", "Plans": [{"Node Type": "Nested Loop", "Parent Relationship": "Outer", "Join Type": "Inner", "Startup Cost": 0.0, "Total Cost": 29785.66, "Plan Rows": 1561, "Plan Width": 54, "Inner Unique": false, "Plans": [{"Node Type": "Nested Loop", "Parent Relationship": "Outer", "Join Type": "Inner", "Startup Cost": 0.0, "Total Cost": 29565.43, "Plan Rows": 294, "Plan Width": 4, "Inner Unique": false, "Plans": [{"Node Type": "Streaming(type: LOCAL GATHER dop: 1/16)", "Parent Relationship": "Outer", "Startup Cost": 0.0, "Total Cost": 22123.07, "Plan Rows": 173, "Plan Width": 4, "Plans": [{"Node Type": "Seq Scan", "Parent Relationship": "Outer", "Relation Name": "name", "Alias": "n", "Startup Cost": 0.0, "Total Cost": 22119.33, "Plan Rows": 173, "Plan Width": 4, "Filter": "(((name)::text ~~ '%Tim%'::text) AND ((gender)::text = 'm'::text))"}]}, {"Node Type": "Index Scan", "Parent Relationship": "Inner", "Scan Direction": "Forward", "Index Name": "person_id_cast_info", "Relation Name": "cast_info", "Alias": "ci", "Startup Cost": 0.0, "Total Cost": 43.0, "Plan Rows": 2, "Plan Width": 8, "Index Cond": "(person_id = n.id)", "Filter": "((note)::text = ANY ('{(producer),\"(executive producer)\"}'::text[]))"}]}, {"Node Type": "Index Scan", "Parent Relationship": "Inner", "Scan Direction": "Forward", "Index Name": "movie_id_movie_info", "Relation Name": "movie_info", "Alias": "mi", "Startup Cost": 0.0, "Total Cost": 0.7, "Plan Rows": 5, "Plan Width": 50, "Index Cond": "(movie_id = ci.movie_id)"}]}, {"Node Type": "Hash", "Parent Relationship": "Inner", "Startup Cost": 2.4, "Total Cost": 2.4, "Plan Rows": 1, "Plan Width": 4, "Plans": [{"Node Type": "Seq Scan", "Parent Relationship": "Outer", "Relation Name": "info_type", "Alias": "it1", "Startup Cost": 0.0, "Total Cost": 2.4, "Plan Rows": 1, "Plan Width": 4, "Filter": "((info)::text = 'budget'::text)"}]}]}, {"Node Type": "Index Scan", "Parent Relationship": "Inner", "Scan Direction": "Forward", "Index Name": "movie_id_movie_info_idx", "Relation Name": "movie_info_idx", "Alias": "mi_idx", "Startup Cost": 0.0, "Total Cost": 0.29, "Plan Rows": 2, "Plan Width": 13, "Index Cond": "(movie_id = mi.movie_id)"}]}, {"Node Type": "Index Scan", "Parent Relationship": "Inner", "Scan Direction": "Forward", "Index Name": "info_type_pkey", "Relation Name": "info_type", "Alias": "it2", "Startup Cost": 0.0, "Total Cost": 0.27, "Plan Rows": 1, "Plan Width": 4, "Index Cond": "(id = mi_idx.info_type_id)", "Filter": "((info)::text = 'votes'::text)"}]}, {"Node Type": "Index Scan", "Parent Relationship": "Inner", "Scan Direction": "Forward", "Index Name": "title_pkey", "Relation Name": "title", "Alias": "t", "Startup Cost": 0.0, "Total Cost": 0.28, "Plan Rows": 1, "Plan Width": 21, "Index Cond": "(id = mi.movie_id)"}]}]}, "Unique SQL Id": 4264520866, "Planner Runtime": 68}, "explain_analyze_plan": {"Plan": {"Node Type": "Aggregate", "Strategy": "Plain", "Startup Cost": 29894.16, "Total Cost": 29894.17, "Plan Rows": 1, "Plan Width": 160, "Actual Min Startup Time": 369.109, "Actual Max Startup Time": 369.109, "Actual Min Total Time": 369.109, "Actual Max Total Time": 369.109, "Plans": [{"Node Type": "Nested Loop", "Parent Relationship": "Outer", "Join Type": "Inner", "Startup Cost": 2.41, "Total Cost": 29894.1, "Plan Rows": 9, "Plan Width": 64, "Actual Min Startup Time": 22.227, "Actual Max Startup Time": 22.227, "Actual Min Total Time": 368.394, "Actual Max Total Time": 368.394, "Inner Unique": true, "Plans": [{"Node Type": "Nested Loop", "Parent Relationship": "Outer", "Join Type": "Inner", "Startup Cost": 2.41, "Total Cost": 29891.47, "Plan Rows": 9, "Plan Width": 59, "Actual Min Startup Time": 22.208, "Actual Max Startup Time": 22.208, "Actual Min Total Time": 364.242, "Actual Max Total Time": 364.242, "Inner Unique": true, "Plans": [{"Node Type": "Nested Loop", "Parent Relationship": "Outer", "Join Type": "Inner", "Startup Cost": 2.41, "Total Cost": 29833.84, "Plan Rows": 204, "Plan Width": 63, "Actual Min Startup Time": 22.19, "Actual Max Startup Time": 22.19, "Actual Min Total Time": 360.744, "Actual Max Total Time": 360.744, "Inner Unique": false, "Plans": [{"Node Type": "Hash Join", "Parent Relationship": "Outer", "Join Type": "Inner", "Startup Cost": 2.41, "Total Cost": 29792.2, "Plan Rows": 133, "Plan Width": 50, "Actual Min Startup Time": 22.172, "Actual Max Startup Time": 22.172, "Actual Min Total Time": 354.059, "Actual Max Total Time": 354.059, "Inner Unique": true, "Hash Cond": "(mi.info_type_id = it1.id)", "Plans": [{"Node Type": "Nested Loop", "Parent Relationship": "Outer", "Join Type": "Inner", "Startup Cost": 0.0, "Total Cost": 29785.66, "Plan Rows": 1561, "Plan Width": 54, "Actual Min Startup Time": 20.167, "Actual Max Startup Time": 20.167, "Actual Min Total Time": 338.648, "Actual Max Total Time": 338.648, "Inner Unique": false, "Plans": [{"Node Type": "Nested Loop", "Parent Relationship": "Outer", "Join Type": "Inner", "Startup Cost": 0.0, "Total Cost": 29565.43, "Plan Rows": 294, "Plan Width": 4, "Actual Min Startup Time": 20.147, "Actual Max Startup Time": 20.147, "Actual Min Total Time": 192.174, "Actual Max Total Time": 192.174, "Inner Unique": false, "Plans": [{"Node Type": "Streaming(type: LOCAL GATHER dop: 1/16)", "Parent Relationship": "Outer", "Startup Cost": 0.0, "Total Cost": 22123.07, "Plan Rows": 173, "Plan Width": 4, "Actual Min Startup Time": 20.087, "Actual Max Startup Time": 20.087, "Actual Min Total Time": 61.558, "Actual Max Total Time": 61.558, "Plans": [{"Node Type": "Seq Scan", "Parent Relationship": "Outer", "Relation Name": "name", "Alias": "n", "Startup Cost": 0.0, "Total Cost": 22119.33, "Plan Rows": 173, "Plan Width": 4, "Actual Min Startup Time": 0.028, "Actual Max Startup Time": 0.841, "Actual Min Total Time": 101.789, "Actual Max Total Time": 105.936, "Filter": "(((name)::text ~~ '%Tim%'::text) AND ((gender)::text = 'm'::text))", "Rows Removed by Filter": 4158428, "Actual Rows": 9062}], "Actual Rows": 9062}, {"Node Type": "Index Scan", "Parent Relationship": "Inner", "Scan Direction": "Forward", "Index Name": "person_id_cast_info", "Relation Name": "cast_info", "Alias": "ci", "Startup Cost": 0.0, "Total Cost": 43.0, "Plan Rows": 2, "Plan Width": 8, "Actual Min Startup Time": 105.254, "Actual Max Startup Time": 105.254, "Actual Min Total Time": 124.312, "Actual Max Total Time": 124.312, "Index Cond": "(person_id = n.id)", "Rows Removed by Index Recheck": 0, "Filter": "((note)::text = ANY ('{(producer),\"(executive producer)\"}'::text[]))", "Rows Removed by Filter": 89309, "Actual Rows": 6719}], "Actual Rows": 6719}, {"Node Type": "Index Scan", "Parent Relationship": "Inner", "Scan Direction": "Forward", "Index Name": "movie_id_movie_info", "Relation Name": "movie_info", "Alias": "mi", "Startup Cost": 0.0, "Total Cost": 0.7, "Plan Rows": 5, "Plan Width": 50, "Actual Min Startup Time": 39.884, "Actual Max Startup Time": 39.884, "Actual Min Total Time": 122.723, "Actual Max Total Time": 122.723, "Index Cond": "(movie_id = ci.movie_id)", "Rows Removed by Index Recheck": 0, "Actual Rows": 95896}], "Actual Rows": 95896}, {"Node Type": "Hash", "Parent Relationship": "Inner", "Startup Cost": 2.4, "Total Cost": 2.4, "Plan Rows": 1, "Plan Width": 4, "Actual Min Startup Time": 0.077, "Actual Max Startup Time": 0.077, "Actual Min Total Time": 0.077, "Actual Max Total Time": 0.077, "Max Hash Buckets": 32768, "Min Hash Buckets": 32768, "Max Hash Batches": 1, "Min Hash Batches": 1, "Max Original Hash Batches": 1, "Min Original Hash Batches": 1, "Max Peak Memory Usage": 1, "min Peak Memory Usage": 1, "Plans": [{"Node Type": "Seq Scan", "Parent Relationship": "Outer", "Relation Name": "info_type", "Alias": "it1", "Startup Cost": 0.0, "Total Cost": 2.4, "Plan Rows": 1, "Plan Width": 4, "Actual Min Startup Time": 0.06, "Actual Max Startup Time": 0.06, "Actual Min Total Time": 0.065, "Actual Max Total Time": 0.065, "Filter": "((info)::text = 'budget'::text)", "Rows Removed by Filter": 111, "Actual Rows": 1}], "Actual Rows": 1}], "Actual Rows": 699}, {"Node Type": "Index Scan", "Parent Relationship": "Inner", "Scan Direction": "Forward", "Index Name": "movie_id_movie_info_idx", "Relation Name": "movie_info_idx", "Alias": "mi_idx", "Startup Cost": 0.0, "Total Cost": 0.29, "Plan Rows": 2, "Plan Width": 13, "Actual Min Startup Time": 5.314, "Actual Max Startup Time": 5.314, "Actual Min Total Time": 5.911, "Actual Max Total Time": 5.911, "Index Cond": "(movie_id = mi.movie_id)", "Rows Removed by Index Recheck": 0, "Actual Rows": 1235}], "Actual Rows": 1235}, {"Node Type": "Index Scan", "Parent Relationship": "Inner", "Scan Direction": "Forward", "Index Name": "info_type_pkey", "Relation Name": "info_type", "Alias": "it2", "Startup Cost": 0.0, "Total Cost": 0.27, "Plan Rows": 1, "Plan Width": 4, "Actual Min Startup Time": 2.685, "Actual Max Startup Time": 2.685, "Actual Min Total Time": 2.685, "Actual Max Total Time": 2.685, "Index Cond": "(id = mi_idx.info_type_id)", "Rows Removed by Index Recheck": 0, "Filter": "((info)::text = 'votes'::text)", "Rows Removed by Filter": 825, "Actual Rows": 410}], "Actual Rows": 410}, {"Node Type": "Index Scan", "Parent Relationship": "Inner", "Scan Direction": "Forward", "Index Name": "title_pkey", "Relation Name": "title", "Alias": "t", "Startup Cost": 0.0, "Total Cost": 0.28, "Plan Rows": 1, "Plan Width": 21, "Actual Min Startup Time": 3.64, "Actual Max Startup Time": 3.64, "Actual Min Total Time": 3.64, "Actual Max Total Time": 3.64, "Index Cond": "(id = mi.movie_id)", "Rows Removed by Index Recheck": 0, "Actual Rows": 410}], "Actual Rows": 410}], "Actual Rows": 1}, "Triggers": [], "Planner Runtime": 80.617, "Total Runtime": 371.735, "Unique SQL Id": 4264520866}}, "(16, '101')": {"explain_plan": {"Plan": {"Node Type": "Aggregate", "Strategy": "Plain", "Startup Cost": 161226.62, "Total Cost": 161226.63, "Plan Rows": 1, "Plan Width": 160, "Plans": [{"Node Type": "Nested Loop", "Parent Relationship": "Outer", "Join Type": "Inner", "Startup Cost": 0.0, "Total Cost": 161226.56, "Plan Rows": 9, "Plan Width": 64, "Inner Unique": true, "Plans": [{"Node Type": "Nested Loop", "Parent Relationship": "Outer", "Join Type": "Inner", "Startup Cost": 0.0, "Total Cost": 161223.93, "Plan Rows": 9, "Plan Width": 59, "Inner Unique": true, "Plans": [{"Node Type": "Nested Loop", "Parent Relationship": "Outer", "Join Type": "Inner", "Startup Cost": 0.0, "Total Cost": 161145.11, "Plan Rows": 279, "Plan Width": 63, "Inner Unique": false, "Join Filter": "(mi_idx.movie_id = mi.movie_id)", "Plans": [{"Node Type": "Nested Loop", "Parent Relationship": "Outer", "Join Type": "Inner", "Startup Cost": 0.0, "Total Cost": 161105.51, "Plan Rows": 52, "Plan Width": 13, "Inner Unique": true, "Plans": [{"Node Type": "Nested Loop", "Parent Relationship": "Outer", "Join Type": "Inner", "Startup Cost": 0.0, "Total Cost": 161007.76, "Plan Rows": 346, "Plan Width": 17, "Inner Unique": false, "Plans": [{"Node Type": "Nested Loop", "Parent Relationship": "Outer", "Join Type": "Inner", "Startup Cost": 0.0, "Total Cost": 160910.97, "Plan Rows": 294, "Plan Width": 4, "Inner Unique": false, "Plans": [{"Node Type": "Streaming(type: LOCAL GATHER dop: 1/16)", "Parent Relationship": "Outer", "Startup Cost": 0.0, "Total Cost": 153468.6, "Plan Rows": 173, "Plan Width": 4, "Plans": [{"Node Type": "Index Scan", "Parent Relationship": "Outer", "Scan Direction": "Forward", "Index Name": "name_pkey", "Relation Name": "name", "Alias": "n", "Startup Cost": 0.0, "Total Cost": 153464.87, "Plan Rows": 173, "Plan Width": 4, "Filter": "(((name)::text ~~ '%Tim%'::text) AND ((gender)::text = 'm'::text))"}]}, {"Node Type": "Index Scan", "Parent Relationship": "Inner", "Scan Direction": "Forward", "Index Name": "person_id_cast_info", "Relation Name": "cast_info", "Alias": "ci", "Startup Cost": 0.0, "Total Cost": 43.0, "Plan Rows": 2, "Plan Width": 8, "Index Cond": "(person_id = n.id)", "Filter": "((note)::text = ANY ('{(producer),\"(executive producer)\"}'::text[]))"}]}, {"Node Type": "Index Scan", "Parent Relationship": "Inner", "Scan Direction": "Forward", "Index Name": "movie_id_movie_info_idx", "Relation Name": "movie_info_idx", "Alias": "mi_idx", "Startup Cost": 0.0, "Total Cost": 0.31, "Plan Rows": 2, "Plan Width": 13, "Index Cond": "(movie_id = ci.movie_id)"}]}, {"Node Type": "Index Scan", "Parent Relationship": "Inner", "Scan Direction": "Forward", "Index Name": "info_type_pkey", "Relation Name": "info_type", "Alias": "it2", "Startup Cost": 0.0, "Total Cost": 0.27, "Plan Rows": 1, "Plan Width": 4, "Index Cond": "(id = mi_idx.info_type_id)", "Filter": "((info)::text = 'votes'::text)"}]}, {"Node Type": "Index Scan", "Parent Relationship": "Inner", "Scan Direction": "Forward", "Index Name": "movie_id_movie_info", "Relation Name": "movie_info", "Alias": "mi", "Startup Cost": 0.0, "Total Cost": 0.7, "Plan Rows": 5, "Plan Width": 50, "Index Cond": "(movie_id = ci.movie_id)"}]}, {"Node Type": "Index Scan", "Parent Relationship": "Inner", "Scan Direction": "Forward", "Index Name": "info_type_pkey", "Relation Name": "info_type", "Alias": "it1", "Startup Cost": 0.0, "Total Cost": 0.27, "Plan Rows": 1, "Plan Width": 4, "Index Cond": "(id = mi.info_type_id)", "Filter": "((info)::text = 'budget'::text)"}]}, {"Node Type": "Index Scan", "Parent Relationship": "Inner", "Scan Direction": "Forward", "Index Name": "title_pkey", "Relation Name": "title", "Alias": "t", "Startup Cost": 0.0, "Total Cost": 0.28, "Plan Rows": 1, "Plan Width": 21, "Index Cond": "(id = mi.movie_id)"}]}]}, "Unique SQL Id": 4264520866, "Planner Runtime": 31}, "explain_analyze_plan": {"Plan": {"Node Type": "Aggregate", "Strategy": "Plain", "Startup Cost": 161226.62, "Total Cost": 161226.63, "Plan Rows": 1, "Plan Width": 160, "Actual Min Startup Time": 607.284, "Actual Max Startup Time": 607.284, "Actual Min Total Time": 607.284, "Actual Max Total Time": 607.284, "Plans": [{"Node Type": "Nested Loop", "Parent Relationship": "Outer", "Join Type": "Inner", "Startup Cost": 0.0, "Total Cost": 161226.56, "Plan Rows": 9, "Plan Width": 64, "Actual Min Startup Time": 76.744, "Actual Max Startup Time": 76.744, "Actual Min Total Time": 606.583, "Actual Max Total Time": 606.583, "Inner Unique": true, "Plans": [{"Node Type": "Nested Loop", "Parent Relationship": "Outer", "Join Type": "Inner", "Startup Cost": 0.0, "Total Cost": 161223.93, "Plan Rows": 9, "Plan Width": 59, "Actual Min Startup Time": 76.723, "Actual Max Startup Time": 76.723, "Actual Min Total Time": 602.309, "Actual Max Total Time": 602.309, "Inner Unique": true, "Plans": [{"Node Type": "Nested Loop", "Parent Relationship": "Outer", "Join Type": "Inner", "Startup Cost": 0.0, "Total Cost": 161145.11, "Plan Rows": 279, "Plan Width": 63, "Actual Min Startup Time": 76.681, "Actual Max Startup Time": 76.681, "Actual Min Total Time": 420.887, "Actual Max Total Time": 420.887, "Inner Unique": false, "Join Filter": "(mi_idx.movie_id = mi.movie_id)", "Rows Removed by Join Filter": 0, "Plans": [{"Node Type": "Nested Loop", "Parent Relationship": "Outer", "Join Type": "Inner", "Startup Cost": 0.0, "Total Cost": 161105.51, "Plan Rows": 52, "Plan Width": 13, "Actual Min Startup Time": 76.658, "Actual Max Startup Time": 76.658, "Actual Min Total Time": 292.413, "Actual Max Total Time": 292.413, "Inner Unique": true, "Plans": [{"Node Type": "Nested Loop", "Parent Relationship": "Outer", "Join Type": "Inner", "Startup Cost": 0.0, "Total Cost": 161007.76, "Plan Rows": 346, "Plan Width": 17, "Actual Min Startup Time": 76.636, "Actual Max Startup Time": 76.636, "Actual Min Total Time": 267.06, "Actual Max Total Time": 267.06, "Inner Unique": false, "Plans": [{"Node Type": "Nested Loop", "Parent Relationship": "Outer", "Join Type": "Inner", "Startup Cost": 0.0, "Total Cost": 160910.97, "Plan Rows": 294, "Plan Width": 4, "Actual Min Startup Time": 76.609, "Actual Max Startup Time": 76.609, "Actual Min Total Time": 228.308, "Actual Max Total Time": 228.308, "Inner Unique": false, "Plans": [{"Node Type": "Streaming(type: LOCAL GATHER dop: 1/16)", "Parent Relationship": "Outer", "Startup Cost": 0.0, "Total Cost": 153468.6, "Plan Rows": 173, "Plan Width": 4, "Actual Min Startup Time": 76.451, "Actual Max Startup Time": 76.451, "Actual Min Total Time": 97.413, "Actual Max Total Time": 97.413, "Plans": [{"Node Type": "Index Scan", "Parent Relationship": "Outer", "Scan Direction": "Forward", "Index Name": "name_pkey", "Relation Name": "name", "Alias": "n", "Startup Cost": 0.0, "Total Cost": 153464.87, "Plan Rows": 173, "Plan Width": 4, "Actual Min Startup Time": 45.312, "Actual Max Startup Time": 303.084, "Actual Min Total Time": 276.11, "Actual Max Total Time": 305.567, "Filter": "(((name)::text ~~ '%Tim%'::text) AND ((gender)::text = 'm'::text))", "Rows Removed by Filter": 4158428, "Actual Rows": 9062}], "Actual Rows": 9062}, {"Node Type": "Index Scan", "Parent Relationship": "Inner", "Scan Direction": "Forward", "Index Name": "person_id_cast_info", "Relation Name": "cast_info", "Alias": "ci", "Startup Cost": 0.0, "Total Cost": 43.0, "Plan Rows": 2, "Plan Width": 8, "Actual Min Startup Time": 104.871, "Actual Max Startup Time": 104.871, "Actual Min Total Time": 124.44, "Actual Max Total Time": 124.44, "Index Cond": "(person_id = n.id)", "Rows Removed by Index Recheck": 0, "Filter": "((note)::text = ANY ('{(producer),\"(executive producer)\"}'::text[]))", "Rows Removed by Filter": 89309, "Actual Rows": 6719}], "Actual Rows": 6719}, {"Node Type": "Index Scan", "Parent Relationship": "Inner", "Scan Direction": "Forward", "Index Name": "movie_id_movie_info_idx", "Relation Name": "movie_info_idx", "Alias": "mi_idx", "Startup Cost": 0.0, "Total Cost": 0.31, "Plan Rows": 2, "Plan Width": 13, "Actual Min Startup Time": 28.535, "Actual Max Startup Time": 28.535, "Actual Min Total Time": 32.59, "Actual Max Total Time": 32.59, "Index Cond": "(movie_id = ci.movie_id)", "Rows Removed by Index Recheck": 0, "Actual Rows": 10310}], "Actual Rows": 10310}, {"Node Type": "Index Scan", "Parent Relationship": "Inner", "Scan Direction": "Forward", "Index Name": "info_type_pkey", "Relation Name": "info_type", "Alias": "it2", "Startup Cost": 0.0, "Total Cost": 0.27, "Plan Rows": 1, "Plan Width": 4, "Actual Min Startup Time": 19.515, "Actual Max Startup Time": 19.515, "Actual Min Total Time": 19.515, "Actual Max Total Time": 19.515, "Index Cond": "(id = mi_idx.info_type_id)", "Rows Removed by Index Recheck": 0, "Filter": "((info)::text = 'votes'::text)", "Rows Removed by Filter": 6875, "Actual Rows": 3435}], "Actual Rows": 3435}, {"Node Type": "Index Scan", "Parent Relationship": "Inner", "Scan Direction": "Forward", "Index Name": "movie_id_movie_info", "Relation Name": "movie_info", "Alias": "mi", "Startup Cost": 0.0, "Total Cost": 0.7, "Plan Rows": 5, "Plan Width": 50, "Actual Min Startup Time": 24.09, "Actual Max Startup Time": 24.09, "Actual Min Total Time": 96.018, "Actual Max Total Time": 96.018, "Index Cond": "(movie_id = ci.movie_id)", "Rows Removed by Index Recheck": 0, "Actual Rows": 82408}], "Actual Rows": 82408}, {"Node Type": "Index Scan", "Parent Relationship": "Inner", "Scan Direction": "Forward", "Index Name": "info_type_pkey", "Relation Name": "info_type", "Alias": "it1", "Startup Cost": 0.0, "Total Cost": 0.27, "Plan Rows": 1, "Plan Width": 4, "Actual Min Startup Time": 143.239, "Actual Max Startup Time": 143.239, "Actual Min Total Time": 143.239, "Actual Max Total Time": 143.239, "Index Cond": "(id = mi.info_type_id)", "Rows Removed by Index Recheck": 0, "Filter": "((info)::text = 'budget'::text)", "Rows Removed by Filter": 79844, "Actual Rows": 410}], "Actual Rows": 410}, {"Node Type": "Index Scan", "Parent Relationship": "Inner", "Scan Direction": "Forward", "Index Name": "title_pkey", "Relation Name": "title", "Alias": "t", "Startup Cost": 0.0, "Total Cost": 0.28, "Plan Rows": 1, "Plan Width": 21, "Actual Min Startup Time": 3.705, "Actual Max Startup Time": 3.705, "Actual Min Total Time": 3.705, "Actual Max Total Time": 3.705, "Index Cond": "(id = mi.movie_id)", "Rows Removed by Index Recheck": 0, "Actual Rows": 410}], "Actual Rows": 410}], "Actual Rows": 1}, "Triggers": [], "Planner Runtime": 50.937, "Total Runtime": 609.898, "Unique SQL Id": 4264520866}}, "(16, '102')": {"explain_plan": {"Plan": {"Node Type": "Aggregate", "Strategy": "Plain", "Startup Cost": 37431.55, "Total Cost": 37431.56, "Plan Rows": 1, "Plan Width": 160, "Plans": [{"Node Type": "Nested Loop", "Parent Relationship": "Outer", "Join Type": "Inner", "Startup Cost": 10.12, "Total Cost": 37431.17, "Plan Rows": 51, "Plan Width": 64, "Inner Unique": true, "Plans": [{"Node Type": "Hash Join", "Parent Relationship": "Outer", "Join Type": "Inner", "Startup Cost": 9.86, "Total Cost": 37212.75, "Plan Rows": 51, "Plan Width": 59, "Inner Unique": true, "Hash Cond": "(mi_idx.info_type_id = it2.id)", "Plans": [{"Node Type": "Nested Loop", "Parent Relationship": "Outer", "Join Type": "Inner", "Startup Cost": 7.45, "Total Cost": 37209.32, "Plan Rows": 204, "Plan Width": 63, "Inner Unique": false, "Plans": [{"Node Type": "Hash Join", "Parent Relationship": "Outer", "Join Type": "Inner", "Startup Cost": 7.18, "Total Cost": 36635.85, "Plan Rows": 133, "Plan Width": 50, "Inner Unique": true, "Hash Cond": "(mi.info_type_id = it1.id)", "Plans": [{"Node Type": "Nested Loop", "Parent Relationship": "Outer", "Join Type": "Inner", "Startup Cost": 4.77, "Total Cost": 36629.3, "Plan Rows": 1561, "Plan Width": 54, "Inner Unique": false, "Plans": [{"Node Type": "Nested Loop", "Parent Relationship": "Outer", "Join Type": "Inner", "Startup Cost": 4.39, "Total Cost": 35306.9, "Plan Rows": 294, "Plan Width": 4, "Inner Unique": false, "Plans": [{"Node Type": "Streaming(type: LOCAL GATHER dop: 1/16)", "Parent Relationship": "Outer", "Startup Cost": 0.0, "Total Cost": 22123.07, "Plan Rows": 173, "Plan Width": 4, "Plans": [{"Node Type": "Seq Scan", "Parent Relationship": "Outer", "Relation Name": "name", "Alias": "n", "Startup Cost": 0.0, "Total Cost": 22119.33, "Plan Rows": 173, "Plan Width": 4, "Filter": "(((name)::text ~~ '%Tim%'::text) AND ((gender)::text = 'm'::text))"}]}, {"Node Type": "Bitmap Heap Scan", "Parent Relationship": "Inner", "Relation Name": "cast_info", "Alias": "ci", "Startup Cost": 4.39, "Total Cost": 76.19, "Plan Rows": 2, "Plan Width": 8, "Recheck Cond": "(person_id = n.id)", "Filter": "((note)::text = ANY ('{(producer),\"(executive producer)\"}'::text[]))", "Plans": [{"Node Type": "Bitmap Index Scan", "Parent Relationship": "Outer", "Index Name": "person_id_cast_info", "Startup Cost": 0.0, "Total Cost": 4.38, "Plan Rows": 18, "Plan Width": 0, "Index Cond": "(person_id = n.id)"}]}]}, {"Node Type": "Bitmap Heap Scan", "Parent Relationship": "Inner", "Relation Name": "movie_info", "Alias": "mi", "Startup Cost": 0.39, "Total Cost": 4.45, "Plan Rows": 5, "Plan Width": 50, "Recheck Cond": "(movie_id = ci.movie_id)", "Plans": [{"Node Type": "Bitmap Index Scan", "Parent Relationship": "Outer", "Index Name": "movie_id_movie_info", "Startup Cost": 0.0, "Total Cost": 0.38, "Plan Rows": 5, "Plan Width": 0, "Index Cond": "(movie_id = ci.movie_id)"}]}]}, {"Node Type": "Hash", "Parent Relationship": "Inner", "Startup Cost": 2.4, "Total Cost": 2.4, "Plan Rows": 1, "Plan Width": 4, "Plans": [{"Node Type": "Seq Scan", "Parent Relationship": "Outer", "Relation Name": "info_type", "Alias": "it1", "Startup Cost": 0.0, "Total Cost": 2.4, "Plan Rows": 1, "Plan Width": 4, "Filter": "((info)::text = 'budget'::text)"}]}]}, {"Node Type": "Bitmap Heap Scan", "Parent Relationship": "Inner", "Relation Name": "movie_info_idx", "Alias": "mi_idx", "Startup Cost": 0.27, "Total Cost": 4.29, "Plan Rows": 2, "Plan Width": 13, "Recheck Cond": "(movie_id = mi.movie_id)", "Plans": [{"Node Type": "Bitmap Index Scan", "Parent Relationship": "Outer", "Index Name": "movie_id_movie_info_idx", "Startup Cost": 0.0, "Total Cost": 0.27, "Plan Rows": 2, "Plan Width": 0, "Index Cond": "(movie_id = mi.movie_id)"}]}]}, {"Node Type": "Hash", "Parent Relationship": "Inner", "Startup Cost": 2.4, "Total Cost": 2.4, "Plan Rows": 1, "Plan Width": 4, "Plans": [{"Node Type": "Seq Scan", "Parent Relationship": "Outer", "Relation Name": "info_type", "Alias": "it2", "Startup Cost": 0.0, "Total Cost": 2.4, "Plan Rows": 1, "Plan Width": 4, "Filter": "((info)::text = 'votes'::text)"}]}]}, {"Node Type": "Bitmap Heap Scan", "Parent Relationship": "Inner", "Relation Name": "title", "Alias": "t", "Startup Cost": 0.26, "Total Cost": 4.27, "Plan Rows": 1, "Plan Width": 21, "Recheck Cond": "(id = mi.movie_id)", "Plans": [{"Node Type": "Bitmap Index Scan", "Parent Relationship": "Outer", "Index Name": "title_pkey", "Startup Cost": 0.0, "Total Cost": 0.26, "Plan Rows": 1, "Plan Width": 0, "Index Cond": "(id = mi.movie_id)"}]}]}]}, "Unique SQL Id": 4264520866, "Planner Runtime": 95}, "explain_analyze_plan": {"Plan": {"Node Type": "Aggregate", "Strategy": "Plain", "Startup Cost": 37431.55, "Total Cost": 37431.56, "Plan Rows": 1, "Plan Width": 160, "Actual Min Startup Time": 417.072, "Actual Max Startup Time": 417.072, "Actual Min Total Time": 417.072, "Actual Max Total Time": 417.072, "Plans": [{"Node Type": "Nested Loop", "Parent Relationship": "Outer", "Join Type": "Inner", "Startup Cost": 10.12, "Total Cost": 37431.17, "Plan Rows": 51, "Plan Width": 64, "Actual Min Startup Time": 24.222, "Actual Max Startup Time": 24.222, "Actual Min Total Time": 416.258, "Actual Max Total Time": 416.258, "Inner Unique": true, "Plans": [{"Node Type": "Hash Join", "Parent Relationship": "Outer", "Join Type": "Inner", "Startup Cost": 9.86, "Total Cost": 37212.75, "Plan Rows": 51, "Plan Width": 59, "Actual Min Startup Time": 24.198, "Actual Max Startup Time": 24.198, "Actual Min Total Time": 411.29, "Actual Max Total Time": 411.29, "Inner Unique": true, "Hash Cond": "(mi_idx.info_type_id = it2.id)", "Plans": [{"Node Type": "Nested Loop", "Parent Relationship": "Outer", "Join Type": "Inner", "Startup Cost": 7.45, "Total Cost": 37209.32, "Plan Rows": 204, "Plan Width": 63, "Actual Min Startup Time": 24.064, "Actual Max Startup Time": 24.064, "Actual Min Total Time": 410.654, "Actual Max Total Time": 410.654, "Inner Unique": false, "Plans": [{"Node Type": "Hash Join", "Parent Relationship": "Outer", "Join Type": "Inner", "Startup Cost": 7.18, "Total Cost": 36635.85, "Plan Rows": 133, "Plan Width": 50, "Actual Min Startup Time": 23.272, "Actual Max Startup Time": 23.272, "Actual Min Total Time": 402.772, "Actual Max Total Time": 402.772, "Inner Unique": true, "Hash Cond": "(mi.info_type_id = it1.id)", "Plans": [{"Node Type": "Nested Loop", "Parent Relationship": "Outer", "Join Type": "Inner", "Startup Cost": 4.77, "Total Cost": 36629.3, "Plan Rows": 1561, "Plan Width": 54, "Actual Min Startup Time": 23.154, "Actual Max Startup Time": 23.154, "Actual Min Total Time": 387.379, "Actual Max Total Time": 387.379, "Inner Unique": false, "Plans": [{"Node Type": "Nested Loop", "Parent Relationship": "Outer", "Join Type": "Inner", "Startup Cost": 4.39, "Total Cost": 35306.9, "Plan Rows": 294, "Plan Width": 4, "Actual Min Startup Time": 23.125, "Actual Max Startup Time": 23.125, "Actual Min Total Time": 214.505, "Actual Max Total Time": 214.505, "Inner Unique": false, "Plans": [{"Node Type": "Streaming(type: LOCAL GATHER dop: 1/16)", "Parent Relationship": "Outer", "Startup Cost": 0.0, "Total Cost": 22123.07, "Plan Rows": 173, "Plan Width": 4, "Actual Min Startup Time": 22.672, "Actual Max Startup Time": 22.672, "Actual Min Total Time": 65.711, "Actual Max Total Time": 65.711, "Plans": [{"Node Type": "Seq Scan", "Parent Relationship": "Outer", "Relation Name": "name", "Alias": "n", "Startup Cost": 0.0, "Total Cost": 22119.33, "Plan Rows": 173, "Plan Width": 4, "Actual Min Startup Time": 0.032, "Actual Max Startup Time": 0.833, "Actual Min Total Time": 101.74, "Actual Max Total Time": 105.965, "Filter": "(((name)::text ~~ '%Tim%'::text) AND ((gender)::text = 'm'::text))", "Rows Removed by Filter": 4158428, "Actual Rows": 9062}], "Actual Rows": 9062}, {"Node Type": "Bitmap Heap Scan", "Parent Relationship": "Inner", "Relation Name": "cast_info", "Alias": "ci", "Startup Cost": 4.39, "Total Cost": 76.19, "Plan Rows": 2, "Plan Width": 8, "Actual Min Startup Time": 120.156, "Actual Max Startup Time": 120.156, "Actual Min Total Time": 136.197, "Actual Max Total Time": 136.197, "Recheck Cond": "(person_id = n.id)", "Rows Removed by Index Recheck": 0, "Filter": "((note)::text = ANY ('{(producer),\"(executive producer)\"}'::text[]))", "Rows Removed by Filter": 89309, "Exact Heap Blocks": 13336, "Lossy Heap Blocks": 13336, "Plans": [{"Node Type": "Bitmap Index Scan", "Parent Relationship": "Outer", "Index Name": "person_id_cast_info", "Startup Cost": 0.0, "Total Cost": 4.38, "Plan Rows": 18, "Plan Width": 0, "Actual Min Startup Time": 50.817, "Actual Max Startup Time": 50.817, "Actual Min Total Time": 50.817, "Actual Max Total Time": 50.817, "Index Cond": "(person_id = n.id)", "Actual Rows": 96028}], "Actual Rows": 6719}], "Actual Rows": 6719}, {"Node Type": "Bitmap Heap Scan", "Parent Relationship": "Inner", "Relation Name": "movie_info", "Alias": "mi", "Startup Cost": 0.39, "Total Cost": 4.45, "Plan Rows": 5, "Plan Width": 50, "Actual Min Startup Time": 61.896, "Actual Max Startup Time": 61.896, "Actual Min Total Time": 145.137, "Actual Max Total Time": 145.137, "Recheck Cond": "(movie_id = ci.movie_id)", "Rows Removed by Index Recheck": 0, "Exact Heap Blocks": 40013, "Lossy Heap Blocks": 40013, "Plans": [{"Node Type": "Bitmap Index Scan", "Parent Relationship": "Outer", "Index Name": "movie_id_movie_info", "Startup Cost": 0.0, "Total Cost": 0.38, "Plan Rows": 5, "Plan Width": 0, "Actual Min Startup Time": 43.121, "Actual Max Startup Time": 43.121, "Actual Min Total Time": 43.121, "Actual Max Total Time": 43.121, "Index Cond": "(movie_id = ci.movie_id)", "Actual Rows": 95896}], "Actual Rows": 95896}], "Actual Rows": 95896}, {"Node Type": "Hash", "Parent Relationship": "Inner", "Startup Cost": 2.4, "Total Cost": 2.4, "Plan Rows": 1, "Plan Width": 4, "Actual Min Startup Time": 0.05, "Actual Max Startup Time": 0.05, "Actual Min Total Time": 0.05, "Actual Max Total Time": 0.05, "Max Hash Buckets": 32768, "Min Hash Buckets": 32768, "Max Hash Batches": 1, "Min Hash Batches": 1, "Max Original Hash Batches": 1, "Min Original Hash Batches": 1, "Max Peak Memory Usage": 1, "min Peak Memory Usage": 1, "Plans": [{"Node Type": "Seq Scan", "Parent Relationship": "Outer", "Relation Name": "info_type", "Alias": "it1", "Startup Cost": 0.0, "Total Cost": 2.4, "Plan Rows": 1, "Plan Width": 4, "Actual Min Startup Time": 0.045, "Actual Max Startup Time": 0.045, "Actual Min Total Time": 0.047, "Actual Max Total Time": 0.047, "Filter": "((info)::text = 'budget'::text)", "Rows Removed by Filter": 111, "Actual Rows": 1}], "Actual Rows": 1}], "Actual Rows": 699}, {"Node Type": "Bitmap Heap Scan", "Parent Relationship": "Inner", "Relation Name": "movie_info_idx", "Alias": "mi_idx", "Startup Cost": 0.27, "Total Cost": 4.29, "Plan Rows": 2, "Plan Width": 13, "Actual Min Startup Time": 6.298, "Actual Max Startup Time": 6.298, "Actual Min Total Time": 6.506, "Actual Max Total Time": 6.506, "Recheck Cond": "(movie_id = mi.movie_id)", "Rows Removed by Index Recheck": 0, "Exact Heap Blocks": 419, "Lossy Heap Blocks": 419, "Plans": [{"Node Type": "Bitmap Index Scan", "Parent Relationship": "Outer", "Index Name": "movie_id_movie_info_idx", "Startup Cost": 0.0, "Total Cost": 0.27, "Plan Rows": 2, "Plan Width": 0, "Actual Min Startup Time": 4.642, "Actual Max Startup Time": 4.642, "Actual Min Total Time": 4.642, "Actual Max Total Time": 4.642, "Index Cond": "(movie_id = mi.movie_id)", "Actual Rows": 1235}], "Actual Rows": 1235}], "Actual Rows": 1235}, {"Node Type": "Hash", "Parent Relationship": "Inner", "Startup Cost": 2.4, "Total Cost": 2.4, "Plan Rows": 1, "Plan Width": 4, "Actual Min Startup Time": 0.078, "Actual Max Startup Time": 0.078, "Actual Min Total Time": 0.078, "Actual Max Total Time": 0.078, "Max Hash Buckets": 32768, "Min Hash Buckets": 32768, "Max Hash Batches": 1, "Min Hash Batches": 1, "Max Original Hash Batches": 1, "Min Original Hash Batches": 1, "Max Peak Memory Usage": 1, "min Peak Memory Usage": 1, "Plans": [{"Node Type": "Seq Scan", "Parent Relationship": "Outer", "Relation Name": "info_type", "Alias": "it2", "Startup Cost": 0.0, "Total Cost": 2.4, "Plan Rows": 1, "Plan Width": 4, "Actual Min Startup Time": 0.061, "Actual Max Startup Time": 0.061, "Actual Min Total Time": 0.067, "Actual Max Total Time": 0.067, "Filter": "((info)::text = 'votes'::text)", "Rows Removed by Filter": 111, "Actual Rows": 1}], "Actual Rows": 1}], "Actual Rows": 410}, {"Node Type": "Bitmap Heap Scan", "Parent Relationship": "Inner", "Relation Name": "title", "Alias": "t", "Startup Cost": 0.26, "Total Cost": 4.27, "Plan Rows": 1, "Plan Width": 21, "Actual Min Startup Time": 4.175, "Actual Max Startup Time": 4.175, "Actual Min Total Time": 4.175, "Actual Max Total Time": 4.175, "Recheck Cond": "(id = mi.movie_id)", "Rows Removed by Index Recheck": 0, "Exact Heap Blocks": 410, "Lossy Heap Blocks": 410, "Plans": [{"Node Type": "Bitmap Index Scan", "Parent Relationship": "Outer", "Index Name": "title_pkey", "Startup Cost": 0.0, "Total Cost": 0.26, "Plan Rows": 1, "Plan Width": 0, "Actual Min Startup Time": 2.75, "Actual Max Startup Time": 2.75, "Actual Min Total Time": 2.75, "Actual Max Total Time": 2.75, "Index Cond": "(id = mi.movie_id)", "Actual Rows": 410}], "Actual Rows": 410}], "Actual Rows": 410}], "Actual Rows": 1}, "Triggers": [], "Planner Runtime": 105.127, "Total Runtime": 419.75, "Unique SQL Id": 4264520866}}, "(16, '103')": {"explain_plan": {"Plan": {"Node Type": "Aggregate", "Strategy": "Plain", "Startup Cost": 211870.77, "Total Cost": 211870.78, "Plan Rows": 1, "Plan Width": 160, "Plans": [{"Node Type": "Nested Loop", "Parent Relationship": "Outer", "Join Type": "Inner", "Startup Cost": 83177.52, "Total Cost": 211870.7, "Plan Rows": 9, "Plan Width": 64, "Inner Unique": true, "Plans": [{"Node Type": "Nested Loop", "Parent Relationship": "Outer", "Join Type": "Inner", "Startup Cost": 83177.26, "Total Cost": 211832.16, "Plan Rows": 9, "Plan Width": 59, "Inner Unique": true, "Plans": [{"Node Type": "Nested Loop", "Parent Relationship": "Outer", "Join Type": "Inner", "Startup Cost": 83177.0, "Total Cost": 211686.54, "Plan Rows": 34, "Plan Width": 63, "Inner Unique": false, "Plans": [{"Node Type": "Hash Join", "Parent Relationship": "Outer", "Join Type": "Inner", "Startup Cost": 83176.74, "Total Cost": 211591.68, "Plan Rows": 22, "Plan Width": 50, "Inner Unique": true, "Hash Cond": "(mi.info_type_id = it1.id)", "Plans": [{"Node Type": "Nested Loop", "Parent Relationship": "Outer", "Join Type": "Inner", "Startup Cost": 83162.51, "Total Cost": 211573.33, "Plan Rows": 1561, "Plan Width": 54, "Inner Unique": false, "Plans": [{"Node Type": "Nested Loop", "Parent Relationship": "Outer", "Join Type": "Inner", "Startup Cost": 83162.13, "Total Cost": 210250.93, "Plan Rows": 294, "Plan Width": 4, "Inner Unique": false, "Plans": [{"Node Type": "Bitmap Heap Scan", "Parent Relationship": "Outer", "Relation Name": "name", "Alias": "n", "Startup Cost": 83157.74, "Total Cost": 197067.09, "Plan Rows": 173, "Plan Width": 4, "Filter": "(((name)::text ~~ '%Tim%'::text) AND ((gender)::text = 'm'::text))", "Plans": [{"Node Type": "Bitmap Index Scan", "Parent Relationship": "Outer", "Index Name": "name_pkey", "Startup Cost": 0.0, "Total Cost": 83157.7, "Plan Rows": 4167490, "Plan Width": 0}]}, {"Node Type": "Bitmap Heap Scan", "Parent Relationship": "Inner", "Relation Name": "cast_info", "Alias": "ci", "Startup Cost": 4.39, "Total Cost": 76.19, "Plan Rows": 2, "Plan Width": 8, "Recheck Cond": "(person_id = n.id)", "Filter": "((note)::text = ANY ('{(producer),\"(executive producer)\"}'::text[]))", "Plans": [{"Node Type": "Bitmap Index Scan", "Parent Relationship": "Outer", "Index Name": "person_id_cast_info", "Startup Cost": 0.0, "Total Cost": 4.38, "Plan Rows": 18, "Plan Width": 0, "Index Cond": "(person_id = n.id)"}]}]}, {"Node Type": "Bitmap Heap Scan", "Parent Relationship": "Inner", "Relation Name": "movie_info", "Alias": "mi", "Startup Cost": 0.39, "Total Cost": 4.45, "Plan Rows": 5, "Plan Width": 50, "Recheck Cond": "(movie_id = ci.movie_id)", "Plans": [{"Node Type": "Bitmap Index Scan", "Parent Relationship": "Outer", "Index Name": "movie_id_movie_info", "Startup Cost": 0.0, "Total Cost": 0.38, "Plan Rows": 5, "Plan Width": 0, "Index Cond": "(movie_id = ci.movie_id)"}]}]}, {"Node Type": "Hash", "Parent Relationship": "Inner", "Startup Cost": 14.21, "Total Cost": 14.21, "Plan Rows": 1, "Plan Width": 4, "Plans": [{"Node Type": "Bitmap Heap Scan", "Parent Relationship": "Outer", "Relation Name": "info_type", "Alias": "it1", "Startup Cost": 8.81, "Total Cost": 14.21, "Plan Rows": 1, "Plan Width": 4, "Filter": "((info)::text = 'budget'::text)", "Plans": [{"Node Type": "Bitmap Index Scan", "Parent Relationship": "Outer", "Index Name": "info_type_pkey", "Startup Cost": 0.0, "Total Cost": 8.81, "Plan Rows": 112, "Plan Width": 0}]}]}]}, {"Node Type": "Bitmap Heap Scan", "Parent Relationship": "Inner", "Relation Name": "movie_info_idx", "Alias": "mi_idx", "Startup Cost": 0.27, "Total Cost": 4.29, "Plan Rows": 2, "Plan Width": 13, "Recheck Cond": "(movie_id = mi.movie_id)", "Plans": [{"Node Type": "Bitmap Index Scan", "Parent Relationship": "Outer", "Index Name": "movie_id_movie_info_idx", "Startup Cost": 0.0, "Total Cost": 0.27, "Plan Rows": 2, "Plan Width": 0, "Index Cond": "(movie_id = mi.movie_id)"}]}]}, {"Node Type": "Bitmap Heap Scan", "Parent Relationship": "Inner", "Relation Name": "info_type", "Alias": "it2", "Startup Cost": 0.26, "Total Cost": 4.27, "Plan Rows": 1, "Plan Width": 4, "Recheck Cond": "(id = mi_idx.info_type_id)", "Filter": "((info)::text = 'votes'::text)", "Plans": [{"Node Type": "Bitmap Index Scan", "Parent Relationship": "Outer", "Index Name": "info_type_pkey", "Startup Cost": 0.0, "Total Cost": 0.26, "Plan Rows": 1, "Plan Width": 0, "Index Cond": "(id = mi_idx.info_type_id)"}]}]}, {"Node Type": "Bitmap Heap Scan", "Parent Relationship": "Inner", "Relation Name": "title", "Alias": "t", "Startup Cost": 0.26, "Total Cost": 4.27, "Plan Rows": 1, "Plan Width": 21, "Recheck Cond": "(id = mi.movie_id)", "Plans": [{"Node Type": "Bitmap Index Scan", "Parent Relationship": "Outer", "Index Name": "title_pkey", "Startup Cost": 0.0, "Total Cost": 0.26, "Plan Rows": 1, "Plan Width": 0, "Index Cond": "(id = mi.movie_id)"}]}]}]}, "Unique SQL Id": 4264520866, "Planner Runtime": 19}, "explain_analyze_plan": null}, "(16, '104')": {"explain_plan": {"Plan": {"Node Type": "Aggregate", "Strategy": "Plain", "Startup Cost": 29846.14, "Total Cost": 29846.15, "Plan Rows": 1, "Plan Width": 160, "Plans": [{"Node Type": "Nested Loop", "Parent Relationship": "Outer", "Join Type": "Inner", "Startup Cost": 2.41, "Total Cost": 29846.07, "Plan Rows": 9, "Plan Width": 64, "Inner Unique": true, "Plans": [{"Node Type": "Nested Loop", "Parent Relationship": "Outer", "Join Type": "Inner", "Startup Cost": 2.41, "Total Cost": 29843.44, "Plan Rows": 9, "Plan Width": 59, "Inner Unique": true, "Plans": [{"Node Type": "Nested Loop", "Parent Relationship": "Outer", "Join Type": "Inner", "Startup Cost": 2.41, "Total Cost": 29833.84, "Plan Rows": 34, "Plan Width": 63, "Inner Unique": false, "Plans": [{"Node Type": "Hash Join", "Parent Relationship": "Outer", "Join Type": "Inner", "Startup Cost": 2.41, "Total Cost": 29792.2, "Plan Rows": 133, "Plan Width": 50, "Inner Unique": true, "Hash Cond": "(mi.info_type_id = it1.id)", "Plans": [{"Node Type": "Nested Loop", "Parent Relationship": "Outer", "Join Type": "Inner", "Startup Cost": 0.0, "Total Cost": 29785.66, "Plan Rows": 1561, "Plan Width": 54, "Inner Unique": false, "Plans": [{"Node Type": "Nested Loop", "Parent Relationship": "Outer", "Join Type": "Inner", "Startup Cost": 0.0, "Total Cost": 29565.43, "Plan Rows": 294, "Plan Width": 4, "Inner Unique": false, "Plans": [{"Node Type": "Streaming(type: LOCAL GATHER dop: 1/16)", "Parent Relationship": "Outer", "Startup Cost": 0.0, "Total Cost": 22123.07, "Plan Rows": 173, "Plan Width": 4, "Plans": [{"Node Type": "Seq Scan", "Parent Relationship": "Outer", "Relation Name": "name", "Alias": "n", "Startup Cost": 0.0, "Total Cost": 22119.33, "Plan Rows": 173, "Plan Width": 4, "Filter": "(((name)::text ~~ '%Tim%'::text) AND ((gender)::text = 'm'::text))"}]}, {"Node Type": "Index Scan", "Parent Relationship": "Inner", "Scan Direction": "Forward", "Index Name": "person_id_cast_info", "Relation Name": "cast_info", "Alias": "ci", "Startup Cost": 0.0, "Total Cost": 43.0, "Plan Rows": 2, "Plan Width": 8, "Index Cond": "(person_id = n.id)", "Filter": "((note)::text = ANY ('{(producer),\"(executive producer)\"}'::text[]))"}]}, {"Node Type": "Index Scan", "Parent Relationship": "Inner", "Scan Direction": "Forward", "Index Name": "movie_id_movie_info", "Relation Name": "movie_info", "Alias": "mi", "Startup Cost": 0.0, "Total Cost": 0.7, "Plan Rows": 5, "Plan Width": 50, "Index Cond": "(movie_id = ci.movie_id)"}]}, {"Node Type": "Hash", "Parent Relationship": "Inner", "Startup Cost": 2.4, "Total Cost": 2.4, "Plan Rows": 1, "Plan Width": 4, "Plans": [{"Node Type": "Seq Scan", "Parent Relationship": "Outer", "Relation Name": "info_type", "Alias": "it1", "Startup Cost": 0.0, "Total Cost": 2.4, "Plan Rows": 1, "Plan Width": 4, "Filter": "((info)::text = 'budget'::text)"}]}]}, {"Node Type": "Index Scan", "Parent Relationship": "Inner", "Scan Direction": "Forward", "Index Name": "movie_id_movie_info_idx", "Relation Name": "movie_info_idx", "Alias": "mi_idx", "Startup Cost": 0.0, "Total Cost": 0.29, "Plan Rows": 2, "Plan Width": 13, "Index Cond": "(movie_id = mi.movie_id)"}]}, {"Node Type": "Index Scan", "Parent Relationship": "Inner", "Scan Direction": "Forward", "Index Name": "info_type_pkey", "Relation Name": "info_type", "Alias": "it2", "Startup Cost": 0.0, "Total Cost": 0.27, "Plan Rows": 1, "Plan Width": 4, "Index Cond": "(id = mi_idx.info_type_id)", "Filter": "((info)::text = 'votes'::text)"}]}, {"Node Type": "Index Scan", "Parent Relationship": "Inner", "Scan Direction": "Forward", "Index Name": "title_pkey", "Relation Name": "title", "Alias": "t", "Startup Cost": 0.0, "Total Cost": 0.28, "Plan Rows": 1, "Plan Width": 21, "Index Cond": "(id = mi.movie_id)"}]}]}, "Unique SQL Id": 4264520866, "Planner Runtime": 84}, "explain_analyze_plan": {"Plan": {"Node Type": "Aggregate", "Strategy": "Plain", "Startup Cost": 29846.14, "Total Cost": 29846.15, "Plan Rows": 1, "Plan Width": 160, "Actual Min Startup Time": 383.044, "Actual Max Startup Time": 383.044, "Actual Min Total Time": 383.044, "Actual Max Total Time": 383.044, "Plans": [{"Node Type": "Nested Loop", "Parent Relationship": "Outer", "Join Type": "Inner", "Startup Cost": 2.41, "Total Cost": 29846.07, "Plan Rows": 9, "Plan Width": 64, "Actual Min Startup Time": 23.956, "Actual Max Startup Time": 23.956, "Actual Min Total Time": 382.344, "Actual Max Total Time": 382.344, "Inner Unique": true, "Plans": [{"Node Type": "Nested Loop", "Parent Relationship": "Outer", "Join Type": "Inner", "Startup Cost": 2.41, "Total Cost": 29843.44, "Plan Rows": 9, "Plan Width": 59, "Actual Min Startup Time": 23.935, "Actual Max Startup Time": 23.935, "Actual Min Total Time": 378.246, "Actual Max Total Time": 378.246, "Inner Unique": true, "Plans": [{"Node Type": "Nested Loop", "Parent Relationship": "Outer", "Join Type": "Inner", "Startup Cost": 2.41, "Total Cost": 29833.84, "Plan Rows": 34, "Plan Width": 63, "Actual Min Startup Time": 23.916, "Actual Max Startup Time": 23.916, "Actual Min Total Time": 374.78, "Actual Max Total Time": 374.78, "Inner Unique": false, "Plans": [{"Node Type": "Hash Join", "Parent Relationship": "Outer", "Join Type": "Inner", "Startup Cost": 2.41, "Total Cost": 29792.2, "Plan Rows": 133, "Plan Width": 50, "Actual Min Startup Time": 20.429, "Actual Max Startup Time": 20.429, "Actual Min Total Time": 368.055, "Actual Max Total Time": 368.055, "Inner Unique": true, "Hash Cond": "(mi.info_type_id = it1.id)", "Plans": [{"Node Type": "Nested Loop", "Parent Relationship": "Outer", "Join Type": "Inner", "Startup Cost": 0.0, "Total Cost": 29785.66, "Plan Rows": 1561, "Plan Width": 54, "Actual Min Startup Time": 20.212, "Actual Max Startup Time": 20.212, "Actual Min Total Time": 352.444, "Actual Max Total Time": 352.444, "Inner Unique": false, "Plans": [{"Node Type": "Nested Loop", "Parent Relationship": "Outer", "Join Type": "Inner", "Startup Cost": 0.0, "Total Cost": 29565.43, "Plan Rows": 294, "Plan Width": 4, "Actual Min Startup Time": 20.193, "Actual Max Startup Time": 20.193, "Actual Min Total Time": 205.828, "Actual Max Total Time": 205.828, "Inner Unique": false, "Plans": [{"Node Type": "Streaming(type: LOCAL GATHER dop: 1/16)", "Parent Relationship": "Outer", "Startup Cost": 0.0, "Total Cost": 22123.07, "Plan Rows": 173, "Plan Width": 4, "Actual Min Startup Time": 19.894, "Actual Max Startup Time": 19.894, "Actual Min Total Time": 74.09, "Actual Max Total Time": 74.09, "Plans": [{"Node Type": "Seq Scan", "Parent Relationship": "Outer", "Relation Name": "name", "Alias": "n", "Startup Cost": 0.0, "Total Cost": 22119.33, "Plan Rows": 173, "Plan Width": 4, "Actual Min Startup Time": 0.032, "Actual Max Startup Time": 0.837, "Actual Min Total Time": 101.867, "Actual Max Total Time": 105.985, "Filter": "(((name)::text ~~ '%Tim%'::text) AND ((gender)::text = 'm'::text))", "Rows Removed by Filter": 4158428, "Actual Rows": 9062}], "Actual Rows": 9062}, {"Node Type": "Index Scan", "Parent Relationship": "Inner", "Scan Direction": "Forward", "Index Name": "person_id_cast_info", "Relation Name": "cast_info", "Alias": "ci", "Startup Cost": 0.0, "Total Cost": 43.0, "Plan Rows": 2, "Plan Width": 8, "Actual Min Startup Time": 106.345, "Actual Max Startup Time": 106.345, "Actual Min Total Time": 125.407, "Actual Max Total Time": 125.407, "Index Cond": "(person_id = n.id)", "Rows Removed by Index Recheck": 0, "Filter": "((note)::text = ANY ('{(producer),\"(executive producer)\"}'::text[]))", "Rows Removed by Filter": 89309, "Actual Rows": 6719}], "Actual Rows": 6719}, {"Node Type": "Index Scan", "Parent Relationship": "Inner", "Scan Direction": "Forward", "Index Name": "movie_id_movie_info", "Relation Name": "movie_info", "Alias": "mi", "Startup Cost": 0.0, "Total Cost": 0.7, "Plan Rows": 5, "Plan Width": 50, "Actual Min Startup Time": 39.756, "Actual Max Startup Time": 39.756, "Actual Min Total Time": 122.811, "Actual Max Total Time": 122.811, "Index Cond": "(movie_id = ci.movie_id)", "Rows Removed by Index Recheck": 0, "Actual Rows": 95896}], "Actual Rows": 95896}, {"Node Type": "Hash", "Parent Relationship": "Inner", "Startup Cost": 2.4, "Total Cost": 2.4, "Plan Rows": 1, "Plan Width": 4, "Actual Min Startup Time": 0.077, "Actual Max Startup Time": 0.077, "Actual Min Total Time": 0.077, "Actual Max Total Time": 0.077, "Max Hash Buckets": 32768, "Min Hash Buckets": 32768, "Max Hash Batches": 1, "Min Hash Batches": 1, "Max Original Hash Batches": 1, "Min Original Hash Batches": 1, "Max Peak Memory Usage": 1, "min Peak Memory Usage": 1, "Plans": [{"Node Type": "Seq Scan", "Parent Relationship": "Outer", "Relation Name": "info_type", "Alias": "it1", "Startup Cost": 0.0, "Total Cost": 2.4, "Plan Rows": 1, "Plan Width": 4, "Actual Min Startup Time": 0.064, "Actual Max Startup Time": 0.064, "Actual Min Total Time": 0.068, "Actual Max Total Time": 0.068, "Filter": "((info)::text = 'budget'::text)", "Rows Removed by Filter": 111, "Actual Rows": 1}], "Actual Rows": 1}], "Actual Rows": 699}, {"Node Type": "Index Scan", "Parent Relationship": "Inner", "Scan Direction": "Forward", "Index Name": "movie_id_movie_info_idx", "Relation Name": "movie_info_idx", "Alias": "mi_idx", "Startup Cost": 0.0, "Total Cost": 0.29, "Plan Rows": 2, "Plan Width": 13, "Actual Min Startup Time": 5.323, "Actual Max Startup Time": 5.323, "Actual Min Total Time": 5.912, "Actual Max Total Time": 5.912, "Index Cond": "(movie_id = mi.movie_id)", "Rows Removed by Index Recheck": 0, "Actual Rows": 1235}], "Actual Rows": 1235}, {"Node Type": "Index Scan", "Parent Relationship": "Inner", "Scan Direction": "Forward", "Index Name": "info_type_pkey", "Relation Name": "info_type", "Alias": "it2", "Startup Cost": 0.0, "Total Cost": 0.27, "Plan Rows": 1, "Plan Width": 4, "Actual Min Startup Time": 2.651, "Actual Max Startup Time": 2.651, "Actual Min Total Time": 2.651, "Actual Max Total Time": 2.651, "Index Cond": "(id = mi_idx.info_type_id)", "Rows Removed by Index Recheck": 0, "Filter": "((info)::text = 'votes'::text)", "Rows Removed by Filter": 825, "Actual Rows": 410}], "Actual Rows": 410}, {"Node Type": "Index Scan", "Parent Relationship": "Inner", "Scan Direction": "Forward", "Index Name": "title_pkey", "Relation Name": "title", "Alias": "t", "Startup Cost": 0.0, "Total Cost": 0.28, "Plan Rows": 1, "Plan Width": 21, "Actual Min Startup Time": 3.609, "Actual Max Startup Time": 3.609, "Actual Min Total Time": 3.609, "Actual Max Total Time": 3.609, "Index Cond": "(id = mi.movie_id)", "Rows Removed by Index Recheck": 0, "Actual Rows": 410}], "Actual Rows": 410}], "Actual Rows": 1}, "Triggers": [], "Planner Runtime": 96.689, "Total Runtime": 385.641, "Unique SQL Id": 4264520866}}, "(16, '105')": {"explain_plan": {"Plan": {"Node Type": "Aggregate", "Strategy": "Plain", "Startup Cost": 161226.62, "Total Cost": 161226.63, "Plan Rows": 1, "Plan Width": 160, "Plans": [{"Node Type": "Nested Loop", "Parent Relationship": "Outer", "Join Type": "Inner", "Startup Cost": 0.0, "Total Cost": 161226.56, "Plan Rows": 9, "Plan Width": 64, "Inner Unique": true, "Plans": [{"Node Type": "Nested Loop", "Parent Relationship": "Outer", "Join Type": "Inner", "Startup Cost": 0.0, "Total Cost": 161223.93, "Plan Rows": 9, "Plan Width": 59, "Inner Unique": true, "Plans": [{"Node Type": "Nested Loop", "Parent Relationship": "Outer", "Join Type": "Inner", "Startup Cost": 0.0, "Total Cost": 161145.11, "Plan Rows": 279, "Plan Width": 63, "Inner Unique": false, "Join Filter": "(mi_idx.movie_id = mi.movie_id)", "Plans": [{"Node Type": "Nested Loop", "Parent Relationship": "Outer", "Join Type": "Inner", "Startup Cost": 0.0, "Total Cost": 161105.51, "Plan Rows": 52, "Plan Width": 13, "Inner Unique": true, "Plans": [{"Node Type": "Nested Loop", "Parent Relationship": "Outer", "Join Type": "Inner", "Startup Cost": 0.0, "Total Cost": 161007.76, "Plan Rows": 346, "Plan Width": 17, "Inner Unique": false, "Plans": [{"Node Type": "Nested Loop", "Parent Relationship": "Outer", "Join Type": "Inner", "Startup Cost": 0.0, "Total Cost": 160910.97, "Plan Rows": 294, "Plan Width": 4, "Inner Unique": false, "Plans": [{"Node Type": "Streaming(type: LOCAL GATHER dop: 1/16)", "Parent Relationship": "Outer", "Startup Cost": 0.0, "Total Cost": 153468.6, "Plan Rows": 173, "Plan Width": 4, "Plans": [{"Node Type": "Index Scan", "Parent Relationship": "Outer", "Scan Direction": "Forward", "Index Name": "name_pkey", "Relation Name": "name", "Alias": "n", "Startup Cost": 0.0, "Total Cost": 153464.87, "Plan Rows": 173, "Plan Width": 4, "Filter": "(((name)::text ~~ '%Tim%'::text) AND ((gender)::text = 'm'::text))"}]}, {"Node Type": "Index Scan", "Parent Relationship": "Inner", "Scan Direction": "Forward", "Index Name": "person_id_cast_info", "Relation Name": "cast_info", "Alias": "ci", "Startup Cost": 0.0, "Total Cost": 43.0, "Plan Rows": 2, "Plan Width": 8, "Index Cond": "(person_id = n.id)", "Filter": "((note)::text = ANY ('{(producer),\"(executive producer)\"}'::text[]))"}]}, {"Node Type": "Index Scan", "Parent Relationship": "Inner", "Scan Direction": "Forward", "Index Name": "movie_id_movie_info_idx", "Relation Name": "movie_info_idx", "Alias": "mi_idx", "Startup Cost": 0.0, "Total Cost": 0.31, "Plan Rows": 2, "Plan Width": 13, "Index Cond": "(movie_id = ci.movie_id)"}]}, {"Node Type": "Index Scan", "Parent Relationship": "Inner", "Scan Direction": "Forward", "Index Name": "info_type_pkey", "Relation Name": "info_type", "Alias": "it2", "Startup Cost": 0.0, "Total Cost": 0.27, "Plan Rows": 1, "Plan Width": 4, "Index Cond": "(id = mi_idx.info_type_id)", "Filter": "((info)::text = 'votes'::text)"}]}, {"Node Type": "Index Scan", "Parent Relationship": "Inner", "Scan Direction": "Forward", "Index Name": "movie_id_movie_info", "Relation Name": "movie_info", "Alias": "mi", "Startup Cost": 0.0, "Total Cost": 0.7, "Plan Rows": 5, "Plan Width": 50, "Index Cond": "(movie_id = ci.movie_id)"}]}, {"Node Type": "Index Scan", "Parent Relationship": "Inner", "Scan Direction": "Forward", "Index Name": "info_type_pkey", "Relation Name": "info_type", "Alias": "it1", "Startup Cost": 0.0, "Total Cost": 0.27, "Plan Rows": 1, "Plan Width": 4, "Index Cond": "(id = mi.info_type_id)", "Filter": "((info)::text = 'budget'::text)"}]}, {"Node Type": "Index Scan", "Parent Relationship": "Inner", "Scan Direction": "Forward", "Index Name": "title_pkey", "Relation Name": "title", "Alias": "t", "Startup Cost": 0.0, "Total Cost": 0.28, "Plan Rows": 1, "Plan Width": 21, "Index Cond": "(id = mi.movie_id)"}]}]}, "Unique SQL Id": 4264520866, "Planner Runtime": 25}, "explain_analyze_plan": {"Plan": {"Node Type": "Aggregate", "Strategy": "Plain", "Startup Cost": 161226.62, "Total Cost": 161226.63, "Plan Rows": 1, "Plan Width": 160, "Actual Min Startup Time": 607.284, "Actual Max Startup Time": 607.284, "Actual Min Total Time": 607.284, "Actual Max Total Time": 607.284, "Plans": [{"Node Type": "Nested Loop", "Parent Relationship": "Outer", "Join Type": "Inner", "Startup Cost": 0.0, "Total Cost": 161226.56, "Plan Rows": 9, "Plan Width": 64, "Actual Min Startup Time": 76.744, "Actual Max Startup Time": 76.744, "Actual Min Total Time": 606.583, "Actual Max Total Time": 606.583, "Inner Unique": true, "Plans": [{"Node Type": "Nested Loop", "Parent Relationship": "Outer", "Join Type": "Inner", "Startup Cost": 0.0, "Total Cost": 161223.93, "Plan Rows": 9, "Plan Width": 59, "Actual Min Startup Time": 76.723, "Actual Max Startup Time": 76.723, "Actual Min Total Time": 602.309, "Actual Max Total Time": 602.309, "Inner Unique": true, "Plans": [{"Node Type": "Nested Loop", "Parent Relationship": "Outer", "Join Type": "Inner", "Startup Cost": 0.0, "Total Cost": 161145.11, "Plan Rows": 279, "Plan Width": 63, "Actual Min Startup Time": 76.681, "Actual Max Startup Time": 76.681, "Actual Min Total Time": 420.887, "Actual Max Total Time": 420.887, "Inner Unique": false, "Join Filter": "(mi_idx.movie_id = mi.movie_id)", "Rows Removed by Join Filter": 0, "Plans": [{"Node Type": "Nested Loop", "Parent Relationship": "Outer", "Join Type": "Inner", "Startup Cost": 0.0, "Total Cost": 161105.51, "Plan Rows": 52, "Plan Width": 13, "Actual Min Startup Time": 76.658, "Actual Max Startup Time": 76.658, "Actual Min Total Time": 292.413, "Actual Max Total Time": 292.413, "Inner Unique": true, "Plans": [{"Node Type": "Nested Loop", "Parent Relationship": "Outer", "Join Type": "Inner", "Startup Cost": 0.0, "Total Cost": 161007.76, "Plan Rows": 346, "Plan Width": 17, "Actual Min Startup Time": 76.636, "Actual Max Startup Time": 76.636, "Actual Min Total Time": 267.06, "Actual Max Total Time": 267.06, "Inner Unique": false, "Plans": [{"Node Type": "Nested Loop", "Parent Relationship": "Outer", "Join Type": "Inner", "Startup Cost": 0.0, "Total Cost": 160910.97, "Plan Rows": 294, "Plan Width": 4, "Actual Min Startup Time": 76.609, "Actual Max Startup Time": 76.609, "Actual Min Total Time": 228.308, "Actual Max Total Time": 228.308, "Inner Unique": false, "Plans": [{"Node Type": "Streaming(type: LOCAL GATHER dop: 1/16)", "Parent Relationship": "Outer", "Startup Cost": 0.0, "Total Cost": 153468.6, "Plan Rows": 173, "Plan Width": 4, "Actual Min Startup Time": 76.451, "Actual Max Startup Time": 76.451, "Actual Min Total Time": 97.413, "Actual Max Total Time": 97.413, "Plans": [{"Node Type": "Index Scan", "Parent Relationship": "Outer", "Scan Direction": "Forward", "Index Name": "name_pkey", "Relation Name": "name", "Alias": "n", "Startup Cost": 0.0, "Total Cost": 153464.87, "Plan Rows": 173, "Plan Width": 4, "Actual Min Startup Time": 45.312, "Actual Max Startup Time": 303.084, "Actual Min Total Time": 276.11, "Actual Max Total Time": 305.567, "Filter": "(((name)::text ~~ '%Tim%'::text) AND ((gender)::text = 'm'::text))", "Rows Removed by Filter": 4158428, "Actual Rows": 9062}], "Actual Rows": 9062}, {"Node Type": "Index Scan", "Parent Relationship": "Inner", "Scan Direction": "Forward", "Index Name": "person_id_cast_info", "Relation Name": "cast_info", "Alias": "ci", "Startup Cost": 0.0, "Total Cost": 43.0, "Plan Rows": 2, "Plan Width": 8, "Actual Min Startup Time": 104.871, "Actual Max Startup Time": 104.871, "Actual Min Total Time": 124.44, "Actual Max Total Time": 124.44, "Index Cond": "(person_id = n.id)", "Rows Removed by Index Recheck": 0, "Filter": "((note)::text = ANY ('{(producer),\"(executive producer)\"}'::text[]))", "Rows Removed by Filter": 89309, "Actual Rows": 6719}], "Actual Rows": 6719}, {"Node Type": "Index Scan", "Parent Relationship": "Inner", "Scan Direction": "Forward", "Index Name": "movie_id_movie_info_idx", "Relation Name": "movie_info_idx", "Alias": "mi_idx", "Startup Cost": 0.0, "Total Cost": 0.31, "Plan Rows": 2, "Plan Width": 13, "Actual Min Startup Time": 28.535, "Actual Max Startup Time": 28.535, "Actual Min Total Time": 32.59, "Actual Max Total Time": 32.59, "Index Cond": "(movie_id = ci.movie_id)", "Rows Removed by Index Recheck": 0, "Actual Rows": 10310}], "Actual Rows": 10310}, {"Node Type": "Index Scan", "Parent Relationship": "Inner", "Scan Direction": "Forward", "Index Name": "info_type_pkey", "Relation Name": "info_type", "Alias": "it2", "Startup Cost": 0.0, "Total Cost": 0.27, "Plan Rows": 1, "Plan Width": 4, "Actual Min Startup Time": 19.515, "Actual Max Startup Time": 19.515, "Actual Min Total Time": 19.515, "Actual Max Total Time": 19.515, "Index Cond": "(id = mi_idx.info_type_id)", "Rows Removed by Index Recheck": 0, "Filter": "((info)::text = 'votes'::text)", "Rows Removed by Filter": 6875, "Actual Rows": 3435}], "Actual Rows": 3435}, {"Node Type": "Index Scan", "Parent Relationship": "Inner", "Scan Direction": "Forward", "Index Name": "movie_id_movie_info", "Relation Name": "movie_info", "Alias": "mi", "Startup Cost": 0.0, "Total Cost": 0.7, "Plan Rows": 5, "Plan Width": 50, "Actual Min Startup Time": 24.09, "Actual Max Startup Time": 24.09, "Actual Min Total Time": 96.018, "Actual Max Total Time": 96.018, "Index Cond": "(movie_id = ci.movie_id)", "Rows Removed by Index Recheck": 0, "Actual Rows": 82408}], "Actual Rows": 82408}, {"Node Type": "Index Scan", "Parent Relationship": "Inner", "Scan Direction": "Forward", "Index Name": "info_type_pkey", "Relation Name": "info_type", "Alias": "it1", "Startup Cost": 0.0, "Total Cost": 0.27, "Plan Rows": 1, "Plan Width": 4, "Actual Min Startup Time": 143.239, "Actual Max Startup Time": 143.239, "Actual Min Total Time": 143.239, "Actual Max Total Time": 143.239, "Index Cond": "(id = mi.info_type_id)", "Rows Removed by Index Recheck": 0, "Filter": "((info)::text = 'budget'::text)", "Rows Removed by Filter": 79844, "Actual Rows": 410}], "Actual Rows": 410}, {"Node Type": "Index Scan", "Parent Relationship": "Inner", "Scan Direction": "Forward", "Index Name": "title_pkey", "Relation Name": "title", "Alias": "t", "Startup Cost": 0.0, "Total Cost": 0.28, "Plan Rows": 1, "Plan Width": 21, "Actual Min Startup Time": 3.705, "Actual Max Startup Time": 3.705, "Actual Min Total Time": 3.705, "Actual Max Total Time": 3.705, "Index Cond": "(id = mi.movie_id)", "Rows Removed by Index Recheck": 0, "Actual Rows": 410}], "Actual Rows": 410}], "Actual Rows": 1}, "Triggers": [], "Planner Runtime": 50.937, "Total Runtime": 609.898, "Unique SQL Id": 4264520866}}, "(16, '106')": {"explain_plan": {"Plan": {"Node Type": "Aggregate", "Strategy": "Plain", "Startup Cost": 189908.3, "Total Cost": 189908.31, "Plan Rows": 1, "Plan Width": 160, "Plans": [{"Node Type": "Hash Join", "Parent Relationship": "Outer", "Join Type": "Inner", "Startup Cost": 122763.32, "Total Cost": 189907.92, "Plan Rows": 51, "Plan Width": 64, "Inner Unique": true, "Hash Cond": "(mi_idx.info_type_id = it2.id)", "Plans": [{"Node Type": "Streaming(type: LOCAL GATHER dop: 1/16)", "Parent Relationship": "Outer", "Startup Cost": 122762.71, "Total Cost": 189906.2, "Plan Rows": 204, "Plan Width": 68, "Plans": [{"Node Type": "Hash Join", "Parent Relationship": "Outer", "Join Type": "Inner", "Startup Cost": 122762.71, "Total Cost": 189901.8, "Plan Rows": 204, "Plan Width": 68, "Inner Unique": false, "Hash Cond": "(t.id = mi_idx.movie_id)", "Plans": [{"Node Type": "Streaming(type: BROADCAST dop: 16/16)", "Parent Relationship": "Outer", "Startup Cost": 117617.77, "Total Cost": 184755.73, "Plan Rows": 2128, "Plan Width": 71, "Plans": [{"Node Type": "Hash Join", "Parent Relationship": "Outer", "Join Type": "Inner", "Startup Cost": 117617.77, "Total Cost": 169750.33, "Plan Rows": 133, "Plan Width": 71, "Inner Unique": true, "Hash Cond": "(mi.movie_id = t.id)", "Plans": [{"Node Type": "Streaming(type: BROADCAST dop: 16/1)", "Parent Relationship": "Outer", "Startup Cost": 110953.94, "Total Cost": 163085.93, "Plan Rows": 2128, "Plan Width": 50, "Plans": [{"Node Type": "Hash Join", "Parent Relationship": "Outer", "Join Type": "Inner", "Startup Cost": 110953.94, "Total Cost": 148040.0, "Plan Rows": 133, "Plan Width": 50, "Inner Unique": true, "Hash Cond": "(mi.info_type_id = it1.id)", "Plans": [{"Node Type": "Streaming(type: LOCAL GATHER dop: 1/16)", "Parent Relationship": "Outer", "Startup Cost": 110953.33, "Total Cost": 148034.87, "Plan Rows": 1561, "Plan Width": 54, "Plans": [{"Node Type": "Hash Join", "Parent Relationship": "Outer", "Join Type": "Inner", "Startup Cost": 110953.33, "Total Cost": 148001.18, "Plan Rows": 1561, "Plan Width": 54, "Inner Unique": false, "Hash Cond": "(mi.movie_id = ci.movie_id)", "Plans": [{"Node Type": "Seq Scan", "Parent Relationship": "Outer", "Relation Name": "movie_info", "Alias": "mi", "Startup Cost": 0.0, "Total Cost": 33561.73, "Plan Rows": 14869966, "Plan Width": 50}, {"Node Type": "Hash", "Parent Relationship": "Inner", "Startup Cost": 110949.66, "Total Cost": 110949.66, "Plan Rows": 4704, "Plan Width": 4, "Plans": [{"Node Type": "Streaming(type: BROADCAST dop: 16/16)", "Parent Relationship": "Outer", "Startup Cost": 37128.53, "Total Cost": 110949.66, "Plan Rows": 4704, "Plan Width": 4, "Plans": [{"Node Type": "Hash Join", "Parent Relationship": "Outer", "Join Type": "Inner", "Startup Cost": 37128.53, "Total Cost": 95937.71, "Plan Rows": 294, "Plan Width": 4, "Inner Unique": true, "Hash Cond": "(ci.person_id = n.id)", "Plans": [{"Node Type": "Seq Scan", "Parent Relationship": "Outer", "Relation Name": "cast_info", "Alias": "ci", "Startup Cost": 0.0, "Total Cost": 58282.92, "Plan Rows": 2350421, "Plan Width": 8, "Filter": "((note)::text = ANY ('{(producer),\"(executive producer)\"}'::text[]))"}, {"Node Type": "Hash", "Parent Relationship": "Inner", "Startup Cost": 37126.36, "Total Cost": 37126.36, "Plan Rows": 2768, "Plan Width": 4, "Plans": [{"Node Type": "Streaming(type: BROADCAST dop: 16/16)", "Parent Relationship": "Outer", "Startup Cost": 0.0, "Total Cost": 37126.36, "Plan Rows": 2768, "Plan Width": 4, "Plans": [{"Node Type": "Seq Scan", "Parent Relationship": "Outer", "Relation Name": "name", "Alias": "n", "Startup Cost": 0.0, "Total Cost": 22119.33, "Plan Rows": 173, "Plan Width": 4, "Filter": "(((name)::text ~~ '%Tim%'::text) AND ((gender)::text = 'm'::text))"}]}]}]}]}]}]}]}, {"Node Type": "Hash", "Parent Relationship": "Inner", "Startup Cost": 2.4, "Total Cost": 2.4, "Plan Rows": 1, "Plan Width": 4, "Plans": [{"Node Type": "Seq Scan", "Parent Relationship": "Outer", "Relation Name": "info_type", "Alias": "it1", "Startup Cost": 0.0, "Total Cost": 2.4, "Plan Rows": 1, "Plan Width": 4, "Filter": "((info)::text = 'budget'::text)"}]}]}]}, {"Node Type": "Hash", "Parent Relationship": "Inner", "Startup Cost": 18754.32, "Total Cost": 18754.32, "Plan Rows": 2528311, "Plan Width": 21, "Plans": [{"Node Type": "Seq Scan", "Parent Relationship": "Outer", "Relation Name": "title", "Alias": "t", "Startup Cost": 0.0, "Total Cost": 18754.32, "Plan Rows": 2528311, "Plan Width": 21}]}]}]}, {"Node Type": "Hash", "Parent Relationship": "Inner", "Startup Cost": 16267.15, "Total Cost": 16267.15, "Plan Rows": 1380034, "Plan Width": 13, "Plans": [{"Node Type": "Seq Scan", "Parent Relationship": "Outer", "Relation Name": "movie_info_idx", "Alias": "mi_idx", "Startup Cost": 0.0, "Total Cost": 16267.15, "Plan Rows": 1380034, "Plan Width": 13}]}]}]}, {"Node Type": "Hash", "Parent Relationship": "Inner", "Startup Cost": 2.4, "Total Cost": 2.4, "Plan Rows": 1, "Plan Width": 4, "Plans": [{"Node Type": "Seq Scan", "Parent Relationship": "Outer", "Relation Name": "info_type", "Alias": "it2", "Startup Cost": 0.0, "Total Cost": 2.4, "Plan Rows": 1, "Plan Width": 4, "Filter": "((info)::text = 'votes'::text)"}]}]}]}, "Unique SQL Id": 4264520866, "Planner Runtime": 176}, "explain_analyze_plan": null}, "(16, '107')": {"explain_plan": {"Plan": {"Node Type": "Aggregate", "Strategy": "Plain", "Startup Cost": 7000228652362.46, "Total Cost": 7000228652362.47, "Plan Rows": 1, "Plan Width": 160, "Plans": [{"Node Type": "Hash Join", "Parent Relationship": "Outer", "Join Type": "Inner", "Startup Cost": 5020212312737.45, "Total Cost": 7000228652362.08, "Plan Rows": 51, "Plan Width": 64, "Inner Unique": true, "Hash Cond": "(mi.movie_id = t.id)", "Plans": [{"Node Type": "Hash Join", "Parent Relationship": "Outer", "Join Type": "Inner", "Startup Cost": 4020201269084.65, "Total Cost": 6000217608708.57, "Plan Rows": 51, "Plan Width": 59, "Inner Unique": false, "Hash Cond": "(mi.movie_id = mi_idx.movie_id)", "Plans": [{"Node Type": "Nested Loop", "Parent Relationship": "Outer", "Join Type": "Inner", "Startup Cost": 20000004894.57, "Total Cost": 2000016343720.19, "Plan Rows": 212428, "Plan Width": 46, "Inner Unique": false, "Plans": [{"Node Type": "Index Scan", "Parent Relationship": "Outer", "Scan Direction": "Forward", "Index Name": "info_type_pkey", "Relation Name": "info_type", "Alias": "it1", "Startup Cost": 10000000000.0, "Total Cost": 1000000001421.0, "Plan Rows": 1, "Plan Width": 4, "Filter": "((info)::text = 'budget'::text)"}, {"Node Type": "Bitmap Heap Scan", "Parent Relationship": "Inner", "Relation Name": "movie_info", "Alias": "mi", "Startup Cost": 10000004894.57, "Total Cost": 1000016340174.91, "Plan Rows": 212428, "Plan Width": 50, "Recheck Cond": "(info_type_id = it1.id), (LLVM Optimized)", "Plans": [{"Node Type": "Bitmap Index Scan", "Parent Relationship": "Outer", "Index Name": "info_type_id_movie_info", "Startup Cost": 0.0, "Total Cost": 4841.46, "Plan Rows": 212428, "Plan Width": 0, "Index Cond": "(info_type_id = it1.id)"}]}]}, {"Node Type": "Hash", "Parent Relationship": "Inner", "Startup Cost": 4000201264187.24, "Total Cost": 4000201264187.24, "Plan Rows": 228, "Plan Width": 13, "Plans": [{"Node Type": "Hash Join", "Parent Relationship": "Outer", "Join Type": "Inner", "Startup Cost": 2020199436654.7, "Total Cost": 4000201264187.24, "Plan Rows": 228, "Plan Width": 13, "Inner Unique": false, "Hash Cond": "(mi_idx.movie_id = ci.movie_id)", "Plans": [{"Node Type": "Nested Loop", "Parent Relationship": "Outer", "Join Type": "Inner", "Startup Cost": 20000007502.06, "Total Cost": 2000001833737.28, "Plan Rows": 345008, "Plan Width": 9, "Inner Unique": false, "Plans": [{"Node Type": "Index Scan", "Parent Relationship": "Outer", "Scan Direction": "Forward", "Index Name": "info_type_pkey", "Relation Name": "info_type", "Alias": "it2", "Startup Cost": 10000000000.0, "Total Cost": 1000000001421.0, "Plan Rows": 1, "Plan Width": 4, "Filter": "((info)::text = 'votes'::text)"}, {"Node Type": "Bitmap Heap Scan", "Parent Relationship": "Inner", "Relation Name": "movie_info_idx", "Alias": "mi_idx", "Startup Cost": 10000007502.06, "Total Cost": 1000001828866.2, "Plan Rows": 345008, "Plan Width": 13, "Recheck Cond": "(info_type_id = it2.id), (LLVM Optimized)", "Plans": [{"Node Type": "Bitmap Index Scan", "Parent Relationship": "Outer", "Index Name": "info_type_id_movie_info_idx", "Startup Cost": 0.0, "Total Cost": 7415.81, "Plan Rows": 345008, "Plan Width": 0, "Index Cond": "(info_type_id = it2.id)"}]}]}, {"Node Type": "Hash", "Parent Relationship": "Inner", "Startup Cost": 2000199429148.96, "Total Cost": 2000199429148.96, "Plan Rows": 294, "Plan Width": 4, "Plans": [{"Node Type": "Hash Join", "Parent Relationship": "Outer", "Join Type": "Inner", "Startup Cost": 1010019707021.87, "Total Cost": 2000199429148.96, "Plan Rows": 294, "Plan Width": 4, "Inner Unique": true, "Hash Cond": "(ci.person_id = n.id)", "Plans": [{"Node Type": "Index Scan", "Parent Relationship": "Outer", "Scan Direction": "Forward", "Index Name": "person_id_cast_info", "Relation Name": "cast_info", "Alias": "ci", "Startup Cost": 10000000000.0, "Total Cost": 1000179713706.71, "Plan Rows": 2350421, "Plan Width": 8, "Filter": "((note)::text = ANY ('{(producer),\"(executive producer)\"}'::text[]))"}, {"Node Type": "Hash", "Parent Relationship": "Inner", "Startup Cost": 1000019707019.7, "Total Cost": 1000019707019.7, "Plan Rows": 173, "Plan Width": 4, "Plans": [{"Node Type": "Index Scan", "Parent Relationship": "Outer", "Scan Direction": "Forward", "Index Name": "name_pkey", "Relation Name": "name", "Alias": "n", "Startup Cost": 10000000000.0, "Total Cost": 1000019707019.7, "Plan Rows": 173, "Plan Width": 4, "Filter": "(((name)::text ~~ '%Tim%'::text) AND ((gender)::text = 'm'::text))"}]}]}]}]}]}]}, {"Node Type": "Hash", "Parent Relationship": "Inner", "Startup Cost": 1000011012048.91, "Total Cost": 1000011012048.91, "Plan Rows": 2528311, "Plan Width": 21, "Plans": [{"Node Type": "Index Scan", "Parent Relationship": "Outer", "Scan Direction": "Forward", "Index Name": "title_pkey", "Relation Name": "title", "Alias": "t", "Startup Cost": 10000000000.0, "Total Cost": 1000011012048.91, "Plan Rows": 2528311, "Plan Width": 21}]}]}]}, "Unique SQL Id": 4264520866, "Planner Runtime": 40}, "explain_analyze_plan": null}, "(16, '108')": {"explain_plan": {"Plan": {"Node Type": "Aggregate", "Strategy": "Plain", "Startup Cost": 29846.14, "Total Cost": 29846.15, "Plan Rows": 1, "Plan Width": 160, "Plans": [{"Node Type": "Nested Loop", "Parent Relationship": "Outer", "Join Type": "Inner", "Startup Cost": 2.41, "Total Cost": 29846.07, "Plan Rows": 9, "Plan Width": 64, "Inner Unique": true, "Plans": [{"Node Type": "Nested Loop", "Parent Relationship": "Outer", "Join Type": "Inner", "Startup Cost": 2.41, "Total Cost": 29843.44, "Plan Rows": 9, "Plan Width": 59, "Inner Unique": true, "Plans": [{"Node Type": "Nested Loop", "Parent Relationship": "Outer", "Join Type": "Inner", "Startup Cost": 2.41, "Total Cost": 29833.84, "Plan Rows": 34, "Plan Width": 63, "Inner Unique": false, "Plans": [{"Node Type": "Hash Join", "Parent Relationship": "Outer", "Join Type": "Inner", "Startup Cost": 2.41, "Total Cost": 29792.2, "Plan Rows": 133, "Plan Width": 50, "Inner Unique": true, "Hash Cond": "(mi.info_type_id = it1.id)", "Plans": [{"Node Type": "Nested Loop", "Parent Relationship": "Outer", "Join Type": "Inner", "Startup Cost": 0.0, "Total Cost": 29785.66, "Plan Rows": 1561, "Plan Width": 54, "Inner Unique": false, "Plans": [{"Node Type": "Nested Loop", "Parent Relationship": "Outer", "Join Type": "Inner", "Startup Cost": 0.0, "Total Cost": 29565.43, "Plan Rows": 294, "Plan Width": 4, "Inner Unique": false, "Plans": [{"Node Type": "Streaming(type: LOCAL GATHER dop: 1/16)", "Parent Relationship": "Outer", "Startup Cost": 0.0, "Total Cost": 22123.07, "Plan Rows": 173, "Plan Width": 4, "Plans": [{"Node Type": "Seq Scan", "Parent Relationship": "Outer", "Relation Name": "name", "Alias": "n", "Startup Cost": 0.0, "Total Cost": 22119.33, "Plan Rows": 173, "Plan Width": 4, "Filter": "(((name)::text ~~ '%Tim%'::text) AND ((gender)::text = 'm'::text))"}]}, {"Node Type": "Index Scan", "Parent Relationship": "Inner", "Scan Direction": "Forward", "Index Name": "person_id_cast_info", "Relation Name": "cast_info", "Alias": "ci", "Startup Cost": 0.0, "Total Cost": 43.0, "Plan Rows": 2, "Plan Width": 8, "Index Cond": "(person_id = n.id)", "Filter": "((note)::text = ANY ('{(producer),\"(executive producer)\"}'::text[]))"}]}, {"Node Type": "Index Scan", "Parent Relationship": "Inner", "Scan Direction": "Forward", "Index Name": "movie_id_movie_info", "Relation Name": "movie_info", "Alias": "mi", "Startup Cost": 0.0, "Total Cost": 0.7, "Plan Rows": 5, "Plan Width": 50, "Index Cond": "(movie_id = ci.movie_id)"}]}, {"Node Type": "Hash", "Parent Relationship": "Inner", "Startup Cost": 2.4, "Total Cost": 2.4, "Plan Rows": 1, "Plan Width": 4, "Plans": [{"Node Type": "Seq Scan", "Parent Relationship": "Outer", "Relation Name": "info_type", "Alias": "it1", "Startup Cost": 0.0, "Total Cost": 2.4, "Plan Rows": 1, "Plan Width": 4, "Filter": "((info)::text = 'budget'::text)"}]}]}, {"Node Type": "Index Scan", "Parent Relationship": "Inner", "Scan Direction": "Forward", "Index Name": "movie_id_movie_info_idx", "Relation Name": "movie_info_idx", "Alias": "mi_idx", "Startup Cost": 0.0, "Total Cost": 0.29, "Plan Rows": 2, "Plan Width": 13, "Index Cond": "(movie_id = mi.movie_id)"}]}, {"Node Type": "Index Scan", "Parent Relationship": "Inner", "Scan Direction": "Forward", "Index Name": "info_type_pkey", "Relation Name": "info_type", "Alias": "it2", "Startup Cost": 0.0, "Total Cost": 0.27, "Plan Rows": 1, "Plan Width": 4, "Index Cond": "(id = mi_idx.info_type_id)", "Filter": "((info)::text = 'votes'::text)"}]}, {"Node Type": "Index Scan", "Parent Relationship": "Inner", "Scan Direction": "Forward", "Index Name": "title_pkey", "Relation Name": "title", "Alias": "t", "Startup Cost": 0.0, "Total Cost": 0.28, "Plan Rows": 1, "Plan Width": 21, "Index Cond": "(id = mi.movie_id)"}]}]}, "Unique SQL Id": 4264520866, "Planner Runtime": 85}, "explain_analyze_plan": {"Plan": {"Node Type": "Aggregate", "Strategy": "Plain", "Startup Cost": 29846.14, "Total Cost": 29846.15, "Plan Rows": 1, "Plan Width": 160, "Actual Min Startup Time": 383.044, "Actual Max Startup Time": 383.044, "Actual Min Total Time": 383.044, "Actual Max Total Time": 383.044, "Plans": [{"Node Type": "Nested Loop", "Parent Relationship": "Outer", "Join Type": "Inner", "Startup Cost": 2.41, "Total Cost": 29846.07, "Plan Rows": 9, "Plan Width": 64, "Actual Min Startup Time": 23.956, "Actual Max Startup Time": 23.956, "Actual Min Total Time": 382.344, "Actual Max Total Time": 382.344, "Inner Unique": true, "Plans": [{"Node Type": "Nested Loop", "Parent Relationship": "Outer", "Join Type": "Inner", "Startup Cost": 2.41, "Total Cost": 29843.44, "Plan Rows": 9, "Plan Width": 59, "Actual Min Startup Time": 23.935, "Actual Max Startup Time": 23.935, "Actual Min Total Time": 378.246, "Actual Max Total Time": 378.246, "Inner Unique": true, "Plans": [{"Node Type": "Nested Loop", "Parent Relationship": "Outer", "Join Type": "Inner", "Startup Cost": 2.41, "Total Cost": 29833.84, "Plan Rows": 34, "Plan Width": 63, "Actual Min Startup Time": 23.916, "Actual Max Startup Time": 23.916, "Actual Min Total Time": 374.78, "Actual Max Total Time": 374.78, "Inner Unique": false, "Plans": [{"Node Type": "Hash Join", "Parent Relationship": "Outer", "Join Type": "Inner", "Startup Cost": 2.41, "Total Cost": 29792.2, "Plan Rows": 133, "Plan Width": 50, "Actual Min Startup Time": 20.429, "Actual Max Startup Time": 20.429, "Actual Min Total Time": 368.055, "Actual Max Total Time": 368.055, "Inner Unique": true, "Hash Cond": "(mi.info_type_id = it1.id)", "Plans": [{"Node Type": "Nested Loop", "Parent Relationship": "Outer", "Join Type": "Inner", "Startup Cost": 0.0, "Total Cost": 29785.66, "Plan Rows": 1561, "Plan Width": 54, "Actual Min Startup Time": 20.212, "Actual Max Startup Time": 20.212, "Actual Min Total Time": 352.444, "Actual Max Total Time": 352.444, "Inner Unique": false, "Plans": [{"Node Type": "Nested Loop", "Parent Relationship": "Outer", "Join Type": "Inner", "Startup Cost": 0.0, "Total Cost": 29565.43, "Plan Rows": 294, "Plan Width": 4, "Actual Min Startup Time": 20.193, "Actual Max Startup Time": 20.193, "Actual Min Total Time": 205.828, "Actual Max Total Time": 205.828, "Inner Unique": false, "Plans": [{"Node Type": "Streaming(type: LOCAL GATHER dop: 1/16)", "Parent Relationship": "Outer", "Startup Cost": 0.0, "Total Cost": 22123.07, "Plan Rows": 173, "Plan Width": 4, "Actual Min Startup Time": 19.894, "Actual Max Startup Time": 19.894, "Actual Min Total Time": 74.09, "Actual Max Total Time": 74.09, "Plans": [{"Node Type": "Seq Scan", "Parent Relationship": "Outer", "Relation Name": "name", "Alias": "n", "Startup Cost": 0.0, "Total Cost": 22119.33, "Plan Rows": 173, "Plan Width": 4, "Actual Min Startup Time": 0.032, "Actual Max Startup Time": 0.837, "Actual Min Total Time": 101.867, "Actual Max Total Time": 105.985, "Filter": "(((name)::text ~~ '%Tim%'::text) AND ((gender)::text = 'm'::text))", "Rows Removed by Filter": 4158428, "Actual Rows": 9062}], "Actual Rows": 9062}, {"Node Type": "Index Scan", "Parent Relationship": "Inner", "Scan Direction": "Forward", "Index Name": "person_id_cast_info", "Relation Name": "cast_info", "Alias": "ci", "Startup Cost": 0.0, "Total Cost": 43.0, "Plan Rows": 2, "Plan Width": 8, "Actual Min Startup Time": 106.345, "Actual Max Startup Time": 106.345, "Actual Min Total Time": 125.407, "Actual Max Total Time": 125.407, "Index Cond": "(person_id = n.id)", "Rows Removed by Index Recheck": 0, "Filter": "((note)::text = ANY ('{(producer),\"(executive producer)\"}'::text[]))", "Rows Removed by Filter": 89309, "Actual Rows": 6719}], "Actual Rows": 6719}, {"Node Type": "Index Scan", "Parent Relationship": "Inner", "Scan Direction": "Forward", "Index Name": "movie_id_movie_info", "Relation Name": "movie_info", "Alias": "mi", "Startup Cost": 0.0, "Total Cost": 0.7, "Plan Rows": 5, "Plan Width": 50, "Actual Min Startup Time": 39.756, "Actual Max Startup Time": 39.756, "Actual Min Total Time": 122.811, "Actual Max Total Time": 122.811, "Index Cond": "(movie_id = ci.movie_id)", "Rows Removed by Index Recheck": 0, "Actual Rows": 95896}], "Actual Rows": 95896}, {"Node Type": "Hash", "Parent Relationship": "Inner", "Startup Cost": 2.4, "Total Cost": 2.4, "Plan Rows": 1, "Plan Width": 4, "Actual Min Startup Time": 0.077, "Actual Max Startup Time": 0.077, "Actual Min Total Time": 0.077, "Actual Max Total Time": 0.077, "Max Hash Buckets": 32768, "Min Hash Buckets": 32768, "Max Hash Batches": 1, "Min Hash Batches": 1, "Max Original Hash Batches": 1, "Min Original Hash Batches": 1, "Max Peak Memory Usage": 1, "min Peak Memory Usage": 1, "Plans": [{"Node Type": "Seq Scan", "Parent Relationship": "Outer", "Relation Name": "info_type", "Alias": "it1", "Startup Cost": 0.0, "Total Cost": 2.4, "Plan Rows": 1, "Plan Width": 4, "Actual Min Startup Time": 0.064, "Actual Max Startup Time": 0.064, "Actual Min Total Time": 0.068, "Actual Max Total Time": 0.068, "Filter": "((info)::text = 'budget'::text)", "Rows Removed by Filter": 111, "Actual Rows": 1}], "Actual Rows": 1}], "Actual Rows": 699}, {"Node Type": "Index Scan", "Parent Relationship": "Inner", "Scan Direction": "Forward", "Index Name": "movie_id_movie_info_idx", "Relation Name": "movie_info_idx", "Alias": "mi_idx", "Startup Cost": 0.0, "Total Cost": 0.29, "Plan Rows": 2, "Plan Width": 13, "Actual Min Startup Time": 5.323, "Actual Max Startup Time": 5.323, "Actual Min Total Time": 5.912, "Actual Max Total Time": 5.912, "Index Cond": "(movie_id = mi.movie_id)", "Rows Removed by Index Recheck": 0, "Actual Rows": 1235}], "Actual Rows": 1235}, {"Node Type": "Index Scan", "Parent Relationship": "Inner", "Scan Direction": "Forward", "Index Name": "info_type_pkey", "Relation Name": "info_type", "Alias": "it2", "Startup Cost": 0.0, "Total Cost": 0.27, "Plan Rows": 1, "Plan Width": 4, "Actual Min Startup Time": 2.651, "Actual Max Startup Time": 2.651, "Actual Min Total Time": 2.651, "Actual Max Total Time": 2.651, "Index Cond": "(id = mi_idx.info_type_id)", "Rows Removed by Index Recheck": 0, "Filter": "((info)::text = 'votes'::text)", "Rows Removed by Filter": 825, "Actual Rows": 410}], "Actual Rows": 410}, {"Node Type": "Index Scan", "Parent Relationship": "Inner", "Scan Direction": "Forward", "Index Name": "title_pkey", "Relation Name": "title", "Alias": "t", "Startup Cost": 0.0, "Total Cost": 0.28, "Plan Rows": 1, "Plan Width": 21, "Actual Min Startup Time": 3.609, "Actual Max Startup Time": 3.609, "Actual Min Total Time": 3.609, "Actual Max Total Time": 3.609, "Index Cond": "(id = mi.movie_id)", "Rows Removed by Index Recheck": 0, "Actual Rows": 410}], "Actual Rows": 410}], "Actual Rows": 1}, "Triggers": [], "Planner Runtime": 96.689, "Total Runtime": 385.641, "Unique SQL Id": 4264520866}}, "(16, '109')": {"explain_plan": {"Plan": {"Node Type": "Aggregate", "Strategy": "Plain", "Startup Cost": 161226.62, "Total Cost": 161226.63, "Plan Rows": 1, "Plan Width": 160, "Plans": [{"Node Type": "Nested Loop", "Parent Relationship": "Outer", "Join Type": "Inner", "Startup Cost": 0.0, "Total Cost": 161226.56, "Plan Rows": 9, "Plan Width": 64, "Inner Unique": true, "Plans": [{"Node Type": "Nested Loop", "Parent Relationship": "Outer", "Join Type": "Inner", "Startup Cost": 0.0, "Total Cost": 161223.93, "Plan Rows": 9, "Plan Width": 59, "Inner Unique": true, "Plans": [{"Node Type": "Nested Loop", "Parent Relationship": "Outer", "Join Type": "Inner", "Startup Cost": 0.0, "Total Cost": 161145.11, "Plan Rows": 279, "Plan Width": 63, "Inner Unique": false, "Join Filter": "(mi_idx.movie_id = mi.movie_id)", "Plans": [{"Node Type": "Nested Loop", "Parent Relationship": "Outer", "Join Type": "Inner", "Startup Cost": 0.0, "Total Cost": 161105.51, "Plan Rows": 52, "Plan Width": 13, "Inner Unique": true, "Plans": [{"Node Type": "Nested Loop", "Parent Relationship": "Outer", "Join Type": "Inner", "Startup Cost": 0.0, "Total Cost": 161007.76, "Plan Rows": 346, "Plan Width": 17, "Inner Unique": false, "Plans": [{"Node Type": "Nested Loop", "Parent Relationship": "Outer", "Join Type": "Inner", "Startup Cost": 0.0, "Total Cost": 160910.97, "Plan Rows": 294, "Plan Width": 4, "Inner Unique": false, "Plans": [{"Node Type": "Streaming(type: LOCAL GATHER dop: 1/16)", "Parent Relationship": "Outer", "Startup Cost": 0.0, "Total Cost": 153468.6, "Plan Rows": 173, "Plan Width": 4, "Plans": [{"Node Type": "Index Scan", "Parent Relationship": "Outer", "Scan Direction": "Forward", "Index Name": "name_pkey", "Relation Name": "name", "Alias": "n", "Startup Cost": 0.0, "Total Cost": 153464.87, "Plan Rows": 173, "Plan Width": 4, "Filter": "(((name)::text ~~ '%Tim%'::text) AND ((gender)::text = 'm'::text))"}]}, {"Node Type": "Index Scan", "Parent Relationship": "Inner", "Scan Direction": "Forward", "Index Name": "person_id_cast_info", "Relation Name": "cast_info", "Alias": "ci", "Startup Cost": 0.0, "Total Cost": 43.0, "Plan Rows": 2, "Plan Width": 8, "Index Cond": "(person_id = n.id)", "Filter": "((note)::text = ANY ('{(producer),\"(executive producer)\"}'::text[]))"}]}, {"Node Type": "Index Scan", "Parent Relationship": "Inner", "Scan Direction": "Forward", "Index Name": "movie_id_movie_info_idx", "Relation Name": "movie_info_idx", "Alias": "mi_idx", "Startup Cost": 0.0, "Total Cost": 0.31, "Plan Rows": 2, "Plan Width": 13, "Index Cond": "(movie_id = ci.movie_id)"}]}, {"Node Type": "Index Scan", "Parent Relationship": "Inner", "Scan Direction": "Forward", "Index Name": "info_type_pkey", "Relation Name": "info_type", "Alias": "it2", "Startup Cost": 0.0, "Total Cost": 0.27, "Plan Rows": 1, "Plan Width": 4, "Index Cond": "(id = mi_idx.info_type_id)", "Filter": "((info)::text = 'votes'::text)"}]}, {"Node Type": "Index Scan", "Parent Relationship": "Inner", "Scan Direction": "Forward", "Index Name": "movie_id_movie_info", "Relation Name": "movie_info", "Alias": "mi", "Startup Cost": 0.0, "Total Cost": 0.7, "Plan Rows": 5, "Plan Width": 50, "Index Cond": "(movie_id = ci.movie_id)"}]}, {"Node Type": "Index Scan", "Parent Relationship": "Inner", "Scan Direction": "Forward", "Index Name": "info_type_pkey", "Relation Name": "info_type", "Alias": "it1", "Startup Cost": 0.0, "Total Cost": 0.27, "Plan Rows": 1, "Plan Width": 4, "Index Cond": "(id = mi.info_type_id)", "Filter": "((info)::text = 'budget'::text)"}]}, {"Node Type": "Index Scan", "Parent Relationship": "Inner", "Scan Direction": "Forward", "Index Name": "title_pkey", "Relation Name": "title", "Alias": "t", "Startup Cost": 0.0, "Total Cost": 0.28, "Plan Rows": 1, "Plan Width": 21, "Index Cond": "(id = mi.movie_id)"}]}]}, "Unique SQL Id": 4264520866, "Planner Runtime": 25}, "explain_analyze_plan": {"Plan": {"Node Type": "Aggregate", "Strategy": "Plain", "Startup Cost": 161226.62, "Total Cost": 161226.63, "Plan Rows": 1, "Plan Width": 160, "Actual Min Startup Time": 607.284, "Actual Max Startup Time": 607.284, "Actual Min Total Time": 607.284, "Actual Max Total Time": 607.284, "Plans": [{"Node Type": "Nested Loop", "Parent Relationship": "Outer", "Join Type": "Inner", "Startup Cost": 0.0, "Total Cost": 161226.56, "Plan Rows": 9, "Plan Width": 64, "Actual Min Startup Time": 76.744, "Actual Max Startup Time": 76.744, "Actual Min Total Time": 606.583, "Actual Max Total Time": 606.583, "Inner Unique": true, "Plans": [{"Node Type": "Nested Loop", "Parent Relationship": "Outer", "Join Type": "Inner", "Startup Cost": 0.0, "Total Cost": 161223.93, "Plan Rows": 9, "Plan Width": 59, "Actual Min Startup Time": 76.723, "Actual Max Startup Time": 76.723, "Actual Min Total Time": 602.309, "Actual Max Total Time": 602.309, "Inner Unique": true, "Plans": [{"Node Type": "Nested Loop", "Parent Relationship": "Outer", "Join Type": "Inner", "Startup Cost": 0.0, "Total Cost": 161145.11, "Plan Rows": 279, "Plan Width": 63, "Actual Min Startup Time": 76.681, "Actual Max Startup Time": 76.681, "Actual Min Total Time": 420.887, "Actual Max Total Time": 420.887, "Inner Unique": false, "Join Filter": "(mi_idx.movie_id = mi.movie_id)", "Rows Removed by Join Filter": 0, "Plans": [{"Node Type": "Nested Loop", "Parent Relationship": "Outer", "Join Type": "Inner", "Startup Cost": 0.0, "Total Cost": 161105.51, "Plan Rows": 52, "Plan Width": 13, "Actual Min Startup Time": 76.658, "Actual Max Startup Time": 76.658, "Actual Min Total Time": 292.413, "Actual Max Total Time": 292.413, "Inner Unique": true, "Plans": [{"Node Type": "Nested Loop", "Parent Relationship": "Outer", "Join Type": "Inner", "Startup Cost": 0.0, "Total Cost": 161007.76, "Plan Rows": 346, "Plan Width": 17, "Actual Min Startup Time": 76.636, "Actual Max Startup Time": 76.636, "Actual Min Total Time": 267.06, "Actual Max Total Time": 267.06, "Inner Unique": false, "Plans": [{"Node Type": "Nested Loop", "Parent Relationship": "Outer", "Join Type": "Inner", "Startup Cost": 0.0, "Total Cost": 160910.97, "Plan Rows": 294, "Plan Width": 4, "Actual Min Startup Time": 76.609, "Actual Max Startup Time": 76.609, "Actual Min Total Time": 228.308, "Actual Max Total Time": 228.308, "Inner Unique": false, "Plans": [{"Node Type": "Streaming(type: LOCAL GATHER dop: 1/16)", "Parent Relationship": "Outer", "Startup Cost": 0.0, "Total Cost": 153468.6, "Plan Rows": 173, "Plan Width": 4, "Actual Min Startup Time": 76.451, "Actual Max Startup Time": 76.451, "Actual Min Total Time": 97.413, "Actual Max Total Time": 97.413, "Plans": [{"Node Type": "Index Scan", "Parent Relationship": "Outer", "Scan Direction": "Forward", "Index Name": "name_pkey", "Relation Name": "name", "Alias": "n", "Startup Cost": 0.0, "Total Cost": 153464.87, "Plan Rows": 173, "Plan Width": 4, "Actual Min Startup Time": 45.312, "Actual Max Startup Time": 303.084, "Actual Min Total Time": 276.11, "Actual Max Total Time": 305.567, "Filter": "(((name)::text ~~ '%Tim%'::text) AND ((gender)::text = 'm'::text))", "Rows Removed by Filter": 4158428, "Actual Rows": 9062}], "Actual Rows": 9062}, {"Node Type": "Index Scan", "Parent Relationship": "Inner", "Scan Direction": "Forward", "Index Name": "person_id_cast_info", "Relation Name": "cast_info", "Alias": "ci", "Startup Cost": 0.0, "Total Cost": 43.0, "Plan Rows": 2, "Plan Width": 8, "Actual Min Startup Time": 104.871, "Actual Max Startup Time": 104.871, "Actual Min Total Time": 124.44, "Actual Max Total Time": 124.44, "Index Cond": "(person_id = n.id)", "Rows Removed by Index Recheck": 0, "Filter": "((note)::text = ANY ('{(producer),\"(executive producer)\"}'::text[]))", "Rows Removed by Filter": 89309, "Actual Rows": 6719}], "Actual Rows": 6719}, {"Node Type": "Index Scan", "Parent Relationship": "Inner", "Scan Direction": "Forward", "Index Name": "movie_id_movie_info_idx", "Relation Name": "movie_info_idx", "Alias": "mi_idx", "Startup Cost": 0.0, "Total Cost": 0.31, "Plan Rows": 2, "Plan Width": 13, "Actual Min Startup Time": 28.535, "Actual Max Startup Time": 28.535, "Actual Min Total Time": 32.59, "Actual Max Total Time": 32.59, "Index Cond": "(movie_id = ci.movie_id)", "Rows Removed by Index Recheck": 0, "Actual Rows": 10310}], "Actual Rows": 10310}, {"Node Type": "Index Scan", "Parent Relationship": "Inner", "Scan Direction": "Forward", "Index Name": "info_type_pkey", "Relation Name": "info_type", "Alias": "it2", "Startup Cost": 0.0, "Total Cost": 0.27, "Plan Rows": 1, "Plan Width": 4, "Actual Min Startup Time": 19.515, "Actual Max Startup Time": 19.515, "Actual Min Total Time": 19.515, "Actual Max Total Time": 19.515, "Index Cond": "(id = mi_idx.info_type_id)", "Rows Removed by Index Recheck": 0, "Filter": "((info)::text = 'votes'::text)", "Rows Removed by Filter": 6875, "Actual Rows": 3435}], "Actual Rows": 3435}, {"Node Type": "Index Scan", "Parent Relationship": "Inner", "Scan Direction": "Forward", "Index Name": "movie_id_movie_info", "Relation Name": "movie_info", "Alias": "mi", "Startup Cost": 0.0, "Total Cost": 0.7, "Plan Rows": 5, "Plan Width": 50, "Actual Min Startup Time": 24.09, "Actual Max Startup Time": 24.09, "Actual Min Total Time": 96.018, "Actual Max Total Time": 96.018, "Index Cond": "(movie_id = ci.movie_id)", "Rows Removed by Index Recheck": 0, "Actual Rows": 82408}], "Actual Rows": 82408}, {"Node Type": "Index Scan", "Parent Relationship": "Inner", "Scan Direction": "Forward", "Index Name": "info_type_pkey", "Relation Name": "info_type", "Alias": "it1", "Startup Cost": 0.0, "Total Cost": 0.27, "Plan Rows": 1, "Plan Width": 4, "Actual Min Startup Time": 143.239, "Actual Max Startup Time": 143.239, "Actual Min Total Time": 143.239, "Actual Max Total Time": 143.239, "Index Cond": "(id = mi.info_type_id)", "Rows Removed by Index Recheck": 0, "Filter": "((info)::text = 'budget'::text)", "Rows Removed by Filter": 79844, "Actual Rows": 410}], "Actual Rows": 410}, {"Node Type": "Index Scan", "Parent Relationship": "Inner", "Scan Direction": "Forward", "Index Name": "title_pkey", "Relation Name": "title", "Alias": "t", "Startup Cost": 0.0, "Total Cost": 0.28, "Plan Rows": 1, "Plan Width": 21, "Actual Min Startup Time": 3.705, "Actual Max Startup Time": 3.705, "Actual Min Total Time": 3.705, "Actual Max Total Time": 3.705, "Index Cond": "(id = mi.movie_id)", "Rows Removed by Index Recheck": 0, "Actual Rows": 410}], "Actual Rows": 410}], "Actual Rows": 1}, "Triggers": [], "Planner Runtime": 50.937, "Total Runtime": 609.898, "Unique SQL Id": 4264520866}}, "(16, '110')": {"explain_plan": {"Plan": {"Node Type": "Aggregate", "Strategy": "Plain", "Startup Cost": 189908.3, "Total Cost": 189908.31, "Plan Rows": 1, "Plan Width": 160, "Plans": [{"Node Type": "Hash Join", "Parent Relationship": "Outer", "Join Type": "Inner", "Startup Cost": 122763.32, "Total Cost": 189907.92, "Plan Rows": 51, "Plan Width": 64, "Inner Unique": true, "Hash Cond": "(mi_idx.info_type_id = it2.id)", "Plans": [{"Node Type": "Streaming(type: LOCAL GATHER dop: 1/16)", "Parent Relationship": "Outer", "Startup Cost": 122762.71, "Total Cost": 189906.2, "Plan Rows": 204, "Plan Width": 68, "Plans": [{"Node Type": "Hash Join", "Parent Relationship": "Outer", "Join Type": "Inner", "Startup Cost": 122762.71, "Total Cost": 189901.8, "Plan Rows": 204, "Plan Width": 68, "Inner Unique": false, "Hash Cond": "(t.id = mi_idx.movie_id)", "Plans": [{"Node Type": "Streaming(type: BROADCAST dop: 16/16)", "Parent Relationship": "Outer", "Startup Cost": 117617.77, "Total Cost": 184755.73, "Plan Rows": 2128, "Plan Width": 71, "Plans": [{"Node Type": "Hash Join", "Parent Relationship": "Outer", "Join Type": "Inner", "Startup Cost": 117617.77, "Total Cost": 169750.33, "Plan Rows": 133, "Plan Width": 71, "Inner Unique": true, "Hash Cond": "(mi.movie_id = t.id)", "Plans": [{"Node Type": "Streaming(type: BROADCAST dop: 16/1)", "Parent Relationship": "Outer", "Startup Cost": 110953.94, "Total Cost": 163085.93, "Plan Rows": 2128, "Plan Width": 50, "Plans": [{"Node Type": "Hash Join", "Parent Relationship": "Outer", "Join Type": "Inner", "Startup Cost": 110953.94, "Total Cost": 148040.0, "Plan Rows": 133, "Plan Width": 50, "Inner Unique": true, "Hash Cond": "(mi.info_type_id = it1.id)", "Plans": [{"Node Type": "Streaming(type: LOCAL GATHER dop: 1/16)", "Parent Relationship": "Outer", "Startup Cost": 110953.33, "Total Cost": 148034.87, "Plan Rows": 1561, "Plan Width": 54, "Plans": [{"Node Type": "Hash Join", "Parent Relationship": "Outer", "Join Type": "Inner", "Startup Cost": 110953.33, "Total Cost": 148001.18, "Plan Rows": 1561, "Plan Width": 54, "Inner Unique": false, "Hash Cond": "(mi.movie_id = ci.movie_id)", "Plans": [{"Node Type": "Seq Scan", "Parent Relationship": "Outer", "Relation Name": "movie_info", "Alias": "mi", "Startup Cost": 0.0, "Total Cost": 33561.73, "Plan Rows": 14869966, "Plan Width": 50}, {"Node Type": "Hash", "Parent Relationship": "Inner", "Startup Cost": 110949.66, "Total Cost": 110949.66, "Plan Rows": 4704, "Plan Width": 4, "Plans": [{"Node Type": "Streaming(type: BROADCAST dop: 16/16)", "Parent Relationship": "Outer", "Startup Cost": 37128.53, "Total Cost": 110949.66, "Plan Rows": 4704, "Plan Width": 4, "Plans": [{"Node Type": "Hash Join", "Parent Relationship": "Outer", "Join Type": "Inner", "Startup Cost": 37128.53, "Total Cost": 95937.71, "Plan Rows": 294, "Plan Width": 4, "Inner Unique": true, "Hash Cond": "(ci.person_id = n.id)", "Plans": [{"Node Type": "Seq Scan", "Parent Relationship": "Outer", "Relation Name": "cast_info", "Alias": "ci", "Startup Cost": 0.0, "Total Cost": 58282.92, "Plan Rows": 2350421, "Plan Width": 8, "Filter": "((note)::text = ANY ('{(producer),\"(executive producer)\"}'::text[]))"}, {"Node Type": "Hash", "Parent Relationship": "Inner", "Startup Cost": 37126.36, "Total Cost": 37126.36, "Plan Rows": 2768, "Plan Width": 4, "Plans": [{"Node Type": "Streaming(type: BROADCAST dop: 16/16)", "Parent Relationship": "Outer", "Startup Cost": 0.0, "Total Cost": 37126.36, "Plan Rows": 2768, "Plan Width": 4, "Plans": [{"Node Type": "Seq Scan", "Parent Relationship": "Outer", "Relation Name": "name", "Alias": "n", "Startup Cost": 0.0, "Total Cost": 22119.33, "Plan Rows": 173, "Plan Width": 4, "Filter": "(((name)::text ~~ '%Tim%'::text) AND ((gender)::text = 'm'::text))"}]}]}]}]}]}]}]}, {"Node Type": "Hash", "Parent Relationship": "Inner", "Startup Cost": 2.4, "Total Cost": 2.4, "Plan Rows": 1, "Plan Width": 4, "Plans": [{"Node Type": "Seq Scan", "Parent Relationship": "Outer", "Relation Name": "info_type", "Alias": "it1", "Startup Cost": 0.0, "Total Cost": 2.4, "Plan Rows": 1, "Plan Width": 4, "Filter": "((info)::text = 'budget'::text)"}]}]}]}, {"Node Type": "Hash", "Parent Relationship": "Inner", "Startup Cost": 18754.32, "Total Cost": 18754.32, "Plan Rows": 2528311, "Plan Width": 21, "Plans": [{"Node Type": "Seq Scan", "Parent Relationship": "Outer", "Relation Name": "title", "Alias": "t", "Startup Cost": 0.0, "Total Cost": 18754.32, "Plan Rows": 2528311, "Plan Width": 21}]}]}]}, {"Node Type": "Hash", "Parent Relationship": "Inner", "Startup Cost": 16267.15, "Total Cost": 16267.15, "Plan Rows": 1380034, "Plan Width": 13, "Plans": [{"Node Type": "Seq Scan", "Parent Relationship": "Outer", "Relation Name": "movie_info_idx", "Alias": "mi_idx", "Startup Cost": 0.0, "Total Cost": 16267.15, "Plan Rows": 1380034, "Plan Width": 13}]}]}]}, {"Node Type": "Hash", "Parent Relationship": "Inner", "Startup Cost": 2.4, "Total Cost": 2.4, "Plan Rows": 1, "Plan Width": 4, "Plans": [{"Node Type": "Seq Scan", "Parent Relationship": "Outer", "Relation Name": "info_type", "Alias": "it2", "Startup Cost": 0.0, "Total Cost": 2.4, "Plan Rows": 1, "Plan Width": 4, "Filter": "((info)::text = 'votes'::text)"}]}]}]}, "Unique SQL Id": 4264520866, "Planner Runtime": 175}, "explain_analyze_plan": null}, "(16, '111')": {"explain_plan": {"Plan": {"Node Type": "Aggregate", "Strategy": "Plain", "Startup Cost": 7000228652362.46, "Total Cost": 7000228652362.47, "Plan Rows": 1, "Plan Width": 160, "Plans": [{"Node Type": "Hash Join", "Parent Relationship": "Outer", "Join Type": "Inner", "Startup Cost": 5020212312737.45, "Total Cost": 7000228652362.08, "Plan Rows": 51, "Plan Width": 64, "Inner Unique": true, "Hash Cond": "(mi.movie_id = t.id)", "Plans": [{"Node Type": "Hash Join", "Parent Relationship": "Outer", "Join Type": "Inner", "Startup Cost": 4020201269084.65, "Total Cost": 6000217608708.57, "Plan Rows": 51, "Plan Width": 59, "Inner Unique": false, "Hash Cond": "(mi.movie_id = mi_idx.movie_id)", "Plans": [{"Node Type": "Nested Loop", "Parent Relationship": "Outer", "Join Type": "Inner", "Startup Cost": 20000004894.57, "Total Cost": 2000016343720.19, "Plan Rows": 212428, "Plan Width": 46, "Inner Unique": false, "Plans": [{"Node Type": "Index Scan", "Parent Relationship": "Outer", "Scan Direction": "Forward", "Index Name": "info_type_pkey", "Relation Name": "info_type", "Alias": "it1", "Startup Cost": 10000000000.0, "Total Cost": 1000000001421.0, "Plan Rows": 1, "Plan Width": 4, "Filter": "((info)::text = 'budget'::text)"}, {"Node Type": "Bitmap Heap Scan", "Parent Relationship": "Inner", "Relation Name": "movie_info", "Alias": "mi", "Startup Cost": 10000004894.57, "Total Cost": 1000016340174.91, "Plan Rows": 212428, "Plan Width": 50, "Recheck Cond": "(info_type_id = it1.id), (LLVM Optimized)", "Plans": [{"Node Type": "Bitmap Index Scan", "Parent Relationship": "Outer", "Index Name": "info_type_id_movie_info", "Startup Cost": 0.0, "Total Cost": 4841.46, "Plan Rows": 212428, "Plan Width": 0, "Index Cond": "(info_type_id = it1.id)"}]}]}, {"Node Type": "Hash", "Parent Relationship": "Inner", "Startup Cost": 4000201264187.24, "Total Cost": 4000201264187.24, "Plan Rows": 228, "Plan Width": 13, "Plans": [{"Node Type": "Hash Join", "Parent Relationship": "Outer", "Join Type": "Inner", "Startup Cost": 2020199436654.7, "Total Cost": 4000201264187.24, "Plan Rows": 228, "Plan Width": 13, "Inner Unique": false, "Hash Cond": "(mi_idx.movie_id = ci.movie_id)", "Plans": [{"Node Type": "Nested Loop", "Parent Relationship": "Outer", "Join Type": "Inner", "Startup Cost": 20000007502.06, "Total Cost": 2000001833737.28, "Plan Rows": 345008, "Plan Width": 9, "Inner Unique": false, "Plans": [{"Node Type": "Index Scan", "Parent Relationship": "Outer", "Scan Direction": "Forward", "Index Name": "info_type_pkey", "Relation Name": "info_type", "Alias": "it2", "Startup Cost": 10000000000.0, "Total Cost": 1000000001421.0, "Plan Rows": 1, "Plan Width": 4, "Filter": "((info)::text = 'votes'::text)"}, {"Node Type": "Bitmap Heap Scan", "Parent Relationship": "Inner", "Relation Name": "movie_info_idx", "Alias": "mi_idx", "Startup Cost": 10000007502.06, "Total Cost": 1000001828866.2, "Plan Rows": 345008, "Plan Width": 13, "Recheck Cond": "(info_type_id = it2.id), (LLVM Optimized)", "Plans": [{"Node Type": "Bitmap Index Scan", "Parent Relationship": "Outer", "Index Name": "info_type_id_movie_info_idx", "Startup Cost": 0.0, "Total Cost": 7415.81, "Plan Rows": 345008, "Plan Width": 0, "Index Cond": "(info_type_id = it2.id)"}]}]}, {"Node Type": "Hash", "Parent Relationship": "Inner", "Startup Cost": 2000199429148.96, "Total Cost": 2000199429148.96, "Plan Rows": 294, "Plan Width": 4, "Plans": [{"Node Type": "Hash Join", "Parent Relationship": "Outer", "Join Type": "Inner", "Startup Cost": 1010019707021.87, "Total Cost": 2000199429148.96, "Plan Rows": 294, "Plan Width": 4, "Inner Unique": true, "Hash Cond": "(ci.person_id = n.id)", "Plans": [{"Node Type": "Index Scan", "Parent Relationship": "Outer", "Scan Direction": "Forward", "Index Name": "person_id_cast_info", "Relation Name": "cast_info", "Alias": "ci", "Startup Cost": 10000000000.0, "Total Cost": 1000179713706.71, "Plan Rows": 2350421, "Plan Width": 8, "Filter": "((note)::text = ANY ('{(producer),\"(executive producer)\"}'::text[]))"}, {"Node Type": "Hash", "Parent Relationship": "Inner", "Startup Cost": 1000019707019.7, "Total Cost": 1000019707019.7, "Plan Rows": 173, "Plan Width": 4, "Plans": [{"Node Type": "Index Scan", "Parent Relationship": "Outer", "Scan Direction": "Forward", "Index Name": "name_pkey", "Relation Name": "name", "Alias": "n", "Startup Cost": 10000000000.0, "Total Cost": 1000019707019.7, "Plan Rows": 173, "Plan Width": 4, "Filter": "(((name)::text ~~ '%Tim%'::text) AND ((gender)::text = 'm'::text))"}]}]}]}]}]}]}, {"Node Type": "Hash", "Parent Relationship": "Inner", "Startup Cost": 1000011012048.91, "Total Cost": 1000011012048.91, "Plan Rows": 2528311, "Plan Width": 21, "Plans": [{"Node Type": "Index Scan", "Parent Relationship": "Outer", "Scan Direction": "Forward", "Index Name": "title_pkey", "Relation Name": "title", "Alias": "t", "Startup Cost": 10000000000.0, "Total Cost": 1000011012048.91, "Plan Rows": 2528311, "Plan Width": 21}]}]}]}, "Unique SQL Id": 4264520866, "Planner Runtime": 40}, "explain_analyze_plan": null}, "(16, '112')": {"explain_plan": {"Plan": {"Node Type": "Aggregate", "Strategy": "Plain", "Startup Cost": 29717.13, "Total Cost": 29717.14, "Plan Rows": 1, "Plan Width": 160, "Plans": [{"Node Type": "Nested Loop", "Parent Relationship": "Outer", "Join Type": "Inner", "Startup Cost": 0.0, "Total Cost": 29717.07, "Plan Rows": 8, "Plan Width": 64, "Inner Unique": true, "Plans": [{"Node Type": "Nested Loop", "Parent Relationship": "Outer", "Join Type": "Inner", "Startup Cost": 0.0, "Total Cost": 29714.44, "Plan Rows": 9, "Plan Width": 59, "Inner Unique": false, "Join Filter": "(mi.info_type_id = it1.id)", "Plans": [{"Node Type": "Seq Scan", "Parent Relationship": "Outer", "Relation Name": "info_type", "Alias": "it1", "Startup Cost": 0.0, "Total Cost": 2.4, "Plan Rows": 1, "Plan Width": 4, "Filter": "((info)::text = 'budget'::text)"}, {"Node Type": "Nested Loop", "Parent Relationship": "Inner", "Join Type": "Inner", "Startup Cost": 0.0, "Total Cost": 29708.55, "Plan Rows": 279, "Plan Width": 63, "Inner Unique": false, "Join Filter": "(mi_idx.movie_id = mi.movie_id)", "Plans": [{"Node Type": "Nested Loop", "Parent Relationship": "Outer", "Join Type": "Inner", "Startup Cost": 0.0, "Total Cost": 29668.95, "Plan Rows": 52, "Plan Width": 13, "Inner Unique": false, "Join Filter": "(mi_idx.info_type_id = it2.id)", "Plans": [{"Node Type": "Seq Scan", "Parent Relationship": "Outer", "Relation Name": "info_type", "Alias": "it2", "Startup Cost": 0.0, "Total Cost": 2.4, "Plan Rows": 1, "Plan Width": 4, "Filter": "((info)::text = 'votes'::text)"}, {"Node Type": "Materialize", "Parent Relationship": "Inner", "Startup Cost": 0.0, "Total Cost": 29663.09, "Plan Rows": 346, "Plan Width": 17, "Plans": [{"Node Type": "Nested Loop", "Parent Relationship": "Outer", "Join Type": "Inner", "Startup Cost": 0.0, "Total Cost": 29662.23, "Plan Rows": 346, "Plan Width": 17, "Inner Unique": false, "Plans": [{"Node Type": "Nested Loop", "Parent Relationship": "Outer", "Join Type": "Inner", "Startup Cost": 0.0, "Total Cost": 29565.43, "Plan Rows": 294, "Plan Width": 4, "Inner Unique": false, "Plans": [{"Node Type": "Streaming(type: LOCAL GATHER dop: 1/16)", "Parent Relationship": "Outer", "Startup Cost": 0.0, "Total Cost": 22123.07, "Plan Rows": 173, "Plan Width": 4, "Plans": [{"Node Type": "Seq Scan", "Parent Relationship": "Outer", "Relation Name": "name", "Alias": "n", "Startup Cost": 0.0, "Total Cost": 22119.33, "Plan Rows": 173, "Plan Width": 4, "Filter": "(((name)::text ~~ '%Tim%'::text) AND ((gender)::text = 'm'::text))"}]}, {"Node Type": "Index Scan", "Parent Relationship": "Inner", "Scan Direction": "Forward", "Index Name": "person_id_cast_info", "Relation Name": "cast_info", "Alias": "ci", "Startup Cost": 0.0, "Total Cost": 43.0, "Plan Rows": 2, "Plan Width": 8, "Index Cond": "(person_id = n.id)", "Filter": "((note)::text = ANY ('{(producer),\"(executive producer)\"}'::text[]))"}]}, {"Node Type": "Index Scan", "Parent Relationship": "Inner", "Scan Direction": "Forward", "Index Name": "movie_id_movie_info_idx", "Relation Name": "movie_info_idx", "Alias": "mi_idx", "Startup Cost": 0.0, "Total Cost": 0.31, "Plan Rows": 2, "Plan Width": 13, "Index Cond": "(movie_id = ci.movie_id)"}]}]}]}, {"Node Type": "Index Scan", "Parent Relationship": "Inner", "Scan Direction": "Forward", "Index Name": "movie_id_movie_info", "Relation Name": "movie_info", "Alias": "mi", "Startup Cost": 0.0, "Total Cost": 0.7, "Plan Rows": 5, "Plan Width": 50, "Index Cond": "(movie_id = ci.movie_id)"}]}]}, {"Node Type": "Index Scan", "Parent Relationship": "Inner", "Scan Direction": "Forward", "Index Name": "title_pkey", "Relation Name": "title", "Alias": "t", "Startup Cost": 0.0, "Total Cost": 0.28, "Plan Rows": 1, "Plan Width": 21, "Index Cond": "(id = mi.movie_id)"}]}]}, "Unique SQL Id": 4264520866, "Planner Runtime": 8}, "explain_analyze_plan": {"Plan": {"Node Type": "Aggregate", "Strategy": "Plain", "Startup Cost": 29717.13, "Total Cost": 29717.14, "Plan Rows": 1, "Plan Width": 160, "Actual Min Startup Time": 380.581, "Actual Max Startup Time": 380.581, "Actual Min Total Time": 380.581, "Actual Max Total Time": 380.581, "Plans": [{"Node Type": "Nested Loop", "Parent Relationship": "Outer", "Join Type": "Inner", "Startup Cost": 0.0, "Total Cost": 29717.07, "Plan Rows": 8, "Plan Width": 64, "Actual Min Startup Time": 239.3, "Actual Max Startup Time": 239.3, "Actual Min Total Time": 380.104, "Actual Max Total Time": 380.104, "Inner Unique": true, "Plans": [{"Node Type": "Nested Loop", "Parent Relationship": "Outer", "Join Type": "Inner", "Startup Cost": 0.0, "Total Cost": 29714.44, "Plan Rows": 9, "Plan Width": 59, "Actual Min Startup Time": 239.285, "Actual Max Startup Time": 239.285, "Actual Min Total Time": 376.468, "Actual Max Total Time": 376.468, "Inner Unique": false, "Join Filter": "(mi.info_type_id = it1.id)", "Rows Removed by Join Filter": 81998, "Plans": [{"Node Type": "Seq Scan", "Parent Relationship": "Outer", "Relation Name": "info_type", "Alias": "it1", "Startup Cost": 0.0, "Total Cost": 2.4, "Plan Rows": 1, "Plan Width": 4, "Actual Min Startup Time": 0.071, "Actual Max Startup Time": 0.071, "Actual Min Total Time": 0.081, "Actual Max Total Time": 0.081, "Filter": "((info)::text = 'budget'::text)", "Rows Removed by Filter": 111, "Actual Rows": 1}, {"Node Type": "Nested Loop", "Parent Relationship": "Inner", "Join Type": "Inner", "Startup Cost": 0.0, "Total Cost": 29708.55, "Plan Rows": 279, "Plan Width": 63, "Actual Min Startup Time": 239.058, "Actual Max Startup Time": 239.058, "Actual Min Total Time": 360.557, "Actual Max Total Time": 360.557, "Inner Unique": false, "Join Filter": "(mi_idx.movie_id = mi.movie_id)", "Rows Removed by Join Filter": 0, "Plans": [{"Node Type": "Nested Loop", "Parent Relationship": "Outer", "Join Type": "Inner", "Startup Cost": 0.0, "Total Cost": 29668.95, "Plan Rows": 52, "Plan Width": 13, "Actual Min Startup Time": 239.037, "Actual Max Startup Time": 239.037, "Actual Min Total Time": 243.136, "Actual Max Total Time": 243.136, "Inner Unique": false, "Join Filter": "(mi_idx.info_type_id = it2.id)", "Rows Removed by Join Filter": 6875, "Plans": [{"Node Type": "Seq Scan", "Parent Relationship": "Outer", "Relation Name": "info_type", "Alias": "it2", "Startup Cost": 0.0, "Total Cost": 2.4, "Plan Rows": 1, "Plan Width": 4, "Actual Min Startup Time": 0.058, "Actual Max Startup Time": 0.058, "Actual Min Total Time": 0.071, "Actual Max Total Time": 0.071, "Filter": "((info)::text = 'votes'::text)", "Rows Removed by Filter": 111, "Actual Rows": 1}, {"Node Type": "Materialize", "Parent Relationship": "Inner", "Startup Cost": 0.0, "Total Cost": 29663.09, "Plan Rows": 346, "Plan Width": 17, "Actual Min Startup Time": 238.967, "Actual Max Startup Time": 238.967, "Actual Min Total Time": 240.186, "Actual Max Total Time": 240.186, "Plans": [{"Node Type": "Nested Loop", "Parent Relationship": "Outer", "Join Type": "Inner", "Startup Cost": 0.0, "Total Cost": 29662.23, "Plan Rows": 346, "Plan Width": 17, "Actual Min Startup Time": 21.265, "Actual Max Startup Time": 21.265, "Actual Min Total Time": 235.822, "Actual Max Total Time": 235.822, "Inner Unique": false, "Plans": [{"Node Type": "Nested Loop", "Parent Relationship": "Outer", "Join Type": "Inner", "Startup Cost": 0.0, "Total Cost": 29565.43, "Plan Rows": 294, "Plan Width": 4, "Actual Min Startup Time": 21.058, "Actual Max Startup Time": 21.058, "Actual Min Total Time": 199.008, "Actual Max Total Time": 199.008, "Inner Unique": false, "Plans": [{"Node Type": "Streaming(type: LOCAL GATHER dop: 1/16)", "Parent Relationship": "Outer", "Startup Cost": 0.0, "Total Cost": 22123.07, "Plan Rows": 173, "Plan Width": 4, "Actual Min Startup Time": 20.996, "Actual Max Startup Time": 20.996, "Actual Min Total Time": 69.146, "Actual Max Total Time": 69.146, "Plans": [{"Node Type": "Seq Scan", "Parent Relationship": "Outer", "Relation Name": "name", "Alias": "n", "Startup Cost": 0.0, "Total Cost": 22119.33, "Plan Rows": 173, "Plan Width": 4, "Actual Min Startup Time": 0.028, "Actual Max Startup Time": 0.846, "Actual Min Total Time": 102.03, "Actual Max Total Time": 106.093, "Filter": "(((name)::text ~~ '%Tim%'::text) AND ((gender)::text = 'm'::text))", "Rows Removed by Filter": 4158428, "Actual Rows": 9062}], "Actual Rows": 9062}, {"Node Type": "Index Scan", "Parent Relationship": "Inner", "Scan Direction": "Forward", "Index Name": "person_id_cast_info", "Relation Name": "cast_info", "Alias": "ci", "Startup Cost": 0.0, "Total Cost": 43.0, "Plan Rows": 2, "Plan Width": 8, "Actual Min Startup Time": 104.539, "Actual Max Startup Time": 104.539, "Actual Min Total Time": 123.691, "Actual Max Total Time": 123.691, "Index Cond": "(person_id = n.id)", "Rows Removed by Index Recheck": 0, "Filter": "((note)::text = ANY ('{(producer),\"(executive producer)\"}'::text[]))", "Rows Removed by Filter": 89309, "Actual Rows": 6719}], "Actual Rows": 6719}, {"Node Type": "Index Scan", "Parent Relationship": "Inner", "Scan Direction": "Forward", "Index Name": "movie_id_movie_info_idx", "Relation Name": "movie_info_idx", "Alias": "mi_idx", "Startup Cost": 0.0, "Total Cost": 0.31, "Plan Rows": 2, "Plan Width": 13, "Actual Min Startup Time": 27.075, "Actual Max Startup Time": 27.075, "Actual Min Total Time": 31.011, "Actual Max Total Time": 31.011, "Index Cond": "(movie_id = ci.movie_id)", "Rows Removed by Index Recheck": 0, "Actual Rows": 10310}], "Actual Rows": 10310}], "Actual Rows": 10311}], "Actual Rows": 3435}, {"Node Type": "Index Scan", "Parent Relationship": "Inner", "Scan Direction": "Forward", "Index Name": "movie_id_movie_info", "Relation Name": "movie_info", "Alias": "mi", "Startup Cost": 0.0, "Total Cost": 0.7, "Plan Rows": 5, "Plan Width": 50, "Actual Min Startup Time": 21.932, "Actual Max Startup Time": 21.932, "Actual Min Total Time": 87.857, "Actual Max Total Time": 87.857, "Index Cond": "(movie_id = ci.movie_id)", "Rows Removed by Index Recheck": 0, "Actual Rows": 82408}], "Actual Rows": 82408}], "Actual Rows": 410}, {"Node Type": "Index Scan", "Parent Relationship": "Inner", "Scan Direction": "Forward", "Index Name": "title_pkey", "Relation Name": "title", "Alias": "t", "Startup Cost": 0.0, "Total Cost": 0.28, "Plan Rows": 1, "Plan Width": 21, "Actual Min Startup Time": 3.282, "Actual Max Startup Time": 3.282, "Actual Min Total Time": 3.282, "Actual Max Total Time": 3.282, "Index Cond": "(id = mi.movie_id)", "Rows Removed by Index Recheck": 0, "Actual Rows": 410}], "Actual Rows": 410}], "Actual Rows": 1}, "Triggers": [], "Planner Runtime": 8.808, "Total Runtime": 383.147, "Unique SQL Id": 4264520866}}, "(16, '113')": {"explain_plan": {"Plan": {"Node Type": "Aggregate", "Strategy": "Plain", "Startup Cost": 161086.28, "Total Cost": 161086.29, "Plan Rows": 1, "Plan Width": 160, "Plans": [{"Node Type": "Nested Loop", "Parent Relationship": "Outer", "Join Type": "Inner", "Startup Cost": 0.0, "Total Cost": 161086.22, "Plan Rows": 8, "Plan Width": 64, "Inner Unique": true, "Plans": [{"Node Type": "Nested Loop", "Parent Relationship": "Outer", "Join Type": "Inner", "Startup Cost": 0.0, "Total Cost": 161083.6, "Plan Rows": 9, "Plan Width": 59, "Inner Unique": false, "Join Filter": "(mi.info_type_id = it1.id)", "Plans": [{"Node Type": "Index Scan", "Parent Relationship": "Outer", "Scan Direction": "Forward", "Index Name": "info_type_pkey", "Relation Name": "info_type", "Alias": "it1", "Startup Cost": 0.0, "Total Cost": 14.21, "Plan Rows": 1, "Plan Width": 4, "Filter": "((info)::text = 'budget'::text)"}, {"Node Type": "Nested Loop", "Parent Relationship": "Inner", "Join Type": "Inner", "Startup Cost": 0.0, "Total Cost": 161065.9, "Plan Rows": 279, "Plan Width": 63, "Inner Unique": false, "Join Filter": "(mi_idx.movie_id = mi.movie_id)", "Plans": [{"Node Type": "Nested Loop", "Parent Relationship": "Outer", "Join Type": "Inner", "Startup Cost": 0.0, "Total Cost": 161026.3, "Plan Rows": 52, "Plan Width": 13, "Inner Unique": false, "Join Filter": "(mi_idx.info_type_id = it2.id)", "Plans": [{"Node Type": "Index Scan", "Parent Relationship": "Outer", "Scan Direction": "Forward", "Index Name": "info_type_pkey", "Relation Name": "info_type", "Alias": "it2", "Startup Cost": 0.0, "Total Cost": 14.21, "Plan Rows": 1, "Plan Width": 4, "Filter": "((info)::text = 'votes'::text)"}, {"Node Type": "Materialize", "Parent Relationship": "Inner", "Startup Cost": 0.0, "Total Cost": 161008.63, "Plan Rows": 346, "Plan Width": 17, "Plans": [{"Node Type": "Nested Loop", "Parent Relationship": "Outer", "Join Type": "Inner", "Startup Cost": 0.0, "Total Cost": 161007.76, "Plan Rows": 346, "Plan Width": 17, "Inner Unique": false, "Plans": [{"Node Type": "Nested Loop", "Parent Relationship": "Outer", "Join Type": "Inner", "Startup Cost": 0.0, "Total Cost": 160910.97, "Plan Rows": 294, "Plan Width": 4, "Inner Unique": false, "Plans": [{"Node Type": "Streaming(type: LOCAL GATHER dop: 1/16)", "Parent Relationship": "Outer", "Startup Cost": 0.0, "Total Cost": 153468.6, "Plan Rows": 173, "Plan Width": 4, "Plans": [{"Node Type": "Index Scan", "Parent Relationship": "Outer", "Scan Direction": "Forward", "Index Name": "name_pkey", "Relation Name": "name", "Alias": "n", "Startup Cost": 0.0, "Total Cost": 153464.87, "Plan Rows": 173, "Plan Width": 4, "Filter": "(((name)::text ~~ '%Tim%'::text) AND ((gender)::text = 'm'::text))"}]}, {"Node Type": "Index Scan", "Parent Relationship": "Inner", "Scan Direction": "Forward", "Index Name": "person_id_cast_info", "Relation Name": "cast_info", "Alias": "ci", "Startup Cost": 0.0, "Total Cost": 43.0, "Plan Rows": 2, "Plan Width": 8, "Index Cond": "(person_id = n.id)", "Filter": "((note)::text = ANY ('{(producer),\"(executive producer)\"}'::text[]))"}]}, {"Node Type": "Index Scan", "Parent Relationship": "Inner", "Scan Direction": "Forward", "Index Name": "movie_id_movie_info_idx", "Relation Name": "movie_info_idx", "Alias": "mi_idx", "Startup Cost": 0.0, "Total Cost": 0.31, "Plan Rows": 2, "Plan Width": 13, "Index Cond": "(movie_id = ci.movie_id)"}]}]}]}, {"Node Type": "Index Scan", "Parent Relationship": "Inner", "Scan Direction": "Forward", "Index Name": "movie_id_movie_info", "Relation Name": "movie_info", "Alias": "mi", "Startup Cost": 0.0, "Total Cost": 0.7, "Plan Rows": 5, "Plan Width": 50, "Index Cond": "(movie_id = ci.movie_id)"}]}]}, {"Node Type": "Index Scan", "Parent Relationship": "Inner", "Scan Direction": "Forward", "Index Name": "title_pkey", "Relation Name": "title", "Alias": "t", "Startup Cost": 0.0, "Total Cost": 0.28, "Plan Rows": 1, "Plan Width": 21, "Index Cond": "(id = mi.movie_id)"}]}]}, "Unique SQL Id": 4264520866, "Planner Runtime": 8}, "explain_analyze_plan": {"Plan": {"Node Type": "Aggregate", "Strategy": "Plain", "Startup Cost": 161086.28, "Total Cost": 161086.29, "Plan Rows": 1, "Plan Width": 160, "Actual Min Startup Time": 480.471, "Actual Max Startup Time": 480.471, "Actual Min Total Time": 480.471, "Actual Max Total Time": 480.471, "Plans": [{"Node Type": "Nested Loop", "Parent Relationship": "Outer", "Join Type": "Inner", "Startup Cost": 0.0, "Total Cost": 161086.22, "Plan Rows": 8, "Plan Width": 64, "Actual Min Startup Time": 339.278, "Actual Max Startup Time": 339.278, "Actual Min Total Time": 479.984, "Actual Max Total Time": 479.984, "Inner Unique": true, "Plans": [{"Node Type": "Nested Loop", "Parent Relationship": "Outer", "Join Type": "Inner", "Startup Cost": 0.0, "Total Cost": 161083.6, "Plan Rows": 9, "Plan Width": 59, "Actual Min Startup Time": 339.26, "Actual Max Startup Time": 339.26, "Actual Min Total Time": 476.32, "Actual Max Total Time": 476.32, "Inner Unique": false, "Join Filter": "(mi.info_type_id = it1.id)", "Rows Removed by Join Filter": 81998, "Plans": [{"Node Type": "Index Scan", "Parent Relationship": "Outer", "Scan Direction": "Forward", "Index Name": "info_type_pkey", "Relation Name": "info_type", "Alias": "it1", "Startup Cost": 0.0, "Total Cost": 14.21, "Plan Rows": 1, "Plan Width": 4, "Actual Min Startup Time": 0.089, "Actual Max Startup Time": 0.089, "Actual Min Total Time": 0.095, "Actual Max Total Time": 0.095, "Filter": "((info)::text = 'budget'::text)", "Rows Removed by Filter": 111, "Actual Rows": 1}, {"Node Type": "Nested Loop", "Parent Relationship": "Inner", "Join Type": "Inner", "Startup Cost": 0.0, "Total Cost": 161065.9, "Plan Rows": 279, "Plan Width": 63, "Actual Min Startup Time": 339.147, "Actual Max Startup Time": 339.147, "Actual Min Total Time": 460.325, "Actual Max Total Time": 460.325, "Inner Unique": false, "Join Filter": "(mi_idx.movie_id = mi.movie_id)", "Rows Removed by Join Filter": 0, "Plans": [{"Node Type": "Nested Loop", "Parent Relationship": "Outer", "Join Type": "Inner", "Startup Cost": 0.0, "Total Cost": 161026.3, "Plan Rows": 52, "Plan Width": 13, "Actual Min Startup Time": 339.123, "Actual Max Startup Time": 339.123, "Actual Min Total Time": 343.21, "Actual Max Total Time": 343.21, "Inner Unique": false, "Join Filter": "(mi_idx.info_type_id = it2.id)", "Rows Removed by Join Filter": 6875, "Plans": [{"Node Type": "Index Scan", "Parent Relationship": "Outer", "Scan Direction": "Forward", "Index Name": "info_type_pkey", "Relation Name": "info_type", "Alias": "it2", "Startup Cost": 0.0, "Total Cost": 14.21, "Plan Rows": 1, "Plan Width": 4, "Actual Min Startup Time": 0.072, "Actual Max Startup Time": 0.072, "Actual Min Total Time": 0.083, "Actual Max Total Time": 0.083, "Filter": "((info)::text = 'votes'::text)", "Rows Removed by Filter": 111, "Actual Rows": 1}, {"Node Type": "Materialize", "Parent Relationship": "Inner", "Startup Cost": 0.0, "Total Cost": 161008.63, "Plan Rows": 346, "Plan Width": 17, "Actual Min Startup Time": 339.037, "Actual Max Startup Time": 339.037, "Actual Min Total Time": 340.214, "Actual Max Total Time": 340.214, "Plans": [{"Node Type": "Nested Loop", "Parent Relationship": "Outer", "Join Type": "Inner", "Startup Cost": 0.0, "Total Cost": 161007.76, "Plan Rows": 346, "Plan Width": 17, "Actual Min Startup Time": 72.66, "Actual Max Startup Time": 72.66, "Actual Min Total Time": 335.949, "Actual Max Total Time": 335.949, "Inner Unique": false, "Plans": [{"Node Type": "Nested Loop", "Parent Relationship": "Outer", "Join Type": "Inner", "Startup Cost": 0.0, "Total Cost": 160910.97, "Plan Rows": 294, "Plan Width": 4, "Actual Min Startup Time": 72.633, "Actual Max Startup Time": 72.633, "Actual Min Total Time": 298.788, "Actual Max Total Time": 298.788, "Inner Unique": false, "Plans": [{"Node Type": "Streaming(type: LOCAL GATHER dop: 1/16)", "Parent Relationship": "Outer", "Startup Cost": 0.0, "Total Cost": 153468.6, "Plan Rows": 173, "Plan Width": 4, "Actual Min Startup Time": 72.488, "Actual Max Startup Time": 72.488, "Actual Min Total Time": 169.446, "Actual Max Total Time": 169.446, "Plans": [{"Node Type": "Index Scan", "Parent Relationship": "Outer", "Scan Direction": "Forward", "Index Name": "name_pkey", "Relation Name": "name", "Alias": "n", "Startup Cost": 0.0, "Total Cost": 153464.87, "Plan Rows": 173, "Plan Width": 4, "Actual Min Startup Time": 40.705, "Actual Max Startup Time": 299.35, "Actual Min Total Time": 270.732, "Actual Max Total Time": 307.55, "Filter": "(((name)::text ~~ '%Tim%'::text) AND ((gender)::text = 'm'::text))", "Rows Removed by Filter": 4158428, "Actual Rows": 9062}], "Actual Rows": 9062}, {"Node Type": "Index Scan", "Parent Relationship": "Inner", "Scan Direction": "Forward", "Index Name": "person_id_cast_info", "Relation Name": "cast_info", "Alias": "ci", "Startup Cost": 0.0, "Total Cost": 43.0, "Plan Rows": 2, "Plan Width": 8, "Actual Min Startup Time": 104.072, "Actual Max Startup Time": 104.072, "Actual Min Total Time": 123.227, "Actual Max Total Time": 123.227, "Index Cond": "(person_id = n.id)", "Rows Removed by Index Recheck": 0, "Filter": "((note)::text = ANY ('{(producer),\"(executive producer)\"}'::text[]))", "Rows Removed by Filter": 89309, "Actual Rows": 6719}], "Actual Rows": 6719}, {"Node Type": "Index Scan", "Parent Relationship": "Inner", "Scan Direction": "Forward", "Index Name": "movie_id_movie_info_idx", "Relation Name": "movie_info_idx", "Alias": "mi_idx", "Startup Cost": 0.0, "Total Cost": 0.31, "Plan Rows": 2, "Plan Width": 13, "Actual Min Startup Time": 27.532, "Actual Max Startup Time": 27.532, "Actual Min Total Time": 31.538, "Actual Max Total Time": 31.538, "Index Cond": "(movie_id = ci.movie_id)", "Rows Removed by Index Recheck": 0, "Actual Rows": 10310}], "Actual Rows": 10310}], "Actual Rows": 10311}], "Actual Rows": 3435}, {"Node Type": "Index Scan", "Parent Relationship": "Inner", "Scan Direction": "Forward", "Index Name": "movie_id_movie_info", "Relation Name": "movie_info", "Alias": "mi", "Startup Cost": 0.0, "Total Cost": 0.7, "Plan Rows": 5, "Plan Width": 50, "Actual Min Startup Time": 21.858, "Actual Max Startup Time": 21.858, "Actual Min Total Time": 87.885, "Actual Max Total Time": 87.885, "Index Cond": "(movie_id = ci.movie_id)", "Rows Removed by Index Recheck": 0, "Actual Rows": 82408}], "Actual Rows": 82408}], "Actual Rows": 410}, {"Node Type": "Index Scan", "Parent Relationship": "Inner", "Scan Direction": "Forward", "Index Name": "title_pkey", "Relation Name": "title", "Alias": "t", "Startup Cost": 0.0, "Total Cost": 0.28, "Plan Rows": 1, "Plan Width": 21, "Actual Min Startup Time": 3.295, "Actual Max Startup Time": 3.295, "Actual Min Total Time": 3.295, "Actual Max Total Time": 3.295, "Index Cond": "(id = mi.movie_id)", "Rows Removed by Index Recheck": 0, "Actual Rows": 410}], "Actual Rows": 410}], "Actual Rows": 1}, "Triggers": [], "Planner Runtime": 8.185, "Total Runtime": 483.071, "Unique SQL Id": 4264520866}}, "(16, '114')": {"explain_plan": {"Plan": {"Node Type": "Aggregate", "Strategy": "Plain", "Startup Cost": 36787.5, "Total Cost": 36787.51, "Plan Rows": 1, "Plan Width": 160, "Plans": [{"Node Type": "Nested Loop", "Parent Relationship": "Outer", "Join Type": "Inner", "Startup Cost": 5.3, "Total Cost": 36787.44, "Plan Rows": 8, "Plan Width": 64, "Inner Unique": true, "Plans": [{"Node Type": "Nested Loop", "Parent Relationship": "Outer", "Join Type": "Inner", "Startup Cost": 5.04, "Total Cost": 36748.9, "Plan Rows": 9, "Plan Width": 59, "Inner Unique": false, "Join Filter": "(mi_idx.info_type_id = it2.id)", "Plans": [{"Node Type": "Seq Scan", "Parent Relationship": "Outer", "Relation Name": "info_type", "Alias": "it2", "Startup Cost": 0.0, "Total Cost": 2.4, "Plan Rows": 1, "Plan Width": 4, "Filter": "((info)::text = 'votes'::text)"}, {"Node Type": "Nested Loop", "Parent Relationship": "Inner", "Join Type": "Inner", "Startup Cost": 5.04, "Total Cost": 36746.07, "Plan Rows": 34, "Plan Width": 63, "Inner Unique": false, "Plans": [{"Node Type": "Nested Loop", "Parent Relationship": "Outer", "Join Type": "Inner", "Startup Cost": 4.77, "Total Cost": 36651.22, "Plan Rows": 22, "Plan Width": 50, "Inner Unique": false, "Join Filter": "(mi.info_type_id = it1.id)", "Plans": [{"Node Type": "Seq Scan", "Parent Relationship": "Outer", "Relation Name": "info_type", "Alias": "it1", "Startup Cost": 0.0, "Total Cost": 2.4, "Plan Rows": 1, "Plan Width": 4, "Filter": "((info)::text = 'budget'::text)"}, {"Node Type": "Materialize", "Parent Relationship": "Inner", "Startup Cost": 4.77, "Total Cost": 36633.21, "Plan Rows": 1561, "Plan Width": 54, "Plans": [{"Node Type": "Nested Loop", "Parent Relationship": "Outer", "Join Type": "Inner", "Startup Cost": 4.77, "Total Cost": 36629.3, "Plan Rows": 1561, "Plan Width": 54, "Inner Unique": false, "Plans": [{"Node Type": "Nested Loop", "Parent Relationship": "Outer", "Join Type": "Inner", "Startup Cost": 4.39, "Total Cost": 35306.9, "Plan Rows": 294, "Plan Width": 4, "Inner Unique": false, "Plans": [{"Node Type": "Streaming(type: LOCAL GATHER dop: 1/16)", "Parent Relationship": "Outer", "Startup Cost": 0.0, "Total Cost": 22123.07, "Plan Rows": 173, "Plan Width": 4, "Plans": [{"Node Type": "Seq Scan", "Parent Relationship": "Outer", "Relation Name": "name", "Alias": "n", "Startup Cost": 0.0, "Total Cost": 22119.33, "Plan Rows": 173, "Plan Width": 4, "Filter": "(((name)::text ~~ '%Tim%'::text) AND ((gender)::text = 'm'::text))"}]}, {"Node Type": "Bitmap Heap Scan", "Parent Relationship": "Inner", "Relation Name": "cast_info", "Alias": "ci", "Startup Cost": 4.39, "Total Cost": 76.19, "Plan Rows": 2, "Plan Width": 8, "Recheck Cond": "(person_id = n.id)", "Filter": "((note)::text = ANY ('{(producer),\"(executive producer)\"}'::text[]))", "Plans": [{"Node Type": "Bitmap Index Scan", "Parent Relationship": "Outer", "Index Name": "person_id_cast_info", "Startup Cost": 0.0, "Total Cost": 4.38, "Plan Rows": 18, "Plan Width": 0, "Index Cond": "(person_id = n.id)"}]}]}, {"Node Type": "Bitmap Heap Scan", "Parent Relationship": "Inner", "Relation Name": "movie_info", "Alias": "mi", "Startup Cost": 0.39, "Total Cost": 4.45, "Plan Rows": 5, "Plan Width": 50, "Recheck Cond": "(movie_id = ci.movie_id)", "Plans": [{"Node Type": "Bitmap Index Scan", "Parent Relationship": "Outer", "Index Name": "movie_id_movie_info", "Startup Cost": 0.0, "Total Cost": 0.38, "Plan Rows": 5, "Plan Width": 0, "Index Cond": "(movie_id = ci.movie_id)"}]}]}]}]}, {"Node Type": "Bitmap Heap Scan", "Parent Relationship": "Inner", "Relation Name": "movie_info_idx", "Alias": "mi_idx", "Startup Cost": 0.27, "Total Cost": 4.29, "Plan Rows": 2, "Plan Width": 13, "Recheck Cond": "(movie_id = mi.movie_id)", "Plans": [{"Node Type": "Bitmap Index Scan", "Parent Relationship": "Outer", "Index Name": "movie_id_movie_info_idx", "Startup Cost": 0.0, "Total Cost": 0.27, "Plan Rows": 2, "Plan Width": 0, "Index Cond": "(movie_id = mi.movie_id)"}]}]}]}, {"Node Type": "Bitmap Heap Scan", "Parent Relationship": "Inner", "Relation Name": "title", "Alias": "t", "Startup Cost": 0.26, "Total Cost": 4.27, "Plan Rows": 1, "Plan Width": 21, "Recheck Cond": "(id = mi.movie_id)", "Plans": [{"Node Type": "Bitmap Index Scan", "Parent Relationship": "Outer", "Index Name": "title_pkey", "Startup Cost": 0.0, "Total Cost": 0.26, "Plan Rows": 1, "Plan Width": 0, "Index Cond": "(id = mi.movie_id)"}]}]}]}, "Unique SQL Id": 4264520866, "Planner Runtime": 19}, "explain_analyze_plan": {"Plan": {"Node Type": "Aggregate", "Strategy": "Plain", "Startup Cost": 36787.5, "Total Cost": 36787.51, "Plan Rows": 1, "Plan Width": 160, "Actual Min Startup Time": 475.224, "Actual Max Startup Time": 475.224, "Actual Min Total Time": 475.225, "Actual Max Total Time": 475.225, "Plans": [{"Node Type": "Nested Loop", "Parent Relationship": "Outer", "Join Type": "Inner", "Startup Cost": 5.3, "Total Cost": 36787.44, "Plan Rows": 8, "Plan Width": 64, "Actual Min Startup Time": 425.326, "Actual Max Startup Time": 425.326, "Actual Min Total Time": 474.758, "Actual Max Total Time": 474.758, "Inner Unique": true, "Plans": [{"Node Type": "Nested Loop", "Parent Relationship": "Outer", "Join Type": "Inner", "Startup Cost": 5.04, "Total Cost": 36748.9, "Plan Rows": 9, "Plan Width": 59, "Actual Min Startup Time": 425.302, "Actual Max Startup Time": 425.302, "Actual Min Total Time": 470.521, "Actual Max Total Time": 470.521, "Inner Unique": false, "Join Filter": "(mi_idx.info_type_id = it2.id)", "Rows Removed by Join Filter": 825, "Plans": [{"Node Type": "Seq Scan", "Parent Relationship": "Outer", "Relation Name": "info_type", "Alias": "it2", "Startup Cost": 0.0, "Total Cost": 2.4, "Plan Rows": 1, "Plan Width": 4, "Actual Min Startup Time": 0.066, "Actual Max Startup Time": 0.066, "Actual Min Total Time": 0.074, "Actual Max Total Time": 0.074, "Filter": "((info)::text = 'votes'::text)", "Rows Removed by Filter": 111, "Actual Rows": 1}, {"Node Type": "Nested Loop", "Parent Relationship": "Inner", "Join Type": "Inner", "Startup Cost": 5.04, "Total Cost": 36746.07, "Plan Rows": 34, "Plan Width": 63, "Actual Min Startup Time": 425.224, "Actual Max Startup Time": 425.224, "Actual Min Total Time": 468.026, "Actual Max Total Time": 468.026, "Inner Unique": false, "Plans": [{"Node Type": "Nested Loop", "Parent Relationship": "Outer", "Join Type": "Inner", "Startup Cost": 4.77, "Total Cost": 36651.22, "Plan Rows": 22, "Plan Width": 50, "Actual Min Startup Time": 425.066, "Actual Max Startup Time": 425.066, "Actual Min Total Time": 461.217, "Actual Max Total Time": 461.217, "Inner Unique": false, "Join Filter": "(mi.info_type_id = it1.id)", "Rows Removed by Join Filter": 95197, "Plans": [{"Node Type": "Seq Scan", "Parent Relationship": "Outer", "Relation Name": "info_type", "Alias": "it1", "Startup Cost": 0.0, "Total Cost": 2.4, "Plan Rows": 1, "Plan Width": 4, "Actual Min Startup Time": 0.063, "Actual Max Startup Time": 0.063, "Actual Min Total Time": 0.073, "Actual Max Total Time": 0.073, "Filter": "((info)::text = 'budget'::text)", "Rows Removed by Filter": 111, "Actual Rows": 1}, {"Node Type": "Materialize", "Parent Relationship": "Inner", "Startup Cost": 4.77, "Total Cost": 36633.21, "Plan Rows": 1561, "Plan Width": 54, "Actual Min Startup Time": 424.99, "Actual Max Startup Time": 424.99, "Actual Min Total Time": 436.933, "Actual Max Total Time": 436.933, "Plans": [{"Node Type": "Nested Loop", "Parent Relationship": "Outer", "Join Type": "Inner", "Startup Cost": 4.77, "Total Cost": 36629.3, "Plan Rows": 1561, "Plan Width": 54, "Actual Min Startup Time": 21.711, "Actual Max Startup Time": 21.711, "Actual Min Total Time": 398.082, "Actual Max Total Time": 398.082, "Inner Unique": false, "Plans": [{"Node Type": "Nested Loop", "Parent Relationship": "Outer", "Join Type": "Inner", "Startup Cost": 4.39, "Total Cost": 35306.9, "Plan Rows": 294, "Plan Width": 4, "Actual Min Startup Time": 21.681, "Actual Max Startup Time": 21.681, "Actual Min Total Time": 223.32, "Actual Max Total Time": 223.32, "Inner Unique": false, "Plans": [{"Node Type": "Streaming(type: LOCAL GATHER dop: 1/16)", "Parent Relationship": "Outer", "Startup Cost": 0.0, "Total Cost": 22123.07, "Plan Rows": 173, "Plan Width": 4, "Actual Min Startup Time": 21.308, "Actual Max Startup Time": 21.308, "Actual Min Total Time": 74.431, "Actual Max Total Time": 74.431, "Plans": [{"Node Type": "Seq Scan", "Parent Relationship": "Outer", "Relation Name": "name", "Alias": "n", "Startup Cost": 0.0, "Total Cost": 22119.33, "Plan Rows": 173, "Plan Width": 4, "Actual Min Startup Time": 0.034, "Actual Max Startup Time": 0.856, "Actual Min Total Time": 101.868, "Actual Max Total Time": 105.961, "Filter": "(((name)::text ~~ '%Tim%'::text) AND ((gender)::text = 'm'::text))", "Rows Removed by Filter": 4158428, "Actual Rows": 9062}], "Actual Rows": 9062}, {"Node Type": "Bitmap Heap Scan", "Parent Relationship": "Inner", "Relation Name": "cast_info", "Alias": "ci", "Startup Cost": 4.39, "Total Cost": 76.19, "Plan Rows": 2, "Plan Width": 8, "Actual Min Startup Time": 120.205, "Actual Max Startup Time": 120.205, "Actual Min Total Time": 136.373, "Actual Max Total Time": 136.373, "Recheck Cond": "(person_id = n.id)", "Rows Removed by Index Recheck": 0, "Filter": "((note)::text = ANY ('{(producer),\"(executive producer)\"}'::text[]))", "Rows Removed by Filter": 89309, "Exact Heap Blocks": 13336, "Lossy Heap Blocks": 13336, "Plans": [{"Node Type": "Bitmap Index Scan", "Parent Relationship": "Outer", "Index Name": "person_id_cast_info", "Startup Cost": 0.0, "Total Cost": 4.38, "Plan Rows": 18, "Plan Width": 0, "Actual Min Startup Time": 50.638, "Actual Max Startup Time": 50.638, "Actual Min Total Time": 50.638, "Actual Max Total Time": 50.638, "Index Cond": "(person_id = n.id)", "Actual Rows": 96028}], "Actual Rows": 6719}], "Actual Rows": 6719}, {"Node Type": "Bitmap Heap Scan", "Parent Relationship": "Inner", "Relation Name": "movie_info", "Alias": "mi", "Startup Cost": 0.39, "Total Cost": 4.45, "Plan Rows": 5, "Plan Width": 50, "Actual Min Startup Time": 62.715, "Actual Max Startup Time": 62.715, "Actual Min Total Time": 146.56, "Actual Max Total Time": 146.56, "Recheck Cond": "(movie_id = ci.movie_id)", "Rows Removed by Index Recheck": 0, "Exact Heap Blocks": 40013, "Lossy Heap Blocks": 40013, "Plans": [{"Node Type": "Bitmap Index Scan", "Parent Relationship": "Outer", "Index Name": "movie_id_movie_info", "Startup Cost": 0.0, "Total Cost": 0.38, "Plan Rows": 5, "Plan Width": 0, "Actual Min Startup Time": 43.75, "Actual Max Startup Time": 43.75, "Actual Min Total Time": 43.75, "Actual Max Total Time": 43.75, "Index Cond": "(movie_id = ci.movie_id)", "Actual Rows": 95896}], "Actual Rows": 95896}], "Actual Rows": 95896}], "Actual Rows": 95897}], "Actual Rows": 699}, {"Node Type": "Bitmap Heap Scan", "Parent Relationship": "Inner", "Relation Name": "movie_info_idx", "Alias": "mi_idx", "Startup Cost": 0.27, "Total Cost": 4.29, "Plan Rows": 2, "Plan Width": 13, "Actual Min Startup Time": 5.496, "Actual Max Startup Time": 5.496, "Actual Min Total Time": 5.692, "Actual Max Total Time": 5.692, "Recheck Cond": "(movie_id = mi.movie_id)", "Rows Removed by Index Recheck": 0, "Exact Heap Blocks": 419, "Lossy Heap Blocks": 419, "Plans": [{"Node Type": "Bitmap Index Scan", "Parent Relationship": "Outer", "Index Name": "movie_id_movie_info_idx", "Startup Cost": 0.0, "Total Cost": 0.27, "Plan Rows": 2, "Plan Width": 0, "Actual Min Startup Time": 3.946, "Actual Max Startup Time": 3.946, "Actual Min Total Time": 3.946, "Actual Max Total Time": 3.946, "Index Cond": "(movie_id = mi.movie_id)", "Actual Rows": 1235}], "Actual Rows": 1235}], "Actual Rows": 1235}], "Actual Rows": 410}, {"Node Type": "Bitmap Heap Scan", "Parent Relationship": "Inner", "Relation Name": "title", "Alias": "t", "Startup Cost": 0.26, "Total Cost": 4.27, "Plan Rows": 1, "Plan Width": 21, "Actual Min Startup Time": 3.641, "Actual Max Startup Time": 3.641, "Actual Min Total Time": 3.641, "Actual Max Total Time": 3.641, "Recheck Cond": "(id = mi.movie_id)", "Rows Removed by Index Recheck": 0, "Exact Heap Blocks": 410, "Lossy Heap Blocks": 410, "Plans": [{"Node Type": "Bitmap Index Scan", "Parent Relationship": "Outer", "Index Name": "title_pkey", "Startup Cost": 0.0, "Total Cost": 0.26, "Plan Rows": 1, "Plan Width": 0, "Actual Min Startup Time": 2.266, "Actual Max Startup Time": 2.266, "Actual Min Total Time": 2.266, "Actual Max Total Time": 2.266, "Index Cond": "(id = mi.movie_id)", "Actual Rows": 410}], "Actual Rows": 410}], "Actual Rows": 410}], "Actual Rows": 1}, "Triggers": [], "Planner Runtime": 32.602, "Total Runtime": 478.313, "Unique SQL Id": 4264520866}}, "(16, '115')": {"explain_plan": {"Plan": {"Node Type": "Aggregate", "Strategy": "Plain", "Startup Cost": 211886.13, "Total Cost": 211886.14, "Plan Rows": 1, "Plan Width": 160, "Plans": [{"Node Type": "Nested Loop", "Parent Relationship": "Outer", "Join Type": "Inner", "Startup Cost": 83172.11, "Total Cost": 211886.07, "Plan Rows": 8, "Plan Width": 64, "Inner Unique": true, "Plans": [{"Node Type": "Nested Loop", "Parent Relationship": "Outer", "Join Type": "Inner", "Startup Cost": 83171.85, "Total Cost": 211847.52, "Plan Rows": 9, "Plan Width": 59, "Inner Unique": true, "Plans": [{"Node Type": "Nested Loop", "Parent Relationship": "Outer", "Join Type": "Inner", "Startup Cost": 83171.59, "Total Cost": 211701.91, "Plan Rows": 34, "Plan Width": 63, "Inner Unique": false, "Plans": [{"Node Type": "Nested Loop", "Parent Relationship": "Outer", "Join Type": "Inner", "Startup Cost": 83171.32, "Total Cost": 211607.05, "Plan Rows": 22, "Plan Width": 50, "Inner Unique": false, "Join Filter": "(mi.info_type_id = it1.id)", "Plans": [{"Node Type": "Bitmap Heap Scan", "Parent Relationship": "Outer", "Relation Name": "info_type", "Alias": "it1", "Startup Cost": 8.81, "Total Cost": 14.21, "Plan Rows": 1, "Plan Width": 4, "Filter": "((info)::text = 'budget'::text)", "Plans": [{"Node Type": "Bitmap Index Scan", "Parent Relationship": "Outer", "Index Name": "info_type_pkey", "Startup Cost": 0.0, "Total Cost": 8.81, "Plan Rows": 112, "Plan Width": 0}]}, {"Node Type": "Nested Loop", "Parent Relationship": "Inner", "Join Type": "Inner", "Startup Cost": 83162.51, "Total Cost": 211573.33, "Plan Rows": 1561, "Plan Width": 54, "Inner Unique": false, "Plans": [{"Node Type": "Nested Loop", "Parent Relationship": "Outer", "Join Type": "Inner", "Startup Cost": 83162.13, "Total Cost": 210250.93, "Plan Rows": 294, "Plan Width": 4, "Inner Unique": false, "Plans": [{"Node Type": "Bitmap Heap Scan", "Parent Relationship": "Outer", "Relation Name": "name", "Alias": "n", "Startup Cost": 83157.74, "Total Cost": 197067.09, "Plan Rows": 173, "Plan Width": 4, "Filter": "(((name)::text ~~ '%Tim%'::text) AND ((gender)::text = 'm'::text))", "Plans": [{"Node Type": "Bitmap Index Scan", "Parent Relationship": "Outer", "Index Name": "name_pkey", "Startup Cost": 0.0, "Total Cost": 83157.7, "Plan Rows": 4167490, "Plan Width": 0}]}, {"Node Type": "Bitmap Heap Scan", "Parent Relationship": "Inner", "Relation Name": "cast_info", "Alias": "ci", "Startup Cost": 4.39, "Total Cost": 76.19, "Plan Rows": 2, "Plan Width": 8, "Recheck Cond": "(person_id = n.id)", "Filter": "((note)::text = ANY ('{(producer),\"(executive producer)\"}'::text[]))", "Plans": [{"Node Type": "Bitmap Index Scan", "Parent Relationship": "Outer", "Index Name": "person_id_cast_info", "Startup Cost": 0.0, "Total Cost": 4.38, "Plan Rows": 18, "Plan Width": 0, "Index Cond": "(person_id = n.id)"}]}]}, {"Node Type": "Bitmap Heap Scan", "Parent Relationship": "Inner", "Relation Name": "movie_info", "Alias": "mi", "Startup Cost": 0.39, "Total Cost": 4.45, "Plan Rows": 5, "Plan Width": 50, "Recheck Cond": "(movie_id = ci.movie_id)", "Plans": [{"Node Type": "Bitmap Index Scan", "Parent Relationship": "Outer", "Index Name": "movie_id_movie_info", "Startup Cost": 0.0, "Total Cost": 0.38, "Plan Rows": 5, "Plan Width": 0, "Index Cond": "(movie_id = ci.movie_id)"}]}]}]}, {"Node Type": "Bitmap Heap Scan", "Parent Relationship": "Inner", "Relation Name": "movie_info_idx", "Alias": "mi_idx", "Startup Cost": 0.27, "Total Cost": 4.29, "Plan Rows": 2, "Plan Width": 13, "Recheck Cond": "(movie_id = mi.movie_id)", "Plans": [{"Node Type": "Bitmap Index Scan", "Parent Relationship": "Outer", "Index Name": "movie_id_movie_info_idx", "Startup Cost": 0.0, "Total Cost": 0.27, "Plan Rows": 2, "Plan Width": 0, "Index Cond": "(movie_id = mi.movie_id)"}]}]}, {"Node Type": "Bitmap Heap Scan", "Parent Relationship": "Inner", "Relation Name": "info_type", "Alias": "it2", "Startup Cost": 0.26, "Total Cost": 4.27, "Plan Rows": 1, "Plan Width": 4, "Recheck Cond": "(id = mi_idx.info_type_id)", "Filter": "((info)::text = 'votes'::text)", "Plans": [{"Node Type": "Bitmap Index Scan", "Parent Relationship": "Outer", "Index Name": "info_type_pkey", "Startup Cost": 0.0, "Total Cost": 0.26, "Plan Rows": 1, "Plan Width": 0, "Index Cond": "(id = mi_idx.info_type_id)"}]}]}, {"Node Type": "Bitmap Heap Scan", "Parent Relationship": "Inner", "Relation Name": "title", "Alias": "t", "Startup Cost": 0.26, "Total Cost": 4.27, "Plan Rows": 1, "Plan Width": 21, "Recheck Cond": "(id = mi.movie_id)", "Plans": [{"Node Type": "Bitmap Index Scan", "Parent Relationship": "Outer", "Index Name": "title_pkey", "Startup Cost": 0.0, "Total Cost": 0.26, "Plan Rows": 1, "Plan Width": 0, "Index Cond": "(id = mi.movie_id)"}]}]}]}, "Unique SQL Id": 4264520866, "Planner Runtime": 7}, "explain_analyze_plan": null}, "(16, '116')": {"explain_plan": {"Plan": {"Node Type": "Aggregate", "Strategy": "Plain", "Startup Cost": 29717.13, "Total Cost": 29717.14, "Plan Rows": 1, "Plan Width": 160, "Plans": [{"Node Type": "Nested Loop", "Parent Relationship": "Outer", "Join Type": "Inner", "Startup Cost": 0.0, "Total Cost": 29717.07, "Plan Rows": 8, "Plan Width": 64, "Inner Unique": true, "Plans": [{"Node Type": "Nested Loop", "Parent Relationship": "Outer", "Join Type": "Inner", "Startup Cost": 0.0, "Total Cost": 29714.44, "Plan Rows": 9, "Plan Width": 59, "Inner Unique": false, "Join Filter": "(mi.info_type_id = it1.id)", "Plans": [{"Node Type": "Seq Scan", "Parent Relationship": "Outer", "Relation Name": "info_type", "Alias": "it1", "Startup Cost": 0.0, "Total Cost": 2.4, "Plan Rows": 1, "Plan Width": 4, "Filter": "((info)::text = 'budget'::text)"}, {"Node Type": "Nested Loop", "Parent Relationship": "Inner", "Join Type": "Inner", "Startup Cost": 0.0, "Total Cost": 29708.55, "Plan Rows": 279, "Plan Width": 63, "Inner Unique": false, "Join Filter": "(mi_idx.movie_id = mi.movie_id)", "Plans": [{"Node Type": "Nested Loop", "Parent Relationship": "Outer", "Join Type": "Inner", "Startup Cost": 0.0, "Total Cost": 29668.95, "Plan Rows": 52, "Plan Width": 13, "Inner Unique": false, "Join Filter": "(mi_idx.info_type_id = it2.id)", "Plans": [{"Node Type": "Seq Scan", "Parent Relationship": "Outer", "Relation Name": "info_type", "Alias": "it2", "Startup Cost": 0.0, "Total Cost": 2.4, "Plan Rows": 1, "Plan Width": 4, "Filter": "((info)::text = 'votes'::text)"}, {"Node Type": "Materialize", "Parent Relationship": "Inner", "Startup Cost": 0.0, "Total Cost": 29663.09, "Plan Rows": 346, "Plan Width": 17, "Plans": [{"Node Type": "Nested Loop", "Parent Relationship": "Outer", "Join Type": "Inner", "Startup Cost": 0.0, "Total Cost": 29662.23, "Plan Rows": 346, "Plan Width": 17, "Inner Unique": false, "Plans": [{"Node Type": "Nested Loop", "Parent Relationship": "Outer", "Join Type": "Inner", "Startup Cost": 0.0, "Total Cost": 29565.43, "Plan Rows": 294, "Plan Width": 4, "Inner Unique": false, "Plans": [{"Node Type": "Streaming(type: LOCAL GATHER dop: 1/16)", "Parent Relationship": "Outer", "Startup Cost": 0.0, "Total Cost": 22123.07, "Plan Rows": 173, "Plan Width": 4, "Plans": [{"Node Type": "Seq Scan", "Parent Relationship": "Outer", "Relation Name": "name", "Alias": "n", "Startup Cost": 0.0, "Total Cost": 22119.33, "Plan Rows": 173, "Plan Width": 4, "Filter": "(((name)::text ~~ '%Tim%'::text) AND ((gender)::text = 'm'::text))"}]}, {"Node Type": "Index Scan", "Parent Relationship": "Inner", "Scan Direction": "Forward", "Index Name": "person_id_cast_info", "Relation Name": "cast_info", "Alias": "ci", "Startup Cost": 0.0, "Total Cost": 43.0, "Plan Rows": 2, "Plan Width": 8, "Index Cond": "(person_id = n.id)", "Filter": "((note)::text = ANY ('{(producer),\"(executive producer)\"}'::text[]))"}]}, {"Node Type": "Index Scan", "Parent Relationship": "Inner", "Scan Direction": "Forward", "Index Name": "movie_id_movie_info_idx", "Relation Name": "movie_info_idx", "Alias": "mi_idx", "Startup Cost": 0.0, "Total Cost": 0.31, "Plan Rows": 2, "Plan Width": 13, "Index Cond": "(movie_id = ci.movie_id)"}]}]}]}, {"Node Type": "Index Scan", "Parent Relationship": "Inner", "Scan Direction": "Forward", "Index Name": "movie_id_movie_info", "Relation Name": "movie_info", "Alias": "mi", "Startup Cost": 0.0, "Total Cost": 0.7, "Plan Rows": 5, "Plan Width": 50, "Index Cond": "(movie_id = ci.movie_id)"}]}]}, {"Node Type": "Index Scan", "Parent Relationship": "Inner", "Scan Direction": "Forward", "Index Name": "title_pkey", "Relation Name": "title", "Alias": "t", "Startup Cost": 0.0, "Total Cost": 0.28, "Plan Rows": 1, "Plan Width": 21, "Index Cond": "(id = mi.movie_id)"}]}]}, "Unique SQL Id": 4264520866, "Planner Runtime": 8}, "explain_analyze_plan": {"Plan": {"Node Type": "Aggregate", "Strategy": "Plain", "Startup Cost": 29717.13, "Total Cost": 29717.14, "Plan Rows": 1, "Plan Width": 160, "Actual Min Startup Time": 380.581, "Actual Max Startup Time": 380.581, "Actual Min Total Time": 380.581, "Actual Max Total Time": 380.581, "Plans": [{"Node Type": "Nested Loop", "Parent Relationship": "Outer", "Join Type": "Inner", "Startup Cost": 0.0, "Total Cost": 29717.07, "Plan Rows": 8, "Plan Width": 64, "Actual Min Startup Time": 239.3, "Actual Max Startup Time": 239.3, "Actual Min Total Time": 380.104, "Actual Max Total Time": 380.104, "Inner Unique": true, "Plans": [{"Node Type": "Nested Loop", "Parent Relationship": "Outer", "Join Type": "Inner", "Startup Cost": 0.0, "Total Cost": 29714.44, "Plan Rows": 9, "Plan Width": 59, "Actual Min Startup Time": 239.285, "Actual Max Startup Time": 239.285, "Actual Min Total Time": 376.468, "Actual Max Total Time": 376.468, "Inner Unique": false, "Join Filter": "(mi.info_type_id = it1.id)", "Rows Removed by Join Filter": 81998, "Plans": [{"Node Type": "Seq Scan", "Parent Relationship": "Outer", "Relation Name": "info_type", "Alias": "it1", "Startup Cost": 0.0, "Total Cost": 2.4, "Plan Rows": 1, "Plan Width": 4, "Actual Min Startup Time": 0.071, "Actual Max Startup Time": 0.071, "Actual Min Total Time": 0.081, "Actual Max Total Time": 0.081, "Filter": "((info)::text = 'budget'::text)", "Rows Removed by Filter": 111, "Actual Rows": 1}, {"Node Type": "Nested Loop", "Parent Relationship": "Inner", "Join Type": "Inner", "Startup Cost": 0.0, "Total Cost": 29708.55, "Plan Rows": 279, "Plan Width": 63, "Actual Min Startup Time": 239.058, "Actual Max Startup Time": 239.058, "Actual Min Total Time": 360.557, "Actual Max Total Time": 360.557, "Inner Unique": false, "Join Filter": "(mi_idx.movie_id = mi.movie_id)", "Rows Removed by Join Filter": 0, "Plans": [{"Node Type": "Nested Loop", "Parent Relationship": "Outer", "Join Type": "Inner", "Startup Cost": 0.0, "Total Cost": 29668.95, "Plan Rows": 52, "Plan Width": 13, "Actual Min Startup Time": 239.037, "Actual Max Startup Time": 239.037, "Actual Min Total Time": 243.136, "Actual Max Total Time": 243.136, "Inner Unique": false, "Join Filter": "(mi_idx.info_type_id = it2.id)", "Rows Removed by Join Filter": 6875, "Plans": [{"Node Type": "Seq Scan", "Parent Relationship": "Outer", "Relation Name": "info_type", "Alias": "it2", "Startup Cost": 0.0, "Total Cost": 2.4, "Plan Rows": 1, "Plan Width": 4, "Actual Min Startup Time": 0.058, "Actual Max Startup Time": 0.058, "Actual Min Total Time": 0.071, "Actual Max Total Time": 0.071, "Filter": "((info)::text = 'votes'::text)", "Rows Removed by Filter": 111, "Actual Rows": 1}, {"Node Type": "Materialize", "Parent Relationship": "Inner", "Startup Cost": 0.0, "Total Cost": 29663.09, "Plan Rows": 346, "Plan Width": 17, "Actual Min Startup Time": 238.967, "Actual Max Startup Time": 238.967, "Actual Min Total Time": 240.186, "Actual Max Total Time": 240.186, "Plans": [{"Node Type": "Nested Loop", "Parent Relationship": "Outer", "Join Type": "Inner", "Startup Cost": 0.0, "Total Cost": 29662.23, "Plan Rows": 346, "Plan Width": 17, "Actual Min Startup Time": 21.265, "Actual Max Startup Time": 21.265, "Actual Min Total Time": 235.822, "Actual Max Total Time": 235.822, "Inner Unique": false, "Plans": [{"Node Type": "Nested Loop", "Parent Relationship": "Outer", "Join Type": "Inner", "Startup Cost": 0.0, "Total Cost": 29565.43, "Plan Rows": 294, "Plan Width": 4, "Actual Min Startup Time": 21.058, "Actual Max Startup Time": 21.058, "Actual Min Total Time": 199.008, "Actual Max Total Time": 199.008, "Inner Unique": false, "Plans": [{"Node Type": "Streaming(type: LOCAL GATHER dop: 1/16)", "Parent Relationship": "Outer", "Startup Cost": 0.0, "Total Cost": 22123.07, "Plan Rows": 173, "Plan Width": 4, "Actual Min Startup Time": 20.996, "Actual Max Startup Time": 20.996, "Actual Min Total Time": 69.146, "Actual Max Total Time": 69.146, "Plans": [{"Node Type": "Seq Scan", "Parent Relationship": "Outer", "Relation Name": "name", "Alias": "n", "Startup Cost": 0.0, "Total Cost": 22119.33, "Plan Rows": 173, "Plan Width": 4, "Actual Min Startup Time": 0.028, "Actual Max Startup Time": 0.846, "Actual Min Total Time": 102.03, "Actual Max Total Time": 106.093, "Filter": "(((name)::text ~~ '%Tim%'::text) AND ((gender)::text = 'm'::text))", "Rows Removed by Filter": 4158428, "Actual Rows": 9062}], "Actual Rows": 9062}, {"Node Type": "Index Scan", "Parent Relationship": "Inner", "Scan Direction": "Forward", "Index Name": "person_id_cast_info", "Relation Name": "cast_info", "Alias": "ci", "Startup Cost": 0.0, "Total Cost": 43.0, "Plan Rows": 2, "Plan Width": 8, "Actual Min Startup Time": 104.539, "Actual Max Startup Time": 104.539, "Actual Min Total Time": 123.691, "Actual Max Total Time": 123.691, "Index Cond": "(person_id = n.id)", "Rows Removed by Index Recheck": 0, "Filter": "((note)::text = ANY ('{(producer),\"(executive producer)\"}'::text[]))", "Rows Removed by Filter": 89309, "Actual Rows": 6719}], "Actual Rows": 6719}, {"Node Type": "Index Scan", "Parent Relationship": "Inner", "Scan Direction": "Forward", "Index Name": "movie_id_movie_info_idx", "Relation Name": "movie_info_idx", "Alias": "mi_idx", "Startup Cost": 0.0, "Total Cost": 0.31, "Plan Rows": 2, "Plan Width": 13, "Actual Min Startup Time": 27.075, "Actual Max Startup Time": 27.075, "Actual Min Total Time": 31.011, "Actual Max Total Time": 31.011, "Index Cond": "(movie_id = ci.movie_id)", "Rows Removed by Index Recheck": 0, "Actual Rows": 10310}], "Actual Rows": 10310}], "Actual Rows": 10311}], "Actual Rows": 3435}, {"Node Type": "Index Scan", "Parent Relationship": "Inner", "Scan Direction": "Forward", "Index Name": "movie_id_movie_info", "Relation Name": "movie_info", "Alias": "mi", "Startup Cost": 0.0, "Total Cost": 0.7, "Plan Rows": 5, "Plan Width": 50, "Actual Min Startup Time": 21.932, "Actual Max Startup Time": 21.932, "Actual Min Total Time": 87.857, "Actual Max Total Time": 87.857, "Index Cond": "(movie_id = ci.movie_id)", "Rows Removed by Index Recheck": 0, "Actual Rows": 82408}], "Actual Rows": 82408}], "Actual Rows": 410}, {"Node Type": "Index Scan", "Parent Relationship": "Inner", "Scan Direction": "Forward", "Index Name": "title_pkey", "Relation Name": "title", "Alias": "t", "Startup Cost": 0.0, "Total Cost": 0.28, "Plan Rows": 1, "Plan Width": 21, "Actual Min Startup Time": 3.282, "Actual Max Startup Time": 3.282, "Actual Min Total Time": 3.282, "Actual Max Total Time": 3.282, "Index Cond": "(id = mi.movie_id)", "Rows Removed by Index Recheck": 0, "Actual Rows": 410}], "Actual Rows": 410}], "Actual Rows": 1}, "Triggers": [], "Planner Runtime": 8.808, "Total Runtime": 383.147, "Unique SQL Id": 4264520866}}, "(16, '117')": {"explain_plan": {"Plan": {"Node Type": "Aggregate", "Strategy": "Plain", "Startup Cost": 161086.28, "Total Cost": 161086.29, "Plan Rows": 1, "Plan Width": 160, "Plans": [{"Node Type": "Nested Loop", "Parent Relationship": "Outer", "Join Type": "Inner", "Startup Cost": 0.0, "Total Cost": 161086.22, "Plan Rows": 8, "Plan Width": 64, "Inner Unique": true, "Plans": [{"Node Type": "Nested Loop", "Parent Relationship": "Outer", "Join Type": "Inner", "Startup Cost": 0.0, "Total Cost": 161083.6, "Plan Rows": 9, "Plan Width": 59, "Inner Unique": false, "Join Filter": "(mi.info_type_id = it1.id)", "Plans": [{"Node Type": "Index Scan", "Parent Relationship": "Outer", "Scan Direction": "Forward", "Index Name": "info_type_pkey", "Relation Name": "info_type", "Alias": "it1", "Startup Cost": 0.0, "Total Cost": 14.21, "Plan Rows": 1, "Plan Width": 4, "Filter": "((info)::text = 'budget'::text)"}, {"Node Type": "Nested Loop", "Parent Relationship": "Inner", "Join Type": "Inner", "Startup Cost": 0.0, "Total Cost": 161065.9, "Plan Rows": 279, "Plan Width": 63, "Inner Unique": false, "Join Filter": "(mi_idx.movie_id = mi.movie_id)", "Plans": [{"Node Type": "Nested Loop", "Parent Relationship": "Outer", "Join Type": "Inner", "Startup Cost": 0.0, "Total Cost": 161026.3, "Plan Rows": 52, "Plan Width": 13, "Inner Unique": false, "Join Filter": "(mi_idx.info_type_id = it2.id)", "Plans": [{"Node Type": "Index Scan", "Parent Relationship": "Outer", "Scan Direction": "Forward", "Index Name": "info_type_pkey", "Relation Name": "info_type", "Alias": "it2", "Startup Cost": 0.0, "Total Cost": 14.21, "Plan Rows": 1, "Plan Width": 4, "Filter": "((info)::text = 'votes'::text)"}, {"Node Type": "Materialize", "Parent Relationship": "Inner", "Startup Cost": 0.0, "Total Cost": 161008.63, "Plan Rows": 346, "Plan Width": 17, "Plans": [{"Node Type": "Nested Loop", "Parent Relationship": "Outer", "Join Type": "Inner", "Startup Cost": 0.0, "Total Cost": 161007.76, "Plan Rows": 346, "Plan Width": 17, "Inner Unique": false, "Plans": [{"Node Type": "Nested Loop", "Parent Relationship": "Outer", "Join Type": "Inner", "Startup Cost": 0.0, "Total Cost": 160910.97, "Plan Rows": 294, "Plan Width": 4, "Inner Unique": false, "Plans": [{"Node Type": "Streaming(type: LOCAL GATHER dop: 1/16)", "Parent Relationship": "Outer", "Startup Cost": 0.0, "Total Cost": 153468.6, "Plan Rows": 173, "Plan Width": 4, "Plans": [{"Node Type": "Index Scan", "Parent Relationship": "Outer", "Scan Direction": "Forward", "Index Name": "name_pkey", "Relation Name": "name", "Alias": "n", "Startup Cost": 0.0, "Total Cost": 153464.87, "Plan Rows": 173, "Plan Width": 4, "Filter": "(((name)::text ~~ '%Tim%'::text) AND ((gender)::text = 'm'::text))"}]}, {"Node Type": "Index Scan", "Parent Relationship": "Inner", "Scan Direction": "Forward", "Index Name": "person_id_cast_info", "Relation Name": "cast_info", "Alias": "ci", "Startup Cost": 0.0, "Total Cost": 43.0, "Plan Rows": 2, "Plan Width": 8, "Index Cond": "(person_id = n.id)", "Filter": "((note)::text = ANY ('{(producer),\"(executive producer)\"}'::text[]))"}]}, {"Node Type": "Index Scan", "Parent Relationship": "Inner", "Scan Direction": "Forward", "Index Name": "movie_id_movie_info_idx", "Relation Name": "movie_info_idx", "Alias": "mi_idx", "Startup Cost": 0.0, "Total Cost": 0.31, "Plan Rows": 2, "Plan Width": 13, "Index Cond": "(movie_id = ci.movie_id)"}]}]}]}, {"Node Type": "Index Scan", "Parent Relationship": "Inner", "Scan Direction": "Forward", "Index Name": "movie_id_movie_info", "Relation Name": "movie_info", "Alias": "mi", "Startup Cost": 0.0, "Total Cost": 0.7, "Plan Rows": 5, "Plan Width": 50, "Index Cond": "(movie_id = ci.movie_id)"}]}]}, {"Node Type": "Index Scan", "Parent Relationship": "Inner", "Scan Direction": "Forward", "Index Name": "title_pkey", "Relation Name": "title", "Alias": "t", "Startup Cost": 0.0, "Total Cost": 0.28, "Plan Rows": 1, "Plan Width": 21, "Index Cond": "(id = mi.movie_id)"}]}]}, "Unique SQL Id": 4264520866, "Planner Runtime": 8}, "explain_analyze_plan": {"Plan": {"Node Type": "Aggregate", "Strategy": "Plain", "Startup Cost": 161086.28, "Total Cost": 161086.29, "Plan Rows": 1, "Plan Width": 160, "Actual Min Startup Time": 480.471, "Actual Max Startup Time": 480.471, "Actual Min Total Time": 480.471, "Actual Max Total Time": 480.471, "Plans": [{"Node Type": "Nested Loop", "Parent Relationship": "Outer", "Join Type": "Inner", "Startup Cost": 0.0, "Total Cost": 161086.22, "Plan Rows": 8, "Plan Width": 64, "Actual Min Startup Time": 339.278, "Actual Max Startup Time": 339.278, "Actual Min Total Time": 479.984, "Actual Max Total Time": 479.984, "Inner Unique": true, "Plans": [{"Node Type": "Nested Loop", "Parent Relationship": "Outer", "Join Type": "Inner", "Startup Cost": 0.0, "Total Cost": 161083.6, "Plan Rows": 9, "Plan Width": 59, "Actual Min Startup Time": 339.26, "Actual Max Startup Time": 339.26, "Actual Min Total Time": 476.32, "Actual Max Total Time": 476.32, "Inner Unique": false, "Join Filter": "(mi.info_type_id = it1.id)", "Rows Removed by Join Filter": 81998, "Plans": [{"Node Type": "Index Scan", "Parent Relationship": "Outer", "Scan Direction": "Forward", "Index Name": "info_type_pkey", "Relation Name": "info_type", "Alias": "it1", "Startup Cost": 0.0, "Total Cost": 14.21, "Plan Rows": 1, "Plan Width": 4, "Actual Min Startup Time": 0.089, "Actual Max Startup Time": 0.089, "Actual Min Total Time": 0.095, "Actual Max Total Time": 0.095, "Filter": "((info)::text = 'budget'::text)", "Rows Removed by Filter": 111, "Actual Rows": 1}, {"Node Type": "Nested Loop", "Parent Relationship": "Inner", "Join Type": "Inner", "Startup Cost": 0.0, "Total Cost": 161065.9, "Plan Rows": 279, "Plan Width": 63, "Actual Min Startup Time": 339.147, "Actual Max Startup Time": 339.147, "Actual Min Total Time": 460.325, "Actual Max Total Time": 460.325, "Inner Unique": false, "Join Filter": "(mi_idx.movie_id = mi.movie_id)", "Rows Removed by Join Filter": 0, "Plans": [{"Node Type": "Nested Loop", "Parent Relationship": "Outer", "Join Type": "Inner", "Startup Cost": 0.0, "Total Cost": 161026.3, "Plan Rows": 52, "Plan Width": 13, "Actual Min Startup Time": 339.123, "Actual Max Startup Time": 339.123, "Actual Min Total Time": 343.21, "Actual Max Total Time": 343.21, "Inner Unique": false, "Join Filter": "(mi_idx.info_type_id = it2.id)", "Rows Removed by Join Filter": 6875, "Plans": [{"Node Type": "Index Scan", "Parent Relationship": "Outer", "Scan Direction": "Forward", "Index Name": "info_type_pkey", "Relation Name": "info_type", "Alias": "it2", "Startup Cost": 0.0, "Total Cost": 14.21, "Plan Rows": 1, "Plan Width": 4, "Actual Min Startup Time": 0.072, "Actual Max Startup Time": 0.072, "Actual Min Total Time": 0.083, "Actual Max Total Time": 0.083, "Filter": "((info)::text = 'votes'::text)", "Rows Removed by Filter": 111, "Actual Rows": 1}, {"Node Type": "Materialize", "Parent Relationship": "Inner", "Startup Cost": 0.0, "Total Cost": 161008.63, "Plan Rows": 346, "Plan Width": 17, "Actual Min Startup Time": 339.037, "Actual Max Startup Time": 339.037, "Actual Min Total Time": 340.214, "Actual Max Total Time": 340.214, "Plans": [{"Node Type": "Nested Loop", "Parent Relationship": "Outer", "Join Type": "Inner", "Startup Cost": 0.0, "Total Cost": 161007.76, "Plan Rows": 346, "Plan Width": 17, "Actual Min Startup Time": 72.66, "Actual Max Startup Time": 72.66, "Actual Min Total Time": 335.949, "Actual Max Total Time": 335.949, "Inner Unique": false, "Plans": [{"Node Type": "Nested Loop", "Parent Relationship": "Outer", "Join Type": "Inner", "Startup Cost": 0.0, "Total Cost": 160910.97, "Plan Rows": 294, "Plan Width": 4, "Actual Min Startup Time": 72.633, "Actual Max Startup Time": 72.633, "Actual Min Total Time": 298.788, "Actual Max Total Time": 298.788, "Inner Unique": false, "Plans": [{"Node Type": "Streaming(type: LOCAL GATHER dop: 1/16)", "Parent Relationship": "Outer", "Startup Cost": 0.0, "Total Cost": 153468.6, "Plan Rows": 173, "Plan Width": 4, "Actual Min Startup Time": 72.488, "Actual Max Startup Time": 72.488, "Actual Min Total Time": 169.446, "Actual Max Total Time": 169.446, "Plans": [{"Node Type": "Index Scan", "Parent Relationship": "Outer", "Scan Direction": "Forward", "Index Name": "name_pkey", "Relation Name": "name", "Alias": "n", "Startup Cost": 0.0, "Total Cost": 153464.87, "Plan Rows": 173, "Plan Width": 4, "Actual Min Startup Time": 40.705, "Actual Max Startup Time": 299.35, "Actual Min Total Time": 270.732, "Actual Max Total Time": 307.55, "Filter": "(((name)::text ~~ '%Tim%'::text) AND ((gender)::text = 'm'::text))", "Rows Removed by Filter": 4158428, "Actual Rows": 9062}], "Actual Rows": 9062}, {"Node Type": "Index Scan", "Parent Relationship": "Inner", "Scan Direction": "Forward", "Index Name": "person_id_cast_info", "Relation Name": "cast_info", "Alias": "ci", "Startup Cost": 0.0, "Total Cost": 43.0, "Plan Rows": 2, "Plan Width": 8, "Actual Min Startup Time": 104.072, "Actual Max Startup Time": 104.072, "Actual Min Total Time": 123.227, "Actual Max Total Time": 123.227, "Index Cond": "(person_id = n.id)", "Rows Removed by Index Recheck": 0, "Filter": "((note)::text = ANY ('{(producer),\"(executive producer)\"}'::text[]))", "Rows Removed by Filter": 89309, "Actual Rows": 6719}], "Actual Rows": 6719}, {"Node Type": "Index Scan", "Parent Relationship": "Inner", "Scan Direction": "Forward", "Index Name": "movie_id_movie_info_idx", "Relation Name": "movie_info_idx", "Alias": "mi_idx", "Startup Cost": 0.0, "Total Cost": 0.31, "Plan Rows": 2, "Plan Width": 13, "Actual Min Startup Time": 27.532, "Actual Max Startup Time": 27.532, "Actual Min Total Time": 31.538, "Actual Max Total Time": 31.538, "Index Cond": "(movie_id = ci.movie_id)", "Rows Removed by Index Recheck": 0, "Actual Rows": 10310}], "Actual Rows": 10310}], "Actual Rows": 10311}], "Actual Rows": 3435}, {"Node Type": "Index Scan", "Parent Relationship": "Inner", "Scan Direction": "Forward", "Index Name": "movie_id_movie_info", "Relation Name": "movie_info", "Alias": "mi", "Startup Cost": 0.0, "Total Cost": 0.7, "Plan Rows": 5, "Plan Width": 50, "Actual Min Startup Time": 21.858, "Actual Max Startup Time": 21.858, "Actual Min Total Time": 87.885, "Actual Max Total Time": 87.885, "Index Cond": "(movie_id = ci.movie_id)", "Rows Removed by Index Recheck": 0, "Actual Rows": 82408}], "Actual Rows": 82408}], "Actual Rows": 410}, {"Node Type": "Index Scan", "Parent Relationship": "Inner", "Scan Direction": "Forward", "Index Name": "title_pkey", "Relation Name": "title", "Alias": "t", "Startup Cost": 0.0, "Total Cost": 0.28, "Plan Rows": 1, "Plan Width": 21, "Actual Min Startup Time": 3.295, "Actual Max Startup Time": 3.295, "Actual Min Total Time": 3.295, "Actual Max Total Time": 3.295, "Index Cond": "(id = mi.movie_id)", "Rows Removed by Index Recheck": 0, "Actual Rows": 410}], "Actual Rows": 410}], "Actual Rows": 1}, "Triggers": [], "Planner Runtime": 8.185, "Total Runtime": 483.071, "Unique SQL Id": 4264520866}}, "(16, '118')": {"explain_plan": {"Plan": {"Node Type": "Aggregate", "Strategy": "Plain", "Startup Cost": 36787.5, "Total Cost": 36787.51, "Plan Rows": 1, "Plan Width": 160, "Plans": [{"Node Type": "Nested Loop", "Parent Relationship": "Outer", "Join Type": "Inner", "Startup Cost": 5.3, "Total Cost": 36787.44, "Plan Rows": 8, "Plan Width": 64, "Inner Unique": true, "Plans": [{"Node Type": "Nested Loop", "Parent Relationship": "Outer", "Join Type": "Inner", "Startup Cost": 5.04, "Total Cost": 36748.9, "Plan Rows": 9, "Plan Width": 59, "Inner Unique": false, "Join Filter": "(mi_idx.info_type_id = it2.id)", "Plans": [{"Node Type": "Seq Scan", "Parent Relationship": "Outer", "Relation Name": "info_type", "Alias": "it2", "Startup Cost": 0.0, "Total Cost": 2.4, "Plan Rows": 1, "Plan Width": 4, "Filter": "((info)::text = 'votes'::text)"}, {"Node Type": "Nested Loop", "Parent Relationship": "Inner", "Join Type": "Inner", "Startup Cost": 5.04, "Total Cost": 36746.07, "Plan Rows": 34, "Plan Width": 63, "Inner Unique": false, "Plans": [{"Node Type": "Nested Loop", "Parent Relationship": "Outer", "Join Type": "Inner", "Startup Cost": 4.77, "Total Cost": 36651.22, "Plan Rows": 22, "Plan Width": 50, "Inner Unique": false, "Join Filter": "(mi.info_type_id = it1.id)", "Plans": [{"Node Type": "Seq Scan", "Parent Relationship": "Outer", "Relation Name": "info_type", "Alias": "it1", "Startup Cost": 0.0, "Total Cost": 2.4, "Plan Rows": 1, "Plan Width": 4, "Filter": "((info)::text = 'budget'::text)"}, {"Node Type": "Materialize", "Parent Relationship": "Inner", "Startup Cost": 4.77, "Total Cost": 36633.21, "Plan Rows": 1561, "Plan Width": 54, "Plans": [{"Node Type": "Nested Loop", "Parent Relationship": "Outer", "Join Type": "Inner", "Startup Cost": 4.77, "Total Cost": 36629.3, "Plan Rows": 1561, "Plan Width": 54, "Inner Unique": false, "Plans": [{"Node Type": "Nested Loop", "Parent Relationship": "Outer", "Join Type": "Inner", "Startup Cost": 4.39, "Total Cost": 35306.9, "Plan Rows": 294, "Plan Width": 4, "Inner Unique": false, "Plans": [{"Node Type": "Streaming(type: LOCAL GATHER dop: 1/16)", "Parent Relationship": "Outer", "Startup Cost": 0.0, "Total Cost": 22123.07, "Plan Rows": 173, "Plan Width": 4, "Plans": [{"Node Type": "Seq Scan", "Parent Relationship": "Outer", "Relation Name": "name", "Alias": "n", "Startup Cost": 0.0, "Total Cost": 22119.33, "Plan Rows": 173, "Plan Width": 4, "Filter": "(((name)::text ~~ '%Tim%'::text) AND ((gender)::text = 'm'::text))"}]}, {"Node Type": "Bitmap Heap Scan", "Parent Relationship": "Inner", "Relation Name": "cast_info", "Alias": "ci", "Startup Cost": 4.39, "Total Cost": 76.19, "Plan Rows": 2, "Plan Width": 8, "Recheck Cond": "(person_id = n.id)", "Filter": "((note)::text = ANY ('{(producer),\"(executive producer)\"}'::text[]))", "Plans": [{"Node Type": "Bitmap Index Scan", "Parent Relationship": "Outer", "Index Name": "person_id_cast_info", "Startup Cost": 0.0, "Total Cost": 4.38, "Plan Rows": 18, "Plan Width": 0, "Index Cond": "(person_id = n.id)"}]}]}, {"Node Type": "Bitmap Heap Scan", "Parent Relationship": "Inner", "Relation Name": "movie_info", "Alias": "mi", "Startup Cost": 0.39, "Total Cost": 4.45, "Plan Rows": 5, "Plan Width": 50, "Recheck Cond": "(movie_id = ci.movie_id)", "Plans": [{"Node Type": "Bitmap Index Scan", "Parent Relationship": "Outer", "Index Name": "movie_id_movie_info", "Startup Cost": 0.0, "Total Cost": 0.38, "Plan Rows": 5, "Plan Width": 0, "Index Cond": "(movie_id = ci.movie_id)"}]}]}]}]}, {"Node Type": "Bitmap Heap Scan", "Parent Relationship": "Inner", "Relation Name": "movie_info_idx", "Alias": "mi_idx", "Startup Cost": 0.27, "Total Cost": 4.29, "Plan Rows": 2, "Plan Width": 13, "Recheck Cond": "(movie_id = mi.movie_id)", "Plans": [{"Node Type": "Bitmap Index Scan", "Parent Relationship": "Outer", "Index Name": "movie_id_movie_info_idx", "Startup Cost": 0.0, "Total Cost": 0.27, "Plan Rows": 2, "Plan Width": 0, "Index Cond": "(movie_id = mi.movie_id)"}]}]}]}, {"Node Type": "Bitmap Heap Scan", "Parent Relationship": "Inner", "Relation Name": "title", "Alias": "t", "Startup Cost": 0.26, "Total Cost": 4.27, "Plan Rows": 1, "Plan Width": 21, "Recheck Cond": "(id = mi.movie_id)", "Plans": [{"Node Type": "Bitmap Index Scan", "Parent Relationship": "Outer", "Index Name": "title_pkey", "Startup Cost": 0.0, "Total Cost": 0.26, "Plan Rows": 1, "Plan Width": 0, "Index Cond": "(id = mi.movie_id)"}]}]}]}, "Unique SQL Id": 4264520866, "Planner Runtime": 19}, "explain_analyze_plan": {"Plan": {"Node Type": "Aggregate", "Strategy": "Plain", "Startup Cost": 36787.5, "Total Cost": 36787.51, "Plan Rows": 1, "Plan Width": 160, "Actual Min Startup Time": 475.224, "Actual Max Startup Time": 475.224, "Actual Min Total Time": 475.225, "Actual Max Total Time": 475.225, "Plans": [{"Node Type": "Nested Loop", "Parent Relationship": "Outer", "Join Type": "Inner", "Startup Cost": 5.3, "Total Cost": 36787.44, "Plan Rows": 8, "Plan Width": 64, "Actual Min Startup Time": 425.326, "Actual Max Startup Time": 425.326, "Actual Min Total Time": 474.758, "Actual Max Total Time": 474.758, "Inner Unique": true, "Plans": [{"Node Type": "Nested Loop", "Parent Relationship": "Outer", "Join Type": "Inner", "Startup Cost": 5.04, "Total Cost": 36748.9, "Plan Rows": 9, "Plan Width": 59, "Actual Min Startup Time": 425.302, "Actual Max Startup Time": 425.302, "Actual Min Total Time": 470.521, "Actual Max Total Time": 470.521, "Inner Unique": false, "Join Filter": "(mi_idx.info_type_id = it2.id)", "Rows Removed by Join Filter": 825, "Plans": [{"Node Type": "Seq Scan", "Parent Relationship": "Outer", "Relation Name": "info_type", "Alias": "it2", "Startup Cost": 0.0, "Total Cost": 2.4, "Plan Rows": 1, "Plan Width": 4, "Actual Min Startup Time": 0.066, "Actual Max Startup Time": 0.066, "Actual Min Total Time": 0.074, "Actual Max Total Time": 0.074, "Filter": "((info)::text = 'votes'::text)", "Rows Removed by Filter": 111, "Actual Rows": 1}, {"Node Type": "Nested Loop", "Parent Relationship": "Inner", "Join Type": "Inner", "Startup Cost": 5.04, "Total Cost": 36746.07, "Plan Rows": 34, "Plan Width": 63, "Actual Min Startup Time": 425.224, "Actual Max Startup Time": 425.224, "Actual Min Total Time": 468.026, "Actual Max Total Time": 468.026, "Inner Unique": false, "Plans": [{"Node Type": "Nested Loop", "Parent Relationship": "Outer", "Join Type": "Inner", "Startup Cost": 4.77, "Total Cost": 36651.22, "Plan Rows": 22, "Plan Width": 50, "Actual Min Startup Time": 425.066, "Actual Max Startup Time": 425.066, "Actual Min Total Time": 461.217, "Actual Max Total Time": 461.217, "Inner Unique": false, "Join Filter": "(mi.info_type_id = it1.id)", "Rows Removed by Join Filter": 95197, "Plans": [{"Node Type": "Seq Scan", "Parent Relationship": "Outer", "Relation Name": "info_type", "Alias": "it1", "Startup Cost": 0.0, "Total Cost": 2.4, "Plan Rows": 1, "Plan Width": 4, "Actual Min Startup Time": 0.063, "Actual Max Startup Time": 0.063, "Actual Min Total Time": 0.073, "Actual Max Total Time": 0.073, "Filter": "((info)::text = 'budget'::text)", "Rows Removed by Filter": 111, "Actual Rows": 1}, {"Node Type": "Materialize", "Parent Relationship": "Inner", "Startup Cost": 4.77, "Total Cost": 36633.21, "Plan Rows": 1561, "Plan Width": 54, "Actual Min Startup Time": 424.99, "Actual Max Startup Time": 424.99, "Actual Min Total Time": 436.933, "Actual Max Total Time": 436.933, "Plans": [{"Node Type": "Nested Loop", "Parent Relationship": "Outer", "Join Type": "Inner", "Startup Cost": 4.77, "Total Cost": 36629.3, "Plan Rows": 1561, "Plan Width": 54, "Actual Min Startup Time": 21.711, "Actual Max Startup Time": 21.711, "Actual Min Total Time": 398.082, "Actual Max Total Time": 398.082, "Inner Unique": false, "Plans": [{"Node Type": "Nested Loop", "Parent Relationship": "Outer", "Join Type": "Inner", "Startup Cost": 4.39, "Total Cost": 35306.9, "Plan Rows": 294, "Plan Width": 4, "Actual Min Startup Time": 21.681, "Actual Max Startup Time": 21.681, "Actual Min Total Time": 223.32, "Actual Max Total Time": 223.32, "Inner Unique": false, "Plans": [{"Node Type": "Streaming(type: LOCAL GATHER dop: 1/16)", "Parent Relationship": "Outer", "Startup Cost": 0.0, "Total Cost": 22123.07, "Plan Rows": 173, "Plan Width": 4, "Actual Min Startup Time": 21.308, "Actual Max Startup Time": 21.308, "Actual Min Total Time": 74.431, "Actual Max Total Time": 74.431, "Plans": [{"Node Type": "Seq Scan", "Parent Relationship": "Outer", "Relation Name": "name", "Alias": "n", "Startup Cost": 0.0, "Total Cost": 22119.33, "Plan Rows": 173, "Plan Width": 4, "Actual Min Startup Time": 0.034, "Actual Max Startup Time": 0.856, "Actual Min Total Time": 101.868, "Actual Max Total Time": 105.961, "Filter": "(((name)::text ~~ '%Tim%'::text) AND ((gender)::text = 'm'::text))", "Rows Removed by Filter": 4158428, "Actual Rows": 9062}], "Actual Rows": 9062}, {"Node Type": "Bitmap Heap Scan", "Parent Relationship": "Inner", "Relation Name": "cast_info", "Alias": "ci", "Startup Cost": 4.39, "Total Cost": 76.19, "Plan Rows": 2, "Plan Width": 8, "Actual Min Startup Time": 120.205, "Actual Max Startup Time": 120.205, "Actual Min Total Time": 136.373, "Actual Max Total Time": 136.373, "Recheck Cond": "(person_id = n.id)", "Rows Removed by Index Recheck": 0, "Filter": "((note)::text = ANY ('{(producer),\"(executive producer)\"}'::text[]))", "Rows Removed by Filter": 89309, "Exact Heap Blocks": 13336, "Lossy Heap Blocks": 13336, "Plans": [{"Node Type": "Bitmap Index Scan", "Parent Relationship": "Outer", "Index Name": "person_id_cast_info", "Startup Cost": 0.0, "Total Cost": 4.38, "Plan Rows": 18, "Plan Width": 0, "Actual Min Startup Time": 50.638, "Actual Max Startup Time": 50.638, "Actual Min Total Time": 50.638, "Actual Max Total Time": 50.638, "Index Cond": "(person_id = n.id)", "Actual Rows": 96028}], "Actual Rows": 6719}], "Actual Rows": 6719}, {"Node Type": "Bitmap Heap Scan", "Parent Relationship": "Inner", "Relation Name": "movie_info", "Alias": "mi", "Startup Cost": 0.39, "Total Cost": 4.45, "Plan Rows": 5, "Plan Width": 50, "Actual Min Startup Time": 62.715, "Actual Max Startup Time": 62.715, "Actual Min Total Time": 146.56, "Actual Max Total Time": 146.56, "Recheck Cond": "(movie_id = ci.movie_id)", "Rows Removed by Index Recheck": 0, "Exact Heap Blocks": 40013, "Lossy Heap Blocks": 40013, "Plans": [{"Node Type": "Bitmap Index Scan", "Parent Relationship": "Outer", "Index Name": "movie_id_movie_info", "Startup Cost": 0.0, "Total Cost": 0.38, "Plan Rows": 5, "Plan Width": 0, "Actual Min Startup Time": 43.75, "Actual Max Startup Time": 43.75, "Actual Min Total Time": 43.75, "Actual Max Total Time": 43.75, "Index Cond": "(movie_id = ci.movie_id)", "Actual Rows": 95896}], "Actual Rows": 95896}], "Actual Rows": 95896}], "Actual Rows": 95897}], "Actual Rows": 699}, {"Node Type": "Bitmap Heap Scan", "Parent Relationship": "Inner", "Relation Name": "movie_info_idx", "Alias": "mi_idx", "Startup Cost": 0.27, "Total Cost": 4.29, "Plan Rows": 2, "Plan Width": 13, "Actual Min Startup Time": 5.496, "Actual Max Startup Time": 5.496, "Actual Min Total Time": 5.692, "Actual Max Total Time": 5.692, "Recheck Cond": "(movie_id = mi.movie_id)", "Rows Removed by Index Recheck": 0, "Exact Heap Blocks": 419, "Lossy Heap Blocks": 419, "Plans": [{"Node Type": "Bitmap Index Scan", "Parent Relationship": "Outer", "Index Name": "movie_id_movie_info_idx", "Startup Cost": 0.0, "Total Cost": 0.27, "Plan Rows": 2, "Plan Width": 0, "Actual Min Startup Time": 3.946, "Actual Max Startup Time": 3.946, "Actual Min Total Time": 3.946, "Actual Max Total Time": 3.946, "Index Cond": "(movie_id = mi.movie_id)", "Actual Rows": 1235}], "Actual Rows": 1235}], "Actual Rows": 1235}], "Actual Rows": 410}, {"Node Type": "Bitmap Heap Scan", "Parent Relationship": "Inner", "Relation Name": "title", "Alias": "t", "Startup Cost": 0.26, "Total Cost": 4.27, "Plan Rows": 1, "Plan Width": 21, "Actual Min Startup Time": 3.641, "Actual Max Startup Time": 3.641, "Actual Min Total Time": 3.641, "Actual Max Total Time": 3.641, "Recheck Cond": "(id = mi.movie_id)", "Rows Removed by Index Recheck": 0, "Exact Heap Blocks": 410, "Lossy Heap Blocks": 410, "Plans": [{"Node Type": "Bitmap Index Scan", "Parent Relationship": "Outer", "Index Name": "title_pkey", "Startup Cost": 0.0, "Total Cost": 0.26, "Plan Rows": 1, "Plan Width": 0, "Actual Min Startup Time": 2.266, "Actual Max Startup Time": 2.266, "Actual Min Total Time": 2.266, "Actual Max Total Time": 2.266, "Index Cond": "(id = mi.movie_id)", "Actual Rows": 410}], "Actual Rows": 410}], "Actual Rows": 410}], "Actual Rows": 1}, "Triggers": [], "Planner Runtime": 32.602, "Total Runtime": 478.313, "Unique SQL Id": 4264520866}}, "(16, '119')": {"explain_plan": {"Plan": {"Node Type": "Aggregate", "Strategy": "Plain", "Startup Cost": 211886.13, "Total Cost": 211886.14, "Plan Rows": 1, "Plan Width": 160, "Plans": [{"Node Type": "Nested Loop", "Parent Relationship": "Outer", "Join Type": "Inner", "Startup Cost": 83172.11, "Total Cost": 211886.07, "Plan Rows": 8, "Plan Width": 64, "Inner Unique": true, "Plans": [{"Node Type": "Nested Loop", "Parent Relationship": "Outer", "Join Type": "Inner", "Startup Cost": 83171.85, "Total Cost": 211847.52, "Plan Rows": 9, "Plan Width": 59, "Inner Unique": true, "Plans": [{"Node Type": "Nested Loop", "Parent Relationship": "Outer", "Join Type": "Inner", "Startup Cost": 83171.59, "Total Cost": 211701.91, "Plan Rows": 34, "Plan Width": 63, "Inner Unique": false, "Plans": [{"Node Type": "Nested Loop", "Parent Relationship": "Outer", "Join Type": "Inner", "Startup Cost": 83171.32, "Total Cost": 211607.05, "Plan Rows": 22, "Plan Width": 50, "Inner Unique": false, "Join Filter": "(mi.info_type_id = it1.id)", "Plans": [{"Node Type": "Bitmap Heap Scan", "Parent Relationship": "Outer", "Relation Name": "info_type", "Alias": "it1", "Startup Cost": 8.81, "Total Cost": 14.21, "Plan Rows": 1, "Plan Width": 4, "Filter": "((info)::text = 'budget'::text)", "Plans": [{"Node Type": "Bitmap Index Scan", "Parent Relationship": "Outer", "Index Name": "info_type_pkey", "Startup Cost": 0.0, "Total Cost": 8.81, "Plan Rows": 112, "Plan Width": 0}]}, {"Node Type": "Nested Loop", "Parent Relationship": "Inner", "Join Type": "Inner", "Startup Cost": 83162.51, "Total Cost": 211573.33, "Plan Rows": 1561, "Plan Width": 54, "Inner Unique": false, "Plans": [{"Node Type": "Nested Loop", "Parent Relationship": "Outer", "Join Type": "Inner", "Startup Cost": 83162.13, "Total Cost": 210250.93, "Plan Rows": 294, "Plan Width": 4, "Inner Unique": false, "Plans": [{"Node Type": "Bitmap Heap Scan", "Parent Relationship": "Outer", "Relation Name": "name", "Alias": "n", "Startup Cost": 83157.74, "Total Cost": 197067.09, "Plan Rows": 173, "Plan Width": 4, "Filter": "(((name)::text ~~ '%Tim%'::text) AND ((gender)::text = 'm'::text))", "Plans": [{"Node Type": "Bitmap Index Scan", "Parent Relationship": "Outer", "Index Name": "name_pkey", "Startup Cost": 0.0, "Total Cost": 83157.7, "Plan Rows": 4167490, "Plan Width": 0}]}, {"Node Type": "Bitmap Heap Scan", "Parent Relationship": "Inner", "Relation Name": "cast_info", "Alias": "ci", "Startup Cost": 4.39, "Total Cost": 76.19, "Plan Rows": 2, "Plan Width": 8, "Recheck Cond": "(person_id = n.id)", "Filter": "((note)::text = ANY ('{(producer),\"(executive producer)\"}'::text[]))", "Plans": [{"Node Type": "Bitmap Index Scan", "Parent Relationship": "Outer", "Index Name": "person_id_cast_info", "Startup Cost": 0.0, "Total Cost": 4.38, "Plan Rows": 18, "Plan Width": 0, "Index Cond": "(person_id = n.id)"}]}]}, {"Node Type": "Bitmap Heap Scan", "Parent Relationship": "Inner", "Relation Name": "movie_info", "Alias": "mi", "Startup Cost": 0.39, "Total Cost": 4.45, "Plan Rows": 5, "Plan Width": 50, "Recheck Cond": "(movie_id = ci.movie_id)", "Plans": [{"Node Type": "Bitmap Index Scan", "Parent Relationship": "Outer", "Index Name": "movie_id_movie_info", "Startup Cost": 0.0, "Total Cost": 0.38, "Plan Rows": 5, "Plan Width": 0, "Index Cond": "(movie_id = ci.movie_id)"}]}]}]}, {"Node Type": "Bitmap Heap Scan", "Parent Relationship": "Inner", "Relation Name": "movie_info_idx", "Alias": "mi_idx", "Startup Cost": 0.27, "Total Cost": 4.29, "Plan Rows": 2, "Plan Width": 13, "Recheck Cond": "(movie_id = mi.movie_id)", "Plans": [{"Node Type": "Bitmap Index Scan", "Parent Relationship": "Outer", "Index Name": "movie_id_movie_info_idx", "Startup Cost": 0.0, "Total Cost": 0.27, "Plan Rows": 2, "Plan Width": 0, "Index Cond": "(movie_id = mi.movie_id)"}]}]}, {"Node Type": "Bitmap Heap Scan", "Parent Relationship": "Inner", "Relation Name": "info_type", "Alias": "it2", "Startup Cost": 0.26, "Total Cost": 4.27, "Plan Rows": 1, "Plan Width": 4, "Recheck Cond": "(id = mi_idx.info_type_id)", "Filter": "((info)::text = 'votes'::text)", "Plans": [{"Node Type": "Bitmap Index Scan", "Parent Relationship": "Outer", "Index Name": "info_type_pkey", "Startup Cost": 0.0, "Total Cost": 0.26, "Plan Rows": 1, "Plan Width": 0, "Index Cond": "(id = mi_idx.info_type_id)"}]}]}, {"Node Type": "Bitmap Heap Scan", "Parent Relationship": "Inner", "Relation Name": "title", "Alias": "t", "Startup Cost": 0.26, "Total Cost": 4.27, "Plan Rows": 1, "Plan Width": 21, "Recheck Cond": "(id = mi.movie_id)", "Plans": [{"Node Type": "Bitmap Index Scan", "Parent Relationship": "Outer", "Index Name": "title_pkey", "Startup Cost": 0.0, "Total Cost": 0.26, "Plan Rows": 1, "Plan Width": 0, "Index Cond": "(id = mi.movie_id)"}]}]}]}, "Unique SQL Id": 4264520866, "Planner Runtime": 7}, "explain_analyze_plan": null}, "(16, '120')": {"explain_plan": {"Plan": {"Node Type": "Aggregate", "Strategy": "Plain", "Startup Cost": 29717.13, "Total Cost": 29717.14, "Plan Rows": 1, "Plan Width": 160, "Plans": [{"Node Type": "Nested Loop", "Parent Relationship": "Outer", "Join Type": "Inner", "Startup Cost": 0.0, "Total Cost": 29717.07, "Plan Rows": 8, "Plan Width": 64, "Inner Unique": true, "Plans": [{"Node Type": "Nested Loop", "Parent Relationship": "Outer", "Join Type": "Inner", "Startup Cost": 0.0, "Total Cost": 29714.44, "Plan Rows": 9, "Plan Width": 59, "Inner Unique": false, "Join Filter": "(mi.info_type_id = it1.id)", "Plans": [{"Node Type": "Seq Scan", "Parent Relationship": "Outer", "Relation Name": "info_type", "Alias": "it1", "Startup Cost": 0.0, "Total Cost": 2.4, "Plan Rows": 1, "Plan Width": 4, "Filter": "((info)::text = 'budget'::text)"}, {"Node Type": "Nested Loop", "Parent Relationship": "Inner", "Join Type": "Inner", "Startup Cost": 0.0, "Total Cost": 29708.55, "Plan Rows": 279, "Plan Width": 63, "Inner Unique": false, "Join Filter": "(mi_idx.movie_id = mi.movie_id)", "Plans": [{"Node Type": "Nested Loop", "Parent Relationship": "Outer", "Join Type": "Inner", "Startup Cost": 0.0, "Total Cost": 29668.95, "Plan Rows": 52, "Plan Width": 13, "Inner Unique": false, "Join Filter": "(mi_idx.info_type_id = it2.id)", "Plans": [{"Node Type": "Seq Scan", "Parent Relationship": "Outer", "Relation Name": "info_type", "Alias": "it2", "Startup Cost": 0.0, "Total Cost": 2.4, "Plan Rows": 1, "Plan Width": 4, "Filter": "((info)::text = 'votes'::text)"}, {"Node Type": "Materialize", "Parent Relationship": "Inner", "Startup Cost": 0.0, "Total Cost": 29663.09, "Plan Rows": 346, "Plan Width": 17, "Plans": [{"Node Type": "Nested Loop", "Parent Relationship": "Outer", "Join Type": "Inner", "Startup Cost": 0.0, "Total Cost": 29662.23, "Plan Rows": 346, "Plan Width": 17, "Inner Unique": false, "Plans": [{"Node Type": "Nested Loop", "Parent Relationship": "Outer", "Join Type": "Inner", "Startup Cost": 0.0, "Total Cost": 29565.43, "Plan Rows": 294, "Plan Width": 4, "Inner Unique": false, "Plans": [{"Node Type": "Streaming(type: LOCAL GATHER dop: 1/16)", "Parent Relationship": "Outer", "Startup Cost": 0.0, "Total Cost": 22123.07, "Plan Rows": 173, "Plan Width": 4, "Plans": [{"Node Type": "Seq Scan", "Parent Relationship": "Outer", "Relation Name": "name", "Alias": "n", "Startup Cost": 0.0, "Total Cost": 22119.33, "Plan Rows": 173, "Plan Width": 4, "Filter": "(((name)::text ~~ '%Tim%'::text) AND ((gender)::text = 'm'::text))"}]}, {"Node Type": "Index Scan", "Parent Relationship": "Inner", "Scan Direction": "Forward", "Index Name": "person_id_cast_info", "Relation Name": "cast_info", "Alias": "ci", "Startup Cost": 0.0, "Total Cost": 43.0, "Plan Rows": 2, "Plan Width": 8, "Index Cond": "(person_id = n.id)", "Filter": "((note)::text = ANY ('{(producer),\"(executive producer)\"}'::text[]))"}]}, {"Node Type": "Index Scan", "Parent Relationship": "Inner", "Scan Direction": "Forward", "Index Name": "movie_id_movie_info_idx", "Relation Name": "movie_info_idx", "Alias": "mi_idx", "Startup Cost": 0.0, "Total Cost": 0.31, "Plan Rows": 2, "Plan Width": 13, "Index Cond": "(movie_id = ci.movie_id)"}]}]}]}, {"Node Type": "Index Scan", "Parent Relationship": "Inner", "Scan Direction": "Forward", "Index Name": "movie_id_movie_info", "Relation Name": "movie_info", "Alias": "mi", "Startup Cost": 0.0, "Total Cost": 0.7, "Plan Rows": 5, "Plan Width": 50, "Index Cond": "(movie_id = ci.movie_id)"}]}]}, {"Node Type": "Index Scan", "Parent Relationship": "Inner", "Scan Direction": "Forward", "Index Name": "title_pkey", "Relation Name": "title", "Alias": "t", "Startup Cost": 0.0, "Total Cost": 0.28, "Plan Rows": 1, "Plan Width": 21, "Index Cond": "(id = mi.movie_id)"}]}]}, "Unique SQL Id": 4264520866, "Planner Runtime": 8}, "explain_analyze_plan": {"Plan": {"Node Type": "Aggregate", "Strategy": "Plain", "Startup Cost": 29717.13, "Total Cost": 29717.14, "Plan Rows": 1, "Plan Width": 160, "Actual Min Startup Time": 380.581, "Actual Max Startup Time": 380.581, "Actual Min Total Time": 380.581, "Actual Max Total Time": 380.581, "Plans": [{"Node Type": "Nested Loop", "Parent Relationship": "Outer", "Join Type": "Inner", "Startup Cost": 0.0, "Total Cost": 29717.07, "Plan Rows": 8, "Plan Width": 64, "Actual Min Startup Time": 239.3, "Actual Max Startup Time": 239.3, "Actual Min Total Time": 380.104, "Actual Max Total Time": 380.104, "Inner Unique": true, "Plans": [{"Node Type": "Nested Loop", "Parent Relationship": "Outer", "Join Type": "Inner", "Startup Cost": 0.0, "Total Cost": 29714.44, "Plan Rows": 9, "Plan Width": 59, "Actual Min Startup Time": 239.285, "Actual Max Startup Time": 239.285, "Actual Min Total Time": 376.468, "Actual Max Total Time": 376.468, "Inner Unique": false, "Join Filter": "(mi.info_type_id = it1.id)", "Rows Removed by Join Filter": 81998, "Plans": [{"Node Type": "Seq Scan", "Parent Relationship": "Outer", "Relation Name": "info_type", "Alias": "it1", "Startup Cost": 0.0, "Total Cost": 2.4, "Plan Rows": 1, "Plan Width": 4, "Actual Min Startup Time": 0.071, "Actual Max Startup Time": 0.071, "Actual Min Total Time": 0.081, "Actual Max Total Time": 0.081, "Filter": "((info)::text = 'budget'::text)", "Rows Removed by Filter": 111, "Actual Rows": 1}, {"Node Type": "Nested Loop", "Parent Relationship": "Inner", "Join Type": "Inner", "Startup Cost": 0.0, "Total Cost": 29708.55, "Plan Rows": 279, "Plan Width": 63, "Actual Min Startup Time": 239.058, "Actual Max Startup Time": 239.058, "Actual Min Total Time": 360.557, "Actual Max Total Time": 360.557, "Inner Unique": false, "Join Filter": "(mi_idx.movie_id = mi.movie_id)", "Rows Removed by Join Filter": 0, "Plans": [{"Node Type": "Nested Loop", "Parent Relationship": "Outer", "Join Type": "Inner", "Startup Cost": 0.0, "Total Cost": 29668.95, "Plan Rows": 52, "Plan Width": 13, "Actual Min Startup Time": 239.037, "Actual Max Startup Time": 239.037, "Actual Min Total Time": 243.136, "Actual Max Total Time": 243.136, "Inner Unique": false, "Join Filter": "(mi_idx.info_type_id = it2.id)", "Rows Removed by Join Filter": 6875, "Plans": [{"Node Type": "Seq Scan", "Parent Relationship": "Outer", "Relation Name": "info_type", "Alias": "it2", "Startup Cost": 0.0, "Total Cost": 2.4, "Plan Rows": 1, "Plan Width": 4, "Actual Min Startup Time": 0.058, "Actual Max Startup Time": 0.058, "Actual Min Total Time": 0.071, "Actual Max Total Time": 0.071, "Filter": "((info)::text = 'votes'::text)", "Rows Removed by Filter": 111, "Actual Rows": 1}, {"Node Type": "Materialize", "Parent Relationship": "Inner", "Startup Cost": 0.0, "Total Cost": 29663.09, "Plan Rows": 346, "Plan Width": 17, "Actual Min Startup Time": 238.967, "Actual Max Startup Time": 238.967, "Actual Min Total Time": 240.186, "Actual Max Total Time": 240.186, "Plans": [{"Node Type": "Nested Loop", "Parent Relationship": "Outer", "Join Type": "Inner", "Startup Cost": 0.0, "Total Cost": 29662.23, "Plan Rows": 346, "Plan Width": 17, "Actual Min Startup Time": 21.265, "Actual Max Startup Time": 21.265, "Actual Min Total Time": 235.822, "Actual Max Total Time": 235.822, "Inner Unique": false, "Plans": [{"Node Type": "Nested Loop", "Parent Relationship": "Outer", "Join Type": "Inner", "Startup Cost": 0.0, "Total Cost": 29565.43, "Plan Rows": 294, "Plan Width": 4, "Actual Min Startup Time": 21.058, "Actual Max Startup Time": 21.058, "Actual Min Total Time": 199.008, "Actual Max Total Time": 199.008, "Inner Unique": false, "Plans": [{"Node Type": "Streaming(type: LOCAL GATHER dop: 1/16)", "Parent Relationship": "Outer", "Startup Cost": 0.0, "Total Cost": 22123.07, "Plan Rows": 173, "Plan Width": 4, "Actual Min Startup Time": 20.996, "Actual Max Startup Time": 20.996, "Actual Min Total Time": 69.146, "Actual Max Total Time": 69.146, "Plans": [{"Node Type": "Seq Scan", "Parent Relationship": "Outer", "Relation Name": "name", "Alias": "n", "Startup Cost": 0.0, "Total Cost": 22119.33, "Plan Rows": 173, "Plan Width": 4, "Actual Min Startup Time": 0.028, "Actual Max Startup Time": 0.846, "Actual Min Total Time": 102.03, "Actual Max Total Time": 106.093, "Filter": "(((name)::text ~~ '%Tim%'::text) AND ((gender)::text = 'm'::text))", "Rows Removed by Filter": 4158428, "Actual Rows": 9062}], "Actual Rows": 9062}, {"Node Type": "Index Scan", "Parent Relationship": "Inner", "Scan Direction": "Forward", "Index Name": "person_id_cast_info", "Relation Name": "cast_info", "Alias": "ci", "Startup Cost": 0.0, "Total Cost": 43.0, "Plan Rows": 2, "Plan Width": 8, "Actual Min Startup Time": 104.539, "Actual Max Startup Time": 104.539, "Actual Min Total Time": 123.691, "Actual Max Total Time": 123.691, "Index Cond": "(person_id = n.id)", "Rows Removed by Index Recheck": 0, "Filter": "((note)::text = ANY ('{(producer),\"(executive producer)\"}'::text[]))", "Rows Removed by Filter": 89309, "Actual Rows": 6719}], "Actual Rows": 6719}, {"Node Type": "Index Scan", "Parent Relationship": "Inner", "Scan Direction": "Forward", "Index Name": "movie_id_movie_info_idx", "Relation Name": "movie_info_idx", "Alias": "mi_idx", "Startup Cost": 0.0, "Total Cost": 0.31, "Plan Rows": 2, "Plan Width": 13, "Actual Min Startup Time": 27.075, "Actual Max Startup Time": 27.075, "Actual Min Total Time": 31.011, "Actual Max Total Time": 31.011, "Index Cond": "(movie_id = ci.movie_id)", "Rows Removed by Index Recheck": 0, "Actual Rows": 10310}], "Actual Rows": 10310}], "Actual Rows": 10311}], "Actual Rows": 3435}, {"Node Type": "Index Scan", "Parent Relationship": "Inner", "Scan Direction": "Forward", "Index Name": "movie_id_movie_info", "Relation Name": "movie_info", "Alias": "mi", "Startup Cost": 0.0, "Total Cost": 0.7, "Plan Rows": 5, "Plan Width": 50, "Actual Min Startup Time": 21.932, "Actual Max Startup Time": 21.932, "Actual Min Total Time": 87.857, "Actual Max Total Time": 87.857, "Index Cond": "(movie_id = ci.movie_id)", "Rows Removed by Index Recheck": 0, "Actual Rows": 82408}], "Actual Rows": 82408}], "Actual Rows": 410}, {"Node Type": "Index Scan", "Parent Relationship": "Inner", "Scan Direction": "Forward", "Index Name": "title_pkey", "Relation Name": "title", "Alias": "t", "Startup Cost": 0.0, "Total Cost": 0.28, "Plan Rows": 1, "Plan Width": 21, "Actual Min Startup Time": 3.282, "Actual Max Startup Time": 3.282, "Actual Min Total Time": 3.282, "Actual Max Total Time": 3.282, "Index Cond": "(id = mi.movie_id)", "Rows Removed by Index Recheck": 0, "Actual Rows": 410}], "Actual Rows": 410}], "Actual Rows": 1}, "Triggers": [], "Planner Runtime": 8.808, "Total Runtime": 383.147, "Unique SQL Id": 4264520866}}, "(16, '121')": {"explain_plan": {"Plan": {"Node Type": "Aggregate", "Strategy": "Plain", "Startup Cost": 161086.28, "Total Cost": 161086.29, "Plan Rows": 1, "Plan Width": 160, "Plans": [{"Node Type": "Nested Loop", "Parent Relationship": "Outer", "Join Type": "Inner", "Startup Cost": 0.0, "Total Cost": 161086.22, "Plan Rows": 8, "Plan Width": 64, "Inner Unique": true, "Plans": [{"Node Type": "Nested Loop", "Parent Relationship": "Outer", "Join Type": "Inner", "Startup Cost": 0.0, "Total Cost": 161083.6, "Plan Rows": 9, "Plan Width": 59, "Inner Unique": false, "Join Filter": "(mi.info_type_id = it1.id)", "Plans": [{"Node Type": "Index Scan", "Parent Relationship": "Outer", "Scan Direction": "Forward", "Index Name": "info_type_pkey", "Relation Name": "info_type", "Alias": "it1", "Startup Cost": 0.0, "Total Cost": 14.21, "Plan Rows": 1, "Plan Width": 4, "Filter": "((info)::text = 'budget'::text)"}, {"Node Type": "Nested Loop", "Parent Relationship": "Inner", "Join Type": "Inner", "Startup Cost": 0.0, "Total Cost": 161065.9, "Plan Rows": 279, "Plan Width": 63, "Inner Unique": false, "Join Filter": "(mi_idx.movie_id = mi.movie_id)", "Plans": [{"Node Type": "Nested Loop", "Parent Relationship": "Outer", "Join Type": "Inner", "Startup Cost": 0.0, "Total Cost": 161026.3, "Plan Rows": 52, "Plan Width": 13, "Inner Unique": false, "Join Filter": "(mi_idx.info_type_id = it2.id)", "Plans": [{"Node Type": "Index Scan", "Parent Relationship": "Outer", "Scan Direction": "Forward", "Index Name": "info_type_pkey", "Relation Name": "info_type", "Alias": "it2", "Startup Cost": 0.0, "Total Cost": 14.21, "Plan Rows": 1, "Plan Width": 4, "Filter": "((info)::text = 'votes'::text)"}, {"Node Type": "Materialize", "Parent Relationship": "Inner", "Startup Cost": 0.0, "Total Cost": 161008.63, "Plan Rows": 346, "Plan Width": 17, "Plans": [{"Node Type": "Nested Loop", "Parent Relationship": "Outer", "Join Type": "Inner", "Startup Cost": 0.0, "Total Cost": 161007.76, "Plan Rows": 346, "Plan Width": 17, "Inner Unique": false, "Plans": [{"Node Type": "Nested Loop", "Parent Relationship": "Outer", "Join Type": "Inner", "Startup Cost": 0.0, "Total Cost": 160910.97, "Plan Rows": 294, "Plan Width": 4, "Inner Unique": false, "Plans": [{"Node Type": "Streaming(type: LOCAL GATHER dop: 1/16)", "Parent Relationship": "Outer", "Startup Cost": 0.0, "Total Cost": 153468.6, "Plan Rows": 173, "Plan Width": 4, "Plans": [{"Node Type": "Index Scan", "Parent Relationship": "Outer", "Scan Direction": "Forward", "Index Name": "name_pkey", "Relation Name": "name", "Alias": "n", "Startup Cost": 0.0, "Total Cost": 153464.87, "Plan Rows": 173, "Plan Width": 4, "Filter": "(((name)::text ~~ '%Tim%'::text) AND ((gender)::text = 'm'::text))"}]}, {"Node Type": "Index Scan", "Parent Relationship": "Inner", "Scan Direction": "Forward", "Index Name": "person_id_cast_info", "Relation Name": "cast_info", "Alias": "ci", "Startup Cost": 0.0, "Total Cost": 43.0, "Plan Rows": 2, "Plan Width": 8, "Index Cond": "(person_id = n.id)", "Filter": "((note)::text = ANY ('{(producer),\"(executive producer)\"}'::text[]))"}]}, {"Node Type": "Index Scan", "Parent Relationship": "Inner", "Scan Direction": "Forward", "Index Name": "movie_id_movie_info_idx", "Relation Name": "movie_info_idx", "Alias": "mi_idx", "Startup Cost": 0.0, "Total Cost": 0.31, "Plan Rows": 2, "Plan Width": 13, "Index Cond": "(movie_id = ci.movie_id)"}]}]}]}, {"Node Type": "Index Scan", "Parent Relationship": "Inner", "Scan Direction": "Forward", "Index Name": "movie_id_movie_info", "Relation Name": "movie_info", "Alias": "mi", "Startup Cost": 0.0, "Total Cost": 0.7, "Plan Rows": 5, "Plan Width": 50, "Index Cond": "(movie_id = ci.movie_id)"}]}]}, {"Node Type": "Index Scan", "Parent Relationship": "Inner", "Scan Direction": "Forward", "Index Name": "title_pkey", "Relation Name": "title", "Alias": "t", "Startup Cost": 0.0, "Total Cost": 0.28, "Plan Rows": 1, "Plan Width": 21, "Index Cond": "(id = mi.movie_id)"}]}]}, "Unique SQL Id": 4264520866, "Planner Runtime": 7}, "explain_analyze_plan": {"Plan": {"Node Type": "Aggregate", "Strategy": "Plain", "Startup Cost": 161086.28, "Total Cost": 161086.29, "Plan Rows": 1, "Plan Width": 160, "Actual Min Startup Time": 480.471, "Actual Max Startup Time": 480.471, "Actual Min Total Time": 480.471, "Actual Max Total Time": 480.471, "Plans": [{"Node Type": "Nested Loop", "Parent Relationship": "Outer", "Join Type": "Inner", "Startup Cost": 0.0, "Total Cost": 161086.22, "Plan Rows": 8, "Plan Width": 64, "Actual Min Startup Time": 339.278, "Actual Max Startup Time": 339.278, "Actual Min Total Time": 479.984, "Actual Max Total Time": 479.984, "Inner Unique": true, "Plans": [{"Node Type": "Nested Loop", "Parent Relationship": "Outer", "Join Type": "Inner", "Startup Cost": 0.0, "Total Cost": 161083.6, "Plan Rows": 9, "Plan Width": 59, "Actual Min Startup Time": 339.26, "Actual Max Startup Time": 339.26, "Actual Min Total Time": 476.32, "Actual Max Total Time": 476.32, "Inner Unique": false, "Join Filter": "(mi.info_type_id = it1.id)", "Rows Removed by Join Filter": 81998, "Plans": [{"Node Type": "Index Scan", "Parent Relationship": "Outer", "Scan Direction": "Forward", "Index Name": "info_type_pkey", "Relation Name": "info_type", "Alias": "it1", "Startup Cost": 0.0, "Total Cost": 14.21, "Plan Rows": 1, "Plan Width": 4, "Actual Min Startup Time": 0.089, "Actual Max Startup Time": 0.089, "Actual Min Total Time": 0.095, "Actual Max Total Time": 0.095, "Filter": "((info)::text = 'budget'::text)", "Rows Removed by Filter": 111, "Actual Rows": 1}, {"Node Type": "Nested Loop", "Parent Relationship": "Inner", "Join Type": "Inner", "Startup Cost": 0.0, "Total Cost": 161065.9, "Plan Rows": 279, "Plan Width": 63, "Actual Min Startup Time": 339.147, "Actual Max Startup Time": 339.147, "Actual Min Total Time": 460.325, "Actual Max Total Time": 460.325, "Inner Unique": false, "Join Filter": "(mi_idx.movie_id = mi.movie_id)", "Rows Removed by Join Filter": 0, "Plans": [{"Node Type": "Nested Loop", "Parent Relationship": "Outer", "Join Type": "Inner", "Startup Cost": 0.0, "Total Cost": 161026.3, "Plan Rows": 52, "Plan Width": 13, "Actual Min Startup Time": 339.123, "Actual Max Startup Time": 339.123, "Actual Min Total Time": 343.21, "Actual Max Total Time": 343.21, "Inner Unique": false, "Join Filter": "(mi_idx.info_type_id = it2.id)", "Rows Removed by Join Filter": 6875, "Plans": [{"Node Type": "Index Scan", "Parent Relationship": "Outer", "Scan Direction": "Forward", "Index Name": "info_type_pkey", "Relation Name": "info_type", "Alias": "it2", "Startup Cost": 0.0, "Total Cost": 14.21, "Plan Rows": 1, "Plan Width": 4, "Actual Min Startup Time": 0.072, "Actual Max Startup Time": 0.072, "Actual Min Total Time": 0.083, "Actual Max Total Time": 0.083, "Filter": "((info)::text = 'votes'::text)", "Rows Removed by Filter": 111, "Actual Rows": 1}, {"Node Type": "Materialize", "Parent Relationship": "Inner", "Startup Cost": 0.0, "Total Cost": 161008.63, "Plan Rows": 346, "Plan Width": 17, "Actual Min Startup Time": 339.037, "Actual Max Startup Time": 339.037, "Actual Min Total Time": 340.214, "Actual Max Total Time": 340.214, "Plans": [{"Node Type": "Nested Loop", "Parent Relationship": "Outer", "Join Type": "Inner", "Startup Cost": 0.0, "Total Cost": 161007.76, "Plan Rows": 346, "Plan Width": 17, "Actual Min Startup Time": 72.66, "Actual Max Startup Time": 72.66, "Actual Min Total Time": 335.949, "Actual Max Total Time": 335.949, "Inner Unique": false, "Plans": [{"Node Type": "Nested Loop", "Parent Relationship": "Outer", "Join Type": "Inner", "Startup Cost": 0.0, "Total Cost": 160910.97, "Plan Rows": 294, "Plan Width": 4, "Actual Min Startup Time": 72.633, "Actual Max Startup Time": 72.633, "Actual Min Total Time": 298.788, "Actual Max Total Time": 298.788, "Inner Unique": false, "Plans": [{"Node Type": "Streaming(type: LOCAL GATHER dop: 1/16)", "Parent Relationship": "Outer", "Startup Cost": 0.0, "Total Cost": 153468.6, "Plan Rows": 173, "Plan Width": 4, "Actual Min Startup Time": 72.488, "Actual Max Startup Time": 72.488, "Actual Min Total Time": 169.446, "Actual Max Total Time": 169.446, "Plans": [{"Node Type": "Index Scan", "Parent Relationship": "Outer", "Scan Direction": "Forward", "Index Name": "name_pkey", "Relation Name": "name", "Alias": "n", "Startup Cost": 0.0, "Total Cost": 153464.87, "Plan Rows": 173, "Plan Width": 4, "Actual Min Startup Time": 40.705, "Actual Max Startup Time": 299.35, "Actual Min Total Time": 270.732, "Actual Max Total Time": 307.55, "Filter": "(((name)::text ~~ '%Tim%'::text) AND ((gender)::text = 'm'::text))", "Rows Removed by Filter": 4158428, "Actual Rows": 9062}], "Actual Rows": 9062}, {"Node Type": "Index Scan", "Parent Relationship": "Inner", "Scan Direction": "Forward", "Index Name": "person_id_cast_info", "Relation Name": "cast_info", "Alias": "ci", "Startup Cost": 0.0, "Total Cost": 43.0, "Plan Rows": 2, "Plan Width": 8, "Actual Min Startup Time": 104.072, "Actual Max Startup Time": 104.072, "Actual Min Total Time": 123.227, "Actual Max Total Time": 123.227, "Index Cond": "(person_id = n.id)", "Rows Removed by Index Recheck": 0, "Filter": "((note)::text = ANY ('{(producer),\"(executive producer)\"}'::text[]))", "Rows Removed by Filter": 89309, "Actual Rows": 6719}], "Actual Rows": 6719}, {"Node Type": "Index Scan", "Parent Relationship": "Inner", "Scan Direction": "Forward", "Index Name": "movie_id_movie_info_idx", "Relation Name": "movie_info_idx", "Alias": "mi_idx", "Startup Cost": 0.0, "Total Cost": 0.31, "Plan Rows": 2, "Plan Width": 13, "Actual Min Startup Time": 27.532, "Actual Max Startup Time": 27.532, "Actual Min Total Time": 31.538, "Actual Max Total Time": 31.538, "Index Cond": "(movie_id = ci.movie_id)", "Rows Removed by Index Recheck": 0, "Actual Rows": 10310}], "Actual Rows": 10310}], "Actual Rows": 10311}], "Actual Rows": 3435}, {"Node Type": "Index Scan", "Parent Relationship": "Inner", "Scan Direction": "Forward", "Index Name": "movie_id_movie_info", "Relation Name": "movie_info", "Alias": "mi", "Startup Cost": 0.0, "Total Cost": 0.7, "Plan Rows": 5, "Plan Width": 50, "Actual Min Startup Time": 21.858, "Actual Max Startup Time": 21.858, "Actual Min Total Time": 87.885, "Actual Max Total Time": 87.885, "Index Cond": "(movie_id = ci.movie_id)", "Rows Removed by Index Recheck": 0, "Actual Rows": 82408}], "Actual Rows": 82408}], "Actual Rows": 410}, {"Node Type": "Index Scan", "Parent Relationship": "Inner", "Scan Direction": "Forward", "Index Name": "title_pkey", "Relation Name": "title", "Alias": "t", "Startup Cost": 0.0, "Total Cost": 0.28, "Plan Rows": 1, "Plan Width": 21, "Actual Min Startup Time": 3.295, "Actual Max Startup Time": 3.295, "Actual Min Total Time": 3.295, "Actual Max Total Time": 3.295, "Index Cond": "(id = mi.movie_id)", "Rows Removed by Index Recheck": 0, "Actual Rows": 410}], "Actual Rows": 410}], "Actual Rows": 1}, "Triggers": [], "Planner Runtime": 8.185, "Total Runtime": 483.071, "Unique SQL Id": 4264520866}}, "(16, '122')": {"explain_plan": {"Plan": {"Node Type": "Aggregate", "Strategy": "Plain", "Startup Cost": 346150.4, "Total Cost": 346150.43, "Plan Rows": 1, "Plan Width": 160, "Plans": [{"Node Type": "Streaming(type: LOCAL GATHER dop: 1/16)", "Parent Relationship": "Outer", "Startup Cost": 346150.4, "Total Cost": 346150.43, "Plan Rows": 1, "Plan Width": 160, "Plans": [{"Node Type": "Aggregate", "Strategy": "Plain", "Parent Relationship": "Outer", "Startup Cost": 346150.4, "Total Cost": 346150.41, "Plan Rows": 1, "Plan Width": 160, "Plans": [{"Node Type": "Nested Loop", "Parent Relationship": "Outer", "Join Type": "Inner", "Startup Cost": 0.0, "Total Cost": 346150.34, "Plan Rows": 8, "Plan Width": 64, "Inner Unique": false, "Join Filter": "(mi.movie_id = t.id)", "Plans": [{"Node Type": "Seq Scan", "Parent Relationship": "Outer", "Relation Name": "title", "Alias": "t", "Startup Cost": 0.0, "Total Cost": 18754.32, "Plan Rows": 2528311, "Plan Width": 21}, {"Node Type": "Materialize", "Parent Relationship": "Inner", "Startup Cost": 0.0, "Total Cost": 306063.41, "Plan Rows": 144, "Plan Width": 59, "Plans": [{"Node Type": "Streaming(type: BROADCAST dop: 16/1)", "Parent Relationship": "Outer", "Startup Cost": 0.0, "Total Cost": 306063.37, "Plan Rows": 144, "Plan Width": 59, "Plans": [{"Node Type": "Nested Loop", "Parent Relationship": "Outer", "Join Type": "Inner", "Startup Cost": 0.0, "Total Cost": 291060.26, "Plan Rows": 9, "Plan Width": 59, "Inner Unique": false, "Join Filter": "(mi_idx.info_type_id = it2.id)", "Plans": [{"Node Type": "Seq Scan", "Parent Relationship": "Outer", "Relation Name": "info_type", "Alias": "it2", "Startup Cost": 0.0, "Total Cost": 2.4, "Plan Rows": 1, "Plan Width": 4, "Filter": "((info)::text = 'votes'::text)"}, {"Node Type": "Materialize", "Parent Relationship": "Inner", "Startup Cost": 0.0, "Total Cost": 291057.52, "Plan Rows": 34, "Plan Width": 63, "Plans": [{"Node Type": "Streaming(type: LOCAL GATHER dop: 1/16)", "Parent Relationship": "Outer", "Startup Cost": 0.0, "Total Cost": 291057.44, "Plan Rows": 34, "Plan Width": 63, "Plans": [{"Node Type": "Nested Loop", "Parent Relationship": "Outer", "Join Type": "Inner", "Startup Cost": 0.0, "Total Cost": 291056.7, "Plan Rows": 34, "Plan Width": 63, "Inner Unique": false, "Join Filter": "(mi.movie_id = mi_idx.movie_id)", "Plans": [{"Node Type": "Streaming(type: LOCAL REDISTRIBUTE dop: 16/16)", "Parent Relationship": "Outer", "Startup Cost": 0.0, "Total Cost": 36496.18, "Plan Rows": 1380034, "Plan Width": 13, "Plans": [{"Node Type": "Seq Scan", "Parent Relationship": "Outer", "Relation Name": "movie_info_idx", "Alias": "mi_idx", "Startup Cost": 0.0, "Total Cost": 16267.15, "Plan Rows": 1380034, "Plan Width": 13}]}, {"Node Type": "Materialize", "Parent Relationship": "Inner", "Startup Cost": 0.0, "Total Cost": 252781.58, "Plan Rows": 22, "Plan Width": 50, "Plans": [{"Node Type": "Streaming(type: LOCAL REDISTRIBUTE dop: 16/16)", "Parent Relationship": "Outer", "Startup Cost": 0.0, "Total Cost": 252781.57, "Plan Rows": 22, "Plan Width": 50, "Plans": [{"Node Type": "Nested Loop", "Parent Relationship": "Outer", "Join Type": "Inner", "Startup Cost": 0.0, "Total Cost": 237781.48, "Plan Rows": 22, "Plan Width": 50, "Inner Unique": false, "Join Filter": "(ci.movie_id = mi.movie_id)", "Plans": [{"Node Type": "Streaming(type: LOCAL REDISTRIBUTE dop: 16/16)", "Parent Relationship": "Outer", "Startup Cost": 0.0, "Total Cost": 75986.54, "Plan Rows": 212428, "Plan Width": 46, "Plans": [{"Node Type": "Nested Loop", "Parent Relationship": "Outer", "Join Type": "Inner", "Startup Cost": 0.0, "Total Cost": 60181.64, "Plan Rows": 212428, "Plan Width": 46, "Inner Unique": false, "Join Filter": "(it1.id = mi.info_type_id), (LLVM Optimized)", "Plans": [{"Node Type": "Streaming(type: BROADCAST dop: 16/1)", "Parent Relationship": "Outer", "Startup Cost": 0.0, "Total Cost": 15002.75, "Plan Rows": 16, "Plan Width": 4, "Plans": [{"Node Type": "Seq Scan", "Parent Relationship": "Outer", "Relation Name": "info_type", "Alias": "it1", "Startup Cost": 0.0, "Total Cost": 2.4, "Plan Rows": 1, "Plan Width": 4, "Filter": "((info)::text = 'budget'::text)"}]}, {"Node Type": "Seq Scan", "Parent Relationship": "Inner", "Relation Name": "movie_info", "Alias": "mi", "Startup Cost": 0.0, "Total Cost": 33561.73, "Plan Rows": 14869966, "Plan Width": 50}]}]}, {"Node Type": "Materialize", "Parent Relationship": "Inner", "Startup Cost": 0.0, "Total Cost": 158135.59, "Plan Rows": 294, "Plan Width": 4, "Plans": [{"Node Type": "Streaming(type: LOCAL REDISTRIBUTE dop: 16/16)", "Parent Relationship": "Outer", "Startup Cost": 0.0, "Total Cost": 158135.5, "Plan Rows": 294, "Plan Width": 4, "Plans": [{"Node Type": "Nested Loop", "Parent Relationship": "Outer", "Join Type": "Inner", "Startup Cost": 0.0, "Total Cost": 143134.38, "Plan Rows": 294, "Plan Width": 4, "Inner Unique": true, "Join Filter": "(ci.person_id = n.id)", "Plans": [{"Node Type": "Streaming(type: LOCAL REDISTRIBUTE dop: 16/16)", "Parent Relationship": "Outer", "Startup Cost": 0.0, "Total Cost": 82188.81, "Plan Rows": 2350421, "Plan Width": 8, "Plans": [{"Node Type": "Seq Scan", "Parent Relationship": "Outer", "Relation Name": "cast_info", "Alias": "ci", "Startup Cost": 0.0, "Total Cost": 58282.92, "Plan Rows": 2350421, "Plan Width": 8, "Filter": "((note)::text = ANY ('{(producer),\"(executive producer)\"}'::text[]))"}]}, {"Node Type": "Materialize", "Parent Relationship": "Inner", "Startup Cost": 0.0, "Total Cost": 37120.04, "Plan Rows": 173, "Plan Width": 4, "Plans": [{"Node Type": "Streaming(type: LOCAL REDISTRIBUTE dop: 16/16)", "Parent Relationship": "Outer", "Startup Cost": 0.0, "Total Cost": 37119.99, "Plan Rows": 173, "Plan Width": 4, "Plans": [{"Node Type": "Seq Scan", "Parent Relationship": "Outer", "Relation Name": "name", "Alias": "n", "Startup Cost": 0.0, "Total Cost": 22119.33, "Plan Rows": 173, "Plan Width": 4, "Filter": "(((name)::text ~~ '%Tim%'::text) AND ((gender)::text = 'm'::text))"}]}]}]}]}]}]}]}]}]}]}]}]}]}]}]}]}]}]}, "Unique SQL Id": 4264520866, "Planner Runtime": 12}, "explain_analyze_plan": null}, "(16, '123')": {"explain_plan": {"Plan": {"Node Type": "Aggregate", "Strategy": "Plain", "Startup Cost": 7000361921196.91, "Total Cost": 7000361921196.92, "Plan Rows": 1, "Plan Width": 160, "Plans": [{"Node Type": "Nested Loop", "Parent Relationship": "Outer", "Join Type": "Inner", "Startup Cost": 70000000000.0, "Total Cost": 7000361921196.85, "Plan Rows": 8, "Plan Width": 64, "Inner Unique": false, "Join Filter": "(mi.movie_id = t.id)", "Plans": [{"Node Type": "Index Scan", "Parent Relationship": "Outer", "Scan Direction": "Forward", "Index Name": "title_pkey", "Relation Name": "title", "Alias": "t", "Startup Cost": 10000000000.0, "Total Cost": 1000011012048.91, "Plan Rows": 2528311, "Plan Width": 21}, {"Node Type": "Materialize", "Parent Relationship": "Inner", "Startup Cost": 60000000000.0, "Total Cost": 6000350567825.98, "Plan Rows": 9, "Plan Width": 59, "Plans": [{"Node Type": "Nested Loop", "Parent Relationship": "Outer", "Join Type": "Inner", "Startup Cost": 60000000000.0, "Total Cost": 6000350567825.93, "Plan Rows": 9, "Plan Width": 59, "Inner Unique": false, "Join Filter": "(mi_idx.movie_id = mi.movie_id)", "Plans": [{"Node Type": "Nested Loop", "Parent Relationship": "Outer", "Join Type": "Inner", "Startup Cost": 20000000000.0, "Total Cost": 2000004672156.88, "Plan Rows": 345008, "Plan Width": 9, "Inner Unique": true, "Join Filter": "(it2.id = mi_idx.info_type_id), (LLVM Optimized)", "Plans": [{"Node Type": "Index Scan", "Parent Relationship": "Outer", "Scan Direction": "Forward", "Index Name": "movie_id_movie_info_idx", "Relation Name": "movie_info_idx", "Alias": "mi_idx", "Startup Cost": 10000000000.0, "Total Cost": 1000004650035.37, "Plan Rows": 1380034, "Plan Width": 13}, {"Node Type": "Materialize", "Parent Relationship": "Inner", "Startup Cost": 10000000000.0, "Total Cost": 1000000001421.0, "Plan Rows": 1, "Plan Width": 4, "Plans": [{"Node Type": "Index Scan", "Parent Relationship": "Outer", "Scan Direction": "Forward", "Index Name": "info_type_pkey", "Relation Name": "info_type", "Alias": "it2", "Startup Cost": 10000000000.0, "Total Cost": 1000000001421.0, "Plan Rows": 1, "Plan Width": 4, "Filter": "((info)::text = 'votes'::text)"}]}]}, {"Node Type": "Materialize", "Parent Relationship": "Inner", "Startup Cost": 40000000000.0, "Total Cost": 4000345781816.47, "Plan Rows": 22, "Plan Width": 50, "Plans": [{"Node Type": "Nested Loop", "Parent Relationship": "Outer", "Join Type": "Inner", "Startup Cost": 40000000000.0, "Total Cost": 4000345781816.36, "Plan Rows": 22, "Plan Width": 50, "Inner Unique": false, "Join Filter": "(ci.movie_id = mi.movie_id)", "Plans": [{"Node Type": "Nested Loop", "Parent Relationship": "Outer", "Join Type": "Inner", "Startup Cost": 20000000000.0, "Total Cost": 2000104041382.71, "Plan Rows": 212428, "Plan Width": 46, "Inner Unique": true, "Join Filter": "(it1.id = mi.info_type_id), (LLVM Optimized)", "Plans": [{"Node Type": "Index Scan", "Parent Relationship": "Outer", "Scan Direction": "Forward", "Index Name": "movie_id_movie_info", "Relation Name": "movie_info", "Alias": "mi", "Startup Cost": 10000000000.0, "Total Cost": 1000103816912.22, "Plan Rows": 14869966, "Plan Width": 50}, {"Node Type": "Materialize", "Parent Relationship": "Inner", "Startup Cost": 10000000000.0, "Total Cost": 1000000001421.0, "Plan Rows": 1, "Plan Width": 4, "Plans": [{"Node Type": "Index Scan", "Parent Relationship": "Outer", "Scan Direction": "Forward", "Index Name": "info_type_pkey", "Relation Name": "info_type", "Alias": "it1", "Startup Cost": 10000000000.0, "Total Cost": 1000000001421.0, "Plan Rows": 1, "Plan Width": 4, "Filter": "((info)::text = 'budget'::text)"}]}]}, {"Node Type": "Materialize", "Parent Relationship": "Inner", "Startup Cost": 20000000000.0, "Total Cost": 2000240803626.91, "Plan Rows": 294, "Plan Width": 4, "Plans": [{"Node Type": "Nested Loop", "Parent Relationship": "Outer", "Join Type": "Inner", "Startup Cost": 20000000000.0, "Total Cost": 2000240803625.44, "Plan Rows": 294, "Plan Width": 4, "Inner Unique": true, "Join Filter": "(ci.person_id = n.id)", "Plans": [{"Node Type": "Index Scan", "Parent Relationship": "Outer", "Scan Direction": "Forward", "Index Name": "movie_id_cast_info", "Relation Name": "cast_info", "Alias": "ci", "Startup Cost": 10000000000.0, "Total Cost": 1000214997262.8, "Plan Rows": 2350421, "Plan Width": 8, "Filter": "((note)::text = ANY ('{(producer),\"(executive producer)\"}'::text[]))"}, {"Node Type": "Materialize", "Parent Relationship": "Inner", "Startup Cost": 10000000000.0, "Total Cost": 1000019707020.57, "Plan Rows": 173, "Plan Width": 4, "Plans": [{"Node Type": "Index Scan", "Parent Relationship": "Outer", "Scan Direction": "Forward", "Index Name": "name_pkey", "Relation Name": "name", "Alias": "n", "Startup Cost": 10000000000.0, "Total Cost": 1000019707019.7, "Plan Rows": 173, "Plan Width": 4, "Filter": "(((name)::text ~~ '%Tim%'::text) AND ((gender)::text = 'm'::text))"}]}]}]}]}]}]}]}]}]}, "Unique SQL Id": 4264520866, "Planner Runtime": 6}, "explain_analyze_plan": null}, "(16, '124')": {"explain_plan": {"Plan": {"Node Type": "Aggregate", "Strategy": "Plain", "Startup Cost": 29717.13, "Total Cost": 29717.14, "Plan Rows": 1, "Plan Width": 160, "Plans": [{"Node Type": "Nested Loop", "Parent Relationship": "Outer", "Join Type": "Inner", "Startup Cost": 0.0, "Total Cost": 29717.07, "Plan Rows": 8, "Plan Width": 64, "Inner Unique": true, "Plans": [{"Node Type": "Nested Loop", "Parent Relationship": "Outer", "Join Type": "Inner", "Startup Cost": 0.0, "Total Cost": 29714.44, "Plan Rows": 9, "Plan Width": 59, "Inner Unique": false, "Join Filter": "(mi.info_type_id = it1.id)", "Plans": [{"Node Type": "Seq Scan", "Parent Relationship": "Outer", "Relation Name": "info_type", "Alias": "it1", "Startup Cost": 0.0, "Total Cost": 2.4, "Plan Rows": 1, "Plan Width": 4, "Filter": "((info)::text = 'budget'::text)"}, {"Node Type": "Nested Loop", "Parent Relationship": "Inner", "Join Type": "Inner", "Startup Cost": 0.0, "Total Cost": 29708.55, "Plan Rows": 279, "Plan Width": 63, "Inner Unique": false, "Join Filter": "(mi_idx.movie_id = mi.movie_id)", "Plans": [{"Node Type": "Nested Loop", "Parent Relationship": "Outer", "Join Type": "Inner", "Startup Cost": 0.0, "Total Cost": 29668.95, "Plan Rows": 52, "Plan Width": 13, "Inner Unique": false, "Join Filter": "(mi_idx.info_type_id = it2.id)", "Plans": [{"Node Type": "Seq Scan", "Parent Relationship": "Outer", "Relation Name": "info_type", "Alias": "it2", "Startup Cost": 0.0, "Total Cost": 2.4, "Plan Rows": 1, "Plan Width": 4, "Filter": "((info)::text = 'votes'::text)"}, {"Node Type": "Materialize", "Parent Relationship": "Inner", "Startup Cost": 0.0, "Total Cost": 29663.09, "Plan Rows": 346, "Plan Width": 17, "Plans": [{"Node Type": "Nested Loop", "Parent Relationship": "Outer", "Join Type": "Inner", "Startup Cost": 0.0, "Total Cost": 29662.23, "Plan Rows": 346, "Plan Width": 17, "Inner Unique": false, "Plans": [{"Node Type": "Nested Loop", "Parent Relationship": "Outer", "Join Type": "Inner", "Startup Cost": 0.0, "Total Cost": 29565.43, "Plan Rows": 294, "Plan Width": 4, "Inner Unique": false, "Plans": [{"Node Type": "Streaming(type: LOCAL GATHER dop: 1/16)", "Parent Relationship": "Outer", "Startup Cost": 0.0, "Total Cost": 22123.07, "Plan Rows": 173, "Plan Width": 4, "Plans": [{"Node Type": "Seq Scan", "Parent Relationship": "Outer", "Relation Name": "name", "Alias": "n", "Startup Cost": 0.0, "Total Cost": 22119.33, "Plan Rows": 173, "Plan Width": 4, "Filter": "(((name)::text ~~ '%Tim%'::text) AND ((gender)::text = 'm'::text))"}]}, {"Node Type": "Index Scan", "Parent Relationship": "Inner", "Scan Direction": "Forward", "Index Name": "person_id_cast_info", "Relation Name": "cast_info", "Alias": "ci", "Startup Cost": 0.0, "Total Cost": 43.0, "Plan Rows": 2, "Plan Width": 8, "Index Cond": "(person_id = n.id)", "Filter": "((note)::text = ANY ('{(producer),\"(executive producer)\"}'::text[]))"}]}, {"Node Type": "Index Scan", "Parent Relationship": "Inner", "Scan Direction": "Forward", "Index Name": "movie_id_movie_info_idx", "Relation Name": "movie_info_idx", "Alias": "mi_idx", "Startup Cost": 0.0, "Total Cost": 0.31, "Plan Rows": 2, "Plan Width": 13, "Index Cond": "(movie_id = ci.movie_id)"}]}]}]}, {"Node Type": "Index Scan", "Parent Relationship": "Inner", "Scan Direction": "Forward", "Index Name": "movie_id_movie_info", "Relation Name": "movie_info", "Alias": "mi", "Startup Cost": 0.0, "Total Cost": 0.7, "Plan Rows": 5, "Plan Width": 50, "Index Cond": "(movie_id = ci.movie_id)"}]}]}, {"Node Type": "Index Scan", "Parent Relationship": "Inner", "Scan Direction": "Forward", "Index Name": "title_pkey", "Relation Name": "title", "Alias": "t", "Startup Cost": 0.0, "Total Cost": 0.28, "Plan Rows": 1, "Plan Width": 21, "Index Cond": "(id = mi.movie_id)"}]}]}, "Unique SQL Id": 4264520866, "Planner Runtime": 8}, "explain_analyze_plan": {"Plan": {"Node Type": "Aggregate", "Strategy": "Plain", "Startup Cost": 29717.13, "Total Cost": 29717.14, "Plan Rows": 1, "Plan Width": 160, "Actual Min Startup Time": 380.581, "Actual Max Startup Time": 380.581, "Actual Min Total Time": 380.581, "Actual Max Total Time": 380.581, "Plans": [{"Node Type": "Nested Loop", "Parent Relationship": "Outer", "Join Type": "Inner", "Startup Cost": 0.0, "Total Cost": 29717.07, "Plan Rows": 8, "Plan Width": 64, "Actual Min Startup Time": 239.3, "Actual Max Startup Time": 239.3, "Actual Min Total Time": 380.104, "Actual Max Total Time": 380.104, "Inner Unique": true, "Plans": [{"Node Type": "Nested Loop", "Parent Relationship": "Outer", "Join Type": "Inner", "Startup Cost": 0.0, "Total Cost": 29714.44, "Plan Rows": 9, "Plan Width": 59, "Actual Min Startup Time": 239.285, "Actual Max Startup Time": 239.285, "Actual Min Total Time": 376.468, "Actual Max Total Time": 376.468, "Inner Unique": false, "Join Filter": "(mi.info_type_id = it1.id)", "Rows Removed by Join Filter": 81998, "Plans": [{"Node Type": "Seq Scan", "Parent Relationship": "Outer", "Relation Name": "info_type", "Alias": "it1", "Startup Cost": 0.0, "Total Cost": 2.4, "Plan Rows": 1, "Plan Width": 4, "Actual Min Startup Time": 0.071, "Actual Max Startup Time": 0.071, "Actual Min Total Time": 0.081, "Actual Max Total Time": 0.081, "Filter": "((info)::text = 'budget'::text)", "Rows Removed by Filter": 111, "Actual Rows": 1}, {"Node Type": "Nested Loop", "Parent Relationship": "Inner", "Join Type": "Inner", "Startup Cost": 0.0, "Total Cost": 29708.55, "Plan Rows": 279, "Plan Width": 63, "Actual Min Startup Time": 239.058, "Actual Max Startup Time": 239.058, "Actual Min Total Time": 360.557, "Actual Max Total Time": 360.557, "Inner Unique": false, "Join Filter": "(mi_idx.movie_id = mi.movie_id)", "Rows Removed by Join Filter": 0, "Plans": [{"Node Type": "Nested Loop", "Parent Relationship": "Outer", "Join Type": "Inner", "Startup Cost": 0.0, "Total Cost": 29668.95, "Plan Rows": 52, "Plan Width": 13, "Actual Min Startup Time": 239.037, "Actual Max Startup Time": 239.037, "Actual Min Total Time": 243.136, "Actual Max Total Time": 243.136, "Inner Unique": false, "Join Filter": "(mi_idx.info_type_id = it2.id)", "Rows Removed by Join Filter": 6875, "Plans": [{"Node Type": "Seq Scan", "Parent Relationship": "Outer", "Relation Name": "info_type", "Alias": "it2", "Startup Cost": 0.0, "Total Cost": 2.4, "Plan Rows": 1, "Plan Width": 4, "Actual Min Startup Time": 0.058, "Actual Max Startup Time": 0.058, "Actual Min Total Time": 0.071, "Actual Max Total Time": 0.071, "Filter": "((info)::text = 'votes'::text)", "Rows Removed by Filter": 111, "Actual Rows": 1}, {"Node Type": "Materialize", "Parent Relationship": "Inner", "Startup Cost": 0.0, "Total Cost": 29663.09, "Plan Rows": 346, "Plan Width": 17, "Actual Min Startup Time": 238.967, "Actual Max Startup Time": 238.967, "Actual Min Total Time": 240.186, "Actual Max Total Time": 240.186, "Plans": [{"Node Type": "Nested Loop", "Parent Relationship": "Outer", "Join Type": "Inner", "Startup Cost": 0.0, "Total Cost": 29662.23, "Plan Rows": 346, "Plan Width": 17, "Actual Min Startup Time": 21.265, "Actual Max Startup Time": 21.265, "Actual Min Total Time": 235.822, "Actual Max Total Time": 235.822, "Inner Unique": false, "Plans": [{"Node Type": "Nested Loop", "Parent Relationship": "Outer", "Join Type": "Inner", "Startup Cost": 0.0, "Total Cost": 29565.43, "Plan Rows": 294, "Plan Width": 4, "Actual Min Startup Time": 21.058, "Actual Max Startup Time": 21.058, "Actual Min Total Time": 199.008, "Actual Max Total Time": 199.008, "Inner Unique": false, "Plans": [{"Node Type": "Streaming(type: LOCAL GATHER dop: 1/16)", "Parent Relationship": "Outer", "Startup Cost": 0.0, "Total Cost": 22123.07, "Plan Rows": 173, "Plan Width": 4, "Actual Min Startup Time": 20.996, "Actual Max Startup Time": 20.996, "Actual Min Total Time": 69.146, "Actual Max Total Time": 69.146, "Plans": [{"Node Type": "Seq Scan", "Parent Relationship": "Outer", "Relation Name": "name", "Alias": "n", "Startup Cost": 0.0, "Total Cost": 22119.33, "Plan Rows": 173, "Plan Width": 4, "Actual Min Startup Time": 0.028, "Actual Max Startup Time": 0.846, "Actual Min Total Time": 102.03, "Actual Max Total Time": 106.093, "Filter": "(((name)::text ~~ '%Tim%'::text) AND ((gender)::text = 'm'::text))", "Rows Removed by Filter": 4158428, "Actual Rows": 9062}], "Actual Rows": 9062}, {"Node Type": "Index Scan", "Parent Relationship": "Inner", "Scan Direction": "Forward", "Index Name": "person_id_cast_info", "Relation Name": "cast_info", "Alias": "ci", "Startup Cost": 0.0, "Total Cost": 43.0, "Plan Rows": 2, "Plan Width": 8, "Actual Min Startup Time": 104.539, "Actual Max Startup Time": 104.539, "Actual Min Total Time": 123.691, "Actual Max Total Time": 123.691, "Index Cond": "(person_id = n.id)", "Rows Removed by Index Recheck": 0, "Filter": "((note)::text = ANY ('{(producer),\"(executive producer)\"}'::text[]))", "Rows Removed by Filter": 89309, "Actual Rows": 6719}], "Actual Rows": 6719}, {"Node Type": "Index Scan", "Parent Relationship": "Inner", "Scan Direction": "Forward", "Index Name": "movie_id_movie_info_idx", "Relation Name": "movie_info_idx", "Alias": "mi_idx", "Startup Cost": 0.0, "Total Cost": 0.31, "Plan Rows": 2, "Plan Width": 13, "Actual Min Startup Time": 27.075, "Actual Max Startup Time": 27.075, "Actual Min Total Time": 31.011, "Actual Max Total Time": 31.011, "Index Cond": "(movie_id = ci.movie_id)", "Rows Removed by Index Recheck": 0, "Actual Rows": 10310}], "Actual Rows": 10310}], "Actual Rows": 10311}], "Actual Rows": 3435}, {"Node Type": "Index Scan", "Parent Relationship": "Inner", "Scan Direction": "Forward", "Index Name": "movie_id_movie_info", "Relation Name": "movie_info", "Alias": "mi", "Startup Cost": 0.0, "Total Cost": 0.7, "Plan Rows": 5, "Plan Width": 50, "Actual Min Startup Time": 21.932, "Actual Max Startup Time": 21.932, "Actual Min Total Time": 87.857, "Actual Max Total Time": 87.857, "Index Cond": "(movie_id = ci.movie_id)", "Rows Removed by Index Recheck": 0, "Actual Rows": 82408}], "Actual Rows": 82408}], "Actual Rows": 410}, {"Node Type": "Index Scan", "Parent Relationship": "Inner", "Scan Direction": "Forward", "Index Name": "title_pkey", "Relation Name": "title", "Alias": "t", "Startup Cost": 0.0, "Total Cost": 0.28, "Plan Rows": 1, "Plan Width": 21, "Actual Min Startup Time": 3.282, "Actual Max Startup Time": 3.282, "Actual Min Total Time": 3.282, "Actual Max Total Time": 3.282, "Index Cond": "(id = mi.movie_id)", "Rows Removed by Index Recheck": 0, "Actual Rows": 410}], "Actual Rows": 410}], "Actual Rows": 1}, "Triggers": [], "Planner Runtime": 8.808, "Total Runtime": 383.147, "Unique SQL Id": 4264520866}}, "(16, '125')": {"explain_plan": {"Plan": {"Node Type": "Aggregate", "Strategy": "Plain", "Startup Cost": 161086.28, "Total Cost": 161086.29, "Plan Rows": 1, "Plan Width": 160, "Plans": [{"Node Type": "Nested Loop", "Parent Relationship": "Outer", "Join Type": "Inner", "Startup Cost": 0.0, "Total Cost": 161086.22, "Plan Rows": 8, "Plan Width": 64, "Inner Unique": true, "Plans": [{"Node Type": "Nested Loop", "Parent Relationship": "Outer", "Join Type": "Inner", "Startup Cost": 0.0, "Total Cost": 161083.6, "Plan Rows": 9, "Plan Width": 59, "Inner Unique": false, "Join Filter": "(mi.info_type_id = it1.id)", "Plans": [{"Node Type": "Index Scan", "Parent Relationship": "Outer", "Scan Direction": "Forward", "Index Name": "info_type_pkey", "Relation Name": "info_type", "Alias": "it1", "Startup Cost": 0.0, "Total Cost": 14.21, "Plan Rows": 1, "Plan Width": 4, "Filter": "((info)::text = 'budget'::text)"}, {"Node Type": "Nested Loop", "Parent Relationship": "Inner", "Join Type": "Inner", "Startup Cost": 0.0, "Total Cost": 161065.9, "Plan Rows": 279, "Plan Width": 63, "Inner Unique": false, "Join Filter": "(mi_idx.movie_id = mi.movie_id)", "Plans": [{"Node Type": "Nested Loop", "Parent Relationship": "Outer", "Join Type": "Inner", "Startup Cost": 0.0, "Total Cost": 161026.3, "Plan Rows": 52, "Plan Width": 13, "Inner Unique": false, "Join Filter": "(mi_idx.info_type_id = it2.id)", "Plans": [{"Node Type": "Index Scan", "Parent Relationship": "Outer", "Scan Direction": "Forward", "Index Name": "info_type_pkey", "Relation Name": "info_type", "Alias": "it2", "Startup Cost": 0.0, "Total Cost": 14.21, "Plan Rows": 1, "Plan Width": 4, "Filter": "((info)::text = 'votes'::text)"}, {"Node Type": "Materialize", "Parent Relationship": "Inner", "Startup Cost": 0.0, "Total Cost": 161008.63, "Plan Rows": 346, "Plan Width": 17, "Plans": [{"Node Type": "Nested Loop", "Parent Relationship": "Outer", "Join Type": "Inner", "Startup Cost": 0.0, "Total Cost": 161007.76, "Plan Rows": 346, "Plan Width": 17, "Inner Unique": false, "Plans": [{"Node Type": "Nested Loop", "Parent Relationship": "Outer", "Join Type": "Inner", "Startup Cost": 0.0, "Total Cost": 160910.97, "Plan Rows": 294, "Plan Width": 4, "Inner Unique": false, "Plans": [{"Node Type": "Streaming(type: LOCAL GATHER dop: 1/16)", "Parent Relationship": "Outer", "Startup Cost": 0.0, "Total Cost": 153468.6, "Plan Rows": 173, "Plan Width": 4, "Plans": [{"Node Type": "Index Scan", "Parent Relationship": "Outer", "Scan Direction": "Forward", "Index Name": "name_pkey", "Relation Name": "name", "Alias": "n", "Startup Cost": 0.0, "Total Cost": 153464.87, "Plan Rows": 173, "Plan Width": 4, "Filter": "(((name)::text ~~ '%Tim%'::text) AND ((gender)::text = 'm'::text))"}]}, {"Node Type": "Index Scan", "Parent Relationship": "Inner", "Scan Direction": "Forward", "Index Name": "person_id_cast_info", "Relation Name": "cast_info", "Alias": "ci", "Startup Cost": 0.0, "Total Cost": 43.0, "Plan Rows": 2, "Plan Width": 8, "Index Cond": "(person_id = n.id)", "Filter": "((note)::text = ANY ('{(producer),\"(executive producer)\"}'::text[]))"}]}, {"Node Type": "Index Scan", "Parent Relationship": "Inner", "Scan Direction": "Forward", "Index Name": "movie_id_movie_info_idx", "Relation Name": "movie_info_idx", "Alias": "mi_idx", "Startup Cost": 0.0, "Total Cost": 0.31, "Plan Rows": 2, "Plan Width": 13, "Index Cond": "(movie_id = ci.movie_id)"}]}]}]}, {"Node Type": "Index Scan", "Parent Relationship": "Inner", "Scan Direction": "Forward", "Index Name": "movie_id_movie_info", "Relation Name": "movie_info", "Alias": "mi", "Startup Cost": 0.0, "Total Cost": 0.7, "Plan Rows": 5, "Plan Width": 50, "Index Cond": "(movie_id = ci.movie_id)"}]}]}, {"Node Type": "Index Scan", "Parent Relationship": "Inner", "Scan Direction": "Forward", "Index Name": "title_pkey", "Relation Name": "title", "Alias": "t", "Startup Cost": 0.0, "Total Cost": 0.28, "Plan Rows": 1, "Plan Width": 21, "Index Cond": "(id = mi.movie_id)"}]}]}, "Unique SQL Id": 4264520866, "Planner Runtime": 7}, "explain_analyze_plan": {"Plan": {"Node Type": "Aggregate", "Strategy": "Plain", "Startup Cost": 161086.28, "Total Cost": 161086.29, "Plan Rows": 1, "Plan Width": 160, "Actual Min Startup Time": 480.471, "Actual Max Startup Time": 480.471, "Actual Min Total Time": 480.471, "Actual Max Total Time": 480.471, "Plans": [{"Node Type": "Nested Loop", "Parent Relationship": "Outer", "Join Type": "Inner", "Startup Cost": 0.0, "Total Cost": 161086.22, "Plan Rows": 8, "Plan Width": 64, "Actual Min Startup Time": 339.278, "Actual Max Startup Time": 339.278, "Actual Min Total Time": 479.984, "Actual Max Total Time": 479.984, "Inner Unique": true, "Plans": [{"Node Type": "Nested Loop", "Parent Relationship": "Outer", "Join Type": "Inner", "Startup Cost": 0.0, "Total Cost": 161083.6, "Plan Rows": 9, "Plan Width": 59, "Actual Min Startup Time": 339.26, "Actual Max Startup Time": 339.26, "Actual Min Total Time": 476.32, "Actual Max Total Time": 476.32, "Inner Unique": false, "Join Filter": "(mi.info_type_id = it1.id)", "Rows Removed by Join Filter": 81998, "Plans": [{"Node Type": "Index Scan", "Parent Relationship": "Outer", "Scan Direction": "Forward", "Index Name": "info_type_pkey", "Relation Name": "info_type", "Alias": "it1", "Startup Cost": 0.0, "Total Cost": 14.21, "Plan Rows": 1, "Plan Width": 4, "Actual Min Startup Time": 0.089, "Actual Max Startup Time": 0.089, "Actual Min Total Time": 0.095, "Actual Max Total Time": 0.095, "Filter": "((info)::text = 'budget'::text)", "Rows Removed by Filter": 111, "Actual Rows": 1}, {"Node Type": "Nested Loop", "Parent Relationship": "Inner", "Join Type": "Inner", "Startup Cost": 0.0, "Total Cost": 161065.9, "Plan Rows": 279, "Plan Width": 63, "Actual Min Startup Time": 339.147, "Actual Max Startup Time": 339.147, "Actual Min Total Time": 460.325, "Actual Max Total Time": 460.325, "Inner Unique": false, "Join Filter": "(mi_idx.movie_id = mi.movie_id)", "Rows Removed by Join Filter": 0, "Plans": [{"Node Type": "Nested Loop", "Parent Relationship": "Outer", "Join Type": "Inner", "Startup Cost": 0.0, "Total Cost": 161026.3, "Plan Rows": 52, "Plan Width": 13, "Actual Min Startup Time": 339.123, "Actual Max Startup Time": 339.123, "Actual Min Total Time": 343.21, "Actual Max Total Time": 343.21, "Inner Unique": false, "Join Filter": "(mi_idx.info_type_id = it2.id)", "Rows Removed by Join Filter": 6875, "Plans": [{"Node Type": "Index Scan", "Parent Relationship": "Outer", "Scan Direction": "Forward", "Index Name": "info_type_pkey", "Relation Name": "info_type", "Alias": "it2", "Startup Cost": 0.0, "Total Cost": 14.21, "Plan Rows": 1, "Plan Width": 4, "Actual Min Startup Time": 0.072, "Actual Max Startup Time": 0.072, "Actual Min Total Time": 0.083, "Actual Max Total Time": 0.083, "Filter": "((info)::text = 'votes'::text)", "Rows Removed by Filter": 111, "Actual Rows": 1}, {"Node Type": "Materialize", "Parent Relationship": "Inner", "Startup Cost": 0.0, "Total Cost": 161008.63, "Plan Rows": 346, "Plan Width": 17, "Actual Min Startup Time": 339.037, "Actual Max Startup Time": 339.037, "Actual Min Total Time": 340.214, "Actual Max Total Time": 340.214, "Plans": [{"Node Type": "Nested Loop", "Parent Relationship": "Outer", "Join Type": "Inner", "Startup Cost": 0.0, "Total Cost": 161007.76, "Plan Rows": 346, "Plan Width": 17, "Actual Min Startup Time": 72.66, "Actual Max Startup Time": 72.66, "Actual Min Total Time": 335.949, "Actual Max Total Time": 335.949, "Inner Unique": false, "Plans": [{"Node Type": "Nested Loop", "Parent Relationship": "Outer", "Join Type": "Inner", "Startup Cost": 0.0, "Total Cost": 160910.97, "Plan Rows": 294, "Plan Width": 4, "Actual Min Startup Time": 72.633, "Actual Max Startup Time": 72.633, "Actual Min Total Time": 298.788, "Actual Max Total Time": 298.788, "Inner Unique": false, "Plans": [{"Node Type": "Streaming(type: LOCAL GATHER dop: 1/16)", "Parent Relationship": "Outer", "Startup Cost": 0.0, "Total Cost": 153468.6, "Plan Rows": 173, "Plan Width": 4, "Actual Min Startup Time": 72.488, "Actual Max Startup Time": 72.488, "Actual Min Total Time": 169.446, "Actual Max Total Time": 169.446, "Plans": [{"Node Type": "Index Scan", "Parent Relationship": "Outer", "Scan Direction": "Forward", "Index Name": "name_pkey", "Relation Name": "name", "Alias": "n", "Startup Cost": 0.0, "Total Cost": 153464.87, "Plan Rows": 173, "Plan Width": 4, "Actual Min Startup Time": 40.705, "Actual Max Startup Time": 299.35, "Actual Min Total Time": 270.732, "Actual Max Total Time": 307.55, "Filter": "(((name)::text ~~ '%Tim%'::text) AND ((gender)::text = 'm'::text))", "Rows Removed by Filter": 4158428, "Actual Rows": 9062}], "Actual Rows": 9062}, {"Node Type": "Index Scan", "Parent Relationship": "Inner", "Scan Direction": "Forward", "Index Name": "person_id_cast_info", "Relation Name": "cast_info", "Alias": "ci", "Startup Cost": 0.0, "Total Cost": 43.0, "Plan Rows": 2, "Plan Width": 8, "Actual Min Startup Time": 104.072, "Actual Max Startup Time": 104.072, "Actual Min Total Time": 123.227, "Actual Max Total Time": 123.227, "Index Cond": "(person_id = n.id)", "Rows Removed by Index Recheck": 0, "Filter": "((note)::text = ANY ('{(producer),\"(executive producer)\"}'::text[]))", "Rows Removed by Filter": 89309, "Actual Rows": 6719}], "Actual Rows": 6719}, {"Node Type": "Index Scan", "Parent Relationship": "Inner", "Scan Direction": "Forward", "Index Name": "movie_id_movie_info_idx", "Relation Name": "movie_info_idx", "Alias": "mi_idx", "Startup Cost": 0.0, "Total Cost": 0.31, "Plan Rows": 2, "Plan Width": 13, "Actual Min Startup Time": 27.532, "Actual Max Startup Time": 27.532, "Actual Min Total Time": 31.538, "Actual Max Total Time": 31.538, "Index Cond": "(movie_id = ci.movie_id)", "Rows Removed by Index Recheck": 0, "Actual Rows": 10310}], "Actual Rows": 10310}], "Actual Rows": 10311}], "Actual Rows": 3435}, {"Node Type": "Index Scan", "Parent Relationship": "Inner", "Scan Direction": "Forward", "Index Name": "movie_id_movie_info", "Relation Name": "movie_info", "Alias": "mi", "Startup Cost": 0.0, "Total Cost": 0.7, "Plan Rows": 5, "Plan Width": 50, "Actual Min Startup Time": 21.858, "Actual Max Startup Time": 21.858, "Actual Min Total Time": 87.885, "Actual Max Total Time": 87.885, "Index Cond": "(movie_id = ci.movie_id)", "Rows Removed by Index Recheck": 0, "Actual Rows": 82408}], "Actual Rows": 82408}], "Actual Rows": 410}, {"Node Type": "Index Scan", "Parent Relationship": "Inner", "Scan Direction": "Forward", "Index Name": "title_pkey", "Relation Name": "title", "Alias": "t", "Startup Cost": 0.0, "Total Cost": 0.28, "Plan Rows": 1, "Plan Width": 21, "Actual Min Startup Time": 3.295, "Actual Max Startup Time": 3.295, "Actual Min Total Time": 3.295, "Actual Max Total Time": 3.295, "Index Cond": "(id = mi.movie_id)", "Rows Removed by Index Recheck": 0, "Actual Rows": 410}], "Actual Rows": 410}], "Actual Rows": 1}, "Triggers": [], "Planner Runtime": 8.185, "Total Runtime": 483.071, "Unique SQL Id": 4264520866}}, "(16, '126')": {"explain_plan": {"Plan": {"Node Type": "Aggregate", "Strategy": "Plain", "Startup Cost": 346150.4, "Total Cost": 346150.43, "Plan Rows": 1, "Plan Width": 160, "Plans": [{"Node Type": "Streaming(type: LOCAL GATHER dop: 1/16)", "Parent Relationship": "Outer", "Startup Cost": 346150.4, "Total Cost": 346150.43, "Plan Rows": 1, "Plan Width": 160, "Plans": [{"Node Type": "Aggregate", "Strategy": "Plain", "Parent Relationship": "Outer", "Startup Cost": 346150.4, "Total Cost": 346150.41, "Plan Rows": 1, "Plan Width": 160, "Plans": [{"Node Type": "Nested Loop", "Parent Relationship": "Outer", "Join Type": "Inner", "Startup Cost": 0.0, "Total Cost": 346150.34, "Plan Rows": 8, "Plan Width": 64, "Inner Unique": false, "Join Filter": "(mi.movie_id = t.id)", "Plans": [{"Node Type": "Seq Scan", "Parent Relationship": "Outer", "Relation Name": "title", "Alias": "t", "Startup Cost": 0.0, "Total Cost": 18754.32, "Plan Rows": 2528311, "Plan Width": 21}, {"Node Type": "Materialize", "Parent Relationship": "Inner", "Startup Cost": 0.0, "Total Cost": 306063.41, "Plan Rows": 144, "Plan Width": 59, "Plans": [{"Node Type": "Streaming(type: BROADCAST dop: 16/1)", "Parent Relationship": "Outer", "Startup Cost": 0.0, "Total Cost": 306063.37, "Plan Rows": 144, "Plan Width": 59, "Plans": [{"Node Type": "Nested Loop", "Parent Relationship": "Outer", "Join Type": "Inner", "Startup Cost": 0.0, "Total Cost": 291060.26, "Plan Rows": 9, "Plan Width": 59, "Inner Unique": false, "Join Filter": "(mi_idx.info_type_id = it2.id)", "Plans": [{"Node Type": "Seq Scan", "Parent Relationship": "Outer", "Relation Name": "info_type", "Alias": "it2", "Startup Cost": 0.0, "Total Cost": 2.4, "Plan Rows": 1, "Plan Width": 4, "Filter": "((info)::text = 'votes'::text)"}, {"Node Type": "Materialize", "Parent Relationship": "Inner", "Startup Cost": 0.0, "Total Cost": 291057.52, "Plan Rows": 34, "Plan Width": 63, "Plans": [{"Node Type": "Streaming(type: LOCAL GATHER dop: 1/16)", "Parent Relationship": "Outer", "Startup Cost": 0.0, "Total Cost": 291057.44, "Plan Rows": 34, "Plan Width": 63, "Plans": [{"Node Type": "Nested Loop", "Parent Relationship": "Outer", "Join Type": "Inner", "Startup Cost": 0.0, "Total Cost": 291056.7, "Plan Rows": 34, "Plan Width": 63, "Inner Unique": false, "Join Filter": "(mi.movie_id = mi_idx.movie_id)", "Plans": [{"Node Type": "Streaming(type: LOCAL REDISTRIBUTE dop: 16/16)", "Parent Relationship": "Outer", "Startup Cost": 0.0, "Total Cost": 36496.18, "Plan Rows": 1380034, "Plan Width": 13, "Plans": [{"Node Type": "Seq Scan", "Parent Relationship": "Outer", "Relation Name": "movie_info_idx", "Alias": "mi_idx", "Startup Cost": 0.0, "Total Cost": 16267.15, "Plan Rows": 1380034, "Plan Width": 13}]}, {"Node Type": "Materialize", "Parent Relationship": "Inner", "Startup Cost": 0.0, "Total Cost": 252781.58, "Plan Rows": 22, "Plan Width": 50, "Plans": [{"Node Type": "Streaming(type: LOCAL REDISTRIBUTE dop: 16/16)", "Parent Relationship": "Outer", "Startup Cost": 0.0, "Total Cost": 252781.57, "Plan Rows": 22, "Plan Width": 50, "Plans": [{"Node Type": "Nested Loop", "Parent Relationship": "Outer", "Join Type": "Inner", "Startup Cost": 0.0, "Total Cost": 237781.48, "Plan Rows": 22, "Plan Width": 50, "Inner Unique": false, "Join Filter": "(ci.movie_id = mi.movie_id)", "Plans": [{"Node Type": "Streaming(type: LOCAL REDISTRIBUTE dop: 16/16)", "Parent Relationship": "Outer", "Startup Cost": 0.0, "Total Cost": 75986.54, "Plan Rows": 212428, "Plan Width": 46, "Plans": [{"Node Type": "Nested Loop", "Parent Relationship": "Outer", "Join Type": "Inner", "Startup Cost": 0.0, "Total Cost": 60181.64, "Plan Rows": 212428, "Plan Width": 46, "Inner Unique": false, "Join Filter": "(it1.id = mi.info_type_id), (LLVM Optimized)", "Plans": [{"Node Type": "Streaming(type: BROADCAST dop: 16/1)", "Parent Relationship": "Outer", "Startup Cost": 0.0, "Total Cost": 15002.75, "Plan Rows": 16, "Plan Width": 4, "Plans": [{"Node Type": "Seq Scan", "Parent Relationship": "Outer", "Relation Name": "info_type", "Alias": "it1", "Startup Cost": 0.0, "Total Cost": 2.4, "Plan Rows": 1, "Plan Width": 4, "Filter": "((info)::text = 'budget'::text)"}]}, {"Node Type": "Seq Scan", "Parent Relationship": "Inner", "Relation Name": "movie_info", "Alias": "mi", "Startup Cost": 0.0, "Total Cost": 33561.73, "Plan Rows": 14869966, "Plan Width": 50}]}]}, {"Node Type": "Materialize", "Parent Relationship": "Inner", "Startup Cost": 0.0, "Total Cost": 158135.59, "Plan Rows": 294, "Plan Width": 4, "Plans": [{"Node Type": "Streaming(type: LOCAL REDISTRIBUTE dop: 16/16)", "Parent Relationship": "Outer", "Startup Cost": 0.0, "Total Cost": 158135.5, "Plan Rows": 294, "Plan Width": 4, "Plans": [{"Node Type": "Nested Loop", "Parent Relationship": "Outer", "Join Type": "Inner", "Startup Cost": 0.0, "Total Cost": 143134.38, "Plan Rows": 294, "Plan Width": 4, "Inner Unique": true, "Join Filter": "(ci.person_id = n.id)", "Plans": [{"Node Type": "Streaming(type: LOCAL REDISTRIBUTE dop: 16/16)", "Parent Relationship": "Outer", "Startup Cost": 0.0, "Total Cost": 82188.81, "Plan Rows": 2350421, "Plan Width": 8, "Plans": [{"Node Type": "Seq Scan", "Parent Relationship": "Outer", "Relation Name": "cast_info", "Alias": "ci", "Startup Cost": 0.0, "Total Cost": 58282.92, "Plan Rows": 2350421, "Plan Width": 8, "Filter": "((note)::text = ANY ('{(producer),\"(executive producer)\"}'::text[]))"}]}, {"Node Type": "Materialize", "Parent Relationship": "Inner", "Startup Cost": 0.0, "Total Cost": 37120.04, "Plan Rows": 173, "Plan Width": 4, "Plans": [{"Node Type": "Streaming(type: LOCAL REDISTRIBUTE dop: 16/16)", "Parent Relationship": "Outer", "Startup Cost": 0.0, "Total Cost": 37119.99, "Plan Rows": 173, "Plan Width": 4, "Plans": [{"Node Type": "Seq Scan", "Parent Relationship": "Outer", "Relation Name": "name", "Alias": "n", "Startup Cost": 0.0, "Total Cost": 22119.33, "Plan Rows": 173, "Plan Width": 4, "Filter": "(((name)::text ~~ '%Tim%'::text) AND ((gender)::text = 'm'::text))"}]}]}]}]}]}]}]}]}]}]}]}]}]}]}]}]}]}]}, "Unique SQL Id": 4264520866, "Planner Runtime": 12}, "explain_analyze_plan": null}, "(16, '127')": {"explain_plan": {"Plan": {"Node Type": "Aggregate", "Strategy": "Plain", "Startup Cost": 7000361921196.91, "Total Cost": 7000361921196.92, "Plan Rows": 1, "Plan Width": 160, "Plans": [{"Node Type": "Nested Loop", "Parent Relationship": "Outer", "Join Type": "Inner", "Startup Cost": 70000000000.0, "Total Cost": 7000361921196.85, "Plan Rows": 8, "Plan Width": 64, "Inner Unique": false, "Join Filter": "(mi.movie_id = t.id)", "Plans": [{"Node Type": "Index Scan", "Parent Relationship": "Outer", "Scan Direction": "Forward", "Index Name": "title_pkey", "Relation Name": "title", "Alias": "t", "Startup Cost": 10000000000.0, "Total Cost": 1000011012048.91, "Plan Rows": 2528311, "Plan Width": 21}, {"Node Type": "Materialize", "Parent Relationship": "Inner", "Startup Cost": 60000000000.0, "Total Cost": 6000350567825.98, "Plan Rows": 9, "Plan Width": 59, "Plans": [{"Node Type": "Nested Loop", "Parent Relationship": "Outer", "Join Type": "Inner", "Startup Cost": 60000000000.0, "Total Cost": 6000350567825.93, "Plan Rows": 9, "Plan Width": 59, "Inner Unique": false, "Join Filter": "(mi_idx.movie_id = mi.movie_id)", "Plans": [{"Node Type": "Nested Loop", "Parent Relationship": "Outer", "Join Type": "Inner", "Startup Cost": 20000000000.0, "Total Cost": 2000004672156.88, "Plan Rows": 345008, "Plan Width": 9, "Inner Unique": true, "Join Filter": "(it2.id = mi_idx.info_type_id), (LLVM Optimized)", "Plans": [{"Node Type": "Index Scan", "Parent Relationship": "Outer", "Scan Direction": "Forward", "Index Name": "movie_id_movie_info_idx", "Relation Name": "movie_info_idx", "Alias": "mi_idx", "Startup Cost": 10000000000.0, "Total Cost": 1000004650035.37, "Plan Rows": 1380034, "Plan Width": 13}, {"Node Type": "Materialize", "Parent Relationship": "Inner", "Startup Cost": 10000000000.0, "Total Cost": 1000000001421.0, "Plan Rows": 1, "Plan Width": 4, "Plans": [{"Node Type": "Index Scan", "Parent Relationship": "Outer", "Scan Direction": "Forward", "Index Name": "info_type_pkey", "Relation Name": "info_type", "Alias": "it2", "Startup Cost": 10000000000.0, "Total Cost": 1000000001421.0, "Plan Rows": 1, "Plan Width": 4, "Filter": "((info)::text = 'votes'::text)"}]}]}, {"Node Type": "Materialize", "Parent Relationship": "Inner", "Startup Cost": 40000000000.0, "Total Cost": 4000345781816.47, "Plan Rows": 22, "Plan Width": 50, "Plans": [{"Node Type": "Nested Loop", "Parent Relationship": "Outer", "Join Type": "Inner", "Startup Cost": 40000000000.0, "Total Cost": 4000345781816.36, "Plan Rows": 22, "Plan Width": 50, "Inner Unique": false, "Join Filter": "(ci.movie_id = mi.movie_id)", "Plans": [{"Node Type": "Nested Loop", "Parent Relationship": "Outer", "Join Type": "Inner", "Startup Cost": 20000000000.0, "Total Cost": 2000104041382.71, "Plan Rows": 212428, "Plan Width": 46, "Inner Unique": true, "Join Filter": "(it1.id = mi.info_type_id), (LLVM Optimized)", "Plans": [{"Node Type": "Index Scan", "Parent Relationship": "Outer", "Scan Direction": "Forward", "Index Name": "movie_id_movie_info", "Relation Name": "movie_info", "Alias": "mi", "Startup Cost": 10000000000.0, "Total Cost": 1000103816912.22, "Plan Rows": 14869966, "Plan Width": 50}, {"Node Type": "Materialize", "Parent Relationship": "Inner", "Startup Cost": 10000000000.0, "Total Cost": 1000000001421.0, "Plan Rows": 1, "Plan Width": 4, "Plans": [{"Node Type": "Index Scan", "Parent Relationship": "Outer", "Scan Direction": "Forward", "Index Name": "info_type_pkey", "Relation Name": "info_type", "Alias": "it1", "Startup Cost": 10000000000.0, "Total Cost": 1000000001421.0, "Plan Rows": 1, "Plan Width": 4, "Filter": "((info)::text = 'budget'::text)"}]}]}, {"Node Type": "Materialize", "Parent Relationship": "Inner", "Startup Cost": 20000000000.0, "Total Cost": 2000240803626.91, "Plan Rows": 294, "Plan Width": 4, "Plans": [{"Node Type": "Nested Loop", "Parent Relationship": "Outer", "Join Type": "Inner", "Startup Cost": 20000000000.0, "Total Cost": 2000240803625.44, "Plan Rows": 294, "Plan Width": 4, "Inner Unique": true, "Join Filter": "(ci.person_id = n.id)", "Plans": [{"Node Type": "Index Scan", "Parent Relationship": "Outer", "Scan Direction": "Forward", "Index Name": "movie_id_cast_info", "Relation Name": "cast_info", "Alias": "ci", "Startup Cost": 10000000000.0, "Total Cost": 1000214997262.8, "Plan Rows": 2350421, "Plan Width": 8, "Filter": "((note)::text = ANY ('{(producer),\"(executive producer)\"}'::text[]))"}, {"Node Type": "Materialize", "Parent Relationship": "Inner", "Startup Cost": 10000000000.0, "Total Cost": 1000019707020.57, "Plan Rows": 173, "Plan Width": 4, "Plans": [{"Node Type": "Index Scan", "Parent Relationship": "Outer", "Scan Direction": "Forward", "Index Name": "name_pkey", "Relation Name": "name", "Alias": "n", "Startup Cost": 10000000000.0, "Total Cost": 1000019707019.7, "Plan Rows": 173, "Plan Width": 4, "Filter": "(((name)::text ~~ '%Tim%'::text) AND ((gender)::text = 'm'::text))"}]}]}]}]}]}]}]}]}]}, "Unique SQL Id": 4264520866, "Planner Runtime": 6}, "explain_analyze_plan": null}, "(64, '0')": {"explain_plan": {"Plan": {"Node Type": "Aggregate", "Strategy": "Plain", "Startup Cost": 72515.06, "Total Cost": 72515.07, "Plan Rows": 1, "Plan Width": 160, "Plans": [{"Node Type": "Nested Loop", "Parent Relationship": "Outer", "Join Type": "Inner", "Startup Cost": 0.0, "Total Cost": 72514.99, "Plan Rows": 9, "Plan Width": 64, "Inner Unique": true, "Plans": [{"Node Type": "Nested Loop", "Parent Relationship": "Outer", "Join Type": "Inner", "Startup Cost": 0.0, "Total Cost": 72512.36, "Plan Rows": 9, "Plan Width": 59, "Inner Unique": false, "Join Filter": "(mi_idx.info_type_id = it2.id)", "Plans": [{"Node Type": "Seq Scan", "Parent Relationship": "Outer", "Relation Name": "info_type", "Alias": "it2", "Startup Cost": 0.0, "Total Cost": 2.4, "Plan Rows": 1, "Plan Width": 4, "Filter": "((info)::text = 'votes'::text)"}, {"Node Type": "Nested Loop", "Parent Relationship": "Inner", "Join Type": "Inner", "Startup Cost": 0.0, "Total Cost": 72509.54, "Plan Rows": 34, "Plan Width": 63, "Inner Unique": false, "Plans": [{"Node Type": "Nested Loop", "Parent Relationship": "Outer", "Join Type": "Inner", "Startup Cost": 0.0, "Total Cost": 72467.91, "Plan Rows": 133, "Plan Width": 50, "Inner Unique": false, "Join Filter": "(mi.info_type_id = it1.id)", "Plans": [{"Node Type": "Seq Scan", "Parent Relationship": "Outer", "Relation Name": "info_type", "Alias": "it1", "Startup Cost": 0.0, "Total Cost": 2.4, "Plan Rows": 1, "Plan Width": 4, "Filter": "((info)::text = 'budget'::text)"}, {"Node Type": "Materialize", "Parent Relationship": "Inner", "Startup Cost": 0.0, "Total Cost": 72449.9, "Plan Rows": 1561, "Plan Width": 54, "Plans": [{"Node Type": "Nested Loop", "Parent Relationship": "Outer", "Join Type": "Inner", "Startup Cost": 0.0, "Total Cost": 72445.99, "Plan Rows": 1561, "Plan Width": 54, "Inner Unique": false, "Plans": [{"Node Type": "Nested Loop", "Parent Relationship": "Outer", "Join Type": "Inner", "Startup Cost": 0.0, "Total Cost": 72225.77, "Plan Rows": 294, "Plan Width": 4, "Inner Unique": false, "Plans": [{"Node Type": "Streaming(type: LOCAL GATHER dop: 1/64)", "Parent Relationship": "Outer", "Startup Cost": 0.0, "Total Cost": 64783.4, "Plan Rows": 173, "Plan Width": 4, "Plans": [{"Node Type": "Seq Scan", "Parent Relationship": "Outer", "Relation Name": "name", "Alias": "n", "Startup Cost": 0.0, "Total Cost": 64779.83, "Plan Rows": 173, "Plan Width": 4, "Filter": "(((name)::text ~~ '%Tim%'::text) AND ((gender)::text = 'm'::text))"}]}, {"Node Type": "Index Scan", "Parent Relationship": "Inner", "Scan Direction": "Forward", "Index Name": "person_id_cast_info", "Relation Name": "cast_info", "Alias": "ci", "Startup Cost": 0.0, "Total Cost": 43.0, "Plan Rows": 2, "Plan Width": 8, "Index Cond": "(person_id = n.id)", "Filter": "((note)::text = ANY ('{(producer),\"(executive producer)\"}'::text[]))"}]}, {"Node Type": "Index Scan", "Parent Relationship": "Inner", "Scan Direction": "Forward", "Index Name": "movie_id_movie_info", "Relation Name": "movie_info", "Alias": "mi", "Startup Cost": 0.0, "Total Cost": 0.7, "Plan Rows": 5, "Plan Width": 50, "Index Cond": "(movie_id = ci.movie_id)"}]}]}]}, {"Node Type": "Index Scan", "Parent Relationship": "Inner", "Scan Direction": "Forward", "Index Name": "movie_id_movie_info_idx", "Relation Name": "movie_info_idx", "Alias": "mi_idx", "Startup Cost": 0.0, "Total Cost": 0.29, "Plan Rows": 2, "Plan Width": 13, "Index Cond": "(movie_id = mi.movie_id)"}]}]}, {"Node Type": "Index Scan", "Parent Relationship": "Inner", "Scan Direction": "Forward", "Index Name": "title_pkey", "Relation Name": "title", "Alias": "t", "Startup Cost": 0.0, "Total Cost": 0.28, "Plan Rows": 1, "Plan Width": 21, "Index Cond": "(id = mi.movie_id)"}]}]}, "Unique SQL Id": 4264520866, "Planner Runtime": 80}, "explain_analyze_plan": {"Plan": {"Node Type": "Aggregate", "Strategy": "Plain", "Startup Cost": 72515.06, "Total Cost": 72515.07, "Plan Rows": 1, "Plan Width": 160, "Actual Min Startup Time": 423.6, "Actual Max Startup Time": 423.6, "Actual Min Total Time": 423.601, "Actual Max Total Time": 423.601, "Plans": [{"Node Type": "Nested Loop", "Parent Relationship": "Outer", "Join Type": "Inner", "Startup Cost": 0.0, "Total Cost": 72514.99, "Plan Rows": 9, "Plan Width": 64, "Actual Min Startup Time": 375.599, "Actual Max Startup Time": 375.599, "Actual Min Total Time": 423.168, "Actual Max Total Time": 423.168, "Inner Unique": true, "Plans": [{"Node Type": "Nested Loop", "Parent Relationship": "Outer", "Join Type": "Inner", "Startup Cost": 0.0, "Total Cost": 72512.36, "Plan Rows": 9, "Plan Width": 59, "Actual Min Startup Time": 375.583, "Actual Max Startup Time": 375.583, "Actual Min Total Time": 419.719, "Actual Max Total Time": 419.719, "Inner Unique": false, "Join Filter": "(mi_idx.info_type_id = it2.id)", "Rows Removed by Join Filter": 825, "Plans": [{"Node Type": "Seq Scan", "Parent Relationship": "Outer", "Relation Name": "info_type", "Alias": "it2", "Startup Cost": 0.0, "Total Cost": 2.4, "Plan Rows": 1, "Plan Width": 4, "Actual Min Startup Time": 0.082, "Actual Max Startup Time": 0.082, "Actual Min Total Time": 0.09, "Actual Max Total Time": 0.09, "Filter": "((info)::text = 'votes'::text)", "Rows Removed by Filter": 111, "Actual Rows": 1}, {"Node Type": "Nested Loop", "Parent Relationship": "Inner", "Join Type": "Inner", "Startup Cost": 0.0, "Total Cost": 72509.54, "Plan Rows": 34, "Plan Width": 63, "Actual Min Startup Time": 375.484, "Actual Max Startup Time": 375.484, "Actual Min Total Time": 417.291, "Actual Max Total Time": 417.291, "Inner Unique": false, "Plans": [{"Node Type": "Nested Loop", "Parent Relationship": "Outer", "Join Type": "Inner", "Startup Cost": 0.0, "Total Cost": 72467.91, "Plan Rows": 133, "Plan Width": 50, "Actual Min Startup Time": 375.468, "Actual Max Startup Time": 375.468, "Actual Min Total Time": 411.534, "Actual Max Total Time": 411.534, "Inner Unique": false, "Join Filter": "(mi.info_type_id = it1.id)", "Rows Removed by Join Filter": 95197, "Plans": [{"Node Type": "Seq Scan", "Parent Relationship": "Outer", "Relation Name": "info_type", "Alias": "it1", "Startup Cost": 0.0, "Total Cost": 2.4, "Plan Rows": 1, "Plan Width": 4, "Actual Min Startup Time": 0.056, "Actual Max Startup Time": 0.056, "Actual Min Total Time": 0.065, "Actual Max Total Time": 0.065, "Filter": "((info)::text = 'budget'::text)", "Rows Removed by Filter": 111, "Actual Rows": 1}, {"Node Type": "Materialize", "Parent Relationship": "Inner", "Startup Cost": 0.0, "Total Cost": 72449.9, "Plan Rows": 1561, "Plan Width": 54, "Actual Min Startup Time": 375.396, "Actual Max Startup Time": 375.396, "Actual Min Total Time": 387.281, "Actual Max Total Time": 387.281, "Plans": [{"Node Type": "Nested Loop", "Parent Relationship": "Outer", "Join Type": "Inner", "Startup Cost": 0.0, "Total Cost": 72445.99, "Plan Rows": 1561, "Plan Width": 54, "Actual Min Startup Time": 42.926, "Actual Max Startup Time": 42.926, "Actual Min Total Time": 347.775, "Actual Max Total Time": 347.775, "Inner Unique": false, "Plans": [{"Node Type": "Nested Loop", "Parent Relationship": "Outer", "Join Type": "Inner", "Startup Cost": 0.0, "Total Cost": 72225.77, "Plan Rows": 294, "Plan Width": 4, "Actual Min Startup Time": 42.908, "Actual Max Startup Time": 42.908, "Actual Min Total Time": 198.956, "Actual Max Total Time": 198.956, "Inner Unique": false, "Plans": [{"Node Type": "Streaming(type: LOCAL GATHER dop: 1/64)", "Parent Relationship": "Outer", "Startup Cost": 0.0, "Total Cost": 64783.4, "Plan Rows": 173, "Plan Width": 4, "Actual Min Startup Time": 42.663, "Actual Max Startup Time": 42.663, "Actual Min Total Time": 67.339, "Actual Max Total Time": 67.339, "Plans": [{"Node Type": "Seq Scan", "Parent Relationship": "Outer", "Relation Name": "name", "Alias": "n", "Startup Cost": 0.0, "Total Cost": 64779.83, "Plan Rows": 173, "Plan Width": 4, "Actual Min Startup Time": 0.025, "Actual Max Startup Time": 0.853, "Actual Min Total Time": 25.433, "Actual Max Total Time": 29.531, "Filter": "(((name)::text ~~ '%Tim%'::text) AND ((gender)::text = 'm'::text))", "Rows Removed by Filter": 4158428, "Actual Rows": 9062}], "Actual Rows": 9062}, {"Node Type": "Index Scan", "Parent Relationship": "Inner", "Scan Direction": "Forward", "Index Name": "person_id_cast_info", "Relation Name": "cast_info", "Alias": "ci", "Startup Cost": 0.0, "Total Cost": 43.0, "Plan Rows": 2, "Plan Width": 8, "Actual Min Startup Time": 106.014, "Actual Max Startup Time": 106.014, "Actual Min Total Time": 125.322, "Actual Max Total Time": 125.322, "Index Cond": "(person_id = n.id)", "Rows Removed by Index Recheck": 0, "Filter": "((note)::text = ANY ('{(producer),\"(executive producer)\"}'::text[]))", "Rows Removed by Filter": 89309, "Actual Rows": 6719}], "Actual Rows": 6719}, {"Node Type": "Index Scan", "Parent Relationship": "Inner", "Scan Direction": "Forward", "Index Name": "movie_id_movie_info", "Relation Name": "movie_info", "Alias": "mi", "Startup Cost": 0.0, "Total Cost": 0.7, "Plan Rows": 5, "Plan Width": 50, "Actual Min Startup Time": 39.752, "Actual Max Startup Time": 39.752, "Actual Min Total Time": 124.275, "Actual Max Total Time": 124.275, "Index Cond": "(movie_id = ci.movie_id)", "Rows Removed by Index Recheck": 0, "Actual Rows": 95896}], "Actual Rows": 95896}], "Actual Rows": 95897}], "Actual Rows": 699}, {"Node Type": "Index Scan", "Parent Relationship": "Inner", "Scan Direction": "Forward", "Index Name": "movie_id_movie_info_idx", "Relation Name": "movie_info_idx", "Alias": "mi_idx", "Startup Cost": 0.0, "Total Cost": 0.29, "Plan Rows": 2, "Plan Width": 13, "Actual Min Startup Time": 4.566, "Actual Max Startup Time": 4.566, "Actual Min Total Time": 5.101, "Actual Max Total Time": 5.101, "Index Cond": "(movie_id = mi.movie_id)", "Rows Removed by Index Recheck": 0, "Actual Rows": 1235}], "Actual Rows": 1235}], "Actual Rows": 410}, {"Node Type": "Index Scan", "Parent Relationship": "Inner", "Scan Direction": "Forward", "Index Name": "title_pkey", "Relation Name": "title", "Alias": "t", "Startup Cost": 0.0, "Total Cost": 0.28, "Plan Rows": 1, "Plan Width": 21, "Actual Min Startup Time": 3.129, "Actual Max Startup Time": 3.129, "Actual Min Total Time": 3.129, "Actual Max Total Time": 3.129, "Index Cond": "(id = mi.movie_id)", "Rows Removed by Index Recheck": 0, "Actual Rows": 410}], "Actual Rows": 410}], "Actual Rows": 1}, "Triggers": [], "Planner Runtime": 80.042, "Total Runtime": 435.075, "Unique SQL Id": 4264520866}}, "(64, '1')": {"explain_plan": {"Plan": {"Node Type": "Aggregate", "Strategy": "Plain", "Startup Cost": 204687.88, "Total Cost": 204687.89, "Plan Rows": 1, "Plan Width": 160, "Plans": [{"Node Type": "Nested Loop", "Parent Relationship": "Outer", "Join Type": "Inner", "Startup Cost": 0.0, "Total Cost": 204687.82, "Plan Rows": 9, "Plan Width": 64, "Inner Unique": true, "Plans": [{"Node Type": "Nested Loop", "Parent Relationship": "Outer", "Join Type": "Inner", "Startup Cost": 0.0, "Total Cost": 204685.19, "Plan Rows": 9, "Plan Width": 59, "Inner Unique": false, "Join Filter": "(mi.info_type_id = it1.id)", "Plans": [{"Node Type": "Index Scan", "Parent Relationship": "Outer", "Scan Direction": "Forward", "Index Name": "info_type_pkey", "Relation Name": "info_type", "Alias": "it1", "Startup Cost": 0.0, "Total Cost": 14.21, "Plan Rows": 1, "Plan Width": 4, "Filter": "((info)::text = 'budget'::text)"}, {"Node Type": "Nested Loop", "Parent Relationship": "Inner", "Join Type": "Inner", "Startup Cost": 0.0, "Total Cost": 204667.49, "Plan Rows": 279, "Plan Width": 63, "Inner Unique": false, "Join Filter": "(mi_idx.movie_id = mi.movie_id)", "Plans": [{"Node Type": "Nested Loop", "Parent Relationship": "Outer", "Join Type": "Inner", "Startup Cost": 0.0, "Total Cost": 204627.89, "Plan Rows": 52, "Plan Width": 13, "Inner Unique": false, "Join Filter": "(mi_idx.info_type_id = it2.id)", "Plans": [{"Node Type": "Index Scan", "Parent Relationship": "Outer", "Scan Direction": "Forward", "Index Name": "info_type_pkey", "Relation Name": "info_type", "Alias": "it2", "Startup Cost": 0.0, "Total Cost": 14.21, "Plan Rows": 1, "Plan Width": 4, "Filter": "((info)::text = 'votes'::text)"}, {"Node Type": "Nested Loop", "Parent Relationship": "Inner", "Join Type": "Inner", "Startup Cost": 0.0, "Total Cost": 204609.36, "Plan Rows": 346, "Plan Width": 17, "Inner Unique": false, "Plans": [{"Node Type": "Nested Loop", "Parent Relationship": "Outer", "Join Type": "Inner", "Startup Cost": 0.0, "Total Cost": 204512.56, "Plan Rows": 294, "Plan Width": 4, "Inner Unique": false, "Plans": [{"Node Type": "Index Scan", "Parent Relationship": "Outer", "Scan Direction": "Forward", "Index Name": "name_pkey", "Relation Name": "name", "Alias": "n", "Startup Cost": 0.0, "Total Cost": 197070.2, "Plan Rows": 173, "Plan Width": 4, "Filter": "(((name)::text ~~ '%Tim%'::text) AND ((gender)::text = 'm'::text))"}, {"Node Type": "Index Scan", "Parent Relationship": "Inner", "Scan Direction": "Forward", "Index Name": "person_id_cast_info", "Relation Name": "cast_info", "Alias": "ci", "Startup Cost": 0.0, "Total Cost": 43.0, "Plan Rows": 2, "Plan Width": 8, "Index Cond": "(person_id = n.id)", "Filter": "((note)::text = ANY ('{(producer),\"(executive producer)\"}'::text[]))"}]}, {"Node Type": "Index Scan", "Parent Relationship": "Inner", "Scan Direction": "Forward", "Index Name": "movie_id_movie_info_idx", "Relation Name": "movie_info_idx", "Alias": "mi_idx", "Startup Cost": 0.0, "Total Cost": 0.31, "Plan Rows": 2, "Plan Width": 13, "Index Cond": "(movie_id = ci.movie_id)"}]}]}, {"Node Type": "Index Scan", "Parent Relationship": "Inner", "Scan Direction": "Forward", "Index Name": "movie_id_movie_info", "Relation Name": "movie_info", "Alias": "mi", "Startup Cost": 0.0, "Total Cost": 0.7, "Plan Rows": 5, "Plan Width": 50, "Index Cond": "(movie_id = ci.movie_id)"}]}]}, {"Node Type": "Index Scan", "Parent Relationship": "Inner", "Scan Direction": "Forward", "Index Name": "title_pkey", "Relation Name": "title", "Alias": "t", "Startup Cost": 0.0, "Total Cost": 0.28, "Plan Rows": 1, "Plan Width": 21, "Index Cond": "(id = mi.movie_id)"}]}]}, "Unique SQL Id": 4264520866, "Planner Runtime": 54}, "explain_analyze_plan": null}, "(64, '2')": {"explain_plan": {"Plan": {"Node Type": "Aggregate", "Strategy": "Plain", "Startup Cost": 79926.46, "Total Cost": 79926.47, "Plan Rows": 1, "Plan Width": 160, "Plans": [{"Node Type": "Nested Loop", "Parent Relationship": "Outer", "Join Type": "Inner", "Startup Cost": 5.3, "Total Cost": 79926.39, "Plan Rows": 9, "Plan Width": 64, "Inner Unique": true, "Plans": [{"Node Type": "Nested Loop", "Parent Relationship": "Outer", "Join Type": "Inner", "Startup Cost": 5.04, "Total Cost": 79887.84, "Plan Rows": 9, "Plan Width": 59, "Inner Unique": false, "Join Filter": "(mi_idx.info_type_id = it2.id)", "Plans": [{"Node Type": "Seq Scan", "Parent Relationship": "Outer", "Relation Name": "info_type", "Alias": "it2", "Startup Cost": 0.0, "Total Cost": 2.4, "Plan Rows": 1, "Plan Width": 4, "Filter": "((info)::text = 'votes'::text)"}, {"Node Type": "Nested Loop", "Parent Relationship": "Inner", "Join Type": "Inner", "Startup Cost": 5.04, "Total Cost": 79885.02, "Plan Rows": 34, "Plan Width": 63, "Inner Unique": false, "Plans": [{"Node Type": "Nested Loop", "Parent Relationship": "Outer", "Join Type": "Inner", "Startup Cost": 4.77, "Total Cost": 79311.55, "Plan Rows": 133, "Plan Width": 50, "Inner Unique": false, "Join Filter": "(mi.info_type_id = it1.id)", "Plans": [{"Node Type": "Seq Scan", "Parent Relationship": "Outer", "Relation Name": "info_type", "Alias": "it1", "Startup Cost": 0.0, "Total Cost": 2.4, "Plan Rows": 1, "Plan Width": 4, "Filter": "((info)::text = 'budget'::text)"}, {"Node Type": "Materialize", "Parent Relationship": "Inner", "Startup Cost": 4.77, "Total Cost": 79293.54, "Plan Rows": 1561, "Plan Width": 54, "Plans": [{"Node Type": "Nested Loop", "Parent Relationship": "Outer", "Join Type": "Inner", "Startup Cost": 4.77, "Total Cost": 79289.64, "Plan Rows": 1561, "Plan Width": 54, "Inner Unique": false, "Plans": [{"Node Type": "Nested Loop", "Parent Relationship": "Outer", "Join Type": "Inner", "Startup Cost": 4.39, "Total Cost": 77967.24, "Plan Rows": 294, "Plan Width": 4, "Inner Unique": false, "Plans": [{"Node Type": "Streaming(type: LOCAL GATHER dop: 1/64)", "Parent Relationship": "Outer", "Startup Cost": 0.0, "Total Cost": 64783.4, "Plan Rows": 173, "Plan Width": 4, "Plans": [{"Node Type": "Seq Scan", "Parent Relationship": "Outer", "Relation Name": "name", "Alias": "n", "Startup Cost": 0.0, "Total Cost": 64779.83, "Plan Rows": 173, "Plan Width": 4, "Filter": "(((name)::text ~~ '%Tim%'::text) AND ((gender)::text = 'm'::text))"}]}, {"Node Type": "Bitmap Heap Scan", "Parent Relationship": "Inner", "Relation Name": "cast_info", "Alias": "ci", "Startup Cost": 4.39, "Total Cost": 76.19, "Plan Rows": 2, "Plan Width": 8, "Recheck Cond": "(person_id = n.id)", "Filter": "((note)::text = ANY ('{(producer),\"(executive producer)\"}'::text[]))", "Plans": [{"Node Type": "Bitmap Index Scan", "Parent Relationship": "Outer", "Index Name": "person_id_cast_info", "Startup Cost": 0.0, "Total Cost": 4.38, "Plan Rows": 18, "Plan Width": 0, "Index Cond": "(person_id = n.id)"}]}]}, {"Node Type": "Bitmap Heap Scan", "Parent Relationship": "Inner", "Relation Name": "movie_info", "Alias": "mi", "Startup Cost": 0.39, "Total Cost": 4.45, "Plan Rows": 5, "Plan Width": 50, "Recheck Cond": "(movie_id = ci.movie_id)", "Plans": [{"Node Type": "Bitmap Index Scan", "Parent Relationship": "Outer", "Index Name": "movie_id_movie_info", "Startup Cost": 0.0, "Total Cost": 0.38, "Plan Rows": 5, "Plan Width": 0, "Index Cond": "(movie_id = ci.movie_id)"}]}]}]}]}, {"Node Type": "Bitmap Heap Scan", "Parent Relationship": "Inner", "Relation Name": "movie_info_idx", "Alias": "mi_idx", "Startup Cost": 0.27, "Total Cost": 4.29, "Plan Rows": 2, "Plan Width": 13, "Recheck Cond": "(movie_id = mi.movie_id)", "Plans": [{"Node Type": "Bitmap Index Scan", "Parent Relationship": "Outer", "Index Name": "movie_id_movie_info_idx", "Startup Cost": 0.0, "Total Cost": 0.27, "Plan Rows": 2, "Plan Width": 0, "Index Cond": "(movie_id = mi.movie_id)"}]}]}]}, {"Node Type": "Bitmap Heap Scan", "Parent Relationship": "Inner", "Relation Name": "title", "Alias": "t", "Startup Cost": 0.26, "Total Cost": 4.27, "Plan Rows": 1, "Plan Width": 21, "Recheck Cond": "(id = mi.movie_id)", "Plans": [{"Node Type": "Bitmap Index Scan", "Parent Relationship": "Outer", "Index Name": "title_pkey", "Startup Cost": 0.0, "Total Cost": 0.26, "Plan Rows": 1, "Plan Width": 0, "Index Cond": "(id = mi.movie_id)"}]}]}]}, "Unique SQL Id": 4264520866, "Planner Runtime": 91}, "explain_analyze_plan": {"Plan": {"Node Type": "Aggregate", "Strategy": "Plain", "Startup Cost": 79926.46, "Total Cost": 79926.47, "Plan Rows": 1, "Plan Width": 160, "Actual Min Startup Time": 553.006, "Actual Max Startup Time": 553.006, "Actual Min Total Time": 553.006, "Actual Max Total Time": 553.006, "Plans": [{"Node Type": "Nested Loop", "Parent Relationship": "Outer", "Join Type": "Inner", "Startup Cost": 5.3, "Total Cost": 79926.39, "Plan Rows": 9, "Plan Width": 64, "Actual Min Startup Time": 502.54, "Actual Max Startup Time": 502.54, "Actual Min Total Time": 552.518, "Actual Max Total Time": 552.518, "Inner Unique": true, "Plans": [{"Node Type": "Nested Loop", "Parent Relationship": "Outer", "Join Type": "Inner", "Startup Cost": 5.04, "Total Cost": 79887.84, "Plan Rows": 9, "Plan Width": 59, "Actual Min Startup Time": 502.512, "Actual Max Startup Time": 502.512, "Actual Min Total Time": 548.303, "Actual Max Total Time": 548.303, "Inner Unique": false, "Join Filter": "(mi_idx.info_type_id = it2.id)", "Rows Removed by Join Filter": 825, "Plans": [{"Node Type": "Seq Scan", "Parent Relationship": "Outer", "Relation Name": "info_type", "Alias": "it2", "Startup Cost": 0.0, "Total Cost": 2.4, "Plan Rows": 1, "Plan Width": 4, "Actual Min Startup Time": 0.111, "Actual Max Startup Time": 0.111, "Actual Min Total Time": 0.118, "Actual Max Total Time": 0.118, "Filter": "((info)::text = 'votes'::text)", "Rows Removed by Filter": 111, "Actual Rows": 1}, {"Node Type": "Nested Loop", "Parent Relationship": "Inner", "Join Type": "Inner", "Startup Cost": 5.04, "Total Cost": 79885.02, "Plan Rows": 34, "Plan Width": 63, "Actual Min Startup Time": 502.382, "Actual Max Startup Time": 502.382, "Actual Min Total Time": 545.73, "Actual Max Total Time": 545.73, "Inner Unique": false, "Plans": [{"Node Type": "Nested Loop", "Parent Relationship": "Outer", "Join Type": "Inner", "Startup Cost": 4.77, "Total Cost": 79311.55, "Plan Rows": 133, "Plan Width": 50, "Actual Min Startup Time": 502.311, "Actual Max Startup Time": 502.311, "Actual Min Total Time": 538.947, "Actual Max Total Time": 538.947, "Inner Unique": false, "Join Filter": "(mi.info_type_id = it1.id)", "Rows Removed by Join Filter": 95197, "Plans": [{"Node Type": "Seq Scan", "Parent Relationship": "Outer", "Relation Name": "info_type", "Alias": "it1", "Startup Cost": 0.0, "Total Cost": 2.4, "Plan Rows": 1, "Plan Width": 4, "Actual Min Startup Time": 0.072, "Actual Max Startup Time": 0.072, "Actual Min Total Time": 0.083, "Actual Max Total Time": 0.083, "Filter": "((info)::text = 'budget'::text)", "Rows Removed by Filter": 111, "Actual Rows": 1}, {"Node Type": "Materialize", "Parent Relationship": "Inner", "Startup Cost": 4.77, "Total Cost": 79293.54, "Plan Rows": 1561, "Plan Width": 54, "Actual Min Startup Time": 502.224, "Actual Max Startup Time": 502.224, "Actual Min Total Time": 514.286, "Actual Max Total Time": 514.286, "Plans": [{"Node Type": "Nested Loop", "Parent Relationship": "Outer", "Join Type": "Inner", "Startup Cost": 4.77, "Total Cost": 79289.64, "Plan Rows": 1561, "Plan Width": 54, "Actual Min Startup Time": 139.749, "Actual Max Startup Time": 139.749, "Actual Min Total Time": 475.605, "Actual Max Total Time": 475.605, "Inner Unique": false, "Plans": [{"Node Type": "Nested Loop", "Parent Relationship": "Outer", "Join Type": "Inner", "Startup Cost": 4.39, "Total Cost": 77967.24, "Plan Rows": 294, "Plan Width": 4, "Actual Min Startup Time": 139.713, "Actual Max Startup Time": 139.713, "Actual Min Total Time": 302.456, "Actual Max Total Time": 302.456, "Inner Unique": false, "Plans": [{"Node Type": "Streaming(type: LOCAL GATHER dop: 1/64)", "Parent Relationship": "Outer", "Startup Cost": 0.0, "Total Cost": 64783.4, "Plan Rows": 173, "Plan Width": 4, "Actual Min Startup Time": 139.53, "Actual Max Startup Time": 139.53, "Actual Min Total Time": 154.227, "Actual Max Total Time": 154.227, "Plans": [{"Node Type": "Seq Scan", "Parent Relationship": "Outer", "Relation Name": "name", "Alias": "n", "Startup Cost": 0.0, "Total Cost": 64779.83, "Plan Rows": 173, "Plan Width": 4, "Actual Min Startup Time": 0.03, "Actual Max Startup Time": 0.847, "Actual Min Total Time": 25.6, "Actual Max Total Time": 30.16, "Filter": "(((name)::text ~~ '%Tim%'::text) AND ((gender)::text = 'm'::text))", "Rows Removed by Filter": 4158428, "Actual Rows": 9062}], "Actual Rows": 9062}, {"Node Type": "Bitmap Heap Scan", "Parent Relationship": "Inner", "Relation Name": "cast_info", "Alias": "ci", "Startup Cost": 4.39, "Total Cost": 76.19, "Plan Rows": 2, "Plan Width": 8, "Actual Min Startup Time": 119.719, "Actual Max Startup Time": 119.719, "Actual Min Total Time": 135.662, "Actual Max Total Time": 135.662, "Recheck Cond": "(person_id = n.id)", "Rows Removed by Index Recheck": 0, "Filter": "((note)::text = ANY ('{(producer),\"(executive producer)\"}'::text[]))", "Rows Removed by Filter": 89309, "Exact Heap Blocks": 13336, "Lossy Heap Blocks": 13336, "Plans": [{"Node Type": "Bitmap Index Scan", "Parent Relationship": "Outer", "Index Name": "person_id_cast_info", "Startup Cost": 0.0, "Total Cost": 4.38, "Plan Rows": 18, "Plan Width": 0, "Actual Min Startup Time": 51.093, "Actual Max Startup Time": 51.093, "Actual Min Total Time": 51.093, "Actual Max Total Time": 51.093, "Index Cond": "(person_id = n.id)", "Actual Rows": 96028}], "Actual Rows": 6719}], "Actual Rows": 6719}, {"Node Type": "Bitmap Heap Scan", "Parent Relationship": "Inner", "Relation Name": "movie_info", "Alias": "mi", "Startup Cost": 0.39, "Total Cost": 4.45, "Plan Rows": 5, "Plan Width": 50, "Actual Min Startup Time": 61.839, "Actual Max Startup Time": 61.839, "Actual Min Total Time": 144.856, "Actual Max Total Time": 144.856, "Recheck Cond": "(movie_id = ci.movie_id)", "Rows Removed by Index Recheck": 0, "Exact Heap Blocks": 40013, "Lossy Heap Blocks": 40013, "Plans": [{"Node Type": "Bitmap Index Scan", "Parent Relationship": "Outer", "Index Name": "movie_id_movie_info", "Startup Cost": 0.0, "Total Cost": 0.38, "Plan Rows": 5, "Plan Width": 0, "Actual Min Startup Time": 43.011, "Actual Max Startup Time": 43.011, "Actual Min Total Time": 43.011, "Actual Max Total Time": 43.011, "Index Cond": "(movie_id = ci.movie_id)", "Actual Rows": 95896}], "Actual Rows": 95896}], "Actual Rows": 95896}], "Actual Rows": 95897}], "Actual Rows": 699}, {"Node Type": "Bitmap Heap Scan", "Parent Relationship": "Inner", "Relation Name": "movie_info_idx", "Alias": "mi_idx", "Startup Cost": 0.27, "Total Cost": 4.29, "Plan Rows": 2, "Plan Width": 13, "Actual Min Startup Time": 5.445, "Actual Max Startup Time": 5.445, "Actual Min Total Time": 5.659, "Actual Max Total Time": 5.659, "Recheck Cond": "(movie_id = mi.movie_id)", "Rows Removed by Index Recheck": 0, "Exact Heap Blocks": 419, "Lossy Heap Blocks": 419, "Plans": [{"Node Type": "Bitmap Index Scan", "Parent Relationship": "Outer", "Index Name": "movie_id_movie_info_idx", "Startup Cost": 0.0, "Total Cost": 0.27, "Plan Rows": 2, "Plan Width": 0, "Actual Min Startup Time": 3.926, "Actual Max Startup Time": 3.926, "Actual Min Total Time": 3.926, "Actual Max Total Time": 3.926, "Index Cond": "(movie_id = mi.movie_id)", "Actual Rows": 1235}], "Actual Rows": 1235}], "Actual Rows": 1235}], "Actual Rows": 410}, {"Node Type": "Bitmap Heap Scan", "Parent Relationship": "Inner", "Relation Name": "title", "Alias": "t", "Startup Cost": 0.26, "Total Cost": 4.27, "Plan Rows": 1, "Plan Width": 21, "Actual Min Startup Time": 3.657, "Actual Max Startup Time": 3.657, "Actual Min Total Time": 3.657, "Actual Max Total Time": 3.657, "Recheck Cond": "(id = mi.movie_id)", "Rows Removed by Index Recheck": 0, "Exact Heap Blocks": 410, "Lossy Heap Blocks": 410, "Plans": [{"Node Type": "Bitmap Index Scan", "Parent Relationship": "Outer", "Index Name": "title_pkey", "Startup Cost": 0.0, "Total Cost": 0.26, "Plan Rows": 1, "Plan Width": 0, "Actual Min Startup Time": 2.28, "Actual Max Startup Time": 2.28, "Actual Min Total Time": 2.28, "Actual Max Total Time": 2.28, "Index Cond": "(id = mi.movie_id)", "Actual Rows": 410}], "Actual Rows": 410}], "Actual Rows": 410}], "Actual Rows": 1}, "Triggers": [], "Planner Runtime": 92.198, "Total Runtime": 566.553, "Unique SQL Id": 4264520866}}, "(64, '3')": {"explain_plan": {"Plan": {"Node Type": "Aggregate", "Strategy": "Plain", "Startup Cost": 212364.75, "Total Cost": 212364.76, "Plan Rows": 1, "Plan Width": 160, "Plans": [{"Node Type": "Nested Loop", "Parent Relationship": "Outer", "Join Type": "Inner", "Startup Cost": 83172.11, "Total Cost": 212364.68, "Plan Rows": 9, "Plan Width": 64, "Inner Unique": true, "Plans": [{"Node Type": "Nested Loop", "Parent Relationship": "Outer", "Join Type": "Inner", "Startup Cost": 83171.85, "Total Cost": 212326.13, "Plan Rows": 9, "Plan Width": 59, "Inner Unique": true, "Plans": [{"Node Type": "Nested Loop", "Parent Relationship": "Outer", "Join Type": "Inner", "Startup Cost": 83171.59, "Total Cost": 212180.52, "Plan Rows": 34, "Plan Width": 63, "Inner Unique": false, "Plans": [{"Node Type": "Nested Loop", "Parent Relationship": "Outer", "Join Type": "Inner", "Startup Cost": 83171.32, "Total Cost": 211607.05, "Plan Rows": 133, "Plan Width": 50, "Inner Unique": false, "Join Filter": "(mi.info_type_id = it1.id)", "Plans": [{"Node Type": "Bitmap Heap Scan", "Parent Relationship": "Outer", "Relation Name": "info_type", "Alias": "it1", "Startup Cost": 8.81, "Total Cost": 14.21, "Plan Rows": 1, "Plan Width": 4, "Filter": "((info)::text = 'budget'::text)", "Plans": [{"Node Type": "Bitmap Index Scan", "Parent Relationship": "Outer", "Index Name": "info_type_pkey", "Startup Cost": 0.0, "Total Cost": 8.81, "Plan Rows": 112, "Plan Width": 0}]}, {"Node Type": "Nested Loop", "Parent Relationship": "Inner", "Join Type": "Inner", "Startup Cost": 83162.51, "Total Cost": 211573.33, "Plan Rows": 1561, "Plan Width": 54, "Inner Unique": false, "Plans": [{"Node Type": "Nested Loop", "Parent Relationship": "Outer", "Join Type": "Inner", "Startup Cost": 83162.13, "Total Cost": 210250.93, "Plan Rows": 294, "Plan Width": 4, "Inner Unique": false, "Plans": [{"Node Type": "Bitmap Heap Scan", "Parent Relationship": "Outer", "Relation Name": "name", "Alias": "n", "Startup Cost": 83157.74, "Total Cost": 197067.09, "Plan Rows": 173, "Plan Width": 4, "Filter": "(((name)::text ~~ '%Tim%'::text) AND ((gender)::text = 'm'::text))", "Plans": [{"Node Type": "Bitmap Index Scan", "Parent Relationship": "Outer", "Index Name": "name_pkey", "Startup Cost": 0.0, "Total Cost": 83157.7, "Plan Rows": 4167490, "Plan Width": 0}]}, {"Node Type": "Bitmap Heap Scan", "Parent Relationship": "Inner", "Relation Name": "cast_info", "Alias": "ci", "Startup Cost": 4.39, "Total Cost": 76.19, "Plan Rows": 2, "Plan Width": 8, "Recheck Cond": "(person_id = n.id)", "Filter": "((note)::text = ANY ('{(producer),\"(executive producer)\"}'::text[]))", "Plans": [{"Node Type": "Bitmap Index Scan", "Parent Relationship": "Outer", "Index Name": "person_id_cast_info", "Startup Cost": 0.0, "Total Cost": 4.38, "Plan Rows": 18, "Plan Width": 0, "Index Cond": "(person_id = n.id)"}]}]}, {"Node Type": "Bitmap Heap Scan", "Parent Relationship": "Inner", "Relation Name": "movie_info", "Alias": "mi", "Startup Cost": 0.39, "Total Cost": 4.45, "Plan Rows": 5, "Plan Width": 50, "Recheck Cond": "(movie_id = ci.movie_id)", "Plans": [{"Node Type": "Bitmap Index Scan", "Parent Relationship": "Outer", "Index Name": "movie_id_movie_info", "Startup Cost": 0.0, "Total Cost": 0.38, "Plan Rows": 5, "Plan Width": 0, "Index Cond": "(movie_id = ci.movie_id)"}]}]}]}, {"Node Type": "Bitmap Heap Scan", "Parent Relationship": "Inner", "Relation Name": "movie_info_idx", "Alias": "mi_idx", "Startup Cost": 0.27, "Total Cost": 4.29, "Plan Rows": 2, "Plan Width": 13, "Recheck Cond": "(movie_id = mi.movie_id)", "Plans": [{"Node Type": "Bitmap Index Scan", "Parent Relationship": "Outer", "Index Name": "movie_id_movie_info_idx", "Startup Cost": 0.0, "Total Cost": 0.27, "Plan Rows": 2, "Plan Width": 0, "Index Cond": "(movie_id = mi.movie_id)"}]}]}, {"Node Type": "Bitmap Heap Scan", "Parent Relationship": "Inner", "Relation Name": "info_type", "Alias": "it2", "Startup Cost": 0.26, "Total Cost": 4.27, "Plan Rows": 1, "Plan Width": 4, "Recheck Cond": "(id = mi_idx.info_type_id)", "Filter": "((info)::text = 'votes'::text)", "Plans": [{"Node Type": "Bitmap Index Scan", "Parent Relationship": "Outer", "Index Name": "info_type_pkey", "Startup Cost": 0.0, "Total Cost": 0.26, "Plan Rows": 1, "Plan Width": 0, "Index Cond": "(id = mi_idx.info_type_id)"}]}]}, {"Node Type": "Bitmap Heap Scan", "Parent Relationship": "Inner", "Relation Name": "title", "Alias": "t", "Startup Cost": 0.26, "Total Cost": 4.27, "Plan Rows": 1, "Plan Width": 21, "Recheck Cond": "(id = mi.movie_id)", "Plans": [{"Node Type": "Bitmap Index Scan", "Parent Relationship": "Outer", "Index Name": "title_pkey", "Startup Cost": 0.0, "Total Cost": 0.26, "Plan Rows": 1, "Plan Width": 0, "Index Cond": "(id = mi.movie_id)"}]}]}]}, "Unique SQL Id": 4264520866, "Planner Runtime": 37}, "explain_analyze_plan": null}, "(64, '4')": {"explain_plan": {"Plan": {"Node Type": "Aggregate", "Strategy": "Plain", "Startup Cost": 72515.06, "Total Cost": 72515.07, "Plan Rows": 1, "Plan Width": 160, "Plans": [{"Node Type": "Nested Loop", "Parent Relationship": "Outer", "Join Type": "Inner", "Startup Cost": 0.0, "Total Cost": 72514.99, "Plan Rows": 9, "Plan Width": 64, "Inner Unique": true, "Plans": [{"Node Type": "Nested Loop", "Parent Relationship": "Outer", "Join Type": "Inner", "Startup Cost": 0.0, "Total Cost": 72512.36, "Plan Rows": 9, "Plan Width": 59, "Inner Unique": false, "Join Filter": "(mi_idx.info_type_id = it2.id)", "Plans": [{"Node Type": "Seq Scan", "Parent Relationship": "Outer", "Relation Name": "info_type", "Alias": "it2", "Startup Cost": 0.0, "Total Cost": 2.4, "Plan Rows": 1, "Plan Width": 4, "Filter": "((info)::text = 'votes'::text)"}, {"Node Type": "Nested Loop", "Parent Relationship": "Inner", "Join Type": "Inner", "Startup Cost": 0.0, "Total Cost": 72509.54, "Plan Rows": 34, "Plan Width": 63, "Inner Unique": false, "Plans": [{"Node Type": "Nested Loop", "Parent Relationship": "Outer", "Join Type": "Inner", "Startup Cost": 0.0, "Total Cost": 72467.91, "Plan Rows": 133, "Plan Width": 50, "Inner Unique": false, "Join Filter": "(mi.info_type_id = it1.id)", "Plans": [{"Node Type": "Seq Scan", "Parent Relationship": "Outer", "Relation Name": "info_type", "Alias": "it1", "Startup Cost": 0.0, "Total Cost": 2.4, "Plan Rows": 1, "Plan Width": 4, "Filter": "((info)::text = 'budget'::text)"}, {"Node Type": "Materialize", "Parent Relationship": "Inner", "Startup Cost": 0.0, "Total Cost": 72449.9, "Plan Rows": 1561, "Plan Width": 54, "Plans": [{"Node Type": "Nested Loop", "Parent Relationship": "Outer", "Join Type": "Inner", "Startup Cost": 0.0, "Total Cost": 72445.99, "Plan Rows": 1561, "Plan Width": 54, "Inner Unique": false, "Plans": [{"Node Type": "Nested Loop", "Parent Relationship": "Outer", "Join Type": "Inner", "Startup Cost": 0.0, "Total Cost": 72225.77, "Plan Rows": 294, "Plan Width": 4, "Inner Unique": false, "Plans": [{"Node Type": "Streaming(type: LOCAL GATHER dop: 1/64)", "Parent Relationship": "Outer", "Startup Cost": 0.0, "Total Cost": 64783.4, "Plan Rows": 173, "Plan Width": 4, "Plans": [{"Node Type": "Seq Scan", "Parent Relationship": "Outer", "Relation Name": "name", "Alias": "n", "Startup Cost": 0.0, "Total Cost": 64779.83, "Plan Rows": 173, "Plan Width": 4, "Filter": "(((name)::text ~~ '%Tim%'::text) AND ((gender)::text = 'm'::text))"}]}, {"Node Type": "Index Scan", "Parent Relationship": "Inner", "Scan Direction": "Forward", "Index Name": "person_id_cast_info", "Relation Name": "cast_info", "Alias": "ci", "Startup Cost": 0.0, "Total Cost": 43.0, "Plan Rows": 2, "Plan Width": 8, "Index Cond": "(person_id = n.id)", "Filter": "((note)::text = ANY ('{(producer),\"(executive producer)\"}'::text[]))"}]}, {"Node Type": "Index Scan", "Parent Relationship": "Inner", "Scan Direction": "Forward", "Index Name": "movie_id_movie_info", "Relation Name": "movie_info", "Alias": "mi", "Startup Cost": 0.0, "Total Cost": 0.7, "Plan Rows": 5, "Plan Width": 50, "Index Cond": "(movie_id = ci.movie_id)"}]}]}]}, {"Node Type": "Index Scan", "Parent Relationship": "Inner", "Scan Direction": "Forward", "Index Name": "movie_id_movie_info_idx", "Relation Name": "movie_info_idx", "Alias": "mi_idx", "Startup Cost": 0.0, "Total Cost": 0.29, "Plan Rows": 2, "Plan Width": 13, "Index Cond": "(movie_id = mi.movie_id)"}]}]}, {"Node Type": "Index Scan", "Parent Relationship": "Inner", "Scan Direction": "Forward", "Index Name": "title_pkey", "Relation Name": "title", "Alias": "t", "Startup Cost": 0.0, "Total Cost": 0.28, "Plan Rows": 1, "Plan Width": 21, "Index Cond": "(id = mi.movie_id)"}]}]}, "Unique SQL Id": 4264520866, "Planner Runtime": 80}, "explain_analyze_plan": {"Plan": {"Node Type": "Aggregate", "Strategy": "Plain", "Startup Cost": 72515.06, "Total Cost": 72515.07, "Plan Rows": 1, "Plan Width": 160, "Actual Min Startup Time": 423.6, "Actual Max Startup Time": 423.6, "Actual Min Total Time": 423.601, "Actual Max Total Time": 423.601, "Plans": [{"Node Type": "Nested Loop", "Parent Relationship": "Outer", "Join Type": "Inner", "Startup Cost": 0.0, "Total Cost": 72514.99, "Plan Rows": 9, "Plan Width": 64, "Actual Min Startup Time": 375.599, "Actual Max Startup Time": 375.599, "Actual Min Total Time": 423.168, "Actual Max Total Time": 423.168, "Inner Unique": true, "Plans": [{"Node Type": "Nested Loop", "Parent Relationship": "Outer", "Join Type": "Inner", "Startup Cost": 0.0, "Total Cost": 72512.36, "Plan Rows": 9, "Plan Width": 59, "Actual Min Startup Time": 375.583, "Actual Max Startup Time": 375.583, "Actual Min Total Time": 419.719, "Actual Max Total Time": 419.719, "Inner Unique": false, "Join Filter": "(mi_idx.info_type_id = it2.id)", "Rows Removed by Join Filter": 825, "Plans": [{"Node Type": "Seq Scan", "Parent Relationship": "Outer", "Relation Name": "info_type", "Alias": "it2", "Startup Cost": 0.0, "Total Cost": 2.4, "Plan Rows": 1, "Plan Width": 4, "Actual Min Startup Time": 0.082, "Actual Max Startup Time": 0.082, "Actual Min Total Time": 0.09, "Actual Max Total Time": 0.09, "Filter": "((info)::text = 'votes'::text)", "Rows Removed by Filter": 111, "Actual Rows": 1}, {"Node Type": "Nested Loop", "Parent Relationship": "Inner", "Join Type": "Inner", "Startup Cost": 0.0, "Total Cost": 72509.54, "Plan Rows": 34, "Plan Width": 63, "Actual Min Startup Time": 375.484, "Actual Max Startup Time": 375.484, "Actual Min Total Time": 417.291, "Actual Max Total Time": 417.291, "Inner Unique": false, "Plans": [{"Node Type": "Nested Loop", "Parent Relationship": "Outer", "Join Type": "Inner", "Startup Cost": 0.0, "Total Cost": 72467.91, "Plan Rows": 133, "Plan Width": 50, "Actual Min Startup Time": 375.468, "Actual Max Startup Time": 375.468, "Actual Min Total Time": 411.534, "Actual Max Total Time": 411.534, "Inner Unique": false, "Join Filter": "(mi.info_type_id = it1.id)", "Rows Removed by Join Filter": 95197, "Plans": [{"Node Type": "Seq Scan", "Parent Relationship": "Outer", "Relation Name": "info_type", "Alias": "it1", "Startup Cost": 0.0, "Total Cost": 2.4, "Plan Rows": 1, "Plan Width": 4, "Actual Min Startup Time": 0.056, "Actual Max Startup Time": 0.056, "Actual Min Total Time": 0.065, "Actual Max Total Time": 0.065, "Filter": "((info)::text = 'budget'::text)", "Rows Removed by Filter": 111, "Actual Rows": 1}, {"Node Type": "Materialize", "Parent Relationship": "Inner", "Startup Cost": 0.0, "Total Cost": 72449.9, "Plan Rows": 1561, "Plan Width": 54, "Actual Min Startup Time": 375.396, "Actual Max Startup Time": 375.396, "Actual Min Total Time": 387.281, "Actual Max Total Time": 387.281, "Plans": [{"Node Type": "Nested Loop", "Parent Relationship": "Outer", "Join Type": "Inner", "Startup Cost": 0.0, "Total Cost": 72445.99, "Plan Rows": 1561, "Plan Width": 54, "Actual Min Startup Time": 42.926, "Actual Max Startup Time": 42.926, "Actual Min Total Time": 347.775, "Actual Max Total Time": 347.775, "Inner Unique": false, "Plans": [{"Node Type": "Nested Loop", "Parent Relationship": "Outer", "Join Type": "Inner", "Startup Cost": 0.0, "Total Cost": 72225.77, "Plan Rows": 294, "Plan Width": 4, "Actual Min Startup Time": 42.908, "Actual Max Startup Time": 42.908, "Actual Min Total Time": 198.956, "Actual Max Total Time": 198.956, "Inner Unique": false, "Plans": [{"Node Type": "Streaming(type: LOCAL GATHER dop: 1/64)", "Parent Relationship": "Outer", "Startup Cost": 0.0, "Total Cost": 64783.4, "Plan Rows": 173, "Plan Width": 4, "Actual Min Startup Time": 42.663, "Actual Max Startup Time": 42.663, "Actual Min Total Time": 67.339, "Actual Max Total Time": 67.339, "Plans": [{"Node Type": "Seq Scan", "Parent Relationship": "Outer", "Relation Name": "name", "Alias": "n", "Startup Cost": 0.0, "Total Cost": 64779.83, "Plan Rows": 173, "Plan Width": 4, "Actual Min Startup Time": 0.025, "Actual Max Startup Time": 0.853, "Actual Min Total Time": 25.433, "Actual Max Total Time": 29.531, "Filter": "(((name)::text ~~ '%Tim%'::text) AND ((gender)::text = 'm'::text))", "Rows Removed by Filter": 4158428, "Actual Rows": 9062}], "Actual Rows": 9062}, {"Node Type": "Index Scan", "Parent Relationship": "Inner", "Scan Direction": "Forward", "Index Name": "person_id_cast_info", "Relation Name": "cast_info", "Alias": "ci", "Startup Cost": 0.0, "Total Cost": 43.0, "Plan Rows": 2, "Plan Width": 8, "Actual Min Startup Time": 106.014, "Actual Max Startup Time": 106.014, "Actual Min Total Time": 125.322, "Actual Max Total Time": 125.322, "Index Cond": "(person_id = n.id)", "Rows Removed by Index Recheck": 0, "Filter": "((note)::text = ANY ('{(producer),\"(executive producer)\"}'::text[]))", "Rows Removed by Filter": 89309, "Actual Rows": 6719}], "Actual Rows": 6719}, {"Node Type": "Index Scan", "Parent Relationship": "Inner", "Scan Direction": "Forward", "Index Name": "movie_id_movie_info", "Relation Name": "movie_info", "Alias": "mi", "Startup Cost": 0.0, "Total Cost": 0.7, "Plan Rows": 5, "Plan Width": 50, "Actual Min Startup Time": 39.752, "Actual Max Startup Time": 39.752, "Actual Min Total Time": 124.275, "Actual Max Total Time": 124.275, "Index Cond": "(movie_id = ci.movie_id)", "Rows Removed by Index Recheck": 0, "Actual Rows": 95896}], "Actual Rows": 95896}], "Actual Rows": 95897}], "Actual Rows": 699}, {"Node Type": "Index Scan", "Parent Relationship": "Inner", "Scan Direction": "Forward", "Index Name": "movie_id_movie_info_idx", "Relation Name": "movie_info_idx", "Alias": "mi_idx", "Startup Cost": 0.0, "Total Cost": 0.29, "Plan Rows": 2, "Plan Width": 13, "Actual Min Startup Time": 4.566, "Actual Max Startup Time": 4.566, "Actual Min Total Time": 5.101, "Actual Max Total Time": 5.101, "Index Cond": "(movie_id = mi.movie_id)", "Rows Removed by Index Recheck": 0, "Actual Rows": 1235}], "Actual Rows": 1235}], "Actual Rows": 410}, {"Node Type": "Index Scan", "Parent Relationship": "Inner", "Scan Direction": "Forward", "Index Name": "title_pkey", "Relation Name": "title", "Alias": "t", "Startup Cost": 0.0, "Total Cost": 0.28, "Plan Rows": 1, "Plan Width": 21, "Actual Min Startup Time": 3.129, "Actual Max Startup Time": 3.129, "Actual Min Total Time": 3.129, "Actual Max Total Time": 3.129, "Index Cond": "(id = mi.movie_id)", "Rows Removed by Index Recheck": 0, "Actual Rows": 410}], "Actual Rows": 410}], "Actual Rows": 1}, "Triggers": [], "Planner Runtime": 80.042, "Total Runtime": 435.075, "Unique SQL Id": 4264520866}}, "(64, '5')": {"explain_plan": {"Plan": {"Node Type": "Aggregate", "Strategy": "Plain", "Startup Cost": 204687.88, "Total Cost": 204687.89, "Plan Rows": 1, "Plan Width": 160, "Plans": [{"Node Type": "Nested Loop", "Parent Relationship": "Outer", "Join Type": "Inner", "Startup Cost": 0.0, "Total Cost": 204687.82, "Plan Rows": 9, "Plan Width": 64, "Inner Unique": true, "Plans": [{"Node Type": "Nested Loop", "Parent Relationship": "Outer", "Join Type": "Inner", "Startup Cost": 0.0, "Total Cost": 204685.19, "Plan Rows": 9, "Plan Width": 59, "Inner Unique": false, "Join Filter": "(mi.info_type_id = it1.id)", "Plans": [{"Node Type": "Index Scan", "Parent Relationship": "Outer", "Scan Direction": "Forward", "Index Name": "info_type_pkey", "Relation Name": "info_type", "Alias": "it1", "Startup Cost": 0.0, "Total Cost": 14.21, "Plan Rows": 1, "Plan Width": 4, "Filter": "((info)::text = 'budget'::text)"}, {"Node Type": "Nested Loop", "Parent Relationship": "Inner", "Join Type": "Inner", "Startup Cost": 0.0, "Total Cost": 204667.49, "Plan Rows": 279, "Plan Width": 63, "Inner Unique": false, "Join Filter": "(mi_idx.movie_id = mi.movie_id)", "Plans": [{"Node Type": "Nested Loop", "Parent Relationship": "Outer", "Join Type": "Inner", "Startup Cost": 0.0, "Total Cost": 204627.89, "Plan Rows": 52, "Plan Width": 13, "Inner Unique": false, "Join Filter": "(mi_idx.info_type_id = it2.id)", "Plans": [{"Node Type": "Index Scan", "Parent Relationship": "Outer", "Scan Direction": "Forward", "Index Name": "info_type_pkey", "Relation Name": "info_type", "Alias": "it2", "Startup Cost": 0.0, "Total Cost": 14.21, "Plan Rows": 1, "Plan Width": 4, "Filter": "((info)::text = 'votes'::text)"}, {"Node Type": "Nested Loop", "Parent Relationship": "Inner", "Join Type": "Inner", "Startup Cost": 0.0, "Total Cost": 204609.36, "Plan Rows": 346, "Plan Width": 17, "Inner Unique": false, "Plans": [{"Node Type": "Nested Loop", "Parent Relationship": "Outer", "Join Type": "Inner", "Startup Cost": 0.0, "Total Cost": 204512.56, "Plan Rows": 294, "Plan Width": 4, "Inner Unique": false, "Plans": [{"Node Type": "Index Scan", "Parent Relationship": "Outer", "Scan Direction": "Forward", "Index Name": "name_pkey", "Relation Name": "name", "Alias": "n", "Startup Cost": 0.0, "Total Cost": 197070.2, "Plan Rows": 173, "Plan Width": 4, "Filter": "(((name)::text ~~ '%Tim%'::text) AND ((gender)::text = 'm'::text))"}, {"Node Type": "Index Scan", "Parent Relationship": "Inner", "Scan Direction": "Forward", "Index Name": "person_id_cast_info", "Relation Name": "cast_info", "Alias": "ci", "Startup Cost": 0.0, "Total Cost": 43.0, "Plan Rows": 2, "Plan Width": 8, "Index Cond": "(person_id = n.id)", "Filter": "((note)::text = ANY ('{(producer),\"(executive producer)\"}'::text[]))"}]}, {"Node Type": "Index Scan", "Parent Relationship": "Inner", "Scan Direction": "Forward", "Index Name": "movie_id_movie_info_idx", "Relation Name": "movie_info_idx", "Alias": "mi_idx", "Startup Cost": 0.0, "Total Cost": 0.31, "Plan Rows": 2, "Plan Width": 13, "Index Cond": "(movie_id = ci.movie_id)"}]}]}, {"Node Type": "Index Scan", "Parent Relationship": "Inner", "Scan Direction": "Forward", "Index Name": "movie_id_movie_info", "Relation Name": "movie_info", "Alias": "mi", "Startup Cost": 0.0, "Total Cost": 0.7, "Plan Rows": 5, "Plan Width": 50, "Index Cond": "(movie_id = ci.movie_id)"}]}]}, {"Node Type": "Index Scan", "Parent Relationship": "Inner", "Scan Direction": "Forward", "Index Name": "title_pkey", "Relation Name": "title", "Alias": "t", "Startup Cost": 0.0, "Total Cost": 0.28, "Plan Rows": 1, "Plan Width": 21, "Index Cond": "(id = mi.movie_id)"}]}]}, "Unique SQL Id": 4264520866, "Planner Runtime": 54}, "explain_analyze_plan": null}, "(64, '6')": {"explain_plan": {"Plan": {"Node Type": "Aggregate", "Strategy": "Plain", "Startup Cost": 79926.46, "Total Cost": 79926.47, "Plan Rows": 1, "Plan Width": 160, "Plans": [{"Node Type": "Nested Loop", "Parent Relationship": "Outer", "Join Type": "Inner", "Startup Cost": 5.3, "Total Cost": 79926.39, "Plan Rows": 9, "Plan Width": 64, "Inner Unique": true, "Plans": [{"Node Type": "Nested Loop", "Parent Relationship": "Outer", "Join Type": "Inner", "Startup Cost": 5.04, "Total Cost": 79887.84, "Plan Rows": 9, "Plan Width": 59, "Inner Unique": false, "Join Filter": "(mi_idx.info_type_id = it2.id)", "Plans": [{"Node Type": "Seq Scan", "Parent Relationship": "Outer", "Relation Name": "info_type", "Alias": "it2", "Startup Cost": 0.0, "Total Cost": 2.4, "Plan Rows": 1, "Plan Width": 4, "Filter": "((info)::text = 'votes'::text)"}, {"Node Type": "Nested Loop", "Parent Relationship": "Inner", "Join Type": "Inner", "Startup Cost": 5.04, "Total Cost": 79885.02, "Plan Rows": 34, "Plan Width": 63, "Inner Unique": false, "Plans": [{"Node Type": "Nested Loop", "Parent Relationship": "Outer", "Join Type": "Inner", "Startup Cost": 4.77, "Total Cost": 79311.55, "Plan Rows": 133, "Plan Width": 50, "Inner Unique": false, "Join Filter": "(mi.info_type_id = it1.id)", "Plans": [{"Node Type": "Seq Scan", "Parent Relationship": "Outer", "Relation Name": "info_type", "Alias": "it1", "Startup Cost": 0.0, "Total Cost": 2.4, "Plan Rows": 1, "Plan Width": 4, "Filter": "((info)::text = 'budget'::text)"}, {"Node Type": "Materialize", "Parent Relationship": "Inner", "Startup Cost": 4.77, "Total Cost": 79293.54, "Plan Rows": 1561, "Plan Width": 54, "Plans": [{"Node Type": "Nested Loop", "Parent Relationship": "Outer", "Join Type": "Inner", "Startup Cost": 4.77, "Total Cost": 79289.64, "Plan Rows": 1561, "Plan Width": 54, "Inner Unique": false, "Plans": [{"Node Type": "Nested Loop", "Parent Relationship": "Outer", "Join Type": "Inner", "Startup Cost": 4.39, "Total Cost": 77967.24, "Plan Rows": 294, "Plan Width": 4, "Inner Unique": false, "Plans": [{"Node Type": "Streaming(type: LOCAL GATHER dop: 1/64)", "Parent Relationship": "Outer", "Startup Cost": 0.0, "Total Cost": 64783.4, "Plan Rows": 173, "Plan Width": 4, "Plans": [{"Node Type": "Seq Scan", "Parent Relationship": "Outer", "Relation Name": "name", "Alias": "n", "Startup Cost": 0.0, "Total Cost": 64779.83, "Plan Rows": 173, "Plan Width": 4, "Filter": "(((name)::text ~~ '%Tim%'::text) AND ((gender)::text = 'm'::text))"}]}, {"Node Type": "Bitmap Heap Scan", "Parent Relationship": "Inner", "Relation Name": "cast_info", "Alias": "ci", "Startup Cost": 4.39, "Total Cost": 76.19, "Plan Rows": 2, "Plan Width": 8, "Recheck Cond": "(person_id = n.id)", "Filter": "((note)::text = ANY ('{(producer),\"(executive producer)\"}'::text[]))", "Plans": [{"Node Type": "Bitmap Index Scan", "Parent Relationship": "Outer", "Index Name": "person_id_cast_info", "Startup Cost": 0.0, "Total Cost": 4.38, "Plan Rows": 18, "Plan Width": 0, "Index Cond": "(person_id = n.id)"}]}]}, {"Node Type": "Bitmap Heap Scan", "Parent Relationship": "Inner", "Relation Name": "movie_info", "Alias": "mi", "Startup Cost": 0.39, "Total Cost": 4.45, "Plan Rows": 5, "Plan Width": 50, "Recheck Cond": "(movie_id = ci.movie_id)", "Plans": [{"Node Type": "Bitmap Index Scan", "Parent Relationship": "Outer", "Index Name": "movie_id_movie_info", "Startup Cost": 0.0, "Total Cost": 0.38, "Plan Rows": 5, "Plan Width": 0, "Index Cond": "(movie_id = ci.movie_id)"}]}]}]}]}, {"Node Type": "Bitmap Heap Scan", "Parent Relationship": "Inner", "Relation Name": "movie_info_idx", "Alias": "mi_idx", "Startup Cost": 0.27, "Total Cost": 4.29, "Plan Rows": 2, "Plan Width": 13, "Recheck Cond": "(movie_id = mi.movie_id)", "Plans": [{"Node Type": "Bitmap Index Scan", "Parent Relationship": "Outer", "Index Name": "movie_id_movie_info_idx", "Startup Cost": 0.0, "Total Cost": 0.27, "Plan Rows": 2, "Plan Width": 0, "Index Cond": "(movie_id = mi.movie_id)"}]}]}]}, {"Node Type": "Bitmap Heap Scan", "Parent Relationship": "Inner", "Relation Name": "title", "Alias": "t", "Startup Cost": 0.26, "Total Cost": 4.27, "Plan Rows": 1, "Plan Width": 21, "Recheck Cond": "(id = mi.movie_id)", "Plans": [{"Node Type": "Bitmap Index Scan", "Parent Relationship": "Outer", "Index Name": "title_pkey", "Startup Cost": 0.0, "Total Cost": 0.26, "Plan Rows": 1, "Plan Width": 0, "Index Cond": "(id = mi.movie_id)"}]}]}]}, "Unique SQL Id": 4264520866, "Planner Runtime": 90}, "explain_analyze_plan": {"Plan": {"Node Type": "Aggregate", "Strategy": "Plain", "Startup Cost": 79926.46, "Total Cost": 79926.47, "Plan Rows": 1, "Plan Width": 160, "Actual Min Startup Time": 553.006, "Actual Max Startup Time": 553.006, "Actual Min Total Time": 553.006, "Actual Max Total Time": 553.006, "Plans": [{"Node Type": "Nested Loop", "Parent Relationship": "Outer", "Join Type": "Inner", "Startup Cost": 5.3, "Total Cost": 79926.39, "Plan Rows": 9, "Plan Width": 64, "Actual Min Startup Time": 502.54, "Actual Max Startup Time": 502.54, "Actual Min Total Time": 552.518, "Actual Max Total Time": 552.518, "Inner Unique": true, "Plans": [{"Node Type": "Nested Loop", "Parent Relationship": "Outer", "Join Type": "Inner", "Startup Cost": 5.04, "Total Cost": 79887.84, "Plan Rows": 9, "Plan Width": 59, "Actual Min Startup Time": 502.512, "Actual Max Startup Time": 502.512, "Actual Min Total Time": 548.303, "Actual Max Total Time": 548.303, "Inner Unique": false, "Join Filter": "(mi_idx.info_type_id = it2.id)", "Rows Removed by Join Filter": 825, "Plans": [{"Node Type": "Seq Scan", "Parent Relationship": "Outer", "Relation Name": "info_type", "Alias": "it2", "Startup Cost": 0.0, "Total Cost": 2.4, "Plan Rows": 1, "Plan Width": 4, "Actual Min Startup Time": 0.111, "Actual Max Startup Time": 0.111, "Actual Min Total Time": 0.118, "Actual Max Total Time": 0.118, "Filter": "((info)::text = 'votes'::text)", "Rows Removed by Filter": 111, "Actual Rows": 1}, {"Node Type": "Nested Loop", "Parent Relationship": "Inner", "Join Type": "Inner", "Startup Cost": 5.04, "Total Cost": 79885.02, "Plan Rows": 34, "Plan Width": 63, "Actual Min Startup Time": 502.382, "Actual Max Startup Time": 502.382, "Actual Min Total Time": 545.73, "Actual Max Total Time": 545.73, "Inner Unique": false, "Plans": [{"Node Type": "Nested Loop", "Parent Relationship": "Outer", "Join Type": "Inner", "Startup Cost": 4.77, "Total Cost": 79311.55, "Plan Rows": 133, "Plan Width": 50, "Actual Min Startup Time": 502.311, "Actual Max Startup Time": 502.311, "Actual Min Total Time": 538.947, "Actual Max Total Time": 538.947, "Inner Unique": false, "Join Filter": "(mi.info_type_id = it1.id)", "Rows Removed by Join Filter": 95197, "Plans": [{"Node Type": "Seq Scan", "Parent Relationship": "Outer", "Relation Name": "info_type", "Alias": "it1", "Startup Cost": 0.0, "Total Cost": 2.4, "Plan Rows": 1, "Plan Width": 4, "Actual Min Startup Time": 0.072, "Actual Max Startup Time": 0.072, "Actual Min Total Time": 0.083, "Actual Max Total Time": 0.083, "Filter": "((info)::text = 'budget'::text)", "Rows Removed by Filter": 111, "Actual Rows": 1}, {"Node Type": "Materialize", "Parent Relationship": "Inner", "Startup Cost": 4.77, "Total Cost": 79293.54, "Plan Rows": 1561, "Plan Width": 54, "Actual Min Startup Time": 502.224, "Actual Max Startup Time": 502.224, "Actual Min Total Time": 514.286, "Actual Max Total Time": 514.286, "Plans": [{"Node Type": "Nested Loop", "Parent Relationship": "Outer", "Join Type": "Inner", "Startup Cost": 4.77, "Total Cost": 79289.64, "Plan Rows": 1561, "Plan Width": 54, "Actual Min Startup Time": 139.749, "Actual Max Startup Time": 139.749, "Actual Min Total Time": 475.605, "Actual Max Total Time": 475.605, "Inner Unique": false, "Plans": [{"Node Type": "Nested Loop", "Parent Relationship": "Outer", "Join Type": "Inner", "Startup Cost": 4.39, "Total Cost": 77967.24, "Plan Rows": 294, "Plan Width": 4, "Actual Min Startup Time": 139.713, "Actual Max Startup Time": 139.713, "Actual Min Total Time": 302.456, "Actual Max Total Time": 302.456, "Inner Unique": false, "Plans": [{"Node Type": "Streaming(type: LOCAL GATHER dop: 1/64)", "Parent Relationship": "Outer", "Startup Cost": 0.0, "Total Cost": 64783.4, "Plan Rows": 173, "Plan Width": 4, "Actual Min Startup Time": 139.53, "Actual Max Startup Time": 139.53, "Actual Min Total Time": 154.227, "Actual Max Total Time": 154.227, "Plans": [{"Node Type": "Seq Scan", "Parent Relationship": "Outer", "Relation Name": "name", "Alias": "n", "Startup Cost": 0.0, "Total Cost": 64779.83, "Plan Rows": 173, "Plan Width": 4, "Actual Min Startup Time": 0.03, "Actual Max Startup Time": 0.847, "Actual Min Total Time": 25.6, "Actual Max Total Time": 30.16, "Filter": "(((name)::text ~~ '%Tim%'::text) AND ((gender)::text = 'm'::text))", "Rows Removed by Filter": 4158428, "Actual Rows": 9062}], "Actual Rows": 9062}, {"Node Type": "Bitmap Heap Scan", "Parent Relationship": "Inner", "Relation Name": "cast_info", "Alias": "ci", "Startup Cost": 4.39, "Total Cost": 76.19, "Plan Rows": 2, "Plan Width": 8, "Actual Min Startup Time": 119.719, "Actual Max Startup Time": 119.719, "Actual Min Total Time": 135.662, "Actual Max Total Time": 135.662, "Recheck Cond": "(person_id = n.id)", "Rows Removed by Index Recheck": 0, "Filter": "((note)::text = ANY ('{(producer),\"(executive producer)\"}'::text[]))", "Rows Removed by Filter": 89309, "Exact Heap Blocks": 13336, "Lossy Heap Blocks": 13336, "Plans": [{"Node Type": "Bitmap Index Scan", "Parent Relationship": "Outer", "Index Name": "person_id_cast_info", "Startup Cost": 0.0, "Total Cost": 4.38, "Plan Rows": 18, "Plan Width": 0, "Actual Min Startup Time": 51.093, "Actual Max Startup Time": 51.093, "Actual Min Total Time": 51.093, "Actual Max Total Time": 51.093, "Index Cond": "(person_id = n.id)", "Actual Rows": 96028}], "Actual Rows": 6719}], "Actual Rows": 6719}, {"Node Type": "Bitmap Heap Scan", "Parent Relationship": "Inner", "Relation Name": "movie_info", "Alias": "mi", "Startup Cost": 0.39, "Total Cost": 4.45, "Plan Rows": 5, "Plan Width": 50, "Actual Min Startup Time": 61.839, "Actual Max Startup Time": 61.839, "Actual Min Total Time": 144.856, "Actual Max Total Time": 144.856, "Recheck Cond": "(movie_id = ci.movie_id)", "Rows Removed by Index Recheck": 0, "Exact Heap Blocks": 40013, "Lossy Heap Blocks": 40013, "Plans": [{"Node Type": "Bitmap Index Scan", "Parent Relationship": "Outer", "Index Name": "movie_id_movie_info", "Startup Cost": 0.0, "Total Cost": 0.38, "Plan Rows": 5, "Plan Width": 0, "Actual Min Startup Time": 43.011, "Actual Max Startup Time": 43.011, "Actual Min Total Time": 43.011, "Actual Max Total Time": 43.011, "Index Cond": "(movie_id = ci.movie_id)", "Actual Rows": 95896}], "Actual Rows": 95896}], "Actual Rows": 95896}], "Actual Rows": 95897}], "Actual Rows": 699}, {"Node Type": "Bitmap Heap Scan", "Parent Relationship": "Inner", "Relation Name": "movie_info_idx", "Alias": "mi_idx", "Startup Cost": 0.27, "Total Cost": 4.29, "Plan Rows": 2, "Plan Width": 13, "Actual Min Startup Time": 5.445, "Actual Max Startup Time": 5.445, "Actual Min Total Time": 5.659, "Actual Max Total Time": 5.659, "Recheck Cond": "(movie_id = mi.movie_id)", "Rows Removed by Index Recheck": 0, "Exact Heap Blocks": 419, "Lossy Heap Blocks": 419, "Plans": [{"Node Type": "Bitmap Index Scan", "Parent Relationship": "Outer", "Index Name": "movie_id_movie_info_idx", "Startup Cost": 0.0, "Total Cost": 0.27, "Plan Rows": 2, "Plan Width": 0, "Actual Min Startup Time": 3.926, "Actual Max Startup Time": 3.926, "Actual Min Total Time": 3.926, "Actual Max Total Time": 3.926, "Index Cond": "(movie_id = mi.movie_id)", "Actual Rows": 1235}], "Actual Rows": 1235}], "Actual Rows": 1235}], "Actual Rows": 410}, {"Node Type": "Bitmap Heap Scan", "Parent Relationship": "Inner", "Relation Name": "title", "Alias": "t", "Startup Cost": 0.26, "Total Cost": 4.27, "Plan Rows": 1, "Plan Width": 21, "Actual Min Startup Time": 3.657, "Actual Max Startup Time": 3.657, "Actual Min Total Time": 3.657, "Actual Max Total Time": 3.657, "Recheck Cond": "(id = mi.movie_id)", "Rows Removed by Index Recheck": 0, "Exact Heap Blocks": 410, "Lossy Heap Blocks": 410, "Plans": [{"Node Type": "Bitmap Index Scan", "Parent Relationship": "Outer", "Index Name": "title_pkey", "Startup Cost": 0.0, "Total Cost": 0.26, "Plan Rows": 1, "Plan Width": 0, "Actual Min Startup Time": 2.28, "Actual Max Startup Time": 2.28, "Actual Min Total Time": 2.28, "Actual Max Total Time": 2.28, "Index Cond": "(id = mi.movie_id)", "Actual Rows": 410}], "Actual Rows": 410}], "Actual Rows": 410}], "Actual Rows": 1}, "Triggers": [], "Planner Runtime": 92.198, "Total Runtime": 566.553, "Unique SQL Id": 4264520866}}, "(64, '7')": {"explain_plan": {"Plan": {"Node Type": "Aggregate", "Strategy": "Plain", "Startup Cost": 212364.75, "Total Cost": 212364.76, "Plan Rows": 1, "Plan Width": 160, "Plans": [{"Node Type": "Nested Loop", "Parent Relationship": "Outer", "Join Type": "Inner", "Startup Cost": 83172.11, "Total Cost": 212364.68, "Plan Rows": 9, "Plan Width": 64, "Inner Unique": true, "Plans": [{"Node Type": "Nested Loop", "Parent Relationship": "Outer", "Join Type": "Inner", "Startup Cost": 83171.85, "Total Cost": 212326.13, "Plan Rows": 9, "Plan Width": 59, "Inner Unique": true, "Plans": [{"Node Type": "Nested Loop", "Parent Relationship": "Outer", "Join Type": "Inner", "Startup Cost": 83171.59, "Total Cost": 212180.52, "Plan Rows": 34, "Plan Width": 63, "Inner Unique": false, "Plans": [{"Node Type": "Nested Loop", "Parent Relationship": "Outer", "Join Type": "Inner", "Startup Cost": 83171.32, "Total Cost": 211607.05, "Plan Rows": 133, "Plan Width": 50, "Inner Unique": false, "Join Filter": "(mi.info_type_id = it1.id)", "Plans": [{"Node Type": "Bitmap Heap Scan", "Parent Relationship": "Outer", "Relation Name": "info_type", "Alias": "it1", "Startup Cost": 8.81, "Total Cost": 14.21, "Plan Rows": 1, "Plan Width": 4, "Filter": "((info)::text = 'budget'::text)", "Plans": [{"Node Type": "Bitmap Index Scan", "Parent Relationship": "Outer", "Index Name": "info_type_pkey", "Startup Cost": 0.0, "Total Cost": 8.81, "Plan Rows": 112, "Plan Width": 0}]}, {"Node Type": "Nested Loop", "Parent Relationship": "Inner", "Join Type": "Inner", "Startup Cost": 83162.51, "Total Cost": 211573.33, "Plan Rows": 1561, "Plan Width": 54, "Inner Unique": false, "Plans": [{"Node Type": "Nested Loop", "Parent Relationship": "Outer", "Join Type": "Inner", "Startup Cost": 83162.13, "Total Cost": 210250.93, "Plan Rows": 294, "Plan Width": 4, "Inner Unique": false, "Plans": [{"Node Type": "Bitmap Heap Scan", "Parent Relationship": "Outer", "Relation Name": "name", "Alias": "n", "Startup Cost": 83157.74, "Total Cost": 197067.09, "Plan Rows": 173, "Plan Width": 4, "Filter": "(((name)::text ~~ '%Tim%'::text) AND ((gender)::text = 'm'::text))", "Plans": [{"Node Type": "Bitmap Index Scan", "Parent Relationship": "Outer", "Index Name": "name_pkey", "Startup Cost": 0.0, "Total Cost": 83157.7, "Plan Rows": 4167490, "Plan Width": 0}]}, {"Node Type": "Bitmap Heap Scan", "Parent Relationship": "Inner", "Relation Name": "cast_info", "Alias": "ci", "Startup Cost": 4.39, "Total Cost": 76.19, "Plan Rows": 2, "Plan Width": 8, "Recheck Cond": "(person_id = n.id)", "Filter": "((note)::text = ANY ('{(producer),\"(executive producer)\"}'::text[]))", "Plans": [{"Node Type": "Bitmap Index Scan", "Parent Relationship": "Outer", "Index Name": "person_id_cast_info", "Startup Cost": 0.0, "Total Cost": 4.38, "Plan Rows": 18, "Plan Width": 0, "Index Cond": "(person_id = n.id)"}]}]}, {"Node Type": "Bitmap Heap Scan", "Parent Relationship": "Inner", "Relation Name": "movie_info", "Alias": "mi", "Startup Cost": 0.39, "Total Cost": 4.45, "Plan Rows": 5, "Plan Width": 50, "Recheck Cond": "(movie_id = ci.movie_id)", "Plans": [{"Node Type": "Bitmap Index Scan", "Parent Relationship": "Outer", "Index Name": "movie_id_movie_info", "Startup Cost": 0.0, "Total Cost": 0.38, "Plan Rows": 5, "Plan Width": 0, "Index Cond": "(movie_id = ci.movie_id)"}]}]}]}, {"Node Type": "Bitmap Heap Scan", "Parent Relationship": "Inner", "Relation Name": "movie_info_idx", "Alias": "mi_idx", "Startup Cost": 0.27, "Total Cost": 4.29, "Plan Rows": 2, "Plan Width": 13, "Recheck Cond": "(movie_id = mi.movie_id)", "Plans": [{"Node Type": "Bitmap Index Scan", "Parent Relationship": "Outer", "Index Name": "movie_id_movie_info_idx", "Startup Cost": 0.0, "Total Cost": 0.27, "Plan Rows": 2, "Plan Width": 0, "Index Cond": "(movie_id = mi.movie_id)"}]}]}, {"Node Type": "Bitmap Heap Scan", "Parent Relationship": "Inner", "Relation Name": "info_type", "Alias": "it2", "Startup Cost": 0.26, "Total Cost": 4.27, "Plan Rows": 1, "Plan Width": 4, "Recheck Cond": "(id = mi_idx.info_type_id)", "Filter": "((info)::text = 'votes'::text)", "Plans": [{"Node Type": "Bitmap Index Scan", "Parent Relationship": "Outer", "Index Name": "info_type_pkey", "Startup Cost": 0.0, "Total Cost": 0.26, "Plan Rows": 1, "Plan Width": 0, "Index Cond": "(id = mi_idx.info_type_id)"}]}]}, {"Node Type": "Bitmap Heap Scan", "Parent Relationship": "Inner", "Relation Name": "title", "Alias": "t", "Startup Cost": 0.26, "Total Cost": 4.27, "Plan Rows": 1, "Plan Width": 21, "Recheck Cond": "(id = mi.movie_id)", "Plans": [{"Node Type": "Bitmap Index Scan", "Parent Relationship": "Outer", "Index Name": "title_pkey", "Startup Cost": 0.0, "Total Cost": 0.26, "Plan Rows": 1, "Plan Width": 0, "Index Cond": "(id = mi.movie_id)"}]}]}]}, "Unique SQL Id": 4264520866, "Planner Runtime": 37}, "explain_analyze_plan": null}, "(64, '8')": {"explain_plan": {"Plan": {"Node Type": "Aggregate", "Strategy": "Plain", "Startup Cost": 72515.06, "Total Cost": 72515.07, "Plan Rows": 1, "Plan Width": 160, "Plans": [{"Node Type": "Nested Loop", "Parent Relationship": "Outer", "Join Type": "Inner", "Startup Cost": 0.0, "Total Cost": 72514.99, "Plan Rows": 9, "Plan Width": 64, "Inner Unique": true, "Plans": [{"Node Type": "Nested Loop", "Parent Relationship": "Outer", "Join Type": "Inner", "Startup Cost": 0.0, "Total Cost": 72512.36, "Plan Rows": 9, "Plan Width": 59, "Inner Unique": false, "Join Filter": "(mi_idx.info_type_id = it2.id)", "Plans": [{"Node Type": "Seq Scan", "Parent Relationship": "Outer", "Relation Name": "info_type", "Alias": "it2", "Startup Cost": 0.0, "Total Cost": 2.4, "Plan Rows": 1, "Plan Width": 4, "Filter": "((info)::text = 'votes'::text)"}, {"Node Type": "Nested Loop", "Parent Relationship": "Inner", "Join Type": "Inner", "Startup Cost": 0.0, "Total Cost": 72509.54, "Plan Rows": 34, "Plan Width": 63, "Inner Unique": false, "Plans": [{"Node Type": "Nested Loop", "Parent Relationship": "Outer", "Join Type": "Inner", "Startup Cost": 0.0, "Total Cost": 72467.91, "Plan Rows": 133, "Plan Width": 50, "Inner Unique": false, "Join Filter": "(mi.info_type_id = it1.id)", "Plans": [{"Node Type": "Seq Scan", "Parent Relationship": "Outer", "Relation Name": "info_type", "Alias": "it1", "Startup Cost": 0.0, "Total Cost": 2.4, "Plan Rows": 1, "Plan Width": 4, "Filter": "((info)::text = 'budget'::text)"}, {"Node Type": "Materialize", "Parent Relationship": "Inner", "Startup Cost": 0.0, "Total Cost": 72449.9, "Plan Rows": 1561, "Plan Width": 54, "Plans": [{"Node Type": "Nested Loop", "Parent Relationship": "Outer", "Join Type": "Inner", "Startup Cost": 0.0, "Total Cost": 72445.99, "Plan Rows": 1561, "Plan Width": 54, "Inner Unique": false, "Plans": [{"Node Type": "Nested Loop", "Parent Relationship": "Outer", "Join Type": "Inner", "Startup Cost": 0.0, "Total Cost": 72225.77, "Plan Rows": 294, "Plan Width": 4, "Inner Unique": false, "Plans": [{"Node Type": "Streaming(type: LOCAL GATHER dop: 1/64)", "Parent Relationship": "Outer", "Startup Cost": 0.0, "Total Cost": 64783.4, "Plan Rows": 173, "Plan Width": 4, "Plans": [{"Node Type": "Seq Scan", "Parent Relationship": "Outer", "Relation Name": "name", "Alias": "n", "Startup Cost": 0.0, "Total Cost": 64779.83, "Plan Rows": 173, "Plan Width": 4, "Filter": "(((name)::text ~~ '%Tim%'::text) AND ((gender)::text = 'm'::text))"}]}, {"Node Type": "Index Scan", "Parent Relationship": "Inner", "Scan Direction": "Forward", "Index Name": "person_id_cast_info", "Relation Name": "cast_info", "Alias": "ci", "Startup Cost": 0.0, "Total Cost": 43.0, "Plan Rows": 2, "Plan Width": 8, "Index Cond": "(person_id = n.id)", "Filter": "((note)::text = ANY ('{(producer),\"(executive producer)\"}'::text[]))"}]}, {"Node Type": "Index Scan", "Parent Relationship": "Inner", "Scan Direction": "Forward", "Index Name": "movie_id_movie_info", "Relation Name": "movie_info", "Alias": "mi", "Startup Cost": 0.0, "Total Cost": 0.7, "Plan Rows": 5, "Plan Width": 50, "Index Cond": "(movie_id = ci.movie_id)"}]}]}]}, {"Node Type": "Index Scan", "Parent Relationship": "Inner", "Scan Direction": "Forward", "Index Name": "movie_id_movie_info_idx", "Relation Name": "movie_info_idx", "Alias": "mi_idx", "Startup Cost": 0.0, "Total Cost": 0.29, "Plan Rows": 2, "Plan Width": 13, "Index Cond": "(movie_id = mi.movie_id)"}]}]}, {"Node Type": "Index Scan", "Parent Relationship": "Inner", "Scan Direction": "Forward", "Index Name": "title_pkey", "Relation Name": "title", "Alias": "t", "Startup Cost": 0.0, "Total Cost": 0.28, "Plan Rows": 1, "Plan Width": 21, "Index Cond": "(id = mi.movie_id)"}]}]}, "Unique SQL Id": 4264520866, "Planner Runtime": 79}, "explain_analyze_plan": {"Plan": {"Node Type": "Aggregate", "Strategy": "Plain", "Startup Cost": 72515.06, "Total Cost": 72515.07, "Plan Rows": 1, "Plan Width": 160, "Actual Min Startup Time": 423.6, "Actual Max Startup Time": 423.6, "Actual Min Total Time": 423.601, "Actual Max Total Time": 423.601, "Plans": [{"Node Type": "Nested Loop", "Parent Relationship": "Outer", "Join Type": "Inner", "Startup Cost": 0.0, "Total Cost": 72514.99, "Plan Rows": 9, "Plan Width": 64, "Actual Min Startup Time": 375.599, "Actual Max Startup Time": 375.599, "Actual Min Total Time": 423.168, "Actual Max Total Time": 423.168, "Inner Unique": true, "Plans": [{"Node Type": "Nested Loop", "Parent Relationship": "Outer", "Join Type": "Inner", "Startup Cost": 0.0, "Total Cost": 72512.36, "Plan Rows": 9, "Plan Width": 59, "Actual Min Startup Time": 375.583, "Actual Max Startup Time": 375.583, "Actual Min Total Time": 419.719, "Actual Max Total Time": 419.719, "Inner Unique": false, "Join Filter": "(mi_idx.info_type_id = it2.id)", "Rows Removed by Join Filter": 825, "Plans": [{"Node Type": "Seq Scan", "Parent Relationship": "Outer", "Relation Name": "info_type", "Alias": "it2", "Startup Cost": 0.0, "Total Cost": 2.4, "Plan Rows": 1, "Plan Width": 4, "Actual Min Startup Time": 0.082, "Actual Max Startup Time": 0.082, "Actual Min Total Time": 0.09, "Actual Max Total Time": 0.09, "Filter": "((info)::text = 'votes'::text)", "Rows Removed by Filter": 111, "Actual Rows": 1}, {"Node Type": "Nested Loop", "Parent Relationship": "Inner", "Join Type": "Inner", "Startup Cost": 0.0, "Total Cost": 72509.54, "Plan Rows": 34, "Plan Width": 63, "Actual Min Startup Time": 375.484, "Actual Max Startup Time": 375.484, "Actual Min Total Time": 417.291, "Actual Max Total Time": 417.291, "Inner Unique": false, "Plans": [{"Node Type": "Nested Loop", "Parent Relationship": "Outer", "Join Type": "Inner", "Startup Cost": 0.0, "Total Cost": 72467.91, "Plan Rows": 133, "Plan Width": 50, "Actual Min Startup Time": 375.468, "Actual Max Startup Time": 375.468, "Actual Min Total Time": 411.534, "Actual Max Total Time": 411.534, "Inner Unique": false, "Join Filter": "(mi.info_type_id = it1.id)", "Rows Removed by Join Filter": 95197, "Plans": [{"Node Type": "Seq Scan", "Parent Relationship": "Outer", "Relation Name": "info_type", "Alias": "it1", "Startup Cost": 0.0, "Total Cost": 2.4, "Plan Rows": 1, "Plan Width": 4, "Actual Min Startup Time": 0.056, "Actual Max Startup Time": 0.056, "Actual Min Total Time": 0.065, "Actual Max Total Time": 0.065, "Filter": "((info)::text = 'budget'::text)", "Rows Removed by Filter": 111, "Actual Rows": 1}, {"Node Type": "Materialize", "Parent Relationship": "Inner", "Startup Cost": 0.0, "Total Cost": 72449.9, "Plan Rows": 1561, "Plan Width": 54, "Actual Min Startup Time": 375.396, "Actual Max Startup Time": 375.396, "Actual Min Total Time": 387.281, "Actual Max Total Time": 387.281, "Plans": [{"Node Type": "Nested Loop", "Parent Relationship": "Outer", "Join Type": "Inner", "Startup Cost": 0.0, "Total Cost": 72445.99, "Plan Rows": 1561, "Plan Width": 54, "Actual Min Startup Time": 42.926, "Actual Max Startup Time": 42.926, "Actual Min Total Time": 347.775, "Actual Max Total Time": 347.775, "Inner Unique": false, "Plans": [{"Node Type": "Nested Loop", "Parent Relationship": "Outer", "Join Type": "Inner", "Startup Cost": 0.0, "Total Cost": 72225.77, "Plan Rows": 294, "Plan Width": 4, "Actual Min Startup Time": 42.908, "Actual Max Startup Time": 42.908, "Actual Min Total Time": 198.956, "Actual Max Total Time": 198.956, "Inner Unique": false, "Plans": [{"Node Type": "Streaming(type: LOCAL GATHER dop: 1/64)", "Parent Relationship": "Outer", "Startup Cost": 0.0, "Total Cost": 64783.4, "Plan Rows": 173, "Plan Width": 4, "Actual Min Startup Time": 42.663, "Actual Max Startup Time": 42.663, "Actual Min Total Time": 67.339, "Actual Max Total Time": 67.339, "Plans": [{"Node Type": "Seq Scan", "Parent Relationship": "Outer", "Relation Name": "name", "Alias": "n", "Startup Cost": 0.0, "Total Cost": 64779.83, "Plan Rows": 173, "Plan Width": 4, "Actual Min Startup Time": 0.025, "Actual Max Startup Time": 0.853, "Actual Min Total Time": 25.433, "Actual Max Total Time": 29.531, "Filter": "(((name)::text ~~ '%Tim%'::text) AND ((gender)::text = 'm'::text))", "Rows Removed by Filter": 4158428, "Actual Rows": 9062}], "Actual Rows": 9062}, {"Node Type": "Index Scan", "Parent Relationship": "Inner", "Scan Direction": "Forward", "Index Name": "person_id_cast_info", "Relation Name": "cast_info", "Alias": "ci", "Startup Cost": 0.0, "Total Cost": 43.0, "Plan Rows": 2, "Plan Width": 8, "Actual Min Startup Time": 106.014, "Actual Max Startup Time": 106.014, "Actual Min Total Time": 125.322, "Actual Max Total Time": 125.322, "Index Cond": "(person_id = n.id)", "Rows Removed by Index Recheck": 0, "Filter": "((note)::text = ANY ('{(producer),\"(executive producer)\"}'::text[]))", "Rows Removed by Filter": 89309, "Actual Rows": 6719}], "Actual Rows": 6719}, {"Node Type": "Index Scan", "Parent Relationship": "Inner", "Scan Direction": "Forward", "Index Name": "movie_id_movie_info", "Relation Name": "movie_info", "Alias": "mi", "Startup Cost": 0.0, "Total Cost": 0.7, "Plan Rows": 5, "Plan Width": 50, "Actual Min Startup Time": 39.752, "Actual Max Startup Time": 39.752, "Actual Min Total Time": 124.275, "Actual Max Total Time": 124.275, "Index Cond": "(movie_id = ci.movie_id)", "Rows Removed by Index Recheck": 0, "Actual Rows": 95896}], "Actual Rows": 95896}], "Actual Rows": 95897}], "Actual Rows": 699}, {"Node Type": "Index Scan", "Parent Relationship": "Inner", "Scan Direction": "Forward", "Index Name": "movie_id_movie_info_idx", "Relation Name": "movie_info_idx", "Alias": "mi_idx", "Startup Cost": 0.0, "Total Cost": 0.29, "Plan Rows": 2, "Plan Width": 13, "Actual Min Startup Time": 4.566, "Actual Max Startup Time": 4.566, "Actual Min Total Time": 5.101, "Actual Max Total Time": 5.101, "Index Cond": "(movie_id = mi.movie_id)", "Rows Removed by Index Recheck": 0, "Actual Rows": 1235}], "Actual Rows": 1235}], "Actual Rows": 410}, {"Node Type": "Index Scan", "Parent Relationship": "Inner", "Scan Direction": "Forward", "Index Name": "title_pkey", "Relation Name": "title", "Alias": "t", "Startup Cost": 0.0, "Total Cost": 0.28, "Plan Rows": 1, "Plan Width": 21, "Actual Min Startup Time": 3.129, "Actual Max Startup Time": 3.129, "Actual Min Total Time": 3.129, "Actual Max Total Time": 3.129, "Index Cond": "(id = mi.movie_id)", "Rows Removed by Index Recheck": 0, "Actual Rows": 410}], "Actual Rows": 410}], "Actual Rows": 1}, "Triggers": [], "Planner Runtime": 80.042, "Total Runtime": 435.075, "Unique SQL Id": 4264520866}}, "(64, '9')": {"explain_plan": {"Plan": {"Node Type": "Aggregate", "Strategy": "Plain", "Startup Cost": 204687.88, "Total Cost": 204687.89, "Plan Rows": 1, "Plan Width": 160, "Plans": [{"Node Type": "Nested Loop", "Parent Relationship": "Outer", "Join Type": "Inner", "Startup Cost": 0.0, "Total Cost": 204687.82, "Plan Rows": 9, "Plan Width": 64, "Inner Unique": true, "Plans": [{"Node Type": "Nested Loop", "Parent Relationship": "Outer", "Join Type": "Inner", "Startup Cost": 0.0, "Total Cost": 204685.19, "Plan Rows": 9, "Plan Width": 59, "Inner Unique": false, "Join Filter": "(mi.info_type_id = it1.id)", "Plans": [{"Node Type": "Index Scan", "Parent Relationship": "Outer", "Scan Direction": "Forward", "Index Name": "info_type_pkey", "Relation Name": "info_type", "Alias": "it1", "Startup Cost": 0.0, "Total Cost": 14.21, "Plan Rows": 1, "Plan Width": 4, "Filter": "((info)::text = 'budget'::text)"}, {"Node Type": "Nested Loop", "Parent Relationship": "Inner", "Join Type": "Inner", "Startup Cost": 0.0, "Total Cost": 204667.49, "Plan Rows": 279, "Plan Width": 63, "Inner Unique": false, "Join Filter": "(mi_idx.movie_id = mi.movie_id)", "Plans": [{"Node Type": "Nested Loop", "Parent Relationship": "Outer", "Join Type": "Inner", "Startup Cost": 0.0, "Total Cost": 204627.89, "Plan Rows": 52, "Plan Width": 13, "Inner Unique": false, "Join Filter": "(mi_idx.info_type_id = it2.id)", "Plans": [{"Node Type": "Index Scan", "Parent Relationship": "Outer", "Scan Direction": "Forward", "Index Name": "info_type_pkey", "Relation Name": "info_type", "Alias": "it2", "Startup Cost": 0.0, "Total Cost": 14.21, "Plan Rows": 1, "Plan Width": 4, "Filter": "((info)::text = 'votes'::text)"}, {"Node Type": "Nested Loop", "Parent Relationship": "Inner", "Join Type": "Inner", "Startup Cost": 0.0, "Total Cost": 204609.36, "Plan Rows": 346, "Plan Width": 17, "Inner Unique": false, "Plans": [{"Node Type": "Nested Loop", "Parent Relationship": "Outer", "Join Type": "Inner", "Startup Cost": 0.0, "Total Cost": 204512.56, "Plan Rows": 294, "Plan Width": 4, "Inner Unique": false, "Plans": [{"Node Type": "Index Scan", "Parent Relationship": "Outer", "Scan Direction": "Forward", "Index Name": "name_pkey", "Relation Name": "name", "Alias": "n", "Startup Cost": 0.0, "Total Cost": 197070.2, "Plan Rows": 173, "Plan Width": 4, "Filter": "(((name)::text ~~ '%Tim%'::text) AND ((gender)::text = 'm'::text))"}, {"Node Type": "Index Scan", "Parent Relationship": "Inner", "Scan Direction": "Forward", "Index Name": "person_id_cast_info", "Relation Name": "cast_info", "Alias": "ci", "Startup Cost": 0.0, "Total Cost": 43.0, "Plan Rows": 2, "Plan Width": 8, "Index Cond": "(person_id = n.id)", "Filter": "((note)::text = ANY ('{(producer),\"(executive producer)\"}'::text[]))"}]}, {"Node Type": "Index Scan", "Parent Relationship": "Inner", "Scan Direction": "Forward", "Index Name": "movie_id_movie_info_idx", "Relation Name": "movie_info_idx", "Alias": "mi_idx", "Startup Cost": 0.0, "Total Cost": 0.31, "Plan Rows": 2, "Plan Width": 13, "Index Cond": "(movie_id = ci.movie_id)"}]}]}, {"Node Type": "Index Scan", "Parent Relationship": "Inner", "Scan Direction": "Forward", "Index Name": "movie_id_movie_info", "Relation Name": "movie_info", "Alias": "mi", "Startup Cost": 0.0, "Total Cost": 0.7, "Plan Rows": 5, "Plan Width": 50, "Index Cond": "(movie_id = ci.movie_id)"}]}]}, {"Node Type": "Index Scan", "Parent Relationship": "Inner", "Scan Direction": "Forward", "Index Name": "title_pkey", "Relation Name": "title", "Alias": "t", "Startup Cost": 0.0, "Total Cost": 0.28, "Plan Rows": 1, "Plan Width": 21, "Index Cond": "(id = mi.movie_id)"}]}]}, "Unique SQL Id": 4264520866, "Planner Runtime": 45}, "explain_analyze_plan": null}, "(64, '10')": {"explain_plan": {"Plan": {"Node Type": "Aggregate", "Strategy": "Plain", "Startup Cost": 350339.34, "Total Cost": 350339.35, "Plan Rows": 1, "Plan Width": 160, "Plans": [{"Node Type": "Nested Loop", "Parent Relationship": "Outer", "Join Type": "Inner", "Startup Cost": 261504.4, "Total Cost": 350339.27, "Plan Rows": 9, "Plan Width": 64, "Inner Unique": false, "Join Filter": "(mi.info_type_id = it1.id)", "Plans": [{"Node Type": "Seq Scan", "Parent Relationship": "Outer", "Relation Name": "info_type", "Alias": "it1", "Startup Cost": 0.0, "Total Cost": 2.4, "Plan Rows": 1, "Plan Width": 4, "Filter": "((info)::text = 'budget'::text)"}, {"Node Type": "Materialize", "Parent Relationship": "Inner", "Startup Cost": 261504.4, "Total Cost": 350324.62, "Plan Rows": 1225, "Plan Width": 68, "Plans": [{"Node Type": "Hash Join", "Parent Relationship": "Outer", "Join Type": "Inner", "Startup Cost": 261504.4, "Total Cost": 350321.56, "Plan Rows": 1225, "Plan Width": 68, "Inner Unique": true, "Hash Cond": "(mi.movie_id = t.id)", "Plans": [{"Node Type": "Streaming(type: LOCAL GATHER dop: 1/64)", "Parent Relationship": "Outer", "Startup Cost": 214883.23, "Total Cost": 303683.55, "Plan Rows": 1225, "Plan Width": 63, "Plans": [{"Node Type": "Hash Join", "Parent Relationship": "Outer", "Join Type": "Inner", "Startup Cost": 214883.23, "Total Cost": 303658.28, "Plan Rows": 1225, "Plan Width": 63, "Inner Unique": false, "Hash Cond": "(mi_idx.movie_id = mi.movie_id)", "Plans": [{"Node Type": "Streaming(type: BROADCAST dop: 64/1)", "Parent Relationship": "Outer", "Startup Cost": 195068.84, "Total Cost": 283830.58, "Plan Rows": 14592, "Plan Width": 13, "Plans": [{"Node Type": "Nested Loop", "Parent Relationship": "Outer", "Join Type": "Inner", "Startup Cost": 195068.84, "Total Cost": 220529.55, "Plan Rows": 228, "Plan Width": 13, "Inner Unique": false, "Join Filter": "(mi_idx.info_type_id = it2.id)", "Plans": [{"Node Type": "Seq Scan", "Parent Relationship": "Outer", "Relation Name": "info_type", "Alias": "it2", "Startup Cost": 0.0, "Total Cost": 2.4, "Plan Rows": 1, "Plan Width": 4, "Filter": "((info)::text = 'votes'::text)"}, {"Node Type": "Materialize", "Parent Relationship": "Inner", "Startup Cost": 195068.84, "Total Cost": 220523.69, "Plan Rows": 346, "Plan Width": 17, "Plans": [{"Node Type": "Hash Join", "Parent Relationship": "Outer", "Join Type": "Inner", "Startup Cost": 195068.84, "Total Cost": 220522.82, "Plan Rows": 346, "Plan Width": 17, "Inner Unique": false, "Hash Cond": "(mi_idx.movie_id = ci.movie_id)", "Plans": [{"Node Type": "Seq Scan", "Parent Relationship": "Outer", "Relation Name": "movie_info_idx", "Alias": "mi_idx", "Startup Cost": 0.0, "Total Cost": 20274.34, "Plan Rows": 1380034, "Plan Width": 13}, {"Node Type": "Hash", "Parent Relationship": "Inner", "Startup Cost": 195065.16, "Total Cost": 195065.16, "Plan Rows": 294, "Plan Width": 4, "Plans": [{"Node Type": "Hash Join", "Parent Relationship": "Outer", "Join Type": "Inner", "Startup Cost": 64785.57, "Total Cost": 195065.16, "Plan Rows": 294, "Plan Width": 4, "Inner Unique": true, "Hash Cond": "(ci.person_id = n.id)", "Plans": [{"Node Type": "Streaming(type: LOCAL GATHER dop: 1/64)", "Parent Relationship": "Outer", "Startup Cost": 0.0, "Total Cost": 122309.64, "Plan Rows": 2350421, "Plan Width": 8, "Plans": [{"Node Type": "Seq Scan", "Parent Relationship": "Outer", "Relation Name": "cast_info", "Alias": "ci", "Startup Cost": 0.0, "Total Cost": 73820.73, "Plan Rows": 2350421, "Plan Width": 8, "Filter": "((note)::text = ANY ('{(producer),\"(executive producer)\"}'::text[]))"}]}, {"Node Type": "Hash", "Parent Relationship": "Inner", "Startup Cost": 64783.4, "Total Cost": 64783.4, "Plan Rows": 173, "Plan Width": 4, "Plans": [{"Node Type": "Streaming(type: LOCAL GATHER dop: 1/64)", "Parent Relationship": "Outer", "Startup Cost": 0.0, "Total Cost": 64783.4, "Plan Rows": 173, "Plan Width": 4, "Plans": [{"Node Type": "Seq Scan", "Parent Relationship": "Outer", "Relation Name": "name", "Alias": "n", "Startup Cost": 0.0, "Total Cost": 64779.83, "Plan Rows": 173, "Plan Width": 4, "Filter": "(((name)::text ~~ '%Tim%'::text) AND ((gender)::text = 'm'::text))"}]}]}]}]}]}]}]}]}, {"Node Type": "Hash", "Parent Relationship": "Inner", "Startup Cost": 67640.43, "Total Cost": 67640.43, "Plan Rows": 14869966, "Plan Width": 50, "Plans": [{"Node Type": "Seq Scan", "Parent Relationship": "Outer", "Relation Name": "movie_info", "Alias": "mi", "Startup Cost": 0.0, "Total Cost": 67640.43, "Plan Rows": 14869966, "Plan Width": 50}]}]}]}, {"Node Type": "Hash", "Parent Relationship": "Inner", "Startup Cost": 60069.11, "Total Cost": 60069.11, "Plan Rows": 2528311, "Plan Width": 21, "Plans": [{"Node Type": "Seq Scan", "Parent Relationship": "Outer", "Relation Name": "title", "Alias": "t", "Startup Cost": 0.0, "Total Cost": 60069.11, "Plan Rows": 2528311, "Plan Width": 21}]}]}]}]}]}, "Unique SQL Id": 4264520866, "Planner Runtime": 123}, "explain_analyze_plan": null}, "(64, '11')": {"explain_plan": {"Plan": {"Node Type": "Aggregate", "Strategy": "Plain", "Startup Cost": 6977526256602.17, "Total Cost": 6977526256602.18, "Plan Rows": 1, "Plan Width": 160, "Plans": [{"Node Type": "Nested Loop", "Parent Relationship": "Outer", "Join Type": "Inner", "Startup Cost": 70031174542.45, "Total Cost": 6977526256601.78, "Plan Rows": 51, "Plan Width": 64, "Inner Unique": true, "Join Filter": "(mi.info_type_id = it1.id)", "Plans": [{"Node Type": "Nested Loop", "Parent Relationship": "Outer", "Join Type": "Inner", "Startup Cost": 60031174542.45, "Total Cost": 5977526255162.41, "Plan Rows": 1225, "Plan Width": 68, "Inner Unique": true, "Join Filter": "(mi_idx.info_type_id = it2.id)", "Plans": [{"Node Type": "Nested Loop", "Parent Relationship": "Outer", "Join Type": "Inner", "Startup Cost": 50031174542.45, "Total Cost": 4977526253713.56, "Plan Rows": 1856, "Plan Width": 72, "Inner Unique": false, "Join Filter": "(t.id = mi.movie_id)", "Plans": [{"Node Type": "Index Scan", "Parent Relationship": "Outer", "Scan Direction": "Forward", "Index Name": "info_type_id_movie_info", "Relation Name": "movie_info", "Alias": "mi", "Startup Cost": 10000000000.0, "Total Cost": 1000103683953.62, "Plan Rows": 14869966, "Plan Width": 50}, {"Node Type": "Materialize", "Parent Relationship": "Inner", "Startup Cost": 40031174542.45, "Total Cost": 3977345394637.27, "Plan Rows": 346, "Plan Width": 38, "Plans": [{"Node Type": "Nested Loop", "Parent Relationship": "Outer", "Join Type": "Inner", "Startup Cost": 40031174542.45, "Total Cost": 3977345394635.54, "Plan Rows": 346, "Plan Width": 38, "Inner Unique": true, "Join Filter": "(mi_idx.movie_id = t.id)", "Plans": [{"Node Type": "Nested Loop", "Parent Relationship": "Outer", "Join Type": "Inner", "Startup Cost": 30031174542.45, "Total Cost": 2977321254331.76, "Plan Rows": 346, "Plan Width": 17, "Inner Unique": false, "Join Filter": "(ci.movie_id = mi_idx.movie_id)", "Plans": [{"Node Type": "Index Scan", "Parent Relationship": "Outer", "Scan Direction": "Forward", "Index Name": "info_type_id_movie_info_idx", "Relation Name": "movie_info_idx", "Alias": "mi_idx", "Startup Cost": 10000000000.0, "Total Cost": 1000006370838.27, "Plan Rows": 1380034, "Plan Width": 13}, {"Node Type": "Materialize", "Parent Relationship": "Inner", "Startup Cost": 20031174542.45, "Total Cost": 1977308797544.29, "Plan Rows": 294, "Plan Width": 4, "Plans": [{"Node Type": "Merge Join", "Parent Relationship": "Outer", "Join Type": "Inner", "Startup Cost": 20031174542.45, "Total Cost": 1977308797542.82, "Plan Rows": 294, "Plan Width": 4, "Inner Unique": true, "Merge Cond": "(ci.person_id = n.id)", "Plans": [{"Node Type": "Index Scan", "Parent Relationship": "Outer", "Scan Direction": "Forward", "Index Name": "person_id_cast_info", "Relation Name": "cast_info", "Alias": "ci", "Startup Cost": 10000000000.0, "Total Cost": 1000179713706.71, "Plan Rows": 2350421, "Plan Width": 8, "Filter": "((note)::text = ANY ('{(producer),\"(executive producer)\"}'::text[]))"}, {"Node Type": "Materialize", "Parent Relationship": "Inner", "Startup Cost": 10000000000.0, "Total Cost": 1000019707020.14, "Plan Rows": 173, "Plan Width": 4, "Plans": [{"Node Type": "Index Scan", "Parent Relationship": "Outer", "Scan Direction": "Forward", "Index Name": "name_pkey", "Relation Name": "name", "Alias": "n", "Startup Cost": 10000000000.0, "Total Cost": 1000019707019.7, "Plan Rows": 173, "Plan Width": 4, "Filter": "(((name)::text ~~ '%Tim%'::text) AND ((gender)::text = 'm'::text))"}]}]}]}]}, {"Node Type": "Materialize", "Parent Relationship": "Inner", "Startup Cost": 10000000000.0, "Total Cost": 1000011024690.47, "Plan Rows": 2528311, "Plan Width": 21, "Plans": [{"Node Type": "Index Scan", "Parent Relationship": "Outer", "Scan Direction": "Forward", "Index Name": "title_pkey", "Relation Name": "title", "Alias": "t", "Startup Cost": 10000000000.0, "Total Cost": 1000011012048.91, "Plan Rows": 2528311, "Plan Width": 21}]}]}]}]}, {"Node Type": "Materialize", "Parent Relationship": "Inner", "Startup Cost": 10000000000.0, "Total Cost": 1000000001421.0, "Plan Rows": 1, "Plan Width": 4, "Plans": [{"Node Type": "Index Scan", "Parent Relationship": "Outer", "Scan Direction": "Forward", "Index Name": "info_type_pkey", "Relation Name": "info_type", "Alias": "it2", "Startup Cost": 10000000000.0, "Total Cost": 1000000001421.0, "Plan Rows": 1, "Plan Width": 4, "Filter": "((info)::text = 'votes'::text)"}]}]}, {"Node Type": "Materialize", "Parent Relationship": "Inner", "Startup Cost": 10000000000.0, "Total Cost": 1000000001421.0, "Plan Rows": 1, "Plan Width": 4, "Plans": [{"Node Type": "Index Scan", "Parent Relationship": "Outer", "Scan Direction": "Forward", "Index Name": "info_type_pkey", "Relation Name": "info_type", "Alias": "it1", "Startup Cost": 10000000000.0, "Total Cost": 1000000001421.0, "Plan Rows": 1, "Plan Width": 4, "Filter": "((info)::text = 'budget'::text)"}]}]}]}, "Unique SQL Id": 4264520866, "Planner Runtime": 98}, "explain_analyze_plan": null}, "(64, '12')": {"explain_plan": {"Plan": {"Node Type": "Aggregate", "Strategy": "Plain", "Startup Cost": 72515.06, "Total Cost": 72515.07, "Plan Rows": 1, "Plan Width": 160, "Plans": [{"Node Type": "Nested Loop", "Parent Relationship": "Outer", "Join Type": "Inner", "Startup Cost": 0.0, "Total Cost": 72514.99, "Plan Rows": 9, "Plan Width": 64, "Inner Unique": true, "Plans": [{"Node Type": "Nested Loop", "Parent Relationship": "Outer", "Join Type": "Inner", "Startup Cost": 0.0, "Total Cost": 72512.36, "Plan Rows": 9, "Plan Width": 59, "Inner Unique": false, "Join Filter": "(mi_idx.info_type_id = it2.id)", "Plans": [{"Node Type": "Seq Scan", "Parent Relationship": "Outer", "Relation Name": "info_type", "Alias": "it2", "Startup Cost": 0.0, "Total Cost": 2.4, "Plan Rows": 1, "Plan Width": 4, "Filter": "((info)::text = 'votes'::text)"}, {"Node Type": "Nested Loop", "Parent Relationship": "Inner", "Join Type": "Inner", "Startup Cost": 0.0, "Total Cost": 72509.54, "Plan Rows": 34, "Plan Width": 63, "Inner Unique": false, "Plans": [{"Node Type": "Nested Loop", "Parent Relationship": "Outer", "Join Type": "Inner", "Startup Cost": 0.0, "Total Cost": 72467.91, "Plan Rows": 133, "Plan Width": 50, "Inner Unique": false, "Join Filter": "(mi.info_type_id = it1.id)", "Plans": [{"Node Type": "Seq Scan", "Parent Relationship": "Outer", "Relation Name": "info_type", "Alias": "it1", "Startup Cost": 0.0, "Total Cost": 2.4, "Plan Rows": 1, "Plan Width": 4, "Filter": "((info)::text = 'budget'::text)"}, {"Node Type": "Materialize", "Parent Relationship": "Inner", "Startup Cost": 0.0, "Total Cost": 72449.9, "Plan Rows": 1561, "Plan Width": 54, "Plans": [{"Node Type": "Nested Loop", "Parent Relationship": "Outer", "Join Type": "Inner", "Startup Cost": 0.0, "Total Cost": 72445.99, "Plan Rows": 1561, "Plan Width": 54, "Inner Unique": false, "Plans": [{"Node Type": "Nested Loop", "Parent Relationship": "Outer", "Join Type": "Inner", "Startup Cost": 0.0, "Total Cost": 72225.77, "Plan Rows": 294, "Plan Width": 4, "Inner Unique": false, "Plans": [{"Node Type": "Streaming(type: LOCAL GATHER dop: 1/64)", "Parent Relationship": "Outer", "Startup Cost": 0.0, "Total Cost": 64783.4, "Plan Rows": 173, "Plan Width": 4, "Plans": [{"Node Type": "Seq Scan", "Parent Relationship": "Outer", "Relation Name": "name", "Alias": "n", "Startup Cost": 0.0, "Total Cost": 64779.83, "Plan Rows": 173, "Plan Width": 4, "Filter": "(((name)::text ~~ '%Tim%'::text) AND ((gender)::text = 'm'::text))"}]}, {"Node Type": "Index Scan", "Parent Relationship": "Inner", "Scan Direction": "Forward", "Index Name": "person_id_cast_info", "Relation Name": "cast_info", "Alias": "ci", "Startup Cost": 0.0, "Total Cost": 43.0, "Plan Rows": 2, "Plan Width": 8, "Index Cond": "(person_id = n.id)", "Filter": "((note)::text = ANY ('{(producer),\"(executive producer)\"}'::text[]))"}]}, {"Node Type": "Index Scan", "Parent Relationship": "Inner", "Scan Direction": "Forward", "Index Name": "movie_id_movie_info", "Relation Name": "movie_info", "Alias": "mi", "Startup Cost": 0.0, "Total Cost": 0.7, "Plan Rows": 5, "Plan Width": 50, "Index Cond": "(movie_id = ci.movie_id)"}]}]}]}, {"Node Type": "Index Scan", "Parent Relationship": "Inner", "Scan Direction": "Forward", "Index Name": "movie_id_movie_info_idx", "Relation Name": "movie_info_idx", "Alias": "mi_idx", "Startup Cost": 0.0, "Total Cost": 0.29, "Plan Rows": 2, "Plan Width": 13, "Index Cond": "(movie_id = mi.movie_id)"}]}]}, {"Node Type": "Index Scan", "Parent Relationship": "Inner", "Scan Direction": "Forward", "Index Name": "title_pkey", "Relation Name": "title", "Alias": "t", "Startup Cost": 0.0, "Total Cost": 0.28, "Plan Rows": 1, "Plan Width": 21, "Index Cond": "(id = mi.movie_id)"}]}]}, "Unique SQL Id": 4264520866, "Planner Runtime": 80}, "explain_analyze_plan": {"Plan": {"Node Type": "Aggregate", "Strategy": "Plain", "Startup Cost": 72515.06, "Total Cost": 72515.07, "Plan Rows": 1, "Plan Width": 160, "Actual Min Startup Time": 423.6, "Actual Max Startup Time": 423.6, "Actual Min Total Time": 423.601, "Actual Max Total Time": 423.601, "Plans": [{"Node Type": "Nested Loop", "Parent Relationship": "Outer", "Join Type": "Inner", "Startup Cost": 0.0, "Total Cost": 72514.99, "Plan Rows": 9, "Plan Width": 64, "Actual Min Startup Time": 375.599, "Actual Max Startup Time": 375.599, "Actual Min Total Time": 423.168, "Actual Max Total Time": 423.168, "Inner Unique": true, "Plans": [{"Node Type": "Nested Loop", "Parent Relationship": "Outer", "Join Type": "Inner", "Startup Cost": 0.0, "Total Cost": 72512.36, "Plan Rows": 9, "Plan Width": 59, "Actual Min Startup Time": 375.583, "Actual Max Startup Time": 375.583, "Actual Min Total Time": 419.719, "Actual Max Total Time": 419.719, "Inner Unique": false, "Join Filter": "(mi_idx.info_type_id = it2.id)", "Rows Removed by Join Filter": 825, "Plans": [{"Node Type": "Seq Scan", "Parent Relationship": "Outer", "Relation Name": "info_type", "Alias": "it2", "Startup Cost": 0.0, "Total Cost": 2.4, "Plan Rows": 1, "Plan Width": 4, "Actual Min Startup Time": 0.082, "Actual Max Startup Time": 0.082, "Actual Min Total Time": 0.09, "Actual Max Total Time": 0.09, "Filter": "((info)::text = 'votes'::text)", "Rows Removed by Filter": 111, "Actual Rows": 1}, {"Node Type": "Nested Loop", "Parent Relationship": "Inner", "Join Type": "Inner", "Startup Cost": 0.0, "Total Cost": 72509.54, "Plan Rows": 34, "Plan Width": 63, "Actual Min Startup Time": 375.484, "Actual Max Startup Time": 375.484, "Actual Min Total Time": 417.291, "Actual Max Total Time": 417.291, "Inner Unique": false, "Plans": [{"Node Type": "Nested Loop", "Parent Relationship": "Outer", "Join Type": "Inner", "Startup Cost": 0.0, "Total Cost": 72467.91, "Plan Rows": 133, "Plan Width": 50, "Actual Min Startup Time": 375.468, "Actual Max Startup Time": 375.468, "Actual Min Total Time": 411.534, "Actual Max Total Time": 411.534, "Inner Unique": false, "Join Filter": "(mi.info_type_id = it1.id)", "Rows Removed by Join Filter": 95197, "Plans": [{"Node Type": "Seq Scan", "Parent Relationship": "Outer", "Relation Name": "info_type", "Alias": "it1", "Startup Cost": 0.0, "Total Cost": 2.4, "Plan Rows": 1, "Plan Width": 4, "Actual Min Startup Time": 0.056, "Actual Max Startup Time": 0.056, "Actual Min Total Time": 0.065, "Actual Max Total Time": 0.065, "Filter": "((info)::text = 'budget'::text)", "Rows Removed by Filter": 111, "Actual Rows": 1}, {"Node Type": "Materialize", "Parent Relationship": "Inner", "Startup Cost": 0.0, "Total Cost": 72449.9, "Plan Rows": 1561, "Plan Width": 54, "Actual Min Startup Time": 375.396, "Actual Max Startup Time": 375.396, "Actual Min Total Time": 387.281, "Actual Max Total Time": 387.281, "Plans": [{"Node Type": "Nested Loop", "Parent Relationship": "Outer", "Join Type": "Inner", "Startup Cost": 0.0, "Total Cost": 72445.99, "Plan Rows": 1561, "Plan Width": 54, "Actual Min Startup Time": 42.926, "Actual Max Startup Time": 42.926, "Actual Min Total Time": 347.775, "Actual Max Total Time": 347.775, "Inner Unique": false, "Plans": [{"Node Type": "Nested Loop", "Parent Relationship": "Outer", "Join Type": "Inner", "Startup Cost": 0.0, "Total Cost": 72225.77, "Plan Rows": 294, "Plan Width": 4, "Actual Min Startup Time": 42.908, "Actual Max Startup Time": 42.908, "Actual Min Total Time": 198.956, "Actual Max Total Time": 198.956, "Inner Unique": false, "Plans": [{"Node Type": "Streaming(type: LOCAL GATHER dop: 1/64)", "Parent Relationship": "Outer", "Startup Cost": 0.0, "Total Cost": 64783.4, "Plan Rows": 173, "Plan Width": 4, "Actual Min Startup Time": 42.663, "Actual Max Startup Time": 42.663, "Actual Min Total Time": 67.339, "Actual Max Total Time": 67.339, "Plans": [{"Node Type": "Seq Scan", "Parent Relationship": "Outer", "Relation Name": "name", "Alias": "n", "Startup Cost": 0.0, "Total Cost": 64779.83, "Plan Rows": 173, "Plan Width": 4, "Actual Min Startup Time": 0.025, "Actual Max Startup Time": 0.853, "Actual Min Total Time": 25.433, "Actual Max Total Time": 29.531, "Filter": "(((name)::text ~~ '%Tim%'::text) AND ((gender)::text = 'm'::text))", "Rows Removed by Filter": 4158428, "Actual Rows": 9062}], "Actual Rows": 9062}, {"Node Type": "Index Scan", "Parent Relationship": "Inner", "Scan Direction": "Forward", "Index Name": "person_id_cast_info", "Relation Name": "cast_info", "Alias": "ci", "Startup Cost": 0.0, "Total Cost": 43.0, "Plan Rows": 2, "Plan Width": 8, "Actual Min Startup Time": 106.014, "Actual Max Startup Time": 106.014, "Actual Min Total Time": 125.322, "Actual Max Total Time": 125.322, "Index Cond": "(person_id = n.id)", "Rows Removed by Index Recheck": 0, "Filter": "((note)::text = ANY ('{(producer),\"(executive producer)\"}'::text[]))", "Rows Removed by Filter": 89309, "Actual Rows": 6719}], "Actual Rows": 6719}, {"Node Type": "Index Scan", "Parent Relationship": "Inner", "Scan Direction": "Forward", "Index Name": "movie_id_movie_info", "Relation Name": "movie_info", "Alias": "mi", "Startup Cost": 0.0, "Total Cost": 0.7, "Plan Rows": 5, "Plan Width": 50, "Actual Min Startup Time": 39.752, "Actual Max Startup Time": 39.752, "Actual Min Total Time": 124.275, "Actual Max Total Time": 124.275, "Index Cond": "(movie_id = ci.movie_id)", "Rows Removed by Index Recheck": 0, "Actual Rows": 95896}], "Actual Rows": 95896}], "Actual Rows": 95897}], "Actual Rows": 699}, {"Node Type": "Index Scan", "Parent Relationship": "Inner", "Scan Direction": "Forward", "Index Name": "movie_id_movie_info_idx", "Relation Name": "movie_info_idx", "Alias": "mi_idx", "Startup Cost": 0.0, "Total Cost": 0.29, "Plan Rows": 2, "Plan Width": 13, "Actual Min Startup Time": 4.566, "Actual Max Startup Time": 4.566, "Actual Min Total Time": 5.101, "Actual Max Total Time": 5.101, "Index Cond": "(movie_id = mi.movie_id)", "Rows Removed by Index Recheck": 0, "Actual Rows": 1235}], "Actual Rows": 1235}], "Actual Rows": 410}, {"Node Type": "Index Scan", "Parent Relationship": "Inner", "Scan Direction": "Forward", "Index Name": "title_pkey", "Relation Name": "title", "Alias": "t", "Startup Cost": 0.0, "Total Cost": 0.28, "Plan Rows": 1, "Plan Width": 21, "Actual Min Startup Time": 3.129, "Actual Max Startup Time": 3.129, "Actual Min Total Time": 3.129, "Actual Max Total Time": 3.129, "Index Cond": "(id = mi.movie_id)", "Rows Removed by Index Recheck": 0, "Actual Rows": 410}], "Actual Rows": 410}], "Actual Rows": 1}, "Triggers": [], "Planner Runtime": 80.042, "Total Runtime": 435.075, "Unique SQL Id": 4264520866}}, "(64, '13')": {"explain_plan": {"Plan": {"Node Type": "Aggregate", "Strategy": "Plain", "Startup Cost": 204687.88, "Total Cost": 204687.89, "Plan Rows": 1, "Plan Width": 160, "Plans": [{"Node Type": "Nested Loop", "Parent Relationship": "Outer", "Join Type": "Inner", "Startup Cost": 0.0, "Total Cost": 204687.82, "Plan Rows": 9, "Plan Width": 64, "Inner Unique": true, "Plans": [{"Node Type": "Nested Loop", "Parent Relationship": "Outer", "Join Type": "Inner", "Startup Cost": 0.0, "Total Cost": 204685.19, "Plan Rows": 9, "Plan Width": 59, "Inner Unique": false, "Join Filter": "(mi.info_type_id = it1.id)", "Plans": [{"Node Type": "Index Scan", "Parent Relationship": "Outer", "Scan Direction": "Forward", "Index Name": "info_type_pkey", "Relation Name": "info_type", "Alias": "it1", "Startup Cost": 0.0, "Total Cost": 14.21, "Plan Rows": 1, "Plan Width": 4, "Filter": "((info)::text = 'budget'::text)"}, {"Node Type": "Nested Loop", "Parent Relationship": "Inner", "Join Type": "Inner", "Startup Cost": 0.0, "Total Cost": 204667.49, "Plan Rows": 279, "Plan Width": 63, "Inner Unique": false, "Join Filter": "(mi_idx.movie_id = mi.movie_id)", "Plans": [{"Node Type": "Nested Loop", "Parent Relationship": "Outer", "Join Type": "Inner", "Startup Cost": 0.0, "Total Cost": 204627.89, "Plan Rows": 52, "Plan Width": 13, "Inner Unique": false, "Join Filter": "(mi_idx.info_type_id = it2.id)", "Plans": [{"Node Type": "Index Scan", "Parent Relationship": "Outer", "Scan Direction": "Forward", "Index Name": "info_type_pkey", "Relation Name": "info_type", "Alias": "it2", "Startup Cost": 0.0, "Total Cost": 14.21, "Plan Rows": 1, "Plan Width": 4, "Filter": "((info)::text = 'votes'::text)"}, {"Node Type": "Nested Loop", "Parent Relationship": "Inner", "Join Type": "Inner", "Startup Cost": 0.0, "Total Cost": 204609.36, "Plan Rows": 346, "Plan Width": 17, "Inner Unique": false, "Plans": [{"Node Type": "Nested Loop", "Parent Relationship": "Outer", "Join Type": "Inner", "Startup Cost": 0.0, "Total Cost": 204512.56, "Plan Rows": 294, "Plan Width": 4, "Inner Unique": false, "Plans": [{"Node Type": "Index Scan", "Parent Relationship": "Outer", "Scan Direction": "Forward", "Index Name": "name_pkey", "Relation Name": "name", "Alias": "n", "Startup Cost": 0.0, "Total Cost": 197070.2, "Plan Rows": 173, "Plan Width": 4, "Filter": "(((name)::text ~~ '%Tim%'::text) AND ((gender)::text = 'm'::text))"}, {"Node Type": "Index Scan", "Parent Relationship": "Inner", "Scan Direction": "Forward", "Index Name": "person_id_cast_info", "Relation Name": "cast_info", "Alias": "ci", "Startup Cost": 0.0, "Total Cost": 43.0, "Plan Rows": 2, "Plan Width": 8, "Index Cond": "(person_id = n.id)", "Filter": "((note)::text = ANY ('{(producer),\"(executive producer)\"}'::text[]))"}]}, {"Node Type": "Index Scan", "Parent Relationship": "Inner", "Scan Direction": "Forward", "Index Name": "movie_id_movie_info_idx", "Relation Name": "movie_info_idx", "Alias": "mi_idx", "Startup Cost": 0.0, "Total Cost": 0.31, "Plan Rows": 2, "Plan Width": 13, "Index Cond": "(movie_id = ci.movie_id)"}]}]}, {"Node Type": "Index Scan", "Parent Relationship": "Inner", "Scan Direction": "Forward", "Index Name": "movie_id_movie_info", "Relation Name": "movie_info", "Alias": "mi", "Startup Cost": 0.0, "Total Cost": 0.7, "Plan Rows": 5, "Plan Width": 50, "Index Cond": "(movie_id = ci.movie_id)"}]}]}, {"Node Type": "Index Scan", "Parent Relationship": "Inner", "Scan Direction": "Forward", "Index Name": "title_pkey", "Relation Name": "title", "Alias": "t", "Startup Cost": 0.0, "Total Cost": 0.28, "Plan Rows": 1, "Plan Width": 21, "Index Cond": "(id = mi.movie_id)"}]}]}, "Unique SQL Id": 4264520866, "Planner Runtime": 45}, "explain_analyze_plan": null}, "(64, '14')": {"explain_plan": {"Plan": {"Node Type": "Aggregate", "Strategy": "Plain", "Startup Cost": 350339.34, "Total Cost": 350339.35, "Plan Rows": 1, "Plan Width": 160, "Plans": [{"Node Type": "Nested Loop", "Parent Relationship": "Outer", "Join Type": "Inner", "Startup Cost": 261504.4, "Total Cost": 350339.27, "Plan Rows": 9, "Plan Width": 64, "Inner Unique": false, "Join Filter": "(mi.info_type_id = it1.id)", "Plans": [{"Node Type": "Seq Scan", "Parent Relationship": "Outer", "Relation Name": "info_type", "Alias": "it1", "Startup Cost": 0.0, "Total Cost": 2.4, "Plan Rows": 1, "Plan Width": 4, "Filter": "((info)::text = 'budget'::text)"}, {"Node Type": "Materialize", "Parent Relationship": "Inner", "Startup Cost": 261504.4, "Total Cost": 350324.62, "Plan Rows": 1225, "Plan Width": 68, "Plans": [{"Node Type": "Hash Join", "Parent Relationship": "Outer", "Join Type": "Inner", "Startup Cost": 261504.4, "Total Cost": 350321.56, "Plan Rows": 1225, "Plan Width": 68, "Inner Unique": true, "Hash Cond": "(mi.movie_id = t.id)", "Plans": [{"Node Type": "Streaming(type: LOCAL GATHER dop: 1/64)", "Parent Relationship": "Outer", "Startup Cost": 214883.23, "Total Cost": 303683.55, "Plan Rows": 1225, "Plan Width": 63, "Plans": [{"Node Type": "Hash Join", "Parent Relationship": "Outer", "Join Type": "Inner", "Startup Cost": 214883.23, "Total Cost": 303658.28, "Plan Rows": 1225, "Plan Width": 63, "Inner Unique": false, "Hash Cond": "(mi_idx.movie_id = mi.movie_id)", "Plans": [{"Node Type": "Streaming(type: BROADCAST dop: 64/1)", "Parent Relationship": "Outer", "Startup Cost": 195068.84, "Total Cost": 283830.58, "Plan Rows": 14592, "Plan Width": 13, "Plans": [{"Node Type": "Nested Loop", "Parent Relationship": "Outer", "Join Type": "Inner", "Startup Cost": 195068.84, "Total Cost": 220529.55, "Plan Rows": 228, "Plan Width": 13, "Inner Unique": false, "Join Filter": "(mi_idx.info_type_id = it2.id)", "Plans": [{"Node Type": "Seq Scan", "Parent Relationship": "Outer", "Relation Name": "info_type", "Alias": "it2", "Startup Cost": 0.0, "Total Cost": 2.4, "Plan Rows": 1, "Plan Width": 4, "Filter": "((info)::text = 'votes'::text)"}, {"Node Type": "Materialize", "Parent Relationship": "Inner", "Startup Cost": 195068.84, "Total Cost": 220523.69, "Plan Rows": 346, "Plan Width": 17, "Plans": [{"Node Type": "Hash Join", "Parent Relationship": "Outer", "Join Type": "Inner", "Startup Cost": 195068.84, "Total Cost": 220522.82, "Plan Rows": 346, "Plan Width": 17, "Inner Unique": false, "Hash Cond": "(mi_idx.movie_id = ci.movie_id)", "Plans": [{"Node Type": "Seq Scan", "Parent Relationship": "Outer", "Relation Name": "movie_info_idx", "Alias": "mi_idx", "Startup Cost": 0.0, "Total Cost": 20274.34, "Plan Rows": 1380034, "Plan Width": 13}, {"Node Type": "Hash", "Parent Relationship": "Inner", "Startup Cost": 195065.16, "Total Cost": 195065.16, "Plan Rows": 294, "Plan Width": 4, "Plans": [{"Node Type": "Hash Join", "Parent Relationship": "Outer", "Join Type": "Inner", "Startup Cost": 64785.57, "Total Cost": 195065.16, "Plan Rows": 294, "Plan Width": 4, "Inner Unique": true, "Hash Cond": "(ci.person_id = n.id)", "Plans": [{"Node Type": "Streaming(type: LOCAL GATHER dop: 1/64)", "Parent Relationship": "Outer", "Startup Cost": 0.0, "Total Cost": 122309.64, "Plan Rows": 2350421, "Plan Width": 8, "Plans": [{"Node Type": "Seq Scan", "Parent Relationship": "Outer", "Relation Name": "cast_info", "Alias": "ci", "Startup Cost": 0.0, "Total Cost": 73820.73, "Plan Rows": 2350421, "Plan Width": 8, "Filter": "((note)::text = ANY ('{(producer),\"(executive producer)\"}'::text[]))"}]}, {"Node Type": "Hash", "Parent Relationship": "Inner", "Startup Cost": 64783.4, "Total Cost": 64783.4, "Plan Rows": 173, "Plan Width": 4, "Plans": [{"Node Type": "Streaming(type: LOCAL GATHER dop: 1/64)", "Parent Relationship": "Outer", "Startup Cost": 0.0, "Total Cost": 64783.4, "Plan Rows": 173, "Plan Width": 4, "Plans": [{"Node Type": "Seq Scan", "Parent Relationship": "Outer", "Relation Name": "name", "Alias": "n", "Startup Cost": 0.0, "Total Cost": 64779.83, "Plan Rows": 173, "Plan Width": 4, "Filter": "(((name)::text ~~ '%Tim%'::text) AND ((gender)::text = 'm'::text))"}]}]}]}]}]}]}]}]}, {"Node Type": "Hash", "Parent Relationship": "Inner", "Startup Cost": 67640.43, "Total Cost": 67640.43, "Plan Rows": 14869966, "Plan Width": 50, "Plans": [{"Node Type": "Seq Scan", "Parent Relationship": "Outer", "Relation Name": "movie_info", "Alias": "mi", "Startup Cost": 0.0, "Total Cost": 67640.43, "Plan Rows": 14869966, "Plan Width": 50}]}]}]}, {"Node Type": "Hash", "Parent Relationship": "Inner", "Startup Cost": 60069.11, "Total Cost": 60069.11, "Plan Rows": 2528311, "Plan Width": 21, "Plans": [{"Node Type": "Seq Scan", "Parent Relationship": "Outer", "Relation Name": "title", "Alias": "t", "Startup Cost": 0.0, "Total Cost": 60069.11, "Plan Rows": 2528311, "Plan Width": 21}]}]}]}]}]}, "Unique SQL Id": 4264520866, "Planner Runtime": 122}, "explain_analyze_plan": null}, "(64, '15')": {"explain_plan": {"Plan": {"Node Type": "Aggregate", "Strategy": "Plain", "Startup Cost": 6977526256602.17, "Total Cost": 6977526256602.18, "Plan Rows": 1, "Plan Width": 160, "Plans": [{"Node Type": "Nested Loop", "Parent Relationship": "Outer", "Join Type": "Inner", "Startup Cost": 70031174542.45, "Total Cost": 6977526256601.78, "Plan Rows": 51, "Plan Width": 64, "Inner Unique": true, "Join Filter": "(mi.info_type_id = it1.id)", "Plans": [{"Node Type": "Nested Loop", "Parent Relationship": "Outer", "Join Type": "Inner", "Startup Cost": 60031174542.45, "Total Cost": 5977526255162.41, "Plan Rows": 1225, "Plan Width": 68, "Inner Unique": true, "Join Filter": "(mi_idx.info_type_id = it2.id)", "Plans": [{"Node Type": "Nested Loop", "Parent Relationship": "Outer", "Join Type": "Inner", "Startup Cost": 50031174542.45, "Total Cost": 4977526253713.56, "Plan Rows": 1856, "Plan Width": 72, "Inner Unique": false, "Join Filter": "(t.id = mi.movie_id)", "Plans": [{"Node Type": "Index Scan", "Parent Relationship": "Outer", "Scan Direction": "Forward", "Index Name": "info_type_id_movie_info", "Relation Name": "movie_info", "Alias": "mi", "Startup Cost": 10000000000.0, "Total Cost": 1000103683953.62, "Plan Rows": 14869966, "Plan Width": 50}, {"Node Type": "Materialize", "Parent Relationship": "Inner", "Startup Cost": 40031174542.45, "Total Cost": 3977345394637.27, "Plan Rows": 346, "Plan Width": 38, "Plans": [{"Node Type": "Nested Loop", "Parent Relationship": "Outer", "Join Type": "Inner", "Startup Cost": 40031174542.45, "Total Cost": 3977345394635.54, "Plan Rows": 346, "Plan Width": 38, "Inner Unique": true, "Join Filter": "(mi_idx.movie_id = t.id)", "Plans": [{"Node Type": "Nested Loop", "Parent Relationship": "Outer", "Join Type": "Inner", "Startup Cost": 30031174542.45, "Total Cost": 2977321254331.76, "Plan Rows": 346, "Plan Width": 17, "Inner Unique": false, "Join Filter": "(ci.movie_id = mi_idx.movie_id)", "Plans": [{"Node Type": "Index Scan", "Parent Relationship": "Outer", "Scan Direction": "Forward", "Index Name": "info_type_id_movie_info_idx", "Relation Name": "movie_info_idx", "Alias": "mi_idx", "Startup Cost": 10000000000.0, "Total Cost": 1000006370838.27, "Plan Rows": 1380034, "Plan Width": 13}, {"Node Type": "Materialize", "Parent Relationship": "Inner", "Startup Cost": 20031174542.45, "Total Cost": 1977308797544.29, "Plan Rows": 294, "Plan Width": 4, "Plans": [{"Node Type": "Merge Join", "Parent Relationship": "Outer", "Join Type": "Inner", "Startup Cost": 20031174542.45, "Total Cost": 1977308797542.82, "Plan Rows": 294, "Plan Width": 4, "Inner Unique": true, "Merge Cond": "(ci.person_id = n.id)", "Plans": [{"Node Type": "Index Scan", "Parent Relationship": "Outer", "Scan Direction": "Forward", "Index Name": "person_id_cast_info", "Relation Name": "cast_info", "Alias": "ci", "Startup Cost": 10000000000.0, "Total Cost": 1000179713706.71, "Plan Rows": 2350421, "Plan Width": 8, "Filter": "((note)::text = ANY ('{(producer),\"(executive producer)\"}'::text[]))"}, {"Node Type": "Materialize", "Parent Relationship": "Inner", "Startup Cost": 10000000000.0, "Total Cost": 1000019707020.14, "Plan Rows": 173, "Plan Width": 4, "Plans": [{"Node Type": "Index Scan", "Parent Relationship": "Outer", "Scan Direction": "Forward", "Index Name": "name_pkey", "Relation Name": "name", "Alias": "n", "Startup Cost": 10000000000.0, "Total Cost": 1000019707019.7, "Plan Rows": 173, "Plan Width": 4, "Filter": "(((name)::text ~~ '%Tim%'::text) AND ((gender)::text = 'm'::text))"}]}]}]}]}, {"Node Type": "Materialize", "Parent Relationship": "Inner", "Startup Cost": 10000000000.0, "Total Cost": 1000011024690.47, "Plan Rows": 2528311, "Plan Width": 21, "Plans": [{"Node Type": "Index Scan", "Parent Relationship": "Outer", "Scan Direction": "Forward", "Index Name": "title_pkey", "Relation Name": "title", "Alias": "t", "Startup Cost": 10000000000.0, "Total Cost": 1000011012048.91, "Plan Rows": 2528311, "Plan Width": 21}]}]}]}]}, {"Node Type": "Materialize", "Parent Relationship": "Inner", "Startup Cost": 10000000000.0, "Total Cost": 1000000001421.0, "Plan Rows": 1, "Plan Width": 4, "Plans": [{"Node Type": "Index Scan", "Parent Relationship": "Outer", "Scan Direction": "Forward", "Index Name": "info_type_pkey", "Relation Name": "info_type", "Alias": "it2", "Startup Cost": 10000000000.0, "Total Cost": 1000000001421.0, "Plan Rows": 1, "Plan Width": 4, "Filter": "((info)::text = 'votes'::text)"}]}]}, {"Node Type": "Materialize", "Parent Relationship": "Inner", "Startup Cost": 10000000000.0, "Total Cost": 1000000001421.0, "Plan Rows": 1, "Plan Width": 4, "Plans": [{"Node Type": "Index Scan", "Parent Relationship": "Outer", "Scan Direction": "Forward", "Index Name": "info_type_pkey", "Relation Name": "info_type", "Alias": "it1", "Startup Cost": 10000000000.0, "Total Cost": 1000000001421.0, "Plan Rows": 1, "Plan Width": 4, "Filter": "((info)::text = 'budget'::text)"}]}]}]}, "Unique SQL Id": 4264520866, "Planner Runtime": 97}, "explain_analyze_plan": null}, "(64, '16')": {"explain_plan": {"Plan": {"Node Type": "Aggregate", "Strategy": "Plain", "Startup Cost": 72377.47, "Total Cost": 72377.48, "Plan Rows": 1, "Plan Width": 160, "Plans": [{"Node Type": "Nested Loop", "Parent Relationship": "Outer", "Join Type": "Inner", "Startup Cost": 0.0, "Total Cost": 72377.4, "Plan Rows": 9, "Plan Width": 64, "Inner Unique": true, "Plans": [{"Node Type": "Nested Loop", "Parent Relationship": "Outer", "Join Type": "Inner", "Startup Cost": 0.0, "Total Cost": 72374.78, "Plan Rows": 9, "Plan Width": 59, "Inner Unique": false, "Join Filter": "(mi.info_type_id = it1.id)", "Plans": [{"Node Type": "Seq Scan", "Parent Relationship": "Outer", "Relation Name": "info_type", "Alias": "it1", "Startup Cost": 0.0, "Total Cost": 2.4, "Plan Rows": 1, "Plan Width": 4, "Filter": "((info)::text = 'budget'::text)"}, {"Node Type": "Nested Loop", "Parent Relationship": "Inner", "Join Type": "Inner", "Startup Cost": 0.0, "Total Cost": 72368.89, "Plan Rows": 279, "Plan Width": 63, "Inner Unique": false, "Join Filter": "(mi_idx.movie_id = mi.movie_id)", "Plans": [{"Node Type": "Nested Loop", "Parent Relationship": "Outer", "Join Type": "Inner", "Startup Cost": 0.0, "Total Cost": 72329.29, "Plan Rows": 52, "Plan Width": 13, "Inner Unique": false, "Join Filter": "(mi_idx.info_type_id = it2.id)", "Plans": [{"Node Type": "Seq Scan", "Parent Relationship": "Outer", "Relation Name": "info_type", "Alias": "it2", "Startup Cost": 0.0, "Total Cost": 2.4, "Plan Rows": 1, "Plan Width": 4, "Filter": "((info)::text = 'votes'::text)"}, {"Node Type": "Materialize", "Parent Relationship": "Inner", "Startup Cost": 0.0, "Total Cost": 72323.43, "Plan Rows": 346, "Plan Width": 17, "Plans": [{"Node Type": "Nested Loop", "Parent Relationship": "Outer", "Join Type": "Inner", "Startup Cost": 0.0, "Total Cost": 72322.56, "Plan Rows": 346, "Plan Width": 17, "Inner Unique": false, "Plans": [{"Node Type": "Nested Loop", "Parent Relationship": "Outer", "Join Type": "Inner", "Startup Cost": 0.0, "Total Cost": 72225.77, "Plan Rows": 294, "Plan Width": 4, "Inner Unique": false, "Plans": [{"Node Type": "Streaming(type: LOCAL GATHER dop: 1/64)", "Parent Relationship": "Outer", "Startup Cost": 0.0, "Total Cost": 64783.4, "Plan Rows": 173, "Plan Width": 4, "Plans": [{"Node Type": "Seq Scan", "Parent Relationship": "Outer", "Relation Name": "name", "Alias": "n", "Startup Cost": 0.0, "Total Cost": 64779.83, "Plan Rows": 173, "Plan Width": 4, "Filter": "(((name)::text ~~ '%Tim%'::text) AND ((gender)::text = 'm'::text))"}]}, {"Node Type": "Index Scan", "Parent Relationship": "Inner", "Scan Direction": "Forward", "Index Name": "person_id_cast_info", "Relation Name": "cast_info", "Alias": "ci", "Startup Cost": 0.0, "Total Cost": 43.0, "Plan Rows": 2, "Plan Width": 8, "Index Cond": "(person_id = n.id)", "Filter": "((note)::text = ANY ('{(producer),\"(executive producer)\"}'::text[]))"}]}, {"Node Type": "Index Scan", "Parent Relationship": "Inner", "Scan Direction": "Forward", "Index Name": "movie_id_movie_info_idx", "Relation Name": "movie_info_idx", "Alias": "mi_idx", "Startup Cost": 0.0, "Total Cost": 0.31, "Plan Rows": 2, "Plan Width": 13, "Index Cond": "(movie_id = ci.movie_id)"}]}]}]}, {"Node Type": "Index Scan", "Parent Relationship": "Inner", "Scan Direction": "Forward", "Index Name": "movie_id_movie_info", "Relation Name": "movie_info", "Alias": "mi", "Startup Cost": 0.0, "Total Cost": 0.7, "Plan Rows": 5, "Plan Width": 50, "Index Cond": "(movie_id = ci.movie_id)"}]}]}, {"Node Type": "Index Scan", "Parent Relationship": "Inner", "Scan Direction": "Forward", "Index Name": "title_pkey", "Relation Name": "title", "Alias": "t", "Startup Cost": 0.0, "Total Cost": 0.28, "Plan Rows": 1, "Plan Width": 21, "Index Cond": "(id = mi.movie_id)"}]}]}, "Unique SQL Id": 4264520866, "Planner Runtime": 25}, "explain_analyze_plan": {"Plan": {"Node Type": "Aggregate", "Strategy": "Plain", "Startup Cost": 72377.47, "Total Cost": 72377.48, "Plan Rows": 1, "Plan Width": 160, "Actual Min Startup Time": 394.107, "Actual Max Startup Time": 394.107, "Actual Min Total Time": 394.107, "Actual Max Total Time": 394.107, "Plans": [{"Node Type": "Nested Loop", "Parent Relationship": "Outer", "Join Type": "Inner", "Startup Cost": 0.0, "Total Cost": 72377.4, "Plan Rows": 9, "Plan Width": 64, "Actual Min Startup Time": 252.876, "Actual Max Startup Time": 252.876, "Actual Min Total Time": 393.624, "Actual Max Total Time": 393.624, "Inner Unique": true, "Plans": [{"Node Type": "Nested Loop", "Parent Relationship": "Outer", "Join Type": "Inner", "Startup Cost": 0.0, "Total Cost": 72374.78, "Plan Rows": 9, "Plan Width": 59, "Actual Min Startup Time": 252.858, "Actual Max Startup Time": 252.858, "Actual Min Total Time": 389.996, "Actual Max Total Time": 389.996, "Inner Unique": false, "Join Filter": "(mi.info_type_id = it1.id)", "Rows Removed by Join Filter": 81998, "Plans": [{"Node Type": "Seq Scan", "Parent Relationship": "Outer", "Relation Name": "info_type", "Alias": "it1", "Startup Cost": 0.0, "Total Cost": 2.4, "Plan Rows": 1, "Plan Width": 4, "Actual Min Startup Time": 0.079, "Actual Max Startup Time": 0.079, "Actual Min Total Time": 0.088, "Actual Max Total Time": 0.088, "Filter": "((info)::text = 'budget'::text)", "Rows Removed by Filter": 111, "Actual Rows": 1}, {"Node Type": "Nested Loop", "Parent Relationship": "Inner", "Join Type": "Inner", "Startup Cost": 0.0, "Total Cost": 72368.89, "Plan Rows": 279, "Plan Width": 63, "Actual Min Startup Time": 252.735, "Actual Max Startup Time": 252.735, "Actual Min Total Time": 374.021, "Actual Max Total Time": 374.021, "Inner Unique": false, "Join Filter": "(mi_idx.movie_id = mi.movie_id)", "Rows Removed by Join Filter": 0, "Plans": [{"Node Type": "Nested Loop", "Parent Relationship": "Outer", "Join Type": "Inner", "Startup Cost": 0.0, "Total Cost": 72329.29, "Plan Rows": 52, "Plan Width": 13, "Actual Min Startup Time": 252.708, "Actual Max Startup Time": 252.708, "Actual Min Total Time": 256.894, "Actual Max Total Time": 256.894, "Inner Unique": false, "Join Filter": "(mi_idx.info_type_id = it2.id)", "Rows Removed by Join Filter": 6875, "Plans": [{"Node Type": "Seq Scan", "Parent Relationship": "Outer", "Relation Name": "info_type", "Alias": "it2", "Startup Cost": 0.0, "Total Cost": 2.4, "Plan Rows": 1, "Plan Width": 4, "Actual Min Startup Time": 0.051, "Actual Max Startup Time": 0.051, "Actual Min Total Time": 0.064, "Actual Max Total Time": 0.064, "Filter": "((info)::text = 'votes'::text)", "Rows Removed by Filter": 111, "Actual Rows": 1}, {"Node Type": "Materialize", "Parent Relationship": "Inner", "Startup Cost": 0.0, "Total Cost": 72323.43, "Plan Rows": 346, "Plan Width": 17, "Actual Min Startup Time": 252.641, "Actual Max Startup Time": 252.641, "Actual Min Total Time": 253.906, "Actual Max Total Time": 253.906, "Plans": [{"Node Type": "Nested Loop", "Parent Relationship": "Outer", "Join Type": "Inner", "Startup Cost": 0.0, "Total Cost": 72322.56, "Plan Rows": 346, "Plan Width": 17, "Actual Min Startup Time": 57.001, "Actual Max Startup Time": 57.001, "Actual Min Total Time": 249.556, "Actual Max Total Time": 249.556, "Inner Unique": false, "Plans": [{"Node Type": "Nested Loop", "Parent Relationship": "Outer", "Join Type": "Inner", "Startup Cost": 0.0, "Total Cost": 72225.77, "Plan Rows": 294, "Plan Width": 4, "Actual Min Startup Time": 56.982, "Actual Max Startup Time": 56.982, "Actual Min Total Time": 212.372, "Actual Max Total Time": 212.372, "Inner Unique": false, "Plans": [{"Node Type": "Streaming(type: LOCAL GATHER dop: 1/64)", "Parent Relationship": "Outer", "Startup Cost": 0.0, "Total Cost": 64783.4, "Plan Rows": 173, "Plan Width": 4, "Actual Min Startup Time": 56.786, "Actual Max Startup Time": 56.786, "Actual Min Total Time": 80.669, "Actual Max Total Time": 80.669, "Plans": [{"Node Type": "Seq Scan", "Parent Relationship": "Outer", "Relation Name": "name", "Alias": "n", "Startup Cost": 0.0, "Total Cost": 64779.83, "Plan Rows": 173, "Plan Width": 4, "Actual Min Startup Time": 0.029, "Actual Max Startup Time": 0.851, "Actual Min Total Time": 25.418, "Actual Max Total Time": 29.58, "Filter": "(((name)::text ~~ '%Tim%'::text) AND ((gender)::text = 'm'::text))", "Rows Removed by Filter": 4158428, "Actual Rows": 9062}], "Actual Rows": 9062}, {"Node Type": "Index Scan", "Parent Relationship": "Inner", "Scan Direction": "Forward", "Index Name": "person_id_cast_info", "Relation Name": "cast_info", "Alias": "ci", "Startup Cost": 0.0, "Total Cost": 43.0, "Plan Rows": 2, "Plan Width": 8, "Actual Min Startup Time": 106.182, "Actual Max Startup Time": 106.182, "Actual Min Total Time": 125.475, "Actual Max Total Time": 125.475, "Index Cond": "(person_id = n.id)", "Rows Removed by Index Recheck": 0, "Filter": "((note)::text = ANY ('{(producer),\"(executive producer)\"}'::text[]))", "Rows Removed by Filter": 89309, "Actual Rows": 6719}], "Actual Rows": 6719}, {"Node Type": "Index Scan", "Parent Relationship": "Inner", "Scan Direction": "Forward", "Index Name": "movie_id_movie_info_idx", "Relation Name": "movie_info_idx", "Alias": "mi_idx", "Startup Cost": 0.0, "Total Cost": 0.31, "Plan Rows": 2, "Plan Width": 13, "Actual Min Startup Time": 27.522, "Actual Max Startup Time": 27.522, "Actual Min Total Time": 31.508, "Actual Max Total Time": 31.508, "Index Cond": "(movie_id = ci.movie_id)", "Rows Removed by Index Recheck": 0, "Actual Rows": 10310}], "Actual Rows": 10310}], "Actual Rows": 10311}], "Actual Rows": 3435}, {"Node Type": "Index Scan", "Parent Relationship": "Inner", "Scan Direction": "Forward", "Index Name": "movie_id_movie_info", "Relation Name": "movie_info", "Alias": "mi", "Startup Cost": 0.0, "Total Cost": 0.7, "Plan Rows": 5, "Plan Width": 50, "Actual Min Startup Time": 21.922, "Actual Max Startup Time": 21.922, "Actual Min Total Time": 88.276, "Actual Max Total Time": 88.276, "Index Cond": "(movie_id = ci.movie_id)", "Rows Removed by Index Recheck": 0, "Actual Rows": 82408}], "Actual Rows": 82408}], "Actual Rows": 410}, {"Node Type": "Index Scan", "Parent Relationship": "Inner", "Scan Direction": "Forward", "Index Name": "title_pkey", "Relation Name": "title", "Alias": "t", "Startup Cost": 0.0, "Total Cost": 0.28, "Plan Rows": 1, "Plan Width": 21, "Actual Min Startup Time": 3.275, "Actual Max Startup Time": 3.275, "Actual Min Total Time": 3.275, "Actual Max Total Time": 3.275, "Index Cond": "(id = mi.movie_id)", "Rows Removed by Index Recheck": 0, "Actual Rows": 410}], "Actual Rows": 410}], "Actual Rows": 1}, "Triggers": [], "Planner Runtime": 25.495, "Total Runtime": 405.277, "Unique SQL Id": 4264520866}}, "(64, '17')": {"explain_plan": {"Plan": {"Node Type": "Aggregate", "Strategy": "Plain", "Startup Cost": 204687.88, "Total Cost": 204687.89, "Plan Rows": 1, "Plan Width": 160, "Plans": [{"Node Type": "Nested Loop", "Parent Relationship": "Outer", "Join Type": "Inner", "Startup Cost": 0.0, "Total Cost": 204687.82, "Plan Rows": 9, "Plan Width": 64, "Inner Unique": true, "Plans": [{"Node Type": "Nested Loop", "Parent Relationship": "Outer", "Join Type": "Inner", "Startup Cost": 0.0, "Total Cost": 204685.19, "Plan Rows": 9, "Plan Width": 59, "Inner Unique": false, "Join Filter": "(mi.info_type_id = it1.id)", "Plans": [{"Node Type": "Index Scan", "Parent Relationship": "Outer", "Scan Direction": "Forward", "Index Name": "info_type_pkey", "Relation Name": "info_type", "Alias": "it1", "Startup Cost": 0.0, "Total Cost": 14.21, "Plan Rows": 1, "Plan Width": 4, "Filter": "((info)::text = 'budget'::text)"}, {"Node Type": "Nested Loop", "Parent Relationship": "Inner", "Join Type": "Inner", "Startup Cost": 0.0, "Total Cost": 204667.49, "Plan Rows": 279, "Plan Width": 63, "Inner Unique": false, "Join Filter": "(mi_idx.movie_id = mi.movie_id)", "Plans": [{"Node Type": "Nested Loop", "Parent Relationship": "Outer", "Join Type": "Inner", "Startup Cost": 0.0, "Total Cost": 204627.89, "Plan Rows": 52, "Plan Width": 13, "Inner Unique": false, "Join Filter": "(mi_idx.info_type_id = it2.id)", "Plans": [{"Node Type": "Index Scan", "Parent Relationship": "Outer", "Scan Direction": "Forward", "Index Name": "info_type_pkey", "Relation Name": "info_type", "Alias": "it2", "Startup Cost": 0.0, "Total Cost": 14.21, "Plan Rows": 1, "Plan Width": 4, "Filter": "((info)::text = 'votes'::text)"}, {"Node Type": "Nested Loop", "Parent Relationship": "Inner", "Join Type": "Inner", "Startup Cost": 0.0, "Total Cost": 204609.36, "Plan Rows": 346, "Plan Width": 17, "Inner Unique": false, "Plans": [{"Node Type": "Nested Loop", "Parent Relationship": "Outer", "Join Type": "Inner", "Startup Cost": 0.0, "Total Cost": 204512.56, "Plan Rows": 294, "Plan Width": 4, "Inner Unique": false, "Plans": [{"Node Type": "Index Scan", "Parent Relationship": "Outer", "Scan Direction": "Forward", "Index Name": "name_pkey", "Relation Name": "name", "Alias": "n", "Startup Cost": 0.0, "Total Cost": 197070.2, "Plan Rows": 173, "Plan Width": 4, "Filter": "(((name)::text ~~ '%Tim%'::text) AND ((gender)::text = 'm'::text))"}, {"Node Type": "Index Scan", "Parent Relationship": "Inner", "Scan Direction": "Forward", "Index Name": "person_id_cast_info", "Relation Name": "cast_info", "Alias": "ci", "Startup Cost": 0.0, "Total Cost": 43.0, "Plan Rows": 2, "Plan Width": 8, "Index Cond": "(person_id = n.id)", "Filter": "((note)::text = ANY ('{(producer),\"(executive producer)\"}'::text[]))"}]}, {"Node Type": "Index Scan", "Parent Relationship": "Inner", "Scan Direction": "Forward", "Index Name": "movie_id_movie_info_idx", "Relation Name": "movie_info_idx", "Alias": "mi_idx", "Startup Cost": 0.0, "Total Cost": 0.31, "Plan Rows": 2, "Plan Width": 13, "Index Cond": "(movie_id = ci.movie_id)"}]}]}, {"Node Type": "Index Scan", "Parent Relationship": "Inner", "Scan Direction": "Forward", "Index Name": "movie_id_movie_info", "Relation Name": "movie_info", "Alias": "mi", "Startup Cost": 0.0, "Total Cost": 0.7, "Plan Rows": 5, "Plan Width": 50, "Index Cond": "(movie_id = ci.movie_id)"}]}]}, {"Node Type": "Index Scan", "Parent Relationship": "Inner", "Scan Direction": "Forward", "Index Name": "title_pkey", "Relation Name": "title", "Alias": "t", "Startup Cost": 0.0, "Total Cost": 0.28, "Plan Rows": 1, "Plan Width": 21, "Index Cond": "(id = mi.movie_id)"}]}]}, "Unique SQL Id": 4264520866, "Planner Runtime": 25}, "explain_analyze_plan": null}, "(64, '18')": {"explain_plan": {"Plan": {"Node Type": "Aggregate", "Strategy": "Plain", "Startup Cost": 79447.84, "Total Cost": 79447.85, "Plan Rows": 1, "Plan Width": 160, "Plans": [{"Node Type": "Nested Loop", "Parent Relationship": "Outer", "Join Type": "Inner", "Startup Cost": 5.3, "Total Cost": 79447.78, "Plan Rows": 8, "Plan Width": 64, "Inner Unique": true, "Plans": [{"Node Type": "Nested Loop", "Parent Relationship": "Outer", "Join Type": "Inner", "Startup Cost": 5.04, "Total Cost": 79409.23, "Plan Rows": 9, "Plan Width": 59, "Inner Unique": false, "Join Filter": "(mi_idx.info_type_id = it2.id)", "Plans": [{"Node Type": "Seq Scan", "Parent Relationship": "Outer", "Relation Name": "info_type", "Alias": "it2", "Startup Cost": 0.0, "Total Cost": 2.4, "Plan Rows": 1, "Plan Width": 4, "Filter": "((info)::text = 'votes'::text)"}, {"Node Type": "Nested Loop", "Parent Relationship": "Inner", "Join Type": "Inner", "Startup Cost": 5.04, "Total Cost": 79406.41, "Plan Rows": 34, "Plan Width": 63, "Inner Unique": false, "Plans": [{"Node Type": "Nested Loop", "Parent Relationship": "Outer", "Join Type": "Inner", "Startup Cost": 4.77, "Total Cost": 79311.55, "Plan Rows": 22, "Plan Width": 50, "Inner Unique": false, "Join Filter": "(mi.info_type_id = it1.id)", "Plans": [{"Node Type": "Seq Scan", "Parent Relationship": "Outer", "Relation Name": "info_type", "Alias": "it1", "Startup Cost": 0.0, "Total Cost": 2.4, "Plan Rows": 1, "Plan Width": 4, "Filter": "((info)::text = 'budget'::text)"}, {"Node Type": "Materialize", "Parent Relationship": "Inner", "Startup Cost": 4.77, "Total Cost": 79293.54, "Plan Rows": 1561, "Plan Width": 54, "Plans": [{"Node Type": "Nested Loop", "Parent Relationship": "Outer", "Join Type": "Inner", "Startup Cost": 4.77, "Total Cost": 79289.64, "Plan Rows": 1561, "Plan Width": 54, "Inner Unique": false, "Plans": [{"Node Type": "Nested Loop", "Parent Relationship": "Outer", "Join Type": "Inner", "Startup Cost": 4.39, "Total Cost": 77967.24, "Plan Rows": 294, "Plan Width": 4, "Inner Unique": false, "Plans": [{"Node Type": "Streaming(type: LOCAL GATHER dop: 1/64)", "Parent Relationship": "Outer", "Startup Cost": 0.0, "Total Cost": 64783.4, "Plan Rows": 173, "Plan Width": 4, "Plans": [{"Node Type": "Seq Scan", "Parent Relationship": "Outer", "Relation Name": "name", "Alias": "n", "Startup Cost": 0.0, "Total Cost": 64779.83, "Plan Rows": 173, "Plan Width": 4, "Filter": "(((name)::text ~~ '%Tim%'::text) AND ((gender)::text = 'm'::text))"}]}, {"Node Type": "Bitmap Heap Scan", "Parent Relationship": "Inner", "Relation Name": "cast_info", "Alias": "ci", "Startup Cost": 4.39, "Total Cost": 76.19, "Plan Rows": 2, "Plan Width": 8, "Recheck Cond": "(person_id = n.id)", "Filter": "((note)::text = ANY ('{(producer),\"(executive producer)\"}'::text[]))", "Plans": [{"Node Type": "Bitmap Index Scan", "Parent Relationship": "Outer", "Index Name": "person_id_cast_info", "Startup Cost": 0.0, "Total Cost": 4.38, "Plan Rows": 18, "Plan Width": 0, "Index Cond": "(person_id = n.id)"}]}]}, {"Node Type": "Bitmap Heap Scan", "Parent Relationship": "Inner", "Relation Name": "movie_info", "Alias": "mi", "Startup Cost": 0.39, "Total Cost": 4.45, "Plan Rows": 5, "Plan Width": 50, "Recheck Cond": "(movie_id = ci.movie_id)", "Plans": [{"Node Type": "Bitmap Index Scan", "Parent Relationship": "Outer", "Index Name": "movie_id_movie_info", "Startup Cost": 0.0, "Total Cost": 0.38, "Plan Rows": 5, "Plan Width": 0, "Index Cond": "(movie_id = ci.movie_id)"}]}]}]}]}, {"Node Type": "Bitmap Heap Scan", "Parent Relationship": "Inner", "Relation Name": "movie_info_idx", "Alias": "mi_idx", "Startup Cost": 0.27, "Total Cost": 4.29, "Plan Rows": 2, "Plan Width": 13, "Recheck Cond": "(movie_id = mi.movie_id)", "Plans": [{"Node Type": "Bitmap Index Scan", "Parent Relationship": "Outer", "Index Name": "movie_id_movie_info_idx", "Startup Cost": 0.0, "Total Cost": 0.27, "Plan Rows": 2, "Plan Width": 0, "Index Cond": "(movie_id = mi.movie_id)"}]}]}]}, {"Node Type": "Bitmap Heap Scan", "Parent Relationship": "Inner", "Relation Name": "title", "Alias": "t", "Startup Cost": 0.26, "Total Cost": 4.27, "Plan Rows": 1, "Plan Width": 21, "Recheck Cond": "(id = mi.movie_id)", "Plans": [{"Node Type": "Bitmap Index Scan", "Parent Relationship": "Outer", "Index Name": "title_pkey", "Startup Cost": 0.0, "Total Cost": 0.26, "Plan Rows": 1, "Plan Width": 0, "Index Cond": "(id = mi.movie_id)"}]}]}]}, "Unique SQL Id": 4264520866, "Planner Runtime": 26}, "explain_analyze_plan": {"Plan": {"Node Type": "Aggregate", "Strategy": "Plain", "Startup Cost": 79447.84, "Total Cost": 79447.85, "Plan Rows": 1, "Plan Width": 160, "Actual Min Startup Time": 474.822, "Actual Max Startup Time": 474.822, "Actual Min Total Time": 474.823, "Actual Max Total Time": 474.823, "Plans": [{"Node Type": "Nested Loop", "Parent Relationship": "Outer", "Join Type": "Inner", "Startup Cost": 5.3, "Total Cost": 79447.78, "Plan Rows": 8, "Plan Width": 64, "Actual Min Startup Time": 426.302, "Actual Max Startup Time": 426.302, "Actual Min Total Time": 474.342, "Actual Max Total Time": 474.342, "Inner Unique": true, "Plans": [{"Node Type": "Nested Loop", "Parent Relationship": "Outer", "Join Type": "Inner", "Startup Cost": 5.04, "Total Cost": 79409.23, "Plan Rows": 9, "Plan Width": 59, "Actual Min Startup Time": 426.264, "Actual Max Startup Time": 426.264, "Actual Min Total Time": 470.262, "Actual Max Total Time": 470.262, "Inner Unique": false, "Join Filter": "(mi_idx.info_type_id = it2.id)", "Rows Removed by Join Filter": 825, "Plans": [{"Node Type": "Seq Scan", "Parent Relationship": "Outer", "Relation Name": "info_type", "Alias": "it2", "Startup Cost": 0.0, "Total Cost": 2.4, "Plan Rows": 1, "Plan Width": 4, "Actual Min Startup Time": 0.074, "Actual Max Startup Time": 0.074, "Actual Min Total Time": 0.086, "Actual Max Total Time": 0.086, "Filter": "((info)::text = 'votes'::text)", "Rows Removed by Filter": 111, "Actual Rows": 1}, {"Node Type": "Nested Loop", "Parent Relationship": "Inner", "Join Type": "Inner", "Startup Cost": 5.04, "Total Cost": 79406.41, "Plan Rows": 34, "Plan Width": 63, "Actual Min Startup Time": 426.174, "Actual Max Startup Time": 426.174, "Actual Min Total Time": 467.716, "Actual Max Total Time": 467.716, "Inner Unique": false, "Plans": [{"Node Type": "Nested Loop", "Parent Relationship": "Outer", "Join Type": "Inner", "Startup Cost": 4.77, "Total Cost": 79311.55, "Plan Rows": 22, "Plan Width": 50, "Actual Min Startup Time": 426.117, "Actual Max Startup Time": 426.117, "Actual Min Total Time": 461.124, "Actual Max Total Time": 461.124, "Inner Unique": false, "Join Filter": "(mi.info_type_id = it1.id)", "Rows Removed by Join Filter": 95197, "Plans": [{"Node Type": "Seq Scan", "Parent Relationship": "Outer", "Relation Name": "info_type", "Alias": "it1", "Startup Cost": 0.0, "Total Cost": 2.4, "Plan Rows": 1, "Plan Width": 4, "Actual Min Startup Time": 0.068, "Actual Max Startup Time": 0.068, "Actual Min Total Time": 0.079, "Actual Max Total Time": 0.079, "Filter": "((info)::text = 'budget'::text)", "Rows Removed by Filter": 111, "Actual Rows": 1}, {"Node Type": "Materialize", "Parent Relationship": "Inner", "Startup Cost": 4.77, "Total Cost": 79293.54, "Plan Rows": 1561, "Plan Width": 54, "Actual Min Startup Time": 424.955, "Actual Max Startup Time": 424.955, "Actual Min Total Time": 436.983, "Actual Max Total Time": 436.983, "Plans": [{"Node Type": "Nested Loop", "Parent Relationship": "Outer", "Join Type": "Inner", "Startup Cost": 4.77, "Total Cost": 79289.64, "Plan Rows": 1561, "Plan Width": 54, "Actual Min Startup Time": 53.437, "Actual Max Startup Time": 53.437, "Actual Min Total Time": 398.131, "Actual Max Total Time": 398.131, "Inner Unique": false, "Plans": [{"Node Type": "Nested Loop", "Parent Relationship": "Outer", "Join Type": "Inner", "Startup Cost": 4.39, "Total Cost": 77967.24, "Plan Rows": 294, "Plan Width": 4, "Actual Min Startup Time": 53.405, "Actual Max Startup Time": 53.405, "Actual Min Total Time": 225.682, "Actual Max Total Time": 225.682, "Inner Unique": false, "Plans": [{"Node Type": "Streaming(type: LOCAL GATHER dop: 1/64)", "Parent Relationship": "Outer", "Startup Cost": 0.0, "Total Cost": 64783.4, "Plan Rows": 173, "Plan Width": 4, "Actual Min Startup Time": 52.903, "Actual Max Startup Time": 52.903, "Actual Min Total Time": 78.369, "Actual Max Total Time": 78.369, "Plans": [{"Node Type": "Seq Scan", "Parent Relationship": "Outer", "Relation Name": "name", "Alias": "n", "Startup Cost": 0.0, "Total Cost": 64779.83, "Plan Rows": 173, "Plan Width": 4, "Actual Min Startup Time": 0.029, "Actual Max Startup Time": 0.841, "Actual Min Total Time": 25.435, "Actual Max Total Time": 29.353, "Filter": "(((name)::text ~~ '%Tim%'::text) AND ((gender)::text = 'm'::text))", "Rows Removed by Filter": 4158428, "Actual Rows": 9062}], "Actual Rows": 9062}, {"Node Type": "Bitmap Heap Scan", "Parent Relationship": "Inner", "Relation Name": "cast_info", "Alias": "ci", "Startup Cost": 4.39, "Total Cost": 76.19, "Plan Rows": 2, "Plan Width": 8, "Actual Min Startup Time": 119.075, "Actual Max Startup Time": 119.075, "Actual Min Total Time": 134.847, "Actual Max Total Time": 134.847, "Recheck Cond": "(person_id = n.id)", "Rows Removed by Index Recheck": 0, "Filter": "((note)::text = ANY ('{(producer),\"(executive producer)\"}'::text[]))", "Rows Removed by Filter": 89309, "Exact Heap Blocks": 13336, "Lossy Heap Blocks": 13336, "Plans": [{"Node Type": "Bitmap Index Scan", "Parent Relationship": "Outer", "Index Name": "person_id_cast_info", "Startup Cost": 0.0, "Total Cost": 4.38, "Plan Rows": 18, "Plan Width": 0, "Actual Min Startup Time": 51.429, "Actual Max Startup Time": 51.429, "Actual Min Total Time": 51.429, "Actual Max Total Time": 51.429, "Index Cond": "(person_id = n.id)", "Actual Rows": 96028}], "Actual Rows": 6719}], "Actual Rows": 6719}, {"Node Type": "Bitmap Heap Scan", "Parent Relationship": "Inner", "Relation Name": "movie_info", "Alias": "mi", "Startup Cost": 0.39, "Total Cost": 4.45, "Plan Rows": 5, "Plan Width": 50, "Actual Min Startup Time": 61.638, "Actual Max Startup Time": 61.638, "Actual Min Total Time": 143.35, "Actual Max Total Time": 143.35, "Recheck Cond": "(movie_id = ci.movie_id)", "Rows Removed by Index Recheck": 0, "Exact Heap Blocks": 40013, "Lossy Heap Blocks": 40013, "Plans": [{"Node Type": "Bitmap Index Scan", "Parent Relationship": "Outer", "Index Name": "movie_id_movie_info", "Startup Cost": 0.0, "Total Cost": 0.38, "Plan Rows": 5, "Plan Width": 0, "Actual Min Startup Time": 42.937, "Actual Max Startup Time": 42.937, "Actual Min Total Time": 42.937, "Actual Max Total Time": 42.937, "Index Cond": "(movie_id = ci.movie_id)", "Actual Rows": 95896}], "Actual Rows": 95896}], "Actual Rows": 95896}], "Actual Rows": 95897}], "Actual Rows": 699}, {"Node Type": "Bitmap Heap Scan", "Parent Relationship": "Inner", "Relation Name": "movie_info_idx", "Alias": "mi_idx", "Startup Cost": 0.27, "Total Cost": 4.29, "Plan Rows": 2, "Plan Width": 13, "Actual Min Startup Time": 5.274, "Actual Max Startup Time": 5.274, "Actual Min Total Time": 5.452, "Actual Max Total Time": 5.452, "Recheck Cond": "(movie_id = mi.movie_id)", "Rows Removed by Index Recheck": 0, "Exact Heap Blocks": 419, "Lossy Heap Blocks": 419, "Plans": [{"Node Type": "Bitmap Index Scan", "Parent Relationship": "Outer", "Index Name": "movie_id_movie_info_idx", "Startup Cost": 0.0, "Total Cost": 0.27, "Plan Rows": 2, "Plan Width": 0, "Actual Min Startup Time": 3.756, "Actual Max Startup Time": 3.756, "Actual Min Total Time": 3.756, "Actual Max Total Time": 3.756, "Index Cond": "(movie_id = mi.movie_id)", "Actual Rows": 1235}], "Actual Rows": 1235}], "Actual Rows": 1235}], "Actual Rows": 410}, {"Node Type": "Bitmap Heap Scan", "Parent Relationship": "Inner", "Relation Name": "title", "Alias": "t", "Startup Cost": 0.26, "Total Cost": 4.27, "Plan Rows": 1, "Plan Width": 21, "Actual Min Startup Time": 3.524, "Actual Max Startup Time": 3.524, "Actual Min Total Time": 3.524, "Actual Max Total Time": 3.524, "Recheck Cond": "(id = mi.movie_id)", "Rows Removed by Index Recheck": 0, "Exact Heap Blocks": 410, "Lossy Heap Blocks": 410, "Plans": [{"Node Type": "Bitmap Index Scan", "Parent Relationship": "Outer", "Index Name": "title_pkey", "Startup Cost": 0.0, "Total Cost": 0.26, "Plan Rows": 1, "Plan Width": 0, "Actual Min Startup Time": 2.188, "Actual Max Startup Time": 2.188, "Actual Min Total Time": 2.188, "Actual Max Total Time": 2.188, "Index Cond": "(id = mi.movie_id)", "Actual Rows": 410}], "Actual Rows": 410}], "Actual Rows": 410}], "Actual Rows": 1}, "Triggers": [], "Planner Runtime": 26.768, "Total Runtime": 487.412, "Unique SQL Id": 4264520866}}, "(64, '19')": {"explain_plan": {"Plan": {"Node Type": "Aggregate", "Strategy": "Plain", "Startup Cost": 212364.75, "Total Cost": 212364.76, "Plan Rows": 1, "Plan Width": 160, "Plans": [{"Node Type": "Nested Loop", "Parent Relationship": "Outer", "Join Type": "Inner", "Startup Cost": 83172.11, "Total Cost": 212364.68, "Plan Rows": 9, "Plan Width": 64, "Inner Unique": true, "Plans": [{"Node Type": "Nested Loop", "Parent Relationship": "Outer", "Join Type": "Inner", "Startup Cost": 83171.85, "Total Cost": 212326.13, "Plan Rows": 9, "Plan Width": 59, "Inner Unique": true, "Plans": [{"Node Type": "Nested Loop", "Parent Relationship": "Outer", "Join Type": "Inner", "Startup Cost": 83171.59, "Total Cost": 212180.52, "Plan Rows": 34, "Plan Width": 63, "Inner Unique": false, "Plans": [{"Node Type": "Nested Loop", "Parent Relationship": "Outer", "Join Type": "Inner", "Startup Cost": 83171.32, "Total Cost": 211607.05, "Plan Rows": 133, "Plan Width": 50, "Inner Unique": false, "Join Filter": "(mi.info_type_id = it1.id)", "Plans": [{"Node Type": "Bitmap Heap Scan", "Parent Relationship": "Outer", "Relation Name": "info_type", "Alias": "it1", "Startup Cost": 8.81, "Total Cost": 14.21, "Plan Rows": 1, "Plan Width": 4, "Filter": "((info)::text = 'budget'::text)", "Plans": [{"Node Type": "Bitmap Index Scan", "Parent Relationship": "Outer", "Index Name": "info_type_pkey", "Startup Cost": 0.0, "Total Cost": 8.81, "Plan Rows": 112, "Plan Width": 0}]}, {"Node Type": "Nested Loop", "Parent Relationship": "Inner", "Join Type": "Inner", "Startup Cost": 83162.51, "Total Cost": 211573.33, "Plan Rows": 1561, "Plan Width": 54, "Inner Unique": false, "Plans": [{"Node Type": "Nested Loop", "Parent Relationship": "Outer", "Join Type": "Inner", "Startup Cost": 83162.13, "Total Cost": 210250.93, "Plan Rows": 294, "Plan Width": 4, "Inner Unique": false, "Plans": [{"Node Type": "Bitmap Heap Scan", "Parent Relationship": "Outer", "Relation Name": "name", "Alias": "n", "Startup Cost": 83157.74, "Total Cost": 197067.09, "Plan Rows": 173, "Plan Width": 4, "Filter": "(((name)::text ~~ '%Tim%'::text) AND ((gender)::text = 'm'::text))", "Plans": [{"Node Type": "Bitmap Index Scan", "Parent Relationship": "Outer", "Index Name": "name_pkey", "Startup Cost": 0.0, "Total Cost": 83157.7, "Plan Rows": 4167490, "Plan Width": 0}]}, {"Node Type": "Bitmap Heap Scan", "Parent Relationship": "Inner", "Relation Name": "cast_info", "Alias": "ci", "Startup Cost": 4.39, "Total Cost": 76.19, "Plan Rows": 2, "Plan Width": 8, "Recheck Cond": "(person_id = n.id)", "Filter": "((note)::text = ANY ('{(producer),\"(executive producer)\"}'::text[]))", "Plans": [{"Node Type": "Bitmap Index Scan", "Parent Relationship": "Outer", "Index Name": "person_id_cast_info", "Startup Cost": 0.0, "Total Cost": 4.38, "Plan Rows": 18, "Plan Width": 0, "Index Cond": "(person_id = n.id)"}]}]}, {"Node Type": "Bitmap Heap Scan", "Parent Relationship": "Inner", "Relation Name": "movie_info", "Alias": "mi", "Startup Cost": 0.39, "Total Cost": 4.45, "Plan Rows": 5, "Plan Width": 50, "Recheck Cond": "(movie_id = ci.movie_id)", "Plans": [{"Node Type": "Bitmap Index Scan", "Parent Relationship": "Outer", "Index Name": "movie_id_movie_info", "Startup Cost": 0.0, "Total Cost": 0.38, "Plan Rows": 5, "Plan Width": 0, "Index Cond": "(movie_id = ci.movie_id)"}]}]}]}, {"Node Type": "Bitmap Heap Scan", "Parent Relationship": "Inner", "Relation Name": "movie_info_idx", "Alias": "mi_idx", "Startup Cost": 0.27, "Total Cost": 4.29, "Plan Rows": 2, "Plan Width": 13, "Recheck Cond": "(movie_id = mi.movie_id)", "Plans": [{"Node Type": "Bitmap Index Scan", "Parent Relationship": "Outer", "Index Name": "movie_id_movie_info_idx", "Startup Cost": 0.0, "Total Cost": 0.27, "Plan Rows": 2, "Plan Width": 0, "Index Cond": "(movie_id = mi.movie_id)"}]}]}, {"Node Type": "Bitmap Heap Scan", "Parent Relationship": "Inner", "Relation Name": "info_type", "Alias": "it2", "Startup Cost": 0.26, "Total Cost": 4.27, "Plan Rows": 1, "Plan Width": 4, "Recheck Cond": "(id = mi_idx.info_type_id)", "Filter": "((info)::text = 'votes'::text)", "Plans": [{"Node Type": "Bitmap Index Scan", "Parent Relationship": "Outer", "Index Name": "info_type_pkey", "Startup Cost": 0.0, "Total Cost": 0.26, "Plan Rows": 1, "Plan Width": 0, "Index Cond": "(id = mi_idx.info_type_id)"}]}]}, {"Node Type": "Bitmap Heap Scan", "Parent Relationship": "Inner", "Relation Name": "title", "Alias": "t", "Startup Cost": 0.26, "Total Cost": 4.27, "Plan Rows": 1, "Plan Width": 21, "Recheck Cond": "(id = mi.movie_id)", "Plans": [{"Node Type": "Bitmap Index Scan", "Parent Relationship": "Outer", "Index Name": "title_pkey", "Startup Cost": 0.0, "Total Cost": 0.26, "Plan Rows": 1, "Plan Width": 0, "Index Cond": "(id = mi.movie_id)"}]}]}]}, "Unique SQL Id": 4264520866, "Planner Runtime": 26}, "explain_analyze_plan": null}, "(64, '20')": {"explain_plan": {"Plan": {"Node Type": "Aggregate", "Strategy": "Plain", "Startup Cost": 72377.47, "Total Cost": 72377.48, "Plan Rows": 1, "Plan Width": 160, "Plans": [{"Node Type": "Nested Loop", "Parent Relationship": "Outer", "Join Type": "Inner", "Startup Cost": 0.0, "Total Cost": 72377.4, "Plan Rows": 9, "Plan Width": 64, "Inner Unique": true, "Plans": [{"Node Type": "Nested Loop", "Parent Relationship": "Outer", "Join Type": "Inner", "Startup Cost": 0.0, "Total Cost": 72374.78, "Plan Rows": 9, "Plan Width": 59, "Inner Unique": false, "Join Filter": "(mi.info_type_id = it1.id)", "Plans": [{"Node Type": "Seq Scan", "Parent Relationship": "Outer", "Relation Name": "info_type", "Alias": "it1", "Startup Cost": 0.0, "Total Cost": 2.4, "Plan Rows": 1, "Plan Width": 4, "Filter": "((info)::text = 'budget'::text)"}, {"Node Type": "Nested Loop", "Parent Relationship": "Inner", "Join Type": "Inner", "Startup Cost": 0.0, "Total Cost": 72368.89, "Plan Rows": 279, "Plan Width": 63, "Inner Unique": false, "Join Filter": "(mi_idx.movie_id = mi.movie_id)", "Plans": [{"Node Type": "Nested Loop", "Parent Relationship": "Outer", "Join Type": "Inner", "Startup Cost": 0.0, "Total Cost": 72329.29, "Plan Rows": 52, "Plan Width": 13, "Inner Unique": false, "Join Filter": "(mi_idx.info_type_id = it2.id)", "Plans": [{"Node Type": "Seq Scan", "Parent Relationship": "Outer", "Relation Name": "info_type", "Alias": "it2", "Startup Cost": 0.0, "Total Cost": 2.4, "Plan Rows": 1, "Plan Width": 4, "Filter": "((info)::text = 'votes'::text)"}, {"Node Type": "Materialize", "Parent Relationship": "Inner", "Startup Cost": 0.0, "Total Cost": 72323.43, "Plan Rows": 346, "Plan Width": 17, "Plans": [{"Node Type": "Nested Loop", "Parent Relationship": "Outer", "Join Type": "Inner", "Startup Cost": 0.0, "Total Cost": 72322.56, "Plan Rows": 346, "Plan Width": 17, "Inner Unique": false, "Plans": [{"Node Type": "Nested Loop", "Parent Relationship": "Outer", "Join Type": "Inner", "Startup Cost": 0.0, "Total Cost": 72225.77, "Plan Rows": 294, "Plan Width": 4, "Inner Unique": false, "Plans": [{"Node Type": "Streaming(type: LOCAL GATHER dop: 1/64)", "Parent Relationship": "Outer", "Startup Cost": 0.0, "Total Cost": 64783.4, "Plan Rows": 173, "Plan Width": 4, "Plans": [{"Node Type": "Seq Scan", "Parent Relationship": "Outer", "Relation Name": "name", "Alias": "n", "Startup Cost": 0.0, "Total Cost": 64779.83, "Plan Rows": 173, "Plan Width": 4, "Filter": "(((name)::text ~~ '%Tim%'::text) AND ((gender)::text = 'm'::text))"}]}, {"Node Type": "Index Scan", "Parent Relationship": "Inner", "Scan Direction": "Forward", "Index Name": "person_id_cast_info", "Relation Name": "cast_info", "Alias": "ci", "Startup Cost": 0.0, "Total Cost": 43.0, "Plan Rows": 2, "Plan Width": 8, "Index Cond": "(person_id = n.id)", "Filter": "((note)::text = ANY ('{(producer),\"(executive producer)\"}'::text[]))"}]}, {"Node Type": "Index Scan", "Parent Relationship": "Inner", "Scan Direction": "Forward", "Index Name": "movie_id_movie_info_idx", "Relation Name": "movie_info_idx", "Alias": "mi_idx", "Startup Cost": 0.0, "Total Cost": 0.31, "Plan Rows": 2, "Plan Width": 13, "Index Cond": "(movie_id = ci.movie_id)"}]}]}]}, {"Node Type": "Index Scan", "Parent Relationship": "Inner", "Scan Direction": "Forward", "Index Name": "movie_id_movie_info", "Relation Name": "movie_info", "Alias": "mi", "Startup Cost": 0.0, "Total Cost": 0.7, "Plan Rows": 5, "Plan Width": 50, "Index Cond": "(movie_id = ci.movie_id)"}]}]}, {"Node Type": "Index Scan", "Parent Relationship": "Inner", "Scan Direction": "Forward", "Index Name": "title_pkey", "Relation Name": "title", "Alias": "t", "Startup Cost": 0.0, "Total Cost": 0.28, "Plan Rows": 1, "Plan Width": 21, "Index Cond": "(id = mi.movie_id)"}]}]}, "Unique SQL Id": 4264520866, "Planner Runtime": 25}, "explain_analyze_plan": {"Plan": {"Node Type": "Aggregate", "Strategy": "Plain", "Startup Cost": 72377.47, "Total Cost": 72377.48, "Plan Rows": 1, "Plan Width": 160, "Actual Min Startup Time": 394.107, "Actual Max Startup Time": 394.107, "Actual Min Total Time": 394.107, "Actual Max Total Time": 394.107, "Plans": [{"Node Type": "Nested Loop", "Parent Relationship": "Outer", "Join Type": "Inner", "Startup Cost": 0.0, "Total Cost": 72377.4, "Plan Rows": 9, "Plan Width": 64, "Actual Min Startup Time": 252.876, "Actual Max Startup Time": 252.876, "Actual Min Total Time": 393.624, "Actual Max Total Time": 393.624, "Inner Unique": true, "Plans": [{"Node Type": "Nested Loop", "Parent Relationship": "Outer", "Join Type": "Inner", "Startup Cost": 0.0, "Total Cost": 72374.78, "Plan Rows": 9, "Plan Width": 59, "Actual Min Startup Time": 252.858, "Actual Max Startup Time": 252.858, "Actual Min Total Time": 389.996, "Actual Max Total Time": 389.996, "Inner Unique": false, "Join Filter": "(mi.info_type_id = it1.id)", "Rows Removed by Join Filter": 81998, "Plans": [{"Node Type": "Seq Scan", "Parent Relationship": "Outer", "Relation Name": "info_type", "Alias": "it1", "Startup Cost": 0.0, "Total Cost": 2.4, "Plan Rows": 1, "Plan Width": 4, "Actual Min Startup Time": 0.079, "Actual Max Startup Time": 0.079, "Actual Min Total Time": 0.088, "Actual Max Total Time": 0.088, "Filter": "((info)::text = 'budget'::text)", "Rows Removed by Filter": 111, "Actual Rows": 1}, {"Node Type": "Nested Loop", "Parent Relationship": "Inner", "Join Type": "Inner", "Startup Cost": 0.0, "Total Cost": 72368.89, "Plan Rows": 279, "Plan Width": 63, "Actual Min Startup Time": 252.735, "Actual Max Startup Time": 252.735, "Actual Min Total Time": 374.021, "Actual Max Total Time": 374.021, "Inner Unique": false, "Join Filter": "(mi_idx.movie_id = mi.movie_id)", "Rows Removed by Join Filter": 0, "Plans": [{"Node Type": "Nested Loop", "Parent Relationship": "Outer", "Join Type": "Inner", "Startup Cost": 0.0, "Total Cost": 72329.29, "Plan Rows": 52, "Plan Width": 13, "Actual Min Startup Time": 252.708, "Actual Max Startup Time": 252.708, "Actual Min Total Time": 256.894, "Actual Max Total Time": 256.894, "Inner Unique": false, "Join Filter": "(mi_idx.info_type_id = it2.id)", "Rows Removed by Join Filter": 6875, "Plans": [{"Node Type": "Seq Scan", "Parent Relationship": "Outer", "Relation Name": "info_type", "Alias": "it2", "Startup Cost": 0.0, "Total Cost": 2.4, "Plan Rows": 1, "Plan Width": 4, "Actual Min Startup Time": 0.051, "Actual Max Startup Time": 0.051, "Actual Min Total Time": 0.064, "Actual Max Total Time": 0.064, "Filter": "((info)::text = 'votes'::text)", "Rows Removed by Filter": 111, "Actual Rows": 1}, {"Node Type": "Materialize", "Parent Relationship": "Inner", "Startup Cost": 0.0, "Total Cost": 72323.43, "Plan Rows": 346, "Plan Width": 17, "Actual Min Startup Time": 252.641, "Actual Max Startup Time": 252.641, "Actual Min Total Time": 253.906, "Actual Max Total Time": 253.906, "Plans": [{"Node Type": "Nested Loop", "Parent Relationship": "Outer", "Join Type": "Inner", "Startup Cost": 0.0, "Total Cost": 72322.56, "Plan Rows": 346, "Plan Width": 17, "Actual Min Startup Time": 57.001, "Actual Max Startup Time": 57.001, "Actual Min Total Time": 249.556, "Actual Max Total Time": 249.556, "Inner Unique": false, "Plans": [{"Node Type": "Nested Loop", "Parent Relationship": "Outer", "Join Type": "Inner", "Startup Cost": 0.0, "Total Cost": 72225.77, "Plan Rows": 294, "Plan Width": 4, "Actual Min Startup Time": 56.982, "Actual Max Startup Time": 56.982, "Actual Min Total Time": 212.372, "Actual Max Total Time": 212.372, "Inner Unique": false, "Plans": [{"Node Type": "Streaming(type: LOCAL GATHER dop: 1/64)", "Parent Relationship": "Outer", "Startup Cost": 0.0, "Total Cost": 64783.4, "Plan Rows": 173, "Plan Width": 4, "Actual Min Startup Time": 56.786, "Actual Max Startup Time": 56.786, "Actual Min Total Time": 80.669, "Actual Max Total Time": 80.669, "Plans": [{"Node Type": "Seq Scan", "Parent Relationship": "Outer", "Relation Name": "name", "Alias": "n", "Startup Cost": 0.0, "Total Cost": 64779.83, "Plan Rows": 173, "Plan Width": 4, "Actual Min Startup Time": 0.029, "Actual Max Startup Time": 0.851, "Actual Min Total Time": 25.418, "Actual Max Total Time": 29.58, "Filter": "(((name)::text ~~ '%Tim%'::text) AND ((gender)::text = 'm'::text))", "Rows Removed by Filter": 4158428, "Actual Rows": 9062}], "Actual Rows": 9062}, {"Node Type": "Index Scan", "Parent Relationship": "Inner", "Scan Direction": "Forward", "Index Name": "person_id_cast_info", "Relation Name": "cast_info", "Alias": "ci", "Startup Cost": 0.0, "Total Cost": 43.0, "Plan Rows": 2, "Plan Width": 8, "Actual Min Startup Time": 106.182, "Actual Max Startup Time": 106.182, "Actual Min Total Time": 125.475, "Actual Max Total Time": 125.475, "Index Cond": "(person_id = n.id)", "Rows Removed by Index Recheck": 0, "Filter": "((note)::text = ANY ('{(producer),\"(executive producer)\"}'::text[]))", "Rows Removed by Filter": 89309, "Actual Rows": 6719}], "Actual Rows": 6719}, {"Node Type": "Index Scan", "Parent Relationship": "Inner", "Scan Direction": "Forward", "Index Name": "movie_id_movie_info_idx", "Relation Name": "movie_info_idx", "Alias": "mi_idx", "Startup Cost": 0.0, "Total Cost": 0.31, "Plan Rows": 2, "Plan Width": 13, "Actual Min Startup Time": 27.522, "Actual Max Startup Time": 27.522, "Actual Min Total Time": 31.508, "Actual Max Total Time": 31.508, "Index Cond": "(movie_id = ci.movie_id)", "Rows Removed by Index Recheck": 0, "Actual Rows": 10310}], "Actual Rows": 10310}], "Actual Rows": 10311}], "Actual Rows": 3435}, {"Node Type": "Index Scan", "Parent Relationship": "Inner", "Scan Direction": "Forward", "Index Name": "movie_id_movie_info", "Relation Name": "movie_info", "Alias": "mi", "Startup Cost": 0.0, "Total Cost": 0.7, "Plan Rows": 5, "Plan Width": 50, "Actual Min Startup Time": 21.922, "Actual Max Startup Time": 21.922, "Actual Min Total Time": 88.276, "Actual Max Total Time": 88.276, "Index Cond": "(movie_id = ci.movie_id)", "Rows Removed by Index Recheck": 0, "Actual Rows": 82408}], "Actual Rows": 82408}], "Actual Rows": 410}, {"Node Type": "Index Scan", "Parent Relationship": "Inner", "Scan Direction": "Forward", "Index Name": "title_pkey", "Relation Name": "title", "Alias": "t", "Startup Cost": 0.0, "Total Cost": 0.28, "Plan Rows": 1, "Plan Width": 21, "Actual Min Startup Time": 3.275, "Actual Max Startup Time": 3.275, "Actual Min Total Time": 3.275, "Actual Max Total Time": 3.275, "Index Cond": "(id = mi.movie_id)", "Rows Removed by Index Recheck": 0, "Actual Rows": 410}], "Actual Rows": 410}], "Actual Rows": 1}, "Triggers": [], "Planner Runtime": 25.495, "Total Runtime": 405.277, "Unique SQL Id": 4264520866}}, "(64, '21')": {"explain_plan": {"Plan": {"Node Type": "Aggregate", "Strategy": "Plain", "Startup Cost": 204687.88, "Total Cost": 204687.89, "Plan Rows": 1, "Plan Width": 160, "Plans": [{"Node Type": "Nested Loop", "Parent Relationship": "Outer", "Join Type": "Inner", "Startup Cost": 0.0, "Total Cost": 204687.82, "Plan Rows": 9, "Plan Width": 64, "Inner Unique": true, "Plans": [{"Node Type": "Nested Loop", "Parent Relationship": "Outer", "Join Type": "Inner", "Startup Cost": 0.0, "Total Cost": 204685.19, "Plan Rows": 9, "Plan Width": 59, "Inner Unique": false, "Join Filter": "(mi.info_type_id = it1.id)", "Plans": [{"Node Type": "Index Scan", "Parent Relationship": "Outer", "Scan Direction": "Forward", "Index Name": "info_type_pkey", "Relation Name": "info_type", "Alias": "it1", "Startup Cost": 0.0, "Total Cost": 14.21, "Plan Rows": 1, "Plan Width": 4, "Filter": "((info)::text = 'budget'::text)"}, {"Node Type": "Nested Loop", "Parent Relationship": "Inner", "Join Type": "Inner", "Startup Cost": 0.0, "Total Cost": 204667.49, "Plan Rows": 279, "Plan Width": 63, "Inner Unique": false, "Join Filter": "(mi_idx.movie_id = mi.movie_id)", "Plans": [{"Node Type": "Nested Loop", "Parent Relationship": "Outer", "Join Type": "Inner", "Startup Cost": 0.0, "Total Cost": 204627.89, "Plan Rows": 52, "Plan Width": 13, "Inner Unique": false, "Join Filter": "(mi_idx.info_type_id = it2.id)", "Plans": [{"Node Type": "Index Scan", "Parent Relationship": "Outer", "Scan Direction": "Forward", "Index Name": "info_type_pkey", "Relation Name": "info_type", "Alias": "it2", "Startup Cost": 0.0, "Total Cost": 14.21, "Plan Rows": 1, "Plan Width": 4, "Filter": "((info)::text = 'votes'::text)"}, {"Node Type": "Nested Loop", "Parent Relationship": "Inner", "Join Type": "Inner", "Startup Cost": 0.0, "Total Cost": 204609.36, "Plan Rows": 346, "Plan Width": 17, "Inner Unique": false, "Plans": [{"Node Type": "Nested Loop", "Parent Relationship": "Outer", "Join Type": "Inner", "Startup Cost": 0.0, "Total Cost": 204512.56, "Plan Rows": 294, "Plan Width": 4, "Inner Unique": false, "Plans": [{"Node Type": "Index Scan", "Parent Relationship": "Outer", "Scan Direction": "Forward", "Index Name": "name_pkey", "Relation Name": "name", "Alias": "n", "Startup Cost": 0.0, "Total Cost": 197070.2, "Plan Rows": 173, "Plan Width": 4, "Filter": "(((name)::text ~~ '%Tim%'::text) AND ((gender)::text = 'm'::text))"}, {"Node Type": "Index Scan", "Parent Relationship": "Inner", "Scan Direction": "Forward", "Index Name": "person_id_cast_info", "Relation Name": "cast_info", "Alias": "ci", "Startup Cost": 0.0, "Total Cost": 43.0, "Plan Rows": 2, "Plan Width": 8, "Index Cond": "(person_id = n.id)", "Filter": "((note)::text = ANY ('{(producer),\"(executive producer)\"}'::text[]))"}]}, {"Node Type": "Index Scan", "Parent Relationship": "Inner", "Scan Direction": "Forward", "Index Name": "movie_id_movie_info_idx", "Relation Name": "movie_info_idx", "Alias": "mi_idx", "Startup Cost": 0.0, "Total Cost": 0.31, "Plan Rows": 2, "Plan Width": 13, "Index Cond": "(movie_id = ci.movie_id)"}]}]}, {"Node Type": "Index Scan", "Parent Relationship": "Inner", "Scan Direction": "Forward", "Index Name": "movie_id_movie_info", "Relation Name": "movie_info", "Alias": "mi", "Startup Cost": 0.0, "Total Cost": 0.7, "Plan Rows": 5, "Plan Width": 50, "Index Cond": "(movie_id = ci.movie_id)"}]}]}, {"Node Type": "Index Scan", "Parent Relationship": "Inner", "Scan Direction": "Forward", "Index Name": "title_pkey", "Relation Name": "title", "Alias": "t", "Startup Cost": 0.0, "Total Cost": 0.28, "Plan Rows": 1, "Plan Width": 21, "Index Cond": "(id = mi.movie_id)"}]}]}, "Unique SQL Id": 4264520866, "Planner Runtime": 25}, "explain_analyze_plan": null}, "(64, '22')": {"explain_plan": {"Plan": {"Node Type": "Aggregate", "Strategy": "Plain", "Startup Cost": 79447.84, "Total Cost": 79447.85, "Plan Rows": 1, "Plan Width": 160, "Plans": [{"Node Type": "Nested Loop", "Parent Relationship": "Outer", "Join Type": "Inner", "Startup Cost": 5.3, "Total Cost": 79447.78, "Plan Rows": 8, "Plan Width": 64, "Inner Unique": true, "Plans": [{"Node Type": "Nested Loop", "Parent Relationship": "Outer", "Join Type": "Inner", "Startup Cost": 5.04, "Total Cost": 79409.23, "Plan Rows": 9, "Plan Width": 59, "Inner Unique": false, "Join Filter": "(mi_idx.info_type_id = it2.id)", "Plans": [{"Node Type": "Seq Scan", "Parent Relationship": "Outer", "Relation Name": "info_type", "Alias": "it2", "Startup Cost": 0.0, "Total Cost": 2.4, "Plan Rows": 1, "Plan Width": 4, "Filter": "((info)::text = 'votes'::text)"}, {"Node Type": "Nested Loop", "Parent Relationship": "Inner", "Join Type": "Inner", "Startup Cost": 5.04, "Total Cost": 79406.41, "Plan Rows": 34, "Plan Width": 63, "Inner Unique": false, "Plans": [{"Node Type": "Nested Loop", "Parent Relationship": "Outer", "Join Type": "Inner", "Startup Cost": 4.77, "Total Cost": 79311.55, "Plan Rows": 22, "Plan Width": 50, "Inner Unique": false, "Join Filter": "(mi.info_type_id = it1.id)", "Plans": [{"Node Type": "Seq Scan", "Parent Relationship": "Outer", "Relation Name": "info_type", "Alias": "it1", "Startup Cost": 0.0, "Total Cost": 2.4, "Plan Rows": 1, "Plan Width": 4, "Filter": "((info)::text = 'budget'::text)"}, {"Node Type": "Materialize", "Parent Relationship": "Inner", "Startup Cost": 4.77, "Total Cost": 79293.54, "Plan Rows": 1561, "Plan Width": 54, "Plans": [{"Node Type": "Nested Loop", "Parent Relationship": "Outer", "Join Type": "Inner", "Startup Cost": 4.77, "Total Cost": 79289.64, "Plan Rows": 1561, "Plan Width": 54, "Inner Unique": false, "Plans": [{"Node Type": "Nested Loop", "Parent Relationship": "Outer", "Join Type": "Inner", "Startup Cost": 4.39, "Total Cost": 77967.24, "Plan Rows": 294, "Plan Width": 4, "Inner Unique": false, "Plans": [{"Node Type": "Streaming(type: LOCAL GATHER dop: 1/64)", "Parent Relationship": "Outer", "Startup Cost": 0.0, "Total Cost": 64783.4, "Plan Rows": 173, "Plan Width": 4, "Plans": [{"Node Type": "Seq Scan", "Parent Relationship": "Outer", "Relation Name": "name", "Alias": "n", "Startup Cost": 0.0, "Total Cost": 64779.83, "Plan Rows": 173, "Plan Width": 4, "Filter": "(((name)::text ~~ '%Tim%'::text) AND ((gender)::text = 'm'::text))"}]}, {"Node Type": "Bitmap Heap Scan", "Parent Relationship": "Inner", "Relation Name": "cast_info", "Alias": "ci", "Startup Cost": 4.39, "Total Cost": 76.19, "Plan Rows": 2, "Plan Width": 8, "Recheck Cond": "(person_id = n.id)", "Filter": "((note)::text = ANY ('{(producer),\"(executive producer)\"}'::text[]))", "Plans": [{"Node Type": "Bitmap Index Scan", "Parent Relationship": "Outer", "Index Name": "person_id_cast_info", "Startup Cost": 0.0, "Total Cost": 4.38, "Plan Rows": 18, "Plan Width": 0, "Index Cond": "(person_id = n.id)"}]}]}, {"Node Type": "Bitmap Heap Scan", "Parent Relationship": "Inner", "Relation Name": "movie_info", "Alias": "mi", "Startup Cost": 0.39, "Total Cost": 4.45, "Plan Rows": 5, "Plan Width": 50, "Recheck Cond": "(movie_id = ci.movie_id)", "Plans": [{"Node Type": "Bitmap Index Scan", "Parent Relationship": "Outer", "Index Name": "movie_id_movie_info", "Startup Cost": 0.0, "Total Cost": 0.38, "Plan Rows": 5, "Plan Width": 0, "Index Cond": "(movie_id = ci.movie_id)"}]}]}]}]}, {"Node Type": "Bitmap Heap Scan", "Parent Relationship": "Inner", "Relation Name": "movie_info_idx", "Alias": "mi_idx", "Startup Cost": 0.27, "Total Cost": 4.29, "Plan Rows": 2, "Plan Width": 13, "Recheck Cond": "(movie_id = mi.movie_id)", "Plans": [{"Node Type": "Bitmap Index Scan", "Parent Relationship": "Outer", "Index Name": "movie_id_movie_info_idx", "Startup Cost": 0.0, "Total Cost": 0.27, "Plan Rows": 2, "Plan Width": 0, "Index Cond": "(movie_id = mi.movie_id)"}]}]}]}, {"Node Type": "Bitmap Heap Scan", "Parent Relationship": "Inner", "Relation Name": "title", "Alias": "t", "Startup Cost": 0.26, "Total Cost": 4.27, "Plan Rows": 1, "Plan Width": 21, "Recheck Cond": "(id = mi.movie_id)", "Plans": [{"Node Type": "Bitmap Index Scan", "Parent Relationship": "Outer", "Index Name": "title_pkey", "Startup Cost": 0.0, "Total Cost": 0.26, "Plan Rows": 1, "Plan Width": 0, "Index Cond": "(id = mi.movie_id)"}]}]}]}, "Unique SQL Id": 4264520866, "Planner Runtime": 26}, "explain_analyze_plan": {"Plan": {"Node Type": "Aggregate", "Strategy": "Plain", "Startup Cost": 79447.84, "Total Cost": 79447.85, "Plan Rows": 1, "Plan Width": 160, "Actual Min Startup Time": 474.822, "Actual Max Startup Time": 474.822, "Actual Min Total Time": 474.823, "Actual Max Total Time": 474.823, "Plans": [{"Node Type": "Nested Loop", "Parent Relationship": "Outer", "Join Type": "Inner", "Startup Cost": 5.3, "Total Cost": 79447.78, "Plan Rows": 8, "Plan Width": 64, "Actual Min Startup Time": 426.302, "Actual Max Startup Time": 426.302, "Actual Min Total Time": 474.342, "Actual Max Total Time": 474.342, "Inner Unique": true, "Plans": [{"Node Type": "Nested Loop", "Parent Relationship": "Outer", "Join Type": "Inner", "Startup Cost": 5.04, "Total Cost": 79409.23, "Plan Rows": 9, "Plan Width": 59, "Actual Min Startup Time": 426.264, "Actual Max Startup Time": 426.264, "Actual Min Total Time": 470.262, "Actual Max Total Time": 470.262, "Inner Unique": false, "Join Filter": "(mi_idx.info_type_id = it2.id)", "Rows Removed by Join Filter": 825, "Plans": [{"Node Type": "Seq Scan", "Parent Relationship": "Outer", "Relation Name": "info_type", "Alias": "it2", "Startup Cost": 0.0, "Total Cost": 2.4, "Plan Rows": 1, "Plan Width": 4, "Actual Min Startup Time": 0.074, "Actual Max Startup Time": 0.074, "Actual Min Total Time": 0.086, "Actual Max Total Time": 0.086, "Filter": "((info)::text = 'votes'::text)", "Rows Removed by Filter": 111, "Actual Rows": 1}, {"Node Type": "Nested Loop", "Parent Relationship": "Inner", "Join Type": "Inner", "Startup Cost": 5.04, "Total Cost": 79406.41, "Plan Rows": 34, "Plan Width": 63, "Actual Min Startup Time": 426.174, "Actual Max Startup Time": 426.174, "Actual Min Total Time": 467.716, "Actual Max Total Time": 467.716, "Inner Unique": false, "Plans": [{"Node Type": "Nested Loop", "Parent Relationship": "Outer", "Join Type": "Inner", "Startup Cost": 4.77, "Total Cost": 79311.55, "Plan Rows": 22, "Plan Width": 50, "Actual Min Startup Time": 426.117, "Actual Max Startup Time": 426.117, "Actual Min Total Time": 461.124, "Actual Max Total Time": 461.124, "Inner Unique": false, "Join Filter": "(mi.info_type_id = it1.id)", "Rows Removed by Join Filter": 95197, "Plans": [{"Node Type": "Seq Scan", "Parent Relationship": "Outer", "Relation Name": "info_type", "Alias": "it1", "Startup Cost": 0.0, "Total Cost": 2.4, "Plan Rows": 1, "Plan Width": 4, "Actual Min Startup Time": 0.068, "Actual Max Startup Time": 0.068, "Actual Min Total Time": 0.079, "Actual Max Total Time": 0.079, "Filter": "((info)::text = 'budget'::text)", "Rows Removed by Filter": 111, "Actual Rows": 1}, {"Node Type": "Materialize", "Parent Relationship": "Inner", "Startup Cost": 4.77, "Total Cost": 79293.54, "Plan Rows": 1561, "Plan Width": 54, "Actual Min Startup Time": 424.955, "Actual Max Startup Time": 424.955, "Actual Min Total Time": 436.983, "Actual Max Total Time": 436.983, "Plans": [{"Node Type": "Nested Loop", "Parent Relationship": "Outer", "Join Type": "Inner", "Startup Cost": 4.77, "Total Cost": 79289.64, "Plan Rows": 1561, "Plan Width": 54, "Actual Min Startup Time": 53.437, "Actual Max Startup Time": 53.437, "Actual Min Total Time": 398.131, "Actual Max Total Time": 398.131, "Inner Unique": false, "Plans": [{"Node Type": "Nested Loop", "Parent Relationship": "Outer", "Join Type": "Inner", "Startup Cost": 4.39, "Total Cost": 77967.24, "Plan Rows": 294, "Plan Width": 4, "Actual Min Startup Time": 53.405, "Actual Max Startup Time": 53.405, "Actual Min Total Time": 225.682, "Actual Max Total Time": 225.682, "Inner Unique": false, "Plans": [{"Node Type": "Streaming(type: LOCAL GATHER dop: 1/64)", "Parent Relationship": "Outer", "Startup Cost": 0.0, "Total Cost": 64783.4, "Plan Rows": 173, "Plan Width": 4, "Actual Min Startup Time": 52.903, "Actual Max Startup Time": 52.903, "Actual Min Total Time": 78.369, "Actual Max Total Time": 78.369, "Plans": [{"Node Type": "Seq Scan", "Parent Relationship": "Outer", "Relation Name": "name", "Alias": "n", "Startup Cost": 0.0, "Total Cost": 64779.83, "Plan Rows": 173, "Plan Width": 4, "Actual Min Startup Time": 0.029, "Actual Max Startup Time": 0.841, "Actual Min Total Time": 25.435, "Actual Max Total Time": 29.353, "Filter": "(((name)::text ~~ '%Tim%'::text) AND ((gender)::text = 'm'::text))", "Rows Removed by Filter": 4158428, "Actual Rows": 9062}], "Actual Rows": 9062}, {"Node Type": "Bitmap Heap Scan", "Parent Relationship": "Inner", "Relation Name": "cast_info", "Alias": "ci", "Startup Cost": 4.39, "Total Cost": 76.19, "Plan Rows": 2, "Plan Width": 8, "Actual Min Startup Time": 119.075, "Actual Max Startup Time": 119.075, "Actual Min Total Time": 134.847, "Actual Max Total Time": 134.847, "Recheck Cond": "(person_id = n.id)", "Rows Removed by Index Recheck": 0, "Filter": "((note)::text = ANY ('{(producer),\"(executive producer)\"}'::text[]))", "Rows Removed by Filter": 89309, "Exact Heap Blocks": 13336, "Lossy Heap Blocks": 13336, "Plans": [{"Node Type": "Bitmap Index Scan", "Parent Relationship": "Outer", "Index Name": "person_id_cast_info", "Startup Cost": 0.0, "Total Cost": 4.38, "Plan Rows": 18, "Plan Width": 0, "Actual Min Startup Time": 51.429, "Actual Max Startup Time": 51.429, "Actual Min Total Time": 51.429, "Actual Max Total Time": 51.429, "Index Cond": "(person_id = n.id)", "Actual Rows": 96028}], "Actual Rows": 6719}], "Actual Rows": 6719}, {"Node Type": "Bitmap Heap Scan", "Parent Relationship": "Inner", "Relation Name": "movie_info", "Alias": "mi", "Startup Cost": 0.39, "Total Cost": 4.45, "Plan Rows": 5, "Plan Width": 50, "Actual Min Startup Time": 61.638, "Actual Max Startup Time": 61.638, "Actual Min Total Time": 143.35, "Actual Max Total Time": 143.35, "Recheck Cond": "(movie_id = ci.movie_id)", "Rows Removed by Index Recheck": 0, "Exact Heap Blocks": 40013, "Lossy Heap Blocks": 40013, "Plans": [{"Node Type": "Bitmap Index Scan", "Parent Relationship": "Outer", "Index Name": "movie_id_movie_info", "Startup Cost": 0.0, "Total Cost": 0.38, "Plan Rows": 5, "Plan Width": 0, "Actual Min Startup Time": 42.937, "Actual Max Startup Time": 42.937, "Actual Min Total Time": 42.937, "Actual Max Total Time": 42.937, "Index Cond": "(movie_id = ci.movie_id)", "Actual Rows": 95896}], "Actual Rows": 95896}], "Actual Rows": 95896}], "Actual Rows": 95897}], "Actual Rows": 699}, {"Node Type": "Bitmap Heap Scan", "Parent Relationship": "Inner", "Relation Name": "movie_info_idx", "Alias": "mi_idx", "Startup Cost": 0.27, "Total Cost": 4.29, "Plan Rows": 2, "Plan Width": 13, "Actual Min Startup Time": 5.274, "Actual Max Startup Time": 5.274, "Actual Min Total Time": 5.452, "Actual Max Total Time": 5.452, "Recheck Cond": "(movie_id = mi.movie_id)", "Rows Removed by Index Recheck": 0, "Exact Heap Blocks": 419, "Lossy Heap Blocks": 419, "Plans": [{"Node Type": "Bitmap Index Scan", "Parent Relationship": "Outer", "Index Name": "movie_id_movie_info_idx", "Startup Cost": 0.0, "Total Cost": 0.27, "Plan Rows": 2, "Plan Width": 0, "Actual Min Startup Time": 3.756, "Actual Max Startup Time": 3.756, "Actual Min Total Time": 3.756, "Actual Max Total Time": 3.756, "Index Cond": "(movie_id = mi.movie_id)", "Actual Rows": 1235}], "Actual Rows": 1235}], "Actual Rows": 1235}], "Actual Rows": 410}, {"Node Type": "Bitmap Heap Scan", "Parent Relationship": "Inner", "Relation Name": "title", "Alias": "t", "Startup Cost": 0.26, "Total Cost": 4.27, "Plan Rows": 1, "Plan Width": 21, "Actual Min Startup Time": 3.524, "Actual Max Startup Time": 3.524, "Actual Min Total Time": 3.524, "Actual Max Total Time": 3.524, "Recheck Cond": "(id = mi.movie_id)", "Rows Removed by Index Recheck": 0, "Exact Heap Blocks": 410, "Lossy Heap Blocks": 410, "Plans": [{"Node Type": "Bitmap Index Scan", "Parent Relationship": "Outer", "Index Name": "title_pkey", "Startup Cost": 0.0, "Total Cost": 0.26, "Plan Rows": 1, "Plan Width": 0, "Actual Min Startup Time": 2.188, "Actual Max Startup Time": 2.188, "Actual Min Total Time": 2.188, "Actual Max Total Time": 2.188, "Index Cond": "(id = mi.movie_id)", "Actual Rows": 410}], "Actual Rows": 410}], "Actual Rows": 410}], "Actual Rows": 1}, "Triggers": [], "Planner Runtime": 26.768, "Total Runtime": 487.412, "Unique SQL Id": 4264520866}}, "(64, '23')": {"explain_plan": {"Plan": {"Node Type": "Aggregate", "Strategy": "Plain", "Startup Cost": 212364.75, "Total Cost": 212364.76, "Plan Rows": 1, "Plan Width": 160, "Plans": [{"Node Type": "Nested Loop", "Parent Relationship": "Outer", "Join Type": "Inner", "Startup Cost": 83172.11, "Total Cost": 212364.68, "Plan Rows": 9, "Plan Width": 64, "Inner Unique": true, "Plans": [{"Node Type": "Nested Loop", "Parent Relationship": "Outer", "Join Type": "Inner", "Startup Cost": 83171.85, "Total Cost": 212326.13, "Plan Rows": 9, "Plan Width": 59, "Inner Unique": true, "Plans": [{"Node Type": "Nested Loop", "Parent Relationship": "Outer", "Join Type": "Inner", "Startup Cost": 83171.59, "Total Cost": 212180.52, "Plan Rows": 34, "Plan Width": 63, "Inner Unique": false, "Plans": [{"Node Type": "Nested Loop", "Parent Relationship": "Outer", "Join Type": "Inner", "Startup Cost": 83171.32, "Total Cost": 211607.05, "Plan Rows": 133, "Plan Width": 50, "Inner Unique": false, "Join Filter": "(mi.info_type_id = it1.id)", "Plans": [{"Node Type": "Bitmap Heap Scan", "Parent Relationship": "Outer", "Relation Name": "info_type", "Alias": "it1", "Startup Cost": 8.81, "Total Cost": 14.21, "Plan Rows": 1, "Plan Width": 4, "Filter": "((info)::text = 'budget'::text)", "Plans": [{"Node Type": "Bitmap Index Scan", "Parent Relationship": "Outer", "Index Name": "info_type_pkey", "Startup Cost": 0.0, "Total Cost": 8.81, "Plan Rows": 112, "Plan Width": 0}]}, {"Node Type": "Nested Loop", "Parent Relationship": "Inner", "Join Type": "Inner", "Startup Cost": 83162.51, "Total Cost": 211573.33, "Plan Rows": 1561, "Plan Width": 54, "Inner Unique": false, "Plans": [{"Node Type": "Nested Loop", "Parent Relationship": "Outer", "Join Type": "Inner", "Startup Cost": 83162.13, "Total Cost": 210250.93, "Plan Rows": 294, "Plan Width": 4, "Inner Unique": false, "Plans": [{"Node Type": "Bitmap Heap Scan", "Parent Relationship": "Outer", "Relation Name": "name", "Alias": "n", "Startup Cost": 83157.74, "Total Cost": 197067.09, "Plan Rows": 173, "Plan Width": 4, "Filter": "(((name)::text ~~ '%Tim%'::text) AND ((gender)::text = 'm'::text))", "Plans": [{"Node Type": "Bitmap Index Scan", "Parent Relationship": "Outer", "Index Name": "name_pkey", "Startup Cost": 0.0, "Total Cost": 83157.7, "Plan Rows": 4167490, "Plan Width": 0}]}, {"Node Type": "Bitmap Heap Scan", "Parent Relationship": "Inner", "Relation Name": "cast_info", "Alias": "ci", "Startup Cost": 4.39, "Total Cost": 76.19, "Plan Rows": 2, "Plan Width": 8, "Recheck Cond": "(person_id = n.id)", "Filter": "((note)::text = ANY ('{(producer),\"(executive producer)\"}'::text[]))", "Plans": [{"Node Type": "Bitmap Index Scan", "Parent Relationship": "Outer", "Index Name": "person_id_cast_info", "Startup Cost": 0.0, "Total Cost": 4.38, "Plan Rows": 18, "Plan Width": 0, "Index Cond": "(person_id = n.id)"}]}]}, {"Node Type": "Bitmap Heap Scan", "Parent Relationship": "Inner", "Relation Name": "movie_info", "Alias": "mi", "Startup Cost": 0.39, "Total Cost": 4.45, "Plan Rows": 5, "Plan Width": 50, "Recheck Cond": "(movie_id = ci.movie_id)", "Plans": [{"Node Type": "Bitmap Index Scan", "Parent Relationship": "Outer", "Index Name": "movie_id_movie_info", "Startup Cost": 0.0, "Total Cost": 0.38, "Plan Rows": 5, "Plan Width": 0, "Index Cond": "(movie_id = ci.movie_id)"}]}]}]}, {"Node Type": "Bitmap Heap Scan", "Parent Relationship": "Inner", "Relation Name": "movie_info_idx", "Alias": "mi_idx", "Startup Cost": 0.27, "Total Cost": 4.29, "Plan Rows": 2, "Plan Width": 13, "Recheck Cond": "(movie_id = mi.movie_id)", "Plans": [{"Node Type": "Bitmap Index Scan", "Parent Relationship": "Outer", "Index Name": "movie_id_movie_info_idx", "Startup Cost": 0.0, "Total Cost": 0.27, "Plan Rows": 2, "Plan Width": 0, "Index Cond": "(movie_id = mi.movie_id)"}]}]}, {"Node Type": "Bitmap Heap Scan", "Parent Relationship": "Inner", "Relation Name": "info_type", "Alias": "it2", "Startup Cost": 0.26, "Total Cost": 4.27, "Plan Rows": 1, "Plan Width": 4, "Recheck Cond": "(id = mi_idx.info_type_id)", "Filter": "((info)::text = 'votes'::text)", "Plans": [{"Node Type": "Bitmap Index Scan", "Parent Relationship": "Outer", "Index Name": "info_type_pkey", "Startup Cost": 0.0, "Total Cost": 0.26, "Plan Rows": 1, "Plan Width": 0, "Index Cond": "(id = mi_idx.info_type_id)"}]}]}, {"Node Type": "Bitmap Heap Scan", "Parent Relationship": "Inner", "Relation Name": "title", "Alias": "t", "Startup Cost": 0.26, "Total Cost": 4.27, "Plan Rows": 1, "Plan Width": 21, "Recheck Cond": "(id = mi.movie_id)", "Plans": [{"Node Type": "Bitmap Index Scan", "Parent Relationship": "Outer", "Index Name": "title_pkey", "Startup Cost": 0.0, "Total Cost": 0.26, "Plan Rows": 1, "Plan Width": 0, "Index Cond": "(id = mi.movie_id)"}]}]}]}, "Unique SQL Id": 4264520866, "Planner Runtime": 25}, "explain_analyze_plan": null}, "(64, '24')": {"explain_plan": {"Plan": {"Node Type": "Aggregate", "Strategy": "Plain", "Startup Cost": 72377.47, "Total Cost": 72377.48, "Plan Rows": 1, "Plan Width": 160, "Plans": [{"Node Type": "Nested Loop", "Parent Relationship": "Outer", "Join Type": "Inner", "Startup Cost": 0.0, "Total Cost": 72377.4, "Plan Rows": 9, "Plan Width": 64, "Inner Unique": true, "Plans": [{"Node Type": "Nested Loop", "Parent Relationship": "Outer", "Join Type": "Inner", "Startup Cost": 0.0, "Total Cost": 72374.78, "Plan Rows": 9, "Plan Width": 59, "Inner Unique": false, "Join Filter": "(mi.info_type_id = it1.id)", "Plans": [{"Node Type": "Seq Scan", "Parent Relationship": "Outer", "Relation Name": "info_type", "Alias": "it1", "Startup Cost": 0.0, "Total Cost": 2.4, "Plan Rows": 1, "Plan Width": 4, "Filter": "((info)::text = 'budget'::text)"}, {"Node Type": "Nested Loop", "Parent Relationship": "Inner", "Join Type": "Inner", "Startup Cost": 0.0, "Total Cost": 72368.89, "Plan Rows": 279, "Plan Width": 63, "Inner Unique": false, "Join Filter": "(mi_idx.movie_id = mi.movie_id)", "Plans": [{"Node Type": "Nested Loop", "Parent Relationship": "Outer", "Join Type": "Inner", "Startup Cost": 0.0, "Total Cost": 72329.29, "Plan Rows": 52, "Plan Width": 13, "Inner Unique": false, "Join Filter": "(mi_idx.info_type_id = it2.id)", "Plans": [{"Node Type": "Seq Scan", "Parent Relationship": "Outer", "Relation Name": "info_type", "Alias": "it2", "Startup Cost": 0.0, "Total Cost": 2.4, "Plan Rows": 1, "Plan Width": 4, "Filter": "((info)::text = 'votes'::text)"}, {"Node Type": "Materialize", "Parent Relationship": "Inner", "Startup Cost": 0.0, "Total Cost": 72323.43, "Plan Rows": 346, "Plan Width": 17, "Plans": [{"Node Type": "Nested Loop", "Parent Relationship": "Outer", "Join Type": "Inner", "Startup Cost": 0.0, "Total Cost": 72322.56, "Plan Rows": 346, "Plan Width": 17, "Inner Unique": false, "Plans": [{"Node Type": "Nested Loop", "Parent Relationship": "Outer", "Join Type": "Inner", "Startup Cost": 0.0, "Total Cost": 72225.77, "Plan Rows": 294, "Plan Width": 4, "Inner Unique": false, "Plans": [{"Node Type": "Streaming(type: LOCAL GATHER dop: 1/64)", "Parent Relationship": "Outer", "Startup Cost": 0.0, "Total Cost": 64783.4, "Plan Rows": 173, "Plan Width": 4, "Plans": [{"Node Type": "Seq Scan", "Parent Relationship": "Outer", "Relation Name": "name", "Alias": "n", "Startup Cost": 0.0, "Total Cost": 64779.83, "Plan Rows": 173, "Plan Width": 4, "Filter": "(((name)::text ~~ '%Tim%'::text) AND ((gender)::text = 'm'::text))"}]}, {"Node Type": "Index Scan", "Parent Relationship": "Inner", "Scan Direction": "Forward", "Index Name": "person_id_cast_info", "Relation Name": "cast_info", "Alias": "ci", "Startup Cost": 0.0, "Total Cost": 43.0, "Plan Rows": 2, "Plan Width": 8, "Index Cond": "(person_id = n.id)", "Filter": "((note)::text = ANY ('{(producer),\"(executive producer)\"}'::text[]))"}]}, {"Node Type": "Index Scan", "Parent Relationship": "Inner", "Scan Direction": "Forward", "Index Name": "movie_id_movie_info_idx", "Relation Name": "movie_info_idx", "Alias": "mi_idx", "Startup Cost": 0.0, "Total Cost": 0.31, "Plan Rows": 2, "Plan Width": 13, "Index Cond": "(movie_id = ci.movie_id)"}]}]}]}, {"Node Type": "Index Scan", "Parent Relationship": "Inner", "Scan Direction": "Forward", "Index Name": "movie_id_movie_info", "Relation Name": "movie_info", "Alias": "mi", "Startup Cost": 0.0, "Total Cost": 0.7, "Plan Rows": 5, "Plan Width": 50, "Index Cond": "(movie_id = ci.movie_id)"}]}]}, {"Node Type": "Index Scan", "Parent Relationship": "Inner", "Scan Direction": "Forward", "Index Name": "title_pkey", "Relation Name": "title", "Alias": "t", "Startup Cost": 0.0, "Total Cost": 0.28, "Plan Rows": 1, "Plan Width": 21, "Index Cond": "(id = mi.movie_id)"}]}]}, "Unique SQL Id": 4264520866, "Planner Runtime": 24}, "explain_analyze_plan": {"Plan": {"Node Type": "Aggregate", "Strategy": "Plain", "Startup Cost": 72377.47, "Total Cost": 72377.48, "Plan Rows": 1, "Plan Width": 160, "Actual Min Startup Time": 394.107, "Actual Max Startup Time": 394.107, "Actual Min Total Time": 394.107, "Actual Max Total Time": 394.107, "Plans": [{"Node Type": "Nested Loop", "Parent Relationship": "Outer", "Join Type": "Inner", "Startup Cost": 0.0, "Total Cost": 72377.4, "Plan Rows": 9, "Plan Width": 64, "Actual Min Startup Time": 252.876, "Actual Max Startup Time": 252.876, "Actual Min Total Time": 393.624, "Actual Max Total Time": 393.624, "Inner Unique": true, "Plans": [{"Node Type": "Nested Loop", "Parent Relationship": "Outer", "Join Type": "Inner", "Startup Cost": 0.0, "Total Cost": 72374.78, "Plan Rows": 9, "Plan Width": 59, "Actual Min Startup Time": 252.858, "Actual Max Startup Time": 252.858, "Actual Min Total Time": 389.996, "Actual Max Total Time": 389.996, "Inner Unique": false, "Join Filter": "(mi.info_type_id = it1.id)", "Rows Removed by Join Filter": 81998, "Plans": [{"Node Type": "Seq Scan", "Parent Relationship": "Outer", "Relation Name": "info_type", "Alias": "it1", "Startup Cost": 0.0, "Total Cost": 2.4, "Plan Rows": 1, "Plan Width": 4, "Actual Min Startup Time": 0.079, "Actual Max Startup Time": 0.079, "Actual Min Total Time": 0.088, "Actual Max Total Time": 0.088, "Filter": "((info)::text = 'budget'::text)", "Rows Removed by Filter": 111, "Actual Rows": 1}, {"Node Type": "Nested Loop", "Parent Relationship": "Inner", "Join Type": "Inner", "Startup Cost": 0.0, "Total Cost": 72368.89, "Plan Rows": 279, "Plan Width": 63, "Actual Min Startup Time": 252.735, "Actual Max Startup Time": 252.735, "Actual Min Total Time": 374.021, "Actual Max Total Time": 374.021, "Inner Unique": false, "Join Filter": "(mi_idx.movie_id = mi.movie_id)", "Rows Removed by Join Filter": 0, "Plans": [{"Node Type": "Nested Loop", "Parent Relationship": "Outer", "Join Type": "Inner", "Startup Cost": 0.0, "Total Cost": 72329.29, "Plan Rows": 52, "Plan Width": 13, "Actual Min Startup Time": 252.708, "Actual Max Startup Time": 252.708, "Actual Min Total Time": 256.894, "Actual Max Total Time": 256.894, "Inner Unique": false, "Join Filter": "(mi_idx.info_type_id = it2.id)", "Rows Removed by Join Filter": 6875, "Plans": [{"Node Type": "Seq Scan", "Parent Relationship": "Outer", "Relation Name": "info_type", "Alias": "it2", "Startup Cost": 0.0, "Total Cost": 2.4, "Plan Rows": 1, "Plan Width": 4, "Actual Min Startup Time": 0.051, "Actual Max Startup Time": 0.051, "Actual Min Total Time": 0.064, "Actual Max Total Time": 0.064, "Filter": "((info)::text = 'votes'::text)", "Rows Removed by Filter": 111, "Actual Rows": 1}, {"Node Type": "Materialize", "Parent Relationship": "Inner", "Startup Cost": 0.0, "Total Cost": 72323.43, "Plan Rows": 346, "Plan Width": 17, "Actual Min Startup Time": 252.641, "Actual Max Startup Time": 252.641, "Actual Min Total Time": 253.906, "Actual Max Total Time": 253.906, "Plans": [{"Node Type": "Nested Loop", "Parent Relationship": "Outer", "Join Type": "Inner", "Startup Cost": 0.0, "Total Cost": 72322.56, "Plan Rows": 346, "Plan Width": 17, "Actual Min Startup Time": 57.001, "Actual Max Startup Time": 57.001, "Actual Min Total Time": 249.556, "Actual Max Total Time": 249.556, "Inner Unique": false, "Plans": [{"Node Type": "Nested Loop", "Parent Relationship": "Outer", "Join Type": "Inner", "Startup Cost": 0.0, "Total Cost": 72225.77, "Plan Rows": 294, "Plan Width": 4, "Actual Min Startup Time": 56.982, "Actual Max Startup Time": 56.982, "Actual Min Total Time": 212.372, "Actual Max Total Time": 212.372, "Inner Unique": false, "Plans": [{"Node Type": "Streaming(type: LOCAL GATHER dop: 1/64)", "Parent Relationship": "Outer", "Startup Cost": 0.0, "Total Cost": 64783.4, "Plan Rows": 173, "Plan Width": 4, "Actual Min Startup Time": 56.786, "Actual Max Startup Time": 56.786, "Actual Min Total Time": 80.669, "Actual Max Total Time": 80.669, "Plans": [{"Node Type": "Seq Scan", "Parent Relationship": "Outer", "Relation Name": "name", "Alias": "n", "Startup Cost": 0.0, "Total Cost": 64779.83, "Plan Rows": 173, "Plan Width": 4, "Actual Min Startup Time": 0.029, "Actual Max Startup Time": 0.851, "Actual Min Total Time": 25.418, "Actual Max Total Time": 29.58, "Filter": "(((name)::text ~~ '%Tim%'::text) AND ((gender)::text = 'm'::text))", "Rows Removed by Filter": 4158428, "Actual Rows": 9062}], "Actual Rows": 9062}, {"Node Type": "Index Scan", "Parent Relationship": "Inner", "Scan Direction": "Forward", "Index Name": "person_id_cast_info", "Relation Name": "cast_info", "Alias": "ci", "Startup Cost": 0.0, "Total Cost": 43.0, "Plan Rows": 2, "Plan Width": 8, "Actual Min Startup Time": 106.182, "Actual Max Startup Time": 106.182, "Actual Min Total Time": 125.475, "Actual Max Total Time": 125.475, "Index Cond": "(person_id = n.id)", "Rows Removed by Index Recheck": 0, "Filter": "((note)::text = ANY ('{(producer),\"(executive producer)\"}'::text[]))", "Rows Removed by Filter": 89309, "Actual Rows": 6719}], "Actual Rows": 6719}, {"Node Type": "Index Scan", "Parent Relationship": "Inner", "Scan Direction": "Forward", "Index Name": "movie_id_movie_info_idx", "Relation Name": "movie_info_idx", "Alias": "mi_idx", "Startup Cost": 0.0, "Total Cost": 0.31, "Plan Rows": 2, "Plan Width": 13, "Actual Min Startup Time": 27.522, "Actual Max Startup Time": 27.522, "Actual Min Total Time": 31.508, "Actual Max Total Time": 31.508, "Index Cond": "(movie_id = ci.movie_id)", "Rows Removed by Index Recheck": 0, "Actual Rows": 10310}], "Actual Rows": 10310}], "Actual Rows": 10311}], "Actual Rows": 3435}, {"Node Type": "Index Scan", "Parent Relationship": "Inner", "Scan Direction": "Forward", "Index Name": "movie_id_movie_info", "Relation Name": "movie_info", "Alias": "mi", "Startup Cost": 0.0, "Total Cost": 0.7, "Plan Rows": 5, "Plan Width": 50, "Actual Min Startup Time": 21.922, "Actual Max Startup Time": 21.922, "Actual Min Total Time": 88.276, "Actual Max Total Time": 88.276, "Index Cond": "(movie_id = ci.movie_id)", "Rows Removed by Index Recheck": 0, "Actual Rows": 82408}], "Actual Rows": 82408}], "Actual Rows": 410}, {"Node Type": "Index Scan", "Parent Relationship": "Inner", "Scan Direction": "Forward", "Index Name": "title_pkey", "Relation Name": "title", "Alias": "t", "Startup Cost": 0.0, "Total Cost": 0.28, "Plan Rows": 1, "Plan Width": 21, "Actual Min Startup Time": 3.275, "Actual Max Startup Time": 3.275, "Actual Min Total Time": 3.275, "Actual Max Total Time": 3.275, "Index Cond": "(id = mi.movie_id)", "Rows Removed by Index Recheck": 0, "Actual Rows": 410}], "Actual Rows": 410}], "Actual Rows": 1}, "Triggers": [], "Planner Runtime": 25.495, "Total Runtime": 405.277, "Unique SQL Id": 4264520866}}, "(64, '25')": {"explain_plan": {"Plan": {"Node Type": "Aggregate", "Strategy": "Plain", "Startup Cost": 204687.88, "Total Cost": 204687.89, "Plan Rows": 1, "Plan Width": 160, "Plans": [{"Node Type": "Nested Loop", "Parent Relationship": "Outer", "Join Type": "Inner", "Startup Cost": 0.0, "Total Cost": 204687.82, "Plan Rows": 9, "Plan Width": 64, "Inner Unique": true, "Plans": [{"Node Type": "Nested Loop", "Parent Relationship": "Outer", "Join Type": "Inner", "Startup Cost": 0.0, "Total Cost": 204685.19, "Plan Rows": 9, "Plan Width": 59, "Inner Unique": false, "Join Filter": "(mi.info_type_id = it1.id)", "Plans": [{"Node Type": "Index Scan", "Parent Relationship": "Outer", "Scan Direction": "Forward", "Index Name": "info_type_pkey", "Relation Name": "info_type", "Alias": "it1", "Startup Cost": 0.0, "Total Cost": 14.21, "Plan Rows": 1, "Plan Width": 4, "Filter": "((info)::text = 'budget'::text)"}, {"Node Type": "Nested Loop", "Parent Relationship": "Inner", "Join Type": "Inner", "Startup Cost": 0.0, "Total Cost": 204667.49, "Plan Rows": 279, "Plan Width": 63, "Inner Unique": false, "Join Filter": "(mi_idx.movie_id = mi.movie_id)", "Plans": [{"Node Type": "Nested Loop", "Parent Relationship": "Outer", "Join Type": "Inner", "Startup Cost": 0.0, "Total Cost": 204627.89, "Plan Rows": 52, "Plan Width": 13, "Inner Unique": false, "Join Filter": "(mi_idx.info_type_id = it2.id)", "Plans": [{"Node Type": "Index Scan", "Parent Relationship": "Outer", "Scan Direction": "Forward", "Index Name": "info_type_pkey", "Relation Name": "info_type", "Alias": "it2", "Startup Cost": 0.0, "Total Cost": 14.21, "Plan Rows": 1, "Plan Width": 4, "Filter": "((info)::text = 'votes'::text)"}, {"Node Type": "Nested Loop", "Parent Relationship": "Inner", "Join Type": "Inner", "Startup Cost": 0.0, "Total Cost": 204609.36, "Plan Rows": 346, "Plan Width": 17, "Inner Unique": false, "Plans": [{"Node Type": "Nested Loop", "Parent Relationship": "Outer", "Join Type": "Inner", "Startup Cost": 0.0, "Total Cost": 204512.56, "Plan Rows": 294, "Plan Width": 4, "Inner Unique": false, "Plans": [{"Node Type": "Index Scan", "Parent Relationship": "Outer", "Scan Direction": "Forward", "Index Name": "name_pkey", "Relation Name": "name", "Alias": "n", "Startup Cost": 0.0, "Total Cost": 197070.2, "Plan Rows": 173, "Plan Width": 4, "Filter": "(((name)::text ~~ '%Tim%'::text) AND ((gender)::text = 'm'::text))"}, {"Node Type": "Index Scan", "Parent Relationship": "Inner", "Scan Direction": "Forward", "Index Name": "person_id_cast_info", "Relation Name": "cast_info", "Alias": "ci", "Startup Cost": 0.0, "Total Cost": 43.0, "Plan Rows": 2, "Plan Width": 8, "Index Cond": "(person_id = n.id)", "Filter": "((note)::text = ANY ('{(producer),\"(executive producer)\"}'::text[]))"}]}, {"Node Type": "Index Scan", "Parent Relationship": "Inner", "Scan Direction": "Forward", "Index Name": "movie_id_movie_info_idx", "Relation Name": "movie_info_idx", "Alias": "mi_idx", "Startup Cost": 0.0, "Total Cost": 0.31, "Plan Rows": 2, "Plan Width": 13, "Index Cond": "(movie_id = ci.movie_id)"}]}]}, {"Node Type": "Index Scan", "Parent Relationship": "Inner", "Scan Direction": "Forward", "Index Name": "movie_id_movie_info", "Relation Name": "movie_info", "Alias": "mi", "Startup Cost": 0.0, "Total Cost": 0.7, "Plan Rows": 5, "Plan Width": 50, "Index Cond": "(movie_id = ci.movie_id)"}]}]}, {"Node Type": "Index Scan", "Parent Relationship": "Inner", "Scan Direction": "Forward", "Index Name": "title_pkey", "Relation Name": "title", "Alias": "t", "Startup Cost": 0.0, "Total Cost": 0.28, "Plan Rows": 1, "Plan Width": 21, "Index Cond": "(id = mi.movie_id)"}]}]}, "Unique SQL Id": 4264520866, "Planner Runtime": 23}, "explain_analyze_plan": null}, "(64, '26')": {"explain_plan": {"Plan": {"Node Type": "Aggregate", "Strategy": "Plain", "Startup Cost": 871810.56, "Total Cost": 871810.57, "Plan Rows": 1, "Plan Width": 160, "Plans": [{"Node Type": "Nested Loop", "Parent Relationship": "Outer", "Join Type": "Inner", "Startup Cost": 0.0, "Total Cost": 871810.49, "Plan Rows": 9, "Plan Width": 64, "Inner Unique": false, "Join Filter": "(mi_idx.movie_id = t.id)", "Plans": [{"Node Type": "Nested Loop", "Parent Relationship": "Outer", "Join Type": "Inner", "Startup Cost": 0.0, "Total Cost": 37527.17, "Plan Rows": 345008, "Plan Width": 9, "Inner Unique": false, "Join Filter": "(it2.id = mi_idx.info_type_id), (LLVM Optimized)", "Plans": [{"Node Type": "Seq Scan", "Parent Relationship": "Outer", "Relation Name": "info_type", "Alias": "it2", "Startup Cost": 0.0, "Total Cost": 2.4, "Plan Rows": 1, "Plan Width": 4, "Filter": "((info)::text = 'votes'::text)"}, {"Node Type": "Seq Scan", "Parent Relationship": "Inner", "Relation Name": "movie_info_idx", "Alias": "mi_idx", "Startup Cost": 0.0, "Total Cost": 20274.34, "Plan Rows": 1380034, "Plan Width": 13}]}, {"Node Type": "Materialize", "Parent Relationship": "Inner", "Startup Cost": 0.0, "Total Cost": 730780.98, "Plan Rows": 20, "Plan Width": 71, "Plans": [{"Node Type": "Streaming(type: LOCAL GATHER dop: 1/64)", "Parent Relationship": "Outer", "Startup Cost": 0.0, "Total Cost": 730780.88, "Plan Rows": 20, "Plan Width": 71, "Plans": [{"Node Type": "Nested Loop", "Parent Relationship": "Outer", "Join Type": "Inner", "Startup Cost": 0.0, "Total Cost": 730780.46, "Plan Rows": 20, "Plan Width": 71, "Inner Unique": false, "Join Filter": "(mi.movie_id = t.id)", "Plans": [{"Node Type": "Streaming(type: LOCAL ROUNDROBIN dop: 64/1)", "Parent Relationship": "Outer", "Startup Cost": 0.0, "Total Cost": 175227.87, "Plan Rows": 2528311, "Plan Width": 21, "Plans": [{"Node Type": "Seq Scan", "Parent Relationship": "Outer", "Relation Name": "title", "Alias": "t", "Startup Cost": 0.0, "Total Cost": 60069.11, "Plan Rows": 2528311, "Plan Width": 21}]}, {"Node Type": "Materialize", "Parent Relationship": "Inner", "Startup Cost": 0.0, "Total Cost": 542516.05, "Plan Rows": 1408, "Plan Width": 50, "Plans": [{"Node Type": "Streaming(type: BROADCAST dop: 64/64)", "Parent Relationship": "Outer", "Startup Cost": 0.0, "Total Cost": 542515.94, "Plan Rows": 1408, "Plan Width": 50, "Plans": [{"Node Type": "Nested Loop", "Parent Relationship": "Outer", "Join Type": "Inner", "Startup Cost": 0.0, "Total Cost": 479515.04, "Plan Rows": 22, "Plan Width": 50, "Inner Unique": false, "Join Filter": "(ci.movie_id = mi.movie_id)", "Plans": [{"Node Type": "Nested Loop", "Parent Relationship": "Outer", "Join Type": "Inner", "Startup Cost": 0.0, "Total Cost": 133548.44, "Plan Rows": 212428, "Plan Width": 46, "Inner Unique": false, "Join Filter": "(it1.id = mi.info_type_id), (LLVM Optimized)", "Plans": [{"Node Type": "Streaming(type: BROADCAST dop: 64/1)", "Parent Relationship": "Outer", "Startup Cost": 0.0, "Total Cost": 63003.72, "Plan Rows": 64, "Plan Width": 4, "Plans": [{"Node Type": "Seq Scan", "Parent Relationship": "Outer", "Relation Name": "info_type", "Alias": "it1", "Startup Cost": 0.0, "Total Cost": 2.4, "Plan Rows": 1, "Plan Width": 4, "Filter": "((info)::text = 'budget'::text)"}]}, {"Node Type": "Seq Scan", "Parent Relationship": "Inner", "Relation Name": "movie_info", "Alias": "mi", "Startup Cost": 0.0, "Total Cost": 67640.43, "Plan Rows": 14869966, "Plan Width": 50}]}, {"Node Type": "Materialize", "Parent Relationship": "Inner", "Startup Cost": 0.0, "Total Cost": 331329.72, "Plan Rows": 18816, "Plan Width": 4, "Plans": [{"Node Type": "Streaming(type: BROADCAST dop: 64/64)", "Parent Relationship": "Outer", "Startup Cost": 0.0, "Total Cost": 331328.25, "Plan Rows": 18816, "Plan Width": 4, "Plans": [{"Node Type": "Nested Loop", "Parent Relationship": "Outer", "Join Type": "Inner", "Startup Cost": 0.0, "Total Cost": 268316.3, "Plan Rows": 294, "Plan Width": 4, "Inner Unique": true, "Join Filter": "(ci.person_id = n.id)", "Plans": [{"Node Type": "Streaming(type: LOCAL REDISTRIBUTE dop: 64/64)", "Parent Relationship": "Outer", "Startup Cost": 0.0, "Total Cost": 139047.2, "Plan Rows": 2350421, "Plan Width": 8, "Plans": [{"Node Type": "Seq Scan", "Parent Relationship": "Outer", "Relation Name": "cast_info", "Alias": "ci", "Startup Cost": 0.0, "Total Cost": 73820.73, "Plan Rows": 2350421, "Plan Width": 8, "Filter": "((note)::text = ANY ('{(producer),\"(executive producer)\"}'::text[]))"}]}, {"Node Type": "Materialize", "Parent Relationship": "Inner", "Startup Cost": 0.0, "Total Cost": 127780.01, "Plan Rows": 173, "Plan Width": 4, "Plans": [{"Node Type": "Streaming(type: LOCAL REDISTRIBUTE dop: 64/64)", "Parent Relationship": "Outer", "Startup Cost": 0.0, "Total Cost": 127780.0, "Plan Rows": 173, "Plan Width": 4, "Plans": [{"Node Type": "Seq Scan", "Parent Relationship": "Outer", "Relation Name": "name", "Alias": "n", "Startup Cost": 0.0, "Total Cost": 64779.83, "Plan Rows": 173, "Plan Width": 4, "Filter": "(((name)::text ~~ '%Tim%'::text) AND ((gender)::text = 'm'::text))"}]}]}]}]}]}]}]}]}]}]}]}]}]}, "Unique SQL Id": 4264520866, "Planner Runtime": 19}, "explain_analyze_plan": null}, "(64, '27')": {"explain_plan": {"Plan": {"Node Type": "Aggregate", "Strategy": "Plain", "Startup Cost": 6977526256602.17, "Total Cost": 6977526256602.18, "Plan Rows": 1, "Plan Width": 160, "Plans": [{"Node Type": "Nested Loop", "Parent Relationship": "Outer", "Join Type": "Inner", "Startup Cost": 70031174542.45, "Total Cost": 6977526256601.78, "Plan Rows": 51, "Plan Width": 64, "Inner Unique": true, "Join Filter": "(mi.info_type_id = it1.id)", "Plans": [{"Node Type": "Nested Loop", "Parent Relationship": "Outer", "Join Type": "Inner", "Startup Cost": 60031174542.45, "Total Cost": 5977526255162.41, "Plan Rows": 1225, "Plan Width": 68, "Inner Unique": true, "Join Filter": "(mi_idx.info_type_id = it2.id)", "Plans": [{"Node Type": "Nested Loop", "Parent Relationship": "Outer", "Join Type": "Inner", "Startup Cost": 50031174542.45, "Total Cost": 4977526253713.56, "Plan Rows": 1856, "Plan Width": 72, "Inner Unique": false, "Join Filter": "(t.id = mi.movie_id)", "Plans": [{"Node Type": "Index Scan", "Parent Relationship": "Outer", "Scan Direction": "Forward", "Index Name": "info_type_id_movie_info", "Relation Name": "movie_info", "Alias": "mi", "Startup Cost": 10000000000.0, "Total Cost": 1000103683953.62, "Plan Rows": 14869966, "Plan Width": 50}, {"Node Type": "Materialize", "Parent Relationship": "Inner", "Startup Cost": 40031174542.45, "Total Cost": 3977345394637.27, "Plan Rows": 346, "Plan Width": 38, "Plans": [{"Node Type": "Nested Loop", "Parent Relationship": "Outer", "Join Type": "Inner", "Startup Cost": 40031174542.45, "Total Cost": 3977345394635.54, "Plan Rows": 346, "Plan Width": 38, "Inner Unique": true, "Join Filter": "(mi_idx.movie_id = t.id)", "Plans": [{"Node Type": "Nested Loop", "Parent Relationship": "Outer", "Join Type": "Inner", "Startup Cost": 30031174542.45, "Total Cost": 2977321254331.76, "Plan Rows": 346, "Plan Width": 17, "Inner Unique": false, "Join Filter": "(ci.movie_id = mi_idx.movie_id)", "Plans": [{"Node Type": "Index Scan", "Parent Relationship": "Outer", "Scan Direction": "Forward", "Index Name": "info_type_id_movie_info_idx", "Relation Name": "movie_info_idx", "Alias": "mi_idx", "Startup Cost": 10000000000.0, "Total Cost": 1000006370838.27, "Plan Rows": 1380034, "Plan Width": 13}, {"Node Type": "Materialize", "Parent Relationship": "Inner", "Startup Cost": 20031174542.45, "Total Cost": 1977308797544.29, "Plan Rows": 294, "Plan Width": 4, "Plans": [{"Node Type": "Merge Join", "Parent Relationship": "Outer", "Join Type": "Inner", "Startup Cost": 20031174542.45, "Total Cost": 1977308797542.82, "Plan Rows": 294, "Plan Width": 4, "Inner Unique": true, "Merge Cond": "(ci.person_id = n.id)", "Plans": [{"Node Type": "Index Scan", "Parent Relationship": "Outer", "Scan Direction": "Forward", "Index Name": "person_id_cast_info", "Relation Name": "cast_info", "Alias": "ci", "Startup Cost": 10000000000.0, "Total Cost": 1000179713706.71, "Plan Rows": 2350421, "Plan Width": 8, "Filter": "((note)::text = ANY ('{(producer),\"(executive producer)\"}'::text[]))"}, {"Node Type": "Materialize", "Parent Relationship": "Inner", "Startup Cost": 10000000000.0, "Total Cost": 1000019707020.14, "Plan Rows": 173, "Plan Width": 4, "Plans": [{"Node Type": "Index Scan", "Parent Relationship": "Outer", "Scan Direction": "Forward", "Index Name": "name_pkey", "Relation Name": "name", "Alias": "n", "Startup Cost": 10000000000.0, "Total Cost": 1000019707019.7, "Plan Rows": 173, "Plan Width": 4, "Filter": "(((name)::text ~~ '%Tim%'::text) AND ((gender)::text = 'm'::text))"}]}]}]}]}, {"Node Type": "Materialize", "Parent Relationship": "Inner", "Startup Cost": 10000000000.0, "Total Cost": 1000011024690.47, "Plan Rows": 2528311, "Plan Width": 21, "Plans": [{"Node Type": "Index Scan", "Parent Relationship": "Outer", "Scan Direction": "Forward", "Index Name": "title_pkey", "Relation Name": "title", "Alias": "t", "Startup Cost": 10000000000.0, "Total Cost": 1000011012048.91, "Plan Rows": 2528311, "Plan Width": 21}]}]}]}]}, {"Node Type": "Materialize", "Parent Relationship": "Inner", "Startup Cost": 10000000000.0, "Total Cost": 1000000001421.0, "Plan Rows": 1, "Plan Width": 4, "Plans": [{"Node Type": "Index Scan", "Parent Relationship": "Outer", "Scan Direction": "Forward", "Index Name": "info_type_pkey", "Relation Name": "info_type", "Alias": "it2", "Startup Cost": 10000000000.0, "Total Cost": 1000000001421.0, "Plan Rows": 1, "Plan Width": 4, "Filter": "((info)::text = 'votes'::text)"}]}]}, {"Node Type": "Materialize", "Parent Relationship": "Inner", "Startup Cost": 10000000000.0, "Total Cost": 1000000001421.0, "Plan Rows": 1, "Plan Width": 4, "Plans": [{"Node Type": "Index Scan", "Parent Relationship": "Outer", "Scan Direction": "Forward", "Index Name": "info_type_pkey", "Relation Name": "info_type", "Alias": "it1", "Startup Cost": 10000000000.0, "Total Cost": 1000000001421.0, "Plan Rows": 1, "Plan Width": 4, "Filter": "((info)::text = 'budget'::text)"}]}]}]}, "Unique SQL Id": 4264520866, "Planner Runtime": 97}, "explain_analyze_plan": null}, "(64, '28')": {"explain_plan": {"Plan": {"Node Type": "Aggregate", "Strategy": "Plain", "Startup Cost": 72377.47, "Total Cost": 72377.48, "Plan Rows": 1, "Plan Width": 160, "Plans": [{"Node Type": "Nested Loop", "Parent Relationship": "Outer", "Join Type": "Inner", "Startup Cost": 0.0, "Total Cost": 72377.4, "Plan Rows": 9, "Plan Width": 64, "Inner Unique": true, "Plans": [{"Node Type": "Nested Loop", "Parent Relationship": "Outer", "Join Type": "Inner", "Startup Cost": 0.0, "Total Cost": 72374.78, "Plan Rows": 9, "Plan Width": 59, "Inner Unique": false, "Join Filter": "(mi.info_type_id = it1.id)", "Plans": [{"Node Type": "Seq Scan", "Parent Relationship": "Outer", "Relation Name": "info_type", "Alias": "it1", "Startup Cost": 0.0, "Total Cost": 2.4, "Plan Rows": 1, "Plan Width": 4, "Filter": "((info)::text = 'budget'::text)"}, {"Node Type": "Nested Loop", "Parent Relationship": "Inner", "Join Type": "Inner", "Startup Cost": 0.0, "Total Cost": 72368.89, "Plan Rows": 279, "Plan Width": 63, "Inner Unique": false, "Join Filter": "(mi_idx.movie_id = mi.movie_id)", "Plans": [{"Node Type": "Nested Loop", "Parent Relationship": "Outer", "Join Type": "Inner", "Startup Cost": 0.0, "Total Cost": 72329.29, "Plan Rows": 52, "Plan Width": 13, "Inner Unique": false, "Join Filter": "(mi_idx.info_type_id = it2.id)", "Plans": [{"Node Type": "Seq Scan", "Parent Relationship": "Outer", "Relation Name": "info_type", "Alias": "it2", "Startup Cost": 0.0, "Total Cost": 2.4, "Plan Rows": 1, "Plan Width": 4, "Filter": "((info)::text = 'votes'::text)"}, {"Node Type": "Materialize", "Parent Relationship": "Inner", "Startup Cost": 0.0, "Total Cost": 72323.43, "Plan Rows": 346, "Plan Width": 17, "Plans": [{"Node Type": "Nested Loop", "Parent Relationship": "Outer", "Join Type": "Inner", "Startup Cost": 0.0, "Total Cost": 72322.56, "Plan Rows": 346, "Plan Width": 17, "Inner Unique": false, "Plans": [{"Node Type": "Nested Loop", "Parent Relationship": "Outer", "Join Type": "Inner", "Startup Cost": 0.0, "Total Cost": 72225.77, "Plan Rows": 294, "Plan Width": 4, "Inner Unique": false, "Plans": [{"Node Type": "Streaming(type: LOCAL GATHER dop: 1/64)", "Parent Relationship": "Outer", "Startup Cost": 0.0, "Total Cost": 64783.4, "Plan Rows": 173, "Plan Width": 4, "Plans": [{"Node Type": "Seq Scan", "Parent Relationship": "Outer", "Relation Name": "name", "Alias": "n", "Startup Cost": 0.0, "Total Cost": 64779.83, "Plan Rows": 173, "Plan Width": 4, "Filter": "(((name)::text ~~ '%Tim%'::text) AND ((gender)::text = 'm'::text))"}]}, {"Node Type": "Index Scan", "Parent Relationship": "Inner", "Scan Direction": "Forward", "Index Name": "person_id_cast_info", "Relation Name": "cast_info", "Alias": "ci", "Startup Cost": 0.0, "Total Cost": 43.0, "Plan Rows": 2, "Plan Width": 8, "Index Cond": "(person_id = n.id)", "Filter": "((note)::text = ANY ('{(producer),\"(executive producer)\"}'::text[]))"}]}, {"Node Type": "Index Scan", "Parent Relationship": "Inner", "Scan Direction": "Forward", "Index Name": "movie_id_movie_info_idx", "Relation Name": "movie_info_idx", "Alias": "mi_idx", "Startup Cost": 0.0, "Total Cost": 0.31, "Plan Rows": 2, "Plan Width": 13, "Index Cond": "(movie_id = ci.movie_id)"}]}]}]}, {"Node Type": "Index Scan", "Parent Relationship": "Inner", "Scan Direction": "Forward", "Index Name": "movie_id_movie_info", "Relation Name": "movie_info", "Alias": "mi", "Startup Cost": 0.0, "Total Cost": 0.7, "Plan Rows": 5, "Plan Width": 50, "Index Cond": "(movie_id = ci.movie_id)"}]}]}, {"Node Type": "Index Scan", "Parent Relationship": "Inner", "Scan Direction": "Forward", "Index Name": "title_pkey", "Relation Name": "title", "Alias": "t", "Startup Cost": 0.0, "Total Cost": 0.28, "Plan Rows": 1, "Plan Width": 21, "Index Cond": "(id = mi.movie_id)"}]}]}, "Unique SQL Id": 4264520866, "Planner Runtime": 84}, "explain_analyze_plan": {"Plan": {"Node Type": "Aggregate", "Strategy": "Plain", "Startup Cost": 72377.47, "Total Cost": 72377.48, "Plan Rows": 1, "Plan Width": 160, "Actual Min Startup Time": 394.107, "Actual Max Startup Time": 394.107, "Actual Min Total Time": 394.107, "Actual Max Total Time": 394.107, "Plans": [{"Node Type": "Nested Loop", "Parent Relationship": "Outer", "Join Type": "Inner", "Startup Cost": 0.0, "Total Cost": 72377.4, "Plan Rows": 9, "Plan Width": 64, "Actual Min Startup Time": 252.876, "Actual Max Startup Time": 252.876, "Actual Min Total Time": 393.624, "Actual Max Total Time": 393.624, "Inner Unique": true, "Plans": [{"Node Type": "Nested Loop", "Parent Relationship": "Outer", "Join Type": "Inner", "Startup Cost": 0.0, "Total Cost": 72374.78, "Plan Rows": 9, "Plan Width": 59, "Actual Min Startup Time": 252.858, "Actual Max Startup Time": 252.858, "Actual Min Total Time": 389.996, "Actual Max Total Time": 389.996, "Inner Unique": false, "Join Filter": "(mi.info_type_id = it1.id)", "Rows Removed by Join Filter": 81998, "Plans": [{"Node Type": "Seq Scan", "Parent Relationship": "Outer", "Relation Name": "info_type", "Alias": "it1", "Startup Cost": 0.0, "Total Cost": 2.4, "Plan Rows": 1, "Plan Width": 4, "Actual Min Startup Time": 0.079, "Actual Max Startup Time": 0.079, "Actual Min Total Time": 0.088, "Actual Max Total Time": 0.088, "Filter": "((info)::text = 'budget'::text)", "Rows Removed by Filter": 111, "Actual Rows": 1}, {"Node Type": "Nested Loop", "Parent Relationship": "Inner", "Join Type": "Inner", "Startup Cost": 0.0, "Total Cost": 72368.89, "Plan Rows": 279, "Plan Width": 63, "Actual Min Startup Time": 252.735, "Actual Max Startup Time": 252.735, "Actual Min Total Time": 374.021, "Actual Max Total Time": 374.021, "Inner Unique": false, "Join Filter": "(mi_idx.movie_id = mi.movie_id)", "Rows Removed by Join Filter": 0, "Plans": [{"Node Type": "Nested Loop", "Parent Relationship": "Outer", "Join Type": "Inner", "Startup Cost": 0.0, "Total Cost": 72329.29, "Plan Rows": 52, "Plan Width": 13, "Actual Min Startup Time": 252.708, "Actual Max Startup Time": 252.708, "Actual Min Total Time": 256.894, "Actual Max Total Time": 256.894, "Inner Unique": false, "Join Filter": "(mi_idx.info_type_id = it2.id)", "Rows Removed by Join Filter": 6875, "Plans": [{"Node Type": "Seq Scan", "Parent Relationship": "Outer", "Relation Name": "info_type", "Alias": "it2", "Startup Cost": 0.0, "Total Cost": 2.4, "Plan Rows": 1, "Plan Width": 4, "Actual Min Startup Time": 0.051, "Actual Max Startup Time": 0.051, "Actual Min Total Time": 0.064, "Actual Max Total Time": 0.064, "Filter": "((info)::text = 'votes'::text)", "Rows Removed by Filter": 111, "Actual Rows": 1}, {"Node Type": "Materialize", "Parent Relationship": "Inner", "Startup Cost": 0.0, "Total Cost": 72323.43, "Plan Rows": 346, "Plan Width": 17, "Actual Min Startup Time": 252.641, "Actual Max Startup Time": 252.641, "Actual Min Total Time": 253.906, "Actual Max Total Time": 253.906, "Plans": [{"Node Type": "Nested Loop", "Parent Relationship": "Outer", "Join Type": "Inner", "Startup Cost": 0.0, "Total Cost": 72322.56, "Plan Rows": 346, "Plan Width": 17, "Actual Min Startup Time": 57.001, "Actual Max Startup Time": 57.001, "Actual Min Total Time": 249.556, "Actual Max Total Time": 249.556, "Inner Unique": false, "Plans": [{"Node Type": "Nested Loop", "Parent Relationship": "Outer", "Join Type": "Inner", "Startup Cost": 0.0, "Total Cost": 72225.77, "Plan Rows": 294, "Plan Width": 4, "Actual Min Startup Time": 56.982, "Actual Max Startup Time": 56.982, "Actual Min Total Time": 212.372, "Actual Max Total Time": 212.372, "Inner Unique": false, "Plans": [{"Node Type": "Streaming(type: LOCAL GATHER dop: 1/64)", "Parent Relationship": "Outer", "Startup Cost": 0.0, "Total Cost": 64783.4, "Plan Rows": 173, "Plan Width": 4, "Actual Min Startup Time": 56.786, "Actual Max Startup Time": 56.786, "Actual Min Total Time": 80.669, "Actual Max Total Time": 80.669, "Plans": [{"Node Type": "Seq Scan", "Parent Relationship": "Outer", "Relation Name": "name", "Alias": "n", "Startup Cost": 0.0, "Total Cost": 64779.83, "Plan Rows": 173, "Plan Width": 4, "Actual Min Startup Time": 0.029, "Actual Max Startup Time": 0.851, "Actual Min Total Time": 25.418, "Actual Max Total Time": 29.58, "Filter": "(((name)::text ~~ '%Tim%'::text) AND ((gender)::text = 'm'::text))", "Rows Removed by Filter": 4158428, "Actual Rows": 9062}], "Actual Rows": 9062}, {"Node Type": "Index Scan", "Parent Relationship": "Inner", "Scan Direction": "Forward", "Index Name": "person_id_cast_info", "Relation Name": "cast_info", "Alias": "ci", "Startup Cost": 0.0, "Total Cost": 43.0, "Plan Rows": 2, "Plan Width": 8, "Actual Min Startup Time": 106.182, "Actual Max Startup Time": 106.182, "Actual Min Total Time": 125.475, "Actual Max Total Time": 125.475, "Index Cond": "(person_id = n.id)", "Rows Removed by Index Recheck": 0, "Filter": "((note)::text = ANY ('{(producer),\"(executive producer)\"}'::text[]))", "Rows Removed by Filter": 89309, "Actual Rows": 6719}], "Actual Rows": 6719}, {"Node Type": "Index Scan", "Parent Relationship": "Inner", "Scan Direction": "Forward", "Index Name": "movie_id_movie_info_idx", "Relation Name": "movie_info_idx", "Alias": "mi_idx", "Startup Cost": 0.0, "Total Cost": 0.31, "Plan Rows": 2, "Plan Width": 13, "Actual Min Startup Time": 27.522, "Actual Max Startup Time": 27.522, "Actual Min Total Time": 31.508, "Actual Max Total Time": 31.508, "Index Cond": "(movie_id = ci.movie_id)", "Rows Removed by Index Recheck": 0, "Actual Rows": 10310}], "Actual Rows": 10310}], "Actual Rows": 10311}], "Actual Rows": 3435}, {"Node Type": "Index Scan", "Parent Relationship": "Inner", "Scan Direction": "Forward", "Index Name": "movie_id_movie_info", "Relation Name": "movie_info", "Alias": "mi", "Startup Cost": 0.0, "Total Cost": 0.7, "Plan Rows": 5, "Plan Width": 50, "Actual Min Startup Time": 21.922, "Actual Max Startup Time": 21.922, "Actual Min Total Time": 88.276, "Actual Max Total Time": 88.276, "Index Cond": "(movie_id = ci.movie_id)", "Rows Removed by Index Recheck": 0, "Actual Rows": 82408}], "Actual Rows": 82408}], "Actual Rows": 410}, {"Node Type": "Index Scan", "Parent Relationship": "Inner", "Scan Direction": "Forward", "Index Name": "title_pkey", "Relation Name": "title", "Alias": "t", "Startup Cost": 0.0, "Total Cost": 0.28, "Plan Rows": 1, "Plan Width": 21, "Actual Min Startup Time": 3.275, "Actual Max Startup Time": 3.275, "Actual Min Total Time": 3.275, "Actual Max Total Time": 3.275, "Index Cond": "(id = mi.movie_id)", "Rows Removed by Index Recheck": 0, "Actual Rows": 410}], "Actual Rows": 410}], "Actual Rows": 1}, "Triggers": [], "Planner Runtime": 25.495, "Total Runtime": 405.277, "Unique SQL Id": 4264520866}}, "(64, '29')": {"explain_plan": {"Plan": {"Node Type": "Aggregate", "Strategy": "Plain", "Startup Cost": 204687.88, "Total Cost": 204687.89, "Plan Rows": 1, "Plan Width": 160, "Plans": [{"Node Type": "Nested Loop", "Parent Relationship": "Outer", "Join Type": "Inner", "Startup Cost": 0.0, "Total Cost": 204687.82, "Plan Rows": 9, "Plan Width": 64, "Inner Unique": true, "Plans": [{"Node Type": "Nested Loop", "Parent Relationship": "Outer", "Join Type": "Inner", "Startup Cost": 0.0, "Total Cost": 204685.19, "Plan Rows": 9, "Plan Width": 59, "Inner Unique": false, "Join Filter": "(mi.info_type_id = it1.id)", "Plans": [{"Node Type": "Index Scan", "Parent Relationship": "Outer", "Scan Direction": "Forward", "Index Name": "info_type_pkey", "Relation Name": "info_type", "Alias": "it1", "Startup Cost": 0.0, "Total Cost": 14.21, "Plan Rows": 1, "Plan Width": 4, "Filter": "((info)::text = 'budget'::text)"}, {"Node Type": "Nested Loop", "Parent Relationship": "Inner", "Join Type": "Inner", "Startup Cost": 0.0, "Total Cost": 204667.49, "Plan Rows": 279, "Plan Width": 63, "Inner Unique": false, "Join Filter": "(mi_idx.movie_id = mi.movie_id)", "Plans": [{"Node Type": "Nested Loop", "Parent Relationship": "Outer", "Join Type": "Inner", "Startup Cost": 0.0, "Total Cost": 204627.89, "Plan Rows": 52, "Plan Width": 13, "Inner Unique": false, "Join Filter": "(mi_idx.info_type_id = it2.id)", "Plans": [{"Node Type": "Index Scan", "Parent Relationship": "Outer", "Scan Direction": "Forward", "Index Name": "info_type_pkey", "Relation Name": "info_type", "Alias": "it2", "Startup Cost": 0.0, "Total Cost": 14.21, "Plan Rows": 1, "Plan Width": 4, "Filter": "((info)::text = 'votes'::text)"}, {"Node Type": "Nested Loop", "Parent Relationship": "Inner", "Join Type": "Inner", "Startup Cost": 0.0, "Total Cost": 204609.36, "Plan Rows": 346, "Plan Width": 17, "Inner Unique": false, "Plans": [{"Node Type": "Nested Loop", "Parent Relationship": "Outer", "Join Type": "Inner", "Startup Cost": 0.0, "Total Cost": 204512.56, "Plan Rows": 294, "Plan Width": 4, "Inner Unique": false, "Plans": [{"Node Type": "Index Scan", "Parent Relationship": "Outer", "Scan Direction": "Forward", "Index Name": "name_pkey", "Relation Name": "name", "Alias": "n", "Startup Cost": 0.0, "Total Cost": 197070.2, "Plan Rows": 173, "Plan Width": 4, "Filter": "(((name)::text ~~ '%Tim%'::text) AND ((gender)::text = 'm'::text))"}, {"Node Type": "Index Scan", "Parent Relationship": "Inner", "Scan Direction": "Forward", "Index Name": "person_id_cast_info", "Relation Name": "cast_info", "Alias": "ci", "Startup Cost": 0.0, "Total Cost": 43.0, "Plan Rows": 2, "Plan Width": 8, "Index Cond": "(person_id = n.id)", "Filter": "((note)::text = ANY ('{(producer),\"(executive producer)\"}'::text[]))"}]}, {"Node Type": "Index Scan", "Parent Relationship": "Inner", "Scan Direction": "Forward", "Index Name": "movie_id_movie_info_idx", "Relation Name": "movie_info_idx", "Alias": "mi_idx", "Startup Cost": 0.0, "Total Cost": 0.31, "Plan Rows": 2, "Plan Width": 13, "Index Cond": "(movie_id = ci.movie_id)"}]}]}, {"Node Type": "Index Scan", "Parent Relationship": "Inner", "Scan Direction": "Forward", "Index Name": "movie_id_movie_info", "Relation Name": "movie_info", "Alias": "mi", "Startup Cost": 0.0, "Total Cost": 0.7, "Plan Rows": 5, "Plan Width": 50, "Index Cond": "(movie_id = ci.movie_id)"}]}]}, {"Node Type": "Index Scan", "Parent Relationship": "Inner", "Scan Direction": "Forward", "Index Name": "title_pkey", "Relation Name": "title", "Alias": "t", "Startup Cost": 0.0, "Total Cost": 0.28, "Plan Rows": 1, "Plan Width": 21, "Index Cond": "(id = mi.movie_id)"}]}]}, "Unique SQL Id": 4264520866, "Planner Runtime": 43}, "explain_analyze_plan": null}, "(64, '30')": {"explain_plan": {"Plan": {"Node Type": "Aggregate", "Strategy": "Plain", "Startup Cost": 871810.56, "Total Cost": 871810.57, "Plan Rows": 1, "Plan Width": 160, "Plans": [{"Node Type": "Nested Loop", "Parent Relationship": "Outer", "Join Type": "Inner", "Startup Cost": 0.0, "Total Cost": 871810.49, "Plan Rows": 9, "Plan Width": 64, "Inner Unique": false, "Join Filter": "(mi_idx.movie_id = t.id)", "Plans": [{"Node Type": "Nested Loop", "Parent Relationship": "Outer", "Join Type": "Inner", "Startup Cost": 0.0, "Total Cost": 37527.17, "Plan Rows": 345008, "Plan Width": 9, "Inner Unique": false, "Join Filter": "(it2.id = mi_idx.info_type_id), (LLVM Optimized)", "Plans": [{"Node Type": "Seq Scan", "Parent Relationship": "Outer", "Relation Name": "info_type", "Alias": "it2", "Startup Cost": 0.0, "Total Cost": 2.4, "Plan Rows": 1, "Plan Width": 4, "Filter": "((info)::text = 'votes'::text)"}, {"Node Type": "Seq Scan", "Parent Relationship": "Inner", "Relation Name": "movie_info_idx", "Alias": "mi_idx", "Startup Cost": 0.0, "Total Cost": 20274.34, "Plan Rows": 1380034, "Plan Width": 13}]}, {"Node Type": "Materialize", "Parent Relationship": "Inner", "Startup Cost": 0.0, "Total Cost": 730780.98, "Plan Rows": 20, "Plan Width": 71, "Plans": [{"Node Type": "Streaming(type: LOCAL GATHER dop: 1/64)", "Parent Relationship": "Outer", "Startup Cost": 0.0, "Total Cost": 730780.88, "Plan Rows": 20, "Plan Width": 71, "Plans": [{"Node Type": "Nested Loop", "Parent Relationship": "Outer", "Join Type": "Inner", "Startup Cost": 0.0, "Total Cost": 730780.46, "Plan Rows": 20, "Plan Width": 71, "Inner Unique": false, "Join Filter": "(mi.movie_id = t.id)", "Plans": [{"Node Type": "Streaming(type: LOCAL ROUNDROBIN dop: 64/1)", "Parent Relationship": "Outer", "Startup Cost": 0.0, "Total Cost": 175227.87, "Plan Rows": 2528311, "Plan Width": 21, "Plans": [{"Node Type": "Seq Scan", "Parent Relationship": "Outer", "Relation Name": "title", "Alias": "t", "Startup Cost": 0.0, "Total Cost": 60069.11, "Plan Rows": 2528311, "Plan Width": 21}]}, {"Node Type": "Materialize", "Parent Relationship": "Inner", "Startup Cost": 0.0, "Total Cost": 542516.05, "Plan Rows": 1408, "Plan Width": 50, "Plans": [{"Node Type": "Streaming(type: BROADCAST dop: 64/64)", "Parent Relationship": "Outer", "Startup Cost": 0.0, "Total Cost": 542515.94, "Plan Rows": 1408, "Plan Width": 50, "Plans": [{"Node Type": "Nested Loop", "Parent Relationship": "Outer", "Join Type": "Inner", "Startup Cost": 0.0, "Total Cost": 479515.04, "Plan Rows": 22, "Plan Width": 50, "Inner Unique": false, "Join Filter": "(ci.movie_id = mi.movie_id)", "Plans": [{"Node Type": "Nested Loop", "Parent Relationship": "Outer", "Join Type": "Inner", "Startup Cost": 0.0, "Total Cost": 133548.44, "Plan Rows": 212428, "Plan Width": 46, "Inner Unique": false, "Join Filter": "(it1.id = mi.info_type_id), (LLVM Optimized)", "Plans": [{"Node Type": "Streaming(type: BROADCAST dop: 64/1)", "Parent Relationship": "Outer", "Startup Cost": 0.0, "Total Cost": 63003.72, "Plan Rows": 64, "Plan Width": 4, "Plans": [{"Node Type": "Seq Scan", "Parent Relationship": "Outer", "Relation Name": "info_type", "Alias": "it1", "Startup Cost": 0.0, "Total Cost": 2.4, "Plan Rows": 1, "Plan Width": 4, "Filter": "((info)::text = 'budget'::text)"}]}, {"Node Type": "Seq Scan", "Parent Relationship": "Inner", "Relation Name": "movie_info", "Alias": "mi", "Startup Cost": 0.0, "Total Cost": 67640.43, "Plan Rows": 14869966, "Plan Width": 50}]}, {"Node Type": "Materialize", "Parent Relationship": "Inner", "Startup Cost": 0.0, "Total Cost": 331329.72, "Plan Rows": 18816, "Plan Width": 4, "Plans": [{"Node Type": "Streaming(type: BROADCAST dop: 64/64)", "Parent Relationship": "Outer", "Startup Cost": 0.0, "Total Cost": 331328.25, "Plan Rows": 18816, "Plan Width": 4, "Plans": [{"Node Type": "Nested Loop", "Parent Relationship": "Outer", "Join Type": "Inner", "Startup Cost": 0.0, "Total Cost": 268316.3, "Plan Rows": 294, "Plan Width": 4, "Inner Unique": true, "Join Filter": "(ci.person_id = n.id)", "Plans": [{"Node Type": "Streaming(type: LOCAL REDISTRIBUTE dop: 64/64)", "Parent Relationship": "Outer", "Startup Cost": 0.0, "Total Cost": 139047.2, "Plan Rows": 2350421, "Plan Width": 8, "Plans": [{"Node Type": "Seq Scan", "Parent Relationship": "Outer", "Relation Name": "cast_info", "Alias": "ci", "Startup Cost": 0.0, "Total Cost": 73820.73, "Plan Rows": 2350421, "Plan Width": 8, "Filter": "((note)::text = ANY ('{(producer),\"(executive producer)\"}'::text[]))"}]}, {"Node Type": "Materialize", "Parent Relationship": "Inner", "Startup Cost": 0.0, "Total Cost": 127780.01, "Plan Rows": 173, "Plan Width": 4, "Plans": [{"Node Type": "Streaming(type: LOCAL REDISTRIBUTE dop: 64/64)", "Parent Relationship": "Outer", "Startup Cost": 0.0, "Total Cost": 127780.0, "Plan Rows": 173, "Plan Width": 4, "Plans": [{"Node Type": "Seq Scan", "Parent Relationship": "Outer", "Relation Name": "name", "Alias": "n", "Startup Cost": 0.0, "Total Cost": 64779.83, "Plan Rows": 173, "Plan Width": 4, "Filter": "(((name)::text ~~ '%Tim%'::text) AND ((gender)::text = 'm'::text))"}]}]}]}]}]}]}]}]}]}]}]}]}]}, "Unique SQL Id": 4264520866, "Planner Runtime": 29}, "explain_analyze_plan": null}, "(64, '31')": {"explain_plan": {"Plan": {"Node Type": "Aggregate", "Strategy": "Plain", "Startup Cost": 6977526256602.17, "Total Cost": 6977526256602.18, "Plan Rows": 1, "Plan Width": 160, "Plans": [{"Node Type": "Nested Loop", "Parent Relationship": "Outer", "Join Type": "Inner", "Startup Cost": 70031174542.45, "Total Cost": 6977526256601.78, "Plan Rows": 51, "Plan Width": 64, "Inner Unique": true, "Join Filter": "(mi.info_type_id = it1.id)", "Plans": [{"Node Type": "Nested Loop", "Parent Relationship": "Outer", "Join Type": "Inner", "Startup Cost": 60031174542.45, "Total Cost": 5977526255162.41, "Plan Rows": 1225, "Plan Width": 68, "Inner Unique": true, "Join Filter": "(mi_idx.info_type_id = it2.id)", "Plans": [{"Node Type": "Nested Loop", "Parent Relationship": "Outer", "Join Type": "Inner", "Startup Cost": 50031174542.45, "Total Cost": 4977526253713.56, "Plan Rows": 1856, "Plan Width": 72, "Inner Unique": false, "Join Filter": "(t.id = mi.movie_id)", "Plans": [{"Node Type": "Index Scan", "Parent Relationship": "Outer", "Scan Direction": "Forward", "Index Name": "info_type_id_movie_info", "Relation Name": "movie_info", "Alias": "mi", "Startup Cost": 10000000000.0, "Total Cost": 1000103683953.62, "Plan Rows": 14869966, "Plan Width": 50}, {"Node Type": "Materialize", "Parent Relationship": "Inner", "Startup Cost": 40031174542.45, "Total Cost": 3977345394637.27, "Plan Rows": 346, "Plan Width": 38, "Plans": [{"Node Type": "Nested Loop", "Parent Relationship": "Outer", "Join Type": "Inner", "Startup Cost": 40031174542.45, "Total Cost": 3977345394635.54, "Plan Rows": 346, "Plan Width": 38, "Inner Unique": true, "Join Filter": "(mi_idx.movie_id = t.id)", "Plans": [{"Node Type": "Nested Loop", "Parent Relationship": "Outer", "Join Type": "Inner", "Startup Cost": 30031174542.45, "Total Cost": 2977321254331.76, "Plan Rows": 346, "Plan Width": 17, "Inner Unique": false, "Join Filter": "(ci.movie_id = mi_idx.movie_id)", "Plans": [{"Node Type": "Index Scan", "Parent Relationship": "Outer", "Scan Direction": "Forward", "Index Name": "info_type_id_movie_info_idx", "Relation Name": "movie_info_idx", "Alias": "mi_idx", "Startup Cost": 10000000000.0, "Total Cost": 1000006370838.27, "Plan Rows": 1380034, "Plan Width": 13}, {"Node Type": "Materialize", "Parent Relationship": "Inner", "Startup Cost": 20031174542.45, "Total Cost": 1977308797544.29, "Plan Rows": 294, "Plan Width": 4, "Plans": [{"Node Type": "Merge Join", "Parent Relationship": "Outer", "Join Type": "Inner", "Startup Cost": 20031174542.45, "Total Cost": 1977308797542.82, "Plan Rows": 294, "Plan Width": 4, "Inner Unique": true, "Merge Cond": "(ci.person_id = n.id)", "Plans": [{"Node Type": "Index Scan", "Parent Relationship": "Outer", "Scan Direction": "Forward", "Index Name": "person_id_cast_info", "Relation Name": "cast_info", "Alias": "ci", "Startup Cost": 10000000000.0, "Total Cost": 1000179713706.71, "Plan Rows": 2350421, "Plan Width": 8, "Filter": "((note)::text = ANY ('{(producer),\"(executive producer)\"}'::text[]))"}, {"Node Type": "Materialize", "Parent Relationship": "Inner", "Startup Cost": 10000000000.0, "Total Cost": 1000019707020.14, "Plan Rows": 173, "Plan Width": 4, "Plans": [{"Node Type": "Index Scan", "Parent Relationship": "Outer", "Scan Direction": "Forward", "Index Name": "name_pkey", "Relation Name": "name", "Alias": "n", "Startup Cost": 10000000000.0, "Total Cost": 1000019707019.7, "Plan Rows": 173, "Plan Width": 4, "Filter": "(((name)::text ~~ '%Tim%'::text) AND ((gender)::text = 'm'::text))"}]}]}]}]}, {"Node Type": "Materialize", "Parent Relationship": "Inner", "Startup Cost": 10000000000.0, "Total Cost": 1000011024690.47, "Plan Rows": 2528311, "Plan Width": 21, "Plans": [{"Node Type": "Index Scan", "Parent Relationship": "Outer", "Scan Direction": "Forward", "Index Name": "title_pkey", "Relation Name": "title", "Alias": "t", "Startup Cost": 10000000000.0, "Total Cost": 1000011012048.91, "Plan Rows": 2528311, "Plan Width": 21}]}]}]}]}, {"Node Type": "Materialize", "Parent Relationship": "Inner", "Startup Cost": 10000000000.0, "Total Cost": 1000000001421.0, "Plan Rows": 1, "Plan Width": 4, "Plans": [{"Node Type": "Index Scan", "Parent Relationship": "Outer", "Scan Direction": "Forward", "Index Name": "info_type_pkey", "Relation Name": "info_type", "Alias": "it2", "Startup Cost": 10000000000.0, "Total Cost": 1000000001421.0, "Plan Rows": 1, "Plan Width": 4, "Filter": "((info)::text = 'votes'::text)"}]}]}, {"Node Type": "Materialize", "Parent Relationship": "Inner", "Startup Cost": 10000000000.0, "Total Cost": 1000000001421.0, "Plan Rows": 1, "Plan Width": 4, "Plans": [{"Node Type": "Index Scan", "Parent Relationship": "Outer", "Scan Direction": "Forward", "Index Name": "info_type_pkey", "Relation Name": "info_type", "Alias": "it1", "Startup Cost": 10000000000.0, "Total Cost": 1000000001421.0, "Plan Rows": 1, "Plan Width": 4, "Filter": "((info)::text = 'budget'::text)"}]}]}]}, "Unique SQL Id": 4264520866, "Planner Runtime": 67}, "explain_analyze_plan": null}, "(64, '32')": {"explain_plan": {"Plan": {"Node Type": "Aggregate", "Strategy": "Plain", "Startup Cost": 72515.06, "Total Cost": 72515.07, "Plan Rows": 1, "Plan Width": 160, "Plans": [{"Node Type": "Nested Loop", "Parent Relationship": "Outer", "Join Type": "Inner", "Startup Cost": 0.0, "Total Cost": 72514.99, "Plan Rows": 9, "Plan Width": 64, "Inner Unique": true, "Plans": [{"Node Type": "Nested Loop", "Parent Relationship": "Outer", "Join Type": "Inner", "Startup Cost": 0.0, "Total Cost": 72512.36, "Plan Rows": 9, "Plan Width": 59, "Inner Unique": false, "Join Filter": "(mi_idx.info_type_id = it2.id)", "Plans": [{"Node Type": "Seq Scan", "Parent Relationship": "Outer", "Relation Name": "info_type", "Alias": "it2", "Startup Cost": 0.0, "Total Cost": 2.4, "Plan Rows": 1, "Plan Width": 4, "Filter": "((info)::text = 'votes'::text)"}, {"Node Type": "Nested Loop", "Parent Relationship": "Inner", "Join Type": "Inner", "Startup Cost": 0.0, "Total Cost": 72509.54, "Plan Rows": 34, "Plan Width": 63, "Inner Unique": false, "Plans": [{"Node Type": "Nested Loop", "Parent Relationship": "Outer", "Join Type": "Inner", "Startup Cost": 0.0, "Total Cost": 72467.91, "Plan Rows": 133, "Plan Width": 50, "Inner Unique": false, "Join Filter": "(mi.info_type_id = it1.id)", "Plans": [{"Node Type": "Seq Scan", "Parent Relationship": "Outer", "Relation Name": "info_type", "Alias": "it1", "Startup Cost": 0.0, "Total Cost": 2.4, "Plan Rows": 1, "Plan Width": 4, "Filter": "((info)::text = 'budget'::text)"}, {"Node Type": "Materialize", "Parent Relationship": "Inner", "Startup Cost": 0.0, "Total Cost": 72449.9, "Plan Rows": 1561, "Plan Width": 54, "Plans": [{"Node Type": "Nested Loop", "Parent Relationship": "Outer", "Join Type": "Inner", "Startup Cost": 0.0, "Total Cost": 72445.99, "Plan Rows": 1561, "Plan Width": 54, "Inner Unique": false, "Plans": [{"Node Type": "Nested Loop", "Parent Relationship": "Outer", "Join Type": "Inner", "Startup Cost": 0.0, "Total Cost": 72225.77, "Plan Rows": 294, "Plan Width": 4, "Inner Unique": false, "Plans": [{"Node Type": "Streaming(type: LOCAL GATHER dop: 1/64)", "Parent Relationship": "Outer", "Startup Cost": 0.0, "Total Cost": 64783.4, "Plan Rows": 173, "Plan Width": 4, "Plans": [{"Node Type": "Seq Scan", "Parent Relationship": "Outer", "Relation Name": "name", "Alias": "n", "Startup Cost": 0.0, "Total Cost": 64779.83, "Plan Rows": 173, "Plan Width": 4, "Filter": "(((name)::text ~~ '%Tim%'::text) AND ((gender)::text = 'm'::text))"}]}, {"Node Type": "Index Scan", "Parent Relationship": "Inner", "Scan Direction": "Forward", "Index Name": "person_id_cast_info", "Relation Name": "cast_info", "Alias": "ci", "Startup Cost": 0.0, "Total Cost": 43.0, "Plan Rows": 2, "Plan Width": 8, "Index Cond": "(person_id = n.id)", "Filter": "((note)::text = ANY ('{(producer),\"(executive producer)\"}'::text[]))"}]}, {"Node Type": "Index Scan", "Parent Relationship": "Inner", "Scan Direction": "Forward", "Index Name": "movie_id_movie_info", "Relation Name": "movie_info", "Alias": "mi", "Startup Cost": 0.0, "Total Cost": 0.7, "Plan Rows": 5, "Plan Width": 50, "Index Cond": "(movie_id = ci.movie_id)"}]}]}]}, {"Node Type": "Index Scan", "Parent Relationship": "Inner", "Scan Direction": "Forward", "Index Name": "movie_id_movie_info_idx", "Relation Name": "movie_info_idx", "Alias": "mi_idx", "Startup Cost": 0.0, "Total Cost": 0.29, "Plan Rows": 2, "Plan Width": 13, "Index Cond": "(movie_id = mi.movie_id)"}]}]}, {"Node Type": "Index Scan", "Parent Relationship": "Inner", "Scan Direction": "Forward", "Index Name": "title_pkey", "Relation Name": "title", "Alias": "t", "Startup Cost": 0.0, "Total Cost": 0.28, "Plan Rows": 1, "Plan Width": 21, "Index Cond": "(id = mi.movie_id)"}]}]}, "Unique SQL Id": 4264520866, "Planner Runtime": 62}, "explain_analyze_plan": {"Plan": {"Node Type": "Aggregate", "Strategy": "Plain", "Startup Cost": 72515.06, "Total Cost": 72515.07, "Plan Rows": 1, "Plan Width": 160, "Actual Min Startup Time": 423.6, "Actual Max Startup Time": 423.6, "Actual Min Total Time": 423.601, "Actual Max Total Time": 423.601, "Plans": [{"Node Type": "Nested Loop", "Parent Relationship": "Outer", "Join Type": "Inner", "Startup Cost": 0.0, "Total Cost": 72514.99, "Plan Rows": 9, "Plan Width": 64, "Actual Min Startup Time": 375.599, "Actual Max Startup Time": 375.599, "Actual Min Total Time": 423.168, "Actual Max Total Time": 423.168, "Inner Unique": true, "Plans": [{"Node Type": "Nested Loop", "Parent Relationship": "Outer", "Join Type": "Inner", "Startup Cost": 0.0, "Total Cost": 72512.36, "Plan Rows": 9, "Plan Width": 59, "Actual Min Startup Time": 375.583, "Actual Max Startup Time": 375.583, "Actual Min Total Time": 419.719, "Actual Max Total Time": 419.719, "Inner Unique": false, "Join Filter": "(mi_idx.info_type_id = it2.id)", "Rows Removed by Join Filter": 825, "Plans": [{"Node Type": "Seq Scan", "Parent Relationship": "Outer", "Relation Name": "info_type", "Alias": "it2", "Startup Cost": 0.0, "Total Cost": 2.4, "Plan Rows": 1, "Plan Width": 4, "Actual Min Startup Time": 0.082, "Actual Max Startup Time": 0.082, "Actual Min Total Time": 0.09, "Actual Max Total Time": 0.09, "Filter": "((info)::text = 'votes'::text)", "Rows Removed by Filter": 111, "Actual Rows": 1}, {"Node Type": "Nested Loop", "Parent Relationship": "Inner", "Join Type": "Inner", "Startup Cost": 0.0, "Total Cost": 72509.54, "Plan Rows": 34, "Plan Width": 63, "Actual Min Startup Time": 375.484, "Actual Max Startup Time": 375.484, "Actual Min Total Time": 417.291, "Actual Max Total Time": 417.291, "Inner Unique": false, "Plans": [{"Node Type": "Nested Loop", "Parent Relationship": "Outer", "Join Type": "Inner", "Startup Cost": 0.0, "Total Cost": 72467.91, "Plan Rows": 133, "Plan Width": 50, "Actual Min Startup Time": 375.468, "Actual Max Startup Time": 375.468, "Actual Min Total Time": 411.534, "Actual Max Total Time": 411.534, "Inner Unique": false, "Join Filter": "(mi.info_type_id = it1.id)", "Rows Removed by Join Filter": 95197, "Plans": [{"Node Type": "Seq Scan", "Parent Relationship": "Outer", "Relation Name": "info_type", "Alias": "it1", "Startup Cost": 0.0, "Total Cost": 2.4, "Plan Rows": 1, "Plan Width": 4, "Actual Min Startup Time": 0.056, "Actual Max Startup Time": 0.056, "Actual Min Total Time": 0.065, "Actual Max Total Time": 0.065, "Filter": "((info)::text = 'budget'::text)", "Rows Removed by Filter": 111, "Actual Rows": 1}, {"Node Type": "Materialize", "Parent Relationship": "Inner", "Startup Cost": 0.0, "Total Cost": 72449.9, "Plan Rows": 1561, "Plan Width": 54, "Actual Min Startup Time": 375.396, "Actual Max Startup Time": 375.396, "Actual Min Total Time": 387.281, "Actual Max Total Time": 387.281, "Plans": [{"Node Type": "Nested Loop", "Parent Relationship": "Outer", "Join Type": "Inner", "Startup Cost": 0.0, "Total Cost": 72445.99, "Plan Rows": 1561, "Plan Width": 54, "Actual Min Startup Time": 42.926, "Actual Max Startup Time": 42.926, "Actual Min Total Time": 347.775, "Actual Max Total Time": 347.775, "Inner Unique": false, "Plans": [{"Node Type": "Nested Loop", "Parent Relationship": "Outer", "Join Type": "Inner", "Startup Cost": 0.0, "Total Cost": 72225.77, "Plan Rows": 294, "Plan Width": 4, "Actual Min Startup Time": 42.908, "Actual Max Startup Time": 42.908, "Actual Min Total Time": 198.956, "Actual Max Total Time": 198.956, "Inner Unique": false, "Plans": [{"Node Type": "Streaming(type: LOCAL GATHER dop: 1/64)", "Parent Relationship": "Outer", "Startup Cost": 0.0, "Total Cost": 64783.4, "Plan Rows": 173, "Plan Width": 4, "Actual Min Startup Time": 42.663, "Actual Max Startup Time": 42.663, "Actual Min Total Time": 67.339, "Actual Max Total Time": 67.339, "Plans": [{"Node Type": "Seq Scan", "Parent Relationship": "Outer", "Relation Name": "name", "Alias": "n", "Startup Cost": 0.0, "Total Cost": 64779.83, "Plan Rows": 173, "Plan Width": 4, "Actual Min Startup Time": 0.025, "Actual Max Startup Time": 0.853, "Actual Min Total Time": 25.433, "Actual Max Total Time": 29.531, "Filter": "(((name)::text ~~ '%Tim%'::text) AND ((gender)::text = 'm'::text))", "Rows Removed by Filter": 4158428, "Actual Rows": 9062}], "Actual Rows": 9062}, {"Node Type": "Index Scan", "Parent Relationship": "Inner", "Scan Direction": "Forward", "Index Name": "person_id_cast_info", "Relation Name": "cast_info", "Alias": "ci", "Startup Cost": 0.0, "Total Cost": 43.0, "Plan Rows": 2, "Plan Width": 8, "Actual Min Startup Time": 106.014, "Actual Max Startup Time": 106.014, "Actual Min Total Time": 125.322, "Actual Max Total Time": 125.322, "Index Cond": "(person_id = n.id)", "Rows Removed by Index Recheck": 0, "Filter": "((note)::text = ANY ('{(producer),\"(executive producer)\"}'::text[]))", "Rows Removed by Filter": 89309, "Actual Rows": 6719}], "Actual Rows": 6719}, {"Node Type": "Index Scan", "Parent Relationship": "Inner", "Scan Direction": "Forward", "Index Name": "movie_id_movie_info", "Relation Name": "movie_info", "Alias": "mi", "Startup Cost": 0.0, "Total Cost": 0.7, "Plan Rows": 5, "Plan Width": 50, "Actual Min Startup Time": 39.752, "Actual Max Startup Time": 39.752, "Actual Min Total Time": 124.275, "Actual Max Total Time": 124.275, "Index Cond": "(movie_id = ci.movie_id)", "Rows Removed by Index Recheck": 0, "Actual Rows": 95896}], "Actual Rows": 95896}], "Actual Rows": 95897}], "Actual Rows": 699}, {"Node Type": "Index Scan", "Parent Relationship": "Inner", "Scan Direction": "Forward", "Index Name": "movie_id_movie_info_idx", "Relation Name": "movie_info_idx", "Alias": "mi_idx", "Startup Cost": 0.0, "Total Cost": 0.29, "Plan Rows": 2, "Plan Width": 13, "Actual Min Startup Time": 4.566, "Actual Max Startup Time": 4.566, "Actual Min Total Time": 5.101, "Actual Max Total Time": 5.101, "Index Cond": "(movie_id = mi.movie_id)", "Rows Removed by Index Recheck": 0, "Actual Rows": 1235}], "Actual Rows": 1235}], "Actual Rows": 410}, {"Node Type": "Index Scan", "Parent Relationship": "Inner", "Scan Direction": "Forward", "Index Name": "title_pkey", "Relation Name": "title", "Alias": "t", "Startup Cost": 0.0, "Total Cost": 0.28, "Plan Rows": 1, "Plan Width": 21, "Actual Min Startup Time": 3.129, "Actual Max Startup Time": 3.129, "Actual Min Total Time": 3.129, "Actual Max Total Time": 3.129, "Index Cond": "(id = mi.movie_id)", "Rows Removed by Index Recheck": 0, "Actual Rows": 410}], "Actual Rows": 410}], "Actual Rows": 1}, "Triggers": [], "Planner Runtime": 80.042, "Total Runtime": 435.075, "Unique SQL Id": 4264520866}}, "(64, '33')": {"explain_plan": {"Plan": {"Node Type": "Aggregate", "Strategy": "Plain", "Startup Cost": 204687.88, "Total Cost": 204687.89, "Plan Rows": 1, "Plan Width": 160, "Plans": [{"Node Type": "Nested Loop", "Parent Relationship": "Outer", "Join Type": "Inner", "Startup Cost": 0.0, "Total Cost": 204687.82, "Plan Rows": 9, "Plan Width": 64, "Inner Unique": true, "Plans": [{"Node Type": "Nested Loop", "Parent Relationship": "Outer", "Join Type": "Inner", "Startup Cost": 0.0, "Total Cost": 204685.19, "Plan Rows": 9, "Plan Width": 59, "Inner Unique": false, "Join Filter": "(mi.info_type_id = it1.id)", "Plans": [{"Node Type": "Index Scan", "Parent Relationship": "Outer", "Scan Direction": "Forward", "Index Name": "info_type_pkey", "Relation Name": "info_type", "Alias": "it1", "Startup Cost": 0.0, "Total Cost": 14.21, "Plan Rows": 1, "Plan Width": 4, "Filter": "((info)::text = 'budget'::text)"}, {"Node Type": "Nested Loop", "Parent Relationship": "Inner", "Join Type": "Inner", "Startup Cost": 0.0, "Total Cost": 204667.49, "Plan Rows": 279, "Plan Width": 63, "Inner Unique": false, "Join Filter": "(mi_idx.movie_id = mi.movie_id)", "Plans": [{"Node Type": "Nested Loop", "Parent Relationship": "Outer", "Join Type": "Inner", "Startup Cost": 0.0, "Total Cost": 204627.89, "Plan Rows": 52, "Plan Width": 13, "Inner Unique": false, "Join Filter": "(mi_idx.info_type_id = it2.id)", "Plans": [{"Node Type": "Index Scan", "Parent Relationship": "Outer", "Scan Direction": "Forward", "Index Name": "info_type_pkey", "Relation Name": "info_type", "Alias": "it2", "Startup Cost": 0.0, "Total Cost": 14.21, "Plan Rows": 1, "Plan Width": 4, "Filter": "((info)::text = 'votes'::text)"}, {"Node Type": "Nested Loop", "Parent Relationship": "Inner", "Join Type": "Inner", "Startup Cost": 0.0, "Total Cost": 204609.36, "Plan Rows": 346, "Plan Width": 17, "Inner Unique": false, "Plans": [{"Node Type": "Nested Loop", "Parent Relationship": "Outer", "Join Type": "Inner", "Startup Cost": 0.0, "Total Cost": 204512.56, "Plan Rows": 294, "Plan Width": 4, "Inner Unique": false, "Plans": [{"Node Type": "Index Scan", "Parent Relationship": "Outer", "Scan Direction": "Forward", "Index Name": "name_pkey", "Relation Name": "name", "Alias": "n", "Startup Cost": 0.0, "Total Cost": 197070.2, "Plan Rows": 173, "Plan Width": 4, "Filter": "(((name)::text ~~ '%Tim%'::text) AND ((gender)::text = 'm'::text))"}, {"Node Type": "Index Scan", "Parent Relationship": "Inner", "Scan Direction": "Forward", "Index Name": "person_id_cast_info", "Relation Name": "cast_info", "Alias": "ci", "Startup Cost": 0.0, "Total Cost": 43.0, "Plan Rows": 2, "Plan Width": 8, "Index Cond": "(person_id = n.id)", "Filter": "((note)::text = ANY ('{(producer),\"(executive producer)\"}'::text[]))"}]}, {"Node Type": "Index Scan", "Parent Relationship": "Inner", "Scan Direction": "Forward", "Index Name": "movie_id_movie_info_idx", "Relation Name": "movie_info_idx", "Alias": "mi_idx", "Startup Cost": 0.0, "Total Cost": 0.31, "Plan Rows": 2, "Plan Width": 13, "Index Cond": "(movie_id = ci.movie_id)"}]}]}, {"Node Type": "Index Scan", "Parent Relationship": "Inner", "Scan Direction": "Forward", "Index Name": "movie_id_movie_info", "Relation Name": "movie_info", "Alias": "mi", "Startup Cost": 0.0, "Total Cost": 0.7, "Plan Rows": 5, "Plan Width": 50, "Index Cond": "(movie_id = ci.movie_id)"}]}]}, {"Node Type": "Index Scan", "Parent Relationship": "Inner", "Scan Direction": "Forward", "Index Name": "title_pkey", "Relation Name": "title", "Alias": "t", "Startup Cost": 0.0, "Total Cost": 0.28, "Plan Rows": 1, "Plan Width": 21, "Index Cond": "(id = mi.movie_id)"}]}]}, "Unique SQL Id": 4264520866, "Planner Runtime": 29}, "explain_analyze_plan": null}, "(64, '34')": {"explain_plan": {"Plan": {"Node Type": "Aggregate", "Strategy": "Plain", "Startup Cost": 79926.46, "Total Cost": 79926.47, "Plan Rows": 1, "Plan Width": 160, "Plans": [{"Node Type": "Nested Loop", "Parent Relationship": "Outer", "Join Type": "Inner", "Startup Cost": 5.3, "Total Cost": 79926.39, "Plan Rows": 9, "Plan Width": 64, "Inner Unique": true, "Plans": [{"Node Type": "Nested Loop", "Parent Relationship": "Outer", "Join Type": "Inner", "Startup Cost": 5.04, "Total Cost": 79887.84, "Plan Rows": 9, "Plan Width": 59, "Inner Unique": false, "Join Filter": "(mi_idx.info_type_id = it2.id)", "Plans": [{"Node Type": "Seq Scan", "Parent Relationship": "Outer", "Relation Name": "info_type", "Alias": "it2", "Startup Cost": 0.0, "Total Cost": 2.4, "Plan Rows": 1, "Plan Width": 4, "Filter": "((info)::text = 'votes'::text)"}, {"Node Type": "Nested Loop", "Parent Relationship": "Inner", "Join Type": "Inner", "Startup Cost": 5.04, "Total Cost": 79885.02, "Plan Rows": 34, "Plan Width": 63, "Inner Unique": false, "Plans": [{"Node Type": "Nested Loop", "Parent Relationship": "Outer", "Join Type": "Inner", "Startup Cost": 4.77, "Total Cost": 79311.55, "Plan Rows": 133, "Plan Width": 50, "Inner Unique": false, "Join Filter": "(mi.info_type_id = it1.id)", "Plans": [{"Node Type": "Seq Scan", "Parent Relationship": "Outer", "Relation Name": "info_type", "Alias": "it1", "Startup Cost": 0.0, "Total Cost": 2.4, "Plan Rows": 1, "Plan Width": 4, "Filter": "((info)::text = 'budget'::text)"}, {"Node Type": "Materialize", "Parent Relationship": "Inner", "Startup Cost": 4.77, "Total Cost": 79293.54, "Plan Rows": 1561, "Plan Width": 54, "Plans": [{"Node Type": "Nested Loop", "Parent Relationship": "Outer", "Join Type": "Inner", "Startup Cost": 4.77, "Total Cost": 79289.64, "Plan Rows": 1561, "Plan Width": 54, "Inner Unique": false, "Plans": [{"Node Type": "Nested Loop", "Parent Relationship": "Outer", "Join Type": "Inner", "Startup Cost": 4.39, "Total Cost": 77967.24, "Plan Rows": 294, "Plan Width": 4, "Inner Unique": false, "Plans": [{"Node Type": "Streaming(type: LOCAL GATHER dop: 1/64)", "Parent Relationship": "Outer", "Startup Cost": 0.0, "Total Cost": 64783.4, "Plan Rows": 173, "Plan Width": 4, "Plans": [{"Node Type": "Seq Scan", "Parent Relationship": "Outer", "Relation Name": "name", "Alias": "n", "Startup Cost": 0.0, "Total Cost": 64779.83, "Plan Rows": 173, "Plan Width": 4, "Filter": "(((name)::text ~~ '%Tim%'::text) AND ((gender)::text = 'm'::text))"}]}, {"Node Type": "Bitmap Heap Scan", "Parent Relationship": "Inner", "Relation Name": "cast_info", "Alias": "ci", "Startup Cost": 4.39, "Total Cost": 76.19, "Plan Rows": 2, "Plan Width": 8, "Recheck Cond": "(person_id = n.id)", "Filter": "((note)::text = ANY ('{(producer),\"(executive producer)\"}'::text[]))", "Plans": [{"Node Type": "Bitmap Index Scan", "Parent Relationship": "Outer", "Index Name": "person_id_cast_info", "Startup Cost": 0.0, "Total Cost": 4.38, "Plan Rows": 18, "Plan Width": 0, "Index Cond": "(person_id = n.id)"}]}]}, {"Node Type": "Bitmap Heap Scan", "Parent Relationship": "Inner", "Relation Name": "movie_info", "Alias": "mi", "Startup Cost": 0.39, "Total Cost": 4.45, "Plan Rows": 5, "Plan Width": 50, "Recheck Cond": "(movie_id = ci.movie_id)", "Plans": [{"Node Type": "Bitmap Index Scan", "Parent Relationship": "Outer", "Index Name": "movie_id_movie_info", "Startup Cost": 0.0, "Total Cost": 0.38, "Plan Rows": 5, "Plan Width": 0, "Index Cond": "(movie_id = ci.movie_id)"}]}]}]}]}, {"Node Type": "Bitmap Heap Scan", "Parent Relationship": "Inner", "Relation Name": "movie_info_idx", "Alias": "mi_idx", "Startup Cost": 0.27, "Total Cost": 4.29, "Plan Rows": 2, "Plan Width": 13, "Recheck Cond": "(movie_id = mi.movie_id)", "Plans": [{"Node Type": "Bitmap Index Scan", "Parent Relationship": "Outer", "Index Name": "movie_id_movie_info_idx", "Startup Cost": 0.0, "Total Cost": 0.27, "Plan Rows": 2, "Plan Width": 0, "Index Cond": "(movie_id = mi.movie_id)"}]}]}]}, {"Node Type": "Bitmap Heap Scan", "Parent Relationship": "Inner", "Relation Name": "title", "Alias": "t", "Startup Cost": 0.26, "Total Cost": 4.27, "Plan Rows": 1, "Plan Width": 21, "Recheck Cond": "(id = mi.movie_id)", "Plans": [{"Node Type": "Bitmap Index Scan", "Parent Relationship": "Outer", "Index Name": "title_pkey", "Startup Cost": 0.0, "Total Cost": 0.26, "Plan Rows": 1, "Plan Width": 0, "Index Cond": "(id = mi.movie_id)"}]}]}]}, "Unique SQL Id": 4264520866, "Planner Runtime": 79}, "explain_analyze_plan": {"Plan": {"Node Type": "Aggregate", "Strategy": "Plain", "Startup Cost": 79926.46, "Total Cost": 79926.47, "Plan Rows": 1, "Plan Width": 160, "Actual Min Startup Time": 553.006, "Actual Max Startup Time": 553.006, "Actual Min Total Time": 553.006, "Actual Max Total Time": 553.006, "Plans": [{"Node Type": "Nested Loop", "Parent Relationship": "Outer", "Join Type": "Inner", "Startup Cost": 5.3, "Total Cost": 79926.39, "Plan Rows": 9, "Plan Width": 64, "Actual Min Startup Time": 502.54, "Actual Max Startup Time": 502.54, "Actual Min Total Time": 552.518, "Actual Max Total Time": 552.518, "Inner Unique": true, "Plans": [{"Node Type": "Nested Loop", "Parent Relationship": "Outer", "Join Type": "Inner", "Startup Cost": 5.04, "Total Cost": 79887.84, "Plan Rows": 9, "Plan Width": 59, "Actual Min Startup Time": 502.512, "Actual Max Startup Time": 502.512, "Actual Min Total Time": 548.303, "Actual Max Total Time": 548.303, "Inner Unique": false, "Join Filter": "(mi_idx.info_type_id = it2.id)", "Rows Removed by Join Filter": 825, "Plans": [{"Node Type": "Seq Scan", "Parent Relationship": "Outer", "Relation Name": "info_type", "Alias": "it2", "Startup Cost": 0.0, "Total Cost": 2.4, "Plan Rows": 1, "Plan Width": 4, "Actual Min Startup Time": 0.111, "Actual Max Startup Time": 0.111, "Actual Min Total Time": 0.118, "Actual Max Total Time": 0.118, "Filter": "((info)::text = 'votes'::text)", "Rows Removed by Filter": 111, "Actual Rows": 1}, {"Node Type": "Nested Loop", "Parent Relationship": "Inner", "Join Type": "Inner", "Startup Cost": 5.04, "Total Cost": 79885.02, "Plan Rows": 34, "Plan Width": 63, "Actual Min Startup Time": 502.382, "Actual Max Startup Time": 502.382, "Actual Min Total Time": 545.73, "Actual Max Total Time": 545.73, "Inner Unique": false, "Plans": [{"Node Type": "Nested Loop", "Parent Relationship": "Outer", "Join Type": "Inner", "Startup Cost": 4.77, "Total Cost": 79311.55, "Plan Rows": 133, "Plan Width": 50, "Actual Min Startup Time": 502.311, "Actual Max Startup Time": 502.311, "Actual Min Total Time": 538.947, "Actual Max Total Time": 538.947, "Inner Unique": false, "Join Filter": "(mi.info_type_id = it1.id)", "Rows Removed by Join Filter": 95197, "Plans": [{"Node Type": "Seq Scan", "Parent Relationship": "Outer", "Relation Name": "info_type", "Alias": "it1", "Startup Cost": 0.0, "Total Cost": 2.4, "Plan Rows": 1, "Plan Width": 4, "Actual Min Startup Time": 0.072, "Actual Max Startup Time": 0.072, "Actual Min Total Time": 0.083, "Actual Max Total Time": 0.083, "Filter": "((info)::text = 'budget'::text)", "Rows Removed by Filter": 111, "Actual Rows": 1}, {"Node Type": "Materialize", "Parent Relationship": "Inner", "Startup Cost": 4.77, "Total Cost": 79293.54, "Plan Rows": 1561, "Plan Width": 54, "Actual Min Startup Time": 502.224, "Actual Max Startup Time": 502.224, "Actual Min Total Time": 514.286, "Actual Max Total Time": 514.286, "Plans": [{"Node Type": "Nested Loop", "Parent Relationship": "Outer", "Join Type": "Inner", "Startup Cost": 4.77, "Total Cost": 79289.64, "Plan Rows": 1561, "Plan Width": 54, "Actual Min Startup Time": 139.749, "Actual Max Startup Time": 139.749, "Actual Min Total Time": 475.605, "Actual Max Total Time": 475.605, "Inner Unique": false, "Plans": [{"Node Type": "Nested Loop", "Parent Relationship": "Outer", "Join Type": "Inner", "Startup Cost": 4.39, "Total Cost": 77967.24, "Plan Rows": 294, "Plan Width": 4, "Actual Min Startup Time": 139.713, "Actual Max Startup Time": 139.713, "Actual Min Total Time": 302.456, "Actual Max Total Time": 302.456, "Inner Unique": false, "Plans": [{"Node Type": "Streaming(type: LOCAL GATHER dop: 1/64)", "Parent Relationship": "Outer", "Startup Cost": 0.0, "Total Cost": 64783.4, "Plan Rows": 173, "Plan Width": 4, "Actual Min Startup Time": 139.53, "Actual Max Startup Time": 139.53, "Actual Min Total Time": 154.227, "Actual Max Total Time": 154.227, "Plans": [{"Node Type": "Seq Scan", "Parent Relationship": "Outer", "Relation Name": "name", "Alias": "n", "Startup Cost": 0.0, "Total Cost": 64779.83, "Plan Rows": 173, "Plan Width": 4, "Actual Min Startup Time": 0.03, "Actual Max Startup Time": 0.847, "Actual Min Total Time": 25.6, "Actual Max Total Time": 30.16, "Filter": "(((name)::text ~~ '%Tim%'::text) AND ((gender)::text = 'm'::text))", "Rows Removed by Filter": 4158428, "Actual Rows": 9062}], "Actual Rows": 9062}, {"Node Type": "Bitmap Heap Scan", "Parent Relationship": "Inner", "Relation Name": "cast_info", "Alias": "ci", "Startup Cost": 4.39, "Total Cost": 76.19, "Plan Rows": 2, "Plan Width": 8, "Actual Min Startup Time": 119.719, "Actual Max Startup Time": 119.719, "Actual Min Total Time": 135.662, "Actual Max Total Time": 135.662, "Recheck Cond": "(person_id = n.id)", "Rows Removed by Index Recheck": 0, "Filter": "((note)::text = ANY ('{(producer),\"(executive producer)\"}'::text[]))", "Rows Removed by Filter": 89309, "Exact Heap Blocks": 13336, "Lossy Heap Blocks": 13336, "Plans": [{"Node Type": "Bitmap Index Scan", "Parent Relationship": "Outer", "Index Name": "person_id_cast_info", "Startup Cost": 0.0, "Total Cost": 4.38, "Plan Rows": 18, "Plan Width": 0, "Actual Min Startup Time": 51.093, "Actual Max Startup Time": 51.093, "Actual Min Total Time": 51.093, "Actual Max Total Time": 51.093, "Index Cond": "(person_id = n.id)", "Actual Rows": 96028}], "Actual Rows": 6719}], "Actual Rows": 6719}, {"Node Type": "Bitmap Heap Scan", "Parent Relationship": "Inner", "Relation Name": "movie_info", "Alias": "mi", "Startup Cost": 0.39, "Total Cost": 4.45, "Plan Rows": 5, "Plan Width": 50, "Actual Min Startup Time": 61.839, "Actual Max Startup Time": 61.839, "Actual Min Total Time": 144.856, "Actual Max Total Time": 144.856, "Recheck Cond": "(movie_id = ci.movie_id)", "Rows Removed by Index Recheck": 0, "Exact Heap Blocks": 40013, "Lossy Heap Blocks": 40013, "Plans": [{"Node Type": "Bitmap Index Scan", "Parent Relationship": "Outer", "Index Name": "movie_id_movie_info", "Startup Cost": 0.0, "Total Cost": 0.38, "Plan Rows": 5, "Plan Width": 0, "Actual Min Startup Time": 43.011, "Actual Max Startup Time": 43.011, "Actual Min Total Time": 43.011, "Actual Max Total Time": 43.011, "Index Cond": "(movie_id = ci.movie_id)", "Actual Rows": 95896}], "Actual Rows": 95896}], "Actual Rows": 95896}], "Actual Rows": 95897}], "Actual Rows": 699}, {"Node Type": "Bitmap Heap Scan", "Parent Relationship": "Inner", "Relation Name": "movie_info_idx", "Alias": "mi_idx", "Startup Cost": 0.27, "Total Cost": 4.29, "Plan Rows": 2, "Plan Width": 13, "Actual Min Startup Time": 5.445, "Actual Max Startup Time": 5.445, "Actual Min Total Time": 5.659, "Actual Max Total Time": 5.659, "Recheck Cond": "(movie_id = mi.movie_id)", "Rows Removed by Index Recheck": 0, "Exact Heap Blocks": 419, "Lossy Heap Blocks": 419, "Plans": [{"Node Type": "Bitmap Index Scan", "Parent Relationship": "Outer", "Index Name": "movie_id_movie_info_idx", "Startup Cost": 0.0, "Total Cost": 0.27, "Plan Rows": 2, "Plan Width": 0, "Actual Min Startup Time": 3.926, "Actual Max Startup Time": 3.926, "Actual Min Total Time": 3.926, "Actual Max Total Time": 3.926, "Index Cond": "(movie_id = mi.movie_id)", "Actual Rows": 1235}], "Actual Rows": 1235}], "Actual Rows": 1235}], "Actual Rows": 410}, {"Node Type": "Bitmap Heap Scan", "Parent Relationship": "Inner", "Relation Name": "title", "Alias": "t", "Startup Cost": 0.26, "Total Cost": 4.27, "Plan Rows": 1, "Plan Width": 21, "Actual Min Startup Time": 3.657, "Actual Max Startup Time": 3.657, "Actual Min Total Time": 3.657, "Actual Max Total Time": 3.657, "Recheck Cond": "(id = mi.movie_id)", "Rows Removed by Index Recheck": 0, "Exact Heap Blocks": 410, "Lossy Heap Blocks": 410, "Plans": [{"Node Type": "Bitmap Index Scan", "Parent Relationship": "Outer", "Index Name": "title_pkey", "Startup Cost": 0.0, "Total Cost": 0.26, "Plan Rows": 1, "Plan Width": 0, "Actual Min Startup Time": 2.28, "Actual Max Startup Time": 2.28, "Actual Min Total Time": 2.28, "Actual Max Total Time": 2.28, "Index Cond": "(id = mi.movie_id)", "Actual Rows": 410}], "Actual Rows": 410}], "Actual Rows": 410}], "Actual Rows": 1}, "Triggers": [], "Planner Runtime": 92.198, "Total Runtime": 566.553, "Unique SQL Id": 4264520866}}, "(64, '35')": {"explain_plan": {"Plan": {"Node Type": "Aggregate", "Strategy": "Plain", "Startup Cost": 211886.14, "Total Cost": 211886.15, "Plan Rows": 1, "Plan Width": 160, "Plans": [{"Node Type": "Nested Loop", "Parent Relationship": "Outer", "Join Type": "Inner", "Startup Cost": 83172.11, "Total Cost": 211886.07, "Plan Rows": 9, "Plan Width": 64, "Inner Unique": true, "Plans": [{"Node Type": "Nested Loop", "Parent Relationship": "Outer", "Join Type": "Inner", "Startup Cost": 83171.85, "Total Cost": 211847.52, "Plan Rows": 9, "Plan Width": 59, "Inner Unique": true, "Plans": [{"Node Type": "Nested Loop", "Parent Relationship": "Outer", "Join Type": "Inner", "Startup Cost": 83171.59, "Total Cost": 211701.91, "Plan Rows": 34, "Plan Width": 63, "Inner Unique": false, "Plans": [{"Node Type": "Nested Loop", "Parent Relationship": "Outer", "Join Type": "Inner", "Startup Cost": 83171.32, "Total Cost": 211607.05, "Plan Rows": 22, "Plan Width": 50, "Inner Unique": false, "Join Filter": "(mi.info_type_id = it1.id)", "Plans": [{"Node Type": "Bitmap Heap Scan", "Parent Relationship": "Outer", "Relation Name": "info_type", "Alias": "it1", "Startup Cost": 8.81, "Total Cost": 14.21, "Plan Rows": 1, "Plan Width": 4, "Filter": "((info)::text = 'budget'::text)", "Plans": [{"Node Type": "Bitmap Index Scan", "Parent Relationship": "Outer", "Index Name": "info_type_pkey", "Startup Cost": 0.0, "Total Cost": 8.81, "Plan Rows": 112, "Plan Width": 0}]}, {"Node Type": "Nested Loop", "Parent Relationship": "Inner", "Join Type": "Inner", "Startup Cost": 83162.51, "Total Cost": 211573.33, "Plan Rows": 1561, "Plan Width": 54, "Inner Unique": false, "Plans": [{"Node Type": "Nested Loop", "Parent Relationship": "Outer", "Join Type": "Inner", "Startup Cost": 83162.13, "Total Cost": 210250.93, "Plan Rows": 294, "Plan Width": 4, "Inner Unique": false, "Plans": [{"Node Type": "Bitmap Heap Scan", "Parent Relationship": "Outer", "Relation Name": "name", "Alias": "n", "Startup Cost": 83157.74, "Total Cost": 197067.09, "Plan Rows": 173, "Plan Width": 4, "Filter": "(((name)::text ~~ '%Tim%'::text) AND ((gender)::text = 'm'::text))", "Plans": [{"Node Type": "Bitmap Index Scan", "Parent Relationship": "Outer", "Index Name": "name_pkey", "Startup Cost": 0.0, "Total Cost": 83157.7, "Plan Rows": 4167490, "Plan Width": 0}]}, {"Node Type": "Bitmap Heap Scan", "Parent Relationship": "Inner", "Relation Name": "cast_info", "Alias": "ci", "Startup Cost": 4.39, "Total Cost": 76.19, "Plan Rows": 2, "Plan Width": 8, "Recheck Cond": "(person_id = n.id)", "Filter": "((note)::text = ANY ('{(producer),\"(executive producer)\"}'::text[]))", "Plans": [{"Node Type": "Bitmap Index Scan", "Parent Relationship": "Outer", "Index Name": "person_id_cast_info", "Startup Cost": 0.0, "Total Cost": 4.38, "Plan Rows": 18, "Plan Width": 0, "Index Cond": "(person_id = n.id)"}]}]}, {"Node Type": "Bitmap Heap Scan", "Parent Relationship": "Inner", "Relation Name": "movie_info", "Alias": "mi", "Startup Cost": 0.39, "Total Cost": 4.45, "Plan Rows": 5, "Plan Width": 50, "Recheck Cond": "(movie_id = ci.movie_id)", "Plans": [{"Node Type": "Bitmap Index Scan", "Parent Relationship": "Outer", "Index Name": "movie_id_movie_info", "Startup Cost": 0.0, "Total Cost": 0.38, "Plan Rows": 5, "Plan Width": 0, "Index Cond": "(movie_id = ci.movie_id)"}]}]}]}, {"Node Type": "Bitmap Heap Scan", "Parent Relationship": "Inner", "Relation Name": "movie_info_idx", "Alias": "mi_idx", "Startup Cost": 0.27, "Total Cost": 4.29, "Plan Rows": 2, "Plan Width": 13, "Recheck Cond": "(movie_id = mi.movie_id)", "Plans": [{"Node Type": "Bitmap Index Scan", "Parent Relationship": "Outer", "Index Name": "movie_id_movie_info_idx", "Startup Cost": 0.0, "Total Cost": 0.27, "Plan Rows": 2, "Plan Width": 0, "Index Cond": "(movie_id = mi.movie_id)"}]}]}, {"Node Type": "Bitmap Heap Scan", "Parent Relationship": "Inner", "Relation Name": "info_type", "Alias": "it2", "Startup Cost": 0.26, "Total Cost": 4.27, "Plan Rows": 1, "Plan Width": 4, "Recheck Cond": "(id = mi_idx.info_type_id)", "Filter": "((info)::text = 'votes'::text)", "Plans": [{"Node Type": "Bitmap Index Scan", "Parent Relationship": "Outer", "Index Name": "info_type_pkey", "Startup Cost": 0.0, "Total Cost": 0.26, "Plan Rows": 1, "Plan Width": 0, "Index Cond": "(id = mi_idx.info_type_id)"}]}]}, {"Node Type": "Bitmap Heap Scan", "Parent Relationship": "Inner", "Relation Name": "title", "Alias": "t", "Startup Cost": 0.26, "Total Cost": 4.27, "Plan Rows": 1, "Plan Width": 21, "Recheck Cond": "(id = mi.movie_id)", "Plans": [{"Node Type": "Bitmap Index Scan", "Parent Relationship": "Outer", "Index Name": "title_pkey", "Startup Cost": 0.0, "Total Cost": 0.26, "Plan Rows": 1, "Plan Width": 0, "Index Cond": "(id = mi.movie_id)"}]}]}]}, "Unique SQL Id": 4264520866, "Planner Runtime": 20}, "explain_analyze_plan": null}, "(64, '36')": {"explain_plan": {"Plan": {"Node Type": "Aggregate", "Strategy": "Plain", "Startup Cost": 72515.06, "Total Cost": 72515.07, "Plan Rows": 1, "Plan Width": 160, "Plans": [{"Node Type": "Nested Loop", "Parent Relationship": "Outer", "Join Type": "Inner", "Startup Cost": 0.0, "Total Cost": 72514.99, "Plan Rows": 9, "Plan Width": 64, "Inner Unique": true, "Plans": [{"Node Type": "Nested Loop", "Parent Relationship": "Outer", "Join Type": "Inner", "Startup Cost": 0.0, "Total Cost": 72512.36, "Plan Rows": 9, "Plan Width": 59, "Inner Unique": false, "Join Filter": "(mi_idx.info_type_id = it2.id)", "Plans": [{"Node Type": "Seq Scan", "Parent Relationship": "Outer", "Relation Name": "info_type", "Alias": "it2", "Startup Cost": 0.0, "Total Cost": 2.4, "Plan Rows": 1, "Plan Width": 4, "Filter": "((info)::text = 'votes'::text)"}, {"Node Type": "Nested Loop", "Parent Relationship": "Inner", "Join Type": "Inner", "Startup Cost": 0.0, "Total Cost": 72509.54, "Plan Rows": 34, "Plan Width": 63, "Inner Unique": false, "Plans": [{"Node Type": "Nested Loop", "Parent Relationship": "Outer", "Join Type": "Inner", "Startup Cost": 0.0, "Total Cost": 72467.91, "Plan Rows": 133, "Plan Width": 50, "Inner Unique": false, "Join Filter": "(mi.info_type_id = it1.id)", "Plans": [{"Node Type": "Seq Scan", "Parent Relationship": "Outer", "Relation Name": "info_type", "Alias": "it1", "Startup Cost": 0.0, "Total Cost": 2.4, "Plan Rows": 1, "Plan Width": 4, "Filter": "((info)::text = 'budget'::text)"}, {"Node Type": "Materialize", "Parent Relationship": "Inner", "Startup Cost": 0.0, "Total Cost": 72449.9, "Plan Rows": 1561, "Plan Width": 54, "Plans": [{"Node Type": "Nested Loop", "Parent Relationship": "Outer", "Join Type": "Inner", "Startup Cost": 0.0, "Total Cost": 72445.99, "Plan Rows": 1561, "Plan Width": 54, "Inner Unique": false, "Plans": [{"Node Type": "Nested Loop", "Parent Relationship": "Outer", "Join Type": "Inner", "Startup Cost": 0.0, "Total Cost": 72225.77, "Plan Rows": 294, "Plan Width": 4, "Inner Unique": false, "Plans": [{"Node Type": "Streaming(type: LOCAL GATHER dop: 1/64)", "Parent Relationship": "Outer", "Startup Cost": 0.0, "Total Cost": 64783.4, "Plan Rows": 173, "Plan Width": 4, "Plans": [{"Node Type": "Seq Scan", "Parent Relationship": "Outer", "Relation Name": "name", "Alias": "n", "Startup Cost": 0.0, "Total Cost": 64779.83, "Plan Rows": 173, "Plan Width": 4, "Filter": "(((name)::text ~~ '%Tim%'::text) AND ((gender)::text = 'm'::text))"}]}, {"Node Type": "Index Scan", "Parent Relationship": "Inner", "Scan Direction": "Forward", "Index Name": "person_id_cast_info", "Relation Name": "cast_info", "Alias": "ci", "Startup Cost": 0.0, "Total Cost": 43.0, "Plan Rows": 2, "Plan Width": 8, "Index Cond": "(person_id = n.id)", "Filter": "((note)::text = ANY ('{(producer),\"(executive producer)\"}'::text[]))"}]}, {"Node Type": "Index Scan", "Parent Relationship": "Inner", "Scan Direction": "Forward", "Index Name": "movie_id_movie_info", "Relation Name": "movie_info", "Alias": "mi", "Startup Cost": 0.0, "Total Cost": 0.7, "Plan Rows": 5, "Plan Width": 50, "Index Cond": "(movie_id = ci.movie_id)"}]}]}]}, {"Node Type": "Index Scan", "Parent Relationship": "Inner", "Scan Direction": "Forward", "Index Name": "movie_id_movie_info_idx", "Relation Name": "movie_info_idx", "Alias": "mi_idx", "Startup Cost": 0.0, "Total Cost": 0.29, "Plan Rows": 2, "Plan Width": 13, "Index Cond": "(movie_id = mi.movie_id)"}]}]}, {"Node Type": "Index Scan", "Parent Relationship": "Inner", "Scan Direction": "Forward", "Index Name": "title_pkey", "Relation Name": "title", "Alias": "t", "Startup Cost": 0.0, "Total Cost": 0.28, "Plan Rows": 1, "Plan Width": 21, "Index Cond": "(id = mi.movie_id)"}]}]}, "Unique SQL Id": 4264520866, "Planner Runtime": 62}, "explain_analyze_plan": {"Plan": {"Node Type": "Aggregate", "Strategy": "Plain", "Startup Cost": 72515.06, "Total Cost": 72515.07, "Plan Rows": 1, "Plan Width": 160, "Actual Min Startup Time": 423.6, "Actual Max Startup Time": 423.6, "Actual Min Total Time": 423.601, "Actual Max Total Time": 423.601, "Plans": [{"Node Type": "Nested Loop", "Parent Relationship": "Outer", "Join Type": "Inner", "Startup Cost": 0.0, "Total Cost": 72514.99, "Plan Rows": 9, "Plan Width": 64, "Actual Min Startup Time": 375.599, "Actual Max Startup Time": 375.599, "Actual Min Total Time": 423.168, "Actual Max Total Time": 423.168, "Inner Unique": true, "Plans": [{"Node Type": "Nested Loop", "Parent Relationship": "Outer", "Join Type": "Inner", "Startup Cost": 0.0, "Total Cost": 72512.36, "Plan Rows": 9, "Plan Width": 59, "Actual Min Startup Time": 375.583, "Actual Max Startup Time": 375.583, "Actual Min Total Time": 419.719, "Actual Max Total Time": 419.719, "Inner Unique": false, "Join Filter": "(mi_idx.info_type_id = it2.id)", "Rows Removed by Join Filter": 825, "Plans": [{"Node Type": "Seq Scan", "Parent Relationship": "Outer", "Relation Name": "info_type", "Alias": "it2", "Startup Cost": 0.0, "Total Cost": 2.4, "Plan Rows": 1, "Plan Width": 4, "Actual Min Startup Time": 0.082, "Actual Max Startup Time": 0.082, "Actual Min Total Time": 0.09, "Actual Max Total Time": 0.09, "Filter": "((info)::text = 'votes'::text)", "Rows Removed by Filter": 111, "Actual Rows": 1}, {"Node Type": "Nested Loop", "Parent Relationship": "Inner", "Join Type": "Inner", "Startup Cost": 0.0, "Total Cost": 72509.54, "Plan Rows": 34, "Plan Width": 63, "Actual Min Startup Time": 375.484, "Actual Max Startup Time": 375.484, "Actual Min Total Time": 417.291, "Actual Max Total Time": 417.291, "Inner Unique": false, "Plans": [{"Node Type": "Nested Loop", "Parent Relationship": "Outer", "Join Type": "Inner", "Startup Cost": 0.0, "Total Cost": 72467.91, "Plan Rows": 133, "Plan Width": 50, "Actual Min Startup Time": 375.468, "Actual Max Startup Time": 375.468, "Actual Min Total Time": 411.534, "Actual Max Total Time": 411.534, "Inner Unique": false, "Join Filter": "(mi.info_type_id = it1.id)", "Rows Removed by Join Filter": 95197, "Plans": [{"Node Type": "Seq Scan", "Parent Relationship": "Outer", "Relation Name": "info_type", "Alias": "it1", "Startup Cost": 0.0, "Total Cost": 2.4, "Plan Rows": 1, "Plan Width": 4, "Actual Min Startup Time": 0.056, "Actual Max Startup Time": 0.056, "Actual Min Total Time": 0.065, "Actual Max Total Time": 0.065, "Filter": "((info)::text = 'budget'::text)", "Rows Removed by Filter": 111, "Actual Rows": 1}, {"Node Type": "Materialize", "Parent Relationship": "Inner", "Startup Cost": 0.0, "Total Cost": 72449.9, "Plan Rows": 1561, "Plan Width": 54, "Actual Min Startup Time": 375.396, "Actual Max Startup Time": 375.396, "Actual Min Total Time": 387.281, "Actual Max Total Time": 387.281, "Plans": [{"Node Type": "Nested Loop", "Parent Relationship": "Outer", "Join Type": "Inner", "Startup Cost": 0.0, "Total Cost": 72445.99, "Plan Rows": 1561, "Plan Width": 54, "Actual Min Startup Time": 42.926, "Actual Max Startup Time": 42.926, "Actual Min Total Time": 347.775, "Actual Max Total Time": 347.775, "Inner Unique": false, "Plans": [{"Node Type": "Nested Loop", "Parent Relationship": "Outer", "Join Type": "Inner", "Startup Cost": 0.0, "Total Cost": 72225.77, "Plan Rows": 294, "Plan Width": 4, "Actual Min Startup Time": 42.908, "Actual Max Startup Time": 42.908, "Actual Min Total Time": 198.956, "Actual Max Total Time": 198.956, "Inner Unique": false, "Plans": [{"Node Type": "Streaming(type: LOCAL GATHER dop: 1/64)", "Parent Relationship": "Outer", "Startup Cost": 0.0, "Total Cost": 64783.4, "Plan Rows": 173, "Plan Width": 4, "Actual Min Startup Time": 42.663, "Actual Max Startup Time": 42.663, "Actual Min Total Time": 67.339, "Actual Max Total Time": 67.339, "Plans": [{"Node Type": "Seq Scan", "Parent Relationship": "Outer", "Relation Name": "name", "Alias": "n", "Startup Cost": 0.0, "Total Cost": 64779.83, "Plan Rows": 173, "Plan Width": 4, "Actual Min Startup Time": 0.025, "Actual Max Startup Time": 0.853, "Actual Min Total Time": 25.433, "Actual Max Total Time": 29.531, "Filter": "(((name)::text ~~ '%Tim%'::text) AND ((gender)::text = 'm'::text))", "Rows Removed by Filter": 4158428, "Actual Rows": 9062}], "Actual Rows": 9062}, {"Node Type": "Index Scan", "Parent Relationship": "Inner", "Scan Direction": "Forward", "Index Name": "person_id_cast_info", "Relation Name": "cast_info", "Alias": "ci", "Startup Cost": 0.0, "Total Cost": 43.0, "Plan Rows": 2, "Plan Width": 8, "Actual Min Startup Time": 106.014, "Actual Max Startup Time": 106.014, "Actual Min Total Time": 125.322, "Actual Max Total Time": 125.322, "Index Cond": "(person_id = n.id)", "Rows Removed by Index Recheck": 0, "Filter": "((note)::text = ANY ('{(producer),\"(executive producer)\"}'::text[]))", "Rows Removed by Filter": 89309, "Actual Rows": 6719}], "Actual Rows": 6719}, {"Node Type": "Index Scan", "Parent Relationship": "Inner", "Scan Direction": "Forward", "Index Name": "movie_id_movie_info", "Relation Name": "movie_info", "Alias": "mi", "Startup Cost": 0.0, "Total Cost": 0.7, "Plan Rows": 5, "Plan Width": 50, "Actual Min Startup Time": 39.752, "Actual Max Startup Time": 39.752, "Actual Min Total Time": 124.275, "Actual Max Total Time": 124.275, "Index Cond": "(movie_id = ci.movie_id)", "Rows Removed by Index Recheck": 0, "Actual Rows": 95896}], "Actual Rows": 95896}], "Actual Rows": 95897}], "Actual Rows": 699}, {"Node Type": "Index Scan", "Parent Relationship": "Inner", "Scan Direction": "Forward", "Index Name": "movie_id_movie_info_idx", "Relation Name": "movie_info_idx", "Alias": "mi_idx", "Startup Cost": 0.0, "Total Cost": 0.29, "Plan Rows": 2, "Plan Width": 13, "Actual Min Startup Time": 4.566, "Actual Max Startup Time": 4.566, "Actual Min Total Time": 5.101, "Actual Max Total Time": 5.101, "Index Cond": "(movie_id = mi.movie_id)", "Rows Removed by Index Recheck": 0, "Actual Rows": 1235}], "Actual Rows": 1235}], "Actual Rows": 410}, {"Node Type": "Index Scan", "Parent Relationship": "Inner", "Scan Direction": "Forward", "Index Name": "title_pkey", "Relation Name": "title", "Alias": "t", "Startup Cost": 0.0, "Total Cost": 0.28, "Plan Rows": 1, "Plan Width": 21, "Actual Min Startup Time": 3.129, "Actual Max Startup Time": 3.129, "Actual Min Total Time": 3.129, "Actual Max Total Time": 3.129, "Index Cond": "(id = mi.movie_id)", "Rows Removed by Index Recheck": 0, "Actual Rows": 410}], "Actual Rows": 410}], "Actual Rows": 1}, "Triggers": [], "Planner Runtime": 80.042, "Total Runtime": 435.075, "Unique SQL Id": 4264520866}}, "(64, '37')": {"explain_plan": {"Plan": {"Node Type": "Aggregate", "Strategy": "Plain", "Startup Cost": 204687.88, "Total Cost": 204687.89, "Plan Rows": 1, "Plan Width": 160, "Plans": [{"Node Type": "Nested Loop", "Parent Relationship": "Outer", "Join Type": "Inner", "Startup Cost": 0.0, "Total Cost": 204687.82, "Plan Rows": 9, "Plan Width": 64, "Inner Unique": true, "Plans": [{"Node Type": "Nested Loop", "Parent Relationship": "Outer", "Join Type": "Inner", "Startup Cost": 0.0, "Total Cost": 204685.19, "Plan Rows": 9, "Plan Width": 59, "Inner Unique": false, "Join Filter": "(mi.info_type_id = it1.id)", "Plans": [{"Node Type": "Index Scan", "Parent Relationship": "Outer", "Scan Direction": "Forward", "Index Name": "info_type_pkey", "Relation Name": "info_type", "Alias": "it1", "Startup Cost": 0.0, "Total Cost": 14.21, "Plan Rows": 1, "Plan Width": 4, "Filter": "((info)::text = 'budget'::text)"}, {"Node Type": "Nested Loop", "Parent Relationship": "Inner", "Join Type": "Inner", "Startup Cost": 0.0, "Total Cost": 204667.49, "Plan Rows": 279, "Plan Width": 63, "Inner Unique": false, "Join Filter": "(mi_idx.movie_id = mi.movie_id)", "Plans": [{"Node Type": "Nested Loop", "Parent Relationship": "Outer", "Join Type": "Inner", "Startup Cost": 0.0, "Total Cost": 204627.89, "Plan Rows": 52, "Plan Width": 13, "Inner Unique": false, "Join Filter": "(mi_idx.info_type_id = it2.id)", "Plans": [{"Node Type": "Index Scan", "Parent Relationship": "Outer", "Scan Direction": "Forward", "Index Name": "info_type_pkey", "Relation Name": "info_type", "Alias": "it2", "Startup Cost": 0.0, "Total Cost": 14.21, "Plan Rows": 1, "Plan Width": 4, "Filter": "((info)::text = 'votes'::text)"}, {"Node Type": "Nested Loop", "Parent Relationship": "Inner", "Join Type": "Inner", "Startup Cost": 0.0, "Total Cost": 204609.36, "Plan Rows": 346, "Plan Width": 17, "Inner Unique": false, "Plans": [{"Node Type": "Nested Loop", "Parent Relationship": "Outer", "Join Type": "Inner", "Startup Cost": 0.0, "Total Cost": 204512.56, "Plan Rows": 294, "Plan Width": 4, "Inner Unique": false, "Plans": [{"Node Type": "Index Scan", "Parent Relationship": "Outer", "Scan Direction": "Forward", "Index Name": "name_pkey", "Relation Name": "name", "Alias": "n", "Startup Cost": 0.0, "Total Cost": 197070.2, "Plan Rows": 173, "Plan Width": 4, "Filter": "(((name)::text ~~ '%Tim%'::text) AND ((gender)::text = 'm'::text))"}, {"Node Type": "Index Scan", "Parent Relationship": "Inner", "Scan Direction": "Forward", "Index Name": "person_id_cast_info", "Relation Name": "cast_info", "Alias": "ci", "Startup Cost": 0.0, "Total Cost": 43.0, "Plan Rows": 2, "Plan Width": 8, "Index Cond": "(person_id = n.id)", "Filter": "((note)::text = ANY ('{(producer),\"(executive producer)\"}'::text[]))"}]}, {"Node Type": "Index Scan", "Parent Relationship": "Inner", "Scan Direction": "Forward", "Index Name": "movie_id_movie_info_idx", "Relation Name": "movie_info_idx", "Alias": "mi_idx", "Startup Cost": 0.0, "Total Cost": 0.31, "Plan Rows": 2, "Plan Width": 13, "Index Cond": "(movie_id = ci.movie_id)"}]}]}, {"Node Type": "Index Scan", "Parent Relationship": "Inner", "Scan Direction": "Forward", "Index Name": "movie_id_movie_info", "Relation Name": "movie_info", "Alias": "mi", "Startup Cost": 0.0, "Total Cost": 0.7, "Plan Rows": 5, "Plan Width": 50, "Index Cond": "(movie_id = ci.movie_id)"}]}]}, {"Node Type": "Index Scan", "Parent Relationship": "Inner", "Scan Direction": "Forward", "Index Name": "title_pkey", "Relation Name": "title", "Alias": "t", "Startup Cost": 0.0, "Total Cost": 0.28, "Plan Rows": 1, "Plan Width": 21, "Index Cond": "(id = mi.movie_id)"}]}]}, "Unique SQL Id": 4264520866, "Planner Runtime": 29}, "explain_analyze_plan": null}, "(64, '38')": {"explain_plan": {"Plan": {"Node Type": "Aggregate", "Strategy": "Plain", "Startup Cost": 79926.46, "Total Cost": 79926.47, "Plan Rows": 1, "Plan Width": 160, "Plans": [{"Node Type": "Nested Loop", "Parent Relationship": "Outer", "Join Type": "Inner", "Startup Cost": 5.3, "Total Cost": 79926.39, "Plan Rows": 9, "Plan Width": 64, "Inner Unique": true, "Plans": [{"Node Type": "Nested Loop", "Parent Relationship": "Outer", "Join Type": "Inner", "Startup Cost": 5.04, "Total Cost": 79887.84, "Plan Rows": 9, "Plan Width": 59, "Inner Unique": false, "Join Filter": "(mi_idx.info_type_id = it2.id)", "Plans": [{"Node Type": "Seq Scan", "Parent Relationship": "Outer", "Relation Name": "info_type", "Alias": "it2", "Startup Cost": 0.0, "Total Cost": 2.4, "Plan Rows": 1, "Plan Width": 4, "Filter": "((info)::text = 'votes'::text)"}, {"Node Type": "Nested Loop", "Parent Relationship": "Inner", "Join Type": "Inner", "Startup Cost": 5.04, "Total Cost": 79885.02, "Plan Rows": 34, "Plan Width": 63, "Inner Unique": false, "Plans": [{"Node Type": "Nested Loop", "Parent Relationship": "Outer", "Join Type": "Inner", "Startup Cost": 4.77, "Total Cost": 79311.55, "Plan Rows": 133, "Plan Width": 50, "Inner Unique": false, "Join Filter": "(mi.info_type_id = it1.id)", "Plans": [{"Node Type": "Seq Scan", "Parent Relationship": "Outer", "Relation Name": "info_type", "Alias": "it1", "Startup Cost": 0.0, "Total Cost": 2.4, "Plan Rows": 1, "Plan Width": 4, "Filter": "((info)::text = 'budget'::text)"}, {"Node Type": "Materialize", "Parent Relationship": "Inner", "Startup Cost": 4.77, "Total Cost": 79293.54, "Plan Rows": 1561, "Plan Width": 54, "Plans": [{"Node Type": "Nested Loop", "Parent Relationship": "Outer", "Join Type": "Inner", "Startup Cost": 4.77, "Total Cost": 79289.64, "Plan Rows": 1561, "Plan Width": 54, "Inner Unique": false, "Plans": [{"Node Type": "Nested Loop", "Parent Relationship": "Outer", "Join Type": "Inner", "Startup Cost": 4.39, "Total Cost": 77967.24, "Plan Rows": 294, "Plan Width": 4, "Inner Unique": false, "Plans": [{"Node Type": "Streaming(type: LOCAL GATHER dop: 1/64)", "Parent Relationship": "Outer", "Startup Cost": 0.0, "Total Cost": 64783.4, "Plan Rows": 173, "Plan Width": 4, "Plans": [{"Node Type": "Seq Scan", "Parent Relationship": "Outer", "Relation Name": "name", "Alias": "n", "Startup Cost": 0.0, "Total Cost": 64779.83, "Plan Rows": 173, "Plan Width": 4, "Filter": "(((name)::text ~~ '%Tim%'::text) AND ((gender)::text = 'm'::text))"}]}, {"Node Type": "Bitmap Heap Scan", "Parent Relationship": "Inner", "Relation Name": "cast_info", "Alias": "ci", "Startup Cost": 4.39, "Total Cost": 76.19, "Plan Rows": 2, "Plan Width": 8, "Recheck Cond": "(person_id = n.id)", "Filter": "((note)::text = ANY ('{(producer),\"(executive producer)\"}'::text[]))", "Plans": [{"Node Type": "Bitmap Index Scan", "Parent Relationship": "Outer", "Index Name": "person_id_cast_info", "Startup Cost": 0.0, "Total Cost": 4.38, "Plan Rows": 18, "Plan Width": 0, "Index Cond": "(person_id = n.id)"}]}]}, {"Node Type": "Bitmap Heap Scan", "Parent Relationship": "Inner", "Relation Name": "movie_info", "Alias": "mi", "Startup Cost": 0.39, "Total Cost": 4.45, "Plan Rows": 5, "Plan Width": 50, "Recheck Cond": "(movie_id = ci.movie_id)", "Plans": [{"Node Type": "Bitmap Index Scan", "Parent Relationship": "Outer", "Index Name": "movie_id_movie_info", "Startup Cost": 0.0, "Total Cost": 0.38, "Plan Rows": 5, "Plan Width": 0, "Index Cond": "(movie_id = ci.movie_id)"}]}]}]}]}, {"Node Type": "Bitmap Heap Scan", "Parent Relationship": "Inner", "Relation Name": "movie_info_idx", "Alias": "mi_idx", "Startup Cost": 0.27, "Total Cost": 4.29, "Plan Rows": 2, "Plan Width": 13, "Recheck Cond": "(movie_id = mi.movie_id)", "Plans": [{"Node Type": "Bitmap Index Scan", "Parent Relationship": "Outer", "Index Name": "movie_id_movie_info_idx", "Startup Cost": 0.0, "Total Cost": 0.27, "Plan Rows": 2, "Plan Width": 0, "Index Cond": "(movie_id = mi.movie_id)"}]}]}]}, {"Node Type": "Bitmap Heap Scan", "Parent Relationship": "Inner", "Relation Name": "title", "Alias": "t", "Startup Cost": 0.26, "Total Cost": 4.27, "Plan Rows": 1, "Plan Width": 21, "Recheck Cond": "(id = mi.movie_id)", "Plans": [{"Node Type": "Bitmap Index Scan", "Parent Relationship": "Outer", "Index Name": "title_pkey", "Startup Cost": 0.0, "Total Cost": 0.26, "Plan Rows": 1, "Plan Width": 0, "Index Cond": "(id = mi.movie_id)"}]}]}]}, "Unique SQL Id": 4264520866, "Planner Runtime": 79}, "explain_analyze_plan": {"Plan": {"Node Type": "Aggregate", "Strategy": "Plain", "Startup Cost": 79926.46, "Total Cost": 79926.47, "Plan Rows": 1, "Plan Width": 160, "Actual Min Startup Time": 553.006, "Actual Max Startup Time": 553.006, "Actual Min Total Time": 553.006, "Actual Max Total Time": 553.006, "Plans": [{"Node Type": "Nested Loop", "Parent Relationship": "Outer", "Join Type": "Inner", "Startup Cost": 5.3, "Total Cost": 79926.39, "Plan Rows": 9, "Plan Width": 64, "Actual Min Startup Time": 502.54, "Actual Max Startup Time": 502.54, "Actual Min Total Time": 552.518, "Actual Max Total Time": 552.518, "Inner Unique": true, "Plans": [{"Node Type": "Nested Loop", "Parent Relationship": "Outer", "Join Type": "Inner", "Startup Cost": 5.04, "Total Cost": 79887.84, "Plan Rows": 9, "Plan Width": 59, "Actual Min Startup Time": 502.512, "Actual Max Startup Time": 502.512, "Actual Min Total Time": 548.303, "Actual Max Total Time": 548.303, "Inner Unique": false, "Join Filter": "(mi_idx.info_type_id = it2.id)", "Rows Removed by Join Filter": 825, "Plans": [{"Node Type": "Seq Scan", "Parent Relationship": "Outer", "Relation Name": "info_type", "Alias": "it2", "Startup Cost": 0.0, "Total Cost": 2.4, "Plan Rows": 1, "Plan Width": 4, "Actual Min Startup Time": 0.111, "Actual Max Startup Time": 0.111, "Actual Min Total Time": 0.118, "Actual Max Total Time": 0.118, "Filter": "((info)::text = 'votes'::text)", "Rows Removed by Filter": 111, "Actual Rows": 1}, {"Node Type": "Nested Loop", "Parent Relationship": "Inner", "Join Type": "Inner", "Startup Cost": 5.04, "Total Cost": 79885.02, "Plan Rows": 34, "Plan Width": 63, "Actual Min Startup Time": 502.382, "Actual Max Startup Time": 502.382, "Actual Min Total Time": 545.73, "Actual Max Total Time": 545.73, "Inner Unique": false, "Plans": [{"Node Type": "Nested Loop", "Parent Relationship": "Outer", "Join Type": "Inner", "Startup Cost": 4.77, "Total Cost": 79311.55, "Plan Rows": 133, "Plan Width": 50, "Actual Min Startup Time": 502.311, "Actual Max Startup Time": 502.311, "Actual Min Total Time": 538.947, "Actual Max Total Time": 538.947, "Inner Unique": false, "Join Filter": "(mi.info_type_id = it1.id)", "Rows Removed by Join Filter": 95197, "Plans": [{"Node Type": "Seq Scan", "Parent Relationship": "Outer", "Relation Name": "info_type", "Alias": "it1", "Startup Cost": 0.0, "Total Cost": 2.4, "Plan Rows": 1, "Plan Width": 4, "Actual Min Startup Time": 0.072, "Actual Max Startup Time": 0.072, "Actual Min Total Time": 0.083, "Actual Max Total Time": 0.083, "Filter": "((info)::text = 'budget'::text)", "Rows Removed by Filter": 111, "Actual Rows": 1}, {"Node Type": "Materialize", "Parent Relationship": "Inner", "Startup Cost": 4.77, "Total Cost": 79293.54, "Plan Rows": 1561, "Plan Width": 54, "Actual Min Startup Time": 502.224, "Actual Max Startup Time": 502.224, "Actual Min Total Time": 514.286, "Actual Max Total Time": 514.286, "Plans": [{"Node Type": "Nested Loop", "Parent Relationship": "Outer", "Join Type": "Inner", "Startup Cost": 4.77, "Total Cost": 79289.64, "Plan Rows": 1561, "Plan Width": 54, "Actual Min Startup Time": 139.749, "Actual Max Startup Time": 139.749, "Actual Min Total Time": 475.605, "Actual Max Total Time": 475.605, "Inner Unique": false, "Plans": [{"Node Type": "Nested Loop", "Parent Relationship": "Outer", "Join Type": "Inner", "Startup Cost": 4.39, "Total Cost": 77967.24, "Plan Rows": 294, "Plan Width": 4, "Actual Min Startup Time": 139.713, "Actual Max Startup Time": 139.713, "Actual Min Total Time": 302.456, "Actual Max Total Time": 302.456, "Inner Unique": false, "Plans": [{"Node Type": "Streaming(type: LOCAL GATHER dop: 1/64)", "Parent Relationship": "Outer", "Startup Cost": 0.0, "Total Cost": 64783.4, "Plan Rows": 173, "Plan Width": 4, "Actual Min Startup Time": 139.53, "Actual Max Startup Time": 139.53, "Actual Min Total Time": 154.227, "Actual Max Total Time": 154.227, "Plans": [{"Node Type": "Seq Scan", "Parent Relationship": "Outer", "Relation Name": "name", "Alias": "n", "Startup Cost": 0.0, "Total Cost": 64779.83, "Plan Rows": 173, "Plan Width": 4, "Actual Min Startup Time": 0.03, "Actual Max Startup Time": 0.847, "Actual Min Total Time": 25.6, "Actual Max Total Time": 30.16, "Filter": "(((name)::text ~~ '%Tim%'::text) AND ((gender)::text = 'm'::text))", "Rows Removed by Filter": 4158428, "Actual Rows": 9062}], "Actual Rows": 9062}, {"Node Type": "Bitmap Heap Scan", "Parent Relationship": "Inner", "Relation Name": "cast_info", "Alias": "ci", "Startup Cost": 4.39, "Total Cost": 76.19, "Plan Rows": 2, "Plan Width": 8, "Actual Min Startup Time": 119.719, "Actual Max Startup Time": 119.719, "Actual Min Total Time": 135.662, "Actual Max Total Time": 135.662, "Recheck Cond": "(person_id = n.id)", "Rows Removed by Index Recheck": 0, "Filter": "((note)::text = ANY ('{(producer),\"(executive producer)\"}'::text[]))", "Rows Removed by Filter": 89309, "Exact Heap Blocks": 13336, "Lossy Heap Blocks": 13336, "Plans": [{"Node Type": "Bitmap Index Scan", "Parent Relationship": "Outer", "Index Name": "person_id_cast_info", "Startup Cost": 0.0, "Total Cost": 4.38, "Plan Rows": 18, "Plan Width": 0, "Actual Min Startup Time": 51.093, "Actual Max Startup Time": 51.093, "Actual Min Total Time": 51.093, "Actual Max Total Time": 51.093, "Index Cond": "(person_id = n.id)", "Actual Rows": 96028}], "Actual Rows": 6719}], "Actual Rows": 6719}, {"Node Type": "Bitmap Heap Scan", "Parent Relationship": "Inner", "Relation Name": "movie_info", "Alias": "mi", "Startup Cost": 0.39, "Total Cost": 4.45, "Plan Rows": 5, "Plan Width": 50, "Actual Min Startup Time": 61.839, "Actual Max Startup Time": 61.839, "Actual Min Total Time": 144.856, "Actual Max Total Time": 144.856, "Recheck Cond": "(movie_id = ci.movie_id)", "Rows Removed by Index Recheck": 0, "Exact Heap Blocks": 40013, "Lossy Heap Blocks": 40013, "Plans": [{"Node Type": "Bitmap Index Scan", "Parent Relationship": "Outer", "Index Name": "movie_id_movie_info", "Startup Cost": 0.0, "Total Cost": 0.38, "Plan Rows": 5, "Plan Width": 0, "Actual Min Startup Time": 43.011, "Actual Max Startup Time": 43.011, "Actual Min Total Time": 43.011, "Actual Max Total Time": 43.011, "Index Cond": "(movie_id = ci.movie_id)", "Actual Rows": 95896}], "Actual Rows": 95896}], "Actual Rows": 95896}], "Actual Rows": 95897}], "Actual Rows": 699}, {"Node Type": "Bitmap Heap Scan", "Parent Relationship": "Inner", "Relation Name": "movie_info_idx", "Alias": "mi_idx", "Startup Cost": 0.27, "Total Cost": 4.29, "Plan Rows": 2, "Plan Width": 13, "Actual Min Startup Time": 5.445, "Actual Max Startup Time": 5.445, "Actual Min Total Time": 5.659, "Actual Max Total Time": 5.659, "Recheck Cond": "(movie_id = mi.movie_id)", "Rows Removed by Index Recheck": 0, "Exact Heap Blocks": 419, "Lossy Heap Blocks": 419, "Plans": [{"Node Type": "Bitmap Index Scan", "Parent Relationship": "Outer", "Index Name": "movie_id_movie_info_idx", "Startup Cost": 0.0, "Total Cost": 0.27, "Plan Rows": 2, "Plan Width": 0, "Actual Min Startup Time": 3.926, "Actual Max Startup Time": 3.926, "Actual Min Total Time": 3.926, "Actual Max Total Time": 3.926, "Index Cond": "(movie_id = mi.movie_id)", "Actual Rows": 1235}], "Actual Rows": 1235}], "Actual Rows": 1235}], "Actual Rows": 410}, {"Node Type": "Bitmap Heap Scan", "Parent Relationship": "Inner", "Relation Name": "title", "Alias": "t", "Startup Cost": 0.26, "Total Cost": 4.27, "Plan Rows": 1, "Plan Width": 21, "Actual Min Startup Time": 3.657, "Actual Max Startup Time": 3.657, "Actual Min Total Time": 3.657, "Actual Max Total Time": 3.657, "Recheck Cond": "(id = mi.movie_id)", "Rows Removed by Index Recheck": 0, "Exact Heap Blocks": 410, "Lossy Heap Blocks": 410, "Plans": [{"Node Type": "Bitmap Index Scan", "Parent Relationship": "Outer", "Index Name": "title_pkey", "Startup Cost": 0.0, "Total Cost": 0.26, "Plan Rows": 1, "Plan Width": 0, "Actual Min Startup Time": 2.28, "Actual Max Startup Time": 2.28, "Actual Min Total Time": 2.28, "Actual Max Total Time": 2.28, "Index Cond": "(id = mi.movie_id)", "Actual Rows": 410}], "Actual Rows": 410}], "Actual Rows": 410}], "Actual Rows": 1}, "Triggers": [], "Planner Runtime": 92.198, "Total Runtime": 566.553, "Unique SQL Id": 4264520866}}, "(64, '39')": {"explain_plan": {"Plan": {"Node Type": "Aggregate", "Strategy": "Plain", "Startup Cost": 211886.14, "Total Cost": 211886.15, "Plan Rows": 1, "Plan Width": 160, "Plans": [{"Node Type": "Nested Loop", "Parent Relationship": "Outer", "Join Type": "Inner", "Startup Cost": 83172.11, "Total Cost": 211886.07, "Plan Rows": 9, "Plan Width": 64, "Inner Unique": true, "Plans": [{"Node Type": "Nested Loop", "Parent Relationship": "Outer", "Join Type": "Inner", "Startup Cost": 83171.85, "Total Cost": 211847.52, "Plan Rows": 9, "Plan Width": 59, "Inner Unique": true, "Plans": [{"Node Type": "Nested Loop", "Parent Relationship": "Outer", "Join Type": "Inner", "Startup Cost": 83171.59, "Total Cost": 211701.91, "Plan Rows": 34, "Plan Width": 63, "Inner Unique": false, "Plans": [{"Node Type": "Nested Loop", "Parent Relationship": "Outer", "Join Type": "Inner", "Startup Cost": 83171.32, "Total Cost": 211607.05, "Plan Rows": 22, "Plan Width": 50, "Inner Unique": false, "Join Filter": "(mi.info_type_id = it1.id)", "Plans": [{"Node Type": "Bitmap Heap Scan", "Parent Relationship": "Outer", "Relation Name": "info_type", "Alias": "it1", "Startup Cost": 8.81, "Total Cost": 14.21, "Plan Rows": 1, "Plan Width": 4, "Filter": "((info)::text = 'budget'::text)", "Plans": [{"Node Type": "Bitmap Index Scan", "Parent Relationship": "Outer", "Index Name": "info_type_pkey", "Startup Cost": 0.0, "Total Cost": 8.81, "Plan Rows": 112, "Plan Width": 0}]}, {"Node Type": "Nested Loop", "Parent Relationship": "Inner", "Join Type": "Inner", "Startup Cost": 83162.51, "Total Cost": 211573.33, "Plan Rows": 1561, "Plan Width": 54, "Inner Unique": false, "Plans": [{"Node Type": "Nested Loop", "Parent Relationship": "Outer", "Join Type": "Inner", "Startup Cost": 83162.13, "Total Cost": 210250.93, "Plan Rows": 294, "Plan Width": 4, "Inner Unique": false, "Plans": [{"Node Type": "Bitmap Heap Scan", "Parent Relationship": "Outer", "Relation Name": "name", "Alias": "n", "Startup Cost": 83157.74, "Total Cost": 197067.09, "Plan Rows": 173, "Plan Width": 4, "Filter": "(((name)::text ~~ '%Tim%'::text) AND ((gender)::text = 'm'::text))", "Plans": [{"Node Type": "Bitmap Index Scan", "Parent Relationship": "Outer", "Index Name": "name_pkey", "Startup Cost": 0.0, "Total Cost": 83157.7, "Plan Rows": 4167490, "Plan Width": 0}]}, {"Node Type": "Bitmap Heap Scan", "Parent Relationship": "Inner", "Relation Name": "cast_info", "Alias": "ci", "Startup Cost": 4.39, "Total Cost": 76.19, "Plan Rows": 2, "Plan Width": 8, "Recheck Cond": "(person_id = n.id)", "Filter": "((note)::text = ANY ('{(producer),\"(executive producer)\"}'::text[]))", "Plans": [{"Node Type": "Bitmap Index Scan", "Parent Relationship": "Outer", "Index Name": "person_id_cast_info", "Startup Cost": 0.0, "Total Cost": 4.38, "Plan Rows": 18, "Plan Width": 0, "Index Cond": "(person_id = n.id)"}]}]}, {"Node Type": "Bitmap Heap Scan", "Parent Relationship": "Inner", "Relation Name": "movie_info", "Alias": "mi", "Startup Cost": 0.39, "Total Cost": 4.45, "Plan Rows": 5, "Plan Width": 50, "Recheck Cond": "(movie_id = ci.movie_id)", "Plans": [{"Node Type": "Bitmap Index Scan", "Parent Relationship": "Outer", "Index Name": "movie_id_movie_info", "Startup Cost": 0.0, "Total Cost": 0.38, "Plan Rows": 5, "Plan Width": 0, "Index Cond": "(movie_id = ci.movie_id)"}]}]}]}, {"Node Type": "Bitmap Heap Scan", "Parent Relationship": "Inner", "Relation Name": "movie_info_idx", "Alias": "mi_idx", "Startup Cost": 0.27, "Total Cost": 4.29, "Plan Rows": 2, "Plan Width": 13, "Recheck Cond": "(movie_id = mi.movie_id)", "Plans": [{"Node Type": "Bitmap Index Scan", "Parent Relationship": "Outer", "Index Name": "movie_id_movie_info_idx", "Startup Cost": 0.0, "Total Cost": 0.27, "Plan Rows": 2, "Plan Width": 0, "Index Cond": "(movie_id = mi.movie_id)"}]}]}, {"Node Type": "Bitmap Heap Scan", "Parent Relationship": "Inner", "Relation Name": "info_type", "Alias": "it2", "Startup Cost": 0.26, "Total Cost": 4.27, "Plan Rows": 1, "Plan Width": 4, "Recheck Cond": "(id = mi_idx.info_type_id)", "Filter": "((info)::text = 'votes'::text)", "Plans": [{"Node Type": "Bitmap Index Scan", "Parent Relationship": "Outer", "Index Name": "info_type_pkey", "Startup Cost": 0.0, "Total Cost": 0.26, "Plan Rows": 1, "Plan Width": 0, "Index Cond": "(id = mi_idx.info_type_id)"}]}]}, {"Node Type": "Bitmap Heap Scan", "Parent Relationship": "Inner", "Relation Name": "title", "Alias": "t", "Startup Cost": 0.26, "Total Cost": 4.27, "Plan Rows": 1, "Plan Width": 21, "Recheck Cond": "(id = mi.movie_id)", "Plans": [{"Node Type": "Bitmap Index Scan", "Parent Relationship": "Outer", "Index Name": "title_pkey", "Startup Cost": 0.0, "Total Cost": 0.26, "Plan Rows": 1, "Plan Width": 0, "Index Cond": "(id = mi.movie_id)"}]}]}]}, "Unique SQL Id": 4264520866, "Planner Runtime": 20}, "explain_analyze_plan": null}, "(64, '40')": {"explain_plan": {"Plan": {"Node Type": "Aggregate", "Strategy": "Plain", "Startup Cost": 72515.06, "Total Cost": 72515.07, "Plan Rows": 1, "Plan Width": 160, "Plans": [{"Node Type": "Nested Loop", "Parent Relationship": "Outer", "Join Type": "Inner", "Startup Cost": 0.0, "Total Cost": 72514.99, "Plan Rows": 9, "Plan Width": 64, "Inner Unique": true, "Plans": [{"Node Type": "Nested Loop", "Parent Relationship": "Outer", "Join Type": "Inner", "Startup Cost": 0.0, "Total Cost": 72512.36, "Plan Rows": 9, "Plan Width": 59, "Inner Unique": false, "Join Filter": "(mi_idx.info_type_id = it2.id)", "Plans": [{"Node Type": "Seq Scan", "Parent Relationship": "Outer", "Relation Name": "info_type", "Alias": "it2", "Startup Cost": 0.0, "Total Cost": 2.4, "Plan Rows": 1, "Plan Width": 4, "Filter": "((info)::text = 'votes'::text)"}, {"Node Type": "Nested Loop", "Parent Relationship": "Inner", "Join Type": "Inner", "Startup Cost": 0.0, "Total Cost": 72509.54, "Plan Rows": 34, "Plan Width": 63, "Inner Unique": false, "Plans": [{"Node Type": "Nested Loop", "Parent Relationship": "Outer", "Join Type": "Inner", "Startup Cost": 0.0, "Total Cost": 72467.91, "Plan Rows": 133, "Plan Width": 50, "Inner Unique": false, "Join Filter": "(mi.info_type_id = it1.id)", "Plans": [{"Node Type": "Seq Scan", "Parent Relationship": "Outer", "Relation Name": "info_type", "Alias": "it1", "Startup Cost": 0.0, "Total Cost": 2.4, "Plan Rows": 1, "Plan Width": 4, "Filter": "((info)::text = 'budget'::text)"}, {"Node Type": "Materialize", "Parent Relationship": "Inner", "Startup Cost": 0.0, "Total Cost": 72449.9, "Plan Rows": 1561, "Plan Width": 54, "Plans": [{"Node Type": "Nested Loop", "Parent Relationship": "Outer", "Join Type": "Inner", "Startup Cost": 0.0, "Total Cost": 72445.99, "Plan Rows": 1561, "Plan Width": 54, "Inner Unique": false, "Plans": [{"Node Type": "Nested Loop", "Parent Relationship": "Outer", "Join Type": "Inner", "Startup Cost": 0.0, "Total Cost": 72225.77, "Plan Rows": 294, "Plan Width": 4, "Inner Unique": false, "Plans": [{"Node Type": "Streaming(type: LOCAL GATHER dop: 1/64)", "Parent Relationship": "Outer", "Startup Cost": 0.0, "Total Cost": 64783.4, "Plan Rows": 173, "Plan Width": 4, "Plans": [{"Node Type": "Seq Scan", "Parent Relationship": "Outer", "Relation Name": "name", "Alias": "n", "Startup Cost": 0.0, "Total Cost": 64779.83, "Plan Rows": 173, "Plan Width": 4, "Filter": "(((name)::text ~~ '%Tim%'::text) AND ((gender)::text = 'm'::text))"}]}, {"Node Type": "Index Scan", "Parent Relationship": "Inner", "Scan Direction": "Forward", "Index Name": "person_id_cast_info", "Relation Name": "cast_info", "Alias": "ci", "Startup Cost": 0.0, "Total Cost": 43.0, "Plan Rows": 2, "Plan Width": 8, "Index Cond": "(person_id = n.id)", "Filter": "((note)::text = ANY ('{(producer),\"(executive producer)\"}'::text[]))"}]}, {"Node Type": "Index Scan", "Parent Relationship": "Inner", "Scan Direction": "Forward", "Index Name": "movie_id_movie_info", "Relation Name": "movie_info", "Alias": "mi", "Startup Cost": 0.0, "Total Cost": 0.7, "Plan Rows": 5, "Plan Width": 50, "Index Cond": "(movie_id = ci.movie_id)"}]}]}]}, {"Node Type": "Index Scan", "Parent Relationship": "Inner", "Scan Direction": "Forward", "Index Name": "movie_id_movie_info_idx", "Relation Name": "movie_info_idx", "Alias": "mi_idx", "Startup Cost": 0.0, "Total Cost": 0.29, "Plan Rows": 2, "Plan Width": 13, "Index Cond": "(movie_id = mi.movie_id)"}]}]}, {"Node Type": "Index Scan", "Parent Relationship": "Inner", "Scan Direction": "Forward", "Index Name": "title_pkey", "Relation Name": "title", "Alias": "t", "Startup Cost": 0.0, "Total Cost": 0.28, "Plan Rows": 1, "Plan Width": 21, "Index Cond": "(id = mi.movie_id)"}]}]}, "Unique SQL Id": 4264520866, "Planner Runtime": 62}, "explain_analyze_plan": {"Plan": {"Node Type": "Aggregate", "Strategy": "Plain", "Startup Cost": 72515.06, "Total Cost": 72515.07, "Plan Rows": 1, "Plan Width": 160, "Actual Min Startup Time": 423.6, "Actual Max Startup Time": 423.6, "Actual Min Total Time": 423.601, "Actual Max Total Time": 423.601, "Plans": [{"Node Type": "Nested Loop", "Parent Relationship": "Outer", "Join Type": "Inner", "Startup Cost": 0.0, "Total Cost": 72514.99, "Plan Rows": 9, "Plan Width": 64, "Actual Min Startup Time": 375.599, "Actual Max Startup Time": 375.599, "Actual Min Total Time": 423.168, "Actual Max Total Time": 423.168, "Inner Unique": true, "Plans": [{"Node Type": "Nested Loop", "Parent Relationship": "Outer", "Join Type": "Inner", "Startup Cost": 0.0, "Total Cost": 72512.36, "Plan Rows": 9, "Plan Width": 59, "Actual Min Startup Time": 375.583, "Actual Max Startup Time": 375.583, "Actual Min Total Time": 419.719, "Actual Max Total Time": 419.719, "Inner Unique": false, "Join Filter": "(mi_idx.info_type_id = it2.id)", "Rows Removed by Join Filter": 825, "Plans": [{"Node Type": "Seq Scan", "Parent Relationship": "Outer", "Relation Name": "info_type", "Alias": "it2", "Startup Cost": 0.0, "Total Cost": 2.4, "Plan Rows": 1, "Plan Width": 4, "Actual Min Startup Time": 0.082, "Actual Max Startup Time": 0.082, "Actual Min Total Time": 0.09, "Actual Max Total Time": 0.09, "Filter": "((info)::text = 'votes'::text)", "Rows Removed by Filter": 111, "Actual Rows": 1}, {"Node Type": "Nested Loop", "Parent Relationship": "Inner", "Join Type": "Inner", "Startup Cost": 0.0, "Total Cost": 72509.54, "Plan Rows": 34, "Plan Width": 63, "Actual Min Startup Time": 375.484, "Actual Max Startup Time": 375.484, "Actual Min Total Time": 417.291, "Actual Max Total Time": 417.291, "Inner Unique": false, "Plans": [{"Node Type": "Nested Loop", "Parent Relationship": "Outer", "Join Type": "Inner", "Startup Cost": 0.0, "Total Cost": 72467.91, "Plan Rows": 133, "Plan Width": 50, "Actual Min Startup Time": 375.468, "Actual Max Startup Time": 375.468, "Actual Min Total Time": 411.534, "Actual Max Total Time": 411.534, "Inner Unique": false, "Join Filter": "(mi.info_type_id = it1.id)", "Rows Removed by Join Filter": 95197, "Plans": [{"Node Type": "Seq Scan", "Parent Relationship": "Outer", "Relation Name": "info_type", "Alias": "it1", "Startup Cost": 0.0, "Total Cost": 2.4, "Plan Rows": 1, "Plan Width": 4, "Actual Min Startup Time": 0.056, "Actual Max Startup Time": 0.056, "Actual Min Total Time": 0.065, "Actual Max Total Time": 0.065, "Filter": "((info)::text = 'budget'::text)", "Rows Removed by Filter": 111, "Actual Rows": 1}, {"Node Type": "Materialize", "Parent Relationship": "Inner", "Startup Cost": 0.0, "Total Cost": 72449.9, "Plan Rows": 1561, "Plan Width": 54, "Actual Min Startup Time": 375.396, "Actual Max Startup Time": 375.396, "Actual Min Total Time": 387.281, "Actual Max Total Time": 387.281, "Plans": [{"Node Type": "Nested Loop", "Parent Relationship": "Outer", "Join Type": "Inner", "Startup Cost": 0.0, "Total Cost": 72445.99, "Plan Rows": 1561, "Plan Width": 54, "Actual Min Startup Time": 42.926, "Actual Max Startup Time": 42.926, "Actual Min Total Time": 347.775, "Actual Max Total Time": 347.775, "Inner Unique": false, "Plans": [{"Node Type": "Nested Loop", "Parent Relationship": "Outer", "Join Type": "Inner", "Startup Cost": 0.0, "Total Cost": 72225.77, "Plan Rows": 294, "Plan Width": 4, "Actual Min Startup Time": 42.908, "Actual Max Startup Time": 42.908, "Actual Min Total Time": 198.956, "Actual Max Total Time": 198.956, "Inner Unique": false, "Plans": [{"Node Type": "Streaming(type: LOCAL GATHER dop: 1/64)", "Parent Relationship": "Outer", "Startup Cost": 0.0, "Total Cost": 64783.4, "Plan Rows": 173, "Plan Width": 4, "Actual Min Startup Time": 42.663, "Actual Max Startup Time": 42.663, "Actual Min Total Time": 67.339, "Actual Max Total Time": 67.339, "Plans": [{"Node Type": "Seq Scan", "Parent Relationship": "Outer", "Relation Name": "name", "Alias": "n", "Startup Cost": 0.0, "Total Cost": 64779.83, "Plan Rows": 173, "Plan Width": 4, "Actual Min Startup Time": 0.025, "Actual Max Startup Time": 0.853, "Actual Min Total Time": 25.433, "Actual Max Total Time": 29.531, "Filter": "(((name)::text ~~ '%Tim%'::text) AND ((gender)::text = 'm'::text))", "Rows Removed by Filter": 4158428, "Actual Rows": 9062}], "Actual Rows": 9062}, {"Node Type": "Index Scan", "Parent Relationship": "Inner", "Scan Direction": "Forward", "Index Name": "person_id_cast_info", "Relation Name": "cast_info", "Alias": "ci", "Startup Cost": 0.0, "Total Cost": 43.0, "Plan Rows": 2, "Plan Width": 8, "Actual Min Startup Time": 106.014, "Actual Max Startup Time": 106.014, "Actual Min Total Time": 125.322, "Actual Max Total Time": 125.322, "Index Cond": "(person_id = n.id)", "Rows Removed by Index Recheck": 0, "Filter": "((note)::text = ANY ('{(producer),\"(executive producer)\"}'::text[]))", "Rows Removed by Filter": 89309, "Actual Rows": 6719}], "Actual Rows": 6719}, {"Node Type": "Index Scan", "Parent Relationship": "Inner", "Scan Direction": "Forward", "Index Name": "movie_id_movie_info", "Relation Name": "movie_info", "Alias": "mi", "Startup Cost": 0.0, "Total Cost": 0.7, "Plan Rows": 5, "Plan Width": 50, "Actual Min Startup Time": 39.752, "Actual Max Startup Time": 39.752, "Actual Min Total Time": 124.275, "Actual Max Total Time": 124.275, "Index Cond": "(movie_id = ci.movie_id)", "Rows Removed by Index Recheck": 0, "Actual Rows": 95896}], "Actual Rows": 95896}], "Actual Rows": 95897}], "Actual Rows": 699}, {"Node Type": "Index Scan", "Parent Relationship": "Inner", "Scan Direction": "Forward", "Index Name": "movie_id_movie_info_idx", "Relation Name": "movie_info_idx", "Alias": "mi_idx", "Startup Cost": 0.0, "Total Cost": 0.29, "Plan Rows": 2, "Plan Width": 13, "Actual Min Startup Time": 4.566, "Actual Max Startup Time": 4.566, "Actual Min Total Time": 5.101, "Actual Max Total Time": 5.101, "Index Cond": "(movie_id = mi.movie_id)", "Rows Removed by Index Recheck": 0, "Actual Rows": 1235}], "Actual Rows": 1235}], "Actual Rows": 410}, {"Node Type": "Index Scan", "Parent Relationship": "Inner", "Scan Direction": "Forward", "Index Name": "title_pkey", "Relation Name": "title", "Alias": "t", "Startup Cost": 0.0, "Total Cost": 0.28, "Plan Rows": 1, "Plan Width": 21, "Actual Min Startup Time": 3.129, "Actual Max Startup Time": 3.129, "Actual Min Total Time": 3.129, "Actual Max Total Time": 3.129, "Index Cond": "(id = mi.movie_id)", "Rows Removed by Index Recheck": 0, "Actual Rows": 410}], "Actual Rows": 410}], "Actual Rows": 1}, "Triggers": [], "Planner Runtime": 80.042, "Total Runtime": 435.075, "Unique SQL Id": 4264520866}}, "(64, '41')": {"explain_plan": {"Plan": {"Node Type": "Aggregate", "Strategy": "Plain", "Startup Cost": 204687.88, "Total Cost": 204687.89, "Plan Rows": 1, "Plan Width": 160, "Plans": [{"Node Type": "Nested Loop", "Parent Relationship": "Outer", "Join Type": "Inner", "Startup Cost": 0.0, "Total Cost": 204687.82, "Plan Rows": 9, "Plan Width": 64, "Inner Unique": true, "Plans": [{"Node Type": "Nested Loop", "Parent Relationship": "Outer", "Join Type": "Inner", "Startup Cost": 0.0, "Total Cost": 204685.19, "Plan Rows": 9, "Plan Width": 59, "Inner Unique": false, "Join Filter": "(mi.info_type_id = it1.id)", "Plans": [{"Node Type": "Index Scan", "Parent Relationship": "Outer", "Scan Direction": "Forward", "Index Name": "info_type_pkey", "Relation Name": "info_type", "Alias": "it1", "Startup Cost": 0.0, "Total Cost": 14.21, "Plan Rows": 1, "Plan Width": 4, "Filter": "((info)::text = 'budget'::text)"}, {"Node Type": "Nested Loop", "Parent Relationship": "Inner", "Join Type": "Inner", "Startup Cost": 0.0, "Total Cost": 204667.49, "Plan Rows": 279, "Plan Width": 63, "Inner Unique": false, "Join Filter": "(mi_idx.movie_id = mi.movie_id)", "Plans": [{"Node Type": "Nested Loop", "Parent Relationship": "Outer", "Join Type": "Inner", "Startup Cost": 0.0, "Total Cost": 204627.89, "Plan Rows": 52, "Plan Width": 13, "Inner Unique": false, "Join Filter": "(mi_idx.info_type_id = it2.id)", "Plans": [{"Node Type": "Index Scan", "Parent Relationship": "Outer", "Scan Direction": "Forward", "Index Name": "info_type_pkey", "Relation Name": "info_type", "Alias": "it2", "Startup Cost": 0.0, "Total Cost": 14.21, "Plan Rows": 1, "Plan Width": 4, "Filter": "((info)::text = 'votes'::text)"}, {"Node Type": "Nested Loop", "Parent Relationship": "Inner", "Join Type": "Inner", "Startup Cost": 0.0, "Total Cost": 204609.36, "Plan Rows": 346, "Plan Width": 17, "Inner Unique": false, "Plans": [{"Node Type": "Nested Loop", "Parent Relationship": "Outer", "Join Type": "Inner", "Startup Cost": 0.0, "Total Cost": 204512.56, "Plan Rows": 294, "Plan Width": 4, "Inner Unique": false, "Plans": [{"Node Type": "Index Scan", "Parent Relationship": "Outer", "Scan Direction": "Forward", "Index Name": "name_pkey", "Relation Name": "name", "Alias": "n", "Startup Cost": 0.0, "Total Cost": 197070.2, "Plan Rows": 173, "Plan Width": 4, "Filter": "(((name)::text ~~ '%Tim%'::text) AND ((gender)::text = 'm'::text))"}, {"Node Type": "Index Scan", "Parent Relationship": "Inner", "Scan Direction": "Forward", "Index Name": "person_id_cast_info", "Relation Name": "cast_info", "Alias": "ci", "Startup Cost": 0.0, "Total Cost": 43.0, "Plan Rows": 2, "Plan Width": 8, "Index Cond": "(person_id = n.id)", "Filter": "((note)::text = ANY ('{(producer),\"(executive producer)\"}'::text[]))"}]}, {"Node Type": "Index Scan", "Parent Relationship": "Inner", "Scan Direction": "Forward", "Index Name": "movie_id_movie_info_idx", "Relation Name": "movie_info_idx", "Alias": "mi_idx", "Startup Cost": 0.0, "Total Cost": 0.31, "Plan Rows": 2, "Plan Width": 13, "Index Cond": "(movie_id = ci.movie_id)"}]}]}, {"Node Type": "Index Scan", "Parent Relationship": "Inner", "Scan Direction": "Forward", "Index Name": "movie_id_movie_info", "Relation Name": "movie_info", "Alias": "mi", "Startup Cost": 0.0, "Total Cost": 0.7, "Plan Rows": 5, "Plan Width": 50, "Index Cond": "(movie_id = ci.movie_id)"}]}]}, {"Node Type": "Index Scan", "Parent Relationship": "Inner", "Scan Direction": "Forward", "Index Name": "title_pkey", "Relation Name": "title", "Alias": "t", "Startup Cost": 0.0, "Total Cost": 0.28, "Plan Rows": 1, "Plan Width": 21, "Index Cond": "(id = mi.movie_id)"}]}]}, "Unique SQL Id": 4264520866, "Planner Runtime": 24}, "explain_analyze_plan": null}, "(64, '42')": {"explain_plan": {"Plan": {"Node Type": "Aggregate", "Strategy": "Plain", "Startup Cost": 350339.34, "Total Cost": 350339.35, "Plan Rows": 1, "Plan Width": 160, "Plans": [{"Node Type": "Nested Loop", "Parent Relationship": "Outer", "Join Type": "Inner", "Startup Cost": 261504.4, "Total Cost": 350339.27, "Plan Rows": 9, "Plan Width": 64, "Inner Unique": false, "Join Filter": "(mi.info_type_id = it1.id)", "Plans": [{"Node Type": "Seq Scan", "Parent Relationship": "Outer", "Relation Name": "info_type", "Alias": "it1", "Startup Cost": 0.0, "Total Cost": 2.4, "Plan Rows": 1, "Plan Width": 4, "Filter": "((info)::text = 'budget'::text)"}, {"Node Type": "Materialize", "Parent Relationship": "Inner", "Startup Cost": 261504.4, "Total Cost": 350324.62, "Plan Rows": 1225, "Plan Width": 68, "Plans": [{"Node Type": "Hash Join", "Parent Relationship": "Outer", "Join Type": "Inner", "Startup Cost": 261504.4, "Total Cost": 350321.56, "Plan Rows": 1225, "Plan Width": 68, "Inner Unique": true, "Hash Cond": "(mi.movie_id = t.id)", "Plans": [{"Node Type": "Streaming(type: LOCAL GATHER dop: 1/64)", "Parent Relationship": "Outer", "Startup Cost": 214883.23, "Total Cost": 303683.55, "Plan Rows": 1225, "Plan Width": 63, "Plans": [{"Node Type": "Hash Join", "Parent Relationship": "Outer", "Join Type": "Inner", "Startup Cost": 214883.23, "Total Cost": 303658.28, "Plan Rows": 1225, "Plan Width": 63, "Inner Unique": false, "Hash Cond": "(mi_idx.movie_id = mi.movie_id)", "Plans": [{"Node Type": "Streaming(type: BROADCAST dop: 64/1)", "Parent Relationship": "Outer", "Startup Cost": 195068.84, "Total Cost": 283830.58, "Plan Rows": 14592, "Plan Width": 13, "Plans": [{"Node Type": "Nested Loop", "Parent Relationship": "Outer", "Join Type": "Inner", "Startup Cost": 195068.84, "Total Cost": 220529.55, "Plan Rows": 228, "Plan Width": 13, "Inner Unique": false, "Join Filter": "(mi_idx.info_type_id = it2.id)", "Plans": [{"Node Type": "Seq Scan", "Parent Relationship": "Outer", "Relation Name": "info_type", "Alias": "it2", "Startup Cost": 0.0, "Total Cost": 2.4, "Plan Rows": 1, "Plan Width": 4, "Filter": "((info)::text = 'votes'::text)"}, {"Node Type": "Materialize", "Parent Relationship": "Inner", "Startup Cost": 195068.84, "Total Cost": 220523.69, "Plan Rows": 346, "Plan Width": 17, "Plans": [{"Node Type": "Hash Join", "Parent Relationship": "Outer", "Join Type": "Inner", "Startup Cost": 195068.84, "Total Cost": 220522.82, "Plan Rows": 346, "Plan Width": 17, "Inner Unique": false, "Hash Cond": "(mi_idx.movie_id = ci.movie_id)", "Plans": [{"Node Type": "Seq Scan", "Parent Relationship": "Outer", "Relation Name": "movie_info_idx", "Alias": "mi_idx", "Startup Cost": 0.0, "Total Cost": 20274.34, "Plan Rows": 1380034, "Plan Width": 13}, {"Node Type": "Hash", "Parent Relationship": "Inner", "Startup Cost": 195065.16, "Total Cost": 195065.16, "Plan Rows": 294, "Plan Width": 4, "Plans": [{"Node Type": "Hash Join", "Parent Relationship": "Outer", "Join Type": "Inner", "Startup Cost": 64785.57, "Total Cost": 195065.16, "Plan Rows": 294, "Plan Width": 4, "Inner Unique": true, "Hash Cond": "(ci.person_id = n.id)", "Plans": [{"Node Type": "Streaming(type: LOCAL GATHER dop: 1/64)", "Parent Relationship": "Outer", "Startup Cost": 0.0, "Total Cost": 122309.64, "Plan Rows": 2350421, "Plan Width": 8, "Plans": [{"Node Type": "Seq Scan", "Parent Relationship": "Outer", "Relation Name": "cast_info", "Alias": "ci", "Startup Cost": 0.0, "Total Cost": 73820.73, "Plan Rows": 2350421, "Plan Width": 8, "Filter": "((note)::text = ANY ('{(producer),\"(executive producer)\"}'::text[]))"}]}, {"Node Type": "Hash", "Parent Relationship": "Inner", "Startup Cost": 64783.4, "Total Cost": 64783.4, "Plan Rows": 173, "Plan Width": 4, "Plans": [{"Node Type": "Streaming(type: LOCAL GATHER dop: 1/64)", "Parent Relationship": "Outer", "Startup Cost": 0.0, "Total Cost": 64783.4, "Plan Rows": 173, "Plan Width": 4, "Plans": [{"Node Type": "Seq Scan", "Parent Relationship": "Outer", "Relation Name": "name", "Alias": "n", "Startup Cost": 0.0, "Total Cost": 64779.83, "Plan Rows": 173, "Plan Width": 4, "Filter": "(((name)::text ~~ '%Tim%'::text) AND ((gender)::text = 'm'::text))"}]}]}]}]}]}]}]}]}, {"Node Type": "Hash", "Parent Relationship": "Inner", "Startup Cost": 67640.43, "Total Cost": 67640.43, "Plan Rows": 14869966, "Plan Width": 50, "Plans": [{"Node Type": "Seq Scan", "Parent Relationship": "Outer", "Relation Name": "movie_info", "Alias": "mi", "Startup Cost": 0.0, "Total Cost": 67640.43, "Plan Rows": 14869966, "Plan Width": 50}]}]}]}, {"Node Type": "Hash", "Parent Relationship": "Inner", "Startup Cost": 60069.11, "Total Cost": 60069.11, "Plan Rows": 2528311, "Plan Width": 21, "Plans": [{"Node Type": "Seq Scan", "Parent Relationship": "Outer", "Relation Name": "title", "Alias": "t", "Startup Cost": 0.0, "Total Cost": 60069.11, "Plan Rows": 2528311, "Plan Width": 21}]}]}]}]}]}, "Unique SQL Id": 4264520866, "Planner Runtime": 110}, "explain_analyze_plan": null}, "(64, '43')": {"explain_plan": {"Plan": {"Node Type": "Aggregate", "Strategy": "Plain", "Startup Cost": 7000364088471.87, "Total Cost": 7000364088471.88, "Plan Rows": 1, "Plan Width": 160, "Plans": [{"Node Type": "Nested Loop", "Parent Relationship": "Outer", "Join Type": "Inner", "Startup Cost": 70000000000.0, "Total Cost": 7000364088471.49, "Plan Rows": 51, "Plan Width": 64, "Inner Unique": false, "Join Filter": "(mi.movie_id = t.id)", "Plans": [{"Node Type": "Index Scan", "Parent Relationship": "Outer", "Scan Direction": "Forward", "Index Name": "title_pkey", "Relation Name": "title", "Alias": "t", "Startup Cost": 10000000000.0, "Total Cost": 1000011012048.91, "Plan Rows": 2528311, "Plan Width": 21}, {"Node Type": "Materialize", "Parent Relationship": "Inner", "Startup Cost": 60000000000.0, "Total Cost": 6000351142264.79, "Plan Rows": 51, "Plan Width": 59, "Plans": [{"Node Type": "Nested Loop", "Parent Relationship": "Outer", "Join Type": "Inner", "Startup Cost": 60000000000.0, "Total Cost": 6000351142264.53, "Plan Rows": 51, "Plan Width": 59, "Inner Unique": false, "Join Filter": "(mi_idx.movie_id = mi.movie_id)", "Plans": [{"Node Type": "Nested Loop", "Parent Relationship": "Outer", "Join Type": "Inner", "Startup Cost": 20000000000.0, "Total Cost": 2000004672156.88, "Plan Rows": 345008, "Plan Width": 9, "Inner Unique": true, "Join Filter": "(it2.id = mi_idx.info_type_id), (LLVM Optimized)", "Plans": [{"Node Type": "Index Scan", "Parent Relationship": "Outer", "Scan Direction": "Forward", "Index Name": "movie_id_movie_info_idx", "Relation Name": "movie_info_idx", "Alias": "mi_idx", "Startup Cost": 10000000000.0, "Total Cost": 1000004650035.37, "Plan Rows": 1380034, "Plan Width": 13}, {"Node Type": "Materialize", "Parent Relationship": "Inner", "Startup Cost": 10000000000.0, "Total Cost": 1000000001421.0, "Plan Rows": 1, "Plan Width": 4, "Plans": [{"Node Type": "Index Scan", "Parent Relationship": "Outer", "Scan Direction": "Forward", "Index Name": "info_type_pkey", "Relation Name": "info_type", "Alias": "it2", "Startup Cost": 10000000000.0, "Total Cost": 1000000001421.0, "Plan Rows": 1, "Plan Width": 4, "Filter": "((info)::text = 'votes'::text)"}]}]}, {"Node Type": "Materialize", "Parent Relationship": "Inner", "Startup Cost": 40000000000.0, "Total Cost": 4000345781817.02, "Plan Rows": 133, "Plan Width": 50, "Plans": [{"Node Type": "Nested Loop", "Parent Relationship": "Outer", "Join Type": "Inner", "Startup Cost": 40000000000.0, "Total Cost": 4000345781816.36, "Plan Rows": 133, "Plan Width": 50, "Inner Unique": false, "Join Filter": "(ci.movie_id = mi.movie_id)", "Plans": [{"Node Type": "Nested Loop", "Parent Relationship": "Outer", "Join Type": "Inner", "Startup Cost": 20000000000.0, "Total Cost": 2000104041382.71, "Plan Rows": 212428, "Plan Width": 46, "Inner Unique": true, "Join Filter": "(it1.id = mi.info_type_id), (LLVM Optimized)", "Plans": [{"Node Type": "Index Scan", "Parent Relationship": "Outer", "Scan Direction": "Forward", "Index Name": "movie_id_movie_info", "Relation Name": "movie_info", "Alias": "mi", "Startup Cost": 10000000000.0, "Total Cost": 1000103816912.22, "Plan Rows": 14869966, "Plan Width": 50}, {"Node Type": "Materialize", "Parent Relationship": "Inner", "Startup Cost": 10000000000.0, "Total Cost": 1000000001421.0, "Plan Rows": 1, "Plan Width": 4, "Plans": [{"Node Type": "Index Scan", "Parent Relationship": "Outer", "Scan Direction": "Forward", "Index Name": "info_type_pkey", "Relation Name": "info_type", "Alias": "it1", "Startup Cost": 10000000000.0, "Total Cost": 1000000001421.0, "Plan Rows": 1, "Plan Width": 4, "Filter": "((info)::text = 'budget'::text)"}]}]}, {"Node Type": "Materialize", "Parent Relationship": "Inner", "Startup Cost": 20000000000.0, "Total Cost": 2000240803626.91, "Plan Rows": 294, "Plan Width": 4, "Plans": [{"Node Type": "Nested Loop", "Parent Relationship": "Outer", "Join Type": "Inner", "Startup Cost": 20000000000.0, "Total Cost": 2000240803625.44, "Plan Rows": 294, "Plan Width": 4, "Inner Unique": true, "Join Filter": "(ci.person_id = n.id)", "Plans": [{"Node Type": "Index Scan", "Parent Relationship": "Outer", "Scan Direction": "Forward", "Index Name": "movie_id_cast_info", "Relation Name": "cast_info", "Alias": "ci", "Startup Cost": 10000000000.0, "Total Cost": 1000214997262.8, "Plan Rows": 2350421, "Plan Width": 8, "Filter": "((note)::text = ANY ('{(producer),\"(executive producer)\"}'::text[]))"}, {"Node Type": "Materialize", "Parent Relationship": "Inner", "Startup Cost": 10000000000.0, "Total Cost": 1000019707020.57, "Plan Rows": 173, "Plan Width": 4, "Plans": [{"Node Type": "Index Scan", "Parent Relationship": "Outer", "Scan Direction": "Forward", "Index Name": "name_pkey", "Relation Name": "name", "Alias": "n", "Startup Cost": 10000000000.0, "Total Cost": 1000019707019.7, "Plan Rows": 173, "Plan Width": 4, "Filter": "(((name)::text ~~ '%Tim%'::text) AND ((gender)::text = 'm'::text))"}]}]}]}]}]}]}]}]}]}, "Unique SQL Id": 4264520866, "Planner Runtime": 32}, "explain_analyze_plan": null}, "(64, '44')": {"explain_plan": {"Plan": {"Node Type": "Aggregate", "Strategy": "Plain", "Startup Cost": 72515.06, "Total Cost": 72515.07, "Plan Rows": 1, "Plan Width": 160, "Plans": [{"Node Type": "Nested Loop", "Parent Relationship": "Outer", "Join Type": "Inner", "Startup Cost": 0.0, "Total Cost": 72514.99, "Plan Rows": 9, "Plan Width": 64, "Inner Unique": true, "Plans": [{"Node Type": "Nested Loop", "Parent Relationship": "Outer", "Join Type": "Inner", "Startup Cost": 0.0, "Total Cost": 72512.36, "Plan Rows": 9, "Plan Width": 59, "Inner Unique": false, "Join Filter": "(mi_idx.info_type_id = it2.id)", "Plans": [{"Node Type": "Seq Scan", "Parent Relationship": "Outer", "Relation Name": "info_type", "Alias": "it2", "Startup Cost": 0.0, "Total Cost": 2.4, "Plan Rows": 1, "Plan Width": 4, "Filter": "((info)::text = 'votes'::text)"}, {"Node Type": "Nested Loop", "Parent Relationship": "Inner", "Join Type": "Inner", "Startup Cost": 0.0, "Total Cost": 72509.54, "Plan Rows": 34, "Plan Width": 63, "Inner Unique": false, "Plans": [{"Node Type": "Nested Loop", "Parent Relationship": "Outer", "Join Type": "Inner", "Startup Cost": 0.0, "Total Cost": 72467.91, "Plan Rows": 133, "Plan Width": 50, "Inner Unique": false, "Join Filter": "(mi.info_type_id = it1.id)", "Plans": [{"Node Type": "Seq Scan", "Parent Relationship": "Outer", "Relation Name": "info_type", "Alias": "it1", "Startup Cost": 0.0, "Total Cost": 2.4, "Plan Rows": 1, "Plan Width": 4, "Filter": "((info)::text = 'budget'::text)"}, {"Node Type": "Materialize", "Parent Relationship": "Inner", "Startup Cost": 0.0, "Total Cost": 72449.9, "Plan Rows": 1561, "Plan Width": 54, "Plans": [{"Node Type": "Nested Loop", "Parent Relationship": "Outer", "Join Type": "Inner", "Startup Cost": 0.0, "Total Cost": 72445.99, "Plan Rows": 1561, "Plan Width": 54, "Inner Unique": false, "Plans": [{"Node Type": "Nested Loop", "Parent Relationship": "Outer", "Join Type": "Inner", "Startup Cost": 0.0, "Total Cost": 72225.77, "Plan Rows": 294, "Plan Width": 4, "Inner Unique": false, "Plans": [{"Node Type": "Streaming(type: LOCAL GATHER dop: 1/64)", "Parent Relationship": "Outer", "Startup Cost": 0.0, "Total Cost": 64783.4, "Plan Rows": 173, "Plan Width": 4, "Plans": [{"Node Type": "Seq Scan", "Parent Relationship": "Outer", "Relation Name": "name", "Alias": "n", "Startup Cost": 0.0, "Total Cost": 64779.83, "Plan Rows": 173, "Plan Width": 4, "Filter": "(((name)::text ~~ '%Tim%'::text) AND ((gender)::text = 'm'::text))"}]}, {"Node Type": "Index Scan", "Parent Relationship": "Inner", "Scan Direction": "Forward", "Index Name": "person_id_cast_info", "Relation Name": "cast_info", "Alias": "ci", "Startup Cost": 0.0, "Total Cost": 43.0, "Plan Rows": 2, "Plan Width": 8, "Index Cond": "(person_id = n.id)", "Filter": "((note)::text = ANY ('{(producer),\"(executive producer)\"}'::text[]))"}]}, {"Node Type": "Index Scan", "Parent Relationship": "Inner", "Scan Direction": "Forward", "Index Name": "movie_id_movie_info", "Relation Name": "movie_info", "Alias": "mi", "Startup Cost": 0.0, "Total Cost": 0.7, "Plan Rows": 5, "Plan Width": 50, "Index Cond": "(movie_id = ci.movie_id)"}]}]}]}, {"Node Type": "Index Scan", "Parent Relationship": "Inner", "Scan Direction": "Forward", "Index Name": "movie_id_movie_info_idx", "Relation Name": "movie_info_idx", "Alias": "mi_idx", "Startup Cost": 0.0, "Total Cost": 0.29, "Plan Rows": 2, "Plan Width": 13, "Index Cond": "(movie_id = mi.movie_id)"}]}]}, {"Node Type": "Index Scan", "Parent Relationship": "Inner", "Scan Direction": "Forward", "Index Name": "title_pkey", "Relation Name": "title", "Alias": "t", "Startup Cost": 0.0, "Total Cost": 0.28, "Plan Rows": 1, "Plan Width": 21, "Index Cond": "(id = mi.movie_id)"}]}]}, "Unique SQL Id": 4264520866, "Planner Runtime": 61}, "explain_analyze_plan": {"Plan": {"Node Type": "Aggregate", "Strategy": "Plain", "Startup Cost": 72515.06, "Total Cost": 72515.07, "Plan Rows": 1, "Plan Width": 160, "Actual Min Startup Time": 423.6, "Actual Max Startup Time": 423.6, "Actual Min Total Time": 423.601, "Actual Max Total Time": 423.601, "Plans": [{"Node Type": "Nested Loop", "Parent Relationship": "Outer", "Join Type": "Inner", "Startup Cost": 0.0, "Total Cost": 72514.99, "Plan Rows": 9, "Plan Width": 64, "Actual Min Startup Time": 375.599, "Actual Max Startup Time": 375.599, "Actual Min Total Time": 423.168, "Actual Max Total Time": 423.168, "Inner Unique": true, "Plans": [{"Node Type": "Nested Loop", "Parent Relationship": "Outer", "Join Type": "Inner", "Startup Cost": 0.0, "Total Cost": 72512.36, "Plan Rows": 9, "Plan Width": 59, "Actual Min Startup Time": 375.583, "Actual Max Startup Time": 375.583, "Actual Min Total Time": 419.719, "Actual Max Total Time": 419.719, "Inner Unique": false, "Join Filter": "(mi_idx.info_type_id = it2.id)", "Rows Removed by Join Filter": 825, "Plans": [{"Node Type": "Seq Scan", "Parent Relationship": "Outer", "Relation Name": "info_type", "Alias": "it2", "Startup Cost": 0.0, "Total Cost": 2.4, "Plan Rows": 1, "Plan Width": 4, "Actual Min Startup Time": 0.082, "Actual Max Startup Time": 0.082, "Actual Min Total Time": 0.09, "Actual Max Total Time": 0.09, "Filter": "((info)::text = 'votes'::text)", "Rows Removed by Filter": 111, "Actual Rows": 1}, {"Node Type": "Nested Loop", "Parent Relationship": "Inner", "Join Type": "Inner", "Startup Cost": 0.0, "Total Cost": 72509.54, "Plan Rows": 34, "Plan Width": 63, "Actual Min Startup Time": 375.484, "Actual Max Startup Time": 375.484, "Actual Min Total Time": 417.291, "Actual Max Total Time": 417.291, "Inner Unique": false, "Plans": [{"Node Type": "Nested Loop", "Parent Relationship": "Outer", "Join Type": "Inner", "Startup Cost": 0.0, "Total Cost": 72467.91, "Plan Rows": 133, "Plan Width": 50, "Actual Min Startup Time": 375.468, "Actual Max Startup Time": 375.468, "Actual Min Total Time": 411.534, "Actual Max Total Time": 411.534, "Inner Unique": false, "Join Filter": "(mi.info_type_id = it1.id)", "Rows Removed by Join Filter": 95197, "Plans": [{"Node Type": "Seq Scan", "Parent Relationship": "Outer", "Relation Name": "info_type", "Alias": "it1", "Startup Cost": 0.0, "Total Cost": 2.4, "Plan Rows": 1, "Plan Width": 4, "Actual Min Startup Time": 0.056, "Actual Max Startup Time": 0.056, "Actual Min Total Time": 0.065, "Actual Max Total Time": 0.065, "Filter": "((info)::text = 'budget'::text)", "Rows Removed by Filter": 111, "Actual Rows": 1}, {"Node Type": "Materialize", "Parent Relationship": "Inner", "Startup Cost": 0.0, "Total Cost": 72449.9, "Plan Rows": 1561, "Plan Width": 54, "Actual Min Startup Time": 375.396, "Actual Max Startup Time": 375.396, "Actual Min Total Time": 387.281, "Actual Max Total Time": 387.281, "Plans": [{"Node Type": "Nested Loop", "Parent Relationship": "Outer", "Join Type": "Inner", "Startup Cost": 0.0, "Total Cost": 72445.99, "Plan Rows": 1561, "Plan Width": 54, "Actual Min Startup Time": 42.926, "Actual Max Startup Time": 42.926, "Actual Min Total Time": 347.775, "Actual Max Total Time": 347.775, "Inner Unique": false, "Plans": [{"Node Type": "Nested Loop", "Parent Relationship": "Outer", "Join Type": "Inner", "Startup Cost": 0.0, "Total Cost": 72225.77, "Plan Rows": 294, "Plan Width": 4, "Actual Min Startup Time": 42.908, "Actual Max Startup Time": 42.908, "Actual Min Total Time": 198.956, "Actual Max Total Time": 198.956, "Inner Unique": false, "Plans": [{"Node Type": "Streaming(type: LOCAL GATHER dop: 1/64)", "Parent Relationship": "Outer", "Startup Cost": 0.0, "Total Cost": 64783.4, "Plan Rows": 173, "Plan Width": 4, "Actual Min Startup Time": 42.663, "Actual Max Startup Time": 42.663, "Actual Min Total Time": 67.339, "Actual Max Total Time": 67.339, "Plans": [{"Node Type": "Seq Scan", "Parent Relationship": "Outer", "Relation Name": "name", "Alias": "n", "Startup Cost": 0.0, "Total Cost": 64779.83, "Plan Rows": 173, "Plan Width": 4, "Actual Min Startup Time": 0.025, "Actual Max Startup Time": 0.853, "Actual Min Total Time": 25.433, "Actual Max Total Time": 29.531, "Filter": "(((name)::text ~~ '%Tim%'::text) AND ((gender)::text = 'm'::text))", "Rows Removed by Filter": 4158428, "Actual Rows": 9062}], "Actual Rows": 9062}, {"Node Type": "Index Scan", "Parent Relationship": "Inner", "Scan Direction": "Forward", "Index Name": "person_id_cast_info", "Relation Name": "cast_info", "Alias": "ci", "Startup Cost": 0.0, "Total Cost": 43.0, "Plan Rows": 2, "Plan Width": 8, "Actual Min Startup Time": 106.014, "Actual Max Startup Time": 106.014, "Actual Min Total Time": 125.322, "Actual Max Total Time": 125.322, "Index Cond": "(person_id = n.id)", "Rows Removed by Index Recheck": 0, "Filter": "((note)::text = ANY ('{(producer),\"(executive producer)\"}'::text[]))", "Rows Removed by Filter": 89309, "Actual Rows": 6719}], "Actual Rows": 6719}, {"Node Type": "Index Scan", "Parent Relationship": "Inner", "Scan Direction": "Forward", "Index Name": "movie_id_movie_info", "Relation Name": "movie_info", "Alias": "mi", "Startup Cost": 0.0, "Total Cost": 0.7, "Plan Rows": 5, "Plan Width": 50, "Actual Min Startup Time": 39.752, "Actual Max Startup Time": 39.752, "Actual Min Total Time": 124.275, "Actual Max Total Time": 124.275, "Index Cond": "(movie_id = ci.movie_id)", "Rows Removed by Index Recheck": 0, "Actual Rows": 95896}], "Actual Rows": 95896}], "Actual Rows": 95897}], "Actual Rows": 699}, {"Node Type": "Index Scan", "Parent Relationship": "Inner", "Scan Direction": "Forward", "Index Name": "movie_id_movie_info_idx", "Relation Name": "movie_info_idx", "Alias": "mi_idx", "Startup Cost": 0.0, "Total Cost": 0.29, "Plan Rows": 2, "Plan Width": 13, "Actual Min Startup Time": 4.566, "Actual Max Startup Time": 4.566, "Actual Min Total Time": 5.101, "Actual Max Total Time": 5.101, "Index Cond": "(movie_id = mi.movie_id)", "Rows Removed by Index Recheck": 0, "Actual Rows": 1235}], "Actual Rows": 1235}], "Actual Rows": 410}, {"Node Type": "Index Scan", "Parent Relationship": "Inner", "Scan Direction": "Forward", "Index Name": "title_pkey", "Relation Name": "title", "Alias": "t", "Startup Cost": 0.0, "Total Cost": 0.28, "Plan Rows": 1, "Plan Width": 21, "Actual Min Startup Time": 3.129, "Actual Max Startup Time": 3.129, "Actual Min Total Time": 3.129, "Actual Max Total Time": 3.129, "Index Cond": "(id = mi.movie_id)", "Rows Removed by Index Recheck": 0, "Actual Rows": 410}], "Actual Rows": 410}], "Actual Rows": 1}, "Triggers": [], "Planner Runtime": 80.042, "Total Runtime": 435.075, "Unique SQL Id": 4264520866}}, "(64, '45')": {"explain_plan": {"Plan": {"Node Type": "Aggregate", "Strategy": "Plain", "Startup Cost": 204687.88, "Total Cost": 204687.89, "Plan Rows": 1, "Plan Width": 160, "Plans": [{"Node Type": "Nested Loop", "Parent Relationship": "Outer", "Join Type": "Inner", "Startup Cost": 0.0, "Total Cost": 204687.82, "Plan Rows": 9, "Plan Width": 64, "Inner Unique": true, "Plans": [{"Node Type": "Nested Loop", "Parent Relationship": "Outer", "Join Type": "Inner", "Startup Cost": 0.0, "Total Cost": 204685.19, "Plan Rows": 9, "Plan Width": 59, "Inner Unique": false, "Join Filter": "(mi.info_type_id = it1.id)", "Plans": [{"Node Type": "Index Scan", "Parent Relationship": "Outer", "Scan Direction": "Forward", "Index Name": "info_type_pkey", "Relation Name": "info_type", "Alias": "it1", "Startup Cost": 0.0, "Total Cost": 14.21, "Plan Rows": 1, "Plan Width": 4, "Filter": "((info)::text = 'budget'::text)"}, {"Node Type": "Nested Loop", "Parent Relationship": "Inner", "Join Type": "Inner", "Startup Cost": 0.0, "Total Cost": 204667.49, "Plan Rows": 279, "Plan Width": 63, "Inner Unique": false, "Join Filter": "(mi_idx.movie_id = mi.movie_id)", "Plans": [{"Node Type": "Nested Loop", "Parent Relationship": "Outer", "Join Type": "Inner", "Startup Cost": 0.0, "Total Cost": 204627.89, "Plan Rows": 52, "Plan Width": 13, "Inner Unique": false, "Join Filter": "(mi_idx.info_type_id = it2.id)", "Plans": [{"Node Type": "Index Scan", "Parent Relationship": "Outer", "Scan Direction": "Forward", "Index Name": "info_type_pkey", "Relation Name": "info_type", "Alias": "it2", "Startup Cost": 0.0, "Total Cost": 14.21, "Plan Rows": 1, "Plan Width": 4, "Filter": "((info)::text = 'votes'::text)"}, {"Node Type": "Nested Loop", "Parent Relationship": "Inner", "Join Type": "Inner", "Startup Cost": 0.0, "Total Cost": 204609.36, "Plan Rows": 346, "Plan Width": 17, "Inner Unique": false, "Plans": [{"Node Type": "Nested Loop", "Parent Relationship": "Outer", "Join Type": "Inner", "Startup Cost": 0.0, "Total Cost": 204512.56, "Plan Rows": 294, "Plan Width": 4, "Inner Unique": false, "Plans": [{"Node Type": "Index Scan", "Parent Relationship": "Outer", "Scan Direction": "Forward", "Index Name": "name_pkey", "Relation Name": "name", "Alias": "n", "Startup Cost": 0.0, "Total Cost": 197070.2, "Plan Rows": 173, "Plan Width": 4, "Filter": "(((name)::text ~~ '%Tim%'::text) AND ((gender)::text = 'm'::text))"}, {"Node Type": "Index Scan", "Parent Relationship": "Inner", "Scan Direction": "Forward", "Index Name": "person_id_cast_info", "Relation Name": "cast_info", "Alias": "ci", "Startup Cost": 0.0, "Total Cost": 43.0, "Plan Rows": 2, "Plan Width": 8, "Index Cond": "(person_id = n.id)", "Filter": "((note)::text = ANY ('{(producer),\"(executive producer)\"}'::text[]))"}]}, {"Node Type": "Index Scan", "Parent Relationship": "Inner", "Scan Direction": "Forward", "Index Name": "movie_id_movie_info_idx", "Relation Name": "movie_info_idx", "Alias": "mi_idx", "Startup Cost": 0.0, "Total Cost": 0.31, "Plan Rows": 2, "Plan Width": 13, "Index Cond": "(movie_id = ci.movie_id)"}]}]}, {"Node Type": "Index Scan", "Parent Relationship": "Inner", "Scan Direction": "Forward", "Index Name": "movie_id_movie_info", "Relation Name": "movie_info", "Alias": "mi", "Startup Cost": 0.0, "Total Cost": 0.7, "Plan Rows": 5, "Plan Width": 50, "Index Cond": "(movie_id = ci.movie_id)"}]}]}, {"Node Type": "Index Scan", "Parent Relationship": "Inner", "Scan Direction": "Forward", "Index Name": "title_pkey", "Relation Name": "title", "Alias": "t", "Startup Cost": 0.0, "Total Cost": 0.28, "Plan Rows": 1, "Plan Width": 21, "Index Cond": "(id = mi.movie_id)"}]}]}, "Unique SQL Id": 4264520866, "Planner Runtime": 24}, "explain_analyze_plan": null}, "(64, '46')": {"explain_plan": {"Plan": {"Node Type": "Aggregate", "Strategy": "Plain", "Startup Cost": 350339.34, "Total Cost": 350339.35, "Plan Rows": 1, "Plan Width": 160, "Plans": [{"Node Type": "Nested Loop", "Parent Relationship": "Outer", "Join Type": "Inner", "Startup Cost": 261504.4, "Total Cost": 350339.27, "Plan Rows": 9, "Plan Width": 64, "Inner Unique": false, "Join Filter": "(mi.info_type_id = it1.id)", "Plans": [{"Node Type": "Seq Scan", "Parent Relationship": "Outer", "Relation Name": "info_type", "Alias": "it1", "Startup Cost": 0.0, "Total Cost": 2.4, "Plan Rows": 1, "Plan Width": 4, "Filter": "((info)::text = 'budget'::text)"}, {"Node Type": "Materialize", "Parent Relationship": "Inner", "Startup Cost": 261504.4, "Total Cost": 350324.62, "Plan Rows": 1225, "Plan Width": 68, "Plans": [{"Node Type": "Hash Join", "Parent Relationship": "Outer", "Join Type": "Inner", "Startup Cost": 261504.4, "Total Cost": 350321.56, "Plan Rows": 1225, "Plan Width": 68, "Inner Unique": true, "Hash Cond": "(mi.movie_id = t.id)", "Plans": [{"Node Type": "Streaming(type: LOCAL GATHER dop: 1/64)", "Parent Relationship": "Outer", "Startup Cost": 214883.23, "Total Cost": 303683.55, "Plan Rows": 1225, "Plan Width": 63, "Plans": [{"Node Type": "Hash Join", "Parent Relationship": "Outer", "Join Type": "Inner", "Startup Cost": 214883.23, "Total Cost": 303658.28, "Plan Rows": 1225, "Plan Width": 63, "Inner Unique": false, "Hash Cond": "(mi_idx.movie_id = mi.movie_id)", "Plans": [{"Node Type": "Streaming(type: BROADCAST dop: 64/1)", "Parent Relationship": "Outer", "Startup Cost": 195068.84, "Total Cost": 283830.58, "Plan Rows": 14592, "Plan Width": 13, "Plans": [{"Node Type": "Nested Loop", "Parent Relationship": "Outer", "Join Type": "Inner", "Startup Cost": 195068.84, "Total Cost": 220529.55, "Plan Rows": 228, "Plan Width": 13, "Inner Unique": false, "Join Filter": "(mi_idx.info_type_id = it2.id)", "Plans": [{"Node Type": "Seq Scan", "Parent Relationship": "Outer", "Relation Name": "info_type", "Alias": "it2", "Startup Cost": 0.0, "Total Cost": 2.4, "Plan Rows": 1, "Plan Width": 4, "Filter": "((info)::text = 'votes'::text)"}, {"Node Type": "Materialize", "Parent Relationship": "Inner", "Startup Cost": 195068.84, "Total Cost": 220523.69, "Plan Rows": 346, "Plan Width": 17, "Plans": [{"Node Type": "Hash Join", "Parent Relationship": "Outer", "Join Type": "Inner", "Startup Cost": 195068.84, "Total Cost": 220522.82, "Plan Rows": 346, "Plan Width": 17, "Inner Unique": false, "Hash Cond": "(mi_idx.movie_id = ci.movie_id)", "Plans": [{"Node Type": "Seq Scan", "Parent Relationship": "Outer", "Relation Name": "movie_info_idx", "Alias": "mi_idx", "Startup Cost": 0.0, "Total Cost": 20274.34, "Plan Rows": 1380034, "Plan Width": 13}, {"Node Type": "Hash", "Parent Relationship": "Inner", "Startup Cost": 195065.16, "Total Cost": 195065.16, "Plan Rows": 294, "Plan Width": 4, "Plans": [{"Node Type": "Hash Join", "Parent Relationship": "Outer", "Join Type": "Inner", "Startup Cost": 64785.57, "Total Cost": 195065.16, "Plan Rows": 294, "Plan Width": 4, "Inner Unique": true, "Hash Cond": "(ci.person_id = n.id)", "Plans": [{"Node Type": "Streaming(type: LOCAL GATHER dop: 1/64)", "Parent Relationship": "Outer", "Startup Cost": 0.0, "Total Cost": 122309.64, "Plan Rows": 2350421, "Plan Width": 8, "Plans": [{"Node Type": "Seq Scan", "Parent Relationship": "Outer", "Relation Name": "cast_info", "Alias": "ci", "Startup Cost": 0.0, "Total Cost": 73820.73, "Plan Rows": 2350421, "Plan Width": 8, "Filter": "((note)::text = ANY ('{(producer),\"(executive producer)\"}'::text[]))"}]}, {"Node Type": "Hash", "Parent Relationship": "Inner", "Startup Cost": 64783.4, "Total Cost": 64783.4, "Plan Rows": 173, "Plan Width": 4, "Plans": [{"Node Type": "Streaming(type: LOCAL GATHER dop: 1/64)", "Parent Relationship": "Outer", "Startup Cost": 0.0, "Total Cost": 64783.4, "Plan Rows": 173, "Plan Width": 4, "Plans": [{"Node Type": "Seq Scan", "Parent Relationship": "Outer", "Relation Name": "name", "Alias": "n", "Startup Cost": 0.0, "Total Cost": 64779.83, "Plan Rows": 173, "Plan Width": 4, "Filter": "(((name)::text ~~ '%Tim%'::text) AND ((gender)::text = 'm'::text))"}]}]}]}]}]}]}]}]}, {"Node Type": "Hash", "Parent Relationship": "Inner", "Startup Cost": 67640.43, "Total Cost": 67640.43, "Plan Rows": 14869966, "Plan Width": 50, "Plans": [{"Node Type": "Seq Scan", "Parent Relationship": "Outer", "Relation Name": "movie_info", "Alias": "mi", "Startup Cost": 0.0, "Total Cost": 67640.43, "Plan Rows": 14869966, "Plan Width": 50}]}]}]}, {"Node Type": "Hash", "Parent Relationship": "Inner", "Startup Cost": 60069.11, "Total Cost": 60069.11, "Plan Rows": 2528311, "Plan Width": 21, "Plans": [{"Node Type": "Seq Scan", "Parent Relationship": "Outer", "Relation Name": "title", "Alias": "t", "Startup Cost": 0.0, "Total Cost": 60069.11, "Plan Rows": 2528311, "Plan Width": 21}]}]}]}]}]}, "Unique SQL Id": 4264520866, "Planner Runtime": 110}, "explain_analyze_plan": null}, "(64, '47')": {"explain_plan": {"Plan": {"Node Type": "Aggregate", "Strategy": "Plain", "Startup Cost": 7000364088471.87, "Total Cost": 7000364088471.88, "Plan Rows": 1, "Plan Width": 160, "Plans": [{"Node Type": "Nested Loop", "Parent Relationship": "Outer", "Join Type": "Inner", "Startup Cost": 70000000000.0, "Total Cost": 7000364088471.49, "Plan Rows": 51, "Plan Width": 64, "Inner Unique": false, "Join Filter": "(mi.movie_id = t.id)", "Plans": [{"Node Type": "Index Scan", "Parent Relationship": "Outer", "Scan Direction": "Forward", "Index Name": "title_pkey", "Relation Name": "title", "Alias": "t", "Startup Cost": 10000000000.0, "Total Cost": 1000011012048.91, "Plan Rows": 2528311, "Plan Width": 21}, {"Node Type": "Materialize", "Parent Relationship": "Inner", "Startup Cost": 60000000000.0, "Total Cost": 6000351142264.79, "Plan Rows": 51, "Plan Width": 59, "Plans": [{"Node Type": "Nested Loop", "Parent Relationship": "Outer", "Join Type": "Inner", "Startup Cost": 60000000000.0, "Total Cost": 6000351142264.53, "Plan Rows": 51, "Plan Width": 59, "Inner Unique": false, "Join Filter": "(mi_idx.movie_id = mi.movie_id)", "Plans": [{"Node Type": "Nested Loop", "Parent Relationship": "Outer", "Join Type": "Inner", "Startup Cost": 20000000000.0, "Total Cost": 2000004672156.88, "Plan Rows": 345008, "Plan Width": 9, "Inner Unique": true, "Join Filter": "(it2.id = mi_idx.info_type_id), (LLVM Optimized)", "Plans": [{"Node Type": "Index Scan", "Parent Relationship": "Outer", "Scan Direction": "Forward", "Index Name": "movie_id_movie_info_idx", "Relation Name": "movie_info_idx", "Alias": "mi_idx", "Startup Cost": 10000000000.0, "Total Cost": 1000004650035.37, "Plan Rows": 1380034, "Plan Width": 13}, {"Node Type": "Materialize", "Parent Relationship": "Inner", "Startup Cost": 10000000000.0, "Total Cost": 1000000001421.0, "Plan Rows": 1, "Plan Width": 4, "Plans": [{"Node Type": "Index Scan", "Parent Relationship": "Outer", "Scan Direction": "Forward", "Index Name": "info_type_pkey", "Relation Name": "info_type", "Alias": "it2", "Startup Cost": 10000000000.0, "Total Cost": 1000000001421.0, "Plan Rows": 1, "Plan Width": 4, "Filter": "((info)::text = 'votes'::text)"}]}]}, {"Node Type": "Materialize", "Parent Relationship": "Inner", "Startup Cost": 40000000000.0, "Total Cost": 4000345781817.02, "Plan Rows": 133, "Plan Width": 50, "Plans": [{"Node Type": "Nested Loop", "Parent Relationship": "Outer", "Join Type": "Inner", "Startup Cost": 40000000000.0, "Total Cost": 4000345781816.36, "Plan Rows": 133, "Plan Width": 50, "Inner Unique": false, "Join Filter": "(ci.movie_id = mi.movie_id)", "Plans": [{"Node Type": "Nested Loop", "Parent Relationship": "Outer", "Join Type": "Inner", "Startup Cost": 20000000000.0, "Total Cost": 2000104041382.71, "Plan Rows": 212428, "Plan Width": 46, "Inner Unique": true, "Join Filter": "(it1.id = mi.info_type_id), (LLVM Optimized)", "Plans": [{"Node Type": "Index Scan", "Parent Relationship": "Outer", "Scan Direction": "Forward", "Index Name": "movie_id_movie_info", "Relation Name": "movie_info", "Alias": "mi", "Startup Cost": 10000000000.0, "Total Cost": 1000103816912.22, "Plan Rows": 14869966, "Plan Width": 50}, {"Node Type": "Materialize", "Parent Relationship": "Inner", "Startup Cost": 10000000000.0, "Total Cost": 1000000001421.0, "Plan Rows": 1, "Plan Width": 4, "Plans": [{"Node Type": "Index Scan", "Parent Relationship": "Outer", "Scan Direction": "Forward", "Index Name": "info_type_pkey", "Relation Name": "info_type", "Alias": "it1", "Startup Cost": 10000000000.0, "Total Cost": 1000000001421.0, "Plan Rows": 1, "Plan Width": 4, "Filter": "((info)::text = 'budget'::text)"}]}]}, {"Node Type": "Materialize", "Parent Relationship": "Inner", "Startup Cost": 20000000000.0, "Total Cost": 2000240803626.91, "Plan Rows": 294, "Plan Width": 4, "Plans": [{"Node Type": "Nested Loop", "Parent Relationship": "Outer", "Join Type": "Inner", "Startup Cost": 20000000000.0, "Total Cost": 2000240803625.44, "Plan Rows": 294, "Plan Width": 4, "Inner Unique": true, "Join Filter": "(ci.person_id = n.id)", "Plans": [{"Node Type": "Index Scan", "Parent Relationship": "Outer", "Scan Direction": "Forward", "Index Name": "movie_id_cast_info", "Relation Name": "cast_info", "Alias": "ci", "Startup Cost": 10000000000.0, "Total Cost": 1000214997262.8, "Plan Rows": 2350421, "Plan Width": 8, "Filter": "((note)::text = ANY ('{(producer),\"(executive producer)\"}'::text[]))"}, {"Node Type": "Materialize", "Parent Relationship": "Inner", "Startup Cost": 10000000000.0, "Total Cost": 1000019707020.57, "Plan Rows": 173, "Plan Width": 4, "Plans": [{"Node Type": "Index Scan", "Parent Relationship": "Outer", "Scan Direction": "Forward", "Index Name": "name_pkey", "Relation Name": "name", "Alias": "n", "Startup Cost": 10000000000.0, "Total Cost": 1000019707019.7, "Plan Rows": 173, "Plan Width": 4, "Filter": "(((name)::text ~~ '%Tim%'::text) AND ((gender)::text = 'm'::text))"}]}]}]}]}]}]}]}]}]}, "Unique SQL Id": 4264520866, "Planner Runtime": 32}, "explain_analyze_plan": null}, "(64, '48')": {"explain_plan": {"Plan": {"Node Type": "Aggregate", "Strategy": "Plain", "Startup Cost": 72377.46, "Total Cost": 72377.47, "Plan Rows": 1, "Plan Width": 160, "Plans": [{"Node Type": "Nested Loop", "Parent Relationship": "Outer", "Join Type": "Inner", "Startup Cost": 0.0, "Total Cost": 72377.4, "Plan Rows": 8, "Plan Width": 64, "Inner Unique": true, "Plans": [{"Node Type": "Nested Loop", "Parent Relationship": "Outer", "Join Type": "Inner", "Startup Cost": 0.0, "Total Cost": 72374.78, "Plan Rows": 9, "Plan Width": 59, "Inner Unique": false, "Join Filter": "(mi.info_type_id = it1.id)", "Plans": [{"Node Type": "Seq Scan", "Parent Relationship": "Outer", "Relation Name": "info_type", "Alias": "it1", "Startup Cost": 0.0, "Total Cost": 2.4, "Plan Rows": 1, "Plan Width": 4, "Filter": "((info)::text = 'budget'::text)"}, {"Node Type": "Nested Loop", "Parent Relationship": "Inner", "Join Type": "Inner", "Startup Cost": 0.0, "Total Cost": 72368.89, "Plan Rows": 279, "Plan Width": 63, "Inner Unique": false, "Join Filter": "(mi_idx.movie_id = mi.movie_id)", "Plans": [{"Node Type": "Nested Loop", "Parent Relationship": "Outer", "Join Type": "Inner", "Startup Cost": 0.0, "Total Cost": 72329.29, "Plan Rows": 52, "Plan Width": 13, "Inner Unique": false, "Join Filter": "(mi_idx.info_type_id = it2.id)", "Plans": [{"Node Type": "Seq Scan", "Parent Relationship": "Outer", "Relation Name": "info_type", "Alias": "it2", "Startup Cost": 0.0, "Total Cost": 2.4, "Plan Rows": 1, "Plan Width": 4, "Filter": "((info)::text = 'votes'::text)"}, {"Node Type": "Materialize", "Parent Relationship": "Inner", "Startup Cost": 0.0, "Total Cost": 72323.43, "Plan Rows": 346, "Plan Width": 17, "Plans": [{"Node Type": "Nested Loop", "Parent Relationship": "Outer", "Join Type": "Inner", "Startup Cost": 0.0, "Total Cost": 72322.56, "Plan Rows": 346, "Plan Width": 17, "Inner Unique": false, "Plans": [{"Node Type": "Nested Loop", "Parent Relationship": "Outer", "Join Type": "Inner", "Startup Cost": 0.0, "Total Cost": 72225.77, "Plan Rows": 294, "Plan Width": 4, "Inner Unique": false, "Plans": [{"Node Type": "Streaming(type: LOCAL GATHER dop: 1/64)", "Parent Relationship": "Outer", "Startup Cost": 0.0, "Total Cost": 64783.4, "Plan Rows": 173, "Plan Width": 4, "Plans": [{"Node Type": "Seq Scan", "Parent Relationship": "Outer", "Relation Name": "name", "Alias": "n", "Startup Cost": 0.0, "Total Cost": 64779.83, "Plan Rows": 173, "Plan Width": 4, "Filter": "(((name)::text ~~ '%Tim%'::text) AND ((gender)::text = 'm'::text))"}]}, {"Node Type": "Index Scan", "Parent Relationship": "Inner", "Scan Direction": "Forward", "Index Name": "person_id_cast_info", "Relation Name": "cast_info", "Alias": "ci", "Startup Cost": 0.0, "Total Cost": 43.0, "Plan Rows": 2, "Plan Width": 8, "Index Cond": "(person_id = n.id)", "Filter": "((note)::text = ANY ('{(producer),\"(executive producer)\"}'::text[]))"}]}, {"Node Type": "Index Scan", "Parent Relationship": "Inner", "Scan Direction": "Forward", "Index Name": "movie_id_movie_info_idx", "Relation Name": "movie_info_idx", "Alias": "mi_idx", "Startup Cost": 0.0, "Total Cost": 0.31, "Plan Rows": 2, "Plan Width": 13, "Index Cond": "(movie_id = ci.movie_id)"}]}]}]}, {"Node Type": "Index Scan", "Parent Relationship": "Inner", "Scan Direction": "Forward", "Index Name": "movie_id_movie_info", "Relation Name": "movie_info", "Alias": "mi", "Startup Cost": 0.0, "Total Cost": 0.7, "Plan Rows": 5, "Plan Width": 50, "Index Cond": "(movie_id = ci.movie_id)"}]}]}, {"Node Type": "Index Scan", "Parent Relationship": "Inner", "Scan Direction": "Forward", "Index Name": "title_pkey", "Relation Name": "title", "Alias": "t", "Startup Cost": 0.0, "Total Cost": 0.28, "Plan Rows": 1, "Plan Width": 21, "Index Cond": "(id = mi.movie_id)"}]}]}, "Unique SQL Id": 4264520866, "Planner Runtime": 8}, "explain_analyze_plan": {"Plan": {"Node Type": "Aggregate", "Strategy": "Plain", "Startup Cost": 72377.46, "Total Cost": 72377.47, "Plan Rows": 1, "Plan Width": 160, "Actual Min Startup Time": 413.389, "Actual Max Startup Time": 413.389, "Actual Min Total Time": 413.389, "Actual Max Total Time": 413.389, "Plans": [{"Node Type": "Nested Loop", "Parent Relationship": "Outer", "Join Type": "Inner", "Startup Cost": 0.0, "Total Cost": 72377.4, "Plan Rows": 8, "Plan Width": 64, "Actual Min Startup Time": 272.667, "Actual Max Startup Time": 272.667, "Actual Min Total Time": 412.915, "Actual Max Total Time": 412.915, "Inner Unique": true, "Plans": [{"Node Type": "Nested Loop", "Parent Relationship": "Outer", "Join Type": "Inner", "Startup Cost": 0.0, "Total Cost": 72374.78, "Plan Rows": 9, "Plan Width": 59, "Actual Min Startup Time": 272.648, "Actual Max Startup Time": 272.648, "Actual Min Total Time": 409.287, "Actual Max Total Time": 409.287, "Inner Unique": false, "Join Filter": "(mi.info_type_id = it1.id)", "Rows Removed by Join Filter": 81998, "Plans": [{"Node Type": "Seq Scan", "Parent Relationship": "Outer", "Relation Name": "info_type", "Alias": "it1", "Startup Cost": 0.0, "Total Cost": 2.4, "Plan Rows": 1, "Plan Width": 4, "Actual Min Startup Time": 0.083, "Actual Max Startup Time": 0.083, "Actual Min Total Time": 0.092, "Actual Max Total Time": 0.092, "Filter": "((info)::text = 'budget'::text)", "Rows Removed by Filter": 111, "Actual Rows": 1}, {"Node Type": "Nested Loop", "Parent Relationship": "Inner", "Join Type": "Inner", "Startup Cost": 0.0, "Total Cost": 72368.89, "Plan Rows": 279, "Plan Width": 63, "Actual Min Startup Time": 272.017, "Actual Max Startup Time": 272.017, "Actual Min Total Time": 393.425, "Actual Max Total Time": 393.425, "Inner Unique": false, "Join Filter": "(mi_idx.movie_id = mi.movie_id)", "Rows Removed by Join Filter": 0, "Plans": [{"Node Type": "Nested Loop", "Parent Relationship": "Outer", "Join Type": "Inner", "Startup Cost": 0.0, "Total Cost": 72329.29, "Plan Rows": 52, "Plan Width": 13, "Actual Min Startup Time": 271.998, "Actual Max Startup Time": 271.998, "Actual Min Total Time": 276.21, "Actual Max Total Time": 276.21, "Inner Unique": false, "Join Filter": "(mi_idx.info_type_id = it2.id)", "Rows Removed by Join Filter": 6875, "Plans": [{"Node Type": "Seq Scan", "Parent Relationship": "Outer", "Relation Name": "info_type", "Alias": "it2", "Startup Cost": 0.0, "Total Cost": 2.4, "Plan Rows": 1, "Plan Width": 4, "Actual Min Startup Time": 0.055, "Actual Max Startup Time": 0.055, "Actual Min Total Time": 0.07, "Actual Max Total Time": 0.07, "Filter": "((info)::text = 'votes'::text)", "Rows Removed by Filter": 111, "Actual Rows": 1}, {"Node Type": "Materialize", "Parent Relationship": "Inner", "Startup Cost": 0.0, "Total Cost": 72323.43, "Plan Rows": 346, "Plan Width": 17, "Actual Min Startup Time": 271.93, "Actual Max Startup Time": 271.93, "Actual Min Total Time": 273.234, "Actual Max Total Time": 273.234, "Plans": [{"Node Type": "Nested Loop", "Parent Relationship": "Outer", "Join Type": "Inner", "Startup Cost": 0.0, "Total Cost": 72322.56, "Plan Rows": 346, "Plan Width": 17, "Actual Min Startup Time": 80.747, "Actual Max Startup Time": 80.747, "Actual Min Total Time": 268.97, "Actual Max Total Time": 268.97, "Inner Unique": false, "Plans": [{"Node Type": "Nested Loop", "Parent Relationship": "Outer", "Join Type": "Inner", "Startup Cost": 0.0, "Total Cost": 72225.77, "Plan Rows": 294, "Plan Width": 4, "Actual Min Startup Time": 80.727, "Actual Max Startup Time": 80.727, "Actual Min Total Time": 231.531, "Actual Max Total Time": 231.531, "Inner Unique": false, "Plans": [{"Node Type": "Streaming(type: LOCAL GATHER dop: 1/64)", "Parent Relationship": "Outer", "Startup Cost": 0.0, "Total Cost": 64783.4, "Plan Rows": 173, "Plan Width": 4, "Actual Min Startup Time": 80.526, "Actual Max Startup Time": 80.526, "Actual Min Total Time": 99.298, "Actual Max Total Time": 99.298, "Plans": [{"Node Type": "Seq Scan", "Parent Relationship": "Outer", "Relation Name": "name", "Alias": "n", "Startup Cost": 0.0, "Total Cost": 64779.83, "Plan Rows": 173, "Plan Width": 4, "Actual Min Startup Time": 0.029, "Actual Max Startup Time": 0.86, "Actual Min Total Time": 25.533, "Actual Max Total Time": 29.548, "Filter": "(((name)::text ~~ '%Tim%'::text) AND ((gender)::text = 'm'::text))", "Rows Removed by Filter": 4158428, "Actual Rows": 9062}], "Actual Rows": 9062}, {"Node Type": "Index Scan", "Parent Relationship": "Inner", "Scan Direction": "Forward", "Index Name": "person_id_cast_info", "Relation Name": "cast_info", "Alias": "ci", "Startup Cost": 0.0, "Total Cost": 43.0, "Plan Rows": 2, "Plan Width": 8, "Actual Min Startup Time": 106.638, "Actual Max Startup Time": 106.638, "Actual Min Total Time": 126.058, "Actual Max Total Time": 126.058, "Index Cond": "(person_id = n.id)", "Rows Removed by Index Recheck": 0, "Filter": "((note)::text = ANY ('{(producer),\"(executive producer)\"}'::text[]))", "Rows Removed by Filter": 89309, "Actual Rows": 6719}], "Actual Rows": 6719}, {"Node Type": "Index Scan", "Parent Relationship": "Inner", "Scan Direction": "Forward", "Index Name": "movie_id_movie_info_idx", "Relation Name": "movie_info_idx", "Alias": "mi_idx", "Startup Cost": 0.0, "Total Cost": 0.31, "Plan Rows": 2, "Plan Width": 13, "Actual Min Startup Time": 27.643, "Actual Max Startup Time": 27.643, "Actual Min Total Time": 31.799, "Actual Max Total Time": 31.799, "Index Cond": "(movie_id = ci.movie_id)", "Rows Removed by Index Recheck": 0, "Actual Rows": 10310}], "Actual Rows": 10310}], "Actual Rows": 10311}], "Actual Rows": 3435}, {"Node Type": "Index Scan", "Parent Relationship": "Inner", "Scan Direction": "Forward", "Index Name": "movie_id_movie_info", "Relation Name": "movie_info", "Alias": "mi", "Startup Cost": 0.0, "Total Cost": 0.7, "Plan Rows": 5, "Plan Width": 50, "Actual Min Startup Time": 21.896, "Actual Max Startup Time": 21.896, "Actual Min Total Time": 88.143, "Actual Max Total Time": 88.143, "Index Cond": "(movie_id = ci.movie_id)", "Rows Removed by Index Recheck": 0, "Actual Rows": 82408}], "Actual Rows": 82408}], "Actual Rows": 410}, {"Node Type": "Index Scan", "Parent Relationship": "Inner", "Scan Direction": "Forward", "Index Name": "title_pkey", "Relation Name": "title", "Alias": "t", "Startup Cost": 0.0, "Total Cost": 0.28, "Plan Rows": 1, "Plan Width": 21, "Actual Min Startup Time": 3.263, "Actual Max Startup Time": 3.263, "Actual Min Total Time": 3.263, "Actual Max Total Time": 3.263, "Index Cond": "(id = mi.movie_id)", "Rows Removed by Index Recheck": 0, "Actual Rows": 410}], "Actual Rows": 410}], "Actual Rows": 1}, "Triggers": [], "Planner Runtime": 8.192, "Total Runtime": 425.547, "Unique SQL Id": 4264520866}}, "(64, '49')": {"explain_plan": {"Plan": {"Node Type": "Aggregate", "Strategy": "Plain", "Startup Cost": 204687.88, "Total Cost": 204687.89, "Plan Rows": 1, "Plan Width": 160, "Plans": [{"Node Type": "Nested Loop", "Parent Relationship": "Outer", "Join Type": "Inner", "Startup Cost": 0.0, "Total Cost": 204687.82, "Plan Rows": 8, "Plan Width": 64, "Inner Unique": true, "Plans": [{"Node Type": "Nested Loop", "Parent Relationship": "Outer", "Join Type": "Inner", "Startup Cost": 0.0, "Total Cost": 204685.19, "Plan Rows": 9, "Plan Width": 59, "Inner Unique": false, "Join Filter": "(mi.info_type_id = it1.id)", "Plans": [{"Node Type": "Index Scan", "Parent Relationship": "Outer", "Scan Direction": "Forward", "Index Name": "info_type_pkey", "Relation Name": "info_type", "Alias": "it1", "Startup Cost": 0.0, "Total Cost": 14.21, "Plan Rows": 1, "Plan Width": 4, "Filter": "((info)::text = 'budget'::text)"}, {"Node Type": "Nested Loop", "Parent Relationship": "Inner", "Join Type": "Inner", "Startup Cost": 0.0, "Total Cost": 204667.49, "Plan Rows": 279, "Plan Width": 63, "Inner Unique": false, "Join Filter": "(mi_idx.movie_id = mi.movie_id)", "Plans": [{"Node Type": "Nested Loop", "Parent Relationship": "Outer", "Join Type": "Inner", "Startup Cost": 0.0, "Total Cost": 204627.89, "Plan Rows": 52, "Plan Width": 13, "Inner Unique": false, "Join Filter": "(mi_idx.info_type_id = it2.id)", "Plans": [{"Node Type": "Index Scan", "Parent Relationship": "Outer", "Scan Direction": "Forward", "Index Name": "info_type_pkey", "Relation Name": "info_type", "Alias": "it2", "Startup Cost": 0.0, "Total Cost": 14.21, "Plan Rows": 1, "Plan Width": 4, "Filter": "((info)::text = 'votes'::text)"}, {"Node Type": "Nested Loop", "Parent Relationship": "Inner", "Join Type": "Inner", "Startup Cost": 0.0, "Total Cost": 204609.36, "Plan Rows": 346, "Plan Width": 17, "Inner Unique": false, "Plans": [{"Node Type": "Nested Loop", "Parent Relationship": "Outer", "Join Type": "Inner", "Startup Cost": 0.0, "Total Cost": 204512.56, "Plan Rows": 294, "Plan Width": 4, "Inner Unique": false, "Plans": [{"Node Type": "Index Scan", "Parent Relationship": "Outer", "Scan Direction": "Forward", "Index Name": "name_pkey", "Relation Name": "name", "Alias": "n", "Startup Cost": 0.0, "Total Cost": 197070.2, "Plan Rows": 173, "Plan Width": 4, "Filter": "(((name)::text ~~ '%Tim%'::text) AND ((gender)::text = 'm'::text))"}, {"Node Type": "Index Scan", "Parent Relationship": "Inner", "Scan Direction": "Forward", "Index Name": "person_id_cast_info", "Relation Name": "cast_info", "Alias": "ci", "Startup Cost": 0.0, "Total Cost": 43.0, "Plan Rows": 2, "Plan Width": 8, "Index Cond": "(person_id = n.id)", "Filter": "((note)::text = ANY ('{(producer),\"(executive producer)\"}'::text[]))"}]}, {"Node Type": "Index Scan", "Parent Relationship": "Inner", "Scan Direction": "Forward", "Index Name": "movie_id_movie_info_idx", "Relation Name": "movie_info_idx", "Alias": "mi_idx", "Startup Cost": 0.0, "Total Cost": 0.31, "Plan Rows": 2, "Plan Width": 13, "Index Cond": "(movie_id = ci.movie_id)"}]}]}, {"Node Type": "Index Scan", "Parent Relationship": "Inner", "Scan Direction": "Forward", "Index Name": "movie_id_movie_info", "Relation Name": "movie_info", "Alias": "mi", "Startup Cost": 0.0, "Total Cost": 0.7, "Plan Rows": 5, "Plan Width": 50, "Index Cond": "(movie_id = ci.movie_id)"}]}]}, {"Node Type": "Index Scan", "Parent Relationship": "Inner", "Scan Direction": "Forward", "Index Name": "title_pkey", "Relation Name": "title", "Alias": "t", "Startup Cost": 0.0, "Total Cost": 0.28, "Plan Rows": 1, "Plan Width": 21, "Index Cond": "(id = mi.movie_id)"}]}]}, "Unique SQL Id": 4264520866, "Planner Runtime": 7}, "explain_analyze_plan": null}, "(64, '50')": {"explain_plan": {"Plan": {"Node Type": "Aggregate", "Strategy": "Plain", "Startup Cost": 79447.84, "Total Cost": 79447.85, "Plan Rows": 1, "Plan Width": 160, "Plans": [{"Node Type": "Nested Loop", "Parent Relationship": "Outer", "Join Type": "Inner", "Startup Cost": 5.3, "Total Cost": 79447.78, "Plan Rows": 8, "Plan Width": 64, "Inner Unique": true, "Plans": [{"Node Type": "Nested Loop", "Parent Relationship": "Outer", "Join Type": "Inner", "Startup Cost": 5.04, "Total Cost": 79409.23, "Plan Rows": 9, "Plan Width": 59, "Inner Unique": false, "Join Filter": "(mi_idx.info_type_id = it2.id)", "Plans": [{"Node Type": "Seq Scan", "Parent Relationship": "Outer", "Relation Name": "info_type", "Alias": "it2", "Startup Cost": 0.0, "Total Cost": 2.4, "Plan Rows": 1, "Plan Width": 4, "Filter": "((info)::text = 'votes'::text)"}, {"Node Type": "Nested Loop", "Parent Relationship": "Inner", "Join Type": "Inner", "Startup Cost": 5.04, "Total Cost": 79406.41, "Plan Rows": 34, "Plan Width": 63, "Inner Unique": false, "Plans": [{"Node Type": "Nested Loop", "Parent Relationship": "Outer", "Join Type": "Inner", "Startup Cost": 4.77, "Total Cost": 79311.55, "Plan Rows": 22, "Plan Width": 50, "Inner Unique": false, "Join Filter": "(mi.info_type_id = it1.id)", "Plans": [{"Node Type": "Seq Scan", "Parent Relationship": "Outer", "Relation Name": "info_type", "Alias": "it1", "Startup Cost": 0.0, "Total Cost": 2.4, "Plan Rows": 1, "Plan Width": 4, "Filter": "((info)::text = 'budget'::text)"}, {"Node Type": "Materialize", "Parent Relationship": "Inner", "Startup Cost": 4.77, "Total Cost": 79293.54, "Plan Rows": 1561, "Plan Width": 54, "Plans": [{"Node Type": "Nested Loop", "Parent Relationship": "Outer", "Join Type": "Inner", "Startup Cost": 4.77, "Total Cost": 79289.64, "Plan Rows": 1561, "Plan Width": 54, "Inner Unique": false, "Plans": [{"Node Type": "Nested Loop", "Parent Relationship": "Outer", "Join Type": "Inner", "Startup Cost": 4.39, "Total Cost": 77967.24, "Plan Rows": 294, "Plan Width": 4, "Inner Unique": false, "Plans": [{"Node Type": "Streaming(type: LOCAL GATHER dop: 1/64)", "Parent Relationship": "Outer", "Startup Cost": 0.0, "Total Cost": 64783.4, "Plan Rows": 173, "Plan Width": 4, "Plans": [{"Node Type": "Seq Scan", "Parent Relationship": "Outer", "Relation Name": "name", "Alias": "n", "Startup Cost": 0.0, "Total Cost": 64779.83, "Plan Rows": 173, "Plan Width": 4, "Filter": "(((name)::text ~~ '%Tim%'::text) AND ((gender)::text = 'm'::text))"}]}, {"Node Type": "Bitmap Heap Scan", "Parent Relationship": "Inner", "Relation Name": "cast_info", "Alias": "ci", "Startup Cost": 4.39, "Total Cost": 76.19, "Plan Rows": 2, "Plan Width": 8, "Recheck Cond": "(person_id = n.id)", "Filter": "((note)::text = ANY ('{(producer),\"(executive producer)\"}'::text[]))", "Plans": [{"Node Type": "Bitmap Index Scan", "Parent Relationship": "Outer", "Index Name": "person_id_cast_info", "Startup Cost": 0.0, "Total Cost": 4.38, "Plan Rows": 18, "Plan Width": 0, "Index Cond": "(person_id = n.id)"}]}]}, {"Node Type": "Bitmap Heap Scan", "Parent Relationship": "Inner", "Relation Name": "movie_info", "Alias": "mi", "Startup Cost": 0.39, "Total Cost": 4.45, "Plan Rows": 5, "Plan Width": 50, "Recheck Cond": "(movie_id = ci.movie_id)", "Plans": [{"Node Type": "Bitmap Index Scan", "Parent Relationship": "Outer", "Index Name": "movie_id_movie_info", "Startup Cost": 0.0, "Total Cost": 0.38, "Plan Rows": 5, "Plan Width": 0, "Index Cond": "(movie_id = ci.movie_id)"}]}]}]}]}, {"Node Type": "Bitmap Heap Scan", "Parent Relationship": "Inner", "Relation Name": "movie_info_idx", "Alias": "mi_idx", "Startup Cost": 0.27, "Total Cost": 4.29, "Plan Rows": 2, "Plan Width": 13, "Recheck Cond": "(movie_id = mi.movie_id)", "Plans": [{"Node Type": "Bitmap Index Scan", "Parent Relationship": "Outer", "Index Name": "movie_id_movie_info_idx", "Startup Cost": 0.0, "Total Cost": 0.27, "Plan Rows": 2, "Plan Width": 0, "Index Cond": "(movie_id = mi.movie_id)"}]}]}]}, {"Node Type": "Bitmap Heap Scan", "Parent Relationship": "Inner", "Relation Name": "title", "Alias": "t", "Startup Cost": 0.26, "Total Cost": 4.27, "Plan Rows": 1, "Plan Width": 21, "Recheck Cond": "(id = mi.movie_id)", "Plans": [{"Node Type": "Bitmap Index Scan", "Parent Relationship": "Outer", "Index Name": "title_pkey", "Startup Cost": 0.0, "Total Cost": 0.26, "Plan Rows": 1, "Plan Width": 0, "Index Cond": "(id = mi.movie_id)"}]}]}]}, "Unique SQL Id": 4264520866, "Planner Runtime": 16}, "explain_analyze_plan": {"Plan": {"Node Type": "Aggregate", "Strategy": "Plain", "Startup Cost": 79447.84, "Total Cost": 79447.85, "Plan Rows": 1, "Plan Width": 160, "Actual Min Startup Time": 474.822, "Actual Max Startup Time": 474.822, "Actual Min Total Time": 474.823, "Actual Max Total Time": 474.823, "Plans": [{"Node Type": "Nested Loop", "Parent Relationship": "Outer", "Join Type": "Inner", "Startup Cost": 5.3, "Total Cost": 79447.78, "Plan Rows": 8, "Plan Width": 64, "Actual Min Startup Time": 426.302, "Actual Max Startup Time": 426.302, "Actual Min Total Time": 474.342, "Actual Max Total Time": 474.342, "Inner Unique": true, "Plans": [{"Node Type": "Nested Loop", "Parent Relationship": "Outer", "Join Type": "Inner", "Startup Cost": 5.04, "Total Cost": 79409.23, "Plan Rows": 9, "Plan Width": 59, "Actual Min Startup Time": 426.264, "Actual Max Startup Time": 426.264, "Actual Min Total Time": 470.262, "Actual Max Total Time": 470.262, "Inner Unique": false, "Join Filter": "(mi_idx.info_type_id = it2.id)", "Rows Removed by Join Filter": 825, "Plans": [{"Node Type": "Seq Scan", "Parent Relationship": "Outer", "Relation Name": "info_type", "Alias": "it2", "Startup Cost": 0.0, "Total Cost": 2.4, "Plan Rows": 1, "Plan Width": 4, "Actual Min Startup Time": 0.074, "Actual Max Startup Time": 0.074, "Actual Min Total Time": 0.086, "Actual Max Total Time": 0.086, "Filter": "((info)::text = 'votes'::text)", "Rows Removed by Filter": 111, "Actual Rows": 1}, {"Node Type": "Nested Loop", "Parent Relationship": "Inner", "Join Type": "Inner", "Startup Cost": 5.04, "Total Cost": 79406.41, "Plan Rows": 34, "Plan Width": 63, "Actual Min Startup Time": 426.174, "Actual Max Startup Time": 426.174, "Actual Min Total Time": 467.716, "Actual Max Total Time": 467.716, "Inner Unique": false, "Plans": [{"Node Type": "Nested Loop", "Parent Relationship": "Outer", "Join Type": "Inner", "Startup Cost": 4.77, "Total Cost": 79311.55, "Plan Rows": 22, "Plan Width": 50, "Actual Min Startup Time": 426.117, "Actual Max Startup Time": 426.117, "Actual Min Total Time": 461.124, "Actual Max Total Time": 461.124, "Inner Unique": false, "Join Filter": "(mi.info_type_id = it1.id)", "Rows Removed by Join Filter": 95197, "Plans": [{"Node Type": "Seq Scan", "Parent Relationship": "Outer", "Relation Name": "info_type", "Alias": "it1", "Startup Cost": 0.0, "Total Cost": 2.4, "Plan Rows": 1, "Plan Width": 4, "Actual Min Startup Time": 0.068, "Actual Max Startup Time": 0.068, "Actual Min Total Time": 0.079, "Actual Max Total Time": 0.079, "Filter": "((info)::text = 'budget'::text)", "Rows Removed by Filter": 111, "Actual Rows": 1}, {"Node Type": "Materialize", "Parent Relationship": "Inner", "Startup Cost": 4.77, "Total Cost": 79293.54, "Plan Rows": 1561, "Plan Width": 54, "Actual Min Startup Time": 424.955, "Actual Max Startup Time": 424.955, "Actual Min Total Time": 436.983, "Actual Max Total Time": 436.983, "Plans": [{"Node Type": "Nested Loop", "Parent Relationship": "Outer", "Join Type": "Inner", "Startup Cost": 4.77, "Total Cost": 79289.64, "Plan Rows": 1561, "Plan Width": 54, "Actual Min Startup Time": 53.437, "Actual Max Startup Time": 53.437, "Actual Min Total Time": 398.131, "Actual Max Total Time": 398.131, "Inner Unique": false, "Plans": [{"Node Type": "Nested Loop", "Parent Relationship": "Outer", "Join Type": "Inner", "Startup Cost": 4.39, "Total Cost": 77967.24, "Plan Rows": 294, "Plan Width": 4, "Actual Min Startup Time": 53.405, "Actual Max Startup Time": 53.405, "Actual Min Total Time": 225.682, "Actual Max Total Time": 225.682, "Inner Unique": false, "Plans": [{"Node Type": "Streaming(type: LOCAL GATHER dop: 1/64)", "Parent Relationship": "Outer", "Startup Cost": 0.0, "Total Cost": 64783.4, "Plan Rows": 173, "Plan Width": 4, "Actual Min Startup Time": 52.903, "Actual Max Startup Time": 52.903, "Actual Min Total Time": 78.369, "Actual Max Total Time": 78.369, "Plans": [{"Node Type": "Seq Scan", "Parent Relationship": "Outer", "Relation Name": "name", "Alias": "n", "Startup Cost": 0.0, "Total Cost": 64779.83, "Plan Rows": 173, "Plan Width": 4, "Actual Min Startup Time": 0.029, "Actual Max Startup Time": 0.841, "Actual Min Total Time": 25.435, "Actual Max Total Time": 29.353, "Filter": "(((name)::text ~~ '%Tim%'::text) AND ((gender)::text = 'm'::text))", "Rows Removed by Filter": 4158428, "Actual Rows": 9062}], "Actual Rows": 9062}, {"Node Type": "Bitmap Heap Scan", "Parent Relationship": "Inner", "Relation Name": "cast_info", "Alias": "ci", "Startup Cost": 4.39, "Total Cost": 76.19, "Plan Rows": 2, "Plan Width": 8, "Actual Min Startup Time": 119.075, "Actual Max Startup Time": 119.075, "Actual Min Total Time": 134.847, "Actual Max Total Time": 134.847, "Recheck Cond": "(person_id = n.id)", "Rows Removed by Index Recheck": 0, "Filter": "((note)::text = ANY ('{(producer),\"(executive producer)\"}'::text[]))", "Rows Removed by Filter": 89309, "Exact Heap Blocks": 13336, "Lossy Heap Blocks": 13336, "Plans": [{"Node Type": "Bitmap Index Scan", "Parent Relationship": "Outer", "Index Name": "person_id_cast_info", "Startup Cost": 0.0, "Total Cost": 4.38, "Plan Rows": 18, "Plan Width": 0, "Actual Min Startup Time": 51.429, "Actual Max Startup Time": 51.429, "Actual Min Total Time": 51.429, "Actual Max Total Time": 51.429, "Index Cond": "(person_id = n.id)", "Actual Rows": 96028}], "Actual Rows": 6719}], "Actual Rows": 6719}, {"Node Type": "Bitmap Heap Scan", "Parent Relationship": "Inner", "Relation Name": "movie_info", "Alias": "mi", "Startup Cost": 0.39, "Total Cost": 4.45, "Plan Rows": 5, "Plan Width": 50, "Actual Min Startup Time": 61.638, "Actual Max Startup Time": 61.638, "Actual Min Total Time": 143.35, "Actual Max Total Time": 143.35, "Recheck Cond": "(movie_id = ci.movie_id)", "Rows Removed by Index Recheck": 0, "Exact Heap Blocks": 40013, "Lossy Heap Blocks": 40013, "Plans": [{"Node Type": "Bitmap Index Scan", "Parent Relationship": "Outer", "Index Name": "movie_id_movie_info", "Startup Cost": 0.0, "Total Cost": 0.38, "Plan Rows": 5, "Plan Width": 0, "Actual Min Startup Time": 42.937, "Actual Max Startup Time": 42.937, "Actual Min Total Time": 42.937, "Actual Max Total Time": 42.937, "Index Cond": "(movie_id = ci.movie_id)", "Actual Rows": 95896}], "Actual Rows": 95896}], "Actual Rows": 95896}], "Actual Rows": 95897}], "Actual Rows": 699}, {"Node Type": "Bitmap Heap Scan", "Parent Relationship": "Inner", "Relation Name": "movie_info_idx", "Alias": "mi_idx", "Startup Cost": 0.27, "Total Cost": 4.29, "Plan Rows": 2, "Plan Width": 13, "Actual Min Startup Time": 5.274, "Actual Max Startup Time": 5.274, "Actual Min Total Time": 5.452, "Actual Max Total Time": 5.452, "Recheck Cond": "(movie_id = mi.movie_id)", "Rows Removed by Index Recheck": 0, "Exact Heap Blocks": 419, "Lossy Heap Blocks": 419, "Plans": [{"Node Type": "Bitmap Index Scan", "Parent Relationship": "Outer", "Index Name": "movie_id_movie_info_idx", "Startup Cost": 0.0, "Total Cost": 0.27, "Plan Rows": 2, "Plan Width": 0, "Actual Min Startup Time": 3.756, "Actual Max Startup Time": 3.756, "Actual Min Total Time": 3.756, "Actual Max Total Time": 3.756, "Index Cond": "(movie_id = mi.movie_id)", "Actual Rows": 1235}], "Actual Rows": 1235}], "Actual Rows": 1235}], "Actual Rows": 410}, {"Node Type": "Bitmap Heap Scan", "Parent Relationship": "Inner", "Relation Name": "title", "Alias": "t", "Startup Cost": 0.26, "Total Cost": 4.27, "Plan Rows": 1, "Plan Width": 21, "Actual Min Startup Time": 3.524, "Actual Max Startup Time": 3.524, "Actual Min Total Time": 3.524, "Actual Max Total Time": 3.524, "Recheck Cond": "(id = mi.movie_id)", "Rows Removed by Index Recheck": 0, "Exact Heap Blocks": 410, "Lossy Heap Blocks": 410, "Plans": [{"Node Type": "Bitmap Index Scan", "Parent Relationship": "Outer", "Index Name": "title_pkey", "Startup Cost": 0.0, "Total Cost": 0.26, "Plan Rows": 1, "Plan Width": 0, "Actual Min Startup Time": 2.188, "Actual Max Startup Time": 2.188, "Actual Min Total Time": 2.188, "Actual Max Total Time": 2.188, "Index Cond": "(id = mi.movie_id)", "Actual Rows": 410}], "Actual Rows": 410}], "Actual Rows": 410}], "Actual Rows": 1}, "Triggers": [], "Planner Runtime": 26.768, "Total Runtime": 487.412, "Unique SQL Id": 4264520866}}, "(64, '51')": {"explain_plan": {"Plan": {"Node Type": "Aggregate", "Strategy": "Plain", "Startup Cost": 211886.13, "Total Cost": 211886.14, "Plan Rows": 1, "Plan Width": 160, "Plans": [{"Node Type": "Nested Loop", "Parent Relationship": "Outer", "Join Type": "Inner", "Startup Cost": 83172.11, "Total Cost": 211886.07, "Plan Rows": 8, "Plan Width": 64, "Inner Unique": true, "Plans": [{"Node Type": "Nested Loop", "Parent Relationship": "Outer", "Join Type": "Inner", "Startup Cost": 83171.85, "Total Cost": 211847.52, "Plan Rows": 9, "Plan Width": 59, "Inner Unique": true, "Plans": [{"Node Type": "Nested Loop", "Parent Relationship": "Outer", "Join Type": "Inner", "Startup Cost": 83171.59, "Total Cost": 211701.91, "Plan Rows": 34, "Plan Width": 63, "Inner Unique": false, "Plans": [{"Node Type": "Nested Loop", "Parent Relationship": "Outer", "Join Type": "Inner", "Startup Cost": 83171.32, "Total Cost": 211607.05, "Plan Rows": 22, "Plan Width": 50, "Inner Unique": false, "Join Filter": "(mi.info_type_id = it1.id)", "Plans": [{"Node Type": "Bitmap Heap Scan", "Parent Relationship": "Outer", "Relation Name": "info_type", "Alias": "it1", "Startup Cost": 8.81, "Total Cost": 14.21, "Plan Rows": 1, "Plan Width": 4, "Filter": "((info)::text = 'budget'::text)", "Plans": [{"Node Type": "Bitmap Index Scan", "Parent Relationship": "Outer", "Index Name": "info_type_pkey", "Startup Cost": 0.0, "Total Cost": 8.81, "Plan Rows": 112, "Plan Width": 0}]}, {"Node Type": "Nested Loop", "Parent Relationship": "Inner", "Join Type": "Inner", "Startup Cost": 83162.51, "Total Cost": 211573.33, "Plan Rows": 1561, "Plan Width": 54, "Inner Unique": false, "Plans": [{"Node Type": "Nested Loop", "Parent Relationship": "Outer", "Join Type": "Inner", "Startup Cost": 83162.13, "Total Cost": 210250.93, "Plan Rows": 294, "Plan Width": 4, "Inner Unique": false, "Plans": [{"Node Type": "Bitmap Heap Scan", "Parent Relationship": "Outer", "Relation Name": "name", "Alias": "n", "Startup Cost": 83157.74, "Total Cost": 197067.09, "Plan Rows": 173, "Plan Width": 4, "Filter": "(((name)::text ~~ '%Tim%'::text) AND ((gender)::text = 'm'::text))", "Plans": [{"Node Type": "Bitmap Index Scan", "Parent Relationship": "Outer", "Index Name": "name_pkey", "Startup Cost": 0.0, "Total Cost": 83157.7, "Plan Rows": 4167490, "Plan Width": 0}]}, {"Node Type": "Bitmap Heap Scan", "Parent Relationship": "Inner", "Relation Name": "cast_info", "Alias": "ci", "Startup Cost": 4.39, "Total Cost": 76.19, "Plan Rows": 2, "Plan Width": 8, "Recheck Cond": "(person_id = n.id)", "Filter": "((note)::text = ANY ('{(producer),\"(executive producer)\"}'::text[]))", "Plans": [{"Node Type": "Bitmap Index Scan", "Parent Relationship": "Outer", "Index Name": "person_id_cast_info", "Startup Cost": 0.0, "Total Cost": 4.38, "Plan Rows": 18, "Plan Width": 0, "Index Cond": "(person_id = n.id)"}]}]}, {"Node Type": "Bitmap Heap Scan", "Parent Relationship": "Inner", "Relation Name": "movie_info", "Alias": "mi", "Startup Cost": 0.39, "Total Cost": 4.45, "Plan Rows": 5, "Plan Width": 50, "Recheck Cond": "(movie_id = ci.movie_id)", "Plans": [{"Node Type": "Bitmap Index Scan", "Parent Relationship": "Outer", "Index Name": "movie_id_movie_info", "Startup Cost": 0.0, "Total Cost": 0.38, "Plan Rows": 5, "Plan Width": 0, "Index Cond": "(movie_id = ci.movie_id)"}]}]}]}, {"Node Type": "Bitmap Heap Scan", "Parent Relationship": "Inner", "Relation Name": "movie_info_idx", "Alias": "mi_idx", "Startup Cost": 0.27, "Total Cost": 4.29, "Plan Rows": 2, "Plan Width": 13, "Recheck Cond": "(movie_id = mi.movie_id)", "Plans": [{"Node Type": "Bitmap Index Scan", "Parent Relationship": "Outer", "Index Name": "movie_id_movie_info_idx", "Startup Cost": 0.0, "Total Cost": 0.27, "Plan Rows": 2, "Plan Width": 0, "Index Cond": "(movie_id = mi.movie_id)"}]}]}, {"Node Type": "Bitmap Heap Scan", "Parent Relationship": "Inner", "Relation Name": "info_type", "Alias": "it2", "Startup Cost": 0.26, "Total Cost": 4.27, "Plan Rows": 1, "Plan Width": 4, "Recheck Cond": "(id = mi_idx.info_type_id)", "Filter": "((info)::text = 'votes'::text)", "Plans": [{"Node Type": "Bitmap Index Scan", "Parent Relationship": "Outer", "Index Name": "info_type_pkey", "Startup Cost": 0.0, "Total Cost": 0.26, "Plan Rows": 1, "Plan Width": 0, "Index Cond": "(id = mi_idx.info_type_id)"}]}]}, {"Node Type": "Bitmap Heap Scan", "Parent Relationship": "Inner", "Relation Name": "title", "Alias": "t", "Startup Cost": 0.26, "Total Cost": 4.27, "Plan Rows": 1, "Plan Width": 21, "Recheck Cond": "(id = mi.movie_id)", "Plans": [{"Node Type": "Bitmap Index Scan", "Parent Relationship": "Outer", "Index Name": "title_pkey", "Startup Cost": 0.0, "Total Cost": 0.26, "Plan Rows": 1, "Plan Width": 0, "Index Cond": "(id = mi.movie_id)"}]}]}]}, "Unique SQL Id": 4264520866, "Planner Runtime": 8}, "explain_analyze_plan": null}, "(64, '52')": {"explain_plan": {"Plan": {"Node Type": "Aggregate", "Strategy": "Plain", "Startup Cost": 72377.46, "Total Cost": 72377.47, "Plan Rows": 1, "Plan Width": 160, "Plans": [{"Node Type": "Nested Loop", "Parent Relationship": "Outer", "Join Type": "Inner", "Startup Cost": 0.0, "Total Cost": 72377.4, "Plan Rows": 8, "Plan Width": 64, "Inner Unique": true, "Plans": [{"Node Type": "Nested Loop", "Parent Relationship": "Outer", "Join Type": "Inner", "Startup Cost": 0.0, "Total Cost": 72374.78, "Plan Rows": 9, "Plan Width": 59, "Inner Unique": false, "Join Filter": "(mi.info_type_id = it1.id)", "Plans": [{"Node Type": "Seq Scan", "Parent Relationship": "Outer", "Relation Name": "info_type", "Alias": "it1", "Startup Cost": 0.0, "Total Cost": 2.4, "Plan Rows": 1, "Plan Width": 4, "Filter": "((info)::text = 'budget'::text)"}, {"Node Type": "Nested Loop", "Parent Relationship": "Inner", "Join Type": "Inner", "Startup Cost": 0.0, "Total Cost": 72368.89, "Plan Rows": 279, "Plan Width": 63, "Inner Unique": false, "Join Filter": "(mi_idx.movie_id = mi.movie_id)", "Plans": [{"Node Type": "Nested Loop", "Parent Relationship": "Outer", "Join Type": "Inner", "Startup Cost": 0.0, "Total Cost": 72329.29, "Plan Rows": 52, "Plan Width": 13, "Inner Unique": false, "Join Filter": "(mi_idx.info_type_id = it2.id)", "Plans": [{"Node Type": "Seq Scan", "Parent Relationship": "Outer", "Relation Name": "info_type", "Alias": "it2", "Startup Cost": 0.0, "Total Cost": 2.4, "Plan Rows": 1, "Plan Width": 4, "Filter": "((info)::text = 'votes'::text)"}, {"Node Type": "Materialize", "Parent Relationship": "Inner", "Startup Cost": 0.0, "Total Cost": 72323.43, "Plan Rows": 346, "Plan Width": 17, "Plans": [{"Node Type": "Nested Loop", "Parent Relationship": "Outer", "Join Type": "Inner", "Startup Cost": 0.0, "Total Cost": 72322.56, "Plan Rows": 346, "Plan Width": 17, "Inner Unique": false, "Plans": [{"Node Type": "Nested Loop", "Parent Relationship": "Outer", "Join Type": "Inner", "Startup Cost": 0.0, "Total Cost": 72225.77, "Plan Rows": 294, "Plan Width": 4, "Inner Unique": false, "Plans": [{"Node Type": "Streaming(type: LOCAL GATHER dop: 1/64)", "Parent Relationship": "Outer", "Startup Cost": 0.0, "Total Cost": 64783.4, "Plan Rows": 173, "Plan Width": 4, "Plans": [{"Node Type": "Seq Scan", "Parent Relationship": "Outer", "Relation Name": "name", "Alias": "n", "Startup Cost": 0.0, "Total Cost": 64779.83, "Plan Rows": 173, "Plan Width": 4, "Filter": "(((name)::text ~~ '%Tim%'::text) AND ((gender)::text = 'm'::text))"}]}, {"Node Type": "Index Scan", "Parent Relationship": "Inner", "Scan Direction": "Forward", "Index Name": "person_id_cast_info", "Relation Name": "cast_info", "Alias": "ci", "Startup Cost": 0.0, "Total Cost": 43.0, "Plan Rows": 2, "Plan Width": 8, "Index Cond": "(person_id = n.id)", "Filter": "((note)::text = ANY ('{(producer),\"(executive producer)\"}'::text[]))"}]}, {"Node Type": "Index Scan", "Parent Relationship": "Inner", "Scan Direction": "Forward", "Index Name": "movie_id_movie_info_idx", "Relation Name": "movie_info_idx", "Alias": "mi_idx", "Startup Cost": 0.0, "Total Cost": 0.31, "Plan Rows": 2, "Plan Width": 13, "Index Cond": "(movie_id = ci.movie_id)"}]}]}]}, {"Node Type": "Index Scan", "Parent Relationship": "Inner", "Scan Direction": "Forward", "Index Name": "movie_id_movie_info", "Relation Name": "movie_info", "Alias": "mi", "Startup Cost": 0.0, "Total Cost": 0.7, "Plan Rows": 5, "Plan Width": 50, "Index Cond": "(movie_id = ci.movie_id)"}]}]}, {"Node Type": "Index Scan", "Parent Relationship": "Inner", "Scan Direction": "Forward", "Index Name": "title_pkey", "Relation Name": "title", "Alias": "t", "Startup Cost": 0.0, "Total Cost": 0.28, "Plan Rows": 1, "Plan Width": 21, "Index Cond": "(id = mi.movie_id)"}]}]}, "Unique SQL Id": 4264520866, "Planner Runtime": 8}, "explain_analyze_plan": {"Plan": {"Node Type": "Aggregate", "Strategy": "Plain", "Startup Cost": 72377.46, "Total Cost": 72377.47, "Plan Rows": 1, "Plan Width": 160, "Actual Min Startup Time": 413.389, "Actual Max Startup Time": 413.389, "Actual Min Total Time": 413.389, "Actual Max Total Time": 413.389, "Plans": [{"Node Type": "Nested Loop", "Parent Relationship": "Outer", "Join Type": "Inner", "Startup Cost": 0.0, "Total Cost": 72377.4, "Plan Rows": 8, "Plan Width": 64, "Actual Min Startup Time": 272.667, "Actual Max Startup Time": 272.667, "Actual Min Total Time": 412.915, "Actual Max Total Time": 412.915, "Inner Unique": true, "Plans": [{"Node Type": "Nested Loop", "Parent Relationship": "Outer", "Join Type": "Inner", "Startup Cost": 0.0, "Total Cost": 72374.78, "Plan Rows": 9, "Plan Width": 59, "Actual Min Startup Time": 272.648, "Actual Max Startup Time": 272.648, "Actual Min Total Time": 409.287, "Actual Max Total Time": 409.287, "Inner Unique": false, "Join Filter": "(mi.info_type_id = it1.id)", "Rows Removed by Join Filter": 81998, "Plans": [{"Node Type": "Seq Scan", "Parent Relationship": "Outer", "Relation Name": "info_type", "Alias": "it1", "Startup Cost": 0.0, "Total Cost": 2.4, "Plan Rows": 1, "Plan Width": 4, "Actual Min Startup Time": 0.083, "Actual Max Startup Time": 0.083, "Actual Min Total Time": 0.092, "Actual Max Total Time": 0.092, "Filter": "((info)::text = 'budget'::text)", "Rows Removed by Filter": 111, "Actual Rows": 1}, {"Node Type": "Nested Loop", "Parent Relationship": "Inner", "Join Type": "Inner", "Startup Cost": 0.0, "Total Cost": 72368.89, "Plan Rows": 279, "Plan Width": 63, "Actual Min Startup Time": 272.017, "Actual Max Startup Time": 272.017, "Actual Min Total Time": 393.425, "Actual Max Total Time": 393.425, "Inner Unique": false, "Join Filter": "(mi_idx.movie_id = mi.movie_id)", "Rows Removed by Join Filter": 0, "Plans": [{"Node Type": "Nested Loop", "Parent Relationship": "Outer", "Join Type": "Inner", "Startup Cost": 0.0, "Total Cost": 72329.29, "Plan Rows": 52, "Plan Width": 13, "Actual Min Startup Time": 271.998, "Actual Max Startup Time": 271.998, "Actual Min Total Time": 276.21, "Actual Max Total Time": 276.21, "Inner Unique": false, "Join Filter": "(mi_idx.info_type_id = it2.id)", "Rows Removed by Join Filter": 6875, "Plans": [{"Node Type": "Seq Scan", "Parent Relationship": "Outer", "Relation Name": "info_type", "Alias": "it2", "Startup Cost": 0.0, "Total Cost": 2.4, "Plan Rows": 1, "Plan Width": 4, "Actual Min Startup Time": 0.055, "Actual Max Startup Time": 0.055, "Actual Min Total Time": 0.07, "Actual Max Total Time": 0.07, "Filter": "((info)::text = 'votes'::text)", "Rows Removed by Filter": 111, "Actual Rows": 1}, {"Node Type": "Materialize", "Parent Relationship": "Inner", "Startup Cost": 0.0, "Total Cost": 72323.43, "Plan Rows": 346, "Plan Width": 17, "Actual Min Startup Time": 271.93, "Actual Max Startup Time": 271.93, "Actual Min Total Time": 273.234, "Actual Max Total Time": 273.234, "Plans": [{"Node Type": "Nested Loop", "Parent Relationship": "Outer", "Join Type": "Inner", "Startup Cost": 0.0, "Total Cost": 72322.56, "Plan Rows": 346, "Plan Width": 17, "Actual Min Startup Time": 80.747, "Actual Max Startup Time": 80.747, "Actual Min Total Time": 268.97, "Actual Max Total Time": 268.97, "Inner Unique": false, "Plans": [{"Node Type": "Nested Loop", "Parent Relationship": "Outer", "Join Type": "Inner", "Startup Cost": 0.0, "Total Cost": 72225.77, "Plan Rows": 294, "Plan Width": 4, "Actual Min Startup Time": 80.727, "Actual Max Startup Time": 80.727, "Actual Min Total Time": 231.531, "Actual Max Total Time": 231.531, "Inner Unique": false, "Plans": [{"Node Type": "Streaming(type: LOCAL GATHER dop: 1/64)", "Parent Relationship": "Outer", "Startup Cost": 0.0, "Total Cost": 64783.4, "Plan Rows": 173, "Plan Width": 4, "Actual Min Startup Time": 80.526, "Actual Max Startup Time": 80.526, "Actual Min Total Time": 99.298, "Actual Max Total Time": 99.298, "Plans": [{"Node Type": "Seq Scan", "Parent Relationship": "Outer", "Relation Name": "name", "Alias": "n", "Startup Cost": 0.0, "Total Cost": 64779.83, "Plan Rows": 173, "Plan Width": 4, "Actual Min Startup Time": 0.029, "Actual Max Startup Time": 0.86, "Actual Min Total Time": 25.533, "Actual Max Total Time": 29.548, "Filter": "(((name)::text ~~ '%Tim%'::text) AND ((gender)::text = 'm'::text))", "Rows Removed by Filter": 4158428, "Actual Rows": 9062}], "Actual Rows": 9062}, {"Node Type": "Index Scan", "Parent Relationship": "Inner", "Scan Direction": "Forward", "Index Name": "person_id_cast_info", "Relation Name": "cast_info", "Alias": "ci", "Startup Cost": 0.0, "Total Cost": 43.0, "Plan Rows": 2, "Plan Width": 8, "Actual Min Startup Time": 106.638, "Actual Max Startup Time": 106.638, "Actual Min Total Time": 126.058, "Actual Max Total Time": 126.058, "Index Cond": "(person_id = n.id)", "Rows Removed by Index Recheck": 0, "Filter": "((note)::text = ANY ('{(producer),\"(executive producer)\"}'::text[]))", "Rows Removed by Filter": 89309, "Actual Rows": 6719}], "Actual Rows": 6719}, {"Node Type": "Index Scan", "Parent Relationship": "Inner", "Scan Direction": "Forward", "Index Name": "movie_id_movie_info_idx", "Relation Name": "movie_info_idx", "Alias": "mi_idx", "Startup Cost": 0.0, "Total Cost": 0.31, "Plan Rows": 2, "Plan Width": 13, "Actual Min Startup Time": 27.643, "Actual Max Startup Time": 27.643, "Actual Min Total Time": 31.799, "Actual Max Total Time": 31.799, "Index Cond": "(movie_id = ci.movie_id)", "Rows Removed by Index Recheck": 0, "Actual Rows": 10310}], "Actual Rows": 10310}], "Actual Rows": 10311}], "Actual Rows": 3435}, {"Node Type": "Index Scan", "Parent Relationship": "Inner", "Scan Direction": "Forward", "Index Name": "movie_id_movie_info", "Relation Name": "movie_info", "Alias": "mi", "Startup Cost": 0.0, "Total Cost": 0.7, "Plan Rows": 5, "Plan Width": 50, "Actual Min Startup Time": 21.896, "Actual Max Startup Time": 21.896, "Actual Min Total Time": 88.143, "Actual Max Total Time": 88.143, "Index Cond": "(movie_id = ci.movie_id)", "Rows Removed by Index Recheck": 0, "Actual Rows": 82408}], "Actual Rows": 82408}], "Actual Rows": 410}, {"Node Type": "Index Scan", "Parent Relationship": "Inner", "Scan Direction": "Forward", "Index Name": "title_pkey", "Relation Name": "title", "Alias": "t", "Startup Cost": 0.0, "Total Cost": 0.28, "Plan Rows": 1, "Plan Width": 21, "Actual Min Startup Time": 3.263, "Actual Max Startup Time": 3.263, "Actual Min Total Time": 3.263, "Actual Max Total Time": 3.263, "Index Cond": "(id = mi.movie_id)", "Rows Removed by Index Recheck": 0, "Actual Rows": 410}], "Actual Rows": 410}], "Actual Rows": 1}, "Triggers": [], "Planner Runtime": 8.192, "Total Runtime": 425.547, "Unique SQL Id": 4264520866}}, "(64, '53')": {"explain_plan": {"Plan": {"Node Type": "Aggregate", "Strategy": "Plain", "Startup Cost": 204687.88, "Total Cost": 204687.89, "Plan Rows": 1, "Plan Width": 160, "Plans": [{"Node Type": "Nested Loop", "Parent Relationship": "Outer", "Join Type": "Inner", "Startup Cost": 0.0, "Total Cost": 204687.82, "Plan Rows": 8, "Plan Width": 64, "Inner Unique": true, "Plans": [{"Node Type": "Nested Loop", "Parent Relationship": "Outer", "Join Type": "Inner", "Startup Cost": 0.0, "Total Cost": 204685.19, "Plan Rows": 9, "Plan Width": 59, "Inner Unique": false, "Join Filter": "(mi.info_type_id = it1.id)", "Plans": [{"Node Type": "Index Scan", "Parent Relationship": "Outer", "Scan Direction": "Forward", "Index Name": "info_type_pkey", "Relation Name": "info_type", "Alias": "it1", "Startup Cost": 0.0, "Total Cost": 14.21, "Plan Rows": 1, "Plan Width": 4, "Filter": "((info)::text = 'budget'::text)"}, {"Node Type": "Nested Loop", "Parent Relationship": "Inner", "Join Type": "Inner", "Startup Cost": 0.0, "Total Cost": 204667.49, "Plan Rows": 279, "Plan Width": 63, "Inner Unique": false, "Join Filter": "(mi_idx.movie_id = mi.movie_id)", "Plans": [{"Node Type": "Nested Loop", "Parent Relationship": "Outer", "Join Type": "Inner", "Startup Cost": 0.0, "Total Cost": 204627.89, "Plan Rows": 52, "Plan Width": 13, "Inner Unique": false, "Join Filter": "(mi_idx.info_type_id = it2.id)", "Plans": [{"Node Type": "Index Scan", "Parent Relationship": "Outer", "Scan Direction": "Forward", "Index Name": "info_type_pkey", "Relation Name": "info_type", "Alias": "it2", "Startup Cost": 0.0, "Total Cost": 14.21, "Plan Rows": 1, "Plan Width": 4, "Filter": "((info)::text = 'votes'::text)"}, {"Node Type": "Nested Loop", "Parent Relationship": "Inner", "Join Type": "Inner", "Startup Cost": 0.0, "Total Cost": 204609.36, "Plan Rows": 346, "Plan Width": 17, "Inner Unique": false, "Plans": [{"Node Type": "Nested Loop", "Parent Relationship": "Outer", "Join Type": "Inner", "Startup Cost": 0.0, "Total Cost": 204512.56, "Plan Rows": 294, "Plan Width": 4, "Inner Unique": false, "Plans": [{"Node Type": "Index Scan", "Parent Relationship": "Outer", "Scan Direction": "Forward", "Index Name": "name_pkey", "Relation Name": "name", "Alias": "n", "Startup Cost": 0.0, "Total Cost": 197070.2, "Plan Rows": 173, "Plan Width": 4, "Filter": "(((name)::text ~~ '%Tim%'::text) AND ((gender)::text = 'm'::text))"}, {"Node Type": "Index Scan", "Parent Relationship": "Inner", "Scan Direction": "Forward", "Index Name": "person_id_cast_info", "Relation Name": "cast_info", "Alias": "ci", "Startup Cost": 0.0, "Total Cost": 43.0, "Plan Rows": 2, "Plan Width": 8, "Index Cond": "(person_id = n.id)", "Filter": "((note)::text = ANY ('{(producer),\"(executive producer)\"}'::text[]))"}]}, {"Node Type": "Index Scan", "Parent Relationship": "Inner", "Scan Direction": "Forward", "Index Name": "movie_id_movie_info_idx", "Relation Name": "movie_info_idx", "Alias": "mi_idx", "Startup Cost": 0.0, "Total Cost": 0.31, "Plan Rows": 2, "Plan Width": 13, "Index Cond": "(movie_id = ci.movie_id)"}]}]}, {"Node Type": "Index Scan", "Parent Relationship": "Inner", "Scan Direction": "Forward", "Index Name": "movie_id_movie_info", "Relation Name": "movie_info", "Alias": "mi", "Startup Cost": 0.0, "Total Cost": 0.7, "Plan Rows": 5, "Plan Width": 50, "Index Cond": "(movie_id = ci.movie_id)"}]}]}, {"Node Type": "Index Scan", "Parent Relationship": "Inner", "Scan Direction": "Forward", "Index Name": "title_pkey", "Relation Name": "title", "Alias": "t", "Startup Cost": 0.0, "Total Cost": 0.28, "Plan Rows": 1, "Plan Width": 21, "Index Cond": "(id = mi.movie_id)"}]}]}, "Unique SQL Id": 4264520866, "Planner Runtime": 7}, "explain_analyze_plan": null}, "(64, '54')": {"explain_plan": {"Plan": {"Node Type": "Aggregate", "Strategy": "Plain", "Startup Cost": 79447.84, "Total Cost": 79447.85, "Plan Rows": 1, "Plan Width": 160, "Plans": [{"Node Type": "Nested Loop", "Parent Relationship": "Outer", "Join Type": "Inner", "Startup Cost": 5.3, "Total Cost": 79447.78, "Plan Rows": 8, "Plan Width": 64, "Inner Unique": true, "Plans": [{"Node Type": "Nested Loop", "Parent Relationship": "Outer", "Join Type": "Inner", "Startup Cost": 5.04, "Total Cost": 79409.23, "Plan Rows": 9, "Plan Width": 59, "Inner Unique": false, "Join Filter": "(mi_idx.info_type_id = it2.id)", "Plans": [{"Node Type": "Seq Scan", "Parent Relationship": "Outer", "Relation Name": "info_type", "Alias": "it2", "Startup Cost": 0.0, "Total Cost": 2.4, "Plan Rows": 1, "Plan Width": 4, "Filter": "((info)::text = 'votes'::text)"}, {"Node Type": "Nested Loop", "Parent Relationship": "Inner", "Join Type": "Inner", "Startup Cost": 5.04, "Total Cost": 79406.41, "Plan Rows": 34, "Plan Width": 63, "Inner Unique": false, "Plans": [{"Node Type": "Nested Loop", "Parent Relationship": "Outer", "Join Type": "Inner", "Startup Cost": 4.77, "Total Cost": 79311.55, "Plan Rows": 22, "Plan Width": 50, "Inner Unique": false, "Join Filter": "(mi.info_type_id = it1.id)", "Plans": [{"Node Type": "Seq Scan", "Parent Relationship": "Outer", "Relation Name": "info_type", "Alias": "it1", "Startup Cost": 0.0, "Total Cost": 2.4, "Plan Rows": 1, "Plan Width": 4, "Filter": "((info)::text = 'budget'::text)"}, {"Node Type": "Materialize", "Parent Relationship": "Inner", "Startup Cost": 4.77, "Total Cost": 79293.54, "Plan Rows": 1561, "Plan Width": 54, "Plans": [{"Node Type": "Nested Loop", "Parent Relationship": "Outer", "Join Type": "Inner", "Startup Cost": 4.77, "Total Cost": 79289.64, "Plan Rows": 1561, "Plan Width": 54, "Inner Unique": false, "Plans": [{"Node Type": "Nested Loop", "Parent Relationship": "Outer", "Join Type": "Inner", "Startup Cost": 4.39, "Total Cost": 77967.24, "Plan Rows": 294, "Plan Width": 4, "Inner Unique": false, "Plans": [{"Node Type": "Streaming(type: LOCAL GATHER dop: 1/64)", "Parent Relationship": "Outer", "Startup Cost": 0.0, "Total Cost": 64783.4, "Plan Rows": 173, "Plan Width": 4, "Plans": [{"Node Type": "Seq Scan", "Parent Relationship": "Outer", "Relation Name": "name", "Alias": "n", "Startup Cost": 0.0, "Total Cost": 64779.83, "Plan Rows": 173, "Plan Width": 4, "Filter": "(((name)::text ~~ '%Tim%'::text) AND ((gender)::text = 'm'::text))"}]}, {"Node Type": "Bitmap Heap Scan", "Parent Relationship": "Inner", "Relation Name": "cast_info", "Alias": "ci", "Startup Cost": 4.39, "Total Cost": 76.19, "Plan Rows": 2, "Plan Width": 8, "Recheck Cond": "(person_id = n.id)", "Filter": "((note)::text = ANY ('{(producer),\"(executive producer)\"}'::text[]))", "Plans": [{"Node Type": "Bitmap Index Scan", "Parent Relationship": "Outer", "Index Name": "person_id_cast_info", "Startup Cost": 0.0, "Total Cost": 4.38, "Plan Rows": 18, "Plan Width": 0, "Index Cond": "(person_id = n.id)"}]}]}, {"Node Type": "Bitmap Heap Scan", "Parent Relationship": "Inner", "Relation Name": "movie_info", "Alias": "mi", "Startup Cost": 0.39, "Total Cost": 4.45, "Plan Rows": 5, "Plan Width": 50, "Recheck Cond": "(movie_id = ci.movie_id)", "Plans": [{"Node Type": "Bitmap Index Scan", "Parent Relationship": "Outer", "Index Name": "movie_id_movie_info", "Startup Cost": 0.0, "Total Cost": 0.38, "Plan Rows": 5, "Plan Width": 0, "Index Cond": "(movie_id = ci.movie_id)"}]}]}]}]}, {"Node Type": "Bitmap Heap Scan", "Parent Relationship": "Inner", "Relation Name": "movie_info_idx", "Alias": "mi_idx", "Startup Cost": 0.27, "Total Cost": 4.29, "Plan Rows": 2, "Plan Width": 13, "Recheck Cond": "(movie_id = mi.movie_id)", "Plans": [{"Node Type": "Bitmap Index Scan", "Parent Relationship": "Outer", "Index Name": "movie_id_movie_info_idx", "Startup Cost": 0.0, "Total Cost": 0.27, "Plan Rows": 2, "Plan Width": 0, "Index Cond": "(movie_id = mi.movie_id)"}]}]}]}, {"Node Type": "Bitmap Heap Scan", "Parent Relationship": "Inner", "Relation Name": "title", "Alias": "t", "Startup Cost": 0.26, "Total Cost": 4.27, "Plan Rows": 1, "Plan Width": 21, "Recheck Cond": "(id = mi.movie_id)", "Plans": [{"Node Type": "Bitmap Index Scan", "Parent Relationship": "Outer", "Index Name": "title_pkey", "Startup Cost": 0.0, "Total Cost": 0.26, "Plan Rows": 1, "Plan Width": 0, "Index Cond": "(id = mi.movie_id)"}]}]}]}, "Unique SQL Id": 4264520866, "Planner Runtime": 15}, "explain_analyze_plan": {"Plan": {"Node Type": "Aggregate", "Strategy": "Plain", "Startup Cost": 79447.84, "Total Cost": 79447.85, "Plan Rows": 1, "Plan Width": 160, "Actual Min Startup Time": 474.822, "Actual Max Startup Time": 474.822, "Actual Min Total Time": 474.823, "Actual Max Total Time": 474.823, "Plans": [{"Node Type": "Nested Loop", "Parent Relationship": "Outer", "Join Type": "Inner", "Startup Cost": 5.3, "Total Cost": 79447.78, "Plan Rows": 8, "Plan Width": 64, "Actual Min Startup Time": 426.302, "Actual Max Startup Time": 426.302, "Actual Min Total Time": 474.342, "Actual Max Total Time": 474.342, "Inner Unique": true, "Plans": [{"Node Type": "Nested Loop", "Parent Relationship": "Outer", "Join Type": "Inner", "Startup Cost": 5.04, "Total Cost": 79409.23, "Plan Rows": 9, "Plan Width": 59, "Actual Min Startup Time": 426.264, "Actual Max Startup Time": 426.264, "Actual Min Total Time": 470.262, "Actual Max Total Time": 470.262, "Inner Unique": false, "Join Filter": "(mi_idx.info_type_id = it2.id)", "Rows Removed by Join Filter": 825, "Plans": [{"Node Type": "Seq Scan", "Parent Relationship": "Outer", "Relation Name": "info_type", "Alias": "it2", "Startup Cost": 0.0, "Total Cost": 2.4, "Plan Rows": 1, "Plan Width": 4, "Actual Min Startup Time": 0.074, "Actual Max Startup Time": 0.074, "Actual Min Total Time": 0.086, "Actual Max Total Time": 0.086, "Filter": "((info)::text = 'votes'::text)", "Rows Removed by Filter": 111, "Actual Rows": 1}, {"Node Type": "Nested Loop", "Parent Relationship": "Inner", "Join Type": "Inner", "Startup Cost": 5.04, "Total Cost": 79406.41, "Plan Rows": 34, "Plan Width": 63, "Actual Min Startup Time": 426.174, "Actual Max Startup Time": 426.174, "Actual Min Total Time": 467.716, "Actual Max Total Time": 467.716, "Inner Unique": false, "Plans": [{"Node Type": "Nested Loop", "Parent Relationship": "Outer", "Join Type": "Inner", "Startup Cost": 4.77, "Total Cost": 79311.55, "Plan Rows": 22, "Plan Width": 50, "Actual Min Startup Time": 426.117, "Actual Max Startup Time": 426.117, "Actual Min Total Time": 461.124, "Actual Max Total Time": 461.124, "Inner Unique": false, "Join Filter": "(mi.info_type_id = it1.id)", "Rows Removed by Join Filter": 95197, "Plans": [{"Node Type": "Seq Scan", "Parent Relationship": "Outer", "Relation Name": "info_type", "Alias": "it1", "Startup Cost": 0.0, "Total Cost": 2.4, "Plan Rows": 1, "Plan Width": 4, "Actual Min Startup Time": 0.068, "Actual Max Startup Time": 0.068, "Actual Min Total Time": 0.079, "Actual Max Total Time": 0.079, "Filter": "((info)::text = 'budget'::text)", "Rows Removed by Filter": 111, "Actual Rows": 1}, {"Node Type": "Materialize", "Parent Relationship": "Inner", "Startup Cost": 4.77, "Total Cost": 79293.54, "Plan Rows": 1561, "Plan Width": 54, "Actual Min Startup Time": 424.955, "Actual Max Startup Time": 424.955, "Actual Min Total Time": 436.983, "Actual Max Total Time": 436.983, "Plans": [{"Node Type": "Nested Loop", "Parent Relationship": "Outer", "Join Type": "Inner", "Startup Cost": 4.77, "Total Cost": 79289.64, "Plan Rows": 1561, "Plan Width": 54, "Actual Min Startup Time": 53.437, "Actual Max Startup Time": 53.437, "Actual Min Total Time": 398.131, "Actual Max Total Time": 398.131, "Inner Unique": false, "Plans": [{"Node Type": "Nested Loop", "Parent Relationship": "Outer", "Join Type": "Inner", "Startup Cost": 4.39, "Total Cost": 77967.24, "Plan Rows": 294, "Plan Width": 4, "Actual Min Startup Time": 53.405, "Actual Max Startup Time": 53.405, "Actual Min Total Time": 225.682, "Actual Max Total Time": 225.682, "Inner Unique": false, "Plans": [{"Node Type": "Streaming(type: LOCAL GATHER dop: 1/64)", "Parent Relationship": "Outer", "Startup Cost": 0.0, "Total Cost": 64783.4, "Plan Rows": 173, "Plan Width": 4, "Actual Min Startup Time": 52.903, "Actual Max Startup Time": 52.903, "Actual Min Total Time": 78.369, "Actual Max Total Time": 78.369, "Plans": [{"Node Type": "Seq Scan", "Parent Relationship": "Outer", "Relation Name": "name", "Alias": "n", "Startup Cost": 0.0, "Total Cost": 64779.83, "Plan Rows": 173, "Plan Width": 4, "Actual Min Startup Time": 0.029, "Actual Max Startup Time": 0.841, "Actual Min Total Time": 25.435, "Actual Max Total Time": 29.353, "Filter": "(((name)::text ~~ '%Tim%'::text) AND ((gender)::text = 'm'::text))", "Rows Removed by Filter": 4158428, "Actual Rows": 9062}], "Actual Rows": 9062}, {"Node Type": "Bitmap Heap Scan", "Parent Relationship": "Inner", "Relation Name": "cast_info", "Alias": "ci", "Startup Cost": 4.39, "Total Cost": 76.19, "Plan Rows": 2, "Plan Width": 8, "Actual Min Startup Time": 119.075, "Actual Max Startup Time": 119.075, "Actual Min Total Time": 134.847, "Actual Max Total Time": 134.847, "Recheck Cond": "(person_id = n.id)", "Rows Removed by Index Recheck": 0, "Filter": "((note)::text = ANY ('{(producer),\"(executive producer)\"}'::text[]))", "Rows Removed by Filter": 89309, "Exact Heap Blocks": 13336, "Lossy Heap Blocks": 13336, "Plans": [{"Node Type": "Bitmap Index Scan", "Parent Relationship": "Outer", "Index Name": "person_id_cast_info", "Startup Cost": 0.0, "Total Cost": 4.38, "Plan Rows": 18, "Plan Width": 0, "Actual Min Startup Time": 51.429, "Actual Max Startup Time": 51.429, "Actual Min Total Time": 51.429, "Actual Max Total Time": 51.429, "Index Cond": "(person_id = n.id)", "Actual Rows": 96028}], "Actual Rows": 6719}], "Actual Rows": 6719}, {"Node Type": "Bitmap Heap Scan", "Parent Relationship": "Inner", "Relation Name": "movie_info", "Alias": "mi", "Startup Cost": 0.39, "Total Cost": 4.45, "Plan Rows": 5, "Plan Width": 50, "Actual Min Startup Time": 61.638, "Actual Max Startup Time": 61.638, "Actual Min Total Time": 143.35, "Actual Max Total Time": 143.35, "Recheck Cond": "(movie_id = ci.movie_id)", "Rows Removed by Index Recheck": 0, "Exact Heap Blocks": 40013, "Lossy Heap Blocks": 40013, "Plans": [{"Node Type": "Bitmap Index Scan", "Parent Relationship": "Outer", "Index Name": "movie_id_movie_info", "Startup Cost": 0.0, "Total Cost": 0.38, "Plan Rows": 5, "Plan Width": 0, "Actual Min Startup Time": 42.937, "Actual Max Startup Time": 42.937, "Actual Min Total Time": 42.937, "Actual Max Total Time": 42.937, "Index Cond": "(movie_id = ci.movie_id)", "Actual Rows": 95896}], "Actual Rows": 95896}], "Actual Rows": 95896}], "Actual Rows": 95897}], "Actual Rows": 699}, {"Node Type": "Bitmap Heap Scan", "Parent Relationship": "Inner", "Relation Name": "movie_info_idx", "Alias": "mi_idx", "Startup Cost": 0.27, "Total Cost": 4.29, "Plan Rows": 2, "Plan Width": 13, "Actual Min Startup Time": 5.274, "Actual Max Startup Time": 5.274, "Actual Min Total Time": 5.452, "Actual Max Total Time": 5.452, "Recheck Cond": "(movie_id = mi.movie_id)", "Rows Removed by Index Recheck": 0, "Exact Heap Blocks": 419, "Lossy Heap Blocks": 419, "Plans": [{"Node Type": "Bitmap Index Scan", "Parent Relationship": "Outer", "Index Name": "movie_id_movie_info_idx", "Startup Cost": 0.0, "Total Cost": 0.27, "Plan Rows": 2, "Plan Width": 0, "Actual Min Startup Time": 3.756, "Actual Max Startup Time": 3.756, "Actual Min Total Time": 3.756, "Actual Max Total Time": 3.756, "Index Cond": "(movie_id = mi.movie_id)", "Actual Rows": 1235}], "Actual Rows": 1235}], "Actual Rows": 1235}], "Actual Rows": 410}, {"Node Type": "Bitmap Heap Scan", "Parent Relationship": "Inner", "Relation Name": "title", "Alias": "t", "Startup Cost": 0.26, "Total Cost": 4.27, "Plan Rows": 1, "Plan Width": 21, "Actual Min Startup Time": 3.524, "Actual Max Startup Time": 3.524, "Actual Min Total Time": 3.524, "Actual Max Total Time": 3.524, "Recheck Cond": "(id = mi.movie_id)", "Rows Removed by Index Recheck": 0, "Exact Heap Blocks": 410, "Lossy Heap Blocks": 410, "Plans": [{"Node Type": "Bitmap Index Scan", "Parent Relationship": "Outer", "Index Name": "title_pkey", "Startup Cost": 0.0, "Total Cost": 0.26, "Plan Rows": 1, "Plan Width": 0, "Actual Min Startup Time": 2.188, "Actual Max Startup Time": 2.188, "Actual Min Total Time": 2.188, "Actual Max Total Time": 2.188, "Index Cond": "(id = mi.movie_id)", "Actual Rows": 410}], "Actual Rows": 410}], "Actual Rows": 410}], "Actual Rows": 1}, "Triggers": [], "Planner Runtime": 26.768, "Total Runtime": 487.412, "Unique SQL Id": 4264520866}}, "(64, '55')": {"explain_plan": {"Plan": {"Node Type": "Aggregate", "Strategy": "Plain", "Startup Cost": 211886.13, "Total Cost": 211886.14, "Plan Rows": 1, "Plan Width": 160, "Plans": [{"Node Type": "Nested Loop", "Parent Relationship": "Outer", "Join Type": "Inner", "Startup Cost": 83172.11, "Total Cost": 211886.07, "Plan Rows": 8, "Plan Width": 64, "Inner Unique": true, "Plans": [{"Node Type": "Nested Loop", "Parent Relationship": "Outer", "Join Type": "Inner", "Startup Cost": 83171.85, "Total Cost": 211847.52, "Plan Rows": 9, "Plan Width": 59, "Inner Unique": true, "Plans": [{"Node Type": "Nested Loop", "Parent Relationship": "Outer", "Join Type": "Inner", "Startup Cost": 83171.59, "Total Cost": 211701.91, "Plan Rows": 34, "Plan Width": 63, "Inner Unique": false, "Plans": [{"Node Type": "Nested Loop", "Parent Relationship": "Outer", "Join Type": "Inner", "Startup Cost": 83171.32, "Total Cost": 211607.05, "Plan Rows": 22, "Plan Width": 50, "Inner Unique": false, "Join Filter": "(mi.info_type_id = it1.id)", "Plans": [{"Node Type": "Bitmap Heap Scan", "Parent Relationship": "Outer", "Relation Name": "info_type", "Alias": "it1", "Startup Cost": 8.81, "Total Cost": 14.21, "Plan Rows": 1, "Plan Width": 4, "Filter": "((info)::text = 'budget'::text)", "Plans": [{"Node Type": "Bitmap Index Scan", "Parent Relationship": "Outer", "Index Name": "info_type_pkey", "Startup Cost": 0.0, "Total Cost": 8.81, "Plan Rows": 112, "Plan Width": 0}]}, {"Node Type": "Nested Loop", "Parent Relationship": "Inner", "Join Type": "Inner", "Startup Cost": 83162.51, "Total Cost": 211573.33, "Plan Rows": 1561, "Plan Width": 54, "Inner Unique": false, "Plans": [{"Node Type": "Nested Loop", "Parent Relationship": "Outer", "Join Type": "Inner", "Startup Cost": 83162.13, "Total Cost": 210250.93, "Plan Rows": 294, "Plan Width": 4, "Inner Unique": false, "Plans": [{"Node Type": "Bitmap Heap Scan", "Parent Relationship": "Outer", "Relation Name": "name", "Alias": "n", "Startup Cost": 83157.74, "Total Cost": 197067.09, "Plan Rows": 173, "Plan Width": 4, "Filter": "(((name)::text ~~ '%Tim%'::text) AND ((gender)::text = 'm'::text))", "Plans": [{"Node Type": "Bitmap Index Scan", "Parent Relationship": "Outer", "Index Name": "name_pkey", "Startup Cost": 0.0, "Total Cost": 83157.7, "Plan Rows": 4167490, "Plan Width": 0}]}, {"Node Type": "Bitmap Heap Scan", "Parent Relationship": "Inner", "Relation Name": "cast_info", "Alias": "ci", "Startup Cost": 4.39, "Total Cost": 76.19, "Plan Rows": 2, "Plan Width": 8, "Recheck Cond": "(person_id = n.id)", "Filter": "((note)::text = ANY ('{(producer),\"(executive producer)\"}'::text[]))", "Plans": [{"Node Type": "Bitmap Index Scan", "Parent Relationship": "Outer", "Index Name": "person_id_cast_info", "Startup Cost": 0.0, "Total Cost": 4.38, "Plan Rows": 18, "Plan Width": 0, "Index Cond": "(person_id = n.id)"}]}]}, {"Node Type": "Bitmap Heap Scan", "Parent Relationship": "Inner", "Relation Name": "movie_info", "Alias": "mi", "Startup Cost": 0.39, "Total Cost": 4.45, "Plan Rows": 5, "Plan Width": 50, "Recheck Cond": "(movie_id = ci.movie_id)", "Plans": [{"Node Type": "Bitmap Index Scan", "Parent Relationship": "Outer", "Index Name": "movie_id_movie_info", "Startup Cost": 0.0, "Total Cost": 0.38, "Plan Rows": 5, "Plan Width": 0, "Index Cond": "(movie_id = ci.movie_id)"}]}]}]}, {"Node Type": "Bitmap Heap Scan", "Parent Relationship": "Inner", "Relation Name": "movie_info_idx", "Alias": "mi_idx", "Startup Cost": 0.27, "Total Cost": 4.29, "Plan Rows": 2, "Plan Width": 13, "Recheck Cond": "(movie_id = mi.movie_id)", "Plans": [{"Node Type": "Bitmap Index Scan", "Parent Relationship": "Outer", "Index Name": "movie_id_movie_info_idx", "Startup Cost": 0.0, "Total Cost": 0.27, "Plan Rows": 2, "Plan Width": 0, "Index Cond": "(movie_id = mi.movie_id)"}]}]}, {"Node Type": "Bitmap Heap Scan", "Parent Relationship": "Inner", "Relation Name": "info_type", "Alias": "it2", "Startup Cost": 0.26, "Total Cost": 4.27, "Plan Rows": 1, "Plan Width": 4, "Recheck Cond": "(id = mi_idx.info_type_id)", "Filter": "((info)::text = 'votes'::text)", "Plans": [{"Node Type": "Bitmap Index Scan", "Parent Relationship": "Outer", "Index Name": "info_type_pkey", "Startup Cost": 0.0, "Total Cost": 0.26, "Plan Rows": 1, "Plan Width": 0, "Index Cond": "(id = mi_idx.info_type_id)"}]}]}, {"Node Type": "Bitmap Heap Scan", "Parent Relationship": "Inner", "Relation Name": "title", "Alias": "t", "Startup Cost": 0.26, "Total Cost": 4.27, "Plan Rows": 1, "Plan Width": 21, "Recheck Cond": "(id = mi.movie_id)", "Plans": [{"Node Type": "Bitmap Index Scan", "Parent Relationship": "Outer", "Index Name": "title_pkey", "Startup Cost": 0.0, "Total Cost": 0.26, "Plan Rows": 1, "Plan Width": 0, "Index Cond": "(id = mi.movie_id)"}]}]}]}, "Unique SQL Id": 4264520866, "Planner Runtime": 7}, "explain_analyze_plan": null}, "(64, '56')": {"explain_plan": {"Plan": {"Node Type": "Aggregate", "Strategy": "Plain", "Startup Cost": 72377.46, "Total Cost": 72377.47, "Plan Rows": 1, "Plan Width": 160, "Plans": [{"Node Type": "Nested Loop", "Parent Relationship": "Outer", "Join Type": "Inner", "Startup Cost": 0.0, "Total Cost": 72377.4, "Plan Rows": 8, "Plan Width": 64, "Inner Unique": true, "Plans": [{"Node Type": "Nested Loop", "Parent Relationship": "Outer", "Join Type": "Inner", "Startup Cost": 0.0, "Total Cost": 72374.78, "Plan Rows": 9, "Plan Width": 59, "Inner Unique": false, "Join Filter": "(mi.info_type_id = it1.id)", "Plans": [{"Node Type": "Seq Scan", "Parent Relationship": "Outer", "Relation Name": "info_type", "Alias": "it1", "Startup Cost": 0.0, "Total Cost": 2.4, "Plan Rows": 1, "Plan Width": 4, "Filter": "((info)::text = 'budget'::text)"}, {"Node Type": "Nested Loop", "Parent Relationship": "Inner", "Join Type": "Inner", "Startup Cost": 0.0, "Total Cost": 72368.89, "Plan Rows": 279, "Plan Width": 63, "Inner Unique": false, "Join Filter": "(mi_idx.movie_id = mi.movie_id)", "Plans": [{"Node Type": "Nested Loop", "Parent Relationship": "Outer", "Join Type": "Inner", "Startup Cost": 0.0, "Total Cost": 72329.29, "Plan Rows": 52, "Plan Width": 13, "Inner Unique": false, "Join Filter": "(mi_idx.info_type_id = it2.id)", "Plans": [{"Node Type": "Seq Scan", "Parent Relationship": "Outer", "Relation Name": "info_type", "Alias": "it2", "Startup Cost": 0.0, "Total Cost": 2.4, "Plan Rows": 1, "Plan Width": 4, "Filter": "((info)::text = 'votes'::text)"}, {"Node Type": "Materialize", "Parent Relationship": "Inner", "Startup Cost": 0.0, "Total Cost": 72323.43, "Plan Rows": 346, "Plan Width": 17, "Plans": [{"Node Type": "Nested Loop", "Parent Relationship": "Outer", "Join Type": "Inner", "Startup Cost": 0.0, "Total Cost": 72322.56, "Plan Rows": 346, "Plan Width": 17, "Inner Unique": false, "Plans": [{"Node Type": "Nested Loop", "Parent Relationship": "Outer", "Join Type": "Inner", "Startup Cost": 0.0, "Total Cost": 72225.77, "Plan Rows": 294, "Plan Width": 4, "Inner Unique": false, "Plans": [{"Node Type": "Streaming(type: LOCAL GATHER dop: 1/64)", "Parent Relationship": "Outer", "Startup Cost": 0.0, "Total Cost": 64783.4, "Plan Rows": 173, "Plan Width": 4, "Plans": [{"Node Type": "Seq Scan", "Parent Relationship": "Outer", "Relation Name": "name", "Alias": "n", "Startup Cost": 0.0, "Total Cost": 64779.83, "Plan Rows": 173, "Plan Width": 4, "Filter": "(((name)::text ~~ '%Tim%'::text) AND ((gender)::text = 'm'::text))"}]}, {"Node Type": "Index Scan", "Parent Relationship": "Inner", "Scan Direction": "Forward", "Index Name": "person_id_cast_info", "Relation Name": "cast_info", "Alias": "ci", "Startup Cost": 0.0, "Total Cost": 43.0, "Plan Rows": 2, "Plan Width": 8, "Index Cond": "(person_id = n.id)", "Filter": "((note)::text = ANY ('{(producer),\"(executive producer)\"}'::text[]))"}]}, {"Node Type": "Index Scan", "Parent Relationship": "Inner", "Scan Direction": "Forward", "Index Name": "movie_id_movie_info_idx", "Relation Name": "movie_info_idx", "Alias": "mi_idx", "Startup Cost": 0.0, "Total Cost": 0.31, "Plan Rows": 2, "Plan Width": 13, "Index Cond": "(movie_id = ci.movie_id)"}]}]}]}, {"Node Type": "Index Scan", "Parent Relationship": "Inner", "Scan Direction": "Forward", "Index Name": "movie_id_movie_info", "Relation Name": "movie_info", "Alias": "mi", "Startup Cost": 0.0, "Total Cost": 0.7, "Plan Rows": 5, "Plan Width": 50, "Index Cond": "(movie_id = ci.movie_id)"}]}]}, {"Node Type": "Index Scan", "Parent Relationship": "Inner", "Scan Direction": "Forward", "Index Name": "title_pkey", "Relation Name": "title", "Alias": "t", "Startup Cost": 0.0, "Total Cost": 0.28, "Plan Rows": 1, "Plan Width": 21, "Index Cond": "(id = mi.movie_id)"}]}]}, "Unique SQL Id": 4264520866, "Planner Runtime": 7}, "explain_analyze_plan": {"Plan": {"Node Type": "Aggregate", "Strategy": "Plain", "Startup Cost": 72377.46, "Total Cost": 72377.47, "Plan Rows": 1, "Plan Width": 160, "Actual Min Startup Time": 413.389, "Actual Max Startup Time": 413.389, "Actual Min Total Time": 413.389, "Actual Max Total Time": 413.389, "Plans": [{"Node Type": "Nested Loop", "Parent Relationship": "Outer", "Join Type": "Inner", "Startup Cost": 0.0, "Total Cost": 72377.4, "Plan Rows": 8, "Plan Width": 64, "Actual Min Startup Time": 272.667, "Actual Max Startup Time": 272.667, "Actual Min Total Time": 412.915, "Actual Max Total Time": 412.915, "Inner Unique": true, "Plans": [{"Node Type": "Nested Loop", "Parent Relationship": "Outer", "Join Type": "Inner", "Startup Cost": 0.0, "Total Cost": 72374.78, "Plan Rows": 9, "Plan Width": 59, "Actual Min Startup Time": 272.648, "Actual Max Startup Time": 272.648, "Actual Min Total Time": 409.287, "Actual Max Total Time": 409.287, "Inner Unique": false, "Join Filter": "(mi.info_type_id = it1.id)", "Rows Removed by Join Filter": 81998, "Plans": [{"Node Type": "Seq Scan", "Parent Relationship": "Outer", "Relation Name": "info_type", "Alias": "it1", "Startup Cost": 0.0, "Total Cost": 2.4, "Plan Rows": 1, "Plan Width": 4, "Actual Min Startup Time": 0.083, "Actual Max Startup Time": 0.083, "Actual Min Total Time": 0.092, "Actual Max Total Time": 0.092, "Filter": "((info)::text = 'budget'::text)", "Rows Removed by Filter": 111, "Actual Rows": 1}, {"Node Type": "Nested Loop", "Parent Relationship": "Inner", "Join Type": "Inner", "Startup Cost": 0.0, "Total Cost": 72368.89, "Plan Rows": 279, "Plan Width": 63, "Actual Min Startup Time": 272.017, "Actual Max Startup Time": 272.017, "Actual Min Total Time": 393.425, "Actual Max Total Time": 393.425, "Inner Unique": false, "Join Filter": "(mi_idx.movie_id = mi.movie_id)", "Rows Removed by Join Filter": 0, "Plans": [{"Node Type": "Nested Loop", "Parent Relationship": "Outer", "Join Type": "Inner", "Startup Cost": 0.0, "Total Cost": 72329.29, "Plan Rows": 52, "Plan Width": 13, "Actual Min Startup Time": 271.998, "Actual Max Startup Time": 271.998, "Actual Min Total Time": 276.21, "Actual Max Total Time": 276.21, "Inner Unique": false, "Join Filter": "(mi_idx.info_type_id = it2.id)", "Rows Removed by Join Filter": 6875, "Plans": [{"Node Type": "Seq Scan", "Parent Relationship": "Outer", "Relation Name": "info_type", "Alias": "it2", "Startup Cost": 0.0, "Total Cost": 2.4, "Plan Rows": 1, "Plan Width": 4, "Actual Min Startup Time": 0.055, "Actual Max Startup Time": 0.055, "Actual Min Total Time": 0.07, "Actual Max Total Time": 0.07, "Filter": "((info)::text = 'votes'::text)", "Rows Removed by Filter": 111, "Actual Rows": 1}, {"Node Type": "Materialize", "Parent Relationship": "Inner", "Startup Cost": 0.0, "Total Cost": 72323.43, "Plan Rows": 346, "Plan Width": 17, "Actual Min Startup Time": 271.93, "Actual Max Startup Time": 271.93, "Actual Min Total Time": 273.234, "Actual Max Total Time": 273.234, "Plans": [{"Node Type": "Nested Loop", "Parent Relationship": "Outer", "Join Type": "Inner", "Startup Cost": 0.0, "Total Cost": 72322.56, "Plan Rows": 346, "Plan Width": 17, "Actual Min Startup Time": 80.747, "Actual Max Startup Time": 80.747, "Actual Min Total Time": 268.97, "Actual Max Total Time": 268.97, "Inner Unique": false, "Plans": [{"Node Type": "Nested Loop", "Parent Relationship": "Outer", "Join Type": "Inner", "Startup Cost": 0.0, "Total Cost": 72225.77, "Plan Rows": 294, "Plan Width": 4, "Actual Min Startup Time": 80.727, "Actual Max Startup Time": 80.727, "Actual Min Total Time": 231.531, "Actual Max Total Time": 231.531, "Inner Unique": false, "Plans": [{"Node Type": "Streaming(type: LOCAL GATHER dop: 1/64)", "Parent Relationship": "Outer", "Startup Cost": 0.0, "Total Cost": 64783.4, "Plan Rows": 173, "Plan Width": 4, "Actual Min Startup Time": 80.526, "Actual Max Startup Time": 80.526, "Actual Min Total Time": 99.298, "Actual Max Total Time": 99.298, "Plans": [{"Node Type": "Seq Scan", "Parent Relationship": "Outer", "Relation Name": "name", "Alias": "n", "Startup Cost": 0.0, "Total Cost": 64779.83, "Plan Rows": 173, "Plan Width": 4, "Actual Min Startup Time": 0.029, "Actual Max Startup Time": 0.86, "Actual Min Total Time": 25.533, "Actual Max Total Time": 29.548, "Filter": "(((name)::text ~~ '%Tim%'::text) AND ((gender)::text = 'm'::text))", "Rows Removed by Filter": 4158428, "Actual Rows": 9062}], "Actual Rows": 9062}, {"Node Type": "Index Scan", "Parent Relationship": "Inner", "Scan Direction": "Forward", "Index Name": "person_id_cast_info", "Relation Name": "cast_info", "Alias": "ci", "Startup Cost": 0.0, "Total Cost": 43.0, "Plan Rows": 2, "Plan Width": 8, "Actual Min Startup Time": 106.638, "Actual Max Startup Time": 106.638, "Actual Min Total Time": 126.058, "Actual Max Total Time": 126.058, "Index Cond": "(person_id = n.id)", "Rows Removed by Index Recheck": 0, "Filter": "((note)::text = ANY ('{(producer),\"(executive producer)\"}'::text[]))", "Rows Removed by Filter": 89309, "Actual Rows": 6719}], "Actual Rows": 6719}, {"Node Type": "Index Scan", "Parent Relationship": "Inner", "Scan Direction": "Forward", "Index Name": "movie_id_movie_info_idx", "Relation Name": "movie_info_idx", "Alias": "mi_idx", "Startup Cost": 0.0, "Total Cost": 0.31, "Plan Rows": 2, "Plan Width": 13, "Actual Min Startup Time": 27.643, "Actual Max Startup Time": 27.643, "Actual Min Total Time": 31.799, "Actual Max Total Time": 31.799, "Index Cond": "(movie_id = ci.movie_id)", "Rows Removed by Index Recheck": 0, "Actual Rows": 10310}], "Actual Rows": 10310}], "Actual Rows": 10311}], "Actual Rows": 3435}, {"Node Type": "Index Scan", "Parent Relationship": "Inner", "Scan Direction": "Forward", "Index Name": "movie_id_movie_info", "Relation Name": "movie_info", "Alias": "mi", "Startup Cost": 0.0, "Total Cost": 0.7, "Plan Rows": 5, "Plan Width": 50, "Actual Min Startup Time": 21.896, "Actual Max Startup Time": 21.896, "Actual Min Total Time": 88.143, "Actual Max Total Time": 88.143, "Index Cond": "(movie_id = ci.movie_id)", "Rows Removed by Index Recheck": 0, "Actual Rows": 82408}], "Actual Rows": 82408}], "Actual Rows": 410}, {"Node Type": "Index Scan", "Parent Relationship": "Inner", "Scan Direction": "Forward", "Index Name": "title_pkey", "Relation Name": "title", "Alias": "t", "Startup Cost": 0.0, "Total Cost": 0.28, "Plan Rows": 1, "Plan Width": 21, "Actual Min Startup Time": 3.263, "Actual Max Startup Time": 3.263, "Actual Min Total Time": 3.263, "Actual Max Total Time": 3.263, "Index Cond": "(id = mi.movie_id)", "Rows Removed by Index Recheck": 0, "Actual Rows": 410}], "Actual Rows": 410}], "Actual Rows": 1}, "Triggers": [], "Planner Runtime": 8.192, "Total Runtime": 425.547, "Unique SQL Id": 4264520866}}, "(64, '57')": {"explain_plan": {"Plan": {"Node Type": "Aggregate", "Strategy": "Plain", "Startup Cost": 204687.88, "Total Cost": 204687.89, "Plan Rows": 1, "Plan Width": 160, "Plans": [{"Node Type": "Nested Loop", "Parent Relationship": "Outer", "Join Type": "Inner", "Startup Cost": 0.0, "Total Cost": 204687.82, "Plan Rows": 8, "Plan Width": 64, "Inner Unique": true, "Plans": [{"Node Type": "Nested Loop", "Parent Relationship": "Outer", "Join Type": "Inner", "Startup Cost": 0.0, "Total Cost": 204685.19, "Plan Rows": 9, "Plan Width": 59, "Inner Unique": false, "Join Filter": "(mi.info_type_id = it1.id)", "Plans": [{"Node Type": "Index Scan", "Parent Relationship": "Outer", "Scan Direction": "Forward", "Index Name": "info_type_pkey", "Relation Name": "info_type", "Alias": "it1", "Startup Cost": 0.0, "Total Cost": 14.21, "Plan Rows": 1, "Plan Width": 4, "Filter": "((info)::text = 'budget'::text)"}, {"Node Type": "Nested Loop", "Parent Relationship": "Inner", "Join Type": "Inner", "Startup Cost": 0.0, "Total Cost": 204667.49, "Plan Rows": 279, "Plan Width": 63, "Inner Unique": false, "Join Filter": "(mi_idx.movie_id = mi.movie_id)", "Plans": [{"Node Type": "Nested Loop", "Parent Relationship": "Outer", "Join Type": "Inner", "Startup Cost": 0.0, "Total Cost": 204627.89, "Plan Rows": 52, "Plan Width": 13, "Inner Unique": false, "Join Filter": "(mi_idx.info_type_id = it2.id)", "Plans": [{"Node Type": "Index Scan", "Parent Relationship": "Outer", "Scan Direction": "Forward", "Index Name": "info_type_pkey", "Relation Name": "info_type", "Alias": "it2", "Startup Cost": 0.0, "Total Cost": 14.21, "Plan Rows": 1, "Plan Width": 4, "Filter": "((info)::text = 'votes'::text)"}, {"Node Type": "Nested Loop", "Parent Relationship": "Inner", "Join Type": "Inner", "Startup Cost": 0.0, "Total Cost": 204609.36, "Plan Rows": 346, "Plan Width": 17, "Inner Unique": false, "Plans": [{"Node Type": "Nested Loop", "Parent Relationship": "Outer", "Join Type": "Inner", "Startup Cost": 0.0, "Total Cost": 204512.56, "Plan Rows": 294, "Plan Width": 4, "Inner Unique": false, "Plans": [{"Node Type": "Index Scan", "Parent Relationship": "Outer", "Scan Direction": "Forward", "Index Name": "name_pkey", "Relation Name": "name", "Alias": "n", "Startup Cost": 0.0, "Total Cost": 197070.2, "Plan Rows": 173, "Plan Width": 4, "Filter": "(((name)::text ~~ '%Tim%'::text) AND ((gender)::text = 'm'::text))"}, {"Node Type": "Index Scan", "Parent Relationship": "Inner", "Scan Direction": "Forward", "Index Name": "person_id_cast_info", "Relation Name": "cast_info", "Alias": "ci", "Startup Cost": 0.0, "Total Cost": 43.0, "Plan Rows": 2, "Plan Width": 8, "Index Cond": "(person_id = n.id)", "Filter": "((note)::text = ANY ('{(producer),\"(executive producer)\"}'::text[]))"}]}, {"Node Type": "Index Scan", "Parent Relationship": "Inner", "Scan Direction": "Forward", "Index Name": "movie_id_movie_info_idx", "Relation Name": "movie_info_idx", "Alias": "mi_idx", "Startup Cost": 0.0, "Total Cost": 0.31, "Plan Rows": 2, "Plan Width": 13, "Index Cond": "(movie_id = ci.movie_id)"}]}]}, {"Node Type": "Index Scan", "Parent Relationship": "Inner", "Scan Direction": "Forward", "Index Name": "movie_id_movie_info", "Relation Name": "movie_info", "Alias": "mi", "Startup Cost": 0.0, "Total Cost": 0.7, "Plan Rows": 5, "Plan Width": 50, "Index Cond": "(movie_id = ci.movie_id)"}]}]}, {"Node Type": "Index Scan", "Parent Relationship": "Inner", "Scan Direction": "Forward", "Index Name": "title_pkey", "Relation Name": "title", "Alias": "t", "Startup Cost": 0.0, "Total Cost": 0.28, "Plan Rows": 1, "Plan Width": 21, "Index Cond": "(id = mi.movie_id)"}]}]}, "Unique SQL Id": 4264520866, "Planner Runtime": 6}, "explain_analyze_plan": null}, "(64, '58')": {"explain_plan": {"Plan": {"Node Type": "Aggregate", "Strategy": "Plain", "Startup Cost": 871810.55, "Total Cost": 871810.56, "Plan Rows": 1, "Plan Width": 160, "Plans": [{"Node Type": "Nested Loop", "Parent Relationship": "Outer", "Join Type": "Inner", "Startup Cost": 0.0, "Total Cost": 871810.49, "Plan Rows": 8, "Plan Width": 64, "Inner Unique": false, "Join Filter": "(mi_idx.movie_id = t.id)", "Plans": [{"Node Type": "Nested Loop", "Parent Relationship": "Outer", "Join Type": "Inner", "Startup Cost": 0.0, "Total Cost": 37527.17, "Plan Rows": 345008, "Plan Width": 9, "Inner Unique": false, "Join Filter": "(it2.id = mi_idx.info_type_id), (LLVM Optimized)", "Plans": [{"Node Type": "Seq Scan", "Parent Relationship": "Outer", "Relation Name": "info_type", "Alias": "it2", "Startup Cost": 0.0, "Total Cost": 2.4, "Plan Rows": 1, "Plan Width": 4, "Filter": "((info)::text = 'votes'::text)"}, {"Node Type": "Seq Scan", "Parent Relationship": "Inner", "Relation Name": "movie_info_idx", "Alias": "mi_idx", "Startup Cost": 0.0, "Total Cost": 20274.34, "Plan Rows": 1380034, "Plan Width": 13}]}, {"Node Type": "Materialize", "Parent Relationship": "Inner", "Startup Cost": 0.0, "Total Cost": 730780.98, "Plan Rows": 20, "Plan Width": 71, "Plans": [{"Node Type": "Streaming(type: LOCAL GATHER dop: 1/64)", "Parent Relationship": "Outer", "Startup Cost": 0.0, "Total Cost": 730780.88, "Plan Rows": 20, "Plan Width": 71, "Plans": [{"Node Type": "Nested Loop", "Parent Relationship": "Outer", "Join Type": "Inner", "Startup Cost": 0.0, "Total Cost": 730780.46, "Plan Rows": 20, "Plan Width": 71, "Inner Unique": false, "Join Filter": "(mi.movie_id = t.id)", "Plans": [{"Node Type": "Streaming(type: LOCAL ROUNDROBIN dop: 64/1)", "Parent Relationship": "Outer", "Startup Cost": 0.0, "Total Cost": 175227.87, "Plan Rows": 2528311, "Plan Width": 21, "Plans": [{"Node Type": "Seq Scan", "Parent Relationship": "Outer", "Relation Name": "title", "Alias": "t", "Startup Cost": 0.0, "Total Cost": 60069.11, "Plan Rows": 2528311, "Plan Width": 21}]}, {"Node Type": "Materialize", "Parent Relationship": "Inner", "Startup Cost": 0.0, "Total Cost": 542516.05, "Plan Rows": 1408, "Plan Width": 50, "Plans": [{"Node Type": "Streaming(type: BROADCAST dop: 64/64)", "Parent Relationship": "Outer", "Startup Cost": 0.0, "Total Cost": 542515.94, "Plan Rows": 1408, "Plan Width": 50, "Plans": [{"Node Type": "Nested Loop", "Parent Relationship": "Outer", "Join Type": "Inner", "Startup Cost": 0.0, "Total Cost": 479515.04, "Plan Rows": 22, "Plan Width": 50, "Inner Unique": false, "Join Filter": "(ci.movie_id = mi.movie_id)", "Plans": [{"Node Type": "Nested Loop", "Parent Relationship": "Outer", "Join Type": "Inner", "Startup Cost": 0.0, "Total Cost": 133548.44, "Plan Rows": 212428, "Plan Width": 46, "Inner Unique": false, "Join Filter": "(it1.id = mi.info_type_id), (LLVM Optimized)", "Plans": [{"Node Type": "Streaming(type: BROADCAST dop: 64/1)", "Parent Relationship": "Outer", "Startup Cost": 0.0, "Total Cost": 63003.72, "Plan Rows": 64, "Plan Width": 4, "Plans": [{"Node Type": "Seq Scan", "Parent Relationship": "Outer", "Relation Name": "info_type", "Alias": "it1", "Startup Cost": 0.0, "Total Cost": 2.4, "Plan Rows": 1, "Plan Width": 4, "Filter": "((info)::text = 'budget'::text)"}]}, {"Node Type": "Seq Scan", "Parent Relationship": "Inner", "Relation Name": "movie_info", "Alias": "mi", "Startup Cost": 0.0, "Total Cost": 67640.43, "Plan Rows": 14869966, "Plan Width": 50}]}, {"Node Type": "Materialize", "Parent Relationship": "Inner", "Startup Cost": 0.0, "Total Cost": 331329.72, "Plan Rows": 18816, "Plan Width": 4, "Plans": [{"Node Type": "Streaming(type: BROADCAST dop: 64/64)", "Parent Relationship": "Outer", "Startup Cost": 0.0, "Total Cost": 331328.25, "Plan Rows": 18816, "Plan Width": 4, "Plans": [{"Node Type": "Nested Loop", "Parent Relationship": "Outer", "Join Type": "Inner", "Startup Cost": 0.0, "Total Cost": 268316.3, "Plan Rows": 294, "Plan Width": 4, "Inner Unique": true, "Join Filter": "(ci.person_id = n.id)", "Plans": [{"Node Type": "Streaming(type: LOCAL REDISTRIBUTE dop: 64/64)", "Parent Relationship": "Outer", "Startup Cost": 0.0, "Total Cost": 139047.2, "Plan Rows": 2350421, "Plan Width": 8, "Plans": [{"Node Type": "Seq Scan", "Parent Relationship": "Outer", "Relation Name": "cast_info", "Alias": "ci", "Startup Cost": 0.0, "Total Cost": 73820.73, "Plan Rows": 2350421, "Plan Width": 8, "Filter": "((note)::text = ANY ('{(producer),\"(executive producer)\"}'::text[]))"}]}, {"Node Type": "Materialize", "Parent Relationship": "Inner", "Startup Cost": 0.0, "Total Cost": 127780.01, "Plan Rows": 173, "Plan Width": 4, "Plans": [{"Node Type": "Streaming(type: LOCAL REDISTRIBUTE dop: 64/64)", "Parent Relationship": "Outer", "Startup Cost": 0.0, "Total Cost": 127780.0, "Plan Rows": 173, "Plan Width": 4, "Plans": [{"Node Type": "Seq Scan", "Parent Relationship": "Outer", "Relation Name": "name", "Alias": "n", "Startup Cost": 0.0, "Total Cost": 64779.83, "Plan Rows": 173, "Plan Width": 4, "Filter": "(((name)::text ~~ '%Tim%'::text) AND ((gender)::text = 'm'::text))"}]}]}]}]}]}]}]}]}]}]}]}]}]}, "Unique SQL Id": 4264520866, "Planner Runtime": 11}, "explain_analyze_plan": null}, "(64, '59')": {"explain_plan": {"Plan": {"Node Type": "Aggregate", "Strategy": "Plain", "Startup Cost": 7000361921196.91, "Total Cost": 7000361921196.92, "Plan Rows": 1, "Plan Width": 160, "Plans": [{"Node Type": "Nested Loop", "Parent Relationship": "Outer", "Join Type": "Inner", "Startup Cost": 70000000000.0, "Total Cost": 7000361921196.85, "Plan Rows": 8, "Plan Width": 64, "Inner Unique": false, "Join Filter": "(mi.movie_id = t.id)", "Plans": [{"Node Type": "Index Scan", "Parent Relationship": "Outer", "Scan Direction": "Forward", "Index Name": "title_pkey", "Relation Name": "title", "Alias": "t", "Startup Cost": 10000000000.0, "Total Cost": 1000011012048.91, "Plan Rows": 2528311, "Plan Width": 21}, {"Node Type": "Materialize", "Parent Relationship": "Inner", "Startup Cost": 60000000000.0, "Total Cost": 6000350567825.98, "Plan Rows": 9, "Plan Width": 59, "Plans": [{"Node Type": "Nested Loop", "Parent Relationship": "Outer", "Join Type": "Inner", "Startup Cost": 60000000000.0, "Total Cost": 6000350567825.93, "Plan Rows": 9, "Plan Width": 59, "Inner Unique": false, "Join Filter": "(mi_idx.movie_id = mi.movie_id)", "Plans": [{"Node Type": "Nested Loop", "Parent Relationship": "Outer", "Join Type": "Inner", "Startup Cost": 20000000000.0, "Total Cost": 2000004672156.88, "Plan Rows": 345008, "Plan Width": 9, "Inner Unique": true, "Join Filter": "(it2.id = mi_idx.info_type_id), (LLVM Optimized)", "Plans": [{"Node Type": "Index Scan", "Parent Relationship": "Outer", "Scan Direction": "Forward", "Index Name": "movie_id_movie_info_idx", "Relation Name": "movie_info_idx", "Alias": "mi_idx", "Startup Cost": 10000000000.0, "Total Cost": 1000004650035.37, "Plan Rows": 1380034, "Plan Width": 13}, {"Node Type": "Materialize", "Parent Relationship": "Inner", "Startup Cost": 10000000000.0, "Total Cost": 1000000001421.0, "Plan Rows": 1, "Plan Width": 4, "Plans": [{"Node Type": "Index Scan", "Parent Relationship": "Outer", "Scan Direction": "Forward", "Index Name": "info_type_pkey", "Relation Name": "info_type", "Alias": "it2", "Startup Cost": 10000000000.0, "Total Cost": 1000000001421.0, "Plan Rows": 1, "Plan Width": 4, "Filter": "((info)::text = 'votes'::text)"}]}]}, {"Node Type": "Materialize", "Parent Relationship": "Inner", "Startup Cost": 40000000000.0, "Total Cost": 4000345781816.47, "Plan Rows": 22, "Plan Width": 50, "Plans": [{"Node Type": "Nested Loop", "Parent Relationship": "Outer", "Join Type": "Inner", "Startup Cost": 40000000000.0, "Total Cost": 4000345781816.36, "Plan Rows": 22, "Plan Width": 50, "Inner Unique": false, "Join Filter": "(ci.movie_id = mi.movie_id)", "Plans": [{"Node Type": "Nested Loop", "Parent Relationship": "Outer", "Join Type": "Inner", "Startup Cost": 20000000000.0, "Total Cost": 2000104041382.71, "Plan Rows": 212428, "Plan Width": 46, "Inner Unique": true, "Join Filter": "(it1.id = mi.info_type_id), (LLVM Optimized)", "Plans": [{"Node Type": "Index Scan", "Parent Relationship": "Outer", "Scan Direction": "Forward", "Index Name": "movie_id_movie_info", "Relation Name": "movie_info", "Alias": "mi", "Startup Cost": 10000000000.0, "Total Cost": 1000103816912.22, "Plan Rows": 14869966, "Plan Width": 50}, {"Node Type": "Materialize", "Parent Relationship": "Inner", "Startup Cost": 10000000000.0, "Total Cost": 1000000001421.0, "Plan Rows": 1, "Plan Width": 4, "Plans": [{"Node Type": "Index Scan", "Parent Relationship": "Outer", "Scan Direction": "Forward", "Index Name": "info_type_pkey", "Relation Name": "info_type", "Alias": "it1", "Startup Cost": 10000000000.0, "Total Cost": 1000000001421.0, "Plan Rows": 1, "Plan Width": 4, "Filter": "((info)::text = 'budget'::text)"}]}]}, {"Node Type": "Materialize", "Parent Relationship": "Inner", "Startup Cost": 20000000000.0, "Total Cost": 2000240803626.91, "Plan Rows": 294, "Plan Width": 4, "Plans": [{"Node Type": "Nested Loop", "Parent Relationship": "Outer", "Join Type": "Inner", "Startup Cost": 20000000000.0, "Total Cost": 2000240803625.44, "Plan Rows": 294, "Plan Width": 4, "Inner Unique": true, "Join Filter": "(ci.person_id = n.id)", "Plans": [{"Node Type": "Index Scan", "Parent Relationship": "Outer", "Scan Direction": "Forward", "Index Name": "movie_id_cast_info", "Relation Name": "cast_info", "Alias": "ci", "Startup Cost": 10000000000.0, "Total Cost": 1000214997262.8, "Plan Rows": 2350421, "Plan Width": 8, "Filter": "((note)::text = ANY ('{(producer),\"(executive producer)\"}'::text[]))"}, {"Node Type": "Materialize", "Parent Relationship": "Inner", "Startup Cost": 10000000000.0, "Total Cost": 1000019707020.57, "Plan Rows": 173, "Plan Width": 4, "Plans": [{"Node Type": "Index Scan", "Parent Relationship": "Outer", "Scan Direction": "Forward", "Index Name": "name_pkey", "Relation Name": "name", "Alias": "n", "Startup Cost": 10000000000.0, "Total Cost": 1000019707019.7, "Plan Rows": 173, "Plan Width": 4, "Filter": "(((name)::text ~~ '%Tim%'::text) AND ((gender)::text = 'm'::text))"}]}]}]}]}]}]}]}]}]}, "Unique SQL Id": 4264520866, "Planner Runtime": 10}, "explain_analyze_plan": null}, "(64, '60')": {"explain_plan": {"Plan": {"Node Type": "Aggregate", "Strategy": "Plain", "Startup Cost": 72377.46, "Total Cost": 72377.47, "Plan Rows": 1, "Plan Width": 160, "Plans": [{"Node Type": "Nested Loop", "Parent Relationship": "Outer", "Join Type": "Inner", "Startup Cost": 0.0, "Total Cost": 72377.4, "Plan Rows": 8, "Plan Width": 64, "Inner Unique": true, "Plans": [{"Node Type": "Nested Loop", "Parent Relationship": "Outer", "Join Type": "Inner", "Startup Cost": 0.0, "Total Cost": 72374.78, "Plan Rows": 9, "Plan Width": 59, "Inner Unique": false, "Join Filter": "(mi.info_type_id = it1.id)", "Plans": [{"Node Type": "Seq Scan", "Parent Relationship": "Outer", "Relation Name": "info_type", "Alias": "it1", "Startup Cost": 0.0, "Total Cost": 2.4, "Plan Rows": 1, "Plan Width": 4, "Filter": "((info)::text = 'budget'::text)"}, {"Node Type": "Nested Loop", "Parent Relationship": "Inner", "Join Type": "Inner", "Startup Cost": 0.0, "Total Cost": 72368.89, "Plan Rows": 279, "Plan Width": 63, "Inner Unique": false, "Join Filter": "(mi_idx.movie_id = mi.movie_id)", "Plans": [{"Node Type": "Nested Loop", "Parent Relationship": "Outer", "Join Type": "Inner", "Startup Cost": 0.0, "Total Cost": 72329.29, "Plan Rows": 52, "Plan Width": 13, "Inner Unique": false, "Join Filter": "(mi_idx.info_type_id = it2.id)", "Plans": [{"Node Type": "Seq Scan", "Parent Relationship": "Outer", "Relation Name": "info_type", "Alias": "it2", "Startup Cost": 0.0, "Total Cost": 2.4, "Plan Rows": 1, "Plan Width": 4, "Filter": "((info)::text = 'votes'::text)"}, {"Node Type": "Materialize", "Parent Relationship": "Inner", "Startup Cost": 0.0, "Total Cost": 72323.43, "Plan Rows": 346, "Plan Width": 17, "Plans": [{"Node Type": "Nested Loop", "Parent Relationship": "Outer", "Join Type": "Inner", "Startup Cost": 0.0, "Total Cost": 72322.56, "Plan Rows": 346, "Plan Width": 17, "Inner Unique": false, "Plans": [{"Node Type": "Nested Loop", "Parent Relationship": "Outer", "Join Type": "Inner", "Startup Cost": 0.0, "Total Cost": 72225.77, "Plan Rows": 294, "Plan Width": 4, "Inner Unique": false, "Plans": [{"Node Type": "Streaming(type: LOCAL GATHER dop: 1/64)", "Parent Relationship": "Outer", "Startup Cost": 0.0, "Total Cost": 64783.4, "Plan Rows": 173, "Plan Width": 4, "Plans": [{"Node Type": "Seq Scan", "Parent Relationship": "Outer", "Relation Name": "name", "Alias": "n", "Startup Cost": 0.0, "Total Cost": 64779.83, "Plan Rows": 173, "Plan Width": 4, "Filter": "(((name)::text ~~ '%Tim%'::text) AND ((gender)::text = 'm'::text))"}]}, {"Node Type": "Index Scan", "Parent Relationship": "Inner", "Scan Direction": "Forward", "Index Name": "person_id_cast_info", "Relation Name": "cast_info", "Alias": "ci", "Startup Cost": 0.0, "Total Cost": 43.0, "Plan Rows": 2, "Plan Width": 8, "Index Cond": "(person_id = n.id)", "Filter": "((note)::text = ANY ('{(producer),\"(executive producer)\"}'::text[]))"}]}, {"Node Type": "Index Scan", "Parent Relationship": "Inner", "Scan Direction": "Forward", "Index Name": "movie_id_movie_info_idx", "Relation Name": "movie_info_idx", "Alias": "mi_idx", "Startup Cost": 0.0, "Total Cost": 0.31, "Plan Rows": 2, "Plan Width": 13, "Index Cond": "(movie_id = ci.movie_id)"}]}]}]}, {"Node Type": "Index Scan", "Parent Relationship": "Inner", "Scan Direction": "Forward", "Index Name": "movie_id_movie_info", "Relation Name": "movie_info", "Alias": "mi", "Startup Cost": 0.0, "Total Cost": 0.7, "Plan Rows": 5, "Plan Width": 50, "Index Cond": "(movie_id = ci.movie_id)"}]}]}, {"Node Type": "Index Scan", "Parent Relationship": "Inner", "Scan Direction": "Forward", "Index Name": "title_pkey", "Relation Name": "title", "Alias": "t", "Startup Cost": 0.0, "Total Cost": 0.28, "Plan Rows": 1, "Plan Width": 21, "Index Cond": "(id = mi.movie_id)"}]}]}, "Unique SQL Id": 4264520866, "Planner Runtime": 8}, "explain_analyze_plan": {"Plan": {"Node Type": "Aggregate", "Strategy": "Plain", "Startup Cost": 72377.46, "Total Cost": 72377.47, "Plan Rows": 1, "Plan Width": 160, "Actual Min Startup Time": 413.389, "Actual Max Startup Time": 413.389, "Actual Min Total Time": 413.389, "Actual Max Total Time": 413.389, "Plans": [{"Node Type": "Nested Loop", "Parent Relationship": "Outer", "Join Type": "Inner", "Startup Cost": 0.0, "Total Cost": 72377.4, "Plan Rows": 8, "Plan Width": 64, "Actual Min Startup Time": 272.667, "Actual Max Startup Time": 272.667, "Actual Min Total Time": 412.915, "Actual Max Total Time": 412.915, "Inner Unique": true, "Plans": [{"Node Type": "Nested Loop", "Parent Relationship": "Outer", "Join Type": "Inner", "Startup Cost": 0.0, "Total Cost": 72374.78, "Plan Rows": 9, "Plan Width": 59, "Actual Min Startup Time": 272.648, "Actual Max Startup Time": 272.648, "Actual Min Total Time": 409.287, "Actual Max Total Time": 409.287, "Inner Unique": false, "Join Filter": "(mi.info_type_id = it1.id)", "Rows Removed by Join Filter": 81998, "Plans": [{"Node Type": "Seq Scan", "Parent Relationship": "Outer", "Relation Name": "info_type", "Alias": "it1", "Startup Cost": 0.0, "Total Cost": 2.4, "Plan Rows": 1, "Plan Width": 4, "Actual Min Startup Time": 0.083, "Actual Max Startup Time": 0.083, "Actual Min Total Time": 0.092, "Actual Max Total Time": 0.092, "Filter": "((info)::text = 'budget'::text)", "Rows Removed by Filter": 111, "Actual Rows": 1}, {"Node Type": "Nested Loop", "Parent Relationship": "Inner", "Join Type": "Inner", "Startup Cost": 0.0, "Total Cost": 72368.89, "Plan Rows": 279, "Plan Width": 63, "Actual Min Startup Time": 272.017, "Actual Max Startup Time": 272.017, "Actual Min Total Time": 393.425, "Actual Max Total Time": 393.425, "Inner Unique": false, "Join Filter": "(mi_idx.movie_id = mi.movie_id)", "Rows Removed by Join Filter": 0, "Plans": [{"Node Type": "Nested Loop", "Parent Relationship": "Outer", "Join Type": "Inner", "Startup Cost": 0.0, "Total Cost": 72329.29, "Plan Rows": 52, "Plan Width": 13, "Actual Min Startup Time": 271.998, "Actual Max Startup Time": 271.998, "Actual Min Total Time": 276.21, "Actual Max Total Time": 276.21, "Inner Unique": false, "Join Filter": "(mi_idx.info_type_id = it2.id)", "Rows Removed by Join Filter": 6875, "Plans": [{"Node Type": "Seq Scan", "Parent Relationship": "Outer", "Relation Name": "info_type", "Alias": "it2", "Startup Cost": 0.0, "Total Cost": 2.4, "Plan Rows": 1, "Plan Width": 4, "Actual Min Startup Time": 0.055, "Actual Max Startup Time": 0.055, "Actual Min Total Time": 0.07, "Actual Max Total Time": 0.07, "Filter": "((info)::text = 'votes'::text)", "Rows Removed by Filter": 111, "Actual Rows": 1}, {"Node Type": "Materialize", "Parent Relationship": "Inner", "Startup Cost": 0.0, "Total Cost": 72323.43, "Plan Rows": 346, "Plan Width": 17, "Actual Min Startup Time": 271.93, "Actual Max Startup Time": 271.93, "Actual Min Total Time": 273.234, "Actual Max Total Time": 273.234, "Plans": [{"Node Type": "Nested Loop", "Parent Relationship": "Outer", "Join Type": "Inner", "Startup Cost": 0.0, "Total Cost": 72322.56, "Plan Rows": 346, "Plan Width": 17, "Actual Min Startup Time": 80.747, "Actual Max Startup Time": 80.747, "Actual Min Total Time": 268.97, "Actual Max Total Time": 268.97, "Inner Unique": false, "Plans": [{"Node Type": "Nested Loop", "Parent Relationship": "Outer", "Join Type": "Inner", "Startup Cost": 0.0, "Total Cost": 72225.77, "Plan Rows": 294, "Plan Width": 4, "Actual Min Startup Time": 80.727, "Actual Max Startup Time": 80.727, "Actual Min Total Time": 231.531, "Actual Max Total Time": 231.531, "Inner Unique": false, "Plans": [{"Node Type": "Streaming(type: LOCAL GATHER dop: 1/64)", "Parent Relationship": "Outer", "Startup Cost": 0.0, "Total Cost": 64783.4, "Plan Rows": 173, "Plan Width": 4, "Actual Min Startup Time": 80.526, "Actual Max Startup Time": 80.526, "Actual Min Total Time": 99.298, "Actual Max Total Time": 99.298, "Plans": [{"Node Type": "Seq Scan", "Parent Relationship": "Outer", "Relation Name": "name", "Alias": "n", "Startup Cost": 0.0, "Total Cost": 64779.83, "Plan Rows": 173, "Plan Width": 4, "Actual Min Startup Time": 0.029, "Actual Max Startup Time": 0.86, "Actual Min Total Time": 25.533, "Actual Max Total Time": 29.548, "Filter": "(((name)::text ~~ '%Tim%'::text) AND ((gender)::text = 'm'::text))", "Rows Removed by Filter": 4158428, "Actual Rows": 9062}], "Actual Rows": 9062}, {"Node Type": "Index Scan", "Parent Relationship": "Inner", "Scan Direction": "Forward", "Index Name": "person_id_cast_info", "Relation Name": "cast_info", "Alias": "ci", "Startup Cost": 0.0, "Total Cost": 43.0, "Plan Rows": 2, "Plan Width": 8, "Actual Min Startup Time": 106.638, "Actual Max Startup Time": 106.638, "Actual Min Total Time": 126.058, "Actual Max Total Time": 126.058, "Index Cond": "(person_id = n.id)", "Rows Removed by Index Recheck": 0, "Filter": "((note)::text = ANY ('{(producer),\"(executive producer)\"}'::text[]))", "Rows Removed by Filter": 89309, "Actual Rows": 6719}], "Actual Rows": 6719}, {"Node Type": "Index Scan", "Parent Relationship": "Inner", "Scan Direction": "Forward", "Index Name": "movie_id_movie_info_idx", "Relation Name": "movie_info_idx", "Alias": "mi_idx", "Startup Cost": 0.0, "Total Cost": 0.31, "Plan Rows": 2, "Plan Width": 13, "Actual Min Startup Time": 27.643, "Actual Max Startup Time": 27.643, "Actual Min Total Time": 31.799, "Actual Max Total Time": 31.799, "Index Cond": "(movie_id = ci.movie_id)", "Rows Removed by Index Recheck": 0, "Actual Rows": 10310}], "Actual Rows": 10310}], "Actual Rows": 10311}], "Actual Rows": 3435}, {"Node Type": "Index Scan", "Parent Relationship": "Inner", "Scan Direction": "Forward", "Index Name": "movie_id_movie_info", "Relation Name": "movie_info", "Alias": "mi", "Startup Cost": 0.0, "Total Cost": 0.7, "Plan Rows": 5, "Plan Width": 50, "Actual Min Startup Time": 21.896, "Actual Max Startup Time": 21.896, "Actual Min Total Time": 88.143, "Actual Max Total Time": 88.143, "Index Cond": "(movie_id = ci.movie_id)", "Rows Removed by Index Recheck": 0, "Actual Rows": 82408}], "Actual Rows": 82408}], "Actual Rows": 410}, {"Node Type": "Index Scan", "Parent Relationship": "Inner", "Scan Direction": "Forward", "Index Name": "title_pkey", "Relation Name": "title", "Alias": "t", "Startup Cost": 0.0, "Total Cost": 0.28, "Plan Rows": 1, "Plan Width": 21, "Actual Min Startup Time": 3.263, "Actual Max Startup Time": 3.263, "Actual Min Total Time": 3.263, "Actual Max Total Time": 3.263, "Index Cond": "(id = mi.movie_id)", "Rows Removed by Index Recheck": 0, "Actual Rows": 410}], "Actual Rows": 410}], "Actual Rows": 1}, "Triggers": [], "Planner Runtime": 8.192, "Total Runtime": 425.547, "Unique SQL Id": 4264520866}}, "(64, '61')": {"explain_plan": {"Plan": {"Node Type": "Aggregate", "Strategy": "Plain", "Startup Cost": 204687.88, "Total Cost": 204687.89, "Plan Rows": 1, "Plan Width": 160, "Plans": [{"Node Type": "Nested Loop", "Parent Relationship": "Outer", "Join Type": "Inner", "Startup Cost": 0.0, "Total Cost": 204687.82, "Plan Rows": 8, "Plan Width": 64, "Inner Unique": true, "Plans": [{"Node Type": "Nested Loop", "Parent Relationship": "Outer", "Join Type": "Inner", "Startup Cost": 0.0, "Total Cost": 204685.19, "Plan Rows": 9, "Plan Width": 59, "Inner Unique": false, "Join Filter": "(mi.info_type_id = it1.id)", "Plans": [{"Node Type": "Index Scan", "Parent Relationship": "Outer", "Scan Direction": "Forward", "Index Name": "info_type_pkey", "Relation Name": "info_type", "Alias": "it1", "Startup Cost": 0.0, "Total Cost": 14.21, "Plan Rows": 1, "Plan Width": 4, "Filter": "((info)::text = 'budget'::text)"}, {"Node Type": "Nested Loop", "Parent Relationship": "Inner", "Join Type": "Inner", "Startup Cost": 0.0, "Total Cost": 204667.49, "Plan Rows": 279, "Plan Width": 63, "Inner Unique": false, "Join Filter": "(mi_idx.movie_id = mi.movie_id)", "Plans": [{"Node Type": "Nested Loop", "Parent Relationship": "Outer", "Join Type": "Inner", "Startup Cost": 0.0, "Total Cost": 204627.89, "Plan Rows": 52, "Plan Width": 13, "Inner Unique": false, "Join Filter": "(mi_idx.info_type_id = it2.id)", "Plans": [{"Node Type": "Index Scan", "Parent Relationship": "Outer", "Scan Direction": "Forward", "Index Name": "info_type_pkey", "Relation Name": "info_type", "Alias": "it2", "Startup Cost": 0.0, "Total Cost": 14.21, "Plan Rows": 1, "Plan Width": 4, "Filter": "((info)::text = 'votes'::text)"}, {"Node Type": "Nested Loop", "Parent Relationship": "Inner", "Join Type": "Inner", "Startup Cost": 0.0, "Total Cost": 204609.36, "Plan Rows": 346, "Plan Width": 17, "Inner Unique": false, "Plans": [{"Node Type": "Nested Loop", "Parent Relationship": "Outer", "Join Type": "Inner", "Startup Cost": 0.0, "Total Cost": 204512.56, "Plan Rows": 294, "Plan Width": 4, "Inner Unique": false, "Plans": [{"Node Type": "Index Scan", "Parent Relationship": "Outer", "Scan Direction": "Forward", "Index Name": "name_pkey", "Relation Name": "name", "Alias": "n", "Startup Cost": 0.0, "Total Cost": 197070.2, "Plan Rows": 173, "Plan Width": 4, "Filter": "(((name)::text ~~ '%Tim%'::text) AND ((gender)::text = 'm'::text))"}, {"Node Type": "Index Scan", "Parent Relationship": "Inner", "Scan Direction": "Forward", "Index Name": "person_id_cast_info", "Relation Name": "cast_info", "Alias": "ci", "Startup Cost": 0.0, "Total Cost": 43.0, "Plan Rows": 2, "Plan Width": 8, "Index Cond": "(person_id = n.id)", "Filter": "((note)::text = ANY ('{(producer),\"(executive producer)\"}'::text[]))"}]}, {"Node Type": "Index Scan", "Parent Relationship": "Inner", "Scan Direction": "Forward", "Index Name": "movie_id_movie_info_idx", "Relation Name": "movie_info_idx", "Alias": "mi_idx", "Startup Cost": 0.0, "Total Cost": 0.31, "Plan Rows": 2, "Plan Width": 13, "Index Cond": "(movie_id = ci.movie_id)"}]}]}, {"Node Type": "Index Scan", "Parent Relationship": "Inner", "Scan Direction": "Forward", "Index Name": "movie_id_movie_info", "Relation Name": "movie_info", "Alias": "mi", "Startup Cost": 0.0, "Total Cost": 0.7, "Plan Rows": 5, "Plan Width": 50, "Index Cond": "(movie_id = ci.movie_id)"}]}]}, {"Node Type": "Index Scan", "Parent Relationship": "Inner", "Scan Direction": "Forward", "Index Name": "title_pkey", "Relation Name": "title", "Alias": "t", "Startup Cost": 0.0, "Total Cost": 0.28, "Plan Rows": 1, "Plan Width": 21, "Index Cond": "(id = mi.movie_id)"}]}]}, "Unique SQL Id": 4264520866, "Planner Runtime": 6}, "explain_analyze_plan": null}, "(64, '62')": {"explain_plan": {"Plan": {"Node Type": "Aggregate", "Strategy": "Plain", "Startup Cost": 871810.55, "Total Cost": 871810.56, "Plan Rows": 1, "Plan Width": 160, "Plans": [{"Node Type": "Nested Loop", "Parent Relationship": "Outer", "Join Type": "Inner", "Startup Cost": 0.0, "Total Cost": 871810.49, "Plan Rows": 8, "Plan Width": 64, "Inner Unique": false, "Join Filter": "(mi_idx.movie_id = t.id)", "Plans": [{"Node Type": "Nested Loop", "Parent Relationship": "Outer", "Join Type": "Inner", "Startup Cost": 0.0, "Total Cost": 37527.17, "Plan Rows": 345008, "Plan Width": 9, "Inner Unique": false, "Join Filter": "(it2.id = mi_idx.info_type_id), (LLVM Optimized)", "Plans": [{"Node Type": "Seq Scan", "Parent Relationship": "Outer", "Relation Name": "info_type", "Alias": "it2", "Startup Cost": 0.0, "Total Cost": 2.4, "Plan Rows": 1, "Plan Width": 4, "Filter": "((info)::text = 'votes'::text)"}, {"Node Type": "Seq Scan", "Parent Relationship": "Inner", "Relation Name": "movie_info_idx", "Alias": "mi_idx", "Startup Cost": 0.0, "Total Cost": 20274.34, "Plan Rows": 1380034, "Plan Width": 13}]}, {"Node Type": "Materialize", "Parent Relationship": "Inner", "Startup Cost": 0.0, "Total Cost": 730780.98, "Plan Rows": 20, "Plan Width": 71, "Plans": [{"Node Type": "Streaming(type: LOCAL GATHER dop: 1/64)", "Parent Relationship": "Outer", "Startup Cost": 0.0, "Total Cost": 730780.88, "Plan Rows": 20, "Plan Width": 71, "Plans": [{"Node Type": "Nested Loop", "Parent Relationship": "Outer", "Join Type": "Inner", "Startup Cost": 0.0, "Total Cost": 730780.46, "Plan Rows": 20, "Plan Width": 71, "Inner Unique": false, "Join Filter": "(mi.movie_id = t.id)", "Plans": [{"Node Type": "Streaming(type: LOCAL ROUNDROBIN dop: 64/1)", "Parent Relationship": "Outer", "Startup Cost": 0.0, "Total Cost": 175227.87, "Plan Rows": 2528311, "Plan Width": 21, "Plans": [{"Node Type": "Seq Scan", "Parent Relationship": "Outer", "Relation Name": "title", "Alias": "t", "Startup Cost": 0.0, "Total Cost": 60069.11, "Plan Rows": 2528311, "Plan Width": 21}]}, {"Node Type": "Materialize", "Parent Relationship": "Inner", "Startup Cost": 0.0, "Total Cost": 542516.05, "Plan Rows": 1408, "Plan Width": 50, "Plans": [{"Node Type": "Streaming(type: BROADCAST dop: 64/64)", "Parent Relationship": "Outer", "Startup Cost": 0.0, "Total Cost": 542515.94, "Plan Rows": 1408, "Plan Width": 50, "Plans": [{"Node Type": "Nested Loop", "Parent Relationship": "Outer", "Join Type": "Inner", "Startup Cost": 0.0, "Total Cost": 479515.04, "Plan Rows": 22, "Plan Width": 50, "Inner Unique": false, "Join Filter": "(ci.movie_id = mi.movie_id)", "Plans": [{"Node Type": "Nested Loop", "Parent Relationship": "Outer", "Join Type": "Inner", "Startup Cost": 0.0, "Total Cost": 133548.44, "Plan Rows": 212428, "Plan Width": 46, "Inner Unique": false, "Join Filter": "(it1.id = mi.info_type_id), (LLVM Optimized)", "Plans": [{"Node Type": "Streaming(type: BROADCAST dop: 64/1)", "Parent Relationship": "Outer", "Startup Cost": 0.0, "Total Cost": 63003.72, "Plan Rows": 64, "Plan Width": 4, "Plans": [{"Node Type": "Seq Scan", "Parent Relationship": "Outer", "Relation Name": "info_type", "Alias": "it1", "Startup Cost": 0.0, "Total Cost": 2.4, "Plan Rows": 1, "Plan Width": 4, "Filter": "((info)::text = 'budget'::text)"}]}, {"Node Type": "Seq Scan", "Parent Relationship": "Inner", "Relation Name": "movie_info", "Alias": "mi", "Startup Cost": 0.0, "Total Cost": 67640.43, "Plan Rows": 14869966, "Plan Width": 50}]}, {"Node Type": "Materialize", "Parent Relationship": "Inner", "Startup Cost": 0.0, "Total Cost": 331329.72, "Plan Rows": 18816, "Plan Width": 4, "Plans": [{"Node Type": "Streaming(type: BROADCAST dop: 64/64)", "Parent Relationship": "Outer", "Startup Cost": 0.0, "Total Cost": 331328.25, "Plan Rows": 18816, "Plan Width": 4, "Plans": [{"Node Type": "Nested Loop", "Parent Relationship": "Outer", "Join Type": "Inner", "Startup Cost": 0.0, "Total Cost": 268316.3, "Plan Rows": 294, "Plan Width": 4, "Inner Unique": true, "Join Filter": "(ci.person_id = n.id)", "Plans": [{"Node Type": "Streaming(type: LOCAL REDISTRIBUTE dop: 64/64)", "Parent Relationship": "Outer", "Startup Cost": 0.0, "Total Cost": 139047.2, "Plan Rows": 2350421, "Plan Width": 8, "Plans": [{"Node Type": "Seq Scan", "Parent Relationship": "Outer", "Relation Name": "cast_info", "Alias": "ci", "Startup Cost": 0.0, "Total Cost": 73820.73, "Plan Rows": 2350421, "Plan Width": 8, "Filter": "((note)::text = ANY ('{(producer),\"(executive producer)\"}'::text[]))"}]}, {"Node Type": "Materialize", "Parent Relationship": "Inner", "Startup Cost": 0.0, "Total Cost": 127780.01, "Plan Rows": 173, "Plan Width": 4, "Plans": [{"Node Type": "Streaming(type: LOCAL REDISTRIBUTE dop: 64/64)", "Parent Relationship": "Outer", "Startup Cost": 0.0, "Total Cost": 127780.0, "Plan Rows": 173, "Plan Width": 4, "Plans": [{"Node Type": "Seq Scan", "Parent Relationship": "Outer", "Relation Name": "name", "Alias": "n", "Startup Cost": 0.0, "Total Cost": 64779.83, "Plan Rows": 173, "Plan Width": 4, "Filter": "(((name)::text ~~ '%Tim%'::text) AND ((gender)::text = 'm'::text))"}]}]}]}]}]}]}]}]}]}]}]}]}]}, "Unique SQL Id": 4264520866, "Planner Runtime": 11}, "explain_analyze_plan": null}, "(64, '63')": {"explain_plan": {"Plan": {"Node Type": "Aggregate", "Strategy": "Plain", "Startup Cost": 7000361921196.91, "Total Cost": 7000361921196.92, "Plan Rows": 1, "Plan Width": 160, "Plans": [{"Node Type": "Nested Loop", "Parent Relationship": "Outer", "Join Type": "Inner", "Startup Cost": 70000000000.0, "Total Cost": 7000361921196.85, "Plan Rows": 8, "Plan Width": 64, "Inner Unique": false, "Join Filter": "(mi.movie_id = t.id)", "Plans": [{"Node Type": "Index Scan", "Parent Relationship": "Outer", "Scan Direction": "Forward", "Index Name": "title_pkey", "Relation Name": "title", "Alias": "t", "Startup Cost": 10000000000.0, "Total Cost": 1000011012048.91, "Plan Rows": 2528311, "Plan Width": 21}, {"Node Type": "Materialize", "Parent Relationship": "Inner", "Startup Cost": 60000000000.0, "Total Cost": 6000350567825.98, "Plan Rows": 9, "Plan Width": 59, "Plans": [{"Node Type": "Nested Loop", "Parent Relationship": "Outer", "Join Type": "Inner", "Startup Cost": 60000000000.0, "Total Cost": 6000350567825.93, "Plan Rows": 9, "Plan Width": 59, "Inner Unique": false, "Join Filter": "(mi_idx.movie_id = mi.movie_id)", "Plans": [{"Node Type": "Nested Loop", "Parent Relationship": "Outer", "Join Type": "Inner", "Startup Cost": 20000000000.0, "Total Cost": 2000004672156.88, "Plan Rows": 345008, "Plan Width": 9, "Inner Unique": true, "Join Filter": "(it2.id = mi_idx.info_type_id), (LLVM Optimized)", "Plans": [{"Node Type": "Index Scan", "Parent Relationship": "Outer", "Scan Direction": "Forward", "Index Name": "movie_id_movie_info_idx", "Relation Name": "movie_info_idx", "Alias": "mi_idx", "Startup Cost": 10000000000.0, "Total Cost": 1000004650035.37, "Plan Rows": 1380034, "Plan Width": 13}, {"Node Type": "Materialize", "Parent Relationship": "Inner", "Startup Cost": 10000000000.0, "Total Cost": 1000000001421.0, "Plan Rows": 1, "Plan Width": 4, "Plans": [{"Node Type": "Index Scan", "Parent Relationship": "Outer", "Scan Direction": "Forward", "Index Name": "info_type_pkey", "Relation Name": "info_type", "Alias": "it2", "Startup Cost": 10000000000.0, "Total Cost": 1000000001421.0, "Plan Rows": 1, "Plan Width": 4, "Filter": "((info)::text = 'votes'::text)"}]}]}, {"Node Type": "Materialize", "Parent Relationship": "Inner", "Startup Cost": 40000000000.0, "Total Cost": 4000345781816.47, "Plan Rows": 22, "Plan Width": 50, "Plans": [{"Node Type": "Nested Loop", "Parent Relationship": "Outer", "Join Type": "Inner", "Startup Cost": 40000000000.0, "Total Cost": 4000345781816.36, "Plan Rows": 22, "Plan Width": 50, "Inner Unique": false, "Join Filter": "(ci.movie_id = mi.movie_id)", "Plans": [{"Node Type": "Nested Loop", "Parent Relationship": "Outer", "Join Type": "Inner", "Startup Cost": 20000000000.0, "Total Cost": 2000104041382.71, "Plan Rows": 212428, "Plan Width": 46, "Inner Unique": true, "Join Filter": "(it1.id = mi.info_type_id), (LLVM Optimized)", "Plans": [{"Node Type": "Index Scan", "Parent Relationship": "Outer", "Scan Direction": "Forward", "Index Name": "movie_id_movie_info", "Relation Name": "movie_info", "Alias": "mi", "Startup Cost": 10000000000.0, "Total Cost": 1000103816912.22, "Plan Rows": 14869966, "Plan Width": 50}, {"Node Type": "Materialize", "Parent Relationship": "Inner", "Startup Cost": 10000000000.0, "Total Cost": 1000000001421.0, "Plan Rows": 1, "Plan Width": 4, "Plans": [{"Node Type": "Index Scan", "Parent Relationship": "Outer", "Scan Direction": "Forward", "Index Name": "info_type_pkey", "Relation Name": "info_type", "Alias": "it1", "Startup Cost": 10000000000.0, "Total Cost": 1000000001421.0, "Plan Rows": 1, "Plan Width": 4, "Filter": "((info)::text = 'budget'::text)"}]}]}, {"Node Type": "Materialize", "Parent Relationship": "Inner", "Startup Cost": 20000000000.0, "Total Cost": 2000240803626.91, "Plan Rows": 294, "Plan Width": 4, "Plans": [{"Node Type": "Nested Loop", "Parent Relationship": "Outer", "Join Type": "Inner", "Startup Cost": 20000000000.0, "Total Cost": 2000240803625.44, "Plan Rows": 294, "Plan Width": 4, "Inner Unique": true, "Join Filter": "(ci.person_id = n.id)", "Plans": [{"Node Type": "Index Scan", "Parent Relationship": "Outer", "Scan Direction": "Forward", "Index Name": "movie_id_cast_info", "Relation Name": "cast_info", "Alias": "ci", "Startup Cost": 10000000000.0, "Total Cost": 1000214997262.8, "Plan Rows": 2350421, "Plan Width": 8, "Filter": "((note)::text = ANY ('{(producer),\"(executive producer)\"}'::text[]))"}, {"Node Type": "Materialize", "Parent Relationship": "Inner", "Startup Cost": 10000000000.0, "Total Cost": 1000019707020.57, "Plan Rows": 173, "Plan Width": 4, "Plans": [{"Node Type": "Index Scan", "Parent Relationship": "Outer", "Scan Direction": "Forward", "Index Name": "name_pkey", "Relation Name": "name", "Alias": "n", "Startup Cost": 10000000000.0, "Total Cost": 1000019707019.7, "Plan Rows": 173, "Plan Width": 4, "Filter": "(((name)::text ~~ '%Tim%'::text) AND ((gender)::text = 'm'::text))"}]}]}]}]}]}]}]}]}]}, "Unique SQL Id": 4264520866, "Planner Runtime": 6}, "explain_analyze_plan": null}, "(64, '64')": {"explain_plan": {"Plan": {"Node Type": "Aggregate", "Strategy": "Plain", "Startup Cost": 72942.7, "Total Cost": 72942.71, "Plan Rows": 1, "Plan Width": 160, "Plans": [{"Node Type": "Nested Loop", "Parent Relationship": "Outer", "Join Type": "Inner", "Startup Cost": 0.0, "Total Cost": 72942.64, "Plan Rows": 9, "Plan Width": 64, "Inner Unique": true, "Plans": [{"Node Type": "Nested Loop", "Parent Relationship": "Outer", "Join Type": "Inner", "Startup Cost": 0.0, "Total Cost": 72940.01, "Plan Rows": 9, "Plan Width": 59, "Inner Unique": true, "Plans": [{"Node Type": "Nested Loop", "Parent Relationship": "Outer", "Join Type": "Inner", "Startup Cost": 0.0, "Total Cost": 72593.95, "Plan Rows": 1225, "Plan Width": 63, "Inner Unique": false, "Join Filter": "(mi_idx.movie_id = mi.movie_id)", "Plans": [{"Node Type": "Nested Loop", "Parent Relationship": "Outer", "Join Type": "Inner", "Startup Cost": 0.0, "Total Cost": 72420.31, "Plan Rows": 228, "Plan Width": 13, "Inner Unique": true, "Plans": [{"Node Type": "Nested Loop", "Parent Relationship": "Outer", "Join Type": "Inner", "Startup Cost": 0.0, "Total Cost": 72322.56, "Plan Rows": 346, "Plan Width": 17, "Inner Unique": false, "Plans": [{"Node Type": "Nested Loop", "Parent Relationship": "Outer", "Join Type": "Inner", "Startup Cost": 0.0, "Total Cost": 72225.77, "Plan Rows": 294, "Plan Width": 4, "Inner Unique": false, "Plans": [{"Node Type": "Streaming(type: LOCAL GATHER dop: 1/64)", "Parent Relationship": "Outer", "Startup Cost": 0.0, "Total Cost": 64783.4, "Plan Rows": 173, "Plan Width": 4, "Plans": [{"Node Type": "Seq Scan", "Parent Relationship": "Outer", "Relation Name": "name", "Alias": "n", "Startup Cost": 0.0, "Total Cost": 64779.83, "Plan Rows": 173, "Plan Width": 4, "Filter": "(((name)::text ~~ '%Tim%'::text) AND ((gender)::text = 'm'::text))"}]}, {"Node Type": "Index Scan", "Parent Relationship": "Inner", "Scan Direction": "Forward", "Index Name": "person_id_cast_info", "Relation Name": "cast_info", "Alias": "ci", "Startup Cost": 0.0, "Total Cost": 43.0, "Plan Rows": 2, "Plan Width": 8, "Index Cond": "(person_id = n.id)", "Filter": "((note)::text = ANY ('{(producer),\"(executive producer)\"}'::text[]))"}]}, {"Node Type": "Index Scan", "Parent Relationship": "Inner", "Scan Direction": "Forward", "Index Name": "movie_id_movie_info_idx", "Relation Name": "movie_info_idx", "Alias": "mi_idx", "Startup Cost": 0.0, "Total Cost": 0.31, "Plan Rows": 2, "Plan Width": 13, "Index Cond": "(movie_id = ci.movie_id)"}]}, {"Node Type": "Index Scan", "Parent Relationship": "Inner", "Scan Direction": "Forward", "Index Name": "info_type_pkey", "Relation Name": "info_type", "Alias": "it2", "Startup Cost": 0.0, "Total Cost": 0.27, "Plan Rows": 1, "Plan Width": 4, "Index Cond": "(id = mi_idx.info_type_id)", "Filter": "((info)::text = 'votes'::text)"}]}, {"Node Type": "Index Scan", "Parent Relationship": "Inner", "Scan Direction": "Forward", "Index Name": "movie_id_movie_info", "Relation Name": "movie_info", "Alias": "mi", "Startup Cost": 0.0, "Total Cost": 0.7, "Plan Rows": 5, "Plan Width": 50, "Index Cond": "(movie_id = ci.movie_id)"}]}, {"Node Type": "Index Scan", "Parent Relationship": "Inner", "Scan Direction": "Forward", "Index Name": "info_type_pkey", "Relation Name": "info_type", "Alias": "it1", "Startup Cost": 0.0, "Total Cost": 0.27, "Plan Rows": 1, "Plan Width": 4, "Index Cond": "(id = mi.info_type_id)", "Filter": "((info)::text = 'budget'::text)"}]}, {"Node Type": "Index Scan", "Parent Relationship": "Inner", "Scan Direction": "Forward", "Index Name": "title_pkey", "Relation Name": "title", "Alias": "t", "Startup Cost": 0.0, "Total Cost": 0.28, "Plan Rows": 1, "Plan Width": 21, "Index Cond": "(id = mi.movie_id)"}]}]}, "Unique SQL Id": 4264520866, "Planner Runtime": 70}, "explain_analyze_plan": {"Plan": {"Node Type": "Aggregate", "Strategy": "Plain", "Startup Cost": 72942.7, "Total Cost": 72942.71, "Plan Rows": 1, "Plan Width": 160, "Actual Min Startup Time": 569.666, "Actual Max Startup Time": 569.666, "Actual Min Total Time": 569.667, "Actual Max Total Time": 569.667, "Plans": [{"Node Type": "Nested Loop", "Parent Relationship": "Outer", "Join Type": "Inner", "Startup Cost": 0.0, "Total Cost": 72942.64, "Plan Rows": 9, "Plan Width": 64, "Actual Min Startup Time": 40.11, "Actual Max Startup Time": 40.11, "Actual Min Total Time": 568.945, "Actual Max Total Time": 568.945, "Inner Unique": true, "Plans": [{"Node Type": "Nested Loop", "Parent Relationship": "Outer", "Join Type": "Inner", "Startup Cost": 0.0, "Total Cost": 72940.01, "Plan Rows": 9, "Plan Width": 59, "Actual Min Startup Time": 40.09, "Actual Max Startup Time": 40.09, "Actual Min Total Time": 564.733, "Actual Max Total Time": 564.733, "Inner Unique": true, "Plans": [{"Node Type": "Nested Loop", "Parent Relationship": "Outer", "Join Type": "Inner", "Startup Cost": 0.0, "Total Cost": 72593.95, "Plan Rows": 1225, "Plan Width": 63, "Actual Min Startup Time": 40.011, "Actual Max Startup Time": 40.011, "Actual Min Total Time": 382.267, "Actual Max Total Time": 382.267, "Inner Unique": false, "Join Filter": "(mi_idx.movie_id = mi.movie_id)", "Rows Removed by Join Filter": 0, "Plans": [{"Node Type": "Nested Loop", "Parent Relationship": "Outer", "Join Type": "Inner", "Startup Cost": 0.0, "Total Cost": 72420.31, "Plan Rows": 228, "Plan Width": 13, "Actual Min Startup Time": 39.984, "Actual Max Startup Time": 39.984, "Actual Min Total Time": 253.086, "Actual Max Total Time": 253.086, "Inner Unique": true, "Plans": [{"Node Type": "Nested Loop", "Parent Relationship": "Outer", "Join Type": "Inner", "Startup Cost": 0.0, "Total Cost": 72322.56, "Plan Rows": 346, "Plan Width": 17, "Actual Min Startup Time": 39.962, "Actual Max Startup Time": 39.962, "Actual Min Total Time": 227.811, "Actual Max Total Time": 227.811, "Inner Unique": false, "Plans": [{"Node Type": "Nested Loop", "Parent Relationship": "Outer", "Join Type": "Inner", "Startup Cost": 0.0, "Total Cost": 72225.77, "Plan Rows": 294, "Plan Width": 4, "Actual Min Startup Time": 39.941, "Actual Max Startup Time": 39.941, "Actual Min Total Time": 189.602, "Actual Max Total Time": 189.602, "Inner Unique": false, "Plans": [{"Node Type": "Streaming(type: LOCAL GATHER dop: 1/64)", "Parent Relationship": "Outer", "Startup Cost": 0.0, "Total Cost": 64783.4, "Plan Rows": 173, "Plan Width": 4, "Actual Min Startup Time": 39.746, "Actual Max Startup Time": 39.746, "Actual Min Total Time": 56.243, "Actual Max Total Time": 56.243, "Plans": [{"Node Type": "Seq Scan", "Parent Relationship": "Outer", "Relation Name": "name", "Alias": "n", "Startup Cost": 0.0, "Total Cost": 64779.83, "Plan Rows": 173, "Plan Width": 4, "Actual Min Startup Time": 0.032, "Actual Max Startup Time": 0.852, "Actual Min Total Time": 25.454, "Actual Max Total Time": 29.51, "Filter": "(((name)::text ~~ '%Tim%'::text) AND ((gender)::text = 'm'::text))", "Rows Removed by Filter": 4158428, "Actual Rows": 9062}], "Actual Rows": 9062}, {"Node Type": "Index Scan", "Parent Relationship": "Inner", "Scan Direction": "Forward", "Index Name": "person_id_cast_info", "Relation Name": "cast_info", "Alias": "ci", "Startup Cost": 0.0, "Total Cost": 43.0, "Plan Rows": 2, "Plan Width": 8, "Actual Min Startup Time": 107.408, "Actual Max Startup Time": 107.408, "Actual Min Total Time": 126.897, "Actual Max Total Time": 126.897, "Index Cond": "(person_id = n.id)", "Rows Removed by Index Recheck": 0, "Filter": "((note)::text = ANY ('{(producer),\"(executive producer)\"}'::text[]))", "Rows Removed by Filter": 89309, "Actual Rows": 6719}], "Actual Rows": 6719}, {"Node Type": "Index Scan", "Parent Relationship": "Inner", "Scan Direction": "Forward", "Index Name": "movie_id_movie_info_idx", "Relation Name": "movie_info_idx", "Alias": "mi_idx", "Startup Cost": 0.0, "Total Cost": 0.31, "Plan Rows": 2, "Plan Width": 13, "Actual Min Startup Time": 28.176, "Actual Max Startup Time": 28.176, "Actual Min Total Time": 32.209, "Actual Max Total Time": 32.209, "Index Cond": "(movie_id = ci.movie_id)", "Rows Removed by Index Recheck": 0, "Actual Rows": 10310}], "Actual Rows": 10310}, {"Node Type": "Index Scan", "Parent Relationship": "Inner", "Scan Direction": "Forward", "Index Name": "info_type_pkey", "Relation Name": "info_type", "Alias": "it2", "Startup Cost": 0.0, "Total Cost": 0.27, "Plan Rows": 1, "Plan Width": 4, "Actual Min Startup Time": 19.543, "Actual Max Startup Time": 19.543, "Actual Min Total Time": 19.543, "Actual Max Total Time": 19.543, "Index Cond": "(id = mi_idx.info_type_id)", "Rows Removed by Index Recheck": 0, "Filter": "((info)::text = 'votes'::text)", "Rows Removed by Filter": 6875, "Actual Rows": 3435}], "Actual Rows": 3435}, {"Node Type": "Index Scan", "Parent Relationship": "Inner", "Scan Direction": "Forward", "Index Name": "movie_id_movie_info", "Relation Name": "movie_info", "Alias": "mi", "Startup Cost": 0.0, "Total Cost": 0.7, "Plan Rows": 5, "Plan Width": 50, "Actual Min Startup Time": 24.139, "Actual Max Startup Time": 24.139, "Actual Min Total Time": 96.438, "Actual Max Total Time": 96.438, "Index Cond": "(movie_id = ci.movie_id)", "Rows Removed by Index Recheck": 0, "Actual Rows": 82408}], "Actual Rows": 82408}, {"Node Type": "Index Scan", "Parent Relationship": "Inner", "Scan Direction": "Forward", "Index Name": "info_type_pkey", "Relation Name": "info_type", "Alias": "it1", "Startup Cost": 0.0, "Total Cost": 0.27, "Plan Rows": 1, "Plan Width": 4, "Actual Min Startup Time": 144.114, "Actual Max Startup Time": 144.114, "Actual Min Total Time": 144.114, "Actual Max Total Time": 144.114, "Index Cond": "(id = mi.info_type_id)", "Rows Removed by Index Recheck": 0, "Filter": "((info)::text = 'budget'::text)", "Rows Removed by Filter": 79844, "Actual Rows": 410}], "Actual Rows": 410}, {"Node Type": "Index Scan", "Parent Relationship": "Inner", "Scan Direction": "Forward", "Index Name": "title_pkey", "Relation Name": "title", "Alias": "t", "Startup Cost": 0.0, "Total Cost": 0.28, "Plan Rows": 1, "Plan Width": 21, "Actual Min Startup Time": 3.633, "Actual Max Startup Time": 3.633, "Actual Min Total Time": 3.633, "Actual Max Total Time": 3.633, "Index Cond": "(id = mi.movie_id)", "Rows Removed by Index Recheck": 0, "Actual Rows": 410}], "Actual Rows": 410}], "Actual Rows": 1}, "Triggers": [], "Planner Runtime": 69.966, "Total Runtime": 581.537, "Unique SQL Id": 4264520866}}, "(64, '65')": {"explain_plan": {"Plan": {"Node Type": "Aggregate", "Strategy": "Plain", "Startup Cost": 204828.22, "Total Cost": 204828.23, "Plan Rows": 1, "Plan Width": 160, "Plans": [{"Node Type": "Nested Loop", "Parent Relationship": "Outer", "Join Type": "Inner", "Startup Cost": 0.0, "Total Cost": 204828.15, "Plan Rows": 9, "Plan Width": 64, "Inner Unique": true, "Plans": [{"Node Type": "Nested Loop", "Parent Relationship": "Outer", "Join Type": "Inner", "Startup Cost": 0.0, "Total Cost": 204825.52, "Plan Rows": 9, "Plan Width": 59, "Inner Unique": true, "Plans": [{"Node Type": "Nested Loop", "Parent Relationship": "Outer", "Join Type": "Inner", "Startup Cost": 0.0, "Total Cost": 204746.71, "Plan Rows": 279, "Plan Width": 63, "Inner Unique": false, "Join Filter": "(mi_idx.movie_id = mi.movie_id)", "Plans": [{"Node Type": "Nested Loop", "Parent Relationship": "Outer", "Join Type": "Inner", "Startup Cost": 0.0, "Total Cost": 204707.1, "Plan Rows": 52, "Plan Width": 13, "Inner Unique": true, "Plans": [{"Node Type": "Nested Loop", "Parent Relationship": "Outer", "Join Type": "Inner", "Startup Cost": 0.0, "Total Cost": 204609.36, "Plan Rows": 346, "Plan Width": 17, "Inner Unique": false, "Plans": [{"Node Type": "Nested Loop", "Parent Relationship": "Outer", "Join Type": "Inner", "Startup Cost": 0.0, "Total Cost": 204512.56, "Plan Rows": 294, "Plan Width": 4, "Inner Unique": false, "Plans": [{"Node Type": "Index Scan", "Parent Relationship": "Outer", "Scan Direction": "Forward", "Index Name": "name_pkey", "Relation Name": "name", "Alias": "n", "Startup Cost": 0.0, "Total Cost": 197070.2, "Plan Rows": 173, "Plan Width": 4, "Filter": "(((name)::text ~~ '%Tim%'::text) AND ((gender)::text = 'm'::text))"}, {"Node Type": "Index Scan", "Parent Relationship": "Inner", "Scan Direction": "Forward", "Index Name": "person_id_cast_info", "Relation Name": "cast_info", "Alias": "ci", "Startup Cost": 0.0, "Total Cost": 43.0, "Plan Rows": 2, "Plan Width": 8, "Index Cond": "(person_id = n.id)", "Filter": "((note)::text = ANY ('{(producer),\"(executive producer)\"}'::text[]))"}]}, {"Node Type": "Index Scan", "Parent Relationship": "Inner", "Scan Direction": "Forward", "Index Name": "movie_id_movie_info_idx", "Relation Name": "movie_info_idx", "Alias": "mi_idx", "Startup Cost": 0.0, "Total Cost": 0.31, "Plan Rows": 2, "Plan Width": 13, "Index Cond": "(movie_id = ci.movie_id)"}]}, {"Node Type": "Index Scan", "Parent Relationship": "Inner", "Scan Direction": "Forward", "Index Name": "info_type_pkey", "Relation Name": "info_type", "Alias": "it2", "Startup Cost": 0.0, "Total Cost": 0.27, "Plan Rows": 1, "Plan Width": 4, "Index Cond": "(id = mi_idx.info_type_id)", "Filter": "((info)::text = 'votes'::text)"}]}, {"Node Type": "Index Scan", "Parent Relationship": "Inner", "Scan Direction": "Forward", "Index Name": "movie_id_movie_info", "Relation Name": "movie_info", "Alias": "mi", "Startup Cost": 0.0, "Total Cost": 0.7, "Plan Rows": 5, "Plan Width": 50, "Index Cond": "(movie_id = ci.movie_id)"}]}, {"Node Type": "Index Scan", "Parent Relationship": "Inner", "Scan Direction": "Forward", "Index Name": "info_type_pkey", "Relation Name": "info_type", "Alias": "it1", "Startup Cost": 0.0, "Total Cost": 0.27, "Plan Rows": 1, "Plan Width": 4, "Index Cond": "(id = mi.info_type_id)", "Filter": "((info)::text = 'budget'::text)"}]}, {"Node Type": "Index Scan", "Parent Relationship": "Inner", "Scan Direction": "Forward", "Index Name": "title_pkey", "Relation Name": "title", "Alias": "t", "Startup Cost": 0.0, "Total Cost": 0.28, "Plan Rows": 1, "Plan Width": 21, "Index Cond": "(id = mi.movie_id)"}]}]}, "Unique SQL Id": 4264520866, "Planner Runtime": 55}, "explain_analyze_plan": null}, "(64, '66')": {"explain_plan": {"Plan": {"Node Type": "Aggregate", "Strategy": "Plain", "Startup Cost": 80091.89, "Total Cost": 80091.9, "Plan Rows": 1, "Plan Width": 160, "Plans": [{"Node Type": "Nested Loop", "Parent Relationship": "Outer", "Join Type": "Inner", "Startup Cost": 10.12, "Total Cost": 80091.51, "Plan Rows": 51, "Plan Width": 64, "Inner Unique": true, "Plans": [{"Node Type": "Hash Join", "Parent Relationship": "Outer", "Join Type": "Inner", "Startup Cost": 9.86, "Total Cost": 79873.09, "Plan Rows": 51, "Plan Width": 59, "Inner Unique": true, "Hash Cond": "(mi_idx.info_type_id = it2.id)", "Plans": [{"Node Type": "Nested Loop", "Parent Relationship": "Outer", "Join Type": "Inner", "Startup Cost": 7.45, "Total Cost": 79869.65, "Plan Rows": 204, "Plan Width": 63, "Inner Unique": false, "Plans": [{"Node Type": "Hash Join", "Parent Relationship": "Outer", "Join Type": "Inner", "Startup Cost": 7.18, "Total Cost": 79296.18, "Plan Rows": 133, "Plan Width": 50, "Inner Unique": true, "Hash Cond": "(mi.info_type_id = it1.id)", "Plans": [{"Node Type": "Nested Loop", "Parent Relationship": "Outer", "Join Type": "Inner", "Startup Cost": 4.77, "Total Cost": 79289.64, "Plan Rows": 1561, "Plan Width": 54, "Inner Unique": false, "Plans": [{"Node Type": "Nested Loop", "Parent Relationship": "Outer", "Join Type": "Inner", "Startup Cost": 4.39, "Total Cost": 77967.24, "Plan Rows": 294, "Plan Width": 4, "Inner Unique": false, "Plans": [{"Node Type": "Streaming(type: LOCAL GATHER dop: 1/64)", "Parent Relationship": "Outer", "Startup Cost": 0.0, "Total Cost": 64783.4, "Plan Rows": 173, "Plan Width": 4, "Plans": [{"Node Type": "Seq Scan", "Parent Relationship": "Outer", "Relation Name": "name", "Alias": "n", "Startup Cost": 0.0, "Total Cost": 64779.83, "Plan Rows": 173, "Plan Width": 4, "Filter": "(((name)::text ~~ '%Tim%'::text) AND ((gender)::text = 'm'::text))"}]}, {"Node Type": "Bitmap Heap Scan", "Parent Relationship": "Inner", "Relation Name": "cast_info", "Alias": "ci", "Startup Cost": 4.39, "Total Cost": 76.19, "Plan Rows": 2, "Plan Width": 8, "Recheck Cond": "(person_id = n.id)", "Filter": "((note)::text = ANY ('{(producer),\"(executive producer)\"}'::text[]))", "Plans": [{"Node Type": "Bitmap Index Scan", "Parent Relationship": "Outer", "Index Name": "person_id_cast_info", "Startup Cost": 0.0, "Total Cost": 4.38, "Plan Rows": 18, "Plan Width": 0, "Index Cond": "(person_id = n.id)"}]}]}, {"Node Type": "Bitmap Heap Scan", "Parent Relationship": "Inner", "Relation Name": "movie_info", "Alias": "mi", "Startup Cost": 0.39, "Total Cost": 4.45, "Plan Rows": 5, "Plan Width": 50, "Recheck Cond": "(movie_id = ci.movie_id)", "Plans": [{"Node Type": "Bitmap Index Scan", "Parent Relationship": "Outer", "Index Name": "movie_id_movie_info", "Startup Cost": 0.0, "Total Cost": 0.38, "Plan Rows": 5, "Plan Width": 0, "Index Cond": "(movie_id = ci.movie_id)"}]}]}, {"Node Type": "Hash", "Parent Relationship": "Inner", "Startup Cost": 2.4, "Total Cost": 2.4, "Plan Rows": 1, "Plan Width": 4, "Plans": [{"Node Type": "Seq Scan", "Parent Relationship": "Outer", "Relation Name": "info_type", "Alias": "it1", "Startup Cost": 0.0, "Total Cost": 2.4, "Plan Rows": 1, "Plan Width": 4, "Filter": "((info)::text = 'budget'::text)"}]}]}, {"Node Type": "Bitmap Heap Scan", "Parent Relationship": "Inner", "Relation Name": "movie_info_idx", "Alias": "mi_idx", "Startup Cost": 0.27, "Total Cost": 4.29, "Plan Rows": 2, "Plan Width": 13, "Recheck Cond": "(movie_id = mi.movie_id)", "Plans": [{"Node Type": "Bitmap Index Scan", "Parent Relationship": "Outer", "Index Name": "movie_id_movie_info_idx", "Startup Cost": 0.0, "Total Cost": 0.27, "Plan Rows": 2, "Plan Width": 0, "Index Cond": "(movie_id = mi.movie_id)"}]}]}, {"Node Type": "Hash", "Parent Relationship": "Inner", "Startup Cost": 2.4, "Total Cost": 2.4, "Plan Rows": 1, "Plan Width": 4, "Plans": [{"Node Type": "Seq Scan", "Parent Relationship": "Outer", "Relation Name": "info_type", "Alias": "it2", "Startup Cost": 0.0, "Total Cost": 2.4, "Plan Rows": 1, "Plan Width": 4, "Filter": "((info)::text = 'votes'::text)"}]}]}, {"Node Type": "Bitmap Heap Scan", "Parent Relationship": "Inner", "Relation Name": "title", "Alias": "t", "Startup Cost": 0.26, "Total Cost": 4.27, "Plan Rows": 1, "Plan Width": 21, "Recheck Cond": "(id = mi.movie_id)", "Plans": [{"Node Type": "Bitmap Index Scan", "Parent Relationship": "Outer", "Index Name": "title_pkey", "Startup Cost": 0.0, "Total Cost": 0.26, "Plan Rows": 1, "Plan Width": 0, "Index Cond": "(id = mi.movie_id)"}]}]}]}, "Unique SQL Id": 4264520866, "Planner Runtime": 86}, "explain_analyze_plan": {"Plan": {"Node Type": "Aggregate", "Strategy": "Plain", "Startup Cost": 80091.89, "Total Cost": 80091.9, "Plan Rows": 1, "Plan Width": 160, "Actual Min Startup Time": 422.912, "Actual Max Startup Time": 422.912, "Actual Min Total Time": 422.912, "Actual Max Total Time": 422.912, "Plans": [{"Node Type": "Nested Loop", "Parent Relationship": "Outer", "Join Type": "Inner", "Startup Cost": 10.12, "Total Cost": 80091.51, "Plan Rows": 51, "Plan Width": 64, "Actual Min Startup Time": 51.323, "Actual Max Startup Time": 51.323, "Actual Min Total Time": 422.036, "Actual Max Total Time": 422.036, "Inner Unique": true, "Plans": [{"Node Type": "Hash Join", "Parent Relationship": "Outer", "Join Type": "Inner", "Startup Cost": 9.86, "Total Cost": 79873.09, "Plan Rows": 51, "Plan Width": 59, "Actual Min Startup Time": 51.301, "Actual Max Startup Time": 51.301, "Actual Min Total Time": 416.963, "Actual Max Total Time": 416.963, "Inner Unique": true, "Hash Cond": "(mi_idx.info_type_id = it2.id)", "Plans": [{"Node Type": "Nested Loop", "Parent Relationship": "Outer", "Join Type": "Inner", "Startup Cost": 7.45, "Total Cost": 79869.65, "Plan Rows": 204, "Plan Width": 63, "Actual Min Startup Time": 51.14, "Actual Max Startup Time": 51.14, "Actual Min Total Time": 416.263, "Actual Max Total Time": 416.263, "Inner Unique": false, "Plans": [{"Node Type": "Hash Join", "Parent Relationship": "Outer", "Join Type": "Inner", "Startup Cost": 7.18, "Total Cost": 79296.18, "Plan Rows": 133, "Plan Width": 50, "Actual Min Startup Time": 51.115, "Actual Max Startup Time": 51.115, "Actual Min Total Time": 408.234, "Actual Max Total Time": 408.234, "Inner Unique": true, "Hash Cond": "(mi.info_type_id = it1.id)", "Plans": [{"Node Type": "Nested Loop", "Parent Relationship": "Outer", "Join Type": "Inner", "Startup Cost": 4.77, "Total Cost": 79289.64, "Plan Rows": 1561, "Plan Width": 54, "Actual Min Startup Time": 50.914, "Actual Max Startup Time": 50.914, "Actual Min Total Time": 392.74, "Actual Max Total Time": 392.74, "Inner Unique": false, "Plans": [{"Node Type": "Nested Loop", "Parent Relationship": "Outer", "Join Type": "Inner", "Startup Cost": 4.39, "Total Cost": 77967.24, "Plan Rows": 294, "Plan Width": 4, "Actual Min Startup Time": 50.885, "Actual Max Startup Time": 50.885, "Actual Min Total Time": 219.625, "Actual Max Total Time": 219.625, "Inner Unique": false, "Plans": [{"Node Type": "Streaming(type: LOCAL GATHER dop: 1/64)", "Parent Relationship": "Outer", "Startup Cost": 0.0, "Total Cost": 64783.4, "Plan Rows": 173, "Plan Width": 4, "Actual Min Startup Time": 50.794, "Actual Max Startup Time": 50.794, "Actual Min Total Time": 71.154, "Actual Max Total Time": 71.154, "Plans": [{"Node Type": "Seq Scan", "Parent Relationship": "Outer", "Relation Name": "name", "Alias": "n", "Startup Cost": 0.0, "Total Cost": 64779.83, "Plan Rows": 173, "Plan Width": 4, "Actual Min Startup Time": 0.027, "Actual Max Startup Time": 0.852, "Actual Min Total Time": 25.468, "Actual Max Total Time": 29.456, "Filter": "(((name)::text ~~ '%Tim%'::text) AND ((gender)::text = 'm'::text))", "Rows Removed by Filter": 4158428, "Actual Rows": 9062}], "Actual Rows": 9062}, {"Node Type": "Bitmap Heap Scan", "Parent Relationship": "Inner", "Relation Name": "cast_info", "Alias": "ci", "Startup Cost": 4.39, "Total Cost": 76.19, "Plan Rows": 2, "Plan Width": 8, "Actual Min Startup Time": 119.921, "Actual Max Startup Time": 119.921, "Actual Min Total Time": 135.947, "Actual Max Total Time": 135.947, "Recheck Cond": "(person_id = n.id)", "Rows Removed by Index Recheck": 0, "Filter": "((note)::text = ANY ('{(producer),\"(executive producer)\"}'::text[]))", "Rows Removed by Filter": 89309, "Exact Heap Blocks": 13336, "Lossy Heap Blocks": 13336, "Plans": [{"Node Type": "Bitmap Index Scan", "Parent Relationship": "Outer", "Index Name": "person_id_cast_info", "Startup Cost": 0.0, "Total Cost": 4.38, "Plan Rows": 18, "Plan Width": 0, "Actual Min Startup Time": 50.75, "Actual Max Startup Time": 50.75, "Actual Min Total Time": 50.75, "Actual Max Total Time": 50.75, "Index Cond": "(person_id = n.id)", "Actual Rows": 96028}], "Actual Rows": 6719}], "Actual Rows": 6719}, {"Node Type": "Bitmap Heap Scan", "Parent Relationship": "Inner", "Relation Name": "movie_info", "Alias": "mi", "Startup Cost": 0.39, "Total Cost": 4.45, "Plan Rows": 5, "Plan Width": 50, "Actual Min Startup Time": 62.087, "Actual Max Startup Time": 62.087, "Actual Min Total Time": 145.031, "Actual Max Total Time": 145.031, "Recheck Cond": "(movie_id = ci.movie_id)", "Rows Removed by Index Recheck": 0, "Exact Heap Blocks": 40013, "Lossy Heap Blocks": 40013, "Plans": [{"Node Type": "Bitmap Index Scan", "Parent Relationship": "Outer", "Index Name": "movie_id_movie_info", "Startup Cost": 0.0, "Total Cost": 0.38, "Plan Rows": 5, "Plan Width": 0, "Actual Min Startup Time": 43.257, "Actual Max Startup Time": 43.257, "Actual Min Total Time": 43.257, "Actual Max Total Time": 43.257, "Index Cond": "(movie_id = ci.movie_id)", "Actual Rows": 95896}], "Actual Rows": 95896}], "Actual Rows": 95896}, {"Node Type": "Hash", "Parent Relationship": "Inner", "Startup Cost": 2.4, "Total Cost": 2.4, "Plan Rows": 1, "Plan Width": 4, "Actual Min Startup Time": 0.045, "Actual Max Startup Time": 0.045, "Actual Min Total Time": 0.045, "Actual Max Total Time": 0.045, "Max Hash Buckets": 32768, "Min Hash Buckets": 32768, "Max Hash Batches": 1, "Min Hash Batches": 1, "Max Original Hash Batches": 1, "Min Original Hash Batches": 1, "Max Peak Memory Usage": 1, "min Peak Memory Usage": 1, "Plans": [{"Node Type": "Seq Scan", "Parent Relationship": "Outer", "Relation Name": "info_type", "Alias": "it1", "Startup Cost": 0.0, "Total Cost": 2.4, "Plan Rows": 1, "Plan Width": 4, "Actual Min Startup Time": 0.041, "Actual Max Startup Time": 0.041, "Actual Min Total Time": 0.044, "Actual Max Total Time": 0.044, "Filter": "((info)::text = 'budget'::text)", "Rows Removed by Filter": 111, "Actual Rows": 1}], "Actual Rows": 1}], "Actual Rows": 699}, {"Node Type": "Bitmap Heap Scan", "Parent Relationship": "Inner", "Relation Name": "movie_info_idx", "Alias": "mi_idx", "Startup Cost": 0.27, "Total Cost": 4.29, "Plan Rows": 2, "Plan Width": 13, "Actual Min Startup Time": 6.369, "Actual Max Startup Time": 6.369, "Actual Min Total Time": 6.566, "Actual Max Total Time": 6.566, "Recheck Cond": "(movie_id = mi.movie_id)", "Rows Removed by Index Recheck": 0, "Exact Heap Blocks": 419, "Lossy Heap Blocks": 419, "Plans": [{"Node Type": "Bitmap Index Scan", "Parent Relationship": "Outer", "Index Name": "movie_id_movie_info_idx", "Startup Cost": 0.0, "Total Cost": 0.27, "Plan Rows": 2, "Plan Width": 0, "Actual Min Startup Time": 4.643, "Actual Max Startup Time": 4.643, "Actual Min Total Time": 4.643, "Actual Max Total Time": 4.643, "Index Cond": "(movie_id = mi.movie_id)", "Actual Rows": 1235}], "Actual Rows": 1235}], "Actual Rows": 1235}, {"Node Type": "Hash", "Parent Relationship": "Inner", "Startup Cost": 2.4, "Total Cost": 2.4, "Plan Rows": 1, "Plan Width": 4, "Actual Min Startup Time": 0.096, "Actual Max Startup Time": 0.096, "Actual Min Total Time": 0.096, "Actual Max Total Time": 0.096, "Max Hash Buckets": 32768, "Min Hash Buckets": 32768, "Max Hash Batches": 1, "Min Hash Batches": 1, "Max Original Hash Batches": 1, "Min Original Hash Batches": 1, "Max Peak Memory Usage": 1, "min Peak Memory Usage": 1, "Plans": [{"Node Type": "Seq Scan", "Parent Relationship": "Outer", "Relation Name": "info_type", "Alias": "it2", "Startup Cost": 0.0, "Total Cost": 2.4, "Plan Rows": 1, "Plan Width": 4, "Actual Min Startup Time": 0.076, "Actual Max Startup Time": 0.076, "Actual Min Total Time": 0.082, "Actual Max Total Time": 0.082, "Filter": "((info)::text = 'votes'::text)", "Rows Removed by Filter": 111, "Actual Rows": 1}], "Actual Rows": 1}], "Actual Rows": 410}, {"Node Type": "Bitmap Heap Scan", "Parent Relationship": "Inner", "Relation Name": "title", "Alias": "t", "Startup Cost": 0.26, "Total Cost": 4.27, "Plan Rows": 1, "Plan Width": 21, "Actual Min Startup Time": 4.209, "Actual Max Startup Time": 4.209, "Actual Min Total Time": 4.209, "Actual Max Total Time": 4.209, "Recheck Cond": "(id = mi.movie_id)", "Rows Removed by Index Recheck": 0, "Exact Heap Blocks": 410, "Lossy Heap Blocks": 410, "Plans": [{"Node Type": "Bitmap Index Scan", "Parent Relationship": "Outer", "Index Name": "title_pkey", "Startup Cost": 0.0, "Total Cost": 0.26, "Plan Rows": 1, "Plan Width": 0, "Actual Min Startup Time": 2.78, "Actual Max Startup Time": 2.78, "Actual Min Total Time": 2.78, "Actual Max Total Time": 2.78, "Index Cond": "(id = mi.movie_id)", "Actual Rows": 410}], "Actual Rows": 410}], "Actual Rows": 410}], "Actual Rows": 1}, "Triggers": [], "Planner Runtime": 86.456, "Total Runtime": 433.874, "Unique SQL Id": 4264520866}}, "(64, '67')": {"explain_plan": {"Plan": {"Node Type": "Aggregate", "Strategy": "Plain", "Startup Cost": 212349.38, "Total Cost": 212349.39, "Plan Rows": 1, "Plan Width": 160, "Plans": [{"Node Type": "Nested Loop", "Parent Relationship": "Outer", "Join Type": "Inner", "Startup Cost": 83177.52, "Total Cost": 212349.31, "Plan Rows": 9, "Plan Width": 64, "Inner Unique": true, "Plans": [{"Node Type": "Nested Loop", "Parent Relationship": "Outer", "Join Type": "Inner", "Startup Cost": 83177.26, "Total Cost": 212310.77, "Plan Rows": 9, "Plan Width": 59, "Inner Unique": true, "Plans": [{"Node Type": "Nested Loop", "Parent Relationship": "Outer", "Join Type": "Inner", "Startup Cost": 83177.0, "Total Cost": 212165.15, "Plan Rows": 34, "Plan Width": 63, "Inner Unique": false, "Plans": [{"Node Type": "Hash Join", "Parent Relationship": "Outer", "Join Type": "Inner", "Startup Cost": 83176.74, "Total Cost": 211591.68, "Plan Rows": 133, "Plan Width": 50, "Inner Unique": true, "Hash Cond": "(mi.info_type_id = it1.id)", "Plans": [{"Node Type": "Nested Loop", "Parent Relationship": "Outer", "Join Type": "Inner", "Startup Cost": 83162.51, "Total Cost": 211573.33, "Plan Rows": 1561, "Plan Width": 54, "Inner Unique": false, "Plans": [{"Node Type": "Nested Loop", "Parent Relationship": "Outer", "Join Type": "Inner", "Startup Cost": 83162.13, "Total Cost": 210250.93, "Plan Rows": 294, "Plan Width": 4, "Inner Unique": false, "Plans": [{"Node Type": "Bitmap Heap Scan", "Parent Relationship": "Outer", "Relation Name": "name", "Alias": "n", "Startup Cost": 83157.74, "Total Cost": 197067.09, "Plan Rows": 173, "Plan Width": 4, "Filter": "(((name)::text ~~ '%Tim%'::text) AND ((gender)::text = 'm'::text))", "Plans": [{"Node Type": "Bitmap Index Scan", "Parent Relationship": "Outer", "Index Name": "name_pkey", "Startup Cost": 0.0, "Total Cost": 83157.7, "Plan Rows": 4167490, "Plan Width": 0}]}, {"Node Type": "Bitmap Heap Scan", "Parent Relationship": "Inner", "Relation Name": "cast_info", "Alias": "ci", "Startup Cost": 4.39, "Total Cost": 76.19, "Plan Rows": 2, "Plan Width": 8, "Recheck Cond": "(person_id = n.id)", "Filter": "((note)::text = ANY ('{(producer),\"(executive producer)\"}'::text[]))", "Plans": [{"Node Type": "Bitmap Index Scan", "Parent Relationship": "Outer", "Index Name": "person_id_cast_info", "Startup Cost": 0.0, "Total Cost": 4.38, "Plan Rows": 18, "Plan Width": 0, "Index Cond": "(person_id = n.id)"}]}]}, {"Node Type": "Bitmap Heap Scan", "Parent Relationship": "Inner", "Relation Name": "movie_info", "Alias": "mi", "Startup Cost": 0.39, "Total Cost": 4.45, "Plan Rows": 5, "Plan Width": 50, "Recheck Cond": "(movie_id = ci.movie_id)", "Plans": [{"Node Type": "Bitmap Index Scan", "Parent Relationship": "Outer", "Index Name": "movie_id_movie_info", "Startup Cost": 0.0, "Total Cost": 0.38, "Plan Rows": 5, "Plan Width": 0, "Index Cond": "(movie_id = ci.movie_id)"}]}]}, {"Node Type": "Hash", "Parent Relationship": "Inner", "Startup Cost": 14.21, "Total Cost": 14.21, "Plan Rows": 1, "Plan Width": 4, "Plans": [{"Node Type": "Bitmap Heap Scan", "Parent Relationship": "Outer", "Relation Name": "info_type", "Alias": "it1", "Startup Cost": 8.81, "Total Cost": 14.21, "Plan Rows": 1, "Plan Width": 4, "Filter": "((info)::text = 'budget'::text)", "Plans": [{"Node Type": "Bitmap Index Scan", "Parent Relationship": "Outer", "Index Name": "info_type_pkey", "Startup Cost": 0.0, "Total Cost": 8.81, "Plan Rows": 112, "Plan Width": 0}]}]}]}, {"Node Type": "Bitmap Heap Scan", "Parent Relationship": "Inner", "Relation Name": "movie_info_idx", "Alias": "mi_idx", "Startup Cost": 0.27, "Total Cost": 4.29, "Plan Rows": 2, "Plan Width": 13, "Recheck Cond": "(movie_id = mi.movie_id)", "Plans": [{"Node Type": "Bitmap Index Scan", "Parent Relationship": "Outer", "Index Name": "movie_id_movie_info_idx", "Startup Cost": 0.0, "Total Cost": 0.27, "Plan Rows": 2, "Plan Width": 0, "Index Cond": "(movie_id = mi.movie_id)"}]}]}, {"Node Type": "Bitmap Heap Scan", "Parent Relationship": "Inner", "Relation Name": "info_type", "Alias": "it2", "Startup Cost": 0.26, "Total Cost": 4.27, "Plan Rows": 1, "Plan Width": 4, "Recheck Cond": "(id = mi_idx.info_type_id)", "Filter": "((info)::text = 'votes'::text)", "Plans": [{"Node Type": "Bitmap Index Scan", "Parent Relationship": "Outer", "Index Name": "info_type_pkey", "Startup Cost": 0.0, "Total Cost": 0.26, "Plan Rows": 1, "Plan Width": 0, "Index Cond": "(id = mi_idx.info_type_id)"}]}]}, {"Node Type": "Bitmap Heap Scan", "Parent Relationship": "Inner", "Relation Name": "title", "Alias": "t", "Startup Cost": 0.26, "Total Cost": 4.27, "Plan Rows": 1, "Plan Width": 21, "Recheck Cond": "(id = mi.movie_id)", "Plans": [{"Node Type": "Bitmap Index Scan", "Parent Relationship": "Outer", "Index Name": "title_pkey", "Startup Cost": 0.0, "Total Cost": 0.26, "Plan Rows": 1, "Plan Width": 0, "Index Cond": "(id = mi.movie_id)"}]}]}]}, "Unique SQL Id": 4264520866, "Planner Runtime": 38}, "explain_analyze_plan": null}, "(64, '68')": {"explain_plan": {"Plan": {"Node Type": "Aggregate", "Strategy": "Plain", "Startup Cost": 72942.7, "Total Cost": 72942.71, "Plan Rows": 1, "Plan Width": 160, "Plans": [{"Node Type": "Nested Loop", "Parent Relationship": "Outer", "Join Type": "Inner", "Startup Cost": 0.0, "Total Cost": 72942.64, "Plan Rows": 9, "Plan Width": 64, "Inner Unique": true, "Plans": [{"Node Type": "Nested Loop", "Parent Relationship": "Outer", "Join Type": "Inner", "Startup Cost": 0.0, "Total Cost": 72940.01, "Plan Rows": 9, "Plan Width": 59, "Inner Unique": true, "Plans": [{"Node Type": "Nested Loop", "Parent Relationship": "Outer", "Join Type": "Inner", "Startup Cost": 0.0, "Total Cost": 72593.95, "Plan Rows": 1225, "Plan Width": 63, "Inner Unique": false, "Join Filter": "(mi_idx.movie_id = mi.movie_id)", "Plans": [{"Node Type": "Nested Loop", "Parent Relationship": "Outer", "Join Type": "Inner", "Startup Cost": 0.0, "Total Cost": 72420.31, "Plan Rows": 228, "Plan Width": 13, "Inner Unique": true, "Plans": [{"Node Type": "Nested Loop", "Parent Relationship": "Outer", "Join Type": "Inner", "Startup Cost": 0.0, "Total Cost": 72322.56, "Plan Rows": 346, "Plan Width": 17, "Inner Unique": false, "Plans": [{"Node Type": "Nested Loop", "Parent Relationship": "Outer", "Join Type": "Inner", "Startup Cost": 0.0, "Total Cost": 72225.77, "Plan Rows": 294, "Plan Width": 4, "Inner Unique": false, "Plans": [{"Node Type": "Streaming(type: LOCAL GATHER dop: 1/64)", "Parent Relationship": "Outer", "Startup Cost": 0.0, "Total Cost": 64783.4, "Plan Rows": 173, "Plan Width": 4, "Plans": [{"Node Type": "Seq Scan", "Parent Relationship": "Outer", "Relation Name": "name", "Alias": "n", "Startup Cost": 0.0, "Total Cost": 64779.83, "Plan Rows": 173, "Plan Width": 4, "Filter": "(((name)::text ~~ '%Tim%'::text) AND ((gender)::text = 'm'::text))"}]}, {"Node Type": "Index Scan", "Parent Relationship": "Inner", "Scan Direction": "Forward", "Index Name": "person_id_cast_info", "Relation Name": "cast_info", "Alias": "ci", "Startup Cost": 0.0, "Total Cost": 43.0, "Plan Rows": 2, "Plan Width": 8, "Index Cond": "(person_id = n.id)", "Filter": "((note)::text = ANY ('{(producer),\"(executive producer)\"}'::text[]))"}]}, {"Node Type": "Index Scan", "Parent Relationship": "Inner", "Scan Direction": "Forward", "Index Name": "movie_id_movie_info_idx", "Relation Name": "movie_info_idx", "Alias": "mi_idx", "Startup Cost": 0.0, "Total Cost": 0.31, "Plan Rows": 2, "Plan Width": 13, "Index Cond": "(movie_id = ci.movie_id)"}]}, {"Node Type": "Index Scan", "Parent Relationship": "Inner", "Scan Direction": "Forward", "Index Name": "info_type_pkey", "Relation Name": "info_type", "Alias": "it2", "Startup Cost": 0.0, "Total Cost": 0.27, "Plan Rows": 1, "Plan Width": 4, "Index Cond": "(id = mi_idx.info_type_id)", "Filter": "((info)::text = 'votes'::text)"}]}, {"Node Type": "Index Scan", "Parent Relationship": "Inner", "Scan Direction": "Forward", "Index Name": "movie_id_movie_info", "Relation Name": "movie_info", "Alias": "mi", "Startup Cost": 0.0, "Total Cost": 0.7, "Plan Rows": 5, "Plan Width": 50, "Index Cond": "(movie_id = ci.movie_id)"}]}, {"Node Type": "Index Scan", "Parent Relationship": "Inner", "Scan Direction": "Forward", "Index Name": "info_type_pkey", "Relation Name": "info_type", "Alias": "it1", "Startup Cost": 0.0, "Total Cost": 0.27, "Plan Rows": 1, "Plan Width": 4, "Index Cond": "(id = mi.info_type_id)", "Filter": "((info)::text = 'budget'::text)"}]}, {"Node Type": "Index Scan", "Parent Relationship": "Inner", "Scan Direction": "Forward", "Index Name": "title_pkey", "Relation Name": "title", "Alias": "t", "Startup Cost": 0.0, "Total Cost": 0.28, "Plan Rows": 1, "Plan Width": 21, "Index Cond": "(id = mi.movie_id)"}]}]}, "Unique SQL Id": 4264520866, "Planner Runtime": 70}, "explain_analyze_plan": {"Plan": {"Node Type": "Aggregate", "Strategy": "Plain", "Startup Cost": 72942.7, "Total Cost": 72942.71, "Plan Rows": 1, "Plan Width": 160, "Actual Min Startup Time": 569.666, "Actual Max Startup Time": 569.666, "Actual Min Total Time": 569.667, "Actual Max Total Time": 569.667, "Plans": [{"Node Type": "Nested Loop", "Parent Relationship": "Outer", "Join Type": "Inner", "Startup Cost": 0.0, "Total Cost": 72942.64, "Plan Rows": 9, "Plan Width": 64, "Actual Min Startup Time": 40.11, "Actual Max Startup Time": 40.11, "Actual Min Total Time": 568.945, "Actual Max Total Time": 568.945, "Inner Unique": true, "Plans": [{"Node Type": "Nested Loop", "Parent Relationship": "Outer", "Join Type": "Inner", "Startup Cost": 0.0, "Total Cost": 72940.01, "Plan Rows": 9, "Plan Width": 59, "Actual Min Startup Time": 40.09, "Actual Max Startup Time": 40.09, "Actual Min Total Time": 564.733, "Actual Max Total Time": 564.733, "Inner Unique": true, "Plans": [{"Node Type": "Nested Loop", "Parent Relationship": "Outer", "Join Type": "Inner", "Startup Cost": 0.0, "Total Cost": 72593.95, "Plan Rows": 1225, "Plan Width": 63, "Actual Min Startup Time": 40.011, "Actual Max Startup Time": 40.011, "Actual Min Total Time": 382.267, "Actual Max Total Time": 382.267, "Inner Unique": false, "Join Filter": "(mi_idx.movie_id = mi.movie_id)", "Rows Removed by Join Filter": 0, "Plans": [{"Node Type": "Nested Loop", "Parent Relationship": "Outer", "Join Type": "Inner", "Startup Cost": 0.0, "Total Cost": 72420.31, "Plan Rows": 228, "Plan Width": 13, "Actual Min Startup Time": 39.984, "Actual Max Startup Time": 39.984, "Actual Min Total Time": 253.086, "Actual Max Total Time": 253.086, "Inner Unique": true, "Plans": [{"Node Type": "Nested Loop", "Parent Relationship": "Outer", "Join Type": "Inner", "Startup Cost": 0.0, "Total Cost": 72322.56, "Plan Rows": 346, "Plan Width": 17, "Actual Min Startup Time": 39.962, "Actual Max Startup Time": 39.962, "Actual Min Total Time": 227.811, "Actual Max Total Time": 227.811, "Inner Unique": false, "Plans": [{"Node Type": "Nested Loop", "Parent Relationship": "Outer", "Join Type": "Inner", "Startup Cost": 0.0, "Total Cost": 72225.77, "Plan Rows": 294, "Plan Width": 4, "Actual Min Startup Time": 39.941, "Actual Max Startup Time": 39.941, "Actual Min Total Time": 189.602, "Actual Max Total Time": 189.602, "Inner Unique": false, "Plans": [{"Node Type": "Streaming(type: LOCAL GATHER dop: 1/64)", "Parent Relationship": "Outer", "Startup Cost": 0.0, "Total Cost": 64783.4, "Plan Rows": 173, "Plan Width": 4, "Actual Min Startup Time": 39.746, "Actual Max Startup Time": 39.746, "Actual Min Total Time": 56.243, "Actual Max Total Time": 56.243, "Plans": [{"Node Type": "Seq Scan", "Parent Relationship": "Outer", "Relation Name": "name", "Alias": "n", "Startup Cost": 0.0, "Total Cost": 64779.83, "Plan Rows": 173, "Plan Width": 4, "Actual Min Startup Time": 0.032, "Actual Max Startup Time": 0.852, "Actual Min Total Time": 25.454, "Actual Max Total Time": 29.51, "Filter": "(((name)::text ~~ '%Tim%'::text) AND ((gender)::text = 'm'::text))", "Rows Removed by Filter": 4158428, "Actual Rows": 9062}], "Actual Rows": 9062}, {"Node Type": "Index Scan", "Parent Relationship": "Inner", "Scan Direction": "Forward", "Index Name": "person_id_cast_info", "Relation Name": "cast_info", "Alias": "ci", "Startup Cost": 0.0, "Total Cost": 43.0, "Plan Rows": 2, "Plan Width": 8, "Actual Min Startup Time": 107.408, "Actual Max Startup Time": 107.408, "Actual Min Total Time": 126.897, "Actual Max Total Time": 126.897, "Index Cond": "(person_id = n.id)", "Rows Removed by Index Recheck": 0, "Filter": "((note)::text = ANY ('{(producer),\"(executive producer)\"}'::text[]))", "Rows Removed by Filter": 89309, "Actual Rows": 6719}], "Actual Rows": 6719}, {"Node Type": "Index Scan", "Parent Relationship": "Inner", "Scan Direction": "Forward", "Index Name": "movie_id_movie_info_idx", "Relation Name": "movie_info_idx", "Alias": "mi_idx", "Startup Cost": 0.0, "Total Cost": 0.31, "Plan Rows": 2, "Plan Width": 13, "Actual Min Startup Time": 28.176, "Actual Max Startup Time": 28.176, "Actual Min Total Time": 32.209, "Actual Max Total Time": 32.209, "Index Cond": "(movie_id = ci.movie_id)", "Rows Removed by Index Recheck": 0, "Actual Rows": 10310}], "Actual Rows": 10310}, {"Node Type": "Index Scan", "Parent Relationship": "Inner", "Scan Direction": "Forward", "Index Name": "info_type_pkey", "Relation Name": "info_type", "Alias": "it2", "Startup Cost": 0.0, "Total Cost": 0.27, "Plan Rows": 1, "Plan Width": 4, "Actual Min Startup Time": 19.543, "Actual Max Startup Time": 19.543, "Actual Min Total Time": 19.543, "Actual Max Total Time": 19.543, "Index Cond": "(id = mi_idx.info_type_id)", "Rows Removed by Index Recheck": 0, "Filter": "((info)::text = 'votes'::text)", "Rows Removed by Filter": 6875, "Actual Rows": 3435}], "Actual Rows": 3435}, {"Node Type": "Index Scan", "Parent Relationship": "Inner", "Scan Direction": "Forward", "Index Name": "movie_id_movie_info", "Relation Name": "movie_info", "Alias": "mi", "Startup Cost": 0.0, "Total Cost": 0.7, "Plan Rows": 5, "Plan Width": 50, "Actual Min Startup Time": 24.139, "Actual Max Startup Time": 24.139, "Actual Min Total Time": 96.438, "Actual Max Total Time": 96.438, "Index Cond": "(movie_id = ci.movie_id)", "Rows Removed by Index Recheck": 0, "Actual Rows": 82408}], "Actual Rows": 82408}, {"Node Type": "Index Scan", "Parent Relationship": "Inner", "Scan Direction": "Forward", "Index Name": "info_type_pkey", "Relation Name": "info_type", "Alias": "it1", "Startup Cost": 0.0, "Total Cost": 0.27, "Plan Rows": 1, "Plan Width": 4, "Actual Min Startup Time": 144.114, "Actual Max Startup Time": 144.114, "Actual Min Total Time": 144.114, "Actual Max Total Time": 144.114, "Index Cond": "(id = mi.info_type_id)", "Rows Removed by Index Recheck": 0, "Filter": "((info)::text = 'budget'::text)", "Rows Removed by Filter": 79844, "Actual Rows": 410}], "Actual Rows": 410}, {"Node Type": "Index Scan", "Parent Relationship": "Inner", "Scan Direction": "Forward", "Index Name": "title_pkey", "Relation Name": "title", "Alias": "t", "Startup Cost": 0.0, "Total Cost": 0.28, "Plan Rows": 1, "Plan Width": 21, "Actual Min Startup Time": 3.633, "Actual Max Startup Time": 3.633, "Actual Min Total Time": 3.633, "Actual Max Total Time": 3.633, "Index Cond": "(id = mi.movie_id)", "Rows Removed by Index Recheck": 0, "Actual Rows": 410}], "Actual Rows": 410}], "Actual Rows": 1}, "Triggers": [], "Planner Runtime": 69.966, "Total Runtime": 581.537, "Unique SQL Id": 4264520866}}, "(64, '69')": {"explain_plan": {"Plan": {"Node Type": "Aggregate", "Strategy": "Plain", "Startup Cost": 204828.22, "Total Cost": 204828.23, "Plan Rows": 1, "Plan Width": 160, "Plans": [{"Node Type": "Nested Loop", "Parent Relationship": "Outer", "Join Type": "Inner", "Startup Cost": 0.0, "Total Cost": 204828.15, "Plan Rows": 9, "Plan Width": 64, "Inner Unique": true, "Plans": [{"Node Type": "Nested Loop", "Parent Relationship": "Outer", "Join Type": "Inner", "Startup Cost": 0.0, "Total Cost": 204825.52, "Plan Rows": 9, "Plan Width": 59, "Inner Unique": true, "Plans": [{"Node Type": "Nested Loop", "Parent Relationship": "Outer", "Join Type": "Inner", "Startup Cost": 0.0, "Total Cost": 204746.71, "Plan Rows": 279, "Plan Width": 63, "Inner Unique": false, "Join Filter": "(mi_idx.movie_id = mi.movie_id)", "Plans": [{"Node Type": "Nested Loop", "Parent Relationship": "Outer", "Join Type": "Inner", "Startup Cost": 0.0, "Total Cost": 204707.1, "Plan Rows": 52, "Plan Width": 13, "Inner Unique": true, "Plans": [{"Node Type": "Nested Loop", "Parent Relationship": "Outer", "Join Type": "Inner", "Startup Cost": 0.0, "Total Cost": 204609.36, "Plan Rows": 346, "Plan Width": 17, "Inner Unique": false, "Plans": [{"Node Type": "Nested Loop", "Parent Relationship": "Outer", "Join Type": "Inner", "Startup Cost": 0.0, "Total Cost": 204512.56, "Plan Rows": 294, "Plan Width": 4, "Inner Unique": false, "Plans": [{"Node Type": "Index Scan", "Parent Relationship": "Outer", "Scan Direction": "Forward", "Index Name": "name_pkey", "Relation Name": "name", "Alias": "n", "Startup Cost": 0.0, "Total Cost": 197070.2, "Plan Rows": 173, "Plan Width": 4, "Filter": "(((name)::text ~~ '%Tim%'::text) AND ((gender)::text = 'm'::text))"}, {"Node Type": "Index Scan", "Parent Relationship": "Inner", "Scan Direction": "Forward", "Index Name": "person_id_cast_info", "Relation Name": "cast_info", "Alias": "ci", "Startup Cost": 0.0, "Total Cost": 43.0, "Plan Rows": 2, "Plan Width": 8, "Index Cond": "(person_id = n.id)", "Filter": "((note)::text = ANY ('{(producer),\"(executive producer)\"}'::text[]))"}]}, {"Node Type": "Index Scan", "Parent Relationship": "Inner", "Scan Direction": "Forward", "Index Name": "movie_id_movie_info_idx", "Relation Name": "movie_info_idx", "Alias": "mi_idx", "Startup Cost": 0.0, "Total Cost": 0.31, "Plan Rows": 2, "Plan Width": 13, "Index Cond": "(movie_id = ci.movie_id)"}]}, {"Node Type": "Index Scan", "Parent Relationship": "Inner", "Scan Direction": "Forward", "Index Name": "info_type_pkey", "Relation Name": "info_type", "Alias": "it2", "Startup Cost": 0.0, "Total Cost": 0.27, "Plan Rows": 1, "Plan Width": 4, "Index Cond": "(id = mi_idx.info_type_id)", "Filter": "((info)::text = 'votes'::text)"}]}, {"Node Type": "Index Scan", "Parent Relationship": "Inner", "Scan Direction": "Forward", "Index Name": "movie_id_movie_info", "Relation Name": "movie_info", "Alias": "mi", "Startup Cost": 0.0, "Total Cost": 0.7, "Plan Rows": 5, "Plan Width": 50, "Index Cond": "(movie_id = ci.movie_id)"}]}, {"Node Type": "Index Scan", "Parent Relationship": "Inner", "Scan Direction": "Forward", "Index Name": "info_type_pkey", "Relation Name": "info_type", "Alias": "it1", "Startup Cost": 0.0, "Total Cost": 0.27, "Plan Rows": 1, "Plan Width": 4, "Index Cond": "(id = mi.info_type_id)", "Filter": "((info)::text = 'budget'::text)"}]}, {"Node Type": "Index Scan", "Parent Relationship": "Inner", "Scan Direction": "Forward", "Index Name": "title_pkey", "Relation Name": "title", "Alias": "t", "Startup Cost": 0.0, "Total Cost": 0.28, "Plan Rows": 1, "Plan Width": 21, "Index Cond": "(id = mi.movie_id)"}]}]}, "Unique SQL Id": 4264520866, "Planner Runtime": 54}, "explain_analyze_plan": null}, "(64, '70')": {"explain_plan": {"Plan": {"Node Type": "Aggregate", "Strategy": "Plain", "Startup Cost": 80091.89, "Total Cost": 80091.9, "Plan Rows": 1, "Plan Width": 160, "Plans": [{"Node Type": "Nested Loop", "Parent Relationship": "Outer", "Join Type": "Inner", "Startup Cost": 10.12, "Total Cost": 80091.51, "Plan Rows": 51, "Plan Width": 64, "Inner Unique": true, "Plans": [{"Node Type": "Hash Join", "Parent Relationship": "Outer", "Join Type": "Inner", "Startup Cost": 9.86, "Total Cost": 79873.09, "Plan Rows": 51, "Plan Width": 59, "Inner Unique": true, "Hash Cond": "(mi_idx.info_type_id = it2.id)", "Plans": [{"Node Type": "Nested Loop", "Parent Relationship": "Outer", "Join Type": "Inner", "Startup Cost": 7.45, "Total Cost": 79869.65, "Plan Rows": 204, "Plan Width": 63, "Inner Unique": false, "Plans": [{"Node Type": "Hash Join", "Parent Relationship": "Outer", "Join Type": "Inner", "Startup Cost": 7.18, "Total Cost": 79296.18, "Plan Rows": 133, "Plan Width": 50, "Inner Unique": true, "Hash Cond": "(mi.info_type_id = it1.id)", "Plans": [{"Node Type": "Nested Loop", "Parent Relationship": "Outer", "Join Type": "Inner", "Startup Cost": 4.77, "Total Cost": 79289.64, "Plan Rows": 1561, "Plan Width": 54, "Inner Unique": false, "Plans": [{"Node Type": "Nested Loop", "Parent Relationship": "Outer", "Join Type": "Inner", "Startup Cost": 4.39, "Total Cost": 77967.24, "Plan Rows": 294, "Plan Width": 4, "Inner Unique": false, "Plans": [{"Node Type": "Streaming(type: LOCAL GATHER dop: 1/64)", "Parent Relationship": "Outer", "Startup Cost": 0.0, "Total Cost": 64783.4, "Plan Rows": 173, "Plan Width": 4, "Plans": [{"Node Type": "Seq Scan", "Parent Relationship": "Outer", "Relation Name": "name", "Alias": "n", "Startup Cost": 0.0, "Total Cost": 64779.83, "Plan Rows": 173, "Plan Width": 4, "Filter": "(((name)::text ~~ '%Tim%'::text) AND ((gender)::text = 'm'::text))"}]}, {"Node Type": "Bitmap Heap Scan", "Parent Relationship": "Inner", "Relation Name": "cast_info", "Alias": "ci", "Startup Cost": 4.39, "Total Cost": 76.19, "Plan Rows": 2, "Plan Width": 8, "Recheck Cond": "(person_id = n.id)", "Filter": "((note)::text = ANY ('{(producer),\"(executive producer)\"}'::text[]))", "Plans": [{"Node Type": "Bitmap Index Scan", "Parent Relationship": "Outer", "Index Name": "person_id_cast_info", "Startup Cost": 0.0, "Total Cost": 4.38, "Plan Rows": 18, "Plan Width": 0, "Index Cond": "(person_id = n.id)"}]}]}, {"Node Type": "Bitmap Heap Scan", "Parent Relationship": "Inner", "Relation Name": "movie_info", "Alias": "mi", "Startup Cost": 0.39, "Total Cost": 4.45, "Plan Rows": 5, "Plan Width": 50, "Recheck Cond": "(movie_id = ci.movie_id)", "Plans": [{"Node Type": "Bitmap Index Scan", "Parent Relationship": "Outer", "Index Name": "movie_id_movie_info", "Startup Cost": 0.0, "Total Cost": 0.38, "Plan Rows": 5, "Plan Width": 0, "Index Cond": "(movie_id = ci.movie_id)"}]}]}, {"Node Type": "Hash", "Parent Relationship": "Inner", "Startup Cost": 2.4, "Total Cost": 2.4, "Plan Rows": 1, "Plan Width": 4, "Plans": [{"Node Type": "Seq Scan", "Parent Relationship": "Outer", "Relation Name": "info_type", "Alias": "it1", "Startup Cost": 0.0, "Total Cost": 2.4, "Plan Rows": 1, "Plan Width": 4, "Filter": "((info)::text = 'budget'::text)"}]}]}, {"Node Type": "Bitmap Heap Scan", "Parent Relationship": "Inner", "Relation Name": "movie_info_idx", "Alias": "mi_idx", "Startup Cost": 0.27, "Total Cost": 4.29, "Plan Rows": 2, "Plan Width": 13, "Recheck Cond": "(movie_id = mi.movie_id)", "Plans": [{"Node Type": "Bitmap Index Scan", "Parent Relationship": "Outer", "Index Name": "movie_id_movie_info_idx", "Startup Cost": 0.0, "Total Cost": 0.27, "Plan Rows": 2, "Plan Width": 0, "Index Cond": "(movie_id = mi.movie_id)"}]}]}, {"Node Type": "Hash", "Parent Relationship": "Inner", "Startup Cost": 2.4, "Total Cost": 2.4, "Plan Rows": 1, "Plan Width": 4, "Plans": [{"Node Type": "Seq Scan", "Parent Relationship": "Outer", "Relation Name": "info_type", "Alias": "it2", "Startup Cost": 0.0, "Total Cost": 2.4, "Plan Rows": 1, "Plan Width": 4, "Filter": "((info)::text = 'votes'::text)"}]}]}, {"Node Type": "Bitmap Heap Scan", "Parent Relationship": "Inner", "Relation Name": "title", "Alias": "t", "Startup Cost": 0.26, "Total Cost": 4.27, "Plan Rows": 1, "Plan Width": 21, "Recheck Cond": "(id = mi.movie_id)", "Plans": [{"Node Type": "Bitmap Index Scan", "Parent Relationship": "Outer", "Index Name": "title_pkey", "Startup Cost": 0.0, "Total Cost": 0.26, "Plan Rows": 1, "Plan Width": 0, "Index Cond": "(id = mi.movie_id)"}]}]}]}, "Unique SQL Id": 4264520866, "Planner Runtime": 86}, "explain_analyze_plan": {"Plan": {"Node Type": "Aggregate", "Strategy": "Plain", "Startup Cost": 80091.89, "Total Cost": 80091.9, "Plan Rows": 1, "Plan Width": 160, "Actual Min Startup Time": 422.912, "Actual Max Startup Time": 422.912, "Actual Min Total Time": 422.912, "Actual Max Total Time": 422.912, "Plans": [{"Node Type": "Nested Loop", "Parent Relationship": "Outer", "Join Type": "Inner", "Startup Cost": 10.12, "Total Cost": 80091.51, "Plan Rows": 51, "Plan Width": 64, "Actual Min Startup Time": 51.323, "Actual Max Startup Time": 51.323, "Actual Min Total Time": 422.036, "Actual Max Total Time": 422.036, "Inner Unique": true, "Plans": [{"Node Type": "Hash Join", "Parent Relationship": "Outer", "Join Type": "Inner", "Startup Cost": 9.86, "Total Cost": 79873.09, "Plan Rows": 51, "Plan Width": 59, "Actual Min Startup Time": 51.301, "Actual Max Startup Time": 51.301, "Actual Min Total Time": 416.963, "Actual Max Total Time": 416.963, "Inner Unique": true, "Hash Cond": "(mi_idx.info_type_id = it2.id)", "Plans": [{"Node Type": "Nested Loop", "Parent Relationship": "Outer", "Join Type": "Inner", "Startup Cost": 7.45, "Total Cost": 79869.65, "Plan Rows": 204, "Plan Width": 63, "Actual Min Startup Time": 51.14, "Actual Max Startup Time": 51.14, "Actual Min Total Time": 416.263, "Actual Max Total Time": 416.263, "Inner Unique": false, "Plans": [{"Node Type": "Hash Join", "Parent Relationship": "Outer", "Join Type": "Inner", "Startup Cost": 7.18, "Total Cost": 79296.18, "Plan Rows": 133, "Plan Width": 50, "Actual Min Startup Time": 51.115, "Actual Max Startup Time": 51.115, "Actual Min Total Time": 408.234, "Actual Max Total Time": 408.234, "Inner Unique": true, "Hash Cond": "(mi.info_type_id = it1.id)", "Plans": [{"Node Type": "Nested Loop", "Parent Relationship": "Outer", "Join Type": "Inner", "Startup Cost": 4.77, "Total Cost": 79289.64, "Plan Rows": 1561, "Plan Width": 54, "Actual Min Startup Time": 50.914, "Actual Max Startup Time": 50.914, "Actual Min Total Time": 392.74, "Actual Max Total Time": 392.74, "Inner Unique": false, "Plans": [{"Node Type": "Nested Loop", "Parent Relationship": "Outer", "Join Type": "Inner", "Startup Cost": 4.39, "Total Cost": 77967.24, "Plan Rows": 294, "Plan Width": 4, "Actual Min Startup Time": 50.885, "Actual Max Startup Time": 50.885, "Actual Min Total Time": 219.625, "Actual Max Total Time": 219.625, "Inner Unique": false, "Plans": [{"Node Type": "Streaming(type: LOCAL GATHER dop: 1/64)", "Parent Relationship": "Outer", "Startup Cost": 0.0, "Total Cost": 64783.4, "Plan Rows": 173, "Plan Width": 4, "Actual Min Startup Time": 50.794, "Actual Max Startup Time": 50.794, "Actual Min Total Time": 71.154, "Actual Max Total Time": 71.154, "Plans": [{"Node Type": "Seq Scan", "Parent Relationship": "Outer", "Relation Name": "name", "Alias": "n", "Startup Cost": 0.0, "Total Cost": 64779.83, "Plan Rows": 173, "Plan Width": 4, "Actual Min Startup Time": 0.027, "Actual Max Startup Time": 0.852, "Actual Min Total Time": 25.468, "Actual Max Total Time": 29.456, "Filter": "(((name)::text ~~ '%Tim%'::text) AND ((gender)::text = 'm'::text))", "Rows Removed by Filter": 4158428, "Actual Rows": 9062}], "Actual Rows": 9062}, {"Node Type": "Bitmap Heap Scan", "Parent Relationship": "Inner", "Relation Name": "cast_info", "Alias": "ci", "Startup Cost": 4.39, "Total Cost": 76.19, "Plan Rows": 2, "Plan Width": 8, "Actual Min Startup Time": 119.921, "Actual Max Startup Time": 119.921, "Actual Min Total Time": 135.947, "Actual Max Total Time": 135.947, "Recheck Cond": "(person_id = n.id)", "Rows Removed by Index Recheck": 0, "Filter": "((note)::text = ANY ('{(producer),\"(executive producer)\"}'::text[]))", "Rows Removed by Filter": 89309, "Exact Heap Blocks": 13336, "Lossy Heap Blocks": 13336, "Plans": [{"Node Type": "Bitmap Index Scan", "Parent Relationship": "Outer", "Index Name": "person_id_cast_info", "Startup Cost": 0.0, "Total Cost": 4.38, "Plan Rows": 18, "Plan Width": 0, "Actual Min Startup Time": 50.75, "Actual Max Startup Time": 50.75, "Actual Min Total Time": 50.75, "Actual Max Total Time": 50.75, "Index Cond": "(person_id = n.id)", "Actual Rows": 96028}], "Actual Rows": 6719}], "Actual Rows": 6719}, {"Node Type": "Bitmap Heap Scan", "Parent Relationship": "Inner", "Relation Name": "movie_info", "Alias": "mi", "Startup Cost": 0.39, "Total Cost": 4.45, "Plan Rows": 5, "Plan Width": 50, "Actual Min Startup Time": 62.087, "Actual Max Startup Time": 62.087, "Actual Min Total Time": 145.031, "Actual Max Total Time": 145.031, "Recheck Cond": "(movie_id = ci.movie_id)", "Rows Removed by Index Recheck": 0, "Exact Heap Blocks": 40013, "Lossy Heap Blocks": 40013, "Plans": [{"Node Type": "Bitmap Index Scan", "Parent Relationship": "Outer", "Index Name": "movie_id_movie_info", "Startup Cost": 0.0, "Total Cost": 0.38, "Plan Rows": 5, "Plan Width": 0, "Actual Min Startup Time": 43.257, "Actual Max Startup Time": 43.257, "Actual Min Total Time": 43.257, "Actual Max Total Time": 43.257, "Index Cond": "(movie_id = ci.movie_id)", "Actual Rows": 95896}], "Actual Rows": 95896}], "Actual Rows": 95896}, {"Node Type": "Hash", "Parent Relationship": "Inner", "Startup Cost": 2.4, "Total Cost": 2.4, "Plan Rows": 1, "Plan Width": 4, "Actual Min Startup Time": 0.045, "Actual Max Startup Time": 0.045, "Actual Min Total Time": 0.045, "Actual Max Total Time": 0.045, "Max Hash Buckets": 32768, "Min Hash Buckets": 32768, "Max Hash Batches": 1, "Min Hash Batches": 1, "Max Original Hash Batches": 1, "Min Original Hash Batches": 1, "Max Peak Memory Usage": 1, "min Peak Memory Usage": 1, "Plans": [{"Node Type": "Seq Scan", "Parent Relationship": "Outer", "Relation Name": "info_type", "Alias": "it1", "Startup Cost": 0.0, "Total Cost": 2.4, "Plan Rows": 1, "Plan Width": 4, "Actual Min Startup Time": 0.041, "Actual Max Startup Time": 0.041, "Actual Min Total Time": 0.044, "Actual Max Total Time": 0.044, "Filter": "((info)::text = 'budget'::text)", "Rows Removed by Filter": 111, "Actual Rows": 1}], "Actual Rows": 1}], "Actual Rows": 699}, {"Node Type": "Bitmap Heap Scan", "Parent Relationship": "Inner", "Relation Name": "movie_info_idx", "Alias": "mi_idx", "Startup Cost": 0.27, "Total Cost": 4.29, "Plan Rows": 2, "Plan Width": 13, "Actual Min Startup Time": 6.369, "Actual Max Startup Time": 6.369, "Actual Min Total Time": 6.566, "Actual Max Total Time": 6.566, "Recheck Cond": "(movie_id = mi.movie_id)", "Rows Removed by Index Recheck": 0, "Exact Heap Blocks": 419, "Lossy Heap Blocks": 419, "Plans": [{"Node Type": "Bitmap Index Scan", "Parent Relationship": "Outer", "Index Name": "movie_id_movie_info_idx", "Startup Cost": 0.0, "Total Cost": 0.27, "Plan Rows": 2, "Plan Width": 0, "Actual Min Startup Time": 4.643, "Actual Max Startup Time": 4.643, "Actual Min Total Time": 4.643, "Actual Max Total Time": 4.643, "Index Cond": "(movie_id = mi.movie_id)", "Actual Rows": 1235}], "Actual Rows": 1235}], "Actual Rows": 1235}, {"Node Type": "Hash", "Parent Relationship": "Inner", "Startup Cost": 2.4, "Total Cost": 2.4, "Plan Rows": 1, "Plan Width": 4, "Actual Min Startup Time": 0.096, "Actual Max Startup Time": 0.096, "Actual Min Total Time": 0.096, "Actual Max Total Time": 0.096, "Max Hash Buckets": 32768, "Min Hash Buckets": 32768, "Max Hash Batches": 1, "Min Hash Batches": 1, "Max Original Hash Batches": 1, "Min Original Hash Batches": 1, "Max Peak Memory Usage": 1, "min Peak Memory Usage": 1, "Plans": [{"Node Type": "Seq Scan", "Parent Relationship": "Outer", "Relation Name": "info_type", "Alias": "it2", "Startup Cost": 0.0, "Total Cost": 2.4, "Plan Rows": 1, "Plan Width": 4, "Actual Min Startup Time": 0.076, "Actual Max Startup Time": 0.076, "Actual Min Total Time": 0.082, "Actual Max Total Time": 0.082, "Filter": "((info)::text = 'votes'::text)", "Rows Removed by Filter": 111, "Actual Rows": 1}], "Actual Rows": 1}], "Actual Rows": 410}, {"Node Type": "Bitmap Heap Scan", "Parent Relationship": "Inner", "Relation Name": "title", "Alias": "t", "Startup Cost": 0.26, "Total Cost": 4.27, "Plan Rows": 1, "Plan Width": 21, "Actual Min Startup Time": 4.209, "Actual Max Startup Time": 4.209, "Actual Min Total Time": 4.209, "Actual Max Total Time": 4.209, "Recheck Cond": "(id = mi.movie_id)", "Rows Removed by Index Recheck": 0, "Exact Heap Blocks": 410, "Lossy Heap Blocks": 410, "Plans": [{"Node Type": "Bitmap Index Scan", "Parent Relationship": "Outer", "Index Name": "title_pkey", "Startup Cost": 0.0, "Total Cost": 0.26, "Plan Rows": 1, "Plan Width": 0, "Actual Min Startup Time": 2.78, "Actual Max Startup Time": 2.78, "Actual Min Total Time": 2.78, "Actual Max Total Time": 2.78, "Index Cond": "(id = mi.movie_id)", "Actual Rows": 410}], "Actual Rows": 410}], "Actual Rows": 410}], "Actual Rows": 1}, "Triggers": [], "Planner Runtime": 86.456, "Total Runtime": 433.874, "Unique SQL Id": 4264520866}}, "(64, '71')": {"explain_plan": {"Plan": {"Node Type": "Aggregate", "Strategy": "Plain", "Startup Cost": 212349.38, "Total Cost": 212349.39, "Plan Rows": 1, "Plan Width": 160, "Plans": [{"Node Type": "Nested Loop", "Parent Relationship": "Outer", "Join Type": "Inner", "Startup Cost": 83177.52, "Total Cost": 212349.31, "Plan Rows": 9, "Plan Width": 64, "Inner Unique": true, "Plans": [{"Node Type": "Nested Loop", "Parent Relationship": "Outer", "Join Type": "Inner", "Startup Cost": 83177.26, "Total Cost": 212310.77, "Plan Rows": 9, "Plan Width": 59, "Inner Unique": true, "Plans": [{"Node Type": "Nested Loop", "Parent Relationship": "Outer", "Join Type": "Inner", "Startup Cost": 83177.0, "Total Cost": 212165.15, "Plan Rows": 34, "Plan Width": 63, "Inner Unique": false, "Plans": [{"Node Type": "Hash Join", "Parent Relationship": "Outer", "Join Type": "Inner", "Startup Cost": 83176.74, "Total Cost": 211591.68, "Plan Rows": 133, "Plan Width": 50, "Inner Unique": true, "Hash Cond": "(mi.info_type_id = it1.id)", "Plans": [{"Node Type": "Nested Loop", "Parent Relationship": "Outer", "Join Type": "Inner", "Startup Cost": 83162.51, "Total Cost": 211573.33, "Plan Rows": 1561, "Plan Width": 54, "Inner Unique": false, "Plans": [{"Node Type": "Nested Loop", "Parent Relationship": "Outer", "Join Type": "Inner", "Startup Cost": 83162.13, "Total Cost": 210250.93, "Plan Rows": 294, "Plan Width": 4, "Inner Unique": false, "Plans": [{"Node Type": "Bitmap Heap Scan", "Parent Relationship": "Outer", "Relation Name": "name", "Alias": "n", "Startup Cost": 83157.74, "Total Cost": 197067.09, "Plan Rows": 173, "Plan Width": 4, "Filter": "(((name)::text ~~ '%Tim%'::text) AND ((gender)::text = 'm'::text))", "Plans": [{"Node Type": "Bitmap Index Scan", "Parent Relationship": "Outer", "Index Name": "name_pkey", "Startup Cost": 0.0, "Total Cost": 83157.7, "Plan Rows": 4167490, "Plan Width": 0}]}, {"Node Type": "Bitmap Heap Scan", "Parent Relationship": "Inner", "Relation Name": "cast_info", "Alias": "ci", "Startup Cost": 4.39, "Total Cost": 76.19, "Plan Rows": 2, "Plan Width": 8, "Recheck Cond": "(person_id = n.id)", "Filter": "((note)::text = ANY ('{(producer),\"(executive producer)\"}'::text[]))", "Plans": [{"Node Type": "Bitmap Index Scan", "Parent Relationship": "Outer", "Index Name": "person_id_cast_info", "Startup Cost": 0.0, "Total Cost": 4.38, "Plan Rows": 18, "Plan Width": 0, "Index Cond": "(person_id = n.id)"}]}]}, {"Node Type": "Bitmap Heap Scan", "Parent Relationship": "Inner", "Relation Name": "movie_info", "Alias": "mi", "Startup Cost": 0.39, "Total Cost": 4.45, "Plan Rows": 5, "Plan Width": 50, "Recheck Cond": "(movie_id = ci.movie_id)", "Plans": [{"Node Type": "Bitmap Index Scan", "Parent Relationship": "Outer", "Index Name": "movie_id_movie_info", "Startup Cost": 0.0, "Total Cost": 0.38, "Plan Rows": 5, "Plan Width": 0, "Index Cond": "(movie_id = ci.movie_id)"}]}]}, {"Node Type": "Hash", "Parent Relationship": "Inner", "Startup Cost": 14.21, "Total Cost": 14.21, "Plan Rows": 1, "Plan Width": 4, "Plans": [{"Node Type": "Bitmap Heap Scan", "Parent Relationship": "Outer", "Relation Name": "info_type", "Alias": "it1", "Startup Cost": 8.81, "Total Cost": 14.21, "Plan Rows": 1, "Plan Width": 4, "Filter": "((info)::text = 'budget'::text)", "Plans": [{"Node Type": "Bitmap Index Scan", "Parent Relationship": "Outer", "Index Name": "info_type_pkey", "Startup Cost": 0.0, "Total Cost": 8.81, "Plan Rows": 112, "Plan Width": 0}]}]}]}, {"Node Type": "Bitmap Heap Scan", "Parent Relationship": "Inner", "Relation Name": "movie_info_idx", "Alias": "mi_idx", "Startup Cost": 0.27, "Total Cost": 4.29, "Plan Rows": 2, "Plan Width": 13, "Recheck Cond": "(movie_id = mi.movie_id)", "Plans": [{"Node Type": "Bitmap Index Scan", "Parent Relationship": "Outer", "Index Name": "movie_id_movie_info_idx", "Startup Cost": 0.0, "Total Cost": 0.27, "Plan Rows": 2, "Plan Width": 0, "Index Cond": "(movie_id = mi.movie_id)"}]}]}, {"Node Type": "Bitmap Heap Scan", "Parent Relationship": "Inner", "Relation Name": "info_type", "Alias": "it2", "Startup Cost": 0.26, "Total Cost": 4.27, "Plan Rows": 1, "Plan Width": 4, "Recheck Cond": "(id = mi_idx.info_type_id)", "Filter": "((info)::text = 'votes'::text)", "Plans": [{"Node Type": "Bitmap Index Scan", "Parent Relationship": "Outer", "Index Name": "info_type_pkey", "Startup Cost": 0.0, "Total Cost": 0.26, "Plan Rows": 1, "Plan Width": 0, "Index Cond": "(id = mi_idx.info_type_id)"}]}]}, {"Node Type": "Bitmap Heap Scan", "Parent Relationship": "Inner", "Relation Name": "title", "Alias": "t", "Startup Cost": 0.26, "Total Cost": 4.27, "Plan Rows": 1, "Plan Width": 21, "Recheck Cond": "(id = mi.movie_id)", "Plans": [{"Node Type": "Bitmap Index Scan", "Parent Relationship": "Outer", "Index Name": "title_pkey", "Startup Cost": 0.0, "Total Cost": 0.26, "Plan Rows": 1, "Plan Width": 0, "Index Cond": "(id = mi.movie_id)"}]}]}]}, "Unique SQL Id": 4264520866, "Planner Runtime": 37}, "explain_analyze_plan": null}, "(64, '72')": {"explain_plan": {"Plan": {"Node Type": "Aggregate", "Strategy": "Plain", "Startup Cost": 72940.91, "Total Cost": 72940.92, "Plan Rows": 1, "Plan Width": 160, "Plans": [{"Node Type": "Nested Loop", "Parent Relationship": "Outer", "Join Type": "Inner", "Startup Cost": 0.0, "Total Cost": 72940.84, "Plan Rows": 9, "Plan Width": 64, "Inner Unique": true, "Plans": [{"Node Type": "Nested Loop", "Parent Relationship": "Outer", "Join Type": "Inner", "Startup Cost": 0.0, "Total Cost": 72938.22, "Plan Rows": 9, "Plan Width": 59, "Inner Unique": true, "Plans": [{"Node Type": "Nested Loop", "Parent Relationship": "Outer", "Join Type": "Inner", "Startup Cost": 0.0, "Total Cost": 72928.61, "Plan Rows": 34, "Plan Width": 63, "Inner Unique": false, "Plans": [{"Node Type": "Nested Loop", "Parent Relationship": "Outer", "Join Type": "Inner", "Startup Cost": 0.0, "Total Cost": 72886.98, "Plan Rows": 133, "Plan Width": 50, "Inner Unique": true, "Plans": [{"Node Type": "Nested Loop", "Parent Relationship": "Outer", "Join Type": "Inner", "Startup Cost": 0.0, "Total Cost": 72445.99, "Plan Rows": 1561, "Plan Width": 54, "Inner Unique": false, "Plans": [{"Node Type": "Nested Loop", "Parent Relationship": "Outer", "Join Type": "Inner", "Startup Cost": 0.0, "Total Cost": 72225.77, "Plan Rows": 294, "Plan Width": 4, "Inner Unique": false, "Plans": [{"Node Type": "Streaming(type: LOCAL GATHER dop: 1/64)", "Parent Relationship": "Outer", "Startup Cost": 0.0, "Total Cost": 64783.4, "Plan Rows": 173, "Plan Width": 4, "Plans": [{"Node Type": "Seq Scan", "Parent Relationship": "Outer", "Relation Name": "name", "Alias": "n", "Startup Cost": 0.0, "Total Cost": 64779.83, "Plan Rows": 173, "Plan Width": 4, "Filter": "(((name)::text ~~ '%Tim%'::text) AND ((gender)::text = 'm'::text))"}]}, {"Node Type": "Index Scan", "Parent Relationship": "Inner", "Scan Direction": "Forward", "Index Name": "person_id_cast_info", "Relation Name": "cast_info", "Alias": "ci", "Startup Cost": 0.0, "Total Cost": 43.0, "Plan Rows": 2, "Plan Width": 8, "Index Cond": "(person_id = n.id)", "Filter": "((note)::text = ANY ('{(producer),\"(executive producer)\"}'::text[]))"}]}, {"Node Type": "Index Scan", "Parent Relationship": "Inner", "Scan Direction": "Forward", "Index Name": "movie_id_movie_info", "Relation Name": "movie_info", "Alias": "mi", "Startup Cost": 0.0, "Total Cost": 0.7, "Plan Rows": 5, "Plan Width": 50, "Index Cond": "(movie_id = ci.movie_id)"}]}, {"Node Type": "Index Scan", "Parent Relationship": "Inner", "Scan Direction": "Forward", "Index Name": "info_type_pkey", "Relation Name": "info_type", "Alias": "it1", "Startup Cost": 0.0, "Total Cost": 0.27, "Plan Rows": 1, "Plan Width": 4, "Index Cond": "(id = mi.info_type_id)", "Filter": "((info)::text = 'budget'::text)"}]}, {"Node Type": "Index Scan", "Parent Relationship": "Inner", "Scan Direction": "Forward", "Index Name": "movie_id_movie_info_idx", "Relation Name": "movie_info_idx", "Alias": "mi_idx", "Startup Cost": 0.0, "Total Cost": 0.29, "Plan Rows": 2, "Plan Width": 13, "Index Cond": "(movie_id = mi.movie_id)"}]}, {"Node Type": "Index Scan", "Parent Relationship": "Inner", "Scan Direction": "Forward", "Index Name": "info_type_pkey", "Relation Name": "info_type", "Alias": "it2", "Startup Cost": 0.0, "Total Cost": 0.27, "Plan Rows": 1, "Plan Width": 4, "Index Cond": "(id = mi_idx.info_type_id)", "Filter": "((info)::text = 'votes'::text)"}]}, {"Node Type": "Index Scan", "Parent Relationship": "Inner", "Scan Direction": "Forward", "Index Name": "title_pkey", "Relation Name": "title", "Alias": "t", "Startup Cost": 0.0, "Total Cost": 0.28, "Plan Rows": 1, "Plan Width": 21, "Index Cond": "(id = mi.movie_id)"}]}]}, "Unique SQL Id": 4264520866, "Planner Runtime": 74}, "explain_analyze_plan": {"Plan": {"Node Type": "Aggregate", "Strategy": "Plain", "Startup Cost": 72940.91, "Total Cost": 72940.92, "Plan Rows": 1, "Plan Width": 160, "Actual Min Startup Time": 580.943, "Actual Max Startup Time": 580.943, "Actual Min Total Time": 580.943, "Actual Max Total Time": 580.943, "Plans": [{"Node Type": "Nested Loop", "Parent Relationship": "Outer", "Join Type": "Inner", "Startup Cost": 0.0, "Total Cost": 72940.84, "Plan Rows": 9, "Plan Width": 64, "Actual Min Startup Time": 53.221, "Actual Max Startup Time": 53.221, "Actual Min Total Time": 580.231, "Actual Max Total Time": 580.231, "Inner Unique": true, "Plans": [{"Node Type": "Nested Loop", "Parent Relationship": "Outer", "Join Type": "Inner", "Startup Cost": 0.0, "Total Cost": 72938.22, "Plan Rows": 9, "Plan Width": 59, "Actual Min Startup Time": 53.203, "Actual Max Startup Time": 53.203, "Actual Min Total Time": 575.953, "Actual Max Total Time": 575.953, "Inner Unique": true, "Plans": [{"Node Type": "Nested Loop", "Parent Relationship": "Outer", "Join Type": "Inner", "Startup Cost": 0.0, "Total Cost": 72928.61, "Plan Rows": 34, "Plan Width": 63, "Actual Min Startup Time": 53.189, "Actual Max Startup Time": 53.189, "Actual Min Total Time": 572.773, "Actual Max Total Time": 572.773, "Inner Unique": false, "Plans": [{"Node Type": "Nested Loop", "Parent Relationship": "Outer", "Join Type": "Inner", "Startup Cost": 0.0, "Total Cost": 72886.98, "Plan Rows": 133, "Plan Width": 50, "Actual Min Startup Time": 52.978, "Actual Max Startup Time": 52.978, "Actual Min Total Time": 565.991, "Actual Max Total Time": 565.991, "Inner Unique": true, "Plans": [{"Node Type": "Nested Loop", "Parent Relationship": "Outer", "Join Type": "Inner", "Startup Cost": 0.0, "Total Cost": 72445.99, "Plan Rows": 1561, "Plan Width": 54, "Actual Min Startup Time": 52.281, "Actual Max Startup Time": 52.281, "Actual Min Total Time": 344.939, "Actual Max Total Time": 344.939, "Inner Unique": false, "Plans": [{"Node Type": "Nested Loop", "Parent Relationship": "Outer", "Join Type": "Inner", "Startup Cost": 0.0, "Total Cost": 72225.77, "Plan Rows": 294, "Plan Width": 4, "Actual Min Startup Time": 52.263, "Actual Max Startup Time": 52.263, "Actual Min Total Time": 192.782, "Actual Max Total Time": 192.782, "Inner Unique": false, "Plans": [{"Node Type": "Streaming(type: LOCAL GATHER dop: 1/64)", "Parent Relationship": "Outer", "Startup Cost": 0.0, "Total Cost": 64783.4, "Plan Rows": 173, "Plan Width": 4, "Actual Min Startup Time": 52.106, "Actual Max Startup Time": 52.106, "Actual Min Total Time": 60.208, "Actual Max Total Time": 60.208, "Plans": [{"Node Type": "Seq Scan", "Parent Relationship": "Outer", "Relation Name": "name", "Alias": "n", "Startup Cost": 0.0, "Total Cost": 64779.83, "Plan Rows": 173, "Plan Width": 4, "Actual Min Startup Time": 0.03, "Actual Max Startup Time": 0.864, "Actual Min Total Time": 25.411, "Actual Max Total Time": 29.502, "Filter": "(((name)::text ~~ '%Tim%'::text) AND ((gender)::text = 'm'::text))", "Rows Removed by Filter": 4158428, "Actual Rows": 9062}], "Actual Rows": 9062}, {"Node Type": "Index Scan", "Parent Relationship": "Inner", "Scan Direction": "Forward", "Index Name": "person_id_cast_info", "Relation Name": "cast_info", "Alias": "ci", "Startup Cost": 0.0, "Total Cost": 43.0, "Plan Rows": 2, "Plan Width": 8, "Actual Min Startup Time": 107.178, "Actual Max Startup Time": 107.178, "Actual Min Total Time": 126.243, "Actual Max Total Time": 126.243, "Index Cond": "(person_id = n.id)", "Rows Removed by Index Recheck": 0, "Filter": "((note)::text = ANY ('{(producer),\"(executive producer)\"}'::text[]))", "Rows Removed by Filter": 89309, "Actual Rows": 6719}], "Actual Rows": 6719}, {"Node Type": "Index Scan", "Parent Relationship": "Inner", "Scan Direction": "Forward", "Index Name": "movie_id_movie_info", "Relation Name": "movie_info", "Alias": "mi", "Startup Cost": 0.0, "Total Cost": 0.7, "Plan Rows": 5, "Plan Width": 50, "Actual Min Startup Time": 40.065, "Actual Max Startup Time": 40.065, "Actual Min Total Time": 126.105, "Actual Max Total Time": 126.105, "Index Cond": "(movie_id = ci.movie_id)", "Rows Removed by Index Recheck": 0, "Actual Rows": 95896}], "Actual Rows": 95896}, {"Node Type": "Index Scan", "Parent Relationship": "Inner", "Scan Direction": "Forward", "Index Name": "info_type_pkey", "Relation Name": "info_type", "Alias": "it1", "Startup Cost": 0.0, "Total Cost": 0.27, "Plan Rows": 1, "Plan Width": 4, "Actual Min Startup Time": 176.631, "Actual Max Startup Time": 176.631, "Actual Min Total Time": 176.631, "Actual Max Total Time": 176.631, "Index Cond": "(id = mi.info_type_id)", "Rows Removed by Index Recheck": 0, "Filter": "((info)::text = 'budget'::text)", "Rows Removed by Filter": 92329, "Actual Rows": 699}], "Actual Rows": 699}, {"Node Type": "Index Scan", "Parent Relationship": "Inner", "Scan Direction": "Forward", "Index Name": "movie_id_movie_info_idx", "Relation Name": "movie_info_idx", "Alias": "mi_idx", "Startup Cost": 0.0, "Total Cost": 0.29, "Plan Rows": 2, "Plan Width": 13, "Actual Min Startup Time": 5.49, "Actual Max Startup Time": 5.49, "Actual Min Total Time": 6.061, "Actual Max Total Time": 6.061, "Index Cond": "(movie_id = mi.movie_id)", "Rows Removed by Index Recheck": 0, "Actual Rows": 1235}], "Actual Rows": 1235}, {"Node Type": "Index Scan", "Parent Relationship": "Inner", "Scan Direction": "Forward", "Index Name": "info_type_pkey", "Relation Name": "info_type", "Alias": "it2", "Startup Cost": 0.0, "Total Cost": 0.27, "Plan Rows": 1, "Plan Width": 4, "Actual Min Startup Time": 2.352, "Actual Max Startup Time": 2.352, "Actual Min Total Time": 2.352, "Actual Max Total Time": 2.352, "Index Cond": "(id = mi_idx.info_type_id)", "Rows Removed by Index Recheck": 0, "Filter": "((info)::text = 'votes'::text)", "Rows Removed by Filter": 825, "Actual Rows": 410}], "Actual Rows": 410}, {"Node Type": "Index Scan", "Parent Relationship": "Inner", "Scan Direction": "Forward", "Index Name": "title_pkey", "Relation Name": "title", "Alias": "t", "Startup Cost": 0.0, "Total Cost": 0.28, "Plan Rows": 1, "Plan Width": 21, "Actual Min Startup Time": 3.694, "Actual Max Startup Time": 3.694, "Actual Min Total Time": 3.694, "Actual Max Total Time": 3.694, "Index Cond": "(id = mi.movie_id)", "Rows Removed by Index Recheck": 0, "Actual Rows": 410}], "Actual Rows": 410}], "Actual Rows": 1}, "Triggers": [], "Planner Runtime": 73.917, "Total Runtime": 591.66, "Unique SQL Id": 4264520866}}, "(64, '73')": {"explain_plan": {"Plan": {"Node Type": "Aggregate", "Strategy": "Plain", "Startup Cost": 204828.22, "Total Cost": 204828.23, "Plan Rows": 1, "Plan Width": 160, "Plans": [{"Node Type": "Nested Loop", "Parent Relationship": "Outer", "Join Type": "Inner", "Startup Cost": 0.0, "Total Cost": 204828.15, "Plan Rows": 9, "Plan Width": 64, "Inner Unique": true, "Plans": [{"Node Type": "Nested Loop", "Parent Relationship": "Outer", "Join Type": "Inner", "Startup Cost": 0.0, "Total Cost": 204825.52, "Plan Rows": 9, "Plan Width": 59, "Inner Unique": true, "Plans": [{"Node Type": "Nested Loop", "Parent Relationship": "Outer", "Join Type": "Inner", "Startup Cost": 0.0, "Total Cost": 204746.71, "Plan Rows": 279, "Plan Width": 63, "Inner Unique": false, "Join Filter": "(mi_idx.movie_id = mi.movie_id)", "Plans": [{"Node Type": "Nested Loop", "Parent Relationship": "Outer", "Join Type": "Inner", "Startup Cost": 0.0, "Total Cost": 204707.1, "Plan Rows": 52, "Plan Width": 13, "Inner Unique": true, "Plans": [{"Node Type": "Nested Loop", "Parent Relationship": "Outer", "Join Type": "Inner", "Startup Cost": 0.0, "Total Cost": 204609.36, "Plan Rows": 346, "Plan Width": 17, "Inner Unique": false, "Plans": [{"Node Type": "Nested Loop", "Parent Relationship": "Outer", "Join Type": "Inner", "Startup Cost": 0.0, "Total Cost": 204512.56, "Plan Rows": 294, "Plan Width": 4, "Inner Unique": false, "Plans": [{"Node Type": "Index Scan", "Parent Relationship": "Outer", "Scan Direction": "Forward", "Index Name": "name_pkey", "Relation Name": "name", "Alias": "n", "Startup Cost": 0.0, "Total Cost": 197070.2, "Plan Rows": 173, "Plan Width": 4, "Filter": "(((name)::text ~~ '%Tim%'::text) AND ((gender)::text = 'm'::text))"}, {"Node Type": "Index Scan", "Parent Relationship": "Inner", "Scan Direction": "Forward", "Index Name": "person_id_cast_info", "Relation Name": "cast_info", "Alias": "ci", "Startup Cost": 0.0, "Total Cost": 43.0, "Plan Rows": 2, "Plan Width": 8, "Index Cond": "(person_id = n.id)", "Filter": "((note)::text = ANY ('{(producer),\"(executive producer)\"}'::text[]))"}]}, {"Node Type": "Index Scan", "Parent Relationship": "Inner", "Scan Direction": "Forward", "Index Name": "movie_id_movie_info_idx", "Relation Name": "movie_info_idx", "Alias": "mi_idx", "Startup Cost": 0.0, "Total Cost": 0.31, "Plan Rows": 2, "Plan Width": 13, "Index Cond": "(movie_id = ci.movie_id)"}]}, {"Node Type": "Index Scan", "Parent Relationship": "Inner", "Scan Direction": "Forward", "Index Name": "info_type_pkey", "Relation Name": "info_type", "Alias": "it2", "Startup Cost": 0.0, "Total Cost": 0.27, "Plan Rows": 1, "Plan Width": 4, "Index Cond": "(id = mi_idx.info_type_id)", "Filter": "((info)::text = 'votes'::text)"}]}, {"Node Type": "Index Scan", "Parent Relationship": "Inner", "Scan Direction": "Forward", "Index Name": "movie_id_movie_info", "Relation Name": "movie_info", "Alias": "mi", "Startup Cost": 0.0, "Total Cost": 0.7, "Plan Rows": 5, "Plan Width": 50, "Index Cond": "(movie_id = ci.movie_id)"}]}, {"Node Type": "Index Scan", "Parent Relationship": "Inner", "Scan Direction": "Forward", "Index Name": "info_type_pkey", "Relation Name": "info_type", "Alias": "it1", "Startup Cost": 0.0, "Total Cost": 0.27, "Plan Rows": 1, "Plan Width": 4, "Index Cond": "(id = mi.info_type_id)", "Filter": "((info)::text = 'budget'::text)"}]}, {"Node Type": "Index Scan", "Parent Relationship": "Inner", "Scan Direction": "Forward", "Index Name": "title_pkey", "Relation Name": "title", "Alias": "t", "Startup Cost": 0.0, "Total Cost": 0.28, "Plan Rows": 1, "Plan Width": 21, "Index Cond": "(id = mi.movie_id)"}]}]}, "Unique SQL Id": 4264520866, "Planner Runtime": 48}, "explain_analyze_plan": null}, "(64, '74')": {"explain_plan": {"Plan": {"Node Type": "Aggregate", "Strategy": "Plain", "Startup Cost": 350510.91, "Total Cost": 350510.92, "Plan Rows": 1, "Plan Width": 160, "Plans": [{"Node Type": "Hash Join", "Parent Relationship": "Outer", "Join Type": "Inner", "Startup Cost": 261509.22, "Total Cost": 350510.52, "Plan Rows": 51, "Plan Width": 64, "Inner Unique": true, "Hash Cond": "(mi_idx.info_type_id = it2.id)", "Plans": [{"Node Type": "Hash Join", "Parent Relationship": "Outer", "Join Type": "Inner", "Startup Cost": 261506.81, "Total Cost": 350507.01, "Plan Rows": 204, "Plan Width": 68, "Inner Unique": true, "Hash Cond": "(mi.info_type_id = it1.id)", "Plans": [{"Node Type": "Hash Join", "Parent Relationship": "Outer", "Join Type": "Inner", "Startup Cost": 261504.4, "Total Cost": 350499.21, "Plan Rows": 1856, "Plan Width": 72, "Inner Unique": true, "Hash Cond": "(mi.movie_id = t.id)", "Plans": [{"Node Type": "Streaming(type: LOCAL GATHER dop: 1/64)", "Parent Relationship": "Outer", "Startup Cost": 214883.23, "Total Cost": 303852.52, "Plan Rows": 1856, "Plan Width": 67, "Plans": [{"Node Type": "Hash Join", "Parent Relationship": "Outer", "Join Type": "Inner", "Startup Cost": 214883.23, "Total Cost": 303814.23, "Plan Rows": 1856, "Plan Width": 67, "Inner Unique": false, "Hash Cond": "(mi_idx.movie_id = mi.movie_id)", "Plans": [{"Node Type": "Streaming(type: BROADCAST dop: 64/1)", "Parent Relationship": "Outer", "Startup Cost": 195068.84, "Total Cost": 283979.65, "Plan Rows": 22144, "Plan Width": 17, "Plans": [{"Node Type": "Hash Join", "Parent Relationship": "Outer", "Join Type": "Inner", "Startup Cost": 195068.84, "Total Cost": 220522.82, "Plan Rows": 346, "Plan Width": 17, "Inner Unique": false, "Hash Cond": "(mi_idx.movie_id = ci.movie_id)", "Plans": [{"Node Type": "Seq Scan", "Parent Relationship": "Outer", "Relation Name": "movie_info_idx", "Alias": "mi_idx", "Startup Cost": 0.0, "Total Cost": 20274.34, "Plan Rows": 1380034, "Plan Width": 13}, {"Node Type": "Hash", "Parent Relationship": "Inner", "Startup Cost": 195065.16, "Total Cost": 195065.16, "Plan Rows": 294, "Plan Width": 4, "Plans": [{"Node Type": "Hash Join", "Parent Relationship": "Outer", "Join Type": "Inner", "Startup Cost": 64785.57, "Total Cost": 195065.16, "Plan Rows": 294, "Plan Width": 4, "Inner Unique": true, "Hash Cond": "(ci.person_id = n.id)", "Plans": [{"Node Type": "Streaming(type: LOCAL GATHER dop: 1/64)", "Parent Relationship": "Outer", "Startup Cost": 0.0, "Total Cost": 122309.64, "Plan Rows": 2350421, "Plan Width": 8, "Plans": [{"Node Type": "Seq Scan", "Parent Relationship": "Outer", "Relation Name": "cast_info", "Alias": "ci", "Startup Cost": 0.0, "Total Cost": 73820.73, "Plan Rows": 2350421, "Plan Width": 8, "Filter": "((note)::text = ANY ('{(producer),\"(executive producer)\"}'::text[]))"}]}, {"Node Type": "Hash", "Parent Relationship": "Inner", "Startup Cost": 64783.4, "Total Cost": 64783.4, "Plan Rows": 173, "Plan Width": 4, "Plans": [{"Node Type": "Streaming(type: LOCAL GATHER dop: 1/64)", "Parent Relationship": "Outer", "Startup Cost": 0.0, "Total Cost": 64783.4, "Plan Rows": 173, "Plan Width": 4, "Plans": [{"Node Type": "Seq Scan", "Parent Relationship": "Outer", "Relation Name": "name", "Alias": "n", "Startup Cost": 0.0, "Total Cost": 64779.83, "Plan Rows": 173, "Plan Width": 4, "Filter": "(((name)::text ~~ '%Tim%'::text) AND ((gender)::text = 'm'::text))"}]}]}]}]}]}]}, {"Node Type": "Hash", "Parent Relationship": "Inner", "Startup Cost": 67640.43, "Total Cost": 67640.43, "Plan Rows": 14869966, "Plan Width": 50, "Plans": [{"Node Type": "Seq Scan", "Parent Relationship": "Outer", "Relation Name": "movie_info", "Alias": "mi", "Startup Cost": 0.0, "Total Cost": 67640.43, "Plan Rows": 14869966, "Plan Width": 50}]}]}]}, {"Node Type": "Hash", "Parent Relationship": "Inner", "Startup Cost": 60069.11, "Total Cost": 60069.11, "Plan Rows": 2528311, "Plan Width": 21, "Plans": [{"Node Type": "Seq Scan", "Parent Relationship": "Outer", "Relation Name": "title", "Alias": "t", "Startup Cost": 0.0, "Total Cost": 60069.11, "Plan Rows": 2528311, "Plan Width": 21}]}]}, {"Node Type": "Hash", "Parent Relationship": "Inner", "Startup Cost": 2.4, "Total Cost": 2.4, "Plan Rows": 1, "Plan Width": 4, "Plans": [{"Node Type": "Seq Scan", "Parent Relationship": "Outer", "Relation Name": "info_type", "Alias": "it1", "Startup Cost": 0.0, "Total Cost": 2.4, "Plan Rows": 1, "Plan Width": 4, "Filter": "((info)::text = 'budget'::text)"}]}]}, {"Node Type": "Hash", "Parent Relationship": "Inner", "Startup Cost": 2.4, "Total Cost": 2.4, "Plan Rows": 1, "Plan Width": 4, "Plans": [{"Node Type": "Seq Scan", "Parent Relationship": "Outer", "Relation Name": "info_type", "Alias": "it2", "Startup Cost": 0.0, "Total Cost": 2.4, "Plan Rows": 1, "Plan Width": 4, "Filter": "((info)::text = 'votes'::text)"}]}]}]}, "Unique SQL Id": 4264520866, "Planner Runtime": 109}, "explain_analyze_plan": null}, "(64, '75')": {"explain_plan": {"Plan": {"Node Type": "Aggregate", "Strategy": "Plain", "Startup Cost": 6995106580785.5, "Total Cost": 6995106580785.51, "Plan Rows": 1, "Plan Width": 160, "Plans": [{"Node Type": "Hash Join", "Parent Relationship": "Outer", "Join Type": "Inner", "Startup Cost": 3040056437186.07, "Total Cost": 6995106580785.12, "Plan Rows": 51, "Plan Width": 64, "Inner Unique": true, "Hash Cond": "(mi_idx.info_type_id = it2.id)", "Plans": [{"Node Type": "Hash Join", "Parent Relationship": "Outer", "Join Type": "Inner", "Startup Cost": 2040056435765.06, "Total Cost": 5995106579363.0, "Plan Rows": 204, "Plan Width": 68, "Inner Unique": true, "Hash Cond": "(ci.person_id = n.id)", "Plans": [{"Node Type": "Hash Join", "Parent Relationship": "Outer", "Join Type": "Inner", "Startup Cost": 1040036728743.19, "Total Cost": 4995086871412.39, "Plan Rows": 273399, "Plan Width": 72, "Inner Unique": true, "Hash Cond": "(mi.info_type_id = it1.id), (LLVM Optimized)", "Plans": [{"Node Type": "Merge Join", "Parent Relationship": "Outer", "Join Type": "Inner", "Startup Cost": 40036727322.18, "Total Cost": 3995086846354.37, "Plan Rows": 8922631, "Plan Width": 76, "Inner Unique": false, "Merge Cond": "(mi_idx.movie_id = t.id)", "Plans": [{"Node Type": "Index Scan", "Parent Relationship": "Outer", "Scan Direction": "Forward", "Index Name": "movie_id_movie_info_idx", "Relation Name": "movie_info_idx", "Alias": "mi_idx", "Startup Cost": 10000000000.0, "Total Cost": 1000004650035.37, "Plan Rows": 1380034, "Plan Width": 13}, {"Node Type": "Materialize", "Parent Relationship": "Inner", "Startup Cost": 30030988306.16, "Total Cost": 2997863868685.69, "Plan Rows": 12453649, "Plan Width": 79, "Plans": [{"Node Type": "Merge Join", "Parent Relationship": "Outer", "Join Type": "Inner", "Startup Cost": 30030988306.16, "Total Cost": 2997863837551.57, "Plan Rows": 12453649, "Plan Width": 79, "Inner Unique": false, "Merge Cond": "(ci.movie_id = t.id)", "Plans": [{"Node Type": "Index Scan", "Parent Relationship": "Outer", "Scan Direction": "Forward", "Index Name": "movie_id_cast_info", "Relation Name": "cast_info", "Alias": "ci", "Startup Cost": 10000000000.0, "Total Cost": 1000214997262.8, "Plan Rows": 2350421, "Plan Width": 8, "Filter": "((note)::text = ANY ('{(producer),\"(executive producer)\"}'::text[]))"}, {"Node Type": "Materialize", "Parent Relationship": "Inner", "Startup Cost": 20024668916.98, "Total Cost": 1999413737845.62, "Plan Rows": 13396577, "Plan Width": 71, "Plans": [{"Node Type": "Merge Join", "Parent Relationship": "Outer", "Join Type": "Inner", "Startup Cost": 20024668916.98, "Total Cost": 1999413704354.18, "Plan Rows": 13396577, "Plan Width": 71, "Inner Unique": false, "Merge Cond": "(t.id = mi.movie_id)", "Plans": [{"Node Type": "Index Scan", "Parent Relationship": "Outer", "Scan Direction": "Forward", "Index Name": "title_pkey", "Relation Name": "title", "Alias": "t", "Startup Cost": 10000000000.0, "Total Cost": 1000011012048.91, "Plan Rows": 2528311, "Plan Width": 21}, {"Node Type": "Index Scan", "Parent Relationship": "Inner", "Scan Direction": "Forward", "Index Name": "movie_id_movie_info", "Relation Name": "movie_info", "Alias": "mi", "Startup Cost": 10000000000.0, "Total Cost": 1000103816912.22, "Plan Rows": 14869966, "Plan Width": 50}]}]}]}]}]}, {"Node Type": "Hash", "Parent Relationship": "Inner", "Startup Cost": 1000000001421.0, "Total Cost": 1000000001421.0, "Plan Rows": 1, "Plan Width": 4, "Plans": [{"Node Type": "Index Scan", "Parent Relationship": "Outer", "Scan Direction": "Forward", "Index Name": "info_type_pkey", "Relation Name": "info_type", "Alias": "it1", "Startup Cost": 10000000000.0, "Total Cost": 1000000001421.0, "Plan Rows": 1, "Plan Width": 4, "Filter": "((info)::text = 'budget'::text)"}]}]}, {"Node Type": "Hash", "Parent Relationship": "Inner", "Startup Cost": 1000019707019.7, "Total Cost": 1000019707019.7, "Plan Rows": 173, "Plan Width": 4, "Plans": [{"Node Type": "Index Scan", "Parent Relationship": "Outer", "Scan Direction": "Forward", "Index Name": "name_pkey", "Relation Name": "name", "Alias": "n", "Startup Cost": 10000000000.0, "Total Cost": 1000019707019.7, "Plan Rows": 173, "Plan Width": 4, "Filter": "(((name)::text ~~ '%Tim%'::text) AND ((gender)::text = 'm'::text))"}]}]}, {"Node Type": "Hash", "Parent Relationship": "Inner", "Startup Cost": 1000000001421.0, "Total Cost": 1000000001421.0, "Plan Rows": 1, "Plan Width": 4, "Plans": [{"Node Type": "Index Scan", "Parent Relationship": "Outer", "Scan Direction": "Forward", "Index Name": "info_type_pkey", "Relation Name": "info_type", "Alias": "it2", "Startup Cost": 10000000000.0, "Total Cost": 1000000001421.0, "Plan Rows": 1, "Plan Width": 4, "Filter": "((info)::text = 'votes'::text)"}]}]}]}, "Unique SQL Id": 4264520866, "Planner Runtime": 132}, "explain_analyze_plan": null}, "(64, '76')": {"explain_plan": {"Plan": {"Node Type": "Aggregate", "Strategy": "Plain", "Startup Cost": 72940.91, "Total Cost": 72940.92, "Plan Rows": 1, "Plan Width": 160, "Plans": [{"Node Type": "Nested Loop", "Parent Relationship": "Outer", "Join Type": "Inner", "Startup Cost": 0.0, "Total Cost": 72940.84, "Plan Rows": 9, "Plan Width": 64, "Inner Unique": true, "Plans": [{"Node Type": "Nested Loop", "Parent Relationship": "Outer", "Join Type": "Inner", "Startup Cost": 0.0, "Total Cost": 72938.22, "Plan Rows": 9, "Plan Width": 59, "Inner Unique": true, "Plans": [{"Node Type": "Nested Loop", "Parent Relationship": "Outer", "Join Type": "Inner", "Startup Cost": 0.0, "Total Cost": 72928.61, "Plan Rows": 34, "Plan Width": 63, "Inner Unique": false, "Plans": [{"Node Type": "Nested Loop", "Parent Relationship": "Outer", "Join Type": "Inner", "Startup Cost": 0.0, "Total Cost": 72886.98, "Plan Rows": 133, "Plan Width": 50, "Inner Unique": true, "Plans": [{"Node Type": "Nested Loop", "Parent Relationship": "Outer", "Join Type": "Inner", "Startup Cost": 0.0, "Total Cost": 72445.99, "Plan Rows": 1561, "Plan Width": 54, "Inner Unique": false, "Plans": [{"Node Type": "Nested Loop", "Parent Relationship": "Outer", "Join Type": "Inner", "Startup Cost": 0.0, "Total Cost": 72225.77, "Plan Rows": 294, "Plan Width": 4, "Inner Unique": false, "Plans": [{"Node Type": "Streaming(type: LOCAL GATHER dop: 1/64)", "Parent Relationship": "Outer", "Startup Cost": 0.0, "Total Cost": 64783.4, "Plan Rows": 173, "Plan Width": 4, "Plans": [{"Node Type": "Seq Scan", "Parent Relationship": "Outer", "Relation Name": "name", "Alias": "n", "Startup Cost": 0.0, "Total Cost": 64779.83, "Plan Rows": 173, "Plan Width": 4, "Filter": "(((name)::text ~~ '%Tim%'::text) AND ((gender)::text = 'm'::text))"}]}, {"Node Type": "Index Scan", "Parent Relationship": "Inner", "Scan Direction": "Forward", "Index Name": "person_id_cast_info", "Relation Name": "cast_info", "Alias": "ci", "Startup Cost": 0.0, "Total Cost": 43.0, "Plan Rows": 2, "Plan Width": 8, "Index Cond": "(person_id = n.id)", "Filter": "((note)::text = ANY ('{(producer),\"(executive producer)\"}'::text[]))"}]}, {"Node Type": "Index Scan", "Parent Relationship": "Inner", "Scan Direction": "Forward", "Index Name": "movie_id_movie_info", "Relation Name": "movie_info", "Alias": "mi", "Startup Cost": 0.0, "Total Cost": 0.7, "Plan Rows": 5, "Plan Width": 50, "Index Cond": "(movie_id = ci.movie_id)"}]}, {"Node Type": "Index Scan", "Parent Relationship": "Inner", "Scan Direction": "Forward", "Index Name": "info_type_pkey", "Relation Name": "info_type", "Alias": "it1", "Startup Cost": 0.0, "Total Cost": 0.27, "Plan Rows": 1, "Plan Width": 4, "Index Cond": "(id = mi.info_type_id)", "Filter": "((info)::text = 'budget'::text)"}]}, {"Node Type": "Index Scan", "Parent Relationship": "Inner", "Scan Direction": "Forward", "Index Name": "movie_id_movie_info_idx", "Relation Name": "movie_info_idx", "Alias": "mi_idx", "Startup Cost": 0.0, "Total Cost": 0.29, "Plan Rows": 2, "Plan Width": 13, "Index Cond": "(movie_id = mi.movie_id)"}]}, {"Node Type": "Index Scan", "Parent Relationship": "Inner", "Scan Direction": "Forward", "Index Name": "info_type_pkey", "Relation Name": "info_type", "Alias": "it2", "Startup Cost": 0.0, "Total Cost": 0.27, "Plan Rows": 1, "Plan Width": 4, "Index Cond": "(id = mi_idx.info_type_id)", "Filter": "((info)::text = 'votes'::text)"}]}, {"Node Type": "Index Scan", "Parent Relationship": "Inner", "Scan Direction": "Forward", "Index Name": "title_pkey", "Relation Name": "title", "Alias": "t", "Startup Cost": 0.0, "Total Cost": 0.28, "Plan Rows": 1, "Plan Width": 21, "Index Cond": "(id = mi.movie_id)"}]}]}, "Unique SQL Id": 4264520866, "Planner Runtime": 75}, "explain_analyze_plan": {"Plan": {"Node Type": "Aggregate", "Strategy": "Plain", "Startup Cost": 72940.91, "Total Cost": 72940.92, "Plan Rows": 1, "Plan Width": 160, "Actual Min Startup Time": 580.943, "Actual Max Startup Time": 580.943, "Actual Min Total Time": 580.943, "Actual Max Total Time": 580.943, "Plans": [{"Node Type": "Nested Loop", "Parent Relationship": "Outer", "Join Type": "Inner", "Startup Cost": 0.0, "Total Cost": 72940.84, "Plan Rows": 9, "Plan Width": 64, "Actual Min Startup Time": 53.221, "Actual Max Startup Time": 53.221, "Actual Min Total Time": 580.231, "Actual Max Total Time": 580.231, "Inner Unique": true, "Plans": [{"Node Type": "Nested Loop", "Parent Relationship": "Outer", "Join Type": "Inner", "Startup Cost": 0.0, "Total Cost": 72938.22, "Plan Rows": 9, "Plan Width": 59, "Actual Min Startup Time": 53.203, "Actual Max Startup Time": 53.203, "Actual Min Total Time": 575.953, "Actual Max Total Time": 575.953, "Inner Unique": true, "Plans": [{"Node Type": "Nested Loop", "Parent Relationship": "Outer", "Join Type": "Inner", "Startup Cost": 0.0, "Total Cost": 72928.61, "Plan Rows": 34, "Plan Width": 63, "Actual Min Startup Time": 53.189, "Actual Max Startup Time": 53.189, "Actual Min Total Time": 572.773, "Actual Max Total Time": 572.773, "Inner Unique": false, "Plans": [{"Node Type": "Nested Loop", "Parent Relationship": "Outer", "Join Type": "Inner", "Startup Cost": 0.0, "Total Cost": 72886.98, "Plan Rows": 133, "Plan Width": 50, "Actual Min Startup Time": 52.978, "Actual Max Startup Time": 52.978, "Actual Min Total Time": 565.991, "Actual Max Total Time": 565.991, "Inner Unique": true, "Plans": [{"Node Type": "Nested Loop", "Parent Relationship": "Outer", "Join Type": "Inner", "Startup Cost": 0.0, "Total Cost": 72445.99, "Plan Rows": 1561, "Plan Width": 54, "Actual Min Startup Time": 52.281, "Actual Max Startup Time": 52.281, "Actual Min Total Time": 344.939, "Actual Max Total Time": 344.939, "Inner Unique": false, "Plans": [{"Node Type": "Nested Loop", "Parent Relationship": "Outer", "Join Type": "Inner", "Startup Cost": 0.0, "Total Cost": 72225.77, "Plan Rows": 294, "Plan Width": 4, "Actual Min Startup Time": 52.263, "Actual Max Startup Time": 52.263, "Actual Min Total Time": 192.782, "Actual Max Total Time": 192.782, "Inner Unique": false, "Plans": [{"Node Type": "Streaming(type: LOCAL GATHER dop: 1/64)", "Parent Relationship": "Outer", "Startup Cost": 0.0, "Total Cost": 64783.4, "Plan Rows": 173, "Plan Width": 4, "Actual Min Startup Time": 52.106, "Actual Max Startup Time": 52.106, "Actual Min Total Time": 60.208, "Actual Max Total Time": 60.208, "Plans": [{"Node Type": "Seq Scan", "Parent Relationship": "Outer", "Relation Name": "name", "Alias": "n", "Startup Cost": 0.0, "Total Cost": 64779.83, "Plan Rows": 173, "Plan Width": 4, "Actual Min Startup Time": 0.03, "Actual Max Startup Time": 0.864, "Actual Min Total Time": 25.411, "Actual Max Total Time": 29.502, "Filter": "(((name)::text ~~ '%Tim%'::text) AND ((gender)::text = 'm'::text))", "Rows Removed by Filter": 4158428, "Actual Rows": 9062}], "Actual Rows": 9062}, {"Node Type": "Index Scan", "Parent Relationship": "Inner", "Scan Direction": "Forward", "Index Name": "person_id_cast_info", "Relation Name": "cast_info", "Alias": "ci", "Startup Cost": 0.0, "Total Cost": 43.0, "Plan Rows": 2, "Plan Width": 8, "Actual Min Startup Time": 107.178, "Actual Max Startup Time": 107.178, "Actual Min Total Time": 126.243, "Actual Max Total Time": 126.243, "Index Cond": "(person_id = n.id)", "Rows Removed by Index Recheck": 0, "Filter": "((note)::text = ANY ('{(producer),\"(executive producer)\"}'::text[]))", "Rows Removed by Filter": 89309, "Actual Rows": 6719}], "Actual Rows": 6719}, {"Node Type": "Index Scan", "Parent Relationship": "Inner", "Scan Direction": "Forward", "Index Name": "movie_id_movie_info", "Relation Name": "movie_info", "Alias": "mi", "Startup Cost": 0.0, "Total Cost": 0.7, "Plan Rows": 5, "Plan Width": 50, "Actual Min Startup Time": 40.065, "Actual Max Startup Time": 40.065, "Actual Min Total Time": 126.105, "Actual Max Total Time": 126.105, "Index Cond": "(movie_id = ci.movie_id)", "Rows Removed by Index Recheck": 0, "Actual Rows": 95896}], "Actual Rows": 95896}, {"Node Type": "Index Scan", "Parent Relationship": "Inner", "Scan Direction": "Forward", "Index Name": "info_type_pkey", "Relation Name": "info_type", "Alias": "it1", "Startup Cost": 0.0, "Total Cost": 0.27, "Plan Rows": 1, "Plan Width": 4, "Actual Min Startup Time": 176.631, "Actual Max Startup Time": 176.631, "Actual Min Total Time": 176.631, "Actual Max Total Time": 176.631, "Index Cond": "(id = mi.info_type_id)", "Rows Removed by Index Recheck": 0, "Filter": "((info)::text = 'budget'::text)", "Rows Removed by Filter": 92329, "Actual Rows": 699}], "Actual Rows": 699}, {"Node Type": "Index Scan", "Parent Relationship": "Inner", "Scan Direction": "Forward", "Index Name": "movie_id_movie_info_idx", "Relation Name": "movie_info_idx", "Alias": "mi_idx", "Startup Cost": 0.0, "Total Cost": 0.29, "Plan Rows": 2, "Plan Width": 13, "Actual Min Startup Time": 5.49, "Actual Max Startup Time": 5.49, "Actual Min Total Time": 6.061, "Actual Max Total Time": 6.061, "Index Cond": "(movie_id = mi.movie_id)", "Rows Removed by Index Recheck": 0, "Actual Rows": 1235}], "Actual Rows": 1235}, {"Node Type": "Index Scan", "Parent Relationship": "Inner", "Scan Direction": "Forward", "Index Name": "info_type_pkey", "Relation Name": "info_type", "Alias": "it2", "Startup Cost": 0.0, "Total Cost": 0.27, "Plan Rows": 1, "Plan Width": 4, "Actual Min Startup Time": 2.352, "Actual Max Startup Time": 2.352, "Actual Min Total Time": 2.352, "Actual Max Total Time": 2.352, "Index Cond": "(id = mi_idx.info_type_id)", "Rows Removed by Index Recheck": 0, "Filter": "((info)::text = 'votes'::text)", "Rows Removed by Filter": 825, "Actual Rows": 410}], "Actual Rows": 410}, {"Node Type": "Index Scan", "Parent Relationship": "Inner", "Scan Direction": "Forward", "Index Name": "title_pkey", "Relation Name": "title", "Alias": "t", "Startup Cost": 0.0, "Total Cost": 0.28, "Plan Rows": 1, "Plan Width": 21, "Actual Min Startup Time": 3.694, "Actual Max Startup Time": 3.694, "Actual Min Total Time": 3.694, "Actual Max Total Time": 3.694, "Index Cond": "(id = mi.movie_id)", "Rows Removed by Index Recheck": 0, "Actual Rows": 410}], "Actual Rows": 410}], "Actual Rows": 1}, "Triggers": [], "Planner Runtime": 73.917, "Total Runtime": 591.66, "Unique SQL Id": 4264520866}}, "(64, '77')": {"explain_plan": {"Plan": {"Node Type": "Aggregate", "Strategy": "Plain", "Startup Cost": 204828.22, "Total Cost": 204828.23, "Plan Rows": 1, "Plan Width": 160, "Plans": [{"Node Type": "Nested Loop", "Parent Relationship": "Outer", "Join Type": "Inner", "Startup Cost": 0.0, "Total Cost": 204828.15, "Plan Rows": 9, "Plan Width": 64, "Inner Unique": true, "Plans": [{"Node Type": "Nested Loop", "Parent Relationship": "Outer", "Join Type": "Inner", "Startup Cost": 0.0, "Total Cost": 204825.52, "Plan Rows": 9, "Plan Width": 59, "Inner Unique": true, "Plans": [{"Node Type": "Nested Loop", "Parent Relationship": "Outer", "Join Type": "Inner", "Startup Cost": 0.0, "Total Cost": 204746.71, "Plan Rows": 279, "Plan Width": 63, "Inner Unique": false, "Join Filter": "(mi_idx.movie_id = mi.movie_id)", "Plans": [{"Node Type": "Nested Loop", "Parent Relationship": "Outer", "Join Type": "Inner", "Startup Cost": 0.0, "Total Cost": 204707.1, "Plan Rows": 52, "Plan Width": 13, "Inner Unique": true, "Plans": [{"Node Type": "Nested Loop", "Parent Relationship": "Outer", "Join Type": "Inner", "Startup Cost": 0.0, "Total Cost": 204609.36, "Plan Rows": 346, "Plan Width": 17, "Inner Unique": false, "Plans": [{"Node Type": "Nested Loop", "Parent Relationship": "Outer", "Join Type": "Inner", "Startup Cost": 0.0, "Total Cost": 204512.56, "Plan Rows": 294, "Plan Width": 4, "Inner Unique": false, "Plans": [{"Node Type": "Index Scan", "Parent Relationship": "Outer", "Scan Direction": "Forward", "Index Name": "name_pkey", "Relation Name": "name", "Alias": "n", "Startup Cost": 0.0, "Total Cost": 197070.2, "Plan Rows": 173, "Plan Width": 4, "Filter": "(((name)::text ~~ '%Tim%'::text) AND ((gender)::text = 'm'::text))"}, {"Node Type": "Index Scan", "Parent Relationship": "Inner", "Scan Direction": "Forward", "Index Name": "person_id_cast_info", "Relation Name": "cast_info", "Alias": "ci", "Startup Cost": 0.0, "Total Cost": 43.0, "Plan Rows": 2, "Plan Width": 8, "Index Cond": "(person_id = n.id)", "Filter": "((note)::text = ANY ('{(producer),\"(executive producer)\"}'::text[]))"}]}, {"Node Type": "Index Scan", "Parent Relationship": "Inner", "Scan Direction": "Forward", "Index Name": "movie_id_movie_info_idx", "Relation Name": "movie_info_idx", "Alias": "mi_idx", "Startup Cost": 0.0, "Total Cost": 0.31, "Plan Rows": 2, "Plan Width": 13, "Index Cond": "(movie_id = ci.movie_id)"}]}, {"Node Type": "Index Scan", "Parent Relationship": "Inner", "Scan Direction": "Forward", "Index Name": "info_type_pkey", "Relation Name": "info_type", "Alias": "it2", "Startup Cost": 0.0, "Total Cost": 0.27, "Plan Rows": 1, "Plan Width": 4, "Index Cond": "(id = mi_idx.info_type_id)", "Filter": "((info)::text = 'votes'::text)"}]}, {"Node Type": "Index Scan", "Parent Relationship": "Inner", "Scan Direction": "Forward", "Index Name": "movie_id_movie_info", "Relation Name": "movie_info", "Alias": "mi", "Startup Cost": 0.0, "Total Cost": 0.7, "Plan Rows": 5, "Plan Width": 50, "Index Cond": "(movie_id = ci.movie_id)"}]}, {"Node Type": "Index Scan", "Parent Relationship": "Inner", "Scan Direction": "Forward", "Index Name": "info_type_pkey", "Relation Name": "info_type", "Alias": "it1", "Startup Cost": 0.0, "Total Cost": 0.27, "Plan Rows": 1, "Plan Width": 4, "Index Cond": "(id = mi.info_type_id)", "Filter": "((info)::text = 'budget'::text)"}]}, {"Node Type": "Index Scan", "Parent Relationship": "Inner", "Scan Direction": "Forward", "Index Name": "title_pkey", "Relation Name": "title", "Alias": "t", "Startup Cost": 0.0, "Total Cost": 0.28, "Plan Rows": 1, "Plan Width": 21, "Index Cond": "(id = mi.movie_id)"}]}]}, "Unique SQL Id": 4264520866, "Planner Runtime": 47}, "explain_analyze_plan": null}, "(64, '78')": {"explain_plan": {"Plan": {"Node Type": "Aggregate", "Strategy": "Plain", "Startup Cost": 350510.91, "Total Cost": 350510.92, "Plan Rows": 1, "Plan Width": 160, "Plans": [{"Node Type": "Hash Join", "Parent Relationship": "Outer", "Join Type": "Inner", "Startup Cost": 261509.22, "Total Cost": 350510.52, "Plan Rows": 51, "Plan Width": 64, "Inner Unique": true, "Hash Cond": "(mi_idx.info_type_id = it2.id)", "Plans": [{"Node Type": "Hash Join", "Parent Relationship": "Outer", "Join Type": "Inner", "Startup Cost": 261506.81, "Total Cost": 350507.01, "Plan Rows": 204, "Plan Width": 68, "Inner Unique": true, "Hash Cond": "(mi.info_type_id = it1.id)", "Plans": [{"Node Type": "Hash Join", "Parent Relationship": "Outer", "Join Type": "Inner", "Startup Cost": 261504.4, "Total Cost": 350499.21, "Plan Rows": 1856, "Plan Width": 72, "Inner Unique": true, "Hash Cond": "(mi.movie_id = t.id)", "Plans": [{"Node Type": "Streaming(type: LOCAL GATHER dop: 1/64)", "Parent Relationship": "Outer", "Startup Cost": 214883.23, "Total Cost": 303852.52, "Plan Rows": 1856, "Plan Width": 67, "Plans": [{"Node Type": "Hash Join", "Parent Relationship": "Outer", "Join Type": "Inner", "Startup Cost": 214883.23, "Total Cost": 303814.23, "Plan Rows": 1856, "Plan Width": 67, "Inner Unique": false, "Hash Cond": "(mi_idx.movie_id = mi.movie_id)", "Plans": [{"Node Type": "Streaming(type: BROADCAST dop: 64/1)", "Parent Relationship": "Outer", "Startup Cost": 195068.84, "Total Cost": 283979.65, "Plan Rows": 22144, "Plan Width": 17, "Plans": [{"Node Type": "Hash Join", "Parent Relationship": "Outer", "Join Type": "Inner", "Startup Cost": 195068.84, "Total Cost": 220522.82, "Plan Rows": 346, "Plan Width": 17, "Inner Unique": false, "Hash Cond": "(mi_idx.movie_id = ci.movie_id)", "Plans": [{"Node Type": "Seq Scan", "Parent Relationship": "Outer", "Relation Name": "movie_info_idx", "Alias": "mi_idx", "Startup Cost": 0.0, "Total Cost": 20274.34, "Plan Rows": 1380034, "Plan Width": 13}, {"Node Type": "Hash", "Parent Relationship": "Inner", "Startup Cost": 195065.16, "Total Cost": 195065.16, "Plan Rows": 294, "Plan Width": 4, "Plans": [{"Node Type": "Hash Join", "Parent Relationship": "Outer", "Join Type": "Inner", "Startup Cost": 64785.57, "Total Cost": 195065.16, "Plan Rows": 294, "Plan Width": 4, "Inner Unique": true, "Hash Cond": "(ci.person_id = n.id)", "Plans": [{"Node Type": "Streaming(type: LOCAL GATHER dop: 1/64)", "Parent Relationship": "Outer", "Startup Cost": 0.0, "Total Cost": 122309.64, "Plan Rows": 2350421, "Plan Width": 8, "Plans": [{"Node Type": "Seq Scan", "Parent Relationship": "Outer", "Relation Name": "cast_info", "Alias": "ci", "Startup Cost": 0.0, "Total Cost": 73820.73, "Plan Rows": 2350421, "Plan Width": 8, "Filter": "((note)::text = ANY ('{(producer),\"(executive producer)\"}'::text[]))"}]}, {"Node Type": "Hash", "Parent Relationship": "Inner", "Startup Cost": 64783.4, "Total Cost": 64783.4, "Plan Rows": 173, "Plan Width": 4, "Plans": [{"Node Type": "Streaming(type: LOCAL GATHER dop: 1/64)", "Parent Relationship": "Outer", "Startup Cost": 0.0, "Total Cost": 64783.4, "Plan Rows": 173, "Plan Width": 4, "Plans": [{"Node Type": "Seq Scan", "Parent Relationship": "Outer", "Relation Name": "name", "Alias": "n", "Startup Cost": 0.0, "Total Cost": 64779.83, "Plan Rows": 173, "Plan Width": 4, "Filter": "(((name)::text ~~ '%Tim%'::text) AND ((gender)::text = 'm'::text))"}]}]}]}]}]}]}, {"Node Type": "Hash", "Parent Relationship": "Inner", "Startup Cost": 67640.43, "Total Cost": 67640.43, "Plan Rows": 14869966, "Plan Width": 50, "Plans": [{"Node Type": "Seq Scan", "Parent Relationship": "Outer", "Relation Name": "movie_info", "Alias": "mi", "Startup Cost": 0.0, "Total Cost": 67640.43, "Plan Rows": 14869966, "Plan Width": 50}]}]}]}, {"Node Type": "Hash", "Parent Relationship": "Inner", "Startup Cost": 60069.11, "Total Cost": 60069.11, "Plan Rows": 2528311, "Plan Width": 21, "Plans": [{"Node Type": "Seq Scan", "Parent Relationship": "Outer", "Relation Name": "title", "Alias": "t", "Startup Cost": 0.0, "Total Cost": 60069.11, "Plan Rows": 2528311, "Plan Width": 21}]}]}, {"Node Type": "Hash", "Parent Relationship": "Inner", "Startup Cost": 2.4, "Total Cost": 2.4, "Plan Rows": 1, "Plan Width": 4, "Plans": [{"Node Type": "Seq Scan", "Parent Relationship": "Outer", "Relation Name": "info_type", "Alias": "it1", "Startup Cost": 0.0, "Total Cost": 2.4, "Plan Rows": 1, "Plan Width": 4, "Filter": "((info)::text = 'budget'::text)"}]}]}, {"Node Type": "Hash", "Parent Relationship": "Inner", "Startup Cost": 2.4, "Total Cost": 2.4, "Plan Rows": 1, "Plan Width": 4, "Plans": [{"Node Type": "Seq Scan", "Parent Relationship": "Outer", "Relation Name": "info_type", "Alias": "it2", "Startup Cost": 0.0, "Total Cost": 2.4, "Plan Rows": 1, "Plan Width": 4, "Filter": "((info)::text = 'votes'::text)"}]}]}]}, "Unique SQL Id": 4264520866, "Planner Runtime": 111}, "explain_analyze_plan": null}, "(64, '79')": {"explain_plan": {"Plan": {"Node Type": "Aggregate", "Strategy": "Plain", "Startup Cost": 6995106580785.5, "Total Cost": 6995106580785.51, "Plan Rows": 1, "Plan Width": 160, "Plans": [{"Node Type": "Hash Join", "Parent Relationship": "Outer", "Join Type": "Inner", "Startup Cost": 3040056437186.07, "Total Cost": 6995106580785.12, "Plan Rows": 51, "Plan Width": 64, "Inner Unique": true, "Hash Cond": "(mi_idx.info_type_id = it2.id)", "Plans": [{"Node Type": "Hash Join", "Parent Relationship": "Outer", "Join Type": "Inner", "Startup Cost": 2040056435765.06, "Total Cost": 5995106579363.0, "Plan Rows": 204, "Plan Width": 68, "Inner Unique": true, "Hash Cond": "(ci.person_id = n.id)", "Plans": [{"Node Type": "Hash Join", "Parent Relationship": "Outer", "Join Type": "Inner", "Startup Cost": 1040036728743.19, "Total Cost": 4995086871412.39, "Plan Rows": 273399, "Plan Width": 72, "Inner Unique": true, "Hash Cond": "(mi.info_type_id = it1.id), (LLVM Optimized)", "Plans": [{"Node Type": "Merge Join", "Parent Relationship": "Outer", "Join Type": "Inner", "Startup Cost": 40036727322.18, "Total Cost": 3995086846354.37, "Plan Rows": 8922631, "Plan Width": 76, "Inner Unique": false, "Merge Cond": "(mi_idx.movie_id = t.id)", "Plans": [{"Node Type": "Index Scan", "Parent Relationship": "Outer", "Scan Direction": "Forward", "Index Name": "movie_id_movie_info_idx", "Relation Name": "movie_info_idx", "Alias": "mi_idx", "Startup Cost": 10000000000.0, "Total Cost": 1000004650035.37, "Plan Rows": 1380034, "Plan Width": 13}, {"Node Type": "Materialize", "Parent Relationship": "Inner", "Startup Cost": 30030988306.16, "Total Cost": 2997863868685.69, "Plan Rows": 12453649, "Plan Width": 79, "Plans": [{"Node Type": "Merge Join", "Parent Relationship": "Outer", "Join Type": "Inner", "Startup Cost": 30030988306.16, "Total Cost": 2997863837551.57, "Plan Rows": 12453649, "Plan Width": 79, "Inner Unique": false, "Merge Cond": "(ci.movie_id = t.id)", "Plans": [{"Node Type": "Index Scan", "Parent Relationship": "Outer", "Scan Direction": "Forward", "Index Name": "movie_id_cast_info", "Relation Name": "cast_info", "Alias": "ci", "Startup Cost": 10000000000.0, "Total Cost": 1000214997262.8, "Plan Rows": 2350421, "Plan Width": 8, "Filter": "((note)::text = ANY ('{(producer),\"(executive producer)\"}'::text[]))"}, {"Node Type": "Materialize", "Parent Relationship": "Inner", "Startup Cost": 20024668916.98, "Total Cost": 1999413737845.62, "Plan Rows": 13396577, "Plan Width": 71, "Plans": [{"Node Type": "Merge Join", "Parent Relationship": "Outer", "Join Type": "Inner", "Startup Cost": 20024668916.98, "Total Cost": 1999413704354.18, "Plan Rows": 13396577, "Plan Width": 71, "Inner Unique": false, "Merge Cond": "(t.id = mi.movie_id)", "Plans": [{"Node Type": "Index Scan", "Parent Relationship": "Outer", "Scan Direction": "Forward", "Index Name": "title_pkey", "Relation Name": "title", "Alias": "t", "Startup Cost": 10000000000.0, "Total Cost": 1000011012048.91, "Plan Rows": 2528311, "Plan Width": 21}, {"Node Type": "Index Scan", "Parent Relationship": "Inner", "Scan Direction": "Forward", "Index Name": "movie_id_movie_info", "Relation Name": "movie_info", "Alias": "mi", "Startup Cost": 10000000000.0, "Total Cost": 1000103816912.22, "Plan Rows": 14869966, "Plan Width": 50}]}]}]}]}]}, {"Node Type": "Hash", "Parent Relationship": "Inner", "Startup Cost": 1000000001421.0, "Total Cost": 1000000001421.0, "Plan Rows": 1, "Plan Width": 4, "Plans": [{"Node Type": "Index Scan", "Parent Relationship": "Outer", "Scan Direction": "Forward", "Index Name": "info_type_pkey", "Relation Name": "info_type", "Alias": "it1", "Startup Cost": 10000000000.0, "Total Cost": 1000000001421.0, "Plan Rows": 1, "Plan Width": 4, "Filter": "((info)::text = 'budget'::text)"}]}]}, {"Node Type": "Hash", "Parent Relationship": "Inner", "Startup Cost": 1000019707019.7, "Total Cost": 1000019707019.7, "Plan Rows": 173, "Plan Width": 4, "Plans": [{"Node Type": "Index Scan", "Parent Relationship": "Outer", "Scan Direction": "Forward", "Index Name": "name_pkey", "Relation Name": "name", "Alias": "n", "Startup Cost": 10000000000.0, "Total Cost": 1000019707019.7, "Plan Rows": 173, "Plan Width": 4, "Filter": "(((name)::text ~~ '%Tim%'::text) AND ((gender)::text = 'm'::text))"}]}]}, {"Node Type": "Hash", "Parent Relationship": "Inner", "Startup Cost": 1000000001421.0, "Total Cost": 1000000001421.0, "Plan Rows": 1, "Plan Width": 4, "Plans": [{"Node Type": "Index Scan", "Parent Relationship": "Outer", "Scan Direction": "Forward", "Index Name": "info_type_pkey", "Relation Name": "info_type", "Alias": "it2", "Startup Cost": 10000000000.0, "Total Cost": 1000000001421.0, "Plan Rows": 1, "Plan Width": 4, "Filter": "((info)::text = 'votes'::text)"}]}]}]}, "Unique SQL Id": 4264520866, "Planner Runtime": 132}, "explain_analyze_plan": null}, "(64, '80')": {"explain_plan": {"Plan": {"Node Type": "Aggregate", "Strategy": "Plain", "Startup Cost": 72541.42, "Total Cost": 72541.43, "Plan Rows": 1, "Plan Width": 160, "Plans": [{"Node Type": "Nested Loop", "Parent Relationship": "Outer", "Join Type": "Inner", "Startup Cost": 0.0, "Total Cost": 72541.36, "Plan Rows": 9, "Plan Width": 64, "Inner Unique": true, "Plans": [{"Node Type": "Nested Loop", "Parent Relationship": "Outer", "Join Type": "Inner", "Startup Cost": 0.0, "Total Cost": 72538.73, "Plan Rows": 9, "Plan Width": 59, "Inner Unique": true, "Plans": [{"Node Type": "Nested Loop", "Parent Relationship": "Outer", "Join Type": "Inner", "Startup Cost": 0.0, "Total Cost": 72459.91, "Plan Rows": 279, "Plan Width": 63, "Inner Unique": false, "Join Filter": "(mi_idx.movie_id = mi.movie_id)", "Plans": [{"Node Type": "Nested Loop", "Parent Relationship": "Outer", "Join Type": "Inner", "Startup Cost": 0.0, "Total Cost": 72420.31, "Plan Rows": 52, "Plan Width": 13, "Inner Unique": true, "Plans": [{"Node Type": "Nested Loop", "Parent Relationship": "Outer", "Join Type": "Inner", "Startup Cost": 0.0, "Total Cost": 72322.56, "Plan Rows": 346, "Plan Width": 17, "Inner Unique": false, "Plans": [{"Node Type": "Nested Loop", "Parent Relationship": "Outer", "Join Type": "Inner", "Startup Cost": 0.0, "Total Cost": 72225.77, "Plan Rows": 294, "Plan Width": 4, "Inner Unique": false, "Plans": [{"Node Type": "Streaming(type: LOCAL GATHER dop: 1/64)", "Parent Relationship": "Outer", "Startup Cost": 0.0, "Total Cost": 64783.4, "Plan Rows": 173, "Plan Width": 4, "Plans": [{"Node Type": "Seq Scan", "Parent Relationship": "Outer", "Relation Name": "name", "Alias": "n", "Startup Cost": 0.0, "Total Cost": 64779.83, "Plan Rows": 173, "Plan Width": 4, "Filter": "(((name)::text ~~ '%Tim%'::text) AND ((gender)::text = 'm'::text))"}]}, {"Node Type": "Index Scan", "Parent Relationship": "Inner", "Scan Direction": "Forward", "Index Name": "person_id_cast_info", "Relation Name": "cast_info", "Alias": "ci", "Startup Cost": 0.0, "Total Cost": 43.0, "Plan Rows": 2, "Plan Width": 8, "Index Cond": "(person_id = n.id)", "Filter": "((note)::text = ANY ('{(producer),\"(executive producer)\"}'::text[]))"}]}, {"Node Type": "Index Scan", "Parent Relationship": "Inner", "Scan Direction": "Forward", "Index Name": "movie_id_movie_info_idx", "Relation Name": "movie_info_idx", "Alias": "mi_idx", "Startup Cost": 0.0, "Total Cost": 0.31, "Plan Rows": 2, "Plan Width": 13, "Index Cond": "(movie_id = ci.movie_id)"}]}, {"Node Type": "Index Scan", "Parent Relationship": "Inner", "Scan Direction": "Forward", "Index Name": "info_type_pkey", "Relation Name": "info_type", "Alias": "it2", "Startup Cost": 0.0, "Total Cost": 0.27, "Plan Rows": 1, "Plan Width": 4, "Index Cond": "(id = mi_idx.info_type_id)", "Filter": "((info)::text = 'votes'::text)"}]}, {"Node Type": "Index Scan", "Parent Relationship": "Inner", "Scan Direction": "Forward", "Index Name": "movie_id_movie_info", "Relation Name": "movie_info", "Alias": "mi", "Startup Cost": 0.0, "Total Cost": 0.7, "Plan Rows": 5, "Plan Width": 50, "Index Cond": "(movie_id = ci.movie_id)"}]}, {"Node Type": "Index Scan", "Parent Relationship": "Inner", "Scan Direction": "Forward", "Index Name": "info_type_pkey", "Relation Name": "info_type", "Alias": "it1", "Startup Cost": 0.0, "Total Cost": 0.27, "Plan Rows": 1, "Plan Width": 4, "Index Cond": "(id = mi.info_type_id)", "Filter": "((info)::text = 'budget'::text)"}]}, {"Node Type": "Index Scan", "Parent Relationship": "Inner", "Scan Direction": "Forward", "Index Name": "title_pkey", "Relation Name": "title", "Alias": "t", "Startup Cost": 0.0, "Total Cost": 0.28, "Plan Rows": 1, "Plan Width": 21, "Index Cond": "(id = mi.movie_id)"}]}]}, "Unique SQL Id": 4264520866, "Planner Runtime": 28}, "explain_analyze_plan": {"Plan": {"Node Type": "Aggregate", "Strategy": "Plain", "Startup Cost": 72541.42, "Total Cost": 72541.43, "Plan Rows": 1, "Plan Width": 160, "Actual Min Startup Time": 573.381, "Actual Max Startup Time": 573.381, "Actual Min Total Time": 573.381, "Actual Max Total Time": 573.381, "Plans": [{"Node Type": "Nested Loop", "Parent Relationship": "Outer", "Join Type": "Inner", "Startup Cost": 0.0, "Total Cost": 72541.36, "Plan Rows": 9, "Plan Width": 64, "Actual Min Startup Time": 45.785, "Actual Max Startup Time": 45.785, "Actual Min Total Time": 572.643, "Actual Max Total Time": 572.643, "Inner Unique": true, "Plans": [{"Node Type": "Nested Loop", "Parent Relationship": "Outer", "Join Type": "Inner", "Startup Cost": 0.0, "Total Cost": 72538.73, "Plan Rows": 9, "Plan Width": 59, "Actual Min Startup Time": 45.765, "Actual Max Startup Time": 45.765, "Actual Min Total Time": 568.394, "Actual Max Total Time": 568.394, "Inner Unique": true, "Plans": [{"Node Type": "Nested Loop", "Parent Relationship": "Outer", "Join Type": "Inner", "Startup Cost": 0.0, "Total Cost": 72459.91, "Plan Rows": 279, "Plan Width": 63, "Actual Min Startup Time": 44.388, "Actual Max Startup Time": 44.388, "Actual Min Total Time": 387.406, "Actual Max Total Time": 387.406, "Inner Unique": false, "Join Filter": "(mi_idx.movie_id = mi.movie_id)", "Rows Removed by Join Filter": 0, "Plans": [{"Node Type": "Nested Loop", "Parent Relationship": "Outer", "Join Type": "Inner", "Startup Cost": 0.0, "Total Cost": 72420.31, "Plan Rows": 52, "Plan Width": 13, "Actual Min Startup Time": 44.366, "Actual Max Startup Time": 44.366, "Actual Min Total Time": 259.543, "Actual Max Total Time": 259.543, "Inner Unique": true, "Plans": [{"Node Type": "Nested Loop", "Parent Relationship": "Outer", "Join Type": "Inner", "Startup Cost": 0.0, "Total Cost": 72322.56, "Plan Rows": 346, "Plan Width": 17, "Actual Min Startup Time": 44.342, "Actual Max Startup Time": 44.342, "Actual Min Total Time": 234.278, "Actual Max Total Time": 234.278, "Inner Unique": false, "Plans": [{"Node Type": "Nested Loop", "Parent Relationship": "Outer", "Join Type": "Inner", "Startup Cost": 0.0, "Total Cost": 72225.77, "Plan Rows": 294, "Plan Width": 4, "Actual Min Startup Time": 44.321, "Actual Max Startup Time": 44.321, "Actual Min Total Time": 196.155, "Actual Max Total Time": 196.155, "Inner Unique": false, "Plans": [{"Node Type": "Streaming(type: LOCAL GATHER dop: 1/64)", "Parent Relationship": "Outer", "Startup Cost": 0.0, "Total Cost": 64783.4, "Plan Rows": 173, "Plan Width": 4, "Actual Min Startup Time": 44.106, "Actual Max Startup Time": 44.106, "Actual Min Total Time": 64.335, "Actual Max Total Time": 64.335, "Plans": [{"Node Type": "Seq Scan", "Parent Relationship": "Outer", "Relation Name": "name", "Alias": "n", "Startup Cost": 0.0, "Total Cost": 64779.83, "Plan Rows": 173, "Plan Width": 4, "Actual Min Startup Time": 0.03, "Actual Max Startup Time": 0.853, "Actual Min Total Time": 25.362, "Actual Max Total Time": 29.486, "Filter": "(((name)::text ~~ '%Tim%'::text) AND ((gender)::text = 'm'::text))", "Rows Removed by Filter": 4158428, "Actual Rows": 9062}], "Actual Rows": 9062}, {"Node Type": "Index Scan", "Parent Relationship": "Inner", "Scan Direction": "Forward", "Index Name": "person_id_cast_info", "Relation Name": "cast_info", "Alias": "ci", "Startup Cost": 0.0, "Total Cost": 43.0, "Plan Rows": 2, "Plan Width": 8, "Actual Min Startup Time": 105.918, "Actual Max Startup Time": 105.918, "Actual Min Total Time": 125.274, "Actual Max Total Time": 125.274, "Index Cond": "(person_id = n.id)", "Rows Removed by Index Recheck": 0, "Filter": "((note)::text = ANY ('{(producer),\"(executive producer)\"}'::text[]))", "Rows Removed by Filter": 89309, "Actual Rows": 6719}], "Actual Rows": 6719}, {"Node Type": "Index Scan", "Parent Relationship": "Inner", "Scan Direction": "Forward", "Index Name": "movie_id_movie_info_idx", "Relation Name": "movie_info_idx", "Alias": "mi_idx", "Startup Cost": 0.0, "Total Cost": 0.31, "Plan Rows": 2, "Plan Width": 13, "Actual Min Startup Time": 28.109, "Actual Max Startup Time": 28.109, "Actual Min Total Time": 32.173, "Actual Max Total Time": 32.173, "Index Cond": "(movie_id = ci.movie_id)", "Rows Removed by Index Recheck": 0, "Actual Rows": 10310}], "Actual Rows": 10310}, {"Node Type": "Index Scan", "Parent Relationship": "Inner", "Scan Direction": "Forward", "Index Name": "info_type_pkey", "Relation Name": "info_type", "Alias": "it2", "Startup Cost": 0.0, "Total Cost": 0.27, "Plan Rows": 1, "Plan Width": 4, "Actual Min Startup Time": 19.363, "Actual Max Startup Time": 19.363, "Actual Min Total Time": 19.363, "Actual Max Total Time": 19.363, "Index Cond": "(id = mi_idx.info_type_id)", "Rows Removed by Index Recheck": 0, "Filter": "((info)::text = 'votes'::text)", "Rows Removed by Filter": 6875, "Actual Rows": 3435}], "Actual Rows": 3435}, {"Node Type": "Index Scan", "Parent Relationship": "Inner", "Scan Direction": "Forward", "Index Name": "movie_id_movie_info", "Relation Name": "movie_info", "Alias": "mi", "Startup Cost": 0.0, "Total Cost": 0.7, "Plan Rows": 5, "Plan Width": 50, "Actual Min Startup Time": 23.918, "Actual Max Startup Time": 23.918, "Actual Min Total Time": 96.392, "Actual Max Total Time": 96.392, "Index Cond": "(movie_id = ci.movie_id)", "Rows Removed by Index Recheck": 0, "Actual Rows": 82408}], "Actual Rows": 82408}, {"Node Type": "Index Scan", "Parent Relationship": "Inner", "Scan Direction": "Forward", "Index Name": "info_type_pkey", "Relation Name": "info_type", "Alias": "it1", "Startup Cost": 0.0, "Total Cost": 0.27, "Plan Rows": 1, "Plan Width": 4, "Actual Min Startup Time": 142.438, "Actual Max Startup Time": 142.438, "Actual Min Total Time": 142.438, "Actual Max Total Time": 142.438, "Index Cond": "(id = mi.info_type_id)", "Rows Removed by Index Recheck": 0, "Filter": "((info)::text = 'budget'::text)", "Rows Removed by Filter": 79844, "Actual Rows": 410}], "Actual Rows": 410}, {"Node Type": "Index Scan", "Parent Relationship": "Inner", "Scan Direction": "Forward", "Index Name": "title_pkey", "Relation Name": "title", "Alias": "t", "Startup Cost": 0.0, "Total Cost": 0.28, "Plan Rows": 1, "Plan Width": 21, "Actual Min Startup Time": 3.639, "Actual Max Startup Time": 3.639, "Actual Min Total Time": 3.639, "Actual Max Total Time": 3.639, "Index Cond": "(id = mi.movie_id)", "Rows Removed by Index Recheck": 0, "Actual Rows": 410}], "Actual Rows": 410}], "Actual Rows": 1}, "Triggers": [], "Planner Runtime": 28.452, "Total Runtime": 584.89, "Unique SQL Id": 4264520866}}, "(64, '81')": {"explain_plan": {"Plan": {"Node Type": "Aggregate", "Strategy": "Plain", "Startup Cost": 204828.22, "Total Cost": 204828.23, "Plan Rows": 1, "Plan Width": 160, "Plans": [{"Node Type": "Nested Loop", "Parent Relationship": "Outer", "Join Type": "Inner", "Startup Cost": 0.0, "Total Cost": 204828.15, "Plan Rows": 9, "Plan Width": 64, "Inner Unique": true, "Plans": [{"Node Type": "Nested Loop", "Parent Relationship": "Outer", "Join Type": "Inner", "Startup Cost": 0.0, "Total Cost": 204825.52, "Plan Rows": 9, "Plan Width": 59, "Inner Unique": true, "Plans": [{"Node Type": "Nested Loop", "Parent Relationship": "Outer", "Join Type": "Inner", "Startup Cost": 0.0, "Total Cost": 204746.71, "Plan Rows": 279, "Plan Width": 63, "Inner Unique": false, "Join Filter": "(mi_idx.movie_id = mi.movie_id)", "Plans": [{"Node Type": "Nested Loop", "Parent Relationship": "Outer", "Join Type": "Inner", "Startup Cost": 0.0, "Total Cost": 204707.1, "Plan Rows": 52, "Plan Width": 13, "Inner Unique": true, "Plans": [{"Node Type": "Nested Loop", "Parent Relationship": "Outer", "Join Type": "Inner", "Startup Cost": 0.0, "Total Cost": 204609.36, "Plan Rows": 346, "Plan Width": 17, "Inner Unique": false, "Plans": [{"Node Type": "Nested Loop", "Parent Relationship": "Outer", "Join Type": "Inner", "Startup Cost": 0.0, "Total Cost": 204512.56, "Plan Rows": 294, "Plan Width": 4, "Inner Unique": false, "Plans": [{"Node Type": "Index Scan", "Parent Relationship": "Outer", "Scan Direction": "Forward", "Index Name": "name_pkey", "Relation Name": "name", "Alias": "n", "Startup Cost": 0.0, "Total Cost": 197070.2, "Plan Rows": 173, "Plan Width": 4, "Filter": "(((name)::text ~~ '%Tim%'::text) AND ((gender)::text = 'm'::text))"}, {"Node Type": "Index Scan", "Parent Relationship": "Inner", "Scan Direction": "Forward", "Index Name": "person_id_cast_info", "Relation Name": "cast_info", "Alias": "ci", "Startup Cost": 0.0, "Total Cost": 43.0, "Plan Rows": 2, "Plan Width": 8, "Index Cond": "(person_id = n.id)", "Filter": "((note)::text = ANY ('{(producer),\"(executive producer)\"}'::text[]))"}]}, {"Node Type": "Index Scan", "Parent Relationship": "Inner", "Scan Direction": "Forward", "Index Name": "movie_id_movie_info_idx", "Relation Name": "movie_info_idx", "Alias": "mi_idx", "Startup Cost": 0.0, "Total Cost": 0.31, "Plan Rows": 2, "Plan Width": 13, "Index Cond": "(movie_id = ci.movie_id)"}]}, {"Node Type": "Index Scan", "Parent Relationship": "Inner", "Scan Direction": "Forward", "Index Name": "info_type_pkey", "Relation Name": "info_type", "Alias": "it2", "Startup Cost": 0.0, "Total Cost": 0.27, "Plan Rows": 1, "Plan Width": 4, "Index Cond": "(id = mi_idx.info_type_id)", "Filter": "((info)::text = 'votes'::text)"}]}, {"Node Type": "Index Scan", "Parent Relationship": "Inner", "Scan Direction": "Forward", "Index Name": "movie_id_movie_info", "Relation Name": "movie_info", "Alias": "mi", "Startup Cost": 0.0, "Total Cost": 0.7, "Plan Rows": 5, "Plan Width": 50, "Index Cond": "(movie_id = ci.movie_id)"}]}, {"Node Type": "Index Scan", "Parent Relationship": "Inner", "Scan Direction": "Forward", "Index Name": "info_type_pkey", "Relation Name": "info_type", "Alias": "it1", "Startup Cost": 0.0, "Total Cost": 0.27, "Plan Rows": 1, "Plan Width": 4, "Index Cond": "(id = mi.info_type_id)", "Filter": "((info)::text = 'budget'::text)"}]}, {"Node Type": "Index Scan", "Parent Relationship": "Inner", "Scan Direction": "Forward", "Index Name": "title_pkey", "Relation Name": "title", "Alias": "t", "Startup Cost": 0.0, "Total Cost": 0.28, "Plan Rows": 1, "Plan Width": 21, "Index Cond": "(id = mi.movie_id)"}]}]}, "Unique SQL Id": 4264520866, "Planner Runtime": 26}, "explain_analyze_plan": null}, "(64, '82')": {"explain_plan": {"Plan": {"Node Type": "Aggregate", "Strategy": "Plain", "Startup Cost": 79998.49, "Total Cost": 79998.5, "Plan Rows": 1, "Plan Width": 160, "Plans": [{"Node Type": "Nested Loop", "Parent Relationship": "Outer", "Join Type": "Inner", "Startup Cost": 79959.89, "Total Cost": 79998.42, "Plan Rows": 9, "Plan Width": 64, "Inner Unique": true, "Plans": [{"Node Type": "Merge Join", "Parent Relationship": "Outer", "Join Type": "Inner", "Startup Cost": 79959.63, "Total Cost": 79959.88, "Plan Rows": 9, "Plan Width": 59, "Inner Unique": false, "Merge Cond": "(it2.id = mi_idx.info_type_id)", "Plans": [{"Node Type": "Sort", "Parent Relationship": "Outer", "Startup Cost": 2.41, "Total Cost": 2.42, "Plan Rows": 1, "Plan Width": 4, "Sort Key": ["it2.id"], "Plans": [{"Node Type": "Seq Scan", "Parent Relationship": "Outer", "Relation Name": "info_type", "Alias": "it2", "Startup Cost": 0.0, "Total Cost": 2.4, "Plan Rows": 1, "Plan Width": 4, "Filter": "((info)::text = 'votes'::text)"}]}, {"Node Type": "Sort", "Parent Relationship": "Inner", "Startup Cost": 79957.21, "Total Cost": 79957.3, "Plan Rows": 34, "Plan Width": 63, "Sort Key": ["mi_idx.info_type_id"], "Plans": [{"Node Type": "Nested Loop", "Parent Relationship": "Outer", "Join Type": "Inner", "Startup Cost": 79375.54, "Total Cost": 79956.35, "Plan Rows": 34, "Plan Width": 63, "Inner Unique": false, "Plans": [{"Node Type": "Merge Join", "Parent Relationship": "Outer", "Join Type": "Inner", "Startup Cost": 79375.27, "Total Cost": 79382.88, "Plan Rows": 133, "Plan Width": 50, "Inner Unique": false, "Merge Cond": "(it1.id = mi.info_type_id)", "Plans": [{"Node Type": "Sort", "Parent Relationship": "Outer", "Startup Cost": 2.41, "Total Cost": 2.42, "Plan Rows": 1, "Plan Width": 4, "Sort Key": ["it1.id"], "Plans": [{"Node Type": "Seq Scan", "Parent Relationship": "Outer", "Relation Name": "info_type", "Alias": "it1", "Startup Cost": 0.0, "Total Cost": 2.4, "Plan Rows": 1, "Plan Width": 4, "Filter": "((info)::text = 'budget'::text)"}]}, {"Node Type": "Sort", "Parent Relationship": "Inner", "Startup Cost": 79372.43, "Total Cost": 79376.34, "Plan Rows": 1561, "Plan Width": 54, "Sort Key": ["mi.info_type_id"], "Plans": [{"Node Type": "Nested Loop", "Parent Relationship": "Outer", "Join Type": "Inner", "Startup Cost": 4.77, "Total Cost": 79289.64, "Plan Rows": 1561, "Plan Width": 54, "Inner Unique": false, "Plans": [{"Node Type": "Nested Loop", "Parent Relationship": "Outer", "Join Type": "Inner", "Startup Cost": 4.39, "Total Cost": 77967.24, "Plan Rows": 294, "Plan Width": 4, "Inner Unique": false, "Plans": [{"Node Type": "Streaming(type: LOCAL GATHER dop: 1/64)", "Parent Relationship": "Outer", "Startup Cost": 0.0, "Total Cost": 64783.4, "Plan Rows": 173, "Plan Width": 4, "Plans": [{"Node Type": "Seq Scan", "Parent Relationship": "Outer", "Relation Name": "name", "Alias": "n", "Startup Cost": 0.0, "Total Cost": 64779.83, "Plan Rows": 173, "Plan Width": 4, "Filter": "(((name)::text ~~ '%Tim%'::text) AND ((gender)::text = 'm'::text))"}]}, {"Node Type": "Bitmap Heap Scan", "Parent Relationship": "Inner", "Relation Name": "cast_info", "Alias": "ci", "Startup Cost": 4.39, "Total Cost": 76.19, "Plan Rows": 2, "Plan Width": 8, "Recheck Cond": "(person_id = n.id)", "Filter": "((note)::text = ANY ('{(producer),\"(executive producer)\"}'::text[]))", "Plans": [{"Node Type": "Bitmap Index Scan", "Parent Relationship": "Outer", "Index Name": "person_id_cast_info", "Startup Cost": 0.0, "Total Cost": 4.38, "Plan Rows": 18, "Plan Width": 0, "Index Cond": "(person_id = n.id)"}]}]}, {"Node Type": "Bitmap Heap Scan", "Parent Relationship": "Inner", "Relation Name": "movie_info", "Alias": "mi", "Startup Cost": 0.39, "Total Cost": 4.45, "Plan Rows": 5, "Plan Width": 50, "Recheck Cond": "(movie_id = ci.movie_id)", "Plans": [{"Node Type": "Bitmap Index Scan", "Parent Relationship": "Outer", "Index Name": "movie_id_movie_info", "Startup Cost": 0.0, "Total Cost": 0.38, "Plan Rows": 5, "Plan Width": 0, "Index Cond": "(movie_id = ci.movie_id)"}]}]}]}]}, {"Node Type": "Bitmap Heap Scan", "Parent Relationship": "Inner", "Relation Name": "movie_info_idx", "Alias": "mi_idx", "Startup Cost": 0.27, "Total Cost": 4.29, "Plan Rows": 2, "Plan Width": 13, "Recheck Cond": "(movie_id = mi.movie_id)", "Plans": [{"Node Type": "Bitmap Index Scan", "Parent Relationship": "Outer", "Index Name": "movie_id_movie_info_idx", "Startup Cost": 0.0, "Total Cost": 0.27, "Plan Rows": 2, "Plan Width": 0, "Index Cond": "(movie_id = mi.movie_id)"}]}]}]}]}, {"Node Type": "Bitmap Heap Scan", "Parent Relationship": "Inner", "Relation Name": "title", "Alias": "t", "Startup Cost": 0.26, "Total Cost": 4.27, "Plan Rows": 1, "Plan Width": 21, "Recheck Cond": "(id = mi.movie_id)", "Plans": [{"Node Type": "Bitmap Index Scan", "Parent Relationship": "Outer", "Index Name": "title_pkey", "Startup Cost": 0.0, "Total Cost": 0.26, "Plan Rows": 1, "Plan Width": 0, "Index Cond": "(id = mi.movie_id)"}]}]}]}, "Unique SQL Id": 4264520866, "Planner Runtime": 26}, "explain_analyze_plan": {"Plan": {"Node Type": "Aggregate", "Strategy": "Plain", "Startup Cost": 79998.49, "Total Cost": 79998.5, "Plan Rows": 1, "Plan Width": 160, "Actual Min Startup Time": 553.237, "Actual Max Startup Time": 553.237, "Actual Min Total Time": 553.238, "Actual Max Total Time": 553.238, "Plans": [{"Node Type": "Nested Loop", "Parent Relationship": "Outer", "Join Type": "Inner", "Startup Cost": 79959.89, "Total Cost": 79998.42, "Plan Rows": 9, "Plan Width": 64, "Actual Min Startup Time": 548.597, "Actual Max Startup Time": 548.597, "Actual Min Total Time": 552.82, "Actual Max Total Time": 552.82, "Inner Unique": true, "Plans": [{"Node Type": "Merge Join", "Parent Relationship": "Outer", "Join Type": "Inner", "Startup Cost": 79959.63, "Total Cost": 79959.88, "Plan Rows": 9, "Plan Width": 59, "Actual Min Startup Time": 548.568, "Actual Max Startup Time": 548.568, "Actual Min Total Time": 548.761, "Actual Max Total Time": 548.761, "Inner Unique": false, "Merge Cond": "(it2.id = mi_idx.info_type_id)", "Plans": [{"Node Type": "Sort", "Parent Relationship": "Outer", "Startup Cost": 2.41, "Total Cost": 2.42, "Plan Rows": 1, "Plan Width": 4, "Actual Min Startup Time": 0.136, "Actual Max Startup Time": 0.136, "Actual Min Total Time": 0.136, "Actual Max Total Time": 0.136, "Sort Key": ["it2.id"], "Sort Method": "quicksort", "Sort Space Min Used": 25, "Sort Space Max Used": 25, "Sort Space Type": "Memory", "Plans": [{"Node Type": "Seq Scan", "Parent Relationship": "Outer", "Relation Name": "info_type", "Alias": "it2", "Startup Cost": 0.0, "Total Cost": 2.4, "Plan Rows": 1, "Plan Width": 4, "Actual Min Startup Time": 0.094, "Actual Max Startup Time": 0.094, "Actual Min Total Time": 0.1, "Actual Max Total Time": 0.1, "Filter": "((info)::text = 'votes'::text)", "Rows Removed by Filter": 111, "Actual Rows": 1}], "Actual Rows": 1}, {"Node Type": "Sort", "Parent Relationship": "Inner", "Startup Cost": 79957.21, "Total Cost": 79957.3, "Plan Rows": 34, "Plan Width": 63, "Actual Min Startup Time": 548.316, "Actual Max Startup Time": 548.316, "Actual Min Total Time": 548.399, "Actual Max Total Time": 548.399, "Sort Key": ["mi_idx.info_type_id"], "Sort Method": "quicksort", "Sort Space Min Used": 167, "Sort Space Max Used": 167, "Sort Space Type": "Memory", "Plans": [{"Node Type": "Nested Loop", "Parent Relationship": "Outer", "Join Type": "Inner", "Startup Cost": 79375.54, "Total Cost": 79956.35, "Plan Rows": 34, "Plan Width": 63, "Actual Min Startup Time": 540.831, "Actual Max Startup Time": 540.831, "Actual Min Total Time": 547.772, "Actual Max Total Time": 547.772, "Inner Unique": false, "Plans": [{"Node Type": "Merge Join", "Parent Relationship": "Outer", "Join Type": "Inner", "Startup Cost": 79375.27, "Total Cost": 79382.88, "Plan Rows": 133, "Plan Width": 50, "Actual Min Startup Time": 540.782, "Actual Max Startup Time": 540.782, "Actual Min Total Time": 541.359, "Actual Max Total Time": 541.359, "Inner Unique": false, "Merge Cond": "(it1.id = mi.info_type_id)", "Plans": [{"Node Type": "Sort", "Parent Relationship": "Outer", "Startup Cost": 2.41, "Total Cost": 2.42, "Plan Rows": 1, "Plan Width": 4, "Actual Min Startup Time": 0.079, "Actual Max Startup Time": 0.079, "Actual Min Total Time": 0.079, "Actual Max Total Time": 0.079, "Sort Key": ["it1.id"], "Sort Method": "quicksort", "Sort Space Min Used": 25, "Sort Space Max Used": 25, "Sort Space Type": "Memory", "Plans": [{"Node Type": "Seq Scan", "Parent Relationship": "Outer", "Relation Name": "info_type", "Alias": "it1", "Startup Cost": 0.0, "Total Cost": 2.4, "Plan Rows": 1, "Plan Width": 4, "Actual Min Startup Time": 0.07, "Actual Max Startup Time": 0.07, "Actual Min Total Time": 0.073, "Actual Max Total Time": 0.073, "Filter": "((info)::text = 'budget'::text)", "Rows Removed by Filter": 111, "Actual Rows": 1}], "Actual Rows": 1}, {"Node Type": "Sort", "Parent Relationship": "Inner", "Startup Cost": 79372.43, "Total Cost": 79376.34, "Plan Rows": 1561, "Plan Width": 54, "Actual Min Startup Time": 514.336, "Actual Max Startup Time": 514.336, "Actual Min Total Time": 525.763, "Actual Max Total Time": 525.763, "Sort Key": ["mi.info_type_id"], "Sort Method": "quicksort", "Sort Space Min Used": 22583, "Sort Space Max Used": 22583, "Sort Space Type": "Memory", "Plans": [{"Node Type": "Nested Loop", "Parent Relationship": "Outer", "Join Type": "Inner", "Startup Cost": 4.77, "Total Cost": 79289.64, "Plan Rows": 1561, "Plan Width": 54, "Actual Min Startup Time": 135.736, "Actual Max Startup Time": 135.736, "Actual Min Total Time": 479.099, "Actual Max Total Time": 479.099, "Inner Unique": false, "Plans": [{"Node Type": "Nested Loop", "Parent Relationship": "Outer", "Join Type": "Inner", "Startup Cost": 4.39, "Total Cost": 77967.24, "Plan Rows": 294, "Plan Width": 4, "Actual Min Startup Time": 135.699, "Actual Max Startup Time": 135.699, "Actual Min Total Time": 306.52, "Actual Max Total Time": 306.52, "Inner Unique": false, "Plans": [{"Node Type": "Streaming(type: LOCAL GATHER dop: 1/64)", "Parent Relationship": "Outer", "Startup Cost": 0.0, "Total Cost": 64783.4, "Plan Rows": 173, "Plan Width": 4, "Actual Min Startup Time": 135.467, "Actual Max Startup Time": 135.467, "Actual Min Total Time": 157.639, "Actual Max Total Time": 157.639, "Plans": [{"Node Type": "Seq Scan", "Parent Relationship": "Outer", "Relation Name": "name", "Alias": "n", "Startup Cost": 0.0, "Total Cost": 64779.83, "Plan Rows": 173, "Plan Width": 4, "Actual Min Startup Time": 0.029, "Actual Max Startup Time": 0.858, "Actual Min Total Time": 25.552, "Actual Max Total Time": 30.113, "Filter": "(((name)::text ~~ '%Tim%'::text) AND ((gender)::text = 'm'::text))", "Rows Removed by Filter": 4158428, "Actual Rows": 9062}], "Actual Rows": 9062}, {"Node Type": "Bitmap Heap Scan", "Parent Relationship": "Inner", "Relation Name": "cast_info", "Alias": "ci", "Startup Cost": 4.39, "Total Cost": 76.19, "Plan Rows": 2, "Plan Width": 8, "Actual Min Startup Time": 120.4, "Actual Max Startup Time": 120.4, "Actual Min Total Time": 136.395, "Actual Max Total Time": 136.395, "Recheck Cond": "(person_id = n.id)", "Rows Removed by Index Recheck": 0, "Filter": "((note)::text = ANY ('{(producer),\"(executive producer)\"}'::text[]))", "Rows Removed by Filter": 89309, "Exact Heap Blocks": 13336, "Lossy Heap Blocks": 13336, "Plans": [{"Node Type": "Bitmap Index Scan", "Parent Relationship": "Outer", "Index Name": "person_id_cast_info", "Startup Cost": 0.0, "Total Cost": 4.38, "Plan Rows": 18, "Plan Width": 0, "Actual Min Startup Time": 50.962, "Actual Max Startup Time": 50.962, "Actual Min Total Time": 50.962, "Actual Max Total Time": 50.962, "Index Cond": "(person_id = n.id)", "Actual Rows": 96028}], "Actual Rows": 6719}], "Actual Rows": 6719}, {"Node Type": "Bitmap Heap Scan", "Parent Relationship": "Inner", "Relation Name": "movie_info", "Alias": "mi", "Startup Cost": 0.39, "Total Cost": 4.45, "Plan Rows": 5, "Plan Width": 50, "Actual Min Startup Time": 61.878, "Actual Max Startup Time": 61.878, "Actual Min Total Time": 144.348, "Actual Max Total Time": 144.348, "Recheck Cond": "(movie_id = ci.movie_id)", "Rows Removed by Index Recheck": 0, "Exact Heap Blocks": 40013, "Lossy Heap Blocks": 40013, "Plans": [{"Node Type": "Bitmap Index Scan", "Parent Relationship": "Outer", "Index Name": "movie_id_movie_info", "Startup Cost": 0.0, "Total Cost": 0.38, "Plan Rows": 5, "Plan Width": 0, "Actual Min Startup Time": 42.969, "Actual Max Startup Time": 42.969, "Actual Min Total Time": 42.969, "Actual Max Total Time": 42.969, "Index Cond": "(movie_id = ci.movie_id)", "Actual Rows": 95896}], "Actual Rows": 95896}], "Actual Rows": 95896}], "Actual Rows": 87267}], "Actual Rows": 699}, {"Node Type": "Bitmap Heap Scan", "Parent Relationship": "Inner", "Relation Name": "movie_info_idx", "Alias": "mi_idx", "Startup Cost": 0.27, "Total Cost": 4.29, "Plan Rows": 2, "Plan Width": 13, "Actual Min Startup Time": 5.196, "Actual Max Startup Time": 5.196, "Actual Min Total Time": 5.39, "Actual Max Total Time": 5.39, "Recheck Cond": "(movie_id = mi.movie_id)", "Rows Removed by Index Recheck": 0, "Exact Heap Blocks": 419, "Lossy Heap Blocks": 419, "Plans": [{"Node Type": "Bitmap Index Scan", "Parent Relationship": "Outer", "Index Name": "movie_id_movie_info_idx", "Startup Cost": 0.0, "Total Cost": 0.27, "Plan Rows": 2, "Plan Width": 0, "Actual Min Startup Time": 3.688, "Actual Max Startup Time": 3.688, "Actual Min Total Time": 3.688, "Actual Max Total Time": 3.688, "Index Cond": "(movie_id = mi.movie_id)", "Actual Rows": 1235}], "Actual Rows": 1235}], "Actual Rows": 1235}], "Actual Rows": 821}], "Actual Rows": 410}, {"Node Type": "Bitmap Heap Scan", "Parent Relationship": "Inner", "Relation Name": "title", "Alias": "t", "Startup Cost": 0.26, "Total Cost": 4.27, "Plan Rows": 1, "Plan Width": 21, "Actual Min Startup Time": 3.474, "Actual Max Startup Time": 3.474, "Actual Min Total Time": 3.474, "Actual Max Total Time": 3.474, "Recheck Cond": "(id = mi.movie_id)", "Rows Removed by Index Recheck": 0, "Exact Heap Blocks": 410, "Lossy Heap Blocks": 410, "Plans": [{"Node Type": "Bitmap Index Scan", "Parent Relationship": "Outer", "Index Name": "title_pkey", "Startup Cost": 0.0, "Total Cost": 0.26, "Plan Rows": 1, "Plan Width": 0, "Actual Min Startup Time": 2.18, "Actual Max Startup Time": 2.18, "Actual Min Total Time": 2.18, "Actual Max Total Time": 2.18, "Index Cond": "(id = mi.movie_id)", "Actual Rows": 410}], "Actual Rows": 410}], "Actual Rows": 410}], "Actual Rows": 1}, "Triggers": [], "Planner Runtime": 27.305, "Total Runtime": 565.919, "Unique SQL Id": 4264520866}}, "(64, '83')": {"explain_plan": {"Plan": {"Node Type": "Aggregate", "Strategy": "Plain", "Startup Cost": 212305.8, "Total Cost": 212305.81, "Plan Rows": 1, "Plan Width": 160, "Plans": [{"Node Type": "Nested Loop", "Parent Relationship": "Outer", "Join Type": "Inner", "Startup Cost": 212267.2, "Total Cost": 212305.73, "Plan Rows": 9, "Plan Width": 64, "Inner Unique": true, "Plans": [{"Node Type": "Merge Join", "Parent Relationship": "Outer", "Join Type": "Inner", "Startup Cost": 212266.94, "Total Cost": 212267.19, "Plan Rows": 9, "Plan Width": 59, "Inner Unique": false, "Merge Cond": "(it2.id = mi_idx.info_type_id)", "Plans": [{"Node Type": "Sort", "Parent Relationship": "Outer", "Startup Cost": 14.22, "Total Cost": 14.23, "Plan Rows": 1, "Plan Width": 4, "Sort Key": ["it2.id"], "Plans": [{"Node Type": "Bitmap Heap Scan", "Parent Relationship": "Outer", "Relation Name": "info_type", "Alias": "it2", "Startup Cost": 8.81, "Total Cost": 14.21, "Plan Rows": 1, "Plan Width": 4, "Filter": "((info)::text = 'votes'::text)", "Plans": [{"Node Type": "Bitmap Index Scan", "Parent Relationship": "Outer", "Index Name": "info_type_pkey", "Startup Cost": 0.0, "Total Cost": 8.81, "Plan Rows": 112, "Plan Width": 0}]}]}, {"Node Type": "Sort", "Parent Relationship": "Inner", "Startup Cost": 212252.71, "Total Cost": 212252.8, "Plan Rows": 34, "Plan Width": 63, "Sort Key": ["mi_idx.info_type_id"], "Plans": [{"Node Type": "Nested Loop", "Parent Relationship": "Outer", "Join Type": "Inner", "Startup Cost": 211671.04, "Total Cost": 212251.85, "Plan Rows": 34, "Plan Width": 63, "Inner Unique": false, "Plans": [{"Node Type": "Merge Join", "Parent Relationship": "Outer", "Join Type": "Inner", "Startup Cost": 211670.77, "Total Cost": 211678.38, "Plan Rows": 133, "Plan Width": 50, "Inner Unique": false, "Merge Cond": "(it1.id = mi.info_type_id)", "Plans": [{"Node Type": "Sort", "Parent Relationship": "Outer", "Startup Cost": 14.22, "Total Cost": 14.23, "Plan Rows": 1, "Plan Width": 4, "Sort Key": ["it1.id"], "Plans": [{"Node Type": "Bitmap Heap Scan", "Parent Relationship": "Outer", "Relation Name": "info_type", "Alias": "it1", "Startup Cost": 8.81, "Total Cost": 14.21, "Plan Rows": 1, "Plan Width": 4, "Filter": "((info)::text = 'budget'::text)", "Plans": [{"Node Type": "Bitmap Index Scan", "Parent Relationship": "Outer", "Index Name": "info_type_pkey", "Startup Cost": 0.0, "Total Cost": 8.81, "Plan Rows": 112, "Plan Width": 0}]}]}, {"Node Type": "Sort", "Parent Relationship": "Inner", "Startup Cost": 211656.13, "Total Cost": 211660.03, "Plan Rows": 1561, "Plan Width": 54, "Sort Key": ["mi.info_type_id"], "Plans": [{"Node Type": "Nested Loop", "Parent Relationship": "Outer", "Join Type": "Inner", "Startup Cost": 83162.51, "Total Cost": 211573.33, "Plan Rows": 1561, "Plan Width": 54, "Inner Unique": false, "Plans": [{"Node Type": "Nested Loop", "Parent Relationship": "Outer", "Join Type": "Inner", "Startup Cost": 83162.13, "Total Cost": 210250.93, "Plan Rows": 294, "Plan Width": 4, "Inner Unique": false, "Plans": [{"Node Type": "Bitmap Heap Scan", "Parent Relationship": "Outer", "Relation Name": "name", "Alias": "n", "Startup Cost": 83157.74, "Total Cost": 197067.09, "Plan Rows": 173, "Plan Width": 4, "Filter": "(((name)::text ~~ '%Tim%'::text) AND ((gender)::text = 'm'::text))", "Plans": [{"Node Type": "Bitmap Index Scan", "Parent Relationship": "Outer", "Index Name": "name_pkey", "Startup Cost": 0.0, "Total Cost": 83157.7, "Plan Rows": 4167490, "Plan Width": 0}]}, {"Node Type": "Bitmap Heap Scan", "Parent Relationship": "Inner", "Relation Name": "cast_info", "Alias": "ci", "Startup Cost": 4.39, "Total Cost": 76.19, "Plan Rows": 2, "Plan Width": 8, "Recheck Cond": "(person_id = n.id)", "Filter": "((note)::text = ANY ('{(producer),\"(executive producer)\"}'::text[]))", "Plans": [{"Node Type": "Bitmap Index Scan", "Parent Relationship": "Outer", "Index Name": "person_id_cast_info", "Startup Cost": 0.0, "Total Cost": 4.38, "Plan Rows": 18, "Plan Width": 0, "Index Cond": "(person_id = n.id)"}]}]}, {"Node Type": "Bitmap Heap Scan", "Parent Relationship": "Inner", "Relation Name": "movie_info", "Alias": "mi", "Startup Cost": 0.39, "Total Cost": 4.45, "Plan Rows": 5, "Plan Width": 50, "Recheck Cond": "(movie_id = ci.movie_id)", "Plans": [{"Node Type": "Bitmap Index Scan", "Parent Relationship": "Outer", "Index Name": "movie_id_movie_info", "Startup Cost": 0.0, "Total Cost": 0.38, "Plan Rows": 5, "Plan Width": 0, "Index Cond": "(movie_id = ci.movie_id)"}]}]}]}]}, {"Node Type": "Bitmap Heap Scan", "Parent Relationship": "Inner", "Relation Name": "movie_info_idx", "Alias": "mi_idx", "Startup Cost": 0.27, "Total Cost": 4.29, "Plan Rows": 2, "Plan Width": 13, "Recheck Cond": "(movie_id = mi.movie_id)", "Plans": [{"Node Type": "Bitmap Index Scan", "Parent Relationship": "Outer", "Index Name": "movie_id_movie_info_idx", "Startup Cost": 0.0, "Total Cost": 0.27, "Plan Rows": 2, "Plan Width": 0, "Index Cond": "(movie_id = mi.movie_id)"}]}]}]}]}, {"Node Type": "Bitmap Heap Scan", "Parent Relationship": "Inner", "Relation Name": "title", "Alias": "t", "Startup Cost": 0.26, "Total Cost": 4.27, "Plan Rows": 1, "Plan Width": 21, "Recheck Cond": "(id = mi.movie_id)", "Plans": [{"Node Type": "Bitmap Index Scan", "Parent Relationship": "Outer", "Index Name": "title_pkey", "Startup Cost": 0.0, "Total Cost": 0.26, "Plan Rows": 1, "Plan Width": 0, "Index Cond": "(id = mi.movie_id)"}]}]}]}, "Unique SQL Id": 4264520866, "Planner Runtime": 26}, "explain_analyze_plan": null}, "(64, '84')": {"explain_plan": {"Plan": {"Node Type": "Aggregate", "Strategy": "Plain", "Startup Cost": 72541.42, "Total Cost": 72541.43, "Plan Rows": 1, "Plan Width": 160, "Plans": [{"Node Type": "Nested Loop", "Parent Relationship": "Outer", "Join Type": "Inner", "Startup Cost": 0.0, "Total Cost": 72541.36, "Plan Rows": 9, "Plan Width": 64, "Inner Unique": true, "Plans": [{"Node Type": "Nested Loop", "Parent Relationship": "Outer", "Join Type": "Inner", "Startup Cost": 0.0, "Total Cost": 72538.73, "Plan Rows": 9, "Plan Width": 59, "Inner Unique": true, "Plans": [{"Node Type": "Nested Loop", "Parent Relationship": "Outer", "Join Type": "Inner", "Startup Cost": 0.0, "Total Cost": 72459.91, "Plan Rows": 279, "Plan Width": 63, "Inner Unique": false, "Join Filter": "(mi_idx.movie_id = mi.movie_id)", "Plans": [{"Node Type": "Nested Loop", "Parent Relationship": "Outer", "Join Type": "Inner", "Startup Cost": 0.0, "Total Cost": 72420.31, "Plan Rows": 52, "Plan Width": 13, "Inner Unique": true, "Plans": [{"Node Type": "Nested Loop", "Parent Relationship": "Outer", "Join Type": "Inner", "Startup Cost": 0.0, "Total Cost": 72322.56, "Plan Rows": 346, "Plan Width": 17, "Inner Unique": false, "Plans": [{"Node Type": "Nested Loop", "Parent Relationship": "Outer", "Join Type": "Inner", "Startup Cost": 0.0, "Total Cost": 72225.77, "Plan Rows": 294, "Plan Width": 4, "Inner Unique": false, "Plans": [{"Node Type": "Streaming(type: LOCAL GATHER dop: 1/64)", "Parent Relationship": "Outer", "Startup Cost": 0.0, "Total Cost": 64783.4, "Plan Rows": 173, "Plan Width": 4, "Plans": [{"Node Type": "Seq Scan", "Parent Relationship": "Outer", "Relation Name": "name", "Alias": "n", "Startup Cost": 0.0, "Total Cost": 64779.83, "Plan Rows": 173, "Plan Width": 4, "Filter": "(((name)::text ~~ '%Tim%'::text) AND ((gender)::text = 'm'::text))"}]}, {"Node Type": "Index Scan", "Parent Relationship": "Inner", "Scan Direction": "Forward", "Index Name": "person_id_cast_info", "Relation Name": "cast_info", "Alias": "ci", "Startup Cost": 0.0, "Total Cost": 43.0, "Plan Rows": 2, "Plan Width": 8, "Index Cond": "(person_id = n.id)", "Filter": "((note)::text = ANY ('{(producer),\"(executive producer)\"}'::text[]))"}]}, {"Node Type": "Index Scan", "Parent Relationship": "Inner", "Scan Direction": "Forward", "Index Name": "movie_id_movie_info_idx", "Relation Name": "movie_info_idx", "Alias": "mi_idx", "Startup Cost": 0.0, "Total Cost": 0.31, "Plan Rows": 2, "Plan Width": 13, "Index Cond": "(movie_id = ci.movie_id)"}]}, {"Node Type": "Index Scan", "Parent Relationship": "Inner", "Scan Direction": "Forward", "Index Name": "info_type_pkey", "Relation Name": "info_type", "Alias": "it2", "Startup Cost": 0.0, "Total Cost": 0.27, "Plan Rows": 1, "Plan Width": 4, "Index Cond": "(id = mi_idx.info_type_id)", "Filter": "((info)::text = 'votes'::text)"}]}, {"Node Type": "Index Scan", "Parent Relationship": "Inner", "Scan Direction": "Forward", "Index Name": "movie_id_movie_info", "Relation Name": "movie_info", "Alias": "mi", "Startup Cost": 0.0, "Total Cost": 0.7, "Plan Rows": 5, "Plan Width": 50, "Index Cond": "(movie_id = ci.movie_id)"}]}, {"Node Type": "Index Scan", "Parent Relationship": "Inner", "Scan Direction": "Forward", "Index Name": "info_type_pkey", "Relation Name": "info_type", "Alias": "it1", "Startup Cost": 0.0, "Total Cost": 0.27, "Plan Rows": 1, "Plan Width": 4, "Index Cond": "(id = mi.info_type_id)", "Filter": "((info)::text = 'budget'::text)"}]}, {"Node Type": "Index Scan", "Parent Relationship": "Inner", "Scan Direction": "Forward", "Index Name": "title_pkey", "Relation Name": "title", "Alias": "t", "Startup Cost": 0.0, "Total Cost": 0.28, "Plan Rows": 1, "Plan Width": 21, "Index Cond": "(id = mi.movie_id)"}]}]}, "Unique SQL Id": 4264520866, "Planner Runtime": 28}, "explain_analyze_plan": {"Plan": {"Node Type": "Aggregate", "Strategy": "Plain", "Startup Cost": 72541.42, "Total Cost": 72541.43, "Plan Rows": 1, "Plan Width": 160, "Actual Min Startup Time": 573.381, "Actual Max Startup Time": 573.381, "Actual Min Total Time": 573.381, "Actual Max Total Time": 573.381, "Plans": [{"Node Type": "Nested Loop", "Parent Relationship": "Outer", "Join Type": "Inner", "Startup Cost": 0.0, "Total Cost": 72541.36, "Plan Rows": 9, "Plan Width": 64, "Actual Min Startup Time": 45.785, "Actual Max Startup Time": 45.785, "Actual Min Total Time": 572.643, "Actual Max Total Time": 572.643, "Inner Unique": true, "Plans": [{"Node Type": "Nested Loop", "Parent Relationship": "Outer", "Join Type": "Inner", "Startup Cost": 0.0, "Total Cost": 72538.73, "Plan Rows": 9, "Plan Width": 59, "Actual Min Startup Time": 45.765, "Actual Max Startup Time": 45.765, "Actual Min Total Time": 568.394, "Actual Max Total Time": 568.394, "Inner Unique": true, "Plans": [{"Node Type": "Nested Loop", "Parent Relationship": "Outer", "Join Type": "Inner", "Startup Cost": 0.0, "Total Cost": 72459.91, "Plan Rows": 279, "Plan Width": 63, "Actual Min Startup Time": 44.388, "Actual Max Startup Time": 44.388, "Actual Min Total Time": 387.406, "Actual Max Total Time": 387.406, "Inner Unique": false, "Join Filter": "(mi_idx.movie_id = mi.movie_id)", "Rows Removed by Join Filter": 0, "Plans": [{"Node Type": "Nested Loop", "Parent Relationship": "Outer", "Join Type": "Inner", "Startup Cost": 0.0, "Total Cost": 72420.31, "Plan Rows": 52, "Plan Width": 13, "Actual Min Startup Time": 44.366, "Actual Max Startup Time": 44.366, "Actual Min Total Time": 259.543, "Actual Max Total Time": 259.543, "Inner Unique": true, "Plans": [{"Node Type": "Nested Loop", "Parent Relationship": "Outer", "Join Type": "Inner", "Startup Cost": 0.0, "Total Cost": 72322.56, "Plan Rows": 346, "Plan Width": 17, "Actual Min Startup Time": 44.342, "Actual Max Startup Time": 44.342, "Actual Min Total Time": 234.278, "Actual Max Total Time": 234.278, "Inner Unique": false, "Plans": [{"Node Type": "Nested Loop", "Parent Relationship": "Outer", "Join Type": "Inner", "Startup Cost": 0.0, "Total Cost": 72225.77, "Plan Rows": 294, "Plan Width": 4, "Actual Min Startup Time": 44.321, "Actual Max Startup Time": 44.321, "Actual Min Total Time": 196.155, "Actual Max Total Time": 196.155, "Inner Unique": false, "Plans": [{"Node Type": "Streaming(type: LOCAL GATHER dop: 1/64)", "Parent Relationship": "Outer", "Startup Cost": 0.0, "Total Cost": 64783.4, "Plan Rows": 173, "Plan Width": 4, "Actual Min Startup Time": 44.106, "Actual Max Startup Time": 44.106, "Actual Min Total Time": 64.335, "Actual Max Total Time": 64.335, "Plans": [{"Node Type": "Seq Scan", "Parent Relationship": "Outer", "Relation Name": "name", "Alias": "n", "Startup Cost": 0.0, "Total Cost": 64779.83, "Plan Rows": 173, "Plan Width": 4, "Actual Min Startup Time": 0.03, "Actual Max Startup Time": 0.853, "Actual Min Total Time": 25.362, "Actual Max Total Time": 29.486, "Filter": "(((name)::text ~~ '%Tim%'::text) AND ((gender)::text = 'm'::text))", "Rows Removed by Filter": 4158428, "Actual Rows": 9062}], "Actual Rows": 9062}, {"Node Type": "Index Scan", "Parent Relationship": "Inner", "Scan Direction": "Forward", "Index Name": "person_id_cast_info", "Relation Name": "cast_info", "Alias": "ci", "Startup Cost": 0.0, "Total Cost": 43.0, "Plan Rows": 2, "Plan Width": 8, "Actual Min Startup Time": 105.918, "Actual Max Startup Time": 105.918, "Actual Min Total Time": 125.274, "Actual Max Total Time": 125.274, "Index Cond": "(person_id = n.id)", "Rows Removed by Index Recheck": 0, "Filter": "((note)::text = ANY ('{(producer),\"(executive producer)\"}'::text[]))", "Rows Removed by Filter": 89309, "Actual Rows": 6719}], "Actual Rows": 6719}, {"Node Type": "Index Scan", "Parent Relationship": "Inner", "Scan Direction": "Forward", "Index Name": "movie_id_movie_info_idx", "Relation Name": "movie_info_idx", "Alias": "mi_idx", "Startup Cost": 0.0, "Total Cost": 0.31, "Plan Rows": 2, "Plan Width": 13, "Actual Min Startup Time": 28.109, "Actual Max Startup Time": 28.109, "Actual Min Total Time": 32.173, "Actual Max Total Time": 32.173, "Index Cond": "(movie_id = ci.movie_id)", "Rows Removed by Index Recheck": 0, "Actual Rows": 10310}], "Actual Rows": 10310}, {"Node Type": "Index Scan", "Parent Relationship": "Inner", "Scan Direction": "Forward", "Index Name": "info_type_pkey", "Relation Name": "info_type", "Alias": "it2", "Startup Cost": 0.0, "Total Cost": 0.27, "Plan Rows": 1, "Plan Width": 4, "Actual Min Startup Time": 19.363, "Actual Max Startup Time": 19.363, "Actual Min Total Time": 19.363, "Actual Max Total Time": 19.363, "Index Cond": "(id = mi_idx.info_type_id)", "Rows Removed by Index Recheck": 0, "Filter": "((info)::text = 'votes'::text)", "Rows Removed by Filter": 6875, "Actual Rows": 3435}], "Actual Rows": 3435}, {"Node Type": "Index Scan", "Parent Relationship": "Inner", "Scan Direction": "Forward", "Index Name": "movie_id_movie_info", "Relation Name": "movie_info", "Alias": "mi", "Startup Cost": 0.0, "Total Cost": 0.7, "Plan Rows": 5, "Plan Width": 50, "Actual Min Startup Time": 23.918, "Actual Max Startup Time": 23.918, "Actual Min Total Time": 96.392, "Actual Max Total Time": 96.392, "Index Cond": "(movie_id = ci.movie_id)", "Rows Removed by Index Recheck": 0, "Actual Rows": 82408}], "Actual Rows": 82408}, {"Node Type": "Index Scan", "Parent Relationship": "Inner", "Scan Direction": "Forward", "Index Name": "info_type_pkey", "Relation Name": "info_type", "Alias": "it1", "Startup Cost": 0.0, "Total Cost": 0.27, "Plan Rows": 1, "Plan Width": 4, "Actual Min Startup Time": 142.438, "Actual Max Startup Time": 142.438, "Actual Min Total Time": 142.438, "Actual Max Total Time": 142.438, "Index Cond": "(id = mi.info_type_id)", "Rows Removed by Index Recheck": 0, "Filter": "((info)::text = 'budget'::text)", "Rows Removed by Filter": 79844, "Actual Rows": 410}], "Actual Rows": 410}, {"Node Type": "Index Scan", "Parent Relationship": "Inner", "Scan Direction": "Forward", "Index Name": "title_pkey", "Relation Name": "title", "Alias": "t", "Startup Cost": 0.0, "Total Cost": 0.28, "Plan Rows": 1, "Plan Width": 21, "Actual Min Startup Time": 3.639, "Actual Max Startup Time": 3.639, "Actual Min Total Time": 3.639, "Actual Max Total Time": 3.639, "Index Cond": "(id = mi.movie_id)", "Rows Removed by Index Recheck": 0, "Actual Rows": 410}], "Actual Rows": 410}], "Actual Rows": 1}, "Triggers": [], "Planner Runtime": 28.452, "Total Runtime": 584.89, "Unique SQL Id": 4264520866}}, "(64, '85')": {"explain_plan": {"Plan": {"Node Type": "Aggregate", "Strategy": "Plain", "Startup Cost": 204828.22, "Total Cost": 204828.23, "Plan Rows": 1, "Plan Width": 160, "Plans": [{"Node Type": "Nested Loop", "Parent Relationship": "Outer", "Join Type": "Inner", "Startup Cost": 0.0, "Total Cost": 204828.15, "Plan Rows": 9, "Plan Width": 64, "Inner Unique": true, "Plans": [{"Node Type": "Nested Loop", "Parent Relationship": "Outer", "Join Type": "Inner", "Startup Cost": 0.0, "Total Cost": 204825.52, "Plan Rows": 9, "Plan Width": 59, "Inner Unique": true, "Plans": [{"Node Type": "Nested Loop", "Parent Relationship": "Outer", "Join Type": "Inner", "Startup Cost": 0.0, "Total Cost": 204746.71, "Plan Rows": 279, "Plan Width": 63, "Inner Unique": false, "Join Filter": "(mi_idx.movie_id = mi.movie_id)", "Plans": [{"Node Type": "Nested Loop", "Parent Relationship": "Outer", "Join Type": "Inner", "Startup Cost": 0.0, "Total Cost": 204707.1, "Plan Rows": 52, "Plan Width": 13, "Inner Unique": true, "Plans": [{"Node Type": "Nested Loop", "Parent Relationship": "Outer", "Join Type": "Inner", "Startup Cost": 0.0, "Total Cost": 204609.36, "Plan Rows": 346, "Plan Width": 17, "Inner Unique": false, "Plans": [{"Node Type": "Nested Loop", "Parent Relationship": "Outer", "Join Type": "Inner", "Startup Cost": 0.0, "Total Cost": 204512.56, "Plan Rows": 294, "Plan Width": 4, "Inner Unique": false, "Plans": [{"Node Type": "Index Scan", "Parent Relationship": "Outer", "Scan Direction": "Forward", "Index Name": "name_pkey", "Relation Name": "name", "Alias": "n", "Startup Cost": 0.0, "Total Cost": 197070.2, "Plan Rows": 173, "Plan Width": 4, "Filter": "(((name)::text ~~ '%Tim%'::text) AND ((gender)::text = 'm'::text))"}, {"Node Type": "Index Scan", "Parent Relationship": "Inner", "Scan Direction": "Forward", "Index Name": "person_id_cast_info", "Relation Name": "cast_info", "Alias": "ci", "Startup Cost": 0.0, "Total Cost": 43.0, "Plan Rows": 2, "Plan Width": 8, "Index Cond": "(person_id = n.id)", "Filter": "((note)::text = ANY ('{(producer),\"(executive producer)\"}'::text[]))"}]}, {"Node Type": "Index Scan", "Parent Relationship": "Inner", "Scan Direction": "Forward", "Index Name": "movie_id_movie_info_idx", "Relation Name": "movie_info_idx", "Alias": "mi_idx", "Startup Cost": 0.0, "Total Cost": 0.31, "Plan Rows": 2, "Plan Width": 13, "Index Cond": "(movie_id = ci.movie_id)"}]}, {"Node Type": "Index Scan", "Parent Relationship": "Inner", "Scan Direction": "Forward", "Index Name": "info_type_pkey", "Relation Name": "info_type", "Alias": "it2", "Startup Cost": 0.0, "Total Cost": 0.27, "Plan Rows": 1, "Plan Width": 4, "Index Cond": "(id = mi_idx.info_type_id)", "Filter": "((info)::text = 'votes'::text)"}]}, {"Node Type": "Index Scan", "Parent Relationship": "Inner", "Scan Direction": "Forward", "Index Name": "movie_id_movie_info", "Relation Name": "movie_info", "Alias": "mi", "Startup Cost": 0.0, "Total Cost": 0.7, "Plan Rows": 5, "Plan Width": 50, "Index Cond": "(movie_id = ci.movie_id)"}]}, {"Node Type": "Index Scan", "Parent Relationship": "Inner", "Scan Direction": "Forward", "Index Name": "info_type_pkey", "Relation Name": "info_type", "Alias": "it1", "Startup Cost": 0.0, "Total Cost": 0.27, "Plan Rows": 1, "Plan Width": 4, "Index Cond": "(id = mi.info_type_id)", "Filter": "((info)::text = 'budget'::text)"}]}, {"Node Type": "Index Scan", "Parent Relationship": "Inner", "Scan Direction": "Forward", "Index Name": "title_pkey", "Relation Name": "title", "Alias": "t", "Startup Cost": 0.0, "Total Cost": 0.28, "Plan Rows": 1, "Plan Width": 21, "Index Cond": "(id = mi.movie_id)"}]}]}, "Unique SQL Id": 4264520866, "Planner Runtime": 26}, "explain_analyze_plan": null}, "(64, '86')": {"explain_plan": {"Plan": {"Node Type": "Aggregate", "Strategy": "Plain", "Startup Cost": 79998.49, "Total Cost": 79998.5, "Plan Rows": 1, "Plan Width": 160, "Plans": [{"Node Type": "Nested Loop", "Parent Relationship": "Outer", "Join Type": "Inner", "Startup Cost": 79959.89, "Total Cost": 79998.42, "Plan Rows": 9, "Plan Width": 64, "Inner Unique": true, "Plans": [{"Node Type": "Merge Join", "Parent Relationship": "Outer", "Join Type": "Inner", "Startup Cost": 79959.63, "Total Cost": 79959.88, "Plan Rows": 9, "Plan Width": 59, "Inner Unique": false, "Merge Cond": "(it2.id = mi_idx.info_type_id)", "Plans": [{"Node Type": "Sort", "Parent Relationship": "Outer", "Startup Cost": 2.41, "Total Cost": 2.42, "Plan Rows": 1, "Plan Width": 4, "Sort Key": ["it2.id"], "Plans": [{"Node Type": "Seq Scan", "Parent Relationship": "Outer", "Relation Name": "info_type", "Alias": "it2", "Startup Cost": 0.0, "Total Cost": 2.4, "Plan Rows": 1, "Plan Width": 4, "Filter": "((info)::text = 'votes'::text)"}]}, {"Node Type": "Sort", "Parent Relationship": "Inner", "Startup Cost": 79957.21, "Total Cost": 79957.3, "Plan Rows": 34, "Plan Width": 63, "Sort Key": ["mi_idx.info_type_id"], "Plans": [{"Node Type": "Nested Loop", "Parent Relationship": "Outer", "Join Type": "Inner", "Startup Cost": 79375.54, "Total Cost": 79956.35, "Plan Rows": 34, "Plan Width": 63, "Inner Unique": false, "Plans": [{"Node Type": "Merge Join", "Parent Relationship": "Outer", "Join Type": "Inner", "Startup Cost": 79375.27, "Total Cost": 79382.88, "Plan Rows": 133, "Plan Width": 50, "Inner Unique": false, "Merge Cond": "(it1.id = mi.info_type_id)", "Plans": [{"Node Type": "Sort", "Parent Relationship": "Outer", "Startup Cost": 2.41, "Total Cost": 2.42, "Plan Rows": 1, "Plan Width": 4, "Sort Key": ["it1.id"], "Plans": [{"Node Type": "Seq Scan", "Parent Relationship": "Outer", "Relation Name": "info_type", "Alias": "it1", "Startup Cost": 0.0, "Total Cost": 2.4, "Plan Rows": 1, "Plan Width": 4, "Filter": "((info)::text = 'budget'::text)"}]}, {"Node Type": "Sort", "Parent Relationship": "Inner", "Startup Cost": 79372.43, "Total Cost": 79376.34, "Plan Rows": 1561, "Plan Width": 54, "Sort Key": ["mi.info_type_id"], "Plans": [{"Node Type": "Nested Loop", "Parent Relationship": "Outer", "Join Type": "Inner", "Startup Cost": 4.77, "Total Cost": 79289.64, "Plan Rows": 1561, "Plan Width": 54, "Inner Unique": false, "Plans": [{"Node Type": "Nested Loop", "Parent Relationship": "Outer", "Join Type": "Inner", "Startup Cost": 4.39, "Total Cost": 77967.24, "Plan Rows": 294, "Plan Width": 4, "Inner Unique": false, "Plans": [{"Node Type": "Streaming(type: LOCAL GATHER dop: 1/64)", "Parent Relationship": "Outer", "Startup Cost": 0.0, "Total Cost": 64783.4, "Plan Rows": 173, "Plan Width": 4, "Plans": [{"Node Type": "Seq Scan", "Parent Relationship": "Outer", "Relation Name": "name", "Alias": "n", "Startup Cost": 0.0, "Total Cost": 64779.83, "Plan Rows": 173, "Plan Width": 4, "Filter": "(((name)::text ~~ '%Tim%'::text) AND ((gender)::text = 'm'::text))"}]}, {"Node Type": "Bitmap Heap Scan", "Parent Relationship": "Inner", "Relation Name": "cast_info", "Alias": "ci", "Startup Cost": 4.39, "Total Cost": 76.19, "Plan Rows": 2, "Plan Width": 8, "Recheck Cond": "(person_id = n.id)", "Filter": "((note)::text = ANY ('{(producer),\"(executive producer)\"}'::text[]))", "Plans": [{"Node Type": "Bitmap Index Scan", "Parent Relationship": "Outer", "Index Name": "person_id_cast_info", "Startup Cost": 0.0, "Total Cost": 4.38, "Plan Rows": 18, "Plan Width": 0, "Index Cond": "(person_id = n.id)"}]}]}, {"Node Type": "Bitmap Heap Scan", "Parent Relationship": "Inner", "Relation Name": "movie_info", "Alias": "mi", "Startup Cost": 0.39, "Total Cost": 4.45, "Plan Rows": 5, "Plan Width": 50, "Recheck Cond": "(movie_id = ci.movie_id)", "Plans": [{"Node Type": "Bitmap Index Scan", "Parent Relationship": "Outer", "Index Name": "movie_id_movie_info", "Startup Cost": 0.0, "Total Cost": 0.38, "Plan Rows": 5, "Plan Width": 0, "Index Cond": "(movie_id = ci.movie_id)"}]}]}]}]}, {"Node Type": "Bitmap Heap Scan", "Parent Relationship": "Inner", "Relation Name": "movie_info_idx", "Alias": "mi_idx", "Startup Cost": 0.27, "Total Cost": 4.29, "Plan Rows": 2, "Plan Width": 13, "Recheck Cond": "(movie_id = mi.movie_id)", "Plans": [{"Node Type": "Bitmap Index Scan", "Parent Relationship": "Outer", "Index Name": "movie_id_movie_info_idx", "Startup Cost": 0.0, "Total Cost": 0.27, "Plan Rows": 2, "Plan Width": 0, "Index Cond": "(movie_id = mi.movie_id)"}]}]}]}]}, {"Node Type": "Bitmap Heap Scan", "Parent Relationship": "Inner", "Relation Name": "title", "Alias": "t", "Startup Cost": 0.26, "Total Cost": 4.27, "Plan Rows": 1, "Plan Width": 21, "Recheck Cond": "(id = mi.movie_id)", "Plans": [{"Node Type": "Bitmap Index Scan", "Parent Relationship": "Outer", "Index Name": "title_pkey", "Startup Cost": 0.0, "Total Cost": 0.26, "Plan Rows": 1, "Plan Width": 0, "Index Cond": "(id = mi.movie_id)"}]}]}]}, "Unique SQL Id": 4264520866, "Planner Runtime": 27}, "explain_analyze_plan": {"Plan": {"Node Type": "Aggregate", "Strategy": "Plain", "Startup Cost": 79998.49, "Total Cost": 79998.5, "Plan Rows": 1, "Plan Width": 160, "Actual Min Startup Time": 553.237, "Actual Max Startup Time": 553.237, "Actual Min Total Time": 553.238, "Actual Max Total Time": 553.238, "Plans": [{"Node Type": "Nested Loop", "Parent Relationship": "Outer", "Join Type": "Inner", "Startup Cost": 79959.89, "Total Cost": 79998.42, "Plan Rows": 9, "Plan Width": 64, "Actual Min Startup Time": 548.597, "Actual Max Startup Time": 548.597, "Actual Min Total Time": 552.82, "Actual Max Total Time": 552.82, "Inner Unique": true, "Plans": [{"Node Type": "Merge Join", "Parent Relationship": "Outer", "Join Type": "Inner", "Startup Cost": 79959.63, "Total Cost": 79959.88, "Plan Rows": 9, "Plan Width": 59, "Actual Min Startup Time": 548.568, "Actual Max Startup Time": 548.568, "Actual Min Total Time": 548.761, "Actual Max Total Time": 548.761, "Inner Unique": false, "Merge Cond": "(it2.id = mi_idx.info_type_id)", "Plans": [{"Node Type": "Sort", "Parent Relationship": "Outer", "Startup Cost": 2.41, "Total Cost": 2.42, "Plan Rows": 1, "Plan Width": 4, "Actual Min Startup Time": 0.136, "Actual Max Startup Time": 0.136, "Actual Min Total Time": 0.136, "Actual Max Total Time": 0.136, "Sort Key": ["it2.id"], "Sort Method": "quicksort", "Sort Space Min Used": 25, "Sort Space Max Used": 25, "Sort Space Type": "Memory", "Plans": [{"Node Type": "Seq Scan", "Parent Relationship": "Outer", "Relation Name": "info_type", "Alias": "it2", "Startup Cost": 0.0, "Total Cost": 2.4, "Plan Rows": 1, "Plan Width": 4, "Actual Min Startup Time": 0.094, "Actual Max Startup Time": 0.094, "Actual Min Total Time": 0.1, "Actual Max Total Time": 0.1, "Filter": "((info)::text = 'votes'::text)", "Rows Removed by Filter": 111, "Actual Rows": 1}], "Actual Rows": 1}, {"Node Type": "Sort", "Parent Relationship": "Inner", "Startup Cost": 79957.21, "Total Cost": 79957.3, "Plan Rows": 34, "Plan Width": 63, "Actual Min Startup Time": 548.316, "Actual Max Startup Time": 548.316, "Actual Min Total Time": 548.399, "Actual Max Total Time": 548.399, "Sort Key": ["mi_idx.info_type_id"], "Sort Method": "quicksort", "Sort Space Min Used": 167, "Sort Space Max Used": 167, "Sort Space Type": "Memory", "Plans": [{"Node Type": "Nested Loop", "Parent Relationship": "Outer", "Join Type": "Inner", "Startup Cost": 79375.54, "Total Cost": 79956.35, "Plan Rows": 34, "Plan Width": 63, "Actual Min Startup Time": 540.831, "Actual Max Startup Time": 540.831, "Actual Min Total Time": 547.772, "Actual Max Total Time": 547.772, "Inner Unique": false, "Plans": [{"Node Type": "Merge Join", "Parent Relationship": "Outer", "Join Type": "Inner", "Startup Cost": 79375.27, "Total Cost": 79382.88, "Plan Rows": 133, "Plan Width": 50, "Actual Min Startup Time": 540.782, "Actual Max Startup Time": 540.782, "Actual Min Total Time": 541.359, "Actual Max Total Time": 541.359, "Inner Unique": false, "Merge Cond": "(it1.id = mi.info_type_id)", "Plans": [{"Node Type": "Sort", "Parent Relationship": "Outer", "Startup Cost": 2.41, "Total Cost": 2.42, "Plan Rows": 1, "Plan Width": 4, "Actual Min Startup Time": 0.079, "Actual Max Startup Time": 0.079, "Actual Min Total Time": 0.079, "Actual Max Total Time": 0.079, "Sort Key": ["it1.id"], "Sort Method": "quicksort", "Sort Space Min Used": 25, "Sort Space Max Used": 25, "Sort Space Type": "Memory", "Plans": [{"Node Type": "Seq Scan", "Parent Relationship": "Outer", "Relation Name": "info_type", "Alias": "it1", "Startup Cost": 0.0, "Total Cost": 2.4, "Plan Rows": 1, "Plan Width": 4, "Actual Min Startup Time": 0.07, "Actual Max Startup Time": 0.07, "Actual Min Total Time": 0.073, "Actual Max Total Time": 0.073, "Filter": "((info)::text = 'budget'::text)", "Rows Removed by Filter": 111, "Actual Rows": 1}], "Actual Rows": 1}, {"Node Type": "Sort", "Parent Relationship": "Inner", "Startup Cost": 79372.43, "Total Cost": 79376.34, "Plan Rows": 1561, "Plan Width": 54, "Actual Min Startup Time": 514.336, "Actual Max Startup Time": 514.336, "Actual Min Total Time": 525.763, "Actual Max Total Time": 525.763, "Sort Key": ["mi.info_type_id"], "Sort Method": "quicksort", "Sort Space Min Used": 22583, "Sort Space Max Used": 22583, "Sort Space Type": "Memory", "Plans": [{"Node Type": "Nested Loop", "Parent Relationship": "Outer", "Join Type": "Inner", "Startup Cost": 4.77, "Total Cost": 79289.64, "Plan Rows": 1561, "Plan Width": 54, "Actual Min Startup Time": 135.736, "Actual Max Startup Time": 135.736, "Actual Min Total Time": 479.099, "Actual Max Total Time": 479.099, "Inner Unique": false, "Plans": [{"Node Type": "Nested Loop", "Parent Relationship": "Outer", "Join Type": "Inner", "Startup Cost": 4.39, "Total Cost": 77967.24, "Plan Rows": 294, "Plan Width": 4, "Actual Min Startup Time": 135.699, "Actual Max Startup Time": 135.699, "Actual Min Total Time": 306.52, "Actual Max Total Time": 306.52, "Inner Unique": false, "Plans": [{"Node Type": "Streaming(type: LOCAL GATHER dop: 1/64)", "Parent Relationship": "Outer", "Startup Cost": 0.0, "Total Cost": 64783.4, "Plan Rows": 173, "Plan Width": 4, "Actual Min Startup Time": 135.467, "Actual Max Startup Time": 135.467, "Actual Min Total Time": 157.639, "Actual Max Total Time": 157.639, "Plans": [{"Node Type": "Seq Scan", "Parent Relationship": "Outer", "Relation Name": "name", "Alias": "n", "Startup Cost": 0.0, "Total Cost": 64779.83, "Plan Rows": 173, "Plan Width": 4, "Actual Min Startup Time": 0.029, "Actual Max Startup Time": 0.858, "Actual Min Total Time": 25.552, "Actual Max Total Time": 30.113, "Filter": "(((name)::text ~~ '%Tim%'::text) AND ((gender)::text = 'm'::text))", "Rows Removed by Filter": 4158428, "Actual Rows": 9062}], "Actual Rows": 9062}, {"Node Type": "Bitmap Heap Scan", "Parent Relationship": "Inner", "Relation Name": "cast_info", "Alias": "ci", "Startup Cost": 4.39, "Total Cost": 76.19, "Plan Rows": 2, "Plan Width": 8, "Actual Min Startup Time": 120.4, "Actual Max Startup Time": 120.4, "Actual Min Total Time": 136.395, "Actual Max Total Time": 136.395, "Recheck Cond": "(person_id = n.id)", "Rows Removed by Index Recheck": 0, "Filter": "((note)::text = ANY ('{(producer),\"(executive producer)\"}'::text[]))", "Rows Removed by Filter": 89309, "Exact Heap Blocks": 13336, "Lossy Heap Blocks": 13336, "Plans": [{"Node Type": "Bitmap Index Scan", "Parent Relationship": "Outer", "Index Name": "person_id_cast_info", "Startup Cost": 0.0, "Total Cost": 4.38, "Plan Rows": 18, "Plan Width": 0, "Actual Min Startup Time": 50.962, "Actual Max Startup Time": 50.962, "Actual Min Total Time": 50.962, "Actual Max Total Time": 50.962, "Index Cond": "(person_id = n.id)", "Actual Rows": 96028}], "Actual Rows": 6719}], "Actual Rows": 6719}, {"Node Type": "Bitmap Heap Scan", "Parent Relationship": "Inner", "Relation Name": "movie_info", "Alias": "mi", "Startup Cost": 0.39, "Total Cost": 4.45, "Plan Rows": 5, "Plan Width": 50, "Actual Min Startup Time": 61.878, "Actual Max Startup Time": 61.878, "Actual Min Total Time": 144.348, "Actual Max Total Time": 144.348, "Recheck Cond": "(movie_id = ci.movie_id)", "Rows Removed by Index Recheck": 0, "Exact Heap Blocks": 40013, "Lossy Heap Blocks": 40013, "Plans": [{"Node Type": "Bitmap Index Scan", "Parent Relationship": "Outer", "Index Name": "movie_id_movie_info", "Startup Cost": 0.0, "Total Cost": 0.38, "Plan Rows": 5, "Plan Width": 0, "Actual Min Startup Time": 42.969, "Actual Max Startup Time": 42.969, "Actual Min Total Time": 42.969, "Actual Max Total Time": 42.969, "Index Cond": "(movie_id = ci.movie_id)", "Actual Rows": 95896}], "Actual Rows": 95896}], "Actual Rows": 95896}], "Actual Rows": 87267}], "Actual Rows": 699}, {"Node Type": "Bitmap Heap Scan", "Parent Relationship": "Inner", "Relation Name": "movie_info_idx", "Alias": "mi_idx", "Startup Cost": 0.27, "Total Cost": 4.29, "Plan Rows": 2, "Plan Width": 13, "Actual Min Startup Time": 5.196, "Actual Max Startup Time": 5.196, "Actual Min Total Time": 5.39, "Actual Max Total Time": 5.39, "Recheck Cond": "(movie_id = mi.movie_id)", "Rows Removed by Index Recheck": 0, "Exact Heap Blocks": 419, "Lossy Heap Blocks": 419, "Plans": [{"Node Type": "Bitmap Index Scan", "Parent Relationship": "Outer", "Index Name": "movie_id_movie_info_idx", "Startup Cost": 0.0, "Total Cost": 0.27, "Plan Rows": 2, "Plan Width": 0, "Actual Min Startup Time": 3.688, "Actual Max Startup Time": 3.688, "Actual Min Total Time": 3.688, "Actual Max Total Time": 3.688, "Index Cond": "(movie_id = mi.movie_id)", "Actual Rows": 1235}], "Actual Rows": 1235}], "Actual Rows": 1235}], "Actual Rows": 821}], "Actual Rows": 410}, {"Node Type": "Bitmap Heap Scan", "Parent Relationship": "Inner", "Relation Name": "title", "Alias": "t", "Startup Cost": 0.26, "Total Cost": 4.27, "Plan Rows": 1, "Plan Width": 21, "Actual Min Startup Time": 3.474, "Actual Max Startup Time": 3.474, "Actual Min Total Time": 3.474, "Actual Max Total Time": 3.474, "Recheck Cond": "(id = mi.movie_id)", "Rows Removed by Index Recheck": 0, "Exact Heap Blocks": 410, "Lossy Heap Blocks": 410, "Plans": [{"Node Type": "Bitmap Index Scan", "Parent Relationship": "Outer", "Index Name": "title_pkey", "Startup Cost": 0.0, "Total Cost": 0.26, "Plan Rows": 1, "Plan Width": 0, "Actual Min Startup Time": 2.18, "Actual Max Startup Time": 2.18, "Actual Min Total Time": 2.18, "Actual Max Total Time": 2.18, "Index Cond": "(id = mi.movie_id)", "Actual Rows": 410}], "Actual Rows": 410}], "Actual Rows": 410}], "Actual Rows": 1}, "Triggers": [], "Planner Runtime": 27.305, "Total Runtime": 565.919, "Unique SQL Id": 4264520866}}, "(64, '87')": {"explain_plan": {"Plan": {"Node Type": "Aggregate", "Strategy": "Plain", "Startup Cost": 212305.8, "Total Cost": 212305.81, "Plan Rows": 1, "Plan Width": 160, "Plans": [{"Node Type": "Nested Loop", "Parent Relationship": "Outer", "Join Type": "Inner", "Startup Cost": 212267.2, "Total Cost": 212305.73, "Plan Rows": 9, "Plan Width": 64, "Inner Unique": true, "Plans": [{"Node Type": "Merge Join", "Parent Relationship": "Outer", "Join Type": "Inner", "Startup Cost": 212266.94, "Total Cost": 212267.19, "Plan Rows": 9, "Plan Width": 59, "Inner Unique": false, "Merge Cond": "(it2.id = mi_idx.info_type_id)", "Plans": [{"Node Type": "Sort", "Parent Relationship": "Outer", "Startup Cost": 14.22, "Total Cost": 14.23, "Plan Rows": 1, "Plan Width": 4, "Sort Key": ["it2.id"], "Plans": [{"Node Type": "Bitmap Heap Scan", "Parent Relationship": "Outer", "Relation Name": "info_type", "Alias": "it2", "Startup Cost": 8.81, "Total Cost": 14.21, "Plan Rows": 1, "Plan Width": 4, "Filter": "((info)::text = 'votes'::text)", "Plans": [{"Node Type": "Bitmap Index Scan", "Parent Relationship": "Outer", "Index Name": "info_type_pkey", "Startup Cost": 0.0, "Total Cost": 8.81, "Plan Rows": 112, "Plan Width": 0}]}]}, {"Node Type": "Sort", "Parent Relationship": "Inner", "Startup Cost": 212252.71, "Total Cost": 212252.8, "Plan Rows": 34, "Plan Width": 63, "Sort Key": ["mi_idx.info_type_id"], "Plans": [{"Node Type": "Nested Loop", "Parent Relationship": "Outer", "Join Type": "Inner", "Startup Cost": 211671.04, "Total Cost": 212251.85, "Plan Rows": 34, "Plan Width": 63, "Inner Unique": false, "Plans": [{"Node Type": "Merge Join", "Parent Relationship": "Outer", "Join Type": "Inner", "Startup Cost": 211670.77, "Total Cost": 211678.38, "Plan Rows": 133, "Plan Width": 50, "Inner Unique": false, "Merge Cond": "(it1.id = mi.info_type_id)", "Plans": [{"Node Type": "Sort", "Parent Relationship": "Outer", "Startup Cost": 14.22, "Total Cost": 14.23, "Plan Rows": 1, "Plan Width": 4, "Sort Key": ["it1.id"], "Plans": [{"Node Type": "Bitmap Heap Scan", "Parent Relationship": "Outer", "Relation Name": "info_type", "Alias": "it1", "Startup Cost": 8.81, "Total Cost": 14.21, "Plan Rows": 1, "Plan Width": 4, "Filter": "((info)::text = 'budget'::text)", "Plans": [{"Node Type": "Bitmap Index Scan", "Parent Relationship": "Outer", "Index Name": "info_type_pkey", "Startup Cost": 0.0, "Total Cost": 8.81, "Plan Rows": 112, "Plan Width": 0}]}]}, {"Node Type": "Sort", "Parent Relationship": "Inner", "Startup Cost": 211656.13, "Total Cost": 211660.03, "Plan Rows": 1561, "Plan Width": 54, "Sort Key": ["mi.info_type_id"], "Plans": [{"Node Type": "Nested Loop", "Parent Relationship": "Outer", "Join Type": "Inner", "Startup Cost": 83162.51, "Total Cost": 211573.33, "Plan Rows": 1561, "Plan Width": 54, "Inner Unique": false, "Plans": [{"Node Type": "Nested Loop", "Parent Relationship": "Outer", "Join Type": "Inner", "Startup Cost": 83162.13, "Total Cost": 210250.93, "Plan Rows": 294, "Plan Width": 4, "Inner Unique": false, "Plans": [{"Node Type": "Bitmap Heap Scan", "Parent Relationship": "Outer", "Relation Name": "name", "Alias": "n", "Startup Cost": 83157.74, "Total Cost": 197067.09, "Plan Rows": 173, "Plan Width": 4, "Filter": "(((name)::text ~~ '%Tim%'::text) AND ((gender)::text = 'm'::text))", "Plans": [{"Node Type": "Bitmap Index Scan", "Parent Relationship": "Outer", "Index Name": "name_pkey", "Startup Cost": 0.0, "Total Cost": 83157.7, "Plan Rows": 4167490, "Plan Width": 0}]}, {"Node Type": "Bitmap Heap Scan", "Parent Relationship": "Inner", "Relation Name": "cast_info", "Alias": "ci", "Startup Cost": 4.39, "Total Cost": 76.19, "Plan Rows": 2, "Plan Width": 8, "Recheck Cond": "(person_id = n.id)", "Filter": "((note)::text = ANY ('{(producer),\"(executive producer)\"}'::text[]))", "Plans": [{"Node Type": "Bitmap Index Scan", "Parent Relationship": "Outer", "Index Name": "person_id_cast_info", "Startup Cost": 0.0, "Total Cost": 4.38, "Plan Rows": 18, "Plan Width": 0, "Index Cond": "(person_id = n.id)"}]}]}, {"Node Type": "Bitmap Heap Scan", "Parent Relationship": "Inner", "Relation Name": "movie_info", "Alias": "mi", "Startup Cost": 0.39, "Total Cost": 4.45, "Plan Rows": 5, "Plan Width": 50, "Recheck Cond": "(movie_id = ci.movie_id)", "Plans": [{"Node Type": "Bitmap Index Scan", "Parent Relationship": "Outer", "Index Name": "movie_id_movie_info", "Startup Cost": 0.0, "Total Cost": 0.38, "Plan Rows": 5, "Plan Width": 0, "Index Cond": "(movie_id = ci.movie_id)"}]}]}]}]}, {"Node Type": "Bitmap Heap Scan", "Parent Relationship": "Inner", "Relation Name": "movie_info_idx", "Alias": "mi_idx", "Startup Cost": 0.27, "Total Cost": 4.29, "Plan Rows": 2, "Plan Width": 13, "Recheck Cond": "(movie_id = mi.movie_id)", "Plans": [{"Node Type": "Bitmap Index Scan", "Parent Relationship": "Outer", "Index Name": "movie_id_movie_info_idx", "Startup Cost": 0.0, "Total Cost": 0.27, "Plan Rows": 2, "Plan Width": 0, "Index Cond": "(movie_id = mi.movie_id)"}]}]}]}]}, {"Node Type": "Bitmap Heap Scan", "Parent Relationship": "Inner", "Relation Name": "title", "Alias": "t", "Startup Cost": 0.26, "Total Cost": 4.27, "Plan Rows": 1, "Plan Width": 21, "Recheck Cond": "(id = mi.movie_id)", "Plans": [{"Node Type": "Bitmap Index Scan", "Parent Relationship": "Outer", "Index Name": "title_pkey", "Startup Cost": 0.0, "Total Cost": 0.26, "Plan Rows": 1, "Plan Width": 0, "Index Cond": "(id = mi.movie_id)"}]}]}]}, "Unique SQL Id": 4264520866, "Planner Runtime": 26}, "explain_analyze_plan": null}, "(64, '88')": {"explain_plan": {"Plan": {"Node Type": "Aggregate", "Strategy": "Plain", "Startup Cost": 72541.42, "Total Cost": 72541.43, "Plan Rows": 1, "Plan Width": 160, "Plans": [{"Node Type": "Nested Loop", "Parent Relationship": "Outer", "Join Type": "Inner", "Startup Cost": 0.0, "Total Cost": 72541.36, "Plan Rows": 9, "Plan Width": 64, "Inner Unique": true, "Plans": [{"Node Type": "Nested Loop", "Parent Relationship": "Outer", "Join Type": "Inner", "Startup Cost": 0.0, "Total Cost": 72538.73, "Plan Rows": 9, "Plan Width": 59, "Inner Unique": true, "Plans": [{"Node Type": "Nested Loop", "Parent Relationship": "Outer", "Join Type": "Inner", "Startup Cost": 0.0, "Total Cost": 72459.91, "Plan Rows": 279, "Plan Width": 63, "Inner Unique": false, "Join Filter": "(mi_idx.movie_id = mi.movie_id)", "Plans": [{"Node Type": "Nested Loop", "Parent Relationship": "Outer", "Join Type": "Inner", "Startup Cost": 0.0, "Total Cost": 72420.31, "Plan Rows": 52, "Plan Width": 13, "Inner Unique": true, "Plans": [{"Node Type": "Nested Loop", "Parent Relationship": "Outer", "Join Type": "Inner", "Startup Cost": 0.0, "Total Cost": 72322.56, "Plan Rows": 346, "Plan Width": 17, "Inner Unique": false, "Plans": [{"Node Type": "Nested Loop", "Parent Relationship": "Outer", "Join Type": "Inner", "Startup Cost": 0.0, "Total Cost": 72225.77, "Plan Rows": 294, "Plan Width": 4, "Inner Unique": false, "Plans": [{"Node Type": "Streaming(type: LOCAL GATHER dop: 1/64)", "Parent Relationship": "Outer", "Startup Cost": 0.0, "Total Cost": 64783.4, "Plan Rows": 173, "Plan Width": 4, "Plans": [{"Node Type": "Seq Scan", "Parent Relationship": "Outer", "Relation Name": "name", "Alias": "n", "Startup Cost": 0.0, "Total Cost": 64779.83, "Plan Rows": 173, "Plan Width": 4, "Filter": "(((name)::text ~~ '%Tim%'::text) AND ((gender)::text = 'm'::text))"}]}, {"Node Type": "Index Scan", "Parent Relationship": "Inner", "Scan Direction": "Forward", "Index Name": "person_id_cast_info", "Relation Name": "cast_info", "Alias": "ci", "Startup Cost": 0.0, "Total Cost": 43.0, "Plan Rows": 2, "Plan Width": 8, "Index Cond": "(person_id = n.id)", "Filter": "((note)::text = ANY ('{(producer),\"(executive producer)\"}'::text[]))"}]}, {"Node Type": "Index Scan", "Parent Relationship": "Inner", "Scan Direction": "Forward", "Index Name": "movie_id_movie_info_idx", "Relation Name": "movie_info_idx", "Alias": "mi_idx", "Startup Cost": 0.0, "Total Cost": 0.31, "Plan Rows": 2, "Plan Width": 13, "Index Cond": "(movie_id = ci.movie_id)"}]}, {"Node Type": "Index Scan", "Parent Relationship": "Inner", "Scan Direction": "Forward", "Index Name": "info_type_pkey", "Relation Name": "info_type", "Alias": "it2", "Startup Cost": 0.0, "Total Cost": 0.27, "Plan Rows": 1, "Plan Width": 4, "Index Cond": "(id = mi_idx.info_type_id)", "Filter": "((info)::text = 'votes'::text)"}]}, {"Node Type": "Index Scan", "Parent Relationship": "Inner", "Scan Direction": "Forward", "Index Name": "movie_id_movie_info", "Relation Name": "movie_info", "Alias": "mi", "Startup Cost": 0.0, "Total Cost": 0.7, "Plan Rows": 5, "Plan Width": 50, "Index Cond": "(movie_id = ci.movie_id)"}]}, {"Node Type": "Index Scan", "Parent Relationship": "Inner", "Scan Direction": "Forward", "Index Name": "info_type_pkey", "Relation Name": "info_type", "Alias": "it1", "Startup Cost": 0.0, "Total Cost": 0.27, "Plan Rows": 1, "Plan Width": 4, "Index Cond": "(id = mi.info_type_id)", "Filter": "((info)::text = 'budget'::text)"}]}, {"Node Type": "Index Scan", "Parent Relationship": "Inner", "Scan Direction": "Forward", "Index Name": "title_pkey", "Relation Name": "title", "Alias": "t", "Startup Cost": 0.0, "Total Cost": 0.28, "Plan Rows": 1, "Plan Width": 21, "Index Cond": "(id = mi.movie_id)"}]}]}, "Unique SQL Id": 4264520866, "Planner Runtime": 27}, "explain_analyze_plan": {"Plan": {"Node Type": "Aggregate", "Strategy": "Plain", "Startup Cost": 72541.42, "Total Cost": 72541.43, "Plan Rows": 1, "Plan Width": 160, "Actual Min Startup Time": 573.381, "Actual Max Startup Time": 573.381, "Actual Min Total Time": 573.381, "Actual Max Total Time": 573.381, "Plans": [{"Node Type": "Nested Loop", "Parent Relationship": "Outer", "Join Type": "Inner", "Startup Cost": 0.0, "Total Cost": 72541.36, "Plan Rows": 9, "Plan Width": 64, "Actual Min Startup Time": 45.785, "Actual Max Startup Time": 45.785, "Actual Min Total Time": 572.643, "Actual Max Total Time": 572.643, "Inner Unique": true, "Plans": [{"Node Type": "Nested Loop", "Parent Relationship": "Outer", "Join Type": "Inner", "Startup Cost": 0.0, "Total Cost": 72538.73, "Plan Rows": 9, "Plan Width": 59, "Actual Min Startup Time": 45.765, "Actual Max Startup Time": 45.765, "Actual Min Total Time": 568.394, "Actual Max Total Time": 568.394, "Inner Unique": true, "Plans": [{"Node Type": "Nested Loop", "Parent Relationship": "Outer", "Join Type": "Inner", "Startup Cost": 0.0, "Total Cost": 72459.91, "Plan Rows": 279, "Plan Width": 63, "Actual Min Startup Time": 44.388, "Actual Max Startup Time": 44.388, "Actual Min Total Time": 387.406, "Actual Max Total Time": 387.406, "Inner Unique": false, "Join Filter": "(mi_idx.movie_id = mi.movie_id)", "Rows Removed by Join Filter": 0, "Plans": [{"Node Type": "Nested Loop", "Parent Relationship": "Outer", "Join Type": "Inner", "Startup Cost": 0.0, "Total Cost": 72420.31, "Plan Rows": 52, "Plan Width": 13, "Actual Min Startup Time": 44.366, "Actual Max Startup Time": 44.366, "Actual Min Total Time": 259.543, "Actual Max Total Time": 259.543, "Inner Unique": true, "Plans": [{"Node Type": "Nested Loop", "Parent Relationship": "Outer", "Join Type": "Inner", "Startup Cost": 0.0, "Total Cost": 72322.56, "Plan Rows": 346, "Plan Width": 17, "Actual Min Startup Time": 44.342, "Actual Max Startup Time": 44.342, "Actual Min Total Time": 234.278, "Actual Max Total Time": 234.278, "Inner Unique": false, "Plans": [{"Node Type": "Nested Loop", "Parent Relationship": "Outer", "Join Type": "Inner", "Startup Cost": 0.0, "Total Cost": 72225.77, "Plan Rows": 294, "Plan Width": 4, "Actual Min Startup Time": 44.321, "Actual Max Startup Time": 44.321, "Actual Min Total Time": 196.155, "Actual Max Total Time": 196.155, "Inner Unique": false, "Plans": [{"Node Type": "Streaming(type: LOCAL GATHER dop: 1/64)", "Parent Relationship": "Outer", "Startup Cost": 0.0, "Total Cost": 64783.4, "Plan Rows": 173, "Plan Width": 4, "Actual Min Startup Time": 44.106, "Actual Max Startup Time": 44.106, "Actual Min Total Time": 64.335, "Actual Max Total Time": 64.335, "Plans": [{"Node Type": "Seq Scan", "Parent Relationship": "Outer", "Relation Name": "name", "Alias": "n", "Startup Cost": 0.0, "Total Cost": 64779.83, "Plan Rows": 173, "Plan Width": 4, "Actual Min Startup Time": 0.03, "Actual Max Startup Time": 0.853, "Actual Min Total Time": 25.362, "Actual Max Total Time": 29.486, "Filter": "(((name)::text ~~ '%Tim%'::text) AND ((gender)::text = 'm'::text))", "Rows Removed by Filter": 4158428, "Actual Rows": 9062}], "Actual Rows": 9062}, {"Node Type": "Index Scan", "Parent Relationship": "Inner", "Scan Direction": "Forward", "Index Name": "person_id_cast_info", "Relation Name": "cast_info", "Alias": "ci", "Startup Cost": 0.0, "Total Cost": 43.0, "Plan Rows": 2, "Plan Width": 8, "Actual Min Startup Time": 105.918, "Actual Max Startup Time": 105.918, "Actual Min Total Time": 125.274, "Actual Max Total Time": 125.274, "Index Cond": "(person_id = n.id)", "Rows Removed by Index Recheck": 0, "Filter": "((note)::text = ANY ('{(producer),\"(executive producer)\"}'::text[]))", "Rows Removed by Filter": 89309, "Actual Rows": 6719}], "Actual Rows": 6719}, {"Node Type": "Index Scan", "Parent Relationship": "Inner", "Scan Direction": "Forward", "Index Name": "movie_id_movie_info_idx", "Relation Name": "movie_info_idx", "Alias": "mi_idx", "Startup Cost": 0.0, "Total Cost": 0.31, "Plan Rows": 2, "Plan Width": 13, "Actual Min Startup Time": 28.109, "Actual Max Startup Time": 28.109, "Actual Min Total Time": 32.173, "Actual Max Total Time": 32.173, "Index Cond": "(movie_id = ci.movie_id)", "Rows Removed by Index Recheck": 0, "Actual Rows": 10310}], "Actual Rows": 10310}, {"Node Type": "Index Scan", "Parent Relationship": "Inner", "Scan Direction": "Forward", "Index Name": "info_type_pkey", "Relation Name": "info_type", "Alias": "it2", "Startup Cost": 0.0, "Total Cost": 0.27, "Plan Rows": 1, "Plan Width": 4, "Actual Min Startup Time": 19.363, "Actual Max Startup Time": 19.363, "Actual Min Total Time": 19.363, "Actual Max Total Time": 19.363, "Index Cond": "(id = mi_idx.info_type_id)", "Rows Removed by Index Recheck": 0, "Filter": "((info)::text = 'votes'::text)", "Rows Removed by Filter": 6875, "Actual Rows": 3435}], "Actual Rows": 3435}, {"Node Type": "Index Scan", "Parent Relationship": "Inner", "Scan Direction": "Forward", "Index Name": "movie_id_movie_info", "Relation Name": "movie_info", "Alias": "mi", "Startup Cost": 0.0, "Total Cost": 0.7, "Plan Rows": 5, "Plan Width": 50, "Actual Min Startup Time": 23.918, "Actual Max Startup Time": 23.918, "Actual Min Total Time": 96.392, "Actual Max Total Time": 96.392, "Index Cond": "(movie_id = ci.movie_id)", "Rows Removed by Index Recheck": 0, "Actual Rows": 82408}], "Actual Rows": 82408}, {"Node Type": "Index Scan", "Parent Relationship": "Inner", "Scan Direction": "Forward", "Index Name": "info_type_pkey", "Relation Name": "info_type", "Alias": "it1", "Startup Cost": 0.0, "Total Cost": 0.27, "Plan Rows": 1, "Plan Width": 4, "Actual Min Startup Time": 142.438, "Actual Max Startup Time": 142.438, "Actual Min Total Time": 142.438, "Actual Max Total Time": 142.438, "Index Cond": "(id = mi.info_type_id)", "Rows Removed by Index Recheck": 0, "Filter": "((info)::text = 'budget'::text)", "Rows Removed by Filter": 79844, "Actual Rows": 410}], "Actual Rows": 410}, {"Node Type": "Index Scan", "Parent Relationship": "Inner", "Scan Direction": "Forward", "Index Name": "title_pkey", "Relation Name": "title", "Alias": "t", "Startup Cost": 0.0, "Total Cost": 0.28, "Plan Rows": 1, "Plan Width": 21, "Actual Min Startup Time": 3.639, "Actual Max Startup Time": 3.639, "Actual Min Total Time": 3.639, "Actual Max Total Time": 3.639, "Index Cond": "(id = mi.movie_id)", "Rows Removed by Index Recheck": 0, "Actual Rows": 410}], "Actual Rows": 410}], "Actual Rows": 1}, "Triggers": [], "Planner Runtime": 28.452, "Total Runtime": 584.89, "Unique SQL Id": 4264520866}}, "(64, '89')": {"explain_plan": {"Plan": {"Node Type": "Aggregate", "Strategy": "Plain", "Startup Cost": 204828.22, "Total Cost": 204828.23, "Plan Rows": 1, "Plan Width": 160, "Plans": [{"Node Type": "Nested Loop", "Parent Relationship": "Outer", "Join Type": "Inner", "Startup Cost": 0.0, "Total Cost": 204828.15, "Plan Rows": 9, "Plan Width": 64, "Inner Unique": true, "Plans": [{"Node Type": "Nested Loop", "Parent Relationship": "Outer", "Join Type": "Inner", "Startup Cost": 0.0, "Total Cost": 204825.52, "Plan Rows": 9, "Plan Width": 59, "Inner Unique": true, "Plans": [{"Node Type": "Nested Loop", "Parent Relationship": "Outer", "Join Type": "Inner", "Startup Cost": 0.0, "Total Cost": 204746.71, "Plan Rows": 279, "Plan Width": 63, "Inner Unique": false, "Join Filter": "(mi_idx.movie_id = mi.movie_id)", "Plans": [{"Node Type": "Nested Loop", "Parent Relationship": "Outer", "Join Type": "Inner", "Startup Cost": 0.0, "Total Cost": 204707.1, "Plan Rows": 52, "Plan Width": 13, "Inner Unique": true, "Plans": [{"Node Type": "Nested Loop", "Parent Relationship": "Outer", "Join Type": "Inner", "Startup Cost": 0.0, "Total Cost": 204609.36, "Plan Rows": 346, "Plan Width": 17, "Inner Unique": false, "Plans": [{"Node Type": "Nested Loop", "Parent Relationship": "Outer", "Join Type": "Inner", "Startup Cost": 0.0, "Total Cost": 204512.56, "Plan Rows": 294, "Plan Width": 4, "Inner Unique": false, "Plans": [{"Node Type": "Index Scan", "Parent Relationship": "Outer", "Scan Direction": "Forward", "Index Name": "name_pkey", "Relation Name": "name", "Alias": "n", "Startup Cost": 0.0, "Total Cost": 197070.2, "Plan Rows": 173, "Plan Width": 4, "Filter": "(((name)::text ~~ '%Tim%'::text) AND ((gender)::text = 'm'::text))"}, {"Node Type": "Index Scan", "Parent Relationship": "Inner", "Scan Direction": "Forward", "Index Name": "person_id_cast_info", "Relation Name": "cast_info", "Alias": "ci", "Startup Cost": 0.0, "Total Cost": 43.0, "Plan Rows": 2, "Plan Width": 8, "Index Cond": "(person_id = n.id)", "Filter": "((note)::text = ANY ('{(producer),\"(executive producer)\"}'::text[]))"}]}, {"Node Type": "Index Scan", "Parent Relationship": "Inner", "Scan Direction": "Forward", "Index Name": "movie_id_movie_info_idx", "Relation Name": "movie_info_idx", "Alias": "mi_idx", "Startup Cost": 0.0, "Total Cost": 0.31, "Plan Rows": 2, "Plan Width": 13, "Index Cond": "(movie_id = ci.movie_id)"}]}, {"Node Type": "Index Scan", "Parent Relationship": "Inner", "Scan Direction": "Forward", "Index Name": "info_type_pkey", "Relation Name": "info_type", "Alias": "it2", "Startup Cost": 0.0, "Total Cost": 0.27, "Plan Rows": 1, "Plan Width": 4, "Index Cond": "(id = mi_idx.info_type_id)", "Filter": "((info)::text = 'votes'::text)"}]}, {"Node Type": "Index Scan", "Parent Relationship": "Inner", "Scan Direction": "Forward", "Index Name": "movie_id_movie_info", "Relation Name": "movie_info", "Alias": "mi", "Startup Cost": 0.0, "Total Cost": 0.7, "Plan Rows": 5, "Plan Width": 50, "Index Cond": "(movie_id = ci.movie_id)"}]}, {"Node Type": "Index Scan", "Parent Relationship": "Inner", "Scan Direction": "Forward", "Index Name": "info_type_pkey", "Relation Name": "info_type", "Alias": "it1", "Startup Cost": 0.0, "Total Cost": 0.27, "Plan Rows": 1, "Plan Width": 4, "Index Cond": "(id = mi.info_type_id)", "Filter": "((info)::text = 'budget'::text)"}]}, {"Node Type": "Index Scan", "Parent Relationship": "Inner", "Scan Direction": "Forward", "Index Name": "title_pkey", "Relation Name": "title", "Alias": "t", "Startup Cost": 0.0, "Total Cost": 0.28, "Plan Rows": 1, "Plan Width": 21, "Index Cond": "(id = mi.movie_id)"}]}]}, "Unique SQL Id": 4264520866, "Planner Runtime": 25}, "explain_analyze_plan": null}, "(64, '90')": {"explain_plan": {"Plan": {"Node Type": "Aggregate", "Strategy": "Plain", "Startup Cost": 2100151399278.79, "Total Cost": 2100151399278.8, "Plan Rows": 1, "Plan Width": 160, "Plans": [{"Node Type": "Merge Join", "Parent Relationship": "Outer", "Join Type": "Inner", "Startup Cost": 2100151399272.66, "Total Cost": 2100151399278.72, "Plan Rows": 9, "Plan Width": 64, "Inner Unique": true, "Merge Cond": "(mi.info_type_id = it1.id)", "Plans": [{"Node Type": "Sort", "Parent Relationship": "Outer", "Startup Cost": 2100151399269.91, "Total Cost": 2100151399272.97, "Plan Rows": 1225, "Plan Width": 68, "Sort Key": ["mi.info_type_id"], "Plans": [{"Node Type": "Merge Join", "Parent Relationship": "Outer", "Join Type": "Inner", "Startup Cost": 30000532050.8, "Total Cost": 2100151399207.08, "Plan Rows": 1225, "Plan Width": 68, "Inner Unique": false, "Merge Cond": "(t.id = mi.movie_id)", "Plans": [{"Node Type": "Nested Loop", "Parent Relationship": "Outer", "Join Type": "Inner", "Startup Cost": 20000532050.8, "Total Cost": 1100047545107.3, "Plan Rows": 228, "Plan Width": 34, "Inner Unique": false, "Join Filter": "(ci.movie_id = t.id)", "Plans": [{"Node Type": "Merge Join", "Parent Relationship": "Outer", "Join Type": "Inner", "Startup Cost": 532050.8, "Total Cost": 549855.61, "Plan Rows": 345008, "Plan Width": 30, "Inner Unique": true, "Merge Cond": "(mi_idx.movie_id = t.id)", "Plans": [{"Node Type": "Sort", "Parent Relationship": "Outer", "Startup Cost": 203099.06, "Total Cost": 203961.58, "Plan Rows": 345008, "Plan Width": 9, "Sort Key": ["mi_idx.movie_id"], "Plans": [{"Node Type": "Merge Join", "Parent Relationship": "Outer", "Join Type": "Inner", "Startup Cost": 161014.5, "Total Cost": 171364.75, "Plan Rows": 345008, "Plan Width": 9, "Inner Unique": false, "Merge Cond": "(it2.id = mi_idx.info_type_id)", "Plans": [{"Node Type": "Sort", "Parent Relationship": "Outer", "Startup Cost": 2.41, "Total Cost": 2.42, "Plan Rows": 1, "Plan Width": 4, "Sort Key": ["it2.id"], "Plans": [{"Node Type": "Seq Scan", "Parent Relationship": "Outer", "Relation Name": "info_type", "Alias": "it2", "Startup Cost": 0.0, "Total Cost": 2.4, "Plan Rows": 1, "Plan Width": 4, "Filter": "((info)::text = 'votes'::text)"}]}, {"Node Type": "Sort", "Parent Relationship": "Inner", "Startup Cost": 161012.09, "Total Cost": 164462.17, "Plan Rows": 1380034, "Plan Width": 13, "Sort Key": ["mi_idx.info_type_id"], "Plans": [{"Node Type": "Seq Scan", "Parent Relationship": "Outer", "Relation Name": "movie_info_idx", "Alias": "mi_idx", "Startup Cost": 0.0, "Total Cost": 20274.34, "Plan Rows": 1380034, "Plan Width": 13}]}]}]}, {"Node Type": "Sort", "Parent Relationship": "Inner", "Startup Cost": 328951.73, "Total Cost": 335272.51, "Plan Rows": 2528311, "Plan Width": 21, "Sort Key": ["t.id"], "Plans": [{"Node Type": "Seq Scan", "Parent Relationship": "Outer", "Relation Name": "title", "Alias": "t", "Startup Cost": 0.0, "Total Cost": 60069.11, "Plan Rows": 2528311, "Plan Width": 21}]}]}, {"Node Type": "Materialize", "Parent Relationship": "Inner", "Startup Cost": 10000000000.0, "Total Cost": 100002683170.57, "Plan Rows": 294, "Plan Width": 4, "Plans": [{"Node Type": "Streaming(type: LOCAL GATHER dop: 1/64)", "Parent Relationship": "Outer", "Startup Cost": 10000000000.0, "Total Cost": 100002683169.1, "Plan Rows": 294, "Plan Width": 4, "Plans": [{"Node Type": "Nested Loop", "Parent Relationship": "Outer", "Join Type": "Inner", "Startup Cost": 10000000000.0, "Total Cost": 100002683163.04, "Plan Rows": 294, "Plan Width": 4, "Inner Unique": true, "Join Filter": "(ci.person_id = n.id)", "Plans": [{"Node Type": "Streaming(type: LOCAL REDISTRIBUTE dop: 64/64)", "Parent Relationship": "Outer", "Startup Cost": 0.0, "Total Cost": 139047.2, "Plan Rows": 2350421, "Plan Width": 8, "Plans": [{"Node Type": "Seq Scan", "Parent Relationship": "Outer", "Relation Name": "cast_info", "Alias": "ci", "Startup Cost": 0.0, "Total Cost": 73820.73, "Plan Rows": 2350421, "Plan Width": 8, "Filter": "((note)::text = ANY ('{(producer),\"(executive producer)\"}'::text[]))"}]}, {"Node Type": "Materialize", "Parent Relationship": "Inner", "Startup Cost": 0.0, "Total Cost": 127780.01, "Plan Rows": 173, "Plan Width": 4, "Plans": [{"Node Type": "Streaming(type: LOCAL REDISTRIBUTE dop: 64/64)", "Parent Relationship": "Outer", "Startup Cost": 0.0, "Total Cost": 127780.0, "Plan Rows": 173, "Plan Width": 4, "Plans": [{"Node Type": "Seq Scan", "Parent Relationship": "Outer", "Relation Name": "name", "Alias": "n", "Startup Cost": 0.0, "Total Cost": 64779.83, "Plan Rows": 173, "Plan Width": 4, "Filter": "(((name)::text ~~ '%Tim%'::text) AND ((gender)::text = 'm'::text))"}]}]}]}]}]}]}, {"Node Type": "Index Scan", "Parent Relationship": "Inner", "Scan Direction": "Forward", "Index Name": "movie_id_movie_info", "Relation Name": "movie_info", "Alias": "mi", "Startup Cost": 10000000000.0, "Total Cost": 1000103816912.22, "Plan Rows": 14869966, "Plan Width": 50}]}]}, {"Node Type": "Materialize", "Parent Relationship": "Inner", "Startup Cost": 2.41, "Total Cost": 2.42, "Plan Rows": 1, "Plan Width": 4, "Plans": [{"Node Type": "Sort", "Parent Relationship": "Outer", "Startup Cost": 2.41, "Total Cost": 2.42, "Plan Rows": 1, "Plan Width": 4, "Sort Key": ["it1.id"], "Plans": [{"Node Type": "Seq Scan", "Parent Relationship": "Outer", "Relation Name": "info_type", "Alias": "it1", "Startup Cost": 0.0, "Total Cost": 2.4, "Plan Rows": 1, "Plan Width": 4, "Filter": "((info)::text = 'budget'::text)"}]}]}]}]}, "Unique SQL Id": 4264520866, "Planner Runtime": 47}, "explain_analyze_plan": null}, "(64, '91')": {"explain_plan": {"Plan": {"Node Type": "Aggregate", "Strategy": "Plain", "Startup Cost": 6974814659197.4, "Total Cost": 6974814659197.41, "Plan Rows": 1, "Plan Width": 160, "Plans": [{"Node Type": "Merge Join", "Parent Relationship": "Outer", "Join Type": "Inner", "Startup Cost": 5984814657769.96, "Total Cost": 6974814659197.02, "Plan Rows": 51, "Plan Width": 64, "Inner Unique": true, "Merge Cond": "(mi.info_type_id = it1.id)", "Plans": [{"Node Type": "Sort", "Parent Relationship": "Outer", "Startup Cost": 5974814657769.62, "Total Cost": 5974814657772.69, "Plan Rows": 1225, "Plan Width": 68, "Sort Key": ["mi.info_type_id"], "Plans": [{"Node Type": "Merge Join", "Parent Relationship": "Outer", "Join Type": "Inner", "Startup Cost": 3997280927518.47, "Total Cost": 5974814657706.79, "Plan Rows": 1225, "Plan Width": 68, "Inner Unique": false, "Merge Cond": "(t.id = mi_idx.movie_id)", "Plans": [{"Node Type": "Merge Join", "Parent Relationship": "Outer", "Join Type": "Inner", "Startup Cost": 20024668916.98, "Total Cost": 1999413704354.18, "Plan Rows": 13396577, "Plan Width": 71, "Inner Unique": false, "Merge Cond": "(t.id = mi.movie_id)", "Plans": [{"Node Type": "Index Scan", "Parent Relationship": "Outer", "Scan Direction": "Forward", "Index Name": "title_pkey", "Relation Name": "title", "Alias": "t", "Startup Cost": 10000000000.0, "Total Cost": 1000011012048.91, "Plan Rows": 2528311, "Plan Width": 21}, {"Node Type": "Index Scan", "Parent Relationship": "Inner", "Scan Direction": "Forward", "Index Name": "movie_id_movie_info", "Relation Name": "movie_info", "Alias": "mi", "Startup Cost": 10000000000.0, "Total Cost": 1000103816912.22, "Plan Rows": 14869966, "Plan Width": 50}]}, {"Node Type": "Sort", "Parent Relationship": "Inner", "Startup Cost": 3977256258601.49, "Total Cost": 3977256258602.06, "Plan Rows": 228, "Plan Width": 13, "Sort Key": ["ci.movie_id"], "Plans": [{"Node Type": "Merge Join", "Parent Relationship": "Outer", "Join Type": "Inner", "Startup Cost": 3010127178545.11, "Total Cost": 3977256258592.56, "Plan Rows": 228, "Plan Width": 13, "Inner Unique": true, "Merge Cond": "(ci.person_id = n.id)", "Plans": [{"Node Type": "Sort", "Parent Relationship": "Outer", "Startup Cost": 3000127178545.04, "Total Cost": 3000127179589.27, "Plan Rows": 417690, "Plan Width": 17, "Sort Key": ["ci.person_id"], "Plans": [{"Node Type": "Merge Join", "Parent Relationship": "Outer", "Join Type": "Inner", "Startup Cost": 2010001865471.59, "Total Cost": 3000127139549.35, "Plan Rows": 417690, "Plan Width": 17, "Inner Unique": false, "Merge Cond": "(ci.movie_id = mi_idx.movie_id)", "Plans": [{"Node Type": "Index Scan", "Parent Relationship": "Outer", "Scan Direction": "Forward", "Index Name": "movie_id_cast_info", "Relation Name": "cast_info", "Alias": "ci", "Startup Cost": 10000000000.0, "Total Cost": 1000214997262.8, "Plan Rows": 2350421, "Plan Width": 8, "Filter": "((note)::text = ANY ('{(producer),\"(executive producer)\"}'::text[]))"}, {"Node Type": "Sort", "Parent Relationship": "Inner", "Startup Cost": 2000001865471.58, "Total Cost": 2000001866334.1, "Plan Rows": 345008, "Plan Width": 9, "Sort Key": ["mi_idx.movie_id"], "Plans": [{"Node Type": "Nested Loop", "Parent Relationship": "Outer", "Join Type": "Inner", "Startup Cost": 20000007502.06, "Total Cost": 2000001833737.28, "Plan Rows": 345008, "Plan Width": 9, "Inner Unique": false, "Plans": [{"Node Type": "Index Scan", "Parent Relationship": "Outer", "Scan Direction": "Forward", "Index Name": "info_type_pkey", "Relation Name": "info_type", "Alias": "it2", "Startup Cost": 10000000000.0, "Total Cost": 1000000001421.0, "Plan Rows": 1, "Plan Width": 4, "Filter": "((info)::text = 'votes'::text)"}, {"Node Type": "Bitmap Heap Scan", "Parent Relationship": "Inner", "Relation Name": "movie_info_idx", "Alias": "mi_idx", "Startup Cost": 10000007502.06, "Total Cost": 1000001828866.2, "Plan Rows": 345008, "Plan Width": 13, "Recheck Cond": "(info_type_id = it2.id), (LLVM Optimized)", "Plans": [{"Node Type": "Bitmap Index Scan", "Parent Relationship": "Outer", "Index Name": "info_type_id_movie_info_idx", "Startup Cost": 0.0, "Total Cost": 7415.81, "Plan Rows": 345008, "Plan Width": 0, "Index Cond": "(info_type_id = it2.id)"}]}]}]}]}]}, {"Node Type": "Materialize", "Parent Relationship": "Inner", "Startup Cost": 10000000000.0, "Total Cost": 1000019707020.14, "Plan Rows": 173, "Plan Width": 4, "Plans": [{"Node Type": "Index Scan", "Parent Relationship": "Outer", "Scan Direction": "Forward", "Index Name": "name_pkey", "Relation Name": "name", "Alias": "n", "Startup Cost": 10000000000.0, "Total Cost": 1000019707019.7, "Plan Rows": 173, "Plan Width": 4, "Filter": "(((name)::text ~~ '%Tim%'::text) AND ((gender)::text = 'm'::text))"}]}]}]}]}]}, {"Node Type": "Materialize", "Parent Relationship": "Inner", "Startup Cost": 10000000000.0, "Total Cost": 1000000001421.0, "Plan Rows": 1, "Plan Width": 4, "Plans": [{"Node Type": "Index Scan", "Parent Relationship": "Outer", "Scan Direction": "Forward", "Index Name": "info_type_pkey", "Relation Name": "info_type", "Alias": "it1", "Startup Cost": 10000000000.0, "Total Cost": 1000000001421.0, "Plan Rows": 1, "Plan Width": 4, "Filter": "((info)::text = 'budget'::text)"}]}]}]}, "Unique SQL Id": 4264520866, "Planner Runtime": 106}, "explain_analyze_plan": null}, "(64, '92')": {"explain_plan": {"Plan": {"Node Type": "Aggregate", "Strategy": "Plain", "Startup Cost": 72541.42, "Total Cost": 72541.43, "Plan Rows": 1, "Plan Width": 160, "Plans": [{"Node Type": "Nested Loop", "Parent Relationship": "Outer", "Join Type": "Inner", "Startup Cost": 0.0, "Total Cost": 72541.36, "Plan Rows": 9, "Plan Width": 64, "Inner Unique": true, "Plans": [{"Node Type": "Nested Loop", "Parent Relationship": "Outer", "Join Type": "Inner", "Startup Cost": 0.0, "Total Cost": 72538.73, "Plan Rows": 9, "Plan Width": 59, "Inner Unique": true, "Plans": [{"Node Type": "Nested Loop", "Parent Relationship": "Outer", "Join Type": "Inner", "Startup Cost": 0.0, "Total Cost": 72459.91, "Plan Rows": 279, "Plan Width": 63, "Inner Unique": false, "Join Filter": "(mi_idx.movie_id = mi.movie_id)", "Plans": [{"Node Type": "Nested Loop", "Parent Relationship": "Outer", "Join Type": "Inner", "Startup Cost": 0.0, "Total Cost": 72420.31, "Plan Rows": 52, "Plan Width": 13, "Inner Unique": true, "Plans": [{"Node Type": "Nested Loop", "Parent Relationship": "Outer", "Join Type": "Inner", "Startup Cost": 0.0, "Total Cost": 72322.56, "Plan Rows": 346, "Plan Width": 17, "Inner Unique": false, "Plans": [{"Node Type": "Nested Loop", "Parent Relationship": "Outer", "Join Type": "Inner", "Startup Cost": 0.0, "Total Cost": 72225.77, "Plan Rows": 294, "Plan Width": 4, "Inner Unique": false, "Plans": [{"Node Type": "Streaming(type: LOCAL GATHER dop: 1/64)", "Parent Relationship": "Outer", "Startup Cost": 0.0, "Total Cost": 64783.4, "Plan Rows": 173, "Plan Width": 4, "Plans": [{"Node Type": "Seq Scan", "Parent Relationship": "Outer", "Relation Name": "name", "Alias": "n", "Startup Cost": 0.0, "Total Cost": 64779.83, "Plan Rows": 173, "Plan Width": 4, "Filter": "(((name)::text ~~ '%Tim%'::text) AND ((gender)::text = 'm'::text))"}]}, {"Node Type": "Index Scan", "Parent Relationship": "Inner", "Scan Direction": "Forward", "Index Name": "person_id_cast_info", "Relation Name": "cast_info", "Alias": "ci", "Startup Cost": 0.0, "Total Cost": 43.0, "Plan Rows": 2, "Plan Width": 8, "Index Cond": "(person_id = n.id)", "Filter": "((note)::text = ANY ('{(producer),\"(executive producer)\"}'::text[]))"}]}, {"Node Type": "Index Scan", "Parent Relationship": "Inner", "Scan Direction": "Forward", "Index Name": "movie_id_movie_info_idx", "Relation Name": "movie_info_idx", "Alias": "mi_idx", "Startup Cost": 0.0, "Total Cost": 0.31, "Plan Rows": 2, "Plan Width": 13, "Index Cond": "(movie_id = ci.movie_id)"}]}, {"Node Type": "Index Scan", "Parent Relationship": "Inner", "Scan Direction": "Forward", "Index Name": "info_type_pkey", "Relation Name": "info_type", "Alias": "it2", "Startup Cost": 0.0, "Total Cost": 0.27, "Plan Rows": 1, "Plan Width": 4, "Index Cond": "(id = mi_idx.info_type_id)", "Filter": "((info)::text = 'votes'::text)"}]}, {"Node Type": "Index Scan", "Parent Relationship": "Inner", "Scan Direction": "Forward", "Index Name": "movie_id_movie_info", "Relation Name": "movie_info", "Alias": "mi", "Startup Cost": 0.0, "Total Cost": 0.7, "Plan Rows": 5, "Plan Width": 50, "Index Cond": "(movie_id = ci.movie_id)"}]}, {"Node Type": "Index Scan", "Parent Relationship": "Inner", "Scan Direction": "Forward", "Index Name": "info_type_pkey", "Relation Name": "info_type", "Alias": "it1", "Startup Cost": 0.0, "Total Cost": 0.27, "Plan Rows": 1, "Plan Width": 4, "Index Cond": "(id = mi.info_type_id)", "Filter": "((info)::text = 'budget'::text)"}]}, {"Node Type": "Index Scan", "Parent Relationship": "Inner", "Scan Direction": "Forward", "Index Name": "title_pkey", "Relation Name": "title", "Alias": "t", "Startup Cost": 0.0, "Total Cost": 0.28, "Plan Rows": 1, "Plan Width": 21, "Index Cond": "(id = mi.movie_id)"}]}]}, "Unique SQL Id": 4264520866, "Planner Runtime": 28}, "explain_analyze_plan": {"Plan": {"Node Type": "Aggregate", "Strategy": "Plain", "Startup Cost": 72541.42, "Total Cost": 72541.43, "Plan Rows": 1, "Plan Width": 160, "Actual Min Startup Time": 573.381, "Actual Max Startup Time": 573.381, "Actual Min Total Time": 573.381, "Actual Max Total Time": 573.381, "Plans": [{"Node Type": "Nested Loop", "Parent Relationship": "Outer", "Join Type": "Inner", "Startup Cost": 0.0, "Total Cost": 72541.36, "Plan Rows": 9, "Plan Width": 64, "Actual Min Startup Time": 45.785, "Actual Max Startup Time": 45.785, "Actual Min Total Time": 572.643, "Actual Max Total Time": 572.643, "Inner Unique": true, "Plans": [{"Node Type": "Nested Loop", "Parent Relationship": "Outer", "Join Type": "Inner", "Startup Cost": 0.0, "Total Cost": 72538.73, "Plan Rows": 9, "Plan Width": 59, "Actual Min Startup Time": 45.765, "Actual Max Startup Time": 45.765, "Actual Min Total Time": 568.394, "Actual Max Total Time": 568.394, "Inner Unique": true, "Plans": [{"Node Type": "Nested Loop", "Parent Relationship": "Outer", "Join Type": "Inner", "Startup Cost": 0.0, "Total Cost": 72459.91, "Plan Rows": 279, "Plan Width": 63, "Actual Min Startup Time": 44.388, "Actual Max Startup Time": 44.388, "Actual Min Total Time": 387.406, "Actual Max Total Time": 387.406, "Inner Unique": false, "Join Filter": "(mi_idx.movie_id = mi.movie_id)", "Rows Removed by Join Filter": 0, "Plans": [{"Node Type": "Nested Loop", "Parent Relationship": "Outer", "Join Type": "Inner", "Startup Cost": 0.0, "Total Cost": 72420.31, "Plan Rows": 52, "Plan Width": 13, "Actual Min Startup Time": 44.366, "Actual Max Startup Time": 44.366, "Actual Min Total Time": 259.543, "Actual Max Total Time": 259.543, "Inner Unique": true, "Plans": [{"Node Type": "Nested Loop", "Parent Relationship": "Outer", "Join Type": "Inner", "Startup Cost": 0.0, "Total Cost": 72322.56, "Plan Rows": 346, "Plan Width": 17, "Actual Min Startup Time": 44.342, "Actual Max Startup Time": 44.342, "Actual Min Total Time": 234.278, "Actual Max Total Time": 234.278, "Inner Unique": false, "Plans": [{"Node Type": "Nested Loop", "Parent Relationship": "Outer", "Join Type": "Inner", "Startup Cost": 0.0, "Total Cost": 72225.77, "Plan Rows": 294, "Plan Width": 4, "Actual Min Startup Time": 44.321, "Actual Max Startup Time": 44.321, "Actual Min Total Time": 196.155, "Actual Max Total Time": 196.155, "Inner Unique": false, "Plans": [{"Node Type": "Streaming(type: LOCAL GATHER dop: 1/64)", "Parent Relationship": "Outer", "Startup Cost": 0.0, "Total Cost": 64783.4, "Plan Rows": 173, "Plan Width": 4, "Actual Min Startup Time": 44.106, "Actual Max Startup Time": 44.106, "Actual Min Total Time": 64.335, "Actual Max Total Time": 64.335, "Plans": [{"Node Type": "Seq Scan", "Parent Relationship": "Outer", "Relation Name": "name", "Alias": "n", "Startup Cost": 0.0, "Total Cost": 64779.83, "Plan Rows": 173, "Plan Width": 4, "Actual Min Startup Time": 0.03, "Actual Max Startup Time": 0.853, "Actual Min Total Time": 25.362, "Actual Max Total Time": 29.486, "Filter": "(((name)::text ~~ '%Tim%'::text) AND ((gender)::text = 'm'::text))", "Rows Removed by Filter": 4158428, "Actual Rows": 9062}], "Actual Rows": 9062}, {"Node Type": "Index Scan", "Parent Relationship": "Inner", "Scan Direction": "Forward", "Index Name": "person_id_cast_info", "Relation Name": "cast_info", "Alias": "ci", "Startup Cost": 0.0, "Total Cost": 43.0, "Plan Rows": 2, "Plan Width": 8, "Actual Min Startup Time": 105.918, "Actual Max Startup Time": 105.918, "Actual Min Total Time": 125.274, "Actual Max Total Time": 125.274, "Index Cond": "(person_id = n.id)", "Rows Removed by Index Recheck": 0, "Filter": "((note)::text = ANY ('{(producer),\"(executive producer)\"}'::text[]))", "Rows Removed by Filter": 89309, "Actual Rows": 6719}], "Actual Rows": 6719}, {"Node Type": "Index Scan", "Parent Relationship": "Inner", "Scan Direction": "Forward", "Index Name": "movie_id_movie_info_idx", "Relation Name": "movie_info_idx", "Alias": "mi_idx", "Startup Cost": 0.0, "Total Cost": 0.31, "Plan Rows": 2, "Plan Width": 13, "Actual Min Startup Time": 28.109, "Actual Max Startup Time": 28.109, "Actual Min Total Time": 32.173, "Actual Max Total Time": 32.173, "Index Cond": "(movie_id = ci.movie_id)", "Rows Removed by Index Recheck": 0, "Actual Rows": 10310}], "Actual Rows": 10310}, {"Node Type": "Index Scan", "Parent Relationship": "Inner", "Scan Direction": "Forward", "Index Name": "info_type_pkey", "Relation Name": "info_type", "Alias": "it2", "Startup Cost": 0.0, "Total Cost": 0.27, "Plan Rows": 1, "Plan Width": 4, "Actual Min Startup Time": 19.363, "Actual Max Startup Time": 19.363, "Actual Min Total Time": 19.363, "Actual Max Total Time": 19.363, "Index Cond": "(id = mi_idx.info_type_id)", "Rows Removed by Index Recheck": 0, "Filter": "((info)::text = 'votes'::text)", "Rows Removed by Filter": 6875, "Actual Rows": 3435}], "Actual Rows": 3435}, {"Node Type": "Index Scan", "Parent Relationship": "Inner", "Scan Direction": "Forward", "Index Name": "movie_id_movie_info", "Relation Name": "movie_info", "Alias": "mi", "Startup Cost": 0.0, "Total Cost": 0.7, "Plan Rows": 5, "Plan Width": 50, "Actual Min Startup Time": 23.918, "Actual Max Startup Time": 23.918, "Actual Min Total Time": 96.392, "Actual Max Total Time": 96.392, "Index Cond": "(movie_id = ci.movie_id)", "Rows Removed by Index Recheck": 0, "Actual Rows": 82408}], "Actual Rows": 82408}, {"Node Type": "Index Scan", "Parent Relationship": "Inner", "Scan Direction": "Forward", "Index Name": "info_type_pkey", "Relation Name": "info_type", "Alias": "it1", "Startup Cost": 0.0, "Total Cost": 0.27, "Plan Rows": 1, "Plan Width": 4, "Actual Min Startup Time": 142.438, "Actual Max Startup Time": 142.438, "Actual Min Total Time": 142.438, "Actual Max Total Time": 142.438, "Index Cond": "(id = mi.info_type_id)", "Rows Removed by Index Recheck": 0, "Filter": "((info)::text = 'budget'::text)", "Rows Removed by Filter": 79844, "Actual Rows": 410}], "Actual Rows": 410}, {"Node Type": "Index Scan", "Parent Relationship": "Inner", "Scan Direction": "Forward", "Index Name": "title_pkey", "Relation Name": "title", "Alias": "t", "Startup Cost": 0.0, "Total Cost": 0.28, "Plan Rows": 1, "Plan Width": 21, "Actual Min Startup Time": 3.639, "Actual Max Startup Time": 3.639, "Actual Min Total Time": 3.639, "Actual Max Total Time": 3.639, "Index Cond": "(id = mi.movie_id)", "Rows Removed by Index Recheck": 0, "Actual Rows": 410}], "Actual Rows": 410}], "Actual Rows": 1}, "Triggers": [], "Planner Runtime": 28.452, "Total Runtime": 584.89, "Unique SQL Id": 4264520866}}, "(64, '93')": {"explain_plan": {"Plan": {"Node Type": "Aggregate", "Strategy": "Plain", "Startup Cost": 204828.22, "Total Cost": 204828.23, "Plan Rows": 1, "Plan Width": 160, "Plans": [{"Node Type": "Nested Loop", "Parent Relationship": "Outer", "Join Type": "Inner", "Startup Cost": 0.0, "Total Cost": 204828.15, "Plan Rows": 9, "Plan Width": 64, "Inner Unique": true, "Plans": [{"Node Type": "Nested Loop", "Parent Relationship": "Outer", "Join Type": "Inner", "Startup Cost": 0.0, "Total Cost": 204825.52, "Plan Rows": 9, "Plan Width": 59, "Inner Unique": true, "Plans": [{"Node Type": "Nested Loop", "Parent Relationship": "Outer", "Join Type": "Inner", "Startup Cost": 0.0, "Total Cost": 204746.71, "Plan Rows": 279, "Plan Width": 63, "Inner Unique": false, "Join Filter": "(mi_idx.movie_id = mi.movie_id)", "Plans": [{"Node Type": "Nested Loop", "Parent Relationship": "Outer", "Join Type": "Inner", "Startup Cost": 0.0, "Total Cost": 204707.1, "Plan Rows": 52, "Plan Width": 13, "Inner Unique": true, "Plans": [{"Node Type": "Nested Loop", "Parent Relationship": "Outer", "Join Type": "Inner", "Startup Cost": 0.0, "Total Cost": 204609.36, "Plan Rows": 346, "Plan Width": 17, "Inner Unique": false, "Plans": [{"Node Type": "Nested Loop", "Parent Relationship": "Outer", "Join Type": "Inner", "Startup Cost": 0.0, "Total Cost": 204512.56, "Plan Rows": 294, "Plan Width": 4, "Inner Unique": false, "Plans": [{"Node Type": "Index Scan", "Parent Relationship": "Outer", "Scan Direction": "Forward", "Index Name": "name_pkey", "Relation Name": "name", "Alias": "n", "Startup Cost": 0.0, "Total Cost": 197070.2, "Plan Rows": 173, "Plan Width": 4, "Filter": "(((name)::text ~~ '%Tim%'::text) AND ((gender)::text = 'm'::text))"}, {"Node Type": "Index Scan", "Parent Relationship": "Inner", "Scan Direction": "Forward", "Index Name": "person_id_cast_info", "Relation Name": "cast_info", "Alias": "ci", "Startup Cost": 0.0, "Total Cost": 43.0, "Plan Rows": 2, "Plan Width": 8, "Index Cond": "(person_id = n.id)", "Filter": "((note)::text = ANY ('{(producer),\"(executive producer)\"}'::text[]))"}]}, {"Node Type": "Index Scan", "Parent Relationship": "Inner", "Scan Direction": "Forward", "Index Name": "movie_id_movie_info_idx", "Relation Name": "movie_info_idx", "Alias": "mi_idx", "Startup Cost": 0.0, "Total Cost": 0.31, "Plan Rows": 2, "Plan Width": 13, "Index Cond": "(movie_id = ci.movie_id)"}]}, {"Node Type": "Index Scan", "Parent Relationship": "Inner", "Scan Direction": "Forward", "Index Name": "info_type_pkey", "Relation Name": "info_type", "Alias": "it2", "Startup Cost": 0.0, "Total Cost": 0.27, "Plan Rows": 1, "Plan Width": 4, "Index Cond": "(id = mi_idx.info_type_id)", "Filter": "((info)::text = 'votes'::text)"}]}, {"Node Type": "Index Scan", "Parent Relationship": "Inner", "Scan Direction": "Forward", "Index Name": "movie_id_movie_info", "Relation Name": "movie_info", "Alias": "mi", "Startup Cost": 0.0, "Total Cost": 0.7, "Plan Rows": 5, "Plan Width": 50, "Index Cond": "(movie_id = ci.movie_id)"}]}, {"Node Type": "Index Scan", "Parent Relationship": "Inner", "Scan Direction": "Forward", "Index Name": "info_type_pkey", "Relation Name": "info_type", "Alias": "it1", "Startup Cost": 0.0, "Total Cost": 0.27, "Plan Rows": 1, "Plan Width": 4, "Index Cond": "(id = mi.info_type_id)", "Filter": "((info)::text = 'budget'::text)"}]}, {"Node Type": "Index Scan", "Parent Relationship": "Inner", "Scan Direction": "Forward", "Index Name": "title_pkey", "Relation Name": "title", "Alias": "t", "Startup Cost": 0.0, "Total Cost": 0.28, "Plan Rows": 1, "Plan Width": 21, "Index Cond": "(id = mi.movie_id)"}]}]}, "Unique SQL Id": 4264520866, "Planner Runtime": 25}, "explain_analyze_plan": null}, "(64, '94')": {"explain_plan": {"Plan": {"Node Type": "Aggregate", "Strategy": "Plain", "Startup Cost": 2100151399278.79, "Total Cost": 2100151399278.8, "Plan Rows": 1, "Plan Width": 160, "Plans": [{"Node Type": "Merge Join", "Parent Relationship": "Outer", "Join Type": "Inner", "Startup Cost": 2100151399272.66, "Total Cost": 2100151399278.72, "Plan Rows": 9, "Plan Width": 64, "Inner Unique": true, "Merge Cond": "(mi.info_type_id = it1.id)", "Plans": [{"Node Type": "Sort", "Parent Relationship": "Outer", "Startup Cost": 2100151399269.91, "Total Cost": 2100151399272.97, "Plan Rows": 1225, "Plan Width": 68, "Sort Key": ["mi.info_type_id"], "Plans": [{"Node Type": "Merge Join", "Parent Relationship": "Outer", "Join Type": "Inner", "Startup Cost": 30000532050.8, "Total Cost": 2100151399207.08, "Plan Rows": 1225, "Plan Width": 68, "Inner Unique": false, "Merge Cond": "(t.id = mi.movie_id)", "Plans": [{"Node Type": "Nested Loop", "Parent Relationship": "Outer", "Join Type": "Inner", "Startup Cost": 20000532050.8, "Total Cost": 1100047545107.3, "Plan Rows": 228, "Plan Width": 34, "Inner Unique": false, "Join Filter": "(ci.movie_id = t.id)", "Plans": [{"Node Type": "Merge Join", "Parent Relationship": "Outer", "Join Type": "Inner", "Startup Cost": 532050.8, "Total Cost": 549855.61, "Plan Rows": 345008, "Plan Width": 30, "Inner Unique": true, "Merge Cond": "(mi_idx.movie_id = t.id)", "Plans": [{"Node Type": "Sort", "Parent Relationship": "Outer", "Startup Cost": 203099.06, "Total Cost": 203961.58, "Plan Rows": 345008, "Plan Width": 9, "Sort Key": ["mi_idx.movie_id"], "Plans": [{"Node Type": "Merge Join", "Parent Relationship": "Outer", "Join Type": "Inner", "Startup Cost": 161014.5, "Total Cost": 171364.75, "Plan Rows": 345008, "Plan Width": 9, "Inner Unique": false, "Merge Cond": "(it2.id = mi_idx.info_type_id)", "Plans": [{"Node Type": "Sort", "Parent Relationship": "Outer", "Startup Cost": 2.41, "Total Cost": 2.42, "Plan Rows": 1, "Plan Width": 4, "Sort Key": ["it2.id"], "Plans": [{"Node Type": "Seq Scan", "Parent Relationship": "Outer", "Relation Name": "info_type", "Alias": "it2", "Startup Cost": 0.0, "Total Cost": 2.4, "Plan Rows": 1, "Plan Width": 4, "Filter": "((info)::text = 'votes'::text)"}]}, {"Node Type": "Sort", "Parent Relationship": "Inner", "Startup Cost": 161012.09, "Total Cost": 164462.17, "Plan Rows": 1380034, "Plan Width": 13, "Sort Key": ["mi_idx.info_type_id"], "Plans": [{"Node Type": "Seq Scan", "Parent Relationship": "Outer", "Relation Name": "movie_info_idx", "Alias": "mi_idx", "Startup Cost": 0.0, "Total Cost": 20274.34, "Plan Rows": 1380034, "Plan Width": 13}]}]}]}, {"Node Type": "Sort", "Parent Relationship": "Inner", "Startup Cost": 328951.73, "Total Cost": 335272.51, "Plan Rows": 2528311, "Plan Width": 21, "Sort Key": ["t.id"], "Plans": [{"Node Type": "Seq Scan", "Parent Relationship": "Outer", "Relation Name": "title", "Alias": "t", "Startup Cost": 0.0, "Total Cost": 60069.11, "Plan Rows": 2528311, "Plan Width": 21}]}]}, {"Node Type": "Materialize", "Parent Relationship": "Inner", "Startup Cost": 10000000000.0, "Total Cost": 100002683170.57, "Plan Rows": 294, "Plan Width": 4, "Plans": [{"Node Type": "Streaming(type: LOCAL GATHER dop: 1/64)", "Parent Relationship": "Outer", "Startup Cost": 10000000000.0, "Total Cost": 100002683169.1, "Plan Rows": 294, "Plan Width": 4, "Plans": [{"Node Type": "Nested Loop", "Parent Relationship": "Outer", "Join Type": "Inner", "Startup Cost": 10000000000.0, "Total Cost": 100002683163.04, "Plan Rows": 294, "Plan Width": 4, "Inner Unique": true, "Join Filter": "(ci.person_id = n.id)", "Plans": [{"Node Type": "Streaming(type: LOCAL REDISTRIBUTE dop: 64/64)", "Parent Relationship": "Outer", "Startup Cost": 0.0, "Total Cost": 139047.2, "Plan Rows": 2350421, "Plan Width": 8, "Plans": [{"Node Type": "Seq Scan", "Parent Relationship": "Outer", "Relation Name": "cast_info", "Alias": "ci", "Startup Cost": 0.0, "Total Cost": 73820.73, "Plan Rows": 2350421, "Plan Width": 8, "Filter": "((note)::text = ANY ('{(producer),\"(executive producer)\"}'::text[]))"}]}, {"Node Type": "Materialize", "Parent Relationship": "Inner", "Startup Cost": 0.0, "Total Cost": 127780.01, "Plan Rows": 173, "Plan Width": 4, "Plans": [{"Node Type": "Streaming(type: LOCAL REDISTRIBUTE dop: 64/64)", "Parent Relationship": "Outer", "Startup Cost": 0.0, "Total Cost": 127780.0, "Plan Rows": 173, "Plan Width": 4, "Plans": [{"Node Type": "Seq Scan", "Parent Relationship": "Outer", "Relation Name": "name", "Alias": "n", "Startup Cost": 0.0, "Total Cost": 64779.83, "Plan Rows": 173, "Plan Width": 4, "Filter": "(((name)::text ~~ '%Tim%'::text) AND ((gender)::text = 'm'::text))"}]}]}]}]}]}]}, {"Node Type": "Index Scan", "Parent Relationship": "Inner", "Scan Direction": "Forward", "Index Name": "movie_id_movie_info", "Relation Name": "movie_info", "Alias": "mi", "Startup Cost": 10000000000.0, "Total Cost": 1000103816912.22, "Plan Rows": 14869966, "Plan Width": 50}]}]}, {"Node Type": "Materialize", "Parent Relationship": "Inner", "Startup Cost": 2.41, "Total Cost": 2.42, "Plan Rows": 1, "Plan Width": 4, "Plans": [{"Node Type": "Sort", "Parent Relationship": "Outer", "Startup Cost": 2.41, "Total Cost": 2.42, "Plan Rows": 1, "Plan Width": 4, "Sort Key": ["it1.id"], "Plans": [{"Node Type": "Seq Scan", "Parent Relationship": "Outer", "Relation Name": "info_type", "Alias": "it1", "Startup Cost": 0.0, "Total Cost": 2.4, "Plan Rows": 1, "Plan Width": 4, "Filter": "((info)::text = 'budget'::text)"}]}]}]}]}, "Unique SQL Id": 4264520866, "Planner Runtime": 48}, "explain_analyze_plan": null}, "(64, '95')": {"explain_plan": {"Plan": {"Node Type": "Aggregate", "Strategy": "Plain", "Startup Cost": 6974814659197.4, "Total Cost": 6974814659197.41, "Plan Rows": 1, "Plan Width": 160, "Plans": [{"Node Type": "Merge Join", "Parent Relationship": "Outer", "Join Type": "Inner", "Startup Cost": 5984814657769.96, "Total Cost": 6974814659197.02, "Plan Rows": 51, "Plan Width": 64, "Inner Unique": true, "Merge Cond": "(mi.info_type_id = it1.id)", "Plans": [{"Node Type": "Sort", "Parent Relationship": "Outer", "Startup Cost": 5974814657769.62, "Total Cost": 5974814657772.69, "Plan Rows": 1225, "Plan Width": 68, "Sort Key": ["mi.info_type_id"], "Plans": [{"Node Type": "Merge Join", "Parent Relationship": "Outer", "Join Type": "Inner", "Startup Cost": 3997280927518.47, "Total Cost": 5974814657706.79, "Plan Rows": 1225, "Plan Width": 68, "Inner Unique": false, "Merge Cond": "(t.id = mi_idx.movie_id)", "Plans": [{"Node Type": "Merge Join", "Parent Relationship": "Outer", "Join Type": "Inner", "Startup Cost": 20024668916.98, "Total Cost": 1999413704354.18, "Plan Rows": 13396577, "Plan Width": 71, "Inner Unique": false, "Merge Cond": "(t.id = mi.movie_id)", "Plans": [{"Node Type": "Index Scan", "Parent Relationship": "Outer", "Scan Direction": "Forward", "Index Name": "title_pkey", "Relation Name": "title", "Alias": "t", "Startup Cost": 10000000000.0, "Total Cost": 1000011012048.91, "Plan Rows": 2528311, "Plan Width": 21}, {"Node Type": "Index Scan", "Parent Relationship": "Inner", "Scan Direction": "Forward", "Index Name": "movie_id_movie_info", "Relation Name": "movie_info", "Alias": "mi", "Startup Cost": 10000000000.0, "Total Cost": 1000103816912.22, "Plan Rows": 14869966, "Plan Width": 50}]}, {"Node Type": "Sort", "Parent Relationship": "Inner", "Startup Cost": 3977256258601.49, "Total Cost": 3977256258602.06, "Plan Rows": 228, "Plan Width": 13, "Sort Key": ["ci.movie_id"], "Plans": [{"Node Type": "Merge Join", "Parent Relationship": "Outer", "Join Type": "Inner", "Startup Cost": 3010127178545.11, "Total Cost": 3977256258592.56, "Plan Rows": 228, "Plan Width": 13, "Inner Unique": true, "Merge Cond": "(ci.person_id = n.id)", "Plans": [{"Node Type": "Sort", "Parent Relationship": "Outer", "Startup Cost": 3000127178545.04, "Total Cost": 3000127179589.27, "Plan Rows": 417690, "Plan Width": 17, "Sort Key": ["ci.person_id"], "Plans": [{"Node Type": "Merge Join", "Parent Relationship": "Outer", "Join Type": "Inner", "Startup Cost": 2010001865471.59, "Total Cost": 3000127139549.35, "Plan Rows": 417690, "Plan Width": 17, "Inner Unique": false, "Merge Cond": "(ci.movie_id = mi_idx.movie_id)", "Plans": [{"Node Type": "Index Scan", "Parent Relationship": "Outer", "Scan Direction": "Forward", "Index Name": "movie_id_cast_info", "Relation Name": "cast_info", "Alias": "ci", "Startup Cost": 10000000000.0, "Total Cost": 1000214997262.8, "Plan Rows": 2350421, "Plan Width": 8, "Filter": "((note)::text = ANY ('{(producer),\"(executive producer)\"}'::text[]))"}, {"Node Type": "Sort", "Parent Relationship": "Inner", "Startup Cost": 2000001865471.58, "Total Cost": 2000001866334.1, "Plan Rows": 345008, "Plan Width": 9, "Sort Key": ["mi_idx.movie_id"], "Plans": [{"Node Type": "Nested Loop", "Parent Relationship": "Outer", "Join Type": "Inner", "Startup Cost": 20000007502.06, "Total Cost": 2000001833737.28, "Plan Rows": 345008, "Plan Width": 9, "Inner Unique": false, "Plans": [{"Node Type": "Index Scan", "Parent Relationship": "Outer", "Scan Direction": "Forward", "Index Name": "info_type_pkey", "Relation Name": "info_type", "Alias": "it2", "Startup Cost": 10000000000.0, "Total Cost": 1000000001421.0, "Plan Rows": 1, "Plan Width": 4, "Filter": "((info)::text = 'votes'::text)"}, {"Node Type": "Bitmap Heap Scan", "Parent Relationship": "Inner", "Relation Name": "movie_info_idx", "Alias": "mi_idx", "Startup Cost": 10000007502.06, "Total Cost": 1000001828866.2, "Plan Rows": 345008, "Plan Width": 13, "Recheck Cond": "(info_type_id = it2.id), (LLVM Optimized)", "Plans": [{"Node Type": "Bitmap Index Scan", "Parent Relationship": "Outer", "Index Name": "info_type_id_movie_info_idx", "Startup Cost": 0.0, "Total Cost": 7415.81, "Plan Rows": 345008, "Plan Width": 0, "Index Cond": "(info_type_id = it2.id)"}]}]}]}]}]}, {"Node Type": "Materialize", "Parent Relationship": "Inner", "Startup Cost": 10000000000.0, "Total Cost": 1000019707020.14, "Plan Rows": 173, "Plan Width": 4, "Plans": [{"Node Type": "Index Scan", "Parent Relationship": "Outer", "Scan Direction": "Forward", "Index Name": "name_pkey", "Relation Name": "name", "Alias": "n", "Startup Cost": 10000000000.0, "Total Cost": 1000019707019.7, "Plan Rows": 173, "Plan Width": 4, "Filter": "(((name)::text ~~ '%Tim%'::text) AND ((gender)::text = 'm'::text))"}]}]}]}]}]}, {"Node Type": "Materialize", "Parent Relationship": "Inner", "Startup Cost": 10000000000.0, "Total Cost": 1000000001421.0, "Plan Rows": 1, "Plan Width": 4, "Plans": [{"Node Type": "Index Scan", "Parent Relationship": "Outer", "Scan Direction": "Forward", "Index Name": "info_type_pkey", "Relation Name": "info_type", "Alias": "it1", "Startup Cost": 10000000000.0, "Total Cost": 1000000001421.0, "Plan Rows": 1, "Plan Width": 4, "Filter": "((info)::text = 'budget'::text)"}]}]}]}, "Unique SQL Id": 4264520866, "Planner Runtime": 106}, "explain_analyze_plan": null}, "(64, '96')": {"explain_plan": {"Plan": {"Node Type": "Aggregate", "Strategy": "Plain", "Startup Cost": 72942.7, "Total Cost": 72942.71, "Plan Rows": 1, "Plan Width": 160, "Plans": [{"Node Type": "Nested Loop", "Parent Relationship": "Outer", "Join Type": "Inner", "Startup Cost": 0.0, "Total Cost": 72942.64, "Plan Rows": 9, "Plan Width": 64, "Inner Unique": true, "Plans": [{"Node Type": "Nested Loop", "Parent Relationship": "Outer", "Join Type": "Inner", "Startup Cost": 0.0, "Total Cost": 72940.01, "Plan Rows": 9, "Plan Width": 59, "Inner Unique": true, "Plans": [{"Node Type": "Nested Loop", "Parent Relationship": "Outer", "Join Type": "Inner", "Startup Cost": 0.0, "Total Cost": 72593.95, "Plan Rows": 1225, "Plan Width": 63, "Inner Unique": false, "Join Filter": "(mi_idx.movie_id = mi.movie_id)", "Plans": [{"Node Type": "Nested Loop", "Parent Relationship": "Outer", "Join Type": "Inner", "Startup Cost": 0.0, "Total Cost": 72420.31, "Plan Rows": 228, "Plan Width": 13, "Inner Unique": true, "Plans": [{"Node Type": "Nested Loop", "Parent Relationship": "Outer", "Join Type": "Inner", "Startup Cost": 0.0, "Total Cost": 72322.56, "Plan Rows": 346, "Plan Width": 17, "Inner Unique": false, "Plans": [{"Node Type": "Nested Loop", "Parent Relationship": "Outer", "Join Type": "Inner", "Startup Cost": 0.0, "Total Cost": 72225.77, "Plan Rows": 294, "Plan Width": 4, "Inner Unique": false, "Plans": [{"Node Type": "Streaming(type: LOCAL GATHER dop: 1/64)", "Parent Relationship": "Outer", "Startup Cost": 0.0, "Total Cost": 64783.4, "Plan Rows": 173, "Plan Width": 4, "Plans": [{"Node Type": "Seq Scan", "Parent Relationship": "Outer", "Relation Name": "name", "Alias": "n", "Startup Cost": 0.0, "Total Cost": 64779.83, "Plan Rows": 173, "Plan Width": 4, "Filter": "(((name)::text ~~ '%Tim%'::text) AND ((gender)::text = 'm'::text))"}]}, {"Node Type": "Index Scan", "Parent Relationship": "Inner", "Scan Direction": "Forward", "Index Name": "person_id_cast_info", "Relation Name": "cast_info", "Alias": "ci", "Startup Cost": 0.0, "Total Cost": 43.0, "Plan Rows": 2, "Plan Width": 8, "Index Cond": "(person_id = n.id)", "Filter": "((note)::text = ANY ('{(producer),\"(executive producer)\"}'::text[]))"}]}, {"Node Type": "Index Scan", "Parent Relationship": "Inner", "Scan Direction": "Forward", "Index Name": "movie_id_movie_info_idx", "Relation Name": "movie_info_idx", "Alias": "mi_idx", "Startup Cost": 0.0, "Total Cost": 0.31, "Plan Rows": 2, "Plan Width": 13, "Index Cond": "(movie_id = ci.movie_id)"}]}, {"Node Type": "Index Scan", "Parent Relationship": "Inner", "Scan Direction": "Forward", "Index Name": "info_type_pkey", "Relation Name": "info_type", "Alias": "it2", "Startup Cost": 0.0, "Total Cost": 0.27, "Plan Rows": 1, "Plan Width": 4, "Index Cond": "(id = mi_idx.info_type_id)", "Filter": "((info)::text = 'votes'::text)"}]}, {"Node Type": "Index Scan", "Parent Relationship": "Inner", "Scan Direction": "Forward", "Index Name": "movie_id_movie_info", "Relation Name": "movie_info", "Alias": "mi", "Startup Cost": 0.0, "Total Cost": 0.7, "Plan Rows": 5, "Plan Width": 50, "Index Cond": "(movie_id = ci.movie_id)"}]}, {"Node Type": "Index Scan", "Parent Relationship": "Inner", "Scan Direction": "Forward", "Index Name": "info_type_pkey", "Relation Name": "info_type", "Alias": "it1", "Startup Cost": 0.0, "Total Cost": 0.27, "Plan Rows": 1, "Plan Width": 4, "Index Cond": "(id = mi.info_type_id)", "Filter": "((info)::text = 'budget'::text)"}]}, {"Node Type": "Index Scan", "Parent Relationship": "Inner", "Scan Direction": "Forward", "Index Name": "title_pkey", "Relation Name": "title", "Alias": "t", "Startup Cost": 0.0, "Total Cost": 0.28, "Plan Rows": 1, "Plan Width": 21, "Index Cond": "(id = mi.movie_id)"}]}]}, "Unique SQL Id": 4264520866, "Planner Runtime": 53}, "explain_analyze_plan": {"Plan": {"Node Type": "Aggregate", "Strategy": "Plain", "Startup Cost": 72942.7, "Total Cost": 72942.71, "Plan Rows": 1, "Plan Width": 160, "Actual Min Startup Time": 569.666, "Actual Max Startup Time": 569.666, "Actual Min Total Time": 569.667, "Actual Max Total Time": 569.667, "Plans": [{"Node Type": "Nested Loop", "Parent Relationship": "Outer", "Join Type": "Inner", "Startup Cost": 0.0, "Total Cost": 72942.64, "Plan Rows": 9, "Plan Width": 64, "Actual Min Startup Time": 40.11, "Actual Max Startup Time": 40.11, "Actual Min Total Time": 568.945, "Actual Max Total Time": 568.945, "Inner Unique": true, "Plans": [{"Node Type": "Nested Loop", "Parent Relationship": "Outer", "Join Type": "Inner", "Startup Cost": 0.0, "Total Cost": 72940.01, "Plan Rows": 9, "Plan Width": 59, "Actual Min Startup Time": 40.09, "Actual Max Startup Time": 40.09, "Actual Min Total Time": 564.733, "Actual Max Total Time": 564.733, "Inner Unique": true, "Plans": [{"Node Type": "Nested Loop", "Parent Relationship": "Outer", "Join Type": "Inner", "Startup Cost": 0.0, "Total Cost": 72593.95, "Plan Rows": 1225, "Plan Width": 63, "Actual Min Startup Time": 40.011, "Actual Max Startup Time": 40.011, "Actual Min Total Time": 382.267, "Actual Max Total Time": 382.267, "Inner Unique": false, "Join Filter": "(mi_idx.movie_id = mi.movie_id)", "Rows Removed by Join Filter": 0, "Plans": [{"Node Type": "Nested Loop", "Parent Relationship": "Outer", "Join Type": "Inner", "Startup Cost": 0.0, "Total Cost": 72420.31, "Plan Rows": 228, "Plan Width": 13, "Actual Min Startup Time": 39.984, "Actual Max Startup Time": 39.984, "Actual Min Total Time": 253.086, "Actual Max Total Time": 253.086, "Inner Unique": true, "Plans": [{"Node Type": "Nested Loop", "Parent Relationship": "Outer", "Join Type": "Inner", "Startup Cost": 0.0, "Total Cost": 72322.56, "Plan Rows": 346, "Plan Width": 17, "Actual Min Startup Time": 39.962, "Actual Max Startup Time": 39.962, "Actual Min Total Time": 227.811, "Actual Max Total Time": 227.811, "Inner Unique": false, "Plans": [{"Node Type": "Nested Loop", "Parent Relationship": "Outer", "Join Type": "Inner", "Startup Cost": 0.0, "Total Cost": 72225.77, "Plan Rows": 294, "Plan Width": 4, "Actual Min Startup Time": 39.941, "Actual Max Startup Time": 39.941, "Actual Min Total Time": 189.602, "Actual Max Total Time": 189.602, "Inner Unique": false, "Plans": [{"Node Type": "Streaming(type: LOCAL GATHER dop: 1/64)", "Parent Relationship": "Outer", "Startup Cost": 0.0, "Total Cost": 64783.4, "Plan Rows": 173, "Plan Width": 4, "Actual Min Startup Time": 39.746, "Actual Max Startup Time": 39.746, "Actual Min Total Time": 56.243, "Actual Max Total Time": 56.243, "Plans": [{"Node Type": "Seq Scan", "Parent Relationship": "Outer", "Relation Name": "name", "Alias": "n", "Startup Cost": 0.0, "Total Cost": 64779.83, "Plan Rows": 173, "Plan Width": 4, "Actual Min Startup Time": 0.032, "Actual Max Startup Time": 0.852, "Actual Min Total Time": 25.454, "Actual Max Total Time": 29.51, "Filter": "(((name)::text ~~ '%Tim%'::text) AND ((gender)::text = 'm'::text))", "Rows Removed by Filter": 4158428, "Actual Rows": 9062}], "Actual Rows": 9062}, {"Node Type": "Index Scan", "Parent Relationship": "Inner", "Scan Direction": "Forward", "Index Name": "person_id_cast_info", "Relation Name": "cast_info", "Alias": "ci", "Startup Cost": 0.0, "Total Cost": 43.0, "Plan Rows": 2, "Plan Width": 8, "Actual Min Startup Time": 107.408, "Actual Max Startup Time": 107.408, "Actual Min Total Time": 126.897, "Actual Max Total Time": 126.897, "Index Cond": "(person_id = n.id)", "Rows Removed by Index Recheck": 0, "Filter": "((note)::text = ANY ('{(producer),\"(executive producer)\"}'::text[]))", "Rows Removed by Filter": 89309, "Actual Rows": 6719}], "Actual Rows": 6719}, {"Node Type": "Index Scan", "Parent Relationship": "Inner", "Scan Direction": "Forward", "Index Name": "movie_id_movie_info_idx", "Relation Name": "movie_info_idx", "Alias": "mi_idx", "Startup Cost": 0.0, "Total Cost": 0.31, "Plan Rows": 2, "Plan Width": 13, "Actual Min Startup Time": 28.176, "Actual Max Startup Time": 28.176, "Actual Min Total Time": 32.209, "Actual Max Total Time": 32.209, "Index Cond": "(movie_id = ci.movie_id)", "Rows Removed by Index Recheck": 0, "Actual Rows": 10310}], "Actual Rows": 10310}, {"Node Type": "Index Scan", "Parent Relationship": "Inner", "Scan Direction": "Forward", "Index Name": "info_type_pkey", "Relation Name": "info_type", "Alias": "it2", "Startup Cost": 0.0, "Total Cost": 0.27, "Plan Rows": 1, "Plan Width": 4, "Actual Min Startup Time": 19.543, "Actual Max Startup Time": 19.543, "Actual Min Total Time": 19.543, "Actual Max Total Time": 19.543, "Index Cond": "(id = mi_idx.info_type_id)", "Rows Removed by Index Recheck": 0, "Filter": "((info)::text = 'votes'::text)", "Rows Removed by Filter": 6875, "Actual Rows": 3435}], "Actual Rows": 3435}, {"Node Type": "Index Scan", "Parent Relationship": "Inner", "Scan Direction": "Forward", "Index Name": "movie_id_movie_info", "Relation Name": "movie_info", "Alias": "mi", "Startup Cost": 0.0, "Total Cost": 0.7, "Plan Rows": 5, "Plan Width": 50, "Actual Min Startup Time": 24.139, "Actual Max Startup Time": 24.139, "Actual Min Total Time": 96.438, "Actual Max Total Time": 96.438, "Index Cond": "(movie_id = ci.movie_id)", "Rows Removed by Index Recheck": 0, "Actual Rows": 82408}], "Actual Rows": 82408}, {"Node Type": "Index Scan", "Parent Relationship": "Inner", "Scan Direction": "Forward", "Index Name": "info_type_pkey", "Relation Name": "info_type", "Alias": "it1", "Startup Cost": 0.0, "Total Cost": 0.27, "Plan Rows": 1, "Plan Width": 4, "Actual Min Startup Time": 144.114, "Actual Max Startup Time": 144.114, "Actual Min Total Time": 144.114, "Actual Max Total Time": 144.114, "Index Cond": "(id = mi.info_type_id)", "Rows Removed by Index Recheck": 0, "Filter": "((info)::text = 'budget'::text)", "Rows Removed by Filter": 79844, "Actual Rows": 410}], "Actual Rows": 410}, {"Node Type": "Index Scan", "Parent Relationship": "Inner", "Scan Direction": "Forward", "Index Name": "title_pkey", "Relation Name": "title", "Alias": "t", "Startup Cost": 0.0, "Total Cost": 0.28, "Plan Rows": 1, "Plan Width": 21, "Actual Min Startup Time": 3.633, "Actual Max Startup Time": 3.633, "Actual Min Total Time": 3.633, "Actual Max Total Time": 3.633, "Index Cond": "(id = mi.movie_id)", "Rows Removed by Index Recheck": 0, "Actual Rows": 410}], "Actual Rows": 410}], "Actual Rows": 1}, "Triggers": [], "Planner Runtime": 69.966, "Total Runtime": 581.537, "Unique SQL Id": 4264520866}}, "(64, '97')": {"explain_plan": {"Plan": {"Node Type": "Aggregate", "Strategy": "Plain", "Startup Cost": 204828.22, "Total Cost": 204828.23, "Plan Rows": 1, "Plan Width": 160, "Plans": [{"Node Type": "Nested Loop", "Parent Relationship": "Outer", "Join Type": "Inner", "Startup Cost": 0.0, "Total Cost": 204828.15, "Plan Rows": 9, "Plan Width": 64, "Inner Unique": true, "Plans": [{"Node Type": "Nested Loop", "Parent Relationship": "Outer", "Join Type": "Inner", "Startup Cost": 0.0, "Total Cost": 204825.52, "Plan Rows": 9, "Plan Width": 59, "Inner Unique": true, "Plans": [{"Node Type": "Nested Loop", "Parent Relationship": "Outer", "Join Type": "Inner", "Startup Cost": 0.0, "Total Cost": 204746.71, "Plan Rows": 279, "Plan Width": 63, "Inner Unique": false, "Join Filter": "(mi_idx.movie_id = mi.movie_id)", "Plans": [{"Node Type": "Nested Loop", "Parent Relationship": "Outer", "Join Type": "Inner", "Startup Cost": 0.0, "Total Cost": 204707.1, "Plan Rows": 52, "Plan Width": 13, "Inner Unique": true, "Plans": [{"Node Type": "Nested Loop", "Parent Relationship": "Outer", "Join Type": "Inner", "Startup Cost": 0.0, "Total Cost": 204609.36, "Plan Rows": 346, "Plan Width": 17, "Inner Unique": false, "Plans": [{"Node Type": "Nested Loop", "Parent Relationship": "Outer", "Join Type": "Inner", "Startup Cost": 0.0, "Total Cost": 204512.56, "Plan Rows": 294, "Plan Width": 4, "Inner Unique": false, "Plans": [{"Node Type": "Index Scan", "Parent Relationship": "Outer", "Scan Direction": "Forward", "Index Name": "name_pkey", "Relation Name": "name", "Alias": "n", "Startup Cost": 0.0, "Total Cost": 197070.2, "Plan Rows": 173, "Plan Width": 4, "Filter": "(((name)::text ~~ '%Tim%'::text) AND ((gender)::text = 'm'::text))"}, {"Node Type": "Index Scan", "Parent Relationship": "Inner", "Scan Direction": "Forward", "Index Name": "person_id_cast_info", "Relation Name": "cast_info", "Alias": "ci", "Startup Cost": 0.0, "Total Cost": 43.0, "Plan Rows": 2, "Plan Width": 8, "Index Cond": "(person_id = n.id)", "Filter": "((note)::text = ANY ('{(producer),\"(executive producer)\"}'::text[]))"}]}, {"Node Type": "Index Scan", "Parent Relationship": "Inner", "Scan Direction": "Forward", "Index Name": "movie_id_movie_info_idx", "Relation Name": "movie_info_idx", "Alias": "mi_idx", "Startup Cost": 0.0, "Total Cost": 0.31, "Plan Rows": 2, "Plan Width": 13, "Index Cond": "(movie_id = ci.movie_id)"}]}, {"Node Type": "Index Scan", "Parent Relationship": "Inner", "Scan Direction": "Forward", "Index Name": "info_type_pkey", "Relation Name": "info_type", "Alias": "it2", "Startup Cost": 0.0, "Total Cost": 0.27, "Plan Rows": 1, "Plan Width": 4, "Index Cond": "(id = mi_idx.info_type_id)", "Filter": "((info)::text = 'votes'::text)"}]}, {"Node Type": "Index Scan", "Parent Relationship": "Inner", "Scan Direction": "Forward", "Index Name": "movie_id_movie_info", "Relation Name": "movie_info", "Alias": "mi", "Startup Cost": 0.0, "Total Cost": 0.7, "Plan Rows": 5, "Plan Width": 50, "Index Cond": "(movie_id = ci.movie_id)"}]}, {"Node Type": "Index Scan", "Parent Relationship": "Inner", "Scan Direction": "Forward", "Index Name": "info_type_pkey", "Relation Name": "info_type", "Alias": "it1", "Startup Cost": 0.0, "Total Cost": 0.27, "Plan Rows": 1, "Plan Width": 4, "Index Cond": "(id = mi.info_type_id)", "Filter": "((info)::text = 'budget'::text)"}]}, {"Node Type": "Index Scan", "Parent Relationship": "Inner", "Scan Direction": "Forward", "Index Name": "title_pkey", "Relation Name": "title", "Alias": "t", "Startup Cost": 0.0, "Total Cost": 0.28, "Plan Rows": 1, "Plan Width": 21, "Index Cond": "(id = mi.movie_id)"}]}]}, "Unique SQL Id": 4264520866, "Planner Runtime": 28}, "explain_analyze_plan": null}, "(64, '98')": {"explain_plan": {"Plan": {"Node Type": "Aggregate", "Strategy": "Plain", "Startup Cost": 80091.89, "Total Cost": 80091.9, "Plan Rows": 1, "Plan Width": 160, "Plans": [{"Node Type": "Nested Loop", "Parent Relationship": "Outer", "Join Type": "Inner", "Startup Cost": 10.12, "Total Cost": 80091.51, "Plan Rows": 51, "Plan Width": 64, "Inner Unique": true, "Plans": [{"Node Type": "Hash Join", "Parent Relationship": "Outer", "Join Type": "Inner", "Startup Cost": 9.86, "Total Cost": 79873.09, "Plan Rows": 51, "Plan Width": 59, "Inner Unique": true, "Hash Cond": "(mi_idx.info_type_id = it2.id)", "Plans": [{"Node Type": "Nested Loop", "Parent Relationship": "Outer", "Join Type": "Inner", "Startup Cost": 7.45, "Total Cost": 79869.65, "Plan Rows": 204, "Plan Width": 63, "Inner Unique": false, "Plans": [{"Node Type": "Hash Join", "Parent Relationship": "Outer", "Join Type": "Inner", "Startup Cost": 7.18, "Total Cost": 79296.18, "Plan Rows": 133, "Plan Width": 50, "Inner Unique": true, "Hash Cond": "(mi.info_type_id = it1.id)", "Plans": [{"Node Type": "Nested Loop", "Parent Relationship": "Outer", "Join Type": "Inner", "Startup Cost": 4.77, "Total Cost": 79289.64, "Plan Rows": 1561, "Plan Width": 54, "Inner Unique": false, "Plans": [{"Node Type": "Nested Loop", "Parent Relationship": "Outer", "Join Type": "Inner", "Startup Cost": 4.39, "Total Cost": 77967.24, "Plan Rows": 294, "Plan Width": 4, "Inner Unique": false, "Plans": [{"Node Type": "Streaming(type: LOCAL GATHER dop: 1/64)", "Parent Relationship": "Outer", "Startup Cost": 0.0, "Total Cost": 64783.4, "Plan Rows": 173, "Plan Width": 4, "Plans": [{"Node Type": "Seq Scan", "Parent Relationship": "Outer", "Relation Name": "name", "Alias": "n", "Startup Cost": 0.0, "Total Cost": 64779.83, "Plan Rows": 173, "Plan Width": 4, "Filter": "(((name)::text ~~ '%Tim%'::text) AND ((gender)::text = 'm'::text))"}]}, {"Node Type": "Bitmap Heap Scan", "Parent Relationship": "Inner", "Relation Name": "cast_info", "Alias": "ci", "Startup Cost": 4.39, "Total Cost": 76.19, "Plan Rows": 2, "Plan Width": 8, "Recheck Cond": "(person_id = n.id)", "Filter": "((note)::text = ANY ('{(producer),\"(executive producer)\"}'::text[]))", "Plans": [{"Node Type": "Bitmap Index Scan", "Parent Relationship": "Outer", "Index Name": "person_id_cast_info", "Startup Cost": 0.0, "Total Cost": 4.38, "Plan Rows": 18, "Plan Width": 0, "Index Cond": "(person_id = n.id)"}]}]}, {"Node Type": "Bitmap Heap Scan", "Parent Relationship": "Inner", "Relation Name": "movie_info", "Alias": "mi", "Startup Cost": 0.39, "Total Cost": 4.45, "Plan Rows": 5, "Plan Width": 50, "Recheck Cond": "(movie_id = ci.movie_id)", "Plans": [{"Node Type": "Bitmap Index Scan", "Parent Relationship": "Outer", "Index Name": "movie_id_movie_info", "Startup Cost": 0.0, "Total Cost": 0.38, "Plan Rows": 5, "Plan Width": 0, "Index Cond": "(movie_id = ci.movie_id)"}]}]}, {"Node Type": "Hash", "Parent Relationship": "Inner", "Startup Cost": 2.4, "Total Cost": 2.4, "Plan Rows": 1, "Plan Width": 4, "Plans": [{"Node Type": "Seq Scan", "Parent Relationship": "Outer", "Relation Name": "info_type", "Alias": "it1", "Startup Cost": 0.0, "Total Cost": 2.4, "Plan Rows": 1, "Plan Width": 4, "Filter": "((info)::text = 'budget'::text)"}]}]}, {"Node Type": "Bitmap Heap Scan", "Parent Relationship": "Inner", "Relation Name": "movie_info_idx", "Alias": "mi_idx", "Startup Cost": 0.27, "Total Cost": 4.29, "Plan Rows": 2, "Plan Width": 13, "Recheck Cond": "(movie_id = mi.movie_id)", "Plans": [{"Node Type": "Bitmap Index Scan", "Parent Relationship": "Outer", "Index Name": "movie_id_movie_info_idx", "Startup Cost": 0.0, "Total Cost": 0.27, "Plan Rows": 2, "Plan Width": 0, "Index Cond": "(movie_id = mi.movie_id)"}]}]}, {"Node Type": "Hash", "Parent Relationship": "Inner", "Startup Cost": 2.4, "Total Cost": 2.4, "Plan Rows": 1, "Plan Width": 4, "Plans": [{"Node Type": "Seq Scan", "Parent Relationship": "Outer", "Relation Name": "info_type", "Alias": "it2", "Startup Cost": 0.0, "Total Cost": 2.4, "Plan Rows": 1, "Plan Width": 4, "Filter": "((info)::text = 'votes'::text)"}]}]}, {"Node Type": "Bitmap Heap Scan", "Parent Relationship": "Inner", "Relation Name": "title", "Alias": "t", "Startup Cost": 0.26, "Total Cost": 4.27, "Plan Rows": 1, "Plan Width": 21, "Recheck Cond": "(id = mi.movie_id)", "Plans": [{"Node Type": "Bitmap Index Scan", "Parent Relationship": "Outer", "Index Name": "title_pkey", "Startup Cost": 0.0, "Total Cost": 0.26, "Plan Rows": 1, "Plan Width": 0, "Index Cond": "(id = mi.movie_id)"}]}]}]}, "Unique SQL Id": 4264520866, "Planner Runtime": 74}, "explain_analyze_plan": {"Plan": {"Node Type": "Aggregate", "Strategy": "Plain", "Startup Cost": 80091.89, "Total Cost": 80091.9, "Plan Rows": 1, "Plan Width": 160, "Actual Min Startup Time": 422.912, "Actual Max Startup Time": 422.912, "Actual Min Total Time": 422.912, "Actual Max Total Time": 422.912, "Plans": [{"Node Type": "Nested Loop", "Parent Relationship": "Outer", "Join Type": "Inner", "Startup Cost": 10.12, "Total Cost": 80091.51, "Plan Rows": 51, "Plan Width": 64, "Actual Min Startup Time": 51.323, "Actual Max Startup Time": 51.323, "Actual Min Total Time": 422.036, "Actual Max Total Time": 422.036, "Inner Unique": true, "Plans": [{"Node Type": "Hash Join", "Parent Relationship": "Outer", "Join Type": "Inner", "Startup Cost": 9.86, "Total Cost": 79873.09, "Plan Rows": 51, "Plan Width": 59, "Actual Min Startup Time": 51.301, "Actual Max Startup Time": 51.301, "Actual Min Total Time": 416.963, "Actual Max Total Time": 416.963, "Inner Unique": true, "Hash Cond": "(mi_idx.info_type_id = it2.id)", "Plans": [{"Node Type": "Nested Loop", "Parent Relationship": "Outer", "Join Type": "Inner", "Startup Cost": 7.45, "Total Cost": 79869.65, "Plan Rows": 204, "Plan Width": 63, "Actual Min Startup Time": 51.14, "Actual Max Startup Time": 51.14, "Actual Min Total Time": 416.263, "Actual Max Total Time": 416.263, "Inner Unique": false, "Plans": [{"Node Type": "Hash Join", "Parent Relationship": "Outer", "Join Type": "Inner", "Startup Cost": 7.18, "Total Cost": 79296.18, "Plan Rows": 133, "Plan Width": 50, "Actual Min Startup Time": 51.115, "Actual Max Startup Time": 51.115, "Actual Min Total Time": 408.234, "Actual Max Total Time": 408.234, "Inner Unique": true, "Hash Cond": "(mi.info_type_id = it1.id)", "Plans": [{"Node Type": "Nested Loop", "Parent Relationship": "Outer", "Join Type": "Inner", "Startup Cost": 4.77, "Total Cost": 79289.64, "Plan Rows": 1561, "Plan Width": 54, "Actual Min Startup Time": 50.914, "Actual Max Startup Time": 50.914, "Actual Min Total Time": 392.74, "Actual Max Total Time": 392.74, "Inner Unique": false, "Plans": [{"Node Type": "Nested Loop", "Parent Relationship": "Outer", "Join Type": "Inner", "Startup Cost": 4.39, "Total Cost": 77967.24, "Plan Rows": 294, "Plan Width": 4, "Actual Min Startup Time": 50.885, "Actual Max Startup Time": 50.885, "Actual Min Total Time": 219.625, "Actual Max Total Time": 219.625, "Inner Unique": false, "Plans": [{"Node Type": "Streaming(type: LOCAL GATHER dop: 1/64)", "Parent Relationship": "Outer", "Startup Cost": 0.0, "Total Cost": 64783.4, "Plan Rows": 173, "Plan Width": 4, "Actual Min Startup Time": 50.794, "Actual Max Startup Time": 50.794, "Actual Min Total Time": 71.154, "Actual Max Total Time": 71.154, "Plans": [{"Node Type": "Seq Scan", "Parent Relationship": "Outer", "Relation Name": "name", "Alias": "n", "Startup Cost": 0.0, "Total Cost": 64779.83, "Plan Rows": 173, "Plan Width": 4, "Actual Min Startup Time": 0.027, "Actual Max Startup Time": 0.852, "Actual Min Total Time": 25.468, "Actual Max Total Time": 29.456, "Filter": "(((name)::text ~~ '%Tim%'::text) AND ((gender)::text = 'm'::text))", "Rows Removed by Filter": 4158428, "Actual Rows": 9062}], "Actual Rows": 9062}, {"Node Type": "Bitmap Heap Scan", "Parent Relationship": "Inner", "Relation Name": "cast_info", "Alias": "ci", "Startup Cost": 4.39, "Total Cost": 76.19, "Plan Rows": 2, "Plan Width": 8, "Actual Min Startup Time": 119.921, "Actual Max Startup Time": 119.921, "Actual Min Total Time": 135.947, "Actual Max Total Time": 135.947, "Recheck Cond": "(person_id = n.id)", "Rows Removed by Index Recheck": 0, "Filter": "((note)::text = ANY ('{(producer),\"(executive producer)\"}'::text[]))", "Rows Removed by Filter": 89309, "Exact Heap Blocks": 13336, "Lossy Heap Blocks": 13336, "Plans": [{"Node Type": "Bitmap Index Scan", "Parent Relationship": "Outer", "Index Name": "person_id_cast_info", "Startup Cost": 0.0, "Total Cost": 4.38, "Plan Rows": 18, "Plan Width": 0, "Actual Min Startup Time": 50.75, "Actual Max Startup Time": 50.75, "Actual Min Total Time": 50.75, "Actual Max Total Time": 50.75, "Index Cond": "(person_id = n.id)", "Actual Rows": 96028}], "Actual Rows": 6719}], "Actual Rows": 6719}, {"Node Type": "Bitmap Heap Scan", "Parent Relationship": "Inner", "Relation Name": "movie_info", "Alias": "mi", "Startup Cost": 0.39, "Total Cost": 4.45, "Plan Rows": 5, "Plan Width": 50, "Actual Min Startup Time": 62.087, "Actual Max Startup Time": 62.087, "Actual Min Total Time": 145.031, "Actual Max Total Time": 145.031, "Recheck Cond": "(movie_id = ci.movie_id)", "Rows Removed by Index Recheck": 0, "Exact Heap Blocks": 40013, "Lossy Heap Blocks": 40013, "Plans": [{"Node Type": "Bitmap Index Scan", "Parent Relationship": "Outer", "Index Name": "movie_id_movie_info", "Startup Cost": 0.0, "Total Cost": 0.38, "Plan Rows": 5, "Plan Width": 0, "Actual Min Startup Time": 43.257, "Actual Max Startup Time": 43.257, "Actual Min Total Time": 43.257, "Actual Max Total Time": 43.257, "Index Cond": "(movie_id = ci.movie_id)", "Actual Rows": 95896}], "Actual Rows": 95896}], "Actual Rows": 95896}, {"Node Type": "Hash", "Parent Relationship": "Inner", "Startup Cost": 2.4, "Total Cost": 2.4, "Plan Rows": 1, "Plan Width": 4, "Actual Min Startup Time": 0.045, "Actual Max Startup Time": 0.045, "Actual Min Total Time": 0.045, "Actual Max Total Time": 0.045, "Max Hash Buckets": 32768, "Min Hash Buckets": 32768, "Max Hash Batches": 1, "Min Hash Batches": 1, "Max Original Hash Batches": 1, "Min Original Hash Batches": 1, "Max Peak Memory Usage": 1, "min Peak Memory Usage": 1, "Plans": [{"Node Type": "Seq Scan", "Parent Relationship": "Outer", "Relation Name": "info_type", "Alias": "it1", "Startup Cost": 0.0, "Total Cost": 2.4, "Plan Rows": 1, "Plan Width": 4, "Actual Min Startup Time": 0.041, "Actual Max Startup Time": 0.041, "Actual Min Total Time": 0.044, "Actual Max Total Time": 0.044, "Filter": "((info)::text = 'budget'::text)", "Rows Removed by Filter": 111, "Actual Rows": 1}], "Actual Rows": 1}], "Actual Rows": 699}, {"Node Type": "Bitmap Heap Scan", "Parent Relationship": "Inner", "Relation Name": "movie_info_idx", "Alias": "mi_idx", "Startup Cost": 0.27, "Total Cost": 4.29, "Plan Rows": 2, "Plan Width": 13, "Actual Min Startup Time": 6.369, "Actual Max Startup Time": 6.369, "Actual Min Total Time": 6.566, "Actual Max Total Time": 6.566, "Recheck Cond": "(movie_id = mi.movie_id)", "Rows Removed by Index Recheck": 0, "Exact Heap Blocks": 419, "Lossy Heap Blocks": 419, "Plans": [{"Node Type": "Bitmap Index Scan", "Parent Relationship": "Outer", "Index Name": "movie_id_movie_info_idx", "Startup Cost": 0.0, "Total Cost": 0.27, "Plan Rows": 2, "Plan Width": 0, "Actual Min Startup Time": 4.643, "Actual Max Startup Time": 4.643, "Actual Min Total Time": 4.643, "Actual Max Total Time": 4.643, "Index Cond": "(movie_id = mi.movie_id)", "Actual Rows": 1235}], "Actual Rows": 1235}], "Actual Rows": 1235}, {"Node Type": "Hash", "Parent Relationship": "Inner", "Startup Cost": 2.4, "Total Cost": 2.4, "Plan Rows": 1, "Plan Width": 4, "Actual Min Startup Time": 0.096, "Actual Max Startup Time": 0.096, "Actual Min Total Time": 0.096, "Actual Max Total Time": 0.096, "Max Hash Buckets": 32768, "Min Hash Buckets": 32768, "Max Hash Batches": 1, "Min Hash Batches": 1, "Max Original Hash Batches": 1, "Min Original Hash Batches": 1, "Max Peak Memory Usage": 1, "min Peak Memory Usage": 1, "Plans": [{"Node Type": "Seq Scan", "Parent Relationship": "Outer", "Relation Name": "info_type", "Alias": "it2", "Startup Cost": 0.0, "Total Cost": 2.4, "Plan Rows": 1, "Plan Width": 4, "Actual Min Startup Time": 0.076, "Actual Max Startup Time": 0.076, "Actual Min Total Time": 0.082, "Actual Max Total Time": 0.082, "Filter": "((info)::text = 'votes'::text)", "Rows Removed by Filter": 111, "Actual Rows": 1}], "Actual Rows": 1}], "Actual Rows": 410}, {"Node Type": "Bitmap Heap Scan", "Parent Relationship": "Inner", "Relation Name": "title", "Alias": "t", "Startup Cost": 0.26, "Total Cost": 4.27, "Plan Rows": 1, "Plan Width": 21, "Actual Min Startup Time": 4.209, "Actual Max Startup Time": 4.209, "Actual Min Total Time": 4.209, "Actual Max Total Time": 4.209, "Recheck Cond": "(id = mi.movie_id)", "Rows Removed by Index Recheck": 0, "Exact Heap Blocks": 410, "Lossy Heap Blocks": 410, "Plans": [{"Node Type": "Bitmap Index Scan", "Parent Relationship": "Outer", "Index Name": "title_pkey", "Startup Cost": 0.0, "Total Cost": 0.26, "Plan Rows": 1, "Plan Width": 0, "Actual Min Startup Time": 2.78, "Actual Max Startup Time": 2.78, "Actual Min Total Time": 2.78, "Actual Max Total Time": 2.78, "Index Cond": "(id = mi.movie_id)", "Actual Rows": 410}], "Actual Rows": 410}], "Actual Rows": 410}], "Actual Rows": 1}, "Triggers": [], "Planner Runtime": 86.456, "Total Runtime": 433.874, "Unique SQL Id": 4264520866}}, "(64, '99')": {"explain_plan": {"Plan": {"Node Type": "Aggregate", "Strategy": "Plain", "Startup Cost": 211870.77, "Total Cost": 211870.78, "Plan Rows": 1, "Plan Width": 160, "Plans": [{"Node Type": "Nested Loop", "Parent Relationship": "Outer", "Join Type": "Inner", "Startup Cost": 83177.52, "Total Cost": 211870.7, "Plan Rows": 9, "Plan Width": 64, "Inner Unique": true, "Plans": [{"Node Type": "Nested Loop", "Parent Relationship": "Outer", "Join Type": "Inner", "Startup Cost": 83177.26, "Total Cost": 211832.16, "Plan Rows": 9, "Plan Width": 59, "Inner Unique": true, "Plans": [{"Node Type": "Nested Loop", "Parent Relationship": "Outer", "Join Type": "Inner", "Startup Cost": 83177.0, "Total Cost": 211686.54, "Plan Rows": 34, "Plan Width": 63, "Inner Unique": false, "Plans": [{"Node Type": "Hash Join", "Parent Relationship": "Outer", "Join Type": "Inner", "Startup Cost": 83176.74, "Total Cost": 211591.68, "Plan Rows": 22, "Plan Width": 50, "Inner Unique": true, "Hash Cond": "(mi.info_type_id = it1.id)", "Plans": [{"Node Type": "Nested Loop", "Parent Relationship": "Outer", "Join Type": "Inner", "Startup Cost": 83162.51, "Total Cost": 211573.33, "Plan Rows": 1561, "Plan Width": 54, "Inner Unique": false, "Plans": [{"Node Type": "Nested Loop", "Parent Relationship": "Outer", "Join Type": "Inner", "Startup Cost": 83162.13, "Total Cost": 210250.93, "Plan Rows": 294, "Plan Width": 4, "Inner Unique": false, "Plans": [{"Node Type": "Bitmap Heap Scan", "Parent Relationship": "Outer", "Relation Name": "name", "Alias": "n", "Startup Cost": 83157.74, "Total Cost": 197067.09, "Plan Rows": 173, "Plan Width": 4, "Filter": "(((name)::text ~~ '%Tim%'::text) AND ((gender)::text = 'm'::text))", "Plans": [{"Node Type": "Bitmap Index Scan", "Parent Relationship": "Outer", "Index Name": "name_pkey", "Startup Cost": 0.0, "Total Cost": 83157.7, "Plan Rows": 4167490, "Plan Width": 0}]}, {"Node Type": "Bitmap Heap Scan", "Parent Relationship": "Inner", "Relation Name": "cast_info", "Alias": "ci", "Startup Cost": 4.39, "Total Cost": 76.19, "Plan Rows": 2, "Plan Width": 8, "Recheck Cond": "(person_id = n.id)", "Filter": "((note)::text = ANY ('{(producer),\"(executive producer)\"}'::text[]))", "Plans": [{"Node Type": "Bitmap Index Scan", "Parent Relationship": "Outer", "Index Name": "person_id_cast_info", "Startup Cost": 0.0, "Total Cost": 4.38, "Plan Rows": 18, "Plan Width": 0, "Index Cond": "(person_id = n.id)"}]}]}, {"Node Type": "Bitmap Heap Scan", "Parent Relationship": "Inner", "Relation Name": "movie_info", "Alias": "mi", "Startup Cost": 0.39, "Total Cost": 4.45, "Plan Rows": 5, "Plan Width": 50, "Recheck Cond": "(movie_id = ci.movie_id)", "Plans": [{"Node Type": "Bitmap Index Scan", "Parent Relationship": "Outer", "Index Name": "movie_id_movie_info", "Startup Cost": 0.0, "Total Cost": 0.38, "Plan Rows": 5, "Plan Width": 0, "Index Cond": "(movie_id = ci.movie_id)"}]}]}, {"Node Type": "Hash", "Parent Relationship": "Inner", "Startup Cost": 14.21, "Total Cost": 14.21, "Plan Rows": 1, "Plan Width": 4, "Plans": [{"Node Type": "Bitmap Heap Scan", "Parent Relationship": "Outer", "Relation Name": "info_type", "Alias": "it1", "Startup Cost": 8.81, "Total Cost": 14.21, "Plan Rows": 1, "Plan Width": 4, "Filter": "((info)::text = 'budget'::text)", "Plans": [{"Node Type": "Bitmap Index Scan", "Parent Relationship": "Outer", "Index Name": "info_type_pkey", "Startup Cost": 0.0, "Total Cost": 8.81, "Plan Rows": 112, "Plan Width": 0}]}]}]}, {"Node Type": "Bitmap Heap Scan", "Parent Relationship": "Inner", "Relation Name": "movie_info_idx", "Alias": "mi_idx", "Startup Cost": 0.27, "Total Cost": 4.29, "Plan Rows": 2, "Plan Width": 13, "Recheck Cond": "(movie_id = mi.movie_id)", "Plans": [{"Node Type": "Bitmap Index Scan", "Parent Relationship": "Outer", "Index Name": "movie_id_movie_info_idx", "Startup Cost": 0.0, "Total Cost": 0.27, "Plan Rows": 2, "Plan Width": 0, "Index Cond": "(movie_id = mi.movie_id)"}]}]}, {"Node Type": "Bitmap Heap Scan", "Parent Relationship": "Inner", "Relation Name": "info_type", "Alias": "it2", "Startup Cost": 0.26, "Total Cost": 4.27, "Plan Rows": 1, "Plan Width": 4, "Recheck Cond": "(id = mi_idx.info_type_id)", "Filter": "((info)::text = 'votes'::text)", "Plans": [{"Node Type": "Bitmap Index Scan", "Parent Relationship": "Outer", "Index Name": "info_type_pkey", "Startup Cost": 0.0, "Total Cost": 0.26, "Plan Rows": 1, "Plan Width": 0, "Index Cond": "(id = mi_idx.info_type_id)"}]}]}, {"Node Type": "Bitmap Heap Scan", "Parent Relationship": "Inner", "Relation Name": "title", "Alias": "t", "Startup Cost": 0.26, "Total Cost": 4.27, "Plan Rows": 1, "Plan Width": 21, "Recheck Cond": "(id = mi.movie_id)", "Plans": [{"Node Type": "Bitmap Index Scan", "Parent Relationship": "Outer", "Index Name": "title_pkey", "Startup Cost": 0.0, "Total Cost": 0.26, "Plan Rows": 1, "Plan Width": 0, "Index Cond": "(id = mi.movie_id)"}]}]}]}, "Unique SQL Id": 4264520866, "Planner Runtime": 20}, "explain_analyze_plan": null}, "(64, '100')": {"explain_plan": {"Plan": {"Node Type": "Aggregate", "Strategy": "Plain", "Startup Cost": 72942.7, "Total Cost": 72942.71, "Plan Rows": 1, "Plan Width": 160, "Plans": [{"Node Type": "Nested Loop", "Parent Relationship": "Outer", "Join Type": "Inner", "Startup Cost": 0.0, "Total Cost": 72942.64, "Plan Rows": 9, "Plan Width": 64, "Inner Unique": true, "Plans": [{"Node Type": "Nested Loop", "Parent Relationship": "Outer", "Join Type": "Inner", "Startup Cost": 0.0, "Total Cost": 72940.01, "Plan Rows": 9, "Plan Width": 59, "Inner Unique": true, "Plans": [{"Node Type": "Nested Loop", "Parent Relationship": "Outer", "Join Type": "Inner", "Startup Cost": 0.0, "Total Cost": 72593.95, "Plan Rows": 1225, "Plan Width": 63, "Inner Unique": false, "Join Filter": "(mi_idx.movie_id = mi.movie_id)", "Plans": [{"Node Type": "Nested Loop", "Parent Relationship": "Outer", "Join Type": "Inner", "Startup Cost": 0.0, "Total Cost": 72420.31, "Plan Rows": 228, "Plan Width": 13, "Inner Unique": true, "Plans": [{"Node Type": "Nested Loop", "Parent Relationship": "Outer", "Join Type": "Inner", "Startup Cost": 0.0, "Total Cost": 72322.56, "Plan Rows": 346, "Plan Width": 17, "Inner Unique": false, "Plans": [{"Node Type": "Nested Loop", "Parent Relationship": "Outer", "Join Type": "Inner", "Startup Cost": 0.0, "Total Cost": 72225.77, "Plan Rows": 294, "Plan Width": 4, "Inner Unique": false, "Plans": [{"Node Type": "Streaming(type: LOCAL GATHER dop: 1/64)", "Parent Relationship": "Outer", "Startup Cost": 0.0, "Total Cost": 64783.4, "Plan Rows": 173, "Plan Width": 4, "Plans": [{"Node Type": "Seq Scan", "Parent Relationship": "Outer", "Relation Name": "name", "Alias": "n", "Startup Cost": 0.0, "Total Cost": 64779.83, "Plan Rows": 173, "Plan Width": 4, "Filter": "(((name)::text ~~ '%Tim%'::text) AND ((gender)::text = 'm'::text))"}]}, {"Node Type": "Index Scan", "Parent Relationship": "Inner", "Scan Direction": "Forward", "Index Name": "person_id_cast_info", "Relation Name": "cast_info", "Alias": "ci", "Startup Cost": 0.0, "Total Cost": 43.0, "Plan Rows": 2, "Plan Width": 8, "Index Cond": "(person_id = n.id)", "Filter": "((note)::text = ANY ('{(producer),\"(executive producer)\"}'::text[]))"}]}, {"Node Type": "Index Scan", "Parent Relationship": "Inner", "Scan Direction": "Forward", "Index Name": "movie_id_movie_info_idx", "Relation Name": "movie_info_idx", "Alias": "mi_idx", "Startup Cost": 0.0, "Total Cost": 0.31, "Plan Rows": 2, "Plan Width": 13, "Index Cond": "(movie_id = ci.movie_id)"}]}, {"Node Type": "Index Scan", "Parent Relationship": "Inner", "Scan Direction": "Forward", "Index Name": "info_type_pkey", "Relation Name": "info_type", "Alias": "it2", "Startup Cost": 0.0, "Total Cost": 0.27, "Plan Rows": 1, "Plan Width": 4, "Index Cond": "(id = mi_idx.info_type_id)", "Filter": "((info)::text = 'votes'::text)"}]}, {"Node Type": "Index Scan", "Parent Relationship": "Inner", "Scan Direction": "Forward", "Index Name": "movie_id_movie_info", "Relation Name": "movie_info", "Alias": "mi", "Startup Cost": 0.0, "Total Cost": 0.7, "Plan Rows": 5, "Plan Width": 50, "Index Cond": "(movie_id = ci.movie_id)"}]}, {"Node Type": "Index Scan", "Parent Relationship": "Inner", "Scan Direction": "Forward", "Index Name": "info_type_pkey", "Relation Name": "info_type", "Alias": "it1", "Startup Cost": 0.0, "Total Cost": 0.27, "Plan Rows": 1, "Plan Width": 4, "Index Cond": "(id = mi.info_type_id)", "Filter": "((info)::text = 'budget'::text)"}]}, {"Node Type": "Index Scan", "Parent Relationship": "Inner", "Scan Direction": "Forward", "Index Name": "title_pkey", "Relation Name": "title", "Alias": "t", "Startup Cost": 0.0, "Total Cost": 0.28, "Plan Rows": 1, "Plan Width": 21, "Index Cond": "(id = mi.movie_id)"}]}]}, "Unique SQL Id": 4264520866, "Planner Runtime": 53}, "explain_analyze_plan": {"Plan": {"Node Type": "Aggregate", "Strategy": "Plain", "Startup Cost": 72942.7, "Total Cost": 72942.71, "Plan Rows": 1, "Plan Width": 160, "Actual Min Startup Time": 569.666, "Actual Max Startup Time": 569.666, "Actual Min Total Time": 569.667, "Actual Max Total Time": 569.667, "Plans": [{"Node Type": "Nested Loop", "Parent Relationship": "Outer", "Join Type": "Inner", "Startup Cost": 0.0, "Total Cost": 72942.64, "Plan Rows": 9, "Plan Width": 64, "Actual Min Startup Time": 40.11, "Actual Max Startup Time": 40.11, "Actual Min Total Time": 568.945, "Actual Max Total Time": 568.945, "Inner Unique": true, "Plans": [{"Node Type": "Nested Loop", "Parent Relationship": "Outer", "Join Type": "Inner", "Startup Cost": 0.0, "Total Cost": 72940.01, "Plan Rows": 9, "Plan Width": 59, "Actual Min Startup Time": 40.09, "Actual Max Startup Time": 40.09, "Actual Min Total Time": 564.733, "Actual Max Total Time": 564.733, "Inner Unique": true, "Plans": [{"Node Type": "Nested Loop", "Parent Relationship": "Outer", "Join Type": "Inner", "Startup Cost": 0.0, "Total Cost": 72593.95, "Plan Rows": 1225, "Plan Width": 63, "Actual Min Startup Time": 40.011, "Actual Max Startup Time": 40.011, "Actual Min Total Time": 382.267, "Actual Max Total Time": 382.267, "Inner Unique": false, "Join Filter": "(mi_idx.movie_id = mi.movie_id)", "Rows Removed by Join Filter": 0, "Plans": [{"Node Type": "Nested Loop", "Parent Relationship": "Outer", "Join Type": "Inner", "Startup Cost": 0.0, "Total Cost": 72420.31, "Plan Rows": 228, "Plan Width": 13, "Actual Min Startup Time": 39.984, "Actual Max Startup Time": 39.984, "Actual Min Total Time": 253.086, "Actual Max Total Time": 253.086, "Inner Unique": true, "Plans": [{"Node Type": "Nested Loop", "Parent Relationship": "Outer", "Join Type": "Inner", "Startup Cost": 0.0, "Total Cost": 72322.56, "Plan Rows": 346, "Plan Width": 17, "Actual Min Startup Time": 39.962, "Actual Max Startup Time": 39.962, "Actual Min Total Time": 227.811, "Actual Max Total Time": 227.811, "Inner Unique": false, "Plans": [{"Node Type": "Nested Loop", "Parent Relationship": "Outer", "Join Type": "Inner", "Startup Cost": 0.0, "Total Cost": 72225.77, "Plan Rows": 294, "Plan Width": 4, "Actual Min Startup Time": 39.941, "Actual Max Startup Time": 39.941, "Actual Min Total Time": 189.602, "Actual Max Total Time": 189.602, "Inner Unique": false, "Plans": [{"Node Type": "Streaming(type: LOCAL GATHER dop: 1/64)", "Parent Relationship": "Outer", "Startup Cost": 0.0, "Total Cost": 64783.4, "Plan Rows": 173, "Plan Width": 4, "Actual Min Startup Time": 39.746, "Actual Max Startup Time": 39.746, "Actual Min Total Time": 56.243, "Actual Max Total Time": 56.243, "Plans": [{"Node Type": "Seq Scan", "Parent Relationship": "Outer", "Relation Name": "name", "Alias": "n", "Startup Cost": 0.0, "Total Cost": 64779.83, "Plan Rows": 173, "Plan Width": 4, "Actual Min Startup Time": 0.032, "Actual Max Startup Time": 0.852, "Actual Min Total Time": 25.454, "Actual Max Total Time": 29.51, "Filter": "(((name)::text ~~ '%Tim%'::text) AND ((gender)::text = 'm'::text))", "Rows Removed by Filter": 4158428, "Actual Rows": 9062}], "Actual Rows": 9062}, {"Node Type": "Index Scan", "Parent Relationship": "Inner", "Scan Direction": "Forward", "Index Name": "person_id_cast_info", "Relation Name": "cast_info", "Alias": "ci", "Startup Cost": 0.0, "Total Cost": 43.0, "Plan Rows": 2, "Plan Width": 8, "Actual Min Startup Time": 107.408, "Actual Max Startup Time": 107.408, "Actual Min Total Time": 126.897, "Actual Max Total Time": 126.897, "Index Cond": "(person_id = n.id)", "Rows Removed by Index Recheck": 0, "Filter": "((note)::text = ANY ('{(producer),\"(executive producer)\"}'::text[]))", "Rows Removed by Filter": 89309, "Actual Rows": 6719}], "Actual Rows": 6719}, {"Node Type": "Index Scan", "Parent Relationship": "Inner", "Scan Direction": "Forward", "Index Name": "movie_id_movie_info_idx", "Relation Name": "movie_info_idx", "Alias": "mi_idx", "Startup Cost": 0.0, "Total Cost": 0.31, "Plan Rows": 2, "Plan Width": 13, "Actual Min Startup Time": 28.176, "Actual Max Startup Time": 28.176, "Actual Min Total Time": 32.209, "Actual Max Total Time": 32.209, "Index Cond": "(movie_id = ci.movie_id)", "Rows Removed by Index Recheck": 0, "Actual Rows": 10310}], "Actual Rows": 10310}, {"Node Type": "Index Scan", "Parent Relationship": "Inner", "Scan Direction": "Forward", "Index Name": "info_type_pkey", "Relation Name": "info_type", "Alias": "it2", "Startup Cost": 0.0, "Total Cost": 0.27, "Plan Rows": 1, "Plan Width": 4, "Actual Min Startup Time": 19.543, "Actual Max Startup Time": 19.543, "Actual Min Total Time": 19.543, "Actual Max Total Time": 19.543, "Index Cond": "(id = mi_idx.info_type_id)", "Rows Removed by Index Recheck": 0, "Filter": "((info)::text = 'votes'::text)", "Rows Removed by Filter": 6875, "Actual Rows": 3435}], "Actual Rows": 3435}, {"Node Type": "Index Scan", "Parent Relationship": "Inner", "Scan Direction": "Forward", "Index Name": "movie_id_movie_info", "Relation Name": "movie_info", "Alias": "mi", "Startup Cost": 0.0, "Total Cost": 0.7, "Plan Rows": 5, "Plan Width": 50, "Actual Min Startup Time": 24.139, "Actual Max Startup Time": 24.139, "Actual Min Total Time": 96.438, "Actual Max Total Time": 96.438, "Index Cond": "(movie_id = ci.movie_id)", "Rows Removed by Index Recheck": 0, "Actual Rows": 82408}], "Actual Rows": 82408}, {"Node Type": "Index Scan", "Parent Relationship": "Inner", "Scan Direction": "Forward", "Index Name": "info_type_pkey", "Relation Name": "info_type", "Alias": "it1", "Startup Cost": 0.0, "Total Cost": 0.27, "Plan Rows": 1, "Plan Width": 4, "Actual Min Startup Time": 144.114, "Actual Max Startup Time": 144.114, "Actual Min Total Time": 144.114, "Actual Max Total Time": 144.114, "Index Cond": "(id = mi.info_type_id)", "Rows Removed by Index Recheck": 0, "Filter": "((info)::text = 'budget'::text)", "Rows Removed by Filter": 79844, "Actual Rows": 410}], "Actual Rows": 410}, {"Node Type": "Index Scan", "Parent Relationship": "Inner", "Scan Direction": "Forward", "Index Name": "title_pkey", "Relation Name": "title", "Alias": "t", "Startup Cost": 0.0, "Total Cost": 0.28, "Plan Rows": 1, "Plan Width": 21, "Actual Min Startup Time": 3.633, "Actual Max Startup Time": 3.633, "Actual Min Total Time": 3.633, "Actual Max Total Time": 3.633, "Index Cond": "(id = mi.movie_id)", "Rows Removed by Index Recheck": 0, "Actual Rows": 410}], "Actual Rows": 410}], "Actual Rows": 1}, "Triggers": [], "Planner Runtime": 69.966, "Total Runtime": 581.537, "Unique SQL Id": 4264520866}}, "(64, '101')": {"explain_plan": {"Plan": {"Node Type": "Aggregate", "Strategy": "Plain", "Startup Cost": 204828.22, "Total Cost": 204828.23, "Plan Rows": 1, "Plan Width": 160, "Plans": [{"Node Type": "Nested Loop", "Parent Relationship": "Outer", "Join Type": "Inner", "Startup Cost": 0.0, "Total Cost": 204828.15, "Plan Rows": 9, "Plan Width": 64, "Inner Unique": true, "Plans": [{"Node Type": "Nested Loop", "Parent Relationship": "Outer", "Join Type": "Inner", "Startup Cost": 0.0, "Total Cost": 204825.52, "Plan Rows": 9, "Plan Width": 59, "Inner Unique": true, "Plans": [{"Node Type": "Nested Loop", "Parent Relationship": "Outer", "Join Type": "Inner", "Startup Cost": 0.0, "Total Cost": 204746.71, "Plan Rows": 279, "Plan Width": 63, "Inner Unique": false, "Join Filter": "(mi_idx.movie_id = mi.movie_id)", "Plans": [{"Node Type": "Nested Loop", "Parent Relationship": "Outer", "Join Type": "Inner", "Startup Cost": 0.0, "Total Cost": 204707.1, "Plan Rows": 52, "Plan Width": 13, "Inner Unique": true, "Plans": [{"Node Type": "Nested Loop", "Parent Relationship": "Outer", "Join Type": "Inner", "Startup Cost": 0.0, "Total Cost": 204609.36, "Plan Rows": 346, "Plan Width": 17, "Inner Unique": false, "Plans": [{"Node Type": "Nested Loop", "Parent Relationship": "Outer", "Join Type": "Inner", "Startup Cost": 0.0, "Total Cost": 204512.56, "Plan Rows": 294, "Plan Width": 4, "Inner Unique": false, "Plans": [{"Node Type": "Index Scan", "Parent Relationship": "Outer", "Scan Direction": "Forward", "Index Name": "name_pkey", "Relation Name": "name", "Alias": "n", "Startup Cost": 0.0, "Total Cost": 197070.2, "Plan Rows": 173, "Plan Width": 4, "Filter": "(((name)::text ~~ '%Tim%'::text) AND ((gender)::text = 'm'::text))"}, {"Node Type": "Index Scan", "Parent Relationship": "Inner", "Scan Direction": "Forward", "Index Name": "person_id_cast_info", "Relation Name": "cast_info", "Alias": "ci", "Startup Cost": 0.0, "Total Cost": 43.0, "Plan Rows": 2, "Plan Width": 8, "Index Cond": "(person_id = n.id)", "Filter": "((note)::text = ANY ('{(producer),\"(executive producer)\"}'::text[]))"}]}, {"Node Type": "Index Scan", "Parent Relationship": "Inner", "Scan Direction": "Forward", "Index Name": "movie_id_movie_info_idx", "Relation Name": "movie_info_idx", "Alias": "mi_idx", "Startup Cost": 0.0, "Total Cost": 0.31, "Plan Rows": 2, "Plan Width": 13, "Index Cond": "(movie_id = ci.movie_id)"}]}, {"Node Type": "Index Scan", "Parent Relationship": "Inner", "Scan Direction": "Forward", "Index Name": "info_type_pkey", "Relation Name": "info_type", "Alias": "it2", "Startup Cost": 0.0, "Total Cost": 0.27, "Plan Rows": 1, "Plan Width": 4, "Index Cond": "(id = mi_idx.info_type_id)", "Filter": "((info)::text = 'votes'::text)"}]}, {"Node Type": "Index Scan", "Parent Relationship": "Inner", "Scan Direction": "Forward", "Index Name": "movie_id_movie_info", "Relation Name": "movie_info", "Alias": "mi", "Startup Cost": 0.0, "Total Cost": 0.7, "Plan Rows": 5, "Plan Width": 50, "Index Cond": "(movie_id = ci.movie_id)"}]}, {"Node Type": "Index Scan", "Parent Relationship": "Inner", "Scan Direction": "Forward", "Index Name": "info_type_pkey", "Relation Name": "info_type", "Alias": "it1", "Startup Cost": 0.0, "Total Cost": 0.27, "Plan Rows": 1, "Plan Width": 4, "Index Cond": "(id = mi.info_type_id)", "Filter": "((info)::text = 'budget'::text)"}]}, {"Node Type": "Index Scan", "Parent Relationship": "Inner", "Scan Direction": "Forward", "Index Name": "title_pkey", "Relation Name": "title", "Alias": "t", "Startup Cost": 0.0, "Total Cost": 0.28, "Plan Rows": 1, "Plan Width": 21, "Index Cond": "(id = mi.movie_id)"}]}]}, "Unique SQL Id": 4264520866, "Planner Runtime": 28}, "explain_analyze_plan": null}, "(64, '102')": {"explain_plan": {"Plan": {"Node Type": "Aggregate", "Strategy": "Plain", "Startup Cost": 80091.89, "Total Cost": 80091.9, "Plan Rows": 1, "Plan Width": 160, "Plans": [{"Node Type": "Nested Loop", "Parent Relationship": "Outer", "Join Type": "Inner", "Startup Cost": 10.12, "Total Cost": 80091.51, "Plan Rows": 51, "Plan Width": 64, "Inner Unique": true, "Plans": [{"Node Type": "Hash Join", "Parent Relationship": "Outer", "Join Type": "Inner", "Startup Cost": 9.86, "Total Cost": 79873.09, "Plan Rows": 51, "Plan Width": 59, "Inner Unique": true, "Hash Cond": "(mi_idx.info_type_id = it2.id)", "Plans": [{"Node Type": "Nested Loop", "Parent Relationship": "Outer", "Join Type": "Inner", "Startup Cost": 7.45, "Total Cost": 79869.65, "Plan Rows": 204, "Plan Width": 63, "Inner Unique": false, "Plans": [{"Node Type": "Hash Join", "Parent Relationship": "Outer", "Join Type": "Inner", "Startup Cost": 7.18, "Total Cost": 79296.18, "Plan Rows": 133, "Plan Width": 50, "Inner Unique": true, "Hash Cond": "(mi.info_type_id = it1.id)", "Plans": [{"Node Type": "Nested Loop", "Parent Relationship": "Outer", "Join Type": "Inner", "Startup Cost": 4.77, "Total Cost": 79289.64, "Plan Rows": 1561, "Plan Width": 54, "Inner Unique": false, "Plans": [{"Node Type": "Nested Loop", "Parent Relationship": "Outer", "Join Type": "Inner", "Startup Cost": 4.39, "Total Cost": 77967.24, "Plan Rows": 294, "Plan Width": 4, "Inner Unique": false, "Plans": [{"Node Type": "Streaming(type: LOCAL GATHER dop: 1/64)", "Parent Relationship": "Outer", "Startup Cost": 0.0, "Total Cost": 64783.4, "Plan Rows": 173, "Plan Width": 4, "Plans": [{"Node Type": "Seq Scan", "Parent Relationship": "Outer", "Relation Name": "name", "Alias": "n", "Startup Cost": 0.0, "Total Cost": 64779.83, "Plan Rows": 173, "Plan Width": 4, "Filter": "(((name)::text ~~ '%Tim%'::text) AND ((gender)::text = 'm'::text))"}]}, {"Node Type": "Bitmap Heap Scan", "Parent Relationship": "Inner", "Relation Name": "cast_info", "Alias": "ci", "Startup Cost": 4.39, "Total Cost": 76.19, "Plan Rows": 2, "Plan Width": 8, "Recheck Cond": "(person_id = n.id)", "Filter": "((note)::text = ANY ('{(producer),\"(executive producer)\"}'::text[]))", "Plans": [{"Node Type": "Bitmap Index Scan", "Parent Relationship": "Outer", "Index Name": "person_id_cast_info", "Startup Cost": 0.0, "Total Cost": 4.38, "Plan Rows": 18, "Plan Width": 0, "Index Cond": "(person_id = n.id)"}]}]}, {"Node Type": "Bitmap Heap Scan", "Parent Relationship": "Inner", "Relation Name": "movie_info", "Alias": "mi", "Startup Cost": 0.39, "Total Cost": 4.45, "Plan Rows": 5, "Plan Width": 50, "Recheck Cond": "(movie_id = ci.movie_id)", "Plans": [{"Node Type": "Bitmap Index Scan", "Parent Relationship": "Outer", "Index Name": "movie_id_movie_info", "Startup Cost": 0.0, "Total Cost": 0.38, "Plan Rows": 5, "Plan Width": 0, "Index Cond": "(movie_id = ci.movie_id)"}]}]}, {"Node Type": "Hash", "Parent Relationship": "Inner", "Startup Cost": 2.4, "Total Cost": 2.4, "Plan Rows": 1, "Plan Width": 4, "Plans": [{"Node Type": "Seq Scan", "Parent Relationship": "Outer", "Relation Name": "info_type", "Alias": "it1", "Startup Cost": 0.0, "Total Cost": 2.4, "Plan Rows": 1, "Plan Width": 4, "Filter": "((info)::text = 'budget'::text)"}]}]}, {"Node Type": "Bitmap Heap Scan", "Parent Relationship": "Inner", "Relation Name": "movie_info_idx", "Alias": "mi_idx", "Startup Cost": 0.27, "Total Cost": 4.29, "Plan Rows": 2, "Plan Width": 13, "Recheck Cond": "(movie_id = mi.movie_id)", "Plans": [{"Node Type": "Bitmap Index Scan", "Parent Relationship": "Outer", "Index Name": "movie_id_movie_info_idx", "Startup Cost": 0.0, "Total Cost": 0.27, "Plan Rows": 2, "Plan Width": 0, "Index Cond": "(movie_id = mi.movie_id)"}]}]}, {"Node Type": "Hash", "Parent Relationship": "Inner", "Startup Cost": 2.4, "Total Cost": 2.4, "Plan Rows": 1, "Plan Width": 4, "Plans": [{"Node Type": "Seq Scan", "Parent Relationship": "Outer", "Relation Name": "info_type", "Alias": "it2", "Startup Cost": 0.0, "Total Cost": 2.4, "Plan Rows": 1, "Plan Width": 4, "Filter": "((info)::text = 'votes'::text)"}]}]}, {"Node Type": "Bitmap Heap Scan", "Parent Relationship": "Inner", "Relation Name": "title", "Alias": "t", "Startup Cost": 0.26, "Total Cost": 4.27, "Plan Rows": 1, "Plan Width": 21, "Recheck Cond": "(id = mi.movie_id)", "Plans": [{"Node Type": "Bitmap Index Scan", "Parent Relationship": "Outer", "Index Name": "title_pkey", "Startup Cost": 0.0, "Total Cost": 0.26, "Plan Rows": 1, "Plan Width": 0, "Index Cond": "(id = mi.movie_id)"}]}]}]}, "Unique SQL Id": 4264520866, "Planner Runtime": 74}, "explain_analyze_plan": {"Plan": {"Node Type": "Aggregate", "Strategy": "Plain", "Startup Cost": 80091.89, "Total Cost": 80091.9, "Plan Rows": 1, "Plan Width": 160, "Actual Min Startup Time": 422.912, "Actual Max Startup Time": 422.912, "Actual Min Total Time": 422.912, "Actual Max Total Time": 422.912, "Plans": [{"Node Type": "Nested Loop", "Parent Relationship": "Outer", "Join Type": "Inner", "Startup Cost": 10.12, "Total Cost": 80091.51, "Plan Rows": 51, "Plan Width": 64, "Actual Min Startup Time": 51.323, "Actual Max Startup Time": 51.323, "Actual Min Total Time": 422.036, "Actual Max Total Time": 422.036, "Inner Unique": true, "Plans": [{"Node Type": "Hash Join", "Parent Relationship": "Outer", "Join Type": "Inner", "Startup Cost": 9.86, "Total Cost": 79873.09, "Plan Rows": 51, "Plan Width": 59, "Actual Min Startup Time": 51.301, "Actual Max Startup Time": 51.301, "Actual Min Total Time": 416.963, "Actual Max Total Time": 416.963, "Inner Unique": true, "Hash Cond": "(mi_idx.info_type_id = it2.id)", "Plans": [{"Node Type": "Nested Loop", "Parent Relationship": "Outer", "Join Type": "Inner", "Startup Cost": 7.45, "Total Cost": 79869.65, "Plan Rows": 204, "Plan Width": 63, "Actual Min Startup Time": 51.14, "Actual Max Startup Time": 51.14, "Actual Min Total Time": 416.263, "Actual Max Total Time": 416.263, "Inner Unique": false, "Plans": [{"Node Type": "Hash Join", "Parent Relationship": "Outer", "Join Type": "Inner", "Startup Cost": 7.18, "Total Cost": 79296.18, "Plan Rows": 133, "Plan Width": 50, "Actual Min Startup Time": 51.115, "Actual Max Startup Time": 51.115, "Actual Min Total Time": 408.234, "Actual Max Total Time": 408.234, "Inner Unique": true, "Hash Cond": "(mi.info_type_id = it1.id)", "Plans": [{"Node Type": "Nested Loop", "Parent Relationship": "Outer", "Join Type": "Inner", "Startup Cost": 4.77, "Total Cost": 79289.64, "Plan Rows": 1561, "Plan Width": 54, "Actual Min Startup Time": 50.914, "Actual Max Startup Time": 50.914, "Actual Min Total Time": 392.74, "Actual Max Total Time": 392.74, "Inner Unique": false, "Plans": [{"Node Type": "Nested Loop", "Parent Relationship": "Outer", "Join Type": "Inner", "Startup Cost": 4.39, "Total Cost": 77967.24, "Plan Rows": 294, "Plan Width": 4, "Actual Min Startup Time": 50.885, "Actual Max Startup Time": 50.885, "Actual Min Total Time": 219.625, "Actual Max Total Time": 219.625, "Inner Unique": false, "Plans": [{"Node Type": "Streaming(type: LOCAL GATHER dop: 1/64)", "Parent Relationship": "Outer", "Startup Cost": 0.0, "Total Cost": 64783.4, "Plan Rows": 173, "Plan Width": 4, "Actual Min Startup Time": 50.794, "Actual Max Startup Time": 50.794, "Actual Min Total Time": 71.154, "Actual Max Total Time": 71.154, "Plans": [{"Node Type": "Seq Scan", "Parent Relationship": "Outer", "Relation Name": "name", "Alias": "n", "Startup Cost": 0.0, "Total Cost": 64779.83, "Plan Rows": 173, "Plan Width": 4, "Actual Min Startup Time": 0.027, "Actual Max Startup Time": 0.852, "Actual Min Total Time": 25.468, "Actual Max Total Time": 29.456, "Filter": "(((name)::text ~~ '%Tim%'::text) AND ((gender)::text = 'm'::text))", "Rows Removed by Filter": 4158428, "Actual Rows": 9062}], "Actual Rows": 9062}, {"Node Type": "Bitmap Heap Scan", "Parent Relationship": "Inner", "Relation Name": "cast_info", "Alias": "ci", "Startup Cost": 4.39, "Total Cost": 76.19, "Plan Rows": 2, "Plan Width": 8, "Actual Min Startup Time": 119.921, "Actual Max Startup Time": 119.921, "Actual Min Total Time": 135.947, "Actual Max Total Time": 135.947, "Recheck Cond": "(person_id = n.id)", "Rows Removed by Index Recheck": 0, "Filter": "((note)::text = ANY ('{(producer),\"(executive producer)\"}'::text[]))", "Rows Removed by Filter": 89309, "Exact Heap Blocks": 13336, "Lossy Heap Blocks": 13336, "Plans": [{"Node Type": "Bitmap Index Scan", "Parent Relationship": "Outer", "Index Name": "person_id_cast_info", "Startup Cost": 0.0, "Total Cost": 4.38, "Plan Rows": 18, "Plan Width": 0, "Actual Min Startup Time": 50.75, "Actual Max Startup Time": 50.75, "Actual Min Total Time": 50.75, "Actual Max Total Time": 50.75, "Index Cond": "(person_id = n.id)", "Actual Rows": 96028}], "Actual Rows": 6719}], "Actual Rows": 6719}, {"Node Type": "Bitmap Heap Scan", "Parent Relationship": "Inner", "Relation Name": "movie_info", "Alias": "mi", "Startup Cost": 0.39, "Total Cost": 4.45, "Plan Rows": 5, "Plan Width": 50, "Actual Min Startup Time": 62.087, "Actual Max Startup Time": 62.087, "Actual Min Total Time": 145.031, "Actual Max Total Time": 145.031, "Recheck Cond": "(movie_id = ci.movie_id)", "Rows Removed by Index Recheck": 0, "Exact Heap Blocks": 40013, "Lossy Heap Blocks": 40013, "Plans": [{"Node Type": "Bitmap Index Scan", "Parent Relationship": "Outer", "Index Name": "movie_id_movie_info", "Startup Cost": 0.0, "Total Cost": 0.38, "Plan Rows": 5, "Plan Width": 0, "Actual Min Startup Time": 43.257, "Actual Max Startup Time": 43.257, "Actual Min Total Time": 43.257, "Actual Max Total Time": 43.257, "Index Cond": "(movie_id = ci.movie_id)", "Actual Rows": 95896}], "Actual Rows": 95896}], "Actual Rows": 95896}, {"Node Type": "Hash", "Parent Relationship": "Inner", "Startup Cost": 2.4, "Total Cost": 2.4, "Plan Rows": 1, "Plan Width": 4, "Actual Min Startup Time": 0.045, "Actual Max Startup Time": 0.045, "Actual Min Total Time": 0.045, "Actual Max Total Time": 0.045, "Max Hash Buckets": 32768, "Min Hash Buckets": 32768, "Max Hash Batches": 1, "Min Hash Batches": 1, "Max Original Hash Batches": 1, "Min Original Hash Batches": 1, "Max Peak Memory Usage": 1, "min Peak Memory Usage": 1, "Plans": [{"Node Type": "Seq Scan", "Parent Relationship": "Outer", "Relation Name": "info_type", "Alias": "it1", "Startup Cost": 0.0, "Total Cost": 2.4, "Plan Rows": 1, "Plan Width": 4, "Actual Min Startup Time": 0.041, "Actual Max Startup Time": 0.041, "Actual Min Total Time": 0.044, "Actual Max Total Time": 0.044, "Filter": "((info)::text = 'budget'::text)", "Rows Removed by Filter": 111, "Actual Rows": 1}], "Actual Rows": 1}], "Actual Rows": 699}, {"Node Type": "Bitmap Heap Scan", "Parent Relationship": "Inner", "Relation Name": "movie_info_idx", "Alias": "mi_idx", "Startup Cost": 0.27, "Total Cost": 4.29, "Plan Rows": 2, "Plan Width": 13, "Actual Min Startup Time": 6.369, "Actual Max Startup Time": 6.369, "Actual Min Total Time": 6.566, "Actual Max Total Time": 6.566, "Recheck Cond": "(movie_id = mi.movie_id)", "Rows Removed by Index Recheck": 0, "Exact Heap Blocks": 419, "Lossy Heap Blocks": 419, "Plans": [{"Node Type": "Bitmap Index Scan", "Parent Relationship": "Outer", "Index Name": "movie_id_movie_info_idx", "Startup Cost": 0.0, "Total Cost": 0.27, "Plan Rows": 2, "Plan Width": 0, "Actual Min Startup Time": 4.643, "Actual Max Startup Time": 4.643, "Actual Min Total Time": 4.643, "Actual Max Total Time": 4.643, "Index Cond": "(movie_id = mi.movie_id)", "Actual Rows": 1235}], "Actual Rows": 1235}], "Actual Rows": 1235}, {"Node Type": "Hash", "Parent Relationship": "Inner", "Startup Cost": 2.4, "Total Cost": 2.4, "Plan Rows": 1, "Plan Width": 4, "Actual Min Startup Time": 0.096, "Actual Max Startup Time": 0.096, "Actual Min Total Time": 0.096, "Actual Max Total Time": 0.096, "Max Hash Buckets": 32768, "Min Hash Buckets": 32768, "Max Hash Batches": 1, "Min Hash Batches": 1, "Max Original Hash Batches": 1, "Min Original Hash Batches": 1, "Max Peak Memory Usage": 1, "min Peak Memory Usage": 1, "Plans": [{"Node Type": "Seq Scan", "Parent Relationship": "Outer", "Relation Name": "info_type", "Alias": "it2", "Startup Cost": 0.0, "Total Cost": 2.4, "Plan Rows": 1, "Plan Width": 4, "Actual Min Startup Time": 0.076, "Actual Max Startup Time": 0.076, "Actual Min Total Time": 0.082, "Actual Max Total Time": 0.082, "Filter": "((info)::text = 'votes'::text)", "Rows Removed by Filter": 111, "Actual Rows": 1}], "Actual Rows": 1}], "Actual Rows": 410}, {"Node Type": "Bitmap Heap Scan", "Parent Relationship": "Inner", "Relation Name": "title", "Alias": "t", "Startup Cost": 0.26, "Total Cost": 4.27, "Plan Rows": 1, "Plan Width": 21, "Actual Min Startup Time": 4.209, "Actual Max Startup Time": 4.209, "Actual Min Total Time": 4.209, "Actual Max Total Time": 4.209, "Recheck Cond": "(id = mi.movie_id)", "Rows Removed by Index Recheck": 0, "Exact Heap Blocks": 410, "Lossy Heap Blocks": 410, "Plans": [{"Node Type": "Bitmap Index Scan", "Parent Relationship": "Outer", "Index Name": "title_pkey", "Startup Cost": 0.0, "Total Cost": 0.26, "Plan Rows": 1, "Plan Width": 0, "Actual Min Startup Time": 2.78, "Actual Max Startup Time": 2.78, "Actual Min Total Time": 2.78, "Actual Max Total Time": 2.78, "Index Cond": "(id = mi.movie_id)", "Actual Rows": 410}], "Actual Rows": 410}], "Actual Rows": 410}], "Actual Rows": 1}, "Triggers": [], "Planner Runtime": 86.456, "Total Runtime": 433.874, "Unique SQL Id": 4264520866}}, "(64, '103')": {"explain_plan": {"Plan": {"Node Type": "Aggregate", "Strategy": "Plain", "Startup Cost": 211870.77, "Total Cost": 211870.78, "Plan Rows": 1, "Plan Width": 160, "Plans": [{"Node Type": "Nested Loop", "Parent Relationship": "Outer", "Join Type": "Inner", "Startup Cost": 83177.52, "Total Cost": 211870.7, "Plan Rows": 9, "Plan Width": 64, "Inner Unique": true, "Plans": [{"Node Type": "Nested Loop", "Parent Relationship": "Outer", "Join Type": "Inner", "Startup Cost": 83177.26, "Total Cost": 211832.16, "Plan Rows": 9, "Plan Width": 59, "Inner Unique": true, "Plans": [{"Node Type": "Nested Loop", "Parent Relationship": "Outer", "Join Type": "Inner", "Startup Cost": 83177.0, "Total Cost": 211686.54, "Plan Rows": 34, "Plan Width": 63, "Inner Unique": false, "Plans": [{"Node Type": "Hash Join", "Parent Relationship": "Outer", "Join Type": "Inner", "Startup Cost": 83176.74, "Total Cost": 211591.68, "Plan Rows": 22, "Plan Width": 50, "Inner Unique": true, "Hash Cond": "(mi.info_type_id = it1.id)", "Plans": [{"Node Type": "Nested Loop", "Parent Relationship": "Outer", "Join Type": "Inner", "Startup Cost": 83162.51, "Total Cost": 211573.33, "Plan Rows": 1561, "Plan Width": 54, "Inner Unique": false, "Plans": [{"Node Type": "Nested Loop", "Parent Relationship": "Outer", "Join Type": "Inner", "Startup Cost": 83162.13, "Total Cost": 210250.93, "Plan Rows": 294, "Plan Width": 4, "Inner Unique": false, "Plans": [{"Node Type": "Bitmap Heap Scan", "Parent Relationship": "Outer", "Relation Name": "name", "Alias": "n", "Startup Cost": 83157.74, "Total Cost": 197067.09, "Plan Rows": 173, "Plan Width": 4, "Filter": "(((name)::text ~~ '%Tim%'::text) AND ((gender)::text = 'm'::text))", "Plans": [{"Node Type": "Bitmap Index Scan", "Parent Relationship": "Outer", "Index Name": "name_pkey", "Startup Cost": 0.0, "Total Cost": 83157.7, "Plan Rows": 4167490, "Plan Width": 0}]}, {"Node Type": "Bitmap Heap Scan", "Parent Relationship": "Inner", "Relation Name": "cast_info", "Alias": "ci", "Startup Cost": 4.39, "Total Cost": 76.19, "Plan Rows": 2, "Plan Width": 8, "Recheck Cond": "(person_id = n.id)", "Filter": "((note)::text = ANY ('{(producer),\"(executive producer)\"}'::text[]))", "Plans": [{"Node Type": "Bitmap Index Scan", "Parent Relationship": "Outer", "Index Name": "person_id_cast_info", "Startup Cost": 0.0, "Total Cost": 4.38, "Plan Rows": 18, "Plan Width": 0, "Index Cond": "(person_id = n.id)"}]}]}, {"Node Type": "Bitmap Heap Scan", "Parent Relationship": "Inner", "Relation Name": "movie_info", "Alias": "mi", "Startup Cost": 0.39, "Total Cost": 4.45, "Plan Rows": 5, "Plan Width": 50, "Recheck Cond": "(movie_id = ci.movie_id)", "Plans": [{"Node Type": "Bitmap Index Scan", "Parent Relationship": "Outer", "Index Name": "movie_id_movie_info", "Startup Cost": 0.0, "Total Cost": 0.38, "Plan Rows": 5, "Plan Width": 0, "Index Cond": "(movie_id = ci.movie_id)"}]}]}, {"Node Type": "Hash", "Parent Relationship": "Inner", "Startup Cost": 14.21, "Total Cost": 14.21, "Plan Rows": 1, "Plan Width": 4, "Plans": [{"Node Type": "Bitmap Heap Scan", "Parent Relationship": "Outer", "Relation Name": "info_type", "Alias": "it1", "Startup Cost": 8.81, "Total Cost": 14.21, "Plan Rows": 1, "Plan Width": 4, "Filter": "((info)::text = 'budget'::text)", "Plans": [{"Node Type": "Bitmap Index Scan", "Parent Relationship": "Outer", "Index Name": "info_type_pkey", "Startup Cost": 0.0, "Total Cost": 8.81, "Plan Rows": 112, "Plan Width": 0}]}]}]}, {"Node Type": "Bitmap Heap Scan", "Parent Relationship": "Inner", "Relation Name": "movie_info_idx", "Alias": "mi_idx", "Startup Cost": 0.27, "Total Cost": 4.29, "Plan Rows": 2, "Plan Width": 13, "Recheck Cond": "(movie_id = mi.movie_id)", "Plans": [{"Node Type": "Bitmap Index Scan", "Parent Relationship": "Outer", "Index Name": "movie_id_movie_info_idx", "Startup Cost": 0.0, "Total Cost": 0.27, "Plan Rows": 2, "Plan Width": 0, "Index Cond": "(movie_id = mi.movie_id)"}]}]}, {"Node Type": "Bitmap Heap Scan", "Parent Relationship": "Inner", "Relation Name": "info_type", "Alias": "it2", "Startup Cost": 0.26, "Total Cost": 4.27, "Plan Rows": 1, "Plan Width": 4, "Recheck Cond": "(id = mi_idx.info_type_id)", "Filter": "((info)::text = 'votes'::text)", "Plans": [{"Node Type": "Bitmap Index Scan", "Parent Relationship": "Outer", "Index Name": "info_type_pkey", "Startup Cost": 0.0, "Total Cost": 0.26, "Plan Rows": 1, "Plan Width": 0, "Index Cond": "(id = mi_idx.info_type_id)"}]}]}, {"Node Type": "Bitmap Heap Scan", "Parent Relationship": "Inner", "Relation Name": "title", "Alias": "t", "Startup Cost": 0.26, "Total Cost": 4.27, "Plan Rows": 1, "Plan Width": 21, "Recheck Cond": "(id = mi.movie_id)", "Plans": [{"Node Type": "Bitmap Index Scan", "Parent Relationship": "Outer", "Index Name": "title_pkey", "Startup Cost": 0.0, "Total Cost": 0.26, "Plan Rows": 1, "Plan Width": 0, "Index Cond": "(id = mi.movie_id)"}]}]}]}, "Unique SQL Id": 4264520866, "Planner Runtime": 20}, "explain_analyze_plan": null}, "(64, '104')": {"explain_plan": {"Plan": {"Node Type": "Aggregate", "Strategy": "Plain", "Startup Cost": 72940.91, "Total Cost": 72940.92, "Plan Rows": 1, "Plan Width": 160, "Plans": [{"Node Type": "Nested Loop", "Parent Relationship": "Outer", "Join Type": "Inner", "Startup Cost": 0.0, "Total Cost": 72940.84, "Plan Rows": 9, "Plan Width": 64, "Inner Unique": true, "Plans": [{"Node Type": "Nested Loop", "Parent Relationship": "Outer", "Join Type": "Inner", "Startup Cost": 0.0, "Total Cost": 72938.22, "Plan Rows": 9, "Plan Width": 59, "Inner Unique": true, "Plans": [{"Node Type": "Nested Loop", "Parent Relationship": "Outer", "Join Type": "Inner", "Startup Cost": 0.0, "Total Cost": 72928.61, "Plan Rows": 34, "Plan Width": 63, "Inner Unique": false, "Plans": [{"Node Type": "Nested Loop", "Parent Relationship": "Outer", "Join Type": "Inner", "Startup Cost": 0.0, "Total Cost": 72886.98, "Plan Rows": 133, "Plan Width": 50, "Inner Unique": true, "Plans": [{"Node Type": "Nested Loop", "Parent Relationship": "Outer", "Join Type": "Inner", "Startup Cost": 0.0, "Total Cost": 72445.99, "Plan Rows": 1561, "Plan Width": 54, "Inner Unique": false, "Plans": [{"Node Type": "Nested Loop", "Parent Relationship": "Outer", "Join Type": "Inner", "Startup Cost": 0.0, "Total Cost": 72225.77, "Plan Rows": 294, "Plan Width": 4, "Inner Unique": false, "Plans": [{"Node Type": "Streaming(type: LOCAL GATHER dop: 1/64)", "Parent Relationship": "Outer", "Startup Cost": 0.0, "Total Cost": 64783.4, "Plan Rows": 173, "Plan Width": 4, "Plans": [{"Node Type": "Seq Scan", "Parent Relationship": "Outer", "Relation Name": "name", "Alias": "n", "Startup Cost": 0.0, "Total Cost": 64779.83, "Plan Rows": 173, "Plan Width": 4, "Filter": "(((name)::text ~~ '%Tim%'::text) AND ((gender)::text = 'm'::text))"}]}, {"Node Type": "Index Scan", "Parent Relationship": "Inner", "Scan Direction": "Forward", "Index Name": "person_id_cast_info", "Relation Name": "cast_info", "Alias": "ci", "Startup Cost": 0.0, "Total Cost": 43.0, "Plan Rows": 2, "Plan Width": 8, "Index Cond": "(person_id = n.id)", "Filter": "((note)::text = ANY ('{(producer),\"(executive producer)\"}'::text[]))"}]}, {"Node Type": "Index Scan", "Parent Relationship": "Inner", "Scan Direction": "Forward", "Index Name": "movie_id_movie_info", "Relation Name": "movie_info", "Alias": "mi", "Startup Cost": 0.0, "Total Cost": 0.7, "Plan Rows": 5, "Plan Width": 50, "Index Cond": "(movie_id = ci.movie_id)"}]}, {"Node Type": "Index Scan", "Parent Relationship": "Inner", "Scan Direction": "Forward", "Index Name": "info_type_pkey", "Relation Name": "info_type", "Alias": "it1", "Startup Cost": 0.0, "Total Cost": 0.27, "Plan Rows": 1, "Plan Width": 4, "Index Cond": "(id = mi.info_type_id)", "Filter": "((info)::text = 'budget'::text)"}]}, {"Node Type": "Index Scan", "Parent Relationship": "Inner", "Scan Direction": "Forward", "Index Name": "movie_id_movie_info_idx", "Relation Name": "movie_info_idx", "Alias": "mi_idx", "Startup Cost": 0.0, "Total Cost": 0.29, "Plan Rows": 2, "Plan Width": 13, "Index Cond": "(movie_id = mi.movie_id)"}]}, {"Node Type": "Index Scan", "Parent Relationship": "Inner", "Scan Direction": "Forward", "Index Name": "info_type_pkey", "Relation Name": "info_type", "Alias": "it2", "Startup Cost": 0.0, "Total Cost": 0.27, "Plan Rows": 1, "Plan Width": 4, "Index Cond": "(id = mi_idx.info_type_id)", "Filter": "((info)::text = 'votes'::text)"}]}, {"Node Type": "Index Scan", "Parent Relationship": "Inner", "Scan Direction": "Forward", "Index Name": "title_pkey", "Relation Name": "title", "Alias": "t", "Startup Cost": 0.0, "Total Cost": 0.28, "Plan Rows": 1, "Plan Width": 21, "Index Cond": "(id = mi.movie_id)"}]}]}, "Unique SQL Id": 4264520866, "Planner Runtime": 57}, "explain_analyze_plan": {"Plan": {"Node Type": "Aggregate", "Strategy": "Plain", "Startup Cost": 72940.91, "Total Cost": 72940.92, "Plan Rows": 1, "Plan Width": 160, "Actual Min Startup Time": 580.943, "Actual Max Startup Time": 580.943, "Actual Min Total Time": 580.943, "Actual Max Total Time": 580.943, "Plans": [{"Node Type": "Nested Loop", "Parent Relationship": "Outer", "Join Type": "Inner", "Startup Cost": 0.0, "Total Cost": 72940.84, "Plan Rows": 9, "Plan Width": 64, "Actual Min Startup Time": 53.221, "Actual Max Startup Time": 53.221, "Actual Min Total Time": 580.231, "Actual Max Total Time": 580.231, "Inner Unique": true, "Plans": [{"Node Type": "Nested Loop", "Parent Relationship": "Outer", "Join Type": "Inner", "Startup Cost": 0.0, "Total Cost": 72938.22, "Plan Rows": 9, "Plan Width": 59, "Actual Min Startup Time": 53.203, "Actual Max Startup Time": 53.203, "Actual Min Total Time": 575.953, "Actual Max Total Time": 575.953, "Inner Unique": true, "Plans": [{"Node Type": "Nested Loop", "Parent Relationship": "Outer", "Join Type": "Inner", "Startup Cost": 0.0, "Total Cost": 72928.61, "Plan Rows": 34, "Plan Width": 63, "Actual Min Startup Time": 53.189, "Actual Max Startup Time": 53.189, "Actual Min Total Time": 572.773, "Actual Max Total Time": 572.773, "Inner Unique": false, "Plans": [{"Node Type": "Nested Loop", "Parent Relationship": "Outer", "Join Type": "Inner", "Startup Cost": 0.0, "Total Cost": 72886.98, "Plan Rows": 133, "Plan Width": 50, "Actual Min Startup Time": 52.978, "Actual Max Startup Time": 52.978, "Actual Min Total Time": 565.991, "Actual Max Total Time": 565.991, "Inner Unique": true, "Plans": [{"Node Type": "Nested Loop", "Parent Relationship": "Outer", "Join Type": "Inner", "Startup Cost": 0.0, "Total Cost": 72445.99, "Plan Rows": 1561, "Plan Width": 54, "Actual Min Startup Time": 52.281, "Actual Max Startup Time": 52.281, "Actual Min Total Time": 344.939, "Actual Max Total Time": 344.939, "Inner Unique": false, "Plans": [{"Node Type": "Nested Loop", "Parent Relationship": "Outer", "Join Type": "Inner", "Startup Cost": 0.0, "Total Cost": 72225.77, "Plan Rows": 294, "Plan Width": 4, "Actual Min Startup Time": 52.263, "Actual Max Startup Time": 52.263, "Actual Min Total Time": 192.782, "Actual Max Total Time": 192.782, "Inner Unique": false, "Plans": [{"Node Type": "Streaming(type: LOCAL GATHER dop: 1/64)", "Parent Relationship": "Outer", "Startup Cost": 0.0, "Total Cost": 64783.4, "Plan Rows": 173, "Plan Width": 4, "Actual Min Startup Time": 52.106, "Actual Max Startup Time": 52.106, "Actual Min Total Time": 60.208, "Actual Max Total Time": 60.208, "Plans": [{"Node Type": "Seq Scan", "Parent Relationship": "Outer", "Relation Name": "name", "Alias": "n", "Startup Cost": 0.0, "Total Cost": 64779.83, "Plan Rows": 173, "Plan Width": 4, "Actual Min Startup Time": 0.03, "Actual Max Startup Time": 0.864, "Actual Min Total Time": 25.411, "Actual Max Total Time": 29.502, "Filter": "(((name)::text ~~ '%Tim%'::text) AND ((gender)::text = 'm'::text))", "Rows Removed by Filter": 4158428, "Actual Rows": 9062}], "Actual Rows": 9062}, {"Node Type": "Index Scan", "Parent Relationship": "Inner", "Scan Direction": "Forward", "Index Name": "person_id_cast_info", "Relation Name": "cast_info", "Alias": "ci", "Startup Cost": 0.0, "Total Cost": 43.0, "Plan Rows": 2, "Plan Width": 8, "Actual Min Startup Time": 107.178, "Actual Max Startup Time": 107.178, "Actual Min Total Time": 126.243, "Actual Max Total Time": 126.243, "Index Cond": "(person_id = n.id)", "Rows Removed by Index Recheck": 0, "Filter": "((note)::text = ANY ('{(producer),\"(executive producer)\"}'::text[]))", "Rows Removed by Filter": 89309, "Actual Rows": 6719}], "Actual Rows": 6719}, {"Node Type": "Index Scan", "Parent Relationship": "Inner", "Scan Direction": "Forward", "Index Name": "movie_id_movie_info", "Relation Name": "movie_info", "Alias": "mi", "Startup Cost": 0.0, "Total Cost": 0.7, "Plan Rows": 5, "Plan Width": 50, "Actual Min Startup Time": 40.065, "Actual Max Startup Time": 40.065, "Actual Min Total Time": 126.105, "Actual Max Total Time": 126.105, "Index Cond": "(movie_id = ci.movie_id)", "Rows Removed by Index Recheck": 0, "Actual Rows": 95896}], "Actual Rows": 95896}, {"Node Type": "Index Scan", "Parent Relationship": "Inner", "Scan Direction": "Forward", "Index Name": "info_type_pkey", "Relation Name": "info_type", "Alias": "it1", "Startup Cost": 0.0, "Total Cost": 0.27, "Plan Rows": 1, "Plan Width": 4, "Actual Min Startup Time": 176.631, "Actual Max Startup Time": 176.631, "Actual Min Total Time": 176.631, "Actual Max Total Time": 176.631, "Index Cond": "(id = mi.info_type_id)", "Rows Removed by Index Recheck": 0, "Filter": "((info)::text = 'budget'::text)", "Rows Removed by Filter": 92329, "Actual Rows": 699}], "Actual Rows": 699}, {"Node Type": "Index Scan", "Parent Relationship": "Inner", "Scan Direction": "Forward", "Index Name": "movie_id_movie_info_idx", "Relation Name": "movie_info_idx", "Alias": "mi_idx", "Startup Cost": 0.0, "Total Cost": 0.29, "Plan Rows": 2, "Plan Width": 13, "Actual Min Startup Time": 5.49, "Actual Max Startup Time": 5.49, "Actual Min Total Time": 6.061, "Actual Max Total Time": 6.061, "Index Cond": "(movie_id = mi.movie_id)", "Rows Removed by Index Recheck": 0, "Actual Rows": 1235}], "Actual Rows": 1235}, {"Node Type": "Index Scan", "Parent Relationship": "Inner", "Scan Direction": "Forward", "Index Name": "info_type_pkey", "Relation Name": "info_type", "Alias": "it2", "Startup Cost": 0.0, "Total Cost": 0.27, "Plan Rows": 1, "Plan Width": 4, "Actual Min Startup Time": 2.352, "Actual Max Startup Time": 2.352, "Actual Min Total Time": 2.352, "Actual Max Total Time": 2.352, "Index Cond": "(id = mi_idx.info_type_id)", "Rows Removed by Index Recheck": 0, "Filter": "((info)::text = 'votes'::text)", "Rows Removed by Filter": 825, "Actual Rows": 410}], "Actual Rows": 410}, {"Node Type": "Index Scan", "Parent Relationship": "Inner", "Scan Direction": "Forward", "Index Name": "title_pkey", "Relation Name": "title", "Alias": "t", "Startup Cost": 0.0, "Total Cost": 0.28, "Plan Rows": 1, "Plan Width": 21, "Actual Min Startup Time": 3.694, "Actual Max Startup Time": 3.694, "Actual Min Total Time": 3.694, "Actual Max Total Time": 3.694, "Index Cond": "(id = mi.movie_id)", "Rows Removed by Index Recheck": 0, "Actual Rows": 410}], "Actual Rows": 410}], "Actual Rows": 1}, "Triggers": [], "Planner Runtime": 73.917, "Total Runtime": 591.66, "Unique SQL Id": 4264520866}}, "(64, '105')": {"explain_plan": {"Plan": {"Node Type": "Aggregate", "Strategy": "Plain", "Startup Cost": 204828.22, "Total Cost": 204828.23, "Plan Rows": 1, "Plan Width": 160, "Plans": [{"Node Type": "Nested Loop", "Parent Relationship": "Outer", "Join Type": "Inner", "Startup Cost": 0.0, "Total Cost": 204828.15, "Plan Rows": 9, "Plan Width": 64, "Inner Unique": true, "Plans": [{"Node Type": "Nested Loop", "Parent Relationship": "Outer", "Join Type": "Inner", "Startup Cost": 0.0, "Total Cost": 204825.52, "Plan Rows": 9, "Plan Width": 59, "Inner Unique": true, "Plans": [{"Node Type": "Nested Loop", "Parent Relationship": "Outer", "Join Type": "Inner", "Startup Cost": 0.0, "Total Cost": 204746.71, "Plan Rows": 279, "Plan Width": 63, "Inner Unique": false, "Join Filter": "(mi_idx.movie_id = mi.movie_id)", "Plans": [{"Node Type": "Nested Loop", "Parent Relationship": "Outer", "Join Type": "Inner", "Startup Cost": 0.0, "Total Cost": 204707.1, "Plan Rows": 52, "Plan Width": 13, "Inner Unique": true, "Plans": [{"Node Type": "Nested Loop", "Parent Relationship": "Outer", "Join Type": "Inner", "Startup Cost": 0.0, "Total Cost": 204609.36, "Plan Rows": 346, "Plan Width": 17, "Inner Unique": false, "Plans": [{"Node Type": "Nested Loop", "Parent Relationship": "Outer", "Join Type": "Inner", "Startup Cost": 0.0, "Total Cost": 204512.56, "Plan Rows": 294, "Plan Width": 4, "Inner Unique": false, "Plans": [{"Node Type": "Index Scan", "Parent Relationship": "Outer", "Scan Direction": "Forward", "Index Name": "name_pkey", "Relation Name": "name", "Alias": "n", "Startup Cost": 0.0, "Total Cost": 197070.2, "Plan Rows": 173, "Plan Width": 4, "Filter": "(((name)::text ~~ '%Tim%'::text) AND ((gender)::text = 'm'::text))"}, {"Node Type": "Index Scan", "Parent Relationship": "Inner", "Scan Direction": "Forward", "Index Name": "person_id_cast_info", "Relation Name": "cast_info", "Alias": "ci", "Startup Cost": 0.0, "Total Cost": 43.0, "Plan Rows": 2, "Plan Width": 8, "Index Cond": "(person_id = n.id)", "Filter": "((note)::text = ANY ('{(producer),\"(executive producer)\"}'::text[]))"}]}, {"Node Type": "Index Scan", "Parent Relationship": "Inner", "Scan Direction": "Forward", "Index Name": "movie_id_movie_info_idx", "Relation Name": "movie_info_idx", "Alias": "mi_idx", "Startup Cost": 0.0, "Total Cost": 0.31, "Plan Rows": 2, "Plan Width": 13, "Index Cond": "(movie_id = ci.movie_id)"}]}, {"Node Type": "Index Scan", "Parent Relationship": "Inner", "Scan Direction": "Forward", "Index Name": "info_type_pkey", "Relation Name": "info_type", "Alias": "it2", "Startup Cost": 0.0, "Total Cost": 0.27, "Plan Rows": 1, "Plan Width": 4, "Index Cond": "(id = mi_idx.info_type_id)", "Filter": "((info)::text = 'votes'::text)"}]}, {"Node Type": "Index Scan", "Parent Relationship": "Inner", "Scan Direction": "Forward", "Index Name": "movie_id_movie_info", "Relation Name": "movie_info", "Alias": "mi", "Startup Cost": 0.0, "Total Cost": 0.7, "Plan Rows": 5, "Plan Width": 50, "Index Cond": "(movie_id = ci.movie_id)"}]}, {"Node Type": "Index Scan", "Parent Relationship": "Inner", "Scan Direction": "Forward", "Index Name": "info_type_pkey", "Relation Name": "info_type", "Alias": "it1", "Startup Cost": 0.0, "Total Cost": 0.27, "Plan Rows": 1, "Plan Width": 4, "Index Cond": "(id = mi.info_type_id)", "Filter": "((info)::text = 'budget'::text)"}]}, {"Node Type": "Index Scan", "Parent Relationship": "Inner", "Scan Direction": "Forward", "Index Name": "title_pkey", "Relation Name": "title", "Alias": "t", "Startup Cost": 0.0, "Total Cost": 0.28, "Plan Rows": 1, "Plan Width": 21, "Index Cond": "(id = mi.movie_id)"}]}]}, "Unique SQL Id": 4264520866, "Planner Runtime": 24}, "explain_analyze_plan": null}, "(64, '106')": {"explain_plan": {"Plan": {"Node Type": "Aggregate", "Strategy": "Plain", "Startup Cost": 350510.91, "Total Cost": 350510.92, "Plan Rows": 1, "Plan Width": 160, "Plans": [{"Node Type": "Hash Join", "Parent Relationship": "Outer", "Join Type": "Inner", "Startup Cost": 261509.22, "Total Cost": 350510.52, "Plan Rows": 51, "Plan Width": 64, "Inner Unique": true, "Hash Cond": "(mi_idx.info_type_id = it2.id)", "Plans": [{"Node Type": "Hash Join", "Parent Relationship": "Outer", "Join Type": "Inner", "Startup Cost": 261506.81, "Total Cost": 350507.01, "Plan Rows": 204, "Plan Width": 68, "Inner Unique": true, "Hash Cond": "(mi.info_type_id = it1.id)", "Plans": [{"Node Type": "Hash Join", "Parent Relationship": "Outer", "Join Type": "Inner", "Startup Cost": 261504.4, "Total Cost": 350499.21, "Plan Rows": 1856, "Plan Width": 72, "Inner Unique": true, "Hash Cond": "(mi.movie_id = t.id)", "Plans": [{"Node Type": "Streaming(type: LOCAL GATHER dop: 1/64)", "Parent Relationship": "Outer", "Startup Cost": 214883.23, "Total Cost": 303852.52, "Plan Rows": 1856, "Plan Width": 67, "Plans": [{"Node Type": "Hash Join", "Parent Relationship": "Outer", "Join Type": "Inner", "Startup Cost": 214883.23, "Total Cost": 303814.23, "Plan Rows": 1856, "Plan Width": 67, "Inner Unique": false, "Hash Cond": "(mi_idx.movie_id = mi.movie_id)", "Plans": [{"Node Type": "Streaming(type: BROADCAST dop: 64/1)", "Parent Relationship": "Outer", "Startup Cost": 195068.84, "Total Cost": 283979.65, "Plan Rows": 22144, "Plan Width": 17, "Plans": [{"Node Type": "Hash Join", "Parent Relationship": "Outer", "Join Type": "Inner", "Startup Cost": 195068.84, "Total Cost": 220522.82, "Plan Rows": 346, "Plan Width": 17, "Inner Unique": false, "Hash Cond": "(mi_idx.movie_id = ci.movie_id)", "Plans": [{"Node Type": "Seq Scan", "Parent Relationship": "Outer", "Relation Name": "movie_info_idx", "Alias": "mi_idx", "Startup Cost": 0.0, "Total Cost": 20274.34, "Plan Rows": 1380034, "Plan Width": 13}, {"Node Type": "Hash", "Parent Relationship": "Inner", "Startup Cost": 195065.16, "Total Cost": 195065.16, "Plan Rows": 294, "Plan Width": 4, "Plans": [{"Node Type": "Hash Join", "Parent Relationship": "Outer", "Join Type": "Inner", "Startup Cost": 64785.57, "Total Cost": 195065.16, "Plan Rows": 294, "Plan Width": 4, "Inner Unique": true, "Hash Cond": "(ci.person_id = n.id)", "Plans": [{"Node Type": "Streaming(type: LOCAL GATHER dop: 1/64)", "Parent Relationship": "Outer", "Startup Cost": 0.0, "Total Cost": 122309.64, "Plan Rows": 2350421, "Plan Width": 8, "Plans": [{"Node Type": "Seq Scan", "Parent Relationship": "Outer", "Relation Name": "cast_info", "Alias": "ci", "Startup Cost": 0.0, "Total Cost": 73820.73, "Plan Rows": 2350421, "Plan Width": 8, "Filter": "((note)::text = ANY ('{(producer),\"(executive producer)\"}'::text[]))"}]}, {"Node Type": "Hash", "Parent Relationship": "Inner", "Startup Cost": 64783.4, "Total Cost": 64783.4, "Plan Rows": 173, "Plan Width": 4, "Plans": [{"Node Type": "Streaming(type: LOCAL GATHER dop: 1/64)", "Parent Relationship": "Outer", "Startup Cost": 0.0, "Total Cost": 64783.4, "Plan Rows": 173, "Plan Width": 4, "Plans": [{"Node Type": "Seq Scan", "Parent Relationship": "Outer", "Relation Name": "name", "Alias": "n", "Startup Cost": 0.0, "Total Cost": 64779.83, "Plan Rows": 173, "Plan Width": 4, "Filter": "(((name)::text ~~ '%Tim%'::text) AND ((gender)::text = 'm'::text))"}]}]}]}]}]}]}, {"Node Type": "Hash", "Parent Relationship": "Inner", "Startup Cost": 67640.43, "Total Cost": 67640.43, "Plan Rows": 14869966, "Plan Width": 50, "Plans": [{"Node Type": "Seq Scan", "Parent Relationship": "Outer", "Relation Name": "movie_info", "Alias": "mi", "Startup Cost": 0.0, "Total Cost": 67640.43, "Plan Rows": 14869966, "Plan Width": 50}]}]}]}, {"Node Type": "Hash", "Parent Relationship": "Inner", "Startup Cost": 60069.11, "Total Cost": 60069.11, "Plan Rows": 2528311, "Plan Width": 21, "Plans": [{"Node Type": "Seq Scan", "Parent Relationship": "Outer", "Relation Name": "title", "Alias": "t", "Startup Cost": 0.0, "Total Cost": 60069.11, "Plan Rows": 2528311, "Plan Width": 21}]}]}, {"Node Type": "Hash", "Parent Relationship": "Inner", "Startup Cost": 2.4, "Total Cost": 2.4, "Plan Rows": 1, "Plan Width": 4, "Plans": [{"Node Type": "Seq Scan", "Parent Relationship": "Outer", "Relation Name": "info_type", "Alias": "it1", "Startup Cost": 0.0, "Total Cost": 2.4, "Plan Rows": 1, "Plan Width": 4, "Filter": "((info)::text = 'budget'::text)"}]}]}, {"Node Type": "Hash", "Parent Relationship": "Inner", "Startup Cost": 2.4, "Total Cost": 2.4, "Plan Rows": 1, "Plan Width": 4, "Plans": [{"Node Type": "Seq Scan", "Parent Relationship": "Outer", "Relation Name": "info_type", "Alias": "it2", "Startup Cost": 0.0, "Total Cost": 2.4, "Plan Rows": 1, "Plan Width": 4, "Filter": "((info)::text = 'votes'::text)"}]}]}]}, "Unique SQL Id": 4264520866, "Planner Runtime": 94}, "explain_analyze_plan": null}, "(64, '107')": {"explain_plan": {"Plan": {"Node Type": "Aggregate", "Strategy": "Plain", "Startup Cost": 7000228652362.46, "Total Cost": 7000228652362.47, "Plan Rows": 1, "Plan Width": 160, "Plans": [{"Node Type": "Hash Join", "Parent Relationship": "Outer", "Join Type": "Inner", "Startup Cost": 5020212312737.45, "Total Cost": 7000228652362.08, "Plan Rows": 51, "Plan Width": 64, "Inner Unique": true, "Hash Cond": "(mi.movie_id = t.id)", "Plans": [{"Node Type": "Hash Join", "Parent Relationship": "Outer", "Join Type": "Inner", "Startup Cost": 4020201269084.65, "Total Cost": 6000217608708.57, "Plan Rows": 51, "Plan Width": 59, "Inner Unique": false, "Hash Cond": "(mi.movie_id = mi_idx.movie_id)", "Plans": [{"Node Type": "Nested Loop", "Parent Relationship": "Outer", "Join Type": "Inner", "Startup Cost": 20000004894.57, "Total Cost": 2000016343720.19, "Plan Rows": 212428, "Plan Width": 46, "Inner Unique": false, "Plans": [{"Node Type": "Index Scan", "Parent Relationship": "Outer", "Scan Direction": "Forward", "Index Name": "info_type_pkey", "Relation Name": "info_type", "Alias": "it1", "Startup Cost": 10000000000.0, "Total Cost": 1000000001421.0, "Plan Rows": 1, "Plan Width": 4, "Filter": "((info)::text = 'budget'::text)"}, {"Node Type": "Bitmap Heap Scan", "Parent Relationship": "Inner", "Relation Name": "movie_info", "Alias": "mi", "Startup Cost": 10000004894.57, "Total Cost": 1000016340174.91, "Plan Rows": 212428, "Plan Width": 50, "Recheck Cond": "(info_type_id = it1.id), (LLVM Optimized)", "Plans": [{"Node Type": "Bitmap Index Scan", "Parent Relationship": "Outer", "Index Name": "info_type_id_movie_info", "Startup Cost": 0.0, "Total Cost": 4841.46, "Plan Rows": 212428, "Plan Width": 0, "Index Cond": "(info_type_id = it1.id)"}]}]}, {"Node Type": "Hash", "Parent Relationship": "Inner", "Startup Cost": 4000201264187.24, "Total Cost": 4000201264187.24, "Plan Rows": 228, "Plan Width": 13, "Plans": [{"Node Type": "Hash Join", "Parent Relationship": "Outer", "Join Type": "Inner", "Startup Cost": 2020199436654.7, "Total Cost": 4000201264187.24, "Plan Rows": 228, "Plan Width": 13, "Inner Unique": false, "Hash Cond": "(mi_idx.movie_id = ci.movie_id)", "Plans": [{"Node Type": "Nested Loop", "Parent Relationship": "Outer", "Join Type": "Inner", "Startup Cost": 20000007502.06, "Total Cost": 2000001833737.28, "Plan Rows": 345008, "Plan Width": 9, "Inner Unique": false, "Plans": [{"Node Type": "Index Scan", "Parent Relationship": "Outer", "Scan Direction": "Forward", "Index Name": "info_type_pkey", "Relation Name": "info_type", "Alias": "it2", "Startup Cost": 10000000000.0, "Total Cost": 1000000001421.0, "Plan Rows": 1, "Plan Width": 4, "Filter": "((info)::text = 'votes'::text)"}, {"Node Type": "Bitmap Heap Scan", "Parent Relationship": "Inner", "Relation Name": "movie_info_idx", "Alias": "mi_idx", "Startup Cost": 10000007502.06, "Total Cost": 1000001828866.2, "Plan Rows": 345008, "Plan Width": 13, "Recheck Cond": "(info_type_id = it2.id), (LLVM Optimized)", "Plans": [{"Node Type": "Bitmap Index Scan", "Parent Relationship": "Outer", "Index Name": "info_type_id_movie_info_idx", "Startup Cost": 0.0, "Total Cost": 7415.81, "Plan Rows": 345008, "Plan Width": 0, "Index Cond": "(info_type_id = it2.id)"}]}]}, {"Node Type": "Hash", "Parent Relationship": "Inner", "Startup Cost": 2000199429148.96, "Total Cost": 2000199429148.96, "Plan Rows": 294, "Plan Width": 4, "Plans": [{"Node Type": "Hash Join", "Parent Relationship": "Outer", "Join Type": "Inner", "Startup Cost": 1010019707021.87, "Total Cost": 2000199429148.96, "Plan Rows": 294, "Plan Width": 4, "Inner Unique": true, "Hash Cond": "(ci.person_id = n.id)", "Plans": [{"Node Type": "Index Scan", "Parent Relationship": "Outer", "Scan Direction": "Forward", "Index Name": "person_id_cast_info", "Relation Name": "cast_info", "Alias": "ci", "Startup Cost": 10000000000.0, "Total Cost": 1000179713706.71, "Plan Rows": 2350421, "Plan Width": 8, "Filter": "((note)::text = ANY ('{(producer),\"(executive producer)\"}'::text[]))"}, {"Node Type": "Hash", "Parent Relationship": "Inner", "Startup Cost": 1000019707019.7, "Total Cost": 1000019707019.7, "Plan Rows": 173, "Plan Width": 4, "Plans": [{"Node Type": "Index Scan", "Parent Relationship": "Outer", "Scan Direction": "Forward", "Index Name": "name_pkey", "Relation Name": "name", "Alias": "n", "Startup Cost": 10000000000.0, "Total Cost": 1000019707019.7, "Plan Rows": 173, "Plan Width": 4, "Filter": "(((name)::text ~~ '%Tim%'::text) AND ((gender)::text = 'm'::text))"}]}]}]}]}]}]}, {"Node Type": "Hash", "Parent Relationship": "Inner", "Startup Cost": 1000011012048.91, "Total Cost": 1000011012048.91, "Plan Rows": 2528311, "Plan Width": 21, "Plans": [{"Node Type": "Index Scan", "Parent Relationship": "Outer", "Scan Direction": "Forward", "Index Name": "title_pkey", "Relation Name": "title", "Alias": "t", "Startup Cost": 10000000000.0, "Total Cost": 1000011012048.91, "Plan Rows": 2528311, "Plan Width": 21}]}]}]}, "Unique SQL Id": 4264520866, "Planner Runtime": 40}, "explain_analyze_plan": null}, "(64, '108')": {"explain_plan": {"Plan": {"Node Type": "Aggregate", "Strategy": "Plain", "Startup Cost": 72940.91, "Total Cost": 72940.92, "Plan Rows": 1, "Plan Width": 160, "Plans": [{"Node Type": "Nested Loop", "Parent Relationship": "Outer", "Join Type": "Inner", "Startup Cost": 0.0, "Total Cost": 72940.84, "Plan Rows": 9, "Plan Width": 64, "Inner Unique": true, "Plans": [{"Node Type": "Nested Loop", "Parent Relationship": "Outer", "Join Type": "Inner", "Startup Cost": 0.0, "Total Cost": 72938.22, "Plan Rows": 9, "Plan Width": 59, "Inner Unique": true, "Plans": [{"Node Type": "Nested Loop", "Parent Relationship": "Outer", "Join Type": "Inner", "Startup Cost": 0.0, "Total Cost": 72928.61, "Plan Rows": 34, "Plan Width": 63, "Inner Unique": false, "Plans": [{"Node Type": "Nested Loop", "Parent Relationship": "Outer", "Join Type": "Inner", "Startup Cost": 0.0, "Total Cost": 72886.98, "Plan Rows": 133, "Plan Width": 50, "Inner Unique": true, "Plans": [{"Node Type": "Nested Loop", "Parent Relationship": "Outer", "Join Type": "Inner", "Startup Cost": 0.0, "Total Cost": 72445.99, "Plan Rows": 1561, "Plan Width": 54, "Inner Unique": false, "Plans": [{"Node Type": "Nested Loop", "Parent Relationship": "Outer", "Join Type": "Inner", "Startup Cost": 0.0, "Total Cost": 72225.77, "Plan Rows": 294, "Plan Width": 4, "Inner Unique": false, "Plans": [{"Node Type": "Streaming(type: LOCAL GATHER dop: 1/64)", "Parent Relationship": "Outer", "Startup Cost": 0.0, "Total Cost": 64783.4, "Plan Rows": 173, "Plan Width": 4, "Plans": [{"Node Type": "Seq Scan", "Parent Relationship": "Outer", "Relation Name": "name", "Alias": "n", "Startup Cost": 0.0, "Total Cost": 64779.83, "Plan Rows": 173, "Plan Width": 4, "Filter": "(((name)::text ~~ '%Tim%'::text) AND ((gender)::text = 'm'::text))"}]}, {"Node Type": "Index Scan", "Parent Relationship": "Inner", "Scan Direction": "Forward", "Index Name": "person_id_cast_info", "Relation Name": "cast_info", "Alias": "ci", "Startup Cost": 0.0, "Total Cost": 43.0, "Plan Rows": 2, "Plan Width": 8, "Index Cond": "(person_id = n.id)", "Filter": "((note)::text = ANY ('{(producer),\"(executive producer)\"}'::text[]))"}]}, {"Node Type": "Index Scan", "Parent Relationship": "Inner", "Scan Direction": "Forward", "Index Name": "movie_id_movie_info", "Relation Name": "movie_info", "Alias": "mi", "Startup Cost": 0.0, "Total Cost": 0.7, "Plan Rows": 5, "Plan Width": 50, "Index Cond": "(movie_id = ci.movie_id)"}]}, {"Node Type": "Index Scan", "Parent Relationship": "Inner", "Scan Direction": "Forward", "Index Name": "info_type_pkey", "Relation Name": "info_type", "Alias": "it1", "Startup Cost": 0.0, "Total Cost": 0.27, "Plan Rows": 1, "Plan Width": 4, "Index Cond": "(id = mi.info_type_id)", "Filter": "((info)::text = 'budget'::text)"}]}, {"Node Type": "Index Scan", "Parent Relationship": "Inner", "Scan Direction": "Forward", "Index Name": "movie_id_movie_info_idx", "Relation Name": "movie_info_idx", "Alias": "mi_idx", "Startup Cost": 0.0, "Total Cost": 0.29, "Plan Rows": 2, "Plan Width": 13, "Index Cond": "(movie_id = mi.movie_id)"}]}, {"Node Type": "Index Scan", "Parent Relationship": "Inner", "Scan Direction": "Forward", "Index Name": "info_type_pkey", "Relation Name": "info_type", "Alias": "it2", "Startup Cost": 0.0, "Total Cost": 0.27, "Plan Rows": 1, "Plan Width": 4, "Index Cond": "(id = mi_idx.info_type_id)", "Filter": "((info)::text = 'votes'::text)"}]}, {"Node Type": "Index Scan", "Parent Relationship": "Inner", "Scan Direction": "Forward", "Index Name": "title_pkey", "Relation Name": "title", "Alias": "t", "Startup Cost": 0.0, "Total Cost": 0.28, "Plan Rows": 1, "Plan Width": 21, "Index Cond": "(id = mi.movie_id)"}]}]}, "Unique SQL Id": 4264520866, "Planner Runtime": 59}, "explain_analyze_plan": {"Plan": {"Node Type": "Aggregate", "Strategy": "Plain", "Startup Cost": 72940.91, "Total Cost": 72940.92, "Plan Rows": 1, "Plan Width": 160, "Actual Min Startup Time": 580.943, "Actual Max Startup Time": 580.943, "Actual Min Total Time": 580.943, "Actual Max Total Time": 580.943, "Plans": [{"Node Type": "Nested Loop", "Parent Relationship": "Outer", "Join Type": "Inner", "Startup Cost": 0.0, "Total Cost": 72940.84, "Plan Rows": 9, "Plan Width": 64, "Actual Min Startup Time": 53.221, "Actual Max Startup Time": 53.221, "Actual Min Total Time": 580.231, "Actual Max Total Time": 580.231, "Inner Unique": true, "Plans": [{"Node Type": "Nested Loop", "Parent Relationship": "Outer", "Join Type": "Inner", "Startup Cost": 0.0, "Total Cost": 72938.22, "Plan Rows": 9, "Plan Width": 59, "Actual Min Startup Time": 53.203, "Actual Max Startup Time": 53.203, "Actual Min Total Time": 575.953, "Actual Max Total Time": 575.953, "Inner Unique": true, "Plans": [{"Node Type": "Nested Loop", "Parent Relationship": "Outer", "Join Type": "Inner", "Startup Cost": 0.0, "Total Cost": 72928.61, "Plan Rows": 34, "Plan Width": 63, "Actual Min Startup Time": 53.189, "Actual Max Startup Time": 53.189, "Actual Min Total Time": 572.773, "Actual Max Total Time": 572.773, "Inner Unique": false, "Plans": [{"Node Type": "Nested Loop", "Parent Relationship": "Outer", "Join Type": "Inner", "Startup Cost": 0.0, "Total Cost": 72886.98, "Plan Rows": 133, "Plan Width": 50, "Actual Min Startup Time": 52.978, "Actual Max Startup Time": 52.978, "Actual Min Total Time": 565.991, "Actual Max Total Time": 565.991, "Inner Unique": true, "Plans": [{"Node Type": "Nested Loop", "Parent Relationship": "Outer", "Join Type": "Inner", "Startup Cost": 0.0, "Total Cost": 72445.99, "Plan Rows": 1561, "Plan Width": 54, "Actual Min Startup Time": 52.281, "Actual Max Startup Time": 52.281, "Actual Min Total Time": 344.939, "Actual Max Total Time": 344.939, "Inner Unique": false, "Plans": [{"Node Type": "Nested Loop", "Parent Relationship": "Outer", "Join Type": "Inner", "Startup Cost": 0.0, "Total Cost": 72225.77, "Plan Rows": 294, "Plan Width": 4, "Actual Min Startup Time": 52.263, "Actual Max Startup Time": 52.263, "Actual Min Total Time": 192.782, "Actual Max Total Time": 192.782, "Inner Unique": false, "Plans": [{"Node Type": "Streaming(type: LOCAL GATHER dop: 1/64)", "Parent Relationship": "Outer", "Startup Cost": 0.0, "Total Cost": 64783.4, "Plan Rows": 173, "Plan Width": 4, "Actual Min Startup Time": 52.106, "Actual Max Startup Time": 52.106, "Actual Min Total Time": 60.208, "Actual Max Total Time": 60.208, "Plans": [{"Node Type": "Seq Scan", "Parent Relationship": "Outer", "Relation Name": "name", "Alias": "n", "Startup Cost": 0.0, "Total Cost": 64779.83, "Plan Rows": 173, "Plan Width": 4, "Actual Min Startup Time": 0.03, "Actual Max Startup Time": 0.864, "Actual Min Total Time": 25.411, "Actual Max Total Time": 29.502, "Filter": "(((name)::text ~~ '%Tim%'::text) AND ((gender)::text = 'm'::text))", "Rows Removed by Filter": 4158428, "Actual Rows": 9062}], "Actual Rows": 9062}, {"Node Type": "Index Scan", "Parent Relationship": "Inner", "Scan Direction": "Forward", "Index Name": "person_id_cast_info", "Relation Name": "cast_info", "Alias": "ci", "Startup Cost": 0.0, "Total Cost": 43.0, "Plan Rows": 2, "Plan Width": 8, "Actual Min Startup Time": 107.178, "Actual Max Startup Time": 107.178, "Actual Min Total Time": 126.243, "Actual Max Total Time": 126.243, "Index Cond": "(person_id = n.id)", "Rows Removed by Index Recheck": 0, "Filter": "((note)::text = ANY ('{(producer),\"(executive producer)\"}'::text[]))", "Rows Removed by Filter": 89309, "Actual Rows": 6719}], "Actual Rows": 6719}, {"Node Type": "Index Scan", "Parent Relationship": "Inner", "Scan Direction": "Forward", "Index Name": "movie_id_movie_info", "Relation Name": "movie_info", "Alias": "mi", "Startup Cost": 0.0, "Total Cost": 0.7, "Plan Rows": 5, "Plan Width": 50, "Actual Min Startup Time": 40.065, "Actual Max Startup Time": 40.065, "Actual Min Total Time": 126.105, "Actual Max Total Time": 126.105, "Index Cond": "(movie_id = ci.movie_id)", "Rows Removed by Index Recheck": 0, "Actual Rows": 95896}], "Actual Rows": 95896}, {"Node Type": "Index Scan", "Parent Relationship": "Inner", "Scan Direction": "Forward", "Index Name": "info_type_pkey", "Relation Name": "info_type", "Alias": "it1", "Startup Cost": 0.0, "Total Cost": 0.27, "Plan Rows": 1, "Plan Width": 4, "Actual Min Startup Time": 176.631, "Actual Max Startup Time": 176.631, "Actual Min Total Time": 176.631, "Actual Max Total Time": 176.631, "Index Cond": "(id = mi.info_type_id)", "Rows Removed by Index Recheck": 0, "Filter": "((info)::text = 'budget'::text)", "Rows Removed by Filter": 92329, "Actual Rows": 699}], "Actual Rows": 699}, {"Node Type": "Index Scan", "Parent Relationship": "Inner", "Scan Direction": "Forward", "Index Name": "movie_id_movie_info_idx", "Relation Name": "movie_info_idx", "Alias": "mi_idx", "Startup Cost": 0.0, "Total Cost": 0.29, "Plan Rows": 2, "Plan Width": 13, "Actual Min Startup Time": 5.49, "Actual Max Startup Time": 5.49, "Actual Min Total Time": 6.061, "Actual Max Total Time": 6.061, "Index Cond": "(movie_id = mi.movie_id)", "Rows Removed by Index Recheck": 0, "Actual Rows": 1235}], "Actual Rows": 1235}, {"Node Type": "Index Scan", "Parent Relationship": "Inner", "Scan Direction": "Forward", "Index Name": "info_type_pkey", "Relation Name": "info_type", "Alias": "it2", "Startup Cost": 0.0, "Total Cost": 0.27, "Plan Rows": 1, "Plan Width": 4, "Actual Min Startup Time": 2.352, "Actual Max Startup Time": 2.352, "Actual Min Total Time": 2.352, "Actual Max Total Time": 2.352, "Index Cond": "(id = mi_idx.info_type_id)", "Rows Removed by Index Recheck": 0, "Filter": "((info)::text = 'votes'::text)", "Rows Removed by Filter": 825, "Actual Rows": 410}], "Actual Rows": 410}, {"Node Type": "Index Scan", "Parent Relationship": "Inner", "Scan Direction": "Forward", "Index Name": "title_pkey", "Relation Name": "title", "Alias": "t", "Startup Cost": 0.0, "Total Cost": 0.28, "Plan Rows": 1, "Plan Width": 21, "Actual Min Startup Time": 3.694, "Actual Max Startup Time": 3.694, "Actual Min Total Time": 3.694, "Actual Max Total Time": 3.694, "Index Cond": "(id = mi.movie_id)", "Rows Removed by Index Recheck": 0, "Actual Rows": 410}], "Actual Rows": 410}], "Actual Rows": 1}, "Triggers": [], "Planner Runtime": 73.917, "Total Runtime": 591.66, "Unique SQL Id": 4264520866}}, "(64, '109')": {"explain_plan": {"Plan": {"Node Type": "Aggregate", "Strategy": "Plain", "Startup Cost": 204828.22, "Total Cost": 204828.23, "Plan Rows": 1, "Plan Width": 160, "Plans": [{"Node Type": "Nested Loop", "Parent Relationship": "Outer", "Join Type": "Inner", "Startup Cost": 0.0, "Total Cost": 204828.15, "Plan Rows": 9, "Plan Width": 64, "Inner Unique": true, "Plans": [{"Node Type": "Nested Loop", "Parent Relationship": "Outer", "Join Type": "Inner", "Startup Cost": 0.0, "Total Cost": 204825.52, "Plan Rows": 9, "Plan Width": 59, "Inner Unique": true, "Plans": [{"Node Type": "Nested Loop", "Parent Relationship": "Outer", "Join Type": "Inner", "Startup Cost": 0.0, "Total Cost": 204746.71, "Plan Rows": 279, "Plan Width": 63, "Inner Unique": false, "Join Filter": "(mi_idx.movie_id = mi.movie_id)", "Plans": [{"Node Type": "Nested Loop", "Parent Relationship": "Outer", "Join Type": "Inner", "Startup Cost": 0.0, "Total Cost": 204707.1, "Plan Rows": 52, "Plan Width": 13, "Inner Unique": true, "Plans": [{"Node Type": "Nested Loop", "Parent Relationship": "Outer", "Join Type": "Inner", "Startup Cost": 0.0, "Total Cost": 204609.36, "Plan Rows": 346, "Plan Width": 17, "Inner Unique": false, "Plans": [{"Node Type": "Nested Loop", "Parent Relationship": "Outer", "Join Type": "Inner", "Startup Cost": 0.0, "Total Cost": 204512.56, "Plan Rows": 294, "Plan Width": 4, "Inner Unique": false, "Plans": [{"Node Type": "Index Scan", "Parent Relationship": "Outer", "Scan Direction": "Forward", "Index Name": "name_pkey", "Relation Name": "name", "Alias": "n", "Startup Cost": 0.0, "Total Cost": 197070.2, "Plan Rows": 173, "Plan Width": 4, "Filter": "(((name)::text ~~ '%Tim%'::text) AND ((gender)::text = 'm'::text))"}, {"Node Type": "Index Scan", "Parent Relationship": "Inner", "Scan Direction": "Forward", "Index Name": "person_id_cast_info", "Relation Name": "cast_info", "Alias": "ci", "Startup Cost": 0.0, "Total Cost": 43.0, "Plan Rows": 2, "Plan Width": 8, "Index Cond": "(person_id = n.id)", "Filter": "((note)::text = ANY ('{(producer),\"(executive producer)\"}'::text[]))"}]}, {"Node Type": "Index Scan", "Parent Relationship": "Inner", "Scan Direction": "Forward", "Index Name": "movie_id_movie_info_idx", "Relation Name": "movie_info_idx", "Alias": "mi_idx", "Startup Cost": 0.0, "Total Cost": 0.31, "Plan Rows": 2, "Plan Width": 13, "Index Cond": "(movie_id = ci.movie_id)"}]}, {"Node Type": "Index Scan", "Parent Relationship": "Inner", "Scan Direction": "Forward", "Index Name": "info_type_pkey", "Relation Name": "info_type", "Alias": "it2", "Startup Cost": 0.0, "Total Cost": 0.27, "Plan Rows": 1, "Plan Width": 4, "Index Cond": "(id = mi_idx.info_type_id)", "Filter": "((info)::text = 'votes'::text)"}]}, {"Node Type": "Index Scan", "Parent Relationship": "Inner", "Scan Direction": "Forward", "Index Name": "movie_id_movie_info", "Relation Name": "movie_info", "Alias": "mi", "Startup Cost": 0.0, "Total Cost": 0.7, "Plan Rows": 5, "Plan Width": 50, "Index Cond": "(movie_id = ci.movie_id)"}]}, {"Node Type": "Index Scan", "Parent Relationship": "Inner", "Scan Direction": "Forward", "Index Name": "info_type_pkey", "Relation Name": "info_type", "Alias": "it1", "Startup Cost": 0.0, "Total Cost": 0.27, "Plan Rows": 1, "Plan Width": 4, "Index Cond": "(id = mi.info_type_id)", "Filter": "((info)::text = 'budget'::text)"}]}, {"Node Type": "Index Scan", "Parent Relationship": "Inner", "Scan Direction": "Forward", "Index Name": "title_pkey", "Relation Name": "title", "Alias": "t", "Startup Cost": 0.0, "Total Cost": 0.28, "Plan Rows": 1, "Plan Width": 21, "Index Cond": "(id = mi.movie_id)"}]}]}, "Unique SQL Id": 4264520866, "Planner Runtime": 25}, "explain_analyze_plan": null}, "(64, '110')": {"explain_plan": {"Plan": {"Node Type": "Aggregate", "Strategy": "Plain", "Startup Cost": 350510.91, "Total Cost": 350510.92, "Plan Rows": 1, "Plan Width": 160, "Plans": [{"Node Type": "Hash Join", "Parent Relationship": "Outer", "Join Type": "Inner", "Startup Cost": 261509.22, "Total Cost": 350510.52, "Plan Rows": 51, "Plan Width": 64, "Inner Unique": true, "Hash Cond": "(mi_idx.info_type_id = it2.id)", "Plans": [{"Node Type": "Hash Join", "Parent Relationship": "Outer", "Join Type": "Inner", "Startup Cost": 261506.81, "Total Cost": 350507.01, "Plan Rows": 204, "Plan Width": 68, "Inner Unique": true, "Hash Cond": "(mi.info_type_id = it1.id)", "Plans": [{"Node Type": "Hash Join", "Parent Relationship": "Outer", "Join Type": "Inner", "Startup Cost": 261504.4, "Total Cost": 350499.21, "Plan Rows": 1856, "Plan Width": 72, "Inner Unique": true, "Hash Cond": "(mi.movie_id = t.id)", "Plans": [{"Node Type": "Streaming(type: LOCAL GATHER dop: 1/64)", "Parent Relationship": "Outer", "Startup Cost": 214883.23, "Total Cost": 303852.52, "Plan Rows": 1856, "Plan Width": 67, "Plans": [{"Node Type": "Hash Join", "Parent Relationship": "Outer", "Join Type": "Inner", "Startup Cost": 214883.23, "Total Cost": 303814.23, "Plan Rows": 1856, "Plan Width": 67, "Inner Unique": false, "Hash Cond": "(mi_idx.movie_id = mi.movie_id)", "Plans": [{"Node Type": "Streaming(type: BROADCAST dop: 64/1)", "Parent Relationship": "Outer", "Startup Cost": 195068.84, "Total Cost": 283979.65, "Plan Rows": 22144, "Plan Width": 17, "Plans": [{"Node Type": "Hash Join", "Parent Relationship": "Outer", "Join Type": "Inner", "Startup Cost": 195068.84, "Total Cost": 220522.82, "Plan Rows": 346, "Plan Width": 17, "Inner Unique": false, "Hash Cond": "(mi_idx.movie_id = ci.movie_id)", "Plans": [{"Node Type": "Seq Scan", "Parent Relationship": "Outer", "Relation Name": "movie_info_idx", "Alias": "mi_idx", "Startup Cost": 0.0, "Total Cost": 20274.34, "Plan Rows": 1380034, "Plan Width": 13}, {"Node Type": "Hash", "Parent Relationship": "Inner", "Startup Cost": 195065.16, "Total Cost": 195065.16, "Plan Rows": 294, "Plan Width": 4, "Plans": [{"Node Type": "Hash Join", "Parent Relationship": "Outer", "Join Type": "Inner", "Startup Cost": 64785.57, "Total Cost": 195065.16, "Plan Rows": 294, "Plan Width": 4, "Inner Unique": true, "Hash Cond": "(ci.person_id = n.id)", "Plans": [{"Node Type": "Streaming(type: LOCAL GATHER dop: 1/64)", "Parent Relationship": "Outer", "Startup Cost": 0.0, "Total Cost": 122309.64, "Plan Rows": 2350421, "Plan Width": 8, "Plans": [{"Node Type": "Seq Scan", "Parent Relationship": "Outer", "Relation Name": "cast_info", "Alias": "ci", "Startup Cost": 0.0, "Total Cost": 73820.73, "Plan Rows": 2350421, "Plan Width": 8, "Filter": "((note)::text = ANY ('{(producer),\"(executive producer)\"}'::text[]))"}]}, {"Node Type": "Hash", "Parent Relationship": "Inner", "Startup Cost": 64783.4, "Total Cost": 64783.4, "Plan Rows": 173, "Plan Width": 4, "Plans": [{"Node Type": "Streaming(type: LOCAL GATHER dop: 1/64)", "Parent Relationship": "Outer", "Startup Cost": 0.0, "Total Cost": 64783.4, "Plan Rows": 173, "Plan Width": 4, "Plans": [{"Node Type": "Seq Scan", "Parent Relationship": "Outer", "Relation Name": "name", "Alias": "n", "Startup Cost": 0.0, "Total Cost": 64779.83, "Plan Rows": 173, "Plan Width": 4, "Filter": "(((name)::text ~~ '%Tim%'::text) AND ((gender)::text = 'm'::text))"}]}]}]}]}]}]}, {"Node Type": "Hash", "Parent Relationship": "Inner", "Startup Cost": 67640.43, "Total Cost": 67640.43, "Plan Rows": 14869966, "Plan Width": 50, "Plans": [{"Node Type": "Seq Scan", "Parent Relationship": "Outer", "Relation Name": "movie_info", "Alias": "mi", "Startup Cost": 0.0, "Total Cost": 67640.43, "Plan Rows": 14869966, "Plan Width": 50}]}]}]}, {"Node Type": "Hash", "Parent Relationship": "Inner", "Startup Cost": 60069.11, "Total Cost": 60069.11, "Plan Rows": 2528311, "Plan Width": 21, "Plans": [{"Node Type": "Seq Scan", "Parent Relationship": "Outer", "Relation Name": "title", "Alias": "t", "Startup Cost": 0.0, "Total Cost": 60069.11, "Plan Rows": 2528311, "Plan Width": 21}]}]}, {"Node Type": "Hash", "Parent Relationship": "Inner", "Startup Cost": 2.4, "Total Cost": 2.4, "Plan Rows": 1, "Plan Width": 4, "Plans": [{"Node Type": "Seq Scan", "Parent Relationship": "Outer", "Relation Name": "info_type", "Alias": "it1", "Startup Cost": 0.0, "Total Cost": 2.4, "Plan Rows": 1, "Plan Width": 4, "Filter": "((info)::text = 'budget'::text)"}]}]}, {"Node Type": "Hash", "Parent Relationship": "Inner", "Startup Cost": 2.4, "Total Cost": 2.4, "Plan Rows": 1, "Plan Width": 4, "Plans": [{"Node Type": "Seq Scan", "Parent Relationship": "Outer", "Relation Name": "info_type", "Alias": "it2", "Startup Cost": 0.0, "Total Cost": 2.4, "Plan Rows": 1, "Plan Width": 4, "Filter": "((info)::text = 'votes'::text)"}]}]}]}, "Unique SQL Id": 4264520866, "Planner Runtime": 94}, "explain_analyze_plan": null}, "(64, '111')": {"explain_plan": {"Plan": {"Node Type": "Aggregate", "Strategy": "Plain", "Startup Cost": 7000228652362.46, "Total Cost": 7000228652362.47, "Plan Rows": 1, "Plan Width": 160, "Plans": [{"Node Type": "Hash Join", "Parent Relationship": "Outer", "Join Type": "Inner", "Startup Cost": 5020212312737.45, "Total Cost": 7000228652362.08, "Plan Rows": 51, "Plan Width": 64, "Inner Unique": true, "Hash Cond": "(mi.movie_id = t.id)", "Plans": [{"Node Type": "Hash Join", "Parent Relationship": "Outer", "Join Type": "Inner", "Startup Cost": 4020201269084.65, "Total Cost": 6000217608708.57, "Plan Rows": 51, "Plan Width": 59, "Inner Unique": false, "Hash Cond": "(mi.movie_id = mi_idx.movie_id)", "Plans": [{"Node Type": "Nested Loop", "Parent Relationship": "Outer", "Join Type": "Inner", "Startup Cost": 20000004894.57, "Total Cost": 2000016343720.19, "Plan Rows": 212428, "Plan Width": 46, "Inner Unique": false, "Plans": [{"Node Type": "Index Scan", "Parent Relationship": "Outer", "Scan Direction": "Forward", "Index Name": "info_type_pkey", "Relation Name": "info_type", "Alias": "it1", "Startup Cost": 10000000000.0, "Total Cost": 1000000001421.0, "Plan Rows": 1, "Plan Width": 4, "Filter": "((info)::text = 'budget'::text)"}, {"Node Type": "Bitmap Heap Scan", "Parent Relationship": "Inner", "Relation Name": "movie_info", "Alias": "mi", "Startup Cost": 10000004894.57, "Total Cost": 1000016340174.91, "Plan Rows": 212428, "Plan Width": 50, "Recheck Cond": "(info_type_id = it1.id), (LLVM Optimized)", "Plans": [{"Node Type": "Bitmap Index Scan", "Parent Relationship": "Outer", "Index Name": "info_type_id_movie_info", "Startup Cost": 0.0, "Total Cost": 4841.46, "Plan Rows": 212428, "Plan Width": 0, "Index Cond": "(info_type_id = it1.id)"}]}]}, {"Node Type": "Hash", "Parent Relationship": "Inner", "Startup Cost": 4000201264187.24, "Total Cost": 4000201264187.24, "Plan Rows": 228, "Plan Width": 13, "Plans": [{"Node Type": "Hash Join", "Parent Relationship": "Outer", "Join Type": "Inner", "Startup Cost": 2020199436654.7, "Total Cost": 4000201264187.24, "Plan Rows": 228, "Plan Width": 13, "Inner Unique": false, "Hash Cond": "(mi_idx.movie_id = ci.movie_id)", "Plans": [{"Node Type": "Nested Loop", "Parent Relationship": "Outer", "Join Type": "Inner", "Startup Cost": 20000007502.06, "Total Cost": 2000001833737.28, "Plan Rows": 345008, "Plan Width": 9, "Inner Unique": false, "Plans": [{"Node Type": "Index Scan", "Parent Relationship": "Outer", "Scan Direction": "Forward", "Index Name": "info_type_pkey", "Relation Name": "info_type", "Alias": "it2", "Startup Cost": 10000000000.0, "Total Cost": 1000000001421.0, "Plan Rows": 1, "Plan Width": 4, "Filter": "((info)::text = 'votes'::text)"}, {"Node Type": "Bitmap Heap Scan", "Parent Relationship": "Inner", "Relation Name": "movie_info_idx", "Alias": "mi_idx", "Startup Cost": 10000007502.06, "Total Cost": 1000001828866.2, "Plan Rows": 345008, "Plan Width": 13, "Recheck Cond": "(info_type_id = it2.id), (LLVM Optimized)", "Plans": [{"Node Type": "Bitmap Index Scan", "Parent Relationship": "Outer", "Index Name": "info_type_id_movie_info_idx", "Startup Cost": 0.0, "Total Cost": 7415.81, "Plan Rows": 345008, "Plan Width": 0, "Index Cond": "(info_type_id = it2.id)"}]}]}, {"Node Type": "Hash", "Parent Relationship": "Inner", "Startup Cost": 2000199429148.96, "Total Cost": 2000199429148.96, "Plan Rows": 294, "Plan Width": 4, "Plans": [{"Node Type": "Hash Join", "Parent Relationship": "Outer", "Join Type": "Inner", "Startup Cost": 1010019707021.87, "Total Cost": 2000199429148.96, "Plan Rows": 294, "Plan Width": 4, "Inner Unique": true, "Hash Cond": "(ci.person_id = n.id)", "Plans": [{"Node Type": "Index Scan", "Parent Relationship": "Outer", "Scan Direction": "Forward", "Index Name": "person_id_cast_info", "Relation Name": "cast_info", "Alias": "ci", "Startup Cost": 10000000000.0, "Total Cost": 1000179713706.71, "Plan Rows": 2350421, "Plan Width": 8, "Filter": "((note)::text = ANY ('{(producer),\"(executive producer)\"}'::text[]))"}, {"Node Type": "Hash", "Parent Relationship": "Inner", "Startup Cost": 1000019707019.7, "Total Cost": 1000019707019.7, "Plan Rows": 173, "Plan Width": 4, "Plans": [{"Node Type": "Index Scan", "Parent Relationship": "Outer", "Scan Direction": "Forward", "Index Name": "name_pkey", "Relation Name": "name", "Alias": "n", "Startup Cost": 10000000000.0, "Total Cost": 1000019707019.7, "Plan Rows": 173, "Plan Width": 4, "Filter": "(((name)::text ~~ '%Tim%'::text) AND ((gender)::text = 'm'::text))"}]}]}]}]}]}]}, {"Node Type": "Hash", "Parent Relationship": "Inner", "Startup Cost": 1000011012048.91, "Total Cost": 1000011012048.91, "Plan Rows": 2528311, "Plan Width": 21, "Plans": [{"Node Type": "Index Scan", "Parent Relationship": "Outer", "Scan Direction": "Forward", "Index Name": "title_pkey", "Relation Name": "title", "Alias": "t", "Startup Cost": 10000000000.0, "Total Cost": 1000011012048.91, "Plan Rows": 2528311, "Plan Width": 21}]}]}]}, "Unique SQL Id": 4264520866, "Planner Runtime": 40}, "explain_analyze_plan": null}, "(64, '112')": {"explain_plan": {"Plan": {"Node Type": "Aggregate", "Strategy": "Plain", "Startup Cost": 72377.46, "Total Cost": 72377.47, "Plan Rows": 1, "Plan Width": 160, "Plans": [{"Node Type": "Nested Loop", "Parent Relationship": "Outer", "Join Type": "Inner", "Startup Cost": 0.0, "Total Cost": 72377.4, "Plan Rows": 8, "Plan Width": 64, "Inner Unique": true, "Plans": [{"Node Type": "Nested Loop", "Parent Relationship": "Outer", "Join Type": "Inner", "Startup Cost": 0.0, "Total Cost": 72374.78, "Plan Rows": 9, "Plan Width": 59, "Inner Unique": false, "Join Filter": "(mi.info_type_id = it1.id)", "Plans": [{"Node Type": "Seq Scan", "Parent Relationship": "Outer", "Relation Name": "info_type", "Alias": "it1", "Startup Cost": 0.0, "Total Cost": 2.4, "Plan Rows": 1, "Plan Width": 4, "Filter": "((info)::text = 'budget'::text)"}, {"Node Type": "Nested Loop", "Parent Relationship": "Inner", "Join Type": "Inner", "Startup Cost": 0.0, "Total Cost": 72368.89, "Plan Rows": 279, "Plan Width": 63, "Inner Unique": false, "Join Filter": "(mi_idx.movie_id = mi.movie_id)", "Plans": [{"Node Type": "Nested Loop", "Parent Relationship": "Outer", "Join Type": "Inner", "Startup Cost": 0.0, "Total Cost": 72329.29, "Plan Rows": 52, "Plan Width": 13, "Inner Unique": false, "Join Filter": "(mi_idx.info_type_id = it2.id)", "Plans": [{"Node Type": "Seq Scan", "Parent Relationship": "Outer", "Relation Name": "info_type", "Alias": "it2", "Startup Cost": 0.0, "Total Cost": 2.4, "Plan Rows": 1, "Plan Width": 4, "Filter": "((info)::text = 'votes'::text)"}, {"Node Type": "Materialize", "Parent Relationship": "Inner", "Startup Cost": 0.0, "Total Cost": 72323.43, "Plan Rows": 346, "Plan Width": 17, "Plans": [{"Node Type": "Nested Loop", "Parent Relationship": "Outer", "Join Type": "Inner", "Startup Cost": 0.0, "Total Cost": 72322.56, "Plan Rows": 346, "Plan Width": 17, "Inner Unique": false, "Plans": [{"Node Type": "Nested Loop", "Parent Relationship": "Outer", "Join Type": "Inner", "Startup Cost": 0.0, "Total Cost": 72225.77, "Plan Rows": 294, "Plan Width": 4, "Inner Unique": false, "Plans": [{"Node Type": "Streaming(type: LOCAL GATHER dop: 1/64)", "Parent Relationship": "Outer", "Startup Cost": 0.0, "Total Cost": 64783.4, "Plan Rows": 173, "Plan Width": 4, "Plans": [{"Node Type": "Seq Scan", "Parent Relationship": "Outer", "Relation Name": "name", "Alias": "n", "Startup Cost": 0.0, "Total Cost": 64779.83, "Plan Rows": 173, "Plan Width": 4, "Filter": "(((name)::text ~~ '%Tim%'::text) AND ((gender)::text = 'm'::text))"}]}, {"Node Type": "Index Scan", "Parent Relationship": "Inner", "Scan Direction": "Forward", "Index Name": "person_id_cast_info", "Relation Name": "cast_info", "Alias": "ci", "Startup Cost": 0.0, "Total Cost": 43.0, "Plan Rows": 2, "Plan Width": 8, "Index Cond": "(person_id = n.id)", "Filter": "((note)::text = ANY ('{(producer),\"(executive producer)\"}'::text[]))"}]}, {"Node Type": "Index Scan", "Parent Relationship": "Inner", "Scan Direction": "Forward", "Index Name": "movie_id_movie_info_idx", "Relation Name": "movie_info_idx", "Alias": "mi_idx", "Startup Cost": 0.0, "Total Cost": 0.31, "Plan Rows": 2, "Plan Width": 13, "Index Cond": "(movie_id = ci.movie_id)"}]}]}]}, {"Node Type": "Index Scan", "Parent Relationship": "Inner", "Scan Direction": "Forward", "Index Name": "movie_id_movie_info", "Relation Name": "movie_info", "Alias": "mi", "Startup Cost": 0.0, "Total Cost": 0.7, "Plan Rows": 5, "Plan Width": 50, "Index Cond": "(movie_id = ci.movie_id)"}]}]}, {"Node Type": "Index Scan", "Parent Relationship": "Inner", "Scan Direction": "Forward", "Index Name": "title_pkey", "Relation Name": "title", "Alias": "t", "Startup Cost": 0.0, "Total Cost": 0.28, "Plan Rows": 1, "Plan Width": 21, "Index Cond": "(id = mi.movie_id)"}]}]}, "Unique SQL Id": 4264520866, "Planner Runtime": 8}, "explain_analyze_plan": {"Plan": {"Node Type": "Aggregate", "Strategy": "Plain", "Startup Cost": 72377.46, "Total Cost": 72377.47, "Plan Rows": 1, "Plan Width": 160, "Actual Min Startup Time": 413.389, "Actual Max Startup Time": 413.389, "Actual Min Total Time": 413.389, "Actual Max Total Time": 413.389, "Plans": [{"Node Type": "Nested Loop", "Parent Relationship": "Outer", "Join Type": "Inner", "Startup Cost": 0.0, "Total Cost": 72377.4, "Plan Rows": 8, "Plan Width": 64, "Actual Min Startup Time": 272.667, "Actual Max Startup Time": 272.667, "Actual Min Total Time": 412.915, "Actual Max Total Time": 412.915, "Inner Unique": true, "Plans": [{"Node Type": "Nested Loop", "Parent Relationship": "Outer", "Join Type": "Inner", "Startup Cost": 0.0, "Total Cost": 72374.78, "Plan Rows": 9, "Plan Width": 59, "Actual Min Startup Time": 272.648, "Actual Max Startup Time": 272.648, "Actual Min Total Time": 409.287, "Actual Max Total Time": 409.287, "Inner Unique": false, "Join Filter": "(mi.info_type_id = it1.id)", "Rows Removed by Join Filter": 81998, "Plans": [{"Node Type": "Seq Scan", "Parent Relationship": "Outer", "Relation Name": "info_type", "Alias": "it1", "Startup Cost": 0.0, "Total Cost": 2.4, "Plan Rows": 1, "Plan Width": 4, "Actual Min Startup Time": 0.083, "Actual Max Startup Time": 0.083, "Actual Min Total Time": 0.092, "Actual Max Total Time": 0.092, "Filter": "((info)::text = 'budget'::text)", "Rows Removed by Filter": 111, "Actual Rows": 1}, {"Node Type": "Nested Loop", "Parent Relationship": "Inner", "Join Type": "Inner", "Startup Cost": 0.0, "Total Cost": 72368.89, "Plan Rows": 279, "Plan Width": 63, "Actual Min Startup Time": 272.017, "Actual Max Startup Time": 272.017, "Actual Min Total Time": 393.425, "Actual Max Total Time": 393.425, "Inner Unique": false, "Join Filter": "(mi_idx.movie_id = mi.movie_id)", "Rows Removed by Join Filter": 0, "Plans": [{"Node Type": "Nested Loop", "Parent Relationship": "Outer", "Join Type": "Inner", "Startup Cost": 0.0, "Total Cost": 72329.29, "Plan Rows": 52, "Plan Width": 13, "Actual Min Startup Time": 271.998, "Actual Max Startup Time": 271.998, "Actual Min Total Time": 276.21, "Actual Max Total Time": 276.21, "Inner Unique": false, "Join Filter": "(mi_idx.info_type_id = it2.id)", "Rows Removed by Join Filter": 6875, "Plans": [{"Node Type": "Seq Scan", "Parent Relationship": "Outer", "Relation Name": "info_type", "Alias": "it2", "Startup Cost": 0.0, "Total Cost": 2.4, "Plan Rows": 1, "Plan Width": 4, "Actual Min Startup Time": 0.055, "Actual Max Startup Time": 0.055, "Actual Min Total Time": 0.07, "Actual Max Total Time": 0.07, "Filter": "((info)::text = 'votes'::text)", "Rows Removed by Filter": 111, "Actual Rows": 1}, {"Node Type": "Materialize", "Parent Relationship": "Inner", "Startup Cost": 0.0, "Total Cost": 72323.43, "Plan Rows": 346, "Plan Width": 17, "Actual Min Startup Time": 271.93, "Actual Max Startup Time": 271.93, "Actual Min Total Time": 273.234, "Actual Max Total Time": 273.234, "Plans": [{"Node Type": "Nested Loop", "Parent Relationship": "Outer", "Join Type": "Inner", "Startup Cost": 0.0, "Total Cost": 72322.56, "Plan Rows": 346, "Plan Width": 17, "Actual Min Startup Time": 80.747, "Actual Max Startup Time": 80.747, "Actual Min Total Time": 268.97, "Actual Max Total Time": 268.97, "Inner Unique": false, "Plans": [{"Node Type": "Nested Loop", "Parent Relationship": "Outer", "Join Type": "Inner", "Startup Cost": 0.0, "Total Cost": 72225.77, "Plan Rows": 294, "Plan Width": 4, "Actual Min Startup Time": 80.727, "Actual Max Startup Time": 80.727, "Actual Min Total Time": 231.531, "Actual Max Total Time": 231.531, "Inner Unique": false, "Plans": [{"Node Type": "Streaming(type: LOCAL GATHER dop: 1/64)", "Parent Relationship": "Outer", "Startup Cost": 0.0, "Total Cost": 64783.4, "Plan Rows": 173, "Plan Width": 4, "Actual Min Startup Time": 80.526, "Actual Max Startup Time": 80.526, "Actual Min Total Time": 99.298, "Actual Max Total Time": 99.298, "Plans": [{"Node Type": "Seq Scan", "Parent Relationship": "Outer", "Relation Name": "name", "Alias": "n", "Startup Cost": 0.0, "Total Cost": 64779.83, "Plan Rows": 173, "Plan Width": 4, "Actual Min Startup Time": 0.029, "Actual Max Startup Time": 0.86, "Actual Min Total Time": 25.533, "Actual Max Total Time": 29.548, "Filter": "(((name)::text ~~ '%Tim%'::text) AND ((gender)::text = 'm'::text))", "Rows Removed by Filter": 4158428, "Actual Rows": 9062}], "Actual Rows": 9062}, {"Node Type": "Index Scan", "Parent Relationship": "Inner", "Scan Direction": "Forward", "Index Name": "person_id_cast_info", "Relation Name": "cast_info", "Alias": "ci", "Startup Cost": 0.0, "Total Cost": 43.0, "Plan Rows": 2, "Plan Width": 8, "Actual Min Startup Time": 106.638, "Actual Max Startup Time": 106.638, "Actual Min Total Time": 126.058, "Actual Max Total Time": 126.058, "Index Cond": "(person_id = n.id)", "Rows Removed by Index Recheck": 0, "Filter": "((note)::text = ANY ('{(producer),\"(executive producer)\"}'::text[]))", "Rows Removed by Filter": 89309, "Actual Rows": 6719}], "Actual Rows": 6719}, {"Node Type": "Index Scan", "Parent Relationship": "Inner", "Scan Direction": "Forward", "Index Name": "movie_id_movie_info_idx", "Relation Name": "movie_info_idx", "Alias": "mi_idx", "Startup Cost": 0.0, "Total Cost": 0.31, "Plan Rows": 2, "Plan Width": 13, "Actual Min Startup Time": 27.643, "Actual Max Startup Time": 27.643, "Actual Min Total Time": 31.799, "Actual Max Total Time": 31.799, "Index Cond": "(movie_id = ci.movie_id)", "Rows Removed by Index Recheck": 0, "Actual Rows": 10310}], "Actual Rows": 10310}], "Actual Rows": 10311}], "Actual Rows": 3435}, {"Node Type": "Index Scan", "Parent Relationship": "Inner", "Scan Direction": "Forward", "Index Name": "movie_id_movie_info", "Relation Name": "movie_info", "Alias": "mi", "Startup Cost": 0.0, "Total Cost": 0.7, "Plan Rows": 5, "Plan Width": 50, "Actual Min Startup Time": 21.896, "Actual Max Startup Time": 21.896, "Actual Min Total Time": 88.143, "Actual Max Total Time": 88.143, "Index Cond": "(movie_id = ci.movie_id)", "Rows Removed by Index Recheck": 0, "Actual Rows": 82408}], "Actual Rows": 82408}], "Actual Rows": 410}, {"Node Type": "Index Scan", "Parent Relationship": "Inner", "Scan Direction": "Forward", "Index Name": "title_pkey", "Relation Name": "title", "Alias": "t", "Startup Cost": 0.0, "Total Cost": 0.28, "Plan Rows": 1, "Plan Width": 21, "Actual Min Startup Time": 3.263, "Actual Max Startup Time": 3.263, "Actual Min Total Time": 3.263, "Actual Max Total Time": 3.263, "Index Cond": "(id = mi.movie_id)", "Rows Removed by Index Recheck": 0, "Actual Rows": 410}], "Actual Rows": 410}], "Actual Rows": 1}, "Triggers": [], "Planner Runtime": 8.192, "Total Runtime": 425.547, "Unique SQL Id": 4264520866}}, "(64, '113')": {"explain_plan": {"Plan": {"Node Type": "Aggregate", "Strategy": "Plain", "Startup Cost": 204687.88, "Total Cost": 204687.89, "Plan Rows": 1, "Plan Width": 160, "Plans": [{"Node Type": "Nested Loop", "Parent Relationship": "Outer", "Join Type": "Inner", "Startup Cost": 0.0, "Total Cost": 204687.82, "Plan Rows": 8, "Plan Width": 64, "Inner Unique": true, "Plans": [{"Node Type": "Nested Loop", "Parent Relationship": "Outer", "Join Type": "Inner", "Startup Cost": 0.0, "Total Cost": 204685.19, "Plan Rows": 9, "Plan Width": 59, "Inner Unique": false, "Join Filter": "(mi.info_type_id = it1.id)", "Plans": [{"Node Type": "Index Scan", "Parent Relationship": "Outer", "Scan Direction": "Forward", "Index Name": "info_type_pkey", "Relation Name": "info_type", "Alias": "it1", "Startup Cost": 0.0, "Total Cost": 14.21, "Plan Rows": 1, "Plan Width": 4, "Filter": "((info)::text = 'budget'::text)"}, {"Node Type": "Nested Loop", "Parent Relationship": "Inner", "Join Type": "Inner", "Startup Cost": 0.0, "Total Cost": 204667.49, "Plan Rows": 279, "Plan Width": 63, "Inner Unique": false, "Join Filter": "(mi_idx.movie_id = mi.movie_id)", "Plans": [{"Node Type": "Nested Loop", "Parent Relationship": "Outer", "Join Type": "Inner", "Startup Cost": 0.0, "Total Cost": 204627.89, "Plan Rows": 52, "Plan Width": 13, "Inner Unique": false, "Join Filter": "(mi_idx.info_type_id = it2.id)", "Plans": [{"Node Type": "Index Scan", "Parent Relationship": "Outer", "Scan Direction": "Forward", "Index Name": "info_type_pkey", "Relation Name": "info_type", "Alias": "it2", "Startup Cost": 0.0, "Total Cost": 14.21, "Plan Rows": 1, "Plan Width": 4, "Filter": "((info)::text = 'votes'::text)"}, {"Node Type": "Nested Loop", "Parent Relationship": "Inner", "Join Type": "Inner", "Startup Cost": 0.0, "Total Cost": 204609.36, "Plan Rows": 346, "Plan Width": 17, "Inner Unique": false, "Plans": [{"Node Type": "Nested Loop", "Parent Relationship": "Outer", "Join Type": "Inner", "Startup Cost": 0.0, "Total Cost": 204512.56, "Plan Rows": 294, "Plan Width": 4, "Inner Unique": false, "Plans": [{"Node Type": "Index Scan", "Parent Relationship": "Outer", "Scan Direction": "Forward", "Index Name": "name_pkey", "Relation Name": "name", "Alias": "n", "Startup Cost": 0.0, "Total Cost": 197070.2, "Plan Rows": 173, "Plan Width": 4, "Filter": "(((name)::text ~~ '%Tim%'::text) AND ((gender)::text = 'm'::text))"}, {"Node Type": "Index Scan", "Parent Relationship": "Inner", "Scan Direction": "Forward", "Index Name": "person_id_cast_info", "Relation Name": "cast_info", "Alias": "ci", "Startup Cost": 0.0, "Total Cost": 43.0, "Plan Rows": 2, "Plan Width": 8, "Index Cond": "(person_id = n.id)", "Filter": "((note)::text = ANY ('{(producer),\"(executive producer)\"}'::text[]))"}]}, {"Node Type": "Index Scan", "Parent Relationship": "Inner", "Scan Direction": "Forward", "Index Name": "movie_id_movie_info_idx", "Relation Name": "movie_info_idx", "Alias": "mi_idx", "Startup Cost": 0.0, "Total Cost": 0.31, "Plan Rows": 2, "Plan Width": 13, "Index Cond": "(movie_id = ci.movie_id)"}]}]}, {"Node Type": "Index Scan", "Parent Relationship": "Inner", "Scan Direction": "Forward", "Index Name": "movie_id_movie_info", "Relation Name": "movie_info", "Alias": "mi", "Startup Cost": 0.0, "Total Cost": 0.7, "Plan Rows": 5, "Plan Width": 50, "Index Cond": "(movie_id = ci.movie_id)"}]}]}, {"Node Type": "Index Scan", "Parent Relationship": "Inner", "Scan Direction": "Forward", "Index Name": "title_pkey", "Relation Name": "title", "Alias": "t", "Startup Cost": 0.0, "Total Cost": 0.28, "Plan Rows": 1, "Plan Width": 21, "Index Cond": "(id = mi.movie_id)"}]}]}, "Unique SQL Id": 4264520866, "Planner Runtime": 7}, "explain_analyze_plan": null}, "(64, '114')": {"explain_plan": {"Plan": {"Node Type": "Aggregate", "Strategy": "Plain", "Startup Cost": 79447.84, "Total Cost": 79447.85, "Plan Rows": 1, "Plan Width": 160, "Plans": [{"Node Type": "Nested Loop", "Parent Relationship": "Outer", "Join Type": "Inner", "Startup Cost": 5.3, "Total Cost": 79447.78, "Plan Rows": 8, "Plan Width": 64, "Inner Unique": true, "Plans": [{"Node Type": "Nested Loop", "Parent Relationship": "Outer", "Join Type": "Inner", "Startup Cost": 5.04, "Total Cost": 79409.23, "Plan Rows": 9, "Plan Width": 59, "Inner Unique": false, "Join Filter": "(mi_idx.info_type_id = it2.id)", "Plans": [{"Node Type": "Seq Scan", "Parent Relationship": "Outer", "Relation Name": "info_type", "Alias": "it2", "Startup Cost": 0.0, "Total Cost": 2.4, "Plan Rows": 1, "Plan Width": 4, "Filter": "((info)::text = 'votes'::text)"}, {"Node Type": "Nested Loop", "Parent Relationship": "Inner", "Join Type": "Inner", "Startup Cost": 5.04, "Total Cost": 79406.41, "Plan Rows": 34, "Plan Width": 63, "Inner Unique": false, "Plans": [{"Node Type": "Nested Loop", "Parent Relationship": "Outer", "Join Type": "Inner", "Startup Cost": 4.77, "Total Cost": 79311.55, "Plan Rows": 22, "Plan Width": 50, "Inner Unique": false, "Join Filter": "(mi.info_type_id = it1.id)", "Plans": [{"Node Type": "Seq Scan", "Parent Relationship": "Outer", "Relation Name": "info_type", "Alias": "it1", "Startup Cost": 0.0, "Total Cost": 2.4, "Plan Rows": 1, "Plan Width": 4, "Filter": "((info)::text = 'budget'::text)"}, {"Node Type": "Materialize", "Parent Relationship": "Inner", "Startup Cost": 4.77, "Total Cost": 79293.54, "Plan Rows": 1561, "Plan Width": 54, "Plans": [{"Node Type": "Nested Loop", "Parent Relationship": "Outer", "Join Type": "Inner", "Startup Cost": 4.77, "Total Cost": 79289.64, "Plan Rows": 1561, "Plan Width": 54, "Inner Unique": false, "Plans": [{"Node Type": "Nested Loop", "Parent Relationship": "Outer", "Join Type": "Inner", "Startup Cost": 4.39, "Total Cost": 77967.24, "Plan Rows": 294, "Plan Width": 4, "Inner Unique": false, "Plans": [{"Node Type": "Streaming(type: LOCAL GATHER dop: 1/64)", "Parent Relationship": "Outer", "Startup Cost": 0.0, "Total Cost": 64783.4, "Plan Rows": 173, "Plan Width": 4, "Plans": [{"Node Type": "Seq Scan", "Parent Relationship": "Outer", "Relation Name": "name", "Alias": "n", "Startup Cost": 0.0, "Total Cost": 64779.83, "Plan Rows": 173, "Plan Width": 4, "Filter": "(((name)::text ~~ '%Tim%'::text) AND ((gender)::text = 'm'::text))"}]}, {"Node Type": "Bitmap Heap Scan", "Parent Relationship": "Inner", "Relation Name": "cast_info", "Alias": "ci", "Startup Cost": 4.39, "Total Cost": 76.19, "Plan Rows": 2, "Plan Width": 8, "Recheck Cond": "(person_id = n.id)", "Filter": "((note)::text = ANY ('{(producer),\"(executive producer)\"}'::text[]))", "Plans": [{"Node Type": "Bitmap Index Scan", "Parent Relationship": "Outer", "Index Name": "person_id_cast_info", "Startup Cost": 0.0, "Total Cost": 4.38, "Plan Rows": 18, "Plan Width": 0, "Index Cond": "(person_id = n.id)"}]}]}, {"Node Type": "Bitmap Heap Scan", "Parent Relationship": "Inner", "Relation Name": "movie_info", "Alias": "mi", "Startup Cost": 0.39, "Total Cost": 4.45, "Plan Rows": 5, "Plan Width": 50, "Recheck Cond": "(movie_id = ci.movie_id)", "Plans": [{"Node Type": "Bitmap Index Scan", "Parent Relationship": "Outer", "Index Name": "movie_id_movie_info", "Startup Cost": 0.0, "Total Cost": 0.38, "Plan Rows": 5, "Plan Width": 0, "Index Cond": "(movie_id = ci.movie_id)"}]}]}]}]}, {"Node Type": "Bitmap Heap Scan", "Parent Relationship": "Inner", "Relation Name": "movie_info_idx", "Alias": "mi_idx", "Startup Cost": 0.27, "Total Cost": 4.29, "Plan Rows": 2, "Plan Width": 13, "Recheck Cond": "(movie_id = mi.movie_id)", "Plans": [{"Node Type": "Bitmap Index Scan", "Parent Relationship": "Outer", "Index Name": "movie_id_movie_info_idx", "Startup Cost": 0.0, "Total Cost": 0.27, "Plan Rows": 2, "Plan Width": 0, "Index Cond": "(movie_id = mi.movie_id)"}]}]}]}, {"Node Type": "Bitmap Heap Scan", "Parent Relationship": "Inner", "Relation Name": "title", "Alias": "t", "Startup Cost": 0.26, "Total Cost": 4.27, "Plan Rows": 1, "Plan Width": 21, "Recheck Cond": "(id = mi.movie_id)", "Plans": [{"Node Type": "Bitmap Index Scan", "Parent Relationship": "Outer", "Index Name": "title_pkey", "Startup Cost": 0.0, "Total Cost": 0.26, "Plan Rows": 1, "Plan Width": 0, "Index Cond": "(id = mi.movie_id)"}]}]}]}, "Unique SQL Id": 4264520866, "Planner Runtime": 15}, "explain_analyze_plan": {"Plan": {"Node Type": "Aggregate", "Strategy": "Plain", "Startup Cost": 79447.84, "Total Cost": 79447.85, "Plan Rows": 1, "Plan Width": 160, "Actual Min Startup Time": 474.822, "Actual Max Startup Time": 474.822, "Actual Min Total Time": 474.823, "Actual Max Total Time": 474.823, "Plans": [{"Node Type": "Nested Loop", "Parent Relationship": "Outer", "Join Type": "Inner", "Startup Cost": 5.3, "Total Cost": 79447.78, "Plan Rows": 8, "Plan Width": 64, "Actual Min Startup Time": 426.302, "Actual Max Startup Time": 426.302, "Actual Min Total Time": 474.342, "Actual Max Total Time": 474.342, "Inner Unique": true, "Plans": [{"Node Type": "Nested Loop", "Parent Relationship": "Outer", "Join Type": "Inner", "Startup Cost": 5.04, "Total Cost": 79409.23, "Plan Rows": 9, "Plan Width": 59, "Actual Min Startup Time": 426.264, "Actual Max Startup Time": 426.264, "Actual Min Total Time": 470.262, "Actual Max Total Time": 470.262, "Inner Unique": false, "Join Filter": "(mi_idx.info_type_id = it2.id)", "Rows Removed by Join Filter": 825, "Plans": [{"Node Type": "Seq Scan", "Parent Relationship": "Outer", "Relation Name": "info_type", "Alias": "it2", "Startup Cost": 0.0, "Total Cost": 2.4, "Plan Rows": 1, "Plan Width": 4, "Actual Min Startup Time": 0.074, "Actual Max Startup Time": 0.074, "Actual Min Total Time": 0.086, "Actual Max Total Time": 0.086, "Filter": "((info)::text = 'votes'::text)", "Rows Removed by Filter": 111, "Actual Rows": 1}, {"Node Type": "Nested Loop", "Parent Relationship": "Inner", "Join Type": "Inner", "Startup Cost": 5.04, "Total Cost": 79406.41, "Plan Rows": 34, "Plan Width": 63, "Actual Min Startup Time": 426.174, "Actual Max Startup Time": 426.174, "Actual Min Total Time": 467.716, "Actual Max Total Time": 467.716, "Inner Unique": false, "Plans": [{"Node Type": "Nested Loop", "Parent Relationship": "Outer", "Join Type": "Inner", "Startup Cost": 4.77, "Total Cost": 79311.55, "Plan Rows": 22, "Plan Width": 50, "Actual Min Startup Time": 426.117, "Actual Max Startup Time": 426.117, "Actual Min Total Time": 461.124, "Actual Max Total Time": 461.124, "Inner Unique": false, "Join Filter": "(mi.info_type_id = it1.id)", "Rows Removed by Join Filter": 95197, "Plans": [{"Node Type": "Seq Scan", "Parent Relationship": "Outer", "Relation Name": "info_type", "Alias": "it1", "Startup Cost": 0.0, "Total Cost": 2.4, "Plan Rows": 1, "Plan Width": 4, "Actual Min Startup Time": 0.068, "Actual Max Startup Time": 0.068, "Actual Min Total Time": 0.079, "Actual Max Total Time": 0.079, "Filter": "((info)::text = 'budget'::text)", "Rows Removed by Filter": 111, "Actual Rows": 1}, {"Node Type": "Materialize", "Parent Relationship": "Inner", "Startup Cost": 4.77, "Total Cost": 79293.54, "Plan Rows": 1561, "Plan Width": 54, "Actual Min Startup Time": 424.955, "Actual Max Startup Time": 424.955, "Actual Min Total Time": 436.983, "Actual Max Total Time": 436.983, "Plans": [{"Node Type": "Nested Loop", "Parent Relationship": "Outer", "Join Type": "Inner", "Startup Cost": 4.77, "Total Cost": 79289.64, "Plan Rows": 1561, "Plan Width": 54, "Actual Min Startup Time": 53.437, "Actual Max Startup Time": 53.437, "Actual Min Total Time": 398.131, "Actual Max Total Time": 398.131, "Inner Unique": false, "Plans": [{"Node Type": "Nested Loop", "Parent Relationship": "Outer", "Join Type": "Inner", "Startup Cost": 4.39, "Total Cost": 77967.24, "Plan Rows": 294, "Plan Width": 4, "Actual Min Startup Time": 53.405, "Actual Max Startup Time": 53.405, "Actual Min Total Time": 225.682, "Actual Max Total Time": 225.682, "Inner Unique": false, "Plans": [{"Node Type": "Streaming(type: LOCAL GATHER dop: 1/64)", "Parent Relationship": "Outer", "Startup Cost": 0.0, "Total Cost": 64783.4, "Plan Rows": 173, "Plan Width": 4, "Actual Min Startup Time": 52.903, "Actual Max Startup Time": 52.903, "Actual Min Total Time": 78.369, "Actual Max Total Time": 78.369, "Plans": [{"Node Type": "Seq Scan", "Parent Relationship": "Outer", "Relation Name": "name", "Alias": "n", "Startup Cost": 0.0, "Total Cost": 64779.83, "Plan Rows": 173, "Plan Width": 4, "Actual Min Startup Time": 0.029, "Actual Max Startup Time": 0.841, "Actual Min Total Time": 25.435, "Actual Max Total Time": 29.353, "Filter": "(((name)::text ~~ '%Tim%'::text) AND ((gender)::text = 'm'::text))", "Rows Removed by Filter": 4158428, "Actual Rows": 9062}], "Actual Rows": 9062}, {"Node Type": "Bitmap Heap Scan", "Parent Relationship": "Inner", "Relation Name": "cast_info", "Alias": "ci", "Startup Cost": 4.39, "Total Cost": 76.19, "Plan Rows": 2, "Plan Width": 8, "Actual Min Startup Time": 119.075, "Actual Max Startup Time": 119.075, "Actual Min Total Time": 134.847, "Actual Max Total Time": 134.847, "Recheck Cond": "(person_id = n.id)", "Rows Removed by Index Recheck": 0, "Filter": "((note)::text = ANY ('{(producer),\"(executive producer)\"}'::text[]))", "Rows Removed by Filter": 89309, "Exact Heap Blocks": 13336, "Lossy Heap Blocks": 13336, "Plans": [{"Node Type": "Bitmap Index Scan", "Parent Relationship": "Outer", "Index Name": "person_id_cast_info", "Startup Cost": 0.0, "Total Cost": 4.38, "Plan Rows": 18, "Plan Width": 0, "Actual Min Startup Time": 51.429, "Actual Max Startup Time": 51.429, "Actual Min Total Time": 51.429, "Actual Max Total Time": 51.429, "Index Cond": "(person_id = n.id)", "Actual Rows": 96028}], "Actual Rows": 6719}], "Actual Rows": 6719}, {"Node Type": "Bitmap Heap Scan", "Parent Relationship": "Inner", "Relation Name": "movie_info", "Alias": "mi", "Startup Cost": 0.39, "Total Cost": 4.45, "Plan Rows": 5, "Plan Width": 50, "Actual Min Startup Time": 61.638, "Actual Max Startup Time": 61.638, "Actual Min Total Time": 143.35, "Actual Max Total Time": 143.35, "Recheck Cond": "(movie_id = ci.movie_id)", "Rows Removed by Index Recheck": 0, "Exact Heap Blocks": 40013, "Lossy Heap Blocks": 40013, "Plans": [{"Node Type": "Bitmap Index Scan", "Parent Relationship": "Outer", "Index Name": "movie_id_movie_info", "Startup Cost": 0.0, "Total Cost": 0.38, "Plan Rows": 5, "Plan Width": 0, "Actual Min Startup Time": 42.937, "Actual Max Startup Time": 42.937, "Actual Min Total Time": 42.937, "Actual Max Total Time": 42.937, "Index Cond": "(movie_id = ci.movie_id)", "Actual Rows": 95896}], "Actual Rows": 95896}], "Actual Rows": 95896}], "Actual Rows": 95897}], "Actual Rows": 699}, {"Node Type": "Bitmap Heap Scan", "Parent Relationship": "Inner", "Relation Name": "movie_info_idx", "Alias": "mi_idx", "Startup Cost": 0.27, "Total Cost": 4.29, "Plan Rows": 2, "Plan Width": 13, "Actual Min Startup Time": 5.274, "Actual Max Startup Time": 5.274, "Actual Min Total Time": 5.452, "Actual Max Total Time": 5.452, "Recheck Cond": "(movie_id = mi.movie_id)", "Rows Removed by Index Recheck": 0, "Exact Heap Blocks": 419, "Lossy Heap Blocks": 419, "Plans": [{"Node Type": "Bitmap Index Scan", "Parent Relationship": "Outer", "Index Name": "movie_id_movie_info_idx", "Startup Cost": 0.0, "Total Cost": 0.27, "Plan Rows": 2, "Plan Width": 0, "Actual Min Startup Time": 3.756, "Actual Max Startup Time": 3.756, "Actual Min Total Time": 3.756, "Actual Max Total Time": 3.756, "Index Cond": "(movie_id = mi.movie_id)", "Actual Rows": 1235}], "Actual Rows": 1235}], "Actual Rows": 1235}], "Actual Rows": 410}, {"Node Type": "Bitmap Heap Scan", "Parent Relationship": "Inner", "Relation Name": "title", "Alias": "t", "Startup Cost": 0.26, "Total Cost": 4.27, "Plan Rows": 1, "Plan Width": 21, "Actual Min Startup Time": 3.524, "Actual Max Startup Time": 3.524, "Actual Min Total Time": 3.524, "Actual Max Total Time": 3.524, "Recheck Cond": "(id = mi.movie_id)", "Rows Removed by Index Recheck": 0, "Exact Heap Blocks": 410, "Lossy Heap Blocks": 410, "Plans": [{"Node Type": "Bitmap Index Scan", "Parent Relationship": "Outer", "Index Name": "title_pkey", "Startup Cost": 0.0, "Total Cost": 0.26, "Plan Rows": 1, "Plan Width": 0, "Actual Min Startup Time": 2.188, "Actual Max Startup Time": 2.188, "Actual Min Total Time": 2.188, "Actual Max Total Time": 2.188, "Index Cond": "(id = mi.movie_id)", "Actual Rows": 410}], "Actual Rows": 410}], "Actual Rows": 410}], "Actual Rows": 1}, "Triggers": [], "Planner Runtime": 26.768, "Total Runtime": 487.412, "Unique SQL Id": 4264520866}}, "(64, '115')": {"explain_plan": {"Plan": {"Node Type": "Aggregate", "Strategy": "Plain", "Startup Cost": 211886.13, "Total Cost": 211886.14, "Plan Rows": 1, "Plan Width": 160, "Plans": [{"Node Type": "Nested Loop", "Parent Relationship": "Outer", "Join Type": "Inner", "Startup Cost": 83172.11, "Total Cost": 211886.07, "Plan Rows": 8, "Plan Width": 64, "Inner Unique": true, "Plans": [{"Node Type": "Nested Loop", "Parent Relationship": "Outer", "Join Type": "Inner", "Startup Cost": 83171.85, "Total Cost": 211847.52, "Plan Rows": 9, "Plan Width": 59, "Inner Unique": true, "Plans": [{"Node Type": "Nested Loop", "Parent Relationship": "Outer", "Join Type": "Inner", "Startup Cost": 83171.59, "Total Cost": 211701.91, "Plan Rows": 34, "Plan Width": 63, "Inner Unique": false, "Plans": [{"Node Type": "Nested Loop", "Parent Relationship": "Outer", "Join Type": "Inner", "Startup Cost": 83171.32, "Total Cost": 211607.05, "Plan Rows": 22, "Plan Width": 50, "Inner Unique": false, "Join Filter": "(mi.info_type_id = it1.id)", "Plans": [{"Node Type": "Bitmap Heap Scan", "Parent Relationship": "Outer", "Relation Name": "info_type", "Alias": "it1", "Startup Cost": 8.81, "Total Cost": 14.21, "Plan Rows": 1, "Plan Width": 4, "Filter": "((info)::text = 'budget'::text)", "Plans": [{"Node Type": "Bitmap Index Scan", "Parent Relationship": "Outer", "Index Name": "info_type_pkey", "Startup Cost": 0.0, "Total Cost": 8.81, "Plan Rows": 112, "Plan Width": 0}]}, {"Node Type": "Nested Loop", "Parent Relationship": "Inner", "Join Type": "Inner", "Startup Cost": 83162.51, "Total Cost": 211573.33, "Plan Rows": 1561, "Plan Width": 54, "Inner Unique": false, "Plans": [{"Node Type": "Nested Loop", "Parent Relationship": "Outer", "Join Type": "Inner", "Startup Cost": 83162.13, "Total Cost": 210250.93, "Plan Rows": 294, "Plan Width": 4, "Inner Unique": false, "Plans": [{"Node Type": "Bitmap Heap Scan", "Parent Relationship": "Outer", "Relation Name": "name", "Alias": "n", "Startup Cost": 83157.74, "Total Cost": 197067.09, "Plan Rows": 173, "Plan Width": 4, "Filter": "(((name)::text ~~ '%Tim%'::text) AND ((gender)::text = 'm'::text))", "Plans": [{"Node Type": "Bitmap Index Scan", "Parent Relationship": "Outer", "Index Name": "name_pkey", "Startup Cost": 0.0, "Total Cost": 83157.7, "Plan Rows": 4167490, "Plan Width": 0}]}, {"Node Type": "Bitmap Heap Scan", "Parent Relationship": "Inner", "Relation Name": "cast_info", "Alias": "ci", "Startup Cost": 4.39, "Total Cost": 76.19, "Plan Rows": 2, "Plan Width": 8, "Recheck Cond": "(person_id = n.id)", "Filter": "((note)::text = ANY ('{(producer),\"(executive producer)\"}'::text[]))", "Plans": [{"Node Type": "Bitmap Index Scan", "Parent Relationship": "Outer", "Index Name": "person_id_cast_info", "Startup Cost": 0.0, "Total Cost": 4.38, "Plan Rows": 18, "Plan Width": 0, "Index Cond": "(person_id = n.id)"}]}]}, {"Node Type": "Bitmap Heap Scan", "Parent Relationship": "Inner", "Relation Name": "movie_info", "Alias": "mi", "Startup Cost": 0.39, "Total Cost": 4.45, "Plan Rows": 5, "Plan Width": 50, "Recheck Cond": "(movie_id = ci.movie_id)", "Plans": [{"Node Type": "Bitmap Index Scan", "Parent Relationship": "Outer", "Index Name": "movie_id_movie_info", "Startup Cost": 0.0, "Total Cost": 0.38, "Plan Rows": 5, "Plan Width": 0, "Index Cond": "(movie_id = ci.movie_id)"}]}]}]}, {"Node Type": "Bitmap Heap Scan", "Parent Relationship": "Inner", "Relation Name": "movie_info_idx", "Alias": "mi_idx", "Startup Cost": 0.27, "Total Cost": 4.29, "Plan Rows": 2, "Plan Width": 13, "Recheck Cond": "(movie_id = mi.movie_id)", "Plans": [{"Node Type": "Bitmap Index Scan", "Parent Relationship": "Outer", "Index Name": "movie_id_movie_info_idx", "Startup Cost": 0.0, "Total Cost": 0.27, "Plan Rows": 2, "Plan Width": 0, "Index Cond": "(movie_id = mi.movie_id)"}]}]}, {"Node Type": "Bitmap Heap Scan", "Parent Relationship": "Inner", "Relation Name": "info_type", "Alias": "it2", "Startup Cost": 0.26, "Total Cost": 4.27, "Plan Rows": 1, "Plan Width": 4, "Recheck Cond": "(id = mi_idx.info_type_id)", "Filter": "((info)::text = 'votes'::text)", "Plans": [{"Node Type": "Bitmap Index Scan", "Parent Relationship": "Outer", "Index Name": "info_type_pkey", "Startup Cost": 0.0, "Total Cost": 0.26, "Plan Rows": 1, "Plan Width": 0, "Index Cond": "(id = mi_idx.info_type_id)"}]}]}, {"Node Type": "Bitmap Heap Scan", "Parent Relationship": "Inner", "Relation Name": "title", "Alias": "t", "Startup Cost": 0.26, "Total Cost": 4.27, "Plan Rows": 1, "Plan Width": 21, "Recheck Cond": "(id = mi.movie_id)", "Plans": [{"Node Type": "Bitmap Index Scan", "Parent Relationship": "Outer", "Index Name": "title_pkey", "Startup Cost": 0.0, "Total Cost": 0.26, "Plan Rows": 1, "Plan Width": 0, "Index Cond": "(id = mi.movie_id)"}]}]}]}, "Unique SQL Id": 4264520866, "Planner Runtime": 8}, "explain_analyze_plan": null}, "(64, '116')": {"explain_plan": {"Plan": {"Node Type": "Aggregate", "Strategy": "Plain", "Startup Cost": 72377.46, "Total Cost": 72377.47, "Plan Rows": 1, "Plan Width": 160, "Plans": [{"Node Type": "Nested Loop", "Parent Relationship": "Outer", "Join Type": "Inner", "Startup Cost": 0.0, "Total Cost": 72377.4, "Plan Rows": 8, "Plan Width": 64, "Inner Unique": true, "Plans": [{"Node Type": "Nested Loop", "Parent Relationship": "Outer", "Join Type": "Inner", "Startup Cost": 0.0, "Total Cost": 72374.78, "Plan Rows": 9, "Plan Width": 59, "Inner Unique": false, "Join Filter": "(mi.info_type_id = it1.id)", "Plans": [{"Node Type": "Seq Scan", "Parent Relationship": "Outer", "Relation Name": "info_type", "Alias": "it1", "Startup Cost": 0.0, "Total Cost": 2.4, "Plan Rows": 1, "Plan Width": 4, "Filter": "((info)::text = 'budget'::text)"}, {"Node Type": "Nested Loop", "Parent Relationship": "Inner", "Join Type": "Inner", "Startup Cost": 0.0, "Total Cost": 72368.89, "Plan Rows": 279, "Plan Width": 63, "Inner Unique": false, "Join Filter": "(mi_idx.movie_id = mi.movie_id)", "Plans": [{"Node Type": "Nested Loop", "Parent Relationship": "Outer", "Join Type": "Inner", "Startup Cost": 0.0, "Total Cost": 72329.29, "Plan Rows": 52, "Plan Width": 13, "Inner Unique": false, "Join Filter": "(mi_idx.info_type_id = it2.id)", "Plans": [{"Node Type": "Seq Scan", "Parent Relationship": "Outer", "Relation Name": "info_type", "Alias": "it2", "Startup Cost": 0.0, "Total Cost": 2.4, "Plan Rows": 1, "Plan Width": 4, "Filter": "((info)::text = 'votes'::text)"}, {"Node Type": "Materialize", "Parent Relationship": "Inner", "Startup Cost": 0.0, "Total Cost": 72323.43, "Plan Rows": 346, "Plan Width": 17, "Plans": [{"Node Type": "Nested Loop", "Parent Relationship": "Outer", "Join Type": "Inner", "Startup Cost": 0.0, "Total Cost": 72322.56, "Plan Rows": 346, "Plan Width": 17, "Inner Unique": false, "Plans": [{"Node Type": "Nested Loop", "Parent Relationship": "Outer", "Join Type": "Inner", "Startup Cost": 0.0, "Total Cost": 72225.77, "Plan Rows": 294, "Plan Width": 4, "Inner Unique": false, "Plans": [{"Node Type": "Streaming(type: LOCAL GATHER dop: 1/64)", "Parent Relationship": "Outer", "Startup Cost": 0.0, "Total Cost": 64783.4, "Plan Rows": 173, "Plan Width": 4, "Plans": [{"Node Type": "Seq Scan", "Parent Relationship": "Outer", "Relation Name": "name", "Alias": "n", "Startup Cost": 0.0, "Total Cost": 64779.83, "Plan Rows": 173, "Plan Width": 4, "Filter": "(((name)::text ~~ '%Tim%'::text) AND ((gender)::text = 'm'::text))"}]}, {"Node Type": "Index Scan", "Parent Relationship": "Inner", "Scan Direction": "Forward", "Index Name": "person_id_cast_info", "Relation Name": "cast_info", "Alias": "ci", "Startup Cost": 0.0, "Total Cost": 43.0, "Plan Rows": 2, "Plan Width": 8, "Index Cond": "(person_id = n.id)", "Filter": "((note)::text = ANY ('{(producer),\"(executive producer)\"}'::text[]))"}]}, {"Node Type": "Index Scan", "Parent Relationship": "Inner", "Scan Direction": "Forward", "Index Name": "movie_id_movie_info_idx", "Relation Name": "movie_info_idx", "Alias": "mi_idx", "Startup Cost": 0.0, "Total Cost": 0.31, "Plan Rows": 2, "Plan Width": 13, "Index Cond": "(movie_id = ci.movie_id)"}]}]}]}, {"Node Type": "Index Scan", "Parent Relationship": "Inner", "Scan Direction": "Forward", "Index Name": "movie_id_movie_info", "Relation Name": "movie_info", "Alias": "mi", "Startup Cost": 0.0, "Total Cost": 0.7, "Plan Rows": 5, "Plan Width": 50, "Index Cond": "(movie_id = ci.movie_id)"}]}]}, {"Node Type": "Index Scan", "Parent Relationship": "Inner", "Scan Direction": "Forward", "Index Name": "title_pkey", "Relation Name": "title", "Alias": "t", "Startup Cost": 0.0, "Total Cost": 0.28, "Plan Rows": 1, "Plan Width": 21, "Index Cond": "(id = mi.movie_id)"}]}]}, "Unique SQL Id": 4264520866, "Planner Runtime": 8}, "explain_analyze_plan": {"Plan": {"Node Type": "Aggregate", "Strategy": "Plain", "Startup Cost": 72377.46, "Total Cost": 72377.47, "Plan Rows": 1, "Plan Width": 160, "Actual Min Startup Time": 413.389, "Actual Max Startup Time": 413.389, "Actual Min Total Time": 413.389, "Actual Max Total Time": 413.389, "Plans": [{"Node Type": "Nested Loop", "Parent Relationship": "Outer", "Join Type": "Inner", "Startup Cost": 0.0, "Total Cost": 72377.4, "Plan Rows": 8, "Plan Width": 64, "Actual Min Startup Time": 272.667, "Actual Max Startup Time": 272.667, "Actual Min Total Time": 412.915, "Actual Max Total Time": 412.915, "Inner Unique": true, "Plans": [{"Node Type": "Nested Loop", "Parent Relationship": "Outer", "Join Type": "Inner", "Startup Cost": 0.0, "Total Cost": 72374.78, "Plan Rows": 9, "Plan Width": 59, "Actual Min Startup Time": 272.648, "Actual Max Startup Time": 272.648, "Actual Min Total Time": 409.287, "Actual Max Total Time": 409.287, "Inner Unique": false, "Join Filter": "(mi.info_type_id = it1.id)", "Rows Removed by Join Filter": 81998, "Plans": [{"Node Type": "Seq Scan", "Parent Relationship": "Outer", "Relation Name": "info_type", "Alias": "it1", "Startup Cost": 0.0, "Total Cost": 2.4, "Plan Rows": 1, "Plan Width": 4, "Actual Min Startup Time": 0.083, "Actual Max Startup Time": 0.083, "Actual Min Total Time": 0.092, "Actual Max Total Time": 0.092, "Filter": "((info)::text = 'budget'::text)", "Rows Removed by Filter": 111, "Actual Rows": 1}, {"Node Type": "Nested Loop", "Parent Relationship": "Inner", "Join Type": "Inner", "Startup Cost": 0.0, "Total Cost": 72368.89, "Plan Rows": 279, "Plan Width": 63, "Actual Min Startup Time": 272.017, "Actual Max Startup Time": 272.017, "Actual Min Total Time": 393.425, "Actual Max Total Time": 393.425, "Inner Unique": false, "Join Filter": "(mi_idx.movie_id = mi.movie_id)", "Rows Removed by Join Filter": 0, "Plans": [{"Node Type": "Nested Loop", "Parent Relationship": "Outer", "Join Type": "Inner", "Startup Cost": 0.0, "Total Cost": 72329.29, "Plan Rows": 52, "Plan Width": 13, "Actual Min Startup Time": 271.998, "Actual Max Startup Time": 271.998, "Actual Min Total Time": 276.21, "Actual Max Total Time": 276.21, "Inner Unique": false, "Join Filter": "(mi_idx.info_type_id = it2.id)", "Rows Removed by Join Filter": 6875, "Plans": [{"Node Type": "Seq Scan", "Parent Relationship": "Outer", "Relation Name": "info_type", "Alias": "it2", "Startup Cost": 0.0, "Total Cost": 2.4, "Plan Rows": 1, "Plan Width": 4, "Actual Min Startup Time": 0.055, "Actual Max Startup Time": 0.055, "Actual Min Total Time": 0.07, "Actual Max Total Time": 0.07, "Filter": "((info)::text = 'votes'::text)", "Rows Removed by Filter": 111, "Actual Rows": 1}, {"Node Type": "Materialize", "Parent Relationship": "Inner", "Startup Cost": 0.0, "Total Cost": 72323.43, "Plan Rows": 346, "Plan Width": 17, "Actual Min Startup Time": 271.93, "Actual Max Startup Time": 271.93, "Actual Min Total Time": 273.234, "Actual Max Total Time": 273.234, "Plans": [{"Node Type": "Nested Loop", "Parent Relationship": "Outer", "Join Type": "Inner", "Startup Cost": 0.0, "Total Cost": 72322.56, "Plan Rows": 346, "Plan Width": 17, "Actual Min Startup Time": 80.747, "Actual Max Startup Time": 80.747, "Actual Min Total Time": 268.97, "Actual Max Total Time": 268.97, "Inner Unique": false, "Plans": [{"Node Type": "Nested Loop", "Parent Relationship": "Outer", "Join Type": "Inner", "Startup Cost": 0.0, "Total Cost": 72225.77, "Plan Rows": 294, "Plan Width": 4, "Actual Min Startup Time": 80.727, "Actual Max Startup Time": 80.727, "Actual Min Total Time": 231.531, "Actual Max Total Time": 231.531, "Inner Unique": false, "Plans": [{"Node Type": "Streaming(type: LOCAL GATHER dop: 1/64)", "Parent Relationship": "Outer", "Startup Cost": 0.0, "Total Cost": 64783.4, "Plan Rows": 173, "Plan Width": 4, "Actual Min Startup Time": 80.526, "Actual Max Startup Time": 80.526, "Actual Min Total Time": 99.298, "Actual Max Total Time": 99.298, "Plans": [{"Node Type": "Seq Scan", "Parent Relationship": "Outer", "Relation Name": "name", "Alias": "n", "Startup Cost": 0.0, "Total Cost": 64779.83, "Plan Rows": 173, "Plan Width": 4, "Actual Min Startup Time": 0.029, "Actual Max Startup Time": 0.86, "Actual Min Total Time": 25.533, "Actual Max Total Time": 29.548, "Filter": "(((name)::text ~~ '%Tim%'::text) AND ((gender)::text = 'm'::text))", "Rows Removed by Filter": 4158428, "Actual Rows": 9062}], "Actual Rows": 9062}, {"Node Type": "Index Scan", "Parent Relationship": "Inner", "Scan Direction": "Forward", "Index Name": "person_id_cast_info", "Relation Name": "cast_info", "Alias": "ci", "Startup Cost": 0.0, "Total Cost": 43.0, "Plan Rows": 2, "Plan Width": 8, "Actual Min Startup Time": 106.638, "Actual Max Startup Time": 106.638, "Actual Min Total Time": 126.058, "Actual Max Total Time": 126.058, "Index Cond": "(person_id = n.id)", "Rows Removed by Index Recheck": 0, "Filter": "((note)::text = ANY ('{(producer),\"(executive producer)\"}'::text[]))", "Rows Removed by Filter": 89309, "Actual Rows": 6719}], "Actual Rows": 6719}, {"Node Type": "Index Scan", "Parent Relationship": "Inner", "Scan Direction": "Forward", "Index Name": "movie_id_movie_info_idx", "Relation Name": "movie_info_idx", "Alias": "mi_idx", "Startup Cost": 0.0, "Total Cost": 0.31, "Plan Rows": 2, "Plan Width": 13, "Actual Min Startup Time": 27.643, "Actual Max Startup Time": 27.643, "Actual Min Total Time": 31.799, "Actual Max Total Time": 31.799, "Index Cond": "(movie_id = ci.movie_id)", "Rows Removed by Index Recheck": 0, "Actual Rows": 10310}], "Actual Rows": 10310}], "Actual Rows": 10311}], "Actual Rows": 3435}, {"Node Type": "Index Scan", "Parent Relationship": "Inner", "Scan Direction": "Forward", "Index Name": "movie_id_movie_info", "Relation Name": "movie_info", "Alias": "mi", "Startup Cost": 0.0, "Total Cost": 0.7, "Plan Rows": 5, "Plan Width": 50, "Actual Min Startup Time": 21.896, "Actual Max Startup Time": 21.896, "Actual Min Total Time": 88.143, "Actual Max Total Time": 88.143, "Index Cond": "(movie_id = ci.movie_id)", "Rows Removed by Index Recheck": 0, "Actual Rows": 82408}], "Actual Rows": 82408}], "Actual Rows": 410}, {"Node Type": "Index Scan", "Parent Relationship": "Inner", "Scan Direction": "Forward", "Index Name": "title_pkey", "Relation Name": "title", "Alias": "t", "Startup Cost": 0.0, "Total Cost": 0.28, "Plan Rows": 1, "Plan Width": 21, "Actual Min Startup Time": 3.263, "Actual Max Startup Time": 3.263, "Actual Min Total Time": 3.263, "Actual Max Total Time": 3.263, "Index Cond": "(id = mi.movie_id)", "Rows Removed by Index Recheck": 0, "Actual Rows": 410}], "Actual Rows": 410}], "Actual Rows": 1}, "Triggers": [], "Planner Runtime": 8.192, "Total Runtime": 425.547, "Unique SQL Id": 4264520866}}, "(64, '117')": {"explain_plan": {"Plan": {"Node Type": "Aggregate", "Strategy": "Plain", "Startup Cost": 204687.88, "Total Cost": 204687.89, "Plan Rows": 1, "Plan Width": 160, "Plans": [{"Node Type": "Nested Loop", "Parent Relationship": "Outer", "Join Type": "Inner", "Startup Cost": 0.0, "Total Cost": 204687.82, "Plan Rows": 8, "Plan Width": 64, "Inner Unique": true, "Plans": [{"Node Type": "Nested Loop", "Parent Relationship": "Outer", "Join Type": "Inner", "Startup Cost": 0.0, "Total Cost": 204685.19, "Plan Rows": 9, "Plan Width": 59, "Inner Unique": false, "Join Filter": "(mi.info_type_id = it1.id)", "Plans": [{"Node Type": "Index Scan", "Parent Relationship": "Outer", "Scan Direction": "Forward", "Index Name": "info_type_pkey", "Relation Name": "info_type", "Alias": "it1", "Startup Cost": 0.0, "Total Cost": 14.21, "Plan Rows": 1, "Plan Width": 4, "Filter": "((info)::text = 'budget'::text)"}, {"Node Type": "Nested Loop", "Parent Relationship": "Inner", "Join Type": "Inner", "Startup Cost": 0.0, "Total Cost": 204667.49, "Plan Rows": 279, "Plan Width": 63, "Inner Unique": false, "Join Filter": "(mi_idx.movie_id = mi.movie_id)", "Plans": [{"Node Type": "Nested Loop", "Parent Relationship": "Outer", "Join Type": "Inner", "Startup Cost": 0.0, "Total Cost": 204627.89, "Plan Rows": 52, "Plan Width": 13, "Inner Unique": false, "Join Filter": "(mi_idx.info_type_id = it2.id)", "Plans": [{"Node Type": "Index Scan", "Parent Relationship": "Outer", "Scan Direction": "Forward", "Index Name": "info_type_pkey", "Relation Name": "info_type", "Alias": "it2", "Startup Cost": 0.0, "Total Cost": 14.21, "Plan Rows": 1, "Plan Width": 4, "Filter": "((info)::text = 'votes'::text)"}, {"Node Type": "Nested Loop", "Parent Relationship": "Inner", "Join Type": "Inner", "Startup Cost": 0.0, "Total Cost": 204609.36, "Plan Rows": 346, "Plan Width": 17, "Inner Unique": false, "Plans": [{"Node Type": "Nested Loop", "Parent Relationship": "Outer", "Join Type": "Inner", "Startup Cost": 0.0, "Total Cost": 204512.56, "Plan Rows": 294, "Plan Width": 4, "Inner Unique": false, "Plans": [{"Node Type": "Index Scan", "Parent Relationship": "Outer", "Scan Direction": "Forward", "Index Name": "name_pkey", "Relation Name": "name", "Alias": "n", "Startup Cost": 0.0, "Total Cost": 197070.2, "Plan Rows": 173, "Plan Width": 4, "Filter": "(((name)::text ~~ '%Tim%'::text) AND ((gender)::text = 'm'::text))"}, {"Node Type": "Index Scan", "Parent Relationship": "Inner", "Scan Direction": "Forward", "Index Name": "person_id_cast_info", "Relation Name": "cast_info", "Alias": "ci", "Startup Cost": 0.0, "Total Cost": 43.0, "Plan Rows": 2, "Plan Width": 8, "Index Cond": "(person_id = n.id)", "Filter": "((note)::text = ANY ('{(producer),\"(executive producer)\"}'::text[]))"}]}, {"Node Type": "Index Scan", "Parent Relationship": "Inner", "Scan Direction": "Forward", "Index Name": "movie_id_movie_info_idx", "Relation Name": "movie_info_idx", "Alias": "mi_idx", "Startup Cost": 0.0, "Total Cost": 0.31, "Plan Rows": 2, "Plan Width": 13, "Index Cond": "(movie_id = ci.movie_id)"}]}]}, {"Node Type": "Index Scan", "Parent Relationship": "Inner", "Scan Direction": "Forward", "Index Name": "movie_id_movie_info", "Relation Name": "movie_info", "Alias": "mi", "Startup Cost": 0.0, "Total Cost": 0.7, "Plan Rows": 5, "Plan Width": 50, "Index Cond": "(movie_id = ci.movie_id)"}]}]}, {"Node Type": "Index Scan", "Parent Relationship": "Inner", "Scan Direction": "Forward", "Index Name": "title_pkey", "Relation Name": "title", "Alias": "t", "Startup Cost": 0.0, "Total Cost": 0.28, "Plan Rows": 1, "Plan Width": 21, "Index Cond": "(id = mi.movie_id)"}]}]}, "Unique SQL Id": 4264520866, "Planner Runtime": 7}, "explain_analyze_plan": null}, "(64, '118')": {"explain_plan": {"Plan": {"Node Type": "Aggregate", "Strategy": "Plain", "Startup Cost": 79447.84, "Total Cost": 79447.85, "Plan Rows": 1, "Plan Width": 160, "Plans": [{"Node Type": "Nested Loop", "Parent Relationship": "Outer", "Join Type": "Inner", "Startup Cost": 5.3, "Total Cost": 79447.78, "Plan Rows": 8, "Plan Width": 64, "Inner Unique": true, "Plans": [{"Node Type": "Nested Loop", "Parent Relationship": "Outer", "Join Type": "Inner", "Startup Cost": 5.04, "Total Cost": 79409.23, "Plan Rows": 9, "Plan Width": 59, "Inner Unique": false, "Join Filter": "(mi_idx.info_type_id = it2.id)", "Plans": [{"Node Type": "Seq Scan", "Parent Relationship": "Outer", "Relation Name": "info_type", "Alias": "it2", "Startup Cost": 0.0, "Total Cost": 2.4, "Plan Rows": 1, "Plan Width": 4, "Filter": "((info)::text = 'votes'::text)"}, {"Node Type": "Nested Loop", "Parent Relationship": "Inner", "Join Type": "Inner", "Startup Cost": 5.04, "Total Cost": 79406.41, "Plan Rows": 34, "Plan Width": 63, "Inner Unique": false, "Plans": [{"Node Type": "Nested Loop", "Parent Relationship": "Outer", "Join Type": "Inner", "Startup Cost": 4.77, "Total Cost": 79311.55, "Plan Rows": 22, "Plan Width": 50, "Inner Unique": false, "Join Filter": "(mi.info_type_id = it1.id)", "Plans": [{"Node Type": "Seq Scan", "Parent Relationship": "Outer", "Relation Name": "info_type", "Alias": "it1", "Startup Cost": 0.0, "Total Cost": 2.4, "Plan Rows": 1, "Plan Width": 4, "Filter": "((info)::text = 'budget'::text)"}, {"Node Type": "Materialize", "Parent Relationship": "Inner", "Startup Cost": 4.77, "Total Cost": 79293.54, "Plan Rows": 1561, "Plan Width": 54, "Plans": [{"Node Type": "Nested Loop", "Parent Relationship": "Outer", "Join Type": "Inner", "Startup Cost": 4.77, "Total Cost": 79289.64, "Plan Rows": 1561, "Plan Width": 54, "Inner Unique": false, "Plans": [{"Node Type": "Nested Loop", "Parent Relationship": "Outer", "Join Type": "Inner", "Startup Cost": 4.39, "Total Cost": 77967.24, "Plan Rows": 294, "Plan Width": 4, "Inner Unique": false, "Plans": [{"Node Type": "Streaming(type: LOCAL GATHER dop: 1/64)", "Parent Relationship": "Outer", "Startup Cost": 0.0, "Total Cost": 64783.4, "Plan Rows": 173, "Plan Width": 4, "Plans": [{"Node Type": "Seq Scan", "Parent Relationship": "Outer", "Relation Name": "name", "Alias": "n", "Startup Cost": 0.0, "Total Cost": 64779.83, "Plan Rows": 173, "Plan Width": 4, "Filter": "(((name)::text ~~ '%Tim%'::text) AND ((gender)::text = 'm'::text))"}]}, {"Node Type": "Bitmap Heap Scan", "Parent Relationship": "Inner", "Relation Name": "cast_info", "Alias": "ci", "Startup Cost": 4.39, "Total Cost": 76.19, "Plan Rows": 2, "Plan Width": 8, "Recheck Cond": "(person_id = n.id)", "Filter": "((note)::text = ANY ('{(producer),\"(executive producer)\"}'::text[]))", "Plans": [{"Node Type": "Bitmap Index Scan", "Parent Relationship": "Outer", "Index Name": "person_id_cast_info", "Startup Cost": 0.0, "Total Cost": 4.38, "Plan Rows": 18, "Plan Width": 0, "Index Cond": "(person_id = n.id)"}]}]}, {"Node Type": "Bitmap Heap Scan", "Parent Relationship": "Inner", "Relation Name": "movie_info", "Alias": "mi", "Startup Cost": 0.39, "Total Cost": 4.45, "Plan Rows": 5, "Plan Width": 50, "Recheck Cond": "(movie_id = ci.movie_id)", "Plans": [{"Node Type": "Bitmap Index Scan", "Parent Relationship": "Outer", "Index Name": "movie_id_movie_info", "Startup Cost": 0.0, "Total Cost": 0.38, "Plan Rows": 5, "Plan Width": 0, "Index Cond": "(movie_id = ci.movie_id)"}]}]}]}]}, {"Node Type": "Bitmap Heap Scan", "Parent Relationship": "Inner", "Relation Name": "movie_info_idx", "Alias": "mi_idx", "Startup Cost": 0.27, "Total Cost": 4.29, "Plan Rows": 2, "Plan Width": 13, "Recheck Cond": "(movie_id = mi.movie_id)", "Plans": [{"Node Type": "Bitmap Index Scan", "Parent Relationship": "Outer", "Index Name": "movie_id_movie_info_idx", "Startup Cost": 0.0, "Total Cost": 0.27, "Plan Rows": 2, "Plan Width": 0, "Index Cond": "(movie_id = mi.movie_id)"}]}]}]}, {"Node Type": "Bitmap Heap Scan", "Parent Relationship": "Inner", "Relation Name": "title", "Alias": "t", "Startup Cost": 0.26, "Total Cost": 4.27, "Plan Rows": 1, "Plan Width": 21, "Recheck Cond": "(id = mi.movie_id)", "Plans": [{"Node Type": "Bitmap Index Scan", "Parent Relationship": "Outer", "Index Name": "title_pkey", "Startup Cost": 0.0, "Total Cost": 0.26, "Plan Rows": 1, "Plan Width": 0, "Index Cond": "(id = mi.movie_id)"}]}]}]}, "Unique SQL Id": 4264520866, "Planner Runtime": 15}, "explain_analyze_plan": {"Plan": {"Node Type": "Aggregate", "Strategy": "Plain", "Startup Cost": 79447.84, "Total Cost": 79447.85, "Plan Rows": 1, "Plan Width": 160, "Actual Min Startup Time": 474.822, "Actual Max Startup Time": 474.822, "Actual Min Total Time": 474.823, "Actual Max Total Time": 474.823, "Plans": [{"Node Type": "Nested Loop", "Parent Relationship": "Outer", "Join Type": "Inner", "Startup Cost": 5.3, "Total Cost": 79447.78, "Plan Rows": 8, "Plan Width": 64, "Actual Min Startup Time": 426.302, "Actual Max Startup Time": 426.302, "Actual Min Total Time": 474.342, "Actual Max Total Time": 474.342, "Inner Unique": true, "Plans": [{"Node Type": "Nested Loop", "Parent Relationship": "Outer", "Join Type": "Inner", "Startup Cost": 5.04, "Total Cost": 79409.23, "Plan Rows": 9, "Plan Width": 59, "Actual Min Startup Time": 426.264, "Actual Max Startup Time": 426.264, "Actual Min Total Time": 470.262, "Actual Max Total Time": 470.262, "Inner Unique": false, "Join Filter": "(mi_idx.info_type_id = it2.id)", "Rows Removed by Join Filter": 825, "Plans": [{"Node Type": "Seq Scan", "Parent Relationship": "Outer", "Relation Name": "info_type", "Alias": "it2", "Startup Cost": 0.0, "Total Cost": 2.4, "Plan Rows": 1, "Plan Width": 4, "Actual Min Startup Time": 0.074, "Actual Max Startup Time": 0.074, "Actual Min Total Time": 0.086, "Actual Max Total Time": 0.086, "Filter": "((info)::text = 'votes'::text)", "Rows Removed by Filter": 111, "Actual Rows": 1}, {"Node Type": "Nested Loop", "Parent Relationship": "Inner", "Join Type": "Inner", "Startup Cost": 5.04, "Total Cost": 79406.41, "Plan Rows": 34, "Plan Width": 63, "Actual Min Startup Time": 426.174, "Actual Max Startup Time": 426.174, "Actual Min Total Time": 467.716, "Actual Max Total Time": 467.716, "Inner Unique": false, "Plans": [{"Node Type": "Nested Loop", "Parent Relationship": "Outer", "Join Type": "Inner", "Startup Cost": 4.77, "Total Cost": 79311.55, "Plan Rows": 22, "Plan Width": 50, "Actual Min Startup Time": 426.117, "Actual Max Startup Time": 426.117, "Actual Min Total Time": 461.124, "Actual Max Total Time": 461.124, "Inner Unique": false, "Join Filter": "(mi.info_type_id = it1.id)", "Rows Removed by Join Filter": 95197, "Plans": [{"Node Type": "Seq Scan", "Parent Relationship": "Outer", "Relation Name": "info_type", "Alias": "it1", "Startup Cost": 0.0, "Total Cost": 2.4, "Plan Rows": 1, "Plan Width": 4, "Actual Min Startup Time": 0.068, "Actual Max Startup Time": 0.068, "Actual Min Total Time": 0.079, "Actual Max Total Time": 0.079, "Filter": "((info)::text = 'budget'::text)", "Rows Removed by Filter": 111, "Actual Rows": 1}, {"Node Type": "Materialize", "Parent Relationship": "Inner", "Startup Cost": 4.77, "Total Cost": 79293.54, "Plan Rows": 1561, "Plan Width": 54, "Actual Min Startup Time": 424.955, "Actual Max Startup Time": 424.955, "Actual Min Total Time": 436.983, "Actual Max Total Time": 436.983, "Plans": [{"Node Type": "Nested Loop", "Parent Relationship": "Outer", "Join Type": "Inner", "Startup Cost": 4.77, "Total Cost": 79289.64, "Plan Rows": 1561, "Plan Width": 54, "Actual Min Startup Time": 53.437, "Actual Max Startup Time": 53.437, "Actual Min Total Time": 398.131, "Actual Max Total Time": 398.131, "Inner Unique": false, "Plans": [{"Node Type": "Nested Loop", "Parent Relationship": "Outer", "Join Type": "Inner", "Startup Cost": 4.39, "Total Cost": 77967.24, "Plan Rows": 294, "Plan Width": 4, "Actual Min Startup Time": 53.405, "Actual Max Startup Time": 53.405, "Actual Min Total Time": 225.682, "Actual Max Total Time": 225.682, "Inner Unique": false, "Plans": [{"Node Type": "Streaming(type: LOCAL GATHER dop: 1/64)", "Parent Relationship": "Outer", "Startup Cost": 0.0, "Total Cost": 64783.4, "Plan Rows": 173, "Plan Width": 4, "Actual Min Startup Time": 52.903, "Actual Max Startup Time": 52.903, "Actual Min Total Time": 78.369, "Actual Max Total Time": 78.369, "Plans": [{"Node Type": "Seq Scan", "Parent Relationship": "Outer", "Relation Name": "name", "Alias": "n", "Startup Cost": 0.0, "Total Cost": 64779.83, "Plan Rows": 173, "Plan Width": 4, "Actual Min Startup Time": 0.029, "Actual Max Startup Time": 0.841, "Actual Min Total Time": 25.435, "Actual Max Total Time": 29.353, "Filter": "(((name)::text ~~ '%Tim%'::text) AND ((gender)::text = 'm'::text))", "Rows Removed by Filter": 4158428, "Actual Rows": 9062}], "Actual Rows": 9062}, {"Node Type": "Bitmap Heap Scan", "Parent Relationship": "Inner", "Relation Name": "cast_info", "Alias": "ci", "Startup Cost": 4.39, "Total Cost": 76.19, "Plan Rows": 2, "Plan Width": 8, "Actual Min Startup Time": 119.075, "Actual Max Startup Time": 119.075, "Actual Min Total Time": 134.847, "Actual Max Total Time": 134.847, "Recheck Cond": "(person_id = n.id)", "Rows Removed by Index Recheck": 0, "Filter": "((note)::text = ANY ('{(producer),\"(executive producer)\"}'::text[]))", "Rows Removed by Filter": 89309, "Exact Heap Blocks": 13336, "Lossy Heap Blocks": 13336, "Plans": [{"Node Type": "Bitmap Index Scan", "Parent Relationship": "Outer", "Index Name": "person_id_cast_info", "Startup Cost": 0.0, "Total Cost": 4.38, "Plan Rows": 18, "Plan Width": 0, "Actual Min Startup Time": 51.429, "Actual Max Startup Time": 51.429, "Actual Min Total Time": 51.429, "Actual Max Total Time": 51.429, "Index Cond": "(person_id = n.id)", "Actual Rows": 96028}], "Actual Rows": 6719}], "Actual Rows": 6719}, {"Node Type": "Bitmap Heap Scan", "Parent Relationship": "Inner", "Relation Name": "movie_info", "Alias": "mi", "Startup Cost": 0.39, "Total Cost": 4.45, "Plan Rows": 5, "Plan Width": 50, "Actual Min Startup Time": 61.638, "Actual Max Startup Time": 61.638, "Actual Min Total Time": 143.35, "Actual Max Total Time": 143.35, "Recheck Cond": "(movie_id = ci.movie_id)", "Rows Removed by Index Recheck": 0, "Exact Heap Blocks": 40013, "Lossy Heap Blocks": 40013, "Plans": [{"Node Type": "Bitmap Index Scan", "Parent Relationship": "Outer", "Index Name": "movie_id_movie_info", "Startup Cost": 0.0, "Total Cost": 0.38, "Plan Rows": 5, "Plan Width": 0, "Actual Min Startup Time": 42.937, "Actual Max Startup Time": 42.937, "Actual Min Total Time": 42.937, "Actual Max Total Time": 42.937, "Index Cond": "(movie_id = ci.movie_id)", "Actual Rows": 95896}], "Actual Rows": 95896}], "Actual Rows": 95896}], "Actual Rows": 95897}], "Actual Rows": 699}, {"Node Type": "Bitmap Heap Scan", "Parent Relationship": "Inner", "Relation Name": "movie_info_idx", "Alias": "mi_idx", "Startup Cost": 0.27, "Total Cost": 4.29, "Plan Rows": 2, "Plan Width": 13, "Actual Min Startup Time": 5.274, "Actual Max Startup Time": 5.274, "Actual Min Total Time": 5.452, "Actual Max Total Time": 5.452, "Recheck Cond": "(movie_id = mi.movie_id)", "Rows Removed by Index Recheck": 0, "Exact Heap Blocks": 419, "Lossy Heap Blocks": 419, "Plans": [{"Node Type": "Bitmap Index Scan", "Parent Relationship": "Outer", "Index Name": "movie_id_movie_info_idx", "Startup Cost": 0.0, "Total Cost": 0.27, "Plan Rows": 2, "Plan Width": 0, "Actual Min Startup Time": 3.756, "Actual Max Startup Time": 3.756, "Actual Min Total Time": 3.756, "Actual Max Total Time": 3.756, "Index Cond": "(movie_id = mi.movie_id)", "Actual Rows": 1235}], "Actual Rows": 1235}], "Actual Rows": 1235}], "Actual Rows": 410}, {"Node Type": "Bitmap Heap Scan", "Parent Relationship": "Inner", "Relation Name": "title", "Alias": "t", "Startup Cost": 0.26, "Total Cost": 4.27, "Plan Rows": 1, "Plan Width": 21, "Actual Min Startup Time": 3.524, "Actual Max Startup Time": 3.524, "Actual Min Total Time": 3.524, "Actual Max Total Time": 3.524, "Recheck Cond": "(id = mi.movie_id)", "Rows Removed by Index Recheck": 0, "Exact Heap Blocks": 410, "Lossy Heap Blocks": 410, "Plans": [{"Node Type": "Bitmap Index Scan", "Parent Relationship": "Outer", "Index Name": "title_pkey", "Startup Cost": 0.0, "Total Cost": 0.26, "Plan Rows": 1, "Plan Width": 0, "Actual Min Startup Time": 2.188, "Actual Max Startup Time": 2.188, "Actual Min Total Time": 2.188, "Actual Max Total Time": 2.188, "Index Cond": "(id = mi.movie_id)", "Actual Rows": 410}], "Actual Rows": 410}], "Actual Rows": 410}], "Actual Rows": 1}, "Triggers": [], "Planner Runtime": 26.768, "Total Runtime": 487.412, "Unique SQL Id": 4264520866}}, "(64, '119')": {"explain_plan": {"Plan": {"Node Type": "Aggregate", "Strategy": "Plain", "Startup Cost": 211886.13, "Total Cost": 211886.14, "Plan Rows": 1, "Plan Width": 160, "Plans": [{"Node Type": "Nested Loop", "Parent Relationship": "Outer", "Join Type": "Inner", "Startup Cost": 83172.11, "Total Cost": 211886.07, "Plan Rows": 8, "Plan Width": 64, "Inner Unique": true, "Plans": [{"Node Type": "Nested Loop", "Parent Relationship": "Outer", "Join Type": "Inner", "Startup Cost": 83171.85, "Total Cost": 211847.52, "Plan Rows": 9, "Plan Width": 59, "Inner Unique": true, "Plans": [{"Node Type": "Nested Loop", "Parent Relationship": "Outer", "Join Type": "Inner", "Startup Cost": 83171.59, "Total Cost": 211701.91, "Plan Rows": 34, "Plan Width": 63, "Inner Unique": false, "Plans": [{"Node Type": "Nested Loop", "Parent Relationship": "Outer", "Join Type": "Inner", "Startup Cost": 83171.32, "Total Cost": 211607.05, "Plan Rows": 22, "Plan Width": 50, "Inner Unique": false, "Join Filter": "(mi.info_type_id = it1.id)", "Plans": [{"Node Type": "Bitmap Heap Scan", "Parent Relationship": "Outer", "Relation Name": "info_type", "Alias": "it1", "Startup Cost": 8.81, "Total Cost": 14.21, "Plan Rows": 1, "Plan Width": 4, "Filter": "((info)::text = 'budget'::text)", "Plans": [{"Node Type": "Bitmap Index Scan", "Parent Relationship": "Outer", "Index Name": "info_type_pkey", "Startup Cost": 0.0, "Total Cost": 8.81, "Plan Rows": 112, "Plan Width": 0}]}, {"Node Type": "Nested Loop", "Parent Relationship": "Inner", "Join Type": "Inner", "Startup Cost": 83162.51, "Total Cost": 211573.33, "Plan Rows": 1561, "Plan Width": 54, "Inner Unique": false, "Plans": [{"Node Type": "Nested Loop", "Parent Relationship": "Outer", "Join Type": "Inner", "Startup Cost": 83162.13, "Total Cost": 210250.93, "Plan Rows": 294, "Plan Width": 4, "Inner Unique": false, "Plans": [{"Node Type": "Bitmap Heap Scan", "Parent Relationship": "Outer", "Relation Name": "name", "Alias": "n", "Startup Cost": 83157.74, "Total Cost": 197067.09, "Plan Rows": 173, "Plan Width": 4, "Filter": "(((name)::text ~~ '%Tim%'::text) AND ((gender)::text = 'm'::text))", "Plans": [{"Node Type": "Bitmap Index Scan", "Parent Relationship": "Outer", "Index Name": "name_pkey", "Startup Cost": 0.0, "Total Cost": 83157.7, "Plan Rows": 4167490, "Plan Width": 0}]}, {"Node Type": "Bitmap Heap Scan", "Parent Relationship": "Inner", "Relation Name": "cast_info", "Alias": "ci", "Startup Cost": 4.39, "Total Cost": 76.19, "Plan Rows": 2, "Plan Width": 8, "Recheck Cond": "(person_id = n.id)", "Filter": "((note)::text = ANY ('{(producer),\"(executive producer)\"}'::text[]))", "Plans": [{"Node Type": "Bitmap Index Scan", "Parent Relationship": "Outer", "Index Name": "person_id_cast_info", "Startup Cost": 0.0, "Total Cost": 4.38, "Plan Rows": 18, "Plan Width": 0, "Index Cond": "(person_id = n.id)"}]}]}, {"Node Type": "Bitmap Heap Scan", "Parent Relationship": "Inner", "Relation Name": "movie_info", "Alias": "mi", "Startup Cost": 0.39, "Total Cost": 4.45, "Plan Rows": 5, "Plan Width": 50, "Recheck Cond": "(movie_id = ci.movie_id)", "Plans": [{"Node Type": "Bitmap Index Scan", "Parent Relationship": "Outer", "Index Name": "movie_id_movie_info", "Startup Cost": 0.0, "Total Cost": 0.38, "Plan Rows": 5, "Plan Width": 0, "Index Cond": "(movie_id = ci.movie_id)"}]}]}]}, {"Node Type": "Bitmap Heap Scan", "Parent Relationship": "Inner", "Relation Name": "movie_info_idx", "Alias": "mi_idx", "Startup Cost": 0.27, "Total Cost": 4.29, "Plan Rows": 2, "Plan Width": 13, "Recheck Cond": "(movie_id = mi.movie_id)", "Plans": [{"Node Type": "Bitmap Index Scan", "Parent Relationship": "Outer", "Index Name": "movie_id_movie_info_idx", "Startup Cost": 0.0, "Total Cost": 0.27, "Plan Rows": 2, "Plan Width": 0, "Index Cond": "(movie_id = mi.movie_id)"}]}]}, {"Node Type": "Bitmap Heap Scan", "Parent Relationship": "Inner", "Relation Name": "info_type", "Alias": "it2", "Startup Cost": 0.26, "Total Cost": 4.27, "Plan Rows": 1, "Plan Width": 4, "Recheck Cond": "(id = mi_idx.info_type_id)", "Filter": "((info)::text = 'votes'::text)", "Plans": [{"Node Type": "Bitmap Index Scan", "Parent Relationship": "Outer", "Index Name": "info_type_pkey", "Startup Cost": 0.0, "Total Cost": 0.26, "Plan Rows": 1, "Plan Width": 0, "Index Cond": "(id = mi_idx.info_type_id)"}]}]}, {"Node Type": "Bitmap Heap Scan", "Parent Relationship": "Inner", "Relation Name": "title", "Alias": "t", "Startup Cost": 0.26, "Total Cost": 4.27, "Plan Rows": 1, "Plan Width": 21, "Recheck Cond": "(id = mi.movie_id)", "Plans": [{"Node Type": "Bitmap Index Scan", "Parent Relationship": "Outer", "Index Name": "title_pkey", "Startup Cost": 0.0, "Total Cost": 0.26, "Plan Rows": 1, "Plan Width": 0, "Index Cond": "(id = mi.movie_id)"}]}]}]}, "Unique SQL Id": 4264520866, "Planner Runtime": 7}, "explain_analyze_plan": null}, "(64, '120')": {"explain_plan": {"Plan": {"Node Type": "Aggregate", "Strategy": "Plain", "Startup Cost": 72377.46, "Total Cost": 72377.47, "Plan Rows": 1, "Plan Width": 160, "Plans": [{"Node Type": "Nested Loop", "Parent Relationship": "Outer", "Join Type": "Inner", "Startup Cost": 0.0, "Total Cost": 72377.4, "Plan Rows": 8, "Plan Width": 64, "Inner Unique": true, "Plans": [{"Node Type": "Nested Loop", "Parent Relationship": "Outer", "Join Type": "Inner", "Startup Cost": 0.0, "Total Cost": 72374.78, "Plan Rows": 9, "Plan Width": 59, "Inner Unique": false, "Join Filter": "(mi.info_type_id = it1.id)", "Plans": [{"Node Type": "Seq Scan", "Parent Relationship": "Outer", "Relation Name": "info_type", "Alias": "it1", "Startup Cost": 0.0, "Total Cost": 2.4, "Plan Rows": 1, "Plan Width": 4, "Filter": "((info)::text = 'budget'::text)"}, {"Node Type": "Nested Loop", "Parent Relationship": "Inner", "Join Type": "Inner", "Startup Cost": 0.0, "Total Cost": 72368.89, "Plan Rows": 279, "Plan Width": 63, "Inner Unique": false, "Join Filter": "(mi_idx.movie_id = mi.movie_id)", "Plans": [{"Node Type": "Nested Loop", "Parent Relationship": "Outer", "Join Type": "Inner", "Startup Cost": 0.0, "Total Cost": 72329.29, "Plan Rows": 52, "Plan Width": 13, "Inner Unique": false, "Join Filter": "(mi_idx.info_type_id = it2.id)", "Plans": [{"Node Type": "Seq Scan", "Parent Relationship": "Outer", "Relation Name": "info_type", "Alias": "it2", "Startup Cost": 0.0, "Total Cost": 2.4, "Plan Rows": 1, "Plan Width": 4, "Filter": "((info)::text = 'votes'::text)"}, {"Node Type": "Materialize", "Parent Relationship": "Inner", "Startup Cost": 0.0, "Total Cost": 72323.43, "Plan Rows": 346, "Plan Width": 17, "Plans": [{"Node Type": "Nested Loop", "Parent Relationship": "Outer", "Join Type": "Inner", "Startup Cost": 0.0, "Total Cost": 72322.56, "Plan Rows": 346, "Plan Width": 17, "Inner Unique": false, "Plans": [{"Node Type": "Nested Loop", "Parent Relationship": "Outer", "Join Type": "Inner", "Startup Cost": 0.0, "Total Cost": 72225.77, "Plan Rows": 294, "Plan Width": 4, "Inner Unique": false, "Plans": [{"Node Type": "Streaming(type: LOCAL GATHER dop: 1/64)", "Parent Relationship": "Outer", "Startup Cost": 0.0, "Total Cost": 64783.4, "Plan Rows": 173, "Plan Width": 4, "Plans": [{"Node Type": "Seq Scan", "Parent Relationship": "Outer", "Relation Name": "name", "Alias": "n", "Startup Cost": 0.0, "Total Cost": 64779.83, "Plan Rows": 173, "Plan Width": 4, "Filter": "(((name)::text ~~ '%Tim%'::text) AND ((gender)::text = 'm'::text))"}]}, {"Node Type": "Index Scan", "Parent Relationship": "Inner", "Scan Direction": "Forward", "Index Name": "person_id_cast_info", "Relation Name": "cast_info", "Alias": "ci", "Startup Cost": 0.0, "Total Cost": 43.0, "Plan Rows": 2, "Plan Width": 8, "Index Cond": "(person_id = n.id)", "Filter": "((note)::text = ANY ('{(producer),\"(executive producer)\"}'::text[]))"}]}, {"Node Type": "Index Scan", "Parent Relationship": "Inner", "Scan Direction": "Forward", "Index Name": "movie_id_movie_info_idx", "Relation Name": "movie_info_idx", "Alias": "mi_idx", "Startup Cost": 0.0, "Total Cost": 0.31, "Plan Rows": 2, "Plan Width": 13, "Index Cond": "(movie_id = ci.movie_id)"}]}]}]}, {"Node Type": "Index Scan", "Parent Relationship": "Inner", "Scan Direction": "Forward", "Index Name": "movie_id_movie_info", "Relation Name": "movie_info", "Alias": "mi", "Startup Cost": 0.0, "Total Cost": 0.7, "Plan Rows": 5, "Plan Width": 50, "Index Cond": "(movie_id = ci.movie_id)"}]}]}, {"Node Type": "Index Scan", "Parent Relationship": "Inner", "Scan Direction": "Forward", "Index Name": "title_pkey", "Relation Name": "title", "Alias": "t", "Startup Cost": 0.0, "Total Cost": 0.28, "Plan Rows": 1, "Plan Width": 21, "Index Cond": "(id = mi.movie_id)"}]}]}, "Unique SQL Id": 4264520866, "Planner Runtime": 7}, "explain_analyze_plan": {"Plan": {"Node Type": "Aggregate", "Strategy": "Plain", "Startup Cost": 72377.46, "Total Cost": 72377.47, "Plan Rows": 1, "Plan Width": 160, "Actual Min Startup Time": 413.389, "Actual Max Startup Time": 413.389, "Actual Min Total Time": 413.389, "Actual Max Total Time": 413.389, "Plans": [{"Node Type": "Nested Loop", "Parent Relationship": "Outer", "Join Type": "Inner", "Startup Cost": 0.0, "Total Cost": 72377.4, "Plan Rows": 8, "Plan Width": 64, "Actual Min Startup Time": 272.667, "Actual Max Startup Time": 272.667, "Actual Min Total Time": 412.915, "Actual Max Total Time": 412.915, "Inner Unique": true, "Plans": [{"Node Type": "Nested Loop", "Parent Relationship": "Outer", "Join Type": "Inner", "Startup Cost": 0.0, "Total Cost": 72374.78, "Plan Rows": 9, "Plan Width": 59, "Actual Min Startup Time": 272.648, "Actual Max Startup Time": 272.648, "Actual Min Total Time": 409.287, "Actual Max Total Time": 409.287, "Inner Unique": false, "Join Filter": "(mi.info_type_id = it1.id)", "Rows Removed by Join Filter": 81998, "Plans": [{"Node Type": "Seq Scan", "Parent Relationship": "Outer", "Relation Name": "info_type", "Alias": "it1", "Startup Cost": 0.0, "Total Cost": 2.4, "Plan Rows": 1, "Plan Width": 4, "Actual Min Startup Time": 0.083, "Actual Max Startup Time": 0.083, "Actual Min Total Time": 0.092, "Actual Max Total Time": 0.092, "Filter": "((info)::text = 'budget'::text)", "Rows Removed by Filter": 111, "Actual Rows": 1}, {"Node Type": "Nested Loop", "Parent Relationship": "Inner", "Join Type": "Inner", "Startup Cost": 0.0, "Total Cost": 72368.89, "Plan Rows": 279, "Plan Width": 63, "Actual Min Startup Time": 272.017, "Actual Max Startup Time": 272.017, "Actual Min Total Time": 393.425, "Actual Max Total Time": 393.425, "Inner Unique": false, "Join Filter": "(mi_idx.movie_id = mi.movie_id)", "Rows Removed by Join Filter": 0, "Plans": [{"Node Type": "Nested Loop", "Parent Relationship": "Outer", "Join Type": "Inner", "Startup Cost": 0.0, "Total Cost": 72329.29, "Plan Rows": 52, "Plan Width": 13, "Actual Min Startup Time": 271.998, "Actual Max Startup Time": 271.998, "Actual Min Total Time": 276.21, "Actual Max Total Time": 276.21, "Inner Unique": false, "Join Filter": "(mi_idx.info_type_id = it2.id)", "Rows Removed by Join Filter": 6875, "Plans": [{"Node Type": "Seq Scan", "Parent Relationship": "Outer", "Relation Name": "info_type", "Alias": "it2", "Startup Cost": 0.0, "Total Cost": 2.4, "Plan Rows": 1, "Plan Width": 4, "Actual Min Startup Time": 0.055, "Actual Max Startup Time": 0.055, "Actual Min Total Time": 0.07, "Actual Max Total Time": 0.07, "Filter": "((info)::text = 'votes'::text)", "Rows Removed by Filter": 111, "Actual Rows": 1}, {"Node Type": "Materialize", "Parent Relationship": "Inner", "Startup Cost": 0.0, "Total Cost": 72323.43, "Plan Rows": 346, "Plan Width": 17, "Actual Min Startup Time": 271.93, "Actual Max Startup Time": 271.93, "Actual Min Total Time": 273.234, "Actual Max Total Time": 273.234, "Plans": [{"Node Type": "Nested Loop", "Parent Relationship": "Outer", "Join Type": "Inner", "Startup Cost": 0.0, "Total Cost": 72322.56, "Plan Rows": 346, "Plan Width": 17, "Actual Min Startup Time": 80.747, "Actual Max Startup Time": 80.747, "Actual Min Total Time": 268.97, "Actual Max Total Time": 268.97, "Inner Unique": false, "Plans": [{"Node Type": "Nested Loop", "Parent Relationship": "Outer", "Join Type": "Inner", "Startup Cost": 0.0, "Total Cost": 72225.77, "Plan Rows": 294, "Plan Width": 4, "Actual Min Startup Time": 80.727, "Actual Max Startup Time": 80.727, "Actual Min Total Time": 231.531, "Actual Max Total Time": 231.531, "Inner Unique": false, "Plans": [{"Node Type": "Streaming(type: LOCAL GATHER dop: 1/64)", "Parent Relationship": "Outer", "Startup Cost": 0.0, "Total Cost": 64783.4, "Plan Rows": 173, "Plan Width": 4, "Actual Min Startup Time": 80.526, "Actual Max Startup Time": 80.526, "Actual Min Total Time": 99.298, "Actual Max Total Time": 99.298, "Plans": [{"Node Type": "Seq Scan", "Parent Relationship": "Outer", "Relation Name": "name", "Alias": "n", "Startup Cost": 0.0, "Total Cost": 64779.83, "Plan Rows": 173, "Plan Width": 4, "Actual Min Startup Time": 0.029, "Actual Max Startup Time": 0.86, "Actual Min Total Time": 25.533, "Actual Max Total Time": 29.548, "Filter": "(((name)::text ~~ '%Tim%'::text) AND ((gender)::text = 'm'::text))", "Rows Removed by Filter": 4158428, "Actual Rows": 9062}], "Actual Rows": 9062}, {"Node Type": "Index Scan", "Parent Relationship": "Inner", "Scan Direction": "Forward", "Index Name": "person_id_cast_info", "Relation Name": "cast_info", "Alias": "ci", "Startup Cost": 0.0, "Total Cost": 43.0, "Plan Rows": 2, "Plan Width": 8, "Actual Min Startup Time": 106.638, "Actual Max Startup Time": 106.638, "Actual Min Total Time": 126.058, "Actual Max Total Time": 126.058, "Index Cond": "(person_id = n.id)", "Rows Removed by Index Recheck": 0, "Filter": "((note)::text = ANY ('{(producer),\"(executive producer)\"}'::text[]))", "Rows Removed by Filter": 89309, "Actual Rows": 6719}], "Actual Rows": 6719}, {"Node Type": "Index Scan", "Parent Relationship": "Inner", "Scan Direction": "Forward", "Index Name": "movie_id_movie_info_idx", "Relation Name": "movie_info_idx", "Alias": "mi_idx", "Startup Cost": 0.0, "Total Cost": 0.31, "Plan Rows": 2, "Plan Width": 13, "Actual Min Startup Time": 27.643, "Actual Max Startup Time": 27.643, "Actual Min Total Time": 31.799, "Actual Max Total Time": 31.799, "Index Cond": "(movie_id = ci.movie_id)", "Rows Removed by Index Recheck": 0, "Actual Rows": 10310}], "Actual Rows": 10310}], "Actual Rows": 10311}], "Actual Rows": 3435}, {"Node Type": "Index Scan", "Parent Relationship": "Inner", "Scan Direction": "Forward", "Index Name": "movie_id_movie_info", "Relation Name": "movie_info", "Alias": "mi", "Startup Cost": 0.0, "Total Cost": 0.7, "Plan Rows": 5, "Plan Width": 50, "Actual Min Startup Time": 21.896, "Actual Max Startup Time": 21.896, "Actual Min Total Time": 88.143, "Actual Max Total Time": 88.143, "Index Cond": "(movie_id = ci.movie_id)", "Rows Removed by Index Recheck": 0, "Actual Rows": 82408}], "Actual Rows": 82408}], "Actual Rows": 410}, {"Node Type": "Index Scan", "Parent Relationship": "Inner", "Scan Direction": "Forward", "Index Name": "title_pkey", "Relation Name": "title", "Alias": "t", "Startup Cost": 0.0, "Total Cost": 0.28, "Plan Rows": 1, "Plan Width": 21, "Actual Min Startup Time": 3.263, "Actual Max Startup Time": 3.263, "Actual Min Total Time": 3.263, "Actual Max Total Time": 3.263, "Index Cond": "(id = mi.movie_id)", "Rows Removed by Index Recheck": 0, "Actual Rows": 410}], "Actual Rows": 410}], "Actual Rows": 1}, "Triggers": [], "Planner Runtime": 8.192, "Total Runtime": 425.547, "Unique SQL Id": 4264520866}}, "(64, '121')": {"explain_plan": {"Plan": {"Node Type": "Aggregate", "Strategy": "Plain", "Startup Cost": 204687.88, "Total Cost": 204687.89, "Plan Rows": 1, "Plan Width": 160, "Plans": [{"Node Type": "Nested Loop", "Parent Relationship": "Outer", "Join Type": "Inner", "Startup Cost": 0.0, "Total Cost": 204687.82, "Plan Rows": 8, "Plan Width": 64, "Inner Unique": true, "Plans": [{"Node Type": "Nested Loop", "Parent Relationship": "Outer", "Join Type": "Inner", "Startup Cost": 0.0, "Total Cost": 204685.19, "Plan Rows": 9, "Plan Width": 59, "Inner Unique": false, "Join Filter": "(mi.info_type_id = it1.id)", "Plans": [{"Node Type": "Index Scan", "Parent Relationship": "Outer", "Scan Direction": "Forward", "Index Name": "info_type_pkey", "Relation Name": "info_type", "Alias": "it1", "Startup Cost": 0.0, "Total Cost": 14.21, "Plan Rows": 1, "Plan Width": 4, "Filter": "((info)::text = 'budget'::text)"}, {"Node Type": "Nested Loop", "Parent Relationship": "Inner", "Join Type": "Inner", "Startup Cost": 0.0, "Total Cost": 204667.49, "Plan Rows": 279, "Plan Width": 63, "Inner Unique": false, "Join Filter": "(mi_idx.movie_id = mi.movie_id)", "Plans": [{"Node Type": "Nested Loop", "Parent Relationship": "Outer", "Join Type": "Inner", "Startup Cost": 0.0, "Total Cost": 204627.89, "Plan Rows": 52, "Plan Width": 13, "Inner Unique": false, "Join Filter": "(mi_idx.info_type_id = it2.id)", "Plans": [{"Node Type": "Index Scan", "Parent Relationship": "Outer", "Scan Direction": "Forward", "Index Name": "info_type_pkey", "Relation Name": "info_type", "Alias": "it2", "Startup Cost": 0.0, "Total Cost": 14.21, "Plan Rows": 1, "Plan Width": 4, "Filter": "((info)::text = 'votes'::text)"}, {"Node Type": "Nested Loop", "Parent Relationship": "Inner", "Join Type": "Inner", "Startup Cost": 0.0, "Total Cost": 204609.36, "Plan Rows": 346, "Plan Width": 17, "Inner Unique": false, "Plans": [{"Node Type": "Nested Loop", "Parent Relationship": "Outer", "Join Type": "Inner", "Startup Cost": 0.0, "Total Cost": 204512.56, "Plan Rows": 294, "Plan Width": 4, "Inner Unique": false, "Plans": [{"Node Type": "Index Scan", "Parent Relationship": "Outer", "Scan Direction": "Forward", "Index Name": "name_pkey", "Relation Name": "name", "Alias": "n", "Startup Cost": 0.0, "Total Cost": 197070.2, "Plan Rows": 173, "Plan Width": 4, "Filter": "(((name)::text ~~ '%Tim%'::text) AND ((gender)::text = 'm'::text))"}, {"Node Type": "Index Scan", "Parent Relationship": "Inner", "Scan Direction": "Forward", "Index Name": "person_id_cast_info", "Relation Name": "cast_info", "Alias": "ci", "Startup Cost": 0.0, "Total Cost": 43.0, "Plan Rows": 2, "Plan Width": 8, "Index Cond": "(person_id = n.id)", "Filter": "((note)::text = ANY ('{(producer),\"(executive producer)\"}'::text[]))"}]}, {"Node Type": "Index Scan", "Parent Relationship": "Inner", "Scan Direction": "Forward", "Index Name": "movie_id_movie_info_idx", "Relation Name": "movie_info_idx", "Alias": "mi_idx", "Startup Cost": 0.0, "Total Cost": 0.31, "Plan Rows": 2, "Plan Width": 13, "Index Cond": "(movie_id = ci.movie_id)"}]}]}, {"Node Type": "Index Scan", "Parent Relationship": "Inner", "Scan Direction": "Forward", "Index Name": "movie_id_movie_info", "Relation Name": "movie_info", "Alias": "mi", "Startup Cost": 0.0, "Total Cost": 0.7, "Plan Rows": 5, "Plan Width": 50, "Index Cond": "(movie_id = ci.movie_id)"}]}]}, {"Node Type": "Index Scan", "Parent Relationship": "Inner", "Scan Direction": "Forward", "Index Name": "title_pkey", "Relation Name": "title", "Alias": "t", "Startup Cost": 0.0, "Total Cost": 0.28, "Plan Rows": 1, "Plan Width": 21, "Index Cond": "(id = mi.movie_id)"}]}]}, "Unique SQL Id": 4264520866, "Planner Runtime": 6}, "explain_analyze_plan": null}, "(64, '122')": {"explain_plan": {"Plan": {"Node Type": "Aggregate", "Strategy": "Plain", "Startup Cost": 871810.55, "Total Cost": 871810.56, "Plan Rows": 1, "Plan Width": 160, "Plans": [{"Node Type": "Nested Loop", "Parent Relationship": "Outer", "Join Type": "Inner", "Startup Cost": 0.0, "Total Cost": 871810.49, "Plan Rows": 8, "Plan Width": 64, "Inner Unique": false, "Join Filter": "(mi_idx.movie_id = t.id)", "Plans": [{"Node Type": "Nested Loop", "Parent Relationship": "Outer", "Join Type": "Inner", "Startup Cost": 0.0, "Total Cost": 37527.17, "Plan Rows": 345008, "Plan Width": 9, "Inner Unique": false, "Join Filter": "(it2.id = mi_idx.info_type_id), (LLVM Optimized)", "Plans": [{"Node Type": "Seq Scan", "Parent Relationship": "Outer", "Relation Name": "info_type", "Alias": "it2", "Startup Cost": 0.0, "Total Cost": 2.4, "Plan Rows": 1, "Plan Width": 4, "Filter": "((info)::text = 'votes'::text)"}, {"Node Type": "Seq Scan", "Parent Relationship": "Inner", "Relation Name": "movie_info_idx", "Alias": "mi_idx", "Startup Cost": 0.0, "Total Cost": 20274.34, "Plan Rows": 1380034, "Plan Width": 13}]}, {"Node Type": "Materialize", "Parent Relationship": "Inner", "Startup Cost": 0.0, "Total Cost": 730780.98, "Plan Rows": 20, "Plan Width": 71, "Plans": [{"Node Type": "Streaming(type: LOCAL GATHER dop: 1/64)", "Parent Relationship": "Outer", "Startup Cost": 0.0, "Total Cost": 730780.88, "Plan Rows": 20, "Plan Width": 71, "Plans": [{"Node Type": "Nested Loop", "Parent Relationship": "Outer", "Join Type": "Inner", "Startup Cost": 0.0, "Total Cost": 730780.46, "Plan Rows": 20, "Plan Width": 71, "Inner Unique": false, "Join Filter": "(mi.movie_id = t.id)", "Plans": [{"Node Type": "Streaming(type: LOCAL ROUNDROBIN dop: 64/1)", "Parent Relationship": "Outer", "Startup Cost": 0.0, "Total Cost": 175227.87, "Plan Rows": 2528311, "Plan Width": 21, "Plans": [{"Node Type": "Seq Scan", "Parent Relationship": "Outer", "Relation Name": "title", "Alias": "t", "Startup Cost": 0.0, "Total Cost": 60069.11, "Plan Rows": 2528311, "Plan Width": 21}]}, {"Node Type": "Materialize", "Parent Relationship": "Inner", "Startup Cost": 0.0, "Total Cost": 542516.05, "Plan Rows": 1408, "Plan Width": 50, "Plans": [{"Node Type": "Streaming(type: BROADCAST dop: 64/64)", "Parent Relationship": "Outer", "Startup Cost": 0.0, "Total Cost": 542515.94, "Plan Rows": 1408, "Plan Width": 50, "Plans": [{"Node Type": "Nested Loop", "Parent Relationship": "Outer", "Join Type": "Inner", "Startup Cost": 0.0, "Total Cost": 479515.04, "Plan Rows": 22, "Plan Width": 50, "Inner Unique": false, "Join Filter": "(ci.movie_id = mi.movie_id)", "Plans": [{"Node Type": "Nested Loop", "Parent Relationship": "Outer", "Join Type": "Inner", "Startup Cost": 0.0, "Total Cost": 133548.44, "Plan Rows": 212428, "Plan Width": 46, "Inner Unique": false, "Join Filter": "(it1.id = mi.info_type_id), (LLVM Optimized)", "Plans": [{"Node Type": "Streaming(type: BROADCAST dop: 64/1)", "Parent Relationship": "Outer", "Startup Cost": 0.0, "Total Cost": 63003.72, "Plan Rows": 64, "Plan Width": 4, "Plans": [{"Node Type": "Seq Scan", "Parent Relationship": "Outer", "Relation Name": "info_type", "Alias": "it1", "Startup Cost": 0.0, "Total Cost": 2.4, "Plan Rows": 1, "Plan Width": 4, "Filter": "((info)::text = 'budget'::text)"}]}, {"Node Type": "Seq Scan", "Parent Relationship": "Inner", "Relation Name": "movie_info", "Alias": "mi", "Startup Cost": 0.0, "Total Cost": 67640.43, "Plan Rows": 14869966, "Plan Width": 50}]}, {"Node Type": "Materialize", "Parent Relationship": "Inner", "Startup Cost": 0.0, "Total Cost": 331329.72, "Plan Rows": 18816, "Plan Width": 4, "Plans": [{"Node Type": "Streaming(type: BROADCAST dop: 64/64)", "Parent Relationship": "Outer", "Startup Cost": 0.0, "Total Cost": 331328.25, "Plan Rows": 18816, "Plan Width": 4, "Plans": [{"Node Type": "Nested Loop", "Parent Relationship": "Outer", "Join Type": "Inner", "Startup Cost": 0.0, "Total Cost": 268316.3, "Plan Rows": 294, "Plan Width": 4, "Inner Unique": true, "Join Filter": "(ci.person_id = n.id)", "Plans": [{"Node Type": "Streaming(type: LOCAL REDISTRIBUTE dop: 64/64)", "Parent Relationship": "Outer", "Startup Cost": 0.0, "Total Cost": 139047.2, "Plan Rows": 2350421, "Plan Width": 8, "Plans": [{"Node Type": "Seq Scan", "Parent Relationship": "Outer", "Relation Name": "cast_info", "Alias": "ci", "Startup Cost": 0.0, "Total Cost": 73820.73, "Plan Rows": 2350421, "Plan Width": 8, "Filter": "((note)::text = ANY ('{(producer),\"(executive producer)\"}'::text[]))"}]}, {"Node Type": "Materialize", "Parent Relationship": "Inner", "Startup Cost": 0.0, "Total Cost": 127780.01, "Plan Rows": 173, "Plan Width": 4, "Plans": [{"Node Type": "Streaming(type: LOCAL REDISTRIBUTE dop: 64/64)", "Parent Relationship": "Outer", "Startup Cost": 0.0, "Total Cost": 127780.0, "Plan Rows": 173, "Plan Width": 4, "Plans": [{"Node Type": "Seq Scan", "Parent Relationship": "Outer", "Relation Name": "name", "Alias": "n", "Startup Cost": 0.0, "Total Cost": 64779.83, "Plan Rows": 173, "Plan Width": 4, "Filter": "(((name)::text ~~ '%Tim%'::text) AND ((gender)::text = 'm'::text))"}]}]}]}]}]}]}]}]}]}]}]}]}]}, "Unique SQL Id": 4264520866, "Planner Runtime": 11}, "explain_analyze_plan": null}, "(64, '123')": {"explain_plan": {"Plan": {"Node Type": "Aggregate", "Strategy": "Plain", "Startup Cost": 7000361921196.91, "Total Cost": 7000361921196.92, "Plan Rows": 1, "Plan Width": 160, "Plans": [{"Node Type": "Nested Loop", "Parent Relationship": "Outer", "Join Type": "Inner", "Startup Cost": 70000000000.0, "Total Cost": 7000361921196.85, "Plan Rows": 8, "Plan Width": 64, "Inner Unique": false, "Join Filter": "(mi.movie_id = t.id)", "Plans": [{"Node Type": "Index Scan", "Parent Relationship": "Outer", "Scan Direction": "Forward", "Index Name": "title_pkey", "Relation Name": "title", "Alias": "t", "Startup Cost": 10000000000.0, "Total Cost": 1000011012048.91, "Plan Rows": 2528311, "Plan Width": 21}, {"Node Type": "Materialize", "Parent Relationship": "Inner", "Startup Cost": 60000000000.0, "Total Cost": 6000350567825.98, "Plan Rows": 9, "Plan Width": 59, "Plans": [{"Node Type": "Nested Loop", "Parent Relationship": "Outer", "Join Type": "Inner", "Startup Cost": 60000000000.0, "Total Cost": 6000350567825.93, "Plan Rows": 9, "Plan Width": 59, "Inner Unique": false, "Join Filter": "(mi_idx.movie_id = mi.movie_id)", "Plans": [{"Node Type": "Nested Loop", "Parent Relationship": "Outer", "Join Type": "Inner", "Startup Cost": 20000000000.0, "Total Cost": 2000004672156.88, "Plan Rows": 345008, "Plan Width": 9, "Inner Unique": true, "Join Filter": "(it2.id = mi_idx.info_type_id), (LLVM Optimized)", "Plans": [{"Node Type": "Index Scan", "Parent Relationship": "Outer", "Scan Direction": "Forward", "Index Name": "movie_id_movie_info_idx", "Relation Name": "movie_info_idx", "Alias": "mi_idx", "Startup Cost": 10000000000.0, "Total Cost": 1000004650035.37, "Plan Rows": 1380034, "Plan Width": 13}, {"Node Type": "Materialize", "Parent Relationship": "Inner", "Startup Cost": 10000000000.0, "Total Cost": 1000000001421.0, "Plan Rows": 1, "Plan Width": 4, "Plans": [{"Node Type": "Index Scan", "Parent Relationship": "Outer", "Scan Direction": "Forward", "Index Name": "info_type_pkey", "Relation Name": "info_type", "Alias": "it2", "Startup Cost": 10000000000.0, "Total Cost": 1000000001421.0, "Plan Rows": 1, "Plan Width": 4, "Filter": "((info)::text = 'votes'::text)"}]}]}, {"Node Type": "Materialize", "Parent Relationship": "Inner", "Startup Cost": 40000000000.0, "Total Cost": 4000345781816.47, "Plan Rows": 22, "Plan Width": 50, "Plans": [{"Node Type": "Nested Loop", "Parent Relationship": "Outer", "Join Type": "Inner", "Startup Cost": 40000000000.0, "Total Cost": 4000345781816.36, "Plan Rows": 22, "Plan Width": 50, "Inner Unique": false, "Join Filter": "(ci.movie_id = mi.movie_id)", "Plans": [{"Node Type": "Nested Loop", "Parent Relationship": "Outer", "Join Type": "Inner", "Startup Cost": 20000000000.0, "Total Cost": 2000104041382.71, "Plan Rows": 212428, "Plan Width": 46, "Inner Unique": true, "Join Filter": "(it1.id = mi.info_type_id), (LLVM Optimized)", "Plans": [{"Node Type": "Index Scan", "Parent Relationship": "Outer", "Scan Direction": "Forward", "Index Name": "movie_id_movie_info", "Relation Name": "movie_info", "Alias": "mi", "Startup Cost": 10000000000.0, "Total Cost": 1000103816912.22, "Plan Rows": 14869966, "Plan Width": 50}, {"Node Type": "Materialize", "Parent Relationship": "Inner", "Startup Cost": 10000000000.0, "Total Cost": 1000000001421.0, "Plan Rows": 1, "Plan Width": 4, "Plans": [{"Node Type": "Index Scan", "Parent Relationship": "Outer", "Scan Direction": "Forward", "Index Name": "info_type_pkey", "Relation Name": "info_type", "Alias": "it1", "Startup Cost": 10000000000.0, "Total Cost": 1000000001421.0, "Plan Rows": 1, "Plan Width": 4, "Filter": "((info)::text = 'budget'::text)"}]}]}, {"Node Type": "Materialize", "Parent Relationship": "Inner", "Startup Cost": 20000000000.0, "Total Cost": 2000240803626.91, "Plan Rows": 294, "Plan Width": 4, "Plans": [{"Node Type": "Nested Loop", "Parent Relationship": "Outer", "Join Type": "Inner", "Startup Cost": 20000000000.0, "Total Cost": 2000240803625.44, "Plan Rows": 294, "Plan Width": 4, "Inner Unique": true, "Join Filter": "(ci.person_id = n.id)", "Plans": [{"Node Type": "Index Scan", "Parent Relationship": "Outer", "Scan Direction": "Forward", "Index Name": "movie_id_cast_info", "Relation Name": "cast_info", "Alias": "ci", "Startup Cost": 10000000000.0, "Total Cost": 1000214997262.8, "Plan Rows": 2350421, "Plan Width": 8, "Filter": "((note)::text = ANY ('{(producer),\"(executive producer)\"}'::text[]))"}, {"Node Type": "Materialize", "Parent Relationship": "Inner", "Startup Cost": 10000000000.0, "Total Cost": 1000019707020.57, "Plan Rows": 173, "Plan Width": 4, "Plans": [{"Node Type": "Index Scan", "Parent Relationship": "Outer", "Scan Direction": "Forward", "Index Name": "name_pkey", "Relation Name": "name", "Alias": "n", "Startup Cost": 10000000000.0, "Total Cost": 1000019707019.7, "Plan Rows": 173, "Plan Width": 4, "Filter": "(((name)::text ~~ '%Tim%'::text) AND ((gender)::text = 'm'::text))"}]}]}]}]}]}]}]}]}]}, "Unique SQL Id": 4264520866, "Planner Runtime": 6}, "explain_analyze_plan": null}, "(64, '124')": {"explain_plan": {"Plan": {"Node Type": "Aggregate", "Strategy": "Plain", "Startup Cost": 72377.46, "Total Cost": 72377.47, "Plan Rows": 1, "Plan Width": 160, "Plans": [{"Node Type": "Nested Loop", "Parent Relationship": "Outer", "Join Type": "Inner", "Startup Cost": 0.0, "Total Cost": 72377.4, "Plan Rows": 8, "Plan Width": 64, "Inner Unique": true, "Plans": [{"Node Type": "Nested Loop", "Parent Relationship": "Outer", "Join Type": "Inner", "Startup Cost": 0.0, "Total Cost": 72374.78, "Plan Rows": 9, "Plan Width": 59, "Inner Unique": false, "Join Filter": "(mi.info_type_id = it1.id)", "Plans": [{"Node Type": "Seq Scan", "Parent Relationship": "Outer", "Relation Name": "info_type", "Alias": "it1", "Startup Cost": 0.0, "Total Cost": 2.4, "Plan Rows": 1, "Plan Width": 4, "Filter": "((info)::text = 'budget'::text)"}, {"Node Type": "Nested Loop", "Parent Relationship": "Inner", "Join Type": "Inner", "Startup Cost": 0.0, "Total Cost": 72368.89, "Plan Rows": 279, "Plan Width": 63, "Inner Unique": false, "Join Filter": "(mi_idx.movie_id = mi.movie_id)", "Plans": [{"Node Type": "Nested Loop", "Parent Relationship": "Outer", "Join Type": "Inner", "Startup Cost": 0.0, "Total Cost": 72329.29, "Plan Rows": 52, "Plan Width": 13, "Inner Unique": false, "Join Filter": "(mi_idx.info_type_id = it2.id)", "Plans": [{"Node Type": "Seq Scan", "Parent Relationship": "Outer", "Relation Name": "info_type", "Alias": "it2", "Startup Cost": 0.0, "Total Cost": 2.4, "Plan Rows": 1, "Plan Width": 4, "Filter": "((info)::text = 'votes'::text)"}, {"Node Type": "Materialize", "Parent Relationship": "Inner", "Startup Cost": 0.0, "Total Cost": 72323.43, "Plan Rows": 346, "Plan Width": 17, "Plans": [{"Node Type": "Nested Loop", "Parent Relationship": "Outer", "Join Type": "Inner", "Startup Cost": 0.0, "Total Cost": 72322.56, "Plan Rows": 346, "Plan Width": 17, "Inner Unique": false, "Plans": [{"Node Type": "Nested Loop", "Parent Relationship": "Outer", "Join Type": "Inner", "Startup Cost": 0.0, "Total Cost": 72225.77, "Plan Rows": 294, "Plan Width": 4, "Inner Unique": false, "Plans": [{"Node Type": "Streaming(type: LOCAL GATHER dop: 1/64)", "Parent Relationship": "Outer", "Startup Cost": 0.0, "Total Cost": 64783.4, "Plan Rows": 173, "Plan Width": 4, "Plans": [{"Node Type": "Seq Scan", "Parent Relationship": "Outer", "Relation Name": "name", "Alias": "n", "Startup Cost": 0.0, "Total Cost": 64779.83, "Plan Rows": 173, "Plan Width": 4, "Filter": "(((name)::text ~~ '%Tim%'::text) AND ((gender)::text = 'm'::text))"}]}, {"Node Type": "Index Scan", "Parent Relationship": "Inner", "Scan Direction": "Forward", "Index Name": "person_id_cast_info", "Relation Name": "cast_info", "Alias": "ci", "Startup Cost": 0.0, "Total Cost": 43.0, "Plan Rows": 2, "Plan Width": 8, "Index Cond": "(person_id = n.id)", "Filter": "((note)::text = ANY ('{(producer),\"(executive producer)\"}'::text[]))"}]}, {"Node Type": "Index Scan", "Parent Relationship": "Inner", "Scan Direction": "Forward", "Index Name": "movie_id_movie_info_idx", "Relation Name": "movie_info_idx", "Alias": "mi_idx", "Startup Cost": 0.0, "Total Cost": 0.31, "Plan Rows": 2, "Plan Width": 13, "Index Cond": "(movie_id = ci.movie_id)"}]}]}]}, {"Node Type": "Index Scan", "Parent Relationship": "Inner", "Scan Direction": "Forward", "Index Name": "movie_id_movie_info", "Relation Name": "movie_info", "Alias": "mi", "Startup Cost": 0.0, "Total Cost": 0.7, "Plan Rows": 5, "Plan Width": 50, "Index Cond": "(movie_id = ci.movie_id)"}]}]}, {"Node Type": "Index Scan", "Parent Relationship": "Inner", "Scan Direction": "Forward", "Index Name": "title_pkey", "Relation Name": "title", "Alias": "t", "Startup Cost": 0.0, "Total Cost": 0.28, "Plan Rows": 1, "Plan Width": 21, "Index Cond": "(id = mi.movie_id)"}]}]}, "Unique SQL Id": 4264520866, "Planner Runtime": 8}, "explain_analyze_plan": {"Plan": {"Node Type": "Aggregate", "Strategy": "Plain", "Startup Cost": 72377.46, "Total Cost": 72377.47, "Plan Rows": 1, "Plan Width": 160, "Actual Min Startup Time": 413.389, "Actual Max Startup Time": 413.389, "Actual Min Total Time": 413.389, "Actual Max Total Time": 413.389, "Plans": [{"Node Type": "Nested Loop", "Parent Relationship": "Outer", "Join Type": "Inner", "Startup Cost": 0.0, "Total Cost": 72377.4, "Plan Rows": 8, "Plan Width": 64, "Actual Min Startup Time": 272.667, "Actual Max Startup Time": 272.667, "Actual Min Total Time": 412.915, "Actual Max Total Time": 412.915, "Inner Unique": true, "Plans": [{"Node Type": "Nested Loop", "Parent Relationship": "Outer", "Join Type": "Inner", "Startup Cost": 0.0, "Total Cost": 72374.78, "Plan Rows": 9, "Plan Width": 59, "Actual Min Startup Time": 272.648, "Actual Max Startup Time": 272.648, "Actual Min Total Time": 409.287, "Actual Max Total Time": 409.287, "Inner Unique": false, "Join Filter": "(mi.info_type_id = it1.id)", "Rows Removed by Join Filter": 81998, "Plans": [{"Node Type": "Seq Scan", "Parent Relationship": "Outer", "Relation Name": "info_type", "Alias": "it1", "Startup Cost": 0.0, "Total Cost": 2.4, "Plan Rows": 1, "Plan Width": 4, "Actual Min Startup Time": 0.083, "Actual Max Startup Time": 0.083, "Actual Min Total Time": 0.092, "Actual Max Total Time": 0.092, "Filter": "((info)::text = 'budget'::text)", "Rows Removed by Filter": 111, "Actual Rows": 1}, {"Node Type": "Nested Loop", "Parent Relationship": "Inner", "Join Type": "Inner", "Startup Cost": 0.0, "Total Cost": 72368.89, "Plan Rows": 279, "Plan Width": 63, "Actual Min Startup Time": 272.017, "Actual Max Startup Time": 272.017, "Actual Min Total Time": 393.425, "Actual Max Total Time": 393.425, "Inner Unique": false, "Join Filter": "(mi_idx.movie_id = mi.movie_id)", "Rows Removed by Join Filter": 0, "Plans": [{"Node Type": "Nested Loop", "Parent Relationship": "Outer", "Join Type": "Inner", "Startup Cost": 0.0, "Total Cost": 72329.29, "Plan Rows": 52, "Plan Width": 13, "Actual Min Startup Time": 271.998, "Actual Max Startup Time": 271.998, "Actual Min Total Time": 276.21, "Actual Max Total Time": 276.21, "Inner Unique": false, "Join Filter": "(mi_idx.info_type_id = it2.id)", "Rows Removed by Join Filter": 6875, "Plans": [{"Node Type": "Seq Scan", "Parent Relationship": "Outer", "Relation Name": "info_type", "Alias": "it2", "Startup Cost": 0.0, "Total Cost": 2.4, "Plan Rows": 1, "Plan Width": 4, "Actual Min Startup Time": 0.055, "Actual Max Startup Time": 0.055, "Actual Min Total Time": 0.07, "Actual Max Total Time": 0.07, "Filter": "((info)::text = 'votes'::text)", "Rows Removed by Filter": 111, "Actual Rows": 1}, {"Node Type": "Materialize", "Parent Relationship": "Inner", "Startup Cost": 0.0, "Total Cost": 72323.43, "Plan Rows": 346, "Plan Width": 17, "Actual Min Startup Time": 271.93, "Actual Max Startup Time": 271.93, "Actual Min Total Time": 273.234, "Actual Max Total Time": 273.234, "Plans": [{"Node Type": "Nested Loop", "Parent Relationship": "Outer", "Join Type": "Inner", "Startup Cost": 0.0, "Total Cost": 72322.56, "Plan Rows": 346, "Plan Width": 17, "Actual Min Startup Time": 80.747, "Actual Max Startup Time": 80.747, "Actual Min Total Time": 268.97, "Actual Max Total Time": 268.97, "Inner Unique": false, "Plans": [{"Node Type": "Nested Loop", "Parent Relationship": "Outer", "Join Type": "Inner", "Startup Cost": 0.0, "Total Cost": 72225.77, "Plan Rows": 294, "Plan Width": 4, "Actual Min Startup Time": 80.727, "Actual Max Startup Time": 80.727, "Actual Min Total Time": 231.531, "Actual Max Total Time": 231.531, "Inner Unique": false, "Plans": [{"Node Type": "Streaming(type: LOCAL GATHER dop: 1/64)", "Parent Relationship": "Outer", "Startup Cost": 0.0, "Total Cost": 64783.4, "Plan Rows": 173, "Plan Width": 4, "Actual Min Startup Time": 80.526, "Actual Max Startup Time": 80.526, "Actual Min Total Time": 99.298, "Actual Max Total Time": 99.298, "Plans": [{"Node Type": "Seq Scan", "Parent Relationship": "Outer", "Relation Name": "name", "Alias": "n", "Startup Cost": 0.0, "Total Cost": 64779.83, "Plan Rows": 173, "Plan Width": 4, "Actual Min Startup Time": 0.029, "Actual Max Startup Time": 0.86, "Actual Min Total Time": 25.533, "Actual Max Total Time": 29.548, "Filter": "(((name)::text ~~ '%Tim%'::text) AND ((gender)::text = 'm'::text))", "Rows Removed by Filter": 4158428, "Actual Rows": 9062}], "Actual Rows": 9062}, {"Node Type": "Index Scan", "Parent Relationship": "Inner", "Scan Direction": "Forward", "Index Name": "person_id_cast_info", "Relation Name": "cast_info", "Alias": "ci", "Startup Cost": 0.0, "Total Cost": 43.0, "Plan Rows": 2, "Plan Width": 8, "Actual Min Startup Time": 106.638, "Actual Max Startup Time": 106.638, "Actual Min Total Time": 126.058, "Actual Max Total Time": 126.058, "Index Cond": "(person_id = n.id)", "Rows Removed by Index Recheck": 0, "Filter": "((note)::text = ANY ('{(producer),\"(executive producer)\"}'::text[]))", "Rows Removed by Filter": 89309, "Actual Rows": 6719}], "Actual Rows": 6719}, {"Node Type": "Index Scan", "Parent Relationship": "Inner", "Scan Direction": "Forward", "Index Name": "movie_id_movie_info_idx", "Relation Name": "movie_info_idx", "Alias": "mi_idx", "Startup Cost": 0.0, "Total Cost": 0.31, "Plan Rows": 2, "Plan Width": 13, "Actual Min Startup Time": 27.643, "Actual Max Startup Time": 27.643, "Actual Min Total Time": 31.799, "Actual Max Total Time": 31.799, "Index Cond": "(movie_id = ci.movie_id)", "Rows Removed by Index Recheck": 0, "Actual Rows": 10310}], "Actual Rows": 10310}], "Actual Rows": 10311}], "Actual Rows": 3435}, {"Node Type": "Index Scan", "Parent Relationship": "Inner", "Scan Direction": "Forward", "Index Name": "movie_id_movie_info", "Relation Name": "movie_info", "Alias": "mi", "Startup Cost": 0.0, "Total Cost": 0.7, "Plan Rows": 5, "Plan Width": 50, "Actual Min Startup Time": 21.896, "Actual Max Startup Time": 21.896, "Actual Min Total Time": 88.143, "Actual Max Total Time": 88.143, "Index Cond": "(movie_id = ci.movie_id)", "Rows Removed by Index Recheck": 0, "Actual Rows": 82408}], "Actual Rows": 82408}], "Actual Rows": 410}, {"Node Type": "Index Scan", "Parent Relationship": "Inner", "Scan Direction": "Forward", "Index Name": "title_pkey", "Relation Name": "title", "Alias": "t", "Startup Cost": 0.0, "Total Cost": 0.28, "Plan Rows": 1, "Plan Width": 21, "Actual Min Startup Time": 3.263, "Actual Max Startup Time": 3.263, "Actual Min Total Time": 3.263, "Actual Max Total Time": 3.263, "Index Cond": "(id = mi.movie_id)", "Rows Removed by Index Recheck": 0, "Actual Rows": 410}], "Actual Rows": 410}], "Actual Rows": 1}, "Triggers": [], "Planner Runtime": 8.192, "Total Runtime": 425.547, "Unique SQL Id": 4264520866}}, "(64, '125')": {"explain_plan": {"Plan": {"Node Type": "Aggregate", "Strategy": "Plain", "Startup Cost": 204687.88, "Total Cost": 204687.89, "Plan Rows": 1, "Plan Width": 160, "Plans": [{"Node Type": "Nested Loop", "Parent Relationship": "Outer", "Join Type": "Inner", "Startup Cost": 0.0, "Total Cost": 204687.82, "Plan Rows": 8, "Plan Width": 64, "Inner Unique": true, "Plans": [{"Node Type": "Nested Loop", "Parent Relationship": "Outer", "Join Type": "Inner", "Startup Cost": 0.0, "Total Cost": 204685.19, "Plan Rows": 9, "Plan Width": 59, "Inner Unique": false, "Join Filter": "(mi.info_type_id = it1.id)", "Plans": [{"Node Type": "Index Scan", "Parent Relationship": "Outer", "Scan Direction": "Forward", "Index Name": "info_type_pkey", "Relation Name": "info_type", "Alias": "it1", "Startup Cost": 0.0, "Total Cost": 14.21, "Plan Rows": 1, "Plan Width": 4, "Filter": "((info)::text = 'budget'::text)"}, {"Node Type": "Nested Loop", "Parent Relationship": "Inner", "Join Type": "Inner", "Startup Cost": 0.0, "Total Cost": 204667.49, "Plan Rows": 279, "Plan Width": 63, "Inner Unique": false, "Join Filter": "(mi_idx.movie_id = mi.movie_id)", "Plans": [{"Node Type": "Nested Loop", "Parent Relationship": "Outer", "Join Type": "Inner", "Startup Cost": 0.0, "Total Cost": 204627.89, "Plan Rows": 52, "Plan Width": 13, "Inner Unique": false, "Join Filter": "(mi_idx.info_type_id = it2.id)", "Plans": [{"Node Type": "Index Scan", "Parent Relationship": "Outer", "Scan Direction": "Forward", "Index Name": "info_type_pkey", "Relation Name": "info_type", "Alias": "it2", "Startup Cost": 0.0, "Total Cost": 14.21, "Plan Rows": 1, "Plan Width": 4, "Filter": "((info)::text = 'votes'::text)"}, {"Node Type": "Nested Loop", "Parent Relationship": "Inner", "Join Type": "Inner", "Startup Cost": 0.0, "Total Cost": 204609.36, "Plan Rows": 346, "Plan Width": 17, "Inner Unique": false, "Plans": [{"Node Type": "Nested Loop", "Parent Relationship": "Outer", "Join Type": "Inner", "Startup Cost": 0.0, "Total Cost": 204512.56, "Plan Rows": 294, "Plan Width": 4, "Inner Unique": false, "Plans": [{"Node Type": "Index Scan", "Parent Relationship": "Outer", "Scan Direction": "Forward", "Index Name": "name_pkey", "Relation Name": "name", "Alias": "n", "Startup Cost": 0.0, "Total Cost": 197070.2, "Plan Rows": 173, "Plan Width": 4, "Filter": "(((name)::text ~~ '%Tim%'::text) AND ((gender)::text = 'm'::text))"}, {"Node Type": "Index Scan", "Parent Relationship": "Inner", "Scan Direction": "Forward", "Index Name": "person_id_cast_info", "Relation Name": "cast_info", "Alias": "ci", "Startup Cost": 0.0, "Total Cost": 43.0, "Plan Rows": 2, "Plan Width": 8, "Index Cond": "(person_id = n.id)", "Filter": "((note)::text = ANY ('{(producer),\"(executive producer)\"}'::text[]))"}]}, {"Node Type": "Index Scan", "Parent Relationship": "Inner", "Scan Direction": "Forward", "Index Name": "movie_id_movie_info_idx", "Relation Name": "movie_info_idx", "Alias": "mi_idx", "Startup Cost": 0.0, "Total Cost": 0.31, "Plan Rows": 2, "Plan Width": 13, "Index Cond": "(movie_id = ci.movie_id)"}]}]}, {"Node Type": "Index Scan", "Parent Relationship": "Inner", "Scan Direction": "Forward", "Index Name": "movie_id_movie_info", "Relation Name": "movie_info", "Alias": "mi", "Startup Cost": 0.0, "Total Cost": 0.7, "Plan Rows": 5, "Plan Width": 50, "Index Cond": "(movie_id = ci.movie_id)"}]}]}, {"Node Type": "Index Scan", "Parent Relationship": "Inner", "Scan Direction": "Forward", "Index Name": "title_pkey", "Relation Name": "title", "Alias": "t", "Startup Cost": 0.0, "Total Cost": 0.28, "Plan Rows": 1, "Plan Width": 21, "Index Cond": "(id = mi.movie_id)"}]}]}, "Unique SQL Id": 4264520866, "Planner Runtime": 6}, "explain_analyze_plan": null}, "(64, '126')": {"explain_plan": {"Plan": {"Node Type": "Aggregate", "Strategy": "Plain", "Startup Cost": 871810.55, "Total Cost": 871810.56, "Plan Rows": 1, "Plan Width": 160, "Plans": [{"Node Type": "Nested Loop", "Parent Relationship": "Outer", "Join Type": "Inner", "Startup Cost": 0.0, "Total Cost": 871810.49, "Plan Rows": 8, "Plan Width": 64, "Inner Unique": false, "Join Filter": "(mi_idx.movie_id = t.id)", "Plans": [{"Node Type": "Nested Loop", "Parent Relationship": "Outer", "Join Type": "Inner", "Startup Cost": 0.0, "Total Cost": 37527.17, "Plan Rows": 345008, "Plan Width": 9, "Inner Unique": false, "Join Filter": "(it2.id = mi_idx.info_type_id), (LLVM Optimized)", "Plans": [{"Node Type": "Seq Scan", "Parent Relationship": "Outer", "Relation Name": "info_type", "Alias": "it2", "Startup Cost": 0.0, "Total Cost": 2.4, "Plan Rows": 1, "Plan Width": 4, "Filter": "((info)::text = 'votes'::text)"}, {"Node Type": "Seq Scan", "Parent Relationship": "Inner", "Relation Name": "movie_info_idx", "Alias": "mi_idx", "Startup Cost": 0.0, "Total Cost": 20274.34, "Plan Rows": 1380034, "Plan Width": 13}]}, {"Node Type": "Materialize", "Parent Relationship": "Inner", "Startup Cost": 0.0, "Total Cost": 730780.98, "Plan Rows": 20, "Plan Width": 71, "Plans": [{"Node Type": "Streaming(type: LOCAL GATHER dop: 1/64)", "Parent Relationship": "Outer", "Startup Cost": 0.0, "Total Cost": 730780.88, "Plan Rows": 20, "Plan Width": 71, "Plans": [{"Node Type": "Nested Loop", "Parent Relationship": "Outer", "Join Type": "Inner", "Startup Cost": 0.0, "Total Cost": 730780.46, "Plan Rows": 20, "Plan Width": 71, "Inner Unique": false, "Join Filter": "(mi.movie_id = t.id)", "Plans": [{"Node Type": "Streaming(type: LOCAL ROUNDROBIN dop: 64/1)", "Parent Relationship": "Outer", "Startup Cost": 0.0, "Total Cost": 175227.87, "Plan Rows": 2528311, "Plan Width": 21, "Plans": [{"Node Type": "Seq Scan", "Parent Relationship": "Outer", "Relation Name": "title", "Alias": "t", "Startup Cost": 0.0, "Total Cost": 60069.11, "Plan Rows": 2528311, "Plan Width": 21}]}, {"Node Type": "Materialize", "Parent Relationship": "Inner", "Startup Cost": 0.0, "Total Cost": 542516.05, "Plan Rows": 1408, "Plan Width": 50, "Plans": [{"Node Type": "Streaming(type: BROADCAST dop: 64/64)", "Parent Relationship": "Outer", "Startup Cost": 0.0, "Total Cost": 542515.94, "Plan Rows": 1408, "Plan Width": 50, "Plans": [{"Node Type": "Nested Loop", "Parent Relationship": "Outer", "Join Type": "Inner", "Startup Cost": 0.0, "Total Cost": 479515.04, "Plan Rows": 22, "Plan Width": 50, "Inner Unique": false, "Join Filter": "(ci.movie_id = mi.movie_id)", "Plans": [{"Node Type": "Nested Loop", "Parent Relationship": "Outer", "Join Type": "Inner", "Startup Cost": 0.0, "Total Cost": 133548.44, "Plan Rows": 212428, "Plan Width": 46, "Inner Unique": false, "Join Filter": "(it1.id = mi.info_type_id), (LLVM Optimized)", "Plans": [{"Node Type": "Streaming(type: BROADCAST dop: 64/1)", "Parent Relationship": "Outer", "Startup Cost": 0.0, "Total Cost": 63003.72, "Plan Rows": 64, "Plan Width": 4, "Plans": [{"Node Type": "Seq Scan", "Parent Relationship": "Outer", "Relation Name": "info_type", "Alias": "it1", "Startup Cost": 0.0, "Total Cost": 2.4, "Plan Rows": 1, "Plan Width": 4, "Filter": "((info)::text = 'budget'::text)"}]}, {"Node Type": "Seq Scan", "Parent Relationship": "Inner", "Relation Name": "movie_info", "Alias": "mi", "Startup Cost": 0.0, "Total Cost": 67640.43, "Plan Rows": 14869966, "Plan Width": 50}]}, {"Node Type": "Materialize", "Parent Relationship": "Inner", "Startup Cost": 0.0, "Total Cost": 331329.72, "Plan Rows": 18816, "Plan Width": 4, "Plans": [{"Node Type": "Streaming(type: BROADCAST dop: 64/64)", "Parent Relationship": "Outer", "Startup Cost": 0.0, "Total Cost": 331328.25, "Plan Rows": 18816, "Plan Width": 4, "Plans": [{"Node Type": "Nested Loop", "Parent Relationship": "Outer", "Join Type": "Inner", "Startup Cost": 0.0, "Total Cost": 268316.3, "Plan Rows": 294, "Plan Width": 4, "Inner Unique": true, "Join Filter": "(ci.person_id = n.id)", "Plans": [{"Node Type": "Streaming(type: LOCAL REDISTRIBUTE dop: 64/64)", "Parent Relationship": "Outer", "Startup Cost": 0.0, "Total Cost": 139047.2, "Plan Rows": 2350421, "Plan Width": 8, "Plans": [{"Node Type": "Seq Scan", "Parent Relationship": "Outer", "Relation Name": "cast_info", "Alias": "ci", "Startup Cost": 0.0, "Total Cost": 73820.73, "Plan Rows": 2350421, "Plan Width": 8, "Filter": "((note)::text = ANY ('{(producer),\"(executive producer)\"}'::text[]))"}]}, {"Node Type": "Materialize", "Parent Relationship": "Inner", "Startup Cost": 0.0, "Total Cost": 127780.01, "Plan Rows": 173, "Plan Width": 4, "Plans": [{"Node Type": "Streaming(type: LOCAL REDISTRIBUTE dop: 64/64)", "Parent Relationship": "Outer", "Startup Cost": 0.0, "Total Cost": 127780.0, "Plan Rows": 173, "Plan Width": 4, "Plans": [{"Node Type": "Seq Scan", "Parent Relationship": "Outer", "Relation Name": "name", "Alias": "n", "Startup Cost": 0.0, "Total Cost": 64779.83, "Plan Rows": 173, "Plan Width": 4, "Filter": "(((name)::text ~~ '%Tim%'::text) AND ((gender)::text = 'm'::text))"}]}]}]}]}]}]}]}]}]}]}]}]}]}, "Unique SQL Id": 4264520866, "Planner Runtime": 11}, "explain_analyze_plan": null}, "(64, '127')": {"explain_plan": {"Plan": {"Node Type": "Aggregate", "Strategy": "Plain", "Startup Cost": 7000361921196.91, "Total Cost": 7000361921196.92, "Plan Rows": 1, "Plan Width": 160, "Plans": [{"Node Type": "Nested Loop", "Parent Relationship": "Outer", "Join Type": "Inner", "Startup Cost": 70000000000.0, "Total Cost": 7000361921196.85, "Plan Rows": 8, "Plan Width": 64, "Inner Unique": false, "Join Filter": "(mi.movie_id = t.id)", "Plans": [{"Node Type": "Index Scan", "Parent Relationship": "Outer", "Scan Direction": "Forward", "Index Name": "title_pkey", "Relation Name": "title", "Alias": "t", "Startup Cost": 10000000000.0, "Total Cost": 1000011012048.91, "Plan Rows": 2528311, "Plan Width": 21}, {"Node Type": "Materialize", "Parent Relationship": "Inner", "Startup Cost": 60000000000.0, "Total Cost": 6000350567825.98, "Plan Rows": 9, "Plan Width": 59, "Plans": [{"Node Type": "Nested Loop", "Parent Relationship": "Outer", "Join Type": "Inner", "Startup Cost": 60000000000.0, "Total Cost": 6000350567825.93, "Plan Rows": 9, "Plan Width": 59, "Inner Unique": false, "Join Filter": "(mi_idx.movie_id = mi.movie_id)", "Plans": [{"Node Type": "Nested Loop", "Parent Relationship": "Outer", "Join Type": "Inner", "Startup Cost": 20000000000.0, "Total Cost": 2000004672156.88, "Plan Rows": 345008, "Plan Width": 9, "Inner Unique": true, "Join Filter": "(it2.id = mi_idx.info_type_id), (LLVM Optimized)", "Plans": [{"Node Type": "Index Scan", "Parent Relationship": "Outer", "Scan Direction": "Forward", "Index Name": "movie_id_movie_info_idx", "Relation Name": "movie_info_idx", "Alias": "mi_idx", "Startup Cost": 10000000000.0, "Total Cost": 1000004650035.37, "Plan Rows": 1380034, "Plan Width": 13}, {"Node Type": "Materialize", "Parent Relationship": "Inner", "Startup Cost": 10000000000.0, "Total Cost": 1000000001421.0, "Plan Rows": 1, "Plan Width": 4, "Plans": [{"Node Type": "Index Scan", "Parent Relationship": "Outer", "Scan Direction": "Forward", "Index Name": "info_type_pkey", "Relation Name": "info_type", "Alias": "it2", "Startup Cost": 10000000000.0, "Total Cost": 1000000001421.0, "Plan Rows": 1, "Plan Width": 4, "Filter": "((info)::text = 'votes'::text)"}]}]}, {"Node Type": "Materialize", "Parent Relationship": "Inner", "Startup Cost": 40000000000.0, "Total Cost": 4000345781816.47, "Plan Rows": 22, "Plan Width": 50, "Plans": [{"Node Type": "Nested Loop", "Parent Relationship": "Outer", "Join Type": "Inner", "Startup Cost": 40000000000.0, "Total Cost": 4000345781816.36, "Plan Rows": 22, "Plan Width": 50, "Inner Unique": false, "Join Filter": "(ci.movie_id = mi.movie_id)", "Plans": [{"Node Type": "Nested Loop", "Parent Relationship": "Outer", "Join Type": "Inner", "Startup Cost": 20000000000.0, "Total Cost": 2000104041382.71, "Plan Rows": 212428, "Plan Width": 46, "Inner Unique": true, "Join Filter": "(it1.id = mi.info_type_id), (LLVM Optimized)", "Plans": [{"Node Type": "Index Scan", "Parent Relationship": "Outer", "Scan Direction": "Forward", "Index Name": "movie_id_movie_info", "Relation Name": "movie_info", "Alias": "mi", "Startup Cost": 10000000000.0, "Total Cost": 1000103816912.22, "Plan Rows": 14869966, "Plan Width": 50}, {"Node Type": "Materialize", "Parent Relationship": "Inner", "Startup Cost": 10000000000.0, "Total Cost": 1000000001421.0, "Plan Rows": 1, "Plan Width": 4, "Plans": [{"Node Type": "Index Scan", "Parent Relationship": "Outer", "Scan Direction": "Forward", "Index Name": "info_type_pkey", "Relation Name": "info_type", "Alias": "it1", "Startup Cost": 10000000000.0, "Total Cost": 1000000001421.0, "Plan Rows": 1, "Plan Width": 4, "Filter": "((info)::text = 'budget'::text)"}]}]}, {"Node Type": "Materialize", "Parent Relationship": "Inner", "Startup Cost": 20000000000.0, "Total Cost": 2000240803626.91, "Plan Rows": 294, "Plan Width": 4, "Plans": [{"Node Type": "Nested Loop", "Parent Relationship": "Outer", "Join Type": "Inner", "Startup Cost": 20000000000.0, "Total Cost": 2000240803625.44, "Plan Rows": 294, "Plan Width": 4, "Inner Unique": true, "Join Filter": "(ci.person_id = n.id)", "Plans": [{"Node Type": "Index Scan", "Parent Relationship": "Outer", "Scan Direction": "Forward", "Index Name": "movie_id_cast_info", "Relation Name": "cast_info", "Alias": "ci", "Startup Cost": 10000000000.0, "Total Cost": 1000214997262.8, "Plan Rows": 2350421, "Plan Width": 8, "Filter": "((note)::text = ANY ('{(producer),\"(executive producer)\"}'::text[]))"}, {"Node Type": "Materialize", "Parent Relationship": "Inner", "Startup Cost": 10000000000.0, "Total Cost": 1000019707020.57, "Plan Rows": 173, "Plan Width": 4, "Plans": [{"Node Type": "Index Scan", "Parent Relationship": "Outer", "Scan Direction": "Forward", "Index Name": "name_pkey", "Relation Name": "name", "Alias": "n", "Startup Cost": 10000000000.0, "Total Cost": 1000019707019.7, "Plan Rows": 173, "Plan Width": 4, "Filter": "(((name)::text ~~ '%Tim%'::text) AND ((gender)::text = 'm'::text))"}]}]}]}]}]}]}]}]}]}, "Unique SQL Id": 4264520866, "Planner Runtime": 6}, "explain_analyze_plan": null}}