{"(1, 0)": {"explain_plan": {"Plan": {"Node Type": "Aggregate", "Strategy": "Plain", "Startup Cost": 3260.82, "Total Cost": 3260.83, "Plan Rows": 1, "Plan Width": 142, "Plans": [{"Node Type": "Nested Loop", "Parent Relationship": "Outer", "Join Type": "Inner", "Startup Cost": 5.89, "Total Cost": 3259.66, "Plan Rows": 154, "Plan Width": 46, "Inner Unique": true, "Plans": [{"Node Type": "Hash Join", "Parent Relationship": "Outer", "Join Type": "Inner", "Startup Cost": 5.89, "Total Cost": 2596.09, "Plan Rows": 154, "Plan Width": 33, "Inner Unique": true, "Hash Cond": "(ml.link_type_id = lt.id)", "Plans": [{"Node Type": "Nested Loop", "Parent Relationship": "Outer", "Join Type": "Inner", "Startup Cost": 4.51, "Total Cost": 2592.76, "Plan Rows": 154, "Plan Width": 25, "Inner Unique": false, "Plans": [{"Node Type": "Nested Loop", "Parent Relationship": "Outer", "Join Type": "Inner", "Startup Cost": 4.51, "Total Cost": 2579.55, "Plan Rows": 33, "Plan Width": 25, "Inner Unique": true, "Plans": [{"Node Type": "Nested Loop", "Parent Relationship": "Outer", "Join Type": "Inner", "Startup Cost": 4.51, "Total Cost": 2569.02, "Plan Rows": 33, "Plan Width": 4, "Inner Unique": false, "Plans": [{"Node Type": "Seq Scan", "Parent Relationship": "Outer", "Relation Name": "keyword", "Alias": "k", "Startup Cost": 0.0, "Total Cost": 2436.11, "Plan Rows": 1, "Plan Width": 4, "Filter": "((keyword)::text = '10,000-mile-club'::text)"}, {"Node Type": "Bitmap Heap Scan", "Parent Relationship": "Inner", "Relation Name": "movie_keyword", "Alias": "mk", "Startup Cost": 4.51, "Total Cost": 132.58, "Plan Rows": 33, "Plan Width": 8, "Recheck Cond": "(keyword_id = k.id)", "Plans": [{"Node Type": "Bitmap Index Scan", "Parent Relationship": "Outer", "Index Name": "keyword_id_movie_keyword", "Startup Cost": 0.0, "Total Cost": 4.5, "Plan Rows": 33, "Plan Width": 0, "Index Cond": "(keyword_id = k.id)"}]}]}, {"Node Type": "Index Scan", "Parent Relationship": "Inner", "Scan Direction": "Forward", "Index Name": "title_pkey", "Relation Name": "title", "Alias": "t1", "Startup Cost": 0.0, "Total Cost": 0.31, "Plan Rows": 1, "Plan Width": 21, "Index Cond": "(id = mk.movie_id)"}]}, {"Node Type": "Index Scan", "Parent Relationship": "Inner", "Scan Direction": "Forward", "Index Name": "movie_id_movie_link", "Relation Name": "movie_link", "Alias": "ml", "Startup Cost": 0.0, "Total Cost": 0.35, "Plan Rows": 5, "Plan Width": 12, "Index Cond": "(movie_id = t1.id)"}]}, {"Node Type": "Hash", "Parent Relationship": "Inner", "Startup Cost": 1.17, "Total Cost": 1.17, "Plan Rows": 17, "Plan Width": 16, "Plans": [{"Node Type": "Seq Scan", "Parent Relationship": "Outer", "Relation Name": "link_type", "Alias": "lt", "Startup Cost": 0.0, "Total Cost": 1.17, "Plan Rows": 17, "Plan Width": 16}]}]}, {"Node Type": "Index Scan", "Parent Relationship": "Inner", "Scan Direction": "Forward", "Index Name": "title_pkey", "Relation Name": "title", "Alias": "t2", "Startup Cost": 0.0, "Total Cost": 4.3, "Plan Rows": 1, "Plan Width": 21, "Index Cond": "(id = ml.linked_movie_id)"}]}]}, "Unique SQL Id": 524435555, "Planner Runtime": 12}, "explain_analyze_plan": {"Plan": {"Node Type": "Aggregate", "Strategy": "Plain", "Startup Cost": 3260.82, "Total Cost": 3260.83, "Plan Rows": 1, "Plan Width": 142, "Actual Startup Time": 41.918, "Actual Total Time": 41.918, "Actual Rows": 1, "Actual Loops": 1, "Plans": [{"Node Type": "Nested Loop", "Parent Relationship": "Outer", "Join Type": "Inner", "Startup Cost": 5.89, "Total Cost": 3259.66, "Plan Rows": 154, "Plan Width": 46, "Actual Startup Time": 41.91, "Actual Total Time": 41.91, "Actual Rows": 0, "Actual Loops": 1, "Inner Unique": true, "Plans": [{"Node Type": "Hash Join", "Parent Relationship": "Outer", "Join Type": "Inner", "Startup Cost": 5.89, "Total Cost": 2596.09, "Plan Rows": 154, "Plan Width": 33, "Actual Startup Time": 41.883, "Actual Total Time": 41.883, "Actual Rows": 0, "Actual Loops": 1, "Inner Unique": true, "Hash Cond": "(ml.link_type_id = lt.id)", "Plans": [{"Node Type": "Nested Loop", "Parent Relationship": "Outer", "Join Type": "Inner", "Startup Cost": 4.51, "Total Cost": 2592.76, "Plan Rows": 154, "Plan Width": 25, "Actual Startup Time": 41.806, "Actual Total Time": 41.806, "Actual Rows": 0, "Actual Loops": 1, "Inner Unique": false, "Plans": [{"Node Type": "Nested Loop", "Parent Relationship": "Outer", "Join Type": "Inner", "Startup Cost": 4.51, "Total Cost": 2579.55, "Plan Rows": 33, "Plan Width": 25, "Actual Startup Time": 40.914, "Actual Total Time": 41.8, "Actual Rows": 1, "Actual Loops": 1, "Inner Unique": true, "Plans": [{"Node Type": "Nested Loop", "Parent Relationship": "Outer", "Join Type": "Inner", "Startup Cost": 4.51, "Total Cost": 2569.02, "Plan Rows": 33, "Plan Width": 4, "Actual Startup Time": 40.9, "Actual Total Time": 41.786, "Actual Rows": 1, "Actual Loops": 1, "Inner Unique": false, "Plans": [{"Node Type": "Seq Scan", "Parent Relationship": "Outer", "Relation Name": "keyword", "Alias": "k", "Startup Cost": 0.0, "Total Cost": 2436.11, "Plan Rows": 1, "Plan Width": 4, "Actual Startup Time": 40.866, "Actual Total Time": 41.751, "Actual Rows": 1, "Actual Loops": 1, "Filter": "((keyword)::text = '10,000-mile-club'::text)", "Rows Removed by Filter": 134168}, {"Node Type": "Bitmap Heap Scan", "Parent Relationship": "Inner", "Relation Name": "movie_keyword", "Alias": "mk", "Startup Cost": 4.51, "Total Cost": 132.58, "Plan Rows": 33, "Plan Width": 8, "Actual Startup Time": 0.027, "Actual Total Time": 0.028, "Actual Rows": 1, "Actual Loops": 1, "Recheck Cond": "(keyword_id = k.id)", "Rows Removed by Index Recheck": 0, "Exact Heap Blocks": 1, "Lossy Heap Blocks": 1, "Plans": [{"Node Type": "Bitmap Index Scan", "Parent Relationship": "Outer", "Index Name": "keyword_id_movie_keyword", "Startup Cost": 0.0, "Total Cost": 4.5, "Plan Rows": 33, "Plan Width": 0, "Actual Startup Time": 0.016, "Actual Total Time": 0.016, "Actual Rows": 1, "Actual Loops": 1, "Index Cond": "(keyword_id = k.id)"}]}]}, {"Node Type": "Index Scan", "Parent Relationship": "Inner", "Scan Direction": "Forward", "Index Name": "title_pkey", "Relation Name": "title", "Alias": "t1", "Startup Cost": 0.0, "Total Cost": 0.31, "Plan Rows": 1, "Plan Width": 21, "Actual Startup Time": 0.012, "Actual Total Time": 0.012, "Actual Rows": 1, "Actual Loops": 1, "Index Cond": "(id = mk.movie_id)", "Rows Removed by Index Recheck": 0}]}, {"Node Type": "Index Scan", "Parent Relationship": "Inner", "Scan Direction": "Forward", "Index Name": "movie_id_movie_link", "Relation Name": "movie_link", "Alias": "ml", "Startup Cost": 0.0, "Total Cost": 0.35, "Plan Rows": 5, "Plan Width": 12, "Actual Startup Time": 0.003, "Actual Total Time": 0.003, "Actual Rows": 0, "Actual Loops": 1, "Index Cond": "(movie_id = t1.id)", "Rows Removed by Index Recheck": 0}]}, {"Node Type": "Hash", "Parent Relationship": "Inner", "Startup Cost": 1.17, "Total Cost": 1.17, "Plan Rows": 17, "Plan Width": 16, "Actual Startup Time": 0.037, "Actual Total Time": 0.037, "Actual Rows": 17, "Actual Loops": 1, "Hash Buckets": 32768, "Hash Batches": 1, "Original Hash Batches": 1, "Peak Memory Usage": 1, "Plans": [{"Node Type": "Seq Scan", "Parent Relationship": "Outer", "Relation Name": "link_type", "Alias": "lt", "Startup Cost": 0.0, "Total Cost": 1.17, "Plan Rows": 17, "Plan Width": 16, "Actual Startup Time": 0.017, "Actual Total Time": 0.023, "Actual Rows": 17, "Actual Loops": 1}]}]}, {"Node Type": "Index Scan", "Parent Relationship": "Inner", "Scan Direction": "Forward", "Index Name": "title_pkey", "Relation Name": "title", "Alias": "t2", "Startup Cost": 0.0, "Total Cost": 4.3, "Plan Rows": 1, "Plan Width": 21, "Actual Startup Time": 0.0, "Actual Total Time": 0.0, "Index Cond": "(id = ml.linked_movie_id)", "Rows Removed by Index Recheck": 0}]}]}, "Triggers": [], "Planner Runtime": 5, "Total Runtime": 42.159, "Unique SQL Id": 524435555}}, "(1, 1)": {"explain_plan": {"Plan": {"Node Type": "Aggregate", "Strategy": "Plain", "Startup Cost": 4047.28, "Total Cost": 4047.29, "Plan Rows": 1, "Plan Width": 142, "Plans": [{"Node Type": "Nested Loop", "Parent Relationship": "Outer", "Join Type": "Inner", "Startup Cost": 4.51, "Total Cost": 4046.12, "Plan Rows": 154, "Plan Width": 46, "Inner Unique": true, "Plans": [{"Node Type": "Nested Loop", "Parent Relationship": "Outer", "Join Type": "Inner", "Startup Cost": 4.51, "Total Cost": 3382.55, "Plan Rows": 154, "Plan Width": 33, "Inner Unique": true, "Plans": [{"Node Type": "Nested Loop", "Parent Relationship": "Outer", "Join Type": "Inner", "Startup Cost": 4.51, "Total Cost": 3339.37, "Plan Rows": 154, "Plan Width": 25, "Inner Unique": false, "Plans": [{"Node Type": "Nested Loop", "Parent Relationship": "Outer", "Join Type": "Inner", "Startup Cost": 4.51, "Total Cost": 3326.15, "Plan Rows": 33, "Plan Width": 25, "Inner Unique": true, "Plans": [{"Node Type": "Nested Loop", "Parent Relationship": "Outer", "Join Type": "Inner", "Startup Cost": 4.51, "Total Cost": 3315.63, "Plan Rows": 33, "Plan Width": 4, "Inner Unique": false, "Plans": [{"Node Type": "Index Scan", "Parent Relationship": "Outer", "Scan Direction": "Forward", "Index Name": "keyword_pkey", "Relation Name": "keyword", "Alias": "k", "Startup Cost": 0.0, "Total Cost": 3182.72, "Plan Rows": 1, "Plan Width": 4, "Filter": "((keyword)::text = '10,000-mile-club'::text)"}, {"Node Type": "Bitmap Heap Scan", "Parent Relationship": "Inner", "Relation Name": "movie_keyword", "Alias": "mk", "Startup Cost": 4.51, "Total Cost": 132.58, "Plan Rows": 33, "Plan Width": 8, "Recheck Cond": "(keyword_id = k.id)", "Plans": [{"Node Type": "Bitmap Index Scan", "Parent Relationship": "Outer", "Index Name": "keyword_id_movie_keyword", "Startup Cost": 0.0, "Total Cost": 4.5, "Plan Rows": 33, "Plan Width": 0, "Index Cond": "(keyword_id = k.id)"}]}]}, {"Node Type": "Index Scan", "Parent Relationship": "Inner", "Scan Direction": "Forward", "Index Name": "title_pkey", "Relation Name": "title", "Alias": "t1", "Startup Cost": 0.0, "Total Cost": 0.31, "Plan Rows": 1, "Plan Width": 21, "Index Cond": "(id = mk.movie_id)"}]}, {"Node Type": "Index Scan", "Parent Relationship": "Inner", "Scan Direction": "Forward", "Index Name": "movie_id_movie_link", "Relation Name": "movie_link", "Alias": "ml", "Startup Cost": 0.0, "Total Cost": 0.35, "Plan Rows": 5, "Plan Width": 12, "Index Cond": "(movie_id = t1.id)"}]}, {"Node Type": "Index Scan", "Parent Relationship": "Inner", "Scan Direction": "Forward", "Index Name": "link_type_pkey", "Relation Name": "link_type", "Alias": "lt", "Startup Cost": 0.0, "Total Cost": 0.27, "Plan Rows": 1, "Plan Width": 16, "Index Cond": "(id = ml.link_type_id)"}]}, {"Node Type": "Index Scan", "Parent Relationship": "Inner", "Scan Direction": "Forward", "Index Name": "title_pkey", "Relation Name": "title", "Alias": "t2", "Startup Cost": 0.0, "Total Cost": 4.3, "Plan Rows": 1, "Plan Width": 21, "Index Cond": "(id = ml.linked_movie_id)"}]}]}, "Unique SQL Id": 524435555, "Planner Runtime": 12}, "explain_analyze_plan": {"Plan": {"Node Type": "Aggregate", "Strategy": "Plain", "Startup Cost": 4047.28, "Total Cost": 4047.29, "Plan Rows": 1, "Plan Width": 142, "Actual Startup Time": 119.675, "Actual Total Time": 119.675, "Actual Rows": 1, "Actual Loops": 1, "Plans": [{"Node Type": "Nested Loop", "Parent Relationship": "Outer", "Join Type": "Inner", "Startup Cost": 4.51, "Total Cost": 4046.12, "Plan Rows": 154, "Plan Width": 46, "Actual Startup Time": 119.669, "Actual Total Time": 119.669, "Actual Rows": 0, "Actual Loops": 1, "Inner Unique": true, "Plans": [{"Node Type": "Nested Loop", "Parent Relationship": "Outer", "Join Type": "Inner", "Startup Cost": 4.51, "Total Cost": 3382.55, "Plan Rows": 154, "Plan Width": 33, "Actual Startup Time": 119.668, "Actual Total Time": 119.668, "Actual Rows": 0, "Actual Loops": 1, "Inner Unique": true, "Plans": [{"Node Type": "Nested Loop", "Parent Relationship": "Outer", "Join Type": "Inner", "Startup Cost": 4.51, "Total Cost": 3339.37, "Plan Rows": 154, "Plan Width": 25, "Actual Startup Time": 119.668, "Actual Total Time": 119.668, "Actual Rows": 0, "Actual Loops": 1, "Inner Unique": false, "Plans": [{"Node Type": "Nested Loop", "Parent Relationship": "Outer", "Join Type": "Inner", "Startup Cost": 4.51, "Total Cost": 3326.15, "Plan Rows": 33, "Plan Width": 25, "Actual Startup Time": 117.759, "Actual Total Time": 119.662, "Actual Rows": 1, "Actual Loops": 1, "Inner Unique": true, "Plans": [{"Node Type": "Nested Loop", "Parent Relationship": "Outer", "Join Type": "Inner", "Startup Cost": 4.51, "Total Cost": 3315.63, "Plan Rows": 33, "Plan Width": 4, "Actual Startup Time": 117.744, "Actual Total Time": 119.646, "Actual Rows": 1, "Actual Loops": 1, "Inner Unique": false, "Plans": [{"Node Type": "Index Scan", "Parent Relationship": "Outer", "Scan Direction": "Forward", "Index Name": "keyword_pkey", "Relation Name": "keyword", "Alias": "k", "Startup Cost": 0.0, "Total Cost": 3182.72, "Plan Rows": 1, "Plan Width": 4, "Actual Startup Time": 117.697, "Actual Total Time": 119.597, "Actual Rows": 1, "Actual Loops": 1, "Filter": "((keyword)::text = '10,000-mile-club'::text)", "Rows Removed by Filter": 134168}, {"Node Type": "Bitmap Heap Scan", "Parent Relationship": "Inner", "Relation Name": "movie_keyword", "Alias": "mk", "Startup Cost": 4.51, "Total Cost": 132.58, "Plan Rows": 33, "Plan Width": 8, "Actual Startup Time": 0.032, "Actual Total Time": 0.033, "Actual Rows": 1, "Actual Loops": 1, "Recheck Cond": "(keyword_id = k.id)", "Rows Removed by Index Recheck": 0, "Exact Heap Blocks": 1, "Lossy Heap Blocks": 1, "Plans": [{"Node Type": "Bitmap Index Scan", "Parent Relationship": "Outer", "Index Name": "keyword_id_movie_keyword", "Startup Cost": 0.0, "Total Cost": 4.5, "Plan Rows": 33, "Plan Width": 0, "Actual Startup Time": 0.018, "Actual Total Time": 0.018, "Actual Rows": 1, "Actual Loops": 1, "Index Cond": "(keyword_id = k.id)"}]}]}, {"Node Type": "Index Scan", "Parent Relationship": "Inner", "Scan Direction": "Forward", "Index Name": "title_pkey", "Relation Name": "title", "Alias": "t1", "Startup Cost": 0.0, "Total Cost": 0.31, "Plan Rows": 1, "Plan Width": 21, "Actual Startup Time": 0.011, "Actual Total Time": 0.011, "Actual Rows": 1, "Actual Loops": 1, "Index Cond": "(id = mk.movie_id)", "Rows Removed by Index Recheck": 0}]}, {"Node Type": "Index Scan", "Parent Relationship": "Inner", "Scan Direction": "Forward", "Index Name": "movie_id_movie_link", "Relation Name": "movie_link", "Alias": "ml", "Startup Cost": 0.0, "Total Cost": 0.35, "Plan Rows": 5, "Plan Width": 12, "Actual Startup Time": 0.003, "Actual Total Time": 0.003, "Actual Rows": 0, "Actual Loops": 1, "Index Cond": "(movie_id = t1.id)", "Rows Removed by Index Recheck": 0}]}, {"Node Type": "Index Scan", "Parent Relationship": "Inner", "Scan Direction": "Forward", "Index Name": "link_type_pkey", "Relation Name": "link_type", "Alias": "lt", "Startup Cost": 0.0, "Total Cost": 0.27, "Plan Rows": 1, "Plan Width": 16, "Actual Startup Time": 0.0, "Actual Total Time": 0.0, "Index Cond": "(id = ml.link_type_id)", "Rows Removed by Index Recheck": 0}]}, {"Node Type": "Index Scan", "Parent Relationship": "Inner", "Scan Direction": "Forward", "Index Name": "title_pkey", "Relation Name": "title", "Alias": "t2", "Startup Cost": 0.0, "Total Cost": 4.3, "Plan Rows": 1, "Plan Width": 21, "Actual Startup Time": 0.0, "Actual Total Time": 0.0, "Index Cond": "(id = ml.linked_movie_id)", "Rows Removed by Index Recheck": 0}]}]}, "Triggers": [], "Planner Runtime": 2, "Total Runtime": 119.92, "Unique SQL Id": 524435555}}, "(1, 2)": {"explain_plan": {"Plan": {"Node Type": "Aggregate", "Strategy": "Plain", "Startup Cost": 3709.86, "Total Cost": 3709.87, "Plan Rows": 1, "Plan Width": 142, "Plans": [{"Node Type": "Nested Loop", "Parent Relationship": "Outer", "Join Type": "Inner", "Startup Cost": 7.93, "Total Cost": 3708.7, "Plan Rows": 154, "Plan Width": 46, "Inner Unique": true, "Plans": [{"Node Type": "Hash Join", "Parent Relationship": "Outer", "Join Type": "Inner", "Startup Cost": 6.44, "Total Cost": 2859.52, "Plan Rows": 154, "Plan Width": 33, "Inner Unique": true, "Hash Cond": "(ml.link_type_id = lt.id)", "Plans": [{"Node Type": "Nested Loop", "Parent Relationship": "Outer", "Join Type": "Inner", "Startup Cost": 5.06, "Total Cost": 2856.2, "Plan Rows": 154, "Plan Width": 25, "Inner Unique": false, "Join Filter": "(t1.id = ml.movie_id)", "Plans": [{"Node Type": "Nested Loop", "Parent Relationship": "Outer", "Join Type": "Inner", "Startup Cost": 4.77, "Total Cost": 2710.54, "Plan Rows": 33, "Plan Width": 25, "Inner Unique": true, "Plans": [{"Node Type": "Nested Loop", "Parent Relationship": "Outer", "Join Type": "Inner", "Startup Cost": 4.51, "Total Cost": 2569.02, "Plan Rows": 33, "Plan Width": 4, "Inner Unique": false, "Plans": [{"Node Type": "Seq Scan", "Parent Relationship": "Outer", "Relation Name": "keyword", "Alias": "k", "Startup Cost": 0.0, "Total Cost": 2436.11, "Plan Rows": 1, "Plan Width": 4, "Filter": "((keyword)::text = '10,000-mile-club'::text)"}, {"Node Type": "Bitmap Heap Scan", "Parent Relationship": "Inner", "Relation Name": "movie_keyword", "Alias": "mk", "Startup Cost": 4.51, "Total Cost": 132.58, "Plan Rows": 33, "Plan Width": 8, "Recheck Cond": "(keyword_id = k.id)", "Plans": [{"Node Type": "Bitmap Index Scan", "Parent Relationship": "Outer", "Index Name": "keyword_id_movie_keyword", "Startup Cost": 0.0, "Total Cost": 4.5, "Plan Rows": 33, "Plan Width": 0, "Index Cond": "(keyword_id = k.id)"}]}]}, {"Node Type": "Bitmap Heap Scan", "Parent Relationship": "Inner", "Relation Name": "title", "Alias": "t1", "Startup Cost": 0.27, "Total Cost": 4.28, "Plan Rows": 1, "Plan Width": 21, "Recheck Cond": "(id = mk.movie_id)", "Plans": [{"Node Type": "Bitmap Index Scan", "Parent Relationship": "Outer", "Index Name": "title_pkey", "Startup Cost": 0.0, "Total Cost": 0.27, "Plan Rows": 1, "Plan Width": 0, "Index Cond": "(id = mk.movie_id)"}]}]}, {"Node Type": "Bitmap Heap Scan", "Parent Relationship": "Inner", "Relation Name": "movie_link", "Alias": "ml", "Startup Cost": 0.29, "Total Cost": 4.35, "Plan Rows": 5, "Plan Width": 12, "Recheck Cond": "(movie_id = mk.movie_id)", "Plans": [{"Node Type": "Bitmap Index Scan", "Parent Relationship": "Outer", "Index Name": "movie_id_movie_link", "Startup Cost": 0.0, "Total Cost": 0.29, "Plan Rows": 5, "Plan Width": 0, "Index Cond": "(movie_id = mk.movie_id)"}]}]}, {"Node Type": "Hash", "Parent Relationship": "Inner", "Startup Cost": 1.17, "Total Cost": 1.17, "Plan Rows": 17, "Plan Width": 16, "Plans": [{"Node Type": "Seq Scan", "Parent Relationship": "Outer", "Relation Name": "link_type", "Alias": "lt", "Startup Cost": 0.0, "Total Cost": 1.17, "Plan Rows": 17, "Plan Width": 16}]}]}, {"Node Type": "Bitmap Heap Scan", "Parent Relationship": "Inner", "Relation Name": "title", "Alias": "t2", "Startup Cost": 1.49, "Total Cost": 5.5, "Plan Rows": 1, "Plan Width": 21, "Recheck Cond": "(id = ml.linked_movie_id)", "Plans": [{"Node Type": "Bitmap Index Scan", "Parent Relationship": "Outer", "Index Name": "title_pkey", "Startup Cost": 0.0, "Total Cost": 1.49, "Plan Rows": 1, "Plan Width": 0, "Index Cond": "(id = ml.linked_movie_id)"}]}]}]}, "Unique SQL Id": 524435555, "Planner Runtime": 10}, "explain_analyze_plan": {"Plan": {"Node Type": "Aggregate", "Strategy": "Plain", "Startup Cost": 3709.86, "Total Cost": 3709.87, "Plan Rows": 1, "Plan Width": 142, "Actual Startup Time": 41.212, "Actual Total Time": 41.213, "Actual Rows": 1, "Actual Loops": 1, "Plans": [{"Node Type": "Nested Loop", "Parent Relationship": "Outer", "Join Type": "Inner", "Startup Cost": 7.93, "Total Cost": 3708.7, "Plan Rows": 154, "Plan Width": 46, "Actual Startup Time": 41.208, "Actual Total Time": 41.208, "Actual Rows": 0, "Actual Loops": 1, "Inner Unique": true, "Plans": [{"Node Type": "Hash Join", "Parent Relationship": "Outer", "Join Type": "Inner", "Startup Cost": 6.44, "Total Cost": 2859.52, "Plan Rows": 154, "Plan Width": 33, "Actual Startup Time": 41.191, "Actual Total Time": 41.191, "Actual Rows": 0, "Actual Loops": 1, "Inner Unique": true, "Hash Cond": "(ml.link_type_id = lt.id)", "Plans": [{"Node Type": "Nested Loop", "Parent Relationship": "Outer", "Join Type": "Inner", "Startup Cost": 5.06, "Total Cost": 2856.2, "Plan Rows": 154, "Plan Width": 25, "Actual Startup Time": 41.117, "Actual Total Time": 41.117, "Actual Rows": 0, "Actual Loops": 1, "Inner Unique": false, "Join Filter": "(t1.id = ml.movie_id)", "Rows Removed by Join Filter": 0, "Plans": [{"Node Type": "Nested Loop", "Parent Relationship": "Outer", "Join Type": "Inner", "Startup Cost": 4.77, "Total Cost": 2710.54, "Plan Rows": 33, "Plan Width": 25, "Actual Startup Time": 40.236, "Actual Total Time": 41.106, "Actual Rows": 1, "Actual Loops": 1, "Inner Unique": true, "Plans": [{"Node Type": "Nested Loop", "Parent Relationship": "Outer", "Join Type": "Inner", "Startup Cost": 4.51, "Total Cost": 2569.02, "Plan Rows": 33, "Plan Width": 4, "Actual Startup Time": 40.224, "Actual Total Time": 41.094, "Actual Rows": 1, "Actual Loops": 1, "Inner Unique": false, "Plans": [{"Node Type": "Seq Scan", "Parent Relationship": "Outer", "Relation Name": "keyword", "Alias": "k", "Startup Cost": 0.0, "Total Cost": 2436.11, "Plan Rows": 1, "Plan Width": 4, "Actual Startup Time": 40.195, "Actual Total Time": 41.063, "Actual Rows": 1, "Actual Loops": 1, "Filter": "((keyword)::text = '10,000-mile-club'::text)", "Rows Removed by Filter": 134168}, {"Node Type": "Bitmap Heap Scan", "Parent Relationship": "Inner", "Relation Name": "movie_keyword", "Alias": "mk", "Startup Cost": 4.51, "Total Cost": 132.58, "Plan Rows": 33, "Plan Width": 8, "Actual Startup Time": 0.021, "Actual Total Time": 0.022, "Actual Rows": 1, "Actual Loops": 1, "Recheck Cond": "(keyword_id = k.id)", "Rows Removed by Index Recheck": 0, "Exact Heap Blocks": 1, "Lossy Heap Blocks": 1, "Plans": [{"Node Type": "Bitmap Index Scan", "Parent Relationship": "Outer", "Index Name": "keyword_id_movie_keyword", "Startup Cost": 0.0, "Total Cost": 4.5, "Plan Rows": 33, "Plan Width": 0, "Actual Startup Time": 0.014, "Actual Total Time": 0.014, "Actual Rows": 1, "Actual Loops": 1, "Index Cond": "(keyword_id = k.id)"}]}]}, {"Node Type": "Bitmap Heap Scan", "Parent Relationship": "Inner", "Relation Name": "title", "Alias": "t1", "Startup Cost": 0.27, "Total Cost": 4.28, "Plan Rows": 1, "Plan Width": 21, "Actual Startup Time": 0.009, "Actual Total Time": 0.009, "Actual Rows": 1, "Actual Loops": 1, "Recheck Cond": "(id = mk.movie_id)", "Rows Removed by Index Recheck": 0, "Exact Heap Blocks": 1, "Lossy Heap Blocks": 1, "Plans": [{"Node Type": "Bitmap Index Scan", "Parent Relationship": "Outer", "Index Name": "title_pkey", "Startup Cost": 0.0, "Total Cost": 0.27, "Plan Rows": 1, "Plan Width": 0, "Actual Startup Time": 0.006, "Actual Total Time": 0.006, "Actual Rows": 1, "Actual Loops": 1, "Index Cond": "(id = mk.movie_id)"}]}]}, {"Node Type": "Bitmap Heap Scan", "Parent Relationship": "Inner", "Relation Name": "movie_link", "Alias": "ml", "Startup Cost": 0.29, "Total Cost": 4.35, "Plan Rows": 5, "Plan Width": 12, "Actual Startup Time": 0.008, "Actual Total Time": 0.008, "Actual Rows": 0, "Actual Loops": 1, "Recheck Cond": "(movie_id = mk.movie_id)", "Rows Removed by Index Recheck": 0, "Exact Heap Blocks": 0, "Lossy Heap Blocks": 0, "Plans": [{"Node Type": "Bitmap Index Scan", "Parent Relationship": "Outer", "Index Name": "movie_id_movie_link", "Startup Cost": 0.0, "Total Cost": 0.29, "Plan Rows": 5, "Plan Width": 0, "Actual Startup Time": 0.004, "Actual Total Time": 0.004, "Actual Rows": 0, "Actual Loops": 1, "Index Cond": "(movie_id = mk.movie_id)"}]}]}, {"Node Type": "Hash", "Parent Relationship": "Inner", "Startup Cost": 1.17, "Total Cost": 1.17, "Plan Rows": 17, "Plan Width": 16, "Actual Startup Time": 0.034, "Actual Total Time": 0.034, "Actual Rows": 17, "Actual Loops": 1, "Hash Buckets": 32768, "Hash Batches": 1, "Original Hash Batches": 1, "Peak Memory Usage": 1, "Plans": [{"Node Type": "Seq Scan", "Parent Relationship": "Outer", "Relation Name": "link_type", "Alias": "lt", "Startup Cost": 0.0, "Total Cost": 1.17, "Plan Rows": 17, "Plan Width": 16, "Actual Startup Time": 0.015, "Actual Total Time": 0.019, "Actual Rows": 17, "Actual Loops": 1}]}]}, {"Node Type": "Bitmap Heap Scan", "Parent Relationship": "Inner", "Relation Name": "title", "Alias": "t2", "Startup Cost": 1.49, "Total Cost": 5.5, "Plan Rows": 1, "Plan Width": 21, "Actual Startup Time": 0.0, "Actual Total Time": 0.0, "Recheck Cond": "(id = ml.linked_movie_id)", "Rows Removed by Index Recheck": 0, "Exact Heap Blocks": 0, "Lossy Heap Blocks": 0, "Plans": [{"Node Type": "Bitmap Index Scan", "Parent Relationship": "Outer", "Index Name": "title_pkey", "Startup Cost": 0.0, "Total Cost": 1.49, "Plan Rows": 1, "Plan Width": 0, "Actual Startup Time": 0.0, "Actual Total Time": 0.0, "Index Cond": "(id = ml.linked_movie_id)"}]}]}]}, "Triggers": [], "Planner Runtime": 5, "Total Runtime": 41.437, "Unique SQL Id": 524435555}}, "(1, 3)": {"explain_plan": {"Plan": {"Node Type": "Aggregate", "Strategy": "Plain", "Startup Cost": 1000001377786.31, "Total Cost": 1000001377786.32, "Plan Rows": 1, "Plan Width": 142, "Plans": [{"Node Type": "Nested Loop", "Parent Relationship": "Outer", "Join Type": "Inner", "Startup Cost": 10000000004.71, "Total Cost": 1000001377785.15, "Plan Rows": 154, "Plan Width": 46, "Inner Unique": true, "Plans": [{"Node Type": "Nested Loop", "Parent Relationship": "Outer", "Join Type": "Inner", "Startup Cost": 10000000004.45, "Total Cost": 1000001377125.95, "Plan Rows": 154, "Plan Width": 38, "Inner Unique": true, "Plans": [{"Node Type": "Nested Loop", "Parent Relationship": "Outer", "Join Type": "Inner", "Startup Cost": 10000000002.96, "Total Cost": 1000001376276.77, "Plan Rows": 154, "Plan Width": 25, "Inner Unique": true, "Plans": [{"Node Type": "Nested Loop", "Parent Relationship": "Outer", "Join Type": "Inner", "Startup Cost": 10000000002.69, "Total Cost": 1000001375616.35, "Plan Rows": 154, "Plan Width": 16, "Inner Unique": true, "Plans": [{"Node Type": "Nested Loop", "Parent Relationship": "Outer", "Join Type": "Inner", "Startup Cost": 10000000002.44, "Total Cost": 1000000342019.19, "Plan Rows": 241339, "Plan Width": 20, "Inner Unique": false, "Plans": [{"Node Type": "Index Scan", "Parent Relationship": "Outer", "Scan Direction": "Forward", "Index Name": "link_type_id_movie_link", "Relation Name": "movie_link", "Alias": "ml", "Startup Cost": 10000000000.0, "Total Cost": 1000000143569.16, "Plan Rows": 29996, "Plan Width": 12}, {"Node Type": "Bitmap Heap Scan", "Parent Relationship": "Inner", "Relation Name": "movie_keyword", "Alias": "mk", "Startup Cost": 2.44, "Total Cost": 6.54, "Plan Rows": 8, "Plan Width": 8, "Recheck Cond": "(movie_id = ml.movie_id)", "Plans": [{"Node Type": "Bitmap Index Scan", "Parent Relationship": "Outer", "Index Name": "movie_id_movie_keyword", "Startup Cost": 0.0, "Total Cost": 2.43, "Plan Rows": 8, "Plan Width": 0, "Index Cond": "(movie_id = ml.movie_id)"}]}]}, {"Node Type": "Bitmap Heap Scan", "Parent Relationship": "Inner", "Relation Name": "keyword", "Alias": "k", "Startup Cost": 0.26, "Total Cost": 4.27, "Plan Rows": 1, "Plan Width": 4, "Recheck Cond": "(id = mk.keyword_id)", "Filter": "((keyword)::text = '10,000-mile-club'::text)", "Plans": [{"Node Type": "Bitmap Index Scan", "Parent Relationship": "Outer", "Index Name": "keyword_pkey", "Startup Cost": 0.0, "Total Cost": 0.26, "Plan Rows": 1, "Plan Width": 0, "Index Cond": "(id = mk.keyword_id)"}]}]}, {"Node Type": "Bitmap Heap Scan", "Parent Relationship": "Inner", "Relation Name": "title", "Alias": "t1", "Startup Cost": 0.27, "Total Cost": 4.28, "Plan Rows": 1, "Plan Width": 21, "Recheck Cond": "(id = mk.movie_id)", "Plans": [{"Node Type": "Bitmap Index Scan", "Parent Relationship": "Outer", "Index Name": "title_pkey", "Startup Cost": 0.0, "Total Cost": 0.27, "Plan Rows": 1, "Plan Width": 0, "Index Cond": "(id = mk.movie_id)"}]}]}, {"Node Type": "Bitmap Heap Scan", "Parent Relationship": "Inner", "Relation Name": "title", "Alias": "t2", "Startup Cost": 1.49, "Total Cost": 5.5, "Plan Rows": 1, "Plan Width": 21, "Recheck Cond": "(id = ml.linked_movie_id)", "Plans": [{"Node Type": "Bitmap Index Scan", "Parent Relationship": "Outer", "Index Name": "title_pkey", "Startup Cost": 0.0, "Total Cost": 1.49, "Plan Rows": 1, "Plan Width": 0, "Index Cond": "(id = ml.linked_movie_id)"}]}]}, {"Node Type": "Bitmap Heap Scan", "Parent Relationship": "Inner", "Relation Name": "link_type", "Alias": "lt", "Startup Cost": 0.26, "Total Cost": 4.27, "Plan Rows": 1, "Plan Width": 16, "Recheck Cond": "(id = ml.link_type_id)", "Plans": [{"Node Type": "Bitmap Index Scan", "Parent Relationship": "Outer", "Index Name": "link_type_pkey", "Startup Cost": 0.0, "Total Cost": 0.26, "Plan Rows": 1, "Plan Width": 0, "Index Cond": "(id = ml.link_type_id)"}]}]}]}, "Unique SQL Id": 524435555, "Planner Runtime": 4}, "explain_analyze_plan": null}, "(1, 4)": {"explain_plan": {"Plan": {"Node Type": "Aggregate", "Strategy": "Plain", "Startup Cost": 3260.82, "Total Cost": 3260.83, "Plan Rows": 1, "Plan Width": 142, "Plans": [{"Node Type": "Nested Loop", "Parent Relationship": "Outer", "Join Type": "Inner", "Startup Cost": 5.89, "Total Cost": 3259.66, "Plan Rows": 154, "Plan Width": 46, "Inner Unique": true, "Plans": [{"Node Type": "Hash Join", "Parent Relationship": "Outer", "Join Type": "Inner", "Startup Cost": 5.89, "Total Cost": 2596.09, "Plan Rows": 154, "Plan Width": 33, "Inner Unique": true, "Hash Cond": "(ml.link_type_id = lt.id)", "Plans": [{"Node Type": "Nested Loop", "Parent Relationship": "Outer", "Join Type": "Inner", "Startup Cost": 4.51, "Total Cost": 2592.76, "Plan Rows": 154, "Plan Width": 25, "Inner Unique": false, "Plans": [{"Node Type": "Nested Loop", "Parent Relationship": "Outer", "Join Type": "Inner", "Startup Cost": 4.51, "Total Cost": 2579.55, "Plan Rows": 33, "Plan Width": 25, "Inner Unique": true, "Plans": [{"Node Type": "Nested Loop", "Parent Relationship": "Outer", "Join Type": "Inner", "Startup Cost": 4.51, "Total Cost": 2569.02, "Plan Rows": 33, "Plan Width": 4, "Inner Unique": false, "Plans": [{"Node Type": "Seq Scan", "Parent Relationship": "Outer", "Relation Name": "keyword", "Alias": "k", "Startup Cost": 0.0, "Total Cost": 2436.11, "Plan Rows": 1, "Plan Width": 4, "Filter": "((keyword)::text = '10,000-mile-club'::text)"}, {"Node Type": "Bitmap Heap Scan", "Parent Relationship": "Inner", "Relation Name": "movie_keyword", "Alias": "mk", "Startup Cost": 4.51, "Total Cost": 132.58, "Plan Rows": 33, "Plan Width": 8, "Recheck Cond": "(keyword_id = k.id)", "Plans": [{"Node Type": "Bitmap Index Scan", "Parent Relationship": "Outer", "Index Name": "keyword_id_movie_keyword", "Startup Cost": 0.0, "Total Cost": 4.5, "Plan Rows": 33, "Plan Width": 0, "Index Cond": "(keyword_id = k.id)"}]}]}, {"Node Type": "Index Scan", "Parent Relationship": "Inner", "Scan Direction": "Forward", "Index Name": "title_pkey", "Relation Name": "title", "Alias": "t1", "Startup Cost": 0.0, "Total Cost": 0.31, "Plan Rows": 1, "Plan Width": 21, "Index Cond": "(id = mk.movie_id)"}]}, {"Node Type": "Index Scan", "Parent Relationship": "Inner", "Scan Direction": "Forward", "Index Name": "movie_id_movie_link", "Relation Name": "movie_link", "Alias": "ml", "Startup Cost": 0.0, "Total Cost": 0.35, "Plan Rows": 5, "Plan Width": 12, "Index Cond": "(movie_id = t1.id)"}]}, {"Node Type": "Hash", "Parent Relationship": "Inner", "Startup Cost": 1.17, "Total Cost": 1.17, "Plan Rows": 17, "Plan Width": 16, "Plans": [{"Node Type": "Seq Scan", "Parent Relationship": "Outer", "Relation Name": "link_type", "Alias": "lt", "Startup Cost": 0.0, "Total Cost": 1.17, "Plan Rows": 17, "Plan Width": 16}]}]}, {"Node Type": "Index Scan", "Parent Relationship": "Inner", "Scan Direction": "Forward", "Index Name": "title_pkey", "Relation Name": "title", "Alias": "t2", "Startup Cost": 0.0, "Total Cost": 4.3, "Plan Rows": 1, "Plan Width": 21, "Index Cond": "(id = ml.linked_movie_id)"}]}]}, "Unique SQL Id": 524435555, "Planner Runtime": 12}, "explain_analyze_plan": {"Plan": {"Node Type": "Aggregate", "Strategy": "Plain", "Startup Cost": 3260.82, "Total Cost": 3260.83, "Plan Rows": 1, "Plan Width": 142, "Actual Startup Time": 41.918, "Actual Total Time": 41.918, "Actual Rows": 1, "Actual Loops": 1, "Plans": [{"Node Type": "Nested Loop", "Parent Relationship": "Outer", "Join Type": "Inner", "Startup Cost": 5.89, "Total Cost": 3259.66, "Plan Rows": 154, "Plan Width": 46, "Actual Startup Time": 41.91, "Actual Total Time": 41.91, "Actual Rows": 0, "Actual Loops": 1, "Inner Unique": true, "Plans": [{"Node Type": "Hash Join", "Parent Relationship": "Outer", "Join Type": "Inner", "Startup Cost": 5.89, "Total Cost": 2596.09, "Plan Rows": 154, "Plan Width": 33, "Actual Startup Time": 41.883, "Actual Total Time": 41.883, "Actual Rows": 0, "Actual Loops": 1, "Inner Unique": true, "Hash Cond": "(ml.link_type_id = lt.id)", "Plans": [{"Node Type": "Nested Loop", "Parent Relationship": "Outer", "Join Type": "Inner", "Startup Cost": 4.51, "Total Cost": 2592.76, "Plan Rows": 154, "Plan Width": 25, "Actual Startup Time": 41.806, "Actual Total Time": 41.806, "Actual Rows": 0, "Actual Loops": 1, "Inner Unique": false, "Plans": [{"Node Type": "Nested Loop", "Parent Relationship": "Outer", "Join Type": "Inner", "Startup Cost": 4.51, "Total Cost": 2579.55, "Plan Rows": 33, "Plan Width": 25, "Actual Startup Time": 40.914, "Actual Total Time": 41.8, "Actual Rows": 1, "Actual Loops": 1, "Inner Unique": true, "Plans": [{"Node Type": "Nested Loop", "Parent Relationship": "Outer", "Join Type": "Inner", "Startup Cost": 4.51, "Total Cost": 2569.02, "Plan Rows": 33, "Plan Width": 4, "Actual Startup Time": 40.9, "Actual Total Time": 41.786, "Actual Rows": 1, "Actual Loops": 1, "Inner Unique": false, "Plans": [{"Node Type": "Seq Scan", "Parent Relationship": "Outer", "Relation Name": "keyword", "Alias": "k", "Startup Cost": 0.0, "Total Cost": 2436.11, "Plan Rows": 1, "Plan Width": 4, "Actual Startup Time": 40.866, "Actual Total Time": 41.751, "Actual Rows": 1, "Actual Loops": 1, "Filter": "((keyword)::text = '10,000-mile-club'::text)", "Rows Removed by Filter": 134168}, {"Node Type": "Bitmap Heap Scan", "Parent Relationship": "Inner", "Relation Name": "movie_keyword", "Alias": "mk", "Startup Cost": 4.51, "Total Cost": 132.58, "Plan Rows": 33, "Plan Width": 8, "Actual Startup Time": 0.027, "Actual Total Time": 0.028, "Actual Rows": 1, "Actual Loops": 1, "Recheck Cond": "(keyword_id = k.id)", "Rows Removed by Index Recheck": 0, "Exact Heap Blocks": 1, "Lossy Heap Blocks": 1, "Plans": [{"Node Type": "Bitmap Index Scan", "Parent Relationship": "Outer", "Index Name": "keyword_id_movie_keyword", "Startup Cost": 0.0, "Total Cost": 4.5, "Plan Rows": 33, "Plan Width": 0, "Actual Startup Time": 0.016, "Actual Total Time": 0.016, "Actual Rows": 1, "Actual Loops": 1, "Index Cond": "(keyword_id = k.id)"}]}]}, {"Node Type": "Index Scan", "Parent Relationship": "Inner", "Scan Direction": "Forward", "Index Name": "title_pkey", "Relation Name": "title", "Alias": "t1", "Startup Cost": 0.0, "Total Cost": 0.31, "Plan Rows": 1, "Plan Width": 21, "Actual Startup Time": 0.012, "Actual Total Time": 0.012, "Actual Rows": 1, "Actual Loops": 1, "Index Cond": "(id = mk.movie_id)", "Rows Removed by Index Recheck": 0}]}, {"Node Type": "Index Scan", "Parent Relationship": "Inner", "Scan Direction": "Forward", "Index Name": "movie_id_movie_link", "Relation Name": "movie_link", "Alias": "ml", "Startup Cost": 0.0, "Total Cost": 0.35, "Plan Rows": 5, "Plan Width": 12, "Actual Startup Time": 0.003, "Actual Total Time": 0.003, "Actual Rows": 0, "Actual Loops": 1, "Index Cond": "(movie_id = t1.id)", "Rows Removed by Index Recheck": 0}]}, {"Node Type": "Hash", "Parent Relationship": "Inner", "Startup Cost": 1.17, "Total Cost": 1.17, "Plan Rows": 17, "Plan Width": 16, "Actual Startup Time": 0.037, "Actual Total Time": 0.037, "Actual Rows": 17, "Actual Loops": 1, "Hash Buckets": 32768, "Hash Batches": 1, "Original Hash Batches": 1, "Peak Memory Usage": 1, "Plans": [{"Node Type": "Seq Scan", "Parent Relationship": "Outer", "Relation Name": "link_type", "Alias": "lt", "Startup Cost": 0.0, "Total Cost": 1.17, "Plan Rows": 17, "Plan Width": 16, "Actual Startup Time": 0.017, "Actual Total Time": 0.023, "Actual Rows": 17, "Actual Loops": 1}]}]}, {"Node Type": "Index Scan", "Parent Relationship": "Inner", "Scan Direction": "Forward", "Index Name": "title_pkey", "Relation Name": "title", "Alias": "t2", "Startup Cost": 0.0, "Total Cost": 4.3, "Plan Rows": 1, "Plan Width": 21, "Actual Startup Time": 0.0, "Actual Total Time": 0.0, "Index Cond": "(id = ml.linked_movie_id)", "Rows Removed by Index Recheck": 0}]}]}, "Triggers": [], "Planner Runtime": 5, "Total Runtime": 42.159, "Unique SQL Id": 524435555}}, "(1, 5)": {"explain_plan": {"Plan": {"Node Type": "Aggregate", "Strategy": "Plain", "Startup Cost": 4047.28, "Total Cost": 4047.29, "Plan Rows": 1, "Plan Width": 142, "Plans": [{"Node Type": "Nested Loop", "Parent Relationship": "Outer", "Join Type": "Inner", "Startup Cost": 4.51, "Total Cost": 4046.12, "Plan Rows": 154, "Plan Width": 46, "Inner Unique": true, "Plans": [{"Node Type": "Nested Loop", "Parent Relationship": "Outer", "Join Type": "Inner", "Startup Cost": 4.51, "Total Cost": 3382.55, "Plan Rows": 154, "Plan Width": 33, "Inner Unique": true, "Plans": [{"Node Type": "Nested Loop", "Parent Relationship": "Outer", "Join Type": "Inner", "Startup Cost": 4.51, "Total Cost": 3339.37, "Plan Rows": 154, "Plan Width": 25, "Inner Unique": false, "Plans": [{"Node Type": "Nested Loop", "Parent Relationship": "Outer", "Join Type": "Inner", "Startup Cost": 4.51, "Total Cost": 3326.15, "Plan Rows": 33, "Plan Width": 25, "Inner Unique": true, "Plans": [{"Node Type": "Nested Loop", "Parent Relationship": "Outer", "Join Type": "Inner", "Startup Cost": 4.51, "Total Cost": 3315.63, "Plan Rows": 33, "Plan Width": 4, "Inner Unique": false, "Plans": [{"Node Type": "Index Scan", "Parent Relationship": "Outer", "Scan Direction": "Forward", "Index Name": "keyword_pkey", "Relation Name": "keyword", "Alias": "k", "Startup Cost": 0.0, "Total Cost": 3182.72, "Plan Rows": 1, "Plan Width": 4, "Filter": "((keyword)::text = '10,000-mile-club'::text)"}, {"Node Type": "Bitmap Heap Scan", "Parent Relationship": "Inner", "Relation Name": "movie_keyword", "Alias": "mk", "Startup Cost": 4.51, "Total Cost": 132.58, "Plan Rows": 33, "Plan Width": 8, "Recheck Cond": "(keyword_id = k.id)", "Plans": [{"Node Type": "Bitmap Index Scan", "Parent Relationship": "Outer", "Index Name": "keyword_id_movie_keyword", "Startup Cost": 0.0, "Total Cost": 4.5, "Plan Rows": 33, "Plan Width": 0, "Index Cond": "(keyword_id = k.id)"}]}]}, {"Node Type": "Index Scan", "Parent Relationship": "Inner", "Scan Direction": "Forward", "Index Name": "title_pkey", "Relation Name": "title", "Alias": "t1", "Startup Cost": 0.0, "Total Cost": 0.31, "Plan Rows": 1, "Plan Width": 21, "Index Cond": "(id = mk.movie_id)"}]}, {"Node Type": "Index Scan", "Parent Relationship": "Inner", "Scan Direction": "Forward", "Index Name": "movie_id_movie_link", "Relation Name": "movie_link", "Alias": "ml", "Startup Cost": 0.0, "Total Cost": 0.35, "Plan Rows": 5, "Plan Width": 12, "Index Cond": "(movie_id = t1.id)"}]}, {"Node Type": "Index Scan", "Parent Relationship": "Inner", "Scan Direction": "Forward", "Index Name": "link_type_pkey", "Relation Name": "link_type", "Alias": "lt", "Startup Cost": 0.0, "Total Cost": 0.27, "Plan Rows": 1, "Plan Width": 16, "Index Cond": "(id = ml.link_type_id)"}]}, {"Node Type": "Index Scan", "Parent Relationship": "Inner", "Scan Direction": "Forward", "Index Name": "title_pkey", "Relation Name": "title", "Alias": "t2", "Startup Cost": 0.0, "Total Cost": 4.3, "Plan Rows": 1, "Plan Width": 21, "Index Cond": "(id = ml.linked_movie_id)"}]}]}, "Unique SQL Id": 524435555, "Planner Runtime": 12}, "explain_analyze_plan": {"Plan": {"Node Type": "Aggregate", "Strategy": "Plain", "Startup Cost": 4047.28, "Total Cost": 4047.29, "Plan Rows": 1, "Plan Width": 142, "Actual Startup Time": 119.675, "Actual Total Time": 119.675, "Actual Rows": 1, "Actual Loops": 1, "Plans": [{"Node Type": "Nested Loop", "Parent Relationship": "Outer", "Join Type": "Inner", "Startup Cost": 4.51, "Total Cost": 4046.12, "Plan Rows": 154, "Plan Width": 46, "Actual Startup Time": 119.669, "Actual Total Time": 119.669, "Actual Rows": 0, "Actual Loops": 1, "Inner Unique": true, "Plans": [{"Node Type": "Nested Loop", "Parent Relationship": "Outer", "Join Type": "Inner", "Startup Cost": 4.51, "Total Cost": 3382.55, "Plan Rows": 154, "Plan Width": 33, "Actual Startup Time": 119.668, "Actual Total Time": 119.668, "Actual Rows": 0, "Actual Loops": 1, "Inner Unique": true, "Plans": [{"Node Type": "Nested Loop", "Parent Relationship": "Outer", "Join Type": "Inner", "Startup Cost": 4.51, "Total Cost": 3339.37, "Plan Rows": 154, "Plan Width": 25, "Actual Startup Time": 119.668, "Actual Total Time": 119.668, "Actual Rows": 0, "Actual Loops": 1, "Inner Unique": false, "Plans": [{"Node Type": "Nested Loop", "Parent Relationship": "Outer", "Join Type": "Inner", "Startup Cost": 4.51, "Total Cost": 3326.15, "Plan Rows": 33, "Plan Width": 25, "Actual Startup Time": 117.759, "Actual Total Time": 119.662, "Actual Rows": 1, "Actual Loops": 1, "Inner Unique": true, "Plans": [{"Node Type": "Nested Loop", "Parent Relationship": "Outer", "Join Type": "Inner", "Startup Cost": 4.51, "Total Cost": 3315.63, "Plan Rows": 33, "Plan Width": 4, "Actual Startup Time": 117.744, "Actual Total Time": 119.646, "Actual Rows": 1, "Actual Loops": 1, "Inner Unique": false, "Plans": [{"Node Type": "Index Scan", "Parent Relationship": "Outer", "Scan Direction": "Forward", "Index Name": "keyword_pkey", "Relation Name": "keyword", "Alias": "k", "Startup Cost": 0.0, "Total Cost": 3182.72, "Plan Rows": 1, "Plan Width": 4, "Actual Startup Time": 117.697, "Actual Total Time": 119.597, "Actual Rows": 1, "Actual Loops": 1, "Filter": "((keyword)::text = '10,000-mile-club'::text)", "Rows Removed by Filter": 134168}, {"Node Type": "Bitmap Heap Scan", "Parent Relationship": "Inner", "Relation Name": "movie_keyword", "Alias": "mk", "Startup Cost": 4.51, "Total Cost": 132.58, "Plan Rows": 33, "Plan Width": 8, "Actual Startup Time": 0.032, "Actual Total Time": 0.033, "Actual Rows": 1, "Actual Loops": 1, "Recheck Cond": "(keyword_id = k.id)", "Rows Removed by Index Recheck": 0, "Exact Heap Blocks": 1, "Lossy Heap Blocks": 1, "Plans": [{"Node Type": "Bitmap Index Scan", "Parent Relationship": "Outer", "Index Name": "keyword_id_movie_keyword", "Startup Cost": 0.0, "Total Cost": 4.5, "Plan Rows": 33, "Plan Width": 0, "Actual Startup Time": 0.018, "Actual Total Time": 0.018, "Actual Rows": 1, "Actual Loops": 1, "Index Cond": "(keyword_id = k.id)"}]}]}, {"Node Type": "Index Scan", "Parent Relationship": "Inner", "Scan Direction": "Forward", "Index Name": "title_pkey", "Relation Name": "title", "Alias": "t1", "Startup Cost": 0.0, "Total Cost": 0.31, "Plan Rows": 1, "Plan Width": 21, "Actual Startup Time": 0.011, "Actual Total Time": 0.011, "Actual Rows": 1, "Actual Loops": 1, "Index Cond": "(id = mk.movie_id)", "Rows Removed by Index Recheck": 0}]}, {"Node Type": "Index Scan", "Parent Relationship": "Inner", "Scan Direction": "Forward", "Index Name": "movie_id_movie_link", "Relation Name": "movie_link", "Alias": "ml", "Startup Cost": 0.0, "Total Cost": 0.35, "Plan Rows": 5, "Plan Width": 12, "Actual Startup Time": 0.003, "Actual Total Time": 0.003, "Actual Rows": 0, "Actual Loops": 1, "Index Cond": "(movie_id = t1.id)", "Rows Removed by Index Recheck": 0}]}, {"Node Type": "Index Scan", "Parent Relationship": "Inner", "Scan Direction": "Forward", "Index Name": "link_type_pkey", "Relation Name": "link_type", "Alias": "lt", "Startup Cost": 0.0, "Total Cost": 0.27, "Plan Rows": 1, "Plan Width": 16, "Actual Startup Time": 0.0, "Actual Total Time": 0.0, "Index Cond": "(id = ml.link_type_id)", "Rows Removed by Index Recheck": 0}]}, {"Node Type": "Index Scan", "Parent Relationship": "Inner", "Scan Direction": "Forward", "Index Name": "title_pkey", "Relation Name": "title", "Alias": "t2", "Startup Cost": 0.0, "Total Cost": 4.3, "Plan Rows": 1, "Plan Width": 21, "Actual Startup Time": 0.0, "Actual Total Time": 0.0, "Index Cond": "(id = ml.linked_movie_id)", "Rows Removed by Index Recheck": 0}]}]}, "Triggers": [], "Planner Runtime": 2, "Total Runtime": 119.92, "Unique SQL Id": 524435555}}, "(1, 6)": {"explain_plan": {"Plan": {"Node Type": "Aggregate", "Strategy": "Plain", "Startup Cost": 3709.86, "Total Cost": 3709.87, "Plan Rows": 1, "Plan Width": 142, "Plans": [{"Node Type": "Nested Loop", "Parent Relationship": "Outer", "Join Type": "Inner", "Startup Cost": 7.93, "Total Cost": 3708.7, "Plan Rows": 154, "Plan Width": 46, "Inner Unique": true, "Plans": [{"Node Type": "Hash Join", "Parent Relationship": "Outer", "Join Type": "Inner", "Startup Cost": 6.44, "Total Cost": 2859.52, "Plan Rows": 154, "Plan Width": 33, "Inner Unique": true, "Hash Cond": "(ml.link_type_id = lt.id)", "Plans": [{"Node Type": "Nested Loop", "Parent Relationship": "Outer", "Join Type": "Inner", "Startup Cost": 5.06, "Total Cost": 2856.2, "Plan Rows": 154, "Plan Width": 25, "Inner Unique": false, "Join Filter": "(t1.id = ml.movie_id)", "Plans": [{"Node Type": "Nested Loop", "Parent Relationship": "Outer", "Join Type": "Inner", "Startup Cost": 4.77, "Total Cost": 2710.54, "Plan Rows": 33, "Plan Width": 25, "Inner Unique": true, "Plans": [{"Node Type": "Nested Loop", "Parent Relationship": "Outer", "Join Type": "Inner", "Startup Cost": 4.51, "Total Cost": 2569.02, "Plan Rows": 33, "Plan Width": 4, "Inner Unique": false, "Plans": [{"Node Type": "Seq Scan", "Parent Relationship": "Outer", "Relation Name": "keyword", "Alias": "k", "Startup Cost": 0.0, "Total Cost": 2436.11, "Plan Rows": 1, "Plan Width": 4, "Filter": "((keyword)::text = '10,000-mile-club'::text)"}, {"Node Type": "Bitmap Heap Scan", "Parent Relationship": "Inner", "Relation Name": "movie_keyword", "Alias": "mk", "Startup Cost": 4.51, "Total Cost": 132.58, "Plan Rows": 33, "Plan Width": 8, "Recheck Cond": "(keyword_id = k.id)", "Plans": [{"Node Type": "Bitmap Index Scan", "Parent Relationship": "Outer", "Index Name": "keyword_id_movie_keyword", "Startup Cost": 0.0, "Total Cost": 4.5, "Plan Rows": 33, "Plan Width": 0, "Index Cond": "(keyword_id = k.id)"}]}]}, {"Node Type": "Bitmap Heap Scan", "Parent Relationship": "Inner", "Relation Name": "title", "Alias": "t1", "Startup Cost": 0.27, "Total Cost": 4.28, "Plan Rows": 1, "Plan Width": 21, "Recheck Cond": "(id = mk.movie_id)", "Plans": [{"Node Type": "Bitmap Index Scan", "Parent Relationship": "Outer", "Index Name": "title_pkey", "Startup Cost": 0.0, "Total Cost": 0.27, "Plan Rows": 1, "Plan Width": 0, "Index Cond": "(id = mk.movie_id)"}]}]}, {"Node Type": "Bitmap Heap Scan", "Parent Relationship": "Inner", "Relation Name": "movie_link", "Alias": "ml", "Startup Cost": 0.29, "Total Cost": 4.35, "Plan Rows": 5, "Plan Width": 12, "Recheck Cond": "(movie_id = mk.movie_id)", "Plans": [{"Node Type": "Bitmap Index Scan", "Parent Relationship": "Outer", "Index Name": "movie_id_movie_link", "Startup Cost": 0.0, "Total Cost": 0.29, "Plan Rows": 5, "Plan Width": 0, "Index Cond": "(movie_id = mk.movie_id)"}]}]}, {"Node Type": "Hash", "Parent Relationship": "Inner", "Startup Cost": 1.17, "Total Cost": 1.17, "Plan Rows": 17, "Plan Width": 16, "Plans": [{"Node Type": "Seq Scan", "Parent Relationship": "Outer", "Relation Name": "link_type", "Alias": "lt", "Startup Cost": 0.0, "Total Cost": 1.17, "Plan Rows": 17, "Plan Width": 16}]}]}, {"Node Type": "Bitmap Heap Scan", "Parent Relationship": "Inner", "Relation Name": "title", "Alias": "t2", "Startup Cost": 1.49, "Total Cost": 5.5, "Plan Rows": 1, "Plan Width": 21, "Recheck Cond": "(id = ml.linked_movie_id)", "Plans": [{"Node Type": "Bitmap Index Scan", "Parent Relationship": "Outer", "Index Name": "title_pkey", "Startup Cost": 0.0, "Total Cost": 1.49, "Plan Rows": 1, "Plan Width": 0, "Index Cond": "(id = ml.linked_movie_id)"}]}]}]}, "Unique SQL Id": 524435555, "Planner Runtime": 10}, "explain_analyze_plan": {"Plan": {"Node Type": "Aggregate", "Strategy": "Plain", "Startup Cost": 3709.86, "Total Cost": 3709.87, "Plan Rows": 1, "Plan Width": 142, "Actual Startup Time": 41.212, "Actual Total Time": 41.213, "Actual Rows": 1, "Actual Loops": 1, "Plans": [{"Node Type": "Nested Loop", "Parent Relationship": "Outer", "Join Type": "Inner", "Startup Cost": 7.93, "Total Cost": 3708.7, "Plan Rows": 154, "Plan Width": 46, "Actual Startup Time": 41.208, "Actual Total Time": 41.208, "Actual Rows": 0, "Actual Loops": 1, "Inner Unique": true, "Plans": [{"Node Type": "Hash Join", "Parent Relationship": "Outer", "Join Type": "Inner", "Startup Cost": 6.44, "Total Cost": 2859.52, "Plan Rows": 154, "Plan Width": 33, "Actual Startup Time": 41.191, "Actual Total Time": 41.191, "Actual Rows": 0, "Actual Loops": 1, "Inner Unique": true, "Hash Cond": "(ml.link_type_id = lt.id)", "Plans": [{"Node Type": "Nested Loop", "Parent Relationship": "Outer", "Join Type": "Inner", "Startup Cost": 5.06, "Total Cost": 2856.2, "Plan Rows": 154, "Plan Width": 25, "Actual Startup Time": 41.117, "Actual Total Time": 41.117, "Actual Rows": 0, "Actual Loops": 1, "Inner Unique": false, "Join Filter": "(t1.id = ml.movie_id)", "Rows Removed by Join Filter": 0, "Plans": [{"Node Type": "Nested Loop", "Parent Relationship": "Outer", "Join Type": "Inner", "Startup Cost": 4.77, "Total Cost": 2710.54, "Plan Rows": 33, "Plan Width": 25, "Actual Startup Time": 40.236, "Actual Total Time": 41.106, "Actual Rows": 1, "Actual Loops": 1, "Inner Unique": true, "Plans": [{"Node Type": "Nested Loop", "Parent Relationship": "Outer", "Join Type": "Inner", "Startup Cost": 4.51, "Total Cost": 2569.02, "Plan Rows": 33, "Plan Width": 4, "Actual Startup Time": 40.224, "Actual Total Time": 41.094, "Actual Rows": 1, "Actual Loops": 1, "Inner Unique": false, "Plans": [{"Node Type": "Seq Scan", "Parent Relationship": "Outer", "Relation Name": "keyword", "Alias": "k", "Startup Cost": 0.0, "Total Cost": 2436.11, "Plan Rows": 1, "Plan Width": 4, "Actual Startup Time": 40.195, "Actual Total Time": 41.063, "Actual Rows": 1, "Actual Loops": 1, "Filter": "((keyword)::text = '10,000-mile-club'::text)", "Rows Removed by Filter": 134168}, {"Node Type": "Bitmap Heap Scan", "Parent Relationship": "Inner", "Relation Name": "movie_keyword", "Alias": "mk", "Startup Cost": 4.51, "Total Cost": 132.58, "Plan Rows": 33, "Plan Width": 8, "Actual Startup Time": 0.021, "Actual Total Time": 0.022, "Actual Rows": 1, "Actual Loops": 1, "Recheck Cond": "(keyword_id = k.id)", "Rows Removed by Index Recheck": 0, "Exact Heap Blocks": 1, "Lossy Heap Blocks": 1, "Plans": [{"Node Type": "Bitmap Index Scan", "Parent Relationship": "Outer", "Index Name": "keyword_id_movie_keyword", "Startup Cost": 0.0, "Total Cost": 4.5, "Plan Rows": 33, "Plan Width": 0, "Actual Startup Time": 0.014, "Actual Total Time": 0.014, "Actual Rows": 1, "Actual Loops": 1, "Index Cond": "(keyword_id = k.id)"}]}]}, {"Node Type": "Bitmap Heap Scan", "Parent Relationship": "Inner", "Relation Name": "title", "Alias": "t1", "Startup Cost": 0.27, "Total Cost": 4.28, "Plan Rows": 1, "Plan Width": 21, "Actual Startup Time": 0.009, "Actual Total Time": 0.009, "Actual Rows": 1, "Actual Loops": 1, "Recheck Cond": "(id = mk.movie_id)", "Rows Removed by Index Recheck": 0, "Exact Heap Blocks": 1, "Lossy Heap Blocks": 1, "Plans": [{"Node Type": "Bitmap Index Scan", "Parent Relationship": "Outer", "Index Name": "title_pkey", "Startup Cost": 0.0, "Total Cost": 0.27, "Plan Rows": 1, "Plan Width": 0, "Actual Startup Time": 0.006, "Actual Total Time": 0.006, "Actual Rows": 1, "Actual Loops": 1, "Index Cond": "(id = mk.movie_id)"}]}]}, {"Node Type": "Bitmap Heap Scan", "Parent Relationship": "Inner", "Relation Name": "movie_link", "Alias": "ml", "Startup Cost": 0.29, "Total Cost": 4.35, "Plan Rows": 5, "Plan Width": 12, "Actual Startup Time": 0.008, "Actual Total Time": 0.008, "Actual Rows": 0, "Actual Loops": 1, "Recheck Cond": "(movie_id = mk.movie_id)", "Rows Removed by Index Recheck": 0, "Exact Heap Blocks": 0, "Lossy Heap Blocks": 0, "Plans": [{"Node Type": "Bitmap Index Scan", "Parent Relationship": "Outer", "Index Name": "movie_id_movie_link", "Startup Cost": 0.0, "Total Cost": 0.29, "Plan Rows": 5, "Plan Width": 0, "Actual Startup Time": 0.004, "Actual Total Time": 0.004, "Actual Rows": 0, "Actual Loops": 1, "Index Cond": "(movie_id = mk.movie_id)"}]}]}, {"Node Type": "Hash", "Parent Relationship": "Inner", "Startup Cost": 1.17, "Total Cost": 1.17, "Plan Rows": 17, "Plan Width": 16, "Actual Startup Time": 0.034, "Actual Total Time": 0.034, "Actual Rows": 17, "Actual Loops": 1, "Hash Buckets": 32768, "Hash Batches": 1, "Original Hash Batches": 1, "Peak Memory Usage": 1, "Plans": [{"Node Type": "Seq Scan", "Parent Relationship": "Outer", "Relation Name": "link_type", "Alias": "lt", "Startup Cost": 0.0, "Total Cost": 1.17, "Plan Rows": 17, "Plan Width": 16, "Actual Startup Time": 0.015, "Actual Total Time": 0.019, "Actual Rows": 17, "Actual Loops": 1}]}]}, {"Node Type": "Bitmap Heap Scan", "Parent Relationship": "Inner", "Relation Name": "title", "Alias": "t2", "Startup Cost": 1.49, "Total Cost": 5.5, "Plan Rows": 1, "Plan Width": 21, "Actual Startup Time": 0.0, "Actual Total Time": 0.0, "Recheck Cond": "(id = ml.linked_movie_id)", "Rows Removed by Index Recheck": 0, "Exact Heap Blocks": 0, "Lossy Heap Blocks": 0, "Plans": [{"Node Type": "Bitmap Index Scan", "Parent Relationship": "Outer", "Index Name": "title_pkey", "Startup Cost": 0.0, "Total Cost": 1.49, "Plan Rows": 1, "Plan Width": 0, "Actual Startup Time": 0.0, "Actual Total Time": 0.0, "Index Cond": "(id = ml.linked_movie_id)"}]}]}]}, "Triggers": [], "Planner Runtime": 5, "Total Runtime": 41.437, "Unique SQL Id": 524435555}}, "(1, 7)": {"explain_plan": {"Plan": {"Node Type": "Aggregate", "Strategy": "Plain", "Startup Cost": 1000001377786.31, "Total Cost": 1000001377786.32, "Plan Rows": 1, "Plan Width": 142, "Plans": [{"Node Type": "Nested Loop", "Parent Relationship": "Outer", "Join Type": "Inner", "Startup Cost": 10000000004.71, "Total Cost": 1000001377785.15, "Plan Rows": 154, "Plan Width": 46, "Inner Unique": true, "Plans": [{"Node Type": "Nested Loop", "Parent Relationship": "Outer", "Join Type": "Inner", "Startup Cost": 10000000004.45, "Total Cost": 1000001377125.95, "Plan Rows": 154, "Plan Width": 38, "Inner Unique": true, "Plans": [{"Node Type": "Nested Loop", "Parent Relationship": "Outer", "Join Type": "Inner", "Startup Cost": 10000000002.96, "Total Cost": 1000001376276.77, "Plan Rows": 154, "Plan Width": 25, "Inner Unique": true, "Plans": [{"Node Type": "Nested Loop", "Parent Relationship": "Outer", "Join Type": "Inner", "Startup Cost": 10000000002.69, "Total Cost": 1000001375616.35, "Plan Rows": 154, "Plan Width": 16, "Inner Unique": true, "Plans": [{"Node Type": "Nested Loop", "Parent Relationship": "Outer", "Join Type": "Inner", "Startup Cost": 10000000002.44, "Total Cost": 1000000342019.19, "Plan Rows": 241339, "Plan Width": 20, "Inner Unique": false, "Plans": [{"Node Type": "Index Scan", "Parent Relationship": "Outer", "Scan Direction": "Forward", "Index Name": "link_type_id_movie_link", "Relation Name": "movie_link", "Alias": "ml", "Startup Cost": 10000000000.0, "Total Cost": 1000000143569.16, "Plan Rows": 29996, "Plan Width": 12}, {"Node Type": "Bitmap Heap Scan", "Parent Relationship": "Inner", "Relation Name": "movie_keyword", "Alias": "mk", "Startup Cost": 2.44, "Total Cost": 6.54, "Plan Rows": 8, "Plan Width": 8, "Recheck Cond": "(movie_id = ml.movie_id)", "Plans": [{"Node Type": "Bitmap Index Scan", "Parent Relationship": "Outer", "Index Name": "movie_id_movie_keyword", "Startup Cost": 0.0, "Total Cost": 2.43, "Plan Rows": 8, "Plan Width": 0, "Index Cond": "(movie_id = ml.movie_id)"}]}]}, {"Node Type": "Bitmap Heap Scan", "Parent Relationship": "Inner", "Relation Name": "keyword", "Alias": "k", "Startup Cost": 0.26, "Total Cost": 4.27, "Plan Rows": 1, "Plan Width": 4, "Recheck Cond": "(id = mk.keyword_id)", "Filter": "((keyword)::text = '10,000-mile-club'::text)", "Plans": [{"Node Type": "Bitmap Index Scan", "Parent Relationship": "Outer", "Index Name": "keyword_pkey", "Startup Cost": 0.0, "Total Cost": 0.26, "Plan Rows": 1, "Plan Width": 0, "Index Cond": "(id = mk.keyword_id)"}]}]}, {"Node Type": "Bitmap Heap Scan", "Parent Relationship": "Inner", "Relation Name": "title", "Alias": "t1", "Startup Cost": 0.27, "Total Cost": 4.28, "Plan Rows": 1, "Plan Width": 21, "Recheck Cond": "(id = mk.movie_id)", "Plans": [{"Node Type": "Bitmap Index Scan", "Parent Relationship": "Outer", "Index Name": "title_pkey", "Startup Cost": 0.0, "Total Cost": 0.27, "Plan Rows": 1, "Plan Width": 0, "Index Cond": "(id = mk.movie_id)"}]}]}, {"Node Type": "Bitmap Heap Scan", "Parent Relationship": "Inner", "Relation Name": "title", "Alias": "t2", "Startup Cost": 1.49, "Total Cost": 5.5, "Plan Rows": 1, "Plan Width": 21, "Recheck Cond": "(id = ml.linked_movie_id)", "Plans": [{"Node Type": "Bitmap Index Scan", "Parent Relationship": "Outer", "Index Name": "title_pkey", "Startup Cost": 0.0, "Total Cost": 1.49, "Plan Rows": 1, "Plan Width": 0, "Index Cond": "(id = ml.linked_movie_id)"}]}]}, {"Node Type": "Bitmap Heap Scan", "Parent Relationship": "Inner", "Relation Name": "link_type", "Alias": "lt", "Startup Cost": 0.26, "Total Cost": 4.27, "Plan Rows": 1, "Plan Width": 16, "Recheck Cond": "(id = ml.link_type_id)", "Plans": [{"Node Type": "Bitmap Index Scan", "Parent Relationship": "Outer", "Index Name": "link_type_pkey", "Startup Cost": 0.0, "Total Cost": 0.26, "Plan Rows": 1, "Plan Width": 0, "Index Cond": "(id = ml.link_type_id)"}]}]}]}, "Unique SQL Id": 524435555, "Planner Runtime": 4}, "explain_analyze_plan": null}, "(1, 8)": {"explain_plan": {"Plan": {"Node Type": "Aggregate", "Strategy": "Plain", "Startup Cost": 3265.11, "Total Cost": 3265.12, "Plan Rows": 1, "Plan Width": 142, "Plans": [{"Node Type": "Nested Loop", "Parent Relationship": "Outer", "Join Type": "Inner", "Startup Cost": 1.38, "Total Cost": 3263.96, "Plan Rows": 154, "Plan Width": 46, "Inner Unique": true, "Plans": [{"Node Type": "Hash Join", "Parent Relationship": "Outer", "Join Type": "Inner", "Startup Cost": 1.38, "Total Cost": 2600.38, "Plan Rows": 154, "Plan Width": 33, "Inner Unique": true, "Hash Cond": "(ml.link_type_id = lt.id)", "Plans": [{"Node Type": "Nested Loop", "Parent Relationship": "Outer", "Join Type": "Inner", "Startup Cost": 0.0, "Total Cost": 2597.06, "Plan Rows": 154, "Plan Width": 25, "Inner Unique": false, "Plans": [{"Node Type": "Nested Loop", "Parent Relationship": "Outer", "Join Type": "Inner", "Startup Cost": 0.0, "Total Cost": 2583.84, "Plan Rows": 33, "Plan Width": 25, "Inner Unique": true, "Plans": [{"Node Type": "Nested Loop", "Parent Relationship": "Outer", "Join Type": "Inner", "Startup Cost": 0.0, "Total Cost": 2573.32, "Plan Rows": 33, "Plan Width": 4, "Inner Unique": false, "Plans": [{"Node Type": "Seq Scan", "Parent Relationship": "Outer", "Relation Name": "keyword", "Alias": "k", "Startup Cost": 0.0, "Total Cost": 2436.11, "Plan Rows": 1, "Plan Width": 4, "Filter": "((keyword)::text = '10,000-mile-club'::text)"}, {"Node Type": "Index Scan", "Parent Relationship": "Inner", "Scan Direction": "Forward", "Index Name": "keyword_id_movie_keyword", "Relation Name": "movie_keyword", "Alias": "mk", "Startup Cost": 0.0, "Total Cost": 136.88, "Plan Rows": 33, "Plan Width": 8, "Index Cond": "(keyword_id = k.id)"}]}, {"Node Type": "Index Scan", "Parent Relationship": "Inner", "Scan Direction": "Forward", "Index Name": "title_pkey", "Relation Name": "title", "Alias": "t1", "Startup Cost": 0.0, "Total Cost": 0.31, "Plan Rows": 1, "Plan Width": 21, "Index Cond": "(id = mk.movie_id)"}]}, {"Node Type": "Index Scan", "Parent Relationship": "Inner", "Scan Direction": "Forward", "Index Name": "movie_id_movie_link", "Relation Name": "movie_link", "Alias": "ml", "Startup Cost": 0.0, "Total Cost": 0.35, "Plan Rows": 5, "Plan Width": 12, "Index Cond": "(movie_id = t1.id)"}]}, {"Node Type": "Hash", "Parent Relationship": "Inner", "Startup Cost": 1.17, "Total Cost": 1.17, "Plan Rows": 17, "Plan Width": 16, "Plans": [{"Node Type": "Seq Scan", "Parent Relationship": "Outer", "Relation Name": "link_type", "Alias": "lt", "Startup Cost": 0.0, "Total Cost": 1.17, "Plan Rows": 17, "Plan Width": 16}]}]}, {"Node Type": "Index Scan", "Parent Relationship": "Inner", "Scan Direction": "Forward", "Index Name": "title_pkey", "Relation Name": "title", "Alias": "t2", "Startup Cost": 0.0, "Total Cost": 4.3, "Plan Rows": 1, "Plan Width": 21, "Index Cond": "(id = ml.linked_movie_id)"}]}]}, "Unique SQL Id": 524435555, "Planner Runtime": 12}, "explain_analyze_plan": {"Plan": {"Node Type": "Aggregate", "Strategy": "Plain", "Startup Cost": 3265.11, "Total Cost": 3265.12, "Plan Rows": 1, "Plan Width": 142, "Actual Startup Time": 41.179, "Actual Total Time": 41.179, "Actual Rows": 1, "Actual Loops": 1, "Plans": [{"Node Type": "Nested Loop", "Parent Relationship": "Outer", "Join Type": "Inner", "Startup Cost": 1.38, "Total Cost": 3263.96, "Plan Rows": 154, "Plan Width": 46, "Actual Startup Time": 41.172, "Actual Total Time": 41.172, "Actual Rows": 0, "Actual Loops": 1, "Inner Unique": true, "Plans": [{"Node Type": "Hash Join", "Parent Relationship": "Outer", "Join Type": "Inner", "Startup Cost": 1.38, "Total Cost": 2600.38, "Plan Rows": 154, "Plan Width": 33, "Actual Startup Time": 41.171, "Actual Total Time": 41.171, "Actual Rows": 0, "Actual Loops": 1, "Inner Unique": true, "Hash Cond": "(ml.link_type_id = lt.id)", "Plans": [{"Node Type": "Nested Loop", "Parent Relationship": "Outer", "Join Type": "Inner", "Startup Cost": 0.0, "Total Cost": 2597.06, "Plan Rows": 154, "Plan Width": 25, "Actual Startup Time": 41.165, "Actual Total Time": 41.165, "Actual Rows": 0, "Actual Loops": 1, "Inner Unique": false, "Plans": [{"Node Type": "Nested Loop", "Parent Relationship": "Outer", "Join Type": "Inner", "Startup Cost": 0.0, "Total Cost": 2583.84, "Plan Rows": 33, "Plan Width": 25, "Actual Startup Time": 40.28, "Actual Total Time": 41.161, "Actual Rows": 1, "Actual Loops": 1, "Inner Unique": true, "Plans": [{"Node Type": "Nested Loop", "Parent Relationship": "Outer", "Join Type": "Inner", "Startup Cost": 0.0, "Total Cost": 2573.32, "Plan Rows": 33, "Plan Width": 4, "Actual Startup Time": 40.268, "Actual Total Time": 41.149, "Actual Rows": 1, "Actual Loops": 1, "Inner Unique": false, "Plans": [{"Node Type": "Seq Scan", "Parent Relationship": "Outer", "Relation Name": "keyword", "Alias": "k", "Startup Cost": 0.0, "Total Cost": 2436.11, "Plan Rows": 1, "Plan Width": 4, "Actual Startup Time": 40.247, "Actual Total Time": 41.126, "Actual Rows": 1, "Actual Loops": 1, "Filter": "((keyword)::text = '10,000-mile-club'::text)", "Rows Removed by Filter": 134168}, {"Node Type": "Index Scan", "Parent Relationship": "Inner", "Scan Direction": "Forward", "Index Name": "keyword_id_movie_keyword", "Relation Name": "movie_keyword", "Alias": "mk", "Startup Cost": 0.0, "Total Cost": 136.88, "Plan Rows": 33, "Plan Width": 8, "Actual Startup Time": 0.015, "Actual Total Time": 0.016, "Actual Rows": 1, "Actual Loops": 1, "Index Cond": "(keyword_id = k.id)", "Rows Removed by Index Recheck": 0}]}, {"Node Type": "Index Scan", "Parent Relationship": "Inner", "Scan Direction": "Forward", "Index Name": "title_pkey", "Relation Name": "title", "Alias": "t1", "Startup Cost": 0.0, "Total Cost": 0.31, "Plan Rows": 1, "Plan Width": 21, "Actual Startup Time": 0.009, "Actual Total Time": 0.009, "Actual Rows": 1, "Actual Loops": 1, "Index Cond": "(id = mk.movie_id)", "Rows Removed by Index Recheck": 0}]}, {"Node Type": "Index Scan", "Parent Relationship": "Inner", "Scan Direction": "Forward", "Index Name": "movie_id_movie_link", "Relation Name": "movie_link", "Alias": "ml", "Startup Cost": 0.0, "Total Cost": 0.35, "Plan Rows": 5, "Plan Width": 12, "Actual Startup Time": 0.003, "Actual Total Time": 0.003, "Actual Rows": 0, "Actual Loops": 1, "Index Cond": "(movie_id = t1.id)", "Rows Removed by Index Recheck": 0}]}, {"Node Type": "Hash", "Parent Relationship": "Inner", "Startup Cost": 1.17, "Total Cost": 1.17, "Plan Rows": 17, "Plan Width": 16, "Actual Startup Time": 0.0, "Actual Total Time": 0.0, "Hash Buckets": 0, "Hash Batches": 0, "Original Hash Batches": 0, "Peak Memory Usage": 0, "Plans": [{"Node Type": "Seq Scan", "Parent Relationship": "Outer", "Relation Name": "link_type", "Alias": "lt", "Startup Cost": 0.0, "Total Cost": 1.17, "Plan Rows": 17, "Plan Width": 16, "Actual Startup Time": 0.0, "Actual Total Time": 0.0}]}]}, {"Node Type": "Index Scan", "Parent Relationship": "Inner", "Scan Direction": "Forward", "Index Name": "title_pkey", "Relation Name": "title", "Alias": "t2", "Startup Cost": 0.0, "Total Cost": 4.3, "Plan Rows": 1, "Plan Width": 21, "Actual Startup Time": 0.0, "Actual Total Time": 0.0, "Index Cond": "(id = ml.linked_movie_id)", "Rows Removed by Index Recheck": 0}]}]}, "Triggers": [], "Planner Runtime": 5, "Total Runtime": 41.389, "Unique SQL Id": 524435555}}, "(1, 9)": {"explain_plan": {"Plan": {"Node Type": "Aggregate", "Strategy": "Plain", "Startup Cost": 4051.57, "Total Cost": 4051.58, "Plan Rows": 1, "Plan Width": 142, "Plans": [{"Node Type": "Nested Loop", "Parent Relationship": "Outer", "Join Type": "Inner", "Startup Cost": 0.0, "Total Cost": 4050.42, "Plan Rows": 154, "Plan Width": 46, "Inner Unique": true, "Plans": [{"Node Type": "Nested Loop", "Parent Relationship": "Outer", "Join Type": "Inner", "Startup Cost": 0.0, "Total Cost": 3386.84, "Plan Rows": 154, "Plan Width": 33, "Inner Unique": true, "Plans": [{"Node Type": "Nested Loop", "Parent Relationship": "Outer", "Join Type": "Inner", "Startup Cost": 0.0, "Total Cost": 3343.66, "Plan Rows": 154, "Plan Width": 25, "Inner Unique": false, "Plans": [{"Node Type": "Nested Loop", "Parent Relationship": "Outer", "Join Type": "Inner", "Startup Cost": 0.0, "Total Cost": 3330.45, "Plan Rows": 33, "Plan Width": 25, "Inner Unique": true, "Plans": [{"Node Type": "Nested Loop", "Parent Relationship": "Outer", "Join Type": "Inner", "Startup Cost": 0.0, "Total Cost": 3319.92, "Plan Rows": 33, "Plan Width": 4, "Inner Unique": false, "Plans": [{"Node Type": "Index Scan", "Parent Relationship": "Outer", "Scan Direction": "Forward", "Index Name": "keyword_pkey", "Relation Name": "keyword", "Alias": "k", "Startup Cost": 0.0, "Total Cost": 3182.72, "Plan Rows": 1, "Plan Width": 4, "Filter": "((keyword)::text = '10,000-mile-club'::text)"}, {"Node Type": "Index Scan", "Parent Relationship": "Inner", "Scan Direction": "Forward", "Index Name": "keyword_id_movie_keyword", "Relation Name": "movie_keyword", "Alias": "mk", "Startup Cost": 0.0, "Total Cost": 136.88, "Plan Rows": 33, "Plan Width": 8, "Index Cond": "(keyword_id = k.id)"}]}, {"Node Type": "Index Scan", "Parent Relationship": "Inner", "Scan Direction": "Forward", "Index Name": "title_pkey", "Relation Name": "title", "Alias": "t1", "Startup Cost": 0.0, "Total Cost": 0.31, "Plan Rows": 1, "Plan Width": 21, "Index Cond": "(id = mk.movie_id)"}]}, {"Node Type": "Index Scan", "Parent Relationship": "Inner", "Scan Direction": "Forward", "Index Name": "movie_id_movie_link", "Relation Name": "movie_link", "Alias": "ml", "Startup Cost": 0.0, "Total Cost": 0.35, "Plan Rows": 5, "Plan Width": 12, "Index Cond": "(movie_id = t1.id)"}]}, {"Node Type": "Index Scan", "Parent Relationship": "Inner", "Scan Direction": "Forward", "Index Name": "link_type_pkey", "Relation Name": "link_type", "Alias": "lt", "Startup Cost": 0.0, "Total Cost": 0.27, "Plan Rows": 1, "Plan Width": 16, "Index Cond": "(id = ml.link_type_id)"}]}, {"Node Type": "Index Scan", "Parent Relationship": "Inner", "Scan Direction": "Forward", "Index Name": "title_pkey", "Relation Name": "title", "Alias": "t2", "Startup Cost": 0.0, "Total Cost": 4.3, "Plan Rows": 1, "Plan Width": 21, "Index Cond": "(id = ml.linked_movie_id)"}]}]}, "Unique SQL Id": 524435555, "Planner Runtime": 12}, "explain_analyze_plan": {"Plan": {"Node Type": "Aggregate", "Strategy": "Plain", "Startup Cost": 4051.57, "Total Cost": 4051.58, "Plan Rows": 1, "Plan Width": 142, "Actual Startup Time": 116.677, "Actual Total Time": 116.678, "Actual Rows": 1, "Actual Loops": 1, "Plans": [{"Node Type": "Nested Loop", "Parent Relationship": "Outer", "Join Type": "Inner", "Startup Cost": 0.0, "Total Cost": 4050.42, "Plan Rows": 154, "Plan Width": 46, "Actual Startup Time": 116.671, "Actual Total Time": 116.671, "Actual Rows": 0, "Actual Loops": 1, "Inner Unique": true, "Plans": [{"Node Type": "Nested Loop", "Parent Relationship": "Outer", "Join Type": "Inner", "Startup Cost": 0.0, "Total Cost": 3386.84, "Plan Rows": 154, "Plan Width": 33, "Actual Startup Time": 116.668, "Actual Total Time": 116.668, "Actual Rows": 0, "Actual Loops": 1, "Inner Unique": true, "Plans": [{"Node Type": "Nested Loop", "Parent Relationship": "Outer", "Join Type": "Inner", "Startup Cost": 0.0, "Total Cost": 3343.66, "Plan Rows": 154, "Plan Width": 25, "Actual Startup Time": 116.667, "Actual Total Time": 116.667, "Actual Rows": 0, "Actual Loops": 1, "Inner Unique": false, "Plans": [{"Node Type": "Nested Loop", "Parent Relationship": "Outer", "Join Type": "Inner", "Startup Cost": 0.0, "Total Cost": 3330.45, "Plan Rows": 33, "Plan Width": 25, "Actual Startup Time": 114.781, "Actual Total Time": 116.653, "Actual Rows": 1, "Actual Loops": 1, "Inner Unique": true, "Plans": [{"Node Type": "Nested Loop", "Parent Relationship": "Outer", "Join Type": "Inner", "Startup Cost": 0.0, "Total Cost": 3319.92, "Plan Rows": 33, "Plan Width": 4, "Actual Startup Time": 114.757, "Actual Total Time": 116.628, "Actual Rows": 1, "Actual Loops": 1, "Inner Unique": false, "Plans": [{"Node Type": "Index Scan", "Parent Relationship": "Outer", "Scan Direction": "Forward", "Index Name": "keyword_pkey", "Relation Name": "keyword", "Alias": "k", "Startup Cost": 0.0, "Total Cost": 3182.72, "Plan Rows": 1, "Plan Width": 4, "Actual Startup Time": 114.722, "Actual Total Time": 116.591, "Actual Rows": 1, "Actual Loops": 1, "Filter": "((keyword)::text = '10,000-mile-club'::text)", "Rows Removed by Filter": 134168}, {"Node Type": "Index Scan", "Parent Relationship": "Inner", "Scan Direction": "Forward", "Index Name": "keyword_id_movie_keyword", "Relation Name": "movie_keyword", "Alias": "mk", "Startup Cost": 0.0, "Total Cost": 136.88, "Plan Rows": 33, "Plan Width": 8, "Actual Startup Time": 0.023, "Actual Total Time": 0.023, "Actual Rows": 1, "Actual Loops": 1, "Index Cond": "(keyword_id = k.id)", "Rows Removed by Index Recheck": 0}]}, {"Node Type": "Index Scan", "Parent Relationship": "Inner", "Scan Direction": "Forward", "Index Name": "title_pkey", "Relation Name": "title", "Alias": "t1", "Startup Cost": 0.0, "Total Cost": 0.31, "Plan Rows": 1, "Plan Width": 21, "Actual Startup Time": 0.017, "Actual Total Time": 0.017, "Actual Rows": 1, "Actual Loops": 1, "Index Cond": "(id = mk.movie_id)", "Rows Removed by Index Recheck": 0}]}, {"Node Type": "Index Scan", "Parent Relationship": "Inner", "Scan Direction": "Forward", "Index Name": "movie_id_movie_link", "Relation Name": "movie_link", "Alias": "ml", "Startup Cost": 0.0, "Total Cost": 0.35, "Plan Rows": 5, "Plan Width": 12, "Actual Startup Time": 0.009, "Actual Total Time": 0.009, "Actual Rows": 0, "Actual Loops": 1, "Index Cond": "(movie_id = t1.id)", "Rows Removed by Index Recheck": 0}]}, {"Node Type": "Index Scan", "Parent Relationship": "Inner", "Scan Direction": "Forward", "Index Name": "link_type_pkey", "Relation Name": "link_type", "Alias": "lt", "Startup Cost": 0.0, "Total Cost": 0.27, "Plan Rows": 1, "Plan Width": 16, "Actual Startup Time": 0.0, "Actual Total Time": 0.0, "Index Cond": "(id = ml.link_type_id)", "Rows Removed by Index Recheck": 0}]}, {"Node Type": "Index Scan", "Parent Relationship": "Inner", "Scan Direction": "Forward", "Index Name": "title_pkey", "Relation Name": "title", "Alias": "t2", "Startup Cost": 0.0, "Total Cost": 4.3, "Plan Rows": 1, "Plan Width": 21, "Actual Startup Time": 0.0, "Actual Total Time": 0.0, "Index Cond": "(id = ml.linked_movie_id)", "Rows Removed by Index Recheck": 0}]}]}, "Triggers": [], "Planner Runtime": 2, "Total Runtime": 116.955, "Unique SQL Id": 524435555}}, "(1, 10)": {"explain_plan": {"Plan": {"Node Type": "Aggregate", "Strategy": "Plain", "Startup Cost": 216174.04, "Total Cost": 216174.05, "Plan Rows": 1, "Plan Width": 142, "Plans": [{"Node Type": "Nested Loop", "Parent Relationship": "Outer", "Join Type": "Inner", "Startup Cost": 146580.59, "Total Cost": 216172.88, "Plan Rows": 154, "Plan Width": 46, "Inner Unique": true, "Join Filter": "(ml.link_type_id = lt.id)", "Plans": [{"Node Type": "Hash Join", "Parent Relationship": "Outer", "Join Type": "Inner", "Startup Cost": 146580.59, "Total Cost": 216132.4, "Plan Rows": 154, "Plan Width": 38, "Inner Unique": false, "Hash Cond": "(t2.id = ml.linked_movie_id)", "Plans": [{"Node Type": "Seq Scan", "Parent Relationship": "Outer", "Relation Name": "title", "Alias": "t2", "Startup Cost": 0.0, "Total Cost": 60069.11, "Plan Rows": 2528311, "Plan Width": 21}, {"Node Type": "Hash", "Parent Relationship": "Inner", "Startup Cost": 146578.66, "Total Cost": 146578.66, "Plan Rows": 154, "Plan Width": 25, "Plans": [{"Node Type": "Hash Join", "Parent Relationship": "Outer", "Join Type": "Inner", "Startup Cost": 77022.17, "Total Cost": 146578.66, "Plan Rows": 154, "Plan Width": 25, "Inner Unique": false, "Hash Cond": "(t1.id = ml.movie_id)", "Plans": [{"Node Type": "Hash Join", "Parent Relationship": "Outer", "Join Type": "Inner", "Startup Cost": 76216.26, "Total Cost": 145766.86, "Plan Rows": 33, "Plan Width": 25, "Inner Unique": false, "Hash Cond": "(t1.id = mk.movie_id)", "Plans": [{"Node Type": "Seq Scan", "Parent Relationship": "Outer", "Relation Name": "title", "Alias": "t1", "Startup Cost": 0.0, "Total Cost": 60069.11, "Plan Rows": 2528311, "Plan Width": 21}, {"Node Type": "Hash", "Parent Relationship": "Inner", "Startup Cost": 76215.84, "Total Cost": 76215.84, "Plan Rows": 33, "Plan Width": 4, "Plans": [{"Node Type": "Hash Join", "Parent Relationship": "Outer", "Join Type": "Inner", "Startup Cost": 2436.12, "Total Cost": 76215.84, "Plan Rows": 33, "Plan Width": 4, "Inner Unique": true, "Hash Cond": "(mk.keyword_id = k.id)", "Plans": [{"Node Type": "Seq Scan", "Parent Relationship": "Outer", "Relation Name": "movie_keyword", "Alias": "mk", "Startup Cost": 0.0, "Total Cost": 62441.29, "Plan Rows": 4523929, "Plan Width": 8}, {"Node Type": "Hash", "Parent Relationship": "Inner", "Startup Cost": 2436.11, "Total Cost": 2436.11, "Plan Rows": 1, "Plan Width": 4, "Plans": [{"Node Type": "Seq Scan", "Parent Relationship": "Outer", "Relation Name": "keyword", "Alias": "k", "Startup Cost": 0.0, "Total Cost": 2436.11, "Plan Rows": 1, "Plan Width": 4, "Filter": "((keyword)::text = '10,000-mile-club'::text)"}]}]}]}]}, {"Node Type": "Hash", "Parent Relationship": "Inner", "Startup Cost": 430.96, "Total Cost": 430.96, "Plan Rows": 29996, "Plan Width": 12, "Plans": [{"Node Type": "Seq Scan", "Parent Relationship": "Outer", "Relation Name": "movie_link", "Alias": "ml", "Startup Cost": 0.0, "Total Cost": 430.96, "Plan Rows": 29996, "Plan Width": 12}]}]}]}]}, {"Node Type": "Materialize", "Parent Relationship": "Inner", "Startup Cost": 0.0, "Total Cost": 1.25, "Plan Rows": 17, "Plan Width": 16, "Plans": [{"Node Type": "Seq Scan", "Parent Relationship": "Outer", "Relation Name": "link_type", "Alias": "lt", "Startup Cost": 0.0, "Total Cost": 1.17, "Plan Rows": 17, "Plan Width": 16}]}]}]}, "Unique SQL Id": 524435555, "Planner Runtime": 12}, "explain_analyze_plan": null}, "(1, 11)": {"explain_plan": {"Plan": {"Node Type": "Aggregate", "Strategy": "Plain", "Startup Cost": 3151838021043.93, "Total Cost": 3151838021043.94, "Plan Rows": 1, "Plan Width": 142, "Plans": [{"Node Type": "Nested Loop", "Parent Relationship": "Outer", "Join Type": "Inner", "Startup Cost": 1230056461532.74, "Total Cost": 3151838021042.77, "Plan Rows": 154, "Plan Width": 46, "Inner Unique": false, "Join Filter": "(ml.linked_movie_id = t2.id)", "Plans": [{"Node Type": "Index Scan", "Parent Relationship": "Outer", "Scan Direction": "Forward", "Index Name": "title_pkey", "Relation Name": "title", "Alias": "t2", "Startup Cost": 10000000000.0, "Total Cost": 1000011012048.91, "Plan Rows": 2528311, "Plan Width": 21}, {"Node Type": "Materialize", "Parent Relationship": "Inner", "Startup Cost": 1220056461532.74, "Total Cost": 2151821168595.83, "Plan Rows": 154, "Plan Width": 33, "Plans": [{"Node Type": "Merge Join", "Parent Relationship": "Outer", "Join Type": "Inner", "Startup Cost": 1220056461532.74, "Total Cost": 2151821168595.06, "Plan Rows": 154, "Plan Width": 33, "Inner Unique": true, "Merge Cond": "(ml.link_type_id = lt.id)", "Plans": [{"Node Type": "Sort", "Parent Relationship": "Outer", "Startup Cost": 1210056461532.71, "Total Cost": 1210056461533.1, "Plan Rows": 154, "Plan Width": 25, "Sort Key": ["ml.link_type_id"], "Plans": [{"Node Type": "Merge Join", "Parent Relationship": "Outer", "Join Type": "Inner", "Startup Cost": 40120995164.23, "Total Cost": 1210056461527.12, "Plan Rows": 154, "Plan Width": 25, "Inner Unique": false, "Merge Cond": "(t1.id = ml.movie_id)", "Plans": [{"Node Type": "Merge Join", "Parent Relationship": "Outer", "Join Type": "Inner", "Startup Cost": 30120995164.23, "Total Cost": 2999054436549.81, "Plan Rows": 33, "Plan Width": 25, "Inner Unique": true, "Merge Cond": "(mk.movie_id = t1.id)", "Plans": [{"Node Type": "Nested Loop", "Parent Relationship": "Outer", "Join Type": "Inner", "Startup Cost": 20000000000.0, "Total Cost": 2000015686764.79, "Plan Rows": 33, "Plan Width": 4, "Inner Unique": true, "Join Filter": "(k.id = mk.keyword_id)", "Plans": [{"Node Type": "Index Scan", "Parent Relationship": "Outer", "Scan Direction": "Forward", "Index Name": "movie_id_movie_keyword", "Relation Name": "movie_keyword", "Alias": "mk", "Startup Cost": 10000000000.0, "Total Cost": 1000015300634.17, "Plan Rows": 4523929, "Plan Width": 8}, {"Node Type": "Materialize", "Parent Relationship": "Inner", "Startup Cost": 10000000000.0, "Total Cost": 1000000318271.69, "Plan Rows": 1, "Plan Width": 4, "Plans": [{"Node Type": "Index Scan", "Parent Relationship": "Outer", "Scan Direction": "Forward", "Index Name": "keyword_pkey", "Relation Name": "keyword", "Alias": "k", "Startup Cost": 10000000000.0, "Total Cost": 1000000318271.68, "Plan Rows": 1, "Plan Width": 4, "Filter": "((keyword)::text = '10,000-mile-club'::text)"}]}]}, {"Node Type": "Index Scan", "Parent Relationship": "Inner", "Scan Direction": "Forward", "Index Name": "title_pkey", "Relation Name": "title", "Alias": "t1", "Startup Cost": 10000000000.0, "Total Cost": 1000011012048.91, "Plan Rows": 2528311, "Plan Width": 21}]}, {"Node Type": "Index Scan", "Parent Relationship": "Inner", "Scan Direction": "Forward", "Index Name": "movie_id_movie_link", "Relation Name": "movie_link", "Alias": "ml", "Startup Cost": 10000000000.0, "Total Cost": 1000000106202.37, "Plan Rows": 29996, "Plan Width": 12}]}]}, {"Node Type": "Materialize", "Parent Relationship": "Inner", "Startup Cost": 10000000000.0, "Total Cost": 1000000001250.54, "Plan Rows": 17, "Plan Width": 16, "Plans": [{"Node Type": "Index Scan", "Parent Relationship": "Outer", "Scan Direction": "Forward", "Index Name": "link_type_pkey", "Relation Name": "link_type", "Alias": "lt", "Startup Cost": 10000000000.0, "Total Cost": 1000000001250.5, "Plan Rows": 17, "Plan Width": 16}]}]}]}]}]}, "Unique SQL Id": 524435555, "Planner Runtime": 12}, "explain_analyze_plan": null}, "(1, 12)": {"explain_plan": {"Plan": {"Node Type": "Aggregate", "Strategy": "Plain", "Startup Cost": 3265.11, "Total Cost": 3265.12, "Plan Rows": 1, "Plan Width": 142, "Plans": [{"Node Type": "Nested Loop", "Parent Relationship": "Outer", "Join Type": "Inner", "Startup Cost": 1.38, "Total Cost": 3263.96, "Plan Rows": 154, "Plan Width": 46, "Inner Unique": true, "Plans": [{"Node Type": "Hash Join", "Parent Relationship": "Outer", "Join Type": "Inner", "Startup Cost": 1.38, "Total Cost": 2600.38, "Plan Rows": 154, "Plan Width": 33, "Inner Unique": true, "Hash Cond": "(ml.link_type_id = lt.id)", "Plans": [{"Node Type": "Nested Loop", "Parent Relationship": "Outer", "Join Type": "Inner", "Startup Cost": 0.0, "Total Cost": 2597.06, "Plan Rows": 154, "Plan Width": 25, "Inner Unique": false, "Plans": [{"Node Type": "Nested Loop", "Parent Relationship": "Outer", "Join Type": "Inner", "Startup Cost": 0.0, "Total Cost": 2583.84, "Plan Rows": 33, "Plan Width": 25, "Inner Unique": true, "Plans": [{"Node Type": "Nested Loop", "Parent Relationship": "Outer", "Join Type": "Inner", "Startup Cost": 0.0, "Total Cost": 2573.32, "Plan Rows": 33, "Plan Width": 4, "Inner Unique": false, "Plans": [{"Node Type": "Seq Scan", "Parent Relationship": "Outer", "Relation Name": "keyword", "Alias": "k", "Startup Cost": 0.0, "Total Cost": 2436.11, "Plan Rows": 1, "Plan Width": 4, "Filter": "((keyword)::text = '10,000-mile-club'::text)"}, {"Node Type": "Index Scan", "Parent Relationship": "Inner", "Scan Direction": "Forward", "Index Name": "keyword_id_movie_keyword", "Relation Name": "movie_keyword", "Alias": "mk", "Startup Cost": 0.0, "Total Cost": 136.88, "Plan Rows": 33, "Plan Width": 8, "Index Cond": "(keyword_id = k.id)"}]}, {"Node Type": "Index Scan", "Parent Relationship": "Inner", "Scan Direction": "Forward", "Index Name": "title_pkey", "Relation Name": "title", "Alias": "t1", "Startup Cost": 0.0, "Total Cost": 0.31, "Plan Rows": 1, "Plan Width": 21, "Index Cond": "(id = mk.movie_id)"}]}, {"Node Type": "Index Scan", "Parent Relationship": "Inner", "Scan Direction": "Forward", "Index Name": "movie_id_movie_link", "Relation Name": "movie_link", "Alias": "ml", "Startup Cost": 0.0, "Total Cost": 0.35, "Plan Rows": 5, "Plan Width": 12, "Index Cond": "(movie_id = t1.id)"}]}, {"Node Type": "Hash", "Parent Relationship": "Inner", "Startup Cost": 1.17, "Total Cost": 1.17, "Plan Rows": 17, "Plan Width": 16, "Plans": [{"Node Type": "Seq Scan", "Parent Relationship": "Outer", "Relation Name": "link_type", "Alias": "lt", "Startup Cost": 0.0, "Total Cost": 1.17, "Plan Rows": 17, "Plan Width": 16}]}]}, {"Node Type": "Index Scan", "Parent Relationship": "Inner", "Scan Direction": "Forward", "Index Name": "title_pkey", "Relation Name": "title", "Alias": "t2", "Startup Cost": 0.0, "Total Cost": 4.3, "Plan Rows": 1, "Plan Width": 21, "Index Cond": "(id = ml.linked_movie_id)"}]}]}, "Unique SQL Id": 524435555, "Planner Runtime": 12}, "explain_analyze_plan": {"Plan": {"Node Type": "Aggregate", "Strategy": "Plain", "Startup Cost": 3265.11, "Total Cost": 3265.12, "Plan Rows": 1, "Plan Width": 142, "Actual Startup Time": 41.179, "Actual Total Time": 41.179, "Actual Rows": 1, "Actual Loops": 1, "Plans": [{"Node Type": "Nested Loop", "Parent Relationship": "Outer", "Join Type": "Inner", "Startup Cost": 1.38, "Total Cost": 3263.96, "Plan Rows": 154, "Plan Width": 46, "Actual Startup Time": 41.172, "Actual Total Time": 41.172, "Actual Rows": 0, "Actual Loops": 1, "Inner Unique": true, "Plans": [{"Node Type": "Hash Join", "Parent Relationship": "Outer", "Join Type": "Inner", "Startup Cost": 1.38, "Total Cost": 2600.38, "Plan Rows": 154, "Plan Width": 33, "Actual Startup Time": 41.171, "Actual Total Time": 41.171, "Actual Rows": 0, "Actual Loops": 1, "Inner Unique": true, "Hash Cond": "(ml.link_type_id = lt.id)", "Plans": [{"Node Type": "Nested Loop", "Parent Relationship": "Outer", "Join Type": "Inner", "Startup Cost": 0.0, "Total Cost": 2597.06, "Plan Rows": 154, "Plan Width": 25, "Actual Startup Time": 41.165, "Actual Total Time": 41.165, "Actual Rows": 0, "Actual Loops": 1, "Inner Unique": false, "Plans": [{"Node Type": "Nested Loop", "Parent Relationship": "Outer", "Join Type": "Inner", "Startup Cost": 0.0, "Total Cost": 2583.84, "Plan Rows": 33, "Plan Width": 25, "Actual Startup Time": 40.28, "Actual Total Time": 41.161, "Actual Rows": 1, "Actual Loops": 1, "Inner Unique": true, "Plans": [{"Node Type": "Nested Loop", "Parent Relationship": "Outer", "Join Type": "Inner", "Startup Cost": 0.0, "Total Cost": 2573.32, "Plan Rows": 33, "Plan Width": 4, "Actual Startup Time": 40.268, "Actual Total Time": 41.149, "Actual Rows": 1, "Actual Loops": 1, "Inner Unique": false, "Plans": [{"Node Type": "Seq Scan", "Parent Relationship": "Outer", "Relation Name": "keyword", "Alias": "k", "Startup Cost": 0.0, "Total Cost": 2436.11, "Plan Rows": 1, "Plan Width": 4, "Actual Startup Time": 40.247, "Actual Total Time": 41.126, "Actual Rows": 1, "Actual Loops": 1, "Filter": "((keyword)::text = '10,000-mile-club'::text)", "Rows Removed by Filter": 134168}, {"Node Type": "Index Scan", "Parent Relationship": "Inner", "Scan Direction": "Forward", "Index Name": "keyword_id_movie_keyword", "Relation Name": "movie_keyword", "Alias": "mk", "Startup Cost": 0.0, "Total Cost": 136.88, "Plan Rows": 33, "Plan Width": 8, "Actual Startup Time": 0.015, "Actual Total Time": 0.016, "Actual Rows": 1, "Actual Loops": 1, "Index Cond": "(keyword_id = k.id)", "Rows Removed by Index Recheck": 0}]}, {"Node Type": "Index Scan", "Parent Relationship": "Inner", "Scan Direction": "Forward", "Index Name": "title_pkey", "Relation Name": "title", "Alias": "t1", "Startup Cost": 0.0, "Total Cost": 0.31, "Plan Rows": 1, "Plan Width": 21, "Actual Startup Time": 0.009, "Actual Total Time": 0.009, "Actual Rows": 1, "Actual Loops": 1, "Index Cond": "(id = mk.movie_id)", "Rows Removed by Index Recheck": 0}]}, {"Node Type": "Index Scan", "Parent Relationship": "Inner", "Scan Direction": "Forward", "Index Name": "movie_id_movie_link", "Relation Name": "movie_link", "Alias": "ml", "Startup Cost": 0.0, "Total Cost": 0.35, "Plan Rows": 5, "Plan Width": 12, "Actual Startup Time": 0.003, "Actual Total Time": 0.003, "Actual Rows": 0, "Actual Loops": 1, "Index Cond": "(movie_id = t1.id)", "Rows Removed by Index Recheck": 0}]}, {"Node Type": "Hash", "Parent Relationship": "Inner", "Startup Cost": 1.17, "Total Cost": 1.17, "Plan Rows": 17, "Plan Width": 16, "Actual Startup Time": 0.0, "Actual Total Time": 0.0, "Hash Buckets": 0, "Hash Batches": 0, "Original Hash Batches": 0, "Peak Memory Usage": 0, "Plans": [{"Node Type": "Seq Scan", "Parent Relationship": "Outer", "Relation Name": "link_type", "Alias": "lt", "Startup Cost": 0.0, "Total Cost": 1.17, "Plan Rows": 17, "Plan Width": 16, "Actual Startup Time": 0.0, "Actual Total Time": 0.0}]}]}, {"Node Type": "Index Scan", "Parent Relationship": "Inner", "Scan Direction": "Forward", "Index Name": "title_pkey", "Relation Name": "title", "Alias": "t2", "Startup Cost": 0.0, "Total Cost": 4.3, "Plan Rows": 1, "Plan Width": 21, "Actual Startup Time": 0.0, "Actual Total Time": 0.0, "Index Cond": "(id = ml.linked_movie_id)", "Rows Removed by Index Recheck": 0}]}]}, "Triggers": [], "Planner Runtime": 5, "Total Runtime": 41.389, "Unique SQL Id": 524435555}}, "(1, 13)": {"explain_plan": {"Plan": {"Node Type": "Aggregate", "Strategy": "Plain", "Startup Cost": 4051.57, "Total Cost": 4051.58, "Plan Rows": 1, "Plan Width": 142, "Plans": [{"Node Type": "Nested Loop", "Parent Relationship": "Outer", "Join Type": "Inner", "Startup Cost": 0.0, "Total Cost": 4050.42, "Plan Rows": 154, "Plan Width": 46, "Inner Unique": true, "Plans": [{"Node Type": "Nested Loop", "Parent Relationship": "Outer", "Join Type": "Inner", "Startup Cost": 0.0, "Total Cost": 3386.84, "Plan Rows": 154, "Plan Width": 33, "Inner Unique": true, "Plans": [{"Node Type": "Nested Loop", "Parent Relationship": "Outer", "Join Type": "Inner", "Startup Cost": 0.0, "Total Cost": 3343.66, "Plan Rows": 154, "Plan Width": 25, "Inner Unique": false, "Plans": [{"Node Type": "Nested Loop", "Parent Relationship": "Outer", "Join Type": "Inner", "Startup Cost": 0.0, "Total Cost": 3330.45, "Plan Rows": 33, "Plan Width": 25, "Inner Unique": true, "Plans": [{"Node Type": "Nested Loop", "Parent Relationship": "Outer", "Join Type": "Inner", "Startup Cost": 0.0, "Total Cost": 3319.92, "Plan Rows": 33, "Plan Width": 4, "Inner Unique": false, "Plans": [{"Node Type": "Index Scan", "Parent Relationship": "Outer", "Scan Direction": "Forward", "Index Name": "keyword_pkey", "Relation Name": "keyword", "Alias": "k", "Startup Cost": 0.0, "Total Cost": 3182.72, "Plan Rows": 1, "Plan Width": 4, "Filter": "((keyword)::text = '10,000-mile-club'::text)"}, {"Node Type": "Index Scan", "Parent Relationship": "Inner", "Scan Direction": "Forward", "Index Name": "keyword_id_movie_keyword", "Relation Name": "movie_keyword", "Alias": "mk", "Startup Cost": 0.0, "Total Cost": 136.88, "Plan Rows": 33, "Plan Width": 8, "Index Cond": "(keyword_id = k.id)"}]}, {"Node Type": "Index Scan", "Parent Relationship": "Inner", "Scan Direction": "Forward", "Index Name": "title_pkey", "Relation Name": "title", "Alias": "t1", "Startup Cost": 0.0, "Total Cost": 0.31, "Plan Rows": 1, "Plan Width": 21, "Index Cond": "(id = mk.movie_id)"}]}, {"Node Type": "Index Scan", "Parent Relationship": "Inner", "Scan Direction": "Forward", "Index Name": "movie_id_movie_link", "Relation Name": "movie_link", "Alias": "ml", "Startup Cost": 0.0, "Total Cost": 0.35, "Plan Rows": 5, "Plan Width": 12, "Index Cond": "(movie_id = t1.id)"}]}, {"Node Type": "Index Scan", "Parent Relationship": "Inner", "Scan Direction": "Forward", "Index Name": "link_type_pkey", "Relation Name": "link_type", "Alias": "lt", "Startup Cost": 0.0, "Total Cost": 0.27, "Plan Rows": 1, "Plan Width": 16, "Index Cond": "(id = ml.link_type_id)"}]}, {"Node Type": "Index Scan", "Parent Relationship": "Inner", "Scan Direction": "Forward", "Index Name": "title_pkey", "Relation Name": "title", "Alias": "t2", "Startup Cost": 0.0, "Total Cost": 4.3, "Plan Rows": 1, "Plan Width": 21, "Index Cond": "(id = ml.linked_movie_id)"}]}]}, "Unique SQL Id": 524435555, "Planner Runtime": 12}, "explain_analyze_plan": {"Plan": {"Node Type": "Aggregate", "Strategy": "Plain", "Startup Cost": 4051.57, "Total Cost": 4051.58, "Plan Rows": 1, "Plan Width": 142, "Actual Startup Time": 116.677, "Actual Total Time": 116.678, "Actual Rows": 1, "Actual Loops": 1, "Plans": [{"Node Type": "Nested Loop", "Parent Relationship": "Outer", "Join Type": "Inner", "Startup Cost": 0.0, "Total Cost": 4050.42, "Plan Rows": 154, "Plan Width": 46, "Actual Startup Time": 116.671, "Actual Total Time": 116.671, "Actual Rows": 0, "Actual Loops": 1, "Inner Unique": true, "Plans": [{"Node Type": "Nested Loop", "Parent Relationship": "Outer", "Join Type": "Inner", "Startup Cost": 0.0, "Total Cost": 3386.84, "Plan Rows": 154, "Plan Width": 33, "Actual Startup Time": 116.668, "Actual Total Time": 116.668, "Actual Rows": 0, "Actual Loops": 1, "Inner Unique": true, "Plans": [{"Node Type": "Nested Loop", "Parent Relationship": "Outer", "Join Type": "Inner", "Startup Cost": 0.0, "Total Cost": 3343.66, "Plan Rows": 154, "Plan Width": 25, "Actual Startup Time": 116.667, "Actual Total Time": 116.667, "Actual Rows": 0, "Actual Loops": 1, "Inner Unique": false, "Plans": [{"Node Type": "Nested Loop", "Parent Relationship": "Outer", "Join Type": "Inner", "Startup Cost": 0.0, "Total Cost": 3330.45, "Plan Rows": 33, "Plan Width": 25, "Actual Startup Time": 114.781, "Actual Total Time": 116.653, "Actual Rows": 1, "Actual Loops": 1, "Inner Unique": true, "Plans": [{"Node Type": "Nested Loop", "Parent Relationship": "Outer", "Join Type": "Inner", "Startup Cost": 0.0, "Total Cost": 3319.92, "Plan Rows": 33, "Plan Width": 4, "Actual Startup Time": 114.757, "Actual Total Time": 116.628, "Actual Rows": 1, "Actual Loops": 1, "Inner Unique": false, "Plans": [{"Node Type": "Index Scan", "Parent Relationship": "Outer", "Scan Direction": "Forward", "Index Name": "keyword_pkey", "Relation Name": "keyword", "Alias": "k", "Startup Cost": 0.0, "Total Cost": 3182.72, "Plan Rows": 1, "Plan Width": 4, "Actual Startup Time": 114.722, "Actual Total Time": 116.591, "Actual Rows": 1, "Actual Loops": 1, "Filter": "((keyword)::text = '10,000-mile-club'::text)", "Rows Removed by Filter": 134168}, {"Node Type": "Index Scan", "Parent Relationship": "Inner", "Scan Direction": "Forward", "Index Name": "keyword_id_movie_keyword", "Relation Name": "movie_keyword", "Alias": "mk", "Startup Cost": 0.0, "Total Cost": 136.88, "Plan Rows": 33, "Plan Width": 8, "Actual Startup Time": 0.023, "Actual Total Time": 0.023, "Actual Rows": 1, "Actual Loops": 1, "Index Cond": "(keyword_id = k.id)", "Rows Removed by Index Recheck": 0}]}, {"Node Type": "Index Scan", "Parent Relationship": "Inner", "Scan Direction": "Forward", "Index Name": "title_pkey", "Relation Name": "title", "Alias": "t1", "Startup Cost": 0.0, "Total Cost": 0.31, "Plan Rows": 1, "Plan Width": 21, "Actual Startup Time": 0.017, "Actual Total Time": 0.017, "Actual Rows": 1, "Actual Loops": 1, "Index Cond": "(id = mk.movie_id)", "Rows Removed by Index Recheck": 0}]}, {"Node Type": "Index Scan", "Parent Relationship": "Inner", "Scan Direction": "Forward", "Index Name": "movie_id_movie_link", "Relation Name": "movie_link", "Alias": "ml", "Startup Cost": 0.0, "Total Cost": 0.35, "Plan Rows": 5, "Plan Width": 12, "Actual Startup Time": 0.009, "Actual Total Time": 0.009, "Actual Rows": 0, "Actual Loops": 1, "Index Cond": "(movie_id = t1.id)", "Rows Removed by Index Recheck": 0}]}, {"Node Type": "Index Scan", "Parent Relationship": "Inner", "Scan Direction": "Forward", "Index Name": "link_type_pkey", "Relation Name": "link_type", "Alias": "lt", "Startup Cost": 0.0, "Total Cost": 0.27, "Plan Rows": 1, "Plan Width": 16, "Actual Startup Time": 0.0, "Actual Total Time": 0.0, "Index Cond": "(id = ml.link_type_id)", "Rows Removed by Index Recheck": 0}]}, {"Node Type": "Index Scan", "Parent Relationship": "Inner", "Scan Direction": "Forward", "Index Name": "title_pkey", "Relation Name": "title", "Alias": "t2", "Startup Cost": 0.0, "Total Cost": 4.3, "Plan Rows": 1, "Plan Width": 21, "Actual Startup Time": 0.0, "Actual Total Time": 0.0, "Index Cond": "(id = ml.linked_movie_id)", "Rows Removed by Index Recheck": 0}]}]}, "Triggers": [], "Planner Runtime": 2, "Total Runtime": 116.955, "Unique SQL Id": 524435555}}, "(1, 14)": {"explain_plan": {"Plan": {"Node Type": "Aggregate", "Strategy": "Plain", "Startup Cost": 216174.04, "Total Cost": 216174.05, "Plan Rows": 1, "Plan Width": 142, "Plans": [{"Node Type": "Nested Loop", "Parent Relationship": "Outer", "Join Type": "Inner", "Startup Cost": 146580.59, "Total Cost": 216172.88, "Plan Rows": 154, "Plan Width": 46, "Inner Unique": true, "Join Filter": "(ml.link_type_id = lt.id)", "Plans": [{"Node Type": "Hash Join", "Parent Relationship": "Outer", "Join Type": "Inner", "Startup Cost": 146580.59, "Total Cost": 216132.4, "Plan Rows": 154, "Plan Width": 38, "Inner Unique": false, "Hash Cond": "(t2.id = ml.linked_movie_id)", "Plans": [{"Node Type": "Seq Scan", "Parent Relationship": "Outer", "Relation Name": "title", "Alias": "t2", "Startup Cost": 0.0, "Total Cost": 60069.11, "Plan Rows": 2528311, "Plan Width": 21}, {"Node Type": "Hash", "Parent Relationship": "Inner", "Startup Cost": 146578.66, "Total Cost": 146578.66, "Plan Rows": 154, "Plan Width": 25, "Plans": [{"Node Type": "Hash Join", "Parent Relationship": "Outer", "Join Type": "Inner", "Startup Cost": 77022.17, "Total Cost": 146578.66, "Plan Rows": 154, "Plan Width": 25, "Inner Unique": false, "Hash Cond": "(t1.id = ml.movie_id)", "Plans": [{"Node Type": "Hash Join", "Parent Relationship": "Outer", "Join Type": "Inner", "Startup Cost": 76216.26, "Total Cost": 145766.86, "Plan Rows": 33, "Plan Width": 25, "Inner Unique": false, "Hash Cond": "(t1.id = mk.movie_id)", "Plans": [{"Node Type": "Seq Scan", "Parent Relationship": "Outer", "Relation Name": "title", "Alias": "t1", "Startup Cost": 0.0, "Total Cost": 60069.11, "Plan Rows": 2528311, "Plan Width": 21}, {"Node Type": "Hash", "Parent Relationship": "Inner", "Startup Cost": 76215.84, "Total Cost": 76215.84, "Plan Rows": 33, "Plan Width": 4, "Plans": [{"Node Type": "Hash Join", "Parent Relationship": "Outer", "Join Type": "Inner", "Startup Cost": 2436.12, "Total Cost": 76215.84, "Plan Rows": 33, "Plan Width": 4, "Inner Unique": true, "Hash Cond": "(mk.keyword_id = k.id)", "Plans": [{"Node Type": "Seq Scan", "Parent Relationship": "Outer", "Relation Name": "movie_keyword", "Alias": "mk", "Startup Cost": 0.0, "Total Cost": 62441.29, "Plan Rows": 4523929, "Plan Width": 8}, {"Node Type": "Hash", "Parent Relationship": "Inner", "Startup Cost": 2436.11, "Total Cost": 2436.11, "Plan Rows": 1, "Plan Width": 4, "Plans": [{"Node Type": "Seq Scan", "Parent Relationship": "Outer", "Relation Name": "keyword", "Alias": "k", "Startup Cost": 0.0, "Total Cost": 2436.11, "Plan Rows": 1, "Plan Width": 4, "Filter": "((keyword)::text = '10,000-mile-club'::text)"}]}]}]}]}, {"Node Type": "Hash", "Parent Relationship": "Inner", "Startup Cost": 430.96, "Total Cost": 430.96, "Plan Rows": 29996, "Plan Width": 12, "Plans": [{"Node Type": "Seq Scan", "Parent Relationship": "Outer", "Relation Name": "movie_link", "Alias": "ml", "Startup Cost": 0.0, "Total Cost": 430.96, "Plan Rows": 29996, "Plan Width": 12}]}]}]}]}, {"Node Type": "Materialize", "Parent Relationship": "Inner", "Startup Cost": 0.0, "Total Cost": 1.25, "Plan Rows": 17, "Plan Width": 16, "Plans": [{"Node Type": "Seq Scan", "Parent Relationship": "Outer", "Relation Name": "link_type", "Alias": "lt", "Startup Cost": 0.0, "Total Cost": 1.17, "Plan Rows": 17, "Plan Width": 16}]}]}]}, "Unique SQL Id": 524435555, "Planner Runtime": 12}, "explain_analyze_plan": null}, "(1, 15)": {"explain_plan": {"Plan": {"Node Type": "Aggregate", "Strategy": "Plain", "Startup Cost": 3151838021043.93, "Total Cost": 3151838021043.94, "Plan Rows": 1, "Plan Width": 142, "Plans": [{"Node Type": "Nested Loop", "Parent Relationship": "Outer", "Join Type": "Inner", "Startup Cost": 1230056461532.74, "Total Cost": 3151838021042.77, "Plan Rows": 154, "Plan Width": 46, "Inner Unique": false, "Join Filter": "(ml.linked_movie_id = t2.id)", "Plans": [{"Node Type": "Index Scan", "Parent Relationship": "Outer", "Scan Direction": "Forward", "Index Name": "title_pkey", "Relation Name": "title", "Alias": "t2", "Startup Cost": 10000000000.0, "Total Cost": 1000011012048.91, "Plan Rows": 2528311, "Plan Width": 21}, {"Node Type": "Materialize", "Parent Relationship": "Inner", "Startup Cost": 1220056461532.74, "Total Cost": 2151821168595.83, "Plan Rows": 154, "Plan Width": 33, "Plans": [{"Node Type": "Merge Join", "Parent Relationship": "Outer", "Join Type": "Inner", "Startup Cost": 1220056461532.74, "Total Cost": 2151821168595.06, "Plan Rows": 154, "Plan Width": 33, "Inner Unique": true, "Merge Cond": "(ml.link_type_id = lt.id)", "Plans": [{"Node Type": "Sort", "Parent Relationship": "Outer", "Startup Cost": 1210056461532.71, "Total Cost": 1210056461533.1, "Plan Rows": 154, "Plan Width": 25, "Sort Key": ["ml.link_type_id"], "Plans": [{"Node Type": "Merge Join", "Parent Relationship": "Outer", "Join Type": "Inner", "Startup Cost": 40120995164.23, "Total Cost": 1210056461527.12, "Plan Rows": 154, "Plan Width": 25, "Inner Unique": false, "Merge Cond": "(t1.id = ml.movie_id)", "Plans": [{"Node Type": "Merge Join", "Parent Relationship": "Outer", "Join Type": "Inner", "Startup Cost": 30120995164.23, "Total Cost": 2999054436549.81, "Plan Rows": 33, "Plan Width": 25, "Inner Unique": true, "Merge Cond": "(mk.movie_id = t1.id)", "Plans": [{"Node Type": "Nested Loop", "Parent Relationship": "Outer", "Join Type": "Inner", "Startup Cost": 20000000000.0, "Total Cost": 2000015686764.79, "Plan Rows": 33, "Plan Width": 4, "Inner Unique": true, "Join Filter": "(k.id = mk.keyword_id)", "Plans": [{"Node Type": "Index Scan", "Parent Relationship": "Outer", "Scan Direction": "Forward", "Index Name": "movie_id_movie_keyword", "Relation Name": "movie_keyword", "Alias": "mk", "Startup Cost": 10000000000.0, "Total Cost": 1000015300634.17, "Plan Rows": 4523929, "Plan Width": 8}, {"Node Type": "Materialize", "Parent Relationship": "Inner", "Startup Cost": 10000000000.0, "Total Cost": 1000000318271.69, "Plan Rows": 1, "Plan Width": 4, "Plans": [{"Node Type": "Index Scan", "Parent Relationship": "Outer", "Scan Direction": "Forward", "Index Name": "keyword_pkey", "Relation Name": "keyword", "Alias": "k", "Startup Cost": 10000000000.0, "Total Cost": 1000000318271.68, "Plan Rows": 1, "Plan Width": 4, "Filter": "((keyword)::text = '10,000-mile-club'::text)"}]}]}, {"Node Type": "Index Scan", "Parent Relationship": "Inner", "Scan Direction": "Forward", "Index Name": "title_pkey", "Relation Name": "title", "Alias": "t1", "Startup Cost": 10000000000.0, "Total Cost": 1000011012048.91, "Plan Rows": 2528311, "Plan Width": 21}]}, {"Node Type": "Index Scan", "Parent Relationship": "Inner", "Scan Direction": "Forward", "Index Name": "movie_id_movie_link", "Relation Name": "movie_link", "Alias": "ml", "Startup Cost": 10000000000.0, "Total Cost": 1000000106202.37, "Plan Rows": 29996, "Plan Width": 12}]}]}, {"Node Type": "Materialize", "Parent Relationship": "Inner", "Startup Cost": 10000000000.0, "Total Cost": 1000000001250.54, "Plan Rows": 17, "Plan Width": 16, "Plans": [{"Node Type": "Index Scan", "Parent Relationship": "Outer", "Scan Direction": "Forward", "Index Name": "link_type_pkey", "Relation Name": "link_type", "Alias": "lt", "Startup Cost": 10000000000.0, "Total Cost": 1000000001250.5, "Plan Rows": 17, "Plan Width": 16}]}]}]}]}]}, "Unique SQL Id": 524435555, "Planner Runtime": 11}, "explain_analyze_plan": null}, "(1, 16)": {"explain_plan": {"Plan": {"Node Type": "Aggregate", "Strategy": "Plain", "Startup Cost": 3297.98, "Total Cost": 3297.99, "Plan Rows": 1, "Plan Width": 142, "Plans": [{"Node Type": "Nested Loop", "Parent Relationship": "Outer", "Join Type": "Inner", "Startup Cost": 4.51, "Total Cost": 3296.82, "Plan Rows": 154, "Plan Width": 46, "Inner Unique": true, "Plans": [{"Node Type": "Nested Loop", "Parent Relationship": "Outer", "Join Type": "Inner", "Startup Cost": 4.51, "Total Cost": 2633.25, "Plan Rows": 154, "Plan Width": 33, "Inner Unique": true, "Join Filter": "(ml.link_type_id = lt.id)", "Plans": [{"Node Type": "Nested Loop", "Parent Relationship": "Outer", "Join Type": "Inner", "Startup Cost": 4.51, "Total Cost": 2592.76, "Plan Rows": 154, "Plan Width": 25, "Inner Unique": false, "Plans": [{"Node Type": "Nested Loop", "Parent Relationship": "Outer", "Join Type": "Inner", "Startup Cost": 4.51, "Total Cost": 2579.55, "Plan Rows": 33, "Plan Width": 25, "Inner Unique": true, "Plans": [{"Node Type": "Nested Loop", "Parent Relationship": "Outer", "Join Type": "Inner", "Startup Cost": 4.51, "Total Cost": 2569.02, "Plan Rows": 33, "Plan Width": 4, "Inner Unique": false, "Plans": [{"Node Type": "Seq Scan", "Parent Relationship": "Outer", "Relation Name": "keyword", "Alias": "k", "Startup Cost": 0.0, "Total Cost": 2436.11, "Plan Rows": 1, "Plan Width": 4, "Filter": "((keyword)::text = '10,000-mile-club'::text)"}, {"Node Type": "Bitmap Heap Scan", "Parent Relationship": "Inner", "Relation Name": "movie_keyword", "Alias": "mk", "Startup Cost": 4.51, "Total Cost": 132.58, "Plan Rows": 33, "Plan Width": 8, "Recheck Cond": "(keyword_id = k.id)", "Plans": [{"Node Type": "Bitmap Index Scan", "Parent Relationship": "Outer", "Index Name": "keyword_id_movie_keyword", "Startup Cost": 0.0, "Total Cost": 4.5, "Plan Rows": 33, "Plan Width": 0, "Index Cond": "(keyword_id = k.id)"}]}]}, {"Node Type": "Index Scan", "Parent Relationship": "Inner", "Scan Direction": "Forward", "Index Name": "title_pkey", "Relation Name": "title", "Alias": "t1", "Startup Cost": 0.0, "Total Cost": 0.31, "Plan Rows": 1, "Plan Width": 21, "Index Cond": "(id = mk.movie_id)"}]}, {"Node Type": "Index Scan", "Parent Relationship": "Inner", "Scan Direction": "Forward", "Index Name": "movie_id_movie_link", "Relation Name": "movie_link", "Alias": "ml", "Startup Cost": 0.0, "Total Cost": 0.35, "Plan Rows": 5, "Plan Width": 12, "Index Cond": "(movie_id = t1.id)"}]}, {"Node Type": "Materialize", "Parent Relationship": "Inner", "Startup Cost": 0.0, "Total Cost": 1.25, "Plan Rows": 17, "Plan Width": 16, "Plans": [{"Node Type": "Seq Scan", "Parent Relationship": "Outer", "Relation Name": "link_type", "Alias": "lt", "Startup Cost": 0.0, "Total Cost": 1.17, "Plan Rows": 17, "Plan Width": 16}]}]}, {"Node Type": "Index Scan", "Parent Relationship": "Inner", "Scan Direction": "Forward", "Index Name": "title_pkey", "Relation Name": "title", "Alias": "t2", "Startup Cost": 0.0, "Total Cost": 4.3, "Plan Rows": 1, "Plan Width": 21, "Index Cond": "(id = ml.linked_movie_id)"}]}]}, "Unique SQL Id": 524435555, "Planner Runtime": 11}, "explain_analyze_plan": {"Plan": {"Node Type": "Aggregate", "Strategy": "Plain", "Startup Cost": 3297.98, "Total Cost": 3297.99, "Plan Rows": 1, "Plan Width": 142, "Actual Startup Time": 41.267, "Actual Total Time": 41.267, "Actual Rows": 1, "Actual Loops": 1, "Plans": [{"Node Type": "Nested Loop", "Parent Relationship": "Outer", "Join Type": "Inner", "Startup Cost": 4.51, "Total Cost": 3296.82, "Plan Rows": 154, "Plan Width": 46, "Actual Startup Time": 41.259, "Actual Total Time": 41.259, "Actual Rows": 0, "Actual Loops": 1, "Inner Unique": true, "Plans": [{"Node Type": "Nested Loop", "Parent Relationship": "Outer", "Join Type": "Inner", "Startup Cost": 4.51, "Total Cost": 2633.25, "Plan Rows": 154, "Plan Width": 33, "Actual Startup Time": 41.259, "Actual Total Time": 41.259, "Actual Rows": 0, "Actual Loops": 1, "Inner Unique": true, "Join Filter": "(ml.link_type_id = lt.id)", "Rows Removed by Join Filter": 0, "Plans": [{"Node Type": "Nested Loop", "Parent Relationship": "Outer", "Join Type": "Inner", "Startup Cost": 4.51, "Total Cost": 2592.76, "Plan Rows": 154, "Plan Width": 25, "Actual Startup Time": 41.258, "Actual Total Time": 41.258, "Actual Rows": 0, "Actual Loops": 1, "Inner Unique": false, "Plans": [{"Node Type": "Nested Loop", "Parent Relationship": "Outer", "Join Type": "Inner", "Startup Cost": 4.51, "Total Cost": 2579.55, "Plan Rows": 33, "Plan Width": 25, "Actual Startup Time": 40.369, "Actual Total Time": 41.252, "Actual Rows": 1, "Actual Loops": 1, "Inner Unique": true, "Plans": [{"Node Type": "Nested Loop", "Parent Relationship": "Outer", "Join Type": "Inner", "Startup Cost": 4.51, "Total Cost": 2569.02, "Plan Rows": 33, "Plan Width": 4, "Actual Startup Time": 40.355, "Actual Total Time": 41.238, "Actual Rows": 1, "Actual Loops": 1, "Inner Unique": false, "Plans": [{"Node Type": "Seq Scan", "Parent Relationship": "Outer", "Relation Name": "keyword", "Alias": "k", "Startup Cost": 0.0, "Total Cost": 2436.11, "Plan Rows": 1, "Plan Width": 4, "Actual Startup Time": 40.318, "Actual Total Time": 41.199, "Actual Rows": 1, "Actual Loops": 1, "Filter": "((keyword)::text = '10,000-mile-club'::text)", "Rows Removed by Filter": 134168}, {"Node Type": "Bitmap Heap Scan", "Parent Relationship": "Inner", "Relation Name": "movie_keyword", "Alias": "mk", "Startup Cost": 4.51, "Total Cost": 132.58, "Plan Rows": 33, "Plan Width": 8, "Actual Startup Time": 0.028, "Actual Total Time": 0.029, "Actual Rows": 1, "Actual Loops": 1, "Recheck Cond": "(keyword_id = k.id)", "Rows Removed by Index Recheck": 0, "Exact Heap Blocks": 1, "Lossy Heap Blocks": 1, "Plans": [{"Node Type": "Bitmap Index Scan", "Parent Relationship": "Outer", "Index Name": "keyword_id_movie_keyword", "Startup Cost": 0.0, "Total Cost": 4.5, "Plan Rows": 33, "Plan Width": 0, "Actual Startup Time": 0.016, "Actual Total Time": 0.016, "Actual Rows": 1, "Actual Loops": 1, "Index Cond": "(keyword_id = k.id)"}]}]}, {"Node Type": "Index Scan", "Parent Relationship": "Inner", "Scan Direction": "Forward", "Index Name": "title_pkey", "Relation Name": "title", "Alias": "t1", "Startup Cost": 0.0, "Total Cost": 0.31, "Plan Rows": 1, "Plan Width": 21, "Actual Startup Time": 0.013, "Actual Total Time": 0.013, "Actual Rows": 1, "Actual Loops": 1, "Index Cond": "(id = mk.movie_id)", "Rows Removed by Index Recheck": 0}]}, {"Node Type": "Index Scan", "Parent Relationship": "Inner", "Scan Direction": "Forward", "Index Name": "movie_id_movie_link", "Relation Name": "movie_link", "Alias": "ml", "Startup Cost": 0.0, "Total Cost": 0.35, "Plan Rows": 5, "Plan Width": 12, "Actual Startup Time": 0.003, "Actual Total Time": 0.003, "Actual Rows": 0, "Actual Loops": 1, "Index Cond": "(movie_id = t1.id)", "Rows Removed by Index Recheck": 0}]}, {"Node Type": "Materialize", "Parent Relationship": "Inner", "Startup Cost": 0.0, "Total Cost": 1.25, "Plan Rows": 17, "Plan Width": 16, "Actual Startup Time": 0.0, "Actual Total Time": 0.0, "Plans": [{"Node Type": "Seq Scan", "Parent Relationship": "Outer", "Relation Name": "link_type", "Alias": "lt", "Startup Cost": 0.0, "Total Cost": 1.17, "Plan Rows": 17, "Plan Width": 16, "Actual Startup Time": 0.0, "Actual Total Time": 0.0}]}]}, {"Node Type": "Index Scan", "Parent Relationship": "Inner", "Scan Direction": "Forward", "Index Name": "title_pkey", "Relation Name": "title", "Alias": "t2", "Startup Cost": 0.0, "Total Cost": 4.3, "Plan Rows": 1, "Plan Width": 21, "Actual Startup Time": 0.0, "Actual Total Time": 0.0, "Index Cond": "(id = ml.linked_movie_id)", "Rows Removed by Index Recheck": 0}]}]}, "Triggers": [], "Planner Runtime": 2, "Total Runtime": 41.496, "Unique SQL Id": 524435555}}, "(1, 17)": {"explain_plan": {"Plan": {"Node Type": "Aggregate", "Strategy": "Plain", "Startup Cost": 4047.28, "Total Cost": 4047.29, "Plan Rows": 1, "Plan Width": 142, "Plans": [{"Node Type": "Nested Loop", "Parent Relationship": "Outer", "Join Type": "Inner", "Startup Cost": 4.51, "Total Cost": 4046.12, "Plan Rows": 154, "Plan Width": 46, "Inner Unique": true, "Plans": [{"Node Type": "Nested Loop", "Parent Relationship": "Outer", "Join Type": "Inner", "Startup Cost": 4.51, "Total Cost": 3382.55, "Plan Rows": 154, "Plan Width": 33, "Inner Unique": true, "Plans": [{"Node Type": "Nested Loop", "Parent Relationship": "Outer", "Join Type": "Inner", "Startup Cost": 4.51, "Total Cost": 3339.37, "Plan Rows": 154, "Plan Width": 25, "Inner Unique": false, "Plans": [{"Node Type": "Nested Loop", "Parent Relationship": "Outer", "Join Type": "Inner", "Startup Cost": 4.51, "Total Cost": 3326.15, "Plan Rows": 33, "Plan Width": 25, "Inner Unique": true, "Plans": [{"Node Type": "Nested Loop", "Parent Relationship": "Outer", "Join Type": "Inner", "Startup Cost": 4.51, "Total Cost": 3315.63, "Plan Rows": 33, "Plan Width": 4, "Inner Unique": false, "Plans": [{"Node Type": "Index Scan", "Parent Relationship": "Outer", "Scan Direction": "Forward", "Index Name": "keyword_pkey", "Relation Name": "keyword", "Alias": "k", "Startup Cost": 0.0, "Total Cost": 3182.72, "Plan Rows": 1, "Plan Width": 4, "Filter": "((keyword)::text = '10,000-mile-club'::text)"}, {"Node Type": "Bitmap Heap Scan", "Parent Relationship": "Inner", "Relation Name": "movie_keyword", "Alias": "mk", "Startup Cost": 4.51, "Total Cost": 132.58, "Plan Rows": 33, "Plan Width": 8, "Recheck Cond": "(keyword_id = k.id)", "Plans": [{"Node Type": "Bitmap Index Scan", "Parent Relationship": "Outer", "Index Name": "keyword_id_movie_keyword", "Startup Cost": 0.0, "Total Cost": 4.5, "Plan Rows": 33, "Plan Width": 0, "Index Cond": "(keyword_id = k.id)"}]}]}, {"Node Type": "Index Scan", "Parent Relationship": "Inner", "Scan Direction": "Forward", "Index Name": "title_pkey", "Relation Name": "title", "Alias": "t1", "Startup Cost": 0.0, "Total Cost": 0.31, "Plan Rows": 1, "Plan Width": 21, "Index Cond": "(id = mk.movie_id)"}]}, {"Node Type": "Index Scan", "Parent Relationship": "Inner", "Scan Direction": "Forward", "Index Name": "movie_id_movie_link", "Relation Name": "movie_link", "Alias": "ml", "Startup Cost": 0.0, "Total Cost": 0.35, "Plan Rows": 5, "Plan Width": 12, "Index Cond": "(movie_id = t1.id)"}]}, {"Node Type": "Index Scan", "Parent Relationship": "Inner", "Scan Direction": "Forward", "Index Name": "link_type_pkey", "Relation Name": "link_type", "Alias": "lt", "Startup Cost": 0.0, "Total Cost": 0.27, "Plan Rows": 1, "Plan Width": 16, "Index Cond": "(id = ml.link_type_id)"}]}, {"Node Type": "Index Scan", "Parent Relationship": "Inner", "Scan Direction": "Forward", "Index Name": "title_pkey", "Relation Name": "title", "Alias": "t2", "Startup Cost": 0.0, "Total Cost": 4.3, "Plan Rows": 1, "Plan Width": 21, "Index Cond": "(id = ml.linked_movie_id)"}]}]}, "Unique SQL Id": 524435555, "Planner Runtime": 11}, "explain_analyze_plan": {"Plan": {"Node Type": "Aggregate", "Strategy": "Plain", "Startup Cost": 4047.28, "Total Cost": 4047.29, "Plan Rows": 1, "Plan Width": 142, "Actual Startup Time": 119.675, "Actual Total Time": 119.675, "Actual Rows": 1, "Actual Loops": 1, "Plans": [{"Node Type": "Nested Loop", "Parent Relationship": "Outer", "Join Type": "Inner", "Startup Cost": 4.51, "Total Cost": 4046.12, "Plan Rows": 154, "Plan Width": 46, "Actual Startup Time": 119.669, "Actual Total Time": 119.669, "Actual Rows": 0, "Actual Loops": 1, "Inner Unique": true, "Plans": [{"Node Type": "Nested Loop", "Parent Relationship": "Outer", "Join Type": "Inner", "Startup Cost": 4.51, "Total Cost": 3382.55, "Plan Rows": 154, "Plan Width": 33, "Actual Startup Time": 119.668, "Actual Total Time": 119.668, "Actual Rows": 0, "Actual Loops": 1, "Inner Unique": true, "Plans": [{"Node Type": "Nested Loop", "Parent Relationship": "Outer", "Join Type": "Inner", "Startup Cost": 4.51, "Total Cost": 3339.37, "Plan Rows": 154, "Plan Width": 25, "Actual Startup Time": 119.668, "Actual Total Time": 119.668, "Actual Rows": 0, "Actual Loops": 1, "Inner Unique": false, "Plans": [{"Node Type": "Nested Loop", "Parent Relationship": "Outer", "Join Type": "Inner", "Startup Cost": 4.51, "Total Cost": 3326.15, "Plan Rows": 33, "Plan Width": 25, "Actual Startup Time": 117.759, "Actual Total Time": 119.662, "Actual Rows": 1, "Actual Loops": 1, "Inner Unique": true, "Plans": [{"Node Type": "Nested Loop", "Parent Relationship": "Outer", "Join Type": "Inner", "Startup Cost": 4.51, "Total Cost": 3315.63, "Plan Rows": 33, "Plan Width": 4, "Actual Startup Time": 117.744, "Actual Total Time": 119.646, "Actual Rows": 1, "Actual Loops": 1, "Inner Unique": false, "Plans": [{"Node Type": "Index Scan", "Parent Relationship": "Outer", "Scan Direction": "Forward", "Index Name": "keyword_pkey", "Relation Name": "keyword", "Alias": "k", "Startup Cost": 0.0, "Total Cost": 3182.72, "Plan Rows": 1, "Plan Width": 4, "Actual Startup Time": 117.697, "Actual Total Time": 119.597, "Actual Rows": 1, "Actual Loops": 1, "Filter": "((keyword)::text = '10,000-mile-club'::text)", "Rows Removed by Filter": 134168}, {"Node Type": "Bitmap Heap Scan", "Parent Relationship": "Inner", "Relation Name": "movie_keyword", "Alias": "mk", "Startup Cost": 4.51, "Total Cost": 132.58, "Plan Rows": 33, "Plan Width": 8, "Actual Startup Time": 0.032, "Actual Total Time": 0.033, "Actual Rows": 1, "Actual Loops": 1, "Recheck Cond": "(keyword_id = k.id)", "Rows Removed by Index Recheck": 0, "Exact Heap Blocks": 1, "Lossy Heap Blocks": 1, "Plans": [{"Node Type": "Bitmap Index Scan", "Parent Relationship": "Outer", "Index Name": "keyword_id_movie_keyword", "Startup Cost": 0.0, "Total Cost": 4.5, "Plan Rows": 33, "Plan Width": 0, "Actual Startup Time": 0.018, "Actual Total Time": 0.018, "Actual Rows": 1, "Actual Loops": 1, "Index Cond": "(keyword_id = k.id)"}]}]}, {"Node Type": "Index Scan", "Parent Relationship": "Inner", "Scan Direction": "Forward", "Index Name": "title_pkey", "Relation Name": "title", "Alias": "t1", "Startup Cost": 0.0, "Total Cost": 0.31, "Plan Rows": 1, "Plan Width": 21, "Actual Startup Time": 0.011, "Actual Total Time": 0.011, "Actual Rows": 1, "Actual Loops": 1, "Index Cond": "(id = mk.movie_id)", "Rows Removed by Index Recheck": 0}]}, {"Node Type": "Index Scan", "Parent Relationship": "Inner", "Scan Direction": "Forward", "Index Name": "movie_id_movie_link", "Relation Name": "movie_link", "Alias": "ml", "Startup Cost": 0.0, "Total Cost": 0.35, "Plan Rows": 5, "Plan Width": 12, "Actual Startup Time": 0.003, "Actual Total Time": 0.003, "Actual Rows": 0, "Actual Loops": 1, "Index Cond": "(movie_id = t1.id)", "Rows Removed by Index Recheck": 0}]}, {"Node Type": "Index Scan", "Parent Relationship": "Inner", "Scan Direction": "Forward", "Index Name": "link_type_pkey", "Relation Name": "link_type", "Alias": "lt", "Startup Cost": 0.0, "Total Cost": 0.27, "Plan Rows": 1, "Plan Width": 16, "Actual Startup Time": 0.0, "Actual Total Time": 0.0, "Index Cond": "(id = ml.link_type_id)", "Rows Removed by Index Recheck": 0}]}, {"Node Type": "Index Scan", "Parent Relationship": "Inner", "Scan Direction": "Forward", "Index Name": "title_pkey", "Relation Name": "title", "Alias": "t2", "Startup Cost": 0.0, "Total Cost": 4.3, "Plan Rows": 1, "Plan Width": 21, "Actual Startup Time": 0.0, "Actual Total Time": 0.0, "Index Cond": "(id = ml.linked_movie_id)", "Rows Removed by Index Recheck": 0}]}]}, "Triggers": [], "Planner Runtime": 2, "Total Runtime": 119.92, "Unique SQL Id": 524435555}}, "(1, 18)": {"explain_plan": {"Plan": {"Node Type": "Aggregate", "Strategy": "Plain", "Startup Cost": 3747.02, "Total Cost": 3747.03, "Plan Rows": 1, "Plan Width": 142, "Plans": [{"Node Type": "Nested Loop", "Parent Relationship": "Outer", "Join Type": "Inner", "Startup Cost": 6.55, "Total Cost": 3745.86, "Plan Rows": 154, "Plan Width": 46, "Inner Unique": true, "Plans": [{"Node Type": "Nested Loop", "Parent Relationship": "Outer", "Join Type": "Inner", "Startup Cost": 5.06, "Total Cost": 2896.68, "Plan Rows": 154, "Plan Width": 33, "Inner Unique": true, "Join Filter": "(ml.link_type_id = lt.id)", "Plans": [{"Node Type": "Nested Loop", "Parent Relationship": "Outer", "Join Type": "Inner", "Startup Cost": 5.06, "Total Cost": 2856.2, "Plan Rows": 154, "Plan Width": 25, "Inner Unique": false, "Join Filter": "(t1.id = ml.movie_id)", "Plans": [{"Node Type": "Nested Loop", "Parent Relationship": "Outer", "Join Type": "Inner", "Startup Cost": 4.77, "Total Cost": 2710.54, "Plan Rows": 33, "Plan Width": 25, "Inner Unique": true, "Plans": [{"Node Type": "Nested Loop", "Parent Relationship": "Outer", "Join Type": "Inner", "Startup Cost": 4.51, "Total Cost": 2569.02, "Plan Rows": 33, "Plan Width": 4, "Inner Unique": false, "Plans": [{"Node Type": "Seq Scan", "Parent Relationship": "Outer", "Relation Name": "keyword", "Alias": "k", "Startup Cost": 0.0, "Total Cost": 2436.11, "Plan Rows": 1, "Plan Width": 4, "Filter": "((keyword)::text = '10,000-mile-club'::text)"}, {"Node Type": "Bitmap Heap Scan", "Parent Relationship": "Inner", "Relation Name": "movie_keyword", "Alias": "mk", "Startup Cost": 4.51, "Total Cost": 132.58, "Plan Rows": 33, "Plan Width": 8, "Recheck Cond": "(keyword_id = k.id)", "Plans": [{"Node Type": "Bitmap Index Scan", "Parent Relationship": "Outer", "Index Name": "keyword_id_movie_keyword", "Startup Cost": 0.0, "Total Cost": 4.5, "Plan Rows": 33, "Plan Width": 0, "Index Cond": "(keyword_id = k.id)"}]}]}, {"Node Type": "Bitmap Heap Scan", "Parent Relationship": "Inner", "Relation Name": "title", "Alias": "t1", "Startup Cost": 0.27, "Total Cost": 4.28, "Plan Rows": 1, "Plan Width": 21, "Recheck Cond": "(id = mk.movie_id)", "Plans": [{"Node Type": "Bitmap Index Scan", "Parent Relationship": "Outer", "Index Name": "title_pkey", "Startup Cost": 0.0, "Total Cost": 0.27, "Plan Rows": 1, "Plan Width": 0, "Index Cond": "(id = mk.movie_id)"}]}]}, {"Node Type": "Bitmap Heap Scan", "Parent Relationship": "Inner", "Relation Name": "movie_link", "Alias": "ml", "Startup Cost": 0.29, "Total Cost": 4.35, "Plan Rows": 5, "Plan Width": 12, "Recheck Cond": "(movie_id = mk.movie_id)", "Plans": [{"Node Type": "Bitmap Index Scan", "Parent Relationship": "Outer", "Index Name": "movie_id_movie_link", "Startup Cost": 0.0, "Total Cost": 0.29, "Plan Rows": 5, "Plan Width": 0, "Index Cond": "(movie_id = mk.movie_id)"}]}]}, {"Node Type": "Materialize", "Parent Relationship": "Inner", "Startup Cost": 0.0, "Total Cost": 1.25, "Plan Rows": 17, "Plan Width": 16, "Plans": [{"Node Type": "Seq Scan", "Parent Relationship": "Outer", "Relation Name": "link_type", "Alias": "lt", "Startup Cost": 0.0, "Total Cost": 1.17, "Plan Rows": 17, "Plan Width": 16}]}]}, {"Node Type": "Bitmap Heap Scan", "Parent Relationship": "Inner", "Relation Name": "title", "Alias": "t2", "Startup Cost": 1.49, "Total Cost": 5.5, "Plan Rows": 1, "Plan Width": 21, "Recheck Cond": "(id = ml.linked_movie_id)", "Plans": [{"Node Type": "Bitmap Index Scan", "Parent Relationship": "Outer", "Index Name": "title_pkey", "Startup Cost": 0.0, "Total Cost": 1.49, "Plan Rows": 1, "Plan Width": 0, "Index Cond": "(id = ml.linked_movie_id)"}]}]}]}, "Unique SQL Id": 524435555, "Planner Runtime": 7}, "explain_analyze_plan": {"Plan": {"Node Type": "Aggregate", "Strategy": "Plain", "Startup Cost": 3747.02, "Total Cost": 3747.03, "Plan Rows": 1, "Plan Width": 142, "Actual Startup Time": 40.932, "Actual Total Time": 40.932, "Actual Rows": 1, "Actual Loops": 1, "Plans": [{"Node Type": "Nested Loop", "Parent Relationship": "Outer", "Join Type": "Inner", "Startup Cost": 6.55, "Total Cost": 3745.86, "Plan Rows": 154, "Plan Width": 46, "Actual Startup Time": 40.928, "Actual Total Time": 40.928, "Actual Rows": 0, "Actual Loops": 1, "Inner Unique": true, "Plans": [{"Node Type": "Nested Loop", "Parent Relationship": "Outer", "Join Type": "Inner", "Startup Cost": 5.06, "Total Cost": 2896.68, "Plan Rows": 154, "Plan Width": 33, "Actual Startup Time": 40.927, "Actual Total Time": 40.927, "Actual Rows": 0, "Actual Loops": 1, "Inner Unique": true, "Join Filter": "(ml.link_type_id = lt.id)", "Rows Removed by Join Filter": 0, "Plans": [{"Node Type": "Nested Loop", "Parent Relationship": "Outer", "Join Type": "Inner", "Startup Cost": 5.06, "Total Cost": 2856.2, "Plan Rows": 154, "Plan Width": 25, "Actual Startup Time": 40.926, "Actual Total Time": 40.926, "Actual Rows": 0, "Actual Loops": 1, "Inner Unique": false, "Join Filter": "(t1.id = ml.movie_id)", "Rows Removed by Join Filter": 0, "Plans": [{"Node Type": "Nested Loop", "Parent Relationship": "Outer", "Join Type": "Inner", "Startup Cost": 4.77, "Total Cost": 2710.54, "Plan Rows": 33, "Plan Width": 25, "Actual Startup Time": 40.044, "Actual Total Time": 40.92, "Actual Rows": 1, "Actual Loops": 1, "Inner Unique": true, "Plans": [{"Node Type": "Nested Loop", "Parent Relationship": "Outer", "Join Type": "Inner", "Startup Cost": 4.51, "Total Cost": 2569.02, "Plan Rows": 33, "Plan Width": 4, "Actual Startup Time": 40.03, "Actual Total Time": 40.906, "Actual Rows": 1, "Actual Loops": 1, "Inner Unique": false, "Plans": [{"Node Type": "Seq Scan", "Parent Relationship": "Outer", "Relation Name": "keyword", "Alias": "k", "Startup Cost": 0.0, "Total Cost": 2436.11, "Plan Rows": 1, "Plan Width": 4, "Actual Startup Time": 39.998, "Actual Total Time": 40.872, "Actual Rows": 1, "Actual Loops": 1, "Filter": "((keyword)::text = '10,000-mile-club'::text)", "Rows Removed by Filter": 134168}, {"Node Type": "Bitmap Heap Scan", "Parent Relationship": "Inner", "Relation Name": "movie_keyword", "Alias": "mk", "Startup Cost": 4.51, "Total Cost": 132.58, "Plan Rows": 33, "Plan Width": 8, "Actual Startup Time": 0.024, "Actual Total Time": 0.025, "Actual Rows": 1, "Actual Loops": 1, "Recheck Cond": "(keyword_id = k.id)", "Rows Removed by Index Recheck": 0, "Exact Heap Blocks": 1, "Lossy Heap Blocks": 1, "Plans": [{"Node Type": "Bitmap Index Scan", "Parent Relationship": "Outer", "Index Name": "keyword_id_movie_keyword", "Startup Cost": 0.0, "Total Cost": 4.5, "Plan Rows": 33, "Plan Width": 0, "Actual Startup Time": 0.014, "Actual Total Time": 0.014, "Actual Rows": 1, "Actual Loops": 1, "Index Cond": "(keyword_id = k.id)"}]}]}, {"Node Type": "Bitmap Heap Scan", "Parent Relationship": "Inner", "Relation Name": "title", "Alias": "t1", "Startup Cost": 0.27, "Total Cost": 4.28, "Plan Rows": 1, "Plan Width": 21, "Actual Startup Time": 0.011, "Actual Total Time": 0.011, "Actual Rows": 1, "Actual Loops": 1, "Recheck Cond": "(id = mk.movie_id)", "Rows Removed by Index Recheck": 0, "Exact Heap Blocks": 1, "Lossy Heap Blocks": 1, "Plans": [{"Node Type": "Bitmap Index Scan", "Parent Relationship": "Outer", "Index Name": "title_pkey", "Startup Cost": 0.0, "Total Cost": 0.27, "Plan Rows": 1, "Plan Width": 0, "Actual Startup Time": 0.007, "Actual Total Time": 0.007, "Actual Rows": 1, "Actual Loops": 1, "Index Cond": "(id = mk.movie_id)"}]}]}, {"Node Type": "Bitmap Heap Scan", "Parent Relationship": "Inner", "Relation Name": "movie_link", "Alias": "ml", "Startup Cost": 0.29, "Total Cost": 4.35, "Plan Rows": 5, "Plan Width": 12, "Actual Startup Time": 0.004, "Actual Total Time": 0.004, "Actual Rows": 0, "Actual Loops": 1, "Recheck Cond": "(movie_id = mk.movie_id)", "Rows Removed by Index Recheck": 0, "Exact Heap Blocks": 0, "Lossy Heap Blocks": 0, "Plans": [{"Node Type": "Bitmap Index Scan", "Parent Relationship": "Outer", "Index Name": "movie_id_movie_link", "Startup Cost": 0.0, "Total Cost": 0.29, "Plan Rows": 5, "Plan Width": 0, "Actual Startup Time": 0.002, "Actual Total Time": 0.002, "Actual Rows": 0, "Actual Loops": 1, "Index Cond": "(movie_id = mk.movie_id)"}]}]}, {"Node Type": "Materialize", "Parent Relationship": "Inner", "Startup Cost": 0.0, "Total Cost": 1.25, "Plan Rows": 17, "Plan Width": 16, "Actual Startup Time": 0.0, "Actual Total Time": 0.0, "Plans": [{"Node Type": "Seq Scan", "Parent Relationship": "Outer", "Relation Name": "link_type", "Alias": "lt", "Startup Cost": 0.0, "Total Cost": 1.17, "Plan Rows": 17, "Plan Width": 16, "Actual Startup Time": 0.0, "Actual Total Time": 0.0}]}]}, {"Node Type": "Bitmap Heap Scan", "Parent Relationship": "Inner", "Relation Name": "title", "Alias": "t2", "Startup Cost": 1.49, "Total Cost": 5.5, "Plan Rows": 1, "Plan Width": 21, "Actual Startup Time": 0.0, "Actual Total Time": 0.0, "Recheck Cond": "(id = ml.linked_movie_id)", "Rows Removed by Index Recheck": 0, "Exact Heap Blocks": 0, "Lossy Heap Blocks": 0, "Plans": [{"Node Type": "Bitmap Index Scan", "Parent Relationship": "Outer", "Index Name": "title_pkey", "Startup Cost": 0.0, "Total Cost": 1.49, "Plan Rows": 1, "Plan Width": 0, "Actual Startup Time": 0.0, "Actual Total Time": 0.0, "Index Cond": "(id = ml.linked_movie_id)"}]}]}]}, "Triggers": [], "Planner Runtime": 2, "Total Runtime": 41.159, "Unique SQL Id": 524435555}}, "(1, 19)": {"explain_plan": {"Plan": {"Node Type": "Aggregate", "Strategy": "Plain", "Startup Cost": 1000001377786.31, "Total Cost": 1000001377786.32, "Plan Rows": 1, "Plan Width": 142, "Plans": [{"Node Type": "Nested Loop", "Parent Relationship": "Outer", "Join Type": "Inner", "Startup Cost": 10000000004.71, "Total Cost": 1000001377785.15, "Plan Rows": 154, "Plan Width": 46, "Inner Unique": true, "Plans": [{"Node Type": "Nested Loop", "Parent Relationship": "Outer", "Join Type": "Inner", "Startup Cost": 10000000004.45, "Total Cost": 1000001377125.95, "Plan Rows": 154, "Plan Width": 38, "Inner Unique": true, "Plans": [{"Node Type": "Nested Loop", "Parent Relationship": "Outer", "Join Type": "Inner", "Startup Cost": 10000000002.96, "Total Cost": 1000001376276.77, "Plan Rows": 154, "Plan Width": 25, "Inner Unique": true, "Plans": [{"Node Type": "Nested Loop", "Parent Relationship": "Outer", "Join Type": "Inner", "Startup Cost": 10000000002.69, "Total Cost": 1000001375616.35, "Plan Rows": 154, "Plan Width": 16, "Inner Unique": true, "Plans": [{"Node Type": "Nested Loop", "Parent Relationship": "Outer", "Join Type": "Inner", "Startup Cost": 10000000002.44, "Total Cost": 1000000342019.19, "Plan Rows": 241339, "Plan Width": 20, "Inner Unique": false, "Plans": [{"Node Type": "Index Scan", "Parent Relationship": "Outer", "Scan Direction": "Forward", "Index Name": "link_type_id_movie_link", "Relation Name": "movie_link", "Alias": "ml", "Startup Cost": 10000000000.0, "Total Cost": 1000000143569.16, "Plan Rows": 29996, "Plan Width": 12}, {"Node Type": "Bitmap Heap Scan", "Parent Relationship": "Inner", "Relation Name": "movie_keyword", "Alias": "mk", "Startup Cost": 2.44, "Total Cost": 6.54, "Plan Rows": 8, "Plan Width": 8, "Recheck Cond": "(movie_id = ml.movie_id)", "Plans": [{"Node Type": "Bitmap Index Scan", "Parent Relationship": "Outer", "Index Name": "movie_id_movie_keyword", "Startup Cost": 0.0, "Total Cost": 2.43, "Plan Rows": 8, "Plan Width": 0, "Index Cond": "(movie_id = ml.movie_id)"}]}]}, {"Node Type": "Bitmap Heap Scan", "Parent Relationship": "Inner", "Relation Name": "keyword", "Alias": "k", "Startup Cost": 0.26, "Total Cost": 4.27, "Plan Rows": 1, "Plan Width": 4, "Recheck Cond": "(id = mk.keyword_id)", "Filter": "((keyword)::text = '10,000-mile-club'::text)", "Plans": [{"Node Type": "Bitmap Index Scan", "Parent Relationship": "Outer", "Index Name": "keyword_pkey", "Startup Cost": 0.0, "Total Cost": 0.26, "Plan Rows": 1, "Plan Width": 0, "Index Cond": "(id = mk.keyword_id)"}]}]}, {"Node Type": "Bitmap Heap Scan", "Parent Relationship": "Inner", "Relation Name": "title", "Alias": "t1", "Startup Cost": 0.27, "Total Cost": 4.28, "Plan Rows": 1, "Plan Width": 21, "Recheck Cond": "(id = mk.movie_id)", "Plans": [{"Node Type": "Bitmap Index Scan", "Parent Relationship": "Outer", "Index Name": "title_pkey", "Startup Cost": 0.0, "Total Cost": 0.27, "Plan Rows": 1, "Plan Width": 0, "Index Cond": "(id = mk.movie_id)"}]}]}, {"Node Type": "Bitmap Heap Scan", "Parent Relationship": "Inner", "Relation Name": "title", "Alias": "t2", "Startup Cost": 1.49, "Total Cost": 5.5, "Plan Rows": 1, "Plan Width": 21, "Recheck Cond": "(id = ml.linked_movie_id)", "Plans": [{"Node Type": "Bitmap Index Scan", "Parent Relationship": "Outer", "Index Name": "title_pkey", "Startup Cost": 0.0, "Total Cost": 1.49, "Plan Rows": 1, "Plan Width": 0, "Index Cond": "(id = ml.linked_movie_id)"}]}]}, {"Node Type": "Bitmap Heap Scan", "Parent Relationship": "Inner", "Relation Name": "link_type", "Alias": "lt", "Startup Cost": 0.26, "Total Cost": 4.27, "Plan Rows": 1, "Plan Width": 16, "Recheck Cond": "(id = ml.link_type_id)", "Plans": [{"Node Type": "Bitmap Index Scan", "Parent Relationship": "Outer", "Index Name": "link_type_pkey", "Startup Cost": 0.0, "Total Cost": 0.26, "Plan Rows": 1, "Plan Width": 0, "Index Cond": "(id = ml.link_type_id)"}]}]}]}, "Unique SQL Id": 524435555, "Planner Runtime": 4}, "explain_analyze_plan": null}, "(1, 20)": {"explain_plan": {"Plan": {"Node Type": "Aggregate", "Strategy": "Plain", "Startup Cost": 3297.98, "Total Cost": 3297.99, "Plan Rows": 1, "Plan Width": 142, "Plans": [{"Node Type": "Nested Loop", "Parent Relationship": "Outer", "Join Type": "Inner", "Startup Cost": 4.51, "Total Cost": 3296.82, "Plan Rows": 154, "Plan Width": 46, "Inner Unique": true, "Plans": [{"Node Type": "Nested Loop", "Parent Relationship": "Outer", "Join Type": "Inner", "Startup Cost": 4.51, "Total Cost": 2633.25, "Plan Rows": 154, "Plan Width": 33, "Inner Unique": true, "Join Filter": "(ml.link_type_id = lt.id)", "Plans": [{"Node Type": "Nested Loop", "Parent Relationship": "Outer", "Join Type": "Inner", "Startup Cost": 4.51, "Total Cost": 2592.76, "Plan Rows": 154, "Plan Width": 25, "Inner Unique": false, "Plans": [{"Node Type": "Nested Loop", "Parent Relationship": "Outer", "Join Type": "Inner", "Startup Cost": 4.51, "Total Cost": 2579.55, "Plan Rows": 33, "Plan Width": 25, "Inner Unique": true, "Plans": [{"Node Type": "Nested Loop", "Parent Relationship": "Outer", "Join Type": "Inner", "Startup Cost": 4.51, "Total Cost": 2569.02, "Plan Rows": 33, "Plan Width": 4, "Inner Unique": false, "Plans": [{"Node Type": "Seq Scan", "Parent Relationship": "Outer", "Relation Name": "keyword", "Alias": "k", "Startup Cost": 0.0, "Total Cost": 2436.11, "Plan Rows": 1, "Plan Width": 4, "Filter": "((keyword)::text = '10,000-mile-club'::text)"}, {"Node Type": "Bitmap Heap Scan", "Parent Relationship": "Inner", "Relation Name": "movie_keyword", "Alias": "mk", "Startup Cost": 4.51, "Total Cost": 132.58, "Plan Rows": 33, "Plan Width": 8, "Recheck Cond": "(keyword_id = k.id)", "Plans": [{"Node Type": "Bitmap Index Scan", "Parent Relationship": "Outer", "Index Name": "keyword_id_movie_keyword", "Startup Cost": 0.0, "Total Cost": 4.5, "Plan Rows": 33, "Plan Width": 0, "Index Cond": "(keyword_id = k.id)"}]}]}, {"Node Type": "Index Scan", "Parent Relationship": "Inner", "Scan Direction": "Forward", "Index Name": "title_pkey", "Relation Name": "title", "Alias": "t1", "Startup Cost": 0.0, "Total Cost": 0.31, "Plan Rows": 1, "Plan Width": 21, "Index Cond": "(id = mk.movie_id)"}]}, {"Node Type": "Index Scan", "Parent Relationship": "Inner", "Scan Direction": "Forward", "Index Name": "movie_id_movie_link", "Relation Name": "movie_link", "Alias": "ml", "Startup Cost": 0.0, "Total Cost": 0.35, "Plan Rows": 5, "Plan Width": 12, "Index Cond": "(movie_id = t1.id)"}]}, {"Node Type": "Materialize", "Parent Relationship": "Inner", "Startup Cost": 0.0, "Total Cost": 1.25, "Plan Rows": 17, "Plan Width": 16, "Plans": [{"Node Type": "Seq Scan", "Parent Relationship": "Outer", "Relation Name": "link_type", "Alias": "lt", "Startup Cost": 0.0, "Total Cost": 1.17, "Plan Rows": 17, "Plan Width": 16}]}]}, {"Node Type": "Index Scan", "Parent Relationship": "Inner", "Scan Direction": "Forward", "Index Name": "title_pkey", "Relation Name": "title", "Alias": "t2", "Startup Cost": 0.0, "Total Cost": 4.3, "Plan Rows": 1, "Plan Width": 21, "Index Cond": "(id = ml.linked_movie_id)"}]}]}, "Unique SQL Id": 524435555, "Planner Runtime": 11}, "explain_analyze_plan": {"Plan": {"Node Type": "Aggregate", "Strategy": "Plain", "Startup Cost": 3297.98, "Total Cost": 3297.99, "Plan Rows": 1, "Plan Width": 142, "Actual Startup Time": 41.267, "Actual Total Time": 41.267, "Actual Rows": 1, "Actual Loops": 1, "Plans": [{"Node Type": "Nested Loop", "Parent Relationship": "Outer", "Join Type": "Inner", "Startup Cost": 4.51, "Total Cost": 3296.82, "Plan Rows": 154, "Plan Width": 46, "Actual Startup Time": 41.259, "Actual Total Time": 41.259, "Actual Rows": 0, "Actual Loops": 1, "Inner Unique": true, "Plans": [{"Node Type": "Nested Loop", "Parent Relationship": "Outer", "Join Type": "Inner", "Startup Cost": 4.51, "Total Cost": 2633.25, "Plan Rows": 154, "Plan Width": 33, "Actual Startup Time": 41.259, "Actual Total Time": 41.259, "Actual Rows": 0, "Actual Loops": 1, "Inner Unique": true, "Join Filter": "(ml.link_type_id = lt.id)", "Rows Removed by Join Filter": 0, "Plans": [{"Node Type": "Nested Loop", "Parent Relationship": "Outer", "Join Type": "Inner", "Startup Cost": 4.51, "Total Cost": 2592.76, "Plan Rows": 154, "Plan Width": 25, "Actual Startup Time": 41.258, "Actual Total Time": 41.258, "Actual Rows": 0, "Actual Loops": 1, "Inner Unique": false, "Plans": [{"Node Type": "Nested Loop", "Parent Relationship": "Outer", "Join Type": "Inner", "Startup Cost": 4.51, "Total Cost": 2579.55, "Plan Rows": 33, "Plan Width": 25, "Actual Startup Time": 40.369, "Actual Total Time": 41.252, "Actual Rows": 1, "Actual Loops": 1, "Inner Unique": true, "Plans": [{"Node Type": "Nested Loop", "Parent Relationship": "Outer", "Join Type": "Inner", "Startup Cost": 4.51, "Total Cost": 2569.02, "Plan Rows": 33, "Plan Width": 4, "Actual Startup Time": 40.355, "Actual Total Time": 41.238, "Actual Rows": 1, "Actual Loops": 1, "Inner Unique": false, "Plans": [{"Node Type": "Seq Scan", "Parent Relationship": "Outer", "Relation Name": "keyword", "Alias": "k", "Startup Cost": 0.0, "Total Cost": 2436.11, "Plan Rows": 1, "Plan Width": 4, "Actual Startup Time": 40.318, "Actual Total Time": 41.199, "Actual Rows": 1, "Actual Loops": 1, "Filter": "((keyword)::text = '10,000-mile-club'::text)", "Rows Removed by Filter": 134168}, {"Node Type": "Bitmap Heap Scan", "Parent Relationship": "Inner", "Relation Name": "movie_keyword", "Alias": "mk", "Startup Cost": 4.51, "Total Cost": 132.58, "Plan Rows": 33, "Plan Width": 8, "Actual Startup Time": 0.028, "Actual Total Time": 0.029, "Actual Rows": 1, "Actual Loops": 1, "Recheck Cond": "(keyword_id = k.id)", "Rows Removed by Index Recheck": 0, "Exact Heap Blocks": 1, "Lossy Heap Blocks": 1, "Plans": [{"Node Type": "Bitmap Index Scan", "Parent Relationship": "Outer", "Index Name": "keyword_id_movie_keyword", "Startup Cost": 0.0, "Total Cost": 4.5, "Plan Rows": 33, "Plan Width": 0, "Actual Startup Time": 0.016, "Actual Total Time": 0.016, "Actual Rows": 1, "Actual Loops": 1, "Index Cond": "(keyword_id = k.id)"}]}]}, {"Node Type": "Index Scan", "Parent Relationship": "Inner", "Scan Direction": "Forward", "Index Name": "title_pkey", "Relation Name": "title", "Alias": "t1", "Startup Cost": 0.0, "Total Cost": 0.31, "Plan Rows": 1, "Plan Width": 21, "Actual Startup Time": 0.013, "Actual Total Time": 0.013, "Actual Rows": 1, "Actual Loops": 1, "Index Cond": "(id = mk.movie_id)", "Rows Removed by Index Recheck": 0}]}, {"Node Type": "Index Scan", "Parent Relationship": "Inner", "Scan Direction": "Forward", "Index Name": "movie_id_movie_link", "Relation Name": "movie_link", "Alias": "ml", "Startup Cost": 0.0, "Total Cost": 0.35, "Plan Rows": 5, "Plan Width": 12, "Actual Startup Time": 0.003, "Actual Total Time": 0.003, "Actual Rows": 0, "Actual Loops": 1, "Index Cond": "(movie_id = t1.id)", "Rows Removed by Index Recheck": 0}]}, {"Node Type": "Materialize", "Parent Relationship": "Inner", "Startup Cost": 0.0, "Total Cost": 1.25, "Plan Rows": 17, "Plan Width": 16, "Actual Startup Time": 0.0, "Actual Total Time": 0.0, "Plans": [{"Node Type": "Seq Scan", "Parent Relationship": "Outer", "Relation Name": "link_type", "Alias": "lt", "Startup Cost": 0.0, "Total Cost": 1.17, "Plan Rows": 17, "Plan Width": 16, "Actual Startup Time": 0.0, "Actual Total Time": 0.0}]}]}, {"Node Type": "Index Scan", "Parent Relationship": "Inner", "Scan Direction": "Forward", "Index Name": "title_pkey", "Relation Name": "title", "Alias": "t2", "Startup Cost": 0.0, "Total Cost": 4.3, "Plan Rows": 1, "Plan Width": 21, "Actual Startup Time": 0.0, "Actual Total Time": 0.0, "Index Cond": "(id = ml.linked_movie_id)", "Rows Removed by Index Recheck": 0}]}]}, "Triggers": [], "Planner Runtime": 2, "Total Runtime": 41.496, "Unique SQL Id": 524435555}}, "(1, 21)": {"explain_plan": {"Plan": {"Node Type": "Aggregate", "Strategy": "Plain", "Startup Cost": 4047.28, "Total Cost": 4047.29, "Plan Rows": 1, "Plan Width": 142, "Plans": [{"Node Type": "Nested Loop", "Parent Relationship": "Outer", "Join Type": "Inner", "Startup Cost": 4.51, "Total Cost": 4046.12, "Plan Rows": 154, "Plan Width": 46, "Inner Unique": true, "Plans": [{"Node Type": "Nested Loop", "Parent Relationship": "Outer", "Join Type": "Inner", "Startup Cost": 4.51, "Total Cost": 3382.55, "Plan Rows": 154, "Plan Width": 33, "Inner Unique": true, "Plans": [{"Node Type": "Nested Loop", "Parent Relationship": "Outer", "Join Type": "Inner", "Startup Cost": 4.51, "Total Cost": 3339.37, "Plan Rows": 154, "Plan Width": 25, "Inner Unique": false, "Plans": [{"Node Type": "Nested Loop", "Parent Relationship": "Outer", "Join Type": "Inner", "Startup Cost": 4.51, "Total Cost": 3326.15, "Plan Rows": 33, "Plan Width": 25, "Inner Unique": true, "Plans": [{"Node Type": "Nested Loop", "Parent Relationship": "Outer", "Join Type": "Inner", "Startup Cost": 4.51, "Total Cost": 3315.63, "Plan Rows": 33, "Plan Width": 4, "Inner Unique": false, "Plans": [{"Node Type": "Index Scan", "Parent Relationship": "Outer", "Scan Direction": "Forward", "Index Name": "keyword_pkey", "Relation Name": "keyword", "Alias": "k", "Startup Cost": 0.0, "Total Cost": 3182.72, "Plan Rows": 1, "Plan Width": 4, "Filter": "((keyword)::text = '10,000-mile-club'::text)"}, {"Node Type": "Bitmap Heap Scan", "Parent Relationship": "Inner", "Relation Name": "movie_keyword", "Alias": "mk", "Startup Cost": 4.51, "Total Cost": 132.58, "Plan Rows": 33, "Plan Width": 8, "Recheck Cond": "(keyword_id = k.id)", "Plans": [{"Node Type": "Bitmap Index Scan", "Parent Relationship": "Outer", "Index Name": "keyword_id_movie_keyword", "Startup Cost": 0.0, "Total Cost": 4.5, "Plan Rows": 33, "Plan Width": 0, "Index Cond": "(keyword_id = k.id)"}]}]}, {"Node Type": "Index Scan", "Parent Relationship": "Inner", "Scan Direction": "Forward", "Index Name": "title_pkey", "Relation Name": "title", "Alias": "t1", "Startup Cost": 0.0, "Total Cost": 0.31, "Plan Rows": 1, "Plan Width": 21, "Index Cond": "(id = mk.movie_id)"}]}, {"Node Type": "Index Scan", "Parent Relationship": "Inner", "Scan Direction": "Forward", "Index Name": "movie_id_movie_link", "Relation Name": "movie_link", "Alias": "ml", "Startup Cost": 0.0, "Total Cost": 0.35, "Plan Rows": 5, "Plan Width": 12, "Index Cond": "(movie_id = t1.id)"}]}, {"Node Type": "Index Scan", "Parent Relationship": "Inner", "Scan Direction": "Forward", "Index Name": "link_type_pkey", "Relation Name": "link_type", "Alias": "lt", "Startup Cost": 0.0, "Total Cost": 0.27, "Plan Rows": 1, "Plan Width": 16, "Index Cond": "(id = ml.link_type_id)"}]}, {"Node Type": "Index Scan", "Parent Relationship": "Inner", "Scan Direction": "Forward", "Index Name": "title_pkey", "Relation Name": "title", "Alias": "t2", "Startup Cost": 0.0, "Total Cost": 4.3, "Plan Rows": 1, "Plan Width": 21, "Index Cond": "(id = ml.linked_movie_id)"}]}]}, "Unique SQL Id": 524435555, "Planner Runtime": 11}, "explain_analyze_plan": {"Plan": {"Node Type": "Aggregate", "Strategy": "Plain", "Startup Cost": 4047.28, "Total Cost": 4047.29, "Plan Rows": 1, "Plan Width": 142, "Actual Startup Time": 119.675, "Actual Total Time": 119.675, "Actual Rows": 1, "Actual Loops": 1, "Plans": [{"Node Type": "Nested Loop", "Parent Relationship": "Outer", "Join Type": "Inner", "Startup Cost": 4.51, "Total Cost": 4046.12, "Plan Rows": 154, "Plan Width": 46, "Actual Startup Time": 119.669, "Actual Total Time": 119.669, "Actual Rows": 0, "Actual Loops": 1, "Inner Unique": true, "Plans": [{"Node Type": "Nested Loop", "Parent Relationship": "Outer", "Join Type": "Inner", "Startup Cost": 4.51, "Total Cost": 3382.55, "Plan Rows": 154, "Plan Width": 33, "Actual Startup Time": 119.668, "Actual Total Time": 119.668, "Actual Rows": 0, "Actual Loops": 1, "Inner Unique": true, "Plans": [{"Node Type": "Nested Loop", "Parent Relationship": "Outer", "Join Type": "Inner", "Startup Cost": 4.51, "Total Cost": 3339.37, "Plan Rows": 154, "Plan Width": 25, "Actual Startup Time": 119.668, "Actual Total Time": 119.668, "Actual Rows": 0, "Actual Loops": 1, "Inner Unique": false, "Plans": [{"Node Type": "Nested Loop", "Parent Relationship": "Outer", "Join Type": "Inner", "Startup Cost": 4.51, "Total Cost": 3326.15, "Plan Rows": 33, "Plan Width": 25, "Actual Startup Time": 117.759, "Actual Total Time": 119.662, "Actual Rows": 1, "Actual Loops": 1, "Inner Unique": true, "Plans": [{"Node Type": "Nested Loop", "Parent Relationship": "Outer", "Join Type": "Inner", "Startup Cost": 4.51, "Total Cost": 3315.63, "Plan Rows": 33, "Plan Width": 4, "Actual Startup Time": 117.744, "Actual Total Time": 119.646, "Actual Rows": 1, "Actual Loops": 1, "Inner Unique": false, "Plans": [{"Node Type": "Index Scan", "Parent Relationship": "Outer", "Scan Direction": "Forward", "Index Name": "keyword_pkey", "Relation Name": "keyword", "Alias": "k", "Startup Cost": 0.0, "Total Cost": 3182.72, "Plan Rows": 1, "Plan Width": 4, "Actual Startup Time": 117.697, "Actual Total Time": 119.597, "Actual Rows": 1, "Actual Loops": 1, "Filter": "((keyword)::text = '10,000-mile-club'::text)", "Rows Removed by Filter": 134168}, {"Node Type": "Bitmap Heap Scan", "Parent Relationship": "Inner", "Relation Name": "movie_keyword", "Alias": "mk", "Startup Cost": 4.51, "Total Cost": 132.58, "Plan Rows": 33, "Plan Width": 8, "Actual Startup Time": 0.032, "Actual Total Time": 0.033, "Actual Rows": 1, "Actual Loops": 1, "Recheck Cond": "(keyword_id = k.id)", "Rows Removed by Index Recheck": 0, "Exact Heap Blocks": 1, "Lossy Heap Blocks": 1, "Plans": [{"Node Type": "Bitmap Index Scan", "Parent Relationship": "Outer", "Index Name": "keyword_id_movie_keyword", "Startup Cost": 0.0, "Total Cost": 4.5, "Plan Rows": 33, "Plan Width": 0, "Actual Startup Time": 0.018, "Actual Total Time": 0.018, "Actual Rows": 1, "Actual Loops": 1, "Index Cond": "(keyword_id = k.id)"}]}]}, {"Node Type": "Index Scan", "Parent Relationship": "Inner", "Scan Direction": "Forward", "Index Name": "title_pkey", "Relation Name": "title", "Alias": "t1", "Startup Cost": 0.0, "Total Cost": 0.31, "Plan Rows": 1, "Plan Width": 21, "Actual Startup Time": 0.011, "Actual Total Time": 0.011, "Actual Rows": 1, "Actual Loops": 1, "Index Cond": "(id = mk.movie_id)", "Rows Removed by Index Recheck": 0}]}, {"Node Type": "Index Scan", "Parent Relationship": "Inner", "Scan Direction": "Forward", "Index Name": "movie_id_movie_link", "Relation Name": "movie_link", "Alias": "ml", "Startup Cost": 0.0, "Total Cost": 0.35, "Plan Rows": 5, "Plan Width": 12, "Actual Startup Time": 0.003, "Actual Total Time": 0.003, "Actual Rows": 0, "Actual Loops": 1, "Index Cond": "(movie_id = t1.id)", "Rows Removed by Index Recheck": 0}]}, {"Node Type": "Index Scan", "Parent Relationship": "Inner", "Scan Direction": "Forward", "Index Name": "link_type_pkey", "Relation Name": "link_type", "Alias": "lt", "Startup Cost": 0.0, "Total Cost": 0.27, "Plan Rows": 1, "Plan Width": 16, "Actual Startup Time": 0.0, "Actual Total Time": 0.0, "Index Cond": "(id = ml.link_type_id)", "Rows Removed by Index Recheck": 0}]}, {"Node Type": "Index Scan", "Parent Relationship": "Inner", "Scan Direction": "Forward", "Index Name": "title_pkey", "Relation Name": "title", "Alias": "t2", "Startup Cost": 0.0, "Total Cost": 4.3, "Plan Rows": 1, "Plan Width": 21, "Actual Startup Time": 0.0, "Actual Total Time": 0.0, "Index Cond": "(id = ml.linked_movie_id)", "Rows Removed by Index Recheck": 0}]}]}, "Triggers": [], "Planner Runtime": 2, "Total Runtime": 119.92, "Unique SQL Id": 524435555}}, "(1, 22)": {"explain_plan": {"Plan": {"Node Type": "Aggregate", "Strategy": "Plain", "Startup Cost": 3747.02, "Total Cost": 3747.03, "Plan Rows": 1, "Plan Width": 142, "Plans": [{"Node Type": "Nested Loop", "Parent Relationship": "Outer", "Join Type": "Inner", "Startup Cost": 6.55, "Total Cost": 3745.86, "Plan Rows": 154, "Plan Width": 46, "Inner Unique": true, "Plans": [{"Node Type": "Nested Loop", "Parent Relationship": "Outer", "Join Type": "Inner", "Startup Cost": 5.06, "Total Cost": 2896.68, "Plan Rows": 154, "Plan Width": 33, "Inner Unique": true, "Join Filter": "(ml.link_type_id = lt.id)", "Plans": [{"Node Type": "Nested Loop", "Parent Relationship": "Outer", "Join Type": "Inner", "Startup Cost": 5.06, "Total Cost": 2856.2, "Plan Rows": 154, "Plan Width": 25, "Inner Unique": false, "Join Filter": "(t1.id = ml.movie_id)", "Plans": [{"Node Type": "Nested Loop", "Parent Relationship": "Outer", "Join Type": "Inner", "Startup Cost": 4.77, "Total Cost": 2710.54, "Plan Rows": 33, "Plan Width": 25, "Inner Unique": true, "Plans": [{"Node Type": "Nested Loop", "Parent Relationship": "Outer", "Join Type": "Inner", "Startup Cost": 4.51, "Total Cost": 2569.02, "Plan Rows": 33, "Plan Width": 4, "Inner Unique": false, "Plans": [{"Node Type": "Seq Scan", "Parent Relationship": "Outer", "Relation Name": "keyword", "Alias": "k", "Startup Cost": 0.0, "Total Cost": 2436.11, "Plan Rows": 1, "Plan Width": 4, "Filter": "((keyword)::text = '10,000-mile-club'::text)"}, {"Node Type": "Bitmap Heap Scan", "Parent Relationship": "Inner", "Relation Name": "movie_keyword", "Alias": "mk", "Startup Cost": 4.51, "Total Cost": 132.58, "Plan Rows": 33, "Plan Width": 8, "Recheck Cond": "(keyword_id = k.id)", "Plans": [{"Node Type": "Bitmap Index Scan", "Parent Relationship": "Outer", "Index Name": "keyword_id_movie_keyword", "Startup Cost": 0.0, "Total Cost": 4.5, "Plan Rows": 33, "Plan Width": 0, "Index Cond": "(keyword_id = k.id)"}]}]}, {"Node Type": "Bitmap Heap Scan", "Parent Relationship": "Inner", "Relation Name": "title", "Alias": "t1", "Startup Cost": 0.27, "Total Cost": 4.28, "Plan Rows": 1, "Plan Width": 21, "Recheck Cond": "(id = mk.movie_id)", "Plans": [{"Node Type": "Bitmap Index Scan", "Parent Relationship": "Outer", "Index Name": "title_pkey", "Startup Cost": 0.0, "Total Cost": 0.27, "Plan Rows": 1, "Plan Width": 0, "Index Cond": "(id = mk.movie_id)"}]}]}, {"Node Type": "Bitmap Heap Scan", "Parent Relationship": "Inner", "Relation Name": "movie_link", "Alias": "ml", "Startup Cost": 0.29, "Total Cost": 4.35, "Plan Rows": 5, "Plan Width": 12, "Recheck Cond": "(movie_id = mk.movie_id)", "Plans": [{"Node Type": "Bitmap Index Scan", "Parent Relationship": "Outer", "Index Name": "movie_id_movie_link", "Startup Cost": 0.0, "Total Cost": 0.29, "Plan Rows": 5, "Plan Width": 0, "Index Cond": "(movie_id = mk.movie_id)"}]}]}, {"Node Type": "Materialize", "Parent Relationship": "Inner", "Startup Cost": 0.0, "Total Cost": 1.25, "Plan Rows": 17, "Plan Width": 16, "Plans": [{"Node Type": "Seq Scan", "Parent Relationship": "Outer", "Relation Name": "link_type", "Alias": "lt", "Startup Cost": 0.0, "Total Cost": 1.17, "Plan Rows": 17, "Plan Width": 16}]}]}, {"Node Type": "Bitmap Heap Scan", "Parent Relationship": "Inner", "Relation Name": "title", "Alias": "t2", "Startup Cost": 1.49, "Total Cost": 5.5, "Plan Rows": 1, "Plan Width": 21, "Recheck Cond": "(id = ml.linked_movie_id)", "Plans": [{"Node Type": "Bitmap Index Scan", "Parent Relationship": "Outer", "Index Name": "title_pkey", "Startup Cost": 0.0, "Total Cost": 1.49, "Plan Rows": 1, "Plan Width": 0, "Index Cond": "(id = ml.linked_movie_id)"}]}]}]}, "Unique SQL Id": 524435555, "Planner Runtime": 7}, "explain_analyze_plan": {"Plan": {"Node Type": "Aggregate", "Strategy": "Plain", "Startup Cost": 3747.02, "Total Cost": 3747.03, "Plan Rows": 1, "Plan Width": 142, "Actual Startup Time": 40.932, "Actual Total Time": 40.932, "Actual Rows": 1, "Actual Loops": 1, "Plans": [{"Node Type": "Nested Loop", "Parent Relationship": "Outer", "Join Type": "Inner", "Startup Cost": 6.55, "Total Cost": 3745.86, "Plan Rows": 154, "Plan Width": 46, "Actual Startup Time": 40.928, "Actual Total Time": 40.928, "Actual Rows": 0, "Actual Loops": 1, "Inner Unique": true, "Plans": [{"Node Type": "Nested Loop", "Parent Relationship": "Outer", "Join Type": "Inner", "Startup Cost": 5.06, "Total Cost": 2896.68, "Plan Rows": 154, "Plan Width": 33, "Actual Startup Time": 40.927, "Actual Total Time": 40.927, "Actual Rows": 0, "Actual Loops": 1, "Inner Unique": true, "Join Filter": "(ml.link_type_id = lt.id)", "Rows Removed by Join Filter": 0, "Plans": [{"Node Type": "Nested Loop", "Parent Relationship": "Outer", "Join Type": "Inner", "Startup Cost": 5.06, "Total Cost": 2856.2, "Plan Rows": 154, "Plan Width": 25, "Actual Startup Time": 40.926, "Actual Total Time": 40.926, "Actual Rows": 0, "Actual Loops": 1, "Inner Unique": false, "Join Filter": "(t1.id = ml.movie_id)", "Rows Removed by Join Filter": 0, "Plans": [{"Node Type": "Nested Loop", "Parent Relationship": "Outer", "Join Type": "Inner", "Startup Cost": 4.77, "Total Cost": 2710.54, "Plan Rows": 33, "Plan Width": 25, "Actual Startup Time": 40.044, "Actual Total Time": 40.92, "Actual Rows": 1, "Actual Loops": 1, "Inner Unique": true, "Plans": [{"Node Type": "Nested Loop", "Parent Relationship": "Outer", "Join Type": "Inner", "Startup Cost": 4.51, "Total Cost": 2569.02, "Plan Rows": 33, "Plan Width": 4, "Actual Startup Time": 40.03, "Actual Total Time": 40.906, "Actual Rows": 1, "Actual Loops": 1, "Inner Unique": false, "Plans": [{"Node Type": "Seq Scan", "Parent Relationship": "Outer", "Relation Name": "keyword", "Alias": "k", "Startup Cost": 0.0, "Total Cost": 2436.11, "Plan Rows": 1, "Plan Width": 4, "Actual Startup Time": 39.998, "Actual Total Time": 40.872, "Actual Rows": 1, "Actual Loops": 1, "Filter": "((keyword)::text = '10,000-mile-club'::text)", "Rows Removed by Filter": 134168}, {"Node Type": "Bitmap Heap Scan", "Parent Relationship": "Inner", "Relation Name": "movie_keyword", "Alias": "mk", "Startup Cost": 4.51, "Total Cost": 132.58, "Plan Rows": 33, "Plan Width": 8, "Actual Startup Time": 0.024, "Actual Total Time": 0.025, "Actual Rows": 1, "Actual Loops": 1, "Recheck Cond": "(keyword_id = k.id)", "Rows Removed by Index Recheck": 0, "Exact Heap Blocks": 1, "Lossy Heap Blocks": 1, "Plans": [{"Node Type": "Bitmap Index Scan", "Parent Relationship": "Outer", "Index Name": "keyword_id_movie_keyword", "Startup Cost": 0.0, "Total Cost": 4.5, "Plan Rows": 33, "Plan Width": 0, "Actual Startup Time": 0.014, "Actual Total Time": 0.014, "Actual Rows": 1, "Actual Loops": 1, "Index Cond": "(keyword_id = k.id)"}]}]}, {"Node Type": "Bitmap Heap Scan", "Parent Relationship": "Inner", "Relation Name": "title", "Alias": "t1", "Startup Cost": 0.27, "Total Cost": 4.28, "Plan Rows": 1, "Plan Width": 21, "Actual Startup Time": 0.011, "Actual Total Time": 0.011, "Actual Rows": 1, "Actual Loops": 1, "Recheck Cond": "(id = mk.movie_id)", "Rows Removed by Index Recheck": 0, "Exact Heap Blocks": 1, "Lossy Heap Blocks": 1, "Plans": [{"Node Type": "Bitmap Index Scan", "Parent Relationship": "Outer", "Index Name": "title_pkey", "Startup Cost": 0.0, "Total Cost": 0.27, "Plan Rows": 1, "Plan Width": 0, "Actual Startup Time": 0.007, "Actual Total Time": 0.007, "Actual Rows": 1, "Actual Loops": 1, "Index Cond": "(id = mk.movie_id)"}]}]}, {"Node Type": "Bitmap Heap Scan", "Parent Relationship": "Inner", "Relation Name": "movie_link", "Alias": "ml", "Startup Cost": 0.29, "Total Cost": 4.35, "Plan Rows": 5, "Plan Width": 12, "Actual Startup Time": 0.004, "Actual Total Time": 0.004, "Actual Rows": 0, "Actual Loops": 1, "Recheck Cond": "(movie_id = mk.movie_id)", "Rows Removed by Index Recheck": 0, "Exact Heap Blocks": 0, "Lossy Heap Blocks": 0, "Plans": [{"Node Type": "Bitmap Index Scan", "Parent Relationship": "Outer", "Index Name": "movie_id_movie_link", "Startup Cost": 0.0, "Total Cost": 0.29, "Plan Rows": 5, "Plan Width": 0, "Actual Startup Time": 0.002, "Actual Total Time": 0.002, "Actual Rows": 0, "Actual Loops": 1, "Index Cond": "(movie_id = mk.movie_id)"}]}]}, {"Node Type": "Materialize", "Parent Relationship": "Inner", "Startup Cost": 0.0, "Total Cost": 1.25, "Plan Rows": 17, "Plan Width": 16, "Actual Startup Time": 0.0, "Actual Total Time": 0.0, "Plans": [{"Node Type": "Seq Scan", "Parent Relationship": "Outer", "Relation Name": "link_type", "Alias": "lt", "Startup Cost": 0.0, "Total Cost": 1.17, "Plan Rows": 17, "Plan Width": 16, "Actual Startup Time": 0.0, "Actual Total Time": 0.0}]}]}, {"Node Type": "Bitmap Heap Scan", "Parent Relationship": "Inner", "Relation Name": "title", "Alias": "t2", "Startup Cost": 1.49, "Total Cost": 5.5, "Plan Rows": 1, "Plan Width": 21, "Actual Startup Time": 0.0, "Actual Total Time": 0.0, "Recheck Cond": "(id = ml.linked_movie_id)", "Rows Removed by Index Recheck": 0, "Exact Heap Blocks": 0, "Lossy Heap Blocks": 0, "Plans": [{"Node Type": "Bitmap Index Scan", "Parent Relationship": "Outer", "Index Name": "title_pkey", "Startup Cost": 0.0, "Total Cost": 1.49, "Plan Rows": 1, "Plan Width": 0, "Actual Startup Time": 0.0, "Actual Total Time": 0.0, "Index Cond": "(id = ml.linked_movie_id)"}]}]}]}, "Triggers": [], "Planner Runtime": 2, "Total Runtime": 41.159, "Unique SQL Id": 524435555}}, "(1, 23)": {"explain_plan": {"Plan": {"Node Type": "Aggregate", "Strategy": "Plain", "Startup Cost": 1000001377786.31, "Total Cost": 1000001377786.32, "Plan Rows": 1, "Plan Width": 142, "Plans": [{"Node Type": "Nested Loop", "Parent Relationship": "Outer", "Join Type": "Inner", "Startup Cost": 10000000004.71, "Total Cost": 1000001377785.15, "Plan Rows": 154, "Plan Width": 46, "Inner Unique": true, "Plans": [{"Node Type": "Nested Loop", "Parent Relationship": "Outer", "Join Type": "Inner", "Startup Cost": 10000000004.45, "Total Cost": 1000001377125.95, "Plan Rows": 154, "Plan Width": 38, "Inner Unique": true, "Plans": [{"Node Type": "Nested Loop", "Parent Relationship": "Outer", "Join Type": "Inner", "Startup Cost": 10000000002.96, "Total Cost": 1000001376276.77, "Plan Rows": 154, "Plan Width": 25, "Inner Unique": true, "Plans": [{"Node Type": "Nested Loop", "Parent Relationship": "Outer", "Join Type": "Inner", "Startup Cost": 10000000002.69, "Total Cost": 1000001375616.35, "Plan Rows": 154, "Plan Width": 16, "Inner Unique": true, "Plans": [{"Node Type": "Nested Loop", "Parent Relationship": "Outer", "Join Type": "Inner", "Startup Cost": 10000000002.44, "Total Cost": 1000000342019.19, "Plan Rows": 241339, "Plan Width": 20, "Inner Unique": false, "Plans": [{"Node Type": "Index Scan", "Parent Relationship": "Outer", "Scan Direction": "Forward", "Index Name": "link_type_id_movie_link", "Relation Name": "movie_link", "Alias": "ml", "Startup Cost": 10000000000.0, "Total Cost": 1000000143569.16, "Plan Rows": 29996, "Plan Width": 12}, {"Node Type": "Bitmap Heap Scan", "Parent Relationship": "Inner", "Relation Name": "movie_keyword", "Alias": "mk", "Startup Cost": 2.44, "Total Cost": 6.54, "Plan Rows": 8, "Plan Width": 8, "Recheck Cond": "(movie_id = ml.movie_id)", "Plans": [{"Node Type": "Bitmap Index Scan", "Parent Relationship": "Outer", "Index Name": "movie_id_movie_keyword", "Startup Cost": 0.0, "Total Cost": 2.43, "Plan Rows": 8, "Plan Width": 0, "Index Cond": "(movie_id = ml.movie_id)"}]}]}, {"Node Type": "Bitmap Heap Scan", "Parent Relationship": "Inner", "Relation Name": "keyword", "Alias": "k", "Startup Cost": 0.26, "Total Cost": 4.27, "Plan Rows": 1, "Plan Width": 4, "Recheck Cond": "(id = mk.keyword_id)", "Filter": "((keyword)::text = '10,000-mile-club'::text)", "Plans": [{"Node Type": "Bitmap Index Scan", "Parent Relationship": "Outer", "Index Name": "keyword_pkey", "Startup Cost": 0.0, "Total Cost": 0.26, "Plan Rows": 1, "Plan Width": 0, "Index Cond": "(id = mk.keyword_id)"}]}]}, {"Node Type": "Bitmap Heap Scan", "Parent Relationship": "Inner", "Relation Name": "title", "Alias": "t1", "Startup Cost": 0.27, "Total Cost": 4.28, "Plan Rows": 1, "Plan Width": 21, "Recheck Cond": "(id = mk.movie_id)", "Plans": [{"Node Type": "Bitmap Index Scan", "Parent Relationship": "Outer", "Index Name": "title_pkey", "Startup Cost": 0.0, "Total Cost": 0.27, "Plan Rows": 1, "Plan Width": 0, "Index Cond": "(id = mk.movie_id)"}]}]}, {"Node Type": "Bitmap Heap Scan", "Parent Relationship": "Inner", "Relation Name": "title", "Alias": "t2", "Startup Cost": 1.49, "Total Cost": 5.5, "Plan Rows": 1, "Plan Width": 21, "Recheck Cond": "(id = ml.linked_movie_id)", "Plans": [{"Node Type": "Bitmap Index Scan", "Parent Relationship": "Outer", "Index Name": "title_pkey", "Startup Cost": 0.0, "Total Cost": 1.49, "Plan Rows": 1, "Plan Width": 0, "Index Cond": "(id = ml.linked_movie_id)"}]}]}, {"Node Type": "Bitmap Heap Scan", "Parent Relationship": "Inner", "Relation Name": "link_type", "Alias": "lt", "Startup Cost": 0.26, "Total Cost": 4.27, "Plan Rows": 1, "Plan Width": 16, "Recheck Cond": "(id = ml.link_type_id)", "Plans": [{"Node Type": "Bitmap Index Scan", "Parent Relationship": "Outer", "Index Name": "link_type_pkey", "Startup Cost": 0.0, "Total Cost": 0.26, "Plan Rows": 1, "Plan Width": 0, "Index Cond": "(id = ml.link_type_id)"}]}]}]}, "Unique SQL Id": 524435555, "Planner Runtime": 4}, "explain_analyze_plan": null}, "(1, 24)": {"explain_plan": {"Plan": {"Node Type": "Aggregate", "Strategy": "Plain", "Startup Cost": 3302.27, "Total Cost": 3302.28, "Plan Rows": 1, "Plan Width": 142, "Plans": [{"Node Type": "Nested Loop", "Parent Relationship": "Outer", "Join Type": "Inner", "Startup Cost": 0.0, "Total Cost": 3301.12, "Plan Rows": 154, "Plan Width": 46, "Inner Unique": true, "Plans": [{"Node Type": "Nested Loop", "Parent Relationship": "Outer", "Join Type": "Inner", "Startup Cost": 0.0, "Total Cost": 2637.54, "Plan Rows": 154, "Plan Width": 33, "Inner Unique": true, "Join Filter": "(ml.link_type_id = lt.id)", "Plans": [{"Node Type": "Nested Loop", "Parent Relationship": "Outer", "Join Type": "Inner", "Startup Cost": 0.0, "Total Cost": 2597.06, "Plan Rows": 154, "Plan Width": 25, "Inner Unique": false, "Plans": [{"Node Type": "Nested Loop", "Parent Relationship": "Outer", "Join Type": "Inner", "Startup Cost": 0.0, "Total Cost": 2583.84, "Plan Rows": 33, "Plan Width": 25, "Inner Unique": true, "Plans": [{"Node Type": "Nested Loop", "Parent Relationship": "Outer", "Join Type": "Inner", "Startup Cost": 0.0, "Total Cost": 2573.32, "Plan Rows": 33, "Plan Width": 4, "Inner Unique": false, "Plans": [{"Node Type": "Seq Scan", "Parent Relationship": "Outer", "Relation Name": "keyword", "Alias": "k", "Startup Cost": 0.0, "Total Cost": 2436.11, "Plan Rows": 1, "Plan Width": 4, "Filter": "((keyword)::text = '10,000-mile-club'::text)"}, {"Node Type": "Index Scan", "Parent Relationship": "Inner", "Scan Direction": "Forward", "Index Name": "keyword_id_movie_keyword", "Relation Name": "movie_keyword", "Alias": "mk", "Startup Cost": 0.0, "Total Cost": 136.88, "Plan Rows": 33, "Plan Width": 8, "Index Cond": "(keyword_id = k.id)"}]}, {"Node Type": "Index Scan", "Parent Relationship": "Inner", "Scan Direction": "Forward", "Index Name": "title_pkey", "Relation Name": "title", "Alias": "t1", "Startup Cost": 0.0, "Total Cost": 0.31, "Plan Rows": 1, "Plan Width": 21, "Index Cond": "(id = mk.movie_id)"}]}, {"Node Type": "Index Scan", "Parent Relationship": "Inner", "Scan Direction": "Forward", "Index Name": "movie_id_movie_link", "Relation Name": "movie_link", "Alias": "ml", "Startup Cost": 0.0, "Total Cost": 0.35, "Plan Rows": 5, "Plan Width": 12, "Index Cond": "(movie_id = t1.id)"}]}, {"Node Type": "Materialize", "Parent Relationship": "Inner", "Startup Cost": 0.0, "Total Cost": 1.25, "Plan Rows": 17, "Plan Width": 16, "Plans": [{"Node Type": "Seq Scan", "Parent Relationship": "Outer", "Relation Name": "link_type", "Alias": "lt", "Startup Cost": 0.0, "Total Cost": 1.17, "Plan Rows": 17, "Plan Width": 16}]}]}, {"Node Type": "Index Scan", "Parent Relationship": "Inner", "Scan Direction": "Forward", "Index Name": "title_pkey", "Relation Name": "title", "Alias": "t2", "Startup Cost": 0.0, "Total Cost": 4.3, "Plan Rows": 1, "Plan Width": 21, "Index Cond": "(id = ml.linked_movie_id)"}]}]}, "Unique SQL Id": 524435555, "Planner Runtime": 11}, "explain_analyze_plan": {"Plan": {"Node Type": "Aggregate", "Strategy": "Plain", "Startup Cost": 3302.27, "Total Cost": 3302.28, "Plan Rows": 1, "Plan Width": 142, "Actual Startup Time": 40.829, "Actual Total Time": 40.829, "Actual Rows": 1, "Actual Loops": 1, "Plans": [{"Node Type": "Nested Loop", "Parent Relationship": "Outer", "Join Type": "Inner", "Startup Cost": 0.0, "Total Cost": 3301.12, "Plan Rows": 154, "Plan Width": 46, "Actual Startup Time": 40.824, "Actual Total Time": 40.824, "Actual Rows": 0, "Actual Loops": 1, "Inner Unique": true, "Plans": [{"Node Type": "Nested Loop", "Parent Relationship": "Outer", "Join Type": "Inner", "Startup Cost": 0.0, "Total Cost": 2637.54, "Plan Rows": 154, "Plan Width": 33, "Actual Startup Time": 40.824, "Actual Total Time": 40.824, "Actual Rows": 0, "Actual Loops": 1, "Inner Unique": true, "Join Filter": "(ml.link_type_id = lt.id)", "Rows Removed by Join Filter": 0, "Plans": [{"Node Type": "Nested Loop", "Parent Relationship": "Outer", "Join Type": "Inner", "Startup Cost": 0.0, "Total Cost": 2597.06, "Plan Rows": 154, "Plan Width": 25, "Actual Startup Time": 40.823, "Actual Total Time": 40.823, "Actual Rows": 0, "Actual Loops": 1, "Inner Unique": false, "Plans": [{"Node Type": "Nested Loop", "Parent Relationship": "Outer", "Join Type": "Inner", "Startup Cost": 0.0, "Total Cost": 2583.84, "Plan Rows": 33, "Plan Width": 25, "Actual Startup Time": 39.943, "Actual Total Time": 40.818, "Actual Rows": 1, "Actual Loops": 1, "Inner Unique": true, "Plans": [{"Node Type": "Nested Loop", "Parent Relationship": "Outer", "Join Type": "Inner", "Startup Cost": 0.0, "Total Cost": 2573.32, "Plan Rows": 33, "Plan Width": 4, "Actual Startup Time": 39.932, "Actual Total Time": 40.806, "Actual Rows": 1, "Actual Loops": 1, "Inner Unique": false, "Plans": [{"Node Type": "Seq Scan", "Parent Relationship": "Outer", "Relation Name": "keyword", "Alias": "k", "Startup Cost": 0.0, "Total Cost": 2436.11, "Plan Rows": 1, "Plan Width": 4, "Actual Startup Time": 39.911, "Actual Total Time": 40.783, "Actual Rows": 1, "Actual Loops": 1, "Filter": "((keyword)::text = '10,000-mile-club'::text)", "Rows Removed by Filter": 134168}, {"Node Type": "Index Scan", "Parent Relationship": "Inner", "Scan Direction": "Forward", "Index Name": "keyword_id_movie_keyword", "Relation Name": "movie_keyword", "Alias": "mk", "Startup Cost": 0.0, "Total Cost": 136.88, "Plan Rows": 33, "Plan Width": 8, "Actual Startup Time": 0.016, "Actual Total Time": 0.016, "Actual Rows": 1, "Actual Loops": 1, "Index Cond": "(keyword_id = k.id)", "Rows Removed by Index Recheck": 0}]}, {"Node Type": "Index Scan", "Parent Relationship": "Inner", "Scan Direction": "Forward", "Index Name": "title_pkey", "Relation Name": "title", "Alias": "t1", "Startup Cost": 0.0, "Total Cost": 0.31, "Plan Rows": 1, "Plan Width": 21, "Actual Startup Time": 0.008, "Actual Total Time": 0.008, "Actual Rows": 1, "Actual Loops": 1, "Index Cond": "(id = mk.movie_id)", "Rows Removed by Index Recheck": 0}]}, {"Node Type": "Index Scan", "Parent Relationship": "Inner", "Scan Direction": "Forward", "Index Name": "movie_id_movie_link", "Relation Name": "movie_link", "Alias": "ml", "Startup Cost": 0.0, "Total Cost": 0.35, "Plan Rows": 5, "Plan Width": 12, "Actual Startup Time": 0.003, "Actual Total Time": 0.003, "Actual Rows": 0, "Actual Loops": 1, "Index Cond": "(movie_id = t1.id)", "Rows Removed by Index Recheck": 0}]}, {"Node Type": "Materialize", "Parent Relationship": "Inner", "Startup Cost": 0.0, "Total Cost": 1.25, "Plan Rows": 17, "Plan Width": 16, "Actual Startup Time": 0.0, "Actual Total Time": 0.0, "Plans": [{"Node Type": "Seq Scan", "Parent Relationship": "Outer", "Relation Name": "link_type", "Alias": "lt", "Startup Cost": 0.0, "Total Cost": 1.17, "Plan Rows": 17, "Plan Width": 16, "Actual Startup Time": 0.0, "Actual Total Time": 0.0}]}]}, {"Node Type": "Index Scan", "Parent Relationship": "Inner", "Scan Direction": "Forward", "Index Name": "title_pkey", "Relation Name": "title", "Alias": "t2", "Startup Cost": 0.0, "Total Cost": 4.3, "Plan Rows": 1, "Plan Width": 21, "Actual Startup Time": 0.0, "Actual Total Time": 0.0, "Index Cond": "(id = ml.linked_movie_id)", "Rows Removed by Index Recheck": 0}]}]}, "Triggers": [], "Planner Runtime": 2, "Total Runtime": 41.034, "Unique SQL Id": 524435555}}, "(1, 25)": {"explain_plan": {"Plan": {"Node Type": "Aggregate", "Strategy": "Plain", "Startup Cost": 4051.57, "Total Cost": 4051.58, "Plan Rows": 1, "Plan Width": 142, "Plans": [{"Node Type": "Nested Loop", "Parent Relationship": "Outer", "Join Type": "Inner", "Startup Cost": 0.0, "Total Cost": 4050.42, "Plan Rows": 154, "Plan Width": 46, "Inner Unique": true, "Plans": [{"Node Type": "Nested Loop", "Parent Relationship": "Outer", "Join Type": "Inner", "Startup Cost": 0.0, "Total Cost": 3386.84, "Plan Rows": 154, "Plan Width": 33, "Inner Unique": true, "Plans": [{"Node Type": "Nested Loop", "Parent Relationship": "Outer", "Join Type": "Inner", "Startup Cost": 0.0, "Total Cost": 3343.66, "Plan Rows": 154, "Plan Width": 25, "Inner Unique": false, "Plans": [{"Node Type": "Nested Loop", "Parent Relationship": "Outer", "Join Type": "Inner", "Startup Cost": 0.0, "Total Cost": 3330.45, "Plan Rows": 33, "Plan Width": 25, "Inner Unique": true, "Plans": [{"Node Type": "Nested Loop", "Parent Relationship": "Outer", "Join Type": "Inner", "Startup Cost": 0.0, "Total Cost": 3319.92, "Plan Rows": 33, "Plan Width": 4, "Inner Unique": false, "Plans": [{"Node Type": "Index Scan", "Parent Relationship": "Outer", "Scan Direction": "Forward", "Index Name": "keyword_pkey", "Relation Name": "keyword", "Alias": "k", "Startup Cost": 0.0, "Total Cost": 3182.72, "Plan Rows": 1, "Plan Width": 4, "Filter": "((keyword)::text = '10,000-mile-club'::text)"}, {"Node Type": "Index Scan", "Parent Relationship": "Inner", "Scan Direction": "Forward", "Index Name": "keyword_id_movie_keyword", "Relation Name": "movie_keyword", "Alias": "mk", "Startup Cost": 0.0, "Total Cost": 136.88, "Plan Rows": 33, "Plan Width": 8, "Index Cond": "(keyword_id = k.id)"}]}, {"Node Type": "Index Scan", "Parent Relationship": "Inner", "Scan Direction": "Forward", "Index Name": "title_pkey", "Relation Name": "title", "Alias": "t1", "Startup Cost": 0.0, "Total Cost": 0.31, "Plan Rows": 1, "Plan Width": 21, "Index Cond": "(id = mk.movie_id)"}]}, {"Node Type": "Index Scan", "Parent Relationship": "Inner", "Scan Direction": "Forward", "Index Name": "movie_id_movie_link", "Relation Name": "movie_link", "Alias": "ml", "Startup Cost": 0.0, "Total Cost": 0.35, "Plan Rows": 5, "Plan Width": 12, "Index Cond": "(movie_id = t1.id)"}]}, {"Node Type": "Index Scan", "Parent Relationship": "Inner", "Scan Direction": "Forward", "Index Name": "link_type_pkey", "Relation Name": "link_type", "Alias": "lt", "Startup Cost": 0.0, "Total Cost": 0.27, "Plan Rows": 1, "Plan Width": 16, "Index Cond": "(id = ml.link_type_id)"}]}, {"Node Type": "Index Scan", "Parent Relationship": "Inner", "Scan Direction": "Forward", "Index Name": "title_pkey", "Relation Name": "title", "Alias": "t2", "Startup Cost": 0.0, "Total Cost": 4.3, "Plan Rows": 1, "Plan Width": 21, "Index Cond": "(id = ml.linked_movie_id)"}]}]}, "Unique SQL Id": 524435555, "Planner Runtime": 11}, "explain_analyze_plan": {"Plan": {"Node Type": "Aggregate", "Strategy": "Plain", "Startup Cost": 4051.57, "Total Cost": 4051.58, "Plan Rows": 1, "Plan Width": 142, "Actual Startup Time": 116.677, "Actual Total Time": 116.678, "Actual Rows": 1, "Actual Loops": 1, "Plans": [{"Node Type": "Nested Loop", "Parent Relationship": "Outer", "Join Type": "Inner", "Startup Cost": 0.0, "Total Cost": 4050.42, "Plan Rows": 154, "Plan Width": 46, "Actual Startup Time": 116.671, "Actual Total Time": 116.671, "Actual Rows": 0, "Actual Loops": 1, "Inner Unique": true, "Plans": [{"Node Type": "Nested Loop", "Parent Relationship": "Outer", "Join Type": "Inner", "Startup Cost": 0.0, "Total Cost": 3386.84, "Plan Rows": 154, "Plan Width": 33, "Actual Startup Time": 116.668, "Actual Total Time": 116.668, "Actual Rows": 0, "Actual Loops": 1, "Inner Unique": true, "Plans": [{"Node Type": "Nested Loop", "Parent Relationship": "Outer", "Join Type": "Inner", "Startup Cost": 0.0, "Total Cost": 3343.66, "Plan Rows": 154, "Plan Width": 25, "Actual Startup Time": 116.667, "Actual Total Time": 116.667, "Actual Rows": 0, "Actual Loops": 1, "Inner Unique": false, "Plans": [{"Node Type": "Nested Loop", "Parent Relationship": "Outer", "Join Type": "Inner", "Startup Cost": 0.0, "Total Cost": 3330.45, "Plan Rows": 33, "Plan Width": 25, "Actual Startup Time": 114.781, "Actual Total Time": 116.653, "Actual Rows": 1, "Actual Loops": 1, "Inner Unique": true, "Plans": [{"Node Type": "Nested Loop", "Parent Relationship": "Outer", "Join Type": "Inner", "Startup Cost": 0.0, "Total Cost": 3319.92, "Plan Rows": 33, "Plan Width": 4, "Actual Startup Time": 114.757, "Actual Total Time": 116.628, "Actual Rows": 1, "Actual Loops": 1, "Inner Unique": false, "Plans": [{"Node Type": "Index Scan", "Parent Relationship": "Outer", "Scan Direction": "Forward", "Index Name": "keyword_pkey", "Relation Name": "keyword", "Alias": "k", "Startup Cost": 0.0, "Total Cost": 3182.72, "Plan Rows": 1, "Plan Width": 4, "Actual Startup Time": 114.722, "Actual Total Time": 116.591, "Actual Rows": 1, "Actual Loops": 1, "Filter": "((keyword)::text = '10,000-mile-club'::text)", "Rows Removed by Filter": 134168}, {"Node Type": "Index Scan", "Parent Relationship": "Inner", "Scan Direction": "Forward", "Index Name": "keyword_id_movie_keyword", "Relation Name": "movie_keyword", "Alias": "mk", "Startup Cost": 0.0, "Total Cost": 136.88, "Plan Rows": 33, "Plan Width": 8, "Actual Startup Time": 0.023, "Actual Total Time": 0.023, "Actual Rows": 1, "Actual Loops": 1, "Index Cond": "(keyword_id = k.id)", "Rows Removed by Index Recheck": 0}]}, {"Node Type": "Index Scan", "Parent Relationship": "Inner", "Scan Direction": "Forward", "Index Name": "title_pkey", "Relation Name": "title", "Alias": "t1", "Startup Cost": 0.0, "Total Cost": 0.31, "Plan Rows": 1, "Plan Width": 21, "Actual Startup Time": 0.017, "Actual Total Time": 0.017, "Actual Rows": 1, "Actual Loops": 1, "Index Cond": "(id = mk.movie_id)", "Rows Removed by Index Recheck": 0}]}, {"Node Type": "Index Scan", "Parent Relationship": "Inner", "Scan Direction": "Forward", "Index Name": "movie_id_movie_link", "Relation Name": "movie_link", "Alias": "ml", "Startup Cost": 0.0, "Total Cost": 0.35, "Plan Rows": 5, "Plan Width": 12, "Actual Startup Time": 0.009, "Actual Total Time": 0.009, "Actual Rows": 0, "Actual Loops": 1, "Index Cond": "(movie_id = t1.id)", "Rows Removed by Index Recheck": 0}]}, {"Node Type": "Index Scan", "Parent Relationship": "Inner", "Scan Direction": "Forward", "Index Name": "link_type_pkey", "Relation Name": "link_type", "Alias": "lt", "Startup Cost": 0.0, "Total Cost": 0.27, "Plan Rows": 1, "Plan Width": 16, "Actual Startup Time": 0.0, "Actual Total Time": 0.0, "Index Cond": "(id = ml.link_type_id)", "Rows Removed by Index Recheck": 0}]}, {"Node Type": "Index Scan", "Parent Relationship": "Inner", "Scan Direction": "Forward", "Index Name": "title_pkey", "Relation Name": "title", "Alias": "t2", "Startup Cost": 0.0, "Total Cost": 4.3, "Plan Rows": 1, "Plan Width": 21, "Actual Startup Time": 0.0, "Actual Total Time": 0.0, "Index Cond": "(id = ml.linked_movie_id)", "Rows Removed by Index Recheck": 0}]}]}, "Triggers": [], "Planner Runtime": 2, "Total Runtime": 116.955, "Unique SQL Id": 524435555}}, "(1, 26)": {"explain_plan": {"Plan": {"Node Type": "Aggregate", "Strategy": "Plain", "Startup Cost": 795555.32, "Total Cost": 795555.33, "Plan Rows": 1, "Plan Width": 142, "Plans": [{"Node Type": "Merge Join", "Parent Relationship": "Outer", "Join Type": "Inner", "Startup Cost": 782927.39, "Total Cost": 795554.16, "Plan Rows": 154, "Plan Width": 46, "Inner Unique": true, "Merge Cond": "(ml.linked_movie_id = t2.id)", "Plans": [{"Node Type": "Sort", "Parent Relationship": "Outer", "Startup Cost": 453974.12, "Total Cost": 453974.5, "Plan Rows": 154, "Plan Width": 33, "Sort Key": ["ml.linked_movie_id"], "Plans": [{"Node Type": "Merge Join", "Parent Relationship": "Outer", "Join Type": "Inner", "Startup Cost": 453966.16, "Total Cost": 453968.52, "Plan Rows": 154, "Plan Width": 33, "Inner Unique": false, "Merge Cond": "(lt.id = ml.link_type_id)", "Plans": [{"Node Type": "Sort", "Parent Relationship": "Outer", "Startup Cost": 1.52, "Total Cost": 1.56, "Plan Rows": 17, "Plan Width": 16, "Sort Key": ["lt.id"], "Plans": [{"Node Type": "Seq Scan", "Parent Relationship": "Outer", "Relation Name": "link_type", "Alias": "lt", "Startup Cost": 0.0, "Total Cost": 1.17, "Plan Rows": 17, "Plan Width": 16}]}, {"Node Type": "Sort", "Parent Relationship": "Inner", "Startup Cost": 453964.62, "Total Cost": 453965.0, "Plan Rows": 154, "Plan Width": 25, "Sort Key": ["ml.link_type_id"], "Plans": [{"Node Type": "Merge Join", "Parent Relationship": "Outer", "Join Type": "Inner", "Startup Cost": 453042.16, "Total Cost": 453959.02, "Plan Rows": 154, "Plan Width": 25, "Inner Unique": false, "Merge Cond": "(t1.id = ml.movie_id)", "Plans": [{"Node Type": "Merge Join", "Parent Relationship": "Outer", "Join Type": "Inner", "Startup Cost": 450380.62, "Total Cost": 463008.71, "Plan Rows": 33, "Plan Width": 25, "Inner Unique": true, "Merge Cond": "(mk.movie_id = t1.id)", "Plans": [{"Node Type": "Sort", "Parent Relationship": "Outer", "Startup Cost": 121427.35, "Total Cost": 121427.43, "Plan Rows": 33, "Plan Width": 4, "Sort Key": ["mk.movie_id"], "Plans": [{"Node Type": "Nested Loop", "Parent Relationship": "Outer", "Join Type": "Inner", "Startup Cost": 0.0, "Total Cost": 121426.52, "Plan Rows": 33, "Plan Width": 4, "Inner Unique": false, "Join Filter": "(k.id = mk.keyword_id)", "Plans": [{"Node Type": "Seq Scan", "Parent Relationship": "Outer", "Relation Name": "keyword", "Alias": "k", "Startup Cost": 0.0, "Total Cost": 2436.11, "Plan Rows": 1, "Plan Width": 4, "Filter": "((keyword)::text = '10,000-mile-club'::text)"}, {"Node Type": "Seq Scan", "Parent Relationship": "Inner", "Relation Name": "movie_keyword", "Alias": "mk", "Startup Cost": 0.0, "Total Cost": 62441.29, "Plan Rows": 4523929, "Plan Width": 8}]}]}, {"Node Type": "Sort", "Parent Relationship": "Inner", "Startup Cost": 328951.73, "Total Cost": 335272.51, "Plan Rows": 2528311, "Plan Width": 21, "Sort Key": ["t1.id"], "Plans": [{"Node Type": "Seq Scan", "Parent Relationship": "Outer", "Relation Name": "title", "Alias": "t1", "Startup Cost": 0.0, "Total Cost": 60069.11, "Plan Rows": 2528311, "Plan Width": 21}]}]}, {"Node Type": "Sort", "Parent Relationship": "Inner", "Startup Cost": 2661.53, "Total Cost": 2736.52, "Plan Rows": 29996, "Plan Width": 12, "Sort Key": ["ml.movie_id"], "Plans": [{"Node Type": "Seq Scan", "Parent Relationship": "Outer", "Relation Name": "movie_link", "Alias": "ml", "Startup Cost": 0.0, "Total Cost": 430.96, "Plan Rows": 29996, "Plan Width": 12}]}]}]}]}]}, {"Node Type": "Sort", "Parent Relationship": "Inner", "Startup Cost": 328951.73, "Total Cost": 335272.51, "Plan Rows": 2528311, "Plan Width": 21, "Sort Key": ["t2.id"], "Plans": [{"Node Type": "Seq Scan", "Parent Relationship": "Outer", "Relation Name": "title", "Alias": "t2", "Startup Cost": 0.0, "Total Cost": 60069.11, "Plan Rows": 2528311, "Plan Width": 21}]}]}]}, "Unique SQL Id": 524435555, "Planner Runtime": 7}, "explain_analyze_plan": null}, "(1, 27)": {"explain_plan": {"Plan": {"Node Type": "Aggregate", "Strategy": "Plain", "Startup Cost": 3151838021043.93, "Total Cost": 3151838021043.94, "Plan Rows": 1, "Plan Width": 142, "Plans": [{"Node Type": "Nested Loop", "Parent Relationship": "Outer", "Join Type": "Inner", "Startup Cost": 1230056461532.74, "Total Cost": 3151838021042.77, "Plan Rows": 154, "Plan Width": 46, "Inner Unique": false, "Join Filter": "(ml.linked_movie_id = t2.id)", "Plans": [{"Node Type": "Index Scan", "Parent Relationship": "Outer", "Scan Direction": "Forward", "Index Name": "title_pkey", "Relation Name": "title", "Alias": "t2", "Startup Cost": 10000000000.0, "Total Cost": 1000011012048.91, "Plan Rows": 2528311, "Plan Width": 21}, {"Node Type": "Materialize", "Parent Relationship": "Inner", "Startup Cost": 1220056461532.74, "Total Cost": 2151821168595.83, "Plan Rows": 154, "Plan Width": 33, "Plans": [{"Node Type": "Merge Join", "Parent Relationship": "Outer", "Join Type": "Inner", "Startup Cost": 1220056461532.74, "Total Cost": 2151821168595.06, "Plan Rows": 154, "Plan Width": 33, "Inner Unique": true, "Merge Cond": "(ml.link_type_id = lt.id)", "Plans": [{"Node Type": "Sort", "Parent Relationship": "Outer", "Startup Cost": 1210056461532.71, "Total Cost": 1210056461533.1, "Plan Rows": 154, "Plan Width": 25, "Sort Key": ["ml.link_type_id"], "Plans": [{"Node Type": "Merge Join", "Parent Relationship": "Outer", "Join Type": "Inner", "Startup Cost": 40120995164.23, "Total Cost": 1210056461527.12, "Plan Rows": 154, "Plan Width": 25, "Inner Unique": false, "Merge Cond": "(t1.id = ml.movie_id)", "Plans": [{"Node Type": "Merge Join", "Parent Relationship": "Outer", "Join Type": "Inner", "Startup Cost": 30120995164.23, "Total Cost": 2999054436549.81, "Plan Rows": 33, "Plan Width": 25, "Inner Unique": true, "Merge Cond": "(mk.movie_id = t1.id)", "Plans": [{"Node Type": "Nested Loop", "Parent Relationship": "Outer", "Join Type": "Inner", "Startup Cost": 20000000000.0, "Total Cost": 2000015686764.79, "Plan Rows": 33, "Plan Width": 4, "Inner Unique": true, "Join Filter": "(k.id = mk.keyword_id)", "Plans": [{"Node Type": "Index Scan", "Parent Relationship": "Outer", "Scan Direction": "Forward", "Index Name": "movie_id_movie_keyword", "Relation Name": "movie_keyword", "Alias": "mk", "Startup Cost": 10000000000.0, "Total Cost": 1000015300634.17, "Plan Rows": 4523929, "Plan Width": 8}, {"Node Type": "Materialize", "Parent Relationship": "Inner", "Startup Cost": 10000000000.0, "Total Cost": 1000000318271.69, "Plan Rows": 1, "Plan Width": 4, "Plans": [{"Node Type": "Index Scan", "Parent Relationship": "Outer", "Scan Direction": "Forward", "Index Name": "keyword_pkey", "Relation Name": "keyword", "Alias": "k", "Startup Cost": 10000000000.0, "Total Cost": 1000000318271.68, "Plan Rows": 1, "Plan Width": 4, "Filter": "((keyword)::text = '10,000-mile-club'::text)"}]}]}, {"Node Type": "Index Scan", "Parent Relationship": "Inner", "Scan Direction": "Forward", "Index Name": "title_pkey", "Relation Name": "title", "Alias": "t1", "Startup Cost": 10000000000.0, "Total Cost": 1000011012048.91, "Plan Rows": 2528311, "Plan Width": 21}]}, {"Node Type": "Index Scan", "Parent Relationship": "Inner", "Scan Direction": "Forward", "Index Name": "movie_id_movie_link", "Relation Name": "movie_link", "Alias": "ml", "Startup Cost": 10000000000.0, "Total Cost": 1000000106202.37, "Plan Rows": 29996, "Plan Width": 12}]}]}, {"Node Type": "Materialize", "Parent Relationship": "Inner", "Startup Cost": 10000000000.0, "Total Cost": 1000000001250.54, "Plan Rows": 17, "Plan Width": 16, "Plans": [{"Node Type": "Index Scan", "Parent Relationship": "Outer", "Scan Direction": "Forward", "Index Name": "link_type_pkey", "Relation Name": "link_type", "Alias": "lt", "Startup Cost": 10000000000.0, "Total Cost": 1000000001250.5, "Plan Rows": 17, "Plan Width": 16}]}]}]}]}]}, "Unique SQL Id": 524435555, "Planner Runtime": 12}, "explain_analyze_plan": null}, "(1, 28)": {"explain_plan": {"Plan": {"Node Type": "Aggregate", "Strategy": "Plain", "Startup Cost": 3302.27, "Total Cost": 3302.28, "Plan Rows": 1, "Plan Width": 142, "Plans": [{"Node Type": "Nested Loop", "Parent Relationship": "Outer", "Join Type": "Inner", "Startup Cost": 0.0, "Total Cost": 3301.12, "Plan Rows": 154, "Plan Width": 46, "Inner Unique": true, "Plans": [{"Node Type": "Nested Loop", "Parent Relationship": "Outer", "Join Type": "Inner", "Startup Cost": 0.0, "Total Cost": 2637.54, "Plan Rows": 154, "Plan Width": 33, "Inner Unique": true, "Join Filter": "(ml.link_type_id = lt.id)", "Plans": [{"Node Type": "Nested Loop", "Parent Relationship": "Outer", "Join Type": "Inner", "Startup Cost": 0.0, "Total Cost": 2597.06, "Plan Rows": 154, "Plan Width": 25, "Inner Unique": false, "Plans": [{"Node Type": "Nested Loop", "Parent Relationship": "Outer", "Join Type": "Inner", "Startup Cost": 0.0, "Total Cost": 2583.84, "Plan Rows": 33, "Plan Width": 25, "Inner Unique": true, "Plans": [{"Node Type": "Nested Loop", "Parent Relationship": "Outer", "Join Type": "Inner", "Startup Cost": 0.0, "Total Cost": 2573.32, "Plan Rows": 33, "Plan Width": 4, "Inner Unique": false, "Plans": [{"Node Type": "Seq Scan", "Parent Relationship": "Outer", "Relation Name": "keyword", "Alias": "k", "Startup Cost": 0.0, "Total Cost": 2436.11, "Plan Rows": 1, "Plan Width": 4, "Filter": "((keyword)::text = '10,000-mile-club'::text)"}, {"Node Type": "Index Scan", "Parent Relationship": "Inner", "Scan Direction": "Forward", "Index Name": "keyword_id_movie_keyword", "Relation Name": "movie_keyword", "Alias": "mk", "Startup Cost": 0.0, "Total Cost": 136.88, "Plan Rows": 33, "Plan Width": 8, "Index Cond": "(keyword_id = k.id)"}]}, {"Node Type": "Index Scan", "Parent Relationship": "Inner", "Scan Direction": "Forward", "Index Name": "title_pkey", "Relation Name": "title", "Alias": "t1", "Startup Cost": 0.0, "Total Cost": 0.31, "Plan Rows": 1, "Plan Width": 21, "Index Cond": "(id = mk.movie_id)"}]}, {"Node Type": "Index Scan", "Parent Relationship": "Inner", "Scan Direction": "Forward", "Index Name": "movie_id_movie_link", "Relation Name": "movie_link", "Alias": "ml", "Startup Cost": 0.0, "Total Cost": 0.35, "Plan Rows": 5, "Plan Width": 12, "Index Cond": "(movie_id = t1.id)"}]}, {"Node Type": "Materialize", "Parent Relationship": "Inner", "Startup Cost": 0.0, "Total Cost": 1.25, "Plan Rows": 17, "Plan Width": 16, "Plans": [{"Node Type": "Seq Scan", "Parent Relationship": "Outer", "Relation Name": "link_type", "Alias": "lt", "Startup Cost": 0.0, "Total Cost": 1.17, "Plan Rows": 17, "Plan Width": 16}]}]}, {"Node Type": "Index Scan", "Parent Relationship": "Inner", "Scan Direction": "Forward", "Index Name": "title_pkey", "Relation Name": "title", "Alias": "t2", "Startup Cost": 0.0, "Total Cost": 4.3, "Plan Rows": 1, "Plan Width": 21, "Index Cond": "(id = ml.linked_movie_id)"}]}]}, "Unique SQL Id": 524435555, "Planner Runtime": 11}, "explain_analyze_plan": {"Plan": {"Node Type": "Aggregate", "Strategy": "Plain", "Startup Cost": 3302.27, "Total Cost": 3302.28, "Plan Rows": 1, "Plan Width": 142, "Actual Startup Time": 40.829, "Actual Total Time": 40.829, "Actual Rows": 1, "Actual Loops": 1, "Plans": [{"Node Type": "Nested Loop", "Parent Relationship": "Outer", "Join Type": "Inner", "Startup Cost": 0.0, "Total Cost": 3301.12, "Plan Rows": 154, "Plan Width": 46, "Actual Startup Time": 40.824, "Actual Total Time": 40.824, "Actual Rows": 0, "Actual Loops": 1, "Inner Unique": true, "Plans": [{"Node Type": "Nested Loop", "Parent Relationship": "Outer", "Join Type": "Inner", "Startup Cost": 0.0, "Total Cost": 2637.54, "Plan Rows": 154, "Plan Width": 33, "Actual Startup Time": 40.824, "Actual Total Time": 40.824, "Actual Rows": 0, "Actual Loops": 1, "Inner Unique": true, "Join Filter": "(ml.link_type_id = lt.id)", "Rows Removed by Join Filter": 0, "Plans": [{"Node Type": "Nested Loop", "Parent Relationship": "Outer", "Join Type": "Inner", "Startup Cost": 0.0, "Total Cost": 2597.06, "Plan Rows": 154, "Plan Width": 25, "Actual Startup Time": 40.823, "Actual Total Time": 40.823, "Actual Rows": 0, "Actual Loops": 1, "Inner Unique": false, "Plans": [{"Node Type": "Nested Loop", "Parent Relationship": "Outer", "Join Type": "Inner", "Startup Cost": 0.0, "Total Cost": 2583.84, "Plan Rows": 33, "Plan Width": 25, "Actual Startup Time": 39.943, "Actual Total Time": 40.818, "Actual Rows": 1, "Actual Loops": 1, "Inner Unique": true, "Plans": [{"Node Type": "Nested Loop", "Parent Relationship": "Outer", "Join Type": "Inner", "Startup Cost": 0.0, "Total Cost": 2573.32, "Plan Rows": 33, "Plan Width": 4, "Actual Startup Time": 39.932, "Actual Total Time": 40.806, "Actual Rows": 1, "Actual Loops": 1, "Inner Unique": false, "Plans": [{"Node Type": "Seq Scan", "Parent Relationship": "Outer", "Relation Name": "keyword", "Alias": "k", "Startup Cost": 0.0, "Total Cost": 2436.11, "Plan Rows": 1, "Plan Width": 4, "Actual Startup Time": 39.911, "Actual Total Time": 40.783, "Actual Rows": 1, "Actual Loops": 1, "Filter": "((keyword)::text = '10,000-mile-club'::text)", "Rows Removed by Filter": 134168}, {"Node Type": "Index Scan", "Parent Relationship": "Inner", "Scan Direction": "Forward", "Index Name": "keyword_id_movie_keyword", "Relation Name": "movie_keyword", "Alias": "mk", "Startup Cost": 0.0, "Total Cost": 136.88, "Plan Rows": 33, "Plan Width": 8, "Actual Startup Time": 0.016, "Actual Total Time": 0.016, "Actual Rows": 1, "Actual Loops": 1, "Index Cond": "(keyword_id = k.id)", "Rows Removed by Index Recheck": 0}]}, {"Node Type": "Index Scan", "Parent Relationship": "Inner", "Scan Direction": "Forward", "Index Name": "title_pkey", "Relation Name": "title", "Alias": "t1", "Startup Cost": 0.0, "Total Cost": 0.31, "Plan Rows": 1, "Plan Width": 21, "Actual Startup Time": 0.008, "Actual Total Time": 0.008, "Actual Rows": 1, "Actual Loops": 1, "Index Cond": "(id = mk.movie_id)", "Rows Removed by Index Recheck": 0}]}, {"Node Type": "Index Scan", "Parent Relationship": "Inner", "Scan Direction": "Forward", "Index Name": "movie_id_movie_link", "Relation Name": "movie_link", "Alias": "ml", "Startup Cost": 0.0, "Total Cost": 0.35, "Plan Rows": 5, "Plan Width": 12, "Actual Startup Time": 0.003, "Actual Total Time": 0.003, "Actual Rows": 0, "Actual Loops": 1, "Index Cond": "(movie_id = t1.id)", "Rows Removed by Index Recheck": 0}]}, {"Node Type": "Materialize", "Parent Relationship": "Inner", "Startup Cost": 0.0, "Total Cost": 1.25, "Plan Rows": 17, "Plan Width": 16, "Actual Startup Time": 0.0, "Actual Total Time": 0.0, "Plans": [{"Node Type": "Seq Scan", "Parent Relationship": "Outer", "Relation Name": "link_type", "Alias": "lt", "Startup Cost": 0.0, "Total Cost": 1.17, "Plan Rows": 17, "Plan Width": 16, "Actual Startup Time": 0.0, "Actual Total Time": 0.0}]}]}, {"Node Type": "Index Scan", "Parent Relationship": "Inner", "Scan Direction": "Forward", "Index Name": "title_pkey", "Relation Name": "title", "Alias": "t2", "Startup Cost": 0.0, "Total Cost": 4.3, "Plan Rows": 1, "Plan Width": 21, "Actual Startup Time": 0.0, "Actual Total Time": 0.0, "Index Cond": "(id = ml.linked_movie_id)", "Rows Removed by Index Recheck": 0}]}]}, "Triggers": [], "Planner Runtime": 2, "Total Runtime": 41.034, "Unique SQL Id": 524435555}}, "(1, 29)": {"explain_plan": {"Plan": {"Node Type": "Aggregate", "Strategy": "Plain", "Startup Cost": 4051.57, "Total Cost": 4051.58, "Plan Rows": 1, "Plan Width": 142, "Plans": [{"Node Type": "Nested Loop", "Parent Relationship": "Outer", "Join Type": "Inner", "Startup Cost": 0.0, "Total Cost": 4050.42, "Plan Rows": 154, "Plan Width": 46, "Inner Unique": true, "Plans": [{"Node Type": "Nested Loop", "Parent Relationship": "Outer", "Join Type": "Inner", "Startup Cost": 0.0, "Total Cost": 3386.84, "Plan Rows": 154, "Plan Width": 33, "Inner Unique": true, "Plans": [{"Node Type": "Nested Loop", "Parent Relationship": "Outer", "Join Type": "Inner", "Startup Cost": 0.0, "Total Cost": 3343.66, "Plan Rows": 154, "Plan Width": 25, "Inner Unique": false, "Plans": [{"Node Type": "Nested Loop", "Parent Relationship": "Outer", "Join Type": "Inner", "Startup Cost": 0.0, "Total Cost": 3330.45, "Plan Rows": 33, "Plan Width": 25, "Inner Unique": true, "Plans": [{"Node Type": "Nested Loop", "Parent Relationship": "Outer", "Join Type": "Inner", "Startup Cost": 0.0, "Total Cost": 3319.92, "Plan Rows": 33, "Plan Width": 4, "Inner Unique": false, "Plans": [{"Node Type": "Index Scan", "Parent Relationship": "Outer", "Scan Direction": "Forward", "Index Name": "keyword_pkey", "Relation Name": "keyword", "Alias": "k", "Startup Cost": 0.0, "Total Cost": 3182.72, "Plan Rows": 1, "Plan Width": 4, "Filter": "((keyword)::text = '10,000-mile-club'::text)"}, {"Node Type": "Index Scan", "Parent Relationship": "Inner", "Scan Direction": "Forward", "Index Name": "keyword_id_movie_keyword", "Relation Name": "movie_keyword", "Alias": "mk", "Startup Cost": 0.0, "Total Cost": 136.88, "Plan Rows": 33, "Plan Width": 8, "Index Cond": "(keyword_id = k.id)"}]}, {"Node Type": "Index Scan", "Parent Relationship": "Inner", "Scan Direction": "Forward", "Index Name": "title_pkey", "Relation Name": "title", "Alias": "t1", "Startup Cost": 0.0, "Total Cost": 0.31, "Plan Rows": 1, "Plan Width": 21, "Index Cond": "(id = mk.movie_id)"}]}, {"Node Type": "Index Scan", "Parent Relationship": "Inner", "Scan Direction": "Forward", "Index Name": "movie_id_movie_link", "Relation Name": "movie_link", "Alias": "ml", "Startup Cost": 0.0, "Total Cost": 0.35, "Plan Rows": 5, "Plan Width": 12, "Index Cond": "(movie_id = t1.id)"}]}, {"Node Type": "Index Scan", "Parent Relationship": "Inner", "Scan Direction": "Forward", "Index Name": "link_type_pkey", "Relation Name": "link_type", "Alias": "lt", "Startup Cost": 0.0, "Total Cost": 0.27, "Plan Rows": 1, "Plan Width": 16, "Index Cond": "(id = ml.link_type_id)"}]}, {"Node Type": "Index Scan", "Parent Relationship": "Inner", "Scan Direction": "Forward", "Index Name": "title_pkey", "Relation Name": "title", "Alias": "t2", "Startup Cost": 0.0, "Total Cost": 4.3, "Plan Rows": 1, "Plan Width": 21, "Index Cond": "(id = ml.linked_movie_id)"}]}]}, "Unique SQL Id": 524435555, "Planner Runtime": 11}, "explain_analyze_plan": {"Plan": {"Node Type": "Aggregate", "Strategy": "Plain", "Startup Cost": 4051.57, "Total Cost": 4051.58, "Plan Rows": 1, "Plan Width": 142, "Actual Startup Time": 116.677, "Actual Total Time": 116.678, "Actual Rows": 1, "Actual Loops": 1, "Plans": [{"Node Type": "Nested Loop", "Parent Relationship": "Outer", "Join Type": "Inner", "Startup Cost": 0.0, "Total Cost": 4050.42, "Plan Rows": 154, "Plan Width": 46, "Actual Startup Time": 116.671, "Actual Total Time": 116.671, "Actual Rows": 0, "Actual Loops": 1, "Inner Unique": true, "Plans": [{"Node Type": "Nested Loop", "Parent Relationship": "Outer", "Join Type": "Inner", "Startup Cost": 0.0, "Total Cost": 3386.84, "Plan Rows": 154, "Plan Width": 33, "Actual Startup Time": 116.668, "Actual Total Time": 116.668, "Actual Rows": 0, "Actual Loops": 1, "Inner Unique": true, "Plans": [{"Node Type": "Nested Loop", "Parent Relationship": "Outer", "Join Type": "Inner", "Startup Cost": 0.0, "Total Cost": 3343.66, "Plan Rows": 154, "Plan Width": 25, "Actual Startup Time": 116.667, "Actual Total Time": 116.667, "Actual Rows": 0, "Actual Loops": 1, "Inner Unique": false, "Plans": [{"Node Type": "Nested Loop", "Parent Relationship": "Outer", "Join Type": "Inner", "Startup Cost": 0.0, "Total Cost": 3330.45, "Plan Rows": 33, "Plan Width": 25, "Actual Startup Time": 114.781, "Actual Total Time": 116.653, "Actual Rows": 1, "Actual Loops": 1, "Inner Unique": true, "Plans": [{"Node Type": "Nested Loop", "Parent Relationship": "Outer", "Join Type": "Inner", "Startup Cost": 0.0, "Total Cost": 3319.92, "Plan Rows": 33, "Plan Width": 4, "Actual Startup Time": 114.757, "Actual Total Time": 116.628, "Actual Rows": 1, "Actual Loops": 1, "Inner Unique": false, "Plans": [{"Node Type": "Index Scan", "Parent Relationship": "Outer", "Scan Direction": "Forward", "Index Name": "keyword_pkey", "Relation Name": "keyword", "Alias": "k", "Startup Cost": 0.0, "Total Cost": 3182.72, "Plan Rows": 1, "Plan Width": 4, "Actual Startup Time": 114.722, "Actual Total Time": 116.591, "Actual Rows": 1, "Actual Loops": 1, "Filter": "((keyword)::text = '10,000-mile-club'::text)", "Rows Removed by Filter": 134168}, {"Node Type": "Index Scan", "Parent Relationship": "Inner", "Scan Direction": "Forward", "Index Name": "keyword_id_movie_keyword", "Relation Name": "movie_keyword", "Alias": "mk", "Startup Cost": 0.0, "Total Cost": 136.88, "Plan Rows": 33, "Plan Width": 8, "Actual Startup Time": 0.023, "Actual Total Time": 0.023, "Actual Rows": 1, "Actual Loops": 1, "Index Cond": "(keyword_id = k.id)", "Rows Removed by Index Recheck": 0}]}, {"Node Type": "Index Scan", "Parent Relationship": "Inner", "Scan Direction": "Forward", "Index Name": "title_pkey", "Relation Name": "title", "Alias": "t1", "Startup Cost": 0.0, "Total Cost": 0.31, "Plan Rows": 1, "Plan Width": 21, "Actual Startup Time": 0.017, "Actual Total Time": 0.017, "Actual Rows": 1, "Actual Loops": 1, "Index Cond": "(id = mk.movie_id)", "Rows Removed by Index Recheck": 0}]}, {"Node Type": "Index Scan", "Parent Relationship": "Inner", "Scan Direction": "Forward", "Index Name": "movie_id_movie_link", "Relation Name": "movie_link", "Alias": "ml", "Startup Cost": 0.0, "Total Cost": 0.35, "Plan Rows": 5, "Plan Width": 12, "Actual Startup Time": 0.009, "Actual Total Time": 0.009, "Actual Rows": 0, "Actual Loops": 1, "Index Cond": "(movie_id = t1.id)", "Rows Removed by Index Recheck": 0}]}, {"Node Type": "Index Scan", "Parent Relationship": "Inner", "Scan Direction": "Forward", "Index Name": "link_type_pkey", "Relation Name": "link_type", "Alias": "lt", "Startup Cost": 0.0, "Total Cost": 0.27, "Plan Rows": 1, "Plan Width": 16, "Actual Startup Time": 0.0, "Actual Total Time": 0.0, "Index Cond": "(id = ml.link_type_id)", "Rows Removed by Index Recheck": 0}]}, {"Node Type": "Index Scan", "Parent Relationship": "Inner", "Scan Direction": "Forward", "Index Name": "title_pkey", "Relation Name": "title", "Alias": "t2", "Startup Cost": 0.0, "Total Cost": 4.3, "Plan Rows": 1, "Plan Width": 21, "Actual Startup Time": 0.0, "Actual Total Time": 0.0, "Index Cond": "(id = ml.linked_movie_id)", "Rows Removed by Index Recheck": 0}]}]}, "Triggers": [], "Planner Runtime": 2, "Total Runtime": 116.955, "Unique SQL Id": 524435555}}, "(1, 30)": {"explain_plan": {"Plan": {"Node Type": "Aggregate", "Strategy": "Plain", "Startup Cost": 795555.32, "Total Cost": 795555.33, "Plan Rows": 1, "Plan Width": 142, "Plans": [{"Node Type": "Merge Join", "Parent Relationship": "Outer", "Join Type": "Inner", "Startup Cost": 782927.39, "Total Cost": 795554.16, "Plan Rows": 154, "Plan Width": 46, "Inner Unique": true, "Merge Cond": "(ml.linked_movie_id = t2.id)", "Plans": [{"Node Type": "Sort", "Parent Relationship": "Outer", "Startup Cost": 453974.12, "Total Cost": 453974.5, "Plan Rows": 154, "Plan Width": 33, "Sort Key": ["ml.linked_movie_id"], "Plans": [{"Node Type": "Merge Join", "Parent Relationship": "Outer", "Join Type": "Inner", "Startup Cost": 453966.16, "Total Cost": 453968.52, "Plan Rows": 154, "Plan Width": 33, "Inner Unique": false, "Merge Cond": "(lt.id = ml.link_type_id)", "Plans": [{"Node Type": "Sort", "Parent Relationship": "Outer", "Startup Cost": 1.52, "Total Cost": 1.56, "Plan Rows": 17, "Plan Width": 16, "Sort Key": ["lt.id"], "Plans": [{"Node Type": "Seq Scan", "Parent Relationship": "Outer", "Relation Name": "link_type", "Alias": "lt", "Startup Cost": 0.0, "Total Cost": 1.17, "Plan Rows": 17, "Plan Width": 16}]}, {"Node Type": "Sort", "Parent Relationship": "Inner", "Startup Cost": 453964.62, "Total Cost": 453965.0, "Plan Rows": 154, "Plan Width": 25, "Sort Key": ["ml.link_type_id"], "Plans": [{"Node Type": "Merge Join", "Parent Relationship": "Outer", "Join Type": "Inner", "Startup Cost": 453042.16, "Total Cost": 453959.02, "Plan Rows": 154, "Plan Width": 25, "Inner Unique": false, "Merge Cond": "(t1.id = ml.movie_id)", "Plans": [{"Node Type": "Merge Join", "Parent Relationship": "Outer", "Join Type": "Inner", "Startup Cost": 450380.62, "Total Cost": 463008.71, "Plan Rows": 33, "Plan Width": 25, "Inner Unique": true, "Merge Cond": "(mk.movie_id = t1.id)", "Plans": [{"Node Type": "Sort", "Parent Relationship": "Outer", "Startup Cost": 121427.35, "Total Cost": 121427.43, "Plan Rows": 33, "Plan Width": 4, "Sort Key": ["mk.movie_id"], "Plans": [{"Node Type": "Nested Loop", "Parent Relationship": "Outer", "Join Type": "Inner", "Startup Cost": 0.0, "Total Cost": 121426.52, "Plan Rows": 33, "Plan Width": 4, "Inner Unique": false, "Join Filter": "(k.id = mk.keyword_id)", "Plans": [{"Node Type": "Seq Scan", "Parent Relationship": "Outer", "Relation Name": "keyword", "Alias": "k", "Startup Cost": 0.0, "Total Cost": 2436.11, "Plan Rows": 1, "Plan Width": 4, "Filter": "((keyword)::text = '10,000-mile-club'::text)"}, {"Node Type": "Seq Scan", "Parent Relationship": "Inner", "Relation Name": "movie_keyword", "Alias": "mk", "Startup Cost": 0.0, "Total Cost": 62441.29, "Plan Rows": 4523929, "Plan Width": 8}]}]}, {"Node Type": "Sort", "Parent Relationship": "Inner", "Startup Cost": 328951.73, "Total Cost": 335272.51, "Plan Rows": 2528311, "Plan Width": 21, "Sort Key": ["t1.id"], "Plans": [{"Node Type": "Seq Scan", "Parent Relationship": "Outer", "Relation Name": "title", "Alias": "t1", "Startup Cost": 0.0, "Total Cost": 60069.11, "Plan Rows": 2528311, "Plan Width": 21}]}]}, {"Node Type": "Sort", "Parent Relationship": "Inner", "Startup Cost": 2661.53, "Total Cost": 2736.52, "Plan Rows": 29996, "Plan Width": 12, "Sort Key": ["ml.movie_id"], "Plans": [{"Node Type": "Seq Scan", "Parent Relationship": "Outer", "Relation Name": "movie_link", "Alias": "ml", "Startup Cost": 0.0, "Total Cost": 430.96, "Plan Rows": 29996, "Plan Width": 12}]}]}]}]}]}, {"Node Type": "Sort", "Parent Relationship": "Inner", "Startup Cost": 328951.73, "Total Cost": 335272.51, "Plan Rows": 2528311, "Plan Width": 21, "Sort Key": ["t2.id"], "Plans": [{"Node Type": "Seq Scan", "Parent Relationship": "Outer", "Relation Name": "title", "Alias": "t2", "Startup Cost": 0.0, "Total Cost": 60069.11, "Plan Rows": 2528311, "Plan Width": 21}]}]}]}, "Unique SQL Id": 524435555, "Planner Runtime": 7}, "explain_analyze_plan": null}, "(1, 31)": {"explain_plan": {"Plan": {"Node Type": "Aggregate", "Strategy": "Plain", "Startup Cost": 3151838021043.93, "Total Cost": 3151838021043.94, "Plan Rows": 1, "Plan Width": 142, "Plans": [{"Node Type": "Nested Loop", "Parent Relationship": "Outer", "Join Type": "Inner", "Startup Cost": 1230056461532.74, "Total Cost": 3151838021042.77, "Plan Rows": 154, "Plan Width": 46, "Inner Unique": false, "Join Filter": "(ml.linked_movie_id = t2.id)", "Plans": [{"Node Type": "Index Scan", "Parent Relationship": "Outer", "Scan Direction": "Forward", "Index Name": "title_pkey", "Relation Name": "title", "Alias": "t2", "Startup Cost": 10000000000.0, "Total Cost": 1000011012048.91, "Plan Rows": 2528311, "Plan Width": 21}, {"Node Type": "Materialize", "Parent Relationship": "Inner", "Startup Cost": 1220056461532.74, "Total Cost": 2151821168595.83, "Plan Rows": 154, "Plan Width": 33, "Plans": [{"Node Type": "Merge Join", "Parent Relationship": "Outer", "Join Type": "Inner", "Startup Cost": 1220056461532.74, "Total Cost": 2151821168595.06, "Plan Rows": 154, "Plan Width": 33, "Inner Unique": true, "Merge Cond": "(ml.link_type_id = lt.id)", "Plans": [{"Node Type": "Sort", "Parent Relationship": "Outer", "Startup Cost": 1210056461532.71, "Total Cost": 1210056461533.1, "Plan Rows": 154, "Plan Width": 25, "Sort Key": ["ml.link_type_id"], "Plans": [{"Node Type": "Merge Join", "Parent Relationship": "Outer", "Join Type": "Inner", "Startup Cost": 40120995164.23, "Total Cost": 1210056461527.12, "Plan Rows": 154, "Plan Width": 25, "Inner Unique": false, "Merge Cond": "(t1.id = ml.movie_id)", "Plans": [{"Node Type": "Merge Join", "Parent Relationship": "Outer", "Join Type": "Inner", "Startup Cost": 30120995164.23, "Total Cost": 2999054436549.81, "Plan Rows": 33, "Plan Width": 25, "Inner Unique": true, "Merge Cond": "(mk.movie_id = t1.id)", "Plans": [{"Node Type": "Nested Loop", "Parent Relationship": "Outer", "Join Type": "Inner", "Startup Cost": 20000000000.0, "Total Cost": 2000015686764.79, "Plan Rows": 33, "Plan Width": 4, "Inner Unique": true, "Join Filter": "(k.id = mk.keyword_id)", "Plans": [{"Node Type": "Index Scan", "Parent Relationship": "Outer", "Scan Direction": "Forward", "Index Name": "movie_id_movie_keyword", "Relation Name": "movie_keyword", "Alias": "mk", "Startup Cost": 10000000000.0, "Total Cost": 1000015300634.17, "Plan Rows": 4523929, "Plan Width": 8}, {"Node Type": "Materialize", "Parent Relationship": "Inner", "Startup Cost": 10000000000.0, "Total Cost": 1000000318271.69, "Plan Rows": 1, "Plan Width": 4, "Plans": [{"Node Type": "Index Scan", "Parent Relationship": "Outer", "Scan Direction": "Forward", "Index Name": "keyword_pkey", "Relation Name": "keyword", "Alias": "k", "Startup Cost": 10000000000.0, "Total Cost": 1000000318271.68, "Plan Rows": 1, "Plan Width": 4, "Filter": "((keyword)::text = '10,000-mile-club'::text)"}]}]}, {"Node Type": "Index Scan", "Parent Relationship": "Inner", "Scan Direction": "Forward", "Index Name": "title_pkey", "Relation Name": "title", "Alias": "t1", "Startup Cost": 10000000000.0, "Total Cost": 1000011012048.91, "Plan Rows": 2528311, "Plan Width": 21}]}, {"Node Type": "Index Scan", "Parent Relationship": "Inner", "Scan Direction": "Forward", "Index Name": "movie_id_movie_link", "Relation Name": "movie_link", "Alias": "ml", "Startup Cost": 10000000000.0, "Total Cost": 1000000106202.37, "Plan Rows": 29996, "Plan Width": 12}]}]}, {"Node Type": "Materialize", "Parent Relationship": "Inner", "Startup Cost": 10000000000.0, "Total Cost": 1000000001250.54, "Plan Rows": 17, "Plan Width": 16, "Plans": [{"Node Type": "Index Scan", "Parent Relationship": "Outer", "Scan Direction": "Forward", "Index Name": "link_type_pkey", "Relation Name": "link_type", "Alias": "lt", "Startup Cost": 10000000000.0, "Total Cost": 1000000001250.5, "Plan Rows": 17, "Plan Width": 16}]}]}]}]}]}, "Unique SQL Id": 524435555, "Planner Runtime": 11}, "explain_analyze_plan": null}, "(1, 32)": {"explain_plan": {"Plan": {"Node Type": "Aggregate", "Strategy": "Plain", "Startup Cost": 3260.82, "Total Cost": 3260.83, "Plan Rows": 1, "Plan Width": 142, "Plans": [{"Node Type": "Nested Loop", "Parent Relationship": "Outer", "Join Type": "Inner", "Startup Cost": 5.89, "Total Cost": 3259.66, "Plan Rows": 154, "Plan Width": 46, "Inner Unique": true, "Plans": [{"Node Type": "Hash Join", "Parent Relationship": "Outer", "Join Type": "Inner", "Startup Cost": 5.89, "Total Cost": 2596.09, "Plan Rows": 154, "Plan Width": 33, "Inner Unique": true, "Hash Cond": "(ml.link_type_id = lt.id)", "Plans": [{"Node Type": "Nested Loop", "Parent Relationship": "Outer", "Join Type": "Inner", "Startup Cost": 4.51, "Total Cost": 2592.76, "Plan Rows": 154, "Plan Width": 25, "Inner Unique": false, "Plans": [{"Node Type": "Nested Loop", "Parent Relationship": "Outer", "Join Type": "Inner", "Startup Cost": 4.51, "Total Cost": 2579.55, "Plan Rows": 33, "Plan Width": 25, "Inner Unique": true, "Plans": [{"Node Type": "Nested Loop", "Parent Relationship": "Outer", "Join Type": "Inner", "Startup Cost": 4.51, "Total Cost": 2569.02, "Plan Rows": 33, "Plan Width": 4, "Inner Unique": false, "Plans": [{"Node Type": "Seq Scan", "Parent Relationship": "Outer", "Relation Name": "keyword", "Alias": "k", "Startup Cost": 0.0, "Total Cost": 2436.11, "Plan Rows": 1, "Plan Width": 4, "Filter": "((keyword)::text = '10,000-mile-club'::text)"}, {"Node Type": "Bitmap Heap Scan", "Parent Relationship": "Inner", "Relation Name": "movie_keyword", "Alias": "mk", "Startup Cost": 4.51, "Total Cost": 132.58, "Plan Rows": 33, "Plan Width": 8, "Recheck Cond": "(keyword_id = k.id)", "Plans": [{"Node Type": "Bitmap Index Scan", "Parent Relationship": "Outer", "Index Name": "keyword_id_movie_keyword", "Startup Cost": 0.0, "Total Cost": 4.5, "Plan Rows": 33, "Plan Width": 0, "Index Cond": "(keyword_id = k.id)"}]}]}, {"Node Type": "Index Scan", "Parent Relationship": "Inner", "Scan Direction": "Forward", "Index Name": "title_pkey", "Relation Name": "title", "Alias": "t1", "Startup Cost": 0.0, "Total Cost": 0.31, "Plan Rows": 1, "Plan Width": 21, "Index Cond": "(id = mk.movie_id)"}]}, {"Node Type": "Index Scan", "Parent Relationship": "Inner", "Scan Direction": "Forward", "Index Name": "movie_id_movie_link", "Relation Name": "movie_link", "Alias": "ml", "Startup Cost": 0.0, "Total Cost": 0.35, "Plan Rows": 5, "Plan Width": 12, "Index Cond": "(movie_id = t1.id)"}]}, {"Node Type": "Hash", "Parent Relationship": "Inner", "Startup Cost": 1.17, "Total Cost": 1.17, "Plan Rows": 17, "Plan Width": 16, "Plans": [{"Node Type": "Seq Scan", "Parent Relationship": "Outer", "Relation Name": "link_type", "Alias": "lt", "Startup Cost": 0.0, "Total Cost": 1.17, "Plan Rows": 17, "Plan Width": 16}]}]}, {"Node Type": "Index Scan", "Parent Relationship": "Inner", "Scan Direction": "Forward", "Index Name": "title_pkey", "Relation Name": "title", "Alias": "t2", "Startup Cost": 0.0, "Total Cost": 4.3, "Plan Rows": 1, "Plan Width": 21, "Index Cond": "(id = ml.linked_movie_id)"}]}]}, "Unique SQL Id": 524435555, "Planner Runtime": 5}, "explain_analyze_plan": {"Plan": {"Node Type": "Aggregate", "Strategy": "Plain", "Startup Cost": 3260.82, "Total Cost": 3260.83, "Plan Rows": 1, "Plan Width": 142, "Actual Startup Time": 41.918, "Actual Total Time": 41.918, "Actual Rows": 1, "Actual Loops": 1, "Plans": [{"Node Type": "Nested Loop", "Parent Relationship": "Outer", "Join Type": "Inner", "Startup Cost": 5.89, "Total Cost": 3259.66, "Plan Rows": 154, "Plan Width": 46, "Actual Startup Time": 41.91, "Actual Total Time": 41.91, "Actual Rows": 0, "Actual Loops": 1, "Inner Unique": true, "Plans": [{"Node Type": "Hash Join", "Parent Relationship": "Outer", "Join Type": "Inner", "Startup Cost": 5.89, "Total Cost": 2596.09, "Plan Rows": 154, "Plan Width": 33, "Actual Startup Time": 41.883, "Actual Total Time": 41.883, "Actual Rows": 0, "Actual Loops": 1, "Inner Unique": true, "Hash Cond": "(ml.link_type_id = lt.id)", "Plans": [{"Node Type": "Nested Loop", "Parent Relationship": "Outer", "Join Type": "Inner", "Startup Cost": 4.51, "Total Cost": 2592.76, "Plan Rows": 154, "Plan Width": 25, "Actual Startup Time": 41.806, "Actual Total Time": 41.806, "Actual Rows": 0, "Actual Loops": 1, "Inner Unique": false, "Plans": [{"Node Type": "Nested Loop", "Parent Relationship": "Outer", "Join Type": "Inner", "Startup Cost": 4.51, "Total Cost": 2579.55, "Plan Rows": 33, "Plan Width": 25, "Actual Startup Time": 40.914, "Actual Total Time": 41.8, "Actual Rows": 1, "Actual Loops": 1, "Inner Unique": true, "Plans": [{"Node Type": "Nested Loop", "Parent Relationship": "Outer", "Join Type": "Inner", "Startup Cost": 4.51, "Total Cost": 2569.02, "Plan Rows": 33, "Plan Width": 4, "Actual Startup Time": 40.9, "Actual Total Time": 41.786, "Actual Rows": 1, "Actual Loops": 1, "Inner Unique": false, "Plans": [{"Node Type": "Seq Scan", "Parent Relationship": "Outer", "Relation Name": "keyword", "Alias": "k", "Startup Cost": 0.0, "Total Cost": 2436.11, "Plan Rows": 1, "Plan Width": 4, "Actual Startup Time": 40.866, "Actual Total Time": 41.751, "Actual Rows": 1, "Actual Loops": 1, "Filter": "((keyword)::text = '10,000-mile-club'::text)", "Rows Removed by Filter": 134168}, {"Node Type": "Bitmap Heap Scan", "Parent Relationship": "Inner", "Relation Name": "movie_keyword", "Alias": "mk", "Startup Cost": 4.51, "Total Cost": 132.58, "Plan Rows": 33, "Plan Width": 8, "Actual Startup Time": 0.027, "Actual Total Time": 0.028, "Actual Rows": 1, "Actual Loops": 1, "Recheck Cond": "(keyword_id = k.id)", "Rows Removed by Index Recheck": 0, "Exact Heap Blocks": 1, "Lossy Heap Blocks": 1, "Plans": [{"Node Type": "Bitmap Index Scan", "Parent Relationship": "Outer", "Index Name": "keyword_id_movie_keyword", "Startup Cost": 0.0, "Total Cost": 4.5, "Plan Rows": 33, "Plan Width": 0, "Actual Startup Time": 0.016, "Actual Total Time": 0.016, "Actual Rows": 1, "Actual Loops": 1, "Index Cond": "(keyword_id = k.id)"}]}]}, {"Node Type": "Index Scan", "Parent Relationship": "Inner", "Scan Direction": "Forward", "Index Name": "title_pkey", "Relation Name": "title", "Alias": "t1", "Startup Cost": 0.0, "Total Cost": 0.31, "Plan Rows": 1, "Plan Width": 21, "Actual Startup Time": 0.012, "Actual Total Time": 0.012, "Actual Rows": 1, "Actual Loops": 1, "Index Cond": "(id = mk.movie_id)", "Rows Removed by Index Recheck": 0}]}, {"Node Type": "Index Scan", "Parent Relationship": "Inner", "Scan Direction": "Forward", "Index Name": "movie_id_movie_link", "Relation Name": "movie_link", "Alias": "ml", "Startup Cost": 0.0, "Total Cost": 0.35, "Plan Rows": 5, "Plan Width": 12, "Actual Startup Time": 0.003, "Actual Total Time": 0.003, "Actual Rows": 0, "Actual Loops": 1, "Index Cond": "(movie_id = t1.id)", "Rows Removed by Index Recheck": 0}]}, {"Node Type": "Hash", "Parent Relationship": "Inner", "Startup Cost": 1.17, "Total Cost": 1.17, "Plan Rows": 17, "Plan Width": 16, "Actual Startup Time": 0.037, "Actual Total Time": 0.037, "Actual Rows": 17, "Actual Loops": 1, "Hash Buckets": 32768, "Hash Batches": 1, "Original Hash Batches": 1, "Peak Memory Usage": 1, "Plans": [{"Node Type": "Seq Scan", "Parent Relationship": "Outer", "Relation Name": "link_type", "Alias": "lt", "Startup Cost": 0.0, "Total Cost": 1.17, "Plan Rows": 17, "Plan Width": 16, "Actual Startup Time": 0.017, "Actual Total Time": 0.023, "Actual Rows": 17, "Actual Loops": 1}]}]}, {"Node Type": "Index Scan", "Parent Relationship": "Inner", "Scan Direction": "Forward", "Index Name": "title_pkey", "Relation Name": "title", "Alias": "t2", "Startup Cost": 0.0, "Total Cost": 4.3, "Plan Rows": 1, "Plan Width": 21, "Actual Startup Time": 0.0, "Actual Total Time": 0.0, "Index Cond": "(id = ml.linked_movie_id)", "Rows Removed by Index Recheck": 0}]}]}, "Triggers": [], "Planner Runtime": 5, "Total Runtime": 42.159, "Unique SQL Id": 524435555}}, "(1, 33)": {"explain_plan": {"Plan": {"Node Type": "Aggregate", "Strategy": "Plain", "Startup Cost": 4047.28, "Total Cost": 4047.29, "Plan Rows": 1, "Plan Width": 142, "Plans": [{"Node Type": "Nested Loop", "Parent Relationship": "Outer", "Join Type": "Inner", "Startup Cost": 4.51, "Total Cost": 4046.12, "Plan Rows": 154, "Plan Width": 46, "Inner Unique": true, "Plans": [{"Node Type": "Nested Loop", "Parent Relationship": "Outer", "Join Type": "Inner", "Startup Cost": 4.51, "Total Cost": 3382.55, "Plan Rows": 154, "Plan Width": 33, "Inner Unique": true, "Plans": [{"Node Type": "Nested Loop", "Parent Relationship": "Outer", "Join Type": "Inner", "Startup Cost": 4.51, "Total Cost": 3339.37, "Plan Rows": 154, "Plan Width": 25, "Inner Unique": false, "Plans": [{"Node Type": "Nested Loop", "Parent Relationship": "Outer", "Join Type": "Inner", "Startup Cost": 4.51, "Total Cost": 3326.15, "Plan Rows": 33, "Plan Width": 25, "Inner Unique": true, "Plans": [{"Node Type": "Nested Loop", "Parent Relationship": "Outer", "Join Type": "Inner", "Startup Cost": 4.51, "Total Cost": 3315.63, "Plan Rows": 33, "Plan Width": 4, "Inner Unique": false, "Plans": [{"Node Type": "Index Scan", "Parent Relationship": "Outer", "Scan Direction": "Forward", "Index Name": "keyword_pkey", "Relation Name": "keyword", "Alias": "k", "Startup Cost": 0.0, "Total Cost": 3182.72, "Plan Rows": 1, "Plan Width": 4, "Filter": "((keyword)::text = '10,000-mile-club'::text)"}, {"Node Type": "Bitmap Heap Scan", "Parent Relationship": "Inner", "Relation Name": "movie_keyword", "Alias": "mk", "Startup Cost": 4.51, "Total Cost": 132.58, "Plan Rows": 33, "Plan Width": 8, "Recheck Cond": "(keyword_id = k.id)", "Plans": [{"Node Type": "Bitmap Index Scan", "Parent Relationship": "Outer", "Index Name": "keyword_id_movie_keyword", "Startup Cost": 0.0, "Total Cost": 4.5, "Plan Rows": 33, "Plan Width": 0, "Index Cond": "(keyword_id = k.id)"}]}]}, {"Node Type": "Index Scan", "Parent Relationship": "Inner", "Scan Direction": "Forward", "Index Name": "title_pkey", "Relation Name": "title", "Alias": "t1", "Startup Cost": 0.0, "Total Cost": 0.31, "Plan Rows": 1, "Plan Width": 21, "Index Cond": "(id = mk.movie_id)"}]}, {"Node Type": "Index Scan", "Parent Relationship": "Inner", "Scan Direction": "Forward", "Index Name": "movie_id_movie_link", "Relation Name": "movie_link", "Alias": "ml", "Startup Cost": 0.0, "Total Cost": 0.35, "Plan Rows": 5, "Plan Width": 12, "Index Cond": "(movie_id = t1.id)"}]}, {"Node Type": "Index Scan", "Parent Relationship": "Inner", "Scan Direction": "Forward", "Index Name": "link_type_pkey", "Relation Name": "link_type", "Alias": "lt", "Startup Cost": 0.0, "Total Cost": 0.27, "Plan Rows": 1, "Plan Width": 16, "Index Cond": "(id = ml.link_type_id)"}]}, {"Node Type": "Index Scan", "Parent Relationship": "Inner", "Scan Direction": "Forward", "Index Name": "title_pkey", "Relation Name": "title", "Alias": "t2", "Startup Cost": 0.0, "Total Cost": 4.3, "Plan Rows": 1, "Plan Width": 21, "Index Cond": "(id = ml.linked_movie_id)"}]}]}, "Unique SQL Id": 524435555, "Planner Runtime": 2}, "explain_analyze_plan": {"Plan": {"Node Type": "Aggregate", "Strategy": "Plain", "Startup Cost": 4047.28, "Total Cost": 4047.29, "Plan Rows": 1, "Plan Width": 142, "Actual Startup Time": 119.675, "Actual Total Time": 119.675, "Actual Rows": 1, "Actual Loops": 1, "Plans": [{"Node Type": "Nested Loop", "Parent Relationship": "Outer", "Join Type": "Inner", "Startup Cost": 4.51, "Total Cost": 4046.12, "Plan Rows": 154, "Plan Width": 46, "Actual Startup Time": 119.669, "Actual Total Time": 119.669, "Actual Rows": 0, "Actual Loops": 1, "Inner Unique": true, "Plans": [{"Node Type": "Nested Loop", "Parent Relationship": "Outer", "Join Type": "Inner", "Startup Cost": 4.51, "Total Cost": 3382.55, "Plan Rows": 154, "Plan Width": 33, "Actual Startup Time": 119.668, "Actual Total Time": 119.668, "Actual Rows": 0, "Actual Loops": 1, "Inner Unique": true, "Plans": [{"Node Type": "Nested Loop", "Parent Relationship": "Outer", "Join Type": "Inner", "Startup Cost": 4.51, "Total Cost": 3339.37, "Plan Rows": 154, "Plan Width": 25, "Actual Startup Time": 119.668, "Actual Total Time": 119.668, "Actual Rows": 0, "Actual Loops": 1, "Inner Unique": false, "Plans": [{"Node Type": "Nested Loop", "Parent Relationship": "Outer", "Join Type": "Inner", "Startup Cost": 4.51, "Total Cost": 3326.15, "Plan Rows": 33, "Plan Width": 25, "Actual Startup Time": 117.759, "Actual Total Time": 119.662, "Actual Rows": 1, "Actual Loops": 1, "Inner Unique": true, "Plans": [{"Node Type": "Nested Loop", "Parent Relationship": "Outer", "Join Type": "Inner", "Startup Cost": 4.51, "Total Cost": 3315.63, "Plan Rows": 33, "Plan Width": 4, "Actual Startup Time": 117.744, "Actual Total Time": 119.646, "Actual Rows": 1, "Actual Loops": 1, "Inner Unique": false, "Plans": [{"Node Type": "Index Scan", "Parent Relationship": "Outer", "Scan Direction": "Forward", "Index Name": "keyword_pkey", "Relation Name": "keyword", "Alias": "k", "Startup Cost": 0.0, "Total Cost": 3182.72, "Plan Rows": 1, "Plan Width": 4, "Actual Startup Time": 117.697, "Actual Total Time": 119.597, "Actual Rows": 1, "Actual Loops": 1, "Filter": "((keyword)::text = '10,000-mile-club'::text)", "Rows Removed by Filter": 134168}, {"Node Type": "Bitmap Heap Scan", "Parent Relationship": "Inner", "Relation Name": "movie_keyword", "Alias": "mk", "Startup Cost": 4.51, "Total Cost": 132.58, "Plan Rows": 33, "Plan Width": 8, "Actual Startup Time": 0.032, "Actual Total Time": 0.033, "Actual Rows": 1, "Actual Loops": 1, "Recheck Cond": "(keyword_id = k.id)", "Rows Removed by Index Recheck": 0, "Exact Heap Blocks": 1, "Lossy Heap Blocks": 1, "Plans": [{"Node Type": "Bitmap Index Scan", "Parent Relationship": "Outer", "Index Name": "keyword_id_movie_keyword", "Startup Cost": 0.0, "Total Cost": 4.5, "Plan Rows": 33, "Plan Width": 0, "Actual Startup Time": 0.018, "Actual Total Time": 0.018, "Actual Rows": 1, "Actual Loops": 1, "Index Cond": "(keyword_id = k.id)"}]}]}, {"Node Type": "Index Scan", "Parent Relationship": "Inner", "Scan Direction": "Forward", "Index Name": "title_pkey", "Relation Name": "title", "Alias": "t1", "Startup Cost": 0.0, "Total Cost": 0.31, "Plan Rows": 1, "Plan Width": 21, "Actual Startup Time": 0.011, "Actual Total Time": 0.011, "Actual Rows": 1, "Actual Loops": 1, "Index Cond": "(id = mk.movie_id)", "Rows Removed by Index Recheck": 0}]}, {"Node Type": "Index Scan", "Parent Relationship": "Inner", "Scan Direction": "Forward", "Index Name": "movie_id_movie_link", "Relation Name": "movie_link", "Alias": "ml", "Startup Cost": 0.0, "Total Cost": 0.35, "Plan Rows": 5, "Plan Width": 12, "Actual Startup Time": 0.003, "Actual Total Time": 0.003, "Actual Rows": 0, "Actual Loops": 1, "Index Cond": "(movie_id = t1.id)", "Rows Removed by Index Recheck": 0}]}, {"Node Type": "Index Scan", "Parent Relationship": "Inner", "Scan Direction": "Forward", "Index Name": "link_type_pkey", "Relation Name": "link_type", "Alias": "lt", "Startup Cost": 0.0, "Total Cost": 0.27, "Plan Rows": 1, "Plan Width": 16, "Actual Startup Time": 0.0, "Actual Total Time": 0.0, "Index Cond": "(id = ml.link_type_id)", "Rows Removed by Index Recheck": 0}]}, {"Node Type": "Index Scan", "Parent Relationship": "Inner", "Scan Direction": "Forward", "Index Name": "title_pkey", "Relation Name": "title", "Alias": "t2", "Startup Cost": 0.0, "Total Cost": 4.3, "Plan Rows": 1, "Plan Width": 21, "Actual Startup Time": 0.0, "Actual Total Time": 0.0, "Index Cond": "(id = ml.linked_movie_id)", "Rows Removed by Index Recheck": 0}]}]}, "Triggers": [], "Planner Runtime": 2, "Total Runtime": 119.92, "Unique SQL Id": 524435555}}, "(1, 34)": {"explain_plan": {"Plan": {"Node Type": "Aggregate", "Strategy": "Plain", "Startup Cost": 3709.86, "Total Cost": 3709.87, "Plan Rows": 1, "Plan Width": 142, "Plans": [{"Node Type": "Nested Loop", "Parent Relationship": "Outer", "Join Type": "Inner", "Startup Cost": 7.93, "Total Cost": 3708.7, "Plan Rows": 154, "Plan Width": 46, "Inner Unique": true, "Plans": [{"Node Type": "Hash Join", "Parent Relationship": "Outer", "Join Type": "Inner", "Startup Cost": 6.44, "Total Cost": 2859.52, "Plan Rows": 154, "Plan Width": 33, "Inner Unique": true, "Hash Cond": "(ml.link_type_id = lt.id)", "Plans": [{"Node Type": "Nested Loop", "Parent Relationship": "Outer", "Join Type": "Inner", "Startup Cost": 5.06, "Total Cost": 2856.2, "Plan Rows": 154, "Plan Width": 25, "Inner Unique": false, "Join Filter": "(t1.id = ml.movie_id)", "Plans": [{"Node Type": "Nested Loop", "Parent Relationship": "Outer", "Join Type": "Inner", "Startup Cost": 4.77, "Total Cost": 2710.54, "Plan Rows": 33, "Plan Width": 25, "Inner Unique": true, "Plans": [{"Node Type": "Nested Loop", "Parent Relationship": "Outer", "Join Type": "Inner", "Startup Cost": 4.51, "Total Cost": 2569.02, "Plan Rows": 33, "Plan Width": 4, "Inner Unique": false, "Plans": [{"Node Type": "Seq Scan", "Parent Relationship": "Outer", "Relation Name": "keyword", "Alias": "k", "Startup Cost": 0.0, "Total Cost": 2436.11, "Plan Rows": 1, "Plan Width": 4, "Filter": "((keyword)::text = '10,000-mile-club'::text)"}, {"Node Type": "Bitmap Heap Scan", "Parent Relationship": "Inner", "Relation Name": "movie_keyword", "Alias": "mk", "Startup Cost": 4.51, "Total Cost": 132.58, "Plan Rows": 33, "Plan Width": 8, "Recheck Cond": "(keyword_id = k.id)", "Plans": [{"Node Type": "Bitmap Index Scan", "Parent Relationship": "Outer", "Index Name": "keyword_id_movie_keyword", "Startup Cost": 0.0, "Total Cost": 4.5, "Plan Rows": 33, "Plan Width": 0, "Index Cond": "(keyword_id = k.id)"}]}]}, {"Node Type": "Bitmap Heap Scan", "Parent Relationship": "Inner", "Relation Name": "title", "Alias": "t1", "Startup Cost": 0.27, "Total Cost": 4.28, "Plan Rows": 1, "Plan Width": 21, "Recheck Cond": "(id = mk.movie_id)", "Plans": [{"Node Type": "Bitmap Index Scan", "Parent Relationship": "Outer", "Index Name": "title_pkey", "Startup Cost": 0.0, "Total Cost": 0.27, "Plan Rows": 1, "Plan Width": 0, "Index Cond": "(id = mk.movie_id)"}]}]}, {"Node Type": "Bitmap Heap Scan", "Parent Relationship": "Inner", "Relation Name": "movie_link", "Alias": "ml", "Startup Cost": 0.29, "Total Cost": 4.35, "Plan Rows": 5, "Plan Width": 12, "Recheck Cond": "(movie_id = mk.movie_id)", "Plans": [{"Node Type": "Bitmap Index Scan", "Parent Relationship": "Outer", "Index Name": "movie_id_movie_link", "Startup Cost": 0.0, "Total Cost": 0.29, "Plan Rows": 5, "Plan Width": 0, "Index Cond": "(movie_id = mk.movie_id)"}]}]}, {"Node Type": "Hash", "Parent Relationship": "Inner", "Startup Cost": 1.17, "Total Cost": 1.17, "Plan Rows": 17, "Plan Width": 16, "Plans": [{"Node Type": "Seq Scan", "Parent Relationship": "Outer", "Relation Name": "link_type", "Alias": "lt", "Startup Cost": 0.0, "Total Cost": 1.17, "Plan Rows": 17, "Plan Width": 16}]}]}, {"Node Type": "Bitmap Heap Scan", "Parent Relationship": "Inner", "Relation Name": "title", "Alias": "t2", "Startup Cost": 1.49, "Total Cost": 5.5, "Plan Rows": 1, "Plan Width": 21, "Recheck Cond": "(id = ml.linked_movie_id)", "Plans": [{"Node Type": "Bitmap Index Scan", "Parent Relationship": "Outer", "Index Name": "title_pkey", "Startup Cost": 0.0, "Total Cost": 1.49, "Plan Rows": 1, "Plan Width": 0, "Index Cond": "(id = ml.linked_movie_id)"}]}]}]}, "Unique SQL Id": 524435555, "Planner Runtime": 5}, "explain_analyze_plan": {"Plan": {"Node Type": "Aggregate", "Strategy": "Plain", "Startup Cost": 3709.86, "Total Cost": 3709.87, "Plan Rows": 1, "Plan Width": 142, "Actual Startup Time": 41.212, "Actual Total Time": 41.213, "Actual Rows": 1, "Actual Loops": 1, "Plans": [{"Node Type": "Nested Loop", "Parent Relationship": "Outer", "Join Type": "Inner", "Startup Cost": 7.93, "Total Cost": 3708.7, "Plan Rows": 154, "Plan Width": 46, "Actual Startup Time": 41.208, "Actual Total Time": 41.208, "Actual Rows": 0, "Actual Loops": 1, "Inner Unique": true, "Plans": [{"Node Type": "Hash Join", "Parent Relationship": "Outer", "Join Type": "Inner", "Startup Cost": 6.44, "Total Cost": 2859.52, "Plan Rows": 154, "Plan Width": 33, "Actual Startup Time": 41.191, "Actual Total Time": 41.191, "Actual Rows": 0, "Actual Loops": 1, "Inner Unique": true, "Hash Cond": "(ml.link_type_id = lt.id)", "Plans": [{"Node Type": "Nested Loop", "Parent Relationship": "Outer", "Join Type": "Inner", "Startup Cost": 5.06, "Total Cost": 2856.2, "Plan Rows": 154, "Plan Width": 25, "Actual Startup Time": 41.117, "Actual Total Time": 41.117, "Actual Rows": 0, "Actual Loops": 1, "Inner Unique": false, "Join Filter": "(t1.id = ml.movie_id)", "Rows Removed by Join Filter": 0, "Plans": [{"Node Type": "Nested Loop", "Parent Relationship": "Outer", "Join Type": "Inner", "Startup Cost": 4.77, "Total Cost": 2710.54, "Plan Rows": 33, "Plan Width": 25, "Actual Startup Time": 40.236, "Actual Total Time": 41.106, "Actual Rows": 1, "Actual Loops": 1, "Inner Unique": true, "Plans": [{"Node Type": "Nested Loop", "Parent Relationship": "Outer", "Join Type": "Inner", "Startup Cost": 4.51, "Total Cost": 2569.02, "Plan Rows": 33, "Plan Width": 4, "Actual Startup Time": 40.224, "Actual Total Time": 41.094, "Actual Rows": 1, "Actual Loops": 1, "Inner Unique": false, "Plans": [{"Node Type": "Seq Scan", "Parent Relationship": "Outer", "Relation Name": "keyword", "Alias": "k", "Startup Cost": 0.0, "Total Cost": 2436.11, "Plan Rows": 1, "Plan Width": 4, "Actual Startup Time": 40.195, "Actual Total Time": 41.063, "Actual Rows": 1, "Actual Loops": 1, "Filter": "((keyword)::text = '10,000-mile-club'::text)", "Rows Removed by Filter": 134168}, {"Node Type": "Bitmap Heap Scan", "Parent Relationship": "Inner", "Relation Name": "movie_keyword", "Alias": "mk", "Startup Cost": 4.51, "Total Cost": 132.58, "Plan Rows": 33, "Plan Width": 8, "Actual Startup Time": 0.021, "Actual Total Time": 0.022, "Actual Rows": 1, "Actual Loops": 1, "Recheck Cond": "(keyword_id = k.id)", "Rows Removed by Index Recheck": 0, "Exact Heap Blocks": 1, "Lossy Heap Blocks": 1, "Plans": [{"Node Type": "Bitmap Index Scan", "Parent Relationship": "Outer", "Index Name": "keyword_id_movie_keyword", "Startup Cost": 0.0, "Total Cost": 4.5, "Plan Rows": 33, "Plan Width": 0, "Actual Startup Time": 0.014, "Actual Total Time": 0.014, "Actual Rows": 1, "Actual Loops": 1, "Index Cond": "(keyword_id = k.id)"}]}]}, {"Node Type": "Bitmap Heap Scan", "Parent Relationship": "Inner", "Relation Name": "title", "Alias": "t1", "Startup Cost": 0.27, "Total Cost": 4.28, "Plan Rows": 1, "Plan Width": 21, "Actual Startup Time": 0.009, "Actual Total Time": 0.009, "Actual Rows": 1, "Actual Loops": 1, "Recheck Cond": "(id = mk.movie_id)", "Rows Removed by Index Recheck": 0, "Exact Heap Blocks": 1, "Lossy Heap Blocks": 1, "Plans": [{"Node Type": "Bitmap Index Scan", "Parent Relationship": "Outer", "Index Name": "title_pkey", "Startup Cost": 0.0, "Total Cost": 0.27, "Plan Rows": 1, "Plan Width": 0, "Actual Startup Time": 0.006, "Actual Total Time": 0.006, "Actual Rows": 1, "Actual Loops": 1, "Index Cond": "(id = mk.movie_id)"}]}]}, {"Node Type": "Bitmap Heap Scan", "Parent Relationship": "Inner", "Relation Name": "movie_link", "Alias": "ml", "Startup Cost": 0.29, "Total Cost": 4.35, "Plan Rows": 5, "Plan Width": 12, "Actual Startup Time": 0.008, "Actual Total Time": 0.008, "Actual Rows": 0, "Actual Loops": 1, "Recheck Cond": "(movie_id = mk.movie_id)", "Rows Removed by Index Recheck": 0, "Exact Heap Blocks": 0, "Lossy Heap Blocks": 0, "Plans": [{"Node Type": "Bitmap Index Scan", "Parent Relationship": "Outer", "Index Name": "movie_id_movie_link", "Startup Cost": 0.0, "Total Cost": 0.29, "Plan Rows": 5, "Plan Width": 0, "Actual Startup Time": 0.004, "Actual Total Time": 0.004, "Actual Rows": 0, "Actual Loops": 1, "Index Cond": "(movie_id = mk.movie_id)"}]}]}, {"Node Type": "Hash", "Parent Relationship": "Inner", "Startup Cost": 1.17, "Total Cost": 1.17, "Plan Rows": 17, "Plan Width": 16, "Actual Startup Time": 0.034, "Actual Total Time": 0.034, "Actual Rows": 17, "Actual Loops": 1, "Hash Buckets": 32768, "Hash Batches": 1, "Original Hash Batches": 1, "Peak Memory Usage": 1, "Plans": [{"Node Type": "Seq Scan", "Parent Relationship": "Outer", "Relation Name": "link_type", "Alias": "lt", "Startup Cost": 0.0, "Total Cost": 1.17, "Plan Rows": 17, "Plan Width": 16, "Actual Startup Time": 0.015, "Actual Total Time": 0.019, "Actual Rows": 17, "Actual Loops": 1}]}]}, {"Node Type": "Bitmap Heap Scan", "Parent Relationship": "Inner", "Relation Name": "title", "Alias": "t2", "Startup Cost": 1.49, "Total Cost": 5.5, "Plan Rows": 1, "Plan Width": 21, "Actual Startup Time": 0.0, "Actual Total Time": 0.0, "Recheck Cond": "(id = ml.linked_movie_id)", "Rows Removed by Index Recheck": 0, "Exact Heap Blocks": 0, "Lossy Heap Blocks": 0, "Plans": [{"Node Type": "Bitmap Index Scan", "Parent Relationship": "Outer", "Index Name": "title_pkey", "Startup Cost": 0.0, "Total Cost": 1.49, "Plan Rows": 1, "Plan Width": 0, "Actual Startup Time": 0.0, "Actual Total Time": 0.0, "Index Cond": "(id = ml.linked_movie_id)"}]}]}]}, "Triggers": [], "Planner Runtime": 5, "Total Runtime": 41.437, "Unique SQL Id": 524435555}}, "(1, 35)": {"explain_plan": {"Plan": {"Node Type": "Aggregate", "Strategy": "Plain", "Startup Cost": 1000001377786.31, "Total Cost": 1000001377786.32, "Plan Rows": 1, "Plan Width": 142, "Plans": [{"Node Type": "Nested Loop", "Parent Relationship": "Outer", "Join Type": "Inner", "Startup Cost": 10000000004.71, "Total Cost": 1000001377785.15, "Plan Rows": 154, "Plan Width": 46, "Inner Unique": true, "Plans": [{"Node Type": "Nested Loop", "Parent Relationship": "Outer", "Join Type": "Inner", "Startup Cost": 10000000004.45, "Total Cost": 1000001377125.95, "Plan Rows": 154, "Plan Width": 38, "Inner Unique": true, "Plans": [{"Node Type": "Nested Loop", "Parent Relationship": "Outer", "Join Type": "Inner", "Startup Cost": 10000000002.96, "Total Cost": 1000001376276.77, "Plan Rows": 154, "Plan Width": 25, "Inner Unique": true, "Plans": [{"Node Type": "Nested Loop", "Parent Relationship": "Outer", "Join Type": "Inner", "Startup Cost": 10000000002.69, "Total Cost": 1000001375616.35, "Plan Rows": 154, "Plan Width": 16, "Inner Unique": true, "Plans": [{"Node Type": "Nested Loop", "Parent Relationship": "Outer", "Join Type": "Inner", "Startup Cost": 10000000002.44, "Total Cost": 1000000342019.19, "Plan Rows": 241339, "Plan Width": 20, "Inner Unique": false, "Plans": [{"Node Type": "Index Scan", "Parent Relationship": "Outer", "Scan Direction": "Forward", "Index Name": "link_type_id_movie_link", "Relation Name": "movie_link", "Alias": "ml", "Startup Cost": 10000000000.0, "Total Cost": 1000000143569.16, "Plan Rows": 29996, "Plan Width": 12}, {"Node Type": "Bitmap Heap Scan", "Parent Relationship": "Inner", "Relation Name": "movie_keyword", "Alias": "mk", "Startup Cost": 2.44, "Total Cost": 6.54, "Plan Rows": 8, "Plan Width": 8, "Recheck Cond": "(movie_id = ml.movie_id)", "Plans": [{"Node Type": "Bitmap Index Scan", "Parent Relationship": "Outer", "Index Name": "movie_id_movie_keyword", "Startup Cost": 0.0, "Total Cost": 2.43, "Plan Rows": 8, "Plan Width": 0, "Index Cond": "(movie_id = ml.movie_id)"}]}]}, {"Node Type": "Bitmap Heap Scan", "Parent Relationship": "Inner", "Relation Name": "keyword", "Alias": "k", "Startup Cost": 0.26, "Total Cost": 4.27, "Plan Rows": 1, "Plan Width": 4, "Recheck Cond": "(id = mk.keyword_id)", "Filter": "((keyword)::text = '10,000-mile-club'::text)", "Plans": [{"Node Type": "Bitmap Index Scan", "Parent Relationship": "Outer", "Index Name": "keyword_pkey", "Startup Cost": 0.0, "Total Cost": 0.26, "Plan Rows": 1, "Plan Width": 0, "Index Cond": "(id = mk.keyword_id)"}]}]}, {"Node Type": "Bitmap Heap Scan", "Parent Relationship": "Inner", "Relation Name": "title", "Alias": "t1", "Startup Cost": 0.27, "Total Cost": 4.28, "Plan Rows": 1, "Plan Width": 21, "Recheck Cond": "(id = mk.movie_id)", "Plans": [{"Node Type": "Bitmap Index Scan", "Parent Relationship": "Outer", "Index Name": "title_pkey", "Startup Cost": 0.0, "Total Cost": 0.27, "Plan Rows": 1, "Plan Width": 0, "Index Cond": "(id = mk.movie_id)"}]}]}, {"Node Type": "Bitmap Heap Scan", "Parent Relationship": "Inner", "Relation Name": "title", "Alias": "t2", "Startup Cost": 1.49, "Total Cost": 5.5, "Plan Rows": 1, "Plan Width": 21, "Recheck Cond": "(id = ml.linked_movie_id)", "Plans": [{"Node Type": "Bitmap Index Scan", "Parent Relationship": "Outer", "Index Name": "title_pkey", "Startup Cost": 0.0, "Total Cost": 1.49, "Plan Rows": 1, "Plan Width": 0, "Index Cond": "(id = ml.linked_movie_id)"}]}]}, {"Node Type": "Bitmap Heap Scan", "Parent Relationship": "Inner", "Relation Name": "link_type", "Alias": "lt", "Startup Cost": 0.26, "Total Cost": 4.27, "Plan Rows": 1, "Plan Width": 16, "Recheck Cond": "(id = ml.link_type_id)", "Plans": [{"Node Type": "Bitmap Index Scan", "Parent Relationship": "Outer", "Index Name": "link_type_pkey", "Startup Cost": 0.0, "Total Cost": 0.26, "Plan Rows": 1, "Plan Width": 0, "Index Cond": "(id = ml.link_type_id)"}]}]}]}, "Unique SQL Id": 524435555, "Planner Runtime": 2}, "explain_analyze_plan": null}, "(1, 36)": {"explain_plan": {"Plan": {"Node Type": "Aggregate", "Strategy": "Plain", "Startup Cost": 3260.82, "Total Cost": 3260.83, "Plan Rows": 1, "Plan Width": 142, "Plans": [{"Node Type": "Nested Loop", "Parent Relationship": "Outer", "Join Type": "Inner", "Startup Cost": 5.89, "Total Cost": 3259.66, "Plan Rows": 154, "Plan Width": 46, "Inner Unique": true, "Plans": [{"Node Type": "Hash Join", "Parent Relationship": "Outer", "Join Type": "Inner", "Startup Cost": 5.89, "Total Cost": 2596.09, "Plan Rows": 154, "Plan Width": 33, "Inner Unique": true, "Hash Cond": "(ml.link_type_id = lt.id)", "Plans": [{"Node Type": "Nested Loop", "Parent Relationship": "Outer", "Join Type": "Inner", "Startup Cost": 4.51, "Total Cost": 2592.76, "Plan Rows": 154, "Plan Width": 25, "Inner Unique": false, "Plans": [{"Node Type": "Nested Loop", "Parent Relationship": "Outer", "Join Type": "Inner", "Startup Cost": 4.51, "Total Cost": 2579.55, "Plan Rows": 33, "Plan Width": 25, "Inner Unique": true, "Plans": [{"Node Type": "Nested Loop", "Parent Relationship": "Outer", "Join Type": "Inner", "Startup Cost": 4.51, "Total Cost": 2569.02, "Plan Rows": 33, "Plan Width": 4, "Inner Unique": false, "Plans": [{"Node Type": "Seq Scan", "Parent Relationship": "Outer", "Relation Name": "keyword", "Alias": "k", "Startup Cost": 0.0, "Total Cost": 2436.11, "Plan Rows": 1, "Plan Width": 4, "Filter": "((keyword)::text = '10,000-mile-club'::text)"}, {"Node Type": "Bitmap Heap Scan", "Parent Relationship": "Inner", "Relation Name": "movie_keyword", "Alias": "mk", "Startup Cost": 4.51, "Total Cost": 132.58, "Plan Rows": 33, "Plan Width": 8, "Recheck Cond": "(keyword_id = k.id)", "Plans": [{"Node Type": "Bitmap Index Scan", "Parent Relationship": "Outer", "Index Name": "keyword_id_movie_keyword", "Startup Cost": 0.0, "Total Cost": 4.5, "Plan Rows": 33, "Plan Width": 0, "Index Cond": "(keyword_id = k.id)"}]}]}, {"Node Type": "Index Scan", "Parent Relationship": "Inner", "Scan Direction": "Forward", "Index Name": "title_pkey", "Relation Name": "title", "Alias": "t1", "Startup Cost": 0.0, "Total Cost": 0.31, "Plan Rows": 1, "Plan Width": 21, "Index Cond": "(id = mk.movie_id)"}]}, {"Node Type": "Index Scan", "Parent Relationship": "Inner", "Scan Direction": "Forward", "Index Name": "movie_id_movie_link", "Relation Name": "movie_link", "Alias": "ml", "Startup Cost": 0.0, "Total Cost": 0.35, "Plan Rows": 5, "Plan Width": 12, "Index Cond": "(movie_id = t1.id)"}]}, {"Node Type": "Hash", "Parent Relationship": "Inner", "Startup Cost": 1.17, "Total Cost": 1.17, "Plan Rows": 17, "Plan Width": 16, "Plans": [{"Node Type": "Seq Scan", "Parent Relationship": "Outer", "Relation Name": "link_type", "Alias": "lt", "Startup Cost": 0.0, "Total Cost": 1.17, "Plan Rows": 17, "Plan Width": 16}]}]}, {"Node Type": "Index Scan", "Parent Relationship": "Inner", "Scan Direction": "Forward", "Index Name": "title_pkey", "Relation Name": "title", "Alias": "t2", "Startup Cost": 0.0, "Total Cost": 4.3, "Plan Rows": 1, "Plan Width": 21, "Index Cond": "(id = ml.linked_movie_id)"}]}]}, "Unique SQL Id": 524435555, "Planner Runtime": 5}, "explain_analyze_plan": {"Plan": {"Node Type": "Aggregate", "Strategy": "Plain", "Startup Cost": 3260.82, "Total Cost": 3260.83, "Plan Rows": 1, "Plan Width": 142, "Actual Startup Time": 41.918, "Actual Total Time": 41.918, "Actual Rows": 1, "Actual Loops": 1, "Plans": [{"Node Type": "Nested Loop", "Parent Relationship": "Outer", "Join Type": "Inner", "Startup Cost": 5.89, "Total Cost": 3259.66, "Plan Rows": 154, "Plan Width": 46, "Actual Startup Time": 41.91, "Actual Total Time": 41.91, "Actual Rows": 0, "Actual Loops": 1, "Inner Unique": true, "Plans": [{"Node Type": "Hash Join", "Parent Relationship": "Outer", "Join Type": "Inner", "Startup Cost": 5.89, "Total Cost": 2596.09, "Plan Rows": 154, "Plan Width": 33, "Actual Startup Time": 41.883, "Actual Total Time": 41.883, "Actual Rows": 0, "Actual Loops": 1, "Inner Unique": true, "Hash Cond": "(ml.link_type_id = lt.id)", "Plans": [{"Node Type": "Nested Loop", "Parent Relationship": "Outer", "Join Type": "Inner", "Startup Cost": 4.51, "Total Cost": 2592.76, "Plan Rows": 154, "Plan Width": 25, "Actual Startup Time": 41.806, "Actual Total Time": 41.806, "Actual Rows": 0, "Actual Loops": 1, "Inner Unique": false, "Plans": [{"Node Type": "Nested Loop", "Parent Relationship": "Outer", "Join Type": "Inner", "Startup Cost": 4.51, "Total Cost": 2579.55, "Plan Rows": 33, "Plan Width": 25, "Actual Startup Time": 40.914, "Actual Total Time": 41.8, "Actual Rows": 1, "Actual Loops": 1, "Inner Unique": true, "Plans": [{"Node Type": "Nested Loop", "Parent Relationship": "Outer", "Join Type": "Inner", "Startup Cost": 4.51, "Total Cost": 2569.02, "Plan Rows": 33, "Plan Width": 4, "Actual Startup Time": 40.9, "Actual Total Time": 41.786, "Actual Rows": 1, "Actual Loops": 1, "Inner Unique": false, "Plans": [{"Node Type": "Seq Scan", "Parent Relationship": "Outer", "Relation Name": "keyword", "Alias": "k", "Startup Cost": 0.0, "Total Cost": 2436.11, "Plan Rows": 1, "Plan Width": 4, "Actual Startup Time": 40.866, "Actual Total Time": 41.751, "Actual Rows": 1, "Actual Loops": 1, "Filter": "((keyword)::text = '10,000-mile-club'::text)", "Rows Removed by Filter": 134168}, {"Node Type": "Bitmap Heap Scan", "Parent Relationship": "Inner", "Relation Name": "movie_keyword", "Alias": "mk", "Startup Cost": 4.51, "Total Cost": 132.58, "Plan Rows": 33, "Plan Width": 8, "Actual Startup Time": 0.027, "Actual Total Time": 0.028, "Actual Rows": 1, "Actual Loops": 1, "Recheck Cond": "(keyword_id = k.id)", "Rows Removed by Index Recheck": 0, "Exact Heap Blocks": 1, "Lossy Heap Blocks": 1, "Plans": [{"Node Type": "Bitmap Index Scan", "Parent Relationship": "Outer", "Index Name": "keyword_id_movie_keyword", "Startup Cost": 0.0, "Total Cost": 4.5, "Plan Rows": 33, "Plan Width": 0, "Actual Startup Time": 0.016, "Actual Total Time": 0.016, "Actual Rows": 1, "Actual Loops": 1, "Index Cond": "(keyword_id = k.id)"}]}]}, {"Node Type": "Index Scan", "Parent Relationship": "Inner", "Scan Direction": "Forward", "Index Name": "title_pkey", "Relation Name": "title", "Alias": "t1", "Startup Cost": 0.0, "Total Cost": 0.31, "Plan Rows": 1, "Plan Width": 21, "Actual Startup Time": 0.012, "Actual Total Time": 0.012, "Actual Rows": 1, "Actual Loops": 1, "Index Cond": "(id = mk.movie_id)", "Rows Removed by Index Recheck": 0}]}, {"Node Type": "Index Scan", "Parent Relationship": "Inner", "Scan Direction": "Forward", "Index Name": "movie_id_movie_link", "Relation Name": "movie_link", "Alias": "ml", "Startup Cost": 0.0, "Total Cost": 0.35, "Plan Rows": 5, "Plan Width": 12, "Actual Startup Time": 0.003, "Actual Total Time": 0.003, "Actual Rows": 0, "Actual Loops": 1, "Index Cond": "(movie_id = t1.id)", "Rows Removed by Index Recheck": 0}]}, {"Node Type": "Hash", "Parent Relationship": "Inner", "Startup Cost": 1.17, "Total Cost": 1.17, "Plan Rows": 17, "Plan Width": 16, "Actual Startup Time": 0.037, "Actual Total Time": 0.037, "Actual Rows": 17, "Actual Loops": 1, "Hash Buckets": 32768, "Hash Batches": 1, "Original Hash Batches": 1, "Peak Memory Usage": 1, "Plans": [{"Node Type": "Seq Scan", "Parent Relationship": "Outer", "Relation Name": "link_type", "Alias": "lt", "Startup Cost": 0.0, "Total Cost": 1.17, "Plan Rows": 17, "Plan Width": 16, "Actual Startup Time": 0.017, "Actual Total Time": 0.023, "Actual Rows": 17, "Actual Loops": 1}]}]}, {"Node Type": "Index Scan", "Parent Relationship": "Inner", "Scan Direction": "Forward", "Index Name": "title_pkey", "Relation Name": "title", "Alias": "t2", "Startup Cost": 0.0, "Total Cost": 4.3, "Plan Rows": 1, "Plan Width": 21, "Actual Startup Time": 0.0, "Actual Total Time": 0.0, "Index Cond": "(id = ml.linked_movie_id)", "Rows Removed by Index Recheck": 0}]}]}, "Triggers": [], "Planner Runtime": 5, "Total Runtime": 42.159, "Unique SQL Id": 524435555}}, "(1, 37)": {"explain_plan": {"Plan": {"Node Type": "Aggregate", "Strategy": "Plain", "Startup Cost": 4047.28, "Total Cost": 4047.29, "Plan Rows": 1, "Plan Width": 142, "Plans": [{"Node Type": "Nested Loop", "Parent Relationship": "Outer", "Join Type": "Inner", "Startup Cost": 4.51, "Total Cost": 4046.12, "Plan Rows": 154, "Plan Width": 46, "Inner Unique": true, "Plans": [{"Node Type": "Nested Loop", "Parent Relationship": "Outer", "Join Type": "Inner", "Startup Cost": 4.51, "Total Cost": 3382.55, "Plan Rows": 154, "Plan Width": 33, "Inner Unique": true, "Plans": [{"Node Type": "Nested Loop", "Parent Relationship": "Outer", "Join Type": "Inner", "Startup Cost": 4.51, "Total Cost": 3339.37, "Plan Rows": 154, "Plan Width": 25, "Inner Unique": false, "Plans": [{"Node Type": "Nested Loop", "Parent Relationship": "Outer", "Join Type": "Inner", "Startup Cost": 4.51, "Total Cost": 3326.15, "Plan Rows": 33, "Plan Width": 25, "Inner Unique": true, "Plans": [{"Node Type": "Nested Loop", "Parent Relationship": "Outer", "Join Type": "Inner", "Startup Cost": 4.51, "Total Cost": 3315.63, "Plan Rows": 33, "Plan Width": 4, "Inner Unique": false, "Plans": [{"Node Type": "Index Scan", "Parent Relationship": "Outer", "Scan Direction": "Forward", "Index Name": "keyword_pkey", "Relation Name": "keyword", "Alias": "k", "Startup Cost": 0.0, "Total Cost": 3182.72, "Plan Rows": 1, "Plan Width": 4, "Filter": "((keyword)::text = '10,000-mile-club'::text)"}, {"Node Type": "Bitmap Heap Scan", "Parent Relationship": "Inner", "Relation Name": "movie_keyword", "Alias": "mk", "Startup Cost": 4.51, "Total Cost": 132.58, "Plan Rows": 33, "Plan Width": 8, "Recheck Cond": "(keyword_id = k.id)", "Plans": [{"Node Type": "Bitmap Index Scan", "Parent Relationship": "Outer", "Index Name": "keyword_id_movie_keyword", "Startup Cost": 0.0, "Total Cost": 4.5, "Plan Rows": 33, "Plan Width": 0, "Index Cond": "(keyword_id = k.id)"}]}]}, {"Node Type": "Index Scan", "Parent Relationship": "Inner", "Scan Direction": "Forward", "Index Name": "title_pkey", "Relation Name": "title", "Alias": "t1", "Startup Cost": 0.0, "Total Cost": 0.31, "Plan Rows": 1, "Plan Width": 21, "Index Cond": "(id = mk.movie_id)"}]}, {"Node Type": "Index Scan", "Parent Relationship": "Inner", "Scan Direction": "Forward", "Index Name": "movie_id_movie_link", "Relation Name": "movie_link", "Alias": "ml", "Startup Cost": 0.0, "Total Cost": 0.35, "Plan Rows": 5, "Plan Width": 12, "Index Cond": "(movie_id = t1.id)"}]}, {"Node Type": "Index Scan", "Parent Relationship": "Inner", "Scan Direction": "Forward", "Index Name": "link_type_pkey", "Relation Name": "link_type", "Alias": "lt", "Startup Cost": 0.0, "Total Cost": 0.27, "Plan Rows": 1, "Plan Width": 16, "Index Cond": "(id = ml.link_type_id)"}]}, {"Node Type": "Index Scan", "Parent Relationship": "Inner", "Scan Direction": "Forward", "Index Name": "title_pkey", "Relation Name": "title", "Alias": "t2", "Startup Cost": 0.0, "Total Cost": 4.3, "Plan Rows": 1, "Plan Width": 21, "Index Cond": "(id = ml.linked_movie_id)"}]}]}, "Unique SQL Id": 524435555, "Planner Runtime": 2}, "explain_analyze_plan": {"Plan": {"Node Type": "Aggregate", "Strategy": "Plain", "Startup Cost": 4047.28, "Total Cost": 4047.29, "Plan Rows": 1, "Plan Width": 142, "Actual Startup Time": 119.675, "Actual Total Time": 119.675, "Actual Rows": 1, "Actual Loops": 1, "Plans": [{"Node Type": "Nested Loop", "Parent Relationship": "Outer", "Join Type": "Inner", "Startup Cost": 4.51, "Total Cost": 4046.12, "Plan Rows": 154, "Plan Width": 46, "Actual Startup Time": 119.669, "Actual Total Time": 119.669, "Actual Rows": 0, "Actual Loops": 1, "Inner Unique": true, "Plans": [{"Node Type": "Nested Loop", "Parent Relationship": "Outer", "Join Type": "Inner", "Startup Cost": 4.51, "Total Cost": 3382.55, "Plan Rows": 154, "Plan Width": 33, "Actual Startup Time": 119.668, "Actual Total Time": 119.668, "Actual Rows": 0, "Actual Loops": 1, "Inner Unique": true, "Plans": [{"Node Type": "Nested Loop", "Parent Relationship": "Outer", "Join Type": "Inner", "Startup Cost": 4.51, "Total Cost": 3339.37, "Plan Rows": 154, "Plan Width": 25, "Actual Startup Time": 119.668, "Actual Total Time": 119.668, "Actual Rows": 0, "Actual Loops": 1, "Inner Unique": false, "Plans": [{"Node Type": "Nested Loop", "Parent Relationship": "Outer", "Join Type": "Inner", "Startup Cost": 4.51, "Total Cost": 3326.15, "Plan Rows": 33, "Plan Width": 25, "Actual Startup Time": 117.759, "Actual Total Time": 119.662, "Actual Rows": 1, "Actual Loops": 1, "Inner Unique": true, "Plans": [{"Node Type": "Nested Loop", "Parent Relationship": "Outer", "Join Type": "Inner", "Startup Cost": 4.51, "Total Cost": 3315.63, "Plan Rows": 33, "Plan Width": 4, "Actual Startup Time": 117.744, "Actual Total Time": 119.646, "Actual Rows": 1, "Actual Loops": 1, "Inner Unique": false, "Plans": [{"Node Type": "Index Scan", "Parent Relationship": "Outer", "Scan Direction": "Forward", "Index Name": "keyword_pkey", "Relation Name": "keyword", "Alias": "k", "Startup Cost": 0.0, "Total Cost": 3182.72, "Plan Rows": 1, "Plan Width": 4, "Actual Startup Time": 117.697, "Actual Total Time": 119.597, "Actual Rows": 1, "Actual Loops": 1, "Filter": "((keyword)::text = '10,000-mile-club'::text)", "Rows Removed by Filter": 134168}, {"Node Type": "Bitmap Heap Scan", "Parent Relationship": "Inner", "Relation Name": "movie_keyword", "Alias": "mk", "Startup Cost": 4.51, "Total Cost": 132.58, "Plan Rows": 33, "Plan Width": 8, "Actual Startup Time": 0.032, "Actual Total Time": 0.033, "Actual Rows": 1, "Actual Loops": 1, "Recheck Cond": "(keyword_id = k.id)", "Rows Removed by Index Recheck": 0, "Exact Heap Blocks": 1, "Lossy Heap Blocks": 1, "Plans": [{"Node Type": "Bitmap Index Scan", "Parent Relationship": "Outer", "Index Name": "keyword_id_movie_keyword", "Startup Cost": 0.0, "Total Cost": 4.5, "Plan Rows": 33, "Plan Width": 0, "Actual Startup Time": 0.018, "Actual Total Time": 0.018, "Actual Rows": 1, "Actual Loops": 1, "Index Cond": "(keyword_id = k.id)"}]}]}, {"Node Type": "Index Scan", "Parent Relationship": "Inner", "Scan Direction": "Forward", "Index Name": "title_pkey", "Relation Name": "title", "Alias": "t1", "Startup Cost": 0.0, "Total Cost": 0.31, "Plan Rows": 1, "Plan Width": 21, "Actual Startup Time": 0.011, "Actual Total Time": 0.011, "Actual Rows": 1, "Actual Loops": 1, "Index Cond": "(id = mk.movie_id)", "Rows Removed by Index Recheck": 0}]}, {"Node Type": "Index Scan", "Parent Relationship": "Inner", "Scan Direction": "Forward", "Index Name": "movie_id_movie_link", "Relation Name": "movie_link", "Alias": "ml", "Startup Cost": 0.0, "Total Cost": 0.35, "Plan Rows": 5, "Plan Width": 12, "Actual Startup Time": 0.003, "Actual Total Time": 0.003, "Actual Rows": 0, "Actual Loops": 1, "Index Cond": "(movie_id = t1.id)", "Rows Removed by Index Recheck": 0}]}, {"Node Type": "Index Scan", "Parent Relationship": "Inner", "Scan Direction": "Forward", "Index Name": "link_type_pkey", "Relation Name": "link_type", "Alias": "lt", "Startup Cost": 0.0, "Total Cost": 0.27, "Plan Rows": 1, "Plan Width": 16, "Actual Startup Time": 0.0, "Actual Total Time": 0.0, "Index Cond": "(id = ml.link_type_id)", "Rows Removed by Index Recheck": 0}]}, {"Node Type": "Index Scan", "Parent Relationship": "Inner", "Scan Direction": "Forward", "Index Name": "title_pkey", "Relation Name": "title", "Alias": "t2", "Startup Cost": 0.0, "Total Cost": 4.3, "Plan Rows": 1, "Plan Width": 21, "Actual Startup Time": 0.0, "Actual Total Time": 0.0, "Index Cond": "(id = ml.linked_movie_id)", "Rows Removed by Index Recheck": 0}]}]}, "Triggers": [], "Planner Runtime": 2, "Total Runtime": 119.92, "Unique SQL Id": 524435555}}, "(1, 38)": {"explain_plan": {"Plan": {"Node Type": "Aggregate", "Strategy": "Plain", "Startup Cost": 3709.86, "Total Cost": 3709.87, "Plan Rows": 1, "Plan Width": 142, "Plans": [{"Node Type": "Nested Loop", "Parent Relationship": "Outer", "Join Type": "Inner", "Startup Cost": 7.93, "Total Cost": 3708.7, "Plan Rows": 154, "Plan Width": 46, "Inner Unique": true, "Plans": [{"Node Type": "Hash Join", "Parent Relationship": "Outer", "Join Type": "Inner", "Startup Cost": 6.44, "Total Cost": 2859.52, "Plan Rows": 154, "Plan Width": 33, "Inner Unique": true, "Hash Cond": "(ml.link_type_id = lt.id)", "Plans": [{"Node Type": "Nested Loop", "Parent Relationship": "Outer", "Join Type": "Inner", "Startup Cost": 5.06, "Total Cost": 2856.2, "Plan Rows": 154, "Plan Width": 25, "Inner Unique": false, "Join Filter": "(t1.id = ml.movie_id)", "Plans": [{"Node Type": "Nested Loop", "Parent Relationship": "Outer", "Join Type": "Inner", "Startup Cost": 4.77, "Total Cost": 2710.54, "Plan Rows": 33, "Plan Width": 25, "Inner Unique": true, "Plans": [{"Node Type": "Nested Loop", "Parent Relationship": "Outer", "Join Type": "Inner", "Startup Cost": 4.51, "Total Cost": 2569.02, "Plan Rows": 33, "Plan Width": 4, "Inner Unique": false, "Plans": [{"Node Type": "Seq Scan", "Parent Relationship": "Outer", "Relation Name": "keyword", "Alias": "k", "Startup Cost": 0.0, "Total Cost": 2436.11, "Plan Rows": 1, "Plan Width": 4, "Filter": "((keyword)::text = '10,000-mile-club'::text)"}, {"Node Type": "Bitmap Heap Scan", "Parent Relationship": "Inner", "Relation Name": "movie_keyword", "Alias": "mk", "Startup Cost": 4.51, "Total Cost": 132.58, "Plan Rows": 33, "Plan Width": 8, "Recheck Cond": "(keyword_id = k.id)", "Plans": [{"Node Type": "Bitmap Index Scan", "Parent Relationship": "Outer", "Index Name": "keyword_id_movie_keyword", "Startup Cost": 0.0, "Total Cost": 4.5, "Plan Rows": 33, "Plan Width": 0, "Index Cond": "(keyword_id = k.id)"}]}]}, {"Node Type": "Bitmap Heap Scan", "Parent Relationship": "Inner", "Relation Name": "title", "Alias": "t1", "Startup Cost": 0.27, "Total Cost": 4.28, "Plan Rows": 1, "Plan Width": 21, "Recheck Cond": "(id = mk.movie_id)", "Plans": [{"Node Type": "Bitmap Index Scan", "Parent Relationship": "Outer", "Index Name": "title_pkey", "Startup Cost": 0.0, "Total Cost": 0.27, "Plan Rows": 1, "Plan Width": 0, "Index Cond": "(id = mk.movie_id)"}]}]}, {"Node Type": "Bitmap Heap Scan", "Parent Relationship": "Inner", "Relation Name": "movie_link", "Alias": "ml", "Startup Cost": 0.29, "Total Cost": 4.35, "Plan Rows": 5, "Plan Width": 12, "Recheck Cond": "(movie_id = mk.movie_id)", "Plans": [{"Node Type": "Bitmap Index Scan", "Parent Relationship": "Outer", "Index Name": "movie_id_movie_link", "Startup Cost": 0.0, "Total Cost": 0.29, "Plan Rows": 5, "Plan Width": 0, "Index Cond": "(movie_id = mk.movie_id)"}]}]}, {"Node Type": "Hash", "Parent Relationship": "Inner", "Startup Cost": 1.17, "Total Cost": 1.17, "Plan Rows": 17, "Plan Width": 16, "Plans": [{"Node Type": "Seq Scan", "Parent Relationship": "Outer", "Relation Name": "link_type", "Alias": "lt", "Startup Cost": 0.0, "Total Cost": 1.17, "Plan Rows": 17, "Plan Width": 16}]}]}, {"Node Type": "Bitmap Heap Scan", "Parent Relationship": "Inner", "Relation Name": "title", "Alias": "t2", "Startup Cost": 1.49, "Total Cost": 5.5, "Plan Rows": 1, "Plan Width": 21, "Recheck Cond": "(id = ml.linked_movie_id)", "Plans": [{"Node Type": "Bitmap Index Scan", "Parent Relationship": "Outer", "Index Name": "title_pkey", "Startup Cost": 0.0, "Total Cost": 1.49, "Plan Rows": 1, "Plan Width": 0, "Index Cond": "(id = ml.linked_movie_id)"}]}]}]}, "Unique SQL Id": 524435555, "Planner Runtime": 5}, "explain_analyze_plan": {"Plan": {"Node Type": "Aggregate", "Strategy": "Plain", "Startup Cost": 3709.86, "Total Cost": 3709.87, "Plan Rows": 1, "Plan Width": 142, "Actual Startup Time": 41.212, "Actual Total Time": 41.213, "Actual Rows": 1, "Actual Loops": 1, "Plans": [{"Node Type": "Nested Loop", "Parent Relationship": "Outer", "Join Type": "Inner", "Startup Cost": 7.93, "Total Cost": 3708.7, "Plan Rows": 154, "Plan Width": 46, "Actual Startup Time": 41.208, "Actual Total Time": 41.208, "Actual Rows": 0, "Actual Loops": 1, "Inner Unique": true, "Plans": [{"Node Type": "Hash Join", "Parent Relationship": "Outer", "Join Type": "Inner", "Startup Cost": 6.44, "Total Cost": 2859.52, "Plan Rows": 154, "Plan Width": 33, "Actual Startup Time": 41.191, "Actual Total Time": 41.191, "Actual Rows": 0, "Actual Loops": 1, "Inner Unique": true, "Hash Cond": "(ml.link_type_id = lt.id)", "Plans": [{"Node Type": "Nested Loop", "Parent Relationship": "Outer", "Join Type": "Inner", "Startup Cost": 5.06, "Total Cost": 2856.2, "Plan Rows": 154, "Plan Width": 25, "Actual Startup Time": 41.117, "Actual Total Time": 41.117, "Actual Rows": 0, "Actual Loops": 1, "Inner Unique": false, "Join Filter": "(t1.id = ml.movie_id)", "Rows Removed by Join Filter": 0, "Plans": [{"Node Type": "Nested Loop", "Parent Relationship": "Outer", "Join Type": "Inner", "Startup Cost": 4.77, "Total Cost": 2710.54, "Plan Rows": 33, "Plan Width": 25, "Actual Startup Time": 40.236, "Actual Total Time": 41.106, "Actual Rows": 1, "Actual Loops": 1, "Inner Unique": true, "Plans": [{"Node Type": "Nested Loop", "Parent Relationship": "Outer", "Join Type": "Inner", "Startup Cost": 4.51, "Total Cost": 2569.02, "Plan Rows": 33, "Plan Width": 4, "Actual Startup Time": 40.224, "Actual Total Time": 41.094, "Actual Rows": 1, "Actual Loops": 1, "Inner Unique": false, "Plans": [{"Node Type": "Seq Scan", "Parent Relationship": "Outer", "Relation Name": "keyword", "Alias": "k", "Startup Cost": 0.0, "Total Cost": 2436.11, "Plan Rows": 1, "Plan Width": 4, "Actual Startup Time": 40.195, "Actual Total Time": 41.063, "Actual Rows": 1, "Actual Loops": 1, "Filter": "((keyword)::text = '10,000-mile-club'::text)", "Rows Removed by Filter": 134168}, {"Node Type": "Bitmap Heap Scan", "Parent Relationship": "Inner", "Relation Name": "movie_keyword", "Alias": "mk", "Startup Cost": 4.51, "Total Cost": 132.58, "Plan Rows": 33, "Plan Width": 8, "Actual Startup Time": 0.021, "Actual Total Time": 0.022, "Actual Rows": 1, "Actual Loops": 1, "Recheck Cond": "(keyword_id = k.id)", "Rows Removed by Index Recheck": 0, "Exact Heap Blocks": 1, "Lossy Heap Blocks": 1, "Plans": [{"Node Type": "Bitmap Index Scan", "Parent Relationship": "Outer", "Index Name": "keyword_id_movie_keyword", "Startup Cost": 0.0, "Total Cost": 4.5, "Plan Rows": 33, "Plan Width": 0, "Actual Startup Time": 0.014, "Actual Total Time": 0.014, "Actual Rows": 1, "Actual Loops": 1, "Index Cond": "(keyword_id = k.id)"}]}]}, {"Node Type": "Bitmap Heap Scan", "Parent Relationship": "Inner", "Relation Name": "title", "Alias": "t1", "Startup Cost": 0.27, "Total Cost": 4.28, "Plan Rows": 1, "Plan Width": 21, "Actual Startup Time": 0.009, "Actual Total Time": 0.009, "Actual Rows": 1, "Actual Loops": 1, "Recheck Cond": "(id = mk.movie_id)", "Rows Removed by Index Recheck": 0, "Exact Heap Blocks": 1, "Lossy Heap Blocks": 1, "Plans": [{"Node Type": "Bitmap Index Scan", "Parent Relationship": "Outer", "Index Name": "title_pkey", "Startup Cost": 0.0, "Total Cost": 0.27, "Plan Rows": 1, "Plan Width": 0, "Actual Startup Time": 0.006, "Actual Total Time": 0.006, "Actual Rows": 1, "Actual Loops": 1, "Index Cond": "(id = mk.movie_id)"}]}]}, {"Node Type": "Bitmap Heap Scan", "Parent Relationship": "Inner", "Relation Name": "movie_link", "Alias": "ml", "Startup Cost": 0.29, "Total Cost": 4.35, "Plan Rows": 5, "Plan Width": 12, "Actual Startup Time": 0.008, "Actual Total Time": 0.008, "Actual Rows": 0, "Actual Loops": 1, "Recheck Cond": "(movie_id = mk.movie_id)", "Rows Removed by Index Recheck": 0, "Exact Heap Blocks": 0, "Lossy Heap Blocks": 0, "Plans": [{"Node Type": "Bitmap Index Scan", "Parent Relationship": "Outer", "Index Name": "movie_id_movie_link", "Startup Cost": 0.0, "Total Cost": 0.29, "Plan Rows": 5, "Plan Width": 0, "Actual Startup Time": 0.004, "Actual Total Time": 0.004, "Actual Rows": 0, "Actual Loops": 1, "Index Cond": "(movie_id = mk.movie_id)"}]}]}, {"Node Type": "Hash", "Parent Relationship": "Inner", "Startup Cost": 1.17, "Total Cost": 1.17, "Plan Rows": 17, "Plan Width": 16, "Actual Startup Time": 0.034, "Actual Total Time": 0.034, "Actual Rows": 17, "Actual Loops": 1, "Hash Buckets": 32768, "Hash Batches": 1, "Original Hash Batches": 1, "Peak Memory Usage": 1, "Plans": [{"Node Type": "Seq Scan", "Parent Relationship": "Outer", "Relation Name": "link_type", "Alias": "lt", "Startup Cost": 0.0, "Total Cost": 1.17, "Plan Rows": 17, "Plan Width": 16, "Actual Startup Time": 0.015, "Actual Total Time": 0.019, "Actual Rows": 17, "Actual Loops": 1}]}]}, {"Node Type": "Bitmap Heap Scan", "Parent Relationship": "Inner", "Relation Name": "title", "Alias": "t2", "Startup Cost": 1.49, "Total Cost": 5.5, "Plan Rows": 1, "Plan Width": 21, "Actual Startup Time": 0.0, "Actual Total Time": 0.0, "Recheck Cond": "(id = ml.linked_movie_id)", "Rows Removed by Index Recheck": 0, "Exact Heap Blocks": 0, "Lossy Heap Blocks": 0, "Plans": [{"Node Type": "Bitmap Index Scan", "Parent Relationship": "Outer", "Index Name": "title_pkey", "Startup Cost": 0.0, "Total Cost": 1.49, "Plan Rows": 1, "Plan Width": 0, "Actual Startup Time": 0.0, "Actual Total Time": 0.0, "Index Cond": "(id = ml.linked_movie_id)"}]}]}]}, "Triggers": [], "Planner Runtime": 5, "Total Runtime": 41.437, "Unique SQL Id": 524435555}}, "(1, 39)": {"explain_plan": {"Plan": {"Node Type": "Aggregate", "Strategy": "Plain", "Startup Cost": 1000001377786.31, "Total Cost": 1000001377786.32, "Plan Rows": 1, "Plan Width": 142, "Plans": [{"Node Type": "Nested Loop", "Parent Relationship": "Outer", "Join Type": "Inner", "Startup Cost": 10000000004.71, "Total Cost": 1000001377785.15, "Plan Rows": 154, "Plan Width": 46, "Inner Unique": true, "Plans": [{"Node Type": "Nested Loop", "Parent Relationship": "Outer", "Join Type": "Inner", "Startup Cost": 10000000004.45, "Total Cost": 1000001377125.95, "Plan Rows": 154, "Plan Width": 38, "Inner Unique": true, "Plans": [{"Node Type": "Nested Loop", "Parent Relationship": "Outer", "Join Type": "Inner", "Startup Cost": 10000000002.96, "Total Cost": 1000001376276.77, "Plan Rows": 154, "Plan Width": 25, "Inner Unique": true, "Plans": [{"Node Type": "Nested Loop", "Parent Relationship": "Outer", "Join Type": "Inner", "Startup Cost": 10000000002.69, "Total Cost": 1000001375616.35, "Plan Rows": 154, "Plan Width": 16, "Inner Unique": true, "Plans": [{"Node Type": "Nested Loop", "Parent Relationship": "Outer", "Join Type": "Inner", "Startup Cost": 10000000002.44, "Total Cost": 1000000342019.19, "Plan Rows": 241339, "Plan Width": 20, "Inner Unique": false, "Plans": [{"Node Type": "Index Scan", "Parent Relationship": "Outer", "Scan Direction": "Forward", "Index Name": "link_type_id_movie_link", "Relation Name": "movie_link", "Alias": "ml", "Startup Cost": 10000000000.0, "Total Cost": 1000000143569.16, "Plan Rows": 29996, "Plan Width": 12}, {"Node Type": "Bitmap Heap Scan", "Parent Relationship": "Inner", "Relation Name": "movie_keyword", "Alias": "mk", "Startup Cost": 2.44, "Total Cost": 6.54, "Plan Rows": 8, "Plan Width": 8, "Recheck Cond": "(movie_id = ml.movie_id)", "Plans": [{"Node Type": "Bitmap Index Scan", "Parent Relationship": "Outer", "Index Name": "movie_id_movie_keyword", "Startup Cost": 0.0, "Total Cost": 2.43, "Plan Rows": 8, "Plan Width": 0, "Index Cond": "(movie_id = ml.movie_id)"}]}]}, {"Node Type": "Bitmap Heap Scan", "Parent Relationship": "Inner", "Relation Name": "keyword", "Alias": "k", "Startup Cost": 0.26, "Total Cost": 4.27, "Plan Rows": 1, "Plan Width": 4, "Recheck Cond": "(id = mk.keyword_id)", "Filter": "((keyword)::text = '10,000-mile-club'::text)", "Plans": [{"Node Type": "Bitmap Index Scan", "Parent Relationship": "Outer", "Index Name": "keyword_pkey", "Startup Cost": 0.0, "Total Cost": 0.26, "Plan Rows": 1, "Plan Width": 0, "Index Cond": "(id = mk.keyword_id)"}]}]}, {"Node Type": "Bitmap Heap Scan", "Parent Relationship": "Inner", "Relation Name": "title", "Alias": "t1", "Startup Cost": 0.27, "Total Cost": 4.28, "Plan Rows": 1, "Plan Width": 21, "Recheck Cond": "(id = mk.movie_id)", "Plans": [{"Node Type": "Bitmap Index Scan", "Parent Relationship": "Outer", "Index Name": "title_pkey", "Startup Cost": 0.0, "Total Cost": 0.27, "Plan Rows": 1, "Plan Width": 0, "Index Cond": "(id = mk.movie_id)"}]}]}, {"Node Type": "Bitmap Heap Scan", "Parent Relationship": "Inner", "Relation Name": "title", "Alias": "t2", "Startup Cost": 1.49, "Total Cost": 5.5, "Plan Rows": 1, "Plan Width": 21, "Recheck Cond": "(id = ml.linked_movie_id)", "Plans": [{"Node Type": "Bitmap Index Scan", "Parent Relationship": "Outer", "Index Name": "title_pkey", "Startup Cost": 0.0, "Total Cost": 1.49, "Plan Rows": 1, "Plan Width": 0, "Index Cond": "(id = ml.linked_movie_id)"}]}]}, {"Node Type": "Bitmap Heap Scan", "Parent Relationship": "Inner", "Relation Name": "link_type", "Alias": "lt", "Startup Cost": 0.26, "Total Cost": 4.27, "Plan Rows": 1, "Plan Width": 16, "Recheck Cond": "(id = ml.link_type_id)", "Plans": [{"Node Type": "Bitmap Index Scan", "Parent Relationship": "Outer", "Index Name": "link_type_pkey", "Startup Cost": 0.0, "Total Cost": 0.26, "Plan Rows": 1, "Plan Width": 0, "Index Cond": "(id = ml.link_type_id)"}]}]}]}, "Unique SQL Id": 524435555, "Planner Runtime": 2}, "explain_analyze_plan": null}, "(1, 40)": {"explain_plan": {"Plan": {"Node Type": "Aggregate", "Strategy": "Plain", "Startup Cost": 3265.11, "Total Cost": 3265.12, "Plan Rows": 1, "Plan Width": 142, "Plans": [{"Node Type": "Nested Loop", "Parent Relationship": "Outer", "Join Type": "Inner", "Startup Cost": 1.38, "Total Cost": 3263.96, "Plan Rows": 154, "Plan Width": 46, "Inner Unique": true, "Plans": [{"Node Type": "Hash Join", "Parent Relationship": "Outer", "Join Type": "Inner", "Startup Cost": 1.38, "Total Cost": 2600.38, "Plan Rows": 154, "Plan Width": 33, "Inner Unique": true, "Hash Cond": "(ml.link_type_id = lt.id)", "Plans": [{"Node Type": "Nested Loop", "Parent Relationship": "Outer", "Join Type": "Inner", "Startup Cost": 0.0, "Total Cost": 2597.06, "Plan Rows": 154, "Plan Width": 25, "Inner Unique": false, "Plans": [{"Node Type": "Nested Loop", "Parent Relationship": "Outer", "Join Type": "Inner", "Startup Cost": 0.0, "Total Cost": 2583.84, "Plan Rows": 33, "Plan Width": 25, "Inner Unique": true, "Plans": [{"Node Type": "Nested Loop", "Parent Relationship": "Outer", "Join Type": "Inner", "Startup Cost": 0.0, "Total Cost": 2573.32, "Plan Rows": 33, "Plan Width": 4, "Inner Unique": false, "Plans": [{"Node Type": "Seq Scan", "Parent Relationship": "Outer", "Relation Name": "keyword", "Alias": "k", "Startup Cost": 0.0, "Total Cost": 2436.11, "Plan Rows": 1, "Plan Width": 4, "Filter": "((keyword)::text = '10,000-mile-club'::text)"}, {"Node Type": "Index Scan", "Parent Relationship": "Inner", "Scan Direction": "Forward", "Index Name": "keyword_id_movie_keyword", "Relation Name": "movie_keyword", "Alias": "mk", "Startup Cost": 0.0, "Total Cost": 136.88, "Plan Rows": 33, "Plan Width": 8, "Index Cond": "(keyword_id = k.id)"}]}, {"Node Type": "Index Scan", "Parent Relationship": "Inner", "Scan Direction": "Forward", "Index Name": "title_pkey", "Relation Name": "title", "Alias": "t1", "Startup Cost": 0.0, "Total Cost": 0.31, "Plan Rows": 1, "Plan Width": 21, "Index Cond": "(id = mk.movie_id)"}]}, {"Node Type": "Index Scan", "Parent Relationship": "Inner", "Scan Direction": "Forward", "Index Name": "movie_id_movie_link", "Relation Name": "movie_link", "Alias": "ml", "Startup Cost": 0.0, "Total Cost": 0.35, "Plan Rows": 5, "Plan Width": 12, "Index Cond": "(movie_id = t1.id)"}]}, {"Node Type": "Hash", "Parent Relationship": "Inner", "Startup Cost": 1.17, "Total Cost": 1.17, "Plan Rows": 17, "Plan Width": 16, "Plans": [{"Node Type": "Seq Scan", "Parent Relationship": "Outer", "Relation Name": "link_type", "Alias": "lt", "Startup Cost": 0.0, "Total Cost": 1.17, "Plan Rows": 17, "Plan Width": 16}]}]}, {"Node Type": "Index Scan", "Parent Relationship": "Inner", "Scan Direction": "Forward", "Index Name": "title_pkey", "Relation Name": "title", "Alias": "t2", "Startup Cost": 0.0, "Total Cost": 4.3, "Plan Rows": 1, "Plan Width": 21, "Index Cond": "(id = ml.linked_movie_id)"}]}]}, "Unique SQL Id": 524435555, "Planner Runtime": 5}, "explain_analyze_plan": {"Plan": {"Node Type": "Aggregate", "Strategy": "Plain", "Startup Cost": 3265.11, "Total Cost": 3265.12, "Plan Rows": 1, "Plan Width": 142, "Actual Startup Time": 41.179, "Actual Total Time": 41.179, "Actual Rows": 1, "Actual Loops": 1, "Plans": [{"Node Type": "Nested Loop", "Parent Relationship": "Outer", "Join Type": "Inner", "Startup Cost": 1.38, "Total Cost": 3263.96, "Plan Rows": 154, "Plan Width": 46, "Actual Startup Time": 41.172, "Actual Total Time": 41.172, "Actual Rows": 0, "Actual Loops": 1, "Inner Unique": true, "Plans": [{"Node Type": "Hash Join", "Parent Relationship": "Outer", "Join Type": "Inner", "Startup Cost": 1.38, "Total Cost": 2600.38, "Plan Rows": 154, "Plan Width": 33, "Actual Startup Time": 41.171, "Actual Total Time": 41.171, "Actual Rows": 0, "Actual Loops": 1, "Inner Unique": true, "Hash Cond": "(ml.link_type_id = lt.id)", "Plans": [{"Node Type": "Nested Loop", "Parent Relationship": "Outer", "Join Type": "Inner", "Startup Cost": 0.0, "Total Cost": 2597.06, "Plan Rows": 154, "Plan Width": 25, "Actual Startup Time": 41.165, "Actual Total Time": 41.165, "Actual Rows": 0, "Actual Loops": 1, "Inner Unique": false, "Plans": [{"Node Type": "Nested Loop", "Parent Relationship": "Outer", "Join Type": "Inner", "Startup Cost": 0.0, "Total Cost": 2583.84, "Plan Rows": 33, "Plan Width": 25, "Actual Startup Time": 40.28, "Actual Total Time": 41.161, "Actual Rows": 1, "Actual Loops": 1, "Inner Unique": true, "Plans": [{"Node Type": "Nested Loop", "Parent Relationship": "Outer", "Join Type": "Inner", "Startup Cost": 0.0, "Total Cost": 2573.32, "Plan Rows": 33, "Plan Width": 4, "Actual Startup Time": 40.268, "Actual Total Time": 41.149, "Actual Rows": 1, "Actual Loops": 1, "Inner Unique": false, "Plans": [{"Node Type": "Seq Scan", "Parent Relationship": "Outer", "Relation Name": "keyword", "Alias": "k", "Startup Cost": 0.0, "Total Cost": 2436.11, "Plan Rows": 1, "Plan Width": 4, "Actual Startup Time": 40.247, "Actual Total Time": 41.126, "Actual Rows": 1, "Actual Loops": 1, "Filter": "((keyword)::text = '10,000-mile-club'::text)", "Rows Removed by Filter": 134168}, {"Node Type": "Index Scan", "Parent Relationship": "Inner", "Scan Direction": "Forward", "Index Name": "keyword_id_movie_keyword", "Relation Name": "movie_keyword", "Alias": "mk", "Startup Cost": 0.0, "Total Cost": 136.88, "Plan Rows": 33, "Plan Width": 8, "Actual Startup Time": 0.015, "Actual Total Time": 0.016, "Actual Rows": 1, "Actual Loops": 1, "Index Cond": "(keyword_id = k.id)", "Rows Removed by Index Recheck": 0}]}, {"Node Type": "Index Scan", "Parent Relationship": "Inner", "Scan Direction": "Forward", "Index Name": "title_pkey", "Relation Name": "title", "Alias": "t1", "Startup Cost": 0.0, "Total Cost": 0.31, "Plan Rows": 1, "Plan Width": 21, "Actual Startup Time": 0.009, "Actual Total Time": 0.009, "Actual Rows": 1, "Actual Loops": 1, "Index Cond": "(id = mk.movie_id)", "Rows Removed by Index Recheck": 0}]}, {"Node Type": "Index Scan", "Parent Relationship": "Inner", "Scan Direction": "Forward", "Index Name": "movie_id_movie_link", "Relation Name": "movie_link", "Alias": "ml", "Startup Cost": 0.0, "Total Cost": 0.35, "Plan Rows": 5, "Plan Width": 12, "Actual Startup Time": 0.003, "Actual Total Time": 0.003, "Actual Rows": 0, "Actual Loops": 1, "Index Cond": "(movie_id = t1.id)", "Rows Removed by Index Recheck": 0}]}, {"Node Type": "Hash", "Parent Relationship": "Inner", "Startup Cost": 1.17, "Total Cost": 1.17, "Plan Rows": 17, "Plan Width": 16, "Actual Startup Time": 0.0, "Actual Total Time": 0.0, "Hash Buckets": 0, "Hash Batches": 0, "Original Hash Batches": 0, "Peak Memory Usage": 0, "Plans": [{"Node Type": "Seq Scan", "Parent Relationship": "Outer", "Relation Name": "link_type", "Alias": "lt", "Startup Cost": 0.0, "Total Cost": 1.17, "Plan Rows": 17, "Plan Width": 16, "Actual Startup Time": 0.0, "Actual Total Time": 0.0}]}]}, {"Node Type": "Index Scan", "Parent Relationship": "Inner", "Scan Direction": "Forward", "Index Name": "title_pkey", "Relation Name": "title", "Alias": "t2", "Startup Cost": 0.0, "Total Cost": 4.3, "Plan Rows": 1, "Plan Width": 21, "Actual Startup Time": 0.0, "Actual Total Time": 0.0, "Index Cond": "(id = ml.linked_movie_id)", "Rows Removed by Index Recheck": 0}]}]}, "Triggers": [], "Planner Runtime": 5, "Total Runtime": 41.389, "Unique SQL Id": 524435555}}, "(1, 41)": {"explain_plan": {"Plan": {"Node Type": "Aggregate", "Strategy": "Plain", "Startup Cost": 4051.57, "Total Cost": 4051.58, "Plan Rows": 1, "Plan Width": 142, "Plans": [{"Node Type": "Nested Loop", "Parent Relationship": "Outer", "Join Type": "Inner", "Startup Cost": 0.0, "Total Cost": 4050.42, "Plan Rows": 154, "Plan Width": 46, "Inner Unique": true, "Plans": [{"Node Type": "Nested Loop", "Parent Relationship": "Outer", "Join Type": "Inner", "Startup Cost": 0.0, "Total Cost": 3386.84, "Plan Rows": 154, "Plan Width": 33, "Inner Unique": true, "Plans": [{"Node Type": "Nested Loop", "Parent Relationship": "Outer", "Join Type": "Inner", "Startup Cost": 0.0, "Total Cost": 3343.66, "Plan Rows": 154, "Plan Width": 25, "Inner Unique": false, "Plans": [{"Node Type": "Nested Loop", "Parent Relationship": "Outer", "Join Type": "Inner", "Startup Cost": 0.0, "Total Cost": 3330.45, "Plan Rows": 33, "Plan Width": 25, "Inner Unique": true, "Plans": [{"Node Type": "Nested Loop", "Parent Relationship": "Outer", "Join Type": "Inner", "Startup Cost": 0.0, "Total Cost": 3319.92, "Plan Rows": 33, "Plan Width": 4, "Inner Unique": false, "Plans": [{"Node Type": "Index Scan", "Parent Relationship": "Outer", "Scan Direction": "Forward", "Index Name": "keyword_pkey", "Relation Name": "keyword", "Alias": "k", "Startup Cost": 0.0, "Total Cost": 3182.72, "Plan Rows": 1, "Plan Width": 4, "Filter": "((keyword)::text = '10,000-mile-club'::text)"}, {"Node Type": "Index Scan", "Parent Relationship": "Inner", "Scan Direction": "Forward", "Index Name": "keyword_id_movie_keyword", "Relation Name": "movie_keyword", "Alias": "mk", "Startup Cost": 0.0, "Total Cost": 136.88, "Plan Rows": 33, "Plan Width": 8, "Index Cond": "(keyword_id = k.id)"}]}, {"Node Type": "Index Scan", "Parent Relationship": "Inner", "Scan Direction": "Forward", "Index Name": "title_pkey", "Relation Name": "title", "Alias": "t1", "Startup Cost": 0.0, "Total Cost": 0.31, "Plan Rows": 1, "Plan Width": 21, "Index Cond": "(id = mk.movie_id)"}]}, {"Node Type": "Index Scan", "Parent Relationship": "Inner", "Scan Direction": "Forward", "Index Name": "movie_id_movie_link", "Relation Name": "movie_link", "Alias": "ml", "Startup Cost": 0.0, "Total Cost": 0.35, "Plan Rows": 5, "Plan Width": 12, "Index Cond": "(movie_id = t1.id)"}]}, {"Node Type": "Index Scan", "Parent Relationship": "Inner", "Scan Direction": "Forward", "Index Name": "link_type_pkey", "Relation Name": "link_type", "Alias": "lt", "Startup Cost": 0.0, "Total Cost": 0.27, "Plan Rows": 1, "Plan Width": 16, "Index Cond": "(id = ml.link_type_id)"}]}, {"Node Type": "Index Scan", "Parent Relationship": "Inner", "Scan Direction": "Forward", "Index Name": "title_pkey", "Relation Name": "title", "Alias": "t2", "Startup Cost": 0.0, "Total Cost": 4.3, "Plan Rows": 1, "Plan Width": 21, "Index Cond": "(id = ml.linked_movie_id)"}]}]}, "Unique SQL Id": 524435555, "Planner Runtime": 2}, "explain_analyze_plan": {"Plan": {"Node Type": "Aggregate", "Strategy": "Plain", "Startup Cost": 4051.57, "Total Cost": 4051.58, "Plan Rows": 1, "Plan Width": 142, "Actual Startup Time": 116.677, "Actual Total Time": 116.678, "Actual Rows": 1, "Actual Loops": 1, "Plans": [{"Node Type": "Nested Loop", "Parent Relationship": "Outer", "Join Type": "Inner", "Startup Cost": 0.0, "Total Cost": 4050.42, "Plan Rows": 154, "Plan Width": 46, "Actual Startup Time": 116.671, "Actual Total Time": 116.671, "Actual Rows": 0, "Actual Loops": 1, "Inner Unique": true, "Plans": [{"Node Type": "Nested Loop", "Parent Relationship": "Outer", "Join Type": "Inner", "Startup Cost": 0.0, "Total Cost": 3386.84, "Plan Rows": 154, "Plan Width": 33, "Actual Startup Time": 116.668, "Actual Total Time": 116.668, "Actual Rows": 0, "Actual Loops": 1, "Inner Unique": true, "Plans": [{"Node Type": "Nested Loop", "Parent Relationship": "Outer", "Join Type": "Inner", "Startup Cost": 0.0, "Total Cost": 3343.66, "Plan Rows": 154, "Plan Width": 25, "Actual Startup Time": 116.667, "Actual Total Time": 116.667, "Actual Rows": 0, "Actual Loops": 1, "Inner Unique": false, "Plans": [{"Node Type": "Nested Loop", "Parent Relationship": "Outer", "Join Type": "Inner", "Startup Cost": 0.0, "Total Cost": 3330.45, "Plan Rows": 33, "Plan Width": 25, "Actual Startup Time": 114.781, "Actual Total Time": 116.653, "Actual Rows": 1, "Actual Loops": 1, "Inner Unique": true, "Plans": [{"Node Type": "Nested Loop", "Parent Relationship": "Outer", "Join Type": "Inner", "Startup Cost": 0.0, "Total Cost": 3319.92, "Plan Rows": 33, "Plan Width": 4, "Actual Startup Time": 114.757, "Actual Total Time": 116.628, "Actual Rows": 1, "Actual Loops": 1, "Inner Unique": false, "Plans": [{"Node Type": "Index Scan", "Parent Relationship": "Outer", "Scan Direction": "Forward", "Index Name": "keyword_pkey", "Relation Name": "keyword", "Alias": "k", "Startup Cost": 0.0, "Total Cost": 3182.72, "Plan Rows": 1, "Plan Width": 4, "Actual Startup Time": 114.722, "Actual Total Time": 116.591, "Actual Rows": 1, "Actual Loops": 1, "Filter": "((keyword)::text = '10,000-mile-club'::text)", "Rows Removed by Filter": 134168}, {"Node Type": "Index Scan", "Parent Relationship": "Inner", "Scan Direction": "Forward", "Index Name": "keyword_id_movie_keyword", "Relation Name": "movie_keyword", "Alias": "mk", "Startup Cost": 0.0, "Total Cost": 136.88, "Plan Rows": 33, "Plan Width": 8, "Actual Startup Time": 0.023, "Actual Total Time": 0.023, "Actual Rows": 1, "Actual Loops": 1, "Index Cond": "(keyword_id = k.id)", "Rows Removed by Index Recheck": 0}]}, {"Node Type": "Index Scan", "Parent Relationship": "Inner", "Scan Direction": "Forward", "Index Name": "title_pkey", "Relation Name": "title", "Alias": "t1", "Startup Cost": 0.0, "Total Cost": 0.31, "Plan Rows": 1, "Plan Width": 21, "Actual Startup Time": 0.017, "Actual Total Time": 0.017, "Actual Rows": 1, "Actual Loops": 1, "Index Cond": "(id = mk.movie_id)", "Rows Removed by Index Recheck": 0}]}, {"Node Type": "Index Scan", "Parent Relationship": "Inner", "Scan Direction": "Forward", "Index Name": "movie_id_movie_link", "Relation Name": "movie_link", "Alias": "ml", "Startup Cost": 0.0, "Total Cost": 0.35, "Plan Rows": 5, "Plan Width": 12, "Actual Startup Time": 0.009, "Actual Total Time": 0.009, "Actual Rows": 0, "Actual Loops": 1, "Index Cond": "(movie_id = t1.id)", "Rows Removed by Index Recheck": 0}]}, {"Node Type": "Index Scan", "Parent Relationship": "Inner", "Scan Direction": "Forward", "Index Name": "link_type_pkey", "Relation Name": "link_type", "Alias": "lt", "Startup Cost": 0.0, "Total Cost": 0.27, "Plan Rows": 1, "Plan Width": 16, "Actual Startup Time": 0.0, "Actual Total Time": 0.0, "Index Cond": "(id = ml.link_type_id)", "Rows Removed by Index Recheck": 0}]}, {"Node Type": "Index Scan", "Parent Relationship": "Inner", "Scan Direction": "Forward", "Index Name": "title_pkey", "Relation Name": "title", "Alias": "t2", "Startup Cost": 0.0, "Total Cost": 4.3, "Plan Rows": 1, "Plan Width": 21, "Actual Startup Time": 0.0, "Actual Total Time": 0.0, "Index Cond": "(id = ml.linked_movie_id)", "Rows Removed by Index Recheck": 0}]}]}, "Triggers": [], "Planner Runtime": 2, "Total Runtime": 116.955, "Unique SQL Id": 524435555}}, "(1, 42)": {"explain_plan": {"Plan": {"Node Type": "Aggregate", "Strategy": "Plain", "Startup Cost": 216174.04, "Total Cost": 216174.05, "Plan Rows": 1, "Plan Width": 142, "Plans": [{"Node Type": "Nested Loop", "Parent Relationship": "Outer", "Join Type": "Inner", "Startup Cost": 146580.59, "Total Cost": 216172.88, "Plan Rows": 154, "Plan Width": 46, "Inner Unique": true, "Join Filter": "(ml.link_type_id = lt.id)", "Plans": [{"Node Type": "Hash Join", "Parent Relationship": "Outer", "Join Type": "Inner", "Startup Cost": 146580.59, "Total Cost": 216132.4, "Plan Rows": 154, "Plan Width": 38, "Inner Unique": false, "Hash Cond": "(t2.id = ml.linked_movie_id)", "Plans": [{"Node Type": "Seq Scan", "Parent Relationship": "Outer", "Relation Name": "title", "Alias": "t2", "Startup Cost": 0.0, "Total Cost": 60069.11, "Plan Rows": 2528311, "Plan Width": 21}, {"Node Type": "Hash", "Parent Relationship": "Inner", "Startup Cost": 146578.66, "Total Cost": 146578.66, "Plan Rows": 154, "Plan Width": 25, "Plans": [{"Node Type": "Hash Join", "Parent Relationship": "Outer", "Join Type": "Inner", "Startup Cost": 77022.17, "Total Cost": 146578.66, "Plan Rows": 154, "Plan Width": 25, "Inner Unique": false, "Hash Cond": "(t1.id = ml.movie_id)", "Plans": [{"Node Type": "Hash Join", "Parent Relationship": "Outer", "Join Type": "Inner", "Startup Cost": 76216.26, "Total Cost": 145766.86, "Plan Rows": 33, "Plan Width": 25, "Inner Unique": false, "Hash Cond": "(t1.id = mk.movie_id)", "Plans": [{"Node Type": "Seq Scan", "Parent Relationship": "Outer", "Relation Name": "title", "Alias": "t1", "Startup Cost": 0.0, "Total Cost": 60069.11, "Plan Rows": 2528311, "Plan Width": 21}, {"Node Type": "Hash", "Parent Relationship": "Inner", "Startup Cost": 76215.84, "Total Cost": 76215.84, "Plan Rows": 33, "Plan Width": 4, "Plans": [{"Node Type": "Hash Join", "Parent Relationship": "Outer", "Join Type": "Inner", "Startup Cost": 2436.12, "Total Cost": 76215.84, "Plan Rows": 33, "Plan Width": 4, "Inner Unique": true, "Hash Cond": "(mk.keyword_id = k.id)", "Plans": [{"Node Type": "Seq Scan", "Parent Relationship": "Outer", "Relation Name": "movie_keyword", "Alias": "mk", "Startup Cost": 0.0, "Total Cost": 62441.29, "Plan Rows": 4523929, "Plan Width": 8}, {"Node Type": "Hash", "Parent Relationship": "Inner", "Startup Cost": 2436.11, "Total Cost": 2436.11, "Plan Rows": 1, "Plan Width": 4, "Plans": [{"Node Type": "Seq Scan", "Parent Relationship": "Outer", "Relation Name": "keyword", "Alias": "k", "Startup Cost": 0.0, "Total Cost": 2436.11, "Plan Rows": 1, "Plan Width": 4, "Filter": "((keyword)::text = '10,000-mile-club'::text)"}]}]}]}]}, {"Node Type": "Hash", "Parent Relationship": "Inner", "Startup Cost": 430.96, "Total Cost": 430.96, "Plan Rows": 29996, "Plan Width": 12, "Plans": [{"Node Type": "Seq Scan", "Parent Relationship": "Outer", "Relation Name": "movie_link", "Alias": "ml", "Startup Cost": 0.0, "Total Cost": 430.96, "Plan Rows": 29996, "Plan Width": 12}]}]}]}]}, {"Node Type": "Materialize", "Parent Relationship": "Inner", "Startup Cost": 0.0, "Total Cost": 1.25, "Plan Rows": 17, "Plan Width": 16, "Plans": [{"Node Type": "Seq Scan", "Parent Relationship": "Outer", "Relation Name": "link_type", "Alias": "lt", "Startup Cost": 0.0, "Total Cost": 1.17, "Plan Rows": 17, "Plan Width": 16}]}]}]}, "Unique SQL Id": 524435555, "Planner Runtime": 7}, "explain_analyze_plan": null}, "(1, 43)": {"explain_plan": {"Plan": {"Node Type": "Aggregate", "Strategy": "Plain", "Startup Cost": 6000044963492.68, "Total Cost": 6000044963492.69, "Plan Rows": 1, "Plan Width": 142, "Plans": [{"Node Type": "Nested Loop", "Parent Relationship": "Outer", "Join Type": "Inner", "Startup Cost": 60000000000.0, "Total Cost": 6000044963491.52, "Plan Rows": 154, "Plan Width": 46, "Inner Unique": false, "Join Filter": "(ml.linked_movie_id = t2.id)", "Plans": [{"Node Type": "Index Scan", "Parent Relationship": "Outer", "Scan Direction": "Forward", "Index Name": "title_pkey", "Relation Name": "title", "Alias": "t2", "Startup Cost": 10000000000.0, "Total Cost": 1000011012048.91, "Plan Rows": 2528311, "Plan Width": 21}, {"Node Type": "Materialize", "Parent Relationship": "Inner", "Startup Cost": 50000000000.0, "Total Cost": 5000028111044.58, "Plan Rows": 154, "Plan Width": 33, "Plans": [{"Node Type": "Nested Loop", "Parent Relationship": "Outer", "Join Type": "Inner", "Startup Cost": 50000000000.0, "Total Cost": 5000028111043.81, "Plan Rows": 154, "Plan Width": 33, "Inner Unique": true, "Join Filter": "(ml.link_type_id = lt.id)", "Plans": [{"Node Type": "Nested Loop", "Parent Relationship": "Outer", "Join Type": "Inner", "Startup Cost": 40000000000.0, "Total Cost": 4000028109754.0, "Plan Rows": 154, "Plan Width": 25, "Inner Unique": false, "Join Filter": "(t1.id = ml.movie_id)", "Plans": [{"Node Type": "Index Scan", "Parent Relationship": "Outer", "Scan Direction": "Forward", "Index Name": "linked_movie_id_movie_link", "Relation Name": "movie_link", "Alias": "ml", "Startup Cost": 10000000000.0, "Total Cost": 1000000144578.17, "Plan Rows": 29996, "Plan Width": 12}, {"Node Type": "Materialize", "Parent Relationship": "Inner", "Startup Cost": 30000000000.0, "Total Cost": 3000027950327.9, "Plan Rows": 33, "Plan Width": 25, "Plans": [{"Node Type": "Nested Loop", "Parent Relationship": "Outer", "Join Type": "Inner", "Startup Cost": 30000000000.0, "Total Cost": 3000027950327.73, "Plan Rows": 33, "Plan Width": 25, "Inner Unique": false, "Join Filter": "(mk.movie_id = t1.id)", "Plans": [{"Node Type": "Index Scan", "Parent Relationship": "Outer", "Scan Direction": "Forward", "Index Name": "title_pkey", "Relation Name": "title", "Alias": "t1", "Startup Cost": 10000000000.0, "Total Cost": 1000011012048.91, "Plan Rows": 2528311, "Plan Width": 21}, {"Node Type": "Materialize", "Parent Relationship": "Inner", "Startup Cost": 20000000000.0, "Total Cost": 2000015686764.96, "Plan Rows": 33, "Plan Width": 4, "Plans": [{"Node Type": "Nested Loop", "Parent Relationship": "Outer", "Join Type": "Inner", "Startup Cost": 20000000000.0, "Total Cost": 2000015686764.79, "Plan Rows": 33, "Plan Width": 4, "Inner Unique": true, "Join Filter": "(k.id = mk.keyword_id)", "Plans": [{"Node Type": "Index Scan", "Parent Relationship": "Outer", "Scan Direction": "Forward", "Index Name": "movie_id_movie_keyword", "Relation Name": "movie_keyword", "Alias": "mk", "Startup Cost": 10000000000.0, "Total Cost": 1000015300634.17, "Plan Rows": 4523929, "Plan Width": 8}, {"Node Type": "Materialize", "Parent Relationship": "Inner", "Startup Cost": 10000000000.0, "Total Cost": 1000000318271.69, "Plan Rows": 1, "Plan Width": 4, "Plans": [{"Node Type": "Index Scan", "Parent Relationship": "Outer", "Scan Direction": "Forward", "Index Name": "keyword_pkey", "Relation Name": "keyword", "Alias": "k", "Startup Cost": 10000000000.0, "Total Cost": 1000000318271.68, "Plan Rows": 1, "Plan Width": 4, "Filter": "((keyword)::text = '10,000-mile-club'::text)"}]}]}]}]}]}]}, {"Node Type": "Materialize", "Parent Relationship": "Inner", "Startup Cost": 10000000000.0, "Total Cost": 1000000001250.58, "Plan Rows": 17, "Plan Width": 16, "Plans": [{"Node Type": "Index Scan", "Parent Relationship": "Outer", "Scan Direction": "Forward", "Index Name": "link_type_pkey", "Relation Name": "link_type", "Alias": "lt", "Startup Cost": 10000000000.0, "Total Cost": 1000000001250.5, "Plan Rows": 17, "Plan Width": 16}]}]}]}]}]}, "Unique SQL Id": 524435555, "Planner Runtime": 6}, "explain_analyze_plan": null}, "(1, 44)": {"explain_plan": {"Plan": {"Node Type": "Aggregate", "Strategy": "Plain", "Startup Cost": 3265.11, "Total Cost": 3265.12, "Plan Rows": 1, "Plan Width": 142, "Plans": [{"Node Type": "Nested Loop", "Parent Relationship": "Outer", "Join Type": "Inner", "Startup Cost": 1.38, "Total Cost": 3263.96, "Plan Rows": 154, "Plan Width": 46, "Inner Unique": true, "Plans": [{"Node Type": "Hash Join", "Parent Relationship": "Outer", "Join Type": "Inner", "Startup Cost": 1.38, "Total Cost": 2600.38, "Plan Rows": 154, "Plan Width": 33, "Inner Unique": true, "Hash Cond": "(ml.link_type_id = lt.id)", "Plans": [{"Node Type": "Nested Loop", "Parent Relationship": "Outer", "Join Type": "Inner", "Startup Cost": 0.0, "Total Cost": 2597.06, "Plan Rows": 154, "Plan Width": 25, "Inner Unique": false, "Plans": [{"Node Type": "Nested Loop", "Parent Relationship": "Outer", "Join Type": "Inner", "Startup Cost": 0.0, "Total Cost": 2583.84, "Plan Rows": 33, "Plan Width": 25, "Inner Unique": true, "Plans": [{"Node Type": "Nested Loop", "Parent Relationship": "Outer", "Join Type": "Inner", "Startup Cost": 0.0, "Total Cost": 2573.32, "Plan Rows": 33, "Plan Width": 4, "Inner Unique": false, "Plans": [{"Node Type": "Seq Scan", "Parent Relationship": "Outer", "Relation Name": "keyword", "Alias": "k", "Startup Cost": 0.0, "Total Cost": 2436.11, "Plan Rows": 1, "Plan Width": 4, "Filter": "((keyword)::text = '10,000-mile-club'::text)"}, {"Node Type": "Index Scan", "Parent Relationship": "Inner", "Scan Direction": "Forward", "Index Name": "keyword_id_movie_keyword", "Relation Name": "movie_keyword", "Alias": "mk", "Startup Cost": 0.0, "Total Cost": 136.88, "Plan Rows": 33, "Plan Width": 8, "Index Cond": "(keyword_id = k.id)"}]}, {"Node Type": "Index Scan", "Parent Relationship": "Inner", "Scan Direction": "Forward", "Index Name": "title_pkey", "Relation Name": "title", "Alias": "t1", "Startup Cost": 0.0, "Total Cost": 0.31, "Plan Rows": 1, "Plan Width": 21, "Index Cond": "(id = mk.movie_id)"}]}, {"Node Type": "Index Scan", "Parent Relationship": "Inner", "Scan Direction": "Forward", "Index Name": "movie_id_movie_link", "Relation Name": "movie_link", "Alias": "ml", "Startup Cost": 0.0, "Total Cost": 0.35, "Plan Rows": 5, "Plan Width": 12, "Index Cond": "(movie_id = t1.id)"}]}, {"Node Type": "Hash", "Parent Relationship": "Inner", "Startup Cost": 1.17, "Total Cost": 1.17, "Plan Rows": 17, "Plan Width": 16, "Plans": [{"Node Type": "Seq Scan", "Parent Relationship": "Outer", "Relation Name": "link_type", "Alias": "lt", "Startup Cost": 0.0, "Total Cost": 1.17, "Plan Rows": 17, "Plan Width": 16}]}]}, {"Node Type": "Index Scan", "Parent Relationship": "Inner", "Scan Direction": "Forward", "Index Name": "title_pkey", "Relation Name": "title", "Alias": "t2", "Startup Cost": 0.0, "Total Cost": 4.3, "Plan Rows": 1, "Plan Width": 21, "Index Cond": "(id = ml.linked_movie_id)"}]}]}, "Unique SQL Id": 524435555, "Planner Runtime": 5}, "explain_analyze_plan": {"Plan": {"Node Type": "Aggregate", "Strategy": "Plain", "Startup Cost": 3265.11, "Total Cost": 3265.12, "Plan Rows": 1, "Plan Width": 142, "Actual Startup Time": 41.179, "Actual Total Time": 41.179, "Actual Rows": 1, "Actual Loops": 1, "Plans": [{"Node Type": "Nested Loop", "Parent Relationship": "Outer", "Join Type": "Inner", "Startup Cost": 1.38, "Total Cost": 3263.96, "Plan Rows": 154, "Plan Width": 46, "Actual Startup Time": 41.172, "Actual Total Time": 41.172, "Actual Rows": 0, "Actual Loops": 1, "Inner Unique": true, "Plans": [{"Node Type": "Hash Join", "Parent Relationship": "Outer", "Join Type": "Inner", "Startup Cost": 1.38, "Total Cost": 2600.38, "Plan Rows": 154, "Plan Width": 33, "Actual Startup Time": 41.171, "Actual Total Time": 41.171, "Actual Rows": 0, "Actual Loops": 1, "Inner Unique": true, "Hash Cond": "(ml.link_type_id = lt.id)", "Plans": [{"Node Type": "Nested Loop", "Parent Relationship": "Outer", "Join Type": "Inner", "Startup Cost": 0.0, "Total Cost": 2597.06, "Plan Rows": 154, "Plan Width": 25, "Actual Startup Time": 41.165, "Actual Total Time": 41.165, "Actual Rows": 0, "Actual Loops": 1, "Inner Unique": false, "Plans": [{"Node Type": "Nested Loop", "Parent Relationship": "Outer", "Join Type": "Inner", "Startup Cost": 0.0, "Total Cost": 2583.84, "Plan Rows": 33, "Plan Width": 25, "Actual Startup Time": 40.28, "Actual Total Time": 41.161, "Actual Rows": 1, "Actual Loops": 1, "Inner Unique": true, "Plans": [{"Node Type": "Nested Loop", "Parent Relationship": "Outer", "Join Type": "Inner", "Startup Cost": 0.0, "Total Cost": 2573.32, "Plan Rows": 33, "Plan Width": 4, "Actual Startup Time": 40.268, "Actual Total Time": 41.149, "Actual Rows": 1, "Actual Loops": 1, "Inner Unique": false, "Plans": [{"Node Type": "Seq Scan", "Parent Relationship": "Outer", "Relation Name": "keyword", "Alias": "k", "Startup Cost": 0.0, "Total Cost": 2436.11, "Plan Rows": 1, "Plan Width": 4, "Actual Startup Time": 40.247, "Actual Total Time": 41.126, "Actual Rows": 1, "Actual Loops": 1, "Filter": "((keyword)::text = '10,000-mile-club'::text)", "Rows Removed by Filter": 134168}, {"Node Type": "Index Scan", "Parent Relationship": "Inner", "Scan Direction": "Forward", "Index Name": "keyword_id_movie_keyword", "Relation Name": "movie_keyword", "Alias": "mk", "Startup Cost": 0.0, "Total Cost": 136.88, "Plan Rows": 33, "Plan Width": 8, "Actual Startup Time": 0.015, "Actual Total Time": 0.016, "Actual Rows": 1, "Actual Loops": 1, "Index Cond": "(keyword_id = k.id)", "Rows Removed by Index Recheck": 0}]}, {"Node Type": "Index Scan", "Parent Relationship": "Inner", "Scan Direction": "Forward", "Index Name": "title_pkey", "Relation Name": "title", "Alias": "t1", "Startup Cost": 0.0, "Total Cost": 0.31, "Plan Rows": 1, "Plan Width": 21, "Actual Startup Time": 0.009, "Actual Total Time": 0.009, "Actual Rows": 1, "Actual Loops": 1, "Index Cond": "(id = mk.movie_id)", "Rows Removed by Index Recheck": 0}]}, {"Node Type": "Index Scan", "Parent Relationship": "Inner", "Scan Direction": "Forward", "Index Name": "movie_id_movie_link", "Relation Name": "movie_link", "Alias": "ml", "Startup Cost": 0.0, "Total Cost": 0.35, "Plan Rows": 5, "Plan Width": 12, "Actual Startup Time": 0.003, "Actual Total Time": 0.003, "Actual Rows": 0, "Actual Loops": 1, "Index Cond": "(movie_id = t1.id)", "Rows Removed by Index Recheck": 0}]}, {"Node Type": "Hash", "Parent Relationship": "Inner", "Startup Cost": 1.17, "Total Cost": 1.17, "Plan Rows": 17, "Plan Width": 16, "Actual Startup Time": 0.0, "Actual Total Time": 0.0, "Hash Buckets": 0, "Hash Batches": 0, "Original Hash Batches": 0, "Peak Memory Usage": 0, "Plans": [{"Node Type": "Seq Scan", "Parent Relationship": "Outer", "Relation Name": "link_type", "Alias": "lt", "Startup Cost": 0.0, "Total Cost": 1.17, "Plan Rows": 17, "Plan Width": 16, "Actual Startup Time": 0.0, "Actual Total Time": 0.0}]}]}, {"Node Type": "Index Scan", "Parent Relationship": "Inner", "Scan Direction": "Forward", "Index Name": "title_pkey", "Relation Name": "title", "Alias": "t2", "Startup Cost": 0.0, "Total Cost": 4.3, "Plan Rows": 1, "Plan Width": 21, "Actual Startup Time": 0.0, "Actual Total Time": 0.0, "Index Cond": "(id = ml.linked_movie_id)", "Rows Removed by Index Recheck": 0}]}]}, "Triggers": [], "Planner Runtime": 5, "Total Runtime": 41.389, "Unique SQL Id": 524435555}}, "(1, 45)": {"explain_plan": {"Plan": {"Node Type": "Aggregate", "Strategy": "Plain", "Startup Cost": 4051.57, "Total Cost": 4051.58, "Plan Rows": 1, "Plan Width": 142, "Plans": [{"Node Type": "Nested Loop", "Parent Relationship": "Outer", "Join Type": "Inner", "Startup Cost": 0.0, "Total Cost": 4050.42, "Plan Rows": 154, "Plan Width": 46, "Inner Unique": true, "Plans": [{"Node Type": "Nested Loop", "Parent Relationship": "Outer", "Join Type": "Inner", "Startup Cost": 0.0, "Total Cost": 3386.84, "Plan Rows": 154, "Plan Width": 33, "Inner Unique": true, "Plans": [{"Node Type": "Nested Loop", "Parent Relationship": "Outer", "Join Type": "Inner", "Startup Cost": 0.0, "Total Cost": 3343.66, "Plan Rows": 154, "Plan Width": 25, "Inner Unique": false, "Plans": [{"Node Type": "Nested Loop", "Parent Relationship": "Outer", "Join Type": "Inner", "Startup Cost": 0.0, "Total Cost": 3330.45, "Plan Rows": 33, "Plan Width": 25, "Inner Unique": true, "Plans": [{"Node Type": "Nested Loop", "Parent Relationship": "Outer", "Join Type": "Inner", "Startup Cost": 0.0, "Total Cost": 3319.92, "Plan Rows": 33, "Plan Width": 4, "Inner Unique": false, "Plans": [{"Node Type": "Index Scan", "Parent Relationship": "Outer", "Scan Direction": "Forward", "Index Name": "keyword_pkey", "Relation Name": "keyword", "Alias": "k", "Startup Cost": 0.0, "Total Cost": 3182.72, "Plan Rows": 1, "Plan Width": 4, "Filter": "((keyword)::text = '10,000-mile-club'::text)"}, {"Node Type": "Index Scan", "Parent Relationship": "Inner", "Scan Direction": "Forward", "Index Name": "keyword_id_movie_keyword", "Relation Name": "movie_keyword", "Alias": "mk", "Startup Cost": 0.0, "Total Cost": 136.88, "Plan Rows": 33, "Plan Width": 8, "Index Cond": "(keyword_id = k.id)"}]}, {"Node Type": "Index Scan", "Parent Relationship": "Inner", "Scan Direction": "Forward", "Index Name": "title_pkey", "Relation Name": "title", "Alias": "t1", "Startup Cost": 0.0, "Total Cost": 0.31, "Plan Rows": 1, "Plan Width": 21, "Index Cond": "(id = mk.movie_id)"}]}, {"Node Type": "Index Scan", "Parent Relationship": "Inner", "Scan Direction": "Forward", "Index Name": "movie_id_movie_link", "Relation Name": "movie_link", "Alias": "ml", "Startup Cost": 0.0, "Total Cost": 0.35, "Plan Rows": 5, "Plan Width": 12, "Index Cond": "(movie_id = t1.id)"}]}, {"Node Type": "Index Scan", "Parent Relationship": "Inner", "Scan Direction": "Forward", "Index Name": "link_type_pkey", "Relation Name": "link_type", "Alias": "lt", "Startup Cost": 0.0, "Total Cost": 0.27, "Plan Rows": 1, "Plan Width": 16, "Index Cond": "(id = ml.link_type_id)"}]}, {"Node Type": "Index Scan", "Parent Relationship": "Inner", "Scan Direction": "Forward", "Index Name": "title_pkey", "Relation Name": "title", "Alias": "t2", "Startup Cost": 0.0, "Total Cost": 4.3, "Plan Rows": 1, "Plan Width": 21, "Index Cond": "(id = ml.linked_movie_id)"}]}]}, "Unique SQL Id": 524435555, "Planner Runtime": 2}, "explain_analyze_plan": {"Plan": {"Node Type": "Aggregate", "Strategy": "Plain", "Startup Cost": 4051.57, "Total Cost": 4051.58, "Plan Rows": 1, "Plan Width": 142, "Actual Startup Time": 116.677, "Actual Total Time": 116.678, "Actual Rows": 1, "Actual Loops": 1, "Plans": [{"Node Type": "Nested Loop", "Parent Relationship": "Outer", "Join Type": "Inner", "Startup Cost": 0.0, "Total Cost": 4050.42, "Plan Rows": 154, "Plan Width": 46, "Actual Startup Time": 116.671, "Actual Total Time": 116.671, "Actual Rows": 0, "Actual Loops": 1, "Inner Unique": true, "Plans": [{"Node Type": "Nested Loop", "Parent Relationship": "Outer", "Join Type": "Inner", "Startup Cost": 0.0, "Total Cost": 3386.84, "Plan Rows": 154, "Plan Width": 33, "Actual Startup Time": 116.668, "Actual Total Time": 116.668, "Actual Rows": 0, "Actual Loops": 1, "Inner Unique": true, "Plans": [{"Node Type": "Nested Loop", "Parent Relationship": "Outer", "Join Type": "Inner", "Startup Cost": 0.0, "Total Cost": 3343.66, "Plan Rows": 154, "Plan Width": 25, "Actual Startup Time": 116.667, "Actual Total Time": 116.667, "Actual Rows": 0, "Actual Loops": 1, "Inner Unique": false, "Plans": [{"Node Type": "Nested Loop", "Parent Relationship": "Outer", "Join Type": "Inner", "Startup Cost": 0.0, "Total Cost": 3330.45, "Plan Rows": 33, "Plan Width": 25, "Actual Startup Time": 114.781, "Actual Total Time": 116.653, "Actual Rows": 1, "Actual Loops": 1, "Inner Unique": true, "Plans": [{"Node Type": "Nested Loop", "Parent Relationship": "Outer", "Join Type": "Inner", "Startup Cost": 0.0, "Total Cost": 3319.92, "Plan Rows": 33, "Plan Width": 4, "Actual Startup Time": 114.757, "Actual Total Time": 116.628, "Actual Rows": 1, "Actual Loops": 1, "Inner Unique": false, "Plans": [{"Node Type": "Index Scan", "Parent Relationship": "Outer", "Scan Direction": "Forward", "Index Name": "keyword_pkey", "Relation Name": "keyword", "Alias": "k", "Startup Cost": 0.0, "Total Cost": 3182.72, "Plan Rows": 1, "Plan Width": 4, "Actual Startup Time": 114.722, "Actual Total Time": 116.591, "Actual Rows": 1, "Actual Loops": 1, "Filter": "((keyword)::text = '10,000-mile-club'::text)", "Rows Removed by Filter": 134168}, {"Node Type": "Index Scan", "Parent Relationship": "Inner", "Scan Direction": "Forward", "Index Name": "keyword_id_movie_keyword", "Relation Name": "movie_keyword", "Alias": "mk", "Startup Cost": 0.0, "Total Cost": 136.88, "Plan Rows": 33, "Plan Width": 8, "Actual Startup Time": 0.023, "Actual Total Time": 0.023, "Actual Rows": 1, "Actual Loops": 1, "Index Cond": "(keyword_id = k.id)", "Rows Removed by Index Recheck": 0}]}, {"Node Type": "Index Scan", "Parent Relationship": "Inner", "Scan Direction": "Forward", "Index Name": "title_pkey", "Relation Name": "title", "Alias": "t1", "Startup Cost": 0.0, "Total Cost": 0.31, "Plan Rows": 1, "Plan Width": 21, "Actual Startup Time": 0.017, "Actual Total Time": 0.017, "Actual Rows": 1, "Actual Loops": 1, "Index Cond": "(id = mk.movie_id)", "Rows Removed by Index Recheck": 0}]}, {"Node Type": "Index Scan", "Parent Relationship": "Inner", "Scan Direction": "Forward", "Index Name": "movie_id_movie_link", "Relation Name": "movie_link", "Alias": "ml", "Startup Cost": 0.0, "Total Cost": 0.35, "Plan Rows": 5, "Plan Width": 12, "Actual Startup Time": 0.009, "Actual Total Time": 0.009, "Actual Rows": 0, "Actual Loops": 1, "Index Cond": "(movie_id = t1.id)", "Rows Removed by Index Recheck": 0}]}, {"Node Type": "Index Scan", "Parent Relationship": "Inner", "Scan Direction": "Forward", "Index Name": "link_type_pkey", "Relation Name": "link_type", "Alias": "lt", "Startup Cost": 0.0, "Total Cost": 0.27, "Plan Rows": 1, "Plan Width": 16, "Actual Startup Time": 0.0, "Actual Total Time": 0.0, "Index Cond": "(id = ml.link_type_id)", "Rows Removed by Index Recheck": 0}]}, {"Node Type": "Index Scan", "Parent Relationship": "Inner", "Scan Direction": "Forward", "Index Name": "title_pkey", "Relation Name": "title", "Alias": "t2", "Startup Cost": 0.0, "Total Cost": 4.3, "Plan Rows": 1, "Plan Width": 21, "Actual Startup Time": 0.0, "Actual Total Time": 0.0, "Index Cond": "(id = ml.linked_movie_id)", "Rows Removed by Index Recheck": 0}]}]}, "Triggers": [], "Planner Runtime": 2, "Total Runtime": 116.955, "Unique SQL Id": 524435555}}, "(1, 46)": {"explain_plan": {"Plan": {"Node Type": "Aggregate", "Strategy": "Plain", "Startup Cost": 216174.04, "Total Cost": 216174.05, "Plan Rows": 1, "Plan Width": 142, "Plans": [{"Node Type": "Nested Loop", "Parent Relationship": "Outer", "Join Type": "Inner", "Startup Cost": 146580.59, "Total Cost": 216172.88, "Plan Rows": 154, "Plan Width": 46, "Inner Unique": true, "Join Filter": "(ml.link_type_id = lt.id)", "Plans": [{"Node Type": "Hash Join", "Parent Relationship": "Outer", "Join Type": "Inner", "Startup Cost": 146580.59, "Total Cost": 216132.4, "Plan Rows": 154, "Plan Width": 38, "Inner Unique": false, "Hash Cond": "(t2.id = ml.linked_movie_id)", "Plans": [{"Node Type": "Seq Scan", "Parent Relationship": "Outer", "Relation Name": "title", "Alias": "t2", "Startup Cost": 0.0, "Total Cost": 60069.11, "Plan Rows": 2528311, "Plan Width": 21}, {"Node Type": "Hash", "Parent Relationship": "Inner", "Startup Cost": 146578.66, "Total Cost": 146578.66, "Plan Rows": 154, "Plan Width": 25, "Plans": [{"Node Type": "Hash Join", "Parent Relationship": "Outer", "Join Type": "Inner", "Startup Cost": 77022.17, "Total Cost": 146578.66, "Plan Rows": 154, "Plan Width": 25, "Inner Unique": false, "Hash Cond": "(t1.id = ml.movie_id)", "Plans": [{"Node Type": "Hash Join", "Parent Relationship": "Outer", "Join Type": "Inner", "Startup Cost": 76216.26, "Total Cost": 145766.86, "Plan Rows": 33, "Plan Width": 25, "Inner Unique": false, "Hash Cond": "(t1.id = mk.movie_id)", "Plans": [{"Node Type": "Seq Scan", "Parent Relationship": "Outer", "Relation Name": "title", "Alias": "t1", "Startup Cost": 0.0, "Total Cost": 60069.11, "Plan Rows": 2528311, "Plan Width": 21}, {"Node Type": "Hash", "Parent Relationship": "Inner", "Startup Cost": 76215.84, "Total Cost": 76215.84, "Plan Rows": 33, "Plan Width": 4, "Plans": [{"Node Type": "Hash Join", "Parent Relationship": "Outer", "Join Type": "Inner", "Startup Cost": 2436.12, "Total Cost": 76215.84, "Plan Rows": 33, "Plan Width": 4, "Inner Unique": true, "Hash Cond": "(mk.keyword_id = k.id)", "Plans": [{"Node Type": "Seq Scan", "Parent Relationship": "Outer", "Relation Name": "movie_keyword", "Alias": "mk", "Startup Cost": 0.0, "Total Cost": 62441.29, "Plan Rows": 4523929, "Plan Width": 8}, {"Node Type": "Hash", "Parent Relationship": "Inner", "Startup Cost": 2436.11, "Total Cost": 2436.11, "Plan Rows": 1, "Plan Width": 4, "Plans": [{"Node Type": "Seq Scan", "Parent Relationship": "Outer", "Relation Name": "keyword", "Alias": "k", "Startup Cost": 0.0, "Total Cost": 2436.11, "Plan Rows": 1, "Plan Width": 4, "Filter": "((keyword)::text = '10,000-mile-club'::text)"}]}]}]}]}, {"Node Type": "Hash", "Parent Relationship": "Inner", "Startup Cost": 430.96, "Total Cost": 430.96, "Plan Rows": 29996, "Plan Width": 12, "Plans": [{"Node Type": "Seq Scan", "Parent Relationship": "Outer", "Relation Name": "movie_link", "Alias": "ml", "Startup Cost": 0.0, "Total Cost": 430.96, "Plan Rows": 29996, "Plan Width": 12}]}]}]}]}, {"Node Type": "Materialize", "Parent Relationship": "Inner", "Startup Cost": 0.0, "Total Cost": 1.25, "Plan Rows": 17, "Plan Width": 16, "Plans": [{"Node Type": "Seq Scan", "Parent Relationship": "Outer", "Relation Name": "link_type", "Alias": "lt", "Startup Cost": 0.0, "Total Cost": 1.17, "Plan Rows": 17, "Plan Width": 16}]}]}]}, "Unique SQL Id": 524435555, "Planner Runtime": 7}, "explain_analyze_plan": null}, "(1, 47)": {"explain_plan": {"Plan": {"Node Type": "Aggregate", "Strategy": "Plain", "Startup Cost": 6000044963492.68, "Total Cost": 6000044963492.69, "Plan Rows": 1, "Plan Width": 142, "Plans": [{"Node Type": "Nested Loop", "Parent Relationship": "Outer", "Join Type": "Inner", "Startup Cost": 60000000000.0, "Total Cost": 6000044963491.52, "Plan Rows": 154, "Plan Width": 46, "Inner Unique": false, "Join Filter": "(ml.linked_movie_id = t2.id)", "Plans": [{"Node Type": "Index Scan", "Parent Relationship": "Outer", "Scan Direction": "Forward", "Index Name": "title_pkey", "Relation Name": "title", "Alias": "t2", "Startup Cost": 10000000000.0, "Total Cost": 1000011012048.91, "Plan Rows": 2528311, "Plan Width": 21}, {"Node Type": "Materialize", "Parent Relationship": "Inner", "Startup Cost": 50000000000.0, "Total Cost": 5000028111044.58, "Plan Rows": 154, "Plan Width": 33, "Plans": [{"Node Type": "Nested Loop", "Parent Relationship": "Outer", "Join Type": "Inner", "Startup Cost": 50000000000.0, "Total Cost": 5000028111043.81, "Plan Rows": 154, "Plan Width": 33, "Inner Unique": true, "Join Filter": "(ml.link_type_id = lt.id)", "Plans": [{"Node Type": "Nested Loop", "Parent Relationship": "Outer", "Join Type": "Inner", "Startup Cost": 40000000000.0, "Total Cost": 4000028109754.0, "Plan Rows": 154, "Plan Width": 25, "Inner Unique": false, "Join Filter": "(t1.id = ml.movie_id)", "Plans": [{"Node Type": "Index Scan", "Parent Relationship": "Outer", "Scan Direction": "Forward", "Index Name": "linked_movie_id_movie_link", "Relation Name": "movie_link", "Alias": "ml", "Startup Cost": 10000000000.0, "Total Cost": 1000000144578.17, "Plan Rows": 29996, "Plan Width": 12}, {"Node Type": "Materialize", "Parent Relationship": "Inner", "Startup Cost": 30000000000.0, "Total Cost": 3000027950327.9, "Plan Rows": 33, "Plan Width": 25, "Plans": [{"Node Type": "Nested Loop", "Parent Relationship": "Outer", "Join Type": "Inner", "Startup Cost": 30000000000.0, "Total Cost": 3000027950327.73, "Plan Rows": 33, "Plan Width": 25, "Inner Unique": false, "Join Filter": "(mk.movie_id = t1.id)", "Plans": [{"Node Type": "Index Scan", "Parent Relationship": "Outer", "Scan Direction": "Forward", "Index Name": "title_pkey", "Relation Name": "title", "Alias": "t1", "Startup Cost": 10000000000.0, "Total Cost": 1000011012048.91, "Plan Rows": 2528311, "Plan Width": 21}, {"Node Type": "Materialize", "Parent Relationship": "Inner", "Startup Cost": 20000000000.0, "Total Cost": 2000015686764.96, "Plan Rows": 33, "Plan Width": 4, "Plans": [{"Node Type": "Nested Loop", "Parent Relationship": "Outer", "Join Type": "Inner", "Startup Cost": 20000000000.0, "Total Cost": 2000015686764.79, "Plan Rows": 33, "Plan Width": 4, "Inner Unique": true, "Join Filter": "(k.id = mk.keyword_id)", "Plans": [{"Node Type": "Index Scan", "Parent Relationship": "Outer", "Scan Direction": "Forward", "Index Name": "movie_id_movie_keyword", "Relation Name": "movie_keyword", "Alias": "mk", "Startup Cost": 10000000000.0, "Total Cost": 1000015300634.17, "Plan Rows": 4523929, "Plan Width": 8}, {"Node Type": "Materialize", "Parent Relationship": "Inner", "Startup Cost": 10000000000.0, "Total Cost": 1000000318271.69, "Plan Rows": 1, "Plan Width": 4, "Plans": [{"Node Type": "Index Scan", "Parent Relationship": "Outer", "Scan Direction": "Forward", "Index Name": "keyword_pkey", "Relation Name": "keyword", "Alias": "k", "Startup Cost": 10000000000.0, "Total Cost": 1000000318271.68, "Plan Rows": 1, "Plan Width": 4, "Filter": "((keyword)::text = '10,000-mile-club'::text)"}]}]}]}]}]}]}, {"Node Type": "Materialize", "Parent Relationship": "Inner", "Startup Cost": 10000000000.0, "Total Cost": 1000000001250.58, "Plan Rows": 17, "Plan Width": 16, "Plans": [{"Node Type": "Index Scan", "Parent Relationship": "Outer", "Scan Direction": "Forward", "Index Name": "link_type_pkey", "Relation Name": "link_type", "Alias": "lt", "Startup Cost": 10000000000.0, "Total Cost": 1000000001250.5, "Plan Rows": 17, "Plan Width": 16}]}]}]}]}]}, "Unique SQL Id": 524435555, "Planner Runtime": 6}, "explain_analyze_plan": null}, "(1, 48)": {"explain_plan": {"Plan": {"Node Type": "Aggregate", "Strategy": "Plain", "Startup Cost": 3297.98, "Total Cost": 3297.99, "Plan Rows": 1, "Plan Width": 142, "Plans": [{"Node Type": "Nested Loop", "Parent Relationship": "Outer", "Join Type": "Inner", "Startup Cost": 4.51, "Total Cost": 3296.82, "Plan Rows": 154, "Plan Width": 46, "Inner Unique": true, "Plans": [{"Node Type": "Nested Loop", "Parent Relationship": "Outer", "Join Type": "Inner", "Startup Cost": 4.51, "Total Cost": 2633.25, "Plan Rows": 154, "Plan Width": 33, "Inner Unique": true, "Join Filter": "(ml.link_type_id = lt.id)", "Plans": [{"Node Type": "Nested Loop", "Parent Relationship": "Outer", "Join Type": "Inner", "Startup Cost": 4.51, "Total Cost": 2592.76, "Plan Rows": 154, "Plan Width": 25, "Inner Unique": false, "Plans": [{"Node Type": "Nested Loop", "Parent Relationship": "Outer", "Join Type": "Inner", "Startup Cost": 4.51, "Total Cost": 2579.55, "Plan Rows": 33, "Plan Width": 25, "Inner Unique": true, "Plans": [{"Node Type": "Nested Loop", "Parent Relationship": "Outer", "Join Type": "Inner", "Startup Cost": 4.51, "Total Cost": 2569.02, "Plan Rows": 33, "Plan Width": 4, "Inner Unique": false, "Plans": [{"Node Type": "Seq Scan", "Parent Relationship": "Outer", "Relation Name": "keyword", "Alias": "k", "Startup Cost": 0.0, "Total Cost": 2436.11, "Plan Rows": 1, "Plan Width": 4, "Filter": "((keyword)::text = '10,000-mile-club'::text)"}, {"Node Type": "Bitmap Heap Scan", "Parent Relationship": "Inner", "Relation Name": "movie_keyword", "Alias": "mk", "Startup Cost": 4.51, "Total Cost": 132.58, "Plan Rows": 33, "Plan Width": 8, "Recheck Cond": "(keyword_id = k.id)", "Plans": [{"Node Type": "Bitmap Index Scan", "Parent Relationship": "Outer", "Index Name": "keyword_id_movie_keyword", "Startup Cost": 0.0, "Total Cost": 4.5, "Plan Rows": 33, "Plan Width": 0, "Index Cond": "(keyword_id = k.id)"}]}]}, {"Node Type": "Index Scan", "Parent Relationship": "Inner", "Scan Direction": "Forward", "Index Name": "title_pkey", "Relation Name": "title", "Alias": "t1", "Startup Cost": 0.0, "Total Cost": 0.31, "Plan Rows": 1, "Plan Width": 21, "Index Cond": "(id = mk.movie_id)"}]}, {"Node Type": "Index Scan", "Parent Relationship": "Inner", "Scan Direction": "Forward", "Index Name": "movie_id_movie_link", "Relation Name": "movie_link", "Alias": "ml", "Startup Cost": 0.0, "Total Cost": 0.35, "Plan Rows": 5, "Plan Width": 12, "Index Cond": "(movie_id = t1.id)"}]}, {"Node Type": "Materialize", "Parent Relationship": "Inner", "Startup Cost": 0.0, "Total Cost": 1.25, "Plan Rows": 17, "Plan Width": 16, "Plans": [{"Node Type": "Seq Scan", "Parent Relationship": "Outer", "Relation Name": "link_type", "Alias": "lt", "Startup Cost": 0.0, "Total Cost": 1.17, "Plan Rows": 17, "Plan Width": 16}]}]}, {"Node Type": "Index Scan", "Parent Relationship": "Inner", "Scan Direction": "Forward", "Index Name": "title_pkey", "Relation Name": "title", "Alias": "t2", "Startup Cost": 0.0, "Total Cost": 4.3, "Plan Rows": 1, "Plan Width": 21, "Index Cond": "(id = ml.linked_movie_id)"}]}]}, "Unique SQL Id": 524435555, "Planner Runtime": 2}, "explain_analyze_plan": {"Plan": {"Node Type": "Aggregate", "Strategy": "Plain", "Startup Cost": 3297.98, "Total Cost": 3297.99, "Plan Rows": 1, "Plan Width": 142, "Actual Startup Time": 41.267, "Actual Total Time": 41.267, "Actual Rows": 1, "Actual Loops": 1, "Plans": [{"Node Type": "Nested Loop", "Parent Relationship": "Outer", "Join Type": "Inner", "Startup Cost": 4.51, "Total Cost": 3296.82, "Plan Rows": 154, "Plan Width": 46, "Actual Startup Time": 41.259, "Actual Total Time": 41.259, "Actual Rows": 0, "Actual Loops": 1, "Inner Unique": true, "Plans": [{"Node Type": "Nested Loop", "Parent Relationship": "Outer", "Join Type": "Inner", "Startup Cost": 4.51, "Total Cost": 2633.25, "Plan Rows": 154, "Plan Width": 33, "Actual Startup Time": 41.259, "Actual Total Time": 41.259, "Actual Rows": 0, "Actual Loops": 1, "Inner Unique": true, "Join Filter": "(ml.link_type_id = lt.id)", "Rows Removed by Join Filter": 0, "Plans": [{"Node Type": "Nested Loop", "Parent Relationship": "Outer", "Join Type": "Inner", "Startup Cost": 4.51, "Total Cost": 2592.76, "Plan Rows": 154, "Plan Width": 25, "Actual Startup Time": 41.258, "Actual Total Time": 41.258, "Actual Rows": 0, "Actual Loops": 1, "Inner Unique": false, "Plans": [{"Node Type": "Nested Loop", "Parent Relationship": "Outer", "Join Type": "Inner", "Startup Cost": 4.51, "Total Cost": 2579.55, "Plan Rows": 33, "Plan Width": 25, "Actual Startup Time": 40.369, "Actual Total Time": 41.252, "Actual Rows": 1, "Actual Loops": 1, "Inner Unique": true, "Plans": [{"Node Type": "Nested Loop", "Parent Relationship": "Outer", "Join Type": "Inner", "Startup Cost": 4.51, "Total Cost": 2569.02, "Plan Rows": 33, "Plan Width": 4, "Actual Startup Time": 40.355, "Actual Total Time": 41.238, "Actual Rows": 1, "Actual Loops": 1, "Inner Unique": false, "Plans": [{"Node Type": "Seq Scan", "Parent Relationship": "Outer", "Relation Name": "keyword", "Alias": "k", "Startup Cost": 0.0, "Total Cost": 2436.11, "Plan Rows": 1, "Plan Width": 4, "Actual Startup Time": 40.318, "Actual Total Time": 41.199, "Actual Rows": 1, "Actual Loops": 1, "Filter": "((keyword)::text = '10,000-mile-club'::text)", "Rows Removed by Filter": 134168}, {"Node Type": "Bitmap Heap Scan", "Parent Relationship": "Inner", "Relation Name": "movie_keyword", "Alias": "mk", "Startup Cost": 4.51, "Total Cost": 132.58, "Plan Rows": 33, "Plan Width": 8, "Actual Startup Time": 0.028, "Actual Total Time": 0.029, "Actual Rows": 1, "Actual Loops": 1, "Recheck Cond": "(keyword_id = k.id)", "Rows Removed by Index Recheck": 0, "Exact Heap Blocks": 1, "Lossy Heap Blocks": 1, "Plans": [{"Node Type": "Bitmap Index Scan", "Parent Relationship": "Outer", "Index Name": "keyword_id_movie_keyword", "Startup Cost": 0.0, "Total Cost": 4.5, "Plan Rows": 33, "Plan Width": 0, "Actual Startup Time": 0.016, "Actual Total Time": 0.016, "Actual Rows": 1, "Actual Loops": 1, "Index Cond": "(keyword_id = k.id)"}]}]}, {"Node Type": "Index Scan", "Parent Relationship": "Inner", "Scan Direction": "Forward", "Index Name": "title_pkey", "Relation Name": "title", "Alias": "t1", "Startup Cost": 0.0, "Total Cost": 0.31, "Plan Rows": 1, "Plan Width": 21, "Actual Startup Time": 0.013, "Actual Total Time": 0.013, "Actual Rows": 1, "Actual Loops": 1, "Index Cond": "(id = mk.movie_id)", "Rows Removed by Index Recheck": 0}]}, {"Node Type": "Index Scan", "Parent Relationship": "Inner", "Scan Direction": "Forward", "Index Name": "movie_id_movie_link", "Relation Name": "movie_link", "Alias": "ml", "Startup Cost": 0.0, "Total Cost": 0.35, "Plan Rows": 5, "Plan Width": 12, "Actual Startup Time": 0.003, "Actual Total Time": 0.003, "Actual Rows": 0, "Actual Loops": 1, "Index Cond": "(movie_id = t1.id)", "Rows Removed by Index Recheck": 0}]}, {"Node Type": "Materialize", "Parent Relationship": "Inner", "Startup Cost": 0.0, "Total Cost": 1.25, "Plan Rows": 17, "Plan Width": 16, "Actual Startup Time": 0.0, "Actual Total Time": 0.0, "Plans": [{"Node Type": "Seq Scan", "Parent Relationship": "Outer", "Relation Name": "link_type", "Alias": "lt", "Startup Cost": 0.0, "Total Cost": 1.17, "Plan Rows": 17, "Plan Width": 16, "Actual Startup Time": 0.0, "Actual Total Time": 0.0}]}]}, {"Node Type": "Index Scan", "Parent Relationship": "Inner", "Scan Direction": "Forward", "Index Name": "title_pkey", "Relation Name": "title", "Alias": "t2", "Startup Cost": 0.0, "Total Cost": 4.3, "Plan Rows": 1, "Plan Width": 21, "Actual Startup Time": 0.0, "Actual Total Time": 0.0, "Index Cond": "(id = ml.linked_movie_id)", "Rows Removed by Index Recheck": 0}]}]}, "Triggers": [], "Planner Runtime": 2, "Total Runtime": 41.496, "Unique SQL Id": 524435555}}, "(1, 49)": {"explain_plan": {"Plan": {"Node Type": "Aggregate", "Strategy": "Plain", "Startup Cost": 4047.28, "Total Cost": 4047.29, "Plan Rows": 1, "Plan Width": 142, "Plans": [{"Node Type": "Nested Loop", "Parent Relationship": "Outer", "Join Type": "Inner", "Startup Cost": 4.51, "Total Cost": 4046.12, "Plan Rows": 154, "Plan Width": 46, "Inner Unique": true, "Plans": [{"Node Type": "Nested Loop", "Parent Relationship": "Outer", "Join Type": "Inner", "Startup Cost": 4.51, "Total Cost": 3382.55, "Plan Rows": 154, "Plan Width": 33, "Inner Unique": true, "Plans": [{"Node Type": "Nested Loop", "Parent Relationship": "Outer", "Join Type": "Inner", "Startup Cost": 4.51, "Total Cost": 3339.37, "Plan Rows": 154, "Plan Width": 25, "Inner Unique": false, "Plans": [{"Node Type": "Nested Loop", "Parent Relationship": "Outer", "Join Type": "Inner", "Startup Cost": 4.51, "Total Cost": 3326.15, "Plan Rows": 33, "Plan Width": 25, "Inner Unique": true, "Plans": [{"Node Type": "Nested Loop", "Parent Relationship": "Outer", "Join Type": "Inner", "Startup Cost": 4.51, "Total Cost": 3315.63, "Plan Rows": 33, "Plan Width": 4, "Inner Unique": false, "Plans": [{"Node Type": "Index Scan", "Parent Relationship": "Outer", "Scan Direction": "Forward", "Index Name": "keyword_pkey", "Relation Name": "keyword", "Alias": "k", "Startup Cost": 0.0, "Total Cost": 3182.72, "Plan Rows": 1, "Plan Width": 4, "Filter": "((keyword)::text = '10,000-mile-club'::text)"}, {"Node Type": "Bitmap Heap Scan", "Parent Relationship": "Inner", "Relation Name": "movie_keyword", "Alias": "mk", "Startup Cost": 4.51, "Total Cost": 132.58, "Plan Rows": 33, "Plan Width": 8, "Recheck Cond": "(keyword_id = k.id)", "Plans": [{"Node Type": "Bitmap Index Scan", "Parent Relationship": "Outer", "Index Name": "keyword_id_movie_keyword", "Startup Cost": 0.0, "Total Cost": 4.5, "Plan Rows": 33, "Plan Width": 0, "Index Cond": "(keyword_id = k.id)"}]}]}, {"Node Type": "Index Scan", "Parent Relationship": "Inner", "Scan Direction": "Forward", "Index Name": "title_pkey", "Relation Name": "title", "Alias": "t1", "Startup Cost": 0.0, "Total Cost": 0.31, "Plan Rows": 1, "Plan Width": 21, "Index Cond": "(id = mk.movie_id)"}]}, {"Node Type": "Index Scan", "Parent Relationship": "Inner", "Scan Direction": "Forward", "Index Name": "movie_id_movie_link", "Relation Name": "movie_link", "Alias": "ml", "Startup Cost": 0.0, "Total Cost": 0.35, "Plan Rows": 5, "Plan Width": 12, "Index Cond": "(movie_id = t1.id)"}]}, {"Node Type": "Index Scan", "Parent Relationship": "Inner", "Scan Direction": "Forward", "Index Name": "link_type_pkey", "Relation Name": "link_type", "Alias": "lt", "Startup Cost": 0.0, "Total Cost": 0.27, "Plan Rows": 1, "Plan Width": 16, "Index Cond": "(id = ml.link_type_id)"}]}, {"Node Type": "Index Scan", "Parent Relationship": "Inner", "Scan Direction": "Forward", "Index Name": "title_pkey", "Relation Name": "title", "Alias": "t2", "Startup Cost": 0.0, "Total Cost": 4.3, "Plan Rows": 1, "Plan Width": 21, "Index Cond": "(id = ml.linked_movie_id)"}]}]}, "Unique SQL Id": 524435555, "Planner Runtime": 2}, "explain_analyze_plan": {"Plan": {"Node Type": "Aggregate", "Strategy": "Plain", "Startup Cost": 4047.28, "Total Cost": 4047.29, "Plan Rows": 1, "Plan Width": 142, "Actual Startup Time": 119.675, "Actual Total Time": 119.675, "Actual Rows": 1, "Actual Loops": 1, "Plans": [{"Node Type": "Nested Loop", "Parent Relationship": "Outer", "Join Type": "Inner", "Startup Cost": 4.51, "Total Cost": 4046.12, "Plan Rows": 154, "Plan Width": 46, "Actual Startup Time": 119.669, "Actual Total Time": 119.669, "Actual Rows": 0, "Actual Loops": 1, "Inner Unique": true, "Plans": [{"Node Type": "Nested Loop", "Parent Relationship": "Outer", "Join Type": "Inner", "Startup Cost": 4.51, "Total Cost": 3382.55, "Plan Rows": 154, "Plan Width": 33, "Actual Startup Time": 119.668, "Actual Total Time": 119.668, "Actual Rows": 0, "Actual Loops": 1, "Inner Unique": true, "Plans": [{"Node Type": "Nested Loop", "Parent Relationship": "Outer", "Join Type": "Inner", "Startup Cost": 4.51, "Total Cost": 3339.37, "Plan Rows": 154, "Plan Width": 25, "Actual Startup Time": 119.668, "Actual Total Time": 119.668, "Actual Rows": 0, "Actual Loops": 1, "Inner Unique": false, "Plans": [{"Node Type": "Nested Loop", "Parent Relationship": "Outer", "Join Type": "Inner", "Startup Cost": 4.51, "Total Cost": 3326.15, "Plan Rows": 33, "Plan Width": 25, "Actual Startup Time": 117.759, "Actual Total Time": 119.662, "Actual Rows": 1, "Actual Loops": 1, "Inner Unique": true, "Plans": [{"Node Type": "Nested Loop", "Parent Relationship": "Outer", "Join Type": "Inner", "Startup Cost": 4.51, "Total Cost": 3315.63, "Plan Rows": 33, "Plan Width": 4, "Actual Startup Time": 117.744, "Actual Total Time": 119.646, "Actual Rows": 1, "Actual Loops": 1, "Inner Unique": false, "Plans": [{"Node Type": "Index Scan", "Parent Relationship": "Outer", "Scan Direction": "Forward", "Index Name": "keyword_pkey", "Relation Name": "keyword", "Alias": "k", "Startup Cost": 0.0, "Total Cost": 3182.72, "Plan Rows": 1, "Plan Width": 4, "Actual Startup Time": 117.697, "Actual Total Time": 119.597, "Actual Rows": 1, "Actual Loops": 1, "Filter": "((keyword)::text = '10,000-mile-club'::text)", "Rows Removed by Filter": 134168}, {"Node Type": "Bitmap Heap Scan", "Parent Relationship": "Inner", "Relation Name": "movie_keyword", "Alias": "mk", "Startup Cost": 4.51, "Total Cost": 132.58, "Plan Rows": 33, "Plan Width": 8, "Actual Startup Time": 0.032, "Actual Total Time": 0.033, "Actual Rows": 1, "Actual Loops": 1, "Recheck Cond": "(keyword_id = k.id)", "Rows Removed by Index Recheck": 0, "Exact Heap Blocks": 1, "Lossy Heap Blocks": 1, "Plans": [{"Node Type": "Bitmap Index Scan", "Parent Relationship": "Outer", "Index Name": "keyword_id_movie_keyword", "Startup Cost": 0.0, "Total Cost": 4.5, "Plan Rows": 33, "Plan Width": 0, "Actual Startup Time": 0.018, "Actual Total Time": 0.018, "Actual Rows": 1, "Actual Loops": 1, "Index Cond": "(keyword_id = k.id)"}]}]}, {"Node Type": "Index Scan", "Parent Relationship": "Inner", "Scan Direction": "Forward", "Index Name": "title_pkey", "Relation Name": "title", "Alias": "t1", "Startup Cost": 0.0, "Total Cost": 0.31, "Plan Rows": 1, "Plan Width": 21, "Actual Startup Time": 0.011, "Actual Total Time": 0.011, "Actual Rows": 1, "Actual Loops": 1, "Index Cond": "(id = mk.movie_id)", "Rows Removed by Index Recheck": 0}]}, {"Node Type": "Index Scan", "Parent Relationship": "Inner", "Scan Direction": "Forward", "Index Name": "movie_id_movie_link", "Relation Name": "movie_link", "Alias": "ml", "Startup Cost": 0.0, "Total Cost": 0.35, "Plan Rows": 5, "Plan Width": 12, "Actual Startup Time": 0.003, "Actual Total Time": 0.003, "Actual Rows": 0, "Actual Loops": 1, "Index Cond": "(movie_id = t1.id)", "Rows Removed by Index Recheck": 0}]}, {"Node Type": "Index Scan", "Parent Relationship": "Inner", "Scan Direction": "Forward", "Index Name": "link_type_pkey", "Relation Name": "link_type", "Alias": "lt", "Startup Cost": 0.0, "Total Cost": 0.27, "Plan Rows": 1, "Plan Width": 16, "Actual Startup Time": 0.0, "Actual Total Time": 0.0, "Index Cond": "(id = ml.link_type_id)", "Rows Removed by Index Recheck": 0}]}, {"Node Type": "Index Scan", "Parent Relationship": "Inner", "Scan Direction": "Forward", "Index Name": "title_pkey", "Relation Name": "title", "Alias": "t2", "Startup Cost": 0.0, "Total Cost": 4.3, "Plan Rows": 1, "Plan Width": 21, "Actual Startup Time": 0.0, "Actual Total Time": 0.0, "Index Cond": "(id = ml.linked_movie_id)", "Rows Removed by Index Recheck": 0}]}]}, "Triggers": [], "Planner Runtime": 2, "Total Runtime": 119.92, "Unique SQL Id": 524435555}}, "(1, 50)": {"explain_plan": {"Plan": {"Node Type": "Aggregate", "Strategy": "Plain", "Startup Cost": 3747.02, "Total Cost": 3747.03, "Plan Rows": 1, "Plan Width": 142, "Plans": [{"Node Type": "Nested Loop", "Parent Relationship": "Outer", "Join Type": "Inner", "Startup Cost": 6.55, "Total Cost": 3745.86, "Plan Rows": 154, "Plan Width": 46, "Inner Unique": true, "Plans": [{"Node Type": "Nested Loop", "Parent Relationship": "Outer", "Join Type": "Inner", "Startup Cost": 5.06, "Total Cost": 2896.68, "Plan Rows": 154, "Plan Width": 33, "Inner Unique": true, "Join Filter": "(ml.link_type_id = lt.id)", "Plans": [{"Node Type": "Nested Loop", "Parent Relationship": "Outer", "Join Type": "Inner", "Startup Cost": 5.06, "Total Cost": 2856.2, "Plan Rows": 154, "Plan Width": 25, "Inner Unique": false, "Join Filter": "(t1.id = ml.movie_id)", "Plans": [{"Node Type": "Nested Loop", "Parent Relationship": "Outer", "Join Type": "Inner", "Startup Cost": 4.77, "Total Cost": 2710.54, "Plan Rows": 33, "Plan Width": 25, "Inner Unique": true, "Plans": [{"Node Type": "Nested Loop", "Parent Relationship": "Outer", "Join Type": "Inner", "Startup Cost": 4.51, "Total Cost": 2569.02, "Plan Rows": 33, "Plan Width": 4, "Inner Unique": false, "Plans": [{"Node Type": "Seq Scan", "Parent Relationship": "Outer", "Relation Name": "keyword", "Alias": "k", "Startup Cost": 0.0, "Total Cost": 2436.11, "Plan Rows": 1, "Plan Width": 4, "Filter": "((keyword)::text = '10,000-mile-club'::text)"}, {"Node Type": "Bitmap Heap Scan", "Parent Relationship": "Inner", "Relation Name": "movie_keyword", "Alias": "mk", "Startup Cost": 4.51, "Total Cost": 132.58, "Plan Rows": 33, "Plan Width": 8, "Recheck Cond": "(keyword_id = k.id)", "Plans": [{"Node Type": "Bitmap Index Scan", "Parent Relationship": "Outer", "Index Name": "keyword_id_movie_keyword", "Startup Cost": 0.0, "Total Cost": 4.5, "Plan Rows": 33, "Plan Width": 0, "Index Cond": "(keyword_id = k.id)"}]}]}, {"Node Type": "Bitmap Heap Scan", "Parent Relationship": "Inner", "Relation Name": "title", "Alias": "t1", "Startup Cost": 0.27, "Total Cost": 4.28, "Plan Rows": 1, "Plan Width": 21, "Recheck Cond": "(id = mk.movie_id)", "Plans": [{"Node Type": "Bitmap Index Scan", "Parent Relationship": "Outer", "Index Name": "title_pkey", "Startup Cost": 0.0, "Total Cost": 0.27, "Plan Rows": 1, "Plan Width": 0, "Index Cond": "(id = mk.movie_id)"}]}]}, {"Node Type": "Bitmap Heap Scan", "Parent Relationship": "Inner", "Relation Name": "movie_link", "Alias": "ml", "Startup Cost": 0.29, "Total Cost": 4.35, "Plan Rows": 5, "Plan Width": 12, "Recheck Cond": "(movie_id = mk.movie_id)", "Plans": [{"Node Type": "Bitmap Index Scan", "Parent Relationship": "Outer", "Index Name": "movie_id_movie_link", "Startup Cost": 0.0, "Total Cost": 0.29, "Plan Rows": 5, "Plan Width": 0, "Index Cond": "(movie_id = mk.movie_id)"}]}]}, {"Node Type": "Materialize", "Parent Relationship": "Inner", "Startup Cost": 0.0, "Total Cost": 1.25, "Plan Rows": 17, "Plan Width": 16, "Plans": [{"Node Type": "Seq Scan", "Parent Relationship": "Outer", "Relation Name": "link_type", "Alias": "lt", "Startup Cost": 0.0, "Total Cost": 1.17, "Plan Rows": 17, "Plan Width": 16}]}]}, {"Node Type": "Bitmap Heap Scan", "Parent Relationship": "Inner", "Relation Name": "title", "Alias": "t2", "Startup Cost": 1.49, "Total Cost": 5.5, "Plan Rows": 1, "Plan Width": 21, "Recheck Cond": "(id = ml.linked_movie_id)", "Plans": [{"Node Type": "Bitmap Index Scan", "Parent Relationship": "Outer", "Index Name": "title_pkey", "Startup Cost": 0.0, "Total Cost": 1.49, "Plan Rows": 1, "Plan Width": 0, "Index Cond": "(id = ml.linked_movie_id)"}]}]}]}, "Unique SQL Id": 524435555, "Planner Runtime": 2}, "explain_analyze_plan": {"Plan": {"Node Type": "Aggregate", "Strategy": "Plain", "Startup Cost": 3747.02, "Total Cost": 3747.03, "Plan Rows": 1, "Plan Width": 142, "Actual Startup Time": 40.932, "Actual Total Time": 40.932, "Actual Rows": 1, "Actual Loops": 1, "Plans": [{"Node Type": "Nested Loop", "Parent Relationship": "Outer", "Join Type": "Inner", "Startup Cost": 6.55, "Total Cost": 3745.86, "Plan Rows": 154, "Plan Width": 46, "Actual Startup Time": 40.928, "Actual Total Time": 40.928, "Actual Rows": 0, "Actual Loops": 1, "Inner Unique": true, "Plans": [{"Node Type": "Nested Loop", "Parent Relationship": "Outer", "Join Type": "Inner", "Startup Cost": 5.06, "Total Cost": 2896.68, "Plan Rows": 154, "Plan Width": 33, "Actual Startup Time": 40.927, "Actual Total Time": 40.927, "Actual Rows": 0, "Actual Loops": 1, "Inner Unique": true, "Join Filter": "(ml.link_type_id = lt.id)", "Rows Removed by Join Filter": 0, "Plans": [{"Node Type": "Nested Loop", "Parent Relationship": "Outer", "Join Type": "Inner", "Startup Cost": 5.06, "Total Cost": 2856.2, "Plan Rows": 154, "Plan Width": 25, "Actual Startup Time": 40.926, "Actual Total Time": 40.926, "Actual Rows": 0, "Actual Loops": 1, "Inner Unique": false, "Join Filter": "(t1.id = ml.movie_id)", "Rows Removed by Join Filter": 0, "Plans": [{"Node Type": "Nested Loop", "Parent Relationship": "Outer", "Join Type": "Inner", "Startup Cost": 4.77, "Total Cost": 2710.54, "Plan Rows": 33, "Plan Width": 25, "Actual Startup Time": 40.044, "Actual Total Time": 40.92, "Actual Rows": 1, "Actual Loops": 1, "Inner Unique": true, "Plans": [{"Node Type": "Nested Loop", "Parent Relationship": "Outer", "Join Type": "Inner", "Startup Cost": 4.51, "Total Cost": 2569.02, "Plan Rows": 33, "Plan Width": 4, "Actual Startup Time": 40.03, "Actual Total Time": 40.906, "Actual Rows": 1, "Actual Loops": 1, "Inner Unique": false, "Plans": [{"Node Type": "Seq Scan", "Parent Relationship": "Outer", "Relation Name": "keyword", "Alias": "k", "Startup Cost": 0.0, "Total Cost": 2436.11, "Plan Rows": 1, "Plan Width": 4, "Actual Startup Time": 39.998, "Actual Total Time": 40.872, "Actual Rows": 1, "Actual Loops": 1, "Filter": "((keyword)::text = '10,000-mile-club'::text)", "Rows Removed by Filter": 134168}, {"Node Type": "Bitmap Heap Scan", "Parent Relationship": "Inner", "Relation Name": "movie_keyword", "Alias": "mk", "Startup Cost": 4.51, "Total Cost": 132.58, "Plan Rows": 33, "Plan Width": 8, "Actual Startup Time": 0.024, "Actual Total Time": 0.025, "Actual Rows": 1, "Actual Loops": 1, "Recheck Cond": "(keyword_id = k.id)", "Rows Removed by Index Recheck": 0, "Exact Heap Blocks": 1, "Lossy Heap Blocks": 1, "Plans": [{"Node Type": "Bitmap Index Scan", "Parent Relationship": "Outer", "Index Name": "keyword_id_movie_keyword", "Startup Cost": 0.0, "Total Cost": 4.5, "Plan Rows": 33, "Plan Width": 0, "Actual Startup Time": 0.014, "Actual Total Time": 0.014, "Actual Rows": 1, "Actual Loops": 1, "Index Cond": "(keyword_id = k.id)"}]}]}, {"Node Type": "Bitmap Heap Scan", "Parent Relationship": "Inner", "Relation Name": "title", "Alias": "t1", "Startup Cost": 0.27, "Total Cost": 4.28, "Plan Rows": 1, "Plan Width": 21, "Actual Startup Time": 0.011, "Actual Total Time": 0.011, "Actual Rows": 1, "Actual Loops": 1, "Recheck Cond": "(id = mk.movie_id)", "Rows Removed by Index Recheck": 0, "Exact Heap Blocks": 1, "Lossy Heap Blocks": 1, "Plans": [{"Node Type": "Bitmap Index Scan", "Parent Relationship": "Outer", "Index Name": "title_pkey", "Startup Cost": 0.0, "Total Cost": 0.27, "Plan Rows": 1, "Plan Width": 0, "Actual Startup Time": 0.007, "Actual Total Time": 0.007, "Actual Rows": 1, "Actual Loops": 1, "Index Cond": "(id = mk.movie_id)"}]}]}, {"Node Type": "Bitmap Heap Scan", "Parent Relationship": "Inner", "Relation Name": "movie_link", "Alias": "ml", "Startup Cost": 0.29, "Total Cost": 4.35, "Plan Rows": 5, "Plan Width": 12, "Actual Startup Time": 0.004, "Actual Total Time": 0.004, "Actual Rows": 0, "Actual Loops": 1, "Recheck Cond": "(movie_id = mk.movie_id)", "Rows Removed by Index Recheck": 0, "Exact Heap Blocks": 0, "Lossy Heap Blocks": 0, "Plans": [{"Node Type": "Bitmap Index Scan", "Parent Relationship": "Outer", "Index Name": "movie_id_movie_link", "Startup Cost": 0.0, "Total Cost": 0.29, "Plan Rows": 5, "Plan Width": 0, "Actual Startup Time": 0.002, "Actual Total Time": 0.002, "Actual Rows": 0, "Actual Loops": 1, "Index Cond": "(movie_id = mk.movie_id)"}]}]}, {"Node Type": "Materialize", "Parent Relationship": "Inner", "Startup Cost": 0.0, "Total Cost": 1.25, "Plan Rows": 17, "Plan Width": 16, "Actual Startup Time": 0.0, "Actual Total Time": 0.0, "Plans": [{"Node Type": "Seq Scan", "Parent Relationship": "Outer", "Relation Name": "link_type", "Alias": "lt", "Startup Cost": 0.0, "Total Cost": 1.17, "Plan Rows": 17, "Plan Width": 16, "Actual Startup Time": 0.0, "Actual Total Time": 0.0}]}]}, {"Node Type": "Bitmap Heap Scan", "Parent Relationship": "Inner", "Relation Name": "title", "Alias": "t2", "Startup Cost": 1.49, "Total Cost": 5.5, "Plan Rows": 1, "Plan Width": 21, "Actual Startup Time": 0.0, "Actual Total Time": 0.0, "Recheck Cond": "(id = ml.linked_movie_id)", "Rows Removed by Index Recheck": 0, "Exact Heap Blocks": 0, "Lossy Heap Blocks": 0, "Plans": [{"Node Type": "Bitmap Index Scan", "Parent Relationship": "Outer", "Index Name": "title_pkey", "Startup Cost": 0.0, "Total Cost": 1.49, "Plan Rows": 1, "Plan Width": 0, "Actual Startup Time": 0.0, "Actual Total Time": 0.0, "Index Cond": "(id = ml.linked_movie_id)"}]}]}]}, "Triggers": [], "Planner Runtime": 2, "Total Runtime": 41.159, "Unique SQL Id": 524435555}}, "(1, 51)": {"explain_plan": {"Plan": {"Node Type": "Aggregate", "Strategy": "Plain", "Startup Cost": 1000001377786.31, "Total Cost": 1000001377786.32, "Plan Rows": 1, "Plan Width": 142, "Plans": [{"Node Type": "Nested Loop", "Parent Relationship": "Outer", "Join Type": "Inner", "Startup Cost": 10000000004.71, "Total Cost": 1000001377785.15, "Plan Rows": 154, "Plan Width": 46, "Inner Unique": true, "Plans": [{"Node Type": "Nested Loop", "Parent Relationship": "Outer", "Join Type": "Inner", "Startup Cost": 10000000004.45, "Total Cost": 1000001377125.95, "Plan Rows": 154, "Plan Width": 38, "Inner Unique": true, "Plans": [{"Node Type": "Nested Loop", "Parent Relationship": "Outer", "Join Type": "Inner", "Startup Cost": 10000000002.96, "Total Cost": 1000001376276.77, "Plan Rows": 154, "Plan Width": 25, "Inner Unique": true, "Plans": [{"Node Type": "Nested Loop", "Parent Relationship": "Outer", "Join Type": "Inner", "Startup Cost": 10000000002.69, "Total Cost": 1000001375616.35, "Plan Rows": 154, "Plan Width": 16, "Inner Unique": true, "Plans": [{"Node Type": "Nested Loop", "Parent Relationship": "Outer", "Join Type": "Inner", "Startup Cost": 10000000002.44, "Total Cost": 1000000342019.19, "Plan Rows": 241339, "Plan Width": 20, "Inner Unique": false, "Plans": [{"Node Type": "Index Scan", "Parent Relationship": "Outer", "Scan Direction": "Forward", "Index Name": "link_type_id_movie_link", "Relation Name": "movie_link", "Alias": "ml", "Startup Cost": 10000000000.0, "Total Cost": 1000000143569.16, "Plan Rows": 29996, "Plan Width": 12}, {"Node Type": "Bitmap Heap Scan", "Parent Relationship": "Inner", "Relation Name": "movie_keyword", "Alias": "mk", "Startup Cost": 2.44, "Total Cost": 6.54, "Plan Rows": 8, "Plan Width": 8, "Recheck Cond": "(movie_id = ml.movie_id)", "Plans": [{"Node Type": "Bitmap Index Scan", "Parent Relationship": "Outer", "Index Name": "movie_id_movie_keyword", "Startup Cost": 0.0, "Total Cost": 2.43, "Plan Rows": 8, "Plan Width": 0, "Index Cond": "(movie_id = ml.movie_id)"}]}]}, {"Node Type": "Bitmap Heap Scan", "Parent Relationship": "Inner", "Relation Name": "keyword", "Alias": "k", "Startup Cost": 0.26, "Total Cost": 4.27, "Plan Rows": 1, "Plan Width": 4, "Recheck Cond": "(id = mk.keyword_id)", "Filter": "((keyword)::text = '10,000-mile-club'::text)", "Plans": [{"Node Type": "Bitmap Index Scan", "Parent Relationship": "Outer", "Index Name": "keyword_pkey", "Startup Cost": 0.0, "Total Cost": 0.26, "Plan Rows": 1, "Plan Width": 0, "Index Cond": "(id = mk.keyword_id)"}]}]}, {"Node Type": "Bitmap Heap Scan", "Parent Relationship": "Inner", "Relation Name": "title", "Alias": "t1", "Startup Cost": 0.27, "Total Cost": 4.28, "Plan Rows": 1, "Plan Width": 21, "Recheck Cond": "(id = mk.movie_id)", "Plans": [{"Node Type": "Bitmap Index Scan", "Parent Relationship": "Outer", "Index Name": "title_pkey", "Startup Cost": 0.0, "Total Cost": 0.27, "Plan Rows": 1, "Plan Width": 0, "Index Cond": "(id = mk.movie_id)"}]}]}, {"Node Type": "Bitmap Heap Scan", "Parent Relationship": "Inner", "Relation Name": "title", "Alias": "t2", "Startup Cost": 1.49, "Total Cost": 5.5, "Plan Rows": 1, "Plan Width": 21, "Recheck Cond": "(id = ml.linked_movie_id)", "Plans": [{"Node Type": "Bitmap Index Scan", "Parent Relationship": "Outer", "Index Name": "title_pkey", "Startup Cost": 0.0, "Total Cost": 1.49, "Plan Rows": 1, "Plan Width": 0, "Index Cond": "(id = ml.linked_movie_id)"}]}]}, {"Node Type": "Bitmap Heap Scan", "Parent Relationship": "Inner", "Relation Name": "link_type", "Alias": "lt", "Startup Cost": 0.26, "Total Cost": 4.27, "Plan Rows": 1, "Plan Width": 16, "Recheck Cond": "(id = ml.link_type_id)", "Plans": [{"Node Type": "Bitmap Index Scan", "Parent Relationship": "Outer", "Index Name": "link_type_pkey", "Startup Cost": 0.0, "Total Cost": 0.26, "Plan Rows": 1, "Plan Width": 0, "Index Cond": "(id = ml.link_type_id)"}]}]}]}, "Unique SQL Id": 524435555, "Planner Runtime": 1}, "explain_analyze_plan": null}, "(1, 52)": {"explain_plan": {"Plan": {"Node Type": "Aggregate", "Strategy": "Plain", "Startup Cost": 3297.98, "Total Cost": 3297.99, "Plan Rows": 1, "Plan Width": 142, "Plans": [{"Node Type": "Nested Loop", "Parent Relationship": "Outer", "Join Type": "Inner", "Startup Cost": 4.51, "Total Cost": 3296.82, "Plan Rows": 154, "Plan Width": 46, "Inner Unique": true, "Plans": [{"Node Type": "Nested Loop", "Parent Relationship": "Outer", "Join Type": "Inner", "Startup Cost": 4.51, "Total Cost": 2633.25, "Plan Rows": 154, "Plan Width": 33, "Inner Unique": true, "Join Filter": "(ml.link_type_id = lt.id)", "Plans": [{"Node Type": "Nested Loop", "Parent Relationship": "Outer", "Join Type": "Inner", "Startup Cost": 4.51, "Total Cost": 2592.76, "Plan Rows": 154, "Plan Width": 25, "Inner Unique": false, "Plans": [{"Node Type": "Nested Loop", "Parent Relationship": "Outer", "Join Type": "Inner", "Startup Cost": 4.51, "Total Cost": 2579.55, "Plan Rows": 33, "Plan Width": 25, "Inner Unique": true, "Plans": [{"Node Type": "Nested Loop", "Parent Relationship": "Outer", "Join Type": "Inner", "Startup Cost": 4.51, "Total Cost": 2569.02, "Plan Rows": 33, "Plan Width": 4, "Inner Unique": false, "Plans": [{"Node Type": "Seq Scan", "Parent Relationship": "Outer", "Relation Name": "keyword", "Alias": "k", "Startup Cost": 0.0, "Total Cost": 2436.11, "Plan Rows": 1, "Plan Width": 4, "Filter": "((keyword)::text = '10,000-mile-club'::text)"}, {"Node Type": "Bitmap Heap Scan", "Parent Relationship": "Inner", "Relation Name": "movie_keyword", "Alias": "mk", "Startup Cost": 4.51, "Total Cost": 132.58, "Plan Rows": 33, "Plan Width": 8, "Recheck Cond": "(keyword_id = k.id)", "Plans": [{"Node Type": "Bitmap Index Scan", "Parent Relationship": "Outer", "Index Name": "keyword_id_movie_keyword", "Startup Cost": 0.0, "Total Cost": 4.5, "Plan Rows": 33, "Plan Width": 0, "Index Cond": "(keyword_id = k.id)"}]}]}, {"Node Type": "Index Scan", "Parent Relationship": "Inner", "Scan Direction": "Forward", "Index Name": "title_pkey", "Relation Name": "title", "Alias": "t1", "Startup Cost": 0.0, "Total Cost": 0.31, "Plan Rows": 1, "Plan Width": 21, "Index Cond": "(id = mk.movie_id)"}]}, {"Node Type": "Index Scan", "Parent Relationship": "Inner", "Scan Direction": "Forward", "Index Name": "movie_id_movie_link", "Relation Name": "movie_link", "Alias": "ml", "Startup Cost": 0.0, "Total Cost": 0.35, "Plan Rows": 5, "Plan Width": 12, "Index Cond": "(movie_id = t1.id)"}]}, {"Node Type": "Materialize", "Parent Relationship": "Inner", "Startup Cost": 0.0, "Total Cost": 1.25, "Plan Rows": 17, "Plan Width": 16, "Plans": [{"Node Type": "Seq Scan", "Parent Relationship": "Outer", "Relation Name": "link_type", "Alias": "lt", "Startup Cost": 0.0, "Total Cost": 1.17, "Plan Rows": 17, "Plan Width": 16}]}]}, {"Node Type": "Index Scan", "Parent Relationship": "Inner", "Scan Direction": "Forward", "Index Name": "title_pkey", "Relation Name": "title", "Alias": "t2", "Startup Cost": 0.0, "Total Cost": 4.3, "Plan Rows": 1, "Plan Width": 21, "Index Cond": "(id = ml.linked_movie_id)"}]}]}, "Unique SQL Id": 524435555, "Planner Runtime": 2}, "explain_analyze_plan": {"Plan": {"Node Type": "Aggregate", "Strategy": "Plain", "Startup Cost": 3297.98, "Total Cost": 3297.99, "Plan Rows": 1, "Plan Width": 142, "Actual Startup Time": 41.267, "Actual Total Time": 41.267, "Actual Rows": 1, "Actual Loops": 1, "Plans": [{"Node Type": "Nested Loop", "Parent Relationship": "Outer", "Join Type": "Inner", "Startup Cost": 4.51, "Total Cost": 3296.82, "Plan Rows": 154, "Plan Width": 46, "Actual Startup Time": 41.259, "Actual Total Time": 41.259, "Actual Rows": 0, "Actual Loops": 1, "Inner Unique": true, "Plans": [{"Node Type": "Nested Loop", "Parent Relationship": "Outer", "Join Type": "Inner", "Startup Cost": 4.51, "Total Cost": 2633.25, "Plan Rows": 154, "Plan Width": 33, "Actual Startup Time": 41.259, "Actual Total Time": 41.259, "Actual Rows": 0, "Actual Loops": 1, "Inner Unique": true, "Join Filter": "(ml.link_type_id = lt.id)", "Rows Removed by Join Filter": 0, "Plans": [{"Node Type": "Nested Loop", "Parent Relationship": "Outer", "Join Type": "Inner", "Startup Cost": 4.51, "Total Cost": 2592.76, "Plan Rows": 154, "Plan Width": 25, "Actual Startup Time": 41.258, "Actual Total Time": 41.258, "Actual Rows": 0, "Actual Loops": 1, "Inner Unique": false, "Plans": [{"Node Type": "Nested Loop", "Parent Relationship": "Outer", "Join Type": "Inner", "Startup Cost": 4.51, "Total Cost": 2579.55, "Plan Rows": 33, "Plan Width": 25, "Actual Startup Time": 40.369, "Actual Total Time": 41.252, "Actual Rows": 1, "Actual Loops": 1, "Inner Unique": true, "Plans": [{"Node Type": "Nested Loop", "Parent Relationship": "Outer", "Join Type": "Inner", "Startup Cost": 4.51, "Total Cost": 2569.02, "Plan Rows": 33, "Plan Width": 4, "Actual Startup Time": 40.355, "Actual Total Time": 41.238, "Actual Rows": 1, "Actual Loops": 1, "Inner Unique": false, "Plans": [{"Node Type": "Seq Scan", "Parent Relationship": "Outer", "Relation Name": "keyword", "Alias": "k", "Startup Cost": 0.0, "Total Cost": 2436.11, "Plan Rows": 1, "Plan Width": 4, "Actual Startup Time": 40.318, "Actual Total Time": 41.199, "Actual Rows": 1, "Actual Loops": 1, "Filter": "((keyword)::text = '10,000-mile-club'::text)", "Rows Removed by Filter": 134168}, {"Node Type": "Bitmap Heap Scan", "Parent Relationship": "Inner", "Relation Name": "movie_keyword", "Alias": "mk", "Startup Cost": 4.51, "Total Cost": 132.58, "Plan Rows": 33, "Plan Width": 8, "Actual Startup Time": 0.028, "Actual Total Time": 0.029, "Actual Rows": 1, "Actual Loops": 1, "Recheck Cond": "(keyword_id = k.id)", "Rows Removed by Index Recheck": 0, "Exact Heap Blocks": 1, "Lossy Heap Blocks": 1, "Plans": [{"Node Type": "Bitmap Index Scan", "Parent Relationship": "Outer", "Index Name": "keyword_id_movie_keyword", "Startup Cost": 0.0, "Total Cost": 4.5, "Plan Rows": 33, "Plan Width": 0, "Actual Startup Time": 0.016, "Actual Total Time": 0.016, "Actual Rows": 1, "Actual Loops": 1, "Index Cond": "(keyword_id = k.id)"}]}]}, {"Node Type": "Index Scan", "Parent Relationship": "Inner", "Scan Direction": "Forward", "Index Name": "title_pkey", "Relation Name": "title", "Alias": "t1", "Startup Cost": 0.0, "Total Cost": 0.31, "Plan Rows": 1, "Plan Width": 21, "Actual Startup Time": 0.013, "Actual Total Time": 0.013, "Actual Rows": 1, "Actual Loops": 1, "Index Cond": "(id = mk.movie_id)", "Rows Removed by Index Recheck": 0}]}, {"Node Type": "Index Scan", "Parent Relationship": "Inner", "Scan Direction": "Forward", "Index Name": "movie_id_movie_link", "Relation Name": "movie_link", "Alias": "ml", "Startup Cost": 0.0, "Total Cost": 0.35, "Plan Rows": 5, "Plan Width": 12, "Actual Startup Time": 0.003, "Actual Total Time": 0.003, "Actual Rows": 0, "Actual Loops": 1, "Index Cond": "(movie_id = t1.id)", "Rows Removed by Index Recheck": 0}]}, {"Node Type": "Materialize", "Parent Relationship": "Inner", "Startup Cost": 0.0, "Total Cost": 1.25, "Plan Rows": 17, "Plan Width": 16, "Actual Startup Time": 0.0, "Actual Total Time": 0.0, "Plans": [{"Node Type": "Seq Scan", "Parent Relationship": "Outer", "Relation Name": "link_type", "Alias": "lt", "Startup Cost": 0.0, "Total Cost": 1.17, "Plan Rows": 17, "Plan Width": 16, "Actual Startup Time": 0.0, "Actual Total Time": 0.0}]}]}, {"Node Type": "Index Scan", "Parent Relationship": "Inner", "Scan Direction": "Forward", "Index Name": "title_pkey", "Relation Name": "title", "Alias": "t2", "Startup Cost": 0.0, "Total Cost": 4.3, "Plan Rows": 1, "Plan Width": 21, "Actual Startup Time": 0.0, "Actual Total Time": 0.0, "Index Cond": "(id = ml.linked_movie_id)", "Rows Removed by Index Recheck": 0}]}]}, "Triggers": [], "Planner Runtime": 2, "Total Runtime": 41.496, "Unique SQL Id": 524435555}}, "(1, 53)": {"explain_plan": {"Plan": {"Node Type": "Aggregate", "Strategy": "Plain", "Startup Cost": 4047.28, "Total Cost": 4047.29, "Plan Rows": 1, "Plan Width": 142, "Plans": [{"Node Type": "Nested Loop", "Parent Relationship": "Outer", "Join Type": "Inner", "Startup Cost": 4.51, "Total Cost": 4046.12, "Plan Rows": 154, "Plan Width": 46, "Inner Unique": true, "Plans": [{"Node Type": "Nested Loop", "Parent Relationship": "Outer", "Join Type": "Inner", "Startup Cost": 4.51, "Total Cost": 3382.55, "Plan Rows": 154, "Plan Width": 33, "Inner Unique": true, "Plans": [{"Node Type": "Nested Loop", "Parent Relationship": "Outer", "Join Type": "Inner", "Startup Cost": 4.51, "Total Cost": 3339.37, "Plan Rows": 154, "Plan Width": 25, "Inner Unique": false, "Plans": [{"Node Type": "Nested Loop", "Parent Relationship": "Outer", "Join Type": "Inner", "Startup Cost": 4.51, "Total Cost": 3326.15, "Plan Rows": 33, "Plan Width": 25, "Inner Unique": true, "Plans": [{"Node Type": "Nested Loop", "Parent Relationship": "Outer", "Join Type": "Inner", "Startup Cost": 4.51, "Total Cost": 3315.63, "Plan Rows": 33, "Plan Width": 4, "Inner Unique": false, "Plans": [{"Node Type": "Index Scan", "Parent Relationship": "Outer", "Scan Direction": "Forward", "Index Name": "keyword_pkey", "Relation Name": "keyword", "Alias": "k", "Startup Cost": 0.0, "Total Cost": 3182.72, "Plan Rows": 1, "Plan Width": 4, "Filter": "((keyword)::text = '10,000-mile-club'::text)"}, {"Node Type": "Bitmap Heap Scan", "Parent Relationship": "Inner", "Relation Name": "movie_keyword", "Alias": "mk", "Startup Cost": 4.51, "Total Cost": 132.58, "Plan Rows": 33, "Plan Width": 8, "Recheck Cond": "(keyword_id = k.id)", "Plans": [{"Node Type": "Bitmap Index Scan", "Parent Relationship": "Outer", "Index Name": "keyword_id_movie_keyword", "Startup Cost": 0.0, "Total Cost": 4.5, "Plan Rows": 33, "Plan Width": 0, "Index Cond": "(keyword_id = k.id)"}]}]}, {"Node Type": "Index Scan", "Parent Relationship": "Inner", "Scan Direction": "Forward", "Index Name": "title_pkey", "Relation Name": "title", "Alias": "t1", "Startup Cost": 0.0, "Total Cost": 0.31, "Plan Rows": 1, "Plan Width": 21, "Index Cond": "(id = mk.movie_id)"}]}, {"Node Type": "Index Scan", "Parent Relationship": "Inner", "Scan Direction": "Forward", "Index Name": "movie_id_movie_link", "Relation Name": "movie_link", "Alias": "ml", "Startup Cost": 0.0, "Total Cost": 0.35, "Plan Rows": 5, "Plan Width": 12, "Index Cond": "(movie_id = t1.id)"}]}, {"Node Type": "Index Scan", "Parent Relationship": "Inner", "Scan Direction": "Forward", "Index Name": "link_type_pkey", "Relation Name": "link_type", "Alias": "lt", "Startup Cost": 0.0, "Total Cost": 0.27, "Plan Rows": 1, "Plan Width": 16, "Index Cond": "(id = ml.link_type_id)"}]}, {"Node Type": "Index Scan", "Parent Relationship": "Inner", "Scan Direction": "Forward", "Index Name": "title_pkey", "Relation Name": "title", "Alias": "t2", "Startup Cost": 0.0, "Total Cost": 4.3, "Plan Rows": 1, "Plan Width": 21, "Index Cond": "(id = ml.linked_movie_id)"}]}]}, "Unique SQL Id": 524435555, "Planner Runtime": 2}, "explain_analyze_plan": {"Plan": {"Node Type": "Aggregate", "Strategy": "Plain", "Startup Cost": 4047.28, "Total Cost": 4047.29, "Plan Rows": 1, "Plan Width": 142, "Actual Startup Time": 119.675, "Actual Total Time": 119.675, "Actual Rows": 1, "Actual Loops": 1, "Plans": [{"Node Type": "Nested Loop", "Parent Relationship": "Outer", "Join Type": "Inner", "Startup Cost": 4.51, "Total Cost": 4046.12, "Plan Rows": 154, "Plan Width": 46, "Actual Startup Time": 119.669, "Actual Total Time": 119.669, "Actual Rows": 0, "Actual Loops": 1, "Inner Unique": true, "Plans": [{"Node Type": "Nested Loop", "Parent Relationship": "Outer", "Join Type": "Inner", "Startup Cost": 4.51, "Total Cost": 3382.55, "Plan Rows": 154, "Plan Width": 33, "Actual Startup Time": 119.668, "Actual Total Time": 119.668, "Actual Rows": 0, "Actual Loops": 1, "Inner Unique": true, "Plans": [{"Node Type": "Nested Loop", "Parent Relationship": "Outer", "Join Type": "Inner", "Startup Cost": 4.51, "Total Cost": 3339.37, "Plan Rows": 154, "Plan Width": 25, "Actual Startup Time": 119.668, "Actual Total Time": 119.668, "Actual Rows": 0, "Actual Loops": 1, "Inner Unique": false, "Plans": [{"Node Type": "Nested Loop", "Parent Relationship": "Outer", "Join Type": "Inner", "Startup Cost": 4.51, "Total Cost": 3326.15, "Plan Rows": 33, "Plan Width": 25, "Actual Startup Time": 117.759, "Actual Total Time": 119.662, "Actual Rows": 1, "Actual Loops": 1, "Inner Unique": true, "Plans": [{"Node Type": "Nested Loop", "Parent Relationship": "Outer", "Join Type": "Inner", "Startup Cost": 4.51, "Total Cost": 3315.63, "Plan Rows": 33, "Plan Width": 4, "Actual Startup Time": 117.744, "Actual Total Time": 119.646, "Actual Rows": 1, "Actual Loops": 1, "Inner Unique": false, "Plans": [{"Node Type": "Index Scan", "Parent Relationship": "Outer", "Scan Direction": "Forward", "Index Name": "keyword_pkey", "Relation Name": "keyword", "Alias": "k", "Startup Cost": 0.0, "Total Cost": 3182.72, "Plan Rows": 1, "Plan Width": 4, "Actual Startup Time": 117.697, "Actual Total Time": 119.597, "Actual Rows": 1, "Actual Loops": 1, "Filter": "((keyword)::text = '10,000-mile-club'::text)", "Rows Removed by Filter": 134168}, {"Node Type": "Bitmap Heap Scan", "Parent Relationship": "Inner", "Relation Name": "movie_keyword", "Alias": "mk", "Startup Cost": 4.51, "Total Cost": 132.58, "Plan Rows": 33, "Plan Width": 8, "Actual Startup Time": 0.032, "Actual Total Time": 0.033, "Actual Rows": 1, "Actual Loops": 1, "Recheck Cond": "(keyword_id = k.id)", "Rows Removed by Index Recheck": 0, "Exact Heap Blocks": 1, "Lossy Heap Blocks": 1, "Plans": [{"Node Type": "Bitmap Index Scan", "Parent Relationship": "Outer", "Index Name": "keyword_id_movie_keyword", "Startup Cost": 0.0, "Total Cost": 4.5, "Plan Rows": 33, "Plan Width": 0, "Actual Startup Time": 0.018, "Actual Total Time": 0.018, "Actual Rows": 1, "Actual Loops": 1, "Index Cond": "(keyword_id = k.id)"}]}]}, {"Node Type": "Index Scan", "Parent Relationship": "Inner", "Scan Direction": "Forward", "Index Name": "title_pkey", "Relation Name": "title", "Alias": "t1", "Startup Cost": 0.0, "Total Cost": 0.31, "Plan Rows": 1, "Plan Width": 21, "Actual Startup Time": 0.011, "Actual Total Time": 0.011, "Actual Rows": 1, "Actual Loops": 1, "Index Cond": "(id = mk.movie_id)", "Rows Removed by Index Recheck": 0}]}, {"Node Type": "Index Scan", "Parent Relationship": "Inner", "Scan Direction": "Forward", "Index Name": "movie_id_movie_link", "Relation Name": "movie_link", "Alias": "ml", "Startup Cost": 0.0, "Total Cost": 0.35, "Plan Rows": 5, "Plan Width": 12, "Actual Startup Time": 0.003, "Actual Total Time": 0.003, "Actual Rows": 0, "Actual Loops": 1, "Index Cond": "(movie_id = t1.id)", "Rows Removed by Index Recheck": 0}]}, {"Node Type": "Index Scan", "Parent Relationship": "Inner", "Scan Direction": "Forward", "Index Name": "link_type_pkey", "Relation Name": "link_type", "Alias": "lt", "Startup Cost": 0.0, "Total Cost": 0.27, "Plan Rows": 1, "Plan Width": 16, "Actual Startup Time": 0.0, "Actual Total Time": 0.0, "Index Cond": "(id = ml.link_type_id)", "Rows Removed by Index Recheck": 0}]}, {"Node Type": "Index Scan", "Parent Relationship": "Inner", "Scan Direction": "Forward", "Index Name": "title_pkey", "Relation Name": "title", "Alias": "t2", "Startup Cost": 0.0, "Total Cost": 4.3, "Plan Rows": 1, "Plan Width": 21, "Actual Startup Time": 0.0, "Actual Total Time": 0.0, "Index Cond": "(id = ml.linked_movie_id)", "Rows Removed by Index Recheck": 0}]}]}, "Triggers": [], "Planner Runtime": 2, "Total Runtime": 119.92, "Unique SQL Id": 524435555}}, "(1, 54)": {"explain_plan": {"Plan": {"Node Type": "Aggregate", "Strategy": "Plain", "Startup Cost": 3747.02, "Total Cost": 3747.03, "Plan Rows": 1, "Plan Width": 142, "Plans": [{"Node Type": "Nested Loop", "Parent Relationship": "Outer", "Join Type": "Inner", "Startup Cost": 6.55, "Total Cost": 3745.86, "Plan Rows": 154, "Plan Width": 46, "Inner Unique": true, "Plans": [{"Node Type": "Nested Loop", "Parent Relationship": "Outer", "Join Type": "Inner", "Startup Cost": 5.06, "Total Cost": 2896.68, "Plan Rows": 154, "Plan Width": 33, "Inner Unique": true, "Join Filter": "(ml.link_type_id = lt.id)", "Plans": [{"Node Type": "Nested Loop", "Parent Relationship": "Outer", "Join Type": "Inner", "Startup Cost": 5.06, "Total Cost": 2856.2, "Plan Rows": 154, "Plan Width": 25, "Inner Unique": false, "Join Filter": "(t1.id = ml.movie_id)", "Plans": [{"Node Type": "Nested Loop", "Parent Relationship": "Outer", "Join Type": "Inner", "Startup Cost": 4.77, "Total Cost": 2710.54, "Plan Rows": 33, "Plan Width": 25, "Inner Unique": true, "Plans": [{"Node Type": "Nested Loop", "Parent Relationship": "Outer", "Join Type": "Inner", "Startup Cost": 4.51, "Total Cost": 2569.02, "Plan Rows": 33, "Plan Width": 4, "Inner Unique": false, "Plans": [{"Node Type": "Seq Scan", "Parent Relationship": "Outer", "Relation Name": "keyword", "Alias": "k", "Startup Cost": 0.0, "Total Cost": 2436.11, "Plan Rows": 1, "Plan Width": 4, "Filter": "((keyword)::text = '10,000-mile-club'::text)"}, {"Node Type": "Bitmap Heap Scan", "Parent Relationship": "Inner", "Relation Name": "movie_keyword", "Alias": "mk", "Startup Cost": 4.51, "Total Cost": 132.58, "Plan Rows": 33, "Plan Width": 8, "Recheck Cond": "(keyword_id = k.id)", "Plans": [{"Node Type": "Bitmap Index Scan", "Parent Relationship": "Outer", "Index Name": "keyword_id_movie_keyword", "Startup Cost": 0.0, "Total Cost": 4.5, "Plan Rows": 33, "Plan Width": 0, "Index Cond": "(keyword_id = k.id)"}]}]}, {"Node Type": "Bitmap Heap Scan", "Parent Relationship": "Inner", "Relation Name": "title", "Alias": "t1", "Startup Cost": 0.27, "Total Cost": 4.28, "Plan Rows": 1, "Plan Width": 21, "Recheck Cond": "(id = mk.movie_id)", "Plans": [{"Node Type": "Bitmap Index Scan", "Parent Relationship": "Outer", "Index Name": "title_pkey", "Startup Cost": 0.0, "Total Cost": 0.27, "Plan Rows": 1, "Plan Width": 0, "Index Cond": "(id = mk.movie_id)"}]}]}, {"Node Type": "Bitmap Heap Scan", "Parent Relationship": "Inner", "Relation Name": "movie_link", "Alias": "ml", "Startup Cost": 0.29, "Total Cost": 4.35, "Plan Rows": 5, "Plan Width": 12, "Recheck Cond": "(movie_id = mk.movie_id)", "Plans": [{"Node Type": "Bitmap Index Scan", "Parent Relationship": "Outer", "Index Name": "movie_id_movie_link", "Startup Cost": 0.0, "Total Cost": 0.29, "Plan Rows": 5, "Plan Width": 0, "Index Cond": "(movie_id = mk.movie_id)"}]}]}, {"Node Type": "Materialize", "Parent Relationship": "Inner", "Startup Cost": 0.0, "Total Cost": 1.25, "Plan Rows": 17, "Plan Width": 16, "Plans": [{"Node Type": "Seq Scan", "Parent Relationship": "Outer", "Relation Name": "link_type", "Alias": "lt", "Startup Cost": 0.0, "Total Cost": 1.17, "Plan Rows": 17, "Plan Width": 16}]}]}, {"Node Type": "Bitmap Heap Scan", "Parent Relationship": "Inner", "Relation Name": "title", "Alias": "t2", "Startup Cost": 1.49, "Total Cost": 5.5, "Plan Rows": 1, "Plan Width": 21, "Recheck Cond": "(id = ml.linked_movie_id)", "Plans": [{"Node Type": "Bitmap Index Scan", "Parent Relationship": "Outer", "Index Name": "title_pkey", "Startup Cost": 0.0, "Total Cost": 1.49, "Plan Rows": 1, "Plan Width": 0, "Index Cond": "(id = ml.linked_movie_id)"}]}]}]}, "Unique SQL Id": 524435555, "Planner Runtime": 2}, "explain_analyze_plan": {"Plan": {"Node Type": "Aggregate", "Strategy": "Plain", "Startup Cost": 3747.02, "Total Cost": 3747.03, "Plan Rows": 1, "Plan Width": 142, "Actual Startup Time": 40.932, "Actual Total Time": 40.932, "Actual Rows": 1, "Actual Loops": 1, "Plans": [{"Node Type": "Nested Loop", "Parent Relationship": "Outer", "Join Type": "Inner", "Startup Cost": 6.55, "Total Cost": 3745.86, "Plan Rows": 154, "Plan Width": 46, "Actual Startup Time": 40.928, "Actual Total Time": 40.928, "Actual Rows": 0, "Actual Loops": 1, "Inner Unique": true, "Plans": [{"Node Type": "Nested Loop", "Parent Relationship": "Outer", "Join Type": "Inner", "Startup Cost": 5.06, "Total Cost": 2896.68, "Plan Rows": 154, "Plan Width": 33, "Actual Startup Time": 40.927, "Actual Total Time": 40.927, "Actual Rows": 0, "Actual Loops": 1, "Inner Unique": true, "Join Filter": "(ml.link_type_id = lt.id)", "Rows Removed by Join Filter": 0, "Plans": [{"Node Type": "Nested Loop", "Parent Relationship": "Outer", "Join Type": "Inner", "Startup Cost": 5.06, "Total Cost": 2856.2, "Plan Rows": 154, "Plan Width": 25, "Actual Startup Time": 40.926, "Actual Total Time": 40.926, "Actual Rows": 0, "Actual Loops": 1, "Inner Unique": false, "Join Filter": "(t1.id = ml.movie_id)", "Rows Removed by Join Filter": 0, "Plans": [{"Node Type": "Nested Loop", "Parent Relationship": "Outer", "Join Type": "Inner", "Startup Cost": 4.77, "Total Cost": 2710.54, "Plan Rows": 33, "Plan Width": 25, "Actual Startup Time": 40.044, "Actual Total Time": 40.92, "Actual Rows": 1, "Actual Loops": 1, "Inner Unique": true, "Plans": [{"Node Type": "Nested Loop", "Parent Relationship": "Outer", "Join Type": "Inner", "Startup Cost": 4.51, "Total Cost": 2569.02, "Plan Rows": 33, "Plan Width": 4, "Actual Startup Time": 40.03, "Actual Total Time": 40.906, "Actual Rows": 1, "Actual Loops": 1, "Inner Unique": false, "Plans": [{"Node Type": "Seq Scan", "Parent Relationship": "Outer", "Relation Name": "keyword", "Alias": "k", "Startup Cost": 0.0, "Total Cost": 2436.11, "Plan Rows": 1, "Plan Width": 4, "Actual Startup Time": 39.998, "Actual Total Time": 40.872, "Actual Rows": 1, "Actual Loops": 1, "Filter": "((keyword)::text = '10,000-mile-club'::text)", "Rows Removed by Filter": 134168}, {"Node Type": "Bitmap Heap Scan", "Parent Relationship": "Inner", "Relation Name": "movie_keyword", "Alias": "mk", "Startup Cost": 4.51, "Total Cost": 132.58, "Plan Rows": 33, "Plan Width": 8, "Actual Startup Time": 0.024, "Actual Total Time": 0.025, "Actual Rows": 1, "Actual Loops": 1, "Recheck Cond": "(keyword_id = k.id)", "Rows Removed by Index Recheck": 0, "Exact Heap Blocks": 1, "Lossy Heap Blocks": 1, "Plans": [{"Node Type": "Bitmap Index Scan", "Parent Relationship": "Outer", "Index Name": "keyword_id_movie_keyword", "Startup Cost": 0.0, "Total Cost": 4.5, "Plan Rows": 33, "Plan Width": 0, "Actual Startup Time": 0.014, "Actual Total Time": 0.014, "Actual Rows": 1, "Actual Loops": 1, "Index Cond": "(keyword_id = k.id)"}]}]}, {"Node Type": "Bitmap Heap Scan", "Parent Relationship": "Inner", "Relation Name": "title", "Alias": "t1", "Startup Cost": 0.27, "Total Cost": 4.28, "Plan Rows": 1, "Plan Width": 21, "Actual Startup Time": 0.011, "Actual Total Time": 0.011, "Actual Rows": 1, "Actual Loops": 1, "Recheck Cond": "(id = mk.movie_id)", "Rows Removed by Index Recheck": 0, "Exact Heap Blocks": 1, "Lossy Heap Blocks": 1, "Plans": [{"Node Type": "Bitmap Index Scan", "Parent Relationship": "Outer", "Index Name": "title_pkey", "Startup Cost": 0.0, "Total Cost": 0.27, "Plan Rows": 1, "Plan Width": 0, "Actual Startup Time": 0.007, "Actual Total Time": 0.007, "Actual Rows": 1, "Actual Loops": 1, "Index Cond": "(id = mk.movie_id)"}]}]}, {"Node Type": "Bitmap Heap Scan", "Parent Relationship": "Inner", "Relation Name": "movie_link", "Alias": "ml", "Startup Cost": 0.29, "Total Cost": 4.35, "Plan Rows": 5, "Plan Width": 12, "Actual Startup Time": 0.004, "Actual Total Time": 0.004, "Actual Rows": 0, "Actual Loops": 1, "Recheck Cond": "(movie_id = mk.movie_id)", "Rows Removed by Index Recheck": 0, "Exact Heap Blocks": 0, "Lossy Heap Blocks": 0, "Plans": [{"Node Type": "Bitmap Index Scan", "Parent Relationship": "Outer", "Index Name": "movie_id_movie_link", "Startup Cost": 0.0, "Total Cost": 0.29, "Plan Rows": 5, "Plan Width": 0, "Actual Startup Time": 0.002, "Actual Total Time": 0.002, "Actual Rows": 0, "Actual Loops": 1, "Index Cond": "(movie_id = mk.movie_id)"}]}]}, {"Node Type": "Materialize", "Parent Relationship": "Inner", "Startup Cost": 0.0, "Total Cost": 1.25, "Plan Rows": 17, "Plan Width": 16, "Actual Startup Time": 0.0, "Actual Total Time": 0.0, "Plans": [{"Node Type": "Seq Scan", "Parent Relationship": "Outer", "Relation Name": "link_type", "Alias": "lt", "Startup Cost": 0.0, "Total Cost": 1.17, "Plan Rows": 17, "Plan Width": 16, "Actual Startup Time": 0.0, "Actual Total Time": 0.0}]}]}, {"Node Type": "Bitmap Heap Scan", "Parent Relationship": "Inner", "Relation Name": "title", "Alias": "t2", "Startup Cost": 1.49, "Total Cost": 5.5, "Plan Rows": 1, "Plan Width": 21, "Actual Startup Time": 0.0, "Actual Total Time": 0.0, "Recheck Cond": "(id = ml.linked_movie_id)", "Rows Removed by Index Recheck": 0, "Exact Heap Blocks": 0, "Lossy Heap Blocks": 0, "Plans": [{"Node Type": "Bitmap Index Scan", "Parent Relationship": "Outer", "Index Name": "title_pkey", "Startup Cost": 0.0, "Total Cost": 1.49, "Plan Rows": 1, "Plan Width": 0, "Actual Startup Time": 0.0, "Actual Total Time": 0.0, "Index Cond": "(id = ml.linked_movie_id)"}]}]}]}, "Triggers": [], "Planner Runtime": 2, "Total Runtime": 41.159, "Unique SQL Id": 524435555}}, "(1, 55)": {"explain_plan": {"Plan": {"Node Type": "Aggregate", "Strategy": "Plain", "Startup Cost": 1000001377786.31, "Total Cost": 1000001377786.32, "Plan Rows": 1, "Plan Width": 142, "Plans": [{"Node Type": "Nested Loop", "Parent Relationship": "Outer", "Join Type": "Inner", "Startup Cost": 10000000004.71, "Total Cost": 1000001377785.15, "Plan Rows": 154, "Plan Width": 46, "Inner Unique": true, "Plans": [{"Node Type": "Nested Loop", "Parent Relationship": "Outer", "Join Type": "Inner", "Startup Cost": 10000000004.45, "Total Cost": 1000001377125.95, "Plan Rows": 154, "Plan Width": 38, "Inner Unique": true, "Plans": [{"Node Type": "Nested Loop", "Parent Relationship": "Outer", "Join Type": "Inner", "Startup Cost": 10000000002.96, "Total Cost": 1000001376276.77, "Plan Rows": 154, "Plan Width": 25, "Inner Unique": true, "Plans": [{"Node Type": "Nested Loop", "Parent Relationship": "Outer", "Join Type": "Inner", "Startup Cost": 10000000002.69, "Total Cost": 1000001375616.35, "Plan Rows": 154, "Plan Width": 16, "Inner Unique": true, "Plans": [{"Node Type": "Nested Loop", "Parent Relationship": "Outer", "Join Type": "Inner", "Startup Cost": 10000000002.44, "Total Cost": 1000000342019.19, "Plan Rows": 241339, "Plan Width": 20, "Inner Unique": false, "Plans": [{"Node Type": "Index Scan", "Parent Relationship": "Outer", "Scan Direction": "Forward", "Index Name": "link_type_id_movie_link", "Relation Name": "movie_link", "Alias": "ml", "Startup Cost": 10000000000.0, "Total Cost": 1000000143569.16, "Plan Rows": 29996, "Plan Width": 12}, {"Node Type": "Bitmap Heap Scan", "Parent Relationship": "Inner", "Relation Name": "movie_keyword", "Alias": "mk", "Startup Cost": 2.44, "Total Cost": 6.54, "Plan Rows": 8, "Plan Width": 8, "Recheck Cond": "(movie_id = ml.movie_id)", "Plans": [{"Node Type": "Bitmap Index Scan", "Parent Relationship": "Outer", "Index Name": "movie_id_movie_keyword", "Startup Cost": 0.0, "Total Cost": 2.43, "Plan Rows": 8, "Plan Width": 0, "Index Cond": "(movie_id = ml.movie_id)"}]}]}, {"Node Type": "Bitmap Heap Scan", "Parent Relationship": "Inner", "Relation Name": "keyword", "Alias": "k", "Startup Cost": 0.26, "Total Cost": 4.27, "Plan Rows": 1, "Plan Width": 4, "Recheck Cond": "(id = mk.keyword_id)", "Filter": "((keyword)::text = '10,000-mile-club'::text)", "Plans": [{"Node Type": "Bitmap Index Scan", "Parent Relationship": "Outer", "Index Name": "keyword_pkey", "Startup Cost": 0.0, "Total Cost": 0.26, "Plan Rows": 1, "Plan Width": 0, "Index Cond": "(id = mk.keyword_id)"}]}]}, {"Node Type": "Bitmap Heap Scan", "Parent Relationship": "Inner", "Relation Name": "title", "Alias": "t1", "Startup Cost": 0.27, "Total Cost": 4.28, "Plan Rows": 1, "Plan Width": 21, "Recheck Cond": "(id = mk.movie_id)", "Plans": [{"Node Type": "Bitmap Index Scan", "Parent Relationship": "Outer", "Index Name": "title_pkey", "Startup Cost": 0.0, "Total Cost": 0.27, "Plan Rows": 1, "Plan Width": 0, "Index Cond": "(id = mk.movie_id)"}]}]}, {"Node Type": "Bitmap Heap Scan", "Parent Relationship": "Inner", "Relation Name": "title", "Alias": "t2", "Startup Cost": 1.49, "Total Cost": 5.5, "Plan Rows": 1, "Plan Width": 21, "Recheck Cond": "(id = ml.linked_movie_id)", "Plans": [{"Node Type": "Bitmap Index Scan", "Parent Relationship": "Outer", "Index Name": "title_pkey", "Startup Cost": 0.0, "Total Cost": 1.49, "Plan Rows": 1, "Plan Width": 0, "Index Cond": "(id = ml.linked_movie_id)"}]}]}, {"Node Type": "Bitmap Heap Scan", "Parent Relationship": "Inner", "Relation Name": "link_type", "Alias": "lt", "Startup Cost": 0.26, "Total Cost": 4.27, "Plan Rows": 1, "Plan Width": 16, "Recheck Cond": "(id = ml.link_type_id)", "Plans": [{"Node Type": "Bitmap Index Scan", "Parent Relationship": "Outer", "Index Name": "link_type_pkey", "Startup Cost": 0.0, "Total Cost": 0.26, "Plan Rows": 1, "Plan Width": 0, "Index Cond": "(id = ml.link_type_id)"}]}]}]}, "Unique SQL Id": 524435555, "Planner Runtime": 1}, "explain_analyze_plan": null}, "(1, 56)": {"explain_plan": {"Plan": {"Node Type": "Aggregate", "Strategy": "Plain", "Startup Cost": 3302.27, "Total Cost": 3302.28, "Plan Rows": 1, "Plan Width": 142, "Plans": [{"Node Type": "Nested Loop", "Parent Relationship": "Outer", "Join Type": "Inner", "Startup Cost": 0.0, "Total Cost": 3301.12, "Plan Rows": 154, "Plan Width": 46, "Inner Unique": true, "Plans": [{"Node Type": "Nested Loop", "Parent Relationship": "Outer", "Join Type": "Inner", "Startup Cost": 0.0, "Total Cost": 2637.54, "Plan Rows": 154, "Plan Width": 33, "Inner Unique": true, "Join Filter": "(ml.link_type_id = lt.id)", "Plans": [{"Node Type": "Nested Loop", "Parent Relationship": "Outer", "Join Type": "Inner", "Startup Cost": 0.0, "Total Cost": 2597.06, "Plan Rows": 154, "Plan Width": 25, "Inner Unique": false, "Plans": [{"Node Type": "Nested Loop", "Parent Relationship": "Outer", "Join Type": "Inner", "Startup Cost": 0.0, "Total Cost": 2583.84, "Plan Rows": 33, "Plan Width": 25, "Inner Unique": true, "Plans": [{"Node Type": "Nested Loop", "Parent Relationship": "Outer", "Join Type": "Inner", "Startup Cost": 0.0, "Total Cost": 2573.32, "Plan Rows": 33, "Plan Width": 4, "Inner Unique": false, "Plans": [{"Node Type": "Seq Scan", "Parent Relationship": "Outer", "Relation Name": "keyword", "Alias": "k", "Startup Cost": 0.0, "Total Cost": 2436.11, "Plan Rows": 1, "Plan Width": 4, "Filter": "((keyword)::text = '10,000-mile-club'::text)"}, {"Node Type": "Index Scan", "Parent Relationship": "Inner", "Scan Direction": "Forward", "Index Name": "keyword_id_movie_keyword", "Relation Name": "movie_keyword", "Alias": "mk", "Startup Cost": 0.0, "Total Cost": 136.88, "Plan Rows": 33, "Plan Width": 8, "Index Cond": "(keyword_id = k.id)"}]}, {"Node Type": "Index Scan", "Parent Relationship": "Inner", "Scan Direction": "Forward", "Index Name": "title_pkey", "Relation Name": "title", "Alias": "t1", "Startup Cost": 0.0, "Total Cost": 0.31, "Plan Rows": 1, "Plan Width": 21, "Index Cond": "(id = mk.movie_id)"}]}, {"Node Type": "Index Scan", "Parent Relationship": "Inner", "Scan Direction": "Forward", "Index Name": "movie_id_movie_link", "Relation Name": "movie_link", "Alias": "ml", "Startup Cost": 0.0, "Total Cost": 0.35, "Plan Rows": 5, "Plan Width": 12, "Index Cond": "(movie_id = t1.id)"}]}, {"Node Type": "Materialize", "Parent Relationship": "Inner", "Startup Cost": 0.0, "Total Cost": 1.25, "Plan Rows": 17, "Plan Width": 16, "Plans": [{"Node Type": "Seq Scan", "Parent Relationship": "Outer", "Relation Name": "link_type", "Alias": "lt", "Startup Cost": 0.0, "Total Cost": 1.17, "Plan Rows": 17, "Plan Width": 16}]}]}, {"Node Type": "Index Scan", "Parent Relationship": "Inner", "Scan Direction": "Forward", "Index Name": "title_pkey", "Relation Name": "title", "Alias": "t2", "Startup Cost": 0.0, "Total Cost": 4.3, "Plan Rows": 1, "Plan Width": 21, "Index Cond": "(id = ml.linked_movie_id)"}]}]}, "Unique SQL Id": 524435555, "Planner Runtime": 2}, "explain_analyze_plan": {"Plan": {"Node Type": "Aggregate", "Strategy": "Plain", "Startup Cost": 3302.27, "Total Cost": 3302.28, "Plan Rows": 1, "Plan Width": 142, "Actual Startup Time": 40.829, "Actual Total Time": 40.829, "Actual Rows": 1, "Actual Loops": 1, "Plans": [{"Node Type": "Nested Loop", "Parent Relationship": "Outer", "Join Type": "Inner", "Startup Cost": 0.0, "Total Cost": 3301.12, "Plan Rows": 154, "Plan Width": 46, "Actual Startup Time": 40.824, "Actual Total Time": 40.824, "Actual Rows": 0, "Actual Loops": 1, "Inner Unique": true, "Plans": [{"Node Type": "Nested Loop", "Parent Relationship": "Outer", "Join Type": "Inner", "Startup Cost": 0.0, "Total Cost": 2637.54, "Plan Rows": 154, "Plan Width": 33, "Actual Startup Time": 40.824, "Actual Total Time": 40.824, "Actual Rows": 0, "Actual Loops": 1, "Inner Unique": true, "Join Filter": "(ml.link_type_id = lt.id)", "Rows Removed by Join Filter": 0, "Plans": [{"Node Type": "Nested Loop", "Parent Relationship": "Outer", "Join Type": "Inner", "Startup Cost": 0.0, "Total Cost": 2597.06, "Plan Rows": 154, "Plan Width": 25, "Actual Startup Time": 40.823, "Actual Total Time": 40.823, "Actual Rows": 0, "Actual Loops": 1, "Inner Unique": false, "Plans": [{"Node Type": "Nested Loop", "Parent Relationship": "Outer", "Join Type": "Inner", "Startup Cost": 0.0, "Total Cost": 2583.84, "Plan Rows": 33, "Plan Width": 25, "Actual Startup Time": 39.943, "Actual Total Time": 40.818, "Actual Rows": 1, "Actual Loops": 1, "Inner Unique": true, "Plans": [{"Node Type": "Nested Loop", "Parent Relationship": "Outer", "Join Type": "Inner", "Startup Cost": 0.0, "Total Cost": 2573.32, "Plan Rows": 33, "Plan Width": 4, "Actual Startup Time": 39.932, "Actual Total Time": 40.806, "Actual Rows": 1, "Actual Loops": 1, "Inner Unique": false, "Plans": [{"Node Type": "Seq Scan", "Parent Relationship": "Outer", "Relation Name": "keyword", "Alias": "k", "Startup Cost": 0.0, "Total Cost": 2436.11, "Plan Rows": 1, "Plan Width": 4, "Actual Startup Time": 39.911, "Actual Total Time": 40.783, "Actual Rows": 1, "Actual Loops": 1, "Filter": "((keyword)::text = '10,000-mile-club'::text)", "Rows Removed by Filter": 134168}, {"Node Type": "Index Scan", "Parent Relationship": "Inner", "Scan Direction": "Forward", "Index Name": "keyword_id_movie_keyword", "Relation Name": "movie_keyword", "Alias": "mk", "Startup Cost": 0.0, "Total Cost": 136.88, "Plan Rows": 33, "Plan Width": 8, "Actual Startup Time": 0.016, "Actual Total Time": 0.016, "Actual Rows": 1, "Actual Loops": 1, "Index Cond": "(keyword_id = k.id)", "Rows Removed by Index Recheck": 0}]}, {"Node Type": "Index Scan", "Parent Relationship": "Inner", "Scan Direction": "Forward", "Index Name": "title_pkey", "Relation Name": "title", "Alias": "t1", "Startup Cost": 0.0, "Total Cost": 0.31, "Plan Rows": 1, "Plan Width": 21, "Actual Startup Time": 0.008, "Actual Total Time": 0.008, "Actual Rows": 1, "Actual Loops": 1, "Index Cond": "(id = mk.movie_id)", "Rows Removed by Index Recheck": 0}]}, {"Node Type": "Index Scan", "Parent Relationship": "Inner", "Scan Direction": "Forward", "Index Name": "movie_id_movie_link", "Relation Name": "movie_link", "Alias": "ml", "Startup Cost": 0.0, "Total Cost": 0.35, "Plan Rows": 5, "Plan Width": 12, "Actual Startup Time": 0.003, "Actual Total Time": 0.003, "Actual Rows": 0, "Actual Loops": 1, "Index Cond": "(movie_id = t1.id)", "Rows Removed by Index Recheck": 0}]}, {"Node Type": "Materialize", "Parent Relationship": "Inner", "Startup Cost": 0.0, "Total Cost": 1.25, "Plan Rows": 17, "Plan Width": 16, "Actual Startup Time": 0.0, "Actual Total Time": 0.0, "Plans": [{"Node Type": "Seq Scan", "Parent Relationship": "Outer", "Relation Name": "link_type", "Alias": "lt", "Startup Cost": 0.0, "Total Cost": 1.17, "Plan Rows": 17, "Plan Width": 16, "Actual Startup Time": 0.0, "Actual Total Time": 0.0}]}]}, {"Node Type": "Index Scan", "Parent Relationship": "Inner", "Scan Direction": "Forward", "Index Name": "title_pkey", "Relation Name": "title", "Alias": "t2", "Startup Cost": 0.0, "Total Cost": 4.3, "Plan Rows": 1, "Plan Width": 21, "Actual Startup Time": 0.0, "Actual Total Time": 0.0, "Index Cond": "(id = ml.linked_movie_id)", "Rows Removed by Index Recheck": 0}]}]}, "Triggers": [], "Planner Runtime": 2, "Total Runtime": 41.034, "Unique SQL Id": 524435555}}, "(1, 57)": {"explain_plan": {"Plan": {"Node Type": "Aggregate", "Strategy": "Plain", "Startup Cost": 4051.57, "Total Cost": 4051.58, "Plan Rows": 1, "Plan Width": 142, "Plans": [{"Node Type": "Nested Loop", "Parent Relationship": "Outer", "Join Type": "Inner", "Startup Cost": 0.0, "Total Cost": 4050.42, "Plan Rows": 154, "Plan Width": 46, "Inner Unique": true, "Plans": [{"Node Type": "Nested Loop", "Parent Relationship": "Outer", "Join Type": "Inner", "Startup Cost": 0.0, "Total Cost": 3386.84, "Plan Rows": 154, "Plan Width": 33, "Inner Unique": true, "Plans": [{"Node Type": "Nested Loop", "Parent Relationship": "Outer", "Join Type": "Inner", "Startup Cost": 0.0, "Total Cost": 3343.66, "Plan Rows": 154, "Plan Width": 25, "Inner Unique": false, "Plans": [{"Node Type": "Nested Loop", "Parent Relationship": "Outer", "Join Type": "Inner", "Startup Cost": 0.0, "Total Cost": 3330.45, "Plan Rows": 33, "Plan Width": 25, "Inner Unique": true, "Plans": [{"Node Type": "Nested Loop", "Parent Relationship": "Outer", "Join Type": "Inner", "Startup Cost": 0.0, "Total Cost": 3319.92, "Plan Rows": 33, "Plan Width": 4, "Inner Unique": false, "Plans": [{"Node Type": "Index Scan", "Parent Relationship": "Outer", "Scan Direction": "Forward", "Index Name": "keyword_pkey", "Relation Name": "keyword", "Alias": "k", "Startup Cost": 0.0, "Total Cost": 3182.72, "Plan Rows": 1, "Plan Width": 4, "Filter": "((keyword)::text = '10,000-mile-club'::text)"}, {"Node Type": "Index Scan", "Parent Relationship": "Inner", "Scan Direction": "Forward", "Index Name": "keyword_id_movie_keyword", "Relation Name": "movie_keyword", "Alias": "mk", "Startup Cost": 0.0, "Total Cost": 136.88, "Plan Rows": 33, "Plan Width": 8, "Index Cond": "(keyword_id = k.id)"}]}, {"Node Type": "Index Scan", "Parent Relationship": "Inner", "Scan Direction": "Forward", "Index Name": "title_pkey", "Relation Name": "title", "Alias": "t1", "Startup Cost": 0.0, "Total Cost": 0.31, "Plan Rows": 1, "Plan Width": 21, "Index Cond": "(id = mk.movie_id)"}]}, {"Node Type": "Index Scan", "Parent Relationship": "Inner", "Scan Direction": "Forward", "Index Name": "movie_id_movie_link", "Relation Name": "movie_link", "Alias": "ml", "Startup Cost": 0.0, "Total Cost": 0.35, "Plan Rows": 5, "Plan Width": 12, "Index Cond": "(movie_id = t1.id)"}]}, {"Node Type": "Index Scan", "Parent Relationship": "Inner", "Scan Direction": "Forward", "Index Name": "link_type_pkey", "Relation Name": "link_type", "Alias": "lt", "Startup Cost": 0.0, "Total Cost": 0.27, "Plan Rows": 1, "Plan Width": 16, "Index Cond": "(id = ml.link_type_id)"}]}, {"Node Type": "Index Scan", "Parent Relationship": "Inner", "Scan Direction": "Forward", "Index Name": "title_pkey", "Relation Name": "title", "Alias": "t2", "Startup Cost": 0.0, "Total Cost": 4.3, "Plan Rows": 1, "Plan Width": 21, "Index Cond": "(id = ml.linked_movie_id)"}]}]}, "Unique SQL Id": 524435555, "Planner Runtime": 2}, "explain_analyze_plan": {"Plan": {"Node Type": "Aggregate", "Strategy": "Plain", "Startup Cost": 4051.57, "Total Cost": 4051.58, "Plan Rows": 1, "Plan Width": 142, "Actual Startup Time": 116.677, "Actual Total Time": 116.678, "Actual Rows": 1, "Actual Loops": 1, "Plans": [{"Node Type": "Nested Loop", "Parent Relationship": "Outer", "Join Type": "Inner", "Startup Cost": 0.0, "Total Cost": 4050.42, "Plan Rows": 154, "Plan Width": 46, "Actual Startup Time": 116.671, "Actual Total Time": 116.671, "Actual Rows": 0, "Actual Loops": 1, "Inner Unique": true, "Plans": [{"Node Type": "Nested Loop", "Parent Relationship": "Outer", "Join Type": "Inner", "Startup Cost": 0.0, "Total Cost": 3386.84, "Plan Rows": 154, "Plan Width": 33, "Actual Startup Time": 116.668, "Actual Total Time": 116.668, "Actual Rows": 0, "Actual Loops": 1, "Inner Unique": true, "Plans": [{"Node Type": "Nested Loop", "Parent Relationship": "Outer", "Join Type": "Inner", "Startup Cost": 0.0, "Total Cost": 3343.66, "Plan Rows": 154, "Plan Width": 25, "Actual Startup Time": 116.667, "Actual Total Time": 116.667, "Actual Rows": 0, "Actual Loops": 1, "Inner Unique": false, "Plans": [{"Node Type": "Nested Loop", "Parent Relationship": "Outer", "Join Type": "Inner", "Startup Cost": 0.0, "Total Cost": 3330.45, "Plan Rows": 33, "Plan Width": 25, "Actual Startup Time": 114.781, "Actual Total Time": 116.653, "Actual Rows": 1, "Actual Loops": 1, "Inner Unique": true, "Plans": [{"Node Type": "Nested Loop", "Parent Relationship": "Outer", "Join Type": "Inner", "Startup Cost": 0.0, "Total Cost": 3319.92, "Plan Rows": 33, "Plan Width": 4, "Actual Startup Time": 114.757, "Actual Total Time": 116.628, "Actual Rows": 1, "Actual Loops": 1, "Inner Unique": false, "Plans": [{"Node Type": "Index Scan", "Parent Relationship": "Outer", "Scan Direction": "Forward", "Index Name": "keyword_pkey", "Relation Name": "keyword", "Alias": "k", "Startup Cost": 0.0, "Total Cost": 3182.72, "Plan Rows": 1, "Plan Width": 4, "Actual Startup Time": 114.722, "Actual Total Time": 116.591, "Actual Rows": 1, "Actual Loops": 1, "Filter": "((keyword)::text = '10,000-mile-club'::text)", "Rows Removed by Filter": 134168}, {"Node Type": "Index Scan", "Parent Relationship": "Inner", "Scan Direction": "Forward", "Index Name": "keyword_id_movie_keyword", "Relation Name": "movie_keyword", "Alias": "mk", "Startup Cost": 0.0, "Total Cost": 136.88, "Plan Rows": 33, "Plan Width": 8, "Actual Startup Time": 0.023, "Actual Total Time": 0.023, "Actual Rows": 1, "Actual Loops": 1, "Index Cond": "(keyword_id = k.id)", "Rows Removed by Index Recheck": 0}]}, {"Node Type": "Index Scan", "Parent Relationship": "Inner", "Scan Direction": "Forward", "Index Name": "title_pkey", "Relation Name": "title", "Alias": "t1", "Startup Cost": 0.0, "Total Cost": 0.31, "Plan Rows": 1, "Plan Width": 21, "Actual Startup Time": 0.017, "Actual Total Time": 0.017, "Actual Rows": 1, "Actual Loops": 1, "Index Cond": "(id = mk.movie_id)", "Rows Removed by Index Recheck": 0}]}, {"Node Type": "Index Scan", "Parent Relationship": "Inner", "Scan Direction": "Forward", "Index Name": "movie_id_movie_link", "Relation Name": "movie_link", "Alias": "ml", "Startup Cost": 0.0, "Total Cost": 0.35, "Plan Rows": 5, "Plan Width": 12, "Actual Startup Time": 0.009, "Actual Total Time": 0.009, "Actual Rows": 0, "Actual Loops": 1, "Index Cond": "(movie_id = t1.id)", "Rows Removed by Index Recheck": 0}]}, {"Node Type": "Index Scan", "Parent Relationship": "Inner", "Scan Direction": "Forward", "Index Name": "link_type_pkey", "Relation Name": "link_type", "Alias": "lt", "Startup Cost": 0.0, "Total Cost": 0.27, "Plan Rows": 1, "Plan Width": 16, "Actual Startup Time": 0.0, "Actual Total Time": 0.0, "Index Cond": "(id = ml.link_type_id)", "Rows Removed by Index Recheck": 0}]}, {"Node Type": "Index Scan", "Parent Relationship": "Inner", "Scan Direction": "Forward", "Index Name": "title_pkey", "Relation Name": "title", "Alias": "t2", "Startup Cost": 0.0, "Total Cost": 4.3, "Plan Rows": 1, "Plan Width": 21, "Actual Startup Time": 0.0, "Actual Total Time": 0.0, "Index Cond": "(id = ml.linked_movie_id)", "Rows Removed by Index Recheck": 0}]}]}, "Triggers": [], "Planner Runtime": 2, "Total Runtime": 116.955, "Unique SQL Id": 524435555}}, "(1, 58)": {"explain_plan": {"Plan": {"Node Type": "Aggregate", "Strategy": "Plain", "Startup Cost": 7348798.26, "Total Cost": 7348798.27, "Plan Rows": 1, "Plan Width": 142, "Plans": [{"Node Type": "Nested Loop", "Parent Relationship": "Outer", "Join Type": "Inner", "Startup Cost": 0.0, "Total Cost": 7348797.1, "Plan Rows": 154, "Plan Width": 46, "Inner Unique": false, "Join Filter": "(ml.linked_movie_id = t2.id)", "Plans": [{"Node Type": "Seq Scan", "Parent Relationship": "Outer", "Relation Name": "title", "Alias": "t2", "Startup Cost": 0.0, "Total Cost": 60069.11, "Plan Rows": 2528311, "Plan Width": 21}, {"Node Type": "Materialize", "Parent Relationship": "Inner", "Startup Cost": 0.0, "Total Cost": 1448329.97, "Plan Rows": 154, "Plan Width": 33, "Plans": [{"Node Type": "Nested Loop", "Parent Relationship": "Outer", "Join Type": "Inner", "Startup Cost": 0.0, "Total Cost": 1448329.2, "Plan Rows": 154, "Plan Width": 33, "Inner Unique": true, "Join Filter": "(ml.link_type_id = lt.id)", "Plans": [{"Node Type": "Nested Loop", "Parent Relationship": "Outer", "Join Type": "Inner", "Startup Cost": 0.0, "Total Cost": 1448288.72, "Plan Rows": 154, "Plan Width": 25, "Inner Unique": false, "Join Filter": "(t1.id = ml.movie_id)", "Plans": [{"Node Type": "Seq Scan", "Parent Relationship": "Outer", "Relation Name": "movie_link", "Alias": "ml", "Startup Cost": 0.0, "Total Cost": 430.96, "Plan Rows": 29996, "Plan Width": 12}, {"Node Type": "Materialize", "Parent Relationship": "Inner", "Startup Cost": 0.0, "Total Cost": 1433009.82, "Plan Rows": 33, "Plan Width": 25, "Plans": [{"Node Type": "Nested Loop", "Parent Relationship": "Outer", "Join Type": "Inner", "Startup Cost": 0.0, "Total Cost": 1433009.65, "Plan Rows": 33, "Plan Width": 25, "Inner Unique": false, "Join Filter": "(mk.movie_id = t1.id)", "Plans": [{"Node Type": "Seq Scan", "Parent Relationship": "Outer", "Relation Name": "title", "Alias": "t1", "Startup Cost": 0.0, "Total Cost": 60069.11, "Plan Rows": 2528311, "Plan Width": 21}, {"Node Type": "Materialize", "Parent Relationship": "Inner", "Startup Cost": 0.0, "Total Cost": 121426.68, "Plan Rows": 33, "Plan Width": 4, "Plans": [{"Node Type": "Nested Loop", "Parent Relationship": "Outer", "Join Type": "Inner", "Startup Cost": 0.0, "Total Cost": 121426.52, "Plan Rows": 33, "Plan Width": 4, "Inner Unique": false, "Join Filter": "(k.id = mk.keyword_id)", "Plans": [{"Node Type": "Seq Scan", "Parent Relationship": "Outer", "Relation Name": "keyword", "Alias": "k", "Startup Cost": 0.0, "Total Cost": 2436.11, "Plan Rows": 1, "Plan Width": 4, "Filter": "((keyword)::text = '10,000-mile-club'::text)"}, {"Node Type": "Seq Scan", "Parent Relationship": "Inner", "Relation Name": "movie_keyword", "Alias": "mk", "Startup Cost": 0.0, "Total Cost": 62441.29, "Plan Rows": 4523929, "Plan Width": 8}]}]}]}]}]}, {"Node Type": "Materialize", "Parent Relationship": "Inner", "Startup Cost": 0.0, "Total Cost": 1.25, "Plan Rows": 17, "Plan Width": 16, "Plans": [{"Node Type": "Seq Scan", "Parent Relationship": "Outer", "Relation Name": "link_type", "Alias": "lt", "Startup Cost": 0.0, "Total Cost": 1.17, "Plan Rows": 17, "Plan Width": 16}]}]}]}]}]}, "Unique SQL Id": 524435555, "Planner Runtime": 2}, "explain_analyze_plan": null}, "(1, 59)": {"explain_plan": {"Plan": {"Node Type": "Aggregate", "Strategy": "Plain", "Startup Cost": 6000044963492.68, "Total Cost": 6000044963492.69, "Plan Rows": 1, "Plan Width": 142, "Plans": [{"Node Type": "Nested Loop", "Parent Relationship": "Outer", "Join Type": "Inner", "Startup Cost": 60000000000.0, "Total Cost": 6000044963491.52, "Plan Rows": 154, "Plan Width": 46, "Inner Unique": false, "Join Filter": "(ml.linked_movie_id = t2.id)", "Plans": [{"Node Type": "Index Scan", "Parent Relationship": "Outer", "Scan Direction": "Forward", "Index Name": "title_pkey", "Relation Name": "title", "Alias": "t2", "Startup Cost": 10000000000.0, "Total Cost": 1000011012048.91, "Plan Rows": 2528311, "Plan Width": 21}, {"Node Type": "Materialize", "Parent Relationship": "Inner", "Startup Cost": 50000000000.0, "Total Cost": 5000028111044.58, "Plan Rows": 154, "Plan Width": 33, "Plans": [{"Node Type": "Nested Loop", "Parent Relationship": "Outer", "Join Type": "Inner", "Startup Cost": 50000000000.0, "Total Cost": 5000028111043.81, "Plan Rows": 154, "Plan Width": 33, "Inner Unique": true, "Join Filter": "(ml.link_type_id = lt.id)", "Plans": [{"Node Type": "Nested Loop", "Parent Relationship": "Outer", "Join Type": "Inner", "Startup Cost": 40000000000.0, "Total Cost": 4000028109754.0, "Plan Rows": 154, "Plan Width": 25, "Inner Unique": false, "Join Filter": "(t1.id = ml.movie_id)", "Plans": [{"Node Type": "Index Scan", "Parent Relationship": "Outer", "Scan Direction": "Forward", "Index Name": "linked_movie_id_movie_link", "Relation Name": "movie_link", "Alias": "ml", "Startup Cost": 10000000000.0, "Total Cost": 1000000144578.17, "Plan Rows": 29996, "Plan Width": 12}, {"Node Type": "Materialize", "Parent Relationship": "Inner", "Startup Cost": 30000000000.0, "Total Cost": 3000027950327.9, "Plan Rows": 33, "Plan Width": 25, "Plans": [{"Node Type": "Nested Loop", "Parent Relationship": "Outer", "Join Type": "Inner", "Startup Cost": 30000000000.0, "Total Cost": 3000027950327.73, "Plan Rows": 33, "Plan Width": 25, "Inner Unique": false, "Join Filter": "(mk.movie_id = t1.id)", "Plans": [{"Node Type": "Index Scan", "Parent Relationship": "Outer", "Scan Direction": "Forward", "Index Name": "title_pkey", "Relation Name": "title", "Alias": "t1", "Startup Cost": 10000000000.0, "Total Cost": 1000011012048.91, "Plan Rows": 2528311, "Plan Width": 21}, {"Node Type": "Materialize", "Parent Relationship": "Inner", "Startup Cost": 20000000000.0, "Total Cost": 2000015686764.96, "Plan Rows": 33, "Plan Width": 4, "Plans": [{"Node Type": "Nested Loop", "Parent Relationship": "Outer", "Join Type": "Inner", "Startup Cost": 20000000000.0, "Total Cost": 2000015686764.79, "Plan Rows": 33, "Plan Width": 4, "Inner Unique": true, "Join Filter": "(k.id = mk.keyword_id)", "Plans": [{"Node Type": "Index Scan", "Parent Relationship": "Outer", "Scan Direction": "Forward", "Index Name": "movie_id_movie_keyword", "Relation Name": "movie_keyword", "Alias": "mk", "Startup Cost": 10000000000.0, "Total Cost": 1000015300634.17, "Plan Rows": 4523929, "Plan Width": 8}, {"Node Type": "Materialize", "Parent Relationship": "Inner", "Startup Cost": 10000000000.0, "Total Cost": 1000000318271.69, "Plan Rows": 1, "Plan Width": 4, "Plans": [{"Node Type": "Index Scan", "Parent Relationship": "Outer", "Scan Direction": "Forward", "Index Name": "keyword_pkey", "Relation Name": "keyword", "Alias": "k", "Startup Cost": 10000000000.0, "Total Cost": 1000000318271.68, "Plan Rows": 1, "Plan Width": 4, "Filter": "((keyword)::text = '10,000-mile-club'::text)"}]}]}]}]}]}]}, {"Node Type": "Materialize", "Parent Relationship": "Inner", "Startup Cost": 10000000000.0, "Total Cost": 1000000001250.58, "Plan Rows": 17, "Plan Width": 16, "Plans": [{"Node Type": "Index Scan", "Parent Relationship": "Outer", "Scan Direction": "Forward", "Index Name": "link_type_pkey", "Relation Name": "link_type", "Alias": "lt", "Startup Cost": 10000000000.0, "Total Cost": 1000000001250.5, "Plan Rows": 17, "Plan Width": 16}]}]}]}]}]}, "Unique SQL Id": 524435555, "Planner Runtime": 2}, "explain_analyze_plan": null}, "(1, 60)": {"explain_plan": {"Plan": {"Node Type": "Aggregate", "Strategy": "Plain", "Startup Cost": 3302.27, "Total Cost": 3302.28, "Plan Rows": 1, "Plan Width": 142, "Plans": [{"Node Type": "Nested Loop", "Parent Relationship": "Outer", "Join Type": "Inner", "Startup Cost": 0.0, "Total Cost": 3301.12, "Plan Rows": 154, "Plan Width": 46, "Inner Unique": true, "Plans": [{"Node Type": "Nested Loop", "Parent Relationship": "Outer", "Join Type": "Inner", "Startup Cost": 0.0, "Total Cost": 2637.54, "Plan Rows": 154, "Plan Width": 33, "Inner Unique": true, "Join Filter": "(ml.link_type_id = lt.id)", "Plans": [{"Node Type": "Nested Loop", "Parent Relationship": "Outer", "Join Type": "Inner", "Startup Cost": 0.0, "Total Cost": 2597.06, "Plan Rows": 154, "Plan Width": 25, "Inner Unique": false, "Plans": [{"Node Type": "Nested Loop", "Parent Relationship": "Outer", "Join Type": "Inner", "Startup Cost": 0.0, "Total Cost": 2583.84, "Plan Rows": 33, "Plan Width": 25, "Inner Unique": true, "Plans": [{"Node Type": "Nested Loop", "Parent Relationship": "Outer", "Join Type": "Inner", "Startup Cost": 0.0, "Total Cost": 2573.32, "Plan Rows": 33, "Plan Width": 4, "Inner Unique": false, "Plans": [{"Node Type": "Seq Scan", "Parent Relationship": "Outer", "Relation Name": "keyword", "Alias": "k", "Startup Cost": 0.0, "Total Cost": 2436.11, "Plan Rows": 1, "Plan Width": 4, "Filter": "((keyword)::text = '10,000-mile-club'::text)"}, {"Node Type": "Index Scan", "Parent Relationship": "Inner", "Scan Direction": "Forward", "Index Name": "keyword_id_movie_keyword", "Relation Name": "movie_keyword", "Alias": "mk", "Startup Cost": 0.0, "Total Cost": 136.88, "Plan Rows": 33, "Plan Width": 8, "Index Cond": "(keyword_id = k.id)"}]}, {"Node Type": "Index Scan", "Parent Relationship": "Inner", "Scan Direction": "Forward", "Index Name": "title_pkey", "Relation Name": "title", "Alias": "t1", "Startup Cost": 0.0, "Total Cost": 0.31, "Plan Rows": 1, "Plan Width": 21, "Index Cond": "(id = mk.movie_id)"}]}, {"Node Type": "Index Scan", "Parent Relationship": "Inner", "Scan Direction": "Forward", "Index Name": "movie_id_movie_link", "Relation Name": "movie_link", "Alias": "ml", "Startup Cost": 0.0, "Total Cost": 0.35, "Plan Rows": 5, "Plan Width": 12, "Index Cond": "(movie_id = t1.id)"}]}, {"Node Type": "Materialize", "Parent Relationship": "Inner", "Startup Cost": 0.0, "Total Cost": 1.25, "Plan Rows": 17, "Plan Width": 16, "Plans": [{"Node Type": "Seq Scan", "Parent Relationship": "Outer", "Relation Name": "link_type", "Alias": "lt", "Startup Cost": 0.0, "Total Cost": 1.17, "Plan Rows": 17, "Plan Width": 16}]}]}, {"Node Type": "Index Scan", "Parent Relationship": "Inner", "Scan Direction": "Forward", "Index Name": "title_pkey", "Relation Name": "title", "Alias": "t2", "Startup Cost": 0.0, "Total Cost": 4.3, "Plan Rows": 1, "Plan Width": 21, "Index Cond": "(id = ml.linked_movie_id)"}]}]}, "Unique SQL Id": 524435555, "Planner Runtime": 2}, "explain_analyze_plan": {"Plan": {"Node Type": "Aggregate", "Strategy": "Plain", "Startup Cost": 3302.27, "Total Cost": 3302.28, "Plan Rows": 1, "Plan Width": 142, "Actual Startup Time": 40.829, "Actual Total Time": 40.829, "Actual Rows": 1, "Actual Loops": 1, "Plans": [{"Node Type": "Nested Loop", "Parent Relationship": "Outer", "Join Type": "Inner", "Startup Cost": 0.0, "Total Cost": 3301.12, "Plan Rows": 154, "Plan Width": 46, "Actual Startup Time": 40.824, "Actual Total Time": 40.824, "Actual Rows": 0, "Actual Loops": 1, "Inner Unique": true, "Plans": [{"Node Type": "Nested Loop", "Parent Relationship": "Outer", "Join Type": "Inner", "Startup Cost": 0.0, "Total Cost": 2637.54, "Plan Rows": 154, "Plan Width": 33, "Actual Startup Time": 40.824, "Actual Total Time": 40.824, "Actual Rows": 0, "Actual Loops": 1, "Inner Unique": true, "Join Filter": "(ml.link_type_id = lt.id)", "Rows Removed by Join Filter": 0, "Plans": [{"Node Type": "Nested Loop", "Parent Relationship": "Outer", "Join Type": "Inner", "Startup Cost": 0.0, "Total Cost": 2597.06, "Plan Rows": 154, "Plan Width": 25, "Actual Startup Time": 40.823, "Actual Total Time": 40.823, "Actual Rows": 0, "Actual Loops": 1, "Inner Unique": false, "Plans": [{"Node Type": "Nested Loop", "Parent Relationship": "Outer", "Join Type": "Inner", "Startup Cost": 0.0, "Total Cost": 2583.84, "Plan Rows": 33, "Plan Width": 25, "Actual Startup Time": 39.943, "Actual Total Time": 40.818, "Actual Rows": 1, "Actual Loops": 1, "Inner Unique": true, "Plans": [{"Node Type": "Nested Loop", "Parent Relationship": "Outer", "Join Type": "Inner", "Startup Cost": 0.0, "Total Cost": 2573.32, "Plan Rows": 33, "Plan Width": 4, "Actual Startup Time": 39.932, "Actual Total Time": 40.806, "Actual Rows": 1, "Actual Loops": 1, "Inner Unique": false, "Plans": [{"Node Type": "Seq Scan", "Parent Relationship": "Outer", "Relation Name": "keyword", "Alias": "k", "Startup Cost": 0.0, "Total Cost": 2436.11, "Plan Rows": 1, "Plan Width": 4, "Actual Startup Time": 39.911, "Actual Total Time": 40.783, "Actual Rows": 1, "Actual Loops": 1, "Filter": "((keyword)::text = '10,000-mile-club'::text)", "Rows Removed by Filter": 134168}, {"Node Type": "Index Scan", "Parent Relationship": "Inner", "Scan Direction": "Forward", "Index Name": "keyword_id_movie_keyword", "Relation Name": "movie_keyword", "Alias": "mk", "Startup Cost": 0.0, "Total Cost": 136.88, "Plan Rows": 33, "Plan Width": 8, "Actual Startup Time": 0.016, "Actual Total Time": 0.016, "Actual Rows": 1, "Actual Loops": 1, "Index Cond": "(keyword_id = k.id)", "Rows Removed by Index Recheck": 0}]}, {"Node Type": "Index Scan", "Parent Relationship": "Inner", "Scan Direction": "Forward", "Index Name": "title_pkey", "Relation Name": "title", "Alias": "t1", "Startup Cost": 0.0, "Total Cost": 0.31, "Plan Rows": 1, "Plan Width": 21, "Actual Startup Time": 0.008, "Actual Total Time": 0.008, "Actual Rows": 1, "Actual Loops": 1, "Index Cond": "(id = mk.movie_id)", "Rows Removed by Index Recheck": 0}]}, {"Node Type": "Index Scan", "Parent Relationship": "Inner", "Scan Direction": "Forward", "Index Name": "movie_id_movie_link", "Relation Name": "movie_link", "Alias": "ml", "Startup Cost": 0.0, "Total Cost": 0.35, "Plan Rows": 5, "Plan Width": 12, "Actual Startup Time": 0.003, "Actual Total Time": 0.003, "Actual Rows": 0, "Actual Loops": 1, "Index Cond": "(movie_id = t1.id)", "Rows Removed by Index Recheck": 0}]}, {"Node Type": "Materialize", "Parent Relationship": "Inner", "Startup Cost": 0.0, "Total Cost": 1.25, "Plan Rows": 17, "Plan Width": 16, "Actual Startup Time": 0.0, "Actual Total Time": 0.0, "Plans": [{"Node Type": "Seq Scan", "Parent Relationship": "Outer", "Relation Name": "link_type", "Alias": "lt", "Startup Cost": 0.0, "Total Cost": 1.17, "Plan Rows": 17, "Plan Width": 16, "Actual Startup Time": 0.0, "Actual Total Time": 0.0}]}]}, {"Node Type": "Index Scan", "Parent Relationship": "Inner", "Scan Direction": "Forward", "Index Name": "title_pkey", "Relation Name": "title", "Alias": "t2", "Startup Cost": 0.0, "Total Cost": 4.3, "Plan Rows": 1, "Plan Width": 21, "Actual Startup Time": 0.0, "Actual Total Time": 0.0, "Index Cond": "(id = ml.linked_movie_id)", "Rows Removed by Index Recheck": 0}]}]}, "Triggers": [], "Planner Runtime": 2, "Total Runtime": 41.034, "Unique SQL Id": 524435555}}, "(1, 61)": {"explain_plan": {"Plan": {"Node Type": "Aggregate", "Strategy": "Plain", "Startup Cost": 4051.57, "Total Cost": 4051.58, "Plan Rows": 1, "Plan Width": 142, "Plans": [{"Node Type": "Nested Loop", "Parent Relationship": "Outer", "Join Type": "Inner", "Startup Cost": 0.0, "Total Cost": 4050.42, "Plan Rows": 154, "Plan Width": 46, "Inner Unique": true, "Plans": [{"Node Type": "Nested Loop", "Parent Relationship": "Outer", "Join Type": "Inner", "Startup Cost": 0.0, "Total Cost": 3386.84, "Plan Rows": 154, "Plan Width": 33, "Inner Unique": true, "Plans": [{"Node Type": "Nested Loop", "Parent Relationship": "Outer", "Join Type": "Inner", "Startup Cost": 0.0, "Total Cost": 3343.66, "Plan Rows": 154, "Plan Width": 25, "Inner Unique": false, "Plans": [{"Node Type": "Nested Loop", "Parent Relationship": "Outer", "Join Type": "Inner", "Startup Cost": 0.0, "Total Cost": 3330.45, "Plan Rows": 33, "Plan Width": 25, "Inner Unique": true, "Plans": [{"Node Type": "Nested Loop", "Parent Relationship": "Outer", "Join Type": "Inner", "Startup Cost": 0.0, "Total Cost": 3319.92, "Plan Rows": 33, "Plan Width": 4, "Inner Unique": false, "Plans": [{"Node Type": "Index Scan", "Parent Relationship": "Outer", "Scan Direction": "Forward", "Index Name": "keyword_pkey", "Relation Name": "keyword", "Alias": "k", "Startup Cost": 0.0, "Total Cost": 3182.72, "Plan Rows": 1, "Plan Width": 4, "Filter": "((keyword)::text = '10,000-mile-club'::text)"}, {"Node Type": "Index Scan", "Parent Relationship": "Inner", "Scan Direction": "Forward", "Index Name": "keyword_id_movie_keyword", "Relation Name": "movie_keyword", "Alias": "mk", "Startup Cost": 0.0, "Total Cost": 136.88, "Plan Rows": 33, "Plan Width": 8, "Index Cond": "(keyword_id = k.id)"}]}, {"Node Type": "Index Scan", "Parent Relationship": "Inner", "Scan Direction": "Forward", "Index Name": "title_pkey", "Relation Name": "title", "Alias": "t1", "Startup Cost": 0.0, "Total Cost": 0.31, "Plan Rows": 1, "Plan Width": 21, "Index Cond": "(id = mk.movie_id)"}]}, {"Node Type": "Index Scan", "Parent Relationship": "Inner", "Scan Direction": "Forward", "Index Name": "movie_id_movie_link", "Relation Name": "movie_link", "Alias": "ml", "Startup Cost": 0.0, "Total Cost": 0.35, "Plan Rows": 5, "Plan Width": 12, "Index Cond": "(movie_id = t1.id)"}]}, {"Node Type": "Index Scan", "Parent Relationship": "Inner", "Scan Direction": "Forward", "Index Name": "link_type_pkey", "Relation Name": "link_type", "Alias": "lt", "Startup Cost": 0.0, "Total Cost": 0.27, "Plan Rows": 1, "Plan Width": 16, "Index Cond": "(id = ml.link_type_id)"}]}, {"Node Type": "Index Scan", "Parent Relationship": "Inner", "Scan Direction": "Forward", "Index Name": "title_pkey", "Relation Name": "title", "Alias": "t2", "Startup Cost": 0.0, "Total Cost": 4.3, "Plan Rows": 1, "Plan Width": 21, "Index Cond": "(id = ml.linked_movie_id)"}]}]}, "Unique SQL Id": 524435555, "Planner Runtime": 2}, "explain_analyze_plan": {"Plan": {"Node Type": "Aggregate", "Strategy": "Plain", "Startup Cost": 4051.57, "Total Cost": 4051.58, "Plan Rows": 1, "Plan Width": 142, "Actual Startup Time": 116.677, "Actual Total Time": 116.678, "Actual Rows": 1, "Actual Loops": 1, "Plans": [{"Node Type": "Nested Loop", "Parent Relationship": "Outer", "Join Type": "Inner", "Startup Cost": 0.0, "Total Cost": 4050.42, "Plan Rows": 154, "Plan Width": 46, "Actual Startup Time": 116.671, "Actual Total Time": 116.671, "Actual Rows": 0, "Actual Loops": 1, "Inner Unique": true, "Plans": [{"Node Type": "Nested Loop", "Parent Relationship": "Outer", "Join Type": "Inner", "Startup Cost": 0.0, "Total Cost": 3386.84, "Plan Rows": 154, "Plan Width": 33, "Actual Startup Time": 116.668, "Actual Total Time": 116.668, "Actual Rows": 0, "Actual Loops": 1, "Inner Unique": true, "Plans": [{"Node Type": "Nested Loop", "Parent Relationship": "Outer", "Join Type": "Inner", "Startup Cost": 0.0, "Total Cost": 3343.66, "Plan Rows": 154, "Plan Width": 25, "Actual Startup Time": 116.667, "Actual Total Time": 116.667, "Actual Rows": 0, "Actual Loops": 1, "Inner Unique": false, "Plans": [{"Node Type": "Nested Loop", "Parent Relationship": "Outer", "Join Type": "Inner", "Startup Cost": 0.0, "Total Cost": 3330.45, "Plan Rows": 33, "Plan Width": 25, "Actual Startup Time": 114.781, "Actual Total Time": 116.653, "Actual Rows": 1, "Actual Loops": 1, "Inner Unique": true, "Plans": [{"Node Type": "Nested Loop", "Parent Relationship": "Outer", "Join Type": "Inner", "Startup Cost": 0.0, "Total Cost": 3319.92, "Plan Rows": 33, "Plan Width": 4, "Actual Startup Time": 114.757, "Actual Total Time": 116.628, "Actual Rows": 1, "Actual Loops": 1, "Inner Unique": false, "Plans": [{"Node Type": "Index Scan", "Parent Relationship": "Outer", "Scan Direction": "Forward", "Index Name": "keyword_pkey", "Relation Name": "keyword", "Alias": "k", "Startup Cost": 0.0, "Total Cost": 3182.72, "Plan Rows": 1, "Plan Width": 4, "Actual Startup Time": 114.722, "Actual Total Time": 116.591, "Actual Rows": 1, "Actual Loops": 1, "Filter": "((keyword)::text = '10,000-mile-club'::text)", "Rows Removed by Filter": 134168}, {"Node Type": "Index Scan", "Parent Relationship": "Inner", "Scan Direction": "Forward", "Index Name": "keyword_id_movie_keyword", "Relation Name": "movie_keyword", "Alias": "mk", "Startup Cost": 0.0, "Total Cost": 136.88, "Plan Rows": 33, "Plan Width": 8, "Actual Startup Time": 0.023, "Actual Total Time": 0.023, "Actual Rows": 1, "Actual Loops": 1, "Index Cond": "(keyword_id = k.id)", "Rows Removed by Index Recheck": 0}]}, {"Node Type": "Index Scan", "Parent Relationship": "Inner", "Scan Direction": "Forward", "Index Name": "title_pkey", "Relation Name": "title", "Alias": "t1", "Startup Cost": 0.0, "Total Cost": 0.31, "Plan Rows": 1, "Plan Width": 21, "Actual Startup Time": 0.017, "Actual Total Time": 0.017, "Actual Rows": 1, "Actual Loops": 1, "Index Cond": "(id = mk.movie_id)", "Rows Removed by Index Recheck": 0}]}, {"Node Type": "Index Scan", "Parent Relationship": "Inner", "Scan Direction": "Forward", "Index Name": "movie_id_movie_link", "Relation Name": "movie_link", "Alias": "ml", "Startup Cost": 0.0, "Total Cost": 0.35, "Plan Rows": 5, "Plan Width": 12, "Actual Startup Time": 0.009, "Actual Total Time": 0.009, "Actual Rows": 0, "Actual Loops": 1, "Index Cond": "(movie_id = t1.id)", "Rows Removed by Index Recheck": 0}]}, {"Node Type": "Index Scan", "Parent Relationship": "Inner", "Scan Direction": "Forward", "Index Name": "link_type_pkey", "Relation Name": "link_type", "Alias": "lt", "Startup Cost": 0.0, "Total Cost": 0.27, "Plan Rows": 1, "Plan Width": 16, "Actual Startup Time": 0.0, "Actual Total Time": 0.0, "Index Cond": "(id = ml.link_type_id)", "Rows Removed by Index Recheck": 0}]}, {"Node Type": "Index Scan", "Parent Relationship": "Inner", "Scan Direction": "Forward", "Index Name": "title_pkey", "Relation Name": "title", "Alias": "t2", "Startup Cost": 0.0, "Total Cost": 4.3, "Plan Rows": 1, "Plan Width": 21, "Actual Startup Time": 0.0, "Actual Total Time": 0.0, "Index Cond": "(id = ml.linked_movie_id)", "Rows Removed by Index Recheck": 0}]}]}, "Triggers": [], "Planner Runtime": 2, "Total Runtime": 116.955, "Unique SQL Id": 524435555}}, "(1, 62)": {"explain_plan": {"Plan": {"Node Type": "Aggregate", "Strategy": "Plain", "Startup Cost": 7348798.26, "Total Cost": 7348798.27, "Plan Rows": 1, "Plan Width": 142, "Plans": [{"Node Type": "Nested Loop", "Parent Relationship": "Outer", "Join Type": "Inner", "Startup Cost": 0.0, "Total Cost": 7348797.1, "Plan Rows": 154, "Plan Width": 46, "Inner Unique": false, "Join Filter": "(ml.linked_movie_id = t2.id)", "Plans": [{"Node Type": "Seq Scan", "Parent Relationship": "Outer", "Relation Name": "title", "Alias": "t2", "Startup Cost": 0.0, "Total Cost": 60069.11, "Plan Rows": 2528311, "Plan Width": 21}, {"Node Type": "Materialize", "Parent Relationship": "Inner", "Startup Cost": 0.0, "Total Cost": 1448329.97, "Plan Rows": 154, "Plan Width": 33, "Plans": [{"Node Type": "Nested Loop", "Parent Relationship": "Outer", "Join Type": "Inner", "Startup Cost": 0.0, "Total Cost": 1448329.2, "Plan Rows": 154, "Plan Width": 33, "Inner Unique": true, "Join Filter": "(ml.link_type_id = lt.id)", "Plans": [{"Node Type": "Nested Loop", "Parent Relationship": "Outer", "Join Type": "Inner", "Startup Cost": 0.0, "Total Cost": 1448288.72, "Plan Rows": 154, "Plan Width": 25, "Inner Unique": false, "Join Filter": "(t1.id = ml.movie_id)", "Plans": [{"Node Type": "Seq Scan", "Parent Relationship": "Outer", "Relation Name": "movie_link", "Alias": "ml", "Startup Cost": 0.0, "Total Cost": 430.96, "Plan Rows": 29996, "Plan Width": 12}, {"Node Type": "Materialize", "Parent Relationship": "Inner", "Startup Cost": 0.0, "Total Cost": 1433009.82, "Plan Rows": 33, "Plan Width": 25, "Plans": [{"Node Type": "Nested Loop", "Parent Relationship": "Outer", "Join Type": "Inner", "Startup Cost": 0.0, "Total Cost": 1433009.65, "Plan Rows": 33, "Plan Width": 25, "Inner Unique": false, "Join Filter": "(mk.movie_id = t1.id)", "Plans": [{"Node Type": "Seq Scan", "Parent Relationship": "Outer", "Relation Name": "title", "Alias": "t1", "Startup Cost": 0.0, "Total Cost": 60069.11, "Plan Rows": 2528311, "Plan Width": 21}, {"Node Type": "Materialize", "Parent Relationship": "Inner", "Startup Cost": 0.0, "Total Cost": 121426.68, "Plan Rows": 33, "Plan Width": 4, "Plans": [{"Node Type": "Nested Loop", "Parent Relationship": "Outer", "Join Type": "Inner", "Startup Cost": 0.0, "Total Cost": 121426.52, "Plan Rows": 33, "Plan Width": 4, "Inner Unique": false, "Join Filter": "(k.id = mk.keyword_id)", "Plans": [{"Node Type": "Seq Scan", "Parent Relationship": "Outer", "Relation Name": "keyword", "Alias": "k", "Startup Cost": 0.0, "Total Cost": 2436.11, "Plan Rows": 1, "Plan Width": 4, "Filter": "((keyword)::text = '10,000-mile-club'::text)"}, {"Node Type": "Seq Scan", "Parent Relationship": "Inner", "Relation Name": "movie_keyword", "Alias": "mk", "Startup Cost": 0.0, "Total Cost": 62441.29, "Plan Rows": 4523929, "Plan Width": 8}]}]}]}]}]}, {"Node Type": "Materialize", "Parent Relationship": "Inner", "Startup Cost": 0.0, "Total Cost": 1.25, "Plan Rows": 17, "Plan Width": 16, "Plans": [{"Node Type": "Seq Scan", "Parent Relationship": "Outer", "Relation Name": "link_type", "Alias": "lt", "Startup Cost": 0.0, "Total Cost": 1.17, "Plan Rows": 17, "Plan Width": 16}]}]}]}]}]}, "Unique SQL Id": 524435555, "Planner Runtime": 2}, "explain_analyze_plan": null}, "(1, 63)": {"explain_plan": {"Plan": {"Node Type": "Aggregate", "Strategy": "Plain", "Startup Cost": 6000044963492.68, "Total Cost": 6000044963492.69, "Plan Rows": 1, "Plan Width": 142, "Plans": [{"Node Type": "Nested Loop", "Parent Relationship": "Outer", "Join Type": "Inner", "Startup Cost": 60000000000.0, "Total Cost": 6000044963491.52, "Plan Rows": 154, "Plan Width": 46, "Inner Unique": false, "Join Filter": "(ml.linked_movie_id = t2.id)", "Plans": [{"Node Type": "Index Scan", "Parent Relationship": "Outer", "Scan Direction": "Forward", "Index Name": "title_pkey", "Relation Name": "title", "Alias": "t2", "Startup Cost": 10000000000.0, "Total Cost": 1000011012048.91, "Plan Rows": 2528311, "Plan Width": 21}, {"Node Type": "Materialize", "Parent Relationship": "Inner", "Startup Cost": 50000000000.0, "Total Cost": 5000028111044.58, "Plan Rows": 154, "Plan Width": 33, "Plans": [{"Node Type": "Nested Loop", "Parent Relationship": "Outer", "Join Type": "Inner", "Startup Cost": 50000000000.0, "Total Cost": 5000028111043.81, "Plan Rows": 154, "Plan Width": 33, "Inner Unique": true, "Join Filter": "(ml.link_type_id = lt.id)", "Plans": [{"Node Type": "Nested Loop", "Parent Relationship": "Outer", "Join Type": "Inner", "Startup Cost": 40000000000.0, "Total Cost": 4000028109754.0, "Plan Rows": 154, "Plan Width": 25, "Inner Unique": false, "Join Filter": "(t1.id = ml.movie_id)", "Plans": [{"Node Type": "Index Scan", "Parent Relationship": "Outer", "Scan Direction": "Forward", "Index Name": "linked_movie_id_movie_link", "Relation Name": "movie_link", "Alias": "ml", "Startup Cost": 10000000000.0, "Total Cost": 1000000144578.17, "Plan Rows": 29996, "Plan Width": 12}, {"Node Type": "Materialize", "Parent Relationship": "Inner", "Startup Cost": 30000000000.0, "Total Cost": 3000027950327.9, "Plan Rows": 33, "Plan Width": 25, "Plans": [{"Node Type": "Nested Loop", "Parent Relationship": "Outer", "Join Type": "Inner", "Startup Cost": 30000000000.0, "Total Cost": 3000027950327.73, "Plan Rows": 33, "Plan Width": 25, "Inner Unique": false, "Join Filter": "(mk.movie_id = t1.id)", "Plans": [{"Node Type": "Index Scan", "Parent Relationship": "Outer", "Scan Direction": "Forward", "Index Name": "title_pkey", "Relation Name": "title", "Alias": "t1", "Startup Cost": 10000000000.0, "Total Cost": 1000011012048.91, "Plan Rows": 2528311, "Plan Width": 21}, {"Node Type": "Materialize", "Parent Relationship": "Inner", "Startup Cost": 20000000000.0, "Total Cost": 2000015686764.96, "Plan Rows": 33, "Plan Width": 4, "Plans": [{"Node Type": "Nested Loop", "Parent Relationship": "Outer", "Join Type": "Inner", "Startup Cost": 20000000000.0, "Total Cost": 2000015686764.79, "Plan Rows": 33, "Plan Width": 4, "Inner Unique": true, "Join Filter": "(k.id = mk.keyword_id)", "Plans": [{"Node Type": "Index Scan", "Parent Relationship": "Outer", "Scan Direction": "Forward", "Index Name": "movie_id_movie_keyword", "Relation Name": "movie_keyword", "Alias": "mk", "Startup Cost": 10000000000.0, "Total Cost": 1000015300634.17, "Plan Rows": 4523929, "Plan Width": 8}, {"Node Type": "Materialize", "Parent Relationship": "Inner", "Startup Cost": 10000000000.0, "Total Cost": 1000000318271.69, "Plan Rows": 1, "Plan Width": 4, "Plans": [{"Node Type": "Index Scan", "Parent Relationship": "Outer", "Scan Direction": "Forward", "Index Name": "keyword_pkey", "Relation Name": "keyword", "Alias": "k", "Startup Cost": 10000000000.0, "Total Cost": 1000000318271.68, "Plan Rows": 1, "Plan Width": 4, "Filter": "((keyword)::text = '10,000-mile-club'::text)"}]}]}]}]}]}]}, {"Node Type": "Materialize", "Parent Relationship": "Inner", "Startup Cost": 10000000000.0, "Total Cost": 1000000001250.58, "Plan Rows": 17, "Plan Width": 16, "Plans": [{"Node Type": "Index Scan", "Parent Relationship": "Outer", "Scan Direction": "Forward", "Index Name": "link_type_pkey", "Relation Name": "link_type", "Alias": "lt", "Startup Cost": 10000000000.0, "Total Cost": 1000000001250.5, "Plan Rows": 17, "Plan Width": 16}]}]}]}]}]}, "Unique SQL Id": 524435555, "Planner Runtime": 1}, "explain_analyze_plan": null}, "(1, 64)": {"explain_plan": {"Plan": {"Node Type": "Aggregate", "Strategy": "Plain", "Startup Cost": 3260.82, "Total Cost": 3260.83, "Plan Rows": 1, "Plan Width": 142, "Plans": [{"Node Type": "Nested Loop", "Parent Relationship": "Outer", "Join Type": "Inner", "Startup Cost": 5.89, "Total Cost": 3259.66, "Plan Rows": 154, "Plan Width": 46, "Inner Unique": true, "Plans": [{"Node Type": "Hash Join", "Parent Relationship": "Outer", "Join Type": "Inner", "Startup Cost": 5.89, "Total Cost": 2596.09, "Plan Rows": 154, "Plan Width": 33, "Inner Unique": true, "Hash Cond": "(ml.link_type_id = lt.id)", "Plans": [{"Node Type": "Nested Loop", "Parent Relationship": "Outer", "Join Type": "Inner", "Startup Cost": 4.51, "Total Cost": 2592.76, "Plan Rows": 154, "Plan Width": 25, "Inner Unique": false, "Plans": [{"Node Type": "Nested Loop", "Parent Relationship": "Outer", "Join Type": "Inner", "Startup Cost": 4.51, "Total Cost": 2579.55, "Plan Rows": 33, "Plan Width": 25, "Inner Unique": true, "Plans": [{"Node Type": "Nested Loop", "Parent Relationship": "Outer", "Join Type": "Inner", "Startup Cost": 4.51, "Total Cost": 2569.02, "Plan Rows": 33, "Plan Width": 4, "Inner Unique": false, "Plans": [{"Node Type": "Seq Scan", "Parent Relationship": "Outer", "Relation Name": "keyword", "Alias": "k", "Startup Cost": 0.0, "Total Cost": 2436.11, "Plan Rows": 1, "Plan Width": 4, "Filter": "((keyword)::text = '10,000-mile-club'::text)"}, {"Node Type": "Bitmap Heap Scan", "Parent Relationship": "Inner", "Relation Name": "movie_keyword", "Alias": "mk", "Startup Cost": 4.51, "Total Cost": 132.58, "Plan Rows": 33, "Plan Width": 8, "Recheck Cond": "(keyword_id = k.id)", "Plans": [{"Node Type": "Bitmap Index Scan", "Parent Relationship": "Outer", "Index Name": "keyword_id_movie_keyword", "Startup Cost": 0.0, "Total Cost": 4.5, "Plan Rows": 33, "Plan Width": 0, "Index Cond": "(keyword_id = k.id)"}]}]}, {"Node Type": "Index Scan", "Parent Relationship": "Inner", "Scan Direction": "Forward", "Index Name": "title_pkey", "Relation Name": "title", "Alias": "t1", "Startup Cost": 0.0, "Total Cost": 0.31, "Plan Rows": 1, "Plan Width": 21, "Index Cond": "(id = mk.movie_id)"}]}, {"Node Type": "Index Scan", "Parent Relationship": "Inner", "Scan Direction": "Forward", "Index Name": "movie_id_movie_link", "Relation Name": "movie_link", "Alias": "ml", "Startup Cost": 0.0, "Total Cost": 0.35, "Plan Rows": 5, "Plan Width": 12, "Index Cond": "(movie_id = t1.id)"}]}, {"Node Type": "Hash", "Parent Relationship": "Inner", "Startup Cost": 1.17, "Total Cost": 1.17, "Plan Rows": 17, "Plan Width": 16, "Plans": [{"Node Type": "Seq Scan", "Parent Relationship": "Outer", "Relation Name": "link_type", "Alias": "lt", "Startup Cost": 0.0, "Total Cost": 1.17, "Plan Rows": 17, "Plan Width": 16}]}]}, {"Node Type": "Index Scan", "Parent Relationship": "Inner", "Scan Direction": "Forward", "Index Name": "title_pkey", "Relation Name": "title", "Alias": "t2", "Startup Cost": 0.0, "Total Cost": 4.3, "Plan Rows": 1, "Plan Width": 21, "Index Cond": "(id = ml.linked_movie_id)"}]}]}, "Unique SQL Id": 524435555, "Planner Runtime": 12}, "explain_analyze_plan": {"Plan": {"Node Type": "Aggregate", "Strategy": "Plain", "Startup Cost": 3260.82, "Total Cost": 3260.83, "Plan Rows": 1, "Plan Width": 142, "Actual Startup Time": 41.918, "Actual Total Time": 41.918, "Actual Rows": 1, "Actual Loops": 1, "Plans": [{"Node Type": "Nested Loop", "Parent Relationship": "Outer", "Join Type": "Inner", "Startup Cost": 5.89, "Total Cost": 3259.66, "Plan Rows": 154, "Plan Width": 46, "Actual Startup Time": 41.91, "Actual Total Time": 41.91, "Actual Rows": 0, "Actual Loops": 1, "Inner Unique": true, "Plans": [{"Node Type": "Hash Join", "Parent Relationship": "Outer", "Join Type": "Inner", "Startup Cost": 5.89, "Total Cost": 2596.09, "Plan Rows": 154, "Plan Width": 33, "Actual Startup Time": 41.883, "Actual Total Time": 41.883, "Actual Rows": 0, "Actual Loops": 1, "Inner Unique": true, "Hash Cond": "(ml.link_type_id = lt.id)", "Plans": [{"Node Type": "Nested Loop", "Parent Relationship": "Outer", "Join Type": "Inner", "Startup Cost": 4.51, "Total Cost": 2592.76, "Plan Rows": 154, "Plan Width": 25, "Actual Startup Time": 41.806, "Actual Total Time": 41.806, "Actual Rows": 0, "Actual Loops": 1, "Inner Unique": false, "Plans": [{"Node Type": "Nested Loop", "Parent Relationship": "Outer", "Join Type": "Inner", "Startup Cost": 4.51, "Total Cost": 2579.55, "Plan Rows": 33, "Plan Width": 25, "Actual Startup Time": 40.914, "Actual Total Time": 41.8, "Actual Rows": 1, "Actual Loops": 1, "Inner Unique": true, "Plans": [{"Node Type": "Nested Loop", "Parent Relationship": "Outer", "Join Type": "Inner", "Startup Cost": 4.51, "Total Cost": 2569.02, "Plan Rows": 33, "Plan Width": 4, "Actual Startup Time": 40.9, "Actual Total Time": 41.786, "Actual Rows": 1, "Actual Loops": 1, "Inner Unique": false, "Plans": [{"Node Type": "Seq Scan", "Parent Relationship": "Outer", "Relation Name": "keyword", "Alias": "k", "Startup Cost": 0.0, "Total Cost": 2436.11, "Plan Rows": 1, "Plan Width": 4, "Actual Startup Time": 40.866, "Actual Total Time": 41.751, "Actual Rows": 1, "Actual Loops": 1, "Filter": "((keyword)::text = '10,000-mile-club'::text)", "Rows Removed by Filter": 134168}, {"Node Type": "Bitmap Heap Scan", "Parent Relationship": "Inner", "Relation Name": "movie_keyword", "Alias": "mk", "Startup Cost": 4.51, "Total Cost": 132.58, "Plan Rows": 33, "Plan Width": 8, "Actual Startup Time": 0.027, "Actual Total Time": 0.028, "Actual Rows": 1, "Actual Loops": 1, "Recheck Cond": "(keyword_id = k.id)", "Rows Removed by Index Recheck": 0, "Exact Heap Blocks": 1, "Lossy Heap Blocks": 1, "Plans": [{"Node Type": "Bitmap Index Scan", "Parent Relationship": "Outer", "Index Name": "keyword_id_movie_keyword", "Startup Cost": 0.0, "Total Cost": 4.5, "Plan Rows": 33, "Plan Width": 0, "Actual Startup Time": 0.016, "Actual Total Time": 0.016, "Actual Rows": 1, "Actual Loops": 1, "Index Cond": "(keyword_id = k.id)"}]}]}, {"Node Type": "Index Scan", "Parent Relationship": "Inner", "Scan Direction": "Forward", "Index Name": "title_pkey", "Relation Name": "title", "Alias": "t1", "Startup Cost": 0.0, "Total Cost": 0.31, "Plan Rows": 1, "Plan Width": 21, "Actual Startup Time": 0.012, "Actual Total Time": 0.012, "Actual Rows": 1, "Actual Loops": 1, "Index Cond": "(id = mk.movie_id)", "Rows Removed by Index Recheck": 0}]}, {"Node Type": "Index Scan", "Parent Relationship": "Inner", "Scan Direction": "Forward", "Index Name": "movie_id_movie_link", "Relation Name": "movie_link", "Alias": "ml", "Startup Cost": 0.0, "Total Cost": 0.35, "Plan Rows": 5, "Plan Width": 12, "Actual Startup Time": 0.003, "Actual Total Time": 0.003, "Actual Rows": 0, "Actual Loops": 1, "Index Cond": "(movie_id = t1.id)", "Rows Removed by Index Recheck": 0}]}, {"Node Type": "Hash", "Parent Relationship": "Inner", "Startup Cost": 1.17, "Total Cost": 1.17, "Plan Rows": 17, "Plan Width": 16, "Actual Startup Time": 0.037, "Actual Total Time": 0.037, "Actual Rows": 17, "Actual Loops": 1, "Hash Buckets": 32768, "Hash Batches": 1, "Original Hash Batches": 1, "Peak Memory Usage": 1, "Plans": [{"Node Type": "Seq Scan", "Parent Relationship": "Outer", "Relation Name": "link_type", "Alias": "lt", "Startup Cost": 0.0, "Total Cost": 1.17, "Plan Rows": 17, "Plan Width": 16, "Actual Startup Time": 0.017, "Actual Total Time": 0.023, "Actual Rows": 17, "Actual Loops": 1}]}]}, {"Node Type": "Index Scan", "Parent Relationship": "Inner", "Scan Direction": "Forward", "Index Name": "title_pkey", "Relation Name": "title", "Alias": "t2", "Startup Cost": 0.0, "Total Cost": 4.3, "Plan Rows": 1, "Plan Width": 21, "Actual Startup Time": 0.0, "Actual Total Time": 0.0, "Index Cond": "(id = ml.linked_movie_id)", "Rows Removed by Index Recheck": 0}]}]}, "Triggers": [], "Planner Runtime": 5, "Total Runtime": 42.159, "Unique SQL Id": 524435555}}, "(1, 65)": {"explain_plan": {"Plan": {"Node Type": "Aggregate", "Strategy": "Plain", "Startup Cost": 4047.28, "Total Cost": 4047.29, "Plan Rows": 1, "Plan Width": 142, "Plans": [{"Node Type": "Nested Loop", "Parent Relationship": "Outer", "Join Type": "Inner", "Startup Cost": 4.51, "Total Cost": 4046.12, "Plan Rows": 154, "Plan Width": 46, "Inner Unique": true, "Plans": [{"Node Type": "Nested Loop", "Parent Relationship": "Outer", "Join Type": "Inner", "Startup Cost": 4.51, "Total Cost": 3382.55, "Plan Rows": 154, "Plan Width": 33, "Inner Unique": true, "Plans": [{"Node Type": "Nested Loop", "Parent Relationship": "Outer", "Join Type": "Inner", "Startup Cost": 4.51, "Total Cost": 3339.37, "Plan Rows": 154, "Plan Width": 25, "Inner Unique": false, "Plans": [{"Node Type": "Nested Loop", "Parent Relationship": "Outer", "Join Type": "Inner", "Startup Cost": 4.51, "Total Cost": 3326.15, "Plan Rows": 33, "Plan Width": 25, "Inner Unique": true, "Plans": [{"Node Type": "Nested Loop", "Parent Relationship": "Outer", "Join Type": "Inner", "Startup Cost": 4.51, "Total Cost": 3315.63, "Plan Rows": 33, "Plan Width": 4, "Inner Unique": false, "Plans": [{"Node Type": "Index Scan", "Parent Relationship": "Outer", "Scan Direction": "Forward", "Index Name": "keyword_pkey", "Relation Name": "keyword", "Alias": "k", "Startup Cost": 0.0, "Total Cost": 3182.72, "Plan Rows": 1, "Plan Width": 4, "Filter": "((keyword)::text = '10,000-mile-club'::text)"}, {"Node Type": "Bitmap Heap Scan", "Parent Relationship": "Inner", "Relation Name": "movie_keyword", "Alias": "mk", "Startup Cost": 4.51, "Total Cost": 132.58, "Plan Rows": 33, "Plan Width": 8, "Recheck Cond": "(keyword_id = k.id)", "Plans": [{"Node Type": "Bitmap Index Scan", "Parent Relationship": "Outer", "Index Name": "keyword_id_movie_keyword", "Startup Cost": 0.0, "Total Cost": 4.5, "Plan Rows": 33, "Plan Width": 0, "Index Cond": "(keyword_id = k.id)"}]}]}, {"Node Type": "Index Scan", "Parent Relationship": "Inner", "Scan Direction": "Forward", "Index Name": "title_pkey", "Relation Name": "title", "Alias": "t1", "Startup Cost": 0.0, "Total Cost": 0.31, "Plan Rows": 1, "Plan Width": 21, "Index Cond": "(id = mk.movie_id)"}]}, {"Node Type": "Index Scan", "Parent Relationship": "Inner", "Scan Direction": "Forward", "Index Name": "movie_id_movie_link", "Relation Name": "movie_link", "Alias": "ml", "Startup Cost": 0.0, "Total Cost": 0.35, "Plan Rows": 5, "Plan Width": 12, "Index Cond": "(movie_id = t1.id)"}]}, {"Node Type": "Index Scan", "Parent Relationship": "Inner", "Scan Direction": "Forward", "Index Name": "link_type_pkey", "Relation Name": "link_type", "Alias": "lt", "Startup Cost": 0.0, "Total Cost": 0.27, "Plan Rows": 1, "Plan Width": 16, "Index Cond": "(id = ml.link_type_id)"}]}, {"Node Type": "Index Scan", "Parent Relationship": "Inner", "Scan Direction": "Forward", "Index Name": "title_pkey", "Relation Name": "title", "Alias": "t2", "Startup Cost": 0.0, "Total Cost": 4.3, "Plan Rows": 1, "Plan Width": 21, "Index Cond": "(id = ml.linked_movie_id)"}]}]}, "Unique SQL Id": 524435555, "Planner Runtime": 12}, "explain_analyze_plan": {"Plan": {"Node Type": "Aggregate", "Strategy": "Plain", "Startup Cost": 4047.28, "Total Cost": 4047.29, "Plan Rows": 1, "Plan Width": 142, "Actual Startup Time": 119.675, "Actual Total Time": 119.675, "Actual Rows": 1, "Actual Loops": 1, "Plans": [{"Node Type": "Nested Loop", "Parent Relationship": "Outer", "Join Type": "Inner", "Startup Cost": 4.51, "Total Cost": 4046.12, "Plan Rows": 154, "Plan Width": 46, "Actual Startup Time": 119.669, "Actual Total Time": 119.669, "Actual Rows": 0, "Actual Loops": 1, "Inner Unique": true, "Plans": [{"Node Type": "Nested Loop", "Parent Relationship": "Outer", "Join Type": "Inner", "Startup Cost": 4.51, "Total Cost": 3382.55, "Plan Rows": 154, "Plan Width": 33, "Actual Startup Time": 119.668, "Actual Total Time": 119.668, "Actual Rows": 0, "Actual Loops": 1, "Inner Unique": true, "Plans": [{"Node Type": "Nested Loop", "Parent Relationship": "Outer", "Join Type": "Inner", "Startup Cost": 4.51, "Total Cost": 3339.37, "Plan Rows": 154, "Plan Width": 25, "Actual Startup Time": 119.668, "Actual Total Time": 119.668, "Actual Rows": 0, "Actual Loops": 1, "Inner Unique": false, "Plans": [{"Node Type": "Nested Loop", "Parent Relationship": "Outer", "Join Type": "Inner", "Startup Cost": 4.51, "Total Cost": 3326.15, "Plan Rows": 33, "Plan Width": 25, "Actual Startup Time": 117.759, "Actual Total Time": 119.662, "Actual Rows": 1, "Actual Loops": 1, "Inner Unique": true, "Plans": [{"Node Type": "Nested Loop", "Parent Relationship": "Outer", "Join Type": "Inner", "Startup Cost": 4.51, "Total Cost": 3315.63, "Plan Rows": 33, "Plan Width": 4, "Actual Startup Time": 117.744, "Actual Total Time": 119.646, "Actual Rows": 1, "Actual Loops": 1, "Inner Unique": false, "Plans": [{"Node Type": "Index Scan", "Parent Relationship": "Outer", "Scan Direction": "Forward", "Index Name": "keyword_pkey", "Relation Name": "keyword", "Alias": "k", "Startup Cost": 0.0, "Total Cost": 3182.72, "Plan Rows": 1, "Plan Width": 4, "Actual Startup Time": 117.697, "Actual Total Time": 119.597, "Actual Rows": 1, "Actual Loops": 1, "Filter": "((keyword)::text = '10,000-mile-club'::text)", "Rows Removed by Filter": 134168}, {"Node Type": "Bitmap Heap Scan", "Parent Relationship": "Inner", "Relation Name": "movie_keyword", "Alias": "mk", "Startup Cost": 4.51, "Total Cost": 132.58, "Plan Rows": 33, "Plan Width": 8, "Actual Startup Time": 0.032, "Actual Total Time": 0.033, "Actual Rows": 1, "Actual Loops": 1, "Recheck Cond": "(keyword_id = k.id)", "Rows Removed by Index Recheck": 0, "Exact Heap Blocks": 1, "Lossy Heap Blocks": 1, "Plans": [{"Node Type": "Bitmap Index Scan", "Parent Relationship": "Outer", "Index Name": "keyword_id_movie_keyword", "Startup Cost": 0.0, "Total Cost": 4.5, "Plan Rows": 33, "Plan Width": 0, "Actual Startup Time": 0.018, "Actual Total Time": 0.018, "Actual Rows": 1, "Actual Loops": 1, "Index Cond": "(keyword_id = k.id)"}]}]}, {"Node Type": "Index Scan", "Parent Relationship": "Inner", "Scan Direction": "Forward", "Index Name": "title_pkey", "Relation Name": "title", "Alias": "t1", "Startup Cost": 0.0, "Total Cost": 0.31, "Plan Rows": 1, "Plan Width": 21, "Actual Startup Time": 0.011, "Actual Total Time": 0.011, "Actual Rows": 1, "Actual Loops": 1, "Index Cond": "(id = mk.movie_id)", "Rows Removed by Index Recheck": 0}]}, {"Node Type": "Index Scan", "Parent Relationship": "Inner", "Scan Direction": "Forward", "Index Name": "movie_id_movie_link", "Relation Name": "movie_link", "Alias": "ml", "Startup Cost": 0.0, "Total Cost": 0.35, "Plan Rows": 5, "Plan Width": 12, "Actual Startup Time": 0.003, "Actual Total Time": 0.003, "Actual Rows": 0, "Actual Loops": 1, "Index Cond": "(movie_id = t1.id)", "Rows Removed by Index Recheck": 0}]}, {"Node Type": "Index Scan", "Parent Relationship": "Inner", "Scan Direction": "Forward", "Index Name": "link_type_pkey", "Relation Name": "link_type", "Alias": "lt", "Startup Cost": 0.0, "Total Cost": 0.27, "Plan Rows": 1, "Plan Width": 16, "Actual Startup Time": 0.0, "Actual Total Time": 0.0, "Index Cond": "(id = ml.link_type_id)", "Rows Removed by Index Recheck": 0}]}, {"Node Type": "Index Scan", "Parent Relationship": "Inner", "Scan Direction": "Forward", "Index Name": "title_pkey", "Relation Name": "title", "Alias": "t2", "Startup Cost": 0.0, "Total Cost": 4.3, "Plan Rows": 1, "Plan Width": 21, "Actual Startup Time": 0.0, "Actual Total Time": 0.0, "Index Cond": "(id = ml.linked_movie_id)", "Rows Removed by Index Recheck": 0}]}]}, "Triggers": [], "Planner Runtime": 2, "Total Runtime": 119.92, "Unique SQL Id": 524435555}}, "(1, 66)": {"explain_plan": {"Plan": {"Node Type": "Aggregate", "Strategy": "Plain", "Startup Cost": 3709.86, "Total Cost": 3709.87, "Plan Rows": 1, "Plan Width": 142, "Plans": [{"Node Type": "Nested Loop", "Parent Relationship": "Outer", "Join Type": "Inner", "Startup Cost": 7.93, "Total Cost": 3708.7, "Plan Rows": 154, "Plan Width": 46, "Inner Unique": true, "Plans": [{"Node Type": "Hash Join", "Parent Relationship": "Outer", "Join Type": "Inner", "Startup Cost": 6.44, "Total Cost": 2859.52, "Plan Rows": 154, "Plan Width": 33, "Inner Unique": true, "Hash Cond": "(ml.link_type_id = lt.id)", "Plans": [{"Node Type": "Nested Loop", "Parent Relationship": "Outer", "Join Type": "Inner", "Startup Cost": 5.06, "Total Cost": 2856.2, "Plan Rows": 154, "Plan Width": 25, "Inner Unique": false, "Join Filter": "(t1.id = ml.movie_id)", "Plans": [{"Node Type": "Nested Loop", "Parent Relationship": "Outer", "Join Type": "Inner", "Startup Cost": 4.77, "Total Cost": 2710.54, "Plan Rows": 33, "Plan Width": 25, "Inner Unique": true, "Plans": [{"Node Type": "Nested Loop", "Parent Relationship": "Outer", "Join Type": "Inner", "Startup Cost": 4.51, "Total Cost": 2569.02, "Plan Rows": 33, "Plan Width": 4, "Inner Unique": false, "Plans": [{"Node Type": "Seq Scan", "Parent Relationship": "Outer", "Relation Name": "keyword", "Alias": "k", "Startup Cost": 0.0, "Total Cost": 2436.11, "Plan Rows": 1, "Plan Width": 4, "Filter": "((keyword)::text = '10,000-mile-club'::text)"}, {"Node Type": "Bitmap Heap Scan", "Parent Relationship": "Inner", "Relation Name": "movie_keyword", "Alias": "mk", "Startup Cost": 4.51, "Total Cost": 132.58, "Plan Rows": 33, "Plan Width": 8, "Recheck Cond": "(keyword_id = k.id)", "Plans": [{"Node Type": "Bitmap Index Scan", "Parent Relationship": "Outer", "Index Name": "keyword_id_movie_keyword", "Startup Cost": 0.0, "Total Cost": 4.5, "Plan Rows": 33, "Plan Width": 0, "Index Cond": "(keyword_id = k.id)"}]}]}, {"Node Type": "Bitmap Heap Scan", "Parent Relationship": "Inner", "Relation Name": "title", "Alias": "t1", "Startup Cost": 0.27, "Total Cost": 4.28, "Plan Rows": 1, "Plan Width": 21, "Recheck Cond": "(id = mk.movie_id)", "Plans": [{"Node Type": "Bitmap Index Scan", "Parent Relationship": "Outer", "Index Name": "title_pkey", "Startup Cost": 0.0, "Total Cost": 0.27, "Plan Rows": 1, "Plan Width": 0, "Index Cond": "(id = mk.movie_id)"}]}]}, {"Node Type": "Bitmap Heap Scan", "Parent Relationship": "Inner", "Relation Name": "movie_link", "Alias": "ml", "Startup Cost": 0.29, "Total Cost": 4.35, "Plan Rows": 5, "Plan Width": 12, "Recheck Cond": "(movie_id = mk.movie_id)", "Plans": [{"Node Type": "Bitmap Index Scan", "Parent Relationship": "Outer", "Index Name": "movie_id_movie_link", "Startup Cost": 0.0, "Total Cost": 0.29, "Plan Rows": 5, "Plan Width": 0, "Index Cond": "(movie_id = mk.movie_id)"}]}]}, {"Node Type": "Hash", "Parent Relationship": "Inner", "Startup Cost": 1.17, "Total Cost": 1.17, "Plan Rows": 17, "Plan Width": 16, "Plans": [{"Node Type": "Seq Scan", "Parent Relationship": "Outer", "Relation Name": "link_type", "Alias": "lt", "Startup Cost": 0.0, "Total Cost": 1.17, "Plan Rows": 17, "Plan Width": 16}]}]}, {"Node Type": "Bitmap Heap Scan", "Parent Relationship": "Inner", "Relation Name": "title", "Alias": "t2", "Startup Cost": 1.49, "Total Cost": 5.5, "Plan Rows": 1, "Plan Width": 21, "Recheck Cond": "(id = ml.linked_movie_id)", "Plans": [{"Node Type": "Bitmap Index Scan", "Parent Relationship": "Outer", "Index Name": "title_pkey", "Startup Cost": 0.0, "Total Cost": 1.49, "Plan Rows": 1, "Plan Width": 0, "Index Cond": "(id = ml.linked_movie_id)"}]}]}]}, "Unique SQL Id": 524435555, "Planner Runtime": 10}, "explain_analyze_plan": {"Plan": {"Node Type": "Aggregate", "Strategy": "Plain", "Startup Cost": 3709.86, "Total Cost": 3709.87, "Plan Rows": 1, "Plan Width": 142, "Actual Startup Time": 41.212, "Actual Total Time": 41.213, "Actual Rows": 1, "Actual Loops": 1, "Plans": [{"Node Type": "Nested Loop", "Parent Relationship": "Outer", "Join Type": "Inner", "Startup Cost": 7.93, "Total Cost": 3708.7, "Plan Rows": 154, "Plan Width": 46, "Actual Startup Time": 41.208, "Actual Total Time": 41.208, "Actual Rows": 0, "Actual Loops": 1, "Inner Unique": true, "Plans": [{"Node Type": "Hash Join", "Parent Relationship": "Outer", "Join Type": "Inner", "Startup Cost": 6.44, "Total Cost": 2859.52, "Plan Rows": 154, "Plan Width": 33, "Actual Startup Time": 41.191, "Actual Total Time": 41.191, "Actual Rows": 0, "Actual Loops": 1, "Inner Unique": true, "Hash Cond": "(ml.link_type_id = lt.id)", "Plans": [{"Node Type": "Nested Loop", "Parent Relationship": "Outer", "Join Type": "Inner", "Startup Cost": 5.06, "Total Cost": 2856.2, "Plan Rows": 154, "Plan Width": 25, "Actual Startup Time": 41.117, "Actual Total Time": 41.117, "Actual Rows": 0, "Actual Loops": 1, "Inner Unique": false, "Join Filter": "(t1.id = ml.movie_id)", "Rows Removed by Join Filter": 0, "Plans": [{"Node Type": "Nested Loop", "Parent Relationship": "Outer", "Join Type": "Inner", "Startup Cost": 4.77, "Total Cost": 2710.54, "Plan Rows": 33, "Plan Width": 25, "Actual Startup Time": 40.236, "Actual Total Time": 41.106, "Actual Rows": 1, "Actual Loops": 1, "Inner Unique": true, "Plans": [{"Node Type": "Nested Loop", "Parent Relationship": "Outer", "Join Type": "Inner", "Startup Cost": 4.51, "Total Cost": 2569.02, "Plan Rows": 33, "Plan Width": 4, "Actual Startup Time": 40.224, "Actual Total Time": 41.094, "Actual Rows": 1, "Actual Loops": 1, "Inner Unique": false, "Plans": [{"Node Type": "Seq Scan", "Parent Relationship": "Outer", "Relation Name": "keyword", "Alias": "k", "Startup Cost": 0.0, "Total Cost": 2436.11, "Plan Rows": 1, "Plan Width": 4, "Actual Startup Time": 40.195, "Actual Total Time": 41.063, "Actual Rows": 1, "Actual Loops": 1, "Filter": "((keyword)::text = '10,000-mile-club'::text)", "Rows Removed by Filter": 134168}, {"Node Type": "Bitmap Heap Scan", "Parent Relationship": "Inner", "Relation Name": "movie_keyword", "Alias": "mk", "Startup Cost": 4.51, "Total Cost": 132.58, "Plan Rows": 33, "Plan Width": 8, "Actual Startup Time": 0.021, "Actual Total Time": 0.022, "Actual Rows": 1, "Actual Loops": 1, "Recheck Cond": "(keyword_id = k.id)", "Rows Removed by Index Recheck": 0, "Exact Heap Blocks": 1, "Lossy Heap Blocks": 1, "Plans": [{"Node Type": "Bitmap Index Scan", "Parent Relationship": "Outer", "Index Name": "keyword_id_movie_keyword", "Startup Cost": 0.0, "Total Cost": 4.5, "Plan Rows": 33, "Plan Width": 0, "Actual Startup Time": 0.014, "Actual Total Time": 0.014, "Actual Rows": 1, "Actual Loops": 1, "Index Cond": "(keyword_id = k.id)"}]}]}, {"Node Type": "Bitmap Heap Scan", "Parent Relationship": "Inner", "Relation Name": "title", "Alias": "t1", "Startup Cost": 0.27, "Total Cost": 4.28, "Plan Rows": 1, "Plan Width": 21, "Actual Startup Time": 0.009, "Actual Total Time": 0.009, "Actual Rows": 1, "Actual Loops": 1, "Recheck Cond": "(id = mk.movie_id)", "Rows Removed by Index Recheck": 0, "Exact Heap Blocks": 1, "Lossy Heap Blocks": 1, "Plans": [{"Node Type": "Bitmap Index Scan", "Parent Relationship": "Outer", "Index Name": "title_pkey", "Startup Cost": 0.0, "Total Cost": 0.27, "Plan Rows": 1, "Plan Width": 0, "Actual Startup Time": 0.006, "Actual Total Time": 0.006, "Actual Rows": 1, "Actual Loops": 1, "Index Cond": "(id = mk.movie_id)"}]}]}, {"Node Type": "Bitmap Heap Scan", "Parent Relationship": "Inner", "Relation Name": "movie_link", "Alias": "ml", "Startup Cost": 0.29, "Total Cost": 4.35, "Plan Rows": 5, "Plan Width": 12, "Actual Startup Time": 0.008, "Actual Total Time": 0.008, "Actual Rows": 0, "Actual Loops": 1, "Recheck Cond": "(movie_id = mk.movie_id)", "Rows Removed by Index Recheck": 0, "Exact Heap Blocks": 0, "Lossy Heap Blocks": 0, "Plans": [{"Node Type": "Bitmap Index Scan", "Parent Relationship": "Outer", "Index Name": "movie_id_movie_link", "Startup Cost": 0.0, "Total Cost": 0.29, "Plan Rows": 5, "Plan Width": 0, "Actual Startup Time": 0.004, "Actual Total Time": 0.004, "Actual Rows": 0, "Actual Loops": 1, "Index Cond": "(movie_id = mk.movie_id)"}]}]}, {"Node Type": "Hash", "Parent Relationship": "Inner", "Startup Cost": 1.17, "Total Cost": 1.17, "Plan Rows": 17, "Plan Width": 16, "Actual Startup Time": 0.034, "Actual Total Time": 0.034, "Actual Rows": 17, "Actual Loops": 1, "Hash Buckets": 32768, "Hash Batches": 1, "Original Hash Batches": 1, "Peak Memory Usage": 1, "Plans": [{"Node Type": "Seq Scan", "Parent Relationship": "Outer", "Relation Name": "link_type", "Alias": "lt", "Startup Cost": 0.0, "Total Cost": 1.17, "Plan Rows": 17, "Plan Width": 16, "Actual Startup Time": 0.015, "Actual Total Time": 0.019, "Actual Rows": 17, "Actual Loops": 1}]}]}, {"Node Type": "Bitmap Heap Scan", "Parent Relationship": "Inner", "Relation Name": "title", "Alias": "t2", "Startup Cost": 1.49, "Total Cost": 5.5, "Plan Rows": 1, "Plan Width": 21, "Actual Startup Time": 0.0, "Actual Total Time": 0.0, "Recheck Cond": "(id = ml.linked_movie_id)", "Rows Removed by Index Recheck": 0, "Exact Heap Blocks": 0, "Lossy Heap Blocks": 0, "Plans": [{"Node Type": "Bitmap Index Scan", "Parent Relationship": "Outer", "Index Name": "title_pkey", "Startup Cost": 0.0, "Total Cost": 1.49, "Plan Rows": 1, "Plan Width": 0, "Actual Startup Time": 0.0, "Actual Total Time": 0.0, "Index Cond": "(id = ml.linked_movie_id)"}]}]}]}, "Triggers": [], "Planner Runtime": 5, "Total Runtime": 41.437, "Unique SQL Id": 524435555}}, "(1, 67)": {"explain_plan": {"Plan": {"Node Type": "Aggregate", "Strategy": "Plain", "Startup Cost": 1000001377786.31, "Total Cost": 1000001377786.32, "Plan Rows": 1, "Plan Width": 142, "Plans": [{"Node Type": "Nested Loop", "Parent Relationship": "Outer", "Join Type": "Inner", "Startup Cost": 10000000004.71, "Total Cost": 1000001377785.15, "Plan Rows": 154, "Plan Width": 46, "Inner Unique": true, "Plans": [{"Node Type": "Nested Loop", "Parent Relationship": "Outer", "Join Type": "Inner", "Startup Cost": 10000000004.45, "Total Cost": 1000001377125.95, "Plan Rows": 154, "Plan Width": 38, "Inner Unique": true, "Plans": [{"Node Type": "Nested Loop", "Parent Relationship": "Outer", "Join Type": "Inner", "Startup Cost": 10000000002.96, "Total Cost": 1000001376276.77, "Plan Rows": 154, "Plan Width": 25, "Inner Unique": true, "Plans": [{"Node Type": "Nested Loop", "Parent Relationship": "Outer", "Join Type": "Inner", "Startup Cost": 10000000002.69, "Total Cost": 1000001375616.35, "Plan Rows": 154, "Plan Width": 16, "Inner Unique": true, "Plans": [{"Node Type": "Nested Loop", "Parent Relationship": "Outer", "Join Type": "Inner", "Startup Cost": 10000000002.44, "Total Cost": 1000000342019.19, "Plan Rows": 241339, "Plan Width": 20, "Inner Unique": false, "Plans": [{"Node Type": "Index Scan", "Parent Relationship": "Outer", "Scan Direction": "Forward", "Index Name": "link_type_id_movie_link", "Relation Name": "movie_link", "Alias": "ml", "Startup Cost": 10000000000.0, "Total Cost": 1000000143569.16, "Plan Rows": 29996, "Plan Width": 12}, {"Node Type": "Bitmap Heap Scan", "Parent Relationship": "Inner", "Relation Name": "movie_keyword", "Alias": "mk", "Startup Cost": 2.44, "Total Cost": 6.54, "Plan Rows": 8, "Plan Width": 8, "Recheck Cond": "(movie_id = ml.movie_id)", "Plans": [{"Node Type": "Bitmap Index Scan", "Parent Relationship": "Outer", "Index Name": "movie_id_movie_keyword", "Startup Cost": 0.0, "Total Cost": 2.43, "Plan Rows": 8, "Plan Width": 0, "Index Cond": "(movie_id = ml.movie_id)"}]}]}, {"Node Type": "Bitmap Heap Scan", "Parent Relationship": "Inner", "Relation Name": "keyword", "Alias": "k", "Startup Cost": 0.26, "Total Cost": 4.27, "Plan Rows": 1, "Plan Width": 4, "Recheck Cond": "(id = mk.keyword_id)", "Filter": "((keyword)::text = '10,000-mile-club'::text)", "Plans": [{"Node Type": "Bitmap Index Scan", "Parent Relationship": "Outer", "Index Name": "keyword_pkey", "Startup Cost": 0.0, "Total Cost": 0.26, "Plan Rows": 1, "Plan Width": 0, "Index Cond": "(id = mk.keyword_id)"}]}]}, {"Node Type": "Bitmap Heap Scan", "Parent Relationship": "Inner", "Relation Name": "title", "Alias": "t1", "Startup Cost": 0.27, "Total Cost": 4.28, "Plan Rows": 1, "Plan Width": 21, "Recheck Cond": "(id = mk.movie_id)", "Plans": [{"Node Type": "Bitmap Index Scan", "Parent Relationship": "Outer", "Index Name": "title_pkey", "Startup Cost": 0.0, "Total Cost": 0.27, "Plan Rows": 1, "Plan Width": 0, "Index Cond": "(id = mk.movie_id)"}]}]}, {"Node Type": "Bitmap Heap Scan", "Parent Relationship": "Inner", "Relation Name": "title", "Alias": "t2", "Startup Cost": 1.49, "Total Cost": 5.5, "Plan Rows": 1, "Plan Width": 21, "Recheck Cond": "(id = ml.linked_movie_id)", "Plans": [{"Node Type": "Bitmap Index Scan", "Parent Relationship": "Outer", "Index Name": "title_pkey", "Startup Cost": 0.0, "Total Cost": 1.49, "Plan Rows": 1, "Plan Width": 0, "Index Cond": "(id = ml.linked_movie_id)"}]}]}, {"Node Type": "Bitmap Heap Scan", "Parent Relationship": "Inner", "Relation Name": "link_type", "Alias": "lt", "Startup Cost": 0.26, "Total Cost": 4.27, "Plan Rows": 1, "Plan Width": 16, "Recheck Cond": "(id = ml.link_type_id)", "Plans": [{"Node Type": "Bitmap Index Scan", "Parent Relationship": "Outer", "Index Name": "link_type_pkey", "Startup Cost": 0.0, "Total Cost": 0.26, "Plan Rows": 1, "Plan Width": 0, "Index Cond": "(id = ml.link_type_id)"}]}]}]}, "Unique SQL Id": 524435555, "Planner Runtime": 4}, "explain_analyze_plan": null}, "(1, 68)": {"explain_plan": {"Plan": {"Node Type": "Aggregate", "Strategy": "Plain", "Startup Cost": 3260.82, "Total Cost": 3260.83, "Plan Rows": 1, "Plan Width": 142, "Plans": [{"Node Type": "Nested Loop", "Parent Relationship": "Outer", "Join Type": "Inner", "Startup Cost": 5.89, "Total Cost": 3259.66, "Plan Rows": 154, "Plan Width": 46, "Inner Unique": true, "Plans": [{"Node Type": "Hash Join", "Parent Relationship": "Outer", "Join Type": "Inner", "Startup Cost": 5.89, "Total Cost": 2596.09, "Plan Rows": 154, "Plan Width": 33, "Inner Unique": true, "Hash Cond": "(ml.link_type_id = lt.id)", "Plans": [{"Node Type": "Nested Loop", "Parent Relationship": "Outer", "Join Type": "Inner", "Startup Cost": 4.51, "Total Cost": 2592.76, "Plan Rows": 154, "Plan Width": 25, "Inner Unique": false, "Plans": [{"Node Type": "Nested Loop", "Parent Relationship": "Outer", "Join Type": "Inner", "Startup Cost": 4.51, "Total Cost": 2579.55, "Plan Rows": 33, "Plan Width": 25, "Inner Unique": true, "Plans": [{"Node Type": "Nested Loop", "Parent Relationship": "Outer", "Join Type": "Inner", "Startup Cost": 4.51, "Total Cost": 2569.02, "Plan Rows": 33, "Plan Width": 4, "Inner Unique": false, "Plans": [{"Node Type": "Seq Scan", "Parent Relationship": "Outer", "Relation Name": "keyword", "Alias": "k", "Startup Cost": 0.0, "Total Cost": 2436.11, "Plan Rows": 1, "Plan Width": 4, "Filter": "((keyword)::text = '10,000-mile-club'::text)"}, {"Node Type": "Bitmap Heap Scan", "Parent Relationship": "Inner", "Relation Name": "movie_keyword", "Alias": "mk", "Startup Cost": 4.51, "Total Cost": 132.58, "Plan Rows": 33, "Plan Width": 8, "Recheck Cond": "(keyword_id = k.id)", "Plans": [{"Node Type": "Bitmap Index Scan", "Parent Relationship": "Outer", "Index Name": "keyword_id_movie_keyword", "Startup Cost": 0.0, "Total Cost": 4.5, "Plan Rows": 33, "Plan Width": 0, "Index Cond": "(keyword_id = k.id)"}]}]}, {"Node Type": "Index Scan", "Parent Relationship": "Inner", "Scan Direction": "Forward", "Index Name": "title_pkey", "Relation Name": "title", "Alias": "t1", "Startup Cost": 0.0, "Total Cost": 0.31, "Plan Rows": 1, "Plan Width": 21, "Index Cond": "(id = mk.movie_id)"}]}, {"Node Type": "Index Scan", "Parent Relationship": "Inner", "Scan Direction": "Forward", "Index Name": "movie_id_movie_link", "Relation Name": "movie_link", "Alias": "ml", "Startup Cost": 0.0, "Total Cost": 0.35, "Plan Rows": 5, "Plan Width": 12, "Index Cond": "(movie_id = t1.id)"}]}, {"Node Type": "Hash", "Parent Relationship": "Inner", "Startup Cost": 1.17, "Total Cost": 1.17, "Plan Rows": 17, "Plan Width": 16, "Plans": [{"Node Type": "Seq Scan", "Parent Relationship": "Outer", "Relation Name": "link_type", "Alias": "lt", "Startup Cost": 0.0, "Total Cost": 1.17, "Plan Rows": 17, "Plan Width": 16}]}]}, {"Node Type": "Index Scan", "Parent Relationship": "Inner", "Scan Direction": "Forward", "Index Name": "title_pkey", "Relation Name": "title", "Alias": "t2", "Startup Cost": 0.0, "Total Cost": 4.3, "Plan Rows": 1, "Plan Width": 21, "Index Cond": "(id = ml.linked_movie_id)"}]}]}, "Unique SQL Id": 524435555, "Planner Runtime": 12}, "explain_analyze_plan": {"Plan": {"Node Type": "Aggregate", "Strategy": "Plain", "Startup Cost": 3260.82, "Total Cost": 3260.83, "Plan Rows": 1, "Plan Width": 142, "Actual Startup Time": 41.918, "Actual Total Time": 41.918, "Actual Rows": 1, "Actual Loops": 1, "Plans": [{"Node Type": "Nested Loop", "Parent Relationship": "Outer", "Join Type": "Inner", "Startup Cost": 5.89, "Total Cost": 3259.66, "Plan Rows": 154, "Plan Width": 46, "Actual Startup Time": 41.91, "Actual Total Time": 41.91, "Actual Rows": 0, "Actual Loops": 1, "Inner Unique": true, "Plans": [{"Node Type": "Hash Join", "Parent Relationship": "Outer", "Join Type": "Inner", "Startup Cost": 5.89, "Total Cost": 2596.09, "Plan Rows": 154, "Plan Width": 33, "Actual Startup Time": 41.883, "Actual Total Time": 41.883, "Actual Rows": 0, "Actual Loops": 1, "Inner Unique": true, "Hash Cond": "(ml.link_type_id = lt.id)", "Plans": [{"Node Type": "Nested Loop", "Parent Relationship": "Outer", "Join Type": "Inner", "Startup Cost": 4.51, "Total Cost": 2592.76, "Plan Rows": 154, "Plan Width": 25, "Actual Startup Time": 41.806, "Actual Total Time": 41.806, "Actual Rows": 0, "Actual Loops": 1, "Inner Unique": false, "Plans": [{"Node Type": "Nested Loop", "Parent Relationship": "Outer", "Join Type": "Inner", "Startup Cost": 4.51, "Total Cost": 2579.55, "Plan Rows": 33, "Plan Width": 25, "Actual Startup Time": 40.914, "Actual Total Time": 41.8, "Actual Rows": 1, "Actual Loops": 1, "Inner Unique": true, "Plans": [{"Node Type": "Nested Loop", "Parent Relationship": "Outer", "Join Type": "Inner", "Startup Cost": 4.51, "Total Cost": 2569.02, "Plan Rows": 33, "Plan Width": 4, "Actual Startup Time": 40.9, "Actual Total Time": 41.786, "Actual Rows": 1, "Actual Loops": 1, "Inner Unique": false, "Plans": [{"Node Type": "Seq Scan", "Parent Relationship": "Outer", "Relation Name": "keyword", "Alias": "k", "Startup Cost": 0.0, "Total Cost": 2436.11, "Plan Rows": 1, "Plan Width": 4, "Actual Startup Time": 40.866, "Actual Total Time": 41.751, "Actual Rows": 1, "Actual Loops": 1, "Filter": "((keyword)::text = '10,000-mile-club'::text)", "Rows Removed by Filter": 134168}, {"Node Type": "Bitmap Heap Scan", "Parent Relationship": "Inner", "Relation Name": "movie_keyword", "Alias": "mk", "Startup Cost": 4.51, "Total Cost": 132.58, "Plan Rows": 33, "Plan Width": 8, "Actual Startup Time": 0.027, "Actual Total Time": 0.028, "Actual Rows": 1, "Actual Loops": 1, "Recheck Cond": "(keyword_id = k.id)", "Rows Removed by Index Recheck": 0, "Exact Heap Blocks": 1, "Lossy Heap Blocks": 1, "Plans": [{"Node Type": "Bitmap Index Scan", "Parent Relationship": "Outer", "Index Name": "keyword_id_movie_keyword", "Startup Cost": 0.0, "Total Cost": 4.5, "Plan Rows": 33, "Plan Width": 0, "Actual Startup Time": 0.016, "Actual Total Time": 0.016, "Actual Rows": 1, "Actual Loops": 1, "Index Cond": "(keyword_id = k.id)"}]}]}, {"Node Type": "Index Scan", "Parent Relationship": "Inner", "Scan Direction": "Forward", "Index Name": "title_pkey", "Relation Name": "title", "Alias": "t1", "Startup Cost": 0.0, "Total Cost": 0.31, "Plan Rows": 1, "Plan Width": 21, "Actual Startup Time": 0.012, "Actual Total Time": 0.012, "Actual Rows": 1, "Actual Loops": 1, "Index Cond": "(id = mk.movie_id)", "Rows Removed by Index Recheck": 0}]}, {"Node Type": "Index Scan", "Parent Relationship": "Inner", "Scan Direction": "Forward", "Index Name": "movie_id_movie_link", "Relation Name": "movie_link", "Alias": "ml", "Startup Cost": 0.0, "Total Cost": 0.35, "Plan Rows": 5, "Plan Width": 12, "Actual Startup Time": 0.003, "Actual Total Time": 0.003, "Actual Rows": 0, "Actual Loops": 1, "Index Cond": "(movie_id = t1.id)", "Rows Removed by Index Recheck": 0}]}, {"Node Type": "Hash", "Parent Relationship": "Inner", "Startup Cost": 1.17, "Total Cost": 1.17, "Plan Rows": 17, "Plan Width": 16, "Actual Startup Time": 0.037, "Actual Total Time": 0.037, "Actual Rows": 17, "Actual Loops": 1, "Hash Buckets": 32768, "Hash Batches": 1, "Original Hash Batches": 1, "Peak Memory Usage": 1, "Plans": [{"Node Type": "Seq Scan", "Parent Relationship": "Outer", "Relation Name": "link_type", "Alias": "lt", "Startup Cost": 0.0, "Total Cost": 1.17, "Plan Rows": 17, "Plan Width": 16, "Actual Startup Time": 0.017, "Actual Total Time": 0.023, "Actual Rows": 17, "Actual Loops": 1}]}]}, {"Node Type": "Index Scan", "Parent Relationship": "Inner", "Scan Direction": "Forward", "Index Name": "title_pkey", "Relation Name": "title", "Alias": "t2", "Startup Cost": 0.0, "Total Cost": 4.3, "Plan Rows": 1, "Plan Width": 21, "Actual Startup Time": 0.0, "Actual Total Time": 0.0, "Index Cond": "(id = ml.linked_movie_id)", "Rows Removed by Index Recheck": 0}]}]}, "Triggers": [], "Planner Runtime": 5, "Total Runtime": 42.159, "Unique SQL Id": 524435555}}, "(1, 69)": {"explain_plan": {"Plan": {"Node Type": "Aggregate", "Strategy": "Plain", "Startup Cost": 4047.28, "Total Cost": 4047.29, "Plan Rows": 1, "Plan Width": 142, "Plans": [{"Node Type": "Nested Loop", "Parent Relationship": "Outer", "Join Type": "Inner", "Startup Cost": 4.51, "Total Cost": 4046.12, "Plan Rows": 154, "Plan Width": 46, "Inner Unique": true, "Plans": [{"Node Type": "Nested Loop", "Parent Relationship": "Outer", "Join Type": "Inner", "Startup Cost": 4.51, "Total Cost": 3382.55, "Plan Rows": 154, "Plan Width": 33, "Inner Unique": true, "Plans": [{"Node Type": "Nested Loop", "Parent Relationship": "Outer", "Join Type": "Inner", "Startup Cost": 4.51, "Total Cost": 3339.37, "Plan Rows": 154, "Plan Width": 25, "Inner Unique": false, "Plans": [{"Node Type": "Nested Loop", "Parent Relationship": "Outer", "Join Type": "Inner", "Startup Cost": 4.51, "Total Cost": 3326.15, "Plan Rows": 33, "Plan Width": 25, "Inner Unique": true, "Plans": [{"Node Type": "Nested Loop", "Parent Relationship": "Outer", "Join Type": "Inner", "Startup Cost": 4.51, "Total Cost": 3315.63, "Plan Rows": 33, "Plan Width": 4, "Inner Unique": false, "Plans": [{"Node Type": "Index Scan", "Parent Relationship": "Outer", "Scan Direction": "Forward", "Index Name": "keyword_pkey", "Relation Name": "keyword", "Alias": "k", "Startup Cost": 0.0, "Total Cost": 3182.72, "Plan Rows": 1, "Plan Width": 4, "Filter": "((keyword)::text = '10,000-mile-club'::text)"}, {"Node Type": "Bitmap Heap Scan", "Parent Relationship": "Inner", "Relation Name": "movie_keyword", "Alias": "mk", "Startup Cost": 4.51, "Total Cost": 132.58, "Plan Rows": 33, "Plan Width": 8, "Recheck Cond": "(keyword_id = k.id)", "Plans": [{"Node Type": "Bitmap Index Scan", "Parent Relationship": "Outer", "Index Name": "keyword_id_movie_keyword", "Startup Cost": 0.0, "Total Cost": 4.5, "Plan Rows": 33, "Plan Width": 0, "Index Cond": "(keyword_id = k.id)"}]}]}, {"Node Type": "Index Scan", "Parent Relationship": "Inner", "Scan Direction": "Forward", "Index Name": "title_pkey", "Relation Name": "title", "Alias": "t1", "Startup Cost": 0.0, "Total Cost": 0.31, "Plan Rows": 1, "Plan Width": 21, "Index Cond": "(id = mk.movie_id)"}]}, {"Node Type": "Index Scan", "Parent Relationship": "Inner", "Scan Direction": "Forward", "Index Name": "movie_id_movie_link", "Relation Name": "movie_link", "Alias": "ml", "Startup Cost": 0.0, "Total Cost": 0.35, "Plan Rows": 5, "Plan Width": 12, "Index Cond": "(movie_id = t1.id)"}]}, {"Node Type": "Index Scan", "Parent Relationship": "Inner", "Scan Direction": "Forward", "Index Name": "link_type_pkey", "Relation Name": "link_type", "Alias": "lt", "Startup Cost": 0.0, "Total Cost": 0.27, "Plan Rows": 1, "Plan Width": 16, "Index Cond": "(id = ml.link_type_id)"}]}, {"Node Type": "Index Scan", "Parent Relationship": "Inner", "Scan Direction": "Forward", "Index Name": "title_pkey", "Relation Name": "title", "Alias": "t2", "Startup Cost": 0.0, "Total Cost": 4.3, "Plan Rows": 1, "Plan Width": 21, "Index Cond": "(id = ml.linked_movie_id)"}]}]}, "Unique SQL Id": 524435555, "Planner Runtime": 12}, "explain_analyze_plan": {"Plan": {"Node Type": "Aggregate", "Strategy": "Plain", "Startup Cost": 4047.28, "Total Cost": 4047.29, "Plan Rows": 1, "Plan Width": 142, "Actual Startup Time": 119.675, "Actual Total Time": 119.675, "Actual Rows": 1, "Actual Loops": 1, "Plans": [{"Node Type": "Nested Loop", "Parent Relationship": "Outer", "Join Type": "Inner", "Startup Cost": 4.51, "Total Cost": 4046.12, "Plan Rows": 154, "Plan Width": 46, "Actual Startup Time": 119.669, "Actual Total Time": 119.669, "Actual Rows": 0, "Actual Loops": 1, "Inner Unique": true, "Plans": [{"Node Type": "Nested Loop", "Parent Relationship": "Outer", "Join Type": "Inner", "Startup Cost": 4.51, "Total Cost": 3382.55, "Plan Rows": 154, "Plan Width": 33, "Actual Startup Time": 119.668, "Actual Total Time": 119.668, "Actual Rows": 0, "Actual Loops": 1, "Inner Unique": true, "Plans": [{"Node Type": "Nested Loop", "Parent Relationship": "Outer", "Join Type": "Inner", "Startup Cost": 4.51, "Total Cost": 3339.37, "Plan Rows": 154, "Plan Width": 25, "Actual Startup Time": 119.668, "Actual Total Time": 119.668, "Actual Rows": 0, "Actual Loops": 1, "Inner Unique": false, "Plans": [{"Node Type": "Nested Loop", "Parent Relationship": "Outer", "Join Type": "Inner", "Startup Cost": 4.51, "Total Cost": 3326.15, "Plan Rows": 33, "Plan Width": 25, "Actual Startup Time": 117.759, "Actual Total Time": 119.662, "Actual Rows": 1, "Actual Loops": 1, "Inner Unique": true, "Plans": [{"Node Type": "Nested Loop", "Parent Relationship": "Outer", "Join Type": "Inner", "Startup Cost": 4.51, "Total Cost": 3315.63, "Plan Rows": 33, "Plan Width": 4, "Actual Startup Time": 117.744, "Actual Total Time": 119.646, "Actual Rows": 1, "Actual Loops": 1, "Inner Unique": false, "Plans": [{"Node Type": "Index Scan", "Parent Relationship": "Outer", "Scan Direction": "Forward", "Index Name": "keyword_pkey", "Relation Name": "keyword", "Alias": "k", "Startup Cost": 0.0, "Total Cost": 3182.72, "Plan Rows": 1, "Plan Width": 4, "Actual Startup Time": 117.697, "Actual Total Time": 119.597, "Actual Rows": 1, "Actual Loops": 1, "Filter": "((keyword)::text = '10,000-mile-club'::text)", "Rows Removed by Filter": 134168}, {"Node Type": "Bitmap Heap Scan", "Parent Relationship": "Inner", "Relation Name": "movie_keyword", "Alias": "mk", "Startup Cost": 4.51, "Total Cost": 132.58, "Plan Rows": 33, "Plan Width": 8, "Actual Startup Time": 0.032, "Actual Total Time": 0.033, "Actual Rows": 1, "Actual Loops": 1, "Recheck Cond": "(keyword_id = k.id)", "Rows Removed by Index Recheck": 0, "Exact Heap Blocks": 1, "Lossy Heap Blocks": 1, "Plans": [{"Node Type": "Bitmap Index Scan", "Parent Relationship": "Outer", "Index Name": "keyword_id_movie_keyword", "Startup Cost": 0.0, "Total Cost": 4.5, "Plan Rows": 33, "Plan Width": 0, "Actual Startup Time": 0.018, "Actual Total Time": 0.018, "Actual Rows": 1, "Actual Loops": 1, "Index Cond": "(keyword_id = k.id)"}]}]}, {"Node Type": "Index Scan", "Parent Relationship": "Inner", "Scan Direction": "Forward", "Index Name": "title_pkey", "Relation Name": "title", "Alias": "t1", "Startup Cost": 0.0, "Total Cost": 0.31, "Plan Rows": 1, "Plan Width": 21, "Actual Startup Time": 0.011, "Actual Total Time": 0.011, "Actual Rows": 1, "Actual Loops": 1, "Index Cond": "(id = mk.movie_id)", "Rows Removed by Index Recheck": 0}]}, {"Node Type": "Index Scan", "Parent Relationship": "Inner", "Scan Direction": "Forward", "Index Name": "movie_id_movie_link", "Relation Name": "movie_link", "Alias": "ml", "Startup Cost": 0.0, "Total Cost": 0.35, "Plan Rows": 5, "Plan Width": 12, "Actual Startup Time": 0.003, "Actual Total Time": 0.003, "Actual Rows": 0, "Actual Loops": 1, "Index Cond": "(movie_id = t1.id)", "Rows Removed by Index Recheck": 0}]}, {"Node Type": "Index Scan", "Parent Relationship": "Inner", "Scan Direction": "Forward", "Index Name": "link_type_pkey", "Relation Name": "link_type", "Alias": "lt", "Startup Cost": 0.0, "Total Cost": 0.27, "Plan Rows": 1, "Plan Width": 16, "Actual Startup Time": 0.0, "Actual Total Time": 0.0, "Index Cond": "(id = ml.link_type_id)", "Rows Removed by Index Recheck": 0}]}, {"Node Type": "Index Scan", "Parent Relationship": "Inner", "Scan Direction": "Forward", "Index Name": "title_pkey", "Relation Name": "title", "Alias": "t2", "Startup Cost": 0.0, "Total Cost": 4.3, "Plan Rows": 1, "Plan Width": 21, "Actual Startup Time": 0.0, "Actual Total Time": 0.0, "Index Cond": "(id = ml.linked_movie_id)", "Rows Removed by Index Recheck": 0}]}]}, "Triggers": [], "Planner Runtime": 2, "Total Runtime": 119.92, "Unique SQL Id": 524435555}}, "(1, 70)": {"explain_plan": {"Plan": {"Node Type": "Aggregate", "Strategy": "Plain", "Startup Cost": 3709.86, "Total Cost": 3709.87, "Plan Rows": 1, "Plan Width": 142, "Plans": [{"Node Type": "Nested Loop", "Parent Relationship": "Outer", "Join Type": "Inner", "Startup Cost": 7.93, "Total Cost": 3708.7, "Plan Rows": 154, "Plan Width": 46, "Inner Unique": true, "Plans": [{"Node Type": "Hash Join", "Parent Relationship": "Outer", "Join Type": "Inner", "Startup Cost": 6.44, "Total Cost": 2859.52, "Plan Rows": 154, "Plan Width": 33, "Inner Unique": true, "Hash Cond": "(ml.link_type_id = lt.id)", "Plans": [{"Node Type": "Nested Loop", "Parent Relationship": "Outer", "Join Type": "Inner", "Startup Cost": 5.06, "Total Cost": 2856.2, "Plan Rows": 154, "Plan Width": 25, "Inner Unique": false, "Join Filter": "(t1.id = ml.movie_id)", "Plans": [{"Node Type": "Nested Loop", "Parent Relationship": "Outer", "Join Type": "Inner", "Startup Cost": 4.77, "Total Cost": 2710.54, "Plan Rows": 33, "Plan Width": 25, "Inner Unique": true, "Plans": [{"Node Type": "Nested Loop", "Parent Relationship": "Outer", "Join Type": "Inner", "Startup Cost": 4.51, "Total Cost": 2569.02, "Plan Rows": 33, "Plan Width": 4, "Inner Unique": false, "Plans": [{"Node Type": "Seq Scan", "Parent Relationship": "Outer", "Relation Name": "keyword", "Alias": "k", "Startup Cost": 0.0, "Total Cost": 2436.11, "Plan Rows": 1, "Plan Width": 4, "Filter": "((keyword)::text = '10,000-mile-club'::text)"}, {"Node Type": "Bitmap Heap Scan", "Parent Relationship": "Inner", "Relation Name": "movie_keyword", "Alias": "mk", "Startup Cost": 4.51, "Total Cost": 132.58, "Plan Rows": 33, "Plan Width": 8, "Recheck Cond": "(keyword_id = k.id)", "Plans": [{"Node Type": "Bitmap Index Scan", "Parent Relationship": "Outer", "Index Name": "keyword_id_movie_keyword", "Startup Cost": 0.0, "Total Cost": 4.5, "Plan Rows": 33, "Plan Width": 0, "Index Cond": "(keyword_id = k.id)"}]}]}, {"Node Type": "Bitmap Heap Scan", "Parent Relationship": "Inner", "Relation Name": "title", "Alias": "t1", "Startup Cost": 0.27, "Total Cost": 4.28, "Plan Rows": 1, "Plan Width": 21, "Recheck Cond": "(id = mk.movie_id)", "Plans": [{"Node Type": "Bitmap Index Scan", "Parent Relationship": "Outer", "Index Name": "title_pkey", "Startup Cost": 0.0, "Total Cost": 0.27, "Plan Rows": 1, "Plan Width": 0, "Index Cond": "(id = mk.movie_id)"}]}]}, {"Node Type": "Bitmap Heap Scan", "Parent Relationship": "Inner", "Relation Name": "movie_link", "Alias": "ml", "Startup Cost": 0.29, "Total Cost": 4.35, "Plan Rows": 5, "Plan Width": 12, "Recheck Cond": "(movie_id = mk.movie_id)", "Plans": [{"Node Type": "Bitmap Index Scan", "Parent Relationship": "Outer", "Index Name": "movie_id_movie_link", "Startup Cost": 0.0, "Total Cost": 0.29, "Plan Rows": 5, "Plan Width": 0, "Index Cond": "(movie_id = mk.movie_id)"}]}]}, {"Node Type": "Hash", "Parent Relationship": "Inner", "Startup Cost": 1.17, "Total Cost": 1.17, "Plan Rows": 17, "Plan Width": 16, "Plans": [{"Node Type": "Seq Scan", "Parent Relationship": "Outer", "Relation Name": "link_type", "Alias": "lt", "Startup Cost": 0.0, "Total Cost": 1.17, "Plan Rows": 17, "Plan Width": 16}]}]}, {"Node Type": "Bitmap Heap Scan", "Parent Relationship": "Inner", "Relation Name": "title", "Alias": "t2", "Startup Cost": 1.49, "Total Cost": 5.5, "Plan Rows": 1, "Plan Width": 21, "Recheck Cond": "(id = ml.linked_movie_id)", "Plans": [{"Node Type": "Bitmap Index Scan", "Parent Relationship": "Outer", "Index Name": "title_pkey", "Startup Cost": 0.0, "Total Cost": 1.49, "Plan Rows": 1, "Plan Width": 0, "Index Cond": "(id = ml.linked_movie_id)"}]}]}]}, "Unique SQL Id": 524435555, "Planner Runtime": 10}, "explain_analyze_plan": {"Plan": {"Node Type": "Aggregate", "Strategy": "Plain", "Startup Cost": 3709.86, "Total Cost": 3709.87, "Plan Rows": 1, "Plan Width": 142, "Actual Startup Time": 41.212, "Actual Total Time": 41.213, "Actual Rows": 1, "Actual Loops": 1, "Plans": [{"Node Type": "Nested Loop", "Parent Relationship": "Outer", "Join Type": "Inner", "Startup Cost": 7.93, "Total Cost": 3708.7, "Plan Rows": 154, "Plan Width": 46, "Actual Startup Time": 41.208, "Actual Total Time": 41.208, "Actual Rows": 0, "Actual Loops": 1, "Inner Unique": true, "Plans": [{"Node Type": "Hash Join", "Parent Relationship": "Outer", "Join Type": "Inner", "Startup Cost": 6.44, "Total Cost": 2859.52, "Plan Rows": 154, "Plan Width": 33, "Actual Startup Time": 41.191, "Actual Total Time": 41.191, "Actual Rows": 0, "Actual Loops": 1, "Inner Unique": true, "Hash Cond": "(ml.link_type_id = lt.id)", "Plans": [{"Node Type": "Nested Loop", "Parent Relationship": "Outer", "Join Type": "Inner", "Startup Cost": 5.06, "Total Cost": 2856.2, "Plan Rows": 154, "Plan Width": 25, "Actual Startup Time": 41.117, "Actual Total Time": 41.117, "Actual Rows": 0, "Actual Loops": 1, "Inner Unique": false, "Join Filter": "(t1.id = ml.movie_id)", "Rows Removed by Join Filter": 0, "Plans": [{"Node Type": "Nested Loop", "Parent Relationship": "Outer", "Join Type": "Inner", "Startup Cost": 4.77, "Total Cost": 2710.54, "Plan Rows": 33, "Plan Width": 25, "Actual Startup Time": 40.236, "Actual Total Time": 41.106, "Actual Rows": 1, "Actual Loops": 1, "Inner Unique": true, "Plans": [{"Node Type": "Nested Loop", "Parent Relationship": "Outer", "Join Type": "Inner", "Startup Cost": 4.51, "Total Cost": 2569.02, "Plan Rows": 33, "Plan Width": 4, "Actual Startup Time": 40.224, "Actual Total Time": 41.094, "Actual Rows": 1, "Actual Loops": 1, "Inner Unique": false, "Plans": [{"Node Type": "Seq Scan", "Parent Relationship": "Outer", "Relation Name": "keyword", "Alias": "k", "Startup Cost": 0.0, "Total Cost": 2436.11, "Plan Rows": 1, "Plan Width": 4, "Actual Startup Time": 40.195, "Actual Total Time": 41.063, "Actual Rows": 1, "Actual Loops": 1, "Filter": "((keyword)::text = '10,000-mile-club'::text)", "Rows Removed by Filter": 134168}, {"Node Type": "Bitmap Heap Scan", "Parent Relationship": "Inner", "Relation Name": "movie_keyword", "Alias": "mk", "Startup Cost": 4.51, "Total Cost": 132.58, "Plan Rows": 33, "Plan Width": 8, "Actual Startup Time": 0.021, "Actual Total Time": 0.022, "Actual Rows": 1, "Actual Loops": 1, "Recheck Cond": "(keyword_id = k.id)", "Rows Removed by Index Recheck": 0, "Exact Heap Blocks": 1, "Lossy Heap Blocks": 1, "Plans": [{"Node Type": "Bitmap Index Scan", "Parent Relationship": "Outer", "Index Name": "keyword_id_movie_keyword", "Startup Cost": 0.0, "Total Cost": 4.5, "Plan Rows": 33, "Plan Width": 0, "Actual Startup Time": 0.014, "Actual Total Time": 0.014, "Actual Rows": 1, "Actual Loops": 1, "Index Cond": "(keyword_id = k.id)"}]}]}, {"Node Type": "Bitmap Heap Scan", "Parent Relationship": "Inner", "Relation Name": "title", "Alias": "t1", "Startup Cost": 0.27, "Total Cost": 4.28, "Plan Rows": 1, "Plan Width": 21, "Actual Startup Time": 0.009, "Actual Total Time": 0.009, "Actual Rows": 1, "Actual Loops": 1, "Recheck Cond": "(id = mk.movie_id)", "Rows Removed by Index Recheck": 0, "Exact Heap Blocks": 1, "Lossy Heap Blocks": 1, "Plans": [{"Node Type": "Bitmap Index Scan", "Parent Relationship": "Outer", "Index Name": "title_pkey", "Startup Cost": 0.0, "Total Cost": 0.27, "Plan Rows": 1, "Plan Width": 0, "Actual Startup Time": 0.006, "Actual Total Time": 0.006, "Actual Rows": 1, "Actual Loops": 1, "Index Cond": "(id = mk.movie_id)"}]}]}, {"Node Type": "Bitmap Heap Scan", "Parent Relationship": "Inner", "Relation Name": "movie_link", "Alias": "ml", "Startup Cost": 0.29, "Total Cost": 4.35, "Plan Rows": 5, "Plan Width": 12, "Actual Startup Time": 0.008, "Actual Total Time": 0.008, "Actual Rows": 0, "Actual Loops": 1, "Recheck Cond": "(movie_id = mk.movie_id)", "Rows Removed by Index Recheck": 0, "Exact Heap Blocks": 0, "Lossy Heap Blocks": 0, "Plans": [{"Node Type": "Bitmap Index Scan", "Parent Relationship": "Outer", "Index Name": "movie_id_movie_link", "Startup Cost": 0.0, "Total Cost": 0.29, "Plan Rows": 5, "Plan Width": 0, "Actual Startup Time": 0.004, "Actual Total Time": 0.004, "Actual Rows": 0, "Actual Loops": 1, "Index Cond": "(movie_id = mk.movie_id)"}]}]}, {"Node Type": "Hash", "Parent Relationship": "Inner", "Startup Cost": 1.17, "Total Cost": 1.17, "Plan Rows": 17, "Plan Width": 16, "Actual Startup Time": 0.034, "Actual Total Time": 0.034, "Actual Rows": 17, "Actual Loops": 1, "Hash Buckets": 32768, "Hash Batches": 1, "Original Hash Batches": 1, "Peak Memory Usage": 1, "Plans": [{"Node Type": "Seq Scan", "Parent Relationship": "Outer", "Relation Name": "link_type", "Alias": "lt", "Startup Cost": 0.0, "Total Cost": 1.17, "Plan Rows": 17, "Plan Width": 16, "Actual Startup Time": 0.015, "Actual Total Time": 0.019, "Actual Rows": 17, "Actual Loops": 1}]}]}, {"Node Type": "Bitmap Heap Scan", "Parent Relationship": "Inner", "Relation Name": "title", "Alias": "t2", "Startup Cost": 1.49, "Total Cost": 5.5, "Plan Rows": 1, "Plan Width": 21, "Actual Startup Time": 0.0, "Actual Total Time": 0.0, "Recheck Cond": "(id = ml.linked_movie_id)", "Rows Removed by Index Recheck": 0, "Exact Heap Blocks": 0, "Lossy Heap Blocks": 0, "Plans": [{"Node Type": "Bitmap Index Scan", "Parent Relationship": "Outer", "Index Name": "title_pkey", "Startup Cost": 0.0, "Total Cost": 1.49, "Plan Rows": 1, "Plan Width": 0, "Actual Startup Time": 0.0, "Actual Total Time": 0.0, "Index Cond": "(id = ml.linked_movie_id)"}]}]}]}, "Triggers": [], "Planner Runtime": 5, "Total Runtime": 41.437, "Unique SQL Id": 524435555}}, "(1, 71)": {"explain_plan": {"Plan": {"Node Type": "Aggregate", "Strategy": "Plain", "Startup Cost": 1000001377786.31, "Total Cost": 1000001377786.32, "Plan Rows": 1, "Plan Width": 142, "Plans": [{"Node Type": "Nested Loop", "Parent Relationship": "Outer", "Join Type": "Inner", "Startup Cost": 10000000004.71, "Total Cost": 1000001377785.15, "Plan Rows": 154, "Plan Width": 46, "Inner Unique": true, "Plans": [{"Node Type": "Nested Loop", "Parent Relationship": "Outer", "Join Type": "Inner", "Startup Cost": 10000000004.45, "Total Cost": 1000001377125.95, "Plan Rows": 154, "Plan Width": 38, "Inner Unique": true, "Plans": [{"Node Type": "Nested Loop", "Parent Relationship": "Outer", "Join Type": "Inner", "Startup Cost": 10000000002.96, "Total Cost": 1000001376276.77, "Plan Rows": 154, "Plan Width": 25, "Inner Unique": true, "Plans": [{"Node Type": "Nested Loop", "Parent Relationship": "Outer", "Join Type": "Inner", "Startup Cost": 10000000002.69, "Total Cost": 1000001375616.35, "Plan Rows": 154, "Plan Width": 16, "Inner Unique": true, "Plans": [{"Node Type": "Nested Loop", "Parent Relationship": "Outer", "Join Type": "Inner", "Startup Cost": 10000000002.44, "Total Cost": 1000000342019.19, "Plan Rows": 241339, "Plan Width": 20, "Inner Unique": false, "Plans": [{"Node Type": "Index Scan", "Parent Relationship": "Outer", "Scan Direction": "Forward", "Index Name": "link_type_id_movie_link", "Relation Name": "movie_link", "Alias": "ml", "Startup Cost": 10000000000.0, "Total Cost": 1000000143569.16, "Plan Rows": 29996, "Plan Width": 12}, {"Node Type": "Bitmap Heap Scan", "Parent Relationship": "Inner", "Relation Name": "movie_keyword", "Alias": "mk", "Startup Cost": 2.44, "Total Cost": 6.54, "Plan Rows": 8, "Plan Width": 8, "Recheck Cond": "(movie_id = ml.movie_id)", "Plans": [{"Node Type": "Bitmap Index Scan", "Parent Relationship": "Outer", "Index Name": "movie_id_movie_keyword", "Startup Cost": 0.0, "Total Cost": 2.43, "Plan Rows": 8, "Plan Width": 0, "Index Cond": "(movie_id = ml.movie_id)"}]}]}, {"Node Type": "Bitmap Heap Scan", "Parent Relationship": "Inner", "Relation Name": "keyword", "Alias": "k", "Startup Cost": 0.26, "Total Cost": 4.27, "Plan Rows": 1, "Plan Width": 4, "Recheck Cond": "(id = mk.keyword_id)", "Filter": "((keyword)::text = '10,000-mile-club'::text)", "Plans": [{"Node Type": "Bitmap Index Scan", "Parent Relationship": "Outer", "Index Name": "keyword_pkey", "Startup Cost": 0.0, "Total Cost": 0.26, "Plan Rows": 1, "Plan Width": 0, "Index Cond": "(id = mk.keyword_id)"}]}]}, {"Node Type": "Bitmap Heap Scan", "Parent Relationship": "Inner", "Relation Name": "title", "Alias": "t1", "Startup Cost": 0.27, "Total Cost": 4.28, "Plan Rows": 1, "Plan Width": 21, "Recheck Cond": "(id = mk.movie_id)", "Plans": [{"Node Type": "Bitmap Index Scan", "Parent Relationship": "Outer", "Index Name": "title_pkey", "Startup Cost": 0.0, "Total Cost": 0.27, "Plan Rows": 1, "Plan Width": 0, "Index Cond": "(id = mk.movie_id)"}]}]}, {"Node Type": "Bitmap Heap Scan", "Parent Relationship": "Inner", "Relation Name": "title", "Alias": "t2", "Startup Cost": 1.49, "Total Cost": 5.5, "Plan Rows": 1, "Plan Width": 21, "Recheck Cond": "(id = ml.linked_movie_id)", "Plans": [{"Node Type": "Bitmap Index Scan", "Parent Relationship": "Outer", "Index Name": "title_pkey", "Startup Cost": 0.0, "Total Cost": 1.49, "Plan Rows": 1, "Plan Width": 0, "Index Cond": "(id = ml.linked_movie_id)"}]}]}, {"Node Type": "Bitmap Heap Scan", "Parent Relationship": "Inner", "Relation Name": "link_type", "Alias": "lt", "Startup Cost": 0.26, "Total Cost": 4.27, "Plan Rows": 1, "Plan Width": 16, "Recheck Cond": "(id = ml.link_type_id)", "Plans": [{"Node Type": "Bitmap Index Scan", "Parent Relationship": "Outer", "Index Name": "link_type_pkey", "Startup Cost": 0.0, "Total Cost": 0.26, "Plan Rows": 1, "Plan Width": 0, "Index Cond": "(id = ml.link_type_id)"}]}]}]}, "Unique SQL Id": 524435555, "Planner Runtime": 4}, "explain_analyze_plan": null}, "(1, 72)": {"explain_plan": {"Plan": {"Node Type": "Aggregate", "Strategy": "Plain", "Startup Cost": 3265.11, "Total Cost": 3265.12, "Plan Rows": 1, "Plan Width": 142, "Plans": [{"Node Type": "Nested Loop", "Parent Relationship": "Outer", "Join Type": "Inner", "Startup Cost": 1.38, "Total Cost": 3263.96, "Plan Rows": 154, "Plan Width": 46, "Inner Unique": true, "Plans": [{"Node Type": "Hash Join", "Parent Relationship": "Outer", "Join Type": "Inner", "Startup Cost": 1.38, "Total Cost": 2600.38, "Plan Rows": 154, "Plan Width": 33, "Inner Unique": true, "Hash Cond": "(ml.link_type_id = lt.id)", "Plans": [{"Node Type": "Nested Loop", "Parent Relationship": "Outer", "Join Type": "Inner", "Startup Cost": 0.0, "Total Cost": 2597.06, "Plan Rows": 154, "Plan Width": 25, "Inner Unique": false, "Plans": [{"Node Type": "Nested Loop", "Parent Relationship": "Outer", "Join Type": "Inner", "Startup Cost": 0.0, "Total Cost": 2583.84, "Plan Rows": 33, "Plan Width": 25, "Inner Unique": true, "Plans": [{"Node Type": "Nested Loop", "Parent Relationship": "Outer", "Join Type": "Inner", "Startup Cost": 0.0, "Total Cost": 2573.32, "Plan Rows": 33, "Plan Width": 4, "Inner Unique": false, "Plans": [{"Node Type": "Seq Scan", "Parent Relationship": "Outer", "Relation Name": "keyword", "Alias": "k", "Startup Cost": 0.0, "Total Cost": 2436.11, "Plan Rows": 1, "Plan Width": 4, "Filter": "((keyword)::text = '10,000-mile-club'::text)"}, {"Node Type": "Index Scan", "Parent Relationship": "Inner", "Scan Direction": "Forward", "Index Name": "keyword_id_movie_keyword", "Relation Name": "movie_keyword", "Alias": "mk", "Startup Cost": 0.0, "Total Cost": 136.88, "Plan Rows": 33, "Plan Width": 8, "Index Cond": "(keyword_id = k.id)"}]}, {"Node Type": "Index Scan", "Parent Relationship": "Inner", "Scan Direction": "Forward", "Index Name": "title_pkey", "Relation Name": "title", "Alias": "t1", "Startup Cost": 0.0, "Total Cost": 0.31, "Plan Rows": 1, "Plan Width": 21, "Index Cond": "(id = mk.movie_id)"}]}, {"Node Type": "Index Scan", "Parent Relationship": "Inner", "Scan Direction": "Forward", "Index Name": "movie_id_movie_link", "Relation Name": "movie_link", "Alias": "ml", "Startup Cost": 0.0, "Total Cost": 0.35, "Plan Rows": 5, "Plan Width": 12, "Index Cond": "(movie_id = t1.id)"}]}, {"Node Type": "Hash", "Parent Relationship": "Inner", "Startup Cost": 1.17, "Total Cost": 1.17, "Plan Rows": 17, "Plan Width": 16, "Plans": [{"Node Type": "Seq Scan", "Parent Relationship": "Outer", "Relation Name": "link_type", "Alias": "lt", "Startup Cost": 0.0, "Total Cost": 1.17, "Plan Rows": 17, "Plan Width": 16}]}]}, {"Node Type": "Index Scan", "Parent Relationship": "Inner", "Scan Direction": "Forward", "Index Name": "title_pkey", "Relation Name": "title", "Alias": "t2", "Startup Cost": 0.0, "Total Cost": 4.3, "Plan Rows": 1, "Plan Width": 21, "Index Cond": "(id = ml.linked_movie_id)"}]}]}, "Unique SQL Id": 524435555, "Planner Runtime": 12}, "explain_analyze_plan": {"Plan": {"Node Type": "Aggregate", "Strategy": "Plain", "Startup Cost": 3265.11, "Total Cost": 3265.12, "Plan Rows": 1, "Plan Width": 142, "Actual Startup Time": 41.179, "Actual Total Time": 41.179, "Actual Rows": 1, "Actual Loops": 1, "Plans": [{"Node Type": "Nested Loop", "Parent Relationship": "Outer", "Join Type": "Inner", "Startup Cost": 1.38, "Total Cost": 3263.96, "Plan Rows": 154, "Plan Width": 46, "Actual Startup Time": 41.172, "Actual Total Time": 41.172, "Actual Rows": 0, "Actual Loops": 1, "Inner Unique": true, "Plans": [{"Node Type": "Hash Join", "Parent Relationship": "Outer", "Join Type": "Inner", "Startup Cost": 1.38, "Total Cost": 2600.38, "Plan Rows": 154, "Plan Width": 33, "Actual Startup Time": 41.171, "Actual Total Time": 41.171, "Actual Rows": 0, "Actual Loops": 1, "Inner Unique": true, "Hash Cond": "(ml.link_type_id = lt.id)", "Plans": [{"Node Type": "Nested Loop", "Parent Relationship": "Outer", "Join Type": "Inner", "Startup Cost": 0.0, "Total Cost": 2597.06, "Plan Rows": 154, "Plan Width": 25, "Actual Startup Time": 41.165, "Actual Total Time": 41.165, "Actual Rows": 0, "Actual Loops": 1, "Inner Unique": false, "Plans": [{"Node Type": "Nested Loop", "Parent Relationship": "Outer", "Join Type": "Inner", "Startup Cost": 0.0, "Total Cost": 2583.84, "Plan Rows": 33, "Plan Width": 25, "Actual Startup Time": 40.28, "Actual Total Time": 41.161, "Actual Rows": 1, "Actual Loops": 1, "Inner Unique": true, "Plans": [{"Node Type": "Nested Loop", "Parent Relationship": "Outer", "Join Type": "Inner", "Startup Cost": 0.0, "Total Cost": 2573.32, "Plan Rows": 33, "Plan Width": 4, "Actual Startup Time": 40.268, "Actual Total Time": 41.149, "Actual Rows": 1, "Actual Loops": 1, "Inner Unique": false, "Plans": [{"Node Type": "Seq Scan", "Parent Relationship": "Outer", "Relation Name": "keyword", "Alias": "k", "Startup Cost": 0.0, "Total Cost": 2436.11, "Plan Rows": 1, "Plan Width": 4, "Actual Startup Time": 40.247, "Actual Total Time": 41.126, "Actual Rows": 1, "Actual Loops": 1, "Filter": "((keyword)::text = '10,000-mile-club'::text)", "Rows Removed by Filter": 134168}, {"Node Type": "Index Scan", "Parent Relationship": "Inner", "Scan Direction": "Forward", "Index Name": "keyword_id_movie_keyword", "Relation Name": "movie_keyword", "Alias": "mk", "Startup Cost": 0.0, "Total Cost": 136.88, "Plan Rows": 33, "Plan Width": 8, "Actual Startup Time": 0.015, "Actual Total Time": 0.016, "Actual Rows": 1, "Actual Loops": 1, "Index Cond": "(keyword_id = k.id)", "Rows Removed by Index Recheck": 0}]}, {"Node Type": "Index Scan", "Parent Relationship": "Inner", "Scan Direction": "Forward", "Index Name": "title_pkey", "Relation Name": "title", "Alias": "t1", "Startup Cost": 0.0, "Total Cost": 0.31, "Plan Rows": 1, "Plan Width": 21, "Actual Startup Time": 0.009, "Actual Total Time": 0.009, "Actual Rows": 1, "Actual Loops": 1, "Index Cond": "(id = mk.movie_id)", "Rows Removed by Index Recheck": 0}]}, {"Node Type": "Index Scan", "Parent Relationship": "Inner", "Scan Direction": "Forward", "Index Name": "movie_id_movie_link", "Relation Name": "movie_link", "Alias": "ml", "Startup Cost": 0.0, "Total Cost": 0.35, "Plan Rows": 5, "Plan Width": 12, "Actual Startup Time": 0.003, "Actual Total Time": 0.003, "Actual Rows": 0, "Actual Loops": 1, "Index Cond": "(movie_id = t1.id)", "Rows Removed by Index Recheck": 0}]}, {"Node Type": "Hash", "Parent Relationship": "Inner", "Startup Cost": 1.17, "Total Cost": 1.17, "Plan Rows": 17, "Plan Width": 16, "Actual Startup Time": 0.0, "Actual Total Time": 0.0, "Hash Buckets": 0, "Hash Batches": 0, "Original Hash Batches": 0, "Peak Memory Usage": 0, "Plans": [{"Node Type": "Seq Scan", "Parent Relationship": "Outer", "Relation Name": "link_type", "Alias": "lt", "Startup Cost": 0.0, "Total Cost": 1.17, "Plan Rows": 17, "Plan Width": 16, "Actual Startup Time": 0.0, "Actual Total Time": 0.0}]}]}, {"Node Type": "Index Scan", "Parent Relationship": "Inner", "Scan Direction": "Forward", "Index Name": "title_pkey", "Relation Name": "title", "Alias": "t2", "Startup Cost": 0.0, "Total Cost": 4.3, "Plan Rows": 1, "Plan Width": 21, "Actual Startup Time": 0.0, "Actual Total Time": 0.0, "Index Cond": "(id = ml.linked_movie_id)", "Rows Removed by Index Recheck": 0}]}]}, "Triggers": [], "Planner Runtime": 5, "Total Runtime": 41.389, "Unique SQL Id": 524435555}}, "(1, 73)": {"explain_plan": {"Plan": {"Node Type": "Aggregate", "Strategy": "Plain", "Startup Cost": 4051.57, "Total Cost": 4051.58, "Plan Rows": 1, "Plan Width": 142, "Plans": [{"Node Type": "Nested Loop", "Parent Relationship": "Outer", "Join Type": "Inner", "Startup Cost": 0.0, "Total Cost": 4050.42, "Plan Rows": 154, "Plan Width": 46, "Inner Unique": true, "Plans": [{"Node Type": "Nested Loop", "Parent Relationship": "Outer", "Join Type": "Inner", "Startup Cost": 0.0, "Total Cost": 3386.84, "Plan Rows": 154, "Plan Width": 33, "Inner Unique": true, "Plans": [{"Node Type": "Nested Loop", "Parent Relationship": "Outer", "Join Type": "Inner", "Startup Cost": 0.0, "Total Cost": 3343.66, "Plan Rows": 154, "Plan Width": 25, "Inner Unique": false, "Plans": [{"Node Type": "Nested Loop", "Parent Relationship": "Outer", "Join Type": "Inner", "Startup Cost": 0.0, "Total Cost": 3330.45, "Plan Rows": 33, "Plan Width": 25, "Inner Unique": true, "Plans": [{"Node Type": "Nested Loop", "Parent Relationship": "Outer", "Join Type": "Inner", "Startup Cost": 0.0, "Total Cost": 3319.92, "Plan Rows": 33, "Plan Width": 4, "Inner Unique": false, "Plans": [{"Node Type": "Index Scan", "Parent Relationship": "Outer", "Scan Direction": "Forward", "Index Name": "keyword_pkey", "Relation Name": "keyword", "Alias": "k", "Startup Cost": 0.0, "Total Cost": 3182.72, "Plan Rows": 1, "Plan Width": 4, "Filter": "((keyword)::text = '10,000-mile-club'::text)"}, {"Node Type": "Index Scan", "Parent Relationship": "Inner", "Scan Direction": "Forward", "Index Name": "keyword_id_movie_keyword", "Relation Name": "movie_keyword", "Alias": "mk", "Startup Cost": 0.0, "Total Cost": 136.88, "Plan Rows": 33, "Plan Width": 8, "Index Cond": "(keyword_id = k.id)"}]}, {"Node Type": "Index Scan", "Parent Relationship": "Inner", "Scan Direction": "Forward", "Index Name": "title_pkey", "Relation Name": "title", "Alias": "t1", "Startup Cost": 0.0, "Total Cost": 0.31, "Plan Rows": 1, "Plan Width": 21, "Index Cond": "(id = mk.movie_id)"}]}, {"Node Type": "Index Scan", "Parent Relationship": "Inner", "Scan Direction": "Forward", "Index Name": "movie_id_movie_link", "Relation Name": "movie_link", "Alias": "ml", "Startup Cost": 0.0, "Total Cost": 0.35, "Plan Rows": 5, "Plan Width": 12, "Index Cond": "(movie_id = t1.id)"}]}, {"Node Type": "Index Scan", "Parent Relationship": "Inner", "Scan Direction": "Forward", "Index Name": "link_type_pkey", "Relation Name": "link_type", "Alias": "lt", "Startup Cost": 0.0, "Total Cost": 0.27, "Plan Rows": 1, "Plan Width": 16, "Index Cond": "(id = ml.link_type_id)"}]}, {"Node Type": "Index Scan", "Parent Relationship": "Inner", "Scan Direction": "Forward", "Index Name": "title_pkey", "Relation Name": "title", "Alias": "t2", "Startup Cost": 0.0, "Total Cost": 4.3, "Plan Rows": 1, "Plan Width": 21, "Index Cond": "(id = ml.linked_movie_id)"}]}]}, "Unique SQL Id": 524435555, "Planner Runtime": 12}, "explain_analyze_plan": {"Plan": {"Node Type": "Aggregate", "Strategy": "Plain", "Startup Cost": 4051.57, "Total Cost": 4051.58, "Plan Rows": 1, "Plan Width": 142, "Actual Startup Time": 116.677, "Actual Total Time": 116.678, "Actual Rows": 1, "Actual Loops": 1, "Plans": [{"Node Type": "Nested Loop", "Parent Relationship": "Outer", "Join Type": "Inner", "Startup Cost": 0.0, "Total Cost": 4050.42, "Plan Rows": 154, "Plan Width": 46, "Actual Startup Time": 116.671, "Actual Total Time": 116.671, "Actual Rows": 0, "Actual Loops": 1, "Inner Unique": true, "Plans": [{"Node Type": "Nested Loop", "Parent Relationship": "Outer", "Join Type": "Inner", "Startup Cost": 0.0, "Total Cost": 3386.84, "Plan Rows": 154, "Plan Width": 33, "Actual Startup Time": 116.668, "Actual Total Time": 116.668, "Actual Rows": 0, "Actual Loops": 1, "Inner Unique": true, "Plans": [{"Node Type": "Nested Loop", "Parent Relationship": "Outer", "Join Type": "Inner", "Startup Cost": 0.0, "Total Cost": 3343.66, "Plan Rows": 154, "Plan Width": 25, "Actual Startup Time": 116.667, "Actual Total Time": 116.667, "Actual Rows": 0, "Actual Loops": 1, "Inner Unique": false, "Plans": [{"Node Type": "Nested Loop", "Parent Relationship": "Outer", "Join Type": "Inner", "Startup Cost": 0.0, "Total Cost": 3330.45, "Plan Rows": 33, "Plan Width": 25, "Actual Startup Time": 114.781, "Actual Total Time": 116.653, "Actual Rows": 1, "Actual Loops": 1, "Inner Unique": true, "Plans": [{"Node Type": "Nested Loop", "Parent Relationship": "Outer", "Join Type": "Inner", "Startup Cost": 0.0, "Total Cost": 3319.92, "Plan Rows": 33, "Plan Width": 4, "Actual Startup Time": 114.757, "Actual Total Time": 116.628, "Actual Rows": 1, "Actual Loops": 1, "Inner Unique": false, "Plans": [{"Node Type": "Index Scan", "Parent Relationship": "Outer", "Scan Direction": "Forward", "Index Name": "keyword_pkey", "Relation Name": "keyword", "Alias": "k", "Startup Cost": 0.0, "Total Cost": 3182.72, "Plan Rows": 1, "Plan Width": 4, "Actual Startup Time": 114.722, "Actual Total Time": 116.591, "Actual Rows": 1, "Actual Loops": 1, "Filter": "((keyword)::text = '10,000-mile-club'::text)", "Rows Removed by Filter": 134168}, {"Node Type": "Index Scan", "Parent Relationship": "Inner", "Scan Direction": "Forward", "Index Name": "keyword_id_movie_keyword", "Relation Name": "movie_keyword", "Alias": "mk", "Startup Cost": 0.0, "Total Cost": 136.88, "Plan Rows": 33, "Plan Width": 8, "Actual Startup Time": 0.023, "Actual Total Time": 0.023, "Actual Rows": 1, "Actual Loops": 1, "Index Cond": "(keyword_id = k.id)", "Rows Removed by Index Recheck": 0}]}, {"Node Type": "Index Scan", "Parent Relationship": "Inner", "Scan Direction": "Forward", "Index Name": "title_pkey", "Relation Name": "title", "Alias": "t1", "Startup Cost": 0.0, "Total Cost": 0.31, "Plan Rows": 1, "Plan Width": 21, "Actual Startup Time": 0.017, "Actual Total Time": 0.017, "Actual Rows": 1, "Actual Loops": 1, "Index Cond": "(id = mk.movie_id)", "Rows Removed by Index Recheck": 0}]}, {"Node Type": "Index Scan", "Parent Relationship": "Inner", "Scan Direction": "Forward", "Index Name": "movie_id_movie_link", "Relation Name": "movie_link", "Alias": "ml", "Startup Cost": 0.0, "Total Cost": 0.35, "Plan Rows": 5, "Plan Width": 12, "Actual Startup Time": 0.009, "Actual Total Time": 0.009, "Actual Rows": 0, "Actual Loops": 1, "Index Cond": "(movie_id = t1.id)", "Rows Removed by Index Recheck": 0}]}, {"Node Type": "Index Scan", "Parent Relationship": "Inner", "Scan Direction": "Forward", "Index Name": "link_type_pkey", "Relation Name": "link_type", "Alias": "lt", "Startup Cost": 0.0, "Total Cost": 0.27, "Plan Rows": 1, "Plan Width": 16, "Actual Startup Time": 0.0, "Actual Total Time": 0.0, "Index Cond": "(id = ml.link_type_id)", "Rows Removed by Index Recheck": 0}]}, {"Node Type": "Index Scan", "Parent Relationship": "Inner", "Scan Direction": "Forward", "Index Name": "title_pkey", "Relation Name": "title", "Alias": "t2", "Startup Cost": 0.0, "Total Cost": 4.3, "Plan Rows": 1, "Plan Width": 21, "Actual Startup Time": 0.0, "Actual Total Time": 0.0, "Index Cond": "(id = ml.linked_movie_id)", "Rows Removed by Index Recheck": 0}]}]}, "Triggers": [], "Planner Runtime": 2, "Total Runtime": 116.955, "Unique SQL Id": 524435555}}, "(1, 74)": {"explain_plan": {"Plan": {"Node Type": "Aggregate", "Strategy": "Plain", "Startup Cost": 216137.06, "Total Cost": 216137.07, "Plan Rows": 1, "Plan Width": 142, "Plans": [{"Node Type": "Hash Join", "Parent Relationship": "Outer", "Join Type": "Inner", "Startup Cost": 146581.97, "Total Cost": 216135.9, "Plan Rows": 154, "Plan Width": 46, "Inner Unique": true, "Hash Cond": "(ml.link_type_id = lt.id)", "Plans": [{"Node Type": "Hash Join", "Parent Relationship": "Outer", "Join Type": "Inner", "Startup Cost": 146580.59, "Total Cost": 216132.4, "Plan Rows": 154, "Plan Width": 38, "Inner Unique": false, "Hash Cond": "(t2.id = ml.linked_movie_id)", "Plans": [{"Node Type": "Seq Scan", "Parent Relationship": "Outer", "Relation Name": "title", "Alias": "t2", "Startup Cost": 0.0, "Total Cost": 60069.11, "Plan Rows": 2528311, "Plan Width": 21}, {"Node Type": "Hash", "Parent Relationship": "Inner", "Startup Cost": 146578.66, "Total Cost": 146578.66, "Plan Rows": 154, "Plan Width": 25, "Plans": [{"Node Type": "Hash Join", "Parent Relationship": "Outer", "Join Type": "Inner", "Startup Cost": 77022.17, "Total Cost": 146578.66, "Plan Rows": 154, "Plan Width": 25, "Inner Unique": false, "Hash Cond": "(t1.id = ml.movie_id)", "Plans": [{"Node Type": "Hash Join", "Parent Relationship": "Outer", "Join Type": "Inner", "Startup Cost": 76216.26, "Total Cost": 145766.86, "Plan Rows": 33, "Plan Width": 25, "Inner Unique": false, "Hash Cond": "(t1.id = mk.movie_id)", "Plans": [{"Node Type": "Seq Scan", "Parent Relationship": "Outer", "Relation Name": "title", "Alias": "t1", "Startup Cost": 0.0, "Total Cost": 60069.11, "Plan Rows": 2528311, "Plan Width": 21}, {"Node Type": "Hash", "Parent Relationship": "Inner", "Startup Cost": 76215.84, "Total Cost": 76215.84, "Plan Rows": 33, "Plan Width": 4, "Plans": [{"Node Type": "Hash Join", "Parent Relationship": "Outer", "Join Type": "Inner", "Startup Cost": 2436.12, "Total Cost": 76215.84, "Plan Rows": 33, "Plan Width": 4, "Inner Unique": true, "Hash Cond": "(mk.keyword_id = k.id)", "Plans": [{"Node Type": "Seq Scan", "Parent Relationship": "Outer", "Relation Name": "movie_keyword", "Alias": "mk", "Startup Cost": 0.0, "Total Cost": 62441.29, "Plan Rows": 4523929, "Plan Width": 8}, {"Node Type": "Hash", "Parent Relationship": "Inner", "Startup Cost": 2436.11, "Total Cost": 2436.11, "Plan Rows": 1, "Plan Width": 4, "Plans": [{"Node Type": "Seq Scan", "Parent Relationship": "Outer", "Relation Name": "keyword", "Alias": "k", "Startup Cost": 0.0, "Total Cost": 2436.11, "Plan Rows": 1, "Plan Width": 4, "Filter": "((keyword)::text = '10,000-mile-club'::text)"}]}]}]}]}, {"Node Type": "Hash", "Parent Relationship": "Inner", "Startup Cost": 430.96, "Total Cost": 430.96, "Plan Rows": 29996, "Plan Width": 12, "Plans": [{"Node Type": "Seq Scan", "Parent Relationship": "Outer", "Relation Name": "movie_link", "Alias": "ml", "Startup Cost": 0.0, "Total Cost": 430.96, "Plan Rows": 29996, "Plan Width": 12}]}]}]}]}, {"Node Type": "Hash", "Parent Relationship": "Inner", "Startup Cost": 1.17, "Total Cost": 1.17, "Plan Rows": 17, "Plan Width": 16, "Plans": [{"Node Type": "Seq Scan", "Parent Relationship": "Outer", "Relation Name": "link_type", "Alias": "lt", "Startup Cost": 0.0, "Total Cost": 1.17, "Plan Rows": 17, "Plan Width": 16}]}]}]}, "Unique SQL Id": 524435555, "Planner Runtime": 13}, "explain_analyze_plan": null}, "(1, 75)": {"explain_plan": {"Plan": {"Node Type": "Aggregate", "Strategy": "Plain", "Startup Cost": 4103059830084.63, "Total Cost": 4103059830084.64, "Plan Rows": 1, "Plan Width": 142, "Plans": [{"Node Type": "Merge Join", "Parent Relationship": "Outer", "Join Type": "Inner", "Startup Cost": 3114387589920.25, "Total Cost": 4103059830083.48, "Plan Rows": 154, "Plan Width": 46, "Inner Unique": true, "Merge Cond": "(ml.linked_movie_id = t2.id)", "Plans": [{"Node Type": "Sort", "Parent Relationship": "Outer", "Startup Cost": 3104266594756.02, "Total Cost": 3104266594756.4, "Plan Rows": 154, "Plan Width": 33, "Sort Key": ["ml.linked_movie_id"], "Plans": [{"Node Type": "Hash Join", "Parent Relationship": "Outer", "Join Type": "Inner", "Startup Cost": 2114266276473.82, "Total Cost": 3104266594750.42, "Plan Rows": 154, "Plan Width": 33, "Inner Unique": false, "Hash Cond": "(k.id = mk.keyword_id)", "Plans": [{"Node Type": "Index Scan", "Parent Relationship": "Outer", "Scan Direction": "Forward", "Index Name": "keyword_pkey", "Relation Name": "keyword", "Alias": "k", "Startup Cost": 10000000000.0, "Total Cost": 1000000318271.68, "Plan Rows": 1, "Plan Width": 4, "Filter": "((keyword)::text = '10,000-mile-club'::text)"}, {"Node Type": "Hash", "Parent Relationship": "Inner", "Startup Cost": 2104266273457.08, "Total Cost": 2104266273457.08, "Plan Rows": 241339, "Plan Width": 37, "Plans": [{"Node Type": "Merge Join", "Parent Relationship": "Outer", "Join Type": "Inner", "Startup Cost": 1172501562824.25, "Total Cost": 2104266273457.08, "Plan Rows": 241339, "Plan Width": 37, "Inner Unique": false, "Merge Cond": "(lt.id = ml.link_type_id)", "Plans": [{"Node Type": "Index Scan", "Parent Relationship": "Outer", "Scan Direction": "Forward", "Index Name": "link_type_pkey", "Relation Name": "link_type", "Alias": "lt", "Startup Cost": 10000000000.0, "Total Cost": 1000000001250.5, "Plan Rows": 17, "Plan Width": 16}, {"Node Type": "Sort", "Parent Relationship": "Inner", "Startup Cost": 1162501562777.66, "Total Cost": 1162501563381.01, "Plan Rows": 241339, "Plan Width": 29, "Sort Key": ["ml.link_type_id"], "Plans": [{"Node Type": "Merge Join", "Parent Relationship": "Outer", "Join Type": "Inner", "Startup Cost": 30162989099.11, "Total Cost": 1162501541201.11, "Plan Rows": 241339, "Plan Width": 29, "Inner Unique": false, "Merge Cond": "(t1.id = ml.movie_id)", "Plans": [{"Node Type": "Merge Join", "Parent Relationship": "Outer", "Join Type": "Inner", "Startup Cost": 20120995164.23, "Total Cost": 1999054106967.89, "Plan Rows": 4523929, "Plan Width": 29, "Inner Unique": false, "Merge Cond": "(t1.id = mk.movie_id)", "Plans": [{"Node Type": "Index Scan", "Parent Relationship": "Outer", "Scan Direction": "Forward", "Index Name": "title_pkey", "Relation Name": "title", "Alias": "t1", "Startup Cost": 10000000000.0, "Total Cost": 1000011012048.91, "Plan Rows": 2528311, "Plan Width": 21}, {"Node Type": "Index Scan", "Parent Relationship": "Inner", "Scan Direction": "Forward", "Index Name": "movie_id_movie_keyword", "Relation Name": "movie_keyword", "Alias": "mk", "Startup Cost": 10000000000.0, "Total Cost": 1000015300634.17, "Plan Rows": 4523929, "Plan Width": 8}]}, {"Node Type": "Materialize", "Parent Relationship": "Inner", "Startup Cost": 10000000000.0, "Total Cost": 1000000106277.36, "Plan Rows": 29996, "Plan Width": 12, "Plans": [{"Node Type": "Index Scan", "Parent Relationship": "Outer", "Scan Direction": "Forward", "Index Name": "movie_id_movie_link", "Relation Name": "movie_link", "Alias": "ml", "Startup Cost": 10000000000.0, "Total Cost": 1000000106202.37, "Plan Rows": 29996, "Plan Width": 12}]}]}]}]}]}]}]}, {"Node Type": "Index Scan", "Parent Relationship": "Inner", "Scan Direction": "Forward", "Index Name": "title_pkey", "Relation Name": "title", "Alias": "t2", "Startup Cost": 10000000000.0, "Total Cost": 1000011012048.91, "Plan Rows": 2528311, "Plan Width": 21}]}]}, "Unique SQL Id": 524435555, "Planner Runtime": 16}, "explain_analyze_plan": null}, "(1, 76)": {"explain_plan": {"Plan": {"Node Type": "Aggregate", "Strategy": "Plain", "Startup Cost": 3265.11, "Total Cost": 3265.12, "Plan Rows": 1, "Plan Width": 142, "Plans": [{"Node Type": "Nested Loop", "Parent Relationship": "Outer", "Join Type": "Inner", "Startup Cost": 1.38, "Total Cost": 3263.96, "Plan Rows": 154, "Plan Width": 46, "Inner Unique": true, "Plans": [{"Node Type": "Hash Join", "Parent Relationship": "Outer", "Join Type": "Inner", "Startup Cost": 1.38, "Total Cost": 2600.38, "Plan Rows": 154, "Plan Width": 33, "Inner Unique": true, "Hash Cond": "(ml.link_type_id = lt.id)", "Plans": [{"Node Type": "Nested Loop", "Parent Relationship": "Outer", "Join Type": "Inner", "Startup Cost": 0.0, "Total Cost": 2597.06, "Plan Rows": 154, "Plan Width": 25, "Inner Unique": false, "Plans": [{"Node Type": "Nested Loop", "Parent Relationship": "Outer", "Join Type": "Inner", "Startup Cost": 0.0, "Total Cost": 2583.84, "Plan Rows": 33, "Plan Width": 25, "Inner Unique": true, "Plans": [{"Node Type": "Nested Loop", "Parent Relationship": "Outer", "Join Type": "Inner", "Startup Cost": 0.0, "Total Cost": 2573.32, "Plan Rows": 33, "Plan Width": 4, "Inner Unique": false, "Plans": [{"Node Type": "Seq Scan", "Parent Relationship": "Outer", "Relation Name": "keyword", "Alias": "k", "Startup Cost": 0.0, "Total Cost": 2436.11, "Plan Rows": 1, "Plan Width": 4, "Filter": "((keyword)::text = '10,000-mile-club'::text)"}, {"Node Type": "Index Scan", "Parent Relationship": "Inner", "Scan Direction": "Forward", "Index Name": "keyword_id_movie_keyword", "Relation Name": "movie_keyword", "Alias": "mk", "Startup Cost": 0.0, "Total Cost": 136.88, "Plan Rows": 33, "Plan Width": 8, "Index Cond": "(keyword_id = k.id)"}]}, {"Node Type": "Index Scan", "Parent Relationship": "Inner", "Scan Direction": "Forward", "Index Name": "title_pkey", "Relation Name": "title", "Alias": "t1", "Startup Cost": 0.0, "Total Cost": 0.31, "Plan Rows": 1, "Plan Width": 21, "Index Cond": "(id = mk.movie_id)"}]}, {"Node Type": "Index Scan", "Parent Relationship": "Inner", "Scan Direction": "Forward", "Index Name": "movie_id_movie_link", "Relation Name": "movie_link", "Alias": "ml", "Startup Cost": 0.0, "Total Cost": 0.35, "Plan Rows": 5, "Plan Width": 12, "Index Cond": "(movie_id = t1.id)"}]}, {"Node Type": "Hash", "Parent Relationship": "Inner", "Startup Cost": 1.17, "Total Cost": 1.17, "Plan Rows": 17, "Plan Width": 16, "Plans": [{"Node Type": "Seq Scan", "Parent Relationship": "Outer", "Relation Name": "link_type", "Alias": "lt", "Startup Cost": 0.0, "Total Cost": 1.17, "Plan Rows": 17, "Plan Width": 16}]}]}, {"Node Type": "Index Scan", "Parent Relationship": "Inner", "Scan Direction": "Forward", "Index Name": "title_pkey", "Relation Name": "title", "Alias": "t2", "Startup Cost": 0.0, "Total Cost": 4.3, "Plan Rows": 1, "Plan Width": 21, "Index Cond": "(id = ml.linked_movie_id)"}]}]}, "Unique SQL Id": 524435555, "Planner Runtime": 12}, "explain_analyze_plan": {"Plan": {"Node Type": "Aggregate", "Strategy": "Plain", "Startup Cost": 3265.11, "Total Cost": 3265.12, "Plan Rows": 1, "Plan Width": 142, "Actual Startup Time": 41.179, "Actual Total Time": 41.179, "Actual Rows": 1, "Actual Loops": 1, "Plans": [{"Node Type": "Nested Loop", "Parent Relationship": "Outer", "Join Type": "Inner", "Startup Cost": 1.38, "Total Cost": 3263.96, "Plan Rows": 154, "Plan Width": 46, "Actual Startup Time": 41.172, "Actual Total Time": 41.172, "Actual Rows": 0, "Actual Loops": 1, "Inner Unique": true, "Plans": [{"Node Type": "Hash Join", "Parent Relationship": "Outer", "Join Type": "Inner", "Startup Cost": 1.38, "Total Cost": 2600.38, "Plan Rows": 154, "Plan Width": 33, "Actual Startup Time": 41.171, "Actual Total Time": 41.171, "Actual Rows": 0, "Actual Loops": 1, "Inner Unique": true, "Hash Cond": "(ml.link_type_id = lt.id)", "Plans": [{"Node Type": "Nested Loop", "Parent Relationship": "Outer", "Join Type": "Inner", "Startup Cost": 0.0, "Total Cost": 2597.06, "Plan Rows": 154, "Plan Width": 25, "Actual Startup Time": 41.165, "Actual Total Time": 41.165, "Actual Rows": 0, "Actual Loops": 1, "Inner Unique": false, "Plans": [{"Node Type": "Nested Loop", "Parent Relationship": "Outer", "Join Type": "Inner", "Startup Cost": 0.0, "Total Cost": 2583.84, "Plan Rows": 33, "Plan Width": 25, "Actual Startup Time": 40.28, "Actual Total Time": 41.161, "Actual Rows": 1, "Actual Loops": 1, "Inner Unique": true, "Plans": [{"Node Type": "Nested Loop", "Parent Relationship": "Outer", "Join Type": "Inner", "Startup Cost": 0.0, "Total Cost": 2573.32, "Plan Rows": 33, "Plan Width": 4, "Actual Startup Time": 40.268, "Actual Total Time": 41.149, "Actual Rows": 1, "Actual Loops": 1, "Inner Unique": false, "Plans": [{"Node Type": "Seq Scan", "Parent Relationship": "Outer", "Relation Name": "keyword", "Alias": "k", "Startup Cost": 0.0, "Total Cost": 2436.11, "Plan Rows": 1, "Plan Width": 4, "Actual Startup Time": 40.247, "Actual Total Time": 41.126, "Actual Rows": 1, "Actual Loops": 1, "Filter": "((keyword)::text = '10,000-mile-club'::text)", "Rows Removed by Filter": 134168}, {"Node Type": "Index Scan", "Parent Relationship": "Inner", "Scan Direction": "Forward", "Index Name": "keyword_id_movie_keyword", "Relation Name": "movie_keyword", "Alias": "mk", "Startup Cost": 0.0, "Total Cost": 136.88, "Plan Rows": 33, "Plan Width": 8, "Actual Startup Time": 0.015, "Actual Total Time": 0.016, "Actual Rows": 1, "Actual Loops": 1, "Index Cond": "(keyword_id = k.id)", "Rows Removed by Index Recheck": 0}]}, {"Node Type": "Index Scan", "Parent Relationship": "Inner", "Scan Direction": "Forward", "Index Name": "title_pkey", "Relation Name": "title", "Alias": "t1", "Startup Cost": 0.0, "Total Cost": 0.31, "Plan Rows": 1, "Plan Width": 21, "Actual Startup Time": 0.009, "Actual Total Time": 0.009, "Actual Rows": 1, "Actual Loops": 1, "Index Cond": "(id = mk.movie_id)", "Rows Removed by Index Recheck": 0}]}, {"Node Type": "Index Scan", "Parent Relationship": "Inner", "Scan Direction": "Forward", "Index Name": "movie_id_movie_link", "Relation Name": "movie_link", "Alias": "ml", "Startup Cost": 0.0, "Total Cost": 0.35, "Plan Rows": 5, "Plan Width": 12, "Actual Startup Time": 0.003, "Actual Total Time": 0.003, "Actual Rows": 0, "Actual Loops": 1, "Index Cond": "(movie_id = t1.id)", "Rows Removed by Index Recheck": 0}]}, {"Node Type": "Hash", "Parent Relationship": "Inner", "Startup Cost": 1.17, "Total Cost": 1.17, "Plan Rows": 17, "Plan Width": 16, "Actual Startup Time": 0.0, "Actual Total Time": 0.0, "Hash Buckets": 0, "Hash Batches": 0, "Original Hash Batches": 0, "Peak Memory Usage": 0, "Plans": [{"Node Type": "Seq Scan", "Parent Relationship": "Outer", "Relation Name": "link_type", "Alias": "lt", "Startup Cost": 0.0, "Total Cost": 1.17, "Plan Rows": 17, "Plan Width": 16, "Actual Startup Time": 0.0, "Actual Total Time": 0.0}]}]}, {"Node Type": "Index Scan", "Parent Relationship": "Inner", "Scan Direction": "Forward", "Index Name": "title_pkey", "Relation Name": "title", "Alias": "t2", "Startup Cost": 0.0, "Total Cost": 4.3, "Plan Rows": 1, "Plan Width": 21, "Actual Startup Time": 0.0, "Actual Total Time": 0.0, "Index Cond": "(id = ml.linked_movie_id)", "Rows Removed by Index Recheck": 0}]}]}, "Triggers": [], "Planner Runtime": 5, "Total Runtime": 41.389, "Unique SQL Id": 524435555}}, "(1, 77)": {"explain_plan": {"Plan": {"Node Type": "Aggregate", "Strategy": "Plain", "Startup Cost": 4051.57, "Total Cost": 4051.58, "Plan Rows": 1, "Plan Width": 142, "Plans": [{"Node Type": "Nested Loop", "Parent Relationship": "Outer", "Join Type": "Inner", "Startup Cost": 0.0, "Total Cost": 4050.42, "Plan Rows": 154, "Plan Width": 46, "Inner Unique": true, "Plans": [{"Node Type": "Nested Loop", "Parent Relationship": "Outer", "Join Type": "Inner", "Startup Cost": 0.0, "Total Cost": 3386.84, "Plan Rows": 154, "Plan Width": 33, "Inner Unique": true, "Plans": [{"Node Type": "Nested Loop", "Parent Relationship": "Outer", "Join Type": "Inner", "Startup Cost": 0.0, "Total Cost": 3343.66, "Plan Rows": 154, "Plan Width": 25, "Inner Unique": false, "Plans": [{"Node Type": "Nested Loop", "Parent Relationship": "Outer", "Join Type": "Inner", "Startup Cost": 0.0, "Total Cost": 3330.45, "Plan Rows": 33, "Plan Width": 25, "Inner Unique": true, "Plans": [{"Node Type": "Nested Loop", "Parent Relationship": "Outer", "Join Type": "Inner", "Startup Cost": 0.0, "Total Cost": 3319.92, "Plan Rows": 33, "Plan Width": 4, "Inner Unique": false, "Plans": [{"Node Type": "Index Scan", "Parent Relationship": "Outer", "Scan Direction": "Forward", "Index Name": "keyword_pkey", "Relation Name": "keyword", "Alias": "k", "Startup Cost": 0.0, "Total Cost": 3182.72, "Plan Rows": 1, "Plan Width": 4, "Filter": "((keyword)::text = '10,000-mile-club'::text)"}, {"Node Type": "Index Scan", "Parent Relationship": "Inner", "Scan Direction": "Forward", "Index Name": "keyword_id_movie_keyword", "Relation Name": "movie_keyword", "Alias": "mk", "Startup Cost": 0.0, "Total Cost": 136.88, "Plan Rows": 33, "Plan Width": 8, "Index Cond": "(keyword_id = k.id)"}]}, {"Node Type": "Index Scan", "Parent Relationship": "Inner", "Scan Direction": "Forward", "Index Name": "title_pkey", "Relation Name": "title", "Alias": "t1", "Startup Cost": 0.0, "Total Cost": 0.31, "Plan Rows": 1, "Plan Width": 21, "Index Cond": "(id = mk.movie_id)"}]}, {"Node Type": "Index Scan", "Parent Relationship": "Inner", "Scan Direction": "Forward", "Index Name": "movie_id_movie_link", "Relation Name": "movie_link", "Alias": "ml", "Startup Cost": 0.0, "Total Cost": 0.35, "Plan Rows": 5, "Plan Width": 12, "Index Cond": "(movie_id = t1.id)"}]}, {"Node Type": "Index Scan", "Parent Relationship": "Inner", "Scan Direction": "Forward", "Index Name": "link_type_pkey", "Relation Name": "link_type", "Alias": "lt", "Startup Cost": 0.0, "Total Cost": 0.27, "Plan Rows": 1, "Plan Width": 16, "Index Cond": "(id = ml.link_type_id)"}]}, {"Node Type": "Index Scan", "Parent Relationship": "Inner", "Scan Direction": "Forward", "Index Name": "title_pkey", "Relation Name": "title", "Alias": "t2", "Startup Cost": 0.0, "Total Cost": 4.3, "Plan Rows": 1, "Plan Width": 21, "Index Cond": "(id = ml.linked_movie_id)"}]}]}, "Unique SQL Id": 524435555, "Planner Runtime": 12}, "explain_analyze_plan": {"Plan": {"Node Type": "Aggregate", "Strategy": "Plain", "Startup Cost": 4051.57, "Total Cost": 4051.58, "Plan Rows": 1, "Plan Width": 142, "Actual Startup Time": 116.677, "Actual Total Time": 116.678, "Actual Rows": 1, "Actual Loops": 1, "Plans": [{"Node Type": "Nested Loop", "Parent Relationship": "Outer", "Join Type": "Inner", "Startup Cost": 0.0, "Total Cost": 4050.42, "Plan Rows": 154, "Plan Width": 46, "Actual Startup Time": 116.671, "Actual Total Time": 116.671, "Actual Rows": 0, "Actual Loops": 1, "Inner Unique": true, "Plans": [{"Node Type": "Nested Loop", "Parent Relationship": "Outer", "Join Type": "Inner", "Startup Cost": 0.0, "Total Cost": 3386.84, "Plan Rows": 154, "Plan Width": 33, "Actual Startup Time": 116.668, "Actual Total Time": 116.668, "Actual Rows": 0, "Actual Loops": 1, "Inner Unique": true, "Plans": [{"Node Type": "Nested Loop", "Parent Relationship": "Outer", "Join Type": "Inner", "Startup Cost": 0.0, "Total Cost": 3343.66, "Plan Rows": 154, "Plan Width": 25, "Actual Startup Time": 116.667, "Actual Total Time": 116.667, "Actual Rows": 0, "Actual Loops": 1, "Inner Unique": false, "Plans": [{"Node Type": "Nested Loop", "Parent Relationship": "Outer", "Join Type": "Inner", "Startup Cost": 0.0, "Total Cost": 3330.45, "Plan Rows": 33, "Plan Width": 25, "Actual Startup Time": 114.781, "Actual Total Time": 116.653, "Actual Rows": 1, "Actual Loops": 1, "Inner Unique": true, "Plans": [{"Node Type": "Nested Loop", "Parent Relationship": "Outer", "Join Type": "Inner", "Startup Cost": 0.0, "Total Cost": 3319.92, "Plan Rows": 33, "Plan Width": 4, "Actual Startup Time": 114.757, "Actual Total Time": 116.628, "Actual Rows": 1, "Actual Loops": 1, "Inner Unique": false, "Plans": [{"Node Type": "Index Scan", "Parent Relationship": "Outer", "Scan Direction": "Forward", "Index Name": "keyword_pkey", "Relation Name": "keyword", "Alias": "k", "Startup Cost": 0.0, "Total Cost": 3182.72, "Plan Rows": 1, "Plan Width": 4, "Actual Startup Time": 114.722, "Actual Total Time": 116.591, "Actual Rows": 1, "Actual Loops": 1, "Filter": "((keyword)::text = '10,000-mile-club'::text)", "Rows Removed by Filter": 134168}, {"Node Type": "Index Scan", "Parent Relationship": "Inner", "Scan Direction": "Forward", "Index Name": "keyword_id_movie_keyword", "Relation Name": "movie_keyword", "Alias": "mk", "Startup Cost": 0.0, "Total Cost": 136.88, "Plan Rows": 33, "Plan Width": 8, "Actual Startup Time": 0.023, "Actual Total Time": 0.023, "Actual Rows": 1, "Actual Loops": 1, "Index Cond": "(keyword_id = k.id)", "Rows Removed by Index Recheck": 0}]}, {"Node Type": "Index Scan", "Parent Relationship": "Inner", "Scan Direction": "Forward", "Index Name": "title_pkey", "Relation Name": "title", "Alias": "t1", "Startup Cost": 0.0, "Total Cost": 0.31, "Plan Rows": 1, "Plan Width": 21, "Actual Startup Time": 0.017, "Actual Total Time": 0.017, "Actual Rows": 1, "Actual Loops": 1, "Index Cond": "(id = mk.movie_id)", "Rows Removed by Index Recheck": 0}]}, {"Node Type": "Index Scan", "Parent Relationship": "Inner", "Scan Direction": "Forward", "Index Name": "movie_id_movie_link", "Relation Name": "movie_link", "Alias": "ml", "Startup Cost": 0.0, "Total Cost": 0.35, "Plan Rows": 5, "Plan Width": 12, "Actual Startup Time": 0.009, "Actual Total Time": 0.009, "Actual Rows": 0, "Actual Loops": 1, "Index Cond": "(movie_id = t1.id)", "Rows Removed by Index Recheck": 0}]}, {"Node Type": "Index Scan", "Parent Relationship": "Inner", "Scan Direction": "Forward", "Index Name": "link_type_pkey", "Relation Name": "link_type", "Alias": "lt", "Startup Cost": 0.0, "Total Cost": 0.27, "Plan Rows": 1, "Plan Width": 16, "Actual Startup Time": 0.0, "Actual Total Time": 0.0, "Index Cond": "(id = ml.link_type_id)", "Rows Removed by Index Recheck": 0}]}, {"Node Type": "Index Scan", "Parent Relationship": "Inner", "Scan Direction": "Forward", "Index Name": "title_pkey", "Relation Name": "title", "Alias": "t2", "Startup Cost": 0.0, "Total Cost": 4.3, "Plan Rows": 1, "Plan Width": 21, "Actual Startup Time": 0.0, "Actual Total Time": 0.0, "Index Cond": "(id = ml.linked_movie_id)", "Rows Removed by Index Recheck": 0}]}]}, "Triggers": [], "Planner Runtime": 2, "Total Runtime": 116.955, "Unique SQL Id": 524435555}}, "(1, 78)": {"explain_plan": {"Plan": {"Node Type": "Aggregate", "Strategy": "Plain", "Startup Cost": 216137.06, "Total Cost": 216137.07, "Plan Rows": 1, "Plan Width": 142, "Plans": [{"Node Type": "Hash Join", "Parent Relationship": "Outer", "Join Type": "Inner", "Startup Cost": 146581.97, "Total Cost": 216135.9, "Plan Rows": 154, "Plan Width": 46, "Inner Unique": true, "Hash Cond": "(ml.link_type_id = lt.id)", "Plans": [{"Node Type": "Hash Join", "Parent Relationship": "Outer", "Join Type": "Inner", "Startup Cost": 146580.59, "Total Cost": 216132.4, "Plan Rows": 154, "Plan Width": 38, "Inner Unique": false, "Hash Cond": "(t2.id = ml.linked_movie_id)", "Plans": [{"Node Type": "Seq Scan", "Parent Relationship": "Outer", "Relation Name": "title", "Alias": "t2", "Startup Cost": 0.0, "Total Cost": 60069.11, "Plan Rows": 2528311, "Plan Width": 21}, {"Node Type": "Hash", "Parent Relationship": "Inner", "Startup Cost": 146578.66, "Total Cost": 146578.66, "Plan Rows": 154, "Plan Width": 25, "Plans": [{"Node Type": "Hash Join", "Parent Relationship": "Outer", "Join Type": "Inner", "Startup Cost": 77022.17, "Total Cost": 146578.66, "Plan Rows": 154, "Plan Width": 25, "Inner Unique": false, "Hash Cond": "(t1.id = ml.movie_id)", "Plans": [{"Node Type": "Hash Join", "Parent Relationship": "Outer", "Join Type": "Inner", "Startup Cost": 76216.26, "Total Cost": 145766.86, "Plan Rows": 33, "Plan Width": 25, "Inner Unique": false, "Hash Cond": "(t1.id = mk.movie_id)", "Plans": [{"Node Type": "Seq Scan", "Parent Relationship": "Outer", "Relation Name": "title", "Alias": "t1", "Startup Cost": 0.0, "Total Cost": 60069.11, "Plan Rows": 2528311, "Plan Width": 21}, {"Node Type": "Hash", "Parent Relationship": "Inner", "Startup Cost": 76215.84, "Total Cost": 76215.84, "Plan Rows": 33, "Plan Width": 4, "Plans": [{"Node Type": "Hash Join", "Parent Relationship": "Outer", "Join Type": "Inner", "Startup Cost": 2436.12, "Total Cost": 76215.84, "Plan Rows": 33, "Plan Width": 4, "Inner Unique": true, "Hash Cond": "(mk.keyword_id = k.id)", "Plans": [{"Node Type": "Seq Scan", "Parent Relationship": "Outer", "Relation Name": "movie_keyword", "Alias": "mk", "Startup Cost": 0.0, "Total Cost": 62441.29, "Plan Rows": 4523929, "Plan Width": 8}, {"Node Type": "Hash", "Parent Relationship": "Inner", "Startup Cost": 2436.11, "Total Cost": 2436.11, "Plan Rows": 1, "Plan Width": 4, "Plans": [{"Node Type": "Seq Scan", "Parent Relationship": "Outer", "Relation Name": "keyword", "Alias": "k", "Startup Cost": 0.0, "Total Cost": 2436.11, "Plan Rows": 1, "Plan Width": 4, "Filter": "((keyword)::text = '10,000-mile-club'::text)"}]}]}]}]}, {"Node Type": "Hash", "Parent Relationship": "Inner", "Startup Cost": 430.96, "Total Cost": 430.96, "Plan Rows": 29996, "Plan Width": 12, "Plans": [{"Node Type": "Seq Scan", "Parent Relationship": "Outer", "Relation Name": "movie_link", "Alias": "ml", "Startup Cost": 0.0, "Total Cost": 430.96, "Plan Rows": 29996, "Plan Width": 12}]}]}]}]}, {"Node Type": "Hash", "Parent Relationship": "Inner", "Startup Cost": 1.17, "Total Cost": 1.17, "Plan Rows": 17, "Plan Width": 16, "Plans": [{"Node Type": "Seq Scan", "Parent Relationship": "Outer", "Relation Name": "link_type", "Alias": "lt", "Startup Cost": 0.0, "Total Cost": 1.17, "Plan Rows": 17, "Plan Width": 16}]}]}]}, "Unique SQL Id": 524435555, "Planner Runtime": 13}, "explain_analyze_plan": null}, "(1, 79)": {"explain_plan": {"Plan": {"Node Type": "Aggregate", "Strategy": "Plain", "Startup Cost": 4103059830084.63, "Total Cost": 4103059830084.64, "Plan Rows": 1, "Plan Width": 142, "Plans": [{"Node Type": "Merge Join", "Parent Relationship": "Outer", "Join Type": "Inner", "Startup Cost": 3114387589920.25, "Total Cost": 4103059830083.48, "Plan Rows": 154, "Plan Width": 46, "Inner Unique": true, "Merge Cond": "(ml.linked_movie_id = t2.id)", "Plans": [{"Node Type": "Sort", "Parent Relationship": "Outer", "Startup Cost": 3104266594756.02, "Total Cost": 3104266594756.4, "Plan Rows": 154, "Plan Width": 33, "Sort Key": ["ml.linked_movie_id"], "Plans": [{"Node Type": "Hash Join", "Parent Relationship": "Outer", "Join Type": "Inner", "Startup Cost": 2114266276473.82, "Total Cost": 3104266594750.42, "Plan Rows": 154, "Plan Width": 33, "Inner Unique": false, "Hash Cond": "(k.id = mk.keyword_id)", "Plans": [{"Node Type": "Index Scan", "Parent Relationship": "Outer", "Scan Direction": "Forward", "Index Name": "keyword_pkey", "Relation Name": "keyword", "Alias": "k", "Startup Cost": 10000000000.0, "Total Cost": 1000000318271.68, "Plan Rows": 1, "Plan Width": 4, "Filter": "((keyword)::text = '10,000-mile-club'::text)"}, {"Node Type": "Hash", "Parent Relationship": "Inner", "Startup Cost": 2104266273457.08, "Total Cost": 2104266273457.08, "Plan Rows": 241339, "Plan Width": 37, "Plans": [{"Node Type": "Merge Join", "Parent Relationship": "Outer", "Join Type": "Inner", "Startup Cost": 1172501562824.25, "Total Cost": 2104266273457.08, "Plan Rows": 241339, "Plan Width": 37, "Inner Unique": false, "Merge Cond": "(lt.id = ml.link_type_id)", "Plans": [{"Node Type": "Index Scan", "Parent Relationship": "Outer", "Scan Direction": "Forward", "Index Name": "link_type_pkey", "Relation Name": "link_type", "Alias": "lt", "Startup Cost": 10000000000.0, "Total Cost": 1000000001250.5, "Plan Rows": 17, "Plan Width": 16}, {"Node Type": "Sort", "Parent Relationship": "Inner", "Startup Cost": 1162501562777.66, "Total Cost": 1162501563381.01, "Plan Rows": 241339, "Plan Width": 29, "Sort Key": ["ml.link_type_id"], "Plans": [{"Node Type": "Merge Join", "Parent Relationship": "Outer", "Join Type": "Inner", "Startup Cost": 30162989099.11, "Total Cost": 1162501541201.11, "Plan Rows": 241339, "Plan Width": 29, "Inner Unique": false, "Merge Cond": "(t1.id = ml.movie_id)", "Plans": [{"Node Type": "Merge Join", "Parent Relationship": "Outer", "Join Type": "Inner", "Startup Cost": 20120995164.23, "Total Cost": 1999054106967.89, "Plan Rows": 4523929, "Plan Width": 29, "Inner Unique": false, "Merge Cond": "(t1.id = mk.movie_id)", "Plans": [{"Node Type": "Index Scan", "Parent Relationship": "Outer", "Scan Direction": "Forward", "Index Name": "title_pkey", "Relation Name": "title", "Alias": "t1", "Startup Cost": 10000000000.0, "Total Cost": 1000011012048.91, "Plan Rows": 2528311, "Plan Width": 21}, {"Node Type": "Index Scan", "Parent Relationship": "Inner", "Scan Direction": "Forward", "Index Name": "movie_id_movie_keyword", "Relation Name": "movie_keyword", "Alias": "mk", "Startup Cost": 10000000000.0, "Total Cost": 1000015300634.17, "Plan Rows": 4523929, "Plan Width": 8}]}, {"Node Type": "Materialize", "Parent Relationship": "Inner", "Startup Cost": 10000000000.0, "Total Cost": 1000000106277.36, "Plan Rows": 29996, "Plan Width": 12, "Plans": [{"Node Type": "Index Scan", "Parent Relationship": "Outer", "Scan Direction": "Forward", "Index Name": "movie_id_movie_link", "Relation Name": "movie_link", "Alias": "ml", "Startup Cost": 10000000000.0, "Total Cost": 1000000106202.37, "Plan Rows": 29996, "Plan Width": 12}]}]}]}]}]}]}]}, {"Node Type": "Index Scan", "Parent Relationship": "Inner", "Scan Direction": "Forward", "Index Name": "title_pkey", "Relation Name": "title", "Alias": "t2", "Startup Cost": 10000000000.0, "Total Cost": 1000011012048.91, "Plan Rows": 2528311, "Plan Width": 21}]}]}, "Unique SQL Id": 524435555, "Planner Runtime": 15}, "explain_analyze_plan": null}, "(1, 80)": {"explain_plan": {"Plan": {"Node Type": "Aggregate", "Strategy": "Plain", "Startup Cost": 3267.0, "Total Cost": 3267.01, "Plan Rows": 1, "Plan Width": 142, "Plans": [{"Node Type": "Nested Loop", "Parent Relationship": "Outer", "Join Type": "Inner", "Startup Cost": 2599.91, "Total Cost": 3265.84, "Plan Rows": 154, "Plan Width": 46, "Inner Unique": true, "Plans": [{"Node Type": "Merge Join", "Parent Relationship": "Outer", "Join Type": "Inner", "Startup Cost": 2599.91, "Total Cost": 2602.27, "Plan Rows": 154, "Plan Width": 33, "Inner Unique": false, "Merge Cond": "(lt.id = ml.link_type_id)", "Plans": [{"Node Type": "Sort", "Parent Relationship": "Outer", "Startup Cost": 1.52, "Total Cost": 1.56, "Plan Rows": 17, "Plan Width": 16, "Sort Key": ["lt.id"], "Plans": [{"Node Type": "Seq Scan", "Parent Relationship": "Outer", "Relation Name": "link_type", "Alias": "lt", "Startup Cost": 0.0, "Total Cost": 1.17, "Plan Rows": 17, "Plan Width": 16}]}, {"Node Type": "Sort", "Parent Relationship": "Inner", "Startup Cost": 2598.36, "Total Cost": 2598.74, "Plan Rows": 154, "Plan Width": 25, "Sort Key": ["ml.link_type_id"], "Plans": [{"Node Type": "Nested Loop", "Parent Relationship": "Outer", "Join Type": "Inner", "Startup Cost": 4.51, "Total Cost": 2592.76, "Plan Rows": 154, "Plan Width": 25, "Inner Unique": false, "Plans": [{"Node Type": "Nested Loop", "Parent Relationship": "Outer", "Join Type": "Inner", "Startup Cost": 4.51, "Total Cost": 2579.55, "Plan Rows": 33, "Plan Width": 25, "Inner Unique": true, "Plans": [{"Node Type": "Nested Loop", "Parent Relationship": "Outer", "Join Type": "Inner", "Startup Cost": 4.51, "Total Cost": 2569.02, "Plan Rows": 33, "Plan Width": 4, "Inner Unique": false, "Plans": [{"Node Type": "Seq Scan", "Parent Relationship": "Outer", "Relation Name": "keyword", "Alias": "k", "Startup Cost": 0.0, "Total Cost": 2436.11, "Plan Rows": 1, "Plan Width": 4, "Filter": "((keyword)::text = '10,000-mile-club'::text)"}, {"Node Type": "Bitmap Heap Scan", "Parent Relationship": "Inner", "Relation Name": "movie_keyword", "Alias": "mk", "Startup Cost": 4.51, "Total Cost": 132.58, "Plan Rows": 33, "Plan Width": 8, "Recheck Cond": "(keyword_id = k.id)", "Plans": [{"Node Type": "Bitmap Index Scan", "Parent Relationship": "Outer", "Index Name": "keyword_id_movie_keyword", "Startup Cost": 0.0, "Total Cost": 4.5, "Plan Rows": 33, "Plan Width": 0, "Index Cond": "(keyword_id = k.id)"}]}]}, {"Node Type": "Index Scan", "Parent Relationship": "Inner", "Scan Direction": "Forward", "Index Name": "title_pkey", "Relation Name": "title", "Alias": "t1", "Startup Cost": 0.0, "Total Cost": 0.31, "Plan Rows": 1, "Plan Width": 21, "Index Cond": "(id = mk.movie_id)"}]}, {"Node Type": "Index Scan", "Parent Relationship": "Inner", "Scan Direction": "Forward", "Index Name": "movie_id_movie_link", "Relation Name": "movie_link", "Alias": "ml", "Startup Cost": 0.0, "Total Cost": 0.35, "Plan Rows": 5, "Plan Width": 12, "Index Cond": "(movie_id = t1.id)"}]}]}]}, {"Node Type": "Index Scan", "Parent Relationship": "Inner", "Scan Direction": "Forward", "Index Name": "title_pkey", "Relation Name": "title", "Alias": "t2", "Startup Cost": 0.0, "Total Cost": 4.3, "Plan Rows": 1, "Plan Width": 21, "Index Cond": "(id = ml.linked_movie_id)"}]}]}, "Unique SQL Id": 524435555, "Planner Runtime": 11}, "explain_analyze_plan": {"Plan": {"Node Type": "Aggregate", "Strategy": "Plain", "Startup Cost": 3267.0, "Total Cost": 3267.01, "Plan Rows": 1, "Plan Width": 142, "Actual Startup Time": 41.239, "Actual Total Time": 41.239, "Actual Rows": 1, "Actual Loops": 1, "Plans": [{"Node Type": "Nested Loop", "Parent Relationship": "Outer", "Join Type": "Inner", "Startup Cost": 2599.91, "Total Cost": 3265.84, "Plan Rows": 154, "Plan Width": 46, "Actual Startup Time": 41.23, "Actual Total Time": 41.23, "Actual Rows": 0, "Actual Loops": 1, "Inner Unique": true, "Plans": [{"Node Type": "Merge Join", "Parent Relationship": "Outer", "Join Type": "Inner", "Startup Cost": 2599.91, "Total Cost": 2602.27, "Plan Rows": 154, "Plan Width": 33, "Actual Startup Time": 41.23, "Actual Total Time": 41.23, "Actual Rows": 0, "Actual Loops": 1, "Inner Unique": false, "Merge Cond": "(lt.id = ml.link_type_id)", "Plans": [{"Node Type": "Sort", "Parent Relationship": "Outer", "Startup Cost": 1.52, "Total Cost": 1.56, "Plan Rows": 17, "Plan Width": 16, "Actual Startup Time": 0.035, "Actual Total Time": 0.035, "Actual Rows": 1, "Actual Loops": 1, "Sort Key": ["lt.id"], "Sort Method": "quicksort", "Sort Space Used": 26, "Sort Space Type": "Memory", "Plans": [{"Node Type": "Seq Scan", "Parent Relationship": "Outer", "Relation Name": "link_type", "Alias": "lt", "Startup Cost": 0.0, "Total Cost": 1.17, "Plan Rows": 17, "Plan Width": 16, "Actual Startup Time": 0.013, "Actual Total Time": 0.018, "Actual Rows": 17, "Actual Loops": 1}]}, {"Node Type": "Sort", "Parent Relationship": "Inner", "Startup Cost": 2598.36, "Total Cost": 2598.74, "Plan Rows": 154, "Plan Width": 25, "Actual Startup Time": 41.182, "Actual Total Time": 41.182, "Actual Rows": 0, "Actual Loops": 1, "Sort Key": ["ml.link_type_id"], "Sort Method": "quicksort", "Sort Space Used": 25, "Sort Space Type": "Memory", "Plans": [{"Node Type": "Nested Loop", "Parent Relationship": "Outer", "Join Type": "Inner", "Startup Cost": 4.51, "Total Cost": 2592.76, "Plan Rows": 154, "Plan Width": 25, "Actual Startup Time": 41.177, "Actual Total Time": 41.177, "Actual Rows": 0, "Actual Loops": 1, "Inner Unique": false, "Plans": [{"Node Type": "Nested Loop", "Parent Relationship": "Outer", "Join Type": "Inner", "Startup Cost": 4.51, "Total Cost": 2579.55, "Plan Rows": 33, "Plan Width": 25, "Actual Startup Time": 40.285, "Actual Total Time": 41.172, "Actual Rows": 1, "Actual Loops": 1, "Inner Unique": true, "Plans": [{"Node Type": "Nested Loop", "Parent Relationship": "Outer", "Join Type": "Inner", "Startup Cost": 4.51, "Total Cost": 2569.02, "Plan Rows": 33, "Plan Width": 4, "Actual Startup Time": 40.27, "Actual Total Time": 41.156, "Actual Rows": 1, "Actual Loops": 1, "Inner Unique": false, "Plans": [{"Node Type": "Seq Scan", "Parent Relationship": "Outer", "Relation Name": "keyword", "Alias": "k", "Startup Cost": 0.0, "Total Cost": 2436.11, "Plan Rows": 1, "Plan Width": 4, "Actual Startup Time": 40.228, "Actual Total Time": 41.112, "Actual Rows": 1, "Actual Loops": 1, "Filter": "((keyword)::text = '10,000-mile-club'::text)", "Rows Removed by Filter": 134168}, {"Node Type": "Bitmap Heap Scan", "Parent Relationship": "Inner", "Relation Name": "movie_keyword", "Alias": "mk", "Startup Cost": 4.51, "Total Cost": 132.58, "Plan Rows": 33, "Plan Width": 8, "Actual Startup Time": 0.031, "Actual Total Time": 0.032, "Actual Rows": 1, "Actual Loops": 1, "Recheck Cond": "(keyword_id = k.id)", "Rows Removed by Index Recheck": 0, "Exact Heap Blocks": 1, "Lossy Heap Blocks": 1, "Plans": [{"Node Type": "Bitmap Index Scan", "Parent Relationship": "Outer", "Index Name": "keyword_id_movie_keyword", "Startup Cost": 0.0, "Total Cost": 4.5, "Plan Rows": 33, "Plan Width": 0, "Actual Startup Time": 0.018, "Actual Total Time": 0.018, "Actual Rows": 1, "Actual Loops": 1, "Index Cond": "(keyword_id = k.id)"}]}]}, {"Node Type": "Index Scan", "Parent Relationship": "Inner", "Scan Direction": "Forward", "Index Name": "title_pkey", "Relation Name": "title", "Alias": "t1", "Startup Cost": 0.0, "Total Cost": 0.31, "Plan Rows": 1, "Plan Width": 21, "Actual Startup Time": 0.012, "Actual Total Time": 0.012, "Actual Rows": 1, "Actual Loops": 1, "Index Cond": "(id = mk.movie_id)", "Rows Removed by Index Recheck": 0}]}, {"Node Type": "Index Scan", "Parent Relationship": "Inner", "Scan Direction": "Forward", "Index Name": "movie_id_movie_link", "Relation Name": "movie_link", "Alias": "ml", "Startup Cost": 0.0, "Total Cost": 0.35, "Plan Rows": 5, "Plan Width": 12, "Actual Startup Time": 0.004, "Actual Total Time": 0.004, "Actual Rows": 0, "Actual Loops": 1, "Index Cond": "(movie_id = t1.id)", "Rows Removed by Index Recheck": 0}]}]}]}, {"Node Type": "Index Scan", "Parent Relationship": "Inner", "Scan Direction": "Forward", "Index Name": "title_pkey", "Relation Name": "title", "Alias": "t2", "Startup Cost": 0.0, "Total Cost": 4.3, "Plan Rows": 1, "Plan Width": 21, "Actual Startup Time": 0.0, "Actual Total Time": 0.0, "Index Cond": "(id = ml.linked_movie_id)", "Rows Removed by Index Recheck": 0}]}]}, "Triggers": [], "Planner Runtime": 11, "Total Runtime": 41.47, "Unique SQL Id": 524435555}}, "(1, 81)": {"explain_plan": {"Plan": {"Node Type": "Aggregate", "Strategy": "Plain", "Startup Cost": 4047.28, "Total Cost": 4047.29, "Plan Rows": 1, "Plan Width": 142, "Plans": [{"Node Type": "Nested Loop", "Parent Relationship": "Outer", "Join Type": "Inner", "Startup Cost": 4.51, "Total Cost": 4046.12, "Plan Rows": 154, "Plan Width": 46, "Inner Unique": true, "Plans": [{"Node Type": "Nested Loop", "Parent Relationship": "Outer", "Join Type": "Inner", "Startup Cost": 4.51, "Total Cost": 3382.55, "Plan Rows": 154, "Plan Width": 33, "Inner Unique": true, "Plans": [{"Node Type": "Nested Loop", "Parent Relationship": "Outer", "Join Type": "Inner", "Startup Cost": 4.51, "Total Cost": 3339.37, "Plan Rows": 154, "Plan Width": 25, "Inner Unique": false, "Plans": [{"Node Type": "Nested Loop", "Parent Relationship": "Outer", "Join Type": "Inner", "Startup Cost": 4.51, "Total Cost": 3326.15, "Plan Rows": 33, "Plan Width": 25, "Inner Unique": true, "Plans": [{"Node Type": "Nested Loop", "Parent Relationship": "Outer", "Join Type": "Inner", "Startup Cost": 4.51, "Total Cost": 3315.63, "Plan Rows": 33, "Plan Width": 4, "Inner Unique": false, "Plans": [{"Node Type": "Index Scan", "Parent Relationship": "Outer", "Scan Direction": "Forward", "Index Name": "keyword_pkey", "Relation Name": "keyword", "Alias": "k", "Startup Cost": 0.0, "Total Cost": 3182.72, "Plan Rows": 1, "Plan Width": 4, "Filter": "((keyword)::text = '10,000-mile-club'::text)"}, {"Node Type": "Bitmap Heap Scan", "Parent Relationship": "Inner", "Relation Name": "movie_keyword", "Alias": "mk", "Startup Cost": 4.51, "Total Cost": 132.58, "Plan Rows": 33, "Plan Width": 8, "Recheck Cond": "(keyword_id = k.id)", "Plans": [{"Node Type": "Bitmap Index Scan", "Parent Relationship": "Outer", "Index Name": "keyword_id_movie_keyword", "Startup Cost": 0.0, "Total Cost": 4.5, "Plan Rows": 33, "Plan Width": 0, "Index Cond": "(keyword_id = k.id)"}]}]}, {"Node Type": "Index Scan", "Parent Relationship": "Inner", "Scan Direction": "Forward", "Index Name": "title_pkey", "Relation Name": "title", "Alias": "t1", "Startup Cost": 0.0, "Total Cost": 0.31, "Plan Rows": 1, "Plan Width": 21, "Index Cond": "(id = mk.movie_id)"}]}, {"Node Type": "Index Scan", "Parent Relationship": "Inner", "Scan Direction": "Forward", "Index Name": "movie_id_movie_link", "Relation Name": "movie_link", "Alias": "ml", "Startup Cost": 0.0, "Total Cost": 0.35, "Plan Rows": 5, "Plan Width": 12, "Index Cond": "(movie_id = t1.id)"}]}, {"Node Type": "Index Scan", "Parent Relationship": "Inner", "Scan Direction": "Forward", "Index Name": "link_type_pkey", "Relation Name": "link_type", "Alias": "lt", "Startup Cost": 0.0, "Total Cost": 0.27, "Plan Rows": 1, "Plan Width": 16, "Index Cond": "(id = ml.link_type_id)"}]}, {"Node Type": "Index Scan", "Parent Relationship": "Inner", "Scan Direction": "Forward", "Index Name": "title_pkey", "Relation Name": "title", "Alias": "t2", "Startup Cost": 0.0, "Total Cost": 4.3, "Plan Rows": 1, "Plan Width": 21, "Index Cond": "(id = ml.linked_movie_id)"}]}]}, "Unique SQL Id": 524435555, "Planner Runtime": 11}, "explain_analyze_plan": {"Plan": {"Node Type": "Aggregate", "Strategy": "Plain", "Startup Cost": 4047.28, "Total Cost": 4047.29, "Plan Rows": 1, "Plan Width": 142, "Actual Startup Time": 119.675, "Actual Total Time": 119.675, "Actual Rows": 1, "Actual Loops": 1, "Plans": [{"Node Type": "Nested Loop", "Parent Relationship": "Outer", "Join Type": "Inner", "Startup Cost": 4.51, "Total Cost": 4046.12, "Plan Rows": 154, "Plan Width": 46, "Actual Startup Time": 119.669, "Actual Total Time": 119.669, "Actual Rows": 0, "Actual Loops": 1, "Inner Unique": true, "Plans": [{"Node Type": "Nested Loop", "Parent Relationship": "Outer", "Join Type": "Inner", "Startup Cost": 4.51, "Total Cost": 3382.55, "Plan Rows": 154, "Plan Width": 33, "Actual Startup Time": 119.668, "Actual Total Time": 119.668, "Actual Rows": 0, "Actual Loops": 1, "Inner Unique": true, "Plans": [{"Node Type": "Nested Loop", "Parent Relationship": "Outer", "Join Type": "Inner", "Startup Cost": 4.51, "Total Cost": 3339.37, "Plan Rows": 154, "Plan Width": 25, "Actual Startup Time": 119.668, "Actual Total Time": 119.668, "Actual Rows": 0, "Actual Loops": 1, "Inner Unique": false, "Plans": [{"Node Type": "Nested Loop", "Parent Relationship": "Outer", "Join Type": "Inner", "Startup Cost": 4.51, "Total Cost": 3326.15, "Plan Rows": 33, "Plan Width": 25, "Actual Startup Time": 117.759, "Actual Total Time": 119.662, "Actual Rows": 1, "Actual Loops": 1, "Inner Unique": true, "Plans": [{"Node Type": "Nested Loop", "Parent Relationship": "Outer", "Join Type": "Inner", "Startup Cost": 4.51, "Total Cost": 3315.63, "Plan Rows": 33, "Plan Width": 4, "Actual Startup Time": 117.744, "Actual Total Time": 119.646, "Actual Rows": 1, "Actual Loops": 1, "Inner Unique": false, "Plans": [{"Node Type": "Index Scan", "Parent Relationship": "Outer", "Scan Direction": "Forward", "Index Name": "keyword_pkey", "Relation Name": "keyword", "Alias": "k", "Startup Cost": 0.0, "Total Cost": 3182.72, "Plan Rows": 1, "Plan Width": 4, "Actual Startup Time": 117.697, "Actual Total Time": 119.597, "Actual Rows": 1, "Actual Loops": 1, "Filter": "((keyword)::text = '10,000-mile-club'::text)", "Rows Removed by Filter": 134168}, {"Node Type": "Bitmap Heap Scan", "Parent Relationship": "Inner", "Relation Name": "movie_keyword", "Alias": "mk", "Startup Cost": 4.51, "Total Cost": 132.58, "Plan Rows": 33, "Plan Width": 8, "Actual Startup Time": 0.032, "Actual Total Time": 0.033, "Actual Rows": 1, "Actual Loops": 1, "Recheck Cond": "(keyword_id = k.id)", "Rows Removed by Index Recheck": 0, "Exact Heap Blocks": 1, "Lossy Heap Blocks": 1, "Plans": [{"Node Type": "Bitmap Index Scan", "Parent Relationship": "Outer", "Index Name": "keyword_id_movie_keyword", "Startup Cost": 0.0, "Total Cost": 4.5, "Plan Rows": 33, "Plan Width": 0, "Actual Startup Time": 0.018, "Actual Total Time": 0.018, "Actual Rows": 1, "Actual Loops": 1, "Index Cond": "(keyword_id = k.id)"}]}]}, {"Node Type": "Index Scan", "Parent Relationship": "Inner", "Scan Direction": "Forward", "Index Name": "title_pkey", "Relation Name": "title", "Alias": "t1", "Startup Cost": 0.0, "Total Cost": 0.31, "Plan Rows": 1, "Plan Width": 21, "Actual Startup Time": 0.011, "Actual Total Time": 0.011, "Actual Rows": 1, "Actual Loops": 1, "Index Cond": "(id = mk.movie_id)", "Rows Removed by Index Recheck": 0}]}, {"Node Type": "Index Scan", "Parent Relationship": "Inner", "Scan Direction": "Forward", "Index Name": "movie_id_movie_link", "Relation Name": "movie_link", "Alias": "ml", "Startup Cost": 0.0, "Total Cost": 0.35, "Plan Rows": 5, "Plan Width": 12, "Actual Startup Time": 0.003, "Actual Total Time": 0.003, "Actual Rows": 0, "Actual Loops": 1, "Index Cond": "(movie_id = t1.id)", "Rows Removed by Index Recheck": 0}]}, {"Node Type": "Index Scan", "Parent Relationship": "Inner", "Scan Direction": "Forward", "Index Name": "link_type_pkey", "Relation Name": "link_type", "Alias": "lt", "Startup Cost": 0.0, "Total Cost": 0.27, "Plan Rows": 1, "Plan Width": 16, "Actual Startup Time": 0.0, "Actual Total Time": 0.0, "Index Cond": "(id = ml.link_type_id)", "Rows Removed by Index Recheck": 0}]}, {"Node Type": "Index Scan", "Parent Relationship": "Inner", "Scan Direction": "Forward", "Index Name": "title_pkey", "Relation Name": "title", "Alias": "t2", "Startup Cost": 0.0, "Total Cost": 4.3, "Plan Rows": 1, "Plan Width": 21, "Actual Startup Time": 0.0, "Actual Total Time": 0.0, "Index Cond": "(id = ml.linked_movie_id)", "Rows Removed by Index Recheck": 0}]}]}, "Triggers": [], "Planner Runtime": 2, "Total Runtime": 119.92, "Unique SQL Id": 524435555}}, "(1, 82)": {"explain_plan": {"Plan": {"Node Type": "Aggregate", "Strategy": "Plain", "Startup Cost": 3716.04, "Total Cost": 3716.05, "Plan Rows": 1, "Plan Width": 142, "Plans": [{"Node Type": "Nested Loop", "Parent Relationship": "Outer", "Join Type": "Inner", "Startup Cost": 2864.83, "Total Cost": 3714.88, "Plan Rows": 154, "Plan Width": 46, "Inner Unique": true, "Plans": [{"Node Type": "Merge Join", "Parent Relationship": "Outer", "Join Type": "Inner", "Startup Cost": 2863.34, "Total Cost": 2865.7, "Plan Rows": 154, "Plan Width": 33, "Inner Unique": false, "Merge Cond": "(lt.id = ml.link_type_id)", "Plans": [{"Node Type": "Sort", "Parent Relationship": "Outer", "Startup Cost": 1.52, "Total Cost": 1.56, "Plan Rows": 17, "Plan Width": 16, "Sort Key": ["lt.id"], "Plans": [{"Node Type": "Seq Scan", "Parent Relationship": "Outer", "Relation Name": "link_type", "Alias": "lt", "Startup Cost": 0.0, "Total Cost": 1.17, "Plan Rows": 17, "Plan Width": 16}]}, {"Node Type": "Sort", "Parent Relationship": "Inner", "Startup Cost": 2861.8, "Total Cost": 2862.18, "Plan Rows": 154, "Plan Width": 25, "Sort Key": ["ml.link_type_id"], "Plans": [{"Node Type": "Nested Loop", "Parent Relationship": "Outer", "Join Type": "Inner", "Startup Cost": 5.06, "Total Cost": 2856.2, "Plan Rows": 154, "Plan Width": 25, "Inner Unique": false, "Join Filter": "(t1.id = ml.movie_id)", "Plans": [{"Node Type": "Nested Loop", "Parent Relationship": "Outer", "Join Type": "Inner", "Startup Cost": 4.77, "Total Cost": 2710.54, "Plan Rows": 33, "Plan Width": 25, "Inner Unique": true, "Plans": [{"Node Type": "Nested Loop", "Parent Relationship": "Outer", "Join Type": "Inner", "Startup Cost": 4.51, "Total Cost": 2569.02, "Plan Rows": 33, "Plan Width": 4, "Inner Unique": false, "Plans": [{"Node Type": "Seq Scan", "Parent Relationship": "Outer", "Relation Name": "keyword", "Alias": "k", "Startup Cost": 0.0, "Total Cost": 2436.11, "Plan Rows": 1, "Plan Width": 4, "Filter": "((keyword)::text = '10,000-mile-club'::text)"}, {"Node Type": "Bitmap Heap Scan", "Parent Relationship": "Inner", "Relation Name": "movie_keyword", "Alias": "mk", "Startup Cost": 4.51, "Total Cost": 132.58, "Plan Rows": 33, "Plan Width": 8, "Recheck Cond": "(keyword_id = k.id)", "Plans": [{"Node Type": "Bitmap Index Scan", "Parent Relationship": "Outer", "Index Name": "keyword_id_movie_keyword", "Startup Cost": 0.0, "Total Cost": 4.5, "Plan Rows": 33, "Plan Width": 0, "Index Cond": "(keyword_id = k.id)"}]}]}, {"Node Type": "Bitmap Heap Scan", "Parent Relationship": "Inner", "Relation Name": "title", "Alias": "t1", "Startup Cost": 0.27, "Total Cost": 4.28, "Plan Rows": 1, "Plan Width": 21, "Recheck Cond": "(id = mk.movie_id)", "Plans": [{"Node Type": "Bitmap Index Scan", "Parent Relationship": "Outer", "Index Name": "title_pkey", "Startup Cost": 0.0, "Total Cost": 0.27, "Plan Rows": 1, "Plan Width": 0, "Index Cond": "(id = mk.movie_id)"}]}]}, {"Node Type": "Bitmap Heap Scan", "Parent Relationship": "Inner", "Relation Name": "movie_link", "Alias": "ml", "Startup Cost": 0.29, "Total Cost": 4.35, "Plan Rows": 5, "Plan Width": 12, "Recheck Cond": "(movie_id = mk.movie_id)", "Plans": [{"Node Type": "Bitmap Index Scan", "Parent Relationship": "Outer", "Index Name": "movie_id_movie_link", "Startup Cost": 0.0, "Total Cost": 0.29, "Plan Rows": 5, "Plan Width": 0, "Index Cond": "(movie_id = mk.movie_id)"}]}]}]}]}, {"Node Type": "Bitmap Heap Scan", "Parent Relationship": "Inner", "Relation Name": "title", "Alias": "t2", "Startup Cost": 1.49, "Total Cost": 5.5, "Plan Rows": 1, "Plan Width": 21, "Recheck Cond": "(id = ml.linked_movie_id)", "Plans": [{"Node Type": "Bitmap Index Scan", "Parent Relationship": "Outer", "Index Name": "title_pkey", "Startup Cost": 0.0, "Total Cost": 1.49, "Plan Rows": 1, "Plan Width": 0, "Index Cond": "(id = ml.linked_movie_id)"}]}]}]}, "Unique SQL Id": 524435555, "Planner Runtime": 7}, "explain_analyze_plan": {"Plan": {"Node Type": "Aggregate", "Strategy": "Plain", "Startup Cost": 3716.04, "Total Cost": 3716.05, "Plan Rows": 1, "Plan Width": 142, "Actual Startup Time": 41.01, "Actual Total Time": 41.01, "Actual Rows": 1, "Actual Loops": 1, "Plans": [{"Node Type": "Nested Loop", "Parent Relationship": "Outer", "Join Type": "Inner", "Startup Cost": 2864.83, "Total Cost": 3714.88, "Plan Rows": 154, "Plan Width": 46, "Actual Startup Time": 41.005, "Actual Total Time": 41.005, "Actual Rows": 0, "Actual Loops": 1, "Inner Unique": true, "Plans": [{"Node Type": "Merge Join", "Parent Relationship": "Outer", "Join Type": "Inner", "Startup Cost": 2863.34, "Total Cost": 2865.7, "Plan Rows": 154, "Plan Width": 33, "Actual Startup Time": 41.004, "Actual Total Time": 41.004, "Actual Rows": 0, "Actual Loops": 1, "Inner Unique": false, "Merge Cond": "(lt.id = ml.link_type_id)", "Plans": [{"Node Type": "Sort", "Parent Relationship": "Outer", "Startup Cost": 1.52, "Total Cost": 1.56, "Plan Rows": 17, "Plan Width": 16, "Actual Startup Time": 0.031, "Actual Total Time": 0.031, "Actual Rows": 1, "Actual Loops": 1, "Sort Key": ["lt.id"], "Sort Method": "quicksort", "Sort Space Used": 26, "Sort Space Type": "Memory", "Plans": [{"Node Type": "Seq Scan", "Parent Relationship": "Outer", "Relation Name": "link_type", "Alias": "lt", "Startup Cost": 0.0, "Total Cost": 1.17, "Plan Rows": 17, "Plan Width": 16, "Actual Startup Time": 0.011, "Actual Total Time": 0.015, "Actual Rows": 17, "Actual Loops": 1}]}, {"Node Type": "Sort", "Parent Relationship": "Inner", "Startup Cost": 2861.8, "Total Cost": 2862.18, "Plan Rows": 154, "Plan Width": 25, "Actual Startup Time": 40.964, "Actual Total Time": 40.964, "Actual Rows": 0, "Actual Loops": 1, "Sort Key": ["ml.link_type_id"], "Sort Method": "quicksort", "Sort Space Used": 25, "Sort Space Type": "Memory", "Plans": [{"Node Type": "Nested Loop", "Parent Relationship": "Outer", "Join Type": "Inner", "Startup Cost": 5.06, "Total Cost": 2856.2, "Plan Rows": 154, "Plan Width": 25, "Actual Startup Time": 40.96, "Actual Total Time": 40.96, "Actual Rows": 0, "Actual Loops": 1, "Inner Unique": false, "Join Filter": "(t1.id = ml.movie_id)", "Rows Removed by Join Filter": 0, "Plans": [{"Node Type": "Nested Loop", "Parent Relationship": "Outer", "Join Type": "Inner", "Startup Cost": 4.77, "Total Cost": 2710.54, "Plan Rows": 33, "Plan Width": 25, "Actual Startup Time": 40.07, "Actual Total Time": 40.954, "Actual Rows": 1, "Actual Loops": 1, "Inner Unique": true, "Plans": [{"Node Type": "Nested Loop", "Parent Relationship": "Outer", "Join Type": "Inner", "Startup Cost": 4.51, "Total Cost": 2569.02, "Plan Rows": 33, "Plan Width": 4, "Actual Startup Time": 40.057, "Actual Total Time": 40.941, "Actual Rows": 1, "Actual Loops": 1, "Inner Unique": false, "Plans": [{"Node Type": "Seq Scan", "Parent Relationship": "Outer", "Relation Name": "keyword", "Alias": "k", "Startup Cost": 0.0, "Total Cost": 2436.11, "Plan Rows": 1, "Plan Width": 4, "Actual Startup Time": 40.025, "Actual Total Time": 40.907, "Actual Rows": 1, "Actual Loops": 1, "Filter": "((keyword)::text = '10,000-mile-club'::text)", "Rows Removed by Filter": 134168}, {"Node Type": "Bitmap Heap Scan", "Parent Relationship": "Inner", "Relation Name": "movie_keyword", "Alias": "mk", "Startup Cost": 4.51, "Total Cost": 132.58, "Plan Rows": 33, "Plan Width": 8, "Actual Startup Time": 0.024, "Actual Total Time": 0.025, "Actual Rows": 1, "Actual Loops": 1, "Recheck Cond": "(keyword_id = k.id)", "Rows Removed by Index Recheck": 0, "Exact Heap Blocks": 1, "Lossy Heap Blocks": 1, "Plans": [{"Node Type": "Bitmap Index Scan", "Parent Relationship": "Outer", "Index Name": "keyword_id_movie_keyword", "Startup Cost": 0.0, "Total Cost": 4.5, "Plan Rows": 33, "Plan Width": 0, "Actual Startup Time": 0.014, "Actual Total Time": 0.014, "Actual Rows": 1, "Actual Loops": 1, "Index Cond": "(keyword_id = k.id)"}]}]}, {"Node Type": "Bitmap Heap Scan", "Parent Relationship": "Inner", "Relation Name": "title", "Alias": "t1", "Startup Cost": 0.27, "Total Cost": 4.28, "Plan Rows": 1, "Plan Width": 21, "Actual Startup Time": 0.01, "Actual Total Time": 0.01, "Actual Rows": 1, "Actual Loops": 1, "Recheck Cond": "(id = mk.movie_id)", "Rows Removed by Index Recheck": 0, "Exact Heap Blocks": 1, "Lossy Heap Blocks": 1, "Plans": [{"Node Type": "Bitmap Index Scan", "Parent Relationship": "Outer", "Index Name": "title_pkey", "Startup Cost": 0.0, "Total Cost": 0.27, "Plan Rows": 1, "Plan Width": 0, "Actual Startup Time": 0.007, "Actual Total Time": 0.007, "Actual Rows": 1, "Actual Loops": 1, "Index Cond": "(id = mk.movie_id)"}]}]}, {"Node Type": "Bitmap Heap Scan", "Parent Relationship": "Inner", "Relation Name": "movie_link", "Alias": "ml", "Startup Cost": 0.29, "Total Cost": 4.35, "Plan Rows": 5, "Plan Width": 12, "Actual Startup Time": 0.004, "Actual Total Time": 0.004, "Actual Rows": 0, "Actual Loops": 1, "Recheck Cond": "(movie_id = mk.movie_id)", "Rows Removed by Index Recheck": 0, "Exact Heap Blocks": 0, "Lossy Heap Blocks": 0, "Plans": [{"Node Type": "Bitmap Index Scan", "Parent Relationship": "Outer", "Index Name": "movie_id_movie_link", "Startup Cost": 0.0, "Total Cost": 0.29, "Plan Rows": 5, "Plan Width": 0, "Actual Startup Time": 0.003, "Actual Total Time": 0.003, "Actual Rows": 0, "Actual Loops": 1, "Index Cond": "(movie_id = mk.movie_id)"}]}]}]}]}, {"Node Type": "Bitmap Heap Scan", "Parent Relationship": "Inner", "Relation Name": "title", "Alias": "t2", "Startup Cost": 1.49, "Total Cost": 5.5, "Plan Rows": 1, "Plan Width": 21, "Actual Startup Time": 0.0, "Actual Total Time": 0.0, "Recheck Cond": "(id = ml.linked_movie_id)", "Rows Removed by Index Recheck": 0, "Exact Heap Blocks": 0, "Lossy Heap Blocks": 0, "Plans": [{"Node Type": "Bitmap Index Scan", "Parent Relationship": "Outer", "Index Name": "title_pkey", "Startup Cost": 0.0, "Total Cost": 1.49, "Plan Rows": 1, "Plan Width": 0, "Actual Startup Time": 0.0, "Actual Total Time": 0.0, "Index Cond": "(id = ml.linked_movie_id)"}]}]}]}, "Triggers": [], "Planner Runtime": 6, "Total Runtime": 41.222, "Unique SQL Id": 524435555}}, "(1, 83)": {"explain_plan": {"Plan": {"Node Type": "Aggregate", "Strategy": "Plain", "Startup Cost": 1000001377786.31, "Total Cost": 1000001377786.32, "Plan Rows": 1, "Plan Width": 142, "Plans": [{"Node Type": "Nested Loop", "Parent Relationship": "Outer", "Join Type": "Inner", "Startup Cost": 10000000004.71, "Total Cost": 1000001377785.15, "Plan Rows": 154, "Plan Width": 46, "Inner Unique": true, "Plans": [{"Node Type": "Nested Loop", "Parent Relationship": "Outer", "Join Type": "Inner", "Startup Cost": 10000000004.45, "Total Cost": 1000001377125.95, "Plan Rows": 154, "Plan Width": 38, "Inner Unique": true, "Plans": [{"Node Type": "Nested Loop", "Parent Relationship": "Outer", "Join Type": "Inner", "Startup Cost": 10000000002.96, "Total Cost": 1000001376276.77, "Plan Rows": 154, "Plan Width": 25, "Inner Unique": true, "Plans": [{"Node Type": "Nested Loop", "Parent Relationship": "Outer", "Join Type": "Inner", "Startup Cost": 10000000002.69, "Total Cost": 1000001375616.35, "Plan Rows": 154, "Plan Width": 16, "Inner Unique": true, "Plans": [{"Node Type": "Nested Loop", "Parent Relationship": "Outer", "Join Type": "Inner", "Startup Cost": 10000000002.44, "Total Cost": 1000000342019.19, "Plan Rows": 241339, "Plan Width": 20, "Inner Unique": false, "Plans": [{"Node Type": "Index Scan", "Parent Relationship": "Outer", "Scan Direction": "Forward", "Index Name": "link_type_id_movie_link", "Relation Name": "movie_link", "Alias": "ml", "Startup Cost": 10000000000.0, "Total Cost": 1000000143569.16, "Plan Rows": 29996, "Plan Width": 12}, {"Node Type": "Bitmap Heap Scan", "Parent Relationship": "Inner", "Relation Name": "movie_keyword", "Alias": "mk", "Startup Cost": 2.44, "Total Cost": 6.54, "Plan Rows": 8, "Plan Width": 8, "Recheck Cond": "(movie_id = ml.movie_id)", "Plans": [{"Node Type": "Bitmap Index Scan", "Parent Relationship": "Outer", "Index Name": "movie_id_movie_keyword", "Startup Cost": 0.0, "Total Cost": 2.43, "Plan Rows": 8, "Plan Width": 0, "Index Cond": "(movie_id = ml.movie_id)"}]}]}, {"Node Type": "Bitmap Heap Scan", "Parent Relationship": "Inner", "Relation Name": "keyword", "Alias": "k", "Startup Cost": 0.26, "Total Cost": 4.27, "Plan Rows": 1, "Plan Width": 4, "Recheck Cond": "(id = mk.keyword_id)", "Filter": "((keyword)::text = '10,000-mile-club'::text)", "Plans": [{"Node Type": "Bitmap Index Scan", "Parent Relationship": "Outer", "Index Name": "keyword_pkey", "Startup Cost": 0.0, "Total Cost": 0.26, "Plan Rows": 1, "Plan Width": 0, "Index Cond": "(id = mk.keyword_id)"}]}]}, {"Node Type": "Bitmap Heap Scan", "Parent Relationship": "Inner", "Relation Name": "title", "Alias": "t1", "Startup Cost": 0.27, "Total Cost": 4.28, "Plan Rows": 1, "Plan Width": 21, "Recheck Cond": "(id = mk.movie_id)", "Plans": [{"Node Type": "Bitmap Index Scan", "Parent Relationship": "Outer", "Index Name": "title_pkey", "Startup Cost": 0.0, "Total Cost": 0.27, "Plan Rows": 1, "Plan Width": 0, "Index Cond": "(id = mk.movie_id)"}]}]}, {"Node Type": "Bitmap Heap Scan", "Parent Relationship": "Inner", "Relation Name": "title", "Alias": "t2", "Startup Cost": 1.49, "Total Cost": 5.5, "Plan Rows": 1, "Plan Width": 21, "Recheck Cond": "(id = ml.linked_movie_id)", "Plans": [{"Node Type": "Bitmap Index Scan", "Parent Relationship": "Outer", "Index Name": "title_pkey", "Startup Cost": 0.0, "Total Cost": 1.49, "Plan Rows": 1, "Plan Width": 0, "Index Cond": "(id = ml.linked_movie_id)"}]}]}, {"Node Type": "Bitmap Heap Scan", "Parent Relationship": "Inner", "Relation Name": "link_type", "Alias": "lt", "Startup Cost": 0.26, "Total Cost": 4.27, "Plan Rows": 1, "Plan Width": 16, "Recheck Cond": "(id = ml.link_type_id)", "Plans": [{"Node Type": "Bitmap Index Scan", "Parent Relationship": "Outer", "Index Name": "link_type_pkey", "Startup Cost": 0.0, "Total Cost": 0.26, "Plan Rows": 1, "Plan Width": 0, "Index Cond": "(id = ml.link_type_id)"}]}]}]}, "Unique SQL Id": 524435555, "Planner Runtime": 4}, "explain_analyze_plan": null}, "(1, 84)": {"explain_plan": {"Plan": {"Node Type": "Aggregate", "Strategy": "Plain", "Startup Cost": 3267.0, "Total Cost": 3267.01, "Plan Rows": 1, "Plan Width": 142, "Plans": [{"Node Type": "Nested Loop", "Parent Relationship": "Outer", "Join Type": "Inner", "Startup Cost": 2599.91, "Total Cost": 3265.84, "Plan Rows": 154, "Plan Width": 46, "Inner Unique": true, "Plans": [{"Node Type": "Merge Join", "Parent Relationship": "Outer", "Join Type": "Inner", "Startup Cost": 2599.91, "Total Cost": 2602.27, "Plan Rows": 154, "Plan Width": 33, "Inner Unique": false, "Merge Cond": "(lt.id = ml.link_type_id)", "Plans": [{"Node Type": "Sort", "Parent Relationship": "Outer", "Startup Cost": 1.52, "Total Cost": 1.56, "Plan Rows": 17, "Plan Width": 16, "Sort Key": ["lt.id"], "Plans": [{"Node Type": "Seq Scan", "Parent Relationship": "Outer", "Relation Name": "link_type", "Alias": "lt", "Startup Cost": 0.0, "Total Cost": 1.17, "Plan Rows": 17, "Plan Width": 16}]}, {"Node Type": "Sort", "Parent Relationship": "Inner", "Startup Cost": 2598.36, "Total Cost": 2598.74, "Plan Rows": 154, "Plan Width": 25, "Sort Key": ["ml.link_type_id"], "Plans": [{"Node Type": "Nested Loop", "Parent Relationship": "Outer", "Join Type": "Inner", "Startup Cost": 4.51, "Total Cost": 2592.76, "Plan Rows": 154, "Plan Width": 25, "Inner Unique": false, "Plans": [{"Node Type": "Nested Loop", "Parent Relationship": "Outer", "Join Type": "Inner", "Startup Cost": 4.51, "Total Cost": 2579.55, "Plan Rows": 33, "Plan Width": 25, "Inner Unique": true, "Plans": [{"Node Type": "Nested Loop", "Parent Relationship": "Outer", "Join Type": "Inner", "Startup Cost": 4.51, "Total Cost": 2569.02, "Plan Rows": 33, "Plan Width": 4, "Inner Unique": false, "Plans": [{"Node Type": "Seq Scan", "Parent Relationship": "Outer", "Relation Name": "keyword", "Alias": "k", "Startup Cost": 0.0, "Total Cost": 2436.11, "Plan Rows": 1, "Plan Width": 4, "Filter": "((keyword)::text = '10,000-mile-club'::text)"}, {"Node Type": "Bitmap Heap Scan", "Parent Relationship": "Inner", "Relation Name": "movie_keyword", "Alias": "mk", "Startup Cost": 4.51, "Total Cost": 132.58, "Plan Rows": 33, "Plan Width": 8, "Recheck Cond": "(keyword_id = k.id)", "Plans": [{"Node Type": "Bitmap Index Scan", "Parent Relationship": "Outer", "Index Name": "keyword_id_movie_keyword", "Startup Cost": 0.0, "Total Cost": 4.5, "Plan Rows": 33, "Plan Width": 0, "Index Cond": "(keyword_id = k.id)"}]}]}, {"Node Type": "Index Scan", "Parent Relationship": "Inner", "Scan Direction": "Forward", "Index Name": "title_pkey", "Relation Name": "title", "Alias": "t1", "Startup Cost": 0.0, "Total Cost": 0.31, "Plan Rows": 1, "Plan Width": 21, "Index Cond": "(id = mk.movie_id)"}]}, {"Node Type": "Index Scan", "Parent Relationship": "Inner", "Scan Direction": "Forward", "Index Name": "movie_id_movie_link", "Relation Name": "movie_link", "Alias": "ml", "Startup Cost": 0.0, "Total Cost": 0.35, "Plan Rows": 5, "Plan Width": 12, "Index Cond": "(movie_id = t1.id)"}]}]}]}, {"Node Type": "Index Scan", "Parent Relationship": "Inner", "Scan Direction": "Forward", "Index Name": "title_pkey", "Relation Name": "title", "Alias": "t2", "Startup Cost": 0.0, "Total Cost": 4.3, "Plan Rows": 1, "Plan Width": 21, "Index Cond": "(id = ml.linked_movie_id)"}]}]}, "Unique SQL Id": 524435555, "Planner Runtime": 11}, "explain_analyze_plan": {"Plan": {"Node Type": "Aggregate", "Strategy": "Plain", "Startup Cost": 3267.0, "Total Cost": 3267.01, "Plan Rows": 1, "Plan Width": 142, "Actual Startup Time": 41.239, "Actual Total Time": 41.239, "Actual Rows": 1, "Actual Loops": 1, "Plans": [{"Node Type": "Nested Loop", "Parent Relationship": "Outer", "Join Type": "Inner", "Startup Cost": 2599.91, "Total Cost": 3265.84, "Plan Rows": 154, "Plan Width": 46, "Actual Startup Time": 41.23, "Actual Total Time": 41.23, "Actual Rows": 0, "Actual Loops": 1, "Inner Unique": true, "Plans": [{"Node Type": "Merge Join", "Parent Relationship": "Outer", "Join Type": "Inner", "Startup Cost": 2599.91, "Total Cost": 2602.27, "Plan Rows": 154, "Plan Width": 33, "Actual Startup Time": 41.23, "Actual Total Time": 41.23, "Actual Rows": 0, "Actual Loops": 1, "Inner Unique": false, "Merge Cond": "(lt.id = ml.link_type_id)", "Plans": [{"Node Type": "Sort", "Parent Relationship": "Outer", "Startup Cost": 1.52, "Total Cost": 1.56, "Plan Rows": 17, "Plan Width": 16, "Actual Startup Time": 0.035, "Actual Total Time": 0.035, "Actual Rows": 1, "Actual Loops": 1, "Sort Key": ["lt.id"], "Sort Method": "quicksort", "Sort Space Used": 26, "Sort Space Type": "Memory", "Plans": [{"Node Type": "Seq Scan", "Parent Relationship": "Outer", "Relation Name": "link_type", "Alias": "lt", "Startup Cost": 0.0, "Total Cost": 1.17, "Plan Rows": 17, "Plan Width": 16, "Actual Startup Time": 0.013, "Actual Total Time": 0.018, "Actual Rows": 17, "Actual Loops": 1}]}, {"Node Type": "Sort", "Parent Relationship": "Inner", "Startup Cost": 2598.36, "Total Cost": 2598.74, "Plan Rows": 154, "Plan Width": 25, "Actual Startup Time": 41.182, "Actual Total Time": 41.182, "Actual Rows": 0, "Actual Loops": 1, "Sort Key": ["ml.link_type_id"], "Sort Method": "quicksort", "Sort Space Used": 25, "Sort Space Type": "Memory", "Plans": [{"Node Type": "Nested Loop", "Parent Relationship": "Outer", "Join Type": "Inner", "Startup Cost": 4.51, "Total Cost": 2592.76, "Plan Rows": 154, "Plan Width": 25, "Actual Startup Time": 41.177, "Actual Total Time": 41.177, "Actual Rows": 0, "Actual Loops": 1, "Inner Unique": false, "Plans": [{"Node Type": "Nested Loop", "Parent Relationship": "Outer", "Join Type": "Inner", "Startup Cost": 4.51, "Total Cost": 2579.55, "Plan Rows": 33, "Plan Width": 25, "Actual Startup Time": 40.285, "Actual Total Time": 41.172, "Actual Rows": 1, "Actual Loops": 1, "Inner Unique": true, "Plans": [{"Node Type": "Nested Loop", "Parent Relationship": "Outer", "Join Type": "Inner", "Startup Cost": 4.51, "Total Cost": 2569.02, "Plan Rows": 33, "Plan Width": 4, "Actual Startup Time": 40.27, "Actual Total Time": 41.156, "Actual Rows": 1, "Actual Loops": 1, "Inner Unique": false, "Plans": [{"Node Type": "Seq Scan", "Parent Relationship": "Outer", "Relation Name": "keyword", "Alias": "k", "Startup Cost": 0.0, "Total Cost": 2436.11, "Plan Rows": 1, "Plan Width": 4, "Actual Startup Time": 40.228, "Actual Total Time": 41.112, "Actual Rows": 1, "Actual Loops": 1, "Filter": "((keyword)::text = '10,000-mile-club'::text)", "Rows Removed by Filter": 134168}, {"Node Type": "Bitmap Heap Scan", "Parent Relationship": "Inner", "Relation Name": "movie_keyword", "Alias": "mk", "Startup Cost": 4.51, "Total Cost": 132.58, "Plan Rows": 33, "Plan Width": 8, "Actual Startup Time": 0.031, "Actual Total Time": 0.032, "Actual Rows": 1, "Actual Loops": 1, "Recheck Cond": "(keyword_id = k.id)", "Rows Removed by Index Recheck": 0, "Exact Heap Blocks": 1, "Lossy Heap Blocks": 1, "Plans": [{"Node Type": "Bitmap Index Scan", "Parent Relationship": "Outer", "Index Name": "keyword_id_movie_keyword", "Startup Cost": 0.0, "Total Cost": 4.5, "Plan Rows": 33, "Plan Width": 0, "Actual Startup Time": 0.018, "Actual Total Time": 0.018, "Actual Rows": 1, "Actual Loops": 1, "Index Cond": "(keyword_id = k.id)"}]}]}, {"Node Type": "Index Scan", "Parent Relationship": "Inner", "Scan Direction": "Forward", "Index Name": "title_pkey", "Relation Name": "title", "Alias": "t1", "Startup Cost": 0.0, "Total Cost": 0.31, "Plan Rows": 1, "Plan Width": 21, "Actual Startup Time": 0.012, "Actual Total Time": 0.012, "Actual Rows": 1, "Actual Loops": 1, "Index Cond": "(id = mk.movie_id)", "Rows Removed by Index Recheck": 0}]}, {"Node Type": "Index Scan", "Parent Relationship": "Inner", "Scan Direction": "Forward", "Index Name": "movie_id_movie_link", "Relation Name": "movie_link", "Alias": "ml", "Startup Cost": 0.0, "Total Cost": 0.35, "Plan Rows": 5, "Plan Width": 12, "Actual Startup Time": 0.004, "Actual Total Time": 0.004, "Actual Rows": 0, "Actual Loops": 1, "Index Cond": "(movie_id = t1.id)", "Rows Removed by Index Recheck": 0}]}]}]}, {"Node Type": "Index Scan", "Parent Relationship": "Inner", "Scan Direction": "Forward", "Index Name": "title_pkey", "Relation Name": "title", "Alias": "t2", "Startup Cost": 0.0, "Total Cost": 4.3, "Plan Rows": 1, "Plan Width": 21, "Actual Startup Time": 0.0, "Actual Total Time": 0.0, "Index Cond": "(id = ml.linked_movie_id)", "Rows Removed by Index Recheck": 0}]}]}, "Triggers": [], "Planner Runtime": 11, "Total Runtime": 41.47, "Unique SQL Id": 524435555}}, "(1, 85)": {"explain_plan": {"Plan": {"Node Type": "Aggregate", "Strategy": "Plain", "Startup Cost": 4047.28, "Total Cost": 4047.29, "Plan Rows": 1, "Plan Width": 142, "Plans": [{"Node Type": "Nested Loop", "Parent Relationship": "Outer", "Join Type": "Inner", "Startup Cost": 4.51, "Total Cost": 4046.12, "Plan Rows": 154, "Plan Width": 46, "Inner Unique": true, "Plans": [{"Node Type": "Nested Loop", "Parent Relationship": "Outer", "Join Type": "Inner", "Startup Cost": 4.51, "Total Cost": 3382.55, "Plan Rows": 154, "Plan Width": 33, "Inner Unique": true, "Plans": [{"Node Type": "Nested Loop", "Parent Relationship": "Outer", "Join Type": "Inner", "Startup Cost": 4.51, "Total Cost": 3339.37, "Plan Rows": 154, "Plan Width": 25, "Inner Unique": false, "Plans": [{"Node Type": "Nested Loop", "Parent Relationship": "Outer", "Join Type": "Inner", "Startup Cost": 4.51, "Total Cost": 3326.15, "Plan Rows": 33, "Plan Width": 25, "Inner Unique": true, "Plans": [{"Node Type": "Nested Loop", "Parent Relationship": "Outer", "Join Type": "Inner", "Startup Cost": 4.51, "Total Cost": 3315.63, "Plan Rows": 33, "Plan Width": 4, "Inner Unique": false, "Plans": [{"Node Type": "Index Scan", "Parent Relationship": "Outer", "Scan Direction": "Forward", "Index Name": "keyword_pkey", "Relation Name": "keyword", "Alias": "k", "Startup Cost": 0.0, "Total Cost": 3182.72, "Plan Rows": 1, "Plan Width": 4, "Filter": "((keyword)::text = '10,000-mile-club'::text)"}, {"Node Type": "Bitmap Heap Scan", "Parent Relationship": "Inner", "Relation Name": "movie_keyword", "Alias": "mk", "Startup Cost": 4.51, "Total Cost": 132.58, "Plan Rows": 33, "Plan Width": 8, "Recheck Cond": "(keyword_id = k.id)", "Plans": [{"Node Type": "Bitmap Index Scan", "Parent Relationship": "Outer", "Index Name": "keyword_id_movie_keyword", "Startup Cost": 0.0, "Total Cost": 4.5, "Plan Rows": 33, "Plan Width": 0, "Index Cond": "(keyword_id = k.id)"}]}]}, {"Node Type": "Index Scan", "Parent Relationship": "Inner", "Scan Direction": "Forward", "Index Name": "title_pkey", "Relation Name": "title", "Alias": "t1", "Startup Cost": 0.0, "Total Cost": 0.31, "Plan Rows": 1, "Plan Width": 21, "Index Cond": "(id = mk.movie_id)"}]}, {"Node Type": "Index Scan", "Parent Relationship": "Inner", "Scan Direction": "Forward", "Index Name": "movie_id_movie_link", "Relation Name": "movie_link", "Alias": "ml", "Startup Cost": 0.0, "Total Cost": 0.35, "Plan Rows": 5, "Plan Width": 12, "Index Cond": "(movie_id = t1.id)"}]}, {"Node Type": "Index Scan", "Parent Relationship": "Inner", "Scan Direction": "Forward", "Index Name": "link_type_pkey", "Relation Name": "link_type", "Alias": "lt", "Startup Cost": 0.0, "Total Cost": 0.27, "Plan Rows": 1, "Plan Width": 16, "Index Cond": "(id = ml.link_type_id)"}]}, {"Node Type": "Index Scan", "Parent Relationship": "Inner", "Scan Direction": "Forward", "Index Name": "title_pkey", "Relation Name": "title", "Alias": "t2", "Startup Cost": 0.0, "Total Cost": 4.3, "Plan Rows": 1, "Plan Width": 21, "Index Cond": "(id = ml.linked_movie_id)"}]}]}, "Unique SQL Id": 524435555, "Planner Runtime": 11}, "explain_analyze_plan": {"Plan": {"Node Type": "Aggregate", "Strategy": "Plain", "Startup Cost": 4047.28, "Total Cost": 4047.29, "Plan Rows": 1, "Plan Width": 142, "Actual Startup Time": 119.675, "Actual Total Time": 119.675, "Actual Rows": 1, "Actual Loops": 1, "Plans": [{"Node Type": "Nested Loop", "Parent Relationship": "Outer", "Join Type": "Inner", "Startup Cost": 4.51, "Total Cost": 4046.12, "Plan Rows": 154, "Plan Width": 46, "Actual Startup Time": 119.669, "Actual Total Time": 119.669, "Actual Rows": 0, "Actual Loops": 1, "Inner Unique": true, "Plans": [{"Node Type": "Nested Loop", "Parent Relationship": "Outer", "Join Type": "Inner", "Startup Cost": 4.51, "Total Cost": 3382.55, "Plan Rows": 154, "Plan Width": 33, "Actual Startup Time": 119.668, "Actual Total Time": 119.668, "Actual Rows": 0, "Actual Loops": 1, "Inner Unique": true, "Plans": [{"Node Type": "Nested Loop", "Parent Relationship": "Outer", "Join Type": "Inner", "Startup Cost": 4.51, "Total Cost": 3339.37, "Plan Rows": 154, "Plan Width": 25, "Actual Startup Time": 119.668, "Actual Total Time": 119.668, "Actual Rows": 0, "Actual Loops": 1, "Inner Unique": false, "Plans": [{"Node Type": "Nested Loop", "Parent Relationship": "Outer", "Join Type": "Inner", "Startup Cost": 4.51, "Total Cost": 3326.15, "Plan Rows": 33, "Plan Width": 25, "Actual Startup Time": 117.759, "Actual Total Time": 119.662, "Actual Rows": 1, "Actual Loops": 1, "Inner Unique": true, "Plans": [{"Node Type": "Nested Loop", "Parent Relationship": "Outer", "Join Type": "Inner", "Startup Cost": 4.51, "Total Cost": 3315.63, "Plan Rows": 33, "Plan Width": 4, "Actual Startup Time": 117.744, "Actual Total Time": 119.646, "Actual Rows": 1, "Actual Loops": 1, "Inner Unique": false, "Plans": [{"Node Type": "Index Scan", "Parent Relationship": "Outer", "Scan Direction": "Forward", "Index Name": "keyword_pkey", "Relation Name": "keyword", "Alias": "k", "Startup Cost": 0.0, "Total Cost": 3182.72, "Plan Rows": 1, "Plan Width": 4, "Actual Startup Time": 117.697, "Actual Total Time": 119.597, "Actual Rows": 1, "Actual Loops": 1, "Filter": "((keyword)::text = '10,000-mile-club'::text)", "Rows Removed by Filter": 134168}, {"Node Type": "Bitmap Heap Scan", "Parent Relationship": "Inner", "Relation Name": "movie_keyword", "Alias": "mk", "Startup Cost": 4.51, "Total Cost": 132.58, "Plan Rows": 33, "Plan Width": 8, "Actual Startup Time": 0.032, "Actual Total Time": 0.033, "Actual Rows": 1, "Actual Loops": 1, "Recheck Cond": "(keyword_id = k.id)", "Rows Removed by Index Recheck": 0, "Exact Heap Blocks": 1, "Lossy Heap Blocks": 1, "Plans": [{"Node Type": "Bitmap Index Scan", "Parent Relationship": "Outer", "Index Name": "keyword_id_movie_keyword", "Startup Cost": 0.0, "Total Cost": 4.5, "Plan Rows": 33, "Plan Width": 0, "Actual Startup Time": 0.018, "Actual Total Time": 0.018, "Actual Rows": 1, "Actual Loops": 1, "Index Cond": "(keyword_id = k.id)"}]}]}, {"Node Type": "Index Scan", "Parent Relationship": "Inner", "Scan Direction": "Forward", "Index Name": "title_pkey", "Relation Name": "title", "Alias": "t1", "Startup Cost": 0.0, "Total Cost": 0.31, "Plan Rows": 1, "Plan Width": 21, "Actual Startup Time": 0.011, "Actual Total Time": 0.011, "Actual Rows": 1, "Actual Loops": 1, "Index Cond": "(id = mk.movie_id)", "Rows Removed by Index Recheck": 0}]}, {"Node Type": "Index Scan", "Parent Relationship": "Inner", "Scan Direction": "Forward", "Index Name": "movie_id_movie_link", "Relation Name": "movie_link", "Alias": "ml", "Startup Cost": 0.0, "Total Cost": 0.35, "Plan Rows": 5, "Plan Width": 12, "Actual Startup Time": 0.003, "Actual Total Time": 0.003, "Actual Rows": 0, "Actual Loops": 1, "Index Cond": "(movie_id = t1.id)", "Rows Removed by Index Recheck": 0}]}, {"Node Type": "Index Scan", "Parent Relationship": "Inner", "Scan Direction": "Forward", "Index Name": "link_type_pkey", "Relation Name": "link_type", "Alias": "lt", "Startup Cost": 0.0, "Total Cost": 0.27, "Plan Rows": 1, "Plan Width": 16, "Actual Startup Time": 0.0, "Actual Total Time": 0.0, "Index Cond": "(id = ml.link_type_id)", "Rows Removed by Index Recheck": 0}]}, {"Node Type": "Index Scan", "Parent Relationship": "Inner", "Scan Direction": "Forward", "Index Name": "title_pkey", "Relation Name": "title", "Alias": "t2", "Startup Cost": 0.0, "Total Cost": 4.3, "Plan Rows": 1, "Plan Width": 21, "Actual Startup Time": 0.0, "Actual Total Time": 0.0, "Index Cond": "(id = ml.linked_movie_id)", "Rows Removed by Index Recheck": 0}]}]}, "Triggers": [], "Planner Runtime": 2, "Total Runtime": 119.92, "Unique SQL Id": 524435555}}, "(1, 86)": {"explain_plan": {"Plan": {"Node Type": "Aggregate", "Strategy": "Plain", "Startup Cost": 3716.04, "Total Cost": 3716.05, "Plan Rows": 1, "Plan Width": 142, "Plans": [{"Node Type": "Nested Loop", "Parent Relationship": "Outer", "Join Type": "Inner", "Startup Cost": 2864.83, "Total Cost": 3714.88, "Plan Rows": 154, "Plan Width": 46, "Inner Unique": true, "Plans": [{"Node Type": "Merge Join", "Parent Relationship": "Outer", "Join Type": "Inner", "Startup Cost": 2863.34, "Total Cost": 2865.7, "Plan Rows": 154, "Plan Width": 33, "Inner Unique": false, "Merge Cond": "(lt.id = ml.link_type_id)", "Plans": [{"Node Type": "Sort", "Parent Relationship": "Outer", "Startup Cost": 1.52, "Total Cost": 1.56, "Plan Rows": 17, "Plan Width": 16, "Sort Key": ["lt.id"], "Plans": [{"Node Type": "Seq Scan", "Parent Relationship": "Outer", "Relation Name": "link_type", "Alias": "lt", "Startup Cost": 0.0, "Total Cost": 1.17, "Plan Rows": 17, "Plan Width": 16}]}, {"Node Type": "Sort", "Parent Relationship": "Inner", "Startup Cost": 2861.8, "Total Cost": 2862.18, "Plan Rows": 154, "Plan Width": 25, "Sort Key": ["ml.link_type_id"], "Plans": [{"Node Type": "Nested Loop", "Parent Relationship": "Outer", "Join Type": "Inner", "Startup Cost": 5.06, "Total Cost": 2856.2, "Plan Rows": 154, "Plan Width": 25, "Inner Unique": false, "Join Filter": "(t1.id = ml.movie_id)", "Plans": [{"Node Type": "Nested Loop", "Parent Relationship": "Outer", "Join Type": "Inner", "Startup Cost": 4.77, "Total Cost": 2710.54, "Plan Rows": 33, "Plan Width": 25, "Inner Unique": true, "Plans": [{"Node Type": "Nested Loop", "Parent Relationship": "Outer", "Join Type": "Inner", "Startup Cost": 4.51, "Total Cost": 2569.02, "Plan Rows": 33, "Plan Width": 4, "Inner Unique": false, "Plans": [{"Node Type": "Seq Scan", "Parent Relationship": "Outer", "Relation Name": "keyword", "Alias": "k", "Startup Cost": 0.0, "Total Cost": 2436.11, "Plan Rows": 1, "Plan Width": 4, "Filter": "((keyword)::text = '10,000-mile-club'::text)"}, {"Node Type": "Bitmap Heap Scan", "Parent Relationship": "Inner", "Relation Name": "movie_keyword", "Alias": "mk", "Startup Cost": 4.51, "Total Cost": 132.58, "Plan Rows": 33, "Plan Width": 8, "Recheck Cond": "(keyword_id = k.id)", "Plans": [{"Node Type": "Bitmap Index Scan", "Parent Relationship": "Outer", "Index Name": "keyword_id_movie_keyword", "Startup Cost": 0.0, "Total Cost": 4.5, "Plan Rows": 33, "Plan Width": 0, "Index Cond": "(keyword_id = k.id)"}]}]}, {"Node Type": "Bitmap Heap Scan", "Parent Relationship": "Inner", "Relation Name": "title", "Alias": "t1", "Startup Cost": 0.27, "Total Cost": 4.28, "Plan Rows": 1, "Plan Width": 21, "Recheck Cond": "(id = mk.movie_id)", "Plans": [{"Node Type": "Bitmap Index Scan", "Parent Relationship": "Outer", "Index Name": "title_pkey", "Startup Cost": 0.0, "Total Cost": 0.27, "Plan Rows": 1, "Plan Width": 0, "Index Cond": "(id = mk.movie_id)"}]}]}, {"Node Type": "Bitmap Heap Scan", "Parent Relationship": "Inner", "Relation Name": "movie_link", "Alias": "ml", "Startup Cost": 0.29, "Total Cost": 4.35, "Plan Rows": 5, "Plan Width": 12, "Recheck Cond": "(movie_id = mk.movie_id)", "Plans": [{"Node Type": "Bitmap Index Scan", "Parent Relationship": "Outer", "Index Name": "movie_id_movie_link", "Startup Cost": 0.0, "Total Cost": 0.29, "Plan Rows": 5, "Plan Width": 0, "Index Cond": "(movie_id = mk.movie_id)"}]}]}]}]}, {"Node Type": "Bitmap Heap Scan", "Parent Relationship": "Inner", "Relation Name": "title", "Alias": "t2", "Startup Cost": 1.49, "Total Cost": 5.5, "Plan Rows": 1, "Plan Width": 21, "Recheck Cond": "(id = ml.linked_movie_id)", "Plans": [{"Node Type": "Bitmap Index Scan", "Parent Relationship": "Outer", "Index Name": "title_pkey", "Startup Cost": 0.0, "Total Cost": 1.49, "Plan Rows": 1, "Plan Width": 0, "Index Cond": "(id = ml.linked_movie_id)"}]}]}]}, "Unique SQL Id": 524435555, "Planner Runtime": 6}, "explain_analyze_plan": {"Plan": {"Node Type": "Aggregate", "Strategy": "Plain", "Startup Cost": 3716.04, "Total Cost": 3716.05, "Plan Rows": 1, "Plan Width": 142, "Actual Startup Time": 41.01, "Actual Total Time": 41.01, "Actual Rows": 1, "Actual Loops": 1, "Plans": [{"Node Type": "Nested Loop", "Parent Relationship": "Outer", "Join Type": "Inner", "Startup Cost": 2864.83, "Total Cost": 3714.88, "Plan Rows": 154, "Plan Width": 46, "Actual Startup Time": 41.005, "Actual Total Time": 41.005, "Actual Rows": 0, "Actual Loops": 1, "Inner Unique": true, "Plans": [{"Node Type": "Merge Join", "Parent Relationship": "Outer", "Join Type": "Inner", "Startup Cost": 2863.34, "Total Cost": 2865.7, "Plan Rows": 154, "Plan Width": 33, "Actual Startup Time": 41.004, "Actual Total Time": 41.004, "Actual Rows": 0, "Actual Loops": 1, "Inner Unique": false, "Merge Cond": "(lt.id = ml.link_type_id)", "Plans": [{"Node Type": "Sort", "Parent Relationship": "Outer", "Startup Cost": 1.52, "Total Cost": 1.56, "Plan Rows": 17, "Plan Width": 16, "Actual Startup Time": 0.031, "Actual Total Time": 0.031, "Actual Rows": 1, "Actual Loops": 1, "Sort Key": ["lt.id"], "Sort Method": "quicksort", "Sort Space Used": 26, "Sort Space Type": "Memory", "Plans": [{"Node Type": "Seq Scan", "Parent Relationship": "Outer", "Relation Name": "link_type", "Alias": "lt", "Startup Cost": 0.0, "Total Cost": 1.17, "Plan Rows": 17, "Plan Width": 16, "Actual Startup Time": 0.011, "Actual Total Time": 0.015, "Actual Rows": 17, "Actual Loops": 1}]}, {"Node Type": "Sort", "Parent Relationship": "Inner", "Startup Cost": 2861.8, "Total Cost": 2862.18, "Plan Rows": 154, "Plan Width": 25, "Actual Startup Time": 40.964, "Actual Total Time": 40.964, "Actual Rows": 0, "Actual Loops": 1, "Sort Key": ["ml.link_type_id"], "Sort Method": "quicksort", "Sort Space Used": 25, "Sort Space Type": "Memory", "Plans": [{"Node Type": "Nested Loop", "Parent Relationship": "Outer", "Join Type": "Inner", "Startup Cost": 5.06, "Total Cost": 2856.2, "Plan Rows": 154, "Plan Width": 25, "Actual Startup Time": 40.96, "Actual Total Time": 40.96, "Actual Rows": 0, "Actual Loops": 1, "Inner Unique": false, "Join Filter": "(t1.id = ml.movie_id)", "Rows Removed by Join Filter": 0, "Plans": [{"Node Type": "Nested Loop", "Parent Relationship": "Outer", "Join Type": "Inner", "Startup Cost": 4.77, "Total Cost": 2710.54, "Plan Rows": 33, "Plan Width": 25, "Actual Startup Time": 40.07, "Actual Total Time": 40.954, "Actual Rows": 1, "Actual Loops": 1, "Inner Unique": true, "Plans": [{"Node Type": "Nested Loop", "Parent Relationship": "Outer", "Join Type": "Inner", "Startup Cost": 4.51, "Total Cost": 2569.02, "Plan Rows": 33, "Plan Width": 4, "Actual Startup Time": 40.057, "Actual Total Time": 40.941, "Actual Rows": 1, "Actual Loops": 1, "Inner Unique": false, "Plans": [{"Node Type": "Seq Scan", "Parent Relationship": "Outer", "Relation Name": "keyword", "Alias": "k", "Startup Cost": 0.0, "Total Cost": 2436.11, "Plan Rows": 1, "Plan Width": 4, "Actual Startup Time": 40.025, "Actual Total Time": 40.907, "Actual Rows": 1, "Actual Loops": 1, "Filter": "((keyword)::text = '10,000-mile-club'::text)", "Rows Removed by Filter": 134168}, {"Node Type": "Bitmap Heap Scan", "Parent Relationship": "Inner", "Relation Name": "movie_keyword", "Alias": "mk", "Startup Cost": 4.51, "Total Cost": 132.58, "Plan Rows": 33, "Plan Width": 8, "Actual Startup Time": 0.024, "Actual Total Time": 0.025, "Actual Rows": 1, "Actual Loops": 1, "Recheck Cond": "(keyword_id = k.id)", "Rows Removed by Index Recheck": 0, "Exact Heap Blocks": 1, "Lossy Heap Blocks": 1, "Plans": [{"Node Type": "Bitmap Index Scan", "Parent Relationship": "Outer", "Index Name": "keyword_id_movie_keyword", "Startup Cost": 0.0, "Total Cost": 4.5, "Plan Rows": 33, "Plan Width": 0, "Actual Startup Time": 0.014, "Actual Total Time": 0.014, "Actual Rows": 1, "Actual Loops": 1, "Index Cond": "(keyword_id = k.id)"}]}]}, {"Node Type": "Bitmap Heap Scan", "Parent Relationship": "Inner", "Relation Name": "title", "Alias": "t1", "Startup Cost": 0.27, "Total Cost": 4.28, "Plan Rows": 1, "Plan Width": 21, "Actual Startup Time": 0.01, "Actual Total Time": 0.01, "Actual Rows": 1, "Actual Loops": 1, "Recheck Cond": "(id = mk.movie_id)", "Rows Removed by Index Recheck": 0, "Exact Heap Blocks": 1, "Lossy Heap Blocks": 1, "Plans": [{"Node Type": "Bitmap Index Scan", "Parent Relationship": "Outer", "Index Name": "title_pkey", "Startup Cost": 0.0, "Total Cost": 0.27, "Plan Rows": 1, "Plan Width": 0, "Actual Startup Time": 0.007, "Actual Total Time": 0.007, "Actual Rows": 1, "Actual Loops": 1, "Index Cond": "(id = mk.movie_id)"}]}]}, {"Node Type": "Bitmap Heap Scan", "Parent Relationship": "Inner", "Relation Name": "movie_link", "Alias": "ml", "Startup Cost": 0.29, "Total Cost": 4.35, "Plan Rows": 5, "Plan Width": 12, "Actual Startup Time": 0.004, "Actual Total Time": 0.004, "Actual Rows": 0, "Actual Loops": 1, "Recheck Cond": "(movie_id = mk.movie_id)", "Rows Removed by Index Recheck": 0, "Exact Heap Blocks": 0, "Lossy Heap Blocks": 0, "Plans": [{"Node Type": "Bitmap Index Scan", "Parent Relationship": "Outer", "Index Name": "movie_id_movie_link", "Startup Cost": 0.0, "Total Cost": 0.29, "Plan Rows": 5, "Plan Width": 0, "Actual Startup Time": 0.003, "Actual Total Time": 0.003, "Actual Rows": 0, "Actual Loops": 1, "Index Cond": "(movie_id = mk.movie_id)"}]}]}]}]}, {"Node Type": "Bitmap Heap Scan", "Parent Relationship": "Inner", "Relation Name": "title", "Alias": "t2", "Startup Cost": 1.49, "Total Cost": 5.5, "Plan Rows": 1, "Plan Width": 21, "Actual Startup Time": 0.0, "Actual Total Time": 0.0, "Recheck Cond": "(id = ml.linked_movie_id)", "Rows Removed by Index Recheck": 0, "Exact Heap Blocks": 0, "Lossy Heap Blocks": 0, "Plans": [{"Node Type": "Bitmap Index Scan", "Parent Relationship": "Outer", "Index Name": "title_pkey", "Startup Cost": 0.0, "Total Cost": 1.49, "Plan Rows": 1, "Plan Width": 0, "Actual Startup Time": 0.0, "Actual Total Time": 0.0, "Index Cond": "(id = ml.linked_movie_id)"}]}]}]}, "Triggers": [], "Planner Runtime": 6, "Total Runtime": 41.222, "Unique SQL Id": 524435555}}, "(1, 87)": {"explain_plan": {"Plan": {"Node Type": "Aggregate", "Strategy": "Plain", "Startup Cost": 1000001377786.31, "Total Cost": 1000001377786.32, "Plan Rows": 1, "Plan Width": 142, "Plans": [{"Node Type": "Nested Loop", "Parent Relationship": "Outer", "Join Type": "Inner", "Startup Cost": 10000000004.71, "Total Cost": 1000001377785.15, "Plan Rows": 154, "Plan Width": 46, "Inner Unique": true, "Plans": [{"Node Type": "Nested Loop", "Parent Relationship": "Outer", "Join Type": "Inner", "Startup Cost": 10000000004.45, "Total Cost": 1000001377125.95, "Plan Rows": 154, "Plan Width": 38, "Inner Unique": true, "Plans": [{"Node Type": "Nested Loop", "Parent Relationship": "Outer", "Join Type": "Inner", "Startup Cost": 10000000002.96, "Total Cost": 1000001376276.77, "Plan Rows": 154, "Plan Width": 25, "Inner Unique": true, "Plans": [{"Node Type": "Nested Loop", "Parent Relationship": "Outer", "Join Type": "Inner", "Startup Cost": 10000000002.69, "Total Cost": 1000001375616.35, "Plan Rows": 154, "Plan Width": 16, "Inner Unique": true, "Plans": [{"Node Type": "Nested Loop", "Parent Relationship": "Outer", "Join Type": "Inner", "Startup Cost": 10000000002.44, "Total Cost": 1000000342019.19, "Plan Rows": 241339, "Plan Width": 20, "Inner Unique": false, "Plans": [{"Node Type": "Index Scan", "Parent Relationship": "Outer", "Scan Direction": "Forward", "Index Name": "link_type_id_movie_link", "Relation Name": "movie_link", "Alias": "ml", "Startup Cost": 10000000000.0, "Total Cost": 1000000143569.16, "Plan Rows": 29996, "Plan Width": 12}, {"Node Type": "Bitmap Heap Scan", "Parent Relationship": "Inner", "Relation Name": "movie_keyword", "Alias": "mk", "Startup Cost": 2.44, "Total Cost": 6.54, "Plan Rows": 8, "Plan Width": 8, "Recheck Cond": "(movie_id = ml.movie_id)", "Plans": [{"Node Type": "Bitmap Index Scan", "Parent Relationship": "Outer", "Index Name": "movie_id_movie_keyword", "Startup Cost": 0.0, "Total Cost": 2.43, "Plan Rows": 8, "Plan Width": 0, "Index Cond": "(movie_id = ml.movie_id)"}]}]}, {"Node Type": "Bitmap Heap Scan", "Parent Relationship": "Inner", "Relation Name": "keyword", "Alias": "k", "Startup Cost": 0.26, "Total Cost": 4.27, "Plan Rows": 1, "Plan Width": 4, "Recheck Cond": "(id = mk.keyword_id)", "Filter": "((keyword)::text = '10,000-mile-club'::text)", "Plans": [{"Node Type": "Bitmap Index Scan", "Parent Relationship": "Outer", "Index Name": "keyword_pkey", "Startup Cost": 0.0, "Total Cost": 0.26, "Plan Rows": 1, "Plan Width": 0, "Index Cond": "(id = mk.keyword_id)"}]}]}, {"Node Type": "Bitmap Heap Scan", "Parent Relationship": "Inner", "Relation Name": "title", "Alias": "t1", "Startup Cost": 0.27, "Total Cost": 4.28, "Plan Rows": 1, "Plan Width": 21, "Recheck Cond": "(id = mk.movie_id)", "Plans": [{"Node Type": "Bitmap Index Scan", "Parent Relationship": "Outer", "Index Name": "title_pkey", "Startup Cost": 0.0, "Total Cost": 0.27, "Plan Rows": 1, "Plan Width": 0, "Index Cond": "(id = mk.movie_id)"}]}]}, {"Node Type": "Bitmap Heap Scan", "Parent Relationship": "Inner", "Relation Name": "title", "Alias": "t2", "Startup Cost": 1.49, "Total Cost": 5.5, "Plan Rows": 1, "Plan Width": 21, "Recheck Cond": "(id = ml.linked_movie_id)", "Plans": [{"Node Type": "Bitmap Index Scan", "Parent Relationship": "Outer", "Index Name": "title_pkey", "Startup Cost": 0.0, "Total Cost": 1.49, "Plan Rows": 1, "Plan Width": 0, "Index Cond": "(id = ml.linked_movie_id)"}]}]}, {"Node Type": "Bitmap Heap Scan", "Parent Relationship": "Inner", "Relation Name": "link_type", "Alias": "lt", "Startup Cost": 0.26, "Total Cost": 4.27, "Plan Rows": 1, "Plan Width": 16, "Recheck Cond": "(id = ml.link_type_id)", "Plans": [{"Node Type": "Bitmap Index Scan", "Parent Relationship": "Outer", "Index Name": "link_type_pkey", "Startup Cost": 0.0, "Total Cost": 0.26, "Plan Rows": 1, "Plan Width": 0, "Index Cond": "(id = ml.link_type_id)"}]}]}]}, "Unique SQL Id": 524435555, "Planner Runtime": 4}, "explain_analyze_plan": null}, "(1, 88)": {"explain_plan": {"Plan": {"Node Type": "Aggregate", "Strategy": "Plain", "Startup Cost": 3271.29, "Total Cost": 3271.3, "Plan Rows": 1, "Plan Width": 142, "Plans": [{"Node Type": "Nested Loop", "Parent Relationship": "Outer", "Join Type": "Inner", "Startup Cost": 2604.2, "Total Cost": 3270.14, "Plan Rows": 154, "Plan Width": 46, "Inner Unique": true, "Plans": [{"Node Type": "Merge Join", "Parent Relationship": "Outer", "Join Type": "Inner", "Startup Cost": 2604.2, "Total Cost": 2606.56, "Plan Rows": 154, "Plan Width": 33, "Inner Unique": false, "Merge Cond": "(lt.id = ml.link_type_id)", "Plans": [{"Node Type": "Sort", "Parent Relationship": "Outer", "Startup Cost": 1.52, "Total Cost": 1.56, "Plan Rows": 17, "Plan Width": 16, "Sort Key": ["lt.id"], "Plans": [{"Node Type": "Seq Scan", "Parent Relationship": "Outer", "Relation Name": "link_type", "Alias": "lt", "Startup Cost": 0.0, "Total Cost": 1.17, "Plan Rows": 17, "Plan Width": 16}]}, {"Node Type": "Sort", "Parent Relationship": "Inner", "Startup Cost": 2602.65, "Total Cost": 2603.04, "Plan Rows": 154, "Plan Width": 25, "Sort Key": ["ml.link_type_id"], "Plans": [{"Node Type": "Nested Loop", "Parent Relationship": "Outer", "Join Type": "Inner", "Startup Cost": 0.0, "Total Cost": 2597.06, "Plan Rows": 154, "Plan Width": 25, "Inner Unique": false, "Plans": [{"Node Type": "Nested Loop", "Parent Relationship": "Outer", "Join Type": "Inner", "Startup Cost": 0.0, "Total Cost": 2583.84, "Plan Rows": 33, "Plan Width": 25, "Inner Unique": true, "Plans": [{"Node Type": "Nested Loop", "Parent Relationship": "Outer", "Join Type": "Inner", "Startup Cost": 0.0, "Total Cost": 2573.32, "Plan Rows": 33, "Plan Width": 4, "Inner Unique": false, "Plans": [{"Node Type": "Seq Scan", "Parent Relationship": "Outer", "Relation Name": "keyword", "Alias": "k", "Startup Cost": 0.0, "Total Cost": 2436.11, "Plan Rows": 1, "Plan Width": 4, "Filter": "((keyword)::text = '10,000-mile-club'::text)"}, {"Node Type": "Index Scan", "Parent Relationship": "Inner", "Scan Direction": "Forward", "Index Name": "keyword_id_movie_keyword", "Relation Name": "movie_keyword", "Alias": "mk", "Startup Cost": 0.0, "Total Cost": 136.88, "Plan Rows": 33, "Plan Width": 8, "Index Cond": "(keyword_id = k.id)"}]}, {"Node Type": "Index Scan", "Parent Relationship": "Inner", "Scan Direction": "Forward", "Index Name": "title_pkey", "Relation Name": "title", "Alias": "t1", "Startup Cost": 0.0, "Total Cost": 0.31, "Plan Rows": 1, "Plan Width": 21, "Index Cond": "(id = mk.movie_id)"}]}, {"Node Type": "Index Scan", "Parent Relationship": "Inner", "Scan Direction": "Forward", "Index Name": "movie_id_movie_link", "Relation Name": "movie_link", "Alias": "ml", "Startup Cost": 0.0, "Total Cost": 0.35, "Plan Rows": 5, "Plan Width": 12, "Index Cond": "(movie_id = t1.id)"}]}]}]}, {"Node Type": "Index Scan", "Parent Relationship": "Inner", "Scan Direction": "Forward", "Index Name": "title_pkey", "Relation Name": "title", "Alias": "t2", "Startup Cost": 0.0, "Total Cost": 4.3, "Plan Rows": 1, "Plan Width": 21, "Index Cond": "(id = ml.linked_movie_id)"}]}]}, "Unique SQL Id": 524435555, "Planner Runtime": 11}, "explain_analyze_plan": {"Plan": {"Node Type": "Aggregate", "Strategy": "Plain", "Startup Cost": 3271.29, "Total Cost": 3271.3, "Plan Rows": 1, "Plan Width": 142, "Actual Startup Time": 40.989, "Actual Total Time": 40.989, "Actual Rows": 1, "Actual Loops": 1, "Plans": [{"Node Type": "Nested Loop", "Parent Relationship": "Outer", "Join Type": "Inner", "Startup Cost": 2604.2, "Total Cost": 3270.14, "Plan Rows": 154, "Plan Width": 46, "Actual Startup Time": 40.984, "Actual Total Time": 40.984, "Actual Rows": 0, "Actual Loops": 1, "Inner Unique": true, "Plans": [{"Node Type": "Merge Join", "Parent Relationship": "Outer", "Join Type": "Inner", "Startup Cost": 2604.2, "Total Cost": 2606.56, "Plan Rows": 154, "Plan Width": 33, "Actual Startup Time": 40.984, "Actual Total Time": 40.984, "Actual Rows": 0, "Actual Loops": 1, "Inner Unique": false, "Merge Cond": "(lt.id = ml.link_type_id)", "Plans": [{"Node Type": "Sort", "Parent Relationship": "Outer", "Startup Cost": 1.52, "Total Cost": 1.56, "Plan Rows": 17, "Plan Width": 16, "Actual Startup Time": 0.031, "Actual Total Time": 0.031, "Actual Rows": 1, "Actual Loops": 1, "Sort Key": ["lt.id"], "Sort Method": "quicksort", "Sort Space Used": 26, "Sort Space Type": "Memory", "Plans": [{"Node Type": "Seq Scan", "Parent Relationship": "Outer", "Relation Name": "link_type", "Alias": "lt", "Startup Cost": 0.0, "Total Cost": 1.17, "Plan Rows": 17, "Plan Width": 16, "Actual Startup Time": 0.011, "Actual Total Time": 0.015, "Actual Rows": 17, "Actual Loops": 1}]}, {"Node Type": "Sort", "Parent Relationship": "Inner", "Startup Cost": 2602.65, "Total Cost": 2603.04, "Plan Rows": 154, "Plan Width": 25, "Actual Startup Time": 40.943, "Actual Total Time": 40.943, "Actual Rows": 0, "Actual Loops": 1, "Sort Key": ["ml.link_type_id"], "Sort Method": "quicksort", "Sort Space Used": 25, "Sort Space Type": "Memory", "Plans": [{"Node Type": "Nested Loop", "Parent Relationship": "Outer", "Join Type": "Inner", "Startup Cost": 0.0, "Total Cost": 2597.06, "Plan Rows": 154, "Plan Width": 25, "Actual Startup Time": 40.94, "Actual Total Time": 40.94, "Actual Rows": 0, "Actual Loops": 1, "Inner Unique": false, "Plans": [{"Node Type": "Nested Loop", "Parent Relationship": "Outer", "Join Type": "Inner", "Startup Cost": 0.0, "Total Cost": 2583.84, "Plan Rows": 33, "Plan Width": 25, "Actual Startup Time": 40.054, "Actual Total Time": 40.935, "Actual Rows": 1, "Actual Loops": 1, "Inner Unique": true, "Plans": [{"Node Type": "Nested Loop", "Parent Relationship": "Outer", "Join Type": "Inner", "Startup Cost": 0.0, "Total Cost": 2573.32, "Plan Rows": 33, "Plan Width": 4, "Actual Startup Time": 40.043, "Actual Total Time": 40.924, "Actual Rows": 1, "Actual Loops": 1, "Inner Unique": false, "Plans": [{"Node Type": "Seq Scan", "Parent Relationship": "Outer", "Relation Name": "keyword", "Alias": "k", "Startup Cost": 0.0, "Total Cost": 2436.11, "Plan Rows": 1, "Plan Width": 4, "Actual Startup Time": 40.021, "Actual Total Time": 40.9, "Actual Rows": 1, "Actual Loops": 1, "Filter": "((keyword)::text = '10,000-mile-club'::text)", "Rows Removed by Filter": 134168}, {"Node Type": "Index Scan", "Parent Relationship": "Inner", "Scan Direction": "Forward", "Index Name": "keyword_id_movie_keyword", "Relation Name": "movie_keyword", "Alias": "mk", "Startup Cost": 0.0, "Total Cost": 136.88, "Plan Rows": 33, "Plan Width": 8, "Actual Startup Time": 0.015, "Actual Total Time": 0.016, "Actual Rows": 1, "Actual Loops": 1, "Index Cond": "(keyword_id = k.id)", "Rows Removed by Index Recheck": 0}]}, {"Node Type": "Index Scan", "Parent Relationship": "Inner", "Scan Direction": "Forward", "Index Name": "title_pkey", "Relation Name": "title", "Alias": "t1", "Startup Cost": 0.0, "Total Cost": 0.31, "Plan Rows": 1, "Plan Width": 21, "Actual Startup Time": 0.009, "Actual Total Time": 0.009, "Actual Rows": 1, "Actual Loops": 1, "Index Cond": "(id = mk.movie_id)", "Rows Removed by Index Recheck": 0}]}, {"Node Type": "Index Scan", "Parent Relationship": "Inner", "Scan Direction": "Forward", "Index Name": "movie_id_movie_link", "Relation Name": "movie_link", "Alias": "ml", "Startup Cost": 0.0, "Total Cost": 0.35, "Plan Rows": 5, "Plan Width": 12, "Actual Startup Time": 0.004, "Actual Total Time": 0.004, "Actual Rows": 0, "Actual Loops": 1, "Index Cond": "(movie_id = t1.id)", "Rows Removed by Index Recheck": 0}]}]}]}, {"Node Type": "Index Scan", "Parent Relationship": "Inner", "Scan Direction": "Forward", "Index Name": "title_pkey", "Relation Name": "title", "Alias": "t2", "Startup Cost": 0.0, "Total Cost": 4.3, "Plan Rows": 1, "Plan Width": 21, "Actual Startup Time": 0.0, "Actual Total Time": 0.0, "Index Cond": "(id = ml.linked_movie_id)", "Rows Removed by Index Recheck": 0}]}]}, "Triggers": [], "Planner Runtime": 11, "Total Runtime": 41.188, "Unique SQL Id": 524435555}}, "(1, 89)": {"explain_plan": {"Plan": {"Node Type": "Aggregate", "Strategy": "Plain", "Startup Cost": 4051.57, "Total Cost": 4051.58, "Plan Rows": 1, "Plan Width": 142, "Plans": [{"Node Type": "Nested Loop", "Parent Relationship": "Outer", "Join Type": "Inner", "Startup Cost": 0.0, "Total Cost": 4050.42, "Plan Rows": 154, "Plan Width": 46, "Inner Unique": true, "Plans": [{"Node Type": "Nested Loop", "Parent Relationship": "Outer", "Join Type": "Inner", "Startup Cost": 0.0, "Total Cost": 3386.84, "Plan Rows": 154, "Plan Width": 33, "Inner Unique": true, "Plans": [{"Node Type": "Nested Loop", "Parent Relationship": "Outer", "Join Type": "Inner", "Startup Cost": 0.0, "Total Cost": 3343.66, "Plan Rows": 154, "Plan Width": 25, "Inner Unique": false, "Plans": [{"Node Type": "Nested Loop", "Parent Relationship": "Outer", "Join Type": "Inner", "Startup Cost": 0.0, "Total Cost": 3330.45, "Plan Rows": 33, "Plan Width": 25, "Inner Unique": true, "Plans": [{"Node Type": "Nested Loop", "Parent Relationship": "Outer", "Join Type": "Inner", "Startup Cost": 0.0, "Total Cost": 3319.92, "Plan Rows": 33, "Plan Width": 4, "Inner Unique": false, "Plans": [{"Node Type": "Index Scan", "Parent Relationship": "Outer", "Scan Direction": "Forward", "Index Name": "keyword_pkey", "Relation Name": "keyword", "Alias": "k", "Startup Cost": 0.0, "Total Cost": 3182.72, "Plan Rows": 1, "Plan Width": 4, "Filter": "((keyword)::text = '10,000-mile-club'::text)"}, {"Node Type": "Index Scan", "Parent Relationship": "Inner", "Scan Direction": "Forward", "Index Name": "keyword_id_movie_keyword", "Relation Name": "movie_keyword", "Alias": "mk", "Startup Cost": 0.0, "Total Cost": 136.88, "Plan Rows": 33, "Plan Width": 8, "Index Cond": "(keyword_id = k.id)"}]}, {"Node Type": "Index Scan", "Parent Relationship": "Inner", "Scan Direction": "Forward", "Index Name": "title_pkey", "Relation Name": "title", "Alias": "t1", "Startup Cost": 0.0, "Total Cost": 0.31, "Plan Rows": 1, "Plan Width": 21, "Index Cond": "(id = mk.movie_id)"}]}, {"Node Type": "Index Scan", "Parent Relationship": "Inner", "Scan Direction": "Forward", "Index Name": "movie_id_movie_link", "Relation Name": "movie_link", "Alias": "ml", "Startup Cost": 0.0, "Total Cost": 0.35, "Plan Rows": 5, "Plan Width": 12, "Index Cond": "(movie_id = t1.id)"}]}, {"Node Type": "Index Scan", "Parent Relationship": "Inner", "Scan Direction": "Forward", "Index Name": "link_type_pkey", "Relation Name": "link_type", "Alias": "lt", "Startup Cost": 0.0, "Total Cost": 0.27, "Plan Rows": 1, "Plan Width": 16, "Index Cond": "(id = ml.link_type_id)"}]}, {"Node Type": "Index Scan", "Parent Relationship": "Inner", "Scan Direction": "Forward", "Index Name": "title_pkey", "Relation Name": "title", "Alias": "t2", "Startup Cost": 0.0, "Total Cost": 4.3, "Plan Rows": 1, "Plan Width": 21, "Index Cond": "(id = ml.linked_movie_id)"}]}]}, "Unique SQL Id": 524435555, "Planner Runtime": 11}, "explain_analyze_plan": {"Plan": {"Node Type": "Aggregate", "Strategy": "Plain", "Startup Cost": 4051.57, "Total Cost": 4051.58, "Plan Rows": 1, "Plan Width": 142, "Actual Startup Time": 116.677, "Actual Total Time": 116.678, "Actual Rows": 1, "Actual Loops": 1, "Plans": [{"Node Type": "Nested Loop", "Parent Relationship": "Outer", "Join Type": "Inner", "Startup Cost": 0.0, "Total Cost": 4050.42, "Plan Rows": 154, "Plan Width": 46, "Actual Startup Time": 116.671, "Actual Total Time": 116.671, "Actual Rows": 0, "Actual Loops": 1, "Inner Unique": true, "Plans": [{"Node Type": "Nested Loop", "Parent Relationship": "Outer", "Join Type": "Inner", "Startup Cost": 0.0, "Total Cost": 3386.84, "Plan Rows": 154, "Plan Width": 33, "Actual Startup Time": 116.668, "Actual Total Time": 116.668, "Actual Rows": 0, "Actual Loops": 1, "Inner Unique": true, "Plans": [{"Node Type": "Nested Loop", "Parent Relationship": "Outer", "Join Type": "Inner", "Startup Cost": 0.0, "Total Cost": 3343.66, "Plan Rows": 154, "Plan Width": 25, "Actual Startup Time": 116.667, "Actual Total Time": 116.667, "Actual Rows": 0, "Actual Loops": 1, "Inner Unique": false, "Plans": [{"Node Type": "Nested Loop", "Parent Relationship": "Outer", "Join Type": "Inner", "Startup Cost": 0.0, "Total Cost": 3330.45, "Plan Rows": 33, "Plan Width": 25, "Actual Startup Time": 114.781, "Actual Total Time": 116.653, "Actual Rows": 1, "Actual Loops": 1, "Inner Unique": true, "Plans": [{"Node Type": "Nested Loop", "Parent Relationship": "Outer", "Join Type": "Inner", "Startup Cost": 0.0, "Total Cost": 3319.92, "Plan Rows": 33, "Plan Width": 4, "Actual Startup Time": 114.757, "Actual Total Time": 116.628, "Actual Rows": 1, "Actual Loops": 1, "Inner Unique": false, "Plans": [{"Node Type": "Index Scan", "Parent Relationship": "Outer", "Scan Direction": "Forward", "Index Name": "keyword_pkey", "Relation Name": "keyword", "Alias": "k", "Startup Cost": 0.0, "Total Cost": 3182.72, "Plan Rows": 1, "Plan Width": 4, "Actual Startup Time": 114.722, "Actual Total Time": 116.591, "Actual Rows": 1, "Actual Loops": 1, "Filter": "((keyword)::text = '10,000-mile-club'::text)", "Rows Removed by Filter": 134168}, {"Node Type": "Index Scan", "Parent Relationship": "Inner", "Scan Direction": "Forward", "Index Name": "keyword_id_movie_keyword", "Relation Name": "movie_keyword", "Alias": "mk", "Startup Cost": 0.0, "Total Cost": 136.88, "Plan Rows": 33, "Plan Width": 8, "Actual Startup Time": 0.023, "Actual Total Time": 0.023, "Actual Rows": 1, "Actual Loops": 1, "Index Cond": "(keyword_id = k.id)", "Rows Removed by Index Recheck": 0}]}, {"Node Type": "Index Scan", "Parent Relationship": "Inner", "Scan Direction": "Forward", "Index Name": "title_pkey", "Relation Name": "title", "Alias": "t1", "Startup Cost": 0.0, "Total Cost": 0.31, "Plan Rows": 1, "Plan Width": 21, "Actual Startup Time": 0.017, "Actual Total Time": 0.017, "Actual Rows": 1, "Actual Loops": 1, "Index Cond": "(id = mk.movie_id)", "Rows Removed by Index Recheck": 0}]}, {"Node Type": "Index Scan", "Parent Relationship": "Inner", "Scan Direction": "Forward", "Index Name": "movie_id_movie_link", "Relation Name": "movie_link", "Alias": "ml", "Startup Cost": 0.0, "Total Cost": 0.35, "Plan Rows": 5, "Plan Width": 12, "Actual Startup Time": 0.009, "Actual Total Time": 0.009, "Actual Rows": 0, "Actual Loops": 1, "Index Cond": "(movie_id = t1.id)", "Rows Removed by Index Recheck": 0}]}, {"Node Type": "Index Scan", "Parent Relationship": "Inner", "Scan Direction": "Forward", "Index Name": "link_type_pkey", "Relation Name": "link_type", "Alias": "lt", "Startup Cost": 0.0, "Total Cost": 0.27, "Plan Rows": 1, "Plan Width": 16, "Actual Startup Time": 0.0, "Actual Total Time": 0.0, "Index Cond": "(id = ml.link_type_id)", "Rows Removed by Index Recheck": 0}]}, {"Node Type": "Index Scan", "Parent Relationship": "Inner", "Scan Direction": "Forward", "Index Name": "title_pkey", "Relation Name": "title", "Alias": "t2", "Startup Cost": 0.0, "Total Cost": 4.3, "Plan Rows": 1, "Plan Width": 21, "Actual Startup Time": 0.0, "Actual Total Time": 0.0, "Index Cond": "(id = ml.linked_movie_id)", "Rows Removed by Index Recheck": 0}]}]}, "Triggers": [], "Planner Runtime": 2, "Total Runtime": 116.955, "Unique SQL Id": 524435555}}, "(1, 90)": {"explain_plan": {"Plan": {"Node Type": "Aggregate", "Strategy": "Plain", "Startup Cost": 1261727.21, "Total Cost": 1261727.22, "Plan Rows": 1, "Plan Width": 142, "Plans": [{"Node Type": "Merge Join", "Parent Relationship": "Outer", "Join Type": "Inner", "Startup Cost": 1249099.28, "Total Cost": 1261726.05, "Plan Rows": 154, "Plan Width": 46, "Inner Unique": true, "Merge Cond": "(ml.linked_movie_id = t2.id)", "Plans": [{"Node Type": "Sort", "Parent Relationship": "Outer", "Startup Cost": 920146.01, "Total Cost": 920146.39, "Plan Rows": 154, "Plan Width": 33, "Sort Key": ["ml.linked_movie_id"], "Plans": [{"Node Type": "Merge Join", "Parent Relationship": "Outer", "Join Type": "Inner", "Startup Cost": 920138.05, "Total Cost": 920140.41, "Plan Rows": 154, "Plan Width": 33, "Inner Unique": false, "Merge Cond": "(lt.id = ml.link_type_id)", "Plans": [{"Node Type": "Sort", "Parent Relationship": "Outer", "Startup Cost": 1.52, "Total Cost": 1.56, "Plan Rows": 17, "Plan Width": 16, "Sort Key": ["lt.id"], "Plans": [{"Node Type": "Seq Scan", "Parent Relationship": "Outer", "Relation Name": "link_type", "Alias": "lt", "Startup Cost": 0.0, "Total Cost": 1.17, "Plan Rows": 17, "Plan Width": 16}]}, {"Node Type": "Sort", "Parent Relationship": "Inner", "Startup Cost": 920136.5, "Total Cost": 920136.89, "Plan Rows": 154, "Plan Width": 25, "Sort Key": ["ml.link_type_id"], "Plans": [{"Node Type": "Merge Join", "Parent Relationship": "Outer", "Join Type": "Inner", "Startup Cost": 919214.04, "Total Cost": 920130.91, "Plan Rows": 154, "Plan Width": 25, "Inner Unique": false, "Merge Cond": "(t1.id = ml.movie_id)", "Plans": [{"Node Type": "Merge Join", "Parent Relationship": "Outer", "Join Type": "Inner", "Startup Cost": 916552.51, "Total Cost": 929180.6, "Plan Rows": 33, "Plan Width": 25, "Inner Unique": true, "Merge Cond": "(mk.movie_id = t1.id)", "Plans": [{"Node Type": "Sort", "Parent Relationship": "Outer", "Startup Cost": 587599.24, "Total Cost": 587599.32, "Plan Rows": 33, "Plan Width": 4, "Sort Key": ["mk.movie_id"], "Plans": [{"Node Type": "Merge Join", "Parent Relationship": "Outer", "Join Type": "Inner", "Startup Cost": 564978.42, "Total Cost": 587598.4, "Plan Rows": 33, "Plan Width": 4, "Inner Unique": false, "Merge Cond": "(k.id = mk.keyword_id)", "Plans": [{"Node Type": "Sort", "Parent Relationship": "Outer", "Startup Cost": 2436.12, "Total Cost": 2436.13, "Plan Rows": 1, "Plan Width": 4, "Sort Key": ["k.id"], "Plans": [{"Node Type": "Seq Scan", "Parent Relationship": "Outer", "Relation Name": "keyword", "Alias": "k", "Startup Cost": 0.0, "Total Cost": 2436.11, "Plan Rows": 1, "Plan Width": 4, "Filter": "((keyword)::text = '10,000-mile-club'::text)"}]}, {"Node Type": "Sort", "Parent Relationship": "Inner", "Startup Cost": 562542.3, "Total Cost": 573852.12, "Plan Rows": 4523929, "Plan Width": 8, "Sort Key": ["mk.keyword_id"], "Plans": [{"Node Type": "Seq Scan", "Parent Relationship": "Outer", "Relation Name": "movie_keyword", "Alias": "mk", "Startup Cost": 0.0, "Total Cost": 62441.29, "Plan Rows": 4523929, "Plan Width": 8}]}]}]}, {"Node Type": "Sort", "Parent Relationship": "Inner", "Startup Cost": 328951.73, "Total Cost": 335272.51, "Plan Rows": 2528311, "Plan Width": 21, "Sort Key": ["t1.id"], "Plans": [{"Node Type": "Seq Scan", "Parent Relationship": "Outer", "Relation Name": "title", "Alias": "t1", "Startup Cost": 0.0, "Total Cost": 60069.11, "Plan Rows": 2528311, "Plan Width": 21}]}]}, {"Node Type": "Sort", "Parent Relationship": "Inner", "Startup Cost": 2661.53, "Total Cost": 2736.52, "Plan Rows": 29996, "Plan Width": 12, "Sort Key": ["ml.movie_id"], "Plans": [{"Node Type": "Seq Scan", "Parent Relationship": "Outer", "Relation Name": "movie_link", "Alias": "ml", "Startup Cost": 0.0, "Total Cost": 430.96, "Plan Rows": 29996, "Plan Width": 12}]}]}]}]}]}, {"Node Type": "Sort", "Parent Relationship": "Inner", "Startup Cost": 328951.73, "Total Cost": 335272.51, "Plan Rows": 2528311, "Plan Width": 21, "Sort Key": ["t2.id"], "Plans": [{"Node Type": "Seq Scan", "Parent Relationship": "Outer", "Relation Name": "title", "Alias": "t2", "Startup Cost": 0.0, "Total Cost": 60069.11, "Plan Rows": 2528311, "Plan Width": 21}]}]}]}, "Unique SQL Id": 524435555, "Planner Runtime": 8}, "explain_analyze_plan": null}, "(1, 91)": {"explain_plan": {"Plan": {"Node Type": "Aggregate", "Strategy": "Plain", "Startup Cost": 4103059849846.31, "Total Cost": 4103059849846.32, "Plan Rows": 1, "Plan Width": 142, "Plans": [{"Node Type": "Merge Join", "Parent Relationship": "Outer", "Join Type": "Inner", "Startup Cost": 3114387609681.93, "Total Cost": 4103059849845.16, "Plan Rows": 154, "Plan Width": 46, "Inner Unique": true, "Merge Cond": "(ml.linked_movie_id = t2.id)", "Plans": [{"Node Type": "Sort", "Parent Relationship": "Outer", "Startup Cost": 3104266614517.7, "Total Cost": 3104266614518.08, "Plan Rows": 154, "Plan Width": 33, "Sort Key": ["ml.linked_movie_id"], "Plans": [{"Node Type": "Merge Join", "Parent Relationship": "Outer", "Join Type": "Inner", "Startup Cost": 2114266295033.63, "Total Cost": 3104266614512.1, "Plan Rows": 154, "Plan Width": 33, "Inner Unique": true, "Merge Cond": "(mk.keyword_id = k.id)", "Plans": [{"Node Type": "Sort", "Parent Relationship": "Outer", "Startup Cost": 2104266295033.63, "Total Cost": 2104266295636.98, "Plan Rows": 241339, "Plan Width": 37, "Sort Key": ["mk.keyword_id"], "Plans": [{"Node Type": "Merge Join", "Parent Relationship": "Outer", "Join Type": "Inner", "Startup Cost": 1172501562824.25, "Total Cost": 2104266273457.08, "Plan Rows": 241339, "Plan Width": 37, "Inner Unique": false, "Merge Cond": "(lt.id = ml.link_type_id)", "Plans": [{"Node Type": "Index Scan", "Parent Relationship": "Outer", "Scan Direction": "Forward", "Index Name": "link_type_pkey", "Relation Name": "link_type", "Alias": "lt", "Startup Cost": 10000000000.0, "Total Cost": 1000000001250.5, "Plan Rows": 17, "Plan Width": 16}, {"Node Type": "Sort", "Parent Relationship": "Inner", "Startup Cost": 1162501562777.66, "Total Cost": 1162501563381.01, "Plan Rows": 241339, "Plan Width": 29, "Sort Key": ["ml.link_type_id"], "Plans": [{"Node Type": "Merge Join", "Parent Relationship": "Outer", "Join Type": "Inner", "Startup Cost": 30162989099.11, "Total Cost": 1162501541201.11, "Plan Rows": 241339, "Plan Width": 29, "Inner Unique": false, "Merge Cond": "(t1.id = ml.movie_id)", "Plans": [{"Node Type": "Merge Join", "Parent Relationship": "Outer", "Join Type": "Inner", "Startup Cost": 20120995164.23, "Total Cost": 1999054106967.89, "Plan Rows": 4523929, "Plan Width": 29, "Inner Unique": false, "Merge Cond": "(t1.id = mk.movie_id)", "Plans": [{"Node Type": "Index Scan", "Parent Relationship": "Outer", "Scan Direction": "Forward", "Index Name": "title_pkey", "Relation Name": "title", "Alias": "t1", "Startup Cost": 10000000000.0, "Total Cost": 1000011012048.91, "Plan Rows": 2528311, "Plan Width": 21}, {"Node Type": "Index Scan", "Parent Relationship": "Inner", "Scan Direction": "Forward", "Index Name": "movie_id_movie_keyword", "Relation Name": "movie_keyword", "Alias": "mk", "Startup Cost": 10000000000.0, "Total Cost": 1000015300634.17, "Plan Rows": 4523929, "Plan Width": 8}]}, {"Node Type": "Materialize", "Parent Relationship": "Inner", "Startup Cost": 10000000000.0, "Total Cost": 1000000106277.36, "Plan Rows": 29996, "Plan Width": 12, "Plans": [{"Node Type": "Index Scan", "Parent Relationship": "Outer", "Scan Direction": "Forward", "Index Name": "movie_id_movie_link", "Relation Name": "movie_link", "Alias": "ml", "Startup Cost": 10000000000.0, "Total Cost": 1000000106202.37, "Plan Rows": 29996, "Plan Width": 12}]}]}]}]}]}, {"Node Type": "Materialize", "Parent Relationship": "Inner", "Startup Cost": 10000000000.0, "Total Cost": 1000000318271.69, "Plan Rows": 1, "Plan Width": 4, "Plans": [{"Node Type": "Index Scan", "Parent Relationship": "Outer", "Scan Direction": "Forward", "Index Name": "keyword_pkey", "Relation Name": "keyword", "Alias": "k", "Startup Cost": 10000000000.0, "Total Cost": 1000000318271.68, "Plan Rows": 1, "Plan Width": 4, "Filter": "((keyword)::text = '10,000-mile-club'::text)"}]}]}]}, {"Node Type": "Index Scan", "Parent Relationship": "Inner", "Scan Direction": "Forward", "Index Name": "title_pkey", "Relation Name": "title", "Alias": "t2", "Startup Cost": 10000000000.0, "Total Cost": 1000011012048.91, "Plan Rows": 2528311, "Plan Width": 21}]}]}, "Unique SQL Id": 524435555, "Planner Runtime": 14}, "explain_analyze_plan": null}, "(1, 92)": {"explain_plan": {"Plan": {"Node Type": "Aggregate", "Strategy": "Plain", "Startup Cost": 3271.29, "Total Cost": 3271.3, "Plan Rows": 1, "Plan Width": 142, "Plans": [{"Node Type": "Nested Loop", "Parent Relationship": "Outer", "Join Type": "Inner", "Startup Cost": 2604.2, "Total Cost": 3270.14, "Plan Rows": 154, "Plan Width": 46, "Inner Unique": true, "Plans": [{"Node Type": "Merge Join", "Parent Relationship": "Outer", "Join Type": "Inner", "Startup Cost": 2604.2, "Total Cost": 2606.56, "Plan Rows": 154, "Plan Width": 33, "Inner Unique": false, "Merge Cond": "(lt.id = ml.link_type_id)", "Plans": [{"Node Type": "Sort", "Parent Relationship": "Outer", "Startup Cost": 1.52, "Total Cost": 1.56, "Plan Rows": 17, "Plan Width": 16, "Sort Key": ["lt.id"], "Plans": [{"Node Type": "Seq Scan", "Parent Relationship": "Outer", "Relation Name": "link_type", "Alias": "lt", "Startup Cost": 0.0, "Total Cost": 1.17, "Plan Rows": 17, "Plan Width": 16}]}, {"Node Type": "Sort", "Parent Relationship": "Inner", "Startup Cost": 2602.65, "Total Cost": 2603.04, "Plan Rows": 154, "Plan Width": 25, "Sort Key": ["ml.link_type_id"], "Plans": [{"Node Type": "Nested Loop", "Parent Relationship": "Outer", "Join Type": "Inner", "Startup Cost": 0.0, "Total Cost": 2597.06, "Plan Rows": 154, "Plan Width": 25, "Inner Unique": false, "Plans": [{"Node Type": "Nested Loop", "Parent Relationship": "Outer", "Join Type": "Inner", "Startup Cost": 0.0, "Total Cost": 2583.84, "Plan Rows": 33, "Plan Width": 25, "Inner Unique": true, "Plans": [{"Node Type": "Nested Loop", "Parent Relationship": "Outer", "Join Type": "Inner", "Startup Cost": 0.0, "Total Cost": 2573.32, "Plan Rows": 33, "Plan Width": 4, "Inner Unique": false, "Plans": [{"Node Type": "Seq Scan", "Parent Relationship": "Outer", "Relation Name": "keyword", "Alias": "k", "Startup Cost": 0.0, "Total Cost": 2436.11, "Plan Rows": 1, "Plan Width": 4, "Filter": "((keyword)::text = '10,000-mile-club'::text)"}, {"Node Type": "Index Scan", "Parent Relationship": "Inner", "Scan Direction": "Forward", "Index Name": "keyword_id_movie_keyword", "Relation Name": "movie_keyword", "Alias": "mk", "Startup Cost": 0.0, "Total Cost": 136.88, "Plan Rows": 33, "Plan Width": 8, "Index Cond": "(keyword_id = k.id)"}]}, {"Node Type": "Index Scan", "Parent Relationship": "Inner", "Scan Direction": "Forward", "Index Name": "title_pkey", "Relation Name": "title", "Alias": "t1", "Startup Cost": 0.0, "Total Cost": 0.31, "Plan Rows": 1, "Plan Width": 21, "Index Cond": "(id = mk.movie_id)"}]}, {"Node Type": "Index Scan", "Parent Relationship": "Inner", "Scan Direction": "Forward", "Index Name": "movie_id_movie_link", "Relation Name": "movie_link", "Alias": "ml", "Startup Cost": 0.0, "Total Cost": 0.35, "Plan Rows": 5, "Plan Width": 12, "Index Cond": "(movie_id = t1.id)"}]}]}]}, {"Node Type": "Index Scan", "Parent Relationship": "Inner", "Scan Direction": "Forward", "Index Name": "title_pkey", "Relation Name": "title", "Alias": "t2", "Startup Cost": 0.0, "Total Cost": 4.3, "Plan Rows": 1, "Plan Width": 21, "Index Cond": "(id = ml.linked_movie_id)"}]}]}, "Unique SQL Id": 524435555, "Planner Runtime": 11}, "explain_analyze_plan": {"Plan": {"Node Type": "Aggregate", "Strategy": "Plain", "Startup Cost": 3271.29, "Total Cost": 3271.3, "Plan Rows": 1, "Plan Width": 142, "Actual Startup Time": 40.989, "Actual Total Time": 40.989, "Actual Rows": 1, "Actual Loops": 1, "Plans": [{"Node Type": "Nested Loop", "Parent Relationship": "Outer", "Join Type": "Inner", "Startup Cost": 2604.2, "Total Cost": 3270.14, "Plan Rows": 154, "Plan Width": 46, "Actual Startup Time": 40.984, "Actual Total Time": 40.984, "Actual Rows": 0, "Actual Loops": 1, "Inner Unique": true, "Plans": [{"Node Type": "Merge Join", "Parent Relationship": "Outer", "Join Type": "Inner", "Startup Cost": 2604.2, "Total Cost": 2606.56, "Plan Rows": 154, "Plan Width": 33, "Actual Startup Time": 40.984, "Actual Total Time": 40.984, "Actual Rows": 0, "Actual Loops": 1, "Inner Unique": false, "Merge Cond": "(lt.id = ml.link_type_id)", "Plans": [{"Node Type": "Sort", "Parent Relationship": "Outer", "Startup Cost": 1.52, "Total Cost": 1.56, "Plan Rows": 17, "Plan Width": 16, "Actual Startup Time": 0.031, "Actual Total Time": 0.031, "Actual Rows": 1, "Actual Loops": 1, "Sort Key": ["lt.id"], "Sort Method": "quicksort", "Sort Space Used": 26, "Sort Space Type": "Memory", "Plans": [{"Node Type": "Seq Scan", "Parent Relationship": "Outer", "Relation Name": "link_type", "Alias": "lt", "Startup Cost": 0.0, "Total Cost": 1.17, "Plan Rows": 17, "Plan Width": 16, "Actual Startup Time": 0.011, "Actual Total Time": 0.015, "Actual Rows": 17, "Actual Loops": 1}]}, {"Node Type": "Sort", "Parent Relationship": "Inner", "Startup Cost": 2602.65, "Total Cost": 2603.04, "Plan Rows": 154, "Plan Width": 25, "Actual Startup Time": 40.943, "Actual Total Time": 40.943, "Actual Rows": 0, "Actual Loops": 1, "Sort Key": ["ml.link_type_id"], "Sort Method": "quicksort", "Sort Space Used": 25, "Sort Space Type": "Memory", "Plans": [{"Node Type": "Nested Loop", "Parent Relationship": "Outer", "Join Type": "Inner", "Startup Cost": 0.0, "Total Cost": 2597.06, "Plan Rows": 154, "Plan Width": 25, "Actual Startup Time": 40.94, "Actual Total Time": 40.94, "Actual Rows": 0, "Actual Loops": 1, "Inner Unique": false, "Plans": [{"Node Type": "Nested Loop", "Parent Relationship": "Outer", "Join Type": "Inner", "Startup Cost": 0.0, "Total Cost": 2583.84, "Plan Rows": 33, "Plan Width": 25, "Actual Startup Time": 40.054, "Actual Total Time": 40.935, "Actual Rows": 1, "Actual Loops": 1, "Inner Unique": true, "Plans": [{"Node Type": "Nested Loop", "Parent Relationship": "Outer", "Join Type": "Inner", "Startup Cost": 0.0, "Total Cost": 2573.32, "Plan Rows": 33, "Plan Width": 4, "Actual Startup Time": 40.043, "Actual Total Time": 40.924, "Actual Rows": 1, "Actual Loops": 1, "Inner Unique": false, "Plans": [{"Node Type": "Seq Scan", "Parent Relationship": "Outer", "Relation Name": "keyword", "Alias": "k", "Startup Cost": 0.0, "Total Cost": 2436.11, "Plan Rows": 1, "Plan Width": 4, "Actual Startup Time": 40.021, "Actual Total Time": 40.9, "Actual Rows": 1, "Actual Loops": 1, "Filter": "((keyword)::text = '10,000-mile-club'::text)", "Rows Removed by Filter": 134168}, {"Node Type": "Index Scan", "Parent Relationship": "Inner", "Scan Direction": "Forward", "Index Name": "keyword_id_movie_keyword", "Relation Name": "movie_keyword", "Alias": "mk", "Startup Cost": 0.0, "Total Cost": 136.88, "Plan Rows": 33, "Plan Width": 8, "Actual Startup Time": 0.015, "Actual Total Time": 0.016, "Actual Rows": 1, "Actual Loops": 1, "Index Cond": "(keyword_id = k.id)", "Rows Removed by Index Recheck": 0}]}, {"Node Type": "Index Scan", "Parent Relationship": "Inner", "Scan Direction": "Forward", "Index Name": "title_pkey", "Relation Name": "title", "Alias": "t1", "Startup Cost": 0.0, "Total Cost": 0.31, "Plan Rows": 1, "Plan Width": 21, "Actual Startup Time": 0.009, "Actual Total Time": 0.009, "Actual Rows": 1, "Actual Loops": 1, "Index Cond": "(id = mk.movie_id)", "Rows Removed by Index Recheck": 0}]}, {"Node Type": "Index Scan", "Parent Relationship": "Inner", "Scan Direction": "Forward", "Index Name": "movie_id_movie_link", "Relation Name": "movie_link", "Alias": "ml", "Startup Cost": 0.0, "Total Cost": 0.35, "Plan Rows": 5, "Plan Width": 12, "Actual Startup Time": 0.004, "Actual Total Time": 0.004, "Actual Rows": 0, "Actual Loops": 1, "Index Cond": "(movie_id = t1.id)", "Rows Removed by Index Recheck": 0}]}]}]}, {"Node Type": "Index Scan", "Parent Relationship": "Inner", "Scan Direction": "Forward", "Index Name": "title_pkey", "Relation Name": "title", "Alias": "t2", "Startup Cost": 0.0, "Total Cost": 4.3, "Plan Rows": 1, "Plan Width": 21, "Actual Startup Time": 0.0, "Actual Total Time": 0.0, "Index Cond": "(id = ml.linked_movie_id)", "Rows Removed by Index Recheck": 0}]}]}, "Triggers": [], "Planner Runtime": 11, "Total Runtime": 41.188, "Unique SQL Id": 524435555}}, "(1, 93)": {"explain_plan": {"Plan": {"Node Type": "Aggregate", "Strategy": "Plain", "Startup Cost": 4051.57, "Total Cost": 4051.58, "Plan Rows": 1, "Plan Width": 142, "Plans": [{"Node Type": "Nested Loop", "Parent Relationship": "Outer", "Join Type": "Inner", "Startup Cost": 0.0, "Total Cost": 4050.42, "Plan Rows": 154, "Plan Width": 46, "Inner Unique": true, "Plans": [{"Node Type": "Nested Loop", "Parent Relationship": "Outer", "Join Type": "Inner", "Startup Cost": 0.0, "Total Cost": 3386.84, "Plan Rows": 154, "Plan Width": 33, "Inner Unique": true, "Plans": [{"Node Type": "Nested Loop", "Parent Relationship": "Outer", "Join Type": "Inner", "Startup Cost": 0.0, "Total Cost": 3343.66, "Plan Rows": 154, "Plan Width": 25, "Inner Unique": false, "Plans": [{"Node Type": "Nested Loop", "Parent Relationship": "Outer", "Join Type": "Inner", "Startup Cost": 0.0, "Total Cost": 3330.45, "Plan Rows": 33, "Plan Width": 25, "Inner Unique": true, "Plans": [{"Node Type": "Nested Loop", "Parent Relationship": "Outer", "Join Type": "Inner", "Startup Cost": 0.0, "Total Cost": 3319.92, "Plan Rows": 33, "Plan Width": 4, "Inner Unique": false, "Plans": [{"Node Type": "Index Scan", "Parent Relationship": "Outer", "Scan Direction": "Forward", "Index Name": "keyword_pkey", "Relation Name": "keyword", "Alias": "k", "Startup Cost": 0.0, "Total Cost": 3182.72, "Plan Rows": 1, "Plan Width": 4, "Filter": "((keyword)::text = '10,000-mile-club'::text)"}, {"Node Type": "Index Scan", "Parent Relationship": "Inner", "Scan Direction": "Forward", "Index Name": "keyword_id_movie_keyword", "Relation Name": "movie_keyword", "Alias": "mk", "Startup Cost": 0.0, "Total Cost": 136.88, "Plan Rows": 33, "Plan Width": 8, "Index Cond": "(keyword_id = k.id)"}]}, {"Node Type": "Index Scan", "Parent Relationship": "Inner", "Scan Direction": "Forward", "Index Name": "title_pkey", "Relation Name": "title", "Alias": "t1", "Startup Cost": 0.0, "Total Cost": 0.31, "Plan Rows": 1, "Plan Width": 21, "Index Cond": "(id = mk.movie_id)"}]}, {"Node Type": "Index Scan", "Parent Relationship": "Inner", "Scan Direction": "Forward", "Index Name": "movie_id_movie_link", "Relation Name": "movie_link", "Alias": "ml", "Startup Cost": 0.0, "Total Cost": 0.35, "Plan Rows": 5, "Plan Width": 12, "Index Cond": "(movie_id = t1.id)"}]}, {"Node Type": "Index Scan", "Parent Relationship": "Inner", "Scan Direction": "Forward", "Index Name": "link_type_pkey", "Relation Name": "link_type", "Alias": "lt", "Startup Cost": 0.0, "Total Cost": 0.27, "Plan Rows": 1, "Plan Width": 16, "Index Cond": "(id = ml.link_type_id)"}]}, {"Node Type": "Index Scan", "Parent Relationship": "Inner", "Scan Direction": "Forward", "Index Name": "title_pkey", "Relation Name": "title", "Alias": "t2", "Startup Cost": 0.0, "Total Cost": 4.3, "Plan Rows": 1, "Plan Width": 21, "Index Cond": "(id = ml.linked_movie_id)"}]}]}, "Unique SQL Id": 524435555, "Planner Runtime": 11}, "explain_analyze_plan": {"Plan": {"Node Type": "Aggregate", "Strategy": "Plain", "Startup Cost": 4051.57, "Total Cost": 4051.58, "Plan Rows": 1, "Plan Width": 142, "Actual Startup Time": 116.677, "Actual Total Time": 116.678, "Actual Rows": 1, "Actual Loops": 1, "Plans": [{"Node Type": "Nested Loop", "Parent Relationship": "Outer", "Join Type": "Inner", "Startup Cost": 0.0, "Total Cost": 4050.42, "Plan Rows": 154, "Plan Width": 46, "Actual Startup Time": 116.671, "Actual Total Time": 116.671, "Actual Rows": 0, "Actual Loops": 1, "Inner Unique": true, "Plans": [{"Node Type": "Nested Loop", "Parent Relationship": "Outer", "Join Type": "Inner", "Startup Cost": 0.0, "Total Cost": 3386.84, "Plan Rows": 154, "Plan Width": 33, "Actual Startup Time": 116.668, "Actual Total Time": 116.668, "Actual Rows": 0, "Actual Loops": 1, "Inner Unique": true, "Plans": [{"Node Type": "Nested Loop", "Parent Relationship": "Outer", "Join Type": "Inner", "Startup Cost": 0.0, "Total Cost": 3343.66, "Plan Rows": 154, "Plan Width": 25, "Actual Startup Time": 116.667, "Actual Total Time": 116.667, "Actual Rows": 0, "Actual Loops": 1, "Inner Unique": false, "Plans": [{"Node Type": "Nested Loop", "Parent Relationship": "Outer", "Join Type": "Inner", "Startup Cost": 0.0, "Total Cost": 3330.45, "Plan Rows": 33, "Plan Width": 25, "Actual Startup Time": 114.781, "Actual Total Time": 116.653, "Actual Rows": 1, "Actual Loops": 1, "Inner Unique": true, "Plans": [{"Node Type": "Nested Loop", "Parent Relationship": "Outer", "Join Type": "Inner", "Startup Cost": 0.0, "Total Cost": 3319.92, "Plan Rows": 33, "Plan Width": 4, "Actual Startup Time": 114.757, "Actual Total Time": 116.628, "Actual Rows": 1, "Actual Loops": 1, "Inner Unique": false, "Plans": [{"Node Type": "Index Scan", "Parent Relationship": "Outer", "Scan Direction": "Forward", "Index Name": "keyword_pkey", "Relation Name": "keyword", "Alias": "k", "Startup Cost": 0.0, "Total Cost": 3182.72, "Plan Rows": 1, "Plan Width": 4, "Actual Startup Time": 114.722, "Actual Total Time": 116.591, "Actual Rows": 1, "Actual Loops": 1, "Filter": "((keyword)::text = '10,000-mile-club'::text)", "Rows Removed by Filter": 134168}, {"Node Type": "Index Scan", "Parent Relationship": "Inner", "Scan Direction": "Forward", "Index Name": "keyword_id_movie_keyword", "Relation Name": "movie_keyword", "Alias": "mk", "Startup Cost": 0.0, "Total Cost": 136.88, "Plan Rows": 33, "Plan Width": 8, "Actual Startup Time": 0.023, "Actual Total Time": 0.023, "Actual Rows": 1, "Actual Loops": 1, "Index Cond": "(keyword_id = k.id)", "Rows Removed by Index Recheck": 0}]}, {"Node Type": "Index Scan", "Parent Relationship": "Inner", "Scan Direction": "Forward", "Index Name": "title_pkey", "Relation Name": "title", "Alias": "t1", "Startup Cost": 0.0, "Total Cost": 0.31, "Plan Rows": 1, "Plan Width": 21, "Actual Startup Time": 0.017, "Actual Total Time": 0.017, "Actual Rows": 1, "Actual Loops": 1, "Index Cond": "(id = mk.movie_id)", "Rows Removed by Index Recheck": 0}]}, {"Node Type": "Index Scan", "Parent Relationship": "Inner", "Scan Direction": "Forward", "Index Name": "movie_id_movie_link", "Relation Name": "movie_link", "Alias": "ml", "Startup Cost": 0.0, "Total Cost": 0.35, "Plan Rows": 5, "Plan Width": 12, "Actual Startup Time": 0.009, "Actual Total Time": 0.009, "Actual Rows": 0, "Actual Loops": 1, "Index Cond": "(movie_id = t1.id)", "Rows Removed by Index Recheck": 0}]}, {"Node Type": "Index Scan", "Parent Relationship": "Inner", "Scan Direction": "Forward", "Index Name": "link_type_pkey", "Relation Name": "link_type", "Alias": "lt", "Startup Cost": 0.0, "Total Cost": 0.27, "Plan Rows": 1, "Plan Width": 16, "Actual Startup Time": 0.0, "Actual Total Time": 0.0, "Index Cond": "(id = ml.link_type_id)", "Rows Removed by Index Recheck": 0}]}, {"Node Type": "Index Scan", "Parent Relationship": "Inner", "Scan Direction": "Forward", "Index Name": "title_pkey", "Relation Name": "title", "Alias": "t2", "Startup Cost": 0.0, "Total Cost": 4.3, "Plan Rows": 1, "Plan Width": 21, "Actual Startup Time": 0.0, "Actual Total Time": 0.0, "Index Cond": "(id = ml.linked_movie_id)", "Rows Removed by Index Recheck": 0}]}]}, "Triggers": [], "Planner Runtime": 2, "Total Runtime": 116.955, "Unique SQL Id": 524435555}}, "(1, 94)": {"explain_plan": {"Plan": {"Node Type": "Aggregate", "Strategy": "Plain", "Startup Cost": 1261727.21, "Total Cost": 1261727.22, "Plan Rows": 1, "Plan Width": 142, "Plans": [{"Node Type": "Merge Join", "Parent Relationship": "Outer", "Join Type": "Inner", "Startup Cost": 1249099.28, "Total Cost": 1261726.05, "Plan Rows": 154, "Plan Width": 46, "Inner Unique": true, "Merge Cond": "(ml.linked_movie_id = t2.id)", "Plans": [{"Node Type": "Sort", "Parent Relationship": "Outer", "Startup Cost": 920146.01, "Total Cost": 920146.39, "Plan Rows": 154, "Plan Width": 33, "Sort Key": ["ml.linked_movie_id"], "Plans": [{"Node Type": "Merge Join", "Parent Relationship": "Outer", "Join Type": "Inner", "Startup Cost": 920138.05, "Total Cost": 920140.41, "Plan Rows": 154, "Plan Width": 33, "Inner Unique": false, "Merge Cond": "(lt.id = ml.link_type_id)", "Plans": [{"Node Type": "Sort", "Parent Relationship": "Outer", "Startup Cost": 1.52, "Total Cost": 1.56, "Plan Rows": 17, "Plan Width": 16, "Sort Key": ["lt.id"], "Plans": [{"Node Type": "Seq Scan", "Parent Relationship": "Outer", "Relation Name": "link_type", "Alias": "lt", "Startup Cost": 0.0, "Total Cost": 1.17, "Plan Rows": 17, "Plan Width": 16}]}, {"Node Type": "Sort", "Parent Relationship": "Inner", "Startup Cost": 920136.5, "Total Cost": 920136.89, "Plan Rows": 154, "Plan Width": 25, "Sort Key": ["ml.link_type_id"], "Plans": [{"Node Type": "Merge Join", "Parent Relationship": "Outer", "Join Type": "Inner", "Startup Cost": 919214.04, "Total Cost": 920130.91, "Plan Rows": 154, "Plan Width": 25, "Inner Unique": false, "Merge Cond": "(t1.id = ml.movie_id)", "Plans": [{"Node Type": "Merge Join", "Parent Relationship": "Outer", "Join Type": "Inner", "Startup Cost": 916552.51, "Total Cost": 929180.6, "Plan Rows": 33, "Plan Width": 25, "Inner Unique": true, "Merge Cond": "(mk.movie_id = t1.id)", "Plans": [{"Node Type": "Sort", "Parent Relationship": "Outer", "Startup Cost": 587599.24, "Total Cost": 587599.32, "Plan Rows": 33, "Plan Width": 4, "Sort Key": ["mk.movie_id"], "Plans": [{"Node Type": "Merge Join", "Parent Relationship": "Outer", "Join Type": "Inner", "Startup Cost": 564978.42, "Total Cost": 587598.4, "Plan Rows": 33, "Plan Width": 4, "Inner Unique": false, "Merge Cond": "(k.id = mk.keyword_id)", "Plans": [{"Node Type": "Sort", "Parent Relationship": "Outer", "Startup Cost": 2436.12, "Total Cost": 2436.13, "Plan Rows": 1, "Plan Width": 4, "Sort Key": ["k.id"], "Plans": [{"Node Type": "Seq Scan", "Parent Relationship": "Outer", "Relation Name": "keyword", "Alias": "k", "Startup Cost": 0.0, "Total Cost": 2436.11, "Plan Rows": 1, "Plan Width": 4, "Filter": "((keyword)::text = '10,000-mile-club'::text)"}]}, {"Node Type": "Sort", "Parent Relationship": "Inner", "Startup Cost": 562542.3, "Total Cost": 573852.12, "Plan Rows": 4523929, "Plan Width": 8, "Sort Key": ["mk.keyword_id"], "Plans": [{"Node Type": "Seq Scan", "Parent Relationship": "Outer", "Relation Name": "movie_keyword", "Alias": "mk", "Startup Cost": 0.0, "Total Cost": 62441.29, "Plan Rows": 4523929, "Plan Width": 8}]}]}]}, {"Node Type": "Sort", "Parent Relationship": "Inner", "Startup Cost": 328951.73, "Total Cost": 335272.51, "Plan Rows": 2528311, "Plan Width": 21, "Sort Key": ["t1.id"], "Plans": [{"Node Type": "Seq Scan", "Parent Relationship": "Outer", "Relation Name": "title", "Alias": "t1", "Startup Cost": 0.0, "Total Cost": 60069.11, "Plan Rows": 2528311, "Plan Width": 21}]}]}, {"Node Type": "Sort", "Parent Relationship": "Inner", "Startup Cost": 2661.53, "Total Cost": 2736.52, "Plan Rows": 29996, "Plan Width": 12, "Sort Key": ["ml.movie_id"], "Plans": [{"Node Type": "Seq Scan", "Parent Relationship": "Outer", "Relation Name": "movie_link", "Alias": "ml", "Startup Cost": 0.0, "Total Cost": 430.96, "Plan Rows": 29996, "Plan Width": 12}]}]}]}]}]}, {"Node Type": "Sort", "Parent Relationship": "Inner", "Startup Cost": 328951.73, "Total Cost": 335272.51, "Plan Rows": 2528311, "Plan Width": 21, "Sort Key": ["t2.id"], "Plans": [{"Node Type": "Seq Scan", "Parent Relationship": "Outer", "Relation Name": "title", "Alias": "t2", "Startup Cost": 0.0, "Total Cost": 60069.11, "Plan Rows": 2528311, "Plan Width": 21}]}]}]}, "Unique SQL Id": 524435555, "Planner Runtime": 8}, "explain_analyze_plan": null}, "(1, 95)": {"explain_plan": {"Plan": {"Node Type": "Aggregate", "Strategy": "Plain", "Startup Cost": 4103059849846.31, "Total Cost": 4103059849846.32, "Plan Rows": 1, "Plan Width": 142, "Plans": [{"Node Type": "Merge Join", "Parent Relationship": "Outer", "Join Type": "Inner", "Startup Cost": 3114387609681.93, "Total Cost": 4103059849845.16, "Plan Rows": 154, "Plan Width": 46, "Inner Unique": true, "Merge Cond": "(ml.linked_movie_id = t2.id)", "Plans": [{"Node Type": "Sort", "Parent Relationship": "Outer", "Startup Cost": 3104266614517.7, "Total Cost": 3104266614518.08, "Plan Rows": 154, "Plan Width": 33, "Sort Key": ["ml.linked_movie_id"], "Plans": [{"Node Type": "Merge Join", "Parent Relationship": "Outer", "Join Type": "Inner", "Startup Cost": 2114266295033.63, "Total Cost": 3104266614512.1, "Plan Rows": 154, "Plan Width": 33, "Inner Unique": true, "Merge Cond": "(mk.keyword_id = k.id)", "Plans": [{"Node Type": "Sort", "Parent Relationship": "Outer", "Startup Cost": 2104266295033.63, "Total Cost": 2104266295636.98, "Plan Rows": 241339, "Plan Width": 37, "Sort Key": ["mk.keyword_id"], "Plans": [{"Node Type": "Merge Join", "Parent Relationship": "Outer", "Join Type": "Inner", "Startup Cost": 1172501562824.25, "Total Cost": 2104266273457.08, "Plan Rows": 241339, "Plan Width": 37, "Inner Unique": false, "Merge Cond": "(lt.id = ml.link_type_id)", "Plans": [{"Node Type": "Index Scan", "Parent Relationship": "Outer", "Scan Direction": "Forward", "Index Name": "link_type_pkey", "Relation Name": "link_type", "Alias": "lt", "Startup Cost": 10000000000.0, "Total Cost": 1000000001250.5, "Plan Rows": 17, "Plan Width": 16}, {"Node Type": "Sort", "Parent Relationship": "Inner", "Startup Cost": 1162501562777.66, "Total Cost": 1162501563381.01, "Plan Rows": 241339, "Plan Width": 29, "Sort Key": ["ml.link_type_id"], "Plans": [{"Node Type": "Merge Join", "Parent Relationship": "Outer", "Join Type": "Inner", "Startup Cost": 30162989099.11, "Total Cost": 1162501541201.11, "Plan Rows": 241339, "Plan Width": 29, "Inner Unique": false, "Merge Cond": "(t1.id = ml.movie_id)", "Plans": [{"Node Type": "Merge Join", "Parent Relationship": "Outer", "Join Type": "Inner", "Startup Cost": 20120995164.23, "Total Cost": 1999054106967.89, "Plan Rows": 4523929, "Plan Width": 29, "Inner Unique": false, "Merge Cond": "(t1.id = mk.movie_id)", "Plans": [{"Node Type": "Index Scan", "Parent Relationship": "Outer", "Scan Direction": "Forward", "Index Name": "title_pkey", "Relation Name": "title", "Alias": "t1", "Startup Cost": 10000000000.0, "Total Cost": 1000011012048.91, "Plan Rows": 2528311, "Plan Width": 21}, {"Node Type": "Index Scan", "Parent Relationship": "Inner", "Scan Direction": "Forward", "Index Name": "movie_id_movie_keyword", "Relation Name": "movie_keyword", "Alias": "mk", "Startup Cost": 10000000000.0, "Total Cost": 1000015300634.17, "Plan Rows": 4523929, "Plan Width": 8}]}, {"Node Type": "Materialize", "Parent Relationship": "Inner", "Startup Cost": 10000000000.0, "Total Cost": 1000000106277.36, "Plan Rows": 29996, "Plan Width": 12, "Plans": [{"Node Type": "Index Scan", "Parent Relationship": "Outer", "Scan Direction": "Forward", "Index Name": "movie_id_movie_link", "Relation Name": "movie_link", "Alias": "ml", "Startup Cost": 10000000000.0, "Total Cost": 1000000106202.37, "Plan Rows": 29996, "Plan Width": 12}]}]}]}]}]}, {"Node Type": "Materialize", "Parent Relationship": "Inner", "Startup Cost": 10000000000.0, "Total Cost": 1000000318271.69, "Plan Rows": 1, "Plan Width": 4, "Plans": [{"Node Type": "Index Scan", "Parent Relationship": "Outer", "Scan Direction": "Forward", "Index Name": "keyword_pkey", "Relation Name": "keyword", "Alias": "k", "Startup Cost": 10000000000.0, "Total Cost": 1000000318271.68, "Plan Rows": 1, "Plan Width": 4, "Filter": "((keyword)::text = '10,000-mile-club'::text)"}]}]}]}, {"Node Type": "Index Scan", "Parent Relationship": "Inner", "Scan Direction": "Forward", "Index Name": "title_pkey", "Relation Name": "title", "Alias": "t2", "Startup Cost": 10000000000.0, "Total Cost": 1000011012048.91, "Plan Rows": 2528311, "Plan Width": 21}]}]}, "Unique SQL Id": 524435555, "Planner Runtime": 14}, "explain_analyze_plan": null}, "(1, 96)": {"explain_plan": {"Plan": {"Node Type": "Aggregate", "Strategy": "Plain", "Startup Cost": 3260.82, "Total Cost": 3260.83, "Plan Rows": 1, "Plan Width": 142, "Plans": [{"Node Type": "Nested Loop", "Parent Relationship": "Outer", "Join Type": "Inner", "Startup Cost": 5.89, "Total Cost": 3259.66, "Plan Rows": 154, "Plan Width": 46, "Inner Unique": true, "Plans": [{"Node Type": "Hash Join", "Parent Relationship": "Outer", "Join Type": "Inner", "Startup Cost": 5.89, "Total Cost": 2596.09, "Plan Rows": 154, "Plan Width": 33, "Inner Unique": true, "Hash Cond": "(ml.link_type_id = lt.id)", "Plans": [{"Node Type": "Nested Loop", "Parent Relationship": "Outer", "Join Type": "Inner", "Startup Cost": 4.51, "Total Cost": 2592.76, "Plan Rows": 154, "Plan Width": 25, "Inner Unique": false, "Plans": [{"Node Type": "Nested Loop", "Parent Relationship": "Outer", "Join Type": "Inner", "Startup Cost": 4.51, "Total Cost": 2579.55, "Plan Rows": 33, "Plan Width": 25, "Inner Unique": true, "Plans": [{"Node Type": "Nested Loop", "Parent Relationship": "Outer", "Join Type": "Inner", "Startup Cost": 4.51, "Total Cost": 2569.02, "Plan Rows": 33, "Plan Width": 4, "Inner Unique": false, "Plans": [{"Node Type": "Seq Scan", "Parent Relationship": "Outer", "Relation Name": "keyword", "Alias": "k", "Startup Cost": 0.0, "Total Cost": 2436.11, "Plan Rows": 1, "Plan Width": 4, "Filter": "((keyword)::text = '10,000-mile-club'::text)"}, {"Node Type": "Bitmap Heap Scan", "Parent Relationship": "Inner", "Relation Name": "movie_keyword", "Alias": "mk", "Startup Cost": 4.51, "Total Cost": 132.58, "Plan Rows": 33, "Plan Width": 8, "Recheck Cond": "(keyword_id = k.id)", "Plans": [{"Node Type": "Bitmap Index Scan", "Parent Relationship": "Outer", "Index Name": "keyword_id_movie_keyword", "Startup Cost": 0.0, "Total Cost": 4.5, "Plan Rows": 33, "Plan Width": 0, "Index Cond": "(keyword_id = k.id)"}]}]}, {"Node Type": "Index Scan", "Parent Relationship": "Inner", "Scan Direction": "Forward", "Index Name": "title_pkey", "Relation Name": "title", "Alias": "t1", "Startup Cost": 0.0, "Total Cost": 0.31, "Plan Rows": 1, "Plan Width": 21, "Index Cond": "(id = mk.movie_id)"}]}, {"Node Type": "Index Scan", "Parent Relationship": "Inner", "Scan Direction": "Forward", "Index Name": "movie_id_movie_link", "Relation Name": "movie_link", "Alias": "ml", "Startup Cost": 0.0, "Total Cost": 0.35, "Plan Rows": 5, "Plan Width": 12, "Index Cond": "(movie_id = t1.id)"}]}, {"Node Type": "Hash", "Parent Relationship": "Inner", "Startup Cost": 1.17, "Total Cost": 1.17, "Plan Rows": 17, "Plan Width": 16, "Plans": [{"Node Type": "Seq Scan", "Parent Relationship": "Outer", "Relation Name": "link_type", "Alias": "lt", "Startup Cost": 0.0, "Total Cost": 1.17, "Plan Rows": 17, "Plan Width": 16}]}]}, {"Node Type": "Index Scan", "Parent Relationship": "Inner", "Scan Direction": "Forward", "Index Name": "title_pkey", "Relation Name": "title", "Alias": "t2", "Startup Cost": 0.0, "Total Cost": 4.3, "Plan Rows": 1, "Plan Width": 21, "Index Cond": "(id = ml.linked_movie_id)"}]}]}, "Unique SQL Id": 524435555, "Planner Runtime": 5}, "explain_analyze_plan": {"Plan": {"Node Type": "Aggregate", "Strategy": "Plain", "Startup Cost": 3260.82, "Total Cost": 3260.83, "Plan Rows": 1, "Plan Width": 142, "Actual Startup Time": 41.918, "Actual Total Time": 41.918, "Actual Rows": 1, "Actual Loops": 1, "Plans": [{"Node Type": "Nested Loop", "Parent Relationship": "Outer", "Join Type": "Inner", "Startup Cost": 5.89, "Total Cost": 3259.66, "Plan Rows": 154, "Plan Width": 46, "Actual Startup Time": 41.91, "Actual Total Time": 41.91, "Actual Rows": 0, "Actual Loops": 1, "Inner Unique": true, "Plans": [{"Node Type": "Hash Join", "Parent Relationship": "Outer", "Join Type": "Inner", "Startup Cost": 5.89, "Total Cost": 2596.09, "Plan Rows": 154, "Plan Width": 33, "Actual Startup Time": 41.883, "Actual Total Time": 41.883, "Actual Rows": 0, "Actual Loops": 1, "Inner Unique": true, "Hash Cond": "(ml.link_type_id = lt.id)", "Plans": [{"Node Type": "Nested Loop", "Parent Relationship": "Outer", "Join Type": "Inner", "Startup Cost": 4.51, "Total Cost": 2592.76, "Plan Rows": 154, "Plan Width": 25, "Actual Startup Time": 41.806, "Actual Total Time": 41.806, "Actual Rows": 0, "Actual Loops": 1, "Inner Unique": false, "Plans": [{"Node Type": "Nested Loop", "Parent Relationship": "Outer", "Join Type": "Inner", "Startup Cost": 4.51, "Total Cost": 2579.55, "Plan Rows": 33, "Plan Width": 25, "Actual Startup Time": 40.914, "Actual Total Time": 41.8, "Actual Rows": 1, "Actual Loops": 1, "Inner Unique": true, "Plans": [{"Node Type": "Nested Loop", "Parent Relationship": "Outer", "Join Type": "Inner", "Startup Cost": 4.51, "Total Cost": 2569.02, "Plan Rows": 33, "Plan Width": 4, "Actual Startup Time": 40.9, "Actual Total Time": 41.786, "Actual Rows": 1, "Actual Loops": 1, "Inner Unique": false, "Plans": [{"Node Type": "Seq Scan", "Parent Relationship": "Outer", "Relation Name": "keyword", "Alias": "k", "Startup Cost": 0.0, "Total Cost": 2436.11, "Plan Rows": 1, "Plan Width": 4, "Actual Startup Time": 40.866, "Actual Total Time": 41.751, "Actual Rows": 1, "Actual Loops": 1, "Filter": "((keyword)::text = '10,000-mile-club'::text)", "Rows Removed by Filter": 134168}, {"Node Type": "Bitmap Heap Scan", "Parent Relationship": "Inner", "Relation Name": "movie_keyword", "Alias": "mk", "Startup Cost": 4.51, "Total Cost": 132.58, "Plan Rows": 33, "Plan Width": 8, "Actual Startup Time": 0.027, "Actual Total Time": 0.028, "Actual Rows": 1, "Actual Loops": 1, "Recheck Cond": "(keyword_id = k.id)", "Rows Removed by Index Recheck": 0, "Exact Heap Blocks": 1, "Lossy Heap Blocks": 1, "Plans": [{"Node Type": "Bitmap Index Scan", "Parent Relationship": "Outer", "Index Name": "keyword_id_movie_keyword", "Startup Cost": 0.0, "Total Cost": 4.5, "Plan Rows": 33, "Plan Width": 0, "Actual Startup Time": 0.016, "Actual Total Time": 0.016, "Actual Rows": 1, "Actual Loops": 1, "Index Cond": "(keyword_id = k.id)"}]}]}, {"Node Type": "Index Scan", "Parent Relationship": "Inner", "Scan Direction": "Forward", "Index Name": "title_pkey", "Relation Name": "title", "Alias": "t1", "Startup Cost": 0.0, "Total Cost": 0.31, "Plan Rows": 1, "Plan Width": 21, "Actual Startup Time": 0.012, "Actual Total Time": 0.012, "Actual Rows": 1, "Actual Loops": 1, "Index Cond": "(id = mk.movie_id)", "Rows Removed by Index Recheck": 0}]}, {"Node Type": "Index Scan", "Parent Relationship": "Inner", "Scan Direction": "Forward", "Index Name": "movie_id_movie_link", "Relation Name": "movie_link", "Alias": "ml", "Startup Cost": 0.0, "Total Cost": 0.35, "Plan Rows": 5, "Plan Width": 12, "Actual Startup Time": 0.003, "Actual Total Time": 0.003, "Actual Rows": 0, "Actual Loops": 1, "Index Cond": "(movie_id = t1.id)", "Rows Removed by Index Recheck": 0}]}, {"Node Type": "Hash", "Parent Relationship": "Inner", "Startup Cost": 1.17, "Total Cost": 1.17, "Plan Rows": 17, "Plan Width": 16, "Actual Startup Time": 0.037, "Actual Total Time": 0.037, "Actual Rows": 17, "Actual Loops": 1, "Hash Buckets": 32768, "Hash Batches": 1, "Original Hash Batches": 1, "Peak Memory Usage": 1, "Plans": [{"Node Type": "Seq Scan", "Parent Relationship": "Outer", "Relation Name": "link_type", "Alias": "lt", "Startup Cost": 0.0, "Total Cost": 1.17, "Plan Rows": 17, "Plan Width": 16, "Actual Startup Time": 0.017, "Actual Total Time": 0.023, "Actual Rows": 17, "Actual Loops": 1}]}]}, {"Node Type": "Index Scan", "Parent Relationship": "Inner", "Scan Direction": "Forward", "Index Name": "title_pkey", "Relation Name": "title", "Alias": "t2", "Startup Cost": 0.0, "Total Cost": 4.3, "Plan Rows": 1, "Plan Width": 21, "Actual Startup Time": 0.0, "Actual Total Time": 0.0, "Index Cond": "(id = ml.linked_movie_id)", "Rows Removed by Index Recheck": 0}]}]}, "Triggers": [], "Planner Runtime": 5, "Total Runtime": 42.159, "Unique SQL Id": 524435555}}, "(1, 97)": {"explain_plan": {"Plan": {"Node Type": "Aggregate", "Strategy": "Plain", "Startup Cost": 4047.28, "Total Cost": 4047.29, "Plan Rows": 1, "Plan Width": 142, "Plans": [{"Node Type": "Nested Loop", "Parent Relationship": "Outer", "Join Type": "Inner", "Startup Cost": 4.51, "Total Cost": 4046.12, "Plan Rows": 154, "Plan Width": 46, "Inner Unique": true, "Plans": [{"Node Type": "Nested Loop", "Parent Relationship": "Outer", "Join Type": "Inner", "Startup Cost": 4.51, "Total Cost": 3382.55, "Plan Rows": 154, "Plan Width": 33, "Inner Unique": true, "Plans": [{"Node Type": "Nested Loop", "Parent Relationship": "Outer", "Join Type": "Inner", "Startup Cost": 4.51, "Total Cost": 3339.37, "Plan Rows": 154, "Plan Width": 25, "Inner Unique": false, "Plans": [{"Node Type": "Nested Loop", "Parent Relationship": "Outer", "Join Type": "Inner", "Startup Cost": 4.51, "Total Cost": 3326.15, "Plan Rows": 33, "Plan Width": 25, "Inner Unique": true, "Plans": [{"Node Type": "Nested Loop", "Parent Relationship": "Outer", "Join Type": "Inner", "Startup Cost": 4.51, "Total Cost": 3315.63, "Plan Rows": 33, "Plan Width": 4, "Inner Unique": false, "Plans": [{"Node Type": "Index Scan", "Parent Relationship": "Outer", "Scan Direction": "Forward", "Index Name": "keyword_pkey", "Relation Name": "keyword", "Alias": "k", "Startup Cost": 0.0, "Total Cost": 3182.72, "Plan Rows": 1, "Plan Width": 4, "Filter": "((keyword)::text = '10,000-mile-club'::text)"}, {"Node Type": "Bitmap Heap Scan", "Parent Relationship": "Inner", "Relation Name": "movie_keyword", "Alias": "mk", "Startup Cost": 4.51, "Total Cost": 132.58, "Plan Rows": 33, "Plan Width": 8, "Recheck Cond": "(keyword_id = k.id)", "Plans": [{"Node Type": "Bitmap Index Scan", "Parent Relationship": "Outer", "Index Name": "keyword_id_movie_keyword", "Startup Cost": 0.0, "Total Cost": 4.5, "Plan Rows": 33, "Plan Width": 0, "Index Cond": "(keyword_id = k.id)"}]}]}, {"Node Type": "Index Scan", "Parent Relationship": "Inner", "Scan Direction": "Forward", "Index Name": "title_pkey", "Relation Name": "title", "Alias": "t1", "Startup Cost": 0.0, "Total Cost": 0.31, "Plan Rows": 1, "Plan Width": 21, "Index Cond": "(id = mk.movie_id)"}]}, {"Node Type": "Index Scan", "Parent Relationship": "Inner", "Scan Direction": "Forward", "Index Name": "movie_id_movie_link", "Relation Name": "movie_link", "Alias": "ml", "Startup Cost": 0.0, "Total Cost": 0.35, "Plan Rows": 5, "Plan Width": 12, "Index Cond": "(movie_id = t1.id)"}]}, {"Node Type": "Index Scan", "Parent Relationship": "Inner", "Scan Direction": "Forward", "Index Name": "link_type_pkey", "Relation Name": "link_type", "Alias": "lt", "Startup Cost": 0.0, "Total Cost": 0.27, "Plan Rows": 1, "Plan Width": 16, "Index Cond": "(id = ml.link_type_id)"}]}, {"Node Type": "Index Scan", "Parent Relationship": "Inner", "Scan Direction": "Forward", "Index Name": "title_pkey", "Relation Name": "title", "Alias": "t2", "Startup Cost": 0.0, "Total Cost": 4.3, "Plan Rows": 1, "Plan Width": 21, "Index Cond": "(id = ml.linked_movie_id)"}]}]}, "Unique SQL Id": 524435555, "Planner Runtime": 2}, "explain_analyze_plan": {"Plan": {"Node Type": "Aggregate", "Strategy": "Plain", "Startup Cost": 4047.28, "Total Cost": 4047.29, "Plan Rows": 1, "Plan Width": 142, "Actual Startup Time": 119.675, "Actual Total Time": 119.675, "Actual Rows": 1, "Actual Loops": 1, "Plans": [{"Node Type": "Nested Loop", "Parent Relationship": "Outer", "Join Type": "Inner", "Startup Cost": 4.51, "Total Cost": 4046.12, "Plan Rows": 154, "Plan Width": 46, "Actual Startup Time": 119.669, "Actual Total Time": 119.669, "Actual Rows": 0, "Actual Loops": 1, "Inner Unique": true, "Plans": [{"Node Type": "Nested Loop", "Parent Relationship": "Outer", "Join Type": "Inner", "Startup Cost": 4.51, "Total Cost": 3382.55, "Plan Rows": 154, "Plan Width": 33, "Actual Startup Time": 119.668, "Actual Total Time": 119.668, "Actual Rows": 0, "Actual Loops": 1, "Inner Unique": true, "Plans": [{"Node Type": "Nested Loop", "Parent Relationship": "Outer", "Join Type": "Inner", "Startup Cost": 4.51, "Total Cost": 3339.37, "Plan Rows": 154, "Plan Width": 25, "Actual Startup Time": 119.668, "Actual Total Time": 119.668, "Actual Rows": 0, "Actual Loops": 1, "Inner Unique": false, "Plans": [{"Node Type": "Nested Loop", "Parent Relationship": "Outer", "Join Type": "Inner", "Startup Cost": 4.51, "Total Cost": 3326.15, "Plan Rows": 33, "Plan Width": 25, "Actual Startup Time": 117.759, "Actual Total Time": 119.662, "Actual Rows": 1, "Actual Loops": 1, "Inner Unique": true, "Plans": [{"Node Type": "Nested Loop", "Parent Relationship": "Outer", "Join Type": "Inner", "Startup Cost": 4.51, "Total Cost": 3315.63, "Plan Rows": 33, "Plan Width": 4, "Actual Startup Time": 117.744, "Actual Total Time": 119.646, "Actual Rows": 1, "Actual Loops": 1, "Inner Unique": false, "Plans": [{"Node Type": "Index Scan", "Parent Relationship": "Outer", "Scan Direction": "Forward", "Index Name": "keyword_pkey", "Relation Name": "keyword", "Alias": "k", "Startup Cost": 0.0, "Total Cost": 3182.72, "Plan Rows": 1, "Plan Width": 4, "Actual Startup Time": 117.697, "Actual Total Time": 119.597, "Actual Rows": 1, "Actual Loops": 1, "Filter": "((keyword)::text = '10,000-mile-club'::text)", "Rows Removed by Filter": 134168}, {"Node Type": "Bitmap Heap Scan", "Parent Relationship": "Inner", "Relation Name": "movie_keyword", "Alias": "mk", "Startup Cost": 4.51, "Total Cost": 132.58, "Plan Rows": 33, "Plan Width": 8, "Actual Startup Time": 0.032, "Actual Total Time": 0.033, "Actual Rows": 1, "Actual Loops": 1, "Recheck Cond": "(keyword_id = k.id)", "Rows Removed by Index Recheck": 0, "Exact Heap Blocks": 1, "Lossy Heap Blocks": 1, "Plans": [{"Node Type": "Bitmap Index Scan", "Parent Relationship": "Outer", "Index Name": "keyword_id_movie_keyword", "Startup Cost": 0.0, "Total Cost": 4.5, "Plan Rows": 33, "Plan Width": 0, "Actual Startup Time": 0.018, "Actual Total Time": 0.018, "Actual Rows": 1, "Actual Loops": 1, "Index Cond": "(keyword_id = k.id)"}]}]}, {"Node Type": "Index Scan", "Parent Relationship": "Inner", "Scan Direction": "Forward", "Index Name": "title_pkey", "Relation Name": "title", "Alias": "t1", "Startup Cost": 0.0, "Total Cost": 0.31, "Plan Rows": 1, "Plan Width": 21, "Actual Startup Time": 0.011, "Actual Total Time": 0.011, "Actual Rows": 1, "Actual Loops": 1, "Index Cond": "(id = mk.movie_id)", "Rows Removed by Index Recheck": 0}]}, {"Node Type": "Index Scan", "Parent Relationship": "Inner", "Scan Direction": "Forward", "Index Name": "movie_id_movie_link", "Relation Name": "movie_link", "Alias": "ml", "Startup Cost": 0.0, "Total Cost": 0.35, "Plan Rows": 5, "Plan Width": 12, "Actual Startup Time": 0.003, "Actual Total Time": 0.003, "Actual Rows": 0, "Actual Loops": 1, "Index Cond": "(movie_id = t1.id)", "Rows Removed by Index Recheck": 0}]}, {"Node Type": "Index Scan", "Parent Relationship": "Inner", "Scan Direction": "Forward", "Index Name": "link_type_pkey", "Relation Name": "link_type", "Alias": "lt", "Startup Cost": 0.0, "Total Cost": 0.27, "Plan Rows": 1, "Plan Width": 16, "Actual Startup Time": 0.0, "Actual Total Time": 0.0, "Index Cond": "(id = ml.link_type_id)", "Rows Removed by Index Recheck": 0}]}, {"Node Type": "Index Scan", "Parent Relationship": "Inner", "Scan Direction": "Forward", "Index Name": "title_pkey", "Relation Name": "title", "Alias": "t2", "Startup Cost": 0.0, "Total Cost": 4.3, "Plan Rows": 1, "Plan Width": 21, "Actual Startup Time": 0.0, "Actual Total Time": 0.0, "Index Cond": "(id = ml.linked_movie_id)", "Rows Removed by Index Recheck": 0}]}]}, "Triggers": [], "Planner Runtime": 2, "Total Runtime": 119.92, "Unique SQL Id": 524435555}}, "(1, 98)": {"explain_plan": {"Plan": {"Node Type": "Aggregate", "Strategy": "Plain", "Startup Cost": 3709.86, "Total Cost": 3709.87, "Plan Rows": 1, "Plan Width": 142, "Plans": [{"Node Type": "Nested Loop", "Parent Relationship": "Outer", "Join Type": "Inner", "Startup Cost": 7.93, "Total Cost": 3708.7, "Plan Rows": 154, "Plan Width": 46, "Inner Unique": true, "Plans": [{"Node Type": "Hash Join", "Parent Relationship": "Outer", "Join Type": "Inner", "Startup Cost": 6.44, "Total Cost": 2859.52, "Plan Rows": 154, "Plan Width": 33, "Inner Unique": true, "Hash Cond": "(ml.link_type_id = lt.id)", "Plans": [{"Node Type": "Nested Loop", "Parent Relationship": "Outer", "Join Type": "Inner", "Startup Cost": 5.06, "Total Cost": 2856.2, "Plan Rows": 154, "Plan Width": 25, "Inner Unique": false, "Join Filter": "(t1.id = ml.movie_id)", "Plans": [{"Node Type": "Nested Loop", "Parent Relationship": "Outer", "Join Type": "Inner", "Startup Cost": 4.77, "Total Cost": 2710.54, "Plan Rows": 33, "Plan Width": 25, "Inner Unique": true, "Plans": [{"Node Type": "Nested Loop", "Parent Relationship": "Outer", "Join Type": "Inner", "Startup Cost": 4.51, "Total Cost": 2569.02, "Plan Rows": 33, "Plan Width": 4, "Inner Unique": false, "Plans": [{"Node Type": "Seq Scan", "Parent Relationship": "Outer", "Relation Name": "keyword", "Alias": "k", "Startup Cost": 0.0, "Total Cost": 2436.11, "Plan Rows": 1, "Plan Width": 4, "Filter": "((keyword)::text = '10,000-mile-club'::text)"}, {"Node Type": "Bitmap Heap Scan", "Parent Relationship": "Inner", "Relation Name": "movie_keyword", "Alias": "mk", "Startup Cost": 4.51, "Total Cost": 132.58, "Plan Rows": 33, "Plan Width": 8, "Recheck Cond": "(keyword_id = k.id)", "Plans": [{"Node Type": "Bitmap Index Scan", "Parent Relationship": "Outer", "Index Name": "keyword_id_movie_keyword", "Startup Cost": 0.0, "Total Cost": 4.5, "Plan Rows": 33, "Plan Width": 0, "Index Cond": "(keyword_id = k.id)"}]}]}, {"Node Type": "Bitmap Heap Scan", "Parent Relationship": "Inner", "Relation Name": "title", "Alias": "t1", "Startup Cost": 0.27, "Total Cost": 4.28, "Plan Rows": 1, "Plan Width": 21, "Recheck Cond": "(id = mk.movie_id)", "Plans": [{"Node Type": "Bitmap Index Scan", "Parent Relationship": "Outer", "Index Name": "title_pkey", "Startup Cost": 0.0, "Total Cost": 0.27, "Plan Rows": 1, "Plan Width": 0, "Index Cond": "(id = mk.movie_id)"}]}]}, {"Node Type": "Bitmap Heap Scan", "Parent Relationship": "Inner", "Relation Name": "movie_link", "Alias": "ml", "Startup Cost": 0.29, "Total Cost": 4.35, "Plan Rows": 5, "Plan Width": 12, "Recheck Cond": "(movie_id = mk.movie_id)", "Plans": [{"Node Type": "Bitmap Index Scan", "Parent Relationship": "Outer", "Index Name": "movie_id_movie_link", "Startup Cost": 0.0, "Total Cost": 0.29, "Plan Rows": 5, "Plan Width": 0, "Index Cond": "(movie_id = mk.movie_id)"}]}]}, {"Node Type": "Hash", "Parent Relationship": "Inner", "Startup Cost": 1.17, "Total Cost": 1.17, "Plan Rows": 17, "Plan Width": 16, "Plans": [{"Node Type": "Seq Scan", "Parent Relationship": "Outer", "Relation Name": "link_type", "Alias": "lt", "Startup Cost": 0.0, "Total Cost": 1.17, "Plan Rows": 17, "Plan Width": 16}]}]}, {"Node Type": "Bitmap Heap Scan", "Parent Relationship": "Inner", "Relation Name": "title", "Alias": "t2", "Startup Cost": 1.49, "Total Cost": 5.5, "Plan Rows": 1, "Plan Width": 21, "Recheck Cond": "(id = ml.linked_movie_id)", "Plans": [{"Node Type": "Bitmap Index Scan", "Parent Relationship": "Outer", "Index Name": "title_pkey", "Startup Cost": 0.0, "Total Cost": 1.49, "Plan Rows": 1, "Plan Width": 0, "Index Cond": "(id = ml.linked_movie_id)"}]}]}]}, "Unique SQL Id": 524435555, "Planner Runtime": 5}, "explain_analyze_plan": {"Plan": {"Node Type": "Aggregate", "Strategy": "Plain", "Startup Cost": 3709.86, "Total Cost": 3709.87, "Plan Rows": 1, "Plan Width": 142, "Actual Startup Time": 41.212, "Actual Total Time": 41.213, "Actual Rows": 1, "Actual Loops": 1, "Plans": [{"Node Type": "Nested Loop", "Parent Relationship": "Outer", "Join Type": "Inner", "Startup Cost": 7.93, "Total Cost": 3708.7, "Plan Rows": 154, "Plan Width": 46, "Actual Startup Time": 41.208, "Actual Total Time": 41.208, "Actual Rows": 0, "Actual Loops": 1, "Inner Unique": true, "Plans": [{"Node Type": "Hash Join", "Parent Relationship": "Outer", "Join Type": "Inner", "Startup Cost": 6.44, "Total Cost": 2859.52, "Plan Rows": 154, "Plan Width": 33, "Actual Startup Time": 41.191, "Actual Total Time": 41.191, "Actual Rows": 0, "Actual Loops": 1, "Inner Unique": true, "Hash Cond": "(ml.link_type_id = lt.id)", "Plans": [{"Node Type": "Nested Loop", "Parent Relationship": "Outer", "Join Type": "Inner", "Startup Cost": 5.06, "Total Cost": 2856.2, "Plan Rows": 154, "Plan Width": 25, "Actual Startup Time": 41.117, "Actual Total Time": 41.117, "Actual Rows": 0, "Actual Loops": 1, "Inner Unique": false, "Join Filter": "(t1.id = ml.movie_id)", "Rows Removed by Join Filter": 0, "Plans": [{"Node Type": "Nested Loop", "Parent Relationship": "Outer", "Join Type": "Inner", "Startup Cost": 4.77, "Total Cost": 2710.54, "Plan Rows": 33, "Plan Width": 25, "Actual Startup Time": 40.236, "Actual Total Time": 41.106, "Actual Rows": 1, "Actual Loops": 1, "Inner Unique": true, "Plans": [{"Node Type": "Nested Loop", "Parent Relationship": "Outer", "Join Type": "Inner", "Startup Cost": 4.51, "Total Cost": 2569.02, "Plan Rows": 33, "Plan Width": 4, "Actual Startup Time": 40.224, "Actual Total Time": 41.094, "Actual Rows": 1, "Actual Loops": 1, "Inner Unique": false, "Plans": [{"Node Type": "Seq Scan", "Parent Relationship": "Outer", "Relation Name": "keyword", "Alias": "k", "Startup Cost": 0.0, "Total Cost": 2436.11, "Plan Rows": 1, "Plan Width": 4, "Actual Startup Time": 40.195, "Actual Total Time": 41.063, "Actual Rows": 1, "Actual Loops": 1, "Filter": "((keyword)::text = '10,000-mile-club'::text)", "Rows Removed by Filter": 134168}, {"Node Type": "Bitmap Heap Scan", "Parent Relationship": "Inner", "Relation Name": "movie_keyword", "Alias": "mk", "Startup Cost": 4.51, "Total Cost": 132.58, "Plan Rows": 33, "Plan Width": 8, "Actual Startup Time": 0.021, "Actual Total Time": 0.022, "Actual Rows": 1, "Actual Loops": 1, "Recheck Cond": "(keyword_id = k.id)", "Rows Removed by Index Recheck": 0, "Exact Heap Blocks": 1, "Lossy Heap Blocks": 1, "Plans": [{"Node Type": "Bitmap Index Scan", "Parent Relationship": "Outer", "Index Name": "keyword_id_movie_keyword", "Startup Cost": 0.0, "Total Cost": 4.5, "Plan Rows": 33, "Plan Width": 0, "Actual Startup Time": 0.014, "Actual Total Time": 0.014, "Actual Rows": 1, "Actual Loops": 1, "Index Cond": "(keyword_id = k.id)"}]}]}, {"Node Type": "Bitmap Heap Scan", "Parent Relationship": "Inner", "Relation Name": "title", "Alias": "t1", "Startup Cost": 0.27, "Total Cost": 4.28, "Plan Rows": 1, "Plan Width": 21, "Actual Startup Time": 0.009, "Actual Total Time": 0.009, "Actual Rows": 1, "Actual Loops": 1, "Recheck Cond": "(id = mk.movie_id)", "Rows Removed by Index Recheck": 0, "Exact Heap Blocks": 1, "Lossy Heap Blocks": 1, "Plans": [{"Node Type": "Bitmap Index Scan", "Parent Relationship": "Outer", "Index Name": "title_pkey", "Startup Cost": 0.0, "Total Cost": 0.27, "Plan Rows": 1, "Plan Width": 0, "Actual Startup Time": 0.006, "Actual Total Time": 0.006, "Actual Rows": 1, "Actual Loops": 1, "Index Cond": "(id = mk.movie_id)"}]}]}, {"Node Type": "Bitmap Heap Scan", "Parent Relationship": "Inner", "Relation Name": "movie_link", "Alias": "ml", "Startup Cost": 0.29, "Total Cost": 4.35, "Plan Rows": 5, "Plan Width": 12, "Actual Startup Time": 0.008, "Actual Total Time": 0.008, "Actual Rows": 0, "Actual Loops": 1, "Recheck Cond": "(movie_id = mk.movie_id)", "Rows Removed by Index Recheck": 0, "Exact Heap Blocks": 0, "Lossy Heap Blocks": 0, "Plans": [{"Node Type": "Bitmap Index Scan", "Parent Relationship": "Outer", "Index Name": "movie_id_movie_link", "Startup Cost": 0.0, "Total Cost": 0.29, "Plan Rows": 5, "Plan Width": 0, "Actual Startup Time": 0.004, "Actual Total Time": 0.004, "Actual Rows": 0, "Actual Loops": 1, "Index Cond": "(movie_id = mk.movie_id)"}]}]}, {"Node Type": "Hash", "Parent Relationship": "Inner", "Startup Cost": 1.17, "Total Cost": 1.17, "Plan Rows": 17, "Plan Width": 16, "Actual Startup Time": 0.034, "Actual Total Time": 0.034, "Actual Rows": 17, "Actual Loops": 1, "Hash Buckets": 32768, "Hash Batches": 1, "Original Hash Batches": 1, "Peak Memory Usage": 1, "Plans": [{"Node Type": "Seq Scan", "Parent Relationship": "Outer", "Relation Name": "link_type", "Alias": "lt", "Startup Cost": 0.0, "Total Cost": 1.17, "Plan Rows": 17, "Plan Width": 16, "Actual Startup Time": 0.015, "Actual Total Time": 0.019, "Actual Rows": 17, "Actual Loops": 1}]}]}, {"Node Type": "Bitmap Heap Scan", "Parent Relationship": "Inner", "Relation Name": "title", "Alias": "t2", "Startup Cost": 1.49, "Total Cost": 5.5, "Plan Rows": 1, "Plan Width": 21, "Actual Startup Time": 0.0, "Actual Total Time": 0.0, "Recheck Cond": "(id = ml.linked_movie_id)", "Rows Removed by Index Recheck": 0, "Exact Heap Blocks": 0, "Lossy Heap Blocks": 0, "Plans": [{"Node Type": "Bitmap Index Scan", "Parent Relationship": "Outer", "Index Name": "title_pkey", "Startup Cost": 0.0, "Total Cost": 1.49, "Plan Rows": 1, "Plan Width": 0, "Actual Startup Time": 0.0, "Actual Total Time": 0.0, "Index Cond": "(id = ml.linked_movie_id)"}]}]}]}, "Triggers": [], "Planner Runtime": 5, "Total Runtime": 41.437, "Unique SQL Id": 524435555}}, "(1, 99)": {"explain_plan": {"Plan": {"Node Type": "Aggregate", "Strategy": "Plain", "Startup Cost": 1000001377786.31, "Total Cost": 1000001377786.32, "Plan Rows": 1, "Plan Width": 142, "Plans": [{"Node Type": "Nested Loop", "Parent Relationship": "Outer", "Join Type": "Inner", "Startup Cost": 10000000004.71, "Total Cost": 1000001377785.15, "Plan Rows": 154, "Plan Width": 46, "Inner Unique": true, "Plans": [{"Node Type": "Nested Loop", "Parent Relationship": "Outer", "Join Type": "Inner", "Startup Cost": 10000000004.45, "Total Cost": 1000001377125.95, "Plan Rows": 154, "Plan Width": 38, "Inner Unique": true, "Plans": [{"Node Type": "Nested Loop", "Parent Relationship": "Outer", "Join Type": "Inner", "Startup Cost": 10000000002.96, "Total Cost": 1000001376276.77, "Plan Rows": 154, "Plan Width": 25, "Inner Unique": true, "Plans": [{"Node Type": "Nested Loop", "Parent Relationship": "Outer", "Join Type": "Inner", "Startup Cost": 10000000002.69, "Total Cost": 1000001375616.35, "Plan Rows": 154, "Plan Width": 16, "Inner Unique": true, "Plans": [{"Node Type": "Nested Loop", "Parent Relationship": "Outer", "Join Type": "Inner", "Startup Cost": 10000000002.44, "Total Cost": 1000000342019.19, "Plan Rows": 241339, "Plan Width": 20, "Inner Unique": false, "Plans": [{"Node Type": "Index Scan", "Parent Relationship": "Outer", "Scan Direction": "Forward", "Index Name": "link_type_id_movie_link", "Relation Name": "movie_link", "Alias": "ml", "Startup Cost": 10000000000.0, "Total Cost": 1000000143569.16, "Plan Rows": 29996, "Plan Width": 12}, {"Node Type": "Bitmap Heap Scan", "Parent Relationship": "Inner", "Relation Name": "movie_keyword", "Alias": "mk", "Startup Cost": 2.44, "Total Cost": 6.54, "Plan Rows": 8, "Plan Width": 8, "Recheck Cond": "(movie_id = ml.movie_id)", "Plans": [{"Node Type": "Bitmap Index Scan", "Parent Relationship": "Outer", "Index Name": "movie_id_movie_keyword", "Startup Cost": 0.0, "Total Cost": 2.43, "Plan Rows": 8, "Plan Width": 0, "Index Cond": "(movie_id = ml.movie_id)"}]}]}, {"Node Type": "Bitmap Heap Scan", "Parent Relationship": "Inner", "Relation Name": "keyword", "Alias": "k", "Startup Cost": 0.26, "Total Cost": 4.27, "Plan Rows": 1, "Plan Width": 4, "Recheck Cond": "(id = mk.keyword_id)", "Filter": "((keyword)::text = '10,000-mile-club'::text)", "Plans": [{"Node Type": "Bitmap Index Scan", "Parent Relationship": "Outer", "Index Name": "keyword_pkey", "Startup Cost": 0.0, "Total Cost": 0.26, "Plan Rows": 1, "Plan Width": 0, "Index Cond": "(id = mk.keyword_id)"}]}]}, {"Node Type": "Bitmap Heap Scan", "Parent Relationship": "Inner", "Relation Name": "title", "Alias": "t1", "Startup Cost": 0.27, "Total Cost": 4.28, "Plan Rows": 1, "Plan Width": 21, "Recheck Cond": "(id = mk.movie_id)", "Plans": [{"Node Type": "Bitmap Index Scan", "Parent Relationship": "Outer", "Index Name": "title_pkey", "Startup Cost": 0.0, "Total Cost": 0.27, "Plan Rows": 1, "Plan Width": 0, "Index Cond": "(id = mk.movie_id)"}]}]}, {"Node Type": "Bitmap Heap Scan", "Parent Relationship": "Inner", "Relation Name": "title", "Alias": "t2", "Startup Cost": 1.49, "Total Cost": 5.5, "Plan Rows": 1, "Plan Width": 21, "Recheck Cond": "(id = ml.linked_movie_id)", "Plans": [{"Node Type": "Bitmap Index Scan", "Parent Relationship": "Outer", "Index Name": "title_pkey", "Startup Cost": 0.0, "Total Cost": 1.49, "Plan Rows": 1, "Plan Width": 0, "Index Cond": "(id = ml.linked_movie_id)"}]}]}, {"Node Type": "Bitmap Heap Scan", "Parent Relationship": "Inner", "Relation Name": "link_type", "Alias": "lt", "Startup Cost": 0.26, "Total Cost": 4.27, "Plan Rows": 1, "Plan Width": 16, "Recheck Cond": "(id = ml.link_type_id)", "Plans": [{"Node Type": "Bitmap Index Scan", "Parent Relationship": "Outer", "Index Name": "link_type_pkey", "Startup Cost": 0.0, "Total Cost": 0.26, "Plan Rows": 1, "Plan Width": 0, "Index Cond": "(id = ml.link_type_id)"}]}]}]}, "Unique SQL Id": 524435555, "Planner Runtime": 2}, "explain_analyze_plan": null}, "(1, 100)": {"explain_plan": {"Plan": {"Node Type": "Aggregate", "Strategy": "Plain", "Startup Cost": 3260.82, "Total Cost": 3260.83, "Plan Rows": 1, "Plan Width": 142, "Plans": [{"Node Type": "Nested Loop", "Parent Relationship": "Outer", "Join Type": "Inner", "Startup Cost": 5.89, "Total Cost": 3259.66, "Plan Rows": 154, "Plan Width": 46, "Inner Unique": true, "Plans": [{"Node Type": "Hash Join", "Parent Relationship": "Outer", "Join Type": "Inner", "Startup Cost": 5.89, "Total Cost": 2596.09, "Plan Rows": 154, "Plan Width": 33, "Inner Unique": true, "Hash Cond": "(ml.link_type_id = lt.id)", "Plans": [{"Node Type": "Nested Loop", "Parent Relationship": "Outer", "Join Type": "Inner", "Startup Cost": 4.51, "Total Cost": 2592.76, "Plan Rows": 154, "Plan Width": 25, "Inner Unique": false, "Plans": [{"Node Type": "Nested Loop", "Parent Relationship": "Outer", "Join Type": "Inner", "Startup Cost": 4.51, "Total Cost": 2579.55, "Plan Rows": 33, "Plan Width": 25, "Inner Unique": true, "Plans": [{"Node Type": "Nested Loop", "Parent Relationship": "Outer", "Join Type": "Inner", "Startup Cost": 4.51, "Total Cost": 2569.02, "Plan Rows": 33, "Plan Width": 4, "Inner Unique": false, "Plans": [{"Node Type": "Seq Scan", "Parent Relationship": "Outer", "Relation Name": "keyword", "Alias": "k", "Startup Cost": 0.0, "Total Cost": 2436.11, "Plan Rows": 1, "Plan Width": 4, "Filter": "((keyword)::text = '10,000-mile-club'::text)"}, {"Node Type": "Bitmap Heap Scan", "Parent Relationship": "Inner", "Relation Name": "movie_keyword", "Alias": "mk", "Startup Cost": 4.51, "Total Cost": 132.58, "Plan Rows": 33, "Plan Width": 8, "Recheck Cond": "(keyword_id = k.id)", "Plans": [{"Node Type": "Bitmap Index Scan", "Parent Relationship": "Outer", "Index Name": "keyword_id_movie_keyword", "Startup Cost": 0.0, "Total Cost": 4.5, "Plan Rows": 33, "Plan Width": 0, "Index Cond": "(keyword_id = k.id)"}]}]}, {"Node Type": "Index Scan", "Parent Relationship": "Inner", "Scan Direction": "Forward", "Index Name": "title_pkey", "Relation Name": "title", "Alias": "t1", "Startup Cost": 0.0, "Total Cost": 0.31, "Plan Rows": 1, "Plan Width": 21, "Index Cond": "(id = mk.movie_id)"}]}, {"Node Type": "Index Scan", "Parent Relationship": "Inner", "Scan Direction": "Forward", "Index Name": "movie_id_movie_link", "Relation Name": "movie_link", "Alias": "ml", "Startup Cost": 0.0, "Total Cost": 0.35, "Plan Rows": 5, "Plan Width": 12, "Index Cond": "(movie_id = t1.id)"}]}, {"Node Type": "Hash", "Parent Relationship": "Inner", "Startup Cost": 1.17, "Total Cost": 1.17, "Plan Rows": 17, "Plan Width": 16, "Plans": [{"Node Type": "Seq Scan", "Parent Relationship": "Outer", "Relation Name": "link_type", "Alias": "lt", "Startup Cost": 0.0, "Total Cost": 1.17, "Plan Rows": 17, "Plan Width": 16}]}]}, {"Node Type": "Index Scan", "Parent Relationship": "Inner", "Scan Direction": "Forward", "Index Name": "title_pkey", "Relation Name": "title", "Alias": "t2", "Startup Cost": 0.0, "Total Cost": 4.3, "Plan Rows": 1, "Plan Width": 21, "Index Cond": "(id = ml.linked_movie_id)"}]}]}, "Unique SQL Id": 524435555, "Planner Runtime": 5}, "explain_analyze_plan": {"Plan": {"Node Type": "Aggregate", "Strategy": "Plain", "Startup Cost": 3260.82, "Total Cost": 3260.83, "Plan Rows": 1, "Plan Width": 142, "Actual Startup Time": 41.918, "Actual Total Time": 41.918, "Actual Rows": 1, "Actual Loops": 1, "Plans": [{"Node Type": "Nested Loop", "Parent Relationship": "Outer", "Join Type": "Inner", "Startup Cost": 5.89, "Total Cost": 3259.66, "Plan Rows": 154, "Plan Width": 46, "Actual Startup Time": 41.91, "Actual Total Time": 41.91, "Actual Rows": 0, "Actual Loops": 1, "Inner Unique": true, "Plans": [{"Node Type": "Hash Join", "Parent Relationship": "Outer", "Join Type": "Inner", "Startup Cost": 5.89, "Total Cost": 2596.09, "Plan Rows": 154, "Plan Width": 33, "Actual Startup Time": 41.883, "Actual Total Time": 41.883, "Actual Rows": 0, "Actual Loops": 1, "Inner Unique": true, "Hash Cond": "(ml.link_type_id = lt.id)", "Plans": [{"Node Type": "Nested Loop", "Parent Relationship": "Outer", "Join Type": "Inner", "Startup Cost": 4.51, "Total Cost": 2592.76, "Plan Rows": 154, "Plan Width": 25, "Actual Startup Time": 41.806, "Actual Total Time": 41.806, "Actual Rows": 0, "Actual Loops": 1, "Inner Unique": false, "Plans": [{"Node Type": "Nested Loop", "Parent Relationship": "Outer", "Join Type": "Inner", "Startup Cost": 4.51, "Total Cost": 2579.55, "Plan Rows": 33, "Plan Width": 25, "Actual Startup Time": 40.914, "Actual Total Time": 41.8, "Actual Rows": 1, "Actual Loops": 1, "Inner Unique": true, "Plans": [{"Node Type": "Nested Loop", "Parent Relationship": "Outer", "Join Type": "Inner", "Startup Cost": 4.51, "Total Cost": 2569.02, "Plan Rows": 33, "Plan Width": 4, "Actual Startup Time": 40.9, "Actual Total Time": 41.786, "Actual Rows": 1, "Actual Loops": 1, "Inner Unique": false, "Plans": [{"Node Type": "Seq Scan", "Parent Relationship": "Outer", "Relation Name": "keyword", "Alias": "k", "Startup Cost": 0.0, "Total Cost": 2436.11, "Plan Rows": 1, "Plan Width": 4, "Actual Startup Time": 40.866, "Actual Total Time": 41.751, "Actual Rows": 1, "Actual Loops": 1, "Filter": "((keyword)::text = '10,000-mile-club'::text)", "Rows Removed by Filter": 134168}, {"Node Type": "Bitmap Heap Scan", "Parent Relationship": "Inner", "Relation Name": "movie_keyword", "Alias": "mk", "Startup Cost": 4.51, "Total Cost": 132.58, "Plan Rows": 33, "Plan Width": 8, "Actual Startup Time": 0.027, "Actual Total Time": 0.028, "Actual Rows": 1, "Actual Loops": 1, "Recheck Cond": "(keyword_id = k.id)", "Rows Removed by Index Recheck": 0, "Exact Heap Blocks": 1, "Lossy Heap Blocks": 1, "Plans": [{"Node Type": "Bitmap Index Scan", "Parent Relationship": "Outer", "Index Name": "keyword_id_movie_keyword", "Startup Cost": 0.0, "Total Cost": 4.5, "Plan Rows": 33, "Plan Width": 0, "Actual Startup Time": 0.016, "Actual Total Time": 0.016, "Actual Rows": 1, "Actual Loops": 1, "Index Cond": "(keyword_id = k.id)"}]}]}, {"Node Type": "Index Scan", "Parent Relationship": "Inner", "Scan Direction": "Forward", "Index Name": "title_pkey", "Relation Name": "title", "Alias": "t1", "Startup Cost": 0.0, "Total Cost": 0.31, "Plan Rows": 1, "Plan Width": 21, "Actual Startup Time": 0.012, "Actual Total Time": 0.012, "Actual Rows": 1, "Actual Loops": 1, "Index Cond": "(id = mk.movie_id)", "Rows Removed by Index Recheck": 0}]}, {"Node Type": "Index Scan", "Parent Relationship": "Inner", "Scan Direction": "Forward", "Index Name": "movie_id_movie_link", "Relation Name": "movie_link", "Alias": "ml", "Startup Cost": 0.0, "Total Cost": 0.35, "Plan Rows": 5, "Plan Width": 12, "Actual Startup Time": 0.003, "Actual Total Time": 0.003, "Actual Rows": 0, "Actual Loops": 1, "Index Cond": "(movie_id = t1.id)", "Rows Removed by Index Recheck": 0}]}, {"Node Type": "Hash", "Parent Relationship": "Inner", "Startup Cost": 1.17, "Total Cost": 1.17, "Plan Rows": 17, "Plan Width": 16, "Actual Startup Time": 0.037, "Actual Total Time": 0.037, "Actual Rows": 17, "Actual Loops": 1, "Hash Buckets": 32768, "Hash Batches": 1, "Original Hash Batches": 1, "Peak Memory Usage": 1, "Plans": [{"Node Type": "Seq Scan", "Parent Relationship": "Outer", "Relation Name": "link_type", "Alias": "lt", "Startup Cost": 0.0, "Total Cost": 1.17, "Plan Rows": 17, "Plan Width": 16, "Actual Startup Time": 0.017, "Actual Total Time": 0.023, "Actual Rows": 17, "Actual Loops": 1}]}]}, {"Node Type": "Index Scan", "Parent Relationship": "Inner", "Scan Direction": "Forward", "Index Name": "title_pkey", "Relation Name": "title", "Alias": "t2", "Startup Cost": 0.0, "Total Cost": 4.3, "Plan Rows": 1, "Plan Width": 21, "Actual Startup Time": 0.0, "Actual Total Time": 0.0, "Index Cond": "(id = ml.linked_movie_id)", "Rows Removed by Index Recheck": 0}]}]}, "Triggers": [], "Planner Runtime": 5, "Total Runtime": 42.159, "Unique SQL Id": 524435555}}, "(1, 101)": {"explain_plan": {"Plan": {"Node Type": "Aggregate", "Strategy": "Plain", "Startup Cost": 4047.28, "Total Cost": 4047.29, "Plan Rows": 1, "Plan Width": 142, "Plans": [{"Node Type": "Nested Loop", "Parent Relationship": "Outer", "Join Type": "Inner", "Startup Cost": 4.51, "Total Cost": 4046.12, "Plan Rows": 154, "Plan Width": 46, "Inner Unique": true, "Plans": [{"Node Type": "Nested Loop", "Parent Relationship": "Outer", "Join Type": "Inner", "Startup Cost": 4.51, "Total Cost": 3382.55, "Plan Rows": 154, "Plan Width": 33, "Inner Unique": true, "Plans": [{"Node Type": "Nested Loop", "Parent Relationship": "Outer", "Join Type": "Inner", "Startup Cost": 4.51, "Total Cost": 3339.37, "Plan Rows": 154, "Plan Width": 25, "Inner Unique": false, "Plans": [{"Node Type": "Nested Loop", "Parent Relationship": "Outer", "Join Type": "Inner", "Startup Cost": 4.51, "Total Cost": 3326.15, "Plan Rows": 33, "Plan Width": 25, "Inner Unique": true, "Plans": [{"Node Type": "Nested Loop", "Parent Relationship": "Outer", "Join Type": "Inner", "Startup Cost": 4.51, "Total Cost": 3315.63, "Plan Rows": 33, "Plan Width": 4, "Inner Unique": false, "Plans": [{"Node Type": "Index Scan", "Parent Relationship": "Outer", "Scan Direction": "Forward", "Index Name": "keyword_pkey", "Relation Name": "keyword", "Alias": "k", "Startup Cost": 0.0, "Total Cost": 3182.72, "Plan Rows": 1, "Plan Width": 4, "Filter": "((keyword)::text = '10,000-mile-club'::text)"}, {"Node Type": "Bitmap Heap Scan", "Parent Relationship": "Inner", "Relation Name": "movie_keyword", "Alias": "mk", "Startup Cost": 4.51, "Total Cost": 132.58, "Plan Rows": 33, "Plan Width": 8, "Recheck Cond": "(keyword_id = k.id)", "Plans": [{"Node Type": "Bitmap Index Scan", "Parent Relationship": "Outer", "Index Name": "keyword_id_movie_keyword", "Startup Cost": 0.0, "Total Cost": 4.5, "Plan Rows": 33, "Plan Width": 0, "Index Cond": "(keyword_id = k.id)"}]}]}, {"Node Type": "Index Scan", "Parent Relationship": "Inner", "Scan Direction": "Forward", "Index Name": "title_pkey", "Relation Name": "title", "Alias": "t1", "Startup Cost": 0.0, "Total Cost": 0.31, "Plan Rows": 1, "Plan Width": 21, "Index Cond": "(id = mk.movie_id)"}]}, {"Node Type": "Index Scan", "Parent Relationship": "Inner", "Scan Direction": "Forward", "Index Name": "movie_id_movie_link", "Relation Name": "movie_link", "Alias": "ml", "Startup Cost": 0.0, "Total Cost": 0.35, "Plan Rows": 5, "Plan Width": 12, "Index Cond": "(movie_id = t1.id)"}]}, {"Node Type": "Index Scan", "Parent Relationship": "Inner", "Scan Direction": "Forward", "Index Name": "link_type_pkey", "Relation Name": "link_type", "Alias": "lt", "Startup Cost": 0.0, "Total Cost": 0.27, "Plan Rows": 1, "Plan Width": 16, "Index Cond": "(id = ml.link_type_id)"}]}, {"Node Type": "Index Scan", "Parent Relationship": "Inner", "Scan Direction": "Forward", "Index Name": "title_pkey", "Relation Name": "title", "Alias": "t2", "Startup Cost": 0.0, "Total Cost": 4.3, "Plan Rows": 1, "Plan Width": 21, "Index Cond": "(id = ml.linked_movie_id)"}]}]}, "Unique SQL Id": 524435555, "Planner Runtime": 2}, "explain_analyze_plan": {"Plan": {"Node Type": "Aggregate", "Strategy": "Plain", "Startup Cost": 4047.28, "Total Cost": 4047.29, "Plan Rows": 1, "Plan Width": 142, "Actual Startup Time": 119.675, "Actual Total Time": 119.675, "Actual Rows": 1, "Actual Loops": 1, "Plans": [{"Node Type": "Nested Loop", "Parent Relationship": "Outer", "Join Type": "Inner", "Startup Cost": 4.51, "Total Cost": 4046.12, "Plan Rows": 154, "Plan Width": 46, "Actual Startup Time": 119.669, "Actual Total Time": 119.669, "Actual Rows": 0, "Actual Loops": 1, "Inner Unique": true, "Plans": [{"Node Type": "Nested Loop", "Parent Relationship": "Outer", "Join Type": "Inner", "Startup Cost": 4.51, "Total Cost": 3382.55, "Plan Rows": 154, "Plan Width": 33, "Actual Startup Time": 119.668, "Actual Total Time": 119.668, "Actual Rows": 0, "Actual Loops": 1, "Inner Unique": true, "Plans": [{"Node Type": "Nested Loop", "Parent Relationship": "Outer", "Join Type": "Inner", "Startup Cost": 4.51, "Total Cost": 3339.37, "Plan Rows": 154, "Plan Width": 25, "Actual Startup Time": 119.668, "Actual Total Time": 119.668, "Actual Rows": 0, "Actual Loops": 1, "Inner Unique": false, "Plans": [{"Node Type": "Nested Loop", "Parent Relationship": "Outer", "Join Type": "Inner", "Startup Cost": 4.51, "Total Cost": 3326.15, "Plan Rows": 33, "Plan Width": 25, "Actual Startup Time": 117.759, "Actual Total Time": 119.662, "Actual Rows": 1, "Actual Loops": 1, "Inner Unique": true, "Plans": [{"Node Type": "Nested Loop", "Parent Relationship": "Outer", "Join Type": "Inner", "Startup Cost": 4.51, "Total Cost": 3315.63, "Plan Rows": 33, "Plan Width": 4, "Actual Startup Time": 117.744, "Actual Total Time": 119.646, "Actual Rows": 1, "Actual Loops": 1, "Inner Unique": false, "Plans": [{"Node Type": "Index Scan", "Parent Relationship": "Outer", "Scan Direction": "Forward", "Index Name": "keyword_pkey", "Relation Name": "keyword", "Alias": "k", "Startup Cost": 0.0, "Total Cost": 3182.72, "Plan Rows": 1, "Plan Width": 4, "Actual Startup Time": 117.697, "Actual Total Time": 119.597, "Actual Rows": 1, "Actual Loops": 1, "Filter": "((keyword)::text = '10,000-mile-club'::text)", "Rows Removed by Filter": 134168}, {"Node Type": "Bitmap Heap Scan", "Parent Relationship": "Inner", "Relation Name": "movie_keyword", "Alias": "mk", "Startup Cost": 4.51, "Total Cost": 132.58, "Plan Rows": 33, "Plan Width": 8, "Actual Startup Time": 0.032, "Actual Total Time": 0.033, "Actual Rows": 1, "Actual Loops": 1, "Recheck Cond": "(keyword_id = k.id)", "Rows Removed by Index Recheck": 0, "Exact Heap Blocks": 1, "Lossy Heap Blocks": 1, "Plans": [{"Node Type": "Bitmap Index Scan", "Parent Relationship": "Outer", "Index Name": "keyword_id_movie_keyword", "Startup Cost": 0.0, "Total Cost": 4.5, "Plan Rows": 33, "Plan Width": 0, "Actual Startup Time": 0.018, "Actual Total Time": 0.018, "Actual Rows": 1, "Actual Loops": 1, "Index Cond": "(keyword_id = k.id)"}]}]}, {"Node Type": "Index Scan", "Parent Relationship": "Inner", "Scan Direction": "Forward", "Index Name": "title_pkey", "Relation Name": "title", "Alias": "t1", "Startup Cost": 0.0, "Total Cost": 0.31, "Plan Rows": 1, "Plan Width": 21, "Actual Startup Time": 0.011, "Actual Total Time": 0.011, "Actual Rows": 1, "Actual Loops": 1, "Index Cond": "(id = mk.movie_id)", "Rows Removed by Index Recheck": 0}]}, {"Node Type": "Index Scan", "Parent Relationship": "Inner", "Scan Direction": "Forward", "Index Name": "movie_id_movie_link", "Relation Name": "movie_link", "Alias": "ml", "Startup Cost": 0.0, "Total Cost": 0.35, "Plan Rows": 5, "Plan Width": 12, "Actual Startup Time": 0.003, "Actual Total Time": 0.003, "Actual Rows": 0, "Actual Loops": 1, "Index Cond": "(movie_id = t1.id)", "Rows Removed by Index Recheck": 0}]}, {"Node Type": "Index Scan", "Parent Relationship": "Inner", "Scan Direction": "Forward", "Index Name": "link_type_pkey", "Relation Name": "link_type", "Alias": "lt", "Startup Cost": 0.0, "Total Cost": 0.27, "Plan Rows": 1, "Plan Width": 16, "Actual Startup Time": 0.0, "Actual Total Time": 0.0, "Index Cond": "(id = ml.link_type_id)", "Rows Removed by Index Recheck": 0}]}, {"Node Type": "Index Scan", "Parent Relationship": "Inner", "Scan Direction": "Forward", "Index Name": "title_pkey", "Relation Name": "title", "Alias": "t2", "Startup Cost": 0.0, "Total Cost": 4.3, "Plan Rows": 1, "Plan Width": 21, "Actual Startup Time": 0.0, "Actual Total Time": 0.0, "Index Cond": "(id = ml.linked_movie_id)", "Rows Removed by Index Recheck": 0}]}]}, "Triggers": [], "Planner Runtime": 2, "Total Runtime": 119.92, "Unique SQL Id": 524435555}}, "(1, 102)": {"explain_plan": {"Plan": {"Node Type": "Aggregate", "Strategy": "Plain", "Startup Cost": 3709.86, "Total Cost": 3709.87, "Plan Rows": 1, "Plan Width": 142, "Plans": [{"Node Type": "Nested Loop", "Parent Relationship": "Outer", "Join Type": "Inner", "Startup Cost": 7.93, "Total Cost": 3708.7, "Plan Rows": 154, "Plan Width": 46, "Inner Unique": true, "Plans": [{"Node Type": "Hash Join", "Parent Relationship": "Outer", "Join Type": "Inner", "Startup Cost": 6.44, "Total Cost": 2859.52, "Plan Rows": 154, "Plan Width": 33, "Inner Unique": true, "Hash Cond": "(ml.link_type_id = lt.id)", "Plans": [{"Node Type": "Nested Loop", "Parent Relationship": "Outer", "Join Type": "Inner", "Startup Cost": 5.06, "Total Cost": 2856.2, "Plan Rows": 154, "Plan Width": 25, "Inner Unique": false, "Join Filter": "(t1.id = ml.movie_id)", "Plans": [{"Node Type": "Nested Loop", "Parent Relationship": "Outer", "Join Type": "Inner", "Startup Cost": 4.77, "Total Cost": 2710.54, "Plan Rows": 33, "Plan Width": 25, "Inner Unique": true, "Plans": [{"Node Type": "Nested Loop", "Parent Relationship": "Outer", "Join Type": "Inner", "Startup Cost": 4.51, "Total Cost": 2569.02, "Plan Rows": 33, "Plan Width": 4, "Inner Unique": false, "Plans": [{"Node Type": "Seq Scan", "Parent Relationship": "Outer", "Relation Name": "keyword", "Alias": "k", "Startup Cost": 0.0, "Total Cost": 2436.11, "Plan Rows": 1, "Plan Width": 4, "Filter": "((keyword)::text = '10,000-mile-club'::text)"}, {"Node Type": "Bitmap Heap Scan", "Parent Relationship": "Inner", "Relation Name": "movie_keyword", "Alias": "mk", "Startup Cost": 4.51, "Total Cost": 132.58, "Plan Rows": 33, "Plan Width": 8, "Recheck Cond": "(keyword_id = k.id)", "Plans": [{"Node Type": "Bitmap Index Scan", "Parent Relationship": "Outer", "Index Name": "keyword_id_movie_keyword", "Startup Cost": 0.0, "Total Cost": 4.5, "Plan Rows": 33, "Plan Width": 0, "Index Cond": "(keyword_id = k.id)"}]}]}, {"Node Type": "Bitmap Heap Scan", "Parent Relationship": "Inner", "Relation Name": "title", "Alias": "t1", "Startup Cost": 0.27, "Total Cost": 4.28, "Plan Rows": 1, "Plan Width": 21, "Recheck Cond": "(id = mk.movie_id)", "Plans": [{"Node Type": "Bitmap Index Scan", "Parent Relationship": "Outer", "Index Name": "title_pkey", "Startup Cost": 0.0, "Total Cost": 0.27, "Plan Rows": 1, "Plan Width": 0, "Index Cond": "(id = mk.movie_id)"}]}]}, {"Node Type": "Bitmap Heap Scan", "Parent Relationship": "Inner", "Relation Name": "movie_link", "Alias": "ml", "Startup Cost": 0.29, "Total Cost": 4.35, "Plan Rows": 5, "Plan Width": 12, "Recheck Cond": "(movie_id = mk.movie_id)", "Plans": [{"Node Type": "Bitmap Index Scan", "Parent Relationship": "Outer", "Index Name": "movie_id_movie_link", "Startup Cost": 0.0, "Total Cost": 0.29, "Plan Rows": 5, "Plan Width": 0, "Index Cond": "(movie_id = mk.movie_id)"}]}]}, {"Node Type": "Hash", "Parent Relationship": "Inner", "Startup Cost": 1.17, "Total Cost": 1.17, "Plan Rows": 17, "Plan Width": 16, "Plans": [{"Node Type": "Seq Scan", "Parent Relationship": "Outer", "Relation Name": "link_type", "Alias": "lt", "Startup Cost": 0.0, "Total Cost": 1.17, "Plan Rows": 17, "Plan Width": 16}]}]}, {"Node Type": "Bitmap Heap Scan", "Parent Relationship": "Inner", "Relation Name": "title", "Alias": "t2", "Startup Cost": 1.49, "Total Cost": 5.5, "Plan Rows": 1, "Plan Width": 21, "Recheck Cond": "(id = ml.linked_movie_id)", "Plans": [{"Node Type": "Bitmap Index Scan", "Parent Relationship": "Outer", "Index Name": "title_pkey", "Startup Cost": 0.0, "Total Cost": 1.49, "Plan Rows": 1, "Plan Width": 0, "Index Cond": "(id = ml.linked_movie_id)"}]}]}]}, "Unique SQL Id": 524435555, "Planner Runtime": 5}, "explain_analyze_plan": {"Plan": {"Node Type": "Aggregate", "Strategy": "Plain", "Startup Cost": 3709.86, "Total Cost": 3709.87, "Plan Rows": 1, "Plan Width": 142, "Actual Startup Time": 41.212, "Actual Total Time": 41.213, "Actual Rows": 1, "Actual Loops": 1, "Plans": [{"Node Type": "Nested Loop", "Parent Relationship": "Outer", "Join Type": "Inner", "Startup Cost": 7.93, "Total Cost": 3708.7, "Plan Rows": 154, "Plan Width": 46, "Actual Startup Time": 41.208, "Actual Total Time": 41.208, "Actual Rows": 0, "Actual Loops": 1, "Inner Unique": true, "Plans": [{"Node Type": "Hash Join", "Parent Relationship": "Outer", "Join Type": "Inner", "Startup Cost": 6.44, "Total Cost": 2859.52, "Plan Rows": 154, "Plan Width": 33, "Actual Startup Time": 41.191, "Actual Total Time": 41.191, "Actual Rows": 0, "Actual Loops": 1, "Inner Unique": true, "Hash Cond": "(ml.link_type_id = lt.id)", "Plans": [{"Node Type": "Nested Loop", "Parent Relationship": "Outer", "Join Type": "Inner", "Startup Cost": 5.06, "Total Cost": 2856.2, "Plan Rows": 154, "Plan Width": 25, "Actual Startup Time": 41.117, "Actual Total Time": 41.117, "Actual Rows": 0, "Actual Loops": 1, "Inner Unique": false, "Join Filter": "(t1.id = ml.movie_id)", "Rows Removed by Join Filter": 0, "Plans": [{"Node Type": "Nested Loop", "Parent Relationship": "Outer", "Join Type": "Inner", "Startup Cost": 4.77, "Total Cost": 2710.54, "Plan Rows": 33, "Plan Width": 25, "Actual Startup Time": 40.236, "Actual Total Time": 41.106, "Actual Rows": 1, "Actual Loops": 1, "Inner Unique": true, "Plans": [{"Node Type": "Nested Loop", "Parent Relationship": "Outer", "Join Type": "Inner", "Startup Cost": 4.51, "Total Cost": 2569.02, "Plan Rows": 33, "Plan Width": 4, "Actual Startup Time": 40.224, "Actual Total Time": 41.094, "Actual Rows": 1, "Actual Loops": 1, "Inner Unique": false, "Plans": [{"Node Type": "Seq Scan", "Parent Relationship": "Outer", "Relation Name": "keyword", "Alias": "k", "Startup Cost": 0.0, "Total Cost": 2436.11, "Plan Rows": 1, "Plan Width": 4, "Actual Startup Time": 40.195, "Actual Total Time": 41.063, "Actual Rows": 1, "Actual Loops": 1, "Filter": "((keyword)::text = '10,000-mile-club'::text)", "Rows Removed by Filter": 134168}, {"Node Type": "Bitmap Heap Scan", "Parent Relationship": "Inner", "Relation Name": "movie_keyword", "Alias": "mk", "Startup Cost": 4.51, "Total Cost": 132.58, "Plan Rows": 33, "Plan Width": 8, "Actual Startup Time": 0.021, "Actual Total Time": 0.022, "Actual Rows": 1, "Actual Loops": 1, "Recheck Cond": "(keyword_id = k.id)", "Rows Removed by Index Recheck": 0, "Exact Heap Blocks": 1, "Lossy Heap Blocks": 1, "Plans": [{"Node Type": "Bitmap Index Scan", "Parent Relationship": "Outer", "Index Name": "keyword_id_movie_keyword", "Startup Cost": 0.0, "Total Cost": 4.5, "Plan Rows": 33, "Plan Width": 0, "Actual Startup Time": 0.014, "Actual Total Time": 0.014, "Actual Rows": 1, "Actual Loops": 1, "Index Cond": "(keyword_id = k.id)"}]}]}, {"Node Type": "Bitmap Heap Scan", "Parent Relationship": "Inner", "Relation Name": "title", "Alias": "t1", "Startup Cost": 0.27, "Total Cost": 4.28, "Plan Rows": 1, "Plan Width": 21, "Actual Startup Time": 0.009, "Actual Total Time": 0.009, "Actual Rows": 1, "Actual Loops": 1, "Recheck Cond": "(id = mk.movie_id)", "Rows Removed by Index Recheck": 0, "Exact Heap Blocks": 1, "Lossy Heap Blocks": 1, "Plans": [{"Node Type": "Bitmap Index Scan", "Parent Relationship": "Outer", "Index Name": "title_pkey", "Startup Cost": 0.0, "Total Cost": 0.27, "Plan Rows": 1, "Plan Width": 0, "Actual Startup Time": 0.006, "Actual Total Time": 0.006, "Actual Rows": 1, "Actual Loops": 1, "Index Cond": "(id = mk.movie_id)"}]}]}, {"Node Type": "Bitmap Heap Scan", "Parent Relationship": "Inner", "Relation Name": "movie_link", "Alias": "ml", "Startup Cost": 0.29, "Total Cost": 4.35, "Plan Rows": 5, "Plan Width": 12, "Actual Startup Time": 0.008, "Actual Total Time": 0.008, "Actual Rows": 0, "Actual Loops": 1, "Recheck Cond": "(movie_id = mk.movie_id)", "Rows Removed by Index Recheck": 0, "Exact Heap Blocks": 0, "Lossy Heap Blocks": 0, "Plans": [{"Node Type": "Bitmap Index Scan", "Parent Relationship": "Outer", "Index Name": "movie_id_movie_link", "Startup Cost": 0.0, "Total Cost": 0.29, "Plan Rows": 5, "Plan Width": 0, "Actual Startup Time": 0.004, "Actual Total Time": 0.004, "Actual Rows": 0, "Actual Loops": 1, "Index Cond": "(movie_id = mk.movie_id)"}]}]}, {"Node Type": "Hash", "Parent Relationship": "Inner", "Startup Cost": 1.17, "Total Cost": 1.17, "Plan Rows": 17, "Plan Width": 16, "Actual Startup Time": 0.034, "Actual Total Time": 0.034, "Actual Rows": 17, "Actual Loops": 1, "Hash Buckets": 32768, "Hash Batches": 1, "Original Hash Batches": 1, "Peak Memory Usage": 1, "Plans": [{"Node Type": "Seq Scan", "Parent Relationship": "Outer", "Relation Name": "link_type", "Alias": "lt", "Startup Cost": 0.0, "Total Cost": 1.17, "Plan Rows": 17, "Plan Width": 16, "Actual Startup Time": 0.015, "Actual Total Time": 0.019, "Actual Rows": 17, "Actual Loops": 1}]}]}, {"Node Type": "Bitmap Heap Scan", "Parent Relationship": "Inner", "Relation Name": "title", "Alias": "t2", "Startup Cost": 1.49, "Total Cost": 5.5, "Plan Rows": 1, "Plan Width": 21, "Actual Startup Time": 0.0, "Actual Total Time": 0.0, "Recheck Cond": "(id = ml.linked_movie_id)", "Rows Removed by Index Recheck": 0, "Exact Heap Blocks": 0, "Lossy Heap Blocks": 0, "Plans": [{"Node Type": "Bitmap Index Scan", "Parent Relationship": "Outer", "Index Name": "title_pkey", "Startup Cost": 0.0, "Total Cost": 1.49, "Plan Rows": 1, "Plan Width": 0, "Actual Startup Time": 0.0, "Actual Total Time": 0.0, "Index Cond": "(id = ml.linked_movie_id)"}]}]}]}, "Triggers": [], "Planner Runtime": 5, "Total Runtime": 41.437, "Unique SQL Id": 524435555}}, "(1, 103)": {"explain_plan": {"Plan": {"Node Type": "Aggregate", "Strategy": "Plain", "Startup Cost": 1000001377786.31, "Total Cost": 1000001377786.32, "Plan Rows": 1, "Plan Width": 142, "Plans": [{"Node Type": "Nested Loop", "Parent Relationship": "Outer", "Join Type": "Inner", "Startup Cost": 10000000004.71, "Total Cost": 1000001377785.15, "Plan Rows": 154, "Plan Width": 46, "Inner Unique": true, "Plans": [{"Node Type": "Nested Loop", "Parent Relationship": "Outer", "Join Type": "Inner", "Startup Cost": 10000000004.45, "Total Cost": 1000001377125.95, "Plan Rows": 154, "Plan Width": 38, "Inner Unique": true, "Plans": [{"Node Type": "Nested Loop", "Parent Relationship": "Outer", "Join Type": "Inner", "Startup Cost": 10000000002.96, "Total Cost": 1000001376276.77, "Plan Rows": 154, "Plan Width": 25, "Inner Unique": true, "Plans": [{"Node Type": "Nested Loop", "Parent Relationship": "Outer", "Join Type": "Inner", "Startup Cost": 10000000002.69, "Total Cost": 1000001375616.35, "Plan Rows": 154, "Plan Width": 16, "Inner Unique": true, "Plans": [{"Node Type": "Nested Loop", "Parent Relationship": "Outer", "Join Type": "Inner", "Startup Cost": 10000000002.44, "Total Cost": 1000000342019.19, "Plan Rows": 241339, "Plan Width": 20, "Inner Unique": false, "Plans": [{"Node Type": "Index Scan", "Parent Relationship": "Outer", "Scan Direction": "Forward", "Index Name": "link_type_id_movie_link", "Relation Name": "movie_link", "Alias": "ml", "Startup Cost": 10000000000.0, "Total Cost": 1000000143569.16, "Plan Rows": 29996, "Plan Width": 12}, {"Node Type": "Bitmap Heap Scan", "Parent Relationship": "Inner", "Relation Name": "movie_keyword", "Alias": "mk", "Startup Cost": 2.44, "Total Cost": 6.54, "Plan Rows": 8, "Plan Width": 8, "Recheck Cond": "(movie_id = ml.movie_id)", "Plans": [{"Node Type": "Bitmap Index Scan", "Parent Relationship": "Outer", "Index Name": "movie_id_movie_keyword", "Startup Cost": 0.0, "Total Cost": 2.43, "Plan Rows": 8, "Plan Width": 0, "Index Cond": "(movie_id = ml.movie_id)"}]}]}, {"Node Type": "Bitmap Heap Scan", "Parent Relationship": "Inner", "Relation Name": "keyword", "Alias": "k", "Startup Cost": 0.26, "Total Cost": 4.27, "Plan Rows": 1, "Plan Width": 4, "Recheck Cond": "(id = mk.keyword_id)", "Filter": "((keyword)::text = '10,000-mile-club'::text)", "Plans": [{"Node Type": "Bitmap Index Scan", "Parent Relationship": "Outer", "Index Name": "keyword_pkey", "Startup Cost": 0.0, "Total Cost": 0.26, "Plan Rows": 1, "Plan Width": 0, "Index Cond": "(id = mk.keyword_id)"}]}]}, {"Node Type": "Bitmap Heap Scan", "Parent Relationship": "Inner", "Relation Name": "title", "Alias": "t1", "Startup Cost": 0.27, "Total Cost": 4.28, "Plan Rows": 1, "Plan Width": 21, "Recheck Cond": "(id = mk.movie_id)", "Plans": [{"Node Type": "Bitmap Index Scan", "Parent Relationship": "Outer", "Index Name": "title_pkey", "Startup Cost": 0.0, "Total Cost": 0.27, "Plan Rows": 1, "Plan Width": 0, "Index Cond": "(id = mk.movie_id)"}]}]}, {"Node Type": "Bitmap Heap Scan", "Parent Relationship": "Inner", "Relation Name": "title", "Alias": "t2", "Startup Cost": 1.49, "Total Cost": 5.5, "Plan Rows": 1, "Plan Width": 21, "Recheck Cond": "(id = ml.linked_movie_id)", "Plans": [{"Node Type": "Bitmap Index Scan", "Parent Relationship": "Outer", "Index Name": "title_pkey", "Startup Cost": 0.0, "Total Cost": 1.49, "Plan Rows": 1, "Plan Width": 0, "Index Cond": "(id = ml.linked_movie_id)"}]}]}, {"Node Type": "Bitmap Heap Scan", "Parent Relationship": "Inner", "Relation Name": "link_type", "Alias": "lt", "Startup Cost": 0.26, "Total Cost": 4.27, "Plan Rows": 1, "Plan Width": 16, "Recheck Cond": "(id = ml.link_type_id)", "Plans": [{"Node Type": "Bitmap Index Scan", "Parent Relationship": "Outer", "Index Name": "link_type_pkey", "Startup Cost": 0.0, "Total Cost": 0.26, "Plan Rows": 1, "Plan Width": 0, "Index Cond": "(id = ml.link_type_id)"}]}]}]}, "Unique SQL Id": 524435555, "Planner Runtime": 2}, "explain_analyze_plan": null}, "(1, 104)": {"explain_plan": {"Plan": {"Node Type": "Aggregate", "Strategy": "Plain", "Startup Cost": 3265.11, "Total Cost": 3265.12, "Plan Rows": 1, "Plan Width": 142, "Plans": [{"Node Type": "Nested Loop", "Parent Relationship": "Outer", "Join Type": "Inner", "Startup Cost": 1.38, "Total Cost": 3263.96, "Plan Rows": 154, "Plan Width": 46, "Inner Unique": true, "Plans": [{"Node Type": "Hash Join", "Parent Relationship": "Outer", "Join Type": "Inner", "Startup Cost": 1.38, "Total Cost": 2600.38, "Plan Rows": 154, "Plan Width": 33, "Inner Unique": true, "Hash Cond": "(ml.link_type_id = lt.id)", "Plans": [{"Node Type": "Nested Loop", "Parent Relationship": "Outer", "Join Type": "Inner", "Startup Cost": 0.0, "Total Cost": 2597.06, "Plan Rows": 154, "Plan Width": 25, "Inner Unique": false, "Plans": [{"Node Type": "Nested Loop", "Parent Relationship": "Outer", "Join Type": "Inner", "Startup Cost": 0.0, "Total Cost": 2583.84, "Plan Rows": 33, "Plan Width": 25, "Inner Unique": true, "Plans": [{"Node Type": "Nested Loop", "Parent Relationship": "Outer", "Join Type": "Inner", "Startup Cost": 0.0, "Total Cost": 2573.32, "Plan Rows": 33, "Plan Width": 4, "Inner Unique": false, "Plans": [{"Node Type": "Seq Scan", "Parent Relationship": "Outer", "Relation Name": "keyword", "Alias": "k", "Startup Cost": 0.0, "Total Cost": 2436.11, "Plan Rows": 1, "Plan Width": 4, "Filter": "((keyword)::text = '10,000-mile-club'::text)"}, {"Node Type": "Index Scan", "Parent Relationship": "Inner", "Scan Direction": "Forward", "Index Name": "keyword_id_movie_keyword", "Relation Name": "movie_keyword", "Alias": "mk", "Startup Cost": 0.0, "Total Cost": 136.88, "Plan Rows": 33, "Plan Width": 8, "Index Cond": "(keyword_id = k.id)"}]}, {"Node Type": "Index Scan", "Parent Relationship": "Inner", "Scan Direction": "Forward", "Index Name": "title_pkey", "Relation Name": "title", "Alias": "t1", "Startup Cost": 0.0, "Total Cost": 0.31, "Plan Rows": 1, "Plan Width": 21, "Index Cond": "(id = mk.movie_id)"}]}, {"Node Type": "Index Scan", "Parent Relationship": "Inner", "Scan Direction": "Forward", "Index Name": "movie_id_movie_link", "Relation Name": "movie_link", "Alias": "ml", "Startup Cost": 0.0, "Total Cost": 0.35, "Plan Rows": 5, "Plan Width": 12, "Index Cond": "(movie_id = t1.id)"}]}, {"Node Type": "Hash", "Parent Relationship": "Inner", "Startup Cost": 1.17, "Total Cost": 1.17, "Plan Rows": 17, "Plan Width": 16, "Plans": [{"Node Type": "Seq Scan", "Parent Relationship": "Outer", "Relation Name": "link_type", "Alias": "lt", "Startup Cost": 0.0, "Total Cost": 1.17, "Plan Rows": 17, "Plan Width": 16}]}]}, {"Node Type": "Index Scan", "Parent Relationship": "Inner", "Scan Direction": "Forward", "Index Name": "title_pkey", "Relation Name": "title", "Alias": "t2", "Startup Cost": 0.0, "Total Cost": 4.3, "Plan Rows": 1, "Plan Width": 21, "Index Cond": "(id = ml.linked_movie_id)"}]}]}, "Unique SQL Id": 524435555, "Planner Runtime": 5}, "explain_analyze_plan": {"Plan": {"Node Type": "Aggregate", "Strategy": "Plain", "Startup Cost": 3265.11, "Total Cost": 3265.12, "Plan Rows": 1, "Plan Width": 142, "Actual Startup Time": 41.179, "Actual Total Time": 41.179, "Actual Rows": 1, "Actual Loops": 1, "Plans": [{"Node Type": "Nested Loop", "Parent Relationship": "Outer", "Join Type": "Inner", "Startup Cost": 1.38, "Total Cost": 3263.96, "Plan Rows": 154, "Plan Width": 46, "Actual Startup Time": 41.172, "Actual Total Time": 41.172, "Actual Rows": 0, "Actual Loops": 1, "Inner Unique": true, "Plans": [{"Node Type": "Hash Join", "Parent Relationship": "Outer", "Join Type": "Inner", "Startup Cost": 1.38, "Total Cost": 2600.38, "Plan Rows": 154, "Plan Width": 33, "Actual Startup Time": 41.171, "Actual Total Time": 41.171, "Actual Rows": 0, "Actual Loops": 1, "Inner Unique": true, "Hash Cond": "(ml.link_type_id = lt.id)", "Plans": [{"Node Type": "Nested Loop", "Parent Relationship": "Outer", "Join Type": "Inner", "Startup Cost": 0.0, "Total Cost": 2597.06, "Plan Rows": 154, "Plan Width": 25, "Actual Startup Time": 41.165, "Actual Total Time": 41.165, "Actual Rows": 0, "Actual Loops": 1, "Inner Unique": false, "Plans": [{"Node Type": "Nested Loop", "Parent Relationship": "Outer", "Join Type": "Inner", "Startup Cost": 0.0, "Total Cost": 2583.84, "Plan Rows": 33, "Plan Width": 25, "Actual Startup Time": 40.28, "Actual Total Time": 41.161, "Actual Rows": 1, "Actual Loops": 1, "Inner Unique": true, "Plans": [{"Node Type": "Nested Loop", "Parent Relationship": "Outer", "Join Type": "Inner", "Startup Cost": 0.0, "Total Cost": 2573.32, "Plan Rows": 33, "Plan Width": 4, "Actual Startup Time": 40.268, "Actual Total Time": 41.149, "Actual Rows": 1, "Actual Loops": 1, "Inner Unique": false, "Plans": [{"Node Type": "Seq Scan", "Parent Relationship": "Outer", "Relation Name": "keyword", "Alias": "k", "Startup Cost": 0.0, "Total Cost": 2436.11, "Plan Rows": 1, "Plan Width": 4, "Actual Startup Time": 40.247, "Actual Total Time": 41.126, "Actual Rows": 1, "Actual Loops": 1, "Filter": "((keyword)::text = '10,000-mile-club'::text)", "Rows Removed by Filter": 134168}, {"Node Type": "Index Scan", "Parent Relationship": "Inner", "Scan Direction": "Forward", "Index Name": "keyword_id_movie_keyword", "Relation Name": "movie_keyword", "Alias": "mk", "Startup Cost": 0.0, "Total Cost": 136.88, "Plan Rows": 33, "Plan Width": 8, "Actual Startup Time": 0.015, "Actual Total Time": 0.016, "Actual Rows": 1, "Actual Loops": 1, "Index Cond": "(keyword_id = k.id)", "Rows Removed by Index Recheck": 0}]}, {"Node Type": "Index Scan", "Parent Relationship": "Inner", "Scan Direction": "Forward", "Index Name": "title_pkey", "Relation Name": "title", "Alias": "t1", "Startup Cost": 0.0, "Total Cost": 0.31, "Plan Rows": 1, "Plan Width": 21, "Actual Startup Time": 0.009, "Actual Total Time": 0.009, "Actual Rows": 1, "Actual Loops": 1, "Index Cond": "(id = mk.movie_id)", "Rows Removed by Index Recheck": 0}]}, {"Node Type": "Index Scan", "Parent Relationship": "Inner", "Scan Direction": "Forward", "Index Name": "movie_id_movie_link", "Relation Name": "movie_link", "Alias": "ml", "Startup Cost": 0.0, "Total Cost": 0.35, "Plan Rows": 5, "Plan Width": 12, "Actual Startup Time": 0.003, "Actual Total Time": 0.003, "Actual Rows": 0, "Actual Loops": 1, "Index Cond": "(movie_id = t1.id)", "Rows Removed by Index Recheck": 0}]}, {"Node Type": "Hash", "Parent Relationship": "Inner", "Startup Cost": 1.17, "Total Cost": 1.17, "Plan Rows": 17, "Plan Width": 16, "Actual Startup Time": 0.0, "Actual Total Time": 0.0, "Hash Buckets": 0, "Hash Batches": 0, "Original Hash Batches": 0, "Peak Memory Usage": 0, "Plans": [{"Node Type": "Seq Scan", "Parent Relationship": "Outer", "Relation Name": "link_type", "Alias": "lt", "Startup Cost": 0.0, "Total Cost": 1.17, "Plan Rows": 17, "Plan Width": 16, "Actual Startup Time": 0.0, "Actual Total Time": 0.0}]}]}, {"Node Type": "Index Scan", "Parent Relationship": "Inner", "Scan Direction": "Forward", "Index Name": "title_pkey", "Relation Name": "title", "Alias": "t2", "Startup Cost": 0.0, "Total Cost": 4.3, "Plan Rows": 1, "Plan Width": 21, "Actual Startup Time": 0.0, "Actual Total Time": 0.0, "Index Cond": "(id = ml.linked_movie_id)", "Rows Removed by Index Recheck": 0}]}]}, "Triggers": [], "Planner Runtime": 5, "Total Runtime": 41.389, "Unique SQL Id": 524435555}}, "(1, 105)": {"explain_plan": {"Plan": {"Node Type": "Aggregate", "Strategy": "Plain", "Startup Cost": 4051.57, "Total Cost": 4051.58, "Plan Rows": 1, "Plan Width": 142, "Plans": [{"Node Type": "Nested Loop", "Parent Relationship": "Outer", "Join Type": "Inner", "Startup Cost": 0.0, "Total Cost": 4050.42, "Plan Rows": 154, "Plan Width": 46, "Inner Unique": true, "Plans": [{"Node Type": "Nested Loop", "Parent Relationship": "Outer", "Join Type": "Inner", "Startup Cost": 0.0, "Total Cost": 3386.84, "Plan Rows": 154, "Plan Width": 33, "Inner Unique": true, "Plans": [{"Node Type": "Nested Loop", "Parent Relationship": "Outer", "Join Type": "Inner", "Startup Cost": 0.0, "Total Cost": 3343.66, "Plan Rows": 154, "Plan Width": 25, "Inner Unique": false, "Plans": [{"Node Type": "Nested Loop", "Parent Relationship": "Outer", "Join Type": "Inner", "Startup Cost": 0.0, "Total Cost": 3330.45, "Plan Rows": 33, "Plan Width": 25, "Inner Unique": true, "Plans": [{"Node Type": "Nested Loop", "Parent Relationship": "Outer", "Join Type": "Inner", "Startup Cost": 0.0, "Total Cost": 3319.92, "Plan Rows": 33, "Plan Width": 4, "Inner Unique": false, "Plans": [{"Node Type": "Index Scan", "Parent Relationship": "Outer", "Scan Direction": "Forward", "Index Name": "keyword_pkey", "Relation Name": "keyword", "Alias": "k", "Startup Cost": 0.0, "Total Cost": 3182.72, "Plan Rows": 1, "Plan Width": 4, "Filter": "((keyword)::text = '10,000-mile-club'::text)"}, {"Node Type": "Index Scan", "Parent Relationship": "Inner", "Scan Direction": "Forward", "Index Name": "keyword_id_movie_keyword", "Relation Name": "movie_keyword", "Alias": "mk", "Startup Cost": 0.0, "Total Cost": 136.88, "Plan Rows": 33, "Plan Width": 8, "Index Cond": "(keyword_id = k.id)"}]}, {"Node Type": "Index Scan", "Parent Relationship": "Inner", "Scan Direction": "Forward", "Index Name": "title_pkey", "Relation Name": "title", "Alias": "t1", "Startup Cost": 0.0, "Total Cost": 0.31, "Plan Rows": 1, "Plan Width": 21, "Index Cond": "(id = mk.movie_id)"}]}, {"Node Type": "Index Scan", "Parent Relationship": "Inner", "Scan Direction": "Forward", "Index Name": "movie_id_movie_link", "Relation Name": "movie_link", "Alias": "ml", "Startup Cost": 0.0, "Total Cost": 0.35, "Plan Rows": 5, "Plan Width": 12, "Index Cond": "(movie_id = t1.id)"}]}, {"Node Type": "Index Scan", "Parent Relationship": "Inner", "Scan Direction": "Forward", "Index Name": "link_type_pkey", "Relation Name": "link_type", "Alias": "lt", "Startup Cost": 0.0, "Total Cost": 0.27, "Plan Rows": 1, "Plan Width": 16, "Index Cond": "(id = ml.link_type_id)"}]}, {"Node Type": "Index Scan", "Parent Relationship": "Inner", "Scan Direction": "Forward", "Index Name": "title_pkey", "Relation Name": "title", "Alias": "t2", "Startup Cost": 0.0, "Total Cost": 4.3, "Plan Rows": 1, "Plan Width": 21, "Index Cond": "(id = ml.linked_movie_id)"}]}]}, "Unique SQL Id": 524435555, "Planner Runtime": 2}, "explain_analyze_plan": {"Plan": {"Node Type": "Aggregate", "Strategy": "Plain", "Startup Cost": 4051.57, "Total Cost": 4051.58, "Plan Rows": 1, "Plan Width": 142, "Actual Startup Time": 116.677, "Actual Total Time": 116.678, "Actual Rows": 1, "Actual Loops": 1, "Plans": [{"Node Type": "Nested Loop", "Parent Relationship": "Outer", "Join Type": "Inner", "Startup Cost": 0.0, "Total Cost": 4050.42, "Plan Rows": 154, "Plan Width": 46, "Actual Startup Time": 116.671, "Actual Total Time": 116.671, "Actual Rows": 0, "Actual Loops": 1, "Inner Unique": true, "Plans": [{"Node Type": "Nested Loop", "Parent Relationship": "Outer", "Join Type": "Inner", "Startup Cost": 0.0, "Total Cost": 3386.84, "Plan Rows": 154, "Plan Width": 33, "Actual Startup Time": 116.668, "Actual Total Time": 116.668, "Actual Rows": 0, "Actual Loops": 1, "Inner Unique": true, "Plans": [{"Node Type": "Nested Loop", "Parent Relationship": "Outer", "Join Type": "Inner", "Startup Cost": 0.0, "Total Cost": 3343.66, "Plan Rows": 154, "Plan Width": 25, "Actual Startup Time": 116.667, "Actual Total Time": 116.667, "Actual Rows": 0, "Actual Loops": 1, "Inner Unique": false, "Plans": [{"Node Type": "Nested Loop", "Parent Relationship": "Outer", "Join Type": "Inner", "Startup Cost": 0.0, "Total Cost": 3330.45, "Plan Rows": 33, "Plan Width": 25, "Actual Startup Time": 114.781, "Actual Total Time": 116.653, "Actual Rows": 1, "Actual Loops": 1, "Inner Unique": true, "Plans": [{"Node Type": "Nested Loop", "Parent Relationship": "Outer", "Join Type": "Inner", "Startup Cost": 0.0, "Total Cost": 3319.92, "Plan Rows": 33, "Plan Width": 4, "Actual Startup Time": 114.757, "Actual Total Time": 116.628, "Actual Rows": 1, "Actual Loops": 1, "Inner Unique": false, "Plans": [{"Node Type": "Index Scan", "Parent Relationship": "Outer", "Scan Direction": "Forward", "Index Name": "keyword_pkey", "Relation Name": "keyword", "Alias": "k", "Startup Cost": 0.0, "Total Cost": 3182.72, "Plan Rows": 1, "Plan Width": 4, "Actual Startup Time": 114.722, "Actual Total Time": 116.591, "Actual Rows": 1, "Actual Loops": 1, "Filter": "((keyword)::text = '10,000-mile-club'::text)", "Rows Removed by Filter": 134168}, {"Node Type": "Index Scan", "Parent Relationship": "Inner", "Scan Direction": "Forward", "Index Name": "keyword_id_movie_keyword", "Relation Name": "movie_keyword", "Alias": "mk", "Startup Cost": 0.0, "Total Cost": 136.88, "Plan Rows": 33, "Plan Width": 8, "Actual Startup Time": 0.023, "Actual Total Time": 0.023, "Actual Rows": 1, "Actual Loops": 1, "Index Cond": "(keyword_id = k.id)", "Rows Removed by Index Recheck": 0}]}, {"Node Type": "Index Scan", "Parent Relationship": "Inner", "Scan Direction": "Forward", "Index Name": "title_pkey", "Relation Name": "title", "Alias": "t1", "Startup Cost": 0.0, "Total Cost": 0.31, "Plan Rows": 1, "Plan Width": 21, "Actual Startup Time": 0.017, "Actual Total Time": 0.017, "Actual Rows": 1, "Actual Loops": 1, "Index Cond": "(id = mk.movie_id)", "Rows Removed by Index Recheck": 0}]}, {"Node Type": "Index Scan", "Parent Relationship": "Inner", "Scan Direction": "Forward", "Index Name": "movie_id_movie_link", "Relation Name": "movie_link", "Alias": "ml", "Startup Cost": 0.0, "Total Cost": 0.35, "Plan Rows": 5, "Plan Width": 12, "Actual Startup Time": 0.009, "Actual Total Time": 0.009, "Actual Rows": 0, "Actual Loops": 1, "Index Cond": "(movie_id = t1.id)", "Rows Removed by Index Recheck": 0}]}, {"Node Type": "Index Scan", "Parent Relationship": "Inner", "Scan Direction": "Forward", "Index Name": "link_type_pkey", "Relation Name": "link_type", "Alias": "lt", "Startup Cost": 0.0, "Total Cost": 0.27, "Plan Rows": 1, "Plan Width": 16, "Actual Startup Time": 0.0, "Actual Total Time": 0.0, "Index Cond": "(id = ml.link_type_id)", "Rows Removed by Index Recheck": 0}]}, {"Node Type": "Index Scan", "Parent Relationship": "Inner", "Scan Direction": "Forward", "Index Name": "title_pkey", "Relation Name": "title", "Alias": "t2", "Startup Cost": 0.0, "Total Cost": 4.3, "Plan Rows": 1, "Plan Width": 21, "Actual Startup Time": 0.0, "Actual Total Time": 0.0, "Index Cond": "(id = ml.linked_movie_id)", "Rows Removed by Index Recheck": 0}]}]}, "Triggers": [], "Planner Runtime": 2, "Total Runtime": 116.955, "Unique SQL Id": 524435555}}, "(1, 106)": {"explain_plan": {"Plan": {"Node Type": "Aggregate", "Strategy": "Plain", "Startup Cost": 216137.06, "Total Cost": 216137.07, "Plan Rows": 1, "Plan Width": 142, "Plans": [{"Node Type": "Hash Join", "Parent Relationship": "Outer", "Join Type": "Inner", "Startup Cost": 146581.97, "Total Cost": 216135.9, "Plan Rows": 154, "Plan Width": 46, "Inner Unique": true, "Hash Cond": "(ml.link_type_id = lt.id)", "Plans": [{"Node Type": "Hash Join", "Parent Relationship": "Outer", "Join Type": "Inner", "Startup Cost": 146580.59, "Total Cost": 216132.4, "Plan Rows": 154, "Plan Width": 38, "Inner Unique": false, "Hash Cond": "(t2.id = ml.linked_movie_id)", "Plans": [{"Node Type": "Seq Scan", "Parent Relationship": "Outer", "Relation Name": "title", "Alias": "t2", "Startup Cost": 0.0, "Total Cost": 60069.11, "Plan Rows": 2528311, "Plan Width": 21}, {"Node Type": "Hash", "Parent Relationship": "Inner", "Startup Cost": 146578.66, "Total Cost": 146578.66, "Plan Rows": 154, "Plan Width": 25, "Plans": [{"Node Type": "Hash Join", "Parent Relationship": "Outer", "Join Type": "Inner", "Startup Cost": 77022.17, "Total Cost": 146578.66, "Plan Rows": 154, "Plan Width": 25, "Inner Unique": false, "Hash Cond": "(t1.id = ml.movie_id)", "Plans": [{"Node Type": "Hash Join", "Parent Relationship": "Outer", "Join Type": "Inner", "Startup Cost": 76216.26, "Total Cost": 145766.86, "Plan Rows": 33, "Plan Width": 25, "Inner Unique": false, "Hash Cond": "(t1.id = mk.movie_id)", "Plans": [{"Node Type": "Seq Scan", "Parent Relationship": "Outer", "Relation Name": "title", "Alias": "t1", "Startup Cost": 0.0, "Total Cost": 60069.11, "Plan Rows": 2528311, "Plan Width": 21}, {"Node Type": "Hash", "Parent Relationship": "Inner", "Startup Cost": 76215.84, "Total Cost": 76215.84, "Plan Rows": 33, "Plan Width": 4, "Plans": [{"Node Type": "Hash Join", "Parent Relationship": "Outer", "Join Type": "Inner", "Startup Cost": 2436.12, "Total Cost": 76215.84, "Plan Rows": 33, "Plan Width": 4, "Inner Unique": true, "Hash Cond": "(mk.keyword_id = k.id)", "Plans": [{"Node Type": "Seq Scan", "Parent Relationship": "Outer", "Relation Name": "movie_keyword", "Alias": "mk", "Startup Cost": 0.0, "Total Cost": 62441.29, "Plan Rows": 4523929, "Plan Width": 8}, {"Node Type": "Hash", "Parent Relationship": "Inner", "Startup Cost": 2436.11, "Total Cost": 2436.11, "Plan Rows": 1, "Plan Width": 4, "Plans": [{"Node Type": "Seq Scan", "Parent Relationship": "Outer", "Relation Name": "keyword", "Alias": "k", "Startup Cost": 0.0, "Total Cost": 2436.11, "Plan Rows": 1, "Plan Width": 4, "Filter": "((keyword)::text = '10,000-mile-club'::text)"}]}]}]}]}, {"Node Type": "Hash", "Parent Relationship": "Inner", "Startup Cost": 430.96, "Total Cost": 430.96, "Plan Rows": 29996, "Plan Width": 12, "Plans": [{"Node Type": "Seq Scan", "Parent Relationship": "Outer", "Relation Name": "movie_link", "Alias": "ml", "Startup Cost": 0.0, "Total Cost": 430.96, "Plan Rows": 29996, "Plan Width": 12}]}]}]}]}, {"Node Type": "Hash", "Parent Relationship": "Inner", "Startup Cost": 1.17, "Total Cost": 1.17, "Plan Rows": 17, "Plan Width": 16, "Plans": [{"Node Type": "Seq Scan", "Parent Relationship": "Outer", "Relation Name": "link_type", "Alias": "lt", "Startup Cost": 0.0, "Total Cost": 1.17, "Plan Rows": 17, "Plan Width": 16}]}]}]}, "Unique SQL Id": 524435555, "Planner Runtime": 6}, "explain_analyze_plan": null}, "(1, 107)": {"explain_plan": {"Plan": {"Node Type": "Aggregate", "Strategy": "Plain", "Startup Cost": 6000022526696.47, "Total Cost": 6000022526696.48, "Plan Rows": 1, "Plan Width": 142, "Plans": [{"Node Type": "Hash Join", "Parent Relationship": "Outer", "Join Type": "Inner", "Startup Cost": 4020022195138.15, "Total Cost": 6000022526695.31, "Plan Rows": 154, "Plan Width": 46, "Inner Unique": true, "Hash Cond": "(ml.linked_movie_id = t2.id)", "Plans": [{"Node Type": "Hash Join", "Parent Relationship": "Outer", "Join Type": "Inner", "Startup Cost": 3020011151485.34, "Total Cost": 5000011483040.39, "Plan Rows": 154, "Plan Width": 33, "Inner Unique": true, "Hash Cond": "(mk.movie_id = t1.id)", "Plans": [{"Node Type": "Hash Join", "Parent Relationship": "Outer", "Join Type": "Inner", "Startup Cost": 2020000107832.54, "Total Cost": 4000000439385.47, "Plan Rows": 154, "Plan Width": 24, "Inner Unique": true, "Hash Cond": "(ml.link_type_id = lt.id)", "Plans": [{"Node Type": "Hash Join", "Parent Relationship": "Outer", "Join Type": "Inner", "Startup Cost": 1020000106581.83, "Total Cost": 3000000438132.64, "Plan Rows": 154, "Plan Width": 16, "Inner Unique": false, "Hash Cond": "(mk.movie_id = ml.movie_id)", "Plans": [{"Node Type": "Nested Loop", "Parent Relationship": "Outer", "Join Type": "Inner", "Startup Cost": 20000000004.51, "Total Cost": 2000000331530.23, "Plan Rows": 33, "Plan Width": 4, "Inner Unique": false, "Plans": [{"Node Type": "Index Scan", "Parent Relationship": "Outer", "Scan Direction": "Forward", "Index Name": "keyword_pkey", "Relation Name": "keyword", "Alias": "k", "Startup Cost": 10000000000.0, "Total Cost": 1000000318271.68, "Plan Rows": 1, "Plan Width": 4, "Filter": "((keyword)::text = '10,000-mile-club'::text)"}, {"Node Type": "Bitmap Heap Scan", "Parent Relationship": "Inner", "Relation Name": "movie_keyword", "Alias": "mk", "Startup Cost": 10000000004.51, "Total Cost": 1000000013258.21, "Plan Rows": 33, "Plan Width": 8, "Recheck Cond": "(keyword_id = k.id)", "Plans": [{"Node Type": "Bitmap Index Scan", "Parent Relationship": "Outer", "Index Name": "keyword_id_movie_keyword", "Startup Cost": 0.0, "Total Cost": 4.5, "Plan Rows": 33, "Plan Width": 0, "Index Cond": "(keyword_id = k.id)"}]}]}, {"Node Type": "Hash", "Parent Relationship": "Inner", "Startup Cost": 1000000106202.37, "Total Cost": 1000000106202.37, "Plan Rows": 29996, "Plan Width": 12, "Plans": [{"Node Type": "Index Scan", "Parent Relationship": "Outer", "Scan Direction": "Forward", "Index Name": "movie_id_movie_link", "Relation Name": "movie_link", "Alias": "ml", "Startup Cost": 10000000000.0, "Total Cost": 1000000106202.37, "Plan Rows": 29996, "Plan Width": 12}]}]}, {"Node Type": "Hash", "Parent Relationship": "Inner", "Startup Cost": 1000000001250.5, "Total Cost": 1000000001250.5, "Plan Rows": 17, "Plan Width": 16, "Plans": [{"Node Type": "Index Scan", "Parent Relationship": "Outer", "Scan Direction": "Forward", "Index Name": "link_type_pkey", "Relation Name": "link_type", "Alias": "lt", "Startup Cost": 10000000000.0, "Total Cost": 1000000001250.5, "Plan Rows": 17, "Plan Width": 16}]}]}, {"Node Type": "Hash", "Parent Relationship": "Inner", "Startup Cost": 1000011012048.91, "Total Cost": 1000011012048.91, "Plan Rows": 2528311, "Plan Width": 21, "Plans": [{"Node Type": "Index Scan", "Parent Relationship": "Outer", "Scan Direction": "Forward", "Index Name": "title_pkey", "Relation Name": "title", "Alias": "t1", "Startup Cost": 10000000000.0, "Total Cost": 1000011012048.91, "Plan Rows": 2528311, "Plan Width": 21}]}]}, {"Node Type": "Hash", "Parent Relationship": "Inner", "Startup Cost": 1000011012048.91, "Total Cost": 1000011012048.91, "Plan Rows": 2528311, "Plan Width": 21, "Plans": [{"Node Type": "Index Scan", "Parent Relationship": "Outer", "Scan Direction": "Forward", "Index Name": "title_pkey", "Relation Name": "title", "Alias": "t2", "Startup Cost": 10000000000.0, "Total Cost": 1000011012048.91, "Plan Rows": 2528311, "Plan Width": 21}]}]}]}, "Unique SQL Id": 524435555, "Planner Runtime": 6}, "explain_analyze_plan": null}, "(1, 108)": {"explain_plan": {"Plan": {"Node Type": "Aggregate", "Strategy": "Plain", "Startup Cost": 3265.11, "Total Cost": 3265.12, "Plan Rows": 1, "Plan Width": 142, "Plans": [{"Node Type": "Nested Loop", "Parent Relationship": "Outer", "Join Type": "Inner", "Startup Cost": 1.38, "Total Cost": 3263.96, "Plan Rows": 154, "Plan Width": 46, "Inner Unique": true, "Plans": [{"Node Type": "Hash Join", "Parent Relationship": "Outer", "Join Type": "Inner", "Startup Cost": 1.38, "Total Cost": 2600.38, "Plan Rows": 154, "Plan Width": 33, "Inner Unique": true, "Hash Cond": "(ml.link_type_id = lt.id)", "Plans": [{"Node Type": "Nested Loop", "Parent Relationship": "Outer", "Join Type": "Inner", "Startup Cost": 0.0, "Total Cost": 2597.06, "Plan Rows": 154, "Plan Width": 25, "Inner Unique": false, "Plans": [{"Node Type": "Nested Loop", "Parent Relationship": "Outer", "Join Type": "Inner", "Startup Cost": 0.0, "Total Cost": 2583.84, "Plan Rows": 33, "Plan Width": 25, "Inner Unique": true, "Plans": [{"Node Type": "Nested Loop", "Parent Relationship": "Outer", "Join Type": "Inner", "Startup Cost": 0.0, "Total Cost": 2573.32, "Plan Rows": 33, "Plan Width": 4, "Inner Unique": false, "Plans": [{"Node Type": "Seq Scan", "Parent Relationship": "Outer", "Relation Name": "keyword", "Alias": "k", "Startup Cost": 0.0, "Total Cost": 2436.11, "Plan Rows": 1, "Plan Width": 4, "Filter": "((keyword)::text = '10,000-mile-club'::text)"}, {"Node Type": "Index Scan", "Parent Relationship": "Inner", "Scan Direction": "Forward", "Index Name": "keyword_id_movie_keyword", "Relation Name": "movie_keyword", "Alias": "mk", "Startup Cost": 0.0, "Total Cost": 136.88, "Plan Rows": 33, "Plan Width": 8, "Index Cond": "(keyword_id = k.id)"}]}, {"Node Type": "Index Scan", "Parent Relationship": "Inner", "Scan Direction": "Forward", "Index Name": "title_pkey", "Relation Name": "title", "Alias": "t1", "Startup Cost": 0.0, "Total Cost": 0.31, "Plan Rows": 1, "Plan Width": 21, "Index Cond": "(id = mk.movie_id)"}]}, {"Node Type": "Index Scan", "Parent Relationship": "Inner", "Scan Direction": "Forward", "Index Name": "movie_id_movie_link", "Relation Name": "movie_link", "Alias": "ml", "Startup Cost": 0.0, "Total Cost": 0.35, "Plan Rows": 5, "Plan Width": 12, "Index Cond": "(movie_id = t1.id)"}]}, {"Node Type": "Hash", "Parent Relationship": "Inner", "Startup Cost": 1.17, "Total Cost": 1.17, "Plan Rows": 17, "Plan Width": 16, "Plans": [{"Node Type": "Seq Scan", "Parent Relationship": "Outer", "Relation Name": "link_type", "Alias": "lt", "Startup Cost": 0.0, "Total Cost": 1.17, "Plan Rows": 17, "Plan Width": 16}]}]}, {"Node Type": "Index Scan", "Parent Relationship": "Inner", "Scan Direction": "Forward", "Index Name": "title_pkey", "Relation Name": "title", "Alias": "t2", "Startup Cost": 0.0, "Total Cost": 4.3, "Plan Rows": 1, "Plan Width": 21, "Index Cond": "(id = ml.linked_movie_id)"}]}]}, "Unique SQL Id": 524435555, "Planner Runtime": 5}, "explain_analyze_plan": {"Plan": {"Node Type": "Aggregate", "Strategy": "Plain", "Startup Cost": 3265.11, "Total Cost": 3265.12, "Plan Rows": 1, "Plan Width": 142, "Actual Startup Time": 41.179, "Actual Total Time": 41.179, "Actual Rows": 1, "Actual Loops": 1, "Plans": [{"Node Type": "Nested Loop", "Parent Relationship": "Outer", "Join Type": "Inner", "Startup Cost": 1.38, "Total Cost": 3263.96, "Plan Rows": 154, "Plan Width": 46, "Actual Startup Time": 41.172, "Actual Total Time": 41.172, "Actual Rows": 0, "Actual Loops": 1, "Inner Unique": true, "Plans": [{"Node Type": "Hash Join", "Parent Relationship": "Outer", "Join Type": "Inner", "Startup Cost": 1.38, "Total Cost": 2600.38, "Plan Rows": 154, "Plan Width": 33, "Actual Startup Time": 41.171, "Actual Total Time": 41.171, "Actual Rows": 0, "Actual Loops": 1, "Inner Unique": true, "Hash Cond": "(ml.link_type_id = lt.id)", "Plans": [{"Node Type": "Nested Loop", "Parent Relationship": "Outer", "Join Type": "Inner", "Startup Cost": 0.0, "Total Cost": 2597.06, "Plan Rows": 154, "Plan Width": 25, "Actual Startup Time": 41.165, "Actual Total Time": 41.165, "Actual Rows": 0, "Actual Loops": 1, "Inner Unique": false, "Plans": [{"Node Type": "Nested Loop", "Parent Relationship": "Outer", "Join Type": "Inner", "Startup Cost": 0.0, "Total Cost": 2583.84, "Plan Rows": 33, "Plan Width": 25, "Actual Startup Time": 40.28, "Actual Total Time": 41.161, "Actual Rows": 1, "Actual Loops": 1, "Inner Unique": true, "Plans": [{"Node Type": "Nested Loop", "Parent Relationship": "Outer", "Join Type": "Inner", "Startup Cost": 0.0, "Total Cost": 2573.32, "Plan Rows": 33, "Plan Width": 4, "Actual Startup Time": 40.268, "Actual Total Time": 41.149, "Actual Rows": 1, "Actual Loops": 1, "Inner Unique": false, "Plans": [{"Node Type": "Seq Scan", "Parent Relationship": "Outer", "Relation Name": "keyword", "Alias": "k", "Startup Cost": 0.0, "Total Cost": 2436.11, "Plan Rows": 1, "Plan Width": 4, "Actual Startup Time": 40.247, "Actual Total Time": 41.126, "Actual Rows": 1, "Actual Loops": 1, "Filter": "((keyword)::text = '10,000-mile-club'::text)", "Rows Removed by Filter": 134168}, {"Node Type": "Index Scan", "Parent Relationship": "Inner", "Scan Direction": "Forward", "Index Name": "keyword_id_movie_keyword", "Relation Name": "movie_keyword", "Alias": "mk", "Startup Cost": 0.0, "Total Cost": 136.88, "Plan Rows": 33, "Plan Width": 8, "Actual Startup Time": 0.015, "Actual Total Time": 0.016, "Actual Rows": 1, "Actual Loops": 1, "Index Cond": "(keyword_id = k.id)", "Rows Removed by Index Recheck": 0}]}, {"Node Type": "Index Scan", "Parent Relationship": "Inner", "Scan Direction": "Forward", "Index Name": "title_pkey", "Relation Name": "title", "Alias": "t1", "Startup Cost": 0.0, "Total Cost": 0.31, "Plan Rows": 1, "Plan Width": 21, "Actual Startup Time": 0.009, "Actual Total Time": 0.009, "Actual Rows": 1, "Actual Loops": 1, "Index Cond": "(id = mk.movie_id)", "Rows Removed by Index Recheck": 0}]}, {"Node Type": "Index Scan", "Parent Relationship": "Inner", "Scan Direction": "Forward", "Index Name": "movie_id_movie_link", "Relation Name": "movie_link", "Alias": "ml", "Startup Cost": 0.0, "Total Cost": 0.35, "Plan Rows": 5, "Plan Width": 12, "Actual Startup Time": 0.003, "Actual Total Time": 0.003, "Actual Rows": 0, "Actual Loops": 1, "Index Cond": "(movie_id = t1.id)", "Rows Removed by Index Recheck": 0}]}, {"Node Type": "Hash", "Parent Relationship": "Inner", "Startup Cost": 1.17, "Total Cost": 1.17, "Plan Rows": 17, "Plan Width": 16, "Actual Startup Time": 0.0, "Actual Total Time": 0.0, "Hash Buckets": 0, "Hash Batches": 0, "Original Hash Batches": 0, "Peak Memory Usage": 0, "Plans": [{"Node Type": "Seq Scan", "Parent Relationship": "Outer", "Relation Name": "link_type", "Alias": "lt", "Startup Cost": 0.0, "Total Cost": 1.17, "Plan Rows": 17, "Plan Width": 16, "Actual Startup Time": 0.0, "Actual Total Time": 0.0}]}]}, {"Node Type": "Index Scan", "Parent Relationship": "Inner", "Scan Direction": "Forward", "Index Name": "title_pkey", "Relation Name": "title", "Alias": "t2", "Startup Cost": 0.0, "Total Cost": 4.3, "Plan Rows": 1, "Plan Width": 21, "Actual Startup Time": 0.0, "Actual Total Time": 0.0, "Index Cond": "(id = ml.linked_movie_id)", "Rows Removed by Index Recheck": 0}]}]}, "Triggers": [], "Planner Runtime": 5, "Total Runtime": 41.389, "Unique SQL Id": 524435555}}, "(1, 109)": {"explain_plan": {"Plan": {"Node Type": "Aggregate", "Strategy": "Plain", "Startup Cost": 4051.57, "Total Cost": 4051.58, "Plan Rows": 1, "Plan Width": 142, "Plans": [{"Node Type": "Nested Loop", "Parent Relationship": "Outer", "Join Type": "Inner", "Startup Cost": 0.0, "Total Cost": 4050.42, "Plan Rows": 154, "Plan Width": 46, "Inner Unique": true, "Plans": [{"Node Type": "Nested Loop", "Parent Relationship": "Outer", "Join Type": "Inner", "Startup Cost": 0.0, "Total Cost": 3386.84, "Plan Rows": 154, "Plan Width": 33, "Inner Unique": true, "Plans": [{"Node Type": "Nested Loop", "Parent Relationship": "Outer", "Join Type": "Inner", "Startup Cost": 0.0, "Total Cost": 3343.66, "Plan Rows": 154, "Plan Width": 25, "Inner Unique": false, "Plans": [{"Node Type": "Nested Loop", "Parent Relationship": "Outer", "Join Type": "Inner", "Startup Cost": 0.0, "Total Cost": 3330.45, "Plan Rows": 33, "Plan Width": 25, "Inner Unique": true, "Plans": [{"Node Type": "Nested Loop", "Parent Relationship": "Outer", "Join Type": "Inner", "Startup Cost": 0.0, "Total Cost": 3319.92, "Plan Rows": 33, "Plan Width": 4, "Inner Unique": false, "Plans": [{"Node Type": "Index Scan", "Parent Relationship": "Outer", "Scan Direction": "Forward", "Index Name": "keyword_pkey", "Relation Name": "keyword", "Alias": "k", "Startup Cost": 0.0, "Total Cost": 3182.72, "Plan Rows": 1, "Plan Width": 4, "Filter": "((keyword)::text = '10,000-mile-club'::text)"}, {"Node Type": "Index Scan", "Parent Relationship": "Inner", "Scan Direction": "Forward", "Index Name": "keyword_id_movie_keyword", "Relation Name": "movie_keyword", "Alias": "mk", "Startup Cost": 0.0, "Total Cost": 136.88, "Plan Rows": 33, "Plan Width": 8, "Index Cond": "(keyword_id = k.id)"}]}, {"Node Type": "Index Scan", "Parent Relationship": "Inner", "Scan Direction": "Forward", "Index Name": "title_pkey", "Relation Name": "title", "Alias": "t1", "Startup Cost": 0.0, "Total Cost": 0.31, "Plan Rows": 1, "Plan Width": 21, "Index Cond": "(id = mk.movie_id)"}]}, {"Node Type": "Index Scan", "Parent Relationship": "Inner", "Scan Direction": "Forward", "Index Name": "movie_id_movie_link", "Relation Name": "movie_link", "Alias": "ml", "Startup Cost": 0.0, "Total Cost": 0.35, "Plan Rows": 5, "Plan Width": 12, "Index Cond": "(movie_id = t1.id)"}]}, {"Node Type": "Index Scan", "Parent Relationship": "Inner", "Scan Direction": "Forward", "Index Name": "link_type_pkey", "Relation Name": "link_type", "Alias": "lt", "Startup Cost": 0.0, "Total Cost": 0.27, "Plan Rows": 1, "Plan Width": 16, "Index Cond": "(id = ml.link_type_id)"}]}, {"Node Type": "Index Scan", "Parent Relationship": "Inner", "Scan Direction": "Forward", "Index Name": "title_pkey", "Relation Name": "title", "Alias": "t2", "Startup Cost": 0.0, "Total Cost": 4.3, "Plan Rows": 1, "Plan Width": 21, "Index Cond": "(id = ml.linked_movie_id)"}]}]}, "Unique SQL Id": 524435555, "Planner Runtime": 2}, "explain_analyze_plan": {"Plan": {"Node Type": "Aggregate", "Strategy": "Plain", "Startup Cost": 4051.57, "Total Cost": 4051.58, "Plan Rows": 1, "Plan Width": 142, "Actual Startup Time": 116.677, "Actual Total Time": 116.678, "Actual Rows": 1, "Actual Loops": 1, "Plans": [{"Node Type": "Nested Loop", "Parent Relationship": "Outer", "Join Type": "Inner", "Startup Cost": 0.0, "Total Cost": 4050.42, "Plan Rows": 154, "Plan Width": 46, "Actual Startup Time": 116.671, "Actual Total Time": 116.671, "Actual Rows": 0, "Actual Loops": 1, "Inner Unique": true, "Plans": [{"Node Type": "Nested Loop", "Parent Relationship": "Outer", "Join Type": "Inner", "Startup Cost": 0.0, "Total Cost": 3386.84, "Plan Rows": 154, "Plan Width": 33, "Actual Startup Time": 116.668, "Actual Total Time": 116.668, "Actual Rows": 0, "Actual Loops": 1, "Inner Unique": true, "Plans": [{"Node Type": "Nested Loop", "Parent Relationship": "Outer", "Join Type": "Inner", "Startup Cost": 0.0, "Total Cost": 3343.66, "Plan Rows": 154, "Plan Width": 25, "Actual Startup Time": 116.667, "Actual Total Time": 116.667, "Actual Rows": 0, "Actual Loops": 1, "Inner Unique": false, "Plans": [{"Node Type": "Nested Loop", "Parent Relationship": "Outer", "Join Type": "Inner", "Startup Cost": 0.0, "Total Cost": 3330.45, "Plan Rows": 33, "Plan Width": 25, "Actual Startup Time": 114.781, "Actual Total Time": 116.653, "Actual Rows": 1, "Actual Loops": 1, "Inner Unique": true, "Plans": [{"Node Type": "Nested Loop", "Parent Relationship": "Outer", "Join Type": "Inner", "Startup Cost": 0.0, "Total Cost": 3319.92, "Plan Rows": 33, "Plan Width": 4, "Actual Startup Time": 114.757, "Actual Total Time": 116.628, "Actual Rows": 1, "Actual Loops": 1, "Inner Unique": false, "Plans": [{"Node Type": "Index Scan", "Parent Relationship": "Outer", "Scan Direction": "Forward", "Index Name": "keyword_pkey", "Relation Name": "keyword", "Alias": "k", "Startup Cost": 0.0, "Total Cost": 3182.72, "Plan Rows": 1, "Plan Width": 4, "Actual Startup Time": 114.722, "Actual Total Time": 116.591, "Actual Rows": 1, "Actual Loops": 1, "Filter": "((keyword)::text = '10,000-mile-club'::text)", "Rows Removed by Filter": 134168}, {"Node Type": "Index Scan", "Parent Relationship": "Inner", "Scan Direction": "Forward", "Index Name": "keyword_id_movie_keyword", "Relation Name": "movie_keyword", "Alias": "mk", "Startup Cost": 0.0, "Total Cost": 136.88, "Plan Rows": 33, "Plan Width": 8, "Actual Startup Time": 0.023, "Actual Total Time": 0.023, "Actual Rows": 1, "Actual Loops": 1, "Index Cond": "(keyword_id = k.id)", "Rows Removed by Index Recheck": 0}]}, {"Node Type": "Index Scan", "Parent Relationship": "Inner", "Scan Direction": "Forward", "Index Name": "title_pkey", "Relation Name": "title", "Alias": "t1", "Startup Cost": 0.0, "Total Cost": 0.31, "Plan Rows": 1, "Plan Width": 21, "Actual Startup Time": 0.017, "Actual Total Time": 0.017, "Actual Rows": 1, "Actual Loops": 1, "Index Cond": "(id = mk.movie_id)", "Rows Removed by Index Recheck": 0}]}, {"Node Type": "Index Scan", "Parent Relationship": "Inner", "Scan Direction": "Forward", "Index Name": "movie_id_movie_link", "Relation Name": "movie_link", "Alias": "ml", "Startup Cost": 0.0, "Total Cost": 0.35, "Plan Rows": 5, "Plan Width": 12, "Actual Startup Time": 0.009, "Actual Total Time": 0.009, "Actual Rows": 0, "Actual Loops": 1, "Index Cond": "(movie_id = t1.id)", "Rows Removed by Index Recheck": 0}]}, {"Node Type": "Index Scan", "Parent Relationship": "Inner", "Scan Direction": "Forward", "Index Name": "link_type_pkey", "Relation Name": "link_type", "Alias": "lt", "Startup Cost": 0.0, "Total Cost": 0.27, "Plan Rows": 1, "Plan Width": 16, "Actual Startup Time": 0.0, "Actual Total Time": 0.0, "Index Cond": "(id = ml.link_type_id)", "Rows Removed by Index Recheck": 0}]}, {"Node Type": "Index Scan", "Parent Relationship": "Inner", "Scan Direction": "Forward", "Index Name": "title_pkey", "Relation Name": "title", "Alias": "t2", "Startup Cost": 0.0, "Total Cost": 4.3, "Plan Rows": 1, "Plan Width": 21, "Actual Startup Time": 0.0, "Actual Total Time": 0.0, "Index Cond": "(id = ml.linked_movie_id)", "Rows Removed by Index Recheck": 0}]}]}, "Triggers": [], "Planner Runtime": 2, "Total Runtime": 116.955, "Unique SQL Id": 524435555}}, "(1, 110)": {"explain_plan": {"Plan": {"Node Type": "Aggregate", "Strategy": "Plain", "Startup Cost": 216137.06, "Total Cost": 216137.07, "Plan Rows": 1, "Plan Width": 142, "Plans": [{"Node Type": "Hash Join", "Parent Relationship": "Outer", "Join Type": "Inner", "Startup Cost": 146581.97, "Total Cost": 216135.9, "Plan Rows": 154, "Plan Width": 46, "Inner Unique": true, "Hash Cond": "(ml.link_type_id = lt.id)", "Plans": [{"Node Type": "Hash Join", "Parent Relationship": "Outer", "Join Type": "Inner", "Startup Cost": 146580.59, "Total Cost": 216132.4, "Plan Rows": 154, "Plan Width": 38, "Inner Unique": false, "Hash Cond": "(t2.id = ml.linked_movie_id)", "Plans": [{"Node Type": "Seq Scan", "Parent Relationship": "Outer", "Relation Name": "title", "Alias": "t2", "Startup Cost": 0.0, "Total Cost": 60069.11, "Plan Rows": 2528311, "Plan Width": 21}, {"Node Type": "Hash", "Parent Relationship": "Inner", "Startup Cost": 146578.66, "Total Cost": 146578.66, "Plan Rows": 154, "Plan Width": 25, "Plans": [{"Node Type": "Hash Join", "Parent Relationship": "Outer", "Join Type": "Inner", "Startup Cost": 77022.17, "Total Cost": 146578.66, "Plan Rows": 154, "Plan Width": 25, "Inner Unique": false, "Hash Cond": "(t1.id = ml.movie_id)", "Plans": [{"Node Type": "Hash Join", "Parent Relationship": "Outer", "Join Type": "Inner", "Startup Cost": 76216.26, "Total Cost": 145766.86, "Plan Rows": 33, "Plan Width": 25, "Inner Unique": false, "Hash Cond": "(t1.id = mk.movie_id)", "Plans": [{"Node Type": "Seq Scan", "Parent Relationship": "Outer", "Relation Name": "title", "Alias": "t1", "Startup Cost": 0.0, "Total Cost": 60069.11, "Plan Rows": 2528311, "Plan Width": 21}, {"Node Type": "Hash", "Parent Relationship": "Inner", "Startup Cost": 76215.84, "Total Cost": 76215.84, "Plan Rows": 33, "Plan Width": 4, "Plans": [{"Node Type": "Hash Join", "Parent Relationship": "Outer", "Join Type": "Inner", "Startup Cost": 2436.12, "Total Cost": 76215.84, "Plan Rows": 33, "Plan Width": 4, "Inner Unique": true, "Hash Cond": "(mk.keyword_id = k.id)", "Plans": [{"Node Type": "Seq Scan", "Parent Relationship": "Outer", "Relation Name": "movie_keyword", "Alias": "mk", "Startup Cost": 0.0, "Total Cost": 62441.29, "Plan Rows": 4523929, "Plan Width": 8}, {"Node Type": "Hash", "Parent Relationship": "Inner", "Startup Cost": 2436.11, "Total Cost": 2436.11, "Plan Rows": 1, "Plan Width": 4, "Plans": [{"Node Type": "Seq Scan", "Parent Relationship": "Outer", "Relation Name": "keyword", "Alias": "k", "Startup Cost": 0.0, "Total Cost": 2436.11, "Plan Rows": 1, "Plan Width": 4, "Filter": "((keyword)::text = '10,000-mile-club'::text)"}]}]}]}]}, {"Node Type": "Hash", "Parent Relationship": "Inner", "Startup Cost": 430.96, "Total Cost": 430.96, "Plan Rows": 29996, "Plan Width": 12, "Plans": [{"Node Type": "Seq Scan", "Parent Relationship": "Outer", "Relation Name": "movie_link", "Alias": "ml", "Startup Cost": 0.0, "Total Cost": 430.96, "Plan Rows": 29996, "Plan Width": 12}]}]}]}]}, {"Node Type": "Hash", "Parent Relationship": "Inner", "Startup Cost": 1.17, "Total Cost": 1.17, "Plan Rows": 17, "Plan Width": 16, "Plans": [{"Node Type": "Seq Scan", "Parent Relationship": "Outer", "Relation Name": "link_type", "Alias": "lt", "Startup Cost": 0.0, "Total Cost": 1.17, "Plan Rows": 17, "Plan Width": 16}]}]}]}, "Unique SQL Id": 524435555, "Planner Runtime": 6}, "explain_analyze_plan": null}, "(1, 111)": {"explain_plan": {"Plan": {"Node Type": "Aggregate", "Strategy": "Plain", "Startup Cost": 6000022526696.47, "Total Cost": 6000022526696.48, "Plan Rows": 1, "Plan Width": 142, "Plans": [{"Node Type": "Hash Join", "Parent Relationship": "Outer", "Join Type": "Inner", "Startup Cost": 4020022195138.15, "Total Cost": 6000022526695.31, "Plan Rows": 154, "Plan Width": 46, "Inner Unique": true, "Hash Cond": "(ml.linked_movie_id = t2.id)", "Plans": [{"Node Type": "Hash Join", "Parent Relationship": "Outer", "Join Type": "Inner", "Startup Cost": 3020011151485.34, "Total Cost": 5000011483040.39, "Plan Rows": 154, "Plan Width": 33, "Inner Unique": true, "Hash Cond": "(mk.movie_id = t1.id)", "Plans": [{"Node Type": "Hash Join", "Parent Relationship": "Outer", "Join Type": "Inner", "Startup Cost": 2020000107832.54, "Total Cost": 4000000439385.47, "Plan Rows": 154, "Plan Width": 24, "Inner Unique": true, "Hash Cond": "(ml.link_type_id = lt.id)", "Plans": [{"Node Type": "Hash Join", "Parent Relationship": "Outer", "Join Type": "Inner", "Startup Cost": 1020000106581.83, "Total Cost": 3000000438132.64, "Plan Rows": 154, "Plan Width": 16, "Inner Unique": false, "Hash Cond": "(mk.movie_id = ml.movie_id)", "Plans": [{"Node Type": "Nested Loop", "Parent Relationship": "Outer", "Join Type": "Inner", "Startup Cost": 20000000004.51, "Total Cost": 2000000331530.23, "Plan Rows": 33, "Plan Width": 4, "Inner Unique": false, "Plans": [{"Node Type": "Index Scan", "Parent Relationship": "Outer", "Scan Direction": "Forward", "Index Name": "keyword_pkey", "Relation Name": "keyword", "Alias": "k", "Startup Cost": 10000000000.0, "Total Cost": 1000000318271.68, "Plan Rows": 1, "Plan Width": 4, "Filter": "((keyword)::text = '10,000-mile-club'::text)"}, {"Node Type": "Bitmap Heap Scan", "Parent Relationship": "Inner", "Relation Name": "movie_keyword", "Alias": "mk", "Startup Cost": 10000000004.51, "Total Cost": 1000000013258.21, "Plan Rows": 33, "Plan Width": 8, "Recheck Cond": "(keyword_id = k.id)", "Plans": [{"Node Type": "Bitmap Index Scan", "Parent Relationship": "Outer", "Index Name": "keyword_id_movie_keyword", "Startup Cost": 0.0, "Total Cost": 4.5, "Plan Rows": 33, "Plan Width": 0, "Index Cond": "(keyword_id = k.id)"}]}]}, {"Node Type": "Hash", "Parent Relationship": "Inner", "Startup Cost": 1000000106202.37, "Total Cost": 1000000106202.37, "Plan Rows": 29996, "Plan Width": 12, "Plans": [{"Node Type": "Index Scan", "Parent Relationship": "Outer", "Scan Direction": "Forward", "Index Name": "movie_id_movie_link", "Relation Name": "movie_link", "Alias": "ml", "Startup Cost": 10000000000.0, "Total Cost": 1000000106202.37, "Plan Rows": 29996, "Plan Width": 12}]}]}, {"Node Type": "Hash", "Parent Relationship": "Inner", "Startup Cost": 1000000001250.5, "Total Cost": 1000000001250.5, "Plan Rows": 17, "Plan Width": 16, "Plans": [{"Node Type": "Index Scan", "Parent Relationship": "Outer", "Scan Direction": "Forward", "Index Name": "link_type_pkey", "Relation Name": "link_type", "Alias": "lt", "Startup Cost": 10000000000.0, "Total Cost": 1000000001250.5, "Plan Rows": 17, "Plan Width": 16}]}]}, {"Node Type": "Hash", "Parent Relationship": "Inner", "Startup Cost": 1000011012048.91, "Total Cost": 1000011012048.91, "Plan Rows": 2528311, "Plan Width": 21, "Plans": [{"Node Type": "Index Scan", "Parent Relationship": "Outer", "Scan Direction": "Forward", "Index Name": "title_pkey", "Relation Name": "title", "Alias": "t1", "Startup Cost": 10000000000.0, "Total Cost": 1000011012048.91, "Plan Rows": 2528311, "Plan Width": 21}]}]}, {"Node Type": "Hash", "Parent Relationship": "Inner", "Startup Cost": 1000011012048.91, "Total Cost": 1000011012048.91, "Plan Rows": 2528311, "Plan Width": 21, "Plans": [{"Node Type": "Index Scan", "Parent Relationship": "Outer", "Scan Direction": "Forward", "Index Name": "title_pkey", "Relation Name": "title", "Alias": "t2", "Startup Cost": 10000000000.0, "Total Cost": 1000011012048.91, "Plan Rows": 2528311, "Plan Width": 21}]}]}]}, "Unique SQL Id": 524435555, "Planner Runtime": 6}, "explain_analyze_plan": null}, "(1, 112)": {"explain_plan": {"Plan": {"Node Type": "Aggregate", "Strategy": "Plain", "Startup Cost": 3297.98, "Total Cost": 3297.99, "Plan Rows": 1, "Plan Width": 142, "Plans": [{"Node Type": "Nested Loop", "Parent Relationship": "Outer", "Join Type": "Inner", "Startup Cost": 4.51, "Total Cost": 3296.82, "Plan Rows": 154, "Plan Width": 46, "Inner Unique": true, "Plans": [{"Node Type": "Nested Loop", "Parent Relationship": "Outer", "Join Type": "Inner", "Startup Cost": 4.51, "Total Cost": 2633.25, "Plan Rows": 154, "Plan Width": 33, "Inner Unique": true, "Join Filter": "(ml.link_type_id = lt.id)", "Plans": [{"Node Type": "Nested Loop", "Parent Relationship": "Outer", "Join Type": "Inner", "Startup Cost": 4.51, "Total Cost": 2592.76, "Plan Rows": 154, "Plan Width": 25, "Inner Unique": false, "Plans": [{"Node Type": "Nested Loop", "Parent Relationship": "Outer", "Join Type": "Inner", "Startup Cost": 4.51, "Total Cost": 2579.55, "Plan Rows": 33, "Plan Width": 25, "Inner Unique": true, "Plans": [{"Node Type": "Nested Loop", "Parent Relationship": "Outer", "Join Type": "Inner", "Startup Cost": 4.51, "Total Cost": 2569.02, "Plan Rows": 33, "Plan Width": 4, "Inner Unique": false, "Plans": [{"Node Type": "Seq Scan", "Parent Relationship": "Outer", "Relation Name": "keyword", "Alias": "k", "Startup Cost": 0.0, "Total Cost": 2436.11, "Plan Rows": 1, "Plan Width": 4, "Filter": "((keyword)::text = '10,000-mile-club'::text)"}, {"Node Type": "Bitmap Heap Scan", "Parent Relationship": "Inner", "Relation Name": "movie_keyword", "Alias": "mk", "Startup Cost": 4.51, "Total Cost": 132.58, "Plan Rows": 33, "Plan Width": 8, "Recheck Cond": "(keyword_id = k.id)", "Plans": [{"Node Type": "Bitmap Index Scan", "Parent Relationship": "Outer", "Index Name": "keyword_id_movie_keyword", "Startup Cost": 0.0, "Total Cost": 4.5, "Plan Rows": 33, "Plan Width": 0, "Index Cond": "(keyword_id = k.id)"}]}]}, {"Node Type": "Index Scan", "Parent Relationship": "Inner", "Scan Direction": "Forward", "Index Name": "title_pkey", "Relation Name": "title", "Alias": "t1", "Startup Cost": 0.0, "Total Cost": 0.31, "Plan Rows": 1, "Plan Width": 21, "Index Cond": "(id = mk.movie_id)"}]}, {"Node Type": "Index Scan", "Parent Relationship": "Inner", "Scan Direction": "Forward", "Index Name": "movie_id_movie_link", "Relation Name": "movie_link", "Alias": "ml", "Startup Cost": 0.0, "Total Cost": 0.35, "Plan Rows": 5, "Plan Width": 12, "Index Cond": "(movie_id = t1.id)"}]}, {"Node Type": "Materialize", "Parent Relationship": "Inner", "Startup Cost": 0.0, "Total Cost": 1.25, "Plan Rows": 17, "Plan Width": 16, "Plans": [{"Node Type": "Seq Scan", "Parent Relationship": "Outer", "Relation Name": "link_type", "Alias": "lt", "Startup Cost": 0.0, "Total Cost": 1.17, "Plan Rows": 17, "Plan Width": 16}]}]}, {"Node Type": "Index Scan", "Parent Relationship": "Inner", "Scan Direction": "Forward", "Index Name": "title_pkey", "Relation Name": "title", "Alias": "t2", "Startup Cost": 0.0, "Total Cost": 4.3, "Plan Rows": 1, "Plan Width": 21, "Index Cond": "(id = ml.linked_movie_id)"}]}]}, "Unique SQL Id": 524435555, "Planner Runtime": 2}, "explain_analyze_plan": {"Plan": {"Node Type": "Aggregate", "Strategy": "Plain", "Startup Cost": 3297.98, "Total Cost": 3297.99, "Plan Rows": 1, "Plan Width": 142, "Actual Startup Time": 41.267, "Actual Total Time": 41.267, "Actual Rows": 1, "Actual Loops": 1, "Plans": [{"Node Type": "Nested Loop", "Parent Relationship": "Outer", "Join Type": "Inner", "Startup Cost": 4.51, "Total Cost": 3296.82, "Plan Rows": 154, "Plan Width": 46, "Actual Startup Time": 41.259, "Actual Total Time": 41.259, "Actual Rows": 0, "Actual Loops": 1, "Inner Unique": true, "Plans": [{"Node Type": "Nested Loop", "Parent Relationship": "Outer", "Join Type": "Inner", "Startup Cost": 4.51, "Total Cost": 2633.25, "Plan Rows": 154, "Plan Width": 33, "Actual Startup Time": 41.259, "Actual Total Time": 41.259, "Actual Rows": 0, "Actual Loops": 1, "Inner Unique": true, "Join Filter": "(ml.link_type_id = lt.id)", "Rows Removed by Join Filter": 0, "Plans": [{"Node Type": "Nested Loop", "Parent Relationship": "Outer", "Join Type": "Inner", "Startup Cost": 4.51, "Total Cost": 2592.76, "Plan Rows": 154, "Plan Width": 25, "Actual Startup Time": 41.258, "Actual Total Time": 41.258, "Actual Rows": 0, "Actual Loops": 1, "Inner Unique": false, "Plans": [{"Node Type": "Nested Loop", "Parent Relationship": "Outer", "Join Type": "Inner", "Startup Cost": 4.51, "Total Cost": 2579.55, "Plan Rows": 33, "Plan Width": 25, "Actual Startup Time": 40.369, "Actual Total Time": 41.252, "Actual Rows": 1, "Actual Loops": 1, "Inner Unique": true, "Plans": [{"Node Type": "Nested Loop", "Parent Relationship": "Outer", "Join Type": "Inner", "Startup Cost": 4.51, "Total Cost": 2569.02, "Plan Rows": 33, "Plan Width": 4, "Actual Startup Time": 40.355, "Actual Total Time": 41.238, "Actual Rows": 1, "Actual Loops": 1, "Inner Unique": false, "Plans": [{"Node Type": "Seq Scan", "Parent Relationship": "Outer", "Relation Name": "keyword", "Alias": "k", "Startup Cost": 0.0, "Total Cost": 2436.11, "Plan Rows": 1, "Plan Width": 4, "Actual Startup Time": 40.318, "Actual Total Time": 41.199, "Actual Rows": 1, "Actual Loops": 1, "Filter": "((keyword)::text = '10,000-mile-club'::text)", "Rows Removed by Filter": 134168}, {"Node Type": "Bitmap Heap Scan", "Parent Relationship": "Inner", "Relation Name": "movie_keyword", "Alias": "mk", "Startup Cost": 4.51, "Total Cost": 132.58, "Plan Rows": 33, "Plan Width": 8, "Actual Startup Time": 0.028, "Actual Total Time": 0.029, "Actual Rows": 1, "Actual Loops": 1, "Recheck Cond": "(keyword_id = k.id)", "Rows Removed by Index Recheck": 0, "Exact Heap Blocks": 1, "Lossy Heap Blocks": 1, "Plans": [{"Node Type": "Bitmap Index Scan", "Parent Relationship": "Outer", "Index Name": "keyword_id_movie_keyword", "Startup Cost": 0.0, "Total Cost": 4.5, "Plan Rows": 33, "Plan Width": 0, "Actual Startup Time": 0.016, "Actual Total Time": 0.016, "Actual Rows": 1, "Actual Loops": 1, "Index Cond": "(keyword_id = k.id)"}]}]}, {"Node Type": "Index Scan", "Parent Relationship": "Inner", "Scan Direction": "Forward", "Index Name": "title_pkey", "Relation Name": "title", "Alias": "t1", "Startup Cost": 0.0, "Total Cost": 0.31, "Plan Rows": 1, "Plan Width": 21, "Actual Startup Time": 0.013, "Actual Total Time": 0.013, "Actual Rows": 1, "Actual Loops": 1, "Index Cond": "(id = mk.movie_id)", "Rows Removed by Index Recheck": 0}]}, {"Node Type": "Index Scan", "Parent Relationship": "Inner", "Scan Direction": "Forward", "Index Name": "movie_id_movie_link", "Relation Name": "movie_link", "Alias": "ml", "Startup Cost": 0.0, "Total Cost": 0.35, "Plan Rows": 5, "Plan Width": 12, "Actual Startup Time": 0.003, "Actual Total Time": 0.003, "Actual Rows": 0, "Actual Loops": 1, "Index Cond": "(movie_id = t1.id)", "Rows Removed by Index Recheck": 0}]}, {"Node Type": "Materialize", "Parent Relationship": "Inner", "Startup Cost": 0.0, "Total Cost": 1.25, "Plan Rows": 17, "Plan Width": 16, "Actual Startup Time": 0.0, "Actual Total Time": 0.0, "Plans": [{"Node Type": "Seq Scan", "Parent Relationship": "Outer", "Relation Name": "link_type", "Alias": "lt", "Startup Cost": 0.0, "Total Cost": 1.17, "Plan Rows": 17, "Plan Width": 16, "Actual Startup Time": 0.0, "Actual Total Time": 0.0}]}]}, {"Node Type": "Index Scan", "Parent Relationship": "Inner", "Scan Direction": "Forward", "Index Name": "title_pkey", "Relation Name": "title", "Alias": "t2", "Startup Cost": 0.0, "Total Cost": 4.3, "Plan Rows": 1, "Plan Width": 21, "Actual Startup Time": 0.0, "Actual Total Time": 0.0, "Index Cond": "(id = ml.linked_movie_id)", "Rows Removed by Index Recheck": 0}]}]}, "Triggers": [], "Planner Runtime": 2, "Total Runtime": 41.496, "Unique SQL Id": 524435555}}, "(1, 113)": {"explain_plan": {"Plan": {"Node Type": "Aggregate", "Strategy": "Plain", "Startup Cost": 4047.28, "Total Cost": 4047.29, "Plan Rows": 1, "Plan Width": 142, "Plans": [{"Node Type": "Nested Loop", "Parent Relationship": "Outer", "Join Type": "Inner", "Startup Cost": 4.51, "Total Cost": 4046.12, "Plan Rows": 154, "Plan Width": 46, "Inner Unique": true, "Plans": [{"Node Type": "Nested Loop", "Parent Relationship": "Outer", "Join Type": "Inner", "Startup Cost": 4.51, "Total Cost": 3382.55, "Plan Rows": 154, "Plan Width": 33, "Inner Unique": true, "Plans": [{"Node Type": "Nested Loop", "Parent Relationship": "Outer", "Join Type": "Inner", "Startup Cost": 4.51, "Total Cost": 3339.37, "Plan Rows": 154, "Plan Width": 25, "Inner Unique": false, "Plans": [{"Node Type": "Nested Loop", "Parent Relationship": "Outer", "Join Type": "Inner", "Startup Cost": 4.51, "Total Cost": 3326.15, "Plan Rows": 33, "Plan Width": 25, "Inner Unique": true, "Plans": [{"Node Type": "Nested Loop", "Parent Relationship": "Outer", "Join Type": "Inner", "Startup Cost": 4.51, "Total Cost": 3315.63, "Plan Rows": 33, "Plan Width": 4, "Inner Unique": false, "Plans": [{"Node Type": "Index Scan", "Parent Relationship": "Outer", "Scan Direction": "Forward", "Index Name": "keyword_pkey", "Relation Name": "keyword", "Alias": "k", "Startup Cost": 0.0, "Total Cost": 3182.72, "Plan Rows": 1, "Plan Width": 4, "Filter": "((keyword)::text = '10,000-mile-club'::text)"}, {"Node Type": "Bitmap Heap Scan", "Parent Relationship": "Inner", "Relation Name": "movie_keyword", "Alias": "mk", "Startup Cost": 4.51, "Total Cost": 132.58, "Plan Rows": 33, "Plan Width": 8, "Recheck Cond": "(keyword_id = k.id)", "Plans": [{"Node Type": "Bitmap Index Scan", "Parent Relationship": "Outer", "Index Name": "keyword_id_movie_keyword", "Startup Cost": 0.0, "Total Cost": 4.5, "Plan Rows": 33, "Plan Width": 0, "Index Cond": "(keyword_id = k.id)"}]}]}, {"Node Type": "Index Scan", "Parent Relationship": "Inner", "Scan Direction": "Forward", "Index Name": "title_pkey", "Relation Name": "title", "Alias": "t1", "Startup Cost": 0.0, "Total Cost": 0.31, "Plan Rows": 1, "Plan Width": 21, "Index Cond": "(id = mk.movie_id)"}]}, {"Node Type": "Index Scan", "Parent Relationship": "Inner", "Scan Direction": "Forward", "Index Name": "movie_id_movie_link", "Relation Name": "movie_link", "Alias": "ml", "Startup Cost": 0.0, "Total Cost": 0.35, "Plan Rows": 5, "Plan Width": 12, "Index Cond": "(movie_id = t1.id)"}]}, {"Node Type": "Index Scan", "Parent Relationship": "Inner", "Scan Direction": "Forward", "Index Name": "link_type_pkey", "Relation Name": "link_type", "Alias": "lt", "Startup Cost": 0.0, "Total Cost": 0.27, "Plan Rows": 1, "Plan Width": 16, "Index Cond": "(id = ml.link_type_id)"}]}, {"Node Type": "Index Scan", "Parent Relationship": "Inner", "Scan Direction": "Forward", "Index Name": "title_pkey", "Relation Name": "title", "Alias": "t2", "Startup Cost": 0.0, "Total Cost": 4.3, "Plan Rows": 1, "Plan Width": 21, "Index Cond": "(id = ml.linked_movie_id)"}]}]}, "Unique SQL Id": 524435555, "Planner Runtime": 2}, "explain_analyze_plan": {"Plan": {"Node Type": "Aggregate", "Strategy": "Plain", "Startup Cost": 4047.28, "Total Cost": 4047.29, "Plan Rows": 1, "Plan Width": 142, "Actual Startup Time": 119.675, "Actual Total Time": 119.675, "Actual Rows": 1, "Actual Loops": 1, "Plans": [{"Node Type": "Nested Loop", "Parent Relationship": "Outer", "Join Type": "Inner", "Startup Cost": 4.51, "Total Cost": 4046.12, "Plan Rows": 154, "Plan Width": 46, "Actual Startup Time": 119.669, "Actual Total Time": 119.669, "Actual Rows": 0, "Actual Loops": 1, "Inner Unique": true, "Plans": [{"Node Type": "Nested Loop", "Parent Relationship": "Outer", "Join Type": "Inner", "Startup Cost": 4.51, "Total Cost": 3382.55, "Plan Rows": 154, "Plan Width": 33, "Actual Startup Time": 119.668, "Actual Total Time": 119.668, "Actual Rows": 0, "Actual Loops": 1, "Inner Unique": true, "Plans": [{"Node Type": "Nested Loop", "Parent Relationship": "Outer", "Join Type": "Inner", "Startup Cost": 4.51, "Total Cost": 3339.37, "Plan Rows": 154, "Plan Width": 25, "Actual Startup Time": 119.668, "Actual Total Time": 119.668, "Actual Rows": 0, "Actual Loops": 1, "Inner Unique": false, "Plans": [{"Node Type": "Nested Loop", "Parent Relationship": "Outer", "Join Type": "Inner", "Startup Cost": 4.51, "Total Cost": 3326.15, "Plan Rows": 33, "Plan Width": 25, "Actual Startup Time": 117.759, "Actual Total Time": 119.662, "Actual Rows": 1, "Actual Loops": 1, "Inner Unique": true, "Plans": [{"Node Type": "Nested Loop", "Parent Relationship": "Outer", "Join Type": "Inner", "Startup Cost": 4.51, "Total Cost": 3315.63, "Plan Rows": 33, "Plan Width": 4, "Actual Startup Time": 117.744, "Actual Total Time": 119.646, "Actual Rows": 1, "Actual Loops": 1, "Inner Unique": false, "Plans": [{"Node Type": "Index Scan", "Parent Relationship": "Outer", "Scan Direction": "Forward", "Index Name": "keyword_pkey", "Relation Name": "keyword", "Alias": "k", "Startup Cost": 0.0, "Total Cost": 3182.72, "Plan Rows": 1, "Plan Width": 4, "Actual Startup Time": 117.697, "Actual Total Time": 119.597, "Actual Rows": 1, "Actual Loops": 1, "Filter": "((keyword)::text = '10,000-mile-club'::text)", "Rows Removed by Filter": 134168}, {"Node Type": "Bitmap Heap Scan", "Parent Relationship": "Inner", "Relation Name": "movie_keyword", "Alias": "mk", "Startup Cost": 4.51, "Total Cost": 132.58, "Plan Rows": 33, "Plan Width": 8, "Actual Startup Time": 0.032, "Actual Total Time": 0.033, "Actual Rows": 1, "Actual Loops": 1, "Recheck Cond": "(keyword_id = k.id)", "Rows Removed by Index Recheck": 0, "Exact Heap Blocks": 1, "Lossy Heap Blocks": 1, "Plans": [{"Node Type": "Bitmap Index Scan", "Parent Relationship": "Outer", "Index Name": "keyword_id_movie_keyword", "Startup Cost": 0.0, "Total Cost": 4.5, "Plan Rows": 33, "Plan Width": 0, "Actual Startup Time": 0.018, "Actual Total Time": 0.018, "Actual Rows": 1, "Actual Loops": 1, "Index Cond": "(keyword_id = k.id)"}]}]}, {"Node Type": "Index Scan", "Parent Relationship": "Inner", "Scan Direction": "Forward", "Index Name": "title_pkey", "Relation Name": "title", "Alias": "t1", "Startup Cost": 0.0, "Total Cost": 0.31, "Plan Rows": 1, "Plan Width": 21, "Actual Startup Time": 0.011, "Actual Total Time": 0.011, "Actual Rows": 1, "Actual Loops": 1, "Index Cond": "(id = mk.movie_id)", "Rows Removed by Index Recheck": 0}]}, {"Node Type": "Index Scan", "Parent Relationship": "Inner", "Scan Direction": "Forward", "Index Name": "movie_id_movie_link", "Relation Name": "movie_link", "Alias": "ml", "Startup Cost": 0.0, "Total Cost": 0.35, "Plan Rows": 5, "Plan Width": 12, "Actual Startup Time": 0.003, "Actual Total Time": 0.003, "Actual Rows": 0, "Actual Loops": 1, "Index Cond": "(movie_id = t1.id)", "Rows Removed by Index Recheck": 0}]}, {"Node Type": "Index Scan", "Parent Relationship": "Inner", "Scan Direction": "Forward", "Index Name": "link_type_pkey", "Relation Name": "link_type", "Alias": "lt", "Startup Cost": 0.0, "Total Cost": 0.27, "Plan Rows": 1, "Plan Width": 16, "Actual Startup Time": 0.0, "Actual Total Time": 0.0, "Index Cond": "(id = ml.link_type_id)", "Rows Removed by Index Recheck": 0}]}, {"Node Type": "Index Scan", "Parent Relationship": "Inner", "Scan Direction": "Forward", "Index Name": "title_pkey", "Relation Name": "title", "Alias": "t2", "Startup Cost": 0.0, "Total Cost": 4.3, "Plan Rows": 1, "Plan Width": 21, "Actual Startup Time": 0.0, "Actual Total Time": 0.0, "Index Cond": "(id = ml.linked_movie_id)", "Rows Removed by Index Recheck": 0}]}]}, "Triggers": [], "Planner Runtime": 2, "Total Runtime": 119.92, "Unique SQL Id": 524435555}}, "(1, 114)": {"explain_plan": {"Plan": {"Node Type": "Aggregate", "Strategy": "Plain", "Startup Cost": 3747.02, "Total Cost": 3747.03, "Plan Rows": 1, "Plan Width": 142, "Plans": [{"Node Type": "Nested Loop", "Parent Relationship": "Outer", "Join Type": "Inner", "Startup Cost": 6.55, "Total Cost": 3745.86, "Plan Rows": 154, "Plan Width": 46, "Inner Unique": true, "Plans": [{"Node Type": "Nested Loop", "Parent Relationship": "Outer", "Join Type": "Inner", "Startup Cost": 5.06, "Total Cost": 2896.68, "Plan Rows": 154, "Plan Width": 33, "Inner Unique": true, "Join Filter": "(ml.link_type_id = lt.id)", "Plans": [{"Node Type": "Nested Loop", "Parent Relationship": "Outer", "Join Type": "Inner", "Startup Cost": 5.06, "Total Cost": 2856.2, "Plan Rows": 154, "Plan Width": 25, "Inner Unique": false, "Join Filter": "(t1.id = ml.movie_id)", "Plans": [{"Node Type": "Nested Loop", "Parent Relationship": "Outer", "Join Type": "Inner", "Startup Cost": 4.77, "Total Cost": 2710.54, "Plan Rows": 33, "Plan Width": 25, "Inner Unique": true, "Plans": [{"Node Type": "Nested Loop", "Parent Relationship": "Outer", "Join Type": "Inner", "Startup Cost": 4.51, "Total Cost": 2569.02, "Plan Rows": 33, "Plan Width": 4, "Inner Unique": false, "Plans": [{"Node Type": "Seq Scan", "Parent Relationship": "Outer", "Relation Name": "keyword", "Alias": "k", "Startup Cost": 0.0, "Total Cost": 2436.11, "Plan Rows": 1, "Plan Width": 4, "Filter": "((keyword)::text = '10,000-mile-club'::text)"}, {"Node Type": "Bitmap Heap Scan", "Parent Relationship": "Inner", "Relation Name": "movie_keyword", "Alias": "mk", "Startup Cost": 4.51, "Total Cost": 132.58, "Plan Rows": 33, "Plan Width": 8, "Recheck Cond": "(keyword_id = k.id)", "Plans": [{"Node Type": "Bitmap Index Scan", "Parent Relationship": "Outer", "Index Name": "keyword_id_movie_keyword", "Startup Cost": 0.0, "Total Cost": 4.5, "Plan Rows": 33, "Plan Width": 0, "Index Cond": "(keyword_id = k.id)"}]}]}, {"Node Type": "Bitmap Heap Scan", "Parent Relationship": "Inner", "Relation Name": "title", "Alias": "t1", "Startup Cost": 0.27, "Total Cost": 4.28, "Plan Rows": 1, "Plan Width": 21, "Recheck Cond": "(id = mk.movie_id)", "Plans": [{"Node Type": "Bitmap Index Scan", "Parent Relationship": "Outer", "Index Name": "title_pkey", "Startup Cost": 0.0, "Total Cost": 0.27, "Plan Rows": 1, "Plan Width": 0, "Index Cond": "(id = mk.movie_id)"}]}]}, {"Node Type": "Bitmap Heap Scan", "Parent Relationship": "Inner", "Relation Name": "movie_link", "Alias": "ml", "Startup Cost": 0.29, "Total Cost": 4.35, "Plan Rows": 5, "Plan Width": 12, "Recheck Cond": "(movie_id = mk.movie_id)", "Plans": [{"Node Type": "Bitmap Index Scan", "Parent Relationship": "Outer", "Index Name": "movie_id_movie_link", "Startup Cost": 0.0, "Total Cost": 0.29, "Plan Rows": 5, "Plan Width": 0, "Index Cond": "(movie_id = mk.movie_id)"}]}]}, {"Node Type": "Materialize", "Parent Relationship": "Inner", "Startup Cost": 0.0, "Total Cost": 1.25, "Plan Rows": 17, "Plan Width": 16, "Plans": [{"Node Type": "Seq Scan", "Parent Relationship": "Outer", "Relation Name": "link_type", "Alias": "lt", "Startup Cost": 0.0, "Total Cost": 1.17, "Plan Rows": 17, "Plan Width": 16}]}]}, {"Node Type": "Bitmap Heap Scan", "Parent Relationship": "Inner", "Relation Name": "title", "Alias": "t2", "Startup Cost": 1.49, "Total Cost": 5.5, "Plan Rows": 1, "Plan Width": 21, "Recheck Cond": "(id = ml.linked_movie_id)", "Plans": [{"Node Type": "Bitmap Index Scan", "Parent Relationship": "Outer", "Index Name": "title_pkey", "Startup Cost": 0.0, "Total Cost": 1.49, "Plan Rows": 1, "Plan Width": 0, "Index Cond": "(id = ml.linked_movie_id)"}]}]}]}, "Unique SQL Id": 524435555, "Planner Runtime": 2}, "explain_analyze_plan": {"Plan": {"Node Type": "Aggregate", "Strategy": "Plain", "Startup Cost": 3747.02, "Total Cost": 3747.03, "Plan Rows": 1, "Plan Width": 142, "Actual Startup Time": 40.932, "Actual Total Time": 40.932, "Actual Rows": 1, "Actual Loops": 1, "Plans": [{"Node Type": "Nested Loop", "Parent Relationship": "Outer", "Join Type": "Inner", "Startup Cost": 6.55, "Total Cost": 3745.86, "Plan Rows": 154, "Plan Width": 46, "Actual Startup Time": 40.928, "Actual Total Time": 40.928, "Actual Rows": 0, "Actual Loops": 1, "Inner Unique": true, "Plans": [{"Node Type": "Nested Loop", "Parent Relationship": "Outer", "Join Type": "Inner", "Startup Cost": 5.06, "Total Cost": 2896.68, "Plan Rows": 154, "Plan Width": 33, "Actual Startup Time": 40.927, "Actual Total Time": 40.927, "Actual Rows": 0, "Actual Loops": 1, "Inner Unique": true, "Join Filter": "(ml.link_type_id = lt.id)", "Rows Removed by Join Filter": 0, "Plans": [{"Node Type": "Nested Loop", "Parent Relationship": "Outer", "Join Type": "Inner", "Startup Cost": 5.06, "Total Cost": 2856.2, "Plan Rows": 154, "Plan Width": 25, "Actual Startup Time": 40.926, "Actual Total Time": 40.926, "Actual Rows": 0, "Actual Loops": 1, "Inner Unique": false, "Join Filter": "(t1.id = ml.movie_id)", "Rows Removed by Join Filter": 0, "Plans": [{"Node Type": "Nested Loop", "Parent Relationship": "Outer", "Join Type": "Inner", "Startup Cost": 4.77, "Total Cost": 2710.54, "Plan Rows": 33, "Plan Width": 25, "Actual Startup Time": 40.044, "Actual Total Time": 40.92, "Actual Rows": 1, "Actual Loops": 1, "Inner Unique": true, "Plans": [{"Node Type": "Nested Loop", "Parent Relationship": "Outer", "Join Type": "Inner", "Startup Cost": 4.51, "Total Cost": 2569.02, "Plan Rows": 33, "Plan Width": 4, "Actual Startup Time": 40.03, "Actual Total Time": 40.906, "Actual Rows": 1, "Actual Loops": 1, "Inner Unique": false, "Plans": [{"Node Type": "Seq Scan", "Parent Relationship": "Outer", "Relation Name": "keyword", "Alias": "k", "Startup Cost": 0.0, "Total Cost": 2436.11, "Plan Rows": 1, "Plan Width": 4, "Actual Startup Time": 39.998, "Actual Total Time": 40.872, "Actual Rows": 1, "Actual Loops": 1, "Filter": "((keyword)::text = '10,000-mile-club'::text)", "Rows Removed by Filter": 134168}, {"Node Type": "Bitmap Heap Scan", "Parent Relationship": "Inner", "Relation Name": "movie_keyword", "Alias": "mk", "Startup Cost": 4.51, "Total Cost": 132.58, "Plan Rows": 33, "Plan Width": 8, "Actual Startup Time": 0.024, "Actual Total Time": 0.025, "Actual Rows": 1, "Actual Loops": 1, "Recheck Cond": "(keyword_id = k.id)", "Rows Removed by Index Recheck": 0, "Exact Heap Blocks": 1, "Lossy Heap Blocks": 1, "Plans": [{"Node Type": "Bitmap Index Scan", "Parent Relationship": "Outer", "Index Name": "keyword_id_movie_keyword", "Startup Cost": 0.0, "Total Cost": 4.5, "Plan Rows": 33, "Plan Width": 0, "Actual Startup Time": 0.014, "Actual Total Time": 0.014, "Actual Rows": 1, "Actual Loops": 1, "Index Cond": "(keyword_id = k.id)"}]}]}, {"Node Type": "Bitmap Heap Scan", "Parent Relationship": "Inner", "Relation Name": "title", "Alias": "t1", "Startup Cost": 0.27, "Total Cost": 4.28, "Plan Rows": 1, "Plan Width": 21, "Actual Startup Time": 0.011, "Actual Total Time": 0.011, "Actual Rows": 1, "Actual Loops": 1, "Recheck Cond": "(id = mk.movie_id)", "Rows Removed by Index Recheck": 0, "Exact Heap Blocks": 1, "Lossy Heap Blocks": 1, "Plans": [{"Node Type": "Bitmap Index Scan", "Parent Relationship": "Outer", "Index Name": "title_pkey", "Startup Cost": 0.0, "Total Cost": 0.27, "Plan Rows": 1, "Plan Width": 0, "Actual Startup Time": 0.007, "Actual Total Time": 0.007, "Actual Rows": 1, "Actual Loops": 1, "Index Cond": "(id = mk.movie_id)"}]}]}, {"Node Type": "Bitmap Heap Scan", "Parent Relationship": "Inner", "Relation Name": "movie_link", "Alias": "ml", "Startup Cost": 0.29, "Total Cost": 4.35, "Plan Rows": 5, "Plan Width": 12, "Actual Startup Time": 0.004, "Actual Total Time": 0.004, "Actual Rows": 0, "Actual Loops": 1, "Recheck Cond": "(movie_id = mk.movie_id)", "Rows Removed by Index Recheck": 0, "Exact Heap Blocks": 0, "Lossy Heap Blocks": 0, "Plans": [{"Node Type": "Bitmap Index Scan", "Parent Relationship": "Outer", "Index Name": "movie_id_movie_link", "Startup Cost": 0.0, "Total Cost": 0.29, "Plan Rows": 5, "Plan Width": 0, "Actual Startup Time": 0.002, "Actual Total Time": 0.002, "Actual Rows": 0, "Actual Loops": 1, "Index Cond": "(movie_id = mk.movie_id)"}]}]}, {"Node Type": "Materialize", "Parent Relationship": "Inner", "Startup Cost": 0.0, "Total Cost": 1.25, "Plan Rows": 17, "Plan Width": 16, "Actual Startup Time": 0.0, "Actual Total Time": 0.0, "Plans": [{"Node Type": "Seq Scan", "Parent Relationship": "Outer", "Relation Name": "link_type", "Alias": "lt", "Startup Cost": 0.0, "Total Cost": 1.17, "Plan Rows": 17, "Plan Width": 16, "Actual Startup Time": 0.0, "Actual Total Time": 0.0}]}]}, {"Node Type": "Bitmap Heap Scan", "Parent Relationship": "Inner", "Relation Name": "title", "Alias": "t2", "Startup Cost": 1.49, "Total Cost": 5.5, "Plan Rows": 1, "Plan Width": 21, "Actual Startup Time": 0.0, "Actual Total Time": 0.0, "Recheck Cond": "(id = ml.linked_movie_id)", "Rows Removed by Index Recheck": 0, "Exact Heap Blocks": 0, "Lossy Heap Blocks": 0, "Plans": [{"Node Type": "Bitmap Index Scan", "Parent Relationship": "Outer", "Index Name": "title_pkey", "Startup Cost": 0.0, "Total Cost": 1.49, "Plan Rows": 1, "Plan Width": 0, "Actual Startup Time": 0.0, "Actual Total Time": 0.0, "Index Cond": "(id = ml.linked_movie_id)"}]}]}]}, "Triggers": [], "Planner Runtime": 2, "Total Runtime": 41.159, "Unique SQL Id": 524435555}}, "(1, 115)": {"explain_plan": {"Plan": {"Node Type": "Aggregate", "Strategy": "Plain", "Startup Cost": 1000001377786.31, "Total Cost": 1000001377786.32, "Plan Rows": 1, "Plan Width": 142, "Plans": [{"Node Type": "Nested Loop", "Parent Relationship": "Outer", "Join Type": "Inner", "Startup Cost": 10000000004.71, "Total Cost": 1000001377785.15, "Plan Rows": 154, "Plan Width": 46, "Inner Unique": true, "Plans": [{"Node Type": "Nested Loop", "Parent Relationship": "Outer", "Join Type": "Inner", "Startup Cost": 10000000004.45, "Total Cost": 1000001377125.95, "Plan Rows": 154, "Plan Width": 38, "Inner Unique": true, "Plans": [{"Node Type": "Nested Loop", "Parent Relationship": "Outer", "Join Type": "Inner", "Startup Cost": 10000000002.96, "Total Cost": 1000001376276.77, "Plan Rows": 154, "Plan Width": 25, "Inner Unique": true, "Plans": [{"Node Type": "Nested Loop", "Parent Relationship": "Outer", "Join Type": "Inner", "Startup Cost": 10000000002.69, "Total Cost": 1000001375616.35, "Plan Rows": 154, "Plan Width": 16, "Inner Unique": true, "Plans": [{"Node Type": "Nested Loop", "Parent Relationship": "Outer", "Join Type": "Inner", "Startup Cost": 10000000002.44, "Total Cost": 1000000342019.19, "Plan Rows": 241339, "Plan Width": 20, "Inner Unique": false, "Plans": [{"Node Type": "Index Scan", "Parent Relationship": "Outer", "Scan Direction": "Forward", "Index Name": "link_type_id_movie_link", "Relation Name": "movie_link", "Alias": "ml", "Startup Cost": 10000000000.0, "Total Cost": 1000000143569.16, "Plan Rows": 29996, "Plan Width": 12}, {"Node Type": "Bitmap Heap Scan", "Parent Relationship": "Inner", "Relation Name": "movie_keyword", "Alias": "mk", "Startup Cost": 2.44, "Total Cost": 6.54, "Plan Rows": 8, "Plan Width": 8, "Recheck Cond": "(movie_id = ml.movie_id)", "Plans": [{"Node Type": "Bitmap Index Scan", "Parent Relationship": "Outer", "Index Name": "movie_id_movie_keyword", "Startup Cost": 0.0, "Total Cost": 2.43, "Plan Rows": 8, "Plan Width": 0, "Index Cond": "(movie_id = ml.movie_id)"}]}]}, {"Node Type": "Bitmap Heap Scan", "Parent Relationship": "Inner", "Relation Name": "keyword", "Alias": "k", "Startup Cost": 0.26, "Total Cost": 4.27, "Plan Rows": 1, "Plan Width": 4, "Recheck Cond": "(id = mk.keyword_id)", "Filter": "((keyword)::text = '10,000-mile-club'::text)", "Plans": [{"Node Type": "Bitmap Index Scan", "Parent Relationship": "Outer", "Index Name": "keyword_pkey", "Startup Cost": 0.0, "Total Cost": 0.26, "Plan Rows": 1, "Plan Width": 0, "Index Cond": "(id = mk.keyword_id)"}]}]}, {"Node Type": "Bitmap Heap Scan", "Parent Relationship": "Inner", "Relation Name": "title", "Alias": "t1", "Startup Cost": 0.27, "Total Cost": 4.28, "Plan Rows": 1, "Plan Width": 21, "Recheck Cond": "(id = mk.movie_id)", "Plans": [{"Node Type": "Bitmap Index Scan", "Parent Relationship": "Outer", "Index Name": "title_pkey", "Startup Cost": 0.0, "Total Cost": 0.27, "Plan Rows": 1, "Plan Width": 0, "Index Cond": "(id = mk.movie_id)"}]}]}, {"Node Type": "Bitmap Heap Scan", "Parent Relationship": "Inner", "Relation Name": "title", "Alias": "t2", "Startup Cost": 1.49, "Total Cost": 5.5, "Plan Rows": 1, "Plan Width": 21, "Recheck Cond": "(id = ml.linked_movie_id)", "Plans": [{"Node Type": "Bitmap Index Scan", "Parent Relationship": "Outer", "Index Name": "title_pkey", "Startup Cost": 0.0, "Total Cost": 1.49, "Plan Rows": 1, "Plan Width": 0, "Index Cond": "(id = ml.linked_movie_id)"}]}]}, {"Node Type": "Bitmap Heap Scan", "Parent Relationship": "Inner", "Relation Name": "link_type", "Alias": "lt", "Startup Cost": 0.26, "Total Cost": 4.27, "Plan Rows": 1, "Plan Width": 16, "Recheck Cond": "(id = ml.link_type_id)", "Plans": [{"Node Type": "Bitmap Index Scan", "Parent Relationship": "Outer", "Index Name": "link_type_pkey", "Startup Cost": 0.0, "Total Cost": 0.26, "Plan Rows": 1, "Plan Width": 0, "Index Cond": "(id = ml.link_type_id)"}]}]}]}, "Unique SQL Id": 524435555, "Planner Runtime": 1}, "explain_analyze_plan": null}, "(1, 116)": {"explain_plan": {"Plan": {"Node Type": "Aggregate", "Strategy": "Plain", "Startup Cost": 3297.98, "Total Cost": 3297.99, "Plan Rows": 1, "Plan Width": 142, "Plans": [{"Node Type": "Nested Loop", "Parent Relationship": "Outer", "Join Type": "Inner", "Startup Cost": 4.51, "Total Cost": 3296.82, "Plan Rows": 154, "Plan Width": 46, "Inner Unique": true, "Plans": [{"Node Type": "Nested Loop", "Parent Relationship": "Outer", "Join Type": "Inner", "Startup Cost": 4.51, "Total Cost": 2633.25, "Plan Rows": 154, "Plan Width": 33, "Inner Unique": true, "Join Filter": "(ml.link_type_id = lt.id)", "Plans": [{"Node Type": "Nested Loop", "Parent Relationship": "Outer", "Join Type": "Inner", "Startup Cost": 4.51, "Total Cost": 2592.76, "Plan Rows": 154, "Plan Width": 25, "Inner Unique": false, "Plans": [{"Node Type": "Nested Loop", "Parent Relationship": "Outer", "Join Type": "Inner", "Startup Cost": 4.51, "Total Cost": 2579.55, "Plan Rows": 33, "Plan Width": 25, "Inner Unique": true, "Plans": [{"Node Type": "Nested Loop", "Parent Relationship": "Outer", "Join Type": "Inner", "Startup Cost": 4.51, "Total Cost": 2569.02, "Plan Rows": 33, "Plan Width": 4, "Inner Unique": false, "Plans": [{"Node Type": "Seq Scan", "Parent Relationship": "Outer", "Relation Name": "keyword", "Alias": "k", "Startup Cost": 0.0, "Total Cost": 2436.11, "Plan Rows": 1, "Plan Width": 4, "Filter": "((keyword)::text = '10,000-mile-club'::text)"}, {"Node Type": "Bitmap Heap Scan", "Parent Relationship": "Inner", "Relation Name": "movie_keyword", "Alias": "mk", "Startup Cost": 4.51, "Total Cost": 132.58, "Plan Rows": 33, "Plan Width": 8, "Recheck Cond": "(keyword_id = k.id)", "Plans": [{"Node Type": "Bitmap Index Scan", "Parent Relationship": "Outer", "Index Name": "keyword_id_movie_keyword", "Startup Cost": 0.0, "Total Cost": 4.5, "Plan Rows": 33, "Plan Width": 0, "Index Cond": "(keyword_id = k.id)"}]}]}, {"Node Type": "Index Scan", "Parent Relationship": "Inner", "Scan Direction": "Forward", "Index Name": "title_pkey", "Relation Name": "title", "Alias": "t1", "Startup Cost": 0.0, "Total Cost": 0.31, "Plan Rows": 1, "Plan Width": 21, "Index Cond": "(id = mk.movie_id)"}]}, {"Node Type": "Index Scan", "Parent Relationship": "Inner", "Scan Direction": "Forward", "Index Name": "movie_id_movie_link", "Relation Name": "movie_link", "Alias": "ml", "Startup Cost": 0.0, "Total Cost": 0.35, "Plan Rows": 5, "Plan Width": 12, "Index Cond": "(movie_id = t1.id)"}]}, {"Node Type": "Materialize", "Parent Relationship": "Inner", "Startup Cost": 0.0, "Total Cost": 1.25, "Plan Rows": 17, "Plan Width": 16, "Plans": [{"Node Type": "Seq Scan", "Parent Relationship": "Outer", "Relation Name": "link_type", "Alias": "lt", "Startup Cost": 0.0, "Total Cost": 1.17, "Plan Rows": 17, "Plan Width": 16}]}]}, {"Node Type": "Index Scan", "Parent Relationship": "Inner", "Scan Direction": "Forward", "Index Name": "title_pkey", "Relation Name": "title", "Alias": "t2", "Startup Cost": 0.0, "Total Cost": 4.3, "Plan Rows": 1, "Plan Width": 21, "Index Cond": "(id = ml.linked_movie_id)"}]}]}, "Unique SQL Id": 524435555, "Planner Runtime": 2}, "explain_analyze_plan": {"Plan": {"Node Type": "Aggregate", "Strategy": "Plain", "Startup Cost": 3297.98, "Total Cost": 3297.99, "Plan Rows": 1, "Plan Width": 142, "Actual Startup Time": 41.267, "Actual Total Time": 41.267, "Actual Rows": 1, "Actual Loops": 1, "Plans": [{"Node Type": "Nested Loop", "Parent Relationship": "Outer", "Join Type": "Inner", "Startup Cost": 4.51, "Total Cost": 3296.82, "Plan Rows": 154, "Plan Width": 46, "Actual Startup Time": 41.259, "Actual Total Time": 41.259, "Actual Rows": 0, "Actual Loops": 1, "Inner Unique": true, "Plans": [{"Node Type": "Nested Loop", "Parent Relationship": "Outer", "Join Type": "Inner", "Startup Cost": 4.51, "Total Cost": 2633.25, "Plan Rows": 154, "Plan Width": 33, "Actual Startup Time": 41.259, "Actual Total Time": 41.259, "Actual Rows": 0, "Actual Loops": 1, "Inner Unique": true, "Join Filter": "(ml.link_type_id = lt.id)", "Rows Removed by Join Filter": 0, "Plans": [{"Node Type": "Nested Loop", "Parent Relationship": "Outer", "Join Type": "Inner", "Startup Cost": 4.51, "Total Cost": 2592.76, "Plan Rows": 154, "Plan Width": 25, "Actual Startup Time": 41.258, "Actual Total Time": 41.258, "Actual Rows": 0, "Actual Loops": 1, "Inner Unique": false, "Plans": [{"Node Type": "Nested Loop", "Parent Relationship": "Outer", "Join Type": "Inner", "Startup Cost": 4.51, "Total Cost": 2579.55, "Plan Rows": 33, "Plan Width": 25, "Actual Startup Time": 40.369, "Actual Total Time": 41.252, "Actual Rows": 1, "Actual Loops": 1, "Inner Unique": true, "Plans": [{"Node Type": "Nested Loop", "Parent Relationship": "Outer", "Join Type": "Inner", "Startup Cost": 4.51, "Total Cost": 2569.02, "Plan Rows": 33, "Plan Width": 4, "Actual Startup Time": 40.355, "Actual Total Time": 41.238, "Actual Rows": 1, "Actual Loops": 1, "Inner Unique": false, "Plans": [{"Node Type": "Seq Scan", "Parent Relationship": "Outer", "Relation Name": "keyword", "Alias": "k", "Startup Cost": 0.0, "Total Cost": 2436.11, "Plan Rows": 1, "Plan Width": 4, "Actual Startup Time": 40.318, "Actual Total Time": 41.199, "Actual Rows": 1, "Actual Loops": 1, "Filter": "((keyword)::text = '10,000-mile-club'::text)", "Rows Removed by Filter": 134168}, {"Node Type": "Bitmap Heap Scan", "Parent Relationship": "Inner", "Relation Name": "movie_keyword", "Alias": "mk", "Startup Cost": 4.51, "Total Cost": 132.58, "Plan Rows": 33, "Plan Width": 8, "Actual Startup Time": 0.028, "Actual Total Time": 0.029, "Actual Rows": 1, "Actual Loops": 1, "Recheck Cond": "(keyword_id = k.id)", "Rows Removed by Index Recheck": 0, "Exact Heap Blocks": 1, "Lossy Heap Blocks": 1, "Plans": [{"Node Type": "Bitmap Index Scan", "Parent Relationship": "Outer", "Index Name": "keyword_id_movie_keyword", "Startup Cost": 0.0, "Total Cost": 4.5, "Plan Rows": 33, "Plan Width": 0, "Actual Startup Time": 0.016, "Actual Total Time": 0.016, "Actual Rows": 1, "Actual Loops": 1, "Index Cond": "(keyword_id = k.id)"}]}]}, {"Node Type": "Index Scan", "Parent Relationship": "Inner", "Scan Direction": "Forward", "Index Name": "title_pkey", "Relation Name": "title", "Alias": "t1", "Startup Cost": 0.0, "Total Cost": 0.31, "Plan Rows": 1, "Plan Width": 21, "Actual Startup Time": 0.013, "Actual Total Time": 0.013, "Actual Rows": 1, "Actual Loops": 1, "Index Cond": "(id = mk.movie_id)", "Rows Removed by Index Recheck": 0}]}, {"Node Type": "Index Scan", "Parent Relationship": "Inner", "Scan Direction": "Forward", "Index Name": "movie_id_movie_link", "Relation Name": "movie_link", "Alias": "ml", "Startup Cost": 0.0, "Total Cost": 0.35, "Plan Rows": 5, "Plan Width": 12, "Actual Startup Time": 0.003, "Actual Total Time": 0.003, "Actual Rows": 0, "Actual Loops": 1, "Index Cond": "(movie_id = t1.id)", "Rows Removed by Index Recheck": 0}]}, {"Node Type": "Materialize", "Parent Relationship": "Inner", "Startup Cost": 0.0, "Total Cost": 1.25, "Plan Rows": 17, "Plan Width": 16, "Actual Startup Time": 0.0, "Actual Total Time": 0.0, "Plans": [{"Node Type": "Seq Scan", "Parent Relationship": "Outer", "Relation Name": "link_type", "Alias": "lt", "Startup Cost": 0.0, "Total Cost": 1.17, "Plan Rows": 17, "Plan Width": 16, "Actual Startup Time": 0.0, "Actual Total Time": 0.0}]}]}, {"Node Type": "Index Scan", "Parent Relationship": "Inner", "Scan Direction": "Forward", "Index Name": "title_pkey", "Relation Name": "title", "Alias": "t2", "Startup Cost": 0.0, "Total Cost": 4.3, "Plan Rows": 1, "Plan Width": 21, "Actual Startup Time": 0.0, "Actual Total Time": 0.0, "Index Cond": "(id = ml.linked_movie_id)", "Rows Removed by Index Recheck": 0}]}]}, "Triggers": [], "Planner Runtime": 2, "Total Runtime": 41.496, "Unique SQL Id": 524435555}}, "(1, 117)": {"explain_plan": {"Plan": {"Node Type": "Aggregate", "Strategy": "Plain", "Startup Cost": 4047.28, "Total Cost": 4047.29, "Plan Rows": 1, "Plan Width": 142, "Plans": [{"Node Type": "Nested Loop", "Parent Relationship": "Outer", "Join Type": "Inner", "Startup Cost": 4.51, "Total Cost": 4046.12, "Plan Rows": 154, "Plan Width": 46, "Inner Unique": true, "Plans": [{"Node Type": "Nested Loop", "Parent Relationship": "Outer", "Join Type": "Inner", "Startup Cost": 4.51, "Total Cost": 3382.55, "Plan Rows": 154, "Plan Width": 33, "Inner Unique": true, "Plans": [{"Node Type": "Nested Loop", "Parent Relationship": "Outer", "Join Type": "Inner", "Startup Cost": 4.51, "Total Cost": 3339.37, "Plan Rows": 154, "Plan Width": 25, "Inner Unique": false, "Plans": [{"Node Type": "Nested Loop", "Parent Relationship": "Outer", "Join Type": "Inner", "Startup Cost": 4.51, "Total Cost": 3326.15, "Plan Rows": 33, "Plan Width": 25, "Inner Unique": true, "Plans": [{"Node Type": "Nested Loop", "Parent Relationship": "Outer", "Join Type": "Inner", "Startup Cost": 4.51, "Total Cost": 3315.63, "Plan Rows": 33, "Plan Width": 4, "Inner Unique": false, "Plans": [{"Node Type": "Index Scan", "Parent Relationship": "Outer", "Scan Direction": "Forward", "Index Name": "keyword_pkey", "Relation Name": "keyword", "Alias": "k", "Startup Cost": 0.0, "Total Cost": 3182.72, "Plan Rows": 1, "Plan Width": 4, "Filter": "((keyword)::text = '10,000-mile-club'::text)"}, {"Node Type": "Bitmap Heap Scan", "Parent Relationship": "Inner", "Relation Name": "movie_keyword", "Alias": "mk", "Startup Cost": 4.51, "Total Cost": 132.58, "Plan Rows": 33, "Plan Width": 8, "Recheck Cond": "(keyword_id = k.id)", "Plans": [{"Node Type": "Bitmap Index Scan", "Parent Relationship": "Outer", "Index Name": "keyword_id_movie_keyword", "Startup Cost": 0.0, "Total Cost": 4.5, "Plan Rows": 33, "Plan Width": 0, "Index Cond": "(keyword_id = k.id)"}]}]}, {"Node Type": "Index Scan", "Parent Relationship": "Inner", "Scan Direction": "Forward", "Index Name": "title_pkey", "Relation Name": "title", "Alias": "t1", "Startup Cost": 0.0, "Total Cost": 0.31, "Plan Rows": 1, "Plan Width": 21, "Index Cond": "(id = mk.movie_id)"}]}, {"Node Type": "Index Scan", "Parent Relationship": "Inner", "Scan Direction": "Forward", "Index Name": "movie_id_movie_link", "Relation Name": "movie_link", "Alias": "ml", "Startup Cost": 0.0, "Total Cost": 0.35, "Plan Rows": 5, "Plan Width": 12, "Index Cond": "(movie_id = t1.id)"}]}, {"Node Type": "Index Scan", "Parent Relationship": "Inner", "Scan Direction": "Forward", "Index Name": "link_type_pkey", "Relation Name": "link_type", "Alias": "lt", "Startup Cost": 0.0, "Total Cost": 0.27, "Plan Rows": 1, "Plan Width": 16, "Index Cond": "(id = ml.link_type_id)"}]}, {"Node Type": "Index Scan", "Parent Relationship": "Inner", "Scan Direction": "Forward", "Index Name": "title_pkey", "Relation Name": "title", "Alias": "t2", "Startup Cost": 0.0, "Total Cost": 4.3, "Plan Rows": 1, "Plan Width": 21, "Index Cond": "(id = ml.linked_movie_id)"}]}]}, "Unique SQL Id": 524435555, "Planner Runtime": 2}, "explain_analyze_plan": {"Plan": {"Node Type": "Aggregate", "Strategy": "Plain", "Startup Cost": 4047.28, "Total Cost": 4047.29, "Plan Rows": 1, "Plan Width": 142, "Actual Startup Time": 119.675, "Actual Total Time": 119.675, "Actual Rows": 1, "Actual Loops": 1, "Plans": [{"Node Type": "Nested Loop", "Parent Relationship": "Outer", "Join Type": "Inner", "Startup Cost": 4.51, "Total Cost": 4046.12, "Plan Rows": 154, "Plan Width": 46, "Actual Startup Time": 119.669, "Actual Total Time": 119.669, "Actual Rows": 0, "Actual Loops": 1, "Inner Unique": true, "Plans": [{"Node Type": "Nested Loop", "Parent Relationship": "Outer", "Join Type": "Inner", "Startup Cost": 4.51, "Total Cost": 3382.55, "Plan Rows": 154, "Plan Width": 33, "Actual Startup Time": 119.668, "Actual Total Time": 119.668, "Actual Rows": 0, "Actual Loops": 1, "Inner Unique": true, "Plans": [{"Node Type": "Nested Loop", "Parent Relationship": "Outer", "Join Type": "Inner", "Startup Cost": 4.51, "Total Cost": 3339.37, "Plan Rows": 154, "Plan Width": 25, "Actual Startup Time": 119.668, "Actual Total Time": 119.668, "Actual Rows": 0, "Actual Loops": 1, "Inner Unique": false, "Plans": [{"Node Type": "Nested Loop", "Parent Relationship": "Outer", "Join Type": "Inner", "Startup Cost": 4.51, "Total Cost": 3326.15, "Plan Rows": 33, "Plan Width": 25, "Actual Startup Time": 117.759, "Actual Total Time": 119.662, "Actual Rows": 1, "Actual Loops": 1, "Inner Unique": true, "Plans": [{"Node Type": "Nested Loop", "Parent Relationship": "Outer", "Join Type": "Inner", "Startup Cost": 4.51, "Total Cost": 3315.63, "Plan Rows": 33, "Plan Width": 4, "Actual Startup Time": 117.744, "Actual Total Time": 119.646, "Actual Rows": 1, "Actual Loops": 1, "Inner Unique": false, "Plans": [{"Node Type": "Index Scan", "Parent Relationship": "Outer", "Scan Direction": "Forward", "Index Name": "keyword_pkey", "Relation Name": "keyword", "Alias": "k", "Startup Cost": 0.0, "Total Cost": 3182.72, "Plan Rows": 1, "Plan Width": 4, "Actual Startup Time": 117.697, "Actual Total Time": 119.597, "Actual Rows": 1, "Actual Loops": 1, "Filter": "((keyword)::text = '10,000-mile-club'::text)", "Rows Removed by Filter": 134168}, {"Node Type": "Bitmap Heap Scan", "Parent Relationship": "Inner", "Relation Name": "movie_keyword", "Alias": "mk", "Startup Cost": 4.51, "Total Cost": 132.58, "Plan Rows": 33, "Plan Width": 8, "Actual Startup Time": 0.032, "Actual Total Time": 0.033, "Actual Rows": 1, "Actual Loops": 1, "Recheck Cond": "(keyword_id = k.id)", "Rows Removed by Index Recheck": 0, "Exact Heap Blocks": 1, "Lossy Heap Blocks": 1, "Plans": [{"Node Type": "Bitmap Index Scan", "Parent Relationship": "Outer", "Index Name": "keyword_id_movie_keyword", "Startup Cost": 0.0, "Total Cost": 4.5, "Plan Rows": 33, "Plan Width": 0, "Actual Startup Time": 0.018, "Actual Total Time": 0.018, "Actual Rows": 1, "Actual Loops": 1, "Index Cond": "(keyword_id = k.id)"}]}]}, {"Node Type": "Index Scan", "Parent Relationship": "Inner", "Scan Direction": "Forward", "Index Name": "title_pkey", "Relation Name": "title", "Alias": "t1", "Startup Cost": 0.0, "Total Cost": 0.31, "Plan Rows": 1, "Plan Width": 21, "Actual Startup Time": 0.011, "Actual Total Time": 0.011, "Actual Rows": 1, "Actual Loops": 1, "Index Cond": "(id = mk.movie_id)", "Rows Removed by Index Recheck": 0}]}, {"Node Type": "Index Scan", "Parent Relationship": "Inner", "Scan Direction": "Forward", "Index Name": "movie_id_movie_link", "Relation Name": "movie_link", "Alias": "ml", "Startup Cost": 0.0, "Total Cost": 0.35, "Plan Rows": 5, "Plan Width": 12, "Actual Startup Time": 0.003, "Actual Total Time": 0.003, "Actual Rows": 0, "Actual Loops": 1, "Index Cond": "(movie_id = t1.id)", "Rows Removed by Index Recheck": 0}]}, {"Node Type": "Index Scan", "Parent Relationship": "Inner", "Scan Direction": "Forward", "Index Name": "link_type_pkey", "Relation Name": "link_type", "Alias": "lt", "Startup Cost": 0.0, "Total Cost": 0.27, "Plan Rows": 1, "Plan Width": 16, "Actual Startup Time": 0.0, "Actual Total Time": 0.0, "Index Cond": "(id = ml.link_type_id)", "Rows Removed by Index Recheck": 0}]}, {"Node Type": "Index Scan", "Parent Relationship": "Inner", "Scan Direction": "Forward", "Index Name": "title_pkey", "Relation Name": "title", "Alias": "t2", "Startup Cost": 0.0, "Total Cost": 4.3, "Plan Rows": 1, "Plan Width": 21, "Actual Startup Time": 0.0, "Actual Total Time": 0.0, "Index Cond": "(id = ml.linked_movie_id)", "Rows Removed by Index Recheck": 0}]}]}, "Triggers": [], "Planner Runtime": 2, "Total Runtime": 119.92, "Unique SQL Id": 524435555}}, "(1, 118)": {"explain_plan": {"Plan": {"Node Type": "Aggregate", "Strategy": "Plain", "Startup Cost": 3747.02, "Total Cost": 3747.03, "Plan Rows": 1, "Plan Width": 142, "Plans": [{"Node Type": "Nested Loop", "Parent Relationship": "Outer", "Join Type": "Inner", "Startup Cost": 6.55, "Total Cost": 3745.86, "Plan Rows": 154, "Plan Width": 46, "Inner Unique": true, "Plans": [{"Node Type": "Nested Loop", "Parent Relationship": "Outer", "Join Type": "Inner", "Startup Cost": 5.06, "Total Cost": 2896.68, "Plan Rows": 154, "Plan Width": 33, "Inner Unique": true, "Join Filter": "(ml.link_type_id = lt.id)", "Plans": [{"Node Type": "Nested Loop", "Parent Relationship": "Outer", "Join Type": "Inner", "Startup Cost": 5.06, "Total Cost": 2856.2, "Plan Rows": 154, "Plan Width": 25, "Inner Unique": false, "Join Filter": "(t1.id = ml.movie_id)", "Plans": [{"Node Type": "Nested Loop", "Parent Relationship": "Outer", "Join Type": "Inner", "Startup Cost": 4.77, "Total Cost": 2710.54, "Plan Rows": 33, "Plan Width": 25, "Inner Unique": true, "Plans": [{"Node Type": "Nested Loop", "Parent Relationship": "Outer", "Join Type": "Inner", "Startup Cost": 4.51, "Total Cost": 2569.02, "Plan Rows": 33, "Plan Width": 4, "Inner Unique": false, "Plans": [{"Node Type": "Seq Scan", "Parent Relationship": "Outer", "Relation Name": "keyword", "Alias": "k", "Startup Cost": 0.0, "Total Cost": 2436.11, "Plan Rows": 1, "Plan Width": 4, "Filter": "((keyword)::text = '10,000-mile-club'::text)"}, {"Node Type": "Bitmap Heap Scan", "Parent Relationship": "Inner", "Relation Name": "movie_keyword", "Alias": "mk", "Startup Cost": 4.51, "Total Cost": 132.58, "Plan Rows": 33, "Plan Width": 8, "Recheck Cond": "(keyword_id = k.id)", "Plans": [{"Node Type": "Bitmap Index Scan", "Parent Relationship": "Outer", "Index Name": "keyword_id_movie_keyword", "Startup Cost": 0.0, "Total Cost": 4.5, "Plan Rows": 33, "Plan Width": 0, "Index Cond": "(keyword_id = k.id)"}]}]}, {"Node Type": "Bitmap Heap Scan", "Parent Relationship": "Inner", "Relation Name": "title", "Alias": "t1", "Startup Cost": 0.27, "Total Cost": 4.28, "Plan Rows": 1, "Plan Width": 21, "Recheck Cond": "(id = mk.movie_id)", "Plans": [{"Node Type": "Bitmap Index Scan", "Parent Relationship": "Outer", "Index Name": "title_pkey", "Startup Cost": 0.0, "Total Cost": 0.27, "Plan Rows": 1, "Plan Width": 0, "Index Cond": "(id = mk.movie_id)"}]}]}, {"Node Type": "Bitmap Heap Scan", "Parent Relationship": "Inner", "Relation Name": "movie_link", "Alias": "ml", "Startup Cost": 0.29, "Total Cost": 4.35, "Plan Rows": 5, "Plan Width": 12, "Recheck Cond": "(movie_id = mk.movie_id)", "Plans": [{"Node Type": "Bitmap Index Scan", "Parent Relationship": "Outer", "Index Name": "movie_id_movie_link", "Startup Cost": 0.0, "Total Cost": 0.29, "Plan Rows": 5, "Plan Width": 0, "Index Cond": "(movie_id = mk.movie_id)"}]}]}, {"Node Type": "Materialize", "Parent Relationship": "Inner", "Startup Cost": 0.0, "Total Cost": 1.25, "Plan Rows": 17, "Plan Width": 16, "Plans": [{"Node Type": "Seq Scan", "Parent Relationship": "Outer", "Relation Name": "link_type", "Alias": "lt", "Startup Cost": 0.0, "Total Cost": 1.17, "Plan Rows": 17, "Plan Width": 16}]}]}, {"Node Type": "Bitmap Heap Scan", "Parent Relationship": "Inner", "Relation Name": "title", "Alias": "t2", "Startup Cost": 1.49, "Total Cost": 5.5, "Plan Rows": 1, "Plan Width": 21, "Recheck Cond": "(id = ml.linked_movie_id)", "Plans": [{"Node Type": "Bitmap Index Scan", "Parent Relationship": "Outer", "Index Name": "title_pkey", "Startup Cost": 0.0, "Total Cost": 1.49, "Plan Rows": 1, "Plan Width": 0, "Index Cond": "(id = ml.linked_movie_id)"}]}]}]}, "Unique SQL Id": 524435555, "Planner Runtime": 2}, "explain_analyze_plan": {"Plan": {"Node Type": "Aggregate", "Strategy": "Plain", "Startup Cost": 3747.02, "Total Cost": 3747.03, "Plan Rows": 1, "Plan Width": 142, "Actual Startup Time": 40.932, "Actual Total Time": 40.932, "Actual Rows": 1, "Actual Loops": 1, "Plans": [{"Node Type": "Nested Loop", "Parent Relationship": "Outer", "Join Type": "Inner", "Startup Cost": 6.55, "Total Cost": 3745.86, "Plan Rows": 154, "Plan Width": 46, "Actual Startup Time": 40.928, "Actual Total Time": 40.928, "Actual Rows": 0, "Actual Loops": 1, "Inner Unique": true, "Plans": [{"Node Type": "Nested Loop", "Parent Relationship": "Outer", "Join Type": "Inner", "Startup Cost": 5.06, "Total Cost": 2896.68, "Plan Rows": 154, "Plan Width": 33, "Actual Startup Time": 40.927, "Actual Total Time": 40.927, "Actual Rows": 0, "Actual Loops": 1, "Inner Unique": true, "Join Filter": "(ml.link_type_id = lt.id)", "Rows Removed by Join Filter": 0, "Plans": [{"Node Type": "Nested Loop", "Parent Relationship": "Outer", "Join Type": "Inner", "Startup Cost": 5.06, "Total Cost": 2856.2, "Plan Rows": 154, "Plan Width": 25, "Actual Startup Time": 40.926, "Actual Total Time": 40.926, "Actual Rows": 0, "Actual Loops": 1, "Inner Unique": false, "Join Filter": "(t1.id = ml.movie_id)", "Rows Removed by Join Filter": 0, "Plans": [{"Node Type": "Nested Loop", "Parent Relationship": "Outer", "Join Type": "Inner", "Startup Cost": 4.77, "Total Cost": 2710.54, "Plan Rows": 33, "Plan Width": 25, "Actual Startup Time": 40.044, "Actual Total Time": 40.92, "Actual Rows": 1, "Actual Loops": 1, "Inner Unique": true, "Plans": [{"Node Type": "Nested Loop", "Parent Relationship": "Outer", "Join Type": "Inner", "Startup Cost": 4.51, "Total Cost": 2569.02, "Plan Rows": 33, "Plan Width": 4, "Actual Startup Time": 40.03, "Actual Total Time": 40.906, "Actual Rows": 1, "Actual Loops": 1, "Inner Unique": false, "Plans": [{"Node Type": "Seq Scan", "Parent Relationship": "Outer", "Relation Name": "keyword", "Alias": "k", "Startup Cost": 0.0, "Total Cost": 2436.11, "Plan Rows": 1, "Plan Width": 4, "Actual Startup Time": 39.998, "Actual Total Time": 40.872, "Actual Rows": 1, "Actual Loops": 1, "Filter": "((keyword)::text = '10,000-mile-club'::text)", "Rows Removed by Filter": 134168}, {"Node Type": "Bitmap Heap Scan", "Parent Relationship": "Inner", "Relation Name": "movie_keyword", "Alias": "mk", "Startup Cost": 4.51, "Total Cost": 132.58, "Plan Rows": 33, "Plan Width": 8, "Actual Startup Time": 0.024, "Actual Total Time": 0.025, "Actual Rows": 1, "Actual Loops": 1, "Recheck Cond": "(keyword_id = k.id)", "Rows Removed by Index Recheck": 0, "Exact Heap Blocks": 1, "Lossy Heap Blocks": 1, "Plans": [{"Node Type": "Bitmap Index Scan", "Parent Relationship": "Outer", "Index Name": "keyword_id_movie_keyword", "Startup Cost": 0.0, "Total Cost": 4.5, "Plan Rows": 33, "Plan Width": 0, "Actual Startup Time": 0.014, "Actual Total Time": 0.014, "Actual Rows": 1, "Actual Loops": 1, "Index Cond": "(keyword_id = k.id)"}]}]}, {"Node Type": "Bitmap Heap Scan", "Parent Relationship": "Inner", "Relation Name": "title", "Alias": "t1", "Startup Cost": 0.27, "Total Cost": 4.28, "Plan Rows": 1, "Plan Width": 21, "Actual Startup Time": 0.011, "Actual Total Time": 0.011, "Actual Rows": 1, "Actual Loops": 1, "Recheck Cond": "(id = mk.movie_id)", "Rows Removed by Index Recheck": 0, "Exact Heap Blocks": 1, "Lossy Heap Blocks": 1, "Plans": [{"Node Type": "Bitmap Index Scan", "Parent Relationship": "Outer", "Index Name": "title_pkey", "Startup Cost": 0.0, "Total Cost": 0.27, "Plan Rows": 1, "Plan Width": 0, "Actual Startup Time": 0.007, "Actual Total Time": 0.007, "Actual Rows": 1, "Actual Loops": 1, "Index Cond": "(id = mk.movie_id)"}]}]}, {"Node Type": "Bitmap Heap Scan", "Parent Relationship": "Inner", "Relation Name": "movie_link", "Alias": "ml", "Startup Cost": 0.29, "Total Cost": 4.35, "Plan Rows": 5, "Plan Width": 12, "Actual Startup Time": 0.004, "Actual Total Time": 0.004, "Actual Rows": 0, "Actual Loops": 1, "Recheck Cond": "(movie_id = mk.movie_id)", "Rows Removed by Index Recheck": 0, "Exact Heap Blocks": 0, "Lossy Heap Blocks": 0, "Plans": [{"Node Type": "Bitmap Index Scan", "Parent Relationship": "Outer", "Index Name": "movie_id_movie_link", "Startup Cost": 0.0, "Total Cost": 0.29, "Plan Rows": 5, "Plan Width": 0, "Actual Startup Time": 0.002, "Actual Total Time": 0.002, "Actual Rows": 0, "Actual Loops": 1, "Index Cond": "(movie_id = mk.movie_id)"}]}]}, {"Node Type": "Materialize", "Parent Relationship": "Inner", "Startup Cost": 0.0, "Total Cost": 1.25, "Plan Rows": 17, "Plan Width": 16, "Actual Startup Time": 0.0, "Actual Total Time": 0.0, "Plans": [{"Node Type": "Seq Scan", "Parent Relationship": "Outer", "Relation Name": "link_type", "Alias": "lt", "Startup Cost": 0.0, "Total Cost": 1.17, "Plan Rows": 17, "Plan Width": 16, "Actual Startup Time": 0.0, "Actual Total Time": 0.0}]}]}, {"Node Type": "Bitmap Heap Scan", "Parent Relationship": "Inner", "Relation Name": "title", "Alias": "t2", "Startup Cost": 1.49, "Total Cost": 5.5, "Plan Rows": 1, "Plan Width": 21, "Actual Startup Time": 0.0, "Actual Total Time": 0.0, "Recheck Cond": "(id = ml.linked_movie_id)", "Rows Removed by Index Recheck": 0, "Exact Heap Blocks": 0, "Lossy Heap Blocks": 0, "Plans": [{"Node Type": "Bitmap Index Scan", "Parent Relationship": "Outer", "Index Name": "title_pkey", "Startup Cost": 0.0, "Total Cost": 1.49, "Plan Rows": 1, "Plan Width": 0, "Actual Startup Time": 0.0, "Actual Total Time": 0.0, "Index Cond": "(id = ml.linked_movie_id)"}]}]}]}, "Triggers": [], "Planner Runtime": 2, "Total Runtime": 41.159, "Unique SQL Id": 524435555}}, "(1, 119)": {"explain_plan": {"Plan": {"Node Type": "Aggregate", "Strategy": "Plain", "Startup Cost": 1000001377786.31, "Total Cost": 1000001377786.32, "Plan Rows": 1, "Plan Width": 142, "Plans": [{"Node Type": "Nested Loop", "Parent Relationship": "Outer", "Join Type": "Inner", "Startup Cost": 10000000004.71, "Total Cost": 1000001377785.15, "Plan Rows": 154, "Plan Width": 46, "Inner Unique": true, "Plans": [{"Node Type": "Nested Loop", "Parent Relationship": "Outer", "Join Type": "Inner", "Startup Cost": 10000000004.45, "Total Cost": 1000001377125.95, "Plan Rows": 154, "Plan Width": 38, "Inner Unique": true, "Plans": [{"Node Type": "Nested Loop", "Parent Relationship": "Outer", "Join Type": "Inner", "Startup Cost": 10000000002.96, "Total Cost": 1000001376276.77, "Plan Rows": 154, "Plan Width": 25, "Inner Unique": true, "Plans": [{"Node Type": "Nested Loop", "Parent Relationship": "Outer", "Join Type": "Inner", "Startup Cost": 10000000002.69, "Total Cost": 1000001375616.35, "Plan Rows": 154, "Plan Width": 16, "Inner Unique": true, "Plans": [{"Node Type": "Nested Loop", "Parent Relationship": "Outer", "Join Type": "Inner", "Startup Cost": 10000000002.44, "Total Cost": 1000000342019.19, "Plan Rows": 241339, "Plan Width": 20, "Inner Unique": false, "Plans": [{"Node Type": "Index Scan", "Parent Relationship": "Outer", "Scan Direction": "Forward", "Index Name": "link_type_id_movie_link", "Relation Name": "movie_link", "Alias": "ml", "Startup Cost": 10000000000.0, "Total Cost": 1000000143569.16, "Plan Rows": 29996, "Plan Width": 12}, {"Node Type": "Bitmap Heap Scan", "Parent Relationship": "Inner", "Relation Name": "movie_keyword", "Alias": "mk", "Startup Cost": 2.44, "Total Cost": 6.54, "Plan Rows": 8, "Plan Width": 8, "Recheck Cond": "(movie_id = ml.movie_id)", "Plans": [{"Node Type": "Bitmap Index Scan", "Parent Relationship": "Outer", "Index Name": "movie_id_movie_keyword", "Startup Cost": 0.0, "Total Cost": 2.43, "Plan Rows": 8, "Plan Width": 0, "Index Cond": "(movie_id = ml.movie_id)"}]}]}, {"Node Type": "Bitmap Heap Scan", "Parent Relationship": "Inner", "Relation Name": "keyword", "Alias": "k", "Startup Cost": 0.26, "Total Cost": 4.27, "Plan Rows": 1, "Plan Width": 4, "Recheck Cond": "(id = mk.keyword_id)", "Filter": "((keyword)::text = '10,000-mile-club'::text)", "Plans": [{"Node Type": "Bitmap Index Scan", "Parent Relationship": "Outer", "Index Name": "keyword_pkey", "Startup Cost": 0.0, "Total Cost": 0.26, "Plan Rows": 1, "Plan Width": 0, "Index Cond": "(id = mk.keyword_id)"}]}]}, {"Node Type": "Bitmap Heap Scan", "Parent Relationship": "Inner", "Relation Name": "title", "Alias": "t1", "Startup Cost": 0.27, "Total Cost": 4.28, "Plan Rows": 1, "Plan Width": 21, "Recheck Cond": "(id = mk.movie_id)", "Plans": [{"Node Type": "Bitmap Index Scan", "Parent Relationship": "Outer", "Index Name": "title_pkey", "Startup Cost": 0.0, "Total Cost": 0.27, "Plan Rows": 1, "Plan Width": 0, "Index Cond": "(id = mk.movie_id)"}]}]}, {"Node Type": "Bitmap Heap Scan", "Parent Relationship": "Inner", "Relation Name": "title", "Alias": "t2", "Startup Cost": 1.49, "Total Cost": 5.5, "Plan Rows": 1, "Plan Width": 21, "Recheck Cond": "(id = ml.linked_movie_id)", "Plans": [{"Node Type": "Bitmap Index Scan", "Parent Relationship": "Outer", "Index Name": "title_pkey", "Startup Cost": 0.0, "Total Cost": 1.49, "Plan Rows": 1, "Plan Width": 0, "Index Cond": "(id = ml.linked_movie_id)"}]}]}, {"Node Type": "Bitmap Heap Scan", "Parent Relationship": "Inner", "Relation Name": "link_type", "Alias": "lt", "Startup Cost": 0.26, "Total Cost": 4.27, "Plan Rows": 1, "Plan Width": 16, "Recheck Cond": "(id = ml.link_type_id)", "Plans": [{"Node Type": "Bitmap Index Scan", "Parent Relationship": "Outer", "Index Name": "link_type_pkey", "Startup Cost": 0.0, "Total Cost": 0.26, "Plan Rows": 1, "Plan Width": 0, "Index Cond": "(id = ml.link_type_id)"}]}]}]}, "Unique SQL Id": 524435555, "Planner Runtime": 1}, "explain_analyze_plan": null}, "(1, 120)": {"explain_plan": {"Plan": {"Node Type": "Aggregate", "Strategy": "Plain", "Startup Cost": 3302.27, "Total Cost": 3302.28, "Plan Rows": 1, "Plan Width": 142, "Plans": [{"Node Type": "Nested Loop", "Parent Relationship": "Outer", "Join Type": "Inner", "Startup Cost": 0.0, "Total Cost": 3301.12, "Plan Rows": 154, "Plan Width": 46, "Inner Unique": true, "Plans": [{"Node Type": "Nested Loop", "Parent Relationship": "Outer", "Join Type": "Inner", "Startup Cost": 0.0, "Total Cost": 2637.54, "Plan Rows": 154, "Plan Width": 33, "Inner Unique": true, "Join Filter": "(ml.link_type_id = lt.id)", "Plans": [{"Node Type": "Nested Loop", "Parent Relationship": "Outer", "Join Type": "Inner", "Startup Cost": 0.0, "Total Cost": 2597.06, "Plan Rows": 154, "Plan Width": 25, "Inner Unique": false, "Plans": [{"Node Type": "Nested Loop", "Parent Relationship": "Outer", "Join Type": "Inner", "Startup Cost": 0.0, "Total Cost": 2583.84, "Plan Rows": 33, "Plan Width": 25, "Inner Unique": true, "Plans": [{"Node Type": "Nested Loop", "Parent Relationship": "Outer", "Join Type": "Inner", "Startup Cost": 0.0, "Total Cost": 2573.32, "Plan Rows": 33, "Plan Width": 4, "Inner Unique": false, "Plans": [{"Node Type": "Seq Scan", "Parent Relationship": "Outer", "Relation Name": "keyword", "Alias": "k", "Startup Cost": 0.0, "Total Cost": 2436.11, "Plan Rows": 1, "Plan Width": 4, "Filter": "((keyword)::text = '10,000-mile-club'::text)"}, {"Node Type": "Index Scan", "Parent Relationship": "Inner", "Scan Direction": "Forward", "Index Name": "keyword_id_movie_keyword", "Relation Name": "movie_keyword", "Alias": "mk", "Startup Cost": 0.0, "Total Cost": 136.88, "Plan Rows": 33, "Plan Width": 8, "Index Cond": "(keyword_id = k.id)"}]}, {"Node Type": "Index Scan", "Parent Relationship": "Inner", "Scan Direction": "Forward", "Index Name": "title_pkey", "Relation Name": "title", "Alias": "t1", "Startup Cost": 0.0, "Total Cost": 0.31, "Plan Rows": 1, "Plan Width": 21, "Index Cond": "(id = mk.movie_id)"}]}, {"Node Type": "Index Scan", "Parent Relationship": "Inner", "Scan Direction": "Forward", "Index Name": "movie_id_movie_link", "Relation Name": "movie_link", "Alias": "ml", "Startup Cost": 0.0, "Total Cost": 0.35, "Plan Rows": 5, "Plan Width": 12, "Index Cond": "(movie_id = t1.id)"}]}, {"Node Type": "Materialize", "Parent Relationship": "Inner", "Startup Cost": 0.0, "Total Cost": 1.25, "Plan Rows": 17, "Plan Width": 16, "Plans": [{"Node Type": "Seq Scan", "Parent Relationship": "Outer", "Relation Name": "link_type", "Alias": "lt", "Startup Cost": 0.0, "Total Cost": 1.17, "Plan Rows": 17, "Plan Width": 16}]}]}, {"Node Type": "Index Scan", "Parent Relationship": "Inner", "Scan Direction": "Forward", "Index Name": "title_pkey", "Relation Name": "title", "Alias": "t2", "Startup Cost": 0.0, "Total Cost": 4.3, "Plan Rows": 1, "Plan Width": 21, "Index Cond": "(id = ml.linked_movie_id)"}]}]}, "Unique SQL Id": 524435555, "Planner Runtime": 2}, "explain_analyze_plan": {"Plan": {"Node Type": "Aggregate", "Strategy": "Plain", "Startup Cost": 3302.27, "Total Cost": 3302.28, "Plan Rows": 1, "Plan Width": 142, "Actual Startup Time": 40.829, "Actual Total Time": 40.829, "Actual Rows": 1, "Actual Loops": 1, "Plans": [{"Node Type": "Nested Loop", "Parent Relationship": "Outer", "Join Type": "Inner", "Startup Cost": 0.0, "Total Cost": 3301.12, "Plan Rows": 154, "Plan Width": 46, "Actual Startup Time": 40.824, "Actual Total Time": 40.824, "Actual Rows": 0, "Actual Loops": 1, "Inner Unique": true, "Plans": [{"Node Type": "Nested Loop", "Parent Relationship": "Outer", "Join Type": "Inner", "Startup Cost": 0.0, "Total Cost": 2637.54, "Plan Rows": 154, "Plan Width": 33, "Actual Startup Time": 40.824, "Actual Total Time": 40.824, "Actual Rows": 0, "Actual Loops": 1, "Inner Unique": true, "Join Filter": "(ml.link_type_id = lt.id)", "Rows Removed by Join Filter": 0, "Plans": [{"Node Type": "Nested Loop", "Parent Relationship": "Outer", "Join Type": "Inner", "Startup Cost": 0.0, "Total Cost": 2597.06, "Plan Rows": 154, "Plan Width": 25, "Actual Startup Time": 40.823, "Actual Total Time": 40.823, "Actual Rows": 0, "Actual Loops": 1, "Inner Unique": false, "Plans": [{"Node Type": "Nested Loop", "Parent Relationship": "Outer", "Join Type": "Inner", "Startup Cost": 0.0, "Total Cost": 2583.84, "Plan Rows": 33, "Plan Width": 25, "Actual Startup Time": 39.943, "Actual Total Time": 40.818, "Actual Rows": 1, "Actual Loops": 1, "Inner Unique": true, "Plans": [{"Node Type": "Nested Loop", "Parent Relationship": "Outer", "Join Type": "Inner", "Startup Cost": 0.0, "Total Cost": 2573.32, "Plan Rows": 33, "Plan Width": 4, "Actual Startup Time": 39.932, "Actual Total Time": 40.806, "Actual Rows": 1, "Actual Loops": 1, "Inner Unique": false, "Plans": [{"Node Type": "Seq Scan", "Parent Relationship": "Outer", "Relation Name": "keyword", "Alias": "k", "Startup Cost": 0.0, "Total Cost": 2436.11, "Plan Rows": 1, "Plan Width": 4, "Actual Startup Time": 39.911, "Actual Total Time": 40.783, "Actual Rows": 1, "Actual Loops": 1, "Filter": "((keyword)::text = '10,000-mile-club'::text)", "Rows Removed by Filter": 134168}, {"Node Type": "Index Scan", "Parent Relationship": "Inner", "Scan Direction": "Forward", "Index Name": "keyword_id_movie_keyword", "Relation Name": "movie_keyword", "Alias": "mk", "Startup Cost": 0.0, "Total Cost": 136.88, "Plan Rows": 33, "Plan Width": 8, "Actual Startup Time": 0.016, "Actual Total Time": 0.016, "Actual Rows": 1, "Actual Loops": 1, "Index Cond": "(keyword_id = k.id)", "Rows Removed by Index Recheck": 0}]}, {"Node Type": "Index Scan", "Parent Relationship": "Inner", "Scan Direction": "Forward", "Index Name": "title_pkey", "Relation Name": "title", "Alias": "t1", "Startup Cost": 0.0, "Total Cost": 0.31, "Plan Rows": 1, "Plan Width": 21, "Actual Startup Time": 0.008, "Actual Total Time": 0.008, "Actual Rows": 1, "Actual Loops": 1, "Index Cond": "(id = mk.movie_id)", "Rows Removed by Index Recheck": 0}]}, {"Node Type": "Index Scan", "Parent Relationship": "Inner", "Scan Direction": "Forward", "Index Name": "movie_id_movie_link", "Relation Name": "movie_link", "Alias": "ml", "Startup Cost": 0.0, "Total Cost": 0.35, "Plan Rows": 5, "Plan Width": 12, "Actual Startup Time": 0.003, "Actual Total Time": 0.003, "Actual Rows": 0, "Actual Loops": 1, "Index Cond": "(movie_id = t1.id)", "Rows Removed by Index Recheck": 0}]}, {"Node Type": "Materialize", "Parent Relationship": "Inner", "Startup Cost": 0.0, "Total Cost": 1.25, "Plan Rows": 17, "Plan Width": 16, "Actual Startup Time": 0.0, "Actual Total Time": 0.0, "Plans": [{"Node Type": "Seq Scan", "Parent Relationship": "Outer", "Relation Name": "link_type", "Alias": "lt", "Startup Cost": 0.0, "Total Cost": 1.17, "Plan Rows": 17, "Plan Width": 16, "Actual Startup Time": 0.0, "Actual Total Time": 0.0}]}]}, {"Node Type": "Index Scan", "Parent Relationship": "Inner", "Scan Direction": "Forward", "Index Name": "title_pkey", "Relation Name": "title", "Alias": "t2", "Startup Cost": 0.0, "Total Cost": 4.3, "Plan Rows": 1, "Plan Width": 21, "Actual Startup Time": 0.0, "Actual Total Time": 0.0, "Index Cond": "(id = ml.linked_movie_id)", "Rows Removed by Index Recheck": 0}]}]}, "Triggers": [], "Planner Runtime": 2, "Total Runtime": 41.034, "Unique SQL Id": 524435555}}, "(1, 121)": {"explain_plan": {"Plan": {"Node Type": "Aggregate", "Strategy": "Plain", "Startup Cost": 4051.57, "Total Cost": 4051.58, "Plan Rows": 1, "Plan Width": 142, "Plans": [{"Node Type": "Nested Loop", "Parent Relationship": "Outer", "Join Type": "Inner", "Startup Cost": 0.0, "Total Cost": 4050.42, "Plan Rows": 154, "Plan Width": 46, "Inner Unique": true, "Plans": [{"Node Type": "Nested Loop", "Parent Relationship": "Outer", "Join Type": "Inner", "Startup Cost": 0.0, "Total Cost": 3386.84, "Plan Rows": 154, "Plan Width": 33, "Inner Unique": true, "Plans": [{"Node Type": "Nested Loop", "Parent Relationship": "Outer", "Join Type": "Inner", "Startup Cost": 0.0, "Total Cost": 3343.66, "Plan Rows": 154, "Plan Width": 25, "Inner Unique": false, "Plans": [{"Node Type": "Nested Loop", "Parent Relationship": "Outer", "Join Type": "Inner", "Startup Cost": 0.0, "Total Cost": 3330.45, "Plan Rows": 33, "Plan Width": 25, "Inner Unique": true, "Plans": [{"Node Type": "Nested Loop", "Parent Relationship": "Outer", "Join Type": "Inner", "Startup Cost": 0.0, "Total Cost": 3319.92, "Plan Rows": 33, "Plan Width": 4, "Inner Unique": false, "Plans": [{"Node Type": "Index Scan", "Parent Relationship": "Outer", "Scan Direction": "Forward", "Index Name": "keyword_pkey", "Relation Name": "keyword", "Alias": "k", "Startup Cost": 0.0, "Total Cost": 3182.72, "Plan Rows": 1, "Plan Width": 4, "Filter": "((keyword)::text = '10,000-mile-club'::text)"}, {"Node Type": "Index Scan", "Parent Relationship": "Inner", "Scan Direction": "Forward", "Index Name": "keyword_id_movie_keyword", "Relation Name": "movie_keyword", "Alias": "mk", "Startup Cost": 0.0, "Total Cost": 136.88, "Plan Rows": 33, "Plan Width": 8, "Index Cond": "(keyword_id = k.id)"}]}, {"Node Type": "Index Scan", "Parent Relationship": "Inner", "Scan Direction": "Forward", "Index Name": "title_pkey", "Relation Name": "title", "Alias": "t1", "Startup Cost": 0.0, "Total Cost": 0.31, "Plan Rows": 1, "Plan Width": 21, "Index Cond": "(id = mk.movie_id)"}]}, {"Node Type": "Index Scan", "Parent Relationship": "Inner", "Scan Direction": "Forward", "Index Name": "movie_id_movie_link", "Relation Name": "movie_link", "Alias": "ml", "Startup Cost": 0.0, "Total Cost": 0.35, "Plan Rows": 5, "Plan Width": 12, "Index Cond": "(movie_id = t1.id)"}]}, {"Node Type": "Index Scan", "Parent Relationship": "Inner", "Scan Direction": "Forward", "Index Name": "link_type_pkey", "Relation Name": "link_type", "Alias": "lt", "Startup Cost": 0.0, "Total Cost": 0.27, "Plan Rows": 1, "Plan Width": 16, "Index Cond": "(id = ml.link_type_id)"}]}, {"Node Type": "Index Scan", "Parent Relationship": "Inner", "Scan Direction": "Forward", "Index Name": "title_pkey", "Relation Name": "title", "Alias": "t2", "Startup Cost": 0.0, "Total Cost": 4.3, "Plan Rows": 1, "Plan Width": 21, "Index Cond": "(id = ml.linked_movie_id)"}]}]}, "Unique SQL Id": 524435555, "Planner Runtime": 2}, "explain_analyze_plan": {"Plan": {"Node Type": "Aggregate", "Strategy": "Plain", "Startup Cost": 4051.57, "Total Cost": 4051.58, "Plan Rows": 1, "Plan Width": 142, "Actual Startup Time": 116.677, "Actual Total Time": 116.678, "Actual Rows": 1, "Actual Loops": 1, "Plans": [{"Node Type": "Nested Loop", "Parent Relationship": "Outer", "Join Type": "Inner", "Startup Cost": 0.0, "Total Cost": 4050.42, "Plan Rows": 154, "Plan Width": 46, "Actual Startup Time": 116.671, "Actual Total Time": 116.671, "Actual Rows": 0, "Actual Loops": 1, "Inner Unique": true, "Plans": [{"Node Type": "Nested Loop", "Parent Relationship": "Outer", "Join Type": "Inner", "Startup Cost": 0.0, "Total Cost": 3386.84, "Plan Rows": 154, "Plan Width": 33, "Actual Startup Time": 116.668, "Actual Total Time": 116.668, "Actual Rows": 0, "Actual Loops": 1, "Inner Unique": true, "Plans": [{"Node Type": "Nested Loop", "Parent Relationship": "Outer", "Join Type": "Inner", "Startup Cost": 0.0, "Total Cost": 3343.66, "Plan Rows": 154, "Plan Width": 25, "Actual Startup Time": 116.667, "Actual Total Time": 116.667, "Actual Rows": 0, "Actual Loops": 1, "Inner Unique": false, "Plans": [{"Node Type": "Nested Loop", "Parent Relationship": "Outer", "Join Type": "Inner", "Startup Cost": 0.0, "Total Cost": 3330.45, "Plan Rows": 33, "Plan Width": 25, "Actual Startup Time": 114.781, "Actual Total Time": 116.653, "Actual Rows": 1, "Actual Loops": 1, "Inner Unique": true, "Plans": [{"Node Type": "Nested Loop", "Parent Relationship": "Outer", "Join Type": "Inner", "Startup Cost": 0.0, "Total Cost": 3319.92, "Plan Rows": 33, "Plan Width": 4, "Actual Startup Time": 114.757, "Actual Total Time": 116.628, "Actual Rows": 1, "Actual Loops": 1, "Inner Unique": false, "Plans": [{"Node Type": "Index Scan", "Parent Relationship": "Outer", "Scan Direction": "Forward", "Index Name": "keyword_pkey", "Relation Name": "keyword", "Alias": "k", "Startup Cost": 0.0, "Total Cost": 3182.72, "Plan Rows": 1, "Plan Width": 4, "Actual Startup Time": 114.722, "Actual Total Time": 116.591, "Actual Rows": 1, "Actual Loops": 1, "Filter": "((keyword)::text = '10,000-mile-club'::text)", "Rows Removed by Filter": 134168}, {"Node Type": "Index Scan", "Parent Relationship": "Inner", "Scan Direction": "Forward", "Index Name": "keyword_id_movie_keyword", "Relation Name": "movie_keyword", "Alias": "mk", "Startup Cost": 0.0, "Total Cost": 136.88, "Plan Rows": 33, "Plan Width": 8, "Actual Startup Time": 0.023, "Actual Total Time": 0.023, "Actual Rows": 1, "Actual Loops": 1, "Index Cond": "(keyword_id = k.id)", "Rows Removed by Index Recheck": 0}]}, {"Node Type": "Index Scan", "Parent Relationship": "Inner", "Scan Direction": "Forward", "Index Name": "title_pkey", "Relation Name": "title", "Alias": "t1", "Startup Cost": 0.0, "Total Cost": 0.31, "Plan Rows": 1, "Plan Width": 21, "Actual Startup Time": 0.017, "Actual Total Time": 0.017, "Actual Rows": 1, "Actual Loops": 1, "Index Cond": "(id = mk.movie_id)", "Rows Removed by Index Recheck": 0}]}, {"Node Type": "Index Scan", "Parent Relationship": "Inner", "Scan Direction": "Forward", "Index Name": "movie_id_movie_link", "Relation Name": "movie_link", "Alias": "ml", "Startup Cost": 0.0, "Total Cost": 0.35, "Plan Rows": 5, "Plan Width": 12, "Actual Startup Time": 0.009, "Actual Total Time": 0.009, "Actual Rows": 0, "Actual Loops": 1, "Index Cond": "(movie_id = t1.id)", "Rows Removed by Index Recheck": 0}]}, {"Node Type": "Index Scan", "Parent Relationship": "Inner", "Scan Direction": "Forward", "Index Name": "link_type_pkey", "Relation Name": "link_type", "Alias": "lt", "Startup Cost": 0.0, "Total Cost": 0.27, "Plan Rows": 1, "Plan Width": 16, "Actual Startup Time": 0.0, "Actual Total Time": 0.0, "Index Cond": "(id = ml.link_type_id)", "Rows Removed by Index Recheck": 0}]}, {"Node Type": "Index Scan", "Parent Relationship": "Inner", "Scan Direction": "Forward", "Index Name": "title_pkey", "Relation Name": "title", "Alias": "t2", "Startup Cost": 0.0, "Total Cost": 4.3, "Plan Rows": 1, "Plan Width": 21, "Actual Startup Time": 0.0, "Actual Total Time": 0.0, "Index Cond": "(id = ml.linked_movie_id)", "Rows Removed by Index Recheck": 0}]}]}, "Triggers": [], "Planner Runtime": 2, "Total Runtime": 116.955, "Unique SQL Id": 524435555}}, "(1, 122)": {"explain_plan": {"Plan": {"Node Type": "Aggregate", "Strategy": "Plain", "Startup Cost": 7348798.26, "Total Cost": 7348798.27, "Plan Rows": 1, "Plan Width": 142, "Plans": [{"Node Type": "Nested Loop", "Parent Relationship": "Outer", "Join Type": "Inner", "Startup Cost": 0.0, "Total Cost": 7348797.1, "Plan Rows": 154, "Plan Width": 46, "Inner Unique": false, "Join Filter": "(ml.linked_movie_id = t2.id)", "Plans": [{"Node Type": "Seq Scan", "Parent Relationship": "Outer", "Relation Name": "title", "Alias": "t2", "Startup Cost": 0.0, "Total Cost": 60069.11, "Plan Rows": 2528311, "Plan Width": 21}, {"Node Type": "Materialize", "Parent Relationship": "Inner", "Startup Cost": 0.0, "Total Cost": 1448329.97, "Plan Rows": 154, "Plan Width": 33, "Plans": [{"Node Type": "Nested Loop", "Parent Relationship": "Outer", "Join Type": "Inner", "Startup Cost": 0.0, "Total Cost": 1448329.2, "Plan Rows": 154, "Plan Width": 33, "Inner Unique": true, "Join Filter": "(ml.link_type_id = lt.id)", "Plans": [{"Node Type": "Nested Loop", "Parent Relationship": "Outer", "Join Type": "Inner", "Startup Cost": 0.0, "Total Cost": 1448288.72, "Plan Rows": 154, "Plan Width": 25, "Inner Unique": false, "Join Filter": "(t1.id = ml.movie_id)", "Plans": [{"Node Type": "Seq Scan", "Parent Relationship": "Outer", "Relation Name": "movie_link", "Alias": "ml", "Startup Cost": 0.0, "Total Cost": 430.96, "Plan Rows": 29996, "Plan Width": 12}, {"Node Type": "Materialize", "Parent Relationship": "Inner", "Startup Cost": 0.0, "Total Cost": 1433009.82, "Plan Rows": 33, "Plan Width": 25, "Plans": [{"Node Type": "Nested Loop", "Parent Relationship": "Outer", "Join Type": "Inner", "Startup Cost": 0.0, "Total Cost": 1433009.65, "Plan Rows": 33, "Plan Width": 25, "Inner Unique": false, "Join Filter": "(mk.movie_id = t1.id)", "Plans": [{"Node Type": "Seq Scan", "Parent Relationship": "Outer", "Relation Name": "title", "Alias": "t1", "Startup Cost": 0.0, "Total Cost": 60069.11, "Plan Rows": 2528311, "Plan Width": 21}, {"Node Type": "Materialize", "Parent Relationship": "Inner", "Startup Cost": 0.0, "Total Cost": 121426.68, "Plan Rows": 33, "Plan Width": 4, "Plans": [{"Node Type": "Nested Loop", "Parent Relationship": "Outer", "Join Type": "Inner", "Startup Cost": 0.0, "Total Cost": 121426.52, "Plan Rows": 33, "Plan Width": 4, "Inner Unique": false, "Join Filter": "(k.id = mk.keyword_id)", "Plans": [{"Node Type": "Seq Scan", "Parent Relationship": "Outer", "Relation Name": "keyword", "Alias": "k", "Startup Cost": 0.0, "Total Cost": 2436.11, "Plan Rows": 1, "Plan Width": 4, "Filter": "((keyword)::text = '10,000-mile-club'::text)"}, {"Node Type": "Seq Scan", "Parent Relationship": "Inner", "Relation Name": "movie_keyword", "Alias": "mk", "Startup Cost": 0.0, "Total Cost": 62441.29, "Plan Rows": 4523929, "Plan Width": 8}]}]}]}]}]}, {"Node Type": "Materialize", "Parent Relationship": "Inner", "Startup Cost": 0.0, "Total Cost": 1.25, "Plan Rows": 17, "Plan Width": 16, "Plans": [{"Node Type": "Seq Scan", "Parent Relationship": "Outer", "Relation Name": "link_type", "Alias": "lt", "Startup Cost": 0.0, "Total Cost": 1.17, "Plan Rows": 17, "Plan Width": 16}]}]}]}]}]}, "Unique SQL Id": 524435555, "Planner Runtime": 2}, "explain_analyze_plan": null}, "(1, 123)": {"explain_plan": {"Plan": {"Node Type": "Aggregate", "Strategy": "Plain", "Startup Cost": 6000044963492.68, "Total Cost": 6000044963492.69, "Plan Rows": 1, "Plan Width": 142, "Plans": [{"Node Type": "Nested Loop", "Parent Relationship": "Outer", "Join Type": "Inner", "Startup Cost": 60000000000.0, "Total Cost": 6000044963491.52, "Plan Rows": 154, "Plan Width": 46, "Inner Unique": false, "Join Filter": "(ml.linked_movie_id = t2.id)", "Plans": [{"Node Type": "Index Scan", "Parent Relationship": "Outer", "Scan Direction": "Forward", "Index Name": "title_pkey", "Relation Name": "title", "Alias": "t2", "Startup Cost": 10000000000.0, "Total Cost": 1000011012048.91, "Plan Rows": 2528311, "Plan Width": 21}, {"Node Type": "Materialize", "Parent Relationship": "Inner", "Startup Cost": 50000000000.0, "Total Cost": 5000028111044.58, "Plan Rows": 154, "Plan Width": 33, "Plans": [{"Node Type": "Nested Loop", "Parent Relationship": "Outer", "Join Type": "Inner", "Startup Cost": 50000000000.0, "Total Cost": 5000028111043.81, "Plan Rows": 154, "Plan Width": 33, "Inner Unique": true, "Join Filter": "(ml.link_type_id = lt.id)", "Plans": [{"Node Type": "Nested Loop", "Parent Relationship": "Outer", "Join Type": "Inner", "Startup Cost": 40000000000.0, "Total Cost": 4000028109754.0, "Plan Rows": 154, "Plan Width": 25, "Inner Unique": false, "Join Filter": "(t1.id = ml.movie_id)", "Plans": [{"Node Type": "Index Scan", "Parent Relationship": "Outer", "Scan Direction": "Forward", "Index Name": "linked_movie_id_movie_link", "Relation Name": "movie_link", "Alias": "ml", "Startup Cost": 10000000000.0, "Total Cost": 1000000144578.17, "Plan Rows": 29996, "Plan Width": 12}, {"Node Type": "Materialize", "Parent Relationship": "Inner", "Startup Cost": 30000000000.0, "Total Cost": 3000027950327.9, "Plan Rows": 33, "Plan Width": 25, "Plans": [{"Node Type": "Nested Loop", "Parent Relationship": "Outer", "Join Type": "Inner", "Startup Cost": 30000000000.0, "Total Cost": 3000027950327.73, "Plan Rows": 33, "Plan Width": 25, "Inner Unique": false, "Join Filter": "(mk.movie_id = t1.id)", "Plans": [{"Node Type": "Index Scan", "Parent Relationship": "Outer", "Scan Direction": "Forward", "Index Name": "title_pkey", "Relation Name": "title", "Alias": "t1", "Startup Cost": 10000000000.0, "Total Cost": 1000011012048.91, "Plan Rows": 2528311, "Plan Width": 21}, {"Node Type": "Materialize", "Parent Relationship": "Inner", "Startup Cost": 20000000000.0, "Total Cost": 2000015686764.96, "Plan Rows": 33, "Plan Width": 4, "Plans": [{"Node Type": "Nested Loop", "Parent Relationship": "Outer", "Join Type": "Inner", "Startup Cost": 20000000000.0, "Total Cost": 2000015686764.79, "Plan Rows": 33, "Plan Width": 4, "Inner Unique": true, "Join Filter": "(k.id = mk.keyword_id)", "Plans": [{"Node Type": "Index Scan", "Parent Relationship": "Outer", "Scan Direction": "Forward", "Index Name": "movie_id_movie_keyword", "Relation Name": "movie_keyword", "Alias": "mk", "Startup Cost": 10000000000.0, "Total Cost": 1000015300634.17, "Plan Rows": 4523929, "Plan Width": 8}, {"Node Type": "Materialize", "Parent Relationship": "Inner", "Startup Cost": 10000000000.0, "Total Cost": 1000000318271.69, "Plan Rows": 1, "Plan Width": 4, "Plans": [{"Node Type": "Index Scan", "Parent Relationship": "Outer", "Scan Direction": "Forward", "Index Name": "keyword_pkey", "Relation Name": "keyword", "Alias": "k", "Startup Cost": 10000000000.0, "Total Cost": 1000000318271.68, "Plan Rows": 1, "Plan Width": 4, "Filter": "((keyword)::text = '10,000-mile-club'::text)"}]}]}]}]}]}]}, {"Node Type": "Materialize", "Parent Relationship": "Inner", "Startup Cost": 10000000000.0, "Total Cost": 1000000001250.58, "Plan Rows": 17, "Plan Width": 16, "Plans": [{"Node Type": "Index Scan", "Parent Relationship": "Outer", "Scan Direction": "Forward", "Index Name": "link_type_pkey", "Relation Name": "link_type", "Alias": "lt", "Startup Cost": 10000000000.0, "Total Cost": 1000000001250.5, "Plan Rows": 17, "Plan Width": 16}]}]}]}]}]}, "Unique SQL Id": 524435555, "Planner Runtime": 1}, "explain_analyze_plan": null}, "(1, 124)": {"explain_plan": {"Plan": {"Node Type": "Aggregate", "Strategy": "Plain", "Startup Cost": 3302.27, "Total Cost": 3302.28, "Plan Rows": 1, "Plan Width": 142, "Plans": [{"Node Type": "Nested Loop", "Parent Relationship": "Outer", "Join Type": "Inner", "Startup Cost": 0.0, "Total Cost": 3301.12, "Plan Rows": 154, "Plan Width": 46, "Inner Unique": true, "Plans": [{"Node Type": "Nested Loop", "Parent Relationship": "Outer", "Join Type": "Inner", "Startup Cost": 0.0, "Total Cost": 2637.54, "Plan Rows": 154, "Plan Width": 33, "Inner Unique": true, "Join Filter": "(ml.link_type_id = lt.id)", "Plans": [{"Node Type": "Nested Loop", "Parent Relationship": "Outer", "Join Type": "Inner", "Startup Cost": 0.0, "Total Cost": 2597.06, "Plan Rows": 154, "Plan Width": 25, "Inner Unique": false, "Plans": [{"Node Type": "Nested Loop", "Parent Relationship": "Outer", "Join Type": "Inner", "Startup Cost": 0.0, "Total Cost": 2583.84, "Plan Rows": 33, "Plan Width": 25, "Inner Unique": true, "Plans": [{"Node Type": "Nested Loop", "Parent Relationship": "Outer", "Join Type": "Inner", "Startup Cost": 0.0, "Total Cost": 2573.32, "Plan Rows": 33, "Plan Width": 4, "Inner Unique": false, "Plans": [{"Node Type": "Seq Scan", "Parent Relationship": "Outer", "Relation Name": "keyword", "Alias": "k", "Startup Cost": 0.0, "Total Cost": 2436.11, "Plan Rows": 1, "Plan Width": 4, "Filter": "((keyword)::text = '10,000-mile-club'::text)"}, {"Node Type": "Index Scan", "Parent Relationship": "Inner", "Scan Direction": "Forward", "Index Name": "keyword_id_movie_keyword", "Relation Name": "movie_keyword", "Alias": "mk", "Startup Cost": 0.0, "Total Cost": 136.88, "Plan Rows": 33, "Plan Width": 8, "Index Cond": "(keyword_id = k.id)"}]}, {"Node Type": "Index Scan", "Parent Relationship": "Inner", "Scan Direction": "Forward", "Index Name": "title_pkey", "Relation Name": "title", "Alias": "t1", "Startup Cost": 0.0, "Total Cost": 0.31, "Plan Rows": 1, "Plan Width": 21, "Index Cond": "(id = mk.movie_id)"}]}, {"Node Type": "Index Scan", "Parent Relationship": "Inner", "Scan Direction": "Forward", "Index Name": "movie_id_movie_link", "Relation Name": "movie_link", "Alias": "ml", "Startup Cost": 0.0, "Total Cost": 0.35, "Plan Rows": 5, "Plan Width": 12, "Index Cond": "(movie_id = t1.id)"}]}, {"Node Type": "Materialize", "Parent Relationship": "Inner", "Startup Cost": 0.0, "Total Cost": 1.25, "Plan Rows": 17, "Plan Width": 16, "Plans": [{"Node Type": "Seq Scan", "Parent Relationship": "Outer", "Relation Name": "link_type", "Alias": "lt", "Startup Cost": 0.0, "Total Cost": 1.17, "Plan Rows": 17, "Plan Width": 16}]}]}, {"Node Type": "Index Scan", "Parent Relationship": "Inner", "Scan Direction": "Forward", "Index Name": "title_pkey", "Relation Name": "title", "Alias": "t2", "Startup Cost": 0.0, "Total Cost": 4.3, "Plan Rows": 1, "Plan Width": 21, "Index Cond": "(id = ml.linked_movie_id)"}]}]}, "Unique SQL Id": 524435555, "Planner Runtime": 2}, "explain_analyze_plan": {"Plan": {"Node Type": "Aggregate", "Strategy": "Plain", "Startup Cost": 3302.27, "Total Cost": 3302.28, "Plan Rows": 1, "Plan Width": 142, "Actual Startup Time": 40.829, "Actual Total Time": 40.829, "Actual Rows": 1, "Actual Loops": 1, "Plans": [{"Node Type": "Nested Loop", "Parent Relationship": "Outer", "Join Type": "Inner", "Startup Cost": 0.0, "Total Cost": 3301.12, "Plan Rows": 154, "Plan Width": 46, "Actual Startup Time": 40.824, "Actual Total Time": 40.824, "Actual Rows": 0, "Actual Loops": 1, "Inner Unique": true, "Plans": [{"Node Type": "Nested Loop", "Parent Relationship": "Outer", "Join Type": "Inner", "Startup Cost": 0.0, "Total Cost": 2637.54, "Plan Rows": 154, "Plan Width": 33, "Actual Startup Time": 40.824, "Actual Total Time": 40.824, "Actual Rows": 0, "Actual Loops": 1, "Inner Unique": true, "Join Filter": "(ml.link_type_id = lt.id)", "Rows Removed by Join Filter": 0, "Plans": [{"Node Type": "Nested Loop", "Parent Relationship": "Outer", "Join Type": "Inner", "Startup Cost": 0.0, "Total Cost": 2597.06, "Plan Rows": 154, "Plan Width": 25, "Actual Startup Time": 40.823, "Actual Total Time": 40.823, "Actual Rows": 0, "Actual Loops": 1, "Inner Unique": false, "Plans": [{"Node Type": "Nested Loop", "Parent Relationship": "Outer", "Join Type": "Inner", "Startup Cost": 0.0, "Total Cost": 2583.84, "Plan Rows": 33, "Plan Width": 25, "Actual Startup Time": 39.943, "Actual Total Time": 40.818, "Actual Rows": 1, "Actual Loops": 1, "Inner Unique": true, "Plans": [{"Node Type": "Nested Loop", "Parent Relationship": "Outer", "Join Type": "Inner", "Startup Cost": 0.0, "Total Cost": 2573.32, "Plan Rows": 33, "Plan Width": 4, "Actual Startup Time": 39.932, "Actual Total Time": 40.806, "Actual Rows": 1, "Actual Loops": 1, "Inner Unique": false, "Plans": [{"Node Type": "Seq Scan", "Parent Relationship": "Outer", "Relation Name": "keyword", "Alias": "k", "Startup Cost": 0.0, "Total Cost": 2436.11, "Plan Rows": 1, "Plan Width": 4, "Actual Startup Time": 39.911, "Actual Total Time": 40.783, "Actual Rows": 1, "Actual Loops": 1, "Filter": "((keyword)::text = '10,000-mile-club'::text)", "Rows Removed by Filter": 134168}, {"Node Type": "Index Scan", "Parent Relationship": "Inner", "Scan Direction": "Forward", "Index Name": "keyword_id_movie_keyword", "Relation Name": "movie_keyword", "Alias": "mk", "Startup Cost": 0.0, "Total Cost": 136.88, "Plan Rows": 33, "Plan Width": 8, "Actual Startup Time": 0.016, "Actual Total Time": 0.016, "Actual Rows": 1, "Actual Loops": 1, "Index Cond": "(keyword_id = k.id)", "Rows Removed by Index Recheck": 0}]}, {"Node Type": "Index Scan", "Parent Relationship": "Inner", "Scan Direction": "Forward", "Index Name": "title_pkey", "Relation Name": "title", "Alias": "t1", "Startup Cost": 0.0, "Total Cost": 0.31, "Plan Rows": 1, "Plan Width": 21, "Actual Startup Time": 0.008, "Actual Total Time": 0.008, "Actual Rows": 1, "Actual Loops": 1, "Index Cond": "(id = mk.movie_id)", "Rows Removed by Index Recheck": 0}]}, {"Node Type": "Index Scan", "Parent Relationship": "Inner", "Scan Direction": "Forward", "Index Name": "movie_id_movie_link", "Relation Name": "movie_link", "Alias": "ml", "Startup Cost": 0.0, "Total Cost": 0.35, "Plan Rows": 5, "Plan Width": 12, "Actual Startup Time": 0.003, "Actual Total Time": 0.003, "Actual Rows": 0, "Actual Loops": 1, "Index Cond": "(movie_id = t1.id)", "Rows Removed by Index Recheck": 0}]}, {"Node Type": "Materialize", "Parent Relationship": "Inner", "Startup Cost": 0.0, "Total Cost": 1.25, "Plan Rows": 17, "Plan Width": 16, "Actual Startup Time": 0.0, "Actual Total Time": 0.0, "Plans": [{"Node Type": "Seq Scan", "Parent Relationship": "Outer", "Relation Name": "link_type", "Alias": "lt", "Startup Cost": 0.0, "Total Cost": 1.17, "Plan Rows": 17, "Plan Width": 16, "Actual Startup Time": 0.0, "Actual Total Time": 0.0}]}]}, {"Node Type": "Index Scan", "Parent Relationship": "Inner", "Scan Direction": "Forward", "Index Name": "title_pkey", "Relation Name": "title", "Alias": "t2", "Startup Cost": 0.0, "Total Cost": 4.3, "Plan Rows": 1, "Plan Width": 21, "Actual Startup Time": 0.0, "Actual Total Time": 0.0, "Index Cond": "(id = ml.linked_movie_id)", "Rows Removed by Index Recheck": 0}]}]}, "Triggers": [], "Planner Runtime": 2, "Total Runtime": 41.034, "Unique SQL Id": 524435555}}, "(1, 125)": {"explain_plan": {"Plan": {"Node Type": "Aggregate", "Strategy": "Plain", "Startup Cost": 4051.57, "Total Cost": 4051.58, "Plan Rows": 1, "Plan Width": 142, "Plans": [{"Node Type": "Nested Loop", "Parent Relationship": "Outer", "Join Type": "Inner", "Startup Cost": 0.0, "Total Cost": 4050.42, "Plan Rows": 154, "Plan Width": 46, "Inner Unique": true, "Plans": [{"Node Type": "Nested Loop", "Parent Relationship": "Outer", "Join Type": "Inner", "Startup Cost": 0.0, "Total Cost": 3386.84, "Plan Rows": 154, "Plan Width": 33, "Inner Unique": true, "Plans": [{"Node Type": "Nested Loop", "Parent Relationship": "Outer", "Join Type": "Inner", "Startup Cost": 0.0, "Total Cost": 3343.66, "Plan Rows": 154, "Plan Width": 25, "Inner Unique": false, "Plans": [{"Node Type": "Nested Loop", "Parent Relationship": "Outer", "Join Type": "Inner", "Startup Cost": 0.0, "Total Cost": 3330.45, "Plan Rows": 33, "Plan Width": 25, "Inner Unique": true, "Plans": [{"Node Type": "Nested Loop", "Parent Relationship": "Outer", "Join Type": "Inner", "Startup Cost": 0.0, "Total Cost": 3319.92, "Plan Rows": 33, "Plan Width": 4, "Inner Unique": false, "Plans": [{"Node Type": "Index Scan", "Parent Relationship": "Outer", "Scan Direction": "Forward", "Index Name": "keyword_pkey", "Relation Name": "keyword", "Alias": "k", "Startup Cost": 0.0, "Total Cost": 3182.72, "Plan Rows": 1, "Plan Width": 4, "Filter": "((keyword)::text = '10,000-mile-club'::text)"}, {"Node Type": "Index Scan", "Parent Relationship": "Inner", "Scan Direction": "Forward", "Index Name": "keyword_id_movie_keyword", "Relation Name": "movie_keyword", "Alias": "mk", "Startup Cost": 0.0, "Total Cost": 136.88, "Plan Rows": 33, "Plan Width": 8, "Index Cond": "(keyword_id = k.id)"}]}, {"Node Type": "Index Scan", "Parent Relationship": "Inner", "Scan Direction": "Forward", "Index Name": "title_pkey", "Relation Name": "title", "Alias": "t1", "Startup Cost": 0.0, "Total Cost": 0.31, "Plan Rows": 1, "Plan Width": 21, "Index Cond": "(id = mk.movie_id)"}]}, {"Node Type": "Index Scan", "Parent Relationship": "Inner", "Scan Direction": "Forward", "Index Name": "movie_id_movie_link", "Relation Name": "movie_link", "Alias": "ml", "Startup Cost": 0.0, "Total Cost": 0.35, "Plan Rows": 5, "Plan Width": 12, "Index Cond": "(movie_id = t1.id)"}]}, {"Node Type": "Index Scan", "Parent Relationship": "Inner", "Scan Direction": "Forward", "Index Name": "link_type_pkey", "Relation Name": "link_type", "Alias": "lt", "Startup Cost": 0.0, "Total Cost": 0.27, "Plan Rows": 1, "Plan Width": 16, "Index Cond": "(id = ml.link_type_id)"}]}, {"Node Type": "Index Scan", "Parent Relationship": "Inner", "Scan Direction": "Forward", "Index Name": "title_pkey", "Relation Name": "title", "Alias": "t2", "Startup Cost": 0.0, "Total Cost": 4.3, "Plan Rows": 1, "Plan Width": 21, "Index Cond": "(id = ml.linked_movie_id)"}]}]}, "Unique SQL Id": 524435555, "Planner Runtime": 2}, "explain_analyze_plan": {"Plan": {"Node Type": "Aggregate", "Strategy": "Plain", "Startup Cost": 4051.57, "Total Cost": 4051.58, "Plan Rows": 1, "Plan Width": 142, "Actual Startup Time": 116.677, "Actual Total Time": 116.678, "Actual Rows": 1, "Actual Loops": 1, "Plans": [{"Node Type": "Nested Loop", "Parent Relationship": "Outer", "Join Type": "Inner", "Startup Cost": 0.0, "Total Cost": 4050.42, "Plan Rows": 154, "Plan Width": 46, "Actual Startup Time": 116.671, "Actual Total Time": 116.671, "Actual Rows": 0, "Actual Loops": 1, "Inner Unique": true, "Plans": [{"Node Type": "Nested Loop", "Parent Relationship": "Outer", "Join Type": "Inner", "Startup Cost": 0.0, "Total Cost": 3386.84, "Plan Rows": 154, "Plan Width": 33, "Actual Startup Time": 116.668, "Actual Total Time": 116.668, "Actual Rows": 0, "Actual Loops": 1, "Inner Unique": true, "Plans": [{"Node Type": "Nested Loop", "Parent Relationship": "Outer", "Join Type": "Inner", "Startup Cost": 0.0, "Total Cost": 3343.66, "Plan Rows": 154, "Plan Width": 25, "Actual Startup Time": 116.667, "Actual Total Time": 116.667, "Actual Rows": 0, "Actual Loops": 1, "Inner Unique": false, "Plans": [{"Node Type": "Nested Loop", "Parent Relationship": "Outer", "Join Type": "Inner", "Startup Cost": 0.0, "Total Cost": 3330.45, "Plan Rows": 33, "Plan Width": 25, "Actual Startup Time": 114.781, "Actual Total Time": 116.653, "Actual Rows": 1, "Actual Loops": 1, "Inner Unique": true, "Plans": [{"Node Type": "Nested Loop", "Parent Relationship": "Outer", "Join Type": "Inner", "Startup Cost": 0.0, "Total Cost": 3319.92, "Plan Rows": 33, "Plan Width": 4, "Actual Startup Time": 114.757, "Actual Total Time": 116.628, "Actual Rows": 1, "Actual Loops": 1, "Inner Unique": false, "Plans": [{"Node Type": "Index Scan", "Parent Relationship": "Outer", "Scan Direction": "Forward", "Index Name": "keyword_pkey", "Relation Name": "keyword", "Alias": "k", "Startup Cost": 0.0, "Total Cost": 3182.72, "Plan Rows": 1, "Plan Width": 4, "Actual Startup Time": 114.722, "Actual Total Time": 116.591, "Actual Rows": 1, "Actual Loops": 1, "Filter": "((keyword)::text = '10,000-mile-club'::text)", "Rows Removed by Filter": 134168}, {"Node Type": "Index Scan", "Parent Relationship": "Inner", "Scan Direction": "Forward", "Index Name": "keyword_id_movie_keyword", "Relation Name": "movie_keyword", "Alias": "mk", "Startup Cost": 0.0, "Total Cost": 136.88, "Plan Rows": 33, "Plan Width": 8, "Actual Startup Time": 0.023, "Actual Total Time": 0.023, "Actual Rows": 1, "Actual Loops": 1, "Index Cond": "(keyword_id = k.id)", "Rows Removed by Index Recheck": 0}]}, {"Node Type": "Index Scan", "Parent Relationship": "Inner", "Scan Direction": "Forward", "Index Name": "title_pkey", "Relation Name": "title", "Alias": "t1", "Startup Cost": 0.0, "Total Cost": 0.31, "Plan Rows": 1, "Plan Width": 21, "Actual Startup Time": 0.017, "Actual Total Time": 0.017, "Actual Rows": 1, "Actual Loops": 1, "Index Cond": "(id = mk.movie_id)", "Rows Removed by Index Recheck": 0}]}, {"Node Type": "Index Scan", "Parent Relationship": "Inner", "Scan Direction": "Forward", "Index Name": "movie_id_movie_link", "Relation Name": "movie_link", "Alias": "ml", "Startup Cost": 0.0, "Total Cost": 0.35, "Plan Rows": 5, "Plan Width": 12, "Actual Startup Time": 0.009, "Actual Total Time": 0.009, "Actual Rows": 0, "Actual Loops": 1, "Index Cond": "(movie_id = t1.id)", "Rows Removed by Index Recheck": 0}]}, {"Node Type": "Index Scan", "Parent Relationship": "Inner", "Scan Direction": "Forward", "Index Name": "link_type_pkey", "Relation Name": "link_type", "Alias": "lt", "Startup Cost": 0.0, "Total Cost": 0.27, "Plan Rows": 1, "Plan Width": 16, "Actual Startup Time": 0.0, "Actual Total Time": 0.0, "Index Cond": "(id = ml.link_type_id)", "Rows Removed by Index Recheck": 0}]}, {"Node Type": "Index Scan", "Parent Relationship": "Inner", "Scan Direction": "Forward", "Index Name": "title_pkey", "Relation Name": "title", "Alias": "t2", "Startup Cost": 0.0, "Total Cost": 4.3, "Plan Rows": 1, "Plan Width": 21, "Actual Startup Time": 0.0, "Actual Total Time": 0.0, "Index Cond": "(id = ml.linked_movie_id)", "Rows Removed by Index Recheck": 0}]}]}, "Triggers": [], "Planner Runtime": 2, "Total Runtime": 116.955, "Unique SQL Id": 524435555}}, "(1, 126)": {"explain_plan": {"Plan": {"Node Type": "Aggregate", "Strategy": "Plain", "Startup Cost": 7348798.26, "Total Cost": 7348798.27, "Plan Rows": 1, "Plan Width": 142, "Plans": [{"Node Type": "Nested Loop", "Parent Relationship": "Outer", "Join Type": "Inner", "Startup Cost": 0.0, "Total Cost": 7348797.1, "Plan Rows": 154, "Plan Width": 46, "Inner Unique": false, "Join Filter": "(ml.linked_movie_id = t2.id)", "Plans": [{"Node Type": "Seq Scan", "Parent Relationship": "Outer", "Relation Name": "title", "Alias": "t2", "Startup Cost": 0.0, "Total Cost": 60069.11, "Plan Rows": 2528311, "Plan Width": 21}, {"Node Type": "Materialize", "Parent Relationship": "Inner", "Startup Cost": 0.0, "Total Cost": 1448329.97, "Plan Rows": 154, "Plan Width": 33, "Plans": [{"Node Type": "Nested Loop", "Parent Relationship": "Outer", "Join Type": "Inner", "Startup Cost": 0.0, "Total Cost": 1448329.2, "Plan Rows": 154, "Plan Width": 33, "Inner Unique": true, "Join Filter": "(ml.link_type_id = lt.id)", "Plans": [{"Node Type": "Nested Loop", "Parent Relationship": "Outer", "Join Type": "Inner", "Startup Cost": 0.0, "Total Cost": 1448288.72, "Plan Rows": 154, "Plan Width": 25, "Inner Unique": false, "Join Filter": "(t1.id = ml.movie_id)", "Plans": [{"Node Type": "Seq Scan", "Parent Relationship": "Outer", "Relation Name": "movie_link", "Alias": "ml", "Startup Cost": 0.0, "Total Cost": 430.96, "Plan Rows": 29996, "Plan Width": 12}, {"Node Type": "Materialize", "Parent Relationship": "Inner", "Startup Cost": 0.0, "Total Cost": 1433009.82, "Plan Rows": 33, "Plan Width": 25, "Plans": [{"Node Type": "Nested Loop", "Parent Relationship": "Outer", "Join Type": "Inner", "Startup Cost": 0.0, "Total Cost": 1433009.65, "Plan Rows": 33, "Plan Width": 25, "Inner Unique": false, "Join Filter": "(mk.movie_id = t1.id)", "Plans": [{"Node Type": "Seq Scan", "Parent Relationship": "Outer", "Relation Name": "title", "Alias": "t1", "Startup Cost": 0.0, "Total Cost": 60069.11, "Plan Rows": 2528311, "Plan Width": 21}, {"Node Type": "Materialize", "Parent Relationship": "Inner", "Startup Cost": 0.0, "Total Cost": 121426.68, "Plan Rows": 33, "Plan Width": 4, "Plans": [{"Node Type": "Nested Loop", "Parent Relationship": "Outer", "Join Type": "Inner", "Startup Cost": 0.0, "Total Cost": 121426.52, "Plan Rows": 33, "Plan Width": 4, "Inner Unique": false, "Join Filter": "(k.id = mk.keyword_id)", "Plans": [{"Node Type": "Seq Scan", "Parent Relationship": "Outer", "Relation Name": "keyword", "Alias": "k", "Startup Cost": 0.0, "Total Cost": 2436.11, "Plan Rows": 1, "Plan Width": 4, "Filter": "((keyword)::text = '10,000-mile-club'::text)"}, {"Node Type": "Seq Scan", "Parent Relationship": "Inner", "Relation Name": "movie_keyword", "Alias": "mk", "Startup Cost": 0.0, "Total Cost": 62441.29, "Plan Rows": 4523929, "Plan Width": 8}]}]}]}]}]}, {"Node Type": "Materialize", "Parent Relationship": "Inner", "Startup Cost": 0.0, "Total Cost": 1.25, "Plan Rows": 17, "Plan Width": 16, "Plans": [{"Node Type": "Seq Scan", "Parent Relationship": "Outer", "Relation Name": "link_type", "Alias": "lt", "Startup Cost": 0.0, "Total Cost": 1.17, "Plan Rows": 17, "Plan Width": 16}]}]}]}]}]}, "Unique SQL Id": 524435555, "Planner Runtime": 2}, "explain_analyze_plan": null}, "(1, 127)": {"explain_plan": {"Plan": {"Node Type": "Aggregate", "Strategy": "Plain", "Startup Cost": 6000044963492.68, "Total Cost": 6000044963492.69, "Plan Rows": 1, "Plan Width": 142, "Plans": [{"Node Type": "Nested Loop", "Parent Relationship": "Outer", "Join Type": "Inner", "Startup Cost": 60000000000.0, "Total Cost": 6000044963491.52, "Plan Rows": 154, "Plan Width": 46, "Inner Unique": false, "Join Filter": "(ml.linked_movie_id = t2.id)", "Plans": [{"Node Type": "Index Scan", "Parent Relationship": "Outer", "Scan Direction": "Forward", "Index Name": "title_pkey", "Relation Name": "title", "Alias": "t2", "Startup Cost": 10000000000.0, "Total Cost": 1000011012048.91, "Plan Rows": 2528311, "Plan Width": 21}, {"Node Type": "Materialize", "Parent Relationship": "Inner", "Startup Cost": 50000000000.0, "Total Cost": 5000028111044.58, "Plan Rows": 154, "Plan Width": 33, "Plans": [{"Node Type": "Nested Loop", "Parent Relationship": "Outer", "Join Type": "Inner", "Startup Cost": 50000000000.0, "Total Cost": 5000028111043.81, "Plan Rows": 154, "Plan Width": 33, "Inner Unique": true, "Join Filter": "(ml.link_type_id = lt.id)", "Plans": [{"Node Type": "Nested Loop", "Parent Relationship": "Outer", "Join Type": "Inner", "Startup Cost": 40000000000.0, "Total Cost": 4000028109754.0, "Plan Rows": 154, "Plan Width": 25, "Inner Unique": false, "Join Filter": "(t1.id = ml.movie_id)", "Plans": [{"Node Type": "Index Scan", "Parent Relationship": "Outer", "Scan Direction": "Forward", "Index Name": "linked_movie_id_movie_link", "Relation Name": "movie_link", "Alias": "ml", "Startup Cost": 10000000000.0, "Total Cost": 1000000144578.17, "Plan Rows": 29996, "Plan Width": 12}, {"Node Type": "Materialize", "Parent Relationship": "Inner", "Startup Cost": 30000000000.0, "Total Cost": 3000027950327.9, "Plan Rows": 33, "Plan Width": 25, "Plans": [{"Node Type": "Nested Loop", "Parent Relationship": "Outer", "Join Type": "Inner", "Startup Cost": 30000000000.0, "Total Cost": 3000027950327.73, "Plan Rows": 33, "Plan Width": 25, "Inner Unique": false, "Join Filter": "(mk.movie_id = t1.id)", "Plans": [{"Node Type": "Index Scan", "Parent Relationship": "Outer", "Scan Direction": "Forward", "Index Name": "title_pkey", "Relation Name": "title", "Alias": "t1", "Startup Cost": 10000000000.0, "Total Cost": 1000011012048.91, "Plan Rows": 2528311, "Plan Width": 21}, {"Node Type": "Materialize", "Parent Relationship": "Inner", "Startup Cost": 20000000000.0, "Total Cost": 2000015686764.96, "Plan Rows": 33, "Plan Width": 4, "Plans": [{"Node Type": "Nested Loop", "Parent Relationship": "Outer", "Join Type": "Inner", "Startup Cost": 20000000000.0, "Total Cost": 2000015686764.79, "Plan Rows": 33, "Plan Width": 4, "Inner Unique": true, "Join Filter": "(k.id = mk.keyword_id)", "Plans": [{"Node Type": "Index Scan", "Parent Relationship": "Outer", "Scan Direction": "Forward", "Index Name": "movie_id_movie_keyword", "Relation Name": "movie_keyword", "Alias": "mk", "Startup Cost": 10000000000.0, "Total Cost": 1000015300634.17, "Plan Rows": 4523929, "Plan Width": 8}, {"Node Type": "Materialize", "Parent Relationship": "Inner", "Startup Cost": 10000000000.0, "Total Cost": 1000000318271.69, "Plan Rows": 1, "Plan Width": 4, "Plans": [{"Node Type": "Index Scan", "Parent Relationship": "Outer", "Scan Direction": "Forward", "Index Name": "keyword_pkey", "Relation Name": "keyword", "Alias": "k", "Startup Cost": 10000000000.0, "Total Cost": 1000000318271.68, "Plan Rows": 1, "Plan Width": 4, "Filter": "((keyword)::text = '10,000-mile-club'::text)"}]}]}]}]}]}]}, {"Node Type": "Materialize", "Parent Relationship": "Inner", "Startup Cost": 10000000000.0, "Total Cost": 1000000001250.58, "Plan Rows": 17, "Plan Width": 16, "Plans": [{"Node Type": "Index Scan", "Parent Relationship": "Outer", "Scan Direction": "Forward", "Index Name": "link_type_pkey", "Relation Name": "link_type", "Alias": "lt", "Startup Cost": 10000000000.0, "Total Cost": 1000000001250.5, "Plan Rows": 17, "Plan Width": 16}]}]}]}]}]}, "Unique SQL Id": 524435555, "Planner Runtime": 1}, "explain_analyze_plan": null}, "(16, 0)": {"explain_plan": {"Plan": {"Node Type": "Aggregate", "Strategy": "Plain", "Startup Cost": 3260.82, "Total Cost": 3260.83, "Plan Rows": 1, "Plan Width": 142, "Plans": [{"Node Type": "Nested Loop", "Parent Relationship": "Outer", "Join Type": "Inner", "Startup Cost": 5.89, "Total Cost": 3259.66, "Plan Rows": 154, "Plan Width": 46, "Inner Unique": true, "Plans": [{"Node Type": "Hash Join", "Parent Relationship": "Outer", "Join Type": "Inner", "Startup Cost": 5.89, "Total Cost": 2596.09, "Plan Rows": 154, "Plan Width": 33, "Inner Unique": true, "Hash Cond": "(ml.link_type_id = lt.id)", "Plans": [{"Node Type": "Nested Loop", "Parent Relationship": "Outer", "Join Type": "Inner", "Startup Cost": 4.51, "Total Cost": 2592.76, "Plan Rows": 154, "Plan Width": 25, "Inner Unique": false, "Plans": [{"Node Type": "Nested Loop", "Parent Relationship": "Outer", "Join Type": "Inner", "Startup Cost": 4.51, "Total Cost": 2579.55, "Plan Rows": 33, "Plan Width": 25, "Inner Unique": true, "Plans": [{"Node Type": "Nested Loop", "Parent Relationship": "Outer", "Join Type": "Inner", "Startup Cost": 4.51, "Total Cost": 2569.02, "Plan Rows": 33, "Plan Width": 4, "Inner Unique": false, "Plans": [{"Node Type": "Seq Scan", "Parent Relationship": "Outer", "Relation Name": "keyword", "Alias": "k", "Startup Cost": 0.0, "Total Cost": 2436.11, "Plan Rows": 1, "Plan Width": 4, "Filter": "((keyword)::text = '10,000-mile-club'::text)"}, {"Node Type": "Bitmap Heap Scan", "Parent Relationship": "Inner", "Relation Name": "movie_keyword", "Alias": "mk", "Startup Cost": 4.51, "Total Cost": 132.58, "Plan Rows": 33, "Plan Width": 8, "Recheck Cond": "(keyword_id = k.id)", "Plans": [{"Node Type": "Bitmap Index Scan", "Parent Relationship": "Outer", "Index Name": "keyword_id_movie_keyword", "Startup Cost": 0.0, "Total Cost": 4.5, "Plan Rows": 33, "Plan Width": 0, "Index Cond": "(keyword_id = k.id)"}]}]}, {"Node Type": "Index Scan", "Parent Relationship": "Inner", "Scan Direction": "Forward", "Index Name": "title_pkey", "Relation Name": "title", "Alias": "t1", "Startup Cost": 0.0, "Total Cost": 0.31, "Plan Rows": 1, "Plan Width": 21, "Index Cond": "(id = mk.movie_id)"}]}, {"Node Type": "Index Scan", "Parent Relationship": "Inner", "Scan Direction": "Forward", "Index Name": "movie_id_movie_link", "Relation Name": "movie_link", "Alias": "ml", "Startup Cost": 0.0, "Total Cost": 0.35, "Plan Rows": 5, "Plan Width": 12, "Index Cond": "(movie_id = t1.id)"}]}, {"Node Type": "Hash", "Parent Relationship": "Inner", "Startup Cost": 1.17, "Total Cost": 1.17, "Plan Rows": 17, "Plan Width": 16, "Plans": [{"Node Type": "Seq Scan", "Parent Relationship": "Outer", "Relation Name": "link_type", "Alias": "lt", "Startup Cost": 0.0, "Total Cost": 1.17, "Plan Rows": 17, "Plan Width": 16}]}]}, {"Node Type": "Index Scan", "Parent Relationship": "Inner", "Scan Direction": "Forward", "Index Name": "title_pkey", "Relation Name": "title", "Alias": "t2", "Startup Cost": 0.0, "Total Cost": 4.3, "Plan Rows": 1, "Plan Width": 21, "Index Cond": "(id = ml.linked_movie_id)"}]}]}, "Unique SQL Id": 524435555, "Planner Runtime": 20}, "explain_analyze_plan": {"Plan": {"Node Type": "Aggregate", "Strategy": "Plain", "Startup Cost": 3260.82, "Total Cost": 3260.83, "Plan Rows": 1, "Plan Width": 142, "Actual Startup Time": 41.087, "Actual Total Time": 41.088, "Actual Rows": 1, "Actual Loops": 1, "Plans": [{"Node Type": "Nested Loop", "Parent Relationship": "Outer", "Join Type": "Inner", "Startup Cost": 5.89, "Total Cost": 3259.66, "Plan Rows": 154, "Plan Width": 46, "Actual Startup Time": 41.082, "Actual Total Time": 41.082, "Actual Rows": 0, "Actual Loops": 1, "Inner Unique": true, "Plans": [{"Node Type": "Hash Join", "Parent Relationship": "Outer", "Join Type": "Inner", "Startup Cost": 5.89, "Total Cost": 2596.09, "Plan Rows": 154, "Plan Width": 33, "Actual Startup Time": 41.054, "Actual Total Time": 41.054, "Actual Rows": 0, "Actual Loops": 1, "Inner Unique": true, "Hash Cond": "(ml.link_type_id = lt.id)", "Plans": [{"Node Type": "Nested Loop", "Parent Relationship": "Outer", "Join Type": "Inner", "Startup Cost": 4.51, "Total Cost": 2592.76, "Plan Rows": 154, "Plan Width": 25, "Actual Startup Time": 40.986, "Actual Total Time": 40.986, "Actual Rows": 0, "Actual Loops": 1, "Inner Unique": false, "Plans": [{"Node Type": "Nested Loop", "Parent Relationship": "Outer", "Join Type": "Inner", "Startup Cost": 4.51, "Total Cost": 2579.55, "Plan Rows": 33, "Plan Width": 25, "Actual Startup Time": 40.103, "Actual Total Time": 40.981, "Actual Rows": 1, "Actual Loops": 1, "Inner Unique": true, "Plans": [{"Node Type": "Nested Loop", "Parent Relationship": "Outer", "Join Type": "Inner", "Startup Cost": 4.51, "Total Cost": 2569.02, "Plan Rows": 33, "Plan Width": 4, "Actual Startup Time": 40.083, "Actual Total Time": 40.961, "Actual Rows": 1, "Actual Loops": 1, "Inner Unique": false, "Plans": [{"Node Type": "Seq Scan", "Parent Relationship": "Outer", "Relation Name": "keyword", "Alias": "k", "Startup Cost": 0.0, "Total Cost": 2436.11, "Plan Rows": 1, "Plan Width": 4, "Actual Startup Time": 40.037, "Actual Total Time": 40.913, "Actual Rows": 1, "Actual Loops": 1, "Filter": "((keyword)::text = '10,000-mile-club'::text)", "Rows Removed by Filter": 134168}, {"Node Type": "Bitmap Heap Scan", "Parent Relationship": "Inner", "Relation Name": "movie_keyword", "Alias": "mk", "Startup Cost": 4.51, "Total Cost": 132.58, "Plan Rows": 33, "Plan Width": 8, "Actual Startup Time": 0.035, "Actual Total Time": 0.035, "Actual Rows": 1, "Actual Loops": 1, "Recheck Cond": "(keyword_id = k.id)", "Rows Removed by Index Recheck": 0, "Exact Heap Blocks": 1, "Lossy Heap Blocks": 1, "Plans": [{"Node Type": "Bitmap Index Scan", "Parent Relationship": "Outer", "Index Name": "keyword_id_movie_keyword", "Startup Cost": 0.0, "Total Cost": 4.5, "Plan Rows": 33, "Plan Width": 0, "Actual Startup Time": 0.022, "Actual Total Time": 0.022, "Actual Rows": 1, "Actual Loops": 1, "Index Cond": "(keyword_id = k.id)"}]}]}, {"Node Type": "Index Scan", "Parent Relationship": "Inner", "Scan Direction": "Forward", "Index Name": "title_pkey", "Relation Name": "title", "Alias": "t1", "Startup Cost": 0.0, "Total Cost": 0.31, "Plan Rows": 1, "Plan Width": 21, "Actual Startup Time": 0.015, "Actual Total Time": 0.015, "Actual Rows": 1, "Actual Loops": 1, "Index Cond": "(id = mk.movie_id)", "Rows Removed by Index Recheck": 0}]}, {"Node Type": "Index Scan", "Parent Relationship": "Inner", "Scan Direction": "Forward", "Index Name": "movie_id_movie_link", "Relation Name": "movie_link", "Alias": "ml", "Startup Cost": 0.0, "Total Cost": 0.35, "Plan Rows": 5, "Plan Width": 12, "Actual Startup Time": 0.003, "Actual Total Time": 0.003, "Actual Rows": 0, "Actual Loops": 1, "Index Cond": "(movie_id = t1.id)", "Rows Removed by Index Recheck": 0}]}, {"Node Type": "Hash", "Parent Relationship": "Inner", "Startup Cost": 1.17, "Total Cost": 1.17, "Plan Rows": 17, "Plan Width": 16, "Actual Startup Time": 0.027, "Actual Total Time": 0.027, "Actual Rows": 17, "Actual Loops": 1, "Hash Buckets": 32768, "Hash Batches": 1, "Original Hash Batches": 1, "Peak Memory Usage": 1, "Plans": [{"Node Type": "Seq Scan", "Parent Relationship": "Outer", "Relation Name": "link_type", "Alias": "lt", "Startup Cost": 0.0, "Total Cost": 1.17, "Plan Rows": 17, "Plan Width": 16, "Actual Startup Time": 0.012, "Actual Total Time": 0.017, "Actual Rows": 17, "Actual Loops": 1}]}]}, {"Node Type": "Index Scan", "Parent Relationship": "Inner", "Scan Direction": "Forward", "Index Name": "title_pkey", "Relation Name": "title", "Alias": "t2", "Startup Cost": 0.0, "Total Cost": 4.3, "Plan Rows": 1, "Plan Width": 21, "Actual Startup Time": 0.0, "Actual Total Time": 0.0, "Index Cond": "(id = ml.linked_movie_id)", "Rows Removed by Index Recheck": 0}]}]}, "Triggers": [], "Planner Runtime": 19, "Total Runtime": 41.329, "Unique SQL Id": 524435555}}, "(16, 1)": {"explain_plan": {"Plan": {"Node Type": "Aggregate", "Strategy": "Plain", "Startup Cost": 4047.28, "Total Cost": 4047.29, "Plan Rows": 1, "Plan Width": 142, "Plans": [{"Node Type": "Nested Loop", "Parent Relationship": "Outer", "Join Type": "Inner", "Startup Cost": 4.51, "Total Cost": 4046.12, "Plan Rows": 154, "Plan Width": 46, "Inner Unique": true, "Plans": [{"Node Type": "Nested Loop", "Parent Relationship": "Outer", "Join Type": "Inner", "Startup Cost": 4.51, "Total Cost": 3382.55, "Plan Rows": 154, "Plan Width": 33, "Inner Unique": true, "Plans": [{"Node Type": "Nested Loop", "Parent Relationship": "Outer", "Join Type": "Inner", "Startup Cost": 4.51, "Total Cost": 3339.37, "Plan Rows": 154, "Plan Width": 25, "Inner Unique": false, "Plans": [{"Node Type": "Nested Loop", "Parent Relationship": "Outer", "Join Type": "Inner", "Startup Cost": 4.51, "Total Cost": 3326.15, "Plan Rows": 33, "Plan Width": 25, "Inner Unique": true, "Plans": [{"Node Type": "Nested Loop", "Parent Relationship": "Outer", "Join Type": "Inner", "Startup Cost": 4.51, "Total Cost": 3315.63, "Plan Rows": 33, "Plan Width": 4, "Inner Unique": false, "Plans": [{"Node Type": "Index Scan", "Parent Relationship": "Outer", "Scan Direction": "Forward", "Index Name": "keyword_pkey", "Relation Name": "keyword", "Alias": "k", "Startup Cost": 0.0, "Total Cost": 3182.72, "Plan Rows": 1, "Plan Width": 4, "Filter": "((keyword)::text = '10,000-mile-club'::text)"}, {"Node Type": "Bitmap Heap Scan", "Parent Relationship": "Inner", "Relation Name": "movie_keyword", "Alias": "mk", "Startup Cost": 4.51, "Total Cost": 132.58, "Plan Rows": 33, "Plan Width": 8, "Recheck Cond": "(keyword_id = k.id)", "Plans": [{"Node Type": "Bitmap Index Scan", "Parent Relationship": "Outer", "Index Name": "keyword_id_movie_keyword", "Startup Cost": 0.0, "Total Cost": 4.5, "Plan Rows": 33, "Plan Width": 0, "Index Cond": "(keyword_id = k.id)"}]}]}, {"Node Type": "Index Scan", "Parent Relationship": "Inner", "Scan Direction": "Forward", "Index Name": "title_pkey", "Relation Name": "title", "Alias": "t1", "Startup Cost": 0.0, "Total Cost": 0.31, "Plan Rows": 1, "Plan Width": 21, "Index Cond": "(id = mk.movie_id)"}]}, {"Node Type": "Index Scan", "Parent Relationship": "Inner", "Scan Direction": "Forward", "Index Name": "movie_id_movie_link", "Relation Name": "movie_link", "Alias": "ml", "Startup Cost": 0.0, "Total Cost": 0.35, "Plan Rows": 5, "Plan Width": 12, "Index Cond": "(movie_id = t1.id)"}]}, {"Node Type": "Index Scan", "Parent Relationship": "Inner", "Scan Direction": "Forward", "Index Name": "link_type_pkey", "Relation Name": "link_type", "Alias": "lt", "Startup Cost": 0.0, "Total Cost": 0.27, "Plan Rows": 1, "Plan Width": 16, "Index Cond": "(id = ml.link_type_id)"}]}, {"Node Type": "Index Scan", "Parent Relationship": "Inner", "Scan Direction": "Forward", "Index Name": "title_pkey", "Relation Name": "title", "Alias": "t2", "Startup Cost": 0.0, "Total Cost": 4.3, "Plan Rows": 1, "Plan Width": 21, "Index Cond": "(id = ml.linked_movie_id)"}]}]}, "Unique SQL Id": 524435555, "Planner Runtime": 14}, "explain_analyze_plan": {"Plan": {"Node Type": "Aggregate", "Strategy": "Plain", "Startup Cost": 4047.28, "Total Cost": 4047.29, "Plan Rows": 1, "Plan Width": 142, "Actual Startup Time": 114.966, "Actual Total Time": 114.966, "Actual Rows": 1, "Actual Loops": 1, "Plans": [{"Node Type": "Nested Loop", "Parent Relationship": "Outer", "Join Type": "Inner", "Startup Cost": 4.51, "Total Cost": 4046.12, "Plan Rows": 154, "Plan Width": 46, "Actual Startup Time": 114.961, "Actual Total Time": 114.961, "Actual Rows": 0, "Actual Loops": 1, "Inner Unique": true, "Plans": [{"Node Type": "Nested Loop", "Parent Relationship": "Outer", "Join Type": "Inner", "Startup Cost": 4.51, "Total Cost": 3382.55, "Plan Rows": 154, "Plan Width": 33, "Actual Startup Time": 114.959, "Actual Total Time": 114.959, "Actual Rows": 0, "Actual Loops": 1, "Inner Unique": true, "Plans": [{"Node Type": "Nested Loop", "Parent Relationship": "Outer", "Join Type": "Inner", "Startup Cost": 4.51, "Total Cost": 3339.37, "Plan Rows": 154, "Plan Width": 25, "Actual Startup Time": 114.959, "Actual Total Time": 114.959, "Actual Rows": 0, "Actual Loops": 1, "Inner Unique": false, "Plans": [{"Node Type": "Nested Loop", "Parent Relationship": "Outer", "Join Type": "Inner", "Startup Cost": 4.51, "Total Cost": 3326.15, "Plan Rows": 33, "Plan Width": 25, "Actual Startup Time": 113.082, "Actual Total Time": 114.952, "Actual Rows": 1, "Actual Loops": 1, "Inner Unique": true, "Plans": [{"Node Type": "Nested Loop", "Parent Relationship": "Outer", "Join Type": "Inner", "Startup Cost": 4.51, "Total Cost": 3315.63, "Plan Rows": 33, "Plan Width": 4, "Actual Startup Time": 113.064, "Actual Total Time": 114.934, "Actual Rows": 1, "Actual Loops": 1, "Inner Unique": false, "Plans": [{"Node Type": "Index Scan", "Parent Relationship": "Outer", "Scan Direction": "Forward", "Index Name": "keyword_pkey", "Relation Name": "keyword", "Alias": "k", "Startup Cost": 0.0, "Total Cost": 3182.72, "Plan Rows": 1, "Plan Width": 4, "Actual Startup Time": 113.017, "Actual Total Time": 114.885, "Actual Rows": 1, "Actual Loops": 1, "Filter": "((keyword)::text = '10,000-mile-club'::text)", "Rows Removed by Filter": 134168}, {"Node Type": "Bitmap Heap Scan", "Parent Relationship": "Inner", "Relation Name": "movie_keyword", "Alias": "mk", "Startup Cost": 4.51, "Total Cost": 132.58, "Plan Rows": 33, "Plan Width": 8, "Actual Startup Time": 0.031, "Actual Total Time": 0.031, "Actual Rows": 1, "Actual Loops": 1, "Recheck Cond": "(keyword_id = k.id)", "Rows Removed by Index Recheck": 0, "Exact Heap Blocks": 1, "Lossy Heap Blocks": 1, "Plans": [{"Node Type": "Bitmap Index Scan", "Parent Relationship": "Outer", "Index Name": "keyword_id_movie_keyword", "Startup Cost": 0.0, "Total Cost": 4.5, "Plan Rows": 33, "Plan Width": 0, "Actual Startup Time": 0.02, "Actual Total Time": 0.02, "Actual Rows": 1, "Actual Loops": 1, "Index Cond": "(keyword_id = k.id)"}]}]}, {"Node Type": "Index Scan", "Parent Relationship": "Inner", "Scan Direction": "Forward", "Index Name": "title_pkey", "Relation Name": "title", "Alias": "t1", "Startup Cost": 0.0, "Total Cost": 0.31, "Plan Rows": 1, "Plan Width": 21, "Actual Startup Time": 0.014, "Actual Total Time": 0.014, "Actual Rows": 1, "Actual Loops": 1, "Index Cond": "(id = mk.movie_id)", "Rows Removed by Index Recheck": 0}]}, {"Node Type": "Index Scan", "Parent Relationship": "Inner", "Scan Direction": "Forward", "Index Name": "movie_id_movie_link", "Relation Name": "movie_link", "Alias": "ml", "Startup Cost": 0.0, "Total Cost": 0.35, "Plan Rows": 5, "Plan Width": 12, "Actual Startup Time": 0.004, "Actual Total Time": 0.004, "Actual Rows": 0, "Actual Loops": 1, "Index Cond": "(movie_id = t1.id)", "Rows Removed by Index Recheck": 0}]}, {"Node Type": "Index Scan", "Parent Relationship": "Inner", "Scan Direction": "Forward", "Index Name": "link_type_pkey", "Relation Name": "link_type", "Alias": "lt", "Startup Cost": 0.0, "Total Cost": 0.27, "Plan Rows": 1, "Plan Width": 16, "Actual Startup Time": 0.0, "Actual Total Time": 0.0, "Index Cond": "(id = ml.link_type_id)", "Rows Removed by Index Recheck": 0}]}, {"Node Type": "Index Scan", "Parent Relationship": "Inner", "Scan Direction": "Forward", "Index Name": "title_pkey", "Relation Name": "title", "Alias": "t2", "Startup Cost": 0.0, "Total Cost": 4.3, "Plan Rows": 1, "Plan Width": 21, "Actual Startup Time": 0.0, "Actual Total Time": 0.0, "Index Cond": "(id = ml.linked_movie_id)", "Rows Removed by Index Recheck": 0}]}]}, "Triggers": [], "Planner Runtime": 3, "Total Runtime": 115.218, "Unique SQL Id": 524435555}}, "(16, 2)": {"explain_plan": {"Plan": {"Node Type": "Aggregate", "Strategy": "Plain", "Startup Cost": 3709.86, "Total Cost": 3709.87, "Plan Rows": 1, "Plan Width": 142, "Plans": [{"Node Type": "Nested Loop", "Parent Relationship": "Outer", "Join Type": "Inner", "Startup Cost": 7.93, "Total Cost": 3708.7, "Plan Rows": 154, "Plan Width": 46, "Inner Unique": true, "Plans": [{"Node Type": "Hash Join", "Parent Relationship": "Outer", "Join Type": "Inner", "Startup Cost": 6.44, "Total Cost": 2859.52, "Plan Rows": 154, "Plan Width": 33, "Inner Unique": true, "Hash Cond": "(ml.link_type_id = lt.id)", "Plans": [{"Node Type": "Nested Loop", "Parent Relationship": "Outer", "Join Type": "Inner", "Startup Cost": 5.06, "Total Cost": 2856.2, "Plan Rows": 154, "Plan Width": 25, "Inner Unique": false, "Join Filter": "(t1.id = ml.movie_id)", "Plans": [{"Node Type": "Nested Loop", "Parent Relationship": "Outer", "Join Type": "Inner", "Startup Cost": 4.77, "Total Cost": 2710.54, "Plan Rows": 33, "Plan Width": 25, "Inner Unique": true, "Plans": [{"Node Type": "Nested Loop", "Parent Relationship": "Outer", "Join Type": "Inner", "Startup Cost": 4.51, "Total Cost": 2569.02, "Plan Rows": 33, "Plan Width": 4, "Inner Unique": false, "Plans": [{"Node Type": "Seq Scan", "Parent Relationship": "Outer", "Relation Name": "keyword", "Alias": "k", "Startup Cost": 0.0, "Total Cost": 2436.11, "Plan Rows": 1, "Plan Width": 4, "Filter": "((keyword)::text = '10,000-mile-club'::text)"}, {"Node Type": "Bitmap Heap Scan", "Parent Relationship": "Inner", "Relation Name": "movie_keyword", "Alias": "mk", "Startup Cost": 4.51, "Total Cost": 132.58, "Plan Rows": 33, "Plan Width": 8, "Recheck Cond": "(keyword_id = k.id)", "Plans": [{"Node Type": "Bitmap Index Scan", "Parent Relationship": "Outer", "Index Name": "keyword_id_movie_keyword", "Startup Cost": 0.0, "Total Cost": 4.5, "Plan Rows": 33, "Plan Width": 0, "Index Cond": "(keyword_id = k.id)"}]}]}, {"Node Type": "Bitmap Heap Scan", "Parent Relationship": "Inner", "Relation Name": "title", "Alias": "t1", "Startup Cost": 0.27, "Total Cost": 4.28, "Plan Rows": 1, "Plan Width": 21, "Recheck Cond": "(id = mk.movie_id)", "Plans": [{"Node Type": "Bitmap Index Scan", "Parent Relationship": "Outer", "Index Name": "title_pkey", "Startup Cost": 0.0, "Total Cost": 0.27, "Plan Rows": 1, "Plan Width": 0, "Index Cond": "(id = mk.movie_id)"}]}]}, {"Node Type": "Bitmap Heap Scan", "Parent Relationship": "Inner", "Relation Name": "movie_link", "Alias": "ml", "Startup Cost": 0.29, "Total Cost": 4.35, "Plan Rows": 5, "Plan Width": 12, "Recheck Cond": "(movie_id = mk.movie_id)", "Plans": [{"Node Type": "Bitmap Index Scan", "Parent Relationship": "Outer", "Index Name": "movie_id_movie_link", "Startup Cost": 0.0, "Total Cost": 0.29, "Plan Rows": 5, "Plan Width": 0, "Index Cond": "(movie_id = mk.movie_id)"}]}]}, {"Node Type": "Hash", "Parent Relationship": "Inner", "Startup Cost": 1.17, "Total Cost": 1.17, "Plan Rows": 17, "Plan Width": 16, "Plans": [{"Node Type": "Seq Scan", "Parent Relationship": "Outer", "Relation Name": "link_type", "Alias": "lt", "Startup Cost": 0.0, "Total Cost": 1.17, "Plan Rows": 17, "Plan Width": 16}]}]}, {"Node Type": "Bitmap Heap Scan", "Parent Relationship": "Inner", "Relation Name": "title", "Alias": "t2", "Startup Cost": 1.49, "Total Cost": 5.5, "Plan Rows": 1, "Plan Width": 21, "Recheck Cond": "(id = ml.linked_movie_id)", "Plans": [{"Node Type": "Bitmap Index Scan", "Parent Relationship": "Outer", "Index Name": "title_pkey", "Startup Cost": 0.0, "Total Cost": 1.49, "Plan Rows": 1, "Plan Width": 0, "Index Cond": "(id = ml.linked_movie_id)"}]}]}]}, "Unique SQL Id": 524435555, "Planner Runtime": 25}, "explain_analyze_plan": {"Plan": {"Node Type": "Aggregate", "Strategy": "Plain", "Startup Cost": 3709.86, "Total Cost": 3709.87, "Plan Rows": 1, "Plan Width": 142, "Actual Startup Time": 40.855, "Actual Total Time": 40.856, "Actual Rows": 1, "Actual Loops": 1, "Plans": [{"Node Type": "Nested Loop", "Parent Relationship": "Outer", "Join Type": "Inner", "Startup Cost": 7.93, "Total Cost": 3708.7, "Plan Rows": 154, "Plan Width": 46, "Actual Startup Time": 40.849, "Actual Total Time": 40.849, "Actual Rows": 0, "Actual Loops": 1, "Inner Unique": true, "Plans": [{"Node Type": "Hash Join", "Parent Relationship": "Outer", "Join Type": "Inner", "Startup Cost": 6.44, "Total Cost": 2859.52, "Plan Rows": 154, "Plan Width": 33, "Actual Startup Time": 40.824, "Actual Total Time": 40.824, "Actual Rows": 0, "Actual Loops": 1, "Inner Unique": true, "Hash Cond": "(ml.link_type_id = lt.id)", "Plans": [{"Node Type": "Nested Loop", "Parent Relationship": "Outer", "Join Type": "Inner", "Startup Cost": 5.06, "Total Cost": 2856.2, "Plan Rows": 154, "Plan Width": 25, "Actual Startup Time": 40.752, "Actual Total Time": 40.752, "Actual Rows": 0, "Actual Loops": 1, "Inner Unique": false, "Join Filter": "(t1.id = ml.movie_id)", "Rows Removed by Join Filter": 0, "Plans": [{"Node Type": "Nested Loop", "Parent Relationship": "Outer", "Join Type": "Inner", "Startup Cost": 4.77, "Total Cost": 2710.54, "Plan Rows": 33, "Plan Width": 25, "Actual Startup Time": 39.861, "Actual Total Time": 40.74, "Actual Rows": 1, "Actual Loops": 1, "Inner Unique": true, "Plans": [{"Node Type": "Nested Loop", "Parent Relationship": "Outer", "Join Type": "Inner", "Startup Cost": 4.51, "Total Cost": 2569.02, "Plan Rows": 33, "Plan Width": 4, "Actual Startup Time": 39.842, "Actual Total Time": 40.72, "Actual Rows": 1, "Actual Loops": 1, "Inner Unique": false, "Plans": [{"Node Type": "Seq Scan", "Parent Relationship": "Outer", "Relation Name": "keyword", "Alias": "k", "Startup Cost": 0.0, "Total Cost": 2436.11, "Plan Rows": 1, "Plan Width": 4, "Actual Startup Time": 39.799, "Actual Total Time": 40.676, "Actual Rows": 1, "Actual Loops": 1, "Filter": "((keyword)::text = '10,000-mile-club'::text)", "Rows Removed by Filter": 134168}, {"Node Type": "Bitmap Heap Scan", "Parent Relationship": "Inner", "Relation Name": "movie_keyword", "Alias": "mk", "Startup Cost": 4.51, "Total Cost": 132.58, "Plan Rows": 33, "Plan Width": 8, "Actual Startup Time": 0.032, "Actual Total Time": 0.032, "Actual Rows": 1, "Actual Loops": 1, "Recheck Cond": "(keyword_id = k.id)", "Rows Removed by Index Recheck": 0, "Exact Heap Blocks": 1, "Lossy Heap Blocks": 1, "Plans": [{"Node Type": "Bitmap Index Scan", "Parent Relationship": "Outer", "Index Name": "keyword_id_movie_keyword", "Startup Cost": 0.0, "Total Cost": 4.5, "Plan Rows": 33, "Plan Width": 0, "Actual Startup Time": 0.021, "Actual Total Time": 0.021, "Actual Rows": 1, "Actual Loops": 1, "Index Cond": "(keyword_id = k.id)"}]}]}, {"Node Type": "Bitmap Heap Scan", "Parent Relationship": "Inner", "Relation Name": "title", "Alias": "t1", "Startup Cost": 0.27, "Total Cost": 4.28, "Plan Rows": 1, "Plan Width": 21, "Actual Startup Time": 0.013, "Actual Total Time": 0.013, "Actual Rows": 1, "Actual Loops": 1, "Recheck Cond": "(id = mk.movie_id)", "Rows Removed by Index Recheck": 0, "Exact Heap Blocks": 1, "Lossy Heap Blocks": 1, "Plans": [{"Node Type": "Bitmap Index Scan", "Parent Relationship": "Outer", "Index Name": "title_pkey", "Startup Cost": 0.0, "Total Cost": 0.27, "Plan Rows": 1, "Plan Width": 0, "Actual Startup Time": 0.008, "Actual Total Time": 0.008, "Actual Rows": 1, "Actual Loops": 1, "Index Cond": "(id = mk.movie_id)"}]}]}, {"Node Type": "Bitmap Heap Scan", "Parent Relationship": "Inner", "Relation Name": "movie_link", "Alias": "ml", "Startup Cost": 0.29, "Total Cost": 4.35, "Plan Rows": 5, "Plan Width": 12, "Actual Startup Time": 0.009, "Actual Total Time": 0.009, "Actual Rows": 0, "Actual Loops": 1, "Recheck Cond": "(movie_id = mk.movie_id)", "Rows Removed by Index Recheck": 0, "Exact Heap Blocks": 0, "Lossy Heap Blocks": 0, "Plans": [{"Node Type": "Bitmap Index Scan", "Parent Relationship": "Outer", "Index Name": "movie_id_movie_link", "Startup Cost": 0.0, "Total Cost": 0.29, "Plan Rows": 5, "Plan Width": 0, "Actual Startup Time": 0.005, "Actual Total Time": 0.005, "Actual Rows": 0, "Actual Loops": 1, "Index Cond": "(movie_id = mk.movie_id)"}]}]}, {"Node Type": "Hash", "Parent Relationship": "Inner", "Startup Cost": 1.17, "Total Cost": 1.17, "Plan Rows": 17, "Plan Width": 16, "Actual Startup Time": 0.031, "Actual Total Time": 0.031, "Actual Rows": 17, "Actual Loops": 1, "Hash Buckets": 32768, "Hash Batches": 1, "Original Hash Batches": 1, "Peak Memory Usage": 1, "Plans": [{"Node Type": "Seq Scan", "Parent Relationship": "Outer", "Relation Name": "link_type", "Alias": "lt", "Startup Cost": 0.0, "Total Cost": 1.17, "Plan Rows": 17, "Plan Width": 16, "Actual Startup Time": 0.013, "Actual Total Time": 0.021, "Actual Rows": 17, "Actual Loops": 1}]}]}, {"Node Type": "Bitmap Heap Scan", "Parent Relationship": "Inner", "Relation Name": "title", "Alias": "t2", "Startup Cost": 1.49, "Total Cost": 5.5, "Plan Rows": 1, "Plan Width": 21, "Actual Startup Time": 0.0, "Actual Total Time": 0.0, "Recheck Cond": "(id = ml.linked_movie_id)", "Rows Removed by Index Recheck": 0, "Exact Heap Blocks": 0, "Lossy Heap Blocks": 0, "Plans": [{"Node Type": "Bitmap Index Scan", "Parent Relationship": "Outer", "Index Name": "title_pkey", "Startup Cost": 0.0, "Total Cost": 1.49, "Plan Rows": 1, "Plan Width": 0, "Actual Startup Time": 0.0, "Actual Total Time": 0.0, "Index Cond": "(id = ml.linked_movie_id)"}]}]}]}, "Triggers": [], "Planner Runtime": 20, "Total Runtime": 41.114, "Unique SQL Id": 524435555}}, "(16, 3)": {"explain_plan": {"Plan": {"Node Type": "Aggregate", "Strategy": "Plain", "Startup Cost": 4440.29, "Total Cost": 4440.3, "Plan Rows": 1, "Plan Width": 142, "Plans": [{"Node Type": "Nested Loop", "Parent Relationship": "Outer", "Join Type": "Inner", "Startup Cost": 738.37, "Total Cost": 4439.14, "Plan Rows": 154, "Plan Width": 46, "Inner Unique": true, "Plans": [{"Node Type": "Hash Join", "Parent Relationship": "Outer", "Join Type": "Inner", "Startup Cost": 736.88, "Total Cost": 3589.96, "Plan Rows": 154, "Plan Width": 33, "Inner Unique": true, "Hash Cond": "(ml.link_type_id = lt.id)", "Plans": [{"Node Type": "Nested Loop", "Parent Relationship": "Outer", "Join Type": "Inner", "Startup Cost": 724.16, "Total Cost": 3575.3, "Plan Rows": 154, "Plan Width": 25, "Inner Unique": false, "Join Filter": "(t1.id = ml.movie_id)", "Plans": [{"Node Type": "Nested Loop", "Parent Relationship": "Outer", "Join Type": "Inner", "Startup Cost": 723.87, "Total Cost": 3429.64, "Plan Rows": 33, "Plan Width": 25, "Inner Unique": true, "Plans": [{"Node Type": "Nested Loop", "Parent Relationship": "Outer", "Join Type": "Inner", "Startup Cost": 723.6, "Total Cost": 3288.12, "Plan Rows": 33, "Plan Width": 4, "Inner Unique": false, "Plans": [{"Node Type": "Bitmap Heap Scan", "Parent Relationship": "Outer", "Relation Name": "keyword", "Alias": "k", "Startup Cost": 719.1, "Total Cost": 3155.21, "Plan Rows": 1, "Plan Width": 4, "Filter": "((keyword)::text = '10,000-mile-club'::text)", "Plans": [{"Node Type": "Bitmap Index Scan", "Parent Relationship": "Outer", "Index Name": "keyword_pkey", "Startup Cost": 0.0, "Total Cost": 719.1, "Plan Rows": 134169, "Plan Width": 0}]}, {"Node Type": "Bitmap Heap Scan", "Parent Relationship": "Inner", "Relation Name": "movie_keyword", "Alias": "mk", "Startup Cost": 4.51, "Total Cost": 132.58, "Plan Rows": 33, "Plan Width": 8, "Recheck Cond": "(keyword_id = k.id)", "Plans": [{"Node Type": "Bitmap Index Scan", "Parent Relationship": "Outer", "Index Name": "keyword_id_movie_keyword", "Startup Cost": 0.0, "Total Cost": 4.5, "Plan Rows": 33, "Plan Width": 0, "Index Cond": "(keyword_id = k.id)"}]}]}, {"Node Type": "Bitmap Heap Scan", "Parent Relationship": "Inner", "Relation Name": "title", "Alias": "t1", "Startup Cost": 0.27, "Total Cost": 4.28, "Plan Rows": 1, "Plan Width": 21, "Recheck Cond": "(id = mk.movie_id)", "Plans": [{"Node Type": "Bitmap Index Scan", "Parent Relationship": "Outer", "Index Name": "title_pkey", "Startup Cost": 0.0, "Total Cost": 0.27, "Plan Rows": 1, "Plan Width": 0, "Index Cond": "(id = mk.movie_id)"}]}]}, {"Node Type": "Bitmap Heap Scan", "Parent Relationship": "Inner", "Relation Name": "movie_link", "Alias": "ml", "Startup Cost": 0.29, "Total Cost": 4.35, "Plan Rows": 5, "Plan Width": 12, "Recheck Cond": "(movie_id = mk.movie_id)", "Plans": [{"Node Type": "Bitmap Index Scan", "Parent Relationship": "Outer", "Index Name": "movie_id_movie_link", "Startup Cost": 0.0, "Total Cost": 0.29, "Plan Rows": 5, "Plan Width": 0, "Index Cond": "(movie_id = mk.movie_id)"}]}]}, {"Node Type": "Hash", "Parent Relationship": "Inner", "Startup Cost": 12.51, "Total Cost": 12.51, "Plan Rows": 17, "Plan Width": 16, "Plans": [{"Node Type": "Bitmap Heap Scan", "Parent Relationship": "Outer", "Relation Name": "link_type", "Alias": "lt", "Startup Cost": 8.34, "Total Cost": 12.51, "Plan Rows": 17, "Plan Width": 16, "Plans": [{"Node Type": "Bitmap Index Scan", "Parent Relationship": "Outer", "Index Name": "link_type_pkey", "Startup Cost": 0.0, "Total Cost": 8.34, "Plan Rows": 17, "Plan Width": 0}]}]}]}, {"Node Type": "Bitmap Heap Scan", "Parent Relationship": "Inner", "Relation Name": "title", "Alias": "t2", "Startup Cost": 1.49, "Total Cost": 5.5, "Plan Rows": 1, "Plan Width": 21, "Recheck Cond": "(id = ml.linked_movie_id)", "Plans": [{"Node Type": "Bitmap Index Scan", "Parent Relationship": "Outer", "Index Name": "title_pkey", "Startup Cost": 0.0, "Total Cost": 1.49, "Plan Rows": 1, "Plan Width": 0, "Index Cond": "(id = ml.linked_movie_id)"}]}]}]}, "Unique SQL Id": 524435555, "Planner Runtime": 12}, "explain_analyze_plan": {"Plan": {"Node Type": "Aggregate", "Strategy": "Plain", "Startup Cost": 4440.29, "Total Cost": 4440.3, "Plan Rows": 1, "Plan Width": 142, "Actual Startup Time": 61.614, "Actual Total Time": 61.615, "Actual Rows": 1, "Actual Loops": 1, "Plans": [{"Node Type": "Nested Loop", "Parent Relationship": "Outer", "Join Type": "Inner", "Startup Cost": 738.37, "Total Cost": 4439.14, "Plan Rows": 154, "Plan Width": 46, "Actual Startup Time": 61.608, "Actual Total Time": 61.608, "Actual Rows": 0, "Actual Loops": 1, "Inner Unique": true, "Plans": [{"Node Type": "Hash Join", "Parent Relationship": "Outer", "Join Type": "Inner", "Startup Cost": 736.88, "Total Cost": 3589.96, "Plan Rows": 154, "Plan Width": 33, "Actual Startup Time": 61.584, "Actual Total Time": 61.584, "Actual Rows": 0, "Actual Loops": 1, "Inner Unique": true, "Hash Cond": "(ml.link_type_id = lt.id)", "Plans": [{"Node Type": "Nested Loop", "Parent Relationship": "Outer", "Join Type": "Inner", "Startup Cost": 724.16, "Total Cost": 3575.3, "Plan Rows": 154, "Plan Width": 25, "Actual Startup Time": 61.513, "Actual Total Time": 61.513, "Actual Rows": 0, "Actual Loops": 1, "Inner Unique": false, "Join Filter": "(t1.id = ml.movie_id)", "Rows Removed by Join Filter": 0, "Plans": [{"Node Type": "Nested Loop", "Parent Relationship": "Outer", "Join Type": "Inner", "Startup Cost": 723.87, "Total Cost": 3429.64, "Plan Rows": 33, "Plan Width": 25, "Actual Startup Time": 60.452, "Actual Total Time": 61.505, "Actual Rows": 1, "Actual Loops": 1, "Inner Unique": true, "Plans": [{"Node Type": "Nested Loop", "Parent Relationship": "Outer", "Join Type": "Inner", "Startup Cost": 723.6, "Total Cost": 3288.12, "Plan Rows": 33, "Plan Width": 4, "Actual Startup Time": 60.436, "Actual Total Time": 61.489, "Actual Rows": 1, "Actual Loops": 1, "Inner Unique": false, "Plans": [{"Node Type": "Bitmap Heap Scan", "Parent Relationship": "Outer", "Relation Name": "keyword", "Alias": "k", "Startup Cost": 719.1, "Total Cost": 3155.21, "Plan Rows": 1, "Plan Width": 4, "Actual Startup Time": 60.398, "Actual Total Time": 61.449, "Actual Rows": 1, "Actual Loops": 1, "Filter": "((keyword)::text = '10,000-mile-club'::text)", "Rows Removed by Filter": 134168, "Exact Heap Blocks": 759, "Lossy Heap Blocks": 759, "Plans": [{"Node Type": "Bitmap Index Scan", "Parent Relationship": "Outer", "Index Name": "keyword_pkey", "Startup Cost": 0.0, "Total Cost": 719.1, "Plan Rows": 134169, "Plan Width": 0, "Actual Startup Time": 11.375, "Actual Total Time": 11.375, "Actual Rows": 134169, "Actual Loops": 1}]}, {"Node Type": "Bitmap Heap Scan", "Parent Relationship": "Inner", "Relation Name": "movie_keyword", "Alias": "mk", "Startup Cost": 4.51, "Total Cost": 132.58, "Plan Rows": 33, "Plan Width": 8, "Actual Startup Time": 0.025, "Actual Total Time": 0.025, "Actual Rows": 1, "Actual Loops": 1, "Recheck Cond": "(keyword_id = k.id)", "Rows Removed by Index Recheck": 0, "Exact Heap Blocks": 1, "Lossy Heap Blocks": 1, "Plans": [{"Node Type": "Bitmap Index Scan", "Parent Relationship": "Outer", "Index Name": "keyword_id_movie_keyword", "Startup Cost": 0.0, "Total Cost": 4.5, "Plan Rows": 33, "Plan Width": 0, "Actual Startup Time": 0.017, "Actual Total Time": 0.017, "Actual Rows": 1, "Actual Loops": 1, "Index Cond": "(keyword_id = k.id)"}]}]}, {"Node Type": "Bitmap Heap Scan", "Parent Relationship": "Inner", "Relation Name": "title", "Alias": "t1", "Startup Cost": 0.27, "Total Cost": 4.28, "Plan Rows": 1, "Plan Width": 21, "Actual Startup Time": 0.012, "Actual Total Time": 0.012, "Actual Rows": 1, "Actual Loops": 1, "Recheck Cond": "(id = mk.movie_id)", "Rows Removed by Index Recheck": 0, "Exact Heap Blocks": 1, "Lossy Heap Blocks": 1, "Plans": [{"Node Type": "Bitmap Index Scan", "Parent Relationship": "Outer", "Index Name": "title_pkey", "Startup Cost": 0.0, "Total Cost": 0.27, "Plan Rows": 1, "Plan Width": 0, "Actual Startup Time": 0.008, "Actual Total Time": 0.008, "Actual Rows": 1, "Actual Loops": 1, "Index Cond": "(id = mk.movie_id)"}]}]}, {"Node Type": "Bitmap Heap Scan", "Parent Relationship": "Inner", "Relation Name": "movie_link", "Alias": "ml", "Startup Cost": 0.29, "Total Cost": 4.35, "Plan Rows": 5, "Plan Width": 12, "Actual Startup Time": 0.006, "Actual Total Time": 0.006, "Actual Rows": 0, "Actual Loops": 1, "Recheck Cond": "(movie_id = mk.movie_id)", "Rows Removed by Index Recheck": 0, "Exact Heap Blocks": 0, "Lossy Heap Blocks": 0, "Plans": [{"Node Type": "Bitmap Index Scan", "Parent Relationship": "Outer", "Index Name": "movie_id_movie_link", "Startup Cost": 0.0, "Total Cost": 0.29, "Plan Rows": 5, "Plan Width": 0, "Actual Startup Time": 0.003, "Actual Total Time": 0.003, "Actual Rows": 0, "Actual Loops": 1, "Index Cond": "(movie_id = mk.movie_id)"}]}]}, {"Node Type": "Hash", "Parent Relationship": "Inner", "Startup Cost": 12.51, "Total Cost": 12.51, "Plan Rows": 17, "Plan Width": 16, "Actual Startup Time": 0.032, "Actual Total Time": 0.032, "Actual Rows": 17, "Actual Loops": 1, "Hash Buckets": 32768, "Hash Batches": 1, "Original Hash Batches": 1, "Peak Memory Usage": 1, "Plans": [{"Node Type": "Bitmap Heap Scan", "Parent Relationship": "Outer", "Relation Name": "link_type", "Alias": "lt", "Startup Cost": 8.34, "Total Cost": 12.51, "Plan Rows": 17, "Plan Width": 16, "Actual Startup Time": 0.017, "Actual Total Time": 0.022, "Actual Rows": 17, "Actual Loops": 1, "Exact Heap Blocks": 1, "Lossy Heap Blocks": 1, "Plans": [{"Node Type": "Bitmap Index Scan", "Parent Relationship": "Outer", "Index Name": "link_type_pkey", "Startup Cost": 0.0, "Total Cost": 8.34, "Plan Rows": 17, "Plan Width": 0, "Actual Startup Time": 0.007, "Actual Total Time": 0.007, "Actual Rows": 17, "Actual Loops": 1}]}]}]}, {"Node Type": "Bitmap Heap Scan", "Parent Relationship": "Inner", "Relation Name": "title", "Alias": "t2", "Startup Cost": 1.49, "Total Cost": 5.5, "Plan Rows": 1, "Plan Width": 21, "Actual Startup Time": 0.0, "Actual Total Time": 0.0, "Recheck Cond": "(id = ml.linked_movie_id)", "Rows Removed by Index Recheck": 0, "Exact Heap Blocks": 0, "Lossy Heap Blocks": 0, "Plans": [{"Node Type": "Bitmap Index Scan", "Parent Relationship": "Outer", "Index Name": "title_pkey", "Startup Cost": 0.0, "Total Cost": 1.49, "Plan Rows": 1, "Plan Width": 0, "Actual Startup Time": 0.0, "Actual Total Time": 0.0, "Index Cond": "(id = ml.linked_movie_id)"}]}]}]}, "Triggers": [], "Planner Runtime": 7, "Total Runtime": 61.87, "Unique SQL Id": 524435555}}, "(16, 4)": {"explain_plan": {"Plan": {"Node Type": "Aggregate", "Strategy": "Plain", "Startup Cost": 3260.82, "Total Cost": 3260.83, "Plan Rows": 1, "Plan Width": 142, "Plans": [{"Node Type": "Nested Loop", "Parent Relationship": "Outer", "Join Type": "Inner", "Startup Cost": 5.89, "Total Cost": 3259.66, "Plan Rows": 154, "Plan Width": 46, "Inner Unique": true, "Plans": [{"Node Type": "Hash Join", "Parent Relationship": "Outer", "Join Type": "Inner", "Startup Cost": 5.89, "Total Cost": 2596.09, "Plan Rows": 154, "Plan Width": 33, "Inner Unique": true, "Hash Cond": "(ml.link_type_id = lt.id)", "Plans": [{"Node Type": "Nested Loop", "Parent Relationship": "Outer", "Join Type": "Inner", "Startup Cost": 4.51, "Total Cost": 2592.76, "Plan Rows": 154, "Plan Width": 25, "Inner Unique": false, "Plans": [{"Node Type": "Nested Loop", "Parent Relationship": "Outer", "Join Type": "Inner", "Startup Cost": 4.51, "Total Cost": 2579.55, "Plan Rows": 33, "Plan Width": 25, "Inner Unique": true, "Plans": [{"Node Type": "Nested Loop", "Parent Relationship": "Outer", "Join Type": "Inner", "Startup Cost": 4.51, "Total Cost": 2569.02, "Plan Rows": 33, "Plan Width": 4, "Inner Unique": false, "Plans": [{"Node Type": "Seq Scan", "Parent Relationship": "Outer", "Relation Name": "keyword", "Alias": "k", "Startup Cost": 0.0, "Total Cost": 2436.11, "Plan Rows": 1, "Plan Width": 4, "Filter": "((keyword)::text = '10,000-mile-club'::text)"}, {"Node Type": "Bitmap Heap Scan", "Parent Relationship": "Inner", "Relation Name": "movie_keyword", "Alias": "mk", "Startup Cost": 4.51, "Total Cost": 132.58, "Plan Rows": 33, "Plan Width": 8, "Recheck Cond": "(keyword_id = k.id)", "Plans": [{"Node Type": "Bitmap Index Scan", "Parent Relationship": "Outer", "Index Name": "keyword_id_movie_keyword", "Startup Cost": 0.0, "Total Cost": 4.5, "Plan Rows": 33, "Plan Width": 0, "Index Cond": "(keyword_id = k.id)"}]}]}, {"Node Type": "Index Scan", "Parent Relationship": "Inner", "Scan Direction": "Forward", "Index Name": "title_pkey", "Relation Name": "title", "Alias": "t1", "Startup Cost": 0.0, "Total Cost": 0.31, "Plan Rows": 1, "Plan Width": 21, "Index Cond": "(id = mk.movie_id)"}]}, {"Node Type": "Index Scan", "Parent Relationship": "Inner", "Scan Direction": "Forward", "Index Name": "movie_id_movie_link", "Relation Name": "movie_link", "Alias": "ml", "Startup Cost": 0.0, "Total Cost": 0.35, "Plan Rows": 5, "Plan Width": 12, "Index Cond": "(movie_id = t1.id)"}]}, {"Node Type": "Hash", "Parent Relationship": "Inner", "Startup Cost": 1.17, "Total Cost": 1.17, "Plan Rows": 17, "Plan Width": 16, "Plans": [{"Node Type": "Seq Scan", "Parent Relationship": "Outer", "Relation Name": "link_type", "Alias": "lt", "Startup Cost": 0.0, "Total Cost": 1.17, "Plan Rows": 17, "Plan Width": 16}]}]}, {"Node Type": "Index Scan", "Parent Relationship": "Inner", "Scan Direction": "Forward", "Index Name": "title_pkey", "Relation Name": "title", "Alias": "t2", "Startup Cost": 0.0, "Total Cost": 4.3, "Plan Rows": 1, "Plan Width": 21, "Index Cond": "(id = ml.linked_movie_id)"}]}]}, "Unique SQL Id": 524435555, "Planner Runtime": 20}, "explain_analyze_plan": {"Plan": {"Node Type": "Aggregate", "Strategy": "Plain", "Startup Cost": 3260.82, "Total Cost": 3260.83, "Plan Rows": 1, "Plan Width": 142, "Actual Startup Time": 41.087, "Actual Total Time": 41.088, "Actual Rows": 1, "Actual Loops": 1, "Plans": [{"Node Type": "Nested Loop", "Parent Relationship": "Outer", "Join Type": "Inner", "Startup Cost": 5.89, "Total Cost": 3259.66, "Plan Rows": 154, "Plan Width": 46, "Actual Startup Time": 41.082, "Actual Total Time": 41.082, "Actual Rows": 0, "Actual Loops": 1, "Inner Unique": true, "Plans": [{"Node Type": "Hash Join", "Parent Relationship": "Outer", "Join Type": "Inner", "Startup Cost": 5.89, "Total Cost": 2596.09, "Plan Rows": 154, "Plan Width": 33, "Actual Startup Time": 41.054, "Actual Total Time": 41.054, "Actual Rows": 0, "Actual Loops": 1, "Inner Unique": true, "Hash Cond": "(ml.link_type_id = lt.id)", "Plans": [{"Node Type": "Nested Loop", "Parent Relationship": "Outer", "Join Type": "Inner", "Startup Cost": 4.51, "Total Cost": 2592.76, "Plan Rows": 154, "Plan Width": 25, "Actual Startup Time": 40.986, "Actual Total Time": 40.986, "Actual Rows": 0, "Actual Loops": 1, "Inner Unique": false, "Plans": [{"Node Type": "Nested Loop", "Parent Relationship": "Outer", "Join Type": "Inner", "Startup Cost": 4.51, "Total Cost": 2579.55, "Plan Rows": 33, "Plan Width": 25, "Actual Startup Time": 40.103, "Actual Total Time": 40.981, "Actual Rows": 1, "Actual Loops": 1, "Inner Unique": true, "Plans": [{"Node Type": "Nested Loop", "Parent Relationship": "Outer", "Join Type": "Inner", "Startup Cost": 4.51, "Total Cost": 2569.02, "Plan Rows": 33, "Plan Width": 4, "Actual Startup Time": 40.083, "Actual Total Time": 40.961, "Actual Rows": 1, "Actual Loops": 1, "Inner Unique": false, "Plans": [{"Node Type": "Seq Scan", "Parent Relationship": "Outer", "Relation Name": "keyword", "Alias": "k", "Startup Cost": 0.0, "Total Cost": 2436.11, "Plan Rows": 1, "Plan Width": 4, "Actual Startup Time": 40.037, "Actual Total Time": 40.913, "Actual Rows": 1, "Actual Loops": 1, "Filter": "((keyword)::text = '10,000-mile-club'::text)", "Rows Removed by Filter": 134168}, {"Node Type": "Bitmap Heap Scan", "Parent Relationship": "Inner", "Relation Name": "movie_keyword", "Alias": "mk", "Startup Cost": 4.51, "Total Cost": 132.58, "Plan Rows": 33, "Plan Width": 8, "Actual Startup Time": 0.035, "Actual Total Time": 0.035, "Actual Rows": 1, "Actual Loops": 1, "Recheck Cond": "(keyword_id = k.id)", "Rows Removed by Index Recheck": 0, "Exact Heap Blocks": 1, "Lossy Heap Blocks": 1, "Plans": [{"Node Type": "Bitmap Index Scan", "Parent Relationship": "Outer", "Index Name": "keyword_id_movie_keyword", "Startup Cost": 0.0, "Total Cost": 4.5, "Plan Rows": 33, "Plan Width": 0, "Actual Startup Time": 0.022, "Actual Total Time": 0.022, "Actual Rows": 1, "Actual Loops": 1, "Index Cond": "(keyword_id = k.id)"}]}]}, {"Node Type": "Index Scan", "Parent Relationship": "Inner", "Scan Direction": "Forward", "Index Name": "title_pkey", "Relation Name": "title", "Alias": "t1", "Startup Cost": 0.0, "Total Cost": 0.31, "Plan Rows": 1, "Plan Width": 21, "Actual Startup Time": 0.015, "Actual Total Time": 0.015, "Actual Rows": 1, "Actual Loops": 1, "Index Cond": "(id = mk.movie_id)", "Rows Removed by Index Recheck": 0}]}, {"Node Type": "Index Scan", "Parent Relationship": "Inner", "Scan Direction": "Forward", "Index Name": "movie_id_movie_link", "Relation Name": "movie_link", "Alias": "ml", "Startup Cost": 0.0, "Total Cost": 0.35, "Plan Rows": 5, "Plan Width": 12, "Actual Startup Time": 0.003, "Actual Total Time": 0.003, "Actual Rows": 0, "Actual Loops": 1, "Index Cond": "(movie_id = t1.id)", "Rows Removed by Index Recheck": 0}]}, {"Node Type": "Hash", "Parent Relationship": "Inner", "Startup Cost": 1.17, "Total Cost": 1.17, "Plan Rows": 17, "Plan Width": 16, "Actual Startup Time": 0.027, "Actual Total Time": 0.027, "Actual Rows": 17, "Actual Loops": 1, "Hash Buckets": 32768, "Hash Batches": 1, "Original Hash Batches": 1, "Peak Memory Usage": 1, "Plans": [{"Node Type": "Seq Scan", "Parent Relationship": "Outer", "Relation Name": "link_type", "Alias": "lt", "Startup Cost": 0.0, "Total Cost": 1.17, "Plan Rows": 17, "Plan Width": 16, "Actual Startup Time": 0.012, "Actual Total Time": 0.017, "Actual Rows": 17, "Actual Loops": 1}]}]}, {"Node Type": "Index Scan", "Parent Relationship": "Inner", "Scan Direction": "Forward", "Index Name": "title_pkey", "Relation Name": "title", "Alias": "t2", "Startup Cost": 0.0, "Total Cost": 4.3, "Plan Rows": 1, "Plan Width": 21, "Actual Startup Time": 0.0, "Actual Total Time": 0.0, "Index Cond": "(id = ml.linked_movie_id)", "Rows Removed by Index Recheck": 0}]}]}, "Triggers": [], "Planner Runtime": 19, "Total Runtime": 41.329, "Unique SQL Id": 524435555}}, "(16, 5)": {"explain_plan": {"Plan": {"Node Type": "Aggregate", "Strategy": "Plain", "Startup Cost": 4047.28, "Total Cost": 4047.29, "Plan Rows": 1, "Plan Width": 142, "Plans": [{"Node Type": "Nested Loop", "Parent Relationship": "Outer", "Join Type": "Inner", "Startup Cost": 4.51, "Total Cost": 4046.12, "Plan Rows": 154, "Plan Width": 46, "Inner Unique": true, "Plans": [{"Node Type": "Nested Loop", "Parent Relationship": "Outer", "Join Type": "Inner", "Startup Cost": 4.51, "Total Cost": 3382.55, "Plan Rows": 154, "Plan Width": 33, "Inner Unique": true, "Plans": [{"Node Type": "Nested Loop", "Parent Relationship": "Outer", "Join Type": "Inner", "Startup Cost": 4.51, "Total Cost": 3339.37, "Plan Rows": 154, "Plan Width": 25, "Inner Unique": false, "Plans": [{"Node Type": "Nested Loop", "Parent Relationship": "Outer", "Join Type": "Inner", "Startup Cost": 4.51, "Total Cost": 3326.15, "Plan Rows": 33, "Plan Width": 25, "Inner Unique": true, "Plans": [{"Node Type": "Nested Loop", "Parent Relationship": "Outer", "Join Type": "Inner", "Startup Cost": 4.51, "Total Cost": 3315.63, "Plan Rows": 33, "Plan Width": 4, "Inner Unique": false, "Plans": [{"Node Type": "Index Scan", "Parent Relationship": "Outer", "Scan Direction": "Forward", "Index Name": "keyword_pkey", "Relation Name": "keyword", "Alias": "k", "Startup Cost": 0.0, "Total Cost": 3182.72, "Plan Rows": 1, "Plan Width": 4, "Filter": "((keyword)::text = '10,000-mile-club'::text)"}, {"Node Type": "Bitmap Heap Scan", "Parent Relationship": "Inner", "Relation Name": "movie_keyword", "Alias": "mk", "Startup Cost": 4.51, "Total Cost": 132.58, "Plan Rows": 33, "Plan Width": 8, "Recheck Cond": "(keyword_id = k.id)", "Plans": [{"Node Type": "Bitmap Index Scan", "Parent Relationship": "Outer", "Index Name": "keyword_id_movie_keyword", "Startup Cost": 0.0, "Total Cost": 4.5, "Plan Rows": 33, "Plan Width": 0, "Index Cond": "(keyword_id = k.id)"}]}]}, {"Node Type": "Index Scan", "Parent Relationship": "Inner", "Scan Direction": "Forward", "Index Name": "title_pkey", "Relation Name": "title", "Alias": "t1", "Startup Cost": 0.0, "Total Cost": 0.31, "Plan Rows": 1, "Plan Width": 21, "Index Cond": "(id = mk.movie_id)"}]}, {"Node Type": "Index Scan", "Parent Relationship": "Inner", "Scan Direction": "Forward", "Index Name": "movie_id_movie_link", "Relation Name": "movie_link", "Alias": "ml", "Startup Cost": 0.0, "Total Cost": 0.35, "Plan Rows": 5, "Plan Width": 12, "Index Cond": "(movie_id = t1.id)"}]}, {"Node Type": "Index Scan", "Parent Relationship": "Inner", "Scan Direction": "Forward", "Index Name": "link_type_pkey", "Relation Name": "link_type", "Alias": "lt", "Startup Cost": 0.0, "Total Cost": 0.27, "Plan Rows": 1, "Plan Width": 16, "Index Cond": "(id = ml.link_type_id)"}]}, {"Node Type": "Index Scan", "Parent Relationship": "Inner", "Scan Direction": "Forward", "Index Name": "title_pkey", "Relation Name": "title", "Alias": "t2", "Startup Cost": 0.0, "Total Cost": 4.3, "Plan Rows": 1, "Plan Width": 21, "Index Cond": "(id = ml.linked_movie_id)"}]}]}, "Unique SQL Id": 524435555, "Planner Runtime": 14}, "explain_analyze_plan": {"Plan": {"Node Type": "Aggregate", "Strategy": "Plain", "Startup Cost": 4047.28, "Total Cost": 4047.29, "Plan Rows": 1, "Plan Width": 142, "Actual Startup Time": 114.966, "Actual Total Time": 114.966, "Actual Rows": 1, "Actual Loops": 1, "Plans": [{"Node Type": "Nested Loop", "Parent Relationship": "Outer", "Join Type": "Inner", "Startup Cost": 4.51, "Total Cost": 4046.12, "Plan Rows": 154, "Plan Width": 46, "Actual Startup Time": 114.961, "Actual Total Time": 114.961, "Actual Rows": 0, "Actual Loops": 1, "Inner Unique": true, "Plans": [{"Node Type": "Nested Loop", "Parent Relationship": "Outer", "Join Type": "Inner", "Startup Cost": 4.51, "Total Cost": 3382.55, "Plan Rows": 154, "Plan Width": 33, "Actual Startup Time": 114.959, "Actual Total Time": 114.959, "Actual Rows": 0, "Actual Loops": 1, "Inner Unique": true, "Plans": [{"Node Type": "Nested Loop", "Parent Relationship": "Outer", "Join Type": "Inner", "Startup Cost": 4.51, "Total Cost": 3339.37, "Plan Rows": 154, "Plan Width": 25, "Actual Startup Time": 114.959, "Actual Total Time": 114.959, "Actual Rows": 0, "Actual Loops": 1, "Inner Unique": false, "Plans": [{"Node Type": "Nested Loop", "Parent Relationship": "Outer", "Join Type": "Inner", "Startup Cost": 4.51, "Total Cost": 3326.15, "Plan Rows": 33, "Plan Width": 25, "Actual Startup Time": 113.082, "Actual Total Time": 114.952, "Actual Rows": 1, "Actual Loops": 1, "Inner Unique": true, "Plans": [{"Node Type": "Nested Loop", "Parent Relationship": "Outer", "Join Type": "Inner", "Startup Cost": 4.51, "Total Cost": 3315.63, "Plan Rows": 33, "Plan Width": 4, "Actual Startup Time": 113.064, "Actual Total Time": 114.934, "Actual Rows": 1, "Actual Loops": 1, "Inner Unique": false, "Plans": [{"Node Type": "Index Scan", "Parent Relationship": "Outer", "Scan Direction": "Forward", "Index Name": "keyword_pkey", "Relation Name": "keyword", "Alias": "k", "Startup Cost": 0.0, "Total Cost": 3182.72, "Plan Rows": 1, "Plan Width": 4, "Actual Startup Time": 113.017, "Actual Total Time": 114.885, "Actual Rows": 1, "Actual Loops": 1, "Filter": "((keyword)::text = '10,000-mile-club'::text)", "Rows Removed by Filter": 134168}, {"Node Type": "Bitmap Heap Scan", "Parent Relationship": "Inner", "Relation Name": "movie_keyword", "Alias": "mk", "Startup Cost": 4.51, "Total Cost": 132.58, "Plan Rows": 33, "Plan Width": 8, "Actual Startup Time": 0.031, "Actual Total Time": 0.031, "Actual Rows": 1, "Actual Loops": 1, "Recheck Cond": "(keyword_id = k.id)", "Rows Removed by Index Recheck": 0, "Exact Heap Blocks": 1, "Lossy Heap Blocks": 1, "Plans": [{"Node Type": "Bitmap Index Scan", "Parent Relationship": "Outer", "Index Name": "keyword_id_movie_keyword", "Startup Cost": 0.0, "Total Cost": 4.5, "Plan Rows": 33, "Plan Width": 0, "Actual Startup Time": 0.02, "Actual Total Time": 0.02, "Actual Rows": 1, "Actual Loops": 1, "Index Cond": "(keyword_id = k.id)"}]}]}, {"Node Type": "Index Scan", "Parent Relationship": "Inner", "Scan Direction": "Forward", "Index Name": "title_pkey", "Relation Name": "title", "Alias": "t1", "Startup Cost": 0.0, "Total Cost": 0.31, "Plan Rows": 1, "Plan Width": 21, "Actual Startup Time": 0.014, "Actual Total Time": 0.014, "Actual Rows": 1, "Actual Loops": 1, "Index Cond": "(id = mk.movie_id)", "Rows Removed by Index Recheck": 0}]}, {"Node Type": "Index Scan", "Parent Relationship": "Inner", "Scan Direction": "Forward", "Index Name": "movie_id_movie_link", "Relation Name": "movie_link", "Alias": "ml", "Startup Cost": 0.0, "Total Cost": 0.35, "Plan Rows": 5, "Plan Width": 12, "Actual Startup Time": 0.004, "Actual Total Time": 0.004, "Actual Rows": 0, "Actual Loops": 1, "Index Cond": "(movie_id = t1.id)", "Rows Removed by Index Recheck": 0}]}, {"Node Type": "Index Scan", "Parent Relationship": "Inner", "Scan Direction": "Forward", "Index Name": "link_type_pkey", "Relation Name": "link_type", "Alias": "lt", "Startup Cost": 0.0, "Total Cost": 0.27, "Plan Rows": 1, "Plan Width": 16, "Actual Startup Time": 0.0, "Actual Total Time": 0.0, "Index Cond": "(id = ml.link_type_id)", "Rows Removed by Index Recheck": 0}]}, {"Node Type": "Index Scan", "Parent Relationship": "Inner", "Scan Direction": "Forward", "Index Name": "title_pkey", "Relation Name": "title", "Alias": "t2", "Startup Cost": 0.0, "Total Cost": 4.3, "Plan Rows": 1, "Plan Width": 21, "Actual Startup Time": 0.0, "Actual Total Time": 0.0, "Index Cond": "(id = ml.linked_movie_id)", "Rows Removed by Index Recheck": 0}]}]}, "Triggers": [], "Planner Runtime": 3, "Total Runtime": 115.218, "Unique SQL Id": 524435555}}, "(16, 6)": {"explain_plan": {"Plan": {"Node Type": "Aggregate", "Strategy": "Plain", "Startup Cost": 3709.86, "Total Cost": 3709.87, "Plan Rows": 1, "Plan Width": 142, "Plans": [{"Node Type": "Nested Loop", "Parent Relationship": "Outer", "Join Type": "Inner", "Startup Cost": 7.93, "Total Cost": 3708.7, "Plan Rows": 154, "Plan Width": 46, "Inner Unique": true, "Plans": [{"Node Type": "Hash Join", "Parent Relationship": "Outer", "Join Type": "Inner", "Startup Cost": 6.44, "Total Cost": 2859.52, "Plan Rows": 154, "Plan Width": 33, "Inner Unique": true, "Hash Cond": "(ml.link_type_id = lt.id)", "Plans": [{"Node Type": "Nested Loop", "Parent Relationship": "Outer", "Join Type": "Inner", "Startup Cost": 5.06, "Total Cost": 2856.2, "Plan Rows": 154, "Plan Width": 25, "Inner Unique": false, "Join Filter": "(t1.id = ml.movie_id)", "Plans": [{"Node Type": "Nested Loop", "Parent Relationship": "Outer", "Join Type": "Inner", "Startup Cost": 4.77, "Total Cost": 2710.54, "Plan Rows": 33, "Plan Width": 25, "Inner Unique": true, "Plans": [{"Node Type": "Nested Loop", "Parent Relationship": "Outer", "Join Type": "Inner", "Startup Cost": 4.51, "Total Cost": 2569.02, "Plan Rows": 33, "Plan Width": 4, "Inner Unique": false, "Plans": [{"Node Type": "Seq Scan", "Parent Relationship": "Outer", "Relation Name": "keyword", "Alias": "k", "Startup Cost": 0.0, "Total Cost": 2436.11, "Plan Rows": 1, "Plan Width": 4, "Filter": "((keyword)::text = '10,000-mile-club'::text)"}, {"Node Type": "Bitmap Heap Scan", "Parent Relationship": "Inner", "Relation Name": "movie_keyword", "Alias": "mk", "Startup Cost": 4.51, "Total Cost": 132.58, "Plan Rows": 33, "Plan Width": 8, "Recheck Cond": "(keyword_id = k.id)", "Plans": [{"Node Type": "Bitmap Index Scan", "Parent Relationship": "Outer", "Index Name": "keyword_id_movie_keyword", "Startup Cost": 0.0, "Total Cost": 4.5, "Plan Rows": 33, "Plan Width": 0, "Index Cond": "(keyword_id = k.id)"}]}]}, {"Node Type": "Bitmap Heap Scan", "Parent Relationship": "Inner", "Relation Name": "title", "Alias": "t1", "Startup Cost": 0.27, "Total Cost": 4.28, "Plan Rows": 1, "Plan Width": 21, "Recheck Cond": "(id = mk.movie_id)", "Plans": [{"Node Type": "Bitmap Index Scan", "Parent Relationship": "Outer", "Index Name": "title_pkey", "Startup Cost": 0.0, "Total Cost": 0.27, "Plan Rows": 1, "Plan Width": 0, "Index Cond": "(id = mk.movie_id)"}]}]}, {"Node Type": "Bitmap Heap Scan", "Parent Relationship": "Inner", "Relation Name": "movie_link", "Alias": "ml", "Startup Cost": 0.29, "Total Cost": 4.35, "Plan Rows": 5, "Plan Width": 12, "Recheck Cond": "(movie_id = mk.movie_id)", "Plans": [{"Node Type": "Bitmap Index Scan", "Parent Relationship": "Outer", "Index Name": "movie_id_movie_link", "Startup Cost": 0.0, "Total Cost": 0.29, "Plan Rows": 5, "Plan Width": 0, "Index Cond": "(movie_id = mk.movie_id)"}]}]}, {"Node Type": "Hash", "Parent Relationship": "Inner", "Startup Cost": 1.17, "Total Cost": 1.17, "Plan Rows": 17, "Plan Width": 16, "Plans": [{"Node Type": "Seq Scan", "Parent Relationship": "Outer", "Relation Name": "link_type", "Alias": "lt", "Startup Cost": 0.0, "Total Cost": 1.17, "Plan Rows": 17, "Plan Width": 16}]}]}, {"Node Type": "Bitmap Heap Scan", "Parent Relationship": "Inner", "Relation Name": "title", "Alias": "t2", "Startup Cost": 1.49, "Total Cost": 5.5, "Plan Rows": 1, "Plan Width": 21, "Recheck Cond": "(id = ml.linked_movie_id)", "Plans": [{"Node Type": "Bitmap Index Scan", "Parent Relationship": "Outer", "Index Name": "title_pkey", "Startup Cost": 0.0, "Total Cost": 1.49, "Plan Rows": 1, "Plan Width": 0, "Index Cond": "(id = ml.linked_movie_id)"}]}]}]}, "Unique SQL Id": 524435555, "Planner Runtime": 25}, "explain_analyze_plan": {"Plan": {"Node Type": "Aggregate", "Strategy": "Plain", "Startup Cost": 3709.86, "Total Cost": 3709.87, "Plan Rows": 1, "Plan Width": 142, "Actual Startup Time": 40.855, "Actual Total Time": 40.856, "Actual Rows": 1, "Actual Loops": 1, "Plans": [{"Node Type": "Nested Loop", "Parent Relationship": "Outer", "Join Type": "Inner", "Startup Cost": 7.93, "Total Cost": 3708.7, "Plan Rows": 154, "Plan Width": 46, "Actual Startup Time": 40.849, "Actual Total Time": 40.849, "Actual Rows": 0, "Actual Loops": 1, "Inner Unique": true, "Plans": [{"Node Type": "Hash Join", "Parent Relationship": "Outer", "Join Type": "Inner", "Startup Cost": 6.44, "Total Cost": 2859.52, "Plan Rows": 154, "Plan Width": 33, "Actual Startup Time": 40.824, "Actual Total Time": 40.824, "Actual Rows": 0, "Actual Loops": 1, "Inner Unique": true, "Hash Cond": "(ml.link_type_id = lt.id)", "Plans": [{"Node Type": "Nested Loop", "Parent Relationship": "Outer", "Join Type": "Inner", "Startup Cost": 5.06, "Total Cost": 2856.2, "Plan Rows": 154, "Plan Width": 25, "Actual Startup Time": 40.752, "Actual Total Time": 40.752, "Actual Rows": 0, "Actual Loops": 1, "Inner Unique": false, "Join Filter": "(t1.id = ml.movie_id)", "Rows Removed by Join Filter": 0, "Plans": [{"Node Type": "Nested Loop", "Parent Relationship": "Outer", "Join Type": "Inner", "Startup Cost": 4.77, "Total Cost": 2710.54, "Plan Rows": 33, "Plan Width": 25, "Actual Startup Time": 39.861, "Actual Total Time": 40.74, "Actual Rows": 1, "Actual Loops": 1, "Inner Unique": true, "Plans": [{"Node Type": "Nested Loop", "Parent Relationship": "Outer", "Join Type": "Inner", "Startup Cost": 4.51, "Total Cost": 2569.02, "Plan Rows": 33, "Plan Width": 4, "Actual Startup Time": 39.842, "Actual Total Time": 40.72, "Actual Rows": 1, "Actual Loops": 1, "Inner Unique": false, "Plans": [{"Node Type": "Seq Scan", "Parent Relationship": "Outer", "Relation Name": "keyword", "Alias": "k", "Startup Cost": 0.0, "Total Cost": 2436.11, "Plan Rows": 1, "Plan Width": 4, "Actual Startup Time": 39.799, "Actual Total Time": 40.676, "Actual Rows": 1, "Actual Loops": 1, "Filter": "((keyword)::text = '10,000-mile-club'::text)", "Rows Removed by Filter": 134168}, {"Node Type": "Bitmap Heap Scan", "Parent Relationship": "Inner", "Relation Name": "movie_keyword", "Alias": "mk", "Startup Cost": 4.51, "Total Cost": 132.58, "Plan Rows": 33, "Plan Width": 8, "Actual Startup Time": 0.032, "Actual Total Time": 0.032, "Actual Rows": 1, "Actual Loops": 1, "Recheck Cond": "(keyword_id = k.id)", "Rows Removed by Index Recheck": 0, "Exact Heap Blocks": 1, "Lossy Heap Blocks": 1, "Plans": [{"Node Type": "Bitmap Index Scan", "Parent Relationship": "Outer", "Index Name": "keyword_id_movie_keyword", "Startup Cost": 0.0, "Total Cost": 4.5, "Plan Rows": 33, "Plan Width": 0, "Actual Startup Time": 0.021, "Actual Total Time": 0.021, "Actual Rows": 1, "Actual Loops": 1, "Index Cond": "(keyword_id = k.id)"}]}]}, {"Node Type": "Bitmap Heap Scan", "Parent Relationship": "Inner", "Relation Name": "title", "Alias": "t1", "Startup Cost": 0.27, "Total Cost": 4.28, "Plan Rows": 1, "Plan Width": 21, "Actual Startup Time": 0.013, "Actual Total Time": 0.013, "Actual Rows": 1, "Actual Loops": 1, "Recheck Cond": "(id = mk.movie_id)", "Rows Removed by Index Recheck": 0, "Exact Heap Blocks": 1, "Lossy Heap Blocks": 1, "Plans": [{"Node Type": "Bitmap Index Scan", "Parent Relationship": "Outer", "Index Name": "title_pkey", "Startup Cost": 0.0, "Total Cost": 0.27, "Plan Rows": 1, "Plan Width": 0, "Actual Startup Time": 0.008, "Actual Total Time": 0.008, "Actual Rows": 1, "Actual Loops": 1, "Index Cond": "(id = mk.movie_id)"}]}]}, {"Node Type": "Bitmap Heap Scan", "Parent Relationship": "Inner", "Relation Name": "movie_link", "Alias": "ml", "Startup Cost": 0.29, "Total Cost": 4.35, "Plan Rows": 5, "Plan Width": 12, "Actual Startup Time": 0.009, "Actual Total Time": 0.009, "Actual Rows": 0, "Actual Loops": 1, "Recheck Cond": "(movie_id = mk.movie_id)", "Rows Removed by Index Recheck": 0, "Exact Heap Blocks": 0, "Lossy Heap Blocks": 0, "Plans": [{"Node Type": "Bitmap Index Scan", "Parent Relationship": "Outer", "Index Name": "movie_id_movie_link", "Startup Cost": 0.0, "Total Cost": 0.29, "Plan Rows": 5, "Plan Width": 0, "Actual Startup Time": 0.005, "Actual Total Time": 0.005, "Actual Rows": 0, "Actual Loops": 1, "Index Cond": "(movie_id = mk.movie_id)"}]}]}, {"Node Type": "Hash", "Parent Relationship": "Inner", "Startup Cost": 1.17, "Total Cost": 1.17, "Plan Rows": 17, "Plan Width": 16, "Actual Startup Time": 0.031, "Actual Total Time": 0.031, "Actual Rows": 17, "Actual Loops": 1, "Hash Buckets": 32768, "Hash Batches": 1, "Original Hash Batches": 1, "Peak Memory Usage": 1, "Plans": [{"Node Type": "Seq Scan", "Parent Relationship": "Outer", "Relation Name": "link_type", "Alias": "lt", "Startup Cost": 0.0, "Total Cost": 1.17, "Plan Rows": 17, "Plan Width": 16, "Actual Startup Time": 0.013, "Actual Total Time": 0.021, "Actual Rows": 17, "Actual Loops": 1}]}]}, {"Node Type": "Bitmap Heap Scan", "Parent Relationship": "Inner", "Relation Name": "title", "Alias": "t2", "Startup Cost": 1.49, "Total Cost": 5.5, "Plan Rows": 1, "Plan Width": 21, "Actual Startup Time": 0.0, "Actual Total Time": 0.0, "Recheck Cond": "(id = ml.linked_movie_id)", "Rows Removed by Index Recheck": 0, "Exact Heap Blocks": 0, "Lossy Heap Blocks": 0, "Plans": [{"Node Type": "Bitmap Index Scan", "Parent Relationship": "Outer", "Index Name": "title_pkey", "Startup Cost": 0.0, "Total Cost": 1.49, "Plan Rows": 1, "Plan Width": 0, "Actual Startup Time": 0.0, "Actual Total Time": 0.0, "Index Cond": "(id = ml.linked_movie_id)"}]}]}]}, "Triggers": [], "Planner Runtime": 20, "Total Runtime": 41.114, "Unique SQL Id": 524435555}}, "(16, 7)": {"explain_plan": {"Plan": {"Node Type": "Aggregate", "Strategy": "Plain", "Startup Cost": 4440.29, "Total Cost": 4440.3, "Plan Rows": 1, "Plan Width": 142, "Plans": [{"Node Type": "Nested Loop", "Parent Relationship": "Outer", "Join Type": "Inner", "Startup Cost": 738.37, "Total Cost": 4439.14, "Plan Rows": 154, "Plan Width": 46, "Inner Unique": true, "Plans": [{"Node Type": "Hash Join", "Parent Relationship": "Outer", "Join Type": "Inner", "Startup Cost": 736.88, "Total Cost": 3589.96, "Plan Rows": 154, "Plan Width": 33, "Inner Unique": true, "Hash Cond": "(ml.link_type_id = lt.id)", "Plans": [{"Node Type": "Nested Loop", "Parent Relationship": "Outer", "Join Type": "Inner", "Startup Cost": 724.16, "Total Cost": 3575.3, "Plan Rows": 154, "Plan Width": 25, "Inner Unique": false, "Join Filter": "(t1.id = ml.movie_id)", "Plans": [{"Node Type": "Nested Loop", "Parent Relationship": "Outer", "Join Type": "Inner", "Startup Cost": 723.87, "Total Cost": 3429.64, "Plan Rows": 33, "Plan Width": 25, "Inner Unique": true, "Plans": [{"Node Type": "Nested Loop", "Parent Relationship": "Outer", "Join Type": "Inner", "Startup Cost": 723.6, "Total Cost": 3288.12, "Plan Rows": 33, "Plan Width": 4, "Inner Unique": false, "Plans": [{"Node Type": "Bitmap Heap Scan", "Parent Relationship": "Outer", "Relation Name": "keyword", "Alias": "k", "Startup Cost": 719.1, "Total Cost": 3155.21, "Plan Rows": 1, "Plan Width": 4, "Filter": "((keyword)::text = '10,000-mile-club'::text)", "Plans": [{"Node Type": "Bitmap Index Scan", "Parent Relationship": "Outer", "Index Name": "keyword_pkey", "Startup Cost": 0.0, "Total Cost": 719.1, "Plan Rows": 134169, "Plan Width": 0}]}, {"Node Type": "Bitmap Heap Scan", "Parent Relationship": "Inner", "Relation Name": "movie_keyword", "Alias": "mk", "Startup Cost": 4.51, "Total Cost": 132.58, "Plan Rows": 33, "Plan Width": 8, "Recheck Cond": "(keyword_id = k.id)", "Plans": [{"Node Type": "Bitmap Index Scan", "Parent Relationship": "Outer", "Index Name": "keyword_id_movie_keyword", "Startup Cost": 0.0, "Total Cost": 4.5, "Plan Rows": 33, "Plan Width": 0, "Index Cond": "(keyword_id = k.id)"}]}]}, {"Node Type": "Bitmap Heap Scan", "Parent Relationship": "Inner", "Relation Name": "title", "Alias": "t1", "Startup Cost": 0.27, "Total Cost": 4.28, "Plan Rows": 1, "Plan Width": 21, "Recheck Cond": "(id = mk.movie_id)", "Plans": [{"Node Type": "Bitmap Index Scan", "Parent Relationship": "Outer", "Index Name": "title_pkey", "Startup Cost": 0.0, "Total Cost": 0.27, "Plan Rows": 1, "Plan Width": 0, "Index Cond": "(id = mk.movie_id)"}]}]}, {"Node Type": "Bitmap Heap Scan", "Parent Relationship": "Inner", "Relation Name": "movie_link", "Alias": "ml", "Startup Cost": 0.29, "Total Cost": 4.35, "Plan Rows": 5, "Plan Width": 12, "Recheck Cond": "(movie_id = mk.movie_id)", "Plans": [{"Node Type": "Bitmap Index Scan", "Parent Relationship": "Outer", "Index Name": "movie_id_movie_link", "Startup Cost": 0.0, "Total Cost": 0.29, "Plan Rows": 5, "Plan Width": 0, "Index Cond": "(movie_id = mk.movie_id)"}]}]}, {"Node Type": "Hash", "Parent Relationship": "Inner", "Startup Cost": 12.51, "Total Cost": 12.51, "Plan Rows": 17, "Plan Width": 16, "Plans": [{"Node Type": "Bitmap Heap Scan", "Parent Relationship": "Outer", "Relation Name": "link_type", "Alias": "lt", "Startup Cost": 8.34, "Total Cost": 12.51, "Plan Rows": 17, "Plan Width": 16, "Plans": [{"Node Type": "Bitmap Index Scan", "Parent Relationship": "Outer", "Index Name": "link_type_pkey", "Startup Cost": 0.0, "Total Cost": 8.34, "Plan Rows": 17, "Plan Width": 0}]}]}]}, {"Node Type": "Bitmap Heap Scan", "Parent Relationship": "Inner", "Relation Name": "title", "Alias": "t2", "Startup Cost": 1.49, "Total Cost": 5.5, "Plan Rows": 1, "Plan Width": 21, "Recheck Cond": "(id = ml.linked_movie_id)", "Plans": [{"Node Type": "Bitmap Index Scan", "Parent Relationship": "Outer", "Index Name": "title_pkey", "Startup Cost": 0.0, "Total Cost": 1.49, "Plan Rows": 1, "Plan Width": 0, "Index Cond": "(id = ml.linked_movie_id)"}]}]}]}, "Unique SQL Id": 524435555, "Planner Runtime": 11}, "explain_analyze_plan": {"Plan": {"Node Type": "Aggregate", "Strategy": "Plain", "Startup Cost": 4440.29, "Total Cost": 4440.3, "Plan Rows": 1, "Plan Width": 142, "Actual Startup Time": 61.614, "Actual Total Time": 61.615, "Actual Rows": 1, "Actual Loops": 1, "Plans": [{"Node Type": "Nested Loop", "Parent Relationship": "Outer", "Join Type": "Inner", "Startup Cost": 738.37, "Total Cost": 4439.14, "Plan Rows": 154, "Plan Width": 46, "Actual Startup Time": 61.608, "Actual Total Time": 61.608, "Actual Rows": 0, "Actual Loops": 1, "Inner Unique": true, "Plans": [{"Node Type": "Hash Join", "Parent Relationship": "Outer", "Join Type": "Inner", "Startup Cost": 736.88, "Total Cost": 3589.96, "Plan Rows": 154, "Plan Width": 33, "Actual Startup Time": 61.584, "Actual Total Time": 61.584, "Actual Rows": 0, "Actual Loops": 1, "Inner Unique": true, "Hash Cond": "(ml.link_type_id = lt.id)", "Plans": [{"Node Type": "Nested Loop", "Parent Relationship": "Outer", "Join Type": "Inner", "Startup Cost": 724.16, "Total Cost": 3575.3, "Plan Rows": 154, "Plan Width": 25, "Actual Startup Time": 61.513, "Actual Total Time": 61.513, "Actual Rows": 0, "Actual Loops": 1, "Inner Unique": false, "Join Filter": "(t1.id = ml.movie_id)", "Rows Removed by Join Filter": 0, "Plans": [{"Node Type": "Nested Loop", "Parent Relationship": "Outer", "Join Type": "Inner", "Startup Cost": 723.87, "Total Cost": 3429.64, "Plan Rows": 33, "Plan Width": 25, "Actual Startup Time": 60.452, "Actual Total Time": 61.505, "Actual Rows": 1, "Actual Loops": 1, "Inner Unique": true, "Plans": [{"Node Type": "Nested Loop", "Parent Relationship": "Outer", "Join Type": "Inner", "Startup Cost": 723.6, "Total Cost": 3288.12, "Plan Rows": 33, "Plan Width": 4, "Actual Startup Time": 60.436, "Actual Total Time": 61.489, "Actual Rows": 1, "Actual Loops": 1, "Inner Unique": false, "Plans": [{"Node Type": "Bitmap Heap Scan", "Parent Relationship": "Outer", "Relation Name": "keyword", "Alias": "k", "Startup Cost": 719.1, "Total Cost": 3155.21, "Plan Rows": 1, "Plan Width": 4, "Actual Startup Time": 60.398, "Actual Total Time": 61.449, "Actual Rows": 1, "Actual Loops": 1, "Filter": "((keyword)::text = '10,000-mile-club'::text)", "Rows Removed by Filter": 134168, "Exact Heap Blocks": 759, "Lossy Heap Blocks": 759, "Plans": [{"Node Type": "Bitmap Index Scan", "Parent Relationship": "Outer", "Index Name": "keyword_pkey", "Startup Cost": 0.0, "Total Cost": 719.1, "Plan Rows": 134169, "Plan Width": 0, "Actual Startup Time": 11.375, "Actual Total Time": 11.375, "Actual Rows": 134169, "Actual Loops": 1}]}, {"Node Type": "Bitmap Heap Scan", "Parent Relationship": "Inner", "Relation Name": "movie_keyword", "Alias": "mk", "Startup Cost": 4.51, "Total Cost": 132.58, "Plan Rows": 33, "Plan Width": 8, "Actual Startup Time": 0.025, "Actual Total Time": 0.025, "Actual Rows": 1, "Actual Loops": 1, "Recheck Cond": "(keyword_id = k.id)", "Rows Removed by Index Recheck": 0, "Exact Heap Blocks": 1, "Lossy Heap Blocks": 1, "Plans": [{"Node Type": "Bitmap Index Scan", "Parent Relationship": "Outer", "Index Name": "keyword_id_movie_keyword", "Startup Cost": 0.0, "Total Cost": 4.5, "Plan Rows": 33, "Plan Width": 0, "Actual Startup Time": 0.017, "Actual Total Time": 0.017, "Actual Rows": 1, "Actual Loops": 1, "Index Cond": "(keyword_id = k.id)"}]}]}, {"Node Type": "Bitmap Heap Scan", "Parent Relationship": "Inner", "Relation Name": "title", "Alias": "t1", "Startup Cost": 0.27, "Total Cost": 4.28, "Plan Rows": 1, "Plan Width": 21, "Actual Startup Time": 0.012, "Actual Total Time": 0.012, "Actual Rows": 1, "Actual Loops": 1, "Recheck Cond": "(id = mk.movie_id)", "Rows Removed by Index Recheck": 0, "Exact Heap Blocks": 1, "Lossy Heap Blocks": 1, "Plans": [{"Node Type": "Bitmap Index Scan", "Parent Relationship": "Outer", "Index Name": "title_pkey", "Startup Cost": 0.0, "Total Cost": 0.27, "Plan Rows": 1, "Plan Width": 0, "Actual Startup Time": 0.008, "Actual Total Time": 0.008, "Actual Rows": 1, "Actual Loops": 1, "Index Cond": "(id = mk.movie_id)"}]}]}, {"Node Type": "Bitmap Heap Scan", "Parent Relationship": "Inner", "Relation Name": "movie_link", "Alias": "ml", "Startup Cost": 0.29, "Total Cost": 4.35, "Plan Rows": 5, "Plan Width": 12, "Actual Startup Time": 0.006, "Actual Total Time": 0.006, "Actual Rows": 0, "Actual Loops": 1, "Recheck Cond": "(movie_id = mk.movie_id)", "Rows Removed by Index Recheck": 0, "Exact Heap Blocks": 0, "Lossy Heap Blocks": 0, "Plans": [{"Node Type": "Bitmap Index Scan", "Parent Relationship": "Outer", "Index Name": "movie_id_movie_link", "Startup Cost": 0.0, "Total Cost": 0.29, "Plan Rows": 5, "Plan Width": 0, "Actual Startup Time": 0.003, "Actual Total Time": 0.003, "Actual Rows": 0, "Actual Loops": 1, "Index Cond": "(movie_id = mk.movie_id)"}]}]}, {"Node Type": "Hash", "Parent Relationship": "Inner", "Startup Cost": 12.51, "Total Cost": 12.51, "Plan Rows": 17, "Plan Width": 16, "Actual Startup Time": 0.032, "Actual Total Time": 0.032, "Actual Rows": 17, "Actual Loops": 1, "Hash Buckets": 32768, "Hash Batches": 1, "Original Hash Batches": 1, "Peak Memory Usage": 1, "Plans": [{"Node Type": "Bitmap Heap Scan", "Parent Relationship": "Outer", "Relation Name": "link_type", "Alias": "lt", "Startup Cost": 8.34, "Total Cost": 12.51, "Plan Rows": 17, "Plan Width": 16, "Actual Startup Time": 0.017, "Actual Total Time": 0.022, "Actual Rows": 17, "Actual Loops": 1, "Exact Heap Blocks": 1, "Lossy Heap Blocks": 1, "Plans": [{"Node Type": "Bitmap Index Scan", "Parent Relationship": "Outer", "Index Name": "link_type_pkey", "Startup Cost": 0.0, "Total Cost": 8.34, "Plan Rows": 17, "Plan Width": 0, "Actual Startup Time": 0.007, "Actual Total Time": 0.007, "Actual Rows": 17, "Actual Loops": 1}]}]}]}, {"Node Type": "Bitmap Heap Scan", "Parent Relationship": "Inner", "Relation Name": "title", "Alias": "t2", "Startup Cost": 1.49, "Total Cost": 5.5, "Plan Rows": 1, "Plan Width": 21, "Actual Startup Time": 0.0, "Actual Total Time": 0.0, "Recheck Cond": "(id = ml.linked_movie_id)", "Rows Removed by Index Recheck": 0, "Exact Heap Blocks": 0, "Lossy Heap Blocks": 0, "Plans": [{"Node Type": "Bitmap Index Scan", "Parent Relationship": "Outer", "Index Name": "title_pkey", "Startup Cost": 0.0, "Total Cost": 1.49, "Plan Rows": 1, "Plan Width": 0, "Actual Startup Time": 0.0, "Actual Total Time": 0.0, "Index Cond": "(id = ml.linked_movie_id)"}]}]}]}, "Triggers": [], "Planner Runtime": 7, "Total Runtime": 61.87, "Unique SQL Id": 524435555}}, "(16, 8)": {"explain_plan": {"Plan": {"Node Type": "Aggregate", "Strategy": "Plain", "Startup Cost": 3265.11, "Total Cost": 3265.12, "Plan Rows": 1, "Plan Width": 142, "Plans": [{"Node Type": "Nested Loop", "Parent Relationship": "Outer", "Join Type": "Inner", "Startup Cost": 1.38, "Total Cost": 3263.96, "Plan Rows": 154, "Plan Width": 46, "Inner Unique": true, "Plans": [{"Node Type": "Hash Join", "Parent Relationship": "Outer", "Join Type": "Inner", "Startup Cost": 1.38, "Total Cost": 2600.38, "Plan Rows": 154, "Plan Width": 33, "Inner Unique": true, "Hash Cond": "(ml.link_type_id = lt.id)", "Plans": [{"Node Type": "Nested Loop", "Parent Relationship": "Outer", "Join Type": "Inner", "Startup Cost": 0.0, "Total Cost": 2597.06, "Plan Rows": 154, "Plan Width": 25, "Inner Unique": false, "Plans": [{"Node Type": "Nested Loop", "Parent Relationship": "Outer", "Join Type": "Inner", "Startup Cost": 0.0, "Total Cost": 2583.84, "Plan Rows": 33, "Plan Width": 25, "Inner Unique": true, "Plans": [{"Node Type": "Nested Loop", "Parent Relationship": "Outer", "Join Type": "Inner", "Startup Cost": 0.0, "Total Cost": 2573.32, "Plan Rows": 33, "Plan Width": 4, "Inner Unique": false, "Plans": [{"Node Type": "Seq Scan", "Parent Relationship": "Outer", "Relation Name": "keyword", "Alias": "k", "Startup Cost": 0.0, "Total Cost": 2436.11, "Plan Rows": 1, "Plan Width": 4, "Filter": "((keyword)::text = '10,000-mile-club'::text)"}, {"Node Type": "Index Scan", "Parent Relationship": "Inner", "Scan Direction": "Forward", "Index Name": "keyword_id_movie_keyword", "Relation Name": "movie_keyword", "Alias": "mk", "Startup Cost": 0.0, "Total Cost": 136.88, "Plan Rows": 33, "Plan Width": 8, "Index Cond": "(keyword_id = k.id)"}]}, {"Node Type": "Index Scan", "Parent Relationship": "Inner", "Scan Direction": "Forward", "Index Name": "title_pkey", "Relation Name": "title", "Alias": "t1", "Startup Cost": 0.0, "Total Cost": 0.31, "Plan Rows": 1, "Plan Width": 21, "Index Cond": "(id = mk.movie_id)"}]}, {"Node Type": "Index Scan", "Parent Relationship": "Inner", "Scan Direction": "Forward", "Index Name": "movie_id_movie_link", "Relation Name": "movie_link", "Alias": "ml", "Startup Cost": 0.0, "Total Cost": 0.35, "Plan Rows": 5, "Plan Width": 12, "Index Cond": "(movie_id = t1.id)"}]}, {"Node Type": "Hash", "Parent Relationship": "Inner", "Startup Cost": 1.17, "Total Cost": 1.17, "Plan Rows": 17, "Plan Width": 16, "Plans": [{"Node Type": "Seq Scan", "Parent Relationship": "Outer", "Relation Name": "link_type", "Alias": "lt", "Startup Cost": 0.0, "Total Cost": 1.17, "Plan Rows": 17, "Plan Width": 16}]}]}, {"Node Type": "Index Scan", "Parent Relationship": "Inner", "Scan Direction": "Forward", "Index Name": "title_pkey", "Relation Name": "title", "Alias": "t2", "Startup Cost": 0.0, "Total Cost": 4.3, "Plan Rows": 1, "Plan Width": 21, "Index Cond": "(id = ml.linked_movie_id)"}]}]}, "Unique SQL Id": 524435555, "Planner Runtime": 20}, "explain_analyze_plan": {"Plan": {"Node Type": "Aggregate", "Strategy": "Plain", "Startup Cost": 3265.11, "Total Cost": 3265.12, "Plan Rows": 1, "Plan Width": 142, "Actual Startup Time": 40.785, "Actual Total Time": 40.786, "Actual Rows": 1, "Actual Loops": 1, "Plans": [{"Node Type": "Nested Loop", "Parent Relationship": "Outer", "Join Type": "Inner", "Startup Cost": 1.38, "Total Cost": 3263.96, "Plan Rows": 154, "Plan Width": 46, "Actual Startup Time": 40.779, "Actual Total Time": 40.779, "Actual Rows": 0, "Actual Loops": 1, "Inner Unique": true, "Plans": [{"Node Type": "Hash Join", "Parent Relationship": "Outer", "Join Type": "Inner", "Startup Cost": 1.38, "Total Cost": 2600.38, "Plan Rows": 154, "Plan Width": 33, "Actual Startup Time": 40.779, "Actual Total Time": 40.779, "Actual Rows": 0, "Actual Loops": 1, "Inner Unique": true, "Hash Cond": "(ml.link_type_id = lt.id)", "Plans": [{"Node Type": "Nested Loop", "Parent Relationship": "Outer", "Join Type": "Inner", "Startup Cost": 0.0, "Total Cost": 2597.06, "Plan Rows": 154, "Plan Width": 25, "Actual Startup Time": 40.774, "Actual Total Time": 40.774, "Actual Rows": 0, "Actual Loops": 1, "Inner Unique": false, "Plans": [{"Node Type": "Nested Loop", "Parent Relationship": "Outer", "Join Type": "Inner", "Startup Cost": 0.0, "Total Cost": 2583.84, "Plan Rows": 33, "Plan Width": 25, "Actual Startup Time": 39.89, "Actual Total Time": 40.769, "Actual Rows": 1, "Actual Loops": 1, "Inner Unique": true, "Plans": [{"Node Type": "Nested Loop", "Parent Relationship": "Outer", "Join Type": "Inner", "Startup Cost": 0.0, "Total Cost": 2573.32, "Plan Rows": 33, "Plan Width": 4, "Actual Startup Time": 39.876, "Actual Total Time": 40.753, "Actual Rows": 1, "Actual Loops": 1, "Inner Unique": false, "Plans": [{"Node Type": "Seq Scan", "Parent Relationship": "Outer", "Relation Name": "keyword", "Alias": "k", "Startup Cost": 0.0, "Total Cost": 2436.11, "Plan Rows": 1, "Plan Width": 4, "Actual Startup Time": 39.849, "Actual Total Time": 40.724, "Actual Rows": 1, "Actual Loops": 1, "Filter": "((keyword)::text = '10,000-mile-club'::text)", "Rows Removed by Filter": 134168}, {"Node Type": "Index Scan", "Parent Relationship": "Inner", "Scan Direction": "Forward", "Index Name": "keyword_id_movie_keyword", "Relation Name": "movie_keyword", "Alias": "mk", "Startup Cost": 0.0, "Total Cost": 136.88, "Plan Rows": 33, "Plan Width": 8, "Actual Startup Time": 0.02, "Actual Total Time": 0.021, "Actual Rows": 1, "Actual Loops": 1, "Index Cond": "(keyword_id = k.id)", "Rows Removed by Index Recheck": 0}]}, {"Node Type": "Index Scan", "Parent Relationship": "Inner", "Scan Direction": "Forward", "Index Name": "title_pkey", "Relation Name": "title", "Alias": "t1", "Startup Cost": 0.0, "Total Cost": 0.31, "Plan Rows": 1, "Plan Width": 21, "Actual Startup Time": 0.012, "Actual Total Time": 0.012, "Actual Rows": 1, "Actual Loops": 1, "Index Cond": "(id = mk.movie_id)", "Rows Removed by Index Recheck": 0}]}, {"Node Type": "Index Scan", "Parent Relationship": "Inner", "Scan Direction": "Forward", "Index Name": "movie_id_movie_link", "Relation Name": "movie_link", "Alias": "ml", "Startup Cost": 0.0, "Total Cost": 0.35, "Plan Rows": 5, "Plan Width": 12, "Actual Startup Time": 0.003, "Actual Total Time": 0.003, "Actual Rows": 0, "Actual Loops": 1, "Index Cond": "(movie_id = t1.id)", "Rows Removed by Index Recheck": 0}]}, {"Node Type": "Hash", "Parent Relationship": "Inner", "Startup Cost": 1.17, "Total Cost": 1.17, "Plan Rows": 17, "Plan Width": 16, "Actual Startup Time": 0.0, "Actual Total Time": 0.0, "Hash Buckets": 0, "Hash Batches": 0, "Original Hash Batches": 0, "Peak Memory Usage": 0, "Plans": [{"Node Type": "Seq Scan", "Parent Relationship": "Outer", "Relation Name": "link_type", "Alias": "lt", "Startup Cost": 0.0, "Total Cost": 1.17, "Plan Rows": 17, "Plan Width": 16, "Actual Startup Time": 0.0, "Actual Total Time": 0.0}]}]}, {"Node Type": "Index Scan", "Parent Relationship": "Inner", "Scan Direction": "Forward", "Index Name": "title_pkey", "Relation Name": "title", "Alias": "t2", "Startup Cost": 0.0, "Total Cost": 4.3, "Plan Rows": 1, "Plan Width": 21, "Actual Startup Time": 0.0, "Actual Total Time": 0.0, "Index Cond": "(id = ml.linked_movie_id)", "Rows Removed by Index Recheck": 0}]}]}, "Triggers": [], "Planner Runtime": 19, "Total Runtime": 41.015, "Unique SQL Id": 524435555}}, "(16, 9)": {"explain_plan": {"Plan": {"Node Type": "Aggregate", "Strategy": "Plain", "Startup Cost": 4051.57, "Total Cost": 4051.58, "Plan Rows": 1, "Plan Width": 142, "Plans": [{"Node Type": "Nested Loop", "Parent Relationship": "Outer", "Join Type": "Inner", "Startup Cost": 0.0, "Total Cost": 4050.42, "Plan Rows": 154, "Plan Width": 46, "Inner Unique": true, "Plans": [{"Node Type": "Nested Loop", "Parent Relationship": "Outer", "Join Type": "Inner", "Startup Cost": 0.0, "Total Cost": 3386.84, "Plan Rows": 154, "Plan Width": 33, "Inner Unique": true, "Plans": [{"Node Type": "Nested Loop", "Parent Relationship": "Outer", "Join Type": "Inner", "Startup Cost": 0.0, "Total Cost": 3343.66, "Plan Rows": 154, "Plan Width": 25, "Inner Unique": false, "Plans": [{"Node Type": "Nested Loop", "Parent Relationship": "Outer", "Join Type": "Inner", "Startup Cost": 0.0, "Total Cost": 3330.45, "Plan Rows": 33, "Plan Width": 25, "Inner Unique": true, "Plans": [{"Node Type": "Nested Loop", "Parent Relationship": "Outer", "Join Type": "Inner", "Startup Cost": 0.0, "Total Cost": 3319.92, "Plan Rows": 33, "Plan Width": 4, "Inner Unique": false, "Plans": [{"Node Type": "Index Scan", "Parent Relationship": "Outer", "Scan Direction": "Forward", "Index Name": "keyword_pkey", "Relation Name": "keyword", "Alias": "k", "Startup Cost": 0.0, "Total Cost": 3182.72, "Plan Rows": 1, "Plan Width": 4, "Filter": "((keyword)::text = '10,000-mile-club'::text)"}, {"Node Type": "Index Scan", "Parent Relationship": "Inner", "Scan Direction": "Forward", "Index Name": "keyword_id_movie_keyword", "Relation Name": "movie_keyword", "Alias": "mk", "Startup Cost": 0.0, "Total Cost": 136.88, "Plan Rows": 33, "Plan Width": 8, "Index Cond": "(keyword_id = k.id)"}]}, {"Node Type": "Index Scan", "Parent Relationship": "Inner", "Scan Direction": "Forward", "Index Name": "title_pkey", "Relation Name": "title", "Alias": "t1", "Startup Cost": 0.0, "Total Cost": 0.31, "Plan Rows": 1, "Plan Width": 21, "Index Cond": "(id = mk.movie_id)"}]}, {"Node Type": "Index Scan", "Parent Relationship": "Inner", "Scan Direction": "Forward", "Index Name": "movie_id_movie_link", "Relation Name": "movie_link", "Alias": "ml", "Startup Cost": 0.0, "Total Cost": 0.35, "Plan Rows": 5, "Plan Width": 12, "Index Cond": "(movie_id = t1.id)"}]}, {"Node Type": "Index Scan", "Parent Relationship": "Inner", "Scan Direction": "Forward", "Index Name": "link_type_pkey", "Relation Name": "link_type", "Alias": "lt", "Startup Cost": 0.0, "Total Cost": 0.27, "Plan Rows": 1, "Plan Width": 16, "Index Cond": "(id = ml.link_type_id)"}]}, {"Node Type": "Index Scan", "Parent Relationship": "Inner", "Scan Direction": "Forward", "Index Name": "title_pkey", "Relation Name": "title", "Alias": "t2", "Startup Cost": 0.0, "Total Cost": 4.3, "Plan Rows": 1, "Plan Width": 21, "Index Cond": "(id = ml.linked_movie_id)"}]}]}, "Unique SQL Id": 524435555, "Planner Runtime": 14}, "explain_analyze_plan": {"Plan": {"Node Type": "Aggregate", "Strategy": "Plain", "Startup Cost": 4051.57, "Total Cost": 4051.58, "Plan Rows": 1, "Plan Width": 142, "Actual Startup Time": 113.661, "Actual Total Time": 113.661, "Actual Rows": 1, "Actual Loops": 1, "Plans": [{"Node Type": "Nested Loop", "Parent Relationship": "Outer", "Join Type": "Inner", "Startup Cost": 0.0, "Total Cost": 4050.42, "Plan Rows": 154, "Plan Width": 46, "Actual Startup Time": 113.657, "Actual Total Time": 113.657, "Actual Rows": 0, "Actual Loops": 1, "Inner Unique": true, "Plans": [{"Node Type": "Nested Loop", "Parent Relationship": "Outer", "Join Type": "Inner", "Startup Cost": 0.0, "Total Cost": 3386.84, "Plan Rows": 154, "Plan Width": 33, "Actual Startup Time": 113.656, "Actual Total Time": 113.656, "Actual Rows": 0, "Actual Loops": 1, "Inner Unique": true, "Plans": [{"Node Type": "Nested Loop", "Parent Relationship": "Outer", "Join Type": "Inner", "Startup Cost": 0.0, "Total Cost": 3343.66, "Plan Rows": 154, "Plan Width": 25, "Actual Startup Time": 113.654, "Actual Total Time": 113.654, "Actual Rows": 0, "Actual Loops": 1, "Inner Unique": false, "Plans": [{"Node Type": "Nested Loop", "Parent Relationship": "Outer", "Join Type": "Inner", "Startup Cost": 0.0, "Total Cost": 3330.45, "Plan Rows": 33, "Plan Width": 25, "Actual Startup Time": 111.786, "Actual Total Time": 113.649, "Actual Rows": 1, "Actual Loops": 1, "Inner Unique": true, "Plans": [{"Node Type": "Nested Loop", "Parent Relationship": "Outer", "Join Type": "Inner", "Startup Cost": 0.0, "Total Cost": 3319.92, "Plan Rows": 33, "Plan Width": 4, "Actual Startup Time": 111.771, "Actual Total Time": 113.633, "Actual Rows": 1, "Actual Loops": 1, "Inner Unique": false, "Plans": [{"Node Type": "Index Scan", "Parent Relationship": "Outer", "Scan Direction": "Forward", "Index Name": "keyword_pkey", "Relation Name": "keyword", "Alias": "k", "Startup Cost": 0.0, "Total Cost": 3182.72, "Plan Rows": 1, "Plan Width": 4, "Actual Startup Time": 111.744, "Actual Total Time": 113.604, "Actual Rows": 1, "Actual Loops": 1, "Filter": "((keyword)::text = '10,000-mile-club'::text)", "Rows Removed by Filter": 134168}, {"Node Type": "Index Scan", "Parent Relationship": "Inner", "Scan Direction": "Forward", "Index Name": "keyword_id_movie_keyword", "Relation Name": "movie_keyword", "Alias": "mk", "Startup Cost": 0.0, "Total Cost": 136.88, "Plan Rows": 33, "Plan Width": 8, "Actual Startup Time": 0.017, "Actual Total Time": 0.017, "Actual Rows": 1, "Actual Loops": 1, "Index Cond": "(keyword_id = k.id)", "Rows Removed by Index Recheck": 0}]}, {"Node Type": "Index Scan", "Parent Relationship": "Inner", "Scan Direction": "Forward", "Index Name": "title_pkey", "Relation Name": "title", "Alias": "t1", "Startup Cost": 0.0, "Total Cost": 0.31, "Plan Rows": 1, "Plan Width": 21, "Actual Startup Time": 0.012, "Actual Total Time": 0.012, "Actual Rows": 1, "Actual Loops": 1, "Index Cond": "(id = mk.movie_id)", "Rows Removed by Index Recheck": 0}]}, {"Node Type": "Index Scan", "Parent Relationship": "Inner", "Scan Direction": "Forward", "Index Name": "movie_id_movie_link", "Relation Name": "movie_link", "Alias": "ml", "Startup Cost": 0.0, "Total Cost": 0.35, "Plan Rows": 5, "Plan Width": 12, "Actual Startup Time": 0.003, "Actual Total Time": 0.003, "Actual Rows": 0, "Actual Loops": 1, "Index Cond": "(movie_id = t1.id)", "Rows Removed by Index Recheck": 0}]}, {"Node Type": "Index Scan", "Parent Relationship": "Inner", "Scan Direction": "Forward", "Index Name": "link_type_pkey", "Relation Name": "link_type", "Alias": "lt", "Startup Cost": 0.0, "Total Cost": 0.27, "Plan Rows": 1, "Plan Width": 16, "Actual Startup Time": 0.0, "Actual Total Time": 0.0, "Index Cond": "(id = ml.link_type_id)", "Rows Removed by Index Recheck": 0}]}, {"Node Type": "Index Scan", "Parent Relationship": "Inner", "Scan Direction": "Forward", "Index Name": "title_pkey", "Relation Name": "title", "Alias": "t2", "Startup Cost": 0.0, "Total Cost": 4.3, "Plan Rows": 1, "Plan Width": 21, "Actual Startup Time": 0.0, "Actual Total Time": 0.0, "Index Cond": "(id = ml.linked_movie_id)", "Rows Removed by Index Recheck": 0}]}]}, "Triggers": [], "Planner Runtime": 3, "Total Runtime": 113.879, "Unique SQL Id": 524435555}}, "(16, 10)": {"explain_plan": {"Plan": {"Node Type": "Aggregate", "Strategy": "Plain", "Startup Cost": 106618.95, "Total Cost": 106618.96, "Plan Rows": 1, "Plan Width": 142, "Plans": [{"Node Type": "Hash Join", "Parent Relationship": "Outer", "Join Type": "Inner", "Startup Cost": 87265.37, "Total Cost": 106617.8, "Plan Rows": 154, "Plan Width": 46, "Inner Unique": true, "Hash Cond": "(ml.link_type_id = lt.id)", "Plans": [{"Node Type": "Streaming(type: LOCAL GATHER dop: 1/16)", "Parent Relationship": "Outer", "Startup Cost": 87263.98, "Total Cost": 106614.3, "Plan Rows": 154, "Plan Width": 38, "Plans": [{"Node Type": "Hash Join", "Parent Relationship": "Outer", "Join Type": "Inner", "Startup Cost": 87263.98, "Total Cost": 106610.97, "Plan Rows": 154, "Plan Width": 38, "Inner Unique": false, "Hash Cond": "(t2.id = ml.linked_movie_id)", "Plans": [{"Node Type": "Seq Scan", "Parent Relationship": "Outer", "Relation Name": "title", "Alias": "t2", "Startup Cost": 0.0, "Total Cost": 18754.32, "Plan Rows": 2528311, "Plan Width": 21}, {"Node Type": "Hash", "Parent Relationship": "Inner", "Startup Cost": 87262.06, "Total Cost": 87262.06, "Plan Rows": 2464, "Plan Width": 25, "Plans": [{"Node Type": "Streaming(type: BROADCAST dop: 16/1)", "Parent Relationship": "Outer", "Startup Cost": 52855.37, "Total Cost": 87262.06, "Plan Rows": 2464, "Plan Width": 25, "Plans": [{"Node Type": "Hash Join", "Parent Relationship": "Outer", "Join Type": "Inner", "Startup Cost": 52855.37, "Total Cost": 72208.88, "Plan Rows": 154, "Plan Width": 25, "Inner Unique": false, "Hash Cond": "(t1.id = ml.movie_id)", "Plans": [{"Node Type": "Streaming(type: LOCAL GATHER dop: 1/16)", "Parent Relationship": "Outer", "Startup Cost": 52049.46, "Total Cost": 71397.08, "Plan Rows": 33, "Plan Width": 25, "Plans": [{"Node Type": "Hash Join", "Parent Relationship": "Outer", "Join Type": "Inner", "Startup Cost": 52049.46, "Total Cost": 71396.37, "Plan Rows": 33, "Plan Width": 25, "Inner Unique": false, "Hash Cond": "(t1.id = mk.movie_id)", "Plans": [{"Node Type": "Seq Scan", "Parent Relationship": "Outer", "Relation Name": "title", "Alias": "t1", "Startup Cost": 0.0, "Total Cost": 18754.32, "Plan Rows": 2528311, "Plan Width": 21}, {"Node Type": "Hash", "Parent Relationship": "Inner", "Startup Cost": 52049.04, "Total Cost": 52049.04, "Plan Rows": 528, "Plan Width": 4, "Plans": [{"Node Type": "Streaming(type: BROADCAST dop: 16/16)", "Parent Relationship": "Outer", "Startup Cost": 17436.47, "Total Cost": 52049.04, "Plan Rows": 528, "Plan Width": 4, "Plans": [{"Node Type": "Hash Join", "Parent Relationship": "Outer", "Join Type": "Inner", "Startup Cost": 17436.47, "Total Cost": 37047.7, "Plan Rows": 33, "Plan Width": 4, "Inner Unique": true, "Hash Cond": "(mk.keyword_id = k.id)", "Plans": [{"Node Type": "Seq Scan", "Parent Relationship": "Outer", "Relation Name": "movie_keyword", "Alias": "mk", "Startup Cost": 0.0, "Total Cost": 18902.58, "Plan Rows": 4523929, "Plan Width": 8}, {"Node Type": "Hash", "Parent Relationship": "Inner", "Startup Cost": 17436.46, "Total Cost": 17436.46, "Plan Rows": 16, "Plan Width": 4, "Plans": [{"Node Type": "Streaming(type: BROADCAST dop: 16/1)", "Parent Relationship": "Outer", "Startup Cost": 0.0, "Total Cost": 17436.46, "Plan Rows": 16, "Plan Width": 4, "Plans": [{"Node Type": "Seq Scan", "Parent Relationship": "Outer", "Relation Name": "keyword", "Alias": "k", "Startup Cost": 0.0, "Total Cost": 2436.11, "Plan Rows": 1, "Plan Width": 4, "Filter": "((keyword)::text = '10,000-mile-club'::text)"}]}]}]}]}]}]}]}, {"Node Type": "Hash", "Parent Relationship": "Inner", "Startup Cost": 430.96, "Total Cost": 430.96, "Plan Rows": 29996, "Plan Width": 12, "Plans": [{"Node Type": "Seq Scan", "Parent Relationship": "Outer", "Relation Name": "movie_link", "Alias": "ml", "Startup Cost": 0.0, "Total Cost": 430.96, "Plan Rows": 29996, "Plan Width": 12}]}]}]}]}]}]}, {"Node Type": "Hash", "Parent Relationship": "Inner", "Startup Cost": 1.17, "Total Cost": 1.17, "Plan Rows": 17, "Plan Width": 16, "Plans": [{"Node Type": "Seq Scan", "Parent Relationship": "Outer", "Relation Name": "link_type", "Alias": "lt", "Startup Cost": 0.0, "Total Cost": 1.17, "Plan Rows": 17, "Plan Width": 16}]}]}]}, "Unique SQL Id": 524435555, "Planner Runtime": 39}, "explain_analyze_plan": null}, "(16, 11)": {"explain_plan": {"Plan": {"Node Type": "Aggregate", "Strategy": "Plain", "Startup Cost": 3151838021043.93, "Total Cost": 3151838021043.94, "Plan Rows": 1, "Plan Width": 142, "Plans": [{"Node Type": "Nested Loop", "Parent Relationship": "Outer", "Join Type": "Inner", "Startup Cost": 1230056461532.74, "Total Cost": 3151838021042.77, "Plan Rows": 154, "Plan Width": 46, "Inner Unique": false, "Join Filter": "(ml.linked_movie_id = t2.id)", "Plans": [{"Node Type": "Index Scan", "Parent Relationship": "Outer", "Scan Direction": "Forward", "Index Name": "title_pkey", "Relation Name": "title", "Alias": "t2", "Startup Cost": 10000000000.0, "Total Cost": 1000011012048.91, "Plan Rows": 2528311, "Plan Width": 21}, {"Node Type": "Materialize", "Parent Relationship": "Inner", "Startup Cost": 1220056461532.74, "Total Cost": 2151821168595.83, "Plan Rows": 154, "Plan Width": 33, "Plans": [{"Node Type": "Merge Join", "Parent Relationship": "Outer", "Join Type": "Inner", "Startup Cost": 1220056461532.74, "Total Cost": 2151821168595.06, "Plan Rows": 154, "Plan Width": 33, "Inner Unique": true, "Merge Cond": "(ml.link_type_id = lt.id)", "Plans": [{"Node Type": "Sort", "Parent Relationship": "Outer", "Startup Cost": 1210056461532.71, "Total Cost": 1210056461533.1, "Plan Rows": 154, "Plan Width": 25, "Sort Key": ["ml.link_type_id"], "Plans": [{"Node Type": "Merge Join", "Parent Relationship": "Outer", "Join Type": "Inner", "Startup Cost": 40120995164.23, "Total Cost": 1210056461527.12, "Plan Rows": 154, "Plan Width": 25, "Inner Unique": false, "Merge Cond": "(t1.id = ml.movie_id)", "Plans": [{"Node Type": "Merge Join", "Parent Relationship": "Outer", "Join Type": "Inner", "Startup Cost": 30120995164.23, "Total Cost": 2999054436549.81, "Plan Rows": 33, "Plan Width": 25, "Inner Unique": true, "Merge Cond": "(mk.movie_id = t1.id)", "Plans": [{"Node Type": "Nested Loop", "Parent Relationship": "Outer", "Join Type": "Inner", "Startup Cost": 20000000000.0, "Total Cost": 2000015686764.79, "Plan Rows": 33, "Plan Width": 4, "Inner Unique": true, "Join Filter": "(k.id = mk.keyword_id)", "Plans": [{"Node Type": "Index Scan", "Parent Relationship": "Outer", "Scan Direction": "Forward", "Index Name": "movie_id_movie_keyword", "Relation Name": "movie_keyword", "Alias": "mk", "Startup Cost": 10000000000.0, "Total Cost": 1000015300634.17, "Plan Rows": 4523929, "Plan Width": 8}, {"Node Type": "Materialize", "Parent Relationship": "Inner", "Startup Cost": 10000000000.0, "Total Cost": 1000000318271.69, "Plan Rows": 1, "Plan Width": 4, "Plans": [{"Node Type": "Index Scan", "Parent Relationship": "Outer", "Scan Direction": "Forward", "Index Name": "keyword_pkey", "Relation Name": "keyword", "Alias": "k", "Startup Cost": 10000000000.0, "Total Cost": 1000000318271.68, "Plan Rows": 1, "Plan Width": 4, "Filter": "((keyword)::text = '10,000-mile-club'::text)"}]}]}, {"Node Type": "Index Scan", "Parent Relationship": "Inner", "Scan Direction": "Forward", "Index Name": "title_pkey", "Relation Name": "title", "Alias": "t1", "Startup Cost": 10000000000.0, "Total Cost": 1000011012048.91, "Plan Rows": 2528311, "Plan Width": 21}]}, {"Node Type": "Index Scan", "Parent Relationship": "Inner", "Scan Direction": "Forward", "Index Name": "movie_id_movie_link", "Relation Name": "movie_link", "Alias": "ml", "Startup Cost": 10000000000.0, "Total Cost": 1000000106202.37, "Plan Rows": 29996, "Plan Width": 12}]}]}, {"Node Type": "Materialize", "Parent Relationship": "Inner", "Startup Cost": 10000000000.0, "Total Cost": 1000000001250.54, "Plan Rows": 17, "Plan Width": 16, "Plans": [{"Node Type": "Index Scan", "Parent Relationship": "Outer", "Scan Direction": "Forward", "Index Name": "link_type_pkey", "Relation Name": "link_type", "Alias": "lt", "Startup Cost": 10000000000.0, "Total Cost": 1000000001250.5, "Plan Rows": 17, "Plan Width": 16}]}]}]}]}]}, "Unique SQL Id": 524435555, "Planner Runtime": 17}, "explain_analyze_plan": null}, "(16, 12)": {"explain_plan": {"Plan": {"Node Type": "Aggregate", "Strategy": "Plain", "Startup Cost": 3265.11, "Total Cost": 3265.12, "Plan Rows": 1, "Plan Width": 142, "Plans": [{"Node Type": "Nested Loop", "Parent Relationship": "Outer", "Join Type": "Inner", "Startup Cost": 1.38, "Total Cost": 3263.96, "Plan Rows": 154, "Plan Width": 46, "Inner Unique": true, "Plans": [{"Node Type": "Hash Join", "Parent Relationship": "Outer", "Join Type": "Inner", "Startup Cost": 1.38, "Total Cost": 2600.38, "Plan Rows": 154, "Plan Width": 33, "Inner Unique": true, "Hash Cond": "(ml.link_type_id = lt.id)", "Plans": [{"Node Type": "Nested Loop", "Parent Relationship": "Outer", "Join Type": "Inner", "Startup Cost": 0.0, "Total Cost": 2597.06, "Plan Rows": 154, "Plan Width": 25, "Inner Unique": false, "Plans": [{"Node Type": "Nested Loop", "Parent Relationship": "Outer", "Join Type": "Inner", "Startup Cost": 0.0, "Total Cost": 2583.84, "Plan Rows": 33, "Plan Width": 25, "Inner Unique": true, "Plans": [{"Node Type": "Nested Loop", "Parent Relationship": "Outer", "Join Type": "Inner", "Startup Cost": 0.0, "Total Cost": 2573.32, "Plan Rows": 33, "Plan Width": 4, "Inner Unique": false, "Plans": [{"Node Type": "Seq Scan", "Parent Relationship": "Outer", "Relation Name": "keyword", "Alias": "k", "Startup Cost": 0.0, "Total Cost": 2436.11, "Plan Rows": 1, "Plan Width": 4, "Filter": "((keyword)::text = '10,000-mile-club'::text)"}, {"Node Type": "Index Scan", "Parent Relationship": "Inner", "Scan Direction": "Forward", "Index Name": "keyword_id_movie_keyword", "Relation Name": "movie_keyword", "Alias": "mk", "Startup Cost": 0.0, "Total Cost": 136.88, "Plan Rows": 33, "Plan Width": 8, "Index Cond": "(keyword_id = k.id)"}]}, {"Node Type": "Index Scan", "Parent Relationship": "Inner", "Scan Direction": "Forward", "Index Name": "title_pkey", "Relation Name": "title", "Alias": "t1", "Startup Cost": 0.0, "Total Cost": 0.31, "Plan Rows": 1, "Plan Width": 21, "Index Cond": "(id = mk.movie_id)"}]}, {"Node Type": "Index Scan", "Parent Relationship": "Inner", "Scan Direction": "Forward", "Index Name": "movie_id_movie_link", "Relation Name": "movie_link", "Alias": "ml", "Startup Cost": 0.0, "Total Cost": 0.35, "Plan Rows": 5, "Plan Width": 12, "Index Cond": "(movie_id = t1.id)"}]}, {"Node Type": "Hash", "Parent Relationship": "Inner", "Startup Cost": 1.17, "Total Cost": 1.17, "Plan Rows": 17, "Plan Width": 16, "Plans": [{"Node Type": "Seq Scan", "Parent Relationship": "Outer", "Relation Name": "link_type", "Alias": "lt", "Startup Cost": 0.0, "Total Cost": 1.17, "Plan Rows": 17, "Plan Width": 16}]}]}, {"Node Type": "Index Scan", "Parent Relationship": "Inner", "Scan Direction": "Forward", "Index Name": "title_pkey", "Relation Name": "title", "Alias": "t2", "Startup Cost": 0.0, "Total Cost": 4.3, "Plan Rows": 1, "Plan Width": 21, "Index Cond": "(id = ml.linked_movie_id)"}]}]}, "Unique SQL Id": 524435555, "Planner Runtime": 20}, "explain_analyze_plan": {"Plan": {"Node Type": "Aggregate", "Strategy": "Plain", "Startup Cost": 3265.11, "Total Cost": 3265.12, "Plan Rows": 1, "Plan Width": 142, "Actual Startup Time": 40.785, "Actual Total Time": 40.786, "Actual Rows": 1, "Actual Loops": 1, "Plans": [{"Node Type": "Nested Loop", "Parent Relationship": "Outer", "Join Type": "Inner", "Startup Cost": 1.38, "Total Cost": 3263.96, "Plan Rows": 154, "Plan Width": 46, "Actual Startup Time": 40.779, "Actual Total Time": 40.779, "Actual Rows": 0, "Actual Loops": 1, "Inner Unique": true, "Plans": [{"Node Type": "Hash Join", "Parent Relationship": "Outer", "Join Type": "Inner", "Startup Cost": 1.38, "Total Cost": 2600.38, "Plan Rows": 154, "Plan Width": 33, "Actual Startup Time": 40.779, "Actual Total Time": 40.779, "Actual Rows": 0, "Actual Loops": 1, "Inner Unique": true, "Hash Cond": "(ml.link_type_id = lt.id)", "Plans": [{"Node Type": "Nested Loop", "Parent Relationship": "Outer", "Join Type": "Inner", "Startup Cost": 0.0, "Total Cost": 2597.06, "Plan Rows": 154, "Plan Width": 25, "Actual Startup Time": 40.774, "Actual Total Time": 40.774, "Actual Rows": 0, "Actual Loops": 1, "Inner Unique": false, "Plans": [{"Node Type": "Nested Loop", "Parent Relationship": "Outer", "Join Type": "Inner", "Startup Cost": 0.0, "Total Cost": 2583.84, "Plan Rows": 33, "Plan Width": 25, "Actual Startup Time": 39.89, "Actual Total Time": 40.769, "Actual Rows": 1, "Actual Loops": 1, "Inner Unique": true, "Plans": [{"Node Type": "Nested Loop", "Parent Relationship": "Outer", "Join Type": "Inner", "Startup Cost": 0.0, "Total Cost": 2573.32, "Plan Rows": 33, "Plan Width": 4, "Actual Startup Time": 39.876, "Actual Total Time": 40.753, "Actual Rows": 1, "Actual Loops": 1, "Inner Unique": false, "Plans": [{"Node Type": "Seq Scan", "Parent Relationship": "Outer", "Relation Name": "keyword", "Alias": "k", "Startup Cost": 0.0, "Total Cost": 2436.11, "Plan Rows": 1, "Plan Width": 4, "Actual Startup Time": 39.849, "Actual Total Time": 40.724, "Actual Rows": 1, "Actual Loops": 1, "Filter": "((keyword)::text = '10,000-mile-club'::text)", "Rows Removed by Filter": 134168}, {"Node Type": "Index Scan", "Parent Relationship": "Inner", "Scan Direction": "Forward", "Index Name": "keyword_id_movie_keyword", "Relation Name": "movie_keyword", "Alias": "mk", "Startup Cost": 0.0, "Total Cost": 136.88, "Plan Rows": 33, "Plan Width": 8, "Actual Startup Time": 0.02, "Actual Total Time": 0.021, "Actual Rows": 1, "Actual Loops": 1, "Index Cond": "(keyword_id = k.id)", "Rows Removed by Index Recheck": 0}]}, {"Node Type": "Index Scan", "Parent Relationship": "Inner", "Scan Direction": "Forward", "Index Name": "title_pkey", "Relation Name": "title", "Alias": "t1", "Startup Cost": 0.0, "Total Cost": 0.31, "Plan Rows": 1, "Plan Width": 21, "Actual Startup Time": 0.012, "Actual Total Time": 0.012, "Actual Rows": 1, "Actual Loops": 1, "Index Cond": "(id = mk.movie_id)", "Rows Removed by Index Recheck": 0}]}, {"Node Type": "Index Scan", "Parent Relationship": "Inner", "Scan Direction": "Forward", "Index Name": "movie_id_movie_link", "Relation Name": "movie_link", "Alias": "ml", "Startup Cost": 0.0, "Total Cost": 0.35, "Plan Rows": 5, "Plan Width": 12, "Actual Startup Time": 0.003, "Actual Total Time": 0.003, "Actual Rows": 0, "Actual Loops": 1, "Index Cond": "(movie_id = t1.id)", "Rows Removed by Index Recheck": 0}]}, {"Node Type": "Hash", "Parent Relationship": "Inner", "Startup Cost": 1.17, "Total Cost": 1.17, "Plan Rows": 17, "Plan Width": 16, "Actual Startup Time": 0.0, "Actual Total Time": 0.0, "Hash Buckets": 0, "Hash Batches": 0, "Original Hash Batches": 0, "Peak Memory Usage": 0, "Plans": [{"Node Type": "Seq Scan", "Parent Relationship": "Outer", "Relation Name": "link_type", "Alias": "lt", "Startup Cost": 0.0, "Total Cost": 1.17, "Plan Rows": 17, "Plan Width": 16, "Actual Startup Time": 0.0, "Actual Total Time": 0.0}]}]}, {"Node Type": "Index Scan", "Parent Relationship": "Inner", "Scan Direction": "Forward", "Index Name": "title_pkey", "Relation Name": "title", "Alias": "t2", "Startup Cost": 0.0, "Total Cost": 4.3, "Plan Rows": 1, "Plan Width": 21, "Actual Startup Time": 0.0, "Actual Total Time": 0.0, "Index Cond": "(id = ml.linked_movie_id)", "Rows Removed by Index Recheck": 0}]}]}, "Triggers": [], "Planner Runtime": 19, "Total Runtime": 41.015, "Unique SQL Id": 524435555}}, "(16, 13)": {"explain_plan": {"Plan": {"Node Type": "Aggregate", "Strategy": "Plain", "Startup Cost": 4051.57, "Total Cost": 4051.58, "Plan Rows": 1, "Plan Width": 142, "Plans": [{"Node Type": "Nested Loop", "Parent Relationship": "Outer", "Join Type": "Inner", "Startup Cost": 0.0, "Total Cost": 4050.42, "Plan Rows": 154, "Plan Width": 46, "Inner Unique": true, "Plans": [{"Node Type": "Nested Loop", "Parent Relationship": "Outer", "Join Type": "Inner", "Startup Cost": 0.0, "Total Cost": 3386.84, "Plan Rows": 154, "Plan Width": 33, "Inner Unique": true, "Plans": [{"Node Type": "Nested Loop", "Parent Relationship": "Outer", "Join Type": "Inner", "Startup Cost": 0.0, "Total Cost": 3343.66, "Plan Rows": 154, "Plan Width": 25, "Inner Unique": false, "Plans": [{"Node Type": "Nested Loop", "Parent Relationship": "Outer", "Join Type": "Inner", "Startup Cost": 0.0, "Total Cost": 3330.45, "Plan Rows": 33, "Plan Width": 25, "Inner Unique": true, "Plans": [{"Node Type": "Nested Loop", "Parent Relationship": "Outer", "Join Type": "Inner", "Startup Cost": 0.0, "Total Cost": 3319.92, "Plan Rows": 33, "Plan Width": 4, "Inner Unique": false, "Plans": [{"Node Type": "Index Scan", "Parent Relationship": "Outer", "Scan Direction": "Forward", "Index Name": "keyword_pkey", "Relation Name": "keyword", "Alias": "k", "Startup Cost": 0.0, "Total Cost": 3182.72, "Plan Rows": 1, "Plan Width": 4, "Filter": "((keyword)::text = '10,000-mile-club'::text)"}, {"Node Type": "Index Scan", "Parent Relationship": "Inner", "Scan Direction": "Forward", "Index Name": "keyword_id_movie_keyword", "Relation Name": "movie_keyword", "Alias": "mk", "Startup Cost": 0.0, "Total Cost": 136.88, "Plan Rows": 33, "Plan Width": 8, "Index Cond": "(keyword_id = k.id)"}]}, {"Node Type": "Index Scan", "Parent Relationship": "Inner", "Scan Direction": "Forward", "Index Name": "title_pkey", "Relation Name": "title", "Alias": "t1", "Startup Cost": 0.0, "Total Cost": 0.31, "Plan Rows": 1, "Plan Width": 21, "Index Cond": "(id = mk.movie_id)"}]}, {"Node Type": "Index Scan", "Parent Relationship": "Inner", "Scan Direction": "Forward", "Index Name": "movie_id_movie_link", "Relation Name": "movie_link", "Alias": "ml", "Startup Cost": 0.0, "Total Cost": 0.35, "Plan Rows": 5, "Plan Width": 12, "Index Cond": "(movie_id = t1.id)"}]}, {"Node Type": "Index Scan", "Parent Relationship": "Inner", "Scan Direction": "Forward", "Index Name": "link_type_pkey", "Relation Name": "link_type", "Alias": "lt", "Startup Cost": 0.0, "Total Cost": 0.27, "Plan Rows": 1, "Plan Width": 16, "Index Cond": "(id = ml.link_type_id)"}]}, {"Node Type": "Index Scan", "Parent Relationship": "Inner", "Scan Direction": "Forward", "Index Name": "title_pkey", "Relation Name": "title", "Alias": "t2", "Startup Cost": 0.0, "Total Cost": 4.3, "Plan Rows": 1, "Plan Width": 21, "Index Cond": "(id = ml.linked_movie_id)"}]}]}, "Unique SQL Id": 524435555, "Planner Runtime": 14}, "explain_analyze_plan": {"Plan": {"Node Type": "Aggregate", "Strategy": "Plain", "Startup Cost": 4051.57, "Total Cost": 4051.58, "Plan Rows": 1, "Plan Width": 142, "Actual Startup Time": 113.661, "Actual Total Time": 113.661, "Actual Rows": 1, "Actual Loops": 1, "Plans": [{"Node Type": "Nested Loop", "Parent Relationship": "Outer", "Join Type": "Inner", "Startup Cost": 0.0, "Total Cost": 4050.42, "Plan Rows": 154, "Plan Width": 46, "Actual Startup Time": 113.657, "Actual Total Time": 113.657, "Actual Rows": 0, "Actual Loops": 1, "Inner Unique": true, "Plans": [{"Node Type": "Nested Loop", "Parent Relationship": "Outer", "Join Type": "Inner", "Startup Cost": 0.0, "Total Cost": 3386.84, "Plan Rows": 154, "Plan Width": 33, "Actual Startup Time": 113.656, "Actual Total Time": 113.656, "Actual Rows": 0, "Actual Loops": 1, "Inner Unique": true, "Plans": [{"Node Type": "Nested Loop", "Parent Relationship": "Outer", "Join Type": "Inner", "Startup Cost": 0.0, "Total Cost": 3343.66, "Plan Rows": 154, "Plan Width": 25, "Actual Startup Time": 113.654, "Actual Total Time": 113.654, "Actual Rows": 0, "Actual Loops": 1, "Inner Unique": false, "Plans": [{"Node Type": "Nested Loop", "Parent Relationship": "Outer", "Join Type": "Inner", "Startup Cost": 0.0, "Total Cost": 3330.45, "Plan Rows": 33, "Plan Width": 25, "Actual Startup Time": 111.786, "Actual Total Time": 113.649, "Actual Rows": 1, "Actual Loops": 1, "Inner Unique": true, "Plans": [{"Node Type": "Nested Loop", "Parent Relationship": "Outer", "Join Type": "Inner", "Startup Cost": 0.0, "Total Cost": 3319.92, "Plan Rows": 33, "Plan Width": 4, "Actual Startup Time": 111.771, "Actual Total Time": 113.633, "Actual Rows": 1, "Actual Loops": 1, "Inner Unique": false, "Plans": [{"Node Type": "Index Scan", "Parent Relationship": "Outer", "Scan Direction": "Forward", "Index Name": "keyword_pkey", "Relation Name": "keyword", "Alias": "k", "Startup Cost": 0.0, "Total Cost": 3182.72, "Plan Rows": 1, "Plan Width": 4, "Actual Startup Time": 111.744, "Actual Total Time": 113.604, "Actual Rows": 1, "Actual Loops": 1, "Filter": "((keyword)::text = '10,000-mile-club'::text)", "Rows Removed by Filter": 134168}, {"Node Type": "Index Scan", "Parent Relationship": "Inner", "Scan Direction": "Forward", "Index Name": "keyword_id_movie_keyword", "Relation Name": "movie_keyword", "Alias": "mk", "Startup Cost": 0.0, "Total Cost": 136.88, "Plan Rows": 33, "Plan Width": 8, "Actual Startup Time": 0.017, "Actual Total Time": 0.017, "Actual Rows": 1, "Actual Loops": 1, "Index Cond": "(keyword_id = k.id)", "Rows Removed by Index Recheck": 0}]}, {"Node Type": "Index Scan", "Parent Relationship": "Inner", "Scan Direction": "Forward", "Index Name": "title_pkey", "Relation Name": "title", "Alias": "t1", "Startup Cost": 0.0, "Total Cost": 0.31, "Plan Rows": 1, "Plan Width": 21, "Actual Startup Time": 0.012, "Actual Total Time": 0.012, "Actual Rows": 1, "Actual Loops": 1, "Index Cond": "(id = mk.movie_id)", "Rows Removed by Index Recheck": 0}]}, {"Node Type": "Index Scan", "Parent Relationship": "Inner", "Scan Direction": "Forward", "Index Name": "movie_id_movie_link", "Relation Name": "movie_link", "Alias": "ml", "Startup Cost": 0.0, "Total Cost": 0.35, "Plan Rows": 5, "Plan Width": 12, "Actual Startup Time": 0.003, "Actual Total Time": 0.003, "Actual Rows": 0, "Actual Loops": 1, "Index Cond": "(movie_id = t1.id)", "Rows Removed by Index Recheck": 0}]}, {"Node Type": "Index Scan", "Parent Relationship": "Inner", "Scan Direction": "Forward", "Index Name": "link_type_pkey", "Relation Name": "link_type", "Alias": "lt", "Startup Cost": 0.0, "Total Cost": 0.27, "Plan Rows": 1, "Plan Width": 16, "Actual Startup Time": 0.0, "Actual Total Time": 0.0, "Index Cond": "(id = ml.link_type_id)", "Rows Removed by Index Recheck": 0}]}, {"Node Type": "Index Scan", "Parent Relationship": "Inner", "Scan Direction": "Forward", "Index Name": "title_pkey", "Relation Name": "title", "Alias": "t2", "Startup Cost": 0.0, "Total Cost": 4.3, "Plan Rows": 1, "Plan Width": 21, "Actual Startup Time": 0.0, "Actual Total Time": 0.0, "Index Cond": "(id = ml.linked_movie_id)", "Rows Removed by Index Recheck": 0}]}]}, "Triggers": [], "Planner Runtime": 3, "Total Runtime": 113.879, "Unique SQL Id": 524435555}}, "(16, 14)": {"explain_plan": {"Plan": {"Node Type": "Aggregate", "Strategy": "Plain", "Startup Cost": 106618.95, "Total Cost": 106618.96, "Plan Rows": 1, "Plan Width": 142, "Plans": [{"Node Type": "Hash Join", "Parent Relationship": "Outer", "Join Type": "Inner", "Startup Cost": 87265.37, "Total Cost": 106617.8, "Plan Rows": 154, "Plan Width": 46, "Inner Unique": true, "Hash Cond": "(ml.link_type_id = lt.id)", "Plans": [{"Node Type": "Streaming(type: LOCAL GATHER dop: 1/16)", "Parent Relationship": "Outer", "Startup Cost": 87263.98, "Total Cost": 106614.3, "Plan Rows": 154, "Plan Width": 38, "Plans": [{"Node Type": "Hash Join", "Parent Relationship": "Outer", "Join Type": "Inner", "Startup Cost": 87263.98, "Total Cost": 106610.97, "Plan Rows": 154, "Plan Width": 38, "Inner Unique": false, "Hash Cond": "(t2.id = ml.linked_movie_id)", "Plans": [{"Node Type": "Seq Scan", "Parent Relationship": "Outer", "Relation Name": "title", "Alias": "t2", "Startup Cost": 0.0, "Total Cost": 18754.32, "Plan Rows": 2528311, "Plan Width": 21}, {"Node Type": "Hash", "Parent Relationship": "Inner", "Startup Cost": 87262.06, "Total Cost": 87262.06, "Plan Rows": 2464, "Plan Width": 25, "Plans": [{"Node Type": "Streaming(type: BROADCAST dop: 16/1)", "Parent Relationship": "Outer", "Startup Cost": 52855.37, "Total Cost": 87262.06, "Plan Rows": 2464, "Plan Width": 25, "Plans": [{"Node Type": "Hash Join", "Parent Relationship": "Outer", "Join Type": "Inner", "Startup Cost": 52855.37, "Total Cost": 72208.88, "Plan Rows": 154, "Plan Width": 25, "Inner Unique": false, "Hash Cond": "(t1.id = ml.movie_id)", "Plans": [{"Node Type": "Streaming(type: LOCAL GATHER dop: 1/16)", "Parent Relationship": "Outer", "Startup Cost": 52049.46, "Total Cost": 71397.08, "Plan Rows": 33, "Plan Width": 25, "Plans": [{"Node Type": "Hash Join", "Parent Relationship": "Outer", "Join Type": "Inner", "Startup Cost": 52049.46, "Total Cost": 71396.37, "Plan Rows": 33, "Plan Width": 25, "Inner Unique": false, "Hash Cond": "(t1.id = mk.movie_id)", "Plans": [{"Node Type": "Seq Scan", "Parent Relationship": "Outer", "Relation Name": "title", "Alias": "t1", "Startup Cost": 0.0, "Total Cost": 18754.32, "Plan Rows": 2528311, "Plan Width": 21}, {"Node Type": "Hash", "Parent Relationship": "Inner", "Startup Cost": 52049.04, "Total Cost": 52049.04, "Plan Rows": 528, "Plan Width": 4, "Plans": [{"Node Type": "Streaming(type: BROADCAST dop: 16/16)", "Parent Relationship": "Outer", "Startup Cost": 17436.47, "Total Cost": 52049.04, "Plan Rows": 528, "Plan Width": 4, "Plans": [{"Node Type": "Hash Join", "Parent Relationship": "Outer", "Join Type": "Inner", "Startup Cost": 17436.47, "Total Cost": 37047.7, "Plan Rows": 33, "Plan Width": 4, "Inner Unique": true, "Hash Cond": "(mk.keyword_id = k.id)", "Plans": [{"Node Type": "Seq Scan", "Parent Relationship": "Outer", "Relation Name": "movie_keyword", "Alias": "mk", "Startup Cost": 0.0, "Total Cost": 18902.58, "Plan Rows": 4523929, "Plan Width": 8}, {"Node Type": "Hash", "Parent Relationship": "Inner", "Startup Cost": 17436.46, "Total Cost": 17436.46, "Plan Rows": 16, "Plan Width": 4, "Plans": [{"Node Type": "Streaming(type: BROADCAST dop: 16/1)", "Parent Relationship": "Outer", "Startup Cost": 0.0, "Total Cost": 17436.46, "Plan Rows": 16, "Plan Width": 4, "Plans": [{"Node Type": "Seq Scan", "Parent Relationship": "Outer", "Relation Name": "keyword", "Alias": "k", "Startup Cost": 0.0, "Total Cost": 2436.11, "Plan Rows": 1, "Plan Width": 4, "Filter": "((keyword)::text = '10,000-mile-club'::text)"}]}]}]}]}]}]}]}, {"Node Type": "Hash", "Parent Relationship": "Inner", "Startup Cost": 430.96, "Total Cost": 430.96, "Plan Rows": 29996, "Plan Width": 12, "Plans": [{"Node Type": "Seq Scan", "Parent Relationship": "Outer", "Relation Name": "movie_link", "Alias": "ml", "Startup Cost": 0.0, "Total Cost": 430.96, "Plan Rows": 29996, "Plan Width": 12}]}]}]}]}]}]}, {"Node Type": "Hash", "Parent Relationship": "Inner", "Startup Cost": 1.17, "Total Cost": 1.17, "Plan Rows": 17, "Plan Width": 16, "Plans": [{"Node Type": "Seq Scan", "Parent Relationship": "Outer", "Relation Name": "link_type", "Alias": "lt", "Startup Cost": 0.0, "Total Cost": 1.17, "Plan Rows": 17, "Plan Width": 16}]}]}]}, "Unique SQL Id": 524435555, "Planner Runtime": 39}, "explain_analyze_plan": null}, "(16, 15)": {"explain_plan": {"Plan": {"Node Type": "Aggregate", "Strategy": "Plain", "Startup Cost": 3151838021043.93, "Total Cost": 3151838021043.94, "Plan Rows": 1, "Plan Width": 142, "Plans": [{"Node Type": "Nested Loop", "Parent Relationship": "Outer", "Join Type": "Inner", "Startup Cost": 1230056461532.74, "Total Cost": 3151838021042.77, "Plan Rows": 154, "Plan Width": 46, "Inner Unique": false, "Join Filter": "(ml.linked_movie_id = t2.id)", "Plans": [{"Node Type": "Index Scan", "Parent Relationship": "Outer", "Scan Direction": "Forward", "Index Name": "title_pkey", "Relation Name": "title", "Alias": "t2", "Startup Cost": 10000000000.0, "Total Cost": 1000011012048.91, "Plan Rows": 2528311, "Plan Width": 21}, {"Node Type": "Materialize", "Parent Relationship": "Inner", "Startup Cost": 1220056461532.74, "Total Cost": 2151821168595.83, "Plan Rows": 154, "Plan Width": 33, "Plans": [{"Node Type": "Merge Join", "Parent Relationship": "Outer", "Join Type": "Inner", "Startup Cost": 1220056461532.74, "Total Cost": 2151821168595.06, "Plan Rows": 154, "Plan Width": 33, "Inner Unique": true, "Merge Cond": "(ml.link_type_id = lt.id)", "Plans": [{"Node Type": "Sort", "Parent Relationship": "Outer", "Startup Cost": 1210056461532.71, "Total Cost": 1210056461533.1, "Plan Rows": 154, "Plan Width": 25, "Sort Key": ["ml.link_type_id"], "Plans": [{"Node Type": "Merge Join", "Parent Relationship": "Outer", "Join Type": "Inner", "Startup Cost": 40120995164.23, "Total Cost": 1210056461527.12, "Plan Rows": 154, "Plan Width": 25, "Inner Unique": false, "Merge Cond": "(t1.id = ml.movie_id)", "Plans": [{"Node Type": "Merge Join", "Parent Relationship": "Outer", "Join Type": "Inner", "Startup Cost": 30120995164.23, "Total Cost": 2999054436549.81, "Plan Rows": 33, "Plan Width": 25, "Inner Unique": true, "Merge Cond": "(mk.movie_id = t1.id)", "Plans": [{"Node Type": "Nested Loop", "Parent Relationship": "Outer", "Join Type": "Inner", "Startup Cost": 20000000000.0, "Total Cost": 2000015686764.79, "Plan Rows": 33, "Plan Width": 4, "Inner Unique": true, "Join Filter": "(k.id = mk.keyword_id)", "Plans": [{"Node Type": "Index Scan", "Parent Relationship": "Outer", "Scan Direction": "Forward", "Index Name": "movie_id_movie_keyword", "Relation Name": "movie_keyword", "Alias": "mk", "Startup Cost": 10000000000.0, "Total Cost": 1000015300634.17, "Plan Rows": 4523929, "Plan Width": 8}, {"Node Type": "Materialize", "Parent Relationship": "Inner", "Startup Cost": 10000000000.0, "Total Cost": 1000000318271.69, "Plan Rows": 1, "Plan Width": 4, "Plans": [{"Node Type": "Index Scan", "Parent Relationship": "Outer", "Scan Direction": "Forward", "Index Name": "keyword_pkey", "Relation Name": "keyword", "Alias": "k", "Startup Cost": 10000000000.0, "Total Cost": 1000000318271.68, "Plan Rows": 1, "Plan Width": 4, "Filter": "((keyword)::text = '10,000-mile-club'::text)"}]}]}, {"Node Type": "Index Scan", "Parent Relationship": "Inner", "Scan Direction": "Forward", "Index Name": "title_pkey", "Relation Name": "title", "Alias": "t1", "Startup Cost": 10000000000.0, "Total Cost": 1000011012048.91, "Plan Rows": 2528311, "Plan Width": 21}]}, {"Node Type": "Index Scan", "Parent Relationship": "Inner", "Scan Direction": "Forward", "Index Name": "movie_id_movie_link", "Relation Name": "movie_link", "Alias": "ml", "Startup Cost": 10000000000.0, "Total Cost": 1000000106202.37, "Plan Rows": 29996, "Plan Width": 12}]}]}, {"Node Type": "Materialize", "Parent Relationship": "Inner", "Startup Cost": 10000000000.0, "Total Cost": 1000000001250.54, "Plan Rows": 17, "Plan Width": 16, "Plans": [{"Node Type": "Index Scan", "Parent Relationship": "Outer", "Scan Direction": "Forward", "Index Name": "link_type_pkey", "Relation Name": "link_type", "Alias": "lt", "Startup Cost": 10000000000.0, "Total Cost": 1000000001250.5, "Plan Rows": 17, "Plan Width": 16}]}]}]}]}]}, "Unique SQL Id": 524435555, "Planner Runtime": 17}, "explain_analyze_plan": null}, "(16, 16)": {"explain_plan": {"Plan": {"Node Type": "Aggregate", "Strategy": "Plain", "Startup Cost": 3297.98, "Total Cost": 3297.99, "Plan Rows": 1, "Plan Width": 142, "Plans": [{"Node Type": "Nested Loop", "Parent Relationship": "Outer", "Join Type": "Inner", "Startup Cost": 4.51, "Total Cost": 3296.82, "Plan Rows": 154, "Plan Width": 46, "Inner Unique": true, "Plans": [{"Node Type": "Nested Loop", "Parent Relationship": "Outer", "Join Type": "Inner", "Startup Cost": 4.51, "Total Cost": 2633.25, "Plan Rows": 154, "Plan Width": 33, "Inner Unique": true, "Join Filter": "(ml.link_type_id = lt.id)", "Plans": [{"Node Type": "Nested Loop", "Parent Relationship": "Outer", "Join Type": "Inner", "Startup Cost": 4.51, "Total Cost": 2592.76, "Plan Rows": 154, "Plan Width": 25, "Inner Unique": false, "Plans": [{"Node Type": "Nested Loop", "Parent Relationship": "Outer", "Join Type": "Inner", "Startup Cost": 4.51, "Total Cost": 2579.55, "Plan Rows": 33, "Plan Width": 25, "Inner Unique": true, "Plans": [{"Node Type": "Nested Loop", "Parent Relationship": "Outer", "Join Type": "Inner", "Startup Cost": 4.51, "Total Cost": 2569.02, "Plan Rows": 33, "Plan Width": 4, "Inner Unique": false, "Plans": [{"Node Type": "Seq Scan", "Parent Relationship": "Outer", "Relation Name": "keyword", "Alias": "k", "Startup Cost": 0.0, "Total Cost": 2436.11, "Plan Rows": 1, "Plan Width": 4, "Filter": "((keyword)::text = '10,000-mile-club'::text)"}, {"Node Type": "Bitmap Heap Scan", "Parent Relationship": "Inner", "Relation Name": "movie_keyword", "Alias": "mk", "Startup Cost": 4.51, "Total Cost": 132.58, "Plan Rows": 33, "Plan Width": 8, "Recheck Cond": "(keyword_id = k.id)", "Plans": [{"Node Type": "Bitmap Index Scan", "Parent Relationship": "Outer", "Index Name": "keyword_id_movie_keyword", "Startup Cost": 0.0, "Total Cost": 4.5, "Plan Rows": 33, "Plan Width": 0, "Index Cond": "(keyword_id = k.id)"}]}]}, {"Node Type": "Index Scan", "Parent Relationship": "Inner", "Scan Direction": "Forward", "Index Name": "title_pkey", "Relation Name": "title", "Alias": "t1", "Startup Cost": 0.0, "Total Cost": 0.31, "Plan Rows": 1, "Plan Width": 21, "Index Cond": "(id = mk.movie_id)"}]}, {"Node Type": "Index Scan", "Parent Relationship": "Inner", "Scan Direction": "Forward", "Index Name": "movie_id_movie_link", "Relation Name": "movie_link", "Alias": "ml", "Startup Cost": 0.0, "Total Cost": 0.35, "Plan Rows": 5, "Plan Width": 12, "Index Cond": "(movie_id = t1.id)"}]}, {"Node Type": "Materialize", "Parent Relationship": "Inner", "Startup Cost": 0.0, "Total Cost": 1.25, "Plan Rows": 17, "Plan Width": 16, "Plans": [{"Node Type": "Seq Scan", "Parent Relationship": "Outer", "Relation Name": "link_type", "Alias": "lt", "Startup Cost": 0.0, "Total Cost": 1.17, "Plan Rows": 17, "Plan Width": 16}]}]}, {"Node Type": "Index Scan", "Parent Relationship": "Inner", "Scan Direction": "Forward", "Index Name": "title_pkey", "Relation Name": "title", "Alias": "t2", "Startup Cost": 0.0, "Total Cost": 4.3, "Plan Rows": 1, "Plan Width": 21, "Index Cond": "(id = ml.linked_movie_id)"}]}]}, "Unique SQL Id": 524435555, "Planner Runtime": 11}, "explain_analyze_plan": {"Plan": {"Node Type": "Aggregate", "Strategy": "Plain", "Startup Cost": 3297.98, "Total Cost": 3297.99, "Plan Rows": 1, "Plan Width": 142, "Actual Startup Time": 40.708, "Actual Total Time": 40.708, "Actual Rows": 1, "Actual Loops": 1, "Plans": [{"Node Type": "Nested Loop", "Parent Relationship": "Outer", "Join Type": "Inner", "Startup Cost": 4.51, "Total Cost": 3296.82, "Plan Rows": 154, "Plan Width": 46, "Actual Startup Time": 40.702, "Actual Total Time": 40.702, "Actual Rows": 0, "Actual Loops": 1, "Inner Unique": true, "Plans": [{"Node Type": "Nested Loop", "Parent Relationship": "Outer", "Join Type": "Inner", "Startup Cost": 4.51, "Total Cost": 2633.25, "Plan Rows": 154, "Plan Width": 33, "Actual Startup Time": 40.702, "Actual Total Time": 40.702, "Actual Rows": 0, "Actual Loops": 1, "Inner Unique": true, "Join Filter": "(ml.link_type_id = lt.id)", "Rows Removed by Join Filter": 0, "Plans": [{"Node Type": "Nested Loop", "Parent Relationship": "Outer", "Join Type": "Inner", "Startup Cost": 4.51, "Total Cost": 2592.76, "Plan Rows": 154, "Plan Width": 25, "Actual Startup Time": 40.7, "Actual Total Time": 40.7, "Actual Rows": 0, "Actual Loops": 1, "Inner Unique": false, "Plans": [{"Node Type": "Nested Loop", "Parent Relationship": "Outer", "Join Type": "Inner", "Startup Cost": 4.51, "Total Cost": 2579.55, "Plan Rows": 33, "Plan Width": 25, "Actual Startup Time": 39.825, "Actual Total Time": 40.695, "Actual Rows": 1, "Actual Loops": 1, "Inner Unique": true, "Plans": [{"Node Type": "Nested Loop", "Parent Relationship": "Outer", "Join Type": "Inner", "Startup Cost": 4.51, "Total Cost": 2569.02, "Plan Rows": 33, "Plan Width": 4, "Actual Startup Time": 39.807, "Actual Total Time": 40.676, "Actual Rows": 1, "Actual Loops": 1, "Inner Unique": false, "Plans": [{"Node Type": "Seq Scan", "Parent Relationship": "Outer", "Relation Name": "keyword", "Alias": "k", "Startup Cost": 0.0, "Total Cost": 2436.11, "Plan Rows": 1, "Plan Width": 4, "Actual Startup Time": 39.762, "Actual Total Time": 40.629, "Actual Rows": 1, "Actual Loops": 1, "Filter": "((keyword)::text = '10,000-mile-club'::text)", "Rows Removed by Filter": 134168}, {"Node Type": "Bitmap Heap Scan", "Parent Relationship": "Inner", "Relation Name": "movie_keyword", "Alias": "mk", "Startup Cost": 4.51, "Total Cost": 132.58, "Plan Rows": 33, "Plan Width": 8, "Actual Startup Time": 0.034, "Actual Total Time": 0.035, "Actual Rows": 1, "Actual Loops": 1, "Recheck Cond": "(keyword_id = k.id)", "Rows Removed by Index Recheck": 0, "Exact Heap Blocks": 1, "Lossy Heap Blocks": 1, "Plans": [{"Node Type": "Bitmap Index Scan", "Parent Relationship": "Outer", "Index Name": "keyword_id_movie_keyword", "Startup Cost": 0.0, "Total Cost": 4.5, "Plan Rows": 33, "Plan Width": 0, "Actual Startup Time": 0.021, "Actual Total Time": 0.021, "Actual Rows": 1, "Actual Loops": 1, "Index Cond": "(keyword_id = k.id)"}]}]}, {"Node Type": "Index Scan", "Parent Relationship": "Inner", "Scan Direction": "Forward", "Index Name": "title_pkey", "Relation Name": "title", "Alias": "t1", "Startup Cost": 0.0, "Total Cost": 0.31, "Plan Rows": 1, "Plan Width": 21, "Actual Startup Time": 0.016, "Actual Total Time": 0.016, "Actual Rows": 1, "Actual Loops": 1, "Index Cond": "(id = mk.movie_id)", "Rows Removed by Index Recheck": 0}]}, {"Node Type": "Index Scan", "Parent Relationship": "Inner", "Scan Direction": "Forward", "Index Name": "movie_id_movie_link", "Relation Name": "movie_link", "Alias": "ml", "Startup Cost": 0.0, "Total Cost": 0.35, "Plan Rows": 5, "Plan Width": 12, "Actual Startup Time": 0.003, "Actual Total Time": 0.003, "Actual Rows": 0, "Actual Loops": 1, "Index Cond": "(movie_id = t1.id)", "Rows Removed by Index Recheck": 0}]}, {"Node Type": "Materialize", "Parent Relationship": "Inner", "Startup Cost": 0.0, "Total Cost": 1.25, "Plan Rows": 17, "Plan Width": 16, "Actual Startup Time": 0.0, "Actual Total Time": 0.0, "Plans": [{"Node Type": "Seq Scan", "Parent Relationship": "Outer", "Relation Name": "link_type", "Alias": "lt", "Startup Cost": 0.0, "Total Cost": 1.17, "Plan Rows": 17, "Plan Width": 16, "Actual Startup Time": 0.0, "Actual Total Time": 0.0}]}]}, {"Node Type": "Index Scan", "Parent Relationship": "Inner", "Scan Direction": "Forward", "Index Name": "title_pkey", "Relation Name": "title", "Alias": "t2", "Startup Cost": 0.0, "Total Cost": 4.3, "Plan Rows": 1, "Plan Width": 21, "Actual Startup Time": 0.0, "Actual Total Time": 0.0, "Index Cond": "(id = ml.linked_movie_id)", "Rows Removed by Index Recheck": 0}]}]}, "Triggers": [], "Planner Runtime": 3, "Total Runtime": 40.931, "Unique SQL Id": 524435555}}, "(16, 17)": {"explain_plan": {"Plan": {"Node Type": "Aggregate", "Strategy": "Plain", "Startup Cost": 4047.28, "Total Cost": 4047.29, "Plan Rows": 1, "Plan Width": 142, "Plans": [{"Node Type": "Nested Loop", "Parent Relationship": "Outer", "Join Type": "Inner", "Startup Cost": 4.51, "Total Cost": 4046.12, "Plan Rows": 154, "Plan Width": 46, "Inner Unique": true, "Plans": [{"Node Type": "Nested Loop", "Parent Relationship": "Outer", "Join Type": "Inner", "Startup Cost": 4.51, "Total Cost": 3382.55, "Plan Rows": 154, "Plan Width": 33, "Inner Unique": true, "Plans": [{"Node Type": "Nested Loop", "Parent Relationship": "Outer", "Join Type": "Inner", "Startup Cost": 4.51, "Total Cost": 3339.37, "Plan Rows": 154, "Plan Width": 25, "Inner Unique": false, "Plans": [{"Node Type": "Nested Loop", "Parent Relationship": "Outer", "Join Type": "Inner", "Startup Cost": 4.51, "Total Cost": 3326.15, "Plan Rows": 33, "Plan Width": 25, "Inner Unique": true, "Plans": [{"Node Type": "Nested Loop", "Parent Relationship": "Outer", "Join Type": "Inner", "Startup Cost": 4.51, "Total Cost": 3315.63, "Plan Rows": 33, "Plan Width": 4, "Inner Unique": false, "Plans": [{"Node Type": "Index Scan", "Parent Relationship": "Outer", "Scan Direction": "Forward", "Index Name": "keyword_pkey", "Relation Name": "keyword", "Alias": "k", "Startup Cost": 0.0, "Total Cost": 3182.72, "Plan Rows": 1, "Plan Width": 4, "Filter": "((keyword)::text = '10,000-mile-club'::text)"}, {"Node Type": "Bitmap Heap Scan", "Parent Relationship": "Inner", "Relation Name": "movie_keyword", "Alias": "mk", "Startup Cost": 4.51, "Total Cost": 132.58, "Plan Rows": 33, "Plan Width": 8, "Recheck Cond": "(keyword_id = k.id)", "Plans": [{"Node Type": "Bitmap Index Scan", "Parent Relationship": "Outer", "Index Name": "keyword_id_movie_keyword", "Startup Cost": 0.0, "Total Cost": 4.5, "Plan Rows": 33, "Plan Width": 0, "Index Cond": "(keyword_id = k.id)"}]}]}, {"Node Type": "Index Scan", "Parent Relationship": "Inner", "Scan Direction": "Forward", "Index Name": "title_pkey", "Relation Name": "title", "Alias": "t1", "Startup Cost": 0.0, "Total Cost": 0.31, "Plan Rows": 1, "Plan Width": 21, "Index Cond": "(id = mk.movie_id)"}]}, {"Node Type": "Index Scan", "Parent Relationship": "Inner", "Scan Direction": "Forward", "Index Name": "movie_id_movie_link", "Relation Name": "movie_link", "Alias": "ml", "Startup Cost": 0.0, "Total Cost": 0.35, "Plan Rows": 5, "Plan Width": 12, "Index Cond": "(movie_id = t1.id)"}]}, {"Node Type": "Index Scan", "Parent Relationship": "Inner", "Scan Direction": "Forward", "Index Name": "link_type_pkey", "Relation Name": "link_type", "Alias": "lt", "Startup Cost": 0.0, "Total Cost": 0.27, "Plan Rows": 1, "Plan Width": 16, "Index Cond": "(id = ml.link_type_id)"}]}, {"Node Type": "Index Scan", "Parent Relationship": "Inner", "Scan Direction": "Forward", "Index Name": "title_pkey", "Relation Name": "title", "Alias": "t2", "Startup Cost": 0.0, "Total Cost": 4.3, "Plan Rows": 1, "Plan Width": 21, "Index Cond": "(id = ml.linked_movie_id)"}]}]}, "Unique SQL Id": 524435555, "Planner Runtime": 11}, "explain_analyze_plan": {"Plan": {"Node Type": "Aggregate", "Strategy": "Plain", "Startup Cost": 4047.28, "Total Cost": 4047.29, "Plan Rows": 1, "Plan Width": 142, "Actual Startup Time": 114.966, "Actual Total Time": 114.966, "Actual Rows": 1, "Actual Loops": 1, "Plans": [{"Node Type": "Nested Loop", "Parent Relationship": "Outer", "Join Type": "Inner", "Startup Cost": 4.51, "Total Cost": 4046.12, "Plan Rows": 154, "Plan Width": 46, "Actual Startup Time": 114.961, "Actual Total Time": 114.961, "Actual Rows": 0, "Actual Loops": 1, "Inner Unique": true, "Plans": [{"Node Type": "Nested Loop", "Parent Relationship": "Outer", "Join Type": "Inner", "Startup Cost": 4.51, "Total Cost": 3382.55, "Plan Rows": 154, "Plan Width": 33, "Actual Startup Time": 114.959, "Actual Total Time": 114.959, "Actual Rows": 0, "Actual Loops": 1, "Inner Unique": true, "Plans": [{"Node Type": "Nested Loop", "Parent Relationship": "Outer", "Join Type": "Inner", "Startup Cost": 4.51, "Total Cost": 3339.37, "Plan Rows": 154, "Plan Width": 25, "Actual Startup Time": 114.959, "Actual Total Time": 114.959, "Actual Rows": 0, "Actual Loops": 1, "Inner Unique": false, "Plans": [{"Node Type": "Nested Loop", "Parent Relationship": "Outer", "Join Type": "Inner", "Startup Cost": 4.51, "Total Cost": 3326.15, "Plan Rows": 33, "Plan Width": 25, "Actual Startup Time": 113.082, "Actual Total Time": 114.952, "Actual Rows": 1, "Actual Loops": 1, "Inner Unique": true, "Plans": [{"Node Type": "Nested Loop", "Parent Relationship": "Outer", "Join Type": "Inner", "Startup Cost": 4.51, "Total Cost": 3315.63, "Plan Rows": 33, "Plan Width": 4, "Actual Startup Time": 113.064, "Actual Total Time": 114.934, "Actual Rows": 1, "Actual Loops": 1, "Inner Unique": false, "Plans": [{"Node Type": "Index Scan", "Parent Relationship": "Outer", "Scan Direction": "Forward", "Index Name": "keyword_pkey", "Relation Name": "keyword", "Alias": "k", "Startup Cost": 0.0, "Total Cost": 3182.72, "Plan Rows": 1, "Plan Width": 4, "Actual Startup Time": 113.017, "Actual Total Time": 114.885, "Actual Rows": 1, "Actual Loops": 1, "Filter": "((keyword)::text = '10,000-mile-club'::text)", "Rows Removed by Filter": 134168}, {"Node Type": "Bitmap Heap Scan", "Parent Relationship": "Inner", "Relation Name": "movie_keyword", "Alias": "mk", "Startup Cost": 4.51, "Total Cost": 132.58, "Plan Rows": 33, "Plan Width": 8, "Actual Startup Time": 0.031, "Actual Total Time": 0.031, "Actual Rows": 1, "Actual Loops": 1, "Recheck Cond": "(keyword_id = k.id)", "Rows Removed by Index Recheck": 0, "Exact Heap Blocks": 1, "Lossy Heap Blocks": 1, "Plans": [{"Node Type": "Bitmap Index Scan", "Parent Relationship": "Outer", "Index Name": "keyword_id_movie_keyword", "Startup Cost": 0.0, "Total Cost": 4.5, "Plan Rows": 33, "Plan Width": 0, "Actual Startup Time": 0.02, "Actual Total Time": 0.02, "Actual Rows": 1, "Actual Loops": 1, "Index Cond": "(keyword_id = k.id)"}]}]}, {"Node Type": "Index Scan", "Parent Relationship": "Inner", "Scan Direction": "Forward", "Index Name": "title_pkey", "Relation Name": "title", "Alias": "t1", "Startup Cost": 0.0, "Total Cost": 0.31, "Plan Rows": 1, "Plan Width": 21, "Actual Startup Time": 0.014, "Actual Total Time": 0.014, "Actual Rows": 1, "Actual Loops": 1, "Index Cond": "(id = mk.movie_id)", "Rows Removed by Index Recheck": 0}]}, {"Node Type": "Index Scan", "Parent Relationship": "Inner", "Scan Direction": "Forward", "Index Name": "movie_id_movie_link", "Relation Name": "movie_link", "Alias": "ml", "Startup Cost": 0.0, "Total Cost": 0.35, "Plan Rows": 5, "Plan Width": 12, "Actual Startup Time": 0.004, "Actual Total Time": 0.004, "Actual Rows": 0, "Actual Loops": 1, "Index Cond": "(movie_id = t1.id)", "Rows Removed by Index Recheck": 0}]}, {"Node Type": "Index Scan", "Parent Relationship": "Inner", "Scan Direction": "Forward", "Index Name": "link_type_pkey", "Relation Name": "link_type", "Alias": "lt", "Startup Cost": 0.0, "Total Cost": 0.27, "Plan Rows": 1, "Plan Width": 16, "Actual Startup Time": 0.0, "Actual Total Time": 0.0, "Index Cond": "(id = ml.link_type_id)", "Rows Removed by Index Recheck": 0}]}, {"Node Type": "Index Scan", "Parent Relationship": "Inner", "Scan Direction": "Forward", "Index Name": "title_pkey", "Relation Name": "title", "Alias": "t2", "Startup Cost": 0.0, "Total Cost": 4.3, "Plan Rows": 1, "Plan Width": 21, "Actual Startup Time": 0.0, "Actual Total Time": 0.0, "Index Cond": "(id = ml.linked_movie_id)", "Rows Removed by Index Recheck": 0}]}]}, "Triggers": [], "Planner Runtime": 3, "Total Runtime": 115.218, "Unique SQL Id": 524435555}}, "(16, 18)": {"explain_plan": {"Plan": {"Node Type": "Aggregate", "Strategy": "Plain", "Startup Cost": 3747.02, "Total Cost": 3747.03, "Plan Rows": 1, "Plan Width": 142, "Plans": [{"Node Type": "Nested Loop", "Parent Relationship": "Outer", "Join Type": "Inner", "Startup Cost": 6.55, "Total Cost": 3745.86, "Plan Rows": 154, "Plan Width": 46, "Inner Unique": true, "Plans": [{"Node Type": "Nested Loop", "Parent Relationship": "Outer", "Join Type": "Inner", "Startup Cost": 5.06, "Total Cost": 2896.68, "Plan Rows": 154, "Plan Width": 33, "Inner Unique": true, "Join Filter": "(ml.link_type_id = lt.id)", "Plans": [{"Node Type": "Nested Loop", "Parent Relationship": "Outer", "Join Type": "Inner", "Startup Cost": 5.06, "Total Cost": 2856.2, "Plan Rows": 154, "Plan Width": 25, "Inner Unique": false, "Join Filter": "(t1.id = ml.movie_id)", "Plans": [{"Node Type": "Nested Loop", "Parent Relationship": "Outer", "Join Type": "Inner", "Startup Cost": 4.77, "Total Cost": 2710.54, "Plan Rows": 33, "Plan Width": 25, "Inner Unique": true, "Plans": [{"Node Type": "Nested Loop", "Parent Relationship": "Outer", "Join Type": "Inner", "Startup Cost": 4.51, "Total Cost": 2569.02, "Plan Rows": 33, "Plan Width": 4, "Inner Unique": false, "Plans": [{"Node Type": "Seq Scan", "Parent Relationship": "Outer", "Relation Name": "keyword", "Alias": "k", "Startup Cost": 0.0, "Total Cost": 2436.11, "Plan Rows": 1, "Plan Width": 4, "Filter": "((keyword)::text = '10,000-mile-club'::text)"}, {"Node Type": "Bitmap Heap Scan", "Parent Relationship": "Inner", "Relation Name": "movie_keyword", "Alias": "mk", "Startup Cost": 4.51, "Total Cost": 132.58, "Plan Rows": 33, "Plan Width": 8, "Recheck Cond": "(keyword_id = k.id)", "Plans": [{"Node Type": "Bitmap Index Scan", "Parent Relationship": "Outer", "Index Name": "keyword_id_movie_keyword", "Startup Cost": 0.0, "Total Cost": 4.5, "Plan Rows": 33, "Plan Width": 0, "Index Cond": "(keyword_id = k.id)"}]}]}, {"Node Type": "Bitmap Heap Scan", "Parent Relationship": "Inner", "Relation Name": "title", "Alias": "t1", "Startup Cost": 0.27, "Total Cost": 4.28, "Plan Rows": 1, "Plan Width": 21, "Recheck Cond": "(id = mk.movie_id)", "Plans": [{"Node Type": "Bitmap Index Scan", "Parent Relationship": "Outer", "Index Name": "title_pkey", "Startup Cost": 0.0, "Total Cost": 0.27, "Plan Rows": 1, "Plan Width": 0, "Index Cond": "(id = mk.movie_id)"}]}]}, {"Node Type": "Bitmap Heap Scan", "Parent Relationship": "Inner", "Relation Name": "movie_link", "Alias": "ml", "Startup Cost": 0.29, "Total Cost": 4.35, "Plan Rows": 5, "Plan Width": 12, "Recheck Cond": "(movie_id = mk.movie_id)", "Plans": [{"Node Type": "Bitmap Index Scan", "Parent Relationship": "Outer", "Index Name": "movie_id_movie_link", "Startup Cost": 0.0, "Total Cost": 0.29, "Plan Rows": 5, "Plan Width": 0, "Index Cond": "(movie_id = mk.movie_id)"}]}]}, {"Node Type": "Materialize", "Parent Relationship": "Inner", "Startup Cost": 0.0, "Total Cost": 1.25, "Plan Rows": 17, "Plan Width": 16, "Plans": [{"Node Type": "Seq Scan", "Parent Relationship": "Outer", "Relation Name": "link_type", "Alias": "lt", "Startup Cost": 0.0, "Total Cost": 1.17, "Plan Rows": 17, "Plan Width": 16}]}]}, {"Node Type": "Bitmap Heap Scan", "Parent Relationship": "Inner", "Relation Name": "title", "Alias": "t2", "Startup Cost": 1.49, "Total Cost": 5.5, "Plan Rows": 1, "Plan Width": 21, "Recheck Cond": "(id = ml.linked_movie_id)", "Plans": [{"Node Type": "Bitmap Index Scan", "Parent Relationship": "Outer", "Index Name": "title_pkey", "Startup Cost": 0.0, "Total Cost": 1.49, "Plan Rows": 1, "Plan Width": 0, "Index Cond": "(id = ml.linked_movie_id)"}]}]}]}, "Unique SQL Id": 524435555, "Planner Runtime": 11}, "explain_analyze_plan": {"Plan": {"Node Type": "Aggregate", "Strategy": "Plain", "Startup Cost": 3747.02, "Total Cost": 3747.03, "Plan Rows": 1, "Plan Width": 142, "Actual Startup Time": 40.652, "Actual Total Time": 40.652, "Actual Rows": 1, "Actual Loops": 1, "Plans": [{"Node Type": "Nested Loop", "Parent Relationship": "Outer", "Join Type": "Inner", "Startup Cost": 6.55, "Total Cost": 3745.86, "Plan Rows": 154, "Plan Width": 46, "Actual Startup Time": 40.647, "Actual Total Time": 40.647, "Actual Rows": 0, "Actual Loops": 1, "Inner Unique": true, "Plans": [{"Node Type": "Nested Loop", "Parent Relationship": "Outer", "Join Type": "Inner", "Startup Cost": 5.06, "Total Cost": 2896.68, "Plan Rows": 154, "Plan Width": 33, "Actual Startup Time": 40.646, "Actual Total Time": 40.646, "Actual Rows": 0, "Actual Loops": 1, "Inner Unique": true, "Join Filter": "(ml.link_type_id = lt.id)", "Rows Removed by Join Filter": 0, "Plans": [{"Node Type": "Nested Loop", "Parent Relationship": "Outer", "Join Type": "Inner", "Startup Cost": 5.06, "Total Cost": 2856.2, "Plan Rows": 154, "Plan Width": 25, "Actual Startup Time": 40.645, "Actual Total Time": 40.645, "Actual Rows": 0, "Actual Loops": 1, "Inner Unique": false, "Join Filter": "(t1.id = ml.movie_id)", "Rows Removed by Join Filter": 0, "Plans": [{"Node Type": "Nested Loop", "Parent Relationship": "Outer", "Join Type": "Inner", "Startup Cost": 4.77, "Total Cost": 2710.54, "Plan Rows": 33, "Plan Width": 25, "Actual Startup Time": 39.766, "Actual Total Time": 40.634, "Actual Rows": 1, "Actual Loops": 1, "Inner Unique": true, "Plans": [{"Node Type": "Nested Loop", "Parent Relationship": "Outer", "Join Type": "Inner", "Startup Cost": 4.51, "Total Cost": 2569.02, "Plan Rows": 33, "Plan Width": 4, "Actual Startup Time": 39.749, "Actual Total Time": 40.617, "Actual Rows": 1, "Actual Loops": 1, "Inner Unique": false, "Plans": [{"Node Type": "Seq Scan", "Parent Relationship": "Outer", "Relation Name": "keyword", "Alias": "k", "Startup Cost": 0.0, "Total Cost": 2436.11, "Plan Rows": 1, "Plan Width": 4, "Actual Startup Time": 39.706, "Actual Total Time": 40.572, "Actual Rows": 1, "Actual Loops": 1, "Filter": "((keyword)::text = '10,000-mile-club'::text)", "Rows Removed by Filter": 134168}, {"Node Type": "Bitmap Heap Scan", "Parent Relationship": "Inner", "Relation Name": "movie_keyword", "Alias": "mk", "Startup Cost": 4.51, "Total Cost": 132.58, "Plan Rows": 33, "Plan Width": 8, "Actual Startup Time": 0.032, "Actual Total Time": 0.032, "Actual Rows": 1, "Actual Loops": 1, "Recheck Cond": "(keyword_id = k.id)", "Rows Removed by Index Recheck": 0, "Exact Heap Blocks": 1, "Lossy Heap Blocks": 1, "Plans": [{"Node Type": "Bitmap Index Scan", "Parent Relationship": "Outer", "Index Name": "keyword_id_movie_keyword", "Startup Cost": 0.0, "Total Cost": 4.5, "Plan Rows": 33, "Plan Width": 0, "Actual Startup Time": 0.02, "Actual Total Time": 0.02, "Actual Rows": 1, "Actual Loops": 1, "Index Cond": "(keyword_id = k.id)"}]}]}, {"Node Type": "Bitmap Heap Scan", "Parent Relationship": "Inner", "Relation Name": "title", "Alias": "t1", "Startup Cost": 0.27, "Total Cost": 4.28, "Plan Rows": 1, "Plan Width": 21, "Actual Startup Time": 0.013, "Actual Total Time": 0.013, "Actual Rows": 1, "Actual Loops": 1, "Recheck Cond": "(id = mk.movie_id)", "Rows Removed by Index Recheck": 0, "Exact Heap Blocks": 1, "Lossy Heap Blocks": 1, "Plans": [{"Node Type": "Bitmap Index Scan", "Parent Relationship": "Outer", "Index Name": "title_pkey", "Startup Cost": 0.0, "Total Cost": 0.27, "Plan Rows": 1, "Plan Width": 0, "Actual Startup Time": 0.009, "Actual Total Time": 0.009, "Actual Rows": 1, "Actual Loops": 1, "Index Cond": "(id = mk.movie_id)"}]}]}, {"Node Type": "Bitmap Heap Scan", "Parent Relationship": "Inner", "Relation Name": "movie_link", "Alias": "ml", "Startup Cost": 0.29, "Total Cost": 4.35, "Plan Rows": 5, "Plan Width": 12, "Actual Startup Time": 0.007, "Actual Total Time": 0.007, "Actual Rows": 0, "Actual Loops": 1, "Recheck Cond": "(movie_id = mk.movie_id)", "Rows Removed by Index Recheck": 0, "Exact Heap Blocks": 0, "Lossy Heap Blocks": 0, "Plans": [{"Node Type": "Bitmap Index Scan", "Parent Relationship": "Outer", "Index Name": "movie_id_movie_link", "Startup Cost": 0.0, "Total Cost": 0.29, "Plan Rows": 5, "Plan Width": 0, "Actual Startup Time": 0.003, "Actual Total Time": 0.003, "Actual Rows": 0, "Actual Loops": 1, "Index Cond": "(movie_id = mk.movie_id)"}]}]}, {"Node Type": "Materialize", "Parent Relationship": "Inner", "Startup Cost": 0.0, "Total Cost": 1.25, "Plan Rows": 17, "Plan Width": 16, "Actual Startup Time": 0.0, "Actual Total Time": 0.0, "Plans": [{"Node Type": "Seq Scan", "Parent Relationship": "Outer", "Relation Name": "link_type", "Alias": "lt", "Startup Cost": 0.0, "Total Cost": 1.17, "Plan Rows": 17, "Plan Width": 16, "Actual Startup Time": 0.0, "Actual Total Time": 0.0}]}]}, {"Node Type": "Bitmap Heap Scan", "Parent Relationship": "Inner", "Relation Name": "title", "Alias": "t2", "Startup Cost": 1.49, "Total Cost": 5.5, "Plan Rows": 1, "Plan Width": 21, "Actual Startup Time": 0.0, "Actual Total Time": 0.0, "Recheck Cond": "(id = ml.linked_movie_id)", "Rows Removed by Index Recheck": 0, "Exact Heap Blocks": 0, "Lossy Heap Blocks": 0, "Plans": [{"Node Type": "Bitmap Index Scan", "Parent Relationship": "Outer", "Index Name": "title_pkey", "Startup Cost": 0.0, "Total Cost": 1.49, "Plan Rows": 1, "Plan Width": 0, "Actual Startup Time": 0.0, "Actual Total Time": 0.0, "Index Cond": "(id = ml.linked_movie_id)"}]}]}]}, "Triggers": [], "Planner Runtime": 7, "Total Runtime": 40.898, "Unique SQL Id": 524435555}}, "(16, 19)": {"explain_plan": {"Plan": {"Node Type": "Aggregate", "Strategy": "Plain", "Startup Cost": 4477.45, "Total Cost": 4477.46, "Plan Rows": 1, "Plan Width": 142, "Plans": [{"Node Type": "Nested Loop", "Parent Relationship": "Outer", "Join Type": "Inner", "Startup Cost": 733.99, "Total Cost": 4476.3, "Plan Rows": 154, "Plan Width": 46, "Inner Unique": true, "Plans": [{"Node Type": "Nested Loop", "Parent Relationship": "Outer", "Join Type": "Inner", "Startup Cost": 732.5, "Total Cost": 3627.12, "Plan Rows": 154, "Plan Width": 33, "Inner Unique": true, "Join Filter": "(ml.link_type_id = lt.id)", "Plans": [{"Node Type": "Nested Loop", "Parent Relationship": "Outer", "Join Type": "Inner", "Startup Cost": 724.16, "Total Cost": 3575.3, "Plan Rows": 154, "Plan Width": 25, "Inner Unique": false, "Join Filter": "(t1.id = ml.movie_id)", "Plans": [{"Node Type": "Nested Loop", "Parent Relationship": "Outer", "Join Type": "Inner", "Startup Cost": 723.87, "Total Cost": 3429.64, "Plan Rows": 33, "Plan Width": 25, "Inner Unique": true, "Plans": [{"Node Type": "Nested Loop", "Parent Relationship": "Outer", "Join Type": "Inner", "Startup Cost": 723.6, "Total Cost": 3288.12, "Plan Rows": 33, "Plan Width": 4, "Inner Unique": false, "Plans": [{"Node Type": "Bitmap Heap Scan", "Parent Relationship": "Outer", "Relation Name": "keyword", "Alias": "k", "Startup Cost": 719.1, "Total Cost": 3155.21, "Plan Rows": 1, "Plan Width": 4, "Filter": "((keyword)::text = '10,000-mile-club'::text)", "Plans": [{"Node Type": "Bitmap Index Scan", "Parent Relationship": "Outer", "Index Name": "keyword_pkey", "Startup Cost": 0.0, "Total Cost": 719.1, "Plan Rows": 134169, "Plan Width": 0}]}, {"Node Type": "Bitmap Heap Scan", "Parent Relationship": "Inner", "Relation Name": "movie_keyword", "Alias": "mk", "Startup Cost": 4.51, "Total Cost": 132.58, "Plan Rows": 33, "Plan Width": 8, "Recheck Cond": "(keyword_id = k.id)", "Plans": [{"Node Type": "Bitmap Index Scan", "Parent Relationship": "Outer", "Index Name": "keyword_id_movie_keyword", "Startup Cost": 0.0, "Total Cost": 4.5, "Plan Rows": 33, "Plan Width": 0, "Index Cond": "(keyword_id = k.id)"}]}]}, {"Node Type": "Bitmap Heap Scan", "Parent Relationship": "Inner", "Relation Name": "title", "Alias": "t1", "Startup Cost": 0.27, "Total Cost": 4.28, "Plan Rows": 1, "Plan Width": 21, "Recheck Cond": "(id = mk.movie_id)", "Plans": [{"Node Type": "Bitmap Index Scan", "Parent Relationship": "Outer", "Index Name": "title_pkey", "Startup Cost": 0.0, "Total Cost": 0.27, "Plan Rows": 1, "Plan Width": 0, "Index Cond": "(id = mk.movie_id)"}]}]}, {"Node Type": "Bitmap Heap Scan", "Parent Relationship": "Inner", "Relation Name": "movie_link", "Alias": "ml", "Startup Cost": 0.29, "Total Cost": 4.35, "Plan Rows": 5, "Plan Width": 12, "Recheck Cond": "(movie_id = mk.movie_id)", "Plans": [{"Node Type": "Bitmap Index Scan", "Parent Relationship": "Outer", "Index Name": "movie_id_movie_link", "Startup Cost": 0.0, "Total Cost": 0.29, "Plan Rows": 5, "Plan Width": 0, "Index Cond": "(movie_id = mk.movie_id)"}]}]}, {"Node Type": "Materialize", "Parent Relationship": "Inner", "Startup Cost": 8.34, "Total Cost": 12.59, "Plan Rows": 17, "Plan Width": 16, "Plans": [{"Node Type": "Bitmap Heap Scan", "Parent Relationship": "Outer", "Relation Name": "link_type", "Alias": "lt", "Startup Cost": 8.34, "Total Cost": 12.51, "Plan Rows": 17, "Plan Width": 16, "Plans": [{"Node Type": "Bitmap Index Scan", "Parent Relationship": "Outer", "Index Name": "link_type_pkey", "Startup Cost": 0.0, "Total Cost": 8.34, "Plan Rows": 17, "Plan Width": 0}]}]}]}, {"Node Type": "Bitmap Heap Scan", "Parent Relationship": "Inner", "Relation Name": "title", "Alias": "t2", "Startup Cost": 1.49, "Total Cost": 5.5, "Plan Rows": 1, "Plan Width": 21, "Recheck Cond": "(id = ml.linked_movie_id)", "Plans": [{"Node Type": "Bitmap Index Scan", "Parent Relationship": "Outer", "Index Name": "title_pkey", "Startup Cost": 0.0, "Total Cost": 1.49, "Plan Rows": 1, "Plan Width": 0, "Index Cond": "(id = ml.linked_movie_id)"}]}]}]}, "Unique SQL Id": 524435555, "Planner Runtime": 7}, "explain_analyze_plan": {"Plan": {"Node Type": "Aggregate", "Strategy": "Plain", "Startup Cost": 4477.45, "Total Cost": 4477.46, "Plan Rows": 1, "Plan Width": 142, "Actual Startup Time": 62.41, "Actual Total Time": 62.41, "Actual Rows": 1, "Actual Loops": 1, "Plans": [{"Node Type": "Nested Loop", "Parent Relationship": "Outer", "Join Type": "Inner", "Startup Cost": 733.99, "Total Cost": 4476.3, "Plan Rows": 154, "Plan Width": 46, "Actual Startup Time": 62.405, "Actual Total Time": 62.405, "Actual Rows": 0, "Actual Loops": 1, "Inner Unique": true, "Plans": [{"Node Type": "Nested Loop", "Parent Relationship": "Outer", "Join Type": "Inner", "Startup Cost": 732.5, "Total Cost": 3627.12, "Plan Rows": 154, "Plan Width": 33, "Actual Startup Time": 62.405, "Actual Total Time": 62.405, "Actual Rows": 0, "Actual Loops": 1, "Inner Unique": true, "Join Filter": "(ml.link_type_id = lt.id)", "Rows Removed by Join Filter": 0, "Plans": [{"Node Type": "Nested Loop", "Parent Relationship": "Outer", "Join Type": "Inner", "Startup Cost": 724.16, "Total Cost": 3575.3, "Plan Rows": 154, "Plan Width": 25, "Actual Startup Time": 62.403, "Actual Total Time": 62.403, "Actual Rows": 0, "Actual Loops": 1, "Inner Unique": false, "Join Filter": "(t1.id = ml.movie_id)", "Rows Removed by Join Filter": 0, "Plans": [{"Node Type": "Nested Loop", "Parent Relationship": "Outer", "Join Type": "Inner", "Startup Cost": 723.87, "Total Cost": 3429.64, "Plan Rows": 33, "Plan Width": 25, "Actual Startup Time": 61.321, "Actual Total Time": 62.394, "Actual Rows": 1, "Actual Loops": 1, "Inner Unique": true, "Plans": [{"Node Type": "Nested Loop", "Parent Relationship": "Outer", "Join Type": "Inner", "Startup Cost": 723.6, "Total Cost": 3288.12, "Plan Rows": 33, "Plan Width": 4, "Actual Startup Time": 61.3, "Actual Total Time": 62.373, "Actual Rows": 1, "Actual Loops": 1, "Inner Unique": false, "Plans": [{"Node Type": "Bitmap Heap Scan", "Parent Relationship": "Outer", "Relation Name": "keyword", "Alias": "k", "Startup Cost": 719.1, "Total Cost": 3155.21, "Plan Rows": 1, "Plan Width": 4, "Actual Startup Time": 61.255, "Actual Total Time": 62.326, "Actual Rows": 1, "Actual Loops": 1, "Filter": "((keyword)::text = '10,000-mile-club'::text)", "Rows Removed by Filter": 134168, "Exact Heap Blocks": 759, "Lossy Heap Blocks": 759, "Plans": [{"Node Type": "Bitmap Index Scan", "Parent Relationship": "Outer", "Index Name": "keyword_pkey", "Startup Cost": 0.0, "Total Cost": 719.1, "Plan Rows": 134169, "Plan Width": 0, "Actual Startup Time": 11.477, "Actual Total Time": 11.477, "Actual Rows": 134169, "Actual Loops": 1}]}, {"Node Type": "Bitmap Heap Scan", "Parent Relationship": "Inner", "Relation Name": "movie_keyword", "Alias": "mk", "Startup Cost": 4.51, "Total Cost": 132.58, "Plan Rows": 33, "Plan Width": 8, "Actual Startup Time": 0.03, "Actual Total Time": 0.03, "Actual Rows": 1, "Actual Loops": 1, "Recheck Cond": "(keyword_id = k.id)", "Rows Removed by Index Recheck": 0, "Exact Heap Blocks": 1, "Lossy Heap Blocks": 1, "Plans": [{"Node Type": "Bitmap Index Scan", "Parent Relationship": "Outer", "Index Name": "keyword_id_movie_keyword", "Startup Cost": 0.0, "Total Cost": 4.5, "Plan Rows": 33, "Plan Width": 0, "Actual Startup Time": 0.019, "Actual Total Time": 0.019, "Actual Rows": 1, "Actual Loops": 1, "Index Cond": "(keyword_id = k.id)"}]}]}, {"Node Type": "Bitmap Heap Scan", "Parent Relationship": "Inner", "Relation Name": "title", "Alias": "t1", "Startup Cost": 0.27, "Total Cost": 4.28, "Plan Rows": 1, "Plan Width": 21, "Actual Startup Time": 0.015, "Actual Total Time": 0.015, "Actual Rows": 1, "Actual Loops": 1, "Recheck Cond": "(id = mk.movie_id)", "Rows Removed by Index Recheck": 0, "Exact Heap Blocks": 1, "Lossy Heap Blocks": 1, "Plans": [{"Node Type": "Bitmap Index Scan", "Parent Relationship": "Outer", "Index Name": "title_pkey", "Startup Cost": 0.0, "Total Cost": 0.27, "Plan Rows": 1, "Plan Width": 0, "Actual Startup Time": 0.011, "Actual Total Time": 0.011, "Actual Rows": 1, "Actual Loops": 1, "Index Cond": "(id = mk.movie_id)"}]}]}, {"Node Type": "Bitmap Heap Scan", "Parent Relationship": "Inner", "Relation Name": "movie_link", "Alias": "ml", "Startup Cost": 0.29, "Total Cost": 4.35, "Plan Rows": 5, "Plan Width": 12, "Actual Startup Time": 0.006, "Actual Total Time": 0.006, "Actual Rows": 0, "Actual Loops": 1, "Recheck Cond": "(movie_id = mk.movie_id)", "Rows Removed by Index Recheck": 0, "Exact Heap Blocks": 0, "Lossy Heap Blocks": 0, "Plans": [{"Node Type": "Bitmap Index Scan", "Parent Relationship": "Outer", "Index Name": "movie_id_movie_link", "Startup Cost": 0.0, "Total Cost": 0.29, "Plan Rows": 5, "Plan Width": 0, "Actual Startup Time": 0.003, "Actual Total Time": 0.003, "Actual Rows": 0, "Actual Loops": 1, "Index Cond": "(movie_id = mk.movie_id)"}]}]}, {"Node Type": "Materialize", "Parent Relationship": "Inner", "Startup Cost": 8.34, "Total Cost": 12.59, "Plan Rows": 17, "Plan Width": 16, "Actual Startup Time": 0.0, "Actual Total Time": 0.0, "Plans": [{"Node Type": "Bitmap Heap Scan", "Parent Relationship": "Outer", "Relation Name": "link_type", "Alias": "lt", "Startup Cost": 8.34, "Total Cost": 12.51, "Plan Rows": 17, "Plan Width": 16, "Actual Startup Time": 0.0, "Actual Total Time": 0.0, "Exact Heap Blocks": 0, "Lossy Heap Blocks": 0, "Plans": [{"Node Type": "Bitmap Index Scan", "Parent Relationship": "Outer", "Index Name": "link_type_pkey", "Startup Cost": 0.0, "Total Cost": 8.34, "Plan Rows": 17, "Plan Width": 0, "Actual Startup Time": 0.0, "Actual Total Time": 0.0}]}]}]}, {"Node Type": "Bitmap Heap Scan", "Parent Relationship": "Inner", "Relation Name": "title", "Alias": "t2", "Startup Cost": 1.49, "Total Cost": 5.5, "Plan Rows": 1, "Plan Width": 21, "Actual Startup Time": 0.0, "Actual Total Time": 0.0, "Recheck Cond": "(id = ml.linked_movie_id)", "Rows Removed by Index Recheck": 0, "Exact Heap Blocks": 0, "Lossy Heap Blocks": 0, "Plans": [{"Node Type": "Bitmap Index Scan", "Parent Relationship": "Outer", "Index Name": "title_pkey", "Startup Cost": 0.0, "Total Cost": 1.49, "Plan Rows": 1, "Plan Width": 0, "Actual Startup Time": 0.0, "Actual Total Time": 0.0, "Index Cond": "(id = ml.linked_movie_id)"}]}]}]}, "Triggers": [], "Planner Runtime": 3, "Total Runtime": 62.679, "Unique SQL Id": 524435555}}, "(16, 20)": {"explain_plan": {"Plan": {"Node Type": "Aggregate", "Strategy": "Plain", "Startup Cost": 3297.98, "Total Cost": 3297.99, "Plan Rows": 1, "Plan Width": 142, "Plans": [{"Node Type": "Nested Loop", "Parent Relationship": "Outer", "Join Type": "Inner", "Startup Cost": 4.51, "Total Cost": 3296.82, "Plan Rows": 154, "Plan Width": 46, "Inner Unique": true, "Plans": [{"Node Type": "Nested Loop", "Parent Relationship": "Outer", "Join Type": "Inner", "Startup Cost": 4.51, "Total Cost": 2633.25, "Plan Rows": 154, "Plan Width": 33, "Inner Unique": true, "Join Filter": "(ml.link_type_id = lt.id)", "Plans": [{"Node Type": "Nested Loop", "Parent Relationship": "Outer", "Join Type": "Inner", "Startup Cost": 4.51, "Total Cost": 2592.76, "Plan Rows": 154, "Plan Width": 25, "Inner Unique": false, "Plans": [{"Node Type": "Nested Loop", "Parent Relationship": "Outer", "Join Type": "Inner", "Startup Cost": 4.51, "Total Cost": 2579.55, "Plan Rows": 33, "Plan Width": 25, "Inner Unique": true, "Plans": [{"Node Type": "Nested Loop", "Parent Relationship": "Outer", "Join Type": "Inner", "Startup Cost": 4.51, "Total Cost": 2569.02, "Plan Rows": 33, "Plan Width": 4, "Inner Unique": false, "Plans": [{"Node Type": "Seq Scan", "Parent Relationship": "Outer", "Relation Name": "keyword", "Alias": "k", "Startup Cost": 0.0, "Total Cost": 2436.11, "Plan Rows": 1, "Plan Width": 4, "Filter": "((keyword)::text = '10,000-mile-club'::text)"}, {"Node Type": "Bitmap Heap Scan", "Parent Relationship": "Inner", "Relation Name": "movie_keyword", "Alias": "mk", "Startup Cost": 4.51, "Total Cost": 132.58, "Plan Rows": 33, "Plan Width": 8, "Recheck Cond": "(keyword_id = k.id)", "Plans": [{"Node Type": "Bitmap Index Scan", "Parent Relationship": "Outer", "Index Name": "keyword_id_movie_keyword", "Startup Cost": 0.0, "Total Cost": 4.5, "Plan Rows": 33, "Plan Width": 0, "Index Cond": "(keyword_id = k.id)"}]}]}, {"Node Type": "Index Scan", "Parent Relationship": "Inner", "Scan Direction": "Forward", "Index Name": "title_pkey", "Relation Name": "title", "Alias": "t1", "Startup Cost": 0.0, "Total Cost": 0.31, "Plan Rows": 1, "Plan Width": 21, "Index Cond": "(id = mk.movie_id)"}]}, {"Node Type": "Index Scan", "Parent Relationship": "Inner", "Scan Direction": "Forward", "Index Name": "movie_id_movie_link", "Relation Name": "movie_link", "Alias": "ml", "Startup Cost": 0.0, "Total Cost": 0.35, "Plan Rows": 5, "Plan Width": 12, "Index Cond": "(movie_id = t1.id)"}]}, {"Node Type": "Materialize", "Parent Relationship": "Inner", "Startup Cost": 0.0, "Total Cost": 1.25, "Plan Rows": 17, "Plan Width": 16, "Plans": [{"Node Type": "Seq Scan", "Parent Relationship": "Outer", "Relation Name": "link_type", "Alias": "lt", "Startup Cost": 0.0, "Total Cost": 1.17, "Plan Rows": 17, "Plan Width": 16}]}]}, {"Node Type": "Index Scan", "Parent Relationship": "Inner", "Scan Direction": "Forward", "Index Name": "title_pkey", "Relation Name": "title", "Alias": "t2", "Startup Cost": 0.0, "Total Cost": 4.3, "Plan Rows": 1, "Plan Width": 21, "Index Cond": "(id = ml.linked_movie_id)"}]}]}, "Unique SQL Id": 524435555, "Planner Runtime": 12}, "explain_analyze_plan": {"Plan": {"Node Type": "Aggregate", "Strategy": "Plain", "Startup Cost": 3297.98, "Total Cost": 3297.99, "Plan Rows": 1, "Plan Width": 142, "Actual Startup Time": 40.708, "Actual Total Time": 40.708, "Actual Rows": 1, "Actual Loops": 1, "Plans": [{"Node Type": "Nested Loop", "Parent Relationship": "Outer", "Join Type": "Inner", "Startup Cost": 4.51, "Total Cost": 3296.82, "Plan Rows": 154, "Plan Width": 46, "Actual Startup Time": 40.702, "Actual Total Time": 40.702, "Actual Rows": 0, "Actual Loops": 1, "Inner Unique": true, "Plans": [{"Node Type": "Nested Loop", "Parent Relationship": "Outer", "Join Type": "Inner", "Startup Cost": 4.51, "Total Cost": 2633.25, "Plan Rows": 154, "Plan Width": 33, "Actual Startup Time": 40.702, "Actual Total Time": 40.702, "Actual Rows": 0, "Actual Loops": 1, "Inner Unique": true, "Join Filter": "(ml.link_type_id = lt.id)", "Rows Removed by Join Filter": 0, "Plans": [{"Node Type": "Nested Loop", "Parent Relationship": "Outer", "Join Type": "Inner", "Startup Cost": 4.51, "Total Cost": 2592.76, "Plan Rows": 154, "Plan Width": 25, "Actual Startup Time": 40.7, "Actual Total Time": 40.7, "Actual Rows": 0, "Actual Loops": 1, "Inner Unique": false, "Plans": [{"Node Type": "Nested Loop", "Parent Relationship": "Outer", "Join Type": "Inner", "Startup Cost": 4.51, "Total Cost": 2579.55, "Plan Rows": 33, "Plan Width": 25, "Actual Startup Time": 39.825, "Actual Total Time": 40.695, "Actual Rows": 1, "Actual Loops": 1, "Inner Unique": true, "Plans": [{"Node Type": "Nested Loop", "Parent Relationship": "Outer", "Join Type": "Inner", "Startup Cost": 4.51, "Total Cost": 2569.02, "Plan Rows": 33, "Plan Width": 4, "Actual Startup Time": 39.807, "Actual Total Time": 40.676, "Actual Rows": 1, "Actual Loops": 1, "Inner Unique": false, "Plans": [{"Node Type": "Seq Scan", "Parent Relationship": "Outer", "Relation Name": "keyword", "Alias": "k", "Startup Cost": 0.0, "Total Cost": 2436.11, "Plan Rows": 1, "Plan Width": 4, "Actual Startup Time": 39.762, "Actual Total Time": 40.629, "Actual Rows": 1, "Actual Loops": 1, "Filter": "((keyword)::text = '10,000-mile-club'::text)", "Rows Removed by Filter": 134168}, {"Node Type": "Bitmap Heap Scan", "Parent Relationship": "Inner", "Relation Name": "movie_keyword", "Alias": "mk", "Startup Cost": 4.51, "Total Cost": 132.58, "Plan Rows": 33, "Plan Width": 8, "Actual Startup Time": 0.034, "Actual Total Time": 0.035, "Actual Rows": 1, "Actual Loops": 1, "Recheck Cond": "(keyword_id = k.id)", "Rows Removed by Index Recheck": 0, "Exact Heap Blocks": 1, "Lossy Heap Blocks": 1, "Plans": [{"Node Type": "Bitmap Index Scan", "Parent Relationship": "Outer", "Index Name": "keyword_id_movie_keyword", "Startup Cost": 0.0, "Total Cost": 4.5, "Plan Rows": 33, "Plan Width": 0, "Actual Startup Time": 0.021, "Actual Total Time": 0.021, "Actual Rows": 1, "Actual Loops": 1, "Index Cond": "(keyword_id = k.id)"}]}]}, {"Node Type": "Index Scan", "Parent Relationship": "Inner", "Scan Direction": "Forward", "Index Name": "title_pkey", "Relation Name": "title", "Alias": "t1", "Startup Cost": 0.0, "Total Cost": 0.31, "Plan Rows": 1, "Plan Width": 21, "Actual Startup Time": 0.016, "Actual Total Time": 0.016, "Actual Rows": 1, "Actual Loops": 1, "Index Cond": "(id = mk.movie_id)", "Rows Removed by Index Recheck": 0}]}, {"Node Type": "Index Scan", "Parent Relationship": "Inner", "Scan Direction": "Forward", "Index Name": "movie_id_movie_link", "Relation Name": "movie_link", "Alias": "ml", "Startup Cost": 0.0, "Total Cost": 0.35, "Plan Rows": 5, "Plan Width": 12, "Actual Startup Time": 0.003, "Actual Total Time": 0.003, "Actual Rows": 0, "Actual Loops": 1, "Index Cond": "(movie_id = t1.id)", "Rows Removed by Index Recheck": 0}]}, {"Node Type": "Materialize", "Parent Relationship": "Inner", "Startup Cost": 0.0, "Total Cost": 1.25, "Plan Rows": 17, "Plan Width": 16, "Actual Startup Time": 0.0, "Actual Total Time": 0.0, "Plans": [{"Node Type": "Seq Scan", "Parent Relationship": "Outer", "Relation Name": "link_type", "Alias": "lt", "Startup Cost": 0.0, "Total Cost": 1.17, "Plan Rows": 17, "Plan Width": 16, "Actual Startup Time": 0.0, "Actual Total Time": 0.0}]}]}, {"Node Type": "Index Scan", "Parent Relationship": "Inner", "Scan Direction": "Forward", "Index Name": "title_pkey", "Relation Name": "title", "Alias": "t2", "Startup Cost": 0.0, "Total Cost": 4.3, "Plan Rows": 1, "Plan Width": 21, "Actual Startup Time": 0.0, "Actual Total Time": 0.0, "Index Cond": "(id = ml.linked_movie_id)", "Rows Removed by Index Recheck": 0}]}]}, "Triggers": [], "Planner Runtime": 3, "Total Runtime": 40.931, "Unique SQL Id": 524435555}}, "(16, 21)": {"explain_plan": {"Plan": {"Node Type": "Aggregate", "Strategy": "Plain", "Startup Cost": 4047.28, "Total Cost": 4047.29, "Plan Rows": 1, "Plan Width": 142, "Plans": [{"Node Type": "Nested Loop", "Parent Relationship": "Outer", "Join Type": "Inner", "Startup Cost": 4.51, "Total Cost": 4046.12, "Plan Rows": 154, "Plan Width": 46, "Inner Unique": true, "Plans": [{"Node Type": "Nested Loop", "Parent Relationship": "Outer", "Join Type": "Inner", "Startup Cost": 4.51, "Total Cost": 3382.55, "Plan Rows": 154, "Plan Width": 33, "Inner Unique": true, "Plans": [{"Node Type": "Nested Loop", "Parent Relationship": "Outer", "Join Type": "Inner", "Startup Cost": 4.51, "Total Cost": 3339.37, "Plan Rows": 154, "Plan Width": 25, "Inner Unique": false, "Plans": [{"Node Type": "Nested Loop", "Parent Relationship": "Outer", "Join Type": "Inner", "Startup Cost": 4.51, "Total Cost": 3326.15, "Plan Rows": 33, "Plan Width": 25, "Inner Unique": true, "Plans": [{"Node Type": "Nested Loop", "Parent Relationship": "Outer", "Join Type": "Inner", "Startup Cost": 4.51, "Total Cost": 3315.63, "Plan Rows": 33, "Plan Width": 4, "Inner Unique": false, "Plans": [{"Node Type": "Index Scan", "Parent Relationship": "Outer", "Scan Direction": "Forward", "Index Name": "keyword_pkey", "Relation Name": "keyword", "Alias": "k", "Startup Cost": 0.0, "Total Cost": 3182.72, "Plan Rows": 1, "Plan Width": 4, "Filter": "((keyword)::text = '10,000-mile-club'::text)"}, {"Node Type": "Bitmap Heap Scan", "Parent Relationship": "Inner", "Relation Name": "movie_keyword", "Alias": "mk", "Startup Cost": 4.51, "Total Cost": 132.58, "Plan Rows": 33, "Plan Width": 8, "Recheck Cond": "(keyword_id = k.id)", "Plans": [{"Node Type": "Bitmap Index Scan", "Parent Relationship": "Outer", "Index Name": "keyword_id_movie_keyword", "Startup Cost": 0.0, "Total Cost": 4.5, "Plan Rows": 33, "Plan Width": 0, "Index Cond": "(keyword_id = k.id)"}]}]}, {"Node Type": "Index Scan", "Parent Relationship": "Inner", "Scan Direction": "Forward", "Index Name": "title_pkey", "Relation Name": "title", "Alias": "t1", "Startup Cost": 0.0, "Total Cost": 0.31, "Plan Rows": 1, "Plan Width": 21, "Index Cond": "(id = mk.movie_id)"}]}, {"Node Type": "Index Scan", "Parent Relationship": "Inner", "Scan Direction": "Forward", "Index Name": "movie_id_movie_link", "Relation Name": "movie_link", "Alias": "ml", "Startup Cost": 0.0, "Total Cost": 0.35, "Plan Rows": 5, "Plan Width": 12, "Index Cond": "(movie_id = t1.id)"}]}, {"Node Type": "Index Scan", "Parent Relationship": "Inner", "Scan Direction": "Forward", "Index Name": "link_type_pkey", "Relation Name": "link_type", "Alias": "lt", "Startup Cost": 0.0, "Total Cost": 0.27, "Plan Rows": 1, "Plan Width": 16, "Index Cond": "(id = ml.link_type_id)"}]}, {"Node Type": "Index Scan", "Parent Relationship": "Inner", "Scan Direction": "Forward", "Index Name": "title_pkey", "Relation Name": "title", "Alias": "t2", "Startup Cost": 0.0, "Total Cost": 4.3, "Plan Rows": 1, "Plan Width": 21, "Index Cond": "(id = ml.linked_movie_id)"}]}]}, "Unique SQL Id": 524435555, "Planner Runtime": 11}, "explain_analyze_plan": {"Plan": {"Node Type": "Aggregate", "Strategy": "Plain", "Startup Cost": 4047.28, "Total Cost": 4047.29, "Plan Rows": 1, "Plan Width": 142, "Actual Startup Time": 114.966, "Actual Total Time": 114.966, "Actual Rows": 1, "Actual Loops": 1, "Plans": [{"Node Type": "Nested Loop", "Parent Relationship": "Outer", "Join Type": "Inner", "Startup Cost": 4.51, "Total Cost": 4046.12, "Plan Rows": 154, "Plan Width": 46, "Actual Startup Time": 114.961, "Actual Total Time": 114.961, "Actual Rows": 0, "Actual Loops": 1, "Inner Unique": true, "Plans": [{"Node Type": "Nested Loop", "Parent Relationship": "Outer", "Join Type": "Inner", "Startup Cost": 4.51, "Total Cost": 3382.55, "Plan Rows": 154, "Plan Width": 33, "Actual Startup Time": 114.959, "Actual Total Time": 114.959, "Actual Rows": 0, "Actual Loops": 1, "Inner Unique": true, "Plans": [{"Node Type": "Nested Loop", "Parent Relationship": "Outer", "Join Type": "Inner", "Startup Cost": 4.51, "Total Cost": 3339.37, "Plan Rows": 154, "Plan Width": 25, "Actual Startup Time": 114.959, "Actual Total Time": 114.959, "Actual Rows": 0, "Actual Loops": 1, "Inner Unique": false, "Plans": [{"Node Type": "Nested Loop", "Parent Relationship": "Outer", "Join Type": "Inner", "Startup Cost": 4.51, "Total Cost": 3326.15, "Plan Rows": 33, "Plan Width": 25, "Actual Startup Time": 113.082, "Actual Total Time": 114.952, "Actual Rows": 1, "Actual Loops": 1, "Inner Unique": true, "Plans": [{"Node Type": "Nested Loop", "Parent Relationship": "Outer", "Join Type": "Inner", "Startup Cost": 4.51, "Total Cost": 3315.63, "Plan Rows": 33, "Plan Width": 4, "Actual Startup Time": 113.064, "Actual Total Time": 114.934, "Actual Rows": 1, "Actual Loops": 1, "Inner Unique": false, "Plans": [{"Node Type": "Index Scan", "Parent Relationship": "Outer", "Scan Direction": "Forward", "Index Name": "keyword_pkey", "Relation Name": "keyword", "Alias": "k", "Startup Cost": 0.0, "Total Cost": 3182.72, "Plan Rows": 1, "Plan Width": 4, "Actual Startup Time": 113.017, "Actual Total Time": 114.885, "Actual Rows": 1, "Actual Loops": 1, "Filter": "((keyword)::text = '10,000-mile-club'::text)", "Rows Removed by Filter": 134168}, {"Node Type": "Bitmap Heap Scan", "Parent Relationship": "Inner", "Relation Name": "movie_keyword", "Alias": "mk", "Startup Cost": 4.51, "Total Cost": 132.58, "Plan Rows": 33, "Plan Width": 8, "Actual Startup Time": 0.031, "Actual Total Time": 0.031, "Actual Rows": 1, "Actual Loops": 1, "Recheck Cond": "(keyword_id = k.id)", "Rows Removed by Index Recheck": 0, "Exact Heap Blocks": 1, "Lossy Heap Blocks": 1, "Plans": [{"Node Type": "Bitmap Index Scan", "Parent Relationship": "Outer", "Index Name": "keyword_id_movie_keyword", "Startup Cost": 0.0, "Total Cost": 4.5, "Plan Rows": 33, "Plan Width": 0, "Actual Startup Time": 0.02, "Actual Total Time": 0.02, "Actual Rows": 1, "Actual Loops": 1, "Index Cond": "(keyword_id = k.id)"}]}]}, {"Node Type": "Index Scan", "Parent Relationship": "Inner", "Scan Direction": "Forward", "Index Name": "title_pkey", "Relation Name": "title", "Alias": "t1", "Startup Cost": 0.0, "Total Cost": 0.31, "Plan Rows": 1, "Plan Width": 21, "Actual Startup Time": 0.014, "Actual Total Time": 0.014, "Actual Rows": 1, "Actual Loops": 1, "Index Cond": "(id = mk.movie_id)", "Rows Removed by Index Recheck": 0}]}, {"Node Type": "Index Scan", "Parent Relationship": "Inner", "Scan Direction": "Forward", "Index Name": "movie_id_movie_link", "Relation Name": "movie_link", "Alias": "ml", "Startup Cost": 0.0, "Total Cost": 0.35, "Plan Rows": 5, "Plan Width": 12, "Actual Startup Time": 0.004, "Actual Total Time": 0.004, "Actual Rows": 0, "Actual Loops": 1, "Index Cond": "(movie_id = t1.id)", "Rows Removed by Index Recheck": 0}]}, {"Node Type": "Index Scan", "Parent Relationship": "Inner", "Scan Direction": "Forward", "Index Name": "link_type_pkey", "Relation Name": "link_type", "Alias": "lt", "Startup Cost": 0.0, "Total Cost": 0.27, "Plan Rows": 1, "Plan Width": 16, "Actual Startup Time": 0.0, "Actual Total Time": 0.0, "Index Cond": "(id = ml.link_type_id)", "Rows Removed by Index Recheck": 0}]}, {"Node Type": "Index Scan", "Parent Relationship": "Inner", "Scan Direction": "Forward", "Index Name": "title_pkey", "Relation Name": "title", "Alias": "t2", "Startup Cost": 0.0, "Total Cost": 4.3, "Plan Rows": 1, "Plan Width": 21, "Actual Startup Time": 0.0, "Actual Total Time": 0.0, "Index Cond": "(id = ml.linked_movie_id)", "Rows Removed by Index Recheck": 0}]}]}, "Triggers": [], "Planner Runtime": 3, "Total Runtime": 115.218, "Unique SQL Id": 524435555}}, "(16, 22)": {"explain_plan": {"Plan": {"Node Type": "Aggregate", "Strategy": "Plain", "Startup Cost": 3747.02, "Total Cost": 3747.03, "Plan Rows": 1, "Plan Width": 142, "Plans": [{"Node Type": "Nested Loop", "Parent Relationship": "Outer", "Join Type": "Inner", "Startup Cost": 6.55, "Total Cost": 3745.86, "Plan Rows": 154, "Plan Width": 46, "Inner Unique": true, "Plans": [{"Node Type": "Nested Loop", "Parent Relationship": "Outer", "Join Type": "Inner", "Startup Cost": 5.06, "Total Cost": 2896.68, "Plan Rows": 154, "Plan Width": 33, "Inner Unique": true, "Join Filter": "(ml.link_type_id = lt.id)", "Plans": [{"Node Type": "Nested Loop", "Parent Relationship": "Outer", "Join Type": "Inner", "Startup Cost": 5.06, "Total Cost": 2856.2, "Plan Rows": 154, "Plan Width": 25, "Inner Unique": false, "Join Filter": "(t1.id = ml.movie_id)", "Plans": [{"Node Type": "Nested Loop", "Parent Relationship": "Outer", "Join Type": "Inner", "Startup Cost": 4.77, "Total Cost": 2710.54, "Plan Rows": 33, "Plan Width": 25, "Inner Unique": true, "Plans": [{"Node Type": "Nested Loop", "Parent Relationship": "Outer", "Join Type": "Inner", "Startup Cost": 4.51, "Total Cost": 2569.02, "Plan Rows": 33, "Plan Width": 4, "Inner Unique": false, "Plans": [{"Node Type": "Seq Scan", "Parent Relationship": "Outer", "Relation Name": "keyword", "Alias": "k", "Startup Cost": 0.0, "Total Cost": 2436.11, "Plan Rows": 1, "Plan Width": 4, "Filter": "((keyword)::text = '10,000-mile-club'::text)"}, {"Node Type": "Bitmap Heap Scan", "Parent Relationship": "Inner", "Relation Name": "movie_keyword", "Alias": "mk", "Startup Cost": 4.51, "Total Cost": 132.58, "Plan Rows": 33, "Plan Width": 8, "Recheck Cond": "(keyword_id = k.id)", "Plans": [{"Node Type": "Bitmap Index Scan", "Parent Relationship": "Outer", "Index Name": "keyword_id_movie_keyword", "Startup Cost": 0.0, "Total Cost": 4.5, "Plan Rows": 33, "Plan Width": 0, "Index Cond": "(keyword_id = k.id)"}]}]}, {"Node Type": "Bitmap Heap Scan", "Parent Relationship": "Inner", "Relation Name": "title", "Alias": "t1", "Startup Cost": 0.27, "Total Cost": 4.28, "Plan Rows": 1, "Plan Width": 21, "Recheck Cond": "(id = mk.movie_id)", "Plans": [{"Node Type": "Bitmap Index Scan", "Parent Relationship": "Outer", "Index Name": "title_pkey", "Startup Cost": 0.0, "Total Cost": 0.27, "Plan Rows": 1, "Plan Width": 0, "Index Cond": "(id = mk.movie_id)"}]}]}, {"Node Type": "Bitmap Heap Scan", "Parent Relationship": "Inner", "Relation Name": "movie_link", "Alias": "ml", "Startup Cost": 0.29, "Total Cost": 4.35, "Plan Rows": 5, "Plan Width": 12, "Recheck Cond": "(movie_id = mk.movie_id)", "Plans": [{"Node Type": "Bitmap Index Scan", "Parent Relationship": "Outer", "Index Name": "movie_id_movie_link", "Startup Cost": 0.0, "Total Cost": 0.29, "Plan Rows": 5, "Plan Width": 0, "Index Cond": "(movie_id = mk.movie_id)"}]}]}, {"Node Type": "Materialize", "Parent Relationship": "Inner", "Startup Cost": 0.0, "Total Cost": 1.25, "Plan Rows": 17, "Plan Width": 16, "Plans": [{"Node Type": "Seq Scan", "Parent Relationship": "Outer", "Relation Name": "link_type", "Alias": "lt", "Startup Cost": 0.0, "Total Cost": 1.17, "Plan Rows": 17, "Plan Width": 16}]}]}, {"Node Type": "Bitmap Heap Scan", "Parent Relationship": "Inner", "Relation Name": "title", "Alias": "t2", "Startup Cost": 1.49, "Total Cost": 5.5, "Plan Rows": 1, "Plan Width": 21, "Recheck Cond": "(id = ml.linked_movie_id)", "Plans": [{"Node Type": "Bitmap Index Scan", "Parent Relationship": "Outer", "Index Name": "title_pkey", "Startup Cost": 0.0, "Total Cost": 1.49, "Plan Rows": 1, "Plan Width": 0, "Index Cond": "(id = ml.linked_movie_id)"}]}]}]}, "Unique SQL Id": 524435555, "Planner Runtime": 10}, "explain_analyze_plan": {"Plan": {"Node Type": "Aggregate", "Strategy": "Plain", "Startup Cost": 3747.02, "Total Cost": 3747.03, "Plan Rows": 1, "Plan Width": 142, "Actual Startup Time": 40.652, "Actual Total Time": 40.652, "Actual Rows": 1, "Actual Loops": 1, "Plans": [{"Node Type": "Nested Loop", "Parent Relationship": "Outer", "Join Type": "Inner", "Startup Cost": 6.55, "Total Cost": 3745.86, "Plan Rows": 154, "Plan Width": 46, "Actual Startup Time": 40.647, "Actual Total Time": 40.647, "Actual Rows": 0, "Actual Loops": 1, "Inner Unique": true, "Plans": [{"Node Type": "Nested Loop", "Parent Relationship": "Outer", "Join Type": "Inner", "Startup Cost": 5.06, "Total Cost": 2896.68, "Plan Rows": 154, "Plan Width": 33, "Actual Startup Time": 40.646, "Actual Total Time": 40.646, "Actual Rows": 0, "Actual Loops": 1, "Inner Unique": true, "Join Filter": "(ml.link_type_id = lt.id)", "Rows Removed by Join Filter": 0, "Plans": [{"Node Type": "Nested Loop", "Parent Relationship": "Outer", "Join Type": "Inner", "Startup Cost": 5.06, "Total Cost": 2856.2, "Plan Rows": 154, "Plan Width": 25, "Actual Startup Time": 40.645, "Actual Total Time": 40.645, "Actual Rows": 0, "Actual Loops": 1, "Inner Unique": false, "Join Filter": "(t1.id = ml.movie_id)", "Rows Removed by Join Filter": 0, "Plans": [{"Node Type": "Nested Loop", "Parent Relationship": "Outer", "Join Type": "Inner", "Startup Cost": 4.77, "Total Cost": 2710.54, "Plan Rows": 33, "Plan Width": 25, "Actual Startup Time": 39.766, "Actual Total Time": 40.634, "Actual Rows": 1, "Actual Loops": 1, "Inner Unique": true, "Plans": [{"Node Type": "Nested Loop", "Parent Relationship": "Outer", "Join Type": "Inner", "Startup Cost": 4.51, "Total Cost": 2569.02, "Plan Rows": 33, "Plan Width": 4, "Actual Startup Time": 39.749, "Actual Total Time": 40.617, "Actual Rows": 1, "Actual Loops": 1, "Inner Unique": false, "Plans": [{"Node Type": "Seq Scan", "Parent Relationship": "Outer", "Relation Name": "keyword", "Alias": "k", "Startup Cost": 0.0, "Total Cost": 2436.11, "Plan Rows": 1, "Plan Width": 4, "Actual Startup Time": 39.706, "Actual Total Time": 40.572, "Actual Rows": 1, "Actual Loops": 1, "Filter": "((keyword)::text = '10,000-mile-club'::text)", "Rows Removed by Filter": 134168}, {"Node Type": "Bitmap Heap Scan", "Parent Relationship": "Inner", "Relation Name": "movie_keyword", "Alias": "mk", "Startup Cost": 4.51, "Total Cost": 132.58, "Plan Rows": 33, "Plan Width": 8, "Actual Startup Time": 0.032, "Actual Total Time": 0.032, "Actual Rows": 1, "Actual Loops": 1, "Recheck Cond": "(keyword_id = k.id)", "Rows Removed by Index Recheck": 0, "Exact Heap Blocks": 1, "Lossy Heap Blocks": 1, "Plans": [{"Node Type": "Bitmap Index Scan", "Parent Relationship": "Outer", "Index Name": "keyword_id_movie_keyword", "Startup Cost": 0.0, "Total Cost": 4.5, "Plan Rows": 33, "Plan Width": 0, "Actual Startup Time": 0.02, "Actual Total Time": 0.02, "Actual Rows": 1, "Actual Loops": 1, "Index Cond": "(keyword_id = k.id)"}]}]}, {"Node Type": "Bitmap Heap Scan", "Parent Relationship": "Inner", "Relation Name": "title", "Alias": "t1", "Startup Cost": 0.27, "Total Cost": 4.28, "Plan Rows": 1, "Plan Width": 21, "Actual Startup Time": 0.013, "Actual Total Time": 0.013, "Actual Rows": 1, "Actual Loops": 1, "Recheck Cond": "(id = mk.movie_id)", "Rows Removed by Index Recheck": 0, "Exact Heap Blocks": 1, "Lossy Heap Blocks": 1, "Plans": [{"Node Type": "Bitmap Index Scan", "Parent Relationship": "Outer", "Index Name": "title_pkey", "Startup Cost": 0.0, "Total Cost": 0.27, "Plan Rows": 1, "Plan Width": 0, "Actual Startup Time": 0.009, "Actual Total Time": 0.009, "Actual Rows": 1, "Actual Loops": 1, "Index Cond": "(id = mk.movie_id)"}]}]}, {"Node Type": "Bitmap Heap Scan", "Parent Relationship": "Inner", "Relation Name": "movie_link", "Alias": "ml", "Startup Cost": 0.29, "Total Cost": 4.35, "Plan Rows": 5, "Plan Width": 12, "Actual Startup Time": 0.007, "Actual Total Time": 0.007, "Actual Rows": 0, "Actual Loops": 1, "Recheck Cond": "(movie_id = mk.movie_id)", "Rows Removed by Index Recheck": 0, "Exact Heap Blocks": 0, "Lossy Heap Blocks": 0, "Plans": [{"Node Type": "Bitmap Index Scan", "Parent Relationship": "Outer", "Index Name": "movie_id_movie_link", "Startup Cost": 0.0, "Total Cost": 0.29, "Plan Rows": 5, "Plan Width": 0, "Actual Startup Time": 0.003, "Actual Total Time": 0.003, "Actual Rows": 0, "Actual Loops": 1, "Index Cond": "(movie_id = mk.movie_id)"}]}]}, {"Node Type": "Materialize", "Parent Relationship": "Inner", "Startup Cost": 0.0, "Total Cost": 1.25, "Plan Rows": 17, "Plan Width": 16, "Actual Startup Time": 0.0, "Actual Total Time": 0.0, "Plans": [{"Node Type": "Seq Scan", "Parent Relationship": "Outer", "Relation Name": "link_type", "Alias": "lt", "Startup Cost": 0.0, "Total Cost": 1.17, "Plan Rows": 17, "Plan Width": 16, "Actual Startup Time": 0.0, "Actual Total Time": 0.0}]}]}, {"Node Type": "Bitmap Heap Scan", "Parent Relationship": "Inner", "Relation Name": "title", "Alias": "t2", "Startup Cost": 1.49, "Total Cost": 5.5, "Plan Rows": 1, "Plan Width": 21, "Actual Startup Time": 0.0, "Actual Total Time": 0.0, "Recheck Cond": "(id = ml.linked_movie_id)", "Rows Removed by Index Recheck": 0, "Exact Heap Blocks": 0, "Lossy Heap Blocks": 0, "Plans": [{"Node Type": "Bitmap Index Scan", "Parent Relationship": "Outer", "Index Name": "title_pkey", "Startup Cost": 0.0, "Total Cost": 1.49, "Plan Rows": 1, "Plan Width": 0, "Actual Startup Time": 0.0, "Actual Total Time": 0.0, "Index Cond": "(id = ml.linked_movie_id)"}]}]}]}, "Triggers": [], "Planner Runtime": 7, "Total Runtime": 40.898, "Unique SQL Id": 524435555}}, "(16, 23)": {"explain_plan": {"Plan": {"Node Type": "Aggregate", "Strategy": "Plain", "Startup Cost": 4477.45, "Total Cost": 4477.46, "Plan Rows": 1, "Plan Width": 142, "Plans": [{"Node Type": "Nested Loop", "Parent Relationship": "Outer", "Join Type": "Inner", "Startup Cost": 733.99, "Total Cost": 4476.3, "Plan Rows": 154, "Plan Width": 46, "Inner Unique": true, "Plans": [{"Node Type": "Nested Loop", "Parent Relationship": "Outer", "Join Type": "Inner", "Startup Cost": 732.5, "Total Cost": 3627.12, "Plan Rows": 154, "Plan Width": 33, "Inner Unique": true, "Join Filter": "(ml.link_type_id = lt.id)", "Plans": [{"Node Type": "Nested Loop", "Parent Relationship": "Outer", "Join Type": "Inner", "Startup Cost": 724.16, "Total Cost": 3575.3, "Plan Rows": 154, "Plan Width": 25, "Inner Unique": false, "Join Filter": "(t1.id = ml.movie_id)", "Plans": [{"Node Type": "Nested Loop", "Parent Relationship": "Outer", "Join Type": "Inner", "Startup Cost": 723.87, "Total Cost": 3429.64, "Plan Rows": 33, "Plan Width": 25, "Inner Unique": true, "Plans": [{"Node Type": "Nested Loop", "Parent Relationship": "Outer", "Join Type": "Inner", "Startup Cost": 723.6, "Total Cost": 3288.12, "Plan Rows": 33, "Plan Width": 4, "Inner Unique": false, "Plans": [{"Node Type": "Bitmap Heap Scan", "Parent Relationship": "Outer", "Relation Name": "keyword", "Alias": "k", "Startup Cost": 719.1, "Total Cost": 3155.21, "Plan Rows": 1, "Plan Width": 4, "Filter": "((keyword)::text = '10,000-mile-club'::text)", "Plans": [{"Node Type": "Bitmap Index Scan", "Parent Relationship": "Outer", "Index Name": "keyword_pkey", "Startup Cost": 0.0, "Total Cost": 719.1, "Plan Rows": 134169, "Plan Width": 0}]}, {"Node Type": "Bitmap Heap Scan", "Parent Relationship": "Inner", "Relation Name": "movie_keyword", "Alias": "mk", "Startup Cost": 4.51, "Total Cost": 132.58, "Plan Rows": 33, "Plan Width": 8, "Recheck Cond": "(keyword_id = k.id)", "Plans": [{"Node Type": "Bitmap Index Scan", "Parent Relationship": "Outer", "Index Name": "keyword_id_movie_keyword", "Startup Cost": 0.0, "Total Cost": 4.5, "Plan Rows": 33, "Plan Width": 0, "Index Cond": "(keyword_id = k.id)"}]}]}, {"Node Type": "Bitmap Heap Scan", "Parent Relationship": "Inner", "Relation Name": "title", "Alias": "t1", "Startup Cost": 0.27, "Total Cost": 4.28, "Plan Rows": 1, "Plan Width": 21, "Recheck Cond": "(id = mk.movie_id)", "Plans": [{"Node Type": "Bitmap Index Scan", "Parent Relationship": "Outer", "Index Name": "title_pkey", "Startup Cost": 0.0, "Total Cost": 0.27, "Plan Rows": 1, "Plan Width": 0, "Index Cond": "(id = mk.movie_id)"}]}]}, {"Node Type": "Bitmap Heap Scan", "Parent Relationship": "Inner", "Relation Name": "movie_link", "Alias": "ml", "Startup Cost": 0.29, "Total Cost": 4.35, "Plan Rows": 5, "Plan Width": 12, "Recheck Cond": "(movie_id = mk.movie_id)", "Plans": [{"Node Type": "Bitmap Index Scan", "Parent Relationship": "Outer", "Index Name": "movie_id_movie_link", "Startup Cost": 0.0, "Total Cost": 0.29, "Plan Rows": 5, "Plan Width": 0, "Index Cond": "(movie_id = mk.movie_id)"}]}]}, {"Node Type": "Materialize", "Parent Relationship": "Inner", "Startup Cost": 8.34, "Total Cost": 12.59, "Plan Rows": 17, "Plan Width": 16, "Plans": [{"Node Type": "Bitmap Heap Scan", "Parent Relationship": "Outer", "Relation Name": "link_type", "Alias": "lt", "Startup Cost": 8.34, "Total Cost": 12.51, "Plan Rows": 17, "Plan Width": 16, "Plans": [{"Node Type": "Bitmap Index Scan", "Parent Relationship": "Outer", "Index Name": "link_type_pkey", "Startup Cost": 0.0, "Total Cost": 8.34, "Plan Rows": 17, "Plan Width": 0}]}]}]}, {"Node Type": "Bitmap Heap Scan", "Parent Relationship": "Inner", "Relation Name": "title", "Alias": "t2", "Startup Cost": 1.49, "Total Cost": 5.5, "Plan Rows": 1, "Plan Width": 21, "Recheck Cond": "(id = ml.linked_movie_id)", "Plans": [{"Node Type": "Bitmap Index Scan", "Parent Relationship": "Outer", "Index Name": "title_pkey", "Startup Cost": 0.0, "Total Cost": 1.49, "Plan Rows": 1, "Plan Width": 0, "Index Cond": "(id = ml.linked_movie_id)"}]}]}]}, "Unique SQL Id": 524435555, "Planner Runtime": 7}, "explain_analyze_plan": {"Plan": {"Node Type": "Aggregate", "Strategy": "Plain", "Startup Cost": 4477.45, "Total Cost": 4477.46, "Plan Rows": 1, "Plan Width": 142, "Actual Startup Time": 62.41, "Actual Total Time": 62.41, "Actual Rows": 1, "Actual Loops": 1, "Plans": [{"Node Type": "Nested Loop", "Parent Relationship": "Outer", "Join Type": "Inner", "Startup Cost": 733.99, "Total Cost": 4476.3, "Plan Rows": 154, "Plan Width": 46, "Actual Startup Time": 62.405, "Actual Total Time": 62.405, "Actual Rows": 0, "Actual Loops": 1, "Inner Unique": true, "Plans": [{"Node Type": "Nested Loop", "Parent Relationship": "Outer", "Join Type": "Inner", "Startup Cost": 732.5, "Total Cost": 3627.12, "Plan Rows": 154, "Plan Width": 33, "Actual Startup Time": 62.405, "Actual Total Time": 62.405, "Actual Rows": 0, "Actual Loops": 1, "Inner Unique": true, "Join Filter": "(ml.link_type_id = lt.id)", "Rows Removed by Join Filter": 0, "Plans": [{"Node Type": "Nested Loop", "Parent Relationship": "Outer", "Join Type": "Inner", "Startup Cost": 724.16, "Total Cost": 3575.3, "Plan Rows": 154, "Plan Width": 25, "Actual Startup Time": 62.403, "Actual Total Time": 62.403, "Actual Rows": 0, "Actual Loops": 1, "Inner Unique": false, "Join Filter": "(t1.id = ml.movie_id)", "Rows Removed by Join Filter": 0, "Plans": [{"Node Type": "Nested Loop", "Parent Relationship": "Outer", "Join Type": "Inner", "Startup Cost": 723.87, "Total Cost": 3429.64, "Plan Rows": 33, "Plan Width": 25, "Actual Startup Time": 61.321, "Actual Total Time": 62.394, "Actual Rows": 1, "Actual Loops": 1, "Inner Unique": true, "Plans": [{"Node Type": "Nested Loop", "Parent Relationship": "Outer", "Join Type": "Inner", "Startup Cost": 723.6, "Total Cost": 3288.12, "Plan Rows": 33, "Plan Width": 4, "Actual Startup Time": 61.3, "Actual Total Time": 62.373, "Actual Rows": 1, "Actual Loops": 1, "Inner Unique": false, "Plans": [{"Node Type": "Bitmap Heap Scan", "Parent Relationship": "Outer", "Relation Name": "keyword", "Alias": "k", "Startup Cost": 719.1, "Total Cost": 3155.21, "Plan Rows": 1, "Plan Width": 4, "Actual Startup Time": 61.255, "Actual Total Time": 62.326, "Actual Rows": 1, "Actual Loops": 1, "Filter": "((keyword)::text = '10,000-mile-club'::text)", "Rows Removed by Filter": 134168, "Exact Heap Blocks": 759, "Lossy Heap Blocks": 759, "Plans": [{"Node Type": "Bitmap Index Scan", "Parent Relationship": "Outer", "Index Name": "keyword_pkey", "Startup Cost": 0.0, "Total Cost": 719.1, "Plan Rows": 134169, "Plan Width": 0, "Actual Startup Time": 11.477, "Actual Total Time": 11.477, "Actual Rows": 134169, "Actual Loops": 1}]}, {"Node Type": "Bitmap Heap Scan", "Parent Relationship": "Inner", "Relation Name": "movie_keyword", "Alias": "mk", "Startup Cost": 4.51, "Total Cost": 132.58, "Plan Rows": 33, "Plan Width": 8, "Actual Startup Time": 0.03, "Actual Total Time": 0.03, "Actual Rows": 1, "Actual Loops": 1, "Recheck Cond": "(keyword_id = k.id)", "Rows Removed by Index Recheck": 0, "Exact Heap Blocks": 1, "Lossy Heap Blocks": 1, "Plans": [{"Node Type": "Bitmap Index Scan", "Parent Relationship": "Outer", "Index Name": "keyword_id_movie_keyword", "Startup Cost": 0.0, "Total Cost": 4.5, "Plan Rows": 33, "Plan Width": 0, "Actual Startup Time": 0.019, "Actual Total Time": 0.019, "Actual Rows": 1, "Actual Loops": 1, "Index Cond": "(keyword_id = k.id)"}]}]}, {"Node Type": "Bitmap Heap Scan", "Parent Relationship": "Inner", "Relation Name": "title", "Alias": "t1", "Startup Cost": 0.27, "Total Cost": 4.28, "Plan Rows": 1, "Plan Width": 21, "Actual Startup Time": 0.015, "Actual Total Time": 0.015, "Actual Rows": 1, "Actual Loops": 1, "Recheck Cond": "(id = mk.movie_id)", "Rows Removed by Index Recheck": 0, "Exact Heap Blocks": 1, "Lossy Heap Blocks": 1, "Plans": [{"Node Type": "Bitmap Index Scan", "Parent Relationship": "Outer", "Index Name": "title_pkey", "Startup Cost": 0.0, "Total Cost": 0.27, "Plan Rows": 1, "Plan Width": 0, "Actual Startup Time": 0.011, "Actual Total Time": 0.011, "Actual Rows": 1, "Actual Loops": 1, "Index Cond": "(id = mk.movie_id)"}]}]}, {"Node Type": "Bitmap Heap Scan", "Parent Relationship": "Inner", "Relation Name": "movie_link", "Alias": "ml", "Startup Cost": 0.29, "Total Cost": 4.35, "Plan Rows": 5, "Plan Width": 12, "Actual Startup Time": 0.006, "Actual Total Time": 0.006, "Actual Rows": 0, "Actual Loops": 1, "Recheck Cond": "(movie_id = mk.movie_id)", "Rows Removed by Index Recheck": 0, "Exact Heap Blocks": 0, "Lossy Heap Blocks": 0, "Plans": [{"Node Type": "Bitmap Index Scan", "Parent Relationship": "Outer", "Index Name": "movie_id_movie_link", "Startup Cost": 0.0, "Total Cost": 0.29, "Plan Rows": 5, "Plan Width": 0, "Actual Startup Time": 0.003, "Actual Total Time": 0.003, "Actual Rows": 0, "Actual Loops": 1, "Index Cond": "(movie_id = mk.movie_id)"}]}]}, {"Node Type": "Materialize", "Parent Relationship": "Inner", "Startup Cost": 8.34, "Total Cost": 12.59, "Plan Rows": 17, "Plan Width": 16, "Actual Startup Time": 0.0, "Actual Total Time": 0.0, "Plans": [{"Node Type": "Bitmap Heap Scan", "Parent Relationship": "Outer", "Relation Name": "link_type", "Alias": "lt", "Startup Cost": 8.34, "Total Cost": 12.51, "Plan Rows": 17, "Plan Width": 16, "Actual Startup Time": 0.0, "Actual Total Time": 0.0, "Exact Heap Blocks": 0, "Lossy Heap Blocks": 0, "Plans": [{"Node Type": "Bitmap Index Scan", "Parent Relationship": "Outer", "Index Name": "link_type_pkey", "Startup Cost": 0.0, "Total Cost": 8.34, "Plan Rows": 17, "Plan Width": 0, "Actual Startup Time": 0.0, "Actual Total Time": 0.0}]}]}]}, {"Node Type": "Bitmap Heap Scan", "Parent Relationship": "Inner", "Relation Name": "title", "Alias": "t2", "Startup Cost": 1.49, "Total Cost": 5.5, "Plan Rows": 1, "Plan Width": 21, "Actual Startup Time": 0.0, "Actual Total Time": 0.0, "Recheck Cond": "(id = ml.linked_movie_id)", "Rows Removed by Index Recheck": 0, "Exact Heap Blocks": 0, "Lossy Heap Blocks": 0, "Plans": [{"Node Type": "Bitmap Index Scan", "Parent Relationship": "Outer", "Index Name": "title_pkey", "Startup Cost": 0.0, "Total Cost": 1.49, "Plan Rows": 1, "Plan Width": 0, "Actual Startup Time": 0.0, "Actual Total Time": 0.0, "Index Cond": "(id = ml.linked_movie_id)"}]}]}]}, "Triggers": [], "Planner Runtime": 3, "Total Runtime": 62.679, "Unique SQL Id": 524435555}}, "(16, 24)": {"explain_plan": {"Plan": {"Node Type": "Aggregate", "Strategy": "Plain", "Startup Cost": 3302.27, "Total Cost": 3302.28, "Plan Rows": 1, "Plan Width": 142, "Plans": [{"Node Type": "Nested Loop", "Parent Relationship": "Outer", "Join Type": "Inner", "Startup Cost": 0.0, "Total Cost": 3301.12, "Plan Rows": 154, "Plan Width": 46, "Inner Unique": true, "Plans": [{"Node Type": "Nested Loop", "Parent Relationship": "Outer", "Join Type": "Inner", "Startup Cost": 0.0, "Total Cost": 2637.54, "Plan Rows": 154, "Plan Width": 33, "Inner Unique": true, "Join Filter": "(ml.link_type_id = lt.id)", "Plans": [{"Node Type": "Nested Loop", "Parent Relationship": "Outer", "Join Type": "Inner", "Startup Cost": 0.0, "Total Cost": 2597.06, "Plan Rows": 154, "Plan Width": 25, "Inner Unique": false, "Plans": [{"Node Type": "Nested Loop", "Parent Relationship": "Outer", "Join Type": "Inner", "Startup Cost": 0.0, "Total Cost": 2583.84, "Plan Rows": 33, "Plan Width": 25, "Inner Unique": true, "Plans": [{"Node Type": "Nested Loop", "Parent Relationship": "Outer", "Join Type": "Inner", "Startup Cost": 0.0, "Total Cost": 2573.32, "Plan Rows": 33, "Plan Width": 4, "Inner Unique": false, "Plans": [{"Node Type": "Seq Scan", "Parent Relationship": "Outer", "Relation Name": "keyword", "Alias": "k", "Startup Cost": 0.0, "Total Cost": 2436.11, "Plan Rows": 1, "Plan Width": 4, "Filter": "((keyword)::text = '10,000-mile-club'::text)"}, {"Node Type": "Index Scan", "Parent Relationship": "Inner", "Scan Direction": "Forward", "Index Name": "keyword_id_movie_keyword", "Relation Name": "movie_keyword", "Alias": "mk", "Startup Cost": 0.0, "Total Cost": 136.88, "Plan Rows": 33, "Plan Width": 8, "Index Cond": "(keyword_id = k.id)"}]}, {"Node Type": "Index Scan", "Parent Relationship": "Inner", "Scan Direction": "Forward", "Index Name": "title_pkey", "Relation Name": "title", "Alias": "t1", "Startup Cost": 0.0, "Total Cost": 0.31, "Plan Rows": 1, "Plan Width": 21, "Index Cond": "(id = mk.movie_id)"}]}, {"Node Type": "Index Scan", "Parent Relationship": "Inner", "Scan Direction": "Forward", "Index Name": "movie_id_movie_link", "Relation Name": "movie_link", "Alias": "ml", "Startup Cost": 0.0, "Total Cost": 0.35, "Plan Rows": 5, "Plan Width": 12, "Index Cond": "(movie_id = t1.id)"}]}, {"Node Type": "Materialize", "Parent Relationship": "Inner", "Startup Cost": 0.0, "Total Cost": 1.25, "Plan Rows": 17, "Plan Width": 16, "Plans": [{"Node Type": "Seq Scan", "Parent Relationship": "Outer", "Relation Name": "link_type", "Alias": "lt", "Startup Cost": 0.0, "Total Cost": 1.17, "Plan Rows": 17, "Plan Width": 16}]}]}, {"Node Type": "Index Scan", "Parent Relationship": "Inner", "Scan Direction": "Forward", "Index Name": "title_pkey", "Relation Name": "title", "Alias": "t2", "Startup Cost": 0.0, "Total Cost": 4.3, "Plan Rows": 1, "Plan Width": 21, "Index Cond": "(id = ml.linked_movie_id)"}]}]}, "Unique SQL Id": 524435555, "Planner Runtime": 11}, "explain_analyze_plan": {"Plan": {"Node Type": "Aggregate", "Strategy": "Plain", "Startup Cost": 3302.27, "Total Cost": 3302.28, "Plan Rows": 1, "Plan Width": 142, "Actual Startup Time": 40.736, "Actual Total Time": 40.736, "Actual Rows": 1, "Actual Loops": 1, "Plans": [{"Node Type": "Nested Loop", "Parent Relationship": "Outer", "Join Type": "Inner", "Startup Cost": 0.0, "Total Cost": 3301.12, "Plan Rows": 154, "Plan Width": 46, "Actual Startup Time": 40.731, "Actual Total Time": 40.731, "Actual Rows": 0, "Actual Loops": 1, "Inner Unique": true, "Plans": [{"Node Type": "Nested Loop", "Parent Relationship": "Outer", "Join Type": "Inner", "Startup Cost": 0.0, "Total Cost": 2637.54, "Plan Rows": 154, "Plan Width": 33, "Actual Startup Time": 40.729, "Actual Total Time": 40.729, "Actual Rows": 0, "Actual Loops": 1, "Inner Unique": true, "Join Filter": "(ml.link_type_id = lt.id)", "Rows Removed by Join Filter": 0, "Plans": [{"Node Type": "Nested Loop", "Parent Relationship": "Outer", "Join Type": "Inner", "Startup Cost": 0.0, "Total Cost": 2597.06, "Plan Rows": 154, "Plan Width": 25, "Actual Startup Time": 40.728, "Actual Total Time": 40.728, "Actual Rows": 0, "Actual Loops": 1, "Inner Unique": false, "Plans": [{"Node Type": "Nested Loop", "Parent Relationship": "Outer", "Join Type": "Inner", "Startup Cost": 0.0, "Total Cost": 2583.84, "Plan Rows": 33, "Plan Width": 25, "Actual Startup Time": 39.856, "Actual Total Time": 40.723, "Actual Rows": 1, "Actual Loops": 1, "Inner Unique": true, "Plans": [{"Node Type": "Nested Loop", "Parent Relationship": "Outer", "Join Type": "Inner", "Startup Cost": 0.0, "Total Cost": 2573.32, "Plan Rows": 33, "Plan Width": 4, "Actual Startup Time": 39.843, "Actual Total Time": 40.709, "Actual Rows": 1, "Actual Loops": 1, "Inner Unique": false, "Plans": [{"Node Type": "Seq Scan", "Parent Relationship": "Outer", "Relation Name": "keyword", "Alias": "k", "Startup Cost": 0.0, "Total Cost": 2436.11, "Plan Rows": 1, "Plan Width": 4, "Actual Startup Time": 39.815, "Actual Total Time": 40.68, "Actual Rows": 1, "Actual Loops": 1, "Filter": "((keyword)::text = '10,000-mile-club'::text)", "Rows Removed by Filter": 134168}, {"Node Type": "Index Scan", "Parent Relationship": "Inner", "Scan Direction": "Forward", "Index Name": "keyword_id_movie_keyword", "Relation Name": "movie_keyword", "Alias": "mk", "Startup Cost": 0.0, "Total Cost": 136.88, "Plan Rows": 33, "Plan Width": 8, "Actual Startup Time": 0.021, "Actual Total Time": 0.022, "Actual Rows": 1, "Actual Loops": 1, "Index Cond": "(keyword_id = k.id)", "Rows Removed by Index Recheck": 0}]}, {"Node Type": "Index Scan", "Parent Relationship": "Inner", "Scan Direction": "Forward", "Index Name": "title_pkey", "Relation Name": "title", "Alias": "t1", "Startup Cost": 0.0, "Total Cost": 0.31, "Plan Rows": 1, "Plan Width": 21, "Actual Startup Time": 0.01, "Actual Total Time": 0.01, "Actual Rows": 1, "Actual Loops": 1, "Index Cond": "(id = mk.movie_id)", "Rows Removed by Index Recheck": 0}]}, {"Node Type": "Index Scan", "Parent Relationship": "Inner", "Scan Direction": "Forward", "Index Name": "movie_id_movie_link", "Relation Name": "movie_link", "Alias": "ml", "Startup Cost": 0.0, "Total Cost": 0.35, "Plan Rows": 5, "Plan Width": 12, "Actual Startup Time": 0.003, "Actual Total Time": 0.003, "Actual Rows": 0, "Actual Loops": 1, "Index Cond": "(movie_id = t1.id)", "Rows Removed by Index Recheck": 0}]}, {"Node Type": "Materialize", "Parent Relationship": "Inner", "Startup Cost": 0.0, "Total Cost": 1.25, "Plan Rows": 17, "Plan Width": 16, "Actual Startup Time": 0.0, "Actual Total Time": 0.0, "Plans": [{"Node Type": "Seq Scan", "Parent Relationship": "Outer", "Relation Name": "link_type", "Alias": "lt", "Startup Cost": 0.0, "Total Cost": 1.17, "Plan Rows": 17, "Plan Width": 16, "Actual Startup Time": 0.0, "Actual Total Time": 0.0}]}]}, {"Node Type": "Index Scan", "Parent Relationship": "Inner", "Scan Direction": "Forward", "Index Name": "title_pkey", "Relation Name": "title", "Alias": "t2", "Startup Cost": 0.0, "Total Cost": 4.3, "Plan Rows": 1, "Plan Width": 21, "Actual Startup Time": 0.0, "Actual Total Time": 0.0, "Index Cond": "(id = ml.linked_movie_id)", "Rows Removed by Index Recheck": 0}]}]}, "Triggers": [], "Planner Runtime": 3, "Total Runtime": 40.95, "Unique SQL Id": 524435555}}, "(16, 25)": {"explain_plan": {"Plan": {"Node Type": "Aggregate", "Strategy": "Plain", "Startup Cost": 4051.57, "Total Cost": 4051.58, "Plan Rows": 1, "Plan Width": 142, "Plans": [{"Node Type": "Nested Loop", "Parent Relationship": "Outer", "Join Type": "Inner", "Startup Cost": 0.0, "Total Cost": 4050.42, "Plan Rows": 154, "Plan Width": 46, "Inner Unique": true, "Plans": [{"Node Type": "Nested Loop", "Parent Relationship": "Outer", "Join Type": "Inner", "Startup Cost": 0.0, "Total Cost": 3386.84, "Plan Rows": 154, "Plan Width": 33, "Inner Unique": true, "Plans": [{"Node Type": "Nested Loop", "Parent Relationship": "Outer", "Join Type": "Inner", "Startup Cost": 0.0, "Total Cost": 3343.66, "Plan Rows": 154, "Plan Width": 25, "Inner Unique": false, "Plans": [{"Node Type": "Nested Loop", "Parent Relationship": "Outer", "Join Type": "Inner", "Startup Cost": 0.0, "Total Cost": 3330.45, "Plan Rows": 33, "Plan Width": 25, "Inner Unique": true, "Plans": [{"Node Type": "Nested Loop", "Parent Relationship": "Outer", "Join Type": "Inner", "Startup Cost": 0.0, "Total Cost": 3319.92, "Plan Rows": 33, "Plan Width": 4, "Inner Unique": false, "Plans": [{"Node Type": "Index Scan", "Parent Relationship": "Outer", "Scan Direction": "Forward", "Index Name": "keyword_pkey", "Relation Name": "keyword", "Alias": "k", "Startup Cost": 0.0, "Total Cost": 3182.72, "Plan Rows": 1, "Plan Width": 4, "Filter": "((keyword)::text = '10,000-mile-club'::text)"}, {"Node Type": "Index Scan", "Parent Relationship": "Inner", "Scan Direction": "Forward", "Index Name": "keyword_id_movie_keyword", "Relation Name": "movie_keyword", "Alias": "mk", "Startup Cost": 0.0, "Total Cost": 136.88, "Plan Rows": 33, "Plan Width": 8, "Index Cond": "(keyword_id = k.id)"}]}, {"Node Type": "Index Scan", "Parent Relationship": "Inner", "Scan Direction": "Forward", "Index Name": "title_pkey", "Relation Name": "title", "Alias": "t1", "Startup Cost": 0.0, "Total Cost": 0.31, "Plan Rows": 1, "Plan Width": 21, "Index Cond": "(id = mk.movie_id)"}]}, {"Node Type": "Index Scan", "Parent Relationship": "Inner", "Scan Direction": "Forward", "Index Name": "movie_id_movie_link", "Relation Name": "movie_link", "Alias": "ml", "Startup Cost": 0.0, "Total Cost": 0.35, "Plan Rows": 5, "Plan Width": 12, "Index Cond": "(movie_id = t1.id)"}]}, {"Node Type": "Index Scan", "Parent Relationship": "Inner", "Scan Direction": "Forward", "Index Name": "link_type_pkey", "Relation Name": "link_type", "Alias": "lt", "Startup Cost": 0.0, "Total Cost": 0.27, "Plan Rows": 1, "Plan Width": 16, "Index Cond": "(id = ml.link_type_id)"}]}, {"Node Type": "Index Scan", "Parent Relationship": "Inner", "Scan Direction": "Forward", "Index Name": "title_pkey", "Relation Name": "title", "Alias": "t2", "Startup Cost": 0.0, "Total Cost": 4.3, "Plan Rows": 1, "Plan Width": 21, "Index Cond": "(id = ml.linked_movie_id)"}]}]}, "Unique SQL Id": 524435555, "Planner Runtime": 10}, "explain_analyze_plan": {"Plan": {"Node Type": "Aggregate", "Strategy": "Plain", "Startup Cost": 4051.57, "Total Cost": 4051.58, "Plan Rows": 1, "Plan Width": 142, "Actual Startup Time": 113.661, "Actual Total Time": 113.661, "Actual Rows": 1, "Actual Loops": 1, "Plans": [{"Node Type": "Nested Loop", "Parent Relationship": "Outer", "Join Type": "Inner", "Startup Cost": 0.0, "Total Cost": 4050.42, "Plan Rows": 154, "Plan Width": 46, "Actual Startup Time": 113.657, "Actual Total Time": 113.657, "Actual Rows": 0, "Actual Loops": 1, "Inner Unique": true, "Plans": [{"Node Type": "Nested Loop", "Parent Relationship": "Outer", "Join Type": "Inner", "Startup Cost": 0.0, "Total Cost": 3386.84, "Plan Rows": 154, "Plan Width": 33, "Actual Startup Time": 113.656, "Actual Total Time": 113.656, "Actual Rows": 0, "Actual Loops": 1, "Inner Unique": true, "Plans": [{"Node Type": "Nested Loop", "Parent Relationship": "Outer", "Join Type": "Inner", "Startup Cost": 0.0, "Total Cost": 3343.66, "Plan Rows": 154, "Plan Width": 25, "Actual Startup Time": 113.654, "Actual Total Time": 113.654, "Actual Rows": 0, "Actual Loops": 1, "Inner Unique": false, "Plans": [{"Node Type": "Nested Loop", "Parent Relationship": "Outer", "Join Type": "Inner", "Startup Cost": 0.0, "Total Cost": 3330.45, "Plan Rows": 33, "Plan Width": 25, "Actual Startup Time": 111.786, "Actual Total Time": 113.649, "Actual Rows": 1, "Actual Loops": 1, "Inner Unique": true, "Plans": [{"Node Type": "Nested Loop", "Parent Relationship": "Outer", "Join Type": "Inner", "Startup Cost": 0.0, "Total Cost": 3319.92, "Plan Rows": 33, "Plan Width": 4, "Actual Startup Time": 111.771, "Actual Total Time": 113.633, "Actual Rows": 1, "Actual Loops": 1, "Inner Unique": false, "Plans": [{"Node Type": "Index Scan", "Parent Relationship": "Outer", "Scan Direction": "Forward", "Index Name": "keyword_pkey", "Relation Name": "keyword", "Alias": "k", "Startup Cost": 0.0, "Total Cost": 3182.72, "Plan Rows": 1, "Plan Width": 4, "Actual Startup Time": 111.744, "Actual Total Time": 113.604, "Actual Rows": 1, "Actual Loops": 1, "Filter": "((keyword)::text = '10,000-mile-club'::text)", "Rows Removed by Filter": 134168}, {"Node Type": "Index Scan", "Parent Relationship": "Inner", "Scan Direction": "Forward", "Index Name": "keyword_id_movie_keyword", "Relation Name": "movie_keyword", "Alias": "mk", "Startup Cost": 0.0, "Total Cost": 136.88, "Plan Rows": 33, "Plan Width": 8, "Actual Startup Time": 0.017, "Actual Total Time": 0.017, "Actual Rows": 1, "Actual Loops": 1, "Index Cond": "(keyword_id = k.id)", "Rows Removed by Index Recheck": 0}]}, {"Node Type": "Index Scan", "Parent Relationship": "Inner", "Scan Direction": "Forward", "Index Name": "title_pkey", "Relation Name": "title", "Alias": "t1", "Startup Cost": 0.0, "Total Cost": 0.31, "Plan Rows": 1, "Plan Width": 21, "Actual Startup Time": 0.012, "Actual Total Time": 0.012, "Actual Rows": 1, "Actual Loops": 1, "Index Cond": "(id = mk.movie_id)", "Rows Removed by Index Recheck": 0}]}, {"Node Type": "Index Scan", "Parent Relationship": "Inner", "Scan Direction": "Forward", "Index Name": "movie_id_movie_link", "Relation Name": "movie_link", "Alias": "ml", "Startup Cost": 0.0, "Total Cost": 0.35, "Plan Rows": 5, "Plan Width": 12, "Actual Startup Time": 0.003, "Actual Total Time": 0.003, "Actual Rows": 0, "Actual Loops": 1, "Index Cond": "(movie_id = t1.id)", "Rows Removed by Index Recheck": 0}]}, {"Node Type": "Index Scan", "Parent Relationship": "Inner", "Scan Direction": "Forward", "Index Name": "link_type_pkey", "Relation Name": "link_type", "Alias": "lt", "Startup Cost": 0.0, "Total Cost": 0.27, "Plan Rows": 1, "Plan Width": 16, "Actual Startup Time": 0.0, "Actual Total Time": 0.0, "Index Cond": "(id = ml.link_type_id)", "Rows Removed by Index Recheck": 0}]}, {"Node Type": "Index Scan", "Parent Relationship": "Inner", "Scan Direction": "Forward", "Index Name": "title_pkey", "Relation Name": "title", "Alias": "t2", "Startup Cost": 0.0, "Total Cost": 4.3, "Plan Rows": 1, "Plan Width": 21, "Actual Startup Time": 0.0, "Actual Total Time": 0.0, "Index Cond": "(id = ml.linked_movie_id)", "Rows Removed by Index Recheck": 0}]}]}, "Triggers": [], "Planner Runtime": 3, "Total Runtime": 113.879, "Unique SQL Id": 524435555}}, "(16, 26)": {"explain_plan": {"Plan": {"Node Type": "Aggregate", "Strategy": "Plain", "Startup Cost": 199572.61, "Total Cost": 199572.64, "Plan Rows": 1, "Plan Width": 142, "Plans": [{"Node Type": "Streaming(type: LOCAL GATHER dop: 1/16)", "Parent Relationship": "Outer", "Startup Cost": 199572.61, "Total Cost": 199572.64, "Plan Rows": 1, "Plan Width": 142, "Plans": [{"Node Type": "Aggregate", "Strategy": "Plain", "Parent Relationship": "Outer", "Startup Cost": 199572.61, "Total Cost": 199572.62, "Plan Rows": 1, "Plan Width": 142, "Plans": [{"Node Type": "Nested Loop", "Parent Relationship": "Outer", "Join Type": "Inner", "Startup Cost": 0.0, "Total Cost": 199571.45, "Plan Rows": 154, "Plan Width": 46, "Inner Unique": false, "Join Filter": "(ml.linked_movie_id = t2.id)", "Plans": [{"Node Type": "Streaming(type: LOCAL REDISTRIBUTE dop: 16/16)", "Parent Relationship": "Outer", "Startup Cost": 0.0, "Total Cost": 43334.25, "Plan Rows": 2528311, "Plan Width": 21, "Plans": [{"Node Type": "Seq Scan", "Parent Relationship": "Outer", "Relation Name": "title", "Alias": "t2", "Startup Cost": 0.0, "Total Cost": 18754.32, "Plan Rows": 2528311, "Plan Width": 21}]}, {"Node Type": "Materialize", "Parent Relationship": "Inner", "Startup Cost": 0.0, "Total Cost": 133423.17, "Plan Rows": 154, "Plan Width": 33, "Plans": [{"Node Type": "Streaming(type: LOCAL REDISTRIBUTE dop: 16/1)", "Parent Relationship": "Outer", "Startup Cost": 0.0, "Total Cost": 133423.12, "Plan Rows": 154, "Plan Width": 33, "Plans": [{"Node Type": "Nested Loop", "Parent Relationship": "Outer", "Join Type": "Inner", "Startup Cost": 0.0, "Total Cost": 118416.72, "Plan Rows": 154, "Plan Width": 33, "Inner Unique": true, "Join Filter": "(ml.link_type_id = lt.id)", "Plans": [{"Node Type": "Nested Loop", "Parent Relationship": "Outer", "Join Type": "Inner", "Startup Cost": 0.0, "Total Cost": 118376.24, "Plan Rows": 154, "Plan Width": 25, "Inner Unique": false, "Join Filter": "(t1.id = ml.movie_id)", "Plans": [{"Node Type": "Seq Scan", "Parent Relationship": "Outer", "Relation Name": "movie_link", "Alias": "ml", "Startup Cost": 0.0, "Total Cost": 430.96, "Plan Rows": 29996, "Plan Width": 12}, {"Node Type": "Materialize", "Parent Relationship": "Inner", "Startup Cost": 0.0, "Total Cost": 103097.34, "Plan Rows": 33, "Plan Width": 25, "Plans": [{"Node Type": "Streaming(type: LOCAL GATHER dop: 1/16)", "Parent Relationship": "Outer", "Startup Cost": 0.0, "Total Cost": 103097.17, "Plan Rows": 33, "Plan Width": 25, "Plans": [{"Node Type": "Nested Loop", "Parent Relationship": "Outer", "Join Type": "Inner", "Startup Cost": 0.0, "Total Cost": 103096.46, "Plan Rows": 33, "Plan Width": 25, "Inner Unique": false, "Join Filter": "(mk.movie_id = t1.id)", "Plans": [{"Node Type": "Streaming(type: LOCAL REDISTRIBUTE dop: 16/16)", "Parent Relationship": "Outer", "Startup Cost": 0.0, "Total Cost": 43334.25, "Plan Rows": 2528311, "Plan Width": 21, "Plans": [{"Node Type": "Seq Scan", "Parent Relationship": "Outer", "Relation Name": "title", "Alias": "t1", "Startup Cost": 0.0, "Total Cost": 18754.32, "Plan Rows": 2528311, "Plan Width": 21}]}, {"Node Type": "Materialize", "Parent Relationship": "Inner", "Startup Cost": 0.0, "Total Cost": 54873.49, "Plan Rows": 33, "Plan Width": 4, "Plans": [{"Node Type": "Streaming(type: LOCAL REDISTRIBUTE dop: 16/16)", "Parent Relationship": "Outer", "Startup Cost": 0.0, "Total Cost": 54873.48, "Plan Rows": 33, "Plan Width": 4, "Plans": [{"Node Type": "Nested Loop", "Parent Relationship": "Outer", "Join Type": "Inner", "Startup Cost": 0.0, "Total Cost": 39873.36, "Plan Rows": 33, "Plan Width": 4, "Inner Unique": false, "Join Filter": "(k.id = mk.keyword_id)", "Plans": [{"Node Type": "Streaming(type: BROADCAST dop: 16/1)", "Parent Relationship": "Outer", "Startup Cost": 0.0, "Total Cost": 17436.46, "Plan Rows": 16, "Plan Width": 4, "Plans": [{"Node Type": "Seq Scan", "Parent Relationship": "Outer", "Relation Name": "keyword", "Alias": "k", "Startup Cost": 0.0, "Total Cost": 2436.11, "Plan Rows": 1, "Plan Width": 4, "Filter": "((keyword)::text = '10,000-mile-club'::text)"}]}, {"Node Type": "Seq Scan", "Parent Relationship": "Inner", "Relation Name": "movie_keyword", "Alias": "mk", "Startup Cost": 0.0, "Total Cost": 18902.58, "Plan Rows": 4523929, "Plan Width": 8}]}]}]}]}]}]}]}, {"Node Type": "Materialize", "Parent Relationship": "Inner", "Startup Cost": 0.0, "Total Cost": 1.25, "Plan Rows": 17, "Plan Width": 16, "Plans": [{"Node Type": "Seq Scan", "Parent Relationship": "Outer", "Relation Name": "link_type", "Alias": "lt", "Startup Cost": 0.0, "Total Cost": 1.17, "Plan Rows": 17, "Plan Width": 16}]}]}]}]}]}]}]}]}, "Unique SQL Id": 524435555, "Planner Runtime": 8}, "explain_analyze_plan": null}, "(16, 27)": {"explain_plan": {"Plan": {"Node Type": "Aggregate", "Strategy": "Plain", "Startup Cost": 3151838021043.93, "Total Cost": 3151838021043.94, "Plan Rows": 1, "Plan Width": 142, "Plans": [{"Node Type": "Nested Loop", "Parent Relationship": "Outer", "Join Type": "Inner", "Startup Cost": 1230056461532.74, "Total Cost": 3151838021042.77, "Plan Rows": 154, "Plan Width": 46, "Inner Unique": false, "Join Filter": "(ml.linked_movie_id = t2.id)", "Plans": [{"Node Type": "Index Scan", "Parent Relationship": "Outer", "Scan Direction": "Forward", "Index Name": "title_pkey", "Relation Name": "title", "Alias": "t2", "Startup Cost": 10000000000.0, "Total Cost": 1000011012048.91, "Plan Rows": 2528311, "Plan Width": 21}, {"Node Type": "Materialize", "Parent Relationship": "Inner", "Startup Cost": 1220056461532.74, "Total Cost": 2151821168595.83, "Plan Rows": 154, "Plan Width": 33, "Plans": [{"Node Type": "Merge Join", "Parent Relationship": "Outer", "Join Type": "Inner", "Startup Cost": 1220056461532.74, "Total Cost": 2151821168595.06, "Plan Rows": 154, "Plan Width": 33, "Inner Unique": true, "Merge Cond": "(ml.link_type_id = lt.id)", "Plans": [{"Node Type": "Sort", "Parent Relationship": "Outer", "Startup Cost": 1210056461532.71, "Total Cost": 1210056461533.1, "Plan Rows": 154, "Plan Width": 25, "Sort Key": ["ml.link_type_id"], "Plans": [{"Node Type": "Merge Join", "Parent Relationship": "Outer", "Join Type": "Inner", "Startup Cost": 40120995164.23, "Total Cost": 1210056461527.12, "Plan Rows": 154, "Plan Width": 25, "Inner Unique": false, "Merge Cond": "(t1.id = ml.movie_id)", "Plans": [{"Node Type": "Merge Join", "Parent Relationship": "Outer", "Join Type": "Inner", "Startup Cost": 30120995164.23, "Total Cost": 2999054436549.81, "Plan Rows": 33, "Plan Width": 25, "Inner Unique": true, "Merge Cond": "(mk.movie_id = t1.id)", "Plans": [{"Node Type": "Nested Loop", "Parent Relationship": "Outer", "Join Type": "Inner", "Startup Cost": 20000000000.0, "Total Cost": 2000015686764.79, "Plan Rows": 33, "Plan Width": 4, "Inner Unique": true, "Join Filter": "(k.id = mk.keyword_id)", "Plans": [{"Node Type": "Index Scan", "Parent Relationship": "Outer", "Scan Direction": "Forward", "Index Name": "movie_id_movie_keyword", "Relation Name": "movie_keyword", "Alias": "mk", "Startup Cost": 10000000000.0, "Total Cost": 1000015300634.17, "Plan Rows": 4523929, "Plan Width": 8}, {"Node Type": "Materialize", "Parent Relationship": "Inner", "Startup Cost": 10000000000.0, "Total Cost": 1000000318271.69, "Plan Rows": 1, "Plan Width": 4, "Plans": [{"Node Type": "Index Scan", "Parent Relationship": "Outer", "Scan Direction": "Forward", "Index Name": "keyword_pkey", "Relation Name": "keyword", "Alias": "k", "Startup Cost": 10000000000.0, "Total Cost": 1000000318271.68, "Plan Rows": 1, "Plan Width": 4, "Filter": "((keyword)::text = '10,000-mile-club'::text)"}]}]}, {"Node Type": "Index Scan", "Parent Relationship": "Inner", "Scan Direction": "Forward", "Index Name": "title_pkey", "Relation Name": "title", "Alias": "t1", "Startup Cost": 10000000000.0, "Total Cost": 1000011012048.91, "Plan Rows": 2528311, "Plan Width": 21}]}, {"Node Type": "Index Scan", "Parent Relationship": "Inner", "Scan Direction": "Forward", "Index Name": "movie_id_movie_link", "Relation Name": "movie_link", "Alias": "ml", "Startup Cost": 10000000000.0, "Total Cost": 1000000106202.37, "Plan Rows": 29996, "Plan Width": 12}]}]}, {"Node Type": "Materialize", "Parent Relationship": "Inner", "Startup Cost": 10000000000.0, "Total Cost": 1000000001250.54, "Plan Rows": 17, "Plan Width": 16, "Plans": [{"Node Type": "Index Scan", "Parent Relationship": "Outer", "Scan Direction": "Forward", "Index Name": "link_type_pkey", "Relation Name": "link_type", "Alias": "lt", "Startup Cost": 10000000000.0, "Total Cost": 1000000001250.5, "Plan Rows": 17, "Plan Width": 16}]}]}]}]}]}, "Unique SQL Id": 524435555, "Planner Runtime": 17}, "explain_analyze_plan": null}, "(16, 28)": {"explain_plan": {"Plan": {"Node Type": "Aggregate", "Strategy": "Plain", "Startup Cost": 3302.27, "Total Cost": 3302.28, "Plan Rows": 1, "Plan Width": 142, "Plans": [{"Node Type": "Nested Loop", "Parent Relationship": "Outer", "Join Type": "Inner", "Startup Cost": 0.0, "Total Cost": 3301.12, "Plan Rows": 154, "Plan Width": 46, "Inner Unique": true, "Plans": [{"Node Type": "Nested Loop", "Parent Relationship": "Outer", "Join Type": "Inner", "Startup Cost": 0.0, "Total Cost": 2637.54, "Plan Rows": 154, "Plan Width": 33, "Inner Unique": true, "Join Filter": "(ml.link_type_id = lt.id)", "Plans": [{"Node Type": "Nested Loop", "Parent Relationship": "Outer", "Join Type": "Inner", "Startup Cost": 0.0, "Total Cost": 2597.06, "Plan Rows": 154, "Plan Width": 25, "Inner Unique": false, "Plans": [{"Node Type": "Nested Loop", "Parent Relationship": "Outer", "Join Type": "Inner", "Startup Cost": 0.0, "Total Cost": 2583.84, "Plan Rows": 33, "Plan Width": 25, "Inner Unique": true, "Plans": [{"Node Type": "Nested Loop", "Parent Relationship": "Outer", "Join Type": "Inner", "Startup Cost": 0.0, "Total Cost": 2573.32, "Plan Rows": 33, "Plan Width": 4, "Inner Unique": false, "Plans": [{"Node Type": "Seq Scan", "Parent Relationship": "Outer", "Relation Name": "keyword", "Alias": "k", "Startup Cost": 0.0, "Total Cost": 2436.11, "Plan Rows": 1, "Plan Width": 4, "Filter": "((keyword)::text = '10,000-mile-club'::text)"}, {"Node Type": "Index Scan", "Parent Relationship": "Inner", "Scan Direction": "Forward", "Index Name": "keyword_id_movie_keyword", "Relation Name": "movie_keyword", "Alias": "mk", "Startup Cost": 0.0, "Total Cost": 136.88, "Plan Rows": 33, "Plan Width": 8, "Index Cond": "(keyword_id = k.id)"}]}, {"Node Type": "Index Scan", "Parent Relationship": "Inner", "Scan Direction": "Forward", "Index Name": "title_pkey", "Relation Name": "title", "Alias": "t1", "Startup Cost": 0.0, "Total Cost": 0.31, "Plan Rows": 1, "Plan Width": 21, "Index Cond": "(id = mk.movie_id)"}]}, {"Node Type": "Index Scan", "Parent Relationship": "Inner", "Scan Direction": "Forward", "Index Name": "movie_id_movie_link", "Relation Name": "movie_link", "Alias": "ml", "Startup Cost": 0.0, "Total Cost": 0.35, "Plan Rows": 5, "Plan Width": 12, "Index Cond": "(movie_id = t1.id)"}]}, {"Node Type": "Materialize", "Parent Relationship": "Inner", "Startup Cost": 0.0, "Total Cost": 1.25, "Plan Rows": 17, "Plan Width": 16, "Plans": [{"Node Type": "Seq Scan", "Parent Relationship": "Outer", "Relation Name": "link_type", "Alias": "lt", "Startup Cost": 0.0, "Total Cost": 1.17, "Plan Rows": 17, "Plan Width": 16}]}]}, {"Node Type": "Index Scan", "Parent Relationship": "Inner", "Scan Direction": "Forward", "Index Name": "title_pkey", "Relation Name": "title", "Alias": "t2", "Startup Cost": 0.0, "Total Cost": 4.3, "Plan Rows": 1, "Plan Width": 21, "Index Cond": "(id = ml.linked_movie_id)"}]}]}, "Unique SQL Id": 524435555, "Planner Runtime": 11}, "explain_analyze_plan": {"Plan": {"Node Type": "Aggregate", "Strategy": "Plain", "Startup Cost": 3302.27, "Total Cost": 3302.28, "Plan Rows": 1, "Plan Width": 142, "Actual Startup Time": 40.736, "Actual Total Time": 40.736, "Actual Rows": 1, "Actual Loops": 1, "Plans": [{"Node Type": "Nested Loop", "Parent Relationship": "Outer", "Join Type": "Inner", "Startup Cost": 0.0, "Total Cost": 3301.12, "Plan Rows": 154, "Plan Width": 46, "Actual Startup Time": 40.731, "Actual Total Time": 40.731, "Actual Rows": 0, "Actual Loops": 1, "Inner Unique": true, "Plans": [{"Node Type": "Nested Loop", "Parent Relationship": "Outer", "Join Type": "Inner", "Startup Cost": 0.0, "Total Cost": 2637.54, "Plan Rows": 154, "Plan Width": 33, "Actual Startup Time": 40.729, "Actual Total Time": 40.729, "Actual Rows": 0, "Actual Loops": 1, "Inner Unique": true, "Join Filter": "(ml.link_type_id = lt.id)", "Rows Removed by Join Filter": 0, "Plans": [{"Node Type": "Nested Loop", "Parent Relationship": "Outer", "Join Type": "Inner", "Startup Cost": 0.0, "Total Cost": 2597.06, "Plan Rows": 154, "Plan Width": 25, "Actual Startup Time": 40.728, "Actual Total Time": 40.728, "Actual Rows": 0, "Actual Loops": 1, "Inner Unique": false, "Plans": [{"Node Type": "Nested Loop", "Parent Relationship": "Outer", "Join Type": "Inner", "Startup Cost": 0.0, "Total Cost": 2583.84, "Plan Rows": 33, "Plan Width": 25, "Actual Startup Time": 39.856, "Actual Total Time": 40.723, "Actual Rows": 1, "Actual Loops": 1, "Inner Unique": true, "Plans": [{"Node Type": "Nested Loop", "Parent Relationship": "Outer", "Join Type": "Inner", "Startup Cost": 0.0, "Total Cost": 2573.32, "Plan Rows": 33, "Plan Width": 4, "Actual Startup Time": 39.843, "Actual Total Time": 40.709, "Actual Rows": 1, "Actual Loops": 1, "Inner Unique": false, "Plans": [{"Node Type": "Seq Scan", "Parent Relationship": "Outer", "Relation Name": "keyword", "Alias": "k", "Startup Cost": 0.0, "Total Cost": 2436.11, "Plan Rows": 1, "Plan Width": 4, "Actual Startup Time": 39.815, "Actual Total Time": 40.68, "Actual Rows": 1, "Actual Loops": 1, "Filter": "((keyword)::text = '10,000-mile-club'::text)", "Rows Removed by Filter": 134168}, {"Node Type": "Index Scan", "Parent Relationship": "Inner", "Scan Direction": "Forward", "Index Name": "keyword_id_movie_keyword", "Relation Name": "movie_keyword", "Alias": "mk", "Startup Cost": 0.0, "Total Cost": 136.88, "Plan Rows": 33, "Plan Width": 8, "Actual Startup Time": 0.021, "Actual Total Time": 0.022, "Actual Rows": 1, "Actual Loops": 1, "Index Cond": "(keyword_id = k.id)", "Rows Removed by Index Recheck": 0}]}, {"Node Type": "Index Scan", "Parent Relationship": "Inner", "Scan Direction": "Forward", "Index Name": "title_pkey", "Relation Name": "title", "Alias": "t1", "Startup Cost": 0.0, "Total Cost": 0.31, "Plan Rows": 1, "Plan Width": 21, "Actual Startup Time": 0.01, "Actual Total Time": 0.01, "Actual Rows": 1, "Actual Loops": 1, "Index Cond": "(id = mk.movie_id)", "Rows Removed by Index Recheck": 0}]}, {"Node Type": "Index Scan", "Parent Relationship": "Inner", "Scan Direction": "Forward", "Index Name": "movie_id_movie_link", "Relation Name": "movie_link", "Alias": "ml", "Startup Cost": 0.0, "Total Cost": 0.35, "Plan Rows": 5, "Plan Width": 12, "Actual Startup Time": 0.003, "Actual Total Time": 0.003, "Actual Rows": 0, "Actual Loops": 1, "Index Cond": "(movie_id = t1.id)", "Rows Removed by Index Recheck": 0}]}, {"Node Type": "Materialize", "Parent Relationship": "Inner", "Startup Cost": 0.0, "Total Cost": 1.25, "Plan Rows": 17, "Plan Width": 16, "Actual Startup Time": 0.0, "Actual Total Time": 0.0, "Plans": [{"Node Type": "Seq Scan", "Parent Relationship": "Outer", "Relation Name": "link_type", "Alias": "lt", "Startup Cost": 0.0, "Total Cost": 1.17, "Plan Rows": 17, "Plan Width": 16, "Actual Startup Time": 0.0, "Actual Total Time": 0.0}]}]}, {"Node Type": "Index Scan", "Parent Relationship": "Inner", "Scan Direction": "Forward", "Index Name": "title_pkey", "Relation Name": "title", "Alias": "t2", "Startup Cost": 0.0, "Total Cost": 4.3, "Plan Rows": 1, "Plan Width": 21, "Actual Startup Time": 0.0, "Actual Total Time": 0.0, "Index Cond": "(id = ml.linked_movie_id)", "Rows Removed by Index Recheck": 0}]}]}, "Triggers": [], "Planner Runtime": 3, "Total Runtime": 40.95, "Unique SQL Id": 524435555}}, "(16, 29)": {"explain_plan": {"Plan": {"Node Type": "Aggregate", "Strategy": "Plain", "Startup Cost": 4051.57, "Total Cost": 4051.58, "Plan Rows": 1, "Plan Width": 142, "Plans": [{"Node Type": "Nested Loop", "Parent Relationship": "Outer", "Join Type": "Inner", "Startup Cost": 0.0, "Total Cost": 4050.42, "Plan Rows": 154, "Plan Width": 46, "Inner Unique": true, "Plans": [{"Node Type": "Nested Loop", "Parent Relationship": "Outer", "Join Type": "Inner", "Startup Cost": 0.0, "Total Cost": 3386.84, "Plan Rows": 154, "Plan Width": 33, "Inner Unique": true, "Plans": [{"Node Type": "Nested Loop", "Parent Relationship": "Outer", "Join Type": "Inner", "Startup Cost": 0.0, "Total Cost": 3343.66, "Plan Rows": 154, "Plan Width": 25, "Inner Unique": false, "Plans": [{"Node Type": "Nested Loop", "Parent Relationship": "Outer", "Join Type": "Inner", "Startup Cost": 0.0, "Total Cost": 3330.45, "Plan Rows": 33, "Plan Width": 25, "Inner Unique": true, "Plans": [{"Node Type": "Nested Loop", "Parent Relationship": "Outer", "Join Type": "Inner", "Startup Cost": 0.0, "Total Cost": 3319.92, "Plan Rows": 33, "Plan Width": 4, "Inner Unique": false, "Plans": [{"Node Type": "Index Scan", "Parent Relationship": "Outer", "Scan Direction": "Forward", "Index Name": "keyword_pkey", "Relation Name": "keyword", "Alias": "k", "Startup Cost": 0.0, "Total Cost": 3182.72, "Plan Rows": 1, "Plan Width": 4, "Filter": "((keyword)::text = '10,000-mile-club'::text)"}, {"Node Type": "Index Scan", "Parent Relationship": "Inner", "Scan Direction": "Forward", "Index Name": "keyword_id_movie_keyword", "Relation Name": "movie_keyword", "Alias": "mk", "Startup Cost": 0.0, "Total Cost": 136.88, "Plan Rows": 33, "Plan Width": 8, "Index Cond": "(keyword_id = k.id)"}]}, {"Node Type": "Index Scan", "Parent Relationship": "Inner", "Scan Direction": "Forward", "Index Name": "title_pkey", "Relation Name": "title", "Alias": "t1", "Startup Cost": 0.0, "Total Cost": 0.31, "Plan Rows": 1, "Plan Width": 21, "Index Cond": "(id = mk.movie_id)"}]}, {"Node Type": "Index Scan", "Parent Relationship": "Inner", "Scan Direction": "Forward", "Index Name": "movie_id_movie_link", "Relation Name": "movie_link", "Alias": "ml", "Startup Cost": 0.0, "Total Cost": 0.35, "Plan Rows": 5, "Plan Width": 12, "Index Cond": "(movie_id = t1.id)"}]}, {"Node Type": "Index Scan", "Parent Relationship": "Inner", "Scan Direction": "Forward", "Index Name": "link_type_pkey", "Relation Name": "link_type", "Alias": "lt", "Startup Cost": 0.0, "Total Cost": 0.27, "Plan Rows": 1, "Plan Width": 16, "Index Cond": "(id = ml.link_type_id)"}]}, {"Node Type": "Index Scan", "Parent Relationship": "Inner", "Scan Direction": "Forward", "Index Name": "title_pkey", "Relation Name": "title", "Alias": "t2", "Startup Cost": 0.0, "Total Cost": 4.3, "Plan Rows": 1, "Plan Width": 21, "Index Cond": "(id = ml.linked_movie_id)"}]}]}, "Unique SQL Id": 524435555, "Planner Runtime": 10}, "explain_analyze_plan": {"Plan": {"Node Type": "Aggregate", "Strategy": "Plain", "Startup Cost": 4051.57, "Total Cost": 4051.58, "Plan Rows": 1, "Plan Width": 142, "Actual Startup Time": 113.661, "Actual Total Time": 113.661, "Actual Rows": 1, "Actual Loops": 1, "Plans": [{"Node Type": "Nested Loop", "Parent Relationship": "Outer", "Join Type": "Inner", "Startup Cost": 0.0, "Total Cost": 4050.42, "Plan Rows": 154, "Plan Width": 46, "Actual Startup Time": 113.657, "Actual Total Time": 113.657, "Actual Rows": 0, "Actual Loops": 1, "Inner Unique": true, "Plans": [{"Node Type": "Nested Loop", "Parent Relationship": "Outer", "Join Type": "Inner", "Startup Cost": 0.0, "Total Cost": 3386.84, "Plan Rows": 154, "Plan Width": 33, "Actual Startup Time": 113.656, "Actual Total Time": 113.656, "Actual Rows": 0, "Actual Loops": 1, "Inner Unique": true, "Plans": [{"Node Type": "Nested Loop", "Parent Relationship": "Outer", "Join Type": "Inner", "Startup Cost": 0.0, "Total Cost": 3343.66, "Plan Rows": 154, "Plan Width": 25, "Actual Startup Time": 113.654, "Actual Total Time": 113.654, "Actual Rows": 0, "Actual Loops": 1, "Inner Unique": false, "Plans": [{"Node Type": "Nested Loop", "Parent Relationship": "Outer", "Join Type": "Inner", "Startup Cost": 0.0, "Total Cost": 3330.45, "Plan Rows": 33, "Plan Width": 25, "Actual Startup Time": 111.786, "Actual Total Time": 113.649, "Actual Rows": 1, "Actual Loops": 1, "Inner Unique": true, "Plans": [{"Node Type": "Nested Loop", "Parent Relationship": "Outer", "Join Type": "Inner", "Startup Cost": 0.0, "Total Cost": 3319.92, "Plan Rows": 33, "Plan Width": 4, "Actual Startup Time": 111.771, "Actual Total Time": 113.633, "Actual Rows": 1, "Actual Loops": 1, "Inner Unique": false, "Plans": [{"Node Type": "Index Scan", "Parent Relationship": "Outer", "Scan Direction": "Forward", "Index Name": "keyword_pkey", "Relation Name": "keyword", "Alias": "k", "Startup Cost": 0.0, "Total Cost": 3182.72, "Plan Rows": 1, "Plan Width": 4, "Actual Startup Time": 111.744, "Actual Total Time": 113.604, "Actual Rows": 1, "Actual Loops": 1, "Filter": "((keyword)::text = '10,000-mile-club'::text)", "Rows Removed by Filter": 134168}, {"Node Type": "Index Scan", "Parent Relationship": "Inner", "Scan Direction": "Forward", "Index Name": "keyword_id_movie_keyword", "Relation Name": "movie_keyword", "Alias": "mk", "Startup Cost": 0.0, "Total Cost": 136.88, "Plan Rows": 33, "Plan Width": 8, "Actual Startup Time": 0.017, "Actual Total Time": 0.017, "Actual Rows": 1, "Actual Loops": 1, "Index Cond": "(keyword_id = k.id)", "Rows Removed by Index Recheck": 0}]}, {"Node Type": "Index Scan", "Parent Relationship": "Inner", "Scan Direction": "Forward", "Index Name": "title_pkey", "Relation Name": "title", "Alias": "t1", "Startup Cost": 0.0, "Total Cost": 0.31, "Plan Rows": 1, "Plan Width": 21, "Actual Startup Time": 0.012, "Actual Total Time": 0.012, "Actual Rows": 1, "Actual Loops": 1, "Index Cond": "(id = mk.movie_id)", "Rows Removed by Index Recheck": 0}]}, {"Node Type": "Index Scan", "Parent Relationship": "Inner", "Scan Direction": "Forward", "Index Name": "movie_id_movie_link", "Relation Name": "movie_link", "Alias": "ml", "Startup Cost": 0.0, "Total Cost": 0.35, "Plan Rows": 5, "Plan Width": 12, "Actual Startup Time": 0.003, "Actual Total Time": 0.003, "Actual Rows": 0, "Actual Loops": 1, "Index Cond": "(movie_id = t1.id)", "Rows Removed by Index Recheck": 0}]}, {"Node Type": "Index Scan", "Parent Relationship": "Inner", "Scan Direction": "Forward", "Index Name": "link_type_pkey", "Relation Name": "link_type", "Alias": "lt", "Startup Cost": 0.0, "Total Cost": 0.27, "Plan Rows": 1, "Plan Width": 16, "Actual Startup Time": 0.0, "Actual Total Time": 0.0, "Index Cond": "(id = ml.link_type_id)", "Rows Removed by Index Recheck": 0}]}, {"Node Type": "Index Scan", "Parent Relationship": "Inner", "Scan Direction": "Forward", "Index Name": "title_pkey", "Relation Name": "title", "Alias": "t2", "Startup Cost": 0.0, "Total Cost": 4.3, "Plan Rows": 1, "Plan Width": 21, "Actual Startup Time": 0.0, "Actual Total Time": 0.0, "Index Cond": "(id = ml.linked_movie_id)", "Rows Removed by Index Recheck": 0}]}]}, "Triggers": [], "Planner Runtime": 3, "Total Runtime": 113.879, "Unique SQL Id": 524435555}}, "(16, 30)": {"explain_plan": {"Plan": {"Node Type": "Aggregate", "Strategy": "Plain", "Startup Cost": 199572.61, "Total Cost": 199572.64, "Plan Rows": 1, "Plan Width": 142, "Plans": [{"Node Type": "Streaming(type: LOCAL GATHER dop: 1/16)", "Parent Relationship": "Outer", "Startup Cost": 199572.61, "Total Cost": 199572.64, "Plan Rows": 1, "Plan Width": 142, "Plans": [{"Node Type": "Aggregate", "Strategy": "Plain", "Parent Relationship": "Outer", "Startup Cost": 199572.61, "Total Cost": 199572.62, "Plan Rows": 1, "Plan Width": 142, "Plans": [{"Node Type": "Nested Loop", "Parent Relationship": "Outer", "Join Type": "Inner", "Startup Cost": 0.0, "Total Cost": 199571.45, "Plan Rows": 154, "Plan Width": 46, "Inner Unique": false, "Join Filter": "(ml.linked_movie_id = t2.id)", "Plans": [{"Node Type": "Streaming(type: LOCAL REDISTRIBUTE dop: 16/16)", "Parent Relationship": "Outer", "Startup Cost": 0.0, "Total Cost": 43334.25, "Plan Rows": 2528311, "Plan Width": 21, "Plans": [{"Node Type": "Seq Scan", "Parent Relationship": "Outer", "Relation Name": "title", "Alias": "t2", "Startup Cost": 0.0, "Total Cost": 18754.32, "Plan Rows": 2528311, "Plan Width": 21}]}, {"Node Type": "Materialize", "Parent Relationship": "Inner", "Startup Cost": 0.0, "Total Cost": 133423.17, "Plan Rows": 154, "Plan Width": 33, "Plans": [{"Node Type": "Streaming(type: LOCAL REDISTRIBUTE dop: 16/1)", "Parent Relationship": "Outer", "Startup Cost": 0.0, "Total Cost": 133423.12, "Plan Rows": 154, "Plan Width": 33, "Plans": [{"Node Type": "Nested Loop", "Parent Relationship": "Outer", "Join Type": "Inner", "Startup Cost": 0.0, "Total Cost": 118416.72, "Plan Rows": 154, "Plan Width": 33, "Inner Unique": true, "Join Filter": "(ml.link_type_id = lt.id)", "Plans": [{"Node Type": "Nested Loop", "Parent Relationship": "Outer", "Join Type": "Inner", "Startup Cost": 0.0, "Total Cost": 118376.24, "Plan Rows": 154, "Plan Width": 25, "Inner Unique": false, "Join Filter": "(t1.id = ml.movie_id)", "Plans": [{"Node Type": "Seq Scan", "Parent Relationship": "Outer", "Relation Name": "movie_link", "Alias": "ml", "Startup Cost": 0.0, "Total Cost": 430.96, "Plan Rows": 29996, "Plan Width": 12}, {"Node Type": "Materialize", "Parent Relationship": "Inner", "Startup Cost": 0.0, "Total Cost": 103097.34, "Plan Rows": 33, "Plan Width": 25, "Plans": [{"Node Type": "Streaming(type: LOCAL GATHER dop: 1/16)", "Parent Relationship": "Outer", "Startup Cost": 0.0, "Total Cost": 103097.17, "Plan Rows": 33, "Plan Width": 25, "Plans": [{"Node Type": "Nested Loop", "Parent Relationship": "Outer", "Join Type": "Inner", "Startup Cost": 0.0, "Total Cost": 103096.46, "Plan Rows": 33, "Plan Width": 25, "Inner Unique": false, "Join Filter": "(mk.movie_id = t1.id)", "Plans": [{"Node Type": "Streaming(type: LOCAL REDISTRIBUTE dop: 16/16)", "Parent Relationship": "Outer", "Startup Cost": 0.0, "Total Cost": 43334.25, "Plan Rows": 2528311, "Plan Width": 21, "Plans": [{"Node Type": "Seq Scan", "Parent Relationship": "Outer", "Relation Name": "title", "Alias": "t1", "Startup Cost": 0.0, "Total Cost": 18754.32, "Plan Rows": 2528311, "Plan Width": 21}]}, {"Node Type": "Materialize", "Parent Relationship": "Inner", "Startup Cost": 0.0, "Total Cost": 54873.49, "Plan Rows": 33, "Plan Width": 4, "Plans": [{"Node Type": "Streaming(type: LOCAL REDISTRIBUTE dop: 16/16)", "Parent Relationship": "Outer", "Startup Cost": 0.0, "Total Cost": 54873.48, "Plan Rows": 33, "Plan Width": 4, "Plans": [{"Node Type": "Nested Loop", "Parent Relationship": "Outer", "Join Type": "Inner", "Startup Cost": 0.0, "Total Cost": 39873.36, "Plan Rows": 33, "Plan Width": 4, "Inner Unique": false, "Join Filter": "(k.id = mk.keyword_id)", "Plans": [{"Node Type": "Streaming(type: BROADCAST dop: 16/1)", "Parent Relationship": "Outer", "Startup Cost": 0.0, "Total Cost": 17436.46, "Plan Rows": 16, "Plan Width": 4, "Plans": [{"Node Type": "Seq Scan", "Parent Relationship": "Outer", "Relation Name": "keyword", "Alias": "k", "Startup Cost": 0.0, "Total Cost": 2436.11, "Plan Rows": 1, "Plan Width": 4, "Filter": "((keyword)::text = '10,000-mile-club'::text)"}]}, {"Node Type": "Seq Scan", "Parent Relationship": "Inner", "Relation Name": "movie_keyword", "Alias": "mk", "Startup Cost": 0.0, "Total Cost": 18902.58, "Plan Rows": 4523929, "Plan Width": 8}]}]}]}]}]}]}]}, {"Node Type": "Materialize", "Parent Relationship": "Inner", "Startup Cost": 0.0, "Total Cost": 1.25, "Plan Rows": 17, "Plan Width": 16, "Plans": [{"Node Type": "Seq Scan", "Parent Relationship": "Outer", "Relation Name": "link_type", "Alias": "lt", "Startup Cost": 0.0, "Total Cost": 1.17, "Plan Rows": 17, "Plan Width": 16}]}]}]}]}]}]}]}]}, "Unique SQL Id": 524435555, "Planner Runtime": 8}, "explain_analyze_plan": null}, "(16, 31)": {"explain_plan": {"Plan": {"Node Type": "Aggregate", "Strategy": "Plain", "Startup Cost": 3151838021043.93, "Total Cost": 3151838021043.94, "Plan Rows": 1, "Plan Width": 142, "Plans": [{"Node Type": "Nested Loop", "Parent Relationship": "Outer", "Join Type": "Inner", "Startup Cost": 1230056461532.74, "Total Cost": 3151838021042.77, "Plan Rows": 154, "Plan Width": 46, "Inner Unique": false, "Join Filter": "(ml.linked_movie_id = t2.id)", "Plans": [{"Node Type": "Index Scan", "Parent Relationship": "Outer", "Scan Direction": "Forward", "Index Name": "title_pkey", "Relation Name": "title", "Alias": "t2", "Startup Cost": 10000000000.0, "Total Cost": 1000011012048.91, "Plan Rows": 2528311, "Plan Width": 21}, {"Node Type": "Materialize", "Parent Relationship": "Inner", "Startup Cost": 1220056461532.74, "Total Cost": 2151821168595.83, "Plan Rows": 154, "Plan Width": 33, "Plans": [{"Node Type": "Merge Join", "Parent Relationship": "Outer", "Join Type": "Inner", "Startup Cost": 1220056461532.74, "Total Cost": 2151821168595.06, "Plan Rows": 154, "Plan Width": 33, "Inner Unique": true, "Merge Cond": "(ml.link_type_id = lt.id)", "Plans": [{"Node Type": "Sort", "Parent Relationship": "Outer", "Startup Cost": 1210056461532.71, "Total Cost": 1210056461533.1, "Plan Rows": 154, "Plan Width": 25, "Sort Key": ["ml.link_type_id"], "Plans": [{"Node Type": "Merge Join", "Parent Relationship": "Outer", "Join Type": "Inner", "Startup Cost": 40120995164.23, "Total Cost": 1210056461527.12, "Plan Rows": 154, "Plan Width": 25, "Inner Unique": false, "Merge Cond": "(t1.id = ml.movie_id)", "Plans": [{"Node Type": "Merge Join", "Parent Relationship": "Outer", "Join Type": "Inner", "Startup Cost": 30120995164.23, "Total Cost": 2999054436549.81, "Plan Rows": 33, "Plan Width": 25, "Inner Unique": true, "Merge Cond": "(mk.movie_id = t1.id)", "Plans": [{"Node Type": "Nested Loop", "Parent Relationship": "Outer", "Join Type": "Inner", "Startup Cost": 20000000000.0, "Total Cost": 2000015686764.79, "Plan Rows": 33, "Plan Width": 4, "Inner Unique": true, "Join Filter": "(k.id = mk.keyword_id)", "Plans": [{"Node Type": "Index Scan", "Parent Relationship": "Outer", "Scan Direction": "Forward", "Index Name": "movie_id_movie_keyword", "Relation Name": "movie_keyword", "Alias": "mk", "Startup Cost": 10000000000.0, "Total Cost": 1000015300634.17, "Plan Rows": 4523929, "Plan Width": 8}, {"Node Type": "Materialize", "Parent Relationship": "Inner", "Startup Cost": 10000000000.0, "Total Cost": 1000000318271.69, "Plan Rows": 1, "Plan Width": 4, "Plans": [{"Node Type": "Index Scan", "Parent Relationship": "Outer", "Scan Direction": "Forward", "Index Name": "keyword_pkey", "Relation Name": "keyword", "Alias": "k", "Startup Cost": 10000000000.0, "Total Cost": 1000000318271.68, "Plan Rows": 1, "Plan Width": 4, "Filter": "((keyword)::text = '10,000-mile-club'::text)"}]}]}, {"Node Type": "Index Scan", "Parent Relationship": "Inner", "Scan Direction": "Forward", "Index Name": "title_pkey", "Relation Name": "title", "Alias": "t1", "Startup Cost": 10000000000.0, "Total Cost": 1000011012048.91, "Plan Rows": 2528311, "Plan Width": 21}]}, {"Node Type": "Index Scan", "Parent Relationship": "Inner", "Scan Direction": "Forward", "Index Name": "movie_id_movie_link", "Relation Name": "movie_link", "Alias": "ml", "Startup Cost": 10000000000.0, "Total Cost": 1000000106202.37, "Plan Rows": 29996, "Plan Width": 12}]}]}, {"Node Type": "Materialize", "Parent Relationship": "Inner", "Startup Cost": 10000000000.0, "Total Cost": 1000000001250.54, "Plan Rows": 17, "Plan Width": 16, "Plans": [{"Node Type": "Index Scan", "Parent Relationship": "Outer", "Scan Direction": "Forward", "Index Name": "link_type_pkey", "Relation Name": "link_type", "Alias": "lt", "Startup Cost": 10000000000.0, "Total Cost": 1000000001250.5, "Plan Rows": 17, "Plan Width": 16}]}]}]}]}]}, "Unique SQL Id": 524435555, "Planner Runtime": 16}, "explain_analyze_plan": null}, "(16, 32)": {"explain_plan": {"Plan": {"Node Type": "Aggregate", "Strategy": "Plain", "Startup Cost": 3260.82, "Total Cost": 3260.83, "Plan Rows": 1, "Plan Width": 142, "Plans": [{"Node Type": "Nested Loop", "Parent Relationship": "Outer", "Join Type": "Inner", "Startup Cost": 5.89, "Total Cost": 3259.66, "Plan Rows": 154, "Plan Width": 46, "Inner Unique": true, "Plans": [{"Node Type": "Hash Join", "Parent Relationship": "Outer", "Join Type": "Inner", "Startup Cost": 5.89, "Total Cost": 2596.09, "Plan Rows": 154, "Plan Width": 33, "Inner Unique": true, "Hash Cond": "(ml.link_type_id = lt.id)", "Plans": [{"Node Type": "Nested Loop", "Parent Relationship": "Outer", "Join Type": "Inner", "Startup Cost": 4.51, "Total Cost": 2592.76, "Plan Rows": 154, "Plan Width": 25, "Inner Unique": false, "Plans": [{"Node Type": "Nested Loop", "Parent Relationship": "Outer", "Join Type": "Inner", "Startup Cost": 4.51, "Total Cost": 2579.55, "Plan Rows": 33, "Plan Width": 25, "Inner Unique": true, "Plans": [{"Node Type": "Nested Loop", "Parent Relationship": "Outer", "Join Type": "Inner", "Startup Cost": 4.51, "Total Cost": 2569.02, "Plan Rows": 33, "Plan Width": 4, "Inner Unique": false, "Plans": [{"Node Type": "Seq Scan", "Parent Relationship": "Outer", "Relation Name": "keyword", "Alias": "k", "Startup Cost": 0.0, "Total Cost": 2436.11, "Plan Rows": 1, "Plan Width": 4, "Filter": "((keyword)::text = '10,000-mile-club'::text)"}, {"Node Type": "Bitmap Heap Scan", "Parent Relationship": "Inner", "Relation Name": "movie_keyword", "Alias": "mk", "Startup Cost": 4.51, "Total Cost": 132.58, "Plan Rows": 33, "Plan Width": 8, "Recheck Cond": "(keyword_id = k.id)", "Plans": [{"Node Type": "Bitmap Index Scan", "Parent Relationship": "Outer", "Index Name": "keyword_id_movie_keyword", "Startup Cost": 0.0, "Total Cost": 4.5, "Plan Rows": 33, "Plan Width": 0, "Index Cond": "(keyword_id = k.id)"}]}]}, {"Node Type": "Index Scan", "Parent Relationship": "Inner", "Scan Direction": "Forward", "Index Name": "title_pkey", "Relation Name": "title", "Alias": "t1", "Startup Cost": 0.0, "Total Cost": 0.31, "Plan Rows": 1, "Plan Width": 21, "Index Cond": "(id = mk.movie_id)"}]}, {"Node Type": "Index Scan", "Parent Relationship": "Inner", "Scan Direction": "Forward", "Index Name": "movie_id_movie_link", "Relation Name": "movie_link", "Alias": "ml", "Startup Cost": 0.0, "Total Cost": 0.35, "Plan Rows": 5, "Plan Width": 12, "Index Cond": "(movie_id = t1.id)"}]}, {"Node Type": "Hash", "Parent Relationship": "Inner", "Startup Cost": 1.17, "Total Cost": 1.17, "Plan Rows": 17, "Plan Width": 16, "Plans": [{"Node Type": "Seq Scan", "Parent Relationship": "Outer", "Relation Name": "link_type", "Alias": "lt", "Startup Cost": 0.0, "Total Cost": 1.17, "Plan Rows": 17, "Plan Width": 16}]}]}, {"Node Type": "Index Scan", "Parent Relationship": "Inner", "Scan Direction": "Forward", "Index Name": "title_pkey", "Relation Name": "title", "Alias": "t2", "Startup Cost": 0.0, "Total Cost": 4.3, "Plan Rows": 1, "Plan Width": 21, "Index Cond": "(id = ml.linked_movie_id)"}]}]}, "Unique SQL Id": 524435555, "Planner Runtime": 20}, "explain_analyze_plan": {"Plan": {"Node Type": "Aggregate", "Strategy": "Plain", "Startup Cost": 3260.82, "Total Cost": 3260.83, "Plan Rows": 1, "Plan Width": 142, "Actual Startup Time": 41.087, "Actual Total Time": 41.088, "Actual Rows": 1, "Actual Loops": 1, "Plans": [{"Node Type": "Nested Loop", "Parent Relationship": "Outer", "Join Type": "Inner", "Startup Cost": 5.89, "Total Cost": 3259.66, "Plan Rows": 154, "Plan Width": 46, "Actual Startup Time": 41.082, "Actual Total Time": 41.082, "Actual Rows": 0, "Actual Loops": 1, "Inner Unique": true, "Plans": [{"Node Type": "Hash Join", "Parent Relationship": "Outer", "Join Type": "Inner", "Startup Cost": 5.89, "Total Cost": 2596.09, "Plan Rows": 154, "Plan Width": 33, "Actual Startup Time": 41.054, "Actual Total Time": 41.054, "Actual Rows": 0, "Actual Loops": 1, "Inner Unique": true, "Hash Cond": "(ml.link_type_id = lt.id)", "Plans": [{"Node Type": "Nested Loop", "Parent Relationship": "Outer", "Join Type": "Inner", "Startup Cost": 4.51, "Total Cost": 2592.76, "Plan Rows": 154, "Plan Width": 25, "Actual Startup Time": 40.986, "Actual Total Time": 40.986, "Actual Rows": 0, "Actual Loops": 1, "Inner Unique": false, "Plans": [{"Node Type": "Nested Loop", "Parent Relationship": "Outer", "Join Type": "Inner", "Startup Cost": 4.51, "Total Cost": 2579.55, "Plan Rows": 33, "Plan Width": 25, "Actual Startup Time": 40.103, "Actual Total Time": 40.981, "Actual Rows": 1, "Actual Loops": 1, "Inner Unique": true, "Plans": [{"Node Type": "Nested Loop", "Parent Relationship": "Outer", "Join Type": "Inner", "Startup Cost": 4.51, "Total Cost": 2569.02, "Plan Rows": 33, "Plan Width": 4, "Actual Startup Time": 40.083, "Actual Total Time": 40.961, "Actual Rows": 1, "Actual Loops": 1, "Inner Unique": false, "Plans": [{"Node Type": "Seq Scan", "Parent Relationship": "Outer", "Relation Name": "keyword", "Alias": "k", "Startup Cost": 0.0, "Total Cost": 2436.11, "Plan Rows": 1, "Plan Width": 4, "Actual Startup Time": 40.037, "Actual Total Time": 40.913, "Actual Rows": 1, "Actual Loops": 1, "Filter": "((keyword)::text = '10,000-mile-club'::text)", "Rows Removed by Filter": 134168}, {"Node Type": "Bitmap Heap Scan", "Parent Relationship": "Inner", "Relation Name": "movie_keyword", "Alias": "mk", "Startup Cost": 4.51, "Total Cost": 132.58, "Plan Rows": 33, "Plan Width": 8, "Actual Startup Time": 0.035, "Actual Total Time": 0.035, "Actual Rows": 1, "Actual Loops": 1, "Recheck Cond": "(keyword_id = k.id)", "Rows Removed by Index Recheck": 0, "Exact Heap Blocks": 1, "Lossy Heap Blocks": 1, "Plans": [{"Node Type": "Bitmap Index Scan", "Parent Relationship": "Outer", "Index Name": "keyword_id_movie_keyword", "Startup Cost": 0.0, "Total Cost": 4.5, "Plan Rows": 33, "Plan Width": 0, "Actual Startup Time": 0.022, "Actual Total Time": 0.022, "Actual Rows": 1, "Actual Loops": 1, "Index Cond": "(keyword_id = k.id)"}]}]}, {"Node Type": "Index Scan", "Parent Relationship": "Inner", "Scan Direction": "Forward", "Index Name": "title_pkey", "Relation Name": "title", "Alias": "t1", "Startup Cost": 0.0, "Total Cost": 0.31, "Plan Rows": 1, "Plan Width": 21, "Actual Startup Time": 0.015, "Actual Total Time": 0.015, "Actual Rows": 1, "Actual Loops": 1, "Index Cond": "(id = mk.movie_id)", "Rows Removed by Index Recheck": 0}]}, {"Node Type": "Index Scan", "Parent Relationship": "Inner", "Scan Direction": "Forward", "Index Name": "movie_id_movie_link", "Relation Name": "movie_link", "Alias": "ml", "Startup Cost": 0.0, "Total Cost": 0.35, "Plan Rows": 5, "Plan Width": 12, "Actual Startup Time": 0.003, "Actual Total Time": 0.003, "Actual Rows": 0, "Actual Loops": 1, "Index Cond": "(movie_id = t1.id)", "Rows Removed by Index Recheck": 0}]}, {"Node Type": "Hash", "Parent Relationship": "Inner", "Startup Cost": 1.17, "Total Cost": 1.17, "Plan Rows": 17, "Plan Width": 16, "Actual Startup Time": 0.027, "Actual Total Time": 0.027, "Actual Rows": 17, "Actual Loops": 1, "Hash Buckets": 32768, "Hash Batches": 1, "Original Hash Batches": 1, "Peak Memory Usage": 1, "Plans": [{"Node Type": "Seq Scan", "Parent Relationship": "Outer", "Relation Name": "link_type", "Alias": "lt", "Startup Cost": 0.0, "Total Cost": 1.17, "Plan Rows": 17, "Plan Width": 16, "Actual Startup Time": 0.012, "Actual Total Time": 0.017, "Actual Rows": 17, "Actual Loops": 1}]}]}, {"Node Type": "Index Scan", "Parent Relationship": "Inner", "Scan Direction": "Forward", "Index Name": "title_pkey", "Relation Name": "title", "Alias": "t2", "Startup Cost": 0.0, "Total Cost": 4.3, "Plan Rows": 1, "Plan Width": 21, "Actual Startup Time": 0.0, "Actual Total Time": 0.0, "Index Cond": "(id = ml.linked_movie_id)", "Rows Removed by Index Recheck": 0}]}]}, "Triggers": [], "Planner Runtime": 19, "Total Runtime": 41.329, "Unique SQL Id": 524435555}}, "(16, 33)": {"explain_plan": {"Plan": {"Node Type": "Aggregate", "Strategy": "Plain", "Startup Cost": 4047.28, "Total Cost": 4047.29, "Plan Rows": 1, "Plan Width": 142, "Plans": [{"Node Type": "Nested Loop", "Parent Relationship": "Outer", "Join Type": "Inner", "Startup Cost": 4.51, "Total Cost": 4046.12, "Plan Rows": 154, "Plan Width": 46, "Inner Unique": true, "Plans": [{"Node Type": "Nested Loop", "Parent Relationship": "Outer", "Join Type": "Inner", "Startup Cost": 4.51, "Total Cost": 3382.55, "Plan Rows": 154, "Plan Width": 33, "Inner Unique": true, "Plans": [{"Node Type": "Nested Loop", "Parent Relationship": "Outer", "Join Type": "Inner", "Startup Cost": 4.51, "Total Cost": 3339.37, "Plan Rows": 154, "Plan Width": 25, "Inner Unique": false, "Plans": [{"Node Type": "Nested Loop", "Parent Relationship": "Outer", "Join Type": "Inner", "Startup Cost": 4.51, "Total Cost": 3326.15, "Plan Rows": 33, "Plan Width": 25, "Inner Unique": true, "Plans": [{"Node Type": "Nested Loop", "Parent Relationship": "Outer", "Join Type": "Inner", "Startup Cost": 4.51, "Total Cost": 3315.63, "Plan Rows": 33, "Plan Width": 4, "Inner Unique": false, "Plans": [{"Node Type": "Index Scan", "Parent Relationship": "Outer", "Scan Direction": "Forward", "Index Name": "keyword_pkey", "Relation Name": "keyword", "Alias": "k", "Startup Cost": 0.0, "Total Cost": 3182.72, "Plan Rows": 1, "Plan Width": 4, "Filter": "((keyword)::text = '10,000-mile-club'::text)"}, {"Node Type": "Bitmap Heap Scan", "Parent Relationship": "Inner", "Relation Name": "movie_keyword", "Alias": "mk", "Startup Cost": 4.51, "Total Cost": 132.58, "Plan Rows": 33, "Plan Width": 8, "Recheck Cond": "(keyword_id = k.id)", "Plans": [{"Node Type": "Bitmap Index Scan", "Parent Relationship": "Outer", "Index Name": "keyword_id_movie_keyword", "Startup Cost": 0.0, "Total Cost": 4.5, "Plan Rows": 33, "Plan Width": 0, "Index Cond": "(keyword_id = k.id)"}]}]}, {"Node Type": "Index Scan", "Parent Relationship": "Inner", "Scan Direction": "Forward", "Index Name": "title_pkey", "Relation Name": "title", "Alias": "t1", "Startup Cost": 0.0, "Total Cost": 0.31, "Plan Rows": 1, "Plan Width": 21, "Index Cond": "(id = mk.movie_id)"}]}, {"Node Type": "Index Scan", "Parent Relationship": "Inner", "Scan Direction": "Forward", "Index Name": "movie_id_movie_link", "Relation Name": "movie_link", "Alias": "ml", "Startup Cost": 0.0, "Total Cost": 0.35, "Plan Rows": 5, "Plan Width": 12, "Index Cond": "(movie_id = t1.id)"}]}, {"Node Type": "Index Scan", "Parent Relationship": "Inner", "Scan Direction": "Forward", "Index Name": "link_type_pkey", "Relation Name": "link_type", "Alias": "lt", "Startup Cost": 0.0, "Total Cost": 0.27, "Plan Rows": 1, "Plan Width": 16, "Index Cond": "(id = ml.link_type_id)"}]}, {"Node Type": "Index Scan", "Parent Relationship": "Inner", "Scan Direction": "Forward", "Index Name": "title_pkey", "Relation Name": "title", "Alias": "t2", "Startup Cost": 0.0, "Total Cost": 4.3, "Plan Rows": 1, "Plan Width": 21, "Index Cond": "(id = ml.linked_movie_id)"}]}]}, "Unique SQL Id": 524435555, "Planner Runtime": 17}, "explain_analyze_plan": {"Plan": {"Node Type": "Aggregate", "Strategy": "Plain", "Startup Cost": 4047.28, "Total Cost": 4047.29, "Plan Rows": 1, "Plan Width": 142, "Actual Startup Time": 114.966, "Actual Total Time": 114.966, "Actual Rows": 1, "Actual Loops": 1, "Plans": [{"Node Type": "Nested Loop", "Parent Relationship": "Outer", "Join Type": "Inner", "Startup Cost": 4.51, "Total Cost": 4046.12, "Plan Rows": 154, "Plan Width": 46, "Actual Startup Time": 114.961, "Actual Total Time": 114.961, "Actual Rows": 0, "Actual Loops": 1, "Inner Unique": true, "Plans": [{"Node Type": "Nested Loop", "Parent Relationship": "Outer", "Join Type": "Inner", "Startup Cost": 4.51, "Total Cost": 3382.55, "Plan Rows": 154, "Plan Width": 33, "Actual Startup Time": 114.959, "Actual Total Time": 114.959, "Actual Rows": 0, "Actual Loops": 1, "Inner Unique": true, "Plans": [{"Node Type": "Nested Loop", "Parent Relationship": "Outer", "Join Type": "Inner", "Startup Cost": 4.51, "Total Cost": 3339.37, "Plan Rows": 154, "Plan Width": 25, "Actual Startup Time": 114.959, "Actual Total Time": 114.959, "Actual Rows": 0, "Actual Loops": 1, "Inner Unique": false, "Plans": [{"Node Type": "Nested Loop", "Parent Relationship": "Outer", "Join Type": "Inner", "Startup Cost": 4.51, "Total Cost": 3326.15, "Plan Rows": 33, "Plan Width": 25, "Actual Startup Time": 113.082, "Actual Total Time": 114.952, "Actual Rows": 1, "Actual Loops": 1, "Inner Unique": true, "Plans": [{"Node Type": "Nested Loop", "Parent Relationship": "Outer", "Join Type": "Inner", "Startup Cost": 4.51, "Total Cost": 3315.63, "Plan Rows": 33, "Plan Width": 4, "Actual Startup Time": 113.064, "Actual Total Time": 114.934, "Actual Rows": 1, "Actual Loops": 1, "Inner Unique": false, "Plans": [{"Node Type": "Index Scan", "Parent Relationship": "Outer", "Scan Direction": "Forward", "Index Name": "keyword_pkey", "Relation Name": "keyword", "Alias": "k", "Startup Cost": 0.0, "Total Cost": 3182.72, "Plan Rows": 1, "Plan Width": 4, "Actual Startup Time": 113.017, "Actual Total Time": 114.885, "Actual Rows": 1, "Actual Loops": 1, "Filter": "((keyword)::text = '10,000-mile-club'::text)", "Rows Removed by Filter": 134168}, {"Node Type": "Bitmap Heap Scan", "Parent Relationship": "Inner", "Relation Name": "movie_keyword", "Alias": "mk", "Startup Cost": 4.51, "Total Cost": 132.58, "Plan Rows": 33, "Plan Width": 8, "Actual Startup Time": 0.031, "Actual Total Time": 0.031, "Actual Rows": 1, "Actual Loops": 1, "Recheck Cond": "(keyword_id = k.id)", "Rows Removed by Index Recheck": 0, "Exact Heap Blocks": 1, "Lossy Heap Blocks": 1, "Plans": [{"Node Type": "Bitmap Index Scan", "Parent Relationship": "Outer", "Index Name": "keyword_id_movie_keyword", "Startup Cost": 0.0, "Total Cost": 4.5, "Plan Rows": 33, "Plan Width": 0, "Actual Startup Time": 0.02, "Actual Total Time": 0.02, "Actual Rows": 1, "Actual Loops": 1, "Index Cond": "(keyword_id = k.id)"}]}]}, {"Node Type": "Index Scan", "Parent Relationship": "Inner", "Scan Direction": "Forward", "Index Name": "title_pkey", "Relation Name": "title", "Alias": "t1", "Startup Cost": 0.0, "Total Cost": 0.31, "Plan Rows": 1, "Plan Width": 21, "Actual Startup Time": 0.014, "Actual Total Time": 0.014, "Actual Rows": 1, "Actual Loops": 1, "Index Cond": "(id = mk.movie_id)", "Rows Removed by Index Recheck": 0}]}, {"Node Type": "Index Scan", "Parent Relationship": "Inner", "Scan Direction": "Forward", "Index Name": "movie_id_movie_link", "Relation Name": "movie_link", "Alias": "ml", "Startup Cost": 0.0, "Total Cost": 0.35, "Plan Rows": 5, "Plan Width": 12, "Actual Startup Time": 0.004, "Actual Total Time": 0.004, "Actual Rows": 0, "Actual Loops": 1, "Index Cond": "(movie_id = t1.id)", "Rows Removed by Index Recheck": 0}]}, {"Node Type": "Index Scan", "Parent Relationship": "Inner", "Scan Direction": "Forward", "Index Name": "link_type_pkey", "Relation Name": "link_type", "Alias": "lt", "Startup Cost": 0.0, "Total Cost": 0.27, "Plan Rows": 1, "Plan Width": 16, "Actual Startup Time": 0.0, "Actual Total Time": 0.0, "Index Cond": "(id = ml.link_type_id)", "Rows Removed by Index Recheck": 0}]}, {"Node Type": "Index Scan", "Parent Relationship": "Inner", "Scan Direction": "Forward", "Index Name": "title_pkey", "Relation Name": "title", "Alias": "t2", "Startup Cost": 0.0, "Total Cost": 4.3, "Plan Rows": 1, "Plan Width": 21, "Actual Startup Time": 0.0, "Actual Total Time": 0.0, "Index Cond": "(id = ml.linked_movie_id)", "Rows Removed by Index Recheck": 0}]}]}, "Triggers": [], "Planner Runtime": 3, "Total Runtime": 115.218, "Unique SQL Id": 524435555}}, "(16, 34)": {"explain_plan": {"Plan": {"Node Type": "Aggregate", "Strategy": "Plain", "Startup Cost": 3709.86, "Total Cost": 3709.87, "Plan Rows": 1, "Plan Width": 142, "Plans": [{"Node Type": "Nested Loop", "Parent Relationship": "Outer", "Join Type": "Inner", "Startup Cost": 7.93, "Total Cost": 3708.7, "Plan Rows": 154, "Plan Width": 46, "Inner Unique": true, "Plans": [{"Node Type": "Hash Join", "Parent Relationship": "Outer", "Join Type": "Inner", "Startup Cost": 6.44, "Total Cost": 2859.52, "Plan Rows": 154, "Plan Width": 33, "Inner Unique": true, "Hash Cond": "(ml.link_type_id = lt.id)", "Plans": [{"Node Type": "Nested Loop", "Parent Relationship": "Outer", "Join Type": "Inner", "Startup Cost": 5.06, "Total Cost": 2856.2, "Plan Rows": 154, "Plan Width": 25, "Inner Unique": false, "Join Filter": "(t1.id = ml.movie_id)", "Plans": [{"Node Type": "Nested Loop", "Parent Relationship": "Outer", "Join Type": "Inner", "Startup Cost": 4.77, "Total Cost": 2710.54, "Plan Rows": 33, "Plan Width": 25, "Inner Unique": true, "Plans": [{"Node Type": "Nested Loop", "Parent Relationship": "Outer", "Join Type": "Inner", "Startup Cost": 4.51, "Total Cost": 2569.02, "Plan Rows": 33, "Plan Width": 4, "Inner Unique": false, "Plans": [{"Node Type": "Seq Scan", "Parent Relationship": "Outer", "Relation Name": "keyword", "Alias": "k", "Startup Cost": 0.0, "Total Cost": 2436.11, "Plan Rows": 1, "Plan Width": 4, "Filter": "((keyword)::text = '10,000-mile-club'::text)"}, {"Node Type": "Bitmap Heap Scan", "Parent Relationship": "Inner", "Relation Name": "movie_keyword", "Alias": "mk", "Startup Cost": 4.51, "Total Cost": 132.58, "Plan Rows": 33, "Plan Width": 8, "Recheck Cond": "(keyword_id = k.id)", "Plans": [{"Node Type": "Bitmap Index Scan", "Parent Relationship": "Outer", "Index Name": "keyword_id_movie_keyword", "Startup Cost": 0.0, "Total Cost": 4.5, "Plan Rows": 33, "Plan Width": 0, "Index Cond": "(keyword_id = k.id)"}]}]}, {"Node Type": "Bitmap Heap Scan", "Parent Relationship": "Inner", "Relation Name": "title", "Alias": "t1", "Startup Cost": 0.27, "Total Cost": 4.28, "Plan Rows": 1, "Plan Width": 21, "Recheck Cond": "(id = mk.movie_id)", "Plans": [{"Node Type": "Bitmap Index Scan", "Parent Relationship": "Outer", "Index Name": "title_pkey", "Startup Cost": 0.0, "Total Cost": 0.27, "Plan Rows": 1, "Plan Width": 0, "Index Cond": "(id = mk.movie_id)"}]}]}, {"Node Type": "Bitmap Heap Scan", "Parent Relationship": "Inner", "Relation Name": "movie_link", "Alias": "ml", "Startup Cost": 0.29, "Total Cost": 4.35, "Plan Rows": 5, "Plan Width": 12, "Recheck Cond": "(movie_id = mk.movie_id)", "Plans": [{"Node Type": "Bitmap Index Scan", "Parent Relationship": "Outer", "Index Name": "movie_id_movie_link", "Startup Cost": 0.0, "Total Cost": 0.29, "Plan Rows": 5, "Plan Width": 0, "Index Cond": "(movie_id = mk.movie_id)"}]}]}, {"Node Type": "Hash", "Parent Relationship": "Inner", "Startup Cost": 1.17, "Total Cost": 1.17, "Plan Rows": 17, "Plan Width": 16, "Plans": [{"Node Type": "Seq Scan", "Parent Relationship": "Outer", "Relation Name": "link_type", "Alias": "lt", "Startup Cost": 0.0, "Total Cost": 1.17, "Plan Rows": 17, "Plan Width": 16}]}]}, {"Node Type": "Bitmap Heap Scan", "Parent Relationship": "Inner", "Relation Name": "title", "Alias": "t2", "Startup Cost": 1.49, "Total Cost": 5.5, "Plan Rows": 1, "Plan Width": 21, "Recheck Cond": "(id = ml.linked_movie_id)", "Plans": [{"Node Type": "Bitmap Index Scan", "Parent Relationship": "Outer", "Index Name": "title_pkey", "Startup Cost": 0.0, "Total Cost": 1.49, "Plan Rows": 1, "Plan Width": 0, "Index Cond": "(id = ml.linked_movie_id)"}]}]}]}, "Unique SQL Id": 524435555, "Planner Runtime": 23}, "explain_analyze_plan": {"Plan": {"Node Type": "Aggregate", "Strategy": "Plain", "Startup Cost": 3709.86, "Total Cost": 3709.87, "Plan Rows": 1, "Plan Width": 142, "Actual Startup Time": 40.855, "Actual Total Time": 40.856, "Actual Rows": 1, "Actual Loops": 1, "Plans": [{"Node Type": "Nested Loop", "Parent Relationship": "Outer", "Join Type": "Inner", "Startup Cost": 7.93, "Total Cost": 3708.7, "Plan Rows": 154, "Plan Width": 46, "Actual Startup Time": 40.849, "Actual Total Time": 40.849, "Actual Rows": 0, "Actual Loops": 1, "Inner Unique": true, "Plans": [{"Node Type": "Hash Join", "Parent Relationship": "Outer", "Join Type": "Inner", "Startup Cost": 6.44, "Total Cost": 2859.52, "Plan Rows": 154, "Plan Width": 33, "Actual Startup Time": 40.824, "Actual Total Time": 40.824, "Actual Rows": 0, "Actual Loops": 1, "Inner Unique": true, "Hash Cond": "(ml.link_type_id = lt.id)", "Plans": [{"Node Type": "Nested Loop", "Parent Relationship": "Outer", "Join Type": "Inner", "Startup Cost": 5.06, "Total Cost": 2856.2, "Plan Rows": 154, "Plan Width": 25, "Actual Startup Time": 40.752, "Actual Total Time": 40.752, "Actual Rows": 0, "Actual Loops": 1, "Inner Unique": false, "Join Filter": "(t1.id = ml.movie_id)", "Rows Removed by Join Filter": 0, "Plans": [{"Node Type": "Nested Loop", "Parent Relationship": "Outer", "Join Type": "Inner", "Startup Cost": 4.77, "Total Cost": 2710.54, "Plan Rows": 33, "Plan Width": 25, "Actual Startup Time": 39.861, "Actual Total Time": 40.74, "Actual Rows": 1, "Actual Loops": 1, "Inner Unique": true, "Plans": [{"Node Type": "Nested Loop", "Parent Relationship": "Outer", "Join Type": "Inner", "Startup Cost": 4.51, "Total Cost": 2569.02, "Plan Rows": 33, "Plan Width": 4, "Actual Startup Time": 39.842, "Actual Total Time": 40.72, "Actual Rows": 1, "Actual Loops": 1, "Inner Unique": false, "Plans": [{"Node Type": "Seq Scan", "Parent Relationship": "Outer", "Relation Name": "keyword", "Alias": "k", "Startup Cost": 0.0, "Total Cost": 2436.11, "Plan Rows": 1, "Plan Width": 4, "Actual Startup Time": 39.799, "Actual Total Time": 40.676, "Actual Rows": 1, "Actual Loops": 1, "Filter": "((keyword)::text = '10,000-mile-club'::text)", "Rows Removed by Filter": 134168}, {"Node Type": "Bitmap Heap Scan", "Parent Relationship": "Inner", "Relation Name": "movie_keyword", "Alias": "mk", "Startup Cost": 4.51, "Total Cost": 132.58, "Plan Rows": 33, "Plan Width": 8, "Actual Startup Time": 0.032, "Actual Total Time": 0.032, "Actual Rows": 1, "Actual Loops": 1, "Recheck Cond": "(keyword_id = k.id)", "Rows Removed by Index Recheck": 0, "Exact Heap Blocks": 1, "Lossy Heap Blocks": 1, "Plans": [{"Node Type": "Bitmap Index Scan", "Parent Relationship": "Outer", "Index Name": "keyword_id_movie_keyword", "Startup Cost": 0.0, "Total Cost": 4.5, "Plan Rows": 33, "Plan Width": 0, "Actual Startup Time": 0.021, "Actual Total Time": 0.021, "Actual Rows": 1, "Actual Loops": 1, "Index Cond": "(keyword_id = k.id)"}]}]}, {"Node Type": "Bitmap Heap Scan", "Parent Relationship": "Inner", "Relation Name": "title", "Alias": "t1", "Startup Cost": 0.27, "Total Cost": 4.28, "Plan Rows": 1, "Plan Width": 21, "Actual Startup Time": 0.013, "Actual Total Time": 0.013, "Actual Rows": 1, "Actual Loops": 1, "Recheck Cond": "(id = mk.movie_id)", "Rows Removed by Index Recheck": 0, "Exact Heap Blocks": 1, "Lossy Heap Blocks": 1, "Plans": [{"Node Type": "Bitmap Index Scan", "Parent Relationship": "Outer", "Index Name": "title_pkey", "Startup Cost": 0.0, "Total Cost": 0.27, "Plan Rows": 1, "Plan Width": 0, "Actual Startup Time": 0.008, "Actual Total Time": 0.008, "Actual Rows": 1, "Actual Loops": 1, "Index Cond": "(id = mk.movie_id)"}]}]}, {"Node Type": "Bitmap Heap Scan", "Parent Relationship": "Inner", "Relation Name": "movie_link", "Alias": "ml", "Startup Cost": 0.29, "Total Cost": 4.35, "Plan Rows": 5, "Plan Width": 12, "Actual Startup Time": 0.009, "Actual Total Time": 0.009, "Actual Rows": 0, "Actual Loops": 1, "Recheck Cond": "(movie_id = mk.movie_id)", "Rows Removed by Index Recheck": 0, "Exact Heap Blocks": 0, "Lossy Heap Blocks": 0, "Plans": [{"Node Type": "Bitmap Index Scan", "Parent Relationship": "Outer", "Index Name": "movie_id_movie_link", "Startup Cost": 0.0, "Total Cost": 0.29, "Plan Rows": 5, "Plan Width": 0, "Actual Startup Time": 0.005, "Actual Total Time": 0.005, "Actual Rows": 0, "Actual Loops": 1, "Index Cond": "(movie_id = mk.movie_id)"}]}]}, {"Node Type": "Hash", "Parent Relationship": "Inner", "Startup Cost": 1.17, "Total Cost": 1.17, "Plan Rows": 17, "Plan Width": 16, "Actual Startup Time": 0.031, "Actual Total Time": 0.031, "Actual Rows": 17, "Actual Loops": 1, "Hash Buckets": 32768, "Hash Batches": 1, "Original Hash Batches": 1, "Peak Memory Usage": 1, "Plans": [{"Node Type": "Seq Scan", "Parent Relationship": "Outer", "Relation Name": "link_type", "Alias": "lt", "Startup Cost": 0.0, "Total Cost": 1.17, "Plan Rows": 17, "Plan Width": 16, "Actual Startup Time": 0.013, "Actual Total Time": 0.021, "Actual Rows": 17, "Actual Loops": 1}]}]}, {"Node Type": "Bitmap Heap Scan", "Parent Relationship": "Inner", "Relation Name": "title", "Alias": "t2", "Startup Cost": 1.49, "Total Cost": 5.5, "Plan Rows": 1, "Plan Width": 21, "Actual Startup Time": 0.0, "Actual Total Time": 0.0, "Recheck Cond": "(id = ml.linked_movie_id)", "Rows Removed by Index Recheck": 0, "Exact Heap Blocks": 0, "Lossy Heap Blocks": 0, "Plans": [{"Node Type": "Bitmap Index Scan", "Parent Relationship": "Outer", "Index Name": "title_pkey", "Startup Cost": 0.0, "Total Cost": 1.49, "Plan Rows": 1, "Plan Width": 0, "Actual Startup Time": 0.0, "Actual Total Time": 0.0, "Index Cond": "(id = ml.linked_movie_id)"}]}]}]}, "Triggers": [], "Planner Runtime": 20, "Total Runtime": 41.114, "Unique SQL Id": 524435555}}, "(16, 35)": {"explain_plan": {"Plan": {"Node Type": "Aggregate", "Strategy": "Plain", "Startup Cost": 4440.29, "Total Cost": 4440.3, "Plan Rows": 1, "Plan Width": 142, "Plans": [{"Node Type": "Nested Loop", "Parent Relationship": "Outer", "Join Type": "Inner", "Startup Cost": 738.37, "Total Cost": 4439.14, "Plan Rows": 154, "Plan Width": 46, "Inner Unique": true, "Plans": [{"Node Type": "Hash Join", "Parent Relationship": "Outer", "Join Type": "Inner", "Startup Cost": 736.88, "Total Cost": 3589.96, "Plan Rows": 154, "Plan Width": 33, "Inner Unique": true, "Hash Cond": "(ml.link_type_id = lt.id)", "Plans": [{"Node Type": "Nested Loop", "Parent Relationship": "Outer", "Join Type": "Inner", "Startup Cost": 724.16, "Total Cost": 3575.3, "Plan Rows": 154, "Plan Width": 25, "Inner Unique": false, "Join Filter": "(t1.id = ml.movie_id)", "Plans": [{"Node Type": "Nested Loop", "Parent Relationship": "Outer", "Join Type": "Inner", "Startup Cost": 723.87, "Total Cost": 3429.64, "Plan Rows": 33, "Plan Width": 25, "Inner Unique": true, "Plans": [{"Node Type": "Nested Loop", "Parent Relationship": "Outer", "Join Type": "Inner", "Startup Cost": 723.6, "Total Cost": 3288.12, "Plan Rows": 33, "Plan Width": 4, "Inner Unique": false, "Plans": [{"Node Type": "Bitmap Heap Scan", "Parent Relationship": "Outer", "Relation Name": "keyword", "Alias": "k", "Startup Cost": 719.1, "Total Cost": 3155.21, "Plan Rows": 1, "Plan Width": 4, "Filter": "((keyword)::text = '10,000-mile-club'::text)", "Plans": [{"Node Type": "Bitmap Index Scan", "Parent Relationship": "Outer", "Index Name": "keyword_pkey", "Startup Cost": 0.0, "Total Cost": 719.1, "Plan Rows": 134169, "Plan Width": 0}]}, {"Node Type": "Bitmap Heap Scan", "Parent Relationship": "Inner", "Relation Name": "movie_keyword", "Alias": "mk", "Startup Cost": 4.51, "Total Cost": 132.58, "Plan Rows": 33, "Plan Width": 8, "Recheck Cond": "(keyword_id = k.id)", "Plans": [{"Node Type": "Bitmap Index Scan", "Parent Relationship": "Outer", "Index Name": "keyword_id_movie_keyword", "Startup Cost": 0.0, "Total Cost": 4.5, "Plan Rows": 33, "Plan Width": 0, "Index Cond": "(keyword_id = k.id)"}]}]}, {"Node Type": "Bitmap Heap Scan", "Parent Relationship": "Inner", "Relation Name": "title", "Alias": "t1", "Startup Cost": 0.27, "Total Cost": 4.28, "Plan Rows": 1, "Plan Width": 21, "Recheck Cond": "(id = mk.movie_id)", "Plans": [{"Node Type": "Bitmap Index Scan", "Parent Relationship": "Outer", "Index Name": "title_pkey", "Startup Cost": 0.0, "Total Cost": 0.27, "Plan Rows": 1, "Plan Width": 0, "Index Cond": "(id = mk.movie_id)"}]}]}, {"Node Type": "Bitmap Heap Scan", "Parent Relationship": "Inner", "Relation Name": "movie_link", "Alias": "ml", "Startup Cost": 0.29, "Total Cost": 4.35, "Plan Rows": 5, "Plan Width": 12, "Recheck Cond": "(movie_id = mk.movie_id)", "Plans": [{"Node Type": "Bitmap Index Scan", "Parent Relationship": "Outer", "Index Name": "movie_id_movie_link", "Startup Cost": 0.0, "Total Cost": 0.29, "Plan Rows": 5, "Plan Width": 0, "Index Cond": "(movie_id = mk.movie_id)"}]}]}, {"Node Type": "Hash", "Parent Relationship": "Inner", "Startup Cost": 12.51, "Total Cost": 12.51, "Plan Rows": 17, "Plan Width": 16, "Plans": [{"Node Type": "Bitmap Heap Scan", "Parent Relationship": "Outer", "Relation Name": "link_type", "Alias": "lt", "Startup Cost": 8.34, "Total Cost": 12.51, "Plan Rows": 17, "Plan Width": 16, "Plans": [{"Node Type": "Bitmap Index Scan", "Parent Relationship": "Outer", "Index Name": "link_type_pkey", "Startup Cost": 0.0, "Total Cost": 8.34, "Plan Rows": 17, "Plan Width": 0}]}]}]}, {"Node Type": "Bitmap Heap Scan", "Parent Relationship": "Inner", "Relation Name": "title", "Alias": "t2", "Startup Cost": 1.49, "Total Cost": 5.5, "Plan Rows": 1, "Plan Width": 21, "Recheck Cond": "(id = ml.linked_movie_id)", "Plans": [{"Node Type": "Bitmap Index Scan", "Parent Relationship": "Outer", "Index Name": "title_pkey", "Startup Cost": 0.0, "Total Cost": 1.49, "Plan Rows": 1, "Plan Width": 0, "Index Cond": "(id = ml.linked_movie_id)"}]}]}]}, "Unique SQL Id": 524435555, "Planner Runtime": 7}, "explain_analyze_plan": {"Plan": {"Node Type": "Aggregate", "Strategy": "Plain", "Startup Cost": 4440.29, "Total Cost": 4440.3, "Plan Rows": 1, "Plan Width": 142, "Actual Startup Time": 61.614, "Actual Total Time": 61.615, "Actual Rows": 1, "Actual Loops": 1, "Plans": [{"Node Type": "Nested Loop", "Parent Relationship": "Outer", "Join Type": "Inner", "Startup Cost": 738.37, "Total Cost": 4439.14, "Plan Rows": 154, "Plan Width": 46, "Actual Startup Time": 61.608, "Actual Total Time": 61.608, "Actual Rows": 0, "Actual Loops": 1, "Inner Unique": true, "Plans": [{"Node Type": "Hash Join", "Parent Relationship": "Outer", "Join Type": "Inner", "Startup Cost": 736.88, "Total Cost": 3589.96, "Plan Rows": 154, "Plan Width": 33, "Actual Startup Time": 61.584, "Actual Total Time": 61.584, "Actual Rows": 0, "Actual Loops": 1, "Inner Unique": true, "Hash Cond": "(ml.link_type_id = lt.id)", "Plans": [{"Node Type": "Nested Loop", "Parent Relationship": "Outer", "Join Type": "Inner", "Startup Cost": 724.16, "Total Cost": 3575.3, "Plan Rows": 154, "Plan Width": 25, "Actual Startup Time": 61.513, "Actual Total Time": 61.513, "Actual Rows": 0, "Actual Loops": 1, "Inner Unique": false, "Join Filter": "(t1.id = ml.movie_id)", "Rows Removed by Join Filter": 0, "Plans": [{"Node Type": "Nested Loop", "Parent Relationship": "Outer", "Join Type": "Inner", "Startup Cost": 723.87, "Total Cost": 3429.64, "Plan Rows": 33, "Plan Width": 25, "Actual Startup Time": 60.452, "Actual Total Time": 61.505, "Actual Rows": 1, "Actual Loops": 1, "Inner Unique": true, "Plans": [{"Node Type": "Nested Loop", "Parent Relationship": "Outer", "Join Type": "Inner", "Startup Cost": 723.6, "Total Cost": 3288.12, "Plan Rows": 33, "Plan Width": 4, "Actual Startup Time": 60.436, "Actual Total Time": 61.489, "Actual Rows": 1, "Actual Loops": 1, "Inner Unique": false, "Plans": [{"Node Type": "Bitmap Heap Scan", "Parent Relationship": "Outer", "Relation Name": "keyword", "Alias": "k", "Startup Cost": 719.1, "Total Cost": 3155.21, "Plan Rows": 1, "Plan Width": 4, "Actual Startup Time": 60.398, "Actual Total Time": 61.449, "Actual Rows": 1, "Actual Loops": 1, "Filter": "((keyword)::text = '10,000-mile-club'::text)", "Rows Removed by Filter": 134168, "Exact Heap Blocks": 759, "Lossy Heap Blocks": 759, "Plans": [{"Node Type": "Bitmap Index Scan", "Parent Relationship": "Outer", "Index Name": "keyword_pkey", "Startup Cost": 0.0, "Total Cost": 719.1, "Plan Rows": 134169, "Plan Width": 0, "Actual Startup Time": 11.375, "Actual Total Time": 11.375, "Actual Rows": 134169, "Actual Loops": 1}]}, {"Node Type": "Bitmap Heap Scan", "Parent Relationship": "Inner", "Relation Name": "movie_keyword", "Alias": "mk", "Startup Cost": 4.51, "Total Cost": 132.58, "Plan Rows": 33, "Plan Width": 8, "Actual Startup Time": 0.025, "Actual Total Time": 0.025, "Actual Rows": 1, "Actual Loops": 1, "Recheck Cond": "(keyword_id = k.id)", "Rows Removed by Index Recheck": 0, "Exact Heap Blocks": 1, "Lossy Heap Blocks": 1, "Plans": [{"Node Type": "Bitmap Index Scan", "Parent Relationship": "Outer", "Index Name": "keyword_id_movie_keyword", "Startup Cost": 0.0, "Total Cost": 4.5, "Plan Rows": 33, "Plan Width": 0, "Actual Startup Time": 0.017, "Actual Total Time": 0.017, "Actual Rows": 1, "Actual Loops": 1, "Index Cond": "(keyword_id = k.id)"}]}]}, {"Node Type": "Bitmap Heap Scan", "Parent Relationship": "Inner", "Relation Name": "title", "Alias": "t1", "Startup Cost": 0.27, "Total Cost": 4.28, "Plan Rows": 1, "Plan Width": 21, "Actual Startup Time": 0.012, "Actual Total Time": 0.012, "Actual Rows": 1, "Actual Loops": 1, "Recheck Cond": "(id = mk.movie_id)", "Rows Removed by Index Recheck": 0, "Exact Heap Blocks": 1, "Lossy Heap Blocks": 1, "Plans": [{"Node Type": "Bitmap Index Scan", "Parent Relationship": "Outer", "Index Name": "title_pkey", "Startup Cost": 0.0, "Total Cost": 0.27, "Plan Rows": 1, "Plan Width": 0, "Actual Startup Time": 0.008, "Actual Total Time": 0.008, "Actual Rows": 1, "Actual Loops": 1, "Index Cond": "(id = mk.movie_id)"}]}]}, {"Node Type": "Bitmap Heap Scan", "Parent Relationship": "Inner", "Relation Name": "movie_link", "Alias": "ml", "Startup Cost": 0.29, "Total Cost": 4.35, "Plan Rows": 5, "Plan Width": 12, "Actual Startup Time": 0.006, "Actual Total Time": 0.006, "Actual Rows": 0, "Actual Loops": 1, "Recheck Cond": "(movie_id = mk.movie_id)", "Rows Removed by Index Recheck": 0, "Exact Heap Blocks": 0, "Lossy Heap Blocks": 0, "Plans": [{"Node Type": "Bitmap Index Scan", "Parent Relationship": "Outer", "Index Name": "movie_id_movie_link", "Startup Cost": 0.0, "Total Cost": 0.29, "Plan Rows": 5, "Plan Width": 0, "Actual Startup Time": 0.003, "Actual Total Time": 0.003, "Actual Rows": 0, "Actual Loops": 1, "Index Cond": "(movie_id = mk.movie_id)"}]}]}, {"Node Type": "Hash", "Parent Relationship": "Inner", "Startup Cost": 12.51, "Total Cost": 12.51, "Plan Rows": 17, "Plan Width": 16, "Actual Startup Time": 0.032, "Actual Total Time": 0.032, "Actual Rows": 17, "Actual Loops": 1, "Hash Buckets": 32768, "Hash Batches": 1, "Original Hash Batches": 1, "Peak Memory Usage": 1, "Plans": [{"Node Type": "Bitmap Heap Scan", "Parent Relationship": "Outer", "Relation Name": "link_type", "Alias": "lt", "Startup Cost": 8.34, "Total Cost": 12.51, "Plan Rows": 17, "Plan Width": 16, "Actual Startup Time": 0.017, "Actual Total Time": 0.022, "Actual Rows": 17, "Actual Loops": 1, "Exact Heap Blocks": 1, "Lossy Heap Blocks": 1, "Plans": [{"Node Type": "Bitmap Index Scan", "Parent Relationship": "Outer", "Index Name": "link_type_pkey", "Startup Cost": 0.0, "Total Cost": 8.34, "Plan Rows": 17, "Plan Width": 0, "Actual Startup Time": 0.007, "Actual Total Time": 0.007, "Actual Rows": 17, "Actual Loops": 1}]}]}]}, {"Node Type": "Bitmap Heap Scan", "Parent Relationship": "Inner", "Relation Name": "title", "Alias": "t2", "Startup Cost": 1.49, "Total Cost": 5.5, "Plan Rows": 1, "Plan Width": 21, "Actual Startup Time": 0.0, "Actual Total Time": 0.0, "Recheck Cond": "(id = ml.linked_movie_id)", "Rows Removed by Index Recheck": 0, "Exact Heap Blocks": 0, "Lossy Heap Blocks": 0, "Plans": [{"Node Type": "Bitmap Index Scan", "Parent Relationship": "Outer", "Index Name": "title_pkey", "Startup Cost": 0.0, "Total Cost": 1.49, "Plan Rows": 1, "Plan Width": 0, "Actual Startup Time": 0.0, "Actual Total Time": 0.0, "Index Cond": "(id = ml.linked_movie_id)"}]}]}]}, "Triggers": [], "Planner Runtime": 7, "Total Runtime": 61.87, "Unique SQL Id": 524435555}}, "(16, 36)": {"explain_plan": {"Plan": {"Node Type": "Aggregate", "Strategy": "Plain", "Startup Cost": 3260.82, "Total Cost": 3260.83, "Plan Rows": 1, "Plan Width": 142, "Plans": [{"Node Type": "Nested Loop", "Parent Relationship": "Outer", "Join Type": "Inner", "Startup Cost": 5.89, "Total Cost": 3259.66, "Plan Rows": 154, "Plan Width": 46, "Inner Unique": true, "Plans": [{"Node Type": "Hash Join", "Parent Relationship": "Outer", "Join Type": "Inner", "Startup Cost": 5.89, "Total Cost": 2596.09, "Plan Rows": 154, "Plan Width": 33, "Inner Unique": true, "Hash Cond": "(ml.link_type_id = lt.id)", "Plans": [{"Node Type": "Nested Loop", "Parent Relationship": "Outer", "Join Type": "Inner", "Startup Cost": 4.51, "Total Cost": 2592.76, "Plan Rows": 154, "Plan Width": 25, "Inner Unique": false, "Plans": [{"Node Type": "Nested Loop", "Parent Relationship": "Outer", "Join Type": "Inner", "Startup Cost": 4.51, "Total Cost": 2579.55, "Plan Rows": 33, "Plan Width": 25, "Inner Unique": true, "Plans": [{"Node Type": "Nested Loop", "Parent Relationship": "Outer", "Join Type": "Inner", "Startup Cost": 4.51, "Total Cost": 2569.02, "Plan Rows": 33, "Plan Width": 4, "Inner Unique": false, "Plans": [{"Node Type": "Seq Scan", "Parent Relationship": "Outer", "Relation Name": "keyword", "Alias": "k", "Startup Cost": 0.0, "Total Cost": 2436.11, "Plan Rows": 1, "Plan Width": 4, "Filter": "((keyword)::text = '10,000-mile-club'::text)"}, {"Node Type": "Bitmap Heap Scan", "Parent Relationship": "Inner", "Relation Name": "movie_keyword", "Alias": "mk", "Startup Cost": 4.51, "Total Cost": 132.58, "Plan Rows": 33, "Plan Width": 8, "Recheck Cond": "(keyword_id = k.id)", "Plans": [{"Node Type": "Bitmap Index Scan", "Parent Relationship": "Outer", "Index Name": "keyword_id_movie_keyword", "Startup Cost": 0.0, "Total Cost": 4.5, "Plan Rows": 33, "Plan Width": 0, "Index Cond": "(keyword_id = k.id)"}]}]}, {"Node Type": "Index Scan", "Parent Relationship": "Inner", "Scan Direction": "Forward", "Index Name": "title_pkey", "Relation Name": "title", "Alias": "t1", "Startup Cost": 0.0, "Total Cost": 0.31, "Plan Rows": 1, "Plan Width": 21, "Index Cond": "(id = mk.movie_id)"}]}, {"Node Type": "Index Scan", "Parent Relationship": "Inner", "Scan Direction": "Forward", "Index Name": "movie_id_movie_link", "Relation Name": "movie_link", "Alias": "ml", "Startup Cost": 0.0, "Total Cost": 0.35, "Plan Rows": 5, "Plan Width": 12, "Index Cond": "(movie_id = t1.id)"}]}, {"Node Type": "Hash", "Parent Relationship": "Inner", "Startup Cost": 1.17, "Total Cost": 1.17, "Plan Rows": 17, "Plan Width": 16, "Plans": [{"Node Type": "Seq Scan", "Parent Relationship": "Outer", "Relation Name": "link_type", "Alias": "lt", "Startup Cost": 0.0, "Total Cost": 1.17, "Plan Rows": 17, "Plan Width": 16}]}]}, {"Node Type": "Index Scan", "Parent Relationship": "Inner", "Scan Direction": "Forward", "Index Name": "title_pkey", "Relation Name": "title", "Alias": "t2", "Startup Cost": 0.0, "Total Cost": 4.3, "Plan Rows": 1, "Plan Width": 21, "Index Cond": "(id = ml.linked_movie_id)"}]}]}, "Unique SQL Id": 524435555, "Planner Runtime": 20}, "explain_analyze_plan": {"Plan": {"Node Type": "Aggregate", "Strategy": "Plain", "Startup Cost": 3260.82, "Total Cost": 3260.83, "Plan Rows": 1, "Plan Width": 142, "Actual Startup Time": 41.087, "Actual Total Time": 41.088, "Actual Rows": 1, "Actual Loops": 1, "Plans": [{"Node Type": "Nested Loop", "Parent Relationship": "Outer", "Join Type": "Inner", "Startup Cost": 5.89, "Total Cost": 3259.66, "Plan Rows": 154, "Plan Width": 46, "Actual Startup Time": 41.082, "Actual Total Time": 41.082, "Actual Rows": 0, "Actual Loops": 1, "Inner Unique": true, "Plans": [{"Node Type": "Hash Join", "Parent Relationship": "Outer", "Join Type": "Inner", "Startup Cost": 5.89, "Total Cost": 2596.09, "Plan Rows": 154, "Plan Width": 33, "Actual Startup Time": 41.054, "Actual Total Time": 41.054, "Actual Rows": 0, "Actual Loops": 1, "Inner Unique": true, "Hash Cond": "(ml.link_type_id = lt.id)", "Plans": [{"Node Type": "Nested Loop", "Parent Relationship": "Outer", "Join Type": "Inner", "Startup Cost": 4.51, "Total Cost": 2592.76, "Plan Rows": 154, "Plan Width": 25, "Actual Startup Time": 40.986, "Actual Total Time": 40.986, "Actual Rows": 0, "Actual Loops": 1, "Inner Unique": false, "Plans": [{"Node Type": "Nested Loop", "Parent Relationship": "Outer", "Join Type": "Inner", "Startup Cost": 4.51, "Total Cost": 2579.55, "Plan Rows": 33, "Plan Width": 25, "Actual Startup Time": 40.103, "Actual Total Time": 40.981, "Actual Rows": 1, "Actual Loops": 1, "Inner Unique": true, "Plans": [{"Node Type": "Nested Loop", "Parent Relationship": "Outer", "Join Type": "Inner", "Startup Cost": 4.51, "Total Cost": 2569.02, "Plan Rows": 33, "Plan Width": 4, "Actual Startup Time": 40.083, "Actual Total Time": 40.961, "Actual Rows": 1, "Actual Loops": 1, "Inner Unique": false, "Plans": [{"Node Type": "Seq Scan", "Parent Relationship": "Outer", "Relation Name": "keyword", "Alias": "k", "Startup Cost": 0.0, "Total Cost": 2436.11, "Plan Rows": 1, "Plan Width": 4, "Actual Startup Time": 40.037, "Actual Total Time": 40.913, "Actual Rows": 1, "Actual Loops": 1, "Filter": "((keyword)::text = '10,000-mile-club'::text)", "Rows Removed by Filter": 134168}, {"Node Type": "Bitmap Heap Scan", "Parent Relationship": "Inner", "Relation Name": "movie_keyword", "Alias": "mk", "Startup Cost": 4.51, "Total Cost": 132.58, "Plan Rows": 33, "Plan Width": 8, "Actual Startup Time": 0.035, "Actual Total Time": 0.035, "Actual Rows": 1, "Actual Loops": 1, "Recheck Cond": "(keyword_id = k.id)", "Rows Removed by Index Recheck": 0, "Exact Heap Blocks": 1, "Lossy Heap Blocks": 1, "Plans": [{"Node Type": "Bitmap Index Scan", "Parent Relationship": "Outer", "Index Name": "keyword_id_movie_keyword", "Startup Cost": 0.0, "Total Cost": 4.5, "Plan Rows": 33, "Plan Width": 0, "Actual Startup Time": 0.022, "Actual Total Time": 0.022, "Actual Rows": 1, "Actual Loops": 1, "Index Cond": "(keyword_id = k.id)"}]}]}, {"Node Type": "Index Scan", "Parent Relationship": "Inner", "Scan Direction": "Forward", "Index Name": "title_pkey", "Relation Name": "title", "Alias": "t1", "Startup Cost": 0.0, "Total Cost": 0.31, "Plan Rows": 1, "Plan Width": 21, "Actual Startup Time": 0.015, "Actual Total Time": 0.015, "Actual Rows": 1, "Actual Loops": 1, "Index Cond": "(id = mk.movie_id)", "Rows Removed by Index Recheck": 0}]}, {"Node Type": "Index Scan", "Parent Relationship": "Inner", "Scan Direction": "Forward", "Index Name": "movie_id_movie_link", "Relation Name": "movie_link", "Alias": "ml", "Startup Cost": 0.0, "Total Cost": 0.35, "Plan Rows": 5, "Plan Width": 12, "Actual Startup Time": 0.003, "Actual Total Time": 0.003, "Actual Rows": 0, "Actual Loops": 1, "Index Cond": "(movie_id = t1.id)", "Rows Removed by Index Recheck": 0}]}, {"Node Type": "Hash", "Parent Relationship": "Inner", "Startup Cost": 1.17, "Total Cost": 1.17, "Plan Rows": 17, "Plan Width": 16, "Actual Startup Time": 0.027, "Actual Total Time": 0.027, "Actual Rows": 17, "Actual Loops": 1, "Hash Buckets": 32768, "Hash Batches": 1, "Original Hash Batches": 1, "Peak Memory Usage": 1, "Plans": [{"Node Type": "Seq Scan", "Parent Relationship": "Outer", "Relation Name": "link_type", "Alias": "lt", "Startup Cost": 0.0, "Total Cost": 1.17, "Plan Rows": 17, "Plan Width": 16, "Actual Startup Time": 0.012, "Actual Total Time": 0.017, "Actual Rows": 17, "Actual Loops": 1}]}]}, {"Node Type": "Index Scan", "Parent Relationship": "Inner", "Scan Direction": "Forward", "Index Name": "title_pkey", "Relation Name": "title", "Alias": "t2", "Startup Cost": 0.0, "Total Cost": 4.3, "Plan Rows": 1, "Plan Width": 21, "Actual Startup Time": 0.0, "Actual Total Time": 0.0, "Index Cond": "(id = ml.linked_movie_id)", "Rows Removed by Index Recheck": 0}]}]}, "Triggers": [], "Planner Runtime": 19, "Total Runtime": 41.329, "Unique SQL Id": 524435555}}, "(16, 37)": {"explain_plan": {"Plan": {"Node Type": "Aggregate", "Strategy": "Plain", "Startup Cost": 4047.28, "Total Cost": 4047.29, "Plan Rows": 1, "Plan Width": 142, "Plans": [{"Node Type": "Nested Loop", "Parent Relationship": "Outer", "Join Type": "Inner", "Startup Cost": 4.51, "Total Cost": 4046.12, "Plan Rows": 154, "Plan Width": 46, "Inner Unique": true, "Plans": [{"Node Type": "Nested Loop", "Parent Relationship": "Outer", "Join Type": "Inner", "Startup Cost": 4.51, "Total Cost": 3382.55, "Plan Rows": 154, "Plan Width": 33, "Inner Unique": true, "Plans": [{"Node Type": "Nested Loop", "Parent Relationship": "Outer", "Join Type": "Inner", "Startup Cost": 4.51, "Total Cost": 3339.37, "Plan Rows": 154, "Plan Width": 25, "Inner Unique": false, "Plans": [{"Node Type": "Nested Loop", "Parent Relationship": "Outer", "Join Type": "Inner", "Startup Cost": 4.51, "Total Cost": 3326.15, "Plan Rows": 33, "Plan Width": 25, "Inner Unique": true, "Plans": [{"Node Type": "Nested Loop", "Parent Relationship": "Outer", "Join Type": "Inner", "Startup Cost": 4.51, "Total Cost": 3315.63, "Plan Rows": 33, "Plan Width": 4, "Inner Unique": false, "Plans": [{"Node Type": "Index Scan", "Parent Relationship": "Outer", "Scan Direction": "Forward", "Index Name": "keyword_pkey", "Relation Name": "keyword", "Alias": "k", "Startup Cost": 0.0, "Total Cost": 3182.72, "Plan Rows": 1, "Plan Width": 4, "Filter": "((keyword)::text = '10,000-mile-club'::text)"}, {"Node Type": "Bitmap Heap Scan", "Parent Relationship": "Inner", "Relation Name": "movie_keyword", "Alias": "mk", "Startup Cost": 4.51, "Total Cost": 132.58, "Plan Rows": 33, "Plan Width": 8, "Recheck Cond": "(keyword_id = k.id)", "Plans": [{"Node Type": "Bitmap Index Scan", "Parent Relationship": "Outer", "Index Name": "keyword_id_movie_keyword", "Startup Cost": 0.0, "Total Cost": 4.5, "Plan Rows": 33, "Plan Width": 0, "Index Cond": "(keyword_id = k.id)"}]}]}, {"Node Type": "Index Scan", "Parent Relationship": "Inner", "Scan Direction": "Forward", "Index Name": "title_pkey", "Relation Name": "title", "Alias": "t1", "Startup Cost": 0.0, "Total Cost": 0.31, "Plan Rows": 1, "Plan Width": 21, "Index Cond": "(id = mk.movie_id)"}]}, {"Node Type": "Index Scan", "Parent Relationship": "Inner", "Scan Direction": "Forward", "Index Name": "movie_id_movie_link", "Relation Name": "movie_link", "Alias": "ml", "Startup Cost": 0.0, "Total Cost": 0.35, "Plan Rows": 5, "Plan Width": 12, "Index Cond": "(movie_id = t1.id)"}]}, {"Node Type": "Index Scan", "Parent Relationship": "Inner", "Scan Direction": "Forward", "Index Name": "link_type_pkey", "Relation Name": "link_type", "Alias": "lt", "Startup Cost": 0.0, "Total Cost": 0.27, "Plan Rows": 1, "Plan Width": 16, "Index Cond": "(id = ml.link_type_id)"}]}, {"Node Type": "Index Scan", "Parent Relationship": "Inner", "Scan Direction": "Forward", "Index Name": "title_pkey", "Relation Name": "title", "Alias": "t2", "Startup Cost": 0.0, "Total Cost": 4.3, "Plan Rows": 1, "Plan Width": 21, "Index Cond": "(id = ml.linked_movie_id)"}]}]}, "Unique SQL Id": 524435555, "Planner Runtime": 17}, "explain_analyze_plan": {"Plan": {"Node Type": "Aggregate", "Strategy": "Plain", "Startup Cost": 4047.28, "Total Cost": 4047.29, "Plan Rows": 1, "Plan Width": 142, "Actual Startup Time": 114.966, "Actual Total Time": 114.966, "Actual Rows": 1, "Actual Loops": 1, "Plans": [{"Node Type": "Nested Loop", "Parent Relationship": "Outer", "Join Type": "Inner", "Startup Cost": 4.51, "Total Cost": 4046.12, "Plan Rows": 154, "Plan Width": 46, "Actual Startup Time": 114.961, "Actual Total Time": 114.961, "Actual Rows": 0, "Actual Loops": 1, "Inner Unique": true, "Plans": [{"Node Type": "Nested Loop", "Parent Relationship": "Outer", "Join Type": "Inner", "Startup Cost": 4.51, "Total Cost": 3382.55, "Plan Rows": 154, "Plan Width": 33, "Actual Startup Time": 114.959, "Actual Total Time": 114.959, "Actual Rows": 0, "Actual Loops": 1, "Inner Unique": true, "Plans": [{"Node Type": "Nested Loop", "Parent Relationship": "Outer", "Join Type": "Inner", "Startup Cost": 4.51, "Total Cost": 3339.37, "Plan Rows": 154, "Plan Width": 25, "Actual Startup Time": 114.959, "Actual Total Time": 114.959, "Actual Rows": 0, "Actual Loops": 1, "Inner Unique": false, "Plans": [{"Node Type": "Nested Loop", "Parent Relationship": "Outer", "Join Type": "Inner", "Startup Cost": 4.51, "Total Cost": 3326.15, "Plan Rows": 33, "Plan Width": 25, "Actual Startup Time": 113.082, "Actual Total Time": 114.952, "Actual Rows": 1, "Actual Loops": 1, "Inner Unique": true, "Plans": [{"Node Type": "Nested Loop", "Parent Relationship": "Outer", "Join Type": "Inner", "Startup Cost": 4.51, "Total Cost": 3315.63, "Plan Rows": 33, "Plan Width": 4, "Actual Startup Time": 113.064, "Actual Total Time": 114.934, "Actual Rows": 1, "Actual Loops": 1, "Inner Unique": false, "Plans": [{"Node Type": "Index Scan", "Parent Relationship": "Outer", "Scan Direction": "Forward", "Index Name": "keyword_pkey", "Relation Name": "keyword", "Alias": "k", "Startup Cost": 0.0, "Total Cost": 3182.72, "Plan Rows": 1, "Plan Width": 4, "Actual Startup Time": 113.017, "Actual Total Time": 114.885, "Actual Rows": 1, "Actual Loops": 1, "Filter": "((keyword)::text = '10,000-mile-club'::text)", "Rows Removed by Filter": 134168}, {"Node Type": "Bitmap Heap Scan", "Parent Relationship": "Inner", "Relation Name": "movie_keyword", "Alias": "mk", "Startup Cost": 4.51, "Total Cost": 132.58, "Plan Rows": 33, "Plan Width": 8, "Actual Startup Time": 0.031, "Actual Total Time": 0.031, "Actual Rows": 1, "Actual Loops": 1, "Recheck Cond": "(keyword_id = k.id)", "Rows Removed by Index Recheck": 0, "Exact Heap Blocks": 1, "Lossy Heap Blocks": 1, "Plans": [{"Node Type": "Bitmap Index Scan", "Parent Relationship": "Outer", "Index Name": "keyword_id_movie_keyword", "Startup Cost": 0.0, "Total Cost": 4.5, "Plan Rows": 33, "Plan Width": 0, "Actual Startup Time": 0.02, "Actual Total Time": 0.02, "Actual Rows": 1, "Actual Loops": 1, "Index Cond": "(keyword_id = k.id)"}]}]}, {"Node Type": "Index Scan", "Parent Relationship": "Inner", "Scan Direction": "Forward", "Index Name": "title_pkey", "Relation Name": "title", "Alias": "t1", "Startup Cost": 0.0, "Total Cost": 0.31, "Plan Rows": 1, "Plan Width": 21, "Actual Startup Time": 0.014, "Actual Total Time": 0.014, "Actual Rows": 1, "Actual Loops": 1, "Index Cond": "(id = mk.movie_id)", "Rows Removed by Index Recheck": 0}]}, {"Node Type": "Index Scan", "Parent Relationship": "Inner", "Scan Direction": "Forward", "Index Name": "movie_id_movie_link", "Relation Name": "movie_link", "Alias": "ml", "Startup Cost": 0.0, "Total Cost": 0.35, "Plan Rows": 5, "Plan Width": 12, "Actual Startup Time": 0.004, "Actual Total Time": 0.004, "Actual Rows": 0, "Actual Loops": 1, "Index Cond": "(movie_id = t1.id)", "Rows Removed by Index Recheck": 0}]}, {"Node Type": "Index Scan", "Parent Relationship": "Inner", "Scan Direction": "Forward", "Index Name": "link_type_pkey", "Relation Name": "link_type", "Alias": "lt", "Startup Cost": 0.0, "Total Cost": 0.27, "Plan Rows": 1, "Plan Width": 16, "Actual Startup Time": 0.0, "Actual Total Time": 0.0, "Index Cond": "(id = ml.link_type_id)", "Rows Removed by Index Recheck": 0}]}, {"Node Type": "Index Scan", "Parent Relationship": "Inner", "Scan Direction": "Forward", "Index Name": "title_pkey", "Relation Name": "title", "Alias": "t2", "Startup Cost": 0.0, "Total Cost": 4.3, "Plan Rows": 1, "Plan Width": 21, "Actual Startup Time": 0.0, "Actual Total Time": 0.0, "Index Cond": "(id = ml.linked_movie_id)", "Rows Removed by Index Recheck": 0}]}]}, "Triggers": [], "Planner Runtime": 3, "Total Runtime": 115.218, "Unique SQL Id": 524435555}}, "(16, 38)": {"explain_plan": {"Plan": {"Node Type": "Aggregate", "Strategy": "Plain", "Startup Cost": 3709.86, "Total Cost": 3709.87, "Plan Rows": 1, "Plan Width": 142, "Plans": [{"Node Type": "Nested Loop", "Parent Relationship": "Outer", "Join Type": "Inner", "Startup Cost": 7.93, "Total Cost": 3708.7, "Plan Rows": 154, "Plan Width": 46, "Inner Unique": true, "Plans": [{"Node Type": "Hash Join", "Parent Relationship": "Outer", "Join Type": "Inner", "Startup Cost": 6.44, "Total Cost": 2859.52, "Plan Rows": 154, "Plan Width": 33, "Inner Unique": true, "Hash Cond": "(ml.link_type_id = lt.id)", "Plans": [{"Node Type": "Nested Loop", "Parent Relationship": "Outer", "Join Type": "Inner", "Startup Cost": 5.06, "Total Cost": 2856.2, "Plan Rows": 154, "Plan Width": 25, "Inner Unique": false, "Join Filter": "(t1.id = ml.movie_id)", "Plans": [{"Node Type": "Nested Loop", "Parent Relationship": "Outer", "Join Type": "Inner", "Startup Cost": 4.77, "Total Cost": 2710.54, "Plan Rows": 33, "Plan Width": 25, "Inner Unique": true, "Plans": [{"Node Type": "Nested Loop", "Parent Relationship": "Outer", "Join Type": "Inner", "Startup Cost": 4.51, "Total Cost": 2569.02, "Plan Rows": 33, "Plan Width": 4, "Inner Unique": false, "Plans": [{"Node Type": "Seq Scan", "Parent Relationship": "Outer", "Relation Name": "keyword", "Alias": "k", "Startup Cost": 0.0, "Total Cost": 2436.11, "Plan Rows": 1, "Plan Width": 4, "Filter": "((keyword)::text = '10,000-mile-club'::text)"}, {"Node Type": "Bitmap Heap Scan", "Parent Relationship": "Inner", "Relation Name": "movie_keyword", "Alias": "mk", "Startup Cost": 4.51, "Total Cost": 132.58, "Plan Rows": 33, "Plan Width": 8, "Recheck Cond": "(keyword_id = k.id)", "Plans": [{"Node Type": "Bitmap Index Scan", "Parent Relationship": "Outer", "Index Name": "keyword_id_movie_keyword", "Startup Cost": 0.0, "Total Cost": 4.5, "Plan Rows": 33, "Plan Width": 0, "Index Cond": "(keyword_id = k.id)"}]}]}, {"Node Type": "Bitmap Heap Scan", "Parent Relationship": "Inner", "Relation Name": "title", "Alias": "t1", "Startup Cost": 0.27, "Total Cost": 4.28, "Plan Rows": 1, "Plan Width": 21, "Recheck Cond": "(id = mk.movie_id)", "Plans": [{"Node Type": "Bitmap Index Scan", "Parent Relationship": "Outer", "Index Name": "title_pkey", "Startup Cost": 0.0, "Total Cost": 0.27, "Plan Rows": 1, "Plan Width": 0, "Index Cond": "(id = mk.movie_id)"}]}]}, {"Node Type": "Bitmap Heap Scan", "Parent Relationship": "Inner", "Relation Name": "movie_link", "Alias": "ml", "Startup Cost": 0.29, "Total Cost": 4.35, "Plan Rows": 5, "Plan Width": 12, "Recheck Cond": "(movie_id = mk.movie_id)", "Plans": [{"Node Type": "Bitmap Index Scan", "Parent Relationship": "Outer", "Index Name": "movie_id_movie_link", "Startup Cost": 0.0, "Total Cost": 0.29, "Plan Rows": 5, "Plan Width": 0, "Index Cond": "(movie_id = mk.movie_id)"}]}]}, {"Node Type": "Hash", "Parent Relationship": "Inner", "Startup Cost": 1.17, "Total Cost": 1.17, "Plan Rows": 17, "Plan Width": 16, "Plans": [{"Node Type": "Seq Scan", "Parent Relationship": "Outer", "Relation Name": "link_type", "Alias": "lt", "Startup Cost": 0.0, "Total Cost": 1.17, "Plan Rows": 17, "Plan Width": 16}]}]}, {"Node Type": "Bitmap Heap Scan", "Parent Relationship": "Inner", "Relation Name": "title", "Alias": "t2", "Startup Cost": 1.49, "Total Cost": 5.5, "Plan Rows": 1, "Plan Width": 21, "Recheck Cond": "(id = ml.linked_movie_id)", "Plans": [{"Node Type": "Bitmap Index Scan", "Parent Relationship": "Outer", "Index Name": "title_pkey", "Startup Cost": 0.0, "Total Cost": 1.49, "Plan Rows": 1, "Plan Width": 0, "Index Cond": "(id = ml.linked_movie_id)"}]}]}]}, "Unique SQL Id": 524435555, "Planner Runtime": 22}, "explain_analyze_plan": {"Plan": {"Node Type": "Aggregate", "Strategy": "Plain", "Startup Cost": 3709.86, "Total Cost": 3709.87, "Plan Rows": 1, "Plan Width": 142, "Actual Startup Time": 40.855, "Actual Total Time": 40.856, "Actual Rows": 1, "Actual Loops": 1, "Plans": [{"Node Type": "Nested Loop", "Parent Relationship": "Outer", "Join Type": "Inner", "Startup Cost": 7.93, "Total Cost": 3708.7, "Plan Rows": 154, "Plan Width": 46, "Actual Startup Time": 40.849, "Actual Total Time": 40.849, "Actual Rows": 0, "Actual Loops": 1, "Inner Unique": true, "Plans": [{"Node Type": "Hash Join", "Parent Relationship": "Outer", "Join Type": "Inner", "Startup Cost": 6.44, "Total Cost": 2859.52, "Plan Rows": 154, "Plan Width": 33, "Actual Startup Time": 40.824, "Actual Total Time": 40.824, "Actual Rows": 0, "Actual Loops": 1, "Inner Unique": true, "Hash Cond": "(ml.link_type_id = lt.id)", "Plans": [{"Node Type": "Nested Loop", "Parent Relationship": "Outer", "Join Type": "Inner", "Startup Cost": 5.06, "Total Cost": 2856.2, "Plan Rows": 154, "Plan Width": 25, "Actual Startup Time": 40.752, "Actual Total Time": 40.752, "Actual Rows": 0, "Actual Loops": 1, "Inner Unique": false, "Join Filter": "(t1.id = ml.movie_id)", "Rows Removed by Join Filter": 0, "Plans": [{"Node Type": "Nested Loop", "Parent Relationship": "Outer", "Join Type": "Inner", "Startup Cost": 4.77, "Total Cost": 2710.54, "Plan Rows": 33, "Plan Width": 25, "Actual Startup Time": 39.861, "Actual Total Time": 40.74, "Actual Rows": 1, "Actual Loops": 1, "Inner Unique": true, "Plans": [{"Node Type": "Nested Loop", "Parent Relationship": "Outer", "Join Type": "Inner", "Startup Cost": 4.51, "Total Cost": 2569.02, "Plan Rows": 33, "Plan Width": 4, "Actual Startup Time": 39.842, "Actual Total Time": 40.72, "Actual Rows": 1, "Actual Loops": 1, "Inner Unique": false, "Plans": [{"Node Type": "Seq Scan", "Parent Relationship": "Outer", "Relation Name": "keyword", "Alias": "k", "Startup Cost": 0.0, "Total Cost": 2436.11, "Plan Rows": 1, "Plan Width": 4, "Actual Startup Time": 39.799, "Actual Total Time": 40.676, "Actual Rows": 1, "Actual Loops": 1, "Filter": "((keyword)::text = '10,000-mile-club'::text)", "Rows Removed by Filter": 134168}, {"Node Type": "Bitmap Heap Scan", "Parent Relationship": "Inner", "Relation Name": "movie_keyword", "Alias": "mk", "Startup Cost": 4.51, "Total Cost": 132.58, "Plan Rows": 33, "Plan Width": 8, "Actual Startup Time": 0.032, "Actual Total Time": 0.032, "Actual Rows": 1, "Actual Loops": 1, "Recheck Cond": "(keyword_id = k.id)", "Rows Removed by Index Recheck": 0, "Exact Heap Blocks": 1, "Lossy Heap Blocks": 1, "Plans": [{"Node Type": "Bitmap Index Scan", "Parent Relationship": "Outer", "Index Name": "keyword_id_movie_keyword", "Startup Cost": 0.0, "Total Cost": 4.5, "Plan Rows": 33, "Plan Width": 0, "Actual Startup Time": 0.021, "Actual Total Time": 0.021, "Actual Rows": 1, "Actual Loops": 1, "Index Cond": "(keyword_id = k.id)"}]}]}, {"Node Type": "Bitmap Heap Scan", "Parent Relationship": "Inner", "Relation Name": "title", "Alias": "t1", "Startup Cost": 0.27, "Total Cost": 4.28, "Plan Rows": 1, "Plan Width": 21, "Actual Startup Time": 0.013, "Actual Total Time": 0.013, "Actual Rows": 1, "Actual Loops": 1, "Recheck Cond": "(id = mk.movie_id)", "Rows Removed by Index Recheck": 0, "Exact Heap Blocks": 1, "Lossy Heap Blocks": 1, "Plans": [{"Node Type": "Bitmap Index Scan", "Parent Relationship": "Outer", "Index Name": "title_pkey", "Startup Cost": 0.0, "Total Cost": 0.27, "Plan Rows": 1, "Plan Width": 0, "Actual Startup Time": 0.008, "Actual Total Time": 0.008, "Actual Rows": 1, "Actual Loops": 1, "Index Cond": "(id = mk.movie_id)"}]}]}, {"Node Type": "Bitmap Heap Scan", "Parent Relationship": "Inner", "Relation Name": "movie_link", "Alias": "ml", "Startup Cost": 0.29, "Total Cost": 4.35, "Plan Rows": 5, "Plan Width": 12, "Actual Startup Time": 0.009, "Actual Total Time": 0.009, "Actual Rows": 0, "Actual Loops": 1, "Recheck Cond": "(movie_id = mk.movie_id)", "Rows Removed by Index Recheck": 0, "Exact Heap Blocks": 0, "Lossy Heap Blocks": 0, "Plans": [{"Node Type": "Bitmap Index Scan", "Parent Relationship": "Outer", "Index Name": "movie_id_movie_link", "Startup Cost": 0.0, "Total Cost": 0.29, "Plan Rows": 5, "Plan Width": 0, "Actual Startup Time": 0.005, "Actual Total Time": 0.005, "Actual Rows": 0, "Actual Loops": 1, "Index Cond": "(movie_id = mk.movie_id)"}]}]}, {"Node Type": "Hash", "Parent Relationship": "Inner", "Startup Cost": 1.17, "Total Cost": 1.17, "Plan Rows": 17, "Plan Width": 16, "Actual Startup Time": 0.031, "Actual Total Time": 0.031, "Actual Rows": 17, "Actual Loops": 1, "Hash Buckets": 32768, "Hash Batches": 1, "Original Hash Batches": 1, "Peak Memory Usage": 1, "Plans": [{"Node Type": "Seq Scan", "Parent Relationship": "Outer", "Relation Name": "link_type", "Alias": "lt", "Startup Cost": 0.0, "Total Cost": 1.17, "Plan Rows": 17, "Plan Width": 16, "Actual Startup Time": 0.013, "Actual Total Time": 0.021, "Actual Rows": 17, "Actual Loops": 1}]}]}, {"Node Type": "Bitmap Heap Scan", "Parent Relationship": "Inner", "Relation Name": "title", "Alias": "t2", "Startup Cost": 1.49, "Total Cost": 5.5, "Plan Rows": 1, "Plan Width": 21, "Actual Startup Time": 0.0, "Actual Total Time": 0.0, "Recheck Cond": "(id = ml.linked_movie_id)", "Rows Removed by Index Recheck": 0, "Exact Heap Blocks": 0, "Lossy Heap Blocks": 0, "Plans": [{"Node Type": "Bitmap Index Scan", "Parent Relationship": "Outer", "Index Name": "title_pkey", "Startup Cost": 0.0, "Total Cost": 1.49, "Plan Rows": 1, "Plan Width": 0, "Actual Startup Time": 0.0, "Actual Total Time": 0.0, "Index Cond": "(id = ml.linked_movie_id)"}]}]}]}, "Triggers": [], "Planner Runtime": 20, "Total Runtime": 41.114, "Unique SQL Id": 524435555}}, "(16, 39)": {"explain_plan": {"Plan": {"Node Type": "Aggregate", "Strategy": "Plain", "Startup Cost": 4440.29, "Total Cost": 4440.3, "Plan Rows": 1, "Plan Width": 142, "Plans": [{"Node Type": "Nested Loop", "Parent Relationship": "Outer", "Join Type": "Inner", "Startup Cost": 738.37, "Total Cost": 4439.14, "Plan Rows": 154, "Plan Width": 46, "Inner Unique": true, "Plans": [{"Node Type": "Hash Join", "Parent Relationship": "Outer", "Join Type": "Inner", "Startup Cost": 736.88, "Total Cost": 3589.96, "Plan Rows": 154, "Plan Width": 33, "Inner Unique": true, "Hash Cond": "(ml.link_type_id = lt.id)", "Plans": [{"Node Type": "Nested Loop", "Parent Relationship": "Outer", "Join Type": "Inner", "Startup Cost": 724.16, "Total Cost": 3575.3, "Plan Rows": 154, "Plan Width": 25, "Inner Unique": false, "Join Filter": "(t1.id = ml.movie_id)", "Plans": [{"Node Type": "Nested Loop", "Parent Relationship": "Outer", "Join Type": "Inner", "Startup Cost": 723.87, "Total Cost": 3429.64, "Plan Rows": 33, "Plan Width": 25, "Inner Unique": true, "Plans": [{"Node Type": "Nested Loop", "Parent Relationship": "Outer", "Join Type": "Inner", "Startup Cost": 723.6, "Total Cost": 3288.12, "Plan Rows": 33, "Plan Width": 4, "Inner Unique": false, "Plans": [{"Node Type": "Bitmap Heap Scan", "Parent Relationship": "Outer", "Relation Name": "keyword", "Alias": "k", "Startup Cost": 719.1, "Total Cost": 3155.21, "Plan Rows": 1, "Plan Width": 4, "Filter": "((keyword)::text = '10,000-mile-club'::text)", "Plans": [{"Node Type": "Bitmap Index Scan", "Parent Relationship": "Outer", "Index Name": "keyword_pkey", "Startup Cost": 0.0, "Total Cost": 719.1, "Plan Rows": 134169, "Plan Width": 0}]}, {"Node Type": "Bitmap Heap Scan", "Parent Relationship": "Inner", "Relation Name": "movie_keyword", "Alias": "mk", "Startup Cost": 4.51, "Total Cost": 132.58, "Plan Rows": 33, "Plan Width": 8, "Recheck Cond": "(keyword_id = k.id)", "Plans": [{"Node Type": "Bitmap Index Scan", "Parent Relationship": "Outer", "Index Name": "keyword_id_movie_keyword", "Startup Cost": 0.0, "Total Cost": 4.5, "Plan Rows": 33, "Plan Width": 0, "Index Cond": "(keyword_id = k.id)"}]}]}, {"Node Type": "Bitmap Heap Scan", "Parent Relationship": "Inner", "Relation Name": "title", "Alias": "t1", "Startup Cost": 0.27, "Total Cost": 4.28, "Plan Rows": 1, "Plan Width": 21, "Recheck Cond": "(id = mk.movie_id)", "Plans": [{"Node Type": "Bitmap Index Scan", "Parent Relationship": "Outer", "Index Name": "title_pkey", "Startup Cost": 0.0, "Total Cost": 0.27, "Plan Rows": 1, "Plan Width": 0, "Index Cond": "(id = mk.movie_id)"}]}]}, {"Node Type": "Bitmap Heap Scan", "Parent Relationship": "Inner", "Relation Name": "movie_link", "Alias": "ml", "Startup Cost": 0.29, "Total Cost": 4.35, "Plan Rows": 5, "Plan Width": 12, "Recheck Cond": "(movie_id = mk.movie_id)", "Plans": [{"Node Type": "Bitmap Index Scan", "Parent Relationship": "Outer", "Index Name": "movie_id_movie_link", "Startup Cost": 0.0, "Total Cost": 0.29, "Plan Rows": 5, "Plan Width": 0, "Index Cond": "(movie_id = mk.movie_id)"}]}]}, {"Node Type": "Hash", "Parent Relationship": "Inner", "Startup Cost": 12.51, "Total Cost": 12.51, "Plan Rows": 17, "Plan Width": 16, "Plans": [{"Node Type": "Bitmap Heap Scan", "Parent Relationship": "Outer", "Relation Name": "link_type", "Alias": "lt", "Startup Cost": 8.34, "Total Cost": 12.51, "Plan Rows": 17, "Plan Width": 16, "Plans": [{"Node Type": "Bitmap Index Scan", "Parent Relationship": "Outer", "Index Name": "link_type_pkey", "Startup Cost": 0.0, "Total Cost": 8.34, "Plan Rows": 17, "Plan Width": 0}]}]}]}, {"Node Type": "Bitmap Heap Scan", "Parent Relationship": "Inner", "Relation Name": "title", "Alias": "t2", "Startup Cost": 1.49, "Total Cost": 5.5, "Plan Rows": 1, "Plan Width": 21, "Recheck Cond": "(id = ml.linked_movie_id)", "Plans": [{"Node Type": "Bitmap Index Scan", "Parent Relationship": "Outer", "Index Name": "title_pkey", "Startup Cost": 0.0, "Total Cost": 1.49, "Plan Rows": 1, "Plan Width": 0, "Index Cond": "(id = ml.linked_movie_id)"}]}]}]}, "Unique SQL Id": 524435555, "Planner Runtime": 7}, "explain_analyze_plan": {"Plan": {"Node Type": "Aggregate", "Strategy": "Plain", "Startup Cost": 4440.29, "Total Cost": 4440.3, "Plan Rows": 1, "Plan Width": 142, "Actual Startup Time": 61.614, "Actual Total Time": 61.615, "Actual Rows": 1, "Actual Loops": 1, "Plans": [{"Node Type": "Nested Loop", "Parent Relationship": "Outer", "Join Type": "Inner", "Startup Cost": 738.37, "Total Cost": 4439.14, "Plan Rows": 154, "Plan Width": 46, "Actual Startup Time": 61.608, "Actual Total Time": 61.608, "Actual Rows": 0, "Actual Loops": 1, "Inner Unique": true, "Plans": [{"Node Type": "Hash Join", "Parent Relationship": "Outer", "Join Type": "Inner", "Startup Cost": 736.88, "Total Cost": 3589.96, "Plan Rows": 154, "Plan Width": 33, "Actual Startup Time": 61.584, "Actual Total Time": 61.584, "Actual Rows": 0, "Actual Loops": 1, "Inner Unique": true, "Hash Cond": "(ml.link_type_id = lt.id)", "Plans": [{"Node Type": "Nested Loop", "Parent Relationship": "Outer", "Join Type": "Inner", "Startup Cost": 724.16, "Total Cost": 3575.3, "Plan Rows": 154, "Plan Width": 25, "Actual Startup Time": 61.513, "Actual Total Time": 61.513, "Actual Rows": 0, "Actual Loops": 1, "Inner Unique": false, "Join Filter": "(t1.id = ml.movie_id)", "Rows Removed by Join Filter": 0, "Plans": [{"Node Type": "Nested Loop", "Parent Relationship": "Outer", "Join Type": "Inner", "Startup Cost": 723.87, "Total Cost": 3429.64, "Plan Rows": 33, "Plan Width": 25, "Actual Startup Time": 60.452, "Actual Total Time": 61.505, "Actual Rows": 1, "Actual Loops": 1, "Inner Unique": true, "Plans": [{"Node Type": "Nested Loop", "Parent Relationship": "Outer", "Join Type": "Inner", "Startup Cost": 723.6, "Total Cost": 3288.12, "Plan Rows": 33, "Plan Width": 4, "Actual Startup Time": 60.436, "Actual Total Time": 61.489, "Actual Rows": 1, "Actual Loops": 1, "Inner Unique": false, "Plans": [{"Node Type": "Bitmap Heap Scan", "Parent Relationship": "Outer", "Relation Name": "keyword", "Alias": "k", "Startup Cost": 719.1, "Total Cost": 3155.21, "Plan Rows": 1, "Plan Width": 4, "Actual Startup Time": 60.398, "Actual Total Time": 61.449, "Actual Rows": 1, "Actual Loops": 1, "Filter": "((keyword)::text = '10,000-mile-club'::text)", "Rows Removed by Filter": 134168, "Exact Heap Blocks": 759, "Lossy Heap Blocks": 759, "Plans": [{"Node Type": "Bitmap Index Scan", "Parent Relationship": "Outer", "Index Name": "keyword_pkey", "Startup Cost": 0.0, "Total Cost": 719.1, "Plan Rows": 134169, "Plan Width": 0, "Actual Startup Time": 11.375, "Actual Total Time": 11.375, "Actual Rows": 134169, "Actual Loops": 1}]}, {"Node Type": "Bitmap Heap Scan", "Parent Relationship": "Inner", "Relation Name": "movie_keyword", "Alias": "mk", "Startup Cost": 4.51, "Total Cost": 132.58, "Plan Rows": 33, "Plan Width": 8, "Actual Startup Time": 0.025, "Actual Total Time": 0.025, "Actual Rows": 1, "Actual Loops": 1, "Recheck Cond": "(keyword_id = k.id)", "Rows Removed by Index Recheck": 0, "Exact Heap Blocks": 1, "Lossy Heap Blocks": 1, "Plans": [{"Node Type": "Bitmap Index Scan", "Parent Relationship": "Outer", "Index Name": "keyword_id_movie_keyword", "Startup Cost": 0.0, "Total Cost": 4.5, "Plan Rows": 33, "Plan Width": 0, "Actual Startup Time": 0.017, "Actual Total Time": 0.017, "Actual Rows": 1, "Actual Loops": 1, "Index Cond": "(keyword_id = k.id)"}]}]}, {"Node Type": "Bitmap Heap Scan", "Parent Relationship": "Inner", "Relation Name": "title", "Alias": "t1", "Startup Cost": 0.27, "Total Cost": 4.28, "Plan Rows": 1, "Plan Width": 21, "Actual Startup Time": 0.012, "Actual Total Time": 0.012, "Actual Rows": 1, "Actual Loops": 1, "Recheck Cond": "(id = mk.movie_id)", "Rows Removed by Index Recheck": 0, "Exact Heap Blocks": 1, "Lossy Heap Blocks": 1, "Plans": [{"Node Type": "Bitmap Index Scan", "Parent Relationship": "Outer", "Index Name": "title_pkey", "Startup Cost": 0.0, "Total Cost": 0.27, "Plan Rows": 1, "Plan Width": 0, "Actual Startup Time": 0.008, "Actual Total Time": 0.008, "Actual Rows": 1, "Actual Loops": 1, "Index Cond": "(id = mk.movie_id)"}]}]}, {"Node Type": "Bitmap Heap Scan", "Parent Relationship": "Inner", "Relation Name": "movie_link", "Alias": "ml", "Startup Cost": 0.29, "Total Cost": 4.35, "Plan Rows": 5, "Plan Width": 12, "Actual Startup Time": 0.006, "Actual Total Time": 0.006, "Actual Rows": 0, "Actual Loops": 1, "Recheck Cond": "(movie_id = mk.movie_id)", "Rows Removed by Index Recheck": 0, "Exact Heap Blocks": 0, "Lossy Heap Blocks": 0, "Plans": [{"Node Type": "Bitmap Index Scan", "Parent Relationship": "Outer", "Index Name": "movie_id_movie_link", "Startup Cost": 0.0, "Total Cost": 0.29, "Plan Rows": 5, "Plan Width": 0, "Actual Startup Time": 0.003, "Actual Total Time": 0.003, "Actual Rows": 0, "Actual Loops": 1, "Index Cond": "(movie_id = mk.movie_id)"}]}]}, {"Node Type": "Hash", "Parent Relationship": "Inner", "Startup Cost": 12.51, "Total Cost": 12.51, "Plan Rows": 17, "Plan Width": 16, "Actual Startup Time": 0.032, "Actual Total Time": 0.032, "Actual Rows": 17, "Actual Loops": 1, "Hash Buckets": 32768, "Hash Batches": 1, "Original Hash Batches": 1, "Peak Memory Usage": 1, "Plans": [{"Node Type": "Bitmap Heap Scan", "Parent Relationship": "Outer", "Relation Name": "link_type", "Alias": "lt", "Startup Cost": 8.34, "Total Cost": 12.51, "Plan Rows": 17, "Plan Width": 16, "Actual Startup Time": 0.017, "Actual Total Time": 0.022, "Actual Rows": 17, "Actual Loops": 1, "Exact Heap Blocks": 1, "Lossy Heap Blocks": 1, "Plans": [{"Node Type": "Bitmap Index Scan", "Parent Relationship": "Outer", "Index Name": "link_type_pkey", "Startup Cost": 0.0, "Total Cost": 8.34, "Plan Rows": 17, "Plan Width": 0, "Actual Startup Time": 0.007, "Actual Total Time": 0.007, "Actual Rows": 17, "Actual Loops": 1}]}]}]}, {"Node Type": "Bitmap Heap Scan", "Parent Relationship": "Inner", "Relation Name": "title", "Alias": "t2", "Startup Cost": 1.49, "Total Cost": 5.5, "Plan Rows": 1, "Plan Width": 21, "Actual Startup Time": 0.0, "Actual Total Time": 0.0, "Recheck Cond": "(id = ml.linked_movie_id)", "Rows Removed by Index Recheck": 0, "Exact Heap Blocks": 0, "Lossy Heap Blocks": 0, "Plans": [{"Node Type": "Bitmap Index Scan", "Parent Relationship": "Outer", "Index Name": "title_pkey", "Startup Cost": 0.0, "Total Cost": 1.49, "Plan Rows": 1, "Plan Width": 0, "Actual Startup Time": 0.0, "Actual Total Time": 0.0, "Index Cond": "(id = ml.linked_movie_id)"}]}]}]}, "Triggers": [], "Planner Runtime": 7, "Total Runtime": 61.87, "Unique SQL Id": 524435555}}, "(16, 40)": {"explain_plan": {"Plan": {"Node Type": "Aggregate", "Strategy": "Plain", "Startup Cost": 3265.11, "Total Cost": 3265.12, "Plan Rows": 1, "Plan Width": 142, "Plans": [{"Node Type": "Nested Loop", "Parent Relationship": "Outer", "Join Type": "Inner", "Startup Cost": 1.38, "Total Cost": 3263.96, "Plan Rows": 154, "Plan Width": 46, "Inner Unique": true, "Plans": [{"Node Type": "Hash Join", "Parent Relationship": "Outer", "Join Type": "Inner", "Startup Cost": 1.38, "Total Cost": 2600.38, "Plan Rows": 154, "Plan Width": 33, "Inner Unique": true, "Hash Cond": "(ml.link_type_id = lt.id)", "Plans": [{"Node Type": "Nested Loop", "Parent Relationship": "Outer", "Join Type": "Inner", "Startup Cost": 0.0, "Total Cost": 2597.06, "Plan Rows": 154, "Plan Width": 25, "Inner Unique": false, "Plans": [{"Node Type": "Nested Loop", "Parent Relationship": "Outer", "Join Type": "Inner", "Startup Cost": 0.0, "Total Cost": 2583.84, "Plan Rows": 33, "Plan Width": 25, "Inner Unique": true, "Plans": [{"Node Type": "Nested Loop", "Parent Relationship": "Outer", "Join Type": "Inner", "Startup Cost": 0.0, "Total Cost": 2573.32, "Plan Rows": 33, "Plan Width": 4, "Inner Unique": false, "Plans": [{"Node Type": "Seq Scan", "Parent Relationship": "Outer", "Relation Name": "keyword", "Alias": "k", "Startup Cost": 0.0, "Total Cost": 2436.11, "Plan Rows": 1, "Plan Width": 4, "Filter": "((keyword)::text = '10,000-mile-club'::text)"}, {"Node Type": "Index Scan", "Parent Relationship": "Inner", "Scan Direction": "Forward", "Index Name": "keyword_id_movie_keyword", "Relation Name": "movie_keyword", "Alias": "mk", "Startup Cost": 0.0, "Total Cost": 136.88, "Plan Rows": 33, "Plan Width": 8, "Index Cond": "(keyword_id = k.id)"}]}, {"Node Type": "Index Scan", "Parent Relationship": "Inner", "Scan Direction": "Forward", "Index Name": "title_pkey", "Relation Name": "title", "Alias": "t1", "Startup Cost": 0.0, "Total Cost": 0.31, "Plan Rows": 1, "Plan Width": 21, "Index Cond": "(id = mk.movie_id)"}]}, {"Node Type": "Index Scan", "Parent Relationship": "Inner", "Scan Direction": "Forward", "Index Name": "movie_id_movie_link", "Relation Name": "movie_link", "Alias": "ml", "Startup Cost": 0.0, "Total Cost": 0.35, "Plan Rows": 5, "Plan Width": 12, "Index Cond": "(movie_id = t1.id)"}]}, {"Node Type": "Hash", "Parent Relationship": "Inner", "Startup Cost": 1.17, "Total Cost": 1.17, "Plan Rows": 17, "Plan Width": 16, "Plans": [{"Node Type": "Seq Scan", "Parent Relationship": "Outer", "Relation Name": "link_type", "Alias": "lt", "Startup Cost": 0.0, "Total Cost": 1.17, "Plan Rows": 17, "Plan Width": 16}]}]}, {"Node Type": "Index Scan", "Parent Relationship": "Inner", "Scan Direction": "Forward", "Index Name": "title_pkey", "Relation Name": "title", "Alias": "t2", "Startup Cost": 0.0, "Total Cost": 4.3, "Plan Rows": 1, "Plan Width": 21, "Index Cond": "(id = ml.linked_movie_id)"}]}]}, "Unique SQL Id": 524435555, "Planner Runtime": 20}, "explain_analyze_plan": {"Plan": {"Node Type": "Aggregate", "Strategy": "Plain", "Startup Cost": 3265.11, "Total Cost": 3265.12, "Plan Rows": 1, "Plan Width": 142, "Actual Startup Time": 40.785, "Actual Total Time": 40.786, "Actual Rows": 1, "Actual Loops": 1, "Plans": [{"Node Type": "Nested Loop", "Parent Relationship": "Outer", "Join Type": "Inner", "Startup Cost": 1.38, "Total Cost": 3263.96, "Plan Rows": 154, "Plan Width": 46, "Actual Startup Time": 40.779, "Actual Total Time": 40.779, "Actual Rows": 0, "Actual Loops": 1, "Inner Unique": true, "Plans": [{"Node Type": "Hash Join", "Parent Relationship": "Outer", "Join Type": "Inner", "Startup Cost": 1.38, "Total Cost": 2600.38, "Plan Rows": 154, "Plan Width": 33, "Actual Startup Time": 40.779, "Actual Total Time": 40.779, "Actual Rows": 0, "Actual Loops": 1, "Inner Unique": true, "Hash Cond": "(ml.link_type_id = lt.id)", "Plans": [{"Node Type": "Nested Loop", "Parent Relationship": "Outer", "Join Type": "Inner", "Startup Cost": 0.0, "Total Cost": 2597.06, "Plan Rows": 154, "Plan Width": 25, "Actual Startup Time": 40.774, "Actual Total Time": 40.774, "Actual Rows": 0, "Actual Loops": 1, "Inner Unique": false, "Plans": [{"Node Type": "Nested Loop", "Parent Relationship": "Outer", "Join Type": "Inner", "Startup Cost": 0.0, "Total Cost": 2583.84, "Plan Rows": 33, "Plan Width": 25, "Actual Startup Time": 39.89, "Actual Total Time": 40.769, "Actual Rows": 1, "Actual Loops": 1, "Inner Unique": true, "Plans": [{"Node Type": "Nested Loop", "Parent Relationship": "Outer", "Join Type": "Inner", "Startup Cost": 0.0, "Total Cost": 2573.32, "Plan Rows": 33, "Plan Width": 4, "Actual Startup Time": 39.876, "Actual Total Time": 40.753, "Actual Rows": 1, "Actual Loops": 1, "Inner Unique": false, "Plans": [{"Node Type": "Seq Scan", "Parent Relationship": "Outer", "Relation Name": "keyword", "Alias": "k", "Startup Cost": 0.0, "Total Cost": 2436.11, "Plan Rows": 1, "Plan Width": 4, "Actual Startup Time": 39.849, "Actual Total Time": 40.724, "Actual Rows": 1, "Actual Loops": 1, "Filter": "((keyword)::text = '10,000-mile-club'::text)", "Rows Removed by Filter": 134168}, {"Node Type": "Index Scan", "Parent Relationship": "Inner", "Scan Direction": "Forward", "Index Name": "keyword_id_movie_keyword", "Relation Name": "movie_keyword", "Alias": "mk", "Startup Cost": 0.0, "Total Cost": 136.88, "Plan Rows": 33, "Plan Width": 8, "Actual Startup Time": 0.02, "Actual Total Time": 0.021, "Actual Rows": 1, "Actual Loops": 1, "Index Cond": "(keyword_id = k.id)", "Rows Removed by Index Recheck": 0}]}, {"Node Type": "Index Scan", "Parent Relationship": "Inner", "Scan Direction": "Forward", "Index Name": "title_pkey", "Relation Name": "title", "Alias": "t1", "Startup Cost": 0.0, "Total Cost": 0.31, "Plan Rows": 1, "Plan Width": 21, "Actual Startup Time": 0.012, "Actual Total Time": 0.012, "Actual Rows": 1, "Actual Loops": 1, "Index Cond": "(id = mk.movie_id)", "Rows Removed by Index Recheck": 0}]}, {"Node Type": "Index Scan", "Parent Relationship": "Inner", "Scan Direction": "Forward", "Index Name": "movie_id_movie_link", "Relation Name": "movie_link", "Alias": "ml", "Startup Cost": 0.0, "Total Cost": 0.35, "Plan Rows": 5, "Plan Width": 12, "Actual Startup Time": 0.003, "Actual Total Time": 0.003, "Actual Rows": 0, "Actual Loops": 1, "Index Cond": "(movie_id = t1.id)", "Rows Removed by Index Recheck": 0}]}, {"Node Type": "Hash", "Parent Relationship": "Inner", "Startup Cost": 1.17, "Total Cost": 1.17, "Plan Rows": 17, "Plan Width": 16, "Actual Startup Time": 0.0, "Actual Total Time": 0.0, "Hash Buckets": 0, "Hash Batches": 0, "Original Hash Batches": 0, "Peak Memory Usage": 0, "Plans": [{"Node Type": "Seq Scan", "Parent Relationship": "Outer", "Relation Name": "link_type", "Alias": "lt", "Startup Cost": 0.0, "Total Cost": 1.17, "Plan Rows": 17, "Plan Width": 16, "Actual Startup Time": 0.0, "Actual Total Time": 0.0}]}]}, {"Node Type": "Index Scan", "Parent Relationship": "Inner", "Scan Direction": "Forward", "Index Name": "title_pkey", "Relation Name": "title", "Alias": "t2", "Startup Cost": 0.0, "Total Cost": 4.3, "Plan Rows": 1, "Plan Width": 21, "Actual Startup Time": 0.0, "Actual Total Time": 0.0, "Index Cond": "(id = ml.linked_movie_id)", "Rows Removed by Index Recheck": 0}]}]}, "Triggers": [], "Planner Runtime": 19, "Total Runtime": 41.015, "Unique SQL Id": 524435555}}, "(16, 41)": {"explain_plan": {"Plan": {"Node Type": "Aggregate", "Strategy": "Plain", "Startup Cost": 4051.57, "Total Cost": 4051.58, "Plan Rows": 1, "Plan Width": 142, "Plans": [{"Node Type": "Nested Loop", "Parent Relationship": "Outer", "Join Type": "Inner", "Startup Cost": 0.0, "Total Cost": 4050.42, "Plan Rows": 154, "Plan Width": 46, "Inner Unique": true, "Plans": [{"Node Type": "Nested Loop", "Parent Relationship": "Outer", "Join Type": "Inner", "Startup Cost": 0.0, "Total Cost": 3386.84, "Plan Rows": 154, "Plan Width": 33, "Inner Unique": true, "Plans": [{"Node Type": "Nested Loop", "Parent Relationship": "Outer", "Join Type": "Inner", "Startup Cost": 0.0, "Total Cost": 3343.66, "Plan Rows": 154, "Plan Width": 25, "Inner Unique": false, "Plans": [{"Node Type": "Nested Loop", "Parent Relationship": "Outer", "Join Type": "Inner", "Startup Cost": 0.0, "Total Cost": 3330.45, "Plan Rows": 33, "Plan Width": 25, "Inner Unique": true, "Plans": [{"Node Type": "Nested Loop", "Parent Relationship": "Outer", "Join Type": "Inner", "Startup Cost": 0.0, "Total Cost": 3319.92, "Plan Rows": 33, "Plan Width": 4, "Inner Unique": false, "Plans": [{"Node Type": "Index Scan", "Parent Relationship": "Outer", "Scan Direction": "Forward", "Index Name": "keyword_pkey", "Relation Name": "keyword", "Alias": "k", "Startup Cost": 0.0, "Total Cost": 3182.72, "Plan Rows": 1, "Plan Width": 4, "Filter": "((keyword)::text = '10,000-mile-club'::text)"}, {"Node Type": "Index Scan", "Parent Relationship": "Inner", "Scan Direction": "Forward", "Index Name": "keyword_id_movie_keyword", "Relation Name": "movie_keyword", "Alias": "mk", "Startup Cost": 0.0, "Total Cost": 136.88, "Plan Rows": 33, "Plan Width": 8, "Index Cond": "(keyword_id = k.id)"}]}, {"Node Type": "Index Scan", "Parent Relationship": "Inner", "Scan Direction": "Forward", "Index Name": "title_pkey", "Relation Name": "title", "Alias": "t1", "Startup Cost": 0.0, "Total Cost": 0.31, "Plan Rows": 1, "Plan Width": 21, "Index Cond": "(id = mk.movie_id)"}]}, {"Node Type": "Index Scan", "Parent Relationship": "Inner", "Scan Direction": "Forward", "Index Name": "movie_id_movie_link", "Relation Name": "movie_link", "Alias": "ml", "Startup Cost": 0.0, "Total Cost": 0.35, "Plan Rows": 5, "Plan Width": 12, "Index Cond": "(movie_id = t1.id)"}]}, {"Node Type": "Index Scan", "Parent Relationship": "Inner", "Scan Direction": "Forward", "Index Name": "link_type_pkey", "Relation Name": "link_type", "Alias": "lt", "Startup Cost": 0.0, "Total Cost": 0.27, "Plan Rows": 1, "Plan Width": 16, "Index Cond": "(id = ml.link_type_id)"}]}, {"Node Type": "Index Scan", "Parent Relationship": "Inner", "Scan Direction": "Forward", "Index Name": "title_pkey", "Relation Name": "title", "Alias": "t2", "Startup Cost": 0.0, "Total Cost": 4.3, "Plan Rows": 1, "Plan Width": 21, "Index Cond": "(id = ml.linked_movie_id)"}]}]}, "Unique SQL Id": 524435555, "Planner Runtime": 15}, "explain_analyze_plan": {"Plan": {"Node Type": "Aggregate", "Strategy": "Plain", "Startup Cost": 4051.57, "Total Cost": 4051.58, "Plan Rows": 1, "Plan Width": 142, "Actual Startup Time": 113.661, "Actual Total Time": 113.661, "Actual Rows": 1, "Actual Loops": 1, "Plans": [{"Node Type": "Nested Loop", "Parent Relationship": "Outer", "Join Type": "Inner", "Startup Cost": 0.0, "Total Cost": 4050.42, "Plan Rows": 154, "Plan Width": 46, "Actual Startup Time": 113.657, "Actual Total Time": 113.657, "Actual Rows": 0, "Actual Loops": 1, "Inner Unique": true, "Plans": [{"Node Type": "Nested Loop", "Parent Relationship": "Outer", "Join Type": "Inner", "Startup Cost": 0.0, "Total Cost": 3386.84, "Plan Rows": 154, "Plan Width": 33, "Actual Startup Time": 113.656, "Actual Total Time": 113.656, "Actual Rows": 0, "Actual Loops": 1, "Inner Unique": true, "Plans": [{"Node Type": "Nested Loop", "Parent Relationship": "Outer", "Join Type": "Inner", "Startup Cost": 0.0, "Total Cost": 3343.66, "Plan Rows": 154, "Plan Width": 25, "Actual Startup Time": 113.654, "Actual Total Time": 113.654, "Actual Rows": 0, "Actual Loops": 1, "Inner Unique": false, "Plans": [{"Node Type": "Nested Loop", "Parent Relationship": "Outer", "Join Type": "Inner", "Startup Cost": 0.0, "Total Cost": 3330.45, "Plan Rows": 33, "Plan Width": 25, "Actual Startup Time": 111.786, "Actual Total Time": 113.649, "Actual Rows": 1, "Actual Loops": 1, "Inner Unique": true, "Plans": [{"Node Type": "Nested Loop", "Parent Relationship": "Outer", "Join Type": "Inner", "Startup Cost": 0.0, "Total Cost": 3319.92, "Plan Rows": 33, "Plan Width": 4, "Actual Startup Time": 111.771, "Actual Total Time": 113.633, "Actual Rows": 1, "Actual Loops": 1, "Inner Unique": false, "Plans": [{"Node Type": "Index Scan", "Parent Relationship": "Outer", "Scan Direction": "Forward", "Index Name": "keyword_pkey", "Relation Name": "keyword", "Alias": "k", "Startup Cost": 0.0, "Total Cost": 3182.72, "Plan Rows": 1, "Plan Width": 4, "Actual Startup Time": 111.744, "Actual Total Time": 113.604, "Actual Rows": 1, "Actual Loops": 1, "Filter": "((keyword)::text = '10,000-mile-club'::text)", "Rows Removed by Filter": 134168}, {"Node Type": "Index Scan", "Parent Relationship": "Inner", "Scan Direction": "Forward", "Index Name": "keyword_id_movie_keyword", "Relation Name": "movie_keyword", "Alias": "mk", "Startup Cost": 0.0, "Total Cost": 136.88, "Plan Rows": 33, "Plan Width": 8, "Actual Startup Time": 0.017, "Actual Total Time": 0.017, "Actual Rows": 1, "Actual Loops": 1, "Index Cond": "(keyword_id = k.id)", "Rows Removed by Index Recheck": 0}]}, {"Node Type": "Index Scan", "Parent Relationship": "Inner", "Scan Direction": "Forward", "Index Name": "title_pkey", "Relation Name": "title", "Alias": "t1", "Startup Cost": 0.0, "Total Cost": 0.31, "Plan Rows": 1, "Plan Width": 21, "Actual Startup Time": 0.012, "Actual Total Time": 0.012, "Actual Rows": 1, "Actual Loops": 1, "Index Cond": "(id = mk.movie_id)", "Rows Removed by Index Recheck": 0}]}, {"Node Type": "Index Scan", "Parent Relationship": "Inner", "Scan Direction": "Forward", "Index Name": "movie_id_movie_link", "Relation Name": "movie_link", "Alias": "ml", "Startup Cost": 0.0, "Total Cost": 0.35, "Plan Rows": 5, "Plan Width": 12, "Actual Startup Time": 0.003, "Actual Total Time": 0.003, "Actual Rows": 0, "Actual Loops": 1, "Index Cond": "(movie_id = t1.id)", "Rows Removed by Index Recheck": 0}]}, {"Node Type": "Index Scan", "Parent Relationship": "Inner", "Scan Direction": "Forward", "Index Name": "link_type_pkey", "Relation Name": "link_type", "Alias": "lt", "Startup Cost": 0.0, "Total Cost": 0.27, "Plan Rows": 1, "Plan Width": 16, "Actual Startup Time": 0.0, "Actual Total Time": 0.0, "Index Cond": "(id = ml.link_type_id)", "Rows Removed by Index Recheck": 0}]}, {"Node Type": "Index Scan", "Parent Relationship": "Inner", "Scan Direction": "Forward", "Index Name": "title_pkey", "Relation Name": "title", "Alias": "t2", "Startup Cost": 0.0, "Total Cost": 4.3, "Plan Rows": 1, "Plan Width": 21, "Actual Startup Time": 0.0, "Actual Total Time": 0.0, "Index Cond": "(id = ml.linked_movie_id)", "Rows Removed by Index Recheck": 0}]}]}, "Triggers": [], "Planner Runtime": 3, "Total Runtime": 113.879, "Unique SQL Id": 524435555}}, "(16, 42)": {"explain_plan": {"Plan": {"Node Type": "Aggregate", "Strategy": "Plain", "Startup Cost": 106618.95, "Total Cost": 106618.96, "Plan Rows": 1, "Plan Width": 142, "Plans": [{"Node Type": "Hash Join", "Parent Relationship": "Outer", "Join Type": "Inner", "Startup Cost": 87265.37, "Total Cost": 106617.8, "Plan Rows": 154, "Plan Width": 46, "Inner Unique": true, "Hash Cond": "(ml.link_type_id = lt.id)", "Plans": [{"Node Type": "Streaming(type: LOCAL GATHER dop: 1/16)", "Parent Relationship": "Outer", "Startup Cost": 87263.98, "Total Cost": 106614.3, "Plan Rows": 154, "Plan Width": 38, "Plans": [{"Node Type": "Hash Join", "Parent Relationship": "Outer", "Join Type": "Inner", "Startup Cost": 87263.98, "Total Cost": 106610.97, "Plan Rows": 154, "Plan Width": 38, "Inner Unique": false, "Hash Cond": "(t2.id = ml.linked_movie_id)", "Plans": [{"Node Type": "Seq Scan", "Parent Relationship": "Outer", "Relation Name": "title", "Alias": "t2", "Startup Cost": 0.0, "Total Cost": 18754.32, "Plan Rows": 2528311, "Plan Width": 21}, {"Node Type": "Hash", "Parent Relationship": "Inner", "Startup Cost": 87262.06, "Total Cost": 87262.06, "Plan Rows": 2464, "Plan Width": 25, "Plans": [{"Node Type": "Streaming(type: BROADCAST dop: 16/1)", "Parent Relationship": "Outer", "Startup Cost": 52855.37, "Total Cost": 87262.06, "Plan Rows": 2464, "Plan Width": 25, "Plans": [{"Node Type": "Hash Join", "Parent Relationship": "Outer", "Join Type": "Inner", "Startup Cost": 52855.37, "Total Cost": 72208.88, "Plan Rows": 154, "Plan Width": 25, "Inner Unique": false, "Hash Cond": "(t1.id = ml.movie_id)", "Plans": [{"Node Type": "Streaming(type: LOCAL GATHER dop: 1/16)", "Parent Relationship": "Outer", "Startup Cost": 52049.46, "Total Cost": 71397.08, "Plan Rows": 33, "Plan Width": 25, "Plans": [{"Node Type": "Hash Join", "Parent Relationship": "Outer", "Join Type": "Inner", "Startup Cost": 52049.46, "Total Cost": 71396.37, "Plan Rows": 33, "Plan Width": 25, "Inner Unique": false, "Hash Cond": "(t1.id = mk.movie_id)", "Plans": [{"Node Type": "Seq Scan", "Parent Relationship": "Outer", "Relation Name": "title", "Alias": "t1", "Startup Cost": 0.0, "Total Cost": 18754.32, "Plan Rows": 2528311, "Plan Width": 21}, {"Node Type": "Hash", "Parent Relationship": "Inner", "Startup Cost": 52049.04, "Total Cost": 52049.04, "Plan Rows": 528, "Plan Width": 4, "Plans": [{"Node Type": "Streaming(type: BROADCAST dop: 16/16)", "Parent Relationship": "Outer", "Startup Cost": 17436.47, "Total Cost": 52049.04, "Plan Rows": 528, "Plan Width": 4, "Plans": [{"Node Type": "Hash Join", "Parent Relationship": "Outer", "Join Type": "Inner", "Startup Cost": 17436.47, "Total Cost": 37047.7, "Plan Rows": 33, "Plan Width": 4, "Inner Unique": true, "Hash Cond": "(mk.keyword_id = k.id)", "Plans": [{"Node Type": "Seq Scan", "Parent Relationship": "Outer", "Relation Name": "movie_keyword", "Alias": "mk", "Startup Cost": 0.0, "Total Cost": 18902.58, "Plan Rows": 4523929, "Plan Width": 8}, {"Node Type": "Hash", "Parent Relationship": "Inner", "Startup Cost": 17436.46, "Total Cost": 17436.46, "Plan Rows": 16, "Plan Width": 4, "Plans": [{"Node Type": "Streaming(type: BROADCAST dop: 16/1)", "Parent Relationship": "Outer", "Startup Cost": 0.0, "Total Cost": 17436.46, "Plan Rows": 16, "Plan Width": 4, "Plans": [{"Node Type": "Seq Scan", "Parent Relationship": "Outer", "Relation Name": "keyword", "Alias": "k", "Startup Cost": 0.0, "Total Cost": 2436.11, "Plan Rows": 1, "Plan Width": 4, "Filter": "((keyword)::text = '10,000-mile-club'::text)"}]}]}]}]}]}]}]}, {"Node Type": "Hash", "Parent Relationship": "Inner", "Startup Cost": 430.96, "Total Cost": 430.96, "Plan Rows": 29996, "Plan Width": 12, "Plans": [{"Node Type": "Seq Scan", "Parent Relationship": "Outer", "Relation Name": "movie_link", "Alias": "ml", "Startup Cost": 0.0, "Total Cost": 430.96, "Plan Rows": 29996, "Plan Width": 12}]}]}]}]}]}]}, {"Node Type": "Hash", "Parent Relationship": "Inner", "Startup Cost": 1.17, "Total Cost": 1.17, "Plan Rows": 17, "Plan Width": 16, "Plans": [{"Node Type": "Seq Scan", "Parent Relationship": "Outer", "Relation Name": "link_type", "Alias": "lt", "Startup Cost": 0.0, "Total Cost": 1.17, "Plan Rows": 17, "Plan Width": 16}]}]}]}, "Unique SQL Id": 524435555, "Planner Runtime": 37}, "explain_analyze_plan": null}, "(16, 43)": {"explain_plan": {"Plan": {"Node Type": "Aggregate", "Strategy": "Plain", "Startup Cost": 6000044963492.68, "Total Cost": 6000044963492.69, "Plan Rows": 1, "Plan Width": 142, "Plans": [{"Node Type": "Nested Loop", "Parent Relationship": "Outer", "Join Type": "Inner", "Startup Cost": 60000000000.0, "Total Cost": 6000044963491.52, "Plan Rows": 154, "Plan Width": 46, "Inner Unique": false, "Join Filter": "(ml.linked_movie_id = t2.id)", "Plans": [{"Node Type": "Index Scan", "Parent Relationship": "Outer", "Scan Direction": "Forward", "Index Name": "title_pkey", "Relation Name": "title", "Alias": "t2", "Startup Cost": 10000000000.0, "Total Cost": 1000011012048.91, "Plan Rows": 2528311, "Plan Width": 21}, {"Node Type": "Materialize", "Parent Relationship": "Inner", "Startup Cost": 50000000000.0, "Total Cost": 5000028111044.58, "Plan Rows": 154, "Plan Width": 33, "Plans": [{"Node Type": "Nested Loop", "Parent Relationship": "Outer", "Join Type": "Inner", "Startup Cost": 50000000000.0, "Total Cost": 5000028111043.81, "Plan Rows": 154, "Plan Width": 33, "Inner Unique": true, "Join Filter": "(ml.link_type_id = lt.id)", "Plans": [{"Node Type": "Nested Loop", "Parent Relationship": "Outer", "Join Type": "Inner", "Startup Cost": 40000000000.0, "Total Cost": 4000028109754.0, "Plan Rows": 154, "Plan Width": 25, "Inner Unique": false, "Join Filter": "(t1.id = ml.movie_id)", "Plans": [{"Node Type": "Index Scan", "Parent Relationship": "Outer", "Scan Direction": "Forward", "Index Name": "linked_movie_id_movie_link", "Relation Name": "movie_link", "Alias": "ml", "Startup Cost": 10000000000.0, "Total Cost": 1000000144578.17, "Plan Rows": 29996, "Plan Width": 12}, {"Node Type": "Materialize", "Parent Relationship": "Inner", "Startup Cost": 30000000000.0, "Total Cost": 3000027950327.9, "Plan Rows": 33, "Plan Width": 25, "Plans": [{"Node Type": "Nested Loop", "Parent Relationship": "Outer", "Join Type": "Inner", "Startup Cost": 30000000000.0, "Total Cost": 3000027950327.73, "Plan Rows": 33, "Plan Width": 25, "Inner Unique": false, "Join Filter": "(mk.movie_id = t1.id)", "Plans": [{"Node Type": "Index Scan", "Parent Relationship": "Outer", "Scan Direction": "Forward", "Index Name": "title_pkey", "Relation Name": "title", "Alias": "t1", "Startup Cost": 10000000000.0, "Total Cost": 1000011012048.91, "Plan Rows": 2528311, "Plan Width": 21}, {"Node Type": "Materialize", "Parent Relationship": "Inner", "Startup Cost": 20000000000.0, "Total Cost": 2000015686764.96, "Plan Rows": 33, "Plan Width": 4, "Plans": [{"Node Type": "Nested Loop", "Parent Relationship": "Outer", "Join Type": "Inner", "Startup Cost": 20000000000.0, "Total Cost": 2000015686764.79, "Plan Rows": 33, "Plan Width": 4, "Inner Unique": true, "Join Filter": "(k.id = mk.keyword_id)", "Plans": [{"Node Type": "Index Scan", "Parent Relationship": "Outer", "Scan Direction": "Forward", "Index Name": "movie_id_movie_keyword", "Relation Name": "movie_keyword", "Alias": "mk", "Startup Cost": 10000000000.0, "Total Cost": 1000015300634.17, "Plan Rows": 4523929, "Plan Width": 8}, {"Node Type": "Materialize", "Parent Relationship": "Inner", "Startup Cost": 10000000000.0, "Total Cost": 1000000318271.69, "Plan Rows": 1, "Plan Width": 4, "Plans": [{"Node Type": "Index Scan", "Parent Relationship": "Outer", "Scan Direction": "Forward", "Index Name": "keyword_pkey", "Relation Name": "keyword", "Alias": "k", "Startup Cost": 10000000000.0, "Total Cost": 1000000318271.68, "Plan Rows": 1, "Plan Width": 4, "Filter": "((keyword)::text = '10,000-mile-club'::text)"}]}]}]}]}]}]}, {"Node Type": "Materialize", "Parent Relationship": "Inner", "Startup Cost": 10000000000.0, "Total Cost": 1000000001250.58, "Plan Rows": 17, "Plan Width": 16, "Plans": [{"Node Type": "Index Scan", "Parent Relationship": "Outer", "Scan Direction": "Forward", "Index Name": "link_type_pkey", "Relation Name": "link_type", "Alias": "lt", "Startup Cost": 10000000000.0, "Total Cost": 1000000001250.5, "Plan Rows": 17, "Plan Width": 16}]}]}]}]}]}, "Unique SQL Id": 524435555, "Planner Runtime": 8}, "explain_analyze_plan": null}, "(16, 44)": {"explain_plan": {"Plan": {"Node Type": "Aggregate", "Strategy": "Plain", "Startup Cost": 3265.11, "Total Cost": 3265.12, "Plan Rows": 1, "Plan Width": 142, "Plans": [{"Node Type": "Nested Loop", "Parent Relationship": "Outer", "Join Type": "Inner", "Startup Cost": 1.38, "Total Cost": 3263.96, "Plan Rows": 154, "Plan Width": 46, "Inner Unique": true, "Plans": [{"Node Type": "Hash Join", "Parent Relationship": "Outer", "Join Type": "Inner", "Startup Cost": 1.38, "Total Cost": 2600.38, "Plan Rows": 154, "Plan Width": 33, "Inner Unique": true, "Hash Cond": "(ml.link_type_id = lt.id)", "Plans": [{"Node Type": "Nested Loop", "Parent Relationship": "Outer", "Join Type": "Inner", "Startup Cost": 0.0, "Total Cost": 2597.06, "Plan Rows": 154, "Plan Width": 25, "Inner Unique": false, "Plans": [{"Node Type": "Nested Loop", "Parent Relationship": "Outer", "Join Type": "Inner", "Startup Cost": 0.0, "Total Cost": 2583.84, "Plan Rows": 33, "Plan Width": 25, "Inner Unique": true, "Plans": [{"Node Type": "Nested Loop", "Parent Relationship": "Outer", "Join Type": "Inner", "Startup Cost": 0.0, "Total Cost": 2573.32, "Plan Rows": 33, "Plan Width": 4, "Inner Unique": false, "Plans": [{"Node Type": "Seq Scan", "Parent Relationship": "Outer", "Relation Name": "keyword", "Alias": "k", "Startup Cost": 0.0, "Total Cost": 2436.11, "Plan Rows": 1, "Plan Width": 4, "Filter": "((keyword)::text = '10,000-mile-club'::text)"}, {"Node Type": "Index Scan", "Parent Relationship": "Inner", "Scan Direction": "Forward", "Index Name": "keyword_id_movie_keyword", "Relation Name": "movie_keyword", "Alias": "mk", "Startup Cost": 0.0, "Total Cost": 136.88, "Plan Rows": 33, "Plan Width": 8, "Index Cond": "(keyword_id = k.id)"}]}, {"Node Type": "Index Scan", "Parent Relationship": "Inner", "Scan Direction": "Forward", "Index Name": "title_pkey", "Relation Name": "title", "Alias": "t1", "Startup Cost": 0.0, "Total Cost": 0.31, "Plan Rows": 1, "Plan Width": 21, "Index Cond": "(id = mk.movie_id)"}]}, {"Node Type": "Index Scan", "Parent Relationship": "Inner", "Scan Direction": "Forward", "Index Name": "movie_id_movie_link", "Relation Name": "movie_link", "Alias": "ml", "Startup Cost": 0.0, "Total Cost": 0.35, "Plan Rows": 5, "Plan Width": 12, "Index Cond": "(movie_id = t1.id)"}]}, {"Node Type": "Hash", "Parent Relationship": "Inner", "Startup Cost": 1.17, "Total Cost": 1.17, "Plan Rows": 17, "Plan Width": 16, "Plans": [{"Node Type": "Seq Scan", "Parent Relationship": "Outer", "Relation Name": "link_type", "Alias": "lt", "Startup Cost": 0.0, "Total Cost": 1.17, "Plan Rows": 17, "Plan Width": 16}]}]}, {"Node Type": "Index Scan", "Parent Relationship": "Inner", "Scan Direction": "Forward", "Index Name": "title_pkey", "Relation Name": "title", "Alias": "t2", "Startup Cost": 0.0, "Total Cost": 4.3, "Plan Rows": 1, "Plan Width": 21, "Index Cond": "(id = ml.linked_movie_id)"}]}]}, "Unique SQL Id": 524435555, "Planner Runtime": 20}, "explain_analyze_plan": {"Plan": {"Node Type": "Aggregate", "Strategy": "Plain", "Startup Cost": 3265.11, "Total Cost": 3265.12, "Plan Rows": 1, "Plan Width": 142, "Actual Startup Time": 40.785, "Actual Total Time": 40.786, "Actual Rows": 1, "Actual Loops": 1, "Plans": [{"Node Type": "Nested Loop", "Parent Relationship": "Outer", "Join Type": "Inner", "Startup Cost": 1.38, "Total Cost": 3263.96, "Plan Rows": 154, "Plan Width": 46, "Actual Startup Time": 40.779, "Actual Total Time": 40.779, "Actual Rows": 0, "Actual Loops": 1, "Inner Unique": true, "Plans": [{"Node Type": "Hash Join", "Parent Relationship": "Outer", "Join Type": "Inner", "Startup Cost": 1.38, "Total Cost": 2600.38, "Plan Rows": 154, "Plan Width": 33, "Actual Startup Time": 40.779, "Actual Total Time": 40.779, "Actual Rows": 0, "Actual Loops": 1, "Inner Unique": true, "Hash Cond": "(ml.link_type_id = lt.id)", "Plans": [{"Node Type": "Nested Loop", "Parent Relationship": "Outer", "Join Type": "Inner", "Startup Cost": 0.0, "Total Cost": 2597.06, "Plan Rows": 154, "Plan Width": 25, "Actual Startup Time": 40.774, "Actual Total Time": 40.774, "Actual Rows": 0, "Actual Loops": 1, "Inner Unique": false, "Plans": [{"Node Type": "Nested Loop", "Parent Relationship": "Outer", "Join Type": "Inner", "Startup Cost": 0.0, "Total Cost": 2583.84, "Plan Rows": 33, "Plan Width": 25, "Actual Startup Time": 39.89, "Actual Total Time": 40.769, "Actual Rows": 1, "Actual Loops": 1, "Inner Unique": true, "Plans": [{"Node Type": "Nested Loop", "Parent Relationship": "Outer", "Join Type": "Inner", "Startup Cost": 0.0, "Total Cost": 2573.32, "Plan Rows": 33, "Plan Width": 4, "Actual Startup Time": 39.876, "Actual Total Time": 40.753, "Actual Rows": 1, "Actual Loops": 1, "Inner Unique": false, "Plans": [{"Node Type": "Seq Scan", "Parent Relationship": "Outer", "Relation Name": "keyword", "Alias": "k", "Startup Cost": 0.0, "Total Cost": 2436.11, "Plan Rows": 1, "Plan Width": 4, "Actual Startup Time": 39.849, "Actual Total Time": 40.724, "Actual Rows": 1, "Actual Loops": 1, "Filter": "((keyword)::text = '10,000-mile-club'::text)", "Rows Removed by Filter": 134168}, {"Node Type": "Index Scan", "Parent Relationship": "Inner", "Scan Direction": "Forward", "Index Name": "keyword_id_movie_keyword", "Relation Name": "movie_keyword", "Alias": "mk", "Startup Cost": 0.0, "Total Cost": 136.88, "Plan Rows": 33, "Plan Width": 8, "Actual Startup Time": 0.02, "Actual Total Time": 0.021, "Actual Rows": 1, "Actual Loops": 1, "Index Cond": "(keyword_id = k.id)", "Rows Removed by Index Recheck": 0}]}, {"Node Type": "Index Scan", "Parent Relationship": "Inner", "Scan Direction": "Forward", "Index Name": "title_pkey", "Relation Name": "title", "Alias": "t1", "Startup Cost": 0.0, "Total Cost": 0.31, "Plan Rows": 1, "Plan Width": 21, "Actual Startup Time": 0.012, "Actual Total Time": 0.012, "Actual Rows": 1, "Actual Loops": 1, "Index Cond": "(id = mk.movie_id)", "Rows Removed by Index Recheck": 0}]}, {"Node Type": "Index Scan", "Parent Relationship": "Inner", "Scan Direction": "Forward", "Index Name": "movie_id_movie_link", "Relation Name": "movie_link", "Alias": "ml", "Startup Cost": 0.0, "Total Cost": 0.35, "Plan Rows": 5, "Plan Width": 12, "Actual Startup Time": 0.003, "Actual Total Time": 0.003, "Actual Rows": 0, "Actual Loops": 1, "Index Cond": "(movie_id = t1.id)", "Rows Removed by Index Recheck": 0}]}, {"Node Type": "Hash", "Parent Relationship": "Inner", "Startup Cost": 1.17, "Total Cost": 1.17, "Plan Rows": 17, "Plan Width": 16, "Actual Startup Time": 0.0, "Actual Total Time": 0.0, "Hash Buckets": 0, "Hash Batches": 0, "Original Hash Batches": 0, "Peak Memory Usage": 0, "Plans": [{"Node Type": "Seq Scan", "Parent Relationship": "Outer", "Relation Name": "link_type", "Alias": "lt", "Startup Cost": 0.0, "Total Cost": 1.17, "Plan Rows": 17, "Plan Width": 16, "Actual Startup Time": 0.0, "Actual Total Time": 0.0}]}]}, {"Node Type": "Index Scan", "Parent Relationship": "Inner", "Scan Direction": "Forward", "Index Name": "title_pkey", "Relation Name": "title", "Alias": "t2", "Startup Cost": 0.0, "Total Cost": 4.3, "Plan Rows": 1, "Plan Width": 21, "Actual Startup Time": 0.0, "Actual Total Time": 0.0, "Index Cond": "(id = ml.linked_movie_id)", "Rows Removed by Index Recheck": 0}]}]}, "Triggers": [], "Planner Runtime": 19, "Total Runtime": 41.015, "Unique SQL Id": 524435555}}, "(16, 45)": {"explain_plan": {"Plan": {"Node Type": "Aggregate", "Strategy": "Plain", "Startup Cost": 4051.57, "Total Cost": 4051.58, "Plan Rows": 1, "Plan Width": 142, "Plans": [{"Node Type": "Nested Loop", "Parent Relationship": "Outer", "Join Type": "Inner", "Startup Cost": 0.0, "Total Cost": 4050.42, "Plan Rows": 154, "Plan Width": 46, "Inner Unique": true, "Plans": [{"Node Type": "Nested Loop", "Parent Relationship": "Outer", "Join Type": "Inner", "Startup Cost": 0.0, "Total Cost": 3386.84, "Plan Rows": 154, "Plan Width": 33, "Inner Unique": true, "Plans": [{"Node Type": "Nested Loop", "Parent Relationship": "Outer", "Join Type": "Inner", "Startup Cost": 0.0, "Total Cost": 3343.66, "Plan Rows": 154, "Plan Width": 25, "Inner Unique": false, "Plans": [{"Node Type": "Nested Loop", "Parent Relationship": "Outer", "Join Type": "Inner", "Startup Cost": 0.0, "Total Cost": 3330.45, "Plan Rows": 33, "Plan Width": 25, "Inner Unique": true, "Plans": [{"Node Type": "Nested Loop", "Parent Relationship": "Outer", "Join Type": "Inner", "Startup Cost": 0.0, "Total Cost": 3319.92, "Plan Rows": 33, "Plan Width": 4, "Inner Unique": false, "Plans": [{"Node Type": "Index Scan", "Parent Relationship": "Outer", "Scan Direction": "Forward", "Index Name": "keyword_pkey", "Relation Name": "keyword", "Alias": "k", "Startup Cost": 0.0, "Total Cost": 3182.72, "Plan Rows": 1, "Plan Width": 4, "Filter": "((keyword)::text = '10,000-mile-club'::text)"}, {"Node Type": "Index Scan", "Parent Relationship": "Inner", "Scan Direction": "Forward", "Index Name": "keyword_id_movie_keyword", "Relation Name": "movie_keyword", "Alias": "mk", "Startup Cost": 0.0, "Total Cost": 136.88, "Plan Rows": 33, "Plan Width": 8, "Index Cond": "(keyword_id = k.id)"}]}, {"Node Type": "Index Scan", "Parent Relationship": "Inner", "Scan Direction": "Forward", "Index Name": "title_pkey", "Relation Name": "title", "Alias": "t1", "Startup Cost": 0.0, "Total Cost": 0.31, "Plan Rows": 1, "Plan Width": 21, "Index Cond": "(id = mk.movie_id)"}]}, {"Node Type": "Index Scan", "Parent Relationship": "Inner", "Scan Direction": "Forward", "Index Name": "movie_id_movie_link", "Relation Name": "movie_link", "Alias": "ml", "Startup Cost": 0.0, "Total Cost": 0.35, "Plan Rows": 5, "Plan Width": 12, "Index Cond": "(movie_id = t1.id)"}]}, {"Node Type": "Index Scan", "Parent Relationship": "Inner", "Scan Direction": "Forward", "Index Name": "link_type_pkey", "Relation Name": "link_type", "Alias": "lt", "Startup Cost": 0.0, "Total Cost": 0.27, "Plan Rows": 1, "Plan Width": 16, "Index Cond": "(id = ml.link_type_id)"}]}, {"Node Type": "Index Scan", "Parent Relationship": "Inner", "Scan Direction": "Forward", "Index Name": "title_pkey", "Relation Name": "title", "Alias": "t2", "Startup Cost": 0.0, "Total Cost": 4.3, "Plan Rows": 1, "Plan Width": 21, "Index Cond": "(id = ml.linked_movie_id)"}]}]}, "Unique SQL Id": 524435555, "Planner Runtime": 15}, "explain_analyze_plan": {"Plan": {"Node Type": "Aggregate", "Strategy": "Plain", "Startup Cost": 4051.57, "Total Cost": 4051.58, "Plan Rows": 1, "Plan Width": 142, "Actual Startup Time": 113.661, "Actual Total Time": 113.661, "Actual Rows": 1, "Actual Loops": 1, "Plans": [{"Node Type": "Nested Loop", "Parent Relationship": "Outer", "Join Type": "Inner", "Startup Cost": 0.0, "Total Cost": 4050.42, "Plan Rows": 154, "Plan Width": 46, "Actual Startup Time": 113.657, "Actual Total Time": 113.657, "Actual Rows": 0, "Actual Loops": 1, "Inner Unique": true, "Plans": [{"Node Type": "Nested Loop", "Parent Relationship": "Outer", "Join Type": "Inner", "Startup Cost": 0.0, "Total Cost": 3386.84, "Plan Rows": 154, "Plan Width": 33, "Actual Startup Time": 113.656, "Actual Total Time": 113.656, "Actual Rows": 0, "Actual Loops": 1, "Inner Unique": true, "Plans": [{"Node Type": "Nested Loop", "Parent Relationship": "Outer", "Join Type": "Inner", "Startup Cost": 0.0, "Total Cost": 3343.66, "Plan Rows": 154, "Plan Width": 25, "Actual Startup Time": 113.654, "Actual Total Time": 113.654, "Actual Rows": 0, "Actual Loops": 1, "Inner Unique": false, "Plans": [{"Node Type": "Nested Loop", "Parent Relationship": "Outer", "Join Type": "Inner", "Startup Cost": 0.0, "Total Cost": 3330.45, "Plan Rows": 33, "Plan Width": 25, "Actual Startup Time": 111.786, "Actual Total Time": 113.649, "Actual Rows": 1, "Actual Loops": 1, "Inner Unique": true, "Plans": [{"Node Type": "Nested Loop", "Parent Relationship": "Outer", "Join Type": "Inner", "Startup Cost": 0.0, "Total Cost": 3319.92, "Plan Rows": 33, "Plan Width": 4, "Actual Startup Time": 111.771, "Actual Total Time": 113.633, "Actual Rows": 1, "Actual Loops": 1, "Inner Unique": false, "Plans": [{"Node Type": "Index Scan", "Parent Relationship": "Outer", "Scan Direction": "Forward", "Index Name": "keyword_pkey", "Relation Name": "keyword", "Alias": "k", "Startup Cost": 0.0, "Total Cost": 3182.72, "Plan Rows": 1, "Plan Width": 4, "Actual Startup Time": 111.744, "Actual Total Time": 113.604, "Actual Rows": 1, "Actual Loops": 1, "Filter": "((keyword)::text = '10,000-mile-club'::text)", "Rows Removed by Filter": 134168}, {"Node Type": "Index Scan", "Parent Relationship": "Inner", "Scan Direction": "Forward", "Index Name": "keyword_id_movie_keyword", "Relation Name": "movie_keyword", "Alias": "mk", "Startup Cost": 0.0, "Total Cost": 136.88, "Plan Rows": 33, "Plan Width": 8, "Actual Startup Time": 0.017, "Actual Total Time": 0.017, "Actual Rows": 1, "Actual Loops": 1, "Index Cond": "(keyword_id = k.id)", "Rows Removed by Index Recheck": 0}]}, {"Node Type": "Index Scan", "Parent Relationship": "Inner", "Scan Direction": "Forward", "Index Name": "title_pkey", "Relation Name": "title", "Alias": "t1", "Startup Cost": 0.0, "Total Cost": 0.31, "Plan Rows": 1, "Plan Width": 21, "Actual Startup Time": 0.012, "Actual Total Time": 0.012, "Actual Rows": 1, "Actual Loops": 1, "Index Cond": "(id = mk.movie_id)", "Rows Removed by Index Recheck": 0}]}, {"Node Type": "Index Scan", "Parent Relationship": "Inner", "Scan Direction": "Forward", "Index Name": "movie_id_movie_link", "Relation Name": "movie_link", "Alias": "ml", "Startup Cost": 0.0, "Total Cost": 0.35, "Plan Rows": 5, "Plan Width": 12, "Actual Startup Time": 0.003, "Actual Total Time": 0.003, "Actual Rows": 0, "Actual Loops": 1, "Index Cond": "(movie_id = t1.id)", "Rows Removed by Index Recheck": 0}]}, {"Node Type": "Index Scan", "Parent Relationship": "Inner", "Scan Direction": "Forward", "Index Name": "link_type_pkey", "Relation Name": "link_type", "Alias": "lt", "Startup Cost": 0.0, "Total Cost": 0.27, "Plan Rows": 1, "Plan Width": 16, "Actual Startup Time": 0.0, "Actual Total Time": 0.0, "Index Cond": "(id = ml.link_type_id)", "Rows Removed by Index Recheck": 0}]}, {"Node Type": "Index Scan", "Parent Relationship": "Inner", "Scan Direction": "Forward", "Index Name": "title_pkey", "Relation Name": "title", "Alias": "t2", "Startup Cost": 0.0, "Total Cost": 4.3, "Plan Rows": 1, "Plan Width": 21, "Actual Startup Time": 0.0, "Actual Total Time": 0.0, "Index Cond": "(id = ml.linked_movie_id)", "Rows Removed by Index Recheck": 0}]}]}, "Triggers": [], "Planner Runtime": 3, "Total Runtime": 113.879, "Unique SQL Id": 524435555}}, "(16, 46)": {"explain_plan": {"Plan": {"Node Type": "Aggregate", "Strategy": "Plain", "Startup Cost": 106618.95, "Total Cost": 106618.96, "Plan Rows": 1, "Plan Width": 142, "Plans": [{"Node Type": "Hash Join", "Parent Relationship": "Outer", "Join Type": "Inner", "Startup Cost": 87265.37, "Total Cost": 106617.8, "Plan Rows": 154, "Plan Width": 46, "Inner Unique": true, "Hash Cond": "(ml.link_type_id = lt.id)", "Plans": [{"Node Type": "Streaming(type: LOCAL GATHER dop: 1/16)", "Parent Relationship": "Outer", "Startup Cost": 87263.98, "Total Cost": 106614.3, "Plan Rows": 154, "Plan Width": 38, "Plans": [{"Node Type": "Hash Join", "Parent Relationship": "Outer", "Join Type": "Inner", "Startup Cost": 87263.98, "Total Cost": 106610.97, "Plan Rows": 154, "Plan Width": 38, "Inner Unique": false, "Hash Cond": "(t2.id = ml.linked_movie_id)", "Plans": [{"Node Type": "Seq Scan", "Parent Relationship": "Outer", "Relation Name": "title", "Alias": "t2", "Startup Cost": 0.0, "Total Cost": 18754.32, "Plan Rows": 2528311, "Plan Width": 21}, {"Node Type": "Hash", "Parent Relationship": "Inner", "Startup Cost": 87262.06, "Total Cost": 87262.06, "Plan Rows": 2464, "Plan Width": 25, "Plans": [{"Node Type": "Streaming(type: BROADCAST dop: 16/1)", "Parent Relationship": "Outer", "Startup Cost": 52855.37, "Total Cost": 87262.06, "Plan Rows": 2464, "Plan Width": 25, "Plans": [{"Node Type": "Hash Join", "Parent Relationship": "Outer", "Join Type": "Inner", "Startup Cost": 52855.37, "Total Cost": 72208.88, "Plan Rows": 154, "Plan Width": 25, "Inner Unique": false, "Hash Cond": "(t1.id = ml.movie_id)", "Plans": [{"Node Type": "Streaming(type: LOCAL GATHER dop: 1/16)", "Parent Relationship": "Outer", "Startup Cost": 52049.46, "Total Cost": 71397.08, "Plan Rows": 33, "Plan Width": 25, "Plans": [{"Node Type": "Hash Join", "Parent Relationship": "Outer", "Join Type": "Inner", "Startup Cost": 52049.46, "Total Cost": 71396.37, "Plan Rows": 33, "Plan Width": 25, "Inner Unique": false, "Hash Cond": "(t1.id = mk.movie_id)", "Plans": [{"Node Type": "Seq Scan", "Parent Relationship": "Outer", "Relation Name": "title", "Alias": "t1", "Startup Cost": 0.0, "Total Cost": 18754.32, "Plan Rows": 2528311, "Plan Width": 21}, {"Node Type": "Hash", "Parent Relationship": "Inner", "Startup Cost": 52049.04, "Total Cost": 52049.04, "Plan Rows": 528, "Plan Width": 4, "Plans": [{"Node Type": "Streaming(type: BROADCAST dop: 16/16)", "Parent Relationship": "Outer", "Startup Cost": 17436.47, "Total Cost": 52049.04, "Plan Rows": 528, "Plan Width": 4, "Plans": [{"Node Type": "Hash Join", "Parent Relationship": "Outer", "Join Type": "Inner", "Startup Cost": 17436.47, "Total Cost": 37047.7, "Plan Rows": 33, "Plan Width": 4, "Inner Unique": true, "Hash Cond": "(mk.keyword_id = k.id)", "Plans": [{"Node Type": "Seq Scan", "Parent Relationship": "Outer", "Relation Name": "movie_keyword", "Alias": "mk", "Startup Cost": 0.0, "Total Cost": 18902.58, "Plan Rows": 4523929, "Plan Width": 8}, {"Node Type": "Hash", "Parent Relationship": "Inner", "Startup Cost": 17436.46, "Total Cost": 17436.46, "Plan Rows": 16, "Plan Width": 4, "Plans": [{"Node Type": "Streaming(type: BROADCAST dop: 16/1)", "Parent Relationship": "Outer", "Startup Cost": 0.0, "Total Cost": 17436.46, "Plan Rows": 16, "Plan Width": 4, "Plans": [{"Node Type": "Seq Scan", "Parent Relationship": "Outer", "Relation Name": "keyword", "Alias": "k", "Startup Cost": 0.0, "Total Cost": 2436.11, "Plan Rows": 1, "Plan Width": 4, "Filter": "((keyword)::text = '10,000-mile-club'::text)"}]}]}]}]}]}]}]}, {"Node Type": "Hash", "Parent Relationship": "Inner", "Startup Cost": 430.96, "Total Cost": 430.96, "Plan Rows": 29996, "Plan Width": 12, "Plans": [{"Node Type": "Seq Scan", "Parent Relationship": "Outer", "Relation Name": "movie_link", "Alias": "ml", "Startup Cost": 0.0, "Total Cost": 430.96, "Plan Rows": 29996, "Plan Width": 12}]}]}]}]}]}]}, {"Node Type": "Hash", "Parent Relationship": "Inner", "Startup Cost": 1.17, "Total Cost": 1.17, "Plan Rows": 17, "Plan Width": 16, "Plans": [{"Node Type": "Seq Scan", "Parent Relationship": "Outer", "Relation Name": "link_type", "Alias": "lt", "Startup Cost": 0.0, "Total Cost": 1.17, "Plan Rows": 17, "Plan Width": 16}]}]}]}, "Unique SQL Id": 524435555, "Planner Runtime": 37}, "explain_analyze_plan": null}, "(16, 47)": {"explain_plan": {"Plan": {"Node Type": "Aggregate", "Strategy": "Plain", "Startup Cost": 6000044963492.68, "Total Cost": 6000044963492.69, "Plan Rows": 1, "Plan Width": 142, "Plans": [{"Node Type": "Nested Loop", "Parent Relationship": "Outer", "Join Type": "Inner", "Startup Cost": 60000000000.0, "Total Cost": 6000044963491.52, "Plan Rows": 154, "Plan Width": 46, "Inner Unique": false, "Join Filter": "(ml.linked_movie_id = t2.id)", "Plans": [{"Node Type": "Index Scan", "Parent Relationship": "Outer", "Scan Direction": "Forward", "Index Name": "title_pkey", "Relation Name": "title", "Alias": "t2", "Startup Cost": 10000000000.0, "Total Cost": 1000011012048.91, "Plan Rows": 2528311, "Plan Width": 21}, {"Node Type": "Materialize", "Parent Relationship": "Inner", "Startup Cost": 50000000000.0, "Total Cost": 5000028111044.58, "Plan Rows": 154, "Plan Width": 33, "Plans": [{"Node Type": "Nested Loop", "Parent Relationship": "Outer", "Join Type": "Inner", "Startup Cost": 50000000000.0, "Total Cost": 5000028111043.81, "Plan Rows": 154, "Plan Width": 33, "Inner Unique": true, "Join Filter": "(ml.link_type_id = lt.id)", "Plans": [{"Node Type": "Nested Loop", "Parent Relationship": "Outer", "Join Type": "Inner", "Startup Cost": 40000000000.0, "Total Cost": 4000028109754.0, "Plan Rows": 154, "Plan Width": 25, "Inner Unique": false, "Join Filter": "(t1.id = ml.movie_id)", "Plans": [{"Node Type": "Index Scan", "Parent Relationship": "Outer", "Scan Direction": "Forward", "Index Name": "linked_movie_id_movie_link", "Relation Name": "movie_link", "Alias": "ml", "Startup Cost": 10000000000.0, "Total Cost": 1000000144578.17, "Plan Rows": 29996, "Plan Width": 12}, {"Node Type": "Materialize", "Parent Relationship": "Inner", "Startup Cost": 30000000000.0, "Total Cost": 3000027950327.9, "Plan Rows": 33, "Plan Width": 25, "Plans": [{"Node Type": "Nested Loop", "Parent Relationship": "Outer", "Join Type": "Inner", "Startup Cost": 30000000000.0, "Total Cost": 3000027950327.73, "Plan Rows": 33, "Plan Width": 25, "Inner Unique": false, "Join Filter": "(mk.movie_id = t1.id)", "Plans": [{"Node Type": "Index Scan", "Parent Relationship": "Outer", "Scan Direction": "Forward", "Index Name": "title_pkey", "Relation Name": "title", "Alias": "t1", "Startup Cost": 10000000000.0, "Total Cost": 1000011012048.91, "Plan Rows": 2528311, "Plan Width": 21}, {"Node Type": "Materialize", "Parent Relationship": "Inner", "Startup Cost": 20000000000.0, "Total Cost": 2000015686764.96, "Plan Rows": 33, "Plan Width": 4, "Plans": [{"Node Type": "Nested Loop", "Parent Relationship": "Outer", "Join Type": "Inner", "Startup Cost": 20000000000.0, "Total Cost": 2000015686764.79, "Plan Rows": 33, "Plan Width": 4, "Inner Unique": true, "Join Filter": "(k.id = mk.keyword_id)", "Plans": [{"Node Type": "Index Scan", "Parent Relationship": "Outer", "Scan Direction": "Forward", "Index Name": "movie_id_movie_keyword", "Relation Name": "movie_keyword", "Alias": "mk", "Startup Cost": 10000000000.0, "Total Cost": 1000015300634.17, "Plan Rows": 4523929, "Plan Width": 8}, {"Node Type": "Materialize", "Parent Relationship": "Inner", "Startup Cost": 10000000000.0, "Total Cost": 1000000318271.69, "Plan Rows": 1, "Plan Width": 4, "Plans": [{"Node Type": "Index Scan", "Parent Relationship": "Outer", "Scan Direction": "Forward", "Index Name": "keyword_pkey", "Relation Name": "keyword", "Alias": "k", "Startup Cost": 10000000000.0, "Total Cost": 1000000318271.68, "Plan Rows": 1, "Plan Width": 4, "Filter": "((keyword)::text = '10,000-mile-club'::text)"}]}]}]}]}]}]}, {"Node Type": "Materialize", "Parent Relationship": "Inner", "Startup Cost": 10000000000.0, "Total Cost": 1000000001250.58, "Plan Rows": 17, "Plan Width": 16, "Plans": [{"Node Type": "Index Scan", "Parent Relationship": "Outer", "Scan Direction": "Forward", "Index Name": "link_type_pkey", "Relation Name": "link_type", "Alias": "lt", "Startup Cost": 10000000000.0, "Total Cost": 1000000001250.5, "Plan Rows": 17, "Plan Width": 16}]}]}]}]}]}, "Unique SQL Id": 524435555, "Planner Runtime": 8}, "explain_analyze_plan": null}, "(16, 48)": {"explain_plan": {"Plan": {"Node Type": "Aggregate", "Strategy": "Plain", "Startup Cost": 3297.98, "Total Cost": 3297.99, "Plan Rows": 1, "Plan Width": 142, "Plans": [{"Node Type": "Nested Loop", "Parent Relationship": "Outer", "Join Type": "Inner", "Startup Cost": 4.51, "Total Cost": 3296.82, "Plan Rows": 154, "Plan Width": 46, "Inner Unique": true, "Plans": [{"Node Type": "Nested Loop", "Parent Relationship": "Outer", "Join Type": "Inner", "Startup Cost": 4.51, "Total Cost": 2633.25, "Plan Rows": 154, "Plan Width": 33, "Inner Unique": true, "Join Filter": "(ml.link_type_id = lt.id)", "Plans": [{"Node Type": "Nested Loop", "Parent Relationship": "Outer", "Join Type": "Inner", "Startup Cost": 4.51, "Total Cost": 2592.76, "Plan Rows": 154, "Plan Width": 25, "Inner Unique": false, "Plans": [{"Node Type": "Nested Loop", "Parent Relationship": "Outer", "Join Type": "Inner", "Startup Cost": 4.51, "Total Cost": 2579.55, "Plan Rows": 33, "Plan Width": 25, "Inner Unique": true, "Plans": [{"Node Type": "Nested Loop", "Parent Relationship": "Outer", "Join Type": "Inner", "Startup Cost": 4.51, "Total Cost": 2569.02, "Plan Rows": 33, "Plan Width": 4, "Inner Unique": false, "Plans": [{"Node Type": "Seq Scan", "Parent Relationship": "Outer", "Relation Name": "keyword", "Alias": "k", "Startup Cost": 0.0, "Total Cost": 2436.11, "Plan Rows": 1, "Plan Width": 4, "Filter": "((keyword)::text = '10,000-mile-club'::text)"}, {"Node Type": "Bitmap Heap Scan", "Parent Relationship": "Inner", "Relation Name": "movie_keyword", "Alias": "mk", "Startup Cost": 4.51, "Total Cost": 132.58, "Plan Rows": 33, "Plan Width": 8, "Recheck Cond": "(keyword_id = k.id)", "Plans": [{"Node Type": "Bitmap Index Scan", "Parent Relationship": "Outer", "Index Name": "keyword_id_movie_keyword", "Startup Cost": 0.0, "Total Cost": 4.5, "Plan Rows": 33, "Plan Width": 0, "Index Cond": "(keyword_id = k.id)"}]}]}, {"Node Type": "Index Scan", "Parent Relationship": "Inner", "Scan Direction": "Forward", "Index Name": "title_pkey", "Relation Name": "title", "Alias": "t1", "Startup Cost": 0.0, "Total Cost": 0.31, "Plan Rows": 1, "Plan Width": 21, "Index Cond": "(id = mk.movie_id)"}]}, {"Node Type": "Index Scan", "Parent Relationship": "Inner", "Scan Direction": "Forward", "Index Name": "movie_id_movie_link", "Relation Name": "movie_link", "Alias": "ml", "Startup Cost": 0.0, "Total Cost": 0.35, "Plan Rows": 5, "Plan Width": 12, "Index Cond": "(movie_id = t1.id)"}]}, {"Node Type": "Materialize", "Parent Relationship": "Inner", "Startup Cost": 0.0, "Total Cost": 1.25, "Plan Rows": 17, "Plan Width": 16, "Plans": [{"Node Type": "Seq Scan", "Parent Relationship": "Outer", "Relation Name": "link_type", "Alias": "lt", "Startup Cost": 0.0, "Total Cost": 1.17, "Plan Rows": 17, "Plan Width": 16}]}]}, {"Node Type": "Index Scan", "Parent Relationship": "Inner", "Scan Direction": "Forward", "Index Name": "title_pkey", "Relation Name": "title", "Alias": "t2", "Startup Cost": 0.0, "Total Cost": 4.3, "Plan Rows": 1, "Plan Width": 21, "Index Cond": "(id = ml.linked_movie_id)"}]}]}, "Unique SQL Id": 524435555, "Planner Runtime": 3}, "explain_analyze_plan": {"Plan": {"Node Type": "Aggregate", "Strategy": "Plain", "Startup Cost": 3297.98, "Total Cost": 3297.99, "Plan Rows": 1, "Plan Width": 142, "Actual Startup Time": 40.708, "Actual Total Time": 40.708, "Actual Rows": 1, "Actual Loops": 1, "Plans": [{"Node Type": "Nested Loop", "Parent Relationship": "Outer", "Join Type": "Inner", "Startup Cost": 4.51, "Total Cost": 3296.82, "Plan Rows": 154, "Plan Width": 46, "Actual Startup Time": 40.702, "Actual Total Time": 40.702, "Actual Rows": 0, "Actual Loops": 1, "Inner Unique": true, "Plans": [{"Node Type": "Nested Loop", "Parent Relationship": "Outer", "Join Type": "Inner", "Startup Cost": 4.51, "Total Cost": 2633.25, "Plan Rows": 154, "Plan Width": 33, "Actual Startup Time": 40.702, "Actual Total Time": 40.702, "Actual Rows": 0, "Actual Loops": 1, "Inner Unique": true, "Join Filter": "(ml.link_type_id = lt.id)", "Rows Removed by Join Filter": 0, "Plans": [{"Node Type": "Nested Loop", "Parent Relationship": "Outer", "Join Type": "Inner", "Startup Cost": 4.51, "Total Cost": 2592.76, "Plan Rows": 154, "Plan Width": 25, "Actual Startup Time": 40.7, "Actual Total Time": 40.7, "Actual Rows": 0, "Actual Loops": 1, "Inner Unique": false, "Plans": [{"Node Type": "Nested Loop", "Parent Relationship": "Outer", "Join Type": "Inner", "Startup Cost": 4.51, "Total Cost": 2579.55, "Plan Rows": 33, "Plan Width": 25, "Actual Startup Time": 39.825, "Actual Total Time": 40.695, "Actual Rows": 1, "Actual Loops": 1, "Inner Unique": true, "Plans": [{"Node Type": "Nested Loop", "Parent Relationship": "Outer", "Join Type": "Inner", "Startup Cost": 4.51, "Total Cost": 2569.02, "Plan Rows": 33, "Plan Width": 4, "Actual Startup Time": 39.807, "Actual Total Time": 40.676, "Actual Rows": 1, "Actual Loops": 1, "Inner Unique": false, "Plans": [{"Node Type": "Seq Scan", "Parent Relationship": "Outer", "Relation Name": "keyword", "Alias": "k", "Startup Cost": 0.0, "Total Cost": 2436.11, "Plan Rows": 1, "Plan Width": 4, "Actual Startup Time": 39.762, "Actual Total Time": 40.629, "Actual Rows": 1, "Actual Loops": 1, "Filter": "((keyword)::text = '10,000-mile-club'::text)", "Rows Removed by Filter": 134168}, {"Node Type": "Bitmap Heap Scan", "Parent Relationship": "Inner", "Relation Name": "movie_keyword", "Alias": "mk", "Startup Cost": 4.51, "Total Cost": 132.58, "Plan Rows": 33, "Plan Width": 8, "Actual Startup Time": 0.034, "Actual Total Time": 0.035, "Actual Rows": 1, "Actual Loops": 1, "Recheck Cond": "(keyword_id = k.id)", "Rows Removed by Index Recheck": 0, "Exact Heap Blocks": 1, "Lossy Heap Blocks": 1, "Plans": [{"Node Type": "Bitmap Index Scan", "Parent Relationship": "Outer", "Index Name": "keyword_id_movie_keyword", "Startup Cost": 0.0, "Total Cost": 4.5, "Plan Rows": 33, "Plan Width": 0, "Actual Startup Time": 0.021, "Actual Total Time": 0.021, "Actual Rows": 1, "Actual Loops": 1, "Index Cond": "(keyword_id = k.id)"}]}]}, {"Node Type": "Index Scan", "Parent Relationship": "Inner", "Scan Direction": "Forward", "Index Name": "title_pkey", "Relation Name": "title", "Alias": "t1", "Startup Cost": 0.0, "Total Cost": 0.31, "Plan Rows": 1, "Plan Width": 21, "Actual Startup Time": 0.016, "Actual Total Time": 0.016, "Actual Rows": 1, "Actual Loops": 1, "Index Cond": "(id = mk.movie_id)", "Rows Removed by Index Recheck": 0}]}, {"Node Type": "Index Scan", "Parent Relationship": "Inner", "Scan Direction": "Forward", "Index Name": "movie_id_movie_link", "Relation Name": "movie_link", "Alias": "ml", "Startup Cost": 0.0, "Total Cost": 0.35, "Plan Rows": 5, "Plan Width": 12, "Actual Startup Time": 0.003, "Actual Total Time": 0.003, "Actual Rows": 0, "Actual Loops": 1, "Index Cond": "(movie_id = t1.id)", "Rows Removed by Index Recheck": 0}]}, {"Node Type": "Materialize", "Parent Relationship": "Inner", "Startup Cost": 0.0, "Total Cost": 1.25, "Plan Rows": 17, "Plan Width": 16, "Actual Startup Time": 0.0, "Actual Total Time": 0.0, "Plans": [{"Node Type": "Seq Scan", "Parent Relationship": "Outer", "Relation Name": "link_type", "Alias": "lt", "Startup Cost": 0.0, "Total Cost": 1.17, "Plan Rows": 17, "Plan Width": 16, "Actual Startup Time": 0.0, "Actual Total Time": 0.0}]}]}, {"Node Type": "Index Scan", "Parent Relationship": "Inner", "Scan Direction": "Forward", "Index Name": "title_pkey", "Relation Name": "title", "Alias": "t2", "Startup Cost": 0.0, "Total Cost": 4.3, "Plan Rows": 1, "Plan Width": 21, "Actual Startup Time": 0.0, "Actual Total Time": 0.0, "Index Cond": "(id = ml.linked_movie_id)", "Rows Removed by Index Recheck": 0}]}]}, "Triggers": [], "Planner Runtime": 3, "Total Runtime": 40.931, "Unique SQL Id": 524435555}}, "(16, 49)": {"explain_plan": {"Plan": {"Node Type": "Aggregate", "Strategy": "Plain", "Startup Cost": 4047.28, "Total Cost": 4047.29, "Plan Rows": 1, "Plan Width": 142, "Plans": [{"Node Type": "Nested Loop", "Parent Relationship": "Outer", "Join Type": "Inner", "Startup Cost": 4.51, "Total Cost": 4046.12, "Plan Rows": 154, "Plan Width": 46, "Inner Unique": true, "Plans": [{"Node Type": "Nested Loop", "Parent Relationship": "Outer", "Join Type": "Inner", "Startup Cost": 4.51, "Total Cost": 3382.55, "Plan Rows": 154, "Plan Width": 33, "Inner Unique": true, "Plans": [{"Node Type": "Nested Loop", "Parent Relationship": "Outer", "Join Type": "Inner", "Startup Cost": 4.51, "Total Cost": 3339.37, "Plan Rows": 154, "Plan Width": 25, "Inner Unique": false, "Plans": [{"Node Type": "Nested Loop", "Parent Relationship": "Outer", "Join Type": "Inner", "Startup Cost": 4.51, "Total Cost": 3326.15, "Plan Rows": 33, "Plan Width": 25, "Inner Unique": true, "Plans": [{"Node Type": "Nested Loop", "Parent Relationship": "Outer", "Join Type": "Inner", "Startup Cost": 4.51, "Total Cost": 3315.63, "Plan Rows": 33, "Plan Width": 4, "Inner Unique": false, "Plans": [{"Node Type": "Index Scan", "Parent Relationship": "Outer", "Scan Direction": "Forward", "Index Name": "keyword_pkey", "Relation Name": "keyword", "Alias": "k", "Startup Cost": 0.0, "Total Cost": 3182.72, "Plan Rows": 1, "Plan Width": 4, "Filter": "((keyword)::text = '10,000-mile-club'::text)"}, {"Node Type": "Bitmap Heap Scan", "Parent Relationship": "Inner", "Relation Name": "movie_keyword", "Alias": "mk", "Startup Cost": 4.51, "Total Cost": 132.58, "Plan Rows": 33, "Plan Width": 8, "Recheck Cond": "(keyword_id = k.id)", "Plans": [{"Node Type": "Bitmap Index Scan", "Parent Relationship": "Outer", "Index Name": "keyword_id_movie_keyword", "Startup Cost": 0.0, "Total Cost": 4.5, "Plan Rows": 33, "Plan Width": 0, "Index Cond": "(keyword_id = k.id)"}]}]}, {"Node Type": "Index Scan", "Parent Relationship": "Inner", "Scan Direction": "Forward", "Index Name": "title_pkey", "Relation Name": "title", "Alias": "t1", "Startup Cost": 0.0, "Total Cost": 0.31, "Plan Rows": 1, "Plan Width": 21, "Index Cond": "(id = mk.movie_id)"}]}, {"Node Type": "Index Scan", "Parent Relationship": "Inner", "Scan Direction": "Forward", "Index Name": "movie_id_movie_link", "Relation Name": "movie_link", "Alias": "ml", "Startup Cost": 0.0, "Total Cost": 0.35, "Plan Rows": 5, "Plan Width": 12, "Index Cond": "(movie_id = t1.id)"}]}, {"Node Type": "Index Scan", "Parent Relationship": "Inner", "Scan Direction": "Forward", "Index Name": "link_type_pkey", "Relation Name": "link_type", "Alias": "lt", "Startup Cost": 0.0, "Total Cost": 0.27, "Plan Rows": 1, "Plan Width": 16, "Index Cond": "(id = ml.link_type_id)"}]}, {"Node Type": "Index Scan", "Parent Relationship": "Inner", "Scan Direction": "Forward", "Index Name": "title_pkey", "Relation Name": "title", "Alias": "t2", "Startup Cost": 0.0, "Total Cost": 4.3, "Plan Rows": 1, "Plan Width": 21, "Index Cond": "(id = ml.linked_movie_id)"}]}]}, "Unique SQL Id": 524435555, "Planner Runtime": 3}, "explain_analyze_plan": {"Plan": {"Node Type": "Aggregate", "Strategy": "Plain", "Startup Cost": 4047.28, "Total Cost": 4047.29, "Plan Rows": 1, "Plan Width": 142, "Actual Startup Time": 114.966, "Actual Total Time": 114.966, "Actual Rows": 1, "Actual Loops": 1, "Plans": [{"Node Type": "Nested Loop", "Parent Relationship": "Outer", "Join Type": "Inner", "Startup Cost": 4.51, "Total Cost": 4046.12, "Plan Rows": 154, "Plan Width": 46, "Actual Startup Time": 114.961, "Actual Total Time": 114.961, "Actual Rows": 0, "Actual Loops": 1, "Inner Unique": true, "Plans": [{"Node Type": "Nested Loop", "Parent Relationship": "Outer", "Join Type": "Inner", "Startup Cost": 4.51, "Total Cost": 3382.55, "Plan Rows": 154, "Plan Width": 33, "Actual Startup Time": 114.959, "Actual Total Time": 114.959, "Actual Rows": 0, "Actual Loops": 1, "Inner Unique": true, "Plans": [{"Node Type": "Nested Loop", "Parent Relationship": "Outer", "Join Type": "Inner", "Startup Cost": 4.51, "Total Cost": 3339.37, "Plan Rows": 154, "Plan Width": 25, "Actual Startup Time": 114.959, "Actual Total Time": 114.959, "Actual Rows": 0, "Actual Loops": 1, "Inner Unique": false, "Plans": [{"Node Type": "Nested Loop", "Parent Relationship": "Outer", "Join Type": "Inner", "Startup Cost": 4.51, "Total Cost": 3326.15, "Plan Rows": 33, "Plan Width": 25, "Actual Startup Time": 113.082, "Actual Total Time": 114.952, "Actual Rows": 1, "Actual Loops": 1, "Inner Unique": true, "Plans": [{"Node Type": "Nested Loop", "Parent Relationship": "Outer", "Join Type": "Inner", "Startup Cost": 4.51, "Total Cost": 3315.63, "Plan Rows": 33, "Plan Width": 4, "Actual Startup Time": 113.064, "Actual Total Time": 114.934, "Actual Rows": 1, "Actual Loops": 1, "Inner Unique": false, "Plans": [{"Node Type": "Index Scan", "Parent Relationship": "Outer", "Scan Direction": "Forward", "Index Name": "keyword_pkey", "Relation Name": "keyword", "Alias": "k", "Startup Cost": 0.0, "Total Cost": 3182.72, "Plan Rows": 1, "Plan Width": 4, "Actual Startup Time": 113.017, "Actual Total Time": 114.885, "Actual Rows": 1, "Actual Loops": 1, "Filter": "((keyword)::text = '10,000-mile-club'::text)", "Rows Removed by Filter": 134168}, {"Node Type": "Bitmap Heap Scan", "Parent Relationship": "Inner", "Relation Name": "movie_keyword", "Alias": "mk", "Startup Cost": 4.51, "Total Cost": 132.58, "Plan Rows": 33, "Plan Width": 8, "Actual Startup Time": 0.031, "Actual Total Time": 0.031, "Actual Rows": 1, "Actual Loops": 1, "Recheck Cond": "(keyword_id = k.id)", "Rows Removed by Index Recheck": 0, "Exact Heap Blocks": 1, "Lossy Heap Blocks": 1, "Plans": [{"Node Type": "Bitmap Index Scan", "Parent Relationship": "Outer", "Index Name": "keyword_id_movie_keyword", "Startup Cost": 0.0, "Total Cost": 4.5, "Plan Rows": 33, "Plan Width": 0, "Actual Startup Time": 0.02, "Actual Total Time": 0.02, "Actual Rows": 1, "Actual Loops": 1, "Index Cond": "(keyword_id = k.id)"}]}]}, {"Node Type": "Index Scan", "Parent Relationship": "Inner", "Scan Direction": "Forward", "Index Name": "title_pkey", "Relation Name": "title", "Alias": "t1", "Startup Cost": 0.0, "Total Cost": 0.31, "Plan Rows": 1, "Plan Width": 21, "Actual Startup Time": 0.014, "Actual Total Time": 0.014, "Actual Rows": 1, "Actual Loops": 1, "Index Cond": "(id = mk.movie_id)", "Rows Removed by Index Recheck": 0}]}, {"Node Type": "Index Scan", "Parent Relationship": "Inner", "Scan Direction": "Forward", "Index Name": "movie_id_movie_link", "Relation Name": "movie_link", "Alias": "ml", "Startup Cost": 0.0, "Total Cost": 0.35, "Plan Rows": 5, "Plan Width": 12, "Actual Startup Time": 0.004, "Actual Total Time": 0.004, "Actual Rows": 0, "Actual Loops": 1, "Index Cond": "(movie_id = t1.id)", "Rows Removed by Index Recheck": 0}]}, {"Node Type": "Index Scan", "Parent Relationship": "Inner", "Scan Direction": "Forward", "Index Name": "link_type_pkey", "Relation Name": "link_type", "Alias": "lt", "Startup Cost": 0.0, "Total Cost": 0.27, "Plan Rows": 1, "Plan Width": 16, "Actual Startup Time": 0.0, "Actual Total Time": 0.0, "Index Cond": "(id = ml.link_type_id)", "Rows Removed by Index Recheck": 0}]}, {"Node Type": "Index Scan", "Parent Relationship": "Inner", "Scan Direction": "Forward", "Index Name": "title_pkey", "Relation Name": "title", "Alias": "t2", "Startup Cost": 0.0, "Total Cost": 4.3, "Plan Rows": 1, "Plan Width": 21, "Actual Startup Time": 0.0, "Actual Total Time": 0.0, "Index Cond": "(id = ml.linked_movie_id)", "Rows Removed by Index Recheck": 0}]}]}, "Triggers": [], "Planner Runtime": 3, "Total Runtime": 115.218, "Unique SQL Id": 524435555}}, "(16, 50)": {"explain_plan": {"Plan": {"Node Type": "Aggregate", "Strategy": "Plain", "Startup Cost": 3747.02, "Total Cost": 3747.03, "Plan Rows": 1, "Plan Width": 142, "Plans": [{"Node Type": "Nested Loop", "Parent Relationship": "Outer", "Join Type": "Inner", "Startup Cost": 6.55, "Total Cost": 3745.86, "Plan Rows": 154, "Plan Width": 46, "Inner Unique": true, "Plans": [{"Node Type": "Nested Loop", "Parent Relationship": "Outer", "Join Type": "Inner", "Startup Cost": 5.06, "Total Cost": 2896.68, "Plan Rows": 154, "Plan Width": 33, "Inner Unique": true, "Join Filter": "(ml.link_type_id = lt.id)", "Plans": [{"Node Type": "Nested Loop", "Parent Relationship": "Outer", "Join Type": "Inner", "Startup Cost": 5.06, "Total Cost": 2856.2, "Plan Rows": 154, "Plan Width": 25, "Inner Unique": false, "Join Filter": "(t1.id = ml.movie_id)", "Plans": [{"Node Type": "Nested Loop", "Parent Relationship": "Outer", "Join Type": "Inner", "Startup Cost": 4.77, "Total Cost": 2710.54, "Plan Rows": 33, "Plan Width": 25, "Inner Unique": true, "Plans": [{"Node Type": "Nested Loop", "Parent Relationship": "Outer", "Join Type": "Inner", "Startup Cost": 4.51, "Total Cost": 2569.02, "Plan Rows": 33, "Plan Width": 4, "Inner Unique": false, "Plans": [{"Node Type": "Seq Scan", "Parent Relationship": "Outer", "Relation Name": "keyword", "Alias": "k", "Startup Cost": 0.0, "Total Cost": 2436.11, "Plan Rows": 1, "Plan Width": 4, "Filter": "((keyword)::text = '10,000-mile-club'::text)"}, {"Node Type": "Bitmap Heap Scan", "Parent Relationship": "Inner", "Relation Name": "movie_keyword", "Alias": "mk", "Startup Cost": 4.51, "Total Cost": 132.58, "Plan Rows": 33, "Plan Width": 8, "Recheck Cond": "(keyword_id = k.id)", "Plans": [{"Node Type": "Bitmap Index Scan", "Parent Relationship": "Outer", "Index Name": "keyword_id_movie_keyword", "Startup Cost": 0.0, "Total Cost": 4.5, "Plan Rows": 33, "Plan Width": 0, "Index Cond": "(keyword_id = k.id)"}]}]}, {"Node Type": "Bitmap Heap Scan", "Parent Relationship": "Inner", "Relation Name": "title", "Alias": "t1", "Startup Cost": 0.27, "Total Cost": 4.28, "Plan Rows": 1, "Plan Width": 21, "Recheck Cond": "(id = mk.movie_id)", "Plans": [{"Node Type": "Bitmap Index Scan", "Parent Relationship": "Outer", "Index Name": "title_pkey", "Startup Cost": 0.0, "Total Cost": 0.27, "Plan Rows": 1, "Plan Width": 0, "Index Cond": "(id = mk.movie_id)"}]}]}, {"Node Type": "Bitmap Heap Scan", "Parent Relationship": "Inner", "Relation Name": "movie_link", "Alias": "ml", "Startup Cost": 0.29, "Total Cost": 4.35, "Plan Rows": 5, "Plan Width": 12, "Recheck Cond": "(movie_id = mk.movie_id)", "Plans": [{"Node Type": "Bitmap Index Scan", "Parent Relationship": "Outer", "Index Name": "movie_id_movie_link", "Startup Cost": 0.0, "Total Cost": 0.29, "Plan Rows": 5, "Plan Width": 0, "Index Cond": "(movie_id = mk.movie_id)"}]}]}, {"Node Type": "Materialize", "Parent Relationship": "Inner", "Startup Cost": 0.0, "Total Cost": 1.25, "Plan Rows": 17, "Plan Width": 16, "Plans": [{"Node Type": "Seq Scan", "Parent Relationship": "Outer", "Relation Name": "link_type", "Alias": "lt", "Startup Cost": 0.0, "Total Cost": 1.17, "Plan Rows": 17, "Plan Width": 16}]}]}, {"Node Type": "Bitmap Heap Scan", "Parent Relationship": "Inner", "Relation Name": "title", "Alias": "t2", "Startup Cost": 1.49, "Total Cost": 5.5, "Plan Rows": 1, "Plan Width": 21, "Recheck Cond": "(id = ml.linked_movie_id)", "Plans": [{"Node Type": "Bitmap Index Scan", "Parent Relationship": "Outer", "Index Name": "title_pkey", "Startup Cost": 0.0, "Total Cost": 1.49, "Plan Rows": 1, "Plan Width": 0, "Index Cond": "(id = ml.linked_movie_id)"}]}]}]}, "Unique SQL Id": 524435555, "Planner Runtime": 7}, "explain_analyze_plan": {"Plan": {"Node Type": "Aggregate", "Strategy": "Plain", "Startup Cost": 3747.02, "Total Cost": 3747.03, "Plan Rows": 1, "Plan Width": 142, "Actual Startup Time": 40.652, "Actual Total Time": 40.652, "Actual Rows": 1, "Actual Loops": 1, "Plans": [{"Node Type": "Nested Loop", "Parent Relationship": "Outer", "Join Type": "Inner", "Startup Cost": 6.55, "Total Cost": 3745.86, "Plan Rows": 154, "Plan Width": 46, "Actual Startup Time": 40.647, "Actual Total Time": 40.647, "Actual Rows": 0, "Actual Loops": 1, "Inner Unique": true, "Plans": [{"Node Type": "Nested Loop", "Parent Relationship": "Outer", "Join Type": "Inner", "Startup Cost": 5.06, "Total Cost": 2896.68, "Plan Rows": 154, "Plan Width": 33, "Actual Startup Time": 40.646, "Actual Total Time": 40.646, "Actual Rows": 0, "Actual Loops": 1, "Inner Unique": true, "Join Filter": "(ml.link_type_id = lt.id)", "Rows Removed by Join Filter": 0, "Plans": [{"Node Type": "Nested Loop", "Parent Relationship": "Outer", "Join Type": "Inner", "Startup Cost": 5.06, "Total Cost": 2856.2, "Plan Rows": 154, "Plan Width": 25, "Actual Startup Time": 40.645, "Actual Total Time": 40.645, "Actual Rows": 0, "Actual Loops": 1, "Inner Unique": false, "Join Filter": "(t1.id = ml.movie_id)", "Rows Removed by Join Filter": 0, "Plans": [{"Node Type": "Nested Loop", "Parent Relationship": "Outer", "Join Type": "Inner", "Startup Cost": 4.77, "Total Cost": 2710.54, "Plan Rows": 33, "Plan Width": 25, "Actual Startup Time": 39.766, "Actual Total Time": 40.634, "Actual Rows": 1, "Actual Loops": 1, "Inner Unique": true, "Plans": [{"Node Type": "Nested Loop", "Parent Relationship": "Outer", "Join Type": "Inner", "Startup Cost": 4.51, "Total Cost": 2569.02, "Plan Rows": 33, "Plan Width": 4, "Actual Startup Time": 39.749, "Actual Total Time": 40.617, "Actual Rows": 1, "Actual Loops": 1, "Inner Unique": false, "Plans": [{"Node Type": "Seq Scan", "Parent Relationship": "Outer", "Relation Name": "keyword", "Alias": "k", "Startup Cost": 0.0, "Total Cost": 2436.11, "Plan Rows": 1, "Plan Width": 4, "Actual Startup Time": 39.706, "Actual Total Time": 40.572, "Actual Rows": 1, "Actual Loops": 1, "Filter": "((keyword)::text = '10,000-mile-club'::text)", "Rows Removed by Filter": 134168}, {"Node Type": "Bitmap Heap Scan", "Parent Relationship": "Inner", "Relation Name": "movie_keyword", "Alias": "mk", "Startup Cost": 4.51, "Total Cost": 132.58, "Plan Rows": 33, "Plan Width": 8, "Actual Startup Time": 0.032, "Actual Total Time": 0.032, "Actual Rows": 1, "Actual Loops": 1, "Recheck Cond": "(keyword_id = k.id)", "Rows Removed by Index Recheck": 0, "Exact Heap Blocks": 1, "Lossy Heap Blocks": 1, "Plans": [{"Node Type": "Bitmap Index Scan", "Parent Relationship": "Outer", "Index Name": "keyword_id_movie_keyword", "Startup Cost": 0.0, "Total Cost": 4.5, "Plan Rows": 33, "Plan Width": 0, "Actual Startup Time": 0.02, "Actual Total Time": 0.02, "Actual Rows": 1, "Actual Loops": 1, "Index Cond": "(keyword_id = k.id)"}]}]}, {"Node Type": "Bitmap Heap Scan", "Parent Relationship": "Inner", "Relation Name": "title", "Alias": "t1", "Startup Cost": 0.27, "Total Cost": 4.28, "Plan Rows": 1, "Plan Width": 21, "Actual Startup Time": 0.013, "Actual Total Time": 0.013, "Actual Rows": 1, "Actual Loops": 1, "Recheck Cond": "(id = mk.movie_id)", "Rows Removed by Index Recheck": 0, "Exact Heap Blocks": 1, "Lossy Heap Blocks": 1, "Plans": [{"Node Type": "Bitmap Index Scan", "Parent Relationship": "Outer", "Index Name": "title_pkey", "Startup Cost": 0.0, "Total Cost": 0.27, "Plan Rows": 1, "Plan Width": 0, "Actual Startup Time": 0.009, "Actual Total Time": 0.009, "Actual Rows": 1, "Actual Loops": 1, "Index Cond": "(id = mk.movie_id)"}]}]}, {"Node Type": "Bitmap Heap Scan", "Parent Relationship": "Inner", "Relation Name": "movie_link", "Alias": "ml", "Startup Cost": 0.29, "Total Cost": 4.35, "Plan Rows": 5, "Plan Width": 12, "Actual Startup Time": 0.007, "Actual Total Time": 0.007, "Actual Rows": 0, "Actual Loops": 1, "Recheck Cond": "(movie_id = mk.movie_id)", "Rows Removed by Index Recheck": 0, "Exact Heap Blocks": 0, "Lossy Heap Blocks": 0, "Plans": [{"Node Type": "Bitmap Index Scan", "Parent Relationship": "Outer", "Index Name": "movie_id_movie_link", "Startup Cost": 0.0, "Total Cost": 0.29, "Plan Rows": 5, "Plan Width": 0, "Actual Startup Time": 0.003, "Actual Total Time": 0.003, "Actual Rows": 0, "Actual Loops": 1, "Index Cond": "(movie_id = mk.movie_id)"}]}]}, {"Node Type": "Materialize", "Parent Relationship": "Inner", "Startup Cost": 0.0, "Total Cost": 1.25, "Plan Rows": 17, "Plan Width": 16, "Actual Startup Time": 0.0, "Actual Total Time": 0.0, "Plans": [{"Node Type": "Seq Scan", "Parent Relationship": "Outer", "Relation Name": "link_type", "Alias": "lt", "Startup Cost": 0.0, "Total Cost": 1.17, "Plan Rows": 17, "Plan Width": 16, "Actual Startup Time": 0.0, "Actual Total Time": 0.0}]}]}, {"Node Type": "Bitmap Heap Scan", "Parent Relationship": "Inner", "Relation Name": "title", "Alias": "t2", "Startup Cost": 1.49, "Total Cost": 5.5, "Plan Rows": 1, "Plan Width": 21, "Actual Startup Time": 0.0, "Actual Total Time": 0.0, "Recheck Cond": "(id = ml.linked_movie_id)", "Rows Removed by Index Recheck": 0, "Exact Heap Blocks": 0, "Lossy Heap Blocks": 0, "Plans": [{"Node Type": "Bitmap Index Scan", "Parent Relationship": "Outer", "Index Name": "title_pkey", "Startup Cost": 0.0, "Total Cost": 1.49, "Plan Rows": 1, "Plan Width": 0, "Actual Startup Time": 0.0, "Actual Total Time": 0.0, "Index Cond": "(id = ml.linked_movie_id)"}]}]}]}, "Triggers": [], "Planner Runtime": 7, "Total Runtime": 40.898, "Unique SQL Id": 524435555}}, "(16, 51)": {"explain_plan": {"Plan": {"Node Type": "Aggregate", "Strategy": "Plain", "Startup Cost": 4477.45, "Total Cost": 4477.46, "Plan Rows": 1, "Plan Width": 142, "Plans": [{"Node Type": "Nested Loop", "Parent Relationship": "Outer", "Join Type": "Inner", "Startup Cost": 733.99, "Total Cost": 4476.3, "Plan Rows": 154, "Plan Width": 46, "Inner Unique": true, "Plans": [{"Node Type": "Nested Loop", "Parent Relationship": "Outer", "Join Type": "Inner", "Startup Cost": 732.5, "Total Cost": 3627.12, "Plan Rows": 154, "Plan Width": 33, "Inner Unique": true, "Join Filter": "(ml.link_type_id = lt.id)", "Plans": [{"Node Type": "Nested Loop", "Parent Relationship": "Outer", "Join Type": "Inner", "Startup Cost": 724.16, "Total Cost": 3575.3, "Plan Rows": 154, "Plan Width": 25, "Inner Unique": false, "Join Filter": "(t1.id = ml.movie_id)", "Plans": [{"Node Type": "Nested Loop", "Parent Relationship": "Outer", "Join Type": "Inner", "Startup Cost": 723.87, "Total Cost": 3429.64, "Plan Rows": 33, "Plan Width": 25, "Inner Unique": true, "Plans": [{"Node Type": "Nested Loop", "Parent Relationship": "Outer", "Join Type": "Inner", "Startup Cost": 723.6, "Total Cost": 3288.12, "Plan Rows": 33, "Plan Width": 4, "Inner Unique": false, "Plans": [{"Node Type": "Bitmap Heap Scan", "Parent Relationship": "Outer", "Relation Name": "keyword", "Alias": "k", "Startup Cost": 719.1, "Total Cost": 3155.21, "Plan Rows": 1, "Plan Width": 4, "Filter": "((keyword)::text = '10,000-mile-club'::text)", "Plans": [{"Node Type": "Bitmap Index Scan", "Parent Relationship": "Outer", "Index Name": "keyword_pkey", "Startup Cost": 0.0, "Total Cost": 719.1, "Plan Rows": 134169, "Plan Width": 0}]}, {"Node Type": "Bitmap Heap Scan", "Parent Relationship": "Inner", "Relation Name": "movie_keyword", "Alias": "mk", "Startup Cost": 4.51, "Total Cost": 132.58, "Plan Rows": 33, "Plan Width": 8, "Recheck Cond": "(keyword_id = k.id)", "Plans": [{"Node Type": "Bitmap Index Scan", "Parent Relationship": "Outer", "Index Name": "keyword_id_movie_keyword", "Startup Cost": 0.0, "Total Cost": 4.5, "Plan Rows": 33, "Plan Width": 0, "Index Cond": "(keyword_id = k.id)"}]}]}, {"Node Type": "Bitmap Heap Scan", "Parent Relationship": "Inner", "Relation Name": "title", "Alias": "t1", "Startup Cost": 0.27, "Total Cost": 4.28, "Plan Rows": 1, "Plan Width": 21, "Recheck Cond": "(id = mk.movie_id)", "Plans": [{"Node Type": "Bitmap Index Scan", "Parent Relationship": "Outer", "Index Name": "title_pkey", "Startup Cost": 0.0, "Total Cost": 0.27, "Plan Rows": 1, "Plan Width": 0, "Index Cond": "(id = mk.movie_id)"}]}]}, {"Node Type": "Bitmap Heap Scan", "Parent Relationship": "Inner", "Relation Name": "movie_link", "Alias": "ml", "Startup Cost": 0.29, "Total Cost": 4.35, "Plan Rows": 5, "Plan Width": 12, "Recheck Cond": "(movie_id = mk.movie_id)", "Plans": [{"Node Type": "Bitmap Index Scan", "Parent Relationship": "Outer", "Index Name": "movie_id_movie_link", "Startup Cost": 0.0, "Total Cost": 0.29, "Plan Rows": 5, "Plan Width": 0, "Index Cond": "(movie_id = mk.movie_id)"}]}]}, {"Node Type": "Materialize", "Parent Relationship": "Inner", "Startup Cost": 8.34, "Total Cost": 12.59, "Plan Rows": 17, "Plan Width": 16, "Plans": [{"Node Type": "Bitmap Heap Scan", "Parent Relationship": "Outer", "Relation Name": "link_type", "Alias": "lt", "Startup Cost": 8.34, "Total Cost": 12.51, "Plan Rows": 17, "Plan Width": 16, "Plans": [{"Node Type": "Bitmap Index Scan", "Parent Relationship": "Outer", "Index Name": "link_type_pkey", "Startup Cost": 0.0, "Total Cost": 8.34, "Plan Rows": 17, "Plan Width": 0}]}]}]}, {"Node Type": "Bitmap Heap Scan", "Parent Relationship": "Inner", "Relation Name": "title", "Alias": "t2", "Startup Cost": 1.49, "Total Cost": 5.5, "Plan Rows": 1, "Plan Width": 21, "Recheck Cond": "(id = ml.linked_movie_id)", "Plans": [{"Node Type": "Bitmap Index Scan", "Parent Relationship": "Outer", "Index Name": "title_pkey", "Startup Cost": 0.0, "Total Cost": 1.49, "Plan Rows": 1, "Plan Width": 0, "Index Cond": "(id = ml.linked_movie_id)"}]}]}]}, "Unique SQL Id": 524435555, "Planner Runtime": 3}, "explain_analyze_plan": {"Plan": {"Node Type": "Aggregate", "Strategy": "Plain", "Startup Cost": 4477.45, "Total Cost": 4477.46, "Plan Rows": 1, "Plan Width": 142, "Actual Startup Time": 62.41, "Actual Total Time": 62.41, "Actual Rows": 1, "Actual Loops": 1, "Plans": [{"Node Type": "Nested Loop", "Parent Relationship": "Outer", "Join Type": "Inner", "Startup Cost": 733.99, "Total Cost": 4476.3, "Plan Rows": 154, "Plan Width": 46, "Actual Startup Time": 62.405, "Actual Total Time": 62.405, "Actual Rows": 0, "Actual Loops": 1, "Inner Unique": true, "Plans": [{"Node Type": "Nested Loop", "Parent Relationship": "Outer", "Join Type": "Inner", "Startup Cost": 732.5, "Total Cost": 3627.12, "Plan Rows": 154, "Plan Width": 33, "Actual Startup Time": 62.405, "Actual Total Time": 62.405, "Actual Rows": 0, "Actual Loops": 1, "Inner Unique": true, "Join Filter": "(ml.link_type_id = lt.id)", "Rows Removed by Join Filter": 0, "Plans": [{"Node Type": "Nested Loop", "Parent Relationship": "Outer", "Join Type": "Inner", "Startup Cost": 724.16, "Total Cost": 3575.3, "Plan Rows": 154, "Plan Width": 25, "Actual Startup Time": 62.403, "Actual Total Time": 62.403, "Actual Rows": 0, "Actual Loops": 1, "Inner Unique": false, "Join Filter": "(t1.id = ml.movie_id)", "Rows Removed by Join Filter": 0, "Plans": [{"Node Type": "Nested Loop", "Parent Relationship": "Outer", "Join Type": "Inner", "Startup Cost": 723.87, "Total Cost": 3429.64, "Plan Rows": 33, "Plan Width": 25, "Actual Startup Time": 61.321, "Actual Total Time": 62.394, "Actual Rows": 1, "Actual Loops": 1, "Inner Unique": true, "Plans": [{"Node Type": "Nested Loop", "Parent Relationship": "Outer", "Join Type": "Inner", "Startup Cost": 723.6, "Total Cost": 3288.12, "Plan Rows": 33, "Plan Width": 4, "Actual Startup Time": 61.3, "Actual Total Time": 62.373, "Actual Rows": 1, "Actual Loops": 1, "Inner Unique": false, "Plans": [{"Node Type": "Bitmap Heap Scan", "Parent Relationship": "Outer", "Relation Name": "keyword", "Alias": "k", "Startup Cost": 719.1, "Total Cost": 3155.21, "Plan Rows": 1, "Plan Width": 4, "Actual Startup Time": 61.255, "Actual Total Time": 62.326, "Actual Rows": 1, "Actual Loops": 1, "Filter": "((keyword)::text = '10,000-mile-club'::text)", "Rows Removed by Filter": 134168, "Exact Heap Blocks": 759, "Lossy Heap Blocks": 759, "Plans": [{"Node Type": "Bitmap Index Scan", "Parent Relationship": "Outer", "Index Name": "keyword_pkey", "Startup Cost": 0.0, "Total Cost": 719.1, "Plan Rows": 134169, "Plan Width": 0, "Actual Startup Time": 11.477, "Actual Total Time": 11.477, "Actual Rows": 134169, "Actual Loops": 1}]}, {"Node Type": "Bitmap Heap Scan", "Parent Relationship": "Inner", "Relation Name": "movie_keyword", "Alias": "mk", "Startup Cost": 4.51, "Total Cost": 132.58, "Plan Rows": 33, "Plan Width": 8, "Actual Startup Time": 0.03, "Actual Total Time": 0.03, "Actual Rows": 1, "Actual Loops": 1, "Recheck Cond": "(keyword_id = k.id)", "Rows Removed by Index Recheck": 0, "Exact Heap Blocks": 1, "Lossy Heap Blocks": 1, "Plans": [{"Node Type": "Bitmap Index Scan", "Parent Relationship": "Outer", "Index Name": "keyword_id_movie_keyword", "Startup Cost": 0.0, "Total Cost": 4.5, "Plan Rows": 33, "Plan Width": 0, "Actual Startup Time": 0.019, "Actual Total Time": 0.019, "Actual Rows": 1, "Actual Loops": 1, "Index Cond": "(keyword_id = k.id)"}]}]}, {"Node Type": "Bitmap Heap Scan", "Parent Relationship": "Inner", "Relation Name": "title", "Alias": "t1", "Startup Cost": 0.27, "Total Cost": 4.28, "Plan Rows": 1, "Plan Width": 21, "Actual Startup Time": 0.015, "Actual Total Time": 0.015, "Actual Rows": 1, "Actual Loops": 1, "Recheck Cond": "(id = mk.movie_id)", "Rows Removed by Index Recheck": 0, "Exact Heap Blocks": 1, "Lossy Heap Blocks": 1, "Plans": [{"Node Type": "Bitmap Index Scan", "Parent Relationship": "Outer", "Index Name": "title_pkey", "Startup Cost": 0.0, "Total Cost": 0.27, "Plan Rows": 1, "Plan Width": 0, "Actual Startup Time": 0.011, "Actual Total Time": 0.011, "Actual Rows": 1, "Actual Loops": 1, "Index Cond": "(id = mk.movie_id)"}]}]}, {"Node Type": "Bitmap Heap Scan", "Parent Relationship": "Inner", "Relation Name": "movie_link", "Alias": "ml", "Startup Cost": 0.29, "Total Cost": 4.35, "Plan Rows": 5, "Plan Width": 12, "Actual Startup Time": 0.006, "Actual Total Time": 0.006, "Actual Rows": 0, "Actual Loops": 1, "Recheck Cond": "(movie_id = mk.movie_id)", "Rows Removed by Index Recheck": 0, "Exact Heap Blocks": 0, "Lossy Heap Blocks": 0, "Plans": [{"Node Type": "Bitmap Index Scan", "Parent Relationship": "Outer", "Index Name": "movie_id_movie_link", "Startup Cost": 0.0, "Total Cost": 0.29, "Plan Rows": 5, "Plan Width": 0, "Actual Startup Time": 0.003, "Actual Total Time": 0.003, "Actual Rows": 0, "Actual Loops": 1, "Index Cond": "(movie_id = mk.movie_id)"}]}]}, {"Node Type": "Materialize", "Parent Relationship": "Inner", "Startup Cost": 8.34, "Total Cost": 12.59, "Plan Rows": 17, "Plan Width": 16, "Actual Startup Time": 0.0, "Actual Total Time": 0.0, "Plans": [{"Node Type": "Bitmap Heap Scan", "Parent Relationship": "Outer", "Relation Name": "link_type", "Alias": "lt", "Startup Cost": 8.34, "Total Cost": 12.51, "Plan Rows": 17, "Plan Width": 16, "Actual Startup Time": 0.0, "Actual Total Time": 0.0, "Exact Heap Blocks": 0, "Lossy Heap Blocks": 0, "Plans": [{"Node Type": "Bitmap Index Scan", "Parent Relationship": "Outer", "Index Name": "link_type_pkey", "Startup Cost": 0.0, "Total Cost": 8.34, "Plan Rows": 17, "Plan Width": 0, "Actual Startup Time": 0.0, "Actual Total Time": 0.0}]}]}]}, {"Node Type": "Bitmap Heap Scan", "Parent Relationship": "Inner", "Relation Name": "title", "Alias": "t2", "Startup Cost": 1.49, "Total Cost": 5.5, "Plan Rows": 1, "Plan Width": 21, "Actual Startup Time": 0.0, "Actual Total Time": 0.0, "Recheck Cond": "(id = ml.linked_movie_id)", "Rows Removed by Index Recheck": 0, "Exact Heap Blocks": 0, "Lossy Heap Blocks": 0, "Plans": [{"Node Type": "Bitmap Index Scan", "Parent Relationship": "Outer", "Index Name": "title_pkey", "Startup Cost": 0.0, "Total Cost": 1.49, "Plan Rows": 1, "Plan Width": 0, "Actual Startup Time": 0.0, "Actual Total Time": 0.0, "Index Cond": "(id = ml.linked_movie_id)"}]}]}]}, "Triggers": [], "Planner Runtime": 3, "Total Runtime": 62.679, "Unique SQL Id": 524435555}}, "(16, 52)": {"explain_plan": {"Plan": {"Node Type": "Aggregate", "Strategy": "Plain", "Startup Cost": 3297.98, "Total Cost": 3297.99, "Plan Rows": 1, "Plan Width": 142, "Plans": [{"Node Type": "Nested Loop", "Parent Relationship": "Outer", "Join Type": "Inner", "Startup Cost": 4.51, "Total Cost": 3296.82, "Plan Rows": 154, "Plan Width": 46, "Inner Unique": true, "Plans": [{"Node Type": "Nested Loop", "Parent Relationship": "Outer", "Join Type": "Inner", "Startup Cost": 4.51, "Total Cost": 2633.25, "Plan Rows": 154, "Plan Width": 33, "Inner Unique": true, "Join Filter": "(ml.link_type_id = lt.id)", "Plans": [{"Node Type": "Nested Loop", "Parent Relationship": "Outer", "Join Type": "Inner", "Startup Cost": 4.51, "Total Cost": 2592.76, "Plan Rows": 154, "Plan Width": 25, "Inner Unique": false, "Plans": [{"Node Type": "Nested Loop", "Parent Relationship": "Outer", "Join Type": "Inner", "Startup Cost": 4.51, "Total Cost": 2579.55, "Plan Rows": 33, "Plan Width": 25, "Inner Unique": true, "Plans": [{"Node Type": "Nested Loop", "Parent Relationship": "Outer", "Join Type": "Inner", "Startup Cost": 4.51, "Total Cost": 2569.02, "Plan Rows": 33, "Plan Width": 4, "Inner Unique": false, "Plans": [{"Node Type": "Seq Scan", "Parent Relationship": "Outer", "Relation Name": "keyword", "Alias": "k", "Startup Cost": 0.0, "Total Cost": 2436.11, "Plan Rows": 1, "Plan Width": 4, "Filter": "((keyword)::text = '10,000-mile-club'::text)"}, {"Node Type": "Bitmap Heap Scan", "Parent Relationship": "Inner", "Relation Name": "movie_keyword", "Alias": "mk", "Startup Cost": 4.51, "Total Cost": 132.58, "Plan Rows": 33, "Plan Width": 8, "Recheck Cond": "(keyword_id = k.id)", "Plans": [{"Node Type": "Bitmap Index Scan", "Parent Relationship": "Outer", "Index Name": "keyword_id_movie_keyword", "Startup Cost": 0.0, "Total Cost": 4.5, "Plan Rows": 33, "Plan Width": 0, "Index Cond": "(keyword_id = k.id)"}]}]}, {"Node Type": "Index Scan", "Parent Relationship": "Inner", "Scan Direction": "Forward", "Index Name": "title_pkey", "Relation Name": "title", "Alias": "t1", "Startup Cost": 0.0, "Total Cost": 0.31, "Plan Rows": 1, "Plan Width": 21, "Index Cond": "(id = mk.movie_id)"}]}, {"Node Type": "Index Scan", "Parent Relationship": "Inner", "Scan Direction": "Forward", "Index Name": "movie_id_movie_link", "Relation Name": "movie_link", "Alias": "ml", "Startup Cost": 0.0, "Total Cost": 0.35, "Plan Rows": 5, "Plan Width": 12, "Index Cond": "(movie_id = t1.id)"}]}, {"Node Type": "Materialize", "Parent Relationship": "Inner", "Startup Cost": 0.0, "Total Cost": 1.25, "Plan Rows": 17, "Plan Width": 16, "Plans": [{"Node Type": "Seq Scan", "Parent Relationship": "Outer", "Relation Name": "link_type", "Alias": "lt", "Startup Cost": 0.0, "Total Cost": 1.17, "Plan Rows": 17, "Plan Width": 16}]}]}, {"Node Type": "Index Scan", "Parent Relationship": "Inner", "Scan Direction": "Forward", "Index Name": "title_pkey", "Relation Name": "title", "Alias": "t2", "Startup Cost": 0.0, "Total Cost": 4.3, "Plan Rows": 1, "Plan Width": 21, "Index Cond": "(id = ml.linked_movie_id)"}]}]}, "Unique SQL Id": 524435555, "Planner Runtime": 3}, "explain_analyze_plan": {"Plan": {"Node Type": "Aggregate", "Strategy": "Plain", "Startup Cost": 3297.98, "Total Cost": 3297.99, "Plan Rows": 1, "Plan Width": 142, "Actual Startup Time": 40.708, "Actual Total Time": 40.708, "Actual Rows": 1, "Actual Loops": 1, "Plans": [{"Node Type": "Nested Loop", "Parent Relationship": "Outer", "Join Type": "Inner", "Startup Cost": 4.51, "Total Cost": 3296.82, "Plan Rows": 154, "Plan Width": 46, "Actual Startup Time": 40.702, "Actual Total Time": 40.702, "Actual Rows": 0, "Actual Loops": 1, "Inner Unique": true, "Plans": [{"Node Type": "Nested Loop", "Parent Relationship": "Outer", "Join Type": "Inner", "Startup Cost": 4.51, "Total Cost": 2633.25, "Plan Rows": 154, "Plan Width": 33, "Actual Startup Time": 40.702, "Actual Total Time": 40.702, "Actual Rows": 0, "Actual Loops": 1, "Inner Unique": true, "Join Filter": "(ml.link_type_id = lt.id)", "Rows Removed by Join Filter": 0, "Plans": [{"Node Type": "Nested Loop", "Parent Relationship": "Outer", "Join Type": "Inner", "Startup Cost": 4.51, "Total Cost": 2592.76, "Plan Rows": 154, "Plan Width": 25, "Actual Startup Time": 40.7, "Actual Total Time": 40.7, "Actual Rows": 0, "Actual Loops": 1, "Inner Unique": false, "Plans": [{"Node Type": "Nested Loop", "Parent Relationship": "Outer", "Join Type": "Inner", "Startup Cost": 4.51, "Total Cost": 2579.55, "Plan Rows": 33, "Plan Width": 25, "Actual Startup Time": 39.825, "Actual Total Time": 40.695, "Actual Rows": 1, "Actual Loops": 1, "Inner Unique": true, "Plans": [{"Node Type": "Nested Loop", "Parent Relationship": "Outer", "Join Type": "Inner", "Startup Cost": 4.51, "Total Cost": 2569.02, "Plan Rows": 33, "Plan Width": 4, "Actual Startup Time": 39.807, "Actual Total Time": 40.676, "Actual Rows": 1, "Actual Loops": 1, "Inner Unique": false, "Plans": [{"Node Type": "Seq Scan", "Parent Relationship": "Outer", "Relation Name": "keyword", "Alias": "k", "Startup Cost": 0.0, "Total Cost": 2436.11, "Plan Rows": 1, "Plan Width": 4, "Actual Startup Time": 39.762, "Actual Total Time": 40.629, "Actual Rows": 1, "Actual Loops": 1, "Filter": "((keyword)::text = '10,000-mile-club'::text)", "Rows Removed by Filter": 134168}, {"Node Type": "Bitmap Heap Scan", "Parent Relationship": "Inner", "Relation Name": "movie_keyword", "Alias": "mk", "Startup Cost": 4.51, "Total Cost": 132.58, "Plan Rows": 33, "Plan Width": 8, "Actual Startup Time": 0.034, "Actual Total Time": 0.035, "Actual Rows": 1, "Actual Loops": 1, "Recheck Cond": "(keyword_id = k.id)", "Rows Removed by Index Recheck": 0, "Exact Heap Blocks": 1, "Lossy Heap Blocks": 1, "Plans": [{"Node Type": "Bitmap Index Scan", "Parent Relationship": "Outer", "Index Name": "keyword_id_movie_keyword", "Startup Cost": 0.0, "Total Cost": 4.5, "Plan Rows": 33, "Plan Width": 0, "Actual Startup Time": 0.021, "Actual Total Time": 0.021, "Actual Rows": 1, "Actual Loops": 1, "Index Cond": "(keyword_id = k.id)"}]}]}, {"Node Type": "Index Scan", "Parent Relationship": "Inner", "Scan Direction": "Forward", "Index Name": "title_pkey", "Relation Name": "title", "Alias": "t1", "Startup Cost": 0.0, "Total Cost": 0.31, "Plan Rows": 1, "Plan Width": 21, "Actual Startup Time": 0.016, "Actual Total Time": 0.016, "Actual Rows": 1, "Actual Loops": 1, "Index Cond": "(id = mk.movie_id)", "Rows Removed by Index Recheck": 0}]}, {"Node Type": "Index Scan", "Parent Relationship": "Inner", "Scan Direction": "Forward", "Index Name": "movie_id_movie_link", "Relation Name": "movie_link", "Alias": "ml", "Startup Cost": 0.0, "Total Cost": 0.35, "Plan Rows": 5, "Plan Width": 12, "Actual Startup Time": 0.003, "Actual Total Time": 0.003, "Actual Rows": 0, "Actual Loops": 1, "Index Cond": "(movie_id = t1.id)", "Rows Removed by Index Recheck": 0}]}, {"Node Type": "Materialize", "Parent Relationship": "Inner", "Startup Cost": 0.0, "Total Cost": 1.25, "Plan Rows": 17, "Plan Width": 16, "Actual Startup Time": 0.0, "Actual Total Time": 0.0, "Plans": [{"Node Type": "Seq Scan", "Parent Relationship": "Outer", "Relation Name": "link_type", "Alias": "lt", "Startup Cost": 0.0, "Total Cost": 1.17, "Plan Rows": 17, "Plan Width": 16, "Actual Startup Time": 0.0, "Actual Total Time": 0.0}]}]}, {"Node Type": "Index Scan", "Parent Relationship": "Inner", "Scan Direction": "Forward", "Index Name": "title_pkey", "Relation Name": "title", "Alias": "t2", "Startup Cost": 0.0, "Total Cost": 4.3, "Plan Rows": 1, "Plan Width": 21, "Actual Startup Time": 0.0, "Actual Total Time": 0.0, "Index Cond": "(id = ml.linked_movie_id)", "Rows Removed by Index Recheck": 0}]}]}, "Triggers": [], "Planner Runtime": 3, "Total Runtime": 40.931, "Unique SQL Id": 524435555}}, "(16, 53)": {"explain_plan": {"Plan": {"Node Type": "Aggregate", "Strategy": "Plain", "Startup Cost": 4047.28, "Total Cost": 4047.29, "Plan Rows": 1, "Plan Width": 142, "Plans": [{"Node Type": "Nested Loop", "Parent Relationship": "Outer", "Join Type": "Inner", "Startup Cost": 4.51, "Total Cost": 4046.12, "Plan Rows": 154, "Plan Width": 46, "Inner Unique": true, "Plans": [{"Node Type": "Nested Loop", "Parent Relationship": "Outer", "Join Type": "Inner", "Startup Cost": 4.51, "Total Cost": 3382.55, "Plan Rows": 154, "Plan Width": 33, "Inner Unique": true, "Plans": [{"Node Type": "Nested Loop", "Parent Relationship": "Outer", "Join Type": "Inner", "Startup Cost": 4.51, "Total Cost": 3339.37, "Plan Rows": 154, "Plan Width": 25, "Inner Unique": false, "Plans": [{"Node Type": "Nested Loop", "Parent Relationship": "Outer", "Join Type": "Inner", "Startup Cost": 4.51, "Total Cost": 3326.15, "Plan Rows": 33, "Plan Width": 25, "Inner Unique": true, "Plans": [{"Node Type": "Nested Loop", "Parent Relationship": "Outer", "Join Type": "Inner", "Startup Cost": 4.51, "Total Cost": 3315.63, "Plan Rows": 33, "Plan Width": 4, "Inner Unique": false, "Plans": [{"Node Type": "Index Scan", "Parent Relationship": "Outer", "Scan Direction": "Forward", "Index Name": "keyword_pkey", "Relation Name": "keyword", "Alias": "k", "Startup Cost": 0.0, "Total Cost": 3182.72, "Plan Rows": 1, "Plan Width": 4, "Filter": "((keyword)::text = '10,000-mile-club'::text)"}, {"Node Type": "Bitmap Heap Scan", "Parent Relationship": "Inner", "Relation Name": "movie_keyword", "Alias": "mk", "Startup Cost": 4.51, "Total Cost": 132.58, "Plan Rows": 33, "Plan Width": 8, "Recheck Cond": "(keyword_id = k.id)", "Plans": [{"Node Type": "Bitmap Index Scan", "Parent Relationship": "Outer", "Index Name": "keyword_id_movie_keyword", "Startup Cost": 0.0, "Total Cost": 4.5, "Plan Rows": 33, "Plan Width": 0, "Index Cond": "(keyword_id = k.id)"}]}]}, {"Node Type": "Index Scan", "Parent Relationship": "Inner", "Scan Direction": "Forward", "Index Name": "title_pkey", "Relation Name": "title", "Alias": "t1", "Startup Cost": 0.0, "Total Cost": 0.31, "Plan Rows": 1, "Plan Width": 21, "Index Cond": "(id = mk.movie_id)"}]}, {"Node Type": "Index Scan", "Parent Relationship": "Inner", "Scan Direction": "Forward", "Index Name": "movie_id_movie_link", "Relation Name": "movie_link", "Alias": "ml", "Startup Cost": 0.0, "Total Cost": 0.35, "Plan Rows": 5, "Plan Width": 12, "Index Cond": "(movie_id = t1.id)"}]}, {"Node Type": "Index Scan", "Parent Relationship": "Inner", "Scan Direction": "Forward", "Index Name": "link_type_pkey", "Relation Name": "link_type", "Alias": "lt", "Startup Cost": 0.0, "Total Cost": 0.27, "Plan Rows": 1, "Plan Width": 16, "Index Cond": "(id = ml.link_type_id)"}]}, {"Node Type": "Index Scan", "Parent Relationship": "Inner", "Scan Direction": "Forward", "Index Name": "title_pkey", "Relation Name": "title", "Alias": "t2", "Startup Cost": 0.0, "Total Cost": 4.3, "Plan Rows": 1, "Plan Width": 21, "Index Cond": "(id = ml.linked_movie_id)"}]}]}, "Unique SQL Id": 524435555, "Planner Runtime": 3}, "explain_analyze_plan": {"Plan": {"Node Type": "Aggregate", "Strategy": "Plain", "Startup Cost": 4047.28, "Total Cost": 4047.29, "Plan Rows": 1, "Plan Width": 142, "Actual Startup Time": 114.966, "Actual Total Time": 114.966, "Actual Rows": 1, "Actual Loops": 1, "Plans": [{"Node Type": "Nested Loop", "Parent Relationship": "Outer", "Join Type": "Inner", "Startup Cost": 4.51, "Total Cost": 4046.12, "Plan Rows": 154, "Plan Width": 46, "Actual Startup Time": 114.961, "Actual Total Time": 114.961, "Actual Rows": 0, "Actual Loops": 1, "Inner Unique": true, "Plans": [{"Node Type": "Nested Loop", "Parent Relationship": "Outer", "Join Type": "Inner", "Startup Cost": 4.51, "Total Cost": 3382.55, "Plan Rows": 154, "Plan Width": 33, "Actual Startup Time": 114.959, "Actual Total Time": 114.959, "Actual Rows": 0, "Actual Loops": 1, "Inner Unique": true, "Plans": [{"Node Type": "Nested Loop", "Parent Relationship": "Outer", "Join Type": "Inner", "Startup Cost": 4.51, "Total Cost": 3339.37, "Plan Rows": 154, "Plan Width": 25, "Actual Startup Time": 114.959, "Actual Total Time": 114.959, "Actual Rows": 0, "Actual Loops": 1, "Inner Unique": false, "Plans": [{"Node Type": "Nested Loop", "Parent Relationship": "Outer", "Join Type": "Inner", "Startup Cost": 4.51, "Total Cost": 3326.15, "Plan Rows": 33, "Plan Width": 25, "Actual Startup Time": 113.082, "Actual Total Time": 114.952, "Actual Rows": 1, "Actual Loops": 1, "Inner Unique": true, "Plans": [{"Node Type": "Nested Loop", "Parent Relationship": "Outer", "Join Type": "Inner", "Startup Cost": 4.51, "Total Cost": 3315.63, "Plan Rows": 33, "Plan Width": 4, "Actual Startup Time": 113.064, "Actual Total Time": 114.934, "Actual Rows": 1, "Actual Loops": 1, "Inner Unique": false, "Plans": [{"Node Type": "Index Scan", "Parent Relationship": "Outer", "Scan Direction": "Forward", "Index Name": "keyword_pkey", "Relation Name": "keyword", "Alias": "k", "Startup Cost": 0.0, "Total Cost": 3182.72, "Plan Rows": 1, "Plan Width": 4, "Actual Startup Time": 113.017, "Actual Total Time": 114.885, "Actual Rows": 1, "Actual Loops": 1, "Filter": "((keyword)::text = '10,000-mile-club'::text)", "Rows Removed by Filter": 134168}, {"Node Type": "Bitmap Heap Scan", "Parent Relationship": "Inner", "Relation Name": "movie_keyword", "Alias": "mk", "Startup Cost": 4.51, "Total Cost": 132.58, "Plan Rows": 33, "Plan Width": 8, "Actual Startup Time": 0.031, "Actual Total Time": 0.031, "Actual Rows": 1, "Actual Loops": 1, "Recheck Cond": "(keyword_id = k.id)", "Rows Removed by Index Recheck": 0, "Exact Heap Blocks": 1, "Lossy Heap Blocks": 1, "Plans": [{"Node Type": "Bitmap Index Scan", "Parent Relationship": "Outer", "Index Name": "keyword_id_movie_keyword", "Startup Cost": 0.0, "Total Cost": 4.5, "Plan Rows": 33, "Plan Width": 0, "Actual Startup Time": 0.02, "Actual Total Time": 0.02, "Actual Rows": 1, "Actual Loops": 1, "Index Cond": "(keyword_id = k.id)"}]}]}, {"Node Type": "Index Scan", "Parent Relationship": "Inner", "Scan Direction": "Forward", "Index Name": "title_pkey", "Relation Name": "title", "Alias": "t1", "Startup Cost": 0.0, "Total Cost": 0.31, "Plan Rows": 1, "Plan Width": 21, "Actual Startup Time": 0.014, "Actual Total Time": 0.014, "Actual Rows": 1, "Actual Loops": 1, "Index Cond": "(id = mk.movie_id)", "Rows Removed by Index Recheck": 0}]}, {"Node Type": "Index Scan", "Parent Relationship": "Inner", "Scan Direction": "Forward", "Index Name": "movie_id_movie_link", "Relation Name": "movie_link", "Alias": "ml", "Startup Cost": 0.0, "Total Cost": 0.35, "Plan Rows": 5, "Plan Width": 12, "Actual Startup Time": 0.004, "Actual Total Time": 0.004, "Actual Rows": 0, "Actual Loops": 1, "Index Cond": "(movie_id = t1.id)", "Rows Removed by Index Recheck": 0}]}, {"Node Type": "Index Scan", "Parent Relationship": "Inner", "Scan Direction": "Forward", "Index Name": "link_type_pkey", "Relation Name": "link_type", "Alias": "lt", "Startup Cost": 0.0, "Total Cost": 0.27, "Plan Rows": 1, "Plan Width": 16, "Actual Startup Time": 0.0, "Actual Total Time": 0.0, "Index Cond": "(id = ml.link_type_id)", "Rows Removed by Index Recheck": 0}]}, {"Node Type": "Index Scan", "Parent Relationship": "Inner", "Scan Direction": "Forward", "Index Name": "title_pkey", "Relation Name": "title", "Alias": "t2", "Startup Cost": 0.0, "Total Cost": 4.3, "Plan Rows": 1, "Plan Width": 21, "Actual Startup Time": 0.0, "Actual Total Time": 0.0, "Index Cond": "(id = ml.linked_movie_id)", "Rows Removed by Index Recheck": 0}]}]}, "Triggers": [], "Planner Runtime": 3, "Total Runtime": 115.218, "Unique SQL Id": 524435555}}, "(16, 54)": {"explain_plan": {"Plan": {"Node Type": "Aggregate", "Strategy": "Plain", "Startup Cost": 3747.02, "Total Cost": 3747.03, "Plan Rows": 1, "Plan Width": 142, "Plans": [{"Node Type": "Nested Loop", "Parent Relationship": "Outer", "Join Type": "Inner", "Startup Cost": 6.55, "Total Cost": 3745.86, "Plan Rows": 154, "Plan Width": 46, "Inner Unique": true, "Plans": [{"Node Type": "Nested Loop", "Parent Relationship": "Outer", "Join Type": "Inner", "Startup Cost": 5.06, "Total Cost": 2896.68, "Plan Rows": 154, "Plan Width": 33, "Inner Unique": true, "Join Filter": "(ml.link_type_id = lt.id)", "Plans": [{"Node Type": "Nested Loop", "Parent Relationship": "Outer", "Join Type": "Inner", "Startup Cost": 5.06, "Total Cost": 2856.2, "Plan Rows": 154, "Plan Width": 25, "Inner Unique": false, "Join Filter": "(t1.id = ml.movie_id)", "Plans": [{"Node Type": "Nested Loop", "Parent Relationship": "Outer", "Join Type": "Inner", "Startup Cost": 4.77, "Total Cost": 2710.54, "Plan Rows": 33, "Plan Width": 25, "Inner Unique": true, "Plans": [{"Node Type": "Nested Loop", "Parent Relationship": "Outer", "Join Type": "Inner", "Startup Cost": 4.51, "Total Cost": 2569.02, "Plan Rows": 33, "Plan Width": 4, "Inner Unique": false, "Plans": [{"Node Type": "Seq Scan", "Parent Relationship": "Outer", "Relation Name": "keyword", "Alias": "k", "Startup Cost": 0.0, "Total Cost": 2436.11, "Plan Rows": 1, "Plan Width": 4, "Filter": "((keyword)::text = '10,000-mile-club'::text)"}, {"Node Type": "Bitmap Heap Scan", "Parent Relationship": "Inner", "Relation Name": "movie_keyword", "Alias": "mk", "Startup Cost": 4.51, "Total Cost": 132.58, "Plan Rows": 33, "Plan Width": 8, "Recheck Cond": "(keyword_id = k.id)", "Plans": [{"Node Type": "Bitmap Index Scan", "Parent Relationship": "Outer", "Index Name": "keyword_id_movie_keyword", "Startup Cost": 0.0, "Total Cost": 4.5, "Plan Rows": 33, "Plan Width": 0, "Index Cond": "(keyword_id = k.id)"}]}]}, {"Node Type": "Bitmap Heap Scan", "Parent Relationship": "Inner", "Relation Name": "title", "Alias": "t1", "Startup Cost": 0.27, "Total Cost": 4.28, "Plan Rows": 1, "Plan Width": 21, "Recheck Cond": "(id = mk.movie_id)", "Plans": [{"Node Type": "Bitmap Index Scan", "Parent Relationship": "Outer", "Index Name": "title_pkey", "Startup Cost": 0.0, "Total Cost": 0.27, "Plan Rows": 1, "Plan Width": 0, "Index Cond": "(id = mk.movie_id)"}]}]}, {"Node Type": "Bitmap Heap Scan", "Parent Relationship": "Inner", "Relation Name": "movie_link", "Alias": "ml", "Startup Cost": 0.29, "Total Cost": 4.35, "Plan Rows": 5, "Plan Width": 12, "Recheck Cond": "(movie_id = mk.movie_id)", "Plans": [{"Node Type": "Bitmap Index Scan", "Parent Relationship": "Outer", "Index Name": "movie_id_movie_link", "Startup Cost": 0.0, "Total Cost": 0.29, "Plan Rows": 5, "Plan Width": 0, "Index Cond": "(movie_id = mk.movie_id)"}]}]}, {"Node Type": "Materialize", "Parent Relationship": "Inner", "Startup Cost": 0.0, "Total Cost": 1.25, "Plan Rows": 17, "Plan Width": 16, "Plans": [{"Node Type": "Seq Scan", "Parent Relationship": "Outer", "Relation Name": "link_type", "Alias": "lt", "Startup Cost": 0.0, "Total Cost": 1.17, "Plan Rows": 17, "Plan Width": 16}]}]}, {"Node Type": "Bitmap Heap Scan", "Parent Relationship": "Inner", "Relation Name": "title", "Alias": "t2", "Startup Cost": 1.49, "Total Cost": 5.5, "Plan Rows": 1, "Plan Width": 21, "Recheck Cond": "(id = ml.linked_movie_id)", "Plans": [{"Node Type": "Bitmap Index Scan", "Parent Relationship": "Outer", "Index Name": "title_pkey", "Startup Cost": 0.0, "Total Cost": 1.49, "Plan Rows": 1, "Plan Width": 0, "Index Cond": "(id = ml.linked_movie_id)"}]}]}]}, "Unique SQL Id": 524435555, "Planner Runtime": 7}, "explain_analyze_plan": {"Plan": {"Node Type": "Aggregate", "Strategy": "Plain", "Startup Cost": 3747.02, "Total Cost": 3747.03, "Plan Rows": 1, "Plan Width": 142, "Actual Startup Time": 40.652, "Actual Total Time": 40.652, "Actual Rows": 1, "Actual Loops": 1, "Plans": [{"Node Type": "Nested Loop", "Parent Relationship": "Outer", "Join Type": "Inner", "Startup Cost": 6.55, "Total Cost": 3745.86, "Plan Rows": 154, "Plan Width": 46, "Actual Startup Time": 40.647, "Actual Total Time": 40.647, "Actual Rows": 0, "Actual Loops": 1, "Inner Unique": true, "Plans": [{"Node Type": "Nested Loop", "Parent Relationship": "Outer", "Join Type": "Inner", "Startup Cost": 5.06, "Total Cost": 2896.68, "Plan Rows": 154, "Plan Width": 33, "Actual Startup Time": 40.646, "Actual Total Time": 40.646, "Actual Rows": 0, "Actual Loops": 1, "Inner Unique": true, "Join Filter": "(ml.link_type_id = lt.id)", "Rows Removed by Join Filter": 0, "Plans": [{"Node Type": "Nested Loop", "Parent Relationship": "Outer", "Join Type": "Inner", "Startup Cost": 5.06, "Total Cost": 2856.2, "Plan Rows": 154, "Plan Width": 25, "Actual Startup Time": 40.645, "Actual Total Time": 40.645, "Actual Rows": 0, "Actual Loops": 1, "Inner Unique": false, "Join Filter": "(t1.id = ml.movie_id)", "Rows Removed by Join Filter": 0, "Plans": [{"Node Type": "Nested Loop", "Parent Relationship": "Outer", "Join Type": "Inner", "Startup Cost": 4.77, "Total Cost": 2710.54, "Plan Rows": 33, "Plan Width": 25, "Actual Startup Time": 39.766, "Actual Total Time": 40.634, "Actual Rows": 1, "Actual Loops": 1, "Inner Unique": true, "Plans": [{"Node Type": "Nested Loop", "Parent Relationship": "Outer", "Join Type": "Inner", "Startup Cost": 4.51, "Total Cost": 2569.02, "Plan Rows": 33, "Plan Width": 4, "Actual Startup Time": 39.749, "Actual Total Time": 40.617, "Actual Rows": 1, "Actual Loops": 1, "Inner Unique": false, "Plans": [{"Node Type": "Seq Scan", "Parent Relationship": "Outer", "Relation Name": "keyword", "Alias": "k", "Startup Cost": 0.0, "Total Cost": 2436.11, "Plan Rows": 1, "Plan Width": 4, "Actual Startup Time": 39.706, "Actual Total Time": 40.572, "Actual Rows": 1, "Actual Loops": 1, "Filter": "((keyword)::text = '10,000-mile-club'::text)", "Rows Removed by Filter": 134168}, {"Node Type": "Bitmap Heap Scan", "Parent Relationship": "Inner", "Relation Name": "movie_keyword", "Alias": "mk", "Startup Cost": 4.51, "Total Cost": 132.58, "Plan Rows": 33, "Plan Width": 8, "Actual Startup Time": 0.032, "Actual Total Time": 0.032, "Actual Rows": 1, "Actual Loops": 1, "Recheck Cond": "(keyword_id = k.id)", "Rows Removed by Index Recheck": 0, "Exact Heap Blocks": 1, "Lossy Heap Blocks": 1, "Plans": [{"Node Type": "Bitmap Index Scan", "Parent Relationship": "Outer", "Index Name": "keyword_id_movie_keyword", "Startup Cost": 0.0, "Total Cost": 4.5, "Plan Rows": 33, "Plan Width": 0, "Actual Startup Time": 0.02, "Actual Total Time": 0.02, "Actual Rows": 1, "Actual Loops": 1, "Index Cond": "(keyword_id = k.id)"}]}]}, {"Node Type": "Bitmap Heap Scan", "Parent Relationship": "Inner", "Relation Name": "title", "Alias": "t1", "Startup Cost": 0.27, "Total Cost": 4.28, "Plan Rows": 1, "Plan Width": 21, "Actual Startup Time": 0.013, "Actual Total Time": 0.013, "Actual Rows": 1, "Actual Loops": 1, "Recheck Cond": "(id = mk.movie_id)", "Rows Removed by Index Recheck": 0, "Exact Heap Blocks": 1, "Lossy Heap Blocks": 1, "Plans": [{"Node Type": "Bitmap Index Scan", "Parent Relationship": "Outer", "Index Name": "title_pkey", "Startup Cost": 0.0, "Total Cost": 0.27, "Plan Rows": 1, "Plan Width": 0, "Actual Startup Time": 0.009, "Actual Total Time": 0.009, "Actual Rows": 1, "Actual Loops": 1, "Index Cond": "(id = mk.movie_id)"}]}]}, {"Node Type": "Bitmap Heap Scan", "Parent Relationship": "Inner", "Relation Name": "movie_link", "Alias": "ml", "Startup Cost": 0.29, "Total Cost": 4.35, "Plan Rows": 5, "Plan Width": 12, "Actual Startup Time": 0.007, "Actual Total Time": 0.007, "Actual Rows": 0, "Actual Loops": 1, "Recheck Cond": "(movie_id = mk.movie_id)", "Rows Removed by Index Recheck": 0, "Exact Heap Blocks": 0, "Lossy Heap Blocks": 0, "Plans": [{"Node Type": "Bitmap Index Scan", "Parent Relationship": "Outer", "Index Name": "movie_id_movie_link", "Startup Cost": 0.0, "Total Cost": 0.29, "Plan Rows": 5, "Plan Width": 0, "Actual Startup Time": 0.003, "Actual Total Time": 0.003, "Actual Rows": 0, "Actual Loops": 1, "Index Cond": "(movie_id = mk.movie_id)"}]}]}, {"Node Type": "Materialize", "Parent Relationship": "Inner", "Startup Cost": 0.0, "Total Cost": 1.25, "Plan Rows": 17, "Plan Width": 16, "Actual Startup Time": 0.0, "Actual Total Time": 0.0, "Plans": [{"Node Type": "Seq Scan", "Parent Relationship": "Outer", "Relation Name": "link_type", "Alias": "lt", "Startup Cost": 0.0, "Total Cost": 1.17, "Plan Rows": 17, "Plan Width": 16, "Actual Startup Time": 0.0, "Actual Total Time": 0.0}]}]}, {"Node Type": "Bitmap Heap Scan", "Parent Relationship": "Inner", "Relation Name": "title", "Alias": "t2", "Startup Cost": 1.49, "Total Cost": 5.5, "Plan Rows": 1, "Plan Width": 21, "Actual Startup Time": 0.0, "Actual Total Time": 0.0, "Recheck Cond": "(id = ml.linked_movie_id)", "Rows Removed by Index Recheck": 0, "Exact Heap Blocks": 0, "Lossy Heap Blocks": 0, "Plans": [{"Node Type": "Bitmap Index Scan", "Parent Relationship": "Outer", "Index Name": "title_pkey", "Startup Cost": 0.0, "Total Cost": 1.49, "Plan Rows": 1, "Plan Width": 0, "Actual Startup Time": 0.0, "Actual Total Time": 0.0, "Index Cond": "(id = ml.linked_movie_id)"}]}]}]}, "Triggers": [], "Planner Runtime": 7, "Total Runtime": 40.898, "Unique SQL Id": 524435555}}, "(16, 55)": {"explain_plan": {"Plan": {"Node Type": "Aggregate", "Strategy": "Plain", "Startup Cost": 4477.45, "Total Cost": 4477.46, "Plan Rows": 1, "Plan Width": 142, "Plans": [{"Node Type": "Nested Loop", "Parent Relationship": "Outer", "Join Type": "Inner", "Startup Cost": 733.99, "Total Cost": 4476.3, "Plan Rows": 154, "Plan Width": 46, "Inner Unique": true, "Plans": [{"Node Type": "Nested Loop", "Parent Relationship": "Outer", "Join Type": "Inner", "Startup Cost": 732.5, "Total Cost": 3627.12, "Plan Rows": 154, "Plan Width": 33, "Inner Unique": true, "Join Filter": "(ml.link_type_id = lt.id)", "Plans": [{"Node Type": "Nested Loop", "Parent Relationship": "Outer", "Join Type": "Inner", "Startup Cost": 724.16, "Total Cost": 3575.3, "Plan Rows": 154, "Plan Width": 25, "Inner Unique": false, "Join Filter": "(t1.id = ml.movie_id)", "Plans": [{"Node Type": "Nested Loop", "Parent Relationship": "Outer", "Join Type": "Inner", "Startup Cost": 723.87, "Total Cost": 3429.64, "Plan Rows": 33, "Plan Width": 25, "Inner Unique": true, "Plans": [{"Node Type": "Nested Loop", "Parent Relationship": "Outer", "Join Type": "Inner", "Startup Cost": 723.6, "Total Cost": 3288.12, "Plan Rows": 33, "Plan Width": 4, "Inner Unique": false, "Plans": [{"Node Type": "Bitmap Heap Scan", "Parent Relationship": "Outer", "Relation Name": "keyword", "Alias": "k", "Startup Cost": 719.1, "Total Cost": 3155.21, "Plan Rows": 1, "Plan Width": 4, "Filter": "((keyword)::text = '10,000-mile-club'::text)", "Plans": [{"Node Type": "Bitmap Index Scan", "Parent Relationship": "Outer", "Index Name": "keyword_pkey", "Startup Cost": 0.0, "Total Cost": 719.1, "Plan Rows": 134169, "Plan Width": 0}]}, {"Node Type": "Bitmap Heap Scan", "Parent Relationship": "Inner", "Relation Name": "movie_keyword", "Alias": "mk", "Startup Cost": 4.51, "Total Cost": 132.58, "Plan Rows": 33, "Plan Width": 8, "Recheck Cond": "(keyword_id = k.id)", "Plans": [{"Node Type": "Bitmap Index Scan", "Parent Relationship": "Outer", "Index Name": "keyword_id_movie_keyword", "Startup Cost": 0.0, "Total Cost": 4.5, "Plan Rows": 33, "Plan Width": 0, "Index Cond": "(keyword_id = k.id)"}]}]}, {"Node Type": "Bitmap Heap Scan", "Parent Relationship": "Inner", "Relation Name": "title", "Alias": "t1", "Startup Cost": 0.27, "Total Cost": 4.28, "Plan Rows": 1, "Plan Width": 21, "Recheck Cond": "(id = mk.movie_id)", "Plans": [{"Node Type": "Bitmap Index Scan", "Parent Relationship": "Outer", "Index Name": "title_pkey", "Startup Cost": 0.0, "Total Cost": 0.27, "Plan Rows": 1, "Plan Width": 0, "Index Cond": "(id = mk.movie_id)"}]}]}, {"Node Type": "Bitmap Heap Scan", "Parent Relationship": "Inner", "Relation Name": "movie_link", "Alias": "ml", "Startup Cost": 0.29, "Total Cost": 4.35, "Plan Rows": 5, "Plan Width": 12, "Recheck Cond": "(movie_id = mk.movie_id)", "Plans": [{"Node Type": "Bitmap Index Scan", "Parent Relationship": "Outer", "Index Name": "movie_id_movie_link", "Startup Cost": 0.0, "Total Cost": 0.29, "Plan Rows": 5, "Plan Width": 0, "Index Cond": "(movie_id = mk.movie_id)"}]}]}, {"Node Type": "Materialize", "Parent Relationship": "Inner", "Startup Cost": 8.34, "Total Cost": 12.59, "Plan Rows": 17, "Plan Width": 16, "Plans": [{"Node Type": "Bitmap Heap Scan", "Parent Relationship": "Outer", "Relation Name": "link_type", "Alias": "lt", "Startup Cost": 8.34, "Total Cost": 12.51, "Plan Rows": 17, "Plan Width": 16, "Plans": [{"Node Type": "Bitmap Index Scan", "Parent Relationship": "Outer", "Index Name": "link_type_pkey", "Startup Cost": 0.0, "Total Cost": 8.34, "Plan Rows": 17, "Plan Width": 0}]}]}]}, {"Node Type": "Bitmap Heap Scan", "Parent Relationship": "Inner", "Relation Name": "title", "Alias": "t2", "Startup Cost": 1.49, "Total Cost": 5.5, "Plan Rows": 1, "Plan Width": 21, "Recheck Cond": "(id = ml.linked_movie_id)", "Plans": [{"Node Type": "Bitmap Index Scan", "Parent Relationship": "Outer", "Index Name": "title_pkey", "Startup Cost": 0.0, "Total Cost": 1.49, "Plan Rows": 1, "Plan Width": 0, "Index Cond": "(id = ml.linked_movie_id)"}]}]}]}, "Unique SQL Id": 524435555, "Planner Runtime": 3}, "explain_analyze_plan": {"Plan": {"Node Type": "Aggregate", "Strategy": "Plain", "Startup Cost": 4477.45, "Total Cost": 4477.46, "Plan Rows": 1, "Plan Width": 142, "Actual Startup Time": 62.41, "Actual Total Time": 62.41, "Actual Rows": 1, "Actual Loops": 1, "Plans": [{"Node Type": "Nested Loop", "Parent Relationship": "Outer", "Join Type": "Inner", "Startup Cost": 733.99, "Total Cost": 4476.3, "Plan Rows": 154, "Plan Width": 46, "Actual Startup Time": 62.405, "Actual Total Time": 62.405, "Actual Rows": 0, "Actual Loops": 1, "Inner Unique": true, "Plans": [{"Node Type": "Nested Loop", "Parent Relationship": "Outer", "Join Type": "Inner", "Startup Cost": 732.5, "Total Cost": 3627.12, "Plan Rows": 154, "Plan Width": 33, "Actual Startup Time": 62.405, "Actual Total Time": 62.405, "Actual Rows": 0, "Actual Loops": 1, "Inner Unique": true, "Join Filter": "(ml.link_type_id = lt.id)", "Rows Removed by Join Filter": 0, "Plans": [{"Node Type": "Nested Loop", "Parent Relationship": "Outer", "Join Type": "Inner", "Startup Cost": 724.16, "Total Cost": 3575.3, "Plan Rows": 154, "Plan Width": 25, "Actual Startup Time": 62.403, "Actual Total Time": 62.403, "Actual Rows": 0, "Actual Loops": 1, "Inner Unique": false, "Join Filter": "(t1.id = ml.movie_id)", "Rows Removed by Join Filter": 0, "Plans": [{"Node Type": "Nested Loop", "Parent Relationship": "Outer", "Join Type": "Inner", "Startup Cost": 723.87, "Total Cost": 3429.64, "Plan Rows": 33, "Plan Width": 25, "Actual Startup Time": 61.321, "Actual Total Time": 62.394, "Actual Rows": 1, "Actual Loops": 1, "Inner Unique": true, "Plans": [{"Node Type": "Nested Loop", "Parent Relationship": "Outer", "Join Type": "Inner", "Startup Cost": 723.6, "Total Cost": 3288.12, "Plan Rows": 33, "Plan Width": 4, "Actual Startup Time": 61.3, "Actual Total Time": 62.373, "Actual Rows": 1, "Actual Loops": 1, "Inner Unique": false, "Plans": [{"Node Type": "Bitmap Heap Scan", "Parent Relationship": "Outer", "Relation Name": "keyword", "Alias": "k", "Startup Cost": 719.1, "Total Cost": 3155.21, "Plan Rows": 1, "Plan Width": 4, "Actual Startup Time": 61.255, "Actual Total Time": 62.326, "Actual Rows": 1, "Actual Loops": 1, "Filter": "((keyword)::text = '10,000-mile-club'::text)", "Rows Removed by Filter": 134168, "Exact Heap Blocks": 759, "Lossy Heap Blocks": 759, "Plans": [{"Node Type": "Bitmap Index Scan", "Parent Relationship": "Outer", "Index Name": "keyword_pkey", "Startup Cost": 0.0, "Total Cost": 719.1, "Plan Rows": 134169, "Plan Width": 0, "Actual Startup Time": 11.477, "Actual Total Time": 11.477, "Actual Rows": 134169, "Actual Loops": 1}]}, {"Node Type": "Bitmap Heap Scan", "Parent Relationship": "Inner", "Relation Name": "movie_keyword", "Alias": "mk", "Startup Cost": 4.51, "Total Cost": 132.58, "Plan Rows": 33, "Plan Width": 8, "Actual Startup Time": 0.03, "Actual Total Time": 0.03, "Actual Rows": 1, "Actual Loops": 1, "Recheck Cond": "(keyword_id = k.id)", "Rows Removed by Index Recheck": 0, "Exact Heap Blocks": 1, "Lossy Heap Blocks": 1, "Plans": [{"Node Type": "Bitmap Index Scan", "Parent Relationship": "Outer", "Index Name": "keyword_id_movie_keyword", "Startup Cost": 0.0, "Total Cost": 4.5, "Plan Rows": 33, "Plan Width": 0, "Actual Startup Time": 0.019, "Actual Total Time": 0.019, "Actual Rows": 1, "Actual Loops": 1, "Index Cond": "(keyword_id = k.id)"}]}]}, {"Node Type": "Bitmap Heap Scan", "Parent Relationship": "Inner", "Relation Name": "title", "Alias": "t1", "Startup Cost": 0.27, "Total Cost": 4.28, "Plan Rows": 1, "Plan Width": 21, "Actual Startup Time": 0.015, "Actual Total Time": 0.015, "Actual Rows": 1, "Actual Loops": 1, "Recheck Cond": "(id = mk.movie_id)", "Rows Removed by Index Recheck": 0, "Exact Heap Blocks": 1, "Lossy Heap Blocks": 1, "Plans": [{"Node Type": "Bitmap Index Scan", "Parent Relationship": "Outer", "Index Name": "title_pkey", "Startup Cost": 0.0, "Total Cost": 0.27, "Plan Rows": 1, "Plan Width": 0, "Actual Startup Time": 0.011, "Actual Total Time": 0.011, "Actual Rows": 1, "Actual Loops": 1, "Index Cond": "(id = mk.movie_id)"}]}]}, {"Node Type": "Bitmap Heap Scan", "Parent Relationship": "Inner", "Relation Name": "movie_link", "Alias": "ml", "Startup Cost": 0.29, "Total Cost": 4.35, "Plan Rows": 5, "Plan Width": 12, "Actual Startup Time": 0.006, "Actual Total Time": 0.006, "Actual Rows": 0, "Actual Loops": 1, "Recheck Cond": "(movie_id = mk.movie_id)", "Rows Removed by Index Recheck": 0, "Exact Heap Blocks": 0, "Lossy Heap Blocks": 0, "Plans": [{"Node Type": "Bitmap Index Scan", "Parent Relationship": "Outer", "Index Name": "movie_id_movie_link", "Startup Cost": 0.0, "Total Cost": 0.29, "Plan Rows": 5, "Plan Width": 0, "Actual Startup Time": 0.003, "Actual Total Time": 0.003, "Actual Rows": 0, "Actual Loops": 1, "Index Cond": "(movie_id = mk.movie_id)"}]}]}, {"Node Type": "Materialize", "Parent Relationship": "Inner", "Startup Cost": 8.34, "Total Cost": 12.59, "Plan Rows": 17, "Plan Width": 16, "Actual Startup Time": 0.0, "Actual Total Time": 0.0, "Plans": [{"Node Type": "Bitmap Heap Scan", "Parent Relationship": "Outer", "Relation Name": "link_type", "Alias": "lt", "Startup Cost": 8.34, "Total Cost": 12.51, "Plan Rows": 17, "Plan Width": 16, "Actual Startup Time": 0.0, "Actual Total Time": 0.0, "Exact Heap Blocks": 0, "Lossy Heap Blocks": 0, "Plans": [{"Node Type": "Bitmap Index Scan", "Parent Relationship": "Outer", "Index Name": "link_type_pkey", "Startup Cost": 0.0, "Total Cost": 8.34, "Plan Rows": 17, "Plan Width": 0, "Actual Startup Time": 0.0, "Actual Total Time": 0.0}]}]}]}, {"Node Type": "Bitmap Heap Scan", "Parent Relationship": "Inner", "Relation Name": "title", "Alias": "t2", "Startup Cost": 1.49, "Total Cost": 5.5, "Plan Rows": 1, "Plan Width": 21, "Actual Startup Time": 0.0, "Actual Total Time": 0.0, "Recheck Cond": "(id = ml.linked_movie_id)", "Rows Removed by Index Recheck": 0, "Exact Heap Blocks": 0, "Lossy Heap Blocks": 0, "Plans": [{"Node Type": "Bitmap Index Scan", "Parent Relationship": "Outer", "Index Name": "title_pkey", "Startup Cost": 0.0, "Total Cost": 1.49, "Plan Rows": 1, "Plan Width": 0, "Actual Startup Time": 0.0, "Actual Total Time": 0.0, "Index Cond": "(id = ml.linked_movie_id)"}]}]}]}, "Triggers": [], "Planner Runtime": 3, "Total Runtime": 62.679, "Unique SQL Id": 524435555}}, "(16, 56)": {"explain_plan": {"Plan": {"Node Type": "Aggregate", "Strategy": "Plain", "Startup Cost": 3302.27, "Total Cost": 3302.28, "Plan Rows": 1, "Plan Width": 142, "Plans": [{"Node Type": "Nested Loop", "Parent Relationship": "Outer", "Join Type": "Inner", "Startup Cost": 0.0, "Total Cost": 3301.12, "Plan Rows": 154, "Plan Width": 46, "Inner Unique": true, "Plans": [{"Node Type": "Nested Loop", "Parent Relationship": "Outer", "Join Type": "Inner", "Startup Cost": 0.0, "Total Cost": 2637.54, "Plan Rows": 154, "Plan Width": 33, "Inner Unique": true, "Join Filter": "(ml.link_type_id = lt.id)", "Plans": [{"Node Type": "Nested Loop", "Parent Relationship": "Outer", "Join Type": "Inner", "Startup Cost": 0.0, "Total Cost": 2597.06, "Plan Rows": 154, "Plan Width": 25, "Inner Unique": false, "Plans": [{"Node Type": "Nested Loop", "Parent Relationship": "Outer", "Join Type": "Inner", "Startup Cost": 0.0, "Total Cost": 2583.84, "Plan Rows": 33, "Plan Width": 25, "Inner Unique": true, "Plans": [{"Node Type": "Nested Loop", "Parent Relationship": "Outer", "Join Type": "Inner", "Startup Cost": 0.0, "Total Cost": 2573.32, "Plan Rows": 33, "Plan Width": 4, "Inner Unique": false, "Plans": [{"Node Type": "Seq Scan", "Parent Relationship": "Outer", "Relation Name": "keyword", "Alias": "k", "Startup Cost": 0.0, "Total Cost": 2436.11, "Plan Rows": 1, "Plan Width": 4, "Filter": "((keyword)::text = '10,000-mile-club'::text)"}, {"Node Type": "Index Scan", "Parent Relationship": "Inner", "Scan Direction": "Forward", "Index Name": "keyword_id_movie_keyword", "Relation Name": "movie_keyword", "Alias": "mk", "Startup Cost": 0.0, "Total Cost": 136.88, "Plan Rows": 33, "Plan Width": 8, "Index Cond": "(keyword_id = k.id)"}]}, {"Node Type": "Index Scan", "Parent Relationship": "Inner", "Scan Direction": "Forward", "Index Name": "title_pkey", "Relation Name": "title", "Alias": "t1", "Startup Cost": 0.0, "Total Cost": 0.31, "Plan Rows": 1, "Plan Width": 21, "Index Cond": "(id = mk.movie_id)"}]}, {"Node Type": "Index Scan", "Parent Relationship": "Inner", "Scan Direction": "Forward", "Index Name": "movie_id_movie_link", "Relation Name": "movie_link", "Alias": "ml", "Startup Cost": 0.0, "Total Cost": 0.35, "Plan Rows": 5, "Plan Width": 12, "Index Cond": "(movie_id = t1.id)"}]}, {"Node Type": "Materialize", "Parent Relationship": "Inner", "Startup Cost": 0.0, "Total Cost": 1.25, "Plan Rows": 17, "Plan Width": 16, "Plans": [{"Node Type": "Seq Scan", "Parent Relationship": "Outer", "Relation Name": "link_type", "Alias": "lt", "Startup Cost": 0.0, "Total Cost": 1.17, "Plan Rows": 17, "Plan Width": 16}]}]}, {"Node Type": "Index Scan", "Parent Relationship": "Inner", "Scan Direction": "Forward", "Index Name": "title_pkey", "Relation Name": "title", "Alias": "t2", "Startup Cost": 0.0, "Total Cost": 4.3, "Plan Rows": 1, "Plan Width": 21, "Index Cond": "(id = ml.linked_movie_id)"}]}]}, "Unique SQL Id": 524435555, "Planner Runtime": 3}, "explain_analyze_plan": {"Plan": {"Node Type": "Aggregate", "Strategy": "Plain", "Startup Cost": 3302.27, "Total Cost": 3302.28, "Plan Rows": 1, "Plan Width": 142, "Actual Startup Time": 40.736, "Actual Total Time": 40.736, "Actual Rows": 1, "Actual Loops": 1, "Plans": [{"Node Type": "Nested Loop", "Parent Relationship": "Outer", "Join Type": "Inner", "Startup Cost": 0.0, "Total Cost": 3301.12, "Plan Rows": 154, "Plan Width": 46, "Actual Startup Time": 40.731, "Actual Total Time": 40.731, "Actual Rows": 0, "Actual Loops": 1, "Inner Unique": true, "Plans": [{"Node Type": "Nested Loop", "Parent Relationship": "Outer", "Join Type": "Inner", "Startup Cost": 0.0, "Total Cost": 2637.54, "Plan Rows": 154, "Plan Width": 33, "Actual Startup Time": 40.729, "Actual Total Time": 40.729, "Actual Rows": 0, "Actual Loops": 1, "Inner Unique": true, "Join Filter": "(ml.link_type_id = lt.id)", "Rows Removed by Join Filter": 0, "Plans": [{"Node Type": "Nested Loop", "Parent Relationship": "Outer", "Join Type": "Inner", "Startup Cost": 0.0, "Total Cost": 2597.06, "Plan Rows": 154, "Plan Width": 25, "Actual Startup Time": 40.728, "Actual Total Time": 40.728, "Actual Rows": 0, "Actual Loops": 1, "Inner Unique": false, "Plans": [{"Node Type": "Nested Loop", "Parent Relationship": "Outer", "Join Type": "Inner", "Startup Cost": 0.0, "Total Cost": 2583.84, "Plan Rows": 33, "Plan Width": 25, "Actual Startup Time": 39.856, "Actual Total Time": 40.723, "Actual Rows": 1, "Actual Loops": 1, "Inner Unique": true, "Plans": [{"Node Type": "Nested Loop", "Parent Relationship": "Outer", "Join Type": "Inner", "Startup Cost": 0.0, "Total Cost": 2573.32, "Plan Rows": 33, "Plan Width": 4, "Actual Startup Time": 39.843, "Actual Total Time": 40.709, "Actual Rows": 1, "Actual Loops": 1, "Inner Unique": false, "Plans": [{"Node Type": "Seq Scan", "Parent Relationship": "Outer", "Relation Name": "keyword", "Alias": "k", "Startup Cost": 0.0, "Total Cost": 2436.11, "Plan Rows": 1, "Plan Width": 4, "Actual Startup Time": 39.815, "Actual Total Time": 40.68, "Actual Rows": 1, "Actual Loops": 1, "Filter": "((keyword)::text = '10,000-mile-club'::text)", "Rows Removed by Filter": 134168}, {"Node Type": "Index Scan", "Parent Relationship": "Inner", "Scan Direction": "Forward", "Index Name": "keyword_id_movie_keyword", "Relation Name": "movie_keyword", "Alias": "mk", "Startup Cost": 0.0, "Total Cost": 136.88, "Plan Rows": 33, "Plan Width": 8, "Actual Startup Time": 0.021, "Actual Total Time": 0.022, "Actual Rows": 1, "Actual Loops": 1, "Index Cond": "(keyword_id = k.id)", "Rows Removed by Index Recheck": 0}]}, {"Node Type": "Index Scan", "Parent Relationship": "Inner", "Scan Direction": "Forward", "Index Name": "title_pkey", "Relation Name": "title", "Alias": "t1", "Startup Cost": 0.0, "Total Cost": 0.31, "Plan Rows": 1, "Plan Width": 21, "Actual Startup Time": 0.01, "Actual Total Time": 0.01, "Actual Rows": 1, "Actual Loops": 1, "Index Cond": "(id = mk.movie_id)", "Rows Removed by Index Recheck": 0}]}, {"Node Type": "Index Scan", "Parent Relationship": "Inner", "Scan Direction": "Forward", "Index Name": "movie_id_movie_link", "Relation Name": "movie_link", "Alias": "ml", "Startup Cost": 0.0, "Total Cost": 0.35, "Plan Rows": 5, "Plan Width": 12, "Actual Startup Time": 0.003, "Actual Total Time": 0.003, "Actual Rows": 0, "Actual Loops": 1, "Index Cond": "(movie_id = t1.id)", "Rows Removed by Index Recheck": 0}]}, {"Node Type": "Materialize", "Parent Relationship": "Inner", "Startup Cost": 0.0, "Total Cost": 1.25, "Plan Rows": 17, "Plan Width": 16, "Actual Startup Time": 0.0, "Actual Total Time": 0.0, "Plans": [{"Node Type": "Seq Scan", "Parent Relationship": "Outer", "Relation Name": "link_type", "Alias": "lt", "Startup Cost": 0.0, "Total Cost": 1.17, "Plan Rows": 17, "Plan Width": 16, "Actual Startup Time": 0.0, "Actual Total Time": 0.0}]}]}, {"Node Type": "Index Scan", "Parent Relationship": "Inner", "Scan Direction": "Forward", "Index Name": "title_pkey", "Relation Name": "title", "Alias": "t2", "Startup Cost": 0.0, "Total Cost": 4.3, "Plan Rows": 1, "Plan Width": 21, "Actual Startup Time": 0.0, "Actual Total Time": 0.0, "Index Cond": "(id = ml.linked_movie_id)", "Rows Removed by Index Recheck": 0}]}]}, "Triggers": [], "Planner Runtime": 3, "Total Runtime": 40.95, "Unique SQL Id": 524435555}}, "(16, 57)": {"explain_plan": {"Plan": {"Node Type": "Aggregate", "Strategy": "Plain", "Startup Cost": 4051.57, "Total Cost": 4051.58, "Plan Rows": 1, "Plan Width": 142, "Plans": [{"Node Type": "Nested Loop", "Parent Relationship": "Outer", "Join Type": "Inner", "Startup Cost": 0.0, "Total Cost": 4050.42, "Plan Rows": 154, "Plan Width": 46, "Inner Unique": true, "Plans": [{"Node Type": "Nested Loop", "Parent Relationship": "Outer", "Join Type": "Inner", "Startup Cost": 0.0, "Total Cost": 3386.84, "Plan Rows": 154, "Plan Width": 33, "Inner Unique": true, "Plans": [{"Node Type": "Nested Loop", "Parent Relationship": "Outer", "Join Type": "Inner", "Startup Cost": 0.0, "Total Cost": 3343.66, "Plan Rows": 154, "Plan Width": 25, "Inner Unique": false, "Plans": [{"Node Type": "Nested Loop", "Parent Relationship": "Outer", "Join Type": "Inner", "Startup Cost": 0.0, "Total Cost": 3330.45, "Plan Rows": 33, "Plan Width": 25, "Inner Unique": true, "Plans": [{"Node Type": "Nested Loop", "Parent Relationship": "Outer", "Join Type": "Inner", "Startup Cost": 0.0, "Total Cost": 3319.92, "Plan Rows": 33, "Plan Width": 4, "Inner Unique": false, "Plans": [{"Node Type": "Index Scan", "Parent Relationship": "Outer", "Scan Direction": "Forward", "Index Name": "keyword_pkey", "Relation Name": "keyword", "Alias": "k", "Startup Cost": 0.0, "Total Cost": 3182.72, "Plan Rows": 1, "Plan Width": 4, "Filter": "((keyword)::text = '10,000-mile-club'::text)"}, {"Node Type": "Index Scan", "Parent Relationship": "Inner", "Scan Direction": "Forward", "Index Name": "keyword_id_movie_keyword", "Relation Name": "movie_keyword", "Alias": "mk", "Startup Cost": 0.0, "Total Cost": 136.88, "Plan Rows": 33, "Plan Width": 8, "Index Cond": "(keyword_id = k.id)"}]}, {"Node Type": "Index Scan", "Parent Relationship": "Inner", "Scan Direction": "Forward", "Index Name": "title_pkey", "Relation Name": "title", "Alias": "t1", "Startup Cost": 0.0, "Total Cost": 0.31, "Plan Rows": 1, "Plan Width": 21, "Index Cond": "(id = mk.movie_id)"}]}, {"Node Type": "Index Scan", "Parent Relationship": "Inner", "Scan Direction": "Forward", "Index Name": "movie_id_movie_link", "Relation Name": "movie_link", "Alias": "ml", "Startup Cost": 0.0, "Total Cost": 0.35, "Plan Rows": 5, "Plan Width": 12, "Index Cond": "(movie_id = t1.id)"}]}, {"Node Type": "Index Scan", "Parent Relationship": "Inner", "Scan Direction": "Forward", "Index Name": "link_type_pkey", "Relation Name": "link_type", "Alias": "lt", "Startup Cost": 0.0, "Total Cost": 0.27, "Plan Rows": 1, "Plan Width": 16, "Index Cond": "(id = ml.link_type_id)"}]}, {"Node Type": "Index Scan", "Parent Relationship": "Inner", "Scan Direction": "Forward", "Index Name": "title_pkey", "Relation Name": "title", "Alias": "t2", "Startup Cost": 0.0, "Total Cost": 4.3, "Plan Rows": 1, "Plan Width": 21, "Index Cond": "(id = ml.linked_movie_id)"}]}]}, "Unique SQL Id": 524435555, "Planner Runtime": 3}, "explain_analyze_plan": {"Plan": {"Node Type": "Aggregate", "Strategy": "Plain", "Startup Cost": 4051.57, "Total Cost": 4051.58, "Plan Rows": 1, "Plan Width": 142, "Actual Startup Time": 113.661, "Actual Total Time": 113.661, "Actual Rows": 1, "Actual Loops": 1, "Plans": [{"Node Type": "Nested Loop", "Parent Relationship": "Outer", "Join Type": "Inner", "Startup Cost": 0.0, "Total Cost": 4050.42, "Plan Rows": 154, "Plan Width": 46, "Actual Startup Time": 113.657, "Actual Total Time": 113.657, "Actual Rows": 0, "Actual Loops": 1, "Inner Unique": true, "Plans": [{"Node Type": "Nested Loop", "Parent Relationship": "Outer", "Join Type": "Inner", "Startup Cost": 0.0, "Total Cost": 3386.84, "Plan Rows": 154, "Plan Width": 33, "Actual Startup Time": 113.656, "Actual Total Time": 113.656, "Actual Rows": 0, "Actual Loops": 1, "Inner Unique": true, "Plans": [{"Node Type": "Nested Loop", "Parent Relationship": "Outer", "Join Type": "Inner", "Startup Cost": 0.0, "Total Cost": 3343.66, "Plan Rows": 154, "Plan Width": 25, "Actual Startup Time": 113.654, "Actual Total Time": 113.654, "Actual Rows": 0, "Actual Loops": 1, "Inner Unique": false, "Plans": [{"Node Type": "Nested Loop", "Parent Relationship": "Outer", "Join Type": "Inner", "Startup Cost": 0.0, "Total Cost": 3330.45, "Plan Rows": 33, "Plan Width": 25, "Actual Startup Time": 111.786, "Actual Total Time": 113.649, "Actual Rows": 1, "Actual Loops": 1, "Inner Unique": true, "Plans": [{"Node Type": "Nested Loop", "Parent Relationship": "Outer", "Join Type": "Inner", "Startup Cost": 0.0, "Total Cost": 3319.92, "Plan Rows": 33, "Plan Width": 4, "Actual Startup Time": 111.771, "Actual Total Time": 113.633, "Actual Rows": 1, "Actual Loops": 1, "Inner Unique": false, "Plans": [{"Node Type": "Index Scan", "Parent Relationship": "Outer", "Scan Direction": "Forward", "Index Name": "keyword_pkey", "Relation Name": "keyword", "Alias": "k", "Startup Cost": 0.0, "Total Cost": 3182.72, "Plan Rows": 1, "Plan Width": 4, "Actual Startup Time": 111.744, "Actual Total Time": 113.604, "Actual Rows": 1, "Actual Loops": 1, "Filter": "((keyword)::text = '10,000-mile-club'::text)", "Rows Removed by Filter": 134168}, {"Node Type": "Index Scan", "Parent Relationship": "Inner", "Scan Direction": "Forward", "Index Name": "keyword_id_movie_keyword", "Relation Name": "movie_keyword", "Alias": "mk", "Startup Cost": 0.0, "Total Cost": 136.88, "Plan Rows": 33, "Plan Width": 8, "Actual Startup Time": 0.017, "Actual Total Time": 0.017, "Actual Rows": 1, "Actual Loops": 1, "Index Cond": "(keyword_id = k.id)", "Rows Removed by Index Recheck": 0}]}, {"Node Type": "Index Scan", "Parent Relationship": "Inner", "Scan Direction": "Forward", "Index Name": "title_pkey", "Relation Name": "title", "Alias": "t1", "Startup Cost": 0.0, "Total Cost": 0.31, "Plan Rows": 1, "Plan Width": 21, "Actual Startup Time": 0.012, "Actual Total Time": 0.012, "Actual Rows": 1, "Actual Loops": 1, "Index Cond": "(id = mk.movie_id)", "Rows Removed by Index Recheck": 0}]}, {"Node Type": "Index Scan", "Parent Relationship": "Inner", "Scan Direction": "Forward", "Index Name": "movie_id_movie_link", "Relation Name": "movie_link", "Alias": "ml", "Startup Cost": 0.0, "Total Cost": 0.35, "Plan Rows": 5, "Plan Width": 12, "Actual Startup Time": 0.003, "Actual Total Time": 0.003, "Actual Rows": 0, "Actual Loops": 1, "Index Cond": "(movie_id = t1.id)", "Rows Removed by Index Recheck": 0}]}, {"Node Type": "Index Scan", "Parent Relationship": "Inner", "Scan Direction": "Forward", "Index Name": "link_type_pkey", "Relation Name": "link_type", "Alias": "lt", "Startup Cost": 0.0, "Total Cost": 0.27, "Plan Rows": 1, "Plan Width": 16, "Actual Startup Time": 0.0, "Actual Total Time": 0.0, "Index Cond": "(id = ml.link_type_id)", "Rows Removed by Index Recheck": 0}]}, {"Node Type": "Index Scan", "Parent Relationship": "Inner", "Scan Direction": "Forward", "Index Name": "title_pkey", "Relation Name": "title", "Alias": "t2", "Startup Cost": 0.0, "Total Cost": 4.3, "Plan Rows": 1, "Plan Width": 21, "Actual Startup Time": 0.0, "Actual Total Time": 0.0, "Index Cond": "(id = ml.linked_movie_id)", "Rows Removed by Index Recheck": 0}]}]}, "Triggers": [], "Planner Runtime": 3, "Total Runtime": 113.879, "Unique SQL Id": 524435555}}, "(16, 58)": {"explain_plan": {"Plan": {"Node Type": "Aggregate", "Strategy": "Plain", "Startup Cost": 199572.61, "Total Cost": 199572.64, "Plan Rows": 1, "Plan Width": 142, "Plans": [{"Node Type": "Streaming(type: LOCAL GATHER dop: 1/16)", "Parent Relationship": "Outer", "Startup Cost": 199572.61, "Total Cost": 199572.64, "Plan Rows": 1, "Plan Width": 142, "Plans": [{"Node Type": "Aggregate", "Strategy": "Plain", "Parent Relationship": "Outer", "Startup Cost": 199572.61, "Total Cost": 199572.62, "Plan Rows": 1, "Plan Width": 142, "Plans": [{"Node Type": "Nested Loop", "Parent Relationship": "Outer", "Join Type": "Inner", "Startup Cost": 0.0, "Total Cost": 199571.45, "Plan Rows": 154, "Plan Width": 46, "Inner Unique": false, "Join Filter": "(ml.linked_movie_id = t2.id)", "Plans": [{"Node Type": "Streaming(type: LOCAL REDISTRIBUTE dop: 16/16)", "Parent Relationship": "Outer", "Startup Cost": 0.0, "Total Cost": 43334.25, "Plan Rows": 2528311, "Plan Width": 21, "Plans": [{"Node Type": "Seq Scan", "Parent Relationship": "Outer", "Relation Name": "title", "Alias": "t2", "Startup Cost": 0.0, "Total Cost": 18754.32, "Plan Rows": 2528311, "Plan Width": 21}]}, {"Node Type": "Materialize", "Parent Relationship": "Inner", "Startup Cost": 0.0, "Total Cost": 133423.17, "Plan Rows": 154, "Plan Width": 33, "Plans": [{"Node Type": "Streaming(type: LOCAL REDISTRIBUTE dop: 16/1)", "Parent Relationship": "Outer", "Startup Cost": 0.0, "Total Cost": 133423.12, "Plan Rows": 154, "Plan Width": 33, "Plans": [{"Node Type": "Nested Loop", "Parent Relationship": "Outer", "Join Type": "Inner", "Startup Cost": 0.0, "Total Cost": 118416.72, "Plan Rows": 154, "Plan Width": 33, "Inner Unique": true, "Join Filter": "(ml.link_type_id = lt.id)", "Plans": [{"Node Type": "Nested Loop", "Parent Relationship": "Outer", "Join Type": "Inner", "Startup Cost": 0.0, "Total Cost": 118376.24, "Plan Rows": 154, "Plan Width": 25, "Inner Unique": false, "Join Filter": "(t1.id = ml.movie_id)", "Plans": [{"Node Type": "Seq Scan", "Parent Relationship": "Outer", "Relation Name": "movie_link", "Alias": "ml", "Startup Cost": 0.0, "Total Cost": 430.96, "Plan Rows": 29996, "Plan Width": 12}, {"Node Type": "Materialize", "Parent Relationship": "Inner", "Startup Cost": 0.0, "Total Cost": 103097.34, "Plan Rows": 33, "Plan Width": 25, "Plans": [{"Node Type": "Streaming(type: LOCAL GATHER dop: 1/16)", "Parent Relationship": "Outer", "Startup Cost": 0.0, "Total Cost": 103097.17, "Plan Rows": 33, "Plan Width": 25, "Plans": [{"Node Type": "Nested Loop", "Parent Relationship": "Outer", "Join Type": "Inner", "Startup Cost": 0.0, "Total Cost": 103096.46, "Plan Rows": 33, "Plan Width": 25, "Inner Unique": false, "Join Filter": "(mk.movie_id = t1.id)", "Plans": [{"Node Type": "Streaming(type: LOCAL REDISTRIBUTE dop: 16/16)", "Parent Relationship": "Outer", "Startup Cost": 0.0, "Total Cost": 43334.25, "Plan Rows": 2528311, "Plan Width": 21, "Plans": [{"Node Type": "Seq Scan", "Parent Relationship": "Outer", "Relation Name": "title", "Alias": "t1", "Startup Cost": 0.0, "Total Cost": 18754.32, "Plan Rows": 2528311, "Plan Width": 21}]}, {"Node Type": "Materialize", "Parent Relationship": "Inner", "Startup Cost": 0.0, "Total Cost": 54873.49, "Plan Rows": 33, "Plan Width": 4, "Plans": [{"Node Type": "Streaming(type: LOCAL REDISTRIBUTE dop: 16/16)", "Parent Relationship": "Outer", "Startup Cost": 0.0, "Total Cost": 54873.48, "Plan Rows": 33, "Plan Width": 4, "Plans": [{"Node Type": "Nested Loop", "Parent Relationship": "Outer", "Join Type": "Inner", "Startup Cost": 0.0, "Total Cost": 39873.36, "Plan Rows": 33, "Plan Width": 4, "Inner Unique": false, "Join Filter": "(k.id = mk.keyword_id)", "Plans": [{"Node Type": "Streaming(type: BROADCAST dop: 16/1)", "Parent Relationship": "Outer", "Startup Cost": 0.0, "Total Cost": 17436.46, "Plan Rows": 16, "Plan Width": 4, "Plans": [{"Node Type": "Seq Scan", "Parent Relationship": "Outer", "Relation Name": "keyword", "Alias": "k", "Startup Cost": 0.0, "Total Cost": 2436.11, "Plan Rows": 1, "Plan Width": 4, "Filter": "((keyword)::text = '10,000-mile-club'::text)"}]}, {"Node Type": "Seq Scan", "Parent Relationship": "Inner", "Relation Name": "movie_keyword", "Alias": "mk", "Startup Cost": 0.0, "Total Cost": 18902.58, "Plan Rows": 4523929, "Plan Width": 8}]}]}]}]}]}]}]}, {"Node Type": "Materialize", "Parent Relationship": "Inner", "Startup Cost": 0.0, "Total Cost": 1.25, "Plan Rows": 17, "Plan Width": 16, "Plans": [{"Node Type": "Seq Scan", "Parent Relationship": "Outer", "Relation Name": "link_type", "Alias": "lt", "Startup Cost": 0.0, "Total Cost": 1.17, "Plan Rows": 17, "Plan Width": 16}]}]}]}]}]}]}]}]}, "Unique SQL Id": 524435555, "Planner Runtime": 6}, "explain_analyze_plan": null}, "(16, 59)": {"explain_plan": {"Plan": {"Node Type": "Aggregate", "Strategy": "Plain", "Startup Cost": 6000044963492.68, "Total Cost": 6000044963492.69, "Plan Rows": 1, "Plan Width": 142, "Plans": [{"Node Type": "Nested Loop", "Parent Relationship": "Outer", "Join Type": "Inner", "Startup Cost": 60000000000.0, "Total Cost": 6000044963491.52, "Plan Rows": 154, "Plan Width": 46, "Inner Unique": false, "Join Filter": "(ml.linked_movie_id = t2.id)", "Plans": [{"Node Type": "Index Scan", "Parent Relationship": "Outer", "Scan Direction": "Forward", "Index Name": "title_pkey", "Relation Name": "title", "Alias": "t2", "Startup Cost": 10000000000.0, "Total Cost": 1000011012048.91, "Plan Rows": 2528311, "Plan Width": 21}, {"Node Type": "Materialize", "Parent Relationship": "Inner", "Startup Cost": 50000000000.0, "Total Cost": 5000028111044.58, "Plan Rows": 154, "Plan Width": 33, "Plans": [{"Node Type": "Nested Loop", "Parent Relationship": "Outer", "Join Type": "Inner", "Startup Cost": 50000000000.0, "Total Cost": 5000028111043.81, "Plan Rows": 154, "Plan Width": 33, "Inner Unique": true, "Join Filter": "(ml.link_type_id = lt.id)", "Plans": [{"Node Type": "Nested Loop", "Parent Relationship": "Outer", "Join Type": "Inner", "Startup Cost": 40000000000.0, "Total Cost": 4000028109754.0, "Plan Rows": 154, "Plan Width": 25, "Inner Unique": false, "Join Filter": "(t1.id = ml.movie_id)", "Plans": [{"Node Type": "Index Scan", "Parent Relationship": "Outer", "Scan Direction": "Forward", "Index Name": "linked_movie_id_movie_link", "Relation Name": "movie_link", "Alias": "ml", "Startup Cost": 10000000000.0, "Total Cost": 1000000144578.17, "Plan Rows": 29996, "Plan Width": 12}, {"Node Type": "Materialize", "Parent Relationship": "Inner", "Startup Cost": 30000000000.0, "Total Cost": 3000027950327.9, "Plan Rows": 33, "Plan Width": 25, "Plans": [{"Node Type": "Nested Loop", "Parent Relationship": "Outer", "Join Type": "Inner", "Startup Cost": 30000000000.0, "Total Cost": 3000027950327.73, "Plan Rows": 33, "Plan Width": 25, "Inner Unique": false, "Join Filter": "(mk.movie_id = t1.id)", "Plans": [{"Node Type": "Index Scan", "Parent Relationship": "Outer", "Scan Direction": "Forward", "Index Name": "title_pkey", "Relation Name": "title", "Alias": "t1", "Startup Cost": 10000000000.0, "Total Cost": 1000011012048.91, "Plan Rows": 2528311, "Plan Width": 21}, {"Node Type": "Materialize", "Parent Relationship": "Inner", "Startup Cost": 20000000000.0, "Total Cost": 2000015686764.96, "Plan Rows": 33, "Plan Width": 4, "Plans": [{"Node Type": "Nested Loop", "Parent Relationship": "Outer", "Join Type": "Inner", "Startup Cost": 20000000000.0, "Total Cost": 2000015686764.79, "Plan Rows": 33, "Plan Width": 4, "Inner Unique": true, "Join Filter": "(k.id = mk.keyword_id)", "Plans": [{"Node Type": "Index Scan", "Parent Relationship": "Outer", "Scan Direction": "Forward", "Index Name": "movie_id_movie_keyword", "Relation Name": "movie_keyword", "Alias": "mk", "Startup Cost": 10000000000.0, "Total Cost": 1000015300634.17, "Plan Rows": 4523929, "Plan Width": 8}, {"Node Type": "Materialize", "Parent Relationship": "Inner", "Startup Cost": 10000000000.0, "Total Cost": 1000000318271.69, "Plan Rows": 1, "Plan Width": 4, "Plans": [{"Node Type": "Index Scan", "Parent Relationship": "Outer", "Scan Direction": "Forward", "Index Name": "keyword_pkey", "Relation Name": "keyword", "Alias": "k", "Startup Cost": 10000000000.0, "Total Cost": 1000000318271.68, "Plan Rows": 1, "Plan Width": 4, "Filter": "((keyword)::text = '10,000-mile-club'::text)"}]}]}]}]}]}]}, {"Node Type": "Materialize", "Parent Relationship": "Inner", "Startup Cost": 10000000000.0, "Total Cost": 1000000001250.58, "Plan Rows": 17, "Plan Width": 16, "Plans": [{"Node Type": "Index Scan", "Parent Relationship": "Outer", "Scan Direction": "Forward", "Index Name": "link_type_pkey", "Relation Name": "link_type", "Alias": "lt", "Startup Cost": 10000000000.0, "Total Cost": 1000000001250.5, "Plan Rows": 17, "Plan Width": 16}]}]}]}]}]}, "Unique SQL Id": 524435555, "Planner Runtime": 2}, "explain_analyze_plan": null}, "(16, 60)": {"explain_plan": {"Plan": {"Node Type": "Aggregate", "Strategy": "Plain", "Startup Cost": 3302.27, "Total Cost": 3302.28, "Plan Rows": 1, "Plan Width": 142, "Plans": [{"Node Type": "Nested Loop", "Parent Relationship": "Outer", "Join Type": "Inner", "Startup Cost": 0.0, "Total Cost": 3301.12, "Plan Rows": 154, "Plan Width": 46, "Inner Unique": true, "Plans": [{"Node Type": "Nested Loop", "Parent Relationship": "Outer", "Join Type": "Inner", "Startup Cost": 0.0, "Total Cost": 2637.54, "Plan Rows": 154, "Plan Width": 33, "Inner Unique": true, "Join Filter": "(ml.link_type_id = lt.id)", "Plans": [{"Node Type": "Nested Loop", "Parent Relationship": "Outer", "Join Type": "Inner", "Startup Cost": 0.0, "Total Cost": 2597.06, "Plan Rows": 154, "Plan Width": 25, "Inner Unique": false, "Plans": [{"Node Type": "Nested Loop", "Parent Relationship": "Outer", "Join Type": "Inner", "Startup Cost": 0.0, "Total Cost": 2583.84, "Plan Rows": 33, "Plan Width": 25, "Inner Unique": true, "Plans": [{"Node Type": "Nested Loop", "Parent Relationship": "Outer", "Join Type": "Inner", "Startup Cost": 0.0, "Total Cost": 2573.32, "Plan Rows": 33, "Plan Width": 4, "Inner Unique": false, "Plans": [{"Node Type": "Seq Scan", "Parent Relationship": "Outer", "Relation Name": "keyword", "Alias": "k", "Startup Cost": 0.0, "Total Cost": 2436.11, "Plan Rows": 1, "Plan Width": 4, "Filter": "((keyword)::text = '10,000-mile-club'::text)"}, {"Node Type": "Index Scan", "Parent Relationship": "Inner", "Scan Direction": "Forward", "Index Name": "keyword_id_movie_keyword", "Relation Name": "movie_keyword", "Alias": "mk", "Startup Cost": 0.0, "Total Cost": 136.88, "Plan Rows": 33, "Plan Width": 8, "Index Cond": "(keyword_id = k.id)"}]}, {"Node Type": "Index Scan", "Parent Relationship": "Inner", "Scan Direction": "Forward", "Index Name": "title_pkey", "Relation Name": "title", "Alias": "t1", "Startup Cost": 0.0, "Total Cost": 0.31, "Plan Rows": 1, "Plan Width": 21, "Index Cond": "(id = mk.movie_id)"}]}, {"Node Type": "Index Scan", "Parent Relationship": "Inner", "Scan Direction": "Forward", "Index Name": "movie_id_movie_link", "Relation Name": "movie_link", "Alias": "ml", "Startup Cost": 0.0, "Total Cost": 0.35, "Plan Rows": 5, "Plan Width": 12, "Index Cond": "(movie_id = t1.id)"}]}, {"Node Type": "Materialize", "Parent Relationship": "Inner", "Startup Cost": 0.0, "Total Cost": 1.25, "Plan Rows": 17, "Plan Width": 16, "Plans": [{"Node Type": "Seq Scan", "Parent Relationship": "Outer", "Relation Name": "link_type", "Alias": "lt", "Startup Cost": 0.0, "Total Cost": 1.17, "Plan Rows": 17, "Plan Width": 16}]}]}, {"Node Type": "Index Scan", "Parent Relationship": "Inner", "Scan Direction": "Forward", "Index Name": "title_pkey", "Relation Name": "title", "Alias": "t2", "Startup Cost": 0.0, "Total Cost": 4.3, "Plan Rows": 1, "Plan Width": 21, "Index Cond": "(id = ml.linked_movie_id)"}]}]}, "Unique SQL Id": 524435555, "Planner Runtime": 3}, "explain_analyze_plan": {"Plan": {"Node Type": "Aggregate", "Strategy": "Plain", "Startup Cost": 3302.27, "Total Cost": 3302.28, "Plan Rows": 1, "Plan Width": 142, "Actual Startup Time": 40.736, "Actual Total Time": 40.736, "Actual Rows": 1, "Actual Loops": 1, "Plans": [{"Node Type": "Nested Loop", "Parent Relationship": "Outer", "Join Type": "Inner", "Startup Cost": 0.0, "Total Cost": 3301.12, "Plan Rows": 154, "Plan Width": 46, "Actual Startup Time": 40.731, "Actual Total Time": 40.731, "Actual Rows": 0, "Actual Loops": 1, "Inner Unique": true, "Plans": [{"Node Type": "Nested Loop", "Parent Relationship": "Outer", "Join Type": "Inner", "Startup Cost": 0.0, "Total Cost": 2637.54, "Plan Rows": 154, "Plan Width": 33, "Actual Startup Time": 40.729, "Actual Total Time": 40.729, "Actual Rows": 0, "Actual Loops": 1, "Inner Unique": true, "Join Filter": "(ml.link_type_id = lt.id)", "Rows Removed by Join Filter": 0, "Plans": [{"Node Type": "Nested Loop", "Parent Relationship": "Outer", "Join Type": "Inner", "Startup Cost": 0.0, "Total Cost": 2597.06, "Plan Rows": 154, "Plan Width": 25, "Actual Startup Time": 40.728, "Actual Total Time": 40.728, "Actual Rows": 0, "Actual Loops": 1, "Inner Unique": false, "Plans": [{"Node Type": "Nested Loop", "Parent Relationship": "Outer", "Join Type": "Inner", "Startup Cost": 0.0, "Total Cost": 2583.84, "Plan Rows": 33, "Plan Width": 25, "Actual Startup Time": 39.856, "Actual Total Time": 40.723, "Actual Rows": 1, "Actual Loops": 1, "Inner Unique": true, "Plans": [{"Node Type": "Nested Loop", "Parent Relationship": "Outer", "Join Type": "Inner", "Startup Cost": 0.0, "Total Cost": 2573.32, "Plan Rows": 33, "Plan Width": 4, "Actual Startup Time": 39.843, "Actual Total Time": 40.709, "Actual Rows": 1, "Actual Loops": 1, "Inner Unique": false, "Plans": [{"Node Type": "Seq Scan", "Parent Relationship": "Outer", "Relation Name": "keyword", "Alias": "k", "Startup Cost": 0.0, "Total Cost": 2436.11, "Plan Rows": 1, "Plan Width": 4, "Actual Startup Time": 39.815, "Actual Total Time": 40.68, "Actual Rows": 1, "Actual Loops": 1, "Filter": "((keyword)::text = '10,000-mile-club'::text)", "Rows Removed by Filter": 134168}, {"Node Type": "Index Scan", "Parent Relationship": "Inner", "Scan Direction": "Forward", "Index Name": "keyword_id_movie_keyword", "Relation Name": "movie_keyword", "Alias": "mk", "Startup Cost": 0.0, "Total Cost": 136.88, "Plan Rows": 33, "Plan Width": 8, "Actual Startup Time": 0.021, "Actual Total Time": 0.022, "Actual Rows": 1, "Actual Loops": 1, "Index Cond": "(keyword_id = k.id)", "Rows Removed by Index Recheck": 0}]}, {"Node Type": "Index Scan", "Parent Relationship": "Inner", "Scan Direction": "Forward", "Index Name": "title_pkey", "Relation Name": "title", "Alias": "t1", "Startup Cost": 0.0, "Total Cost": 0.31, "Plan Rows": 1, "Plan Width": 21, "Actual Startup Time": 0.01, "Actual Total Time": 0.01, "Actual Rows": 1, "Actual Loops": 1, "Index Cond": "(id = mk.movie_id)", "Rows Removed by Index Recheck": 0}]}, {"Node Type": "Index Scan", "Parent Relationship": "Inner", "Scan Direction": "Forward", "Index Name": "movie_id_movie_link", "Relation Name": "movie_link", "Alias": "ml", "Startup Cost": 0.0, "Total Cost": 0.35, "Plan Rows": 5, "Plan Width": 12, "Actual Startup Time": 0.003, "Actual Total Time": 0.003, "Actual Rows": 0, "Actual Loops": 1, "Index Cond": "(movie_id = t1.id)", "Rows Removed by Index Recheck": 0}]}, {"Node Type": "Materialize", "Parent Relationship": "Inner", "Startup Cost": 0.0, "Total Cost": 1.25, "Plan Rows": 17, "Plan Width": 16, "Actual Startup Time": 0.0, "Actual Total Time": 0.0, "Plans": [{"Node Type": "Seq Scan", "Parent Relationship": "Outer", "Relation Name": "link_type", "Alias": "lt", "Startup Cost": 0.0, "Total Cost": 1.17, "Plan Rows": 17, "Plan Width": 16, "Actual Startup Time": 0.0, "Actual Total Time": 0.0}]}]}, {"Node Type": "Index Scan", "Parent Relationship": "Inner", "Scan Direction": "Forward", "Index Name": "title_pkey", "Relation Name": "title", "Alias": "t2", "Startup Cost": 0.0, "Total Cost": 4.3, "Plan Rows": 1, "Plan Width": 21, "Actual Startup Time": 0.0, "Actual Total Time": 0.0, "Index Cond": "(id = ml.linked_movie_id)", "Rows Removed by Index Recheck": 0}]}]}, "Triggers": [], "Planner Runtime": 3, "Total Runtime": 40.95, "Unique SQL Id": 524435555}}, "(16, 61)": {"explain_plan": {"Plan": {"Node Type": "Aggregate", "Strategy": "Plain", "Startup Cost": 4051.57, "Total Cost": 4051.58, "Plan Rows": 1, "Plan Width": 142, "Plans": [{"Node Type": "Nested Loop", "Parent Relationship": "Outer", "Join Type": "Inner", "Startup Cost": 0.0, "Total Cost": 4050.42, "Plan Rows": 154, "Plan Width": 46, "Inner Unique": true, "Plans": [{"Node Type": "Nested Loop", "Parent Relationship": "Outer", "Join Type": "Inner", "Startup Cost": 0.0, "Total Cost": 3386.84, "Plan Rows": 154, "Plan Width": 33, "Inner Unique": true, "Plans": [{"Node Type": "Nested Loop", "Parent Relationship": "Outer", "Join Type": "Inner", "Startup Cost": 0.0, "Total Cost": 3343.66, "Plan Rows": 154, "Plan Width": 25, "Inner Unique": false, "Plans": [{"Node Type": "Nested Loop", "Parent Relationship": "Outer", "Join Type": "Inner", "Startup Cost": 0.0, "Total Cost": 3330.45, "Plan Rows": 33, "Plan Width": 25, "Inner Unique": true, "Plans": [{"Node Type": "Nested Loop", "Parent Relationship": "Outer", "Join Type": "Inner", "Startup Cost": 0.0, "Total Cost": 3319.92, "Plan Rows": 33, "Plan Width": 4, "Inner Unique": false, "Plans": [{"Node Type": "Index Scan", "Parent Relationship": "Outer", "Scan Direction": "Forward", "Index Name": "keyword_pkey", "Relation Name": "keyword", "Alias": "k", "Startup Cost": 0.0, "Total Cost": 3182.72, "Plan Rows": 1, "Plan Width": 4, "Filter": "((keyword)::text = '10,000-mile-club'::text)"}, {"Node Type": "Index Scan", "Parent Relationship": "Inner", "Scan Direction": "Forward", "Index Name": "keyword_id_movie_keyword", "Relation Name": "movie_keyword", "Alias": "mk", "Startup Cost": 0.0, "Total Cost": 136.88, "Plan Rows": 33, "Plan Width": 8, "Index Cond": "(keyword_id = k.id)"}]}, {"Node Type": "Index Scan", "Parent Relationship": "Inner", "Scan Direction": "Forward", "Index Name": "title_pkey", "Relation Name": "title", "Alias": "t1", "Startup Cost": 0.0, "Total Cost": 0.31, "Plan Rows": 1, "Plan Width": 21, "Index Cond": "(id = mk.movie_id)"}]}, {"Node Type": "Index Scan", "Parent Relationship": "Inner", "Scan Direction": "Forward", "Index Name": "movie_id_movie_link", "Relation Name": "movie_link", "Alias": "ml", "Startup Cost": 0.0, "Total Cost": 0.35, "Plan Rows": 5, "Plan Width": 12, "Index Cond": "(movie_id = t1.id)"}]}, {"Node Type": "Index Scan", "Parent Relationship": "Inner", "Scan Direction": "Forward", "Index Name": "link_type_pkey", "Relation Name": "link_type", "Alias": "lt", "Startup Cost": 0.0, "Total Cost": 0.27, "Plan Rows": 1, "Plan Width": 16, "Index Cond": "(id = ml.link_type_id)"}]}, {"Node Type": "Index Scan", "Parent Relationship": "Inner", "Scan Direction": "Forward", "Index Name": "title_pkey", "Relation Name": "title", "Alias": "t2", "Startup Cost": 0.0, "Total Cost": 4.3, "Plan Rows": 1, "Plan Width": 21, "Index Cond": "(id = ml.linked_movie_id)"}]}]}, "Unique SQL Id": 524435555, "Planner Runtime": 3}, "explain_analyze_plan": {"Plan": {"Node Type": "Aggregate", "Strategy": "Plain", "Startup Cost": 4051.57, "Total Cost": 4051.58, "Plan Rows": 1, "Plan Width": 142, "Actual Startup Time": 113.661, "Actual Total Time": 113.661, "Actual Rows": 1, "Actual Loops": 1, "Plans": [{"Node Type": "Nested Loop", "Parent Relationship": "Outer", "Join Type": "Inner", "Startup Cost": 0.0, "Total Cost": 4050.42, "Plan Rows": 154, "Plan Width": 46, "Actual Startup Time": 113.657, "Actual Total Time": 113.657, "Actual Rows": 0, "Actual Loops": 1, "Inner Unique": true, "Plans": [{"Node Type": "Nested Loop", "Parent Relationship": "Outer", "Join Type": "Inner", "Startup Cost": 0.0, "Total Cost": 3386.84, "Plan Rows": 154, "Plan Width": 33, "Actual Startup Time": 113.656, "Actual Total Time": 113.656, "Actual Rows": 0, "Actual Loops": 1, "Inner Unique": true, "Plans": [{"Node Type": "Nested Loop", "Parent Relationship": "Outer", "Join Type": "Inner", "Startup Cost": 0.0, "Total Cost": 3343.66, "Plan Rows": 154, "Plan Width": 25, "Actual Startup Time": 113.654, "Actual Total Time": 113.654, "Actual Rows": 0, "Actual Loops": 1, "Inner Unique": false, "Plans": [{"Node Type": "Nested Loop", "Parent Relationship": "Outer", "Join Type": "Inner", "Startup Cost": 0.0, "Total Cost": 3330.45, "Plan Rows": 33, "Plan Width": 25, "Actual Startup Time": 111.786, "Actual Total Time": 113.649, "Actual Rows": 1, "Actual Loops": 1, "Inner Unique": true, "Plans": [{"Node Type": "Nested Loop", "Parent Relationship": "Outer", "Join Type": "Inner", "Startup Cost": 0.0, "Total Cost": 3319.92, "Plan Rows": 33, "Plan Width": 4, "Actual Startup Time": 111.771, "Actual Total Time": 113.633, "Actual Rows": 1, "Actual Loops": 1, "Inner Unique": false, "Plans": [{"Node Type": "Index Scan", "Parent Relationship": "Outer", "Scan Direction": "Forward", "Index Name": "keyword_pkey", "Relation Name": "keyword", "Alias": "k", "Startup Cost": 0.0, "Total Cost": 3182.72, "Plan Rows": 1, "Plan Width": 4, "Actual Startup Time": 111.744, "Actual Total Time": 113.604, "Actual Rows": 1, "Actual Loops": 1, "Filter": "((keyword)::text = '10,000-mile-club'::text)", "Rows Removed by Filter": 134168}, {"Node Type": "Index Scan", "Parent Relationship": "Inner", "Scan Direction": "Forward", "Index Name": "keyword_id_movie_keyword", "Relation Name": "movie_keyword", "Alias": "mk", "Startup Cost": 0.0, "Total Cost": 136.88, "Plan Rows": 33, "Plan Width": 8, "Actual Startup Time": 0.017, "Actual Total Time": 0.017, "Actual Rows": 1, "Actual Loops": 1, "Index Cond": "(keyword_id = k.id)", "Rows Removed by Index Recheck": 0}]}, {"Node Type": "Index Scan", "Parent Relationship": "Inner", "Scan Direction": "Forward", "Index Name": "title_pkey", "Relation Name": "title", "Alias": "t1", "Startup Cost": 0.0, "Total Cost": 0.31, "Plan Rows": 1, "Plan Width": 21, "Actual Startup Time": 0.012, "Actual Total Time": 0.012, "Actual Rows": 1, "Actual Loops": 1, "Index Cond": "(id = mk.movie_id)", "Rows Removed by Index Recheck": 0}]}, {"Node Type": "Index Scan", "Parent Relationship": "Inner", "Scan Direction": "Forward", "Index Name": "movie_id_movie_link", "Relation Name": "movie_link", "Alias": "ml", "Startup Cost": 0.0, "Total Cost": 0.35, "Plan Rows": 5, "Plan Width": 12, "Actual Startup Time": 0.003, "Actual Total Time": 0.003, "Actual Rows": 0, "Actual Loops": 1, "Index Cond": "(movie_id = t1.id)", "Rows Removed by Index Recheck": 0}]}, {"Node Type": "Index Scan", "Parent Relationship": "Inner", "Scan Direction": "Forward", "Index Name": "link_type_pkey", "Relation Name": "link_type", "Alias": "lt", "Startup Cost": 0.0, "Total Cost": 0.27, "Plan Rows": 1, "Plan Width": 16, "Actual Startup Time": 0.0, "Actual Total Time": 0.0, "Index Cond": "(id = ml.link_type_id)", "Rows Removed by Index Recheck": 0}]}, {"Node Type": "Index Scan", "Parent Relationship": "Inner", "Scan Direction": "Forward", "Index Name": "title_pkey", "Relation Name": "title", "Alias": "t2", "Startup Cost": 0.0, "Total Cost": 4.3, "Plan Rows": 1, "Plan Width": 21, "Actual Startup Time": 0.0, "Actual Total Time": 0.0, "Index Cond": "(id = ml.linked_movie_id)", "Rows Removed by Index Recheck": 0}]}]}, "Triggers": [], "Planner Runtime": 3, "Total Runtime": 113.879, "Unique SQL Id": 524435555}}, "(16, 62)": {"explain_plan": {"Plan": {"Node Type": "Aggregate", "Strategy": "Plain", "Startup Cost": 199572.61, "Total Cost": 199572.64, "Plan Rows": 1, "Plan Width": 142, "Plans": [{"Node Type": "Streaming(type: LOCAL GATHER dop: 1/16)", "Parent Relationship": "Outer", "Startup Cost": 199572.61, "Total Cost": 199572.64, "Plan Rows": 1, "Plan Width": 142, "Plans": [{"Node Type": "Aggregate", "Strategy": "Plain", "Parent Relationship": "Outer", "Startup Cost": 199572.61, "Total Cost": 199572.62, "Plan Rows": 1, "Plan Width": 142, "Plans": [{"Node Type": "Nested Loop", "Parent Relationship": "Outer", "Join Type": "Inner", "Startup Cost": 0.0, "Total Cost": 199571.45, "Plan Rows": 154, "Plan Width": 46, "Inner Unique": false, "Join Filter": "(ml.linked_movie_id = t2.id)", "Plans": [{"Node Type": "Streaming(type: LOCAL REDISTRIBUTE dop: 16/16)", "Parent Relationship": "Outer", "Startup Cost": 0.0, "Total Cost": 43334.25, "Plan Rows": 2528311, "Plan Width": 21, "Plans": [{"Node Type": "Seq Scan", "Parent Relationship": "Outer", "Relation Name": "title", "Alias": "t2", "Startup Cost": 0.0, "Total Cost": 18754.32, "Plan Rows": 2528311, "Plan Width": 21}]}, {"Node Type": "Materialize", "Parent Relationship": "Inner", "Startup Cost": 0.0, "Total Cost": 133423.17, "Plan Rows": 154, "Plan Width": 33, "Plans": [{"Node Type": "Streaming(type: LOCAL REDISTRIBUTE dop: 16/1)", "Parent Relationship": "Outer", "Startup Cost": 0.0, "Total Cost": 133423.12, "Plan Rows": 154, "Plan Width": 33, "Plans": [{"Node Type": "Nested Loop", "Parent Relationship": "Outer", "Join Type": "Inner", "Startup Cost": 0.0, "Total Cost": 118416.72, "Plan Rows": 154, "Plan Width": 33, "Inner Unique": true, "Join Filter": "(ml.link_type_id = lt.id)", "Plans": [{"Node Type": "Nested Loop", "Parent Relationship": "Outer", "Join Type": "Inner", "Startup Cost": 0.0, "Total Cost": 118376.24, "Plan Rows": 154, "Plan Width": 25, "Inner Unique": false, "Join Filter": "(t1.id = ml.movie_id)", "Plans": [{"Node Type": "Seq Scan", "Parent Relationship": "Outer", "Relation Name": "movie_link", "Alias": "ml", "Startup Cost": 0.0, "Total Cost": 430.96, "Plan Rows": 29996, "Plan Width": 12}, {"Node Type": "Materialize", "Parent Relationship": "Inner", "Startup Cost": 0.0, "Total Cost": 103097.34, "Plan Rows": 33, "Plan Width": 25, "Plans": [{"Node Type": "Streaming(type: LOCAL GATHER dop: 1/16)", "Parent Relationship": "Outer", "Startup Cost": 0.0, "Total Cost": 103097.17, "Plan Rows": 33, "Plan Width": 25, "Plans": [{"Node Type": "Nested Loop", "Parent Relationship": "Outer", "Join Type": "Inner", "Startup Cost": 0.0, "Total Cost": 103096.46, "Plan Rows": 33, "Plan Width": 25, "Inner Unique": false, "Join Filter": "(mk.movie_id = t1.id)", "Plans": [{"Node Type": "Streaming(type: LOCAL REDISTRIBUTE dop: 16/16)", "Parent Relationship": "Outer", "Startup Cost": 0.0, "Total Cost": 43334.25, "Plan Rows": 2528311, "Plan Width": 21, "Plans": [{"Node Type": "Seq Scan", "Parent Relationship": "Outer", "Relation Name": "title", "Alias": "t1", "Startup Cost": 0.0, "Total Cost": 18754.32, "Plan Rows": 2528311, "Plan Width": 21}]}, {"Node Type": "Materialize", "Parent Relationship": "Inner", "Startup Cost": 0.0, "Total Cost": 54873.49, "Plan Rows": 33, "Plan Width": 4, "Plans": [{"Node Type": "Streaming(type: LOCAL REDISTRIBUTE dop: 16/16)", "Parent Relationship": "Outer", "Startup Cost": 0.0, "Total Cost": 54873.48, "Plan Rows": 33, "Plan Width": 4, "Plans": [{"Node Type": "Nested Loop", "Parent Relationship": "Outer", "Join Type": "Inner", "Startup Cost": 0.0, "Total Cost": 39873.36, "Plan Rows": 33, "Plan Width": 4, "Inner Unique": false, "Join Filter": "(k.id = mk.keyword_id)", "Plans": [{"Node Type": "Streaming(type: BROADCAST dop: 16/1)", "Parent Relationship": "Outer", "Startup Cost": 0.0, "Total Cost": 17436.46, "Plan Rows": 16, "Plan Width": 4, "Plans": [{"Node Type": "Seq Scan", "Parent Relationship": "Outer", "Relation Name": "keyword", "Alias": "k", "Startup Cost": 0.0, "Total Cost": 2436.11, "Plan Rows": 1, "Plan Width": 4, "Filter": "((keyword)::text = '10,000-mile-club'::text)"}]}, {"Node Type": "Seq Scan", "Parent Relationship": "Inner", "Relation Name": "movie_keyword", "Alias": "mk", "Startup Cost": 0.0, "Total Cost": 18902.58, "Plan Rows": 4523929, "Plan Width": 8}]}]}]}]}]}]}]}, {"Node Type": "Materialize", "Parent Relationship": "Inner", "Startup Cost": 0.0, "Total Cost": 1.25, "Plan Rows": 17, "Plan Width": 16, "Plans": [{"Node Type": "Seq Scan", "Parent Relationship": "Outer", "Relation Name": "link_type", "Alias": "lt", "Startup Cost": 0.0, "Total Cost": 1.17, "Plan Rows": 17, "Plan Width": 16}]}]}]}]}]}]}]}]}, "Unique SQL Id": 524435555, "Planner Runtime": 6}, "explain_analyze_plan": null}, "(16, 63)": {"explain_plan": {"Plan": {"Node Type": "Aggregate", "Strategy": "Plain", "Startup Cost": 6000044963492.68, "Total Cost": 6000044963492.69, "Plan Rows": 1, "Plan Width": 142, "Plans": [{"Node Type": "Nested Loop", "Parent Relationship": "Outer", "Join Type": "Inner", "Startup Cost": 60000000000.0, "Total Cost": 6000044963491.52, "Plan Rows": 154, "Plan Width": 46, "Inner Unique": false, "Join Filter": "(ml.linked_movie_id = t2.id)", "Plans": [{"Node Type": "Index Scan", "Parent Relationship": "Outer", "Scan Direction": "Forward", "Index Name": "title_pkey", "Relation Name": "title", "Alias": "t2", "Startup Cost": 10000000000.0, "Total Cost": 1000011012048.91, "Plan Rows": 2528311, "Plan Width": 21}, {"Node Type": "Materialize", "Parent Relationship": "Inner", "Startup Cost": 50000000000.0, "Total Cost": 5000028111044.58, "Plan Rows": 154, "Plan Width": 33, "Plans": [{"Node Type": "Nested Loop", "Parent Relationship": "Outer", "Join Type": "Inner", "Startup Cost": 50000000000.0, "Total Cost": 5000028111043.81, "Plan Rows": 154, "Plan Width": 33, "Inner Unique": true, "Join Filter": "(ml.link_type_id = lt.id)", "Plans": [{"Node Type": "Nested Loop", "Parent Relationship": "Outer", "Join Type": "Inner", "Startup Cost": 40000000000.0, "Total Cost": 4000028109754.0, "Plan Rows": 154, "Plan Width": 25, "Inner Unique": false, "Join Filter": "(t1.id = ml.movie_id)", "Plans": [{"Node Type": "Index Scan", "Parent Relationship": "Outer", "Scan Direction": "Forward", "Index Name": "linked_movie_id_movie_link", "Relation Name": "movie_link", "Alias": "ml", "Startup Cost": 10000000000.0, "Total Cost": 1000000144578.17, "Plan Rows": 29996, "Plan Width": 12}, {"Node Type": "Materialize", "Parent Relationship": "Inner", "Startup Cost": 30000000000.0, "Total Cost": 3000027950327.9, "Plan Rows": 33, "Plan Width": 25, "Plans": [{"Node Type": "Nested Loop", "Parent Relationship": "Outer", "Join Type": "Inner", "Startup Cost": 30000000000.0, "Total Cost": 3000027950327.73, "Plan Rows": 33, "Plan Width": 25, "Inner Unique": false, "Join Filter": "(mk.movie_id = t1.id)", "Plans": [{"Node Type": "Index Scan", "Parent Relationship": "Outer", "Scan Direction": "Forward", "Index Name": "title_pkey", "Relation Name": "title", "Alias": "t1", "Startup Cost": 10000000000.0, "Total Cost": 1000011012048.91, "Plan Rows": 2528311, "Plan Width": 21}, {"Node Type": "Materialize", "Parent Relationship": "Inner", "Startup Cost": 20000000000.0, "Total Cost": 2000015686764.96, "Plan Rows": 33, "Plan Width": 4, "Plans": [{"Node Type": "Nested Loop", "Parent Relationship": "Outer", "Join Type": "Inner", "Startup Cost": 20000000000.0, "Total Cost": 2000015686764.79, "Plan Rows": 33, "Plan Width": 4, "Inner Unique": true, "Join Filter": "(k.id = mk.keyword_id)", "Plans": [{"Node Type": "Index Scan", "Parent Relationship": "Outer", "Scan Direction": "Forward", "Index Name": "movie_id_movie_keyword", "Relation Name": "movie_keyword", "Alias": "mk", "Startup Cost": 10000000000.0, "Total Cost": 1000015300634.17, "Plan Rows": 4523929, "Plan Width": 8}, {"Node Type": "Materialize", "Parent Relationship": "Inner", "Startup Cost": 10000000000.0, "Total Cost": 1000000318271.69, "Plan Rows": 1, "Plan Width": 4, "Plans": [{"Node Type": "Index Scan", "Parent Relationship": "Outer", "Scan Direction": "Forward", "Index Name": "keyword_pkey", "Relation Name": "keyword", "Alias": "k", "Startup Cost": 10000000000.0, "Total Cost": 1000000318271.68, "Plan Rows": 1, "Plan Width": 4, "Filter": "((keyword)::text = '10,000-mile-club'::text)"}]}]}]}]}]}]}, {"Node Type": "Materialize", "Parent Relationship": "Inner", "Startup Cost": 10000000000.0, "Total Cost": 1000000001250.58, "Plan Rows": 17, "Plan Width": 16, "Plans": [{"Node Type": "Index Scan", "Parent Relationship": "Outer", "Scan Direction": "Forward", "Index Name": "link_type_pkey", "Relation Name": "link_type", "Alias": "lt", "Startup Cost": 10000000000.0, "Total Cost": 1000000001250.5, "Plan Rows": 17, "Plan Width": 16}]}]}]}]}]}, "Unique SQL Id": 524435555, "Planner Runtime": 2}, "explain_analyze_plan": null}, "(16, 64)": {"explain_plan": {"Plan": {"Node Type": "Aggregate", "Strategy": "Plain", "Startup Cost": 3260.82, "Total Cost": 3260.83, "Plan Rows": 1, "Plan Width": 142, "Plans": [{"Node Type": "Nested Loop", "Parent Relationship": "Outer", "Join Type": "Inner", "Startup Cost": 5.89, "Total Cost": 3259.66, "Plan Rows": 154, "Plan Width": 46, "Inner Unique": true, "Plans": [{"Node Type": "Hash Join", "Parent Relationship": "Outer", "Join Type": "Inner", "Startup Cost": 5.89, "Total Cost": 2596.09, "Plan Rows": 154, "Plan Width": 33, "Inner Unique": true, "Hash Cond": "(ml.link_type_id = lt.id)", "Plans": [{"Node Type": "Nested Loop", "Parent Relationship": "Outer", "Join Type": "Inner", "Startup Cost": 4.51, "Total Cost": 2592.76, "Plan Rows": 154, "Plan Width": 25, "Inner Unique": false, "Plans": [{"Node Type": "Nested Loop", "Parent Relationship": "Outer", "Join Type": "Inner", "Startup Cost": 4.51, "Total Cost": 2579.55, "Plan Rows": 33, "Plan Width": 25, "Inner Unique": true, "Plans": [{"Node Type": "Nested Loop", "Parent Relationship": "Outer", "Join Type": "Inner", "Startup Cost": 4.51, "Total Cost": 2569.02, "Plan Rows": 33, "Plan Width": 4, "Inner Unique": false, "Plans": [{"Node Type": "Seq Scan", "Parent Relationship": "Outer", "Relation Name": "keyword", "Alias": "k", "Startup Cost": 0.0, "Total Cost": 2436.11, "Plan Rows": 1, "Plan Width": 4, "Filter": "((keyword)::text = '10,000-mile-club'::text)"}, {"Node Type": "Bitmap Heap Scan", "Parent Relationship": "Inner", "Relation Name": "movie_keyword", "Alias": "mk", "Startup Cost": 4.51, "Total Cost": 132.58, "Plan Rows": 33, "Plan Width": 8, "Recheck Cond": "(keyword_id = k.id)", "Plans": [{"Node Type": "Bitmap Index Scan", "Parent Relationship": "Outer", "Index Name": "keyword_id_movie_keyword", "Startup Cost": 0.0, "Total Cost": 4.5, "Plan Rows": 33, "Plan Width": 0, "Index Cond": "(keyword_id = k.id)"}]}]}, {"Node Type": "Index Scan", "Parent Relationship": "Inner", "Scan Direction": "Forward", "Index Name": "title_pkey", "Relation Name": "title", "Alias": "t1", "Startup Cost": 0.0, "Total Cost": 0.31, "Plan Rows": 1, "Plan Width": 21, "Index Cond": "(id = mk.movie_id)"}]}, {"Node Type": "Index Scan", "Parent Relationship": "Inner", "Scan Direction": "Forward", "Index Name": "movie_id_movie_link", "Relation Name": "movie_link", "Alias": "ml", "Startup Cost": 0.0, "Total Cost": 0.35, "Plan Rows": 5, "Plan Width": 12, "Index Cond": "(movie_id = t1.id)"}]}, {"Node Type": "Hash", "Parent Relationship": "Inner", "Startup Cost": 1.17, "Total Cost": 1.17, "Plan Rows": 17, "Plan Width": 16, "Plans": [{"Node Type": "Seq Scan", "Parent Relationship": "Outer", "Relation Name": "link_type", "Alias": "lt", "Startup Cost": 0.0, "Total Cost": 1.17, "Plan Rows": 17, "Plan Width": 16}]}]}, {"Node Type": "Index Scan", "Parent Relationship": "Inner", "Scan Direction": "Forward", "Index Name": "title_pkey", "Relation Name": "title", "Alias": "t2", "Startup Cost": 0.0, "Total Cost": 4.3, "Plan Rows": 1, "Plan Width": 21, "Index Cond": "(id = ml.linked_movie_id)"}]}]}, "Unique SQL Id": 524435555, "Planner Runtime": 20}, "explain_analyze_plan": {"Plan": {"Node Type": "Aggregate", "Strategy": "Plain", "Startup Cost": 3260.82, "Total Cost": 3260.83, "Plan Rows": 1, "Plan Width": 142, "Actual Startup Time": 41.087, "Actual Total Time": 41.088, "Actual Rows": 1, "Actual Loops": 1, "Plans": [{"Node Type": "Nested Loop", "Parent Relationship": "Outer", "Join Type": "Inner", "Startup Cost": 5.89, "Total Cost": 3259.66, "Plan Rows": 154, "Plan Width": 46, "Actual Startup Time": 41.082, "Actual Total Time": 41.082, "Actual Rows": 0, "Actual Loops": 1, "Inner Unique": true, "Plans": [{"Node Type": "Hash Join", "Parent Relationship": "Outer", "Join Type": "Inner", "Startup Cost": 5.89, "Total Cost": 2596.09, "Plan Rows": 154, "Plan Width": 33, "Actual Startup Time": 41.054, "Actual Total Time": 41.054, "Actual Rows": 0, "Actual Loops": 1, "Inner Unique": true, "Hash Cond": "(ml.link_type_id = lt.id)", "Plans": [{"Node Type": "Nested Loop", "Parent Relationship": "Outer", "Join Type": "Inner", "Startup Cost": 4.51, "Total Cost": 2592.76, "Plan Rows": 154, "Plan Width": 25, "Actual Startup Time": 40.986, "Actual Total Time": 40.986, "Actual Rows": 0, "Actual Loops": 1, "Inner Unique": false, "Plans": [{"Node Type": "Nested Loop", "Parent Relationship": "Outer", "Join Type": "Inner", "Startup Cost": 4.51, "Total Cost": 2579.55, "Plan Rows": 33, "Plan Width": 25, "Actual Startup Time": 40.103, "Actual Total Time": 40.981, "Actual Rows": 1, "Actual Loops": 1, "Inner Unique": true, "Plans": [{"Node Type": "Nested Loop", "Parent Relationship": "Outer", "Join Type": "Inner", "Startup Cost": 4.51, "Total Cost": 2569.02, "Plan Rows": 33, "Plan Width": 4, "Actual Startup Time": 40.083, "Actual Total Time": 40.961, "Actual Rows": 1, "Actual Loops": 1, "Inner Unique": false, "Plans": [{"Node Type": "Seq Scan", "Parent Relationship": "Outer", "Relation Name": "keyword", "Alias": "k", "Startup Cost": 0.0, "Total Cost": 2436.11, "Plan Rows": 1, "Plan Width": 4, "Actual Startup Time": 40.037, "Actual Total Time": 40.913, "Actual Rows": 1, "Actual Loops": 1, "Filter": "((keyword)::text = '10,000-mile-club'::text)", "Rows Removed by Filter": 134168}, {"Node Type": "Bitmap Heap Scan", "Parent Relationship": "Inner", "Relation Name": "movie_keyword", "Alias": "mk", "Startup Cost": 4.51, "Total Cost": 132.58, "Plan Rows": 33, "Plan Width": 8, "Actual Startup Time": 0.035, "Actual Total Time": 0.035, "Actual Rows": 1, "Actual Loops": 1, "Recheck Cond": "(keyword_id = k.id)", "Rows Removed by Index Recheck": 0, "Exact Heap Blocks": 1, "Lossy Heap Blocks": 1, "Plans": [{"Node Type": "Bitmap Index Scan", "Parent Relationship": "Outer", "Index Name": "keyword_id_movie_keyword", "Startup Cost": 0.0, "Total Cost": 4.5, "Plan Rows": 33, "Plan Width": 0, "Actual Startup Time": 0.022, "Actual Total Time": 0.022, "Actual Rows": 1, "Actual Loops": 1, "Index Cond": "(keyword_id = k.id)"}]}]}, {"Node Type": "Index Scan", "Parent Relationship": "Inner", "Scan Direction": "Forward", "Index Name": "title_pkey", "Relation Name": "title", "Alias": "t1", "Startup Cost": 0.0, "Total Cost": 0.31, "Plan Rows": 1, "Plan Width": 21, "Actual Startup Time": 0.015, "Actual Total Time": 0.015, "Actual Rows": 1, "Actual Loops": 1, "Index Cond": "(id = mk.movie_id)", "Rows Removed by Index Recheck": 0}]}, {"Node Type": "Index Scan", "Parent Relationship": "Inner", "Scan Direction": "Forward", "Index Name": "movie_id_movie_link", "Relation Name": "movie_link", "Alias": "ml", "Startup Cost": 0.0, "Total Cost": 0.35, "Plan Rows": 5, "Plan Width": 12, "Actual Startup Time": 0.003, "Actual Total Time": 0.003, "Actual Rows": 0, "Actual Loops": 1, "Index Cond": "(movie_id = t1.id)", "Rows Removed by Index Recheck": 0}]}, {"Node Type": "Hash", "Parent Relationship": "Inner", "Startup Cost": 1.17, "Total Cost": 1.17, "Plan Rows": 17, "Plan Width": 16, "Actual Startup Time": 0.027, "Actual Total Time": 0.027, "Actual Rows": 17, "Actual Loops": 1, "Hash Buckets": 32768, "Hash Batches": 1, "Original Hash Batches": 1, "Peak Memory Usage": 1, "Plans": [{"Node Type": "Seq Scan", "Parent Relationship": "Outer", "Relation Name": "link_type", "Alias": "lt", "Startup Cost": 0.0, "Total Cost": 1.17, "Plan Rows": 17, "Plan Width": 16, "Actual Startup Time": 0.012, "Actual Total Time": 0.017, "Actual Rows": 17, "Actual Loops": 1}]}]}, {"Node Type": "Index Scan", "Parent Relationship": "Inner", "Scan Direction": "Forward", "Index Name": "title_pkey", "Relation Name": "title", "Alias": "t2", "Startup Cost": 0.0, "Total Cost": 4.3, "Plan Rows": 1, "Plan Width": 21, "Actual Startup Time": 0.0, "Actual Total Time": 0.0, "Index Cond": "(id = ml.linked_movie_id)", "Rows Removed by Index Recheck": 0}]}]}, "Triggers": [], "Planner Runtime": 19, "Total Runtime": 41.329, "Unique SQL Id": 524435555}}, "(16, 65)": {"explain_plan": {"Plan": {"Node Type": "Aggregate", "Strategy": "Plain", "Startup Cost": 4047.28, "Total Cost": 4047.29, "Plan Rows": 1, "Plan Width": 142, "Plans": [{"Node Type": "Nested Loop", "Parent Relationship": "Outer", "Join Type": "Inner", "Startup Cost": 4.51, "Total Cost": 4046.12, "Plan Rows": 154, "Plan Width": 46, "Inner Unique": true, "Plans": [{"Node Type": "Nested Loop", "Parent Relationship": "Outer", "Join Type": "Inner", "Startup Cost": 4.51, "Total Cost": 3382.55, "Plan Rows": 154, "Plan Width": 33, "Inner Unique": true, "Plans": [{"Node Type": "Nested Loop", "Parent Relationship": "Outer", "Join Type": "Inner", "Startup Cost": 4.51, "Total Cost": 3339.37, "Plan Rows": 154, "Plan Width": 25, "Inner Unique": false, "Plans": [{"Node Type": "Nested Loop", "Parent Relationship": "Outer", "Join Type": "Inner", "Startup Cost": 4.51, "Total Cost": 3326.15, "Plan Rows": 33, "Plan Width": 25, "Inner Unique": true, "Plans": [{"Node Type": "Nested Loop", "Parent Relationship": "Outer", "Join Type": "Inner", "Startup Cost": 4.51, "Total Cost": 3315.63, "Plan Rows": 33, "Plan Width": 4, "Inner Unique": false, "Plans": [{"Node Type": "Index Scan", "Parent Relationship": "Outer", "Scan Direction": "Forward", "Index Name": "keyword_pkey", "Relation Name": "keyword", "Alias": "k", "Startup Cost": 0.0, "Total Cost": 3182.72, "Plan Rows": 1, "Plan Width": 4, "Filter": "((keyword)::text = '10,000-mile-club'::text)"}, {"Node Type": "Bitmap Heap Scan", "Parent Relationship": "Inner", "Relation Name": "movie_keyword", "Alias": "mk", "Startup Cost": 4.51, "Total Cost": 132.58, "Plan Rows": 33, "Plan Width": 8, "Recheck Cond": "(keyword_id = k.id)", "Plans": [{"Node Type": "Bitmap Index Scan", "Parent Relationship": "Outer", "Index Name": "keyword_id_movie_keyword", "Startup Cost": 0.0, "Total Cost": 4.5, "Plan Rows": 33, "Plan Width": 0, "Index Cond": "(keyword_id = k.id)"}]}]}, {"Node Type": "Index Scan", "Parent Relationship": "Inner", "Scan Direction": "Forward", "Index Name": "title_pkey", "Relation Name": "title", "Alias": "t1", "Startup Cost": 0.0, "Total Cost": 0.31, "Plan Rows": 1, "Plan Width": 21, "Index Cond": "(id = mk.movie_id)"}]}, {"Node Type": "Index Scan", "Parent Relationship": "Inner", "Scan Direction": "Forward", "Index Name": "movie_id_movie_link", "Relation Name": "movie_link", "Alias": "ml", "Startup Cost": 0.0, "Total Cost": 0.35, "Plan Rows": 5, "Plan Width": 12, "Index Cond": "(movie_id = t1.id)"}]}, {"Node Type": "Index Scan", "Parent Relationship": "Inner", "Scan Direction": "Forward", "Index Name": "link_type_pkey", "Relation Name": "link_type", "Alias": "lt", "Startup Cost": 0.0, "Total Cost": 0.27, "Plan Rows": 1, "Plan Width": 16, "Index Cond": "(id = ml.link_type_id)"}]}, {"Node Type": "Index Scan", "Parent Relationship": "Inner", "Scan Direction": "Forward", "Index Name": "title_pkey", "Relation Name": "title", "Alias": "t2", "Startup Cost": 0.0, "Total Cost": 4.3, "Plan Rows": 1, "Plan Width": 21, "Index Cond": "(id = ml.linked_movie_id)"}]}]}, "Unique SQL Id": 524435555, "Planner Runtime": 14}, "explain_analyze_plan": {"Plan": {"Node Type": "Aggregate", "Strategy": "Plain", "Startup Cost": 4047.28, "Total Cost": 4047.29, "Plan Rows": 1, "Plan Width": 142, "Actual Startup Time": 114.966, "Actual Total Time": 114.966, "Actual Rows": 1, "Actual Loops": 1, "Plans": [{"Node Type": "Nested Loop", "Parent Relationship": "Outer", "Join Type": "Inner", "Startup Cost": 4.51, "Total Cost": 4046.12, "Plan Rows": 154, "Plan Width": 46, "Actual Startup Time": 114.961, "Actual Total Time": 114.961, "Actual Rows": 0, "Actual Loops": 1, "Inner Unique": true, "Plans": [{"Node Type": "Nested Loop", "Parent Relationship": "Outer", "Join Type": "Inner", "Startup Cost": 4.51, "Total Cost": 3382.55, "Plan Rows": 154, "Plan Width": 33, "Actual Startup Time": 114.959, "Actual Total Time": 114.959, "Actual Rows": 0, "Actual Loops": 1, "Inner Unique": true, "Plans": [{"Node Type": "Nested Loop", "Parent Relationship": "Outer", "Join Type": "Inner", "Startup Cost": 4.51, "Total Cost": 3339.37, "Plan Rows": 154, "Plan Width": 25, "Actual Startup Time": 114.959, "Actual Total Time": 114.959, "Actual Rows": 0, "Actual Loops": 1, "Inner Unique": false, "Plans": [{"Node Type": "Nested Loop", "Parent Relationship": "Outer", "Join Type": "Inner", "Startup Cost": 4.51, "Total Cost": 3326.15, "Plan Rows": 33, "Plan Width": 25, "Actual Startup Time": 113.082, "Actual Total Time": 114.952, "Actual Rows": 1, "Actual Loops": 1, "Inner Unique": true, "Plans": [{"Node Type": "Nested Loop", "Parent Relationship": "Outer", "Join Type": "Inner", "Startup Cost": 4.51, "Total Cost": 3315.63, "Plan Rows": 33, "Plan Width": 4, "Actual Startup Time": 113.064, "Actual Total Time": 114.934, "Actual Rows": 1, "Actual Loops": 1, "Inner Unique": false, "Plans": [{"Node Type": "Index Scan", "Parent Relationship": "Outer", "Scan Direction": "Forward", "Index Name": "keyword_pkey", "Relation Name": "keyword", "Alias": "k", "Startup Cost": 0.0, "Total Cost": 3182.72, "Plan Rows": 1, "Plan Width": 4, "Actual Startup Time": 113.017, "Actual Total Time": 114.885, "Actual Rows": 1, "Actual Loops": 1, "Filter": "((keyword)::text = '10,000-mile-club'::text)", "Rows Removed by Filter": 134168}, {"Node Type": "Bitmap Heap Scan", "Parent Relationship": "Inner", "Relation Name": "movie_keyword", "Alias": "mk", "Startup Cost": 4.51, "Total Cost": 132.58, "Plan Rows": 33, "Plan Width": 8, "Actual Startup Time": 0.031, "Actual Total Time": 0.031, "Actual Rows": 1, "Actual Loops": 1, "Recheck Cond": "(keyword_id = k.id)", "Rows Removed by Index Recheck": 0, "Exact Heap Blocks": 1, "Lossy Heap Blocks": 1, "Plans": [{"Node Type": "Bitmap Index Scan", "Parent Relationship": "Outer", "Index Name": "keyword_id_movie_keyword", "Startup Cost": 0.0, "Total Cost": 4.5, "Plan Rows": 33, "Plan Width": 0, "Actual Startup Time": 0.02, "Actual Total Time": 0.02, "Actual Rows": 1, "Actual Loops": 1, "Index Cond": "(keyword_id = k.id)"}]}]}, {"Node Type": "Index Scan", "Parent Relationship": "Inner", "Scan Direction": "Forward", "Index Name": "title_pkey", "Relation Name": "title", "Alias": "t1", "Startup Cost": 0.0, "Total Cost": 0.31, "Plan Rows": 1, "Plan Width": 21, "Actual Startup Time": 0.014, "Actual Total Time": 0.014, "Actual Rows": 1, "Actual Loops": 1, "Index Cond": "(id = mk.movie_id)", "Rows Removed by Index Recheck": 0}]}, {"Node Type": "Index Scan", "Parent Relationship": "Inner", "Scan Direction": "Forward", "Index Name": "movie_id_movie_link", "Relation Name": "movie_link", "Alias": "ml", "Startup Cost": 0.0, "Total Cost": 0.35, "Plan Rows": 5, "Plan Width": 12, "Actual Startup Time": 0.004, "Actual Total Time": 0.004, "Actual Rows": 0, "Actual Loops": 1, "Index Cond": "(movie_id = t1.id)", "Rows Removed by Index Recheck": 0}]}, {"Node Type": "Index Scan", "Parent Relationship": "Inner", "Scan Direction": "Forward", "Index Name": "link_type_pkey", "Relation Name": "link_type", "Alias": "lt", "Startup Cost": 0.0, "Total Cost": 0.27, "Plan Rows": 1, "Plan Width": 16, "Actual Startup Time": 0.0, "Actual Total Time": 0.0, "Index Cond": "(id = ml.link_type_id)", "Rows Removed by Index Recheck": 0}]}, {"Node Type": "Index Scan", "Parent Relationship": "Inner", "Scan Direction": "Forward", "Index Name": "title_pkey", "Relation Name": "title", "Alias": "t2", "Startup Cost": 0.0, "Total Cost": 4.3, "Plan Rows": 1, "Plan Width": 21, "Actual Startup Time": 0.0, "Actual Total Time": 0.0, "Index Cond": "(id = ml.linked_movie_id)", "Rows Removed by Index Recheck": 0}]}]}, "Triggers": [], "Planner Runtime": 3, "Total Runtime": 115.218, "Unique SQL Id": 524435555}}, "(16, 66)": {"explain_plan": {"Plan": {"Node Type": "Aggregate", "Strategy": "Plain", "Startup Cost": 3709.86, "Total Cost": 3709.87, "Plan Rows": 1, "Plan Width": 142, "Plans": [{"Node Type": "Nested Loop", "Parent Relationship": "Outer", "Join Type": "Inner", "Startup Cost": 7.93, "Total Cost": 3708.7, "Plan Rows": 154, "Plan Width": 46, "Inner Unique": true, "Plans": [{"Node Type": "Hash Join", "Parent Relationship": "Outer", "Join Type": "Inner", "Startup Cost": 6.44, "Total Cost": 2859.52, "Plan Rows": 154, "Plan Width": 33, "Inner Unique": true, "Hash Cond": "(ml.link_type_id = lt.id)", "Plans": [{"Node Type": "Nested Loop", "Parent Relationship": "Outer", "Join Type": "Inner", "Startup Cost": 5.06, "Total Cost": 2856.2, "Plan Rows": 154, "Plan Width": 25, "Inner Unique": false, "Join Filter": "(t1.id = ml.movie_id)", "Plans": [{"Node Type": "Nested Loop", "Parent Relationship": "Outer", "Join Type": "Inner", "Startup Cost": 4.77, "Total Cost": 2710.54, "Plan Rows": 33, "Plan Width": 25, "Inner Unique": true, "Plans": [{"Node Type": "Nested Loop", "Parent Relationship": "Outer", "Join Type": "Inner", "Startup Cost": 4.51, "Total Cost": 2569.02, "Plan Rows": 33, "Plan Width": 4, "Inner Unique": false, "Plans": [{"Node Type": "Seq Scan", "Parent Relationship": "Outer", "Relation Name": "keyword", "Alias": "k", "Startup Cost": 0.0, "Total Cost": 2436.11, "Plan Rows": 1, "Plan Width": 4, "Filter": "((keyword)::text = '10,000-mile-club'::text)"}, {"Node Type": "Bitmap Heap Scan", "Parent Relationship": "Inner", "Relation Name": "movie_keyword", "Alias": "mk", "Startup Cost": 4.51, "Total Cost": 132.58, "Plan Rows": 33, "Plan Width": 8, "Recheck Cond": "(keyword_id = k.id)", "Plans": [{"Node Type": "Bitmap Index Scan", "Parent Relationship": "Outer", "Index Name": "keyword_id_movie_keyword", "Startup Cost": 0.0, "Total Cost": 4.5, "Plan Rows": 33, "Plan Width": 0, "Index Cond": "(keyword_id = k.id)"}]}]}, {"Node Type": "Bitmap Heap Scan", "Parent Relationship": "Inner", "Relation Name": "title", "Alias": "t1", "Startup Cost": 0.27, "Total Cost": 4.28, "Plan Rows": 1, "Plan Width": 21, "Recheck Cond": "(id = mk.movie_id)", "Plans": [{"Node Type": "Bitmap Index Scan", "Parent Relationship": "Outer", "Index Name": "title_pkey", "Startup Cost": 0.0, "Total Cost": 0.27, "Plan Rows": 1, "Plan Width": 0, "Index Cond": "(id = mk.movie_id)"}]}]}, {"Node Type": "Bitmap Heap Scan", "Parent Relationship": "Inner", "Relation Name": "movie_link", "Alias": "ml", "Startup Cost": 0.29, "Total Cost": 4.35, "Plan Rows": 5, "Plan Width": 12, "Recheck Cond": "(movie_id = mk.movie_id)", "Plans": [{"Node Type": "Bitmap Index Scan", "Parent Relationship": "Outer", "Index Name": "movie_id_movie_link", "Startup Cost": 0.0, "Total Cost": 0.29, "Plan Rows": 5, "Plan Width": 0, "Index Cond": "(movie_id = mk.movie_id)"}]}]}, {"Node Type": "Hash", "Parent Relationship": "Inner", "Startup Cost": 1.17, "Total Cost": 1.17, "Plan Rows": 17, "Plan Width": 16, "Plans": [{"Node Type": "Seq Scan", "Parent Relationship": "Outer", "Relation Name": "link_type", "Alias": "lt", "Startup Cost": 0.0, "Total Cost": 1.17, "Plan Rows": 17, "Plan Width": 16}]}]}, {"Node Type": "Bitmap Heap Scan", "Parent Relationship": "Inner", "Relation Name": "title", "Alias": "t2", "Startup Cost": 1.49, "Total Cost": 5.5, "Plan Rows": 1, "Plan Width": 21, "Recheck Cond": "(id = ml.linked_movie_id)", "Plans": [{"Node Type": "Bitmap Index Scan", "Parent Relationship": "Outer", "Index Name": "title_pkey", "Startup Cost": 0.0, "Total Cost": 1.49, "Plan Rows": 1, "Plan Width": 0, "Index Cond": "(id = ml.linked_movie_id)"}]}]}]}, "Unique SQL Id": 524435555, "Planner Runtime": 24}, "explain_analyze_plan": {"Plan": {"Node Type": "Aggregate", "Strategy": "Plain", "Startup Cost": 3709.86, "Total Cost": 3709.87, "Plan Rows": 1, "Plan Width": 142, "Actual Startup Time": 40.855, "Actual Total Time": 40.856, "Actual Rows": 1, "Actual Loops": 1, "Plans": [{"Node Type": "Nested Loop", "Parent Relationship": "Outer", "Join Type": "Inner", "Startup Cost": 7.93, "Total Cost": 3708.7, "Plan Rows": 154, "Plan Width": 46, "Actual Startup Time": 40.849, "Actual Total Time": 40.849, "Actual Rows": 0, "Actual Loops": 1, "Inner Unique": true, "Plans": [{"Node Type": "Hash Join", "Parent Relationship": "Outer", "Join Type": "Inner", "Startup Cost": 6.44, "Total Cost": 2859.52, "Plan Rows": 154, "Plan Width": 33, "Actual Startup Time": 40.824, "Actual Total Time": 40.824, "Actual Rows": 0, "Actual Loops": 1, "Inner Unique": true, "Hash Cond": "(ml.link_type_id = lt.id)", "Plans": [{"Node Type": "Nested Loop", "Parent Relationship": "Outer", "Join Type": "Inner", "Startup Cost": 5.06, "Total Cost": 2856.2, "Plan Rows": 154, "Plan Width": 25, "Actual Startup Time": 40.752, "Actual Total Time": 40.752, "Actual Rows": 0, "Actual Loops": 1, "Inner Unique": false, "Join Filter": "(t1.id = ml.movie_id)", "Rows Removed by Join Filter": 0, "Plans": [{"Node Type": "Nested Loop", "Parent Relationship": "Outer", "Join Type": "Inner", "Startup Cost": 4.77, "Total Cost": 2710.54, "Plan Rows": 33, "Plan Width": 25, "Actual Startup Time": 39.861, "Actual Total Time": 40.74, "Actual Rows": 1, "Actual Loops": 1, "Inner Unique": true, "Plans": [{"Node Type": "Nested Loop", "Parent Relationship": "Outer", "Join Type": "Inner", "Startup Cost": 4.51, "Total Cost": 2569.02, "Plan Rows": 33, "Plan Width": 4, "Actual Startup Time": 39.842, "Actual Total Time": 40.72, "Actual Rows": 1, "Actual Loops": 1, "Inner Unique": false, "Plans": [{"Node Type": "Seq Scan", "Parent Relationship": "Outer", "Relation Name": "keyword", "Alias": "k", "Startup Cost": 0.0, "Total Cost": 2436.11, "Plan Rows": 1, "Plan Width": 4, "Actual Startup Time": 39.799, "Actual Total Time": 40.676, "Actual Rows": 1, "Actual Loops": 1, "Filter": "((keyword)::text = '10,000-mile-club'::text)", "Rows Removed by Filter": 134168}, {"Node Type": "Bitmap Heap Scan", "Parent Relationship": "Inner", "Relation Name": "movie_keyword", "Alias": "mk", "Startup Cost": 4.51, "Total Cost": 132.58, "Plan Rows": 33, "Plan Width": 8, "Actual Startup Time": 0.032, "Actual Total Time": 0.032, "Actual Rows": 1, "Actual Loops": 1, "Recheck Cond": "(keyword_id = k.id)", "Rows Removed by Index Recheck": 0, "Exact Heap Blocks": 1, "Lossy Heap Blocks": 1, "Plans": [{"Node Type": "Bitmap Index Scan", "Parent Relationship": "Outer", "Index Name": "keyword_id_movie_keyword", "Startup Cost": 0.0, "Total Cost": 4.5, "Plan Rows": 33, "Plan Width": 0, "Actual Startup Time": 0.021, "Actual Total Time": 0.021, "Actual Rows": 1, "Actual Loops": 1, "Index Cond": "(keyword_id = k.id)"}]}]}, {"Node Type": "Bitmap Heap Scan", "Parent Relationship": "Inner", "Relation Name": "title", "Alias": "t1", "Startup Cost": 0.27, "Total Cost": 4.28, "Plan Rows": 1, "Plan Width": 21, "Actual Startup Time": 0.013, "Actual Total Time": 0.013, "Actual Rows": 1, "Actual Loops": 1, "Recheck Cond": "(id = mk.movie_id)", "Rows Removed by Index Recheck": 0, "Exact Heap Blocks": 1, "Lossy Heap Blocks": 1, "Plans": [{"Node Type": "Bitmap Index Scan", "Parent Relationship": "Outer", "Index Name": "title_pkey", "Startup Cost": 0.0, "Total Cost": 0.27, "Plan Rows": 1, "Plan Width": 0, "Actual Startup Time": 0.008, "Actual Total Time": 0.008, "Actual Rows": 1, "Actual Loops": 1, "Index Cond": "(id = mk.movie_id)"}]}]}, {"Node Type": "Bitmap Heap Scan", "Parent Relationship": "Inner", "Relation Name": "movie_link", "Alias": "ml", "Startup Cost": 0.29, "Total Cost": 4.35, "Plan Rows": 5, "Plan Width": 12, "Actual Startup Time": 0.009, "Actual Total Time": 0.009, "Actual Rows": 0, "Actual Loops": 1, "Recheck Cond": "(movie_id = mk.movie_id)", "Rows Removed by Index Recheck": 0, "Exact Heap Blocks": 0, "Lossy Heap Blocks": 0, "Plans": [{"Node Type": "Bitmap Index Scan", "Parent Relationship": "Outer", "Index Name": "movie_id_movie_link", "Startup Cost": 0.0, "Total Cost": 0.29, "Plan Rows": 5, "Plan Width": 0, "Actual Startup Time": 0.005, "Actual Total Time": 0.005, "Actual Rows": 0, "Actual Loops": 1, "Index Cond": "(movie_id = mk.movie_id)"}]}]}, {"Node Type": "Hash", "Parent Relationship": "Inner", "Startup Cost": 1.17, "Total Cost": 1.17, "Plan Rows": 17, "Plan Width": 16, "Actual Startup Time": 0.031, "Actual Total Time": 0.031, "Actual Rows": 17, "Actual Loops": 1, "Hash Buckets": 32768, "Hash Batches": 1, "Original Hash Batches": 1, "Peak Memory Usage": 1, "Plans": [{"Node Type": "Seq Scan", "Parent Relationship": "Outer", "Relation Name": "link_type", "Alias": "lt", "Startup Cost": 0.0, "Total Cost": 1.17, "Plan Rows": 17, "Plan Width": 16, "Actual Startup Time": 0.013, "Actual Total Time": 0.021, "Actual Rows": 17, "Actual Loops": 1}]}]}, {"Node Type": "Bitmap Heap Scan", "Parent Relationship": "Inner", "Relation Name": "title", "Alias": "t2", "Startup Cost": 1.49, "Total Cost": 5.5, "Plan Rows": 1, "Plan Width": 21, "Actual Startup Time": 0.0, "Actual Total Time": 0.0, "Recheck Cond": "(id = ml.linked_movie_id)", "Rows Removed by Index Recheck": 0, "Exact Heap Blocks": 0, "Lossy Heap Blocks": 0, "Plans": [{"Node Type": "Bitmap Index Scan", "Parent Relationship": "Outer", "Index Name": "title_pkey", "Startup Cost": 0.0, "Total Cost": 1.49, "Plan Rows": 1, "Plan Width": 0, "Actual Startup Time": 0.0, "Actual Total Time": 0.0, "Index Cond": "(id = ml.linked_movie_id)"}]}]}]}, "Triggers": [], "Planner Runtime": 20, "Total Runtime": 41.114, "Unique SQL Id": 524435555}}, "(16, 67)": {"explain_plan": {"Plan": {"Node Type": "Aggregate", "Strategy": "Plain", "Startup Cost": 4440.29, "Total Cost": 4440.3, "Plan Rows": 1, "Plan Width": 142, "Plans": [{"Node Type": "Nested Loop", "Parent Relationship": "Outer", "Join Type": "Inner", "Startup Cost": 738.37, "Total Cost": 4439.14, "Plan Rows": 154, "Plan Width": 46, "Inner Unique": true, "Plans": [{"Node Type": "Hash Join", "Parent Relationship": "Outer", "Join Type": "Inner", "Startup Cost": 736.88, "Total Cost": 3589.96, "Plan Rows": 154, "Plan Width": 33, "Inner Unique": true, "Hash Cond": "(ml.link_type_id = lt.id)", "Plans": [{"Node Type": "Nested Loop", "Parent Relationship": "Outer", "Join Type": "Inner", "Startup Cost": 724.16, "Total Cost": 3575.3, "Plan Rows": 154, "Plan Width": 25, "Inner Unique": false, "Join Filter": "(t1.id = ml.movie_id)", "Plans": [{"Node Type": "Nested Loop", "Parent Relationship": "Outer", "Join Type": "Inner", "Startup Cost": 723.87, "Total Cost": 3429.64, "Plan Rows": 33, "Plan Width": 25, "Inner Unique": true, "Plans": [{"Node Type": "Nested Loop", "Parent Relationship": "Outer", "Join Type": "Inner", "Startup Cost": 723.6, "Total Cost": 3288.12, "Plan Rows": 33, "Plan Width": 4, "Inner Unique": false, "Plans": [{"Node Type": "Bitmap Heap Scan", "Parent Relationship": "Outer", "Relation Name": "keyword", "Alias": "k", "Startup Cost": 719.1, "Total Cost": 3155.21, "Plan Rows": 1, "Plan Width": 4, "Filter": "((keyword)::text = '10,000-mile-club'::text)", "Plans": [{"Node Type": "Bitmap Index Scan", "Parent Relationship": "Outer", "Index Name": "keyword_pkey", "Startup Cost": 0.0, "Total Cost": 719.1, "Plan Rows": 134169, "Plan Width": 0}]}, {"Node Type": "Bitmap Heap Scan", "Parent Relationship": "Inner", "Relation Name": "movie_keyword", "Alias": "mk", "Startup Cost": 4.51, "Total Cost": 132.58, "Plan Rows": 33, "Plan Width": 8, "Recheck Cond": "(keyword_id = k.id)", "Plans": [{"Node Type": "Bitmap Index Scan", "Parent Relationship": "Outer", "Index Name": "keyword_id_movie_keyword", "Startup Cost": 0.0, "Total Cost": 4.5, "Plan Rows": 33, "Plan Width": 0, "Index Cond": "(keyword_id = k.id)"}]}]}, {"Node Type": "Bitmap Heap Scan", "Parent Relationship": "Inner", "Relation Name": "title", "Alias": "t1", "Startup Cost": 0.27, "Total Cost": 4.28, "Plan Rows": 1, "Plan Width": 21, "Recheck Cond": "(id = mk.movie_id)", "Plans": [{"Node Type": "Bitmap Index Scan", "Parent Relationship": "Outer", "Index Name": "title_pkey", "Startup Cost": 0.0, "Total Cost": 0.27, "Plan Rows": 1, "Plan Width": 0, "Index Cond": "(id = mk.movie_id)"}]}]}, {"Node Type": "Bitmap Heap Scan", "Parent Relationship": "Inner", "Relation Name": "movie_link", "Alias": "ml", "Startup Cost": 0.29, "Total Cost": 4.35, "Plan Rows": 5, "Plan Width": 12, "Recheck Cond": "(movie_id = mk.movie_id)", "Plans": [{"Node Type": "Bitmap Index Scan", "Parent Relationship": "Outer", "Index Name": "movie_id_movie_link", "Startup Cost": 0.0, "Total Cost": 0.29, "Plan Rows": 5, "Plan Width": 0, "Index Cond": "(movie_id = mk.movie_id)"}]}]}, {"Node Type": "Hash", "Parent Relationship": "Inner", "Startup Cost": 12.51, "Total Cost": 12.51, "Plan Rows": 17, "Plan Width": 16, "Plans": [{"Node Type": "Bitmap Heap Scan", "Parent Relationship": "Outer", "Relation Name": "link_type", "Alias": "lt", "Startup Cost": 8.34, "Total Cost": 12.51, "Plan Rows": 17, "Plan Width": 16, "Plans": [{"Node Type": "Bitmap Index Scan", "Parent Relationship": "Outer", "Index Name": "link_type_pkey", "Startup Cost": 0.0, "Total Cost": 8.34, "Plan Rows": 17, "Plan Width": 0}]}]}]}, {"Node Type": "Bitmap Heap Scan", "Parent Relationship": "Inner", "Relation Name": "title", "Alias": "t2", "Startup Cost": 1.49, "Total Cost": 5.5, "Plan Rows": 1, "Plan Width": 21, "Recheck Cond": "(id = ml.linked_movie_id)", "Plans": [{"Node Type": "Bitmap Index Scan", "Parent Relationship": "Outer", "Index Name": "title_pkey", "Startup Cost": 0.0, "Total Cost": 1.49, "Plan Rows": 1, "Plan Width": 0, "Index Cond": "(id = ml.linked_movie_id)"}]}]}]}, "Unique SQL Id": 524435555, "Planner Runtime": 12}, "explain_analyze_plan": {"Plan": {"Node Type": "Aggregate", "Strategy": "Plain", "Startup Cost": 4440.29, "Total Cost": 4440.3, "Plan Rows": 1, "Plan Width": 142, "Actual Startup Time": 61.614, "Actual Total Time": 61.615, "Actual Rows": 1, "Actual Loops": 1, "Plans": [{"Node Type": "Nested Loop", "Parent Relationship": "Outer", "Join Type": "Inner", "Startup Cost": 738.37, "Total Cost": 4439.14, "Plan Rows": 154, "Plan Width": 46, "Actual Startup Time": 61.608, "Actual Total Time": 61.608, "Actual Rows": 0, "Actual Loops": 1, "Inner Unique": true, "Plans": [{"Node Type": "Hash Join", "Parent Relationship": "Outer", "Join Type": "Inner", "Startup Cost": 736.88, "Total Cost": 3589.96, "Plan Rows": 154, "Plan Width": 33, "Actual Startup Time": 61.584, "Actual Total Time": 61.584, "Actual Rows": 0, "Actual Loops": 1, "Inner Unique": true, "Hash Cond": "(ml.link_type_id = lt.id)", "Plans": [{"Node Type": "Nested Loop", "Parent Relationship": "Outer", "Join Type": "Inner", "Startup Cost": 724.16, "Total Cost": 3575.3, "Plan Rows": 154, "Plan Width": 25, "Actual Startup Time": 61.513, "Actual Total Time": 61.513, "Actual Rows": 0, "Actual Loops": 1, "Inner Unique": false, "Join Filter": "(t1.id = ml.movie_id)", "Rows Removed by Join Filter": 0, "Plans": [{"Node Type": "Nested Loop", "Parent Relationship": "Outer", "Join Type": "Inner", "Startup Cost": 723.87, "Total Cost": 3429.64, "Plan Rows": 33, "Plan Width": 25, "Actual Startup Time": 60.452, "Actual Total Time": 61.505, "Actual Rows": 1, "Actual Loops": 1, "Inner Unique": true, "Plans": [{"Node Type": "Nested Loop", "Parent Relationship": "Outer", "Join Type": "Inner", "Startup Cost": 723.6, "Total Cost": 3288.12, "Plan Rows": 33, "Plan Width": 4, "Actual Startup Time": 60.436, "Actual Total Time": 61.489, "Actual Rows": 1, "Actual Loops": 1, "Inner Unique": false, "Plans": [{"Node Type": "Bitmap Heap Scan", "Parent Relationship": "Outer", "Relation Name": "keyword", "Alias": "k", "Startup Cost": 719.1, "Total Cost": 3155.21, "Plan Rows": 1, "Plan Width": 4, "Actual Startup Time": 60.398, "Actual Total Time": 61.449, "Actual Rows": 1, "Actual Loops": 1, "Filter": "((keyword)::text = '10,000-mile-club'::text)", "Rows Removed by Filter": 134168, "Exact Heap Blocks": 759, "Lossy Heap Blocks": 759, "Plans": [{"Node Type": "Bitmap Index Scan", "Parent Relationship": "Outer", "Index Name": "keyword_pkey", "Startup Cost": 0.0, "Total Cost": 719.1, "Plan Rows": 134169, "Plan Width": 0, "Actual Startup Time": 11.375, "Actual Total Time": 11.375, "Actual Rows": 134169, "Actual Loops": 1}]}, {"Node Type": "Bitmap Heap Scan", "Parent Relationship": "Inner", "Relation Name": "movie_keyword", "Alias": "mk", "Startup Cost": 4.51, "Total Cost": 132.58, "Plan Rows": 33, "Plan Width": 8, "Actual Startup Time": 0.025, "Actual Total Time": 0.025, "Actual Rows": 1, "Actual Loops": 1, "Recheck Cond": "(keyword_id = k.id)", "Rows Removed by Index Recheck": 0, "Exact Heap Blocks": 1, "Lossy Heap Blocks": 1, "Plans": [{"Node Type": "Bitmap Index Scan", "Parent Relationship": "Outer", "Index Name": "keyword_id_movie_keyword", "Startup Cost": 0.0, "Total Cost": 4.5, "Plan Rows": 33, "Plan Width": 0, "Actual Startup Time": 0.017, "Actual Total Time": 0.017, "Actual Rows": 1, "Actual Loops": 1, "Index Cond": "(keyword_id = k.id)"}]}]}, {"Node Type": "Bitmap Heap Scan", "Parent Relationship": "Inner", "Relation Name": "title", "Alias": "t1", "Startup Cost": 0.27, "Total Cost": 4.28, "Plan Rows": 1, "Plan Width": 21, "Actual Startup Time": 0.012, "Actual Total Time": 0.012, "Actual Rows": 1, "Actual Loops": 1, "Recheck Cond": "(id = mk.movie_id)", "Rows Removed by Index Recheck": 0, "Exact Heap Blocks": 1, "Lossy Heap Blocks": 1, "Plans": [{"Node Type": "Bitmap Index Scan", "Parent Relationship": "Outer", "Index Name": "title_pkey", "Startup Cost": 0.0, "Total Cost": 0.27, "Plan Rows": 1, "Plan Width": 0, "Actual Startup Time": 0.008, "Actual Total Time": 0.008, "Actual Rows": 1, "Actual Loops": 1, "Index Cond": "(id = mk.movie_id)"}]}]}, {"Node Type": "Bitmap Heap Scan", "Parent Relationship": "Inner", "Relation Name": "movie_link", "Alias": "ml", "Startup Cost": 0.29, "Total Cost": 4.35, "Plan Rows": 5, "Plan Width": 12, "Actual Startup Time": 0.006, "Actual Total Time": 0.006, "Actual Rows": 0, "Actual Loops": 1, "Recheck Cond": "(movie_id = mk.movie_id)", "Rows Removed by Index Recheck": 0, "Exact Heap Blocks": 0, "Lossy Heap Blocks": 0, "Plans": [{"Node Type": "Bitmap Index Scan", "Parent Relationship": "Outer", "Index Name": "movie_id_movie_link", "Startup Cost": 0.0, "Total Cost": 0.29, "Plan Rows": 5, "Plan Width": 0, "Actual Startup Time": 0.003, "Actual Total Time": 0.003, "Actual Rows": 0, "Actual Loops": 1, "Index Cond": "(movie_id = mk.movie_id)"}]}]}, {"Node Type": "Hash", "Parent Relationship": "Inner", "Startup Cost": 12.51, "Total Cost": 12.51, "Plan Rows": 17, "Plan Width": 16, "Actual Startup Time": 0.032, "Actual Total Time": 0.032, "Actual Rows": 17, "Actual Loops": 1, "Hash Buckets": 32768, "Hash Batches": 1, "Original Hash Batches": 1, "Peak Memory Usage": 1, "Plans": [{"Node Type": "Bitmap Heap Scan", "Parent Relationship": "Outer", "Relation Name": "link_type", "Alias": "lt", "Startup Cost": 8.34, "Total Cost": 12.51, "Plan Rows": 17, "Plan Width": 16, "Actual Startup Time": 0.017, "Actual Total Time": 0.022, "Actual Rows": 17, "Actual Loops": 1, "Exact Heap Blocks": 1, "Lossy Heap Blocks": 1, "Plans": [{"Node Type": "Bitmap Index Scan", "Parent Relationship": "Outer", "Index Name": "link_type_pkey", "Startup Cost": 0.0, "Total Cost": 8.34, "Plan Rows": 17, "Plan Width": 0, "Actual Startup Time": 0.007, "Actual Total Time": 0.007, "Actual Rows": 17, "Actual Loops": 1}]}]}]}, {"Node Type": "Bitmap Heap Scan", "Parent Relationship": "Inner", "Relation Name": "title", "Alias": "t2", "Startup Cost": 1.49, "Total Cost": 5.5, "Plan Rows": 1, "Plan Width": 21, "Actual Startup Time": 0.0, "Actual Total Time": 0.0, "Recheck Cond": "(id = ml.linked_movie_id)", "Rows Removed by Index Recheck": 0, "Exact Heap Blocks": 0, "Lossy Heap Blocks": 0, "Plans": [{"Node Type": "Bitmap Index Scan", "Parent Relationship": "Outer", "Index Name": "title_pkey", "Startup Cost": 0.0, "Total Cost": 1.49, "Plan Rows": 1, "Plan Width": 0, "Actual Startup Time": 0.0, "Actual Total Time": 0.0, "Index Cond": "(id = ml.linked_movie_id)"}]}]}]}, "Triggers": [], "Planner Runtime": 7, "Total Runtime": 61.87, "Unique SQL Id": 524435555}}, "(16, 68)": {"explain_plan": {"Plan": {"Node Type": "Aggregate", "Strategy": "Plain", "Startup Cost": 3260.82, "Total Cost": 3260.83, "Plan Rows": 1, "Plan Width": 142, "Plans": [{"Node Type": "Nested Loop", "Parent Relationship": "Outer", "Join Type": "Inner", "Startup Cost": 5.89, "Total Cost": 3259.66, "Plan Rows": 154, "Plan Width": 46, "Inner Unique": true, "Plans": [{"Node Type": "Hash Join", "Parent Relationship": "Outer", "Join Type": "Inner", "Startup Cost": 5.89, "Total Cost": 2596.09, "Plan Rows": 154, "Plan Width": 33, "Inner Unique": true, "Hash Cond": "(ml.link_type_id = lt.id)", "Plans": [{"Node Type": "Nested Loop", "Parent Relationship": "Outer", "Join Type": "Inner", "Startup Cost": 4.51, "Total Cost": 2592.76, "Plan Rows": 154, "Plan Width": 25, "Inner Unique": false, "Plans": [{"Node Type": "Nested Loop", "Parent Relationship": "Outer", "Join Type": "Inner", "Startup Cost": 4.51, "Total Cost": 2579.55, "Plan Rows": 33, "Plan Width": 25, "Inner Unique": true, "Plans": [{"Node Type": "Nested Loop", "Parent Relationship": "Outer", "Join Type": "Inner", "Startup Cost": 4.51, "Total Cost": 2569.02, "Plan Rows": 33, "Plan Width": 4, "Inner Unique": false, "Plans": [{"Node Type": "Seq Scan", "Parent Relationship": "Outer", "Relation Name": "keyword", "Alias": "k", "Startup Cost": 0.0, "Total Cost": 2436.11, "Plan Rows": 1, "Plan Width": 4, "Filter": "((keyword)::text = '10,000-mile-club'::text)"}, {"Node Type": "Bitmap Heap Scan", "Parent Relationship": "Inner", "Relation Name": "movie_keyword", "Alias": "mk", "Startup Cost": 4.51, "Total Cost": 132.58, "Plan Rows": 33, "Plan Width": 8, "Recheck Cond": "(keyword_id = k.id)", "Plans": [{"Node Type": "Bitmap Index Scan", "Parent Relationship": "Outer", "Index Name": "keyword_id_movie_keyword", "Startup Cost": 0.0, "Total Cost": 4.5, "Plan Rows": 33, "Plan Width": 0, "Index Cond": "(keyword_id = k.id)"}]}]}, {"Node Type": "Index Scan", "Parent Relationship": "Inner", "Scan Direction": "Forward", "Index Name": "title_pkey", "Relation Name": "title", "Alias": "t1", "Startup Cost": 0.0, "Total Cost": 0.31, "Plan Rows": 1, "Plan Width": 21, "Index Cond": "(id = mk.movie_id)"}]}, {"Node Type": "Index Scan", "Parent Relationship": "Inner", "Scan Direction": "Forward", "Index Name": "movie_id_movie_link", "Relation Name": "movie_link", "Alias": "ml", "Startup Cost": 0.0, "Total Cost": 0.35, "Plan Rows": 5, "Plan Width": 12, "Index Cond": "(movie_id = t1.id)"}]}, {"Node Type": "Hash", "Parent Relationship": "Inner", "Startup Cost": 1.17, "Total Cost": 1.17, "Plan Rows": 17, "Plan Width": 16, "Plans": [{"Node Type": "Seq Scan", "Parent Relationship": "Outer", "Relation Name": "link_type", "Alias": "lt", "Startup Cost": 0.0, "Total Cost": 1.17, "Plan Rows": 17, "Plan Width": 16}]}]}, {"Node Type": "Index Scan", "Parent Relationship": "Inner", "Scan Direction": "Forward", "Index Name": "title_pkey", "Relation Name": "title", "Alias": "t2", "Startup Cost": 0.0, "Total Cost": 4.3, "Plan Rows": 1, "Plan Width": 21, "Index Cond": "(id = ml.linked_movie_id)"}]}]}, "Unique SQL Id": 524435555, "Planner Runtime": 20}, "explain_analyze_plan": {"Plan": {"Node Type": "Aggregate", "Strategy": "Plain", "Startup Cost": 3260.82, "Total Cost": 3260.83, "Plan Rows": 1, "Plan Width": 142, "Actual Startup Time": 41.087, "Actual Total Time": 41.088, "Actual Rows": 1, "Actual Loops": 1, "Plans": [{"Node Type": "Nested Loop", "Parent Relationship": "Outer", "Join Type": "Inner", "Startup Cost": 5.89, "Total Cost": 3259.66, "Plan Rows": 154, "Plan Width": 46, "Actual Startup Time": 41.082, "Actual Total Time": 41.082, "Actual Rows": 0, "Actual Loops": 1, "Inner Unique": true, "Plans": [{"Node Type": "Hash Join", "Parent Relationship": "Outer", "Join Type": "Inner", "Startup Cost": 5.89, "Total Cost": 2596.09, "Plan Rows": 154, "Plan Width": 33, "Actual Startup Time": 41.054, "Actual Total Time": 41.054, "Actual Rows": 0, "Actual Loops": 1, "Inner Unique": true, "Hash Cond": "(ml.link_type_id = lt.id)", "Plans": [{"Node Type": "Nested Loop", "Parent Relationship": "Outer", "Join Type": "Inner", "Startup Cost": 4.51, "Total Cost": 2592.76, "Plan Rows": 154, "Plan Width": 25, "Actual Startup Time": 40.986, "Actual Total Time": 40.986, "Actual Rows": 0, "Actual Loops": 1, "Inner Unique": false, "Plans": [{"Node Type": "Nested Loop", "Parent Relationship": "Outer", "Join Type": "Inner", "Startup Cost": 4.51, "Total Cost": 2579.55, "Plan Rows": 33, "Plan Width": 25, "Actual Startup Time": 40.103, "Actual Total Time": 40.981, "Actual Rows": 1, "Actual Loops": 1, "Inner Unique": true, "Plans": [{"Node Type": "Nested Loop", "Parent Relationship": "Outer", "Join Type": "Inner", "Startup Cost": 4.51, "Total Cost": 2569.02, "Plan Rows": 33, "Plan Width": 4, "Actual Startup Time": 40.083, "Actual Total Time": 40.961, "Actual Rows": 1, "Actual Loops": 1, "Inner Unique": false, "Plans": [{"Node Type": "Seq Scan", "Parent Relationship": "Outer", "Relation Name": "keyword", "Alias": "k", "Startup Cost": 0.0, "Total Cost": 2436.11, "Plan Rows": 1, "Plan Width": 4, "Actual Startup Time": 40.037, "Actual Total Time": 40.913, "Actual Rows": 1, "Actual Loops": 1, "Filter": "((keyword)::text = '10,000-mile-club'::text)", "Rows Removed by Filter": 134168}, {"Node Type": "Bitmap Heap Scan", "Parent Relationship": "Inner", "Relation Name": "movie_keyword", "Alias": "mk", "Startup Cost": 4.51, "Total Cost": 132.58, "Plan Rows": 33, "Plan Width": 8, "Actual Startup Time": 0.035, "Actual Total Time": 0.035, "Actual Rows": 1, "Actual Loops": 1, "Recheck Cond": "(keyword_id = k.id)", "Rows Removed by Index Recheck": 0, "Exact Heap Blocks": 1, "Lossy Heap Blocks": 1, "Plans": [{"Node Type": "Bitmap Index Scan", "Parent Relationship": "Outer", "Index Name": "keyword_id_movie_keyword", "Startup Cost": 0.0, "Total Cost": 4.5, "Plan Rows": 33, "Plan Width": 0, "Actual Startup Time": 0.022, "Actual Total Time": 0.022, "Actual Rows": 1, "Actual Loops": 1, "Index Cond": "(keyword_id = k.id)"}]}]}, {"Node Type": "Index Scan", "Parent Relationship": "Inner", "Scan Direction": "Forward", "Index Name": "title_pkey", "Relation Name": "title", "Alias": "t1", "Startup Cost": 0.0, "Total Cost": 0.31, "Plan Rows": 1, "Plan Width": 21, "Actual Startup Time": 0.015, "Actual Total Time": 0.015, "Actual Rows": 1, "Actual Loops": 1, "Index Cond": "(id = mk.movie_id)", "Rows Removed by Index Recheck": 0}]}, {"Node Type": "Index Scan", "Parent Relationship": "Inner", "Scan Direction": "Forward", "Index Name": "movie_id_movie_link", "Relation Name": "movie_link", "Alias": "ml", "Startup Cost": 0.0, "Total Cost": 0.35, "Plan Rows": 5, "Plan Width": 12, "Actual Startup Time": 0.003, "Actual Total Time": 0.003, "Actual Rows": 0, "Actual Loops": 1, "Index Cond": "(movie_id = t1.id)", "Rows Removed by Index Recheck": 0}]}, {"Node Type": "Hash", "Parent Relationship": "Inner", "Startup Cost": 1.17, "Total Cost": 1.17, "Plan Rows": 17, "Plan Width": 16, "Actual Startup Time": 0.027, "Actual Total Time": 0.027, "Actual Rows": 17, "Actual Loops": 1, "Hash Buckets": 32768, "Hash Batches": 1, "Original Hash Batches": 1, "Peak Memory Usage": 1, "Plans": [{"Node Type": "Seq Scan", "Parent Relationship": "Outer", "Relation Name": "link_type", "Alias": "lt", "Startup Cost": 0.0, "Total Cost": 1.17, "Plan Rows": 17, "Plan Width": 16, "Actual Startup Time": 0.012, "Actual Total Time": 0.017, "Actual Rows": 17, "Actual Loops": 1}]}]}, {"Node Type": "Index Scan", "Parent Relationship": "Inner", "Scan Direction": "Forward", "Index Name": "title_pkey", "Relation Name": "title", "Alias": "t2", "Startup Cost": 0.0, "Total Cost": 4.3, "Plan Rows": 1, "Plan Width": 21, "Actual Startup Time": 0.0, "Actual Total Time": 0.0, "Index Cond": "(id = ml.linked_movie_id)", "Rows Removed by Index Recheck": 0}]}]}, "Triggers": [], "Planner Runtime": 19, "Total Runtime": 41.329, "Unique SQL Id": 524435555}}, "(16, 69)": {"explain_plan": {"Plan": {"Node Type": "Aggregate", "Strategy": "Plain", "Startup Cost": 4047.28, "Total Cost": 4047.29, "Plan Rows": 1, "Plan Width": 142, "Plans": [{"Node Type": "Nested Loop", "Parent Relationship": "Outer", "Join Type": "Inner", "Startup Cost": 4.51, "Total Cost": 4046.12, "Plan Rows": 154, "Plan Width": 46, "Inner Unique": true, "Plans": [{"Node Type": "Nested Loop", "Parent Relationship": "Outer", "Join Type": "Inner", "Startup Cost": 4.51, "Total Cost": 3382.55, "Plan Rows": 154, "Plan Width": 33, "Inner Unique": true, "Plans": [{"Node Type": "Nested Loop", "Parent Relationship": "Outer", "Join Type": "Inner", "Startup Cost": 4.51, "Total Cost": 3339.37, "Plan Rows": 154, "Plan Width": 25, "Inner Unique": false, "Plans": [{"Node Type": "Nested Loop", "Parent Relationship": "Outer", "Join Type": "Inner", "Startup Cost": 4.51, "Total Cost": 3326.15, "Plan Rows": 33, "Plan Width": 25, "Inner Unique": true, "Plans": [{"Node Type": "Nested Loop", "Parent Relationship": "Outer", "Join Type": "Inner", "Startup Cost": 4.51, "Total Cost": 3315.63, "Plan Rows": 33, "Plan Width": 4, "Inner Unique": false, "Plans": [{"Node Type": "Index Scan", "Parent Relationship": "Outer", "Scan Direction": "Forward", "Index Name": "keyword_pkey", "Relation Name": "keyword", "Alias": "k", "Startup Cost": 0.0, "Total Cost": 3182.72, "Plan Rows": 1, "Plan Width": 4, "Filter": "((keyword)::text = '10,000-mile-club'::text)"}, {"Node Type": "Bitmap Heap Scan", "Parent Relationship": "Inner", "Relation Name": "movie_keyword", "Alias": "mk", "Startup Cost": 4.51, "Total Cost": 132.58, "Plan Rows": 33, "Plan Width": 8, "Recheck Cond": "(keyword_id = k.id)", "Plans": [{"Node Type": "Bitmap Index Scan", "Parent Relationship": "Outer", "Index Name": "keyword_id_movie_keyword", "Startup Cost": 0.0, "Total Cost": 4.5, "Plan Rows": 33, "Plan Width": 0, "Index Cond": "(keyword_id = k.id)"}]}]}, {"Node Type": "Index Scan", "Parent Relationship": "Inner", "Scan Direction": "Forward", "Index Name": "title_pkey", "Relation Name": "title", "Alias": "t1", "Startup Cost": 0.0, "Total Cost": 0.31, "Plan Rows": 1, "Plan Width": 21, "Index Cond": "(id = mk.movie_id)"}]}, {"Node Type": "Index Scan", "Parent Relationship": "Inner", "Scan Direction": "Forward", "Index Name": "movie_id_movie_link", "Relation Name": "movie_link", "Alias": "ml", "Startup Cost": 0.0, "Total Cost": 0.35, "Plan Rows": 5, "Plan Width": 12, "Index Cond": "(movie_id = t1.id)"}]}, {"Node Type": "Index Scan", "Parent Relationship": "Inner", "Scan Direction": "Forward", "Index Name": "link_type_pkey", "Relation Name": "link_type", "Alias": "lt", "Startup Cost": 0.0, "Total Cost": 0.27, "Plan Rows": 1, "Plan Width": 16, "Index Cond": "(id = ml.link_type_id)"}]}, {"Node Type": "Index Scan", "Parent Relationship": "Inner", "Scan Direction": "Forward", "Index Name": "title_pkey", "Relation Name": "title", "Alias": "t2", "Startup Cost": 0.0, "Total Cost": 4.3, "Plan Rows": 1, "Plan Width": 21, "Index Cond": "(id = ml.linked_movie_id)"}]}]}, "Unique SQL Id": 524435555, "Planner Runtime": 14}, "explain_analyze_plan": {"Plan": {"Node Type": "Aggregate", "Strategy": "Plain", "Startup Cost": 4047.28, "Total Cost": 4047.29, "Plan Rows": 1, "Plan Width": 142, "Actual Startup Time": 114.966, "Actual Total Time": 114.966, "Actual Rows": 1, "Actual Loops": 1, "Plans": [{"Node Type": "Nested Loop", "Parent Relationship": "Outer", "Join Type": "Inner", "Startup Cost": 4.51, "Total Cost": 4046.12, "Plan Rows": 154, "Plan Width": 46, "Actual Startup Time": 114.961, "Actual Total Time": 114.961, "Actual Rows": 0, "Actual Loops": 1, "Inner Unique": true, "Plans": [{"Node Type": "Nested Loop", "Parent Relationship": "Outer", "Join Type": "Inner", "Startup Cost": 4.51, "Total Cost": 3382.55, "Plan Rows": 154, "Plan Width": 33, "Actual Startup Time": 114.959, "Actual Total Time": 114.959, "Actual Rows": 0, "Actual Loops": 1, "Inner Unique": true, "Plans": [{"Node Type": "Nested Loop", "Parent Relationship": "Outer", "Join Type": "Inner", "Startup Cost": 4.51, "Total Cost": 3339.37, "Plan Rows": 154, "Plan Width": 25, "Actual Startup Time": 114.959, "Actual Total Time": 114.959, "Actual Rows": 0, "Actual Loops": 1, "Inner Unique": false, "Plans": [{"Node Type": "Nested Loop", "Parent Relationship": "Outer", "Join Type": "Inner", "Startup Cost": 4.51, "Total Cost": 3326.15, "Plan Rows": 33, "Plan Width": 25, "Actual Startup Time": 113.082, "Actual Total Time": 114.952, "Actual Rows": 1, "Actual Loops": 1, "Inner Unique": true, "Plans": [{"Node Type": "Nested Loop", "Parent Relationship": "Outer", "Join Type": "Inner", "Startup Cost": 4.51, "Total Cost": 3315.63, "Plan Rows": 33, "Plan Width": 4, "Actual Startup Time": 113.064, "Actual Total Time": 114.934, "Actual Rows": 1, "Actual Loops": 1, "Inner Unique": false, "Plans": [{"Node Type": "Index Scan", "Parent Relationship": "Outer", "Scan Direction": "Forward", "Index Name": "keyword_pkey", "Relation Name": "keyword", "Alias": "k", "Startup Cost": 0.0, "Total Cost": 3182.72, "Plan Rows": 1, "Plan Width": 4, "Actual Startup Time": 113.017, "Actual Total Time": 114.885, "Actual Rows": 1, "Actual Loops": 1, "Filter": "((keyword)::text = '10,000-mile-club'::text)", "Rows Removed by Filter": 134168}, {"Node Type": "Bitmap Heap Scan", "Parent Relationship": "Inner", "Relation Name": "movie_keyword", "Alias": "mk", "Startup Cost": 4.51, "Total Cost": 132.58, "Plan Rows": 33, "Plan Width": 8, "Actual Startup Time": 0.031, "Actual Total Time": 0.031, "Actual Rows": 1, "Actual Loops": 1, "Recheck Cond": "(keyword_id = k.id)", "Rows Removed by Index Recheck": 0, "Exact Heap Blocks": 1, "Lossy Heap Blocks": 1, "Plans": [{"Node Type": "Bitmap Index Scan", "Parent Relationship": "Outer", "Index Name": "keyword_id_movie_keyword", "Startup Cost": 0.0, "Total Cost": 4.5, "Plan Rows": 33, "Plan Width": 0, "Actual Startup Time": 0.02, "Actual Total Time": 0.02, "Actual Rows": 1, "Actual Loops": 1, "Index Cond": "(keyword_id = k.id)"}]}]}, {"Node Type": "Index Scan", "Parent Relationship": "Inner", "Scan Direction": "Forward", "Index Name": "title_pkey", "Relation Name": "title", "Alias": "t1", "Startup Cost": 0.0, "Total Cost": 0.31, "Plan Rows": 1, "Plan Width": 21, "Actual Startup Time": 0.014, "Actual Total Time": 0.014, "Actual Rows": 1, "Actual Loops": 1, "Index Cond": "(id = mk.movie_id)", "Rows Removed by Index Recheck": 0}]}, {"Node Type": "Index Scan", "Parent Relationship": "Inner", "Scan Direction": "Forward", "Index Name": "movie_id_movie_link", "Relation Name": "movie_link", "Alias": "ml", "Startup Cost": 0.0, "Total Cost": 0.35, "Plan Rows": 5, "Plan Width": 12, "Actual Startup Time": 0.004, "Actual Total Time": 0.004, "Actual Rows": 0, "Actual Loops": 1, "Index Cond": "(movie_id = t1.id)", "Rows Removed by Index Recheck": 0}]}, {"Node Type": "Index Scan", "Parent Relationship": "Inner", "Scan Direction": "Forward", "Index Name": "link_type_pkey", "Relation Name": "link_type", "Alias": "lt", "Startup Cost": 0.0, "Total Cost": 0.27, "Plan Rows": 1, "Plan Width": 16, "Actual Startup Time": 0.0, "Actual Total Time": 0.0, "Index Cond": "(id = ml.link_type_id)", "Rows Removed by Index Recheck": 0}]}, {"Node Type": "Index Scan", "Parent Relationship": "Inner", "Scan Direction": "Forward", "Index Name": "title_pkey", "Relation Name": "title", "Alias": "t2", "Startup Cost": 0.0, "Total Cost": 4.3, "Plan Rows": 1, "Plan Width": 21, "Actual Startup Time": 0.0, "Actual Total Time": 0.0, "Index Cond": "(id = ml.linked_movie_id)", "Rows Removed by Index Recheck": 0}]}]}, "Triggers": [], "Planner Runtime": 3, "Total Runtime": 115.218, "Unique SQL Id": 524435555}}, "(16, 70)": {"explain_plan": {"Plan": {"Node Type": "Aggregate", "Strategy": "Plain", "Startup Cost": 3709.86, "Total Cost": 3709.87, "Plan Rows": 1, "Plan Width": 142, "Plans": [{"Node Type": "Nested Loop", "Parent Relationship": "Outer", "Join Type": "Inner", "Startup Cost": 7.93, "Total Cost": 3708.7, "Plan Rows": 154, "Plan Width": 46, "Inner Unique": true, "Plans": [{"Node Type": "Hash Join", "Parent Relationship": "Outer", "Join Type": "Inner", "Startup Cost": 6.44, "Total Cost": 2859.52, "Plan Rows": 154, "Plan Width": 33, "Inner Unique": true, "Hash Cond": "(ml.link_type_id = lt.id)", "Plans": [{"Node Type": "Nested Loop", "Parent Relationship": "Outer", "Join Type": "Inner", "Startup Cost": 5.06, "Total Cost": 2856.2, "Plan Rows": 154, "Plan Width": 25, "Inner Unique": false, "Join Filter": "(t1.id = ml.movie_id)", "Plans": [{"Node Type": "Nested Loop", "Parent Relationship": "Outer", "Join Type": "Inner", "Startup Cost": 4.77, "Total Cost": 2710.54, "Plan Rows": 33, "Plan Width": 25, "Inner Unique": true, "Plans": [{"Node Type": "Nested Loop", "Parent Relationship": "Outer", "Join Type": "Inner", "Startup Cost": 4.51, "Total Cost": 2569.02, "Plan Rows": 33, "Plan Width": 4, "Inner Unique": false, "Plans": [{"Node Type": "Seq Scan", "Parent Relationship": "Outer", "Relation Name": "keyword", "Alias": "k", "Startup Cost": 0.0, "Total Cost": 2436.11, "Plan Rows": 1, "Plan Width": 4, "Filter": "((keyword)::text = '10,000-mile-club'::text)"}, {"Node Type": "Bitmap Heap Scan", "Parent Relationship": "Inner", "Relation Name": "movie_keyword", "Alias": "mk", "Startup Cost": 4.51, "Total Cost": 132.58, "Plan Rows": 33, "Plan Width": 8, "Recheck Cond": "(keyword_id = k.id)", "Plans": [{"Node Type": "Bitmap Index Scan", "Parent Relationship": "Outer", "Index Name": "keyword_id_movie_keyword", "Startup Cost": 0.0, "Total Cost": 4.5, "Plan Rows": 33, "Plan Width": 0, "Index Cond": "(keyword_id = k.id)"}]}]}, {"Node Type": "Bitmap Heap Scan", "Parent Relationship": "Inner", "Relation Name": "title", "Alias": "t1", "Startup Cost": 0.27, "Total Cost": 4.28, "Plan Rows": 1, "Plan Width": 21, "Recheck Cond": "(id = mk.movie_id)", "Plans": [{"Node Type": "Bitmap Index Scan", "Parent Relationship": "Outer", "Index Name": "title_pkey", "Startup Cost": 0.0, "Total Cost": 0.27, "Plan Rows": 1, "Plan Width": 0, "Index Cond": "(id = mk.movie_id)"}]}]}, {"Node Type": "Bitmap Heap Scan", "Parent Relationship": "Inner", "Relation Name": "movie_link", "Alias": "ml", "Startup Cost": 0.29, "Total Cost": 4.35, "Plan Rows": 5, "Plan Width": 12, "Recheck Cond": "(movie_id = mk.movie_id)", "Plans": [{"Node Type": "Bitmap Index Scan", "Parent Relationship": "Outer", "Index Name": "movie_id_movie_link", "Startup Cost": 0.0, "Total Cost": 0.29, "Plan Rows": 5, "Plan Width": 0, "Index Cond": "(movie_id = mk.movie_id)"}]}]}, {"Node Type": "Hash", "Parent Relationship": "Inner", "Startup Cost": 1.17, "Total Cost": 1.17, "Plan Rows": 17, "Plan Width": 16, "Plans": [{"Node Type": "Seq Scan", "Parent Relationship": "Outer", "Relation Name": "link_type", "Alias": "lt", "Startup Cost": 0.0, "Total Cost": 1.17, "Plan Rows": 17, "Plan Width": 16}]}]}, {"Node Type": "Bitmap Heap Scan", "Parent Relationship": "Inner", "Relation Name": "title", "Alias": "t2", "Startup Cost": 1.49, "Total Cost": 5.5, "Plan Rows": 1, "Plan Width": 21, "Recheck Cond": "(id = ml.linked_movie_id)", "Plans": [{"Node Type": "Bitmap Index Scan", "Parent Relationship": "Outer", "Index Name": "title_pkey", "Startup Cost": 0.0, "Total Cost": 1.49, "Plan Rows": 1, "Plan Width": 0, "Index Cond": "(id = ml.linked_movie_id)"}]}]}]}, "Unique SQL Id": 524435555, "Planner Runtime": 24}, "explain_analyze_plan": {"Plan": {"Node Type": "Aggregate", "Strategy": "Plain", "Startup Cost": 3709.86, "Total Cost": 3709.87, "Plan Rows": 1, "Plan Width": 142, "Actual Startup Time": 40.855, "Actual Total Time": 40.856, "Actual Rows": 1, "Actual Loops": 1, "Plans": [{"Node Type": "Nested Loop", "Parent Relationship": "Outer", "Join Type": "Inner", "Startup Cost": 7.93, "Total Cost": 3708.7, "Plan Rows": 154, "Plan Width": 46, "Actual Startup Time": 40.849, "Actual Total Time": 40.849, "Actual Rows": 0, "Actual Loops": 1, "Inner Unique": true, "Plans": [{"Node Type": "Hash Join", "Parent Relationship": "Outer", "Join Type": "Inner", "Startup Cost": 6.44, "Total Cost": 2859.52, "Plan Rows": 154, "Plan Width": 33, "Actual Startup Time": 40.824, "Actual Total Time": 40.824, "Actual Rows": 0, "Actual Loops": 1, "Inner Unique": true, "Hash Cond": "(ml.link_type_id = lt.id)", "Plans": [{"Node Type": "Nested Loop", "Parent Relationship": "Outer", "Join Type": "Inner", "Startup Cost": 5.06, "Total Cost": 2856.2, "Plan Rows": 154, "Plan Width": 25, "Actual Startup Time": 40.752, "Actual Total Time": 40.752, "Actual Rows": 0, "Actual Loops": 1, "Inner Unique": false, "Join Filter": "(t1.id = ml.movie_id)", "Rows Removed by Join Filter": 0, "Plans": [{"Node Type": "Nested Loop", "Parent Relationship": "Outer", "Join Type": "Inner", "Startup Cost": 4.77, "Total Cost": 2710.54, "Plan Rows": 33, "Plan Width": 25, "Actual Startup Time": 39.861, "Actual Total Time": 40.74, "Actual Rows": 1, "Actual Loops": 1, "Inner Unique": true, "Plans": [{"Node Type": "Nested Loop", "Parent Relationship": "Outer", "Join Type": "Inner", "Startup Cost": 4.51, "Total Cost": 2569.02, "Plan Rows": 33, "Plan Width": 4, "Actual Startup Time": 39.842, "Actual Total Time": 40.72, "Actual Rows": 1, "Actual Loops": 1, "Inner Unique": false, "Plans": [{"Node Type": "Seq Scan", "Parent Relationship": "Outer", "Relation Name": "keyword", "Alias": "k", "Startup Cost": 0.0, "Total Cost": 2436.11, "Plan Rows": 1, "Plan Width": 4, "Actual Startup Time": 39.799, "Actual Total Time": 40.676, "Actual Rows": 1, "Actual Loops": 1, "Filter": "((keyword)::text = '10,000-mile-club'::text)", "Rows Removed by Filter": 134168}, {"Node Type": "Bitmap Heap Scan", "Parent Relationship": "Inner", "Relation Name": "movie_keyword", "Alias": "mk", "Startup Cost": 4.51, "Total Cost": 132.58, "Plan Rows": 33, "Plan Width": 8, "Actual Startup Time": 0.032, "Actual Total Time": 0.032, "Actual Rows": 1, "Actual Loops": 1, "Recheck Cond": "(keyword_id = k.id)", "Rows Removed by Index Recheck": 0, "Exact Heap Blocks": 1, "Lossy Heap Blocks": 1, "Plans": [{"Node Type": "Bitmap Index Scan", "Parent Relationship": "Outer", "Index Name": "keyword_id_movie_keyword", "Startup Cost": 0.0, "Total Cost": 4.5, "Plan Rows": 33, "Plan Width": 0, "Actual Startup Time": 0.021, "Actual Total Time": 0.021, "Actual Rows": 1, "Actual Loops": 1, "Index Cond": "(keyword_id = k.id)"}]}]}, {"Node Type": "Bitmap Heap Scan", "Parent Relationship": "Inner", "Relation Name": "title", "Alias": "t1", "Startup Cost": 0.27, "Total Cost": 4.28, "Plan Rows": 1, "Plan Width": 21, "Actual Startup Time": 0.013, "Actual Total Time": 0.013, "Actual Rows": 1, "Actual Loops": 1, "Recheck Cond": "(id = mk.movie_id)", "Rows Removed by Index Recheck": 0, "Exact Heap Blocks": 1, "Lossy Heap Blocks": 1, "Plans": [{"Node Type": "Bitmap Index Scan", "Parent Relationship": "Outer", "Index Name": "title_pkey", "Startup Cost": 0.0, "Total Cost": 0.27, "Plan Rows": 1, "Plan Width": 0, "Actual Startup Time": 0.008, "Actual Total Time": 0.008, "Actual Rows": 1, "Actual Loops": 1, "Index Cond": "(id = mk.movie_id)"}]}]}, {"Node Type": "Bitmap Heap Scan", "Parent Relationship": "Inner", "Relation Name": "movie_link", "Alias": "ml", "Startup Cost": 0.29, "Total Cost": 4.35, "Plan Rows": 5, "Plan Width": 12, "Actual Startup Time": 0.009, "Actual Total Time": 0.009, "Actual Rows": 0, "Actual Loops": 1, "Recheck Cond": "(movie_id = mk.movie_id)", "Rows Removed by Index Recheck": 0, "Exact Heap Blocks": 0, "Lossy Heap Blocks": 0, "Plans": [{"Node Type": "Bitmap Index Scan", "Parent Relationship": "Outer", "Index Name": "movie_id_movie_link", "Startup Cost": 0.0, "Total Cost": 0.29, "Plan Rows": 5, "Plan Width": 0, "Actual Startup Time": 0.005, "Actual Total Time": 0.005, "Actual Rows": 0, "Actual Loops": 1, "Index Cond": "(movie_id = mk.movie_id)"}]}]}, {"Node Type": "Hash", "Parent Relationship": "Inner", "Startup Cost": 1.17, "Total Cost": 1.17, "Plan Rows": 17, "Plan Width": 16, "Actual Startup Time": 0.031, "Actual Total Time": 0.031, "Actual Rows": 17, "Actual Loops": 1, "Hash Buckets": 32768, "Hash Batches": 1, "Original Hash Batches": 1, "Peak Memory Usage": 1, "Plans": [{"Node Type": "Seq Scan", "Parent Relationship": "Outer", "Relation Name": "link_type", "Alias": "lt", "Startup Cost": 0.0, "Total Cost": 1.17, "Plan Rows": 17, "Plan Width": 16, "Actual Startup Time": 0.013, "Actual Total Time": 0.021, "Actual Rows": 17, "Actual Loops": 1}]}]}, {"Node Type": "Bitmap Heap Scan", "Parent Relationship": "Inner", "Relation Name": "title", "Alias": "t2", "Startup Cost": 1.49, "Total Cost": 5.5, "Plan Rows": 1, "Plan Width": 21, "Actual Startup Time": 0.0, "Actual Total Time": 0.0, "Recheck Cond": "(id = ml.linked_movie_id)", "Rows Removed by Index Recheck": 0, "Exact Heap Blocks": 0, "Lossy Heap Blocks": 0, "Plans": [{"Node Type": "Bitmap Index Scan", "Parent Relationship": "Outer", "Index Name": "title_pkey", "Startup Cost": 0.0, "Total Cost": 1.49, "Plan Rows": 1, "Plan Width": 0, "Actual Startup Time": 0.0, "Actual Total Time": 0.0, "Index Cond": "(id = ml.linked_movie_id)"}]}]}]}, "Triggers": [], "Planner Runtime": 20, "Total Runtime": 41.114, "Unique SQL Id": 524435555}}, "(16, 71)": {"explain_plan": {"Plan": {"Node Type": "Aggregate", "Strategy": "Plain", "Startup Cost": 4440.29, "Total Cost": 4440.3, "Plan Rows": 1, "Plan Width": 142, "Plans": [{"Node Type": "Nested Loop", "Parent Relationship": "Outer", "Join Type": "Inner", "Startup Cost": 738.37, "Total Cost": 4439.14, "Plan Rows": 154, "Plan Width": 46, "Inner Unique": true, "Plans": [{"Node Type": "Hash Join", "Parent Relationship": "Outer", "Join Type": "Inner", "Startup Cost": 736.88, "Total Cost": 3589.96, "Plan Rows": 154, "Plan Width": 33, "Inner Unique": true, "Hash Cond": "(ml.link_type_id = lt.id)", "Plans": [{"Node Type": "Nested Loop", "Parent Relationship": "Outer", "Join Type": "Inner", "Startup Cost": 724.16, "Total Cost": 3575.3, "Plan Rows": 154, "Plan Width": 25, "Inner Unique": false, "Join Filter": "(t1.id = ml.movie_id)", "Plans": [{"Node Type": "Nested Loop", "Parent Relationship": "Outer", "Join Type": "Inner", "Startup Cost": 723.87, "Total Cost": 3429.64, "Plan Rows": 33, "Plan Width": 25, "Inner Unique": true, "Plans": [{"Node Type": "Nested Loop", "Parent Relationship": "Outer", "Join Type": "Inner", "Startup Cost": 723.6, "Total Cost": 3288.12, "Plan Rows": 33, "Plan Width": 4, "Inner Unique": false, "Plans": [{"Node Type": "Bitmap Heap Scan", "Parent Relationship": "Outer", "Relation Name": "keyword", "Alias": "k", "Startup Cost": 719.1, "Total Cost": 3155.21, "Plan Rows": 1, "Plan Width": 4, "Filter": "((keyword)::text = '10,000-mile-club'::text)", "Plans": [{"Node Type": "Bitmap Index Scan", "Parent Relationship": "Outer", "Index Name": "keyword_pkey", "Startup Cost": 0.0, "Total Cost": 719.1, "Plan Rows": 134169, "Plan Width": 0}]}, {"Node Type": "Bitmap Heap Scan", "Parent Relationship": "Inner", "Relation Name": "movie_keyword", "Alias": "mk", "Startup Cost": 4.51, "Total Cost": 132.58, "Plan Rows": 33, "Plan Width": 8, "Recheck Cond": "(keyword_id = k.id)", "Plans": [{"Node Type": "Bitmap Index Scan", "Parent Relationship": "Outer", "Index Name": "keyword_id_movie_keyword", "Startup Cost": 0.0, "Total Cost": 4.5, "Plan Rows": 33, "Plan Width": 0, "Index Cond": "(keyword_id = k.id)"}]}]}, {"Node Type": "Bitmap Heap Scan", "Parent Relationship": "Inner", "Relation Name": "title", "Alias": "t1", "Startup Cost": 0.27, "Total Cost": 4.28, "Plan Rows": 1, "Plan Width": 21, "Recheck Cond": "(id = mk.movie_id)", "Plans": [{"Node Type": "Bitmap Index Scan", "Parent Relationship": "Outer", "Index Name": "title_pkey", "Startup Cost": 0.0, "Total Cost": 0.27, "Plan Rows": 1, "Plan Width": 0, "Index Cond": "(id = mk.movie_id)"}]}]}, {"Node Type": "Bitmap Heap Scan", "Parent Relationship": "Inner", "Relation Name": "movie_link", "Alias": "ml", "Startup Cost": 0.29, "Total Cost": 4.35, "Plan Rows": 5, "Plan Width": 12, "Recheck Cond": "(movie_id = mk.movie_id)", "Plans": [{"Node Type": "Bitmap Index Scan", "Parent Relationship": "Outer", "Index Name": "movie_id_movie_link", "Startup Cost": 0.0, "Total Cost": 0.29, "Plan Rows": 5, "Plan Width": 0, "Index Cond": "(movie_id = mk.movie_id)"}]}]}, {"Node Type": "Hash", "Parent Relationship": "Inner", "Startup Cost": 12.51, "Total Cost": 12.51, "Plan Rows": 17, "Plan Width": 16, "Plans": [{"Node Type": "Bitmap Heap Scan", "Parent Relationship": "Outer", "Relation Name": "link_type", "Alias": "lt", "Startup Cost": 8.34, "Total Cost": 12.51, "Plan Rows": 17, "Plan Width": 16, "Plans": [{"Node Type": "Bitmap Index Scan", "Parent Relationship": "Outer", "Index Name": "link_type_pkey", "Startup Cost": 0.0, "Total Cost": 8.34, "Plan Rows": 17, "Plan Width": 0}]}]}]}, {"Node Type": "Bitmap Heap Scan", "Parent Relationship": "Inner", "Relation Name": "title", "Alias": "t2", "Startup Cost": 1.49, "Total Cost": 5.5, "Plan Rows": 1, "Plan Width": 21, "Recheck Cond": "(id = ml.linked_movie_id)", "Plans": [{"Node Type": "Bitmap Index Scan", "Parent Relationship": "Outer", "Index Name": "title_pkey", "Startup Cost": 0.0, "Total Cost": 1.49, "Plan Rows": 1, "Plan Width": 0, "Index Cond": "(id = ml.linked_movie_id)"}]}]}]}, "Unique SQL Id": 524435555, "Planner Runtime": 12}, "explain_analyze_plan": {"Plan": {"Node Type": "Aggregate", "Strategy": "Plain", "Startup Cost": 4440.29, "Total Cost": 4440.3, "Plan Rows": 1, "Plan Width": 142, "Actual Startup Time": 61.614, "Actual Total Time": 61.615, "Actual Rows": 1, "Actual Loops": 1, "Plans": [{"Node Type": "Nested Loop", "Parent Relationship": "Outer", "Join Type": "Inner", "Startup Cost": 738.37, "Total Cost": 4439.14, "Plan Rows": 154, "Plan Width": 46, "Actual Startup Time": 61.608, "Actual Total Time": 61.608, "Actual Rows": 0, "Actual Loops": 1, "Inner Unique": true, "Plans": [{"Node Type": "Hash Join", "Parent Relationship": "Outer", "Join Type": "Inner", "Startup Cost": 736.88, "Total Cost": 3589.96, "Plan Rows": 154, "Plan Width": 33, "Actual Startup Time": 61.584, "Actual Total Time": 61.584, "Actual Rows": 0, "Actual Loops": 1, "Inner Unique": true, "Hash Cond": "(ml.link_type_id = lt.id)", "Plans": [{"Node Type": "Nested Loop", "Parent Relationship": "Outer", "Join Type": "Inner", "Startup Cost": 724.16, "Total Cost": 3575.3, "Plan Rows": 154, "Plan Width": 25, "Actual Startup Time": 61.513, "Actual Total Time": 61.513, "Actual Rows": 0, "Actual Loops": 1, "Inner Unique": false, "Join Filter": "(t1.id = ml.movie_id)", "Rows Removed by Join Filter": 0, "Plans": [{"Node Type": "Nested Loop", "Parent Relationship": "Outer", "Join Type": "Inner", "Startup Cost": 723.87, "Total Cost": 3429.64, "Plan Rows": 33, "Plan Width": 25, "Actual Startup Time": 60.452, "Actual Total Time": 61.505, "Actual Rows": 1, "Actual Loops": 1, "Inner Unique": true, "Plans": [{"Node Type": "Nested Loop", "Parent Relationship": "Outer", "Join Type": "Inner", "Startup Cost": 723.6, "Total Cost": 3288.12, "Plan Rows": 33, "Plan Width": 4, "Actual Startup Time": 60.436, "Actual Total Time": 61.489, "Actual Rows": 1, "Actual Loops": 1, "Inner Unique": false, "Plans": [{"Node Type": "Bitmap Heap Scan", "Parent Relationship": "Outer", "Relation Name": "keyword", "Alias": "k", "Startup Cost": 719.1, "Total Cost": 3155.21, "Plan Rows": 1, "Plan Width": 4, "Actual Startup Time": 60.398, "Actual Total Time": 61.449, "Actual Rows": 1, "Actual Loops": 1, "Filter": "((keyword)::text = '10,000-mile-club'::text)", "Rows Removed by Filter": 134168, "Exact Heap Blocks": 759, "Lossy Heap Blocks": 759, "Plans": [{"Node Type": "Bitmap Index Scan", "Parent Relationship": "Outer", "Index Name": "keyword_pkey", "Startup Cost": 0.0, "Total Cost": 719.1, "Plan Rows": 134169, "Plan Width": 0, "Actual Startup Time": 11.375, "Actual Total Time": 11.375, "Actual Rows": 134169, "Actual Loops": 1}]}, {"Node Type": "Bitmap Heap Scan", "Parent Relationship": "Inner", "Relation Name": "movie_keyword", "Alias": "mk", "Startup Cost": 4.51, "Total Cost": 132.58, "Plan Rows": 33, "Plan Width": 8, "Actual Startup Time": 0.025, "Actual Total Time": 0.025, "Actual Rows": 1, "Actual Loops": 1, "Recheck Cond": "(keyword_id = k.id)", "Rows Removed by Index Recheck": 0, "Exact Heap Blocks": 1, "Lossy Heap Blocks": 1, "Plans": [{"Node Type": "Bitmap Index Scan", "Parent Relationship": "Outer", "Index Name": "keyword_id_movie_keyword", "Startup Cost": 0.0, "Total Cost": 4.5, "Plan Rows": 33, "Plan Width": 0, "Actual Startup Time": 0.017, "Actual Total Time": 0.017, "Actual Rows": 1, "Actual Loops": 1, "Index Cond": "(keyword_id = k.id)"}]}]}, {"Node Type": "Bitmap Heap Scan", "Parent Relationship": "Inner", "Relation Name": "title", "Alias": "t1", "Startup Cost": 0.27, "Total Cost": 4.28, "Plan Rows": 1, "Plan Width": 21, "Actual Startup Time": 0.012, "Actual Total Time": 0.012, "Actual Rows": 1, "Actual Loops": 1, "Recheck Cond": "(id = mk.movie_id)", "Rows Removed by Index Recheck": 0, "Exact Heap Blocks": 1, "Lossy Heap Blocks": 1, "Plans": [{"Node Type": "Bitmap Index Scan", "Parent Relationship": "Outer", "Index Name": "title_pkey", "Startup Cost": 0.0, "Total Cost": 0.27, "Plan Rows": 1, "Plan Width": 0, "Actual Startup Time": 0.008, "Actual Total Time": 0.008, "Actual Rows": 1, "Actual Loops": 1, "Index Cond": "(id = mk.movie_id)"}]}]}, {"Node Type": "Bitmap Heap Scan", "Parent Relationship": "Inner", "Relation Name": "movie_link", "Alias": "ml", "Startup Cost": 0.29, "Total Cost": 4.35, "Plan Rows": 5, "Plan Width": 12, "Actual Startup Time": 0.006, "Actual Total Time": 0.006, "Actual Rows": 0, "Actual Loops": 1, "Recheck Cond": "(movie_id = mk.movie_id)", "Rows Removed by Index Recheck": 0, "Exact Heap Blocks": 0, "Lossy Heap Blocks": 0, "Plans": [{"Node Type": "Bitmap Index Scan", "Parent Relationship": "Outer", "Index Name": "movie_id_movie_link", "Startup Cost": 0.0, "Total Cost": 0.29, "Plan Rows": 5, "Plan Width": 0, "Actual Startup Time": 0.003, "Actual Total Time": 0.003, "Actual Rows": 0, "Actual Loops": 1, "Index Cond": "(movie_id = mk.movie_id)"}]}]}, {"Node Type": "Hash", "Parent Relationship": "Inner", "Startup Cost": 12.51, "Total Cost": 12.51, "Plan Rows": 17, "Plan Width": 16, "Actual Startup Time": 0.032, "Actual Total Time": 0.032, "Actual Rows": 17, "Actual Loops": 1, "Hash Buckets": 32768, "Hash Batches": 1, "Original Hash Batches": 1, "Peak Memory Usage": 1, "Plans": [{"Node Type": "Bitmap Heap Scan", "Parent Relationship": "Outer", "Relation Name": "link_type", "Alias": "lt", "Startup Cost": 8.34, "Total Cost": 12.51, "Plan Rows": 17, "Plan Width": 16, "Actual Startup Time": 0.017, "Actual Total Time": 0.022, "Actual Rows": 17, "Actual Loops": 1, "Exact Heap Blocks": 1, "Lossy Heap Blocks": 1, "Plans": [{"Node Type": "Bitmap Index Scan", "Parent Relationship": "Outer", "Index Name": "link_type_pkey", "Startup Cost": 0.0, "Total Cost": 8.34, "Plan Rows": 17, "Plan Width": 0, "Actual Startup Time": 0.007, "Actual Total Time": 0.007, "Actual Rows": 17, "Actual Loops": 1}]}]}]}, {"Node Type": "Bitmap Heap Scan", "Parent Relationship": "Inner", "Relation Name": "title", "Alias": "t2", "Startup Cost": 1.49, "Total Cost": 5.5, "Plan Rows": 1, "Plan Width": 21, "Actual Startup Time": 0.0, "Actual Total Time": 0.0, "Recheck Cond": "(id = ml.linked_movie_id)", "Rows Removed by Index Recheck": 0, "Exact Heap Blocks": 0, "Lossy Heap Blocks": 0, "Plans": [{"Node Type": "Bitmap Index Scan", "Parent Relationship": "Outer", "Index Name": "title_pkey", "Startup Cost": 0.0, "Total Cost": 1.49, "Plan Rows": 1, "Plan Width": 0, "Actual Startup Time": 0.0, "Actual Total Time": 0.0, "Index Cond": "(id = ml.linked_movie_id)"}]}]}]}, "Triggers": [], "Planner Runtime": 7, "Total Runtime": 61.87, "Unique SQL Id": 524435555}}, "(16, 72)": {"explain_plan": {"Plan": {"Node Type": "Aggregate", "Strategy": "Plain", "Startup Cost": 3265.11, "Total Cost": 3265.12, "Plan Rows": 1, "Plan Width": 142, "Plans": [{"Node Type": "Nested Loop", "Parent Relationship": "Outer", "Join Type": "Inner", "Startup Cost": 1.38, "Total Cost": 3263.96, "Plan Rows": 154, "Plan Width": 46, "Inner Unique": true, "Plans": [{"Node Type": "Hash Join", "Parent Relationship": "Outer", "Join Type": "Inner", "Startup Cost": 1.38, "Total Cost": 2600.38, "Plan Rows": 154, "Plan Width": 33, "Inner Unique": true, "Hash Cond": "(ml.link_type_id = lt.id)", "Plans": [{"Node Type": "Nested Loop", "Parent Relationship": "Outer", "Join Type": "Inner", "Startup Cost": 0.0, "Total Cost": 2597.06, "Plan Rows": 154, "Plan Width": 25, "Inner Unique": false, "Plans": [{"Node Type": "Nested Loop", "Parent Relationship": "Outer", "Join Type": "Inner", "Startup Cost": 0.0, "Total Cost": 2583.84, "Plan Rows": 33, "Plan Width": 25, "Inner Unique": true, "Plans": [{"Node Type": "Nested Loop", "Parent Relationship": "Outer", "Join Type": "Inner", "Startup Cost": 0.0, "Total Cost": 2573.32, "Plan Rows": 33, "Plan Width": 4, "Inner Unique": false, "Plans": [{"Node Type": "Seq Scan", "Parent Relationship": "Outer", "Relation Name": "keyword", "Alias": "k", "Startup Cost": 0.0, "Total Cost": 2436.11, "Plan Rows": 1, "Plan Width": 4, "Filter": "((keyword)::text = '10,000-mile-club'::text)"}, {"Node Type": "Index Scan", "Parent Relationship": "Inner", "Scan Direction": "Forward", "Index Name": "keyword_id_movie_keyword", "Relation Name": "movie_keyword", "Alias": "mk", "Startup Cost": 0.0, "Total Cost": 136.88, "Plan Rows": 33, "Plan Width": 8, "Index Cond": "(keyword_id = k.id)"}]}, {"Node Type": "Index Scan", "Parent Relationship": "Inner", "Scan Direction": "Forward", "Index Name": "title_pkey", "Relation Name": "title", "Alias": "t1", "Startup Cost": 0.0, "Total Cost": 0.31, "Plan Rows": 1, "Plan Width": 21, "Index Cond": "(id = mk.movie_id)"}]}, {"Node Type": "Index Scan", "Parent Relationship": "Inner", "Scan Direction": "Forward", "Index Name": "movie_id_movie_link", "Relation Name": "movie_link", "Alias": "ml", "Startup Cost": 0.0, "Total Cost": 0.35, "Plan Rows": 5, "Plan Width": 12, "Index Cond": "(movie_id = t1.id)"}]}, {"Node Type": "Hash", "Parent Relationship": "Inner", "Startup Cost": 1.17, "Total Cost": 1.17, "Plan Rows": 17, "Plan Width": 16, "Plans": [{"Node Type": "Seq Scan", "Parent Relationship": "Outer", "Relation Name": "link_type", "Alias": "lt", "Startup Cost": 0.0, "Total Cost": 1.17, "Plan Rows": 17, "Plan Width": 16}]}]}, {"Node Type": "Index Scan", "Parent Relationship": "Inner", "Scan Direction": "Forward", "Index Name": "title_pkey", "Relation Name": "title", "Alias": "t2", "Startup Cost": 0.0, "Total Cost": 4.3, "Plan Rows": 1, "Plan Width": 21, "Index Cond": "(id = ml.linked_movie_id)"}]}]}, "Unique SQL Id": 524435555, "Planner Runtime": 19}, "explain_analyze_plan": {"Plan": {"Node Type": "Aggregate", "Strategy": "Plain", "Startup Cost": 3265.11, "Total Cost": 3265.12, "Plan Rows": 1, "Plan Width": 142, "Actual Startup Time": 40.785, "Actual Total Time": 40.786, "Actual Rows": 1, "Actual Loops": 1, "Plans": [{"Node Type": "Nested Loop", "Parent Relationship": "Outer", "Join Type": "Inner", "Startup Cost": 1.38, "Total Cost": 3263.96, "Plan Rows": 154, "Plan Width": 46, "Actual Startup Time": 40.779, "Actual Total Time": 40.779, "Actual Rows": 0, "Actual Loops": 1, "Inner Unique": true, "Plans": [{"Node Type": "Hash Join", "Parent Relationship": "Outer", "Join Type": "Inner", "Startup Cost": 1.38, "Total Cost": 2600.38, "Plan Rows": 154, "Plan Width": 33, "Actual Startup Time": 40.779, "Actual Total Time": 40.779, "Actual Rows": 0, "Actual Loops": 1, "Inner Unique": true, "Hash Cond": "(ml.link_type_id = lt.id)", "Plans": [{"Node Type": "Nested Loop", "Parent Relationship": "Outer", "Join Type": "Inner", "Startup Cost": 0.0, "Total Cost": 2597.06, "Plan Rows": 154, "Plan Width": 25, "Actual Startup Time": 40.774, "Actual Total Time": 40.774, "Actual Rows": 0, "Actual Loops": 1, "Inner Unique": false, "Plans": [{"Node Type": "Nested Loop", "Parent Relationship": "Outer", "Join Type": "Inner", "Startup Cost": 0.0, "Total Cost": 2583.84, "Plan Rows": 33, "Plan Width": 25, "Actual Startup Time": 39.89, "Actual Total Time": 40.769, "Actual Rows": 1, "Actual Loops": 1, "Inner Unique": true, "Plans": [{"Node Type": "Nested Loop", "Parent Relationship": "Outer", "Join Type": "Inner", "Startup Cost": 0.0, "Total Cost": 2573.32, "Plan Rows": 33, "Plan Width": 4, "Actual Startup Time": 39.876, "Actual Total Time": 40.753, "Actual Rows": 1, "Actual Loops": 1, "Inner Unique": false, "Plans": [{"Node Type": "Seq Scan", "Parent Relationship": "Outer", "Relation Name": "keyword", "Alias": "k", "Startup Cost": 0.0, "Total Cost": 2436.11, "Plan Rows": 1, "Plan Width": 4, "Actual Startup Time": 39.849, "Actual Total Time": 40.724, "Actual Rows": 1, "Actual Loops": 1, "Filter": "((keyword)::text = '10,000-mile-club'::text)", "Rows Removed by Filter": 134168}, {"Node Type": "Index Scan", "Parent Relationship": "Inner", "Scan Direction": "Forward", "Index Name": "keyword_id_movie_keyword", "Relation Name": "movie_keyword", "Alias": "mk", "Startup Cost": 0.0, "Total Cost": 136.88, "Plan Rows": 33, "Plan Width": 8, "Actual Startup Time": 0.02, "Actual Total Time": 0.021, "Actual Rows": 1, "Actual Loops": 1, "Index Cond": "(keyword_id = k.id)", "Rows Removed by Index Recheck": 0}]}, {"Node Type": "Index Scan", "Parent Relationship": "Inner", "Scan Direction": "Forward", "Index Name": "title_pkey", "Relation Name": "title", "Alias": "t1", "Startup Cost": 0.0, "Total Cost": 0.31, "Plan Rows": 1, "Plan Width": 21, "Actual Startup Time": 0.012, "Actual Total Time": 0.012, "Actual Rows": 1, "Actual Loops": 1, "Index Cond": "(id = mk.movie_id)", "Rows Removed by Index Recheck": 0}]}, {"Node Type": "Index Scan", "Parent Relationship": "Inner", "Scan Direction": "Forward", "Index Name": "movie_id_movie_link", "Relation Name": "movie_link", "Alias": "ml", "Startup Cost": 0.0, "Total Cost": 0.35, "Plan Rows": 5, "Plan Width": 12, "Actual Startup Time": 0.003, "Actual Total Time": 0.003, "Actual Rows": 0, "Actual Loops": 1, "Index Cond": "(movie_id = t1.id)", "Rows Removed by Index Recheck": 0}]}, {"Node Type": "Hash", "Parent Relationship": "Inner", "Startup Cost": 1.17, "Total Cost": 1.17, "Plan Rows": 17, "Plan Width": 16, "Actual Startup Time": 0.0, "Actual Total Time": 0.0, "Hash Buckets": 0, "Hash Batches": 0, "Original Hash Batches": 0, "Peak Memory Usage": 0, "Plans": [{"Node Type": "Seq Scan", "Parent Relationship": "Outer", "Relation Name": "link_type", "Alias": "lt", "Startup Cost": 0.0, "Total Cost": 1.17, "Plan Rows": 17, "Plan Width": 16, "Actual Startup Time": 0.0, "Actual Total Time": 0.0}]}]}, {"Node Type": "Index Scan", "Parent Relationship": "Inner", "Scan Direction": "Forward", "Index Name": "title_pkey", "Relation Name": "title", "Alias": "t2", "Startup Cost": 0.0, "Total Cost": 4.3, "Plan Rows": 1, "Plan Width": 21, "Actual Startup Time": 0.0, "Actual Total Time": 0.0, "Index Cond": "(id = ml.linked_movie_id)", "Rows Removed by Index Recheck": 0}]}]}, "Triggers": [], "Planner Runtime": 19, "Total Runtime": 41.015, "Unique SQL Id": 524435555}}, "(16, 73)": {"explain_plan": {"Plan": {"Node Type": "Aggregate", "Strategy": "Plain", "Startup Cost": 4051.57, "Total Cost": 4051.58, "Plan Rows": 1, "Plan Width": 142, "Plans": [{"Node Type": "Nested Loop", "Parent Relationship": "Outer", "Join Type": "Inner", "Startup Cost": 0.0, "Total Cost": 4050.42, "Plan Rows": 154, "Plan Width": 46, "Inner Unique": true, "Plans": [{"Node Type": "Nested Loop", "Parent Relationship": "Outer", "Join Type": "Inner", "Startup Cost": 0.0, "Total Cost": 3386.84, "Plan Rows": 154, "Plan Width": 33, "Inner Unique": true, "Plans": [{"Node Type": "Nested Loop", "Parent Relationship": "Outer", "Join Type": "Inner", "Startup Cost": 0.0, "Total Cost": 3343.66, "Plan Rows": 154, "Plan Width": 25, "Inner Unique": false, "Plans": [{"Node Type": "Nested Loop", "Parent Relationship": "Outer", "Join Type": "Inner", "Startup Cost": 0.0, "Total Cost": 3330.45, "Plan Rows": 33, "Plan Width": 25, "Inner Unique": true, "Plans": [{"Node Type": "Nested Loop", "Parent Relationship": "Outer", "Join Type": "Inner", "Startup Cost": 0.0, "Total Cost": 3319.92, "Plan Rows": 33, "Plan Width": 4, "Inner Unique": false, "Plans": [{"Node Type": "Index Scan", "Parent Relationship": "Outer", "Scan Direction": "Forward", "Index Name": "keyword_pkey", "Relation Name": "keyword", "Alias": "k", "Startup Cost": 0.0, "Total Cost": 3182.72, "Plan Rows": 1, "Plan Width": 4, "Filter": "((keyword)::text = '10,000-mile-club'::text)"}, {"Node Type": "Index Scan", "Parent Relationship": "Inner", "Scan Direction": "Forward", "Index Name": "keyword_id_movie_keyword", "Relation Name": "movie_keyword", "Alias": "mk", "Startup Cost": 0.0, "Total Cost": 136.88, "Plan Rows": 33, "Plan Width": 8, "Index Cond": "(keyword_id = k.id)"}]}, {"Node Type": "Index Scan", "Parent Relationship": "Inner", "Scan Direction": "Forward", "Index Name": "title_pkey", "Relation Name": "title", "Alias": "t1", "Startup Cost": 0.0, "Total Cost": 0.31, "Plan Rows": 1, "Plan Width": 21, "Index Cond": "(id = mk.movie_id)"}]}, {"Node Type": "Index Scan", "Parent Relationship": "Inner", "Scan Direction": "Forward", "Index Name": "movie_id_movie_link", "Relation Name": "movie_link", "Alias": "ml", "Startup Cost": 0.0, "Total Cost": 0.35, "Plan Rows": 5, "Plan Width": 12, "Index Cond": "(movie_id = t1.id)"}]}, {"Node Type": "Index Scan", "Parent Relationship": "Inner", "Scan Direction": "Forward", "Index Name": "link_type_pkey", "Relation Name": "link_type", "Alias": "lt", "Startup Cost": 0.0, "Total Cost": 0.27, "Plan Rows": 1, "Plan Width": 16, "Index Cond": "(id = ml.link_type_id)"}]}, {"Node Type": "Index Scan", "Parent Relationship": "Inner", "Scan Direction": "Forward", "Index Name": "title_pkey", "Relation Name": "title", "Alias": "t2", "Startup Cost": 0.0, "Total Cost": 4.3, "Plan Rows": 1, "Plan Width": 21, "Index Cond": "(id = ml.linked_movie_id)"}]}]}, "Unique SQL Id": 524435555, "Planner Runtime": 14}, "explain_analyze_plan": {"Plan": {"Node Type": "Aggregate", "Strategy": "Plain", "Startup Cost": 4051.57, "Total Cost": 4051.58, "Plan Rows": 1, "Plan Width": 142, "Actual Startup Time": 113.661, "Actual Total Time": 113.661, "Actual Rows": 1, "Actual Loops": 1, "Plans": [{"Node Type": "Nested Loop", "Parent Relationship": "Outer", "Join Type": "Inner", "Startup Cost": 0.0, "Total Cost": 4050.42, "Plan Rows": 154, "Plan Width": 46, "Actual Startup Time": 113.657, "Actual Total Time": 113.657, "Actual Rows": 0, "Actual Loops": 1, "Inner Unique": true, "Plans": [{"Node Type": "Nested Loop", "Parent Relationship": "Outer", "Join Type": "Inner", "Startup Cost": 0.0, "Total Cost": 3386.84, "Plan Rows": 154, "Plan Width": 33, "Actual Startup Time": 113.656, "Actual Total Time": 113.656, "Actual Rows": 0, "Actual Loops": 1, "Inner Unique": true, "Plans": [{"Node Type": "Nested Loop", "Parent Relationship": "Outer", "Join Type": "Inner", "Startup Cost": 0.0, "Total Cost": 3343.66, "Plan Rows": 154, "Plan Width": 25, "Actual Startup Time": 113.654, "Actual Total Time": 113.654, "Actual Rows": 0, "Actual Loops": 1, "Inner Unique": false, "Plans": [{"Node Type": "Nested Loop", "Parent Relationship": "Outer", "Join Type": "Inner", "Startup Cost": 0.0, "Total Cost": 3330.45, "Plan Rows": 33, "Plan Width": 25, "Actual Startup Time": 111.786, "Actual Total Time": 113.649, "Actual Rows": 1, "Actual Loops": 1, "Inner Unique": true, "Plans": [{"Node Type": "Nested Loop", "Parent Relationship": "Outer", "Join Type": "Inner", "Startup Cost": 0.0, "Total Cost": 3319.92, "Plan Rows": 33, "Plan Width": 4, "Actual Startup Time": 111.771, "Actual Total Time": 113.633, "Actual Rows": 1, "Actual Loops": 1, "Inner Unique": false, "Plans": [{"Node Type": "Index Scan", "Parent Relationship": "Outer", "Scan Direction": "Forward", "Index Name": "keyword_pkey", "Relation Name": "keyword", "Alias": "k", "Startup Cost": 0.0, "Total Cost": 3182.72, "Plan Rows": 1, "Plan Width": 4, "Actual Startup Time": 111.744, "Actual Total Time": 113.604, "Actual Rows": 1, "Actual Loops": 1, "Filter": "((keyword)::text = '10,000-mile-club'::text)", "Rows Removed by Filter": 134168}, {"Node Type": "Index Scan", "Parent Relationship": "Inner", "Scan Direction": "Forward", "Index Name": "keyword_id_movie_keyword", "Relation Name": "movie_keyword", "Alias": "mk", "Startup Cost": 0.0, "Total Cost": 136.88, "Plan Rows": 33, "Plan Width": 8, "Actual Startup Time": 0.017, "Actual Total Time": 0.017, "Actual Rows": 1, "Actual Loops": 1, "Index Cond": "(keyword_id = k.id)", "Rows Removed by Index Recheck": 0}]}, {"Node Type": "Index Scan", "Parent Relationship": "Inner", "Scan Direction": "Forward", "Index Name": "title_pkey", "Relation Name": "title", "Alias": "t1", "Startup Cost": 0.0, "Total Cost": 0.31, "Plan Rows": 1, "Plan Width": 21, "Actual Startup Time": 0.012, "Actual Total Time": 0.012, "Actual Rows": 1, "Actual Loops": 1, "Index Cond": "(id = mk.movie_id)", "Rows Removed by Index Recheck": 0}]}, {"Node Type": "Index Scan", "Parent Relationship": "Inner", "Scan Direction": "Forward", "Index Name": "movie_id_movie_link", "Relation Name": "movie_link", "Alias": "ml", "Startup Cost": 0.0, "Total Cost": 0.35, "Plan Rows": 5, "Plan Width": 12, "Actual Startup Time": 0.003, "Actual Total Time": 0.003, "Actual Rows": 0, "Actual Loops": 1, "Index Cond": "(movie_id = t1.id)", "Rows Removed by Index Recheck": 0}]}, {"Node Type": "Index Scan", "Parent Relationship": "Inner", "Scan Direction": "Forward", "Index Name": "link_type_pkey", "Relation Name": "link_type", "Alias": "lt", "Startup Cost": 0.0, "Total Cost": 0.27, "Plan Rows": 1, "Plan Width": 16, "Actual Startup Time": 0.0, "Actual Total Time": 0.0, "Index Cond": "(id = ml.link_type_id)", "Rows Removed by Index Recheck": 0}]}, {"Node Type": "Index Scan", "Parent Relationship": "Inner", "Scan Direction": "Forward", "Index Name": "title_pkey", "Relation Name": "title", "Alias": "t2", "Startup Cost": 0.0, "Total Cost": 4.3, "Plan Rows": 1, "Plan Width": 21, "Actual Startup Time": 0.0, "Actual Total Time": 0.0, "Index Cond": "(id = ml.linked_movie_id)", "Rows Removed by Index Recheck": 0}]}]}, "Triggers": [], "Planner Runtime": 3, "Total Runtime": 113.879, "Unique SQL Id": 524435555}}, "(16, 74)": {"explain_plan": {"Plan": {"Node Type": "Aggregate", "Strategy": "Plain", "Startup Cost": 106615.63, "Total Cost": 106615.66, "Plan Rows": 1, "Plan Width": 142, "Plans": [{"Node Type": "Streaming(type: LOCAL GATHER dop: 1/16)", "Parent Relationship": "Outer", "Startup Cost": 106615.63, "Total Cost": 106615.66, "Plan Rows": 1, "Plan Width": 142, "Plans": [{"Node Type": "Aggregate", "Strategy": "Plain", "Parent Relationship": "Outer", "Startup Cost": 106615.63, "Total Cost": 106615.64, "Plan Rows": 1, "Plan Width": 142, "Plans": [{"Node Type": "Hash Join", "Parent Relationship": "Outer", "Join Type": "Inner", "Startup Cost": 87267.48, "Total Cost": 106614.47, "Plan Rows": 154, "Plan Width": 46, "Inner Unique": false, "Hash Cond": "(t2.id = ml.linked_movie_id)", "Plans": [{"Node Type": "Seq Scan", "Parent Relationship": "Outer", "Relation Name": "title", "Alias": "t2", "Startup Cost": 0.0, "Total Cost": 18754.32, "Plan Rows": 2528311, "Plan Width": 21}, {"Node Type": "Hash", "Parent Relationship": "Inner", "Startup Cost": 87265.56, "Total Cost": 87265.56, "Plan Rows": 2464, "Plan Width": 33, "Plans": [{"Node Type": "Streaming(type: BROADCAST dop: 16/1)", "Parent Relationship": "Outer", "Startup Cost": 52856.75, "Total Cost": 87265.56, "Plan Rows": 2464, "Plan Width": 33, "Plans": [{"Node Type": "Hash Join", "Parent Relationship": "Outer", "Join Type": "Inner", "Startup Cost": 52856.75, "Total Cost": 72212.38, "Plan Rows": 154, "Plan Width": 33, "Inner Unique": true, "Hash Cond": "(ml.link_type_id = lt.id)", "Plans": [{"Node Type": "Hash Join", "Parent Relationship": "Outer", "Join Type": "Inner", "Startup Cost": 52855.37, "Total Cost": 72208.88, "Plan Rows": 154, "Plan Width": 25, "Inner Unique": false, "Hash Cond": "(t1.id = ml.movie_id)", "Plans": [{"Node Type": "Streaming(type: LOCAL GATHER dop: 1/16)", "Parent Relationship": "Outer", "Startup Cost": 52049.46, "Total Cost": 71397.08, "Plan Rows": 33, "Plan Width": 25, "Plans": [{"Node Type": "Hash Join", "Parent Relationship": "Outer", "Join Type": "Inner", "Startup Cost": 52049.46, "Total Cost": 71396.37, "Plan Rows": 33, "Plan Width": 25, "Inner Unique": false, "Hash Cond": "(t1.id = mk.movie_id)", "Plans": [{"Node Type": "Seq Scan", "Parent Relationship": "Outer", "Relation Name": "title", "Alias": "t1", "Startup Cost": 0.0, "Total Cost": 18754.32, "Plan Rows": 2528311, "Plan Width": 21}, {"Node Type": "Hash", "Parent Relationship": "Inner", "Startup Cost": 52049.04, "Total Cost": 52049.04, "Plan Rows": 528, "Plan Width": 4, "Plans": [{"Node Type": "Streaming(type: BROADCAST dop: 16/16)", "Parent Relationship": "Outer", "Startup Cost": 17436.47, "Total Cost": 52049.04, "Plan Rows": 528, "Plan Width": 4, "Plans": [{"Node Type": "Hash Join", "Parent Relationship": "Outer", "Join Type": "Inner", "Startup Cost": 17436.47, "Total Cost": 37047.7, "Plan Rows": 33, "Plan Width": 4, "Inner Unique": true, "Hash Cond": "(mk.keyword_id = k.id)", "Plans": [{"Node Type": "Seq Scan", "Parent Relationship": "Outer", "Relation Name": "movie_keyword", "Alias": "mk", "Startup Cost": 0.0, "Total Cost": 18902.58, "Plan Rows": 4523929, "Plan Width": 8}, {"Node Type": "Hash", "Parent Relationship": "Inner", "Startup Cost": 17436.46, "Total Cost": 17436.46, "Plan Rows": 16, "Plan Width": 4, "Plans": [{"Node Type": "Streaming(type: BROADCAST dop: 16/1)", "Parent Relationship": "Outer", "Startup Cost": 0.0, "Total Cost": 17436.46, "Plan Rows": 16, "Plan Width": 4, "Plans": [{"Node Type": "Seq Scan", "Parent Relationship": "Outer", "Relation Name": "keyword", "Alias": "k", "Startup Cost": 0.0, "Total Cost": 2436.11, "Plan Rows": 1, "Plan Width": 4, "Filter": "((keyword)::text = '10,000-mile-club'::text)"}]}]}]}]}]}]}]}, {"Node Type": "Hash", "Parent Relationship": "Inner", "Startup Cost": 430.96, "Total Cost": 430.96, "Plan Rows": 29996, "Plan Width": 12, "Plans": [{"Node Type": "Seq Scan", "Parent Relationship": "Outer", "Relation Name": "movie_link", "Alias": "ml", "Startup Cost": 0.0, "Total Cost": 430.96, "Plan Rows": 29996, "Plan Width": 12}]}]}, {"Node Type": "Hash", "Parent Relationship": "Inner", "Startup Cost": 1.17, "Total Cost": 1.17, "Plan Rows": 17, "Plan Width": 16, "Plans": [{"Node Type": "Seq Scan", "Parent Relationship": "Outer", "Relation Name": "link_type", "Alias": "lt", "Startup Cost": 0.0, "Total Cost": 1.17, "Plan Rows": 17, "Plan Width": 16}]}]}]}]}]}]}]}]}, "Unique SQL Id": 524435555, "Planner Runtime": 34}, "explain_analyze_plan": null}, "(16, 75)": {"explain_plan": {"Plan": {"Node Type": "Aggregate", "Strategy": "Plain", "Startup Cost": 4103059830084.63, "Total Cost": 4103059830084.64, "Plan Rows": 1, "Plan Width": 142, "Plans": [{"Node Type": "Merge Join", "Parent Relationship": "Outer", "Join Type": "Inner", "Startup Cost": 3114387589920.25, "Total Cost": 4103059830083.48, "Plan Rows": 154, "Plan Width": 46, "Inner Unique": true, "Merge Cond": "(ml.linked_movie_id = t2.id)", "Plans": [{"Node Type": "Sort", "Parent Relationship": "Outer", "Startup Cost": 3104266594756.02, "Total Cost": 3104266594756.4, "Plan Rows": 154, "Plan Width": 33, "Sort Key": ["ml.linked_movie_id"], "Plans": [{"Node Type": "Hash Join", "Parent Relationship": "Outer", "Join Type": "Inner", "Startup Cost": 2114266276473.82, "Total Cost": 3104266594750.42, "Plan Rows": 154, "Plan Width": 33, "Inner Unique": false, "Hash Cond": "(k.id = mk.keyword_id)", "Plans": [{"Node Type": "Index Scan", "Parent Relationship": "Outer", "Scan Direction": "Forward", "Index Name": "keyword_pkey", "Relation Name": "keyword", "Alias": "k", "Startup Cost": 10000000000.0, "Total Cost": 1000000318271.68, "Plan Rows": 1, "Plan Width": 4, "Filter": "((keyword)::text = '10,000-mile-club'::text)"}, {"Node Type": "Hash", "Parent Relationship": "Inner", "Startup Cost": 2104266273457.08, "Total Cost": 2104266273457.08, "Plan Rows": 241339, "Plan Width": 37, "Plans": [{"Node Type": "Merge Join", "Parent Relationship": "Outer", "Join Type": "Inner", "Startup Cost": 1172501562824.25, "Total Cost": 2104266273457.08, "Plan Rows": 241339, "Plan Width": 37, "Inner Unique": false, "Merge Cond": "(lt.id = ml.link_type_id)", "Plans": [{"Node Type": "Index Scan", "Parent Relationship": "Outer", "Scan Direction": "Forward", "Index Name": "link_type_pkey", "Relation Name": "link_type", "Alias": "lt", "Startup Cost": 10000000000.0, "Total Cost": 1000000001250.5, "Plan Rows": 17, "Plan Width": 16}, {"Node Type": "Sort", "Parent Relationship": "Inner", "Startup Cost": 1162501562777.66, "Total Cost": 1162501563381.01, "Plan Rows": 241339, "Plan Width": 29, "Sort Key": ["ml.link_type_id"], "Plans": [{"Node Type": "Merge Join", "Parent Relationship": "Outer", "Join Type": "Inner", "Startup Cost": 30162989099.11, "Total Cost": 1162501541201.11, "Plan Rows": 241339, "Plan Width": 29, "Inner Unique": false, "Merge Cond": "(t1.id = ml.movie_id)", "Plans": [{"Node Type": "Merge Join", "Parent Relationship": "Outer", "Join Type": "Inner", "Startup Cost": 20120995164.23, "Total Cost": 1999054106967.89, "Plan Rows": 4523929, "Plan Width": 29, "Inner Unique": false, "Merge Cond": "(t1.id = mk.movie_id)", "Plans": [{"Node Type": "Index Scan", "Parent Relationship": "Outer", "Scan Direction": "Forward", "Index Name": "title_pkey", "Relation Name": "title", "Alias": "t1", "Startup Cost": 10000000000.0, "Total Cost": 1000011012048.91, "Plan Rows": 2528311, "Plan Width": 21}, {"Node Type": "Index Scan", "Parent Relationship": "Inner", "Scan Direction": "Forward", "Index Name": "movie_id_movie_keyword", "Relation Name": "movie_keyword", "Alias": "mk", "Startup Cost": 10000000000.0, "Total Cost": 1000015300634.17, "Plan Rows": 4523929, "Plan Width": 8}]}, {"Node Type": "Materialize", "Parent Relationship": "Inner", "Startup Cost": 10000000000.0, "Total Cost": 1000000106277.36, "Plan Rows": 29996, "Plan Width": 12, "Plans": [{"Node Type": "Index Scan", "Parent Relationship": "Outer", "Scan Direction": "Forward", "Index Name": "movie_id_movie_link", "Relation Name": "movie_link", "Alias": "ml", "Startup Cost": 10000000000.0, "Total Cost": 1000000106202.37, "Plan Rows": 29996, "Plan Width": 12}]}]}]}]}]}]}]}, {"Node Type": "Index Scan", "Parent Relationship": "Inner", "Scan Direction": "Forward", "Index Name": "title_pkey", "Relation Name": "title", "Alias": "t2", "Startup Cost": 10000000000.0, "Total Cost": 1000011012048.91, "Plan Rows": 2528311, "Plan Width": 21}]}]}, "Unique SQL Id": 524435555, "Planner Runtime": 19}, "explain_analyze_plan": null}, "(16, 76)": {"explain_plan": {"Plan": {"Node Type": "Aggregate", "Strategy": "Plain", "Startup Cost": 3265.11, "Total Cost": 3265.12, "Plan Rows": 1, "Plan Width": 142, "Plans": [{"Node Type": "Nested Loop", "Parent Relationship": "Outer", "Join Type": "Inner", "Startup Cost": 1.38, "Total Cost": 3263.96, "Plan Rows": 154, "Plan Width": 46, "Inner Unique": true, "Plans": [{"Node Type": "Hash Join", "Parent Relationship": "Outer", "Join Type": "Inner", "Startup Cost": 1.38, "Total Cost": 2600.38, "Plan Rows": 154, "Plan Width": 33, "Inner Unique": true, "Hash Cond": "(ml.link_type_id = lt.id)", "Plans": [{"Node Type": "Nested Loop", "Parent Relationship": "Outer", "Join Type": "Inner", "Startup Cost": 0.0, "Total Cost": 2597.06, "Plan Rows": 154, "Plan Width": 25, "Inner Unique": false, "Plans": [{"Node Type": "Nested Loop", "Parent Relationship": "Outer", "Join Type": "Inner", "Startup Cost": 0.0, "Total Cost": 2583.84, "Plan Rows": 33, "Plan Width": 25, "Inner Unique": true, "Plans": [{"Node Type": "Nested Loop", "Parent Relationship": "Outer", "Join Type": "Inner", "Startup Cost": 0.0, "Total Cost": 2573.32, "Plan Rows": 33, "Plan Width": 4, "Inner Unique": false, "Plans": [{"Node Type": "Seq Scan", "Parent Relationship": "Outer", "Relation Name": "keyword", "Alias": "k", "Startup Cost": 0.0, "Total Cost": 2436.11, "Plan Rows": 1, "Plan Width": 4, "Filter": "((keyword)::text = '10,000-mile-club'::text)"}, {"Node Type": "Index Scan", "Parent Relationship": "Inner", "Scan Direction": "Forward", "Index Name": "keyword_id_movie_keyword", "Relation Name": "movie_keyword", "Alias": "mk", "Startup Cost": 0.0, "Total Cost": 136.88, "Plan Rows": 33, "Plan Width": 8, "Index Cond": "(keyword_id = k.id)"}]}, {"Node Type": "Index Scan", "Parent Relationship": "Inner", "Scan Direction": "Forward", "Index Name": "title_pkey", "Relation Name": "title", "Alias": "t1", "Startup Cost": 0.0, "Total Cost": 0.31, "Plan Rows": 1, "Plan Width": 21, "Index Cond": "(id = mk.movie_id)"}]}, {"Node Type": "Index Scan", "Parent Relationship": "Inner", "Scan Direction": "Forward", "Index Name": "movie_id_movie_link", "Relation Name": "movie_link", "Alias": "ml", "Startup Cost": 0.0, "Total Cost": 0.35, "Plan Rows": 5, "Plan Width": 12, "Index Cond": "(movie_id = t1.id)"}]}, {"Node Type": "Hash", "Parent Relationship": "Inner", "Startup Cost": 1.17, "Total Cost": 1.17, "Plan Rows": 17, "Plan Width": 16, "Plans": [{"Node Type": "Seq Scan", "Parent Relationship": "Outer", "Relation Name": "link_type", "Alias": "lt", "Startup Cost": 0.0, "Total Cost": 1.17, "Plan Rows": 17, "Plan Width": 16}]}]}, {"Node Type": "Index Scan", "Parent Relationship": "Inner", "Scan Direction": "Forward", "Index Name": "title_pkey", "Relation Name": "title", "Alias": "t2", "Startup Cost": 0.0, "Total Cost": 4.3, "Plan Rows": 1, "Plan Width": 21, "Index Cond": "(id = ml.linked_movie_id)"}]}]}, "Unique SQL Id": 524435555, "Planner Runtime": 20}, "explain_analyze_plan": {"Plan": {"Node Type": "Aggregate", "Strategy": "Plain", "Startup Cost": 3265.11, "Total Cost": 3265.12, "Plan Rows": 1, "Plan Width": 142, "Actual Startup Time": 40.785, "Actual Total Time": 40.786, "Actual Rows": 1, "Actual Loops": 1, "Plans": [{"Node Type": "Nested Loop", "Parent Relationship": "Outer", "Join Type": "Inner", "Startup Cost": 1.38, "Total Cost": 3263.96, "Plan Rows": 154, "Plan Width": 46, "Actual Startup Time": 40.779, "Actual Total Time": 40.779, "Actual Rows": 0, "Actual Loops": 1, "Inner Unique": true, "Plans": [{"Node Type": "Hash Join", "Parent Relationship": "Outer", "Join Type": "Inner", "Startup Cost": 1.38, "Total Cost": 2600.38, "Plan Rows": 154, "Plan Width": 33, "Actual Startup Time": 40.779, "Actual Total Time": 40.779, "Actual Rows": 0, "Actual Loops": 1, "Inner Unique": true, "Hash Cond": "(ml.link_type_id = lt.id)", "Plans": [{"Node Type": "Nested Loop", "Parent Relationship": "Outer", "Join Type": "Inner", "Startup Cost": 0.0, "Total Cost": 2597.06, "Plan Rows": 154, "Plan Width": 25, "Actual Startup Time": 40.774, "Actual Total Time": 40.774, "Actual Rows": 0, "Actual Loops": 1, "Inner Unique": false, "Plans": [{"Node Type": "Nested Loop", "Parent Relationship": "Outer", "Join Type": "Inner", "Startup Cost": 0.0, "Total Cost": 2583.84, "Plan Rows": 33, "Plan Width": 25, "Actual Startup Time": 39.89, "Actual Total Time": 40.769, "Actual Rows": 1, "Actual Loops": 1, "Inner Unique": true, "Plans": [{"Node Type": "Nested Loop", "Parent Relationship": "Outer", "Join Type": "Inner", "Startup Cost": 0.0, "Total Cost": 2573.32, "Plan Rows": 33, "Plan Width": 4, "Actual Startup Time": 39.876, "Actual Total Time": 40.753, "Actual Rows": 1, "Actual Loops": 1, "Inner Unique": false, "Plans": [{"Node Type": "Seq Scan", "Parent Relationship": "Outer", "Relation Name": "keyword", "Alias": "k", "Startup Cost": 0.0, "Total Cost": 2436.11, "Plan Rows": 1, "Plan Width": 4, "Actual Startup Time": 39.849, "Actual Total Time": 40.724, "Actual Rows": 1, "Actual Loops": 1, "Filter": "((keyword)::text = '10,000-mile-club'::text)", "Rows Removed by Filter": 134168}, {"Node Type": "Index Scan", "Parent Relationship": "Inner", "Scan Direction": "Forward", "Index Name": "keyword_id_movie_keyword", "Relation Name": "movie_keyword", "Alias": "mk", "Startup Cost": 0.0, "Total Cost": 136.88, "Plan Rows": 33, "Plan Width": 8, "Actual Startup Time": 0.02, "Actual Total Time": 0.021, "Actual Rows": 1, "Actual Loops": 1, "Index Cond": "(keyword_id = k.id)", "Rows Removed by Index Recheck": 0}]}, {"Node Type": "Index Scan", "Parent Relationship": "Inner", "Scan Direction": "Forward", "Index Name": "title_pkey", "Relation Name": "title", "Alias": "t1", "Startup Cost": 0.0, "Total Cost": 0.31, "Plan Rows": 1, "Plan Width": 21, "Actual Startup Time": 0.012, "Actual Total Time": 0.012, "Actual Rows": 1, "Actual Loops": 1, "Index Cond": "(id = mk.movie_id)", "Rows Removed by Index Recheck": 0}]}, {"Node Type": "Index Scan", "Parent Relationship": "Inner", "Scan Direction": "Forward", "Index Name": "movie_id_movie_link", "Relation Name": "movie_link", "Alias": "ml", "Startup Cost": 0.0, "Total Cost": 0.35, "Plan Rows": 5, "Plan Width": 12, "Actual Startup Time": 0.003, "Actual Total Time": 0.003, "Actual Rows": 0, "Actual Loops": 1, "Index Cond": "(movie_id = t1.id)", "Rows Removed by Index Recheck": 0}]}, {"Node Type": "Hash", "Parent Relationship": "Inner", "Startup Cost": 1.17, "Total Cost": 1.17, "Plan Rows": 17, "Plan Width": 16, "Actual Startup Time": 0.0, "Actual Total Time": 0.0, "Hash Buckets": 0, "Hash Batches": 0, "Original Hash Batches": 0, "Peak Memory Usage": 0, "Plans": [{"Node Type": "Seq Scan", "Parent Relationship": "Outer", "Relation Name": "link_type", "Alias": "lt", "Startup Cost": 0.0, "Total Cost": 1.17, "Plan Rows": 17, "Plan Width": 16, "Actual Startup Time": 0.0, "Actual Total Time": 0.0}]}]}, {"Node Type": "Index Scan", "Parent Relationship": "Inner", "Scan Direction": "Forward", "Index Name": "title_pkey", "Relation Name": "title", "Alias": "t2", "Startup Cost": 0.0, "Total Cost": 4.3, "Plan Rows": 1, "Plan Width": 21, "Actual Startup Time": 0.0, "Actual Total Time": 0.0, "Index Cond": "(id = ml.linked_movie_id)", "Rows Removed by Index Recheck": 0}]}]}, "Triggers": [], "Planner Runtime": 19, "Total Runtime": 41.015, "Unique SQL Id": 524435555}}, "(16, 77)": {"explain_plan": {"Plan": {"Node Type": "Aggregate", "Strategy": "Plain", "Startup Cost": 4051.57, "Total Cost": 4051.58, "Plan Rows": 1, "Plan Width": 142, "Plans": [{"Node Type": "Nested Loop", "Parent Relationship": "Outer", "Join Type": "Inner", "Startup Cost": 0.0, "Total Cost": 4050.42, "Plan Rows": 154, "Plan Width": 46, "Inner Unique": true, "Plans": [{"Node Type": "Nested Loop", "Parent Relationship": "Outer", "Join Type": "Inner", "Startup Cost": 0.0, "Total Cost": 3386.84, "Plan Rows": 154, "Plan Width": 33, "Inner Unique": true, "Plans": [{"Node Type": "Nested Loop", "Parent Relationship": "Outer", "Join Type": "Inner", "Startup Cost": 0.0, "Total Cost": 3343.66, "Plan Rows": 154, "Plan Width": 25, "Inner Unique": false, "Plans": [{"Node Type": "Nested Loop", "Parent Relationship": "Outer", "Join Type": "Inner", "Startup Cost": 0.0, "Total Cost": 3330.45, "Plan Rows": 33, "Plan Width": 25, "Inner Unique": true, "Plans": [{"Node Type": "Nested Loop", "Parent Relationship": "Outer", "Join Type": "Inner", "Startup Cost": 0.0, "Total Cost": 3319.92, "Plan Rows": 33, "Plan Width": 4, "Inner Unique": false, "Plans": [{"Node Type": "Index Scan", "Parent Relationship": "Outer", "Scan Direction": "Forward", "Index Name": "keyword_pkey", "Relation Name": "keyword", "Alias": "k", "Startup Cost": 0.0, "Total Cost": 3182.72, "Plan Rows": 1, "Plan Width": 4, "Filter": "((keyword)::text = '10,000-mile-club'::text)"}, {"Node Type": "Index Scan", "Parent Relationship": "Inner", "Scan Direction": "Forward", "Index Name": "keyword_id_movie_keyword", "Relation Name": "movie_keyword", "Alias": "mk", "Startup Cost": 0.0, "Total Cost": 136.88, "Plan Rows": 33, "Plan Width": 8, "Index Cond": "(keyword_id = k.id)"}]}, {"Node Type": "Index Scan", "Parent Relationship": "Inner", "Scan Direction": "Forward", "Index Name": "title_pkey", "Relation Name": "title", "Alias": "t1", "Startup Cost": 0.0, "Total Cost": 0.31, "Plan Rows": 1, "Plan Width": 21, "Index Cond": "(id = mk.movie_id)"}]}, {"Node Type": "Index Scan", "Parent Relationship": "Inner", "Scan Direction": "Forward", "Index Name": "movie_id_movie_link", "Relation Name": "movie_link", "Alias": "ml", "Startup Cost": 0.0, "Total Cost": 0.35, "Plan Rows": 5, "Plan Width": 12, "Index Cond": "(movie_id = t1.id)"}]}, {"Node Type": "Index Scan", "Parent Relationship": "Inner", "Scan Direction": "Forward", "Index Name": "link_type_pkey", "Relation Name": "link_type", "Alias": "lt", "Startup Cost": 0.0, "Total Cost": 0.27, "Plan Rows": 1, "Plan Width": 16, "Index Cond": "(id = ml.link_type_id)"}]}, {"Node Type": "Index Scan", "Parent Relationship": "Inner", "Scan Direction": "Forward", "Index Name": "title_pkey", "Relation Name": "title", "Alias": "t2", "Startup Cost": 0.0, "Total Cost": 4.3, "Plan Rows": 1, "Plan Width": 21, "Index Cond": "(id = ml.linked_movie_id)"}]}]}, "Unique SQL Id": 524435555, "Planner Runtime": 14}, "explain_analyze_plan": {"Plan": {"Node Type": "Aggregate", "Strategy": "Plain", "Startup Cost": 4051.57, "Total Cost": 4051.58, "Plan Rows": 1, "Plan Width": 142, "Actual Startup Time": 113.661, "Actual Total Time": 113.661, "Actual Rows": 1, "Actual Loops": 1, "Plans": [{"Node Type": "Nested Loop", "Parent Relationship": "Outer", "Join Type": "Inner", "Startup Cost": 0.0, "Total Cost": 4050.42, "Plan Rows": 154, "Plan Width": 46, "Actual Startup Time": 113.657, "Actual Total Time": 113.657, "Actual Rows": 0, "Actual Loops": 1, "Inner Unique": true, "Plans": [{"Node Type": "Nested Loop", "Parent Relationship": "Outer", "Join Type": "Inner", "Startup Cost": 0.0, "Total Cost": 3386.84, "Plan Rows": 154, "Plan Width": 33, "Actual Startup Time": 113.656, "Actual Total Time": 113.656, "Actual Rows": 0, "Actual Loops": 1, "Inner Unique": true, "Plans": [{"Node Type": "Nested Loop", "Parent Relationship": "Outer", "Join Type": "Inner", "Startup Cost": 0.0, "Total Cost": 3343.66, "Plan Rows": 154, "Plan Width": 25, "Actual Startup Time": 113.654, "Actual Total Time": 113.654, "Actual Rows": 0, "Actual Loops": 1, "Inner Unique": false, "Plans": [{"Node Type": "Nested Loop", "Parent Relationship": "Outer", "Join Type": "Inner", "Startup Cost": 0.0, "Total Cost": 3330.45, "Plan Rows": 33, "Plan Width": 25, "Actual Startup Time": 111.786, "Actual Total Time": 113.649, "Actual Rows": 1, "Actual Loops": 1, "Inner Unique": true, "Plans": [{"Node Type": "Nested Loop", "Parent Relationship": "Outer", "Join Type": "Inner", "Startup Cost": 0.0, "Total Cost": 3319.92, "Plan Rows": 33, "Plan Width": 4, "Actual Startup Time": 111.771, "Actual Total Time": 113.633, "Actual Rows": 1, "Actual Loops": 1, "Inner Unique": false, "Plans": [{"Node Type": "Index Scan", "Parent Relationship": "Outer", "Scan Direction": "Forward", "Index Name": "keyword_pkey", "Relation Name": "keyword", "Alias": "k", "Startup Cost": 0.0, "Total Cost": 3182.72, "Plan Rows": 1, "Plan Width": 4, "Actual Startup Time": 111.744, "Actual Total Time": 113.604, "Actual Rows": 1, "Actual Loops": 1, "Filter": "((keyword)::text = '10,000-mile-club'::text)", "Rows Removed by Filter": 134168}, {"Node Type": "Index Scan", "Parent Relationship": "Inner", "Scan Direction": "Forward", "Index Name": "keyword_id_movie_keyword", "Relation Name": "movie_keyword", "Alias": "mk", "Startup Cost": 0.0, "Total Cost": 136.88, "Plan Rows": 33, "Plan Width": 8, "Actual Startup Time": 0.017, "Actual Total Time": 0.017, "Actual Rows": 1, "Actual Loops": 1, "Index Cond": "(keyword_id = k.id)", "Rows Removed by Index Recheck": 0}]}, {"Node Type": "Index Scan", "Parent Relationship": "Inner", "Scan Direction": "Forward", "Index Name": "title_pkey", "Relation Name": "title", "Alias": "t1", "Startup Cost": 0.0, "Total Cost": 0.31, "Plan Rows": 1, "Plan Width": 21, "Actual Startup Time": 0.012, "Actual Total Time": 0.012, "Actual Rows": 1, "Actual Loops": 1, "Index Cond": "(id = mk.movie_id)", "Rows Removed by Index Recheck": 0}]}, {"Node Type": "Index Scan", "Parent Relationship": "Inner", "Scan Direction": "Forward", "Index Name": "movie_id_movie_link", "Relation Name": "movie_link", "Alias": "ml", "Startup Cost": 0.0, "Total Cost": 0.35, "Plan Rows": 5, "Plan Width": 12, "Actual Startup Time": 0.003, "Actual Total Time": 0.003, "Actual Rows": 0, "Actual Loops": 1, "Index Cond": "(movie_id = t1.id)", "Rows Removed by Index Recheck": 0}]}, {"Node Type": "Index Scan", "Parent Relationship": "Inner", "Scan Direction": "Forward", "Index Name": "link_type_pkey", "Relation Name": "link_type", "Alias": "lt", "Startup Cost": 0.0, "Total Cost": 0.27, "Plan Rows": 1, "Plan Width": 16, "Actual Startup Time": 0.0, "Actual Total Time": 0.0, "Index Cond": "(id = ml.link_type_id)", "Rows Removed by Index Recheck": 0}]}, {"Node Type": "Index Scan", "Parent Relationship": "Inner", "Scan Direction": "Forward", "Index Name": "title_pkey", "Relation Name": "title", "Alias": "t2", "Startup Cost": 0.0, "Total Cost": 4.3, "Plan Rows": 1, "Plan Width": 21, "Actual Startup Time": 0.0, "Actual Total Time": 0.0, "Index Cond": "(id = ml.linked_movie_id)", "Rows Removed by Index Recheck": 0}]}]}, "Triggers": [], "Planner Runtime": 3, "Total Runtime": 113.879, "Unique SQL Id": 524435555}}, "(16, 78)": {"explain_plan": {"Plan": {"Node Type": "Aggregate", "Strategy": "Plain", "Startup Cost": 106615.63, "Total Cost": 106615.66, "Plan Rows": 1, "Plan Width": 142, "Plans": [{"Node Type": "Streaming(type: LOCAL GATHER dop: 1/16)", "Parent Relationship": "Outer", "Startup Cost": 106615.63, "Total Cost": 106615.66, "Plan Rows": 1, "Plan Width": 142, "Plans": [{"Node Type": "Aggregate", "Strategy": "Plain", "Parent Relationship": "Outer", "Startup Cost": 106615.63, "Total Cost": 106615.64, "Plan Rows": 1, "Plan Width": 142, "Plans": [{"Node Type": "Hash Join", "Parent Relationship": "Outer", "Join Type": "Inner", "Startup Cost": 87267.48, "Total Cost": 106614.47, "Plan Rows": 154, "Plan Width": 46, "Inner Unique": false, "Hash Cond": "(t2.id = ml.linked_movie_id)", "Plans": [{"Node Type": "Seq Scan", "Parent Relationship": "Outer", "Relation Name": "title", "Alias": "t2", "Startup Cost": 0.0, "Total Cost": 18754.32, "Plan Rows": 2528311, "Plan Width": 21}, {"Node Type": "Hash", "Parent Relationship": "Inner", "Startup Cost": 87265.56, "Total Cost": 87265.56, "Plan Rows": 2464, "Plan Width": 33, "Plans": [{"Node Type": "Streaming(type: BROADCAST dop: 16/1)", "Parent Relationship": "Outer", "Startup Cost": 52856.75, "Total Cost": 87265.56, "Plan Rows": 2464, "Plan Width": 33, "Plans": [{"Node Type": "Hash Join", "Parent Relationship": "Outer", "Join Type": "Inner", "Startup Cost": 52856.75, "Total Cost": 72212.38, "Plan Rows": 154, "Plan Width": 33, "Inner Unique": true, "Hash Cond": "(ml.link_type_id = lt.id)", "Plans": [{"Node Type": "Hash Join", "Parent Relationship": "Outer", "Join Type": "Inner", "Startup Cost": 52855.37, "Total Cost": 72208.88, "Plan Rows": 154, "Plan Width": 25, "Inner Unique": false, "Hash Cond": "(t1.id = ml.movie_id)", "Plans": [{"Node Type": "Streaming(type: LOCAL GATHER dop: 1/16)", "Parent Relationship": "Outer", "Startup Cost": 52049.46, "Total Cost": 71397.08, "Plan Rows": 33, "Plan Width": 25, "Plans": [{"Node Type": "Hash Join", "Parent Relationship": "Outer", "Join Type": "Inner", "Startup Cost": 52049.46, "Total Cost": 71396.37, "Plan Rows": 33, "Plan Width": 25, "Inner Unique": false, "Hash Cond": "(t1.id = mk.movie_id)", "Plans": [{"Node Type": "Seq Scan", "Parent Relationship": "Outer", "Relation Name": "title", "Alias": "t1", "Startup Cost": 0.0, "Total Cost": 18754.32, "Plan Rows": 2528311, "Plan Width": 21}, {"Node Type": "Hash", "Parent Relationship": "Inner", "Startup Cost": 52049.04, "Total Cost": 52049.04, "Plan Rows": 528, "Plan Width": 4, "Plans": [{"Node Type": "Streaming(type: BROADCAST dop: 16/16)", "Parent Relationship": "Outer", "Startup Cost": 17436.47, "Total Cost": 52049.04, "Plan Rows": 528, "Plan Width": 4, "Plans": [{"Node Type": "Hash Join", "Parent Relationship": "Outer", "Join Type": "Inner", "Startup Cost": 17436.47, "Total Cost": 37047.7, "Plan Rows": 33, "Plan Width": 4, "Inner Unique": true, "Hash Cond": "(mk.keyword_id = k.id)", "Plans": [{"Node Type": "Seq Scan", "Parent Relationship": "Outer", "Relation Name": "movie_keyword", "Alias": "mk", "Startup Cost": 0.0, "Total Cost": 18902.58, "Plan Rows": 4523929, "Plan Width": 8}, {"Node Type": "Hash", "Parent Relationship": "Inner", "Startup Cost": 17436.46, "Total Cost": 17436.46, "Plan Rows": 16, "Plan Width": 4, "Plans": [{"Node Type": "Streaming(type: BROADCAST dop: 16/1)", "Parent Relationship": "Outer", "Startup Cost": 0.0, "Total Cost": 17436.46, "Plan Rows": 16, "Plan Width": 4, "Plans": [{"Node Type": "Seq Scan", "Parent Relationship": "Outer", "Relation Name": "keyword", "Alias": "k", "Startup Cost": 0.0, "Total Cost": 2436.11, "Plan Rows": 1, "Plan Width": 4, "Filter": "((keyword)::text = '10,000-mile-club'::text)"}]}]}]}]}]}]}]}, {"Node Type": "Hash", "Parent Relationship": "Inner", "Startup Cost": 430.96, "Total Cost": 430.96, "Plan Rows": 29996, "Plan Width": 12, "Plans": [{"Node Type": "Seq Scan", "Parent Relationship": "Outer", "Relation Name": "movie_link", "Alias": "ml", "Startup Cost": 0.0, "Total Cost": 430.96, "Plan Rows": 29996, "Plan Width": 12}]}]}, {"Node Type": "Hash", "Parent Relationship": "Inner", "Startup Cost": 1.17, "Total Cost": 1.17, "Plan Rows": 17, "Plan Width": 16, "Plans": [{"Node Type": "Seq Scan", "Parent Relationship": "Outer", "Relation Name": "link_type", "Alias": "lt", "Startup Cost": 0.0, "Total Cost": 1.17, "Plan Rows": 17, "Plan Width": 16}]}]}]}]}]}]}]}]}, "Unique SQL Id": 524435555, "Planner Runtime": 34}, "explain_analyze_plan": null}, "(16, 79)": {"explain_plan": {"Plan": {"Node Type": "Aggregate", "Strategy": "Plain", "Startup Cost": 4103059830084.63, "Total Cost": 4103059830084.64, "Plan Rows": 1, "Plan Width": 142, "Plans": [{"Node Type": "Merge Join", "Parent Relationship": "Outer", "Join Type": "Inner", "Startup Cost": 3114387589920.25, "Total Cost": 4103059830083.48, "Plan Rows": 154, "Plan Width": 46, "Inner Unique": true, "Merge Cond": "(ml.linked_movie_id = t2.id)", "Plans": [{"Node Type": "Sort", "Parent Relationship": "Outer", "Startup Cost": 3104266594756.02, "Total Cost": 3104266594756.4, "Plan Rows": 154, "Plan Width": 33, "Sort Key": ["ml.linked_movie_id"], "Plans": [{"Node Type": "Hash Join", "Parent Relationship": "Outer", "Join Type": "Inner", "Startup Cost": 2114266276473.82, "Total Cost": 3104266594750.42, "Plan Rows": 154, "Plan Width": 33, "Inner Unique": false, "Hash Cond": "(k.id = mk.keyword_id)", "Plans": [{"Node Type": "Index Scan", "Parent Relationship": "Outer", "Scan Direction": "Forward", "Index Name": "keyword_pkey", "Relation Name": "keyword", "Alias": "k", "Startup Cost": 10000000000.0, "Total Cost": 1000000318271.68, "Plan Rows": 1, "Plan Width": 4, "Filter": "((keyword)::text = '10,000-mile-club'::text)"}, {"Node Type": "Hash", "Parent Relationship": "Inner", "Startup Cost": 2104266273457.08, "Total Cost": 2104266273457.08, "Plan Rows": 241339, "Plan Width": 37, "Plans": [{"Node Type": "Merge Join", "Parent Relationship": "Outer", "Join Type": "Inner", "Startup Cost": 1172501562824.25, "Total Cost": 2104266273457.08, "Plan Rows": 241339, "Plan Width": 37, "Inner Unique": false, "Merge Cond": "(lt.id = ml.link_type_id)", "Plans": [{"Node Type": "Index Scan", "Parent Relationship": "Outer", "Scan Direction": "Forward", "Index Name": "link_type_pkey", "Relation Name": "link_type", "Alias": "lt", "Startup Cost": 10000000000.0, "Total Cost": 1000000001250.5, "Plan Rows": 17, "Plan Width": 16}, {"Node Type": "Sort", "Parent Relationship": "Inner", "Startup Cost": 1162501562777.66, "Total Cost": 1162501563381.01, "Plan Rows": 241339, "Plan Width": 29, "Sort Key": ["ml.link_type_id"], "Plans": [{"Node Type": "Merge Join", "Parent Relationship": "Outer", "Join Type": "Inner", "Startup Cost": 30162989099.11, "Total Cost": 1162501541201.11, "Plan Rows": 241339, "Plan Width": 29, "Inner Unique": false, "Merge Cond": "(t1.id = ml.movie_id)", "Plans": [{"Node Type": "Merge Join", "Parent Relationship": "Outer", "Join Type": "Inner", "Startup Cost": 20120995164.23, "Total Cost": 1999054106967.89, "Plan Rows": 4523929, "Plan Width": 29, "Inner Unique": false, "Merge Cond": "(t1.id = mk.movie_id)", "Plans": [{"Node Type": "Index Scan", "Parent Relationship": "Outer", "Scan Direction": "Forward", "Index Name": "title_pkey", "Relation Name": "title", "Alias": "t1", "Startup Cost": 10000000000.0, "Total Cost": 1000011012048.91, "Plan Rows": 2528311, "Plan Width": 21}, {"Node Type": "Index Scan", "Parent Relationship": "Inner", "Scan Direction": "Forward", "Index Name": "movie_id_movie_keyword", "Relation Name": "movie_keyword", "Alias": "mk", "Startup Cost": 10000000000.0, "Total Cost": 1000015300634.17, "Plan Rows": 4523929, "Plan Width": 8}]}, {"Node Type": "Materialize", "Parent Relationship": "Inner", "Startup Cost": 10000000000.0, "Total Cost": 1000000106277.36, "Plan Rows": 29996, "Plan Width": 12, "Plans": [{"Node Type": "Index Scan", "Parent Relationship": "Outer", "Scan Direction": "Forward", "Index Name": "movie_id_movie_link", "Relation Name": "movie_link", "Alias": "ml", "Startup Cost": 10000000000.0, "Total Cost": 1000000106202.37, "Plan Rows": 29996, "Plan Width": 12}]}]}]}]}]}]}]}, {"Node Type": "Index Scan", "Parent Relationship": "Inner", "Scan Direction": "Forward", "Index Name": "title_pkey", "Relation Name": "title", "Alias": "t2", "Startup Cost": 10000000000.0, "Total Cost": 1000011012048.91, "Plan Rows": 2528311, "Plan Width": 21}]}]}, "Unique SQL Id": 524435555, "Planner Runtime": 19}, "explain_analyze_plan": null}, "(16, 80)": {"explain_plan": {"Plan": {"Node Type": "Aggregate", "Strategy": "Plain", "Startup Cost": 3267.0, "Total Cost": 3267.01, "Plan Rows": 1, "Plan Width": 142, "Plans": [{"Node Type": "Nested Loop", "Parent Relationship": "Outer", "Join Type": "Inner", "Startup Cost": 2599.91, "Total Cost": 3265.84, "Plan Rows": 154, "Plan Width": 46, "Inner Unique": true, "Plans": [{"Node Type": "Merge Join", "Parent Relationship": "Outer", "Join Type": "Inner", "Startup Cost": 2599.91, "Total Cost": 2602.27, "Plan Rows": 154, "Plan Width": 33, "Inner Unique": false, "Merge Cond": "(lt.id = ml.link_type_id)", "Plans": [{"Node Type": "Sort", "Parent Relationship": "Outer", "Startup Cost": 1.52, "Total Cost": 1.56, "Plan Rows": 17, "Plan Width": 16, "Sort Key": ["lt.id"], "Plans": [{"Node Type": "Seq Scan", "Parent Relationship": "Outer", "Relation Name": "link_type", "Alias": "lt", "Startup Cost": 0.0, "Total Cost": 1.17, "Plan Rows": 17, "Plan Width": 16}]}, {"Node Type": "Sort", "Parent Relationship": "Inner", "Startup Cost": 2598.36, "Total Cost": 2598.74, "Plan Rows": 154, "Plan Width": 25, "Sort Key": ["ml.link_type_id"], "Plans": [{"Node Type": "Nested Loop", "Parent Relationship": "Outer", "Join Type": "Inner", "Startup Cost": 4.51, "Total Cost": 2592.76, "Plan Rows": 154, "Plan Width": 25, "Inner Unique": false, "Plans": [{"Node Type": "Nested Loop", "Parent Relationship": "Outer", "Join Type": "Inner", "Startup Cost": 4.51, "Total Cost": 2579.55, "Plan Rows": 33, "Plan Width": 25, "Inner Unique": true, "Plans": [{"Node Type": "Nested Loop", "Parent Relationship": "Outer", "Join Type": "Inner", "Startup Cost": 4.51, "Total Cost": 2569.02, "Plan Rows": 33, "Plan Width": 4, "Inner Unique": false, "Plans": [{"Node Type": "Seq Scan", "Parent Relationship": "Outer", "Relation Name": "keyword", "Alias": "k", "Startup Cost": 0.0, "Total Cost": 2436.11, "Plan Rows": 1, "Plan Width": 4, "Filter": "((keyword)::text = '10,000-mile-club'::text)"}, {"Node Type": "Bitmap Heap Scan", "Parent Relationship": "Inner", "Relation Name": "movie_keyword", "Alias": "mk", "Startup Cost": 4.51, "Total Cost": 132.58, "Plan Rows": 33, "Plan Width": 8, "Recheck Cond": "(keyword_id = k.id)", "Plans": [{"Node Type": "Bitmap Index Scan", "Parent Relationship": "Outer", "Index Name": "keyword_id_movie_keyword", "Startup Cost": 0.0, "Total Cost": 4.5, "Plan Rows": 33, "Plan Width": 0, "Index Cond": "(keyword_id = k.id)"}]}]}, {"Node Type": "Index Scan", "Parent Relationship": "Inner", "Scan Direction": "Forward", "Index Name": "title_pkey", "Relation Name": "title", "Alias": "t1", "Startup Cost": 0.0, "Total Cost": 0.31, "Plan Rows": 1, "Plan Width": 21, "Index Cond": "(id = mk.movie_id)"}]}, {"Node Type": "Index Scan", "Parent Relationship": "Inner", "Scan Direction": "Forward", "Index Name": "movie_id_movie_link", "Relation Name": "movie_link", "Alias": "ml", "Startup Cost": 0.0, "Total Cost": 0.35, "Plan Rows": 5, "Plan Width": 12, "Index Cond": "(movie_id = t1.id)"}]}]}]}, {"Node Type": "Index Scan", "Parent Relationship": "Inner", "Scan Direction": "Forward", "Index Name": "title_pkey", "Relation Name": "title", "Alias": "t2", "Startup Cost": 0.0, "Total Cost": 4.3, "Plan Rows": 1, "Plan Width": 21, "Index Cond": "(id = ml.linked_movie_id)"}]}]}, "Unique SQL Id": 524435555, "Planner Runtime": 11}, "explain_analyze_plan": {"Plan": {"Node Type": "Aggregate", "Strategy": "Plain", "Startup Cost": 3267.0, "Total Cost": 3267.01, "Plan Rows": 1, "Plan Width": 142, "Actual Startup Time": 40.986, "Actual Total Time": 40.986, "Actual Rows": 1, "Actual Loops": 1, "Plans": [{"Node Type": "Nested Loop", "Parent Relationship": "Outer", "Join Type": "Inner", "Startup Cost": 2599.91, "Total Cost": 3265.84, "Plan Rows": 154, "Plan Width": 46, "Actual Startup Time": 40.981, "Actual Total Time": 40.981, "Actual Rows": 0, "Actual Loops": 1, "Inner Unique": true, "Plans": [{"Node Type": "Merge Join", "Parent Relationship": "Outer", "Join Type": "Inner", "Startup Cost": 2599.91, "Total Cost": 2602.27, "Plan Rows": 154, "Plan Width": 33, "Actual Startup Time": 40.979, "Actual Total Time": 40.979, "Actual Rows": 0, "Actual Loops": 1, "Inner Unique": false, "Merge Cond": "(lt.id = ml.link_type_id)", "Plans": [{"Node Type": "Sort", "Parent Relationship": "Outer", "Startup Cost": 1.52, "Total Cost": 1.56, "Plan Rows": 17, "Plan Width": 16, "Actual Startup Time": 0.032, "Actual Total Time": 0.032, "Actual Rows": 1, "Actual Loops": 1, "Sort Key": ["lt.id"], "Sort Method": "quicksort", "Sort Space Used": 26, "Sort Space Type": "Memory", "Plans": [{"Node Type": "Seq Scan", "Parent Relationship": "Outer", "Relation Name": "link_type", "Alias": "lt", "Startup Cost": 0.0, "Total Cost": 1.17, "Plan Rows": 17, "Plan Width": 16, "Actual Startup Time": 0.011, "Actual Total Time": 0.017, "Actual Rows": 17, "Actual Loops": 1}]}, {"Node Type": "Sort", "Parent Relationship": "Inner", "Startup Cost": 2598.36, "Total Cost": 2598.74, "Plan Rows": 154, "Plan Width": 25, "Actual Startup Time": 40.937, "Actual Total Time": 40.937, "Actual Rows": 0, "Actual Loops": 1, "Sort Key": ["ml.link_type_id"], "Sort Method": "quicksort", "Sort Space Used": 25, "Sort Space Type": "Memory", "Plans": [{"Node Type": "Nested Loop", "Parent Relationship": "Outer", "Join Type": "Inner", "Startup Cost": 4.51, "Total Cost": 2592.76, "Plan Rows": 154, "Plan Width": 25, "Actual Startup Time": 40.932, "Actual Total Time": 40.932, "Actual Rows": 0, "Actual Loops": 1, "Inner Unique": false, "Plans": [{"Node Type": "Nested Loop", "Parent Relationship": "Outer", "Join Type": "Inner", "Startup Cost": 4.51, "Total Cost": 2579.55, "Plan Rows": 33, "Plan Width": 25, "Actual Startup Time": 40.053, "Actual Total Time": 40.928, "Actual Rows": 1, "Actual Loops": 1, "Inner Unique": true, "Plans": [{"Node Type": "Nested Loop", "Parent Relationship": "Outer", "Join Type": "Inner", "Startup Cost": 4.51, "Total Cost": 2569.02, "Plan Rows": 33, "Plan Width": 4, "Actual Startup Time": 40.034, "Actual Total Time": 40.907, "Actual Rows": 1, "Actual Loops": 1, "Inner Unique": false, "Plans": [{"Node Type": "Seq Scan", "Parent Relationship": "Outer", "Relation Name": "keyword", "Alias": "k", "Startup Cost": 0.0, "Total Cost": 2436.11, "Plan Rows": 1, "Plan Width": 4, "Actual Startup Time": 39.992, "Actual Total Time": 40.864, "Actual Rows": 1, "Actual Loops": 1, "Filter": "((keyword)::text = '10,000-mile-club'::text)", "Rows Removed by Filter": 134168}, {"Node Type": "Bitmap Heap Scan", "Parent Relationship": "Inner", "Relation Name": "movie_keyword", "Alias": "mk", "Startup Cost": 4.51, "Total Cost": 132.58, "Plan Rows": 33, "Plan Width": 8, "Actual Startup Time": 0.032, "Actual Total Time": 0.032, "Actual Rows": 1, "Actual Loops": 1, "Recheck Cond": "(keyword_id = k.id)", "Rows Removed by Index Recheck": 0, "Exact Heap Blocks": 1, "Lossy Heap Blocks": 1, "Plans": [{"Node Type": "Bitmap Index Scan", "Parent Relationship": "Outer", "Index Name": "keyword_id_movie_keyword", "Startup Cost": 0.0, "Total Cost": 4.5, "Plan Rows": 33, "Plan Width": 0, "Actual Startup Time": 0.019, "Actual Total Time": 0.019, "Actual Rows": 1, "Actual Loops": 1, "Index Cond": "(keyword_id = k.id)"}]}]}, {"Node Type": "Index Scan", "Parent Relationship": "Inner", "Scan Direction": "Forward", "Index Name": "title_pkey", "Relation Name": "title", "Alias": "t1", "Startup Cost": 0.0, "Total Cost": 0.31, "Plan Rows": 1, "Plan Width": 21, "Actual Startup Time": 0.015, "Actual Total Time": 0.015, "Actual Rows": 1, "Actual Loops": 1, "Index Cond": "(id = mk.movie_id)", "Rows Removed by Index Recheck": 0}]}, {"Node Type": "Index Scan", "Parent Relationship": "Inner", "Scan Direction": "Forward", "Index Name": "movie_id_movie_link", "Relation Name": "movie_link", "Alias": "ml", "Startup Cost": 0.0, "Total Cost": 0.35, "Plan Rows": 5, "Plan Width": 12, "Actual Startup Time": 0.003, "Actual Total Time": 0.003, "Actual Rows": 0, "Actual Loops": 1, "Index Cond": "(movie_id = t1.id)", "Rows Removed by Index Recheck": 0}]}]}]}, {"Node Type": "Index Scan", "Parent Relationship": "Inner", "Scan Direction": "Forward", "Index Name": "title_pkey", "Relation Name": "title", "Alias": "t2", "Startup Cost": 0.0, "Total Cost": 4.3, "Plan Rows": 1, "Plan Width": 21, "Actual Startup Time": 0.0, "Actual Total Time": 0.0, "Index Cond": "(id = ml.linked_movie_id)", "Rows Removed by Index Recheck": 0}]}]}, "Triggers": [], "Planner Runtime": 12, "Total Runtime": 41.199, "Unique SQL Id": 524435555}}, "(16, 81)": {"explain_plan": {"Plan": {"Node Type": "Aggregate", "Strategy": "Plain", "Startup Cost": 4047.28, "Total Cost": 4047.29, "Plan Rows": 1, "Plan Width": 142, "Plans": [{"Node Type": "Nested Loop", "Parent Relationship": "Outer", "Join Type": "Inner", "Startup Cost": 4.51, "Total Cost": 4046.12, "Plan Rows": 154, "Plan Width": 46, "Inner Unique": true, "Plans": [{"Node Type": "Nested Loop", "Parent Relationship": "Outer", "Join Type": "Inner", "Startup Cost": 4.51, "Total Cost": 3382.55, "Plan Rows": 154, "Plan Width": 33, "Inner Unique": true, "Plans": [{"Node Type": "Nested Loop", "Parent Relationship": "Outer", "Join Type": "Inner", "Startup Cost": 4.51, "Total Cost": 3339.37, "Plan Rows": 154, "Plan Width": 25, "Inner Unique": false, "Plans": [{"Node Type": "Nested Loop", "Parent Relationship": "Outer", "Join Type": "Inner", "Startup Cost": 4.51, "Total Cost": 3326.15, "Plan Rows": 33, "Plan Width": 25, "Inner Unique": true, "Plans": [{"Node Type": "Nested Loop", "Parent Relationship": "Outer", "Join Type": "Inner", "Startup Cost": 4.51, "Total Cost": 3315.63, "Plan Rows": 33, "Plan Width": 4, "Inner Unique": false, "Plans": [{"Node Type": "Index Scan", "Parent Relationship": "Outer", "Scan Direction": "Forward", "Index Name": "keyword_pkey", "Relation Name": "keyword", "Alias": "k", "Startup Cost": 0.0, "Total Cost": 3182.72, "Plan Rows": 1, "Plan Width": 4, "Filter": "((keyword)::text = '10,000-mile-club'::text)"}, {"Node Type": "Bitmap Heap Scan", "Parent Relationship": "Inner", "Relation Name": "movie_keyword", "Alias": "mk", "Startup Cost": 4.51, "Total Cost": 132.58, "Plan Rows": 33, "Plan Width": 8, "Recheck Cond": "(keyword_id = k.id)", "Plans": [{"Node Type": "Bitmap Index Scan", "Parent Relationship": "Outer", "Index Name": "keyword_id_movie_keyword", "Startup Cost": 0.0, "Total Cost": 4.5, "Plan Rows": 33, "Plan Width": 0, "Index Cond": "(keyword_id = k.id)"}]}]}, {"Node Type": "Index Scan", "Parent Relationship": "Inner", "Scan Direction": "Forward", "Index Name": "title_pkey", "Relation Name": "title", "Alias": "t1", "Startup Cost": 0.0, "Total Cost": 0.31, "Plan Rows": 1, "Plan Width": 21, "Index Cond": "(id = mk.movie_id)"}]}, {"Node Type": "Index Scan", "Parent Relationship": "Inner", "Scan Direction": "Forward", "Index Name": "movie_id_movie_link", "Relation Name": "movie_link", "Alias": "ml", "Startup Cost": 0.0, "Total Cost": 0.35, "Plan Rows": 5, "Plan Width": 12, "Index Cond": "(movie_id = t1.id)"}]}, {"Node Type": "Index Scan", "Parent Relationship": "Inner", "Scan Direction": "Forward", "Index Name": "link_type_pkey", "Relation Name": "link_type", "Alias": "lt", "Startup Cost": 0.0, "Total Cost": 0.27, "Plan Rows": 1, "Plan Width": 16, "Index Cond": "(id = ml.link_type_id)"}]}, {"Node Type": "Index Scan", "Parent Relationship": "Inner", "Scan Direction": "Forward", "Index Name": "title_pkey", "Relation Name": "title", "Alias": "t2", "Startup Cost": 0.0, "Total Cost": 4.3, "Plan Rows": 1, "Plan Width": 21, "Index Cond": "(id = ml.linked_movie_id)"}]}]}, "Unique SQL Id": 524435555, "Planner Runtime": 11}, "explain_analyze_plan": {"Plan": {"Node Type": "Aggregate", "Strategy": "Plain", "Startup Cost": 4047.28, "Total Cost": 4047.29, "Plan Rows": 1, "Plan Width": 142, "Actual Startup Time": 114.966, "Actual Total Time": 114.966, "Actual Rows": 1, "Actual Loops": 1, "Plans": [{"Node Type": "Nested Loop", "Parent Relationship": "Outer", "Join Type": "Inner", "Startup Cost": 4.51, "Total Cost": 4046.12, "Plan Rows": 154, "Plan Width": 46, "Actual Startup Time": 114.961, "Actual Total Time": 114.961, "Actual Rows": 0, "Actual Loops": 1, "Inner Unique": true, "Plans": [{"Node Type": "Nested Loop", "Parent Relationship": "Outer", "Join Type": "Inner", "Startup Cost": 4.51, "Total Cost": 3382.55, "Plan Rows": 154, "Plan Width": 33, "Actual Startup Time": 114.959, "Actual Total Time": 114.959, "Actual Rows": 0, "Actual Loops": 1, "Inner Unique": true, "Plans": [{"Node Type": "Nested Loop", "Parent Relationship": "Outer", "Join Type": "Inner", "Startup Cost": 4.51, "Total Cost": 3339.37, "Plan Rows": 154, "Plan Width": 25, "Actual Startup Time": 114.959, "Actual Total Time": 114.959, "Actual Rows": 0, "Actual Loops": 1, "Inner Unique": false, "Plans": [{"Node Type": "Nested Loop", "Parent Relationship": "Outer", "Join Type": "Inner", "Startup Cost": 4.51, "Total Cost": 3326.15, "Plan Rows": 33, "Plan Width": 25, "Actual Startup Time": 113.082, "Actual Total Time": 114.952, "Actual Rows": 1, "Actual Loops": 1, "Inner Unique": true, "Plans": [{"Node Type": "Nested Loop", "Parent Relationship": "Outer", "Join Type": "Inner", "Startup Cost": 4.51, "Total Cost": 3315.63, "Plan Rows": 33, "Plan Width": 4, "Actual Startup Time": 113.064, "Actual Total Time": 114.934, "Actual Rows": 1, "Actual Loops": 1, "Inner Unique": false, "Plans": [{"Node Type": "Index Scan", "Parent Relationship": "Outer", "Scan Direction": "Forward", "Index Name": "keyword_pkey", "Relation Name": "keyword", "Alias": "k", "Startup Cost": 0.0, "Total Cost": 3182.72, "Plan Rows": 1, "Plan Width": 4, "Actual Startup Time": 113.017, "Actual Total Time": 114.885, "Actual Rows": 1, "Actual Loops": 1, "Filter": "((keyword)::text = '10,000-mile-club'::text)", "Rows Removed by Filter": 134168}, {"Node Type": "Bitmap Heap Scan", "Parent Relationship": "Inner", "Relation Name": "movie_keyword", "Alias": "mk", "Startup Cost": 4.51, "Total Cost": 132.58, "Plan Rows": 33, "Plan Width": 8, "Actual Startup Time": 0.031, "Actual Total Time": 0.031, "Actual Rows": 1, "Actual Loops": 1, "Recheck Cond": "(keyword_id = k.id)", "Rows Removed by Index Recheck": 0, "Exact Heap Blocks": 1, "Lossy Heap Blocks": 1, "Plans": [{"Node Type": "Bitmap Index Scan", "Parent Relationship": "Outer", "Index Name": "keyword_id_movie_keyword", "Startup Cost": 0.0, "Total Cost": 4.5, "Plan Rows": 33, "Plan Width": 0, "Actual Startup Time": 0.02, "Actual Total Time": 0.02, "Actual Rows": 1, "Actual Loops": 1, "Index Cond": "(keyword_id = k.id)"}]}]}, {"Node Type": "Index Scan", "Parent Relationship": "Inner", "Scan Direction": "Forward", "Index Name": "title_pkey", "Relation Name": "title", "Alias": "t1", "Startup Cost": 0.0, "Total Cost": 0.31, "Plan Rows": 1, "Plan Width": 21, "Actual Startup Time": 0.014, "Actual Total Time": 0.014, "Actual Rows": 1, "Actual Loops": 1, "Index Cond": "(id = mk.movie_id)", "Rows Removed by Index Recheck": 0}]}, {"Node Type": "Index Scan", "Parent Relationship": "Inner", "Scan Direction": "Forward", "Index Name": "movie_id_movie_link", "Relation Name": "movie_link", "Alias": "ml", "Startup Cost": 0.0, "Total Cost": 0.35, "Plan Rows": 5, "Plan Width": 12, "Actual Startup Time": 0.004, "Actual Total Time": 0.004, "Actual Rows": 0, "Actual Loops": 1, "Index Cond": "(movie_id = t1.id)", "Rows Removed by Index Recheck": 0}]}, {"Node Type": "Index Scan", "Parent Relationship": "Inner", "Scan Direction": "Forward", "Index Name": "link_type_pkey", "Relation Name": "link_type", "Alias": "lt", "Startup Cost": 0.0, "Total Cost": 0.27, "Plan Rows": 1, "Plan Width": 16, "Actual Startup Time": 0.0, "Actual Total Time": 0.0, "Index Cond": "(id = ml.link_type_id)", "Rows Removed by Index Recheck": 0}]}, {"Node Type": "Index Scan", "Parent Relationship": "Inner", "Scan Direction": "Forward", "Index Name": "title_pkey", "Relation Name": "title", "Alias": "t2", "Startup Cost": 0.0, "Total Cost": 4.3, "Plan Rows": 1, "Plan Width": 21, "Actual Startup Time": 0.0, "Actual Total Time": 0.0, "Index Cond": "(id = ml.linked_movie_id)", "Rows Removed by Index Recheck": 0}]}]}, "Triggers": [], "Planner Runtime": 3, "Total Runtime": 115.218, "Unique SQL Id": 524435555}}, "(16, 82)": {"explain_plan": {"Plan": {"Node Type": "Aggregate", "Strategy": "Plain", "Startup Cost": 3716.04, "Total Cost": 3716.05, "Plan Rows": 1, "Plan Width": 142, "Plans": [{"Node Type": "Nested Loop", "Parent Relationship": "Outer", "Join Type": "Inner", "Startup Cost": 2864.83, "Total Cost": 3714.88, "Plan Rows": 154, "Plan Width": 46, "Inner Unique": true, "Plans": [{"Node Type": "Merge Join", "Parent Relationship": "Outer", "Join Type": "Inner", "Startup Cost": 2863.34, "Total Cost": 2865.7, "Plan Rows": 154, "Plan Width": 33, "Inner Unique": false, "Merge Cond": "(lt.id = ml.link_type_id)", "Plans": [{"Node Type": "Sort", "Parent Relationship": "Outer", "Startup Cost": 1.52, "Total Cost": 1.56, "Plan Rows": 17, "Plan Width": 16, "Sort Key": ["lt.id"], "Plans": [{"Node Type": "Seq Scan", "Parent Relationship": "Outer", "Relation Name": "link_type", "Alias": "lt", "Startup Cost": 0.0, "Total Cost": 1.17, "Plan Rows": 17, "Plan Width": 16}]}, {"Node Type": "Sort", "Parent Relationship": "Inner", "Startup Cost": 2861.8, "Total Cost": 2862.18, "Plan Rows": 154, "Plan Width": 25, "Sort Key": ["ml.link_type_id"], "Plans": [{"Node Type": "Nested Loop", "Parent Relationship": "Outer", "Join Type": "Inner", "Startup Cost": 5.06, "Total Cost": 2856.2, "Plan Rows": 154, "Plan Width": 25, "Inner Unique": false, "Join Filter": "(t1.id = ml.movie_id)", "Plans": [{"Node Type": "Nested Loop", "Parent Relationship": "Outer", "Join Type": "Inner", "Startup Cost": 4.77, "Total Cost": 2710.54, "Plan Rows": 33, "Plan Width": 25, "Inner Unique": true, "Plans": [{"Node Type": "Nested Loop", "Parent Relationship": "Outer", "Join Type": "Inner", "Startup Cost": 4.51, "Total Cost": 2569.02, "Plan Rows": 33, "Plan Width": 4, "Inner Unique": false, "Plans": [{"Node Type": "Seq Scan", "Parent Relationship": "Outer", "Relation Name": "keyword", "Alias": "k", "Startup Cost": 0.0, "Total Cost": 2436.11, "Plan Rows": 1, "Plan Width": 4, "Filter": "((keyword)::text = '10,000-mile-club'::text)"}, {"Node Type": "Bitmap Heap Scan", "Parent Relationship": "Inner", "Relation Name": "movie_keyword", "Alias": "mk", "Startup Cost": 4.51, "Total Cost": 132.58, "Plan Rows": 33, "Plan Width": 8, "Recheck Cond": "(keyword_id = k.id)", "Plans": [{"Node Type": "Bitmap Index Scan", "Parent Relationship": "Outer", "Index Name": "keyword_id_movie_keyword", "Startup Cost": 0.0, "Total Cost": 4.5, "Plan Rows": 33, "Plan Width": 0, "Index Cond": "(keyword_id = k.id)"}]}]}, {"Node Type": "Bitmap Heap Scan", "Parent Relationship": "Inner", "Relation Name": "title", "Alias": "t1", "Startup Cost": 0.27, "Total Cost": 4.28, "Plan Rows": 1, "Plan Width": 21, "Recheck Cond": "(id = mk.movie_id)", "Plans": [{"Node Type": "Bitmap Index Scan", "Parent Relationship": "Outer", "Index Name": "title_pkey", "Startup Cost": 0.0, "Total Cost": 0.27, "Plan Rows": 1, "Plan Width": 0, "Index Cond": "(id = mk.movie_id)"}]}]}, {"Node Type": "Bitmap Heap Scan", "Parent Relationship": "Inner", "Relation Name": "movie_link", "Alias": "ml", "Startup Cost": 0.29, "Total Cost": 4.35, "Plan Rows": 5, "Plan Width": 12, "Recheck Cond": "(movie_id = mk.movie_id)", "Plans": [{"Node Type": "Bitmap Index Scan", "Parent Relationship": "Outer", "Index Name": "movie_id_movie_link", "Startup Cost": 0.0, "Total Cost": 0.29, "Plan Rows": 5, "Plan Width": 0, "Index Cond": "(movie_id = mk.movie_id)"}]}]}]}]}, {"Node Type": "Bitmap Heap Scan", "Parent Relationship": "Inner", "Relation Name": "title", "Alias": "t2", "Startup Cost": 1.49, "Total Cost": 5.5, "Plan Rows": 1, "Plan Width": 21, "Recheck Cond": "(id = ml.linked_movie_id)", "Plans": [{"Node Type": "Bitmap Index Scan", "Parent Relationship": "Outer", "Index Name": "title_pkey", "Startup Cost": 0.0, "Total Cost": 1.49, "Plan Rows": 1, "Plan Width": 0, "Index Cond": "(id = ml.linked_movie_id)"}]}]}]}, "Unique SQL Id": 524435555, "Planner Runtime": 9}, "explain_analyze_plan": {"Plan": {"Node Type": "Aggregate", "Strategy": "Plain", "Startup Cost": 3716.04, "Total Cost": 3716.05, "Plan Rows": 1, "Plan Width": 142, "Actual Startup Time": 40.928, "Actual Total Time": 40.929, "Actual Rows": 1, "Actual Loops": 1, "Plans": [{"Node Type": "Nested Loop", "Parent Relationship": "Outer", "Join Type": "Inner", "Startup Cost": 2864.83, "Total Cost": 3714.88, "Plan Rows": 154, "Plan Width": 46, "Actual Startup Time": 40.922, "Actual Total Time": 40.922, "Actual Rows": 0, "Actual Loops": 1, "Inner Unique": true, "Plans": [{"Node Type": "Merge Join", "Parent Relationship": "Outer", "Join Type": "Inner", "Startup Cost": 2863.34, "Total Cost": 2865.7, "Plan Rows": 154, "Plan Width": 33, "Actual Startup Time": 40.921, "Actual Total Time": 40.921, "Actual Rows": 0, "Actual Loops": 1, "Inner Unique": false, "Merge Cond": "(lt.id = ml.link_type_id)", "Plans": [{"Node Type": "Sort", "Parent Relationship": "Outer", "Startup Cost": 1.52, "Total Cost": 1.56, "Plan Rows": 17, "Plan Width": 16, "Actual Startup Time": 0.031, "Actual Total Time": 0.031, "Actual Rows": 1, "Actual Loops": 1, "Sort Key": ["lt.id"], "Sort Method": "quicksort", "Sort Space Used": 26, "Sort Space Type": "Memory", "Plans": [{"Node Type": "Seq Scan", "Parent Relationship": "Outer", "Relation Name": "link_type", "Alias": "lt", "Startup Cost": 0.0, "Total Cost": 1.17, "Plan Rows": 17, "Plan Width": 16, "Actual Startup Time": 0.011, "Actual Total Time": 0.015, "Actual Rows": 17, "Actual Loops": 1}]}, {"Node Type": "Sort", "Parent Relationship": "Inner", "Startup Cost": 2861.8, "Total Cost": 2862.18, "Plan Rows": 154, "Plan Width": 25, "Actual Startup Time": 40.879, "Actual Total Time": 40.879, "Actual Rows": 0, "Actual Loops": 1, "Sort Key": ["ml.link_type_id"], "Sort Method": "quicksort", "Sort Space Used": 25, "Sort Space Type": "Memory", "Plans": [{"Node Type": "Nested Loop", "Parent Relationship": "Outer", "Join Type": "Inner", "Startup Cost": 5.06, "Total Cost": 2856.2, "Plan Rows": 154, "Plan Width": 25, "Actual Startup Time": 40.873, "Actual Total Time": 40.873, "Actual Rows": 0, "Actual Loops": 1, "Inner Unique": false, "Join Filter": "(t1.id = ml.movie_id)", "Rows Removed by Join Filter": 0, "Plans": [{"Node Type": "Nested Loop", "Parent Relationship": "Outer", "Join Type": "Inner", "Startup Cost": 4.77, "Total Cost": 2710.54, "Plan Rows": 33, "Plan Width": 25, "Actual Startup Time": 39.989, "Actual Total Time": 40.863, "Actual Rows": 1, "Actual Loops": 1, "Inner Unique": true, "Plans": [{"Node Type": "Nested Loop", "Parent Relationship": "Outer", "Join Type": "Inner", "Startup Cost": 4.51, "Total Cost": 2569.02, "Plan Rows": 33, "Plan Width": 4, "Actual Startup Time": 39.974, "Actual Total Time": 40.848, "Actual Rows": 1, "Actual Loops": 1, "Inner Unique": false, "Plans": [{"Node Type": "Seq Scan", "Parent Relationship": "Outer", "Relation Name": "keyword", "Alias": "k", "Startup Cost": 0.0, "Total Cost": 2436.11, "Plan Rows": 1, "Plan Width": 4, "Actual Startup Time": 39.93, "Actual Total Time": 40.802, "Actual Rows": 1, "Actual Loops": 1, "Filter": "((keyword)::text = '10,000-mile-club'::text)", "Rows Removed by Filter": 134168}, {"Node Type": "Bitmap Heap Scan", "Parent Relationship": "Inner", "Relation Name": "movie_keyword", "Alias": "mk", "Startup Cost": 4.51, "Total Cost": 132.58, "Plan Rows": 33, "Plan Width": 8, "Actual Startup Time": 0.032, "Actual Total Time": 0.033, "Actual Rows": 1, "Actual Loops": 1, "Recheck Cond": "(keyword_id = k.id)", "Rows Removed by Index Recheck": 0, "Exact Heap Blocks": 1, "Lossy Heap Blocks": 1, "Plans": [{"Node Type": "Bitmap Index Scan", "Parent Relationship": "Outer", "Index Name": "keyword_id_movie_keyword", "Startup Cost": 0.0, "Total Cost": 4.5, "Plan Rows": 33, "Plan Width": 0, "Actual Startup Time": 0.02, "Actual Total Time": 0.02, "Actual Rows": 1, "Actual Loops": 1, "Index Cond": "(keyword_id = k.id)"}]}]}, {"Node Type": "Bitmap Heap Scan", "Parent Relationship": "Inner", "Relation Name": "title", "Alias": "t1", "Startup Cost": 0.27, "Total Cost": 4.28, "Plan Rows": 1, "Plan Width": 21, "Actual Startup Time": 0.012, "Actual Total Time": 0.012, "Actual Rows": 1, "Actual Loops": 1, "Recheck Cond": "(id = mk.movie_id)", "Rows Removed by Index Recheck": 0, "Exact Heap Blocks": 1, "Lossy Heap Blocks": 1, "Plans": [{"Node Type": "Bitmap Index Scan", "Parent Relationship": "Outer", "Index Name": "title_pkey", "Startup Cost": 0.0, "Total Cost": 0.27, "Plan Rows": 1, "Plan Width": 0, "Actual Startup Time": 0.007, "Actual Total Time": 0.007, "Actual Rows": 1, "Actual Loops": 1, "Index Cond": "(id = mk.movie_id)"}]}]}, {"Node Type": "Bitmap Heap Scan", "Parent Relationship": "Inner", "Relation Name": "movie_link", "Alias": "ml", "Startup Cost": 0.29, "Total Cost": 4.35, "Plan Rows": 5, "Plan Width": 12, "Actual Startup Time": 0.006, "Actual Total Time": 0.006, "Actual Rows": 0, "Actual Loops": 1, "Recheck Cond": "(movie_id = mk.movie_id)", "Rows Removed by Index Recheck": 0, "Exact Heap Blocks": 0, "Lossy Heap Blocks": 0, "Plans": [{"Node Type": "Bitmap Index Scan", "Parent Relationship": "Outer", "Index Name": "movie_id_movie_link", "Startup Cost": 0.0, "Total Cost": 0.29, "Plan Rows": 5, "Plan Width": 0, "Actual Startup Time": 0.002, "Actual Total Time": 0.002, "Actual Rows": 0, "Actual Loops": 1, "Index Cond": "(movie_id = mk.movie_id)"}]}]}]}]}, {"Node Type": "Bitmap Heap Scan", "Parent Relationship": "Inner", "Relation Name": "title", "Alias": "t2", "Startup Cost": 1.49, "Total Cost": 5.5, "Plan Rows": 1, "Plan Width": 21, "Actual Startup Time": 0.0, "Actual Total Time": 0.0, "Recheck Cond": "(id = ml.linked_movie_id)", "Rows Removed by Index Recheck": 0, "Exact Heap Blocks": 0, "Lossy Heap Blocks": 0, "Plans": [{"Node Type": "Bitmap Index Scan", "Parent Relationship": "Outer", "Index Name": "title_pkey", "Startup Cost": 0.0, "Total Cost": 1.49, "Plan Rows": 1, "Plan Width": 0, "Actual Startup Time": 0.0, "Actual Total Time": 0.0, "Index Cond": "(id = ml.linked_movie_id)"}]}]}]}, "Triggers": [], "Planner Runtime": 9, "Total Runtime": 41.16, "Unique SQL Id": 524435555}}, "(16, 83)": {"explain_plan": {"Plan": {"Node Type": "Aggregate", "Strategy": "Plain", "Startup Cost": 4446.47, "Total Cost": 4446.48, "Plan Rows": 1, "Plan Width": 142, "Plans": [{"Node Type": "Nested Loop", "Parent Relationship": "Outer", "Join Type": "Inner", "Startup Cost": 3595.27, "Total Cost": 4445.32, "Plan Rows": 154, "Plan Width": 46, "Inner Unique": true, "Plans": [{"Node Type": "Merge Join", "Parent Relationship": "Outer", "Join Type": "Inner", "Startup Cost": 3593.78, "Total Cost": 3596.14, "Plan Rows": 154, "Plan Width": 33, "Inner Unique": false, "Merge Cond": "(lt.id = ml.link_type_id)", "Plans": [{"Node Type": "Sort", "Parent Relationship": "Outer", "Startup Cost": 12.86, "Total Cost": 12.9, "Plan Rows": 17, "Plan Width": 16, "Sort Key": ["lt.id"], "Plans": [{"Node Type": "Bitmap Heap Scan", "Parent Relationship": "Outer", "Relation Name": "link_type", "Alias": "lt", "Startup Cost": 8.34, "Total Cost": 12.51, "Plan Rows": 17, "Plan Width": 16, "Plans": [{"Node Type": "Bitmap Index Scan", "Parent Relationship": "Outer", "Index Name": "link_type_pkey", "Startup Cost": 0.0, "Total Cost": 8.34, "Plan Rows": 17, "Plan Width": 0}]}]}, {"Node Type": "Sort", "Parent Relationship": "Inner", "Startup Cost": 3580.89, "Total Cost": 3581.28, "Plan Rows": 154, "Plan Width": 25, "Sort Key": ["ml.link_type_id"], "Plans": [{"Node Type": "Nested Loop", "Parent Relationship": "Outer", "Join Type": "Inner", "Startup Cost": 724.16, "Total Cost": 3575.3, "Plan Rows": 154, "Plan Width": 25, "Inner Unique": false, "Join Filter": "(t1.id = ml.movie_id)", "Plans": [{"Node Type": "Nested Loop", "Parent Relationship": "Outer", "Join Type": "Inner", "Startup Cost": 723.87, "Total Cost": 3429.64, "Plan Rows": 33, "Plan Width": 25, "Inner Unique": true, "Plans": [{"Node Type": "Nested Loop", "Parent Relationship": "Outer", "Join Type": "Inner", "Startup Cost": 723.6, "Total Cost": 3288.12, "Plan Rows": 33, "Plan Width": 4, "Inner Unique": false, "Plans": [{"Node Type": "Bitmap Heap Scan", "Parent Relationship": "Outer", "Relation Name": "keyword", "Alias": "k", "Startup Cost": 719.1, "Total Cost": 3155.21, "Plan Rows": 1, "Plan Width": 4, "Filter": "((keyword)::text = '10,000-mile-club'::text)", "Plans": [{"Node Type": "Bitmap Index Scan", "Parent Relationship": "Outer", "Index Name": "keyword_pkey", "Startup Cost": 0.0, "Total Cost": 719.1, "Plan Rows": 134169, "Plan Width": 0}]}, {"Node Type": "Bitmap Heap Scan", "Parent Relationship": "Inner", "Relation Name": "movie_keyword", "Alias": "mk", "Startup Cost": 4.51, "Total Cost": 132.58, "Plan Rows": 33, "Plan Width": 8, "Recheck Cond": "(keyword_id = k.id)", "Plans": [{"Node Type": "Bitmap Index Scan", "Parent Relationship": "Outer", "Index Name": "keyword_id_movie_keyword", "Startup Cost": 0.0, "Total Cost": 4.5, "Plan Rows": 33, "Plan Width": 0, "Index Cond": "(keyword_id = k.id)"}]}]}, {"Node Type": "Bitmap Heap Scan", "Parent Relationship": "Inner", "Relation Name": "title", "Alias": "t1", "Startup Cost": 0.27, "Total Cost": 4.28, "Plan Rows": 1, "Plan Width": 21, "Recheck Cond": "(id = mk.movie_id)", "Plans": [{"Node Type": "Bitmap Index Scan", "Parent Relationship": "Outer", "Index Name": "title_pkey", "Startup Cost": 0.0, "Total Cost": 0.27, "Plan Rows": 1, "Plan Width": 0, "Index Cond": "(id = mk.movie_id)"}]}]}, {"Node Type": "Bitmap Heap Scan", "Parent Relationship": "Inner", "Relation Name": "movie_link", "Alias": "ml", "Startup Cost": 0.29, "Total Cost": 4.35, "Plan Rows": 5, "Plan Width": 12, "Recheck Cond": "(movie_id = mk.movie_id)", "Plans": [{"Node Type": "Bitmap Index Scan", "Parent Relationship": "Outer", "Index Name": "movie_id_movie_link", "Startup Cost": 0.0, "Total Cost": 0.29, "Plan Rows": 5, "Plan Width": 0, "Index Cond": "(movie_id = mk.movie_id)"}]}]}]}]}, {"Node Type": "Bitmap Heap Scan", "Parent Relationship": "Inner", "Relation Name": "title", "Alias": "t2", "Startup Cost": 1.49, "Total Cost": 5.5, "Plan Rows": 1, "Plan Width": 21, "Recheck Cond": "(id = ml.linked_movie_id)", "Plans": [{"Node Type": "Bitmap Index Scan", "Parent Relationship": "Outer", "Index Name": "title_pkey", "Startup Cost": 0.0, "Total Cost": 1.49, "Plan Rows": 1, "Plan Width": 0, "Index Cond": "(id = ml.linked_movie_id)"}]}]}]}, "Unique SQL Id": 524435555, "Planner Runtime": 8}, "explain_analyze_plan": {"Plan": {"Node Type": "Aggregate", "Strategy": "Plain", "Startup Cost": 4446.47, "Total Cost": 4446.48, "Plan Rows": 1, "Plan Width": 142, "Actual Startup Time": 62.23, "Actual Total Time": 62.23, "Actual Rows": 1, "Actual Loops": 1, "Plans": [{"Node Type": "Nested Loop", "Parent Relationship": "Outer", "Join Type": "Inner", "Startup Cost": 3595.27, "Total Cost": 4445.32, "Plan Rows": 154, "Plan Width": 46, "Actual Startup Time": 62.225, "Actual Total Time": 62.225, "Actual Rows": 0, "Actual Loops": 1, "Inner Unique": true, "Plans": [{"Node Type": "Merge Join", "Parent Relationship": "Outer", "Join Type": "Inner", "Startup Cost": 3593.78, "Total Cost": 3596.14, "Plan Rows": 154, "Plan Width": 33, "Actual Startup Time": 62.223, "Actual Total Time": 62.223, "Actual Rows": 0, "Actual Loops": 1, "Inner Unique": false, "Merge Cond": "(lt.id = ml.link_type_id)", "Plans": [{"Node Type": "Sort", "Parent Relationship": "Outer", "Startup Cost": 12.86, "Total Cost": 12.9, "Plan Rows": 17, "Plan Width": 16, "Actual Startup Time": 0.035, "Actual Total Time": 0.035, "Actual Rows": 1, "Actual Loops": 1, "Sort Key": ["lt.id"], "Sort Method": "quicksort", "Sort Space Used": 26, "Sort Space Type": "Memory", "Plans": [{"Node Type": "Bitmap Heap Scan", "Parent Relationship": "Outer", "Relation Name": "link_type", "Alias": "lt", "Startup Cost": 8.34, "Total Cost": 12.51, "Plan Rows": 17, "Plan Width": 16, "Actual Startup Time": 0.017, "Actual Total Time": 0.02, "Actual Rows": 17, "Actual Loops": 1, "Exact Heap Blocks": 1, "Lossy Heap Blocks": 1, "Plans": [{"Node Type": "Bitmap Index Scan", "Parent Relationship": "Outer", "Index Name": "link_type_pkey", "Startup Cost": 0.0, "Total Cost": 8.34, "Plan Rows": 17, "Plan Width": 0, "Actual Startup Time": 0.007, "Actual Total Time": 0.007, "Actual Rows": 17, "Actual Loops": 1}]}]}, {"Node Type": "Sort", "Parent Relationship": "Inner", "Startup Cost": 3580.89, "Total Cost": 3581.28, "Plan Rows": 154, "Plan Width": 25, "Actual Startup Time": 62.178, "Actual Total Time": 62.178, "Actual Rows": 0, "Actual Loops": 1, "Sort Key": ["ml.link_type_id"], "Sort Method": "quicksort", "Sort Space Used": 25, "Sort Space Type": "Memory", "Plans": [{"Node Type": "Nested Loop", "Parent Relationship": "Outer", "Join Type": "Inner", "Startup Cost": 724.16, "Total Cost": 3575.3, "Plan Rows": 154, "Plan Width": 25, "Actual Startup Time": 62.171, "Actual Total Time": 62.171, "Actual Rows": 0, "Actual Loops": 1, "Inner Unique": false, "Join Filter": "(t1.id = ml.movie_id)", "Rows Removed by Join Filter": 0, "Plans": [{"Node Type": "Nested Loop", "Parent Relationship": "Outer", "Join Type": "Inner", "Startup Cost": 723.87, "Total Cost": 3429.64, "Plan Rows": 33, "Plan Width": 25, "Actual Startup Time": 61.077, "Actual Total Time": 62.163, "Actual Rows": 1, "Actual Loops": 1, "Inner Unique": true, "Plans": [{"Node Type": "Nested Loop", "Parent Relationship": "Outer", "Join Type": "Inner", "Startup Cost": 723.6, "Total Cost": 3288.12, "Plan Rows": 33, "Plan Width": 4, "Actual Startup Time": 61.06, "Actual Total Time": 62.146, "Actual Rows": 1, "Actual Loops": 1, "Inner Unique": false, "Plans": [{"Node Type": "Bitmap Heap Scan", "Parent Relationship": "Outer", "Relation Name": "keyword", "Alias": "k", "Startup Cost": 719.1, "Total Cost": 3155.21, "Plan Rows": 1, "Plan Width": 4, "Actual Startup Time": 61.019, "Actual Total Time": 62.103, "Actual Rows": 1, "Actual Loops": 1, "Filter": "((keyword)::text = '10,000-mile-club'::text)", "Rows Removed by Filter": 134168, "Exact Heap Blocks": 759, "Lossy Heap Blocks": 759, "Plans": [{"Node Type": "Bitmap Index Scan", "Parent Relationship": "Outer", "Index Name": "keyword_pkey", "Startup Cost": 0.0, "Total Cost": 719.1, "Plan Rows": 134169, "Plan Width": 0, "Actual Startup Time": 11.436, "Actual Total Time": 11.436, "Actual Rows": 134169, "Actual Loops": 1}]}, {"Node Type": "Bitmap Heap Scan", "Parent Relationship": "Inner", "Relation Name": "movie_keyword", "Alias": "mk", "Startup Cost": 4.51, "Total Cost": 132.58, "Plan Rows": 33, "Plan Width": 8, "Actual Startup Time": 0.028, "Actual Total Time": 0.028, "Actual Rows": 1, "Actual Loops": 1, "Recheck Cond": "(keyword_id = k.id)", "Rows Removed by Index Recheck": 0, "Exact Heap Blocks": 1, "Lossy Heap Blocks": 1, "Plans": [{"Node Type": "Bitmap Index Scan", "Parent Relationship": "Outer", "Index Name": "keyword_id_movie_keyword", "Startup Cost": 0.0, "Total Cost": 4.5, "Plan Rows": 33, "Plan Width": 0, "Actual Startup Time": 0.019, "Actual Total Time": 0.019, "Actual Rows": 1, "Actual Loops": 1, "Index Cond": "(keyword_id = k.id)"}]}]}, {"Node Type": "Bitmap Heap Scan", "Parent Relationship": "Inner", "Relation Name": "title", "Alias": "t1", "Startup Cost": 0.27, "Total Cost": 4.28, "Plan Rows": 1, "Plan Width": 21, "Actual Startup Time": 0.013, "Actual Total Time": 0.013, "Actual Rows": 1, "Actual Loops": 1, "Recheck Cond": "(id = mk.movie_id)", "Rows Removed by Index Recheck": 0, "Exact Heap Blocks": 1, "Lossy Heap Blocks": 1, "Plans": [{"Node Type": "Bitmap Index Scan", "Parent Relationship": "Outer", "Index Name": "title_pkey", "Startup Cost": 0.0, "Total Cost": 0.27, "Plan Rows": 1, "Plan Width": 0, "Actual Startup Time": 0.009, "Actual Total Time": 0.009, "Actual Rows": 1, "Actual Loops": 1, "Index Cond": "(id = mk.movie_id)"}]}]}, {"Node Type": "Bitmap Heap Scan", "Parent Relationship": "Inner", "Relation Name": "movie_link", "Alias": "ml", "Startup Cost": 0.29, "Total Cost": 4.35, "Plan Rows": 5, "Plan Width": 12, "Actual Startup Time": 0.006, "Actual Total Time": 0.006, "Actual Rows": 0, "Actual Loops": 1, "Recheck Cond": "(movie_id = mk.movie_id)", "Rows Removed by Index Recheck": 0, "Exact Heap Blocks": 0, "Lossy Heap Blocks": 0, "Plans": [{"Node Type": "Bitmap Index Scan", "Parent Relationship": "Outer", "Index Name": "movie_id_movie_link", "Startup Cost": 0.0, "Total Cost": 0.29, "Plan Rows": 5, "Plan Width": 0, "Actual Startup Time": 0.003, "Actual Total Time": 0.003, "Actual Rows": 0, "Actual Loops": 1, "Index Cond": "(movie_id = mk.movie_id)"}]}]}]}]}, {"Node Type": "Bitmap Heap Scan", "Parent Relationship": "Inner", "Relation Name": "title", "Alias": "t2", "Startup Cost": 1.49, "Total Cost": 5.5, "Plan Rows": 1, "Plan Width": 21, "Actual Startup Time": 0.0, "Actual Total Time": 0.0, "Recheck Cond": "(id = ml.linked_movie_id)", "Rows Removed by Index Recheck": 0, "Exact Heap Blocks": 0, "Lossy Heap Blocks": 0, "Plans": [{"Node Type": "Bitmap Index Scan", "Parent Relationship": "Outer", "Index Name": "title_pkey", "Startup Cost": 0.0, "Total Cost": 1.49, "Plan Rows": 1, "Plan Width": 0, "Actual Startup Time": 0.0, "Actual Total Time": 0.0, "Index Cond": "(id = ml.linked_movie_id)"}]}]}]}, "Triggers": [], "Planner Runtime": 8, "Total Runtime": 62.482, "Unique SQL Id": 524435555}}, "(16, 84)": {"explain_plan": {"Plan": {"Node Type": "Aggregate", "Strategy": "Plain", "Startup Cost": 3267.0, "Total Cost": 3267.01, "Plan Rows": 1, "Plan Width": 142, "Plans": [{"Node Type": "Nested Loop", "Parent Relationship": "Outer", "Join Type": "Inner", "Startup Cost": 2599.91, "Total Cost": 3265.84, "Plan Rows": 154, "Plan Width": 46, "Inner Unique": true, "Plans": [{"Node Type": "Merge Join", "Parent Relationship": "Outer", "Join Type": "Inner", "Startup Cost": 2599.91, "Total Cost": 2602.27, "Plan Rows": 154, "Plan Width": 33, "Inner Unique": false, "Merge Cond": "(lt.id = ml.link_type_id)", "Plans": [{"Node Type": "Sort", "Parent Relationship": "Outer", "Startup Cost": 1.52, "Total Cost": 1.56, "Plan Rows": 17, "Plan Width": 16, "Sort Key": ["lt.id"], "Plans": [{"Node Type": "Seq Scan", "Parent Relationship": "Outer", "Relation Name": "link_type", "Alias": "lt", "Startup Cost": 0.0, "Total Cost": 1.17, "Plan Rows": 17, "Plan Width": 16}]}, {"Node Type": "Sort", "Parent Relationship": "Inner", "Startup Cost": 2598.36, "Total Cost": 2598.74, "Plan Rows": 154, "Plan Width": 25, "Sort Key": ["ml.link_type_id"], "Plans": [{"Node Type": "Nested Loop", "Parent Relationship": "Outer", "Join Type": "Inner", "Startup Cost": 4.51, "Total Cost": 2592.76, "Plan Rows": 154, "Plan Width": 25, "Inner Unique": false, "Plans": [{"Node Type": "Nested Loop", "Parent Relationship": "Outer", "Join Type": "Inner", "Startup Cost": 4.51, "Total Cost": 2579.55, "Plan Rows": 33, "Plan Width": 25, "Inner Unique": true, "Plans": [{"Node Type": "Nested Loop", "Parent Relationship": "Outer", "Join Type": "Inner", "Startup Cost": 4.51, "Total Cost": 2569.02, "Plan Rows": 33, "Plan Width": 4, "Inner Unique": false, "Plans": [{"Node Type": "Seq Scan", "Parent Relationship": "Outer", "Relation Name": "keyword", "Alias": "k", "Startup Cost": 0.0, "Total Cost": 2436.11, "Plan Rows": 1, "Plan Width": 4, "Filter": "((keyword)::text = '10,000-mile-club'::text)"}, {"Node Type": "Bitmap Heap Scan", "Parent Relationship": "Inner", "Relation Name": "movie_keyword", "Alias": "mk", "Startup Cost": 4.51, "Total Cost": 132.58, "Plan Rows": 33, "Plan Width": 8, "Recheck Cond": "(keyword_id = k.id)", "Plans": [{"Node Type": "Bitmap Index Scan", "Parent Relationship": "Outer", "Index Name": "keyword_id_movie_keyword", "Startup Cost": 0.0, "Total Cost": 4.5, "Plan Rows": 33, "Plan Width": 0, "Index Cond": "(keyword_id = k.id)"}]}]}, {"Node Type": "Index Scan", "Parent Relationship": "Inner", "Scan Direction": "Forward", "Index Name": "title_pkey", "Relation Name": "title", "Alias": "t1", "Startup Cost": 0.0, "Total Cost": 0.31, "Plan Rows": 1, "Plan Width": 21, "Index Cond": "(id = mk.movie_id)"}]}, {"Node Type": "Index Scan", "Parent Relationship": "Inner", "Scan Direction": "Forward", "Index Name": "movie_id_movie_link", "Relation Name": "movie_link", "Alias": "ml", "Startup Cost": 0.0, "Total Cost": 0.35, "Plan Rows": 5, "Plan Width": 12, "Index Cond": "(movie_id = t1.id)"}]}]}]}, {"Node Type": "Index Scan", "Parent Relationship": "Inner", "Scan Direction": "Forward", "Index Name": "title_pkey", "Relation Name": "title", "Alias": "t2", "Startup Cost": 0.0, "Total Cost": 4.3, "Plan Rows": 1, "Plan Width": 21, "Index Cond": "(id = ml.linked_movie_id)"}]}]}, "Unique SQL Id": 524435555, "Planner Runtime": 12}, "explain_analyze_plan": {"Plan": {"Node Type": "Aggregate", "Strategy": "Plain", "Startup Cost": 3267.0, "Total Cost": 3267.01, "Plan Rows": 1, "Plan Width": 142, "Actual Startup Time": 40.986, "Actual Total Time": 40.986, "Actual Rows": 1, "Actual Loops": 1, "Plans": [{"Node Type": "Nested Loop", "Parent Relationship": "Outer", "Join Type": "Inner", "Startup Cost": 2599.91, "Total Cost": 3265.84, "Plan Rows": 154, "Plan Width": 46, "Actual Startup Time": 40.981, "Actual Total Time": 40.981, "Actual Rows": 0, "Actual Loops": 1, "Inner Unique": true, "Plans": [{"Node Type": "Merge Join", "Parent Relationship": "Outer", "Join Type": "Inner", "Startup Cost": 2599.91, "Total Cost": 2602.27, "Plan Rows": 154, "Plan Width": 33, "Actual Startup Time": 40.979, "Actual Total Time": 40.979, "Actual Rows": 0, "Actual Loops": 1, "Inner Unique": false, "Merge Cond": "(lt.id = ml.link_type_id)", "Plans": [{"Node Type": "Sort", "Parent Relationship": "Outer", "Startup Cost": 1.52, "Total Cost": 1.56, "Plan Rows": 17, "Plan Width": 16, "Actual Startup Time": 0.032, "Actual Total Time": 0.032, "Actual Rows": 1, "Actual Loops": 1, "Sort Key": ["lt.id"], "Sort Method": "quicksort", "Sort Space Used": 26, "Sort Space Type": "Memory", "Plans": [{"Node Type": "Seq Scan", "Parent Relationship": "Outer", "Relation Name": "link_type", "Alias": "lt", "Startup Cost": 0.0, "Total Cost": 1.17, "Plan Rows": 17, "Plan Width": 16, "Actual Startup Time": 0.011, "Actual Total Time": 0.017, "Actual Rows": 17, "Actual Loops": 1}]}, {"Node Type": "Sort", "Parent Relationship": "Inner", "Startup Cost": 2598.36, "Total Cost": 2598.74, "Plan Rows": 154, "Plan Width": 25, "Actual Startup Time": 40.937, "Actual Total Time": 40.937, "Actual Rows": 0, "Actual Loops": 1, "Sort Key": ["ml.link_type_id"], "Sort Method": "quicksort", "Sort Space Used": 25, "Sort Space Type": "Memory", "Plans": [{"Node Type": "Nested Loop", "Parent Relationship": "Outer", "Join Type": "Inner", "Startup Cost": 4.51, "Total Cost": 2592.76, "Plan Rows": 154, "Plan Width": 25, "Actual Startup Time": 40.932, "Actual Total Time": 40.932, "Actual Rows": 0, "Actual Loops": 1, "Inner Unique": false, "Plans": [{"Node Type": "Nested Loop", "Parent Relationship": "Outer", "Join Type": "Inner", "Startup Cost": 4.51, "Total Cost": 2579.55, "Plan Rows": 33, "Plan Width": 25, "Actual Startup Time": 40.053, "Actual Total Time": 40.928, "Actual Rows": 1, "Actual Loops": 1, "Inner Unique": true, "Plans": [{"Node Type": "Nested Loop", "Parent Relationship": "Outer", "Join Type": "Inner", "Startup Cost": 4.51, "Total Cost": 2569.02, "Plan Rows": 33, "Plan Width": 4, "Actual Startup Time": 40.034, "Actual Total Time": 40.907, "Actual Rows": 1, "Actual Loops": 1, "Inner Unique": false, "Plans": [{"Node Type": "Seq Scan", "Parent Relationship": "Outer", "Relation Name": "keyword", "Alias": "k", "Startup Cost": 0.0, "Total Cost": 2436.11, "Plan Rows": 1, "Plan Width": 4, "Actual Startup Time": 39.992, "Actual Total Time": 40.864, "Actual Rows": 1, "Actual Loops": 1, "Filter": "((keyword)::text = '10,000-mile-club'::text)", "Rows Removed by Filter": 134168}, {"Node Type": "Bitmap Heap Scan", "Parent Relationship": "Inner", "Relation Name": "movie_keyword", "Alias": "mk", "Startup Cost": 4.51, "Total Cost": 132.58, "Plan Rows": 33, "Plan Width": 8, "Actual Startup Time": 0.032, "Actual Total Time": 0.032, "Actual Rows": 1, "Actual Loops": 1, "Recheck Cond": "(keyword_id = k.id)", "Rows Removed by Index Recheck": 0, "Exact Heap Blocks": 1, "Lossy Heap Blocks": 1, "Plans": [{"Node Type": "Bitmap Index Scan", "Parent Relationship": "Outer", "Index Name": "keyword_id_movie_keyword", "Startup Cost": 0.0, "Total Cost": 4.5, "Plan Rows": 33, "Plan Width": 0, "Actual Startup Time": 0.019, "Actual Total Time": 0.019, "Actual Rows": 1, "Actual Loops": 1, "Index Cond": "(keyword_id = k.id)"}]}]}, {"Node Type": "Index Scan", "Parent Relationship": "Inner", "Scan Direction": "Forward", "Index Name": "title_pkey", "Relation Name": "title", "Alias": "t1", "Startup Cost": 0.0, "Total Cost": 0.31, "Plan Rows": 1, "Plan Width": 21, "Actual Startup Time": 0.015, "Actual Total Time": 0.015, "Actual Rows": 1, "Actual Loops": 1, "Index Cond": "(id = mk.movie_id)", "Rows Removed by Index Recheck": 0}]}, {"Node Type": "Index Scan", "Parent Relationship": "Inner", "Scan Direction": "Forward", "Index Name": "movie_id_movie_link", "Relation Name": "movie_link", "Alias": "ml", "Startup Cost": 0.0, "Total Cost": 0.35, "Plan Rows": 5, "Plan Width": 12, "Actual Startup Time": 0.003, "Actual Total Time": 0.003, "Actual Rows": 0, "Actual Loops": 1, "Index Cond": "(movie_id = t1.id)", "Rows Removed by Index Recheck": 0}]}]}]}, {"Node Type": "Index Scan", "Parent Relationship": "Inner", "Scan Direction": "Forward", "Index Name": "title_pkey", "Relation Name": "title", "Alias": "t2", "Startup Cost": 0.0, "Total Cost": 4.3, "Plan Rows": 1, "Plan Width": 21, "Actual Startup Time": 0.0, "Actual Total Time": 0.0, "Index Cond": "(id = ml.linked_movie_id)", "Rows Removed by Index Recheck": 0}]}]}, "Triggers": [], "Planner Runtime": 12, "Total Runtime": 41.199, "Unique SQL Id": 524435555}}, "(16, 85)": {"explain_plan": {"Plan": {"Node Type": "Aggregate", "Strategy": "Plain", "Startup Cost": 4047.28, "Total Cost": 4047.29, "Plan Rows": 1, "Plan Width": 142, "Plans": [{"Node Type": "Nested Loop", "Parent Relationship": "Outer", "Join Type": "Inner", "Startup Cost": 4.51, "Total Cost": 4046.12, "Plan Rows": 154, "Plan Width": 46, "Inner Unique": true, "Plans": [{"Node Type": "Nested Loop", "Parent Relationship": "Outer", "Join Type": "Inner", "Startup Cost": 4.51, "Total Cost": 3382.55, "Plan Rows": 154, "Plan Width": 33, "Inner Unique": true, "Plans": [{"Node Type": "Nested Loop", "Parent Relationship": "Outer", "Join Type": "Inner", "Startup Cost": 4.51, "Total Cost": 3339.37, "Plan Rows": 154, "Plan Width": 25, "Inner Unique": false, "Plans": [{"Node Type": "Nested Loop", "Parent Relationship": "Outer", "Join Type": "Inner", "Startup Cost": 4.51, "Total Cost": 3326.15, "Plan Rows": 33, "Plan Width": 25, "Inner Unique": true, "Plans": [{"Node Type": "Nested Loop", "Parent Relationship": "Outer", "Join Type": "Inner", "Startup Cost": 4.51, "Total Cost": 3315.63, "Plan Rows": 33, "Plan Width": 4, "Inner Unique": false, "Plans": [{"Node Type": "Index Scan", "Parent Relationship": "Outer", "Scan Direction": "Forward", "Index Name": "keyword_pkey", "Relation Name": "keyword", "Alias": "k", "Startup Cost": 0.0, "Total Cost": 3182.72, "Plan Rows": 1, "Plan Width": 4, "Filter": "((keyword)::text = '10,000-mile-club'::text)"}, {"Node Type": "Bitmap Heap Scan", "Parent Relationship": "Inner", "Relation Name": "movie_keyword", "Alias": "mk", "Startup Cost": 4.51, "Total Cost": 132.58, "Plan Rows": 33, "Plan Width": 8, "Recheck Cond": "(keyword_id = k.id)", "Plans": [{"Node Type": "Bitmap Index Scan", "Parent Relationship": "Outer", "Index Name": "keyword_id_movie_keyword", "Startup Cost": 0.0, "Total Cost": 4.5, "Plan Rows": 33, "Plan Width": 0, "Index Cond": "(keyword_id = k.id)"}]}]}, {"Node Type": "Index Scan", "Parent Relationship": "Inner", "Scan Direction": "Forward", "Index Name": "title_pkey", "Relation Name": "title", "Alias": "t1", "Startup Cost": 0.0, "Total Cost": 0.31, "Plan Rows": 1, "Plan Width": 21, "Index Cond": "(id = mk.movie_id)"}]}, {"Node Type": "Index Scan", "Parent Relationship": "Inner", "Scan Direction": "Forward", "Index Name": "movie_id_movie_link", "Relation Name": "movie_link", "Alias": "ml", "Startup Cost": 0.0, "Total Cost": 0.35, "Plan Rows": 5, "Plan Width": 12, "Index Cond": "(movie_id = t1.id)"}]}, {"Node Type": "Index Scan", "Parent Relationship": "Inner", "Scan Direction": "Forward", "Index Name": "link_type_pkey", "Relation Name": "link_type", "Alias": "lt", "Startup Cost": 0.0, "Total Cost": 0.27, "Plan Rows": 1, "Plan Width": 16, "Index Cond": "(id = ml.link_type_id)"}]}, {"Node Type": "Index Scan", "Parent Relationship": "Inner", "Scan Direction": "Forward", "Index Name": "title_pkey", "Relation Name": "title", "Alias": "t2", "Startup Cost": 0.0, "Total Cost": 4.3, "Plan Rows": 1, "Plan Width": 21, "Index Cond": "(id = ml.linked_movie_id)"}]}]}, "Unique SQL Id": 524435555, "Planner Runtime": 10}, "explain_analyze_plan": {"Plan": {"Node Type": "Aggregate", "Strategy": "Plain", "Startup Cost": 4047.28, "Total Cost": 4047.29, "Plan Rows": 1, "Plan Width": 142, "Actual Startup Time": 114.966, "Actual Total Time": 114.966, "Actual Rows": 1, "Actual Loops": 1, "Plans": [{"Node Type": "Nested Loop", "Parent Relationship": "Outer", "Join Type": "Inner", "Startup Cost": 4.51, "Total Cost": 4046.12, "Plan Rows": 154, "Plan Width": 46, "Actual Startup Time": 114.961, "Actual Total Time": 114.961, "Actual Rows": 0, "Actual Loops": 1, "Inner Unique": true, "Plans": [{"Node Type": "Nested Loop", "Parent Relationship": "Outer", "Join Type": "Inner", "Startup Cost": 4.51, "Total Cost": 3382.55, "Plan Rows": 154, "Plan Width": 33, "Actual Startup Time": 114.959, "Actual Total Time": 114.959, "Actual Rows": 0, "Actual Loops": 1, "Inner Unique": true, "Plans": [{"Node Type": "Nested Loop", "Parent Relationship": "Outer", "Join Type": "Inner", "Startup Cost": 4.51, "Total Cost": 3339.37, "Plan Rows": 154, "Plan Width": 25, "Actual Startup Time": 114.959, "Actual Total Time": 114.959, "Actual Rows": 0, "Actual Loops": 1, "Inner Unique": false, "Plans": [{"Node Type": "Nested Loop", "Parent Relationship": "Outer", "Join Type": "Inner", "Startup Cost": 4.51, "Total Cost": 3326.15, "Plan Rows": 33, "Plan Width": 25, "Actual Startup Time": 113.082, "Actual Total Time": 114.952, "Actual Rows": 1, "Actual Loops": 1, "Inner Unique": true, "Plans": [{"Node Type": "Nested Loop", "Parent Relationship": "Outer", "Join Type": "Inner", "Startup Cost": 4.51, "Total Cost": 3315.63, "Plan Rows": 33, "Plan Width": 4, "Actual Startup Time": 113.064, "Actual Total Time": 114.934, "Actual Rows": 1, "Actual Loops": 1, "Inner Unique": false, "Plans": [{"Node Type": "Index Scan", "Parent Relationship": "Outer", "Scan Direction": "Forward", "Index Name": "keyword_pkey", "Relation Name": "keyword", "Alias": "k", "Startup Cost": 0.0, "Total Cost": 3182.72, "Plan Rows": 1, "Plan Width": 4, "Actual Startup Time": 113.017, "Actual Total Time": 114.885, "Actual Rows": 1, "Actual Loops": 1, "Filter": "((keyword)::text = '10,000-mile-club'::text)", "Rows Removed by Filter": 134168}, {"Node Type": "Bitmap Heap Scan", "Parent Relationship": "Inner", "Relation Name": "movie_keyword", "Alias": "mk", "Startup Cost": 4.51, "Total Cost": 132.58, "Plan Rows": 33, "Plan Width": 8, "Actual Startup Time": 0.031, "Actual Total Time": 0.031, "Actual Rows": 1, "Actual Loops": 1, "Recheck Cond": "(keyword_id = k.id)", "Rows Removed by Index Recheck": 0, "Exact Heap Blocks": 1, "Lossy Heap Blocks": 1, "Plans": [{"Node Type": "Bitmap Index Scan", "Parent Relationship": "Outer", "Index Name": "keyword_id_movie_keyword", "Startup Cost": 0.0, "Total Cost": 4.5, "Plan Rows": 33, "Plan Width": 0, "Actual Startup Time": 0.02, "Actual Total Time": 0.02, "Actual Rows": 1, "Actual Loops": 1, "Index Cond": "(keyword_id = k.id)"}]}]}, {"Node Type": "Index Scan", "Parent Relationship": "Inner", "Scan Direction": "Forward", "Index Name": "title_pkey", "Relation Name": "title", "Alias": "t1", "Startup Cost": 0.0, "Total Cost": 0.31, "Plan Rows": 1, "Plan Width": 21, "Actual Startup Time": 0.014, "Actual Total Time": 0.014, "Actual Rows": 1, "Actual Loops": 1, "Index Cond": "(id = mk.movie_id)", "Rows Removed by Index Recheck": 0}]}, {"Node Type": "Index Scan", "Parent Relationship": "Inner", "Scan Direction": "Forward", "Index Name": "movie_id_movie_link", "Relation Name": "movie_link", "Alias": "ml", "Startup Cost": 0.0, "Total Cost": 0.35, "Plan Rows": 5, "Plan Width": 12, "Actual Startup Time": 0.004, "Actual Total Time": 0.004, "Actual Rows": 0, "Actual Loops": 1, "Index Cond": "(movie_id = t1.id)", "Rows Removed by Index Recheck": 0}]}, {"Node Type": "Index Scan", "Parent Relationship": "Inner", "Scan Direction": "Forward", "Index Name": "link_type_pkey", "Relation Name": "link_type", "Alias": "lt", "Startup Cost": 0.0, "Total Cost": 0.27, "Plan Rows": 1, "Plan Width": 16, "Actual Startup Time": 0.0, "Actual Total Time": 0.0, "Index Cond": "(id = ml.link_type_id)", "Rows Removed by Index Recheck": 0}]}, {"Node Type": "Index Scan", "Parent Relationship": "Inner", "Scan Direction": "Forward", "Index Name": "title_pkey", "Relation Name": "title", "Alias": "t2", "Startup Cost": 0.0, "Total Cost": 4.3, "Plan Rows": 1, "Plan Width": 21, "Actual Startup Time": 0.0, "Actual Total Time": 0.0, "Index Cond": "(id = ml.linked_movie_id)", "Rows Removed by Index Recheck": 0}]}]}, "Triggers": [], "Planner Runtime": 3, "Total Runtime": 115.218, "Unique SQL Id": 524435555}}, "(16, 86)": {"explain_plan": {"Plan": {"Node Type": "Aggregate", "Strategy": "Plain", "Startup Cost": 3716.04, "Total Cost": 3716.05, "Plan Rows": 1, "Plan Width": 142, "Plans": [{"Node Type": "Nested Loop", "Parent Relationship": "Outer", "Join Type": "Inner", "Startup Cost": 2864.83, "Total Cost": 3714.88, "Plan Rows": 154, "Plan Width": 46, "Inner Unique": true, "Plans": [{"Node Type": "Merge Join", "Parent Relationship": "Outer", "Join Type": "Inner", "Startup Cost": 2863.34, "Total Cost": 2865.7, "Plan Rows": 154, "Plan Width": 33, "Inner Unique": false, "Merge Cond": "(lt.id = ml.link_type_id)", "Plans": [{"Node Type": "Sort", "Parent Relationship": "Outer", "Startup Cost": 1.52, "Total Cost": 1.56, "Plan Rows": 17, "Plan Width": 16, "Sort Key": ["lt.id"], "Plans": [{"Node Type": "Seq Scan", "Parent Relationship": "Outer", "Relation Name": "link_type", "Alias": "lt", "Startup Cost": 0.0, "Total Cost": 1.17, "Plan Rows": 17, "Plan Width": 16}]}, {"Node Type": "Sort", "Parent Relationship": "Inner", "Startup Cost": 2861.8, "Total Cost": 2862.18, "Plan Rows": 154, "Plan Width": 25, "Sort Key": ["ml.link_type_id"], "Plans": [{"Node Type": "Nested Loop", "Parent Relationship": "Outer", "Join Type": "Inner", "Startup Cost": 5.06, "Total Cost": 2856.2, "Plan Rows": 154, "Plan Width": 25, "Inner Unique": false, "Join Filter": "(t1.id = ml.movie_id)", "Plans": [{"Node Type": "Nested Loop", "Parent Relationship": "Outer", "Join Type": "Inner", "Startup Cost": 4.77, "Total Cost": 2710.54, "Plan Rows": 33, "Plan Width": 25, "Inner Unique": true, "Plans": [{"Node Type": "Nested Loop", "Parent Relationship": "Outer", "Join Type": "Inner", "Startup Cost": 4.51, "Total Cost": 2569.02, "Plan Rows": 33, "Plan Width": 4, "Inner Unique": false, "Plans": [{"Node Type": "Seq Scan", "Parent Relationship": "Outer", "Relation Name": "keyword", "Alias": "k", "Startup Cost": 0.0, "Total Cost": 2436.11, "Plan Rows": 1, "Plan Width": 4, "Filter": "((keyword)::text = '10,000-mile-club'::text)"}, {"Node Type": "Bitmap Heap Scan", "Parent Relationship": "Inner", "Relation Name": "movie_keyword", "Alias": "mk", "Startup Cost": 4.51, "Total Cost": 132.58, "Plan Rows": 33, "Plan Width": 8, "Recheck Cond": "(keyword_id = k.id)", "Plans": [{"Node Type": "Bitmap Index Scan", "Parent Relationship": "Outer", "Index Name": "keyword_id_movie_keyword", "Startup Cost": 0.0, "Total Cost": 4.5, "Plan Rows": 33, "Plan Width": 0, "Index Cond": "(keyword_id = k.id)"}]}]}, {"Node Type": "Bitmap Heap Scan", "Parent Relationship": "Inner", "Relation Name": "title", "Alias": "t1", "Startup Cost": 0.27, "Total Cost": 4.28, "Plan Rows": 1, "Plan Width": 21, "Recheck Cond": "(id = mk.movie_id)", "Plans": [{"Node Type": "Bitmap Index Scan", "Parent Relationship": "Outer", "Index Name": "title_pkey", "Startup Cost": 0.0, "Total Cost": 0.27, "Plan Rows": 1, "Plan Width": 0, "Index Cond": "(id = mk.movie_id)"}]}]}, {"Node Type": "Bitmap Heap Scan", "Parent Relationship": "Inner", "Relation Name": "movie_link", "Alias": "ml", "Startup Cost": 0.29, "Total Cost": 4.35, "Plan Rows": 5, "Plan Width": 12, "Recheck Cond": "(movie_id = mk.movie_id)", "Plans": [{"Node Type": "Bitmap Index Scan", "Parent Relationship": "Outer", "Index Name": "movie_id_movie_link", "Startup Cost": 0.0, "Total Cost": 0.29, "Plan Rows": 5, "Plan Width": 0, "Index Cond": "(movie_id = mk.movie_id)"}]}]}]}]}, {"Node Type": "Bitmap Heap Scan", "Parent Relationship": "Inner", "Relation Name": "title", "Alias": "t2", "Startup Cost": 1.49, "Total Cost": 5.5, "Plan Rows": 1, "Plan Width": 21, "Recheck Cond": "(id = ml.linked_movie_id)", "Plans": [{"Node Type": "Bitmap Index Scan", "Parent Relationship": "Outer", "Index Name": "title_pkey", "Startup Cost": 0.0, "Total Cost": 1.49, "Plan Rows": 1, "Plan Width": 0, "Index Cond": "(id = ml.linked_movie_id)"}]}]}]}, "Unique SQL Id": 524435555, "Planner Runtime": 9}, "explain_analyze_plan": {"Plan": {"Node Type": "Aggregate", "Strategy": "Plain", "Startup Cost": 3716.04, "Total Cost": 3716.05, "Plan Rows": 1, "Plan Width": 142, "Actual Startup Time": 40.928, "Actual Total Time": 40.929, "Actual Rows": 1, "Actual Loops": 1, "Plans": [{"Node Type": "Nested Loop", "Parent Relationship": "Outer", "Join Type": "Inner", "Startup Cost": 2864.83, "Total Cost": 3714.88, "Plan Rows": 154, "Plan Width": 46, "Actual Startup Time": 40.922, "Actual Total Time": 40.922, "Actual Rows": 0, "Actual Loops": 1, "Inner Unique": true, "Plans": [{"Node Type": "Merge Join", "Parent Relationship": "Outer", "Join Type": "Inner", "Startup Cost": 2863.34, "Total Cost": 2865.7, "Plan Rows": 154, "Plan Width": 33, "Actual Startup Time": 40.921, "Actual Total Time": 40.921, "Actual Rows": 0, "Actual Loops": 1, "Inner Unique": false, "Merge Cond": "(lt.id = ml.link_type_id)", "Plans": [{"Node Type": "Sort", "Parent Relationship": "Outer", "Startup Cost": 1.52, "Total Cost": 1.56, "Plan Rows": 17, "Plan Width": 16, "Actual Startup Time": 0.031, "Actual Total Time": 0.031, "Actual Rows": 1, "Actual Loops": 1, "Sort Key": ["lt.id"], "Sort Method": "quicksort", "Sort Space Used": 26, "Sort Space Type": "Memory", "Plans": [{"Node Type": "Seq Scan", "Parent Relationship": "Outer", "Relation Name": "link_type", "Alias": "lt", "Startup Cost": 0.0, "Total Cost": 1.17, "Plan Rows": 17, "Plan Width": 16, "Actual Startup Time": 0.011, "Actual Total Time": 0.015, "Actual Rows": 17, "Actual Loops": 1}]}, {"Node Type": "Sort", "Parent Relationship": "Inner", "Startup Cost": 2861.8, "Total Cost": 2862.18, "Plan Rows": 154, "Plan Width": 25, "Actual Startup Time": 40.879, "Actual Total Time": 40.879, "Actual Rows": 0, "Actual Loops": 1, "Sort Key": ["ml.link_type_id"], "Sort Method": "quicksort", "Sort Space Used": 25, "Sort Space Type": "Memory", "Plans": [{"Node Type": "Nested Loop", "Parent Relationship": "Outer", "Join Type": "Inner", "Startup Cost": 5.06, "Total Cost": 2856.2, "Plan Rows": 154, "Plan Width": 25, "Actual Startup Time": 40.873, "Actual Total Time": 40.873, "Actual Rows": 0, "Actual Loops": 1, "Inner Unique": false, "Join Filter": "(t1.id = ml.movie_id)", "Rows Removed by Join Filter": 0, "Plans": [{"Node Type": "Nested Loop", "Parent Relationship": "Outer", "Join Type": "Inner", "Startup Cost": 4.77, "Total Cost": 2710.54, "Plan Rows": 33, "Plan Width": 25, "Actual Startup Time": 39.989, "Actual Total Time": 40.863, "Actual Rows": 1, "Actual Loops": 1, "Inner Unique": true, "Plans": [{"Node Type": "Nested Loop", "Parent Relationship": "Outer", "Join Type": "Inner", "Startup Cost": 4.51, "Total Cost": 2569.02, "Plan Rows": 33, "Plan Width": 4, "Actual Startup Time": 39.974, "Actual Total Time": 40.848, "Actual Rows": 1, "Actual Loops": 1, "Inner Unique": false, "Plans": [{"Node Type": "Seq Scan", "Parent Relationship": "Outer", "Relation Name": "keyword", "Alias": "k", "Startup Cost": 0.0, "Total Cost": 2436.11, "Plan Rows": 1, "Plan Width": 4, "Actual Startup Time": 39.93, "Actual Total Time": 40.802, "Actual Rows": 1, "Actual Loops": 1, "Filter": "((keyword)::text = '10,000-mile-club'::text)", "Rows Removed by Filter": 134168}, {"Node Type": "Bitmap Heap Scan", "Parent Relationship": "Inner", "Relation Name": "movie_keyword", "Alias": "mk", "Startup Cost": 4.51, "Total Cost": 132.58, "Plan Rows": 33, "Plan Width": 8, "Actual Startup Time": 0.032, "Actual Total Time": 0.033, "Actual Rows": 1, "Actual Loops": 1, "Recheck Cond": "(keyword_id = k.id)", "Rows Removed by Index Recheck": 0, "Exact Heap Blocks": 1, "Lossy Heap Blocks": 1, "Plans": [{"Node Type": "Bitmap Index Scan", "Parent Relationship": "Outer", "Index Name": "keyword_id_movie_keyword", "Startup Cost": 0.0, "Total Cost": 4.5, "Plan Rows": 33, "Plan Width": 0, "Actual Startup Time": 0.02, "Actual Total Time": 0.02, "Actual Rows": 1, "Actual Loops": 1, "Index Cond": "(keyword_id = k.id)"}]}]}, {"Node Type": "Bitmap Heap Scan", "Parent Relationship": "Inner", "Relation Name": "title", "Alias": "t1", "Startup Cost": 0.27, "Total Cost": 4.28, "Plan Rows": 1, "Plan Width": 21, "Actual Startup Time": 0.012, "Actual Total Time": 0.012, "Actual Rows": 1, "Actual Loops": 1, "Recheck Cond": "(id = mk.movie_id)", "Rows Removed by Index Recheck": 0, "Exact Heap Blocks": 1, "Lossy Heap Blocks": 1, "Plans": [{"Node Type": "Bitmap Index Scan", "Parent Relationship": "Outer", "Index Name": "title_pkey", "Startup Cost": 0.0, "Total Cost": 0.27, "Plan Rows": 1, "Plan Width": 0, "Actual Startup Time": 0.007, "Actual Total Time": 0.007, "Actual Rows": 1, "Actual Loops": 1, "Index Cond": "(id = mk.movie_id)"}]}]}, {"Node Type": "Bitmap Heap Scan", "Parent Relationship": "Inner", "Relation Name": "movie_link", "Alias": "ml", "Startup Cost": 0.29, "Total Cost": 4.35, "Plan Rows": 5, "Plan Width": 12, "Actual Startup Time": 0.006, "Actual Total Time": 0.006, "Actual Rows": 0, "Actual Loops": 1, "Recheck Cond": "(movie_id = mk.movie_id)", "Rows Removed by Index Recheck": 0, "Exact Heap Blocks": 0, "Lossy Heap Blocks": 0, "Plans": [{"Node Type": "Bitmap Index Scan", "Parent Relationship": "Outer", "Index Name": "movie_id_movie_link", "Startup Cost": 0.0, "Total Cost": 0.29, "Plan Rows": 5, "Plan Width": 0, "Actual Startup Time": 0.002, "Actual Total Time": 0.002, "Actual Rows": 0, "Actual Loops": 1, "Index Cond": "(movie_id = mk.movie_id)"}]}]}]}]}, {"Node Type": "Bitmap Heap Scan", "Parent Relationship": "Inner", "Relation Name": "title", "Alias": "t2", "Startup Cost": 1.49, "Total Cost": 5.5, "Plan Rows": 1, "Plan Width": 21, "Actual Startup Time": 0.0, "Actual Total Time": 0.0, "Recheck Cond": "(id = ml.linked_movie_id)", "Rows Removed by Index Recheck": 0, "Exact Heap Blocks": 0, "Lossy Heap Blocks": 0, "Plans": [{"Node Type": "Bitmap Index Scan", "Parent Relationship": "Outer", "Index Name": "title_pkey", "Startup Cost": 0.0, "Total Cost": 1.49, "Plan Rows": 1, "Plan Width": 0, "Actual Startup Time": 0.0, "Actual Total Time": 0.0, "Index Cond": "(id = ml.linked_movie_id)"}]}]}]}, "Triggers": [], "Planner Runtime": 9, "Total Runtime": 41.16, "Unique SQL Id": 524435555}}, "(16, 87)": {"explain_plan": {"Plan": {"Node Type": "Aggregate", "Strategy": "Plain", "Startup Cost": 4446.47, "Total Cost": 4446.48, "Plan Rows": 1, "Plan Width": 142, "Plans": [{"Node Type": "Nested Loop", "Parent Relationship": "Outer", "Join Type": "Inner", "Startup Cost": 3595.27, "Total Cost": 4445.32, "Plan Rows": 154, "Plan Width": 46, "Inner Unique": true, "Plans": [{"Node Type": "Merge Join", "Parent Relationship": "Outer", "Join Type": "Inner", "Startup Cost": 3593.78, "Total Cost": 3596.14, "Plan Rows": 154, "Plan Width": 33, "Inner Unique": false, "Merge Cond": "(lt.id = ml.link_type_id)", "Plans": [{"Node Type": "Sort", "Parent Relationship": "Outer", "Startup Cost": 12.86, "Total Cost": 12.9, "Plan Rows": 17, "Plan Width": 16, "Sort Key": ["lt.id"], "Plans": [{"Node Type": "Bitmap Heap Scan", "Parent Relationship": "Outer", "Relation Name": "link_type", "Alias": "lt", "Startup Cost": 8.34, "Total Cost": 12.51, "Plan Rows": 17, "Plan Width": 16, "Plans": [{"Node Type": "Bitmap Index Scan", "Parent Relationship": "Outer", "Index Name": "link_type_pkey", "Startup Cost": 0.0, "Total Cost": 8.34, "Plan Rows": 17, "Plan Width": 0}]}]}, {"Node Type": "Sort", "Parent Relationship": "Inner", "Startup Cost": 3580.89, "Total Cost": 3581.28, "Plan Rows": 154, "Plan Width": 25, "Sort Key": ["ml.link_type_id"], "Plans": [{"Node Type": "Nested Loop", "Parent Relationship": "Outer", "Join Type": "Inner", "Startup Cost": 724.16, "Total Cost": 3575.3, "Plan Rows": 154, "Plan Width": 25, "Inner Unique": false, "Join Filter": "(t1.id = ml.movie_id)", "Plans": [{"Node Type": "Nested Loop", "Parent Relationship": "Outer", "Join Type": "Inner", "Startup Cost": 723.87, "Total Cost": 3429.64, "Plan Rows": 33, "Plan Width": 25, "Inner Unique": true, "Plans": [{"Node Type": "Nested Loop", "Parent Relationship": "Outer", "Join Type": "Inner", "Startup Cost": 723.6, "Total Cost": 3288.12, "Plan Rows": 33, "Plan Width": 4, "Inner Unique": false, "Plans": [{"Node Type": "Bitmap Heap Scan", "Parent Relationship": "Outer", "Relation Name": "keyword", "Alias": "k", "Startup Cost": 719.1, "Total Cost": 3155.21, "Plan Rows": 1, "Plan Width": 4, "Filter": "((keyword)::text = '10,000-mile-club'::text)", "Plans": [{"Node Type": "Bitmap Index Scan", "Parent Relationship": "Outer", "Index Name": "keyword_pkey", "Startup Cost": 0.0, "Total Cost": 719.1, "Plan Rows": 134169, "Plan Width": 0}]}, {"Node Type": "Bitmap Heap Scan", "Parent Relationship": "Inner", "Relation Name": "movie_keyword", "Alias": "mk", "Startup Cost": 4.51, "Total Cost": 132.58, "Plan Rows": 33, "Plan Width": 8, "Recheck Cond": "(keyword_id = k.id)", "Plans": [{"Node Type": "Bitmap Index Scan", "Parent Relationship": "Outer", "Index Name": "keyword_id_movie_keyword", "Startup Cost": 0.0, "Total Cost": 4.5, "Plan Rows": 33, "Plan Width": 0, "Index Cond": "(keyword_id = k.id)"}]}]}, {"Node Type": "Bitmap Heap Scan", "Parent Relationship": "Inner", "Relation Name": "title", "Alias": "t1", "Startup Cost": 0.27, "Total Cost": 4.28, "Plan Rows": 1, "Plan Width": 21, "Recheck Cond": "(id = mk.movie_id)", "Plans": [{"Node Type": "Bitmap Index Scan", "Parent Relationship": "Outer", "Index Name": "title_pkey", "Startup Cost": 0.0, "Total Cost": 0.27, "Plan Rows": 1, "Plan Width": 0, "Index Cond": "(id = mk.movie_id)"}]}]}, {"Node Type": "Bitmap Heap Scan", "Parent Relationship": "Inner", "Relation Name": "movie_link", "Alias": "ml", "Startup Cost": 0.29, "Total Cost": 4.35, "Plan Rows": 5, "Plan Width": 12, "Recheck Cond": "(movie_id = mk.movie_id)", "Plans": [{"Node Type": "Bitmap Index Scan", "Parent Relationship": "Outer", "Index Name": "movie_id_movie_link", "Startup Cost": 0.0, "Total Cost": 0.29, "Plan Rows": 5, "Plan Width": 0, "Index Cond": "(movie_id = mk.movie_id)"}]}]}]}]}, {"Node Type": "Bitmap Heap Scan", "Parent Relationship": "Inner", "Relation Name": "title", "Alias": "t2", "Startup Cost": 1.49, "Total Cost": 5.5, "Plan Rows": 1, "Plan Width": 21, "Recheck Cond": "(id = ml.linked_movie_id)", "Plans": [{"Node Type": "Bitmap Index Scan", "Parent Relationship": "Outer", "Index Name": "title_pkey", "Startup Cost": 0.0, "Total Cost": 1.49, "Plan Rows": 1, "Plan Width": 0, "Index Cond": "(id = ml.linked_movie_id)"}]}]}]}, "Unique SQL Id": 524435555, "Planner Runtime": 8}, "explain_analyze_plan": {"Plan": {"Node Type": "Aggregate", "Strategy": "Plain", "Startup Cost": 4446.47, "Total Cost": 4446.48, "Plan Rows": 1, "Plan Width": 142, "Actual Startup Time": 62.23, "Actual Total Time": 62.23, "Actual Rows": 1, "Actual Loops": 1, "Plans": [{"Node Type": "Nested Loop", "Parent Relationship": "Outer", "Join Type": "Inner", "Startup Cost": 3595.27, "Total Cost": 4445.32, "Plan Rows": 154, "Plan Width": 46, "Actual Startup Time": 62.225, "Actual Total Time": 62.225, "Actual Rows": 0, "Actual Loops": 1, "Inner Unique": true, "Plans": [{"Node Type": "Merge Join", "Parent Relationship": "Outer", "Join Type": "Inner", "Startup Cost": 3593.78, "Total Cost": 3596.14, "Plan Rows": 154, "Plan Width": 33, "Actual Startup Time": 62.223, "Actual Total Time": 62.223, "Actual Rows": 0, "Actual Loops": 1, "Inner Unique": false, "Merge Cond": "(lt.id = ml.link_type_id)", "Plans": [{"Node Type": "Sort", "Parent Relationship": "Outer", "Startup Cost": 12.86, "Total Cost": 12.9, "Plan Rows": 17, "Plan Width": 16, "Actual Startup Time": 0.035, "Actual Total Time": 0.035, "Actual Rows": 1, "Actual Loops": 1, "Sort Key": ["lt.id"], "Sort Method": "quicksort", "Sort Space Used": 26, "Sort Space Type": "Memory", "Plans": [{"Node Type": "Bitmap Heap Scan", "Parent Relationship": "Outer", "Relation Name": "link_type", "Alias": "lt", "Startup Cost": 8.34, "Total Cost": 12.51, "Plan Rows": 17, "Plan Width": 16, "Actual Startup Time": 0.017, "Actual Total Time": 0.02, "Actual Rows": 17, "Actual Loops": 1, "Exact Heap Blocks": 1, "Lossy Heap Blocks": 1, "Plans": [{"Node Type": "Bitmap Index Scan", "Parent Relationship": "Outer", "Index Name": "link_type_pkey", "Startup Cost": 0.0, "Total Cost": 8.34, "Plan Rows": 17, "Plan Width": 0, "Actual Startup Time": 0.007, "Actual Total Time": 0.007, "Actual Rows": 17, "Actual Loops": 1}]}]}, {"Node Type": "Sort", "Parent Relationship": "Inner", "Startup Cost": 3580.89, "Total Cost": 3581.28, "Plan Rows": 154, "Plan Width": 25, "Actual Startup Time": 62.178, "Actual Total Time": 62.178, "Actual Rows": 0, "Actual Loops": 1, "Sort Key": ["ml.link_type_id"], "Sort Method": "quicksort", "Sort Space Used": 25, "Sort Space Type": "Memory", "Plans": [{"Node Type": "Nested Loop", "Parent Relationship": "Outer", "Join Type": "Inner", "Startup Cost": 724.16, "Total Cost": 3575.3, "Plan Rows": 154, "Plan Width": 25, "Actual Startup Time": 62.171, "Actual Total Time": 62.171, "Actual Rows": 0, "Actual Loops": 1, "Inner Unique": false, "Join Filter": "(t1.id = ml.movie_id)", "Rows Removed by Join Filter": 0, "Plans": [{"Node Type": "Nested Loop", "Parent Relationship": "Outer", "Join Type": "Inner", "Startup Cost": 723.87, "Total Cost": 3429.64, "Plan Rows": 33, "Plan Width": 25, "Actual Startup Time": 61.077, "Actual Total Time": 62.163, "Actual Rows": 1, "Actual Loops": 1, "Inner Unique": true, "Plans": [{"Node Type": "Nested Loop", "Parent Relationship": "Outer", "Join Type": "Inner", "Startup Cost": 723.6, "Total Cost": 3288.12, "Plan Rows": 33, "Plan Width": 4, "Actual Startup Time": 61.06, "Actual Total Time": 62.146, "Actual Rows": 1, "Actual Loops": 1, "Inner Unique": false, "Plans": [{"Node Type": "Bitmap Heap Scan", "Parent Relationship": "Outer", "Relation Name": "keyword", "Alias": "k", "Startup Cost": 719.1, "Total Cost": 3155.21, "Plan Rows": 1, "Plan Width": 4, "Actual Startup Time": 61.019, "Actual Total Time": 62.103, "Actual Rows": 1, "Actual Loops": 1, "Filter": "((keyword)::text = '10,000-mile-club'::text)", "Rows Removed by Filter": 134168, "Exact Heap Blocks": 759, "Lossy Heap Blocks": 759, "Plans": [{"Node Type": "Bitmap Index Scan", "Parent Relationship": "Outer", "Index Name": "keyword_pkey", "Startup Cost": 0.0, "Total Cost": 719.1, "Plan Rows": 134169, "Plan Width": 0, "Actual Startup Time": 11.436, "Actual Total Time": 11.436, "Actual Rows": 134169, "Actual Loops": 1}]}, {"Node Type": "Bitmap Heap Scan", "Parent Relationship": "Inner", "Relation Name": "movie_keyword", "Alias": "mk", "Startup Cost": 4.51, "Total Cost": 132.58, "Plan Rows": 33, "Plan Width": 8, "Actual Startup Time": 0.028, "Actual Total Time": 0.028, "Actual Rows": 1, "Actual Loops": 1, "Recheck Cond": "(keyword_id = k.id)", "Rows Removed by Index Recheck": 0, "Exact Heap Blocks": 1, "Lossy Heap Blocks": 1, "Plans": [{"Node Type": "Bitmap Index Scan", "Parent Relationship": "Outer", "Index Name": "keyword_id_movie_keyword", "Startup Cost": 0.0, "Total Cost": 4.5, "Plan Rows": 33, "Plan Width": 0, "Actual Startup Time": 0.019, "Actual Total Time": 0.019, "Actual Rows": 1, "Actual Loops": 1, "Index Cond": "(keyword_id = k.id)"}]}]}, {"Node Type": "Bitmap Heap Scan", "Parent Relationship": "Inner", "Relation Name": "title", "Alias": "t1", "Startup Cost": 0.27, "Total Cost": 4.28, "Plan Rows": 1, "Plan Width": 21, "Actual Startup Time": 0.013, "Actual Total Time": 0.013, "Actual Rows": 1, "Actual Loops": 1, "Recheck Cond": "(id = mk.movie_id)", "Rows Removed by Index Recheck": 0, "Exact Heap Blocks": 1, "Lossy Heap Blocks": 1, "Plans": [{"Node Type": "Bitmap Index Scan", "Parent Relationship": "Outer", "Index Name": "title_pkey", "Startup Cost": 0.0, "Total Cost": 0.27, "Plan Rows": 1, "Plan Width": 0, "Actual Startup Time": 0.009, "Actual Total Time": 0.009, "Actual Rows": 1, "Actual Loops": 1, "Index Cond": "(id = mk.movie_id)"}]}]}, {"Node Type": "Bitmap Heap Scan", "Parent Relationship": "Inner", "Relation Name": "movie_link", "Alias": "ml", "Startup Cost": 0.29, "Total Cost": 4.35, "Plan Rows": 5, "Plan Width": 12, "Actual Startup Time": 0.006, "Actual Total Time": 0.006, "Actual Rows": 0, "Actual Loops": 1, "Recheck Cond": "(movie_id = mk.movie_id)", "Rows Removed by Index Recheck": 0, "Exact Heap Blocks": 0, "Lossy Heap Blocks": 0, "Plans": [{"Node Type": "Bitmap Index Scan", "Parent Relationship": "Outer", "Index Name": "movie_id_movie_link", "Startup Cost": 0.0, "Total Cost": 0.29, "Plan Rows": 5, "Plan Width": 0, "Actual Startup Time": 0.003, "Actual Total Time": 0.003, "Actual Rows": 0, "Actual Loops": 1, "Index Cond": "(movie_id = mk.movie_id)"}]}]}]}]}, {"Node Type": "Bitmap Heap Scan", "Parent Relationship": "Inner", "Relation Name": "title", "Alias": "t2", "Startup Cost": 1.49, "Total Cost": 5.5, "Plan Rows": 1, "Plan Width": 21, "Actual Startup Time": 0.0, "Actual Total Time": 0.0, "Recheck Cond": "(id = ml.linked_movie_id)", "Rows Removed by Index Recheck": 0, "Exact Heap Blocks": 0, "Lossy Heap Blocks": 0, "Plans": [{"Node Type": "Bitmap Index Scan", "Parent Relationship": "Outer", "Index Name": "title_pkey", "Startup Cost": 0.0, "Total Cost": 1.49, "Plan Rows": 1, "Plan Width": 0, "Actual Startup Time": 0.0, "Actual Total Time": 0.0, "Index Cond": "(id = ml.linked_movie_id)"}]}]}]}, "Triggers": [], "Planner Runtime": 8, "Total Runtime": 62.482, "Unique SQL Id": 524435555}}, "(16, 88)": {"explain_plan": {"Plan": {"Node Type": "Aggregate", "Strategy": "Plain", "Startup Cost": 3271.29, "Total Cost": 3271.3, "Plan Rows": 1, "Plan Width": 142, "Plans": [{"Node Type": "Nested Loop", "Parent Relationship": "Outer", "Join Type": "Inner", "Startup Cost": 2604.2, "Total Cost": 3270.14, "Plan Rows": 154, "Plan Width": 46, "Inner Unique": true, "Plans": [{"Node Type": "Merge Join", "Parent Relationship": "Outer", "Join Type": "Inner", "Startup Cost": 2604.2, "Total Cost": 2606.56, "Plan Rows": 154, "Plan Width": 33, "Inner Unique": false, "Merge Cond": "(lt.id = ml.link_type_id)", "Plans": [{"Node Type": "Sort", "Parent Relationship": "Outer", "Startup Cost": 1.52, "Total Cost": 1.56, "Plan Rows": 17, "Plan Width": 16, "Sort Key": ["lt.id"], "Plans": [{"Node Type": "Seq Scan", "Parent Relationship": "Outer", "Relation Name": "link_type", "Alias": "lt", "Startup Cost": 0.0, "Total Cost": 1.17, "Plan Rows": 17, "Plan Width": 16}]}, {"Node Type": "Sort", "Parent Relationship": "Inner", "Startup Cost": 2602.65, "Total Cost": 2603.04, "Plan Rows": 154, "Plan Width": 25, "Sort Key": ["ml.link_type_id"], "Plans": [{"Node Type": "Nested Loop", "Parent Relationship": "Outer", "Join Type": "Inner", "Startup Cost": 0.0, "Total Cost": 2597.06, "Plan Rows": 154, "Plan Width": 25, "Inner Unique": false, "Plans": [{"Node Type": "Nested Loop", "Parent Relationship": "Outer", "Join Type": "Inner", "Startup Cost": 0.0, "Total Cost": 2583.84, "Plan Rows": 33, "Plan Width": 25, "Inner Unique": true, "Plans": [{"Node Type": "Nested Loop", "Parent Relationship": "Outer", "Join Type": "Inner", "Startup Cost": 0.0, "Total Cost": 2573.32, "Plan Rows": 33, "Plan Width": 4, "Inner Unique": false, "Plans": [{"Node Type": "Seq Scan", "Parent Relationship": "Outer", "Relation Name": "keyword", "Alias": "k", "Startup Cost": 0.0, "Total Cost": 2436.11, "Plan Rows": 1, "Plan Width": 4, "Filter": "((keyword)::text = '10,000-mile-club'::text)"}, {"Node Type": "Index Scan", "Parent Relationship": "Inner", "Scan Direction": "Forward", "Index Name": "keyword_id_movie_keyword", "Relation Name": "movie_keyword", "Alias": "mk", "Startup Cost": 0.0, "Total Cost": 136.88, "Plan Rows": 33, "Plan Width": 8, "Index Cond": "(keyword_id = k.id)"}]}, {"Node Type": "Index Scan", "Parent Relationship": "Inner", "Scan Direction": "Forward", "Index Name": "title_pkey", "Relation Name": "title", "Alias": "t1", "Startup Cost": 0.0, "Total Cost": 0.31, "Plan Rows": 1, "Plan Width": 21, "Index Cond": "(id = mk.movie_id)"}]}, {"Node Type": "Index Scan", "Parent Relationship": "Inner", "Scan Direction": "Forward", "Index Name": "movie_id_movie_link", "Relation Name": "movie_link", "Alias": "ml", "Startup Cost": 0.0, "Total Cost": 0.35, "Plan Rows": 5, "Plan Width": 12, "Index Cond": "(movie_id = t1.id)"}]}]}]}, {"Node Type": "Index Scan", "Parent Relationship": "Inner", "Scan Direction": "Forward", "Index Name": "title_pkey", "Relation Name": "title", "Alias": "t2", "Startup Cost": 0.0, "Total Cost": 4.3, "Plan Rows": 1, "Plan Width": 21, "Index Cond": "(id = ml.linked_movie_id)"}]}]}, "Unique SQL Id": 524435555, "Planner Runtime": 11}, "explain_analyze_plan": {"Plan": {"Node Type": "Aggregate", "Strategy": "Plain", "Startup Cost": 3271.29, "Total Cost": 3271.3, "Plan Rows": 1, "Plan Width": 142, "Actual Startup Time": 40.679, "Actual Total Time": 40.68, "Actual Rows": 1, "Actual Loops": 1, "Plans": [{"Node Type": "Nested Loop", "Parent Relationship": "Outer", "Join Type": "Inner", "Startup Cost": 2604.2, "Total Cost": 3270.14, "Plan Rows": 154, "Plan Width": 46, "Actual Startup Time": 40.673, "Actual Total Time": 40.673, "Actual Rows": 0, "Actual Loops": 1, "Inner Unique": true, "Plans": [{"Node Type": "Merge Join", "Parent Relationship": "Outer", "Join Type": "Inner", "Startup Cost": 2604.2, "Total Cost": 2606.56, "Plan Rows": 154, "Plan Width": 33, "Actual Startup Time": 40.672, "Actual Total Time": 40.672, "Actual Rows": 0, "Actual Loops": 1, "Inner Unique": false, "Merge Cond": "(lt.id = ml.link_type_id)", "Plans": [{"Node Type": "Sort", "Parent Relationship": "Outer", "Startup Cost": 1.52, "Total Cost": 1.56, "Plan Rows": 17, "Plan Width": 16, "Actual Startup Time": 0.033, "Actual Total Time": 0.033, "Actual Rows": 1, "Actual Loops": 1, "Sort Key": ["lt.id"], "Sort Method": "quicksort", "Sort Space Used": 26, "Sort Space Type": "Memory", "Plans": [{"Node Type": "Seq Scan", "Parent Relationship": "Outer", "Relation Name": "link_type", "Alias": "lt", "Startup Cost": 0.0, "Total Cost": 1.17, "Plan Rows": 17, "Plan Width": 16, "Actual Startup Time": 0.011, "Actual Total Time": 0.017, "Actual Rows": 17, "Actual Loops": 1}]}, {"Node Type": "Sort", "Parent Relationship": "Inner", "Startup Cost": 2602.65, "Total Cost": 2603.04, "Plan Rows": 154, "Plan Width": 25, "Actual Startup Time": 40.63, "Actual Total Time": 40.63, "Actual Rows": 0, "Actual Loops": 1, "Sort Key": ["ml.link_type_id"], "Sort Method": "quicksort", "Sort Space Used": 25, "Sort Space Type": "Memory", "Plans": [{"Node Type": "Nested Loop", "Parent Relationship": "Outer", "Join Type": "Inner", "Startup Cost": 0.0, "Total Cost": 2597.06, "Plan Rows": 154, "Plan Width": 25, "Actual Startup Time": 40.626, "Actual Total Time": 40.626, "Actual Rows": 0, "Actual Loops": 1, "Inner Unique": false, "Plans": [{"Node Type": "Nested Loop", "Parent Relationship": "Outer", "Join Type": "Inner", "Startup Cost": 0.0, "Total Cost": 2583.84, "Plan Rows": 33, "Plan Width": 25, "Actual Startup Time": 39.753, "Actual Total Time": 40.62, "Actual Rows": 1, "Actual Loops": 1, "Inner Unique": true, "Plans": [{"Node Type": "Nested Loop", "Parent Relationship": "Outer", "Join Type": "Inner", "Startup Cost": 0.0, "Total Cost": 2573.32, "Plan Rows": 33, "Plan Width": 4, "Actual Startup Time": 39.743, "Actual Total Time": 40.61, "Actual Rows": 1, "Actual Loops": 1, "Inner Unique": false, "Plans": [{"Node Type": "Seq Scan", "Parent Relationship": "Outer", "Relation Name": "keyword", "Alias": "k", "Startup Cost": 0.0, "Total Cost": 2436.11, "Plan Rows": 1, "Plan Width": 4, "Actual Startup Time": 39.716, "Actual Total Time": 40.582, "Actual Rows": 1, "Actual Loops": 1, "Filter": "((keyword)::text = '10,000-mile-club'::text)", "Rows Removed by Filter": 134168}, {"Node Type": "Index Scan", "Parent Relationship": "Inner", "Scan Direction": "Forward", "Index Name": "keyword_id_movie_keyword", "Relation Name": "movie_keyword", "Alias": "mk", "Startup Cost": 0.0, "Total Cost": 136.88, "Plan Rows": 33, "Plan Width": 8, "Actual Startup Time": 0.02, "Actual Total Time": 0.021, "Actual Rows": 1, "Actual Loops": 1, "Index Cond": "(keyword_id = k.id)", "Rows Removed by Index Recheck": 0}]}, {"Node Type": "Index Scan", "Parent Relationship": "Inner", "Scan Direction": "Forward", "Index Name": "title_pkey", "Relation Name": "title", "Alias": "t1", "Startup Cost": 0.0, "Total Cost": 0.31, "Plan Rows": 1, "Plan Width": 21, "Actual Startup Time": 0.009, "Actual Total Time": 0.009, "Actual Rows": 1, "Actual Loops": 1, "Index Cond": "(id = mk.movie_id)", "Rows Removed by Index Recheck": 0}]}, {"Node Type": "Index Scan", "Parent Relationship": "Inner", "Scan Direction": "Forward", "Index Name": "movie_id_movie_link", "Relation Name": "movie_link", "Alias": "ml", "Startup Cost": 0.0, "Total Cost": 0.35, "Plan Rows": 5, "Plan Width": 12, "Actual Startup Time": 0.004, "Actual Total Time": 0.004, "Actual Rows": 0, "Actual Loops": 1, "Index Cond": "(movie_id = t1.id)", "Rows Removed by Index Recheck": 0}]}]}]}, {"Node Type": "Index Scan", "Parent Relationship": "Inner", "Scan Direction": "Forward", "Index Name": "title_pkey", "Relation Name": "title", "Alias": "t2", "Startup Cost": 0.0, "Total Cost": 4.3, "Plan Rows": 1, "Plan Width": 21, "Actual Startup Time": 0.0, "Actual Total Time": 0.0, "Index Cond": "(id = ml.linked_movie_id)", "Rows Removed by Index Recheck": 0}]}]}, "Triggers": [], "Planner Runtime": 11, "Total Runtime": 40.879, "Unique SQL Id": 524435555}}, "(16, 89)": {"explain_plan": {"Plan": {"Node Type": "Aggregate", "Strategy": "Plain", "Startup Cost": 4051.57, "Total Cost": 4051.58, "Plan Rows": 1, "Plan Width": 142, "Plans": [{"Node Type": "Nested Loop", "Parent Relationship": "Outer", "Join Type": "Inner", "Startup Cost": 0.0, "Total Cost": 4050.42, "Plan Rows": 154, "Plan Width": 46, "Inner Unique": true, "Plans": [{"Node Type": "Nested Loop", "Parent Relationship": "Outer", "Join Type": "Inner", "Startup Cost": 0.0, "Total Cost": 3386.84, "Plan Rows": 154, "Plan Width": 33, "Inner Unique": true, "Plans": [{"Node Type": "Nested Loop", "Parent Relationship": "Outer", "Join Type": "Inner", "Startup Cost": 0.0, "Total Cost": 3343.66, "Plan Rows": 154, "Plan Width": 25, "Inner Unique": false, "Plans": [{"Node Type": "Nested Loop", "Parent Relationship": "Outer", "Join Type": "Inner", "Startup Cost": 0.0, "Total Cost": 3330.45, "Plan Rows": 33, "Plan Width": 25, "Inner Unique": true, "Plans": [{"Node Type": "Nested Loop", "Parent Relationship": "Outer", "Join Type": "Inner", "Startup Cost": 0.0, "Total Cost": 3319.92, "Plan Rows": 33, "Plan Width": 4, "Inner Unique": false, "Plans": [{"Node Type": "Index Scan", "Parent Relationship": "Outer", "Scan Direction": "Forward", "Index Name": "keyword_pkey", "Relation Name": "keyword", "Alias": "k", "Startup Cost": 0.0, "Total Cost": 3182.72, "Plan Rows": 1, "Plan Width": 4, "Filter": "((keyword)::text = '10,000-mile-club'::text)"}, {"Node Type": "Index Scan", "Parent Relationship": "Inner", "Scan Direction": "Forward", "Index Name": "keyword_id_movie_keyword", "Relation Name": "movie_keyword", "Alias": "mk", "Startup Cost": 0.0, "Total Cost": 136.88, "Plan Rows": 33, "Plan Width": 8, "Index Cond": "(keyword_id = k.id)"}]}, {"Node Type": "Index Scan", "Parent Relationship": "Inner", "Scan Direction": "Forward", "Index Name": "title_pkey", "Relation Name": "title", "Alias": "t1", "Startup Cost": 0.0, "Total Cost": 0.31, "Plan Rows": 1, "Plan Width": 21, "Index Cond": "(id = mk.movie_id)"}]}, {"Node Type": "Index Scan", "Parent Relationship": "Inner", "Scan Direction": "Forward", "Index Name": "movie_id_movie_link", "Relation Name": "movie_link", "Alias": "ml", "Startup Cost": 0.0, "Total Cost": 0.35, "Plan Rows": 5, "Plan Width": 12, "Index Cond": "(movie_id = t1.id)"}]}, {"Node Type": "Index Scan", "Parent Relationship": "Inner", "Scan Direction": "Forward", "Index Name": "link_type_pkey", "Relation Name": "link_type", "Alias": "lt", "Startup Cost": 0.0, "Total Cost": 0.27, "Plan Rows": 1, "Plan Width": 16, "Index Cond": "(id = ml.link_type_id)"}]}, {"Node Type": "Index Scan", "Parent Relationship": "Inner", "Scan Direction": "Forward", "Index Name": "title_pkey", "Relation Name": "title", "Alias": "t2", "Startup Cost": 0.0, "Total Cost": 4.3, "Plan Rows": 1, "Plan Width": 21, "Index Cond": "(id = ml.linked_movie_id)"}]}]}, "Unique SQL Id": 524435555, "Planner Runtime": 10}, "explain_analyze_plan": {"Plan": {"Node Type": "Aggregate", "Strategy": "Plain", "Startup Cost": 4051.57, "Total Cost": 4051.58, "Plan Rows": 1, "Plan Width": 142, "Actual Startup Time": 113.661, "Actual Total Time": 113.661, "Actual Rows": 1, "Actual Loops": 1, "Plans": [{"Node Type": "Nested Loop", "Parent Relationship": "Outer", "Join Type": "Inner", "Startup Cost": 0.0, "Total Cost": 4050.42, "Plan Rows": 154, "Plan Width": 46, "Actual Startup Time": 113.657, "Actual Total Time": 113.657, "Actual Rows": 0, "Actual Loops": 1, "Inner Unique": true, "Plans": [{"Node Type": "Nested Loop", "Parent Relationship": "Outer", "Join Type": "Inner", "Startup Cost": 0.0, "Total Cost": 3386.84, "Plan Rows": 154, "Plan Width": 33, "Actual Startup Time": 113.656, "Actual Total Time": 113.656, "Actual Rows": 0, "Actual Loops": 1, "Inner Unique": true, "Plans": [{"Node Type": "Nested Loop", "Parent Relationship": "Outer", "Join Type": "Inner", "Startup Cost": 0.0, "Total Cost": 3343.66, "Plan Rows": 154, "Plan Width": 25, "Actual Startup Time": 113.654, "Actual Total Time": 113.654, "Actual Rows": 0, "Actual Loops": 1, "Inner Unique": false, "Plans": [{"Node Type": "Nested Loop", "Parent Relationship": "Outer", "Join Type": "Inner", "Startup Cost": 0.0, "Total Cost": 3330.45, "Plan Rows": 33, "Plan Width": 25, "Actual Startup Time": 111.786, "Actual Total Time": 113.649, "Actual Rows": 1, "Actual Loops": 1, "Inner Unique": true, "Plans": [{"Node Type": "Nested Loop", "Parent Relationship": "Outer", "Join Type": "Inner", "Startup Cost": 0.0, "Total Cost": 3319.92, "Plan Rows": 33, "Plan Width": 4, "Actual Startup Time": 111.771, "Actual Total Time": 113.633, "Actual Rows": 1, "Actual Loops": 1, "Inner Unique": false, "Plans": [{"Node Type": "Index Scan", "Parent Relationship": "Outer", "Scan Direction": "Forward", "Index Name": "keyword_pkey", "Relation Name": "keyword", "Alias": "k", "Startup Cost": 0.0, "Total Cost": 3182.72, "Plan Rows": 1, "Plan Width": 4, "Actual Startup Time": 111.744, "Actual Total Time": 113.604, "Actual Rows": 1, "Actual Loops": 1, "Filter": "((keyword)::text = '10,000-mile-club'::text)", "Rows Removed by Filter": 134168}, {"Node Type": "Index Scan", "Parent Relationship": "Inner", "Scan Direction": "Forward", "Index Name": "keyword_id_movie_keyword", "Relation Name": "movie_keyword", "Alias": "mk", "Startup Cost": 0.0, "Total Cost": 136.88, "Plan Rows": 33, "Plan Width": 8, "Actual Startup Time": 0.017, "Actual Total Time": 0.017, "Actual Rows": 1, "Actual Loops": 1, "Index Cond": "(keyword_id = k.id)", "Rows Removed by Index Recheck": 0}]}, {"Node Type": "Index Scan", "Parent Relationship": "Inner", "Scan Direction": "Forward", "Index Name": "title_pkey", "Relation Name": "title", "Alias": "t1", "Startup Cost": 0.0, "Total Cost": 0.31, "Plan Rows": 1, "Plan Width": 21, "Actual Startup Time": 0.012, "Actual Total Time": 0.012, "Actual Rows": 1, "Actual Loops": 1, "Index Cond": "(id = mk.movie_id)", "Rows Removed by Index Recheck": 0}]}, {"Node Type": "Index Scan", "Parent Relationship": "Inner", "Scan Direction": "Forward", "Index Name": "movie_id_movie_link", "Relation Name": "movie_link", "Alias": "ml", "Startup Cost": 0.0, "Total Cost": 0.35, "Plan Rows": 5, "Plan Width": 12, "Actual Startup Time": 0.003, "Actual Total Time": 0.003, "Actual Rows": 0, "Actual Loops": 1, "Index Cond": "(movie_id = t1.id)", "Rows Removed by Index Recheck": 0}]}, {"Node Type": "Index Scan", "Parent Relationship": "Inner", "Scan Direction": "Forward", "Index Name": "link_type_pkey", "Relation Name": "link_type", "Alias": "lt", "Startup Cost": 0.0, "Total Cost": 0.27, "Plan Rows": 1, "Plan Width": 16, "Actual Startup Time": 0.0, "Actual Total Time": 0.0, "Index Cond": "(id = ml.link_type_id)", "Rows Removed by Index Recheck": 0}]}, {"Node Type": "Index Scan", "Parent Relationship": "Inner", "Scan Direction": "Forward", "Index Name": "title_pkey", "Relation Name": "title", "Alias": "t2", "Startup Cost": 0.0, "Total Cost": 4.3, "Plan Rows": 1, "Plan Width": 21, "Actual Startup Time": 0.0, "Actual Total Time": 0.0, "Index Cond": "(id = ml.linked_movie_id)", "Rows Removed by Index Recheck": 0}]}]}, "Triggers": [], "Planner Runtime": 3, "Total Runtime": 113.879, "Unique SQL Id": 524435555}}, "(16, 90)": {"explain_plan": {"Plan": {"Node Type": "Aggregate", "Strategy": "Plain", "Startup Cost": 1161294698224.03, "Total Cost": 1161294698224.04, "Plan Rows": 1, "Plan Width": 142, "Plans": [{"Node Type": "Merge Join", "Parent Relationship": "Outer", "Join Type": "Inner", "Startup Cost": 172622458059.65, "Total Cost": 1161294698222.88, "Plan Rows": 154, "Plan Width": 46, "Inner Unique": false, "Merge Cond": "(t2.id = ml.linked_movie_id)", "Plans": [{"Node Type": "Index Scan", "Parent Relationship": "Outer", "Scan Direction": "Forward", "Index Name": "title_pkey", "Relation Name": "title", "Alias": "t2", "Startup Cost": 10000000000.0, "Total Cost": 1000011012048.91, "Plan Rows": 2528311, "Plan Width": 21}, {"Node Type": "Sort", "Parent Relationship": "Inner", "Startup Cost": 162501462895.42, "Total Cost": 162501462895.8, "Plan Rows": 154, "Plan Width": 33, "Sort Key": ["ml.linked_movie_id"], "Plans": [{"Node Type": "Merge Join", "Parent Relationship": "Outer", "Join Type": "Inner", "Startup Cost": 162501462886.82, "Total Cost": 162501462889.82, "Plan Rows": 154, "Plan Width": 33, "Inner Unique": true, "Merge Cond": "(ml.link_type_id = lt.id)", "Plans": [{"Node Type": "Sort", "Parent Relationship": "Outer", "Startup Cost": 162501462885.27, "Total Cost": 162501462885.66, "Plan Rows": 154, "Plan Width": 25, "Sort Key": ["ml.link_type_id"], "Plans": [{"Node Type": "Merge Join", "Parent Relationship": "Outer", "Join Type": "Inner", "Startup Cost": 162501461672.95, "Total Cost": 162501462879.68, "Plan Rows": 154, "Plan Width": 25, "Inner Unique": true, "Merge Cond": "(mk.keyword_id = k.id)", "Plans": [{"Node Type": "Sort", "Parent Relationship": "Outer", "Startup Cost": 162501459236.82, "Total Cost": 162501459840.17, "Plan Rows": 241339, "Plan Width": 29, "Sort Key": ["mk.keyword_id"], "Plans": [{"Node Type": "Merge Join", "Parent Relationship": "Outer", "Join Type": "Inner", "Startup Cost": 20162991760.65, "Total Cost": 162501437660.27, "Plan Rows": 241339, "Plan Width": 29, "Inner Unique": false, "Merge Cond": "(t1.id = ml.movie_id)", "Plans": [{"Node Type": "Merge Join", "Parent Relationship": "Outer", "Join Type": "Inner", "Startup Cost": 20120995164.23, "Total Cost": 1999054106967.89, "Plan Rows": 4523929, "Plan Width": 29, "Inner Unique": false, "Merge Cond": "(t1.id = mk.movie_id)", "Plans": [{"Node Type": "Index Scan", "Parent Relationship": "Outer", "Scan Direction": "Forward", "Index Name": "title_pkey", "Relation Name": "title", "Alias": "t1", "Startup Cost": 10000000000.0, "Total Cost": 1000011012048.91, "Plan Rows": 2528311, "Plan Width": 21}, {"Node Type": "Index Scan", "Parent Relationship": "Inner", "Scan Direction": "Forward", "Index Name": "movie_id_movie_keyword", "Relation Name": "movie_keyword", "Alias": "mk", "Startup Cost": 10000000000.0, "Total Cost": 1000015300634.17, "Plan Rows": 4523929, "Plan Width": 8}]}, {"Node Type": "Sort", "Parent Relationship": "Inner", "Startup Cost": 2661.53, "Total Cost": 2736.52, "Plan Rows": 29996, "Plan Width": 12, "Sort Key": ["ml.movie_id"], "Plans": [{"Node Type": "Seq Scan", "Parent Relationship": "Outer", "Relation Name": "movie_link", "Alias": "ml", "Startup Cost": 0.0, "Total Cost": 430.96, "Plan Rows": 29996, "Plan Width": 12}]}]}]}, {"Node Type": "Materialize", "Parent Relationship": "Inner", "Startup Cost": 2436.12, "Total Cost": 2436.13, "Plan Rows": 1, "Plan Width": 4, "Plans": [{"Node Type": "Sort", "Parent Relationship": "Outer", "Startup Cost": 2436.12, "Total Cost": 2436.13, "Plan Rows": 1, "Plan Width": 4, "Sort Key": ["k.id"], "Plans": [{"Node Type": "Seq Scan", "Parent Relationship": "Outer", "Relation Name": "keyword", "Alias": "k", "Startup Cost": 0.0, "Total Cost": 2436.11, "Plan Rows": 1, "Plan Width": 4, "Filter": "((keyword)::text = '10,000-mile-club'::text)"}]}]}]}]}, {"Node Type": "Sort", "Parent Relationship": "Inner", "Startup Cost": 1.52, "Total Cost": 1.56, "Plan Rows": 17, "Plan Width": 16, "Sort Key": ["lt.id"], "Plans": [{"Node Type": "Seq Scan", "Parent Relationship": "Outer", "Relation Name": "link_type", "Alias": "lt", "Startup Cost": 0.0, "Total Cost": 1.17, "Plan Rows": 17, "Plan Width": 16}]}]}]}]}]}, "Unique SQL Id": 524435555, "Planner Runtime": 13}, "explain_analyze_plan": null}, "(16, 91)": {"explain_plan": {"Plan": {"Node Type": "Aggregate", "Strategy": "Plain", "Startup Cost": 4103059849846.31, "Total Cost": 4103059849846.32, "Plan Rows": 1, "Plan Width": 142, "Plans": [{"Node Type": "Merge Join", "Parent Relationship": "Outer", "Join Type": "Inner", "Startup Cost": 3114387609681.93, "Total Cost": 4103059849845.16, "Plan Rows": 154, "Plan Width": 46, "Inner Unique": true, "Merge Cond": "(ml.linked_movie_id = t2.id)", "Plans": [{"Node Type": "Sort", "Parent Relationship": "Outer", "Startup Cost": 3104266614517.7, "Total Cost": 3104266614518.08, "Plan Rows": 154, "Plan Width": 33, "Sort Key": ["ml.linked_movie_id"], "Plans": [{"Node Type": "Merge Join", "Parent Relationship": "Outer", "Join Type": "Inner", "Startup Cost": 2114266295033.63, "Total Cost": 3104266614512.1, "Plan Rows": 154, "Plan Width": 33, "Inner Unique": true, "Merge Cond": "(mk.keyword_id = k.id)", "Plans": [{"Node Type": "Sort", "Parent Relationship": "Outer", "Startup Cost": 2104266295033.63, "Total Cost": 2104266295636.98, "Plan Rows": 241339, "Plan Width": 37, "Sort Key": ["mk.keyword_id"], "Plans": [{"Node Type": "Merge Join", "Parent Relationship": "Outer", "Join Type": "Inner", "Startup Cost": 1172501562824.25, "Total Cost": 2104266273457.08, "Plan Rows": 241339, "Plan Width": 37, "Inner Unique": false, "Merge Cond": "(lt.id = ml.link_type_id)", "Plans": [{"Node Type": "Index Scan", "Parent Relationship": "Outer", "Scan Direction": "Forward", "Index Name": "link_type_pkey", "Relation Name": "link_type", "Alias": "lt", "Startup Cost": 10000000000.0, "Total Cost": 1000000001250.5, "Plan Rows": 17, "Plan Width": 16}, {"Node Type": "Sort", "Parent Relationship": "Inner", "Startup Cost": 1162501562777.66, "Total Cost": 1162501563381.01, "Plan Rows": 241339, "Plan Width": 29, "Sort Key": ["ml.link_type_id"], "Plans": [{"Node Type": "Merge Join", "Parent Relationship": "Outer", "Join Type": "Inner", "Startup Cost": 30162989099.11, "Total Cost": 1162501541201.11, "Plan Rows": 241339, "Plan Width": 29, "Inner Unique": false, "Merge Cond": "(t1.id = ml.movie_id)", "Plans": [{"Node Type": "Merge Join", "Parent Relationship": "Outer", "Join Type": "Inner", "Startup Cost": 20120995164.23, "Total Cost": 1999054106967.89, "Plan Rows": 4523929, "Plan Width": 29, "Inner Unique": false, "Merge Cond": "(t1.id = mk.movie_id)", "Plans": [{"Node Type": "Index Scan", "Parent Relationship": "Outer", "Scan Direction": "Forward", "Index Name": "title_pkey", "Relation Name": "title", "Alias": "t1", "Startup Cost": 10000000000.0, "Total Cost": 1000011012048.91, "Plan Rows": 2528311, "Plan Width": 21}, {"Node Type": "Index Scan", "Parent Relationship": "Inner", "Scan Direction": "Forward", "Index Name": "movie_id_movie_keyword", "Relation Name": "movie_keyword", "Alias": "mk", "Startup Cost": 10000000000.0, "Total Cost": 1000015300634.17, "Plan Rows": 4523929, "Plan Width": 8}]}, {"Node Type": "Materialize", "Parent Relationship": "Inner", "Startup Cost": 10000000000.0, "Total Cost": 1000000106277.36, "Plan Rows": 29996, "Plan Width": 12, "Plans": [{"Node Type": "Index Scan", "Parent Relationship": "Outer", "Scan Direction": "Forward", "Index Name": "movie_id_movie_link", "Relation Name": "movie_link", "Alias": "ml", "Startup Cost": 10000000000.0, "Total Cost": 1000000106202.37, "Plan Rows": 29996, "Plan Width": 12}]}]}]}]}]}, {"Node Type": "Materialize", "Parent Relationship": "Inner", "Startup Cost": 10000000000.0, "Total Cost": 1000000318271.69, "Plan Rows": 1, "Plan Width": 4, "Plans": [{"Node Type": "Index Scan", "Parent Relationship": "Outer", "Scan Direction": "Forward", "Index Name": "keyword_pkey", "Relation Name": "keyword", "Alias": "k", "Startup Cost": 10000000000.0, "Total Cost": 1000000318271.68, "Plan Rows": 1, "Plan Width": 4, "Filter": "((keyword)::text = '10,000-mile-club'::text)"}]}]}]}, {"Node Type": "Index Scan", "Parent Relationship": "Inner", "Scan Direction": "Forward", "Index Name": "title_pkey", "Relation Name": "title", "Alias": "t2", "Startup Cost": 10000000000.0, "Total Cost": 1000011012048.91, "Plan Rows": 2528311, "Plan Width": 21}]}]}, "Unique SQL Id": 524435555, "Planner Runtime": 18}, "explain_analyze_plan": null}, "(16, 92)": {"explain_plan": {"Plan": {"Node Type": "Aggregate", "Strategy": "Plain", "Startup Cost": 3271.29, "Total Cost": 3271.3, "Plan Rows": 1, "Plan Width": 142, "Plans": [{"Node Type": "Nested Loop", "Parent Relationship": "Outer", "Join Type": "Inner", "Startup Cost": 2604.2, "Total Cost": 3270.14, "Plan Rows": 154, "Plan Width": 46, "Inner Unique": true, "Plans": [{"Node Type": "Merge Join", "Parent Relationship": "Outer", "Join Type": "Inner", "Startup Cost": 2604.2, "Total Cost": 2606.56, "Plan Rows": 154, "Plan Width": 33, "Inner Unique": false, "Merge Cond": "(lt.id = ml.link_type_id)", "Plans": [{"Node Type": "Sort", "Parent Relationship": "Outer", "Startup Cost": 1.52, "Total Cost": 1.56, "Plan Rows": 17, "Plan Width": 16, "Sort Key": ["lt.id"], "Plans": [{"Node Type": "Seq Scan", "Parent Relationship": "Outer", "Relation Name": "link_type", "Alias": "lt", "Startup Cost": 0.0, "Total Cost": 1.17, "Plan Rows": 17, "Plan Width": 16}]}, {"Node Type": "Sort", "Parent Relationship": "Inner", "Startup Cost": 2602.65, "Total Cost": 2603.04, "Plan Rows": 154, "Plan Width": 25, "Sort Key": ["ml.link_type_id"], "Plans": [{"Node Type": "Nested Loop", "Parent Relationship": "Outer", "Join Type": "Inner", "Startup Cost": 0.0, "Total Cost": 2597.06, "Plan Rows": 154, "Plan Width": 25, "Inner Unique": false, "Plans": [{"Node Type": "Nested Loop", "Parent Relationship": "Outer", "Join Type": "Inner", "Startup Cost": 0.0, "Total Cost": 2583.84, "Plan Rows": 33, "Plan Width": 25, "Inner Unique": true, "Plans": [{"Node Type": "Nested Loop", "Parent Relationship": "Outer", "Join Type": "Inner", "Startup Cost": 0.0, "Total Cost": 2573.32, "Plan Rows": 33, "Plan Width": 4, "Inner Unique": false, "Plans": [{"Node Type": "Seq Scan", "Parent Relationship": "Outer", "Relation Name": "keyword", "Alias": "k", "Startup Cost": 0.0, "Total Cost": 2436.11, "Plan Rows": 1, "Plan Width": 4, "Filter": "((keyword)::text = '10,000-mile-club'::text)"}, {"Node Type": "Index Scan", "Parent Relationship": "Inner", "Scan Direction": "Forward", "Index Name": "keyword_id_movie_keyword", "Relation Name": "movie_keyword", "Alias": "mk", "Startup Cost": 0.0, "Total Cost": 136.88, "Plan Rows": 33, "Plan Width": 8, "Index Cond": "(keyword_id = k.id)"}]}, {"Node Type": "Index Scan", "Parent Relationship": "Inner", "Scan Direction": "Forward", "Index Name": "title_pkey", "Relation Name": "title", "Alias": "t1", "Startup Cost": 0.0, "Total Cost": 0.31, "Plan Rows": 1, "Plan Width": 21, "Index Cond": "(id = mk.movie_id)"}]}, {"Node Type": "Index Scan", "Parent Relationship": "Inner", "Scan Direction": "Forward", "Index Name": "movie_id_movie_link", "Relation Name": "movie_link", "Alias": "ml", "Startup Cost": 0.0, "Total Cost": 0.35, "Plan Rows": 5, "Plan Width": 12, "Index Cond": "(movie_id = t1.id)"}]}]}]}, {"Node Type": "Index Scan", "Parent Relationship": "Inner", "Scan Direction": "Forward", "Index Name": "title_pkey", "Relation Name": "title", "Alias": "t2", "Startup Cost": 0.0, "Total Cost": 4.3, "Plan Rows": 1, "Plan Width": 21, "Index Cond": "(id = ml.linked_movie_id)"}]}]}, "Unique SQL Id": 524435555, "Planner Runtime": 11}, "explain_analyze_plan": {"Plan": {"Node Type": "Aggregate", "Strategy": "Plain", "Startup Cost": 3271.29, "Total Cost": 3271.3, "Plan Rows": 1, "Plan Width": 142, "Actual Startup Time": 40.679, "Actual Total Time": 40.68, "Actual Rows": 1, "Actual Loops": 1, "Plans": [{"Node Type": "Nested Loop", "Parent Relationship": "Outer", "Join Type": "Inner", "Startup Cost": 2604.2, "Total Cost": 3270.14, "Plan Rows": 154, "Plan Width": 46, "Actual Startup Time": 40.673, "Actual Total Time": 40.673, "Actual Rows": 0, "Actual Loops": 1, "Inner Unique": true, "Plans": [{"Node Type": "Merge Join", "Parent Relationship": "Outer", "Join Type": "Inner", "Startup Cost": 2604.2, "Total Cost": 2606.56, "Plan Rows": 154, "Plan Width": 33, "Actual Startup Time": 40.672, "Actual Total Time": 40.672, "Actual Rows": 0, "Actual Loops": 1, "Inner Unique": false, "Merge Cond": "(lt.id = ml.link_type_id)", "Plans": [{"Node Type": "Sort", "Parent Relationship": "Outer", "Startup Cost": 1.52, "Total Cost": 1.56, "Plan Rows": 17, "Plan Width": 16, "Actual Startup Time": 0.033, "Actual Total Time": 0.033, "Actual Rows": 1, "Actual Loops": 1, "Sort Key": ["lt.id"], "Sort Method": "quicksort", "Sort Space Used": 26, "Sort Space Type": "Memory", "Plans": [{"Node Type": "Seq Scan", "Parent Relationship": "Outer", "Relation Name": "link_type", "Alias": "lt", "Startup Cost": 0.0, "Total Cost": 1.17, "Plan Rows": 17, "Plan Width": 16, "Actual Startup Time": 0.011, "Actual Total Time": 0.017, "Actual Rows": 17, "Actual Loops": 1}]}, {"Node Type": "Sort", "Parent Relationship": "Inner", "Startup Cost": 2602.65, "Total Cost": 2603.04, "Plan Rows": 154, "Plan Width": 25, "Actual Startup Time": 40.63, "Actual Total Time": 40.63, "Actual Rows": 0, "Actual Loops": 1, "Sort Key": ["ml.link_type_id"], "Sort Method": "quicksort", "Sort Space Used": 25, "Sort Space Type": "Memory", "Plans": [{"Node Type": "Nested Loop", "Parent Relationship": "Outer", "Join Type": "Inner", "Startup Cost": 0.0, "Total Cost": 2597.06, "Plan Rows": 154, "Plan Width": 25, "Actual Startup Time": 40.626, "Actual Total Time": 40.626, "Actual Rows": 0, "Actual Loops": 1, "Inner Unique": false, "Plans": [{"Node Type": "Nested Loop", "Parent Relationship": "Outer", "Join Type": "Inner", "Startup Cost": 0.0, "Total Cost": 2583.84, "Plan Rows": 33, "Plan Width": 25, "Actual Startup Time": 39.753, "Actual Total Time": 40.62, "Actual Rows": 1, "Actual Loops": 1, "Inner Unique": true, "Plans": [{"Node Type": "Nested Loop", "Parent Relationship": "Outer", "Join Type": "Inner", "Startup Cost": 0.0, "Total Cost": 2573.32, "Plan Rows": 33, "Plan Width": 4, "Actual Startup Time": 39.743, "Actual Total Time": 40.61, "Actual Rows": 1, "Actual Loops": 1, "Inner Unique": false, "Plans": [{"Node Type": "Seq Scan", "Parent Relationship": "Outer", "Relation Name": "keyword", "Alias": "k", "Startup Cost": 0.0, "Total Cost": 2436.11, "Plan Rows": 1, "Plan Width": 4, "Actual Startup Time": 39.716, "Actual Total Time": 40.582, "Actual Rows": 1, "Actual Loops": 1, "Filter": "((keyword)::text = '10,000-mile-club'::text)", "Rows Removed by Filter": 134168}, {"Node Type": "Index Scan", "Parent Relationship": "Inner", "Scan Direction": "Forward", "Index Name": "keyword_id_movie_keyword", "Relation Name": "movie_keyword", "Alias": "mk", "Startup Cost": 0.0, "Total Cost": 136.88, "Plan Rows": 33, "Plan Width": 8, "Actual Startup Time": 0.02, "Actual Total Time": 0.021, "Actual Rows": 1, "Actual Loops": 1, "Index Cond": "(keyword_id = k.id)", "Rows Removed by Index Recheck": 0}]}, {"Node Type": "Index Scan", "Parent Relationship": "Inner", "Scan Direction": "Forward", "Index Name": "title_pkey", "Relation Name": "title", "Alias": "t1", "Startup Cost": 0.0, "Total Cost": 0.31, "Plan Rows": 1, "Plan Width": 21, "Actual Startup Time": 0.009, "Actual Total Time": 0.009, "Actual Rows": 1, "Actual Loops": 1, "Index Cond": "(id = mk.movie_id)", "Rows Removed by Index Recheck": 0}]}, {"Node Type": "Index Scan", "Parent Relationship": "Inner", "Scan Direction": "Forward", "Index Name": "movie_id_movie_link", "Relation Name": "movie_link", "Alias": "ml", "Startup Cost": 0.0, "Total Cost": 0.35, "Plan Rows": 5, "Plan Width": 12, "Actual Startup Time": 0.004, "Actual Total Time": 0.004, "Actual Rows": 0, "Actual Loops": 1, "Index Cond": "(movie_id = t1.id)", "Rows Removed by Index Recheck": 0}]}]}]}, {"Node Type": "Index Scan", "Parent Relationship": "Inner", "Scan Direction": "Forward", "Index Name": "title_pkey", "Relation Name": "title", "Alias": "t2", "Startup Cost": 0.0, "Total Cost": 4.3, "Plan Rows": 1, "Plan Width": 21, "Actual Startup Time": 0.0, "Actual Total Time": 0.0, "Index Cond": "(id = ml.linked_movie_id)", "Rows Removed by Index Recheck": 0}]}]}, "Triggers": [], "Planner Runtime": 11, "Total Runtime": 40.879, "Unique SQL Id": 524435555}}, "(16, 93)": {"explain_plan": {"Plan": {"Node Type": "Aggregate", "Strategy": "Plain", "Startup Cost": 4051.57, "Total Cost": 4051.58, "Plan Rows": 1, "Plan Width": 142, "Plans": [{"Node Type": "Nested Loop", "Parent Relationship": "Outer", "Join Type": "Inner", "Startup Cost": 0.0, "Total Cost": 4050.42, "Plan Rows": 154, "Plan Width": 46, "Inner Unique": true, "Plans": [{"Node Type": "Nested Loop", "Parent Relationship": "Outer", "Join Type": "Inner", "Startup Cost": 0.0, "Total Cost": 3386.84, "Plan Rows": 154, "Plan Width": 33, "Inner Unique": true, "Plans": [{"Node Type": "Nested Loop", "Parent Relationship": "Outer", "Join Type": "Inner", "Startup Cost": 0.0, "Total Cost": 3343.66, "Plan Rows": 154, "Plan Width": 25, "Inner Unique": false, "Plans": [{"Node Type": "Nested Loop", "Parent Relationship": "Outer", "Join Type": "Inner", "Startup Cost": 0.0, "Total Cost": 3330.45, "Plan Rows": 33, "Plan Width": 25, "Inner Unique": true, "Plans": [{"Node Type": "Nested Loop", "Parent Relationship": "Outer", "Join Type": "Inner", "Startup Cost": 0.0, "Total Cost": 3319.92, "Plan Rows": 33, "Plan Width": 4, "Inner Unique": false, "Plans": [{"Node Type": "Index Scan", "Parent Relationship": "Outer", "Scan Direction": "Forward", "Index Name": "keyword_pkey", "Relation Name": "keyword", "Alias": "k", "Startup Cost": 0.0, "Total Cost": 3182.72, "Plan Rows": 1, "Plan Width": 4, "Filter": "((keyword)::text = '10,000-mile-club'::text)"}, {"Node Type": "Index Scan", "Parent Relationship": "Inner", "Scan Direction": "Forward", "Index Name": "keyword_id_movie_keyword", "Relation Name": "movie_keyword", "Alias": "mk", "Startup Cost": 0.0, "Total Cost": 136.88, "Plan Rows": 33, "Plan Width": 8, "Index Cond": "(keyword_id = k.id)"}]}, {"Node Type": "Index Scan", "Parent Relationship": "Inner", "Scan Direction": "Forward", "Index Name": "title_pkey", "Relation Name": "title", "Alias": "t1", "Startup Cost": 0.0, "Total Cost": 0.31, "Plan Rows": 1, "Plan Width": 21, "Index Cond": "(id = mk.movie_id)"}]}, {"Node Type": "Index Scan", "Parent Relationship": "Inner", "Scan Direction": "Forward", "Index Name": "movie_id_movie_link", "Relation Name": "movie_link", "Alias": "ml", "Startup Cost": 0.0, "Total Cost": 0.35, "Plan Rows": 5, "Plan Width": 12, "Index Cond": "(movie_id = t1.id)"}]}, {"Node Type": "Index Scan", "Parent Relationship": "Inner", "Scan Direction": "Forward", "Index Name": "link_type_pkey", "Relation Name": "link_type", "Alias": "lt", "Startup Cost": 0.0, "Total Cost": 0.27, "Plan Rows": 1, "Plan Width": 16, "Index Cond": "(id = ml.link_type_id)"}]}, {"Node Type": "Index Scan", "Parent Relationship": "Inner", "Scan Direction": "Forward", "Index Name": "title_pkey", "Relation Name": "title", "Alias": "t2", "Startup Cost": 0.0, "Total Cost": 4.3, "Plan Rows": 1, "Plan Width": 21, "Index Cond": "(id = ml.linked_movie_id)"}]}]}, "Unique SQL Id": 524435555, "Planner Runtime": 10}, "explain_analyze_plan": {"Plan": {"Node Type": "Aggregate", "Strategy": "Plain", "Startup Cost": 4051.57, "Total Cost": 4051.58, "Plan Rows": 1, "Plan Width": 142, "Actual Startup Time": 113.661, "Actual Total Time": 113.661, "Actual Rows": 1, "Actual Loops": 1, "Plans": [{"Node Type": "Nested Loop", "Parent Relationship": "Outer", "Join Type": "Inner", "Startup Cost": 0.0, "Total Cost": 4050.42, "Plan Rows": 154, "Plan Width": 46, "Actual Startup Time": 113.657, "Actual Total Time": 113.657, "Actual Rows": 0, "Actual Loops": 1, "Inner Unique": true, "Plans": [{"Node Type": "Nested Loop", "Parent Relationship": "Outer", "Join Type": "Inner", "Startup Cost": 0.0, "Total Cost": 3386.84, "Plan Rows": 154, "Plan Width": 33, "Actual Startup Time": 113.656, "Actual Total Time": 113.656, "Actual Rows": 0, "Actual Loops": 1, "Inner Unique": true, "Plans": [{"Node Type": "Nested Loop", "Parent Relationship": "Outer", "Join Type": "Inner", "Startup Cost": 0.0, "Total Cost": 3343.66, "Plan Rows": 154, "Plan Width": 25, "Actual Startup Time": 113.654, "Actual Total Time": 113.654, "Actual Rows": 0, "Actual Loops": 1, "Inner Unique": false, "Plans": [{"Node Type": "Nested Loop", "Parent Relationship": "Outer", "Join Type": "Inner", "Startup Cost": 0.0, "Total Cost": 3330.45, "Plan Rows": 33, "Plan Width": 25, "Actual Startup Time": 111.786, "Actual Total Time": 113.649, "Actual Rows": 1, "Actual Loops": 1, "Inner Unique": true, "Plans": [{"Node Type": "Nested Loop", "Parent Relationship": "Outer", "Join Type": "Inner", "Startup Cost": 0.0, "Total Cost": 3319.92, "Plan Rows": 33, "Plan Width": 4, "Actual Startup Time": 111.771, "Actual Total Time": 113.633, "Actual Rows": 1, "Actual Loops": 1, "Inner Unique": false, "Plans": [{"Node Type": "Index Scan", "Parent Relationship": "Outer", "Scan Direction": "Forward", "Index Name": "keyword_pkey", "Relation Name": "keyword", "Alias": "k", "Startup Cost": 0.0, "Total Cost": 3182.72, "Plan Rows": 1, "Plan Width": 4, "Actual Startup Time": 111.744, "Actual Total Time": 113.604, "Actual Rows": 1, "Actual Loops": 1, "Filter": "((keyword)::text = '10,000-mile-club'::text)", "Rows Removed by Filter": 134168}, {"Node Type": "Index Scan", "Parent Relationship": "Inner", "Scan Direction": "Forward", "Index Name": "keyword_id_movie_keyword", "Relation Name": "movie_keyword", "Alias": "mk", "Startup Cost": 0.0, "Total Cost": 136.88, "Plan Rows": 33, "Plan Width": 8, "Actual Startup Time": 0.017, "Actual Total Time": 0.017, "Actual Rows": 1, "Actual Loops": 1, "Index Cond": "(keyword_id = k.id)", "Rows Removed by Index Recheck": 0}]}, {"Node Type": "Index Scan", "Parent Relationship": "Inner", "Scan Direction": "Forward", "Index Name": "title_pkey", "Relation Name": "title", "Alias": "t1", "Startup Cost": 0.0, "Total Cost": 0.31, "Plan Rows": 1, "Plan Width": 21, "Actual Startup Time": 0.012, "Actual Total Time": 0.012, "Actual Rows": 1, "Actual Loops": 1, "Index Cond": "(id = mk.movie_id)", "Rows Removed by Index Recheck": 0}]}, {"Node Type": "Index Scan", "Parent Relationship": "Inner", "Scan Direction": "Forward", "Index Name": "movie_id_movie_link", "Relation Name": "movie_link", "Alias": "ml", "Startup Cost": 0.0, "Total Cost": 0.35, "Plan Rows": 5, "Plan Width": 12, "Actual Startup Time": 0.003, "Actual Total Time": 0.003, "Actual Rows": 0, "Actual Loops": 1, "Index Cond": "(movie_id = t1.id)", "Rows Removed by Index Recheck": 0}]}, {"Node Type": "Index Scan", "Parent Relationship": "Inner", "Scan Direction": "Forward", "Index Name": "link_type_pkey", "Relation Name": "link_type", "Alias": "lt", "Startup Cost": 0.0, "Total Cost": 0.27, "Plan Rows": 1, "Plan Width": 16, "Actual Startup Time": 0.0, "Actual Total Time": 0.0, "Index Cond": "(id = ml.link_type_id)", "Rows Removed by Index Recheck": 0}]}, {"Node Type": "Index Scan", "Parent Relationship": "Inner", "Scan Direction": "Forward", "Index Name": "title_pkey", "Relation Name": "title", "Alias": "t2", "Startup Cost": 0.0, "Total Cost": 4.3, "Plan Rows": 1, "Plan Width": 21, "Actual Startup Time": 0.0, "Actual Total Time": 0.0, "Index Cond": "(id = ml.linked_movie_id)", "Rows Removed by Index Recheck": 0}]}]}, "Triggers": [], "Planner Runtime": 3, "Total Runtime": 113.879, "Unique SQL Id": 524435555}}, "(16, 94)": {"explain_plan": {"Plan": {"Node Type": "Aggregate", "Strategy": "Plain", "Startup Cost": 1161294698224.03, "Total Cost": 1161294698224.04, "Plan Rows": 1, "Plan Width": 142, "Plans": [{"Node Type": "Merge Join", "Parent Relationship": "Outer", "Join Type": "Inner", "Startup Cost": 172622458059.65, "Total Cost": 1161294698222.88, "Plan Rows": 154, "Plan Width": 46, "Inner Unique": false, "Merge Cond": "(t2.id = ml.linked_movie_id)", "Plans": [{"Node Type": "Index Scan", "Parent Relationship": "Outer", "Scan Direction": "Forward", "Index Name": "title_pkey", "Relation Name": "title", "Alias": "t2", "Startup Cost": 10000000000.0, "Total Cost": 1000011012048.91, "Plan Rows": 2528311, "Plan Width": 21}, {"Node Type": "Sort", "Parent Relationship": "Inner", "Startup Cost": 162501462895.42, "Total Cost": 162501462895.8, "Plan Rows": 154, "Plan Width": 33, "Sort Key": ["ml.linked_movie_id"], "Plans": [{"Node Type": "Merge Join", "Parent Relationship": "Outer", "Join Type": "Inner", "Startup Cost": 162501462886.82, "Total Cost": 162501462889.82, "Plan Rows": 154, "Plan Width": 33, "Inner Unique": true, "Merge Cond": "(ml.link_type_id = lt.id)", "Plans": [{"Node Type": "Sort", "Parent Relationship": "Outer", "Startup Cost": 162501462885.27, "Total Cost": 162501462885.66, "Plan Rows": 154, "Plan Width": 25, "Sort Key": ["ml.link_type_id"], "Plans": [{"Node Type": "Merge Join", "Parent Relationship": "Outer", "Join Type": "Inner", "Startup Cost": 162501461672.95, "Total Cost": 162501462879.68, "Plan Rows": 154, "Plan Width": 25, "Inner Unique": true, "Merge Cond": "(mk.keyword_id = k.id)", "Plans": [{"Node Type": "Sort", "Parent Relationship": "Outer", "Startup Cost": 162501459236.82, "Total Cost": 162501459840.17, "Plan Rows": 241339, "Plan Width": 29, "Sort Key": ["mk.keyword_id"], "Plans": [{"Node Type": "Merge Join", "Parent Relationship": "Outer", "Join Type": "Inner", "Startup Cost": 20162991760.65, "Total Cost": 162501437660.27, "Plan Rows": 241339, "Plan Width": 29, "Inner Unique": false, "Merge Cond": "(t1.id = ml.movie_id)", "Plans": [{"Node Type": "Merge Join", "Parent Relationship": "Outer", "Join Type": "Inner", "Startup Cost": 20120995164.23, "Total Cost": 1999054106967.89, "Plan Rows": 4523929, "Plan Width": 29, "Inner Unique": false, "Merge Cond": "(t1.id = mk.movie_id)", "Plans": [{"Node Type": "Index Scan", "Parent Relationship": "Outer", "Scan Direction": "Forward", "Index Name": "title_pkey", "Relation Name": "title", "Alias": "t1", "Startup Cost": 10000000000.0, "Total Cost": 1000011012048.91, "Plan Rows": 2528311, "Plan Width": 21}, {"Node Type": "Index Scan", "Parent Relationship": "Inner", "Scan Direction": "Forward", "Index Name": "movie_id_movie_keyword", "Relation Name": "movie_keyword", "Alias": "mk", "Startup Cost": 10000000000.0, "Total Cost": 1000015300634.17, "Plan Rows": 4523929, "Plan Width": 8}]}, {"Node Type": "Sort", "Parent Relationship": "Inner", "Startup Cost": 2661.53, "Total Cost": 2736.52, "Plan Rows": 29996, "Plan Width": 12, "Sort Key": ["ml.movie_id"], "Plans": [{"Node Type": "Seq Scan", "Parent Relationship": "Outer", "Relation Name": "movie_link", "Alias": "ml", "Startup Cost": 0.0, "Total Cost": 430.96, "Plan Rows": 29996, "Plan Width": 12}]}]}]}, {"Node Type": "Materialize", "Parent Relationship": "Inner", "Startup Cost": 2436.12, "Total Cost": 2436.13, "Plan Rows": 1, "Plan Width": 4, "Plans": [{"Node Type": "Sort", "Parent Relationship": "Outer", "Startup Cost": 2436.12, "Total Cost": 2436.13, "Plan Rows": 1, "Plan Width": 4, "Sort Key": ["k.id"], "Plans": [{"Node Type": "Seq Scan", "Parent Relationship": "Outer", "Relation Name": "keyword", "Alias": "k", "Startup Cost": 0.0, "Total Cost": 2436.11, "Plan Rows": 1, "Plan Width": 4, "Filter": "((keyword)::text = '10,000-mile-club'::text)"}]}]}]}]}, {"Node Type": "Sort", "Parent Relationship": "Inner", "Startup Cost": 1.52, "Total Cost": 1.56, "Plan Rows": 17, "Plan Width": 16, "Sort Key": ["lt.id"], "Plans": [{"Node Type": "Seq Scan", "Parent Relationship": "Outer", "Relation Name": "link_type", "Alias": "lt", "Startup Cost": 0.0, "Total Cost": 1.17, "Plan Rows": 17, "Plan Width": 16}]}]}]}]}]}, "Unique SQL Id": 524435555, "Planner Runtime": 14}, "explain_analyze_plan": null}, "(16, 95)": {"explain_plan": {"Plan": {"Node Type": "Aggregate", "Strategy": "Plain", "Startup Cost": 4103059849846.31, "Total Cost": 4103059849846.32, "Plan Rows": 1, "Plan Width": 142, "Plans": [{"Node Type": "Merge Join", "Parent Relationship": "Outer", "Join Type": "Inner", "Startup Cost": 3114387609681.93, "Total Cost": 4103059849845.16, "Plan Rows": 154, "Plan Width": 46, "Inner Unique": true, "Merge Cond": "(ml.linked_movie_id = t2.id)", "Plans": [{"Node Type": "Sort", "Parent Relationship": "Outer", "Startup Cost": 3104266614517.7, "Total Cost": 3104266614518.08, "Plan Rows": 154, "Plan Width": 33, "Sort Key": ["ml.linked_movie_id"], "Plans": [{"Node Type": "Merge Join", "Parent Relationship": "Outer", "Join Type": "Inner", "Startup Cost": 2114266295033.63, "Total Cost": 3104266614512.1, "Plan Rows": 154, "Plan Width": 33, "Inner Unique": true, "Merge Cond": "(mk.keyword_id = k.id)", "Plans": [{"Node Type": "Sort", "Parent Relationship": "Outer", "Startup Cost": 2104266295033.63, "Total Cost": 2104266295636.98, "Plan Rows": 241339, "Plan Width": 37, "Sort Key": ["mk.keyword_id"], "Plans": [{"Node Type": "Merge Join", "Parent Relationship": "Outer", "Join Type": "Inner", "Startup Cost": 1172501562824.25, "Total Cost": 2104266273457.08, "Plan Rows": 241339, "Plan Width": 37, "Inner Unique": false, "Merge Cond": "(lt.id = ml.link_type_id)", "Plans": [{"Node Type": "Index Scan", "Parent Relationship": "Outer", "Scan Direction": "Forward", "Index Name": "link_type_pkey", "Relation Name": "link_type", "Alias": "lt", "Startup Cost": 10000000000.0, "Total Cost": 1000000001250.5, "Plan Rows": 17, "Plan Width": 16}, {"Node Type": "Sort", "Parent Relationship": "Inner", "Startup Cost": 1162501562777.66, "Total Cost": 1162501563381.01, "Plan Rows": 241339, "Plan Width": 29, "Sort Key": ["ml.link_type_id"], "Plans": [{"Node Type": "Merge Join", "Parent Relationship": "Outer", "Join Type": "Inner", "Startup Cost": 30162989099.11, "Total Cost": 1162501541201.11, "Plan Rows": 241339, "Plan Width": 29, "Inner Unique": false, "Merge Cond": "(t1.id = ml.movie_id)", "Plans": [{"Node Type": "Merge Join", "Parent Relationship": "Outer", "Join Type": "Inner", "Startup Cost": 20120995164.23, "Total Cost": 1999054106967.89, "Plan Rows": 4523929, "Plan Width": 29, "Inner Unique": false, "Merge Cond": "(t1.id = mk.movie_id)", "Plans": [{"Node Type": "Index Scan", "Parent Relationship": "Outer", "Scan Direction": "Forward", "Index Name": "title_pkey", "Relation Name": "title", "Alias": "t1", "Startup Cost": 10000000000.0, "Total Cost": 1000011012048.91, "Plan Rows": 2528311, "Plan Width": 21}, {"Node Type": "Index Scan", "Parent Relationship": "Inner", "Scan Direction": "Forward", "Index Name": "movie_id_movie_keyword", "Relation Name": "movie_keyword", "Alias": "mk", "Startup Cost": 10000000000.0, "Total Cost": 1000015300634.17, "Plan Rows": 4523929, "Plan Width": 8}]}, {"Node Type": "Materialize", "Parent Relationship": "Inner", "Startup Cost": 10000000000.0, "Total Cost": 1000000106277.36, "Plan Rows": 29996, "Plan Width": 12, "Plans": [{"Node Type": "Index Scan", "Parent Relationship": "Outer", "Scan Direction": "Forward", "Index Name": "movie_id_movie_link", "Relation Name": "movie_link", "Alias": "ml", "Startup Cost": 10000000000.0, "Total Cost": 1000000106202.37, "Plan Rows": 29996, "Plan Width": 12}]}]}]}]}]}, {"Node Type": "Materialize", "Parent Relationship": "Inner", "Startup Cost": 10000000000.0, "Total Cost": 1000000318271.69, "Plan Rows": 1, "Plan Width": 4, "Plans": [{"Node Type": "Index Scan", "Parent Relationship": "Outer", "Scan Direction": "Forward", "Index Name": "keyword_pkey", "Relation Name": "keyword", "Alias": "k", "Startup Cost": 10000000000.0, "Total Cost": 1000000318271.68, "Plan Rows": 1, "Plan Width": 4, "Filter": "((keyword)::text = '10,000-mile-club'::text)"}]}]}]}, {"Node Type": "Index Scan", "Parent Relationship": "Inner", "Scan Direction": "Forward", "Index Name": "title_pkey", "Relation Name": "title", "Alias": "t2", "Startup Cost": 10000000000.0, "Total Cost": 1000011012048.91, "Plan Rows": 2528311, "Plan Width": 21}]}]}, "Unique SQL Id": 524435555, "Planner Runtime": 18}, "explain_analyze_plan": null}, "(16, 96)": {"explain_plan": {"Plan": {"Node Type": "Aggregate", "Strategy": "Plain", "Startup Cost": 3260.82, "Total Cost": 3260.83, "Plan Rows": 1, "Plan Width": 142, "Plans": [{"Node Type": "Nested Loop", "Parent Relationship": "Outer", "Join Type": "Inner", "Startup Cost": 5.89, "Total Cost": 3259.66, "Plan Rows": 154, "Plan Width": 46, "Inner Unique": true, "Plans": [{"Node Type": "Hash Join", "Parent Relationship": "Outer", "Join Type": "Inner", "Startup Cost": 5.89, "Total Cost": 2596.09, "Plan Rows": 154, "Plan Width": 33, "Inner Unique": true, "Hash Cond": "(ml.link_type_id = lt.id)", "Plans": [{"Node Type": "Nested Loop", "Parent Relationship": "Outer", "Join Type": "Inner", "Startup Cost": 4.51, "Total Cost": 2592.76, "Plan Rows": 154, "Plan Width": 25, "Inner Unique": false, "Plans": [{"Node Type": "Nested Loop", "Parent Relationship": "Outer", "Join Type": "Inner", "Startup Cost": 4.51, "Total Cost": 2579.55, "Plan Rows": 33, "Plan Width": 25, "Inner Unique": true, "Plans": [{"Node Type": "Nested Loop", "Parent Relationship": "Outer", "Join Type": "Inner", "Startup Cost": 4.51, "Total Cost": 2569.02, "Plan Rows": 33, "Plan Width": 4, "Inner Unique": false, "Plans": [{"Node Type": "Seq Scan", "Parent Relationship": "Outer", "Relation Name": "keyword", "Alias": "k", "Startup Cost": 0.0, "Total Cost": 2436.11, "Plan Rows": 1, "Plan Width": 4, "Filter": "((keyword)::text = '10,000-mile-club'::text)"}, {"Node Type": "Bitmap Heap Scan", "Parent Relationship": "Inner", "Relation Name": "movie_keyword", "Alias": "mk", "Startup Cost": 4.51, "Total Cost": 132.58, "Plan Rows": 33, "Plan Width": 8, "Recheck Cond": "(keyword_id = k.id)", "Plans": [{"Node Type": "Bitmap Index Scan", "Parent Relationship": "Outer", "Index Name": "keyword_id_movie_keyword", "Startup Cost": 0.0, "Total Cost": 4.5, "Plan Rows": 33, "Plan Width": 0, "Index Cond": "(keyword_id = k.id)"}]}]}, {"Node Type": "Index Scan", "Parent Relationship": "Inner", "Scan Direction": "Forward", "Index Name": "title_pkey", "Relation Name": "title", "Alias": "t1", "Startup Cost": 0.0, "Total Cost": 0.31, "Plan Rows": 1, "Plan Width": 21, "Index Cond": "(id = mk.movie_id)"}]}, {"Node Type": "Index Scan", "Parent Relationship": "Inner", "Scan Direction": "Forward", "Index Name": "movie_id_movie_link", "Relation Name": "movie_link", "Alias": "ml", "Startup Cost": 0.0, "Total Cost": 0.35, "Plan Rows": 5, "Plan Width": 12, "Index Cond": "(movie_id = t1.id)"}]}, {"Node Type": "Hash", "Parent Relationship": "Inner", "Startup Cost": 1.17, "Total Cost": 1.17, "Plan Rows": 17, "Plan Width": 16, "Plans": [{"Node Type": "Seq Scan", "Parent Relationship": "Outer", "Relation Name": "link_type", "Alias": "lt", "Startup Cost": 0.0, "Total Cost": 1.17, "Plan Rows": 17, "Plan Width": 16}]}]}, {"Node Type": "Index Scan", "Parent Relationship": "Inner", "Scan Direction": "Forward", "Index Name": "title_pkey", "Relation Name": "title", "Alias": "t2", "Startup Cost": 0.0, "Total Cost": 4.3, "Plan Rows": 1, "Plan Width": 21, "Index Cond": "(id = ml.linked_movie_id)"}]}]}, "Unique SQL Id": 524435555, "Planner Runtime": 20}, "explain_analyze_plan": {"Plan": {"Node Type": "Aggregate", "Strategy": "Plain", "Startup Cost": 3260.82, "Total Cost": 3260.83, "Plan Rows": 1, "Plan Width": 142, "Actual Startup Time": 41.087, "Actual Total Time": 41.088, "Actual Rows": 1, "Actual Loops": 1, "Plans": [{"Node Type": "Nested Loop", "Parent Relationship": "Outer", "Join Type": "Inner", "Startup Cost": 5.89, "Total Cost": 3259.66, "Plan Rows": 154, "Plan Width": 46, "Actual Startup Time": 41.082, "Actual Total Time": 41.082, "Actual Rows": 0, "Actual Loops": 1, "Inner Unique": true, "Plans": [{"Node Type": "Hash Join", "Parent Relationship": "Outer", "Join Type": "Inner", "Startup Cost": 5.89, "Total Cost": 2596.09, "Plan Rows": 154, "Plan Width": 33, "Actual Startup Time": 41.054, "Actual Total Time": 41.054, "Actual Rows": 0, "Actual Loops": 1, "Inner Unique": true, "Hash Cond": "(ml.link_type_id = lt.id)", "Plans": [{"Node Type": "Nested Loop", "Parent Relationship": "Outer", "Join Type": "Inner", "Startup Cost": 4.51, "Total Cost": 2592.76, "Plan Rows": 154, "Plan Width": 25, "Actual Startup Time": 40.986, "Actual Total Time": 40.986, "Actual Rows": 0, "Actual Loops": 1, "Inner Unique": false, "Plans": [{"Node Type": "Nested Loop", "Parent Relationship": "Outer", "Join Type": "Inner", "Startup Cost": 4.51, "Total Cost": 2579.55, "Plan Rows": 33, "Plan Width": 25, "Actual Startup Time": 40.103, "Actual Total Time": 40.981, "Actual Rows": 1, "Actual Loops": 1, "Inner Unique": true, "Plans": [{"Node Type": "Nested Loop", "Parent Relationship": "Outer", "Join Type": "Inner", "Startup Cost": 4.51, "Total Cost": 2569.02, "Plan Rows": 33, "Plan Width": 4, "Actual Startup Time": 40.083, "Actual Total Time": 40.961, "Actual Rows": 1, "Actual Loops": 1, "Inner Unique": false, "Plans": [{"Node Type": "Seq Scan", "Parent Relationship": "Outer", "Relation Name": "keyword", "Alias": "k", "Startup Cost": 0.0, "Total Cost": 2436.11, "Plan Rows": 1, "Plan Width": 4, "Actual Startup Time": 40.037, "Actual Total Time": 40.913, "Actual Rows": 1, "Actual Loops": 1, "Filter": "((keyword)::text = '10,000-mile-club'::text)", "Rows Removed by Filter": 134168}, {"Node Type": "Bitmap Heap Scan", "Parent Relationship": "Inner", "Relation Name": "movie_keyword", "Alias": "mk", "Startup Cost": 4.51, "Total Cost": 132.58, "Plan Rows": 33, "Plan Width": 8, "Actual Startup Time": 0.035, "Actual Total Time": 0.035, "Actual Rows": 1, "Actual Loops": 1, "Recheck Cond": "(keyword_id = k.id)", "Rows Removed by Index Recheck": 0, "Exact Heap Blocks": 1, "Lossy Heap Blocks": 1, "Plans": [{"Node Type": "Bitmap Index Scan", "Parent Relationship": "Outer", "Index Name": "keyword_id_movie_keyword", "Startup Cost": 0.0, "Total Cost": 4.5, "Plan Rows": 33, "Plan Width": 0, "Actual Startup Time": 0.022, "Actual Total Time": 0.022, "Actual Rows": 1, "Actual Loops": 1, "Index Cond": "(keyword_id = k.id)"}]}]}, {"Node Type": "Index Scan", "Parent Relationship": "Inner", "Scan Direction": "Forward", "Index Name": "title_pkey", "Relation Name": "title", "Alias": "t1", "Startup Cost": 0.0, "Total Cost": 0.31, "Plan Rows": 1, "Plan Width": 21, "Actual Startup Time": 0.015, "Actual Total Time": 0.015, "Actual Rows": 1, "Actual Loops": 1, "Index Cond": "(id = mk.movie_id)", "Rows Removed by Index Recheck": 0}]}, {"Node Type": "Index Scan", "Parent Relationship": "Inner", "Scan Direction": "Forward", "Index Name": "movie_id_movie_link", "Relation Name": "movie_link", "Alias": "ml", "Startup Cost": 0.0, "Total Cost": 0.35, "Plan Rows": 5, "Plan Width": 12, "Actual Startup Time": 0.003, "Actual Total Time": 0.003, "Actual Rows": 0, "Actual Loops": 1, "Index Cond": "(movie_id = t1.id)", "Rows Removed by Index Recheck": 0}]}, {"Node Type": "Hash", "Parent Relationship": "Inner", "Startup Cost": 1.17, "Total Cost": 1.17, "Plan Rows": 17, "Plan Width": 16, "Actual Startup Time": 0.027, "Actual Total Time": 0.027, "Actual Rows": 17, "Actual Loops": 1, "Hash Buckets": 32768, "Hash Batches": 1, "Original Hash Batches": 1, "Peak Memory Usage": 1, "Plans": [{"Node Type": "Seq Scan", "Parent Relationship": "Outer", "Relation Name": "link_type", "Alias": "lt", "Startup Cost": 0.0, "Total Cost": 1.17, "Plan Rows": 17, "Plan Width": 16, "Actual Startup Time": 0.012, "Actual Total Time": 0.017, "Actual Rows": 17, "Actual Loops": 1}]}]}, {"Node Type": "Index Scan", "Parent Relationship": "Inner", "Scan Direction": "Forward", "Index Name": "title_pkey", "Relation Name": "title", "Alias": "t2", "Startup Cost": 0.0, "Total Cost": 4.3, "Plan Rows": 1, "Plan Width": 21, "Actual Startup Time": 0.0, "Actual Total Time": 0.0, "Index Cond": "(id = ml.linked_movie_id)", "Rows Removed by Index Recheck": 0}]}]}, "Triggers": [], "Planner Runtime": 19, "Total Runtime": 41.329, "Unique SQL Id": 524435555}}, "(16, 97)": {"explain_plan": {"Plan": {"Node Type": "Aggregate", "Strategy": "Plain", "Startup Cost": 4047.28, "Total Cost": 4047.29, "Plan Rows": 1, "Plan Width": 142, "Plans": [{"Node Type": "Nested Loop", "Parent Relationship": "Outer", "Join Type": "Inner", "Startup Cost": 4.51, "Total Cost": 4046.12, "Plan Rows": 154, "Plan Width": 46, "Inner Unique": true, "Plans": [{"Node Type": "Nested Loop", "Parent Relationship": "Outer", "Join Type": "Inner", "Startup Cost": 4.51, "Total Cost": 3382.55, "Plan Rows": 154, "Plan Width": 33, "Inner Unique": true, "Plans": [{"Node Type": "Nested Loop", "Parent Relationship": "Outer", "Join Type": "Inner", "Startup Cost": 4.51, "Total Cost": 3339.37, "Plan Rows": 154, "Plan Width": 25, "Inner Unique": false, "Plans": [{"Node Type": "Nested Loop", "Parent Relationship": "Outer", "Join Type": "Inner", "Startup Cost": 4.51, "Total Cost": 3326.15, "Plan Rows": 33, "Plan Width": 25, "Inner Unique": true, "Plans": [{"Node Type": "Nested Loop", "Parent Relationship": "Outer", "Join Type": "Inner", "Startup Cost": 4.51, "Total Cost": 3315.63, "Plan Rows": 33, "Plan Width": 4, "Inner Unique": false, "Plans": [{"Node Type": "Index Scan", "Parent Relationship": "Outer", "Scan Direction": "Forward", "Index Name": "keyword_pkey", "Relation Name": "keyword", "Alias": "k", "Startup Cost": 0.0, "Total Cost": 3182.72, "Plan Rows": 1, "Plan Width": 4, "Filter": "((keyword)::text = '10,000-mile-club'::text)"}, {"Node Type": "Bitmap Heap Scan", "Parent Relationship": "Inner", "Relation Name": "movie_keyword", "Alias": "mk", "Startup Cost": 4.51, "Total Cost": 132.58, "Plan Rows": 33, "Plan Width": 8, "Recheck Cond": "(keyword_id = k.id)", "Plans": [{"Node Type": "Bitmap Index Scan", "Parent Relationship": "Outer", "Index Name": "keyword_id_movie_keyword", "Startup Cost": 0.0, "Total Cost": 4.5, "Plan Rows": 33, "Plan Width": 0, "Index Cond": "(keyword_id = k.id)"}]}]}, {"Node Type": "Index Scan", "Parent Relationship": "Inner", "Scan Direction": "Forward", "Index Name": "title_pkey", "Relation Name": "title", "Alias": "t1", "Startup Cost": 0.0, "Total Cost": 0.31, "Plan Rows": 1, "Plan Width": 21, "Index Cond": "(id = mk.movie_id)"}]}, {"Node Type": "Index Scan", "Parent Relationship": "Inner", "Scan Direction": "Forward", "Index Name": "movie_id_movie_link", "Relation Name": "movie_link", "Alias": "ml", "Startup Cost": 0.0, "Total Cost": 0.35, "Plan Rows": 5, "Plan Width": 12, "Index Cond": "(movie_id = t1.id)"}]}, {"Node Type": "Index Scan", "Parent Relationship": "Inner", "Scan Direction": "Forward", "Index Name": "link_type_pkey", "Relation Name": "link_type", "Alias": "lt", "Startup Cost": 0.0, "Total Cost": 0.27, "Plan Rows": 1, "Plan Width": 16, "Index Cond": "(id = ml.link_type_id)"}]}, {"Node Type": "Index Scan", "Parent Relationship": "Inner", "Scan Direction": "Forward", "Index Name": "title_pkey", "Relation Name": "title", "Alias": "t2", "Startup Cost": 0.0, "Total Cost": 4.3, "Plan Rows": 1, "Plan Width": 21, "Index Cond": "(id = ml.linked_movie_id)"}]}]}, "Unique SQL Id": 524435555, "Planner Runtime": 16}, "explain_analyze_plan": {"Plan": {"Node Type": "Aggregate", "Strategy": "Plain", "Startup Cost": 4047.28, "Total Cost": 4047.29, "Plan Rows": 1, "Plan Width": 142, "Actual Startup Time": 114.966, "Actual Total Time": 114.966, "Actual Rows": 1, "Actual Loops": 1, "Plans": [{"Node Type": "Nested Loop", "Parent Relationship": "Outer", "Join Type": "Inner", "Startup Cost": 4.51, "Total Cost": 4046.12, "Plan Rows": 154, "Plan Width": 46, "Actual Startup Time": 114.961, "Actual Total Time": 114.961, "Actual Rows": 0, "Actual Loops": 1, "Inner Unique": true, "Plans": [{"Node Type": "Nested Loop", "Parent Relationship": "Outer", "Join Type": "Inner", "Startup Cost": 4.51, "Total Cost": 3382.55, "Plan Rows": 154, "Plan Width": 33, "Actual Startup Time": 114.959, "Actual Total Time": 114.959, "Actual Rows": 0, "Actual Loops": 1, "Inner Unique": true, "Plans": [{"Node Type": "Nested Loop", "Parent Relationship": "Outer", "Join Type": "Inner", "Startup Cost": 4.51, "Total Cost": 3339.37, "Plan Rows": 154, "Plan Width": 25, "Actual Startup Time": 114.959, "Actual Total Time": 114.959, "Actual Rows": 0, "Actual Loops": 1, "Inner Unique": false, "Plans": [{"Node Type": "Nested Loop", "Parent Relationship": "Outer", "Join Type": "Inner", "Startup Cost": 4.51, "Total Cost": 3326.15, "Plan Rows": 33, "Plan Width": 25, "Actual Startup Time": 113.082, "Actual Total Time": 114.952, "Actual Rows": 1, "Actual Loops": 1, "Inner Unique": true, "Plans": [{"Node Type": "Nested Loop", "Parent Relationship": "Outer", "Join Type": "Inner", "Startup Cost": 4.51, "Total Cost": 3315.63, "Plan Rows": 33, "Plan Width": 4, "Actual Startup Time": 113.064, "Actual Total Time": 114.934, "Actual Rows": 1, "Actual Loops": 1, "Inner Unique": false, "Plans": [{"Node Type": "Index Scan", "Parent Relationship": "Outer", "Scan Direction": "Forward", "Index Name": "keyword_pkey", "Relation Name": "keyword", "Alias": "k", "Startup Cost": 0.0, "Total Cost": 3182.72, "Plan Rows": 1, "Plan Width": 4, "Actual Startup Time": 113.017, "Actual Total Time": 114.885, "Actual Rows": 1, "Actual Loops": 1, "Filter": "((keyword)::text = '10,000-mile-club'::text)", "Rows Removed by Filter": 134168}, {"Node Type": "Bitmap Heap Scan", "Parent Relationship": "Inner", "Relation Name": "movie_keyword", "Alias": "mk", "Startup Cost": 4.51, "Total Cost": 132.58, "Plan Rows": 33, "Plan Width": 8, "Actual Startup Time": 0.031, "Actual Total Time": 0.031, "Actual Rows": 1, "Actual Loops": 1, "Recheck Cond": "(keyword_id = k.id)", "Rows Removed by Index Recheck": 0, "Exact Heap Blocks": 1, "Lossy Heap Blocks": 1, "Plans": [{"Node Type": "Bitmap Index Scan", "Parent Relationship": "Outer", "Index Name": "keyword_id_movie_keyword", "Startup Cost": 0.0, "Total Cost": 4.5, "Plan Rows": 33, "Plan Width": 0, "Actual Startup Time": 0.02, "Actual Total Time": 0.02, "Actual Rows": 1, "Actual Loops": 1, "Index Cond": "(keyword_id = k.id)"}]}]}, {"Node Type": "Index Scan", "Parent Relationship": "Inner", "Scan Direction": "Forward", "Index Name": "title_pkey", "Relation Name": "title", "Alias": "t1", "Startup Cost": 0.0, "Total Cost": 0.31, "Plan Rows": 1, "Plan Width": 21, "Actual Startup Time": 0.014, "Actual Total Time": 0.014, "Actual Rows": 1, "Actual Loops": 1, "Index Cond": "(id = mk.movie_id)", "Rows Removed by Index Recheck": 0}]}, {"Node Type": "Index Scan", "Parent Relationship": "Inner", "Scan Direction": "Forward", "Index Name": "movie_id_movie_link", "Relation Name": "movie_link", "Alias": "ml", "Startup Cost": 0.0, "Total Cost": 0.35, "Plan Rows": 5, "Plan Width": 12, "Actual Startup Time": 0.004, "Actual Total Time": 0.004, "Actual Rows": 0, "Actual Loops": 1, "Index Cond": "(movie_id = t1.id)", "Rows Removed by Index Recheck": 0}]}, {"Node Type": "Index Scan", "Parent Relationship": "Inner", "Scan Direction": "Forward", "Index Name": "link_type_pkey", "Relation Name": "link_type", "Alias": "lt", "Startup Cost": 0.0, "Total Cost": 0.27, "Plan Rows": 1, "Plan Width": 16, "Actual Startup Time": 0.0, "Actual Total Time": 0.0, "Index Cond": "(id = ml.link_type_id)", "Rows Removed by Index Recheck": 0}]}, {"Node Type": "Index Scan", "Parent Relationship": "Inner", "Scan Direction": "Forward", "Index Name": "title_pkey", "Relation Name": "title", "Alias": "t2", "Startup Cost": 0.0, "Total Cost": 4.3, "Plan Rows": 1, "Plan Width": 21, "Actual Startup Time": 0.0, "Actual Total Time": 0.0, "Index Cond": "(id = ml.linked_movie_id)", "Rows Removed by Index Recheck": 0}]}]}, "Triggers": [], "Planner Runtime": 3, "Total Runtime": 115.218, "Unique SQL Id": 524435555}}, "(16, 98)": {"explain_plan": {"Plan": {"Node Type": "Aggregate", "Strategy": "Plain", "Startup Cost": 3709.86, "Total Cost": 3709.87, "Plan Rows": 1, "Plan Width": 142, "Plans": [{"Node Type": "Nested Loop", "Parent Relationship": "Outer", "Join Type": "Inner", "Startup Cost": 7.93, "Total Cost": 3708.7, "Plan Rows": 154, "Plan Width": 46, "Inner Unique": true, "Plans": [{"Node Type": "Hash Join", "Parent Relationship": "Outer", "Join Type": "Inner", "Startup Cost": 6.44, "Total Cost": 2859.52, "Plan Rows": 154, "Plan Width": 33, "Inner Unique": true, "Hash Cond": "(ml.link_type_id = lt.id)", "Plans": [{"Node Type": "Nested Loop", "Parent Relationship": "Outer", "Join Type": "Inner", "Startup Cost": 5.06, "Total Cost": 2856.2, "Plan Rows": 154, "Plan Width": 25, "Inner Unique": false, "Join Filter": "(t1.id = ml.movie_id)", "Plans": [{"Node Type": "Nested Loop", "Parent Relationship": "Outer", "Join Type": "Inner", "Startup Cost": 4.77, "Total Cost": 2710.54, "Plan Rows": 33, "Plan Width": 25, "Inner Unique": true, "Plans": [{"Node Type": "Nested Loop", "Parent Relationship": "Outer", "Join Type": "Inner", "Startup Cost": 4.51, "Total Cost": 2569.02, "Plan Rows": 33, "Plan Width": 4, "Inner Unique": false, "Plans": [{"Node Type": "Seq Scan", "Parent Relationship": "Outer", "Relation Name": "keyword", "Alias": "k", "Startup Cost": 0.0, "Total Cost": 2436.11, "Plan Rows": 1, "Plan Width": 4, "Filter": "((keyword)::text = '10,000-mile-club'::text)"}, {"Node Type": "Bitmap Heap Scan", "Parent Relationship": "Inner", "Relation Name": "movie_keyword", "Alias": "mk", "Startup Cost": 4.51, "Total Cost": 132.58, "Plan Rows": 33, "Plan Width": 8, "Recheck Cond": "(keyword_id = k.id)", "Plans": [{"Node Type": "Bitmap Index Scan", "Parent Relationship": "Outer", "Index Name": "keyword_id_movie_keyword", "Startup Cost": 0.0, "Total Cost": 4.5, "Plan Rows": 33, "Plan Width": 0, "Index Cond": "(keyword_id = k.id)"}]}]}, {"Node Type": "Bitmap Heap Scan", "Parent Relationship": "Inner", "Relation Name": "title", "Alias": "t1", "Startup Cost": 0.27, "Total Cost": 4.28, "Plan Rows": 1, "Plan Width": 21, "Recheck Cond": "(id = mk.movie_id)", "Plans": [{"Node Type": "Bitmap Index Scan", "Parent Relationship": "Outer", "Index Name": "title_pkey", "Startup Cost": 0.0, "Total Cost": 0.27, "Plan Rows": 1, "Plan Width": 0, "Index Cond": "(id = mk.movie_id)"}]}]}, {"Node Type": "Bitmap Heap Scan", "Parent Relationship": "Inner", "Relation Name": "movie_link", "Alias": "ml", "Startup Cost": 0.29, "Total Cost": 4.35, "Plan Rows": 5, "Plan Width": 12, "Recheck Cond": "(movie_id = mk.movie_id)", "Plans": [{"Node Type": "Bitmap Index Scan", "Parent Relationship": "Outer", "Index Name": "movie_id_movie_link", "Startup Cost": 0.0, "Total Cost": 0.29, "Plan Rows": 5, "Plan Width": 0, "Index Cond": "(movie_id = mk.movie_id)"}]}]}, {"Node Type": "Hash", "Parent Relationship": "Inner", "Startup Cost": 1.17, "Total Cost": 1.17, "Plan Rows": 17, "Plan Width": 16, "Plans": [{"Node Type": "Seq Scan", "Parent Relationship": "Outer", "Relation Name": "link_type", "Alias": "lt", "Startup Cost": 0.0, "Total Cost": 1.17, "Plan Rows": 17, "Plan Width": 16}]}]}, {"Node Type": "Bitmap Heap Scan", "Parent Relationship": "Inner", "Relation Name": "title", "Alias": "t2", "Startup Cost": 1.49, "Total Cost": 5.5, "Plan Rows": 1, "Plan Width": 21, "Recheck Cond": "(id = ml.linked_movie_id)", "Plans": [{"Node Type": "Bitmap Index Scan", "Parent Relationship": "Outer", "Index Name": "title_pkey", "Startup Cost": 0.0, "Total Cost": 1.49, "Plan Rows": 1, "Plan Width": 0, "Index Cond": "(id = ml.linked_movie_id)"}]}]}]}, "Unique SQL Id": 524435555, "Planner Runtime": 20}, "explain_analyze_plan": {"Plan": {"Node Type": "Aggregate", "Strategy": "Plain", "Startup Cost": 3709.86, "Total Cost": 3709.87, "Plan Rows": 1, "Plan Width": 142, "Actual Startup Time": 40.855, "Actual Total Time": 40.856, "Actual Rows": 1, "Actual Loops": 1, "Plans": [{"Node Type": "Nested Loop", "Parent Relationship": "Outer", "Join Type": "Inner", "Startup Cost": 7.93, "Total Cost": 3708.7, "Plan Rows": 154, "Plan Width": 46, "Actual Startup Time": 40.849, "Actual Total Time": 40.849, "Actual Rows": 0, "Actual Loops": 1, "Inner Unique": true, "Plans": [{"Node Type": "Hash Join", "Parent Relationship": "Outer", "Join Type": "Inner", "Startup Cost": 6.44, "Total Cost": 2859.52, "Plan Rows": 154, "Plan Width": 33, "Actual Startup Time": 40.824, "Actual Total Time": 40.824, "Actual Rows": 0, "Actual Loops": 1, "Inner Unique": true, "Hash Cond": "(ml.link_type_id = lt.id)", "Plans": [{"Node Type": "Nested Loop", "Parent Relationship": "Outer", "Join Type": "Inner", "Startup Cost": 5.06, "Total Cost": 2856.2, "Plan Rows": 154, "Plan Width": 25, "Actual Startup Time": 40.752, "Actual Total Time": 40.752, "Actual Rows": 0, "Actual Loops": 1, "Inner Unique": false, "Join Filter": "(t1.id = ml.movie_id)", "Rows Removed by Join Filter": 0, "Plans": [{"Node Type": "Nested Loop", "Parent Relationship": "Outer", "Join Type": "Inner", "Startup Cost": 4.77, "Total Cost": 2710.54, "Plan Rows": 33, "Plan Width": 25, "Actual Startup Time": 39.861, "Actual Total Time": 40.74, "Actual Rows": 1, "Actual Loops": 1, "Inner Unique": true, "Plans": [{"Node Type": "Nested Loop", "Parent Relationship": "Outer", "Join Type": "Inner", "Startup Cost": 4.51, "Total Cost": 2569.02, "Plan Rows": 33, "Plan Width": 4, "Actual Startup Time": 39.842, "Actual Total Time": 40.72, "Actual Rows": 1, "Actual Loops": 1, "Inner Unique": false, "Plans": [{"Node Type": "Seq Scan", "Parent Relationship": "Outer", "Relation Name": "keyword", "Alias": "k", "Startup Cost": 0.0, "Total Cost": 2436.11, "Plan Rows": 1, "Plan Width": 4, "Actual Startup Time": 39.799, "Actual Total Time": 40.676, "Actual Rows": 1, "Actual Loops": 1, "Filter": "((keyword)::text = '10,000-mile-club'::text)", "Rows Removed by Filter": 134168}, {"Node Type": "Bitmap Heap Scan", "Parent Relationship": "Inner", "Relation Name": "movie_keyword", "Alias": "mk", "Startup Cost": 4.51, "Total Cost": 132.58, "Plan Rows": 33, "Plan Width": 8, "Actual Startup Time": 0.032, "Actual Total Time": 0.032, "Actual Rows": 1, "Actual Loops": 1, "Recheck Cond": "(keyword_id = k.id)", "Rows Removed by Index Recheck": 0, "Exact Heap Blocks": 1, "Lossy Heap Blocks": 1, "Plans": [{"Node Type": "Bitmap Index Scan", "Parent Relationship": "Outer", "Index Name": "keyword_id_movie_keyword", "Startup Cost": 0.0, "Total Cost": 4.5, "Plan Rows": 33, "Plan Width": 0, "Actual Startup Time": 0.021, "Actual Total Time": 0.021, "Actual Rows": 1, "Actual Loops": 1, "Index Cond": "(keyword_id = k.id)"}]}]}, {"Node Type": "Bitmap Heap Scan", "Parent Relationship": "Inner", "Relation Name": "title", "Alias": "t1", "Startup Cost": 0.27, "Total Cost": 4.28, "Plan Rows": 1, "Plan Width": 21, "Actual Startup Time": 0.013, "Actual Total Time": 0.013, "Actual Rows": 1, "Actual Loops": 1, "Recheck Cond": "(id = mk.movie_id)", "Rows Removed by Index Recheck": 0, "Exact Heap Blocks": 1, "Lossy Heap Blocks": 1, "Plans": [{"Node Type": "Bitmap Index Scan", "Parent Relationship": "Outer", "Index Name": "title_pkey", "Startup Cost": 0.0, "Total Cost": 0.27, "Plan Rows": 1, "Plan Width": 0, "Actual Startup Time": 0.008, "Actual Total Time": 0.008, "Actual Rows": 1, "Actual Loops": 1, "Index Cond": "(id = mk.movie_id)"}]}]}, {"Node Type": "Bitmap Heap Scan", "Parent Relationship": "Inner", "Relation Name": "movie_link", "Alias": "ml", "Startup Cost": 0.29, "Total Cost": 4.35, "Plan Rows": 5, "Plan Width": 12, "Actual Startup Time": 0.009, "Actual Total Time": 0.009, "Actual Rows": 0, "Actual Loops": 1, "Recheck Cond": "(movie_id = mk.movie_id)", "Rows Removed by Index Recheck": 0, "Exact Heap Blocks": 0, "Lossy Heap Blocks": 0, "Plans": [{"Node Type": "Bitmap Index Scan", "Parent Relationship": "Outer", "Index Name": "movie_id_movie_link", "Startup Cost": 0.0, "Total Cost": 0.29, "Plan Rows": 5, "Plan Width": 0, "Actual Startup Time": 0.005, "Actual Total Time": 0.005, "Actual Rows": 0, "Actual Loops": 1, "Index Cond": "(movie_id = mk.movie_id)"}]}]}, {"Node Type": "Hash", "Parent Relationship": "Inner", "Startup Cost": 1.17, "Total Cost": 1.17, "Plan Rows": 17, "Plan Width": 16, "Actual Startup Time": 0.031, "Actual Total Time": 0.031, "Actual Rows": 17, "Actual Loops": 1, "Hash Buckets": 32768, "Hash Batches": 1, "Original Hash Batches": 1, "Peak Memory Usage": 1, "Plans": [{"Node Type": "Seq Scan", "Parent Relationship": "Outer", "Relation Name": "link_type", "Alias": "lt", "Startup Cost": 0.0, "Total Cost": 1.17, "Plan Rows": 17, "Plan Width": 16, "Actual Startup Time": 0.013, "Actual Total Time": 0.021, "Actual Rows": 17, "Actual Loops": 1}]}]}, {"Node Type": "Bitmap Heap Scan", "Parent Relationship": "Inner", "Relation Name": "title", "Alias": "t2", "Startup Cost": 1.49, "Total Cost": 5.5, "Plan Rows": 1, "Plan Width": 21, "Actual Startup Time": 0.0, "Actual Total Time": 0.0, "Recheck Cond": "(id = ml.linked_movie_id)", "Rows Removed by Index Recheck": 0, "Exact Heap Blocks": 0, "Lossy Heap Blocks": 0, "Plans": [{"Node Type": "Bitmap Index Scan", "Parent Relationship": "Outer", "Index Name": "title_pkey", "Startup Cost": 0.0, "Total Cost": 1.49, "Plan Rows": 1, "Plan Width": 0, "Actual Startup Time": 0.0, "Actual Total Time": 0.0, "Index Cond": "(id = ml.linked_movie_id)"}]}]}]}, "Triggers": [], "Planner Runtime": 20, "Total Runtime": 41.114, "Unique SQL Id": 524435555}}, "(16, 99)": {"explain_plan": {"Plan": {"Node Type": "Aggregate", "Strategy": "Plain", "Startup Cost": 4440.29, "Total Cost": 4440.3, "Plan Rows": 1, "Plan Width": 142, "Plans": [{"Node Type": "Nested Loop", "Parent Relationship": "Outer", "Join Type": "Inner", "Startup Cost": 738.37, "Total Cost": 4439.14, "Plan Rows": 154, "Plan Width": 46, "Inner Unique": true, "Plans": [{"Node Type": "Hash Join", "Parent Relationship": "Outer", "Join Type": "Inner", "Startup Cost": 736.88, "Total Cost": 3589.96, "Plan Rows": 154, "Plan Width": 33, "Inner Unique": true, "Hash Cond": "(ml.link_type_id = lt.id)", "Plans": [{"Node Type": "Nested Loop", "Parent Relationship": "Outer", "Join Type": "Inner", "Startup Cost": 724.16, "Total Cost": 3575.3, "Plan Rows": 154, "Plan Width": 25, "Inner Unique": false, "Join Filter": "(t1.id = ml.movie_id)", "Plans": [{"Node Type": "Nested Loop", "Parent Relationship": "Outer", "Join Type": "Inner", "Startup Cost": 723.87, "Total Cost": 3429.64, "Plan Rows": 33, "Plan Width": 25, "Inner Unique": true, "Plans": [{"Node Type": "Nested Loop", "Parent Relationship": "Outer", "Join Type": "Inner", "Startup Cost": 723.6, "Total Cost": 3288.12, "Plan Rows": 33, "Plan Width": 4, "Inner Unique": false, "Plans": [{"Node Type": "Bitmap Heap Scan", "Parent Relationship": "Outer", "Relation Name": "keyword", "Alias": "k", "Startup Cost": 719.1, "Total Cost": 3155.21, "Plan Rows": 1, "Plan Width": 4, "Filter": "((keyword)::text = '10,000-mile-club'::text)", "Plans": [{"Node Type": "Bitmap Index Scan", "Parent Relationship": "Outer", "Index Name": "keyword_pkey", "Startup Cost": 0.0, "Total Cost": 719.1, "Plan Rows": 134169, "Plan Width": 0}]}, {"Node Type": "Bitmap Heap Scan", "Parent Relationship": "Inner", "Relation Name": "movie_keyword", "Alias": "mk", "Startup Cost": 4.51, "Total Cost": 132.58, "Plan Rows": 33, "Plan Width": 8, "Recheck Cond": "(keyword_id = k.id)", "Plans": [{"Node Type": "Bitmap Index Scan", "Parent Relationship": "Outer", "Index Name": "keyword_id_movie_keyword", "Startup Cost": 0.0, "Total Cost": 4.5, "Plan Rows": 33, "Plan Width": 0, "Index Cond": "(keyword_id = k.id)"}]}]}, {"Node Type": "Bitmap Heap Scan", "Parent Relationship": "Inner", "Relation Name": "title", "Alias": "t1", "Startup Cost": 0.27, "Total Cost": 4.28, "Plan Rows": 1, "Plan Width": 21, "Recheck Cond": "(id = mk.movie_id)", "Plans": [{"Node Type": "Bitmap Index Scan", "Parent Relationship": "Outer", "Index Name": "title_pkey", "Startup Cost": 0.0, "Total Cost": 0.27, "Plan Rows": 1, "Plan Width": 0, "Index Cond": "(id = mk.movie_id)"}]}]}, {"Node Type": "Bitmap Heap Scan", "Parent Relationship": "Inner", "Relation Name": "movie_link", "Alias": "ml", "Startup Cost": 0.29, "Total Cost": 4.35, "Plan Rows": 5, "Plan Width": 12, "Recheck Cond": "(movie_id = mk.movie_id)", "Plans": [{"Node Type": "Bitmap Index Scan", "Parent Relationship": "Outer", "Index Name": "movie_id_movie_link", "Startup Cost": 0.0, "Total Cost": 0.29, "Plan Rows": 5, "Plan Width": 0, "Index Cond": "(movie_id = mk.movie_id)"}]}]}, {"Node Type": "Hash", "Parent Relationship": "Inner", "Startup Cost": 12.51, "Total Cost": 12.51, "Plan Rows": 17, "Plan Width": 16, "Plans": [{"Node Type": "Bitmap Heap Scan", "Parent Relationship": "Outer", "Relation Name": "link_type", "Alias": "lt", "Startup Cost": 8.34, "Total Cost": 12.51, "Plan Rows": 17, "Plan Width": 16, "Plans": [{"Node Type": "Bitmap Index Scan", "Parent Relationship": "Outer", "Index Name": "link_type_pkey", "Startup Cost": 0.0, "Total Cost": 8.34, "Plan Rows": 17, "Plan Width": 0}]}]}]}, {"Node Type": "Bitmap Heap Scan", "Parent Relationship": "Inner", "Relation Name": "title", "Alias": "t2", "Startup Cost": 1.49, "Total Cost": 5.5, "Plan Rows": 1, "Plan Width": 21, "Recheck Cond": "(id = ml.linked_movie_id)", "Plans": [{"Node Type": "Bitmap Index Scan", "Parent Relationship": "Outer", "Index Name": "title_pkey", "Startup Cost": 0.0, "Total Cost": 1.49, "Plan Rows": 1, "Plan Width": 0, "Index Cond": "(id = ml.linked_movie_id)"}]}]}]}, "Unique SQL Id": 524435555, "Planner Runtime": 7}, "explain_analyze_plan": {"Plan": {"Node Type": "Aggregate", "Strategy": "Plain", "Startup Cost": 4440.29, "Total Cost": 4440.3, "Plan Rows": 1, "Plan Width": 142, "Actual Startup Time": 61.614, "Actual Total Time": 61.615, "Actual Rows": 1, "Actual Loops": 1, "Plans": [{"Node Type": "Nested Loop", "Parent Relationship": "Outer", "Join Type": "Inner", "Startup Cost": 738.37, "Total Cost": 4439.14, "Plan Rows": 154, "Plan Width": 46, "Actual Startup Time": 61.608, "Actual Total Time": 61.608, "Actual Rows": 0, "Actual Loops": 1, "Inner Unique": true, "Plans": [{"Node Type": "Hash Join", "Parent Relationship": "Outer", "Join Type": "Inner", "Startup Cost": 736.88, "Total Cost": 3589.96, "Plan Rows": 154, "Plan Width": 33, "Actual Startup Time": 61.584, "Actual Total Time": 61.584, "Actual Rows": 0, "Actual Loops": 1, "Inner Unique": true, "Hash Cond": "(ml.link_type_id = lt.id)", "Plans": [{"Node Type": "Nested Loop", "Parent Relationship": "Outer", "Join Type": "Inner", "Startup Cost": 724.16, "Total Cost": 3575.3, "Plan Rows": 154, "Plan Width": 25, "Actual Startup Time": 61.513, "Actual Total Time": 61.513, "Actual Rows": 0, "Actual Loops": 1, "Inner Unique": false, "Join Filter": "(t1.id = ml.movie_id)", "Rows Removed by Join Filter": 0, "Plans": [{"Node Type": "Nested Loop", "Parent Relationship": "Outer", "Join Type": "Inner", "Startup Cost": 723.87, "Total Cost": 3429.64, "Plan Rows": 33, "Plan Width": 25, "Actual Startup Time": 60.452, "Actual Total Time": 61.505, "Actual Rows": 1, "Actual Loops": 1, "Inner Unique": true, "Plans": [{"Node Type": "Nested Loop", "Parent Relationship": "Outer", "Join Type": "Inner", "Startup Cost": 723.6, "Total Cost": 3288.12, "Plan Rows": 33, "Plan Width": 4, "Actual Startup Time": 60.436, "Actual Total Time": 61.489, "Actual Rows": 1, "Actual Loops": 1, "Inner Unique": false, "Plans": [{"Node Type": "Bitmap Heap Scan", "Parent Relationship": "Outer", "Relation Name": "keyword", "Alias": "k", "Startup Cost": 719.1, "Total Cost": 3155.21, "Plan Rows": 1, "Plan Width": 4, "Actual Startup Time": 60.398, "Actual Total Time": 61.449, "Actual Rows": 1, "Actual Loops": 1, "Filter": "((keyword)::text = '10,000-mile-club'::text)", "Rows Removed by Filter": 134168, "Exact Heap Blocks": 759, "Lossy Heap Blocks": 759, "Plans": [{"Node Type": "Bitmap Index Scan", "Parent Relationship": "Outer", "Index Name": "keyword_pkey", "Startup Cost": 0.0, "Total Cost": 719.1, "Plan Rows": 134169, "Plan Width": 0, "Actual Startup Time": 11.375, "Actual Total Time": 11.375, "Actual Rows": 134169, "Actual Loops": 1}]}, {"Node Type": "Bitmap Heap Scan", "Parent Relationship": "Inner", "Relation Name": "movie_keyword", "Alias": "mk", "Startup Cost": 4.51, "Total Cost": 132.58, "Plan Rows": 33, "Plan Width": 8, "Actual Startup Time": 0.025, "Actual Total Time": 0.025, "Actual Rows": 1, "Actual Loops": 1, "Recheck Cond": "(keyword_id = k.id)", "Rows Removed by Index Recheck": 0, "Exact Heap Blocks": 1, "Lossy Heap Blocks": 1, "Plans": [{"Node Type": "Bitmap Index Scan", "Parent Relationship": "Outer", "Index Name": "keyword_id_movie_keyword", "Startup Cost": 0.0, "Total Cost": 4.5, "Plan Rows": 33, "Plan Width": 0, "Actual Startup Time": 0.017, "Actual Total Time": 0.017, "Actual Rows": 1, "Actual Loops": 1, "Index Cond": "(keyword_id = k.id)"}]}]}, {"Node Type": "Bitmap Heap Scan", "Parent Relationship": "Inner", "Relation Name": "title", "Alias": "t1", "Startup Cost": 0.27, "Total Cost": 4.28, "Plan Rows": 1, "Plan Width": 21, "Actual Startup Time": 0.012, "Actual Total Time": 0.012, "Actual Rows": 1, "Actual Loops": 1, "Recheck Cond": "(id = mk.movie_id)", "Rows Removed by Index Recheck": 0, "Exact Heap Blocks": 1, "Lossy Heap Blocks": 1, "Plans": [{"Node Type": "Bitmap Index Scan", "Parent Relationship": "Outer", "Index Name": "title_pkey", "Startup Cost": 0.0, "Total Cost": 0.27, "Plan Rows": 1, "Plan Width": 0, "Actual Startup Time": 0.008, "Actual Total Time": 0.008, "Actual Rows": 1, "Actual Loops": 1, "Index Cond": "(id = mk.movie_id)"}]}]}, {"Node Type": "Bitmap Heap Scan", "Parent Relationship": "Inner", "Relation Name": "movie_link", "Alias": "ml", "Startup Cost": 0.29, "Total Cost": 4.35, "Plan Rows": 5, "Plan Width": 12, "Actual Startup Time": 0.006, "Actual Total Time": 0.006, "Actual Rows": 0, "Actual Loops": 1, "Recheck Cond": "(movie_id = mk.movie_id)", "Rows Removed by Index Recheck": 0, "Exact Heap Blocks": 0, "Lossy Heap Blocks": 0, "Plans": [{"Node Type": "Bitmap Index Scan", "Parent Relationship": "Outer", "Index Name": "movie_id_movie_link", "Startup Cost": 0.0, "Total Cost": 0.29, "Plan Rows": 5, "Plan Width": 0, "Actual Startup Time": 0.003, "Actual Total Time": 0.003, "Actual Rows": 0, "Actual Loops": 1, "Index Cond": "(movie_id = mk.movie_id)"}]}]}, {"Node Type": "Hash", "Parent Relationship": "Inner", "Startup Cost": 12.51, "Total Cost": 12.51, "Plan Rows": 17, "Plan Width": 16, "Actual Startup Time": 0.032, "Actual Total Time": 0.032, "Actual Rows": 17, "Actual Loops": 1, "Hash Buckets": 32768, "Hash Batches": 1, "Original Hash Batches": 1, "Peak Memory Usage": 1, "Plans": [{"Node Type": "Bitmap Heap Scan", "Parent Relationship": "Outer", "Relation Name": "link_type", "Alias": "lt", "Startup Cost": 8.34, "Total Cost": 12.51, "Plan Rows": 17, "Plan Width": 16, "Actual Startup Time": 0.017, "Actual Total Time": 0.022, "Actual Rows": 17, "Actual Loops": 1, "Exact Heap Blocks": 1, "Lossy Heap Blocks": 1, "Plans": [{"Node Type": "Bitmap Index Scan", "Parent Relationship": "Outer", "Index Name": "link_type_pkey", "Startup Cost": 0.0, "Total Cost": 8.34, "Plan Rows": 17, "Plan Width": 0, "Actual Startup Time": 0.007, "Actual Total Time": 0.007, "Actual Rows": 17, "Actual Loops": 1}]}]}]}, {"Node Type": "Bitmap Heap Scan", "Parent Relationship": "Inner", "Relation Name": "title", "Alias": "t2", "Startup Cost": 1.49, "Total Cost": 5.5, "Plan Rows": 1, "Plan Width": 21, "Actual Startup Time": 0.0, "Actual Total Time": 0.0, "Recheck Cond": "(id = ml.linked_movie_id)", "Rows Removed by Index Recheck": 0, "Exact Heap Blocks": 0, "Lossy Heap Blocks": 0, "Plans": [{"Node Type": "Bitmap Index Scan", "Parent Relationship": "Outer", "Index Name": "title_pkey", "Startup Cost": 0.0, "Total Cost": 1.49, "Plan Rows": 1, "Plan Width": 0, "Actual Startup Time": 0.0, "Actual Total Time": 0.0, "Index Cond": "(id = ml.linked_movie_id)"}]}]}]}, "Triggers": [], "Planner Runtime": 7, "Total Runtime": 61.87, "Unique SQL Id": 524435555}}, "(16, 100)": {"explain_plan": {"Plan": {"Node Type": "Aggregate", "Strategy": "Plain", "Startup Cost": 3260.82, "Total Cost": 3260.83, "Plan Rows": 1, "Plan Width": 142, "Plans": [{"Node Type": "Nested Loop", "Parent Relationship": "Outer", "Join Type": "Inner", "Startup Cost": 5.89, "Total Cost": 3259.66, "Plan Rows": 154, "Plan Width": 46, "Inner Unique": true, "Plans": [{"Node Type": "Hash Join", "Parent Relationship": "Outer", "Join Type": "Inner", "Startup Cost": 5.89, "Total Cost": 2596.09, "Plan Rows": 154, "Plan Width": 33, "Inner Unique": true, "Hash Cond": "(ml.link_type_id = lt.id)", "Plans": [{"Node Type": "Nested Loop", "Parent Relationship": "Outer", "Join Type": "Inner", "Startup Cost": 4.51, "Total Cost": 2592.76, "Plan Rows": 154, "Plan Width": 25, "Inner Unique": false, "Plans": [{"Node Type": "Nested Loop", "Parent Relationship": "Outer", "Join Type": "Inner", "Startup Cost": 4.51, "Total Cost": 2579.55, "Plan Rows": 33, "Plan Width": 25, "Inner Unique": true, "Plans": [{"Node Type": "Nested Loop", "Parent Relationship": "Outer", "Join Type": "Inner", "Startup Cost": 4.51, "Total Cost": 2569.02, "Plan Rows": 33, "Plan Width": 4, "Inner Unique": false, "Plans": [{"Node Type": "Seq Scan", "Parent Relationship": "Outer", "Relation Name": "keyword", "Alias": "k", "Startup Cost": 0.0, "Total Cost": 2436.11, "Plan Rows": 1, "Plan Width": 4, "Filter": "((keyword)::text = '10,000-mile-club'::text)"}, {"Node Type": "Bitmap Heap Scan", "Parent Relationship": "Inner", "Relation Name": "movie_keyword", "Alias": "mk", "Startup Cost": 4.51, "Total Cost": 132.58, "Plan Rows": 33, "Plan Width": 8, "Recheck Cond": "(keyword_id = k.id)", "Plans": [{"Node Type": "Bitmap Index Scan", "Parent Relationship": "Outer", "Index Name": "keyword_id_movie_keyword", "Startup Cost": 0.0, "Total Cost": 4.5, "Plan Rows": 33, "Plan Width": 0, "Index Cond": "(keyword_id = k.id)"}]}]}, {"Node Type": "Index Scan", "Parent Relationship": "Inner", "Scan Direction": "Forward", "Index Name": "title_pkey", "Relation Name": "title", "Alias": "t1", "Startup Cost": 0.0, "Total Cost": 0.31, "Plan Rows": 1, "Plan Width": 21, "Index Cond": "(id = mk.movie_id)"}]}, {"Node Type": "Index Scan", "Parent Relationship": "Inner", "Scan Direction": "Forward", "Index Name": "movie_id_movie_link", "Relation Name": "movie_link", "Alias": "ml", "Startup Cost": 0.0, "Total Cost": 0.35, "Plan Rows": 5, "Plan Width": 12, "Index Cond": "(movie_id = t1.id)"}]}, {"Node Type": "Hash", "Parent Relationship": "Inner", "Startup Cost": 1.17, "Total Cost": 1.17, "Plan Rows": 17, "Plan Width": 16, "Plans": [{"Node Type": "Seq Scan", "Parent Relationship": "Outer", "Relation Name": "link_type", "Alias": "lt", "Startup Cost": 0.0, "Total Cost": 1.17, "Plan Rows": 17, "Plan Width": 16}]}]}, {"Node Type": "Index Scan", "Parent Relationship": "Inner", "Scan Direction": "Forward", "Index Name": "title_pkey", "Relation Name": "title", "Alias": "t2", "Startup Cost": 0.0, "Total Cost": 4.3, "Plan Rows": 1, "Plan Width": 21, "Index Cond": "(id = ml.linked_movie_id)"}]}]}, "Unique SQL Id": 524435555, "Planner Runtime": 19}, "explain_analyze_plan": {"Plan": {"Node Type": "Aggregate", "Strategy": "Plain", "Startup Cost": 3260.82, "Total Cost": 3260.83, "Plan Rows": 1, "Plan Width": 142, "Actual Startup Time": 41.087, "Actual Total Time": 41.088, "Actual Rows": 1, "Actual Loops": 1, "Plans": [{"Node Type": "Nested Loop", "Parent Relationship": "Outer", "Join Type": "Inner", "Startup Cost": 5.89, "Total Cost": 3259.66, "Plan Rows": 154, "Plan Width": 46, "Actual Startup Time": 41.082, "Actual Total Time": 41.082, "Actual Rows": 0, "Actual Loops": 1, "Inner Unique": true, "Plans": [{"Node Type": "Hash Join", "Parent Relationship": "Outer", "Join Type": "Inner", "Startup Cost": 5.89, "Total Cost": 2596.09, "Plan Rows": 154, "Plan Width": 33, "Actual Startup Time": 41.054, "Actual Total Time": 41.054, "Actual Rows": 0, "Actual Loops": 1, "Inner Unique": true, "Hash Cond": "(ml.link_type_id = lt.id)", "Plans": [{"Node Type": "Nested Loop", "Parent Relationship": "Outer", "Join Type": "Inner", "Startup Cost": 4.51, "Total Cost": 2592.76, "Plan Rows": 154, "Plan Width": 25, "Actual Startup Time": 40.986, "Actual Total Time": 40.986, "Actual Rows": 0, "Actual Loops": 1, "Inner Unique": false, "Plans": [{"Node Type": "Nested Loop", "Parent Relationship": "Outer", "Join Type": "Inner", "Startup Cost": 4.51, "Total Cost": 2579.55, "Plan Rows": 33, "Plan Width": 25, "Actual Startup Time": 40.103, "Actual Total Time": 40.981, "Actual Rows": 1, "Actual Loops": 1, "Inner Unique": true, "Plans": [{"Node Type": "Nested Loop", "Parent Relationship": "Outer", "Join Type": "Inner", "Startup Cost": 4.51, "Total Cost": 2569.02, "Plan Rows": 33, "Plan Width": 4, "Actual Startup Time": 40.083, "Actual Total Time": 40.961, "Actual Rows": 1, "Actual Loops": 1, "Inner Unique": false, "Plans": [{"Node Type": "Seq Scan", "Parent Relationship": "Outer", "Relation Name": "keyword", "Alias": "k", "Startup Cost": 0.0, "Total Cost": 2436.11, "Plan Rows": 1, "Plan Width": 4, "Actual Startup Time": 40.037, "Actual Total Time": 40.913, "Actual Rows": 1, "Actual Loops": 1, "Filter": "((keyword)::text = '10,000-mile-club'::text)", "Rows Removed by Filter": 134168}, {"Node Type": "Bitmap Heap Scan", "Parent Relationship": "Inner", "Relation Name": "movie_keyword", "Alias": "mk", "Startup Cost": 4.51, "Total Cost": 132.58, "Plan Rows": 33, "Plan Width": 8, "Actual Startup Time": 0.035, "Actual Total Time": 0.035, "Actual Rows": 1, "Actual Loops": 1, "Recheck Cond": "(keyword_id = k.id)", "Rows Removed by Index Recheck": 0, "Exact Heap Blocks": 1, "Lossy Heap Blocks": 1, "Plans": [{"Node Type": "Bitmap Index Scan", "Parent Relationship": "Outer", "Index Name": "keyword_id_movie_keyword", "Startup Cost": 0.0, "Total Cost": 4.5, "Plan Rows": 33, "Plan Width": 0, "Actual Startup Time": 0.022, "Actual Total Time": 0.022, "Actual Rows": 1, "Actual Loops": 1, "Index Cond": "(keyword_id = k.id)"}]}]}, {"Node Type": "Index Scan", "Parent Relationship": "Inner", "Scan Direction": "Forward", "Index Name": "title_pkey", "Relation Name": "title", "Alias": "t1", "Startup Cost": 0.0, "Total Cost": 0.31, "Plan Rows": 1, "Plan Width": 21, "Actual Startup Time": 0.015, "Actual Total Time": 0.015, "Actual Rows": 1, "Actual Loops": 1, "Index Cond": "(id = mk.movie_id)", "Rows Removed by Index Recheck": 0}]}, {"Node Type": "Index Scan", "Parent Relationship": "Inner", "Scan Direction": "Forward", "Index Name": "movie_id_movie_link", "Relation Name": "movie_link", "Alias": "ml", "Startup Cost": 0.0, "Total Cost": 0.35, "Plan Rows": 5, "Plan Width": 12, "Actual Startup Time": 0.003, "Actual Total Time": 0.003, "Actual Rows": 0, "Actual Loops": 1, "Index Cond": "(movie_id = t1.id)", "Rows Removed by Index Recheck": 0}]}, {"Node Type": "Hash", "Parent Relationship": "Inner", "Startup Cost": 1.17, "Total Cost": 1.17, "Plan Rows": 17, "Plan Width": 16, "Actual Startup Time": 0.027, "Actual Total Time": 0.027, "Actual Rows": 17, "Actual Loops": 1, "Hash Buckets": 32768, "Hash Batches": 1, "Original Hash Batches": 1, "Peak Memory Usage": 1, "Plans": [{"Node Type": "Seq Scan", "Parent Relationship": "Outer", "Relation Name": "link_type", "Alias": "lt", "Startup Cost": 0.0, "Total Cost": 1.17, "Plan Rows": 17, "Plan Width": 16, "Actual Startup Time": 0.012, "Actual Total Time": 0.017, "Actual Rows": 17, "Actual Loops": 1}]}]}, {"Node Type": "Index Scan", "Parent Relationship": "Inner", "Scan Direction": "Forward", "Index Name": "title_pkey", "Relation Name": "title", "Alias": "t2", "Startup Cost": 0.0, "Total Cost": 4.3, "Plan Rows": 1, "Plan Width": 21, "Actual Startup Time": 0.0, "Actual Total Time": 0.0, "Index Cond": "(id = ml.linked_movie_id)", "Rows Removed by Index Recheck": 0}]}]}, "Triggers": [], "Planner Runtime": 19, "Total Runtime": 41.329, "Unique SQL Id": 524435555}}, "(16, 101)": {"explain_plan": {"Plan": {"Node Type": "Aggregate", "Strategy": "Plain", "Startup Cost": 4047.28, "Total Cost": 4047.29, "Plan Rows": 1, "Plan Width": 142, "Plans": [{"Node Type": "Nested Loop", "Parent Relationship": "Outer", "Join Type": "Inner", "Startup Cost": 4.51, "Total Cost": 4046.12, "Plan Rows": 154, "Plan Width": 46, "Inner Unique": true, "Plans": [{"Node Type": "Nested Loop", "Parent Relationship": "Outer", "Join Type": "Inner", "Startup Cost": 4.51, "Total Cost": 3382.55, "Plan Rows": 154, "Plan Width": 33, "Inner Unique": true, "Plans": [{"Node Type": "Nested Loop", "Parent Relationship": "Outer", "Join Type": "Inner", "Startup Cost": 4.51, "Total Cost": 3339.37, "Plan Rows": 154, "Plan Width": 25, "Inner Unique": false, "Plans": [{"Node Type": "Nested Loop", "Parent Relationship": "Outer", "Join Type": "Inner", "Startup Cost": 4.51, "Total Cost": 3326.15, "Plan Rows": 33, "Plan Width": 25, "Inner Unique": true, "Plans": [{"Node Type": "Nested Loop", "Parent Relationship": "Outer", "Join Type": "Inner", "Startup Cost": 4.51, "Total Cost": 3315.63, "Plan Rows": 33, "Plan Width": 4, "Inner Unique": false, "Plans": [{"Node Type": "Index Scan", "Parent Relationship": "Outer", "Scan Direction": "Forward", "Index Name": "keyword_pkey", "Relation Name": "keyword", "Alias": "k", "Startup Cost": 0.0, "Total Cost": 3182.72, "Plan Rows": 1, "Plan Width": 4, "Filter": "((keyword)::text = '10,000-mile-club'::text)"}, {"Node Type": "Bitmap Heap Scan", "Parent Relationship": "Inner", "Relation Name": "movie_keyword", "Alias": "mk", "Startup Cost": 4.51, "Total Cost": 132.58, "Plan Rows": 33, "Plan Width": 8, "Recheck Cond": "(keyword_id = k.id)", "Plans": [{"Node Type": "Bitmap Index Scan", "Parent Relationship": "Outer", "Index Name": "keyword_id_movie_keyword", "Startup Cost": 0.0, "Total Cost": 4.5, "Plan Rows": 33, "Plan Width": 0, "Index Cond": "(keyword_id = k.id)"}]}]}, {"Node Type": "Index Scan", "Parent Relationship": "Inner", "Scan Direction": "Forward", "Index Name": "title_pkey", "Relation Name": "title", "Alias": "t1", "Startup Cost": 0.0, "Total Cost": 0.31, "Plan Rows": 1, "Plan Width": 21, "Index Cond": "(id = mk.movie_id)"}]}, {"Node Type": "Index Scan", "Parent Relationship": "Inner", "Scan Direction": "Forward", "Index Name": "movie_id_movie_link", "Relation Name": "movie_link", "Alias": "ml", "Startup Cost": 0.0, "Total Cost": 0.35, "Plan Rows": 5, "Plan Width": 12, "Index Cond": "(movie_id = t1.id)"}]}, {"Node Type": "Index Scan", "Parent Relationship": "Inner", "Scan Direction": "Forward", "Index Name": "link_type_pkey", "Relation Name": "link_type", "Alias": "lt", "Startup Cost": 0.0, "Total Cost": 0.27, "Plan Rows": 1, "Plan Width": 16, "Index Cond": "(id = ml.link_type_id)"}]}, {"Node Type": "Index Scan", "Parent Relationship": "Inner", "Scan Direction": "Forward", "Index Name": "title_pkey", "Relation Name": "title", "Alias": "t2", "Startup Cost": 0.0, "Total Cost": 4.3, "Plan Rows": 1, "Plan Width": 21, "Index Cond": "(id = ml.linked_movie_id)"}]}]}, "Unique SQL Id": 524435555, "Planner Runtime": 16}, "explain_analyze_plan": {"Plan": {"Node Type": "Aggregate", "Strategy": "Plain", "Startup Cost": 4047.28, "Total Cost": 4047.29, "Plan Rows": 1, "Plan Width": 142, "Actual Startup Time": 114.966, "Actual Total Time": 114.966, "Actual Rows": 1, "Actual Loops": 1, "Plans": [{"Node Type": "Nested Loop", "Parent Relationship": "Outer", "Join Type": "Inner", "Startup Cost": 4.51, "Total Cost": 4046.12, "Plan Rows": 154, "Plan Width": 46, "Actual Startup Time": 114.961, "Actual Total Time": 114.961, "Actual Rows": 0, "Actual Loops": 1, "Inner Unique": true, "Plans": [{"Node Type": "Nested Loop", "Parent Relationship": "Outer", "Join Type": "Inner", "Startup Cost": 4.51, "Total Cost": 3382.55, "Plan Rows": 154, "Plan Width": 33, "Actual Startup Time": 114.959, "Actual Total Time": 114.959, "Actual Rows": 0, "Actual Loops": 1, "Inner Unique": true, "Plans": [{"Node Type": "Nested Loop", "Parent Relationship": "Outer", "Join Type": "Inner", "Startup Cost": 4.51, "Total Cost": 3339.37, "Plan Rows": 154, "Plan Width": 25, "Actual Startup Time": 114.959, "Actual Total Time": 114.959, "Actual Rows": 0, "Actual Loops": 1, "Inner Unique": false, "Plans": [{"Node Type": "Nested Loop", "Parent Relationship": "Outer", "Join Type": "Inner", "Startup Cost": 4.51, "Total Cost": 3326.15, "Plan Rows": 33, "Plan Width": 25, "Actual Startup Time": 113.082, "Actual Total Time": 114.952, "Actual Rows": 1, "Actual Loops": 1, "Inner Unique": true, "Plans": [{"Node Type": "Nested Loop", "Parent Relationship": "Outer", "Join Type": "Inner", "Startup Cost": 4.51, "Total Cost": 3315.63, "Plan Rows": 33, "Plan Width": 4, "Actual Startup Time": 113.064, "Actual Total Time": 114.934, "Actual Rows": 1, "Actual Loops": 1, "Inner Unique": false, "Plans": [{"Node Type": "Index Scan", "Parent Relationship": "Outer", "Scan Direction": "Forward", "Index Name": "keyword_pkey", "Relation Name": "keyword", "Alias": "k", "Startup Cost": 0.0, "Total Cost": 3182.72, "Plan Rows": 1, "Plan Width": 4, "Actual Startup Time": 113.017, "Actual Total Time": 114.885, "Actual Rows": 1, "Actual Loops": 1, "Filter": "((keyword)::text = '10,000-mile-club'::text)", "Rows Removed by Filter": 134168}, {"Node Type": "Bitmap Heap Scan", "Parent Relationship": "Inner", "Relation Name": "movie_keyword", "Alias": "mk", "Startup Cost": 4.51, "Total Cost": 132.58, "Plan Rows": 33, "Plan Width": 8, "Actual Startup Time": 0.031, "Actual Total Time": 0.031, "Actual Rows": 1, "Actual Loops": 1, "Recheck Cond": "(keyword_id = k.id)", "Rows Removed by Index Recheck": 0, "Exact Heap Blocks": 1, "Lossy Heap Blocks": 1, "Plans": [{"Node Type": "Bitmap Index Scan", "Parent Relationship": "Outer", "Index Name": "keyword_id_movie_keyword", "Startup Cost": 0.0, "Total Cost": 4.5, "Plan Rows": 33, "Plan Width": 0, "Actual Startup Time": 0.02, "Actual Total Time": 0.02, "Actual Rows": 1, "Actual Loops": 1, "Index Cond": "(keyword_id = k.id)"}]}]}, {"Node Type": "Index Scan", "Parent Relationship": "Inner", "Scan Direction": "Forward", "Index Name": "title_pkey", "Relation Name": "title", "Alias": "t1", "Startup Cost": 0.0, "Total Cost": 0.31, "Plan Rows": 1, "Plan Width": 21, "Actual Startup Time": 0.014, "Actual Total Time": 0.014, "Actual Rows": 1, "Actual Loops": 1, "Index Cond": "(id = mk.movie_id)", "Rows Removed by Index Recheck": 0}]}, {"Node Type": "Index Scan", "Parent Relationship": "Inner", "Scan Direction": "Forward", "Index Name": "movie_id_movie_link", "Relation Name": "movie_link", "Alias": "ml", "Startup Cost": 0.0, "Total Cost": 0.35, "Plan Rows": 5, "Plan Width": 12, "Actual Startup Time": 0.004, "Actual Total Time": 0.004, "Actual Rows": 0, "Actual Loops": 1, "Index Cond": "(movie_id = t1.id)", "Rows Removed by Index Recheck": 0}]}, {"Node Type": "Index Scan", "Parent Relationship": "Inner", "Scan Direction": "Forward", "Index Name": "link_type_pkey", "Relation Name": "link_type", "Alias": "lt", "Startup Cost": 0.0, "Total Cost": 0.27, "Plan Rows": 1, "Plan Width": 16, "Actual Startup Time": 0.0, "Actual Total Time": 0.0, "Index Cond": "(id = ml.link_type_id)", "Rows Removed by Index Recheck": 0}]}, {"Node Type": "Index Scan", "Parent Relationship": "Inner", "Scan Direction": "Forward", "Index Name": "title_pkey", "Relation Name": "title", "Alias": "t2", "Startup Cost": 0.0, "Total Cost": 4.3, "Plan Rows": 1, "Plan Width": 21, "Actual Startup Time": 0.0, "Actual Total Time": 0.0, "Index Cond": "(id = ml.linked_movie_id)", "Rows Removed by Index Recheck": 0}]}]}, "Triggers": [], "Planner Runtime": 3, "Total Runtime": 115.218, "Unique SQL Id": 524435555}}, "(16, 102)": {"explain_plan": {"Plan": {"Node Type": "Aggregate", "Strategy": "Plain", "Startup Cost": 3709.86, "Total Cost": 3709.87, "Plan Rows": 1, "Plan Width": 142, "Plans": [{"Node Type": "Nested Loop", "Parent Relationship": "Outer", "Join Type": "Inner", "Startup Cost": 7.93, "Total Cost": 3708.7, "Plan Rows": 154, "Plan Width": 46, "Inner Unique": true, "Plans": [{"Node Type": "Hash Join", "Parent Relationship": "Outer", "Join Type": "Inner", "Startup Cost": 6.44, "Total Cost": 2859.52, "Plan Rows": 154, "Plan Width": 33, "Inner Unique": true, "Hash Cond": "(ml.link_type_id = lt.id)", "Plans": [{"Node Type": "Nested Loop", "Parent Relationship": "Outer", "Join Type": "Inner", "Startup Cost": 5.06, "Total Cost": 2856.2, "Plan Rows": 154, "Plan Width": 25, "Inner Unique": false, "Join Filter": "(t1.id = ml.movie_id)", "Plans": [{"Node Type": "Nested Loop", "Parent Relationship": "Outer", "Join Type": "Inner", "Startup Cost": 4.77, "Total Cost": 2710.54, "Plan Rows": 33, "Plan Width": 25, "Inner Unique": true, "Plans": [{"Node Type": "Nested Loop", "Parent Relationship": "Outer", "Join Type": "Inner", "Startup Cost": 4.51, "Total Cost": 2569.02, "Plan Rows": 33, "Plan Width": 4, "Inner Unique": false, "Plans": [{"Node Type": "Seq Scan", "Parent Relationship": "Outer", "Relation Name": "keyword", "Alias": "k", "Startup Cost": 0.0, "Total Cost": 2436.11, "Plan Rows": 1, "Plan Width": 4, "Filter": "((keyword)::text = '10,000-mile-club'::text)"}, {"Node Type": "Bitmap Heap Scan", "Parent Relationship": "Inner", "Relation Name": "movie_keyword", "Alias": "mk", "Startup Cost": 4.51, "Total Cost": 132.58, "Plan Rows": 33, "Plan Width": 8, "Recheck Cond": "(keyword_id = k.id)", "Plans": [{"Node Type": "Bitmap Index Scan", "Parent Relationship": "Outer", "Index Name": "keyword_id_movie_keyword", "Startup Cost": 0.0, "Total Cost": 4.5, "Plan Rows": 33, "Plan Width": 0, "Index Cond": "(keyword_id = k.id)"}]}]}, {"Node Type": "Bitmap Heap Scan", "Parent Relationship": "Inner", "Relation Name": "title", "Alias": "t1", "Startup Cost": 0.27, "Total Cost": 4.28, "Plan Rows": 1, "Plan Width": 21, "Recheck Cond": "(id = mk.movie_id)", "Plans": [{"Node Type": "Bitmap Index Scan", "Parent Relationship": "Outer", "Index Name": "title_pkey", "Startup Cost": 0.0, "Total Cost": 0.27, "Plan Rows": 1, "Plan Width": 0, "Index Cond": "(id = mk.movie_id)"}]}]}, {"Node Type": "Bitmap Heap Scan", "Parent Relationship": "Inner", "Relation Name": "movie_link", "Alias": "ml", "Startup Cost": 0.29, "Total Cost": 4.35, "Plan Rows": 5, "Plan Width": 12, "Recheck Cond": "(movie_id = mk.movie_id)", "Plans": [{"Node Type": "Bitmap Index Scan", "Parent Relationship": "Outer", "Index Name": "movie_id_movie_link", "Startup Cost": 0.0, "Total Cost": 0.29, "Plan Rows": 5, "Plan Width": 0, "Index Cond": "(movie_id = mk.movie_id)"}]}]}, {"Node Type": "Hash", "Parent Relationship": "Inner", "Startup Cost": 1.17, "Total Cost": 1.17, "Plan Rows": 17, "Plan Width": 16, "Plans": [{"Node Type": "Seq Scan", "Parent Relationship": "Outer", "Relation Name": "link_type", "Alias": "lt", "Startup Cost": 0.0, "Total Cost": 1.17, "Plan Rows": 17, "Plan Width": 16}]}]}, {"Node Type": "Bitmap Heap Scan", "Parent Relationship": "Inner", "Relation Name": "title", "Alias": "t2", "Startup Cost": 1.49, "Total Cost": 5.5, "Plan Rows": 1, "Plan Width": 21, "Recheck Cond": "(id = ml.linked_movie_id)", "Plans": [{"Node Type": "Bitmap Index Scan", "Parent Relationship": "Outer", "Index Name": "title_pkey", "Startup Cost": 0.0, "Total Cost": 1.49, "Plan Rows": 1, "Plan Width": 0, "Index Cond": "(id = ml.linked_movie_id)"}]}]}]}, "Unique SQL Id": 524435555, "Planner Runtime": 20}, "explain_analyze_plan": {"Plan": {"Node Type": "Aggregate", "Strategy": "Plain", "Startup Cost": 3709.86, "Total Cost": 3709.87, "Plan Rows": 1, "Plan Width": 142, "Actual Startup Time": 40.855, "Actual Total Time": 40.856, "Actual Rows": 1, "Actual Loops": 1, "Plans": [{"Node Type": "Nested Loop", "Parent Relationship": "Outer", "Join Type": "Inner", "Startup Cost": 7.93, "Total Cost": 3708.7, "Plan Rows": 154, "Plan Width": 46, "Actual Startup Time": 40.849, "Actual Total Time": 40.849, "Actual Rows": 0, "Actual Loops": 1, "Inner Unique": true, "Plans": [{"Node Type": "Hash Join", "Parent Relationship": "Outer", "Join Type": "Inner", "Startup Cost": 6.44, "Total Cost": 2859.52, "Plan Rows": 154, "Plan Width": 33, "Actual Startup Time": 40.824, "Actual Total Time": 40.824, "Actual Rows": 0, "Actual Loops": 1, "Inner Unique": true, "Hash Cond": "(ml.link_type_id = lt.id)", "Plans": [{"Node Type": "Nested Loop", "Parent Relationship": "Outer", "Join Type": "Inner", "Startup Cost": 5.06, "Total Cost": 2856.2, "Plan Rows": 154, "Plan Width": 25, "Actual Startup Time": 40.752, "Actual Total Time": 40.752, "Actual Rows": 0, "Actual Loops": 1, "Inner Unique": false, "Join Filter": "(t1.id = ml.movie_id)", "Rows Removed by Join Filter": 0, "Plans": [{"Node Type": "Nested Loop", "Parent Relationship": "Outer", "Join Type": "Inner", "Startup Cost": 4.77, "Total Cost": 2710.54, "Plan Rows": 33, "Plan Width": 25, "Actual Startup Time": 39.861, "Actual Total Time": 40.74, "Actual Rows": 1, "Actual Loops": 1, "Inner Unique": true, "Plans": [{"Node Type": "Nested Loop", "Parent Relationship": "Outer", "Join Type": "Inner", "Startup Cost": 4.51, "Total Cost": 2569.02, "Plan Rows": 33, "Plan Width": 4, "Actual Startup Time": 39.842, "Actual Total Time": 40.72, "Actual Rows": 1, "Actual Loops": 1, "Inner Unique": false, "Plans": [{"Node Type": "Seq Scan", "Parent Relationship": "Outer", "Relation Name": "keyword", "Alias": "k", "Startup Cost": 0.0, "Total Cost": 2436.11, "Plan Rows": 1, "Plan Width": 4, "Actual Startup Time": 39.799, "Actual Total Time": 40.676, "Actual Rows": 1, "Actual Loops": 1, "Filter": "((keyword)::text = '10,000-mile-club'::text)", "Rows Removed by Filter": 134168}, {"Node Type": "Bitmap Heap Scan", "Parent Relationship": "Inner", "Relation Name": "movie_keyword", "Alias": "mk", "Startup Cost": 4.51, "Total Cost": 132.58, "Plan Rows": 33, "Plan Width": 8, "Actual Startup Time": 0.032, "Actual Total Time": 0.032, "Actual Rows": 1, "Actual Loops": 1, "Recheck Cond": "(keyword_id = k.id)", "Rows Removed by Index Recheck": 0, "Exact Heap Blocks": 1, "Lossy Heap Blocks": 1, "Plans": [{"Node Type": "Bitmap Index Scan", "Parent Relationship": "Outer", "Index Name": "keyword_id_movie_keyword", "Startup Cost": 0.0, "Total Cost": 4.5, "Plan Rows": 33, "Plan Width": 0, "Actual Startup Time": 0.021, "Actual Total Time": 0.021, "Actual Rows": 1, "Actual Loops": 1, "Index Cond": "(keyword_id = k.id)"}]}]}, {"Node Type": "Bitmap Heap Scan", "Parent Relationship": "Inner", "Relation Name": "title", "Alias": "t1", "Startup Cost": 0.27, "Total Cost": 4.28, "Plan Rows": 1, "Plan Width": 21, "Actual Startup Time": 0.013, "Actual Total Time": 0.013, "Actual Rows": 1, "Actual Loops": 1, "Recheck Cond": "(id = mk.movie_id)", "Rows Removed by Index Recheck": 0, "Exact Heap Blocks": 1, "Lossy Heap Blocks": 1, "Plans": [{"Node Type": "Bitmap Index Scan", "Parent Relationship": "Outer", "Index Name": "title_pkey", "Startup Cost": 0.0, "Total Cost": 0.27, "Plan Rows": 1, "Plan Width": 0, "Actual Startup Time": 0.008, "Actual Total Time": 0.008, "Actual Rows": 1, "Actual Loops": 1, "Index Cond": "(id = mk.movie_id)"}]}]}, {"Node Type": "Bitmap Heap Scan", "Parent Relationship": "Inner", "Relation Name": "movie_link", "Alias": "ml", "Startup Cost": 0.29, "Total Cost": 4.35, "Plan Rows": 5, "Plan Width": 12, "Actual Startup Time": 0.009, "Actual Total Time": 0.009, "Actual Rows": 0, "Actual Loops": 1, "Recheck Cond": "(movie_id = mk.movie_id)", "Rows Removed by Index Recheck": 0, "Exact Heap Blocks": 0, "Lossy Heap Blocks": 0, "Plans": [{"Node Type": "Bitmap Index Scan", "Parent Relationship": "Outer", "Index Name": "movie_id_movie_link", "Startup Cost": 0.0, "Total Cost": 0.29, "Plan Rows": 5, "Plan Width": 0, "Actual Startup Time": 0.005, "Actual Total Time": 0.005, "Actual Rows": 0, "Actual Loops": 1, "Index Cond": "(movie_id = mk.movie_id)"}]}]}, {"Node Type": "Hash", "Parent Relationship": "Inner", "Startup Cost": 1.17, "Total Cost": 1.17, "Plan Rows": 17, "Plan Width": 16, "Actual Startup Time": 0.031, "Actual Total Time": 0.031, "Actual Rows": 17, "Actual Loops": 1, "Hash Buckets": 32768, "Hash Batches": 1, "Original Hash Batches": 1, "Peak Memory Usage": 1, "Plans": [{"Node Type": "Seq Scan", "Parent Relationship": "Outer", "Relation Name": "link_type", "Alias": "lt", "Startup Cost": 0.0, "Total Cost": 1.17, "Plan Rows": 17, "Plan Width": 16, "Actual Startup Time": 0.013, "Actual Total Time": 0.021, "Actual Rows": 17, "Actual Loops": 1}]}]}, {"Node Type": "Bitmap Heap Scan", "Parent Relationship": "Inner", "Relation Name": "title", "Alias": "t2", "Startup Cost": 1.49, "Total Cost": 5.5, "Plan Rows": 1, "Plan Width": 21, "Actual Startup Time": 0.0, "Actual Total Time": 0.0, "Recheck Cond": "(id = ml.linked_movie_id)", "Rows Removed by Index Recheck": 0, "Exact Heap Blocks": 0, "Lossy Heap Blocks": 0, "Plans": [{"Node Type": "Bitmap Index Scan", "Parent Relationship": "Outer", "Index Name": "title_pkey", "Startup Cost": 0.0, "Total Cost": 1.49, "Plan Rows": 1, "Plan Width": 0, "Actual Startup Time": 0.0, "Actual Total Time": 0.0, "Index Cond": "(id = ml.linked_movie_id)"}]}]}]}, "Triggers": [], "Planner Runtime": 20, "Total Runtime": 41.114, "Unique SQL Id": 524435555}}, "(16, 103)": {"explain_plan": {"Plan": {"Node Type": "Aggregate", "Strategy": "Plain", "Startup Cost": 4440.29, "Total Cost": 4440.3, "Plan Rows": 1, "Plan Width": 142, "Plans": [{"Node Type": "Nested Loop", "Parent Relationship": "Outer", "Join Type": "Inner", "Startup Cost": 738.37, "Total Cost": 4439.14, "Plan Rows": 154, "Plan Width": 46, "Inner Unique": true, "Plans": [{"Node Type": "Hash Join", "Parent Relationship": "Outer", "Join Type": "Inner", "Startup Cost": 736.88, "Total Cost": 3589.96, "Plan Rows": 154, "Plan Width": 33, "Inner Unique": true, "Hash Cond": "(ml.link_type_id = lt.id)", "Plans": [{"Node Type": "Nested Loop", "Parent Relationship": "Outer", "Join Type": "Inner", "Startup Cost": 724.16, "Total Cost": 3575.3, "Plan Rows": 154, "Plan Width": 25, "Inner Unique": false, "Join Filter": "(t1.id = ml.movie_id)", "Plans": [{"Node Type": "Nested Loop", "Parent Relationship": "Outer", "Join Type": "Inner", "Startup Cost": 723.87, "Total Cost": 3429.64, "Plan Rows": 33, "Plan Width": 25, "Inner Unique": true, "Plans": [{"Node Type": "Nested Loop", "Parent Relationship": "Outer", "Join Type": "Inner", "Startup Cost": 723.6, "Total Cost": 3288.12, "Plan Rows": 33, "Plan Width": 4, "Inner Unique": false, "Plans": [{"Node Type": "Bitmap Heap Scan", "Parent Relationship": "Outer", "Relation Name": "keyword", "Alias": "k", "Startup Cost": 719.1, "Total Cost": 3155.21, "Plan Rows": 1, "Plan Width": 4, "Filter": "((keyword)::text = '10,000-mile-club'::text)", "Plans": [{"Node Type": "Bitmap Index Scan", "Parent Relationship": "Outer", "Index Name": "keyword_pkey", "Startup Cost": 0.0, "Total Cost": 719.1, "Plan Rows": 134169, "Plan Width": 0}]}, {"Node Type": "Bitmap Heap Scan", "Parent Relationship": "Inner", "Relation Name": "movie_keyword", "Alias": "mk", "Startup Cost": 4.51, "Total Cost": 132.58, "Plan Rows": 33, "Plan Width": 8, "Recheck Cond": "(keyword_id = k.id)", "Plans": [{"Node Type": "Bitmap Index Scan", "Parent Relationship": "Outer", "Index Name": "keyword_id_movie_keyword", "Startup Cost": 0.0, "Total Cost": 4.5, "Plan Rows": 33, "Plan Width": 0, "Index Cond": "(keyword_id = k.id)"}]}]}, {"Node Type": "Bitmap Heap Scan", "Parent Relationship": "Inner", "Relation Name": "title", "Alias": "t1", "Startup Cost": 0.27, "Total Cost": 4.28, "Plan Rows": 1, "Plan Width": 21, "Recheck Cond": "(id = mk.movie_id)", "Plans": [{"Node Type": "Bitmap Index Scan", "Parent Relationship": "Outer", "Index Name": "title_pkey", "Startup Cost": 0.0, "Total Cost": 0.27, "Plan Rows": 1, "Plan Width": 0, "Index Cond": "(id = mk.movie_id)"}]}]}, {"Node Type": "Bitmap Heap Scan", "Parent Relationship": "Inner", "Relation Name": "movie_link", "Alias": "ml", "Startup Cost": 0.29, "Total Cost": 4.35, "Plan Rows": 5, "Plan Width": 12, "Recheck Cond": "(movie_id = mk.movie_id)", "Plans": [{"Node Type": "Bitmap Index Scan", "Parent Relationship": "Outer", "Index Name": "movie_id_movie_link", "Startup Cost": 0.0, "Total Cost": 0.29, "Plan Rows": 5, "Plan Width": 0, "Index Cond": "(movie_id = mk.movie_id)"}]}]}, {"Node Type": "Hash", "Parent Relationship": "Inner", "Startup Cost": 12.51, "Total Cost": 12.51, "Plan Rows": 17, "Plan Width": 16, "Plans": [{"Node Type": "Bitmap Heap Scan", "Parent Relationship": "Outer", "Relation Name": "link_type", "Alias": "lt", "Startup Cost": 8.34, "Total Cost": 12.51, "Plan Rows": 17, "Plan Width": 16, "Plans": [{"Node Type": "Bitmap Index Scan", "Parent Relationship": "Outer", "Index Name": "link_type_pkey", "Startup Cost": 0.0, "Total Cost": 8.34, "Plan Rows": 17, "Plan Width": 0}]}]}]}, {"Node Type": "Bitmap Heap Scan", "Parent Relationship": "Inner", "Relation Name": "title", "Alias": "t2", "Startup Cost": 1.49, "Total Cost": 5.5, "Plan Rows": 1, "Plan Width": 21, "Recheck Cond": "(id = ml.linked_movie_id)", "Plans": [{"Node Type": "Bitmap Index Scan", "Parent Relationship": "Outer", "Index Name": "title_pkey", "Startup Cost": 0.0, "Total Cost": 1.49, "Plan Rows": 1, "Plan Width": 0, "Index Cond": "(id = ml.linked_movie_id)"}]}]}]}, "Unique SQL Id": 524435555, "Planner Runtime": 7}, "explain_analyze_plan": {"Plan": {"Node Type": "Aggregate", "Strategy": "Plain", "Startup Cost": 4440.29, "Total Cost": 4440.3, "Plan Rows": 1, "Plan Width": 142, "Actual Startup Time": 61.614, "Actual Total Time": 61.615, "Actual Rows": 1, "Actual Loops": 1, "Plans": [{"Node Type": "Nested Loop", "Parent Relationship": "Outer", "Join Type": "Inner", "Startup Cost": 738.37, "Total Cost": 4439.14, "Plan Rows": 154, "Plan Width": 46, "Actual Startup Time": 61.608, "Actual Total Time": 61.608, "Actual Rows": 0, "Actual Loops": 1, "Inner Unique": true, "Plans": [{"Node Type": "Hash Join", "Parent Relationship": "Outer", "Join Type": "Inner", "Startup Cost": 736.88, "Total Cost": 3589.96, "Plan Rows": 154, "Plan Width": 33, "Actual Startup Time": 61.584, "Actual Total Time": 61.584, "Actual Rows": 0, "Actual Loops": 1, "Inner Unique": true, "Hash Cond": "(ml.link_type_id = lt.id)", "Plans": [{"Node Type": "Nested Loop", "Parent Relationship": "Outer", "Join Type": "Inner", "Startup Cost": 724.16, "Total Cost": 3575.3, "Plan Rows": 154, "Plan Width": 25, "Actual Startup Time": 61.513, "Actual Total Time": 61.513, "Actual Rows": 0, "Actual Loops": 1, "Inner Unique": false, "Join Filter": "(t1.id = ml.movie_id)", "Rows Removed by Join Filter": 0, "Plans": [{"Node Type": "Nested Loop", "Parent Relationship": "Outer", "Join Type": "Inner", "Startup Cost": 723.87, "Total Cost": 3429.64, "Plan Rows": 33, "Plan Width": 25, "Actual Startup Time": 60.452, "Actual Total Time": 61.505, "Actual Rows": 1, "Actual Loops": 1, "Inner Unique": true, "Plans": [{"Node Type": "Nested Loop", "Parent Relationship": "Outer", "Join Type": "Inner", "Startup Cost": 723.6, "Total Cost": 3288.12, "Plan Rows": 33, "Plan Width": 4, "Actual Startup Time": 60.436, "Actual Total Time": 61.489, "Actual Rows": 1, "Actual Loops": 1, "Inner Unique": false, "Plans": [{"Node Type": "Bitmap Heap Scan", "Parent Relationship": "Outer", "Relation Name": "keyword", "Alias": "k", "Startup Cost": 719.1, "Total Cost": 3155.21, "Plan Rows": 1, "Plan Width": 4, "Actual Startup Time": 60.398, "Actual Total Time": 61.449, "Actual Rows": 1, "Actual Loops": 1, "Filter": "((keyword)::text = '10,000-mile-club'::text)", "Rows Removed by Filter": 134168, "Exact Heap Blocks": 759, "Lossy Heap Blocks": 759, "Plans": [{"Node Type": "Bitmap Index Scan", "Parent Relationship": "Outer", "Index Name": "keyword_pkey", "Startup Cost": 0.0, "Total Cost": 719.1, "Plan Rows": 134169, "Plan Width": 0, "Actual Startup Time": 11.375, "Actual Total Time": 11.375, "Actual Rows": 134169, "Actual Loops": 1}]}, {"Node Type": "Bitmap Heap Scan", "Parent Relationship": "Inner", "Relation Name": "movie_keyword", "Alias": "mk", "Startup Cost": 4.51, "Total Cost": 132.58, "Plan Rows": 33, "Plan Width": 8, "Actual Startup Time": 0.025, "Actual Total Time": 0.025, "Actual Rows": 1, "Actual Loops": 1, "Recheck Cond": "(keyword_id = k.id)", "Rows Removed by Index Recheck": 0, "Exact Heap Blocks": 1, "Lossy Heap Blocks": 1, "Plans": [{"Node Type": "Bitmap Index Scan", "Parent Relationship": "Outer", "Index Name": "keyword_id_movie_keyword", "Startup Cost": 0.0, "Total Cost": 4.5, "Plan Rows": 33, "Plan Width": 0, "Actual Startup Time": 0.017, "Actual Total Time": 0.017, "Actual Rows": 1, "Actual Loops": 1, "Index Cond": "(keyword_id = k.id)"}]}]}, {"Node Type": "Bitmap Heap Scan", "Parent Relationship": "Inner", "Relation Name": "title", "Alias": "t1", "Startup Cost": 0.27, "Total Cost": 4.28, "Plan Rows": 1, "Plan Width": 21, "Actual Startup Time": 0.012, "Actual Total Time": 0.012, "Actual Rows": 1, "Actual Loops": 1, "Recheck Cond": "(id = mk.movie_id)", "Rows Removed by Index Recheck": 0, "Exact Heap Blocks": 1, "Lossy Heap Blocks": 1, "Plans": [{"Node Type": "Bitmap Index Scan", "Parent Relationship": "Outer", "Index Name": "title_pkey", "Startup Cost": 0.0, "Total Cost": 0.27, "Plan Rows": 1, "Plan Width": 0, "Actual Startup Time": 0.008, "Actual Total Time": 0.008, "Actual Rows": 1, "Actual Loops": 1, "Index Cond": "(id = mk.movie_id)"}]}]}, {"Node Type": "Bitmap Heap Scan", "Parent Relationship": "Inner", "Relation Name": "movie_link", "Alias": "ml", "Startup Cost": 0.29, "Total Cost": 4.35, "Plan Rows": 5, "Plan Width": 12, "Actual Startup Time": 0.006, "Actual Total Time": 0.006, "Actual Rows": 0, "Actual Loops": 1, "Recheck Cond": "(movie_id = mk.movie_id)", "Rows Removed by Index Recheck": 0, "Exact Heap Blocks": 0, "Lossy Heap Blocks": 0, "Plans": [{"Node Type": "Bitmap Index Scan", "Parent Relationship": "Outer", "Index Name": "movie_id_movie_link", "Startup Cost": 0.0, "Total Cost": 0.29, "Plan Rows": 5, "Plan Width": 0, "Actual Startup Time": 0.003, "Actual Total Time": 0.003, "Actual Rows": 0, "Actual Loops": 1, "Index Cond": "(movie_id = mk.movie_id)"}]}]}, {"Node Type": "Hash", "Parent Relationship": "Inner", "Startup Cost": 12.51, "Total Cost": 12.51, "Plan Rows": 17, "Plan Width": 16, "Actual Startup Time": 0.032, "Actual Total Time": 0.032, "Actual Rows": 17, "Actual Loops": 1, "Hash Buckets": 32768, "Hash Batches": 1, "Original Hash Batches": 1, "Peak Memory Usage": 1, "Plans": [{"Node Type": "Bitmap Heap Scan", "Parent Relationship": "Outer", "Relation Name": "link_type", "Alias": "lt", "Startup Cost": 8.34, "Total Cost": 12.51, "Plan Rows": 17, "Plan Width": 16, "Actual Startup Time": 0.017, "Actual Total Time": 0.022, "Actual Rows": 17, "Actual Loops": 1, "Exact Heap Blocks": 1, "Lossy Heap Blocks": 1, "Plans": [{"Node Type": "Bitmap Index Scan", "Parent Relationship": "Outer", "Index Name": "link_type_pkey", "Startup Cost": 0.0, "Total Cost": 8.34, "Plan Rows": 17, "Plan Width": 0, "Actual Startup Time": 0.007, "Actual Total Time": 0.007, "Actual Rows": 17, "Actual Loops": 1}]}]}]}, {"Node Type": "Bitmap Heap Scan", "Parent Relationship": "Inner", "Relation Name": "title", "Alias": "t2", "Startup Cost": 1.49, "Total Cost": 5.5, "Plan Rows": 1, "Plan Width": 21, "Actual Startup Time": 0.0, "Actual Total Time": 0.0, "Recheck Cond": "(id = ml.linked_movie_id)", "Rows Removed by Index Recheck": 0, "Exact Heap Blocks": 0, "Lossy Heap Blocks": 0, "Plans": [{"Node Type": "Bitmap Index Scan", "Parent Relationship": "Outer", "Index Name": "title_pkey", "Startup Cost": 0.0, "Total Cost": 1.49, "Plan Rows": 1, "Plan Width": 0, "Actual Startup Time": 0.0, "Actual Total Time": 0.0, "Index Cond": "(id = ml.linked_movie_id)"}]}]}]}, "Triggers": [], "Planner Runtime": 7, "Total Runtime": 61.87, "Unique SQL Id": 524435555}}, "(16, 104)": {"explain_plan": {"Plan": {"Node Type": "Aggregate", "Strategy": "Plain", "Startup Cost": 3265.11, "Total Cost": 3265.12, "Plan Rows": 1, "Plan Width": 142, "Plans": [{"Node Type": "Nested Loop", "Parent Relationship": "Outer", "Join Type": "Inner", "Startup Cost": 1.38, "Total Cost": 3263.96, "Plan Rows": 154, "Plan Width": 46, "Inner Unique": true, "Plans": [{"Node Type": "Hash Join", "Parent Relationship": "Outer", "Join Type": "Inner", "Startup Cost": 1.38, "Total Cost": 2600.38, "Plan Rows": 154, "Plan Width": 33, "Inner Unique": true, "Hash Cond": "(ml.link_type_id = lt.id)", "Plans": [{"Node Type": "Nested Loop", "Parent Relationship": "Outer", "Join Type": "Inner", "Startup Cost": 0.0, "Total Cost": 2597.06, "Plan Rows": 154, "Plan Width": 25, "Inner Unique": false, "Plans": [{"Node Type": "Nested Loop", "Parent Relationship": "Outer", "Join Type": "Inner", "Startup Cost": 0.0, "Total Cost": 2583.84, "Plan Rows": 33, "Plan Width": 25, "Inner Unique": true, "Plans": [{"Node Type": "Nested Loop", "Parent Relationship": "Outer", "Join Type": "Inner", "Startup Cost": 0.0, "Total Cost": 2573.32, "Plan Rows": 33, "Plan Width": 4, "Inner Unique": false, "Plans": [{"Node Type": "Seq Scan", "Parent Relationship": "Outer", "Relation Name": "keyword", "Alias": "k", "Startup Cost": 0.0, "Total Cost": 2436.11, "Plan Rows": 1, "Plan Width": 4, "Filter": "((keyword)::text = '10,000-mile-club'::text)"}, {"Node Type": "Index Scan", "Parent Relationship": "Inner", "Scan Direction": "Forward", "Index Name": "keyword_id_movie_keyword", "Relation Name": "movie_keyword", "Alias": "mk", "Startup Cost": 0.0, "Total Cost": 136.88, "Plan Rows": 33, "Plan Width": 8, "Index Cond": "(keyword_id = k.id)"}]}, {"Node Type": "Index Scan", "Parent Relationship": "Inner", "Scan Direction": "Forward", "Index Name": "title_pkey", "Relation Name": "title", "Alias": "t1", "Startup Cost": 0.0, "Total Cost": 0.31, "Plan Rows": 1, "Plan Width": 21, "Index Cond": "(id = mk.movie_id)"}]}, {"Node Type": "Index Scan", "Parent Relationship": "Inner", "Scan Direction": "Forward", "Index Name": "movie_id_movie_link", "Relation Name": "movie_link", "Alias": "ml", "Startup Cost": 0.0, "Total Cost": 0.35, "Plan Rows": 5, "Plan Width": 12, "Index Cond": "(movie_id = t1.id)"}]}, {"Node Type": "Hash", "Parent Relationship": "Inner", "Startup Cost": 1.17, "Total Cost": 1.17, "Plan Rows": 17, "Plan Width": 16, "Plans": [{"Node Type": "Seq Scan", "Parent Relationship": "Outer", "Relation Name": "link_type", "Alias": "lt", "Startup Cost": 0.0, "Total Cost": 1.17, "Plan Rows": 17, "Plan Width": 16}]}]}, {"Node Type": "Index Scan", "Parent Relationship": "Inner", "Scan Direction": "Forward", "Index Name": "title_pkey", "Relation Name": "title", "Alias": "t2", "Startup Cost": 0.0, "Total Cost": 4.3, "Plan Rows": 1, "Plan Width": 21, "Index Cond": "(id = ml.linked_movie_id)"}]}]}, "Unique SQL Id": 524435555, "Planner Runtime": 19}, "explain_analyze_plan": {"Plan": {"Node Type": "Aggregate", "Strategy": "Plain", "Startup Cost": 3265.11, "Total Cost": 3265.12, "Plan Rows": 1, "Plan Width": 142, "Actual Startup Time": 40.785, "Actual Total Time": 40.786, "Actual Rows": 1, "Actual Loops": 1, "Plans": [{"Node Type": "Nested Loop", "Parent Relationship": "Outer", "Join Type": "Inner", "Startup Cost": 1.38, "Total Cost": 3263.96, "Plan Rows": 154, "Plan Width": 46, "Actual Startup Time": 40.779, "Actual Total Time": 40.779, "Actual Rows": 0, "Actual Loops": 1, "Inner Unique": true, "Plans": [{"Node Type": "Hash Join", "Parent Relationship": "Outer", "Join Type": "Inner", "Startup Cost": 1.38, "Total Cost": 2600.38, "Plan Rows": 154, "Plan Width": 33, "Actual Startup Time": 40.779, "Actual Total Time": 40.779, "Actual Rows": 0, "Actual Loops": 1, "Inner Unique": true, "Hash Cond": "(ml.link_type_id = lt.id)", "Plans": [{"Node Type": "Nested Loop", "Parent Relationship": "Outer", "Join Type": "Inner", "Startup Cost": 0.0, "Total Cost": 2597.06, "Plan Rows": 154, "Plan Width": 25, "Actual Startup Time": 40.774, "Actual Total Time": 40.774, "Actual Rows": 0, "Actual Loops": 1, "Inner Unique": false, "Plans": [{"Node Type": "Nested Loop", "Parent Relationship": "Outer", "Join Type": "Inner", "Startup Cost": 0.0, "Total Cost": 2583.84, "Plan Rows": 33, "Plan Width": 25, "Actual Startup Time": 39.89, "Actual Total Time": 40.769, "Actual Rows": 1, "Actual Loops": 1, "Inner Unique": true, "Plans": [{"Node Type": "Nested Loop", "Parent Relationship": "Outer", "Join Type": "Inner", "Startup Cost": 0.0, "Total Cost": 2573.32, "Plan Rows": 33, "Plan Width": 4, "Actual Startup Time": 39.876, "Actual Total Time": 40.753, "Actual Rows": 1, "Actual Loops": 1, "Inner Unique": false, "Plans": [{"Node Type": "Seq Scan", "Parent Relationship": "Outer", "Relation Name": "keyword", "Alias": "k", "Startup Cost": 0.0, "Total Cost": 2436.11, "Plan Rows": 1, "Plan Width": 4, "Actual Startup Time": 39.849, "Actual Total Time": 40.724, "Actual Rows": 1, "Actual Loops": 1, "Filter": "((keyword)::text = '10,000-mile-club'::text)", "Rows Removed by Filter": 134168}, {"Node Type": "Index Scan", "Parent Relationship": "Inner", "Scan Direction": "Forward", "Index Name": "keyword_id_movie_keyword", "Relation Name": "movie_keyword", "Alias": "mk", "Startup Cost": 0.0, "Total Cost": 136.88, "Plan Rows": 33, "Plan Width": 8, "Actual Startup Time": 0.02, "Actual Total Time": 0.021, "Actual Rows": 1, "Actual Loops": 1, "Index Cond": "(keyword_id = k.id)", "Rows Removed by Index Recheck": 0}]}, {"Node Type": "Index Scan", "Parent Relationship": "Inner", "Scan Direction": "Forward", "Index Name": "title_pkey", "Relation Name": "title", "Alias": "t1", "Startup Cost": 0.0, "Total Cost": 0.31, "Plan Rows": 1, "Plan Width": 21, "Actual Startup Time": 0.012, "Actual Total Time": 0.012, "Actual Rows": 1, "Actual Loops": 1, "Index Cond": "(id = mk.movie_id)", "Rows Removed by Index Recheck": 0}]}, {"Node Type": "Index Scan", "Parent Relationship": "Inner", "Scan Direction": "Forward", "Index Name": "movie_id_movie_link", "Relation Name": "movie_link", "Alias": "ml", "Startup Cost": 0.0, "Total Cost": 0.35, "Plan Rows": 5, "Plan Width": 12, "Actual Startup Time": 0.003, "Actual Total Time": 0.003, "Actual Rows": 0, "Actual Loops": 1, "Index Cond": "(movie_id = t1.id)", "Rows Removed by Index Recheck": 0}]}, {"Node Type": "Hash", "Parent Relationship": "Inner", "Startup Cost": 1.17, "Total Cost": 1.17, "Plan Rows": 17, "Plan Width": 16, "Actual Startup Time": 0.0, "Actual Total Time": 0.0, "Hash Buckets": 0, "Hash Batches": 0, "Original Hash Batches": 0, "Peak Memory Usage": 0, "Plans": [{"Node Type": "Seq Scan", "Parent Relationship": "Outer", "Relation Name": "link_type", "Alias": "lt", "Startup Cost": 0.0, "Total Cost": 1.17, "Plan Rows": 17, "Plan Width": 16, "Actual Startup Time": 0.0, "Actual Total Time": 0.0}]}]}, {"Node Type": "Index Scan", "Parent Relationship": "Inner", "Scan Direction": "Forward", "Index Name": "title_pkey", "Relation Name": "title", "Alias": "t2", "Startup Cost": 0.0, "Total Cost": 4.3, "Plan Rows": 1, "Plan Width": 21, "Actual Startup Time": 0.0, "Actual Total Time": 0.0, "Index Cond": "(id = ml.linked_movie_id)", "Rows Removed by Index Recheck": 0}]}]}, "Triggers": [], "Planner Runtime": 19, "Total Runtime": 41.015, "Unique SQL Id": 524435555}}, "(16, 105)": {"explain_plan": {"Plan": {"Node Type": "Aggregate", "Strategy": "Plain", "Startup Cost": 4051.57, "Total Cost": 4051.58, "Plan Rows": 1, "Plan Width": 142, "Plans": [{"Node Type": "Nested Loop", "Parent Relationship": "Outer", "Join Type": "Inner", "Startup Cost": 0.0, "Total Cost": 4050.42, "Plan Rows": 154, "Plan Width": 46, "Inner Unique": true, "Plans": [{"Node Type": "Nested Loop", "Parent Relationship": "Outer", "Join Type": "Inner", "Startup Cost": 0.0, "Total Cost": 3386.84, "Plan Rows": 154, "Plan Width": 33, "Inner Unique": true, "Plans": [{"Node Type": "Nested Loop", "Parent Relationship": "Outer", "Join Type": "Inner", "Startup Cost": 0.0, "Total Cost": 3343.66, "Plan Rows": 154, "Plan Width": 25, "Inner Unique": false, "Plans": [{"Node Type": "Nested Loop", "Parent Relationship": "Outer", "Join Type": "Inner", "Startup Cost": 0.0, "Total Cost": 3330.45, "Plan Rows": 33, "Plan Width": 25, "Inner Unique": true, "Plans": [{"Node Type": "Nested Loop", "Parent Relationship": "Outer", "Join Type": "Inner", "Startup Cost": 0.0, "Total Cost": 3319.92, "Plan Rows": 33, "Plan Width": 4, "Inner Unique": false, "Plans": [{"Node Type": "Index Scan", "Parent Relationship": "Outer", "Scan Direction": "Forward", "Index Name": "keyword_pkey", "Relation Name": "keyword", "Alias": "k", "Startup Cost": 0.0, "Total Cost": 3182.72, "Plan Rows": 1, "Plan Width": 4, "Filter": "((keyword)::text = '10,000-mile-club'::text)"}, {"Node Type": "Index Scan", "Parent Relationship": "Inner", "Scan Direction": "Forward", "Index Name": "keyword_id_movie_keyword", "Relation Name": "movie_keyword", "Alias": "mk", "Startup Cost": 0.0, "Total Cost": 136.88, "Plan Rows": 33, "Plan Width": 8, "Index Cond": "(keyword_id = k.id)"}]}, {"Node Type": "Index Scan", "Parent Relationship": "Inner", "Scan Direction": "Forward", "Index Name": "title_pkey", "Relation Name": "title", "Alias": "t1", "Startup Cost": 0.0, "Total Cost": 0.31, "Plan Rows": 1, "Plan Width": 21, "Index Cond": "(id = mk.movie_id)"}]}, {"Node Type": "Index Scan", "Parent Relationship": "Inner", "Scan Direction": "Forward", "Index Name": "movie_id_movie_link", "Relation Name": "movie_link", "Alias": "ml", "Startup Cost": 0.0, "Total Cost": 0.35, "Plan Rows": 5, "Plan Width": 12, "Index Cond": "(movie_id = t1.id)"}]}, {"Node Type": "Index Scan", "Parent Relationship": "Inner", "Scan Direction": "Forward", "Index Name": "link_type_pkey", "Relation Name": "link_type", "Alias": "lt", "Startup Cost": 0.0, "Total Cost": 0.27, "Plan Rows": 1, "Plan Width": 16, "Index Cond": "(id = ml.link_type_id)"}]}, {"Node Type": "Index Scan", "Parent Relationship": "Inner", "Scan Direction": "Forward", "Index Name": "title_pkey", "Relation Name": "title", "Alias": "t2", "Startup Cost": 0.0, "Total Cost": 4.3, "Plan Rows": 1, "Plan Width": 21, "Index Cond": "(id = ml.linked_movie_id)"}]}]}, "Unique SQL Id": 524435555, "Planner Runtime": 15}, "explain_analyze_plan": {"Plan": {"Node Type": "Aggregate", "Strategy": "Plain", "Startup Cost": 4051.57, "Total Cost": 4051.58, "Plan Rows": 1, "Plan Width": 142, "Actual Startup Time": 113.661, "Actual Total Time": 113.661, "Actual Rows": 1, "Actual Loops": 1, "Plans": [{"Node Type": "Nested Loop", "Parent Relationship": "Outer", "Join Type": "Inner", "Startup Cost": 0.0, "Total Cost": 4050.42, "Plan Rows": 154, "Plan Width": 46, "Actual Startup Time": 113.657, "Actual Total Time": 113.657, "Actual Rows": 0, "Actual Loops": 1, "Inner Unique": true, "Plans": [{"Node Type": "Nested Loop", "Parent Relationship": "Outer", "Join Type": "Inner", "Startup Cost": 0.0, "Total Cost": 3386.84, "Plan Rows": 154, "Plan Width": 33, "Actual Startup Time": 113.656, "Actual Total Time": 113.656, "Actual Rows": 0, "Actual Loops": 1, "Inner Unique": true, "Plans": [{"Node Type": "Nested Loop", "Parent Relationship": "Outer", "Join Type": "Inner", "Startup Cost": 0.0, "Total Cost": 3343.66, "Plan Rows": 154, "Plan Width": 25, "Actual Startup Time": 113.654, "Actual Total Time": 113.654, "Actual Rows": 0, "Actual Loops": 1, "Inner Unique": false, "Plans": [{"Node Type": "Nested Loop", "Parent Relationship": "Outer", "Join Type": "Inner", "Startup Cost": 0.0, "Total Cost": 3330.45, "Plan Rows": 33, "Plan Width": 25, "Actual Startup Time": 111.786, "Actual Total Time": 113.649, "Actual Rows": 1, "Actual Loops": 1, "Inner Unique": true, "Plans": [{"Node Type": "Nested Loop", "Parent Relationship": "Outer", "Join Type": "Inner", "Startup Cost": 0.0, "Total Cost": 3319.92, "Plan Rows": 33, "Plan Width": 4, "Actual Startup Time": 111.771, "Actual Total Time": 113.633, "Actual Rows": 1, "Actual Loops": 1, "Inner Unique": false, "Plans": [{"Node Type": "Index Scan", "Parent Relationship": "Outer", "Scan Direction": "Forward", "Index Name": "keyword_pkey", "Relation Name": "keyword", "Alias": "k", "Startup Cost": 0.0, "Total Cost": 3182.72, "Plan Rows": 1, "Plan Width": 4, "Actual Startup Time": 111.744, "Actual Total Time": 113.604, "Actual Rows": 1, "Actual Loops": 1, "Filter": "((keyword)::text = '10,000-mile-club'::text)", "Rows Removed by Filter": 134168}, {"Node Type": "Index Scan", "Parent Relationship": "Inner", "Scan Direction": "Forward", "Index Name": "keyword_id_movie_keyword", "Relation Name": "movie_keyword", "Alias": "mk", "Startup Cost": 0.0, "Total Cost": 136.88, "Plan Rows": 33, "Plan Width": 8, "Actual Startup Time": 0.017, "Actual Total Time": 0.017, "Actual Rows": 1, "Actual Loops": 1, "Index Cond": "(keyword_id = k.id)", "Rows Removed by Index Recheck": 0}]}, {"Node Type": "Index Scan", "Parent Relationship": "Inner", "Scan Direction": "Forward", "Index Name": "title_pkey", "Relation Name": "title", "Alias": "t1", "Startup Cost": 0.0, "Total Cost": 0.31, "Plan Rows": 1, "Plan Width": 21, "Actual Startup Time": 0.012, "Actual Total Time": 0.012, "Actual Rows": 1, "Actual Loops": 1, "Index Cond": "(id = mk.movie_id)", "Rows Removed by Index Recheck": 0}]}, {"Node Type": "Index Scan", "Parent Relationship": "Inner", "Scan Direction": "Forward", "Index Name": "movie_id_movie_link", "Relation Name": "movie_link", "Alias": "ml", "Startup Cost": 0.0, "Total Cost": 0.35, "Plan Rows": 5, "Plan Width": 12, "Actual Startup Time": 0.003, "Actual Total Time": 0.003, "Actual Rows": 0, "Actual Loops": 1, "Index Cond": "(movie_id = t1.id)", "Rows Removed by Index Recheck": 0}]}, {"Node Type": "Index Scan", "Parent Relationship": "Inner", "Scan Direction": "Forward", "Index Name": "link_type_pkey", "Relation Name": "link_type", "Alias": "lt", "Startup Cost": 0.0, "Total Cost": 0.27, "Plan Rows": 1, "Plan Width": 16, "Actual Startup Time": 0.0, "Actual Total Time": 0.0, "Index Cond": "(id = ml.link_type_id)", "Rows Removed by Index Recheck": 0}]}, {"Node Type": "Index Scan", "Parent Relationship": "Inner", "Scan Direction": "Forward", "Index Name": "title_pkey", "Relation Name": "title", "Alias": "t2", "Startup Cost": 0.0, "Total Cost": 4.3, "Plan Rows": 1, "Plan Width": 21, "Actual Startup Time": 0.0, "Actual Total Time": 0.0, "Index Cond": "(id = ml.linked_movie_id)", "Rows Removed by Index Recheck": 0}]}]}, "Triggers": [], "Planner Runtime": 3, "Total Runtime": 113.879, "Unique SQL Id": 524435555}}, "(16, 106)": {"explain_plan": {"Plan": {"Node Type": "Aggregate", "Strategy": "Plain", "Startup Cost": 106615.63, "Total Cost": 106615.66, "Plan Rows": 1, "Plan Width": 142, "Plans": [{"Node Type": "Streaming(type: LOCAL GATHER dop: 1/16)", "Parent Relationship": "Outer", "Startup Cost": 106615.63, "Total Cost": 106615.66, "Plan Rows": 1, "Plan Width": 142, "Plans": [{"Node Type": "Aggregate", "Strategy": "Plain", "Parent Relationship": "Outer", "Startup Cost": 106615.63, "Total Cost": 106615.64, "Plan Rows": 1, "Plan Width": 142, "Plans": [{"Node Type": "Hash Join", "Parent Relationship": "Outer", "Join Type": "Inner", "Startup Cost": 87267.48, "Total Cost": 106614.47, "Plan Rows": 154, "Plan Width": 46, "Inner Unique": false, "Hash Cond": "(t2.id = ml.linked_movie_id)", "Plans": [{"Node Type": "Seq Scan", "Parent Relationship": "Outer", "Relation Name": "title", "Alias": "t2", "Startup Cost": 0.0, "Total Cost": 18754.32, "Plan Rows": 2528311, "Plan Width": 21}, {"Node Type": "Hash", "Parent Relationship": "Inner", "Startup Cost": 87265.56, "Total Cost": 87265.56, "Plan Rows": 2464, "Plan Width": 33, "Plans": [{"Node Type": "Streaming(type: BROADCAST dop: 16/1)", "Parent Relationship": "Outer", "Startup Cost": 52856.75, "Total Cost": 87265.56, "Plan Rows": 2464, "Plan Width": 33, "Plans": [{"Node Type": "Hash Join", "Parent Relationship": "Outer", "Join Type": "Inner", "Startup Cost": 52856.75, "Total Cost": 72212.38, "Plan Rows": 154, "Plan Width": 33, "Inner Unique": true, "Hash Cond": "(ml.link_type_id = lt.id)", "Plans": [{"Node Type": "Hash Join", "Parent Relationship": "Outer", "Join Type": "Inner", "Startup Cost": 52855.37, "Total Cost": 72208.88, "Plan Rows": 154, "Plan Width": 25, "Inner Unique": false, "Hash Cond": "(t1.id = ml.movie_id)", "Plans": [{"Node Type": "Streaming(type: LOCAL GATHER dop: 1/16)", "Parent Relationship": "Outer", "Startup Cost": 52049.46, "Total Cost": 71397.08, "Plan Rows": 33, "Plan Width": 25, "Plans": [{"Node Type": "Hash Join", "Parent Relationship": "Outer", "Join Type": "Inner", "Startup Cost": 52049.46, "Total Cost": 71396.37, "Plan Rows": 33, "Plan Width": 25, "Inner Unique": false, "Hash Cond": "(t1.id = mk.movie_id)", "Plans": [{"Node Type": "Seq Scan", "Parent Relationship": "Outer", "Relation Name": "title", "Alias": "t1", "Startup Cost": 0.0, "Total Cost": 18754.32, "Plan Rows": 2528311, "Plan Width": 21}, {"Node Type": "Hash", "Parent Relationship": "Inner", "Startup Cost": 52049.04, "Total Cost": 52049.04, "Plan Rows": 528, "Plan Width": 4, "Plans": [{"Node Type": "Streaming(type: BROADCAST dop: 16/16)", "Parent Relationship": "Outer", "Startup Cost": 17436.47, "Total Cost": 52049.04, "Plan Rows": 528, "Plan Width": 4, "Plans": [{"Node Type": "Hash Join", "Parent Relationship": "Outer", "Join Type": "Inner", "Startup Cost": 17436.47, "Total Cost": 37047.7, "Plan Rows": 33, "Plan Width": 4, "Inner Unique": true, "Hash Cond": "(mk.keyword_id = k.id)", "Plans": [{"Node Type": "Seq Scan", "Parent Relationship": "Outer", "Relation Name": "movie_keyword", "Alias": "mk", "Startup Cost": 0.0, "Total Cost": 18902.58, "Plan Rows": 4523929, "Plan Width": 8}, {"Node Type": "Hash", "Parent Relationship": "Inner", "Startup Cost": 17436.46, "Total Cost": 17436.46, "Plan Rows": 16, "Plan Width": 4, "Plans": [{"Node Type": "Streaming(type: BROADCAST dop: 16/1)", "Parent Relationship": "Outer", "Startup Cost": 0.0, "Total Cost": 17436.46, "Plan Rows": 16, "Plan Width": 4, "Plans": [{"Node Type": "Seq Scan", "Parent Relationship": "Outer", "Relation Name": "keyword", "Alias": "k", "Startup Cost": 0.0, "Total Cost": 2436.11, "Plan Rows": 1, "Plan Width": 4, "Filter": "((keyword)::text = '10,000-mile-club'::text)"}]}]}]}]}]}]}]}, {"Node Type": "Hash", "Parent Relationship": "Inner", "Startup Cost": 430.96, "Total Cost": 430.96, "Plan Rows": 29996, "Plan Width": 12, "Plans": [{"Node Type": "Seq Scan", "Parent Relationship": "Outer", "Relation Name": "movie_link", "Alias": "ml", "Startup Cost": 0.0, "Total Cost": 430.96, "Plan Rows": 29996, "Plan Width": 12}]}]}, {"Node Type": "Hash", "Parent Relationship": "Inner", "Startup Cost": 1.17, "Total Cost": 1.17, "Plan Rows": 17, "Plan Width": 16, "Plans": [{"Node Type": "Seq Scan", "Parent Relationship": "Outer", "Relation Name": "link_type", "Alias": "lt", "Startup Cost": 0.0, "Total Cost": 1.17, "Plan Rows": 17, "Plan Width": 16}]}]}]}]}]}]}]}]}, "Unique SQL Id": 524435555, "Planner Runtime": 31}, "explain_analyze_plan": null}, "(16, 107)": {"explain_plan": {"Plan": {"Node Type": "Aggregate", "Strategy": "Plain", "Startup Cost": 6000022526696.47, "Total Cost": 6000022526696.48, "Plan Rows": 1, "Plan Width": 142, "Plans": [{"Node Type": "Hash Join", "Parent Relationship": "Outer", "Join Type": "Inner", "Startup Cost": 4020022195138.15, "Total Cost": 6000022526695.31, "Plan Rows": 154, "Plan Width": 46, "Inner Unique": true, "Hash Cond": "(ml.linked_movie_id = t2.id)", "Plans": [{"Node Type": "Hash Join", "Parent Relationship": "Outer", "Join Type": "Inner", "Startup Cost": 3020011151485.34, "Total Cost": 5000011483040.39, "Plan Rows": 154, "Plan Width": 33, "Inner Unique": true, "Hash Cond": "(mk.movie_id = t1.id)", "Plans": [{"Node Type": "Hash Join", "Parent Relationship": "Outer", "Join Type": "Inner", "Startup Cost": 2020000107832.54, "Total Cost": 4000000439385.47, "Plan Rows": 154, "Plan Width": 24, "Inner Unique": true, "Hash Cond": "(ml.link_type_id = lt.id)", "Plans": [{"Node Type": "Hash Join", "Parent Relationship": "Outer", "Join Type": "Inner", "Startup Cost": 1020000106581.83, "Total Cost": 3000000438132.64, "Plan Rows": 154, "Plan Width": 16, "Inner Unique": false, "Hash Cond": "(mk.movie_id = ml.movie_id)", "Plans": [{"Node Type": "Nested Loop", "Parent Relationship": "Outer", "Join Type": "Inner", "Startup Cost": 20000000004.51, "Total Cost": 2000000331530.23, "Plan Rows": 33, "Plan Width": 4, "Inner Unique": false, "Plans": [{"Node Type": "Index Scan", "Parent Relationship": "Outer", "Scan Direction": "Forward", "Index Name": "keyword_pkey", "Relation Name": "keyword", "Alias": "k", "Startup Cost": 10000000000.0, "Total Cost": 1000000318271.68, "Plan Rows": 1, "Plan Width": 4, "Filter": "((keyword)::text = '10,000-mile-club'::text)"}, {"Node Type": "Bitmap Heap Scan", "Parent Relationship": "Inner", "Relation Name": "movie_keyword", "Alias": "mk", "Startup Cost": 10000000004.51, "Total Cost": 1000000013258.21, "Plan Rows": 33, "Plan Width": 8, "Recheck Cond": "(keyword_id = k.id)", "Plans": [{"Node Type": "Bitmap Index Scan", "Parent Relationship": "Outer", "Index Name": "keyword_id_movie_keyword", "Startup Cost": 0.0, "Total Cost": 4.5, "Plan Rows": 33, "Plan Width": 0, "Index Cond": "(keyword_id = k.id)"}]}]}, {"Node Type": "Hash", "Parent Relationship": "Inner", "Startup Cost": 1000000106202.37, "Total Cost": 1000000106202.37, "Plan Rows": 29996, "Plan Width": 12, "Plans": [{"Node Type": "Index Scan", "Parent Relationship": "Outer", "Scan Direction": "Forward", "Index Name": "movie_id_movie_link", "Relation Name": "movie_link", "Alias": "ml", "Startup Cost": 10000000000.0, "Total Cost": 1000000106202.37, "Plan Rows": 29996, "Plan Width": 12}]}]}, {"Node Type": "Hash", "Parent Relationship": "Inner", "Startup Cost": 1000000001250.5, "Total Cost": 1000000001250.5, "Plan Rows": 17, "Plan Width": 16, "Plans": [{"Node Type": "Index Scan", "Parent Relationship": "Outer", "Scan Direction": "Forward", "Index Name": "link_type_pkey", "Relation Name": "link_type", "Alias": "lt", "Startup Cost": 10000000000.0, "Total Cost": 1000000001250.5, "Plan Rows": 17, "Plan Width": 16}]}]}, {"Node Type": "Hash", "Parent Relationship": "Inner", "Startup Cost": 1000011012048.91, "Total Cost": 1000011012048.91, "Plan Rows": 2528311, "Plan Width": 21, "Plans": [{"Node Type": "Index Scan", "Parent Relationship": "Outer", "Scan Direction": "Forward", "Index Name": "title_pkey", "Relation Name": "title", "Alias": "t1", "Startup Cost": 10000000000.0, "Total Cost": 1000011012048.91, "Plan Rows": 2528311, "Plan Width": 21}]}]}, {"Node Type": "Hash", "Parent Relationship": "Inner", "Startup Cost": 1000011012048.91, "Total Cost": 1000011012048.91, "Plan Rows": 2528311, "Plan Width": 21, "Plans": [{"Node Type": "Index Scan", "Parent Relationship": "Outer", "Scan Direction": "Forward", "Index Name": "title_pkey", "Relation Name": "title", "Alias": "t2", "Startup Cost": 10000000000.0, "Total Cost": 1000011012048.91, "Plan Rows": 2528311, "Plan Width": 21}]}]}]}, "Unique SQL Id": 524435555, "Planner Runtime": 11}, "explain_analyze_plan": null}, "(16, 108)": {"explain_plan": {"Plan": {"Node Type": "Aggregate", "Strategy": "Plain", "Startup Cost": 3265.11, "Total Cost": 3265.12, "Plan Rows": 1, "Plan Width": 142, "Plans": [{"Node Type": "Nested Loop", "Parent Relationship": "Outer", "Join Type": "Inner", "Startup Cost": 1.38, "Total Cost": 3263.96, "Plan Rows": 154, "Plan Width": 46, "Inner Unique": true, "Plans": [{"Node Type": "Hash Join", "Parent Relationship": "Outer", "Join Type": "Inner", "Startup Cost": 1.38, "Total Cost": 2600.38, "Plan Rows": 154, "Plan Width": 33, "Inner Unique": true, "Hash Cond": "(ml.link_type_id = lt.id)", "Plans": [{"Node Type": "Nested Loop", "Parent Relationship": "Outer", "Join Type": "Inner", "Startup Cost": 0.0, "Total Cost": 2597.06, "Plan Rows": 154, "Plan Width": 25, "Inner Unique": false, "Plans": [{"Node Type": "Nested Loop", "Parent Relationship": "Outer", "Join Type": "Inner", "Startup Cost": 0.0, "Total Cost": 2583.84, "Plan Rows": 33, "Plan Width": 25, "Inner Unique": true, "Plans": [{"Node Type": "Nested Loop", "Parent Relationship": "Outer", "Join Type": "Inner", "Startup Cost": 0.0, "Total Cost": 2573.32, "Plan Rows": 33, "Plan Width": 4, "Inner Unique": false, "Plans": [{"Node Type": "Seq Scan", "Parent Relationship": "Outer", "Relation Name": "keyword", "Alias": "k", "Startup Cost": 0.0, "Total Cost": 2436.11, "Plan Rows": 1, "Plan Width": 4, "Filter": "((keyword)::text = '10,000-mile-club'::text)"}, {"Node Type": "Index Scan", "Parent Relationship": "Inner", "Scan Direction": "Forward", "Index Name": "keyword_id_movie_keyword", "Relation Name": "movie_keyword", "Alias": "mk", "Startup Cost": 0.0, "Total Cost": 136.88, "Plan Rows": 33, "Plan Width": 8, "Index Cond": "(keyword_id = k.id)"}]}, {"Node Type": "Index Scan", "Parent Relationship": "Inner", "Scan Direction": "Forward", "Index Name": "title_pkey", "Relation Name": "title", "Alias": "t1", "Startup Cost": 0.0, "Total Cost": 0.31, "Plan Rows": 1, "Plan Width": 21, "Index Cond": "(id = mk.movie_id)"}]}, {"Node Type": "Index Scan", "Parent Relationship": "Inner", "Scan Direction": "Forward", "Index Name": "movie_id_movie_link", "Relation Name": "movie_link", "Alias": "ml", "Startup Cost": 0.0, "Total Cost": 0.35, "Plan Rows": 5, "Plan Width": 12, "Index Cond": "(movie_id = t1.id)"}]}, {"Node Type": "Hash", "Parent Relationship": "Inner", "Startup Cost": 1.17, "Total Cost": 1.17, "Plan Rows": 17, "Plan Width": 16, "Plans": [{"Node Type": "Seq Scan", "Parent Relationship": "Outer", "Relation Name": "link_type", "Alias": "lt", "Startup Cost": 0.0, "Total Cost": 1.17, "Plan Rows": 17, "Plan Width": 16}]}]}, {"Node Type": "Index Scan", "Parent Relationship": "Inner", "Scan Direction": "Forward", "Index Name": "title_pkey", "Relation Name": "title", "Alias": "t2", "Startup Cost": 0.0, "Total Cost": 4.3, "Plan Rows": 1, "Plan Width": 21, "Index Cond": "(id = ml.linked_movie_id)"}]}]}, "Unique SQL Id": 524435555, "Planner Runtime": 19}, "explain_analyze_plan": {"Plan": {"Node Type": "Aggregate", "Strategy": "Plain", "Startup Cost": 3265.11, "Total Cost": 3265.12, "Plan Rows": 1, "Plan Width": 142, "Actual Startup Time": 40.785, "Actual Total Time": 40.786, "Actual Rows": 1, "Actual Loops": 1, "Plans": [{"Node Type": "Nested Loop", "Parent Relationship": "Outer", "Join Type": "Inner", "Startup Cost": 1.38, "Total Cost": 3263.96, "Plan Rows": 154, "Plan Width": 46, "Actual Startup Time": 40.779, "Actual Total Time": 40.779, "Actual Rows": 0, "Actual Loops": 1, "Inner Unique": true, "Plans": [{"Node Type": "Hash Join", "Parent Relationship": "Outer", "Join Type": "Inner", "Startup Cost": 1.38, "Total Cost": 2600.38, "Plan Rows": 154, "Plan Width": 33, "Actual Startup Time": 40.779, "Actual Total Time": 40.779, "Actual Rows": 0, "Actual Loops": 1, "Inner Unique": true, "Hash Cond": "(ml.link_type_id = lt.id)", "Plans": [{"Node Type": "Nested Loop", "Parent Relationship": "Outer", "Join Type": "Inner", "Startup Cost": 0.0, "Total Cost": 2597.06, "Plan Rows": 154, "Plan Width": 25, "Actual Startup Time": 40.774, "Actual Total Time": 40.774, "Actual Rows": 0, "Actual Loops": 1, "Inner Unique": false, "Plans": [{"Node Type": "Nested Loop", "Parent Relationship": "Outer", "Join Type": "Inner", "Startup Cost": 0.0, "Total Cost": 2583.84, "Plan Rows": 33, "Plan Width": 25, "Actual Startup Time": 39.89, "Actual Total Time": 40.769, "Actual Rows": 1, "Actual Loops": 1, "Inner Unique": true, "Plans": [{"Node Type": "Nested Loop", "Parent Relationship": "Outer", "Join Type": "Inner", "Startup Cost": 0.0, "Total Cost": 2573.32, "Plan Rows": 33, "Plan Width": 4, "Actual Startup Time": 39.876, "Actual Total Time": 40.753, "Actual Rows": 1, "Actual Loops": 1, "Inner Unique": false, "Plans": [{"Node Type": "Seq Scan", "Parent Relationship": "Outer", "Relation Name": "keyword", "Alias": "k", "Startup Cost": 0.0, "Total Cost": 2436.11, "Plan Rows": 1, "Plan Width": 4, "Actual Startup Time": 39.849, "Actual Total Time": 40.724, "Actual Rows": 1, "Actual Loops": 1, "Filter": "((keyword)::text = '10,000-mile-club'::text)", "Rows Removed by Filter": 134168}, {"Node Type": "Index Scan", "Parent Relationship": "Inner", "Scan Direction": "Forward", "Index Name": "keyword_id_movie_keyword", "Relation Name": "movie_keyword", "Alias": "mk", "Startup Cost": 0.0, "Total Cost": 136.88, "Plan Rows": 33, "Plan Width": 8, "Actual Startup Time": 0.02, "Actual Total Time": 0.021, "Actual Rows": 1, "Actual Loops": 1, "Index Cond": "(keyword_id = k.id)", "Rows Removed by Index Recheck": 0}]}, {"Node Type": "Index Scan", "Parent Relationship": "Inner", "Scan Direction": "Forward", "Index Name": "title_pkey", "Relation Name": "title", "Alias": "t1", "Startup Cost": 0.0, "Total Cost": 0.31, "Plan Rows": 1, "Plan Width": 21, "Actual Startup Time": 0.012, "Actual Total Time": 0.012, "Actual Rows": 1, "Actual Loops": 1, "Index Cond": "(id = mk.movie_id)", "Rows Removed by Index Recheck": 0}]}, {"Node Type": "Index Scan", "Parent Relationship": "Inner", "Scan Direction": "Forward", "Index Name": "movie_id_movie_link", "Relation Name": "movie_link", "Alias": "ml", "Startup Cost": 0.0, "Total Cost": 0.35, "Plan Rows": 5, "Plan Width": 12, "Actual Startup Time": 0.003, "Actual Total Time": 0.003, "Actual Rows": 0, "Actual Loops": 1, "Index Cond": "(movie_id = t1.id)", "Rows Removed by Index Recheck": 0}]}, {"Node Type": "Hash", "Parent Relationship": "Inner", "Startup Cost": 1.17, "Total Cost": 1.17, "Plan Rows": 17, "Plan Width": 16, "Actual Startup Time": 0.0, "Actual Total Time": 0.0, "Hash Buckets": 0, "Hash Batches": 0, "Original Hash Batches": 0, "Peak Memory Usage": 0, "Plans": [{"Node Type": "Seq Scan", "Parent Relationship": "Outer", "Relation Name": "link_type", "Alias": "lt", "Startup Cost": 0.0, "Total Cost": 1.17, "Plan Rows": 17, "Plan Width": 16, "Actual Startup Time": 0.0, "Actual Total Time": 0.0}]}]}, {"Node Type": "Index Scan", "Parent Relationship": "Inner", "Scan Direction": "Forward", "Index Name": "title_pkey", "Relation Name": "title", "Alias": "t2", "Startup Cost": 0.0, "Total Cost": 4.3, "Plan Rows": 1, "Plan Width": 21, "Actual Startup Time": 0.0, "Actual Total Time": 0.0, "Index Cond": "(id = ml.linked_movie_id)", "Rows Removed by Index Recheck": 0}]}]}, "Triggers": [], "Planner Runtime": 19, "Total Runtime": 41.015, "Unique SQL Id": 524435555}}, "(16, 109)": {"explain_plan": {"Plan": {"Node Type": "Aggregate", "Strategy": "Plain", "Startup Cost": 4051.57, "Total Cost": 4051.58, "Plan Rows": 1, "Plan Width": 142, "Plans": [{"Node Type": "Nested Loop", "Parent Relationship": "Outer", "Join Type": "Inner", "Startup Cost": 0.0, "Total Cost": 4050.42, "Plan Rows": 154, "Plan Width": 46, "Inner Unique": true, "Plans": [{"Node Type": "Nested Loop", "Parent Relationship": "Outer", "Join Type": "Inner", "Startup Cost": 0.0, "Total Cost": 3386.84, "Plan Rows": 154, "Plan Width": 33, "Inner Unique": true, "Plans": [{"Node Type": "Nested Loop", "Parent Relationship": "Outer", "Join Type": "Inner", "Startup Cost": 0.0, "Total Cost": 3343.66, "Plan Rows": 154, "Plan Width": 25, "Inner Unique": false, "Plans": [{"Node Type": "Nested Loop", "Parent Relationship": "Outer", "Join Type": "Inner", "Startup Cost": 0.0, "Total Cost": 3330.45, "Plan Rows": 33, "Plan Width": 25, "Inner Unique": true, "Plans": [{"Node Type": "Nested Loop", "Parent Relationship": "Outer", "Join Type": "Inner", "Startup Cost": 0.0, "Total Cost": 3319.92, "Plan Rows": 33, "Plan Width": 4, "Inner Unique": false, "Plans": [{"Node Type": "Index Scan", "Parent Relationship": "Outer", "Scan Direction": "Forward", "Index Name": "keyword_pkey", "Relation Name": "keyword", "Alias": "k", "Startup Cost": 0.0, "Total Cost": 3182.72, "Plan Rows": 1, "Plan Width": 4, "Filter": "((keyword)::text = '10,000-mile-club'::text)"}, {"Node Type": "Index Scan", "Parent Relationship": "Inner", "Scan Direction": "Forward", "Index Name": "keyword_id_movie_keyword", "Relation Name": "movie_keyword", "Alias": "mk", "Startup Cost": 0.0, "Total Cost": 136.88, "Plan Rows": 33, "Plan Width": 8, "Index Cond": "(keyword_id = k.id)"}]}, {"Node Type": "Index Scan", "Parent Relationship": "Inner", "Scan Direction": "Forward", "Index Name": "title_pkey", "Relation Name": "title", "Alias": "t1", "Startup Cost": 0.0, "Total Cost": 0.31, "Plan Rows": 1, "Plan Width": 21, "Index Cond": "(id = mk.movie_id)"}]}, {"Node Type": "Index Scan", "Parent Relationship": "Inner", "Scan Direction": "Forward", "Index Name": "movie_id_movie_link", "Relation Name": "movie_link", "Alias": "ml", "Startup Cost": 0.0, "Total Cost": 0.35, "Plan Rows": 5, "Plan Width": 12, "Index Cond": "(movie_id = t1.id)"}]}, {"Node Type": "Index Scan", "Parent Relationship": "Inner", "Scan Direction": "Forward", "Index Name": "link_type_pkey", "Relation Name": "link_type", "Alias": "lt", "Startup Cost": 0.0, "Total Cost": 0.27, "Plan Rows": 1, "Plan Width": 16, "Index Cond": "(id = ml.link_type_id)"}]}, {"Node Type": "Index Scan", "Parent Relationship": "Inner", "Scan Direction": "Forward", "Index Name": "title_pkey", "Relation Name": "title", "Alias": "t2", "Startup Cost": 0.0, "Total Cost": 4.3, "Plan Rows": 1, "Plan Width": 21, "Index Cond": "(id = ml.linked_movie_id)"}]}]}, "Unique SQL Id": 524435555, "Planner Runtime": 15}, "explain_analyze_plan": {"Plan": {"Node Type": "Aggregate", "Strategy": "Plain", "Startup Cost": 4051.57, "Total Cost": 4051.58, "Plan Rows": 1, "Plan Width": 142, "Actual Startup Time": 113.661, "Actual Total Time": 113.661, "Actual Rows": 1, "Actual Loops": 1, "Plans": [{"Node Type": "Nested Loop", "Parent Relationship": "Outer", "Join Type": "Inner", "Startup Cost": 0.0, "Total Cost": 4050.42, "Plan Rows": 154, "Plan Width": 46, "Actual Startup Time": 113.657, "Actual Total Time": 113.657, "Actual Rows": 0, "Actual Loops": 1, "Inner Unique": true, "Plans": [{"Node Type": "Nested Loop", "Parent Relationship": "Outer", "Join Type": "Inner", "Startup Cost": 0.0, "Total Cost": 3386.84, "Plan Rows": 154, "Plan Width": 33, "Actual Startup Time": 113.656, "Actual Total Time": 113.656, "Actual Rows": 0, "Actual Loops": 1, "Inner Unique": true, "Plans": [{"Node Type": "Nested Loop", "Parent Relationship": "Outer", "Join Type": "Inner", "Startup Cost": 0.0, "Total Cost": 3343.66, "Plan Rows": 154, "Plan Width": 25, "Actual Startup Time": 113.654, "Actual Total Time": 113.654, "Actual Rows": 0, "Actual Loops": 1, "Inner Unique": false, "Plans": [{"Node Type": "Nested Loop", "Parent Relationship": "Outer", "Join Type": "Inner", "Startup Cost": 0.0, "Total Cost": 3330.45, "Plan Rows": 33, "Plan Width": 25, "Actual Startup Time": 111.786, "Actual Total Time": 113.649, "Actual Rows": 1, "Actual Loops": 1, "Inner Unique": true, "Plans": [{"Node Type": "Nested Loop", "Parent Relationship": "Outer", "Join Type": "Inner", "Startup Cost": 0.0, "Total Cost": 3319.92, "Plan Rows": 33, "Plan Width": 4, "Actual Startup Time": 111.771, "Actual Total Time": 113.633, "Actual Rows": 1, "Actual Loops": 1, "Inner Unique": false, "Plans": [{"Node Type": "Index Scan", "Parent Relationship": "Outer", "Scan Direction": "Forward", "Index Name": "keyword_pkey", "Relation Name": "keyword", "Alias": "k", "Startup Cost": 0.0, "Total Cost": 3182.72, "Plan Rows": 1, "Plan Width": 4, "Actual Startup Time": 111.744, "Actual Total Time": 113.604, "Actual Rows": 1, "Actual Loops": 1, "Filter": "((keyword)::text = '10,000-mile-club'::text)", "Rows Removed by Filter": 134168}, {"Node Type": "Index Scan", "Parent Relationship": "Inner", "Scan Direction": "Forward", "Index Name": "keyword_id_movie_keyword", "Relation Name": "movie_keyword", "Alias": "mk", "Startup Cost": 0.0, "Total Cost": 136.88, "Plan Rows": 33, "Plan Width": 8, "Actual Startup Time": 0.017, "Actual Total Time": 0.017, "Actual Rows": 1, "Actual Loops": 1, "Index Cond": "(keyword_id = k.id)", "Rows Removed by Index Recheck": 0}]}, {"Node Type": "Index Scan", "Parent Relationship": "Inner", "Scan Direction": "Forward", "Index Name": "title_pkey", "Relation Name": "title", "Alias": "t1", "Startup Cost": 0.0, "Total Cost": 0.31, "Plan Rows": 1, "Plan Width": 21, "Actual Startup Time": 0.012, "Actual Total Time": 0.012, "Actual Rows": 1, "Actual Loops": 1, "Index Cond": "(id = mk.movie_id)", "Rows Removed by Index Recheck": 0}]}, {"Node Type": "Index Scan", "Parent Relationship": "Inner", "Scan Direction": "Forward", "Index Name": "movie_id_movie_link", "Relation Name": "movie_link", "Alias": "ml", "Startup Cost": 0.0, "Total Cost": 0.35, "Plan Rows": 5, "Plan Width": 12, "Actual Startup Time": 0.003, "Actual Total Time": 0.003, "Actual Rows": 0, "Actual Loops": 1, "Index Cond": "(movie_id = t1.id)", "Rows Removed by Index Recheck": 0}]}, {"Node Type": "Index Scan", "Parent Relationship": "Inner", "Scan Direction": "Forward", "Index Name": "link_type_pkey", "Relation Name": "link_type", "Alias": "lt", "Startup Cost": 0.0, "Total Cost": 0.27, "Plan Rows": 1, "Plan Width": 16, "Actual Startup Time": 0.0, "Actual Total Time": 0.0, "Index Cond": "(id = ml.link_type_id)", "Rows Removed by Index Recheck": 0}]}, {"Node Type": "Index Scan", "Parent Relationship": "Inner", "Scan Direction": "Forward", "Index Name": "title_pkey", "Relation Name": "title", "Alias": "t2", "Startup Cost": 0.0, "Total Cost": 4.3, "Plan Rows": 1, "Plan Width": 21, "Actual Startup Time": 0.0, "Actual Total Time": 0.0, "Index Cond": "(id = ml.linked_movie_id)", "Rows Removed by Index Recheck": 0}]}]}, "Triggers": [], "Planner Runtime": 3, "Total Runtime": 113.879, "Unique SQL Id": 524435555}}, "(16, 110)": {"explain_plan": {"Plan": {"Node Type": "Aggregate", "Strategy": "Plain", "Startup Cost": 106615.63, "Total Cost": 106615.66, "Plan Rows": 1, "Plan Width": 142, "Plans": [{"Node Type": "Streaming(type: LOCAL GATHER dop: 1/16)", "Parent Relationship": "Outer", "Startup Cost": 106615.63, "Total Cost": 106615.66, "Plan Rows": 1, "Plan Width": 142, "Plans": [{"Node Type": "Aggregate", "Strategy": "Plain", "Parent Relationship": "Outer", "Startup Cost": 106615.63, "Total Cost": 106615.64, "Plan Rows": 1, "Plan Width": 142, "Plans": [{"Node Type": "Hash Join", "Parent Relationship": "Outer", "Join Type": "Inner", "Startup Cost": 87267.48, "Total Cost": 106614.47, "Plan Rows": 154, "Plan Width": 46, "Inner Unique": false, "Hash Cond": "(t2.id = ml.linked_movie_id)", "Plans": [{"Node Type": "Seq Scan", "Parent Relationship": "Outer", "Relation Name": "title", "Alias": "t2", "Startup Cost": 0.0, "Total Cost": 18754.32, "Plan Rows": 2528311, "Plan Width": 21}, {"Node Type": "Hash", "Parent Relationship": "Inner", "Startup Cost": 87265.56, "Total Cost": 87265.56, "Plan Rows": 2464, "Plan Width": 33, "Plans": [{"Node Type": "Streaming(type: BROADCAST dop: 16/1)", "Parent Relationship": "Outer", "Startup Cost": 52856.75, "Total Cost": 87265.56, "Plan Rows": 2464, "Plan Width": 33, "Plans": [{"Node Type": "Hash Join", "Parent Relationship": "Outer", "Join Type": "Inner", "Startup Cost": 52856.75, "Total Cost": 72212.38, "Plan Rows": 154, "Plan Width": 33, "Inner Unique": true, "Hash Cond": "(ml.link_type_id = lt.id)", "Plans": [{"Node Type": "Hash Join", "Parent Relationship": "Outer", "Join Type": "Inner", "Startup Cost": 52855.37, "Total Cost": 72208.88, "Plan Rows": 154, "Plan Width": 25, "Inner Unique": false, "Hash Cond": "(t1.id = ml.movie_id)", "Plans": [{"Node Type": "Streaming(type: LOCAL GATHER dop: 1/16)", "Parent Relationship": "Outer", "Startup Cost": 52049.46, "Total Cost": 71397.08, "Plan Rows": 33, "Plan Width": 25, "Plans": [{"Node Type": "Hash Join", "Parent Relationship": "Outer", "Join Type": "Inner", "Startup Cost": 52049.46, "Total Cost": 71396.37, "Plan Rows": 33, "Plan Width": 25, "Inner Unique": false, "Hash Cond": "(t1.id = mk.movie_id)", "Plans": [{"Node Type": "Seq Scan", "Parent Relationship": "Outer", "Relation Name": "title", "Alias": "t1", "Startup Cost": 0.0, "Total Cost": 18754.32, "Plan Rows": 2528311, "Plan Width": 21}, {"Node Type": "Hash", "Parent Relationship": "Inner", "Startup Cost": 52049.04, "Total Cost": 52049.04, "Plan Rows": 528, "Plan Width": 4, "Plans": [{"Node Type": "Streaming(type: BROADCAST dop: 16/16)", "Parent Relationship": "Outer", "Startup Cost": 17436.47, "Total Cost": 52049.04, "Plan Rows": 528, "Plan Width": 4, "Plans": [{"Node Type": "Hash Join", "Parent Relationship": "Outer", "Join Type": "Inner", "Startup Cost": 17436.47, "Total Cost": 37047.7, "Plan Rows": 33, "Plan Width": 4, "Inner Unique": true, "Hash Cond": "(mk.keyword_id = k.id)", "Plans": [{"Node Type": "Seq Scan", "Parent Relationship": "Outer", "Relation Name": "movie_keyword", "Alias": "mk", "Startup Cost": 0.0, "Total Cost": 18902.58, "Plan Rows": 4523929, "Plan Width": 8}, {"Node Type": "Hash", "Parent Relationship": "Inner", "Startup Cost": 17436.46, "Total Cost": 17436.46, "Plan Rows": 16, "Plan Width": 4, "Plans": [{"Node Type": "Streaming(type: BROADCAST dop: 16/1)", "Parent Relationship": "Outer", "Startup Cost": 0.0, "Total Cost": 17436.46, "Plan Rows": 16, "Plan Width": 4, "Plans": [{"Node Type": "Seq Scan", "Parent Relationship": "Outer", "Relation Name": "keyword", "Alias": "k", "Startup Cost": 0.0, "Total Cost": 2436.11, "Plan Rows": 1, "Plan Width": 4, "Filter": "((keyword)::text = '10,000-mile-club'::text)"}]}]}]}]}]}]}]}, {"Node Type": "Hash", "Parent Relationship": "Inner", "Startup Cost": 430.96, "Total Cost": 430.96, "Plan Rows": 29996, "Plan Width": 12, "Plans": [{"Node Type": "Seq Scan", "Parent Relationship": "Outer", "Relation Name": "movie_link", "Alias": "ml", "Startup Cost": 0.0, "Total Cost": 430.96, "Plan Rows": 29996, "Plan Width": 12}]}]}, {"Node Type": "Hash", "Parent Relationship": "Inner", "Startup Cost": 1.17, "Total Cost": 1.17, "Plan Rows": 17, "Plan Width": 16, "Plans": [{"Node Type": "Seq Scan", "Parent Relationship": "Outer", "Relation Name": "link_type", "Alias": "lt", "Startup Cost": 0.0, "Total Cost": 1.17, "Plan Rows": 17, "Plan Width": 16}]}]}]}]}]}]}]}]}, "Unique SQL Id": 524435555, "Planner Runtime": 31}, "explain_analyze_plan": null}, "(16, 111)": {"explain_plan": {"Plan": {"Node Type": "Aggregate", "Strategy": "Plain", "Startup Cost": 6000022526696.47, "Total Cost": 6000022526696.48, "Plan Rows": 1, "Plan Width": 142, "Plans": [{"Node Type": "Hash Join", "Parent Relationship": "Outer", "Join Type": "Inner", "Startup Cost": 4020022195138.15, "Total Cost": 6000022526695.31, "Plan Rows": 154, "Plan Width": 46, "Inner Unique": true, "Hash Cond": "(ml.linked_movie_id = t2.id)", "Plans": [{"Node Type": "Hash Join", "Parent Relationship": "Outer", "Join Type": "Inner", "Startup Cost": 3020011151485.34, "Total Cost": 5000011483040.39, "Plan Rows": 154, "Plan Width": 33, "Inner Unique": true, "Hash Cond": "(mk.movie_id = t1.id)", "Plans": [{"Node Type": "Hash Join", "Parent Relationship": "Outer", "Join Type": "Inner", "Startup Cost": 2020000107832.54, "Total Cost": 4000000439385.47, "Plan Rows": 154, "Plan Width": 24, "Inner Unique": true, "Hash Cond": "(ml.link_type_id = lt.id)", "Plans": [{"Node Type": "Hash Join", "Parent Relationship": "Outer", "Join Type": "Inner", "Startup Cost": 1020000106581.83, "Total Cost": 3000000438132.64, "Plan Rows": 154, "Plan Width": 16, "Inner Unique": false, "Hash Cond": "(mk.movie_id = ml.movie_id)", "Plans": [{"Node Type": "Nested Loop", "Parent Relationship": "Outer", "Join Type": "Inner", "Startup Cost": 20000000004.51, "Total Cost": 2000000331530.23, "Plan Rows": 33, "Plan Width": 4, "Inner Unique": false, "Plans": [{"Node Type": "Index Scan", "Parent Relationship": "Outer", "Scan Direction": "Forward", "Index Name": "keyword_pkey", "Relation Name": "keyword", "Alias": "k", "Startup Cost": 10000000000.0, "Total Cost": 1000000318271.68, "Plan Rows": 1, "Plan Width": 4, "Filter": "((keyword)::text = '10,000-mile-club'::text)"}, {"Node Type": "Bitmap Heap Scan", "Parent Relationship": "Inner", "Relation Name": "movie_keyword", "Alias": "mk", "Startup Cost": 10000000004.51, "Total Cost": 1000000013258.21, "Plan Rows": 33, "Plan Width": 8, "Recheck Cond": "(keyword_id = k.id)", "Plans": [{"Node Type": "Bitmap Index Scan", "Parent Relationship": "Outer", "Index Name": "keyword_id_movie_keyword", "Startup Cost": 0.0, "Total Cost": 4.5, "Plan Rows": 33, "Plan Width": 0, "Index Cond": "(keyword_id = k.id)"}]}]}, {"Node Type": "Hash", "Parent Relationship": "Inner", "Startup Cost": 1000000106202.37, "Total Cost": 1000000106202.37, "Plan Rows": 29996, "Plan Width": 12, "Plans": [{"Node Type": "Index Scan", "Parent Relationship": "Outer", "Scan Direction": "Forward", "Index Name": "movie_id_movie_link", "Relation Name": "movie_link", "Alias": "ml", "Startup Cost": 10000000000.0, "Total Cost": 1000000106202.37, "Plan Rows": 29996, "Plan Width": 12}]}]}, {"Node Type": "Hash", "Parent Relationship": "Inner", "Startup Cost": 1000000001250.5, "Total Cost": 1000000001250.5, "Plan Rows": 17, "Plan Width": 16, "Plans": [{"Node Type": "Index Scan", "Parent Relationship": "Outer", "Scan Direction": "Forward", "Index Name": "link_type_pkey", "Relation Name": "link_type", "Alias": "lt", "Startup Cost": 10000000000.0, "Total Cost": 1000000001250.5, "Plan Rows": 17, "Plan Width": 16}]}]}, {"Node Type": "Hash", "Parent Relationship": "Inner", "Startup Cost": 1000011012048.91, "Total Cost": 1000011012048.91, "Plan Rows": 2528311, "Plan Width": 21, "Plans": [{"Node Type": "Index Scan", "Parent Relationship": "Outer", "Scan Direction": "Forward", "Index Name": "title_pkey", "Relation Name": "title", "Alias": "t1", "Startup Cost": 10000000000.0, "Total Cost": 1000011012048.91, "Plan Rows": 2528311, "Plan Width": 21}]}]}, {"Node Type": "Hash", "Parent Relationship": "Inner", "Startup Cost": 1000011012048.91, "Total Cost": 1000011012048.91, "Plan Rows": 2528311, "Plan Width": 21, "Plans": [{"Node Type": "Index Scan", "Parent Relationship": "Outer", "Scan Direction": "Forward", "Index Name": "title_pkey", "Relation Name": "title", "Alias": "t2", "Startup Cost": 10000000000.0, "Total Cost": 1000011012048.91, "Plan Rows": 2528311, "Plan Width": 21}]}]}]}, "Unique SQL Id": 524435555, "Planner Runtime": 11}, "explain_analyze_plan": null}, "(16, 112)": {"explain_plan": {"Plan": {"Node Type": "Aggregate", "Strategy": "Plain", "Startup Cost": 3297.98, "Total Cost": 3297.99, "Plan Rows": 1, "Plan Width": 142, "Plans": [{"Node Type": "Nested Loop", "Parent Relationship": "Outer", "Join Type": "Inner", "Startup Cost": 4.51, "Total Cost": 3296.82, "Plan Rows": 154, "Plan Width": 46, "Inner Unique": true, "Plans": [{"Node Type": "Nested Loop", "Parent Relationship": "Outer", "Join Type": "Inner", "Startup Cost": 4.51, "Total Cost": 2633.25, "Plan Rows": 154, "Plan Width": 33, "Inner Unique": true, "Join Filter": "(ml.link_type_id = lt.id)", "Plans": [{"Node Type": "Nested Loop", "Parent Relationship": "Outer", "Join Type": "Inner", "Startup Cost": 4.51, "Total Cost": 2592.76, "Plan Rows": 154, "Plan Width": 25, "Inner Unique": false, "Plans": [{"Node Type": "Nested Loop", "Parent Relationship": "Outer", "Join Type": "Inner", "Startup Cost": 4.51, "Total Cost": 2579.55, "Plan Rows": 33, "Plan Width": 25, "Inner Unique": true, "Plans": [{"Node Type": "Nested Loop", "Parent Relationship": "Outer", "Join Type": "Inner", "Startup Cost": 4.51, "Total Cost": 2569.02, "Plan Rows": 33, "Plan Width": 4, "Inner Unique": false, "Plans": [{"Node Type": "Seq Scan", "Parent Relationship": "Outer", "Relation Name": "keyword", "Alias": "k", "Startup Cost": 0.0, "Total Cost": 2436.11, "Plan Rows": 1, "Plan Width": 4, "Filter": "((keyword)::text = '10,000-mile-club'::text)"}, {"Node Type": "Bitmap Heap Scan", "Parent Relationship": "Inner", "Relation Name": "movie_keyword", "Alias": "mk", "Startup Cost": 4.51, "Total Cost": 132.58, "Plan Rows": 33, "Plan Width": 8, "Recheck Cond": "(keyword_id = k.id)", "Plans": [{"Node Type": "Bitmap Index Scan", "Parent Relationship": "Outer", "Index Name": "keyword_id_movie_keyword", "Startup Cost": 0.0, "Total Cost": 4.5, "Plan Rows": 33, "Plan Width": 0, "Index Cond": "(keyword_id = k.id)"}]}]}, {"Node Type": "Index Scan", "Parent Relationship": "Inner", "Scan Direction": "Forward", "Index Name": "title_pkey", "Relation Name": "title", "Alias": "t1", "Startup Cost": 0.0, "Total Cost": 0.31, "Plan Rows": 1, "Plan Width": 21, "Index Cond": "(id = mk.movie_id)"}]}, {"Node Type": "Index Scan", "Parent Relationship": "Inner", "Scan Direction": "Forward", "Index Name": "movie_id_movie_link", "Relation Name": "movie_link", "Alias": "ml", "Startup Cost": 0.0, "Total Cost": 0.35, "Plan Rows": 5, "Plan Width": 12, "Index Cond": "(movie_id = t1.id)"}]}, {"Node Type": "Materialize", "Parent Relationship": "Inner", "Startup Cost": 0.0, "Total Cost": 1.25, "Plan Rows": 17, "Plan Width": 16, "Plans": [{"Node Type": "Seq Scan", "Parent Relationship": "Outer", "Relation Name": "link_type", "Alias": "lt", "Startup Cost": 0.0, "Total Cost": 1.17, "Plan Rows": 17, "Plan Width": 16}]}]}, {"Node Type": "Index Scan", "Parent Relationship": "Inner", "Scan Direction": "Forward", "Index Name": "title_pkey", "Relation Name": "title", "Alias": "t2", "Startup Cost": 0.0, "Total Cost": 4.3, "Plan Rows": 1, "Plan Width": 21, "Index Cond": "(id = ml.linked_movie_id)"}]}]}, "Unique SQL Id": 524435555, "Planner Runtime": 3}, "explain_analyze_plan": {"Plan": {"Node Type": "Aggregate", "Strategy": "Plain", "Startup Cost": 3297.98, "Total Cost": 3297.99, "Plan Rows": 1, "Plan Width": 142, "Actual Startup Time": 40.708, "Actual Total Time": 40.708, "Actual Rows": 1, "Actual Loops": 1, "Plans": [{"Node Type": "Nested Loop", "Parent Relationship": "Outer", "Join Type": "Inner", "Startup Cost": 4.51, "Total Cost": 3296.82, "Plan Rows": 154, "Plan Width": 46, "Actual Startup Time": 40.702, "Actual Total Time": 40.702, "Actual Rows": 0, "Actual Loops": 1, "Inner Unique": true, "Plans": [{"Node Type": "Nested Loop", "Parent Relationship": "Outer", "Join Type": "Inner", "Startup Cost": 4.51, "Total Cost": 2633.25, "Plan Rows": 154, "Plan Width": 33, "Actual Startup Time": 40.702, "Actual Total Time": 40.702, "Actual Rows": 0, "Actual Loops": 1, "Inner Unique": true, "Join Filter": "(ml.link_type_id = lt.id)", "Rows Removed by Join Filter": 0, "Plans": [{"Node Type": "Nested Loop", "Parent Relationship": "Outer", "Join Type": "Inner", "Startup Cost": 4.51, "Total Cost": 2592.76, "Plan Rows": 154, "Plan Width": 25, "Actual Startup Time": 40.7, "Actual Total Time": 40.7, "Actual Rows": 0, "Actual Loops": 1, "Inner Unique": false, "Plans": [{"Node Type": "Nested Loop", "Parent Relationship": "Outer", "Join Type": "Inner", "Startup Cost": 4.51, "Total Cost": 2579.55, "Plan Rows": 33, "Plan Width": 25, "Actual Startup Time": 39.825, "Actual Total Time": 40.695, "Actual Rows": 1, "Actual Loops": 1, "Inner Unique": true, "Plans": [{"Node Type": "Nested Loop", "Parent Relationship": "Outer", "Join Type": "Inner", "Startup Cost": 4.51, "Total Cost": 2569.02, "Plan Rows": 33, "Plan Width": 4, "Actual Startup Time": 39.807, "Actual Total Time": 40.676, "Actual Rows": 1, "Actual Loops": 1, "Inner Unique": false, "Plans": [{"Node Type": "Seq Scan", "Parent Relationship": "Outer", "Relation Name": "keyword", "Alias": "k", "Startup Cost": 0.0, "Total Cost": 2436.11, "Plan Rows": 1, "Plan Width": 4, "Actual Startup Time": 39.762, "Actual Total Time": 40.629, "Actual Rows": 1, "Actual Loops": 1, "Filter": "((keyword)::text = '10,000-mile-club'::text)", "Rows Removed by Filter": 134168}, {"Node Type": "Bitmap Heap Scan", "Parent Relationship": "Inner", "Relation Name": "movie_keyword", "Alias": "mk", "Startup Cost": 4.51, "Total Cost": 132.58, "Plan Rows": 33, "Plan Width": 8, "Actual Startup Time": 0.034, "Actual Total Time": 0.035, "Actual Rows": 1, "Actual Loops": 1, "Recheck Cond": "(keyword_id = k.id)", "Rows Removed by Index Recheck": 0, "Exact Heap Blocks": 1, "Lossy Heap Blocks": 1, "Plans": [{"Node Type": "Bitmap Index Scan", "Parent Relationship": "Outer", "Index Name": "keyword_id_movie_keyword", "Startup Cost": 0.0, "Total Cost": 4.5, "Plan Rows": 33, "Plan Width": 0, "Actual Startup Time": 0.021, "Actual Total Time": 0.021, "Actual Rows": 1, "Actual Loops": 1, "Index Cond": "(keyword_id = k.id)"}]}]}, {"Node Type": "Index Scan", "Parent Relationship": "Inner", "Scan Direction": "Forward", "Index Name": "title_pkey", "Relation Name": "title", "Alias": "t1", "Startup Cost": 0.0, "Total Cost": 0.31, "Plan Rows": 1, "Plan Width": 21, "Actual Startup Time": 0.016, "Actual Total Time": 0.016, "Actual Rows": 1, "Actual Loops": 1, "Index Cond": "(id = mk.movie_id)", "Rows Removed by Index Recheck": 0}]}, {"Node Type": "Index Scan", "Parent Relationship": "Inner", "Scan Direction": "Forward", "Index Name": "movie_id_movie_link", "Relation Name": "movie_link", "Alias": "ml", "Startup Cost": 0.0, "Total Cost": 0.35, "Plan Rows": 5, "Plan Width": 12, "Actual Startup Time": 0.003, "Actual Total Time": 0.003, "Actual Rows": 0, "Actual Loops": 1, "Index Cond": "(movie_id = t1.id)", "Rows Removed by Index Recheck": 0}]}, {"Node Type": "Materialize", "Parent Relationship": "Inner", "Startup Cost": 0.0, "Total Cost": 1.25, "Plan Rows": 17, "Plan Width": 16, "Actual Startup Time": 0.0, "Actual Total Time": 0.0, "Plans": [{"Node Type": "Seq Scan", "Parent Relationship": "Outer", "Relation Name": "link_type", "Alias": "lt", "Startup Cost": 0.0, "Total Cost": 1.17, "Plan Rows": 17, "Plan Width": 16, "Actual Startup Time": 0.0, "Actual Total Time": 0.0}]}]}, {"Node Type": "Index Scan", "Parent Relationship": "Inner", "Scan Direction": "Forward", "Index Name": "title_pkey", "Relation Name": "title", "Alias": "t2", "Startup Cost": 0.0, "Total Cost": 4.3, "Plan Rows": 1, "Plan Width": 21, "Actual Startup Time": 0.0, "Actual Total Time": 0.0, "Index Cond": "(id = ml.linked_movie_id)", "Rows Removed by Index Recheck": 0}]}]}, "Triggers": [], "Planner Runtime": 3, "Total Runtime": 40.931, "Unique SQL Id": 524435555}}, "(16, 113)": {"explain_plan": {"Plan": {"Node Type": "Aggregate", "Strategy": "Plain", "Startup Cost": 4047.28, "Total Cost": 4047.29, "Plan Rows": 1, "Plan Width": 142, "Plans": [{"Node Type": "Nested Loop", "Parent Relationship": "Outer", "Join Type": "Inner", "Startup Cost": 4.51, "Total Cost": 4046.12, "Plan Rows": 154, "Plan Width": 46, "Inner Unique": true, "Plans": [{"Node Type": "Nested Loop", "Parent Relationship": "Outer", "Join Type": "Inner", "Startup Cost": 4.51, "Total Cost": 3382.55, "Plan Rows": 154, "Plan Width": 33, "Inner Unique": true, "Plans": [{"Node Type": "Nested Loop", "Parent Relationship": "Outer", "Join Type": "Inner", "Startup Cost": 4.51, "Total Cost": 3339.37, "Plan Rows": 154, "Plan Width": 25, "Inner Unique": false, "Plans": [{"Node Type": "Nested Loop", "Parent Relationship": "Outer", "Join Type": "Inner", "Startup Cost": 4.51, "Total Cost": 3326.15, "Plan Rows": 33, "Plan Width": 25, "Inner Unique": true, "Plans": [{"Node Type": "Nested Loop", "Parent Relationship": "Outer", "Join Type": "Inner", "Startup Cost": 4.51, "Total Cost": 3315.63, "Plan Rows": 33, "Plan Width": 4, "Inner Unique": false, "Plans": [{"Node Type": "Index Scan", "Parent Relationship": "Outer", "Scan Direction": "Forward", "Index Name": "keyword_pkey", "Relation Name": "keyword", "Alias": "k", "Startup Cost": 0.0, "Total Cost": 3182.72, "Plan Rows": 1, "Plan Width": 4, "Filter": "((keyword)::text = '10,000-mile-club'::text)"}, {"Node Type": "Bitmap Heap Scan", "Parent Relationship": "Inner", "Relation Name": "movie_keyword", "Alias": "mk", "Startup Cost": 4.51, "Total Cost": 132.58, "Plan Rows": 33, "Plan Width": 8, "Recheck Cond": "(keyword_id = k.id)", "Plans": [{"Node Type": "Bitmap Index Scan", "Parent Relationship": "Outer", "Index Name": "keyword_id_movie_keyword", "Startup Cost": 0.0, "Total Cost": 4.5, "Plan Rows": 33, "Plan Width": 0, "Index Cond": "(keyword_id = k.id)"}]}]}, {"Node Type": "Index Scan", "Parent Relationship": "Inner", "Scan Direction": "Forward", "Index Name": "title_pkey", "Relation Name": "title", "Alias": "t1", "Startup Cost": 0.0, "Total Cost": 0.31, "Plan Rows": 1, "Plan Width": 21, "Index Cond": "(id = mk.movie_id)"}]}, {"Node Type": "Index Scan", "Parent Relationship": "Inner", "Scan Direction": "Forward", "Index Name": "movie_id_movie_link", "Relation Name": "movie_link", "Alias": "ml", "Startup Cost": 0.0, "Total Cost": 0.35, "Plan Rows": 5, "Plan Width": 12, "Index Cond": "(movie_id = t1.id)"}]}, {"Node Type": "Index Scan", "Parent Relationship": "Inner", "Scan Direction": "Forward", "Index Name": "link_type_pkey", "Relation Name": "link_type", "Alias": "lt", "Startup Cost": 0.0, "Total Cost": 0.27, "Plan Rows": 1, "Plan Width": 16, "Index Cond": "(id = ml.link_type_id)"}]}, {"Node Type": "Index Scan", "Parent Relationship": "Inner", "Scan Direction": "Forward", "Index Name": "title_pkey", "Relation Name": "title", "Alias": "t2", "Startup Cost": 0.0, "Total Cost": 4.3, "Plan Rows": 1, "Plan Width": 21, "Index Cond": "(id = ml.linked_movie_id)"}]}]}, "Unique SQL Id": 524435555, "Planner Runtime": 3}, "explain_analyze_plan": {"Plan": {"Node Type": "Aggregate", "Strategy": "Plain", "Startup Cost": 4047.28, "Total Cost": 4047.29, "Plan Rows": 1, "Plan Width": 142, "Actual Startup Time": 114.966, "Actual Total Time": 114.966, "Actual Rows": 1, "Actual Loops": 1, "Plans": [{"Node Type": "Nested Loop", "Parent Relationship": "Outer", "Join Type": "Inner", "Startup Cost": 4.51, "Total Cost": 4046.12, "Plan Rows": 154, "Plan Width": 46, "Actual Startup Time": 114.961, "Actual Total Time": 114.961, "Actual Rows": 0, "Actual Loops": 1, "Inner Unique": true, "Plans": [{"Node Type": "Nested Loop", "Parent Relationship": "Outer", "Join Type": "Inner", "Startup Cost": 4.51, "Total Cost": 3382.55, "Plan Rows": 154, "Plan Width": 33, "Actual Startup Time": 114.959, "Actual Total Time": 114.959, "Actual Rows": 0, "Actual Loops": 1, "Inner Unique": true, "Plans": [{"Node Type": "Nested Loop", "Parent Relationship": "Outer", "Join Type": "Inner", "Startup Cost": 4.51, "Total Cost": 3339.37, "Plan Rows": 154, "Plan Width": 25, "Actual Startup Time": 114.959, "Actual Total Time": 114.959, "Actual Rows": 0, "Actual Loops": 1, "Inner Unique": false, "Plans": [{"Node Type": "Nested Loop", "Parent Relationship": "Outer", "Join Type": "Inner", "Startup Cost": 4.51, "Total Cost": 3326.15, "Plan Rows": 33, "Plan Width": 25, "Actual Startup Time": 113.082, "Actual Total Time": 114.952, "Actual Rows": 1, "Actual Loops": 1, "Inner Unique": true, "Plans": [{"Node Type": "Nested Loop", "Parent Relationship": "Outer", "Join Type": "Inner", "Startup Cost": 4.51, "Total Cost": 3315.63, "Plan Rows": 33, "Plan Width": 4, "Actual Startup Time": 113.064, "Actual Total Time": 114.934, "Actual Rows": 1, "Actual Loops": 1, "Inner Unique": false, "Plans": [{"Node Type": "Index Scan", "Parent Relationship": "Outer", "Scan Direction": "Forward", "Index Name": "keyword_pkey", "Relation Name": "keyword", "Alias": "k", "Startup Cost": 0.0, "Total Cost": 3182.72, "Plan Rows": 1, "Plan Width": 4, "Actual Startup Time": 113.017, "Actual Total Time": 114.885, "Actual Rows": 1, "Actual Loops": 1, "Filter": "((keyword)::text = '10,000-mile-club'::text)", "Rows Removed by Filter": 134168}, {"Node Type": "Bitmap Heap Scan", "Parent Relationship": "Inner", "Relation Name": "movie_keyword", "Alias": "mk", "Startup Cost": 4.51, "Total Cost": 132.58, "Plan Rows": 33, "Plan Width": 8, "Actual Startup Time": 0.031, "Actual Total Time": 0.031, "Actual Rows": 1, "Actual Loops": 1, "Recheck Cond": "(keyword_id = k.id)", "Rows Removed by Index Recheck": 0, "Exact Heap Blocks": 1, "Lossy Heap Blocks": 1, "Plans": [{"Node Type": "Bitmap Index Scan", "Parent Relationship": "Outer", "Index Name": "keyword_id_movie_keyword", "Startup Cost": 0.0, "Total Cost": 4.5, "Plan Rows": 33, "Plan Width": 0, "Actual Startup Time": 0.02, "Actual Total Time": 0.02, "Actual Rows": 1, "Actual Loops": 1, "Index Cond": "(keyword_id = k.id)"}]}]}, {"Node Type": "Index Scan", "Parent Relationship": "Inner", "Scan Direction": "Forward", "Index Name": "title_pkey", "Relation Name": "title", "Alias": "t1", "Startup Cost": 0.0, "Total Cost": 0.31, "Plan Rows": 1, "Plan Width": 21, "Actual Startup Time": 0.014, "Actual Total Time": 0.014, "Actual Rows": 1, "Actual Loops": 1, "Index Cond": "(id = mk.movie_id)", "Rows Removed by Index Recheck": 0}]}, {"Node Type": "Index Scan", "Parent Relationship": "Inner", "Scan Direction": "Forward", "Index Name": "movie_id_movie_link", "Relation Name": "movie_link", "Alias": "ml", "Startup Cost": 0.0, "Total Cost": 0.35, "Plan Rows": 5, "Plan Width": 12, "Actual Startup Time": 0.004, "Actual Total Time": 0.004, "Actual Rows": 0, "Actual Loops": 1, "Index Cond": "(movie_id = t1.id)", "Rows Removed by Index Recheck": 0}]}, {"Node Type": "Index Scan", "Parent Relationship": "Inner", "Scan Direction": "Forward", "Index Name": "link_type_pkey", "Relation Name": "link_type", "Alias": "lt", "Startup Cost": 0.0, "Total Cost": 0.27, "Plan Rows": 1, "Plan Width": 16, "Actual Startup Time": 0.0, "Actual Total Time": 0.0, "Index Cond": "(id = ml.link_type_id)", "Rows Removed by Index Recheck": 0}]}, {"Node Type": "Index Scan", "Parent Relationship": "Inner", "Scan Direction": "Forward", "Index Name": "title_pkey", "Relation Name": "title", "Alias": "t2", "Startup Cost": 0.0, "Total Cost": 4.3, "Plan Rows": 1, "Plan Width": 21, "Actual Startup Time": 0.0, "Actual Total Time": 0.0, "Index Cond": "(id = ml.linked_movie_id)", "Rows Removed by Index Recheck": 0}]}]}, "Triggers": [], "Planner Runtime": 3, "Total Runtime": 115.218, "Unique SQL Id": 524435555}}, "(16, 114)": {"explain_plan": {"Plan": {"Node Type": "Aggregate", "Strategy": "Plain", "Startup Cost": 3747.02, "Total Cost": 3747.03, "Plan Rows": 1, "Plan Width": 142, "Plans": [{"Node Type": "Nested Loop", "Parent Relationship": "Outer", "Join Type": "Inner", "Startup Cost": 6.55, "Total Cost": 3745.86, "Plan Rows": 154, "Plan Width": 46, "Inner Unique": true, "Plans": [{"Node Type": "Nested Loop", "Parent Relationship": "Outer", "Join Type": "Inner", "Startup Cost": 5.06, "Total Cost": 2896.68, "Plan Rows": 154, "Plan Width": 33, "Inner Unique": true, "Join Filter": "(ml.link_type_id = lt.id)", "Plans": [{"Node Type": "Nested Loop", "Parent Relationship": "Outer", "Join Type": "Inner", "Startup Cost": 5.06, "Total Cost": 2856.2, "Plan Rows": 154, "Plan Width": 25, "Inner Unique": false, "Join Filter": "(t1.id = ml.movie_id)", "Plans": [{"Node Type": "Nested Loop", "Parent Relationship": "Outer", "Join Type": "Inner", "Startup Cost": 4.77, "Total Cost": 2710.54, "Plan Rows": 33, "Plan Width": 25, "Inner Unique": true, "Plans": [{"Node Type": "Nested Loop", "Parent Relationship": "Outer", "Join Type": "Inner", "Startup Cost": 4.51, "Total Cost": 2569.02, "Plan Rows": 33, "Plan Width": 4, "Inner Unique": false, "Plans": [{"Node Type": "Seq Scan", "Parent Relationship": "Outer", "Relation Name": "keyword", "Alias": "k", "Startup Cost": 0.0, "Total Cost": 2436.11, "Plan Rows": 1, "Plan Width": 4, "Filter": "((keyword)::text = '10,000-mile-club'::text)"}, {"Node Type": "Bitmap Heap Scan", "Parent Relationship": "Inner", "Relation Name": "movie_keyword", "Alias": "mk", "Startup Cost": 4.51, "Total Cost": 132.58, "Plan Rows": 33, "Plan Width": 8, "Recheck Cond": "(keyword_id = k.id)", "Plans": [{"Node Type": "Bitmap Index Scan", "Parent Relationship": "Outer", "Index Name": "keyword_id_movie_keyword", "Startup Cost": 0.0, "Total Cost": 4.5, "Plan Rows": 33, "Plan Width": 0, "Index Cond": "(keyword_id = k.id)"}]}]}, {"Node Type": "Bitmap Heap Scan", "Parent Relationship": "Inner", "Relation Name": "title", "Alias": "t1", "Startup Cost": 0.27, "Total Cost": 4.28, "Plan Rows": 1, "Plan Width": 21, "Recheck Cond": "(id = mk.movie_id)", "Plans": [{"Node Type": "Bitmap Index Scan", "Parent Relationship": "Outer", "Index Name": "title_pkey", "Startup Cost": 0.0, "Total Cost": 0.27, "Plan Rows": 1, "Plan Width": 0, "Index Cond": "(id = mk.movie_id)"}]}]}, {"Node Type": "Bitmap Heap Scan", "Parent Relationship": "Inner", "Relation Name": "movie_link", "Alias": "ml", "Startup Cost": 0.29, "Total Cost": 4.35, "Plan Rows": 5, "Plan Width": 12, "Recheck Cond": "(movie_id = mk.movie_id)", "Plans": [{"Node Type": "Bitmap Index Scan", "Parent Relationship": "Outer", "Index Name": "movie_id_movie_link", "Startup Cost": 0.0, "Total Cost": 0.29, "Plan Rows": 5, "Plan Width": 0, "Index Cond": "(movie_id = mk.movie_id)"}]}]}, {"Node Type": "Materialize", "Parent Relationship": "Inner", "Startup Cost": 0.0, "Total Cost": 1.25, "Plan Rows": 17, "Plan Width": 16, "Plans": [{"Node Type": "Seq Scan", "Parent Relationship": "Outer", "Relation Name": "link_type", "Alias": "lt", "Startup Cost": 0.0, "Total Cost": 1.17, "Plan Rows": 17, "Plan Width": 16}]}]}, {"Node Type": "Bitmap Heap Scan", "Parent Relationship": "Inner", "Relation Name": "title", "Alias": "t2", "Startup Cost": 1.49, "Total Cost": 5.5, "Plan Rows": 1, "Plan Width": 21, "Recheck Cond": "(id = ml.linked_movie_id)", "Plans": [{"Node Type": "Bitmap Index Scan", "Parent Relationship": "Outer", "Index Name": "title_pkey", "Startup Cost": 0.0, "Total Cost": 1.49, "Plan Rows": 1, "Plan Width": 0, "Index Cond": "(id = ml.linked_movie_id)"}]}]}]}, "Unique SQL Id": 524435555, "Planner Runtime": 7}, "explain_analyze_plan": {"Plan": {"Node Type": "Aggregate", "Strategy": "Plain", "Startup Cost": 3747.02, "Total Cost": 3747.03, "Plan Rows": 1, "Plan Width": 142, "Actual Startup Time": 40.652, "Actual Total Time": 40.652, "Actual Rows": 1, "Actual Loops": 1, "Plans": [{"Node Type": "Nested Loop", "Parent Relationship": "Outer", "Join Type": "Inner", "Startup Cost": 6.55, "Total Cost": 3745.86, "Plan Rows": 154, "Plan Width": 46, "Actual Startup Time": 40.647, "Actual Total Time": 40.647, "Actual Rows": 0, "Actual Loops": 1, "Inner Unique": true, "Plans": [{"Node Type": "Nested Loop", "Parent Relationship": "Outer", "Join Type": "Inner", "Startup Cost": 5.06, "Total Cost": 2896.68, "Plan Rows": 154, "Plan Width": 33, "Actual Startup Time": 40.646, "Actual Total Time": 40.646, "Actual Rows": 0, "Actual Loops": 1, "Inner Unique": true, "Join Filter": "(ml.link_type_id = lt.id)", "Rows Removed by Join Filter": 0, "Plans": [{"Node Type": "Nested Loop", "Parent Relationship": "Outer", "Join Type": "Inner", "Startup Cost": 5.06, "Total Cost": 2856.2, "Plan Rows": 154, "Plan Width": 25, "Actual Startup Time": 40.645, "Actual Total Time": 40.645, "Actual Rows": 0, "Actual Loops": 1, "Inner Unique": false, "Join Filter": "(t1.id = ml.movie_id)", "Rows Removed by Join Filter": 0, "Plans": [{"Node Type": "Nested Loop", "Parent Relationship": "Outer", "Join Type": "Inner", "Startup Cost": 4.77, "Total Cost": 2710.54, "Plan Rows": 33, "Plan Width": 25, "Actual Startup Time": 39.766, "Actual Total Time": 40.634, "Actual Rows": 1, "Actual Loops": 1, "Inner Unique": true, "Plans": [{"Node Type": "Nested Loop", "Parent Relationship": "Outer", "Join Type": "Inner", "Startup Cost": 4.51, "Total Cost": 2569.02, "Plan Rows": 33, "Plan Width": 4, "Actual Startup Time": 39.749, "Actual Total Time": 40.617, "Actual Rows": 1, "Actual Loops": 1, "Inner Unique": false, "Plans": [{"Node Type": "Seq Scan", "Parent Relationship": "Outer", "Relation Name": "keyword", "Alias": "k", "Startup Cost": 0.0, "Total Cost": 2436.11, "Plan Rows": 1, "Plan Width": 4, "Actual Startup Time": 39.706, "Actual Total Time": 40.572, "Actual Rows": 1, "Actual Loops": 1, "Filter": "((keyword)::text = '10,000-mile-club'::text)", "Rows Removed by Filter": 134168}, {"Node Type": "Bitmap Heap Scan", "Parent Relationship": "Inner", "Relation Name": "movie_keyword", "Alias": "mk", "Startup Cost": 4.51, "Total Cost": 132.58, "Plan Rows": 33, "Plan Width": 8, "Actual Startup Time": 0.032, "Actual Total Time": 0.032, "Actual Rows": 1, "Actual Loops": 1, "Recheck Cond": "(keyword_id = k.id)", "Rows Removed by Index Recheck": 0, "Exact Heap Blocks": 1, "Lossy Heap Blocks": 1, "Plans": [{"Node Type": "Bitmap Index Scan", "Parent Relationship": "Outer", "Index Name": "keyword_id_movie_keyword", "Startup Cost": 0.0, "Total Cost": 4.5, "Plan Rows": 33, "Plan Width": 0, "Actual Startup Time": 0.02, "Actual Total Time": 0.02, "Actual Rows": 1, "Actual Loops": 1, "Index Cond": "(keyword_id = k.id)"}]}]}, {"Node Type": "Bitmap Heap Scan", "Parent Relationship": "Inner", "Relation Name": "title", "Alias": "t1", "Startup Cost": 0.27, "Total Cost": 4.28, "Plan Rows": 1, "Plan Width": 21, "Actual Startup Time": 0.013, "Actual Total Time": 0.013, "Actual Rows": 1, "Actual Loops": 1, "Recheck Cond": "(id = mk.movie_id)", "Rows Removed by Index Recheck": 0, "Exact Heap Blocks": 1, "Lossy Heap Blocks": 1, "Plans": [{"Node Type": "Bitmap Index Scan", "Parent Relationship": "Outer", "Index Name": "title_pkey", "Startup Cost": 0.0, "Total Cost": 0.27, "Plan Rows": 1, "Plan Width": 0, "Actual Startup Time": 0.009, "Actual Total Time": 0.009, "Actual Rows": 1, "Actual Loops": 1, "Index Cond": "(id = mk.movie_id)"}]}]}, {"Node Type": "Bitmap Heap Scan", "Parent Relationship": "Inner", "Relation Name": "movie_link", "Alias": "ml", "Startup Cost": 0.29, "Total Cost": 4.35, "Plan Rows": 5, "Plan Width": 12, "Actual Startup Time": 0.007, "Actual Total Time": 0.007, "Actual Rows": 0, "Actual Loops": 1, "Recheck Cond": "(movie_id = mk.movie_id)", "Rows Removed by Index Recheck": 0, "Exact Heap Blocks": 0, "Lossy Heap Blocks": 0, "Plans": [{"Node Type": "Bitmap Index Scan", "Parent Relationship": "Outer", "Index Name": "movie_id_movie_link", "Startup Cost": 0.0, "Total Cost": 0.29, "Plan Rows": 5, "Plan Width": 0, "Actual Startup Time": 0.003, "Actual Total Time": 0.003, "Actual Rows": 0, "Actual Loops": 1, "Index Cond": "(movie_id = mk.movie_id)"}]}]}, {"Node Type": "Materialize", "Parent Relationship": "Inner", "Startup Cost": 0.0, "Total Cost": 1.25, "Plan Rows": 17, "Plan Width": 16, "Actual Startup Time": 0.0, "Actual Total Time": 0.0, "Plans": [{"Node Type": "Seq Scan", "Parent Relationship": "Outer", "Relation Name": "link_type", "Alias": "lt", "Startup Cost": 0.0, "Total Cost": 1.17, "Plan Rows": 17, "Plan Width": 16, "Actual Startup Time": 0.0, "Actual Total Time": 0.0}]}]}, {"Node Type": "Bitmap Heap Scan", "Parent Relationship": "Inner", "Relation Name": "title", "Alias": "t2", "Startup Cost": 1.49, "Total Cost": 5.5, "Plan Rows": 1, "Plan Width": 21, "Actual Startup Time": 0.0, "Actual Total Time": 0.0, "Recheck Cond": "(id = ml.linked_movie_id)", "Rows Removed by Index Recheck": 0, "Exact Heap Blocks": 0, "Lossy Heap Blocks": 0, "Plans": [{"Node Type": "Bitmap Index Scan", "Parent Relationship": "Outer", "Index Name": "title_pkey", "Startup Cost": 0.0, "Total Cost": 1.49, "Plan Rows": 1, "Plan Width": 0, "Actual Startup Time": 0.0, "Actual Total Time": 0.0, "Index Cond": "(id = ml.linked_movie_id)"}]}]}]}, "Triggers": [], "Planner Runtime": 7, "Total Runtime": 40.898, "Unique SQL Id": 524435555}}, "(16, 115)": {"explain_plan": {"Plan": {"Node Type": "Aggregate", "Strategy": "Plain", "Startup Cost": 4477.45, "Total Cost": 4477.46, "Plan Rows": 1, "Plan Width": 142, "Plans": [{"Node Type": "Nested Loop", "Parent Relationship": "Outer", "Join Type": "Inner", "Startup Cost": 733.99, "Total Cost": 4476.3, "Plan Rows": 154, "Plan Width": 46, "Inner Unique": true, "Plans": [{"Node Type": "Nested Loop", "Parent Relationship": "Outer", "Join Type": "Inner", "Startup Cost": 732.5, "Total Cost": 3627.12, "Plan Rows": 154, "Plan Width": 33, "Inner Unique": true, "Join Filter": "(ml.link_type_id = lt.id)", "Plans": [{"Node Type": "Nested Loop", "Parent Relationship": "Outer", "Join Type": "Inner", "Startup Cost": 724.16, "Total Cost": 3575.3, "Plan Rows": 154, "Plan Width": 25, "Inner Unique": false, "Join Filter": "(t1.id = ml.movie_id)", "Plans": [{"Node Type": "Nested Loop", "Parent Relationship": "Outer", "Join Type": "Inner", "Startup Cost": 723.87, "Total Cost": 3429.64, "Plan Rows": 33, "Plan Width": 25, "Inner Unique": true, "Plans": [{"Node Type": "Nested Loop", "Parent Relationship": "Outer", "Join Type": "Inner", "Startup Cost": 723.6, "Total Cost": 3288.12, "Plan Rows": 33, "Plan Width": 4, "Inner Unique": false, "Plans": [{"Node Type": "Bitmap Heap Scan", "Parent Relationship": "Outer", "Relation Name": "keyword", "Alias": "k", "Startup Cost": 719.1, "Total Cost": 3155.21, "Plan Rows": 1, "Plan Width": 4, "Filter": "((keyword)::text = '10,000-mile-club'::text)", "Plans": [{"Node Type": "Bitmap Index Scan", "Parent Relationship": "Outer", "Index Name": "keyword_pkey", "Startup Cost": 0.0, "Total Cost": 719.1, "Plan Rows": 134169, "Plan Width": 0}]}, {"Node Type": "Bitmap Heap Scan", "Parent Relationship": "Inner", "Relation Name": "movie_keyword", "Alias": "mk", "Startup Cost": 4.51, "Total Cost": 132.58, "Plan Rows": 33, "Plan Width": 8, "Recheck Cond": "(keyword_id = k.id)", "Plans": [{"Node Type": "Bitmap Index Scan", "Parent Relationship": "Outer", "Index Name": "keyword_id_movie_keyword", "Startup Cost": 0.0, "Total Cost": 4.5, "Plan Rows": 33, "Plan Width": 0, "Index Cond": "(keyword_id = k.id)"}]}]}, {"Node Type": "Bitmap Heap Scan", "Parent Relationship": "Inner", "Relation Name": "title", "Alias": "t1", "Startup Cost": 0.27, "Total Cost": 4.28, "Plan Rows": 1, "Plan Width": 21, "Recheck Cond": "(id = mk.movie_id)", "Plans": [{"Node Type": "Bitmap Index Scan", "Parent Relationship": "Outer", "Index Name": "title_pkey", "Startup Cost": 0.0, "Total Cost": 0.27, "Plan Rows": 1, "Plan Width": 0, "Index Cond": "(id = mk.movie_id)"}]}]}, {"Node Type": "Bitmap Heap Scan", "Parent Relationship": "Inner", "Relation Name": "movie_link", "Alias": "ml", "Startup Cost": 0.29, "Total Cost": 4.35, "Plan Rows": 5, "Plan Width": 12, "Recheck Cond": "(movie_id = mk.movie_id)", "Plans": [{"Node Type": "Bitmap Index Scan", "Parent Relationship": "Outer", "Index Name": "movie_id_movie_link", "Startup Cost": 0.0, "Total Cost": 0.29, "Plan Rows": 5, "Plan Width": 0, "Index Cond": "(movie_id = mk.movie_id)"}]}]}, {"Node Type": "Materialize", "Parent Relationship": "Inner", "Startup Cost": 8.34, "Total Cost": 12.59, "Plan Rows": 17, "Plan Width": 16, "Plans": [{"Node Type": "Bitmap Heap Scan", "Parent Relationship": "Outer", "Relation Name": "link_type", "Alias": "lt", "Startup Cost": 8.34, "Total Cost": 12.51, "Plan Rows": 17, "Plan Width": 16, "Plans": [{"Node Type": "Bitmap Index Scan", "Parent Relationship": "Outer", "Index Name": "link_type_pkey", "Startup Cost": 0.0, "Total Cost": 8.34, "Plan Rows": 17, "Plan Width": 0}]}]}]}, {"Node Type": "Bitmap Heap Scan", "Parent Relationship": "Inner", "Relation Name": "title", "Alias": "t2", "Startup Cost": 1.49, "Total Cost": 5.5, "Plan Rows": 1, "Plan Width": 21, "Recheck Cond": "(id = ml.linked_movie_id)", "Plans": [{"Node Type": "Bitmap Index Scan", "Parent Relationship": "Outer", "Index Name": "title_pkey", "Startup Cost": 0.0, "Total Cost": 1.49, "Plan Rows": 1, "Plan Width": 0, "Index Cond": "(id = ml.linked_movie_id)"}]}]}]}, "Unique SQL Id": 524435555, "Planner Runtime": 3}, "explain_analyze_plan": {"Plan": {"Node Type": "Aggregate", "Strategy": "Plain", "Startup Cost": 4477.45, "Total Cost": 4477.46, "Plan Rows": 1, "Plan Width": 142, "Actual Startup Time": 62.41, "Actual Total Time": 62.41, "Actual Rows": 1, "Actual Loops": 1, "Plans": [{"Node Type": "Nested Loop", "Parent Relationship": "Outer", "Join Type": "Inner", "Startup Cost": 733.99, "Total Cost": 4476.3, "Plan Rows": 154, "Plan Width": 46, "Actual Startup Time": 62.405, "Actual Total Time": 62.405, "Actual Rows": 0, "Actual Loops": 1, "Inner Unique": true, "Plans": [{"Node Type": "Nested Loop", "Parent Relationship": "Outer", "Join Type": "Inner", "Startup Cost": 732.5, "Total Cost": 3627.12, "Plan Rows": 154, "Plan Width": 33, "Actual Startup Time": 62.405, "Actual Total Time": 62.405, "Actual Rows": 0, "Actual Loops": 1, "Inner Unique": true, "Join Filter": "(ml.link_type_id = lt.id)", "Rows Removed by Join Filter": 0, "Plans": [{"Node Type": "Nested Loop", "Parent Relationship": "Outer", "Join Type": "Inner", "Startup Cost": 724.16, "Total Cost": 3575.3, "Plan Rows": 154, "Plan Width": 25, "Actual Startup Time": 62.403, "Actual Total Time": 62.403, "Actual Rows": 0, "Actual Loops": 1, "Inner Unique": false, "Join Filter": "(t1.id = ml.movie_id)", "Rows Removed by Join Filter": 0, "Plans": [{"Node Type": "Nested Loop", "Parent Relationship": "Outer", "Join Type": "Inner", "Startup Cost": 723.87, "Total Cost": 3429.64, "Plan Rows": 33, "Plan Width": 25, "Actual Startup Time": 61.321, "Actual Total Time": 62.394, "Actual Rows": 1, "Actual Loops": 1, "Inner Unique": true, "Plans": [{"Node Type": "Nested Loop", "Parent Relationship": "Outer", "Join Type": "Inner", "Startup Cost": 723.6, "Total Cost": 3288.12, "Plan Rows": 33, "Plan Width": 4, "Actual Startup Time": 61.3, "Actual Total Time": 62.373, "Actual Rows": 1, "Actual Loops": 1, "Inner Unique": false, "Plans": [{"Node Type": "Bitmap Heap Scan", "Parent Relationship": "Outer", "Relation Name": "keyword", "Alias": "k", "Startup Cost": 719.1, "Total Cost": 3155.21, "Plan Rows": 1, "Plan Width": 4, "Actual Startup Time": 61.255, "Actual Total Time": 62.326, "Actual Rows": 1, "Actual Loops": 1, "Filter": "((keyword)::text = '10,000-mile-club'::text)", "Rows Removed by Filter": 134168, "Exact Heap Blocks": 759, "Lossy Heap Blocks": 759, "Plans": [{"Node Type": "Bitmap Index Scan", "Parent Relationship": "Outer", "Index Name": "keyword_pkey", "Startup Cost": 0.0, "Total Cost": 719.1, "Plan Rows": 134169, "Plan Width": 0, "Actual Startup Time": 11.477, "Actual Total Time": 11.477, "Actual Rows": 134169, "Actual Loops": 1}]}, {"Node Type": "Bitmap Heap Scan", "Parent Relationship": "Inner", "Relation Name": "movie_keyword", "Alias": "mk", "Startup Cost": 4.51, "Total Cost": 132.58, "Plan Rows": 33, "Plan Width": 8, "Actual Startup Time": 0.03, "Actual Total Time": 0.03, "Actual Rows": 1, "Actual Loops": 1, "Recheck Cond": "(keyword_id = k.id)", "Rows Removed by Index Recheck": 0, "Exact Heap Blocks": 1, "Lossy Heap Blocks": 1, "Plans": [{"Node Type": "Bitmap Index Scan", "Parent Relationship": "Outer", "Index Name": "keyword_id_movie_keyword", "Startup Cost": 0.0, "Total Cost": 4.5, "Plan Rows": 33, "Plan Width": 0, "Actual Startup Time": 0.019, "Actual Total Time": 0.019, "Actual Rows": 1, "Actual Loops": 1, "Index Cond": "(keyword_id = k.id)"}]}]}, {"Node Type": "Bitmap Heap Scan", "Parent Relationship": "Inner", "Relation Name": "title", "Alias": "t1", "Startup Cost": 0.27, "Total Cost": 4.28, "Plan Rows": 1, "Plan Width": 21, "Actual Startup Time": 0.015, "Actual Total Time": 0.015, "Actual Rows": 1, "Actual Loops": 1, "Recheck Cond": "(id = mk.movie_id)", "Rows Removed by Index Recheck": 0, "Exact Heap Blocks": 1, "Lossy Heap Blocks": 1, "Plans": [{"Node Type": "Bitmap Index Scan", "Parent Relationship": "Outer", "Index Name": "title_pkey", "Startup Cost": 0.0, "Total Cost": 0.27, "Plan Rows": 1, "Plan Width": 0, "Actual Startup Time": 0.011, "Actual Total Time": 0.011, "Actual Rows": 1, "Actual Loops": 1, "Index Cond": "(id = mk.movie_id)"}]}]}, {"Node Type": "Bitmap Heap Scan", "Parent Relationship": "Inner", "Relation Name": "movie_link", "Alias": "ml", "Startup Cost": 0.29, "Total Cost": 4.35, "Plan Rows": 5, "Plan Width": 12, "Actual Startup Time": 0.006, "Actual Total Time": 0.006, "Actual Rows": 0, "Actual Loops": 1, "Recheck Cond": "(movie_id = mk.movie_id)", "Rows Removed by Index Recheck": 0, "Exact Heap Blocks": 0, "Lossy Heap Blocks": 0, "Plans": [{"Node Type": "Bitmap Index Scan", "Parent Relationship": "Outer", "Index Name": "movie_id_movie_link", "Startup Cost": 0.0, "Total Cost": 0.29, "Plan Rows": 5, "Plan Width": 0, "Actual Startup Time": 0.003, "Actual Total Time": 0.003, "Actual Rows": 0, "Actual Loops": 1, "Index Cond": "(movie_id = mk.movie_id)"}]}]}, {"Node Type": "Materialize", "Parent Relationship": "Inner", "Startup Cost": 8.34, "Total Cost": 12.59, "Plan Rows": 17, "Plan Width": 16, "Actual Startup Time": 0.0, "Actual Total Time": 0.0, "Plans": [{"Node Type": "Bitmap Heap Scan", "Parent Relationship": "Outer", "Relation Name": "link_type", "Alias": "lt", "Startup Cost": 8.34, "Total Cost": 12.51, "Plan Rows": 17, "Plan Width": 16, "Actual Startup Time": 0.0, "Actual Total Time": 0.0, "Exact Heap Blocks": 0, "Lossy Heap Blocks": 0, "Plans": [{"Node Type": "Bitmap Index Scan", "Parent Relationship": "Outer", "Index Name": "link_type_pkey", "Startup Cost": 0.0, "Total Cost": 8.34, "Plan Rows": 17, "Plan Width": 0, "Actual Startup Time": 0.0, "Actual Total Time": 0.0}]}]}]}, {"Node Type": "Bitmap Heap Scan", "Parent Relationship": "Inner", "Relation Name": "title", "Alias": "t2", "Startup Cost": 1.49, "Total Cost": 5.5, "Plan Rows": 1, "Plan Width": 21, "Actual Startup Time": 0.0, "Actual Total Time": 0.0, "Recheck Cond": "(id = ml.linked_movie_id)", "Rows Removed by Index Recheck": 0, "Exact Heap Blocks": 0, "Lossy Heap Blocks": 0, "Plans": [{"Node Type": "Bitmap Index Scan", "Parent Relationship": "Outer", "Index Name": "title_pkey", "Startup Cost": 0.0, "Total Cost": 1.49, "Plan Rows": 1, "Plan Width": 0, "Actual Startup Time": 0.0, "Actual Total Time": 0.0, "Index Cond": "(id = ml.linked_movie_id)"}]}]}]}, "Triggers": [], "Planner Runtime": 3, "Total Runtime": 62.679, "Unique SQL Id": 524435555}}, "(16, 116)": {"explain_plan": {"Plan": {"Node Type": "Aggregate", "Strategy": "Plain", "Startup Cost": 3297.98, "Total Cost": 3297.99, "Plan Rows": 1, "Plan Width": 142, "Plans": [{"Node Type": "Nested Loop", "Parent Relationship": "Outer", "Join Type": "Inner", "Startup Cost": 4.51, "Total Cost": 3296.82, "Plan Rows": 154, "Plan Width": 46, "Inner Unique": true, "Plans": [{"Node Type": "Nested Loop", "Parent Relationship": "Outer", "Join Type": "Inner", "Startup Cost": 4.51, "Total Cost": 2633.25, "Plan Rows": 154, "Plan Width": 33, "Inner Unique": true, "Join Filter": "(ml.link_type_id = lt.id)", "Plans": [{"Node Type": "Nested Loop", "Parent Relationship": "Outer", "Join Type": "Inner", "Startup Cost": 4.51, "Total Cost": 2592.76, "Plan Rows": 154, "Plan Width": 25, "Inner Unique": false, "Plans": [{"Node Type": "Nested Loop", "Parent Relationship": "Outer", "Join Type": "Inner", "Startup Cost": 4.51, "Total Cost": 2579.55, "Plan Rows": 33, "Plan Width": 25, "Inner Unique": true, "Plans": [{"Node Type": "Nested Loop", "Parent Relationship": "Outer", "Join Type": "Inner", "Startup Cost": 4.51, "Total Cost": 2569.02, "Plan Rows": 33, "Plan Width": 4, "Inner Unique": false, "Plans": [{"Node Type": "Seq Scan", "Parent Relationship": "Outer", "Relation Name": "keyword", "Alias": "k", "Startup Cost": 0.0, "Total Cost": 2436.11, "Plan Rows": 1, "Plan Width": 4, "Filter": "((keyword)::text = '10,000-mile-club'::text)"}, {"Node Type": "Bitmap Heap Scan", "Parent Relationship": "Inner", "Relation Name": "movie_keyword", "Alias": "mk", "Startup Cost": 4.51, "Total Cost": 132.58, "Plan Rows": 33, "Plan Width": 8, "Recheck Cond": "(keyword_id = k.id)", "Plans": [{"Node Type": "Bitmap Index Scan", "Parent Relationship": "Outer", "Index Name": "keyword_id_movie_keyword", "Startup Cost": 0.0, "Total Cost": 4.5, "Plan Rows": 33, "Plan Width": 0, "Index Cond": "(keyword_id = k.id)"}]}]}, {"Node Type": "Index Scan", "Parent Relationship": "Inner", "Scan Direction": "Forward", "Index Name": "title_pkey", "Relation Name": "title", "Alias": "t1", "Startup Cost": 0.0, "Total Cost": 0.31, "Plan Rows": 1, "Plan Width": 21, "Index Cond": "(id = mk.movie_id)"}]}, {"Node Type": "Index Scan", "Parent Relationship": "Inner", "Scan Direction": "Forward", "Index Name": "movie_id_movie_link", "Relation Name": "movie_link", "Alias": "ml", "Startup Cost": 0.0, "Total Cost": 0.35, "Plan Rows": 5, "Plan Width": 12, "Index Cond": "(movie_id = t1.id)"}]}, {"Node Type": "Materialize", "Parent Relationship": "Inner", "Startup Cost": 0.0, "Total Cost": 1.25, "Plan Rows": 17, "Plan Width": 16, "Plans": [{"Node Type": "Seq Scan", "Parent Relationship": "Outer", "Relation Name": "link_type", "Alias": "lt", "Startup Cost": 0.0, "Total Cost": 1.17, "Plan Rows": 17, "Plan Width": 16}]}]}, {"Node Type": "Index Scan", "Parent Relationship": "Inner", "Scan Direction": "Forward", "Index Name": "title_pkey", "Relation Name": "title", "Alias": "t2", "Startup Cost": 0.0, "Total Cost": 4.3, "Plan Rows": 1, "Plan Width": 21, "Index Cond": "(id = ml.linked_movie_id)"}]}]}, "Unique SQL Id": 524435555, "Planner Runtime": 3}, "explain_analyze_plan": {"Plan": {"Node Type": "Aggregate", "Strategy": "Plain", "Startup Cost": 3297.98, "Total Cost": 3297.99, "Plan Rows": 1, "Plan Width": 142, "Actual Startup Time": 40.708, "Actual Total Time": 40.708, "Actual Rows": 1, "Actual Loops": 1, "Plans": [{"Node Type": "Nested Loop", "Parent Relationship": "Outer", "Join Type": "Inner", "Startup Cost": 4.51, "Total Cost": 3296.82, "Plan Rows": 154, "Plan Width": 46, "Actual Startup Time": 40.702, "Actual Total Time": 40.702, "Actual Rows": 0, "Actual Loops": 1, "Inner Unique": true, "Plans": [{"Node Type": "Nested Loop", "Parent Relationship": "Outer", "Join Type": "Inner", "Startup Cost": 4.51, "Total Cost": 2633.25, "Plan Rows": 154, "Plan Width": 33, "Actual Startup Time": 40.702, "Actual Total Time": 40.702, "Actual Rows": 0, "Actual Loops": 1, "Inner Unique": true, "Join Filter": "(ml.link_type_id = lt.id)", "Rows Removed by Join Filter": 0, "Plans": [{"Node Type": "Nested Loop", "Parent Relationship": "Outer", "Join Type": "Inner", "Startup Cost": 4.51, "Total Cost": 2592.76, "Plan Rows": 154, "Plan Width": 25, "Actual Startup Time": 40.7, "Actual Total Time": 40.7, "Actual Rows": 0, "Actual Loops": 1, "Inner Unique": false, "Plans": [{"Node Type": "Nested Loop", "Parent Relationship": "Outer", "Join Type": "Inner", "Startup Cost": 4.51, "Total Cost": 2579.55, "Plan Rows": 33, "Plan Width": 25, "Actual Startup Time": 39.825, "Actual Total Time": 40.695, "Actual Rows": 1, "Actual Loops": 1, "Inner Unique": true, "Plans": [{"Node Type": "Nested Loop", "Parent Relationship": "Outer", "Join Type": "Inner", "Startup Cost": 4.51, "Total Cost": 2569.02, "Plan Rows": 33, "Plan Width": 4, "Actual Startup Time": 39.807, "Actual Total Time": 40.676, "Actual Rows": 1, "Actual Loops": 1, "Inner Unique": false, "Plans": [{"Node Type": "Seq Scan", "Parent Relationship": "Outer", "Relation Name": "keyword", "Alias": "k", "Startup Cost": 0.0, "Total Cost": 2436.11, "Plan Rows": 1, "Plan Width": 4, "Actual Startup Time": 39.762, "Actual Total Time": 40.629, "Actual Rows": 1, "Actual Loops": 1, "Filter": "((keyword)::text = '10,000-mile-club'::text)", "Rows Removed by Filter": 134168}, {"Node Type": "Bitmap Heap Scan", "Parent Relationship": "Inner", "Relation Name": "movie_keyword", "Alias": "mk", "Startup Cost": 4.51, "Total Cost": 132.58, "Plan Rows": 33, "Plan Width": 8, "Actual Startup Time": 0.034, "Actual Total Time": 0.035, "Actual Rows": 1, "Actual Loops": 1, "Recheck Cond": "(keyword_id = k.id)", "Rows Removed by Index Recheck": 0, "Exact Heap Blocks": 1, "Lossy Heap Blocks": 1, "Plans": [{"Node Type": "Bitmap Index Scan", "Parent Relationship": "Outer", "Index Name": "keyword_id_movie_keyword", "Startup Cost": 0.0, "Total Cost": 4.5, "Plan Rows": 33, "Plan Width": 0, "Actual Startup Time": 0.021, "Actual Total Time": 0.021, "Actual Rows": 1, "Actual Loops": 1, "Index Cond": "(keyword_id = k.id)"}]}]}, {"Node Type": "Index Scan", "Parent Relationship": "Inner", "Scan Direction": "Forward", "Index Name": "title_pkey", "Relation Name": "title", "Alias": "t1", "Startup Cost": 0.0, "Total Cost": 0.31, "Plan Rows": 1, "Plan Width": 21, "Actual Startup Time": 0.016, "Actual Total Time": 0.016, "Actual Rows": 1, "Actual Loops": 1, "Index Cond": "(id = mk.movie_id)", "Rows Removed by Index Recheck": 0}]}, {"Node Type": "Index Scan", "Parent Relationship": "Inner", "Scan Direction": "Forward", "Index Name": "movie_id_movie_link", "Relation Name": "movie_link", "Alias": "ml", "Startup Cost": 0.0, "Total Cost": 0.35, "Plan Rows": 5, "Plan Width": 12, "Actual Startup Time": 0.003, "Actual Total Time": 0.003, "Actual Rows": 0, "Actual Loops": 1, "Index Cond": "(movie_id = t1.id)", "Rows Removed by Index Recheck": 0}]}, {"Node Type": "Materialize", "Parent Relationship": "Inner", "Startup Cost": 0.0, "Total Cost": 1.25, "Plan Rows": 17, "Plan Width": 16, "Actual Startup Time": 0.0, "Actual Total Time": 0.0, "Plans": [{"Node Type": "Seq Scan", "Parent Relationship": "Outer", "Relation Name": "link_type", "Alias": "lt", "Startup Cost": 0.0, "Total Cost": 1.17, "Plan Rows": 17, "Plan Width": 16, "Actual Startup Time": 0.0, "Actual Total Time": 0.0}]}]}, {"Node Type": "Index Scan", "Parent Relationship": "Inner", "Scan Direction": "Forward", "Index Name": "title_pkey", "Relation Name": "title", "Alias": "t2", "Startup Cost": 0.0, "Total Cost": 4.3, "Plan Rows": 1, "Plan Width": 21, "Actual Startup Time": 0.0, "Actual Total Time": 0.0, "Index Cond": "(id = ml.linked_movie_id)", "Rows Removed by Index Recheck": 0}]}]}, "Triggers": [], "Planner Runtime": 3, "Total Runtime": 40.931, "Unique SQL Id": 524435555}}, "(16, 117)": {"explain_plan": {"Plan": {"Node Type": "Aggregate", "Strategy": "Plain", "Startup Cost": 4047.28, "Total Cost": 4047.29, "Plan Rows": 1, "Plan Width": 142, "Plans": [{"Node Type": "Nested Loop", "Parent Relationship": "Outer", "Join Type": "Inner", "Startup Cost": 4.51, "Total Cost": 4046.12, "Plan Rows": 154, "Plan Width": 46, "Inner Unique": true, "Plans": [{"Node Type": "Nested Loop", "Parent Relationship": "Outer", "Join Type": "Inner", "Startup Cost": 4.51, "Total Cost": 3382.55, "Plan Rows": 154, "Plan Width": 33, "Inner Unique": true, "Plans": [{"Node Type": "Nested Loop", "Parent Relationship": "Outer", "Join Type": "Inner", "Startup Cost": 4.51, "Total Cost": 3339.37, "Plan Rows": 154, "Plan Width": 25, "Inner Unique": false, "Plans": [{"Node Type": "Nested Loop", "Parent Relationship": "Outer", "Join Type": "Inner", "Startup Cost": 4.51, "Total Cost": 3326.15, "Plan Rows": 33, "Plan Width": 25, "Inner Unique": true, "Plans": [{"Node Type": "Nested Loop", "Parent Relationship": "Outer", "Join Type": "Inner", "Startup Cost": 4.51, "Total Cost": 3315.63, "Plan Rows": 33, "Plan Width": 4, "Inner Unique": false, "Plans": [{"Node Type": "Index Scan", "Parent Relationship": "Outer", "Scan Direction": "Forward", "Index Name": "keyword_pkey", "Relation Name": "keyword", "Alias": "k", "Startup Cost": 0.0, "Total Cost": 3182.72, "Plan Rows": 1, "Plan Width": 4, "Filter": "((keyword)::text = '10,000-mile-club'::text)"}, {"Node Type": "Bitmap Heap Scan", "Parent Relationship": "Inner", "Relation Name": "movie_keyword", "Alias": "mk", "Startup Cost": 4.51, "Total Cost": 132.58, "Plan Rows": 33, "Plan Width": 8, "Recheck Cond": "(keyword_id = k.id)", "Plans": [{"Node Type": "Bitmap Index Scan", "Parent Relationship": "Outer", "Index Name": "keyword_id_movie_keyword", "Startup Cost": 0.0, "Total Cost": 4.5, "Plan Rows": 33, "Plan Width": 0, "Index Cond": "(keyword_id = k.id)"}]}]}, {"Node Type": "Index Scan", "Parent Relationship": "Inner", "Scan Direction": "Forward", "Index Name": "title_pkey", "Relation Name": "title", "Alias": "t1", "Startup Cost": 0.0, "Total Cost": 0.31, "Plan Rows": 1, "Plan Width": 21, "Index Cond": "(id = mk.movie_id)"}]}, {"Node Type": "Index Scan", "Parent Relationship": "Inner", "Scan Direction": "Forward", "Index Name": "movie_id_movie_link", "Relation Name": "movie_link", "Alias": "ml", "Startup Cost": 0.0, "Total Cost": 0.35, "Plan Rows": 5, "Plan Width": 12, "Index Cond": "(movie_id = t1.id)"}]}, {"Node Type": "Index Scan", "Parent Relationship": "Inner", "Scan Direction": "Forward", "Index Name": "link_type_pkey", "Relation Name": "link_type", "Alias": "lt", "Startup Cost": 0.0, "Total Cost": 0.27, "Plan Rows": 1, "Plan Width": 16, "Index Cond": "(id = ml.link_type_id)"}]}, {"Node Type": "Index Scan", "Parent Relationship": "Inner", "Scan Direction": "Forward", "Index Name": "title_pkey", "Relation Name": "title", "Alias": "t2", "Startup Cost": 0.0, "Total Cost": 4.3, "Plan Rows": 1, "Plan Width": 21, "Index Cond": "(id = ml.linked_movie_id)"}]}]}, "Unique SQL Id": 524435555, "Planner Runtime": 3}, "explain_analyze_plan": {"Plan": {"Node Type": "Aggregate", "Strategy": "Plain", "Startup Cost": 4047.28, "Total Cost": 4047.29, "Plan Rows": 1, "Plan Width": 142, "Actual Startup Time": 114.966, "Actual Total Time": 114.966, "Actual Rows": 1, "Actual Loops": 1, "Plans": [{"Node Type": "Nested Loop", "Parent Relationship": "Outer", "Join Type": "Inner", "Startup Cost": 4.51, "Total Cost": 4046.12, "Plan Rows": 154, "Plan Width": 46, "Actual Startup Time": 114.961, "Actual Total Time": 114.961, "Actual Rows": 0, "Actual Loops": 1, "Inner Unique": true, "Plans": [{"Node Type": "Nested Loop", "Parent Relationship": "Outer", "Join Type": "Inner", "Startup Cost": 4.51, "Total Cost": 3382.55, "Plan Rows": 154, "Plan Width": 33, "Actual Startup Time": 114.959, "Actual Total Time": 114.959, "Actual Rows": 0, "Actual Loops": 1, "Inner Unique": true, "Plans": [{"Node Type": "Nested Loop", "Parent Relationship": "Outer", "Join Type": "Inner", "Startup Cost": 4.51, "Total Cost": 3339.37, "Plan Rows": 154, "Plan Width": 25, "Actual Startup Time": 114.959, "Actual Total Time": 114.959, "Actual Rows": 0, "Actual Loops": 1, "Inner Unique": false, "Plans": [{"Node Type": "Nested Loop", "Parent Relationship": "Outer", "Join Type": "Inner", "Startup Cost": 4.51, "Total Cost": 3326.15, "Plan Rows": 33, "Plan Width": 25, "Actual Startup Time": 113.082, "Actual Total Time": 114.952, "Actual Rows": 1, "Actual Loops": 1, "Inner Unique": true, "Plans": [{"Node Type": "Nested Loop", "Parent Relationship": "Outer", "Join Type": "Inner", "Startup Cost": 4.51, "Total Cost": 3315.63, "Plan Rows": 33, "Plan Width": 4, "Actual Startup Time": 113.064, "Actual Total Time": 114.934, "Actual Rows": 1, "Actual Loops": 1, "Inner Unique": false, "Plans": [{"Node Type": "Index Scan", "Parent Relationship": "Outer", "Scan Direction": "Forward", "Index Name": "keyword_pkey", "Relation Name": "keyword", "Alias": "k", "Startup Cost": 0.0, "Total Cost": 3182.72, "Plan Rows": 1, "Plan Width": 4, "Actual Startup Time": 113.017, "Actual Total Time": 114.885, "Actual Rows": 1, "Actual Loops": 1, "Filter": "((keyword)::text = '10,000-mile-club'::text)", "Rows Removed by Filter": 134168}, {"Node Type": "Bitmap Heap Scan", "Parent Relationship": "Inner", "Relation Name": "movie_keyword", "Alias": "mk", "Startup Cost": 4.51, "Total Cost": 132.58, "Plan Rows": 33, "Plan Width": 8, "Actual Startup Time": 0.031, "Actual Total Time": 0.031, "Actual Rows": 1, "Actual Loops": 1, "Recheck Cond": "(keyword_id = k.id)", "Rows Removed by Index Recheck": 0, "Exact Heap Blocks": 1, "Lossy Heap Blocks": 1, "Plans": [{"Node Type": "Bitmap Index Scan", "Parent Relationship": "Outer", "Index Name": "keyword_id_movie_keyword", "Startup Cost": 0.0, "Total Cost": 4.5, "Plan Rows": 33, "Plan Width": 0, "Actual Startup Time": 0.02, "Actual Total Time": 0.02, "Actual Rows": 1, "Actual Loops": 1, "Index Cond": "(keyword_id = k.id)"}]}]}, {"Node Type": "Index Scan", "Parent Relationship": "Inner", "Scan Direction": "Forward", "Index Name": "title_pkey", "Relation Name": "title", "Alias": "t1", "Startup Cost": 0.0, "Total Cost": 0.31, "Plan Rows": 1, "Plan Width": 21, "Actual Startup Time": 0.014, "Actual Total Time": 0.014, "Actual Rows": 1, "Actual Loops": 1, "Index Cond": "(id = mk.movie_id)", "Rows Removed by Index Recheck": 0}]}, {"Node Type": "Index Scan", "Parent Relationship": "Inner", "Scan Direction": "Forward", "Index Name": "movie_id_movie_link", "Relation Name": "movie_link", "Alias": "ml", "Startup Cost": 0.0, "Total Cost": 0.35, "Plan Rows": 5, "Plan Width": 12, "Actual Startup Time": 0.004, "Actual Total Time": 0.004, "Actual Rows": 0, "Actual Loops": 1, "Index Cond": "(movie_id = t1.id)", "Rows Removed by Index Recheck": 0}]}, {"Node Type": "Index Scan", "Parent Relationship": "Inner", "Scan Direction": "Forward", "Index Name": "link_type_pkey", "Relation Name": "link_type", "Alias": "lt", "Startup Cost": 0.0, "Total Cost": 0.27, "Plan Rows": 1, "Plan Width": 16, "Actual Startup Time": 0.0, "Actual Total Time": 0.0, "Index Cond": "(id = ml.link_type_id)", "Rows Removed by Index Recheck": 0}]}, {"Node Type": "Index Scan", "Parent Relationship": "Inner", "Scan Direction": "Forward", "Index Name": "title_pkey", "Relation Name": "title", "Alias": "t2", "Startup Cost": 0.0, "Total Cost": 4.3, "Plan Rows": 1, "Plan Width": 21, "Actual Startup Time": 0.0, "Actual Total Time": 0.0, "Index Cond": "(id = ml.linked_movie_id)", "Rows Removed by Index Recheck": 0}]}]}, "Triggers": [], "Planner Runtime": 3, "Total Runtime": 115.218, "Unique SQL Id": 524435555}}, "(16, 118)": {"explain_plan": {"Plan": {"Node Type": "Aggregate", "Strategy": "Plain", "Startup Cost": 3747.02, "Total Cost": 3747.03, "Plan Rows": 1, "Plan Width": 142, "Plans": [{"Node Type": "Nested Loop", "Parent Relationship": "Outer", "Join Type": "Inner", "Startup Cost": 6.55, "Total Cost": 3745.86, "Plan Rows": 154, "Plan Width": 46, "Inner Unique": true, "Plans": [{"Node Type": "Nested Loop", "Parent Relationship": "Outer", "Join Type": "Inner", "Startup Cost": 5.06, "Total Cost": 2896.68, "Plan Rows": 154, "Plan Width": 33, "Inner Unique": true, "Join Filter": "(ml.link_type_id = lt.id)", "Plans": [{"Node Type": "Nested Loop", "Parent Relationship": "Outer", "Join Type": "Inner", "Startup Cost": 5.06, "Total Cost": 2856.2, "Plan Rows": 154, "Plan Width": 25, "Inner Unique": false, "Join Filter": "(t1.id = ml.movie_id)", "Plans": [{"Node Type": "Nested Loop", "Parent Relationship": "Outer", "Join Type": "Inner", "Startup Cost": 4.77, "Total Cost": 2710.54, "Plan Rows": 33, "Plan Width": 25, "Inner Unique": true, "Plans": [{"Node Type": "Nested Loop", "Parent Relationship": "Outer", "Join Type": "Inner", "Startup Cost": 4.51, "Total Cost": 2569.02, "Plan Rows": 33, "Plan Width": 4, "Inner Unique": false, "Plans": [{"Node Type": "Seq Scan", "Parent Relationship": "Outer", "Relation Name": "keyword", "Alias": "k", "Startup Cost": 0.0, "Total Cost": 2436.11, "Plan Rows": 1, "Plan Width": 4, "Filter": "((keyword)::text = '10,000-mile-club'::text)"}, {"Node Type": "Bitmap Heap Scan", "Parent Relationship": "Inner", "Relation Name": "movie_keyword", "Alias": "mk", "Startup Cost": 4.51, "Total Cost": 132.58, "Plan Rows": 33, "Plan Width": 8, "Recheck Cond": "(keyword_id = k.id)", "Plans": [{"Node Type": "Bitmap Index Scan", "Parent Relationship": "Outer", "Index Name": "keyword_id_movie_keyword", "Startup Cost": 0.0, "Total Cost": 4.5, "Plan Rows": 33, "Plan Width": 0, "Index Cond": "(keyword_id = k.id)"}]}]}, {"Node Type": "Bitmap Heap Scan", "Parent Relationship": "Inner", "Relation Name": "title", "Alias": "t1", "Startup Cost": 0.27, "Total Cost": 4.28, "Plan Rows": 1, "Plan Width": 21, "Recheck Cond": "(id = mk.movie_id)", "Plans": [{"Node Type": "Bitmap Index Scan", "Parent Relationship": "Outer", "Index Name": "title_pkey", "Startup Cost": 0.0, "Total Cost": 0.27, "Plan Rows": 1, "Plan Width": 0, "Index Cond": "(id = mk.movie_id)"}]}]}, {"Node Type": "Bitmap Heap Scan", "Parent Relationship": "Inner", "Relation Name": "movie_link", "Alias": "ml", "Startup Cost": 0.29, "Total Cost": 4.35, "Plan Rows": 5, "Plan Width": 12, "Recheck Cond": "(movie_id = mk.movie_id)", "Plans": [{"Node Type": "Bitmap Index Scan", "Parent Relationship": "Outer", "Index Name": "movie_id_movie_link", "Startup Cost": 0.0, "Total Cost": 0.29, "Plan Rows": 5, "Plan Width": 0, "Index Cond": "(movie_id = mk.movie_id)"}]}]}, {"Node Type": "Materialize", "Parent Relationship": "Inner", "Startup Cost": 0.0, "Total Cost": 1.25, "Plan Rows": 17, "Plan Width": 16, "Plans": [{"Node Type": "Seq Scan", "Parent Relationship": "Outer", "Relation Name": "link_type", "Alias": "lt", "Startup Cost": 0.0, "Total Cost": 1.17, "Plan Rows": 17, "Plan Width": 16}]}]}, {"Node Type": "Bitmap Heap Scan", "Parent Relationship": "Inner", "Relation Name": "title", "Alias": "t2", "Startup Cost": 1.49, "Total Cost": 5.5, "Plan Rows": 1, "Plan Width": 21, "Recheck Cond": "(id = ml.linked_movie_id)", "Plans": [{"Node Type": "Bitmap Index Scan", "Parent Relationship": "Outer", "Index Name": "title_pkey", "Startup Cost": 0.0, "Total Cost": 1.49, "Plan Rows": 1, "Plan Width": 0, "Index Cond": "(id = ml.linked_movie_id)"}]}]}]}, "Unique SQL Id": 524435555, "Planner Runtime": 7}, "explain_analyze_plan": {"Plan": {"Node Type": "Aggregate", "Strategy": "Plain", "Startup Cost": 3747.02, "Total Cost": 3747.03, "Plan Rows": 1, "Plan Width": 142, "Actual Startup Time": 40.652, "Actual Total Time": 40.652, "Actual Rows": 1, "Actual Loops": 1, "Plans": [{"Node Type": "Nested Loop", "Parent Relationship": "Outer", "Join Type": "Inner", "Startup Cost": 6.55, "Total Cost": 3745.86, "Plan Rows": 154, "Plan Width": 46, "Actual Startup Time": 40.647, "Actual Total Time": 40.647, "Actual Rows": 0, "Actual Loops": 1, "Inner Unique": true, "Plans": [{"Node Type": "Nested Loop", "Parent Relationship": "Outer", "Join Type": "Inner", "Startup Cost": 5.06, "Total Cost": 2896.68, "Plan Rows": 154, "Plan Width": 33, "Actual Startup Time": 40.646, "Actual Total Time": 40.646, "Actual Rows": 0, "Actual Loops": 1, "Inner Unique": true, "Join Filter": "(ml.link_type_id = lt.id)", "Rows Removed by Join Filter": 0, "Plans": [{"Node Type": "Nested Loop", "Parent Relationship": "Outer", "Join Type": "Inner", "Startup Cost": 5.06, "Total Cost": 2856.2, "Plan Rows": 154, "Plan Width": 25, "Actual Startup Time": 40.645, "Actual Total Time": 40.645, "Actual Rows": 0, "Actual Loops": 1, "Inner Unique": false, "Join Filter": "(t1.id = ml.movie_id)", "Rows Removed by Join Filter": 0, "Plans": [{"Node Type": "Nested Loop", "Parent Relationship": "Outer", "Join Type": "Inner", "Startup Cost": 4.77, "Total Cost": 2710.54, "Plan Rows": 33, "Plan Width": 25, "Actual Startup Time": 39.766, "Actual Total Time": 40.634, "Actual Rows": 1, "Actual Loops": 1, "Inner Unique": true, "Plans": [{"Node Type": "Nested Loop", "Parent Relationship": "Outer", "Join Type": "Inner", "Startup Cost": 4.51, "Total Cost": 2569.02, "Plan Rows": 33, "Plan Width": 4, "Actual Startup Time": 39.749, "Actual Total Time": 40.617, "Actual Rows": 1, "Actual Loops": 1, "Inner Unique": false, "Plans": [{"Node Type": "Seq Scan", "Parent Relationship": "Outer", "Relation Name": "keyword", "Alias": "k", "Startup Cost": 0.0, "Total Cost": 2436.11, "Plan Rows": 1, "Plan Width": 4, "Actual Startup Time": 39.706, "Actual Total Time": 40.572, "Actual Rows": 1, "Actual Loops": 1, "Filter": "((keyword)::text = '10,000-mile-club'::text)", "Rows Removed by Filter": 134168}, {"Node Type": "Bitmap Heap Scan", "Parent Relationship": "Inner", "Relation Name": "movie_keyword", "Alias": "mk", "Startup Cost": 4.51, "Total Cost": 132.58, "Plan Rows": 33, "Plan Width": 8, "Actual Startup Time": 0.032, "Actual Total Time": 0.032, "Actual Rows": 1, "Actual Loops": 1, "Recheck Cond": "(keyword_id = k.id)", "Rows Removed by Index Recheck": 0, "Exact Heap Blocks": 1, "Lossy Heap Blocks": 1, "Plans": [{"Node Type": "Bitmap Index Scan", "Parent Relationship": "Outer", "Index Name": "keyword_id_movie_keyword", "Startup Cost": 0.0, "Total Cost": 4.5, "Plan Rows": 33, "Plan Width": 0, "Actual Startup Time": 0.02, "Actual Total Time": 0.02, "Actual Rows": 1, "Actual Loops": 1, "Index Cond": "(keyword_id = k.id)"}]}]}, {"Node Type": "Bitmap Heap Scan", "Parent Relationship": "Inner", "Relation Name": "title", "Alias": "t1", "Startup Cost": 0.27, "Total Cost": 4.28, "Plan Rows": 1, "Plan Width": 21, "Actual Startup Time": 0.013, "Actual Total Time": 0.013, "Actual Rows": 1, "Actual Loops": 1, "Recheck Cond": "(id = mk.movie_id)", "Rows Removed by Index Recheck": 0, "Exact Heap Blocks": 1, "Lossy Heap Blocks": 1, "Plans": [{"Node Type": "Bitmap Index Scan", "Parent Relationship": "Outer", "Index Name": "title_pkey", "Startup Cost": 0.0, "Total Cost": 0.27, "Plan Rows": 1, "Plan Width": 0, "Actual Startup Time": 0.009, "Actual Total Time": 0.009, "Actual Rows": 1, "Actual Loops": 1, "Index Cond": "(id = mk.movie_id)"}]}]}, {"Node Type": "Bitmap Heap Scan", "Parent Relationship": "Inner", "Relation Name": "movie_link", "Alias": "ml", "Startup Cost": 0.29, "Total Cost": 4.35, "Plan Rows": 5, "Plan Width": 12, "Actual Startup Time": 0.007, "Actual Total Time": 0.007, "Actual Rows": 0, "Actual Loops": 1, "Recheck Cond": "(movie_id = mk.movie_id)", "Rows Removed by Index Recheck": 0, "Exact Heap Blocks": 0, "Lossy Heap Blocks": 0, "Plans": [{"Node Type": "Bitmap Index Scan", "Parent Relationship": "Outer", "Index Name": "movie_id_movie_link", "Startup Cost": 0.0, "Total Cost": 0.29, "Plan Rows": 5, "Plan Width": 0, "Actual Startup Time": 0.003, "Actual Total Time": 0.003, "Actual Rows": 0, "Actual Loops": 1, "Index Cond": "(movie_id = mk.movie_id)"}]}]}, {"Node Type": "Materialize", "Parent Relationship": "Inner", "Startup Cost": 0.0, "Total Cost": 1.25, "Plan Rows": 17, "Plan Width": 16, "Actual Startup Time": 0.0, "Actual Total Time": 0.0, "Plans": [{"Node Type": "Seq Scan", "Parent Relationship": "Outer", "Relation Name": "link_type", "Alias": "lt", "Startup Cost": 0.0, "Total Cost": 1.17, "Plan Rows": 17, "Plan Width": 16, "Actual Startup Time": 0.0, "Actual Total Time": 0.0}]}]}, {"Node Type": "Bitmap Heap Scan", "Parent Relationship": "Inner", "Relation Name": "title", "Alias": "t2", "Startup Cost": 1.49, "Total Cost": 5.5, "Plan Rows": 1, "Plan Width": 21, "Actual Startup Time": 0.0, "Actual Total Time": 0.0, "Recheck Cond": "(id = ml.linked_movie_id)", "Rows Removed by Index Recheck": 0, "Exact Heap Blocks": 0, "Lossy Heap Blocks": 0, "Plans": [{"Node Type": "Bitmap Index Scan", "Parent Relationship": "Outer", "Index Name": "title_pkey", "Startup Cost": 0.0, "Total Cost": 1.49, "Plan Rows": 1, "Plan Width": 0, "Actual Startup Time": 0.0, "Actual Total Time": 0.0, "Index Cond": "(id = ml.linked_movie_id)"}]}]}]}, "Triggers": [], "Planner Runtime": 7, "Total Runtime": 40.898, "Unique SQL Id": 524435555}}, "(16, 119)": {"explain_plan": {"Plan": {"Node Type": "Aggregate", "Strategy": "Plain", "Startup Cost": 4477.45, "Total Cost": 4477.46, "Plan Rows": 1, "Plan Width": 142, "Plans": [{"Node Type": "Nested Loop", "Parent Relationship": "Outer", "Join Type": "Inner", "Startup Cost": 733.99, "Total Cost": 4476.3, "Plan Rows": 154, "Plan Width": 46, "Inner Unique": true, "Plans": [{"Node Type": "Nested Loop", "Parent Relationship": "Outer", "Join Type": "Inner", "Startup Cost": 732.5, "Total Cost": 3627.12, "Plan Rows": 154, "Plan Width": 33, "Inner Unique": true, "Join Filter": "(ml.link_type_id = lt.id)", "Plans": [{"Node Type": "Nested Loop", "Parent Relationship": "Outer", "Join Type": "Inner", "Startup Cost": 724.16, "Total Cost": 3575.3, "Plan Rows": 154, "Plan Width": 25, "Inner Unique": false, "Join Filter": "(t1.id = ml.movie_id)", "Plans": [{"Node Type": "Nested Loop", "Parent Relationship": "Outer", "Join Type": "Inner", "Startup Cost": 723.87, "Total Cost": 3429.64, "Plan Rows": 33, "Plan Width": 25, "Inner Unique": true, "Plans": [{"Node Type": "Nested Loop", "Parent Relationship": "Outer", "Join Type": "Inner", "Startup Cost": 723.6, "Total Cost": 3288.12, "Plan Rows": 33, "Plan Width": 4, "Inner Unique": false, "Plans": [{"Node Type": "Bitmap Heap Scan", "Parent Relationship": "Outer", "Relation Name": "keyword", "Alias": "k", "Startup Cost": 719.1, "Total Cost": 3155.21, "Plan Rows": 1, "Plan Width": 4, "Filter": "((keyword)::text = '10,000-mile-club'::text)", "Plans": [{"Node Type": "Bitmap Index Scan", "Parent Relationship": "Outer", "Index Name": "keyword_pkey", "Startup Cost": 0.0, "Total Cost": 719.1, "Plan Rows": 134169, "Plan Width": 0}]}, {"Node Type": "Bitmap Heap Scan", "Parent Relationship": "Inner", "Relation Name": "movie_keyword", "Alias": "mk", "Startup Cost": 4.51, "Total Cost": 132.58, "Plan Rows": 33, "Plan Width": 8, "Recheck Cond": "(keyword_id = k.id)", "Plans": [{"Node Type": "Bitmap Index Scan", "Parent Relationship": "Outer", "Index Name": "keyword_id_movie_keyword", "Startup Cost": 0.0, "Total Cost": 4.5, "Plan Rows": 33, "Plan Width": 0, "Index Cond": "(keyword_id = k.id)"}]}]}, {"Node Type": "Bitmap Heap Scan", "Parent Relationship": "Inner", "Relation Name": "title", "Alias": "t1", "Startup Cost": 0.27, "Total Cost": 4.28, "Plan Rows": 1, "Plan Width": 21, "Recheck Cond": "(id = mk.movie_id)", "Plans": [{"Node Type": "Bitmap Index Scan", "Parent Relationship": "Outer", "Index Name": "title_pkey", "Startup Cost": 0.0, "Total Cost": 0.27, "Plan Rows": 1, "Plan Width": 0, "Index Cond": "(id = mk.movie_id)"}]}]}, {"Node Type": "Bitmap Heap Scan", "Parent Relationship": "Inner", "Relation Name": "movie_link", "Alias": "ml", "Startup Cost": 0.29, "Total Cost": 4.35, "Plan Rows": 5, "Plan Width": 12, "Recheck Cond": "(movie_id = mk.movie_id)", "Plans": [{"Node Type": "Bitmap Index Scan", "Parent Relationship": "Outer", "Index Name": "movie_id_movie_link", "Startup Cost": 0.0, "Total Cost": 0.29, "Plan Rows": 5, "Plan Width": 0, "Index Cond": "(movie_id = mk.movie_id)"}]}]}, {"Node Type": "Materialize", "Parent Relationship": "Inner", "Startup Cost": 8.34, "Total Cost": 12.59, "Plan Rows": 17, "Plan Width": 16, "Plans": [{"Node Type": "Bitmap Heap Scan", "Parent Relationship": "Outer", "Relation Name": "link_type", "Alias": "lt", "Startup Cost": 8.34, "Total Cost": 12.51, "Plan Rows": 17, "Plan Width": 16, "Plans": [{"Node Type": "Bitmap Index Scan", "Parent Relationship": "Outer", "Index Name": "link_type_pkey", "Startup Cost": 0.0, "Total Cost": 8.34, "Plan Rows": 17, "Plan Width": 0}]}]}]}, {"Node Type": "Bitmap Heap Scan", "Parent Relationship": "Inner", "Relation Name": "title", "Alias": "t2", "Startup Cost": 1.49, "Total Cost": 5.5, "Plan Rows": 1, "Plan Width": 21, "Recheck Cond": "(id = ml.linked_movie_id)", "Plans": [{"Node Type": "Bitmap Index Scan", "Parent Relationship": "Outer", "Index Name": "title_pkey", "Startup Cost": 0.0, "Total Cost": 1.49, "Plan Rows": 1, "Plan Width": 0, "Index Cond": "(id = ml.linked_movie_id)"}]}]}]}, "Unique SQL Id": 524435555, "Planner Runtime": 3}, "explain_analyze_plan": {"Plan": {"Node Type": "Aggregate", "Strategy": "Plain", "Startup Cost": 4477.45, "Total Cost": 4477.46, "Plan Rows": 1, "Plan Width": 142, "Actual Startup Time": 62.41, "Actual Total Time": 62.41, "Actual Rows": 1, "Actual Loops": 1, "Plans": [{"Node Type": "Nested Loop", "Parent Relationship": "Outer", "Join Type": "Inner", "Startup Cost": 733.99, "Total Cost": 4476.3, "Plan Rows": 154, "Plan Width": 46, "Actual Startup Time": 62.405, "Actual Total Time": 62.405, "Actual Rows": 0, "Actual Loops": 1, "Inner Unique": true, "Plans": [{"Node Type": "Nested Loop", "Parent Relationship": "Outer", "Join Type": "Inner", "Startup Cost": 732.5, "Total Cost": 3627.12, "Plan Rows": 154, "Plan Width": 33, "Actual Startup Time": 62.405, "Actual Total Time": 62.405, "Actual Rows": 0, "Actual Loops": 1, "Inner Unique": true, "Join Filter": "(ml.link_type_id = lt.id)", "Rows Removed by Join Filter": 0, "Plans": [{"Node Type": "Nested Loop", "Parent Relationship": "Outer", "Join Type": "Inner", "Startup Cost": 724.16, "Total Cost": 3575.3, "Plan Rows": 154, "Plan Width": 25, "Actual Startup Time": 62.403, "Actual Total Time": 62.403, "Actual Rows": 0, "Actual Loops": 1, "Inner Unique": false, "Join Filter": "(t1.id = ml.movie_id)", "Rows Removed by Join Filter": 0, "Plans": [{"Node Type": "Nested Loop", "Parent Relationship": "Outer", "Join Type": "Inner", "Startup Cost": 723.87, "Total Cost": 3429.64, "Plan Rows": 33, "Plan Width": 25, "Actual Startup Time": 61.321, "Actual Total Time": 62.394, "Actual Rows": 1, "Actual Loops": 1, "Inner Unique": true, "Plans": [{"Node Type": "Nested Loop", "Parent Relationship": "Outer", "Join Type": "Inner", "Startup Cost": 723.6, "Total Cost": 3288.12, "Plan Rows": 33, "Plan Width": 4, "Actual Startup Time": 61.3, "Actual Total Time": 62.373, "Actual Rows": 1, "Actual Loops": 1, "Inner Unique": false, "Plans": [{"Node Type": "Bitmap Heap Scan", "Parent Relationship": "Outer", "Relation Name": "keyword", "Alias": "k", "Startup Cost": 719.1, "Total Cost": 3155.21, "Plan Rows": 1, "Plan Width": 4, "Actual Startup Time": 61.255, "Actual Total Time": 62.326, "Actual Rows": 1, "Actual Loops": 1, "Filter": "((keyword)::text = '10,000-mile-club'::text)", "Rows Removed by Filter": 134168, "Exact Heap Blocks": 759, "Lossy Heap Blocks": 759, "Plans": [{"Node Type": "Bitmap Index Scan", "Parent Relationship": "Outer", "Index Name": "keyword_pkey", "Startup Cost": 0.0, "Total Cost": 719.1, "Plan Rows": 134169, "Plan Width": 0, "Actual Startup Time": 11.477, "Actual Total Time": 11.477, "Actual Rows": 134169, "Actual Loops": 1}]}, {"Node Type": "Bitmap Heap Scan", "Parent Relationship": "Inner", "Relation Name": "movie_keyword", "Alias": "mk", "Startup Cost": 4.51, "Total Cost": 132.58, "Plan Rows": 33, "Plan Width": 8, "Actual Startup Time": 0.03, "Actual Total Time": 0.03, "Actual Rows": 1, "Actual Loops": 1, "Recheck Cond": "(keyword_id = k.id)", "Rows Removed by Index Recheck": 0, "Exact Heap Blocks": 1, "Lossy Heap Blocks": 1, "Plans": [{"Node Type": "Bitmap Index Scan", "Parent Relationship": "Outer", "Index Name": "keyword_id_movie_keyword", "Startup Cost": 0.0, "Total Cost": 4.5, "Plan Rows": 33, "Plan Width": 0, "Actual Startup Time": 0.019, "Actual Total Time": 0.019, "Actual Rows": 1, "Actual Loops": 1, "Index Cond": "(keyword_id = k.id)"}]}]}, {"Node Type": "Bitmap Heap Scan", "Parent Relationship": "Inner", "Relation Name": "title", "Alias": "t1", "Startup Cost": 0.27, "Total Cost": 4.28, "Plan Rows": 1, "Plan Width": 21, "Actual Startup Time": 0.015, "Actual Total Time": 0.015, "Actual Rows": 1, "Actual Loops": 1, "Recheck Cond": "(id = mk.movie_id)", "Rows Removed by Index Recheck": 0, "Exact Heap Blocks": 1, "Lossy Heap Blocks": 1, "Plans": [{"Node Type": "Bitmap Index Scan", "Parent Relationship": "Outer", "Index Name": "title_pkey", "Startup Cost": 0.0, "Total Cost": 0.27, "Plan Rows": 1, "Plan Width": 0, "Actual Startup Time": 0.011, "Actual Total Time": 0.011, "Actual Rows": 1, "Actual Loops": 1, "Index Cond": "(id = mk.movie_id)"}]}]}, {"Node Type": "Bitmap Heap Scan", "Parent Relationship": "Inner", "Relation Name": "movie_link", "Alias": "ml", "Startup Cost": 0.29, "Total Cost": 4.35, "Plan Rows": 5, "Plan Width": 12, "Actual Startup Time": 0.006, "Actual Total Time": 0.006, "Actual Rows": 0, "Actual Loops": 1, "Recheck Cond": "(movie_id = mk.movie_id)", "Rows Removed by Index Recheck": 0, "Exact Heap Blocks": 0, "Lossy Heap Blocks": 0, "Plans": [{"Node Type": "Bitmap Index Scan", "Parent Relationship": "Outer", "Index Name": "movie_id_movie_link", "Startup Cost": 0.0, "Total Cost": 0.29, "Plan Rows": 5, "Plan Width": 0, "Actual Startup Time": 0.003, "Actual Total Time": 0.003, "Actual Rows": 0, "Actual Loops": 1, "Index Cond": "(movie_id = mk.movie_id)"}]}]}, {"Node Type": "Materialize", "Parent Relationship": "Inner", "Startup Cost": 8.34, "Total Cost": 12.59, "Plan Rows": 17, "Plan Width": 16, "Actual Startup Time": 0.0, "Actual Total Time": 0.0, "Plans": [{"Node Type": "Bitmap Heap Scan", "Parent Relationship": "Outer", "Relation Name": "link_type", "Alias": "lt", "Startup Cost": 8.34, "Total Cost": 12.51, "Plan Rows": 17, "Plan Width": 16, "Actual Startup Time": 0.0, "Actual Total Time": 0.0, "Exact Heap Blocks": 0, "Lossy Heap Blocks": 0, "Plans": [{"Node Type": "Bitmap Index Scan", "Parent Relationship": "Outer", "Index Name": "link_type_pkey", "Startup Cost": 0.0, "Total Cost": 8.34, "Plan Rows": 17, "Plan Width": 0, "Actual Startup Time": 0.0, "Actual Total Time": 0.0}]}]}]}, {"Node Type": "Bitmap Heap Scan", "Parent Relationship": "Inner", "Relation Name": "title", "Alias": "t2", "Startup Cost": 1.49, "Total Cost": 5.5, "Plan Rows": 1, "Plan Width": 21, "Actual Startup Time": 0.0, "Actual Total Time": 0.0, "Recheck Cond": "(id = ml.linked_movie_id)", "Rows Removed by Index Recheck": 0, "Exact Heap Blocks": 0, "Lossy Heap Blocks": 0, "Plans": [{"Node Type": "Bitmap Index Scan", "Parent Relationship": "Outer", "Index Name": "title_pkey", "Startup Cost": 0.0, "Total Cost": 1.49, "Plan Rows": 1, "Plan Width": 0, "Actual Startup Time": 0.0, "Actual Total Time": 0.0, "Index Cond": "(id = ml.linked_movie_id)"}]}]}]}, "Triggers": [], "Planner Runtime": 3, "Total Runtime": 62.679, "Unique SQL Id": 524435555}}, "(16, 120)": {"explain_plan": {"Plan": {"Node Type": "Aggregate", "Strategy": "Plain", "Startup Cost": 3302.27, "Total Cost": 3302.28, "Plan Rows": 1, "Plan Width": 142, "Plans": [{"Node Type": "Nested Loop", "Parent Relationship": "Outer", "Join Type": "Inner", "Startup Cost": 0.0, "Total Cost": 3301.12, "Plan Rows": 154, "Plan Width": 46, "Inner Unique": true, "Plans": [{"Node Type": "Nested Loop", "Parent Relationship": "Outer", "Join Type": "Inner", "Startup Cost": 0.0, "Total Cost": 2637.54, "Plan Rows": 154, "Plan Width": 33, "Inner Unique": true, "Join Filter": "(ml.link_type_id = lt.id)", "Plans": [{"Node Type": "Nested Loop", "Parent Relationship": "Outer", "Join Type": "Inner", "Startup Cost": 0.0, "Total Cost": 2597.06, "Plan Rows": 154, "Plan Width": 25, "Inner Unique": false, "Plans": [{"Node Type": "Nested Loop", "Parent Relationship": "Outer", "Join Type": "Inner", "Startup Cost": 0.0, "Total Cost": 2583.84, "Plan Rows": 33, "Plan Width": 25, "Inner Unique": true, "Plans": [{"Node Type": "Nested Loop", "Parent Relationship": "Outer", "Join Type": "Inner", "Startup Cost": 0.0, "Total Cost": 2573.32, "Plan Rows": 33, "Plan Width": 4, "Inner Unique": false, "Plans": [{"Node Type": "Seq Scan", "Parent Relationship": "Outer", "Relation Name": "keyword", "Alias": "k", "Startup Cost": 0.0, "Total Cost": 2436.11, "Plan Rows": 1, "Plan Width": 4, "Filter": "((keyword)::text = '10,000-mile-club'::text)"}, {"Node Type": "Index Scan", "Parent Relationship": "Inner", "Scan Direction": "Forward", "Index Name": "keyword_id_movie_keyword", "Relation Name": "movie_keyword", "Alias": "mk", "Startup Cost": 0.0, "Total Cost": 136.88, "Plan Rows": 33, "Plan Width": 8, "Index Cond": "(keyword_id = k.id)"}]}, {"Node Type": "Index Scan", "Parent Relationship": "Inner", "Scan Direction": "Forward", "Index Name": "title_pkey", "Relation Name": "title", "Alias": "t1", "Startup Cost": 0.0, "Total Cost": 0.31, "Plan Rows": 1, "Plan Width": 21, "Index Cond": "(id = mk.movie_id)"}]}, {"Node Type": "Index Scan", "Parent Relationship": "Inner", "Scan Direction": "Forward", "Index Name": "movie_id_movie_link", "Relation Name": "movie_link", "Alias": "ml", "Startup Cost": 0.0, "Total Cost": 0.35, "Plan Rows": 5, "Plan Width": 12, "Index Cond": "(movie_id = t1.id)"}]}, {"Node Type": "Materialize", "Parent Relationship": "Inner", "Startup Cost": 0.0, "Total Cost": 1.25, "Plan Rows": 17, "Plan Width": 16, "Plans": [{"Node Type": "Seq Scan", "Parent Relationship": "Outer", "Relation Name": "link_type", "Alias": "lt", "Startup Cost": 0.0, "Total Cost": 1.17, "Plan Rows": 17, "Plan Width": 16}]}]}, {"Node Type": "Index Scan", "Parent Relationship": "Inner", "Scan Direction": "Forward", "Index Name": "title_pkey", "Relation Name": "title", "Alias": "t2", "Startup Cost": 0.0, "Total Cost": 4.3, "Plan Rows": 1, "Plan Width": 21, "Index Cond": "(id = ml.linked_movie_id)"}]}]}, "Unique SQL Id": 524435555, "Planner Runtime": 3}, "explain_analyze_plan": {"Plan": {"Node Type": "Aggregate", "Strategy": "Plain", "Startup Cost": 3302.27, "Total Cost": 3302.28, "Plan Rows": 1, "Plan Width": 142, "Actual Startup Time": 40.736, "Actual Total Time": 40.736, "Actual Rows": 1, "Actual Loops": 1, "Plans": [{"Node Type": "Nested Loop", "Parent Relationship": "Outer", "Join Type": "Inner", "Startup Cost": 0.0, "Total Cost": 3301.12, "Plan Rows": 154, "Plan Width": 46, "Actual Startup Time": 40.731, "Actual Total Time": 40.731, "Actual Rows": 0, "Actual Loops": 1, "Inner Unique": true, "Plans": [{"Node Type": "Nested Loop", "Parent Relationship": "Outer", "Join Type": "Inner", "Startup Cost": 0.0, "Total Cost": 2637.54, "Plan Rows": 154, "Plan Width": 33, "Actual Startup Time": 40.729, "Actual Total Time": 40.729, "Actual Rows": 0, "Actual Loops": 1, "Inner Unique": true, "Join Filter": "(ml.link_type_id = lt.id)", "Rows Removed by Join Filter": 0, "Plans": [{"Node Type": "Nested Loop", "Parent Relationship": "Outer", "Join Type": "Inner", "Startup Cost": 0.0, "Total Cost": 2597.06, "Plan Rows": 154, "Plan Width": 25, "Actual Startup Time": 40.728, "Actual Total Time": 40.728, "Actual Rows": 0, "Actual Loops": 1, "Inner Unique": false, "Plans": [{"Node Type": "Nested Loop", "Parent Relationship": "Outer", "Join Type": "Inner", "Startup Cost": 0.0, "Total Cost": 2583.84, "Plan Rows": 33, "Plan Width": 25, "Actual Startup Time": 39.856, "Actual Total Time": 40.723, "Actual Rows": 1, "Actual Loops": 1, "Inner Unique": true, "Plans": [{"Node Type": "Nested Loop", "Parent Relationship": "Outer", "Join Type": "Inner", "Startup Cost": 0.0, "Total Cost": 2573.32, "Plan Rows": 33, "Plan Width": 4, "Actual Startup Time": 39.843, "Actual Total Time": 40.709, "Actual Rows": 1, "Actual Loops": 1, "Inner Unique": false, "Plans": [{"Node Type": "Seq Scan", "Parent Relationship": "Outer", "Relation Name": "keyword", "Alias": "k", "Startup Cost": 0.0, "Total Cost": 2436.11, "Plan Rows": 1, "Plan Width": 4, "Actual Startup Time": 39.815, "Actual Total Time": 40.68, "Actual Rows": 1, "Actual Loops": 1, "Filter": "((keyword)::text = '10,000-mile-club'::text)", "Rows Removed by Filter": 134168}, {"Node Type": "Index Scan", "Parent Relationship": "Inner", "Scan Direction": "Forward", "Index Name": "keyword_id_movie_keyword", "Relation Name": "movie_keyword", "Alias": "mk", "Startup Cost": 0.0, "Total Cost": 136.88, "Plan Rows": 33, "Plan Width": 8, "Actual Startup Time": 0.021, "Actual Total Time": 0.022, "Actual Rows": 1, "Actual Loops": 1, "Index Cond": "(keyword_id = k.id)", "Rows Removed by Index Recheck": 0}]}, {"Node Type": "Index Scan", "Parent Relationship": "Inner", "Scan Direction": "Forward", "Index Name": "title_pkey", "Relation Name": "title", "Alias": "t1", "Startup Cost": 0.0, "Total Cost": 0.31, "Plan Rows": 1, "Plan Width": 21, "Actual Startup Time": 0.01, "Actual Total Time": 0.01, "Actual Rows": 1, "Actual Loops": 1, "Index Cond": "(id = mk.movie_id)", "Rows Removed by Index Recheck": 0}]}, {"Node Type": "Index Scan", "Parent Relationship": "Inner", "Scan Direction": "Forward", "Index Name": "movie_id_movie_link", "Relation Name": "movie_link", "Alias": "ml", "Startup Cost": 0.0, "Total Cost": 0.35, "Plan Rows": 5, "Plan Width": 12, "Actual Startup Time": 0.003, "Actual Total Time": 0.003, "Actual Rows": 0, "Actual Loops": 1, "Index Cond": "(movie_id = t1.id)", "Rows Removed by Index Recheck": 0}]}, {"Node Type": "Materialize", "Parent Relationship": "Inner", "Startup Cost": 0.0, "Total Cost": 1.25, "Plan Rows": 17, "Plan Width": 16, "Actual Startup Time": 0.0, "Actual Total Time": 0.0, "Plans": [{"Node Type": "Seq Scan", "Parent Relationship": "Outer", "Relation Name": "link_type", "Alias": "lt", "Startup Cost": 0.0, "Total Cost": 1.17, "Plan Rows": 17, "Plan Width": 16, "Actual Startup Time": 0.0, "Actual Total Time": 0.0}]}]}, {"Node Type": "Index Scan", "Parent Relationship": "Inner", "Scan Direction": "Forward", "Index Name": "title_pkey", "Relation Name": "title", "Alias": "t2", "Startup Cost": 0.0, "Total Cost": 4.3, "Plan Rows": 1, "Plan Width": 21, "Actual Startup Time": 0.0, "Actual Total Time": 0.0, "Index Cond": "(id = ml.linked_movie_id)", "Rows Removed by Index Recheck": 0}]}]}, "Triggers": [], "Planner Runtime": 3, "Total Runtime": 40.95, "Unique SQL Id": 524435555}}, "(16, 121)": {"explain_plan": {"Plan": {"Node Type": "Aggregate", "Strategy": "Plain", "Startup Cost": 4051.57, "Total Cost": 4051.58, "Plan Rows": 1, "Plan Width": 142, "Plans": [{"Node Type": "Nested Loop", "Parent Relationship": "Outer", "Join Type": "Inner", "Startup Cost": 0.0, "Total Cost": 4050.42, "Plan Rows": 154, "Plan Width": 46, "Inner Unique": true, "Plans": [{"Node Type": "Nested Loop", "Parent Relationship": "Outer", "Join Type": "Inner", "Startup Cost": 0.0, "Total Cost": 3386.84, "Plan Rows": 154, "Plan Width": 33, "Inner Unique": true, "Plans": [{"Node Type": "Nested Loop", "Parent Relationship": "Outer", "Join Type": "Inner", "Startup Cost": 0.0, "Total Cost": 3343.66, "Plan Rows": 154, "Plan Width": 25, "Inner Unique": false, "Plans": [{"Node Type": "Nested Loop", "Parent Relationship": "Outer", "Join Type": "Inner", "Startup Cost": 0.0, "Total Cost": 3330.45, "Plan Rows": 33, "Plan Width": 25, "Inner Unique": true, "Plans": [{"Node Type": "Nested Loop", "Parent Relationship": "Outer", "Join Type": "Inner", "Startup Cost": 0.0, "Total Cost": 3319.92, "Plan Rows": 33, "Plan Width": 4, "Inner Unique": false, "Plans": [{"Node Type": "Index Scan", "Parent Relationship": "Outer", "Scan Direction": "Forward", "Index Name": "keyword_pkey", "Relation Name": "keyword", "Alias": "k", "Startup Cost": 0.0, "Total Cost": 3182.72, "Plan Rows": 1, "Plan Width": 4, "Filter": "((keyword)::text = '10,000-mile-club'::text)"}, {"Node Type": "Index Scan", "Parent Relationship": "Inner", "Scan Direction": "Forward", "Index Name": "keyword_id_movie_keyword", "Relation Name": "movie_keyword", "Alias": "mk", "Startup Cost": 0.0, "Total Cost": 136.88, "Plan Rows": 33, "Plan Width": 8, "Index Cond": "(keyword_id = k.id)"}]}, {"Node Type": "Index Scan", "Parent Relationship": "Inner", "Scan Direction": "Forward", "Index Name": "title_pkey", "Relation Name": "title", "Alias": "t1", "Startup Cost": 0.0, "Total Cost": 0.31, "Plan Rows": 1, "Plan Width": 21, "Index Cond": "(id = mk.movie_id)"}]}, {"Node Type": "Index Scan", "Parent Relationship": "Inner", "Scan Direction": "Forward", "Index Name": "movie_id_movie_link", "Relation Name": "movie_link", "Alias": "ml", "Startup Cost": 0.0, "Total Cost": 0.35, "Plan Rows": 5, "Plan Width": 12, "Index Cond": "(movie_id = t1.id)"}]}, {"Node Type": "Index Scan", "Parent Relationship": "Inner", "Scan Direction": "Forward", "Index Name": "link_type_pkey", "Relation Name": "link_type", "Alias": "lt", "Startup Cost": 0.0, "Total Cost": 0.27, "Plan Rows": 1, "Plan Width": 16, "Index Cond": "(id = ml.link_type_id)"}]}, {"Node Type": "Index Scan", "Parent Relationship": "Inner", "Scan Direction": "Forward", "Index Name": "title_pkey", "Relation Name": "title", "Alias": "t2", "Startup Cost": 0.0, "Total Cost": 4.3, "Plan Rows": 1, "Plan Width": 21, "Index Cond": "(id = ml.linked_movie_id)"}]}]}, "Unique SQL Id": 524435555, "Planner Runtime": 3}, "explain_analyze_plan": {"Plan": {"Node Type": "Aggregate", "Strategy": "Plain", "Startup Cost": 4051.57, "Total Cost": 4051.58, "Plan Rows": 1, "Plan Width": 142, "Actual Startup Time": 113.661, "Actual Total Time": 113.661, "Actual Rows": 1, "Actual Loops": 1, "Plans": [{"Node Type": "Nested Loop", "Parent Relationship": "Outer", "Join Type": "Inner", "Startup Cost": 0.0, "Total Cost": 4050.42, "Plan Rows": 154, "Plan Width": 46, "Actual Startup Time": 113.657, "Actual Total Time": 113.657, "Actual Rows": 0, "Actual Loops": 1, "Inner Unique": true, "Plans": [{"Node Type": "Nested Loop", "Parent Relationship": "Outer", "Join Type": "Inner", "Startup Cost": 0.0, "Total Cost": 3386.84, "Plan Rows": 154, "Plan Width": 33, "Actual Startup Time": 113.656, "Actual Total Time": 113.656, "Actual Rows": 0, "Actual Loops": 1, "Inner Unique": true, "Plans": [{"Node Type": "Nested Loop", "Parent Relationship": "Outer", "Join Type": "Inner", "Startup Cost": 0.0, "Total Cost": 3343.66, "Plan Rows": 154, "Plan Width": 25, "Actual Startup Time": 113.654, "Actual Total Time": 113.654, "Actual Rows": 0, "Actual Loops": 1, "Inner Unique": false, "Plans": [{"Node Type": "Nested Loop", "Parent Relationship": "Outer", "Join Type": "Inner", "Startup Cost": 0.0, "Total Cost": 3330.45, "Plan Rows": 33, "Plan Width": 25, "Actual Startup Time": 111.786, "Actual Total Time": 113.649, "Actual Rows": 1, "Actual Loops": 1, "Inner Unique": true, "Plans": [{"Node Type": "Nested Loop", "Parent Relationship": "Outer", "Join Type": "Inner", "Startup Cost": 0.0, "Total Cost": 3319.92, "Plan Rows": 33, "Plan Width": 4, "Actual Startup Time": 111.771, "Actual Total Time": 113.633, "Actual Rows": 1, "Actual Loops": 1, "Inner Unique": false, "Plans": [{"Node Type": "Index Scan", "Parent Relationship": "Outer", "Scan Direction": "Forward", "Index Name": "keyword_pkey", "Relation Name": "keyword", "Alias": "k", "Startup Cost": 0.0, "Total Cost": 3182.72, "Plan Rows": 1, "Plan Width": 4, "Actual Startup Time": 111.744, "Actual Total Time": 113.604, "Actual Rows": 1, "Actual Loops": 1, "Filter": "((keyword)::text = '10,000-mile-club'::text)", "Rows Removed by Filter": 134168}, {"Node Type": "Index Scan", "Parent Relationship": "Inner", "Scan Direction": "Forward", "Index Name": "keyword_id_movie_keyword", "Relation Name": "movie_keyword", "Alias": "mk", "Startup Cost": 0.0, "Total Cost": 136.88, "Plan Rows": 33, "Plan Width": 8, "Actual Startup Time": 0.017, "Actual Total Time": 0.017, "Actual Rows": 1, "Actual Loops": 1, "Index Cond": "(keyword_id = k.id)", "Rows Removed by Index Recheck": 0}]}, {"Node Type": "Index Scan", "Parent Relationship": "Inner", "Scan Direction": "Forward", "Index Name": "title_pkey", "Relation Name": "title", "Alias": "t1", "Startup Cost": 0.0, "Total Cost": 0.31, "Plan Rows": 1, "Plan Width": 21, "Actual Startup Time": 0.012, "Actual Total Time": 0.012, "Actual Rows": 1, "Actual Loops": 1, "Index Cond": "(id = mk.movie_id)", "Rows Removed by Index Recheck": 0}]}, {"Node Type": "Index Scan", "Parent Relationship": "Inner", "Scan Direction": "Forward", "Index Name": "movie_id_movie_link", "Relation Name": "movie_link", "Alias": "ml", "Startup Cost": 0.0, "Total Cost": 0.35, "Plan Rows": 5, "Plan Width": 12, "Actual Startup Time": 0.003, "Actual Total Time": 0.003, "Actual Rows": 0, "Actual Loops": 1, "Index Cond": "(movie_id = t1.id)", "Rows Removed by Index Recheck": 0}]}, {"Node Type": "Index Scan", "Parent Relationship": "Inner", "Scan Direction": "Forward", "Index Name": "link_type_pkey", "Relation Name": "link_type", "Alias": "lt", "Startup Cost": 0.0, "Total Cost": 0.27, "Plan Rows": 1, "Plan Width": 16, "Actual Startup Time": 0.0, "Actual Total Time": 0.0, "Index Cond": "(id = ml.link_type_id)", "Rows Removed by Index Recheck": 0}]}, {"Node Type": "Index Scan", "Parent Relationship": "Inner", "Scan Direction": "Forward", "Index Name": "title_pkey", "Relation Name": "title", "Alias": "t2", "Startup Cost": 0.0, "Total Cost": 4.3, "Plan Rows": 1, "Plan Width": 21, "Actual Startup Time": 0.0, "Actual Total Time": 0.0, "Index Cond": "(id = ml.linked_movie_id)", "Rows Removed by Index Recheck": 0}]}]}, "Triggers": [], "Planner Runtime": 3, "Total Runtime": 113.879, "Unique SQL Id": 524435555}}, "(16, 122)": {"explain_plan": {"Plan": {"Node Type": "Aggregate", "Strategy": "Plain", "Startup Cost": 199572.61, "Total Cost": 199572.64, "Plan Rows": 1, "Plan Width": 142, "Plans": [{"Node Type": "Streaming(type: LOCAL GATHER dop: 1/16)", "Parent Relationship": "Outer", "Startup Cost": 199572.61, "Total Cost": 199572.64, "Plan Rows": 1, "Plan Width": 142, "Plans": [{"Node Type": "Aggregate", "Strategy": "Plain", "Parent Relationship": "Outer", "Startup Cost": 199572.61, "Total Cost": 199572.62, "Plan Rows": 1, "Plan Width": 142, "Plans": [{"Node Type": "Nested Loop", "Parent Relationship": "Outer", "Join Type": "Inner", "Startup Cost": 0.0, "Total Cost": 199571.45, "Plan Rows": 154, "Plan Width": 46, "Inner Unique": false, "Join Filter": "(ml.linked_movie_id = t2.id)", "Plans": [{"Node Type": "Streaming(type: LOCAL REDISTRIBUTE dop: 16/16)", "Parent Relationship": "Outer", "Startup Cost": 0.0, "Total Cost": 43334.25, "Plan Rows": 2528311, "Plan Width": 21, "Plans": [{"Node Type": "Seq Scan", "Parent Relationship": "Outer", "Relation Name": "title", "Alias": "t2", "Startup Cost": 0.0, "Total Cost": 18754.32, "Plan Rows": 2528311, "Plan Width": 21}]}, {"Node Type": "Materialize", "Parent Relationship": "Inner", "Startup Cost": 0.0, "Total Cost": 133423.17, "Plan Rows": 154, "Plan Width": 33, "Plans": [{"Node Type": "Streaming(type: LOCAL REDISTRIBUTE dop: 16/1)", "Parent Relationship": "Outer", "Startup Cost": 0.0, "Total Cost": 133423.12, "Plan Rows": 154, "Plan Width": 33, "Plans": [{"Node Type": "Nested Loop", "Parent Relationship": "Outer", "Join Type": "Inner", "Startup Cost": 0.0, "Total Cost": 118416.72, "Plan Rows": 154, "Plan Width": 33, "Inner Unique": true, "Join Filter": "(ml.link_type_id = lt.id)", "Plans": [{"Node Type": "Nested Loop", "Parent Relationship": "Outer", "Join Type": "Inner", "Startup Cost": 0.0, "Total Cost": 118376.24, "Plan Rows": 154, "Plan Width": 25, "Inner Unique": false, "Join Filter": "(t1.id = ml.movie_id)", "Plans": [{"Node Type": "Seq Scan", "Parent Relationship": "Outer", "Relation Name": "movie_link", "Alias": "ml", "Startup Cost": 0.0, "Total Cost": 430.96, "Plan Rows": 29996, "Plan Width": 12}, {"Node Type": "Materialize", "Parent Relationship": "Inner", "Startup Cost": 0.0, "Total Cost": 103097.34, "Plan Rows": 33, "Plan Width": 25, "Plans": [{"Node Type": "Streaming(type: LOCAL GATHER dop: 1/16)", "Parent Relationship": "Outer", "Startup Cost": 0.0, "Total Cost": 103097.17, "Plan Rows": 33, "Plan Width": 25, "Plans": [{"Node Type": "Nested Loop", "Parent Relationship": "Outer", "Join Type": "Inner", "Startup Cost": 0.0, "Total Cost": 103096.46, "Plan Rows": 33, "Plan Width": 25, "Inner Unique": false, "Join Filter": "(mk.movie_id = t1.id)", "Plans": [{"Node Type": "Streaming(type: LOCAL REDISTRIBUTE dop: 16/16)", "Parent Relationship": "Outer", "Startup Cost": 0.0, "Total Cost": 43334.25, "Plan Rows": 2528311, "Plan Width": 21, "Plans": [{"Node Type": "Seq Scan", "Parent Relationship": "Outer", "Relation Name": "title", "Alias": "t1", "Startup Cost": 0.0, "Total Cost": 18754.32, "Plan Rows": 2528311, "Plan Width": 21}]}, {"Node Type": "Materialize", "Parent Relationship": "Inner", "Startup Cost": 0.0, "Total Cost": 54873.49, "Plan Rows": 33, "Plan Width": 4, "Plans": [{"Node Type": "Streaming(type: LOCAL REDISTRIBUTE dop: 16/16)", "Parent Relationship": "Outer", "Startup Cost": 0.0, "Total Cost": 54873.48, "Plan Rows": 33, "Plan Width": 4, "Plans": [{"Node Type": "Nested Loop", "Parent Relationship": "Outer", "Join Type": "Inner", "Startup Cost": 0.0, "Total Cost": 39873.36, "Plan Rows": 33, "Plan Width": 4, "Inner Unique": false, "Join Filter": "(k.id = mk.keyword_id)", "Plans": [{"Node Type": "Streaming(type: BROADCAST dop: 16/1)", "Parent Relationship": "Outer", "Startup Cost": 0.0, "Total Cost": 17436.46, "Plan Rows": 16, "Plan Width": 4, "Plans": [{"Node Type": "Seq Scan", "Parent Relationship": "Outer", "Relation Name": "keyword", "Alias": "k", "Startup Cost": 0.0, "Total Cost": 2436.11, "Plan Rows": 1, "Plan Width": 4, "Filter": "((keyword)::text = '10,000-mile-club'::text)"}]}, {"Node Type": "Seq Scan", "Parent Relationship": "Inner", "Relation Name": "movie_keyword", "Alias": "mk", "Startup Cost": 0.0, "Total Cost": 18902.58, "Plan Rows": 4523929, "Plan Width": 8}]}]}]}]}]}]}]}, {"Node Type": "Materialize", "Parent Relationship": "Inner", "Startup Cost": 0.0, "Total Cost": 1.25, "Plan Rows": 17, "Plan Width": 16, "Plans": [{"Node Type": "Seq Scan", "Parent Relationship": "Outer", "Relation Name": "link_type", "Alias": "lt", "Startup Cost": 0.0, "Total Cost": 1.17, "Plan Rows": 17, "Plan Width": 16}]}]}]}]}]}]}]}]}, "Unique SQL Id": 524435555, "Planner Runtime": 6}, "explain_analyze_plan": null}, "(16, 123)": {"explain_plan": {"Plan": {"Node Type": "Aggregate", "Strategy": "Plain", "Startup Cost": 6000044963492.68, "Total Cost": 6000044963492.69, "Plan Rows": 1, "Plan Width": 142, "Plans": [{"Node Type": "Nested Loop", "Parent Relationship": "Outer", "Join Type": "Inner", "Startup Cost": 60000000000.0, "Total Cost": 6000044963491.52, "Plan Rows": 154, "Plan Width": 46, "Inner Unique": false, "Join Filter": "(ml.linked_movie_id = t2.id)", "Plans": [{"Node Type": "Index Scan", "Parent Relationship": "Outer", "Scan Direction": "Forward", "Index Name": "title_pkey", "Relation Name": "title", "Alias": "t2", "Startup Cost": 10000000000.0, "Total Cost": 1000011012048.91, "Plan Rows": 2528311, "Plan Width": 21}, {"Node Type": "Materialize", "Parent Relationship": "Inner", "Startup Cost": 50000000000.0, "Total Cost": 5000028111044.58, "Plan Rows": 154, "Plan Width": 33, "Plans": [{"Node Type": "Nested Loop", "Parent Relationship": "Outer", "Join Type": "Inner", "Startup Cost": 50000000000.0, "Total Cost": 5000028111043.81, "Plan Rows": 154, "Plan Width": 33, "Inner Unique": true, "Join Filter": "(ml.link_type_id = lt.id)", "Plans": [{"Node Type": "Nested Loop", "Parent Relationship": "Outer", "Join Type": "Inner", "Startup Cost": 40000000000.0, "Total Cost": 4000028109754.0, "Plan Rows": 154, "Plan Width": 25, "Inner Unique": false, "Join Filter": "(t1.id = ml.movie_id)", "Plans": [{"Node Type": "Index Scan", "Parent Relationship": "Outer", "Scan Direction": "Forward", "Index Name": "linked_movie_id_movie_link", "Relation Name": "movie_link", "Alias": "ml", "Startup Cost": 10000000000.0, "Total Cost": 1000000144578.17, "Plan Rows": 29996, "Plan Width": 12}, {"Node Type": "Materialize", "Parent Relationship": "Inner", "Startup Cost": 30000000000.0, "Total Cost": 3000027950327.9, "Plan Rows": 33, "Plan Width": 25, "Plans": [{"Node Type": "Nested Loop", "Parent Relationship": "Outer", "Join Type": "Inner", "Startup Cost": 30000000000.0, "Total Cost": 3000027950327.73, "Plan Rows": 33, "Plan Width": 25, "Inner Unique": false, "Join Filter": "(mk.movie_id = t1.id)", "Plans": [{"Node Type": "Index Scan", "Parent Relationship": "Outer", "Scan Direction": "Forward", "Index Name": "title_pkey", "Relation Name": "title", "Alias": "t1", "Startup Cost": 10000000000.0, "Total Cost": 1000011012048.91, "Plan Rows": 2528311, "Plan Width": 21}, {"Node Type": "Materialize", "Parent Relationship": "Inner", "Startup Cost": 20000000000.0, "Total Cost": 2000015686764.96, "Plan Rows": 33, "Plan Width": 4, "Plans": [{"Node Type": "Nested Loop", "Parent Relationship": "Outer", "Join Type": "Inner", "Startup Cost": 20000000000.0, "Total Cost": 2000015686764.79, "Plan Rows": 33, "Plan Width": 4, "Inner Unique": true, "Join Filter": "(k.id = mk.keyword_id)", "Plans": [{"Node Type": "Index Scan", "Parent Relationship": "Outer", "Scan Direction": "Forward", "Index Name": "movie_id_movie_keyword", "Relation Name": "movie_keyword", "Alias": "mk", "Startup Cost": 10000000000.0, "Total Cost": 1000015300634.17, "Plan Rows": 4523929, "Plan Width": 8}, {"Node Type": "Materialize", "Parent Relationship": "Inner", "Startup Cost": 10000000000.0, "Total Cost": 1000000318271.69, "Plan Rows": 1, "Plan Width": 4, "Plans": [{"Node Type": "Index Scan", "Parent Relationship": "Outer", "Scan Direction": "Forward", "Index Name": "keyword_pkey", "Relation Name": "keyword", "Alias": "k", "Startup Cost": 10000000000.0, "Total Cost": 1000000318271.68, "Plan Rows": 1, "Plan Width": 4, "Filter": "((keyword)::text = '10,000-mile-club'::text)"}]}]}]}]}]}]}, {"Node Type": "Materialize", "Parent Relationship": "Inner", "Startup Cost": 10000000000.0, "Total Cost": 1000000001250.58, "Plan Rows": 17, "Plan Width": 16, "Plans": [{"Node Type": "Index Scan", "Parent Relationship": "Outer", "Scan Direction": "Forward", "Index Name": "link_type_pkey", "Relation Name": "link_type", "Alias": "lt", "Startup Cost": 10000000000.0, "Total Cost": 1000000001250.5, "Plan Rows": 17, "Plan Width": 16}]}]}]}]}]}, "Unique SQL Id": 524435555, "Planner Runtime": 2}, "explain_analyze_plan": null}, "(16, 124)": {"explain_plan": {"Plan": {"Node Type": "Aggregate", "Strategy": "Plain", "Startup Cost": 3302.27, "Total Cost": 3302.28, "Plan Rows": 1, "Plan Width": 142, "Plans": [{"Node Type": "Nested Loop", "Parent Relationship": "Outer", "Join Type": "Inner", "Startup Cost": 0.0, "Total Cost": 3301.12, "Plan Rows": 154, "Plan Width": 46, "Inner Unique": true, "Plans": [{"Node Type": "Nested Loop", "Parent Relationship": "Outer", "Join Type": "Inner", "Startup Cost": 0.0, "Total Cost": 2637.54, "Plan Rows": 154, "Plan Width": 33, "Inner Unique": true, "Join Filter": "(ml.link_type_id = lt.id)", "Plans": [{"Node Type": "Nested Loop", "Parent Relationship": "Outer", "Join Type": "Inner", "Startup Cost": 0.0, "Total Cost": 2597.06, "Plan Rows": 154, "Plan Width": 25, "Inner Unique": false, "Plans": [{"Node Type": "Nested Loop", "Parent Relationship": "Outer", "Join Type": "Inner", "Startup Cost": 0.0, "Total Cost": 2583.84, "Plan Rows": 33, "Plan Width": 25, "Inner Unique": true, "Plans": [{"Node Type": "Nested Loop", "Parent Relationship": "Outer", "Join Type": "Inner", "Startup Cost": 0.0, "Total Cost": 2573.32, "Plan Rows": 33, "Plan Width": 4, "Inner Unique": false, "Plans": [{"Node Type": "Seq Scan", "Parent Relationship": "Outer", "Relation Name": "keyword", "Alias": "k", "Startup Cost": 0.0, "Total Cost": 2436.11, "Plan Rows": 1, "Plan Width": 4, "Filter": "((keyword)::text = '10,000-mile-club'::text)"}, {"Node Type": "Index Scan", "Parent Relationship": "Inner", "Scan Direction": "Forward", "Index Name": "keyword_id_movie_keyword", "Relation Name": "movie_keyword", "Alias": "mk", "Startup Cost": 0.0, "Total Cost": 136.88, "Plan Rows": 33, "Plan Width": 8, "Index Cond": "(keyword_id = k.id)"}]}, {"Node Type": "Index Scan", "Parent Relationship": "Inner", "Scan Direction": "Forward", "Index Name": "title_pkey", "Relation Name": "title", "Alias": "t1", "Startup Cost": 0.0, "Total Cost": 0.31, "Plan Rows": 1, "Plan Width": 21, "Index Cond": "(id = mk.movie_id)"}]}, {"Node Type": "Index Scan", "Parent Relationship": "Inner", "Scan Direction": "Forward", "Index Name": "movie_id_movie_link", "Relation Name": "movie_link", "Alias": "ml", "Startup Cost": 0.0, "Total Cost": 0.35, "Plan Rows": 5, "Plan Width": 12, "Index Cond": "(movie_id = t1.id)"}]}, {"Node Type": "Materialize", "Parent Relationship": "Inner", "Startup Cost": 0.0, "Total Cost": 1.25, "Plan Rows": 17, "Plan Width": 16, "Plans": [{"Node Type": "Seq Scan", "Parent Relationship": "Outer", "Relation Name": "link_type", "Alias": "lt", "Startup Cost": 0.0, "Total Cost": 1.17, "Plan Rows": 17, "Plan Width": 16}]}]}, {"Node Type": "Index Scan", "Parent Relationship": "Inner", "Scan Direction": "Forward", "Index Name": "title_pkey", "Relation Name": "title", "Alias": "t2", "Startup Cost": 0.0, "Total Cost": 4.3, "Plan Rows": 1, "Plan Width": 21, "Index Cond": "(id = ml.linked_movie_id)"}]}]}, "Unique SQL Id": 524435555, "Planner Runtime": 3}, "explain_analyze_plan": {"Plan": {"Node Type": "Aggregate", "Strategy": "Plain", "Startup Cost": 3302.27, "Total Cost": 3302.28, "Plan Rows": 1, "Plan Width": 142, "Actual Startup Time": 40.736, "Actual Total Time": 40.736, "Actual Rows": 1, "Actual Loops": 1, "Plans": [{"Node Type": "Nested Loop", "Parent Relationship": "Outer", "Join Type": "Inner", "Startup Cost": 0.0, "Total Cost": 3301.12, "Plan Rows": 154, "Plan Width": 46, "Actual Startup Time": 40.731, "Actual Total Time": 40.731, "Actual Rows": 0, "Actual Loops": 1, "Inner Unique": true, "Plans": [{"Node Type": "Nested Loop", "Parent Relationship": "Outer", "Join Type": "Inner", "Startup Cost": 0.0, "Total Cost": 2637.54, "Plan Rows": 154, "Plan Width": 33, "Actual Startup Time": 40.729, "Actual Total Time": 40.729, "Actual Rows": 0, "Actual Loops": 1, "Inner Unique": true, "Join Filter": "(ml.link_type_id = lt.id)", "Rows Removed by Join Filter": 0, "Plans": [{"Node Type": "Nested Loop", "Parent Relationship": "Outer", "Join Type": "Inner", "Startup Cost": 0.0, "Total Cost": 2597.06, "Plan Rows": 154, "Plan Width": 25, "Actual Startup Time": 40.728, "Actual Total Time": 40.728, "Actual Rows": 0, "Actual Loops": 1, "Inner Unique": false, "Plans": [{"Node Type": "Nested Loop", "Parent Relationship": "Outer", "Join Type": "Inner", "Startup Cost": 0.0, "Total Cost": 2583.84, "Plan Rows": 33, "Plan Width": 25, "Actual Startup Time": 39.856, "Actual Total Time": 40.723, "Actual Rows": 1, "Actual Loops": 1, "Inner Unique": true, "Plans": [{"Node Type": "Nested Loop", "Parent Relationship": "Outer", "Join Type": "Inner", "Startup Cost": 0.0, "Total Cost": 2573.32, "Plan Rows": 33, "Plan Width": 4, "Actual Startup Time": 39.843, "Actual Total Time": 40.709, "Actual Rows": 1, "Actual Loops": 1, "Inner Unique": false, "Plans": [{"Node Type": "Seq Scan", "Parent Relationship": "Outer", "Relation Name": "keyword", "Alias": "k", "Startup Cost": 0.0, "Total Cost": 2436.11, "Plan Rows": 1, "Plan Width": 4, "Actual Startup Time": 39.815, "Actual Total Time": 40.68, "Actual Rows": 1, "Actual Loops": 1, "Filter": "((keyword)::text = '10,000-mile-club'::text)", "Rows Removed by Filter": 134168}, {"Node Type": "Index Scan", "Parent Relationship": "Inner", "Scan Direction": "Forward", "Index Name": "keyword_id_movie_keyword", "Relation Name": "movie_keyword", "Alias": "mk", "Startup Cost": 0.0, "Total Cost": 136.88, "Plan Rows": 33, "Plan Width": 8, "Actual Startup Time": 0.021, "Actual Total Time": 0.022, "Actual Rows": 1, "Actual Loops": 1, "Index Cond": "(keyword_id = k.id)", "Rows Removed by Index Recheck": 0}]}, {"Node Type": "Index Scan", "Parent Relationship": "Inner", "Scan Direction": "Forward", "Index Name": "title_pkey", "Relation Name": "title", "Alias": "t1", "Startup Cost": 0.0, "Total Cost": 0.31, "Plan Rows": 1, "Plan Width": 21, "Actual Startup Time": 0.01, "Actual Total Time": 0.01, "Actual Rows": 1, "Actual Loops": 1, "Index Cond": "(id = mk.movie_id)", "Rows Removed by Index Recheck": 0}]}, {"Node Type": "Index Scan", "Parent Relationship": "Inner", "Scan Direction": "Forward", "Index Name": "movie_id_movie_link", "Relation Name": "movie_link", "Alias": "ml", "Startup Cost": 0.0, "Total Cost": 0.35, "Plan Rows": 5, "Plan Width": 12, "Actual Startup Time": 0.003, "Actual Total Time": 0.003, "Actual Rows": 0, "Actual Loops": 1, "Index Cond": "(movie_id = t1.id)", "Rows Removed by Index Recheck": 0}]}, {"Node Type": "Materialize", "Parent Relationship": "Inner", "Startup Cost": 0.0, "Total Cost": 1.25, "Plan Rows": 17, "Plan Width": 16, "Actual Startup Time": 0.0, "Actual Total Time": 0.0, "Plans": [{"Node Type": "Seq Scan", "Parent Relationship": "Outer", "Relation Name": "link_type", "Alias": "lt", "Startup Cost": 0.0, "Total Cost": 1.17, "Plan Rows": 17, "Plan Width": 16, "Actual Startup Time": 0.0, "Actual Total Time": 0.0}]}]}, {"Node Type": "Index Scan", "Parent Relationship": "Inner", "Scan Direction": "Forward", "Index Name": "title_pkey", "Relation Name": "title", "Alias": "t2", "Startup Cost": 0.0, "Total Cost": 4.3, "Plan Rows": 1, "Plan Width": 21, "Actual Startup Time": 0.0, "Actual Total Time": 0.0, "Index Cond": "(id = ml.linked_movie_id)", "Rows Removed by Index Recheck": 0}]}]}, "Triggers": [], "Planner Runtime": 3, "Total Runtime": 40.95, "Unique SQL Id": 524435555}}, "(16, 125)": {"explain_plan": {"Plan": {"Node Type": "Aggregate", "Strategy": "Plain", "Startup Cost": 4051.57, "Total Cost": 4051.58, "Plan Rows": 1, "Plan Width": 142, "Plans": [{"Node Type": "Nested Loop", "Parent Relationship": "Outer", "Join Type": "Inner", "Startup Cost": 0.0, "Total Cost": 4050.42, "Plan Rows": 154, "Plan Width": 46, "Inner Unique": true, "Plans": [{"Node Type": "Nested Loop", "Parent Relationship": "Outer", "Join Type": "Inner", "Startup Cost": 0.0, "Total Cost": 3386.84, "Plan Rows": 154, "Plan Width": 33, "Inner Unique": true, "Plans": [{"Node Type": "Nested Loop", "Parent Relationship": "Outer", "Join Type": "Inner", "Startup Cost": 0.0, "Total Cost": 3343.66, "Plan Rows": 154, "Plan Width": 25, "Inner Unique": false, "Plans": [{"Node Type": "Nested Loop", "Parent Relationship": "Outer", "Join Type": "Inner", "Startup Cost": 0.0, "Total Cost": 3330.45, "Plan Rows": 33, "Plan Width": 25, "Inner Unique": true, "Plans": [{"Node Type": "Nested Loop", "Parent Relationship": "Outer", "Join Type": "Inner", "Startup Cost": 0.0, "Total Cost": 3319.92, "Plan Rows": 33, "Plan Width": 4, "Inner Unique": false, "Plans": [{"Node Type": "Index Scan", "Parent Relationship": "Outer", "Scan Direction": "Forward", "Index Name": "keyword_pkey", "Relation Name": "keyword", "Alias": "k", "Startup Cost": 0.0, "Total Cost": 3182.72, "Plan Rows": 1, "Plan Width": 4, "Filter": "((keyword)::text = '10,000-mile-club'::text)"}, {"Node Type": "Index Scan", "Parent Relationship": "Inner", "Scan Direction": "Forward", "Index Name": "keyword_id_movie_keyword", "Relation Name": "movie_keyword", "Alias": "mk", "Startup Cost": 0.0, "Total Cost": 136.88, "Plan Rows": 33, "Plan Width": 8, "Index Cond": "(keyword_id = k.id)"}]}, {"Node Type": "Index Scan", "Parent Relationship": "Inner", "Scan Direction": "Forward", "Index Name": "title_pkey", "Relation Name": "title", "Alias": "t1", "Startup Cost": 0.0, "Total Cost": 0.31, "Plan Rows": 1, "Plan Width": 21, "Index Cond": "(id = mk.movie_id)"}]}, {"Node Type": "Index Scan", "Parent Relationship": "Inner", "Scan Direction": "Forward", "Index Name": "movie_id_movie_link", "Relation Name": "movie_link", "Alias": "ml", "Startup Cost": 0.0, "Total Cost": 0.35, "Plan Rows": 5, "Plan Width": 12, "Index Cond": "(movie_id = t1.id)"}]}, {"Node Type": "Index Scan", "Parent Relationship": "Inner", "Scan Direction": "Forward", "Index Name": "link_type_pkey", "Relation Name": "link_type", "Alias": "lt", "Startup Cost": 0.0, "Total Cost": 0.27, "Plan Rows": 1, "Plan Width": 16, "Index Cond": "(id = ml.link_type_id)"}]}, {"Node Type": "Index Scan", "Parent Relationship": "Inner", "Scan Direction": "Forward", "Index Name": "title_pkey", "Relation Name": "title", "Alias": "t2", "Startup Cost": 0.0, "Total Cost": 4.3, "Plan Rows": 1, "Plan Width": 21, "Index Cond": "(id = ml.linked_movie_id)"}]}]}, "Unique SQL Id": 524435555, "Planner Runtime": 3}, "explain_analyze_plan": {"Plan": {"Node Type": "Aggregate", "Strategy": "Plain", "Startup Cost": 4051.57, "Total Cost": 4051.58, "Plan Rows": 1, "Plan Width": 142, "Actual Startup Time": 113.661, "Actual Total Time": 113.661, "Actual Rows": 1, "Actual Loops": 1, "Plans": [{"Node Type": "Nested Loop", "Parent Relationship": "Outer", "Join Type": "Inner", "Startup Cost": 0.0, "Total Cost": 4050.42, "Plan Rows": 154, "Plan Width": 46, "Actual Startup Time": 113.657, "Actual Total Time": 113.657, "Actual Rows": 0, "Actual Loops": 1, "Inner Unique": true, "Plans": [{"Node Type": "Nested Loop", "Parent Relationship": "Outer", "Join Type": "Inner", "Startup Cost": 0.0, "Total Cost": 3386.84, "Plan Rows": 154, "Plan Width": 33, "Actual Startup Time": 113.656, "Actual Total Time": 113.656, "Actual Rows": 0, "Actual Loops": 1, "Inner Unique": true, "Plans": [{"Node Type": "Nested Loop", "Parent Relationship": "Outer", "Join Type": "Inner", "Startup Cost": 0.0, "Total Cost": 3343.66, "Plan Rows": 154, "Plan Width": 25, "Actual Startup Time": 113.654, "Actual Total Time": 113.654, "Actual Rows": 0, "Actual Loops": 1, "Inner Unique": false, "Plans": [{"Node Type": "Nested Loop", "Parent Relationship": "Outer", "Join Type": "Inner", "Startup Cost": 0.0, "Total Cost": 3330.45, "Plan Rows": 33, "Plan Width": 25, "Actual Startup Time": 111.786, "Actual Total Time": 113.649, "Actual Rows": 1, "Actual Loops": 1, "Inner Unique": true, "Plans": [{"Node Type": "Nested Loop", "Parent Relationship": "Outer", "Join Type": "Inner", "Startup Cost": 0.0, "Total Cost": 3319.92, "Plan Rows": 33, "Plan Width": 4, "Actual Startup Time": 111.771, "Actual Total Time": 113.633, "Actual Rows": 1, "Actual Loops": 1, "Inner Unique": false, "Plans": [{"Node Type": "Index Scan", "Parent Relationship": "Outer", "Scan Direction": "Forward", "Index Name": "keyword_pkey", "Relation Name": "keyword", "Alias": "k", "Startup Cost": 0.0, "Total Cost": 3182.72, "Plan Rows": 1, "Plan Width": 4, "Actual Startup Time": 111.744, "Actual Total Time": 113.604, "Actual Rows": 1, "Actual Loops": 1, "Filter": "((keyword)::text = '10,000-mile-club'::text)", "Rows Removed by Filter": 134168}, {"Node Type": "Index Scan", "Parent Relationship": "Inner", "Scan Direction": "Forward", "Index Name": "keyword_id_movie_keyword", "Relation Name": "movie_keyword", "Alias": "mk", "Startup Cost": 0.0, "Total Cost": 136.88, "Plan Rows": 33, "Plan Width": 8, "Actual Startup Time": 0.017, "Actual Total Time": 0.017, "Actual Rows": 1, "Actual Loops": 1, "Index Cond": "(keyword_id = k.id)", "Rows Removed by Index Recheck": 0}]}, {"Node Type": "Index Scan", "Parent Relationship": "Inner", "Scan Direction": "Forward", "Index Name": "title_pkey", "Relation Name": "title", "Alias": "t1", "Startup Cost": 0.0, "Total Cost": 0.31, "Plan Rows": 1, "Plan Width": 21, "Actual Startup Time": 0.012, "Actual Total Time": 0.012, "Actual Rows": 1, "Actual Loops": 1, "Index Cond": "(id = mk.movie_id)", "Rows Removed by Index Recheck": 0}]}, {"Node Type": "Index Scan", "Parent Relationship": "Inner", "Scan Direction": "Forward", "Index Name": "movie_id_movie_link", "Relation Name": "movie_link", "Alias": "ml", "Startup Cost": 0.0, "Total Cost": 0.35, "Plan Rows": 5, "Plan Width": 12, "Actual Startup Time": 0.003, "Actual Total Time": 0.003, "Actual Rows": 0, "Actual Loops": 1, "Index Cond": "(movie_id = t1.id)", "Rows Removed by Index Recheck": 0}]}, {"Node Type": "Index Scan", "Parent Relationship": "Inner", "Scan Direction": "Forward", "Index Name": "link_type_pkey", "Relation Name": "link_type", "Alias": "lt", "Startup Cost": 0.0, "Total Cost": 0.27, "Plan Rows": 1, "Plan Width": 16, "Actual Startup Time": 0.0, "Actual Total Time": 0.0, "Index Cond": "(id = ml.link_type_id)", "Rows Removed by Index Recheck": 0}]}, {"Node Type": "Index Scan", "Parent Relationship": "Inner", "Scan Direction": "Forward", "Index Name": "title_pkey", "Relation Name": "title", "Alias": "t2", "Startup Cost": 0.0, "Total Cost": 4.3, "Plan Rows": 1, "Plan Width": 21, "Actual Startup Time": 0.0, "Actual Total Time": 0.0, "Index Cond": "(id = ml.linked_movie_id)", "Rows Removed by Index Recheck": 0}]}]}, "Triggers": [], "Planner Runtime": 3, "Total Runtime": 113.879, "Unique SQL Id": 524435555}}, "(16, 126)": {"explain_plan": {"Plan": {"Node Type": "Aggregate", "Strategy": "Plain", "Startup Cost": 199572.61, "Total Cost": 199572.64, "Plan Rows": 1, "Plan Width": 142, "Plans": [{"Node Type": "Streaming(type: LOCAL GATHER dop: 1/16)", "Parent Relationship": "Outer", "Startup Cost": 199572.61, "Total Cost": 199572.64, "Plan Rows": 1, "Plan Width": 142, "Plans": [{"Node Type": "Aggregate", "Strategy": "Plain", "Parent Relationship": "Outer", "Startup Cost": 199572.61, "Total Cost": 199572.62, "Plan Rows": 1, "Plan Width": 142, "Plans": [{"Node Type": "Nested Loop", "Parent Relationship": "Outer", "Join Type": "Inner", "Startup Cost": 0.0, "Total Cost": 199571.45, "Plan Rows": 154, "Plan Width": 46, "Inner Unique": false, "Join Filter": "(ml.linked_movie_id = t2.id)", "Plans": [{"Node Type": "Streaming(type: LOCAL REDISTRIBUTE dop: 16/16)", "Parent Relationship": "Outer", "Startup Cost": 0.0, "Total Cost": 43334.25, "Plan Rows": 2528311, "Plan Width": 21, "Plans": [{"Node Type": "Seq Scan", "Parent Relationship": "Outer", "Relation Name": "title", "Alias": "t2", "Startup Cost": 0.0, "Total Cost": 18754.32, "Plan Rows": 2528311, "Plan Width": 21}]}, {"Node Type": "Materialize", "Parent Relationship": "Inner", "Startup Cost": 0.0, "Total Cost": 133423.17, "Plan Rows": 154, "Plan Width": 33, "Plans": [{"Node Type": "Streaming(type: LOCAL REDISTRIBUTE dop: 16/1)", "Parent Relationship": "Outer", "Startup Cost": 0.0, "Total Cost": 133423.12, "Plan Rows": 154, "Plan Width": 33, "Plans": [{"Node Type": "Nested Loop", "Parent Relationship": "Outer", "Join Type": "Inner", "Startup Cost": 0.0, "Total Cost": 118416.72, "Plan Rows": 154, "Plan Width": 33, "Inner Unique": true, "Join Filter": "(ml.link_type_id = lt.id)", "Plans": [{"Node Type": "Nested Loop", "Parent Relationship": "Outer", "Join Type": "Inner", "Startup Cost": 0.0, "Total Cost": 118376.24, "Plan Rows": 154, "Plan Width": 25, "Inner Unique": false, "Join Filter": "(t1.id = ml.movie_id)", "Plans": [{"Node Type": "Seq Scan", "Parent Relationship": "Outer", "Relation Name": "movie_link", "Alias": "ml", "Startup Cost": 0.0, "Total Cost": 430.96, "Plan Rows": 29996, "Plan Width": 12}, {"Node Type": "Materialize", "Parent Relationship": "Inner", "Startup Cost": 0.0, "Total Cost": 103097.34, "Plan Rows": 33, "Plan Width": 25, "Plans": [{"Node Type": "Streaming(type: LOCAL GATHER dop: 1/16)", "Parent Relationship": "Outer", "Startup Cost": 0.0, "Total Cost": 103097.17, "Plan Rows": 33, "Plan Width": 25, "Plans": [{"Node Type": "Nested Loop", "Parent Relationship": "Outer", "Join Type": "Inner", "Startup Cost": 0.0, "Total Cost": 103096.46, "Plan Rows": 33, "Plan Width": 25, "Inner Unique": false, "Join Filter": "(mk.movie_id = t1.id)", "Plans": [{"Node Type": "Streaming(type: LOCAL REDISTRIBUTE dop: 16/16)", "Parent Relationship": "Outer", "Startup Cost": 0.0, "Total Cost": 43334.25, "Plan Rows": 2528311, "Plan Width": 21, "Plans": [{"Node Type": "Seq Scan", "Parent Relationship": "Outer", "Relation Name": "title", "Alias": "t1", "Startup Cost": 0.0, "Total Cost": 18754.32, "Plan Rows": 2528311, "Plan Width": 21}]}, {"Node Type": "Materialize", "Parent Relationship": "Inner", "Startup Cost": 0.0, "Total Cost": 54873.49, "Plan Rows": 33, "Plan Width": 4, "Plans": [{"Node Type": "Streaming(type: LOCAL REDISTRIBUTE dop: 16/16)", "Parent Relationship": "Outer", "Startup Cost": 0.0, "Total Cost": 54873.48, "Plan Rows": 33, "Plan Width": 4, "Plans": [{"Node Type": "Nested Loop", "Parent Relationship": "Outer", "Join Type": "Inner", "Startup Cost": 0.0, "Total Cost": 39873.36, "Plan Rows": 33, "Plan Width": 4, "Inner Unique": false, "Join Filter": "(k.id = mk.keyword_id)", "Plans": [{"Node Type": "Streaming(type: BROADCAST dop: 16/1)", "Parent Relationship": "Outer", "Startup Cost": 0.0, "Total Cost": 17436.46, "Plan Rows": 16, "Plan Width": 4, "Plans": [{"Node Type": "Seq Scan", "Parent Relationship": "Outer", "Relation Name": "keyword", "Alias": "k", "Startup Cost": 0.0, "Total Cost": 2436.11, "Plan Rows": 1, "Plan Width": 4, "Filter": "((keyword)::text = '10,000-mile-club'::text)"}]}, {"Node Type": "Seq Scan", "Parent Relationship": "Inner", "Relation Name": "movie_keyword", "Alias": "mk", "Startup Cost": 0.0, "Total Cost": 18902.58, "Plan Rows": 4523929, "Plan Width": 8}]}]}]}]}]}]}]}, {"Node Type": "Materialize", "Parent Relationship": "Inner", "Startup Cost": 0.0, "Total Cost": 1.25, "Plan Rows": 17, "Plan Width": 16, "Plans": [{"Node Type": "Seq Scan", "Parent Relationship": "Outer", "Relation Name": "link_type", "Alias": "lt", "Startup Cost": 0.0, "Total Cost": 1.17, "Plan Rows": 17, "Plan Width": 16}]}]}]}]}]}]}]}]}, "Unique SQL Id": 524435555, "Planner Runtime": 6}, "explain_analyze_plan": null}, "(16, 127)": {"explain_plan": {"Plan": {"Node Type": "Aggregate", "Strategy": "Plain", "Startup Cost": 6000044963492.68, "Total Cost": 6000044963492.69, "Plan Rows": 1, "Plan Width": 142, "Plans": [{"Node Type": "Nested Loop", "Parent Relationship": "Outer", "Join Type": "Inner", "Startup Cost": 60000000000.0, "Total Cost": 6000044963491.52, "Plan Rows": 154, "Plan Width": 46, "Inner Unique": false, "Join Filter": "(ml.linked_movie_id = t2.id)", "Plans": [{"Node Type": "Index Scan", "Parent Relationship": "Outer", "Scan Direction": "Forward", "Index Name": "title_pkey", "Relation Name": "title", "Alias": "t2", "Startup Cost": 10000000000.0, "Total Cost": 1000011012048.91, "Plan Rows": 2528311, "Plan Width": 21}, {"Node Type": "Materialize", "Parent Relationship": "Inner", "Startup Cost": 50000000000.0, "Total Cost": 5000028111044.58, "Plan Rows": 154, "Plan Width": 33, "Plans": [{"Node Type": "Nested Loop", "Parent Relationship": "Outer", "Join Type": "Inner", "Startup Cost": 50000000000.0, "Total Cost": 5000028111043.81, "Plan Rows": 154, "Plan Width": 33, "Inner Unique": true, "Join Filter": "(ml.link_type_id = lt.id)", "Plans": [{"Node Type": "Nested Loop", "Parent Relationship": "Outer", "Join Type": "Inner", "Startup Cost": 40000000000.0, "Total Cost": 4000028109754.0, "Plan Rows": 154, "Plan Width": 25, "Inner Unique": false, "Join Filter": "(t1.id = ml.movie_id)", "Plans": [{"Node Type": "Index Scan", "Parent Relationship": "Outer", "Scan Direction": "Forward", "Index Name": "linked_movie_id_movie_link", "Relation Name": "movie_link", "Alias": "ml", "Startup Cost": 10000000000.0, "Total Cost": 1000000144578.17, "Plan Rows": 29996, "Plan Width": 12}, {"Node Type": "Materialize", "Parent Relationship": "Inner", "Startup Cost": 30000000000.0, "Total Cost": 3000027950327.9, "Plan Rows": 33, "Plan Width": 25, "Plans": [{"Node Type": "Nested Loop", "Parent Relationship": "Outer", "Join Type": "Inner", "Startup Cost": 30000000000.0, "Total Cost": 3000027950327.73, "Plan Rows": 33, "Plan Width": 25, "Inner Unique": false, "Join Filter": "(mk.movie_id = t1.id)", "Plans": [{"Node Type": "Index Scan", "Parent Relationship": "Outer", "Scan Direction": "Forward", "Index Name": "title_pkey", "Relation Name": "title", "Alias": "t1", "Startup Cost": 10000000000.0, "Total Cost": 1000011012048.91, "Plan Rows": 2528311, "Plan Width": 21}, {"Node Type": "Materialize", "Parent Relationship": "Inner", "Startup Cost": 20000000000.0, "Total Cost": 2000015686764.96, "Plan Rows": 33, "Plan Width": 4, "Plans": [{"Node Type": "Nested Loop", "Parent Relationship": "Outer", "Join Type": "Inner", "Startup Cost": 20000000000.0, "Total Cost": 2000015686764.79, "Plan Rows": 33, "Plan Width": 4, "Inner Unique": true, "Join Filter": "(k.id = mk.keyword_id)", "Plans": [{"Node Type": "Index Scan", "Parent Relationship": "Outer", "Scan Direction": "Forward", "Index Name": "movie_id_movie_keyword", "Relation Name": "movie_keyword", "Alias": "mk", "Startup Cost": 10000000000.0, "Total Cost": 1000015300634.17, "Plan Rows": 4523929, "Plan Width": 8}, {"Node Type": "Materialize", "Parent Relationship": "Inner", "Startup Cost": 10000000000.0, "Total Cost": 1000000318271.69, "Plan Rows": 1, "Plan Width": 4, "Plans": [{"Node Type": "Index Scan", "Parent Relationship": "Outer", "Scan Direction": "Forward", "Index Name": "keyword_pkey", "Relation Name": "keyword", "Alias": "k", "Startup Cost": 10000000000.0, "Total Cost": 1000000318271.68, "Plan Rows": 1, "Plan Width": 4, "Filter": "((keyword)::text = '10,000-mile-club'::text)"}]}]}]}]}]}]}, {"Node Type": "Materialize", "Parent Relationship": "Inner", "Startup Cost": 10000000000.0, "Total Cost": 1000000001250.58, "Plan Rows": 17, "Plan Width": 16, "Plans": [{"Node Type": "Index Scan", "Parent Relationship": "Outer", "Scan Direction": "Forward", "Index Name": "link_type_pkey", "Relation Name": "link_type", "Alias": "lt", "Startup Cost": 10000000000.0, "Total Cost": 1000000001250.5, "Plan Rows": 17, "Plan Width": 16}]}]}]}]}]}, "Unique SQL Id": 524435555, "Planner Runtime": 2}, "explain_analyze_plan": null}, "(64, 0)": {"explain_plan": {"Plan": {"Node Type": "Aggregate", "Strategy": "Plain", "Startup Cost": 3260.82, "Total Cost": 3260.83, "Plan Rows": 1, "Plan Width": 142, "Plans": [{"Node Type": "Nested Loop", "Parent Relationship": "Outer", "Join Type": "Inner", "Startup Cost": 5.89, "Total Cost": 3259.66, "Plan Rows": 154, "Plan Width": 46, "Inner Unique": true, "Plans": [{"Node Type": "Hash Join", "Parent Relationship": "Outer", "Join Type": "Inner", "Startup Cost": 5.89, "Total Cost": 2596.09, "Plan Rows": 154, "Plan Width": 33, "Inner Unique": true, "Hash Cond": "(ml.link_type_id = lt.id)", "Plans": [{"Node Type": "Nested Loop", "Parent Relationship": "Outer", "Join Type": "Inner", "Startup Cost": 4.51, "Total Cost": 2592.76, "Plan Rows": 154, "Plan Width": 25, "Inner Unique": false, "Plans": [{"Node Type": "Nested Loop", "Parent Relationship": "Outer", "Join Type": "Inner", "Startup Cost": 4.51, "Total Cost": 2579.55, "Plan Rows": 33, "Plan Width": 25, "Inner Unique": true, "Plans": [{"Node Type": "Nested Loop", "Parent Relationship": "Outer", "Join Type": "Inner", "Startup Cost": 4.51, "Total Cost": 2569.02, "Plan Rows": 33, "Plan Width": 4, "Inner Unique": false, "Plans": [{"Node Type": "Seq Scan", "Parent Relationship": "Outer", "Relation Name": "keyword", "Alias": "k", "Startup Cost": 0.0, "Total Cost": 2436.11, "Plan Rows": 1, "Plan Width": 4, "Filter": "((keyword)::text = '10,000-mile-club'::text)"}, {"Node Type": "Bitmap Heap Scan", "Parent Relationship": "Inner", "Relation Name": "movie_keyword", "Alias": "mk", "Startup Cost": 4.51, "Total Cost": 132.58, "Plan Rows": 33, "Plan Width": 8, "Recheck Cond": "(keyword_id = k.id)", "Plans": [{"Node Type": "Bitmap Index Scan", "Parent Relationship": "Outer", "Index Name": "keyword_id_movie_keyword", "Startup Cost": 0.0, "Total Cost": 4.5, "Plan Rows": 33, "Plan Width": 0, "Index Cond": "(keyword_id = k.id)"}]}]}, {"Node Type": "Index Scan", "Parent Relationship": "Inner", "Scan Direction": "Forward", "Index Name": "title_pkey", "Relation Name": "title", "Alias": "t1", "Startup Cost": 0.0, "Total Cost": 0.31, "Plan Rows": 1, "Plan Width": 21, "Index Cond": "(id = mk.movie_id)"}]}, {"Node Type": "Index Scan", "Parent Relationship": "Inner", "Scan Direction": "Forward", "Index Name": "movie_id_movie_link", "Relation Name": "movie_link", "Alias": "ml", "Startup Cost": 0.0, "Total Cost": 0.35, "Plan Rows": 5, "Plan Width": 12, "Index Cond": "(movie_id = t1.id)"}]}, {"Node Type": "Hash", "Parent Relationship": "Inner", "Startup Cost": 1.17, "Total Cost": 1.17, "Plan Rows": 17, "Plan Width": 16, "Plans": [{"Node Type": "Seq Scan", "Parent Relationship": "Outer", "Relation Name": "link_type", "Alias": "lt", "Startup Cost": 0.0, "Total Cost": 1.17, "Plan Rows": 17, "Plan Width": 16}]}]}, {"Node Type": "Index Scan", "Parent Relationship": "Inner", "Scan Direction": "Forward", "Index Name": "title_pkey", "Relation Name": "title", "Alias": "t2", "Startup Cost": 0.0, "Total Cost": 4.3, "Plan Rows": 1, "Plan Width": 21, "Index Cond": "(id = ml.linked_movie_id)"}]}]}, "Unique SQL Id": 524435555, "Planner Runtime": 15}, "explain_analyze_plan": {"Plan": {"Node Type": "Aggregate", "Strategy": "Plain", "Startup Cost": 3260.82, "Total Cost": 3260.83, "Plan Rows": 1, "Plan Width": 142, "Actual Startup Time": 42.192, "Actual Total Time": 42.192, "Actual Rows": 1, "Actual Loops": 1, "Plans": [{"Node Type": "Nested Loop", "Parent Relationship": "Outer", "Join Type": "Inner", "Startup Cost": 5.89, "Total Cost": 3259.66, "Plan Rows": 154, "Plan Width": 46, "Actual Startup Time": 42.184, "Actual Total Time": 42.184, "Actual Rows": 0, "Actual Loops": 1, "Inner Unique": true, "Plans": [{"Node Type": "Hash Join", "Parent Relationship": "Outer", "Join Type": "Inner", "Startup Cost": 5.89, "Total Cost": 2596.09, "Plan Rows": 154, "Plan Width": 33, "Actual Startup Time": 42.161, "Actual Total Time": 42.161, "Actual Rows": 0, "Actual Loops": 1, "Inner Unique": true, "Hash Cond": "(ml.link_type_id = lt.id)", "Plans": [{"Node Type": "Nested Loop", "Parent Relationship": "Outer", "Join Type": "Inner", "Startup Cost": 4.51, "Total Cost": 2592.76, "Plan Rows": 154, "Plan Width": 25, "Actual Startup Time": 42.073, "Actual Total Time": 42.073, "Actual Rows": 0, "Actual Loops": 1, "Inner Unique": false, "Plans": [{"Node Type": "Nested Loop", "Parent Relationship": "Outer", "Join Type": "Inner", "Startup Cost": 4.51, "Total Cost": 2579.55, "Plan Rows": 33, "Plan Width": 25, "Actual Startup Time": 41.173, "Actual Total Time": 42.069, "Actual Rows": 1, "Actual Loops": 1, "Inner Unique": true, "Plans": [{"Node Type": "Nested Loop", "Parent Relationship": "Outer", "Join Type": "Inner", "Startup Cost": 4.51, "Total Cost": 2569.02, "Plan Rows": 33, "Plan Width": 4, "Actual Startup Time": 41.155, "Actual Total Time": 42.051, "Actual Rows": 1, "Actual Loops": 1, "Inner Unique": false, "Plans": [{"Node Type": "Seq Scan", "Parent Relationship": "Outer", "Relation Name": "keyword", "Alias": "k", "Startup Cost": 0.0, "Total Cost": 2436.11, "Plan Rows": 1, "Plan Width": 4, "Actual Startup Time": 41.116, "Actual Total Time": 42.01, "Actual Rows": 1, "Actual Loops": 1, "Filter": "((keyword)::text = '10,000-mile-club'::text)", "Rows Removed by Filter": 134168}, {"Node Type": "Bitmap Heap Scan", "Parent Relationship": "Inner", "Relation Name": "movie_keyword", "Alias": "mk", "Startup Cost": 4.51, "Total Cost": 132.58, "Plan Rows": 33, "Plan Width": 8, "Actual Startup Time": 0.029, "Actual Total Time": 0.029, "Actual Rows": 1, "Actual Loops": 1, "Recheck Cond": "(keyword_id = k.id)", "Rows Removed by Index Recheck": 0, "Exact Heap Blocks": 1, "Lossy Heap Blocks": 1, "Plans": [{"Node Type": "Bitmap Index Scan", "Parent Relationship": "Outer", "Index Name": "keyword_id_movie_keyword", "Startup Cost": 0.0, "Total Cost": 4.5, "Plan Rows": 33, "Plan Width": 0, "Actual Startup Time": 0.018, "Actual Total Time": 0.018, "Actual Rows": 1, "Actual Loops": 1, "Index Cond": "(keyword_id = k.id)"}]}]}, {"Node Type": "Index Scan", "Parent Relationship": "Inner", "Scan Direction": "Forward", "Index Name": "title_pkey", "Relation Name": "title", "Alias": "t1", "Startup Cost": 0.0, "Total Cost": 0.31, "Plan Rows": 1, "Plan Width": 21, "Actual Startup Time": 0.015, "Actual Total Time": 0.015, "Actual Rows": 1, "Actual Loops": 1, "Index Cond": "(id = mk.movie_id)", "Rows Removed by Index Recheck": 0}]}, {"Node Type": "Index Scan", "Parent Relationship": "Inner", "Scan Direction": "Forward", "Index Name": "movie_id_movie_link", "Relation Name": "movie_link", "Alias": "ml", "Startup Cost": 0.0, "Total Cost": 0.35, "Plan Rows": 5, "Plan Width": 12, "Actual Startup Time": 0.003, "Actual Total Time": 0.003, "Actual Rows": 0, "Actual Loops": 1, "Index Cond": "(movie_id = t1.id)", "Rows Removed by Index Recheck": 0}]}, {"Node Type": "Hash", "Parent Relationship": "Inner", "Startup Cost": 1.17, "Total Cost": 1.17, "Plan Rows": 17, "Plan Width": 16, "Actual Startup Time": 0.039, "Actual Total Time": 0.039, "Actual Rows": 17, "Actual Loops": 1, "Hash Buckets": 32768, "Hash Batches": 1, "Original Hash Batches": 1, "Peak Memory Usage": 1, "Plans": [{"Node Type": "Seq Scan", "Parent Relationship": "Outer", "Relation Name": "link_type", "Alias": "lt", "Startup Cost": 0.0, "Total Cost": 1.17, "Plan Rows": 17, "Plan Width": 16, "Actual Startup Time": 0.018, "Actual Total Time": 0.023, "Actual Rows": 17, "Actual Loops": 1}]}]}, {"Node Type": "Index Scan", "Parent Relationship": "Inner", "Scan Direction": "Forward", "Index Name": "title_pkey", "Relation Name": "title", "Alias": "t2", "Startup Cost": 0.0, "Total Cost": 4.3, "Plan Rows": 1, "Plan Width": 21, "Actual Startup Time": 0.0, "Actual Total Time": 0.0, "Index Cond": "(id = ml.linked_movie_id)", "Rows Removed by Index Recheck": 0}]}]}, "Triggers": [], "Planner Runtime": 7, "Total Runtime": 42.495, "Unique SQL Id": 524435555}}, "(64, 1)": {"explain_plan": {"Plan": {"Node Type": "Aggregate", "Strategy": "Plain", "Startup Cost": 4047.28, "Total Cost": 4047.29, "Plan Rows": 1, "Plan Width": 142, "Plans": [{"Node Type": "Nested Loop", "Parent Relationship": "Outer", "Join Type": "Inner", "Startup Cost": 4.51, "Total Cost": 4046.12, "Plan Rows": 154, "Plan Width": 46, "Inner Unique": true, "Plans": [{"Node Type": "Nested Loop", "Parent Relationship": "Outer", "Join Type": "Inner", "Startup Cost": 4.51, "Total Cost": 3382.55, "Plan Rows": 154, "Plan Width": 33, "Inner Unique": true, "Plans": [{"Node Type": "Nested Loop", "Parent Relationship": "Outer", "Join Type": "Inner", "Startup Cost": 4.51, "Total Cost": 3339.37, "Plan Rows": 154, "Plan Width": 25, "Inner Unique": false, "Plans": [{"Node Type": "Nested Loop", "Parent Relationship": "Outer", "Join Type": "Inner", "Startup Cost": 4.51, "Total Cost": 3326.15, "Plan Rows": 33, "Plan Width": 25, "Inner Unique": true, "Plans": [{"Node Type": "Nested Loop", "Parent Relationship": "Outer", "Join Type": "Inner", "Startup Cost": 4.51, "Total Cost": 3315.63, "Plan Rows": 33, "Plan Width": 4, "Inner Unique": false, "Plans": [{"Node Type": "Index Scan", "Parent Relationship": "Outer", "Scan Direction": "Forward", "Index Name": "keyword_pkey", "Relation Name": "keyword", "Alias": "k", "Startup Cost": 0.0, "Total Cost": 3182.72, "Plan Rows": 1, "Plan Width": 4, "Filter": "((keyword)::text = '10,000-mile-club'::text)"}, {"Node Type": "Bitmap Heap Scan", "Parent Relationship": "Inner", "Relation Name": "movie_keyword", "Alias": "mk", "Startup Cost": 4.51, "Total Cost": 132.58, "Plan Rows": 33, "Plan Width": 8, "Recheck Cond": "(keyword_id = k.id)", "Plans": [{"Node Type": "Bitmap Index Scan", "Parent Relationship": "Outer", "Index Name": "keyword_id_movie_keyword", "Startup Cost": 0.0, "Total Cost": 4.5, "Plan Rows": 33, "Plan Width": 0, "Index Cond": "(keyword_id = k.id)"}]}]}, {"Node Type": "Index Scan", "Parent Relationship": "Inner", "Scan Direction": "Forward", "Index Name": "title_pkey", "Relation Name": "title", "Alias": "t1", "Startup Cost": 0.0, "Total Cost": 0.31, "Plan Rows": 1, "Plan Width": 21, "Index Cond": "(id = mk.movie_id)"}]}, {"Node Type": "Index Scan", "Parent Relationship": "Inner", "Scan Direction": "Forward", "Index Name": "movie_id_movie_link", "Relation Name": "movie_link", "Alias": "ml", "Startup Cost": 0.0, "Total Cost": 0.35, "Plan Rows": 5, "Plan Width": 12, "Index Cond": "(movie_id = t1.id)"}]}, {"Node Type": "Index Scan", "Parent Relationship": "Inner", "Scan Direction": "Forward", "Index Name": "link_type_pkey", "Relation Name": "link_type", "Alias": "lt", "Startup Cost": 0.0, "Total Cost": 0.27, "Plan Rows": 1, "Plan Width": 16, "Index Cond": "(id = ml.link_type_id)"}]}, {"Node Type": "Index Scan", "Parent Relationship": "Inner", "Scan Direction": "Forward", "Index Name": "title_pkey", "Relation Name": "title", "Alias": "t2", "Startup Cost": 0.0, "Total Cost": 4.3, "Plan Rows": 1, "Plan Width": 21, "Index Cond": "(id = ml.linked_movie_id)"}]}]}, "Unique SQL Id": 524435555, "Planner Runtime": 13}, "explain_analyze_plan": {"Plan": {"Node Type": "Aggregate", "Strategy": "Plain", "Startup Cost": 4047.28, "Total Cost": 4047.29, "Plan Rows": 1, "Plan Width": 142, "Actual Startup Time": 114.984, "Actual Total Time": 114.985, "Actual Rows": 1, "Actual Loops": 1, "Plans": [{"Node Type": "Nested Loop", "Parent Relationship": "Outer", "Join Type": "Inner", "Startup Cost": 4.51, "Total Cost": 4046.12, "Plan Rows": 154, "Plan Width": 46, "Actual Startup Time": 114.978, "Actual Total Time": 114.978, "Actual Rows": 0, "Actual Loops": 1, "Inner Unique": true, "Plans": [{"Node Type": "Nested Loop", "Parent Relationship": "Outer", "Join Type": "Inner", "Startup Cost": 4.51, "Total Cost": 3382.55, "Plan Rows": 154, "Plan Width": 33, "Actual Startup Time": 114.977, "Actual Total Time": 114.977, "Actual Rows": 0, "Actual Loops": 1, "Inner Unique": true, "Plans": [{"Node Type": "Nested Loop", "Parent Relationship": "Outer", "Join Type": "Inner", "Startup Cost": 4.51, "Total Cost": 3339.37, "Plan Rows": 154, "Plan Width": 25, "Actual Startup Time": 114.976, "Actual Total Time": 114.976, "Actual Rows": 0, "Actual Loops": 1, "Inner Unique": false, "Plans": [{"Node Type": "Nested Loop", "Parent Relationship": "Outer", "Join Type": "Inner", "Startup Cost": 4.51, "Total Cost": 3326.15, "Plan Rows": 33, "Plan Width": 25, "Actual Startup Time": 113.117, "Actual Total Time": 114.965, "Actual Rows": 1, "Actual Loops": 1, "Inner Unique": true, "Plans": [{"Node Type": "Nested Loop", "Parent Relationship": "Outer", "Join Type": "Inner", "Startup Cost": 4.51, "Total Cost": 3315.63, "Plan Rows": 33, "Plan Width": 4, "Actual Startup Time": 113.093, "Actual Total Time": 114.94, "Actual Rows": 1, "Actual Loops": 1, "Inner Unique": false, "Plans": [{"Node Type": "Index Scan", "Parent Relationship": "Outer", "Scan Direction": "Forward", "Index Name": "keyword_pkey", "Relation Name": "keyword", "Alias": "k", "Startup Cost": 0.0, "Total Cost": 3182.72, "Plan Rows": 1, "Plan Width": 4, "Actual Startup Time": 113.04, "Actual Total Time": 114.886, "Actual Rows": 1, "Actual Loops": 1, "Filter": "((keyword)::text = '10,000-mile-club'::text)", "Rows Removed by Filter": 134168}, {"Node Type": "Bitmap Heap Scan", "Parent Relationship": "Inner", "Relation Name": "movie_keyword", "Alias": "mk", "Startup Cost": 4.51, "Total Cost": 132.58, "Plan Rows": 33, "Plan Width": 8, "Actual Startup Time": 0.033, "Actual Total Time": 0.033, "Actual Rows": 1, "Actual Loops": 1, "Recheck Cond": "(keyword_id = k.id)", "Rows Removed by Index Recheck": 0, "Exact Heap Blocks": 1, "Lossy Heap Blocks": 1, "Plans": [{"Node Type": "Bitmap Index Scan", "Parent Relationship": "Outer", "Index Name": "keyword_id_movie_keyword", "Startup Cost": 0.0, "Total Cost": 4.5, "Plan Rows": 33, "Plan Width": 0, "Actual Startup Time": 0.02, "Actual Total Time": 0.02, "Actual Rows": 1, "Actual Loops": 1, "Index Cond": "(keyword_id = k.id)"}]}]}, {"Node Type": "Index Scan", "Parent Relationship": "Inner", "Scan Direction": "Forward", "Index Name": "title_pkey", "Relation Name": "title", "Alias": "t1", "Startup Cost": 0.0, "Total Cost": 0.31, "Plan Rows": 1, "Plan Width": 21, "Actual Startup Time": 0.017, "Actual Total Time": 0.017, "Actual Rows": 1, "Actual Loops": 1, "Index Cond": "(id = mk.movie_id)", "Rows Removed by Index Recheck": 0}]}, {"Node Type": "Index Scan", "Parent Relationship": "Inner", "Scan Direction": "Forward", "Index Name": "movie_id_movie_link", "Relation Name": "movie_link", "Alias": "ml", "Startup Cost": 0.0, "Total Cost": 0.35, "Plan Rows": 5, "Plan Width": 12, "Actual Startup Time": 0.006, "Actual Total Time": 0.006, "Actual Rows": 0, "Actual Loops": 1, "Index Cond": "(movie_id = t1.id)", "Rows Removed by Index Recheck": 0}]}, {"Node Type": "Index Scan", "Parent Relationship": "Inner", "Scan Direction": "Forward", "Index Name": "link_type_pkey", "Relation Name": "link_type", "Alias": "lt", "Startup Cost": 0.0, "Total Cost": 0.27, "Plan Rows": 1, "Plan Width": 16, "Actual Startup Time": 0.0, "Actual Total Time": 0.0, "Index Cond": "(id = ml.link_type_id)", "Rows Removed by Index Recheck": 0}]}, {"Node Type": "Index Scan", "Parent Relationship": "Inner", "Scan Direction": "Forward", "Index Name": "title_pkey", "Relation Name": "title", "Alias": "t2", "Startup Cost": 0.0, "Total Cost": 4.3, "Plan Rows": 1, "Plan Width": 21, "Actual Startup Time": 0.0, "Actual Total Time": 0.0, "Index Cond": "(id = ml.linked_movie_id)", "Rows Removed by Index Recheck": 0}]}]}, "Triggers": [], "Planner Runtime": 2, "Total Runtime": 115.266, "Unique SQL Id": 524435555}}, "(64, 2)": {"explain_plan": {"Plan": {"Node Type": "Aggregate", "Strategy": "Plain", "Startup Cost": 3709.86, "Total Cost": 3709.87, "Plan Rows": 1, "Plan Width": 142, "Plans": [{"Node Type": "Nested Loop", "Parent Relationship": "Outer", "Join Type": "Inner", "Startup Cost": 7.93, "Total Cost": 3708.7, "Plan Rows": 154, "Plan Width": 46, "Inner Unique": true, "Plans": [{"Node Type": "Hash Join", "Parent Relationship": "Outer", "Join Type": "Inner", "Startup Cost": 6.44, "Total Cost": 2859.52, "Plan Rows": 154, "Plan Width": 33, "Inner Unique": true, "Hash Cond": "(ml.link_type_id = lt.id)", "Plans": [{"Node Type": "Nested Loop", "Parent Relationship": "Outer", "Join Type": "Inner", "Startup Cost": 5.06, "Total Cost": 2856.2, "Plan Rows": 154, "Plan Width": 25, "Inner Unique": false, "Join Filter": "(t1.id = ml.movie_id)", "Plans": [{"Node Type": "Nested Loop", "Parent Relationship": "Outer", "Join Type": "Inner", "Startup Cost": 4.77, "Total Cost": 2710.54, "Plan Rows": 33, "Plan Width": 25, "Inner Unique": true, "Plans": [{"Node Type": "Nested Loop", "Parent Relationship": "Outer", "Join Type": "Inner", "Startup Cost": 4.51, "Total Cost": 2569.02, "Plan Rows": 33, "Plan Width": 4, "Inner Unique": false, "Plans": [{"Node Type": "Seq Scan", "Parent Relationship": "Outer", "Relation Name": "keyword", "Alias": "k", "Startup Cost": 0.0, "Total Cost": 2436.11, "Plan Rows": 1, "Plan Width": 4, "Filter": "((keyword)::text = '10,000-mile-club'::text)"}, {"Node Type": "Bitmap Heap Scan", "Parent Relationship": "Inner", "Relation Name": "movie_keyword", "Alias": "mk", "Startup Cost": 4.51, "Total Cost": 132.58, "Plan Rows": 33, "Plan Width": 8, "Recheck Cond": "(keyword_id = k.id)", "Plans": [{"Node Type": "Bitmap Index Scan", "Parent Relationship": "Outer", "Index Name": "keyword_id_movie_keyword", "Startup Cost": 0.0, "Total Cost": 4.5, "Plan Rows": 33, "Plan Width": 0, "Index Cond": "(keyword_id = k.id)"}]}]}, {"Node Type": "Bitmap Heap Scan", "Parent Relationship": "Inner", "Relation Name": "title", "Alias": "t1", "Startup Cost": 0.27, "Total Cost": 4.28, "Plan Rows": 1, "Plan Width": 21, "Recheck Cond": "(id = mk.movie_id)", "Plans": [{"Node Type": "Bitmap Index Scan", "Parent Relationship": "Outer", "Index Name": "title_pkey", "Startup Cost": 0.0, "Total Cost": 0.27, "Plan Rows": 1, "Plan Width": 0, "Index Cond": "(id = mk.movie_id)"}]}]}, {"Node Type": "Bitmap Heap Scan", "Parent Relationship": "Inner", "Relation Name": "movie_link", "Alias": "ml", "Startup Cost": 0.29, "Total Cost": 4.35, "Plan Rows": 5, "Plan Width": 12, "Recheck Cond": "(movie_id = mk.movie_id)", "Plans": [{"Node Type": "Bitmap Index Scan", "Parent Relationship": "Outer", "Index Name": "movie_id_movie_link", "Startup Cost": 0.0, "Total Cost": 0.29, "Plan Rows": 5, "Plan Width": 0, "Index Cond": "(movie_id = mk.movie_id)"}]}]}, {"Node Type": "Hash", "Parent Relationship": "Inner", "Startup Cost": 1.17, "Total Cost": 1.17, "Plan Rows": 17, "Plan Width": 16, "Plans": [{"Node Type": "Seq Scan", "Parent Relationship": "Outer", "Relation Name": "link_type", "Alias": "lt", "Startup Cost": 0.0, "Total Cost": 1.17, "Plan Rows": 17, "Plan Width": 16}]}]}, {"Node Type": "Bitmap Heap Scan", "Parent Relationship": "Inner", "Relation Name": "title", "Alias": "t2", "Startup Cost": 1.49, "Total Cost": 5.5, "Plan Rows": 1, "Plan Width": 21, "Recheck Cond": "(id = ml.linked_movie_id)", "Plans": [{"Node Type": "Bitmap Index Scan", "Parent Relationship": "Outer", "Index Name": "title_pkey", "Startup Cost": 0.0, "Total Cost": 1.49, "Plan Rows": 1, "Plan Width": 0, "Index Cond": "(id = ml.linked_movie_id)"}]}]}]}, "Unique SQL Id": 524435555, "Planner Runtime": 13}, "explain_analyze_plan": {"Plan": {"Node Type": "Aggregate", "Strategy": "Plain", "Startup Cost": 3709.86, "Total Cost": 3709.87, "Plan Rows": 1, "Plan Width": 142, "Actual Startup Time": 40.984, "Actual Total Time": 40.985, "Actual Rows": 1, "Actual Loops": 1, "Plans": [{"Node Type": "Nested Loop", "Parent Relationship": "Outer", "Join Type": "Inner", "Startup Cost": 7.93, "Total Cost": 3708.7, "Plan Rows": 154, "Plan Width": 46, "Actual Startup Time": 40.979, "Actual Total Time": 40.979, "Actual Rows": 0, "Actual Loops": 1, "Inner Unique": true, "Plans": [{"Node Type": "Hash Join", "Parent Relationship": "Outer", "Join Type": "Inner", "Startup Cost": 6.44, "Total Cost": 2859.52, "Plan Rows": 154, "Plan Width": 33, "Actual Startup Time": 40.951, "Actual Total Time": 40.951, "Actual Rows": 0, "Actual Loops": 1, "Inner Unique": true, "Hash Cond": "(ml.link_type_id = lt.id)", "Plans": [{"Node Type": "Nested Loop", "Parent Relationship": "Outer", "Join Type": "Inner", "Startup Cost": 5.06, "Total Cost": 2856.2, "Plan Rows": 154, "Plan Width": 25, "Actual Startup Time": 40.887, "Actual Total Time": 40.887, "Actual Rows": 0, "Actual Loops": 1, "Inner Unique": false, "Join Filter": "(t1.id = ml.movie_id)", "Rows Removed by Join Filter": 0, "Plans": [{"Node Type": "Nested Loop", "Parent Relationship": "Outer", "Join Type": "Inner", "Startup Cost": 4.77, "Total Cost": 2710.54, "Plan Rows": 33, "Plan Width": 25, "Actual Startup Time": 40.006, "Actual Total Time": 40.875, "Actual Rows": 1, "Actual Loops": 1, "Inner Unique": true, "Plans": [{"Node Type": "Nested Loop", "Parent Relationship": "Outer", "Join Type": "Inner", "Startup Cost": 4.51, "Total Cost": 2569.02, "Plan Rows": 33, "Plan Width": 4, "Actual Startup Time": 39.991, "Actual Total Time": 40.859, "Actual Rows": 1, "Actual Loops": 1, "Inner Unique": false, "Plans": [{"Node Type": "Seq Scan", "Parent Relationship": "Outer", "Relation Name": "keyword", "Alias": "k", "Startup Cost": 0.0, "Total Cost": 2436.11, "Plan Rows": 1, "Plan Width": 4, "Actual Startup Time": 39.951, "Actual Total Time": 40.817, "Actual Rows": 1, "Actual Loops": 1, "Filter": "((keyword)::text = '10,000-mile-club'::text)", "Rows Removed by Filter": 134168}, {"Node Type": "Bitmap Heap Scan", "Parent Relationship": "Inner", "Relation Name": "movie_keyword", "Alias": "mk", "Startup Cost": 4.51, "Total Cost": 132.58, "Plan Rows": 33, "Plan Width": 8, "Actual Startup Time": 0.03, "Actual Total Time": 0.031, "Actual Rows": 1, "Actual Loops": 1, "Recheck Cond": "(keyword_id = k.id)", "Rows Removed by Index Recheck": 0, "Exact Heap Blocks": 1, "Lossy Heap Blocks": 1, "Plans": [{"Node Type": "Bitmap Index Scan", "Parent Relationship": "Outer", "Index Name": "keyword_id_movie_keyword", "Startup Cost": 0.0, "Total Cost": 4.5, "Plan Rows": 33, "Plan Width": 0, "Actual Startup Time": 0.019, "Actual Total Time": 0.019, "Actual Rows": 1, "Actual Loops": 1, "Index Cond": "(keyword_id = k.id)"}]}]}, {"Node Type": "Bitmap Heap Scan", "Parent Relationship": "Inner", "Relation Name": "title", "Alias": "t1", "Startup Cost": 0.27, "Total Cost": 4.28, "Plan Rows": 1, "Plan Width": 21, "Actual Startup Time": 0.011, "Actual Total Time": 0.011, "Actual Rows": 1, "Actual Loops": 1, "Recheck Cond": "(id = mk.movie_id)", "Rows Removed by Index Recheck": 0, "Exact Heap Blocks": 1, "Lossy Heap Blocks": 1, "Plans": [{"Node Type": "Bitmap Index Scan", "Parent Relationship": "Outer", "Index Name": "title_pkey", "Startup Cost": 0.0, "Total Cost": 0.27, "Plan Rows": 1, "Plan Width": 0, "Actual Startup Time": 0.007, "Actual Total Time": 0.007, "Actual Rows": 1, "Actual Loops": 1, "Index Cond": "(id = mk.movie_id)"}]}]}, {"Node Type": "Bitmap Heap Scan", "Parent Relationship": "Inner", "Relation Name": "movie_link", "Alias": "ml", "Startup Cost": 0.29, "Total Cost": 4.35, "Plan Rows": 5, "Plan Width": 12, "Actual Startup Time": 0.01, "Actual Total Time": 0.01, "Actual Rows": 0, "Actual Loops": 1, "Recheck Cond": "(movie_id = mk.movie_id)", "Rows Removed by Index Recheck": 0, "Exact Heap Blocks": 0, "Lossy Heap Blocks": 0, "Plans": [{"Node Type": "Bitmap Index Scan", "Parent Relationship": "Outer", "Index Name": "movie_id_movie_link", "Startup Cost": 0.0, "Total Cost": 0.29, "Plan Rows": 5, "Plan Width": 0, "Actual Startup Time": 0.005, "Actual Total Time": 0.005, "Actual Rows": 0, "Actual Loops": 1, "Index Cond": "(movie_id = mk.movie_id)"}]}]}, {"Node Type": "Hash", "Parent Relationship": "Inner", "Startup Cost": 1.17, "Total Cost": 1.17, "Plan Rows": 17, "Plan Width": 16, "Actual Startup Time": 0.027, "Actual Total Time": 0.027, "Actual Rows": 17, "Actual Loops": 1, "Hash Buckets": 32768, "Hash Batches": 1, "Original Hash Batches": 1, "Peak Memory Usage": 1, "Plans": [{"Node Type": "Seq Scan", "Parent Relationship": "Outer", "Relation Name": "link_type", "Alias": "lt", "Startup Cost": 0.0, "Total Cost": 1.17, "Plan Rows": 17, "Plan Width": 16, "Actual Startup Time": 0.01, "Actual Total Time": 0.013, "Actual Rows": 17, "Actual Loops": 1}]}]}, {"Node Type": "Bitmap Heap Scan", "Parent Relationship": "Inner", "Relation Name": "title", "Alias": "t2", "Startup Cost": 1.49, "Total Cost": 5.5, "Plan Rows": 1, "Plan Width": 21, "Actual Startup Time": 0.0, "Actual Total Time": 0.0, "Recheck Cond": "(id = ml.linked_movie_id)", "Rows Removed by Index Recheck": 0, "Exact Heap Blocks": 0, "Lossy Heap Blocks": 0, "Plans": [{"Node Type": "Bitmap Index Scan", "Parent Relationship": "Outer", "Index Name": "title_pkey", "Startup Cost": 0.0, "Total Cost": 1.49, "Plan Rows": 1, "Plan Width": 0, "Actual Startup Time": 0.0, "Actual Total Time": 0.0, "Index Cond": "(id = ml.linked_movie_id)"}]}]}]}, "Triggers": [], "Planner Runtime": 7, "Total Runtime": 41.244, "Unique SQL Id": 524435555}}, "(64, 3)": {"explain_plan": {"Plan": {"Node Type": "Aggregate", "Strategy": "Plain", "Startup Cost": 4440.29, "Total Cost": 4440.3, "Plan Rows": 1, "Plan Width": 142, "Plans": [{"Node Type": "Nested Loop", "Parent Relationship": "Outer", "Join Type": "Inner", "Startup Cost": 738.37, "Total Cost": 4439.14, "Plan Rows": 154, "Plan Width": 46, "Inner Unique": true, "Plans": [{"Node Type": "Hash Join", "Parent Relationship": "Outer", "Join Type": "Inner", "Startup Cost": 736.88, "Total Cost": 3589.96, "Plan Rows": 154, "Plan Width": 33, "Inner Unique": true, "Hash Cond": "(ml.link_type_id = lt.id)", "Plans": [{"Node Type": "Nested Loop", "Parent Relationship": "Outer", "Join Type": "Inner", "Startup Cost": 724.16, "Total Cost": 3575.3, "Plan Rows": 154, "Plan Width": 25, "Inner Unique": false, "Join Filter": "(t1.id = ml.movie_id)", "Plans": [{"Node Type": "Nested Loop", "Parent Relationship": "Outer", "Join Type": "Inner", "Startup Cost": 723.87, "Total Cost": 3429.64, "Plan Rows": 33, "Plan Width": 25, "Inner Unique": true, "Plans": [{"Node Type": "Nested Loop", "Parent Relationship": "Outer", "Join Type": "Inner", "Startup Cost": 723.6, "Total Cost": 3288.12, "Plan Rows": 33, "Plan Width": 4, "Inner Unique": false, "Plans": [{"Node Type": "Bitmap Heap Scan", "Parent Relationship": "Outer", "Relation Name": "keyword", "Alias": "k", "Startup Cost": 719.1, "Total Cost": 3155.21, "Plan Rows": 1, "Plan Width": 4, "Filter": "((keyword)::text = '10,000-mile-club'::text)", "Plans": [{"Node Type": "Bitmap Index Scan", "Parent Relationship": "Outer", "Index Name": "keyword_pkey", "Startup Cost": 0.0, "Total Cost": 719.1, "Plan Rows": 134169, "Plan Width": 0}]}, {"Node Type": "Bitmap Heap Scan", "Parent Relationship": "Inner", "Relation Name": "movie_keyword", "Alias": "mk", "Startup Cost": 4.51, "Total Cost": 132.58, "Plan Rows": 33, "Plan Width": 8, "Recheck Cond": "(keyword_id = k.id)", "Plans": [{"Node Type": "Bitmap Index Scan", "Parent Relationship": "Outer", "Index Name": "keyword_id_movie_keyword", "Startup Cost": 0.0, "Total Cost": 4.5, "Plan Rows": 33, "Plan Width": 0, "Index Cond": "(keyword_id = k.id)"}]}]}, {"Node Type": "Bitmap Heap Scan", "Parent Relationship": "Inner", "Relation Name": "title", "Alias": "t1", "Startup Cost": 0.27, "Total Cost": 4.28, "Plan Rows": 1, "Plan Width": 21, "Recheck Cond": "(id = mk.movie_id)", "Plans": [{"Node Type": "Bitmap Index Scan", "Parent Relationship": "Outer", "Index Name": "title_pkey", "Startup Cost": 0.0, "Total Cost": 0.27, "Plan Rows": 1, "Plan Width": 0, "Index Cond": "(id = mk.movie_id)"}]}]}, {"Node Type": "Bitmap Heap Scan", "Parent Relationship": "Inner", "Relation Name": "movie_link", "Alias": "ml", "Startup Cost": 0.29, "Total Cost": 4.35, "Plan Rows": 5, "Plan Width": 12, "Recheck Cond": "(movie_id = mk.movie_id)", "Plans": [{"Node Type": "Bitmap Index Scan", "Parent Relationship": "Outer", "Index Name": "movie_id_movie_link", "Startup Cost": 0.0, "Total Cost": 0.29, "Plan Rows": 5, "Plan Width": 0, "Index Cond": "(movie_id = mk.movie_id)"}]}]}, {"Node Type": "Hash", "Parent Relationship": "Inner", "Startup Cost": 12.51, "Total Cost": 12.51, "Plan Rows": 17, "Plan Width": 16, "Plans": [{"Node Type": "Bitmap Heap Scan", "Parent Relationship": "Outer", "Relation Name": "link_type", "Alias": "lt", "Startup Cost": 8.34, "Total Cost": 12.51, "Plan Rows": 17, "Plan Width": 16, "Plans": [{"Node Type": "Bitmap Index Scan", "Parent Relationship": "Outer", "Index Name": "link_type_pkey", "Startup Cost": 0.0, "Total Cost": 8.34, "Plan Rows": 17, "Plan Width": 0}]}]}]}, {"Node Type": "Bitmap Heap Scan", "Parent Relationship": "Inner", "Relation Name": "title", "Alias": "t2", "Startup Cost": 1.49, "Total Cost": 5.5, "Plan Rows": 1, "Plan Width": 21, "Recheck Cond": "(id = ml.linked_movie_id)", "Plans": [{"Node Type": "Bitmap Index Scan", "Parent Relationship": "Outer", "Index Name": "title_pkey", "Startup Cost": 0.0, "Total Cost": 1.49, "Plan Rows": 1, "Plan Width": 0, "Index Cond": "(id = ml.linked_movie_id)"}]}]}]}, "Unique SQL Id": 524435555, "Planner Runtime": 12}, "explain_analyze_plan": {"Plan": {"Node Type": "Aggregate", "Strategy": "Plain", "Startup Cost": 4440.29, "Total Cost": 4440.3, "Plan Rows": 1, "Plan Width": 142, "Actual Startup Time": 62.07, "Actual Total Time": 62.07, "Actual Rows": 1, "Actual Loops": 1, "Plans": [{"Node Type": "Nested Loop", "Parent Relationship": "Outer", "Join Type": "Inner", "Startup Cost": 738.37, "Total Cost": 4439.14, "Plan Rows": 154, "Plan Width": 46, "Actual Startup Time": 62.064, "Actual Total Time": 62.064, "Actual Rows": 0, "Actual Loops": 1, "Inner Unique": true, "Plans": [{"Node Type": "Hash Join", "Parent Relationship": "Outer", "Join Type": "Inner", "Startup Cost": 736.88, "Total Cost": 3589.96, "Plan Rows": 154, "Plan Width": 33, "Actual Startup Time": 62.038, "Actual Total Time": 62.038, "Actual Rows": 0, "Actual Loops": 1, "Inner Unique": true, "Hash Cond": "(ml.link_type_id = lt.id)", "Plans": [{"Node Type": "Nested Loop", "Parent Relationship": "Outer", "Join Type": "Inner", "Startup Cost": 724.16, "Total Cost": 3575.3, "Plan Rows": 154, "Plan Width": 25, "Actual Startup Time": 61.97, "Actual Total Time": 61.97, "Actual Rows": 0, "Actual Loops": 1, "Inner Unique": false, "Join Filter": "(t1.id = ml.movie_id)", "Rows Removed by Join Filter": 0, "Plans": [{"Node Type": "Nested Loop", "Parent Relationship": "Outer", "Join Type": "Inner", "Startup Cost": 723.87, "Total Cost": 3429.64, "Plan Rows": 33, "Plan Width": 25, "Actual Startup Time": 60.895, "Actual Total Time": 61.961, "Actual Rows": 1, "Actual Loops": 1, "Inner Unique": true, "Plans": [{"Node Type": "Nested Loop", "Parent Relationship": "Outer", "Join Type": "Inner", "Startup Cost": 723.6, "Total Cost": 3288.12, "Plan Rows": 33, "Plan Width": 4, "Actual Startup Time": 60.881, "Actual Total Time": 61.947, "Actual Rows": 1, "Actual Loops": 1, "Inner Unique": false, "Plans": [{"Node Type": "Bitmap Heap Scan", "Parent Relationship": "Outer", "Relation Name": "keyword", "Alias": "k", "Startup Cost": 719.1, "Total Cost": 3155.21, "Plan Rows": 1, "Plan Width": 4, "Actual Startup Time": 60.839, "Actual Total Time": 61.903, "Actual Rows": 1, "Actual Loops": 1, "Filter": "((keyword)::text = '10,000-mile-club'::text)", "Rows Removed by Filter": 134168, "Exact Heap Blocks": 759, "Lossy Heap Blocks": 759, "Plans": [{"Node Type": "Bitmap Index Scan", "Parent Relationship": "Outer", "Index Name": "keyword_pkey", "Startup Cost": 0.0, "Total Cost": 719.1, "Plan Rows": 134169, "Plan Width": 0, "Actual Startup Time": 11.71, "Actual Total Time": 11.71, "Actual Rows": 134169, "Actual Loops": 1}]}, {"Node Type": "Bitmap Heap Scan", "Parent Relationship": "Inner", "Relation Name": "movie_keyword", "Alias": "mk", "Startup Cost": 4.51, "Total Cost": 132.58, "Plan Rows": 33, "Plan Width": 8, "Actual Startup Time": 0.029, "Actual Total Time": 0.029, "Actual Rows": 1, "Actual Loops": 1, "Recheck Cond": "(keyword_id = k.id)", "Rows Removed by Index Recheck": 0, "Exact Heap Blocks": 1, "Lossy Heap Blocks": 1, "Plans": [{"Node Type": "Bitmap Index Scan", "Parent Relationship": "Outer", "Index Name": "keyword_id_movie_keyword", "Startup Cost": 0.0, "Total Cost": 4.5, "Plan Rows": 33, "Plan Width": 0, "Actual Startup Time": 0.02, "Actual Total Time": 0.02, "Actual Rows": 1, "Actual Loops": 1, "Index Cond": "(keyword_id = k.id)"}]}]}, {"Node Type": "Bitmap Heap Scan", "Parent Relationship": "Inner", "Relation Name": "title", "Alias": "t1", "Startup Cost": 0.27, "Total Cost": 4.28, "Plan Rows": 1, "Plan Width": 21, "Actual Startup Time": 0.011, "Actual Total Time": 0.011, "Actual Rows": 1, "Actual Loops": 1, "Recheck Cond": "(id = mk.movie_id)", "Rows Removed by Index Recheck": 0, "Exact Heap Blocks": 1, "Lossy Heap Blocks": 1, "Plans": [{"Node Type": "Bitmap Index Scan", "Parent Relationship": "Outer", "Index Name": "title_pkey", "Startup Cost": 0.0, "Total Cost": 0.27, "Plan Rows": 1, "Plan Width": 0, "Actual Startup Time": 0.007, "Actual Total Time": 0.007, "Actual Rows": 1, "Actual Loops": 1, "Index Cond": "(id = mk.movie_id)"}]}]}, {"Node Type": "Bitmap Heap Scan", "Parent Relationship": "Inner", "Relation Name": "movie_link", "Alias": "ml", "Startup Cost": 0.29, "Total Cost": 4.35, "Plan Rows": 5, "Plan Width": 12, "Actual Startup Time": 0.006, "Actual Total Time": 0.006, "Actual Rows": 0, "Actual Loops": 1, "Recheck Cond": "(movie_id = mk.movie_id)", "Rows Removed by Index Recheck": 0, "Exact Heap Blocks": 0, "Lossy Heap Blocks": 0, "Plans": [{"Node Type": "Bitmap Index Scan", "Parent Relationship": "Outer", "Index Name": "movie_id_movie_link", "Startup Cost": 0.0, "Total Cost": 0.29, "Plan Rows": 5, "Plan Width": 0, "Actual Startup Time": 0.003, "Actual Total Time": 0.003, "Actual Rows": 0, "Actual Loops": 1, "Index Cond": "(movie_id = mk.movie_id)"}]}]}, {"Node Type": "Hash", "Parent Relationship": "Inner", "Startup Cost": 12.51, "Total Cost": 12.51, "Plan Rows": 17, "Plan Width": 16, "Actual Startup Time": 0.033, "Actual Total Time": 0.033, "Actual Rows": 17, "Actual Loops": 1, "Hash Buckets": 32768, "Hash Batches": 1, "Original Hash Batches": 1, "Peak Memory Usage": 1, "Plans": [{"Node Type": "Bitmap Heap Scan", "Parent Relationship": "Outer", "Relation Name": "link_type", "Alias": "lt", "Startup Cost": 8.34, "Total Cost": 12.51, "Plan Rows": 17, "Plan Width": 16, "Actual Startup Time": 0.018, "Actual Total Time": 0.023, "Actual Rows": 17, "Actual Loops": 1, "Exact Heap Blocks": 1, "Lossy Heap Blocks": 1, "Plans": [{"Node Type": "Bitmap Index Scan", "Parent Relationship": "Outer", "Index Name": "link_type_pkey", "Startup Cost": 0.0, "Total Cost": 8.34, "Plan Rows": 17, "Plan Width": 0, "Actual Startup Time": 0.007, "Actual Total Time": 0.007, "Actual Rows": 17, "Actual Loops": 1}]}]}]}, {"Node Type": "Bitmap Heap Scan", "Parent Relationship": "Inner", "Relation Name": "title", "Alias": "t2", "Startup Cost": 1.49, "Total Cost": 5.5, "Plan Rows": 1, "Plan Width": 21, "Actual Startup Time": 0.0, "Actual Total Time": 0.0, "Recheck Cond": "(id = ml.linked_movie_id)", "Rows Removed by Index Recheck": 0, "Exact Heap Blocks": 0, "Lossy Heap Blocks": 0, "Plans": [{"Node Type": "Bitmap Index Scan", "Parent Relationship": "Outer", "Index Name": "title_pkey", "Startup Cost": 0.0, "Total Cost": 1.49, "Plan Rows": 1, "Plan Width": 0, "Actual Startup Time": 0.0, "Actual Total Time": 0.0, "Index Cond": "(id = ml.linked_movie_id)"}]}]}]}, "Triggers": [], "Planner Runtime": 7, "Total Runtime": 62.334, "Unique SQL Id": 524435555}}, "(64, 4)": {"explain_plan": {"Plan": {"Node Type": "Aggregate", "Strategy": "Plain", "Startup Cost": 3260.82, "Total Cost": 3260.83, "Plan Rows": 1, "Plan Width": 142, "Plans": [{"Node Type": "Nested Loop", "Parent Relationship": "Outer", "Join Type": "Inner", "Startup Cost": 5.89, "Total Cost": 3259.66, "Plan Rows": 154, "Plan Width": 46, "Inner Unique": true, "Plans": [{"Node Type": "Hash Join", "Parent Relationship": "Outer", "Join Type": "Inner", "Startup Cost": 5.89, "Total Cost": 2596.09, "Plan Rows": 154, "Plan Width": 33, "Inner Unique": true, "Hash Cond": "(ml.link_type_id = lt.id)", "Plans": [{"Node Type": "Nested Loop", "Parent Relationship": "Outer", "Join Type": "Inner", "Startup Cost": 4.51, "Total Cost": 2592.76, "Plan Rows": 154, "Plan Width": 25, "Inner Unique": false, "Plans": [{"Node Type": "Nested Loop", "Parent Relationship": "Outer", "Join Type": "Inner", "Startup Cost": 4.51, "Total Cost": 2579.55, "Plan Rows": 33, "Plan Width": 25, "Inner Unique": true, "Plans": [{"Node Type": "Nested Loop", "Parent Relationship": "Outer", "Join Type": "Inner", "Startup Cost": 4.51, "Total Cost": 2569.02, "Plan Rows": 33, "Plan Width": 4, "Inner Unique": false, "Plans": [{"Node Type": "Seq Scan", "Parent Relationship": "Outer", "Relation Name": "keyword", "Alias": "k", "Startup Cost": 0.0, "Total Cost": 2436.11, "Plan Rows": 1, "Plan Width": 4, "Filter": "((keyword)::text = '10,000-mile-club'::text)"}, {"Node Type": "Bitmap Heap Scan", "Parent Relationship": "Inner", "Relation Name": "movie_keyword", "Alias": "mk", "Startup Cost": 4.51, "Total Cost": 132.58, "Plan Rows": 33, "Plan Width": 8, "Recheck Cond": "(keyword_id = k.id)", "Plans": [{"Node Type": "Bitmap Index Scan", "Parent Relationship": "Outer", "Index Name": "keyword_id_movie_keyword", "Startup Cost": 0.0, "Total Cost": 4.5, "Plan Rows": 33, "Plan Width": 0, "Index Cond": "(keyword_id = k.id)"}]}]}, {"Node Type": "Index Scan", "Parent Relationship": "Inner", "Scan Direction": "Forward", "Index Name": "title_pkey", "Relation Name": "title", "Alias": "t1", "Startup Cost": 0.0, "Total Cost": 0.31, "Plan Rows": 1, "Plan Width": 21, "Index Cond": "(id = mk.movie_id)"}]}, {"Node Type": "Index Scan", "Parent Relationship": "Inner", "Scan Direction": "Forward", "Index Name": "movie_id_movie_link", "Relation Name": "movie_link", "Alias": "ml", "Startup Cost": 0.0, "Total Cost": 0.35, "Plan Rows": 5, "Plan Width": 12, "Index Cond": "(movie_id = t1.id)"}]}, {"Node Type": "Hash", "Parent Relationship": "Inner", "Startup Cost": 1.17, "Total Cost": 1.17, "Plan Rows": 17, "Plan Width": 16, "Plans": [{"Node Type": "Seq Scan", "Parent Relationship": "Outer", "Relation Name": "link_type", "Alias": "lt", "Startup Cost": 0.0, "Total Cost": 1.17, "Plan Rows": 17, "Plan Width": 16}]}]}, {"Node Type": "Index Scan", "Parent Relationship": "Inner", "Scan Direction": "Forward", "Index Name": "title_pkey", "Relation Name": "title", "Alias": "t2", "Startup Cost": 0.0, "Total Cost": 4.3, "Plan Rows": 1, "Plan Width": 21, "Index Cond": "(id = ml.linked_movie_id)"}]}]}, "Unique SQL Id": 524435555, "Planner Runtime": 14}, "explain_analyze_plan": {"Plan": {"Node Type": "Aggregate", "Strategy": "Plain", "Startup Cost": 3260.82, "Total Cost": 3260.83, "Plan Rows": 1, "Plan Width": 142, "Actual Startup Time": 42.192, "Actual Total Time": 42.192, "Actual Rows": 1, "Actual Loops": 1, "Plans": [{"Node Type": "Nested Loop", "Parent Relationship": "Outer", "Join Type": "Inner", "Startup Cost": 5.89, "Total Cost": 3259.66, "Plan Rows": 154, "Plan Width": 46, "Actual Startup Time": 42.184, "Actual Total Time": 42.184, "Actual Rows": 0, "Actual Loops": 1, "Inner Unique": true, "Plans": [{"Node Type": "Hash Join", "Parent Relationship": "Outer", "Join Type": "Inner", "Startup Cost": 5.89, "Total Cost": 2596.09, "Plan Rows": 154, "Plan Width": 33, "Actual Startup Time": 42.161, "Actual Total Time": 42.161, "Actual Rows": 0, "Actual Loops": 1, "Inner Unique": true, "Hash Cond": "(ml.link_type_id = lt.id)", "Plans": [{"Node Type": "Nested Loop", "Parent Relationship": "Outer", "Join Type": "Inner", "Startup Cost": 4.51, "Total Cost": 2592.76, "Plan Rows": 154, "Plan Width": 25, "Actual Startup Time": 42.073, "Actual Total Time": 42.073, "Actual Rows": 0, "Actual Loops": 1, "Inner Unique": false, "Plans": [{"Node Type": "Nested Loop", "Parent Relationship": "Outer", "Join Type": "Inner", "Startup Cost": 4.51, "Total Cost": 2579.55, "Plan Rows": 33, "Plan Width": 25, "Actual Startup Time": 41.173, "Actual Total Time": 42.069, "Actual Rows": 1, "Actual Loops": 1, "Inner Unique": true, "Plans": [{"Node Type": "Nested Loop", "Parent Relationship": "Outer", "Join Type": "Inner", "Startup Cost": 4.51, "Total Cost": 2569.02, "Plan Rows": 33, "Plan Width": 4, "Actual Startup Time": 41.155, "Actual Total Time": 42.051, "Actual Rows": 1, "Actual Loops": 1, "Inner Unique": false, "Plans": [{"Node Type": "Seq Scan", "Parent Relationship": "Outer", "Relation Name": "keyword", "Alias": "k", "Startup Cost": 0.0, "Total Cost": 2436.11, "Plan Rows": 1, "Plan Width": 4, "Actual Startup Time": 41.116, "Actual Total Time": 42.01, "Actual Rows": 1, "Actual Loops": 1, "Filter": "((keyword)::text = '10,000-mile-club'::text)", "Rows Removed by Filter": 134168}, {"Node Type": "Bitmap Heap Scan", "Parent Relationship": "Inner", "Relation Name": "movie_keyword", "Alias": "mk", "Startup Cost": 4.51, "Total Cost": 132.58, "Plan Rows": 33, "Plan Width": 8, "Actual Startup Time": 0.029, "Actual Total Time": 0.029, "Actual Rows": 1, "Actual Loops": 1, "Recheck Cond": "(keyword_id = k.id)", "Rows Removed by Index Recheck": 0, "Exact Heap Blocks": 1, "Lossy Heap Blocks": 1, "Plans": [{"Node Type": "Bitmap Index Scan", "Parent Relationship": "Outer", "Index Name": "keyword_id_movie_keyword", "Startup Cost": 0.0, "Total Cost": 4.5, "Plan Rows": 33, "Plan Width": 0, "Actual Startup Time": 0.018, "Actual Total Time": 0.018, "Actual Rows": 1, "Actual Loops": 1, "Index Cond": "(keyword_id = k.id)"}]}]}, {"Node Type": "Index Scan", "Parent Relationship": "Inner", "Scan Direction": "Forward", "Index Name": "title_pkey", "Relation Name": "title", "Alias": "t1", "Startup Cost": 0.0, "Total Cost": 0.31, "Plan Rows": 1, "Plan Width": 21, "Actual Startup Time": 0.015, "Actual Total Time": 0.015, "Actual Rows": 1, "Actual Loops": 1, "Index Cond": "(id = mk.movie_id)", "Rows Removed by Index Recheck": 0}]}, {"Node Type": "Index Scan", "Parent Relationship": "Inner", "Scan Direction": "Forward", "Index Name": "movie_id_movie_link", "Relation Name": "movie_link", "Alias": "ml", "Startup Cost": 0.0, "Total Cost": 0.35, "Plan Rows": 5, "Plan Width": 12, "Actual Startup Time": 0.003, "Actual Total Time": 0.003, "Actual Rows": 0, "Actual Loops": 1, "Index Cond": "(movie_id = t1.id)", "Rows Removed by Index Recheck": 0}]}, {"Node Type": "Hash", "Parent Relationship": "Inner", "Startup Cost": 1.17, "Total Cost": 1.17, "Plan Rows": 17, "Plan Width": 16, "Actual Startup Time": 0.039, "Actual Total Time": 0.039, "Actual Rows": 17, "Actual Loops": 1, "Hash Buckets": 32768, "Hash Batches": 1, "Original Hash Batches": 1, "Peak Memory Usage": 1, "Plans": [{"Node Type": "Seq Scan", "Parent Relationship": "Outer", "Relation Name": "link_type", "Alias": "lt", "Startup Cost": 0.0, "Total Cost": 1.17, "Plan Rows": 17, "Plan Width": 16, "Actual Startup Time": 0.018, "Actual Total Time": 0.023, "Actual Rows": 17, "Actual Loops": 1}]}]}, {"Node Type": "Index Scan", "Parent Relationship": "Inner", "Scan Direction": "Forward", "Index Name": "title_pkey", "Relation Name": "title", "Alias": "t2", "Startup Cost": 0.0, "Total Cost": 4.3, "Plan Rows": 1, "Plan Width": 21, "Actual Startup Time": 0.0, "Actual Total Time": 0.0, "Index Cond": "(id = ml.linked_movie_id)", "Rows Removed by Index Recheck": 0}]}]}, "Triggers": [], "Planner Runtime": 7, "Total Runtime": 42.495, "Unique SQL Id": 524435555}}, "(64, 5)": {"explain_plan": {"Plan": {"Node Type": "Aggregate", "Strategy": "Plain", "Startup Cost": 4047.28, "Total Cost": 4047.29, "Plan Rows": 1, "Plan Width": 142, "Plans": [{"Node Type": "Nested Loop", "Parent Relationship": "Outer", "Join Type": "Inner", "Startup Cost": 4.51, "Total Cost": 4046.12, "Plan Rows": 154, "Plan Width": 46, "Inner Unique": true, "Plans": [{"Node Type": "Nested Loop", "Parent Relationship": "Outer", "Join Type": "Inner", "Startup Cost": 4.51, "Total Cost": 3382.55, "Plan Rows": 154, "Plan Width": 33, "Inner Unique": true, "Plans": [{"Node Type": "Nested Loop", "Parent Relationship": "Outer", "Join Type": "Inner", "Startup Cost": 4.51, "Total Cost": 3339.37, "Plan Rows": 154, "Plan Width": 25, "Inner Unique": false, "Plans": [{"Node Type": "Nested Loop", "Parent Relationship": "Outer", "Join Type": "Inner", "Startup Cost": 4.51, "Total Cost": 3326.15, "Plan Rows": 33, "Plan Width": 25, "Inner Unique": true, "Plans": [{"Node Type": "Nested Loop", "Parent Relationship": "Outer", "Join Type": "Inner", "Startup Cost": 4.51, "Total Cost": 3315.63, "Plan Rows": 33, "Plan Width": 4, "Inner Unique": false, "Plans": [{"Node Type": "Index Scan", "Parent Relationship": "Outer", "Scan Direction": "Forward", "Index Name": "keyword_pkey", "Relation Name": "keyword", "Alias": "k", "Startup Cost": 0.0, "Total Cost": 3182.72, "Plan Rows": 1, "Plan Width": 4, "Filter": "((keyword)::text = '10,000-mile-club'::text)"}, {"Node Type": "Bitmap Heap Scan", "Parent Relationship": "Inner", "Relation Name": "movie_keyword", "Alias": "mk", "Startup Cost": 4.51, "Total Cost": 132.58, "Plan Rows": 33, "Plan Width": 8, "Recheck Cond": "(keyword_id = k.id)", "Plans": [{"Node Type": "Bitmap Index Scan", "Parent Relationship": "Outer", "Index Name": "keyword_id_movie_keyword", "Startup Cost": 0.0, "Total Cost": 4.5, "Plan Rows": 33, "Plan Width": 0, "Index Cond": "(keyword_id = k.id)"}]}]}, {"Node Type": "Index Scan", "Parent Relationship": "Inner", "Scan Direction": "Forward", "Index Name": "title_pkey", "Relation Name": "title", "Alias": "t1", "Startup Cost": 0.0, "Total Cost": 0.31, "Plan Rows": 1, "Plan Width": 21, "Index Cond": "(id = mk.movie_id)"}]}, {"Node Type": "Index Scan", "Parent Relationship": "Inner", "Scan Direction": "Forward", "Index Name": "movie_id_movie_link", "Relation Name": "movie_link", "Alias": "ml", "Startup Cost": 0.0, "Total Cost": 0.35, "Plan Rows": 5, "Plan Width": 12, "Index Cond": "(movie_id = t1.id)"}]}, {"Node Type": "Index Scan", "Parent Relationship": "Inner", "Scan Direction": "Forward", "Index Name": "link_type_pkey", "Relation Name": "link_type", "Alias": "lt", "Startup Cost": 0.0, "Total Cost": 0.27, "Plan Rows": 1, "Plan Width": 16, "Index Cond": "(id = ml.link_type_id)"}]}, {"Node Type": "Index Scan", "Parent Relationship": "Inner", "Scan Direction": "Forward", "Index Name": "title_pkey", "Relation Name": "title", "Alias": "t2", "Startup Cost": 0.0, "Total Cost": 4.3, "Plan Rows": 1, "Plan Width": 21, "Index Cond": "(id = ml.linked_movie_id)"}]}]}, "Unique SQL Id": 524435555, "Planner Runtime": 13}, "explain_analyze_plan": {"Plan": {"Node Type": "Aggregate", "Strategy": "Plain", "Startup Cost": 4047.28, "Total Cost": 4047.29, "Plan Rows": 1, "Plan Width": 142, "Actual Startup Time": 114.984, "Actual Total Time": 114.985, "Actual Rows": 1, "Actual Loops": 1, "Plans": [{"Node Type": "Nested Loop", "Parent Relationship": "Outer", "Join Type": "Inner", "Startup Cost": 4.51, "Total Cost": 4046.12, "Plan Rows": 154, "Plan Width": 46, "Actual Startup Time": 114.978, "Actual Total Time": 114.978, "Actual Rows": 0, "Actual Loops": 1, "Inner Unique": true, "Plans": [{"Node Type": "Nested Loop", "Parent Relationship": "Outer", "Join Type": "Inner", "Startup Cost": 4.51, "Total Cost": 3382.55, "Plan Rows": 154, "Plan Width": 33, "Actual Startup Time": 114.977, "Actual Total Time": 114.977, "Actual Rows": 0, "Actual Loops": 1, "Inner Unique": true, "Plans": [{"Node Type": "Nested Loop", "Parent Relationship": "Outer", "Join Type": "Inner", "Startup Cost": 4.51, "Total Cost": 3339.37, "Plan Rows": 154, "Plan Width": 25, "Actual Startup Time": 114.976, "Actual Total Time": 114.976, "Actual Rows": 0, "Actual Loops": 1, "Inner Unique": false, "Plans": [{"Node Type": "Nested Loop", "Parent Relationship": "Outer", "Join Type": "Inner", "Startup Cost": 4.51, "Total Cost": 3326.15, "Plan Rows": 33, "Plan Width": 25, "Actual Startup Time": 113.117, "Actual Total Time": 114.965, "Actual Rows": 1, "Actual Loops": 1, "Inner Unique": true, "Plans": [{"Node Type": "Nested Loop", "Parent Relationship": "Outer", "Join Type": "Inner", "Startup Cost": 4.51, "Total Cost": 3315.63, "Plan Rows": 33, "Plan Width": 4, "Actual Startup Time": 113.093, "Actual Total Time": 114.94, "Actual Rows": 1, "Actual Loops": 1, "Inner Unique": false, "Plans": [{"Node Type": "Index Scan", "Parent Relationship": "Outer", "Scan Direction": "Forward", "Index Name": "keyword_pkey", "Relation Name": "keyword", "Alias": "k", "Startup Cost": 0.0, "Total Cost": 3182.72, "Plan Rows": 1, "Plan Width": 4, "Actual Startup Time": 113.04, "Actual Total Time": 114.886, "Actual Rows": 1, "Actual Loops": 1, "Filter": "((keyword)::text = '10,000-mile-club'::text)", "Rows Removed by Filter": 134168}, {"Node Type": "Bitmap Heap Scan", "Parent Relationship": "Inner", "Relation Name": "movie_keyword", "Alias": "mk", "Startup Cost": 4.51, "Total Cost": 132.58, "Plan Rows": 33, "Plan Width": 8, "Actual Startup Time": 0.033, "Actual Total Time": 0.033, "Actual Rows": 1, "Actual Loops": 1, "Recheck Cond": "(keyword_id = k.id)", "Rows Removed by Index Recheck": 0, "Exact Heap Blocks": 1, "Lossy Heap Blocks": 1, "Plans": [{"Node Type": "Bitmap Index Scan", "Parent Relationship": "Outer", "Index Name": "keyword_id_movie_keyword", "Startup Cost": 0.0, "Total Cost": 4.5, "Plan Rows": 33, "Plan Width": 0, "Actual Startup Time": 0.02, "Actual Total Time": 0.02, "Actual Rows": 1, "Actual Loops": 1, "Index Cond": "(keyword_id = k.id)"}]}]}, {"Node Type": "Index Scan", "Parent Relationship": "Inner", "Scan Direction": "Forward", "Index Name": "title_pkey", "Relation Name": "title", "Alias": "t1", "Startup Cost": 0.0, "Total Cost": 0.31, "Plan Rows": 1, "Plan Width": 21, "Actual Startup Time": 0.017, "Actual Total Time": 0.017, "Actual Rows": 1, "Actual Loops": 1, "Index Cond": "(id = mk.movie_id)", "Rows Removed by Index Recheck": 0}]}, {"Node Type": "Index Scan", "Parent Relationship": "Inner", "Scan Direction": "Forward", "Index Name": "movie_id_movie_link", "Relation Name": "movie_link", "Alias": "ml", "Startup Cost": 0.0, "Total Cost": 0.35, "Plan Rows": 5, "Plan Width": 12, "Actual Startup Time": 0.006, "Actual Total Time": 0.006, "Actual Rows": 0, "Actual Loops": 1, "Index Cond": "(movie_id = t1.id)", "Rows Removed by Index Recheck": 0}]}, {"Node Type": "Index Scan", "Parent Relationship": "Inner", "Scan Direction": "Forward", "Index Name": "link_type_pkey", "Relation Name": "link_type", "Alias": "lt", "Startup Cost": 0.0, "Total Cost": 0.27, "Plan Rows": 1, "Plan Width": 16, "Actual Startup Time": 0.0, "Actual Total Time": 0.0, "Index Cond": "(id = ml.link_type_id)", "Rows Removed by Index Recheck": 0}]}, {"Node Type": "Index Scan", "Parent Relationship": "Inner", "Scan Direction": "Forward", "Index Name": "title_pkey", "Relation Name": "title", "Alias": "t2", "Startup Cost": 0.0, "Total Cost": 4.3, "Plan Rows": 1, "Plan Width": 21, "Actual Startup Time": 0.0, "Actual Total Time": 0.0, "Index Cond": "(id = ml.linked_movie_id)", "Rows Removed by Index Recheck": 0}]}]}, "Triggers": [], "Planner Runtime": 2, "Total Runtime": 115.266, "Unique SQL Id": 524435555}}, "(64, 6)": {"explain_plan": {"Plan": {"Node Type": "Aggregate", "Strategy": "Plain", "Startup Cost": 3709.86, "Total Cost": 3709.87, "Plan Rows": 1, "Plan Width": 142, "Plans": [{"Node Type": "Nested Loop", "Parent Relationship": "Outer", "Join Type": "Inner", "Startup Cost": 7.93, "Total Cost": 3708.7, "Plan Rows": 154, "Plan Width": 46, "Inner Unique": true, "Plans": [{"Node Type": "Hash Join", "Parent Relationship": "Outer", "Join Type": "Inner", "Startup Cost": 6.44, "Total Cost": 2859.52, "Plan Rows": 154, "Plan Width": 33, "Inner Unique": true, "Hash Cond": "(ml.link_type_id = lt.id)", "Plans": [{"Node Type": "Nested Loop", "Parent Relationship": "Outer", "Join Type": "Inner", "Startup Cost": 5.06, "Total Cost": 2856.2, "Plan Rows": 154, "Plan Width": 25, "Inner Unique": false, "Join Filter": "(t1.id = ml.movie_id)", "Plans": [{"Node Type": "Nested Loop", "Parent Relationship": "Outer", "Join Type": "Inner", "Startup Cost": 4.77, "Total Cost": 2710.54, "Plan Rows": 33, "Plan Width": 25, "Inner Unique": true, "Plans": [{"Node Type": "Nested Loop", "Parent Relationship": "Outer", "Join Type": "Inner", "Startup Cost": 4.51, "Total Cost": 2569.02, "Plan Rows": 33, "Plan Width": 4, "Inner Unique": false, "Plans": [{"Node Type": "Seq Scan", "Parent Relationship": "Outer", "Relation Name": "keyword", "Alias": "k", "Startup Cost": 0.0, "Total Cost": 2436.11, "Plan Rows": 1, "Plan Width": 4, "Filter": "((keyword)::text = '10,000-mile-club'::text)"}, {"Node Type": "Bitmap Heap Scan", "Parent Relationship": "Inner", "Relation Name": "movie_keyword", "Alias": "mk", "Startup Cost": 4.51, "Total Cost": 132.58, "Plan Rows": 33, "Plan Width": 8, "Recheck Cond": "(keyword_id = k.id)", "Plans": [{"Node Type": "Bitmap Index Scan", "Parent Relationship": "Outer", "Index Name": "keyword_id_movie_keyword", "Startup Cost": 0.0, "Total Cost": 4.5, "Plan Rows": 33, "Plan Width": 0, "Index Cond": "(keyword_id = k.id)"}]}]}, {"Node Type": "Bitmap Heap Scan", "Parent Relationship": "Inner", "Relation Name": "title", "Alias": "t1", "Startup Cost": 0.27, "Total Cost": 4.28, "Plan Rows": 1, "Plan Width": 21, "Recheck Cond": "(id = mk.movie_id)", "Plans": [{"Node Type": "Bitmap Index Scan", "Parent Relationship": "Outer", "Index Name": "title_pkey", "Startup Cost": 0.0, "Total Cost": 0.27, "Plan Rows": 1, "Plan Width": 0, "Index Cond": "(id = mk.movie_id)"}]}]}, {"Node Type": "Bitmap Heap Scan", "Parent Relationship": "Inner", "Relation Name": "movie_link", "Alias": "ml", "Startup Cost": 0.29, "Total Cost": 4.35, "Plan Rows": 5, "Plan Width": 12, "Recheck Cond": "(movie_id = mk.movie_id)", "Plans": [{"Node Type": "Bitmap Index Scan", "Parent Relationship": "Outer", "Index Name": "movie_id_movie_link", "Startup Cost": 0.0, "Total Cost": 0.29, "Plan Rows": 5, "Plan Width": 0, "Index Cond": "(movie_id = mk.movie_id)"}]}]}, {"Node Type": "Hash", "Parent Relationship": "Inner", "Startup Cost": 1.17, "Total Cost": 1.17, "Plan Rows": 17, "Plan Width": 16, "Plans": [{"Node Type": "Seq Scan", "Parent Relationship": "Outer", "Relation Name": "link_type", "Alias": "lt", "Startup Cost": 0.0, "Total Cost": 1.17, "Plan Rows": 17, "Plan Width": 16}]}]}, {"Node Type": "Bitmap Heap Scan", "Parent Relationship": "Inner", "Relation Name": "title", "Alias": "t2", "Startup Cost": 1.49, "Total Cost": 5.5, "Plan Rows": 1, "Plan Width": 21, "Recheck Cond": "(id = ml.linked_movie_id)", "Plans": [{"Node Type": "Bitmap Index Scan", "Parent Relationship": "Outer", "Index Name": "title_pkey", "Startup Cost": 0.0, "Total Cost": 1.49, "Plan Rows": 1, "Plan Width": 0, "Index Cond": "(id = ml.linked_movie_id)"}]}]}]}, "Unique SQL Id": 524435555, "Planner Runtime": 12}, "explain_analyze_plan": {"Plan": {"Node Type": "Aggregate", "Strategy": "Plain", "Startup Cost": 3709.86, "Total Cost": 3709.87, "Plan Rows": 1, "Plan Width": 142, "Actual Startup Time": 40.984, "Actual Total Time": 40.985, "Actual Rows": 1, "Actual Loops": 1, "Plans": [{"Node Type": "Nested Loop", "Parent Relationship": "Outer", "Join Type": "Inner", "Startup Cost": 7.93, "Total Cost": 3708.7, "Plan Rows": 154, "Plan Width": 46, "Actual Startup Time": 40.979, "Actual Total Time": 40.979, "Actual Rows": 0, "Actual Loops": 1, "Inner Unique": true, "Plans": [{"Node Type": "Hash Join", "Parent Relationship": "Outer", "Join Type": "Inner", "Startup Cost": 6.44, "Total Cost": 2859.52, "Plan Rows": 154, "Plan Width": 33, "Actual Startup Time": 40.951, "Actual Total Time": 40.951, "Actual Rows": 0, "Actual Loops": 1, "Inner Unique": true, "Hash Cond": "(ml.link_type_id = lt.id)", "Plans": [{"Node Type": "Nested Loop", "Parent Relationship": "Outer", "Join Type": "Inner", "Startup Cost": 5.06, "Total Cost": 2856.2, "Plan Rows": 154, "Plan Width": 25, "Actual Startup Time": 40.887, "Actual Total Time": 40.887, "Actual Rows": 0, "Actual Loops": 1, "Inner Unique": false, "Join Filter": "(t1.id = ml.movie_id)", "Rows Removed by Join Filter": 0, "Plans": [{"Node Type": "Nested Loop", "Parent Relationship": "Outer", "Join Type": "Inner", "Startup Cost": 4.77, "Total Cost": 2710.54, "Plan Rows": 33, "Plan Width": 25, "Actual Startup Time": 40.006, "Actual Total Time": 40.875, "Actual Rows": 1, "Actual Loops": 1, "Inner Unique": true, "Plans": [{"Node Type": "Nested Loop", "Parent Relationship": "Outer", "Join Type": "Inner", "Startup Cost": 4.51, "Total Cost": 2569.02, "Plan Rows": 33, "Plan Width": 4, "Actual Startup Time": 39.991, "Actual Total Time": 40.859, "Actual Rows": 1, "Actual Loops": 1, "Inner Unique": false, "Plans": [{"Node Type": "Seq Scan", "Parent Relationship": "Outer", "Relation Name": "keyword", "Alias": "k", "Startup Cost": 0.0, "Total Cost": 2436.11, "Plan Rows": 1, "Plan Width": 4, "Actual Startup Time": 39.951, "Actual Total Time": 40.817, "Actual Rows": 1, "Actual Loops": 1, "Filter": "((keyword)::text = '10,000-mile-club'::text)", "Rows Removed by Filter": 134168}, {"Node Type": "Bitmap Heap Scan", "Parent Relationship": "Inner", "Relation Name": "movie_keyword", "Alias": "mk", "Startup Cost": 4.51, "Total Cost": 132.58, "Plan Rows": 33, "Plan Width": 8, "Actual Startup Time": 0.03, "Actual Total Time": 0.031, "Actual Rows": 1, "Actual Loops": 1, "Recheck Cond": "(keyword_id = k.id)", "Rows Removed by Index Recheck": 0, "Exact Heap Blocks": 1, "Lossy Heap Blocks": 1, "Plans": [{"Node Type": "Bitmap Index Scan", "Parent Relationship": "Outer", "Index Name": "keyword_id_movie_keyword", "Startup Cost": 0.0, "Total Cost": 4.5, "Plan Rows": 33, "Plan Width": 0, "Actual Startup Time": 0.019, "Actual Total Time": 0.019, "Actual Rows": 1, "Actual Loops": 1, "Index Cond": "(keyword_id = k.id)"}]}]}, {"Node Type": "Bitmap Heap Scan", "Parent Relationship": "Inner", "Relation Name": "title", "Alias": "t1", "Startup Cost": 0.27, "Total Cost": 4.28, "Plan Rows": 1, "Plan Width": 21, "Actual Startup Time": 0.011, "Actual Total Time": 0.011, "Actual Rows": 1, "Actual Loops": 1, "Recheck Cond": "(id = mk.movie_id)", "Rows Removed by Index Recheck": 0, "Exact Heap Blocks": 1, "Lossy Heap Blocks": 1, "Plans": [{"Node Type": "Bitmap Index Scan", "Parent Relationship": "Outer", "Index Name": "title_pkey", "Startup Cost": 0.0, "Total Cost": 0.27, "Plan Rows": 1, "Plan Width": 0, "Actual Startup Time": 0.007, "Actual Total Time": 0.007, "Actual Rows": 1, "Actual Loops": 1, "Index Cond": "(id = mk.movie_id)"}]}]}, {"Node Type": "Bitmap Heap Scan", "Parent Relationship": "Inner", "Relation Name": "movie_link", "Alias": "ml", "Startup Cost": 0.29, "Total Cost": 4.35, "Plan Rows": 5, "Plan Width": 12, "Actual Startup Time": 0.01, "Actual Total Time": 0.01, "Actual Rows": 0, "Actual Loops": 1, "Recheck Cond": "(movie_id = mk.movie_id)", "Rows Removed by Index Recheck": 0, "Exact Heap Blocks": 0, "Lossy Heap Blocks": 0, "Plans": [{"Node Type": "Bitmap Index Scan", "Parent Relationship": "Outer", "Index Name": "movie_id_movie_link", "Startup Cost": 0.0, "Total Cost": 0.29, "Plan Rows": 5, "Plan Width": 0, "Actual Startup Time": 0.005, "Actual Total Time": 0.005, "Actual Rows": 0, "Actual Loops": 1, "Index Cond": "(movie_id = mk.movie_id)"}]}]}, {"Node Type": "Hash", "Parent Relationship": "Inner", "Startup Cost": 1.17, "Total Cost": 1.17, "Plan Rows": 17, "Plan Width": 16, "Actual Startup Time": 0.027, "Actual Total Time": 0.027, "Actual Rows": 17, "Actual Loops": 1, "Hash Buckets": 32768, "Hash Batches": 1, "Original Hash Batches": 1, "Peak Memory Usage": 1, "Plans": [{"Node Type": "Seq Scan", "Parent Relationship": "Outer", "Relation Name": "link_type", "Alias": "lt", "Startup Cost": 0.0, "Total Cost": 1.17, "Plan Rows": 17, "Plan Width": 16, "Actual Startup Time": 0.01, "Actual Total Time": 0.013, "Actual Rows": 17, "Actual Loops": 1}]}]}, {"Node Type": "Bitmap Heap Scan", "Parent Relationship": "Inner", "Relation Name": "title", "Alias": "t2", "Startup Cost": 1.49, "Total Cost": 5.5, "Plan Rows": 1, "Plan Width": 21, "Actual Startup Time": 0.0, "Actual Total Time": 0.0, "Recheck Cond": "(id = ml.linked_movie_id)", "Rows Removed by Index Recheck": 0, "Exact Heap Blocks": 0, "Lossy Heap Blocks": 0, "Plans": [{"Node Type": "Bitmap Index Scan", "Parent Relationship": "Outer", "Index Name": "title_pkey", "Startup Cost": 0.0, "Total Cost": 1.49, "Plan Rows": 1, "Plan Width": 0, "Actual Startup Time": 0.0, "Actual Total Time": 0.0, "Index Cond": "(id = ml.linked_movie_id)"}]}]}]}, "Triggers": [], "Planner Runtime": 7, "Total Runtime": 41.244, "Unique SQL Id": 524435555}}, "(64, 7)": {"explain_plan": {"Plan": {"Node Type": "Aggregate", "Strategy": "Plain", "Startup Cost": 4440.29, "Total Cost": 4440.3, "Plan Rows": 1, "Plan Width": 142, "Plans": [{"Node Type": "Nested Loop", "Parent Relationship": "Outer", "Join Type": "Inner", "Startup Cost": 738.37, "Total Cost": 4439.14, "Plan Rows": 154, "Plan Width": 46, "Inner Unique": true, "Plans": [{"Node Type": "Hash Join", "Parent Relationship": "Outer", "Join Type": "Inner", "Startup Cost": 736.88, "Total Cost": 3589.96, "Plan Rows": 154, "Plan Width": 33, "Inner Unique": true, "Hash Cond": "(ml.link_type_id = lt.id)", "Plans": [{"Node Type": "Nested Loop", "Parent Relationship": "Outer", "Join Type": "Inner", "Startup Cost": 724.16, "Total Cost": 3575.3, "Plan Rows": 154, "Plan Width": 25, "Inner Unique": false, "Join Filter": "(t1.id = ml.movie_id)", "Plans": [{"Node Type": "Nested Loop", "Parent Relationship": "Outer", "Join Type": "Inner", "Startup Cost": 723.87, "Total Cost": 3429.64, "Plan Rows": 33, "Plan Width": 25, "Inner Unique": true, "Plans": [{"Node Type": "Nested Loop", "Parent Relationship": "Outer", "Join Type": "Inner", "Startup Cost": 723.6, "Total Cost": 3288.12, "Plan Rows": 33, "Plan Width": 4, "Inner Unique": false, "Plans": [{"Node Type": "Bitmap Heap Scan", "Parent Relationship": "Outer", "Relation Name": "keyword", "Alias": "k", "Startup Cost": 719.1, "Total Cost": 3155.21, "Plan Rows": 1, "Plan Width": 4, "Filter": "((keyword)::text = '10,000-mile-club'::text)", "Plans": [{"Node Type": "Bitmap Index Scan", "Parent Relationship": "Outer", "Index Name": "keyword_pkey", "Startup Cost": 0.0, "Total Cost": 719.1, "Plan Rows": 134169, "Plan Width": 0}]}, {"Node Type": "Bitmap Heap Scan", "Parent Relationship": "Inner", "Relation Name": "movie_keyword", "Alias": "mk", "Startup Cost": 4.51, "Total Cost": 132.58, "Plan Rows": 33, "Plan Width": 8, "Recheck Cond": "(keyword_id = k.id)", "Plans": [{"Node Type": "Bitmap Index Scan", "Parent Relationship": "Outer", "Index Name": "keyword_id_movie_keyword", "Startup Cost": 0.0, "Total Cost": 4.5, "Plan Rows": 33, "Plan Width": 0, "Index Cond": "(keyword_id = k.id)"}]}]}, {"Node Type": "Bitmap Heap Scan", "Parent Relationship": "Inner", "Relation Name": "title", "Alias": "t1", "Startup Cost": 0.27, "Total Cost": 4.28, "Plan Rows": 1, "Plan Width": 21, "Recheck Cond": "(id = mk.movie_id)", "Plans": [{"Node Type": "Bitmap Index Scan", "Parent Relationship": "Outer", "Index Name": "title_pkey", "Startup Cost": 0.0, "Total Cost": 0.27, "Plan Rows": 1, "Plan Width": 0, "Index Cond": "(id = mk.movie_id)"}]}]}, {"Node Type": "Bitmap Heap Scan", "Parent Relationship": "Inner", "Relation Name": "movie_link", "Alias": "ml", "Startup Cost": 0.29, "Total Cost": 4.35, "Plan Rows": 5, "Plan Width": 12, "Recheck Cond": "(movie_id = mk.movie_id)", "Plans": [{"Node Type": "Bitmap Index Scan", "Parent Relationship": "Outer", "Index Name": "movie_id_movie_link", "Startup Cost": 0.0, "Total Cost": 0.29, "Plan Rows": 5, "Plan Width": 0, "Index Cond": "(movie_id = mk.movie_id)"}]}]}, {"Node Type": "Hash", "Parent Relationship": "Inner", "Startup Cost": 12.51, "Total Cost": 12.51, "Plan Rows": 17, "Plan Width": 16, "Plans": [{"Node Type": "Bitmap Heap Scan", "Parent Relationship": "Outer", "Relation Name": "link_type", "Alias": "lt", "Startup Cost": 8.34, "Total Cost": 12.51, "Plan Rows": 17, "Plan Width": 16, "Plans": [{"Node Type": "Bitmap Index Scan", "Parent Relationship": "Outer", "Index Name": "link_type_pkey", "Startup Cost": 0.0, "Total Cost": 8.34, "Plan Rows": 17, "Plan Width": 0}]}]}]}, {"Node Type": "Bitmap Heap Scan", "Parent Relationship": "Inner", "Relation Name": "title", "Alias": "t2", "Startup Cost": 1.49, "Total Cost": 5.5, "Plan Rows": 1, "Plan Width": 21, "Recheck Cond": "(id = ml.linked_movie_id)", "Plans": [{"Node Type": "Bitmap Index Scan", "Parent Relationship": "Outer", "Index Name": "title_pkey", "Startup Cost": 0.0, "Total Cost": 1.49, "Plan Rows": 1, "Plan Width": 0, "Index Cond": "(id = ml.linked_movie_id)"}]}]}]}, "Unique SQL Id": 524435555, "Planner Runtime": 11}, "explain_analyze_plan": {"Plan": {"Node Type": "Aggregate", "Strategy": "Plain", "Startup Cost": 4440.29, "Total Cost": 4440.3, "Plan Rows": 1, "Plan Width": 142, "Actual Startup Time": 62.07, "Actual Total Time": 62.07, "Actual Rows": 1, "Actual Loops": 1, "Plans": [{"Node Type": "Nested Loop", "Parent Relationship": "Outer", "Join Type": "Inner", "Startup Cost": 738.37, "Total Cost": 4439.14, "Plan Rows": 154, "Plan Width": 46, "Actual Startup Time": 62.064, "Actual Total Time": 62.064, "Actual Rows": 0, "Actual Loops": 1, "Inner Unique": true, "Plans": [{"Node Type": "Hash Join", "Parent Relationship": "Outer", "Join Type": "Inner", "Startup Cost": 736.88, "Total Cost": 3589.96, "Plan Rows": 154, "Plan Width": 33, "Actual Startup Time": 62.038, "Actual Total Time": 62.038, "Actual Rows": 0, "Actual Loops": 1, "Inner Unique": true, "Hash Cond": "(ml.link_type_id = lt.id)", "Plans": [{"Node Type": "Nested Loop", "Parent Relationship": "Outer", "Join Type": "Inner", "Startup Cost": 724.16, "Total Cost": 3575.3, "Plan Rows": 154, "Plan Width": 25, "Actual Startup Time": 61.97, "Actual Total Time": 61.97, "Actual Rows": 0, "Actual Loops": 1, "Inner Unique": false, "Join Filter": "(t1.id = ml.movie_id)", "Rows Removed by Join Filter": 0, "Plans": [{"Node Type": "Nested Loop", "Parent Relationship": "Outer", "Join Type": "Inner", "Startup Cost": 723.87, "Total Cost": 3429.64, "Plan Rows": 33, "Plan Width": 25, "Actual Startup Time": 60.895, "Actual Total Time": 61.961, "Actual Rows": 1, "Actual Loops": 1, "Inner Unique": true, "Plans": [{"Node Type": "Nested Loop", "Parent Relationship": "Outer", "Join Type": "Inner", "Startup Cost": 723.6, "Total Cost": 3288.12, "Plan Rows": 33, "Plan Width": 4, "Actual Startup Time": 60.881, "Actual Total Time": 61.947, "Actual Rows": 1, "Actual Loops": 1, "Inner Unique": false, "Plans": [{"Node Type": "Bitmap Heap Scan", "Parent Relationship": "Outer", "Relation Name": "keyword", "Alias": "k", "Startup Cost": 719.1, "Total Cost": 3155.21, "Plan Rows": 1, "Plan Width": 4, "Actual Startup Time": 60.839, "Actual Total Time": 61.903, "Actual Rows": 1, "Actual Loops": 1, "Filter": "((keyword)::text = '10,000-mile-club'::text)", "Rows Removed by Filter": 134168, "Exact Heap Blocks": 759, "Lossy Heap Blocks": 759, "Plans": [{"Node Type": "Bitmap Index Scan", "Parent Relationship": "Outer", "Index Name": "keyword_pkey", "Startup Cost": 0.0, "Total Cost": 719.1, "Plan Rows": 134169, "Plan Width": 0, "Actual Startup Time": 11.71, "Actual Total Time": 11.71, "Actual Rows": 134169, "Actual Loops": 1}]}, {"Node Type": "Bitmap Heap Scan", "Parent Relationship": "Inner", "Relation Name": "movie_keyword", "Alias": "mk", "Startup Cost": 4.51, "Total Cost": 132.58, "Plan Rows": 33, "Plan Width": 8, "Actual Startup Time": 0.029, "Actual Total Time": 0.029, "Actual Rows": 1, "Actual Loops": 1, "Recheck Cond": "(keyword_id = k.id)", "Rows Removed by Index Recheck": 0, "Exact Heap Blocks": 1, "Lossy Heap Blocks": 1, "Plans": [{"Node Type": "Bitmap Index Scan", "Parent Relationship": "Outer", "Index Name": "keyword_id_movie_keyword", "Startup Cost": 0.0, "Total Cost": 4.5, "Plan Rows": 33, "Plan Width": 0, "Actual Startup Time": 0.02, "Actual Total Time": 0.02, "Actual Rows": 1, "Actual Loops": 1, "Index Cond": "(keyword_id = k.id)"}]}]}, {"Node Type": "Bitmap Heap Scan", "Parent Relationship": "Inner", "Relation Name": "title", "Alias": "t1", "Startup Cost": 0.27, "Total Cost": 4.28, "Plan Rows": 1, "Plan Width": 21, "Actual Startup Time": 0.011, "Actual Total Time": 0.011, "Actual Rows": 1, "Actual Loops": 1, "Recheck Cond": "(id = mk.movie_id)", "Rows Removed by Index Recheck": 0, "Exact Heap Blocks": 1, "Lossy Heap Blocks": 1, "Plans": [{"Node Type": "Bitmap Index Scan", "Parent Relationship": "Outer", "Index Name": "title_pkey", "Startup Cost": 0.0, "Total Cost": 0.27, "Plan Rows": 1, "Plan Width": 0, "Actual Startup Time": 0.007, "Actual Total Time": 0.007, "Actual Rows": 1, "Actual Loops": 1, "Index Cond": "(id = mk.movie_id)"}]}]}, {"Node Type": "Bitmap Heap Scan", "Parent Relationship": "Inner", "Relation Name": "movie_link", "Alias": "ml", "Startup Cost": 0.29, "Total Cost": 4.35, "Plan Rows": 5, "Plan Width": 12, "Actual Startup Time": 0.006, "Actual Total Time": 0.006, "Actual Rows": 0, "Actual Loops": 1, "Recheck Cond": "(movie_id = mk.movie_id)", "Rows Removed by Index Recheck": 0, "Exact Heap Blocks": 0, "Lossy Heap Blocks": 0, "Plans": [{"Node Type": "Bitmap Index Scan", "Parent Relationship": "Outer", "Index Name": "movie_id_movie_link", "Startup Cost": 0.0, "Total Cost": 0.29, "Plan Rows": 5, "Plan Width": 0, "Actual Startup Time": 0.003, "Actual Total Time": 0.003, "Actual Rows": 0, "Actual Loops": 1, "Index Cond": "(movie_id = mk.movie_id)"}]}]}, {"Node Type": "Hash", "Parent Relationship": "Inner", "Startup Cost": 12.51, "Total Cost": 12.51, "Plan Rows": 17, "Plan Width": 16, "Actual Startup Time": 0.033, "Actual Total Time": 0.033, "Actual Rows": 17, "Actual Loops": 1, "Hash Buckets": 32768, "Hash Batches": 1, "Original Hash Batches": 1, "Peak Memory Usage": 1, "Plans": [{"Node Type": "Bitmap Heap Scan", "Parent Relationship": "Outer", "Relation Name": "link_type", "Alias": "lt", "Startup Cost": 8.34, "Total Cost": 12.51, "Plan Rows": 17, "Plan Width": 16, "Actual Startup Time": 0.018, "Actual Total Time": 0.023, "Actual Rows": 17, "Actual Loops": 1, "Exact Heap Blocks": 1, "Lossy Heap Blocks": 1, "Plans": [{"Node Type": "Bitmap Index Scan", "Parent Relationship": "Outer", "Index Name": "link_type_pkey", "Startup Cost": 0.0, "Total Cost": 8.34, "Plan Rows": 17, "Plan Width": 0, "Actual Startup Time": 0.007, "Actual Total Time": 0.007, "Actual Rows": 17, "Actual Loops": 1}]}]}]}, {"Node Type": "Bitmap Heap Scan", "Parent Relationship": "Inner", "Relation Name": "title", "Alias": "t2", "Startup Cost": 1.49, "Total Cost": 5.5, "Plan Rows": 1, "Plan Width": 21, "Actual Startup Time": 0.0, "Actual Total Time": 0.0, "Recheck Cond": "(id = ml.linked_movie_id)", "Rows Removed by Index Recheck": 0, "Exact Heap Blocks": 0, "Lossy Heap Blocks": 0, "Plans": [{"Node Type": "Bitmap Index Scan", "Parent Relationship": "Outer", "Index Name": "title_pkey", "Startup Cost": 0.0, "Total Cost": 1.49, "Plan Rows": 1, "Plan Width": 0, "Actual Startup Time": 0.0, "Actual Total Time": 0.0, "Index Cond": "(id = ml.linked_movie_id)"}]}]}]}, "Triggers": [], "Planner Runtime": 7, "Total Runtime": 62.334, "Unique SQL Id": 524435555}}, "(64, 8)": {"explain_plan": {"Plan": {"Node Type": "Aggregate", "Strategy": "Plain", "Startup Cost": 3265.11, "Total Cost": 3265.12, "Plan Rows": 1, "Plan Width": 142, "Plans": [{"Node Type": "Nested Loop", "Parent Relationship": "Outer", "Join Type": "Inner", "Startup Cost": 1.38, "Total Cost": 3263.96, "Plan Rows": 154, "Plan Width": 46, "Inner Unique": true, "Plans": [{"Node Type": "Hash Join", "Parent Relationship": "Outer", "Join Type": "Inner", "Startup Cost": 1.38, "Total Cost": 2600.38, "Plan Rows": 154, "Plan Width": 33, "Inner Unique": true, "Hash Cond": "(ml.link_type_id = lt.id)", "Plans": [{"Node Type": "Nested Loop", "Parent Relationship": "Outer", "Join Type": "Inner", "Startup Cost": 0.0, "Total Cost": 2597.06, "Plan Rows": 154, "Plan Width": 25, "Inner Unique": false, "Plans": [{"Node Type": "Nested Loop", "Parent Relationship": "Outer", "Join Type": "Inner", "Startup Cost": 0.0, "Total Cost": 2583.84, "Plan Rows": 33, "Plan Width": 25, "Inner Unique": true, "Plans": [{"Node Type": "Nested Loop", "Parent Relationship": "Outer", "Join Type": "Inner", "Startup Cost": 0.0, "Total Cost": 2573.32, "Plan Rows": 33, "Plan Width": 4, "Inner Unique": false, "Plans": [{"Node Type": "Seq Scan", "Parent Relationship": "Outer", "Relation Name": "keyword", "Alias": "k", "Startup Cost": 0.0, "Total Cost": 2436.11, "Plan Rows": 1, "Plan Width": 4, "Filter": "((keyword)::text = '10,000-mile-club'::text)"}, {"Node Type": "Index Scan", "Parent Relationship": "Inner", "Scan Direction": "Forward", "Index Name": "keyword_id_movie_keyword", "Relation Name": "movie_keyword", "Alias": "mk", "Startup Cost": 0.0, "Total Cost": 136.88, "Plan Rows": 33, "Plan Width": 8, "Index Cond": "(keyword_id = k.id)"}]}, {"Node Type": "Index Scan", "Parent Relationship": "Inner", "Scan Direction": "Forward", "Index Name": "title_pkey", "Relation Name": "title", "Alias": "t1", "Startup Cost": 0.0, "Total Cost": 0.31, "Plan Rows": 1, "Plan Width": 21, "Index Cond": "(id = mk.movie_id)"}]}, {"Node Type": "Index Scan", "Parent Relationship": "Inner", "Scan Direction": "Forward", "Index Name": "movie_id_movie_link", "Relation Name": "movie_link", "Alias": "ml", "Startup Cost": 0.0, "Total Cost": 0.35, "Plan Rows": 5, "Plan Width": 12, "Index Cond": "(movie_id = t1.id)"}]}, {"Node Type": "Hash", "Parent Relationship": "Inner", "Startup Cost": 1.17, "Total Cost": 1.17, "Plan Rows": 17, "Plan Width": 16, "Plans": [{"Node Type": "Seq Scan", "Parent Relationship": "Outer", "Relation Name": "link_type", "Alias": "lt", "Startup Cost": 0.0, "Total Cost": 1.17, "Plan Rows": 17, "Plan Width": 16}]}]}, {"Node Type": "Index Scan", "Parent Relationship": "Inner", "Scan Direction": "Forward", "Index Name": "title_pkey", "Relation Name": "title", "Alias": "t2", "Startup Cost": 0.0, "Total Cost": 4.3, "Plan Rows": 1, "Plan Width": 21, "Index Cond": "(id = ml.linked_movie_id)"}]}]}, "Unique SQL Id": 524435555, "Planner Runtime": 13}, "explain_analyze_plan": {"Plan": {"Node Type": "Aggregate", "Strategy": "Plain", "Startup Cost": 3265.11, "Total Cost": 3265.12, "Plan Rows": 1, "Plan Width": 142, "Actual Startup Time": 40.59, "Actual Total Time": 40.59, "Actual Rows": 1, "Actual Loops": 1, "Plans": [{"Node Type": "Nested Loop", "Parent Relationship": "Outer", "Join Type": "Inner", "Startup Cost": 1.38, "Total Cost": 3263.96, "Plan Rows": 154, "Plan Width": 46, "Actual Startup Time": 40.585, "Actual Total Time": 40.585, "Actual Rows": 0, "Actual Loops": 1, "Inner Unique": true, "Plans": [{"Node Type": "Hash Join", "Parent Relationship": "Outer", "Join Type": "Inner", "Startup Cost": 1.38, "Total Cost": 2600.38, "Plan Rows": 154, "Plan Width": 33, "Actual Startup Time": 40.584, "Actual Total Time": 40.584, "Actual Rows": 0, "Actual Loops": 1, "Inner Unique": true, "Hash Cond": "(ml.link_type_id = lt.id)", "Plans": [{"Node Type": "Nested Loop", "Parent Relationship": "Outer", "Join Type": "Inner", "Startup Cost": 0.0, "Total Cost": 2597.06, "Plan Rows": 154, "Plan Width": 25, "Actual Startup Time": 40.579, "Actual Total Time": 40.579, "Actual Rows": 0, "Actual Loops": 1, "Inner Unique": false, "Plans": [{"Node Type": "Nested Loop", "Parent Relationship": "Outer", "Join Type": "Inner", "Startup Cost": 0.0, "Total Cost": 2583.84, "Plan Rows": 33, "Plan Width": 25, "Actual Startup Time": 39.697, "Actual Total Time": 40.573, "Actual Rows": 1, "Actual Loops": 1, "Inner Unique": true, "Plans": [{"Node Type": "Nested Loop", "Parent Relationship": "Outer", "Join Type": "Inner", "Startup Cost": 0.0, "Total Cost": 2573.32, "Plan Rows": 33, "Plan Width": 4, "Actual Startup Time": 39.686, "Actual Total Time": 40.561, "Actual Rows": 1, "Actual Loops": 1, "Inner Unique": false, "Plans": [{"Node Type": "Seq Scan", "Parent Relationship": "Outer", "Relation Name": "keyword", "Alias": "k", "Startup Cost": 0.0, "Total Cost": 2436.11, "Plan Rows": 1, "Plan Width": 4, "Actual Startup Time": 39.658, "Actual Total Time": 40.531, "Actual Rows": 1, "Actual Loops": 1, "Filter": "((keyword)::text = '10,000-mile-club'::text)", "Rows Removed by Filter": 134168}, {"Node Type": "Index Scan", "Parent Relationship": "Inner", "Scan Direction": "Forward", "Index Name": "keyword_id_movie_keyword", "Relation Name": "movie_keyword", "Alias": "mk", "Startup Cost": 0.0, "Total Cost": 136.88, "Plan Rows": 33, "Plan Width": 8, "Actual Startup Time": 0.021, "Actual Total Time": 0.021, "Actual Rows": 1, "Actual Loops": 1, "Index Cond": "(keyword_id = k.id)", "Rows Removed by Index Recheck": 0}]}, {"Node Type": "Index Scan", "Parent Relationship": "Inner", "Scan Direction": "Forward", "Index Name": "title_pkey", "Relation Name": "title", "Alias": "t1", "Startup Cost": 0.0, "Total Cost": 0.31, "Plan Rows": 1, "Plan Width": 21, "Actual Startup Time": 0.009, "Actual Total Time": 0.009, "Actual Rows": 1, "Actual Loops": 1, "Index Cond": "(id = mk.movie_id)", "Rows Removed by Index Recheck": 0}]}, {"Node Type": "Index Scan", "Parent Relationship": "Inner", "Scan Direction": "Forward", "Index Name": "movie_id_movie_link", "Relation Name": "movie_link", "Alias": "ml", "Startup Cost": 0.0, "Total Cost": 0.35, "Plan Rows": 5, "Plan Width": 12, "Actual Startup Time": 0.003, "Actual Total Time": 0.003, "Actual Rows": 0, "Actual Loops": 1, "Index Cond": "(movie_id = t1.id)", "Rows Removed by Index Recheck": 0}]}, {"Node Type": "Hash", "Parent Relationship": "Inner", "Startup Cost": 1.17, "Total Cost": 1.17, "Plan Rows": 17, "Plan Width": 16, "Actual Startup Time": 0.0, "Actual Total Time": 0.0, "Hash Buckets": 0, "Hash Batches": 0, "Original Hash Batches": 0, "Peak Memory Usage": 0, "Plans": [{"Node Type": "Seq Scan", "Parent Relationship": "Outer", "Relation Name": "link_type", "Alias": "lt", "Startup Cost": 0.0, "Total Cost": 1.17, "Plan Rows": 17, "Plan Width": 16, "Actual Startup Time": 0.0, "Actual Total Time": 0.0}]}]}, {"Node Type": "Index Scan", "Parent Relationship": "Inner", "Scan Direction": "Forward", "Index Name": "title_pkey", "Relation Name": "title", "Alias": "t2", "Startup Cost": 0.0, "Total Cost": 4.3, "Plan Rows": 1, "Plan Width": 21, "Actual Startup Time": 0.0, "Actual Total Time": 0.0, "Index Cond": "(id = ml.linked_movie_id)", "Rows Removed by Index Recheck": 0}]}]}, "Triggers": [], "Planner Runtime": 7, "Total Runtime": 40.812, "Unique SQL Id": 524435555}}, "(64, 9)": {"explain_plan": {"Plan": {"Node Type": "Aggregate", "Strategy": "Plain", "Startup Cost": 4051.57, "Total Cost": 4051.58, "Plan Rows": 1, "Plan Width": 142, "Plans": [{"Node Type": "Nested Loop", "Parent Relationship": "Outer", "Join Type": "Inner", "Startup Cost": 0.0, "Total Cost": 4050.42, "Plan Rows": 154, "Plan Width": 46, "Inner Unique": true, "Plans": [{"Node Type": "Nested Loop", "Parent Relationship": "Outer", "Join Type": "Inner", "Startup Cost": 0.0, "Total Cost": 3386.84, "Plan Rows": 154, "Plan Width": 33, "Inner Unique": true, "Plans": [{"Node Type": "Nested Loop", "Parent Relationship": "Outer", "Join Type": "Inner", "Startup Cost": 0.0, "Total Cost": 3343.66, "Plan Rows": 154, "Plan Width": 25, "Inner Unique": false, "Plans": [{"Node Type": "Nested Loop", "Parent Relationship": "Outer", "Join Type": "Inner", "Startup Cost": 0.0, "Total Cost": 3330.45, "Plan Rows": 33, "Plan Width": 25, "Inner Unique": true, "Plans": [{"Node Type": "Nested Loop", "Parent Relationship": "Outer", "Join Type": "Inner", "Startup Cost": 0.0, "Total Cost": 3319.92, "Plan Rows": 33, "Plan Width": 4, "Inner Unique": false, "Plans": [{"Node Type": "Index Scan", "Parent Relationship": "Outer", "Scan Direction": "Forward", "Index Name": "keyword_pkey", "Relation Name": "keyword", "Alias": "k", "Startup Cost": 0.0, "Total Cost": 3182.72, "Plan Rows": 1, "Plan Width": 4, "Filter": "((keyword)::text = '10,000-mile-club'::text)"}, {"Node Type": "Index Scan", "Parent Relationship": "Inner", "Scan Direction": "Forward", "Index Name": "keyword_id_movie_keyword", "Relation Name": "movie_keyword", "Alias": "mk", "Startup Cost": 0.0, "Total Cost": 136.88, "Plan Rows": 33, "Plan Width": 8, "Index Cond": "(keyword_id = k.id)"}]}, {"Node Type": "Index Scan", "Parent Relationship": "Inner", "Scan Direction": "Forward", "Index Name": "title_pkey", "Relation Name": "title", "Alias": "t1", "Startup Cost": 0.0, "Total Cost": 0.31, "Plan Rows": 1, "Plan Width": 21, "Index Cond": "(id = mk.movie_id)"}]}, {"Node Type": "Index Scan", "Parent Relationship": "Inner", "Scan Direction": "Forward", "Index Name": "movie_id_movie_link", "Relation Name": "movie_link", "Alias": "ml", "Startup Cost": 0.0, "Total Cost": 0.35, "Plan Rows": 5, "Plan Width": 12, "Index Cond": "(movie_id = t1.id)"}]}, {"Node Type": "Index Scan", "Parent Relationship": "Inner", "Scan Direction": "Forward", "Index Name": "link_type_pkey", "Relation Name": "link_type", "Alias": "lt", "Startup Cost": 0.0, "Total Cost": 0.27, "Plan Rows": 1, "Plan Width": 16, "Index Cond": "(id = ml.link_type_id)"}]}, {"Node Type": "Index Scan", "Parent Relationship": "Inner", "Scan Direction": "Forward", "Index Name": "title_pkey", "Relation Name": "title", "Alias": "t2", "Startup Cost": 0.0, "Total Cost": 4.3, "Plan Rows": 1, "Plan Width": 21, "Index Cond": "(id = ml.linked_movie_id)"}]}]}, "Unique SQL Id": 524435555, "Planner Runtime": 13}, "explain_analyze_plan": {"Plan": {"Node Type": "Aggregate", "Strategy": "Plain", "Startup Cost": 4051.57, "Total Cost": 4051.58, "Plan Rows": 1, "Plan Width": 142, "Actual Startup Time": 112.659, "Actual Total Time": 112.659, "Actual Rows": 1, "Actual Loops": 1, "Plans": [{"Node Type": "Nested Loop", "Parent Relationship": "Outer", "Join Type": "Inner", "Startup Cost": 0.0, "Total Cost": 4050.42, "Plan Rows": 154, "Plan Width": 46, "Actual Startup Time": 112.653, "Actual Total Time": 112.653, "Actual Rows": 0, "Actual Loops": 1, "Inner Unique": true, "Plans": [{"Node Type": "Nested Loop", "Parent Relationship": "Outer", "Join Type": "Inner", "Startup Cost": 0.0, "Total Cost": 3386.84, "Plan Rows": 154, "Plan Width": 33, "Actual Startup Time": 112.653, "Actual Total Time": 112.653, "Actual Rows": 0, "Actual Loops": 1, "Inner Unique": true, "Plans": [{"Node Type": "Nested Loop", "Parent Relationship": "Outer", "Join Type": "Inner", "Startup Cost": 0.0, "Total Cost": 3343.66, "Plan Rows": 154, "Plan Width": 25, "Actual Startup Time": 112.652, "Actual Total Time": 112.652, "Actual Rows": 0, "Actual Loops": 1, "Inner Unique": false, "Plans": [{"Node Type": "Nested Loop", "Parent Relationship": "Outer", "Join Type": "Inner", "Startup Cost": 0.0, "Total Cost": 3330.45, "Plan Rows": 33, "Plan Width": 25, "Actual Startup Time": 110.792, "Actual Total Time": 112.645, "Actual Rows": 1, "Actual Loops": 1, "Inner Unique": true, "Plans": [{"Node Type": "Nested Loop", "Parent Relationship": "Outer", "Join Type": "Inner", "Startup Cost": 0.0, "Total Cost": 3319.92, "Plan Rows": 33, "Plan Width": 4, "Actual Startup Time": 110.781, "Actual Total Time": 112.634, "Actual Rows": 1, "Actual Loops": 1, "Inner Unique": false, "Plans": [{"Node Type": "Index Scan", "Parent Relationship": "Outer", "Scan Direction": "Forward", "Index Name": "keyword_pkey", "Relation Name": "keyword", "Alias": "k", "Startup Cost": 0.0, "Total Cost": 3182.72, "Plan Rows": 1, "Plan Width": 4, "Actual Startup Time": 110.759, "Actual Total Time": 112.61, "Actual Rows": 1, "Actual Loops": 1, "Filter": "((keyword)::text = '10,000-mile-club'::text)", "Rows Removed by Filter": 134168}, {"Node Type": "Index Scan", "Parent Relationship": "Inner", "Scan Direction": "Forward", "Index Name": "keyword_id_movie_keyword", "Relation Name": "movie_keyword", "Alias": "mk", "Startup Cost": 0.0, "Total Cost": 136.88, "Plan Rows": 33, "Plan Width": 8, "Actual Startup Time": 0.014, "Actual Total Time": 0.015, "Actual Rows": 1, "Actual Loops": 1, "Index Cond": "(keyword_id = k.id)", "Rows Removed by Index Recheck": 0}]}, {"Node Type": "Index Scan", "Parent Relationship": "Inner", "Scan Direction": "Forward", "Index Name": "title_pkey", "Relation Name": "title", "Alias": "t1", "Startup Cost": 0.0, "Total Cost": 0.31, "Plan Rows": 1, "Plan Width": 21, "Actual Startup Time": 0.009, "Actual Total Time": 0.009, "Actual Rows": 1, "Actual Loops": 1, "Index Cond": "(id = mk.movie_id)", "Rows Removed by Index Recheck": 0}]}, {"Node Type": "Index Scan", "Parent Relationship": "Inner", "Scan Direction": "Forward", "Index Name": "movie_id_movie_link", "Relation Name": "movie_link", "Alias": "ml", "Startup Cost": 0.0, "Total Cost": 0.35, "Plan Rows": 5, "Plan Width": 12, "Actual Startup Time": 0.003, "Actual Total Time": 0.003, "Actual Rows": 0, "Actual Loops": 1, "Index Cond": "(movie_id = t1.id)", "Rows Removed by Index Recheck": 0}]}, {"Node Type": "Index Scan", "Parent Relationship": "Inner", "Scan Direction": "Forward", "Index Name": "link_type_pkey", "Relation Name": "link_type", "Alias": "lt", "Startup Cost": 0.0, "Total Cost": 0.27, "Plan Rows": 1, "Plan Width": 16, "Actual Startup Time": 0.0, "Actual Total Time": 0.0, "Index Cond": "(id = ml.link_type_id)", "Rows Removed by Index Recheck": 0}]}, {"Node Type": "Index Scan", "Parent Relationship": "Inner", "Scan Direction": "Forward", "Index Name": "title_pkey", "Relation Name": "title", "Alias": "t2", "Startup Cost": 0.0, "Total Cost": 4.3, "Plan Rows": 1, "Plan Width": 21, "Actual Startup Time": 0.0, "Actual Total Time": 0.0, "Index Cond": "(id = ml.linked_movie_id)", "Rows Removed by Index Recheck": 0}]}]}, "Triggers": [], "Planner Runtime": 2, "Total Runtime": 112.875, "Unique SQL Id": 524435555}}, "(64, 10)": {"explain_plan": {"Plan": {"Node Type": "Aggregate", "Strategy": "Plain", "Startup Cost": 216174.04, "Total Cost": 216174.05, "Plan Rows": 1, "Plan Width": 142, "Plans": [{"Node Type": "Nested Loop", "Parent Relationship": "Outer", "Join Type": "Inner", "Startup Cost": 146580.59, "Total Cost": 216172.88, "Plan Rows": 154, "Plan Width": 46, "Inner Unique": true, "Join Filter": "(ml.link_type_id = lt.id)", "Plans": [{"Node Type": "Hash Join", "Parent Relationship": "Outer", "Join Type": "Inner", "Startup Cost": 146580.59, "Total Cost": 216132.4, "Plan Rows": 154, "Plan Width": 38, "Inner Unique": false, "Hash Cond": "(t2.id = ml.linked_movie_id)", "Plans": [{"Node Type": "Seq Scan", "Parent Relationship": "Outer", "Relation Name": "title", "Alias": "t2", "Startup Cost": 0.0, "Total Cost": 60069.11, "Plan Rows": 2528311, "Plan Width": 21}, {"Node Type": "Hash", "Parent Relationship": "Inner", "Startup Cost": 146578.66, "Total Cost": 146578.66, "Plan Rows": 154, "Plan Width": 25, "Plans": [{"Node Type": "Hash Join", "Parent Relationship": "Outer", "Join Type": "Inner", "Startup Cost": 77022.17, "Total Cost": 146578.66, "Plan Rows": 154, "Plan Width": 25, "Inner Unique": false, "Hash Cond": "(t1.id = ml.movie_id)", "Plans": [{"Node Type": "Hash Join", "Parent Relationship": "Outer", "Join Type": "Inner", "Startup Cost": 76216.26, "Total Cost": 145766.86, "Plan Rows": 33, "Plan Width": 25, "Inner Unique": false, "Hash Cond": "(t1.id = mk.movie_id)", "Plans": [{"Node Type": "Seq Scan", "Parent Relationship": "Outer", "Relation Name": "title", "Alias": "t1", "Startup Cost": 0.0, "Total Cost": 60069.11, "Plan Rows": 2528311, "Plan Width": 21}, {"Node Type": "Hash", "Parent Relationship": "Inner", "Startup Cost": 76215.84, "Total Cost": 76215.84, "Plan Rows": 33, "Plan Width": 4, "Plans": [{"Node Type": "Hash Join", "Parent Relationship": "Outer", "Join Type": "Inner", "Startup Cost": 2436.12, "Total Cost": 76215.84, "Plan Rows": 33, "Plan Width": 4, "Inner Unique": true, "Hash Cond": "(mk.keyword_id = k.id)", "Plans": [{"Node Type": "Seq Scan", "Parent Relationship": "Outer", "Relation Name": "movie_keyword", "Alias": "mk", "Startup Cost": 0.0, "Total Cost": 62441.29, "Plan Rows": 4523929, "Plan Width": 8}, {"Node Type": "Hash", "Parent Relationship": "Inner", "Startup Cost": 2436.11, "Total Cost": 2436.11, "Plan Rows": 1, "Plan Width": 4, "Plans": [{"Node Type": "Seq Scan", "Parent Relationship": "Outer", "Relation Name": "keyword", "Alias": "k", "Startup Cost": 0.0, "Total Cost": 2436.11, "Plan Rows": 1, "Plan Width": 4, "Filter": "((keyword)::text = '10,000-mile-club'::text)"}]}]}]}]}, {"Node Type": "Hash", "Parent Relationship": "Inner", "Startup Cost": 430.96, "Total Cost": 430.96, "Plan Rows": 29996, "Plan Width": 12, "Plans": [{"Node Type": "Seq Scan", "Parent Relationship": "Outer", "Relation Name": "movie_link", "Alias": "ml", "Startup Cost": 0.0, "Total Cost": 430.96, "Plan Rows": 29996, "Plan Width": 12}]}]}]}]}, {"Node Type": "Materialize", "Parent Relationship": "Inner", "Startup Cost": 0.0, "Total Cost": 1.25, "Plan Rows": 17, "Plan Width": 16, "Plans": [{"Node Type": "Seq Scan", "Parent Relationship": "Outer", "Relation Name": "link_type", "Alias": "lt", "Startup Cost": 0.0, "Total Cost": 1.17, "Plan Rows": 17, "Plan Width": 16}]}]}]}, "Unique SQL Id": 524435555, "Planner Runtime": 16}, "explain_analyze_plan": null}, "(64, 11)": {"explain_plan": {"Plan": {"Node Type": "Aggregate", "Strategy": "Plain", "Startup Cost": 3151838021043.93, "Total Cost": 3151838021043.94, "Plan Rows": 1, "Plan Width": 142, "Plans": [{"Node Type": "Nested Loop", "Parent Relationship": "Outer", "Join Type": "Inner", "Startup Cost": 1230056461532.74, "Total Cost": 3151838021042.77, "Plan Rows": 154, "Plan Width": 46, "Inner Unique": false, "Join Filter": "(ml.linked_movie_id = t2.id)", "Plans": [{"Node Type": "Index Scan", "Parent Relationship": "Outer", "Scan Direction": "Forward", "Index Name": "title_pkey", "Relation Name": "title", "Alias": "t2", "Startup Cost": 10000000000.0, "Total Cost": 1000011012048.91, "Plan Rows": 2528311, "Plan Width": 21}, {"Node Type": "Materialize", "Parent Relationship": "Inner", "Startup Cost": 1220056461532.74, "Total Cost": 2151821168595.83, "Plan Rows": 154, "Plan Width": 33, "Plans": [{"Node Type": "Merge Join", "Parent Relationship": "Outer", "Join Type": "Inner", "Startup Cost": 1220056461532.74, "Total Cost": 2151821168595.06, "Plan Rows": 154, "Plan Width": 33, "Inner Unique": true, "Merge Cond": "(ml.link_type_id = lt.id)", "Plans": [{"Node Type": "Sort", "Parent Relationship": "Outer", "Startup Cost": 1210056461532.71, "Total Cost": 1210056461533.1, "Plan Rows": 154, "Plan Width": 25, "Sort Key": ["ml.link_type_id"], "Plans": [{"Node Type": "Merge Join", "Parent Relationship": "Outer", "Join Type": "Inner", "Startup Cost": 40120995164.23, "Total Cost": 1210056461527.12, "Plan Rows": 154, "Plan Width": 25, "Inner Unique": false, "Merge Cond": "(t1.id = ml.movie_id)", "Plans": [{"Node Type": "Merge Join", "Parent Relationship": "Outer", "Join Type": "Inner", "Startup Cost": 30120995164.23, "Total Cost": 2999054436549.81, "Plan Rows": 33, "Plan Width": 25, "Inner Unique": true, "Merge Cond": "(mk.movie_id = t1.id)", "Plans": [{"Node Type": "Nested Loop", "Parent Relationship": "Outer", "Join Type": "Inner", "Startup Cost": 20000000000.0, "Total Cost": 2000015686764.79, "Plan Rows": 33, "Plan Width": 4, "Inner Unique": true, "Join Filter": "(k.id = mk.keyword_id)", "Plans": [{"Node Type": "Index Scan", "Parent Relationship": "Outer", "Scan Direction": "Forward", "Index Name": "movie_id_movie_keyword", "Relation Name": "movie_keyword", "Alias": "mk", "Startup Cost": 10000000000.0, "Total Cost": 1000015300634.17, "Plan Rows": 4523929, "Plan Width": 8}, {"Node Type": "Materialize", "Parent Relationship": "Inner", "Startup Cost": 10000000000.0, "Total Cost": 1000000318271.69, "Plan Rows": 1, "Plan Width": 4, "Plans": [{"Node Type": "Index Scan", "Parent Relationship": "Outer", "Scan Direction": "Forward", "Index Name": "keyword_pkey", "Relation Name": "keyword", "Alias": "k", "Startup Cost": 10000000000.0, "Total Cost": 1000000318271.68, "Plan Rows": 1, "Plan Width": 4, "Filter": "((keyword)::text = '10,000-mile-club'::text)"}]}]}, {"Node Type": "Index Scan", "Parent Relationship": "Inner", "Scan Direction": "Forward", "Index Name": "title_pkey", "Relation Name": "title", "Alias": "t1", "Startup Cost": 10000000000.0, "Total Cost": 1000011012048.91, "Plan Rows": 2528311, "Plan Width": 21}]}, {"Node Type": "Index Scan", "Parent Relationship": "Inner", "Scan Direction": "Forward", "Index Name": "movie_id_movie_link", "Relation Name": "movie_link", "Alias": "ml", "Startup Cost": 10000000000.0, "Total Cost": 1000000106202.37, "Plan Rows": 29996, "Plan Width": 12}]}]}, {"Node Type": "Materialize", "Parent Relationship": "Inner", "Startup Cost": 10000000000.0, "Total Cost": 1000000001250.54, "Plan Rows": 17, "Plan Width": 16, "Plans": [{"Node Type": "Index Scan", "Parent Relationship": "Outer", "Scan Direction": "Forward", "Index Name": "link_type_pkey", "Relation Name": "link_type", "Alias": "lt", "Startup Cost": 10000000000.0, "Total Cost": 1000000001250.5, "Plan Rows": 17, "Plan Width": 16}]}]}]}]}]}, "Unique SQL Id": 524435555, "Planner Runtime": 17}, "explain_analyze_plan": null}, "(64, 12)": {"explain_plan": {"Plan": {"Node Type": "Aggregate", "Strategy": "Plain", "Startup Cost": 3265.11, "Total Cost": 3265.12, "Plan Rows": 1, "Plan Width": 142, "Plans": [{"Node Type": "Nested Loop", "Parent Relationship": "Outer", "Join Type": "Inner", "Startup Cost": 1.38, "Total Cost": 3263.96, "Plan Rows": 154, "Plan Width": 46, "Inner Unique": true, "Plans": [{"Node Type": "Hash Join", "Parent Relationship": "Outer", "Join Type": "Inner", "Startup Cost": 1.38, "Total Cost": 2600.38, "Plan Rows": 154, "Plan Width": 33, "Inner Unique": true, "Hash Cond": "(ml.link_type_id = lt.id)", "Plans": [{"Node Type": "Nested Loop", "Parent Relationship": "Outer", "Join Type": "Inner", "Startup Cost": 0.0, "Total Cost": 2597.06, "Plan Rows": 154, "Plan Width": 25, "Inner Unique": false, "Plans": [{"Node Type": "Nested Loop", "Parent Relationship": "Outer", "Join Type": "Inner", "Startup Cost": 0.0, "Total Cost": 2583.84, "Plan Rows": 33, "Plan Width": 25, "Inner Unique": true, "Plans": [{"Node Type": "Nested Loop", "Parent Relationship": "Outer", "Join Type": "Inner", "Startup Cost": 0.0, "Total Cost": 2573.32, "Plan Rows": 33, "Plan Width": 4, "Inner Unique": false, "Plans": [{"Node Type": "Seq Scan", "Parent Relationship": "Outer", "Relation Name": "keyword", "Alias": "k", "Startup Cost": 0.0, "Total Cost": 2436.11, "Plan Rows": 1, "Plan Width": 4, "Filter": "((keyword)::text = '10,000-mile-club'::text)"}, {"Node Type": "Index Scan", "Parent Relationship": "Inner", "Scan Direction": "Forward", "Index Name": "keyword_id_movie_keyword", "Relation Name": "movie_keyword", "Alias": "mk", "Startup Cost": 0.0, "Total Cost": 136.88, "Plan Rows": 33, "Plan Width": 8, "Index Cond": "(keyword_id = k.id)"}]}, {"Node Type": "Index Scan", "Parent Relationship": "Inner", "Scan Direction": "Forward", "Index Name": "title_pkey", "Relation Name": "title", "Alias": "t1", "Startup Cost": 0.0, "Total Cost": 0.31, "Plan Rows": 1, "Plan Width": 21, "Index Cond": "(id = mk.movie_id)"}]}, {"Node Type": "Index Scan", "Parent Relationship": "Inner", "Scan Direction": "Forward", "Index Name": "movie_id_movie_link", "Relation Name": "movie_link", "Alias": "ml", "Startup Cost": 0.0, "Total Cost": 0.35, "Plan Rows": 5, "Plan Width": 12, "Index Cond": "(movie_id = t1.id)"}]}, {"Node Type": "Hash", "Parent Relationship": "Inner", "Startup Cost": 1.17, "Total Cost": 1.17, "Plan Rows": 17, "Plan Width": 16, "Plans": [{"Node Type": "Seq Scan", "Parent Relationship": "Outer", "Relation Name": "link_type", "Alias": "lt", "Startup Cost": 0.0, "Total Cost": 1.17, "Plan Rows": 17, "Plan Width": 16}]}]}, {"Node Type": "Index Scan", "Parent Relationship": "Inner", "Scan Direction": "Forward", "Index Name": "title_pkey", "Relation Name": "title", "Alias": "t2", "Startup Cost": 0.0, "Total Cost": 4.3, "Plan Rows": 1, "Plan Width": 21, "Index Cond": "(id = ml.linked_movie_id)"}]}]}, "Unique SQL Id": 524435555, "Planner Runtime": 14}, "explain_analyze_plan": {"Plan": {"Node Type": "Aggregate", "Strategy": "Plain", "Startup Cost": 3265.11, "Total Cost": 3265.12, "Plan Rows": 1, "Plan Width": 142, "Actual Startup Time": 40.59, "Actual Total Time": 40.59, "Actual Rows": 1, "Actual Loops": 1, "Plans": [{"Node Type": "Nested Loop", "Parent Relationship": "Outer", "Join Type": "Inner", "Startup Cost": 1.38, "Total Cost": 3263.96, "Plan Rows": 154, "Plan Width": 46, "Actual Startup Time": 40.585, "Actual Total Time": 40.585, "Actual Rows": 0, "Actual Loops": 1, "Inner Unique": true, "Plans": [{"Node Type": "Hash Join", "Parent Relationship": "Outer", "Join Type": "Inner", "Startup Cost": 1.38, "Total Cost": 2600.38, "Plan Rows": 154, "Plan Width": 33, "Actual Startup Time": 40.584, "Actual Total Time": 40.584, "Actual Rows": 0, "Actual Loops": 1, "Inner Unique": true, "Hash Cond": "(ml.link_type_id = lt.id)", "Plans": [{"Node Type": "Nested Loop", "Parent Relationship": "Outer", "Join Type": "Inner", "Startup Cost": 0.0, "Total Cost": 2597.06, "Plan Rows": 154, "Plan Width": 25, "Actual Startup Time": 40.579, "Actual Total Time": 40.579, "Actual Rows": 0, "Actual Loops": 1, "Inner Unique": false, "Plans": [{"Node Type": "Nested Loop", "Parent Relationship": "Outer", "Join Type": "Inner", "Startup Cost": 0.0, "Total Cost": 2583.84, "Plan Rows": 33, "Plan Width": 25, "Actual Startup Time": 39.697, "Actual Total Time": 40.573, "Actual Rows": 1, "Actual Loops": 1, "Inner Unique": true, "Plans": [{"Node Type": "Nested Loop", "Parent Relationship": "Outer", "Join Type": "Inner", "Startup Cost": 0.0, "Total Cost": 2573.32, "Plan Rows": 33, "Plan Width": 4, "Actual Startup Time": 39.686, "Actual Total Time": 40.561, "Actual Rows": 1, "Actual Loops": 1, "Inner Unique": false, "Plans": [{"Node Type": "Seq Scan", "Parent Relationship": "Outer", "Relation Name": "keyword", "Alias": "k", "Startup Cost": 0.0, "Total Cost": 2436.11, "Plan Rows": 1, "Plan Width": 4, "Actual Startup Time": 39.658, "Actual Total Time": 40.531, "Actual Rows": 1, "Actual Loops": 1, "Filter": "((keyword)::text = '10,000-mile-club'::text)", "Rows Removed by Filter": 134168}, {"Node Type": "Index Scan", "Parent Relationship": "Inner", "Scan Direction": "Forward", "Index Name": "keyword_id_movie_keyword", "Relation Name": "movie_keyword", "Alias": "mk", "Startup Cost": 0.0, "Total Cost": 136.88, "Plan Rows": 33, "Plan Width": 8, "Actual Startup Time": 0.021, "Actual Total Time": 0.021, "Actual Rows": 1, "Actual Loops": 1, "Index Cond": "(keyword_id = k.id)", "Rows Removed by Index Recheck": 0}]}, {"Node Type": "Index Scan", "Parent Relationship": "Inner", "Scan Direction": "Forward", "Index Name": "title_pkey", "Relation Name": "title", "Alias": "t1", "Startup Cost": 0.0, "Total Cost": 0.31, "Plan Rows": 1, "Plan Width": 21, "Actual Startup Time": 0.009, "Actual Total Time": 0.009, "Actual Rows": 1, "Actual Loops": 1, "Index Cond": "(id = mk.movie_id)", "Rows Removed by Index Recheck": 0}]}, {"Node Type": "Index Scan", "Parent Relationship": "Inner", "Scan Direction": "Forward", "Index Name": "movie_id_movie_link", "Relation Name": "movie_link", "Alias": "ml", "Startup Cost": 0.0, "Total Cost": 0.35, "Plan Rows": 5, "Plan Width": 12, "Actual Startup Time": 0.003, "Actual Total Time": 0.003, "Actual Rows": 0, "Actual Loops": 1, "Index Cond": "(movie_id = t1.id)", "Rows Removed by Index Recheck": 0}]}, {"Node Type": "Hash", "Parent Relationship": "Inner", "Startup Cost": 1.17, "Total Cost": 1.17, "Plan Rows": 17, "Plan Width": 16, "Actual Startup Time": 0.0, "Actual Total Time": 0.0, "Hash Buckets": 0, "Hash Batches": 0, "Original Hash Batches": 0, "Peak Memory Usage": 0, "Plans": [{"Node Type": "Seq Scan", "Parent Relationship": "Outer", "Relation Name": "link_type", "Alias": "lt", "Startup Cost": 0.0, "Total Cost": 1.17, "Plan Rows": 17, "Plan Width": 16, "Actual Startup Time": 0.0, "Actual Total Time": 0.0}]}]}, {"Node Type": "Index Scan", "Parent Relationship": "Inner", "Scan Direction": "Forward", "Index Name": "title_pkey", "Relation Name": "title", "Alias": "t2", "Startup Cost": 0.0, "Total Cost": 4.3, "Plan Rows": 1, "Plan Width": 21, "Actual Startup Time": 0.0, "Actual Total Time": 0.0, "Index Cond": "(id = ml.linked_movie_id)", "Rows Removed by Index Recheck": 0}]}]}, "Triggers": [], "Planner Runtime": 7, "Total Runtime": 40.812, "Unique SQL Id": 524435555}}, "(64, 13)": {"explain_plan": {"Plan": {"Node Type": "Aggregate", "Strategy": "Plain", "Startup Cost": 4051.57, "Total Cost": 4051.58, "Plan Rows": 1, "Plan Width": 142, "Plans": [{"Node Type": "Nested Loop", "Parent Relationship": "Outer", "Join Type": "Inner", "Startup Cost": 0.0, "Total Cost": 4050.42, "Plan Rows": 154, "Plan Width": 46, "Inner Unique": true, "Plans": [{"Node Type": "Nested Loop", "Parent Relationship": "Outer", "Join Type": "Inner", "Startup Cost": 0.0, "Total Cost": 3386.84, "Plan Rows": 154, "Plan Width": 33, "Inner Unique": true, "Plans": [{"Node Type": "Nested Loop", "Parent Relationship": "Outer", "Join Type": "Inner", "Startup Cost": 0.0, "Total Cost": 3343.66, "Plan Rows": 154, "Plan Width": 25, "Inner Unique": false, "Plans": [{"Node Type": "Nested Loop", "Parent Relationship": "Outer", "Join Type": "Inner", "Startup Cost": 0.0, "Total Cost": 3330.45, "Plan Rows": 33, "Plan Width": 25, "Inner Unique": true, "Plans": [{"Node Type": "Nested Loop", "Parent Relationship": "Outer", "Join Type": "Inner", "Startup Cost": 0.0, "Total Cost": 3319.92, "Plan Rows": 33, "Plan Width": 4, "Inner Unique": false, "Plans": [{"Node Type": "Index Scan", "Parent Relationship": "Outer", "Scan Direction": "Forward", "Index Name": "keyword_pkey", "Relation Name": "keyword", "Alias": "k", "Startup Cost": 0.0, "Total Cost": 3182.72, "Plan Rows": 1, "Plan Width": 4, "Filter": "((keyword)::text = '10,000-mile-club'::text)"}, {"Node Type": "Index Scan", "Parent Relationship": "Inner", "Scan Direction": "Forward", "Index Name": "keyword_id_movie_keyword", "Relation Name": "movie_keyword", "Alias": "mk", "Startup Cost": 0.0, "Total Cost": 136.88, "Plan Rows": 33, "Plan Width": 8, "Index Cond": "(keyword_id = k.id)"}]}, {"Node Type": "Index Scan", "Parent Relationship": "Inner", "Scan Direction": "Forward", "Index Name": "title_pkey", "Relation Name": "title", "Alias": "t1", "Startup Cost": 0.0, "Total Cost": 0.31, "Plan Rows": 1, "Plan Width": 21, "Index Cond": "(id = mk.movie_id)"}]}, {"Node Type": "Index Scan", "Parent Relationship": "Inner", "Scan Direction": "Forward", "Index Name": "movie_id_movie_link", "Relation Name": "movie_link", "Alias": "ml", "Startup Cost": 0.0, "Total Cost": 0.35, "Plan Rows": 5, "Plan Width": 12, "Index Cond": "(movie_id = t1.id)"}]}, {"Node Type": "Index Scan", "Parent Relationship": "Inner", "Scan Direction": "Forward", "Index Name": "link_type_pkey", "Relation Name": "link_type", "Alias": "lt", "Startup Cost": 0.0, "Total Cost": 0.27, "Plan Rows": 1, "Plan Width": 16, "Index Cond": "(id = ml.link_type_id)"}]}, {"Node Type": "Index Scan", "Parent Relationship": "Inner", "Scan Direction": "Forward", "Index Name": "title_pkey", "Relation Name": "title", "Alias": "t2", "Startup Cost": 0.0, "Total Cost": 4.3, "Plan Rows": 1, "Plan Width": 21, "Index Cond": "(id = ml.linked_movie_id)"}]}]}, "Unique SQL Id": 524435555, "Planner Runtime": 13}, "explain_analyze_plan": {"Plan": {"Node Type": "Aggregate", "Strategy": "Plain", "Startup Cost": 4051.57, "Total Cost": 4051.58, "Plan Rows": 1, "Plan Width": 142, "Actual Startup Time": 112.659, "Actual Total Time": 112.659, "Actual Rows": 1, "Actual Loops": 1, "Plans": [{"Node Type": "Nested Loop", "Parent Relationship": "Outer", "Join Type": "Inner", "Startup Cost": 0.0, "Total Cost": 4050.42, "Plan Rows": 154, "Plan Width": 46, "Actual Startup Time": 112.653, "Actual Total Time": 112.653, "Actual Rows": 0, "Actual Loops": 1, "Inner Unique": true, "Plans": [{"Node Type": "Nested Loop", "Parent Relationship": "Outer", "Join Type": "Inner", "Startup Cost": 0.0, "Total Cost": 3386.84, "Plan Rows": 154, "Plan Width": 33, "Actual Startup Time": 112.653, "Actual Total Time": 112.653, "Actual Rows": 0, "Actual Loops": 1, "Inner Unique": true, "Plans": [{"Node Type": "Nested Loop", "Parent Relationship": "Outer", "Join Type": "Inner", "Startup Cost": 0.0, "Total Cost": 3343.66, "Plan Rows": 154, "Plan Width": 25, "Actual Startup Time": 112.652, "Actual Total Time": 112.652, "Actual Rows": 0, "Actual Loops": 1, "Inner Unique": false, "Plans": [{"Node Type": "Nested Loop", "Parent Relationship": "Outer", "Join Type": "Inner", "Startup Cost": 0.0, "Total Cost": 3330.45, "Plan Rows": 33, "Plan Width": 25, "Actual Startup Time": 110.792, "Actual Total Time": 112.645, "Actual Rows": 1, "Actual Loops": 1, "Inner Unique": true, "Plans": [{"Node Type": "Nested Loop", "Parent Relationship": "Outer", "Join Type": "Inner", "Startup Cost": 0.0, "Total Cost": 3319.92, "Plan Rows": 33, "Plan Width": 4, "Actual Startup Time": 110.781, "Actual Total Time": 112.634, "Actual Rows": 1, "Actual Loops": 1, "Inner Unique": false, "Plans": [{"Node Type": "Index Scan", "Parent Relationship": "Outer", "Scan Direction": "Forward", "Index Name": "keyword_pkey", "Relation Name": "keyword", "Alias": "k", "Startup Cost": 0.0, "Total Cost": 3182.72, "Plan Rows": 1, "Plan Width": 4, "Actual Startup Time": 110.759, "Actual Total Time": 112.61, "Actual Rows": 1, "Actual Loops": 1, "Filter": "((keyword)::text = '10,000-mile-club'::text)", "Rows Removed by Filter": 134168}, {"Node Type": "Index Scan", "Parent Relationship": "Inner", "Scan Direction": "Forward", "Index Name": "keyword_id_movie_keyword", "Relation Name": "movie_keyword", "Alias": "mk", "Startup Cost": 0.0, "Total Cost": 136.88, "Plan Rows": 33, "Plan Width": 8, "Actual Startup Time": 0.014, "Actual Total Time": 0.015, "Actual Rows": 1, "Actual Loops": 1, "Index Cond": "(keyword_id = k.id)", "Rows Removed by Index Recheck": 0}]}, {"Node Type": "Index Scan", "Parent Relationship": "Inner", "Scan Direction": "Forward", "Index Name": "title_pkey", "Relation Name": "title", "Alias": "t1", "Startup Cost": 0.0, "Total Cost": 0.31, "Plan Rows": 1, "Plan Width": 21, "Actual Startup Time": 0.009, "Actual Total Time": 0.009, "Actual Rows": 1, "Actual Loops": 1, "Index Cond": "(id = mk.movie_id)", "Rows Removed by Index Recheck": 0}]}, {"Node Type": "Index Scan", "Parent Relationship": "Inner", "Scan Direction": "Forward", "Index Name": "movie_id_movie_link", "Relation Name": "movie_link", "Alias": "ml", "Startup Cost": 0.0, "Total Cost": 0.35, "Plan Rows": 5, "Plan Width": 12, "Actual Startup Time": 0.003, "Actual Total Time": 0.003, "Actual Rows": 0, "Actual Loops": 1, "Index Cond": "(movie_id = t1.id)", "Rows Removed by Index Recheck": 0}]}, {"Node Type": "Index Scan", "Parent Relationship": "Inner", "Scan Direction": "Forward", "Index Name": "link_type_pkey", "Relation Name": "link_type", "Alias": "lt", "Startup Cost": 0.0, "Total Cost": 0.27, "Plan Rows": 1, "Plan Width": 16, "Actual Startup Time": 0.0, "Actual Total Time": 0.0, "Index Cond": "(id = ml.link_type_id)", "Rows Removed by Index Recheck": 0}]}, {"Node Type": "Index Scan", "Parent Relationship": "Inner", "Scan Direction": "Forward", "Index Name": "title_pkey", "Relation Name": "title", "Alias": "t2", "Startup Cost": 0.0, "Total Cost": 4.3, "Plan Rows": 1, "Plan Width": 21, "Actual Startup Time": 0.0, "Actual Total Time": 0.0, "Index Cond": "(id = ml.linked_movie_id)", "Rows Removed by Index Recheck": 0}]}]}, "Triggers": [], "Planner Runtime": 2, "Total Runtime": 112.875, "Unique SQL Id": 524435555}}, "(64, 14)": {"explain_plan": {"Plan": {"Node Type": "Aggregate", "Strategy": "Plain", "Startup Cost": 216174.04, "Total Cost": 216174.05, "Plan Rows": 1, "Plan Width": 142, "Plans": [{"Node Type": "Nested Loop", "Parent Relationship": "Outer", "Join Type": "Inner", "Startup Cost": 146580.59, "Total Cost": 216172.88, "Plan Rows": 154, "Plan Width": 46, "Inner Unique": true, "Join Filter": "(ml.link_type_id = lt.id)", "Plans": [{"Node Type": "Hash Join", "Parent Relationship": "Outer", "Join Type": "Inner", "Startup Cost": 146580.59, "Total Cost": 216132.4, "Plan Rows": 154, "Plan Width": 38, "Inner Unique": false, "Hash Cond": "(t2.id = ml.linked_movie_id)", "Plans": [{"Node Type": "Seq Scan", "Parent Relationship": "Outer", "Relation Name": "title", "Alias": "t2", "Startup Cost": 0.0, "Total Cost": 60069.11, "Plan Rows": 2528311, "Plan Width": 21}, {"Node Type": "Hash", "Parent Relationship": "Inner", "Startup Cost": 146578.66, "Total Cost": 146578.66, "Plan Rows": 154, "Plan Width": 25, "Plans": [{"Node Type": "Hash Join", "Parent Relationship": "Outer", "Join Type": "Inner", "Startup Cost": 77022.17, "Total Cost": 146578.66, "Plan Rows": 154, "Plan Width": 25, "Inner Unique": false, "Hash Cond": "(t1.id = ml.movie_id)", "Plans": [{"Node Type": "Hash Join", "Parent Relationship": "Outer", "Join Type": "Inner", "Startup Cost": 76216.26, "Total Cost": 145766.86, "Plan Rows": 33, "Plan Width": 25, "Inner Unique": false, "Hash Cond": "(t1.id = mk.movie_id)", "Plans": [{"Node Type": "Seq Scan", "Parent Relationship": "Outer", "Relation Name": "title", "Alias": "t1", "Startup Cost": 0.0, "Total Cost": 60069.11, "Plan Rows": 2528311, "Plan Width": 21}, {"Node Type": "Hash", "Parent Relationship": "Inner", "Startup Cost": 76215.84, "Total Cost": 76215.84, "Plan Rows": 33, "Plan Width": 4, "Plans": [{"Node Type": "Hash Join", "Parent Relationship": "Outer", "Join Type": "Inner", "Startup Cost": 2436.12, "Total Cost": 76215.84, "Plan Rows": 33, "Plan Width": 4, "Inner Unique": true, "Hash Cond": "(mk.keyword_id = k.id)", "Plans": [{"Node Type": "Seq Scan", "Parent Relationship": "Outer", "Relation Name": "movie_keyword", "Alias": "mk", "Startup Cost": 0.0, "Total Cost": 62441.29, "Plan Rows": 4523929, "Plan Width": 8}, {"Node Type": "Hash", "Parent Relationship": "Inner", "Startup Cost": 2436.11, "Total Cost": 2436.11, "Plan Rows": 1, "Plan Width": 4, "Plans": [{"Node Type": "Seq Scan", "Parent Relationship": "Outer", "Relation Name": "keyword", "Alias": "k", "Startup Cost": 0.0, "Total Cost": 2436.11, "Plan Rows": 1, "Plan Width": 4, "Filter": "((keyword)::text = '10,000-mile-club'::text)"}]}]}]}]}, {"Node Type": "Hash", "Parent Relationship": "Inner", "Startup Cost": 430.96, "Total Cost": 430.96, "Plan Rows": 29996, "Plan Width": 12, "Plans": [{"Node Type": "Seq Scan", "Parent Relationship": "Outer", "Relation Name": "movie_link", "Alias": "ml", "Startup Cost": 0.0, "Total Cost": 430.96, "Plan Rows": 29996, "Plan Width": 12}]}]}]}]}, {"Node Type": "Materialize", "Parent Relationship": "Inner", "Startup Cost": 0.0, "Total Cost": 1.25, "Plan Rows": 17, "Plan Width": 16, "Plans": [{"Node Type": "Seq Scan", "Parent Relationship": "Outer", "Relation Name": "link_type", "Alias": "lt", "Startup Cost": 0.0, "Total Cost": 1.17, "Plan Rows": 17, "Plan Width": 16}]}]}]}, "Unique SQL Id": 524435555, "Planner Runtime": 16}, "explain_analyze_plan": null}, "(64, 15)": {"explain_plan": {"Plan": {"Node Type": "Aggregate", "Strategy": "Plain", "Startup Cost": 3151838021043.93, "Total Cost": 3151838021043.94, "Plan Rows": 1, "Plan Width": 142, "Plans": [{"Node Type": "Nested Loop", "Parent Relationship": "Outer", "Join Type": "Inner", "Startup Cost": 1230056461532.74, "Total Cost": 3151838021042.77, "Plan Rows": 154, "Plan Width": 46, "Inner Unique": false, "Join Filter": "(ml.linked_movie_id = t2.id)", "Plans": [{"Node Type": "Index Scan", "Parent Relationship": "Outer", "Scan Direction": "Forward", "Index Name": "title_pkey", "Relation Name": "title", "Alias": "t2", "Startup Cost": 10000000000.0, "Total Cost": 1000011012048.91, "Plan Rows": 2528311, "Plan Width": 21}, {"Node Type": "Materialize", "Parent Relationship": "Inner", "Startup Cost": 1220056461532.74, "Total Cost": 2151821168595.83, "Plan Rows": 154, "Plan Width": 33, "Plans": [{"Node Type": "Merge Join", "Parent Relationship": "Outer", "Join Type": "Inner", "Startup Cost": 1220056461532.74, "Total Cost": 2151821168595.06, "Plan Rows": 154, "Plan Width": 33, "Inner Unique": true, "Merge Cond": "(ml.link_type_id = lt.id)", "Plans": [{"Node Type": "Sort", "Parent Relationship": "Outer", "Startup Cost": 1210056461532.71, "Total Cost": 1210056461533.1, "Plan Rows": 154, "Plan Width": 25, "Sort Key": ["ml.link_type_id"], "Plans": [{"Node Type": "Merge Join", "Parent Relationship": "Outer", "Join Type": "Inner", "Startup Cost": 40120995164.23, "Total Cost": 1210056461527.12, "Plan Rows": 154, "Plan Width": 25, "Inner Unique": false, "Merge Cond": "(t1.id = ml.movie_id)", "Plans": [{"Node Type": "Merge Join", "Parent Relationship": "Outer", "Join Type": "Inner", "Startup Cost": 30120995164.23, "Total Cost": 2999054436549.81, "Plan Rows": 33, "Plan Width": 25, "Inner Unique": true, "Merge Cond": "(mk.movie_id = t1.id)", "Plans": [{"Node Type": "Nested Loop", "Parent Relationship": "Outer", "Join Type": "Inner", "Startup Cost": 20000000000.0, "Total Cost": 2000015686764.79, "Plan Rows": 33, "Plan Width": 4, "Inner Unique": true, "Join Filter": "(k.id = mk.keyword_id)", "Plans": [{"Node Type": "Index Scan", "Parent Relationship": "Outer", "Scan Direction": "Forward", "Index Name": "movie_id_movie_keyword", "Relation Name": "movie_keyword", "Alias": "mk", "Startup Cost": 10000000000.0, "Total Cost": 1000015300634.17, "Plan Rows": 4523929, "Plan Width": 8}, {"Node Type": "Materialize", "Parent Relationship": "Inner", "Startup Cost": 10000000000.0, "Total Cost": 1000000318271.69, "Plan Rows": 1, "Plan Width": 4, "Plans": [{"Node Type": "Index Scan", "Parent Relationship": "Outer", "Scan Direction": "Forward", "Index Name": "keyword_pkey", "Relation Name": "keyword", "Alias": "k", "Startup Cost": 10000000000.0, "Total Cost": 1000000318271.68, "Plan Rows": 1, "Plan Width": 4, "Filter": "((keyword)::text = '10,000-mile-club'::text)"}]}]}, {"Node Type": "Index Scan", "Parent Relationship": "Inner", "Scan Direction": "Forward", "Index Name": "title_pkey", "Relation Name": "title", "Alias": "t1", "Startup Cost": 10000000000.0, "Total Cost": 1000011012048.91, "Plan Rows": 2528311, "Plan Width": 21}]}, {"Node Type": "Index Scan", "Parent Relationship": "Inner", "Scan Direction": "Forward", "Index Name": "movie_id_movie_link", "Relation Name": "movie_link", "Alias": "ml", "Startup Cost": 10000000000.0, "Total Cost": 1000000106202.37, "Plan Rows": 29996, "Plan Width": 12}]}]}, {"Node Type": "Materialize", "Parent Relationship": "Inner", "Startup Cost": 10000000000.0, "Total Cost": 1000000001250.54, "Plan Rows": 17, "Plan Width": 16, "Plans": [{"Node Type": "Index Scan", "Parent Relationship": "Outer", "Scan Direction": "Forward", "Index Name": "link_type_pkey", "Relation Name": "link_type", "Alias": "lt", "Startup Cost": 10000000000.0, "Total Cost": 1000000001250.5, "Plan Rows": 17, "Plan Width": 16}]}]}]}]}]}, "Unique SQL Id": 524435555, "Planner Runtime": 17}, "explain_analyze_plan": null}, "(64, 16)": {"explain_plan": {"Plan": {"Node Type": "Aggregate", "Strategy": "Plain", "Startup Cost": 3297.98, "Total Cost": 3297.99, "Plan Rows": 1, "Plan Width": 142, "Plans": [{"Node Type": "Nested Loop", "Parent Relationship": "Outer", "Join Type": "Inner", "Startup Cost": 4.51, "Total Cost": 3296.82, "Plan Rows": 154, "Plan Width": 46, "Inner Unique": true, "Plans": [{"Node Type": "Nested Loop", "Parent Relationship": "Outer", "Join Type": "Inner", "Startup Cost": 4.51, "Total Cost": 2633.25, "Plan Rows": 154, "Plan Width": 33, "Inner Unique": true, "Join Filter": "(ml.link_type_id = lt.id)", "Plans": [{"Node Type": "Nested Loop", "Parent Relationship": "Outer", "Join Type": "Inner", "Startup Cost": 4.51, "Total Cost": 2592.76, "Plan Rows": 154, "Plan Width": 25, "Inner Unique": false, "Plans": [{"Node Type": "Nested Loop", "Parent Relationship": "Outer", "Join Type": "Inner", "Startup Cost": 4.51, "Total Cost": 2579.55, "Plan Rows": 33, "Plan Width": 25, "Inner Unique": true, "Plans": [{"Node Type": "Nested Loop", "Parent Relationship": "Outer", "Join Type": "Inner", "Startup Cost": 4.51, "Total Cost": 2569.02, "Plan Rows": 33, "Plan Width": 4, "Inner Unique": false, "Plans": [{"Node Type": "Seq Scan", "Parent Relationship": "Outer", "Relation Name": "keyword", "Alias": "k", "Startup Cost": 0.0, "Total Cost": 2436.11, "Plan Rows": 1, "Plan Width": 4, "Filter": "((keyword)::text = '10,000-mile-club'::text)"}, {"Node Type": "Bitmap Heap Scan", "Parent Relationship": "Inner", "Relation Name": "movie_keyword", "Alias": "mk", "Startup Cost": 4.51, "Total Cost": 132.58, "Plan Rows": 33, "Plan Width": 8, "Recheck Cond": "(keyword_id = k.id)", "Plans": [{"Node Type": "Bitmap Index Scan", "Parent Relationship": "Outer", "Index Name": "keyword_id_movie_keyword", "Startup Cost": 0.0, "Total Cost": 4.5, "Plan Rows": 33, "Plan Width": 0, "Index Cond": "(keyword_id = k.id)"}]}]}, {"Node Type": "Index Scan", "Parent Relationship": "Inner", "Scan Direction": "Forward", "Index Name": "title_pkey", "Relation Name": "title", "Alias": "t1", "Startup Cost": 0.0, "Total Cost": 0.31, "Plan Rows": 1, "Plan Width": 21, "Index Cond": "(id = mk.movie_id)"}]}, {"Node Type": "Index Scan", "Parent Relationship": "Inner", "Scan Direction": "Forward", "Index Name": "movie_id_movie_link", "Relation Name": "movie_link", "Alias": "ml", "Startup Cost": 0.0, "Total Cost": 0.35, "Plan Rows": 5, "Plan Width": 12, "Index Cond": "(movie_id = t1.id)"}]}, {"Node Type": "Materialize", "Parent Relationship": "Inner", "Startup Cost": 0.0, "Total Cost": 1.25, "Plan Rows": 17, "Plan Width": 16, "Plans": [{"Node Type": "Seq Scan", "Parent Relationship": "Outer", "Relation Name": "link_type", "Alias": "lt", "Startup Cost": 0.0, "Total Cost": 1.17, "Plan Rows": 17, "Plan Width": 16}]}]}, {"Node Type": "Index Scan", "Parent Relationship": "Inner", "Scan Direction": "Forward", "Index Name": "title_pkey", "Relation Name": "title", "Alias": "t2", "Startup Cost": 0.0, "Total Cost": 4.3, "Plan Rows": 1, "Plan Width": 21, "Index Cond": "(id = ml.linked_movie_id)"}]}]}, "Unique SQL Id": 524435555, "Planner Runtime": 13}, "explain_analyze_plan": {"Plan": {"Node Type": "Aggregate", "Strategy": "Plain", "Startup Cost": 3297.98, "Total Cost": 3297.99, "Plan Rows": 1, "Plan Width": 142, "Actual Startup Time": 40.462, "Actual Total Time": 40.462, "Actual Rows": 1, "Actual Loops": 1, "Plans": [{"Node Type": "Nested Loop", "Parent Relationship": "Outer", "Join Type": "Inner", "Startup Cost": 4.51, "Total Cost": 3296.82, "Plan Rows": 154, "Plan Width": 46, "Actual Startup Time": 40.458, "Actual Total Time": 40.458, "Actual Rows": 0, "Actual Loops": 1, "Inner Unique": true, "Plans": [{"Node Type": "Nested Loop", "Parent Relationship": "Outer", "Join Type": "Inner", "Startup Cost": 4.51, "Total Cost": 2633.25, "Plan Rows": 154, "Plan Width": 33, "Actual Startup Time": 40.456, "Actual Total Time": 40.456, "Actual Rows": 0, "Actual Loops": 1, "Inner Unique": true, "Join Filter": "(ml.link_type_id = lt.id)", "Rows Removed by Join Filter": 0, "Plans": [{"Node Type": "Nested Loop", "Parent Relationship": "Outer", "Join Type": "Inner", "Startup Cost": 4.51, "Total Cost": 2592.76, "Plan Rows": 154, "Plan Width": 25, "Actual Startup Time": 40.456, "Actual Total Time": 40.456, "Actual Rows": 0, "Actual Loops": 1, "Inner Unique": false, "Plans": [{"Node Type": "Nested Loop", "Parent Relationship": "Outer", "Join Type": "Inner", "Startup Cost": 4.51, "Total Cost": 2579.55, "Plan Rows": 33, "Plan Width": 25, "Actual Startup Time": 39.589, "Actual Total Time": 40.451, "Actual Rows": 1, "Actual Loops": 1, "Inner Unique": true, "Plans": [{"Node Type": "Nested Loop", "Parent Relationship": "Outer", "Join Type": "Inner", "Startup Cost": 4.51, "Total Cost": 2569.02, "Plan Rows": 33, "Plan Width": 4, "Actual Startup Time": 39.573, "Actual Total Time": 40.434, "Actual Rows": 1, "Actual Loops": 1, "Inner Unique": false, "Plans": [{"Node Type": "Seq Scan", "Parent Relationship": "Outer", "Relation Name": "keyword", "Alias": "k", "Startup Cost": 0.0, "Total Cost": 2436.11, "Plan Rows": 1, "Plan Width": 4, "Actual Startup Time": 39.539, "Actual Total Time": 40.398, "Actual Rows": 1, "Actual Loops": 1, "Filter": "((keyword)::text = '10,000-mile-club'::text)", "Rows Removed by Filter": 134168}, {"Node Type": "Bitmap Heap Scan", "Parent Relationship": "Inner", "Relation Name": "movie_keyword", "Alias": "mk", "Startup Cost": 4.51, "Total Cost": 132.58, "Plan Rows": 33, "Plan Width": 8, "Actual Startup Time": 0.025, "Actual Total Time": 0.026, "Actual Rows": 1, "Actual Loops": 1, "Recheck Cond": "(keyword_id = k.id)", "Rows Removed by Index Recheck": 0, "Exact Heap Blocks": 1, "Lossy Heap Blocks": 1, "Plans": [{"Node Type": "Bitmap Index Scan", "Parent Relationship": "Outer", "Index Name": "keyword_id_movie_keyword", "Startup Cost": 0.0, "Total Cost": 4.5, "Plan Rows": 33, "Plan Width": 0, "Actual Startup Time": 0.016, "Actual Total Time": 0.016, "Actual Rows": 1, "Actual Loops": 1, "Index Cond": "(keyword_id = k.id)"}]}]}, {"Node Type": "Index Scan", "Parent Relationship": "Inner", "Scan Direction": "Forward", "Index Name": "title_pkey", "Relation Name": "title", "Alias": "t1", "Startup Cost": 0.0, "Total Cost": 0.31, "Plan Rows": 1, "Plan Width": 21, "Actual Startup Time": 0.014, "Actual Total Time": 0.014, "Actual Rows": 1, "Actual Loops": 1, "Index Cond": "(id = mk.movie_id)", "Rows Removed by Index Recheck": 0}]}, {"Node Type": "Index Scan", "Parent Relationship": "Inner", "Scan Direction": "Forward", "Index Name": "movie_id_movie_link", "Relation Name": "movie_link", "Alias": "ml", "Startup Cost": 0.0, "Total Cost": 0.35, "Plan Rows": 5, "Plan Width": 12, "Actual Startup Time": 0.003, "Actual Total Time": 0.003, "Actual Rows": 0, "Actual Loops": 1, "Index Cond": "(movie_id = t1.id)", "Rows Removed by Index Recheck": 0}]}, {"Node Type": "Materialize", "Parent Relationship": "Inner", "Startup Cost": 0.0, "Total Cost": 1.25, "Plan Rows": 17, "Plan Width": 16, "Actual Startup Time": 0.0, "Actual Total Time": 0.0, "Plans": [{"Node Type": "Seq Scan", "Parent Relationship": "Outer", "Relation Name": "link_type", "Alias": "lt", "Startup Cost": 0.0, "Total Cost": 1.17, "Plan Rows": 17, "Plan Width": 16, "Actual Startup Time": 0.0, "Actual Total Time": 0.0}]}]}, {"Node Type": "Index Scan", "Parent Relationship": "Inner", "Scan Direction": "Forward", "Index Name": "title_pkey", "Relation Name": "title", "Alias": "t2", "Startup Cost": 0.0, "Total Cost": 4.3, "Plan Rows": 1, "Plan Width": 21, "Actual Startup Time": 0.0, "Actual Total Time": 0.0, "Index Cond": "(id = ml.linked_movie_id)", "Rows Removed by Index Recheck": 0}]}]}, "Triggers": [], "Planner Runtime": 3, "Total Runtime": 40.678, "Unique SQL Id": 524435555}}, "(64, 17)": {"explain_plan": {"Plan": {"Node Type": "Aggregate", "Strategy": "Plain", "Startup Cost": 4047.28, "Total Cost": 4047.29, "Plan Rows": 1, "Plan Width": 142, "Plans": [{"Node Type": "Nested Loop", "Parent Relationship": "Outer", "Join Type": "Inner", "Startup Cost": 4.51, "Total Cost": 4046.12, "Plan Rows": 154, "Plan Width": 46, "Inner Unique": true, "Plans": [{"Node Type": "Nested Loop", "Parent Relationship": "Outer", "Join Type": "Inner", "Startup Cost": 4.51, "Total Cost": 3382.55, "Plan Rows": 154, "Plan Width": 33, "Inner Unique": true, "Plans": [{"Node Type": "Nested Loop", "Parent Relationship": "Outer", "Join Type": "Inner", "Startup Cost": 4.51, "Total Cost": 3339.37, "Plan Rows": 154, "Plan Width": 25, "Inner Unique": false, "Plans": [{"Node Type": "Nested Loop", "Parent Relationship": "Outer", "Join Type": "Inner", "Startup Cost": 4.51, "Total Cost": 3326.15, "Plan Rows": 33, "Plan Width": 25, "Inner Unique": true, "Plans": [{"Node Type": "Nested Loop", "Parent Relationship": "Outer", "Join Type": "Inner", "Startup Cost": 4.51, "Total Cost": 3315.63, "Plan Rows": 33, "Plan Width": 4, "Inner Unique": false, "Plans": [{"Node Type": "Index Scan", "Parent Relationship": "Outer", "Scan Direction": "Forward", "Index Name": "keyword_pkey", "Relation Name": "keyword", "Alias": "k", "Startup Cost": 0.0, "Total Cost": 3182.72, "Plan Rows": 1, "Plan Width": 4, "Filter": "((keyword)::text = '10,000-mile-club'::text)"}, {"Node Type": "Bitmap Heap Scan", "Parent Relationship": "Inner", "Relation Name": "movie_keyword", "Alias": "mk", "Startup Cost": 4.51, "Total Cost": 132.58, "Plan Rows": 33, "Plan Width": 8, "Recheck Cond": "(keyword_id = k.id)", "Plans": [{"Node Type": "Bitmap Index Scan", "Parent Relationship": "Outer", "Index Name": "keyword_id_movie_keyword", "Startup Cost": 0.0, "Total Cost": 4.5, "Plan Rows": 33, "Plan Width": 0, "Index Cond": "(keyword_id = k.id)"}]}]}, {"Node Type": "Index Scan", "Parent Relationship": "Inner", "Scan Direction": "Forward", "Index Name": "title_pkey", "Relation Name": "title", "Alias": "t1", "Startup Cost": 0.0, "Total Cost": 0.31, "Plan Rows": 1, "Plan Width": 21, "Index Cond": "(id = mk.movie_id)"}]}, {"Node Type": "Index Scan", "Parent Relationship": "Inner", "Scan Direction": "Forward", "Index Name": "movie_id_movie_link", "Relation Name": "movie_link", "Alias": "ml", "Startup Cost": 0.0, "Total Cost": 0.35, "Plan Rows": 5, "Plan Width": 12, "Index Cond": "(movie_id = t1.id)"}]}, {"Node Type": "Index Scan", "Parent Relationship": "Inner", "Scan Direction": "Forward", "Index Name": "link_type_pkey", "Relation Name": "link_type", "Alias": "lt", "Startup Cost": 0.0, "Total Cost": 0.27, "Plan Rows": 1, "Plan Width": 16, "Index Cond": "(id = ml.link_type_id)"}]}, {"Node Type": "Index Scan", "Parent Relationship": "Inner", "Scan Direction": "Forward", "Index Name": "title_pkey", "Relation Name": "title", "Alias": "t2", "Startup Cost": 0.0, "Total Cost": 4.3, "Plan Rows": 1, "Plan Width": 21, "Index Cond": "(id = ml.linked_movie_id)"}]}]}, "Unique SQL Id": 524435555, "Planner Runtime": 12}, "explain_analyze_plan": {"Plan": {"Node Type": "Aggregate", "Strategy": "Plain", "Startup Cost": 4047.28, "Total Cost": 4047.29, "Plan Rows": 1, "Plan Width": 142, "Actual Startup Time": 114.984, "Actual Total Time": 114.985, "Actual Rows": 1, "Actual Loops": 1, "Plans": [{"Node Type": "Nested Loop", "Parent Relationship": "Outer", "Join Type": "Inner", "Startup Cost": 4.51, "Total Cost": 4046.12, "Plan Rows": 154, "Plan Width": 46, "Actual Startup Time": 114.978, "Actual Total Time": 114.978, "Actual Rows": 0, "Actual Loops": 1, "Inner Unique": true, "Plans": [{"Node Type": "Nested Loop", "Parent Relationship": "Outer", "Join Type": "Inner", "Startup Cost": 4.51, "Total Cost": 3382.55, "Plan Rows": 154, "Plan Width": 33, "Actual Startup Time": 114.977, "Actual Total Time": 114.977, "Actual Rows": 0, "Actual Loops": 1, "Inner Unique": true, "Plans": [{"Node Type": "Nested Loop", "Parent Relationship": "Outer", "Join Type": "Inner", "Startup Cost": 4.51, "Total Cost": 3339.37, "Plan Rows": 154, "Plan Width": 25, "Actual Startup Time": 114.976, "Actual Total Time": 114.976, "Actual Rows": 0, "Actual Loops": 1, "Inner Unique": false, "Plans": [{"Node Type": "Nested Loop", "Parent Relationship": "Outer", "Join Type": "Inner", "Startup Cost": 4.51, "Total Cost": 3326.15, "Plan Rows": 33, "Plan Width": 25, "Actual Startup Time": 113.117, "Actual Total Time": 114.965, "Actual Rows": 1, "Actual Loops": 1, "Inner Unique": true, "Plans": [{"Node Type": "Nested Loop", "Parent Relationship": "Outer", "Join Type": "Inner", "Startup Cost": 4.51, "Total Cost": 3315.63, "Plan Rows": 33, "Plan Width": 4, "Actual Startup Time": 113.093, "Actual Total Time": 114.94, "Actual Rows": 1, "Actual Loops": 1, "Inner Unique": false, "Plans": [{"Node Type": "Index Scan", "Parent Relationship": "Outer", "Scan Direction": "Forward", "Index Name": "keyword_pkey", "Relation Name": "keyword", "Alias": "k", "Startup Cost": 0.0, "Total Cost": 3182.72, "Plan Rows": 1, "Plan Width": 4, "Actual Startup Time": 113.04, "Actual Total Time": 114.886, "Actual Rows": 1, "Actual Loops": 1, "Filter": "((keyword)::text = '10,000-mile-club'::text)", "Rows Removed by Filter": 134168}, {"Node Type": "Bitmap Heap Scan", "Parent Relationship": "Inner", "Relation Name": "movie_keyword", "Alias": "mk", "Startup Cost": 4.51, "Total Cost": 132.58, "Plan Rows": 33, "Plan Width": 8, "Actual Startup Time": 0.033, "Actual Total Time": 0.033, "Actual Rows": 1, "Actual Loops": 1, "Recheck Cond": "(keyword_id = k.id)", "Rows Removed by Index Recheck": 0, "Exact Heap Blocks": 1, "Lossy Heap Blocks": 1, "Plans": [{"Node Type": "Bitmap Index Scan", "Parent Relationship": "Outer", "Index Name": "keyword_id_movie_keyword", "Startup Cost": 0.0, "Total Cost": 4.5, "Plan Rows": 33, "Plan Width": 0, "Actual Startup Time": 0.02, "Actual Total Time": 0.02, "Actual Rows": 1, "Actual Loops": 1, "Index Cond": "(keyword_id = k.id)"}]}]}, {"Node Type": "Index Scan", "Parent Relationship": "Inner", "Scan Direction": "Forward", "Index Name": "title_pkey", "Relation Name": "title", "Alias": "t1", "Startup Cost": 0.0, "Total Cost": 0.31, "Plan Rows": 1, "Plan Width": 21, "Actual Startup Time": 0.017, "Actual Total Time": 0.017, "Actual Rows": 1, "Actual Loops": 1, "Index Cond": "(id = mk.movie_id)", "Rows Removed by Index Recheck": 0}]}, {"Node Type": "Index Scan", "Parent Relationship": "Inner", "Scan Direction": "Forward", "Index Name": "movie_id_movie_link", "Relation Name": "movie_link", "Alias": "ml", "Startup Cost": 0.0, "Total Cost": 0.35, "Plan Rows": 5, "Plan Width": 12, "Actual Startup Time": 0.006, "Actual Total Time": 0.006, "Actual Rows": 0, "Actual Loops": 1, "Index Cond": "(movie_id = t1.id)", "Rows Removed by Index Recheck": 0}]}, {"Node Type": "Index Scan", "Parent Relationship": "Inner", "Scan Direction": "Forward", "Index Name": "link_type_pkey", "Relation Name": "link_type", "Alias": "lt", "Startup Cost": 0.0, "Total Cost": 0.27, "Plan Rows": 1, "Plan Width": 16, "Actual Startup Time": 0.0, "Actual Total Time": 0.0, "Index Cond": "(id = ml.link_type_id)", "Rows Removed by Index Recheck": 0}]}, {"Node Type": "Index Scan", "Parent Relationship": "Inner", "Scan Direction": "Forward", "Index Name": "title_pkey", "Relation Name": "title", "Alias": "t2", "Startup Cost": 0.0, "Total Cost": 4.3, "Plan Rows": 1, "Plan Width": 21, "Actual Startup Time": 0.0, "Actual Total Time": 0.0, "Index Cond": "(id = ml.linked_movie_id)", "Rows Removed by Index Recheck": 0}]}]}, "Triggers": [], "Planner Runtime": 2, "Total Runtime": 115.266, "Unique SQL Id": 524435555}}, "(64, 18)": {"explain_plan": {"Plan": {"Node Type": "Aggregate", "Strategy": "Plain", "Startup Cost": 3747.02, "Total Cost": 3747.03, "Plan Rows": 1, "Plan Width": 142, "Plans": [{"Node Type": "Nested Loop", "Parent Relationship": "Outer", "Join Type": "Inner", "Startup Cost": 6.55, "Total Cost": 3745.86, "Plan Rows": 154, "Plan Width": 46, "Inner Unique": true, "Plans": [{"Node Type": "Nested Loop", "Parent Relationship": "Outer", "Join Type": "Inner", "Startup Cost": 5.06, "Total Cost": 2896.68, "Plan Rows": 154, "Plan Width": 33, "Inner Unique": true, "Join Filter": "(ml.link_type_id = lt.id)", "Plans": [{"Node Type": "Nested Loop", "Parent Relationship": "Outer", "Join Type": "Inner", "Startup Cost": 5.06, "Total Cost": 2856.2, "Plan Rows": 154, "Plan Width": 25, "Inner Unique": false, "Join Filter": "(t1.id = ml.movie_id)", "Plans": [{"Node Type": "Nested Loop", "Parent Relationship": "Outer", "Join Type": "Inner", "Startup Cost": 4.77, "Total Cost": 2710.54, "Plan Rows": 33, "Plan Width": 25, "Inner Unique": true, "Plans": [{"Node Type": "Nested Loop", "Parent Relationship": "Outer", "Join Type": "Inner", "Startup Cost": 4.51, "Total Cost": 2569.02, "Plan Rows": 33, "Plan Width": 4, "Inner Unique": false, "Plans": [{"Node Type": "Seq Scan", "Parent Relationship": "Outer", "Relation Name": "keyword", "Alias": "k", "Startup Cost": 0.0, "Total Cost": 2436.11, "Plan Rows": 1, "Plan Width": 4, "Filter": "((keyword)::text = '10,000-mile-club'::text)"}, {"Node Type": "Bitmap Heap Scan", "Parent Relationship": "Inner", "Relation Name": "movie_keyword", "Alias": "mk", "Startup Cost": 4.51, "Total Cost": 132.58, "Plan Rows": 33, "Plan Width": 8, "Recheck Cond": "(keyword_id = k.id)", "Plans": [{"Node Type": "Bitmap Index Scan", "Parent Relationship": "Outer", "Index Name": "keyword_id_movie_keyword", "Startup Cost": 0.0, "Total Cost": 4.5, "Plan Rows": 33, "Plan Width": 0, "Index Cond": "(keyword_id = k.id)"}]}]}, {"Node Type": "Bitmap Heap Scan", "Parent Relationship": "Inner", "Relation Name": "title", "Alias": "t1", "Startup Cost": 0.27, "Total Cost": 4.28, "Plan Rows": 1, "Plan Width": 21, "Recheck Cond": "(id = mk.movie_id)", "Plans": [{"Node Type": "Bitmap Index Scan", "Parent Relationship": "Outer", "Index Name": "title_pkey", "Startup Cost": 0.0, "Total Cost": 0.27, "Plan Rows": 1, "Plan Width": 0, "Index Cond": "(id = mk.movie_id)"}]}]}, {"Node Type": "Bitmap Heap Scan", "Parent Relationship": "Inner", "Relation Name": "movie_link", "Alias": "ml", "Startup Cost": 0.29, "Total Cost": 4.35, "Plan Rows": 5, "Plan Width": 12, "Recheck Cond": "(movie_id = mk.movie_id)", "Plans": [{"Node Type": "Bitmap Index Scan", "Parent Relationship": "Outer", "Index Name": "movie_id_movie_link", "Startup Cost": 0.0, "Total Cost": 0.29, "Plan Rows": 5, "Plan Width": 0, "Index Cond": "(movie_id = mk.movie_id)"}]}]}, {"Node Type": "Materialize", "Parent Relationship": "Inner", "Startup Cost": 0.0, "Total Cost": 1.25, "Plan Rows": 17, "Plan Width": 16, "Plans": [{"Node Type": "Seq Scan", "Parent Relationship": "Outer", "Relation Name": "link_type", "Alias": "lt", "Startup Cost": 0.0, "Total Cost": 1.17, "Plan Rows": 17, "Plan Width": 16}]}]}, {"Node Type": "Bitmap Heap Scan", "Parent Relationship": "Inner", "Relation Name": "title", "Alias": "t2", "Startup Cost": 1.49, "Total Cost": 5.5, "Plan Rows": 1, "Plan Width": 21, "Recheck Cond": "(id = ml.linked_movie_id)", "Plans": [{"Node Type": "Bitmap Index Scan", "Parent Relationship": "Outer", "Index Name": "title_pkey", "Startup Cost": 0.0, "Total Cost": 1.49, "Plan Rows": 1, "Plan Width": 0, "Index Cond": "(id = ml.linked_movie_id)"}]}]}]}, "Unique SQL Id": 524435555, "Planner Runtime": 9}, "explain_analyze_plan": {"Plan": {"Node Type": "Aggregate", "Strategy": "Plain", "Startup Cost": 3747.02, "Total Cost": 3747.03, "Plan Rows": 1, "Plan Width": 142, "Actual Startup Time": 40.475, "Actual Total Time": 40.475, "Actual Rows": 1, "Actual Loops": 1, "Plans": [{"Node Type": "Nested Loop", "Parent Relationship": "Outer", "Join Type": "Inner", "Startup Cost": 6.55, "Total Cost": 3745.86, "Plan Rows": 154, "Plan Width": 46, "Actual Startup Time": 40.471, "Actual Total Time": 40.471, "Actual Rows": 0, "Actual Loops": 1, "Inner Unique": true, "Plans": [{"Node Type": "Nested Loop", "Parent Relationship": "Outer", "Join Type": "Inner", "Startup Cost": 5.06, "Total Cost": 2896.68, "Plan Rows": 154, "Plan Width": 33, "Actual Startup Time": 40.47, "Actual Total Time": 40.47, "Actual Rows": 0, "Actual Loops": 1, "Inner Unique": true, "Join Filter": "(ml.link_type_id = lt.id)", "Rows Removed by Join Filter": 0, "Plans": [{"Node Type": "Nested Loop", "Parent Relationship": "Outer", "Join Type": "Inner", "Startup Cost": 5.06, "Total Cost": 2856.2, "Plan Rows": 154, "Plan Width": 25, "Actual Startup Time": 40.469, "Actual Total Time": 40.469, "Actual Rows": 0, "Actual Loops": 1, "Inner Unique": false, "Join Filter": "(t1.id = ml.movie_id)", "Rows Removed by Join Filter": 0, "Plans": [{"Node Type": "Nested Loop", "Parent Relationship": "Outer", "Join Type": "Inner", "Startup Cost": 4.77, "Total Cost": 2710.54, "Plan Rows": 33, "Plan Width": 25, "Actual Startup Time": 39.597, "Actual Total Time": 40.461, "Actual Rows": 1, "Actual Loops": 1, "Inner Unique": true, "Plans": [{"Node Type": "Nested Loop", "Parent Relationship": "Outer", "Join Type": "Inner", "Startup Cost": 4.51, "Total Cost": 2569.02, "Plan Rows": 33, "Plan Width": 4, "Actual Startup Time": 39.583, "Actual Total Time": 40.447, "Actual Rows": 1, "Actual Loops": 1, "Inner Unique": false, "Plans": [{"Node Type": "Seq Scan", "Parent Relationship": "Outer", "Relation Name": "keyword", "Alias": "k", "Startup Cost": 0.0, "Total Cost": 2436.11, "Plan Rows": 1, "Plan Width": 4, "Actual Startup Time": 39.546, "Actual Total Time": 40.408, "Actual Rows": 1, "Actual Loops": 1, "Filter": "((keyword)::text = '10,000-mile-club'::text)", "Rows Removed by Filter": 134168}, {"Node Type": "Bitmap Heap Scan", "Parent Relationship": "Inner", "Relation Name": "movie_keyword", "Alias": "mk", "Startup Cost": 4.51, "Total Cost": 132.58, "Plan Rows": 33, "Plan Width": 8, "Actual Startup Time": 0.029, "Actual Total Time": 0.03, "Actual Rows": 1, "Actual Loops": 1, "Recheck Cond": "(keyword_id = k.id)", "Rows Removed by Index Recheck": 0, "Exact Heap Blocks": 1, "Lossy Heap Blocks": 1, "Plans": [{"Node Type": "Bitmap Index Scan", "Parent Relationship": "Outer", "Index Name": "keyword_id_movie_keyword", "Startup Cost": 0.0, "Total Cost": 4.5, "Plan Rows": 33, "Plan Width": 0, "Actual Startup Time": 0.021, "Actual Total Time": 0.021, "Actual Rows": 1, "Actual Loops": 1, "Index Cond": "(keyword_id = k.id)"}]}]}, {"Node Type": "Bitmap Heap Scan", "Parent Relationship": "Inner", "Relation Name": "title", "Alias": "t1", "Startup Cost": 0.27, "Total Cost": 4.28, "Plan Rows": 1, "Plan Width": 21, "Actual Startup Time": 0.012, "Actual Total Time": 0.012, "Actual Rows": 1, "Actual Loops": 1, "Recheck Cond": "(id = mk.movie_id)", "Rows Removed by Index Recheck": 0, "Exact Heap Blocks": 1, "Lossy Heap Blocks": 1, "Plans": [{"Node Type": "Bitmap Index Scan", "Parent Relationship": "Outer", "Index Name": "title_pkey", "Startup Cost": 0.0, "Total Cost": 0.27, "Plan Rows": 1, "Plan Width": 0, "Actual Startup Time": 0.008, "Actual Total Time": 0.008, "Actual Rows": 1, "Actual Loops": 1, "Index Cond": "(id = mk.movie_id)"}]}]}, {"Node Type": "Bitmap Heap Scan", "Parent Relationship": "Inner", "Relation Name": "movie_link", "Alias": "ml", "Startup Cost": 0.29, "Total Cost": 4.35, "Plan Rows": 5, "Plan Width": 12, "Actual Startup Time": 0.005, "Actual Total Time": 0.005, "Actual Rows": 0, "Actual Loops": 1, "Recheck Cond": "(movie_id = mk.movie_id)", "Rows Removed by Index Recheck": 0, "Exact Heap Blocks": 0, "Lossy Heap Blocks": 0, "Plans": [{"Node Type": "Bitmap Index Scan", "Parent Relationship": "Outer", "Index Name": "movie_id_movie_link", "Startup Cost": 0.0, "Total Cost": 0.29, "Plan Rows": 5, "Plan Width": 0, "Actual Startup Time": 0.003, "Actual Total Time": 0.003, "Actual Rows": 0, "Actual Loops": 1, "Index Cond": "(movie_id = mk.movie_id)"}]}]}, {"Node Type": "Materialize", "Parent Relationship": "Inner", "Startup Cost": 0.0, "Total Cost": 1.25, "Plan Rows": 17, "Plan Width": 16, "Actual Startup Time": 0.0, "Actual Total Time": 0.0, "Plans": [{"Node Type": "Seq Scan", "Parent Relationship": "Outer", "Relation Name": "link_type", "Alias": "lt", "Startup Cost": 0.0, "Total Cost": 1.17, "Plan Rows": 17, "Plan Width": 16, "Actual Startup Time": 0.0, "Actual Total Time": 0.0}]}]}, {"Node Type": "Bitmap Heap Scan", "Parent Relationship": "Inner", "Relation Name": "title", "Alias": "t2", "Startup Cost": 1.49, "Total Cost": 5.5, "Plan Rows": 1, "Plan Width": 21, "Actual Startup Time": 0.0, "Actual Total Time": 0.0, "Recheck Cond": "(id = ml.linked_movie_id)", "Rows Removed by Index Recheck": 0, "Exact Heap Blocks": 0, "Lossy Heap Blocks": 0, "Plans": [{"Node Type": "Bitmap Index Scan", "Parent Relationship": "Outer", "Index Name": "title_pkey", "Startup Cost": 0.0, "Total Cost": 1.49, "Plan Rows": 1, "Plan Width": 0, "Actual Startup Time": 0.0, "Actual Total Time": 0.0, "Index Cond": "(id = ml.linked_movie_id)"}]}]}]}, "Triggers": [], "Planner Runtime": 4, "Total Runtime": 40.699, "Unique SQL Id": 524435555}}, "(64, 19)": {"explain_plan": {"Plan": {"Node Type": "Aggregate", "Strategy": "Plain", "Startup Cost": 4477.45, "Total Cost": 4477.46, "Plan Rows": 1, "Plan Width": 142, "Plans": [{"Node Type": "Nested Loop", "Parent Relationship": "Outer", "Join Type": "Inner", "Startup Cost": 733.99, "Total Cost": 4476.3, "Plan Rows": 154, "Plan Width": 46, "Inner Unique": true, "Plans": [{"Node Type": "Nested Loop", "Parent Relationship": "Outer", "Join Type": "Inner", "Startup Cost": 732.5, "Total Cost": 3627.12, "Plan Rows": 154, "Plan Width": 33, "Inner Unique": true, "Join Filter": "(ml.link_type_id = lt.id)", "Plans": [{"Node Type": "Nested Loop", "Parent Relationship": "Outer", "Join Type": "Inner", "Startup Cost": 724.16, "Total Cost": 3575.3, "Plan Rows": 154, "Plan Width": 25, "Inner Unique": false, "Join Filter": "(t1.id = ml.movie_id)", "Plans": [{"Node Type": "Nested Loop", "Parent Relationship": "Outer", "Join Type": "Inner", "Startup Cost": 723.87, "Total Cost": 3429.64, "Plan Rows": 33, "Plan Width": 25, "Inner Unique": true, "Plans": [{"Node Type": "Nested Loop", "Parent Relationship": "Outer", "Join Type": "Inner", "Startup Cost": 723.6, "Total Cost": 3288.12, "Plan Rows": 33, "Plan Width": 4, "Inner Unique": false, "Plans": [{"Node Type": "Bitmap Heap Scan", "Parent Relationship": "Outer", "Relation Name": "keyword", "Alias": "k", "Startup Cost": 719.1, "Total Cost": 3155.21, "Plan Rows": 1, "Plan Width": 4, "Filter": "((keyword)::text = '10,000-mile-club'::text)", "Plans": [{"Node Type": "Bitmap Index Scan", "Parent Relationship": "Outer", "Index Name": "keyword_pkey", "Startup Cost": 0.0, "Total Cost": 719.1, "Plan Rows": 134169, "Plan Width": 0}]}, {"Node Type": "Bitmap Heap Scan", "Parent Relationship": "Inner", "Relation Name": "movie_keyword", "Alias": "mk", "Startup Cost": 4.51, "Total Cost": 132.58, "Plan Rows": 33, "Plan Width": 8, "Recheck Cond": "(keyword_id = k.id)", "Plans": [{"Node Type": "Bitmap Index Scan", "Parent Relationship": "Outer", "Index Name": "keyword_id_movie_keyword", "Startup Cost": 0.0, "Total Cost": 4.5, "Plan Rows": 33, "Plan Width": 0, "Index Cond": "(keyword_id = k.id)"}]}]}, {"Node Type": "Bitmap Heap Scan", "Parent Relationship": "Inner", "Relation Name": "title", "Alias": "t1", "Startup Cost": 0.27, "Total Cost": 4.28, "Plan Rows": 1, "Plan Width": 21, "Recheck Cond": "(id = mk.movie_id)", "Plans": [{"Node Type": "Bitmap Index Scan", "Parent Relationship": "Outer", "Index Name": "title_pkey", "Startup Cost": 0.0, "Total Cost": 0.27, "Plan Rows": 1, "Plan Width": 0, "Index Cond": "(id = mk.movie_id)"}]}]}, {"Node Type": "Bitmap Heap Scan", "Parent Relationship": "Inner", "Relation Name": "movie_link", "Alias": "ml", "Startup Cost": 0.29, "Total Cost": 4.35, "Plan Rows": 5, "Plan Width": 12, "Recheck Cond": "(movie_id = mk.movie_id)", "Plans": [{"Node Type": "Bitmap Index Scan", "Parent Relationship": "Outer", "Index Name": "movie_id_movie_link", "Startup Cost": 0.0, "Total Cost": 0.29, "Plan Rows": 5, "Plan Width": 0, "Index Cond": "(movie_id = mk.movie_id)"}]}]}, {"Node Type": "Materialize", "Parent Relationship": "Inner", "Startup Cost": 8.34, "Total Cost": 12.59, "Plan Rows": 17, "Plan Width": 16, "Plans": [{"Node Type": "Bitmap Heap Scan", "Parent Relationship": "Outer", "Relation Name": "link_type", "Alias": "lt", "Startup Cost": 8.34, "Total Cost": 12.51, "Plan Rows": 17, "Plan Width": 16, "Plans": [{"Node Type": "Bitmap Index Scan", "Parent Relationship": "Outer", "Index Name": "link_type_pkey", "Startup Cost": 0.0, "Total Cost": 8.34, "Plan Rows": 17, "Plan Width": 0}]}]}]}, {"Node Type": "Bitmap Heap Scan", "Parent Relationship": "Inner", "Relation Name": "title", "Alias": "t2", "Startup Cost": 1.49, "Total Cost": 5.5, "Plan Rows": 1, "Plan Width": 21, "Recheck Cond": "(id = ml.linked_movie_id)", "Plans": [{"Node Type": "Bitmap Index Scan", "Parent Relationship": "Outer", "Index Name": "title_pkey", "Startup Cost": 0.0, "Total Cost": 1.49, "Plan Rows": 1, "Plan Width": 0, "Index Cond": "(id = ml.linked_movie_id)"}]}]}]}, "Unique SQL Id": 524435555, "Planner Runtime": 7}, "explain_analyze_plan": {"Plan": {"Node Type": "Aggregate", "Strategy": "Plain", "Startup Cost": 4477.45, "Total Cost": 4477.46, "Plan Rows": 1, "Plan Width": 142, "Actual Startup Time": 60.915, "Actual Total Time": 60.915, "Actual Rows": 1, "Actual Loops": 1, "Plans": [{"Node Type": "Nested Loop", "Parent Relationship": "Outer", "Join Type": "Inner", "Startup Cost": 733.99, "Total Cost": 4476.3, "Plan Rows": 154, "Plan Width": 46, "Actual Startup Time": 60.909, "Actual Total Time": 60.909, "Actual Rows": 0, "Actual Loops": 1, "Inner Unique": true, "Plans": [{"Node Type": "Nested Loop", "Parent Relationship": "Outer", "Join Type": "Inner", "Startup Cost": 732.5, "Total Cost": 3627.12, "Plan Rows": 154, "Plan Width": 33, "Actual Startup Time": 60.907, "Actual Total Time": 60.907, "Actual Rows": 0, "Actual Loops": 1, "Inner Unique": true, "Join Filter": "(ml.link_type_id = lt.id)", "Rows Removed by Join Filter": 0, "Plans": [{"Node Type": "Nested Loop", "Parent Relationship": "Outer", "Join Type": "Inner", "Startup Cost": 724.16, "Total Cost": 3575.3, "Plan Rows": 154, "Plan Width": 25, "Actual Startup Time": 60.907, "Actual Total Time": 60.907, "Actual Rows": 0, "Actual Loops": 1, "Inner Unique": false, "Join Filter": "(t1.id = ml.movie_id)", "Rows Removed by Join Filter": 0, "Plans": [{"Node Type": "Nested Loop", "Parent Relationship": "Outer", "Join Type": "Inner", "Startup Cost": 723.87, "Total Cost": 3429.64, "Plan Rows": 33, "Plan Width": 25, "Actual Startup Time": 59.843, "Actual Total Time": 60.9, "Actual Rows": 1, "Actual Loops": 1, "Inner Unique": true, "Plans": [{"Node Type": "Nested Loop", "Parent Relationship": "Outer", "Join Type": "Inner", "Startup Cost": 723.6, "Total Cost": 3288.12, "Plan Rows": 33, "Plan Width": 4, "Actual Startup Time": 59.827, "Actual Total Time": 60.883, "Actual Rows": 1, "Actual Loops": 1, "Inner Unique": false, "Plans": [{"Node Type": "Bitmap Heap Scan", "Parent Relationship": "Outer", "Relation Name": "keyword", "Alias": "k", "Startup Cost": 719.1, "Total Cost": 3155.21, "Plan Rows": 1, "Plan Width": 4, "Actual Startup Time": 59.791, "Actual Total Time": 60.845, "Actual Rows": 1, "Actual Loops": 1, "Filter": "((keyword)::text = '10,000-mile-club'::text)", "Rows Removed by Filter": 134168, "Exact Heap Blocks": 759, "Lossy Heap Blocks": 759, "Plans": [{"Node Type": "Bitmap Index Scan", "Parent Relationship": "Outer", "Index Name": "keyword_pkey", "Startup Cost": 0.0, "Total Cost": 719.1, "Plan Rows": 134169, "Plan Width": 0, "Actual Startup Time": 11.453, "Actual Total Time": 11.453, "Actual Rows": 134169, "Actual Loops": 1}]}, {"Node Type": "Bitmap Heap Scan", "Parent Relationship": "Inner", "Relation Name": "movie_keyword", "Alias": "mk", "Startup Cost": 4.51, "Total Cost": 132.58, "Plan Rows": 33, "Plan Width": 8, "Actual Startup Time": 0.024, "Actual Total Time": 0.024, "Actual Rows": 1, "Actual Loops": 1, "Recheck Cond": "(keyword_id = k.id)", "Rows Removed by Index Recheck": 0, "Exact Heap Blocks": 1, "Lossy Heap Blocks": 1, "Plans": [{"Node Type": "Bitmap Index Scan", "Parent Relationship": "Outer", "Index Name": "keyword_id_movie_keyword", "Startup Cost": 0.0, "Total Cost": 4.5, "Plan Rows": 33, "Plan Width": 0, "Actual Startup Time": 0.016, "Actual Total Time": 0.016, "Actual Rows": 1, "Actual Loops": 1, "Index Cond": "(keyword_id = k.id)"}]}]}, {"Node Type": "Bitmap Heap Scan", "Parent Relationship": "Inner", "Relation Name": "title", "Alias": "t1", "Startup Cost": 0.27, "Total Cost": 4.28, "Plan Rows": 1, "Plan Width": 21, "Actual Startup Time": 0.012, "Actual Total Time": 0.012, "Actual Rows": 1, "Actual Loops": 1, "Recheck Cond": "(id = mk.movie_id)", "Rows Removed by Index Recheck": 0, "Exact Heap Blocks": 1, "Lossy Heap Blocks": 1, "Plans": [{"Node Type": "Bitmap Index Scan", "Parent Relationship": "Outer", "Index Name": "title_pkey", "Startup Cost": 0.0, "Total Cost": 0.27, "Plan Rows": 1, "Plan Width": 0, "Actual Startup Time": 0.008, "Actual Total Time": 0.008, "Actual Rows": 1, "Actual Loops": 1, "Index Cond": "(id = mk.movie_id)"}]}]}, {"Node Type": "Bitmap Heap Scan", "Parent Relationship": "Inner", "Relation Name": "movie_link", "Alias": "ml", "Startup Cost": 0.29, "Total Cost": 4.35, "Plan Rows": 5, "Plan Width": 12, "Actual Startup Time": 0.004, "Actual Total Time": 0.004, "Actual Rows": 0, "Actual Loops": 1, "Recheck Cond": "(movie_id = mk.movie_id)", "Rows Removed by Index Recheck": 0, "Exact Heap Blocks": 0, "Lossy Heap Blocks": 0, "Plans": [{"Node Type": "Bitmap Index Scan", "Parent Relationship": "Outer", "Index Name": "movie_id_movie_link", "Startup Cost": 0.0, "Total Cost": 0.29, "Plan Rows": 5, "Plan Width": 0, "Actual Startup Time": 0.002, "Actual Total Time": 0.002, "Actual Rows": 0, "Actual Loops": 1, "Index Cond": "(movie_id = mk.movie_id)"}]}]}, {"Node Type": "Materialize", "Parent Relationship": "Inner", "Startup Cost": 8.34, "Total Cost": 12.59, "Plan Rows": 17, "Plan Width": 16, "Actual Startup Time": 0.0, "Actual Total Time": 0.0, "Plans": [{"Node Type": "Bitmap Heap Scan", "Parent Relationship": "Outer", "Relation Name": "link_type", "Alias": "lt", "Startup Cost": 8.34, "Total Cost": 12.51, "Plan Rows": 17, "Plan Width": 16, "Actual Startup Time": 0.0, "Actual Total Time": 0.0, "Exact Heap Blocks": 0, "Lossy Heap Blocks": 0, "Plans": [{"Node Type": "Bitmap Index Scan", "Parent Relationship": "Outer", "Index Name": "link_type_pkey", "Startup Cost": 0.0, "Total Cost": 8.34, "Plan Rows": 17, "Plan Width": 0, "Actual Startup Time": 0.0, "Actual Total Time": 0.0}]}]}]}, {"Node Type": "Bitmap Heap Scan", "Parent Relationship": "Inner", "Relation Name": "title", "Alias": "t2", "Startup Cost": 1.49, "Total Cost": 5.5, "Plan Rows": 1, "Plan Width": 21, "Actual Startup Time": 0.0, "Actual Total Time": 0.0, "Recheck Cond": "(id = ml.linked_movie_id)", "Rows Removed by Index Recheck": 0, "Exact Heap Blocks": 0, "Lossy Heap Blocks": 0, "Plans": [{"Node Type": "Bitmap Index Scan", "Parent Relationship": "Outer", "Index Name": "title_pkey", "Startup Cost": 0.0, "Total Cost": 1.49, "Plan Rows": 1, "Plan Width": 0, "Actual Startup Time": 0.0, "Actual Total Time": 0.0, "Index Cond": "(id = ml.linked_movie_id)"}]}]}]}, "Triggers": [], "Planner Runtime": 3, "Total Runtime": 61.181, "Unique SQL Id": 524435555}}, "(64, 20)": {"explain_plan": {"Plan": {"Node Type": "Aggregate", "Strategy": "Plain", "Startup Cost": 3297.98, "Total Cost": 3297.99, "Plan Rows": 1, "Plan Width": 142, "Plans": [{"Node Type": "Nested Loop", "Parent Relationship": "Outer", "Join Type": "Inner", "Startup Cost": 4.51, "Total Cost": 3296.82, "Plan Rows": 154, "Plan Width": 46, "Inner Unique": true, "Plans": [{"Node Type": "Nested Loop", "Parent Relationship": "Outer", "Join Type": "Inner", "Startup Cost": 4.51, "Total Cost": 2633.25, "Plan Rows": 154, "Plan Width": 33, "Inner Unique": true, "Join Filter": "(ml.link_type_id = lt.id)", "Plans": [{"Node Type": "Nested Loop", "Parent Relationship": "Outer", "Join Type": "Inner", "Startup Cost": 4.51, "Total Cost": 2592.76, "Plan Rows": 154, "Plan Width": 25, "Inner Unique": false, "Plans": [{"Node Type": "Nested Loop", "Parent Relationship": "Outer", "Join Type": "Inner", "Startup Cost": 4.51, "Total Cost": 2579.55, "Plan Rows": 33, "Plan Width": 25, "Inner Unique": true, "Plans": [{"Node Type": "Nested Loop", "Parent Relationship": "Outer", "Join Type": "Inner", "Startup Cost": 4.51, "Total Cost": 2569.02, "Plan Rows": 33, "Plan Width": 4, "Inner Unique": false, "Plans": [{"Node Type": "Seq Scan", "Parent Relationship": "Outer", "Relation Name": "keyword", "Alias": "k", "Startup Cost": 0.0, "Total Cost": 2436.11, "Plan Rows": 1, "Plan Width": 4, "Filter": "((keyword)::text = '10,000-mile-club'::text)"}, {"Node Type": "Bitmap Heap Scan", "Parent Relationship": "Inner", "Relation Name": "movie_keyword", "Alias": "mk", "Startup Cost": 4.51, "Total Cost": 132.58, "Plan Rows": 33, "Plan Width": 8, "Recheck Cond": "(keyword_id = k.id)", "Plans": [{"Node Type": "Bitmap Index Scan", "Parent Relationship": "Outer", "Index Name": "keyword_id_movie_keyword", "Startup Cost": 0.0, "Total Cost": 4.5, "Plan Rows": 33, "Plan Width": 0, "Index Cond": "(keyword_id = k.id)"}]}]}, {"Node Type": "Index Scan", "Parent Relationship": "Inner", "Scan Direction": "Forward", "Index Name": "title_pkey", "Relation Name": "title", "Alias": "t1", "Startup Cost": 0.0, "Total Cost": 0.31, "Plan Rows": 1, "Plan Width": 21, "Index Cond": "(id = mk.movie_id)"}]}, {"Node Type": "Index Scan", "Parent Relationship": "Inner", "Scan Direction": "Forward", "Index Name": "movie_id_movie_link", "Relation Name": "movie_link", "Alias": "ml", "Startup Cost": 0.0, "Total Cost": 0.35, "Plan Rows": 5, "Plan Width": 12, "Index Cond": "(movie_id = t1.id)"}]}, {"Node Type": "Materialize", "Parent Relationship": "Inner", "Startup Cost": 0.0, "Total Cost": 1.25, "Plan Rows": 17, "Plan Width": 16, "Plans": [{"Node Type": "Seq Scan", "Parent Relationship": "Outer", "Relation Name": "link_type", "Alias": "lt", "Startup Cost": 0.0, "Total Cost": 1.17, "Plan Rows": 17, "Plan Width": 16}]}]}, {"Node Type": "Index Scan", "Parent Relationship": "Inner", "Scan Direction": "Forward", "Index Name": "title_pkey", "Relation Name": "title", "Alias": "t2", "Startup Cost": 0.0, "Total Cost": 4.3, "Plan Rows": 1, "Plan Width": 21, "Index Cond": "(id = ml.linked_movie_id)"}]}]}, "Unique SQL Id": 524435555, "Planner Runtime": 13}, "explain_analyze_plan": {"Plan": {"Node Type": "Aggregate", "Strategy": "Plain", "Startup Cost": 3297.98, "Total Cost": 3297.99, "Plan Rows": 1, "Plan Width": 142, "Actual Startup Time": 40.462, "Actual Total Time": 40.462, "Actual Rows": 1, "Actual Loops": 1, "Plans": [{"Node Type": "Nested Loop", "Parent Relationship": "Outer", "Join Type": "Inner", "Startup Cost": 4.51, "Total Cost": 3296.82, "Plan Rows": 154, "Plan Width": 46, "Actual Startup Time": 40.458, "Actual Total Time": 40.458, "Actual Rows": 0, "Actual Loops": 1, "Inner Unique": true, "Plans": [{"Node Type": "Nested Loop", "Parent Relationship": "Outer", "Join Type": "Inner", "Startup Cost": 4.51, "Total Cost": 2633.25, "Plan Rows": 154, "Plan Width": 33, "Actual Startup Time": 40.456, "Actual Total Time": 40.456, "Actual Rows": 0, "Actual Loops": 1, "Inner Unique": true, "Join Filter": "(ml.link_type_id = lt.id)", "Rows Removed by Join Filter": 0, "Plans": [{"Node Type": "Nested Loop", "Parent Relationship": "Outer", "Join Type": "Inner", "Startup Cost": 4.51, "Total Cost": 2592.76, "Plan Rows": 154, "Plan Width": 25, "Actual Startup Time": 40.456, "Actual Total Time": 40.456, "Actual Rows": 0, "Actual Loops": 1, "Inner Unique": false, "Plans": [{"Node Type": "Nested Loop", "Parent Relationship": "Outer", "Join Type": "Inner", "Startup Cost": 4.51, "Total Cost": 2579.55, "Plan Rows": 33, "Plan Width": 25, "Actual Startup Time": 39.589, "Actual Total Time": 40.451, "Actual Rows": 1, "Actual Loops": 1, "Inner Unique": true, "Plans": [{"Node Type": "Nested Loop", "Parent Relationship": "Outer", "Join Type": "Inner", "Startup Cost": 4.51, "Total Cost": 2569.02, "Plan Rows": 33, "Plan Width": 4, "Actual Startup Time": 39.573, "Actual Total Time": 40.434, "Actual Rows": 1, "Actual Loops": 1, "Inner Unique": false, "Plans": [{"Node Type": "Seq Scan", "Parent Relationship": "Outer", "Relation Name": "keyword", "Alias": "k", "Startup Cost": 0.0, "Total Cost": 2436.11, "Plan Rows": 1, "Plan Width": 4, "Actual Startup Time": 39.539, "Actual Total Time": 40.398, "Actual Rows": 1, "Actual Loops": 1, "Filter": "((keyword)::text = '10,000-mile-club'::text)", "Rows Removed by Filter": 134168}, {"Node Type": "Bitmap Heap Scan", "Parent Relationship": "Inner", "Relation Name": "movie_keyword", "Alias": "mk", "Startup Cost": 4.51, "Total Cost": 132.58, "Plan Rows": 33, "Plan Width": 8, "Actual Startup Time": 0.025, "Actual Total Time": 0.026, "Actual Rows": 1, "Actual Loops": 1, "Recheck Cond": "(keyword_id = k.id)", "Rows Removed by Index Recheck": 0, "Exact Heap Blocks": 1, "Lossy Heap Blocks": 1, "Plans": [{"Node Type": "Bitmap Index Scan", "Parent Relationship": "Outer", "Index Name": "keyword_id_movie_keyword", "Startup Cost": 0.0, "Total Cost": 4.5, "Plan Rows": 33, "Plan Width": 0, "Actual Startup Time": 0.016, "Actual Total Time": 0.016, "Actual Rows": 1, "Actual Loops": 1, "Index Cond": "(keyword_id = k.id)"}]}]}, {"Node Type": "Index Scan", "Parent Relationship": "Inner", "Scan Direction": "Forward", "Index Name": "title_pkey", "Relation Name": "title", "Alias": "t1", "Startup Cost": 0.0, "Total Cost": 0.31, "Plan Rows": 1, "Plan Width": 21, "Actual Startup Time": 0.014, "Actual Total Time": 0.014, "Actual Rows": 1, "Actual Loops": 1, "Index Cond": "(id = mk.movie_id)", "Rows Removed by Index Recheck": 0}]}, {"Node Type": "Index Scan", "Parent Relationship": "Inner", "Scan Direction": "Forward", "Index Name": "movie_id_movie_link", "Relation Name": "movie_link", "Alias": "ml", "Startup Cost": 0.0, "Total Cost": 0.35, "Plan Rows": 5, "Plan Width": 12, "Actual Startup Time": 0.003, "Actual Total Time": 0.003, "Actual Rows": 0, "Actual Loops": 1, "Index Cond": "(movie_id = t1.id)", "Rows Removed by Index Recheck": 0}]}, {"Node Type": "Materialize", "Parent Relationship": "Inner", "Startup Cost": 0.0, "Total Cost": 1.25, "Plan Rows": 17, "Plan Width": 16, "Actual Startup Time": 0.0, "Actual Total Time": 0.0, "Plans": [{"Node Type": "Seq Scan", "Parent Relationship": "Outer", "Relation Name": "link_type", "Alias": "lt", "Startup Cost": 0.0, "Total Cost": 1.17, "Plan Rows": 17, "Plan Width": 16, "Actual Startup Time": 0.0, "Actual Total Time": 0.0}]}]}, {"Node Type": "Index Scan", "Parent Relationship": "Inner", "Scan Direction": "Forward", "Index Name": "title_pkey", "Relation Name": "title", "Alias": "t2", "Startup Cost": 0.0, "Total Cost": 4.3, "Plan Rows": 1, "Plan Width": 21, "Actual Startup Time": 0.0, "Actual Total Time": 0.0, "Index Cond": "(id = ml.linked_movie_id)", "Rows Removed by Index Recheck": 0}]}]}, "Triggers": [], "Planner Runtime": 3, "Total Runtime": 40.678, "Unique SQL Id": 524435555}}, "(64, 21)": {"explain_plan": {"Plan": {"Node Type": "Aggregate", "Strategy": "Plain", "Startup Cost": 4047.28, "Total Cost": 4047.29, "Plan Rows": 1, "Plan Width": 142, "Plans": [{"Node Type": "Nested Loop", "Parent Relationship": "Outer", "Join Type": "Inner", "Startup Cost": 4.51, "Total Cost": 4046.12, "Plan Rows": 154, "Plan Width": 46, "Inner Unique": true, "Plans": [{"Node Type": "Nested Loop", "Parent Relationship": "Outer", "Join Type": "Inner", "Startup Cost": 4.51, "Total Cost": 3382.55, "Plan Rows": 154, "Plan Width": 33, "Inner Unique": true, "Plans": [{"Node Type": "Nested Loop", "Parent Relationship": "Outer", "Join Type": "Inner", "Startup Cost": 4.51, "Total Cost": 3339.37, "Plan Rows": 154, "Plan Width": 25, "Inner Unique": false, "Plans": [{"Node Type": "Nested Loop", "Parent Relationship": "Outer", "Join Type": "Inner", "Startup Cost": 4.51, "Total Cost": 3326.15, "Plan Rows": 33, "Plan Width": 25, "Inner Unique": true, "Plans": [{"Node Type": "Nested Loop", "Parent Relationship": "Outer", "Join Type": "Inner", "Startup Cost": 4.51, "Total Cost": 3315.63, "Plan Rows": 33, "Plan Width": 4, "Inner Unique": false, "Plans": [{"Node Type": "Index Scan", "Parent Relationship": "Outer", "Scan Direction": "Forward", "Index Name": "keyword_pkey", "Relation Name": "keyword", "Alias": "k", "Startup Cost": 0.0, "Total Cost": 3182.72, "Plan Rows": 1, "Plan Width": 4, "Filter": "((keyword)::text = '10,000-mile-club'::text)"}, {"Node Type": "Bitmap Heap Scan", "Parent Relationship": "Inner", "Relation Name": "movie_keyword", "Alias": "mk", "Startup Cost": 4.51, "Total Cost": 132.58, "Plan Rows": 33, "Plan Width": 8, "Recheck Cond": "(keyword_id = k.id)", "Plans": [{"Node Type": "Bitmap Index Scan", "Parent Relationship": "Outer", "Index Name": "keyword_id_movie_keyword", "Startup Cost": 0.0, "Total Cost": 4.5, "Plan Rows": 33, "Plan Width": 0, "Index Cond": "(keyword_id = k.id)"}]}]}, {"Node Type": "Index Scan", "Parent Relationship": "Inner", "Scan Direction": "Forward", "Index Name": "title_pkey", "Relation Name": "title", "Alias": "t1", "Startup Cost": 0.0, "Total Cost": 0.31, "Plan Rows": 1, "Plan Width": 21, "Index Cond": "(id = mk.movie_id)"}]}, {"Node Type": "Index Scan", "Parent Relationship": "Inner", "Scan Direction": "Forward", "Index Name": "movie_id_movie_link", "Relation Name": "movie_link", "Alias": "ml", "Startup Cost": 0.0, "Total Cost": 0.35, "Plan Rows": 5, "Plan Width": 12, "Index Cond": "(movie_id = t1.id)"}]}, {"Node Type": "Index Scan", "Parent Relationship": "Inner", "Scan Direction": "Forward", "Index Name": "link_type_pkey", "Relation Name": "link_type", "Alias": "lt", "Startup Cost": 0.0, "Total Cost": 0.27, "Plan Rows": 1, "Plan Width": 16, "Index Cond": "(id = ml.link_type_id)"}]}, {"Node Type": "Index Scan", "Parent Relationship": "Inner", "Scan Direction": "Forward", "Index Name": "title_pkey", "Relation Name": "title", "Alias": "t2", "Startup Cost": 0.0, "Total Cost": 4.3, "Plan Rows": 1, "Plan Width": 21, "Index Cond": "(id = ml.linked_movie_id)"}]}]}, "Unique SQL Id": 524435555, "Planner Runtime": 12}, "explain_analyze_plan": {"Plan": {"Node Type": "Aggregate", "Strategy": "Plain", "Startup Cost": 4047.28, "Total Cost": 4047.29, "Plan Rows": 1, "Plan Width": 142, "Actual Startup Time": 114.984, "Actual Total Time": 114.985, "Actual Rows": 1, "Actual Loops": 1, "Plans": [{"Node Type": "Nested Loop", "Parent Relationship": "Outer", "Join Type": "Inner", "Startup Cost": 4.51, "Total Cost": 4046.12, "Plan Rows": 154, "Plan Width": 46, "Actual Startup Time": 114.978, "Actual Total Time": 114.978, "Actual Rows": 0, "Actual Loops": 1, "Inner Unique": true, "Plans": [{"Node Type": "Nested Loop", "Parent Relationship": "Outer", "Join Type": "Inner", "Startup Cost": 4.51, "Total Cost": 3382.55, "Plan Rows": 154, "Plan Width": 33, "Actual Startup Time": 114.977, "Actual Total Time": 114.977, "Actual Rows": 0, "Actual Loops": 1, "Inner Unique": true, "Plans": [{"Node Type": "Nested Loop", "Parent Relationship": "Outer", "Join Type": "Inner", "Startup Cost": 4.51, "Total Cost": 3339.37, "Plan Rows": 154, "Plan Width": 25, "Actual Startup Time": 114.976, "Actual Total Time": 114.976, "Actual Rows": 0, "Actual Loops": 1, "Inner Unique": false, "Plans": [{"Node Type": "Nested Loop", "Parent Relationship": "Outer", "Join Type": "Inner", "Startup Cost": 4.51, "Total Cost": 3326.15, "Plan Rows": 33, "Plan Width": 25, "Actual Startup Time": 113.117, "Actual Total Time": 114.965, "Actual Rows": 1, "Actual Loops": 1, "Inner Unique": true, "Plans": [{"Node Type": "Nested Loop", "Parent Relationship": "Outer", "Join Type": "Inner", "Startup Cost": 4.51, "Total Cost": 3315.63, "Plan Rows": 33, "Plan Width": 4, "Actual Startup Time": 113.093, "Actual Total Time": 114.94, "Actual Rows": 1, "Actual Loops": 1, "Inner Unique": false, "Plans": [{"Node Type": "Index Scan", "Parent Relationship": "Outer", "Scan Direction": "Forward", "Index Name": "keyword_pkey", "Relation Name": "keyword", "Alias": "k", "Startup Cost": 0.0, "Total Cost": 3182.72, "Plan Rows": 1, "Plan Width": 4, "Actual Startup Time": 113.04, "Actual Total Time": 114.886, "Actual Rows": 1, "Actual Loops": 1, "Filter": "((keyword)::text = '10,000-mile-club'::text)", "Rows Removed by Filter": 134168}, {"Node Type": "Bitmap Heap Scan", "Parent Relationship": "Inner", "Relation Name": "movie_keyword", "Alias": "mk", "Startup Cost": 4.51, "Total Cost": 132.58, "Plan Rows": 33, "Plan Width": 8, "Actual Startup Time": 0.033, "Actual Total Time": 0.033, "Actual Rows": 1, "Actual Loops": 1, "Recheck Cond": "(keyword_id = k.id)", "Rows Removed by Index Recheck": 0, "Exact Heap Blocks": 1, "Lossy Heap Blocks": 1, "Plans": [{"Node Type": "Bitmap Index Scan", "Parent Relationship": "Outer", "Index Name": "keyword_id_movie_keyword", "Startup Cost": 0.0, "Total Cost": 4.5, "Plan Rows": 33, "Plan Width": 0, "Actual Startup Time": 0.02, "Actual Total Time": 0.02, "Actual Rows": 1, "Actual Loops": 1, "Index Cond": "(keyword_id = k.id)"}]}]}, {"Node Type": "Index Scan", "Parent Relationship": "Inner", "Scan Direction": "Forward", "Index Name": "title_pkey", "Relation Name": "title", "Alias": "t1", "Startup Cost": 0.0, "Total Cost": 0.31, "Plan Rows": 1, "Plan Width": 21, "Actual Startup Time": 0.017, "Actual Total Time": 0.017, "Actual Rows": 1, "Actual Loops": 1, "Index Cond": "(id = mk.movie_id)", "Rows Removed by Index Recheck": 0}]}, {"Node Type": "Index Scan", "Parent Relationship": "Inner", "Scan Direction": "Forward", "Index Name": "movie_id_movie_link", "Relation Name": "movie_link", "Alias": "ml", "Startup Cost": 0.0, "Total Cost": 0.35, "Plan Rows": 5, "Plan Width": 12, "Actual Startup Time": 0.006, "Actual Total Time": 0.006, "Actual Rows": 0, "Actual Loops": 1, "Index Cond": "(movie_id = t1.id)", "Rows Removed by Index Recheck": 0}]}, {"Node Type": "Index Scan", "Parent Relationship": "Inner", "Scan Direction": "Forward", "Index Name": "link_type_pkey", "Relation Name": "link_type", "Alias": "lt", "Startup Cost": 0.0, "Total Cost": 0.27, "Plan Rows": 1, "Plan Width": 16, "Actual Startup Time": 0.0, "Actual Total Time": 0.0, "Index Cond": "(id = ml.link_type_id)", "Rows Removed by Index Recheck": 0}]}, {"Node Type": "Index Scan", "Parent Relationship": "Inner", "Scan Direction": "Forward", "Index Name": "title_pkey", "Relation Name": "title", "Alias": "t2", "Startup Cost": 0.0, "Total Cost": 4.3, "Plan Rows": 1, "Plan Width": 21, "Actual Startup Time": 0.0, "Actual Total Time": 0.0, "Index Cond": "(id = ml.linked_movie_id)", "Rows Removed by Index Recheck": 0}]}]}, "Triggers": [], "Planner Runtime": 2, "Total Runtime": 115.266, "Unique SQL Id": 524435555}}, "(64, 22)": {"explain_plan": {"Plan": {"Node Type": "Aggregate", "Strategy": "Plain", "Startup Cost": 3747.02, "Total Cost": 3747.03, "Plan Rows": 1, "Plan Width": 142, "Plans": [{"Node Type": "Nested Loop", "Parent Relationship": "Outer", "Join Type": "Inner", "Startup Cost": 6.55, "Total Cost": 3745.86, "Plan Rows": 154, "Plan Width": 46, "Inner Unique": true, "Plans": [{"Node Type": "Nested Loop", "Parent Relationship": "Outer", "Join Type": "Inner", "Startup Cost": 5.06, "Total Cost": 2896.68, "Plan Rows": 154, "Plan Width": 33, "Inner Unique": true, "Join Filter": "(ml.link_type_id = lt.id)", "Plans": [{"Node Type": "Nested Loop", "Parent Relationship": "Outer", "Join Type": "Inner", "Startup Cost": 5.06, "Total Cost": 2856.2, "Plan Rows": 154, "Plan Width": 25, "Inner Unique": false, "Join Filter": "(t1.id = ml.movie_id)", "Plans": [{"Node Type": "Nested Loop", "Parent Relationship": "Outer", "Join Type": "Inner", "Startup Cost": 4.77, "Total Cost": 2710.54, "Plan Rows": 33, "Plan Width": 25, "Inner Unique": true, "Plans": [{"Node Type": "Nested Loop", "Parent Relationship": "Outer", "Join Type": "Inner", "Startup Cost": 4.51, "Total Cost": 2569.02, "Plan Rows": 33, "Plan Width": 4, "Inner Unique": false, "Plans": [{"Node Type": "Seq Scan", "Parent Relationship": "Outer", "Relation Name": "keyword", "Alias": "k", "Startup Cost": 0.0, "Total Cost": 2436.11, "Plan Rows": 1, "Plan Width": 4, "Filter": "((keyword)::text = '10,000-mile-club'::text)"}, {"Node Type": "Bitmap Heap Scan", "Parent Relationship": "Inner", "Relation Name": "movie_keyword", "Alias": "mk", "Startup Cost": 4.51, "Total Cost": 132.58, "Plan Rows": 33, "Plan Width": 8, "Recheck Cond": "(keyword_id = k.id)", "Plans": [{"Node Type": "Bitmap Index Scan", "Parent Relationship": "Outer", "Index Name": "keyword_id_movie_keyword", "Startup Cost": 0.0, "Total Cost": 4.5, "Plan Rows": 33, "Plan Width": 0, "Index Cond": "(keyword_id = k.id)"}]}]}, {"Node Type": "Bitmap Heap Scan", "Parent Relationship": "Inner", "Relation Name": "title", "Alias": "t1", "Startup Cost": 0.27, "Total Cost": 4.28, "Plan Rows": 1, "Plan Width": 21, "Recheck Cond": "(id = mk.movie_id)", "Plans": [{"Node Type": "Bitmap Index Scan", "Parent Relationship": "Outer", "Index Name": "title_pkey", "Startup Cost": 0.0, "Total Cost": 0.27, "Plan Rows": 1, "Plan Width": 0, "Index Cond": "(id = mk.movie_id)"}]}]}, {"Node Type": "Bitmap Heap Scan", "Parent Relationship": "Inner", "Relation Name": "movie_link", "Alias": "ml", "Startup Cost": 0.29, "Total Cost": 4.35, "Plan Rows": 5, "Plan Width": 12, "Recheck Cond": "(movie_id = mk.movie_id)", "Plans": [{"Node Type": "Bitmap Index Scan", "Parent Relationship": "Outer", "Index Name": "movie_id_movie_link", "Startup Cost": 0.0, "Total Cost": 0.29, "Plan Rows": 5, "Plan Width": 0, "Index Cond": "(movie_id = mk.movie_id)"}]}]}, {"Node Type": "Materialize", "Parent Relationship": "Inner", "Startup Cost": 0.0, "Total Cost": 1.25, "Plan Rows": 17, "Plan Width": 16, "Plans": [{"Node Type": "Seq Scan", "Parent Relationship": "Outer", "Relation Name": "link_type", "Alias": "lt", "Startup Cost": 0.0, "Total Cost": 1.17, "Plan Rows": 17, "Plan Width": 16}]}]}, {"Node Type": "Bitmap Heap Scan", "Parent Relationship": "Inner", "Relation Name": "title", "Alias": "t2", "Startup Cost": 1.49, "Total Cost": 5.5, "Plan Rows": 1, "Plan Width": 21, "Recheck Cond": "(id = ml.linked_movie_id)", "Plans": [{"Node Type": "Bitmap Index Scan", "Parent Relationship": "Outer", "Index Name": "title_pkey", "Startup Cost": 0.0, "Total Cost": 1.49, "Plan Rows": 1, "Plan Width": 0, "Index Cond": "(id = ml.linked_movie_id)"}]}]}]}, "Unique SQL Id": 524435555, "Planner Runtime": 8}, "explain_analyze_plan": {"Plan": {"Node Type": "Aggregate", "Strategy": "Plain", "Startup Cost": 3747.02, "Total Cost": 3747.03, "Plan Rows": 1, "Plan Width": 142, "Actual Startup Time": 40.475, "Actual Total Time": 40.475, "Actual Rows": 1, "Actual Loops": 1, "Plans": [{"Node Type": "Nested Loop", "Parent Relationship": "Outer", "Join Type": "Inner", "Startup Cost": 6.55, "Total Cost": 3745.86, "Plan Rows": 154, "Plan Width": 46, "Actual Startup Time": 40.471, "Actual Total Time": 40.471, "Actual Rows": 0, "Actual Loops": 1, "Inner Unique": true, "Plans": [{"Node Type": "Nested Loop", "Parent Relationship": "Outer", "Join Type": "Inner", "Startup Cost": 5.06, "Total Cost": 2896.68, "Plan Rows": 154, "Plan Width": 33, "Actual Startup Time": 40.47, "Actual Total Time": 40.47, "Actual Rows": 0, "Actual Loops": 1, "Inner Unique": true, "Join Filter": "(ml.link_type_id = lt.id)", "Rows Removed by Join Filter": 0, "Plans": [{"Node Type": "Nested Loop", "Parent Relationship": "Outer", "Join Type": "Inner", "Startup Cost": 5.06, "Total Cost": 2856.2, "Plan Rows": 154, "Plan Width": 25, "Actual Startup Time": 40.469, "Actual Total Time": 40.469, "Actual Rows": 0, "Actual Loops": 1, "Inner Unique": false, "Join Filter": "(t1.id = ml.movie_id)", "Rows Removed by Join Filter": 0, "Plans": [{"Node Type": "Nested Loop", "Parent Relationship": "Outer", "Join Type": "Inner", "Startup Cost": 4.77, "Total Cost": 2710.54, "Plan Rows": 33, "Plan Width": 25, "Actual Startup Time": 39.597, "Actual Total Time": 40.461, "Actual Rows": 1, "Actual Loops": 1, "Inner Unique": true, "Plans": [{"Node Type": "Nested Loop", "Parent Relationship": "Outer", "Join Type": "Inner", "Startup Cost": 4.51, "Total Cost": 2569.02, "Plan Rows": 33, "Plan Width": 4, "Actual Startup Time": 39.583, "Actual Total Time": 40.447, "Actual Rows": 1, "Actual Loops": 1, "Inner Unique": false, "Plans": [{"Node Type": "Seq Scan", "Parent Relationship": "Outer", "Relation Name": "keyword", "Alias": "k", "Startup Cost": 0.0, "Total Cost": 2436.11, "Plan Rows": 1, "Plan Width": 4, "Actual Startup Time": 39.546, "Actual Total Time": 40.408, "Actual Rows": 1, "Actual Loops": 1, "Filter": "((keyword)::text = '10,000-mile-club'::text)", "Rows Removed by Filter": 134168}, {"Node Type": "Bitmap Heap Scan", "Parent Relationship": "Inner", "Relation Name": "movie_keyword", "Alias": "mk", "Startup Cost": 4.51, "Total Cost": 132.58, "Plan Rows": 33, "Plan Width": 8, "Actual Startup Time": 0.029, "Actual Total Time": 0.03, "Actual Rows": 1, "Actual Loops": 1, "Recheck Cond": "(keyword_id = k.id)", "Rows Removed by Index Recheck": 0, "Exact Heap Blocks": 1, "Lossy Heap Blocks": 1, "Plans": [{"Node Type": "Bitmap Index Scan", "Parent Relationship": "Outer", "Index Name": "keyword_id_movie_keyword", "Startup Cost": 0.0, "Total Cost": 4.5, "Plan Rows": 33, "Plan Width": 0, "Actual Startup Time": 0.021, "Actual Total Time": 0.021, "Actual Rows": 1, "Actual Loops": 1, "Index Cond": "(keyword_id = k.id)"}]}]}, {"Node Type": "Bitmap Heap Scan", "Parent Relationship": "Inner", "Relation Name": "title", "Alias": "t1", "Startup Cost": 0.27, "Total Cost": 4.28, "Plan Rows": 1, "Plan Width": 21, "Actual Startup Time": 0.012, "Actual Total Time": 0.012, "Actual Rows": 1, "Actual Loops": 1, "Recheck Cond": "(id = mk.movie_id)", "Rows Removed by Index Recheck": 0, "Exact Heap Blocks": 1, "Lossy Heap Blocks": 1, "Plans": [{"Node Type": "Bitmap Index Scan", "Parent Relationship": "Outer", "Index Name": "title_pkey", "Startup Cost": 0.0, "Total Cost": 0.27, "Plan Rows": 1, "Plan Width": 0, "Actual Startup Time": 0.008, "Actual Total Time": 0.008, "Actual Rows": 1, "Actual Loops": 1, "Index Cond": "(id = mk.movie_id)"}]}]}, {"Node Type": "Bitmap Heap Scan", "Parent Relationship": "Inner", "Relation Name": "movie_link", "Alias": "ml", "Startup Cost": 0.29, "Total Cost": 4.35, "Plan Rows": 5, "Plan Width": 12, "Actual Startup Time": 0.005, "Actual Total Time": 0.005, "Actual Rows": 0, "Actual Loops": 1, "Recheck Cond": "(movie_id = mk.movie_id)", "Rows Removed by Index Recheck": 0, "Exact Heap Blocks": 0, "Lossy Heap Blocks": 0, "Plans": [{"Node Type": "Bitmap Index Scan", "Parent Relationship": "Outer", "Index Name": "movie_id_movie_link", "Startup Cost": 0.0, "Total Cost": 0.29, "Plan Rows": 5, "Plan Width": 0, "Actual Startup Time": 0.003, "Actual Total Time": 0.003, "Actual Rows": 0, "Actual Loops": 1, "Index Cond": "(movie_id = mk.movie_id)"}]}]}, {"Node Type": "Materialize", "Parent Relationship": "Inner", "Startup Cost": 0.0, "Total Cost": 1.25, "Plan Rows": 17, "Plan Width": 16, "Actual Startup Time": 0.0, "Actual Total Time": 0.0, "Plans": [{"Node Type": "Seq Scan", "Parent Relationship": "Outer", "Relation Name": "link_type", "Alias": "lt", "Startup Cost": 0.0, "Total Cost": 1.17, "Plan Rows": 17, "Plan Width": 16, "Actual Startup Time": 0.0, "Actual Total Time": 0.0}]}]}, {"Node Type": "Bitmap Heap Scan", "Parent Relationship": "Inner", "Relation Name": "title", "Alias": "t2", "Startup Cost": 1.49, "Total Cost": 5.5, "Plan Rows": 1, "Plan Width": 21, "Actual Startup Time": 0.0, "Actual Total Time": 0.0, "Recheck Cond": "(id = ml.linked_movie_id)", "Rows Removed by Index Recheck": 0, "Exact Heap Blocks": 0, "Lossy Heap Blocks": 0, "Plans": [{"Node Type": "Bitmap Index Scan", "Parent Relationship": "Outer", "Index Name": "title_pkey", "Startup Cost": 0.0, "Total Cost": 1.49, "Plan Rows": 1, "Plan Width": 0, "Actual Startup Time": 0.0, "Actual Total Time": 0.0, "Index Cond": "(id = ml.linked_movie_id)"}]}]}]}, "Triggers": [], "Planner Runtime": 4, "Total Runtime": 40.699, "Unique SQL Id": 524435555}}, "(64, 23)": {"explain_plan": {"Plan": {"Node Type": "Aggregate", "Strategy": "Plain", "Startup Cost": 4477.45, "Total Cost": 4477.46, "Plan Rows": 1, "Plan Width": 142, "Plans": [{"Node Type": "Nested Loop", "Parent Relationship": "Outer", "Join Type": "Inner", "Startup Cost": 733.99, "Total Cost": 4476.3, "Plan Rows": 154, "Plan Width": 46, "Inner Unique": true, "Plans": [{"Node Type": "Nested Loop", "Parent Relationship": "Outer", "Join Type": "Inner", "Startup Cost": 732.5, "Total Cost": 3627.12, "Plan Rows": 154, "Plan Width": 33, "Inner Unique": true, "Join Filter": "(ml.link_type_id = lt.id)", "Plans": [{"Node Type": "Nested Loop", "Parent Relationship": "Outer", "Join Type": "Inner", "Startup Cost": 724.16, "Total Cost": 3575.3, "Plan Rows": 154, "Plan Width": 25, "Inner Unique": false, "Join Filter": "(t1.id = ml.movie_id)", "Plans": [{"Node Type": "Nested Loop", "Parent Relationship": "Outer", "Join Type": "Inner", "Startup Cost": 723.87, "Total Cost": 3429.64, "Plan Rows": 33, "Plan Width": 25, "Inner Unique": true, "Plans": [{"Node Type": "Nested Loop", "Parent Relationship": "Outer", "Join Type": "Inner", "Startup Cost": 723.6, "Total Cost": 3288.12, "Plan Rows": 33, "Plan Width": 4, "Inner Unique": false, "Plans": [{"Node Type": "Bitmap Heap Scan", "Parent Relationship": "Outer", "Relation Name": "keyword", "Alias": "k", "Startup Cost": 719.1, "Total Cost": 3155.21, "Plan Rows": 1, "Plan Width": 4, "Filter": "((keyword)::text = '10,000-mile-club'::text)", "Plans": [{"Node Type": "Bitmap Index Scan", "Parent Relationship": "Outer", "Index Name": "keyword_pkey", "Startup Cost": 0.0, "Total Cost": 719.1, "Plan Rows": 134169, "Plan Width": 0}]}, {"Node Type": "Bitmap Heap Scan", "Parent Relationship": "Inner", "Relation Name": "movie_keyword", "Alias": "mk", "Startup Cost": 4.51, "Total Cost": 132.58, "Plan Rows": 33, "Plan Width": 8, "Recheck Cond": "(keyword_id = k.id)", "Plans": [{"Node Type": "Bitmap Index Scan", "Parent Relationship": "Outer", "Index Name": "keyword_id_movie_keyword", "Startup Cost": 0.0, "Total Cost": 4.5, "Plan Rows": 33, "Plan Width": 0, "Index Cond": "(keyword_id = k.id)"}]}]}, {"Node Type": "Bitmap Heap Scan", "Parent Relationship": "Inner", "Relation Name": "title", "Alias": "t1", "Startup Cost": 0.27, "Total Cost": 4.28, "Plan Rows": 1, "Plan Width": 21, "Recheck Cond": "(id = mk.movie_id)", "Plans": [{"Node Type": "Bitmap Index Scan", "Parent Relationship": "Outer", "Index Name": "title_pkey", "Startup Cost": 0.0, "Total Cost": 0.27, "Plan Rows": 1, "Plan Width": 0, "Index Cond": "(id = mk.movie_id)"}]}]}, {"Node Type": "Bitmap Heap Scan", "Parent Relationship": "Inner", "Relation Name": "movie_link", "Alias": "ml", "Startup Cost": 0.29, "Total Cost": 4.35, "Plan Rows": 5, "Plan Width": 12, "Recheck Cond": "(movie_id = mk.movie_id)", "Plans": [{"Node Type": "Bitmap Index Scan", "Parent Relationship": "Outer", "Index Name": "movie_id_movie_link", "Startup Cost": 0.0, "Total Cost": 0.29, "Plan Rows": 5, "Plan Width": 0, "Index Cond": "(movie_id = mk.movie_id)"}]}]}, {"Node Type": "Materialize", "Parent Relationship": "Inner", "Startup Cost": 8.34, "Total Cost": 12.59, "Plan Rows": 17, "Plan Width": 16, "Plans": [{"Node Type": "Bitmap Heap Scan", "Parent Relationship": "Outer", "Relation Name": "link_type", "Alias": "lt", "Startup Cost": 8.34, "Total Cost": 12.51, "Plan Rows": 17, "Plan Width": 16, "Plans": [{"Node Type": "Bitmap Index Scan", "Parent Relationship": "Outer", "Index Name": "link_type_pkey", "Startup Cost": 0.0, "Total Cost": 8.34, "Plan Rows": 17, "Plan Width": 0}]}]}]}, {"Node Type": "Bitmap Heap Scan", "Parent Relationship": "Inner", "Relation Name": "title", "Alias": "t2", "Startup Cost": 1.49, "Total Cost": 5.5, "Plan Rows": 1, "Plan Width": 21, "Recheck Cond": "(id = ml.linked_movie_id)", "Plans": [{"Node Type": "Bitmap Index Scan", "Parent Relationship": "Outer", "Index Name": "title_pkey", "Startup Cost": 0.0, "Total Cost": 1.49, "Plan Rows": 1, "Plan Width": 0, "Index Cond": "(id = ml.linked_movie_id)"}]}]}]}, "Unique SQL Id": 524435555, "Planner Runtime": 7}, "explain_analyze_plan": {"Plan": {"Node Type": "Aggregate", "Strategy": "Plain", "Startup Cost": 4477.45, "Total Cost": 4477.46, "Plan Rows": 1, "Plan Width": 142, "Actual Startup Time": 60.915, "Actual Total Time": 60.915, "Actual Rows": 1, "Actual Loops": 1, "Plans": [{"Node Type": "Nested Loop", "Parent Relationship": "Outer", "Join Type": "Inner", "Startup Cost": 733.99, "Total Cost": 4476.3, "Plan Rows": 154, "Plan Width": 46, "Actual Startup Time": 60.909, "Actual Total Time": 60.909, "Actual Rows": 0, "Actual Loops": 1, "Inner Unique": true, "Plans": [{"Node Type": "Nested Loop", "Parent Relationship": "Outer", "Join Type": "Inner", "Startup Cost": 732.5, "Total Cost": 3627.12, "Plan Rows": 154, "Plan Width": 33, "Actual Startup Time": 60.907, "Actual Total Time": 60.907, "Actual Rows": 0, "Actual Loops": 1, "Inner Unique": true, "Join Filter": "(ml.link_type_id = lt.id)", "Rows Removed by Join Filter": 0, "Plans": [{"Node Type": "Nested Loop", "Parent Relationship": "Outer", "Join Type": "Inner", "Startup Cost": 724.16, "Total Cost": 3575.3, "Plan Rows": 154, "Plan Width": 25, "Actual Startup Time": 60.907, "Actual Total Time": 60.907, "Actual Rows": 0, "Actual Loops": 1, "Inner Unique": false, "Join Filter": "(t1.id = ml.movie_id)", "Rows Removed by Join Filter": 0, "Plans": [{"Node Type": "Nested Loop", "Parent Relationship": "Outer", "Join Type": "Inner", "Startup Cost": 723.87, "Total Cost": 3429.64, "Plan Rows": 33, "Plan Width": 25, "Actual Startup Time": 59.843, "Actual Total Time": 60.9, "Actual Rows": 1, "Actual Loops": 1, "Inner Unique": true, "Plans": [{"Node Type": "Nested Loop", "Parent Relationship": "Outer", "Join Type": "Inner", "Startup Cost": 723.6, "Total Cost": 3288.12, "Plan Rows": 33, "Plan Width": 4, "Actual Startup Time": 59.827, "Actual Total Time": 60.883, "Actual Rows": 1, "Actual Loops": 1, "Inner Unique": false, "Plans": [{"Node Type": "Bitmap Heap Scan", "Parent Relationship": "Outer", "Relation Name": "keyword", "Alias": "k", "Startup Cost": 719.1, "Total Cost": 3155.21, "Plan Rows": 1, "Plan Width": 4, "Actual Startup Time": 59.791, "Actual Total Time": 60.845, "Actual Rows": 1, "Actual Loops": 1, "Filter": "((keyword)::text = '10,000-mile-club'::text)", "Rows Removed by Filter": 134168, "Exact Heap Blocks": 759, "Lossy Heap Blocks": 759, "Plans": [{"Node Type": "Bitmap Index Scan", "Parent Relationship": "Outer", "Index Name": "keyword_pkey", "Startup Cost": 0.0, "Total Cost": 719.1, "Plan Rows": 134169, "Plan Width": 0, "Actual Startup Time": 11.453, "Actual Total Time": 11.453, "Actual Rows": 134169, "Actual Loops": 1}]}, {"Node Type": "Bitmap Heap Scan", "Parent Relationship": "Inner", "Relation Name": "movie_keyword", "Alias": "mk", "Startup Cost": 4.51, "Total Cost": 132.58, "Plan Rows": 33, "Plan Width": 8, "Actual Startup Time": 0.024, "Actual Total Time": 0.024, "Actual Rows": 1, "Actual Loops": 1, "Recheck Cond": "(keyword_id = k.id)", "Rows Removed by Index Recheck": 0, "Exact Heap Blocks": 1, "Lossy Heap Blocks": 1, "Plans": [{"Node Type": "Bitmap Index Scan", "Parent Relationship": "Outer", "Index Name": "keyword_id_movie_keyword", "Startup Cost": 0.0, "Total Cost": 4.5, "Plan Rows": 33, "Plan Width": 0, "Actual Startup Time": 0.016, "Actual Total Time": 0.016, "Actual Rows": 1, "Actual Loops": 1, "Index Cond": "(keyword_id = k.id)"}]}]}, {"Node Type": "Bitmap Heap Scan", "Parent Relationship": "Inner", "Relation Name": "title", "Alias": "t1", "Startup Cost": 0.27, "Total Cost": 4.28, "Plan Rows": 1, "Plan Width": 21, "Actual Startup Time": 0.012, "Actual Total Time": 0.012, "Actual Rows": 1, "Actual Loops": 1, "Recheck Cond": "(id = mk.movie_id)", "Rows Removed by Index Recheck": 0, "Exact Heap Blocks": 1, "Lossy Heap Blocks": 1, "Plans": [{"Node Type": "Bitmap Index Scan", "Parent Relationship": "Outer", "Index Name": "title_pkey", "Startup Cost": 0.0, "Total Cost": 0.27, "Plan Rows": 1, "Plan Width": 0, "Actual Startup Time": 0.008, "Actual Total Time": 0.008, "Actual Rows": 1, "Actual Loops": 1, "Index Cond": "(id = mk.movie_id)"}]}]}, {"Node Type": "Bitmap Heap Scan", "Parent Relationship": "Inner", "Relation Name": "movie_link", "Alias": "ml", "Startup Cost": 0.29, "Total Cost": 4.35, "Plan Rows": 5, "Plan Width": 12, "Actual Startup Time": 0.004, "Actual Total Time": 0.004, "Actual Rows": 0, "Actual Loops": 1, "Recheck Cond": "(movie_id = mk.movie_id)", "Rows Removed by Index Recheck": 0, "Exact Heap Blocks": 0, "Lossy Heap Blocks": 0, "Plans": [{"Node Type": "Bitmap Index Scan", "Parent Relationship": "Outer", "Index Name": "movie_id_movie_link", "Startup Cost": 0.0, "Total Cost": 0.29, "Plan Rows": 5, "Plan Width": 0, "Actual Startup Time": 0.002, "Actual Total Time": 0.002, "Actual Rows": 0, "Actual Loops": 1, "Index Cond": "(movie_id = mk.movie_id)"}]}]}, {"Node Type": "Materialize", "Parent Relationship": "Inner", "Startup Cost": 8.34, "Total Cost": 12.59, "Plan Rows": 17, "Plan Width": 16, "Actual Startup Time": 0.0, "Actual Total Time": 0.0, "Plans": [{"Node Type": "Bitmap Heap Scan", "Parent Relationship": "Outer", "Relation Name": "link_type", "Alias": "lt", "Startup Cost": 8.34, "Total Cost": 12.51, "Plan Rows": 17, "Plan Width": 16, "Actual Startup Time": 0.0, "Actual Total Time": 0.0, "Exact Heap Blocks": 0, "Lossy Heap Blocks": 0, "Plans": [{"Node Type": "Bitmap Index Scan", "Parent Relationship": "Outer", "Index Name": "link_type_pkey", "Startup Cost": 0.0, "Total Cost": 8.34, "Plan Rows": 17, "Plan Width": 0, "Actual Startup Time": 0.0, "Actual Total Time": 0.0}]}]}]}, {"Node Type": "Bitmap Heap Scan", "Parent Relationship": "Inner", "Relation Name": "title", "Alias": "t2", "Startup Cost": 1.49, "Total Cost": 5.5, "Plan Rows": 1, "Plan Width": 21, "Actual Startup Time": 0.0, "Actual Total Time": 0.0, "Recheck Cond": "(id = ml.linked_movie_id)", "Rows Removed by Index Recheck": 0, "Exact Heap Blocks": 0, "Lossy Heap Blocks": 0, "Plans": [{"Node Type": "Bitmap Index Scan", "Parent Relationship": "Outer", "Index Name": "title_pkey", "Startup Cost": 0.0, "Total Cost": 1.49, "Plan Rows": 1, "Plan Width": 0, "Actual Startup Time": 0.0, "Actual Total Time": 0.0, "Index Cond": "(id = ml.linked_movie_id)"}]}]}]}, "Triggers": [], "Planner Runtime": 3, "Total Runtime": 61.181, "Unique SQL Id": 524435555}}, "(64, 24)": {"explain_plan": {"Plan": {"Node Type": "Aggregate", "Strategy": "Plain", "Startup Cost": 3302.27, "Total Cost": 3302.28, "Plan Rows": 1, "Plan Width": 142, "Plans": [{"Node Type": "Nested Loop", "Parent Relationship": "Outer", "Join Type": "Inner", "Startup Cost": 0.0, "Total Cost": 3301.12, "Plan Rows": 154, "Plan Width": 46, "Inner Unique": true, "Plans": [{"Node Type": "Nested Loop", "Parent Relationship": "Outer", "Join Type": "Inner", "Startup Cost": 0.0, "Total Cost": 2637.54, "Plan Rows": 154, "Plan Width": 33, "Inner Unique": true, "Join Filter": "(ml.link_type_id = lt.id)", "Plans": [{"Node Type": "Nested Loop", "Parent Relationship": "Outer", "Join Type": "Inner", "Startup Cost": 0.0, "Total Cost": 2597.06, "Plan Rows": 154, "Plan Width": 25, "Inner Unique": false, "Plans": [{"Node Type": "Nested Loop", "Parent Relationship": "Outer", "Join Type": "Inner", "Startup Cost": 0.0, "Total Cost": 2583.84, "Plan Rows": 33, "Plan Width": 25, "Inner Unique": true, "Plans": [{"Node Type": "Nested Loop", "Parent Relationship": "Outer", "Join Type": "Inner", "Startup Cost": 0.0, "Total Cost": 2573.32, "Plan Rows": 33, "Plan Width": 4, "Inner Unique": false, "Plans": [{"Node Type": "Seq Scan", "Parent Relationship": "Outer", "Relation Name": "keyword", "Alias": "k", "Startup Cost": 0.0, "Total Cost": 2436.11, "Plan Rows": 1, "Plan Width": 4, "Filter": "((keyword)::text = '10,000-mile-club'::text)"}, {"Node Type": "Index Scan", "Parent Relationship": "Inner", "Scan Direction": "Forward", "Index Name": "keyword_id_movie_keyword", "Relation Name": "movie_keyword", "Alias": "mk", "Startup Cost": 0.0, "Total Cost": 136.88, "Plan Rows": 33, "Plan Width": 8, "Index Cond": "(keyword_id = k.id)"}]}, {"Node Type": "Index Scan", "Parent Relationship": "Inner", "Scan Direction": "Forward", "Index Name": "title_pkey", "Relation Name": "title", "Alias": "t1", "Startup Cost": 0.0, "Total Cost": 0.31, "Plan Rows": 1, "Plan Width": 21, "Index Cond": "(id = mk.movie_id)"}]}, {"Node Type": "Index Scan", "Parent Relationship": "Inner", "Scan Direction": "Forward", "Index Name": "movie_id_movie_link", "Relation Name": "movie_link", "Alias": "ml", "Startup Cost": 0.0, "Total Cost": 0.35, "Plan Rows": 5, "Plan Width": 12, "Index Cond": "(movie_id = t1.id)"}]}, {"Node Type": "Materialize", "Parent Relationship": "Inner", "Startup Cost": 0.0, "Total Cost": 1.25, "Plan Rows": 17, "Plan Width": 16, "Plans": [{"Node Type": "Seq Scan", "Parent Relationship": "Outer", "Relation Name": "link_type", "Alias": "lt", "Startup Cost": 0.0, "Total Cost": 1.17, "Plan Rows": 17, "Plan Width": 16}]}]}, {"Node Type": "Index Scan", "Parent Relationship": "Inner", "Scan Direction": "Forward", "Index Name": "title_pkey", "Relation Name": "title", "Alias": "t2", "Startup Cost": 0.0, "Total Cost": 4.3, "Plan Rows": 1, "Plan Width": 21, "Index Cond": "(id = ml.linked_movie_id)"}]}]}, "Unique SQL Id": 524435555, "Planner Runtime": 12}, "explain_analyze_plan": {"Plan": {"Node Type": "Aggregate", "Strategy": "Plain", "Startup Cost": 3302.27, "Total Cost": 3302.28, "Plan Rows": 1, "Plan Width": 142, "Actual Startup Time": 40.351, "Actual Total Time": 40.351, "Actual Rows": 1, "Actual Loops": 1, "Plans": [{"Node Type": "Nested Loop", "Parent Relationship": "Outer", "Join Type": "Inner", "Startup Cost": 0.0, "Total Cost": 3301.12, "Plan Rows": 154, "Plan Width": 46, "Actual Startup Time": 40.346, "Actual Total Time": 40.346, "Actual Rows": 0, "Actual Loops": 1, "Inner Unique": true, "Plans": [{"Node Type": "Nested Loop", "Parent Relationship": "Outer", "Join Type": "Inner", "Startup Cost": 0.0, "Total Cost": 2637.54, "Plan Rows": 154, "Plan Width": 33, "Actual Startup Time": 40.345, "Actual Total Time": 40.345, "Actual Rows": 0, "Actual Loops": 1, "Inner Unique": true, "Join Filter": "(ml.link_type_id = lt.id)", "Rows Removed by Join Filter": 0, "Plans": [{"Node Type": "Nested Loop", "Parent Relationship": "Outer", "Join Type": "Inner", "Startup Cost": 0.0, "Total Cost": 2597.06, "Plan Rows": 154, "Plan Width": 25, "Actual Startup Time": 40.345, "Actual Total Time": 40.345, "Actual Rows": 0, "Actual Loops": 1, "Inner Unique": false, "Plans": [{"Node Type": "Nested Loop", "Parent Relationship": "Outer", "Join Type": "Inner", "Startup Cost": 0.0, "Total Cost": 2583.84, "Plan Rows": 33, "Plan Width": 25, "Actual Startup Time": 39.48, "Actual Total Time": 40.34, "Actual Rows": 1, "Actual Loops": 1, "Inner Unique": true, "Plans": [{"Node Type": "Nested Loop", "Parent Relationship": "Outer", "Join Type": "Inner", "Startup Cost": 0.0, "Total Cost": 2573.32, "Plan Rows": 33, "Plan Width": 4, "Actual Startup Time": 39.47, "Actual Total Time": 40.33, "Actual Rows": 1, "Actual Loops": 1, "Inner Unique": false, "Plans": [{"Node Type": "Seq Scan", "Parent Relationship": "Outer", "Relation Name": "keyword", "Alias": "k", "Startup Cost": 0.0, "Total Cost": 2436.11, "Plan Rows": 1, "Plan Width": 4, "Actual Startup Time": 39.452, "Actual Total Time": 40.311, "Actual Rows": 1, "Actual Loops": 1, "Filter": "((keyword)::text = '10,000-mile-club'::text)", "Rows Removed by Filter": 134168}, {"Node Type": "Index Scan", "Parent Relationship": "Inner", "Scan Direction": "Forward", "Index Name": "keyword_id_movie_keyword", "Relation Name": "movie_keyword", "Alias": "mk", "Startup Cost": 0.0, "Total Cost": 136.88, "Plan Rows": 33, "Plan Width": 8, "Actual Startup Time": 0.013, "Actual Total Time": 0.014, "Actual Rows": 1, "Actual Loops": 1, "Index Cond": "(keyword_id = k.id)", "Rows Removed by Index Recheck": 0}]}, {"Node Type": "Index Scan", "Parent Relationship": "Inner", "Scan Direction": "Forward", "Index Name": "title_pkey", "Relation Name": "title", "Alias": "t1", "Startup Cost": 0.0, "Total Cost": 0.31, "Plan Rows": 1, "Plan Width": 21, "Actual Startup Time": 0.008, "Actual Total Time": 0.008, "Actual Rows": 1, "Actual Loops": 1, "Index Cond": "(id = mk.movie_id)", "Rows Removed by Index Recheck": 0}]}, {"Node Type": "Index Scan", "Parent Relationship": "Inner", "Scan Direction": "Forward", "Index Name": "movie_id_movie_link", "Relation Name": "movie_link", "Alias": "ml", "Startup Cost": 0.0, "Total Cost": 0.35, "Plan Rows": 5, "Plan Width": 12, "Actual Startup Time": 0.004, "Actual Total Time": 0.004, "Actual Rows": 0, "Actual Loops": 1, "Index Cond": "(movie_id = t1.id)", "Rows Removed by Index Recheck": 0}]}, {"Node Type": "Materialize", "Parent Relationship": "Inner", "Startup Cost": 0.0, "Total Cost": 1.25, "Plan Rows": 17, "Plan Width": 16, "Actual Startup Time": 0.0, "Actual Total Time": 0.0, "Plans": [{"Node Type": "Seq Scan", "Parent Relationship": "Outer", "Relation Name": "link_type", "Alias": "lt", "Startup Cost": 0.0, "Total Cost": 1.17, "Plan Rows": 17, "Plan Width": 16, "Actual Startup Time": 0.0, "Actual Total Time": 0.0}]}]}, {"Node Type": "Index Scan", "Parent Relationship": "Inner", "Scan Direction": "Forward", "Index Name": "title_pkey", "Relation Name": "title", "Alias": "t2", "Startup Cost": 0.0, "Total Cost": 4.3, "Plan Rows": 1, "Plan Width": 21, "Actual Startup Time": 0.0, "Actual Total Time": 0.0, "Index Cond": "(id = ml.linked_movie_id)", "Rows Removed by Index Recheck": 0}]}]}, "Triggers": [], "Planner Runtime": 2, "Total Runtime": 40.551, "Unique SQL Id": 524435555}}, "(64, 25)": {"explain_plan": {"Plan": {"Node Type": "Aggregate", "Strategy": "Plain", "Startup Cost": 4051.57, "Total Cost": 4051.58, "Plan Rows": 1, "Plan Width": 142, "Plans": [{"Node Type": "Nested Loop", "Parent Relationship": "Outer", "Join Type": "Inner", "Startup Cost": 0.0, "Total Cost": 4050.42, "Plan Rows": 154, "Plan Width": 46, "Inner Unique": true, "Plans": [{"Node Type": "Nested Loop", "Parent Relationship": "Outer", "Join Type": "Inner", "Startup Cost": 0.0, "Total Cost": 3386.84, "Plan Rows": 154, "Plan Width": 33, "Inner Unique": true, "Plans": [{"Node Type": "Nested Loop", "Parent Relationship": "Outer", "Join Type": "Inner", "Startup Cost": 0.0, "Total Cost": 3343.66, "Plan Rows": 154, "Plan Width": 25, "Inner Unique": false, "Plans": [{"Node Type": "Nested Loop", "Parent Relationship": "Outer", "Join Type": "Inner", "Startup Cost": 0.0, "Total Cost": 3330.45, "Plan Rows": 33, "Plan Width": 25, "Inner Unique": true, "Plans": [{"Node Type": "Nested Loop", "Parent Relationship": "Outer", "Join Type": "Inner", "Startup Cost": 0.0, "Total Cost": 3319.92, "Plan Rows": 33, "Plan Width": 4, "Inner Unique": false, "Plans": [{"Node Type": "Index Scan", "Parent Relationship": "Outer", "Scan Direction": "Forward", "Index Name": "keyword_pkey", "Relation Name": "keyword", "Alias": "k", "Startup Cost": 0.0, "Total Cost": 3182.72, "Plan Rows": 1, "Plan Width": 4, "Filter": "((keyword)::text = '10,000-mile-club'::text)"}, {"Node Type": "Index Scan", "Parent Relationship": "Inner", "Scan Direction": "Forward", "Index Name": "keyword_id_movie_keyword", "Relation Name": "movie_keyword", "Alias": "mk", "Startup Cost": 0.0, "Total Cost": 136.88, "Plan Rows": 33, "Plan Width": 8, "Index Cond": "(keyword_id = k.id)"}]}, {"Node Type": "Index Scan", "Parent Relationship": "Inner", "Scan Direction": "Forward", "Index Name": "title_pkey", "Relation Name": "title", "Alias": "t1", "Startup Cost": 0.0, "Total Cost": 0.31, "Plan Rows": 1, "Plan Width": 21, "Index Cond": "(id = mk.movie_id)"}]}, {"Node Type": "Index Scan", "Parent Relationship": "Inner", "Scan Direction": "Forward", "Index Name": "movie_id_movie_link", "Relation Name": "movie_link", "Alias": "ml", "Startup Cost": 0.0, "Total Cost": 0.35, "Plan Rows": 5, "Plan Width": 12, "Index Cond": "(movie_id = t1.id)"}]}, {"Node Type": "Index Scan", "Parent Relationship": "Inner", "Scan Direction": "Forward", "Index Name": "link_type_pkey", "Relation Name": "link_type", "Alias": "lt", "Startup Cost": 0.0, "Total Cost": 0.27, "Plan Rows": 1, "Plan Width": 16, "Index Cond": "(id = ml.link_type_id)"}]}, {"Node Type": "Index Scan", "Parent Relationship": "Inner", "Scan Direction": "Forward", "Index Name": "title_pkey", "Relation Name": "title", "Alias": "t2", "Startup Cost": 0.0, "Total Cost": 4.3, "Plan Rows": 1, "Plan Width": 21, "Index Cond": "(id = ml.linked_movie_id)"}]}]}, "Unique SQL Id": 524435555, "Planner Runtime": 12}, "explain_analyze_plan": {"Plan": {"Node Type": "Aggregate", "Strategy": "Plain", "Startup Cost": 4051.57, "Total Cost": 4051.58, "Plan Rows": 1, "Plan Width": 142, "Actual Startup Time": 112.659, "Actual Total Time": 112.659, "Actual Rows": 1, "Actual Loops": 1, "Plans": [{"Node Type": "Nested Loop", "Parent Relationship": "Outer", "Join Type": "Inner", "Startup Cost": 0.0, "Total Cost": 4050.42, "Plan Rows": 154, "Plan Width": 46, "Actual Startup Time": 112.653, "Actual Total Time": 112.653, "Actual Rows": 0, "Actual Loops": 1, "Inner Unique": true, "Plans": [{"Node Type": "Nested Loop", "Parent Relationship": "Outer", "Join Type": "Inner", "Startup Cost": 0.0, "Total Cost": 3386.84, "Plan Rows": 154, "Plan Width": 33, "Actual Startup Time": 112.653, "Actual Total Time": 112.653, "Actual Rows": 0, "Actual Loops": 1, "Inner Unique": true, "Plans": [{"Node Type": "Nested Loop", "Parent Relationship": "Outer", "Join Type": "Inner", "Startup Cost": 0.0, "Total Cost": 3343.66, "Plan Rows": 154, "Plan Width": 25, "Actual Startup Time": 112.652, "Actual Total Time": 112.652, "Actual Rows": 0, "Actual Loops": 1, "Inner Unique": false, "Plans": [{"Node Type": "Nested Loop", "Parent Relationship": "Outer", "Join Type": "Inner", "Startup Cost": 0.0, "Total Cost": 3330.45, "Plan Rows": 33, "Plan Width": 25, "Actual Startup Time": 110.792, "Actual Total Time": 112.645, "Actual Rows": 1, "Actual Loops": 1, "Inner Unique": true, "Plans": [{"Node Type": "Nested Loop", "Parent Relationship": "Outer", "Join Type": "Inner", "Startup Cost": 0.0, "Total Cost": 3319.92, "Plan Rows": 33, "Plan Width": 4, "Actual Startup Time": 110.781, "Actual Total Time": 112.634, "Actual Rows": 1, "Actual Loops": 1, "Inner Unique": false, "Plans": [{"Node Type": "Index Scan", "Parent Relationship": "Outer", "Scan Direction": "Forward", "Index Name": "keyword_pkey", "Relation Name": "keyword", "Alias": "k", "Startup Cost": 0.0, "Total Cost": 3182.72, "Plan Rows": 1, "Plan Width": 4, "Actual Startup Time": 110.759, "Actual Total Time": 112.61, "Actual Rows": 1, "Actual Loops": 1, "Filter": "((keyword)::text = '10,000-mile-club'::text)", "Rows Removed by Filter": 134168}, {"Node Type": "Index Scan", "Parent Relationship": "Inner", "Scan Direction": "Forward", "Index Name": "keyword_id_movie_keyword", "Relation Name": "movie_keyword", "Alias": "mk", "Startup Cost": 0.0, "Total Cost": 136.88, "Plan Rows": 33, "Plan Width": 8, "Actual Startup Time": 0.014, "Actual Total Time": 0.015, "Actual Rows": 1, "Actual Loops": 1, "Index Cond": "(keyword_id = k.id)", "Rows Removed by Index Recheck": 0}]}, {"Node Type": "Index Scan", "Parent Relationship": "Inner", "Scan Direction": "Forward", "Index Name": "title_pkey", "Relation Name": "title", "Alias": "t1", "Startup Cost": 0.0, "Total Cost": 0.31, "Plan Rows": 1, "Plan Width": 21, "Actual Startup Time": 0.009, "Actual Total Time": 0.009, "Actual Rows": 1, "Actual Loops": 1, "Index Cond": "(id = mk.movie_id)", "Rows Removed by Index Recheck": 0}]}, {"Node Type": "Index Scan", "Parent Relationship": "Inner", "Scan Direction": "Forward", "Index Name": "movie_id_movie_link", "Relation Name": "movie_link", "Alias": "ml", "Startup Cost": 0.0, "Total Cost": 0.35, "Plan Rows": 5, "Plan Width": 12, "Actual Startup Time": 0.003, "Actual Total Time": 0.003, "Actual Rows": 0, "Actual Loops": 1, "Index Cond": "(movie_id = t1.id)", "Rows Removed by Index Recheck": 0}]}, {"Node Type": "Index Scan", "Parent Relationship": "Inner", "Scan Direction": "Forward", "Index Name": "link_type_pkey", "Relation Name": "link_type", "Alias": "lt", "Startup Cost": 0.0, "Total Cost": 0.27, "Plan Rows": 1, "Plan Width": 16, "Actual Startup Time": 0.0, "Actual Total Time": 0.0, "Index Cond": "(id = ml.link_type_id)", "Rows Removed by Index Recheck": 0}]}, {"Node Type": "Index Scan", "Parent Relationship": "Inner", "Scan Direction": "Forward", "Index Name": "title_pkey", "Relation Name": "title", "Alias": "t2", "Startup Cost": 0.0, "Total Cost": 4.3, "Plan Rows": 1, "Plan Width": 21, "Actual Startup Time": 0.0, "Actual Total Time": 0.0, "Index Cond": "(id = ml.linked_movie_id)", "Rows Removed by Index Recheck": 0}]}]}, "Triggers": [], "Planner Runtime": 2, "Total Runtime": 112.875, "Unique SQL Id": 524435555}}, "(64, 26)": {"explain_plan": {"Plan": {"Node Type": "Aggregate", "Strategy": "Plain", "Startup Cost": 795555.32, "Total Cost": 795555.33, "Plan Rows": 1, "Plan Width": 142, "Plans": [{"Node Type": "Merge Join", "Parent Relationship": "Outer", "Join Type": "Inner", "Startup Cost": 782927.39, "Total Cost": 795554.16, "Plan Rows": 154, "Plan Width": 46, "Inner Unique": true, "Merge Cond": "(ml.linked_movie_id = t2.id)", "Plans": [{"Node Type": "Sort", "Parent Relationship": "Outer", "Startup Cost": 453974.12, "Total Cost": 453974.5, "Plan Rows": 154, "Plan Width": 33, "Sort Key": ["ml.linked_movie_id"], "Plans": [{"Node Type": "Merge Join", "Parent Relationship": "Outer", "Join Type": "Inner", "Startup Cost": 453966.16, "Total Cost": 453968.52, "Plan Rows": 154, "Plan Width": 33, "Inner Unique": false, "Merge Cond": "(lt.id = ml.link_type_id)", "Plans": [{"Node Type": "Sort", "Parent Relationship": "Outer", "Startup Cost": 1.52, "Total Cost": 1.56, "Plan Rows": 17, "Plan Width": 16, "Sort Key": ["lt.id"], "Plans": [{"Node Type": "Seq Scan", "Parent Relationship": "Outer", "Relation Name": "link_type", "Alias": "lt", "Startup Cost": 0.0, "Total Cost": 1.17, "Plan Rows": 17, "Plan Width": 16}]}, {"Node Type": "Sort", "Parent Relationship": "Inner", "Startup Cost": 453964.62, "Total Cost": 453965.0, "Plan Rows": 154, "Plan Width": 25, "Sort Key": ["ml.link_type_id"], "Plans": [{"Node Type": "Merge Join", "Parent Relationship": "Outer", "Join Type": "Inner", "Startup Cost": 453042.16, "Total Cost": 453959.02, "Plan Rows": 154, "Plan Width": 25, "Inner Unique": false, "Merge Cond": "(t1.id = ml.movie_id)", "Plans": [{"Node Type": "Merge Join", "Parent Relationship": "Outer", "Join Type": "Inner", "Startup Cost": 450380.62, "Total Cost": 463008.71, "Plan Rows": 33, "Plan Width": 25, "Inner Unique": true, "Merge Cond": "(mk.movie_id = t1.id)", "Plans": [{"Node Type": "Sort", "Parent Relationship": "Outer", "Startup Cost": 121427.35, "Total Cost": 121427.43, "Plan Rows": 33, "Plan Width": 4, "Sort Key": ["mk.movie_id"], "Plans": [{"Node Type": "Nested Loop", "Parent Relationship": "Outer", "Join Type": "Inner", "Startup Cost": 0.0, "Total Cost": 121426.52, "Plan Rows": 33, "Plan Width": 4, "Inner Unique": false, "Join Filter": "(k.id = mk.keyword_id)", "Plans": [{"Node Type": "Seq Scan", "Parent Relationship": "Outer", "Relation Name": "keyword", "Alias": "k", "Startup Cost": 0.0, "Total Cost": 2436.11, "Plan Rows": 1, "Plan Width": 4, "Filter": "((keyword)::text = '10,000-mile-club'::text)"}, {"Node Type": "Seq Scan", "Parent Relationship": "Inner", "Relation Name": "movie_keyword", "Alias": "mk", "Startup Cost": 0.0, "Total Cost": 62441.29, "Plan Rows": 4523929, "Plan Width": 8}]}]}, {"Node Type": "Sort", "Parent Relationship": "Inner", "Startup Cost": 328951.73, "Total Cost": 335272.51, "Plan Rows": 2528311, "Plan Width": 21, "Sort Key": ["t1.id"], "Plans": [{"Node Type": "Seq Scan", "Parent Relationship": "Outer", "Relation Name": "title", "Alias": "t1", "Startup Cost": 0.0, "Total Cost": 60069.11, "Plan Rows": 2528311, "Plan Width": 21}]}]}, {"Node Type": "Sort", "Parent Relationship": "Inner", "Startup Cost": 2661.53, "Total Cost": 2736.52, "Plan Rows": 29996, "Plan Width": 12, "Sort Key": ["ml.movie_id"], "Plans": [{"Node Type": "Seq Scan", "Parent Relationship": "Outer", "Relation Name": "movie_link", "Alias": "ml", "Startup Cost": 0.0, "Total Cost": 430.96, "Plan Rows": 29996, "Plan Width": 12}]}]}]}]}]}, {"Node Type": "Sort", "Parent Relationship": "Inner", "Startup Cost": 328951.73, "Total Cost": 335272.51, "Plan Rows": 2528311, "Plan Width": 21, "Sort Key": ["t2.id"], "Plans": [{"Node Type": "Seq Scan", "Parent Relationship": "Outer", "Relation Name": "title", "Alias": "t2", "Startup Cost": 0.0, "Total Cost": 60069.11, "Plan Rows": 2528311, "Plan Width": 21}]}]}]}, "Unique SQL Id": 524435555, "Planner Runtime": 9}, "explain_analyze_plan": null}, "(64, 27)": {"explain_plan": {"Plan": {"Node Type": "Aggregate", "Strategy": "Plain", "Startup Cost": 3151838021043.93, "Total Cost": 3151838021043.94, "Plan Rows": 1, "Plan Width": 142, "Plans": [{"Node Type": "Nested Loop", "Parent Relationship": "Outer", "Join Type": "Inner", "Startup Cost": 1230056461532.74, "Total Cost": 3151838021042.77, "Plan Rows": 154, "Plan Width": 46, "Inner Unique": false, "Join Filter": "(ml.linked_movie_id = t2.id)", "Plans": [{"Node Type": "Index Scan", "Parent Relationship": "Outer", "Scan Direction": "Forward", "Index Name": "title_pkey", "Relation Name": "title", "Alias": "t2", "Startup Cost": 10000000000.0, "Total Cost": 1000011012048.91, "Plan Rows": 2528311, "Plan Width": 21}, {"Node Type": "Materialize", "Parent Relationship": "Inner", "Startup Cost": 1220056461532.74, "Total Cost": 2151821168595.83, "Plan Rows": 154, "Plan Width": 33, "Plans": [{"Node Type": "Merge Join", "Parent Relationship": "Outer", "Join Type": "Inner", "Startup Cost": 1220056461532.74, "Total Cost": 2151821168595.06, "Plan Rows": 154, "Plan Width": 33, "Inner Unique": true, "Merge Cond": "(ml.link_type_id = lt.id)", "Plans": [{"Node Type": "Sort", "Parent Relationship": "Outer", "Startup Cost": 1210056461532.71, "Total Cost": 1210056461533.1, "Plan Rows": 154, "Plan Width": 25, "Sort Key": ["ml.link_type_id"], "Plans": [{"Node Type": "Merge Join", "Parent Relationship": "Outer", "Join Type": "Inner", "Startup Cost": 40120995164.23, "Total Cost": 1210056461527.12, "Plan Rows": 154, "Plan Width": 25, "Inner Unique": false, "Merge Cond": "(t1.id = ml.movie_id)", "Plans": [{"Node Type": "Merge Join", "Parent Relationship": "Outer", "Join Type": "Inner", "Startup Cost": 30120995164.23, "Total Cost": 2999054436549.81, "Plan Rows": 33, "Plan Width": 25, "Inner Unique": true, "Merge Cond": "(mk.movie_id = t1.id)", "Plans": [{"Node Type": "Nested Loop", "Parent Relationship": "Outer", "Join Type": "Inner", "Startup Cost": 20000000000.0, "Total Cost": 2000015686764.79, "Plan Rows": 33, "Plan Width": 4, "Inner Unique": true, "Join Filter": "(k.id = mk.keyword_id)", "Plans": [{"Node Type": "Index Scan", "Parent Relationship": "Outer", "Scan Direction": "Forward", "Index Name": "movie_id_movie_keyword", "Relation Name": "movie_keyword", "Alias": "mk", "Startup Cost": 10000000000.0, "Total Cost": 1000015300634.17, "Plan Rows": 4523929, "Plan Width": 8}, {"Node Type": "Materialize", "Parent Relationship": "Inner", "Startup Cost": 10000000000.0, "Total Cost": 1000000318271.69, "Plan Rows": 1, "Plan Width": 4, "Plans": [{"Node Type": "Index Scan", "Parent Relationship": "Outer", "Scan Direction": "Forward", "Index Name": "keyword_pkey", "Relation Name": "keyword", "Alias": "k", "Startup Cost": 10000000000.0, "Total Cost": 1000000318271.68, "Plan Rows": 1, "Plan Width": 4, "Filter": "((keyword)::text = '10,000-mile-club'::text)"}]}]}, {"Node Type": "Index Scan", "Parent Relationship": "Inner", "Scan Direction": "Forward", "Index Name": "title_pkey", "Relation Name": "title", "Alias": "t1", "Startup Cost": 10000000000.0, "Total Cost": 1000011012048.91, "Plan Rows": 2528311, "Plan Width": 21}]}, {"Node Type": "Index Scan", "Parent Relationship": "Inner", "Scan Direction": "Forward", "Index Name": "movie_id_movie_link", "Relation Name": "movie_link", "Alias": "ml", "Startup Cost": 10000000000.0, "Total Cost": 1000000106202.37, "Plan Rows": 29996, "Plan Width": 12}]}]}, {"Node Type": "Materialize", "Parent Relationship": "Inner", "Startup Cost": 10000000000.0, "Total Cost": 1000000001250.54, "Plan Rows": 17, "Plan Width": 16, "Plans": [{"Node Type": "Index Scan", "Parent Relationship": "Outer", "Scan Direction": "Forward", "Index Name": "link_type_pkey", "Relation Name": "link_type", "Alias": "lt", "Startup Cost": 10000000000.0, "Total Cost": 1000000001250.5, "Plan Rows": 17, "Plan Width": 16}]}]}]}]}]}, "Unique SQL Id": 524435555, "Planner Runtime": 16}, "explain_analyze_plan": null}, "(64, 28)": {"explain_plan": {"Plan": {"Node Type": "Aggregate", "Strategy": "Plain", "Startup Cost": 3302.27, "Total Cost": 3302.28, "Plan Rows": 1, "Plan Width": 142, "Plans": [{"Node Type": "Nested Loop", "Parent Relationship": "Outer", "Join Type": "Inner", "Startup Cost": 0.0, "Total Cost": 3301.12, "Plan Rows": 154, "Plan Width": 46, "Inner Unique": true, "Plans": [{"Node Type": "Nested Loop", "Parent Relationship": "Outer", "Join Type": "Inner", "Startup Cost": 0.0, "Total Cost": 2637.54, "Plan Rows": 154, "Plan Width": 33, "Inner Unique": true, "Join Filter": "(ml.link_type_id = lt.id)", "Plans": [{"Node Type": "Nested Loop", "Parent Relationship": "Outer", "Join Type": "Inner", "Startup Cost": 0.0, "Total Cost": 2597.06, "Plan Rows": 154, "Plan Width": 25, "Inner Unique": false, "Plans": [{"Node Type": "Nested Loop", "Parent Relationship": "Outer", "Join Type": "Inner", "Startup Cost": 0.0, "Total Cost": 2583.84, "Plan Rows": 33, "Plan Width": 25, "Inner Unique": true, "Plans": [{"Node Type": "Nested Loop", "Parent Relationship": "Outer", "Join Type": "Inner", "Startup Cost": 0.0, "Total Cost": 2573.32, "Plan Rows": 33, "Plan Width": 4, "Inner Unique": false, "Plans": [{"Node Type": "Seq Scan", "Parent Relationship": "Outer", "Relation Name": "keyword", "Alias": "k", "Startup Cost": 0.0, "Total Cost": 2436.11, "Plan Rows": 1, "Plan Width": 4, "Filter": "((keyword)::text = '10,000-mile-club'::text)"}, {"Node Type": "Index Scan", "Parent Relationship": "Inner", "Scan Direction": "Forward", "Index Name": "keyword_id_movie_keyword", "Relation Name": "movie_keyword", "Alias": "mk", "Startup Cost": 0.0, "Total Cost": 136.88, "Plan Rows": 33, "Plan Width": 8, "Index Cond": "(keyword_id = k.id)"}]}, {"Node Type": "Index Scan", "Parent Relationship": "Inner", "Scan Direction": "Forward", "Index Name": "title_pkey", "Relation Name": "title", "Alias": "t1", "Startup Cost": 0.0, "Total Cost": 0.31, "Plan Rows": 1, "Plan Width": 21, "Index Cond": "(id = mk.movie_id)"}]}, {"Node Type": "Index Scan", "Parent Relationship": "Inner", "Scan Direction": "Forward", "Index Name": "movie_id_movie_link", "Relation Name": "movie_link", "Alias": "ml", "Startup Cost": 0.0, "Total Cost": 0.35, "Plan Rows": 5, "Plan Width": 12, "Index Cond": "(movie_id = t1.id)"}]}, {"Node Type": "Materialize", "Parent Relationship": "Inner", "Startup Cost": 0.0, "Total Cost": 1.25, "Plan Rows": 17, "Plan Width": 16, "Plans": [{"Node Type": "Seq Scan", "Parent Relationship": "Outer", "Relation Name": "link_type", "Alias": "lt", "Startup Cost": 0.0, "Total Cost": 1.17, "Plan Rows": 17, "Plan Width": 16}]}]}, {"Node Type": "Index Scan", "Parent Relationship": "Inner", "Scan Direction": "Forward", "Index Name": "title_pkey", "Relation Name": "title", "Alias": "t2", "Startup Cost": 0.0, "Total Cost": 4.3, "Plan Rows": 1, "Plan Width": 21, "Index Cond": "(id = ml.linked_movie_id)"}]}]}, "Unique SQL Id": 524435555, "Planner Runtime": 12}, "explain_analyze_plan": {"Plan": {"Node Type": "Aggregate", "Strategy": "Plain", "Startup Cost": 3302.27, "Total Cost": 3302.28, "Plan Rows": 1, "Plan Width": 142, "Actual Startup Time": 40.351, "Actual Total Time": 40.351, "Actual Rows": 1, "Actual Loops": 1, "Plans": [{"Node Type": "Nested Loop", "Parent Relationship": "Outer", "Join Type": "Inner", "Startup Cost": 0.0, "Total Cost": 3301.12, "Plan Rows": 154, "Plan Width": 46, "Actual Startup Time": 40.346, "Actual Total Time": 40.346, "Actual Rows": 0, "Actual Loops": 1, "Inner Unique": true, "Plans": [{"Node Type": "Nested Loop", "Parent Relationship": "Outer", "Join Type": "Inner", "Startup Cost": 0.0, "Total Cost": 2637.54, "Plan Rows": 154, "Plan Width": 33, "Actual Startup Time": 40.345, "Actual Total Time": 40.345, "Actual Rows": 0, "Actual Loops": 1, "Inner Unique": true, "Join Filter": "(ml.link_type_id = lt.id)", "Rows Removed by Join Filter": 0, "Plans": [{"Node Type": "Nested Loop", "Parent Relationship": "Outer", "Join Type": "Inner", "Startup Cost": 0.0, "Total Cost": 2597.06, "Plan Rows": 154, "Plan Width": 25, "Actual Startup Time": 40.345, "Actual Total Time": 40.345, "Actual Rows": 0, "Actual Loops": 1, "Inner Unique": false, "Plans": [{"Node Type": "Nested Loop", "Parent Relationship": "Outer", "Join Type": "Inner", "Startup Cost": 0.0, "Total Cost": 2583.84, "Plan Rows": 33, "Plan Width": 25, "Actual Startup Time": 39.48, "Actual Total Time": 40.34, "Actual Rows": 1, "Actual Loops": 1, "Inner Unique": true, "Plans": [{"Node Type": "Nested Loop", "Parent Relationship": "Outer", "Join Type": "Inner", "Startup Cost": 0.0, "Total Cost": 2573.32, "Plan Rows": 33, "Plan Width": 4, "Actual Startup Time": 39.47, "Actual Total Time": 40.33, "Actual Rows": 1, "Actual Loops": 1, "Inner Unique": false, "Plans": [{"Node Type": "Seq Scan", "Parent Relationship": "Outer", "Relation Name": "keyword", "Alias": "k", "Startup Cost": 0.0, "Total Cost": 2436.11, "Plan Rows": 1, "Plan Width": 4, "Actual Startup Time": 39.452, "Actual Total Time": 40.311, "Actual Rows": 1, "Actual Loops": 1, "Filter": "((keyword)::text = '10,000-mile-club'::text)", "Rows Removed by Filter": 134168}, {"Node Type": "Index Scan", "Parent Relationship": "Inner", "Scan Direction": "Forward", "Index Name": "keyword_id_movie_keyword", "Relation Name": "movie_keyword", "Alias": "mk", "Startup Cost": 0.0, "Total Cost": 136.88, "Plan Rows": 33, "Plan Width": 8, "Actual Startup Time": 0.013, "Actual Total Time": 0.014, "Actual Rows": 1, "Actual Loops": 1, "Index Cond": "(keyword_id = k.id)", "Rows Removed by Index Recheck": 0}]}, {"Node Type": "Index Scan", "Parent Relationship": "Inner", "Scan Direction": "Forward", "Index Name": "title_pkey", "Relation Name": "title", "Alias": "t1", "Startup Cost": 0.0, "Total Cost": 0.31, "Plan Rows": 1, "Plan Width": 21, "Actual Startup Time": 0.008, "Actual Total Time": 0.008, "Actual Rows": 1, "Actual Loops": 1, "Index Cond": "(id = mk.movie_id)", "Rows Removed by Index Recheck": 0}]}, {"Node Type": "Index Scan", "Parent Relationship": "Inner", "Scan Direction": "Forward", "Index Name": "movie_id_movie_link", "Relation Name": "movie_link", "Alias": "ml", "Startup Cost": 0.0, "Total Cost": 0.35, "Plan Rows": 5, "Plan Width": 12, "Actual Startup Time": 0.004, "Actual Total Time": 0.004, "Actual Rows": 0, "Actual Loops": 1, "Index Cond": "(movie_id = t1.id)", "Rows Removed by Index Recheck": 0}]}, {"Node Type": "Materialize", "Parent Relationship": "Inner", "Startup Cost": 0.0, "Total Cost": 1.25, "Plan Rows": 17, "Plan Width": 16, "Actual Startup Time": 0.0, "Actual Total Time": 0.0, "Plans": [{"Node Type": "Seq Scan", "Parent Relationship": "Outer", "Relation Name": "link_type", "Alias": "lt", "Startup Cost": 0.0, "Total Cost": 1.17, "Plan Rows": 17, "Plan Width": 16, "Actual Startup Time": 0.0, "Actual Total Time": 0.0}]}]}, {"Node Type": "Index Scan", "Parent Relationship": "Inner", "Scan Direction": "Forward", "Index Name": "title_pkey", "Relation Name": "title", "Alias": "t2", "Startup Cost": 0.0, "Total Cost": 4.3, "Plan Rows": 1, "Plan Width": 21, "Actual Startup Time": 0.0, "Actual Total Time": 0.0, "Index Cond": "(id = ml.linked_movie_id)", "Rows Removed by Index Recheck": 0}]}]}, "Triggers": [], "Planner Runtime": 2, "Total Runtime": 40.551, "Unique SQL Id": 524435555}}, "(64, 29)": {"explain_plan": {"Plan": {"Node Type": "Aggregate", "Strategy": "Plain", "Startup Cost": 4051.57, "Total Cost": 4051.58, "Plan Rows": 1, "Plan Width": 142, "Plans": [{"Node Type": "Nested Loop", "Parent Relationship": "Outer", "Join Type": "Inner", "Startup Cost": 0.0, "Total Cost": 4050.42, "Plan Rows": 154, "Plan Width": 46, "Inner Unique": true, "Plans": [{"Node Type": "Nested Loop", "Parent Relationship": "Outer", "Join Type": "Inner", "Startup Cost": 0.0, "Total Cost": 3386.84, "Plan Rows": 154, "Plan Width": 33, "Inner Unique": true, "Plans": [{"Node Type": "Nested Loop", "Parent Relationship": "Outer", "Join Type": "Inner", "Startup Cost": 0.0, "Total Cost": 3343.66, "Plan Rows": 154, "Plan Width": 25, "Inner Unique": false, "Plans": [{"Node Type": "Nested Loop", "Parent Relationship": "Outer", "Join Type": "Inner", "Startup Cost": 0.0, "Total Cost": 3330.45, "Plan Rows": 33, "Plan Width": 25, "Inner Unique": true, "Plans": [{"Node Type": "Nested Loop", "Parent Relationship": "Outer", "Join Type": "Inner", "Startup Cost": 0.0, "Total Cost": 3319.92, "Plan Rows": 33, "Plan Width": 4, "Inner Unique": false, "Plans": [{"Node Type": "Index Scan", "Parent Relationship": "Outer", "Scan Direction": "Forward", "Index Name": "keyword_pkey", "Relation Name": "keyword", "Alias": "k", "Startup Cost": 0.0, "Total Cost": 3182.72, "Plan Rows": 1, "Plan Width": 4, "Filter": "((keyword)::text = '10,000-mile-club'::text)"}, {"Node Type": "Index Scan", "Parent Relationship": "Inner", "Scan Direction": "Forward", "Index Name": "keyword_id_movie_keyword", "Relation Name": "movie_keyword", "Alias": "mk", "Startup Cost": 0.0, "Total Cost": 136.88, "Plan Rows": 33, "Plan Width": 8, "Index Cond": "(keyword_id = k.id)"}]}, {"Node Type": "Index Scan", "Parent Relationship": "Inner", "Scan Direction": "Forward", "Index Name": "title_pkey", "Relation Name": "title", "Alias": "t1", "Startup Cost": 0.0, "Total Cost": 0.31, "Plan Rows": 1, "Plan Width": 21, "Index Cond": "(id = mk.movie_id)"}]}, {"Node Type": "Index Scan", "Parent Relationship": "Inner", "Scan Direction": "Forward", "Index Name": "movie_id_movie_link", "Relation Name": "movie_link", "Alias": "ml", "Startup Cost": 0.0, "Total Cost": 0.35, "Plan Rows": 5, "Plan Width": 12, "Index Cond": "(movie_id = t1.id)"}]}, {"Node Type": "Index Scan", "Parent Relationship": "Inner", "Scan Direction": "Forward", "Index Name": "link_type_pkey", "Relation Name": "link_type", "Alias": "lt", "Startup Cost": 0.0, "Total Cost": 0.27, "Plan Rows": 1, "Plan Width": 16, "Index Cond": "(id = ml.link_type_id)"}]}, {"Node Type": "Index Scan", "Parent Relationship": "Inner", "Scan Direction": "Forward", "Index Name": "title_pkey", "Relation Name": "title", "Alias": "t2", "Startup Cost": 0.0, "Total Cost": 4.3, "Plan Rows": 1, "Plan Width": 21, "Index Cond": "(id = ml.linked_movie_id)"}]}]}, "Unique SQL Id": 524435555, "Planner Runtime": 12}, "explain_analyze_plan": {"Plan": {"Node Type": "Aggregate", "Strategy": "Plain", "Startup Cost": 4051.57, "Total Cost": 4051.58, "Plan Rows": 1, "Plan Width": 142, "Actual Startup Time": 112.659, "Actual Total Time": 112.659, "Actual Rows": 1, "Actual Loops": 1, "Plans": [{"Node Type": "Nested Loop", "Parent Relationship": "Outer", "Join Type": "Inner", "Startup Cost": 0.0, "Total Cost": 4050.42, "Plan Rows": 154, "Plan Width": 46, "Actual Startup Time": 112.653, "Actual Total Time": 112.653, "Actual Rows": 0, "Actual Loops": 1, "Inner Unique": true, "Plans": [{"Node Type": "Nested Loop", "Parent Relationship": "Outer", "Join Type": "Inner", "Startup Cost": 0.0, "Total Cost": 3386.84, "Plan Rows": 154, "Plan Width": 33, "Actual Startup Time": 112.653, "Actual Total Time": 112.653, "Actual Rows": 0, "Actual Loops": 1, "Inner Unique": true, "Plans": [{"Node Type": "Nested Loop", "Parent Relationship": "Outer", "Join Type": "Inner", "Startup Cost": 0.0, "Total Cost": 3343.66, "Plan Rows": 154, "Plan Width": 25, "Actual Startup Time": 112.652, "Actual Total Time": 112.652, "Actual Rows": 0, "Actual Loops": 1, "Inner Unique": false, "Plans": [{"Node Type": "Nested Loop", "Parent Relationship": "Outer", "Join Type": "Inner", "Startup Cost": 0.0, "Total Cost": 3330.45, "Plan Rows": 33, "Plan Width": 25, "Actual Startup Time": 110.792, "Actual Total Time": 112.645, "Actual Rows": 1, "Actual Loops": 1, "Inner Unique": true, "Plans": [{"Node Type": "Nested Loop", "Parent Relationship": "Outer", "Join Type": "Inner", "Startup Cost": 0.0, "Total Cost": 3319.92, "Plan Rows": 33, "Plan Width": 4, "Actual Startup Time": 110.781, "Actual Total Time": 112.634, "Actual Rows": 1, "Actual Loops": 1, "Inner Unique": false, "Plans": [{"Node Type": "Index Scan", "Parent Relationship": "Outer", "Scan Direction": "Forward", "Index Name": "keyword_pkey", "Relation Name": "keyword", "Alias": "k", "Startup Cost": 0.0, "Total Cost": 3182.72, "Plan Rows": 1, "Plan Width": 4, "Actual Startup Time": 110.759, "Actual Total Time": 112.61, "Actual Rows": 1, "Actual Loops": 1, "Filter": "((keyword)::text = '10,000-mile-club'::text)", "Rows Removed by Filter": 134168}, {"Node Type": "Index Scan", "Parent Relationship": "Inner", "Scan Direction": "Forward", "Index Name": "keyword_id_movie_keyword", "Relation Name": "movie_keyword", "Alias": "mk", "Startup Cost": 0.0, "Total Cost": 136.88, "Plan Rows": 33, "Plan Width": 8, "Actual Startup Time": 0.014, "Actual Total Time": 0.015, "Actual Rows": 1, "Actual Loops": 1, "Index Cond": "(keyword_id = k.id)", "Rows Removed by Index Recheck": 0}]}, {"Node Type": "Index Scan", "Parent Relationship": "Inner", "Scan Direction": "Forward", "Index Name": "title_pkey", "Relation Name": "title", "Alias": "t1", "Startup Cost": 0.0, "Total Cost": 0.31, "Plan Rows": 1, "Plan Width": 21, "Actual Startup Time": 0.009, "Actual Total Time": 0.009, "Actual Rows": 1, "Actual Loops": 1, "Index Cond": "(id = mk.movie_id)", "Rows Removed by Index Recheck": 0}]}, {"Node Type": "Index Scan", "Parent Relationship": "Inner", "Scan Direction": "Forward", "Index Name": "movie_id_movie_link", "Relation Name": "movie_link", "Alias": "ml", "Startup Cost": 0.0, "Total Cost": 0.35, "Plan Rows": 5, "Plan Width": 12, "Actual Startup Time": 0.003, "Actual Total Time": 0.003, "Actual Rows": 0, "Actual Loops": 1, "Index Cond": "(movie_id = t1.id)", "Rows Removed by Index Recheck": 0}]}, {"Node Type": "Index Scan", "Parent Relationship": "Inner", "Scan Direction": "Forward", "Index Name": "link_type_pkey", "Relation Name": "link_type", "Alias": "lt", "Startup Cost": 0.0, "Total Cost": 0.27, "Plan Rows": 1, "Plan Width": 16, "Actual Startup Time": 0.0, "Actual Total Time": 0.0, "Index Cond": "(id = ml.link_type_id)", "Rows Removed by Index Recheck": 0}]}, {"Node Type": "Index Scan", "Parent Relationship": "Inner", "Scan Direction": "Forward", "Index Name": "title_pkey", "Relation Name": "title", "Alias": "t2", "Startup Cost": 0.0, "Total Cost": 4.3, "Plan Rows": 1, "Plan Width": 21, "Actual Startup Time": 0.0, "Actual Total Time": 0.0, "Index Cond": "(id = ml.linked_movie_id)", "Rows Removed by Index Recheck": 0}]}]}, "Triggers": [], "Planner Runtime": 2, "Total Runtime": 112.875, "Unique SQL Id": 524435555}}, "(64, 30)": {"explain_plan": {"Plan": {"Node Type": "Aggregate", "Strategy": "Plain", "Startup Cost": 795555.32, "Total Cost": 795555.33, "Plan Rows": 1, "Plan Width": 142, "Plans": [{"Node Type": "Merge Join", "Parent Relationship": "Outer", "Join Type": "Inner", "Startup Cost": 782927.39, "Total Cost": 795554.16, "Plan Rows": 154, "Plan Width": 46, "Inner Unique": true, "Merge Cond": "(ml.linked_movie_id = t2.id)", "Plans": [{"Node Type": "Sort", "Parent Relationship": "Outer", "Startup Cost": 453974.12, "Total Cost": 453974.5, "Plan Rows": 154, "Plan Width": 33, "Sort Key": ["ml.linked_movie_id"], "Plans": [{"Node Type": "Merge Join", "Parent Relationship": "Outer", "Join Type": "Inner", "Startup Cost": 453966.16, "Total Cost": 453968.52, "Plan Rows": 154, "Plan Width": 33, "Inner Unique": false, "Merge Cond": "(lt.id = ml.link_type_id)", "Plans": [{"Node Type": "Sort", "Parent Relationship": "Outer", "Startup Cost": 1.52, "Total Cost": 1.56, "Plan Rows": 17, "Plan Width": 16, "Sort Key": ["lt.id"], "Plans": [{"Node Type": "Seq Scan", "Parent Relationship": "Outer", "Relation Name": "link_type", "Alias": "lt", "Startup Cost": 0.0, "Total Cost": 1.17, "Plan Rows": 17, "Plan Width": 16}]}, {"Node Type": "Sort", "Parent Relationship": "Inner", "Startup Cost": 453964.62, "Total Cost": 453965.0, "Plan Rows": 154, "Plan Width": 25, "Sort Key": ["ml.link_type_id"], "Plans": [{"Node Type": "Merge Join", "Parent Relationship": "Outer", "Join Type": "Inner", "Startup Cost": 453042.16, "Total Cost": 453959.02, "Plan Rows": 154, "Plan Width": 25, "Inner Unique": false, "Merge Cond": "(t1.id = ml.movie_id)", "Plans": [{"Node Type": "Merge Join", "Parent Relationship": "Outer", "Join Type": "Inner", "Startup Cost": 450380.62, "Total Cost": 463008.71, "Plan Rows": 33, "Plan Width": 25, "Inner Unique": true, "Merge Cond": "(mk.movie_id = t1.id)", "Plans": [{"Node Type": "Sort", "Parent Relationship": "Outer", "Startup Cost": 121427.35, "Total Cost": 121427.43, "Plan Rows": 33, "Plan Width": 4, "Sort Key": ["mk.movie_id"], "Plans": [{"Node Type": "Nested Loop", "Parent Relationship": "Outer", "Join Type": "Inner", "Startup Cost": 0.0, "Total Cost": 121426.52, "Plan Rows": 33, "Plan Width": 4, "Inner Unique": false, "Join Filter": "(k.id = mk.keyword_id)", "Plans": [{"Node Type": "Seq Scan", "Parent Relationship": "Outer", "Relation Name": "keyword", "Alias": "k", "Startup Cost": 0.0, "Total Cost": 2436.11, "Plan Rows": 1, "Plan Width": 4, "Filter": "((keyword)::text = '10,000-mile-club'::text)"}, {"Node Type": "Seq Scan", "Parent Relationship": "Inner", "Relation Name": "movie_keyword", "Alias": "mk", "Startup Cost": 0.0, "Total Cost": 62441.29, "Plan Rows": 4523929, "Plan Width": 8}]}]}, {"Node Type": "Sort", "Parent Relationship": "Inner", "Startup Cost": 328951.73, "Total Cost": 335272.51, "Plan Rows": 2528311, "Plan Width": 21, "Sort Key": ["t1.id"], "Plans": [{"Node Type": "Seq Scan", "Parent Relationship": "Outer", "Relation Name": "title", "Alias": "t1", "Startup Cost": 0.0, "Total Cost": 60069.11, "Plan Rows": 2528311, "Plan Width": 21}]}]}, {"Node Type": "Sort", "Parent Relationship": "Inner", "Startup Cost": 2661.53, "Total Cost": 2736.52, "Plan Rows": 29996, "Plan Width": 12, "Sort Key": ["ml.movie_id"], "Plans": [{"Node Type": "Seq Scan", "Parent Relationship": "Outer", "Relation Name": "movie_link", "Alias": "ml", "Startup Cost": 0.0, "Total Cost": 430.96, "Plan Rows": 29996, "Plan Width": 12}]}]}]}]}]}, {"Node Type": "Sort", "Parent Relationship": "Inner", "Startup Cost": 328951.73, "Total Cost": 335272.51, "Plan Rows": 2528311, "Plan Width": 21, "Sort Key": ["t2.id"], "Plans": [{"Node Type": "Seq Scan", "Parent Relationship": "Outer", "Relation Name": "title", "Alias": "t2", "Startup Cost": 0.0, "Total Cost": 60069.11, "Plan Rows": 2528311, "Plan Width": 21}]}]}]}, "Unique SQL Id": 524435555, "Planner Runtime": 9}, "explain_analyze_plan": null}, "(64, 31)": {"explain_plan": {"Plan": {"Node Type": "Aggregate", "Strategy": "Plain", "Startup Cost": 3151838021043.93, "Total Cost": 3151838021043.94, "Plan Rows": 1, "Plan Width": 142, "Plans": [{"Node Type": "Nested Loop", "Parent Relationship": "Outer", "Join Type": "Inner", "Startup Cost": 1230056461532.74, "Total Cost": 3151838021042.77, "Plan Rows": 154, "Plan Width": 46, "Inner Unique": false, "Join Filter": "(ml.linked_movie_id = t2.id)", "Plans": [{"Node Type": "Index Scan", "Parent Relationship": "Outer", "Scan Direction": "Forward", "Index Name": "title_pkey", "Relation Name": "title", "Alias": "t2", "Startup Cost": 10000000000.0, "Total Cost": 1000011012048.91, "Plan Rows": 2528311, "Plan Width": 21}, {"Node Type": "Materialize", "Parent Relationship": "Inner", "Startup Cost": 1220056461532.74, "Total Cost": 2151821168595.83, "Plan Rows": 154, "Plan Width": 33, "Plans": [{"Node Type": "Merge Join", "Parent Relationship": "Outer", "Join Type": "Inner", "Startup Cost": 1220056461532.74, "Total Cost": 2151821168595.06, "Plan Rows": 154, "Plan Width": 33, "Inner Unique": true, "Merge Cond": "(ml.link_type_id = lt.id)", "Plans": [{"Node Type": "Sort", "Parent Relationship": "Outer", "Startup Cost": 1210056461532.71, "Total Cost": 1210056461533.1, "Plan Rows": 154, "Plan Width": 25, "Sort Key": ["ml.link_type_id"], "Plans": [{"Node Type": "Merge Join", "Parent Relationship": "Outer", "Join Type": "Inner", "Startup Cost": 40120995164.23, "Total Cost": 1210056461527.12, "Plan Rows": 154, "Plan Width": 25, "Inner Unique": false, "Merge Cond": "(t1.id = ml.movie_id)", "Plans": [{"Node Type": "Merge Join", "Parent Relationship": "Outer", "Join Type": "Inner", "Startup Cost": 30120995164.23, "Total Cost": 2999054436549.81, "Plan Rows": 33, "Plan Width": 25, "Inner Unique": true, "Merge Cond": "(mk.movie_id = t1.id)", "Plans": [{"Node Type": "Nested Loop", "Parent Relationship": "Outer", "Join Type": "Inner", "Startup Cost": 20000000000.0, "Total Cost": 2000015686764.79, "Plan Rows": 33, "Plan Width": 4, "Inner Unique": true, "Join Filter": "(k.id = mk.keyword_id)", "Plans": [{"Node Type": "Index Scan", "Parent Relationship": "Outer", "Scan Direction": "Forward", "Index Name": "movie_id_movie_keyword", "Relation Name": "movie_keyword", "Alias": "mk", "Startup Cost": 10000000000.0, "Total Cost": 1000015300634.17, "Plan Rows": 4523929, "Plan Width": 8}, {"Node Type": "Materialize", "Parent Relationship": "Inner", "Startup Cost": 10000000000.0, "Total Cost": 1000000318271.69, "Plan Rows": 1, "Plan Width": 4, "Plans": [{"Node Type": "Index Scan", "Parent Relationship": "Outer", "Scan Direction": "Forward", "Index Name": "keyword_pkey", "Relation Name": "keyword", "Alias": "k", "Startup Cost": 10000000000.0, "Total Cost": 1000000318271.68, "Plan Rows": 1, "Plan Width": 4, "Filter": "((keyword)::text = '10,000-mile-club'::text)"}]}]}, {"Node Type": "Index Scan", "Parent Relationship": "Inner", "Scan Direction": "Forward", "Index Name": "title_pkey", "Relation Name": "title", "Alias": "t1", "Startup Cost": 10000000000.0, "Total Cost": 1000011012048.91, "Plan Rows": 2528311, "Plan Width": 21}]}, {"Node Type": "Index Scan", "Parent Relationship": "Inner", "Scan Direction": "Forward", "Index Name": "movie_id_movie_link", "Relation Name": "movie_link", "Alias": "ml", "Startup Cost": 10000000000.0, "Total Cost": 1000000106202.37, "Plan Rows": 29996, "Plan Width": 12}]}]}, {"Node Type": "Materialize", "Parent Relationship": "Inner", "Startup Cost": 10000000000.0, "Total Cost": 1000000001250.54, "Plan Rows": 17, "Plan Width": 16, "Plans": [{"Node Type": "Index Scan", "Parent Relationship": "Outer", "Scan Direction": "Forward", "Index Name": "link_type_pkey", "Relation Name": "link_type", "Alias": "lt", "Startup Cost": 10000000000.0, "Total Cost": 1000000001250.5, "Plan Rows": 17, "Plan Width": 16}]}]}]}]}]}, "Unique SQL Id": 524435555, "Planner Runtime": 16}, "explain_analyze_plan": null}, "(64, 32)": {"explain_plan": {"Plan": {"Node Type": "Aggregate", "Strategy": "Plain", "Startup Cost": 3260.82, "Total Cost": 3260.83, "Plan Rows": 1, "Plan Width": 142, "Plans": [{"Node Type": "Nested Loop", "Parent Relationship": "Outer", "Join Type": "Inner", "Startup Cost": 5.89, "Total Cost": 3259.66, "Plan Rows": 154, "Plan Width": 46, "Inner Unique": true, "Plans": [{"Node Type": "Hash Join", "Parent Relationship": "Outer", "Join Type": "Inner", "Startup Cost": 5.89, "Total Cost": 2596.09, "Plan Rows": 154, "Plan Width": 33, "Inner Unique": true, "Hash Cond": "(ml.link_type_id = lt.id)", "Plans": [{"Node Type": "Nested Loop", "Parent Relationship": "Outer", "Join Type": "Inner", "Startup Cost": 4.51, "Total Cost": 2592.76, "Plan Rows": 154, "Plan Width": 25, "Inner Unique": false, "Plans": [{"Node Type": "Nested Loop", "Parent Relationship": "Outer", "Join Type": "Inner", "Startup Cost": 4.51, "Total Cost": 2579.55, "Plan Rows": 33, "Plan Width": 25, "Inner Unique": true, "Plans": [{"Node Type": "Nested Loop", "Parent Relationship": "Outer", "Join Type": "Inner", "Startup Cost": 4.51, "Total Cost": 2569.02, "Plan Rows": 33, "Plan Width": 4, "Inner Unique": false, "Plans": [{"Node Type": "Seq Scan", "Parent Relationship": "Outer", "Relation Name": "keyword", "Alias": "k", "Startup Cost": 0.0, "Total Cost": 2436.11, "Plan Rows": 1, "Plan Width": 4, "Filter": "((keyword)::text = '10,000-mile-club'::text)"}, {"Node Type": "Bitmap Heap Scan", "Parent Relationship": "Inner", "Relation Name": "movie_keyword", "Alias": "mk", "Startup Cost": 4.51, "Total Cost": 132.58, "Plan Rows": 33, "Plan Width": 8, "Recheck Cond": "(keyword_id = k.id)", "Plans": [{"Node Type": "Bitmap Index Scan", "Parent Relationship": "Outer", "Index Name": "keyword_id_movie_keyword", "Startup Cost": 0.0, "Total Cost": 4.5, "Plan Rows": 33, "Plan Width": 0, "Index Cond": "(keyword_id = k.id)"}]}]}, {"Node Type": "Index Scan", "Parent Relationship": "Inner", "Scan Direction": "Forward", "Index Name": "title_pkey", "Relation Name": "title", "Alias": "t1", "Startup Cost": 0.0, "Total Cost": 0.31, "Plan Rows": 1, "Plan Width": 21, "Index Cond": "(id = mk.movie_id)"}]}, {"Node Type": "Index Scan", "Parent Relationship": "Inner", "Scan Direction": "Forward", "Index Name": "movie_id_movie_link", "Relation Name": "movie_link", "Alias": "ml", "Startup Cost": 0.0, "Total Cost": 0.35, "Plan Rows": 5, "Plan Width": 12, "Index Cond": "(movie_id = t1.id)"}]}, {"Node Type": "Hash", "Parent Relationship": "Inner", "Startup Cost": 1.17, "Total Cost": 1.17, "Plan Rows": 17, "Plan Width": 16, "Plans": [{"Node Type": "Seq Scan", "Parent Relationship": "Outer", "Relation Name": "link_type", "Alias": "lt", "Startup Cost": 0.0, "Total Cost": 1.17, "Plan Rows": 17, "Plan Width": 16}]}]}, {"Node Type": "Index Scan", "Parent Relationship": "Inner", "Scan Direction": "Forward", "Index Name": "title_pkey", "Relation Name": "title", "Alias": "t2", "Startup Cost": 0.0, "Total Cost": 4.3, "Plan Rows": 1, "Plan Width": 21, "Index Cond": "(id = ml.linked_movie_id)"}]}]}, "Unique SQL Id": 524435555, "Planner Runtime": 7}, "explain_analyze_plan": {"Plan": {"Node Type": "Aggregate", "Strategy": "Plain", "Startup Cost": 3260.82, "Total Cost": 3260.83, "Plan Rows": 1, "Plan Width": 142, "Actual Startup Time": 42.192, "Actual Total Time": 42.192, "Actual Rows": 1, "Actual Loops": 1, "Plans": [{"Node Type": "Nested Loop", "Parent Relationship": "Outer", "Join Type": "Inner", "Startup Cost": 5.89, "Total Cost": 3259.66, "Plan Rows": 154, "Plan Width": 46, "Actual Startup Time": 42.184, "Actual Total Time": 42.184, "Actual Rows": 0, "Actual Loops": 1, "Inner Unique": true, "Plans": [{"Node Type": "Hash Join", "Parent Relationship": "Outer", "Join Type": "Inner", "Startup Cost": 5.89, "Total Cost": 2596.09, "Plan Rows": 154, "Plan Width": 33, "Actual Startup Time": 42.161, "Actual Total Time": 42.161, "Actual Rows": 0, "Actual Loops": 1, "Inner Unique": true, "Hash Cond": "(ml.link_type_id = lt.id)", "Plans": [{"Node Type": "Nested Loop", "Parent Relationship": "Outer", "Join Type": "Inner", "Startup Cost": 4.51, "Total Cost": 2592.76, "Plan Rows": 154, "Plan Width": 25, "Actual Startup Time": 42.073, "Actual Total Time": 42.073, "Actual Rows": 0, "Actual Loops": 1, "Inner Unique": false, "Plans": [{"Node Type": "Nested Loop", "Parent Relationship": "Outer", "Join Type": "Inner", "Startup Cost": 4.51, "Total Cost": 2579.55, "Plan Rows": 33, "Plan Width": 25, "Actual Startup Time": 41.173, "Actual Total Time": 42.069, "Actual Rows": 1, "Actual Loops": 1, "Inner Unique": true, "Plans": [{"Node Type": "Nested Loop", "Parent Relationship": "Outer", "Join Type": "Inner", "Startup Cost": 4.51, "Total Cost": 2569.02, "Plan Rows": 33, "Plan Width": 4, "Actual Startup Time": 41.155, "Actual Total Time": 42.051, "Actual Rows": 1, "Actual Loops": 1, "Inner Unique": false, "Plans": [{"Node Type": "Seq Scan", "Parent Relationship": "Outer", "Relation Name": "keyword", "Alias": "k", "Startup Cost": 0.0, "Total Cost": 2436.11, "Plan Rows": 1, "Plan Width": 4, "Actual Startup Time": 41.116, "Actual Total Time": 42.01, "Actual Rows": 1, "Actual Loops": 1, "Filter": "((keyword)::text = '10,000-mile-club'::text)", "Rows Removed by Filter": 134168}, {"Node Type": "Bitmap Heap Scan", "Parent Relationship": "Inner", "Relation Name": "movie_keyword", "Alias": "mk", "Startup Cost": 4.51, "Total Cost": 132.58, "Plan Rows": 33, "Plan Width": 8, "Actual Startup Time": 0.029, "Actual Total Time": 0.029, "Actual Rows": 1, "Actual Loops": 1, "Recheck Cond": "(keyword_id = k.id)", "Rows Removed by Index Recheck": 0, "Exact Heap Blocks": 1, "Lossy Heap Blocks": 1, "Plans": [{"Node Type": "Bitmap Index Scan", "Parent Relationship": "Outer", "Index Name": "keyword_id_movie_keyword", "Startup Cost": 0.0, "Total Cost": 4.5, "Plan Rows": 33, "Plan Width": 0, "Actual Startup Time": 0.018, "Actual Total Time": 0.018, "Actual Rows": 1, "Actual Loops": 1, "Index Cond": "(keyword_id = k.id)"}]}]}, {"Node Type": "Index Scan", "Parent Relationship": "Inner", "Scan Direction": "Forward", "Index Name": "title_pkey", "Relation Name": "title", "Alias": "t1", "Startup Cost": 0.0, "Total Cost": 0.31, "Plan Rows": 1, "Plan Width": 21, "Actual Startup Time": 0.015, "Actual Total Time": 0.015, "Actual Rows": 1, "Actual Loops": 1, "Index Cond": "(id = mk.movie_id)", "Rows Removed by Index Recheck": 0}]}, {"Node Type": "Index Scan", "Parent Relationship": "Inner", "Scan Direction": "Forward", "Index Name": "movie_id_movie_link", "Relation Name": "movie_link", "Alias": "ml", "Startup Cost": 0.0, "Total Cost": 0.35, "Plan Rows": 5, "Plan Width": 12, "Actual Startup Time": 0.003, "Actual Total Time": 0.003, "Actual Rows": 0, "Actual Loops": 1, "Index Cond": "(movie_id = t1.id)", "Rows Removed by Index Recheck": 0}]}, {"Node Type": "Hash", "Parent Relationship": "Inner", "Startup Cost": 1.17, "Total Cost": 1.17, "Plan Rows": 17, "Plan Width": 16, "Actual Startup Time": 0.039, "Actual Total Time": 0.039, "Actual Rows": 17, "Actual Loops": 1, "Hash Buckets": 32768, "Hash Batches": 1, "Original Hash Batches": 1, "Peak Memory Usage": 1, "Plans": [{"Node Type": "Seq Scan", "Parent Relationship": "Outer", "Relation Name": "link_type", "Alias": "lt", "Startup Cost": 0.0, "Total Cost": 1.17, "Plan Rows": 17, "Plan Width": 16, "Actual Startup Time": 0.018, "Actual Total Time": 0.023, "Actual Rows": 17, "Actual Loops": 1}]}]}, {"Node Type": "Index Scan", "Parent Relationship": "Inner", "Scan Direction": "Forward", "Index Name": "title_pkey", "Relation Name": "title", "Alias": "t2", "Startup Cost": 0.0, "Total Cost": 4.3, "Plan Rows": 1, "Plan Width": 21, "Actual Startup Time": 0.0, "Actual Total Time": 0.0, "Index Cond": "(id = ml.linked_movie_id)", "Rows Removed by Index Recheck": 0}]}]}, "Triggers": [], "Planner Runtime": 7, "Total Runtime": 42.495, "Unique SQL Id": 524435555}}, "(64, 33)": {"explain_plan": {"Plan": {"Node Type": "Aggregate", "Strategy": "Plain", "Startup Cost": 4047.28, "Total Cost": 4047.29, "Plan Rows": 1, "Plan Width": 142, "Plans": [{"Node Type": "Nested Loop", "Parent Relationship": "Outer", "Join Type": "Inner", "Startup Cost": 4.51, "Total Cost": 4046.12, "Plan Rows": 154, "Plan Width": 46, "Inner Unique": true, "Plans": [{"Node Type": "Nested Loop", "Parent Relationship": "Outer", "Join Type": "Inner", "Startup Cost": 4.51, "Total Cost": 3382.55, "Plan Rows": 154, "Plan Width": 33, "Inner Unique": true, "Plans": [{"Node Type": "Nested Loop", "Parent Relationship": "Outer", "Join Type": "Inner", "Startup Cost": 4.51, "Total Cost": 3339.37, "Plan Rows": 154, "Plan Width": 25, "Inner Unique": false, "Plans": [{"Node Type": "Nested Loop", "Parent Relationship": "Outer", "Join Type": "Inner", "Startup Cost": 4.51, "Total Cost": 3326.15, "Plan Rows": 33, "Plan Width": 25, "Inner Unique": true, "Plans": [{"Node Type": "Nested Loop", "Parent Relationship": "Outer", "Join Type": "Inner", "Startup Cost": 4.51, "Total Cost": 3315.63, "Plan Rows": 33, "Plan Width": 4, "Inner Unique": false, "Plans": [{"Node Type": "Index Scan", "Parent Relationship": "Outer", "Scan Direction": "Forward", "Index Name": "keyword_pkey", "Relation Name": "keyword", "Alias": "k", "Startup Cost": 0.0, "Total Cost": 3182.72, "Plan Rows": 1, "Plan Width": 4, "Filter": "((keyword)::text = '10,000-mile-club'::text)"}, {"Node Type": "Bitmap Heap Scan", "Parent Relationship": "Inner", "Relation Name": "movie_keyword", "Alias": "mk", "Startup Cost": 4.51, "Total Cost": 132.58, "Plan Rows": 33, "Plan Width": 8, "Recheck Cond": "(keyword_id = k.id)", "Plans": [{"Node Type": "Bitmap Index Scan", "Parent Relationship": "Outer", "Index Name": "keyword_id_movie_keyword", "Startup Cost": 0.0, "Total Cost": 4.5, "Plan Rows": 33, "Plan Width": 0, "Index Cond": "(keyword_id = k.id)"}]}]}, {"Node Type": "Index Scan", "Parent Relationship": "Inner", "Scan Direction": "Forward", "Index Name": "title_pkey", "Relation Name": "title", "Alias": "t1", "Startup Cost": 0.0, "Total Cost": 0.31, "Plan Rows": 1, "Plan Width": 21, "Index Cond": "(id = mk.movie_id)"}]}, {"Node Type": "Index Scan", "Parent Relationship": "Inner", "Scan Direction": "Forward", "Index Name": "movie_id_movie_link", "Relation Name": "movie_link", "Alias": "ml", "Startup Cost": 0.0, "Total Cost": 0.35, "Plan Rows": 5, "Plan Width": 12, "Index Cond": "(movie_id = t1.id)"}]}, {"Node Type": "Index Scan", "Parent Relationship": "Inner", "Scan Direction": "Forward", "Index Name": "link_type_pkey", "Relation Name": "link_type", "Alias": "lt", "Startup Cost": 0.0, "Total Cost": 0.27, "Plan Rows": 1, "Plan Width": 16, "Index Cond": "(id = ml.link_type_id)"}]}, {"Node Type": "Index Scan", "Parent Relationship": "Inner", "Scan Direction": "Forward", "Index Name": "title_pkey", "Relation Name": "title", "Alias": "t2", "Startup Cost": 0.0, "Total Cost": 4.3, "Plan Rows": 1, "Plan Width": 21, "Index Cond": "(id = ml.linked_movie_id)"}]}]}, "Unique SQL Id": 524435555, "Planner Runtime": 4}, "explain_analyze_plan": {"Plan": {"Node Type": "Aggregate", "Strategy": "Plain", "Startup Cost": 4047.28, "Total Cost": 4047.29, "Plan Rows": 1, "Plan Width": 142, "Actual Startup Time": 114.984, "Actual Total Time": 114.985, "Actual Rows": 1, "Actual Loops": 1, "Plans": [{"Node Type": "Nested Loop", "Parent Relationship": "Outer", "Join Type": "Inner", "Startup Cost": 4.51, "Total Cost": 4046.12, "Plan Rows": 154, "Plan Width": 46, "Actual Startup Time": 114.978, "Actual Total Time": 114.978, "Actual Rows": 0, "Actual Loops": 1, "Inner Unique": true, "Plans": [{"Node Type": "Nested Loop", "Parent Relationship": "Outer", "Join Type": "Inner", "Startup Cost": 4.51, "Total Cost": 3382.55, "Plan Rows": 154, "Plan Width": 33, "Actual Startup Time": 114.977, "Actual Total Time": 114.977, "Actual Rows": 0, "Actual Loops": 1, "Inner Unique": true, "Plans": [{"Node Type": "Nested Loop", "Parent Relationship": "Outer", "Join Type": "Inner", "Startup Cost": 4.51, "Total Cost": 3339.37, "Plan Rows": 154, "Plan Width": 25, "Actual Startup Time": 114.976, "Actual Total Time": 114.976, "Actual Rows": 0, "Actual Loops": 1, "Inner Unique": false, "Plans": [{"Node Type": "Nested Loop", "Parent Relationship": "Outer", "Join Type": "Inner", "Startup Cost": 4.51, "Total Cost": 3326.15, "Plan Rows": 33, "Plan Width": 25, "Actual Startup Time": 113.117, "Actual Total Time": 114.965, "Actual Rows": 1, "Actual Loops": 1, "Inner Unique": true, "Plans": [{"Node Type": "Nested Loop", "Parent Relationship": "Outer", "Join Type": "Inner", "Startup Cost": 4.51, "Total Cost": 3315.63, "Plan Rows": 33, "Plan Width": 4, "Actual Startup Time": 113.093, "Actual Total Time": 114.94, "Actual Rows": 1, "Actual Loops": 1, "Inner Unique": false, "Plans": [{"Node Type": "Index Scan", "Parent Relationship": "Outer", "Scan Direction": "Forward", "Index Name": "keyword_pkey", "Relation Name": "keyword", "Alias": "k", "Startup Cost": 0.0, "Total Cost": 3182.72, "Plan Rows": 1, "Plan Width": 4, "Actual Startup Time": 113.04, "Actual Total Time": 114.886, "Actual Rows": 1, "Actual Loops": 1, "Filter": "((keyword)::text = '10,000-mile-club'::text)", "Rows Removed by Filter": 134168}, {"Node Type": "Bitmap Heap Scan", "Parent Relationship": "Inner", "Relation Name": "movie_keyword", "Alias": "mk", "Startup Cost": 4.51, "Total Cost": 132.58, "Plan Rows": 33, "Plan Width": 8, "Actual Startup Time": 0.033, "Actual Total Time": 0.033, "Actual Rows": 1, "Actual Loops": 1, "Recheck Cond": "(keyword_id = k.id)", "Rows Removed by Index Recheck": 0, "Exact Heap Blocks": 1, "Lossy Heap Blocks": 1, "Plans": [{"Node Type": "Bitmap Index Scan", "Parent Relationship": "Outer", "Index Name": "keyword_id_movie_keyword", "Startup Cost": 0.0, "Total Cost": 4.5, "Plan Rows": 33, "Plan Width": 0, "Actual Startup Time": 0.02, "Actual Total Time": 0.02, "Actual Rows": 1, "Actual Loops": 1, "Index Cond": "(keyword_id = k.id)"}]}]}, {"Node Type": "Index Scan", "Parent Relationship": "Inner", "Scan Direction": "Forward", "Index Name": "title_pkey", "Relation Name": "title", "Alias": "t1", "Startup Cost": 0.0, "Total Cost": 0.31, "Plan Rows": 1, "Plan Width": 21, "Actual Startup Time": 0.017, "Actual Total Time": 0.017, "Actual Rows": 1, "Actual Loops": 1, "Index Cond": "(id = mk.movie_id)", "Rows Removed by Index Recheck": 0}]}, {"Node Type": "Index Scan", "Parent Relationship": "Inner", "Scan Direction": "Forward", "Index Name": "movie_id_movie_link", "Relation Name": "movie_link", "Alias": "ml", "Startup Cost": 0.0, "Total Cost": 0.35, "Plan Rows": 5, "Plan Width": 12, "Actual Startup Time": 0.006, "Actual Total Time": 0.006, "Actual Rows": 0, "Actual Loops": 1, "Index Cond": "(movie_id = t1.id)", "Rows Removed by Index Recheck": 0}]}, {"Node Type": "Index Scan", "Parent Relationship": "Inner", "Scan Direction": "Forward", "Index Name": "link_type_pkey", "Relation Name": "link_type", "Alias": "lt", "Startup Cost": 0.0, "Total Cost": 0.27, "Plan Rows": 1, "Plan Width": 16, "Actual Startup Time": 0.0, "Actual Total Time": 0.0, "Index Cond": "(id = ml.link_type_id)", "Rows Removed by Index Recheck": 0}]}, {"Node Type": "Index Scan", "Parent Relationship": "Inner", "Scan Direction": "Forward", "Index Name": "title_pkey", "Relation Name": "title", "Alias": "t2", "Startup Cost": 0.0, "Total Cost": 4.3, "Plan Rows": 1, "Plan Width": 21, "Actual Startup Time": 0.0, "Actual Total Time": 0.0, "Index Cond": "(id = ml.linked_movie_id)", "Rows Removed by Index Recheck": 0}]}]}, "Triggers": [], "Planner Runtime": 2, "Total Runtime": 115.266, "Unique SQL Id": 524435555}}, "(64, 34)": {"explain_plan": {"Plan": {"Node Type": "Aggregate", "Strategy": "Plain", "Startup Cost": 3709.86, "Total Cost": 3709.87, "Plan Rows": 1, "Plan Width": 142, "Plans": [{"Node Type": "Nested Loop", "Parent Relationship": "Outer", "Join Type": "Inner", "Startup Cost": 7.93, "Total Cost": 3708.7, "Plan Rows": 154, "Plan Width": 46, "Inner Unique": true, "Plans": [{"Node Type": "Hash Join", "Parent Relationship": "Outer", "Join Type": "Inner", "Startup Cost": 6.44, "Total Cost": 2859.52, "Plan Rows": 154, "Plan Width": 33, "Inner Unique": true, "Hash Cond": "(ml.link_type_id = lt.id)", "Plans": [{"Node Type": "Nested Loop", "Parent Relationship": "Outer", "Join Type": "Inner", "Startup Cost": 5.06, "Total Cost": 2856.2, "Plan Rows": 154, "Plan Width": 25, "Inner Unique": false, "Join Filter": "(t1.id = ml.movie_id)", "Plans": [{"Node Type": "Nested Loop", "Parent Relationship": "Outer", "Join Type": "Inner", "Startup Cost": 4.77, "Total Cost": 2710.54, "Plan Rows": 33, "Plan Width": 25, "Inner Unique": true, "Plans": [{"Node Type": "Nested Loop", "Parent Relationship": "Outer", "Join Type": "Inner", "Startup Cost": 4.51, "Total Cost": 2569.02, "Plan Rows": 33, "Plan Width": 4, "Inner Unique": false, "Plans": [{"Node Type": "Seq Scan", "Parent Relationship": "Outer", "Relation Name": "keyword", "Alias": "k", "Startup Cost": 0.0, "Total Cost": 2436.11, "Plan Rows": 1, "Plan Width": 4, "Filter": "((keyword)::text = '10,000-mile-club'::text)"}, {"Node Type": "Bitmap Heap Scan", "Parent Relationship": "Inner", "Relation Name": "movie_keyword", "Alias": "mk", "Startup Cost": 4.51, "Total Cost": 132.58, "Plan Rows": 33, "Plan Width": 8, "Recheck Cond": "(keyword_id = k.id)", "Plans": [{"Node Type": "Bitmap Index Scan", "Parent Relationship": "Outer", "Index Name": "keyword_id_movie_keyword", "Startup Cost": 0.0, "Total Cost": 4.5, "Plan Rows": 33, "Plan Width": 0, "Index Cond": "(keyword_id = k.id)"}]}]}, {"Node Type": "Bitmap Heap Scan", "Parent Relationship": "Inner", "Relation Name": "title", "Alias": "t1", "Startup Cost": 0.27, "Total Cost": 4.28, "Plan Rows": 1, "Plan Width": 21, "Recheck Cond": "(id = mk.movie_id)", "Plans": [{"Node Type": "Bitmap Index Scan", "Parent Relationship": "Outer", "Index Name": "title_pkey", "Startup Cost": 0.0, "Total Cost": 0.27, "Plan Rows": 1, "Plan Width": 0, "Index Cond": "(id = mk.movie_id)"}]}]}, {"Node Type": "Bitmap Heap Scan", "Parent Relationship": "Inner", "Relation Name": "movie_link", "Alias": "ml", "Startup Cost": 0.29, "Total Cost": 4.35, "Plan Rows": 5, "Plan Width": 12, "Recheck Cond": "(movie_id = mk.movie_id)", "Plans": [{"Node Type": "Bitmap Index Scan", "Parent Relationship": "Outer", "Index Name": "movie_id_movie_link", "Startup Cost": 0.0, "Total Cost": 0.29, "Plan Rows": 5, "Plan Width": 0, "Index Cond": "(movie_id = mk.movie_id)"}]}]}, {"Node Type": "Hash", "Parent Relationship": "Inner", "Startup Cost": 1.17, "Total Cost": 1.17, "Plan Rows": 17, "Plan Width": 16, "Plans": [{"Node Type": "Seq Scan", "Parent Relationship": "Outer", "Relation Name": "link_type", "Alias": "lt", "Startup Cost": 0.0, "Total Cost": 1.17, "Plan Rows": 17, "Plan Width": 16}]}]}, {"Node Type": "Bitmap Heap Scan", "Parent Relationship": "Inner", "Relation Name": "title", "Alias": "t2", "Startup Cost": 1.49, "Total Cost": 5.5, "Plan Rows": 1, "Plan Width": 21, "Recheck Cond": "(id = ml.linked_movie_id)", "Plans": [{"Node Type": "Bitmap Index Scan", "Parent Relationship": "Outer", "Index Name": "title_pkey", "Startup Cost": 0.0, "Total Cost": 1.49, "Plan Rows": 1, "Plan Width": 0, "Index Cond": "(id = ml.linked_movie_id)"}]}]}]}, "Unique SQL Id": 524435555, "Planner Runtime": 7}, "explain_analyze_plan": {"Plan": {"Node Type": "Aggregate", "Strategy": "Plain", "Startup Cost": 3709.86, "Total Cost": 3709.87, "Plan Rows": 1, "Plan Width": 142, "Actual Startup Time": 40.984, "Actual Total Time": 40.985, "Actual Rows": 1, "Actual Loops": 1, "Plans": [{"Node Type": "Nested Loop", "Parent Relationship": "Outer", "Join Type": "Inner", "Startup Cost": 7.93, "Total Cost": 3708.7, "Plan Rows": 154, "Plan Width": 46, "Actual Startup Time": 40.979, "Actual Total Time": 40.979, "Actual Rows": 0, "Actual Loops": 1, "Inner Unique": true, "Plans": [{"Node Type": "Hash Join", "Parent Relationship": "Outer", "Join Type": "Inner", "Startup Cost": 6.44, "Total Cost": 2859.52, "Plan Rows": 154, "Plan Width": 33, "Actual Startup Time": 40.951, "Actual Total Time": 40.951, "Actual Rows": 0, "Actual Loops": 1, "Inner Unique": true, "Hash Cond": "(ml.link_type_id = lt.id)", "Plans": [{"Node Type": "Nested Loop", "Parent Relationship": "Outer", "Join Type": "Inner", "Startup Cost": 5.06, "Total Cost": 2856.2, "Plan Rows": 154, "Plan Width": 25, "Actual Startup Time": 40.887, "Actual Total Time": 40.887, "Actual Rows": 0, "Actual Loops": 1, "Inner Unique": false, "Join Filter": "(t1.id = ml.movie_id)", "Rows Removed by Join Filter": 0, "Plans": [{"Node Type": "Nested Loop", "Parent Relationship": "Outer", "Join Type": "Inner", "Startup Cost": 4.77, "Total Cost": 2710.54, "Plan Rows": 33, "Plan Width": 25, "Actual Startup Time": 40.006, "Actual Total Time": 40.875, "Actual Rows": 1, "Actual Loops": 1, "Inner Unique": true, "Plans": [{"Node Type": "Nested Loop", "Parent Relationship": "Outer", "Join Type": "Inner", "Startup Cost": 4.51, "Total Cost": 2569.02, "Plan Rows": 33, "Plan Width": 4, "Actual Startup Time": 39.991, "Actual Total Time": 40.859, "Actual Rows": 1, "Actual Loops": 1, "Inner Unique": false, "Plans": [{"Node Type": "Seq Scan", "Parent Relationship": "Outer", "Relation Name": "keyword", "Alias": "k", "Startup Cost": 0.0, "Total Cost": 2436.11, "Plan Rows": 1, "Plan Width": 4, "Actual Startup Time": 39.951, "Actual Total Time": 40.817, "Actual Rows": 1, "Actual Loops": 1, "Filter": "((keyword)::text = '10,000-mile-club'::text)", "Rows Removed by Filter": 134168}, {"Node Type": "Bitmap Heap Scan", "Parent Relationship": "Inner", "Relation Name": "movie_keyword", "Alias": "mk", "Startup Cost": 4.51, "Total Cost": 132.58, "Plan Rows": 33, "Plan Width": 8, "Actual Startup Time": 0.03, "Actual Total Time": 0.031, "Actual Rows": 1, "Actual Loops": 1, "Recheck Cond": "(keyword_id = k.id)", "Rows Removed by Index Recheck": 0, "Exact Heap Blocks": 1, "Lossy Heap Blocks": 1, "Plans": [{"Node Type": "Bitmap Index Scan", "Parent Relationship": "Outer", "Index Name": "keyword_id_movie_keyword", "Startup Cost": 0.0, "Total Cost": 4.5, "Plan Rows": 33, "Plan Width": 0, "Actual Startup Time": 0.019, "Actual Total Time": 0.019, "Actual Rows": 1, "Actual Loops": 1, "Index Cond": "(keyword_id = k.id)"}]}]}, {"Node Type": "Bitmap Heap Scan", "Parent Relationship": "Inner", "Relation Name": "title", "Alias": "t1", "Startup Cost": 0.27, "Total Cost": 4.28, "Plan Rows": 1, "Plan Width": 21, "Actual Startup Time": 0.011, "Actual Total Time": 0.011, "Actual Rows": 1, "Actual Loops": 1, "Recheck Cond": "(id = mk.movie_id)", "Rows Removed by Index Recheck": 0, "Exact Heap Blocks": 1, "Lossy Heap Blocks": 1, "Plans": [{"Node Type": "Bitmap Index Scan", "Parent Relationship": "Outer", "Index Name": "title_pkey", "Startup Cost": 0.0, "Total Cost": 0.27, "Plan Rows": 1, "Plan Width": 0, "Actual Startup Time": 0.007, "Actual Total Time": 0.007, "Actual Rows": 1, "Actual Loops": 1, "Index Cond": "(id = mk.movie_id)"}]}]}, {"Node Type": "Bitmap Heap Scan", "Parent Relationship": "Inner", "Relation Name": "movie_link", "Alias": "ml", "Startup Cost": 0.29, "Total Cost": 4.35, "Plan Rows": 5, "Plan Width": 12, "Actual Startup Time": 0.01, "Actual Total Time": 0.01, "Actual Rows": 0, "Actual Loops": 1, "Recheck Cond": "(movie_id = mk.movie_id)", "Rows Removed by Index Recheck": 0, "Exact Heap Blocks": 0, "Lossy Heap Blocks": 0, "Plans": [{"Node Type": "Bitmap Index Scan", "Parent Relationship": "Outer", "Index Name": "movie_id_movie_link", "Startup Cost": 0.0, "Total Cost": 0.29, "Plan Rows": 5, "Plan Width": 0, "Actual Startup Time": 0.005, "Actual Total Time": 0.005, "Actual Rows": 0, "Actual Loops": 1, "Index Cond": "(movie_id = mk.movie_id)"}]}]}, {"Node Type": "Hash", "Parent Relationship": "Inner", "Startup Cost": 1.17, "Total Cost": 1.17, "Plan Rows": 17, "Plan Width": 16, "Actual Startup Time": 0.027, "Actual Total Time": 0.027, "Actual Rows": 17, "Actual Loops": 1, "Hash Buckets": 32768, "Hash Batches": 1, "Original Hash Batches": 1, "Peak Memory Usage": 1, "Plans": [{"Node Type": "Seq Scan", "Parent Relationship": "Outer", "Relation Name": "link_type", "Alias": "lt", "Startup Cost": 0.0, "Total Cost": 1.17, "Plan Rows": 17, "Plan Width": 16, "Actual Startup Time": 0.01, "Actual Total Time": 0.013, "Actual Rows": 17, "Actual Loops": 1}]}]}, {"Node Type": "Bitmap Heap Scan", "Parent Relationship": "Inner", "Relation Name": "title", "Alias": "t2", "Startup Cost": 1.49, "Total Cost": 5.5, "Plan Rows": 1, "Plan Width": 21, "Actual Startup Time": 0.0, "Actual Total Time": 0.0, "Recheck Cond": "(id = ml.linked_movie_id)", "Rows Removed by Index Recheck": 0, "Exact Heap Blocks": 0, "Lossy Heap Blocks": 0, "Plans": [{"Node Type": "Bitmap Index Scan", "Parent Relationship": "Outer", "Index Name": "title_pkey", "Startup Cost": 0.0, "Total Cost": 1.49, "Plan Rows": 1, "Plan Width": 0, "Actual Startup Time": 0.0, "Actual Total Time": 0.0, "Index Cond": "(id = ml.linked_movie_id)"}]}]}]}, "Triggers": [], "Planner Runtime": 7, "Total Runtime": 41.244, "Unique SQL Id": 524435555}}, "(64, 35)": {"explain_plan": {"Plan": {"Node Type": "Aggregate", "Strategy": "Plain", "Startup Cost": 4440.29, "Total Cost": 4440.3, "Plan Rows": 1, "Plan Width": 142, "Plans": [{"Node Type": "Nested Loop", "Parent Relationship": "Outer", "Join Type": "Inner", "Startup Cost": 738.37, "Total Cost": 4439.14, "Plan Rows": 154, "Plan Width": 46, "Inner Unique": true, "Plans": [{"Node Type": "Hash Join", "Parent Relationship": "Outer", "Join Type": "Inner", "Startup Cost": 736.88, "Total Cost": 3589.96, "Plan Rows": 154, "Plan Width": 33, "Inner Unique": true, "Hash Cond": "(ml.link_type_id = lt.id)", "Plans": [{"Node Type": "Nested Loop", "Parent Relationship": "Outer", "Join Type": "Inner", "Startup Cost": 724.16, "Total Cost": 3575.3, "Plan Rows": 154, "Plan Width": 25, "Inner Unique": false, "Join Filter": "(t1.id = ml.movie_id)", "Plans": [{"Node Type": "Nested Loop", "Parent Relationship": "Outer", "Join Type": "Inner", "Startup Cost": 723.87, "Total Cost": 3429.64, "Plan Rows": 33, "Plan Width": 25, "Inner Unique": true, "Plans": [{"Node Type": "Nested Loop", "Parent Relationship": "Outer", "Join Type": "Inner", "Startup Cost": 723.6, "Total Cost": 3288.12, "Plan Rows": 33, "Plan Width": 4, "Inner Unique": false, "Plans": [{"Node Type": "Bitmap Heap Scan", "Parent Relationship": "Outer", "Relation Name": "keyword", "Alias": "k", "Startup Cost": 719.1, "Total Cost": 3155.21, "Plan Rows": 1, "Plan Width": 4, "Filter": "((keyword)::text = '10,000-mile-club'::text)", "Plans": [{"Node Type": "Bitmap Index Scan", "Parent Relationship": "Outer", "Index Name": "keyword_pkey", "Startup Cost": 0.0, "Total Cost": 719.1, "Plan Rows": 134169, "Plan Width": 0}]}, {"Node Type": "Bitmap Heap Scan", "Parent Relationship": "Inner", "Relation Name": "movie_keyword", "Alias": "mk", "Startup Cost": 4.51, "Total Cost": 132.58, "Plan Rows": 33, "Plan Width": 8, "Recheck Cond": "(keyword_id = k.id)", "Plans": [{"Node Type": "Bitmap Index Scan", "Parent Relationship": "Outer", "Index Name": "keyword_id_movie_keyword", "Startup Cost": 0.0, "Total Cost": 4.5, "Plan Rows": 33, "Plan Width": 0, "Index Cond": "(keyword_id = k.id)"}]}]}, {"Node Type": "Bitmap Heap Scan", "Parent Relationship": "Inner", "Relation Name": "title", "Alias": "t1", "Startup Cost": 0.27, "Total Cost": 4.28, "Plan Rows": 1, "Plan Width": 21, "Recheck Cond": "(id = mk.movie_id)", "Plans": [{"Node Type": "Bitmap Index Scan", "Parent Relationship": "Outer", "Index Name": "title_pkey", "Startup Cost": 0.0, "Total Cost": 0.27, "Plan Rows": 1, "Plan Width": 0, "Index Cond": "(id = mk.movie_id)"}]}]}, {"Node Type": "Bitmap Heap Scan", "Parent Relationship": "Inner", "Relation Name": "movie_link", "Alias": "ml", "Startup Cost": 0.29, "Total Cost": 4.35, "Plan Rows": 5, "Plan Width": 12, "Recheck Cond": "(movie_id = mk.movie_id)", "Plans": [{"Node Type": "Bitmap Index Scan", "Parent Relationship": "Outer", "Index Name": "movie_id_movie_link", "Startup Cost": 0.0, "Total Cost": 0.29, "Plan Rows": 5, "Plan Width": 0, "Index Cond": "(movie_id = mk.movie_id)"}]}]}, {"Node Type": "Hash", "Parent Relationship": "Inner", "Startup Cost": 12.51, "Total Cost": 12.51, "Plan Rows": 17, "Plan Width": 16, "Plans": [{"Node Type": "Bitmap Heap Scan", "Parent Relationship": "Outer", "Relation Name": "link_type", "Alias": "lt", "Startup Cost": 8.34, "Total Cost": 12.51, "Plan Rows": 17, "Plan Width": 16, "Plans": [{"Node Type": "Bitmap Index Scan", "Parent Relationship": "Outer", "Index Name": "link_type_pkey", "Startup Cost": 0.0, "Total Cost": 8.34, "Plan Rows": 17, "Plan Width": 0}]}]}]}, {"Node Type": "Bitmap Heap Scan", "Parent Relationship": "Inner", "Relation Name": "title", "Alias": "t2", "Startup Cost": 1.49, "Total Cost": 5.5, "Plan Rows": 1, "Plan Width": 21, "Recheck Cond": "(id = ml.linked_movie_id)", "Plans": [{"Node Type": "Bitmap Index Scan", "Parent Relationship": "Outer", "Index Name": "title_pkey", "Startup Cost": 0.0, "Total Cost": 1.49, "Plan Rows": 1, "Plan Width": 0, "Index Cond": "(id = ml.linked_movie_id)"}]}]}]}, "Unique SQL Id": 524435555, "Planner Runtime": 7}, "explain_analyze_plan": {"Plan": {"Node Type": "Aggregate", "Strategy": "Plain", "Startup Cost": 4440.29, "Total Cost": 4440.3, "Plan Rows": 1, "Plan Width": 142, "Actual Startup Time": 62.07, "Actual Total Time": 62.07, "Actual Rows": 1, "Actual Loops": 1, "Plans": [{"Node Type": "Nested Loop", "Parent Relationship": "Outer", "Join Type": "Inner", "Startup Cost": 738.37, "Total Cost": 4439.14, "Plan Rows": 154, "Plan Width": 46, "Actual Startup Time": 62.064, "Actual Total Time": 62.064, "Actual Rows": 0, "Actual Loops": 1, "Inner Unique": true, "Plans": [{"Node Type": "Hash Join", "Parent Relationship": "Outer", "Join Type": "Inner", "Startup Cost": 736.88, "Total Cost": 3589.96, "Plan Rows": 154, "Plan Width": 33, "Actual Startup Time": 62.038, "Actual Total Time": 62.038, "Actual Rows": 0, "Actual Loops": 1, "Inner Unique": true, "Hash Cond": "(ml.link_type_id = lt.id)", "Plans": [{"Node Type": "Nested Loop", "Parent Relationship": "Outer", "Join Type": "Inner", "Startup Cost": 724.16, "Total Cost": 3575.3, "Plan Rows": 154, "Plan Width": 25, "Actual Startup Time": 61.97, "Actual Total Time": 61.97, "Actual Rows": 0, "Actual Loops": 1, "Inner Unique": false, "Join Filter": "(t1.id = ml.movie_id)", "Rows Removed by Join Filter": 0, "Plans": [{"Node Type": "Nested Loop", "Parent Relationship": "Outer", "Join Type": "Inner", "Startup Cost": 723.87, "Total Cost": 3429.64, "Plan Rows": 33, "Plan Width": 25, "Actual Startup Time": 60.895, "Actual Total Time": 61.961, "Actual Rows": 1, "Actual Loops": 1, "Inner Unique": true, "Plans": [{"Node Type": "Nested Loop", "Parent Relationship": "Outer", "Join Type": "Inner", "Startup Cost": 723.6, "Total Cost": 3288.12, "Plan Rows": 33, "Plan Width": 4, "Actual Startup Time": 60.881, "Actual Total Time": 61.947, "Actual Rows": 1, "Actual Loops": 1, "Inner Unique": false, "Plans": [{"Node Type": "Bitmap Heap Scan", "Parent Relationship": "Outer", "Relation Name": "keyword", "Alias": "k", "Startup Cost": 719.1, "Total Cost": 3155.21, "Plan Rows": 1, "Plan Width": 4, "Actual Startup Time": 60.839, "Actual Total Time": 61.903, "Actual Rows": 1, "Actual Loops": 1, "Filter": "((keyword)::text = '10,000-mile-club'::text)", "Rows Removed by Filter": 134168, "Exact Heap Blocks": 759, "Lossy Heap Blocks": 759, "Plans": [{"Node Type": "Bitmap Index Scan", "Parent Relationship": "Outer", "Index Name": "keyword_pkey", "Startup Cost": 0.0, "Total Cost": 719.1, "Plan Rows": 134169, "Plan Width": 0, "Actual Startup Time": 11.71, "Actual Total Time": 11.71, "Actual Rows": 134169, "Actual Loops": 1}]}, {"Node Type": "Bitmap Heap Scan", "Parent Relationship": "Inner", "Relation Name": "movie_keyword", "Alias": "mk", "Startup Cost": 4.51, "Total Cost": 132.58, "Plan Rows": 33, "Plan Width": 8, "Actual Startup Time": 0.029, "Actual Total Time": 0.029, "Actual Rows": 1, "Actual Loops": 1, "Recheck Cond": "(keyword_id = k.id)", "Rows Removed by Index Recheck": 0, "Exact Heap Blocks": 1, "Lossy Heap Blocks": 1, "Plans": [{"Node Type": "Bitmap Index Scan", "Parent Relationship": "Outer", "Index Name": "keyword_id_movie_keyword", "Startup Cost": 0.0, "Total Cost": 4.5, "Plan Rows": 33, "Plan Width": 0, "Actual Startup Time": 0.02, "Actual Total Time": 0.02, "Actual Rows": 1, "Actual Loops": 1, "Index Cond": "(keyword_id = k.id)"}]}]}, {"Node Type": "Bitmap Heap Scan", "Parent Relationship": "Inner", "Relation Name": "title", "Alias": "t1", "Startup Cost": 0.27, "Total Cost": 4.28, "Plan Rows": 1, "Plan Width": 21, "Actual Startup Time": 0.011, "Actual Total Time": 0.011, "Actual Rows": 1, "Actual Loops": 1, "Recheck Cond": "(id = mk.movie_id)", "Rows Removed by Index Recheck": 0, "Exact Heap Blocks": 1, "Lossy Heap Blocks": 1, "Plans": [{"Node Type": "Bitmap Index Scan", "Parent Relationship": "Outer", "Index Name": "title_pkey", "Startup Cost": 0.0, "Total Cost": 0.27, "Plan Rows": 1, "Plan Width": 0, "Actual Startup Time": 0.007, "Actual Total Time": 0.007, "Actual Rows": 1, "Actual Loops": 1, "Index Cond": "(id = mk.movie_id)"}]}]}, {"Node Type": "Bitmap Heap Scan", "Parent Relationship": "Inner", "Relation Name": "movie_link", "Alias": "ml", "Startup Cost": 0.29, "Total Cost": 4.35, "Plan Rows": 5, "Plan Width": 12, "Actual Startup Time": 0.006, "Actual Total Time": 0.006, "Actual Rows": 0, "Actual Loops": 1, "Recheck Cond": "(movie_id = mk.movie_id)", "Rows Removed by Index Recheck": 0, "Exact Heap Blocks": 0, "Lossy Heap Blocks": 0, "Plans": [{"Node Type": "Bitmap Index Scan", "Parent Relationship": "Outer", "Index Name": "movie_id_movie_link", "Startup Cost": 0.0, "Total Cost": 0.29, "Plan Rows": 5, "Plan Width": 0, "Actual Startup Time": 0.003, "Actual Total Time": 0.003, "Actual Rows": 0, "Actual Loops": 1, "Index Cond": "(movie_id = mk.movie_id)"}]}]}, {"Node Type": "Hash", "Parent Relationship": "Inner", "Startup Cost": 12.51, "Total Cost": 12.51, "Plan Rows": 17, "Plan Width": 16, "Actual Startup Time": 0.033, "Actual Total Time": 0.033, "Actual Rows": 17, "Actual Loops": 1, "Hash Buckets": 32768, "Hash Batches": 1, "Original Hash Batches": 1, "Peak Memory Usage": 1, "Plans": [{"Node Type": "Bitmap Heap Scan", "Parent Relationship": "Outer", "Relation Name": "link_type", "Alias": "lt", "Startup Cost": 8.34, "Total Cost": 12.51, "Plan Rows": 17, "Plan Width": 16, "Actual Startup Time": 0.018, "Actual Total Time": 0.023, "Actual Rows": 17, "Actual Loops": 1, "Exact Heap Blocks": 1, "Lossy Heap Blocks": 1, "Plans": [{"Node Type": "Bitmap Index Scan", "Parent Relationship": "Outer", "Index Name": "link_type_pkey", "Startup Cost": 0.0, "Total Cost": 8.34, "Plan Rows": 17, "Plan Width": 0, "Actual Startup Time": 0.007, "Actual Total Time": 0.007, "Actual Rows": 17, "Actual Loops": 1}]}]}]}, {"Node Type": "Bitmap Heap Scan", "Parent Relationship": "Inner", "Relation Name": "title", "Alias": "t2", "Startup Cost": 1.49, "Total Cost": 5.5, "Plan Rows": 1, "Plan Width": 21, "Actual Startup Time": 0.0, "Actual Total Time": 0.0, "Recheck Cond": "(id = ml.linked_movie_id)", "Rows Removed by Index Recheck": 0, "Exact Heap Blocks": 0, "Lossy Heap Blocks": 0, "Plans": [{"Node Type": "Bitmap Index Scan", "Parent Relationship": "Outer", "Index Name": "title_pkey", "Startup Cost": 0.0, "Total Cost": 1.49, "Plan Rows": 1, "Plan Width": 0, "Actual Startup Time": 0.0, "Actual Total Time": 0.0, "Index Cond": "(id = ml.linked_movie_id)"}]}]}]}, "Triggers": [], "Planner Runtime": 7, "Total Runtime": 62.334, "Unique SQL Id": 524435555}}, "(64, 36)": {"explain_plan": {"Plan": {"Node Type": "Aggregate", "Strategy": "Plain", "Startup Cost": 3260.82, "Total Cost": 3260.83, "Plan Rows": 1, "Plan Width": 142, "Plans": [{"Node Type": "Nested Loop", "Parent Relationship": "Outer", "Join Type": "Inner", "Startup Cost": 5.89, "Total Cost": 3259.66, "Plan Rows": 154, "Plan Width": 46, "Inner Unique": true, "Plans": [{"Node Type": "Hash Join", "Parent Relationship": "Outer", "Join Type": "Inner", "Startup Cost": 5.89, "Total Cost": 2596.09, "Plan Rows": 154, "Plan Width": 33, "Inner Unique": true, "Hash Cond": "(ml.link_type_id = lt.id)", "Plans": [{"Node Type": "Nested Loop", "Parent Relationship": "Outer", "Join Type": "Inner", "Startup Cost": 4.51, "Total Cost": 2592.76, "Plan Rows": 154, "Plan Width": 25, "Inner Unique": false, "Plans": [{"Node Type": "Nested Loop", "Parent Relationship": "Outer", "Join Type": "Inner", "Startup Cost": 4.51, "Total Cost": 2579.55, "Plan Rows": 33, "Plan Width": 25, "Inner Unique": true, "Plans": [{"Node Type": "Nested Loop", "Parent Relationship": "Outer", "Join Type": "Inner", "Startup Cost": 4.51, "Total Cost": 2569.02, "Plan Rows": 33, "Plan Width": 4, "Inner Unique": false, "Plans": [{"Node Type": "Seq Scan", "Parent Relationship": "Outer", "Relation Name": "keyword", "Alias": "k", "Startup Cost": 0.0, "Total Cost": 2436.11, "Plan Rows": 1, "Plan Width": 4, "Filter": "((keyword)::text = '10,000-mile-club'::text)"}, {"Node Type": "Bitmap Heap Scan", "Parent Relationship": "Inner", "Relation Name": "movie_keyword", "Alias": "mk", "Startup Cost": 4.51, "Total Cost": 132.58, "Plan Rows": 33, "Plan Width": 8, "Recheck Cond": "(keyword_id = k.id)", "Plans": [{"Node Type": "Bitmap Index Scan", "Parent Relationship": "Outer", "Index Name": "keyword_id_movie_keyword", "Startup Cost": 0.0, "Total Cost": 4.5, "Plan Rows": 33, "Plan Width": 0, "Index Cond": "(keyword_id = k.id)"}]}]}, {"Node Type": "Index Scan", "Parent Relationship": "Inner", "Scan Direction": "Forward", "Index Name": "title_pkey", "Relation Name": "title", "Alias": "t1", "Startup Cost": 0.0, "Total Cost": 0.31, "Plan Rows": 1, "Plan Width": 21, "Index Cond": "(id = mk.movie_id)"}]}, {"Node Type": "Index Scan", "Parent Relationship": "Inner", "Scan Direction": "Forward", "Index Name": "movie_id_movie_link", "Relation Name": "movie_link", "Alias": "ml", "Startup Cost": 0.0, "Total Cost": 0.35, "Plan Rows": 5, "Plan Width": 12, "Index Cond": "(movie_id = t1.id)"}]}, {"Node Type": "Hash", "Parent Relationship": "Inner", "Startup Cost": 1.17, "Total Cost": 1.17, "Plan Rows": 17, "Plan Width": 16, "Plans": [{"Node Type": "Seq Scan", "Parent Relationship": "Outer", "Relation Name": "link_type", "Alias": "lt", "Startup Cost": 0.0, "Total Cost": 1.17, "Plan Rows": 17, "Plan Width": 16}]}]}, {"Node Type": "Index Scan", "Parent Relationship": "Inner", "Scan Direction": "Forward", "Index Name": "title_pkey", "Relation Name": "title", "Alias": "t2", "Startup Cost": 0.0, "Total Cost": 4.3, "Plan Rows": 1, "Plan Width": 21, "Index Cond": "(id = ml.linked_movie_id)"}]}]}, "Unique SQL Id": 524435555, "Planner Runtime": 7}, "explain_analyze_plan": {"Plan": {"Node Type": "Aggregate", "Strategy": "Plain", "Startup Cost": 3260.82, "Total Cost": 3260.83, "Plan Rows": 1, "Plan Width": 142, "Actual Startup Time": 42.192, "Actual Total Time": 42.192, "Actual Rows": 1, "Actual Loops": 1, "Plans": [{"Node Type": "Nested Loop", "Parent Relationship": "Outer", "Join Type": "Inner", "Startup Cost": 5.89, "Total Cost": 3259.66, "Plan Rows": 154, "Plan Width": 46, "Actual Startup Time": 42.184, "Actual Total Time": 42.184, "Actual Rows": 0, "Actual Loops": 1, "Inner Unique": true, "Plans": [{"Node Type": "Hash Join", "Parent Relationship": "Outer", "Join Type": "Inner", "Startup Cost": 5.89, "Total Cost": 2596.09, "Plan Rows": 154, "Plan Width": 33, "Actual Startup Time": 42.161, "Actual Total Time": 42.161, "Actual Rows": 0, "Actual Loops": 1, "Inner Unique": true, "Hash Cond": "(ml.link_type_id = lt.id)", "Plans": [{"Node Type": "Nested Loop", "Parent Relationship": "Outer", "Join Type": "Inner", "Startup Cost": 4.51, "Total Cost": 2592.76, "Plan Rows": 154, "Plan Width": 25, "Actual Startup Time": 42.073, "Actual Total Time": 42.073, "Actual Rows": 0, "Actual Loops": 1, "Inner Unique": false, "Plans": [{"Node Type": "Nested Loop", "Parent Relationship": "Outer", "Join Type": "Inner", "Startup Cost": 4.51, "Total Cost": 2579.55, "Plan Rows": 33, "Plan Width": 25, "Actual Startup Time": 41.173, "Actual Total Time": 42.069, "Actual Rows": 1, "Actual Loops": 1, "Inner Unique": true, "Plans": [{"Node Type": "Nested Loop", "Parent Relationship": "Outer", "Join Type": "Inner", "Startup Cost": 4.51, "Total Cost": 2569.02, "Plan Rows": 33, "Plan Width": 4, "Actual Startup Time": 41.155, "Actual Total Time": 42.051, "Actual Rows": 1, "Actual Loops": 1, "Inner Unique": false, "Plans": [{"Node Type": "Seq Scan", "Parent Relationship": "Outer", "Relation Name": "keyword", "Alias": "k", "Startup Cost": 0.0, "Total Cost": 2436.11, "Plan Rows": 1, "Plan Width": 4, "Actual Startup Time": 41.116, "Actual Total Time": 42.01, "Actual Rows": 1, "Actual Loops": 1, "Filter": "((keyword)::text = '10,000-mile-club'::text)", "Rows Removed by Filter": 134168}, {"Node Type": "Bitmap Heap Scan", "Parent Relationship": "Inner", "Relation Name": "movie_keyword", "Alias": "mk", "Startup Cost": 4.51, "Total Cost": 132.58, "Plan Rows": 33, "Plan Width": 8, "Actual Startup Time": 0.029, "Actual Total Time": 0.029, "Actual Rows": 1, "Actual Loops": 1, "Recheck Cond": "(keyword_id = k.id)", "Rows Removed by Index Recheck": 0, "Exact Heap Blocks": 1, "Lossy Heap Blocks": 1, "Plans": [{"Node Type": "Bitmap Index Scan", "Parent Relationship": "Outer", "Index Name": "keyword_id_movie_keyword", "Startup Cost": 0.0, "Total Cost": 4.5, "Plan Rows": 33, "Plan Width": 0, "Actual Startup Time": 0.018, "Actual Total Time": 0.018, "Actual Rows": 1, "Actual Loops": 1, "Index Cond": "(keyword_id = k.id)"}]}]}, {"Node Type": "Index Scan", "Parent Relationship": "Inner", "Scan Direction": "Forward", "Index Name": "title_pkey", "Relation Name": "title", "Alias": "t1", "Startup Cost": 0.0, "Total Cost": 0.31, "Plan Rows": 1, "Plan Width": 21, "Actual Startup Time": 0.015, "Actual Total Time": 0.015, "Actual Rows": 1, "Actual Loops": 1, "Index Cond": "(id = mk.movie_id)", "Rows Removed by Index Recheck": 0}]}, {"Node Type": "Index Scan", "Parent Relationship": "Inner", "Scan Direction": "Forward", "Index Name": "movie_id_movie_link", "Relation Name": "movie_link", "Alias": "ml", "Startup Cost": 0.0, "Total Cost": 0.35, "Plan Rows": 5, "Plan Width": 12, "Actual Startup Time": 0.003, "Actual Total Time": 0.003, "Actual Rows": 0, "Actual Loops": 1, "Index Cond": "(movie_id = t1.id)", "Rows Removed by Index Recheck": 0}]}, {"Node Type": "Hash", "Parent Relationship": "Inner", "Startup Cost": 1.17, "Total Cost": 1.17, "Plan Rows": 17, "Plan Width": 16, "Actual Startup Time": 0.039, "Actual Total Time": 0.039, "Actual Rows": 17, "Actual Loops": 1, "Hash Buckets": 32768, "Hash Batches": 1, "Original Hash Batches": 1, "Peak Memory Usage": 1, "Plans": [{"Node Type": "Seq Scan", "Parent Relationship": "Outer", "Relation Name": "link_type", "Alias": "lt", "Startup Cost": 0.0, "Total Cost": 1.17, "Plan Rows": 17, "Plan Width": 16, "Actual Startup Time": 0.018, "Actual Total Time": 0.023, "Actual Rows": 17, "Actual Loops": 1}]}]}, {"Node Type": "Index Scan", "Parent Relationship": "Inner", "Scan Direction": "Forward", "Index Name": "title_pkey", "Relation Name": "title", "Alias": "t2", "Startup Cost": 0.0, "Total Cost": 4.3, "Plan Rows": 1, "Plan Width": 21, "Actual Startup Time": 0.0, "Actual Total Time": 0.0, "Index Cond": "(id = ml.linked_movie_id)", "Rows Removed by Index Recheck": 0}]}]}, "Triggers": [], "Planner Runtime": 7, "Total Runtime": 42.495, "Unique SQL Id": 524435555}}, "(64, 37)": {"explain_plan": {"Plan": {"Node Type": "Aggregate", "Strategy": "Plain", "Startup Cost": 4047.28, "Total Cost": 4047.29, "Plan Rows": 1, "Plan Width": 142, "Plans": [{"Node Type": "Nested Loop", "Parent Relationship": "Outer", "Join Type": "Inner", "Startup Cost": 4.51, "Total Cost": 4046.12, "Plan Rows": 154, "Plan Width": 46, "Inner Unique": true, "Plans": [{"Node Type": "Nested Loop", "Parent Relationship": "Outer", "Join Type": "Inner", "Startup Cost": 4.51, "Total Cost": 3382.55, "Plan Rows": 154, "Plan Width": 33, "Inner Unique": true, "Plans": [{"Node Type": "Nested Loop", "Parent Relationship": "Outer", "Join Type": "Inner", "Startup Cost": 4.51, "Total Cost": 3339.37, "Plan Rows": 154, "Plan Width": 25, "Inner Unique": false, "Plans": [{"Node Type": "Nested Loop", "Parent Relationship": "Outer", "Join Type": "Inner", "Startup Cost": 4.51, "Total Cost": 3326.15, "Plan Rows": 33, "Plan Width": 25, "Inner Unique": true, "Plans": [{"Node Type": "Nested Loop", "Parent Relationship": "Outer", "Join Type": "Inner", "Startup Cost": 4.51, "Total Cost": 3315.63, "Plan Rows": 33, "Plan Width": 4, "Inner Unique": false, "Plans": [{"Node Type": "Index Scan", "Parent Relationship": "Outer", "Scan Direction": "Forward", "Index Name": "keyword_pkey", "Relation Name": "keyword", "Alias": "k", "Startup Cost": 0.0, "Total Cost": 3182.72, "Plan Rows": 1, "Plan Width": 4, "Filter": "((keyword)::text = '10,000-mile-club'::text)"}, {"Node Type": "Bitmap Heap Scan", "Parent Relationship": "Inner", "Relation Name": "movie_keyword", "Alias": "mk", "Startup Cost": 4.51, "Total Cost": 132.58, "Plan Rows": 33, "Plan Width": 8, "Recheck Cond": "(keyword_id = k.id)", "Plans": [{"Node Type": "Bitmap Index Scan", "Parent Relationship": "Outer", "Index Name": "keyword_id_movie_keyword", "Startup Cost": 0.0, "Total Cost": 4.5, "Plan Rows": 33, "Plan Width": 0, "Index Cond": "(keyword_id = k.id)"}]}]}, {"Node Type": "Index Scan", "Parent Relationship": "Inner", "Scan Direction": "Forward", "Index Name": "title_pkey", "Relation Name": "title", "Alias": "t1", "Startup Cost": 0.0, "Total Cost": 0.31, "Plan Rows": 1, "Plan Width": 21, "Index Cond": "(id = mk.movie_id)"}]}, {"Node Type": "Index Scan", "Parent Relationship": "Inner", "Scan Direction": "Forward", "Index Name": "movie_id_movie_link", "Relation Name": "movie_link", "Alias": "ml", "Startup Cost": 0.0, "Total Cost": 0.35, "Plan Rows": 5, "Plan Width": 12, "Index Cond": "(movie_id = t1.id)"}]}, {"Node Type": "Index Scan", "Parent Relationship": "Inner", "Scan Direction": "Forward", "Index Name": "link_type_pkey", "Relation Name": "link_type", "Alias": "lt", "Startup Cost": 0.0, "Total Cost": 0.27, "Plan Rows": 1, "Plan Width": 16, "Index Cond": "(id = ml.link_type_id)"}]}, {"Node Type": "Index Scan", "Parent Relationship": "Inner", "Scan Direction": "Forward", "Index Name": "title_pkey", "Relation Name": "title", "Alias": "t2", "Startup Cost": 0.0, "Total Cost": 4.3, "Plan Rows": 1, "Plan Width": 21, "Index Cond": "(id = ml.linked_movie_id)"}]}]}, "Unique SQL Id": 524435555, "Planner Runtime": 4}, "explain_analyze_plan": {"Plan": {"Node Type": "Aggregate", "Strategy": "Plain", "Startup Cost": 4047.28, "Total Cost": 4047.29, "Plan Rows": 1, "Plan Width": 142, "Actual Startup Time": 114.984, "Actual Total Time": 114.985, "Actual Rows": 1, "Actual Loops": 1, "Plans": [{"Node Type": "Nested Loop", "Parent Relationship": "Outer", "Join Type": "Inner", "Startup Cost": 4.51, "Total Cost": 4046.12, "Plan Rows": 154, "Plan Width": 46, "Actual Startup Time": 114.978, "Actual Total Time": 114.978, "Actual Rows": 0, "Actual Loops": 1, "Inner Unique": true, "Plans": [{"Node Type": "Nested Loop", "Parent Relationship": "Outer", "Join Type": "Inner", "Startup Cost": 4.51, "Total Cost": 3382.55, "Plan Rows": 154, "Plan Width": 33, "Actual Startup Time": 114.977, "Actual Total Time": 114.977, "Actual Rows": 0, "Actual Loops": 1, "Inner Unique": true, "Plans": [{"Node Type": "Nested Loop", "Parent Relationship": "Outer", "Join Type": "Inner", "Startup Cost": 4.51, "Total Cost": 3339.37, "Plan Rows": 154, "Plan Width": 25, "Actual Startup Time": 114.976, "Actual Total Time": 114.976, "Actual Rows": 0, "Actual Loops": 1, "Inner Unique": false, "Plans": [{"Node Type": "Nested Loop", "Parent Relationship": "Outer", "Join Type": "Inner", "Startup Cost": 4.51, "Total Cost": 3326.15, "Plan Rows": 33, "Plan Width": 25, "Actual Startup Time": 113.117, "Actual Total Time": 114.965, "Actual Rows": 1, "Actual Loops": 1, "Inner Unique": true, "Plans": [{"Node Type": "Nested Loop", "Parent Relationship": "Outer", "Join Type": "Inner", "Startup Cost": 4.51, "Total Cost": 3315.63, "Plan Rows": 33, "Plan Width": 4, "Actual Startup Time": 113.093, "Actual Total Time": 114.94, "Actual Rows": 1, "Actual Loops": 1, "Inner Unique": false, "Plans": [{"Node Type": "Index Scan", "Parent Relationship": "Outer", "Scan Direction": "Forward", "Index Name": "keyword_pkey", "Relation Name": "keyword", "Alias": "k", "Startup Cost": 0.0, "Total Cost": 3182.72, "Plan Rows": 1, "Plan Width": 4, "Actual Startup Time": 113.04, "Actual Total Time": 114.886, "Actual Rows": 1, "Actual Loops": 1, "Filter": "((keyword)::text = '10,000-mile-club'::text)", "Rows Removed by Filter": 134168}, {"Node Type": "Bitmap Heap Scan", "Parent Relationship": "Inner", "Relation Name": "movie_keyword", "Alias": "mk", "Startup Cost": 4.51, "Total Cost": 132.58, "Plan Rows": 33, "Plan Width": 8, "Actual Startup Time": 0.033, "Actual Total Time": 0.033, "Actual Rows": 1, "Actual Loops": 1, "Recheck Cond": "(keyword_id = k.id)", "Rows Removed by Index Recheck": 0, "Exact Heap Blocks": 1, "Lossy Heap Blocks": 1, "Plans": [{"Node Type": "Bitmap Index Scan", "Parent Relationship": "Outer", "Index Name": "keyword_id_movie_keyword", "Startup Cost": 0.0, "Total Cost": 4.5, "Plan Rows": 33, "Plan Width": 0, "Actual Startup Time": 0.02, "Actual Total Time": 0.02, "Actual Rows": 1, "Actual Loops": 1, "Index Cond": "(keyword_id = k.id)"}]}]}, {"Node Type": "Index Scan", "Parent Relationship": "Inner", "Scan Direction": "Forward", "Index Name": "title_pkey", "Relation Name": "title", "Alias": "t1", "Startup Cost": 0.0, "Total Cost": 0.31, "Plan Rows": 1, "Plan Width": 21, "Actual Startup Time": 0.017, "Actual Total Time": 0.017, "Actual Rows": 1, "Actual Loops": 1, "Index Cond": "(id = mk.movie_id)", "Rows Removed by Index Recheck": 0}]}, {"Node Type": "Index Scan", "Parent Relationship": "Inner", "Scan Direction": "Forward", "Index Name": "movie_id_movie_link", "Relation Name": "movie_link", "Alias": "ml", "Startup Cost": 0.0, "Total Cost": 0.35, "Plan Rows": 5, "Plan Width": 12, "Actual Startup Time": 0.006, "Actual Total Time": 0.006, "Actual Rows": 0, "Actual Loops": 1, "Index Cond": "(movie_id = t1.id)", "Rows Removed by Index Recheck": 0}]}, {"Node Type": "Index Scan", "Parent Relationship": "Inner", "Scan Direction": "Forward", "Index Name": "link_type_pkey", "Relation Name": "link_type", "Alias": "lt", "Startup Cost": 0.0, "Total Cost": 0.27, "Plan Rows": 1, "Plan Width": 16, "Actual Startup Time": 0.0, "Actual Total Time": 0.0, "Index Cond": "(id = ml.link_type_id)", "Rows Removed by Index Recheck": 0}]}, {"Node Type": "Index Scan", "Parent Relationship": "Inner", "Scan Direction": "Forward", "Index Name": "title_pkey", "Relation Name": "title", "Alias": "t2", "Startup Cost": 0.0, "Total Cost": 4.3, "Plan Rows": 1, "Plan Width": 21, "Actual Startup Time": 0.0, "Actual Total Time": 0.0, "Index Cond": "(id = ml.linked_movie_id)", "Rows Removed by Index Recheck": 0}]}]}, "Triggers": [], "Planner Runtime": 2, "Total Runtime": 115.266, "Unique SQL Id": 524435555}}, "(64, 38)": {"explain_plan": {"Plan": {"Node Type": "Aggregate", "Strategy": "Plain", "Startup Cost": 3709.86, "Total Cost": 3709.87, "Plan Rows": 1, "Plan Width": 142, "Plans": [{"Node Type": "Nested Loop", "Parent Relationship": "Outer", "Join Type": "Inner", "Startup Cost": 7.93, "Total Cost": 3708.7, "Plan Rows": 154, "Plan Width": 46, "Inner Unique": true, "Plans": [{"Node Type": "Hash Join", "Parent Relationship": "Outer", "Join Type": "Inner", "Startup Cost": 6.44, "Total Cost": 2859.52, "Plan Rows": 154, "Plan Width": 33, "Inner Unique": true, "Hash Cond": "(ml.link_type_id = lt.id)", "Plans": [{"Node Type": "Nested Loop", "Parent Relationship": "Outer", "Join Type": "Inner", "Startup Cost": 5.06, "Total Cost": 2856.2, "Plan Rows": 154, "Plan Width": 25, "Inner Unique": false, "Join Filter": "(t1.id = ml.movie_id)", "Plans": [{"Node Type": "Nested Loop", "Parent Relationship": "Outer", "Join Type": "Inner", "Startup Cost": 4.77, "Total Cost": 2710.54, "Plan Rows": 33, "Plan Width": 25, "Inner Unique": true, "Plans": [{"Node Type": "Nested Loop", "Parent Relationship": "Outer", "Join Type": "Inner", "Startup Cost": 4.51, "Total Cost": 2569.02, "Plan Rows": 33, "Plan Width": 4, "Inner Unique": false, "Plans": [{"Node Type": "Seq Scan", "Parent Relationship": "Outer", "Relation Name": "keyword", "Alias": "k", "Startup Cost": 0.0, "Total Cost": 2436.11, "Plan Rows": 1, "Plan Width": 4, "Filter": "((keyword)::text = '10,000-mile-club'::text)"}, {"Node Type": "Bitmap Heap Scan", "Parent Relationship": "Inner", "Relation Name": "movie_keyword", "Alias": "mk", "Startup Cost": 4.51, "Total Cost": 132.58, "Plan Rows": 33, "Plan Width": 8, "Recheck Cond": "(keyword_id = k.id)", "Plans": [{"Node Type": "Bitmap Index Scan", "Parent Relationship": "Outer", "Index Name": "keyword_id_movie_keyword", "Startup Cost": 0.0, "Total Cost": 4.5, "Plan Rows": 33, "Plan Width": 0, "Index Cond": "(keyword_id = k.id)"}]}]}, {"Node Type": "Bitmap Heap Scan", "Parent Relationship": "Inner", "Relation Name": "title", "Alias": "t1", "Startup Cost": 0.27, "Total Cost": 4.28, "Plan Rows": 1, "Plan Width": 21, "Recheck Cond": "(id = mk.movie_id)", "Plans": [{"Node Type": "Bitmap Index Scan", "Parent Relationship": "Outer", "Index Name": "title_pkey", "Startup Cost": 0.0, "Total Cost": 0.27, "Plan Rows": 1, "Plan Width": 0, "Index Cond": "(id = mk.movie_id)"}]}]}, {"Node Type": "Bitmap Heap Scan", "Parent Relationship": "Inner", "Relation Name": "movie_link", "Alias": "ml", "Startup Cost": 0.29, "Total Cost": 4.35, "Plan Rows": 5, "Plan Width": 12, "Recheck Cond": "(movie_id = mk.movie_id)", "Plans": [{"Node Type": "Bitmap Index Scan", "Parent Relationship": "Outer", "Index Name": "movie_id_movie_link", "Startup Cost": 0.0, "Total Cost": 0.29, "Plan Rows": 5, "Plan Width": 0, "Index Cond": "(movie_id = mk.movie_id)"}]}]}, {"Node Type": "Hash", "Parent Relationship": "Inner", "Startup Cost": 1.17, "Total Cost": 1.17, "Plan Rows": 17, "Plan Width": 16, "Plans": [{"Node Type": "Seq Scan", "Parent Relationship": "Outer", "Relation Name": "link_type", "Alias": "lt", "Startup Cost": 0.0, "Total Cost": 1.17, "Plan Rows": 17, "Plan Width": 16}]}]}, {"Node Type": "Bitmap Heap Scan", "Parent Relationship": "Inner", "Relation Name": "title", "Alias": "t2", "Startup Cost": 1.49, "Total Cost": 5.5, "Plan Rows": 1, "Plan Width": 21, "Recheck Cond": "(id = ml.linked_movie_id)", "Plans": [{"Node Type": "Bitmap Index Scan", "Parent Relationship": "Outer", "Index Name": "title_pkey", "Startup Cost": 0.0, "Total Cost": 1.49, "Plan Rows": 1, "Plan Width": 0, "Index Cond": "(id = ml.linked_movie_id)"}]}]}]}, "Unique SQL Id": 524435555, "Planner Runtime": 7}, "explain_analyze_plan": {"Plan": {"Node Type": "Aggregate", "Strategy": "Plain", "Startup Cost": 3709.86, "Total Cost": 3709.87, "Plan Rows": 1, "Plan Width": 142, "Actual Startup Time": 40.984, "Actual Total Time": 40.985, "Actual Rows": 1, "Actual Loops": 1, "Plans": [{"Node Type": "Nested Loop", "Parent Relationship": "Outer", "Join Type": "Inner", "Startup Cost": 7.93, "Total Cost": 3708.7, "Plan Rows": 154, "Plan Width": 46, "Actual Startup Time": 40.979, "Actual Total Time": 40.979, "Actual Rows": 0, "Actual Loops": 1, "Inner Unique": true, "Plans": [{"Node Type": "Hash Join", "Parent Relationship": "Outer", "Join Type": "Inner", "Startup Cost": 6.44, "Total Cost": 2859.52, "Plan Rows": 154, "Plan Width": 33, "Actual Startup Time": 40.951, "Actual Total Time": 40.951, "Actual Rows": 0, "Actual Loops": 1, "Inner Unique": true, "Hash Cond": "(ml.link_type_id = lt.id)", "Plans": [{"Node Type": "Nested Loop", "Parent Relationship": "Outer", "Join Type": "Inner", "Startup Cost": 5.06, "Total Cost": 2856.2, "Plan Rows": 154, "Plan Width": 25, "Actual Startup Time": 40.887, "Actual Total Time": 40.887, "Actual Rows": 0, "Actual Loops": 1, "Inner Unique": false, "Join Filter": "(t1.id = ml.movie_id)", "Rows Removed by Join Filter": 0, "Plans": [{"Node Type": "Nested Loop", "Parent Relationship": "Outer", "Join Type": "Inner", "Startup Cost": 4.77, "Total Cost": 2710.54, "Plan Rows": 33, "Plan Width": 25, "Actual Startup Time": 40.006, "Actual Total Time": 40.875, "Actual Rows": 1, "Actual Loops": 1, "Inner Unique": true, "Plans": [{"Node Type": "Nested Loop", "Parent Relationship": "Outer", "Join Type": "Inner", "Startup Cost": 4.51, "Total Cost": 2569.02, "Plan Rows": 33, "Plan Width": 4, "Actual Startup Time": 39.991, "Actual Total Time": 40.859, "Actual Rows": 1, "Actual Loops": 1, "Inner Unique": false, "Plans": [{"Node Type": "Seq Scan", "Parent Relationship": "Outer", "Relation Name": "keyword", "Alias": "k", "Startup Cost": 0.0, "Total Cost": 2436.11, "Plan Rows": 1, "Plan Width": 4, "Actual Startup Time": 39.951, "Actual Total Time": 40.817, "Actual Rows": 1, "Actual Loops": 1, "Filter": "((keyword)::text = '10,000-mile-club'::text)", "Rows Removed by Filter": 134168}, {"Node Type": "Bitmap Heap Scan", "Parent Relationship": "Inner", "Relation Name": "movie_keyword", "Alias": "mk", "Startup Cost": 4.51, "Total Cost": 132.58, "Plan Rows": 33, "Plan Width": 8, "Actual Startup Time": 0.03, "Actual Total Time": 0.031, "Actual Rows": 1, "Actual Loops": 1, "Recheck Cond": "(keyword_id = k.id)", "Rows Removed by Index Recheck": 0, "Exact Heap Blocks": 1, "Lossy Heap Blocks": 1, "Plans": [{"Node Type": "Bitmap Index Scan", "Parent Relationship": "Outer", "Index Name": "keyword_id_movie_keyword", "Startup Cost": 0.0, "Total Cost": 4.5, "Plan Rows": 33, "Plan Width": 0, "Actual Startup Time": 0.019, "Actual Total Time": 0.019, "Actual Rows": 1, "Actual Loops": 1, "Index Cond": "(keyword_id = k.id)"}]}]}, {"Node Type": "Bitmap Heap Scan", "Parent Relationship": "Inner", "Relation Name": "title", "Alias": "t1", "Startup Cost": 0.27, "Total Cost": 4.28, "Plan Rows": 1, "Plan Width": 21, "Actual Startup Time": 0.011, "Actual Total Time": 0.011, "Actual Rows": 1, "Actual Loops": 1, "Recheck Cond": "(id = mk.movie_id)", "Rows Removed by Index Recheck": 0, "Exact Heap Blocks": 1, "Lossy Heap Blocks": 1, "Plans": [{"Node Type": "Bitmap Index Scan", "Parent Relationship": "Outer", "Index Name": "title_pkey", "Startup Cost": 0.0, "Total Cost": 0.27, "Plan Rows": 1, "Plan Width": 0, "Actual Startup Time": 0.007, "Actual Total Time": 0.007, "Actual Rows": 1, "Actual Loops": 1, "Index Cond": "(id = mk.movie_id)"}]}]}, {"Node Type": "Bitmap Heap Scan", "Parent Relationship": "Inner", "Relation Name": "movie_link", "Alias": "ml", "Startup Cost": 0.29, "Total Cost": 4.35, "Plan Rows": 5, "Plan Width": 12, "Actual Startup Time": 0.01, "Actual Total Time": 0.01, "Actual Rows": 0, "Actual Loops": 1, "Recheck Cond": "(movie_id = mk.movie_id)", "Rows Removed by Index Recheck": 0, "Exact Heap Blocks": 0, "Lossy Heap Blocks": 0, "Plans": [{"Node Type": "Bitmap Index Scan", "Parent Relationship": "Outer", "Index Name": "movie_id_movie_link", "Startup Cost": 0.0, "Total Cost": 0.29, "Plan Rows": 5, "Plan Width": 0, "Actual Startup Time": 0.005, "Actual Total Time": 0.005, "Actual Rows": 0, "Actual Loops": 1, "Index Cond": "(movie_id = mk.movie_id)"}]}]}, {"Node Type": "Hash", "Parent Relationship": "Inner", "Startup Cost": 1.17, "Total Cost": 1.17, "Plan Rows": 17, "Plan Width": 16, "Actual Startup Time": 0.027, "Actual Total Time": 0.027, "Actual Rows": 17, "Actual Loops": 1, "Hash Buckets": 32768, "Hash Batches": 1, "Original Hash Batches": 1, "Peak Memory Usage": 1, "Plans": [{"Node Type": "Seq Scan", "Parent Relationship": "Outer", "Relation Name": "link_type", "Alias": "lt", "Startup Cost": 0.0, "Total Cost": 1.17, "Plan Rows": 17, "Plan Width": 16, "Actual Startup Time": 0.01, "Actual Total Time": 0.013, "Actual Rows": 17, "Actual Loops": 1}]}]}, {"Node Type": "Bitmap Heap Scan", "Parent Relationship": "Inner", "Relation Name": "title", "Alias": "t2", "Startup Cost": 1.49, "Total Cost": 5.5, "Plan Rows": 1, "Plan Width": 21, "Actual Startup Time": 0.0, "Actual Total Time": 0.0, "Recheck Cond": "(id = ml.linked_movie_id)", "Rows Removed by Index Recheck": 0, "Exact Heap Blocks": 0, "Lossy Heap Blocks": 0, "Plans": [{"Node Type": "Bitmap Index Scan", "Parent Relationship": "Outer", "Index Name": "title_pkey", "Startup Cost": 0.0, "Total Cost": 1.49, "Plan Rows": 1, "Plan Width": 0, "Actual Startup Time": 0.0, "Actual Total Time": 0.0, "Index Cond": "(id = ml.linked_movie_id)"}]}]}]}, "Triggers": [], "Planner Runtime": 7, "Total Runtime": 41.244, "Unique SQL Id": 524435555}}, "(64, 39)": {"explain_plan": {"Plan": {"Node Type": "Aggregate", "Strategy": "Plain", "Startup Cost": 4440.29, "Total Cost": 4440.3, "Plan Rows": 1, "Plan Width": 142, "Plans": [{"Node Type": "Nested Loop", "Parent Relationship": "Outer", "Join Type": "Inner", "Startup Cost": 738.37, "Total Cost": 4439.14, "Plan Rows": 154, "Plan Width": 46, "Inner Unique": true, "Plans": [{"Node Type": "Hash Join", "Parent Relationship": "Outer", "Join Type": "Inner", "Startup Cost": 736.88, "Total Cost": 3589.96, "Plan Rows": 154, "Plan Width": 33, "Inner Unique": true, "Hash Cond": "(ml.link_type_id = lt.id)", "Plans": [{"Node Type": "Nested Loop", "Parent Relationship": "Outer", "Join Type": "Inner", "Startup Cost": 724.16, "Total Cost": 3575.3, "Plan Rows": 154, "Plan Width": 25, "Inner Unique": false, "Join Filter": "(t1.id = ml.movie_id)", "Plans": [{"Node Type": "Nested Loop", "Parent Relationship": "Outer", "Join Type": "Inner", "Startup Cost": 723.87, "Total Cost": 3429.64, "Plan Rows": 33, "Plan Width": 25, "Inner Unique": true, "Plans": [{"Node Type": "Nested Loop", "Parent Relationship": "Outer", "Join Type": "Inner", "Startup Cost": 723.6, "Total Cost": 3288.12, "Plan Rows": 33, "Plan Width": 4, "Inner Unique": false, "Plans": [{"Node Type": "Bitmap Heap Scan", "Parent Relationship": "Outer", "Relation Name": "keyword", "Alias": "k", "Startup Cost": 719.1, "Total Cost": 3155.21, "Plan Rows": 1, "Plan Width": 4, "Filter": "((keyword)::text = '10,000-mile-club'::text)", "Plans": [{"Node Type": "Bitmap Index Scan", "Parent Relationship": "Outer", "Index Name": "keyword_pkey", "Startup Cost": 0.0, "Total Cost": 719.1, "Plan Rows": 134169, "Plan Width": 0}]}, {"Node Type": "Bitmap Heap Scan", "Parent Relationship": "Inner", "Relation Name": "movie_keyword", "Alias": "mk", "Startup Cost": 4.51, "Total Cost": 132.58, "Plan Rows": 33, "Plan Width": 8, "Recheck Cond": "(keyword_id = k.id)", "Plans": [{"Node Type": "Bitmap Index Scan", "Parent Relationship": "Outer", "Index Name": "keyword_id_movie_keyword", "Startup Cost": 0.0, "Total Cost": 4.5, "Plan Rows": 33, "Plan Width": 0, "Index Cond": "(keyword_id = k.id)"}]}]}, {"Node Type": "Bitmap Heap Scan", "Parent Relationship": "Inner", "Relation Name": "title", "Alias": "t1", "Startup Cost": 0.27, "Total Cost": 4.28, "Plan Rows": 1, "Plan Width": 21, "Recheck Cond": "(id = mk.movie_id)", "Plans": [{"Node Type": "Bitmap Index Scan", "Parent Relationship": "Outer", "Index Name": "title_pkey", "Startup Cost": 0.0, "Total Cost": 0.27, "Plan Rows": 1, "Plan Width": 0, "Index Cond": "(id = mk.movie_id)"}]}]}, {"Node Type": "Bitmap Heap Scan", "Parent Relationship": "Inner", "Relation Name": "movie_link", "Alias": "ml", "Startup Cost": 0.29, "Total Cost": 4.35, "Plan Rows": 5, "Plan Width": 12, "Recheck Cond": "(movie_id = mk.movie_id)", "Plans": [{"Node Type": "Bitmap Index Scan", "Parent Relationship": "Outer", "Index Name": "movie_id_movie_link", "Startup Cost": 0.0, "Total Cost": 0.29, "Plan Rows": 5, "Plan Width": 0, "Index Cond": "(movie_id = mk.movie_id)"}]}]}, {"Node Type": "Hash", "Parent Relationship": "Inner", "Startup Cost": 12.51, "Total Cost": 12.51, "Plan Rows": 17, "Plan Width": 16, "Plans": [{"Node Type": "Bitmap Heap Scan", "Parent Relationship": "Outer", "Relation Name": "link_type", "Alias": "lt", "Startup Cost": 8.34, "Total Cost": 12.51, "Plan Rows": 17, "Plan Width": 16, "Plans": [{"Node Type": "Bitmap Index Scan", "Parent Relationship": "Outer", "Index Name": "link_type_pkey", "Startup Cost": 0.0, "Total Cost": 8.34, "Plan Rows": 17, "Plan Width": 0}]}]}]}, {"Node Type": "Bitmap Heap Scan", "Parent Relationship": "Inner", "Relation Name": "title", "Alias": "t2", "Startup Cost": 1.49, "Total Cost": 5.5, "Plan Rows": 1, "Plan Width": 21, "Recheck Cond": "(id = ml.linked_movie_id)", "Plans": [{"Node Type": "Bitmap Index Scan", "Parent Relationship": "Outer", "Index Name": "title_pkey", "Startup Cost": 0.0, "Total Cost": 1.49, "Plan Rows": 1, "Plan Width": 0, "Index Cond": "(id = ml.linked_movie_id)"}]}]}]}, "Unique SQL Id": 524435555, "Planner Runtime": 7}, "explain_analyze_plan": {"Plan": {"Node Type": "Aggregate", "Strategy": "Plain", "Startup Cost": 4440.29, "Total Cost": 4440.3, "Plan Rows": 1, "Plan Width": 142, "Actual Startup Time": 62.07, "Actual Total Time": 62.07, "Actual Rows": 1, "Actual Loops": 1, "Plans": [{"Node Type": "Nested Loop", "Parent Relationship": "Outer", "Join Type": "Inner", "Startup Cost": 738.37, "Total Cost": 4439.14, "Plan Rows": 154, "Plan Width": 46, "Actual Startup Time": 62.064, "Actual Total Time": 62.064, "Actual Rows": 0, "Actual Loops": 1, "Inner Unique": true, "Plans": [{"Node Type": "Hash Join", "Parent Relationship": "Outer", "Join Type": "Inner", "Startup Cost": 736.88, "Total Cost": 3589.96, "Plan Rows": 154, "Plan Width": 33, "Actual Startup Time": 62.038, "Actual Total Time": 62.038, "Actual Rows": 0, "Actual Loops": 1, "Inner Unique": true, "Hash Cond": "(ml.link_type_id = lt.id)", "Plans": [{"Node Type": "Nested Loop", "Parent Relationship": "Outer", "Join Type": "Inner", "Startup Cost": 724.16, "Total Cost": 3575.3, "Plan Rows": 154, "Plan Width": 25, "Actual Startup Time": 61.97, "Actual Total Time": 61.97, "Actual Rows": 0, "Actual Loops": 1, "Inner Unique": false, "Join Filter": "(t1.id = ml.movie_id)", "Rows Removed by Join Filter": 0, "Plans": [{"Node Type": "Nested Loop", "Parent Relationship": "Outer", "Join Type": "Inner", "Startup Cost": 723.87, "Total Cost": 3429.64, "Plan Rows": 33, "Plan Width": 25, "Actual Startup Time": 60.895, "Actual Total Time": 61.961, "Actual Rows": 1, "Actual Loops": 1, "Inner Unique": true, "Plans": [{"Node Type": "Nested Loop", "Parent Relationship": "Outer", "Join Type": "Inner", "Startup Cost": 723.6, "Total Cost": 3288.12, "Plan Rows": 33, "Plan Width": 4, "Actual Startup Time": 60.881, "Actual Total Time": 61.947, "Actual Rows": 1, "Actual Loops": 1, "Inner Unique": false, "Plans": [{"Node Type": "Bitmap Heap Scan", "Parent Relationship": "Outer", "Relation Name": "keyword", "Alias": "k", "Startup Cost": 719.1, "Total Cost": 3155.21, "Plan Rows": 1, "Plan Width": 4, "Actual Startup Time": 60.839, "Actual Total Time": 61.903, "Actual Rows": 1, "Actual Loops": 1, "Filter": "((keyword)::text = '10,000-mile-club'::text)", "Rows Removed by Filter": 134168, "Exact Heap Blocks": 759, "Lossy Heap Blocks": 759, "Plans": [{"Node Type": "Bitmap Index Scan", "Parent Relationship": "Outer", "Index Name": "keyword_pkey", "Startup Cost": 0.0, "Total Cost": 719.1, "Plan Rows": 134169, "Plan Width": 0, "Actual Startup Time": 11.71, "Actual Total Time": 11.71, "Actual Rows": 134169, "Actual Loops": 1}]}, {"Node Type": "Bitmap Heap Scan", "Parent Relationship": "Inner", "Relation Name": "movie_keyword", "Alias": "mk", "Startup Cost": 4.51, "Total Cost": 132.58, "Plan Rows": 33, "Plan Width": 8, "Actual Startup Time": 0.029, "Actual Total Time": 0.029, "Actual Rows": 1, "Actual Loops": 1, "Recheck Cond": "(keyword_id = k.id)", "Rows Removed by Index Recheck": 0, "Exact Heap Blocks": 1, "Lossy Heap Blocks": 1, "Plans": [{"Node Type": "Bitmap Index Scan", "Parent Relationship": "Outer", "Index Name": "keyword_id_movie_keyword", "Startup Cost": 0.0, "Total Cost": 4.5, "Plan Rows": 33, "Plan Width": 0, "Actual Startup Time": 0.02, "Actual Total Time": 0.02, "Actual Rows": 1, "Actual Loops": 1, "Index Cond": "(keyword_id = k.id)"}]}]}, {"Node Type": "Bitmap Heap Scan", "Parent Relationship": "Inner", "Relation Name": "title", "Alias": "t1", "Startup Cost": 0.27, "Total Cost": 4.28, "Plan Rows": 1, "Plan Width": 21, "Actual Startup Time": 0.011, "Actual Total Time": 0.011, "Actual Rows": 1, "Actual Loops": 1, "Recheck Cond": "(id = mk.movie_id)", "Rows Removed by Index Recheck": 0, "Exact Heap Blocks": 1, "Lossy Heap Blocks": 1, "Plans": [{"Node Type": "Bitmap Index Scan", "Parent Relationship": "Outer", "Index Name": "title_pkey", "Startup Cost": 0.0, "Total Cost": 0.27, "Plan Rows": 1, "Plan Width": 0, "Actual Startup Time": 0.007, "Actual Total Time": 0.007, "Actual Rows": 1, "Actual Loops": 1, "Index Cond": "(id = mk.movie_id)"}]}]}, {"Node Type": "Bitmap Heap Scan", "Parent Relationship": "Inner", "Relation Name": "movie_link", "Alias": "ml", "Startup Cost": 0.29, "Total Cost": 4.35, "Plan Rows": 5, "Plan Width": 12, "Actual Startup Time": 0.006, "Actual Total Time": 0.006, "Actual Rows": 0, "Actual Loops": 1, "Recheck Cond": "(movie_id = mk.movie_id)", "Rows Removed by Index Recheck": 0, "Exact Heap Blocks": 0, "Lossy Heap Blocks": 0, "Plans": [{"Node Type": "Bitmap Index Scan", "Parent Relationship": "Outer", "Index Name": "movie_id_movie_link", "Startup Cost": 0.0, "Total Cost": 0.29, "Plan Rows": 5, "Plan Width": 0, "Actual Startup Time": 0.003, "Actual Total Time": 0.003, "Actual Rows": 0, "Actual Loops": 1, "Index Cond": "(movie_id = mk.movie_id)"}]}]}, {"Node Type": "Hash", "Parent Relationship": "Inner", "Startup Cost": 12.51, "Total Cost": 12.51, "Plan Rows": 17, "Plan Width": 16, "Actual Startup Time": 0.033, "Actual Total Time": 0.033, "Actual Rows": 17, "Actual Loops": 1, "Hash Buckets": 32768, "Hash Batches": 1, "Original Hash Batches": 1, "Peak Memory Usage": 1, "Plans": [{"Node Type": "Bitmap Heap Scan", "Parent Relationship": "Outer", "Relation Name": "link_type", "Alias": "lt", "Startup Cost": 8.34, "Total Cost": 12.51, "Plan Rows": 17, "Plan Width": 16, "Actual Startup Time": 0.018, "Actual Total Time": 0.023, "Actual Rows": 17, "Actual Loops": 1, "Exact Heap Blocks": 1, "Lossy Heap Blocks": 1, "Plans": [{"Node Type": "Bitmap Index Scan", "Parent Relationship": "Outer", "Index Name": "link_type_pkey", "Startup Cost": 0.0, "Total Cost": 8.34, "Plan Rows": 17, "Plan Width": 0, "Actual Startup Time": 0.007, "Actual Total Time": 0.007, "Actual Rows": 17, "Actual Loops": 1}]}]}]}, {"Node Type": "Bitmap Heap Scan", "Parent Relationship": "Inner", "Relation Name": "title", "Alias": "t2", "Startup Cost": 1.49, "Total Cost": 5.5, "Plan Rows": 1, "Plan Width": 21, "Actual Startup Time": 0.0, "Actual Total Time": 0.0, "Recheck Cond": "(id = ml.linked_movie_id)", "Rows Removed by Index Recheck": 0, "Exact Heap Blocks": 0, "Lossy Heap Blocks": 0, "Plans": [{"Node Type": "Bitmap Index Scan", "Parent Relationship": "Outer", "Index Name": "title_pkey", "Startup Cost": 0.0, "Total Cost": 1.49, "Plan Rows": 1, "Plan Width": 0, "Actual Startup Time": 0.0, "Actual Total Time": 0.0, "Index Cond": "(id = ml.linked_movie_id)"}]}]}]}, "Triggers": [], "Planner Runtime": 7, "Total Runtime": 62.334, "Unique SQL Id": 524435555}}, "(64, 40)": {"explain_plan": {"Plan": {"Node Type": "Aggregate", "Strategy": "Plain", "Startup Cost": 3265.11, "Total Cost": 3265.12, "Plan Rows": 1, "Plan Width": 142, "Plans": [{"Node Type": "Nested Loop", "Parent Relationship": "Outer", "Join Type": "Inner", "Startup Cost": 1.38, "Total Cost": 3263.96, "Plan Rows": 154, "Plan Width": 46, "Inner Unique": true, "Plans": [{"Node Type": "Hash Join", "Parent Relationship": "Outer", "Join Type": "Inner", "Startup Cost": 1.38, "Total Cost": 2600.38, "Plan Rows": 154, "Plan Width": 33, "Inner Unique": true, "Hash Cond": "(ml.link_type_id = lt.id)", "Plans": [{"Node Type": "Nested Loop", "Parent Relationship": "Outer", "Join Type": "Inner", "Startup Cost": 0.0, "Total Cost": 2597.06, "Plan Rows": 154, "Plan Width": 25, "Inner Unique": false, "Plans": [{"Node Type": "Nested Loop", "Parent Relationship": "Outer", "Join Type": "Inner", "Startup Cost": 0.0, "Total Cost": 2583.84, "Plan Rows": 33, "Plan Width": 25, "Inner Unique": true, "Plans": [{"Node Type": "Nested Loop", "Parent Relationship": "Outer", "Join Type": "Inner", "Startup Cost": 0.0, "Total Cost": 2573.32, "Plan Rows": 33, "Plan Width": 4, "Inner Unique": false, "Plans": [{"Node Type": "Seq Scan", "Parent Relationship": "Outer", "Relation Name": "keyword", "Alias": "k", "Startup Cost": 0.0, "Total Cost": 2436.11, "Plan Rows": 1, "Plan Width": 4, "Filter": "((keyword)::text = '10,000-mile-club'::text)"}, {"Node Type": "Index Scan", "Parent Relationship": "Inner", "Scan Direction": "Forward", "Index Name": "keyword_id_movie_keyword", "Relation Name": "movie_keyword", "Alias": "mk", "Startup Cost": 0.0, "Total Cost": 136.88, "Plan Rows": 33, "Plan Width": 8, "Index Cond": "(keyword_id = k.id)"}]}, {"Node Type": "Index Scan", "Parent Relationship": "Inner", "Scan Direction": "Forward", "Index Name": "title_pkey", "Relation Name": "title", "Alias": "t1", "Startup Cost": 0.0, "Total Cost": 0.31, "Plan Rows": 1, "Plan Width": 21, "Index Cond": "(id = mk.movie_id)"}]}, {"Node Type": "Index Scan", "Parent Relationship": "Inner", "Scan Direction": "Forward", "Index Name": "movie_id_movie_link", "Relation Name": "movie_link", "Alias": "ml", "Startup Cost": 0.0, "Total Cost": 0.35, "Plan Rows": 5, "Plan Width": 12, "Index Cond": "(movie_id = t1.id)"}]}, {"Node Type": "Hash", "Parent Relationship": "Inner", "Startup Cost": 1.17, "Total Cost": 1.17, "Plan Rows": 17, "Plan Width": 16, "Plans": [{"Node Type": "Seq Scan", "Parent Relationship": "Outer", "Relation Name": "link_type", "Alias": "lt", "Startup Cost": 0.0, "Total Cost": 1.17, "Plan Rows": 17, "Plan Width": 16}]}]}, {"Node Type": "Index Scan", "Parent Relationship": "Inner", "Scan Direction": "Forward", "Index Name": "title_pkey", "Relation Name": "title", "Alias": "t2", "Startup Cost": 0.0, "Total Cost": 4.3, "Plan Rows": 1, "Plan Width": 21, "Index Cond": "(id = ml.linked_movie_id)"}]}]}, "Unique SQL Id": 524435555, "Planner Runtime": 7}, "explain_analyze_plan": {"Plan": {"Node Type": "Aggregate", "Strategy": "Plain", "Startup Cost": 3265.11, "Total Cost": 3265.12, "Plan Rows": 1, "Plan Width": 142, "Actual Startup Time": 40.59, "Actual Total Time": 40.59, "Actual Rows": 1, "Actual Loops": 1, "Plans": [{"Node Type": "Nested Loop", "Parent Relationship": "Outer", "Join Type": "Inner", "Startup Cost": 1.38, "Total Cost": 3263.96, "Plan Rows": 154, "Plan Width": 46, "Actual Startup Time": 40.585, "Actual Total Time": 40.585, "Actual Rows": 0, "Actual Loops": 1, "Inner Unique": true, "Plans": [{"Node Type": "Hash Join", "Parent Relationship": "Outer", "Join Type": "Inner", "Startup Cost": 1.38, "Total Cost": 2600.38, "Plan Rows": 154, "Plan Width": 33, "Actual Startup Time": 40.584, "Actual Total Time": 40.584, "Actual Rows": 0, "Actual Loops": 1, "Inner Unique": true, "Hash Cond": "(ml.link_type_id = lt.id)", "Plans": [{"Node Type": "Nested Loop", "Parent Relationship": "Outer", "Join Type": "Inner", "Startup Cost": 0.0, "Total Cost": 2597.06, "Plan Rows": 154, "Plan Width": 25, "Actual Startup Time": 40.579, "Actual Total Time": 40.579, "Actual Rows": 0, "Actual Loops": 1, "Inner Unique": false, "Plans": [{"Node Type": "Nested Loop", "Parent Relationship": "Outer", "Join Type": "Inner", "Startup Cost": 0.0, "Total Cost": 2583.84, "Plan Rows": 33, "Plan Width": 25, "Actual Startup Time": 39.697, "Actual Total Time": 40.573, "Actual Rows": 1, "Actual Loops": 1, "Inner Unique": true, "Plans": [{"Node Type": "Nested Loop", "Parent Relationship": "Outer", "Join Type": "Inner", "Startup Cost": 0.0, "Total Cost": 2573.32, "Plan Rows": 33, "Plan Width": 4, "Actual Startup Time": 39.686, "Actual Total Time": 40.561, "Actual Rows": 1, "Actual Loops": 1, "Inner Unique": false, "Plans": [{"Node Type": "Seq Scan", "Parent Relationship": "Outer", "Relation Name": "keyword", "Alias": "k", "Startup Cost": 0.0, "Total Cost": 2436.11, "Plan Rows": 1, "Plan Width": 4, "Actual Startup Time": 39.658, "Actual Total Time": 40.531, "Actual Rows": 1, "Actual Loops": 1, "Filter": "((keyword)::text = '10,000-mile-club'::text)", "Rows Removed by Filter": 134168}, {"Node Type": "Index Scan", "Parent Relationship": "Inner", "Scan Direction": "Forward", "Index Name": "keyword_id_movie_keyword", "Relation Name": "movie_keyword", "Alias": "mk", "Startup Cost": 0.0, "Total Cost": 136.88, "Plan Rows": 33, "Plan Width": 8, "Actual Startup Time": 0.021, "Actual Total Time": 0.021, "Actual Rows": 1, "Actual Loops": 1, "Index Cond": "(keyword_id = k.id)", "Rows Removed by Index Recheck": 0}]}, {"Node Type": "Index Scan", "Parent Relationship": "Inner", "Scan Direction": "Forward", "Index Name": "title_pkey", "Relation Name": "title", "Alias": "t1", "Startup Cost": 0.0, "Total Cost": 0.31, "Plan Rows": 1, "Plan Width": 21, "Actual Startup Time": 0.009, "Actual Total Time": 0.009, "Actual Rows": 1, "Actual Loops": 1, "Index Cond": "(id = mk.movie_id)", "Rows Removed by Index Recheck": 0}]}, {"Node Type": "Index Scan", "Parent Relationship": "Inner", "Scan Direction": "Forward", "Index Name": "movie_id_movie_link", "Relation Name": "movie_link", "Alias": "ml", "Startup Cost": 0.0, "Total Cost": 0.35, "Plan Rows": 5, "Plan Width": 12, "Actual Startup Time": 0.003, "Actual Total Time": 0.003, "Actual Rows": 0, "Actual Loops": 1, "Index Cond": "(movie_id = t1.id)", "Rows Removed by Index Recheck": 0}]}, {"Node Type": "Hash", "Parent Relationship": "Inner", "Startup Cost": 1.17, "Total Cost": 1.17, "Plan Rows": 17, "Plan Width": 16, "Actual Startup Time": 0.0, "Actual Total Time": 0.0, "Hash Buckets": 0, "Hash Batches": 0, "Original Hash Batches": 0, "Peak Memory Usage": 0, "Plans": [{"Node Type": "Seq Scan", "Parent Relationship": "Outer", "Relation Name": "link_type", "Alias": "lt", "Startup Cost": 0.0, "Total Cost": 1.17, "Plan Rows": 17, "Plan Width": 16, "Actual Startup Time": 0.0, "Actual Total Time": 0.0}]}]}, {"Node Type": "Index Scan", "Parent Relationship": "Inner", "Scan Direction": "Forward", "Index Name": "title_pkey", "Relation Name": "title", "Alias": "t2", "Startup Cost": 0.0, "Total Cost": 4.3, "Plan Rows": 1, "Plan Width": 21, "Actual Startup Time": 0.0, "Actual Total Time": 0.0, "Index Cond": "(id = ml.linked_movie_id)", "Rows Removed by Index Recheck": 0}]}]}, "Triggers": [], "Planner Runtime": 7, "Total Runtime": 40.812, "Unique SQL Id": 524435555}}, "(64, 41)": {"explain_plan": {"Plan": {"Node Type": "Aggregate", "Strategy": "Plain", "Startup Cost": 4051.57, "Total Cost": 4051.58, "Plan Rows": 1, "Plan Width": 142, "Plans": [{"Node Type": "Nested Loop", "Parent Relationship": "Outer", "Join Type": "Inner", "Startup Cost": 0.0, "Total Cost": 4050.42, "Plan Rows": 154, "Plan Width": 46, "Inner Unique": true, "Plans": [{"Node Type": "Nested Loop", "Parent Relationship": "Outer", "Join Type": "Inner", "Startup Cost": 0.0, "Total Cost": 3386.84, "Plan Rows": 154, "Plan Width": 33, "Inner Unique": true, "Plans": [{"Node Type": "Nested Loop", "Parent Relationship": "Outer", "Join Type": "Inner", "Startup Cost": 0.0, "Total Cost": 3343.66, "Plan Rows": 154, "Plan Width": 25, "Inner Unique": false, "Plans": [{"Node Type": "Nested Loop", "Parent Relationship": "Outer", "Join Type": "Inner", "Startup Cost": 0.0, "Total Cost": 3330.45, "Plan Rows": 33, "Plan Width": 25, "Inner Unique": true, "Plans": [{"Node Type": "Nested Loop", "Parent Relationship": "Outer", "Join Type": "Inner", "Startup Cost": 0.0, "Total Cost": 3319.92, "Plan Rows": 33, "Plan Width": 4, "Inner Unique": false, "Plans": [{"Node Type": "Index Scan", "Parent Relationship": "Outer", "Scan Direction": "Forward", "Index Name": "keyword_pkey", "Relation Name": "keyword", "Alias": "k", "Startup Cost": 0.0, "Total Cost": 3182.72, "Plan Rows": 1, "Plan Width": 4, "Filter": "((keyword)::text = '10,000-mile-club'::text)"}, {"Node Type": "Index Scan", "Parent Relationship": "Inner", "Scan Direction": "Forward", "Index Name": "keyword_id_movie_keyword", "Relation Name": "movie_keyword", "Alias": "mk", "Startup Cost": 0.0, "Total Cost": 136.88, "Plan Rows": 33, "Plan Width": 8, "Index Cond": "(keyword_id = k.id)"}]}, {"Node Type": "Index Scan", "Parent Relationship": "Inner", "Scan Direction": "Forward", "Index Name": "title_pkey", "Relation Name": "title", "Alias": "t1", "Startup Cost": 0.0, "Total Cost": 0.31, "Plan Rows": 1, "Plan Width": 21, "Index Cond": "(id = mk.movie_id)"}]}, {"Node Type": "Index Scan", "Parent Relationship": "Inner", "Scan Direction": "Forward", "Index Name": "movie_id_movie_link", "Relation Name": "movie_link", "Alias": "ml", "Startup Cost": 0.0, "Total Cost": 0.35, "Plan Rows": 5, "Plan Width": 12, "Index Cond": "(movie_id = t1.id)"}]}, {"Node Type": "Index Scan", "Parent Relationship": "Inner", "Scan Direction": "Forward", "Index Name": "link_type_pkey", "Relation Name": "link_type", "Alias": "lt", "Startup Cost": 0.0, "Total Cost": 0.27, "Plan Rows": 1, "Plan Width": 16, "Index Cond": "(id = ml.link_type_id)"}]}, {"Node Type": "Index Scan", "Parent Relationship": "Inner", "Scan Direction": "Forward", "Index Name": "title_pkey", "Relation Name": "title", "Alias": "t2", "Startup Cost": 0.0, "Total Cost": 4.3, "Plan Rows": 1, "Plan Width": 21, "Index Cond": "(id = ml.linked_movie_id)"}]}]}, "Unique SQL Id": 524435555, "Planner Runtime": 3}, "explain_analyze_plan": {"Plan": {"Node Type": "Aggregate", "Strategy": "Plain", "Startup Cost": 4051.57, "Total Cost": 4051.58, "Plan Rows": 1, "Plan Width": 142, "Actual Startup Time": 112.659, "Actual Total Time": 112.659, "Actual Rows": 1, "Actual Loops": 1, "Plans": [{"Node Type": "Nested Loop", "Parent Relationship": "Outer", "Join Type": "Inner", "Startup Cost": 0.0, "Total Cost": 4050.42, "Plan Rows": 154, "Plan Width": 46, "Actual Startup Time": 112.653, "Actual Total Time": 112.653, "Actual Rows": 0, "Actual Loops": 1, "Inner Unique": true, "Plans": [{"Node Type": "Nested Loop", "Parent Relationship": "Outer", "Join Type": "Inner", "Startup Cost": 0.0, "Total Cost": 3386.84, "Plan Rows": 154, "Plan Width": 33, "Actual Startup Time": 112.653, "Actual Total Time": 112.653, "Actual Rows": 0, "Actual Loops": 1, "Inner Unique": true, "Plans": [{"Node Type": "Nested Loop", "Parent Relationship": "Outer", "Join Type": "Inner", "Startup Cost": 0.0, "Total Cost": 3343.66, "Plan Rows": 154, "Plan Width": 25, "Actual Startup Time": 112.652, "Actual Total Time": 112.652, "Actual Rows": 0, "Actual Loops": 1, "Inner Unique": false, "Plans": [{"Node Type": "Nested Loop", "Parent Relationship": "Outer", "Join Type": "Inner", "Startup Cost": 0.0, "Total Cost": 3330.45, "Plan Rows": 33, "Plan Width": 25, "Actual Startup Time": 110.792, "Actual Total Time": 112.645, "Actual Rows": 1, "Actual Loops": 1, "Inner Unique": true, "Plans": [{"Node Type": "Nested Loop", "Parent Relationship": "Outer", "Join Type": "Inner", "Startup Cost": 0.0, "Total Cost": 3319.92, "Plan Rows": 33, "Plan Width": 4, "Actual Startup Time": 110.781, "Actual Total Time": 112.634, "Actual Rows": 1, "Actual Loops": 1, "Inner Unique": false, "Plans": [{"Node Type": "Index Scan", "Parent Relationship": "Outer", "Scan Direction": "Forward", "Index Name": "keyword_pkey", "Relation Name": "keyword", "Alias": "k", "Startup Cost": 0.0, "Total Cost": 3182.72, "Plan Rows": 1, "Plan Width": 4, "Actual Startup Time": 110.759, "Actual Total Time": 112.61, "Actual Rows": 1, "Actual Loops": 1, "Filter": "((keyword)::text = '10,000-mile-club'::text)", "Rows Removed by Filter": 134168}, {"Node Type": "Index Scan", "Parent Relationship": "Inner", "Scan Direction": "Forward", "Index Name": "keyword_id_movie_keyword", "Relation Name": "movie_keyword", "Alias": "mk", "Startup Cost": 0.0, "Total Cost": 136.88, "Plan Rows": 33, "Plan Width": 8, "Actual Startup Time": 0.014, "Actual Total Time": 0.015, "Actual Rows": 1, "Actual Loops": 1, "Index Cond": "(keyword_id = k.id)", "Rows Removed by Index Recheck": 0}]}, {"Node Type": "Index Scan", "Parent Relationship": "Inner", "Scan Direction": "Forward", "Index Name": "title_pkey", "Relation Name": "title", "Alias": "t1", "Startup Cost": 0.0, "Total Cost": 0.31, "Plan Rows": 1, "Plan Width": 21, "Actual Startup Time": 0.009, "Actual Total Time": 0.009, "Actual Rows": 1, "Actual Loops": 1, "Index Cond": "(id = mk.movie_id)", "Rows Removed by Index Recheck": 0}]}, {"Node Type": "Index Scan", "Parent Relationship": "Inner", "Scan Direction": "Forward", "Index Name": "movie_id_movie_link", "Relation Name": "movie_link", "Alias": "ml", "Startup Cost": 0.0, "Total Cost": 0.35, "Plan Rows": 5, "Plan Width": 12, "Actual Startup Time": 0.003, "Actual Total Time": 0.003, "Actual Rows": 0, "Actual Loops": 1, "Index Cond": "(movie_id = t1.id)", "Rows Removed by Index Recheck": 0}]}, {"Node Type": "Index Scan", "Parent Relationship": "Inner", "Scan Direction": "Forward", "Index Name": "link_type_pkey", "Relation Name": "link_type", "Alias": "lt", "Startup Cost": 0.0, "Total Cost": 0.27, "Plan Rows": 1, "Plan Width": 16, "Actual Startup Time": 0.0, "Actual Total Time": 0.0, "Index Cond": "(id = ml.link_type_id)", "Rows Removed by Index Recheck": 0}]}, {"Node Type": "Index Scan", "Parent Relationship": "Inner", "Scan Direction": "Forward", "Index Name": "title_pkey", "Relation Name": "title", "Alias": "t2", "Startup Cost": 0.0, "Total Cost": 4.3, "Plan Rows": 1, "Plan Width": 21, "Actual Startup Time": 0.0, "Actual Total Time": 0.0, "Index Cond": "(id = ml.linked_movie_id)", "Rows Removed by Index Recheck": 0}]}]}, "Triggers": [], "Planner Runtime": 2, "Total Runtime": 112.875, "Unique SQL Id": 524435555}}, "(64, 42)": {"explain_plan": {"Plan": {"Node Type": "Aggregate", "Strategy": "Plain", "Startup Cost": 216174.04, "Total Cost": 216174.05, "Plan Rows": 1, "Plan Width": 142, "Plans": [{"Node Type": "Nested Loop", "Parent Relationship": "Outer", "Join Type": "Inner", "Startup Cost": 146580.59, "Total Cost": 216172.88, "Plan Rows": 154, "Plan Width": 46, "Inner Unique": true, "Join Filter": "(ml.link_type_id = lt.id)", "Plans": [{"Node Type": "Hash Join", "Parent Relationship": "Outer", "Join Type": "Inner", "Startup Cost": 146580.59, "Total Cost": 216132.4, "Plan Rows": 154, "Plan Width": 38, "Inner Unique": false, "Hash Cond": "(t2.id = ml.linked_movie_id)", "Plans": [{"Node Type": "Seq Scan", "Parent Relationship": "Outer", "Relation Name": "title", "Alias": "t2", "Startup Cost": 0.0, "Total Cost": 60069.11, "Plan Rows": 2528311, "Plan Width": 21}, {"Node Type": "Hash", "Parent Relationship": "Inner", "Startup Cost": 146578.66, "Total Cost": 146578.66, "Plan Rows": 154, "Plan Width": 25, "Plans": [{"Node Type": "Hash Join", "Parent Relationship": "Outer", "Join Type": "Inner", "Startup Cost": 77022.17, "Total Cost": 146578.66, "Plan Rows": 154, "Plan Width": 25, "Inner Unique": false, "Hash Cond": "(t1.id = ml.movie_id)", "Plans": [{"Node Type": "Hash Join", "Parent Relationship": "Outer", "Join Type": "Inner", "Startup Cost": 76216.26, "Total Cost": 145766.86, "Plan Rows": 33, "Plan Width": 25, "Inner Unique": false, "Hash Cond": "(t1.id = mk.movie_id)", "Plans": [{"Node Type": "Seq Scan", "Parent Relationship": "Outer", "Relation Name": "title", "Alias": "t1", "Startup Cost": 0.0, "Total Cost": 60069.11, "Plan Rows": 2528311, "Plan Width": 21}, {"Node Type": "Hash", "Parent Relationship": "Inner", "Startup Cost": 76215.84, "Total Cost": 76215.84, "Plan Rows": 33, "Plan Width": 4, "Plans": [{"Node Type": "Hash Join", "Parent Relationship": "Outer", "Join Type": "Inner", "Startup Cost": 2436.12, "Total Cost": 76215.84, "Plan Rows": 33, "Plan Width": 4, "Inner Unique": true, "Hash Cond": "(mk.keyword_id = k.id)", "Plans": [{"Node Type": "Seq Scan", "Parent Relationship": "Outer", "Relation Name": "movie_keyword", "Alias": "mk", "Startup Cost": 0.0, "Total Cost": 62441.29, "Plan Rows": 4523929, "Plan Width": 8}, {"Node Type": "Hash", "Parent Relationship": "Inner", "Startup Cost": 2436.11, "Total Cost": 2436.11, "Plan Rows": 1, "Plan Width": 4, "Plans": [{"Node Type": "Seq Scan", "Parent Relationship": "Outer", "Relation Name": "keyword", "Alias": "k", "Startup Cost": 0.0, "Total Cost": 2436.11, "Plan Rows": 1, "Plan Width": 4, "Filter": "((keyword)::text = '10,000-mile-club'::text)"}]}]}]}]}, {"Node Type": "Hash", "Parent Relationship": "Inner", "Startup Cost": 430.96, "Total Cost": 430.96, "Plan Rows": 29996, "Plan Width": 12, "Plans": [{"Node Type": "Seq Scan", "Parent Relationship": "Outer", "Relation Name": "movie_link", "Alias": "ml", "Startup Cost": 0.0, "Total Cost": 430.96, "Plan Rows": 29996, "Plan Width": 12}]}]}]}]}, {"Node Type": "Materialize", "Parent Relationship": "Inner", "Startup Cost": 0.0, "Total Cost": 1.25, "Plan Rows": 17, "Plan Width": 16, "Plans": [{"Node Type": "Seq Scan", "Parent Relationship": "Outer", "Relation Name": "link_type", "Alias": "lt", "Startup Cost": 0.0, "Total Cost": 1.17, "Plan Rows": 17, "Plan Width": 16}]}]}]}, "Unique SQL Id": 524435555, "Planner Runtime": 9}, "explain_analyze_plan": null}, "(64, 43)": {"explain_plan": {"Plan": {"Node Type": "Aggregate", "Strategy": "Plain", "Startup Cost": 6000044963492.68, "Total Cost": 6000044963492.69, "Plan Rows": 1, "Plan Width": 142, "Plans": [{"Node Type": "Nested Loop", "Parent Relationship": "Outer", "Join Type": "Inner", "Startup Cost": 60000000000.0, "Total Cost": 6000044963491.52, "Plan Rows": 154, "Plan Width": 46, "Inner Unique": false, "Join Filter": "(ml.linked_movie_id = t2.id)", "Plans": [{"Node Type": "Index Scan", "Parent Relationship": "Outer", "Scan Direction": "Forward", "Index Name": "title_pkey", "Relation Name": "title", "Alias": "t2", "Startup Cost": 10000000000.0, "Total Cost": 1000011012048.91, "Plan Rows": 2528311, "Plan Width": 21}, {"Node Type": "Materialize", "Parent Relationship": "Inner", "Startup Cost": 50000000000.0, "Total Cost": 5000028111044.58, "Plan Rows": 154, "Plan Width": 33, "Plans": [{"Node Type": "Nested Loop", "Parent Relationship": "Outer", "Join Type": "Inner", "Startup Cost": 50000000000.0, "Total Cost": 5000028111043.81, "Plan Rows": 154, "Plan Width": 33, "Inner Unique": true, "Join Filter": "(ml.link_type_id = lt.id)", "Plans": [{"Node Type": "Nested Loop", "Parent Relationship": "Outer", "Join Type": "Inner", "Startup Cost": 40000000000.0, "Total Cost": 4000028109754.0, "Plan Rows": 154, "Plan Width": 25, "Inner Unique": false, "Join Filter": "(t1.id = ml.movie_id)", "Plans": [{"Node Type": "Index Scan", "Parent Relationship": "Outer", "Scan Direction": "Forward", "Index Name": "linked_movie_id_movie_link", "Relation Name": "movie_link", "Alias": "ml", "Startup Cost": 10000000000.0, "Total Cost": 1000000144578.17, "Plan Rows": 29996, "Plan Width": 12}, {"Node Type": "Materialize", "Parent Relationship": "Inner", "Startup Cost": 30000000000.0, "Total Cost": 3000027950327.9, "Plan Rows": 33, "Plan Width": 25, "Plans": [{"Node Type": "Nested Loop", "Parent Relationship": "Outer", "Join Type": "Inner", "Startup Cost": 30000000000.0, "Total Cost": 3000027950327.73, "Plan Rows": 33, "Plan Width": 25, "Inner Unique": false, "Join Filter": "(mk.movie_id = t1.id)", "Plans": [{"Node Type": "Index Scan", "Parent Relationship": "Outer", "Scan Direction": "Forward", "Index Name": "title_pkey", "Relation Name": "title", "Alias": "t1", "Startup Cost": 10000000000.0, "Total Cost": 1000011012048.91, "Plan Rows": 2528311, "Plan Width": 21}, {"Node Type": "Materialize", "Parent Relationship": "Inner", "Startup Cost": 20000000000.0, "Total Cost": 2000015686764.96, "Plan Rows": 33, "Plan Width": 4, "Plans": [{"Node Type": "Nested Loop", "Parent Relationship": "Outer", "Join Type": "Inner", "Startup Cost": 20000000000.0, "Total Cost": 2000015686764.79, "Plan Rows": 33, "Plan Width": 4, "Inner Unique": true, "Join Filter": "(k.id = mk.keyword_id)", "Plans": [{"Node Type": "Index Scan", "Parent Relationship": "Outer", "Scan Direction": "Forward", "Index Name": "movie_id_movie_keyword", "Relation Name": "movie_keyword", "Alias": "mk", "Startup Cost": 10000000000.0, "Total Cost": 1000015300634.17, "Plan Rows": 4523929, "Plan Width": 8}, {"Node Type": "Materialize", "Parent Relationship": "Inner", "Startup Cost": 10000000000.0, "Total Cost": 1000000318271.69, "Plan Rows": 1, "Plan Width": 4, "Plans": [{"Node Type": "Index Scan", "Parent Relationship": "Outer", "Scan Direction": "Forward", "Index Name": "keyword_pkey", "Relation Name": "keyword", "Alias": "k", "Startup Cost": 10000000000.0, "Total Cost": 1000000318271.68, "Plan Rows": 1, "Plan Width": 4, "Filter": "((keyword)::text = '10,000-mile-club'::text)"}]}]}]}]}]}]}, {"Node Type": "Materialize", "Parent Relationship": "Inner", "Startup Cost": 10000000000.0, "Total Cost": 1000000001250.58, "Plan Rows": 17, "Plan Width": 16, "Plans": [{"Node Type": "Index Scan", "Parent Relationship": "Outer", "Scan Direction": "Forward", "Index Name": "link_type_pkey", "Relation Name": "link_type", "Alias": "lt", "Startup Cost": 10000000000.0, "Total Cost": 1000000001250.5, "Plan Rows": 17, "Plan Width": 16}]}]}]}]}]}, "Unique SQL Id": 524435555, "Planner Runtime": 8}, "explain_analyze_plan": null}, "(64, 44)": {"explain_plan": {"Plan": {"Node Type": "Aggregate", "Strategy": "Plain", "Startup Cost": 3265.11, "Total Cost": 3265.12, "Plan Rows": 1, "Plan Width": 142, "Plans": [{"Node Type": "Nested Loop", "Parent Relationship": "Outer", "Join Type": "Inner", "Startup Cost": 1.38, "Total Cost": 3263.96, "Plan Rows": 154, "Plan Width": 46, "Inner Unique": true, "Plans": [{"Node Type": "Hash Join", "Parent Relationship": "Outer", "Join Type": "Inner", "Startup Cost": 1.38, "Total Cost": 2600.38, "Plan Rows": 154, "Plan Width": 33, "Inner Unique": true, "Hash Cond": "(ml.link_type_id = lt.id)", "Plans": [{"Node Type": "Nested Loop", "Parent Relationship": "Outer", "Join Type": "Inner", "Startup Cost": 0.0, "Total Cost": 2597.06, "Plan Rows": 154, "Plan Width": 25, "Inner Unique": false, "Plans": [{"Node Type": "Nested Loop", "Parent Relationship": "Outer", "Join Type": "Inner", "Startup Cost": 0.0, "Total Cost": 2583.84, "Plan Rows": 33, "Plan Width": 25, "Inner Unique": true, "Plans": [{"Node Type": "Nested Loop", "Parent Relationship": "Outer", "Join Type": "Inner", "Startup Cost": 0.0, "Total Cost": 2573.32, "Plan Rows": 33, "Plan Width": 4, "Inner Unique": false, "Plans": [{"Node Type": "Seq Scan", "Parent Relationship": "Outer", "Relation Name": "keyword", "Alias": "k", "Startup Cost": 0.0, "Total Cost": 2436.11, "Plan Rows": 1, "Plan Width": 4, "Filter": "((keyword)::text = '10,000-mile-club'::text)"}, {"Node Type": "Index Scan", "Parent Relationship": "Inner", "Scan Direction": "Forward", "Index Name": "keyword_id_movie_keyword", "Relation Name": "movie_keyword", "Alias": "mk", "Startup Cost": 0.0, "Total Cost": 136.88, "Plan Rows": 33, "Plan Width": 8, "Index Cond": "(keyword_id = k.id)"}]}, {"Node Type": "Index Scan", "Parent Relationship": "Inner", "Scan Direction": "Forward", "Index Name": "title_pkey", "Relation Name": "title", "Alias": "t1", "Startup Cost": 0.0, "Total Cost": 0.31, "Plan Rows": 1, "Plan Width": 21, "Index Cond": "(id = mk.movie_id)"}]}, {"Node Type": "Index Scan", "Parent Relationship": "Inner", "Scan Direction": "Forward", "Index Name": "movie_id_movie_link", "Relation Name": "movie_link", "Alias": "ml", "Startup Cost": 0.0, "Total Cost": 0.35, "Plan Rows": 5, "Plan Width": 12, "Index Cond": "(movie_id = t1.id)"}]}, {"Node Type": "Hash", "Parent Relationship": "Inner", "Startup Cost": 1.17, "Total Cost": 1.17, "Plan Rows": 17, "Plan Width": 16, "Plans": [{"Node Type": "Seq Scan", "Parent Relationship": "Outer", "Relation Name": "link_type", "Alias": "lt", "Startup Cost": 0.0, "Total Cost": 1.17, "Plan Rows": 17, "Plan Width": 16}]}]}, {"Node Type": "Index Scan", "Parent Relationship": "Inner", "Scan Direction": "Forward", "Index Name": "title_pkey", "Relation Name": "title", "Alias": "t2", "Startup Cost": 0.0, "Total Cost": 4.3, "Plan Rows": 1, "Plan Width": 21, "Index Cond": "(id = ml.linked_movie_id)"}]}]}, "Unique SQL Id": 524435555, "Planner Runtime": 7}, "explain_analyze_plan": {"Plan": {"Node Type": "Aggregate", "Strategy": "Plain", "Startup Cost": 3265.11, "Total Cost": 3265.12, "Plan Rows": 1, "Plan Width": 142, "Actual Startup Time": 40.59, "Actual Total Time": 40.59, "Actual Rows": 1, "Actual Loops": 1, "Plans": [{"Node Type": "Nested Loop", "Parent Relationship": "Outer", "Join Type": "Inner", "Startup Cost": 1.38, "Total Cost": 3263.96, "Plan Rows": 154, "Plan Width": 46, "Actual Startup Time": 40.585, "Actual Total Time": 40.585, "Actual Rows": 0, "Actual Loops": 1, "Inner Unique": true, "Plans": [{"Node Type": "Hash Join", "Parent Relationship": "Outer", "Join Type": "Inner", "Startup Cost": 1.38, "Total Cost": 2600.38, "Plan Rows": 154, "Plan Width": 33, "Actual Startup Time": 40.584, "Actual Total Time": 40.584, "Actual Rows": 0, "Actual Loops": 1, "Inner Unique": true, "Hash Cond": "(ml.link_type_id = lt.id)", "Plans": [{"Node Type": "Nested Loop", "Parent Relationship": "Outer", "Join Type": "Inner", "Startup Cost": 0.0, "Total Cost": 2597.06, "Plan Rows": 154, "Plan Width": 25, "Actual Startup Time": 40.579, "Actual Total Time": 40.579, "Actual Rows": 0, "Actual Loops": 1, "Inner Unique": false, "Plans": [{"Node Type": "Nested Loop", "Parent Relationship": "Outer", "Join Type": "Inner", "Startup Cost": 0.0, "Total Cost": 2583.84, "Plan Rows": 33, "Plan Width": 25, "Actual Startup Time": 39.697, "Actual Total Time": 40.573, "Actual Rows": 1, "Actual Loops": 1, "Inner Unique": true, "Plans": [{"Node Type": "Nested Loop", "Parent Relationship": "Outer", "Join Type": "Inner", "Startup Cost": 0.0, "Total Cost": 2573.32, "Plan Rows": 33, "Plan Width": 4, "Actual Startup Time": 39.686, "Actual Total Time": 40.561, "Actual Rows": 1, "Actual Loops": 1, "Inner Unique": false, "Plans": [{"Node Type": "Seq Scan", "Parent Relationship": "Outer", "Relation Name": "keyword", "Alias": "k", "Startup Cost": 0.0, "Total Cost": 2436.11, "Plan Rows": 1, "Plan Width": 4, "Actual Startup Time": 39.658, "Actual Total Time": 40.531, "Actual Rows": 1, "Actual Loops": 1, "Filter": "((keyword)::text = '10,000-mile-club'::text)", "Rows Removed by Filter": 134168}, {"Node Type": "Index Scan", "Parent Relationship": "Inner", "Scan Direction": "Forward", "Index Name": "keyword_id_movie_keyword", "Relation Name": "movie_keyword", "Alias": "mk", "Startup Cost": 0.0, "Total Cost": 136.88, "Plan Rows": 33, "Plan Width": 8, "Actual Startup Time": 0.021, "Actual Total Time": 0.021, "Actual Rows": 1, "Actual Loops": 1, "Index Cond": "(keyword_id = k.id)", "Rows Removed by Index Recheck": 0}]}, {"Node Type": "Index Scan", "Parent Relationship": "Inner", "Scan Direction": "Forward", "Index Name": "title_pkey", "Relation Name": "title", "Alias": "t1", "Startup Cost": 0.0, "Total Cost": 0.31, "Plan Rows": 1, "Plan Width": 21, "Actual Startup Time": 0.009, "Actual Total Time": 0.009, "Actual Rows": 1, "Actual Loops": 1, "Index Cond": "(id = mk.movie_id)", "Rows Removed by Index Recheck": 0}]}, {"Node Type": "Index Scan", "Parent Relationship": "Inner", "Scan Direction": "Forward", "Index Name": "movie_id_movie_link", "Relation Name": "movie_link", "Alias": "ml", "Startup Cost": 0.0, "Total Cost": 0.35, "Plan Rows": 5, "Plan Width": 12, "Actual Startup Time": 0.003, "Actual Total Time": 0.003, "Actual Rows": 0, "Actual Loops": 1, "Index Cond": "(movie_id = t1.id)", "Rows Removed by Index Recheck": 0}]}, {"Node Type": "Hash", "Parent Relationship": "Inner", "Startup Cost": 1.17, "Total Cost": 1.17, "Plan Rows": 17, "Plan Width": 16, "Actual Startup Time": 0.0, "Actual Total Time": 0.0, "Hash Buckets": 0, "Hash Batches": 0, "Original Hash Batches": 0, "Peak Memory Usage": 0, "Plans": [{"Node Type": "Seq Scan", "Parent Relationship": "Outer", "Relation Name": "link_type", "Alias": "lt", "Startup Cost": 0.0, "Total Cost": 1.17, "Plan Rows": 17, "Plan Width": 16, "Actual Startup Time": 0.0, "Actual Total Time": 0.0}]}]}, {"Node Type": "Index Scan", "Parent Relationship": "Inner", "Scan Direction": "Forward", "Index Name": "title_pkey", "Relation Name": "title", "Alias": "t2", "Startup Cost": 0.0, "Total Cost": 4.3, "Plan Rows": 1, "Plan Width": 21, "Actual Startup Time": 0.0, "Actual Total Time": 0.0, "Index Cond": "(id = ml.linked_movie_id)", "Rows Removed by Index Recheck": 0}]}]}, "Triggers": [], "Planner Runtime": 7, "Total Runtime": 40.812, "Unique SQL Id": 524435555}}, "(64, 45)": {"explain_plan": {"Plan": {"Node Type": "Aggregate", "Strategy": "Plain", "Startup Cost": 4051.57, "Total Cost": 4051.58, "Plan Rows": 1, "Plan Width": 142, "Plans": [{"Node Type": "Nested Loop", "Parent Relationship": "Outer", "Join Type": "Inner", "Startup Cost": 0.0, "Total Cost": 4050.42, "Plan Rows": 154, "Plan Width": 46, "Inner Unique": true, "Plans": [{"Node Type": "Nested Loop", "Parent Relationship": "Outer", "Join Type": "Inner", "Startup Cost": 0.0, "Total Cost": 3386.84, "Plan Rows": 154, "Plan Width": 33, "Inner Unique": true, "Plans": [{"Node Type": "Nested Loop", "Parent Relationship": "Outer", "Join Type": "Inner", "Startup Cost": 0.0, "Total Cost": 3343.66, "Plan Rows": 154, "Plan Width": 25, "Inner Unique": false, "Plans": [{"Node Type": "Nested Loop", "Parent Relationship": "Outer", "Join Type": "Inner", "Startup Cost": 0.0, "Total Cost": 3330.45, "Plan Rows": 33, "Plan Width": 25, "Inner Unique": true, "Plans": [{"Node Type": "Nested Loop", "Parent Relationship": "Outer", "Join Type": "Inner", "Startup Cost": 0.0, "Total Cost": 3319.92, "Plan Rows": 33, "Plan Width": 4, "Inner Unique": false, "Plans": [{"Node Type": "Index Scan", "Parent Relationship": "Outer", "Scan Direction": "Forward", "Index Name": "keyword_pkey", "Relation Name": "keyword", "Alias": "k", "Startup Cost": 0.0, "Total Cost": 3182.72, "Plan Rows": 1, "Plan Width": 4, "Filter": "((keyword)::text = '10,000-mile-club'::text)"}, {"Node Type": "Index Scan", "Parent Relationship": "Inner", "Scan Direction": "Forward", "Index Name": "keyword_id_movie_keyword", "Relation Name": "movie_keyword", "Alias": "mk", "Startup Cost": 0.0, "Total Cost": 136.88, "Plan Rows": 33, "Plan Width": 8, "Index Cond": "(keyword_id = k.id)"}]}, {"Node Type": "Index Scan", "Parent Relationship": "Inner", "Scan Direction": "Forward", "Index Name": "title_pkey", "Relation Name": "title", "Alias": "t1", "Startup Cost": 0.0, "Total Cost": 0.31, "Plan Rows": 1, "Plan Width": 21, "Index Cond": "(id = mk.movie_id)"}]}, {"Node Type": "Index Scan", "Parent Relationship": "Inner", "Scan Direction": "Forward", "Index Name": "movie_id_movie_link", "Relation Name": "movie_link", "Alias": "ml", "Startup Cost": 0.0, "Total Cost": 0.35, "Plan Rows": 5, "Plan Width": 12, "Index Cond": "(movie_id = t1.id)"}]}, {"Node Type": "Index Scan", "Parent Relationship": "Inner", "Scan Direction": "Forward", "Index Name": "link_type_pkey", "Relation Name": "link_type", "Alias": "lt", "Startup Cost": 0.0, "Total Cost": 0.27, "Plan Rows": 1, "Plan Width": 16, "Index Cond": "(id = ml.link_type_id)"}]}, {"Node Type": "Index Scan", "Parent Relationship": "Inner", "Scan Direction": "Forward", "Index Name": "title_pkey", "Relation Name": "title", "Alias": "t2", "Startup Cost": 0.0, "Total Cost": 4.3, "Plan Rows": 1, "Plan Width": 21, "Index Cond": "(id = ml.linked_movie_id)"}]}]}, "Unique SQL Id": 524435555, "Planner Runtime": 3}, "explain_analyze_plan": {"Plan": {"Node Type": "Aggregate", "Strategy": "Plain", "Startup Cost": 4051.57, "Total Cost": 4051.58, "Plan Rows": 1, "Plan Width": 142, "Actual Startup Time": 112.659, "Actual Total Time": 112.659, "Actual Rows": 1, "Actual Loops": 1, "Plans": [{"Node Type": "Nested Loop", "Parent Relationship": "Outer", "Join Type": "Inner", "Startup Cost": 0.0, "Total Cost": 4050.42, "Plan Rows": 154, "Plan Width": 46, "Actual Startup Time": 112.653, "Actual Total Time": 112.653, "Actual Rows": 0, "Actual Loops": 1, "Inner Unique": true, "Plans": [{"Node Type": "Nested Loop", "Parent Relationship": "Outer", "Join Type": "Inner", "Startup Cost": 0.0, "Total Cost": 3386.84, "Plan Rows": 154, "Plan Width": 33, "Actual Startup Time": 112.653, "Actual Total Time": 112.653, "Actual Rows": 0, "Actual Loops": 1, "Inner Unique": true, "Plans": [{"Node Type": "Nested Loop", "Parent Relationship": "Outer", "Join Type": "Inner", "Startup Cost": 0.0, "Total Cost": 3343.66, "Plan Rows": 154, "Plan Width": 25, "Actual Startup Time": 112.652, "Actual Total Time": 112.652, "Actual Rows": 0, "Actual Loops": 1, "Inner Unique": false, "Plans": [{"Node Type": "Nested Loop", "Parent Relationship": "Outer", "Join Type": "Inner", "Startup Cost": 0.0, "Total Cost": 3330.45, "Plan Rows": 33, "Plan Width": 25, "Actual Startup Time": 110.792, "Actual Total Time": 112.645, "Actual Rows": 1, "Actual Loops": 1, "Inner Unique": true, "Plans": [{"Node Type": "Nested Loop", "Parent Relationship": "Outer", "Join Type": "Inner", "Startup Cost": 0.0, "Total Cost": 3319.92, "Plan Rows": 33, "Plan Width": 4, "Actual Startup Time": 110.781, "Actual Total Time": 112.634, "Actual Rows": 1, "Actual Loops": 1, "Inner Unique": false, "Plans": [{"Node Type": "Index Scan", "Parent Relationship": "Outer", "Scan Direction": "Forward", "Index Name": "keyword_pkey", "Relation Name": "keyword", "Alias": "k", "Startup Cost": 0.0, "Total Cost": 3182.72, "Plan Rows": 1, "Plan Width": 4, "Actual Startup Time": 110.759, "Actual Total Time": 112.61, "Actual Rows": 1, "Actual Loops": 1, "Filter": "((keyword)::text = '10,000-mile-club'::text)", "Rows Removed by Filter": 134168}, {"Node Type": "Index Scan", "Parent Relationship": "Inner", "Scan Direction": "Forward", "Index Name": "keyword_id_movie_keyword", "Relation Name": "movie_keyword", "Alias": "mk", "Startup Cost": 0.0, "Total Cost": 136.88, "Plan Rows": 33, "Plan Width": 8, "Actual Startup Time": 0.014, "Actual Total Time": 0.015, "Actual Rows": 1, "Actual Loops": 1, "Index Cond": "(keyword_id = k.id)", "Rows Removed by Index Recheck": 0}]}, {"Node Type": "Index Scan", "Parent Relationship": "Inner", "Scan Direction": "Forward", "Index Name": "title_pkey", "Relation Name": "title", "Alias": "t1", "Startup Cost": 0.0, "Total Cost": 0.31, "Plan Rows": 1, "Plan Width": 21, "Actual Startup Time": 0.009, "Actual Total Time": 0.009, "Actual Rows": 1, "Actual Loops": 1, "Index Cond": "(id = mk.movie_id)", "Rows Removed by Index Recheck": 0}]}, {"Node Type": "Index Scan", "Parent Relationship": "Inner", "Scan Direction": "Forward", "Index Name": "movie_id_movie_link", "Relation Name": "movie_link", "Alias": "ml", "Startup Cost": 0.0, "Total Cost": 0.35, "Plan Rows": 5, "Plan Width": 12, "Actual Startup Time": 0.003, "Actual Total Time": 0.003, "Actual Rows": 0, "Actual Loops": 1, "Index Cond": "(movie_id = t1.id)", "Rows Removed by Index Recheck": 0}]}, {"Node Type": "Index Scan", "Parent Relationship": "Inner", "Scan Direction": "Forward", "Index Name": "link_type_pkey", "Relation Name": "link_type", "Alias": "lt", "Startup Cost": 0.0, "Total Cost": 0.27, "Plan Rows": 1, "Plan Width": 16, "Actual Startup Time": 0.0, "Actual Total Time": 0.0, "Index Cond": "(id = ml.link_type_id)", "Rows Removed by Index Recheck": 0}]}, {"Node Type": "Index Scan", "Parent Relationship": "Inner", "Scan Direction": "Forward", "Index Name": "title_pkey", "Relation Name": "title", "Alias": "t2", "Startup Cost": 0.0, "Total Cost": 4.3, "Plan Rows": 1, "Plan Width": 21, "Actual Startup Time": 0.0, "Actual Total Time": 0.0, "Index Cond": "(id = ml.linked_movie_id)", "Rows Removed by Index Recheck": 0}]}]}, "Triggers": [], "Planner Runtime": 2, "Total Runtime": 112.875, "Unique SQL Id": 524435555}}, "(64, 46)": {"explain_plan": {"Plan": {"Node Type": "Aggregate", "Strategy": "Plain", "Startup Cost": 216174.04, "Total Cost": 216174.05, "Plan Rows": 1, "Plan Width": 142, "Plans": [{"Node Type": "Nested Loop", "Parent Relationship": "Outer", "Join Type": "Inner", "Startup Cost": 146580.59, "Total Cost": 216172.88, "Plan Rows": 154, "Plan Width": 46, "Inner Unique": true, "Join Filter": "(ml.link_type_id = lt.id)", "Plans": [{"Node Type": "Hash Join", "Parent Relationship": "Outer", "Join Type": "Inner", "Startup Cost": 146580.59, "Total Cost": 216132.4, "Plan Rows": 154, "Plan Width": 38, "Inner Unique": false, "Hash Cond": "(t2.id = ml.linked_movie_id)", "Plans": [{"Node Type": "Seq Scan", "Parent Relationship": "Outer", "Relation Name": "title", "Alias": "t2", "Startup Cost": 0.0, "Total Cost": 60069.11, "Plan Rows": 2528311, "Plan Width": 21}, {"Node Type": "Hash", "Parent Relationship": "Inner", "Startup Cost": 146578.66, "Total Cost": 146578.66, "Plan Rows": 154, "Plan Width": 25, "Plans": [{"Node Type": "Hash Join", "Parent Relationship": "Outer", "Join Type": "Inner", "Startup Cost": 77022.17, "Total Cost": 146578.66, "Plan Rows": 154, "Plan Width": 25, "Inner Unique": false, "Hash Cond": "(t1.id = ml.movie_id)", "Plans": [{"Node Type": "Hash Join", "Parent Relationship": "Outer", "Join Type": "Inner", "Startup Cost": 76216.26, "Total Cost": 145766.86, "Plan Rows": 33, "Plan Width": 25, "Inner Unique": false, "Hash Cond": "(t1.id = mk.movie_id)", "Plans": [{"Node Type": "Seq Scan", "Parent Relationship": "Outer", "Relation Name": "title", "Alias": "t1", "Startup Cost": 0.0, "Total Cost": 60069.11, "Plan Rows": 2528311, "Plan Width": 21}, {"Node Type": "Hash", "Parent Relationship": "Inner", "Startup Cost": 76215.84, "Total Cost": 76215.84, "Plan Rows": 33, "Plan Width": 4, "Plans": [{"Node Type": "Hash Join", "Parent Relationship": "Outer", "Join Type": "Inner", "Startup Cost": 2436.12, "Total Cost": 76215.84, "Plan Rows": 33, "Plan Width": 4, "Inner Unique": true, "Hash Cond": "(mk.keyword_id = k.id)", "Plans": [{"Node Type": "Seq Scan", "Parent Relationship": "Outer", "Relation Name": "movie_keyword", "Alias": "mk", "Startup Cost": 0.0, "Total Cost": 62441.29, "Plan Rows": 4523929, "Plan Width": 8}, {"Node Type": "Hash", "Parent Relationship": "Inner", "Startup Cost": 2436.11, "Total Cost": 2436.11, "Plan Rows": 1, "Plan Width": 4, "Plans": [{"Node Type": "Seq Scan", "Parent Relationship": "Outer", "Relation Name": "keyword", "Alias": "k", "Startup Cost": 0.0, "Total Cost": 2436.11, "Plan Rows": 1, "Plan Width": 4, "Filter": "((keyword)::text = '10,000-mile-club'::text)"}]}]}]}]}, {"Node Type": "Hash", "Parent Relationship": "Inner", "Startup Cost": 430.96, "Total Cost": 430.96, "Plan Rows": 29996, "Plan Width": 12, "Plans": [{"Node Type": "Seq Scan", "Parent Relationship": "Outer", "Relation Name": "movie_link", "Alias": "ml", "Startup Cost": 0.0, "Total Cost": 430.96, "Plan Rows": 29996, "Plan Width": 12}]}]}]}]}, {"Node Type": "Materialize", "Parent Relationship": "Inner", "Startup Cost": 0.0, "Total Cost": 1.25, "Plan Rows": 17, "Plan Width": 16, "Plans": [{"Node Type": "Seq Scan", "Parent Relationship": "Outer", "Relation Name": "link_type", "Alias": "lt", "Startup Cost": 0.0, "Total Cost": 1.17, "Plan Rows": 17, "Plan Width": 16}]}]}]}, "Unique SQL Id": 524435555, "Planner Runtime": 9}, "explain_analyze_plan": null}, "(64, 47)": {"explain_plan": {"Plan": {"Node Type": "Aggregate", "Strategy": "Plain", "Startup Cost": 6000044963492.68, "Total Cost": 6000044963492.69, "Plan Rows": 1, "Plan Width": 142, "Plans": [{"Node Type": "Nested Loop", "Parent Relationship": "Outer", "Join Type": "Inner", "Startup Cost": 60000000000.0, "Total Cost": 6000044963491.52, "Plan Rows": 154, "Plan Width": 46, "Inner Unique": false, "Join Filter": "(ml.linked_movie_id = t2.id)", "Plans": [{"Node Type": "Index Scan", "Parent Relationship": "Outer", "Scan Direction": "Forward", "Index Name": "title_pkey", "Relation Name": "title", "Alias": "t2", "Startup Cost": 10000000000.0, "Total Cost": 1000011012048.91, "Plan Rows": 2528311, "Plan Width": 21}, {"Node Type": "Materialize", "Parent Relationship": "Inner", "Startup Cost": 50000000000.0, "Total Cost": 5000028111044.58, "Plan Rows": 154, "Plan Width": 33, "Plans": [{"Node Type": "Nested Loop", "Parent Relationship": "Outer", "Join Type": "Inner", "Startup Cost": 50000000000.0, "Total Cost": 5000028111043.81, "Plan Rows": 154, "Plan Width": 33, "Inner Unique": true, "Join Filter": "(ml.link_type_id = lt.id)", "Plans": [{"Node Type": "Nested Loop", "Parent Relationship": "Outer", "Join Type": "Inner", "Startup Cost": 40000000000.0, "Total Cost": 4000028109754.0, "Plan Rows": 154, "Plan Width": 25, "Inner Unique": false, "Join Filter": "(t1.id = ml.movie_id)", "Plans": [{"Node Type": "Index Scan", "Parent Relationship": "Outer", "Scan Direction": "Forward", "Index Name": "linked_movie_id_movie_link", "Relation Name": "movie_link", "Alias": "ml", "Startup Cost": 10000000000.0, "Total Cost": 1000000144578.17, "Plan Rows": 29996, "Plan Width": 12}, {"Node Type": "Materialize", "Parent Relationship": "Inner", "Startup Cost": 30000000000.0, "Total Cost": 3000027950327.9, "Plan Rows": 33, "Plan Width": 25, "Plans": [{"Node Type": "Nested Loop", "Parent Relationship": "Outer", "Join Type": "Inner", "Startup Cost": 30000000000.0, "Total Cost": 3000027950327.73, "Plan Rows": 33, "Plan Width": 25, "Inner Unique": false, "Join Filter": "(mk.movie_id = t1.id)", "Plans": [{"Node Type": "Index Scan", "Parent Relationship": "Outer", "Scan Direction": "Forward", "Index Name": "title_pkey", "Relation Name": "title", "Alias": "t1", "Startup Cost": 10000000000.0, "Total Cost": 1000011012048.91, "Plan Rows": 2528311, "Plan Width": 21}, {"Node Type": "Materialize", "Parent Relationship": "Inner", "Startup Cost": 20000000000.0, "Total Cost": 2000015686764.96, "Plan Rows": 33, "Plan Width": 4, "Plans": [{"Node Type": "Nested Loop", "Parent Relationship": "Outer", "Join Type": "Inner", "Startup Cost": 20000000000.0, "Total Cost": 2000015686764.79, "Plan Rows": 33, "Plan Width": 4, "Inner Unique": true, "Join Filter": "(k.id = mk.keyword_id)", "Plans": [{"Node Type": "Index Scan", "Parent Relationship": "Outer", "Scan Direction": "Forward", "Index Name": "movie_id_movie_keyword", "Relation Name": "movie_keyword", "Alias": "mk", "Startup Cost": 10000000000.0, "Total Cost": 1000015300634.17, "Plan Rows": 4523929, "Plan Width": 8}, {"Node Type": "Materialize", "Parent Relationship": "Inner", "Startup Cost": 10000000000.0, "Total Cost": 1000000318271.69, "Plan Rows": 1, "Plan Width": 4, "Plans": [{"Node Type": "Index Scan", "Parent Relationship": "Outer", "Scan Direction": "Forward", "Index Name": "keyword_pkey", "Relation Name": "keyword", "Alias": "k", "Startup Cost": 10000000000.0, "Total Cost": 1000000318271.68, "Plan Rows": 1, "Plan Width": 4, "Filter": "((keyword)::text = '10,000-mile-club'::text)"}]}]}]}]}]}]}, {"Node Type": "Materialize", "Parent Relationship": "Inner", "Startup Cost": 10000000000.0, "Total Cost": 1000000001250.58, "Plan Rows": 17, "Plan Width": 16, "Plans": [{"Node Type": "Index Scan", "Parent Relationship": "Outer", "Scan Direction": "Forward", "Index Name": "link_type_pkey", "Relation Name": "link_type", "Alias": "lt", "Startup Cost": 10000000000.0, "Total Cost": 1000000001250.5, "Plan Rows": 17, "Plan Width": 16}]}]}]}]}]}, "Unique SQL Id": 524435555, "Planner Runtime": 8}, "explain_analyze_plan": null}, "(64, 48)": {"explain_plan": {"Plan": {"Node Type": "Aggregate", "Strategy": "Plain", "Startup Cost": 3297.98, "Total Cost": 3297.99, "Plan Rows": 1, "Plan Width": 142, "Plans": [{"Node Type": "Nested Loop", "Parent Relationship": "Outer", "Join Type": "Inner", "Startup Cost": 4.51, "Total Cost": 3296.82, "Plan Rows": 154, "Plan Width": 46, "Inner Unique": true, "Plans": [{"Node Type": "Nested Loop", "Parent Relationship": "Outer", "Join Type": "Inner", "Startup Cost": 4.51, "Total Cost": 2633.25, "Plan Rows": 154, "Plan Width": 33, "Inner Unique": true, "Join Filter": "(ml.link_type_id = lt.id)", "Plans": [{"Node Type": "Nested Loop", "Parent Relationship": "Outer", "Join Type": "Inner", "Startup Cost": 4.51, "Total Cost": 2592.76, "Plan Rows": 154, "Plan Width": 25, "Inner Unique": false, "Plans": [{"Node Type": "Nested Loop", "Parent Relationship": "Outer", "Join Type": "Inner", "Startup Cost": 4.51, "Total Cost": 2579.55, "Plan Rows": 33, "Plan Width": 25, "Inner Unique": true, "Plans": [{"Node Type": "Nested Loop", "Parent Relationship": "Outer", "Join Type": "Inner", "Startup Cost": 4.51, "Total Cost": 2569.02, "Plan Rows": 33, "Plan Width": 4, "Inner Unique": false, "Plans": [{"Node Type": "Seq Scan", "Parent Relationship": "Outer", "Relation Name": "keyword", "Alias": "k", "Startup Cost": 0.0, "Total Cost": 2436.11, "Plan Rows": 1, "Plan Width": 4, "Filter": "((keyword)::text = '10,000-mile-club'::text)"}, {"Node Type": "Bitmap Heap Scan", "Parent Relationship": "Inner", "Relation Name": "movie_keyword", "Alias": "mk", "Startup Cost": 4.51, "Total Cost": 132.58, "Plan Rows": 33, "Plan Width": 8, "Recheck Cond": "(keyword_id = k.id)", "Plans": [{"Node Type": "Bitmap Index Scan", "Parent Relationship": "Outer", "Index Name": "keyword_id_movie_keyword", "Startup Cost": 0.0, "Total Cost": 4.5, "Plan Rows": 33, "Plan Width": 0, "Index Cond": "(keyword_id = k.id)"}]}]}, {"Node Type": "Index Scan", "Parent Relationship": "Inner", "Scan Direction": "Forward", "Index Name": "title_pkey", "Relation Name": "title", "Alias": "t1", "Startup Cost": 0.0, "Total Cost": 0.31, "Plan Rows": 1, "Plan Width": 21, "Index Cond": "(id = mk.movie_id)"}]}, {"Node Type": "Index Scan", "Parent Relationship": "Inner", "Scan Direction": "Forward", "Index Name": "movie_id_movie_link", "Relation Name": "movie_link", "Alias": "ml", "Startup Cost": 0.0, "Total Cost": 0.35, "Plan Rows": 5, "Plan Width": 12, "Index Cond": "(movie_id = t1.id)"}]}, {"Node Type": "Materialize", "Parent Relationship": "Inner", "Startup Cost": 0.0, "Total Cost": 1.25, "Plan Rows": 17, "Plan Width": 16, "Plans": [{"Node Type": "Seq Scan", "Parent Relationship": "Outer", "Relation Name": "link_type", "Alias": "lt", "Startup Cost": 0.0, "Total Cost": 1.17, "Plan Rows": 17, "Plan Width": 16}]}]}, {"Node Type": "Index Scan", "Parent Relationship": "Inner", "Scan Direction": "Forward", "Index Name": "title_pkey", "Relation Name": "title", "Alias": "t2", "Startup Cost": 0.0, "Total Cost": 4.3, "Plan Rows": 1, "Plan Width": 21, "Index Cond": "(id = ml.linked_movie_id)"}]}]}, "Unique SQL Id": 524435555, "Planner Runtime": 3}, "explain_analyze_plan": {"Plan": {"Node Type": "Aggregate", "Strategy": "Plain", "Startup Cost": 3297.98, "Total Cost": 3297.99, "Plan Rows": 1, "Plan Width": 142, "Actual Startup Time": 40.462, "Actual Total Time": 40.462, "Actual Rows": 1, "Actual Loops": 1, "Plans": [{"Node Type": "Nested Loop", "Parent Relationship": "Outer", "Join Type": "Inner", "Startup Cost": 4.51, "Total Cost": 3296.82, "Plan Rows": 154, "Plan Width": 46, "Actual Startup Time": 40.458, "Actual Total Time": 40.458, "Actual Rows": 0, "Actual Loops": 1, "Inner Unique": true, "Plans": [{"Node Type": "Nested Loop", "Parent Relationship": "Outer", "Join Type": "Inner", "Startup Cost": 4.51, "Total Cost": 2633.25, "Plan Rows": 154, "Plan Width": 33, "Actual Startup Time": 40.456, "Actual Total Time": 40.456, "Actual Rows": 0, "Actual Loops": 1, "Inner Unique": true, "Join Filter": "(ml.link_type_id = lt.id)", "Rows Removed by Join Filter": 0, "Plans": [{"Node Type": "Nested Loop", "Parent Relationship": "Outer", "Join Type": "Inner", "Startup Cost": 4.51, "Total Cost": 2592.76, "Plan Rows": 154, "Plan Width": 25, "Actual Startup Time": 40.456, "Actual Total Time": 40.456, "Actual Rows": 0, "Actual Loops": 1, "Inner Unique": false, "Plans": [{"Node Type": "Nested Loop", "Parent Relationship": "Outer", "Join Type": "Inner", "Startup Cost": 4.51, "Total Cost": 2579.55, "Plan Rows": 33, "Plan Width": 25, "Actual Startup Time": 39.589, "Actual Total Time": 40.451, "Actual Rows": 1, "Actual Loops": 1, "Inner Unique": true, "Plans": [{"Node Type": "Nested Loop", "Parent Relationship": "Outer", "Join Type": "Inner", "Startup Cost": 4.51, "Total Cost": 2569.02, "Plan Rows": 33, "Plan Width": 4, "Actual Startup Time": 39.573, "Actual Total Time": 40.434, "Actual Rows": 1, "Actual Loops": 1, "Inner Unique": false, "Plans": [{"Node Type": "Seq Scan", "Parent Relationship": "Outer", "Relation Name": "keyword", "Alias": "k", "Startup Cost": 0.0, "Total Cost": 2436.11, "Plan Rows": 1, "Plan Width": 4, "Actual Startup Time": 39.539, "Actual Total Time": 40.398, "Actual Rows": 1, "Actual Loops": 1, "Filter": "((keyword)::text = '10,000-mile-club'::text)", "Rows Removed by Filter": 134168}, {"Node Type": "Bitmap Heap Scan", "Parent Relationship": "Inner", "Relation Name": "movie_keyword", "Alias": "mk", "Startup Cost": 4.51, "Total Cost": 132.58, "Plan Rows": 33, "Plan Width": 8, "Actual Startup Time": 0.025, "Actual Total Time": 0.026, "Actual Rows": 1, "Actual Loops": 1, "Recheck Cond": "(keyword_id = k.id)", "Rows Removed by Index Recheck": 0, "Exact Heap Blocks": 1, "Lossy Heap Blocks": 1, "Plans": [{"Node Type": "Bitmap Index Scan", "Parent Relationship": "Outer", "Index Name": "keyword_id_movie_keyword", "Startup Cost": 0.0, "Total Cost": 4.5, "Plan Rows": 33, "Plan Width": 0, "Actual Startup Time": 0.016, "Actual Total Time": 0.016, "Actual Rows": 1, "Actual Loops": 1, "Index Cond": "(keyword_id = k.id)"}]}]}, {"Node Type": "Index Scan", "Parent Relationship": "Inner", "Scan Direction": "Forward", "Index Name": "title_pkey", "Relation Name": "title", "Alias": "t1", "Startup Cost": 0.0, "Total Cost": 0.31, "Plan Rows": 1, "Plan Width": 21, "Actual Startup Time": 0.014, "Actual Total Time": 0.014, "Actual Rows": 1, "Actual Loops": 1, "Index Cond": "(id = mk.movie_id)", "Rows Removed by Index Recheck": 0}]}, {"Node Type": "Index Scan", "Parent Relationship": "Inner", "Scan Direction": "Forward", "Index Name": "movie_id_movie_link", "Relation Name": "movie_link", "Alias": "ml", "Startup Cost": 0.0, "Total Cost": 0.35, "Plan Rows": 5, "Plan Width": 12, "Actual Startup Time": 0.003, "Actual Total Time": 0.003, "Actual Rows": 0, "Actual Loops": 1, "Index Cond": "(movie_id = t1.id)", "Rows Removed by Index Recheck": 0}]}, {"Node Type": "Materialize", "Parent Relationship": "Inner", "Startup Cost": 0.0, "Total Cost": 1.25, "Plan Rows": 17, "Plan Width": 16, "Actual Startup Time": 0.0, "Actual Total Time": 0.0, "Plans": [{"Node Type": "Seq Scan", "Parent Relationship": "Outer", "Relation Name": "link_type", "Alias": "lt", "Startup Cost": 0.0, "Total Cost": 1.17, "Plan Rows": 17, "Plan Width": 16, "Actual Startup Time": 0.0, "Actual Total Time": 0.0}]}]}, {"Node Type": "Index Scan", "Parent Relationship": "Inner", "Scan Direction": "Forward", "Index Name": "title_pkey", "Relation Name": "title", "Alias": "t2", "Startup Cost": 0.0, "Total Cost": 4.3, "Plan Rows": 1, "Plan Width": 21, "Actual Startup Time": 0.0, "Actual Total Time": 0.0, "Index Cond": "(id = ml.linked_movie_id)", "Rows Removed by Index Recheck": 0}]}]}, "Triggers": [], "Planner Runtime": 3, "Total Runtime": 40.678, "Unique SQL Id": 524435555}}, "(64, 49)": {"explain_plan": {"Plan": {"Node Type": "Aggregate", "Strategy": "Plain", "Startup Cost": 4047.28, "Total Cost": 4047.29, "Plan Rows": 1, "Plan Width": 142, "Plans": [{"Node Type": "Nested Loop", "Parent Relationship": "Outer", "Join Type": "Inner", "Startup Cost": 4.51, "Total Cost": 4046.12, "Plan Rows": 154, "Plan Width": 46, "Inner Unique": true, "Plans": [{"Node Type": "Nested Loop", "Parent Relationship": "Outer", "Join Type": "Inner", "Startup Cost": 4.51, "Total Cost": 3382.55, "Plan Rows": 154, "Plan Width": 33, "Inner Unique": true, "Plans": [{"Node Type": "Nested Loop", "Parent Relationship": "Outer", "Join Type": "Inner", "Startup Cost": 4.51, "Total Cost": 3339.37, "Plan Rows": 154, "Plan Width": 25, "Inner Unique": false, "Plans": [{"Node Type": "Nested Loop", "Parent Relationship": "Outer", "Join Type": "Inner", "Startup Cost": 4.51, "Total Cost": 3326.15, "Plan Rows": 33, "Plan Width": 25, "Inner Unique": true, "Plans": [{"Node Type": "Nested Loop", "Parent Relationship": "Outer", "Join Type": "Inner", "Startup Cost": 4.51, "Total Cost": 3315.63, "Plan Rows": 33, "Plan Width": 4, "Inner Unique": false, "Plans": [{"Node Type": "Index Scan", "Parent Relationship": "Outer", "Scan Direction": "Forward", "Index Name": "keyword_pkey", "Relation Name": "keyword", "Alias": "k", "Startup Cost": 0.0, "Total Cost": 3182.72, "Plan Rows": 1, "Plan Width": 4, "Filter": "((keyword)::text = '10,000-mile-club'::text)"}, {"Node Type": "Bitmap Heap Scan", "Parent Relationship": "Inner", "Relation Name": "movie_keyword", "Alias": "mk", "Startup Cost": 4.51, "Total Cost": 132.58, "Plan Rows": 33, "Plan Width": 8, "Recheck Cond": "(keyword_id = k.id)", "Plans": [{"Node Type": "Bitmap Index Scan", "Parent Relationship": "Outer", "Index Name": "keyword_id_movie_keyword", "Startup Cost": 0.0, "Total Cost": 4.5, "Plan Rows": 33, "Plan Width": 0, "Index Cond": "(keyword_id = k.id)"}]}]}, {"Node Type": "Index Scan", "Parent Relationship": "Inner", "Scan Direction": "Forward", "Index Name": "title_pkey", "Relation Name": "title", "Alias": "t1", "Startup Cost": 0.0, "Total Cost": 0.31, "Plan Rows": 1, "Plan Width": 21, "Index Cond": "(id = mk.movie_id)"}]}, {"Node Type": "Index Scan", "Parent Relationship": "Inner", "Scan Direction": "Forward", "Index Name": "movie_id_movie_link", "Relation Name": "movie_link", "Alias": "ml", "Startup Cost": 0.0, "Total Cost": 0.35, "Plan Rows": 5, "Plan Width": 12, "Index Cond": "(movie_id = t1.id)"}]}, {"Node Type": "Index Scan", "Parent Relationship": "Inner", "Scan Direction": "Forward", "Index Name": "link_type_pkey", "Relation Name": "link_type", "Alias": "lt", "Startup Cost": 0.0, "Total Cost": 0.27, "Plan Rows": 1, "Plan Width": 16, "Index Cond": "(id = ml.link_type_id)"}]}, {"Node Type": "Index Scan", "Parent Relationship": "Inner", "Scan Direction": "Forward", "Index Name": "title_pkey", "Relation Name": "title", "Alias": "t2", "Startup Cost": 0.0, "Total Cost": 4.3, "Plan Rows": 1, "Plan Width": 21, "Index Cond": "(id = ml.linked_movie_id)"}]}]}, "Unique SQL Id": 524435555, "Planner Runtime": 2}, "explain_analyze_plan": {"Plan": {"Node Type": "Aggregate", "Strategy": "Plain", "Startup Cost": 4047.28, "Total Cost": 4047.29, "Plan Rows": 1, "Plan Width": 142, "Actual Startup Time": 114.984, "Actual Total Time": 114.985, "Actual Rows": 1, "Actual Loops": 1, "Plans": [{"Node Type": "Nested Loop", "Parent Relationship": "Outer", "Join Type": "Inner", "Startup Cost": 4.51, "Total Cost": 4046.12, "Plan Rows": 154, "Plan Width": 46, "Actual Startup Time": 114.978, "Actual Total Time": 114.978, "Actual Rows": 0, "Actual Loops": 1, "Inner Unique": true, "Plans": [{"Node Type": "Nested Loop", "Parent Relationship": "Outer", "Join Type": "Inner", "Startup Cost": 4.51, "Total Cost": 3382.55, "Plan Rows": 154, "Plan Width": 33, "Actual Startup Time": 114.977, "Actual Total Time": 114.977, "Actual Rows": 0, "Actual Loops": 1, "Inner Unique": true, "Plans": [{"Node Type": "Nested Loop", "Parent Relationship": "Outer", "Join Type": "Inner", "Startup Cost": 4.51, "Total Cost": 3339.37, "Plan Rows": 154, "Plan Width": 25, "Actual Startup Time": 114.976, "Actual Total Time": 114.976, "Actual Rows": 0, "Actual Loops": 1, "Inner Unique": false, "Plans": [{"Node Type": "Nested Loop", "Parent Relationship": "Outer", "Join Type": "Inner", "Startup Cost": 4.51, "Total Cost": 3326.15, "Plan Rows": 33, "Plan Width": 25, "Actual Startup Time": 113.117, "Actual Total Time": 114.965, "Actual Rows": 1, "Actual Loops": 1, "Inner Unique": true, "Plans": [{"Node Type": "Nested Loop", "Parent Relationship": "Outer", "Join Type": "Inner", "Startup Cost": 4.51, "Total Cost": 3315.63, "Plan Rows": 33, "Plan Width": 4, "Actual Startup Time": 113.093, "Actual Total Time": 114.94, "Actual Rows": 1, "Actual Loops": 1, "Inner Unique": false, "Plans": [{"Node Type": "Index Scan", "Parent Relationship": "Outer", "Scan Direction": "Forward", "Index Name": "keyword_pkey", "Relation Name": "keyword", "Alias": "k", "Startup Cost": 0.0, "Total Cost": 3182.72, "Plan Rows": 1, "Plan Width": 4, "Actual Startup Time": 113.04, "Actual Total Time": 114.886, "Actual Rows": 1, "Actual Loops": 1, "Filter": "((keyword)::text = '10,000-mile-club'::text)", "Rows Removed by Filter": 134168}, {"Node Type": "Bitmap Heap Scan", "Parent Relationship": "Inner", "Relation Name": "movie_keyword", "Alias": "mk", "Startup Cost": 4.51, "Total Cost": 132.58, "Plan Rows": 33, "Plan Width": 8, "Actual Startup Time": 0.033, "Actual Total Time": 0.033, "Actual Rows": 1, "Actual Loops": 1, "Recheck Cond": "(keyword_id = k.id)", "Rows Removed by Index Recheck": 0, "Exact Heap Blocks": 1, "Lossy Heap Blocks": 1, "Plans": [{"Node Type": "Bitmap Index Scan", "Parent Relationship": "Outer", "Index Name": "keyword_id_movie_keyword", "Startup Cost": 0.0, "Total Cost": 4.5, "Plan Rows": 33, "Plan Width": 0, "Actual Startup Time": 0.02, "Actual Total Time": 0.02, "Actual Rows": 1, "Actual Loops": 1, "Index Cond": "(keyword_id = k.id)"}]}]}, {"Node Type": "Index Scan", "Parent Relationship": "Inner", "Scan Direction": "Forward", "Index Name": "title_pkey", "Relation Name": "title", "Alias": "t1", "Startup Cost": 0.0, "Total Cost": 0.31, "Plan Rows": 1, "Plan Width": 21, "Actual Startup Time": 0.017, "Actual Total Time": 0.017, "Actual Rows": 1, "Actual Loops": 1, "Index Cond": "(id = mk.movie_id)", "Rows Removed by Index Recheck": 0}]}, {"Node Type": "Index Scan", "Parent Relationship": "Inner", "Scan Direction": "Forward", "Index Name": "movie_id_movie_link", "Relation Name": "movie_link", "Alias": "ml", "Startup Cost": 0.0, "Total Cost": 0.35, "Plan Rows": 5, "Plan Width": 12, "Actual Startup Time": 0.006, "Actual Total Time": 0.006, "Actual Rows": 0, "Actual Loops": 1, "Index Cond": "(movie_id = t1.id)", "Rows Removed by Index Recheck": 0}]}, {"Node Type": "Index Scan", "Parent Relationship": "Inner", "Scan Direction": "Forward", "Index Name": "link_type_pkey", "Relation Name": "link_type", "Alias": "lt", "Startup Cost": 0.0, "Total Cost": 0.27, "Plan Rows": 1, "Plan Width": 16, "Actual Startup Time": 0.0, "Actual Total Time": 0.0, "Index Cond": "(id = ml.link_type_id)", "Rows Removed by Index Recheck": 0}]}, {"Node Type": "Index Scan", "Parent Relationship": "Inner", "Scan Direction": "Forward", "Index Name": "title_pkey", "Relation Name": "title", "Alias": "t2", "Startup Cost": 0.0, "Total Cost": 4.3, "Plan Rows": 1, "Plan Width": 21, "Actual Startup Time": 0.0, "Actual Total Time": 0.0, "Index Cond": "(id = ml.linked_movie_id)", "Rows Removed by Index Recheck": 0}]}]}, "Triggers": [], "Planner Runtime": 2, "Total Runtime": 115.266, "Unique SQL Id": 524435555}}, "(64, 50)": {"explain_plan": {"Plan": {"Node Type": "Aggregate", "Strategy": "Plain", "Startup Cost": 3747.02, "Total Cost": 3747.03, "Plan Rows": 1, "Plan Width": 142, "Plans": [{"Node Type": "Nested Loop", "Parent Relationship": "Outer", "Join Type": "Inner", "Startup Cost": 6.55, "Total Cost": 3745.86, "Plan Rows": 154, "Plan Width": 46, "Inner Unique": true, "Plans": [{"Node Type": "Nested Loop", "Parent Relationship": "Outer", "Join Type": "Inner", "Startup Cost": 5.06, "Total Cost": 2896.68, "Plan Rows": 154, "Plan Width": 33, "Inner Unique": true, "Join Filter": "(ml.link_type_id = lt.id)", "Plans": [{"Node Type": "Nested Loop", "Parent Relationship": "Outer", "Join Type": "Inner", "Startup Cost": 5.06, "Total Cost": 2856.2, "Plan Rows": 154, "Plan Width": 25, "Inner Unique": false, "Join Filter": "(t1.id = ml.movie_id)", "Plans": [{"Node Type": "Nested Loop", "Parent Relationship": "Outer", "Join Type": "Inner", "Startup Cost": 4.77, "Total Cost": 2710.54, "Plan Rows": 33, "Plan Width": 25, "Inner Unique": true, "Plans": [{"Node Type": "Nested Loop", "Parent Relationship": "Outer", "Join Type": "Inner", "Startup Cost": 4.51, "Total Cost": 2569.02, "Plan Rows": 33, "Plan Width": 4, "Inner Unique": false, "Plans": [{"Node Type": "Seq Scan", "Parent Relationship": "Outer", "Relation Name": "keyword", "Alias": "k", "Startup Cost": 0.0, "Total Cost": 2436.11, "Plan Rows": 1, "Plan Width": 4, "Filter": "((keyword)::text = '10,000-mile-club'::text)"}, {"Node Type": "Bitmap Heap Scan", "Parent Relationship": "Inner", "Relation Name": "movie_keyword", "Alias": "mk", "Startup Cost": 4.51, "Total Cost": 132.58, "Plan Rows": 33, "Plan Width": 8, "Recheck Cond": "(keyword_id = k.id)", "Plans": [{"Node Type": "Bitmap Index Scan", "Parent Relationship": "Outer", "Index Name": "keyword_id_movie_keyword", "Startup Cost": 0.0, "Total Cost": 4.5, "Plan Rows": 33, "Plan Width": 0, "Index Cond": "(keyword_id = k.id)"}]}]}, {"Node Type": "Bitmap Heap Scan", "Parent Relationship": "Inner", "Relation Name": "title", "Alias": "t1", "Startup Cost": 0.27, "Total Cost": 4.28, "Plan Rows": 1, "Plan Width": 21, "Recheck Cond": "(id = mk.movie_id)", "Plans": [{"Node Type": "Bitmap Index Scan", "Parent Relationship": "Outer", "Index Name": "title_pkey", "Startup Cost": 0.0, "Total Cost": 0.27, "Plan Rows": 1, "Plan Width": 0, "Index Cond": "(id = mk.movie_id)"}]}]}, {"Node Type": "Bitmap Heap Scan", "Parent Relationship": "Inner", "Relation Name": "movie_link", "Alias": "ml", "Startup Cost": 0.29, "Total Cost": 4.35, "Plan Rows": 5, "Plan Width": 12, "Recheck Cond": "(movie_id = mk.movie_id)", "Plans": [{"Node Type": "Bitmap Index Scan", "Parent Relationship": "Outer", "Index Name": "movie_id_movie_link", "Startup Cost": 0.0, "Total Cost": 0.29, "Plan Rows": 5, "Plan Width": 0, "Index Cond": "(movie_id = mk.movie_id)"}]}]}, {"Node Type": "Materialize", "Parent Relationship": "Inner", "Startup Cost": 0.0, "Total Cost": 1.25, "Plan Rows": 17, "Plan Width": 16, "Plans": [{"Node Type": "Seq Scan", "Parent Relationship": "Outer", "Relation Name": "link_type", "Alias": "lt", "Startup Cost": 0.0, "Total Cost": 1.17, "Plan Rows": 17, "Plan Width": 16}]}]}, {"Node Type": "Bitmap Heap Scan", "Parent Relationship": "Inner", "Relation Name": "title", "Alias": "t2", "Startup Cost": 1.49, "Total Cost": 5.5, "Plan Rows": 1, "Plan Width": 21, "Recheck Cond": "(id = ml.linked_movie_id)", "Plans": [{"Node Type": "Bitmap Index Scan", "Parent Relationship": "Outer", "Index Name": "title_pkey", "Startup Cost": 0.0, "Total Cost": 1.49, "Plan Rows": 1, "Plan Width": 0, "Index Cond": "(id = ml.linked_movie_id)"}]}]}]}, "Unique SQL Id": 524435555, "Planner Runtime": 4}, "explain_analyze_plan": {"Plan": {"Node Type": "Aggregate", "Strategy": "Plain", "Startup Cost": 3747.02, "Total Cost": 3747.03, "Plan Rows": 1, "Plan Width": 142, "Actual Startup Time": 40.475, "Actual Total Time": 40.475, "Actual Rows": 1, "Actual Loops": 1, "Plans": [{"Node Type": "Nested Loop", "Parent Relationship": "Outer", "Join Type": "Inner", "Startup Cost": 6.55, "Total Cost": 3745.86, "Plan Rows": 154, "Plan Width": 46, "Actual Startup Time": 40.471, "Actual Total Time": 40.471, "Actual Rows": 0, "Actual Loops": 1, "Inner Unique": true, "Plans": [{"Node Type": "Nested Loop", "Parent Relationship": "Outer", "Join Type": "Inner", "Startup Cost": 5.06, "Total Cost": 2896.68, "Plan Rows": 154, "Plan Width": 33, "Actual Startup Time": 40.47, "Actual Total Time": 40.47, "Actual Rows": 0, "Actual Loops": 1, "Inner Unique": true, "Join Filter": "(ml.link_type_id = lt.id)", "Rows Removed by Join Filter": 0, "Plans": [{"Node Type": "Nested Loop", "Parent Relationship": "Outer", "Join Type": "Inner", "Startup Cost": 5.06, "Total Cost": 2856.2, "Plan Rows": 154, "Plan Width": 25, "Actual Startup Time": 40.469, "Actual Total Time": 40.469, "Actual Rows": 0, "Actual Loops": 1, "Inner Unique": false, "Join Filter": "(t1.id = ml.movie_id)", "Rows Removed by Join Filter": 0, "Plans": [{"Node Type": "Nested Loop", "Parent Relationship": "Outer", "Join Type": "Inner", "Startup Cost": 4.77, "Total Cost": 2710.54, "Plan Rows": 33, "Plan Width": 25, "Actual Startup Time": 39.597, "Actual Total Time": 40.461, "Actual Rows": 1, "Actual Loops": 1, "Inner Unique": true, "Plans": [{"Node Type": "Nested Loop", "Parent Relationship": "Outer", "Join Type": "Inner", "Startup Cost": 4.51, "Total Cost": 2569.02, "Plan Rows": 33, "Plan Width": 4, "Actual Startup Time": 39.583, "Actual Total Time": 40.447, "Actual Rows": 1, "Actual Loops": 1, "Inner Unique": false, "Plans": [{"Node Type": "Seq Scan", "Parent Relationship": "Outer", "Relation Name": "keyword", "Alias": "k", "Startup Cost": 0.0, "Total Cost": 2436.11, "Plan Rows": 1, "Plan Width": 4, "Actual Startup Time": 39.546, "Actual Total Time": 40.408, "Actual Rows": 1, "Actual Loops": 1, "Filter": "((keyword)::text = '10,000-mile-club'::text)", "Rows Removed by Filter": 134168}, {"Node Type": "Bitmap Heap Scan", "Parent Relationship": "Inner", "Relation Name": "movie_keyword", "Alias": "mk", "Startup Cost": 4.51, "Total Cost": 132.58, "Plan Rows": 33, "Plan Width": 8, "Actual Startup Time": 0.029, "Actual Total Time": 0.03, "Actual Rows": 1, "Actual Loops": 1, "Recheck Cond": "(keyword_id = k.id)", "Rows Removed by Index Recheck": 0, "Exact Heap Blocks": 1, "Lossy Heap Blocks": 1, "Plans": [{"Node Type": "Bitmap Index Scan", "Parent Relationship": "Outer", "Index Name": "keyword_id_movie_keyword", "Startup Cost": 0.0, "Total Cost": 4.5, "Plan Rows": 33, "Plan Width": 0, "Actual Startup Time": 0.021, "Actual Total Time": 0.021, "Actual Rows": 1, "Actual Loops": 1, "Index Cond": "(keyword_id = k.id)"}]}]}, {"Node Type": "Bitmap Heap Scan", "Parent Relationship": "Inner", "Relation Name": "title", "Alias": "t1", "Startup Cost": 0.27, "Total Cost": 4.28, "Plan Rows": 1, "Plan Width": 21, "Actual Startup Time": 0.012, "Actual Total Time": 0.012, "Actual Rows": 1, "Actual Loops": 1, "Recheck Cond": "(id = mk.movie_id)", "Rows Removed by Index Recheck": 0, "Exact Heap Blocks": 1, "Lossy Heap Blocks": 1, "Plans": [{"Node Type": "Bitmap Index Scan", "Parent Relationship": "Outer", "Index Name": "title_pkey", "Startup Cost": 0.0, "Total Cost": 0.27, "Plan Rows": 1, "Plan Width": 0, "Actual Startup Time": 0.008, "Actual Total Time": 0.008, "Actual Rows": 1, "Actual Loops": 1, "Index Cond": "(id = mk.movie_id)"}]}]}, {"Node Type": "Bitmap Heap Scan", "Parent Relationship": "Inner", "Relation Name": "movie_link", "Alias": "ml", "Startup Cost": 0.29, "Total Cost": 4.35, "Plan Rows": 5, "Plan Width": 12, "Actual Startup Time": 0.005, "Actual Total Time": 0.005, "Actual Rows": 0, "Actual Loops": 1, "Recheck Cond": "(movie_id = mk.movie_id)", "Rows Removed by Index Recheck": 0, "Exact Heap Blocks": 0, "Lossy Heap Blocks": 0, "Plans": [{"Node Type": "Bitmap Index Scan", "Parent Relationship": "Outer", "Index Name": "movie_id_movie_link", "Startup Cost": 0.0, "Total Cost": 0.29, "Plan Rows": 5, "Plan Width": 0, "Actual Startup Time": 0.003, "Actual Total Time": 0.003, "Actual Rows": 0, "Actual Loops": 1, "Index Cond": "(movie_id = mk.movie_id)"}]}]}, {"Node Type": "Materialize", "Parent Relationship": "Inner", "Startup Cost": 0.0, "Total Cost": 1.25, "Plan Rows": 17, "Plan Width": 16, "Actual Startup Time": 0.0, "Actual Total Time": 0.0, "Plans": [{"Node Type": "Seq Scan", "Parent Relationship": "Outer", "Relation Name": "link_type", "Alias": "lt", "Startup Cost": 0.0, "Total Cost": 1.17, "Plan Rows": 17, "Plan Width": 16, "Actual Startup Time": 0.0, "Actual Total Time": 0.0}]}]}, {"Node Type": "Bitmap Heap Scan", "Parent Relationship": "Inner", "Relation Name": "title", "Alias": "t2", "Startup Cost": 1.49, "Total Cost": 5.5, "Plan Rows": 1, "Plan Width": 21, "Actual Startup Time": 0.0, "Actual Total Time": 0.0, "Recheck Cond": "(id = ml.linked_movie_id)", "Rows Removed by Index Recheck": 0, "Exact Heap Blocks": 0, "Lossy Heap Blocks": 0, "Plans": [{"Node Type": "Bitmap Index Scan", "Parent Relationship": "Outer", "Index Name": "title_pkey", "Startup Cost": 0.0, "Total Cost": 1.49, "Plan Rows": 1, "Plan Width": 0, "Actual Startup Time": 0.0, "Actual Total Time": 0.0, "Index Cond": "(id = ml.linked_movie_id)"}]}]}]}, "Triggers": [], "Planner Runtime": 4, "Total Runtime": 40.699, "Unique SQL Id": 524435555}}, "(64, 51)": {"explain_plan": {"Plan": {"Node Type": "Aggregate", "Strategy": "Plain", "Startup Cost": 4477.45, "Total Cost": 4477.46, "Plan Rows": 1, "Plan Width": 142, "Plans": [{"Node Type": "Nested Loop", "Parent Relationship": "Outer", "Join Type": "Inner", "Startup Cost": 733.99, "Total Cost": 4476.3, "Plan Rows": 154, "Plan Width": 46, "Inner Unique": true, "Plans": [{"Node Type": "Nested Loop", "Parent Relationship": "Outer", "Join Type": "Inner", "Startup Cost": 732.5, "Total Cost": 3627.12, "Plan Rows": 154, "Plan Width": 33, "Inner Unique": true, "Join Filter": "(ml.link_type_id = lt.id)", "Plans": [{"Node Type": "Nested Loop", "Parent Relationship": "Outer", "Join Type": "Inner", "Startup Cost": 724.16, "Total Cost": 3575.3, "Plan Rows": 154, "Plan Width": 25, "Inner Unique": false, "Join Filter": "(t1.id = ml.movie_id)", "Plans": [{"Node Type": "Nested Loop", "Parent Relationship": "Outer", "Join Type": "Inner", "Startup Cost": 723.87, "Total Cost": 3429.64, "Plan Rows": 33, "Plan Width": 25, "Inner Unique": true, "Plans": [{"Node Type": "Nested Loop", "Parent Relationship": "Outer", "Join Type": "Inner", "Startup Cost": 723.6, "Total Cost": 3288.12, "Plan Rows": 33, "Plan Width": 4, "Inner Unique": false, "Plans": [{"Node Type": "Bitmap Heap Scan", "Parent Relationship": "Outer", "Relation Name": "keyword", "Alias": "k", "Startup Cost": 719.1, "Total Cost": 3155.21, "Plan Rows": 1, "Plan Width": 4, "Filter": "((keyword)::text = '10,000-mile-club'::text)", "Plans": [{"Node Type": "Bitmap Index Scan", "Parent Relationship": "Outer", "Index Name": "keyword_pkey", "Startup Cost": 0.0, "Total Cost": 719.1, "Plan Rows": 134169, "Plan Width": 0}]}, {"Node Type": "Bitmap Heap Scan", "Parent Relationship": "Inner", "Relation Name": "movie_keyword", "Alias": "mk", "Startup Cost": 4.51, "Total Cost": 132.58, "Plan Rows": 33, "Plan Width": 8, "Recheck Cond": "(keyword_id = k.id)", "Plans": [{"Node Type": "Bitmap Index Scan", "Parent Relationship": "Outer", "Index Name": "keyword_id_movie_keyword", "Startup Cost": 0.0, "Total Cost": 4.5, "Plan Rows": 33, "Plan Width": 0, "Index Cond": "(keyword_id = k.id)"}]}]}, {"Node Type": "Bitmap Heap Scan", "Parent Relationship": "Inner", "Relation Name": "title", "Alias": "t1", "Startup Cost": 0.27, "Total Cost": 4.28, "Plan Rows": 1, "Plan Width": 21, "Recheck Cond": "(id = mk.movie_id)", "Plans": [{"Node Type": "Bitmap Index Scan", "Parent Relationship": "Outer", "Index Name": "title_pkey", "Startup Cost": 0.0, "Total Cost": 0.27, "Plan Rows": 1, "Plan Width": 0, "Index Cond": "(id = mk.movie_id)"}]}]}, {"Node Type": "Bitmap Heap Scan", "Parent Relationship": "Inner", "Relation Name": "movie_link", "Alias": "ml", "Startup Cost": 0.29, "Total Cost": 4.35, "Plan Rows": 5, "Plan Width": 12, "Recheck Cond": "(movie_id = mk.movie_id)", "Plans": [{"Node Type": "Bitmap Index Scan", "Parent Relationship": "Outer", "Index Name": "movie_id_movie_link", "Startup Cost": 0.0, "Total Cost": 0.29, "Plan Rows": 5, "Plan Width": 0, "Index Cond": "(movie_id = mk.movie_id)"}]}]}, {"Node Type": "Materialize", "Parent Relationship": "Inner", "Startup Cost": 8.34, "Total Cost": 12.59, "Plan Rows": 17, "Plan Width": 16, "Plans": [{"Node Type": "Bitmap Heap Scan", "Parent Relationship": "Outer", "Relation Name": "link_type", "Alias": "lt", "Startup Cost": 8.34, "Total Cost": 12.51, "Plan Rows": 17, "Plan Width": 16, "Plans": [{"Node Type": "Bitmap Index Scan", "Parent Relationship": "Outer", "Index Name": "link_type_pkey", "Startup Cost": 0.0, "Total Cost": 8.34, "Plan Rows": 17, "Plan Width": 0}]}]}]}, {"Node Type": "Bitmap Heap Scan", "Parent Relationship": "Inner", "Relation Name": "title", "Alias": "t2", "Startup Cost": 1.49, "Total Cost": 5.5, "Plan Rows": 1, "Plan Width": 21, "Recheck Cond": "(id = ml.linked_movie_id)", "Plans": [{"Node Type": "Bitmap Index Scan", "Parent Relationship": "Outer", "Index Name": "title_pkey", "Startup Cost": 0.0, "Total Cost": 1.49, "Plan Rows": 1, "Plan Width": 0, "Index Cond": "(id = ml.linked_movie_id)"}]}]}]}, "Unique SQL Id": 524435555, "Planner Runtime": 3}, "explain_analyze_plan": {"Plan": {"Node Type": "Aggregate", "Strategy": "Plain", "Startup Cost": 4477.45, "Total Cost": 4477.46, "Plan Rows": 1, "Plan Width": 142, "Actual Startup Time": 60.915, "Actual Total Time": 60.915, "Actual Rows": 1, "Actual Loops": 1, "Plans": [{"Node Type": "Nested Loop", "Parent Relationship": "Outer", "Join Type": "Inner", "Startup Cost": 733.99, "Total Cost": 4476.3, "Plan Rows": 154, "Plan Width": 46, "Actual Startup Time": 60.909, "Actual Total Time": 60.909, "Actual Rows": 0, "Actual Loops": 1, "Inner Unique": true, "Plans": [{"Node Type": "Nested Loop", "Parent Relationship": "Outer", "Join Type": "Inner", "Startup Cost": 732.5, "Total Cost": 3627.12, "Plan Rows": 154, "Plan Width": 33, "Actual Startup Time": 60.907, "Actual Total Time": 60.907, "Actual Rows": 0, "Actual Loops": 1, "Inner Unique": true, "Join Filter": "(ml.link_type_id = lt.id)", "Rows Removed by Join Filter": 0, "Plans": [{"Node Type": "Nested Loop", "Parent Relationship": "Outer", "Join Type": "Inner", "Startup Cost": 724.16, "Total Cost": 3575.3, "Plan Rows": 154, "Plan Width": 25, "Actual Startup Time": 60.907, "Actual Total Time": 60.907, "Actual Rows": 0, "Actual Loops": 1, "Inner Unique": false, "Join Filter": "(t1.id = ml.movie_id)", "Rows Removed by Join Filter": 0, "Plans": [{"Node Type": "Nested Loop", "Parent Relationship": "Outer", "Join Type": "Inner", "Startup Cost": 723.87, "Total Cost": 3429.64, "Plan Rows": 33, "Plan Width": 25, "Actual Startup Time": 59.843, "Actual Total Time": 60.9, "Actual Rows": 1, "Actual Loops": 1, "Inner Unique": true, "Plans": [{"Node Type": "Nested Loop", "Parent Relationship": "Outer", "Join Type": "Inner", "Startup Cost": 723.6, "Total Cost": 3288.12, "Plan Rows": 33, "Plan Width": 4, "Actual Startup Time": 59.827, "Actual Total Time": 60.883, "Actual Rows": 1, "Actual Loops": 1, "Inner Unique": false, "Plans": [{"Node Type": "Bitmap Heap Scan", "Parent Relationship": "Outer", "Relation Name": "keyword", "Alias": "k", "Startup Cost": 719.1, "Total Cost": 3155.21, "Plan Rows": 1, "Plan Width": 4, "Actual Startup Time": 59.791, "Actual Total Time": 60.845, "Actual Rows": 1, "Actual Loops": 1, "Filter": "((keyword)::text = '10,000-mile-club'::text)", "Rows Removed by Filter": 134168, "Exact Heap Blocks": 759, "Lossy Heap Blocks": 759, "Plans": [{"Node Type": "Bitmap Index Scan", "Parent Relationship": "Outer", "Index Name": "keyword_pkey", "Startup Cost": 0.0, "Total Cost": 719.1, "Plan Rows": 134169, "Plan Width": 0, "Actual Startup Time": 11.453, "Actual Total Time": 11.453, "Actual Rows": 134169, "Actual Loops": 1}]}, {"Node Type": "Bitmap Heap Scan", "Parent Relationship": "Inner", "Relation Name": "movie_keyword", "Alias": "mk", "Startup Cost": 4.51, "Total Cost": 132.58, "Plan Rows": 33, "Plan Width": 8, "Actual Startup Time": 0.024, "Actual Total Time": 0.024, "Actual Rows": 1, "Actual Loops": 1, "Recheck Cond": "(keyword_id = k.id)", "Rows Removed by Index Recheck": 0, "Exact Heap Blocks": 1, "Lossy Heap Blocks": 1, "Plans": [{"Node Type": "Bitmap Index Scan", "Parent Relationship": "Outer", "Index Name": "keyword_id_movie_keyword", "Startup Cost": 0.0, "Total Cost": 4.5, "Plan Rows": 33, "Plan Width": 0, "Actual Startup Time": 0.016, "Actual Total Time": 0.016, "Actual Rows": 1, "Actual Loops": 1, "Index Cond": "(keyword_id = k.id)"}]}]}, {"Node Type": "Bitmap Heap Scan", "Parent Relationship": "Inner", "Relation Name": "title", "Alias": "t1", "Startup Cost": 0.27, "Total Cost": 4.28, "Plan Rows": 1, "Plan Width": 21, "Actual Startup Time": 0.012, "Actual Total Time": 0.012, "Actual Rows": 1, "Actual Loops": 1, "Recheck Cond": "(id = mk.movie_id)", "Rows Removed by Index Recheck": 0, "Exact Heap Blocks": 1, "Lossy Heap Blocks": 1, "Plans": [{"Node Type": "Bitmap Index Scan", "Parent Relationship": "Outer", "Index Name": "title_pkey", "Startup Cost": 0.0, "Total Cost": 0.27, "Plan Rows": 1, "Plan Width": 0, "Actual Startup Time": 0.008, "Actual Total Time": 0.008, "Actual Rows": 1, "Actual Loops": 1, "Index Cond": "(id = mk.movie_id)"}]}]}, {"Node Type": "Bitmap Heap Scan", "Parent Relationship": "Inner", "Relation Name": "movie_link", "Alias": "ml", "Startup Cost": 0.29, "Total Cost": 4.35, "Plan Rows": 5, "Plan Width": 12, "Actual Startup Time": 0.004, "Actual Total Time": 0.004, "Actual Rows": 0, "Actual Loops": 1, "Recheck Cond": "(movie_id = mk.movie_id)", "Rows Removed by Index Recheck": 0, "Exact Heap Blocks": 0, "Lossy Heap Blocks": 0, "Plans": [{"Node Type": "Bitmap Index Scan", "Parent Relationship": "Outer", "Index Name": "movie_id_movie_link", "Startup Cost": 0.0, "Total Cost": 0.29, "Plan Rows": 5, "Plan Width": 0, "Actual Startup Time": 0.002, "Actual Total Time": 0.002, "Actual Rows": 0, "Actual Loops": 1, "Index Cond": "(movie_id = mk.movie_id)"}]}]}, {"Node Type": "Materialize", "Parent Relationship": "Inner", "Startup Cost": 8.34, "Total Cost": 12.59, "Plan Rows": 17, "Plan Width": 16, "Actual Startup Time": 0.0, "Actual Total Time": 0.0, "Plans": [{"Node Type": "Bitmap Heap Scan", "Parent Relationship": "Outer", "Relation Name": "link_type", "Alias": "lt", "Startup Cost": 8.34, "Total Cost": 12.51, "Plan Rows": 17, "Plan Width": 16, "Actual Startup Time": 0.0, "Actual Total Time": 0.0, "Exact Heap Blocks": 0, "Lossy Heap Blocks": 0, "Plans": [{"Node Type": "Bitmap Index Scan", "Parent Relationship": "Outer", "Index Name": "link_type_pkey", "Startup Cost": 0.0, "Total Cost": 8.34, "Plan Rows": 17, "Plan Width": 0, "Actual Startup Time": 0.0, "Actual Total Time": 0.0}]}]}]}, {"Node Type": "Bitmap Heap Scan", "Parent Relationship": "Inner", "Relation Name": "title", "Alias": "t2", "Startup Cost": 1.49, "Total Cost": 5.5, "Plan Rows": 1, "Plan Width": 21, "Actual Startup Time": 0.0, "Actual Total Time": 0.0, "Recheck Cond": "(id = ml.linked_movie_id)", "Rows Removed by Index Recheck": 0, "Exact Heap Blocks": 0, "Lossy Heap Blocks": 0, "Plans": [{"Node Type": "Bitmap Index Scan", "Parent Relationship": "Outer", "Index Name": "title_pkey", "Startup Cost": 0.0, "Total Cost": 1.49, "Plan Rows": 1, "Plan Width": 0, "Actual Startup Time": 0.0, "Actual Total Time": 0.0, "Index Cond": "(id = ml.linked_movie_id)"}]}]}]}, "Triggers": [], "Planner Runtime": 3, "Total Runtime": 61.181, "Unique SQL Id": 524435555}}, "(64, 52)": {"explain_plan": {"Plan": {"Node Type": "Aggregate", "Strategy": "Plain", "Startup Cost": 3297.98, "Total Cost": 3297.99, "Plan Rows": 1, "Plan Width": 142, "Plans": [{"Node Type": "Nested Loop", "Parent Relationship": "Outer", "Join Type": "Inner", "Startup Cost": 4.51, "Total Cost": 3296.82, "Plan Rows": 154, "Plan Width": 46, "Inner Unique": true, "Plans": [{"Node Type": "Nested Loop", "Parent Relationship": "Outer", "Join Type": "Inner", "Startup Cost": 4.51, "Total Cost": 2633.25, "Plan Rows": 154, "Plan Width": 33, "Inner Unique": true, "Join Filter": "(ml.link_type_id = lt.id)", "Plans": [{"Node Type": "Nested Loop", "Parent Relationship": "Outer", "Join Type": "Inner", "Startup Cost": 4.51, "Total Cost": 2592.76, "Plan Rows": 154, "Plan Width": 25, "Inner Unique": false, "Plans": [{"Node Type": "Nested Loop", "Parent Relationship": "Outer", "Join Type": "Inner", "Startup Cost": 4.51, "Total Cost": 2579.55, "Plan Rows": 33, "Plan Width": 25, "Inner Unique": true, "Plans": [{"Node Type": "Nested Loop", "Parent Relationship": "Outer", "Join Type": "Inner", "Startup Cost": 4.51, "Total Cost": 2569.02, "Plan Rows": 33, "Plan Width": 4, "Inner Unique": false, "Plans": [{"Node Type": "Seq Scan", "Parent Relationship": "Outer", "Relation Name": "keyword", "Alias": "k", "Startup Cost": 0.0, "Total Cost": 2436.11, "Plan Rows": 1, "Plan Width": 4, "Filter": "((keyword)::text = '10,000-mile-club'::text)"}, {"Node Type": "Bitmap Heap Scan", "Parent Relationship": "Inner", "Relation Name": "movie_keyword", "Alias": "mk", "Startup Cost": 4.51, "Total Cost": 132.58, "Plan Rows": 33, "Plan Width": 8, "Recheck Cond": "(keyword_id = k.id)", "Plans": [{"Node Type": "Bitmap Index Scan", "Parent Relationship": "Outer", "Index Name": "keyword_id_movie_keyword", "Startup Cost": 0.0, "Total Cost": 4.5, "Plan Rows": 33, "Plan Width": 0, "Index Cond": "(keyword_id = k.id)"}]}]}, {"Node Type": "Index Scan", "Parent Relationship": "Inner", "Scan Direction": "Forward", "Index Name": "title_pkey", "Relation Name": "title", "Alias": "t1", "Startup Cost": 0.0, "Total Cost": 0.31, "Plan Rows": 1, "Plan Width": 21, "Index Cond": "(id = mk.movie_id)"}]}, {"Node Type": "Index Scan", "Parent Relationship": "Inner", "Scan Direction": "Forward", "Index Name": "movie_id_movie_link", "Relation Name": "movie_link", "Alias": "ml", "Startup Cost": 0.0, "Total Cost": 0.35, "Plan Rows": 5, "Plan Width": 12, "Index Cond": "(movie_id = t1.id)"}]}, {"Node Type": "Materialize", "Parent Relationship": "Inner", "Startup Cost": 0.0, "Total Cost": 1.25, "Plan Rows": 17, "Plan Width": 16, "Plans": [{"Node Type": "Seq Scan", "Parent Relationship": "Outer", "Relation Name": "link_type", "Alias": "lt", "Startup Cost": 0.0, "Total Cost": 1.17, "Plan Rows": 17, "Plan Width": 16}]}]}, {"Node Type": "Index Scan", "Parent Relationship": "Inner", "Scan Direction": "Forward", "Index Name": "title_pkey", "Relation Name": "title", "Alias": "t2", "Startup Cost": 0.0, "Total Cost": 4.3, "Plan Rows": 1, "Plan Width": 21, "Index Cond": "(id = ml.linked_movie_id)"}]}]}, "Unique SQL Id": 524435555, "Planner Runtime": 3}, "explain_analyze_plan": {"Plan": {"Node Type": "Aggregate", "Strategy": "Plain", "Startup Cost": 3297.98, "Total Cost": 3297.99, "Plan Rows": 1, "Plan Width": 142, "Actual Startup Time": 40.462, "Actual Total Time": 40.462, "Actual Rows": 1, "Actual Loops": 1, "Plans": [{"Node Type": "Nested Loop", "Parent Relationship": "Outer", "Join Type": "Inner", "Startup Cost": 4.51, "Total Cost": 3296.82, "Plan Rows": 154, "Plan Width": 46, "Actual Startup Time": 40.458, "Actual Total Time": 40.458, "Actual Rows": 0, "Actual Loops": 1, "Inner Unique": true, "Plans": [{"Node Type": "Nested Loop", "Parent Relationship": "Outer", "Join Type": "Inner", "Startup Cost": 4.51, "Total Cost": 2633.25, "Plan Rows": 154, "Plan Width": 33, "Actual Startup Time": 40.456, "Actual Total Time": 40.456, "Actual Rows": 0, "Actual Loops": 1, "Inner Unique": true, "Join Filter": "(ml.link_type_id = lt.id)", "Rows Removed by Join Filter": 0, "Plans": [{"Node Type": "Nested Loop", "Parent Relationship": "Outer", "Join Type": "Inner", "Startup Cost": 4.51, "Total Cost": 2592.76, "Plan Rows": 154, "Plan Width": 25, "Actual Startup Time": 40.456, "Actual Total Time": 40.456, "Actual Rows": 0, "Actual Loops": 1, "Inner Unique": false, "Plans": [{"Node Type": "Nested Loop", "Parent Relationship": "Outer", "Join Type": "Inner", "Startup Cost": 4.51, "Total Cost": 2579.55, "Plan Rows": 33, "Plan Width": 25, "Actual Startup Time": 39.589, "Actual Total Time": 40.451, "Actual Rows": 1, "Actual Loops": 1, "Inner Unique": true, "Plans": [{"Node Type": "Nested Loop", "Parent Relationship": "Outer", "Join Type": "Inner", "Startup Cost": 4.51, "Total Cost": 2569.02, "Plan Rows": 33, "Plan Width": 4, "Actual Startup Time": 39.573, "Actual Total Time": 40.434, "Actual Rows": 1, "Actual Loops": 1, "Inner Unique": false, "Plans": [{"Node Type": "Seq Scan", "Parent Relationship": "Outer", "Relation Name": "keyword", "Alias": "k", "Startup Cost": 0.0, "Total Cost": 2436.11, "Plan Rows": 1, "Plan Width": 4, "Actual Startup Time": 39.539, "Actual Total Time": 40.398, "Actual Rows": 1, "Actual Loops": 1, "Filter": "((keyword)::text = '10,000-mile-club'::text)", "Rows Removed by Filter": 134168}, {"Node Type": "Bitmap Heap Scan", "Parent Relationship": "Inner", "Relation Name": "movie_keyword", "Alias": "mk", "Startup Cost": 4.51, "Total Cost": 132.58, "Plan Rows": 33, "Plan Width": 8, "Actual Startup Time": 0.025, "Actual Total Time": 0.026, "Actual Rows": 1, "Actual Loops": 1, "Recheck Cond": "(keyword_id = k.id)", "Rows Removed by Index Recheck": 0, "Exact Heap Blocks": 1, "Lossy Heap Blocks": 1, "Plans": [{"Node Type": "Bitmap Index Scan", "Parent Relationship": "Outer", "Index Name": "keyword_id_movie_keyword", "Startup Cost": 0.0, "Total Cost": 4.5, "Plan Rows": 33, "Plan Width": 0, "Actual Startup Time": 0.016, "Actual Total Time": 0.016, "Actual Rows": 1, "Actual Loops": 1, "Index Cond": "(keyword_id = k.id)"}]}]}, {"Node Type": "Index Scan", "Parent Relationship": "Inner", "Scan Direction": "Forward", "Index Name": "title_pkey", "Relation Name": "title", "Alias": "t1", "Startup Cost": 0.0, "Total Cost": 0.31, "Plan Rows": 1, "Plan Width": 21, "Actual Startup Time": 0.014, "Actual Total Time": 0.014, "Actual Rows": 1, "Actual Loops": 1, "Index Cond": "(id = mk.movie_id)", "Rows Removed by Index Recheck": 0}]}, {"Node Type": "Index Scan", "Parent Relationship": "Inner", "Scan Direction": "Forward", "Index Name": "movie_id_movie_link", "Relation Name": "movie_link", "Alias": "ml", "Startup Cost": 0.0, "Total Cost": 0.35, "Plan Rows": 5, "Plan Width": 12, "Actual Startup Time": 0.003, "Actual Total Time": 0.003, "Actual Rows": 0, "Actual Loops": 1, "Index Cond": "(movie_id = t1.id)", "Rows Removed by Index Recheck": 0}]}, {"Node Type": "Materialize", "Parent Relationship": "Inner", "Startup Cost": 0.0, "Total Cost": 1.25, "Plan Rows": 17, "Plan Width": 16, "Actual Startup Time": 0.0, "Actual Total Time": 0.0, "Plans": [{"Node Type": "Seq Scan", "Parent Relationship": "Outer", "Relation Name": "link_type", "Alias": "lt", "Startup Cost": 0.0, "Total Cost": 1.17, "Plan Rows": 17, "Plan Width": 16, "Actual Startup Time": 0.0, "Actual Total Time": 0.0}]}]}, {"Node Type": "Index Scan", "Parent Relationship": "Inner", "Scan Direction": "Forward", "Index Name": "title_pkey", "Relation Name": "title", "Alias": "t2", "Startup Cost": 0.0, "Total Cost": 4.3, "Plan Rows": 1, "Plan Width": 21, "Actual Startup Time": 0.0, "Actual Total Time": 0.0, "Index Cond": "(id = ml.linked_movie_id)", "Rows Removed by Index Recheck": 0}]}]}, "Triggers": [], "Planner Runtime": 3, "Total Runtime": 40.678, "Unique SQL Id": 524435555}}, "(64, 53)": {"explain_plan": {"Plan": {"Node Type": "Aggregate", "Strategy": "Plain", "Startup Cost": 4047.28, "Total Cost": 4047.29, "Plan Rows": 1, "Plan Width": 142, "Plans": [{"Node Type": "Nested Loop", "Parent Relationship": "Outer", "Join Type": "Inner", "Startup Cost": 4.51, "Total Cost": 4046.12, "Plan Rows": 154, "Plan Width": 46, "Inner Unique": true, "Plans": [{"Node Type": "Nested Loop", "Parent Relationship": "Outer", "Join Type": "Inner", "Startup Cost": 4.51, "Total Cost": 3382.55, "Plan Rows": 154, "Plan Width": 33, "Inner Unique": true, "Plans": [{"Node Type": "Nested Loop", "Parent Relationship": "Outer", "Join Type": "Inner", "Startup Cost": 4.51, "Total Cost": 3339.37, "Plan Rows": 154, "Plan Width": 25, "Inner Unique": false, "Plans": [{"Node Type": "Nested Loop", "Parent Relationship": "Outer", "Join Type": "Inner", "Startup Cost": 4.51, "Total Cost": 3326.15, "Plan Rows": 33, "Plan Width": 25, "Inner Unique": true, "Plans": [{"Node Type": "Nested Loop", "Parent Relationship": "Outer", "Join Type": "Inner", "Startup Cost": 4.51, "Total Cost": 3315.63, "Plan Rows": 33, "Plan Width": 4, "Inner Unique": false, "Plans": [{"Node Type": "Index Scan", "Parent Relationship": "Outer", "Scan Direction": "Forward", "Index Name": "keyword_pkey", "Relation Name": "keyword", "Alias": "k", "Startup Cost": 0.0, "Total Cost": 3182.72, "Plan Rows": 1, "Plan Width": 4, "Filter": "((keyword)::text = '10,000-mile-club'::text)"}, {"Node Type": "Bitmap Heap Scan", "Parent Relationship": "Inner", "Relation Name": "movie_keyword", "Alias": "mk", "Startup Cost": 4.51, "Total Cost": 132.58, "Plan Rows": 33, "Plan Width": 8, "Recheck Cond": "(keyword_id = k.id)", "Plans": [{"Node Type": "Bitmap Index Scan", "Parent Relationship": "Outer", "Index Name": "keyword_id_movie_keyword", "Startup Cost": 0.0, "Total Cost": 4.5, "Plan Rows": 33, "Plan Width": 0, "Index Cond": "(keyword_id = k.id)"}]}]}, {"Node Type": "Index Scan", "Parent Relationship": "Inner", "Scan Direction": "Forward", "Index Name": "title_pkey", "Relation Name": "title", "Alias": "t1", "Startup Cost": 0.0, "Total Cost": 0.31, "Plan Rows": 1, "Plan Width": 21, "Index Cond": "(id = mk.movie_id)"}]}, {"Node Type": "Index Scan", "Parent Relationship": "Inner", "Scan Direction": "Forward", "Index Name": "movie_id_movie_link", "Relation Name": "movie_link", "Alias": "ml", "Startup Cost": 0.0, "Total Cost": 0.35, "Plan Rows": 5, "Plan Width": 12, "Index Cond": "(movie_id = t1.id)"}]}, {"Node Type": "Index Scan", "Parent Relationship": "Inner", "Scan Direction": "Forward", "Index Name": "link_type_pkey", "Relation Name": "link_type", "Alias": "lt", "Startup Cost": 0.0, "Total Cost": 0.27, "Plan Rows": 1, "Plan Width": 16, "Index Cond": "(id = ml.link_type_id)"}]}, {"Node Type": "Index Scan", "Parent Relationship": "Inner", "Scan Direction": "Forward", "Index Name": "title_pkey", "Relation Name": "title", "Alias": "t2", "Startup Cost": 0.0, "Total Cost": 4.3, "Plan Rows": 1, "Plan Width": 21, "Index Cond": "(id = ml.linked_movie_id)"}]}]}, "Unique SQL Id": 524435555, "Planner Runtime": 2}, "explain_analyze_plan": {"Plan": {"Node Type": "Aggregate", "Strategy": "Plain", "Startup Cost": 4047.28, "Total Cost": 4047.29, "Plan Rows": 1, "Plan Width": 142, "Actual Startup Time": 114.984, "Actual Total Time": 114.985, "Actual Rows": 1, "Actual Loops": 1, "Plans": [{"Node Type": "Nested Loop", "Parent Relationship": "Outer", "Join Type": "Inner", "Startup Cost": 4.51, "Total Cost": 4046.12, "Plan Rows": 154, "Plan Width": 46, "Actual Startup Time": 114.978, "Actual Total Time": 114.978, "Actual Rows": 0, "Actual Loops": 1, "Inner Unique": true, "Plans": [{"Node Type": "Nested Loop", "Parent Relationship": "Outer", "Join Type": "Inner", "Startup Cost": 4.51, "Total Cost": 3382.55, "Plan Rows": 154, "Plan Width": 33, "Actual Startup Time": 114.977, "Actual Total Time": 114.977, "Actual Rows": 0, "Actual Loops": 1, "Inner Unique": true, "Plans": [{"Node Type": "Nested Loop", "Parent Relationship": "Outer", "Join Type": "Inner", "Startup Cost": 4.51, "Total Cost": 3339.37, "Plan Rows": 154, "Plan Width": 25, "Actual Startup Time": 114.976, "Actual Total Time": 114.976, "Actual Rows": 0, "Actual Loops": 1, "Inner Unique": false, "Plans": [{"Node Type": "Nested Loop", "Parent Relationship": "Outer", "Join Type": "Inner", "Startup Cost": 4.51, "Total Cost": 3326.15, "Plan Rows": 33, "Plan Width": 25, "Actual Startup Time": 113.117, "Actual Total Time": 114.965, "Actual Rows": 1, "Actual Loops": 1, "Inner Unique": true, "Plans": [{"Node Type": "Nested Loop", "Parent Relationship": "Outer", "Join Type": "Inner", "Startup Cost": 4.51, "Total Cost": 3315.63, "Plan Rows": 33, "Plan Width": 4, "Actual Startup Time": 113.093, "Actual Total Time": 114.94, "Actual Rows": 1, "Actual Loops": 1, "Inner Unique": false, "Plans": [{"Node Type": "Index Scan", "Parent Relationship": "Outer", "Scan Direction": "Forward", "Index Name": "keyword_pkey", "Relation Name": "keyword", "Alias": "k", "Startup Cost": 0.0, "Total Cost": 3182.72, "Plan Rows": 1, "Plan Width": 4, "Actual Startup Time": 113.04, "Actual Total Time": 114.886, "Actual Rows": 1, "Actual Loops": 1, "Filter": "((keyword)::text = '10,000-mile-club'::text)", "Rows Removed by Filter": 134168}, {"Node Type": "Bitmap Heap Scan", "Parent Relationship": "Inner", "Relation Name": "movie_keyword", "Alias": "mk", "Startup Cost": 4.51, "Total Cost": 132.58, "Plan Rows": 33, "Plan Width": 8, "Actual Startup Time": 0.033, "Actual Total Time": 0.033, "Actual Rows": 1, "Actual Loops": 1, "Recheck Cond": "(keyword_id = k.id)", "Rows Removed by Index Recheck": 0, "Exact Heap Blocks": 1, "Lossy Heap Blocks": 1, "Plans": [{"Node Type": "Bitmap Index Scan", "Parent Relationship": "Outer", "Index Name": "keyword_id_movie_keyword", "Startup Cost": 0.0, "Total Cost": 4.5, "Plan Rows": 33, "Plan Width": 0, "Actual Startup Time": 0.02, "Actual Total Time": 0.02, "Actual Rows": 1, "Actual Loops": 1, "Index Cond": "(keyword_id = k.id)"}]}]}, {"Node Type": "Index Scan", "Parent Relationship": "Inner", "Scan Direction": "Forward", "Index Name": "title_pkey", "Relation Name": "title", "Alias": "t1", "Startup Cost": 0.0, "Total Cost": 0.31, "Plan Rows": 1, "Plan Width": 21, "Actual Startup Time": 0.017, "Actual Total Time": 0.017, "Actual Rows": 1, "Actual Loops": 1, "Index Cond": "(id = mk.movie_id)", "Rows Removed by Index Recheck": 0}]}, {"Node Type": "Index Scan", "Parent Relationship": "Inner", "Scan Direction": "Forward", "Index Name": "movie_id_movie_link", "Relation Name": "movie_link", "Alias": "ml", "Startup Cost": 0.0, "Total Cost": 0.35, "Plan Rows": 5, "Plan Width": 12, "Actual Startup Time": 0.006, "Actual Total Time": 0.006, "Actual Rows": 0, "Actual Loops": 1, "Index Cond": "(movie_id = t1.id)", "Rows Removed by Index Recheck": 0}]}, {"Node Type": "Index Scan", "Parent Relationship": "Inner", "Scan Direction": "Forward", "Index Name": "link_type_pkey", "Relation Name": "link_type", "Alias": "lt", "Startup Cost": 0.0, "Total Cost": 0.27, "Plan Rows": 1, "Plan Width": 16, "Actual Startup Time": 0.0, "Actual Total Time": 0.0, "Index Cond": "(id = ml.link_type_id)", "Rows Removed by Index Recheck": 0}]}, {"Node Type": "Index Scan", "Parent Relationship": "Inner", "Scan Direction": "Forward", "Index Name": "title_pkey", "Relation Name": "title", "Alias": "t2", "Startup Cost": 0.0, "Total Cost": 4.3, "Plan Rows": 1, "Plan Width": 21, "Actual Startup Time": 0.0, "Actual Total Time": 0.0, "Index Cond": "(id = ml.linked_movie_id)", "Rows Removed by Index Recheck": 0}]}]}, "Triggers": [], "Planner Runtime": 2, "Total Runtime": 115.266, "Unique SQL Id": 524435555}}, "(64, 54)": {"explain_plan": {"Plan": {"Node Type": "Aggregate", "Strategy": "Plain", "Startup Cost": 3747.02, "Total Cost": 3747.03, "Plan Rows": 1, "Plan Width": 142, "Plans": [{"Node Type": "Nested Loop", "Parent Relationship": "Outer", "Join Type": "Inner", "Startup Cost": 6.55, "Total Cost": 3745.86, "Plan Rows": 154, "Plan Width": 46, "Inner Unique": true, "Plans": [{"Node Type": "Nested Loop", "Parent Relationship": "Outer", "Join Type": "Inner", "Startup Cost": 5.06, "Total Cost": 2896.68, "Plan Rows": 154, "Plan Width": 33, "Inner Unique": true, "Join Filter": "(ml.link_type_id = lt.id)", "Plans": [{"Node Type": "Nested Loop", "Parent Relationship": "Outer", "Join Type": "Inner", "Startup Cost": 5.06, "Total Cost": 2856.2, "Plan Rows": 154, "Plan Width": 25, "Inner Unique": false, "Join Filter": "(t1.id = ml.movie_id)", "Plans": [{"Node Type": "Nested Loop", "Parent Relationship": "Outer", "Join Type": "Inner", "Startup Cost": 4.77, "Total Cost": 2710.54, "Plan Rows": 33, "Plan Width": 25, "Inner Unique": true, "Plans": [{"Node Type": "Nested Loop", "Parent Relationship": "Outer", "Join Type": "Inner", "Startup Cost": 4.51, "Total Cost": 2569.02, "Plan Rows": 33, "Plan Width": 4, "Inner Unique": false, "Plans": [{"Node Type": "Seq Scan", "Parent Relationship": "Outer", "Relation Name": "keyword", "Alias": "k", "Startup Cost": 0.0, "Total Cost": 2436.11, "Plan Rows": 1, "Plan Width": 4, "Filter": "((keyword)::text = '10,000-mile-club'::text)"}, {"Node Type": "Bitmap Heap Scan", "Parent Relationship": "Inner", "Relation Name": "movie_keyword", "Alias": "mk", "Startup Cost": 4.51, "Total Cost": 132.58, "Plan Rows": 33, "Plan Width": 8, "Recheck Cond": "(keyword_id = k.id)", "Plans": [{"Node Type": "Bitmap Index Scan", "Parent Relationship": "Outer", "Index Name": "keyword_id_movie_keyword", "Startup Cost": 0.0, "Total Cost": 4.5, "Plan Rows": 33, "Plan Width": 0, "Index Cond": "(keyword_id = k.id)"}]}]}, {"Node Type": "Bitmap Heap Scan", "Parent Relationship": "Inner", "Relation Name": "title", "Alias": "t1", "Startup Cost": 0.27, "Total Cost": 4.28, "Plan Rows": 1, "Plan Width": 21, "Recheck Cond": "(id = mk.movie_id)", "Plans": [{"Node Type": "Bitmap Index Scan", "Parent Relationship": "Outer", "Index Name": "title_pkey", "Startup Cost": 0.0, "Total Cost": 0.27, "Plan Rows": 1, "Plan Width": 0, "Index Cond": "(id = mk.movie_id)"}]}]}, {"Node Type": "Bitmap Heap Scan", "Parent Relationship": "Inner", "Relation Name": "movie_link", "Alias": "ml", "Startup Cost": 0.29, "Total Cost": 4.35, "Plan Rows": 5, "Plan Width": 12, "Recheck Cond": "(movie_id = mk.movie_id)", "Plans": [{"Node Type": "Bitmap Index Scan", "Parent Relationship": "Outer", "Index Name": "movie_id_movie_link", "Startup Cost": 0.0, "Total Cost": 0.29, "Plan Rows": 5, "Plan Width": 0, "Index Cond": "(movie_id = mk.movie_id)"}]}]}, {"Node Type": "Materialize", "Parent Relationship": "Inner", "Startup Cost": 0.0, "Total Cost": 1.25, "Plan Rows": 17, "Plan Width": 16, "Plans": [{"Node Type": "Seq Scan", "Parent Relationship": "Outer", "Relation Name": "link_type", "Alias": "lt", "Startup Cost": 0.0, "Total Cost": 1.17, "Plan Rows": 17, "Plan Width": 16}]}]}, {"Node Type": "Bitmap Heap Scan", "Parent Relationship": "Inner", "Relation Name": "title", "Alias": "t2", "Startup Cost": 1.49, "Total Cost": 5.5, "Plan Rows": 1, "Plan Width": 21, "Recheck Cond": "(id = ml.linked_movie_id)", "Plans": [{"Node Type": "Bitmap Index Scan", "Parent Relationship": "Outer", "Index Name": "title_pkey", "Startup Cost": 0.0, "Total Cost": 1.49, "Plan Rows": 1, "Plan Width": 0, "Index Cond": "(id = ml.linked_movie_id)"}]}]}]}, "Unique SQL Id": 524435555, "Planner Runtime": 4}, "explain_analyze_plan": {"Plan": {"Node Type": "Aggregate", "Strategy": "Plain", "Startup Cost": 3747.02, "Total Cost": 3747.03, "Plan Rows": 1, "Plan Width": 142, "Actual Startup Time": 40.475, "Actual Total Time": 40.475, "Actual Rows": 1, "Actual Loops": 1, "Plans": [{"Node Type": "Nested Loop", "Parent Relationship": "Outer", "Join Type": "Inner", "Startup Cost": 6.55, "Total Cost": 3745.86, "Plan Rows": 154, "Plan Width": 46, "Actual Startup Time": 40.471, "Actual Total Time": 40.471, "Actual Rows": 0, "Actual Loops": 1, "Inner Unique": true, "Plans": [{"Node Type": "Nested Loop", "Parent Relationship": "Outer", "Join Type": "Inner", "Startup Cost": 5.06, "Total Cost": 2896.68, "Plan Rows": 154, "Plan Width": 33, "Actual Startup Time": 40.47, "Actual Total Time": 40.47, "Actual Rows": 0, "Actual Loops": 1, "Inner Unique": true, "Join Filter": "(ml.link_type_id = lt.id)", "Rows Removed by Join Filter": 0, "Plans": [{"Node Type": "Nested Loop", "Parent Relationship": "Outer", "Join Type": "Inner", "Startup Cost": 5.06, "Total Cost": 2856.2, "Plan Rows": 154, "Plan Width": 25, "Actual Startup Time": 40.469, "Actual Total Time": 40.469, "Actual Rows": 0, "Actual Loops": 1, "Inner Unique": false, "Join Filter": "(t1.id = ml.movie_id)", "Rows Removed by Join Filter": 0, "Plans": [{"Node Type": "Nested Loop", "Parent Relationship": "Outer", "Join Type": "Inner", "Startup Cost": 4.77, "Total Cost": 2710.54, "Plan Rows": 33, "Plan Width": 25, "Actual Startup Time": 39.597, "Actual Total Time": 40.461, "Actual Rows": 1, "Actual Loops": 1, "Inner Unique": true, "Plans": [{"Node Type": "Nested Loop", "Parent Relationship": "Outer", "Join Type": "Inner", "Startup Cost": 4.51, "Total Cost": 2569.02, "Plan Rows": 33, "Plan Width": 4, "Actual Startup Time": 39.583, "Actual Total Time": 40.447, "Actual Rows": 1, "Actual Loops": 1, "Inner Unique": false, "Plans": [{"Node Type": "Seq Scan", "Parent Relationship": "Outer", "Relation Name": "keyword", "Alias": "k", "Startup Cost": 0.0, "Total Cost": 2436.11, "Plan Rows": 1, "Plan Width": 4, "Actual Startup Time": 39.546, "Actual Total Time": 40.408, "Actual Rows": 1, "Actual Loops": 1, "Filter": "((keyword)::text = '10,000-mile-club'::text)", "Rows Removed by Filter": 134168}, {"Node Type": "Bitmap Heap Scan", "Parent Relationship": "Inner", "Relation Name": "movie_keyword", "Alias": "mk", "Startup Cost": 4.51, "Total Cost": 132.58, "Plan Rows": 33, "Plan Width": 8, "Actual Startup Time": 0.029, "Actual Total Time": 0.03, "Actual Rows": 1, "Actual Loops": 1, "Recheck Cond": "(keyword_id = k.id)", "Rows Removed by Index Recheck": 0, "Exact Heap Blocks": 1, "Lossy Heap Blocks": 1, "Plans": [{"Node Type": "Bitmap Index Scan", "Parent Relationship": "Outer", "Index Name": "keyword_id_movie_keyword", "Startup Cost": 0.0, "Total Cost": 4.5, "Plan Rows": 33, "Plan Width": 0, "Actual Startup Time": 0.021, "Actual Total Time": 0.021, "Actual Rows": 1, "Actual Loops": 1, "Index Cond": "(keyword_id = k.id)"}]}]}, {"Node Type": "Bitmap Heap Scan", "Parent Relationship": "Inner", "Relation Name": "title", "Alias": "t1", "Startup Cost": 0.27, "Total Cost": 4.28, "Plan Rows": 1, "Plan Width": 21, "Actual Startup Time": 0.012, "Actual Total Time": 0.012, "Actual Rows": 1, "Actual Loops": 1, "Recheck Cond": "(id = mk.movie_id)", "Rows Removed by Index Recheck": 0, "Exact Heap Blocks": 1, "Lossy Heap Blocks": 1, "Plans": [{"Node Type": "Bitmap Index Scan", "Parent Relationship": "Outer", "Index Name": "title_pkey", "Startup Cost": 0.0, "Total Cost": 0.27, "Plan Rows": 1, "Plan Width": 0, "Actual Startup Time": 0.008, "Actual Total Time": 0.008, "Actual Rows": 1, "Actual Loops": 1, "Index Cond": "(id = mk.movie_id)"}]}]}, {"Node Type": "Bitmap Heap Scan", "Parent Relationship": "Inner", "Relation Name": "movie_link", "Alias": "ml", "Startup Cost": 0.29, "Total Cost": 4.35, "Plan Rows": 5, "Plan Width": 12, "Actual Startup Time": 0.005, "Actual Total Time": 0.005, "Actual Rows": 0, "Actual Loops": 1, "Recheck Cond": "(movie_id = mk.movie_id)", "Rows Removed by Index Recheck": 0, "Exact Heap Blocks": 0, "Lossy Heap Blocks": 0, "Plans": [{"Node Type": "Bitmap Index Scan", "Parent Relationship": "Outer", "Index Name": "movie_id_movie_link", "Startup Cost": 0.0, "Total Cost": 0.29, "Plan Rows": 5, "Plan Width": 0, "Actual Startup Time": 0.003, "Actual Total Time": 0.003, "Actual Rows": 0, "Actual Loops": 1, "Index Cond": "(movie_id = mk.movie_id)"}]}]}, {"Node Type": "Materialize", "Parent Relationship": "Inner", "Startup Cost": 0.0, "Total Cost": 1.25, "Plan Rows": 17, "Plan Width": 16, "Actual Startup Time": 0.0, "Actual Total Time": 0.0, "Plans": [{"Node Type": "Seq Scan", "Parent Relationship": "Outer", "Relation Name": "link_type", "Alias": "lt", "Startup Cost": 0.0, "Total Cost": 1.17, "Plan Rows": 17, "Plan Width": 16, "Actual Startup Time": 0.0, "Actual Total Time": 0.0}]}]}, {"Node Type": "Bitmap Heap Scan", "Parent Relationship": "Inner", "Relation Name": "title", "Alias": "t2", "Startup Cost": 1.49, "Total Cost": 5.5, "Plan Rows": 1, "Plan Width": 21, "Actual Startup Time": 0.0, "Actual Total Time": 0.0, "Recheck Cond": "(id = ml.linked_movie_id)", "Rows Removed by Index Recheck": 0, "Exact Heap Blocks": 0, "Lossy Heap Blocks": 0, "Plans": [{"Node Type": "Bitmap Index Scan", "Parent Relationship": "Outer", "Index Name": "title_pkey", "Startup Cost": 0.0, "Total Cost": 1.49, "Plan Rows": 1, "Plan Width": 0, "Actual Startup Time": 0.0, "Actual Total Time": 0.0, "Index Cond": "(id = ml.linked_movie_id)"}]}]}]}, "Triggers": [], "Planner Runtime": 4, "Total Runtime": 40.699, "Unique SQL Id": 524435555}}, "(64, 55)": {"explain_plan": {"Plan": {"Node Type": "Aggregate", "Strategy": "Plain", "Startup Cost": 4477.45, "Total Cost": 4477.46, "Plan Rows": 1, "Plan Width": 142, "Plans": [{"Node Type": "Nested Loop", "Parent Relationship": "Outer", "Join Type": "Inner", "Startup Cost": 733.99, "Total Cost": 4476.3, "Plan Rows": 154, "Plan Width": 46, "Inner Unique": true, "Plans": [{"Node Type": "Nested Loop", "Parent Relationship": "Outer", "Join Type": "Inner", "Startup Cost": 732.5, "Total Cost": 3627.12, "Plan Rows": 154, "Plan Width": 33, "Inner Unique": true, "Join Filter": "(ml.link_type_id = lt.id)", "Plans": [{"Node Type": "Nested Loop", "Parent Relationship": "Outer", "Join Type": "Inner", "Startup Cost": 724.16, "Total Cost": 3575.3, "Plan Rows": 154, "Plan Width": 25, "Inner Unique": false, "Join Filter": "(t1.id = ml.movie_id)", "Plans": [{"Node Type": "Nested Loop", "Parent Relationship": "Outer", "Join Type": "Inner", "Startup Cost": 723.87, "Total Cost": 3429.64, "Plan Rows": 33, "Plan Width": 25, "Inner Unique": true, "Plans": [{"Node Type": "Nested Loop", "Parent Relationship": "Outer", "Join Type": "Inner", "Startup Cost": 723.6, "Total Cost": 3288.12, "Plan Rows": 33, "Plan Width": 4, "Inner Unique": false, "Plans": [{"Node Type": "Bitmap Heap Scan", "Parent Relationship": "Outer", "Relation Name": "keyword", "Alias": "k", "Startup Cost": 719.1, "Total Cost": 3155.21, "Plan Rows": 1, "Plan Width": 4, "Filter": "((keyword)::text = '10,000-mile-club'::text)", "Plans": [{"Node Type": "Bitmap Index Scan", "Parent Relationship": "Outer", "Index Name": "keyword_pkey", "Startup Cost": 0.0, "Total Cost": 719.1, "Plan Rows": 134169, "Plan Width": 0}]}, {"Node Type": "Bitmap Heap Scan", "Parent Relationship": "Inner", "Relation Name": "movie_keyword", "Alias": "mk", "Startup Cost": 4.51, "Total Cost": 132.58, "Plan Rows": 33, "Plan Width": 8, "Recheck Cond": "(keyword_id = k.id)", "Plans": [{"Node Type": "Bitmap Index Scan", "Parent Relationship": "Outer", "Index Name": "keyword_id_movie_keyword", "Startup Cost": 0.0, "Total Cost": 4.5, "Plan Rows": 33, "Plan Width": 0, "Index Cond": "(keyword_id = k.id)"}]}]}, {"Node Type": "Bitmap Heap Scan", "Parent Relationship": "Inner", "Relation Name": "title", "Alias": "t1", "Startup Cost": 0.27, "Total Cost": 4.28, "Plan Rows": 1, "Plan Width": 21, "Recheck Cond": "(id = mk.movie_id)", "Plans": [{"Node Type": "Bitmap Index Scan", "Parent Relationship": "Outer", "Index Name": "title_pkey", "Startup Cost": 0.0, "Total Cost": 0.27, "Plan Rows": 1, "Plan Width": 0, "Index Cond": "(id = mk.movie_id)"}]}]}, {"Node Type": "Bitmap Heap Scan", "Parent Relationship": "Inner", "Relation Name": "movie_link", "Alias": "ml", "Startup Cost": 0.29, "Total Cost": 4.35, "Plan Rows": 5, "Plan Width": 12, "Recheck Cond": "(movie_id = mk.movie_id)", "Plans": [{"Node Type": "Bitmap Index Scan", "Parent Relationship": "Outer", "Index Name": "movie_id_movie_link", "Startup Cost": 0.0, "Total Cost": 0.29, "Plan Rows": 5, "Plan Width": 0, "Index Cond": "(movie_id = mk.movie_id)"}]}]}, {"Node Type": "Materialize", "Parent Relationship": "Inner", "Startup Cost": 8.34, "Total Cost": 12.59, "Plan Rows": 17, "Plan Width": 16, "Plans": [{"Node Type": "Bitmap Heap Scan", "Parent Relationship": "Outer", "Relation Name": "link_type", "Alias": "lt", "Startup Cost": 8.34, "Total Cost": 12.51, "Plan Rows": 17, "Plan Width": 16, "Plans": [{"Node Type": "Bitmap Index Scan", "Parent Relationship": "Outer", "Index Name": "link_type_pkey", "Startup Cost": 0.0, "Total Cost": 8.34, "Plan Rows": 17, "Plan Width": 0}]}]}]}, {"Node Type": "Bitmap Heap Scan", "Parent Relationship": "Inner", "Relation Name": "title", "Alias": "t2", "Startup Cost": 1.49, "Total Cost": 5.5, "Plan Rows": 1, "Plan Width": 21, "Recheck Cond": "(id = ml.linked_movie_id)", "Plans": [{"Node Type": "Bitmap Index Scan", "Parent Relationship": "Outer", "Index Name": "title_pkey", "Startup Cost": 0.0, "Total Cost": 1.49, "Plan Rows": 1, "Plan Width": 0, "Index Cond": "(id = ml.linked_movie_id)"}]}]}]}, "Unique SQL Id": 524435555, "Planner Runtime": 3}, "explain_analyze_plan": {"Plan": {"Node Type": "Aggregate", "Strategy": "Plain", "Startup Cost": 4477.45, "Total Cost": 4477.46, "Plan Rows": 1, "Plan Width": 142, "Actual Startup Time": 60.915, "Actual Total Time": 60.915, "Actual Rows": 1, "Actual Loops": 1, "Plans": [{"Node Type": "Nested Loop", "Parent Relationship": "Outer", "Join Type": "Inner", "Startup Cost": 733.99, "Total Cost": 4476.3, "Plan Rows": 154, "Plan Width": 46, "Actual Startup Time": 60.909, "Actual Total Time": 60.909, "Actual Rows": 0, "Actual Loops": 1, "Inner Unique": true, "Plans": [{"Node Type": "Nested Loop", "Parent Relationship": "Outer", "Join Type": "Inner", "Startup Cost": 732.5, "Total Cost": 3627.12, "Plan Rows": 154, "Plan Width": 33, "Actual Startup Time": 60.907, "Actual Total Time": 60.907, "Actual Rows": 0, "Actual Loops": 1, "Inner Unique": true, "Join Filter": "(ml.link_type_id = lt.id)", "Rows Removed by Join Filter": 0, "Plans": [{"Node Type": "Nested Loop", "Parent Relationship": "Outer", "Join Type": "Inner", "Startup Cost": 724.16, "Total Cost": 3575.3, "Plan Rows": 154, "Plan Width": 25, "Actual Startup Time": 60.907, "Actual Total Time": 60.907, "Actual Rows": 0, "Actual Loops": 1, "Inner Unique": false, "Join Filter": "(t1.id = ml.movie_id)", "Rows Removed by Join Filter": 0, "Plans": [{"Node Type": "Nested Loop", "Parent Relationship": "Outer", "Join Type": "Inner", "Startup Cost": 723.87, "Total Cost": 3429.64, "Plan Rows": 33, "Plan Width": 25, "Actual Startup Time": 59.843, "Actual Total Time": 60.9, "Actual Rows": 1, "Actual Loops": 1, "Inner Unique": true, "Plans": [{"Node Type": "Nested Loop", "Parent Relationship": "Outer", "Join Type": "Inner", "Startup Cost": 723.6, "Total Cost": 3288.12, "Plan Rows": 33, "Plan Width": 4, "Actual Startup Time": 59.827, "Actual Total Time": 60.883, "Actual Rows": 1, "Actual Loops": 1, "Inner Unique": false, "Plans": [{"Node Type": "Bitmap Heap Scan", "Parent Relationship": "Outer", "Relation Name": "keyword", "Alias": "k", "Startup Cost": 719.1, "Total Cost": 3155.21, "Plan Rows": 1, "Plan Width": 4, "Actual Startup Time": 59.791, "Actual Total Time": 60.845, "Actual Rows": 1, "Actual Loops": 1, "Filter": "((keyword)::text = '10,000-mile-club'::text)", "Rows Removed by Filter": 134168, "Exact Heap Blocks": 759, "Lossy Heap Blocks": 759, "Plans": [{"Node Type": "Bitmap Index Scan", "Parent Relationship": "Outer", "Index Name": "keyword_pkey", "Startup Cost": 0.0, "Total Cost": 719.1, "Plan Rows": 134169, "Plan Width": 0, "Actual Startup Time": 11.453, "Actual Total Time": 11.453, "Actual Rows": 134169, "Actual Loops": 1}]}, {"Node Type": "Bitmap Heap Scan", "Parent Relationship": "Inner", "Relation Name": "movie_keyword", "Alias": "mk", "Startup Cost": 4.51, "Total Cost": 132.58, "Plan Rows": 33, "Plan Width": 8, "Actual Startup Time": 0.024, "Actual Total Time": 0.024, "Actual Rows": 1, "Actual Loops": 1, "Recheck Cond": "(keyword_id = k.id)", "Rows Removed by Index Recheck": 0, "Exact Heap Blocks": 1, "Lossy Heap Blocks": 1, "Plans": [{"Node Type": "Bitmap Index Scan", "Parent Relationship": "Outer", "Index Name": "keyword_id_movie_keyword", "Startup Cost": 0.0, "Total Cost": 4.5, "Plan Rows": 33, "Plan Width": 0, "Actual Startup Time": 0.016, "Actual Total Time": 0.016, "Actual Rows": 1, "Actual Loops": 1, "Index Cond": "(keyword_id = k.id)"}]}]}, {"Node Type": "Bitmap Heap Scan", "Parent Relationship": "Inner", "Relation Name": "title", "Alias": "t1", "Startup Cost": 0.27, "Total Cost": 4.28, "Plan Rows": 1, "Plan Width": 21, "Actual Startup Time": 0.012, "Actual Total Time": 0.012, "Actual Rows": 1, "Actual Loops": 1, "Recheck Cond": "(id = mk.movie_id)", "Rows Removed by Index Recheck": 0, "Exact Heap Blocks": 1, "Lossy Heap Blocks": 1, "Plans": [{"Node Type": "Bitmap Index Scan", "Parent Relationship": "Outer", "Index Name": "title_pkey", "Startup Cost": 0.0, "Total Cost": 0.27, "Plan Rows": 1, "Plan Width": 0, "Actual Startup Time": 0.008, "Actual Total Time": 0.008, "Actual Rows": 1, "Actual Loops": 1, "Index Cond": "(id = mk.movie_id)"}]}]}, {"Node Type": "Bitmap Heap Scan", "Parent Relationship": "Inner", "Relation Name": "movie_link", "Alias": "ml", "Startup Cost": 0.29, "Total Cost": 4.35, "Plan Rows": 5, "Plan Width": 12, "Actual Startup Time": 0.004, "Actual Total Time": 0.004, "Actual Rows": 0, "Actual Loops": 1, "Recheck Cond": "(movie_id = mk.movie_id)", "Rows Removed by Index Recheck": 0, "Exact Heap Blocks": 0, "Lossy Heap Blocks": 0, "Plans": [{"Node Type": "Bitmap Index Scan", "Parent Relationship": "Outer", "Index Name": "movie_id_movie_link", "Startup Cost": 0.0, "Total Cost": 0.29, "Plan Rows": 5, "Plan Width": 0, "Actual Startup Time": 0.002, "Actual Total Time": 0.002, "Actual Rows": 0, "Actual Loops": 1, "Index Cond": "(movie_id = mk.movie_id)"}]}]}, {"Node Type": "Materialize", "Parent Relationship": "Inner", "Startup Cost": 8.34, "Total Cost": 12.59, "Plan Rows": 17, "Plan Width": 16, "Actual Startup Time": 0.0, "Actual Total Time": 0.0, "Plans": [{"Node Type": "Bitmap Heap Scan", "Parent Relationship": "Outer", "Relation Name": "link_type", "Alias": "lt", "Startup Cost": 8.34, "Total Cost": 12.51, "Plan Rows": 17, "Plan Width": 16, "Actual Startup Time": 0.0, "Actual Total Time": 0.0, "Exact Heap Blocks": 0, "Lossy Heap Blocks": 0, "Plans": [{"Node Type": "Bitmap Index Scan", "Parent Relationship": "Outer", "Index Name": "link_type_pkey", "Startup Cost": 0.0, "Total Cost": 8.34, "Plan Rows": 17, "Plan Width": 0, "Actual Startup Time": 0.0, "Actual Total Time": 0.0}]}]}]}, {"Node Type": "Bitmap Heap Scan", "Parent Relationship": "Inner", "Relation Name": "title", "Alias": "t2", "Startup Cost": 1.49, "Total Cost": 5.5, "Plan Rows": 1, "Plan Width": 21, "Actual Startup Time": 0.0, "Actual Total Time": 0.0, "Recheck Cond": "(id = ml.linked_movie_id)", "Rows Removed by Index Recheck": 0, "Exact Heap Blocks": 0, "Lossy Heap Blocks": 0, "Plans": [{"Node Type": "Bitmap Index Scan", "Parent Relationship": "Outer", "Index Name": "title_pkey", "Startup Cost": 0.0, "Total Cost": 1.49, "Plan Rows": 1, "Plan Width": 0, "Actual Startup Time": 0.0, "Actual Total Time": 0.0, "Index Cond": "(id = ml.linked_movie_id)"}]}]}]}, "Triggers": [], "Planner Runtime": 3, "Total Runtime": 61.181, "Unique SQL Id": 524435555}}, "(64, 56)": {"explain_plan": {"Plan": {"Node Type": "Aggregate", "Strategy": "Plain", "Startup Cost": 3302.27, "Total Cost": 3302.28, "Plan Rows": 1, "Plan Width": 142, "Plans": [{"Node Type": "Nested Loop", "Parent Relationship": "Outer", "Join Type": "Inner", "Startup Cost": 0.0, "Total Cost": 3301.12, "Plan Rows": 154, "Plan Width": 46, "Inner Unique": true, "Plans": [{"Node Type": "Nested Loop", "Parent Relationship": "Outer", "Join Type": "Inner", "Startup Cost": 0.0, "Total Cost": 2637.54, "Plan Rows": 154, "Plan Width": 33, "Inner Unique": true, "Join Filter": "(ml.link_type_id = lt.id)", "Plans": [{"Node Type": "Nested Loop", "Parent Relationship": "Outer", "Join Type": "Inner", "Startup Cost": 0.0, "Total Cost": 2597.06, "Plan Rows": 154, "Plan Width": 25, "Inner Unique": false, "Plans": [{"Node Type": "Nested Loop", "Parent Relationship": "Outer", "Join Type": "Inner", "Startup Cost": 0.0, "Total Cost": 2583.84, "Plan Rows": 33, "Plan Width": 25, "Inner Unique": true, "Plans": [{"Node Type": "Nested Loop", "Parent Relationship": "Outer", "Join Type": "Inner", "Startup Cost": 0.0, "Total Cost": 2573.32, "Plan Rows": 33, "Plan Width": 4, "Inner Unique": false, "Plans": [{"Node Type": "Seq Scan", "Parent Relationship": "Outer", "Relation Name": "keyword", "Alias": "k", "Startup Cost": 0.0, "Total Cost": 2436.11, "Plan Rows": 1, "Plan Width": 4, "Filter": "((keyword)::text = '10,000-mile-club'::text)"}, {"Node Type": "Index Scan", "Parent Relationship": "Inner", "Scan Direction": "Forward", "Index Name": "keyword_id_movie_keyword", "Relation Name": "movie_keyword", "Alias": "mk", "Startup Cost": 0.0, "Total Cost": 136.88, "Plan Rows": 33, "Plan Width": 8, "Index Cond": "(keyword_id = k.id)"}]}, {"Node Type": "Index Scan", "Parent Relationship": "Inner", "Scan Direction": "Forward", "Index Name": "title_pkey", "Relation Name": "title", "Alias": "t1", "Startup Cost": 0.0, "Total Cost": 0.31, "Plan Rows": 1, "Plan Width": 21, "Index Cond": "(id = mk.movie_id)"}]}, {"Node Type": "Index Scan", "Parent Relationship": "Inner", "Scan Direction": "Forward", "Index Name": "movie_id_movie_link", "Relation Name": "movie_link", "Alias": "ml", "Startup Cost": 0.0, "Total Cost": 0.35, "Plan Rows": 5, "Plan Width": 12, "Index Cond": "(movie_id = t1.id)"}]}, {"Node Type": "Materialize", "Parent Relationship": "Inner", "Startup Cost": 0.0, "Total Cost": 1.25, "Plan Rows": 17, "Plan Width": 16, "Plans": [{"Node Type": "Seq Scan", "Parent Relationship": "Outer", "Relation Name": "link_type", "Alias": "lt", "Startup Cost": 0.0, "Total Cost": 1.17, "Plan Rows": 17, "Plan Width": 16}]}]}, {"Node Type": "Index Scan", "Parent Relationship": "Inner", "Scan Direction": "Forward", "Index Name": "title_pkey", "Relation Name": "title", "Alias": "t2", "Startup Cost": 0.0, "Total Cost": 4.3, "Plan Rows": 1, "Plan Width": 21, "Index Cond": "(id = ml.linked_movie_id)"}]}]}, "Unique SQL Id": 524435555, "Planner Runtime": 2}, "explain_analyze_plan": {"Plan": {"Node Type": "Aggregate", "Strategy": "Plain", "Startup Cost": 3302.27, "Total Cost": 3302.28, "Plan Rows": 1, "Plan Width": 142, "Actual Startup Time": 40.351, "Actual Total Time": 40.351, "Actual Rows": 1, "Actual Loops": 1, "Plans": [{"Node Type": "Nested Loop", "Parent Relationship": "Outer", "Join Type": "Inner", "Startup Cost": 0.0, "Total Cost": 3301.12, "Plan Rows": 154, "Plan Width": 46, "Actual Startup Time": 40.346, "Actual Total Time": 40.346, "Actual Rows": 0, "Actual Loops": 1, "Inner Unique": true, "Plans": [{"Node Type": "Nested Loop", "Parent Relationship": "Outer", "Join Type": "Inner", "Startup Cost": 0.0, "Total Cost": 2637.54, "Plan Rows": 154, "Plan Width": 33, "Actual Startup Time": 40.345, "Actual Total Time": 40.345, "Actual Rows": 0, "Actual Loops": 1, "Inner Unique": true, "Join Filter": "(ml.link_type_id = lt.id)", "Rows Removed by Join Filter": 0, "Plans": [{"Node Type": "Nested Loop", "Parent Relationship": "Outer", "Join Type": "Inner", "Startup Cost": 0.0, "Total Cost": 2597.06, "Plan Rows": 154, "Plan Width": 25, "Actual Startup Time": 40.345, "Actual Total Time": 40.345, "Actual Rows": 0, "Actual Loops": 1, "Inner Unique": false, "Plans": [{"Node Type": "Nested Loop", "Parent Relationship": "Outer", "Join Type": "Inner", "Startup Cost": 0.0, "Total Cost": 2583.84, "Plan Rows": 33, "Plan Width": 25, "Actual Startup Time": 39.48, "Actual Total Time": 40.34, "Actual Rows": 1, "Actual Loops": 1, "Inner Unique": true, "Plans": [{"Node Type": "Nested Loop", "Parent Relationship": "Outer", "Join Type": "Inner", "Startup Cost": 0.0, "Total Cost": 2573.32, "Plan Rows": 33, "Plan Width": 4, "Actual Startup Time": 39.47, "Actual Total Time": 40.33, "Actual Rows": 1, "Actual Loops": 1, "Inner Unique": false, "Plans": [{"Node Type": "Seq Scan", "Parent Relationship": "Outer", "Relation Name": "keyword", "Alias": "k", "Startup Cost": 0.0, "Total Cost": 2436.11, "Plan Rows": 1, "Plan Width": 4, "Actual Startup Time": 39.452, "Actual Total Time": 40.311, "Actual Rows": 1, "Actual Loops": 1, "Filter": "((keyword)::text = '10,000-mile-club'::text)", "Rows Removed by Filter": 134168}, {"Node Type": "Index Scan", "Parent Relationship": "Inner", "Scan Direction": "Forward", "Index Name": "keyword_id_movie_keyword", "Relation Name": "movie_keyword", "Alias": "mk", "Startup Cost": 0.0, "Total Cost": 136.88, "Plan Rows": 33, "Plan Width": 8, "Actual Startup Time": 0.013, "Actual Total Time": 0.014, "Actual Rows": 1, "Actual Loops": 1, "Index Cond": "(keyword_id = k.id)", "Rows Removed by Index Recheck": 0}]}, {"Node Type": "Index Scan", "Parent Relationship": "Inner", "Scan Direction": "Forward", "Index Name": "title_pkey", "Relation Name": "title", "Alias": "t1", "Startup Cost": 0.0, "Total Cost": 0.31, "Plan Rows": 1, "Plan Width": 21, "Actual Startup Time": 0.008, "Actual Total Time": 0.008, "Actual Rows": 1, "Actual Loops": 1, "Index Cond": "(id = mk.movie_id)", "Rows Removed by Index Recheck": 0}]}, {"Node Type": "Index Scan", "Parent Relationship": "Inner", "Scan Direction": "Forward", "Index Name": "movie_id_movie_link", "Relation Name": "movie_link", "Alias": "ml", "Startup Cost": 0.0, "Total Cost": 0.35, "Plan Rows": 5, "Plan Width": 12, "Actual Startup Time": 0.004, "Actual Total Time": 0.004, "Actual Rows": 0, "Actual Loops": 1, "Index Cond": "(movie_id = t1.id)", "Rows Removed by Index Recheck": 0}]}, {"Node Type": "Materialize", "Parent Relationship": "Inner", "Startup Cost": 0.0, "Total Cost": 1.25, "Plan Rows": 17, "Plan Width": 16, "Actual Startup Time": 0.0, "Actual Total Time": 0.0, "Plans": [{"Node Type": "Seq Scan", "Parent Relationship": "Outer", "Relation Name": "link_type", "Alias": "lt", "Startup Cost": 0.0, "Total Cost": 1.17, "Plan Rows": 17, "Plan Width": 16, "Actual Startup Time": 0.0, "Actual Total Time": 0.0}]}]}, {"Node Type": "Index Scan", "Parent Relationship": "Inner", "Scan Direction": "Forward", "Index Name": "title_pkey", "Relation Name": "title", "Alias": "t2", "Startup Cost": 0.0, "Total Cost": 4.3, "Plan Rows": 1, "Plan Width": 21, "Actual Startup Time": 0.0, "Actual Total Time": 0.0, "Index Cond": "(id = ml.linked_movie_id)", "Rows Removed by Index Recheck": 0}]}]}, "Triggers": [], "Planner Runtime": 2, "Total Runtime": 40.551, "Unique SQL Id": 524435555}}, "(64, 57)": {"explain_plan": {"Plan": {"Node Type": "Aggregate", "Strategy": "Plain", "Startup Cost": 4051.57, "Total Cost": 4051.58, "Plan Rows": 1, "Plan Width": 142, "Plans": [{"Node Type": "Nested Loop", "Parent Relationship": "Outer", "Join Type": "Inner", "Startup Cost": 0.0, "Total Cost": 4050.42, "Plan Rows": 154, "Plan Width": 46, "Inner Unique": true, "Plans": [{"Node Type": "Nested Loop", "Parent Relationship": "Outer", "Join Type": "Inner", "Startup Cost": 0.0, "Total Cost": 3386.84, "Plan Rows": 154, "Plan Width": 33, "Inner Unique": true, "Plans": [{"Node Type": "Nested Loop", "Parent Relationship": "Outer", "Join Type": "Inner", "Startup Cost": 0.0, "Total Cost": 3343.66, "Plan Rows": 154, "Plan Width": 25, "Inner Unique": false, "Plans": [{"Node Type": "Nested Loop", "Parent Relationship": "Outer", "Join Type": "Inner", "Startup Cost": 0.0, "Total Cost": 3330.45, "Plan Rows": 33, "Plan Width": 25, "Inner Unique": true, "Plans": [{"Node Type": "Nested Loop", "Parent Relationship": "Outer", "Join Type": "Inner", "Startup Cost": 0.0, "Total Cost": 3319.92, "Plan Rows": 33, "Plan Width": 4, "Inner Unique": false, "Plans": [{"Node Type": "Index Scan", "Parent Relationship": "Outer", "Scan Direction": "Forward", "Index Name": "keyword_pkey", "Relation Name": "keyword", "Alias": "k", "Startup Cost": 0.0, "Total Cost": 3182.72, "Plan Rows": 1, "Plan Width": 4, "Filter": "((keyword)::text = '10,000-mile-club'::text)"}, {"Node Type": "Index Scan", "Parent Relationship": "Inner", "Scan Direction": "Forward", "Index Name": "keyword_id_movie_keyword", "Relation Name": "movie_keyword", "Alias": "mk", "Startup Cost": 0.0, "Total Cost": 136.88, "Plan Rows": 33, "Plan Width": 8, "Index Cond": "(keyword_id = k.id)"}]}, {"Node Type": "Index Scan", "Parent Relationship": "Inner", "Scan Direction": "Forward", "Index Name": "title_pkey", "Relation Name": "title", "Alias": "t1", "Startup Cost": 0.0, "Total Cost": 0.31, "Plan Rows": 1, "Plan Width": 21, "Index Cond": "(id = mk.movie_id)"}]}, {"Node Type": "Index Scan", "Parent Relationship": "Inner", "Scan Direction": "Forward", "Index Name": "movie_id_movie_link", "Relation Name": "movie_link", "Alias": "ml", "Startup Cost": 0.0, "Total Cost": 0.35, "Plan Rows": 5, "Plan Width": 12, "Index Cond": "(movie_id = t1.id)"}]}, {"Node Type": "Index Scan", "Parent Relationship": "Inner", "Scan Direction": "Forward", "Index Name": "link_type_pkey", "Relation Name": "link_type", "Alias": "lt", "Startup Cost": 0.0, "Total Cost": 0.27, "Plan Rows": 1, "Plan Width": 16, "Index Cond": "(id = ml.link_type_id)"}]}, {"Node Type": "Index Scan", "Parent Relationship": "Inner", "Scan Direction": "Forward", "Index Name": "title_pkey", "Relation Name": "title", "Alias": "t2", "Startup Cost": 0.0, "Total Cost": 4.3, "Plan Rows": 1, "Plan Width": 21, "Index Cond": "(id = ml.linked_movie_id)"}]}]}, "Unique SQL Id": 524435555, "Planner Runtime": 2}, "explain_analyze_plan": {"Plan": {"Node Type": "Aggregate", "Strategy": "Plain", "Startup Cost": 4051.57, "Total Cost": 4051.58, "Plan Rows": 1, "Plan Width": 142, "Actual Startup Time": 112.659, "Actual Total Time": 112.659, "Actual Rows": 1, "Actual Loops": 1, "Plans": [{"Node Type": "Nested Loop", "Parent Relationship": "Outer", "Join Type": "Inner", "Startup Cost": 0.0, "Total Cost": 4050.42, "Plan Rows": 154, "Plan Width": 46, "Actual Startup Time": 112.653, "Actual Total Time": 112.653, "Actual Rows": 0, "Actual Loops": 1, "Inner Unique": true, "Plans": [{"Node Type": "Nested Loop", "Parent Relationship": "Outer", "Join Type": "Inner", "Startup Cost": 0.0, "Total Cost": 3386.84, "Plan Rows": 154, "Plan Width": 33, "Actual Startup Time": 112.653, "Actual Total Time": 112.653, "Actual Rows": 0, "Actual Loops": 1, "Inner Unique": true, "Plans": [{"Node Type": "Nested Loop", "Parent Relationship": "Outer", "Join Type": "Inner", "Startup Cost": 0.0, "Total Cost": 3343.66, "Plan Rows": 154, "Plan Width": 25, "Actual Startup Time": 112.652, "Actual Total Time": 112.652, "Actual Rows": 0, "Actual Loops": 1, "Inner Unique": false, "Plans": [{"Node Type": "Nested Loop", "Parent Relationship": "Outer", "Join Type": "Inner", "Startup Cost": 0.0, "Total Cost": 3330.45, "Plan Rows": 33, "Plan Width": 25, "Actual Startup Time": 110.792, "Actual Total Time": 112.645, "Actual Rows": 1, "Actual Loops": 1, "Inner Unique": true, "Plans": [{"Node Type": "Nested Loop", "Parent Relationship": "Outer", "Join Type": "Inner", "Startup Cost": 0.0, "Total Cost": 3319.92, "Plan Rows": 33, "Plan Width": 4, "Actual Startup Time": 110.781, "Actual Total Time": 112.634, "Actual Rows": 1, "Actual Loops": 1, "Inner Unique": false, "Plans": [{"Node Type": "Index Scan", "Parent Relationship": "Outer", "Scan Direction": "Forward", "Index Name": "keyword_pkey", "Relation Name": "keyword", "Alias": "k", "Startup Cost": 0.0, "Total Cost": 3182.72, "Plan Rows": 1, "Plan Width": 4, "Actual Startup Time": 110.759, "Actual Total Time": 112.61, "Actual Rows": 1, "Actual Loops": 1, "Filter": "((keyword)::text = '10,000-mile-club'::text)", "Rows Removed by Filter": 134168}, {"Node Type": "Index Scan", "Parent Relationship": "Inner", "Scan Direction": "Forward", "Index Name": "keyword_id_movie_keyword", "Relation Name": "movie_keyword", "Alias": "mk", "Startup Cost": 0.0, "Total Cost": 136.88, "Plan Rows": 33, "Plan Width": 8, "Actual Startup Time": 0.014, "Actual Total Time": 0.015, "Actual Rows": 1, "Actual Loops": 1, "Index Cond": "(keyword_id = k.id)", "Rows Removed by Index Recheck": 0}]}, {"Node Type": "Index Scan", "Parent Relationship": "Inner", "Scan Direction": "Forward", "Index Name": "title_pkey", "Relation Name": "title", "Alias": "t1", "Startup Cost": 0.0, "Total Cost": 0.31, "Plan Rows": 1, "Plan Width": 21, "Actual Startup Time": 0.009, "Actual Total Time": 0.009, "Actual Rows": 1, "Actual Loops": 1, "Index Cond": "(id = mk.movie_id)", "Rows Removed by Index Recheck": 0}]}, {"Node Type": "Index Scan", "Parent Relationship": "Inner", "Scan Direction": "Forward", "Index Name": "movie_id_movie_link", "Relation Name": "movie_link", "Alias": "ml", "Startup Cost": 0.0, "Total Cost": 0.35, "Plan Rows": 5, "Plan Width": 12, "Actual Startup Time": 0.003, "Actual Total Time": 0.003, "Actual Rows": 0, "Actual Loops": 1, "Index Cond": "(movie_id = t1.id)", "Rows Removed by Index Recheck": 0}]}, {"Node Type": "Index Scan", "Parent Relationship": "Inner", "Scan Direction": "Forward", "Index Name": "link_type_pkey", "Relation Name": "link_type", "Alias": "lt", "Startup Cost": 0.0, "Total Cost": 0.27, "Plan Rows": 1, "Plan Width": 16, "Actual Startup Time": 0.0, "Actual Total Time": 0.0, "Index Cond": "(id = ml.link_type_id)", "Rows Removed by Index Recheck": 0}]}, {"Node Type": "Index Scan", "Parent Relationship": "Inner", "Scan Direction": "Forward", "Index Name": "title_pkey", "Relation Name": "title", "Alias": "t2", "Startup Cost": 0.0, "Total Cost": 4.3, "Plan Rows": 1, "Plan Width": 21, "Actual Startup Time": 0.0, "Actual Total Time": 0.0, "Index Cond": "(id = ml.linked_movie_id)", "Rows Removed by Index Recheck": 0}]}]}, "Triggers": [], "Planner Runtime": 2, "Total Runtime": 112.875, "Unique SQL Id": 524435555}}, "(64, 58)": {"explain_plan": {"Plan": {"Node Type": "Aggregate", "Strategy": "Plain", "Startup Cost": 7348798.26, "Total Cost": 7348798.27, "Plan Rows": 1, "Plan Width": 142, "Plans": [{"Node Type": "Nested Loop", "Parent Relationship": "Outer", "Join Type": "Inner", "Startup Cost": 0.0, "Total Cost": 7348797.1, "Plan Rows": 154, "Plan Width": 46, "Inner Unique": false, "Join Filter": "(ml.linked_movie_id = t2.id)", "Plans": [{"Node Type": "Seq Scan", "Parent Relationship": "Outer", "Relation Name": "title", "Alias": "t2", "Startup Cost": 0.0, "Total Cost": 60069.11, "Plan Rows": 2528311, "Plan Width": 21}, {"Node Type": "Materialize", "Parent Relationship": "Inner", "Startup Cost": 0.0, "Total Cost": 1448329.97, "Plan Rows": 154, "Plan Width": 33, "Plans": [{"Node Type": "Nested Loop", "Parent Relationship": "Outer", "Join Type": "Inner", "Startup Cost": 0.0, "Total Cost": 1448329.2, "Plan Rows": 154, "Plan Width": 33, "Inner Unique": true, "Join Filter": "(ml.link_type_id = lt.id)", "Plans": [{"Node Type": "Nested Loop", "Parent Relationship": "Outer", "Join Type": "Inner", "Startup Cost": 0.0, "Total Cost": 1448288.72, "Plan Rows": 154, "Plan Width": 25, "Inner Unique": false, "Join Filter": "(t1.id = ml.movie_id)", "Plans": [{"Node Type": "Seq Scan", "Parent Relationship": "Outer", "Relation Name": "movie_link", "Alias": "ml", "Startup Cost": 0.0, "Total Cost": 430.96, "Plan Rows": 29996, "Plan Width": 12}, {"Node Type": "Materialize", "Parent Relationship": "Inner", "Startup Cost": 0.0, "Total Cost": 1433009.82, "Plan Rows": 33, "Plan Width": 25, "Plans": [{"Node Type": "Nested Loop", "Parent Relationship": "Outer", "Join Type": "Inner", "Startup Cost": 0.0, "Total Cost": 1433009.65, "Plan Rows": 33, "Plan Width": 25, "Inner Unique": false, "Join Filter": "(mk.movie_id = t1.id)", "Plans": [{"Node Type": "Seq Scan", "Parent Relationship": "Outer", "Relation Name": "title", "Alias": "t1", "Startup Cost": 0.0, "Total Cost": 60069.11, "Plan Rows": 2528311, "Plan Width": 21}, {"Node Type": "Materialize", "Parent Relationship": "Inner", "Startup Cost": 0.0, "Total Cost": 121426.68, "Plan Rows": 33, "Plan Width": 4, "Plans": [{"Node Type": "Nested Loop", "Parent Relationship": "Outer", "Join Type": "Inner", "Startup Cost": 0.0, "Total Cost": 121426.52, "Plan Rows": 33, "Plan Width": 4, "Inner Unique": false, "Join Filter": "(k.id = mk.keyword_id)", "Plans": [{"Node Type": "Seq Scan", "Parent Relationship": "Outer", "Relation Name": "keyword", "Alias": "k", "Startup Cost": 0.0, "Total Cost": 2436.11, "Plan Rows": 1, "Plan Width": 4, "Filter": "((keyword)::text = '10,000-mile-club'::text)"}, {"Node Type": "Seq Scan", "Parent Relationship": "Inner", "Relation Name": "movie_keyword", "Alias": "mk", "Startup Cost": 0.0, "Total Cost": 62441.29, "Plan Rows": 4523929, "Plan Width": 8}]}]}]}]}]}, {"Node Type": "Materialize", "Parent Relationship": "Inner", "Startup Cost": 0.0, "Total Cost": 1.25, "Plan Rows": 17, "Plan Width": 16, "Plans": [{"Node Type": "Seq Scan", "Parent Relationship": "Outer", "Relation Name": "link_type", "Alias": "lt", "Startup Cost": 0.0, "Total Cost": 1.17, "Plan Rows": 17, "Plan Width": 16}]}]}]}]}]}, "Unique SQL Id": 524435555, "Planner Runtime": 2}, "explain_analyze_plan": null}, "(64, 59)": {"explain_plan": {"Plan": {"Node Type": "Aggregate", "Strategy": "Plain", "Startup Cost": 6000044963492.68, "Total Cost": 6000044963492.69, "Plan Rows": 1, "Plan Width": 142, "Plans": [{"Node Type": "Nested Loop", "Parent Relationship": "Outer", "Join Type": "Inner", "Startup Cost": 60000000000.0, "Total Cost": 6000044963491.52, "Plan Rows": 154, "Plan Width": 46, "Inner Unique": false, "Join Filter": "(ml.linked_movie_id = t2.id)", "Plans": [{"Node Type": "Index Scan", "Parent Relationship": "Outer", "Scan Direction": "Forward", "Index Name": "title_pkey", "Relation Name": "title", "Alias": "t2", "Startup Cost": 10000000000.0, "Total Cost": 1000011012048.91, "Plan Rows": 2528311, "Plan Width": 21}, {"Node Type": "Materialize", "Parent Relationship": "Inner", "Startup Cost": 50000000000.0, "Total Cost": 5000028111044.58, "Plan Rows": 154, "Plan Width": 33, "Plans": [{"Node Type": "Nested Loop", "Parent Relationship": "Outer", "Join Type": "Inner", "Startup Cost": 50000000000.0, "Total Cost": 5000028111043.81, "Plan Rows": 154, "Plan Width": 33, "Inner Unique": true, "Join Filter": "(ml.link_type_id = lt.id)", "Plans": [{"Node Type": "Nested Loop", "Parent Relationship": "Outer", "Join Type": "Inner", "Startup Cost": 40000000000.0, "Total Cost": 4000028109754.0, "Plan Rows": 154, "Plan Width": 25, "Inner Unique": false, "Join Filter": "(t1.id = ml.movie_id)", "Plans": [{"Node Type": "Index Scan", "Parent Relationship": "Outer", "Scan Direction": "Forward", "Index Name": "linked_movie_id_movie_link", "Relation Name": "movie_link", "Alias": "ml", "Startup Cost": 10000000000.0, "Total Cost": 1000000144578.17, "Plan Rows": 29996, "Plan Width": 12}, {"Node Type": "Materialize", "Parent Relationship": "Inner", "Startup Cost": 30000000000.0, "Total Cost": 3000027950327.9, "Plan Rows": 33, "Plan Width": 25, "Plans": [{"Node Type": "Nested Loop", "Parent Relationship": "Outer", "Join Type": "Inner", "Startup Cost": 30000000000.0, "Total Cost": 3000027950327.73, "Plan Rows": 33, "Plan Width": 25, "Inner Unique": false, "Join Filter": "(mk.movie_id = t1.id)", "Plans": [{"Node Type": "Index Scan", "Parent Relationship": "Outer", "Scan Direction": "Forward", "Index Name": "title_pkey", "Relation Name": "title", "Alias": "t1", "Startup Cost": 10000000000.0, "Total Cost": 1000011012048.91, "Plan Rows": 2528311, "Plan Width": 21}, {"Node Type": "Materialize", "Parent Relationship": "Inner", "Startup Cost": 20000000000.0, "Total Cost": 2000015686764.96, "Plan Rows": 33, "Plan Width": 4, "Plans": [{"Node Type": "Nested Loop", "Parent Relationship": "Outer", "Join Type": "Inner", "Startup Cost": 20000000000.0, "Total Cost": 2000015686764.79, "Plan Rows": 33, "Plan Width": 4, "Inner Unique": true, "Join Filter": "(k.id = mk.keyword_id)", "Plans": [{"Node Type": "Index Scan", "Parent Relationship": "Outer", "Scan Direction": "Forward", "Index Name": "movie_id_movie_keyword", "Relation Name": "movie_keyword", "Alias": "mk", "Startup Cost": 10000000000.0, "Total Cost": 1000015300634.17, "Plan Rows": 4523929, "Plan Width": 8}, {"Node Type": "Materialize", "Parent Relationship": "Inner", "Startup Cost": 10000000000.0, "Total Cost": 1000000318271.69, "Plan Rows": 1, "Plan Width": 4, "Plans": [{"Node Type": "Index Scan", "Parent Relationship": "Outer", "Scan Direction": "Forward", "Index Name": "keyword_pkey", "Relation Name": "keyword", "Alias": "k", "Startup Cost": 10000000000.0, "Total Cost": 1000000318271.68, "Plan Rows": 1, "Plan Width": 4, "Filter": "((keyword)::text = '10,000-mile-club'::text)"}]}]}]}]}]}]}, {"Node Type": "Materialize", "Parent Relationship": "Inner", "Startup Cost": 10000000000.0, "Total Cost": 1000000001250.58, "Plan Rows": 17, "Plan Width": 16, "Plans": [{"Node Type": "Index Scan", "Parent Relationship": "Outer", "Scan Direction": "Forward", "Index Name": "link_type_pkey", "Relation Name": "link_type", "Alias": "lt", "Startup Cost": 10000000000.0, "Total Cost": 1000000001250.5, "Plan Rows": 17, "Plan Width": 16}]}]}]}]}]}, "Unique SQL Id": 524435555, "Planner Runtime": 2}, "explain_analyze_plan": null}, "(64, 60)": {"explain_plan": {"Plan": {"Node Type": "Aggregate", "Strategy": "Plain", "Startup Cost": 3302.27, "Total Cost": 3302.28, "Plan Rows": 1, "Plan Width": 142, "Plans": [{"Node Type": "Nested Loop", "Parent Relationship": "Outer", "Join Type": "Inner", "Startup Cost": 0.0, "Total Cost": 3301.12, "Plan Rows": 154, "Plan Width": 46, "Inner Unique": true, "Plans": [{"Node Type": "Nested Loop", "Parent Relationship": "Outer", "Join Type": "Inner", "Startup Cost": 0.0, "Total Cost": 2637.54, "Plan Rows": 154, "Plan Width": 33, "Inner Unique": true, "Join Filter": "(ml.link_type_id = lt.id)", "Plans": [{"Node Type": "Nested Loop", "Parent Relationship": "Outer", "Join Type": "Inner", "Startup Cost": 0.0, "Total Cost": 2597.06, "Plan Rows": 154, "Plan Width": 25, "Inner Unique": false, "Plans": [{"Node Type": "Nested Loop", "Parent Relationship": "Outer", "Join Type": "Inner", "Startup Cost": 0.0, "Total Cost": 2583.84, "Plan Rows": 33, "Plan Width": 25, "Inner Unique": true, "Plans": [{"Node Type": "Nested Loop", "Parent Relationship": "Outer", "Join Type": "Inner", "Startup Cost": 0.0, "Total Cost": 2573.32, "Plan Rows": 33, "Plan Width": 4, "Inner Unique": false, "Plans": [{"Node Type": "Seq Scan", "Parent Relationship": "Outer", "Relation Name": "keyword", "Alias": "k", "Startup Cost": 0.0, "Total Cost": 2436.11, "Plan Rows": 1, "Plan Width": 4, "Filter": "((keyword)::text = '10,000-mile-club'::text)"}, {"Node Type": "Index Scan", "Parent Relationship": "Inner", "Scan Direction": "Forward", "Index Name": "keyword_id_movie_keyword", "Relation Name": "movie_keyword", "Alias": "mk", "Startup Cost": 0.0, "Total Cost": 136.88, "Plan Rows": 33, "Plan Width": 8, "Index Cond": "(keyword_id = k.id)"}]}, {"Node Type": "Index Scan", "Parent Relationship": "Inner", "Scan Direction": "Forward", "Index Name": "title_pkey", "Relation Name": "title", "Alias": "t1", "Startup Cost": 0.0, "Total Cost": 0.31, "Plan Rows": 1, "Plan Width": 21, "Index Cond": "(id = mk.movie_id)"}]}, {"Node Type": "Index Scan", "Parent Relationship": "Inner", "Scan Direction": "Forward", "Index Name": "movie_id_movie_link", "Relation Name": "movie_link", "Alias": "ml", "Startup Cost": 0.0, "Total Cost": 0.35, "Plan Rows": 5, "Plan Width": 12, "Index Cond": "(movie_id = t1.id)"}]}, {"Node Type": "Materialize", "Parent Relationship": "Inner", "Startup Cost": 0.0, "Total Cost": 1.25, "Plan Rows": 17, "Plan Width": 16, "Plans": [{"Node Type": "Seq Scan", "Parent Relationship": "Outer", "Relation Name": "link_type", "Alias": "lt", "Startup Cost": 0.0, "Total Cost": 1.17, "Plan Rows": 17, "Plan Width": 16}]}]}, {"Node Type": "Index Scan", "Parent Relationship": "Inner", "Scan Direction": "Forward", "Index Name": "title_pkey", "Relation Name": "title", "Alias": "t2", "Startup Cost": 0.0, "Total Cost": 4.3, "Plan Rows": 1, "Plan Width": 21, "Index Cond": "(id = ml.linked_movie_id)"}]}]}, "Unique SQL Id": 524435555, "Planner Runtime": 2}, "explain_analyze_plan": {"Plan": {"Node Type": "Aggregate", "Strategy": "Plain", "Startup Cost": 3302.27, "Total Cost": 3302.28, "Plan Rows": 1, "Plan Width": 142, "Actual Startup Time": 40.351, "Actual Total Time": 40.351, "Actual Rows": 1, "Actual Loops": 1, "Plans": [{"Node Type": "Nested Loop", "Parent Relationship": "Outer", "Join Type": "Inner", "Startup Cost": 0.0, "Total Cost": 3301.12, "Plan Rows": 154, "Plan Width": 46, "Actual Startup Time": 40.346, "Actual Total Time": 40.346, "Actual Rows": 0, "Actual Loops": 1, "Inner Unique": true, "Plans": [{"Node Type": "Nested Loop", "Parent Relationship": "Outer", "Join Type": "Inner", "Startup Cost": 0.0, "Total Cost": 2637.54, "Plan Rows": 154, "Plan Width": 33, "Actual Startup Time": 40.345, "Actual Total Time": 40.345, "Actual Rows": 0, "Actual Loops": 1, "Inner Unique": true, "Join Filter": "(ml.link_type_id = lt.id)", "Rows Removed by Join Filter": 0, "Plans": [{"Node Type": "Nested Loop", "Parent Relationship": "Outer", "Join Type": "Inner", "Startup Cost": 0.0, "Total Cost": 2597.06, "Plan Rows": 154, "Plan Width": 25, "Actual Startup Time": 40.345, "Actual Total Time": 40.345, "Actual Rows": 0, "Actual Loops": 1, "Inner Unique": false, "Plans": [{"Node Type": "Nested Loop", "Parent Relationship": "Outer", "Join Type": "Inner", "Startup Cost": 0.0, "Total Cost": 2583.84, "Plan Rows": 33, "Plan Width": 25, "Actual Startup Time": 39.48, "Actual Total Time": 40.34, "Actual Rows": 1, "Actual Loops": 1, "Inner Unique": true, "Plans": [{"Node Type": "Nested Loop", "Parent Relationship": "Outer", "Join Type": "Inner", "Startup Cost": 0.0, "Total Cost": 2573.32, "Plan Rows": 33, "Plan Width": 4, "Actual Startup Time": 39.47, "Actual Total Time": 40.33, "Actual Rows": 1, "Actual Loops": 1, "Inner Unique": false, "Plans": [{"Node Type": "Seq Scan", "Parent Relationship": "Outer", "Relation Name": "keyword", "Alias": "k", "Startup Cost": 0.0, "Total Cost": 2436.11, "Plan Rows": 1, "Plan Width": 4, "Actual Startup Time": 39.452, "Actual Total Time": 40.311, "Actual Rows": 1, "Actual Loops": 1, "Filter": "((keyword)::text = '10,000-mile-club'::text)", "Rows Removed by Filter": 134168}, {"Node Type": "Index Scan", "Parent Relationship": "Inner", "Scan Direction": "Forward", "Index Name": "keyword_id_movie_keyword", "Relation Name": "movie_keyword", "Alias": "mk", "Startup Cost": 0.0, "Total Cost": 136.88, "Plan Rows": 33, "Plan Width": 8, "Actual Startup Time": 0.013, "Actual Total Time": 0.014, "Actual Rows": 1, "Actual Loops": 1, "Index Cond": "(keyword_id = k.id)", "Rows Removed by Index Recheck": 0}]}, {"Node Type": "Index Scan", "Parent Relationship": "Inner", "Scan Direction": "Forward", "Index Name": "title_pkey", "Relation Name": "title", "Alias": "t1", "Startup Cost": 0.0, "Total Cost": 0.31, "Plan Rows": 1, "Plan Width": 21, "Actual Startup Time": 0.008, "Actual Total Time": 0.008, "Actual Rows": 1, "Actual Loops": 1, "Index Cond": "(id = mk.movie_id)", "Rows Removed by Index Recheck": 0}]}, {"Node Type": "Index Scan", "Parent Relationship": "Inner", "Scan Direction": "Forward", "Index Name": "movie_id_movie_link", "Relation Name": "movie_link", "Alias": "ml", "Startup Cost": 0.0, "Total Cost": 0.35, "Plan Rows": 5, "Plan Width": 12, "Actual Startup Time": 0.004, "Actual Total Time": 0.004, "Actual Rows": 0, "Actual Loops": 1, "Index Cond": "(movie_id = t1.id)", "Rows Removed by Index Recheck": 0}]}, {"Node Type": "Materialize", "Parent Relationship": "Inner", "Startup Cost": 0.0, "Total Cost": 1.25, "Plan Rows": 17, "Plan Width": 16, "Actual Startup Time": 0.0, "Actual Total Time": 0.0, "Plans": [{"Node Type": "Seq Scan", "Parent Relationship": "Outer", "Relation Name": "link_type", "Alias": "lt", "Startup Cost": 0.0, "Total Cost": 1.17, "Plan Rows": 17, "Plan Width": 16, "Actual Startup Time": 0.0, "Actual Total Time": 0.0}]}]}, {"Node Type": "Index Scan", "Parent Relationship": "Inner", "Scan Direction": "Forward", "Index Name": "title_pkey", "Relation Name": "title", "Alias": "t2", "Startup Cost": 0.0, "Total Cost": 4.3, "Plan Rows": 1, "Plan Width": 21, "Actual Startup Time": 0.0, "Actual Total Time": 0.0, "Index Cond": "(id = ml.linked_movie_id)", "Rows Removed by Index Recheck": 0}]}]}, "Triggers": [], "Planner Runtime": 2, "Total Runtime": 40.551, "Unique SQL Id": 524435555}}, "(64, 61)": {"explain_plan": {"Plan": {"Node Type": "Aggregate", "Strategy": "Plain", "Startup Cost": 4051.57, "Total Cost": 4051.58, "Plan Rows": 1, "Plan Width": 142, "Plans": [{"Node Type": "Nested Loop", "Parent Relationship": "Outer", "Join Type": "Inner", "Startup Cost": 0.0, "Total Cost": 4050.42, "Plan Rows": 154, "Plan Width": 46, "Inner Unique": true, "Plans": [{"Node Type": "Nested Loop", "Parent Relationship": "Outer", "Join Type": "Inner", "Startup Cost": 0.0, "Total Cost": 3386.84, "Plan Rows": 154, "Plan Width": 33, "Inner Unique": true, "Plans": [{"Node Type": "Nested Loop", "Parent Relationship": "Outer", "Join Type": "Inner", "Startup Cost": 0.0, "Total Cost": 3343.66, "Plan Rows": 154, "Plan Width": 25, "Inner Unique": false, "Plans": [{"Node Type": "Nested Loop", "Parent Relationship": "Outer", "Join Type": "Inner", "Startup Cost": 0.0, "Total Cost": 3330.45, "Plan Rows": 33, "Plan Width": 25, "Inner Unique": true, "Plans": [{"Node Type": "Nested Loop", "Parent Relationship": "Outer", "Join Type": "Inner", "Startup Cost": 0.0, "Total Cost": 3319.92, "Plan Rows": 33, "Plan Width": 4, "Inner Unique": false, "Plans": [{"Node Type": "Index Scan", "Parent Relationship": "Outer", "Scan Direction": "Forward", "Index Name": "keyword_pkey", "Relation Name": "keyword", "Alias": "k", "Startup Cost": 0.0, "Total Cost": 3182.72, "Plan Rows": 1, "Plan Width": 4, "Filter": "((keyword)::text = '10,000-mile-club'::text)"}, {"Node Type": "Index Scan", "Parent Relationship": "Inner", "Scan Direction": "Forward", "Index Name": "keyword_id_movie_keyword", "Relation Name": "movie_keyword", "Alias": "mk", "Startup Cost": 0.0, "Total Cost": 136.88, "Plan Rows": 33, "Plan Width": 8, "Index Cond": "(keyword_id = k.id)"}]}, {"Node Type": "Index Scan", "Parent Relationship": "Inner", "Scan Direction": "Forward", "Index Name": "title_pkey", "Relation Name": "title", "Alias": "t1", "Startup Cost": 0.0, "Total Cost": 0.31, "Plan Rows": 1, "Plan Width": 21, "Index Cond": "(id = mk.movie_id)"}]}, {"Node Type": "Index Scan", "Parent Relationship": "Inner", "Scan Direction": "Forward", "Index Name": "movie_id_movie_link", "Relation Name": "movie_link", "Alias": "ml", "Startup Cost": 0.0, "Total Cost": 0.35, "Plan Rows": 5, "Plan Width": 12, "Index Cond": "(movie_id = t1.id)"}]}, {"Node Type": "Index Scan", "Parent Relationship": "Inner", "Scan Direction": "Forward", "Index Name": "link_type_pkey", "Relation Name": "link_type", "Alias": "lt", "Startup Cost": 0.0, "Total Cost": 0.27, "Plan Rows": 1, "Plan Width": 16, "Index Cond": "(id = ml.link_type_id)"}]}, {"Node Type": "Index Scan", "Parent Relationship": "Inner", "Scan Direction": "Forward", "Index Name": "title_pkey", "Relation Name": "title", "Alias": "t2", "Startup Cost": 0.0, "Total Cost": 4.3, "Plan Rows": 1, "Plan Width": 21, "Index Cond": "(id = ml.linked_movie_id)"}]}]}, "Unique SQL Id": 524435555, "Planner Runtime": 2}, "explain_analyze_plan": {"Plan": {"Node Type": "Aggregate", "Strategy": "Plain", "Startup Cost": 4051.57, "Total Cost": 4051.58, "Plan Rows": 1, "Plan Width": 142, "Actual Startup Time": 112.659, "Actual Total Time": 112.659, "Actual Rows": 1, "Actual Loops": 1, "Plans": [{"Node Type": "Nested Loop", "Parent Relationship": "Outer", "Join Type": "Inner", "Startup Cost": 0.0, "Total Cost": 4050.42, "Plan Rows": 154, "Plan Width": 46, "Actual Startup Time": 112.653, "Actual Total Time": 112.653, "Actual Rows": 0, "Actual Loops": 1, "Inner Unique": true, "Plans": [{"Node Type": "Nested Loop", "Parent Relationship": "Outer", "Join Type": "Inner", "Startup Cost": 0.0, "Total Cost": 3386.84, "Plan Rows": 154, "Plan Width": 33, "Actual Startup Time": 112.653, "Actual Total Time": 112.653, "Actual Rows": 0, "Actual Loops": 1, "Inner Unique": true, "Plans": [{"Node Type": "Nested Loop", "Parent Relationship": "Outer", "Join Type": "Inner", "Startup Cost": 0.0, "Total Cost": 3343.66, "Plan Rows": 154, "Plan Width": 25, "Actual Startup Time": 112.652, "Actual Total Time": 112.652, "Actual Rows": 0, "Actual Loops": 1, "Inner Unique": false, "Plans": [{"Node Type": "Nested Loop", "Parent Relationship": "Outer", "Join Type": "Inner", "Startup Cost": 0.0, "Total Cost": 3330.45, "Plan Rows": 33, "Plan Width": 25, "Actual Startup Time": 110.792, "Actual Total Time": 112.645, "Actual Rows": 1, "Actual Loops": 1, "Inner Unique": true, "Plans": [{"Node Type": "Nested Loop", "Parent Relationship": "Outer", "Join Type": "Inner", "Startup Cost": 0.0, "Total Cost": 3319.92, "Plan Rows": 33, "Plan Width": 4, "Actual Startup Time": 110.781, "Actual Total Time": 112.634, "Actual Rows": 1, "Actual Loops": 1, "Inner Unique": false, "Plans": [{"Node Type": "Index Scan", "Parent Relationship": "Outer", "Scan Direction": "Forward", "Index Name": "keyword_pkey", "Relation Name": "keyword", "Alias": "k", "Startup Cost": 0.0, "Total Cost": 3182.72, "Plan Rows": 1, "Plan Width": 4, "Actual Startup Time": 110.759, "Actual Total Time": 112.61, "Actual Rows": 1, "Actual Loops": 1, "Filter": "((keyword)::text = '10,000-mile-club'::text)", "Rows Removed by Filter": 134168}, {"Node Type": "Index Scan", "Parent Relationship": "Inner", "Scan Direction": "Forward", "Index Name": "keyword_id_movie_keyword", "Relation Name": "movie_keyword", "Alias": "mk", "Startup Cost": 0.0, "Total Cost": 136.88, "Plan Rows": 33, "Plan Width": 8, "Actual Startup Time": 0.014, "Actual Total Time": 0.015, "Actual Rows": 1, "Actual Loops": 1, "Index Cond": "(keyword_id = k.id)", "Rows Removed by Index Recheck": 0}]}, {"Node Type": "Index Scan", "Parent Relationship": "Inner", "Scan Direction": "Forward", "Index Name": "title_pkey", "Relation Name": "title", "Alias": "t1", "Startup Cost": 0.0, "Total Cost": 0.31, "Plan Rows": 1, "Plan Width": 21, "Actual Startup Time": 0.009, "Actual Total Time": 0.009, "Actual Rows": 1, "Actual Loops": 1, "Index Cond": "(id = mk.movie_id)", "Rows Removed by Index Recheck": 0}]}, {"Node Type": "Index Scan", "Parent Relationship": "Inner", "Scan Direction": "Forward", "Index Name": "movie_id_movie_link", "Relation Name": "movie_link", "Alias": "ml", "Startup Cost": 0.0, "Total Cost": 0.35, "Plan Rows": 5, "Plan Width": 12, "Actual Startup Time": 0.003, "Actual Total Time": 0.003, "Actual Rows": 0, "Actual Loops": 1, "Index Cond": "(movie_id = t1.id)", "Rows Removed by Index Recheck": 0}]}, {"Node Type": "Index Scan", "Parent Relationship": "Inner", "Scan Direction": "Forward", "Index Name": "link_type_pkey", "Relation Name": "link_type", "Alias": "lt", "Startup Cost": 0.0, "Total Cost": 0.27, "Plan Rows": 1, "Plan Width": 16, "Actual Startup Time": 0.0, "Actual Total Time": 0.0, "Index Cond": "(id = ml.link_type_id)", "Rows Removed by Index Recheck": 0}]}, {"Node Type": "Index Scan", "Parent Relationship": "Inner", "Scan Direction": "Forward", "Index Name": "title_pkey", "Relation Name": "title", "Alias": "t2", "Startup Cost": 0.0, "Total Cost": 4.3, "Plan Rows": 1, "Plan Width": 21, "Actual Startup Time": 0.0, "Actual Total Time": 0.0, "Index Cond": "(id = ml.linked_movie_id)", "Rows Removed by Index Recheck": 0}]}]}, "Triggers": [], "Planner Runtime": 2, "Total Runtime": 112.875, "Unique SQL Id": 524435555}}, "(64, 62)": {"explain_plan": {"Plan": {"Node Type": "Aggregate", "Strategy": "Plain", "Startup Cost": 7348798.26, "Total Cost": 7348798.27, "Plan Rows": 1, "Plan Width": 142, "Plans": [{"Node Type": "Nested Loop", "Parent Relationship": "Outer", "Join Type": "Inner", "Startup Cost": 0.0, "Total Cost": 7348797.1, "Plan Rows": 154, "Plan Width": 46, "Inner Unique": false, "Join Filter": "(ml.linked_movie_id = t2.id)", "Plans": [{"Node Type": "Seq Scan", "Parent Relationship": "Outer", "Relation Name": "title", "Alias": "t2", "Startup Cost": 0.0, "Total Cost": 60069.11, "Plan Rows": 2528311, "Plan Width": 21}, {"Node Type": "Materialize", "Parent Relationship": "Inner", "Startup Cost": 0.0, "Total Cost": 1448329.97, "Plan Rows": 154, "Plan Width": 33, "Plans": [{"Node Type": "Nested Loop", "Parent Relationship": "Outer", "Join Type": "Inner", "Startup Cost": 0.0, "Total Cost": 1448329.2, "Plan Rows": 154, "Plan Width": 33, "Inner Unique": true, "Join Filter": "(ml.link_type_id = lt.id)", "Plans": [{"Node Type": "Nested Loop", "Parent Relationship": "Outer", "Join Type": "Inner", "Startup Cost": 0.0, "Total Cost": 1448288.72, "Plan Rows": 154, "Plan Width": 25, "Inner Unique": false, "Join Filter": "(t1.id = ml.movie_id)", "Plans": [{"Node Type": "Seq Scan", "Parent Relationship": "Outer", "Relation Name": "movie_link", "Alias": "ml", "Startup Cost": 0.0, "Total Cost": 430.96, "Plan Rows": 29996, "Plan Width": 12}, {"Node Type": "Materialize", "Parent Relationship": "Inner", "Startup Cost": 0.0, "Total Cost": 1433009.82, "Plan Rows": 33, "Plan Width": 25, "Plans": [{"Node Type": "Nested Loop", "Parent Relationship": "Outer", "Join Type": "Inner", "Startup Cost": 0.0, "Total Cost": 1433009.65, "Plan Rows": 33, "Plan Width": 25, "Inner Unique": false, "Join Filter": "(mk.movie_id = t1.id)", "Plans": [{"Node Type": "Seq Scan", "Parent Relationship": "Outer", "Relation Name": "title", "Alias": "t1", "Startup Cost": 0.0, "Total Cost": 60069.11, "Plan Rows": 2528311, "Plan Width": 21}, {"Node Type": "Materialize", "Parent Relationship": "Inner", "Startup Cost": 0.0, "Total Cost": 121426.68, "Plan Rows": 33, "Plan Width": 4, "Plans": [{"Node Type": "Nested Loop", "Parent Relationship": "Outer", "Join Type": "Inner", "Startup Cost": 0.0, "Total Cost": 121426.52, "Plan Rows": 33, "Plan Width": 4, "Inner Unique": false, "Join Filter": "(k.id = mk.keyword_id)", "Plans": [{"Node Type": "Seq Scan", "Parent Relationship": "Outer", "Relation Name": "keyword", "Alias": "k", "Startup Cost": 0.0, "Total Cost": 2436.11, "Plan Rows": 1, "Plan Width": 4, "Filter": "((keyword)::text = '10,000-mile-club'::text)"}, {"Node Type": "Seq Scan", "Parent Relationship": "Inner", "Relation Name": "movie_keyword", "Alias": "mk", "Startup Cost": 0.0, "Total Cost": 62441.29, "Plan Rows": 4523929, "Plan Width": 8}]}]}]}]}]}, {"Node Type": "Materialize", "Parent Relationship": "Inner", "Startup Cost": 0.0, "Total Cost": 1.25, "Plan Rows": 17, "Plan Width": 16, "Plans": [{"Node Type": "Seq Scan", "Parent Relationship": "Outer", "Relation Name": "link_type", "Alias": "lt", "Startup Cost": 0.0, "Total Cost": 1.17, "Plan Rows": 17, "Plan Width": 16}]}]}]}]}]}, "Unique SQL Id": 524435555, "Planner Runtime": 2}, "explain_analyze_plan": null}, "(64, 63)": {"explain_plan": {"Plan": {"Node Type": "Aggregate", "Strategy": "Plain", "Startup Cost": 6000044963492.68, "Total Cost": 6000044963492.69, "Plan Rows": 1, "Plan Width": 142, "Plans": [{"Node Type": "Nested Loop", "Parent Relationship": "Outer", "Join Type": "Inner", "Startup Cost": 60000000000.0, "Total Cost": 6000044963491.52, "Plan Rows": 154, "Plan Width": 46, "Inner Unique": false, "Join Filter": "(ml.linked_movie_id = t2.id)", "Plans": [{"Node Type": "Index Scan", "Parent Relationship": "Outer", "Scan Direction": "Forward", "Index Name": "title_pkey", "Relation Name": "title", "Alias": "t2", "Startup Cost": 10000000000.0, "Total Cost": 1000011012048.91, "Plan Rows": 2528311, "Plan Width": 21}, {"Node Type": "Materialize", "Parent Relationship": "Inner", "Startup Cost": 50000000000.0, "Total Cost": 5000028111044.58, "Plan Rows": 154, "Plan Width": 33, "Plans": [{"Node Type": "Nested Loop", "Parent Relationship": "Outer", "Join Type": "Inner", "Startup Cost": 50000000000.0, "Total Cost": 5000028111043.81, "Plan Rows": 154, "Plan Width": 33, "Inner Unique": true, "Join Filter": "(ml.link_type_id = lt.id)", "Plans": [{"Node Type": "Nested Loop", "Parent Relationship": "Outer", "Join Type": "Inner", "Startup Cost": 40000000000.0, "Total Cost": 4000028109754.0, "Plan Rows": 154, "Plan Width": 25, "Inner Unique": false, "Join Filter": "(t1.id = ml.movie_id)", "Plans": [{"Node Type": "Index Scan", "Parent Relationship": "Outer", "Scan Direction": "Forward", "Index Name": "linked_movie_id_movie_link", "Relation Name": "movie_link", "Alias": "ml", "Startup Cost": 10000000000.0, "Total Cost": 1000000144578.17, "Plan Rows": 29996, "Plan Width": 12}, {"Node Type": "Materialize", "Parent Relationship": "Inner", "Startup Cost": 30000000000.0, "Total Cost": 3000027950327.9, "Plan Rows": 33, "Plan Width": 25, "Plans": [{"Node Type": "Nested Loop", "Parent Relationship": "Outer", "Join Type": "Inner", "Startup Cost": 30000000000.0, "Total Cost": 3000027950327.73, "Plan Rows": 33, "Plan Width": 25, "Inner Unique": false, "Join Filter": "(mk.movie_id = t1.id)", "Plans": [{"Node Type": "Index Scan", "Parent Relationship": "Outer", "Scan Direction": "Forward", "Index Name": "title_pkey", "Relation Name": "title", "Alias": "t1", "Startup Cost": 10000000000.0, "Total Cost": 1000011012048.91, "Plan Rows": 2528311, "Plan Width": 21}, {"Node Type": "Materialize", "Parent Relationship": "Inner", "Startup Cost": 20000000000.0, "Total Cost": 2000015686764.96, "Plan Rows": 33, "Plan Width": 4, "Plans": [{"Node Type": "Nested Loop", "Parent Relationship": "Outer", "Join Type": "Inner", "Startup Cost": 20000000000.0, "Total Cost": 2000015686764.79, "Plan Rows": 33, "Plan Width": 4, "Inner Unique": true, "Join Filter": "(k.id = mk.keyword_id)", "Plans": [{"Node Type": "Index Scan", "Parent Relationship": "Outer", "Scan Direction": "Forward", "Index Name": "movie_id_movie_keyword", "Relation Name": "movie_keyword", "Alias": "mk", "Startup Cost": 10000000000.0, "Total Cost": 1000015300634.17, "Plan Rows": 4523929, "Plan Width": 8}, {"Node Type": "Materialize", "Parent Relationship": "Inner", "Startup Cost": 10000000000.0, "Total Cost": 1000000318271.69, "Plan Rows": 1, "Plan Width": 4, "Plans": [{"Node Type": "Index Scan", "Parent Relationship": "Outer", "Scan Direction": "Forward", "Index Name": "keyword_pkey", "Relation Name": "keyword", "Alias": "k", "Startup Cost": 10000000000.0, "Total Cost": 1000000318271.68, "Plan Rows": 1, "Plan Width": 4, "Filter": "((keyword)::text = '10,000-mile-club'::text)"}]}]}]}]}]}]}, {"Node Type": "Materialize", "Parent Relationship": "Inner", "Startup Cost": 10000000000.0, "Total Cost": 1000000001250.58, "Plan Rows": 17, "Plan Width": 16, "Plans": [{"Node Type": "Index Scan", "Parent Relationship": "Outer", "Scan Direction": "Forward", "Index Name": "link_type_pkey", "Relation Name": "link_type", "Alias": "lt", "Startup Cost": 10000000000.0, "Total Cost": 1000000001250.5, "Plan Rows": 17, "Plan Width": 16}]}]}]}]}]}, "Unique SQL Id": 524435555, "Planner Runtime": 2}, "explain_analyze_plan": null}, "(64, 64)": {"explain_plan": {"Plan": {"Node Type": "Aggregate", "Strategy": "Plain", "Startup Cost": 3260.82, "Total Cost": 3260.83, "Plan Rows": 1, "Plan Width": 142, "Plans": [{"Node Type": "Nested Loop", "Parent Relationship": "Outer", "Join Type": "Inner", "Startup Cost": 5.89, "Total Cost": 3259.66, "Plan Rows": 154, "Plan Width": 46, "Inner Unique": true, "Plans": [{"Node Type": "Hash Join", "Parent Relationship": "Outer", "Join Type": "Inner", "Startup Cost": 5.89, "Total Cost": 2596.09, "Plan Rows": 154, "Plan Width": 33, "Inner Unique": true, "Hash Cond": "(ml.link_type_id = lt.id)", "Plans": [{"Node Type": "Nested Loop", "Parent Relationship": "Outer", "Join Type": "Inner", "Startup Cost": 4.51, "Total Cost": 2592.76, "Plan Rows": 154, "Plan Width": 25, "Inner Unique": false, "Plans": [{"Node Type": "Nested Loop", "Parent Relationship": "Outer", "Join Type": "Inner", "Startup Cost": 4.51, "Total Cost": 2579.55, "Plan Rows": 33, "Plan Width": 25, "Inner Unique": true, "Plans": [{"Node Type": "Nested Loop", "Parent Relationship": "Outer", "Join Type": "Inner", "Startup Cost": 4.51, "Total Cost": 2569.02, "Plan Rows": 33, "Plan Width": 4, "Inner Unique": false, "Plans": [{"Node Type": "Seq Scan", "Parent Relationship": "Outer", "Relation Name": "keyword", "Alias": "k", "Startup Cost": 0.0, "Total Cost": 2436.11, "Plan Rows": 1, "Plan Width": 4, "Filter": "((keyword)::text = '10,000-mile-club'::text)"}, {"Node Type": "Bitmap Heap Scan", "Parent Relationship": "Inner", "Relation Name": "movie_keyword", "Alias": "mk", "Startup Cost": 4.51, "Total Cost": 132.58, "Plan Rows": 33, "Plan Width": 8, "Recheck Cond": "(keyword_id = k.id)", "Plans": [{"Node Type": "Bitmap Index Scan", "Parent Relationship": "Outer", "Index Name": "keyword_id_movie_keyword", "Startup Cost": 0.0, "Total Cost": 4.5, "Plan Rows": 33, "Plan Width": 0, "Index Cond": "(keyword_id = k.id)"}]}]}, {"Node Type": "Index Scan", "Parent Relationship": "Inner", "Scan Direction": "Forward", "Index Name": "title_pkey", "Relation Name": "title", "Alias": "t1", "Startup Cost": 0.0, "Total Cost": 0.31, "Plan Rows": 1, "Plan Width": 21, "Index Cond": "(id = mk.movie_id)"}]}, {"Node Type": "Index Scan", "Parent Relationship": "Inner", "Scan Direction": "Forward", "Index Name": "movie_id_movie_link", "Relation Name": "movie_link", "Alias": "ml", "Startup Cost": 0.0, "Total Cost": 0.35, "Plan Rows": 5, "Plan Width": 12, "Index Cond": "(movie_id = t1.id)"}]}, {"Node Type": "Hash", "Parent Relationship": "Inner", "Startup Cost": 1.17, "Total Cost": 1.17, "Plan Rows": 17, "Plan Width": 16, "Plans": [{"Node Type": "Seq Scan", "Parent Relationship": "Outer", "Relation Name": "link_type", "Alias": "lt", "Startup Cost": 0.0, "Total Cost": 1.17, "Plan Rows": 17, "Plan Width": 16}]}]}, {"Node Type": "Index Scan", "Parent Relationship": "Inner", "Scan Direction": "Forward", "Index Name": "title_pkey", "Relation Name": "title", "Alias": "t2", "Startup Cost": 0.0, "Total Cost": 4.3, "Plan Rows": 1, "Plan Width": 21, "Index Cond": "(id = ml.linked_movie_id)"}]}]}, "Unique SQL Id": 524435555, "Planner Runtime": 14}, "explain_analyze_plan": {"Plan": {"Node Type": "Aggregate", "Strategy": "Plain", "Startup Cost": 3260.82, "Total Cost": 3260.83, "Plan Rows": 1, "Plan Width": 142, "Actual Startup Time": 42.192, "Actual Total Time": 42.192, "Actual Rows": 1, "Actual Loops": 1, "Plans": [{"Node Type": "Nested Loop", "Parent Relationship": "Outer", "Join Type": "Inner", "Startup Cost": 5.89, "Total Cost": 3259.66, "Plan Rows": 154, "Plan Width": 46, "Actual Startup Time": 42.184, "Actual Total Time": 42.184, "Actual Rows": 0, "Actual Loops": 1, "Inner Unique": true, "Plans": [{"Node Type": "Hash Join", "Parent Relationship": "Outer", "Join Type": "Inner", "Startup Cost": 5.89, "Total Cost": 2596.09, "Plan Rows": 154, "Plan Width": 33, "Actual Startup Time": 42.161, "Actual Total Time": 42.161, "Actual Rows": 0, "Actual Loops": 1, "Inner Unique": true, "Hash Cond": "(ml.link_type_id = lt.id)", "Plans": [{"Node Type": "Nested Loop", "Parent Relationship": "Outer", "Join Type": "Inner", "Startup Cost": 4.51, "Total Cost": 2592.76, "Plan Rows": 154, "Plan Width": 25, "Actual Startup Time": 42.073, "Actual Total Time": 42.073, "Actual Rows": 0, "Actual Loops": 1, "Inner Unique": false, "Plans": [{"Node Type": "Nested Loop", "Parent Relationship": "Outer", "Join Type": "Inner", "Startup Cost": 4.51, "Total Cost": 2579.55, "Plan Rows": 33, "Plan Width": 25, "Actual Startup Time": 41.173, "Actual Total Time": 42.069, "Actual Rows": 1, "Actual Loops": 1, "Inner Unique": true, "Plans": [{"Node Type": "Nested Loop", "Parent Relationship": "Outer", "Join Type": "Inner", "Startup Cost": 4.51, "Total Cost": 2569.02, "Plan Rows": 33, "Plan Width": 4, "Actual Startup Time": 41.155, "Actual Total Time": 42.051, "Actual Rows": 1, "Actual Loops": 1, "Inner Unique": false, "Plans": [{"Node Type": "Seq Scan", "Parent Relationship": "Outer", "Relation Name": "keyword", "Alias": "k", "Startup Cost": 0.0, "Total Cost": 2436.11, "Plan Rows": 1, "Plan Width": 4, "Actual Startup Time": 41.116, "Actual Total Time": 42.01, "Actual Rows": 1, "Actual Loops": 1, "Filter": "((keyword)::text = '10,000-mile-club'::text)", "Rows Removed by Filter": 134168}, {"Node Type": "Bitmap Heap Scan", "Parent Relationship": "Inner", "Relation Name": "movie_keyword", "Alias": "mk", "Startup Cost": 4.51, "Total Cost": 132.58, "Plan Rows": 33, "Plan Width": 8, "Actual Startup Time": 0.029, "Actual Total Time": 0.029, "Actual Rows": 1, "Actual Loops": 1, "Recheck Cond": "(keyword_id = k.id)", "Rows Removed by Index Recheck": 0, "Exact Heap Blocks": 1, "Lossy Heap Blocks": 1, "Plans": [{"Node Type": "Bitmap Index Scan", "Parent Relationship": "Outer", "Index Name": "keyword_id_movie_keyword", "Startup Cost": 0.0, "Total Cost": 4.5, "Plan Rows": 33, "Plan Width": 0, "Actual Startup Time": 0.018, "Actual Total Time": 0.018, "Actual Rows": 1, "Actual Loops": 1, "Index Cond": "(keyword_id = k.id)"}]}]}, {"Node Type": "Index Scan", "Parent Relationship": "Inner", "Scan Direction": "Forward", "Index Name": "title_pkey", "Relation Name": "title", "Alias": "t1", "Startup Cost": 0.0, "Total Cost": 0.31, "Plan Rows": 1, "Plan Width": 21, "Actual Startup Time": 0.015, "Actual Total Time": 0.015, "Actual Rows": 1, "Actual Loops": 1, "Index Cond": "(id = mk.movie_id)", "Rows Removed by Index Recheck": 0}]}, {"Node Type": "Index Scan", "Parent Relationship": "Inner", "Scan Direction": "Forward", "Index Name": "movie_id_movie_link", "Relation Name": "movie_link", "Alias": "ml", "Startup Cost": 0.0, "Total Cost": 0.35, "Plan Rows": 5, "Plan Width": 12, "Actual Startup Time": 0.003, "Actual Total Time": 0.003, "Actual Rows": 0, "Actual Loops": 1, "Index Cond": "(movie_id = t1.id)", "Rows Removed by Index Recheck": 0}]}, {"Node Type": "Hash", "Parent Relationship": "Inner", "Startup Cost": 1.17, "Total Cost": 1.17, "Plan Rows": 17, "Plan Width": 16, "Actual Startup Time": 0.039, "Actual Total Time": 0.039, "Actual Rows": 17, "Actual Loops": 1, "Hash Buckets": 32768, "Hash Batches": 1, "Original Hash Batches": 1, "Peak Memory Usage": 1, "Plans": [{"Node Type": "Seq Scan", "Parent Relationship": "Outer", "Relation Name": "link_type", "Alias": "lt", "Startup Cost": 0.0, "Total Cost": 1.17, "Plan Rows": 17, "Plan Width": 16, "Actual Startup Time": 0.018, "Actual Total Time": 0.023, "Actual Rows": 17, "Actual Loops": 1}]}]}, {"Node Type": "Index Scan", "Parent Relationship": "Inner", "Scan Direction": "Forward", "Index Name": "title_pkey", "Relation Name": "title", "Alias": "t2", "Startup Cost": 0.0, "Total Cost": 4.3, "Plan Rows": 1, "Plan Width": 21, "Actual Startup Time": 0.0, "Actual Total Time": 0.0, "Index Cond": "(id = ml.linked_movie_id)", "Rows Removed by Index Recheck": 0}]}]}, "Triggers": [], "Planner Runtime": 7, "Total Runtime": 42.495, "Unique SQL Id": 524435555}}, "(64, 65)": {"explain_plan": {"Plan": {"Node Type": "Aggregate", "Strategy": "Plain", "Startup Cost": 4047.28, "Total Cost": 4047.29, "Plan Rows": 1, "Plan Width": 142, "Plans": [{"Node Type": "Nested Loop", "Parent Relationship": "Outer", "Join Type": "Inner", "Startup Cost": 4.51, "Total Cost": 4046.12, "Plan Rows": 154, "Plan Width": 46, "Inner Unique": true, "Plans": [{"Node Type": "Nested Loop", "Parent Relationship": "Outer", "Join Type": "Inner", "Startup Cost": 4.51, "Total Cost": 3382.55, "Plan Rows": 154, "Plan Width": 33, "Inner Unique": true, "Plans": [{"Node Type": "Nested Loop", "Parent Relationship": "Outer", "Join Type": "Inner", "Startup Cost": 4.51, "Total Cost": 3339.37, "Plan Rows": 154, "Plan Width": 25, "Inner Unique": false, "Plans": [{"Node Type": "Nested Loop", "Parent Relationship": "Outer", "Join Type": "Inner", "Startup Cost": 4.51, "Total Cost": 3326.15, "Plan Rows": 33, "Plan Width": 25, "Inner Unique": true, "Plans": [{"Node Type": "Nested Loop", "Parent Relationship": "Outer", "Join Type": "Inner", "Startup Cost": 4.51, "Total Cost": 3315.63, "Plan Rows": 33, "Plan Width": 4, "Inner Unique": false, "Plans": [{"Node Type": "Index Scan", "Parent Relationship": "Outer", "Scan Direction": "Forward", "Index Name": "keyword_pkey", "Relation Name": "keyword", "Alias": "k", "Startup Cost": 0.0, "Total Cost": 3182.72, "Plan Rows": 1, "Plan Width": 4, "Filter": "((keyword)::text = '10,000-mile-club'::text)"}, {"Node Type": "Bitmap Heap Scan", "Parent Relationship": "Inner", "Relation Name": "movie_keyword", "Alias": "mk", "Startup Cost": 4.51, "Total Cost": 132.58, "Plan Rows": 33, "Plan Width": 8, "Recheck Cond": "(keyword_id = k.id)", "Plans": [{"Node Type": "Bitmap Index Scan", "Parent Relationship": "Outer", "Index Name": "keyword_id_movie_keyword", "Startup Cost": 0.0, "Total Cost": 4.5, "Plan Rows": 33, "Plan Width": 0, "Index Cond": "(keyword_id = k.id)"}]}]}, {"Node Type": "Index Scan", "Parent Relationship": "Inner", "Scan Direction": "Forward", "Index Name": "title_pkey", "Relation Name": "title", "Alias": "t1", "Startup Cost": 0.0, "Total Cost": 0.31, "Plan Rows": 1, "Plan Width": 21, "Index Cond": "(id = mk.movie_id)"}]}, {"Node Type": "Index Scan", "Parent Relationship": "Inner", "Scan Direction": "Forward", "Index Name": "movie_id_movie_link", "Relation Name": "movie_link", "Alias": "ml", "Startup Cost": 0.0, "Total Cost": 0.35, "Plan Rows": 5, "Plan Width": 12, "Index Cond": "(movie_id = t1.id)"}]}, {"Node Type": "Index Scan", "Parent Relationship": "Inner", "Scan Direction": "Forward", "Index Name": "link_type_pkey", "Relation Name": "link_type", "Alias": "lt", "Startup Cost": 0.0, "Total Cost": 0.27, "Plan Rows": 1, "Plan Width": 16, "Index Cond": "(id = ml.link_type_id)"}]}, {"Node Type": "Index Scan", "Parent Relationship": "Inner", "Scan Direction": "Forward", "Index Name": "title_pkey", "Relation Name": "title", "Alias": "t2", "Startup Cost": 0.0, "Total Cost": 4.3, "Plan Rows": 1, "Plan Width": 21, "Index Cond": "(id = ml.linked_movie_id)"}]}]}, "Unique SQL Id": 524435555, "Planner Runtime": 13}, "explain_analyze_plan": {"Plan": {"Node Type": "Aggregate", "Strategy": "Plain", "Startup Cost": 4047.28, "Total Cost": 4047.29, "Plan Rows": 1, "Plan Width": 142, "Actual Startup Time": 114.984, "Actual Total Time": 114.985, "Actual Rows": 1, "Actual Loops": 1, "Plans": [{"Node Type": "Nested Loop", "Parent Relationship": "Outer", "Join Type": "Inner", "Startup Cost": 4.51, "Total Cost": 4046.12, "Plan Rows": 154, "Plan Width": 46, "Actual Startup Time": 114.978, "Actual Total Time": 114.978, "Actual Rows": 0, "Actual Loops": 1, "Inner Unique": true, "Plans": [{"Node Type": "Nested Loop", "Parent Relationship": "Outer", "Join Type": "Inner", "Startup Cost": 4.51, "Total Cost": 3382.55, "Plan Rows": 154, "Plan Width": 33, "Actual Startup Time": 114.977, "Actual Total Time": 114.977, "Actual Rows": 0, "Actual Loops": 1, "Inner Unique": true, "Plans": [{"Node Type": "Nested Loop", "Parent Relationship": "Outer", "Join Type": "Inner", "Startup Cost": 4.51, "Total Cost": 3339.37, "Plan Rows": 154, "Plan Width": 25, "Actual Startup Time": 114.976, "Actual Total Time": 114.976, "Actual Rows": 0, "Actual Loops": 1, "Inner Unique": false, "Plans": [{"Node Type": "Nested Loop", "Parent Relationship": "Outer", "Join Type": "Inner", "Startup Cost": 4.51, "Total Cost": 3326.15, "Plan Rows": 33, "Plan Width": 25, "Actual Startup Time": 113.117, "Actual Total Time": 114.965, "Actual Rows": 1, "Actual Loops": 1, "Inner Unique": true, "Plans": [{"Node Type": "Nested Loop", "Parent Relationship": "Outer", "Join Type": "Inner", "Startup Cost": 4.51, "Total Cost": 3315.63, "Plan Rows": 33, "Plan Width": 4, "Actual Startup Time": 113.093, "Actual Total Time": 114.94, "Actual Rows": 1, "Actual Loops": 1, "Inner Unique": false, "Plans": [{"Node Type": "Index Scan", "Parent Relationship": "Outer", "Scan Direction": "Forward", "Index Name": "keyword_pkey", "Relation Name": "keyword", "Alias": "k", "Startup Cost": 0.0, "Total Cost": 3182.72, "Plan Rows": 1, "Plan Width": 4, "Actual Startup Time": 113.04, "Actual Total Time": 114.886, "Actual Rows": 1, "Actual Loops": 1, "Filter": "((keyword)::text = '10,000-mile-club'::text)", "Rows Removed by Filter": 134168}, {"Node Type": "Bitmap Heap Scan", "Parent Relationship": "Inner", "Relation Name": "movie_keyword", "Alias": "mk", "Startup Cost": 4.51, "Total Cost": 132.58, "Plan Rows": 33, "Plan Width": 8, "Actual Startup Time": 0.033, "Actual Total Time": 0.033, "Actual Rows": 1, "Actual Loops": 1, "Recheck Cond": "(keyword_id = k.id)", "Rows Removed by Index Recheck": 0, "Exact Heap Blocks": 1, "Lossy Heap Blocks": 1, "Plans": [{"Node Type": "Bitmap Index Scan", "Parent Relationship": "Outer", "Index Name": "keyword_id_movie_keyword", "Startup Cost": 0.0, "Total Cost": 4.5, "Plan Rows": 33, "Plan Width": 0, "Actual Startup Time": 0.02, "Actual Total Time": 0.02, "Actual Rows": 1, "Actual Loops": 1, "Index Cond": "(keyword_id = k.id)"}]}]}, {"Node Type": "Index Scan", "Parent Relationship": "Inner", "Scan Direction": "Forward", "Index Name": "title_pkey", "Relation Name": "title", "Alias": "t1", "Startup Cost": 0.0, "Total Cost": 0.31, "Plan Rows": 1, "Plan Width": 21, "Actual Startup Time": 0.017, "Actual Total Time": 0.017, "Actual Rows": 1, "Actual Loops": 1, "Index Cond": "(id = mk.movie_id)", "Rows Removed by Index Recheck": 0}]}, {"Node Type": "Index Scan", "Parent Relationship": "Inner", "Scan Direction": "Forward", "Index Name": "movie_id_movie_link", "Relation Name": "movie_link", "Alias": "ml", "Startup Cost": 0.0, "Total Cost": 0.35, "Plan Rows": 5, "Plan Width": 12, "Actual Startup Time": 0.006, "Actual Total Time": 0.006, "Actual Rows": 0, "Actual Loops": 1, "Index Cond": "(movie_id = t1.id)", "Rows Removed by Index Recheck": 0}]}, {"Node Type": "Index Scan", "Parent Relationship": "Inner", "Scan Direction": "Forward", "Index Name": "link_type_pkey", "Relation Name": "link_type", "Alias": "lt", "Startup Cost": 0.0, "Total Cost": 0.27, "Plan Rows": 1, "Plan Width": 16, "Actual Startup Time": 0.0, "Actual Total Time": 0.0, "Index Cond": "(id = ml.link_type_id)", "Rows Removed by Index Recheck": 0}]}, {"Node Type": "Index Scan", "Parent Relationship": "Inner", "Scan Direction": "Forward", "Index Name": "title_pkey", "Relation Name": "title", "Alias": "t2", "Startup Cost": 0.0, "Total Cost": 4.3, "Plan Rows": 1, "Plan Width": 21, "Actual Startup Time": 0.0, "Actual Total Time": 0.0, "Index Cond": "(id = ml.linked_movie_id)", "Rows Removed by Index Recheck": 0}]}]}, "Triggers": [], "Planner Runtime": 2, "Total Runtime": 115.266, "Unique SQL Id": 524435555}}, "(64, 66)": {"explain_plan": {"Plan": {"Node Type": "Aggregate", "Strategy": "Plain", "Startup Cost": 3709.86, "Total Cost": 3709.87, "Plan Rows": 1, "Plan Width": 142, "Plans": [{"Node Type": "Nested Loop", "Parent Relationship": "Outer", "Join Type": "Inner", "Startup Cost": 7.93, "Total Cost": 3708.7, "Plan Rows": 154, "Plan Width": 46, "Inner Unique": true, "Plans": [{"Node Type": "Hash Join", "Parent Relationship": "Outer", "Join Type": "Inner", "Startup Cost": 6.44, "Total Cost": 2859.52, "Plan Rows": 154, "Plan Width": 33, "Inner Unique": true, "Hash Cond": "(ml.link_type_id = lt.id)", "Plans": [{"Node Type": "Nested Loop", "Parent Relationship": "Outer", "Join Type": "Inner", "Startup Cost": 5.06, "Total Cost": 2856.2, "Plan Rows": 154, "Plan Width": 25, "Inner Unique": false, "Join Filter": "(t1.id = ml.movie_id)", "Plans": [{"Node Type": "Nested Loop", "Parent Relationship": "Outer", "Join Type": "Inner", "Startup Cost": 4.77, "Total Cost": 2710.54, "Plan Rows": 33, "Plan Width": 25, "Inner Unique": true, "Plans": [{"Node Type": "Nested Loop", "Parent Relationship": "Outer", "Join Type": "Inner", "Startup Cost": 4.51, "Total Cost": 2569.02, "Plan Rows": 33, "Plan Width": 4, "Inner Unique": false, "Plans": [{"Node Type": "Seq Scan", "Parent Relationship": "Outer", "Relation Name": "keyword", "Alias": "k", "Startup Cost": 0.0, "Total Cost": 2436.11, "Plan Rows": 1, "Plan Width": 4, "Filter": "((keyword)::text = '10,000-mile-club'::text)"}, {"Node Type": "Bitmap Heap Scan", "Parent Relationship": "Inner", "Relation Name": "movie_keyword", "Alias": "mk", "Startup Cost": 4.51, "Total Cost": 132.58, "Plan Rows": 33, "Plan Width": 8, "Recheck Cond": "(keyword_id = k.id)", "Plans": [{"Node Type": "Bitmap Index Scan", "Parent Relationship": "Outer", "Index Name": "keyword_id_movie_keyword", "Startup Cost": 0.0, "Total Cost": 4.5, "Plan Rows": 33, "Plan Width": 0, "Index Cond": "(keyword_id = k.id)"}]}]}, {"Node Type": "Bitmap Heap Scan", "Parent Relationship": "Inner", "Relation Name": "title", "Alias": "t1", "Startup Cost": 0.27, "Total Cost": 4.28, "Plan Rows": 1, "Plan Width": 21, "Recheck Cond": "(id = mk.movie_id)", "Plans": [{"Node Type": "Bitmap Index Scan", "Parent Relationship": "Outer", "Index Name": "title_pkey", "Startup Cost": 0.0, "Total Cost": 0.27, "Plan Rows": 1, "Plan Width": 0, "Index Cond": "(id = mk.movie_id)"}]}]}, {"Node Type": "Bitmap Heap Scan", "Parent Relationship": "Inner", "Relation Name": "movie_link", "Alias": "ml", "Startup Cost": 0.29, "Total Cost": 4.35, "Plan Rows": 5, "Plan Width": 12, "Recheck Cond": "(movie_id = mk.movie_id)", "Plans": [{"Node Type": "Bitmap Index Scan", "Parent Relationship": "Outer", "Index Name": "movie_id_movie_link", "Startup Cost": 0.0, "Total Cost": 0.29, "Plan Rows": 5, "Plan Width": 0, "Index Cond": "(movie_id = mk.movie_id)"}]}]}, {"Node Type": "Hash", "Parent Relationship": "Inner", "Startup Cost": 1.17, "Total Cost": 1.17, "Plan Rows": 17, "Plan Width": 16, "Plans": [{"Node Type": "Seq Scan", "Parent Relationship": "Outer", "Relation Name": "link_type", "Alias": "lt", "Startup Cost": 0.0, "Total Cost": 1.17, "Plan Rows": 17, "Plan Width": 16}]}]}, {"Node Type": "Bitmap Heap Scan", "Parent Relationship": "Inner", "Relation Name": "title", "Alias": "t2", "Startup Cost": 1.49, "Total Cost": 5.5, "Plan Rows": 1, "Plan Width": 21, "Recheck Cond": "(id = ml.linked_movie_id)", "Plans": [{"Node Type": "Bitmap Index Scan", "Parent Relationship": "Outer", "Index Name": "title_pkey", "Startup Cost": 0.0, "Total Cost": 1.49, "Plan Rows": 1, "Plan Width": 0, "Index Cond": "(id = ml.linked_movie_id)"}]}]}]}, "Unique SQL Id": 524435555, "Planner Runtime": 12}, "explain_analyze_plan": {"Plan": {"Node Type": "Aggregate", "Strategy": "Plain", "Startup Cost": 3709.86, "Total Cost": 3709.87, "Plan Rows": 1, "Plan Width": 142, "Actual Startup Time": 40.984, "Actual Total Time": 40.985, "Actual Rows": 1, "Actual Loops": 1, "Plans": [{"Node Type": "Nested Loop", "Parent Relationship": "Outer", "Join Type": "Inner", "Startup Cost": 7.93, "Total Cost": 3708.7, "Plan Rows": 154, "Plan Width": 46, "Actual Startup Time": 40.979, "Actual Total Time": 40.979, "Actual Rows": 0, "Actual Loops": 1, "Inner Unique": true, "Plans": [{"Node Type": "Hash Join", "Parent Relationship": "Outer", "Join Type": "Inner", "Startup Cost": 6.44, "Total Cost": 2859.52, "Plan Rows": 154, "Plan Width": 33, "Actual Startup Time": 40.951, "Actual Total Time": 40.951, "Actual Rows": 0, "Actual Loops": 1, "Inner Unique": true, "Hash Cond": "(ml.link_type_id = lt.id)", "Plans": [{"Node Type": "Nested Loop", "Parent Relationship": "Outer", "Join Type": "Inner", "Startup Cost": 5.06, "Total Cost": 2856.2, "Plan Rows": 154, "Plan Width": 25, "Actual Startup Time": 40.887, "Actual Total Time": 40.887, "Actual Rows": 0, "Actual Loops": 1, "Inner Unique": false, "Join Filter": "(t1.id = ml.movie_id)", "Rows Removed by Join Filter": 0, "Plans": [{"Node Type": "Nested Loop", "Parent Relationship": "Outer", "Join Type": "Inner", "Startup Cost": 4.77, "Total Cost": 2710.54, "Plan Rows": 33, "Plan Width": 25, "Actual Startup Time": 40.006, "Actual Total Time": 40.875, "Actual Rows": 1, "Actual Loops": 1, "Inner Unique": true, "Plans": [{"Node Type": "Nested Loop", "Parent Relationship": "Outer", "Join Type": "Inner", "Startup Cost": 4.51, "Total Cost": 2569.02, "Plan Rows": 33, "Plan Width": 4, "Actual Startup Time": 39.991, "Actual Total Time": 40.859, "Actual Rows": 1, "Actual Loops": 1, "Inner Unique": false, "Plans": [{"Node Type": "Seq Scan", "Parent Relationship": "Outer", "Relation Name": "keyword", "Alias": "k", "Startup Cost": 0.0, "Total Cost": 2436.11, "Plan Rows": 1, "Plan Width": 4, "Actual Startup Time": 39.951, "Actual Total Time": 40.817, "Actual Rows": 1, "Actual Loops": 1, "Filter": "((keyword)::text = '10,000-mile-club'::text)", "Rows Removed by Filter": 134168}, {"Node Type": "Bitmap Heap Scan", "Parent Relationship": "Inner", "Relation Name": "movie_keyword", "Alias": "mk", "Startup Cost": 4.51, "Total Cost": 132.58, "Plan Rows": 33, "Plan Width": 8, "Actual Startup Time": 0.03, "Actual Total Time": 0.031, "Actual Rows": 1, "Actual Loops": 1, "Recheck Cond": "(keyword_id = k.id)", "Rows Removed by Index Recheck": 0, "Exact Heap Blocks": 1, "Lossy Heap Blocks": 1, "Plans": [{"Node Type": "Bitmap Index Scan", "Parent Relationship": "Outer", "Index Name": "keyword_id_movie_keyword", "Startup Cost": 0.0, "Total Cost": 4.5, "Plan Rows": 33, "Plan Width": 0, "Actual Startup Time": 0.019, "Actual Total Time": 0.019, "Actual Rows": 1, "Actual Loops": 1, "Index Cond": "(keyword_id = k.id)"}]}]}, {"Node Type": "Bitmap Heap Scan", "Parent Relationship": "Inner", "Relation Name": "title", "Alias": "t1", "Startup Cost": 0.27, "Total Cost": 4.28, "Plan Rows": 1, "Plan Width": 21, "Actual Startup Time": 0.011, "Actual Total Time": 0.011, "Actual Rows": 1, "Actual Loops": 1, "Recheck Cond": "(id = mk.movie_id)", "Rows Removed by Index Recheck": 0, "Exact Heap Blocks": 1, "Lossy Heap Blocks": 1, "Plans": [{"Node Type": "Bitmap Index Scan", "Parent Relationship": "Outer", "Index Name": "title_pkey", "Startup Cost": 0.0, "Total Cost": 0.27, "Plan Rows": 1, "Plan Width": 0, "Actual Startup Time": 0.007, "Actual Total Time": 0.007, "Actual Rows": 1, "Actual Loops": 1, "Index Cond": "(id = mk.movie_id)"}]}]}, {"Node Type": "Bitmap Heap Scan", "Parent Relationship": "Inner", "Relation Name": "movie_link", "Alias": "ml", "Startup Cost": 0.29, "Total Cost": 4.35, "Plan Rows": 5, "Plan Width": 12, "Actual Startup Time": 0.01, "Actual Total Time": 0.01, "Actual Rows": 0, "Actual Loops": 1, "Recheck Cond": "(movie_id = mk.movie_id)", "Rows Removed by Index Recheck": 0, "Exact Heap Blocks": 0, "Lossy Heap Blocks": 0, "Plans": [{"Node Type": "Bitmap Index Scan", "Parent Relationship": "Outer", "Index Name": "movie_id_movie_link", "Startup Cost": 0.0, "Total Cost": 0.29, "Plan Rows": 5, "Plan Width": 0, "Actual Startup Time": 0.005, "Actual Total Time": 0.005, "Actual Rows": 0, "Actual Loops": 1, "Index Cond": "(movie_id = mk.movie_id)"}]}]}, {"Node Type": "Hash", "Parent Relationship": "Inner", "Startup Cost": 1.17, "Total Cost": 1.17, "Plan Rows": 17, "Plan Width": 16, "Actual Startup Time": 0.027, "Actual Total Time": 0.027, "Actual Rows": 17, "Actual Loops": 1, "Hash Buckets": 32768, "Hash Batches": 1, "Original Hash Batches": 1, "Peak Memory Usage": 1, "Plans": [{"Node Type": "Seq Scan", "Parent Relationship": "Outer", "Relation Name": "link_type", "Alias": "lt", "Startup Cost": 0.0, "Total Cost": 1.17, "Plan Rows": 17, "Plan Width": 16, "Actual Startup Time": 0.01, "Actual Total Time": 0.013, "Actual Rows": 17, "Actual Loops": 1}]}]}, {"Node Type": "Bitmap Heap Scan", "Parent Relationship": "Inner", "Relation Name": "title", "Alias": "t2", "Startup Cost": 1.49, "Total Cost": 5.5, "Plan Rows": 1, "Plan Width": 21, "Actual Startup Time": 0.0, "Actual Total Time": 0.0, "Recheck Cond": "(id = ml.linked_movie_id)", "Rows Removed by Index Recheck": 0, "Exact Heap Blocks": 0, "Lossy Heap Blocks": 0, "Plans": [{"Node Type": "Bitmap Index Scan", "Parent Relationship": "Outer", "Index Name": "title_pkey", "Startup Cost": 0.0, "Total Cost": 1.49, "Plan Rows": 1, "Plan Width": 0, "Actual Startup Time": 0.0, "Actual Total Time": 0.0, "Index Cond": "(id = ml.linked_movie_id)"}]}]}]}, "Triggers": [], "Planner Runtime": 7, "Total Runtime": 41.244, "Unique SQL Id": 524435555}}, "(64, 67)": {"explain_plan": {"Plan": {"Node Type": "Aggregate", "Strategy": "Plain", "Startup Cost": 4440.29, "Total Cost": 4440.3, "Plan Rows": 1, "Plan Width": 142, "Plans": [{"Node Type": "Nested Loop", "Parent Relationship": "Outer", "Join Type": "Inner", "Startup Cost": 738.37, "Total Cost": 4439.14, "Plan Rows": 154, "Plan Width": 46, "Inner Unique": true, "Plans": [{"Node Type": "Hash Join", "Parent Relationship": "Outer", "Join Type": "Inner", "Startup Cost": 736.88, "Total Cost": 3589.96, "Plan Rows": 154, "Plan Width": 33, "Inner Unique": true, "Hash Cond": "(ml.link_type_id = lt.id)", "Plans": [{"Node Type": "Nested Loop", "Parent Relationship": "Outer", "Join Type": "Inner", "Startup Cost": 724.16, "Total Cost": 3575.3, "Plan Rows": 154, "Plan Width": 25, "Inner Unique": false, "Join Filter": "(t1.id = ml.movie_id)", "Plans": [{"Node Type": "Nested Loop", "Parent Relationship": "Outer", "Join Type": "Inner", "Startup Cost": 723.87, "Total Cost": 3429.64, "Plan Rows": 33, "Plan Width": 25, "Inner Unique": true, "Plans": [{"Node Type": "Nested Loop", "Parent Relationship": "Outer", "Join Type": "Inner", "Startup Cost": 723.6, "Total Cost": 3288.12, "Plan Rows": 33, "Plan Width": 4, "Inner Unique": false, "Plans": [{"Node Type": "Bitmap Heap Scan", "Parent Relationship": "Outer", "Relation Name": "keyword", "Alias": "k", "Startup Cost": 719.1, "Total Cost": 3155.21, "Plan Rows": 1, "Plan Width": 4, "Filter": "((keyword)::text = '10,000-mile-club'::text)", "Plans": [{"Node Type": "Bitmap Index Scan", "Parent Relationship": "Outer", "Index Name": "keyword_pkey", "Startup Cost": 0.0, "Total Cost": 719.1, "Plan Rows": 134169, "Plan Width": 0}]}, {"Node Type": "Bitmap Heap Scan", "Parent Relationship": "Inner", "Relation Name": "movie_keyword", "Alias": "mk", "Startup Cost": 4.51, "Total Cost": 132.58, "Plan Rows": 33, "Plan Width": 8, "Recheck Cond": "(keyword_id = k.id)", "Plans": [{"Node Type": "Bitmap Index Scan", "Parent Relationship": "Outer", "Index Name": "keyword_id_movie_keyword", "Startup Cost": 0.0, "Total Cost": 4.5, "Plan Rows": 33, "Plan Width": 0, "Index Cond": "(keyword_id = k.id)"}]}]}, {"Node Type": "Bitmap Heap Scan", "Parent Relationship": "Inner", "Relation Name": "title", "Alias": "t1", "Startup Cost": 0.27, "Total Cost": 4.28, "Plan Rows": 1, "Plan Width": 21, "Recheck Cond": "(id = mk.movie_id)", "Plans": [{"Node Type": "Bitmap Index Scan", "Parent Relationship": "Outer", "Index Name": "title_pkey", "Startup Cost": 0.0, "Total Cost": 0.27, "Plan Rows": 1, "Plan Width": 0, "Index Cond": "(id = mk.movie_id)"}]}]}, {"Node Type": "Bitmap Heap Scan", "Parent Relationship": "Inner", "Relation Name": "movie_link", "Alias": "ml", "Startup Cost": 0.29, "Total Cost": 4.35, "Plan Rows": 5, "Plan Width": 12, "Recheck Cond": "(movie_id = mk.movie_id)", "Plans": [{"Node Type": "Bitmap Index Scan", "Parent Relationship": "Outer", "Index Name": "movie_id_movie_link", "Startup Cost": 0.0, "Total Cost": 0.29, "Plan Rows": 5, "Plan Width": 0, "Index Cond": "(movie_id = mk.movie_id)"}]}]}, {"Node Type": "Hash", "Parent Relationship": "Inner", "Startup Cost": 12.51, "Total Cost": 12.51, "Plan Rows": 17, "Plan Width": 16, "Plans": [{"Node Type": "Bitmap Heap Scan", "Parent Relationship": "Outer", "Relation Name": "link_type", "Alias": "lt", "Startup Cost": 8.34, "Total Cost": 12.51, "Plan Rows": 17, "Plan Width": 16, "Plans": [{"Node Type": "Bitmap Index Scan", "Parent Relationship": "Outer", "Index Name": "link_type_pkey", "Startup Cost": 0.0, "Total Cost": 8.34, "Plan Rows": 17, "Plan Width": 0}]}]}]}, {"Node Type": "Bitmap Heap Scan", "Parent Relationship": "Inner", "Relation Name": "title", "Alias": "t2", "Startup Cost": 1.49, "Total Cost": 5.5, "Plan Rows": 1, "Plan Width": 21, "Recheck Cond": "(id = ml.linked_movie_id)", "Plans": [{"Node Type": "Bitmap Index Scan", "Parent Relationship": "Outer", "Index Name": "title_pkey", "Startup Cost": 0.0, "Total Cost": 1.49, "Plan Rows": 1, "Plan Width": 0, "Index Cond": "(id = ml.linked_movie_id)"}]}]}]}, "Unique SQL Id": 524435555, "Planner Runtime": 12}, "explain_analyze_plan": {"Plan": {"Node Type": "Aggregate", "Strategy": "Plain", "Startup Cost": 4440.29, "Total Cost": 4440.3, "Plan Rows": 1, "Plan Width": 142, "Actual Startup Time": 62.07, "Actual Total Time": 62.07, "Actual Rows": 1, "Actual Loops": 1, "Plans": [{"Node Type": "Nested Loop", "Parent Relationship": "Outer", "Join Type": "Inner", "Startup Cost": 738.37, "Total Cost": 4439.14, "Plan Rows": 154, "Plan Width": 46, "Actual Startup Time": 62.064, "Actual Total Time": 62.064, "Actual Rows": 0, "Actual Loops": 1, "Inner Unique": true, "Plans": [{"Node Type": "Hash Join", "Parent Relationship": "Outer", "Join Type": "Inner", "Startup Cost": 736.88, "Total Cost": 3589.96, "Plan Rows": 154, "Plan Width": 33, "Actual Startup Time": 62.038, "Actual Total Time": 62.038, "Actual Rows": 0, "Actual Loops": 1, "Inner Unique": true, "Hash Cond": "(ml.link_type_id = lt.id)", "Plans": [{"Node Type": "Nested Loop", "Parent Relationship": "Outer", "Join Type": "Inner", "Startup Cost": 724.16, "Total Cost": 3575.3, "Plan Rows": 154, "Plan Width": 25, "Actual Startup Time": 61.97, "Actual Total Time": 61.97, "Actual Rows": 0, "Actual Loops": 1, "Inner Unique": false, "Join Filter": "(t1.id = ml.movie_id)", "Rows Removed by Join Filter": 0, "Plans": [{"Node Type": "Nested Loop", "Parent Relationship": "Outer", "Join Type": "Inner", "Startup Cost": 723.87, "Total Cost": 3429.64, "Plan Rows": 33, "Plan Width": 25, "Actual Startup Time": 60.895, "Actual Total Time": 61.961, "Actual Rows": 1, "Actual Loops": 1, "Inner Unique": true, "Plans": [{"Node Type": "Nested Loop", "Parent Relationship": "Outer", "Join Type": "Inner", "Startup Cost": 723.6, "Total Cost": 3288.12, "Plan Rows": 33, "Plan Width": 4, "Actual Startup Time": 60.881, "Actual Total Time": 61.947, "Actual Rows": 1, "Actual Loops": 1, "Inner Unique": false, "Plans": [{"Node Type": "Bitmap Heap Scan", "Parent Relationship": "Outer", "Relation Name": "keyword", "Alias": "k", "Startup Cost": 719.1, "Total Cost": 3155.21, "Plan Rows": 1, "Plan Width": 4, "Actual Startup Time": 60.839, "Actual Total Time": 61.903, "Actual Rows": 1, "Actual Loops": 1, "Filter": "((keyword)::text = '10,000-mile-club'::text)", "Rows Removed by Filter": 134168, "Exact Heap Blocks": 759, "Lossy Heap Blocks": 759, "Plans": [{"Node Type": "Bitmap Index Scan", "Parent Relationship": "Outer", "Index Name": "keyword_pkey", "Startup Cost": 0.0, "Total Cost": 719.1, "Plan Rows": 134169, "Plan Width": 0, "Actual Startup Time": 11.71, "Actual Total Time": 11.71, "Actual Rows": 134169, "Actual Loops": 1}]}, {"Node Type": "Bitmap Heap Scan", "Parent Relationship": "Inner", "Relation Name": "movie_keyword", "Alias": "mk", "Startup Cost": 4.51, "Total Cost": 132.58, "Plan Rows": 33, "Plan Width": 8, "Actual Startup Time": 0.029, "Actual Total Time": 0.029, "Actual Rows": 1, "Actual Loops": 1, "Recheck Cond": "(keyword_id = k.id)", "Rows Removed by Index Recheck": 0, "Exact Heap Blocks": 1, "Lossy Heap Blocks": 1, "Plans": [{"Node Type": "Bitmap Index Scan", "Parent Relationship": "Outer", "Index Name": "keyword_id_movie_keyword", "Startup Cost": 0.0, "Total Cost": 4.5, "Plan Rows": 33, "Plan Width": 0, "Actual Startup Time": 0.02, "Actual Total Time": 0.02, "Actual Rows": 1, "Actual Loops": 1, "Index Cond": "(keyword_id = k.id)"}]}]}, {"Node Type": "Bitmap Heap Scan", "Parent Relationship": "Inner", "Relation Name": "title", "Alias": "t1", "Startup Cost": 0.27, "Total Cost": 4.28, "Plan Rows": 1, "Plan Width": 21, "Actual Startup Time": 0.011, "Actual Total Time": 0.011, "Actual Rows": 1, "Actual Loops": 1, "Recheck Cond": "(id = mk.movie_id)", "Rows Removed by Index Recheck": 0, "Exact Heap Blocks": 1, "Lossy Heap Blocks": 1, "Plans": [{"Node Type": "Bitmap Index Scan", "Parent Relationship": "Outer", "Index Name": "title_pkey", "Startup Cost": 0.0, "Total Cost": 0.27, "Plan Rows": 1, "Plan Width": 0, "Actual Startup Time": 0.007, "Actual Total Time": 0.007, "Actual Rows": 1, "Actual Loops": 1, "Index Cond": "(id = mk.movie_id)"}]}]}, {"Node Type": "Bitmap Heap Scan", "Parent Relationship": "Inner", "Relation Name": "movie_link", "Alias": "ml", "Startup Cost": 0.29, "Total Cost": 4.35, "Plan Rows": 5, "Plan Width": 12, "Actual Startup Time": 0.006, "Actual Total Time": 0.006, "Actual Rows": 0, "Actual Loops": 1, "Recheck Cond": "(movie_id = mk.movie_id)", "Rows Removed by Index Recheck": 0, "Exact Heap Blocks": 0, "Lossy Heap Blocks": 0, "Plans": [{"Node Type": "Bitmap Index Scan", "Parent Relationship": "Outer", "Index Name": "movie_id_movie_link", "Startup Cost": 0.0, "Total Cost": 0.29, "Plan Rows": 5, "Plan Width": 0, "Actual Startup Time": 0.003, "Actual Total Time": 0.003, "Actual Rows": 0, "Actual Loops": 1, "Index Cond": "(movie_id = mk.movie_id)"}]}]}, {"Node Type": "Hash", "Parent Relationship": "Inner", "Startup Cost": 12.51, "Total Cost": 12.51, "Plan Rows": 17, "Plan Width": 16, "Actual Startup Time": 0.033, "Actual Total Time": 0.033, "Actual Rows": 17, "Actual Loops": 1, "Hash Buckets": 32768, "Hash Batches": 1, "Original Hash Batches": 1, "Peak Memory Usage": 1, "Plans": [{"Node Type": "Bitmap Heap Scan", "Parent Relationship": "Outer", "Relation Name": "link_type", "Alias": "lt", "Startup Cost": 8.34, "Total Cost": 12.51, "Plan Rows": 17, "Plan Width": 16, "Actual Startup Time": 0.018, "Actual Total Time": 0.023, "Actual Rows": 17, "Actual Loops": 1, "Exact Heap Blocks": 1, "Lossy Heap Blocks": 1, "Plans": [{"Node Type": "Bitmap Index Scan", "Parent Relationship": "Outer", "Index Name": "link_type_pkey", "Startup Cost": 0.0, "Total Cost": 8.34, "Plan Rows": 17, "Plan Width": 0, "Actual Startup Time": 0.007, "Actual Total Time": 0.007, "Actual Rows": 17, "Actual Loops": 1}]}]}]}, {"Node Type": "Bitmap Heap Scan", "Parent Relationship": "Inner", "Relation Name": "title", "Alias": "t2", "Startup Cost": 1.49, "Total Cost": 5.5, "Plan Rows": 1, "Plan Width": 21, "Actual Startup Time": 0.0, "Actual Total Time": 0.0, "Recheck Cond": "(id = ml.linked_movie_id)", "Rows Removed by Index Recheck": 0, "Exact Heap Blocks": 0, "Lossy Heap Blocks": 0, "Plans": [{"Node Type": "Bitmap Index Scan", "Parent Relationship": "Outer", "Index Name": "title_pkey", "Startup Cost": 0.0, "Total Cost": 1.49, "Plan Rows": 1, "Plan Width": 0, "Actual Startup Time": 0.0, "Actual Total Time": 0.0, "Index Cond": "(id = ml.linked_movie_id)"}]}]}]}, "Triggers": [], "Planner Runtime": 7, "Total Runtime": 62.334, "Unique SQL Id": 524435555}}, "(64, 68)": {"explain_plan": {"Plan": {"Node Type": "Aggregate", "Strategy": "Plain", "Startup Cost": 3260.82, "Total Cost": 3260.83, "Plan Rows": 1, "Plan Width": 142, "Plans": [{"Node Type": "Nested Loop", "Parent Relationship": "Outer", "Join Type": "Inner", "Startup Cost": 5.89, "Total Cost": 3259.66, "Plan Rows": 154, "Plan Width": 46, "Inner Unique": true, "Plans": [{"Node Type": "Hash Join", "Parent Relationship": "Outer", "Join Type": "Inner", "Startup Cost": 5.89, "Total Cost": 2596.09, "Plan Rows": 154, "Plan Width": 33, "Inner Unique": true, "Hash Cond": "(ml.link_type_id = lt.id)", "Plans": [{"Node Type": "Nested Loop", "Parent Relationship": "Outer", "Join Type": "Inner", "Startup Cost": 4.51, "Total Cost": 2592.76, "Plan Rows": 154, "Plan Width": 25, "Inner Unique": false, "Plans": [{"Node Type": "Nested Loop", "Parent Relationship": "Outer", "Join Type": "Inner", "Startup Cost": 4.51, "Total Cost": 2579.55, "Plan Rows": 33, "Plan Width": 25, "Inner Unique": true, "Plans": [{"Node Type": "Nested Loop", "Parent Relationship": "Outer", "Join Type": "Inner", "Startup Cost": 4.51, "Total Cost": 2569.02, "Plan Rows": 33, "Plan Width": 4, "Inner Unique": false, "Plans": [{"Node Type": "Seq Scan", "Parent Relationship": "Outer", "Relation Name": "keyword", "Alias": "k", "Startup Cost": 0.0, "Total Cost": 2436.11, "Plan Rows": 1, "Plan Width": 4, "Filter": "((keyword)::text = '10,000-mile-club'::text)"}, {"Node Type": "Bitmap Heap Scan", "Parent Relationship": "Inner", "Relation Name": "movie_keyword", "Alias": "mk", "Startup Cost": 4.51, "Total Cost": 132.58, "Plan Rows": 33, "Plan Width": 8, "Recheck Cond": "(keyword_id = k.id)", "Plans": [{"Node Type": "Bitmap Index Scan", "Parent Relationship": "Outer", "Index Name": "keyword_id_movie_keyword", "Startup Cost": 0.0, "Total Cost": 4.5, "Plan Rows": 33, "Plan Width": 0, "Index Cond": "(keyword_id = k.id)"}]}]}, {"Node Type": "Index Scan", "Parent Relationship": "Inner", "Scan Direction": "Forward", "Index Name": "title_pkey", "Relation Name": "title", "Alias": "t1", "Startup Cost": 0.0, "Total Cost": 0.31, "Plan Rows": 1, "Plan Width": 21, "Index Cond": "(id = mk.movie_id)"}]}, {"Node Type": "Index Scan", "Parent Relationship": "Inner", "Scan Direction": "Forward", "Index Name": "movie_id_movie_link", "Relation Name": "movie_link", "Alias": "ml", "Startup Cost": 0.0, "Total Cost": 0.35, "Plan Rows": 5, "Plan Width": 12, "Index Cond": "(movie_id = t1.id)"}]}, {"Node Type": "Hash", "Parent Relationship": "Inner", "Startup Cost": 1.17, "Total Cost": 1.17, "Plan Rows": 17, "Plan Width": 16, "Plans": [{"Node Type": "Seq Scan", "Parent Relationship": "Outer", "Relation Name": "link_type", "Alias": "lt", "Startup Cost": 0.0, "Total Cost": 1.17, "Plan Rows": 17, "Plan Width": 16}]}]}, {"Node Type": "Index Scan", "Parent Relationship": "Inner", "Scan Direction": "Forward", "Index Name": "title_pkey", "Relation Name": "title", "Alias": "t2", "Startup Cost": 0.0, "Total Cost": 4.3, "Plan Rows": 1, "Plan Width": 21, "Index Cond": "(id = ml.linked_movie_id)"}]}]}, "Unique SQL Id": 524435555, "Planner Runtime": 14}, "explain_analyze_plan": {"Plan": {"Node Type": "Aggregate", "Strategy": "Plain", "Startup Cost": 3260.82, "Total Cost": 3260.83, "Plan Rows": 1, "Plan Width": 142, "Actual Startup Time": 42.192, "Actual Total Time": 42.192, "Actual Rows": 1, "Actual Loops": 1, "Plans": [{"Node Type": "Nested Loop", "Parent Relationship": "Outer", "Join Type": "Inner", "Startup Cost": 5.89, "Total Cost": 3259.66, "Plan Rows": 154, "Plan Width": 46, "Actual Startup Time": 42.184, "Actual Total Time": 42.184, "Actual Rows": 0, "Actual Loops": 1, "Inner Unique": true, "Plans": [{"Node Type": "Hash Join", "Parent Relationship": "Outer", "Join Type": "Inner", "Startup Cost": 5.89, "Total Cost": 2596.09, "Plan Rows": 154, "Plan Width": 33, "Actual Startup Time": 42.161, "Actual Total Time": 42.161, "Actual Rows": 0, "Actual Loops": 1, "Inner Unique": true, "Hash Cond": "(ml.link_type_id = lt.id)", "Plans": [{"Node Type": "Nested Loop", "Parent Relationship": "Outer", "Join Type": "Inner", "Startup Cost": 4.51, "Total Cost": 2592.76, "Plan Rows": 154, "Plan Width": 25, "Actual Startup Time": 42.073, "Actual Total Time": 42.073, "Actual Rows": 0, "Actual Loops": 1, "Inner Unique": false, "Plans": [{"Node Type": "Nested Loop", "Parent Relationship": "Outer", "Join Type": "Inner", "Startup Cost": 4.51, "Total Cost": 2579.55, "Plan Rows": 33, "Plan Width": 25, "Actual Startup Time": 41.173, "Actual Total Time": 42.069, "Actual Rows": 1, "Actual Loops": 1, "Inner Unique": true, "Plans": [{"Node Type": "Nested Loop", "Parent Relationship": "Outer", "Join Type": "Inner", "Startup Cost": 4.51, "Total Cost": 2569.02, "Plan Rows": 33, "Plan Width": 4, "Actual Startup Time": 41.155, "Actual Total Time": 42.051, "Actual Rows": 1, "Actual Loops": 1, "Inner Unique": false, "Plans": [{"Node Type": "Seq Scan", "Parent Relationship": "Outer", "Relation Name": "keyword", "Alias": "k", "Startup Cost": 0.0, "Total Cost": 2436.11, "Plan Rows": 1, "Plan Width": 4, "Actual Startup Time": 41.116, "Actual Total Time": 42.01, "Actual Rows": 1, "Actual Loops": 1, "Filter": "((keyword)::text = '10,000-mile-club'::text)", "Rows Removed by Filter": 134168}, {"Node Type": "Bitmap Heap Scan", "Parent Relationship": "Inner", "Relation Name": "movie_keyword", "Alias": "mk", "Startup Cost": 4.51, "Total Cost": 132.58, "Plan Rows": 33, "Plan Width": 8, "Actual Startup Time": 0.029, "Actual Total Time": 0.029, "Actual Rows": 1, "Actual Loops": 1, "Recheck Cond": "(keyword_id = k.id)", "Rows Removed by Index Recheck": 0, "Exact Heap Blocks": 1, "Lossy Heap Blocks": 1, "Plans": [{"Node Type": "Bitmap Index Scan", "Parent Relationship": "Outer", "Index Name": "keyword_id_movie_keyword", "Startup Cost": 0.0, "Total Cost": 4.5, "Plan Rows": 33, "Plan Width": 0, "Actual Startup Time": 0.018, "Actual Total Time": 0.018, "Actual Rows": 1, "Actual Loops": 1, "Index Cond": "(keyword_id = k.id)"}]}]}, {"Node Type": "Index Scan", "Parent Relationship": "Inner", "Scan Direction": "Forward", "Index Name": "title_pkey", "Relation Name": "title", "Alias": "t1", "Startup Cost": 0.0, "Total Cost": 0.31, "Plan Rows": 1, "Plan Width": 21, "Actual Startup Time": 0.015, "Actual Total Time": 0.015, "Actual Rows": 1, "Actual Loops": 1, "Index Cond": "(id = mk.movie_id)", "Rows Removed by Index Recheck": 0}]}, {"Node Type": "Index Scan", "Parent Relationship": "Inner", "Scan Direction": "Forward", "Index Name": "movie_id_movie_link", "Relation Name": "movie_link", "Alias": "ml", "Startup Cost": 0.0, "Total Cost": 0.35, "Plan Rows": 5, "Plan Width": 12, "Actual Startup Time": 0.003, "Actual Total Time": 0.003, "Actual Rows": 0, "Actual Loops": 1, "Index Cond": "(movie_id = t1.id)", "Rows Removed by Index Recheck": 0}]}, {"Node Type": "Hash", "Parent Relationship": "Inner", "Startup Cost": 1.17, "Total Cost": 1.17, "Plan Rows": 17, "Plan Width": 16, "Actual Startup Time": 0.039, "Actual Total Time": 0.039, "Actual Rows": 17, "Actual Loops": 1, "Hash Buckets": 32768, "Hash Batches": 1, "Original Hash Batches": 1, "Peak Memory Usage": 1, "Plans": [{"Node Type": "Seq Scan", "Parent Relationship": "Outer", "Relation Name": "link_type", "Alias": "lt", "Startup Cost": 0.0, "Total Cost": 1.17, "Plan Rows": 17, "Plan Width": 16, "Actual Startup Time": 0.018, "Actual Total Time": 0.023, "Actual Rows": 17, "Actual Loops": 1}]}]}, {"Node Type": "Index Scan", "Parent Relationship": "Inner", "Scan Direction": "Forward", "Index Name": "title_pkey", "Relation Name": "title", "Alias": "t2", "Startup Cost": 0.0, "Total Cost": 4.3, "Plan Rows": 1, "Plan Width": 21, "Actual Startup Time": 0.0, "Actual Total Time": 0.0, "Index Cond": "(id = ml.linked_movie_id)", "Rows Removed by Index Recheck": 0}]}]}, "Triggers": [], "Planner Runtime": 7, "Total Runtime": 42.495, "Unique SQL Id": 524435555}}, "(64, 69)": {"explain_plan": {"Plan": {"Node Type": "Aggregate", "Strategy": "Plain", "Startup Cost": 4047.28, "Total Cost": 4047.29, "Plan Rows": 1, "Plan Width": 142, "Plans": [{"Node Type": "Nested Loop", "Parent Relationship": "Outer", "Join Type": "Inner", "Startup Cost": 4.51, "Total Cost": 4046.12, "Plan Rows": 154, "Plan Width": 46, "Inner Unique": true, "Plans": [{"Node Type": "Nested Loop", "Parent Relationship": "Outer", "Join Type": "Inner", "Startup Cost": 4.51, "Total Cost": 3382.55, "Plan Rows": 154, "Plan Width": 33, "Inner Unique": true, "Plans": [{"Node Type": "Nested Loop", "Parent Relationship": "Outer", "Join Type": "Inner", "Startup Cost": 4.51, "Total Cost": 3339.37, "Plan Rows": 154, "Plan Width": 25, "Inner Unique": false, "Plans": [{"Node Type": "Nested Loop", "Parent Relationship": "Outer", "Join Type": "Inner", "Startup Cost": 4.51, "Total Cost": 3326.15, "Plan Rows": 33, "Plan Width": 25, "Inner Unique": true, "Plans": [{"Node Type": "Nested Loop", "Parent Relationship": "Outer", "Join Type": "Inner", "Startup Cost": 4.51, "Total Cost": 3315.63, "Plan Rows": 33, "Plan Width": 4, "Inner Unique": false, "Plans": [{"Node Type": "Index Scan", "Parent Relationship": "Outer", "Scan Direction": "Forward", "Index Name": "keyword_pkey", "Relation Name": "keyword", "Alias": "k", "Startup Cost": 0.0, "Total Cost": 3182.72, "Plan Rows": 1, "Plan Width": 4, "Filter": "((keyword)::text = '10,000-mile-club'::text)"}, {"Node Type": "Bitmap Heap Scan", "Parent Relationship": "Inner", "Relation Name": "movie_keyword", "Alias": "mk", "Startup Cost": 4.51, "Total Cost": 132.58, "Plan Rows": 33, "Plan Width": 8, "Recheck Cond": "(keyword_id = k.id)", "Plans": [{"Node Type": "Bitmap Index Scan", "Parent Relationship": "Outer", "Index Name": "keyword_id_movie_keyword", "Startup Cost": 0.0, "Total Cost": 4.5, "Plan Rows": 33, "Plan Width": 0, "Index Cond": "(keyword_id = k.id)"}]}]}, {"Node Type": "Index Scan", "Parent Relationship": "Inner", "Scan Direction": "Forward", "Index Name": "title_pkey", "Relation Name": "title", "Alias": "t1", "Startup Cost": 0.0, "Total Cost": 0.31, "Plan Rows": 1, "Plan Width": 21, "Index Cond": "(id = mk.movie_id)"}]}, {"Node Type": "Index Scan", "Parent Relationship": "Inner", "Scan Direction": "Forward", "Index Name": "movie_id_movie_link", "Relation Name": "movie_link", "Alias": "ml", "Startup Cost": 0.0, "Total Cost": 0.35, "Plan Rows": 5, "Plan Width": 12, "Index Cond": "(movie_id = t1.id)"}]}, {"Node Type": "Index Scan", "Parent Relationship": "Inner", "Scan Direction": "Forward", "Index Name": "link_type_pkey", "Relation Name": "link_type", "Alias": "lt", "Startup Cost": 0.0, "Total Cost": 0.27, "Plan Rows": 1, "Plan Width": 16, "Index Cond": "(id = ml.link_type_id)"}]}, {"Node Type": "Index Scan", "Parent Relationship": "Inner", "Scan Direction": "Forward", "Index Name": "title_pkey", "Relation Name": "title", "Alias": "t2", "Startup Cost": 0.0, "Total Cost": 4.3, "Plan Rows": 1, "Plan Width": 21, "Index Cond": "(id = ml.linked_movie_id)"}]}]}, "Unique SQL Id": 524435555, "Planner Runtime": 13}, "explain_analyze_plan": {"Plan": {"Node Type": "Aggregate", "Strategy": "Plain", "Startup Cost": 4047.28, "Total Cost": 4047.29, "Plan Rows": 1, "Plan Width": 142, "Actual Startup Time": 114.984, "Actual Total Time": 114.985, "Actual Rows": 1, "Actual Loops": 1, "Plans": [{"Node Type": "Nested Loop", "Parent Relationship": "Outer", "Join Type": "Inner", "Startup Cost": 4.51, "Total Cost": 4046.12, "Plan Rows": 154, "Plan Width": 46, "Actual Startup Time": 114.978, "Actual Total Time": 114.978, "Actual Rows": 0, "Actual Loops": 1, "Inner Unique": true, "Plans": [{"Node Type": "Nested Loop", "Parent Relationship": "Outer", "Join Type": "Inner", "Startup Cost": 4.51, "Total Cost": 3382.55, "Plan Rows": 154, "Plan Width": 33, "Actual Startup Time": 114.977, "Actual Total Time": 114.977, "Actual Rows": 0, "Actual Loops": 1, "Inner Unique": true, "Plans": [{"Node Type": "Nested Loop", "Parent Relationship": "Outer", "Join Type": "Inner", "Startup Cost": 4.51, "Total Cost": 3339.37, "Plan Rows": 154, "Plan Width": 25, "Actual Startup Time": 114.976, "Actual Total Time": 114.976, "Actual Rows": 0, "Actual Loops": 1, "Inner Unique": false, "Plans": [{"Node Type": "Nested Loop", "Parent Relationship": "Outer", "Join Type": "Inner", "Startup Cost": 4.51, "Total Cost": 3326.15, "Plan Rows": 33, "Plan Width": 25, "Actual Startup Time": 113.117, "Actual Total Time": 114.965, "Actual Rows": 1, "Actual Loops": 1, "Inner Unique": true, "Plans": [{"Node Type": "Nested Loop", "Parent Relationship": "Outer", "Join Type": "Inner", "Startup Cost": 4.51, "Total Cost": 3315.63, "Plan Rows": 33, "Plan Width": 4, "Actual Startup Time": 113.093, "Actual Total Time": 114.94, "Actual Rows": 1, "Actual Loops": 1, "Inner Unique": false, "Plans": [{"Node Type": "Index Scan", "Parent Relationship": "Outer", "Scan Direction": "Forward", "Index Name": "keyword_pkey", "Relation Name": "keyword", "Alias": "k", "Startup Cost": 0.0, "Total Cost": 3182.72, "Plan Rows": 1, "Plan Width": 4, "Actual Startup Time": 113.04, "Actual Total Time": 114.886, "Actual Rows": 1, "Actual Loops": 1, "Filter": "((keyword)::text = '10,000-mile-club'::text)", "Rows Removed by Filter": 134168}, {"Node Type": "Bitmap Heap Scan", "Parent Relationship": "Inner", "Relation Name": "movie_keyword", "Alias": "mk", "Startup Cost": 4.51, "Total Cost": 132.58, "Plan Rows": 33, "Plan Width": 8, "Actual Startup Time": 0.033, "Actual Total Time": 0.033, "Actual Rows": 1, "Actual Loops": 1, "Recheck Cond": "(keyword_id = k.id)", "Rows Removed by Index Recheck": 0, "Exact Heap Blocks": 1, "Lossy Heap Blocks": 1, "Plans": [{"Node Type": "Bitmap Index Scan", "Parent Relationship": "Outer", "Index Name": "keyword_id_movie_keyword", "Startup Cost": 0.0, "Total Cost": 4.5, "Plan Rows": 33, "Plan Width": 0, "Actual Startup Time": 0.02, "Actual Total Time": 0.02, "Actual Rows": 1, "Actual Loops": 1, "Index Cond": "(keyword_id = k.id)"}]}]}, {"Node Type": "Index Scan", "Parent Relationship": "Inner", "Scan Direction": "Forward", "Index Name": "title_pkey", "Relation Name": "title", "Alias": "t1", "Startup Cost": 0.0, "Total Cost": 0.31, "Plan Rows": 1, "Plan Width": 21, "Actual Startup Time": 0.017, "Actual Total Time": 0.017, "Actual Rows": 1, "Actual Loops": 1, "Index Cond": "(id = mk.movie_id)", "Rows Removed by Index Recheck": 0}]}, {"Node Type": "Index Scan", "Parent Relationship": "Inner", "Scan Direction": "Forward", "Index Name": "movie_id_movie_link", "Relation Name": "movie_link", "Alias": "ml", "Startup Cost": 0.0, "Total Cost": 0.35, "Plan Rows": 5, "Plan Width": 12, "Actual Startup Time": 0.006, "Actual Total Time": 0.006, "Actual Rows": 0, "Actual Loops": 1, "Index Cond": "(movie_id = t1.id)", "Rows Removed by Index Recheck": 0}]}, {"Node Type": "Index Scan", "Parent Relationship": "Inner", "Scan Direction": "Forward", "Index Name": "link_type_pkey", "Relation Name": "link_type", "Alias": "lt", "Startup Cost": 0.0, "Total Cost": 0.27, "Plan Rows": 1, "Plan Width": 16, "Actual Startup Time": 0.0, "Actual Total Time": 0.0, "Index Cond": "(id = ml.link_type_id)", "Rows Removed by Index Recheck": 0}]}, {"Node Type": "Index Scan", "Parent Relationship": "Inner", "Scan Direction": "Forward", "Index Name": "title_pkey", "Relation Name": "title", "Alias": "t2", "Startup Cost": 0.0, "Total Cost": 4.3, "Plan Rows": 1, "Plan Width": 21, "Actual Startup Time": 0.0, "Actual Total Time": 0.0, "Index Cond": "(id = ml.linked_movie_id)", "Rows Removed by Index Recheck": 0}]}]}, "Triggers": [], "Planner Runtime": 2, "Total Runtime": 115.266, "Unique SQL Id": 524435555}}, "(64, 70)": {"explain_plan": {"Plan": {"Node Type": "Aggregate", "Strategy": "Plain", "Startup Cost": 3709.86, "Total Cost": 3709.87, "Plan Rows": 1, "Plan Width": 142, "Plans": [{"Node Type": "Nested Loop", "Parent Relationship": "Outer", "Join Type": "Inner", "Startup Cost": 7.93, "Total Cost": 3708.7, "Plan Rows": 154, "Plan Width": 46, "Inner Unique": true, "Plans": [{"Node Type": "Hash Join", "Parent Relationship": "Outer", "Join Type": "Inner", "Startup Cost": 6.44, "Total Cost": 2859.52, "Plan Rows": 154, "Plan Width": 33, "Inner Unique": true, "Hash Cond": "(ml.link_type_id = lt.id)", "Plans": [{"Node Type": "Nested Loop", "Parent Relationship": "Outer", "Join Type": "Inner", "Startup Cost": 5.06, "Total Cost": 2856.2, "Plan Rows": 154, "Plan Width": 25, "Inner Unique": false, "Join Filter": "(t1.id = ml.movie_id)", "Plans": [{"Node Type": "Nested Loop", "Parent Relationship": "Outer", "Join Type": "Inner", "Startup Cost": 4.77, "Total Cost": 2710.54, "Plan Rows": 33, "Plan Width": 25, "Inner Unique": true, "Plans": [{"Node Type": "Nested Loop", "Parent Relationship": "Outer", "Join Type": "Inner", "Startup Cost": 4.51, "Total Cost": 2569.02, "Plan Rows": 33, "Plan Width": 4, "Inner Unique": false, "Plans": [{"Node Type": "Seq Scan", "Parent Relationship": "Outer", "Relation Name": "keyword", "Alias": "k", "Startup Cost": 0.0, "Total Cost": 2436.11, "Plan Rows": 1, "Plan Width": 4, "Filter": "((keyword)::text = '10,000-mile-club'::text)"}, {"Node Type": "Bitmap Heap Scan", "Parent Relationship": "Inner", "Relation Name": "movie_keyword", "Alias": "mk", "Startup Cost": 4.51, "Total Cost": 132.58, "Plan Rows": 33, "Plan Width": 8, "Recheck Cond": "(keyword_id = k.id)", "Plans": [{"Node Type": "Bitmap Index Scan", "Parent Relationship": "Outer", "Index Name": "keyword_id_movie_keyword", "Startup Cost": 0.0, "Total Cost": 4.5, "Plan Rows": 33, "Plan Width": 0, "Index Cond": "(keyword_id = k.id)"}]}]}, {"Node Type": "Bitmap Heap Scan", "Parent Relationship": "Inner", "Relation Name": "title", "Alias": "t1", "Startup Cost": 0.27, "Total Cost": 4.28, "Plan Rows": 1, "Plan Width": 21, "Recheck Cond": "(id = mk.movie_id)", "Plans": [{"Node Type": "Bitmap Index Scan", "Parent Relationship": "Outer", "Index Name": "title_pkey", "Startup Cost": 0.0, "Total Cost": 0.27, "Plan Rows": 1, "Plan Width": 0, "Index Cond": "(id = mk.movie_id)"}]}]}, {"Node Type": "Bitmap Heap Scan", "Parent Relationship": "Inner", "Relation Name": "movie_link", "Alias": "ml", "Startup Cost": 0.29, "Total Cost": 4.35, "Plan Rows": 5, "Plan Width": 12, "Recheck Cond": "(movie_id = mk.movie_id)", "Plans": [{"Node Type": "Bitmap Index Scan", "Parent Relationship": "Outer", "Index Name": "movie_id_movie_link", "Startup Cost": 0.0, "Total Cost": 0.29, "Plan Rows": 5, "Plan Width": 0, "Index Cond": "(movie_id = mk.movie_id)"}]}]}, {"Node Type": "Hash", "Parent Relationship": "Inner", "Startup Cost": 1.17, "Total Cost": 1.17, "Plan Rows": 17, "Plan Width": 16, "Plans": [{"Node Type": "Seq Scan", "Parent Relationship": "Outer", "Relation Name": "link_type", "Alias": "lt", "Startup Cost": 0.0, "Total Cost": 1.17, "Plan Rows": 17, "Plan Width": 16}]}]}, {"Node Type": "Bitmap Heap Scan", "Parent Relationship": "Inner", "Relation Name": "title", "Alias": "t2", "Startup Cost": 1.49, "Total Cost": 5.5, "Plan Rows": 1, "Plan Width": 21, "Recheck Cond": "(id = ml.linked_movie_id)", "Plans": [{"Node Type": "Bitmap Index Scan", "Parent Relationship": "Outer", "Index Name": "title_pkey", "Startup Cost": 0.0, "Total Cost": 1.49, "Plan Rows": 1, "Plan Width": 0, "Index Cond": "(id = ml.linked_movie_id)"}]}]}]}, "Unique SQL Id": 524435555, "Planner Runtime": 12}, "explain_analyze_plan": {"Plan": {"Node Type": "Aggregate", "Strategy": "Plain", "Startup Cost": 3709.86, "Total Cost": 3709.87, "Plan Rows": 1, "Plan Width": 142, "Actual Startup Time": 40.984, "Actual Total Time": 40.985, "Actual Rows": 1, "Actual Loops": 1, "Plans": [{"Node Type": "Nested Loop", "Parent Relationship": "Outer", "Join Type": "Inner", "Startup Cost": 7.93, "Total Cost": 3708.7, "Plan Rows": 154, "Plan Width": 46, "Actual Startup Time": 40.979, "Actual Total Time": 40.979, "Actual Rows": 0, "Actual Loops": 1, "Inner Unique": true, "Plans": [{"Node Type": "Hash Join", "Parent Relationship": "Outer", "Join Type": "Inner", "Startup Cost": 6.44, "Total Cost": 2859.52, "Plan Rows": 154, "Plan Width": 33, "Actual Startup Time": 40.951, "Actual Total Time": 40.951, "Actual Rows": 0, "Actual Loops": 1, "Inner Unique": true, "Hash Cond": "(ml.link_type_id = lt.id)", "Plans": [{"Node Type": "Nested Loop", "Parent Relationship": "Outer", "Join Type": "Inner", "Startup Cost": 5.06, "Total Cost": 2856.2, "Plan Rows": 154, "Plan Width": 25, "Actual Startup Time": 40.887, "Actual Total Time": 40.887, "Actual Rows": 0, "Actual Loops": 1, "Inner Unique": false, "Join Filter": "(t1.id = ml.movie_id)", "Rows Removed by Join Filter": 0, "Plans": [{"Node Type": "Nested Loop", "Parent Relationship": "Outer", "Join Type": "Inner", "Startup Cost": 4.77, "Total Cost": 2710.54, "Plan Rows": 33, "Plan Width": 25, "Actual Startup Time": 40.006, "Actual Total Time": 40.875, "Actual Rows": 1, "Actual Loops": 1, "Inner Unique": true, "Plans": [{"Node Type": "Nested Loop", "Parent Relationship": "Outer", "Join Type": "Inner", "Startup Cost": 4.51, "Total Cost": 2569.02, "Plan Rows": 33, "Plan Width": 4, "Actual Startup Time": 39.991, "Actual Total Time": 40.859, "Actual Rows": 1, "Actual Loops": 1, "Inner Unique": false, "Plans": [{"Node Type": "Seq Scan", "Parent Relationship": "Outer", "Relation Name": "keyword", "Alias": "k", "Startup Cost": 0.0, "Total Cost": 2436.11, "Plan Rows": 1, "Plan Width": 4, "Actual Startup Time": 39.951, "Actual Total Time": 40.817, "Actual Rows": 1, "Actual Loops": 1, "Filter": "((keyword)::text = '10,000-mile-club'::text)", "Rows Removed by Filter": 134168}, {"Node Type": "Bitmap Heap Scan", "Parent Relationship": "Inner", "Relation Name": "movie_keyword", "Alias": "mk", "Startup Cost": 4.51, "Total Cost": 132.58, "Plan Rows": 33, "Plan Width": 8, "Actual Startup Time": 0.03, "Actual Total Time": 0.031, "Actual Rows": 1, "Actual Loops": 1, "Recheck Cond": "(keyword_id = k.id)", "Rows Removed by Index Recheck": 0, "Exact Heap Blocks": 1, "Lossy Heap Blocks": 1, "Plans": [{"Node Type": "Bitmap Index Scan", "Parent Relationship": "Outer", "Index Name": "keyword_id_movie_keyword", "Startup Cost": 0.0, "Total Cost": 4.5, "Plan Rows": 33, "Plan Width": 0, "Actual Startup Time": 0.019, "Actual Total Time": 0.019, "Actual Rows": 1, "Actual Loops": 1, "Index Cond": "(keyword_id = k.id)"}]}]}, {"Node Type": "Bitmap Heap Scan", "Parent Relationship": "Inner", "Relation Name": "title", "Alias": "t1", "Startup Cost": 0.27, "Total Cost": 4.28, "Plan Rows": 1, "Plan Width": 21, "Actual Startup Time": 0.011, "Actual Total Time": 0.011, "Actual Rows": 1, "Actual Loops": 1, "Recheck Cond": "(id = mk.movie_id)", "Rows Removed by Index Recheck": 0, "Exact Heap Blocks": 1, "Lossy Heap Blocks": 1, "Plans": [{"Node Type": "Bitmap Index Scan", "Parent Relationship": "Outer", "Index Name": "title_pkey", "Startup Cost": 0.0, "Total Cost": 0.27, "Plan Rows": 1, "Plan Width": 0, "Actual Startup Time": 0.007, "Actual Total Time": 0.007, "Actual Rows": 1, "Actual Loops": 1, "Index Cond": "(id = mk.movie_id)"}]}]}, {"Node Type": "Bitmap Heap Scan", "Parent Relationship": "Inner", "Relation Name": "movie_link", "Alias": "ml", "Startup Cost": 0.29, "Total Cost": 4.35, "Plan Rows": 5, "Plan Width": 12, "Actual Startup Time": 0.01, "Actual Total Time": 0.01, "Actual Rows": 0, "Actual Loops": 1, "Recheck Cond": "(movie_id = mk.movie_id)", "Rows Removed by Index Recheck": 0, "Exact Heap Blocks": 0, "Lossy Heap Blocks": 0, "Plans": [{"Node Type": "Bitmap Index Scan", "Parent Relationship": "Outer", "Index Name": "movie_id_movie_link", "Startup Cost": 0.0, "Total Cost": 0.29, "Plan Rows": 5, "Plan Width": 0, "Actual Startup Time": 0.005, "Actual Total Time": 0.005, "Actual Rows": 0, "Actual Loops": 1, "Index Cond": "(movie_id = mk.movie_id)"}]}]}, {"Node Type": "Hash", "Parent Relationship": "Inner", "Startup Cost": 1.17, "Total Cost": 1.17, "Plan Rows": 17, "Plan Width": 16, "Actual Startup Time": 0.027, "Actual Total Time": 0.027, "Actual Rows": 17, "Actual Loops": 1, "Hash Buckets": 32768, "Hash Batches": 1, "Original Hash Batches": 1, "Peak Memory Usage": 1, "Plans": [{"Node Type": "Seq Scan", "Parent Relationship": "Outer", "Relation Name": "link_type", "Alias": "lt", "Startup Cost": 0.0, "Total Cost": 1.17, "Plan Rows": 17, "Plan Width": 16, "Actual Startup Time": 0.01, "Actual Total Time": 0.013, "Actual Rows": 17, "Actual Loops": 1}]}]}, {"Node Type": "Bitmap Heap Scan", "Parent Relationship": "Inner", "Relation Name": "title", "Alias": "t2", "Startup Cost": 1.49, "Total Cost": 5.5, "Plan Rows": 1, "Plan Width": 21, "Actual Startup Time": 0.0, "Actual Total Time": 0.0, "Recheck Cond": "(id = ml.linked_movie_id)", "Rows Removed by Index Recheck": 0, "Exact Heap Blocks": 0, "Lossy Heap Blocks": 0, "Plans": [{"Node Type": "Bitmap Index Scan", "Parent Relationship": "Outer", "Index Name": "title_pkey", "Startup Cost": 0.0, "Total Cost": 1.49, "Plan Rows": 1, "Plan Width": 0, "Actual Startup Time": 0.0, "Actual Total Time": 0.0, "Index Cond": "(id = ml.linked_movie_id)"}]}]}]}, "Triggers": [], "Planner Runtime": 7, "Total Runtime": 41.244, "Unique SQL Id": 524435555}}, "(64, 71)": {"explain_plan": {"Plan": {"Node Type": "Aggregate", "Strategy": "Plain", "Startup Cost": 4440.29, "Total Cost": 4440.3, "Plan Rows": 1, "Plan Width": 142, "Plans": [{"Node Type": "Nested Loop", "Parent Relationship": "Outer", "Join Type": "Inner", "Startup Cost": 738.37, "Total Cost": 4439.14, "Plan Rows": 154, "Plan Width": 46, "Inner Unique": true, "Plans": [{"Node Type": "Hash Join", "Parent Relationship": "Outer", "Join Type": "Inner", "Startup Cost": 736.88, "Total Cost": 3589.96, "Plan Rows": 154, "Plan Width": 33, "Inner Unique": true, "Hash Cond": "(ml.link_type_id = lt.id)", "Plans": [{"Node Type": "Nested Loop", "Parent Relationship": "Outer", "Join Type": "Inner", "Startup Cost": 724.16, "Total Cost": 3575.3, "Plan Rows": 154, "Plan Width": 25, "Inner Unique": false, "Join Filter": "(t1.id = ml.movie_id)", "Plans": [{"Node Type": "Nested Loop", "Parent Relationship": "Outer", "Join Type": "Inner", "Startup Cost": 723.87, "Total Cost": 3429.64, "Plan Rows": 33, "Plan Width": 25, "Inner Unique": true, "Plans": [{"Node Type": "Nested Loop", "Parent Relationship": "Outer", "Join Type": "Inner", "Startup Cost": 723.6, "Total Cost": 3288.12, "Plan Rows": 33, "Plan Width": 4, "Inner Unique": false, "Plans": [{"Node Type": "Bitmap Heap Scan", "Parent Relationship": "Outer", "Relation Name": "keyword", "Alias": "k", "Startup Cost": 719.1, "Total Cost": 3155.21, "Plan Rows": 1, "Plan Width": 4, "Filter": "((keyword)::text = '10,000-mile-club'::text)", "Plans": [{"Node Type": "Bitmap Index Scan", "Parent Relationship": "Outer", "Index Name": "keyword_pkey", "Startup Cost": 0.0, "Total Cost": 719.1, "Plan Rows": 134169, "Plan Width": 0}]}, {"Node Type": "Bitmap Heap Scan", "Parent Relationship": "Inner", "Relation Name": "movie_keyword", "Alias": "mk", "Startup Cost": 4.51, "Total Cost": 132.58, "Plan Rows": 33, "Plan Width": 8, "Recheck Cond": "(keyword_id = k.id)", "Plans": [{"Node Type": "Bitmap Index Scan", "Parent Relationship": "Outer", "Index Name": "keyword_id_movie_keyword", "Startup Cost": 0.0, "Total Cost": 4.5, "Plan Rows": 33, "Plan Width": 0, "Index Cond": "(keyword_id = k.id)"}]}]}, {"Node Type": "Bitmap Heap Scan", "Parent Relationship": "Inner", "Relation Name": "title", "Alias": "t1", "Startup Cost": 0.27, "Total Cost": 4.28, "Plan Rows": 1, "Plan Width": 21, "Recheck Cond": "(id = mk.movie_id)", "Plans": [{"Node Type": "Bitmap Index Scan", "Parent Relationship": "Outer", "Index Name": "title_pkey", "Startup Cost": 0.0, "Total Cost": 0.27, "Plan Rows": 1, "Plan Width": 0, "Index Cond": "(id = mk.movie_id)"}]}]}, {"Node Type": "Bitmap Heap Scan", "Parent Relationship": "Inner", "Relation Name": "movie_link", "Alias": "ml", "Startup Cost": 0.29, "Total Cost": 4.35, "Plan Rows": 5, "Plan Width": 12, "Recheck Cond": "(movie_id = mk.movie_id)", "Plans": [{"Node Type": "Bitmap Index Scan", "Parent Relationship": "Outer", "Index Name": "movie_id_movie_link", "Startup Cost": 0.0, "Total Cost": 0.29, "Plan Rows": 5, "Plan Width": 0, "Index Cond": "(movie_id = mk.movie_id)"}]}]}, {"Node Type": "Hash", "Parent Relationship": "Inner", "Startup Cost": 12.51, "Total Cost": 12.51, "Plan Rows": 17, "Plan Width": 16, "Plans": [{"Node Type": "Bitmap Heap Scan", "Parent Relationship": "Outer", "Relation Name": "link_type", "Alias": "lt", "Startup Cost": 8.34, "Total Cost": 12.51, "Plan Rows": 17, "Plan Width": 16, "Plans": [{"Node Type": "Bitmap Index Scan", "Parent Relationship": "Outer", "Index Name": "link_type_pkey", "Startup Cost": 0.0, "Total Cost": 8.34, "Plan Rows": 17, "Plan Width": 0}]}]}]}, {"Node Type": "Bitmap Heap Scan", "Parent Relationship": "Inner", "Relation Name": "title", "Alias": "t2", "Startup Cost": 1.49, "Total Cost": 5.5, "Plan Rows": 1, "Plan Width": 21, "Recheck Cond": "(id = ml.linked_movie_id)", "Plans": [{"Node Type": "Bitmap Index Scan", "Parent Relationship": "Outer", "Index Name": "title_pkey", "Startup Cost": 0.0, "Total Cost": 1.49, "Plan Rows": 1, "Plan Width": 0, "Index Cond": "(id = ml.linked_movie_id)"}]}]}]}, "Unique SQL Id": 524435555, "Planner Runtime": 12}, "explain_analyze_plan": {"Plan": {"Node Type": "Aggregate", "Strategy": "Plain", "Startup Cost": 4440.29, "Total Cost": 4440.3, "Plan Rows": 1, "Plan Width": 142, "Actual Startup Time": 62.07, "Actual Total Time": 62.07, "Actual Rows": 1, "Actual Loops": 1, "Plans": [{"Node Type": "Nested Loop", "Parent Relationship": "Outer", "Join Type": "Inner", "Startup Cost": 738.37, "Total Cost": 4439.14, "Plan Rows": 154, "Plan Width": 46, "Actual Startup Time": 62.064, "Actual Total Time": 62.064, "Actual Rows": 0, "Actual Loops": 1, "Inner Unique": true, "Plans": [{"Node Type": "Hash Join", "Parent Relationship": "Outer", "Join Type": "Inner", "Startup Cost": 736.88, "Total Cost": 3589.96, "Plan Rows": 154, "Plan Width": 33, "Actual Startup Time": 62.038, "Actual Total Time": 62.038, "Actual Rows": 0, "Actual Loops": 1, "Inner Unique": true, "Hash Cond": "(ml.link_type_id = lt.id)", "Plans": [{"Node Type": "Nested Loop", "Parent Relationship": "Outer", "Join Type": "Inner", "Startup Cost": 724.16, "Total Cost": 3575.3, "Plan Rows": 154, "Plan Width": 25, "Actual Startup Time": 61.97, "Actual Total Time": 61.97, "Actual Rows": 0, "Actual Loops": 1, "Inner Unique": false, "Join Filter": "(t1.id = ml.movie_id)", "Rows Removed by Join Filter": 0, "Plans": [{"Node Type": "Nested Loop", "Parent Relationship": "Outer", "Join Type": "Inner", "Startup Cost": 723.87, "Total Cost": 3429.64, "Plan Rows": 33, "Plan Width": 25, "Actual Startup Time": 60.895, "Actual Total Time": 61.961, "Actual Rows": 1, "Actual Loops": 1, "Inner Unique": true, "Plans": [{"Node Type": "Nested Loop", "Parent Relationship": "Outer", "Join Type": "Inner", "Startup Cost": 723.6, "Total Cost": 3288.12, "Plan Rows": 33, "Plan Width": 4, "Actual Startup Time": 60.881, "Actual Total Time": 61.947, "Actual Rows": 1, "Actual Loops": 1, "Inner Unique": false, "Plans": [{"Node Type": "Bitmap Heap Scan", "Parent Relationship": "Outer", "Relation Name": "keyword", "Alias": "k", "Startup Cost": 719.1, "Total Cost": 3155.21, "Plan Rows": 1, "Plan Width": 4, "Actual Startup Time": 60.839, "Actual Total Time": 61.903, "Actual Rows": 1, "Actual Loops": 1, "Filter": "((keyword)::text = '10,000-mile-club'::text)", "Rows Removed by Filter": 134168, "Exact Heap Blocks": 759, "Lossy Heap Blocks": 759, "Plans": [{"Node Type": "Bitmap Index Scan", "Parent Relationship": "Outer", "Index Name": "keyword_pkey", "Startup Cost": 0.0, "Total Cost": 719.1, "Plan Rows": 134169, "Plan Width": 0, "Actual Startup Time": 11.71, "Actual Total Time": 11.71, "Actual Rows": 134169, "Actual Loops": 1}]}, {"Node Type": "Bitmap Heap Scan", "Parent Relationship": "Inner", "Relation Name": "movie_keyword", "Alias": "mk", "Startup Cost": 4.51, "Total Cost": 132.58, "Plan Rows": 33, "Plan Width": 8, "Actual Startup Time": 0.029, "Actual Total Time": 0.029, "Actual Rows": 1, "Actual Loops": 1, "Recheck Cond": "(keyword_id = k.id)", "Rows Removed by Index Recheck": 0, "Exact Heap Blocks": 1, "Lossy Heap Blocks": 1, "Plans": [{"Node Type": "Bitmap Index Scan", "Parent Relationship": "Outer", "Index Name": "keyword_id_movie_keyword", "Startup Cost": 0.0, "Total Cost": 4.5, "Plan Rows": 33, "Plan Width": 0, "Actual Startup Time": 0.02, "Actual Total Time": 0.02, "Actual Rows": 1, "Actual Loops": 1, "Index Cond": "(keyword_id = k.id)"}]}]}, {"Node Type": "Bitmap Heap Scan", "Parent Relationship": "Inner", "Relation Name": "title", "Alias": "t1", "Startup Cost": 0.27, "Total Cost": 4.28, "Plan Rows": 1, "Plan Width": 21, "Actual Startup Time": 0.011, "Actual Total Time": 0.011, "Actual Rows": 1, "Actual Loops": 1, "Recheck Cond": "(id = mk.movie_id)", "Rows Removed by Index Recheck": 0, "Exact Heap Blocks": 1, "Lossy Heap Blocks": 1, "Plans": [{"Node Type": "Bitmap Index Scan", "Parent Relationship": "Outer", "Index Name": "title_pkey", "Startup Cost": 0.0, "Total Cost": 0.27, "Plan Rows": 1, "Plan Width": 0, "Actual Startup Time": 0.007, "Actual Total Time": 0.007, "Actual Rows": 1, "Actual Loops": 1, "Index Cond": "(id = mk.movie_id)"}]}]}, {"Node Type": "Bitmap Heap Scan", "Parent Relationship": "Inner", "Relation Name": "movie_link", "Alias": "ml", "Startup Cost": 0.29, "Total Cost": 4.35, "Plan Rows": 5, "Plan Width": 12, "Actual Startup Time": 0.006, "Actual Total Time": 0.006, "Actual Rows": 0, "Actual Loops": 1, "Recheck Cond": "(movie_id = mk.movie_id)", "Rows Removed by Index Recheck": 0, "Exact Heap Blocks": 0, "Lossy Heap Blocks": 0, "Plans": [{"Node Type": "Bitmap Index Scan", "Parent Relationship": "Outer", "Index Name": "movie_id_movie_link", "Startup Cost": 0.0, "Total Cost": 0.29, "Plan Rows": 5, "Plan Width": 0, "Actual Startup Time": 0.003, "Actual Total Time": 0.003, "Actual Rows": 0, "Actual Loops": 1, "Index Cond": "(movie_id = mk.movie_id)"}]}]}, {"Node Type": "Hash", "Parent Relationship": "Inner", "Startup Cost": 12.51, "Total Cost": 12.51, "Plan Rows": 17, "Plan Width": 16, "Actual Startup Time": 0.033, "Actual Total Time": 0.033, "Actual Rows": 17, "Actual Loops": 1, "Hash Buckets": 32768, "Hash Batches": 1, "Original Hash Batches": 1, "Peak Memory Usage": 1, "Plans": [{"Node Type": "Bitmap Heap Scan", "Parent Relationship": "Outer", "Relation Name": "link_type", "Alias": "lt", "Startup Cost": 8.34, "Total Cost": 12.51, "Plan Rows": 17, "Plan Width": 16, "Actual Startup Time": 0.018, "Actual Total Time": 0.023, "Actual Rows": 17, "Actual Loops": 1, "Exact Heap Blocks": 1, "Lossy Heap Blocks": 1, "Plans": [{"Node Type": "Bitmap Index Scan", "Parent Relationship": "Outer", "Index Name": "link_type_pkey", "Startup Cost": 0.0, "Total Cost": 8.34, "Plan Rows": 17, "Plan Width": 0, "Actual Startup Time": 0.007, "Actual Total Time": 0.007, "Actual Rows": 17, "Actual Loops": 1}]}]}]}, {"Node Type": "Bitmap Heap Scan", "Parent Relationship": "Inner", "Relation Name": "title", "Alias": "t2", "Startup Cost": 1.49, "Total Cost": 5.5, "Plan Rows": 1, "Plan Width": 21, "Actual Startup Time": 0.0, "Actual Total Time": 0.0, "Recheck Cond": "(id = ml.linked_movie_id)", "Rows Removed by Index Recheck": 0, "Exact Heap Blocks": 0, "Lossy Heap Blocks": 0, "Plans": [{"Node Type": "Bitmap Index Scan", "Parent Relationship": "Outer", "Index Name": "title_pkey", "Startup Cost": 0.0, "Total Cost": 1.49, "Plan Rows": 1, "Plan Width": 0, "Actual Startup Time": 0.0, "Actual Total Time": 0.0, "Index Cond": "(id = ml.linked_movie_id)"}]}]}]}, "Triggers": [], "Planner Runtime": 7, "Total Runtime": 62.334, "Unique SQL Id": 524435555}}, "(64, 72)": {"explain_plan": {"Plan": {"Node Type": "Aggregate", "Strategy": "Plain", "Startup Cost": 3265.11, "Total Cost": 3265.12, "Plan Rows": 1, "Plan Width": 142, "Plans": [{"Node Type": "Nested Loop", "Parent Relationship": "Outer", "Join Type": "Inner", "Startup Cost": 1.38, "Total Cost": 3263.96, "Plan Rows": 154, "Plan Width": 46, "Inner Unique": true, "Plans": [{"Node Type": "Hash Join", "Parent Relationship": "Outer", "Join Type": "Inner", "Startup Cost": 1.38, "Total Cost": 2600.38, "Plan Rows": 154, "Plan Width": 33, "Inner Unique": true, "Hash Cond": "(ml.link_type_id = lt.id)", "Plans": [{"Node Type": "Nested Loop", "Parent Relationship": "Outer", "Join Type": "Inner", "Startup Cost": 0.0, "Total Cost": 2597.06, "Plan Rows": 154, "Plan Width": 25, "Inner Unique": false, "Plans": [{"Node Type": "Nested Loop", "Parent Relationship": "Outer", "Join Type": "Inner", "Startup Cost": 0.0, "Total Cost": 2583.84, "Plan Rows": 33, "Plan Width": 25, "Inner Unique": true, "Plans": [{"Node Type": "Nested Loop", "Parent Relationship": "Outer", "Join Type": "Inner", "Startup Cost": 0.0, "Total Cost": 2573.32, "Plan Rows": 33, "Plan Width": 4, "Inner Unique": false, "Plans": [{"Node Type": "Seq Scan", "Parent Relationship": "Outer", "Relation Name": "keyword", "Alias": "k", "Startup Cost": 0.0, "Total Cost": 2436.11, "Plan Rows": 1, "Plan Width": 4, "Filter": "((keyword)::text = '10,000-mile-club'::text)"}, {"Node Type": "Index Scan", "Parent Relationship": "Inner", "Scan Direction": "Forward", "Index Name": "keyword_id_movie_keyword", "Relation Name": "movie_keyword", "Alias": "mk", "Startup Cost": 0.0, "Total Cost": 136.88, "Plan Rows": 33, "Plan Width": 8, "Index Cond": "(keyword_id = k.id)"}]}, {"Node Type": "Index Scan", "Parent Relationship": "Inner", "Scan Direction": "Forward", "Index Name": "title_pkey", "Relation Name": "title", "Alias": "t1", "Startup Cost": 0.0, "Total Cost": 0.31, "Plan Rows": 1, "Plan Width": 21, "Index Cond": "(id = mk.movie_id)"}]}, {"Node Type": "Index Scan", "Parent Relationship": "Inner", "Scan Direction": "Forward", "Index Name": "movie_id_movie_link", "Relation Name": "movie_link", "Alias": "ml", "Startup Cost": 0.0, "Total Cost": 0.35, "Plan Rows": 5, "Plan Width": 12, "Index Cond": "(movie_id = t1.id)"}]}, {"Node Type": "Hash", "Parent Relationship": "Inner", "Startup Cost": 1.17, "Total Cost": 1.17, "Plan Rows": 17, "Plan Width": 16, "Plans": [{"Node Type": "Seq Scan", "Parent Relationship": "Outer", "Relation Name": "link_type", "Alias": "lt", "Startup Cost": 0.0, "Total Cost": 1.17, "Plan Rows": 17, "Plan Width": 16}]}]}, {"Node Type": "Index Scan", "Parent Relationship": "Inner", "Scan Direction": "Forward", "Index Name": "title_pkey", "Relation Name": "title", "Alias": "t2", "Startup Cost": 0.0, "Total Cost": 4.3, "Plan Rows": 1, "Plan Width": 21, "Index Cond": "(id = ml.linked_movie_id)"}]}]}, "Unique SQL Id": 524435555, "Planner Runtime": 13}, "explain_analyze_plan": {"Plan": {"Node Type": "Aggregate", "Strategy": "Plain", "Startup Cost": 3265.11, "Total Cost": 3265.12, "Plan Rows": 1, "Plan Width": 142, "Actual Startup Time": 40.59, "Actual Total Time": 40.59, "Actual Rows": 1, "Actual Loops": 1, "Plans": [{"Node Type": "Nested Loop", "Parent Relationship": "Outer", "Join Type": "Inner", "Startup Cost": 1.38, "Total Cost": 3263.96, "Plan Rows": 154, "Plan Width": 46, "Actual Startup Time": 40.585, "Actual Total Time": 40.585, "Actual Rows": 0, "Actual Loops": 1, "Inner Unique": true, "Plans": [{"Node Type": "Hash Join", "Parent Relationship": "Outer", "Join Type": "Inner", "Startup Cost": 1.38, "Total Cost": 2600.38, "Plan Rows": 154, "Plan Width": 33, "Actual Startup Time": 40.584, "Actual Total Time": 40.584, "Actual Rows": 0, "Actual Loops": 1, "Inner Unique": true, "Hash Cond": "(ml.link_type_id = lt.id)", "Plans": [{"Node Type": "Nested Loop", "Parent Relationship": "Outer", "Join Type": "Inner", "Startup Cost": 0.0, "Total Cost": 2597.06, "Plan Rows": 154, "Plan Width": 25, "Actual Startup Time": 40.579, "Actual Total Time": 40.579, "Actual Rows": 0, "Actual Loops": 1, "Inner Unique": false, "Plans": [{"Node Type": "Nested Loop", "Parent Relationship": "Outer", "Join Type": "Inner", "Startup Cost": 0.0, "Total Cost": 2583.84, "Plan Rows": 33, "Plan Width": 25, "Actual Startup Time": 39.697, "Actual Total Time": 40.573, "Actual Rows": 1, "Actual Loops": 1, "Inner Unique": true, "Plans": [{"Node Type": "Nested Loop", "Parent Relationship": "Outer", "Join Type": "Inner", "Startup Cost": 0.0, "Total Cost": 2573.32, "Plan Rows": 33, "Plan Width": 4, "Actual Startup Time": 39.686, "Actual Total Time": 40.561, "Actual Rows": 1, "Actual Loops": 1, "Inner Unique": false, "Plans": [{"Node Type": "Seq Scan", "Parent Relationship": "Outer", "Relation Name": "keyword", "Alias": "k", "Startup Cost": 0.0, "Total Cost": 2436.11, "Plan Rows": 1, "Plan Width": 4, "Actual Startup Time": 39.658, "Actual Total Time": 40.531, "Actual Rows": 1, "Actual Loops": 1, "Filter": "((keyword)::text = '10,000-mile-club'::text)", "Rows Removed by Filter": 134168}, {"Node Type": "Index Scan", "Parent Relationship": "Inner", "Scan Direction": "Forward", "Index Name": "keyword_id_movie_keyword", "Relation Name": "movie_keyword", "Alias": "mk", "Startup Cost": 0.0, "Total Cost": 136.88, "Plan Rows": 33, "Plan Width": 8, "Actual Startup Time": 0.021, "Actual Total Time": 0.021, "Actual Rows": 1, "Actual Loops": 1, "Index Cond": "(keyword_id = k.id)", "Rows Removed by Index Recheck": 0}]}, {"Node Type": "Index Scan", "Parent Relationship": "Inner", "Scan Direction": "Forward", "Index Name": "title_pkey", "Relation Name": "title", "Alias": "t1", "Startup Cost": 0.0, "Total Cost": 0.31, "Plan Rows": 1, "Plan Width": 21, "Actual Startup Time": 0.009, "Actual Total Time": 0.009, "Actual Rows": 1, "Actual Loops": 1, "Index Cond": "(id = mk.movie_id)", "Rows Removed by Index Recheck": 0}]}, {"Node Type": "Index Scan", "Parent Relationship": "Inner", "Scan Direction": "Forward", "Index Name": "movie_id_movie_link", "Relation Name": "movie_link", "Alias": "ml", "Startup Cost": 0.0, "Total Cost": 0.35, "Plan Rows": 5, "Plan Width": 12, "Actual Startup Time": 0.003, "Actual Total Time": 0.003, "Actual Rows": 0, "Actual Loops": 1, "Index Cond": "(movie_id = t1.id)", "Rows Removed by Index Recheck": 0}]}, {"Node Type": "Hash", "Parent Relationship": "Inner", "Startup Cost": 1.17, "Total Cost": 1.17, "Plan Rows": 17, "Plan Width": 16, "Actual Startup Time": 0.0, "Actual Total Time": 0.0, "Hash Buckets": 0, "Hash Batches": 0, "Original Hash Batches": 0, "Peak Memory Usage": 0, "Plans": [{"Node Type": "Seq Scan", "Parent Relationship": "Outer", "Relation Name": "link_type", "Alias": "lt", "Startup Cost": 0.0, "Total Cost": 1.17, "Plan Rows": 17, "Plan Width": 16, "Actual Startup Time": 0.0, "Actual Total Time": 0.0}]}]}, {"Node Type": "Index Scan", "Parent Relationship": "Inner", "Scan Direction": "Forward", "Index Name": "title_pkey", "Relation Name": "title", "Alias": "t2", "Startup Cost": 0.0, "Total Cost": 4.3, "Plan Rows": 1, "Plan Width": 21, "Actual Startup Time": 0.0, "Actual Total Time": 0.0, "Index Cond": "(id = ml.linked_movie_id)", "Rows Removed by Index Recheck": 0}]}]}, "Triggers": [], "Planner Runtime": 7, "Total Runtime": 40.812, "Unique SQL Id": 524435555}}, "(64, 73)": {"explain_plan": {"Plan": {"Node Type": "Aggregate", "Strategy": "Plain", "Startup Cost": 4051.57, "Total Cost": 4051.58, "Plan Rows": 1, "Plan Width": 142, "Plans": [{"Node Type": "Nested Loop", "Parent Relationship": "Outer", "Join Type": "Inner", "Startup Cost": 0.0, "Total Cost": 4050.42, "Plan Rows": 154, "Plan Width": 46, "Inner Unique": true, "Plans": [{"Node Type": "Nested Loop", "Parent Relationship": "Outer", "Join Type": "Inner", "Startup Cost": 0.0, "Total Cost": 3386.84, "Plan Rows": 154, "Plan Width": 33, "Inner Unique": true, "Plans": [{"Node Type": "Nested Loop", "Parent Relationship": "Outer", "Join Type": "Inner", "Startup Cost": 0.0, "Total Cost": 3343.66, "Plan Rows": 154, "Plan Width": 25, "Inner Unique": false, "Plans": [{"Node Type": "Nested Loop", "Parent Relationship": "Outer", "Join Type": "Inner", "Startup Cost": 0.0, "Total Cost": 3330.45, "Plan Rows": 33, "Plan Width": 25, "Inner Unique": true, "Plans": [{"Node Type": "Nested Loop", "Parent Relationship": "Outer", "Join Type": "Inner", "Startup Cost": 0.0, "Total Cost": 3319.92, "Plan Rows": 33, "Plan Width": 4, "Inner Unique": false, "Plans": [{"Node Type": "Index Scan", "Parent Relationship": "Outer", "Scan Direction": "Forward", "Index Name": "keyword_pkey", "Relation Name": "keyword", "Alias": "k", "Startup Cost": 0.0, "Total Cost": 3182.72, "Plan Rows": 1, "Plan Width": 4, "Filter": "((keyword)::text = '10,000-mile-club'::text)"}, {"Node Type": "Index Scan", "Parent Relationship": "Inner", "Scan Direction": "Forward", "Index Name": "keyword_id_movie_keyword", "Relation Name": "movie_keyword", "Alias": "mk", "Startup Cost": 0.0, "Total Cost": 136.88, "Plan Rows": 33, "Plan Width": 8, "Index Cond": "(keyword_id = k.id)"}]}, {"Node Type": "Index Scan", "Parent Relationship": "Inner", "Scan Direction": "Forward", "Index Name": "title_pkey", "Relation Name": "title", "Alias": "t1", "Startup Cost": 0.0, "Total Cost": 0.31, "Plan Rows": 1, "Plan Width": 21, "Index Cond": "(id = mk.movie_id)"}]}, {"Node Type": "Index Scan", "Parent Relationship": "Inner", "Scan Direction": "Forward", "Index Name": "movie_id_movie_link", "Relation Name": "movie_link", "Alias": "ml", "Startup Cost": 0.0, "Total Cost": 0.35, "Plan Rows": 5, "Plan Width": 12, "Index Cond": "(movie_id = t1.id)"}]}, {"Node Type": "Index Scan", "Parent Relationship": "Inner", "Scan Direction": "Forward", "Index Name": "link_type_pkey", "Relation Name": "link_type", "Alias": "lt", "Startup Cost": 0.0, "Total Cost": 0.27, "Plan Rows": 1, "Plan Width": 16, "Index Cond": "(id = ml.link_type_id)"}]}, {"Node Type": "Index Scan", "Parent Relationship": "Inner", "Scan Direction": "Forward", "Index Name": "title_pkey", "Relation Name": "title", "Alias": "t2", "Startup Cost": 0.0, "Total Cost": 4.3, "Plan Rows": 1, "Plan Width": 21, "Index Cond": "(id = ml.linked_movie_id)"}]}]}, "Unique SQL Id": 524435555, "Planner Runtime": 13}, "explain_analyze_plan": {"Plan": {"Node Type": "Aggregate", "Strategy": "Plain", "Startup Cost": 4051.57, "Total Cost": 4051.58, "Plan Rows": 1, "Plan Width": 142, "Actual Startup Time": 112.659, "Actual Total Time": 112.659, "Actual Rows": 1, "Actual Loops": 1, "Plans": [{"Node Type": "Nested Loop", "Parent Relationship": "Outer", "Join Type": "Inner", "Startup Cost": 0.0, "Total Cost": 4050.42, "Plan Rows": 154, "Plan Width": 46, "Actual Startup Time": 112.653, "Actual Total Time": 112.653, "Actual Rows": 0, "Actual Loops": 1, "Inner Unique": true, "Plans": [{"Node Type": "Nested Loop", "Parent Relationship": "Outer", "Join Type": "Inner", "Startup Cost": 0.0, "Total Cost": 3386.84, "Plan Rows": 154, "Plan Width": 33, "Actual Startup Time": 112.653, "Actual Total Time": 112.653, "Actual Rows": 0, "Actual Loops": 1, "Inner Unique": true, "Plans": [{"Node Type": "Nested Loop", "Parent Relationship": "Outer", "Join Type": "Inner", "Startup Cost": 0.0, "Total Cost": 3343.66, "Plan Rows": 154, "Plan Width": 25, "Actual Startup Time": 112.652, "Actual Total Time": 112.652, "Actual Rows": 0, "Actual Loops": 1, "Inner Unique": false, "Plans": [{"Node Type": "Nested Loop", "Parent Relationship": "Outer", "Join Type": "Inner", "Startup Cost": 0.0, "Total Cost": 3330.45, "Plan Rows": 33, "Plan Width": 25, "Actual Startup Time": 110.792, "Actual Total Time": 112.645, "Actual Rows": 1, "Actual Loops": 1, "Inner Unique": true, "Plans": [{"Node Type": "Nested Loop", "Parent Relationship": "Outer", "Join Type": "Inner", "Startup Cost": 0.0, "Total Cost": 3319.92, "Plan Rows": 33, "Plan Width": 4, "Actual Startup Time": 110.781, "Actual Total Time": 112.634, "Actual Rows": 1, "Actual Loops": 1, "Inner Unique": false, "Plans": [{"Node Type": "Index Scan", "Parent Relationship": "Outer", "Scan Direction": "Forward", "Index Name": "keyword_pkey", "Relation Name": "keyword", "Alias": "k", "Startup Cost": 0.0, "Total Cost": 3182.72, "Plan Rows": 1, "Plan Width": 4, "Actual Startup Time": 110.759, "Actual Total Time": 112.61, "Actual Rows": 1, "Actual Loops": 1, "Filter": "((keyword)::text = '10,000-mile-club'::text)", "Rows Removed by Filter": 134168}, {"Node Type": "Index Scan", "Parent Relationship": "Inner", "Scan Direction": "Forward", "Index Name": "keyword_id_movie_keyword", "Relation Name": "movie_keyword", "Alias": "mk", "Startup Cost": 0.0, "Total Cost": 136.88, "Plan Rows": 33, "Plan Width": 8, "Actual Startup Time": 0.014, "Actual Total Time": 0.015, "Actual Rows": 1, "Actual Loops": 1, "Index Cond": "(keyword_id = k.id)", "Rows Removed by Index Recheck": 0}]}, {"Node Type": "Index Scan", "Parent Relationship": "Inner", "Scan Direction": "Forward", "Index Name": "title_pkey", "Relation Name": "title", "Alias": "t1", "Startup Cost": 0.0, "Total Cost": 0.31, "Plan Rows": 1, "Plan Width": 21, "Actual Startup Time": 0.009, "Actual Total Time": 0.009, "Actual Rows": 1, "Actual Loops": 1, "Index Cond": "(id = mk.movie_id)", "Rows Removed by Index Recheck": 0}]}, {"Node Type": "Index Scan", "Parent Relationship": "Inner", "Scan Direction": "Forward", "Index Name": "movie_id_movie_link", "Relation Name": "movie_link", "Alias": "ml", "Startup Cost": 0.0, "Total Cost": 0.35, "Plan Rows": 5, "Plan Width": 12, "Actual Startup Time": 0.003, "Actual Total Time": 0.003, "Actual Rows": 0, "Actual Loops": 1, "Index Cond": "(movie_id = t1.id)", "Rows Removed by Index Recheck": 0}]}, {"Node Type": "Index Scan", "Parent Relationship": "Inner", "Scan Direction": "Forward", "Index Name": "link_type_pkey", "Relation Name": "link_type", "Alias": "lt", "Startup Cost": 0.0, "Total Cost": 0.27, "Plan Rows": 1, "Plan Width": 16, "Actual Startup Time": 0.0, "Actual Total Time": 0.0, "Index Cond": "(id = ml.link_type_id)", "Rows Removed by Index Recheck": 0}]}, {"Node Type": "Index Scan", "Parent Relationship": "Inner", "Scan Direction": "Forward", "Index Name": "title_pkey", "Relation Name": "title", "Alias": "t2", "Startup Cost": 0.0, "Total Cost": 4.3, "Plan Rows": 1, "Plan Width": 21, "Actual Startup Time": 0.0, "Actual Total Time": 0.0, "Index Cond": "(id = ml.linked_movie_id)", "Rows Removed by Index Recheck": 0}]}]}, "Triggers": [], "Planner Runtime": 2, "Total Runtime": 112.875, "Unique SQL Id": 524435555}}, "(64, 74)": {"explain_plan": {"Plan": {"Node Type": "Aggregate", "Strategy": "Plain", "Startup Cost": 216137.06, "Total Cost": 216137.07, "Plan Rows": 1, "Plan Width": 142, "Plans": [{"Node Type": "Hash Join", "Parent Relationship": "Outer", "Join Type": "Inner", "Startup Cost": 146581.97, "Total Cost": 216135.9, "Plan Rows": 154, "Plan Width": 46, "Inner Unique": true, "Hash Cond": "(ml.link_type_id = lt.id)", "Plans": [{"Node Type": "Hash Join", "Parent Relationship": "Outer", "Join Type": "Inner", "Startup Cost": 146580.59, "Total Cost": 216132.4, "Plan Rows": 154, "Plan Width": 38, "Inner Unique": false, "Hash Cond": "(t2.id = ml.linked_movie_id)", "Plans": [{"Node Type": "Seq Scan", "Parent Relationship": "Outer", "Relation Name": "title", "Alias": "t2", "Startup Cost": 0.0, "Total Cost": 60069.11, "Plan Rows": 2528311, "Plan Width": 21}, {"Node Type": "Hash", "Parent Relationship": "Inner", "Startup Cost": 146578.66, "Total Cost": 146578.66, "Plan Rows": 154, "Plan Width": 25, "Plans": [{"Node Type": "Hash Join", "Parent Relationship": "Outer", "Join Type": "Inner", "Startup Cost": 77022.17, "Total Cost": 146578.66, "Plan Rows": 154, "Plan Width": 25, "Inner Unique": false, "Hash Cond": "(t1.id = ml.movie_id)", "Plans": [{"Node Type": "Hash Join", "Parent Relationship": "Outer", "Join Type": "Inner", "Startup Cost": 76216.26, "Total Cost": 145766.86, "Plan Rows": 33, "Plan Width": 25, "Inner Unique": false, "Hash Cond": "(t1.id = mk.movie_id)", "Plans": [{"Node Type": "Seq Scan", "Parent Relationship": "Outer", "Relation Name": "title", "Alias": "t1", "Startup Cost": 0.0, "Total Cost": 60069.11, "Plan Rows": 2528311, "Plan Width": 21}, {"Node Type": "Hash", "Parent Relationship": "Inner", "Startup Cost": 76215.84, "Total Cost": 76215.84, "Plan Rows": 33, "Plan Width": 4, "Plans": [{"Node Type": "Hash Join", "Parent Relationship": "Outer", "Join Type": "Inner", "Startup Cost": 2436.12, "Total Cost": 76215.84, "Plan Rows": 33, "Plan Width": 4, "Inner Unique": true, "Hash Cond": "(mk.keyword_id = k.id)", "Plans": [{"Node Type": "Seq Scan", "Parent Relationship": "Outer", "Relation Name": "movie_keyword", "Alias": "mk", "Startup Cost": 0.0, "Total Cost": 62441.29, "Plan Rows": 4523929, "Plan Width": 8}, {"Node Type": "Hash", "Parent Relationship": "Inner", "Startup Cost": 2436.11, "Total Cost": 2436.11, "Plan Rows": 1, "Plan Width": 4, "Plans": [{"Node Type": "Seq Scan", "Parent Relationship": "Outer", "Relation Name": "keyword", "Alias": "k", "Startup Cost": 0.0, "Total Cost": 2436.11, "Plan Rows": 1, "Plan Width": 4, "Filter": "((keyword)::text = '10,000-mile-club'::text)"}]}]}]}]}, {"Node Type": "Hash", "Parent Relationship": "Inner", "Startup Cost": 430.96, "Total Cost": 430.96, "Plan Rows": 29996, "Plan Width": 12, "Plans": [{"Node Type": "Seq Scan", "Parent Relationship": "Outer", "Relation Name": "movie_link", "Alias": "ml", "Startup Cost": 0.0, "Total Cost": 430.96, "Plan Rows": 29996, "Plan Width": 12}]}]}]}]}, {"Node Type": "Hash", "Parent Relationship": "Inner", "Startup Cost": 1.17, "Total Cost": 1.17, "Plan Rows": 17, "Plan Width": 16, "Plans": [{"Node Type": "Seq Scan", "Parent Relationship": "Outer", "Relation Name": "link_type", "Alias": "lt", "Startup Cost": 0.0, "Total Cost": 1.17, "Plan Rows": 17, "Plan Width": 16}]}]}]}, "Unique SQL Id": 524435555, "Planner Runtime": 15}, "explain_analyze_plan": null}, "(64, 75)": {"explain_plan": {"Plan": {"Node Type": "Aggregate", "Strategy": "Plain", "Startup Cost": 4103059830084.63, "Total Cost": 4103059830084.64, "Plan Rows": 1, "Plan Width": 142, "Plans": [{"Node Type": "Merge Join", "Parent Relationship": "Outer", "Join Type": "Inner", "Startup Cost": 3114387589920.25, "Total Cost": 4103059830083.48, "Plan Rows": 154, "Plan Width": 46, "Inner Unique": true, "Merge Cond": "(ml.linked_movie_id = t2.id)", "Plans": [{"Node Type": "Sort", "Parent Relationship": "Outer", "Startup Cost": 3104266594756.02, "Total Cost": 3104266594756.4, "Plan Rows": 154, "Plan Width": 33, "Sort Key": ["ml.linked_movie_id"], "Plans": [{"Node Type": "Hash Join", "Parent Relationship": "Outer", "Join Type": "Inner", "Startup Cost": 2114266276473.82, "Total Cost": 3104266594750.42, "Plan Rows": 154, "Plan Width": 33, "Inner Unique": false, "Hash Cond": "(k.id = mk.keyword_id)", "Plans": [{"Node Type": "Index Scan", "Parent Relationship": "Outer", "Scan Direction": "Forward", "Index Name": "keyword_pkey", "Relation Name": "keyword", "Alias": "k", "Startup Cost": 10000000000.0, "Total Cost": 1000000318271.68, "Plan Rows": 1, "Plan Width": 4, "Filter": "((keyword)::text = '10,000-mile-club'::text)"}, {"Node Type": "Hash", "Parent Relationship": "Inner", "Startup Cost": 2104266273457.08, "Total Cost": 2104266273457.08, "Plan Rows": 241339, "Plan Width": 37, "Plans": [{"Node Type": "Merge Join", "Parent Relationship": "Outer", "Join Type": "Inner", "Startup Cost": 1172501562824.25, "Total Cost": 2104266273457.08, "Plan Rows": 241339, "Plan Width": 37, "Inner Unique": false, "Merge Cond": "(lt.id = ml.link_type_id)", "Plans": [{"Node Type": "Index Scan", "Parent Relationship": "Outer", "Scan Direction": "Forward", "Index Name": "link_type_pkey", "Relation Name": "link_type", "Alias": "lt", "Startup Cost": 10000000000.0, "Total Cost": 1000000001250.5, "Plan Rows": 17, "Plan Width": 16}, {"Node Type": "Sort", "Parent Relationship": "Inner", "Startup Cost": 1162501562777.66, "Total Cost": 1162501563381.01, "Plan Rows": 241339, "Plan Width": 29, "Sort Key": ["ml.link_type_id"], "Plans": [{"Node Type": "Merge Join", "Parent Relationship": "Outer", "Join Type": "Inner", "Startup Cost": 30162989099.11, "Total Cost": 1162501541201.11, "Plan Rows": 241339, "Plan Width": 29, "Inner Unique": false, "Merge Cond": "(t1.id = ml.movie_id)", "Plans": [{"Node Type": "Merge Join", "Parent Relationship": "Outer", "Join Type": "Inner", "Startup Cost": 20120995164.23, "Total Cost": 1999054106967.89, "Plan Rows": 4523929, "Plan Width": 29, "Inner Unique": false, "Merge Cond": "(t1.id = mk.movie_id)", "Plans": [{"Node Type": "Index Scan", "Parent Relationship": "Outer", "Scan Direction": "Forward", "Index Name": "title_pkey", "Relation Name": "title", "Alias": "t1", "Startup Cost": 10000000000.0, "Total Cost": 1000011012048.91, "Plan Rows": 2528311, "Plan Width": 21}, {"Node Type": "Index Scan", "Parent Relationship": "Inner", "Scan Direction": "Forward", "Index Name": "movie_id_movie_keyword", "Relation Name": "movie_keyword", "Alias": "mk", "Startup Cost": 10000000000.0, "Total Cost": 1000015300634.17, "Plan Rows": 4523929, "Plan Width": 8}]}, {"Node Type": "Materialize", "Parent Relationship": "Inner", "Startup Cost": 10000000000.0, "Total Cost": 1000000106277.36, "Plan Rows": 29996, "Plan Width": 12, "Plans": [{"Node Type": "Index Scan", "Parent Relationship": "Outer", "Scan Direction": "Forward", "Index Name": "movie_id_movie_link", "Relation Name": "movie_link", "Alias": "ml", "Startup Cost": 10000000000.0, "Total Cost": 1000000106202.37, "Plan Rows": 29996, "Plan Width": 12}]}]}]}]}]}]}]}, {"Node Type": "Index Scan", "Parent Relationship": "Inner", "Scan Direction": "Forward", "Index Name": "title_pkey", "Relation Name": "title", "Alias": "t2", "Startup Cost": 10000000000.0, "Total Cost": 1000011012048.91, "Plan Rows": 2528311, "Plan Width": 21}]}]}, "Unique SQL Id": 524435555, "Planner Runtime": 19}, "explain_analyze_plan": null}, "(64, 76)": {"explain_plan": {"Plan": {"Node Type": "Aggregate", "Strategy": "Plain", "Startup Cost": 3265.11, "Total Cost": 3265.12, "Plan Rows": 1, "Plan Width": 142, "Plans": [{"Node Type": "Nested Loop", "Parent Relationship": "Outer", "Join Type": "Inner", "Startup Cost": 1.38, "Total Cost": 3263.96, "Plan Rows": 154, "Plan Width": 46, "Inner Unique": true, "Plans": [{"Node Type": "Hash Join", "Parent Relationship": "Outer", "Join Type": "Inner", "Startup Cost": 1.38, "Total Cost": 2600.38, "Plan Rows": 154, "Plan Width": 33, "Inner Unique": true, "Hash Cond": "(ml.link_type_id = lt.id)", "Plans": [{"Node Type": "Nested Loop", "Parent Relationship": "Outer", "Join Type": "Inner", "Startup Cost": 0.0, "Total Cost": 2597.06, "Plan Rows": 154, "Plan Width": 25, "Inner Unique": false, "Plans": [{"Node Type": "Nested Loop", "Parent Relationship": "Outer", "Join Type": "Inner", "Startup Cost": 0.0, "Total Cost": 2583.84, "Plan Rows": 33, "Plan Width": 25, "Inner Unique": true, "Plans": [{"Node Type": "Nested Loop", "Parent Relationship": "Outer", "Join Type": "Inner", "Startup Cost": 0.0, "Total Cost": 2573.32, "Plan Rows": 33, "Plan Width": 4, "Inner Unique": false, "Plans": [{"Node Type": "Seq Scan", "Parent Relationship": "Outer", "Relation Name": "keyword", "Alias": "k", "Startup Cost": 0.0, "Total Cost": 2436.11, "Plan Rows": 1, "Plan Width": 4, "Filter": "((keyword)::text = '10,000-mile-club'::text)"}, {"Node Type": "Index Scan", "Parent Relationship": "Inner", "Scan Direction": "Forward", "Index Name": "keyword_id_movie_keyword", "Relation Name": "movie_keyword", "Alias": "mk", "Startup Cost": 0.0, "Total Cost": 136.88, "Plan Rows": 33, "Plan Width": 8, "Index Cond": "(keyword_id = k.id)"}]}, {"Node Type": "Index Scan", "Parent Relationship": "Inner", "Scan Direction": "Forward", "Index Name": "title_pkey", "Relation Name": "title", "Alias": "t1", "Startup Cost": 0.0, "Total Cost": 0.31, "Plan Rows": 1, "Plan Width": 21, "Index Cond": "(id = mk.movie_id)"}]}, {"Node Type": "Index Scan", "Parent Relationship": "Inner", "Scan Direction": "Forward", "Index Name": "movie_id_movie_link", "Relation Name": "movie_link", "Alias": "ml", "Startup Cost": 0.0, "Total Cost": 0.35, "Plan Rows": 5, "Plan Width": 12, "Index Cond": "(movie_id = t1.id)"}]}, {"Node Type": "Hash", "Parent Relationship": "Inner", "Startup Cost": 1.17, "Total Cost": 1.17, "Plan Rows": 17, "Plan Width": 16, "Plans": [{"Node Type": "Seq Scan", "Parent Relationship": "Outer", "Relation Name": "link_type", "Alias": "lt", "Startup Cost": 0.0, "Total Cost": 1.17, "Plan Rows": 17, "Plan Width": 16}]}]}, {"Node Type": "Index Scan", "Parent Relationship": "Inner", "Scan Direction": "Forward", "Index Name": "title_pkey", "Relation Name": "title", "Alias": "t2", "Startup Cost": 0.0, "Total Cost": 4.3, "Plan Rows": 1, "Plan Width": 21, "Index Cond": "(id = ml.linked_movie_id)"}]}]}, "Unique SQL Id": 524435555, "Planner Runtime": 14}, "explain_analyze_plan": {"Plan": {"Node Type": "Aggregate", "Strategy": "Plain", "Startup Cost": 3265.11, "Total Cost": 3265.12, "Plan Rows": 1, "Plan Width": 142, "Actual Startup Time": 40.59, "Actual Total Time": 40.59, "Actual Rows": 1, "Actual Loops": 1, "Plans": [{"Node Type": "Nested Loop", "Parent Relationship": "Outer", "Join Type": "Inner", "Startup Cost": 1.38, "Total Cost": 3263.96, "Plan Rows": 154, "Plan Width": 46, "Actual Startup Time": 40.585, "Actual Total Time": 40.585, "Actual Rows": 0, "Actual Loops": 1, "Inner Unique": true, "Plans": [{"Node Type": "Hash Join", "Parent Relationship": "Outer", "Join Type": "Inner", "Startup Cost": 1.38, "Total Cost": 2600.38, "Plan Rows": 154, "Plan Width": 33, "Actual Startup Time": 40.584, "Actual Total Time": 40.584, "Actual Rows": 0, "Actual Loops": 1, "Inner Unique": true, "Hash Cond": "(ml.link_type_id = lt.id)", "Plans": [{"Node Type": "Nested Loop", "Parent Relationship": "Outer", "Join Type": "Inner", "Startup Cost": 0.0, "Total Cost": 2597.06, "Plan Rows": 154, "Plan Width": 25, "Actual Startup Time": 40.579, "Actual Total Time": 40.579, "Actual Rows": 0, "Actual Loops": 1, "Inner Unique": false, "Plans": [{"Node Type": "Nested Loop", "Parent Relationship": "Outer", "Join Type": "Inner", "Startup Cost": 0.0, "Total Cost": 2583.84, "Plan Rows": 33, "Plan Width": 25, "Actual Startup Time": 39.697, "Actual Total Time": 40.573, "Actual Rows": 1, "Actual Loops": 1, "Inner Unique": true, "Plans": [{"Node Type": "Nested Loop", "Parent Relationship": "Outer", "Join Type": "Inner", "Startup Cost": 0.0, "Total Cost": 2573.32, "Plan Rows": 33, "Plan Width": 4, "Actual Startup Time": 39.686, "Actual Total Time": 40.561, "Actual Rows": 1, "Actual Loops": 1, "Inner Unique": false, "Plans": [{"Node Type": "Seq Scan", "Parent Relationship": "Outer", "Relation Name": "keyword", "Alias": "k", "Startup Cost": 0.0, "Total Cost": 2436.11, "Plan Rows": 1, "Plan Width": 4, "Actual Startup Time": 39.658, "Actual Total Time": 40.531, "Actual Rows": 1, "Actual Loops": 1, "Filter": "((keyword)::text = '10,000-mile-club'::text)", "Rows Removed by Filter": 134168}, {"Node Type": "Index Scan", "Parent Relationship": "Inner", "Scan Direction": "Forward", "Index Name": "keyword_id_movie_keyword", "Relation Name": "movie_keyword", "Alias": "mk", "Startup Cost": 0.0, "Total Cost": 136.88, "Plan Rows": 33, "Plan Width": 8, "Actual Startup Time": 0.021, "Actual Total Time": 0.021, "Actual Rows": 1, "Actual Loops": 1, "Index Cond": "(keyword_id = k.id)", "Rows Removed by Index Recheck": 0}]}, {"Node Type": "Index Scan", "Parent Relationship": "Inner", "Scan Direction": "Forward", "Index Name": "title_pkey", "Relation Name": "title", "Alias": "t1", "Startup Cost": 0.0, "Total Cost": 0.31, "Plan Rows": 1, "Plan Width": 21, "Actual Startup Time": 0.009, "Actual Total Time": 0.009, "Actual Rows": 1, "Actual Loops": 1, "Index Cond": "(id = mk.movie_id)", "Rows Removed by Index Recheck": 0}]}, {"Node Type": "Index Scan", "Parent Relationship": "Inner", "Scan Direction": "Forward", "Index Name": "movie_id_movie_link", "Relation Name": "movie_link", "Alias": "ml", "Startup Cost": 0.0, "Total Cost": 0.35, "Plan Rows": 5, "Plan Width": 12, "Actual Startup Time": 0.003, "Actual Total Time": 0.003, "Actual Rows": 0, "Actual Loops": 1, "Index Cond": "(movie_id = t1.id)", "Rows Removed by Index Recheck": 0}]}, {"Node Type": "Hash", "Parent Relationship": "Inner", "Startup Cost": 1.17, "Total Cost": 1.17, "Plan Rows": 17, "Plan Width": 16, "Actual Startup Time": 0.0, "Actual Total Time": 0.0, "Hash Buckets": 0, "Hash Batches": 0, "Original Hash Batches": 0, "Peak Memory Usage": 0, "Plans": [{"Node Type": "Seq Scan", "Parent Relationship": "Outer", "Relation Name": "link_type", "Alias": "lt", "Startup Cost": 0.0, "Total Cost": 1.17, "Plan Rows": 17, "Plan Width": 16, "Actual Startup Time": 0.0, "Actual Total Time": 0.0}]}]}, {"Node Type": "Index Scan", "Parent Relationship": "Inner", "Scan Direction": "Forward", "Index Name": "title_pkey", "Relation Name": "title", "Alias": "t2", "Startup Cost": 0.0, "Total Cost": 4.3, "Plan Rows": 1, "Plan Width": 21, "Actual Startup Time": 0.0, "Actual Total Time": 0.0, "Index Cond": "(id = ml.linked_movie_id)", "Rows Removed by Index Recheck": 0}]}]}, "Triggers": [], "Planner Runtime": 7, "Total Runtime": 40.812, "Unique SQL Id": 524435555}}, "(64, 77)": {"explain_plan": {"Plan": {"Node Type": "Aggregate", "Strategy": "Plain", "Startup Cost": 4051.57, "Total Cost": 4051.58, "Plan Rows": 1, "Plan Width": 142, "Plans": [{"Node Type": "Nested Loop", "Parent Relationship": "Outer", "Join Type": "Inner", "Startup Cost": 0.0, "Total Cost": 4050.42, "Plan Rows": 154, "Plan Width": 46, "Inner Unique": true, "Plans": [{"Node Type": "Nested Loop", "Parent Relationship": "Outer", "Join Type": "Inner", "Startup Cost": 0.0, "Total Cost": 3386.84, "Plan Rows": 154, "Plan Width": 33, "Inner Unique": true, "Plans": [{"Node Type": "Nested Loop", "Parent Relationship": "Outer", "Join Type": "Inner", "Startup Cost": 0.0, "Total Cost": 3343.66, "Plan Rows": 154, "Plan Width": 25, "Inner Unique": false, "Plans": [{"Node Type": "Nested Loop", "Parent Relationship": "Outer", "Join Type": "Inner", "Startup Cost": 0.0, "Total Cost": 3330.45, "Plan Rows": 33, "Plan Width": 25, "Inner Unique": true, "Plans": [{"Node Type": "Nested Loop", "Parent Relationship": "Outer", "Join Type": "Inner", "Startup Cost": 0.0, "Total Cost": 3319.92, "Plan Rows": 33, "Plan Width": 4, "Inner Unique": false, "Plans": [{"Node Type": "Index Scan", "Parent Relationship": "Outer", "Scan Direction": "Forward", "Index Name": "keyword_pkey", "Relation Name": "keyword", "Alias": "k", "Startup Cost": 0.0, "Total Cost": 3182.72, "Plan Rows": 1, "Plan Width": 4, "Filter": "((keyword)::text = '10,000-mile-club'::text)"}, {"Node Type": "Index Scan", "Parent Relationship": "Inner", "Scan Direction": "Forward", "Index Name": "keyword_id_movie_keyword", "Relation Name": "movie_keyword", "Alias": "mk", "Startup Cost": 0.0, "Total Cost": 136.88, "Plan Rows": 33, "Plan Width": 8, "Index Cond": "(keyword_id = k.id)"}]}, {"Node Type": "Index Scan", "Parent Relationship": "Inner", "Scan Direction": "Forward", "Index Name": "title_pkey", "Relation Name": "title", "Alias": "t1", "Startup Cost": 0.0, "Total Cost": 0.31, "Plan Rows": 1, "Plan Width": 21, "Index Cond": "(id = mk.movie_id)"}]}, {"Node Type": "Index Scan", "Parent Relationship": "Inner", "Scan Direction": "Forward", "Index Name": "movie_id_movie_link", "Relation Name": "movie_link", "Alias": "ml", "Startup Cost": 0.0, "Total Cost": 0.35, "Plan Rows": 5, "Plan Width": 12, "Index Cond": "(movie_id = t1.id)"}]}, {"Node Type": "Index Scan", "Parent Relationship": "Inner", "Scan Direction": "Forward", "Index Name": "link_type_pkey", "Relation Name": "link_type", "Alias": "lt", "Startup Cost": 0.0, "Total Cost": 0.27, "Plan Rows": 1, "Plan Width": 16, "Index Cond": "(id = ml.link_type_id)"}]}, {"Node Type": "Index Scan", "Parent Relationship": "Inner", "Scan Direction": "Forward", "Index Name": "title_pkey", "Relation Name": "title", "Alias": "t2", "Startup Cost": 0.0, "Total Cost": 4.3, "Plan Rows": 1, "Plan Width": 21, "Index Cond": "(id = ml.linked_movie_id)"}]}]}, "Unique SQL Id": 524435555, "Planner Runtime": 13}, "explain_analyze_plan": {"Plan": {"Node Type": "Aggregate", "Strategy": "Plain", "Startup Cost": 4051.57, "Total Cost": 4051.58, "Plan Rows": 1, "Plan Width": 142, "Actual Startup Time": 112.659, "Actual Total Time": 112.659, "Actual Rows": 1, "Actual Loops": 1, "Plans": [{"Node Type": "Nested Loop", "Parent Relationship": "Outer", "Join Type": "Inner", "Startup Cost": 0.0, "Total Cost": 4050.42, "Plan Rows": 154, "Plan Width": 46, "Actual Startup Time": 112.653, "Actual Total Time": 112.653, "Actual Rows": 0, "Actual Loops": 1, "Inner Unique": true, "Plans": [{"Node Type": "Nested Loop", "Parent Relationship": "Outer", "Join Type": "Inner", "Startup Cost": 0.0, "Total Cost": 3386.84, "Plan Rows": 154, "Plan Width": 33, "Actual Startup Time": 112.653, "Actual Total Time": 112.653, "Actual Rows": 0, "Actual Loops": 1, "Inner Unique": true, "Plans": [{"Node Type": "Nested Loop", "Parent Relationship": "Outer", "Join Type": "Inner", "Startup Cost": 0.0, "Total Cost": 3343.66, "Plan Rows": 154, "Plan Width": 25, "Actual Startup Time": 112.652, "Actual Total Time": 112.652, "Actual Rows": 0, "Actual Loops": 1, "Inner Unique": false, "Plans": [{"Node Type": "Nested Loop", "Parent Relationship": "Outer", "Join Type": "Inner", "Startup Cost": 0.0, "Total Cost": 3330.45, "Plan Rows": 33, "Plan Width": 25, "Actual Startup Time": 110.792, "Actual Total Time": 112.645, "Actual Rows": 1, "Actual Loops": 1, "Inner Unique": true, "Plans": [{"Node Type": "Nested Loop", "Parent Relationship": "Outer", "Join Type": "Inner", "Startup Cost": 0.0, "Total Cost": 3319.92, "Plan Rows": 33, "Plan Width": 4, "Actual Startup Time": 110.781, "Actual Total Time": 112.634, "Actual Rows": 1, "Actual Loops": 1, "Inner Unique": false, "Plans": [{"Node Type": "Index Scan", "Parent Relationship": "Outer", "Scan Direction": "Forward", "Index Name": "keyword_pkey", "Relation Name": "keyword", "Alias": "k", "Startup Cost": 0.0, "Total Cost": 3182.72, "Plan Rows": 1, "Plan Width": 4, "Actual Startup Time": 110.759, "Actual Total Time": 112.61, "Actual Rows": 1, "Actual Loops": 1, "Filter": "((keyword)::text = '10,000-mile-club'::text)", "Rows Removed by Filter": 134168}, {"Node Type": "Index Scan", "Parent Relationship": "Inner", "Scan Direction": "Forward", "Index Name": "keyword_id_movie_keyword", "Relation Name": "movie_keyword", "Alias": "mk", "Startup Cost": 0.0, "Total Cost": 136.88, "Plan Rows": 33, "Plan Width": 8, "Actual Startup Time": 0.014, "Actual Total Time": 0.015, "Actual Rows": 1, "Actual Loops": 1, "Index Cond": "(keyword_id = k.id)", "Rows Removed by Index Recheck": 0}]}, {"Node Type": "Index Scan", "Parent Relationship": "Inner", "Scan Direction": "Forward", "Index Name": "title_pkey", "Relation Name": "title", "Alias": "t1", "Startup Cost": 0.0, "Total Cost": 0.31, "Plan Rows": 1, "Plan Width": 21, "Actual Startup Time": 0.009, "Actual Total Time": 0.009, "Actual Rows": 1, "Actual Loops": 1, "Index Cond": "(id = mk.movie_id)", "Rows Removed by Index Recheck": 0}]}, {"Node Type": "Index Scan", "Parent Relationship": "Inner", "Scan Direction": "Forward", "Index Name": "movie_id_movie_link", "Relation Name": "movie_link", "Alias": "ml", "Startup Cost": 0.0, "Total Cost": 0.35, "Plan Rows": 5, "Plan Width": 12, "Actual Startup Time": 0.003, "Actual Total Time": 0.003, "Actual Rows": 0, "Actual Loops": 1, "Index Cond": "(movie_id = t1.id)", "Rows Removed by Index Recheck": 0}]}, {"Node Type": "Index Scan", "Parent Relationship": "Inner", "Scan Direction": "Forward", "Index Name": "link_type_pkey", "Relation Name": "link_type", "Alias": "lt", "Startup Cost": 0.0, "Total Cost": 0.27, "Plan Rows": 1, "Plan Width": 16, "Actual Startup Time": 0.0, "Actual Total Time": 0.0, "Index Cond": "(id = ml.link_type_id)", "Rows Removed by Index Recheck": 0}]}, {"Node Type": "Index Scan", "Parent Relationship": "Inner", "Scan Direction": "Forward", "Index Name": "title_pkey", "Relation Name": "title", "Alias": "t2", "Startup Cost": 0.0, "Total Cost": 4.3, "Plan Rows": 1, "Plan Width": 21, "Actual Startup Time": 0.0, "Actual Total Time": 0.0, "Index Cond": "(id = ml.linked_movie_id)", "Rows Removed by Index Recheck": 0}]}]}, "Triggers": [], "Planner Runtime": 2, "Total Runtime": 112.875, "Unique SQL Id": 524435555}}, "(64, 78)": {"explain_plan": {"Plan": {"Node Type": "Aggregate", "Strategy": "Plain", "Startup Cost": 216137.06, "Total Cost": 216137.07, "Plan Rows": 1, "Plan Width": 142, "Plans": [{"Node Type": "Hash Join", "Parent Relationship": "Outer", "Join Type": "Inner", "Startup Cost": 146581.97, "Total Cost": 216135.9, "Plan Rows": 154, "Plan Width": 46, "Inner Unique": true, "Hash Cond": "(ml.link_type_id = lt.id)", "Plans": [{"Node Type": "Hash Join", "Parent Relationship": "Outer", "Join Type": "Inner", "Startup Cost": 146580.59, "Total Cost": 216132.4, "Plan Rows": 154, "Plan Width": 38, "Inner Unique": false, "Hash Cond": "(t2.id = ml.linked_movie_id)", "Plans": [{"Node Type": "Seq Scan", "Parent Relationship": "Outer", "Relation Name": "title", "Alias": "t2", "Startup Cost": 0.0, "Total Cost": 60069.11, "Plan Rows": 2528311, "Plan Width": 21}, {"Node Type": "Hash", "Parent Relationship": "Inner", "Startup Cost": 146578.66, "Total Cost": 146578.66, "Plan Rows": 154, "Plan Width": 25, "Plans": [{"Node Type": "Hash Join", "Parent Relationship": "Outer", "Join Type": "Inner", "Startup Cost": 77022.17, "Total Cost": 146578.66, "Plan Rows": 154, "Plan Width": 25, "Inner Unique": false, "Hash Cond": "(t1.id = ml.movie_id)", "Plans": [{"Node Type": "Hash Join", "Parent Relationship": "Outer", "Join Type": "Inner", "Startup Cost": 76216.26, "Total Cost": 145766.86, "Plan Rows": 33, "Plan Width": 25, "Inner Unique": false, "Hash Cond": "(t1.id = mk.movie_id)", "Plans": [{"Node Type": "Seq Scan", "Parent Relationship": "Outer", "Relation Name": "title", "Alias": "t1", "Startup Cost": 0.0, "Total Cost": 60069.11, "Plan Rows": 2528311, "Plan Width": 21}, {"Node Type": "Hash", "Parent Relationship": "Inner", "Startup Cost": 76215.84, "Total Cost": 76215.84, "Plan Rows": 33, "Plan Width": 4, "Plans": [{"Node Type": "Hash Join", "Parent Relationship": "Outer", "Join Type": "Inner", "Startup Cost": 2436.12, "Total Cost": 76215.84, "Plan Rows": 33, "Plan Width": 4, "Inner Unique": true, "Hash Cond": "(mk.keyword_id = k.id)", "Plans": [{"Node Type": "Seq Scan", "Parent Relationship": "Outer", "Relation Name": "movie_keyword", "Alias": "mk", "Startup Cost": 0.0, "Total Cost": 62441.29, "Plan Rows": 4523929, "Plan Width": 8}, {"Node Type": "Hash", "Parent Relationship": "Inner", "Startup Cost": 2436.11, "Total Cost": 2436.11, "Plan Rows": 1, "Plan Width": 4, "Plans": [{"Node Type": "Seq Scan", "Parent Relationship": "Outer", "Relation Name": "keyword", "Alias": "k", "Startup Cost": 0.0, "Total Cost": 2436.11, "Plan Rows": 1, "Plan Width": 4, "Filter": "((keyword)::text = '10,000-mile-club'::text)"}]}]}]}]}, {"Node Type": "Hash", "Parent Relationship": "Inner", "Startup Cost": 430.96, "Total Cost": 430.96, "Plan Rows": 29996, "Plan Width": 12, "Plans": [{"Node Type": "Seq Scan", "Parent Relationship": "Outer", "Relation Name": "movie_link", "Alias": "ml", "Startup Cost": 0.0, "Total Cost": 430.96, "Plan Rows": 29996, "Plan Width": 12}]}]}]}]}, {"Node Type": "Hash", "Parent Relationship": "Inner", "Startup Cost": 1.17, "Total Cost": 1.17, "Plan Rows": 17, "Plan Width": 16, "Plans": [{"Node Type": "Seq Scan", "Parent Relationship": "Outer", "Relation Name": "link_type", "Alias": "lt", "Startup Cost": 0.0, "Total Cost": 1.17, "Plan Rows": 17, "Plan Width": 16}]}]}]}, "Unique SQL Id": 524435555, "Planner Runtime": 15}, "explain_analyze_plan": null}, "(64, 79)": {"explain_plan": {"Plan": {"Node Type": "Aggregate", "Strategy": "Plain", "Startup Cost": 4103059830084.63, "Total Cost": 4103059830084.64, "Plan Rows": 1, "Plan Width": 142, "Plans": [{"Node Type": "Merge Join", "Parent Relationship": "Outer", "Join Type": "Inner", "Startup Cost": 3114387589920.25, "Total Cost": 4103059830083.48, "Plan Rows": 154, "Plan Width": 46, "Inner Unique": true, "Merge Cond": "(ml.linked_movie_id = t2.id)", "Plans": [{"Node Type": "Sort", "Parent Relationship": "Outer", "Startup Cost": 3104266594756.02, "Total Cost": 3104266594756.4, "Plan Rows": 154, "Plan Width": 33, "Sort Key": ["ml.linked_movie_id"], "Plans": [{"Node Type": "Hash Join", "Parent Relationship": "Outer", "Join Type": "Inner", "Startup Cost": 2114266276473.82, "Total Cost": 3104266594750.42, "Plan Rows": 154, "Plan Width": 33, "Inner Unique": false, "Hash Cond": "(k.id = mk.keyword_id)", "Plans": [{"Node Type": "Index Scan", "Parent Relationship": "Outer", "Scan Direction": "Forward", "Index Name": "keyword_pkey", "Relation Name": "keyword", "Alias": "k", "Startup Cost": 10000000000.0, "Total Cost": 1000000318271.68, "Plan Rows": 1, "Plan Width": 4, "Filter": "((keyword)::text = '10,000-mile-club'::text)"}, {"Node Type": "Hash", "Parent Relationship": "Inner", "Startup Cost": 2104266273457.08, "Total Cost": 2104266273457.08, "Plan Rows": 241339, "Plan Width": 37, "Plans": [{"Node Type": "Merge Join", "Parent Relationship": "Outer", "Join Type": "Inner", "Startup Cost": 1172501562824.25, "Total Cost": 2104266273457.08, "Plan Rows": 241339, "Plan Width": 37, "Inner Unique": false, "Merge Cond": "(lt.id = ml.link_type_id)", "Plans": [{"Node Type": "Index Scan", "Parent Relationship": "Outer", "Scan Direction": "Forward", "Index Name": "link_type_pkey", "Relation Name": "link_type", "Alias": "lt", "Startup Cost": 10000000000.0, "Total Cost": 1000000001250.5, "Plan Rows": 17, "Plan Width": 16}, {"Node Type": "Sort", "Parent Relationship": "Inner", "Startup Cost": 1162501562777.66, "Total Cost": 1162501563381.01, "Plan Rows": 241339, "Plan Width": 29, "Sort Key": ["ml.link_type_id"], "Plans": [{"Node Type": "Merge Join", "Parent Relationship": "Outer", "Join Type": "Inner", "Startup Cost": 30162989099.11, "Total Cost": 1162501541201.11, "Plan Rows": 241339, "Plan Width": 29, "Inner Unique": false, "Merge Cond": "(t1.id = ml.movie_id)", "Plans": [{"Node Type": "Merge Join", "Parent Relationship": "Outer", "Join Type": "Inner", "Startup Cost": 20120995164.23, "Total Cost": 1999054106967.89, "Plan Rows": 4523929, "Plan Width": 29, "Inner Unique": false, "Merge Cond": "(t1.id = mk.movie_id)", "Plans": [{"Node Type": "Index Scan", "Parent Relationship": "Outer", "Scan Direction": "Forward", "Index Name": "title_pkey", "Relation Name": "title", "Alias": "t1", "Startup Cost": 10000000000.0, "Total Cost": 1000011012048.91, "Plan Rows": 2528311, "Plan Width": 21}, {"Node Type": "Index Scan", "Parent Relationship": "Inner", "Scan Direction": "Forward", "Index Name": "movie_id_movie_keyword", "Relation Name": "movie_keyword", "Alias": "mk", "Startup Cost": 10000000000.0, "Total Cost": 1000015300634.17, "Plan Rows": 4523929, "Plan Width": 8}]}, {"Node Type": "Materialize", "Parent Relationship": "Inner", "Startup Cost": 10000000000.0, "Total Cost": 1000000106277.36, "Plan Rows": 29996, "Plan Width": 12, "Plans": [{"Node Type": "Index Scan", "Parent Relationship": "Outer", "Scan Direction": "Forward", "Index Name": "movie_id_movie_link", "Relation Name": "movie_link", "Alias": "ml", "Startup Cost": 10000000000.0, "Total Cost": 1000000106202.37, "Plan Rows": 29996, "Plan Width": 12}]}]}]}]}]}]}]}, {"Node Type": "Index Scan", "Parent Relationship": "Inner", "Scan Direction": "Forward", "Index Name": "title_pkey", "Relation Name": "title", "Alias": "t2", "Startup Cost": 10000000000.0, "Total Cost": 1000011012048.91, "Plan Rows": 2528311, "Plan Width": 21}]}]}, "Unique SQL Id": 524435555, "Planner Runtime": 19}, "explain_analyze_plan": null}, "(64, 80)": {"explain_plan": {"Plan": {"Node Type": "Aggregate", "Strategy": "Plain", "Startup Cost": 3267.0, "Total Cost": 3267.01, "Plan Rows": 1, "Plan Width": 142, "Plans": [{"Node Type": "Nested Loop", "Parent Relationship": "Outer", "Join Type": "Inner", "Startup Cost": 2599.91, "Total Cost": 3265.84, "Plan Rows": 154, "Plan Width": 46, "Inner Unique": true, "Plans": [{"Node Type": "Merge Join", "Parent Relationship": "Outer", "Join Type": "Inner", "Startup Cost": 2599.91, "Total Cost": 2602.27, "Plan Rows": 154, "Plan Width": 33, "Inner Unique": false, "Merge Cond": "(lt.id = ml.link_type_id)", "Plans": [{"Node Type": "Sort", "Parent Relationship": "Outer", "Startup Cost": 1.52, "Total Cost": 1.56, "Plan Rows": 17, "Plan Width": 16, "Sort Key": ["lt.id"], "Plans": [{"Node Type": "Seq Scan", "Parent Relationship": "Outer", "Relation Name": "link_type", "Alias": "lt", "Startup Cost": 0.0, "Total Cost": 1.17, "Plan Rows": 17, "Plan Width": 16}]}, {"Node Type": "Sort", "Parent Relationship": "Inner", "Startup Cost": 2598.36, "Total Cost": 2598.74, "Plan Rows": 154, "Plan Width": 25, "Sort Key": ["ml.link_type_id"], "Plans": [{"Node Type": "Nested Loop", "Parent Relationship": "Outer", "Join Type": "Inner", "Startup Cost": 4.51, "Total Cost": 2592.76, "Plan Rows": 154, "Plan Width": 25, "Inner Unique": false, "Plans": [{"Node Type": "Nested Loop", "Parent Relationship": "Outer", "Join Type": "Inner", "Startup Cost": 4.51, "Total Cost": 2579.55, "Plan Rows": 33, "Plan Width": 25, "Inner Unique": true, "Plans": [{"Node Type": "Nested Loop", "Parent Relationship": "Outer", "Join Type": "Inner", "Startup Cost": 4.51, "Total Cost": 2569.02, "Plan Rows": 33, "Plan Width": 4, "Inner Unique": false, "Plans": [{"Node Type": "Seq Scan", "Parent Relationship": "Outer", "Relation Name": "keyword", "Alias": "k", "Startup Cost": 0.0, "Total Cost": 2436.11, "Plan Rows": 1, "Plan Width": 4, "Filter": "((keyword)::text = '10,000-mile-club'::text)"}, {"Node Type": "Bitmap Heap Scan", "Parent Relationship": "Inner", "Relation Name": "movie_keyword", "Alias": "mk", "Startup Cost": 4.51, "Total Cost": 132.58, "Plan Rows": 33, "Plan Width": 8, "Recheck Cond": "(keyword_id = k.id)", "Plans": [{"Node Type": "Bitmap Index Scan", "Parent Relationship": "Outer", "Index Name": "keyword_id_movie_keyword", "Startup Cost": 0.0, "Total Cost": 4.5, "Plan Rows": 33, "Plan Width": 0, "Index Cond": "(keyword_id = k.id)"}]}]}, {"Node Type": "Index Scan", "Parent Relationship": "Inner", "Scan Direction": "Forward", "Index Name": "title_pkey", "Relation Name": "title", "Alias": "t1", "Startup Cost": 0.0, "Total Cost": 0.31, "Plan Rows": 1, "Plan Width": 21, "Index Cond": "(id = mk.movie_id)"}]}, {"Node Type": "Index Scan", "Parent Relationship": "Inner", "Scan Direction": "Forward", "Index Name": "movie_id_movie_link", "Relation Name": "movie_link", "Alias": "ml", "Startup Cost": 0.0, "Total Cost": 0.35, "Plan Rows": 5, "Plan Width": 12, "Index Cond": "(movie_id = t1.id)"}]}]}]}, {"Node Type": "Index Scan", "Parent Relationship": "Inner", "Scan Direction": "Forward", "Index Name": "title_pkey", "Relation Name": "title", "Alias": "t2", "Startup Cost": 0.0, "Total Cost": 4.3, "Plan Rows": 1, "Plan Width": 21, "Index Cond": "(id = ml.linked_movie_id)"}]}]}, "Unique SQL Id": 524435555, "Planner Runtime": 13}, "explain_analyze_plan": {"Plan": {"Node Type": "Aggregate", "Strategy": "Plain", "Startup Cost": 3267.0, "Total Cost": 3267.01, "Plan Rows": 1, "Plan Width": 142, "Actual Startup Time": 40.621, "Actual Total Time": 40.621, "Actual Rows": 1, "Actual Loops": 1, "Plans": [{"Node Type": "Nested Loop", "Parent Relationship": "Outer", "Join Type": "Inner", "Startup Cost": 2599.91, "Total Cost": 3265.84, "Plan Rows": 154, "Plan Width": 46, "Actual Startup Time": 40.617, "Actual Total Time": 40.617, "Actual Rows": 0, "Actual Loops": 1, "Inner Unique": true, "Plans": [{"Node Type": "Merge Join", "Parent Relationship": "Outer", "Join Type": "Inner", "Startup Cost": 2599.91, "Total Cost": 2602.27, "Plan Rows": 154, "Plan Width": 33, "Actual Startup Time": 40.615, "Actual Total Time": 40.615, "Actual Rows": 0, "Actual Loops": 1, "Inner Unique": false, "Merge Cond": "(lt.id = ml.link_type_id)", "Plans": [{"Node Type": "Sort", "Parent Relationship": "Outer", "Startup Cost": 1.52, "Total Cost": 1.56, "Plan Rows": 17, "Plan Width": 16, "Actual Startup Time": 0.03, "Actual Total Time": 0.03, "Actual Rows": 1, "Actual Loops": 1, "Sort Key": ["lt.id"], "Sort Method": "quicksort", "Sort Space Used": 26, "Sort Space Type": "Memory", "Plans": [{"Node Type": "Seq Scan", "Parent Relationship": "Outer", "Relation Name": "link_type", "Alias": "lt", "Startup Cost": 0.0, "Total Cost": 1.17, "Plan Rows": 17, "Plan Width": 16, "Actual Startup Time": 0.01, "Actual Total Time": 0.015, "Actual Rows": 17, "Actual Loops": 1}]}, {"Node Type": "Sort", "Parent Relationship": "Inner", "Startup Cost": 2598.36, "Total Cost": 2598.74, "Plan Rows": 154, "Plan Width": 25, "Actual Startup Time": 40.575, "Actual Total Time": 40.575, "Actual Rows": 0, "Actual Loops": 1, "Sort Key": ["ml.link_type_id"], "Sort Method": "quicksort", "Sort Space Used": 25, "Sort Space Type": "Memory", "Plans": [{"Node Type": "Nested Loop", "Parent Relationship": "Outer", "Join Type": "Inner", "Startup Cost": 4.51, "Total Cost": 2592.76, "Plan Rows": 154, "Plan Width": 25, "Actual Startup Time": 40.572, "Actual Total Time": 40.572, "Actual Rows": 0, "Actual Loops": 1, "Inner Unique": false, "Plans": [{"Node Type": "Nested Loop", "Parent Relationship": "Outer", "Join Type": "Inner", "Startup Cost": 4.51, "Total Cost": 2579.55, "Plan Rows": 33, "Plan Width": 25, "Actual Startup Time": 39.701, "Actual Total Time": 40.568, "Actual Rows": 1, "Actual Loops": 1, "Inner Unique": true, "Plans": [{"Node Type": "Nested Loop", "Parent Relationship": "Outer", "Join Type": "Inner", "Startup Cost": 4.51, "Total Cost": 2569.02, "Plan Rows": 33, "Plan Width": 4, "Actual Startup Time": 39.684, "Actual Total Time": 40.551, "Actual Rows": 1, "Actual Loops": 1, "Inner Unique": false, "Plans": [{"Node Type": "Seq Scan", "Parent Relationship": "Outer", "Relation Name": "keyword", "Alias": "k", "Startup Cost": 0.0, "Total Cost": 2436.11, "Plan Rows": 1, "Plan Width": 4, "Actual Startup Time": 39.651, "Actual Total Time": 40.516, "Actual Rows": 1, "Actual Loops": 1, "Filter": "((keyword)::text = '10,000-mile-club'::text)", "Rows Removed by Filter": 134168}, {"Node Type": "Bitmap Heap Scan", "Parent Relationship": "Inner", "Relation Name": "movie_keyword", "Alias": "mk", "Startup Cost": 4.51, "Total Cost": 132.58, "Plan Rows": 33, "Plan Width": 8, "Actual Startup Time": 0.025, "Actual Total Time": 0.026, "Actual Rows": 1, "Actual Loops": 1, "Recheck Cond": "(keyword_id = k.id)", "Rows Removed by Index Recheck": 0, "Exact Heap Blocks": 1, "Lossy Heap Blocks": 1, "Plans": [{"Node Type": "Bitmap Index Scan", "Parent Relationship": "Outer", "Index Name": "keyword_id_movie_keyword", "Startup Cost": 0.0, "Total Cost": 4.5, "Plan Rows": 33, "Plan Width": 0, "Actual Startup Time": 0.015, "Actual Total Time": 0.015, "Actual Rows": 1, "Actual Loops": 1, "Index Cond": "(keyword_id = k.id)"}]}]}, {"Node Type": "Index Scan", "Parent Relationship": "Inner", "Scan Direction": "Forward", "Index Name": "title_pkey", "Relation Name": "title", "Alias": "t1", "Startup Cost": 0.0, "Total Cost": 0.31, "Plan Rows": 1, "Plan Width": 21, "Actual Startup Time": 0.015, "Actual Total Time": 0.015, "Actual Rows": 1, "Actual Loops": 1, "Index Cond": "(id = mk.movie_id)", "Rows Removed by Index Recheck": 0}]}, {"Node Type": "Index Scan", "Parent Relationship": "Inner", "Scan Direction": "Forward", "Index Name": "movie_id_movie_link", "Relation Name": "movie_link", "Alias": "ml", "Startup Cost": 0.0, "Total Cost": 0.35, "Plan Rows": 5, "Plan Width": 12, "Actual Startup Time": 0.003, "Actual Total Time": 0.003, "Actual Rows": 0, "Actual Loops": 1, "Index Cond": "(movie_id = t1.id)", "Rows Removed by Index Recheck": 0}]}]}]}, {"Node Type": "Index Scan", "Parent Relationship": "Inner", "Scan Direction": "Forward", "Index Name": "title_pkey", "Relation Name": "title", "Alias": "t2", "Startup Cost": 0.0, "Total Cost": 4.3, "Plan Rows": 1, "Plan Width": 21, "Actual Startup Time": 0.0, "Actual Total Time": 0.0, "Index Cond": "(id = ml.linked_movie_id)", "Rows Removed by Index Recheck": 0}]}]}, "Triggers": [], "Planner Runtime": 13, "Total Runtime": 40.832, "Unique SQL Id": 524435555}}, "(64, 81)": {"explain_plan": {"Plan": {"Node Type": "Aggregate", "Strategy": "Plain", "Startup Cost": 4047.28, "Total Cost": 4047.29, "Plan Rows": 1, "Plan Width": 142, "Plans": [{"Node Type": "Nested Loop", "Parent Relationship": "Outer", "Join Type": "Inner", "Startup Cost": 4.51, "Total Cost": 4046.12, "Plan Rows": 154, "Plan Width": 46, "Inner Unique": true, "Plans": [{"Node Type": "Nested Loop", "Parent Relationship": "Outer", "Join Type": "Inner", "Startup Cost": 4.51, "Total Cost": 3382.55, "Plan Rows": 154, "Plan Width": 33, "Inner Unique": true, "Plans": [{"Node Type": "Nested Loop", "Parent Relationship": "Outer", "Join Type": "Inner", "Startup Cost": 4.51, "Total Cost": 3339.37, "Plan Rows": 154, "Plan Width": 25, "Inner Unique": false, "Plans": [{"Node Type": "Nested Loop", "Parent Relationship": "Outer", "Join Type": "Inner", "Startup Cost": 4.51, "Total Cost": 3326.15, "Plan Rows": 33, "Plan Width": 25, "Inner Unique": true, "Plans": [{"Node Type": "Nested Loop", "Parent Relationship": "Outer", "Join Type": "Inner", "Startup Cost": 4.51, "Total Cost": 3315.63, "Plan Rows": 33, "Plan Width": 4, "Inner Unique": false, "Plans": [{"Node Type": "Index Scan", "Parent Relationship": "Outer", "Scan Direction": "Forward", "Index Name": "keyword_pkey", "Relation Name": "keyword", "Alias": "k", "Startup Cost": 0.0, "Total Cost": 3182.72, "Plan Rows": 1, "Plan Width": 4, "Filter": "((keyword)::text = '10,000-mile-club'::text)"}, {"Node Type": "Bitmap Heap Scan", "Parent Relationship": "Inner", "Relation Name": "movie_keyword", "Alias": "mk", "Startup Cost": 4.51, "Total Cost": 132.58, "Plan Rows": 33, "Plan Width": 8, "Recheck Cond": "(keyword_id = k.id)", "Plans": [{"Node Type": "Bitmap Index Scan", "Parent Relationship": "Outer", "Index Name": "keyword_id_movie_keyword", "Startup Cost": 0.0, "Total Cost": 4.5, "Plan Rows": 33, "Plan Width": 0, "Index Cond": "(keyword_id = k.id)"}]}]}, {"Node Type": "Index Scan", "Parent Relationship": "Inner", "Scan Direction": "Forward", "Index Name": "title_pkey", "Relation Name": "title", "Alias": "t1", "Startup Cost": 0.0, "Total Cost": 0.31, "Plan Rows": 1, "Plan Width": 21, "Index Cond": "(id = mk.movie_id)"}]}, {"Node Type": "Index Scan", "Parent Relationship": "Inner", "Scan Direction": "Forward", "Index Name": "movie_id_movie_link", "Relation Name": "movie_link", "Alias": "ml", "Startup Cost": 0.0, "Total Cost": 0.35, "Plan Rows": 5, "Plan Width": 12, "Index Cond": "(movie_id = t1.id)"}]}, {"Node Type": "Index Scan", "Parent Relationship": "Inner", "Scan Direction": "Forward", "Index Name": "link_type_pkey", "Relation Name": "link_type", "Alias": "lt", "Startup Cost": 0.0, "Total Cost": 0.27, "Plan Rows": 1, "Plan Width": 16, "Index Cond": "(id = ml.link_type_id)"}]}, {"Node Type": "Index Scan", "Parent Relationship": "Inner", "Scan Direction": "Forward", "Index Name": "title_pkey", "Relation Name": "title", "Alias": "t2", "Startup Cost": 0.0, "Total Cost": 4.3, "Plan Rows": 1, "Plan Width": 21, "Index Cond": "(id = ml.linked_movie_id)"}]}]}, "Unique SQL Id": 524435555, "Planner Runtime": 12}, "explain_analyze_plan": {"Plan": {"Node Type": "Aggregate", "Strategy": "Plain", "Startup Cost": 4047.28, "Total Cost": 4047.29, "Plan Rows": 1, "Plan Width": 142, "Actual Startup Time": 114.984, "Actual Total Time": 114.985, "Actual Rows": 1, "Actual Loops": 1, "Plans": [{"Node Type": "Nested Loop", "Parent Relationship": "Outer", "Join Type": "Inner", "Startup Cost": 4.51, "Total Cost": 4046.12, "Plan Rows": 154, "Plan Width": 46, "Actual Startup Time": 114.978, "Actual Total Time": 114.978, "Actual Rows": 0, "Actual Loops": 1, "Inner Unique": true, "Plans": [{"Node Type": "Nested Loop", "Parent Relationship": "Outer", "Join Type": "Inner", "Startup Cost": 4.51, "Total Cost": 3382.55, "Plan Rows": 154, "Plan Width": 33, "Actual Startup Time": 114.977, "Actual Total Time": 114.977, "Actual Rows": 0, "Actual Loops": 1, "Inner Unique": true, "Plans": [{"Node Type": "Nested Loop", "Parent Relationship": "Outer", "Join Type": "Inner", "Startup Cost": 4.51, "Total Cost": 3339.37, "Plan Rows": 154, "Plan Width": 25, "Actual Startup Time": 114.976, "Actual Total Time": 114.976, "Actual Rows": 0, "Actual Loops": 1, "Inner Unique": false, "Plans": [{"Node Type": "Nested Loop", "Parent Relationship": "Outer", "Join Type": "Inner", "Startup Cost": 4.51, "Total Cost": 3326.15, "Plan Rows": 33, "Plan Width": 25, "Actual Startup Time": 113.117, "Actual Total Time": 114.965, "Actual Rows": 1, "Actual Loops": 1, "Inner Unique": true, "Plans": [{"Node Type": "Nested Loop", "Parent Relationship": "Outer", "Join Type": "Inner", "Startup Cost": 4.51, "Total Cost": 3315.63, "Plan Rows": 33, "Plan Width": 4, "Actual Startup Time": 113.093, "Actual Total Time": 114.94, "Actual Rows": 1, "Actual Loops": 1, "Inner Unique": false, "Plans": [{"Node Type": "Index Scan", "Parent Relationship": "Outer", "Scan Direction": "Forward", "Index Name": "keyword_pkey", "Relation Name": "keyword", "Alias": "k", "Startup Cost": 0.0, "Total Cost": 3182.72, "Plan Rows": 1, "Plan Width": 4, "Actual Startup Time": 113.04, "Actual Total Time": 114.886, "Actual Rows": 1, "Actual Loops": 1, "Filter": "((keyword)::text = '10,000-mile-club'::text)", "Rows Removed by Filter": 134168}, {"Node Type": "Bitmap Heap Scan", "Parent Relationship": "Inner", "Relation Name": "movie_keyword", "Alias": "mk", "Startup Cost": 4.51, "Total Cost": 132.58, "Plan Rows": 33, "Plan Width": 8, "Actual Startup Time": 0.033, "Actual Total Time": 0.033, "Actual Rows": 1, "Actual Loops": 1, "Recheck Cond": "(keyword_id = k.id)", "Rows Removed by Index Recheck": 0, "Exact Heap Blocks": 1, "Lossy Heap Blocks": 1, "Plans": [{"Node Type": "Bitmap Index Scan", "Parent Relationship": "Outer", "Index Name": "keyword_id_movie_keyword", "Startup Cost": 0.0, "Total Cost": 4.5, "Plan Rows": 33, "Plan Width": 0, "Actual Startup Time": 0.02, "Actual Total Time": 0.02, "Actual Rows": 1, "Actual Loops": 1, "Index Cond": "(keyword_id = k.id)"}]}]}, {"Node Type": "Index Scan", "Parent Relationship": "Inner", "Scan Direction": "Forward", "Index Name": "title_pkey", "Relation Name": "title", "Alias": "t1", "Startup Cost": 0.0, "Total Cost": 0.31, "Plan Rows": 1, "Plan Width": 21, "Actual Startup Time": 0.017, "Actual Total Time": 0.017, "Actual Rows": 1, "Actual Loops": 1, "Index Cond": "(id = mk.movie_id)", "Rows Removed by Index Recheck": 0}]}, {"Node Type": "Index Scan", "Parent Relationship": "Inner", "Scan Direction": "Forward", "Index Name": "movie_id_movie_link", "Relation Name": "movie_link", "Alias": "ml", "Startup Cost": 0.0, "Total Cost": 0.35, "Plan Rows": 5, "Plan Width": 12, "Actual Startup Time": 0.006, "Actual Total Time": 0.006, "Actual Rows": 0, "Actual Loops": 1, "Index Cond": "(movie_id = t1.id)", "Rows Removed by Index Recheck": 0}]}, {"Node Type": "Index Scan", "Parent Relationship": "Inner", "Scan Direction": "Forward", "Index Name": "link_type_pkey", "Relation Name": "link_type", "Alias": "lt", "Startup Cost": 0.0, "Total Cost": 0.27, "Plan Rows": 1, "Plan Width": 16, "Actual Startup Time": 0.0, "Actual Total Time": 0.0, "Index Cond": "(id = ml.link_type_id)", "Rows Removed by Index Recheck": 0}]}, {"Node Type": "Index Scan", "Parent Relationship": "Inner", "Scan Direction": "Forward", "Index Name": "title_pkey", "Relation Name": "title", "Alias": "t2", "Startup Cost": 0.0, "Total Cost": 4.3, "Plan Rows": 1, "Plan Width": 21, "Actual Startup Time": 0.0, "Actual Total Time": 0.0, "Index Cond": "(id = ml.linked_movie_id)", "Rows Removed by Index Recheck": 0}]}]}, "Triggers": [], "Planner Runtime": 2, "Total Runtime": 115.266, "Unique SQL Id": 524435555}}, "(64, 82)": {"explain_plan": {"Plan": {"Node Type": "Aggregate", "Strategy": "Plain", "Startup Cost": 3716.04, "Total Cost": 3716.05, "Plan Rows": 1, "Plan Width": 142, "Plans": [{"Node Type": "Nested Loop", "Parent Relationship": "Outer", "Join Type": "Inner", "Startup Cost": 2864.83, "Total Cost": 3714.88, "Plan Rows": 154, "Plan Width": 46, "Inner Unique": true, "Plans": [{"Node Type": "Merge Join", "Parent Relationship": "Outer", "Join Type": "Inner", "Startup Cost": 2863.34, "Total Cost": 2865.7, "Plan Rows": 154, "Plan Width": 33, "Inner Unique": false, "Merge Cond": "(lt.id = ml.link_type_id)", "Plans": [{"Node Type": "Sort", "Parent Relationship": "Outer", "Startup Cost": 1.52, "Total Cost": 1.56, "Plan Rows": 17, "Plan Width": 16, "Sort Key": ["lt.id"], "Plans": [{"Node Type": "Seq Scan", "Parent Relationship": "Outer", "Relation Name": "link_type", "Alias": "lt", "Startup Cost": 0.0, "Total Cost": 1.17, "Plan Rows": 17, "Plan Width": 16}]}, {"Node Type": "Sort", "Parent Relationship": "Inner", "Startup Cost": 2861.8, "Total Cost": 2862.18, "Plan Rows": 154, "Plan Width": 25, "Sort Key": ["ml.link_type_id"], "Plans": [{"Node Type": "Nested Loop", "Parent Relationship": "Outer", "Join Type": "Inner", "Startup Cost": 5.06, "Total Cost": 2856.2, "Plan Rows": 154, "Plan Width": 25, "Inner Unique": false, "Join Filter": "(t1.id = ml.movie_id)", "Plans": [{"Node Type": "Nested Loop", "Parent Relationship": "Outer", "Join Type": "Inner", "Startup Cost": 4.77, "Total Cost": 2710.54, "Plan Rows": 33, "Plan Width": 25, "Inner Unique": true, "Plans": [{"Node Type": "Nested Loop", "Parent Relationship": "Outer", "Join Type": "Inner", "Startup Cost": 4.51, "Total Cost": 2569.02, "Plan Rows": 33, "Plan Width": 4, "Inner Unique": false, "Plans": [{"Node Type": "Seq Scan", "Parent Relationship": "Outer", "Relation Name": "keyword", "Alias": "k", "Startup Cost": 0.0, "Total Cost": 2436.11, "Plan Rows": 1, "Plan Width": 4, "Filter": "((keyword)::text = '10,000-mile-club'::text)"}, {"Node Type": "Bitmap Heap Scan", "Parent Relationship": "Inner", "Relation Name": "movie_keyword", "Alias": "mk", "Startup Cost": 4.51, "Total Cost": 132.58, "Plan Rows": 33, "Plan Width": 8, "Recheck Cond": "(keyword_id = k.id)", "Plans": [{"Node Type": "Bitmap Index Scan", "Parent Relationship": "Outer", "Index Name": "keyword_id_movie_keyword", "Startup Cost": 0.0, "Total Cost": 4.5, "Plan Rows": 33, "Plan Width": 0, "Index Cond": "(keyword_id = k.id)"}]}]}, {"Node Type": "Bitmap Heap Scan", "Parent Relationship": "Inner", "Relation Name": "title", "Alias": "t1", "Startup Cost": 0.27, "Total Cost": 4.28, "Plan Rows": 1, "Plan Width": 21, "Recheck Cond": "(id = mk.movie_id)", "Plans": [{"Node Type": "Bitmap Index Scan", "Parent Relationship": "Outer", "Index Name": "title_pkey", "Startup Cost": 0.0, "Total Cost": 0.27, "Plan Rows": 1, "Plan Width": 0, "Index Cond": "(id = mk.movie_id)"}]}]}, {"Node Type": "Bitmap Heap Scan", "Parent Relationship": "Inner", "Relation Name": "movie_link", "Alias": "ml", "Startup Cost": 0.29, "Total Cost": 4.35, "Plan Rows": 5, "Plan Width": 12, "Recheck Cond": "(movie_id = mk.movie_id)", "Plans": [{"Node Type": "Bitmap Index Scan", "Parent Relationship": "Outer", "Index Name": "movie_id_movie_link", "Startup Cost": 0.0, "Total Cost": 0.29, "Plan Rows": 5, "Plan Width": 0, "Index Cond": "(movie_id = mk.movie_id)"}]}]}]}]}, {"Node Type": "Bitmap Heap Scan", "Parent Relationship": "Inner", "Relation Name": "title", "Alias": "t2", "Startup Cost": 1.49, "Total Cost": 5.5, "Plan Rows": 1, "Plan Width": 21, "Recheck Cond": "(id = ml.linked_movie_id)", "Plans": [{"Node Type": "Bitmap Index Scan", "Parent Relationship": "Outer", "Index Name": "title_pkey", "Startup Cost": 0.0, "Total Cost": 1.49, "Plan Rows": 1, "Plan Width": 0, "Index Cond": "(id = ml.linked_movie_id)"}]}]}]}, "Unique SQL Id": 524435555, "Planner Runtime": 8}, "explain_analyze_plan": {"Plan": {"Node Type": "Aggregate", "Strategy": "Plain", "Startup Cost": 3716.04, "Total Cost": 3716.05, "Plan Rows": 1, "Plan Width": 142, "Actual Startup Time": 40.464, "Actual Total Time": 40.464, "Actual Rows": 1, "Actual Loops": 1, "Plans": [{"Node Type": "Nested Loop", "Parent Relationship": "Outer", "Join Type": "Inner", "Startup Cost": 2864.83, "Total Cost": 3714.88, "Plan Rows": 154, "Plan Width": 46, "Actual Startup Time": 40.459, "Actual Total Time": 40.459, "Actual Rows": 0, "Actual Loops": 1, "Inner Unique": true, "Plans": [{"Node Type": "Merge Join", "Parent Relationship": "Outer", "Join Type": "Inner", "Startup Cost": 2863.34, "Total Cost": 2865.7, "Plan Rows": 154, "Plan Width": 33, "Actual Startup Time": 40.459, "Actual Total Time": 40.459, "Actual Rows": 0, "Actual Loops": 1, "Inner Unique": false, "Merge Cond": "(lt.id = ml.link_type_id)", "Plans": [{"Node Type": "Sort", "Parent Relationship": "Outer", "Startup Cost": 1.52, "Total Cost": 1.56, "Plan Rows": 17, "Plan Width": 16, "Actual Startup Time": 0.028, "Actual Total Time": 0.028, "Actual Rows": 1, "Actual Loops": 1, "Sort Key": ["lt.id"], "Sort Method": "quicksort", "Sort Space Used": 26, "Sort Space Type": "Memory", "Plans": [{"Node Type": "Seq Scan", "Parent Relationship": "Outer", "Relation Name": "link_type", "Alias": "lt", "Startup Cost": 0.0, "Total Cost": 1.17, "Plan Rows": 17, "Plan Width": 16, "Actual Startup Time": 0.009, "Actual Total Time": 0.014, "Actual Rows": 17, "Actual Loops": 1}]}, {"Node Type": "Sort", "Parent Relationship": "Inner", "Startup Cost": 2861.8, "Total Cost": 2862.18, "Plan Rows": 154, "Plan Width": 25, "Actual Startup Time": 40.423, "Actual Total Time": 40.423, "Actual Rows": 0, "Actual Loops": 1, "Sort Key": ["ml.link_type_id"], "Sort Method": "quicksort", "Sort Space Used": 25, "Sort Space Type": "Memory", "Plans": [{"Node Type": "Nested Loop", "Parent Relationship": "Outer", "Join Type": "Inner", "Startup Cost": 5.06, "Total Cost": 2856.2, "Plan Rows": 154, "Plan Width": 25, "Actual Startup Time": 40.419, "Actual Total Time": 40.419, "Actual Rows": 0, "Actual Loops": 1, "Inner Unique": false, "Join Filter": "(t1.id = ml.movie_id)", "Rows Removed by Join Filter": 0, "Plans": [{"Node Type": "Nested Loop", "Parent Relationship": "Outer", "Join Type": "Inner", "Startup Cost": 4.77, "Total Cost": 2710.54, "Plan Rows": 33, "Plan Width": 25, "Actual Startup Time": 39.547, "Actual Total Time": 40.412, "Actual Rows": 1, "Actual Loops": 1, "Inner Unique": true, "Plans": [{"Node Type": "Nested Loop", "Parent Relationship": "Outer", "Join Type": "Inner", "Startup Cost": 4.51, "Total Cost": 2569.02, "Plan Rows": 33, "Plan Width": 4, "Actual Startup Time": 39.533, "Actual Total Time": 40.398, "Actual Rows": 1, "Actual Loops": 1, "Inner Unique": false, "Plans": [{"Node Type": "Seq Scan", "Parent Relationship": "Outer", "Relation Name": "keyword", "Alias": "k", "Startup Cost": 0.0, "Total Cost": 2436.11, "Plan Rows": 1, "Plan Width": 4, "Actual Startup Time": 39.504, "Actual Total Time": 40.367, "Actual Rows": 1, "Actual Loops": 1, "Filter": "((keyword)::text = '10,000-mile-club'::text)", "Rows Removed by Filter": 134168}, {"Node Type": "Bitmap Heap Scan", "Parent Relationship": "Inner", "Relation Name": "movie_keyword", "Alias": "mk", "Startup Cost": 4.51, "Total Cost": 132.58, "Plan Rows": 33, "Plan Width": 8, "Actual Startup Time": 0.022, "Actual Total Time": 0.023, "Actual Rows": 1, "Actual Loops": 1, "Recheck Cond": "(keyword_id = k.id)", "Rows Removed by Index Recheck": 0, "Exact Heap Blocks": 1, "Lossy Heap Blocks": 1, "Plans": [{"Node Type": "Bitmap Index Scan", "Parent Relationship": "Outer", "Index Name": "keyword_id_movie_keyword", "Startup Cost": 0.0, "Total Cost": 4.5, "Plan Rows": 33, "Plan Width": 0, "Actual Startup Time": 0.013, "Actual Total Time": 0.013, "Actual Rows": 1, "Actual Loops": 1, "Index Cond": "(keyword_id = k.id)"}]}]}, {"Node Type": "Bitmap Heap Scan", "Parent Relationship": "Inner", "Relation Name": "title", "Alias": "t1", "Startup Cost": 0.27, "Total Cost": 4.28, "Plan Rows": 1, "Plan Width": 21, "Actual Startup Time": 0.01, "Actual Total Time": 0.01, "Actual Rows": 1, "Actual Loops": 1, "Recheck Cond": "(id = mk.movie_id)", "Rows Removed by Index Recheck": 0, "Exact Heap Blocks": 1, "Lossy Heap Blocks": 1, "Plans": [{"Node Type": "Bitmap Index Scan", "Parent Relationship": "Outer", "Index Name": "title_pkey", "Startup Cost": 0.0, "Total Cost": 0.27, "Plan Rows": 1, "Plan Width": 0, "Actual Startup Time": 0.007, "Actual Total Time": 0.007, "Actual Rows": 1, "Actual Loops": 1, "Index Cond": "(id = mk.movie_id)"}]}]}, {"Node Type": "Bitmap Heap Scan", "Parent Relationship": "Inner", "Relation Name": "movie_link", "Alias": "ml", "Startup Cost": 0.29, "Total Cost": 4.35, "Plan Rows": 5, "Plan Width": 12, "Actual Startup Time": 0.005, "Actual Total Time": 0.005, "Actual Rows": 0, "Actual Loops": 1, "Recheck Cond": "(movie_id = mk.movie_id)", "Rows Removed by Index Recheck": 0, "Exact Heap Blocks": 0, "Lossy Heap Blocks": 0, "Plans": [{"Node Type": "Bitmap Index Scan", "Parent Relationship": "Outer", "Index Name": "movie_id_movie_link", "Startup Cost": 0.0, "Total Cost": 0.29, "Plan Rows": 5, "Plan Width": 0, "Actual Startup Time": 0.003, "Actual Total Time": 0.003, "Actual Rows": 0, "Actual Loops": 1, "Index Cond": "(movie_id = mk.movie_id)"}]}]}]}]}, {"Node Type": "Bitmap Heap Scan", "Parent Relationship": "Inner", "Relation Name": "title", "Alias": "t2", "Startup Cost": 1.49, "Total Cost": 5.5, "Plan Rows": 1, "Plan Width": 21, "Actual Startup Time": 0.0, "Actual Total Time": 0.0, "Recheck Cond": "(id = ml.linked_movie_id)", "Rows Removed by Index Recheck": 0, "Exact Heap Blocks": 0, "Lossy Heap Blocks": 0, "Plans": [{"Node Type": "Bitmap Index Scan", "Parent Relationship": "Outer", "Index Name": "title_pkey", "Startup Cost": 0.0, "Total Cost": 1.49, "Plan Rows": 1, "Plan Width": 0, "Actual Startup Time": 0.0, "Actual Total Time": 0.0, "Index Cond": "(id = ml.linked_movie_id)"}]}]}]}, "Triggers": [], "Planner Runtime": 8, "Total Runtime": 40.678, "Unique SQL Id": 524435555}}, "(64, 83)": {"explain_plan": {"Plan": {"Node Type": "Aggregate", "Strategy": "Plain", "Startup Cost": 4446.47, "Total Cost": 4446.48, "Plan Rows": 1, "Plan Width": 142, "Plans": [{"Node Type": "Nested Loop", "Parent Relationship": "Outer", "Join Type": "Inner", "Startup Cost": 3595.27, "Total Cost": 4445.32, "Plan Rows": 154, "Plan Width": 46, "Inner Unique": true, "Plans": [{"Node Type": "Merge Join", "Parent Relationship": "Outer", "Join Type": "Inner", "Startup Cost": 3593.78, "Total Cost": 3596.14, "Plan Rows": 154, "Plan Width": 33, "Inner Unique": false, "Merge Cond": "(lt.id = ml.link_type_id)", "Plans": [{"Node Type": "Sort", "Parent Relationship": "Outer", "Startup Cost": 12.86, "Total Cost": 12.9, "Plan Rows": 17, "Plan Width": 16, "Sort Key": ["lt.id"], "Plans": [{"Node Type": "Bitmap Heap Scan", "Parent Relationship": "Outer", "Relation Name": "link_type", "Alias": "lt", "Startup Cost": 8.34, "Total Cost": 12.51, "Plan Rows": 17, "Plan Width": 16, "Plans": [{"Node Type": "Bitmap Index Scan", "Parent Relationship": "Outer", "Index Name": "link_type_pkey", "Startup Cost": 0.0, "Total Cost": 8.34, "Plan Rows": 17, "Plan Width": 0}]}]}, {"Node Type": "Sort", "Parent Relationship": "Inner", "Startup Cost": 3580.89, "Total Cost": 3581.28, "Plan Rows": 154, "Plan Width": 25, "Sort Key": ["ml.link_type_id"], "Plans": [{"Node Type": "Nested Loop", "Parent Relationship": "Outer", "Join Type": "Inner", "Startup Cost": 724.16, "Total Cost": 3575.3, "Plan Rows": 154, "Plan Width": 25, "Inner Unique": false, "Join Filter": "(t1.id = ml.movie_id)", "Plans": [{"Node Type": "Nested Loop", "Parent Relationship": "Outer", "Join Type": "Inner", "Startup Cost": 723.87, "Total Cost": 3429.64, "Plan Rows": 33, "Plan Width": 25, "Inner Unique": true, "Plans": [{"Node Type": "Nested Loop", "Parent Relationship": "Outer", "Join Type": "Inner", "Startup Cost": 723.6, "Total Cost": 3288.12, "Plan Rows": 33, "Plan Width": 4, "Inner Unique": false, "Plans": [{"Node Type": "Bitmap Heap Scan", "Parent Relationship": "Outer", "Relation Name": "keyword", "Alias": "k", "Startup Cost": 719.1, "Total Cost": 3155.21, "Plan Rows": 1, "Plan Width": 4, "Filter": "((keyword)::text = '10,000-mile-club'::text)", "Plans": [{"Node Type": "Bitmap Index Scan", "Parent Relationship": "Outer", "Index Name": "keyword_pkey", "Startup Cost": 0.0, "Total Cost": 719.1, "Plan Rows": 134169, "Plan Width": 0}]}, {"Node Type": "Bitmap Heap Scan", "Parent Relationship": "Inner", "Relation Name": "movie_keyword", "Alias": "mk", "Startup Cost": 4.51, "Total Cost": 132.58, "Plan Rows": 33, "Plan Width": 8, "Recheck Cond": "(keyword_id = k.id)", "Plans": [{"Node Type": "Bitmap Index Scan", "Parent Relationship": "Outer", "Index Name": "keyword_id_movie_keyword", "Startup Cost": 0.0, "Total Cost": 4.5, "Plan Rows": 33, "Plan Width": 0, "Index Cond": "(keyword_id = k.id)"}]}]}, {"Node Type": "Bitmap Heap Scan", "Parent Relationship": "Inner", "Relation Name": "title", "Alias": "t1", "Startup Cost": 0.27, "Total Cost": 4.28, "Plan Rows": 1, "Plan Width": 21, "Recheck Cond": "(id = mk.movie_id)", "Plans": [{"Node Type": "Bitmap Index Scan", "Parent Relationship": "Outer", "Index Name": "title_pkey", "Startup Cost": 0.0, "Total Cost": 0.27, "Plan Rows": 1, "Plan Width": 0, "Index Cond": "(id = mk.movie_id)"}]}]}, {"Node Type": "Bitmap Heap Scan", "Parent Relationship": "Inner", "Relation Name": "movie_link", "Alias": "ml", "Startup Cost": 0.29, "Total Cost": 4.35, "Plan Rows": 5, "Plan Width": 12, "Recheck Cond": "(movie_id = mk.movie_id)", "Plans": [{"Node Type": "Bitmap Index Scan", "Parent Relationship": "Outer", "Index Name": "movie_id_movie_link", "Startup Cost": 0.0, "Total Cost": 0.29, "Plan Rows": 5, "Plan Width": 0, "Index Cond": "(movie_id = mk.movie_id)"}]}]}]}]}, {"Node Type": "Bitmap Heap Scan", "Parent Relationship": "Inner", "Relation Name": "title", "Alias": "t2", "Startup Cost": 1.49, "Total Cost": 5.5, "Plan Rows": 1, "Plan Width": 21, "Recheck Cond": "(id = ml.linked_movie_id)", "Plans": [{"Node Type": "Bitmap Index Scan", "Parent Relationship": "Outer", "Index Name": "title_pkey", "Startup Cost": 0.0, "Total Cost": 1.49, "Plan Rows": 1, "Plan Width": 0, "Index Cond": "(id = ml.linked_movie_id)"}]}]}]}, "Unique SQL Id": 524435555, "Planner Runtime": 8}, "explain_analyze_plan": {"Plan": {"Node Type": "Aggregate", "Strategy": "Plain", "Startup Cost": 4446.47, "Total Cost": 4446.48, "Plan Rows": 1, "Plan Width": 142, "Actual Startup Time": 61.044, "Actual Total Time": 61.044, "Actual Rows": 1, "Actual Loops": 1, "Plans": [{"Node Type": "Nested Loop", "Parent Relationship": "Outer", "Join Type": "Inner", "Startup Cost": 3595.27, "Total Cost": 4445.32, "Plan Rows": 154, "Plan Width": 46, "Actual Startup Time": 61.039, "Actual Total Time": 61.039, "Actual Rows": 0, "Actual Loops": 1, "Inner Unique": true, "Plans": [{"Node Type": "Merge Join", "Parent Relationship": "Outer", "Join Type": "Inner", "Startup Cost": 3593.78, "Total Cost": 3596.14, "Plan Rows": 154, "Plan Width": 33, "Actual Startup Time": 61.039, "Actual Total Time": 61.039, "Actual Rows": 0, "Actual Loops": 1, "Inner Unique": false, "Merge Cond": "(lt.id = ml.link_type_id)", "Plans": [{"Node Type": "Sort", "Parent Relationship": "Outer", "Startup Cost": 12.86, "Total Cost": 12.9, "Plan Rows": 17, "Plan Width": 16, "Actual Startup Time": 0.034, "Actual Total Time": 0.034, "Actual Rows": 1, "Actual Loops": 1, "Sort Key": ["lt.id"], "Sort Method": "quicksort", "Sort Space Used": 26, "Sort Space Type": "Memory", "Plans": [{"Node Type": "Bitmap Heap Scan", "Parent Relationship": "Outer", "Relation Name": "link_type", "Alias": "lt", "Startup Cost": 8.34, "Total Cost": 12.51, "Plan Rows": 17, "Plan Width": 16, "Actual Startup Time": 0.016, "Actual Total Time": 0.017, "Actual Rows": 17, "Actual Loops": 1, "Exact Heap Blocks": 1, "Lossy Heap Blocks": 1, "Plans": [{"Node Type": "Bitmap Index Scan", "Parent Relationship": "Outer", "Index Name": "link_type_pkey", "Startup Cost": 0.0, "Total Cost": 8.34, "Plan Rows": 17, "Plan Width": 0, "Actual Startup Time": 0.006, "Actual Total Time": 0.006, "Actual Rows": 17, "Actual Loops": 1}]}]}, {"Node Type": "Sort", "Parent Relationship": "Inner", "Startup Cost": 3580.89, "Total Cost": 3581.28, "Plan Rows": 154, "Plan Width": 25, "Actual Startup Time": 60.994, "Actual Total Time": 60.994, "Actual Rows": 0, "Actual Loops": 1, "Sort Key": ["ml.link_type_id"], "Sort Method": "quicksort", "Sort Space Used": 25, "Sort Space Type": "Memory", "Plans": [{"Node Type": "Nested Loop", "Parent Relationship": "Outer", "Join Type": "Inner", "Startup Cost": 724.16, "Total Cost": 3575.3, "Plan Rows": 154, "Plan Width": 25, "Actual Startup Time": 60.989, "Actual Total Time": 60.989, "Actual Rows": 0, "Actual Loops": 1, "Inner Unique": false, "Join Filter": "(t1.id = ml.movie_id)", "Rows Removed by Join Filter": 0, "Plans": [{"Node Type": "Nested Loop", "Parent Relationship": "Outer", "Join Type": "Inner", "Startup Cost": 723.87, "Total Cost": 3429.64, "Plan Rows": 33, "Plan Width": 25, "Actual Startup Time": 59.935, "Actual Total Time": 60.982, "Actual Rows": 1, "Actual Loops": 1, "Inner Unique": true, "Plans": [{"Node Type": "Nested Loop", "Parent Relationship": "Outer", "Join Type": "Inner", "Startup Cost": 723.6, "Total Cost": 3288.12, "Plan Rows": 33, "Plan Width": 4, "Actual Startup Time": 59.919, "Actual Total Time": 60.964, "Actual Rows": 1, "Actual Loops": 1, "Inner Unique": false, "Plans": [{"Node Type": "Bitmap Heap Scan", "Parent Relationship": "Outer", "Relation Name": "keyword", "Alias": "k", "Startup Cost": 719.1, "Total Cost": 3155.21, "Plan Rows": 1, "Plan Width": 4, "Actual Startup Time": 59.885, "Actual Total Time": 60.929, "Actual Rows": 1, "Actual Loops": 1, "Filter": "((keyword)::text = '10,000-mile-club'::text)", "Rows Removed by Filter": 134168, "Exact Heap Blocks": 759, "Lossy Heap Blocks": 759, "Plans": [{"Node Type": "Bitmap Index Scan", "Parent Relationship": "Outer", "Index Name": "keyword_pkey", "Startup Cost": 0.0, "Total Cost": 719.1, "Plan Rows": 134169, "Plan Width": 0, "Actual Startup Time": 11.365, "Actual Total Time": 11.365, "Actual Rows": 134169, "Actual Loops": 1}]}, {"Node Type": "Bitmap Heap Scan", "Parent Relationship": "Inner", "Relation Name": "movie_keyword", "Alias": "mk", "Startup Cost": 4.51, "Total Cost": 132.58, "Plan Rows": 33, "Plan Width": 8, "Actual Startup Time": 0.023, "Actual Total Time": 0.023, "Actual Rows": 1, "Actual Loops": 1, "Recheck Cond": "(keyword_id = k.id)", "Rows Removed by Index Recheck": 0, "Exact Heap Blocks": 1, "Lossy Heap Blocks": 1, "Plans": [{"Node Type": "Bitmap Index Scan", "Parent Relationship": "Outer", "Index Name": "keyword_id_movie_keyword", "Startup Cost": 0.0, "Total Cost": 4.5, "Plan Rows": 33, "Plan Width": 0, "Actual Startup Time": 0.015, "Actual Total Time": 0.015, "Actual Rows": 1, "Actual Loops": 1, "Index Cond": "(keyword_id = k.id)"}]}]}, {"Node Type": "Bitmap Heap Scan", "Parent Relationship": "Inner", "Relation Name": "title", "Alias": "t1", "Startup Cost": 0.27, "Total Cost": 4.28, "Plan Rows": 1, "Plan Width": 21, "Actual Startup Time": 0.012, "Actual Total Time": 0.012, "Actual Rows": 1, "Actual Loops": 1, "Recheck Cond": "(id = mk.movie_id)", "Rows Removed by Index Recheck": 0, "Exact Heap Blocks": 1, "Lossy Heap Blocks": 1, "Plans": [{"Node Type": "Bitmap Index Scan", "Parent Relationship": "Outer", "Index Name": "title_pkey", "Startup Cost": 0.0, "Total Cost": 0.27, "Plan Rows": 1, "Plan Width": 0, "Actual Startup Time": 0.008, "Actual Total Time": 0.008, "Actual Rows": 1, "Actual Loops": 1, "Index Cond": "(id = mk.movie_id)"}]}]}, {"Node Type": "Bitmap Heap Scan", "Parent Relationship": "Inner", "Relation Name": "movie_link", "Alias": "ml", "Startup Cost": 0.29, "Total Cost": 4.35, "Plan Rows": 5, "Plan Width": 12, "Actual Startup Time": 0.005, "Actual Total Time": 0.005, "Actual Rows": 0, "Actual Loops": 1, "Recheck Cond": "(movie_id = mk.movie_id)", "Rows Removed by Index Recheck": 0, "Exact Heap Blocks": 0, "Lossy Heap Blocks": 0, "Plans": [{"Node Type": "Bitmap Index Scan", "Parent Relationship": "Outer", "Index Name": "movie_id_movie_link", "Startup Cost": 0.0, "Total Cost": 0.29, "Plan Rows": 5, "Plan Width": 0, "Actual Startup Time": 0.003, "Actual Total Time": 0.003, "Actual Rows": 0, "Actual Loops": 1, "Index Cond": "(movie_id = mk.movie_id)"}]}]}]}]}, {"Node Type": "Bitmap Heap Scan", "Parent Relationship": "Inner", "Relation Name": "title", "Alias": "t2", "Startup Cost": 1.49, "Total Cost": 5.5, "Plan Rows": 1, "Plan Width": 21, "Actual Startup Time": 0.0, "Actual Total Time": 0.0, "Recheck Cond": "(id = ml.linked_movie_id)", "Rows Removed by Index Recheck": 0, "Exact Heap Blocks": 0, "Lossy Heap Blocks": 0, "Plans": [{"Node Type": "Bitmap Index Scan", "Parent Relationship": "Outer", "Index Name": "title_pkey", "Startup Cost": 0.0, "Total Cost": 1.49, "Plan Rows": 1, "Plan Width": 0, "Actual Startup Time": 0.0, "Actual Total Time": 0.0, "Index Cond": "(id = ml.linked_movie_id)"}]}]}]}, "Triggers": [], "Planner Runtime": 8, "Total Runtime": 61.3, "Unique SQL Id": 524435555}}, "(64, 84)": {"explain_plan": {"Plan": {"Node Type": "Aggregate", "Strategy": "Plain", "Startup Cost": 3267.0, "Total Cost": 3267.01, "Plan Rows": 1, "Plan Width": 142, "Plans": [{"Node Type": "Nested Loop", "Parent Relationship": "Outer", "Join Type": "Inner", "Startup Cost": 2599.91, "Total Cost": 3265.84, "Plan Rows": 154, "Plan Width": 46, "Inner Unique": true, "Plans": [{"Node Type": "Merge Join", "Parent Relationship": "Outer", "Join Type": "Inner", "Startup Cost": 2599.91, "Total Cost": 2602.27, "Plan Rows": 154, "Plan Width": 33, "Inner Unique": false, "Merge Cond": "(lt.id = ml.link_type_id)", "Plans": [{"Node Type": "Sort", "Parent Relationship": "Outer", "Startup Cost": 1.52, "Total Cost": 1.56, "Plan Rows": 17, "Plan Width": 16, "Sort Key": ["lt.id"], "Plans": [{"Node Type": "Seq Scan", "Parent Relationship": "Outer", "Relation Name": "link_type", "Alias": "lt", "Startup Cost": 0.0, "Total Cost": 1.17, "Plan Rows": 17, "Plan Width": 16}]}, {"Node Type": "Sort", "Parent Relationship": "Inner", "Startup Cost": 2598.36, "Total Cost": 2598.74, "Plan Rows": 154, "Plan Width": 25, "Sort Key": ["ml.link_type_id"], "Plans": [{"Node Type": "Nested Loop", "Parent Relationship": "Outer", "Join Type": "Inner", "Startup Cost": 4.51, "Total Cost": 2592.76, "Plan Rows": 154, "Plan Width": 25, "Inner Unique": false, "Plans": [{"Node Type": "Nested Loop", "Parent Relationship": "Outer", "Join Type": "Inner", "Startup Cost": 4.51, "Total Cost": 2579.55, "Plan Rows": 33, "Plan Width": 25, "Inner Unique": true, "Plans": [{"Node Type": "Nested Loop", "Parent Relationship": "Outer", "Join Type": "Inner", "Startup Cost": 4.51, "Total Cost": 2569.02, "Plan Rows": 33, "Plan Width": 4, "Inner Unique": false, "Plans": [{"Node Type": "Seq Scan", "Parent Relationship": "Outer", "Relation Name": "keyword", "Alias": "k", "Startup Cost": 0.0, "Total Cost": 2436.11, "Plan Rows": 1, "Plan Width": 4, "Filter": "((keyword)::text = '10,000-mile-club'::text)"}, {"Node Type": "Bitmap Heap Scan", "Parent Relationship": "Inner", "Relation Name": "movie_keyword", "Alias": "mk", "Startup Cost": 4.51, "Total Cost": 132.58, "Plan Rows": 33, "Plan Width": 8, "Recheck Cond": "(keyword_id = k.id)", "Plans": [{"Node Type": "Bitmap Index Scan", "Parent Relationship": "Outer", "Index Name": "keyword_id_movie_keyword", "Startup Cost": 0.0, "Total Cost": 4.5, "Plan Rows": 33, "Plan Width": 0, "Index Cond": "(keyword_id = k.id)"}]}]}, {"Node Type": "Index Scan", "Parent Relationship": "Inner", "Scan Direction": "Forward", "Index Name": "title_pkey", "Relation Name": "title", "Alias": "t1", "Startup Cost": 0.0, "Total Cost": 0.31, "Plan Rows": 1, "Plan Width": 21, "Index Cond": "(id = mk.movie_id)"}]}, {"Node Type": "Index Scan", "Parent Relationship": "Inner", "Scan Direction": "Forward", "Index Name": "movie_id_movie_link", "Relation Name": "movie_link", "Alias": "ml", "Startup Cost": 0.0, "Total Cost": 0.35, "Plan Rows": 5, "Plan Width": 12, "Index Cond": "(movie_id = t1.id)"}]}]}]}, {"Node Type": "Index Scan", "Parent Relationship": "Inner", "Scan Direction": "Forward", "Index Name": "title_pkey", "Relation Name": "title", "Alias": "t2", "Startup Cost": 0.0, "Total Cost": 4.3, "Plan Rows": 1, "Plan Width": 21, "Index Cond": "(id = ml.linked_movie_id)"}]}]}, "Unique SQL Id": 524435555, "Planner Runtime": 13}, "explain_analyze_plan": {"Plan": {"Node Type": "Aggregate", "Strategy": "Plain", "Startup Cost": 3267.0, "Total Cost": 3267.01, "Plan Rows": 1, "Plan Width": 142, "Actual Startup Time": 40.621, "Actual Total Time": 40.621, "Actual Rows": 1, "Actual Loops": 1, "Plans": [{"Node Type": "Nested Loop", "Parent Relationship": "Outer", "Join Type": "Inner", "Startup Cost": 2599.91, "Total Cost": 3265.84, "Plan Rows": 154, "Plan Width": 46, "Actual Startup Time": 40.617, "Actual Total Time": 40.617, "Actual Rows": 0, "Actual Loops": 1, "Inner Unique": true, "Plans": [{"Node Type": "Merge Join", "Parent Relationship": "Outer", "Join Type": "Inner", "Startup Cost": 2599.91, "Total Cost": 2602.27, "Plan Rows": 154, "Plan Width": 33, "Actual Startup Time": 40.615, "Actual Total Time": 40.615, "Actual Rows": 0, "Actual Loops": 1, "Inner Unique": false, "Merge Cond": "(lt.id = ml.link_type_id)", "Plans": [{"Node Type": "Sort", "Parent Relationship": "Outer", "Startup Cost": 1.52, "Total Cost": 1.56, "Plan Rows": 17, "Plan Width": 16, "Actual Startup Time": 0.03, "Actual Total Time": 0.03, "Actual Rows": 1, "Actual Loops": 1, "Sort Key": ["lt.id"], "Sort Method": "quicksort", "Sort Space Used": 26, "Sort Space Type": "Memory", "Plans": [{"Node Type": "Seq Scan", "Parent Relationship": "Outer", "Relation Name": "link_type", "Alias": "lt", "Startup Cost": 0.0, "Total Cost": 1.17, "Plan Rows": 17, "Plan Width": 16, "Actual Startup Time": 0.01, "Actual Total Time": 0.015, "Actual Rows": 17, "Actual Loops": 1}]}, {"Node Type": "Sort", "Parent Relationship": "Inner", "Startup Cost": 2598.36, "Total Cost": 2598.74, "Plan Rows": 154, "Plan Width": 25, "Actual Startup Time": 40.575, "Actual Total Time": 40.575, "Actual Rows": 0, "Actual Loops": 1, "Sort Key": ["ml.link_type_id"], "Sort Method": "quicksort", "Sort Space Used": 25, "Sort Space Type": "Memory", "Plans": [{"Node Type": "Nested Loop", "Parent Relationship": "Outer", "Join Type": "Inner", "Startup Cost": 4.51, "Total Cost": 2592.76, "Plan Rows": 154, "Plan Width": 25, "Actual Startup Time": 40.572, "Actual Total Time": 40.572, "Actual Rows": 0, "Actual Loops": 1, "Inner Unique": false, "Plans": [{"Node Type": "Nested Loop", "Parent Relationship": "Outer", "Join Type": "Inner", "Startup Cost": 4.51, "Total Cost": 2579.55, "Plan Rows": 33, "Plan Width": 25, "Actual Startup Time": 39.701, "Actual Total Time": 40.568, "Actual Rows": 1, "Actual Loops": 1, "Inner Unique": true, "Plans": [{"Node Type": "Nested Loop", "Parent Relationship": "Outer", "Join Type": "Inner", "Startup Cost": 4.51, "Total Cost": 2569.02, "Plan Rows": 33, "Plan Width": 4, "Actual Startup Time": 39.684, "Actual Total Time": 40.551, "Actual Rows": 1, "Actual Loops": 1, "Inner Unique": false, "Plans": [{"Node Type": "Seq Scan", "Parent Relationship": "Outer", "Relation Name": "keyword", "Alias": "k", "Startup Cost": 0.0, "Total Cost": 2436.11, "Plan Rows": 1, "Plan Width": 4, "Actual Startup Time": 39.651, "Actual Total Time": 40.516, "Actual Rows": 1, "Actual Loops": 1, "Filter": "((keyword)::text = '10,000-mile-club'::text)", "Rows Removed by Filter": 134168}, {"Node Type": "Bitmap Heap Scan", "Parent Relationship": "Inner", "Relation Name": "movie_keyword", "Alias": "mk", "Startup Cost": 4.51, "Total Cost": 132.58, "Plan Rows": 33, "Plan Width": 8, "Actual Startup Time": 0.025, "Actual Total Time": 0.026, "Actual Rows": 1, "Actual Loops": 1, "Recheck Cond": "(keyword_id = k.id)", "Rows Removed by Index Recheck": 0, "Exact Heap Blocks": 1, "Lossy Heap Blocks": 1, "Plans": [{"Node Type": "Bitmap Index Scan", "Parent Relationship": "Outer", "Index Name": "keyword_id_movie_keyword", "Startup Cost": 0.0, "Total Cost": 4.5, "Plan Rows": 33, "Plan Width": 0, "Actual Startup Time": 0.015, "Actual Total Time": 0.015, "Actual Rows": 1, "Actual Loops": 1, "Index Cond": "(keyword_id = k.id)"}]}]}, {"Node Type": "Index Scan", "Parent Relationship": "Inner", "Scan Direction": "Forward", "Index Name": "title_pkey", "Relation Name": "title", "Alias": "t1", "Startup Cost": 0.0, "Total Cost": 0.31, "Plan Rows": 1, "Plan Width": 21, "Actual Startup Time": 0.015, "Actual Total Time": 0.015, "Actual Rows": 1, "Actual Loops": 1, "Index Cond": "(id = mk.movie_id)", "Rows Removed by Index Recheck": 0}]}, {"Node Type": "Index Scan", "Parent Relationship": "Inner", "Scan Direction": "Forward", "Index Name": "movie_id_movie_link", "Relation Name": "movie_link", "Alias": "ml", "Startup Cost": 0.0, "Total Cost": 0.35, "Plan Rows": 5, "Plan Width": 12, "Actual Startup Time": 0.003, "Actual Total Time": 0.003, "Actual Rows": 0, "Actual Loops": 1, "Index Cond": "(movie_id = t1.id)", "Rows Removed by Index Recheck": 0}]}]}]}, {"Node Type": "Index Scan", "Parent Relationship": "Inner", "Scan Direction": "Forward", "Index Name": "title_pkey", "Relation Name": "title", "Alias": "t2", "Startup Cost": 0.0, "Total Cost": 4.3, "Plan Rows": 1, "Plan Width": 21, "Actual Startup Time": 0.0, "Actual Total Time": 0.0, "Index Cond": "(id = ml.linked_movie_id)", "Rows Removed by Index Recheck": 0}]}]}, "Triggers": [], "Planner Runtime": 13, "Total Runtime": 40.832, "Unique SQL Id": 524435555}}, "(64, 85)": {"explain_plan": {"Plan": {"Node Type": "Aggregate", "Strategy": "Plain", "Startup Cost": 4047.28, "Total Cost": 4047.29, "Plan Rows": 1, "Plan Width": 142, "Plans": [{"Node Type": "Nested Loop", "Parent Relationship": "Outer", "Join Type": "Inner", "Startup Cost": 4.51, "Total Cost": 4046.12, "Plan Rows": 154, "Plan Width": 46, "Inner Unique": true, "Plans": [{"Node Type": "Nested Loop", "Parent Relationship": "Outer", "Join Type": "Inner", "Startup Cost": 4.51, "Total Cost": 3382.55, "Plan Rows": 154, "Plan Width": 33, "Inner Unique": true, "Plans": [{"Node Type": "Nested Loop", "Parent Relationship": "Outer", "Join Type": "Inner", "Startup Cost": 4.51, "Total Cost": 3339.37, "Plan Rows": 154, "Plan Width": 25, "Inner Unique": false, "Plans": [{"Node Type": "Nested Loop", "Parent Relationship": "Outer", "Join Type": "Inner", "Startup Cost": 4.51, "Total Cost": 3326.15, "Plan Rows": 33, "Plan Width": 25, "Inner Unique": true, "Plans": [{"Node Type": "Nested Loop", "Parent Relationship": "Outer", "Join Type": "Inner", "Startup Cost": 4.51, "Total Cost": 3315.63, "Plan Rows": 33, "Plan Width": 4, "Inner Unique": false, "Plans": [{"Node Type": "Index Scan", "Parent Relationship": "Outer", "Scan Direction": "Forward", "Index Name": "keyword_pkey", "Relation Name": "keyword", "Alias": "k", "Startup Cost": 0.0, "Total Cost": 3182.72, "Plan Rows": 1, "Plan Width": 4, "Filter": "((keyword)::text = '10,000-mile-club'::text)"}, {"Node Type": "Bitmap Heap Scan", "Parent Relationship": "Inner", "Relation Name": "movie_keyword", "Alias": "mk", "Startup Cost": 4.51, "Total Cost": 132.58, "Plan Rows": 33, "Plan Width": 8, "Recheck Cond": "(keyword_id = k.id)", "Plans": [{"Node Type": "Bitmap Index Scan", "Parent Relationship": "Outer", "Index Name": "keyword_id_movie_keyword", "Startup Cost": 0.0, "Total Cost": 4.5, "Plan Rows": 33, "Plan Width": 0, "Index Cond": "(keyword_id = k.id)"}]}]}, {"Node Type": "Index Scan", "Parent Relationship": "Inner", "Scan Direction": "Forward", "Index Name": "title_pkey", "Relation Name": "title", "Alias": "t1", "Startup Cost": 0.0, "Total Cost": 0.31, "Plan Rows": 1, "Plan Width": 21, "Index Cond": "(id = mk.movie_id)"}]}, {"Node Type": "Index Scan", "Parent Relationship": "Inner", "Scan Direction": "Forward", "Index Name": "movie_id_movie_link", "Relation Name": "movie_link", "Alias": "ml", "Startup Cost": 0.0, "Total Cost": 0.35, "Plan Rows": 5, "Plan Width": 12, "Index Cond": "(movie_id = t1.id)"}]}, {"Node Type": "Index Scan", "Parent Relationship": "Inner", "Scan Direction": "Forward", "Index Name": "link_type_pkey", "Relation Name": "link_type", "Alias": "lt", "Startup Cost": 0.0, "Total Cost": 0.27, "Plan Rows": 1, "Plan Width": 16, "Index Cond": "(id = ml.link_type_id)"}]}, {"Node Type": "Index Scan", "Parent Relationship": "Inner", "Scan Direction": "Forward", "Index Name": "title_pkey", "Relation Name": "title", "Alias": "t2", "Startup Cost": 0.0, "Total Cost": 4.3, "Plan Rows": 1, "Plan Width": 21, "Index Cond": "(id = ml.linked_movie_id)"}]}]}, "Unique SQL Id": 524435555, "Planner Runtime": 12}, "explain_analyze_plan": {"Plan": {"Node Type": "Aggregate", "Strategy": "Plain", "Startup Cost": 4047.28, "Total Cost": 4047.29, "Plan Rows": 1, "Plan Width": 142, "Actual Startup Time": 114.984, "Actual Total Time": 114.985, "Actual Rows": 1, "Actual Loops": 1, "Plans": [{"Node Type": "Nested Loop", "Parent Relationship": "Outer", "Join Type": "Inner", "Startup Cost": 4.51, "Total Cost": 4046.12, "Plan Rows": 154, "Plan Width": 46, "Actual Startup Time": 114.978, "Actual Total Time": 114.978, "Actual Rows": 0, "Actual Loops": 1, "Inner Unique": true, "Plans": [{"Node Type": "Nested Loop", "Parent Relationship": "Outer", "Join Type": "Inner", "Startup Cost": 4.51, "Total Cost": 3382.55, "Plan Rows": 154, "Plan Width": 33, "Actual Startup Time": 114.977, "Actual Total Time": 114.977, "Actual Rows": 0, "Actual Loops": 1, "Inner Unique": true, "Plans": [{"Node Type": "Nested Loop", "Parent Relationship": "Outer", "Join Type": "Inner", "Startup Cost": 4.51, "Total Cost": 3339.37, "Plan Rows": 154, "Plan Width": 25, "Actual Startup Time": 114.976, "Actual Total Time": 114.976, "Actual Rows": 0, "Actual Loops": 1, "Inner Unique": false, "Plans": [{"Node Type": "Nested Loop", "Parent Relationship": "Outer", "Join Type": "Inner", "Startup Cost": 4.51, "Total Cost": 3326.15, "Plan Rows": 33, "Plan Width": 25, "Actual Startup Time": 113.117, "Actual Total Time": 114.965, "Actual Rows": 1, "Actual Loops": 1, "Inner Unique": true, "Plans": [{"Node Type": "Nested Loop", "Parent Relationship": "Outer", "Join Type": "Inner", "Startup Cost": 4.51, "Total Cost": 3315.63, "Plan Rows": 33, "Plan Width": 4, "Actual Startup Time": 113.093, "Actual Total Time": 114.94, "Actual Rows": 1, "Actual Loops": 1, "Inner Unique": false, "Plans": [{"Node Type": "Index Scan", "Parent Relationship": "Outer", "Scan Direction": "Forward", "Index Name": "keyword_pkey", "Relation Name": "keyword", "Alias": "k", "Startup Cost": 0.0, "Total Cost": 3182.72, "Plan Rows": 1, "Plan Width": 4, "Actual Startup Time": 113.04, "Actual Total Time": 114.886, "Actual Rows": 1, "Actual Loops": 1, "Filter": "((keyword)::text = '10,000-mile-club'::text)", "Rows Removed by Filter": 134168}, {"Node Type": "Bitmap Heap Scan", "Parent Relationship": "Inner", "Relation Name": "movie_keyword", "Alias": "mk", "Startup Cost": 4.51, "Total Cost": 132.58, "Plan Rows": 33, "Plan Width": 8, "Actual Startup Time": 0.033, "Actual Total Time": 0.033, "Actual Rows": 1, "Actual Loops": 1, "Recheck Cond": "(keyword_id = k.id)", "Rows Removed by Index Recheck": 0, "Exact Heap Blocks": 1, "Lossy Heap Blocks": 1, "Plans": [{"Node Type": "Bitmap Index Scan", "Parent Relationship": "Outer", "Index Name": "keyword_id_movie_keyword", "Startup Cost": 0.0, "Total Cost": 4.5, "Plan Rows": 33, "Plan Width": 0, "Actual Startup Time": 0.02, "Actual Total Time": 0.02, "Actual Rows": 1, "Actual Loops": 1, "Index Cond": "(keyword_id = k.id)"}]}]}, {"Node Type": "Index Scan", "Parent Relationship": "Inner", "Scan Direction": "Forward", "Index Name": "title_pkey", "Relation Name": "title", "Alias": "t1", "Startup Cost": 0.0, "Total Cost": 0.31, "Plan Rows": 1, "Plan Width": 21, "Actual Startup Time": 0.017, "Actual Total Time": 0.017, "Actual Rows": 1, "Actual Loops": 1, "Index Cond": "(id = mk.movie_id)", "Rows Removed by Index Recheck": 0}]}, {"Node Type": "Index Scan", "Parent Relationship": "Inner", "Scan Direction": "Forward", "Index Name": "movie_id_movie_link", "Relation Name": "movie_link", "Alias": "ml", "Startup Cost": 0.0, "Total Cost": 0.35, "Plan Rows": 5, "Plan Width": 12, "Actual Startup Time": 0.006, "Actual Total Time": 0.006, "Actual Rows": 0, "Actual Loops": 1, "Index Cond": "(movie_id = t1.id)", "Rows Removed by Index Recheck": 0}]}, {"Node Type": "Index Scan", "Parent Relationship": "Inner", "Scan Direction": "Forward", "Index Name": "link_type_pkey", "Relation Name": "link_type", "Alias": "lt", "Startup Cost": 0.0, "Total Cost": 0.27, "Plan Rows": 1, "Plan Width": 16, "Actual Startup Time": 0.0, "Actual Total Time": 0.0, "Index Cond": "(id = ml.link_type_id)", "Rows Removed by Index Recheck": 0}]}, {"Node Type": "Index Scan", "Parent Relationship": "Inner", "Scan Direction": "Forward", "Index Name": "title_pkey", "Relation Name": "title", "Alias": "t2", "Startup Cost": 0.0, "Total Cost": 4.3, "Plan Rows": 1, "Plan Width": 21, "Actual Startup Time": 0.0, "Actual Total Time": 0.0, "Index Cond": "(id = ml.linked_movie_id)", "Rows Removed by Index Recheck": 0}]}]}, "Triggers": [], "Planner Runtime": 2, "Total Runtime": 115.266, "Unique SQL Id": 524435555}}, "(64, 86)": {"explain_plan": {"Plan": {"Node Type": "Aggregate", "Strategy": "Plain", "Startup Cost": 3716.04, "Total Cost": 3716.05, "Plan Rows": 1, "Plan Width": 142, "Plans": [{"Node Type": "Nested Loop", "Parent Relationship": "Outer", "Join Type": "Inner", "Startup Cost": 2864.83, "Total Cost": 3714.88, "Plan Rows": 154, "Plan Width": 46, "Inner Unique": true, "Plans": [{"Node Type": "Merge Join", "Parent Relationship": "Outer", "Join Type": "Inner", "Startup Cost": 2863.34, "Total Cost": 2865.7, "Plan Rows": 154, "Plan Width": 33, "Inner Unique": false, "Merge Cond": "(lt.id = ml.link_type_id)", "Plans": [{"Node Type": "Sort", "Parent Relationship": "Outer", "Startup Cost": 1.52, "Total Cost": 1.56, "Plan Rows": 17, "Plan Width": 16, "Sort Key": ["lt.id"], "Plans": [{"Node Type": "Seq Scan", "Parent Relationship": "Outer", "Relation Name": "link_type", "Alias": "lt", "Startup Cost": 0.0, "Total Cost": 1.17, "Plan Rows": 17, "Plan Width": 16}]}, {"Node Type": "Sort", "Parent Relationship": "Inner", "Startup Cost": 2861.8, "Total Cost": 2862.18, "Plan Rows": 154, "Plan Width": 25, "Sort Key": ["ml.link_type_id"], "Plans": [{"Node Type": "Nested Loop", "Parent Relationship": "Outer", "Join Type": "Inner", "Startup Cost": 5.06, "Total Cost": 2856.2, "Plan Rows": 154, "Plan Width": 25, "Inner Unique": false, "Join Filter": "(t1.id = ml.movie_id)", "Plans": [{"Node Type": "Nested Loop", "Parent Relationship": "Outer", "Join Type": "Inner", "Startup Cost": 4.77, "Total Cost": 2710.54, "Plan Rows": 33, "Plan Width": 25, "Inner Unique": true, "Plans": [{"Node Type": "Nested Loop", "Parent Relationship": "Outer", "Join Type": "Inner", "Startup Cost": 4.51, "Total Cost": 2569.02, "Plan Rows": 33, "Plan Width": 4, "Inner Unique": false, "Plans": [{"Node Type": "Seq Scan", "Parent Relationship": "Outer", "Relation Name": "keyword", "Alias": "k", "Startup Cost": 0.0, "Total Cost": 2436.11, "Plan Rows": 1, "Plan Width": 4, "Filter": "((keyword)::text = '10,000-mile-club'::text)"}, {"Node Type": "Bitmap Heap Scan", "Parent Relationship": "Inner", "Relation Name": "movie_keyword", "Alias": "mk", "Startup Cost": 4.51, "Total Cost": 132.58, "Plan Rows": 33, "Plan Width": 8, "Recheck Cond": "(keyword_id = k.id)", "Plans": [{"Node Type": "Bitmap Index Scan", "Parent Relationship": "Outer", "Index Name": "keyword_id_movie_keyword", "Startup Cost": 0.0, "Total Cost": 4.5, "Plan Rows": 33, "Plan Width": 0, "Index Cond": "(keyword_id = k.id)"}]}]}, {"Node Type": "Bitmap Heap Scan", "Parent Relationship": "Inner", "Relation Name": "title", "Alias": "t1", "Startup Cost": 0.27, "Total Cost": 4.28, "Plan Rows": 1, "Plan Width": 21, "Recheck Cond": "(id = mk.movie_id)", "Plans": [{"Node Type": "Bitmap Index Scan", "Parent Relationship": "Outer", "Index Name": "title_pkey", "Startup Cost": 0.0, "Total Cost": 0.27, "Plan Rows": 1, "Plan Width": 0, "Index Cond": "(id = mk.movie_id)"}]}]}, {"Node Type": "Bitmap Heap Scan", "Parent Relationship": "Inner", "Relation Name": "movie_link", "Alias": "ml", "Startup Cost": 0.29, "Total Cost": 4.35, "Plan Rows": 5, "Plan Width": 12, "Recheck Cond": "(movie_id = mk.movie_id)", "Plans": [{"Node Type": "Bitmap Index Scan", "Parent Relationship": "Outer", "Index Name": "movie_id_movie_link", "Startup Cost": 0.0, "Total Cost": 0.29, "Plan Rows": 5, "Plan Width": 0, "Index Cond": "(movie_id = mk.movie_id)"}]}]}]}]}, {"Node Type": "Bitmap Heap Scan", "Parent Relationship": "Inner", "Relation Name": "title", "Alias": "t2", "Startup Cost": 1.49, "Total Cost": 5.5, "Plan Rows": 1, "Plan Width": 21, "Recheck Cond": "(id = ml.linked_movie_id)", "Plans": [{"Node Type": "Bitmap Index Scan", "Parent Relationship": "Outer", "Index Name": "title_pkey", "Startup Cost": 0.0, "Total Cost": 1.49, "Plan Rows": 1, "Plan Width": 0, "Index Cond": "(id = ml.linked_movie_id)"}]}]}]}, "Unique SQL Id": 524435555, "Planner Runtime": 8}, "explain_analyze_plan": {"Plan": {"Node Type": "Aggregate", "Strategy": "Plain", "Startup Cost": 3716.04, "Total Cost": 3716.05, "Plan Rows": 1, "Plan Width": 142, "Actual Startup Time": 40.464, "Actual Total Time": 40.464, "Actual Rows": 1, "Actual Loops": 1, "Plans": [{"Node Type": "Nested Loop", "Parent Relationship": "Outer", "Join Type": "Inner", "Startup Cost": 2864.83, "Total Cost": 3714.88, "Plan Rows": 154, "Plan Width": 46, "Actual Startup Time": 40.459, "Actual Total Time": 40.459, "Actual Rows": 0, "Actual Loops": 1, "Inner Unique": true, "Plans": [{"Node Type": "Merge Join", "Parent Relationship": "Outer", "Join Type": "Inner", "Startup Cost": 2863.34, "Total Cost": 2865.7, "Plan Rows": 154, "Plan Width": 33, "Actual Startup Time": 40.459, "Actual Total Time": 40.459, "Actual Rows": 0, "Actual Loops": 1, "Inner Unique": false, "Merge Cond": "(lt.id = ml.link_type_id)", "Plans": [{"Node Type": "Sort", "Parent Relationship": "Outer", "Startup Cost": 1.52, "Total Cost": 1.56, "Plan Rows": 17, "Plan Width": 16, "Actual Startup Time": 0.028, "Actual Total Time": 0.028, "Actual Rows": 1, "Actual Loops": 1, "Sort Key": ["lt.id"], "Sort Method": "quicksort", "Sort Space Used": 26, "Sort Space Type": "Memory", "Plans": [{"Node Type": "Seq Scan", "Parent Relationship": "Outer", "Relation Name": "link_type", "Alias": "lt", "Startup Cost": 0.0, "Total Cost": 1.17, "Plan Rows": 17, "Plan Width": 16, "Actual Startup Time": 0.009, "Actual Total Time": 0.014, "Actual Rows": 17, "Actual Loops": 1}]}, {"Node Type": "Sort", "Parent Relationship": "Inner", "Startup Cost": 2861.8, "Total Cost": 2862.18, "Plan Rows": 154, "Plan Width": 25, "Actual Startup Time": 40.423, "Actual Total Time": 40.423, "Actual Rows": 0, "Actual Loops": 1, "Sort Key": ["ml.link_type_id"], "Sort Method": "quicksort", "Sort Space Used": 25, "Sort Space Type": "Memory", "Plans": [{"Node Type": "Nested Loop", "Parent Relationship": "Outer", "Join Type": "Inner", "Startup Cost": 5.06, "Total Cost": 2856.2, "Plan Rows": 154, "Plan Width": 25, "Actual Startup Time": 40.419, "Actual Total Time": 40.419, "Actual Rows": 0, "Actual Loops": 1, "Inner Unique": false, "Join Filter": "(t1.id = ml.movie_id)", "Rows Removed by Join Filter": 0, "Plans": [{"Node Type": "Nested Loop", "Parent Relationship": "Outer", "Join Type": "Inner", "Startup Cost": 4.77, "Total Cost": 2710.54, "Plan Rows": 33, "Plan Width": 25, "Actual Startup Time": 39.547, "Actual Total Time": 40.412, "Actual Rows": 1, "Actual Loops": 1, "Inner Unique": true, "Plans": [{"Node Type": "Nested Loop", "Parent Relationship": "Outer", "Join Type": "Inner", "Startup Cost": 4.51, "Total Cost": 2569.02, "Plan Rows": 33, "Plan Width": 4, "Actual Startup Time": 39.533, "Actual Total Time": 40.398, "Actual Rows": 1, "Actual Loops": 1, "Inner Unique": false, "Plans": [{"Node Type": "Seq Scan", "Parent Relationship": "Outer", "Relation Name": "keyword", "Alias": "k", "Startup Cost": 0.0, "Total Cost": 2436.11, "Plan Rows": 1, "Plan Width": 4, "Actual Startup Time": 39.504, "Actual Total Time": 40.367, "Actual Rows": 1, "Actual Loops": 1, "Filter": "((keyword)::text = '10,000-mile-club'::text)", "Rows Removed by Filter": 134168}, {"Node Type": "Bitmap Heap Scan", "Parent Relationship": "Inner", "Relation Name": "movie_keyword", "Alias": "mk", "Startup Cost": 4.51, "Total Cost": 132.58, "Plan Rows": 33, "Plan Width": 8, "Actual Startup Time": 0.022, "Actual Total Time": 0.023, "Actual Rows": 1, "Actual Loops": 1, "Recheck Cond": "(keyword_id = k.id)", "Rows Removed by Index Recheck": 0, "Exact Heap Blocks": 1, "Lossy Heap Blocks": 1, "Plans": [{"Node Type": "Bitmap Index Scan", "Parent Relationship": "Outer", "Index Name": "keyword_id_movie_keyword", "Startup Cost": 0.0, "Total Cost": 4.5, "Plan Rows": 33, "Plan Width": 0, "Actual Startup Time": 0.013, "Actual Total Time": 0.013, "Actual Rows": 1, "Actual Loops": 1, "Index Cond": "(keyword_id = k.id)"}]}]}, {"Node Type": "Bitmap Heap Scan", "Parent Relationship": "Inner", "Relation Name": "title", "Alias": "t1", "Startup Cost": 0.27, "Total Cost": 4.28, "Plan Rows": 1, "Plan Width": 21, "Actual Startup Time": 0.01, "Actual Total Time": 0.01, "Actual Rows": 1, "Actual Loops": 1, "Recheck Cond": "(id = mk.movie_id)", "Rows Removed by Index Recheck": 0, "Exact Heap Blocks": 1, "Lossy Heap Blocks": 1, "Plans": [{"Node Type": "Bitmap Index Scan", "Parent Relationship": "Outer", "Index Name": "title_pkey", "Startup Cost": 0.0, "Total Cost": 0.27, "Plan Rows": 1, "Plan Width": 0, "Actual Startup Time": 0.007, "Actual Total Time": 0.007, "Actual Rows": 1, "Actual Loops": 1, "Index Cond": "(id = mk.movie_id)"}]}]}, {"Node Type": "Bitmap Heap Scan", "Parent Relationship": "Inner", "Relation Name": "movie_link", "Alias": "ml", "Startup Cost": 0.29, "Total Cost": 4.35, "Plan Rows": 5, "Plan Width": 12, "Actual Startup Time": 0.005, "Actual Total Time": 0.005, "Actual Rows": 0, "Actual Loops": 1, "Recheck Cond": "(movie_id = mk.movie_id)", "Rows Removed by Index Recheck": 0, "Exact Heap Blocks": 0, "Lossy Heap Blocks": 0, "Plans": [{"Node Type": "Bitmap Index Scan", "Parent Relationship": "Outer", "Index Name": "movie_id_movie_link", "Startup Cost": 0.0, "Total Cost": 0.29, "Plan Rows": 5, "Plan Width": 0, "Actual Startup Time": 0.003, "Actual Total Time": 0.003, "Actual Rows": 0, "Actual Loops": 1, "Index Cond": "(movie_id = mk.movie_id)"}]}]}]}]}, {"Node Type": "Bitmap Heap Scan", "Parent Relationship": "Inner", "Relation Name": "title", "Alias": "t2", "Startup Cost": 1.49, "Total Cost": 5.5, "Plan Rows": 1, "Plan Width": 21, "Actual Startup Time": 0.0, "Actual Total Time": 0.0, "Recheck Cond": "(id = ml.linked_movie_id)", "Rows Removed by Index Recheck": 0, "Exact Heap Blocks": 0, "Lossy Heap Blocks": 0, "Plans": [{"Node Type": "Bitmap Index Scan", "Parent Relationship": "Outer", "Index Name": "title_pkey", "Startup Cost": 0.0, "Total Cost": 1.49, "Plan Rows": 1, "Plan Width": 0, "Actual Startup Time": 0.0, "Actual Total Time": 0.0, "Index Cond": "(id = ml.linked_movie_id)"}]}]}]}, "Triggers": [], "Planner Runtime": 8, "Total Runtime": 40.678, "Unique SQL Id": 524435555}}, "(64, 87)": {"explain_plan": {"Plan": {"Node Type": "Aggregate", "Strategy": "Plain", "Startup Cost": 4446.47, "Total Cost": 4446.48, "Plan Rows": 1, "Plan Width": 142, "Plans": [{"Node Type": "Nested Loop", "Parent Relationship": "Outer", "Join Type": "Inner", "Startup Cost": 3595.27, "Total Cost": 4445.32, "Plan Rows": 154, "Plan Width": 46, "Inner Unique": true, "Plans": [{"Node Type": "Merge Join", "Parent Relationship": "Outer", "Join Type": "Inner", "Startup Cost": 3593.78, "Total Cost": 3596.14, "Plan Rows": 154, "Plan Width": 33, "Inner Unique": false, "Merge Cond": "(lt.id = ml.link_type_id)", "Plans": [{"Node Type": "Sort", "Parent Relationship": "Outer", "Startup Cost": 12.86, "Total Cost": 12.9, "Plan Rows": 17, "Plan Width": 16, "Sort Key": ["lt.id"], "Plans": [{"Node Type": "Bitmap Heap Scan", "Parent Relationship": "Outer", "Relation Name": "link_type", "Alias": "lt", "Startup Cost": 8.34, "Total Cost": 12.51, "Plan Rows": 17, "Plan Width": 16, "Plans": [{"Node Type": "Bitmap Index Scan", "Parent Relationship": "Outer", "Index Name": "link_type_pkey", "Startup Cost": 0.0, "Total Cost": 8.34, "Plan Rows": 17, "Plan Width": 0}]}]}, {"Node Type": "Sort", "Parent Relationship": "Inner", "Startup Cost": 3580.89, "Total Cost": 3581.28, "Plan Rows": 154, "Plan Width": 25, "Sort Key": ["ml.link_type_id"], "Plans": [{"Node Type": "Nested Loop", "Parent Relationship": "Outer", "Join Type": "Inner", "Startup Cost": 724.16, "Total Cost": 3575.3, "Plan Rows": 154, "Plan Width": 25, "Inner Unique": false, "Join Filter": "(t1.id = ml.movie_id)", "Plans": [{"Node Type": "Nested Loop", "Parent Relationship": "Outer", "Join Type": "Inner", "Startup Cost": 723.87, "Total Cost": 3429.64, "Plan Rows": 33, "Plan Width": 25, "Inner Unique": true, "Plans": [{"Node Type": "Nested Loop", "Parent Relationship": "Outer", "Join Type": "Inner", "Startup Cost": 723.6, "Total Cost": 3288.12, "Plan Rows": 33, "Plan Width": 4, "Inner Unique": false, "Plans": [{"Node Type": "Bitmap Heap Scan", "Parent Relationship": "Outer", "Relation Name": "keyword", "Alias": "k", "Startup Cost": 719.1, "Total Cost": 3155.21, "Plan Rows": 1, "Plan Width": 4, "Filter": "((keyword)::text = '10,000-mile-club'::text)", "Plans": [{"Node Type": "Bitmap Index Scan", "Parent Relationship": "Outer", "Index Name": "keyword_pkey", "Startup Cost": 0.0, "Total Cost": 719.1, "Plan Rows": 134169, "Plan Width": 0}]}, {"Node Type": "Bitmap Heap Scan", "Parent Relationship": "Inner", "Relation Name": "movie_keyword", "Alias": "mk", "Startup Cost": 4.51, "Total Cost": 132.58, "Plan Rows": 33, "Plan Width": 8, "Recheck Cond": "(keyword_id = k.id)", "Plans": [{"Node Type": "Bitmap Index Scan", "Parent Relationship": "Outer", "Index Name": "keyword_id_movie_keyword", "Startup Cost": 0.0, "Total Cost": 4.5, "Plan Rows": 33, "Plan Width": 0, "Index Cond": "(keyword_id = k.id)"}]}]}, {"Node Type": "Bitmap Heap Scan", "Parent Relationship": "Inner", "Relation Name": "title", "Alias": "t1", "Startup Cost": 0.27, "Total Cost": 4.28, "Plan Rows": 1, "Plan Width": 21, "Recheck Cond": "(id = mk.movie_id)", "Plans": [{"Node Type": "Bitmap Index Scan", "Parent Relationship": "Outer", "Index Name": "title_pkey", "Startup Cost": 0.0, "Total Cost": 0.27, "Plan Rows": 1, "Plan Width": 0, "Index Cond": "(id = mk.movie_id)"}]}]}, {"Node Type": "Bitmap Heap Scan", "Parent Relationship": "Inner", "Relation Name": "movie_link", "Alias": "ml", "Startup Cost": 0.29, "Total Cost": 4.35, "Plan Rows": 5, "Plan Width": 12, "Recheck Cond": "(movie_id = mk.movie_id)", "Plans": [{"Node Type": "Bitmap Index Scan", "Parent Relationship": "Outer", "Index Name": "movie_id_movie_link", "Startup Cost": 0.0, "Total Cost": 0.29, "Plan Rows": 5, "Plan Width": 0, "Index Cond": "(movie_id = mk.movie_id)"}]}]}]}]}, {"Node Type": "Bitmap Heap Scan", "Parent Relationship": "Inner", "Relation Name": "title", "Alias": "t2", "Startup Cost": 1.49, "Total Cost": 5.5, "Plan Rows": 1, "Plan Width": 21, "Recheck Cond": "(id = ml.linked_movie_id)", "Plans": [{"Node Type": "Bitmap Index Scan", "Parent Relationship": "Outer", "Index Name": "title_pkey", "Startup Cost": 0.0, "Total Cost": 1.49, "Plan Rows": 1, "Plan Width": 0, "Index Cond": "(id = ml.linked_movie_id)"}]}]}]}, "Unique SQL Id": 524435555, "Planner Runtime": 8}, "explain_analyze_plan": {"Plan": {"Node Type": "Aggregate", "Strategy": "Plain", "Startup Cost": 4446.47, "Total Cost": 4446.48, "Plan Rows": 1, "Plan Width": 142, "Actual Startup Time": 61.044, "Actual Total Time": 61.044, "Actual Rows": 1, "Actual Loops": 1, "Plans": [{"Node Type": "Nested Loop", "Parent Relationship": "Outer", "Join Type": "Inner", "Startup Cost": 3595.27, "Total Cost": 4445.32, "Plan Rows": 154, "Plan Width": 46, "Actual Startup Time": 61.039, "Actual Total Time": 61.039, "Actual Rows": 0, "Actual Loops": 1, "Inner Unique": true, "Plans": [{"Node Type": "Merge Join", "Parent Relationship": "Outer", "Join Type": "Inner", "Startup Cost": 3593.78, "Total Cost": 3596.14, "Plan Rows": 154, "Plan Width": 33, "Actual Startup Time": 61.039, "Actual Total Time": 61.039, "Actual Rows": 0, "Actual Loops": 1, "Inner Unique": false, "Merge Cond": "(lt.id = ml.link_type_id)", "Plans": [{"Node Type": "Sort", "Parent Relationship": "Outer", "Startup Cost": 12.86, "Total Cost": 12.9, "Plan Rows": 17, "Plan Width": 16, "Actual Startup Time": 0.034, "Actual Total Time": 0.034, "Actual Rows": 1, "Actual Loops": 1, "Sort Key": ["lt.id"], "Sort Method": "quicksort", "Sort Space Used": 26, "Sort Space Type": "Memory", "Plans": [{"Node Type": "Bitmap Heap Scan", "Parent Relationship": "Outer", "Relation Name": "link_type", "Alias": "lt", "Startup Cost": 8.34, "Total Cost": 12.51, "Plan Rows": 17, "Plan Width": 16, "Actual Startup Time": 0.016, "Actual Total Time": 0.017, "Actual Rows": 17, "Actual Loops": 1, "Exact Heap Blocks": 1, "Lossy Heap Blocks": 1, "Plans": [{"Node Type": "Bitmap Index Scan", "Parent Relationship": "Outer", "Index Name": "link_type_pkey", "Startup Cost": 0.0, "Total Cost": 8.34, "Plan Rows": 17, "Plan Width": 0, "Actual Startup Time": 0.006, "Actual Total Time": 0.006, "Actual Rows": 17, "Actual Loops": 1}]}]}, {"Node Type": "Sort", "Parent Relationship": "Inner", "Startup Cost": 3580.89, "Total Cost": 3581.28, "Plan Rows": 154, "Plan Width": 25, "Actual Startup Time": 60.994, "Actual Total Time": 60.994, "Actual Rows": 0, "Actual Loops": 1, "Sort Key": ["ml.link_type_id"], "Sort Method": "quicksort", "Sort Space Used": 25, "Sort Space Type": "Memory", "Plans": [{"Node Type": "Nested Loop", "Parent Relationship": "Outer", "Join Type": "Inner", "Startup Cost": 724.16, "Total Cost": 3575.3, "Plan Rows": 154, "Plan Width": 25, "Actual Startup Time": 60.989, "Actual Total Time": 60.989, "Actual Rows": 0, "Actual Loops": 1, "Inner Unique": false, "Join Filter": "(t1.id = ml.movie_id)", "Rows Removed by Join Filter": 0, "Plans": [{"Node Type": "Nested Loop", "Parent Relationship": "Outer", "Join Type": "Inner", "Startup Cost": 723.87, "Total Cost": 3429.64, "Plan Rows": 33, "Plan Width": 25, "Actual Startup Time": 59.935, "Actual Total Time": 60.982, "Actual Rows": 1, "Actual Loops": 1, "Inner Unique": true, "Plans": [{"Node Type": "Nested Loop", "Parent Relationship": "Outer", "Join Type": "Inner", "Startup Cost": 723.6, "Total Cost": 3288.12, "Plan Rows": 33, "Plan Width": 4, "Actual Startup Time": 59.919, "Actual Total Time": 60.964, "Actual Rows": 1, "Actual Loops": 1, "Inner Unique": false, "Plans": [{"Node Type": "Bitmap Heap Scan", "Parent Relationship": "Outer", "Relation Name": "keyword", "Alias": "k", "Startup Cost": 719.1, "Total Cost": 3155.21, "Plan Rows": 1, "Plan Width": 4, "Actual Startup Time": 59.885, "Actual Total Time": 60.929, "Actual Rows": 1, "Actual Loops": 1, "Filter": "((keyword)::text = '10,000-mile-club'::text)", "Rows Removed by Filter": 134168, "Exact Heap Blocks": 759, "Lossy Heap Blocks": 759, "Plans": [{"Node Type": "Bitmap Index Scan", "Parent Relationship": "Outer", "Index Name": "keyword_pkey", "Startup Cost": 0.0, "Total Cost": 719.1, "Plan Rows": 134169, "Plan Width": 0, "Actual Startup Time": 11.365, "Actual Total Time": 11.365, "Actual Rows": 134169, "Actual Loops": 1}]}, {"Node Type": "Bitmap Heap Scan", "Parent Relationship": "Inner", "Relation Name": "movie_keyword", "Alias": "mk", "Startup Cost": 4.51, "Total Cost": 132.58, "Plan Rows": 33, "Plan Width": 8, "Actual Startup Time": 0.023, "Actual Total Time": 0.023, "Actual Rows": 1, "Actual Loops": 1, "Recheck Cond": "(keyword_id = k.id)", "Rows Removed by Index Recheck": 0, "Exact Heap Blocks": 1, "Lossy Heap Blocks": 1, "Plans": [{"Node Type": "Bitmap Index Scan", "Parent Relationship": "Outer", "Index Name": "keyword_id_movie_keyword", "Startup Cost": 0.0, "Total Cost": 4.5, "Plan Rows": 33, "Plan Width": 0, "Actual Startup Time": 0.015, "Actual Total Time": 0.015, "Actual Rows": 1, "Actual Loops": 1, "Index Cond": "(keyword_id = k.id)"}]}]}, {"Node Type": "Bitmap Heap Scan", "Parent Relationship": "Inner", "Relation Name": "title", "Alias": "t1", "Startup Cost": 0.27, "Total Cost": 4.28, "Plan Rows": 1, "Plan Width": 21, "Actual Startup Time": 0.012, "Actual Total Time": 0.012, "Actual Rows": 1, "Actual Loops": 1, "Recheck Cond": "(id = mk.movie_id)", "Rows Removed by Index Recheck": 0, "Exact Heap Blocks": 1, "Lossy Heap Blocks": 1, "Plans": [{"Node Type": "Bitmap Index Scan", "Parent Relationship": "Outer", "Index Name": "title_pkey", "Startup Cost": 0.0, "Total Cost": 0.27, "Plan Rows": 1, "Plan Width": 0, "Actual Startup Time": 0.008, "Actual Total Time": 0.008, "Actual Rows": 1, "Actual Loops": 1, "Index Cond": "(id = mk.movie_id)"}]}]}, {"Node Type": "Bitmap Heap Scan", "Parent Relationship": "Inner", "Relation Name": "movie_link", "Alias": "ml", "Startup Cost": 0.29, "Total Cost": 4.35, "Plan Rows": 5, "Plan Width": 12, "Actual Startup Time": 0.005, "Actual Total Time": 0.005, "Actual Rows": 0, "Actual Loops": 1, "Recheck Cond": "(movie_id = mk.movie_id)", "Rows Removed by Index Recheck": 0, "Exact Heap Blocks": 0, "Lossy Heap Blocks": 0, "Plans": [{"Node Type": "Bitmap Index Scan", "Parent Relationship": "Outer", "Index Name": "movie_id_movie_link", "Startup Cost": 0.0, "Total Cost": 0.29, "Plan Rows": 5, "Plan Width": 0, "Actual Startup Time": 0.003, "Actual Total Time": 0.003, "Actual Rows": 0, "Actual Loops": 1, "Index Cond": "(movie_id = mk.movie_id)"}]}]}]}]}, {"Node Type": "Bitmap Heap Scan", "Parent Relationship": "Inner", "Relation Name": "title", "Alias": "t2", "Startup Cost": 1.49, "Total Cost": 5.5, "Plan Rows": 1, "Plan Width": 21, "Actual Startup Time": 0.0, "Actual Total Time": 0.0, "Recheck Cond": "(id = ml.linked_movie_id)", "Rows Removed by Index Recheck": 0, "Exact Heap Blocks": 0, "Lossy Heap Blocks": 0, "Plans": [{"Node Type": "Bitmap Index Scan", "Parent Relationship": "Outer", "Index Name": "title_pkey", "Startup Cost": 0.0, "Total Cost": 1.49, "Plan Rows": 1, "Plan Width": 0, "Actual Startup Time": 0.0, "Actual Total Time": 0.0, "Index Cond": "(id = ml.linked_movie_id)"}]}]}]}, "Triggers": [], "Planner Runtime": 8, "Total Runtime": 61.3, "Unique SQL Id": 524435555}}, "(64, 88)": {"explain_plan": {"Plan": {"Node Type": "Aggregate", "Strategy": "Plain", "Startup Cost": 3271.29, "Total Cost": 3271.3, "Plan Rows": 1, "Plan Width": 142, "Plans": [{"Node Type": "Nested Loop", "Parent Relationship": "Outer", "Join Type": "Inner", "Startup Cost": 2604.2, "Total Cost": 3270.14, "Plan Rows": 154, "Plan Width": 46, "Inner Unique": true, "Plans": [{"Node Type": "Merge Join", "Parent Relationship": "Outer", "Join Type": "Inner", "Startup Cost": 2604.2, "Total Cost": 2606.56, "Plan Rows": 154, "Plan Width": 33, "Inner Unique": false, "Merge Cond": "(lt.id = ml.link_type_id)", "Plans": [{"Node Type": "Sort", "Parent Relationship": "Outer", "Startup Cost": 1.52, "Total Cost": 1.56, "Plan Rows": 17, "Plan Width": 16, "Sort Key": ["lt.id"], "Plans": [{"Node Type": "Seq Scan", "Parent Relationship": "Outer", "Relation Name": "link_type", "Alias": "lt", "Startup Cost": 0.0, "Total Cost": 1.17, "Plan Rows": 17, "Plan Width": 16}]}, {"Node Type": "Sort", "Parent Relationship": "Inner", "Startup Cost": 2602.65, "Total Cost": 2603.04, "Plan Rows": 154, "Plan Width": 25, "Sort Key": ["ml.link_type_id"], "Plans": [{"Node Type": "Nested Loop", "Parent Relationship": "Outer", "Join Type": "Inner", "Startup Cost": 0.0, "Total Cost": 2597.06, "Plan Rows": 154, "Plan Width": 25, "Inner Unique": false, "Plans": [{"Node Type": "Nested Loop", "Parent Relationship": "Outer", "Join Type": "Inner", "Startup Cost": 0.0, "Total Cost": 2583.84, "Plan Rows": 33, "Plan Width": 25, "Inner Unique": true, "Plans": [{"Node Type": "Nested Loop", "Parent Relationship": "Outer", "Join Type": "Inner", "Startup Cost": 0.0, "Total Cost": 2573.32, "Plan Rows": 33, "Plan Width": 4, "Inner Unique": false, "Plans": [{"Node Type": "Seq Scan", "Parent Relationship": "Outer", "Relation Name": "keyword", "Alias": "k", "Startup Cost": 0.0, "Total Cost": 2436.11, "Plan Rows": 1, "Plan Width": 4, "Filter": "((keyword)::text = '10,000-mile-club'::text)"}, {"Node Type": "Index Scan", "Parent Relationship": "Inner", "Scan Direction": "Forward", "Index Name": "keyword_id_movie_keyword", "Relation Name": "movie_keyword", "Alias": "mk", "Startup Cost": 0.0, "Total Cost": 136.88, "Plan Rows": 33, "Plan Width": 8, "Index Cond": "(keyword_id = k.id)"}]}, {"Node Type": "Index Scan", "Parent Relationship": "Inner", "Scan Direction": "Forward", "Index Name": "title_pkey", "Relation Name": "title", "Alias": "t1", "Startup Cost": 0.0, "Total Cost": 0.31, "Plan Rows": 1, "Plan Width": 21, "Index Cond": "(id = mk.movie_id)"}]}, {"Node Type": "Index Scan", "Parent Relationship": "Inner", "Scan Direction": "Forward", "Index Name": "movie_id_movie_link", "Relation Name": "movie_link", "Alias": "ml", "Startup Cost": 0.0, "Total Cost": 0.35, "Plan Rows": 5, "Plan Width": 12, "Index Cond": "(movie_id = t1.id)"}]}]}]}, {"Node Type": "Index Scan", "Parent Relationship": "Inner", "Scan Direction": "Forward", "Index Name": "title_pkey", "Relation Name": "title", "Alias": "t2", "Startup Cost": 0.0, "Total Cost": 4.3, "Plan Rows": 1, "Plan Width": 21, "Index Cond": "(id = ml.linked_movie_id)"}]}]}, "Unique SQL Id": 524435555, "Planner Runtime": 12}, "explain_analyze_plan": {"Plan": {"Node Type": "Aggregate", "Strategy": "Plain", "Startup Cost": 3271.29, "Total Cost": 3271.3, "Plan Rows": 1, "Plan Width": 142, "Actual Startup Time": 40.392, "Actual Total Time": 40.392, "Actual Rows": 1, "Actual Loops": 1, "Plans": [{"Node Type": "Nested Loop", "Parent Relationship": "Outer", "Join Type": "Inner", "Startup Cost": 2604.2, "Total Cost": 3270.14, "Plan Rows": 154, "Plan Width": 46, "Actual Startup Time": 40.387, "Actual Total Time": 40.387, "Actual Rows": 0, "Actual Loops": 1, "Inner Unique": true, "Plans": [{"Node Type": "Merge Join", "Parent Relationship": "Outer", "Join Type": "Inner", "Startup Cost": 2604.2, "Total Cost": 2606.56, "Plan Rows": 154, "Plan Width": 33, "Actual Startup Time": 40.387, "Actual Total Time": 40.387, "Actual Rows": 0, "Actual Loops": 1, "Inner Unique": false, "Merge Cond": "(lt.id = ml.link_type_id)", "Plans": [{"Node Type": "Sort", "Parent Relationship": "Outer", "Startup Cost": 1.52, "Total Cost": 1.56, "Plan Rows": 17, "Plan Width": 16, "Actual Startup Time": 0.03, "Actual Total Time": 0.03, "Actual Rows": 1, "Actual Loops": 1, "Sort Key": ["lt.id"], "Sort Method": "quicksort", "Sort Space Used": 26, "Sort Space Type": "Memory", "Plans": [{"Node Type": "Seq Scan", "Parent Relationship": "Outer", "Relation Name": "link_type", "Alias": "lt", "Startup Cost": 0.0, "Total Cost": 1.17, "Plan Rows": 17, "Plan Width": 16, "Actual Startup Time": 0.01, "Actual Total Time": 0.014, "Actual Rows": 17, "Actual Loops": 1}]}, {"Node Type": "Sort", "Parent Relationship": "Inner", "Startup Cost": 2602.65, "Total Cost": 2603.04, "Plan Rows": 154, "Plan Width": 25, "Actual Startup Time": 40.348, "Actual Total Time": 40.348, "Actual Rows": 0, "Actual Loops": 1, "Sort Key": ["ml.link_type_id"], "Sort Method": "quicksort", "Sort Space Used": 25, "Sort Space Type": "Memory", "Plans": [{"Node Type": "Nested Loop", "Parent Relationship": "Outer", "Join Type": "Inner", "Startup Cost": 0.0, "Total Cost": 2597.06, "Plan Rows": 154, "Plan Width": 25, "Actual Startup Time": 40.344, "Actual Total Time": 40.344, "Actual Rows": 0, "Actual Loops": 1, "Inner Unique": false, "Plans": [{"Node Type": "Nested Loop", "Parent Relationship": "Outer", "Join Type": "Inner", "Startup Cost": 0.0, "Total Cost": 2583.84, "Plan Rows": 33, "Plan Width": 25, "Actual Startup Time": 39.476, "Actual Total Time": 40.339, "Actual Rows": 1, "Actual Loops": 1, "Inner Unique": true, "Plans": [{"Node Type": "Nested Loop", "Parent Relationship": "Outer", "Join Type": "Inner", "Startup Cost": 0.0, "Total Cost": 2573.32, "Plan Rows": 33, "Plan Width": 4, "Actual Startup Time": 39.466, "Actual Total Time": 40.327, "Actual Rows": 1, "Actual Loops": 1, "Inner Unique": false, "Plans": [{"Node Type": "Seq Scan", "Parent Relationship": "Outer", "Relation Name": "keyword", "Alias": "k", "Startup Cost": 0.0, "Total Cost": 2436.11, "Plan Rows": 1, "Plan Width": 4, "Actual Startup Time": 39.45, "Actual Total Time": 40.31, "Actual Rows": 1, "Actual Loops": 1, "Filter": "((keyword)::text = '10,000-mile-club'::text)", "Rows Removed by Filter": 134168}, {"Node Type": "Index Scan", "Parent Relationship": "Inner", "Scan Direction": "Forward", "Index Name": "keyword_id_movie_keyword", "Relation Name": "movie_keyword", "Alias": "mk", "Startup Cost": 0.0, "Total Cost": 136.88, "Plan Rows": 33, "Plan Width": 8, "Actual Startup Time": 0.013, "Actual Total Time": 0.013, "Actual Rows": 1, "Actual Loops": 1, "Index Cond": "(keyword_id = k.id)", "Rows Removed by Index Recheck": 0}]}, {"Node Type": "Index Scan", "Parent Relationship": "Inner", "Scan Direction": "Forward", "Index Name": "title_pkey", "Relation Name": "title", "Alias": "t1", "Startup Cost": 0.0, "Total Cost": 0.31, "Plan Rows": 1, "Plan Width": 21, "Actual Startup Time": 0.008, "Actual Total Time": 0.008, "Actual Rows": 1, "Actual Loops": 1, "Index Cond": "(id = mk.movie_id)", "Rows Removed by Index Recheck": 0}]}, {"Node Type": "Index Scan", "Parent Relationship": "Inner", "Scan Direction": "Forward", "Index Name": "movie_id_movie_link", "Relation Name": "movie_link", "Alias": "ml", "Startup Cost": 0.0, "Total Cost": 0.35, "Plan Rows": 5, "Plan Width": 12, "Actual Startup Time": 0.003, "Actual Total Time": 0.003, "Actual Rows": 0, "Actual Loops": 1, "Index Cond": "(movie_id = t1.id)", "Rows Removed by Index Recheck": 0}]}]}]}, {"Node Type": "Index Scan", "Parent Relationship": "Inner", "Scan Direction": "Forward", "Index Name": "title_pkey", "Relation Name": "title", "Alias": "t2", "Startup Cost": 0.0, "Total Cost": 4.3, "Plan Rows": 1, "Plan Width": 21, "Actual Startup Time": 0.0, "Actual Total Time": 0.0, "Index Cond": "(id = ml.linked_movie_id)", "Rows Removed by Index Recheck": 0}]}]}, "Triggers": [], "Planner Runtime": 13, "Total Runtime": 40.586, "Unique SQL Id": 524435555}}, "(64, 89)": {"explain_plan": {"Plan": {"Node Type": "Aggregate", "Strategy": "Plain", "Startup Cost": 4051.57, "Total Cost": 4051.58, "Plan Rows": 1, "Plan Width": 142, "Plans": [{"Node Type": "Nested Loop", "Parent Relationship": "Outer", "Join Type": "Inner", "Startup Cost": 0.0, "Total Cost": 4050.42, "Plan Rows": 154, "Plan Width": 46, "Inner Unique": true, "Plans": [{"Node Type": "Nested Loop", "Parent Relationship": "Outer", "Join Type": "Inner", "Startup Cost": 0.0, "Total Cost": 3386.84, "Plan Rows": 154, "Plan Width": 33, "Inner Unique": true, "Plans": [{"Node Type": "Nested Loop", "Parent Relationship": "Outer", "Join Type": "Inner", "Startup Cost": 0.0, "Total Cost": 3343.66, "Plan Rows": 154, "Plan Width": 25, "Inner Unique": false, "Plans": [{"Node Type": "Nested Loop", "Parent Relationship": "Outer", "Join Type": "Inner", "Startup Cost": 0.0, "Total Cost": 3330.45, "Plan Rows": 33, "Plan Width": 25, "Inner Unique": true, "Plans": [{"Node Type": "Nested Loop", "Parent Relationship": "Outer", "Join Type": "Inner", "Startup Cost": 0.0, "Total Cost": 3319.92, "Plan Rows": 33, "Plan Width": 4, "Inner Unique": false, "Plans": [{"Node Type": "Index Scan", "Parent Relationship": "Outer", "Scan Direction": "Forward", "Index Name": "keyword_pkey", "Relation Name": "keyword", "Alias": "k", "Startup Cost": 0.0, "Total Cost": 3182.72, "Plan Rows": 1, "Plan Width": 4, "Filter": "((keyword)::text = '10,000-mile-club'::text)"}, {"Node Type": "Index Scan", "Parent Relationship": "Inner", "Scan Direction": "Forward", "Index Name": "keyword_id_movie_keyword", "Relation Name": "movie_keyword", "Alias": "mk", "Startup Cost": 0.0, "Total Cost": 136.88, "Plan Rows": 33, "Plan Width": 8, "Index Cond": "(keyword_id = k.id)"}]}, {"Node Type": "Index Scan", "Parent Relationship": "Inner", "Scan Direction": "Forward", "Index Name": "title_pkey", "Relation Name": "title", "Alias": "t1", "Startup Cost": 0.0, "Total Cost": 0.31, "Plan Rows": 1, "Plan Width": 21, "Index Cond": "(id = mk.movie_id)"}]}, {"Node Type": "Index Scan", "Parent Relationship": "Inner", "Scan Direction": "Forward", "Index Name": "movie_id_movie_link", "Relation Name": "movie_link", "Alias": "ml", "Startup Cost": 0.0, "Total Cost": 0.35, "Plan Rows": 5, "Plan Width": 12, "Index Cond": "(movie_id = t1.id)"}]}, {"Node Type": "Index Scan", "Parent Relationship": "Inner", "Scan Direction": "Forward", "Index Name": "link_type_pkey", "Relation Name": "link_type", "Alias": "lt", "Startup Cost": 0.0, "Total Cost": 0.27, "Plan Rows": 1, "Plan Width": 16, "Index Cond": "(id = ml.link_type_id)"}]}, {"Node Type": "Index Scan", "Parent Relationship": "Inner", "Scan Direction": "Forward", "Index Name": "title_pkey", "Relation Name": "title", "Alias": "t2", "Startup Cost": 0.0, "Total Cost": 4.3, "Plan Rows": 1, "Plan Width": 21, "Index Cond": "(id = ml.linked_movie_id)"}]}]}, "Unique SQL Id": 524435555, "Planner Runtime": 12}, "explain_analyze_plan": {"Plan": {"Node Type": "Aggregate", "Strategy": "Plain", "Startup Cost": 4051.57, "Total Cost": 4051.58, "Plan Rows": 1, "Plan Width": 142, "Actual Startup Time": 112.659, "Actual Total Time": 112.659, "Actual Rows": 1, "Actual Loops": 1, "Plans": [{"Node Type": "Nested Loop", "Parent Relationship": "Outer", "Join Type": "Inner", "Startup Cost": 0.0, "Total Cost": 4050.42, "Plan Rows": 154, "Plan Width": 46, "Actual Startup Time": 112.653, "Actual Total Time": 112.653, "Actual Rows": 0, "Actual Loops": 1, "Inner Unique": true, "Plans": [{"Node Type": "Nested Loop", "Parent Relationship": "Outer", "Join Type": "Inner", "Startup Cost": 0.0, "Total Cost": 3386.84, "Plan Rows": 154, "Plan Width": 33, "Actual Startup Time": 112.653, "Actual Total Time": 112.653, "Actual Rows": 0, "Actual Loops": 1, "Inner Unique": true, "Plans": [{"Node Type": "Nested Loop", "Parent Relationship": "Outer", "Join Type": "Inner", "Startup Cost": 0.0, "Total Cost": 3343.66, "Plan Rows": 154, "Plan Width": 25, "Actual Startup Time": 112.652, "Actual Total Time": 112.652, "Actual Rows": 0, "Actual Loops": 1, "Inner Unique": false, "Plans": [{"Node Type": "Nested Loop", "Parent Relationship": "Outer", "Join Type": "Inner", "Startup Cost": 0.0, "Total Cost": 3330.45, "Plan Rows": 33, "Plan Width": 25, "Actual Startup Time": 110.792, "Actual Total Time": 112.645, "Actual Rows": 1, "Actual Loops": 1, "Inner Unique": true, "Plans": [{"Node Type": "Nested Loop", "Parent Relationship": "Outer", "Join Type": "Inner", "Startup Cost": 0.0, "Total Cost": 3319.92, "Plan Rows": 33, "Plan Width": 4, "Actual Startup Time": 110.781, "Actual Total Time": 112.634, "Actual Rows": 1, "Actual Loops": 1, "Inner Unique": false, "Plans": [{"Node Type": "Index Scan", "Parent Relationship": "Outer", "Scan Direction": "Forward", "Index Name": "keyword_pkey", "Relation Name": "keyword", "Alias": "k", "Startup Cost": 0.0, "Total Cost": 3182.72, "Plan Rows": 1, "Plan Width": 4, "Actual Startup Time": 110.759, "Actual Total Time": 112.61, "Actual Rows": 1, "Actual Loops": 1, "Filter": "((keyword)::text = '10,000-mile-club'::text)", "Rows Removed by Filter": 134168}, {"Node Type": "Index Scan", "Parent Relationship": "Inner", "Scan Direction": "Forward", "Index Name": "keyword_id_movie_keyword", "Relation Name": "movie_keyword", "Alias": "mk", "Startup Cost": 0.0, "Total Cost": 136.88, "Plan Rows": 33, "Plan Width": 8, "Actual Startup Time": 0.014, "Actual Total Time": 0.015, "Actual Rows": 1, "Actual Loops": 1, "Index Cond": "(keyword_id = k.id)", "Rows Removed by Index Recheck": 0}]}, {"Node Type": "Index Scan", "Parent Relationship": "Inner", "Scan Direction": "Forward", "Index Name": "title_pkey", "Relation Name": "title", "Alias": "t1", "Startup Cost": 0.0, "Total Cost": 0.31, "Plan Rows": 1, "Plan Width": 21, "Actual Startup Time": 0.009, "Actual Total Time": 0.009, "Actual Rows": 1, "Actual Loops": 1, "Index Cond": "(id = mk.movie_id)", "Rows Removed by Index Recheck": 0}]}, {"Node Type": "Index Scan", "Parent Relationship": "Inner", "Scan Direction": "Forward", "Index Name": "movie_id_movie_link", "Relation Name": "movie_link", "Alias": "ml", "Startup Cost": 0.0, "Total Cost": 0.35, "Plan Rows": 5, "Plan Width": 12, "Actual Startup Time": 0.003, "Actual Total Time": 0.003, "Actual Rows": 0, "Actual Loops": 1, "Index Cond": "(movie_id = t1.id)", "Rows Removed by Index Recheck": 0}]}, {"Node Type": "Index Scan", "Parent Relationship": "Inner", "Scan Direction": "Forward", "Index Name": "link_type_pkey", "Relation Name": "link_type", "Alias": "lt", "Startup Cost": 0.0, "Total Cost": 0.27, "Plan Rows": 1, "Plan Width": 16, "Actual Startup Time": 0.0, "Actual Total Time": 0.0, "Index Cond": "(id = ml.link_type_id)", "Rows Removed by Index Recheck": 0}]}, {"Node Type": "Index Scan", "Parent Relationship": "Inner", "Scan Direction": "Forward", "Index Name": "title_pkey", "Relation Name": "title", "Alias": "t2", "Startup Cost": 0.0, "Total Cost": 4.3, "Plan Rows": 1, "Plan Width": 21, "Actual Startup Time": 0.0, "Actual Total Time": 0.0, "Index Cond": "(id = ml.linked_movie_id)", "Rows Removed by Index Recheck": 0}]}]}, "Triggers": [], "Planner Runtime": 2, "Total Runtime": 112.875, "Unique SQL Id": 524435555}}, "(64, 90)": {"explain_plan": {"Plan": {"Node Type": "Aggregate", "Strategy": "Plain", "Startup Cost": 1261727.21, "Total Cost": 1261727.22, "Plan Rows": 1, "Plan Width": 142, "Plans": [{"Node Type": "Merge Join", "Parent Relationship": "Outer", "Join Type": "Inner", "Startup Cost": 1249099.28, "Total Cost": 1261726.05, "Plan Rows": 154, "Plan Width": 46, "Inner Unique": true, "Merge Cond": "(ml.linked_movie_id = t2.id)", "Plans": [{"Node Type": "Sort", "Parent Relationship": "Outer", "Startup Cost": 920146.01, "Total Cost": 920146.39, "Plan Rows": 154, "Plan Width": 33, "Sort Key": ["ml.linked_movie_id"], "Plans": [{"Node Type": "Merge Join", "Parent Relationship": "Outer", "Join Type": "Inner", "Startup Cost": 920138.05, "Total Cost": 920140.41, "Plan Rows": 154, "Plan Width": 33, "Inner Unique": false, "Merge Cond": "(lt.id = ml.link_type_id)", "Plans": [{"Node Type": "Sort", "Parent Relationship": "Outer", "Startup Cost": 1.52, "Total Cost": 1.56, "Plan Rows": 17, "Plan Width": 16, "Sort Key": ["lt.id"], "Plans": [{"Node Type": "Seq Scan", "Parent Relationship": "Outer", "Relation Name": "link_type", "Alias": "lt", "Startup Cost": 0.0, "Total Cost": 1.17, "Plan Rows": 17, "Plan Width": 16}]}, {"Node Type": "Sort", "Parent Relationship": "Inner", "Startup Cost": 920136.5, "Total Cost": 920136.89, "Plan Rows": 154, "Plan Width": 25, "Sort Key": ["ml.link_type_id"], "Plans": [{"Node Type": "Merge Join", "Parent Relationship": "Outer", "Join Type": "Inner", "Startup Cost": 919214.04, "Total Cost": 920130.91, "Plan Rows": 154, "Plan Width": 25, "Inner Unique": false, "Merge Cond": "(t1.id = ml.movie_id)", "Plans": [{"Node Type": "Merge Join", "Parent Relationship": "Outer", "Join Type": "Inner", "Startup Cost": 916552.51, "Total Cost": 929180.6, "Plan Rows": 33, "Plan Width": 25, "Inner Unique": true, "Merge Cond": "(mk.movie_id = t1.id)", "Plans": [{"Node Type": "Sort", "Parent Relationship": "Outer", "Startup Cost": 587599.24, "Total Cost": 587599.32, "Plan Rows": 33, "Plan Width": 4, "Sort Key": ["mk.movie_id"], "Plans": [{"Node Type": "Merge Join", "Parent Relationship": "Outer", "Join Type": "Inner", "Startup Cost": 564978.42, "Total Cost": 587598.4, "Plan Rows": 33, "Plan Width": 4, "Inner Unique": false, "Merge Cond": "(k.id = mk.keyword_id)", "Plans": [{"Node Type": "Sort", "Parent Relationship": "Outer", "Startup Cost": 2436.12, "Total Cost": 2436.13, "Plan Rows": 1, "Plan Width": 4, "Sort Key": ["k.id"], "Plans": [{"Node Type": "Seq Scan", "Parent Relationship": "Outer", "Relation Name": "keyword", "Alias": "k", "Startup Cost": 0.0, "Total Cost": 2436.11, "Plan Rows": 1, "Plan Width": 4, "Filter": "((keyword)::text = '10,000-mile-club'::text)"}]}, {"Node Type": "Sort", "Parent Relationship": "Inner", "Startup Cost": 562542.3, "Total Cost": 573852.12, "Plan Rows": 4523929, "Plan Width": 8, "Sort Key": ["mk.keyword_id"], "Plans": [{"Node Type": "Seq Scan", "Parent Relationship": "Outer", "Relation Name": "movie_keyword", "Alias": "mk", "Startup Cost": 0.0, "Total Cost": 62441.29, "Plan Rows": 4523929, "Plan Width": 8}]}]}]}, {"Node Type": "Sort", "Parent Relationship": "Inner", "Startup Cost": 328951.73, "Total Cost": 335272.51, "Plan Rows": 2528311, "Plan Width": 21, "Sort Key": ["t1.id"], "Plans": [{"Node Type": "Seq Scan", "Parent Relationship": "Outer", "Relation Name": "title", "Alias": "t1", "Startup Cost": 0.0, "Total Cost": 60069.11, "Plan Rows": 2528311, "Plan Width": 21}]}]}, {"Node Type": "Sort", "Parent Relationship": "Inner", "Startup Cost": 2661.53, "Total Cost": 2736.52, "Plan Rows": 29996, "Plan Width": 12, "Sort Key": ["ml.movie_id"], "Plans": [{"Node Type": "Seq Scan", "Parent Relationship": "Outer", "Relation Name": "movie_link", "Alias": "ml", "Startup Cost": 0.0, "Total Cost": 430.96, "Plan Rows": 29996, "Plan Width": 12}]}]}]}]}]}, {"Node Type": "Sort", "Parent Relationship": "Inner", "Startup Cost": 328951.73, "Total Cost": 335272.51, "Plan Rows": 2528311, "Plan Width": 21, "Sort Key": ["t2.id"], "Plans": [{"Node Type": "Seq Scan", "Parent Relationship": "Outer", "Relation Name": "title", "Alias": "t2", "Startup Cost": 0.0, "Total Cost": 60069.11, "Plan Rows": 2528311, "Plan Width": 21}]}]}]}, "Unique SQL Id": 524435555, "Planner Runtime": 10}, "explain_analyze_plan": null}, "(64, 91)": {"explain_plan": {"Plan": {"Node Type": "Aggregate", "Strategy": "Plain", "Startup Cost": 4103059849846.31, "Total Cost": 4103059849846.32, "Plan Rows": 1, "Plan Width": 142, "Plans": [{"Node Type": "Merge Join", "Parent Relationship": "Outer", "Join Type": "Inner", "Startup Cost": 3114387609681.93, "Total Cost": 4103059849845.16, "Plan Rows": 154, "Plan Width": 46, "Inner Unique": true, "Merge Cond": "(ml.linked_movie_id = t2.id)", "Plans": [{"Node Type": "Sort", "Parent Relationship": "Outer", "Startup Cost": 3104266614517.7, "Total Cost": 3104266614518.08, "Plan Rows": 154, "Plan Width": 33, "Sort Key": ["ml.linked_movie_id"], "Plans": [{"Node Type": "Merge Join", "Parent Relationship": "Outer", "Join Type": "Inner", "Startup Cost": 2114266295033.63, "Total Cost": 3104266614512.1, "Plan Rows": 154, "Plan Width": 33, "Inner Unique": true, "Merge Cond": "(mk.keyword_id = k.id)", "Plans": [{"Node Type": "Sort", "Parent Relationship": "Outer", "Startup Cost": 2104266295033.63, "Total Cost": 2104266295636.98, "Plan Rows": 241339, "Plan Width": 37, "Sort Key": ["mk.keyword_id"], "Plans": [{"Node Type": "Merge Join", "Parent Relationship": "Outer", "Join Type": "Inner", "Startup Cost": 1172501562824.25, "Total Cost": 2104266273457.08, "Plan Rows": 241339, "Plan Width": 37, "Inner Unique": false, "Merge Cond": "(lt.id = ml.link_type_id)", "Plans": [{"Node Type": "Index Scan", "Parent Relationship": "Outer", "Scan Direction": "Forward", "Index Name": "link_type_pkey", "Relation Name": "link_type", "Alias": "lt", "Startup Cost": 10000000000.0, "Total Cost": 1000000001250.5, "Plan Rows": 17, "Plan Width": 16}, {"Node Type": "Sort", "Parent Relationship": "Inner", "Startup Cost": 1162501562777.66, "Total Cost": 1162501563381.01, "Plan Rows": 241339, "Plan Width": 29, "Sort Key": ["ml.link_type_id"], "Plans": [{"Node Type": "Merge Join", "Parent Relationship": "Outer", "Join Type": "Inner", "Startup Cost": 30162989099.11, "Total Cost": 1162501541201.11, "Plan Rows": 241339, "Plan Width": 29, "Inner Unique": false, "Merge Cond": "(t1.id = ml.movie_id)", "Plans": [{"Node Type": "Merge Join", "Parent Relationship": "Outer", "Join Type": "Inner", "Startup Cost": 20120995164.23, "Total Cost": 1999054106967.89, "Plan Rows": 4523929, "Plan Width": 29, "Inner Unique": false, "Merge Cond": "(t1.id = mk.movie_id)", "Plans": [{"Node Type": "Index Scan", "Parent Relationship": "Outer", "Scan Direction": "Forward", "Index Name": "title_pkey", "Relation Name": "title", "Alias": "t1", "Startup Cost": 10000000000.0, "Total Cost": 1000011012048.91, "Plan Rows": 2528311, "Plan Width": 21}, {"Node Type": "Index Scan", "Parent Relationship": "Inner", "Scan Direction": "Forward", "Index Name": "movie_id_movie_keyword", "Relation Name": "movie_keyword", "Alias": "mk", "Startup Cost": 10000000000.0, "Total Cost": 1000015300634.17, "Plan Rows": 4523929, "Plan Width": 8}]}, {"Node Type": "Materialize", "Parent Relationship": "Inner", "Startup Cost": 10000000000.0, "Total Cost": 1000000106277.36, "Plan Rows": 29996, "Plan Width": 12, "Plans": [{"Node Type": "Index Scan", "Parent Relationship": "Outer", "Scan Direction": "Forward", "Index Name": "movie_id_movie_link", "Relation Name": "movie_link", "Alias": "ml", "Startup Cost": 10000000000.0, "Total Cost": 1000000106202.37, "Plan Rows": 29996, "Plan Width": 12}]}]}]}]}]}, {"Node Type": "Materialize", "Parent Relationship": "Inner", "Startup Cost": 10000000000.0, "Total Cost": 1000000318271.69, "Plan Rows": 1, "Plan Width": 4, "Plans": [{"Node Type": "Index Scan", "Parent Relationship": "Outer", "Scan Direction": "Forward", "Index Name": "keyword_pkey", "Relation Name": "keyword", "Alias": "k", "Startup Cost": 10000000000.0, "Total Cost": 1000000318271.68, "Plan Rows": 1, "Plan Width": 4, "Filter": "((keyword)::text = '10,000-mile-club'::text)"}]}]}]}, {"Node Type": "Index Scan", "Parent Relationship": "Inner", "Scan Direction": "Forward", "Index Name": "title_pkey", "Relation Name": "title", "Alias": "t2", "Startup Cost": 10000000000.0, "Total Cost": 1000011012048.91, "Plan Rows": 2528311, "Plan Width": 21}]}]}, "Unique SQL Id": 524435555, "Planner Runtime": 18}, "explain_analyze_plan": null}, "(64, 92)": {"explain_plan": {"Plan": {"Node Type": "Aggregate", "Strategy": "Plain", "Startup Cost": 3271.29, "Total Cost": 3271.3, "Plan Rows": 1, "Plan Width": 142, "Plans": [{"Node Type": "Nested Loop", "Parent Relationship": "Outer", "Join Type": "Inner", "Startup Cost": 2604.2, "Total Cost": 3270.14, "Plan Rows": 154, "Plan Width": 46, "Inner Unique": true, "Plans": [{"Node Type": "Merge Join", "Parent Relationship": "Outer", "Join Type": "Inner", "Startup Cost": 2604.2, "Total Cost": 2606.56, "Plan Rows": 154, "Plan Width": 33, "Inner Unique": false, "Merge Cond": "(lt.id = ml.link_type_id)", "Plans": [{"Node Type": "Sort", "Parent Relationship": "Outer", "Startup Cost": 1.52, "Total Cost": 1.56, "Plan Rows": 17, "Plan Width": 16, "Sort Key": ["lt.id"], "Plans": [{"Node Type": "Seq Scan", "Parent Relationship": "Outer", "Relation Name": "link_type", "Alias": "lt", "Startup Cost": 0.0, "Total Cost": 1.17, "Plan Rows": 17, "Plan Width": 16}]}, {"Node Type": "Sort", "Parent Relationship": "Inner", "Startup Cost": 2602.65, "Total Cost": 2603.04, "Plan Rows": 154, "Plan Width": 25, "Sort Key": ["ml.link_type_id"], "Plans": [{"Node Type": "Nested Loop", "Parent Relationship": "Outer", "Join Type": "Inner", "Startup Cost": 0.0, "Total Cost": 2597.06, "Plan Rows": 154, "Plan Width": 25, "Inner Unique": false, "Plans": [{"Node Type": "Nested Loop", "Parent Relationship": "Outer", "Join Type": "Inner", "Startup Cost": 0.0, "Total Cost": 2583.84, "Plan Rows": 33, "Plan Width": 25, "Inner Unique": true, "Plans": [{"Node Type": "Nested Loop", "Parent Relationship": "Outer", "Join Type": "Inner", "Startup Cost": 0.0, "Total Cost": 2573.32, "Plan Rows": 33, "Plan Width": 4, "Inner Unique": false, "Plans": [{"Node Type": "Seq Scan", "Parent Relationship": "Outer", "Relation Name": "keyword", "Alias": "k", "Startup Cost": 0.0, "Total Cost": 2436.11, "Plan Rows": 1, "Plan Width": 4, "Filter": "((keyword)::text = '10,000-mile-club'::text)"}, {"Node Type": "Index Scan", "Parent Relationship": "Inner", "Scan Direction": "Forward", "Index Name": "keyword_id_movie_keyword", "Relation Name": "movie_keyword", "Alias": "mk", "Startup Cost": 0.0, "Total Cost": 136.88, "Plan Rows": 33, "Plan Width": 8, "Index Cond": "(keyword_id = k.id)"}]}, {"Node Type": "Index Scan", "Parent Relationship": "Inner", "Scan Direction": "Forward", "Index Name": "title_pkey", "Relation Name": "title", "Alias": "t1", "Startup Cost": 0.0, "Total Cost": 0.31, "Plan Rows": 1, "Plan Width": 21, "Index Cond": "(id = mk.movie_id)"}]}, {"Node Type": "Index Scan", "Parent Relationship": "Inner", "Scan Direction": "Forward", "Index Name": "movie_id_movie_link", "Relation Name": "movie_link", "Alias": "ml", "Startup Cost": 0.0, "Total Cost": 0.35, "Plan Rows": 5, "Plan Width": 12, "Index Cond": "(movie_id = t1.id)"}]}]}]}, {"Node Type": "Index Scan", "Parent Relationship": "Inner", "Scan Direction": "Forward", "Index Name": "title_pkey", "Relation Name": "title", "Alias": "t2", "Startup Cost": 0.0, "Total Cost": 4.3, "Plan Rows": 1, "Plan Width": 21, "Index Cond": "(id = ml.linked_movie_id)"}]}]}, "Unique SQL Id": 524435555, "Planner Runtime": 13}, "explain_analyze_plan": {"Plan": {"Node Type": "Aggregate", "Strategy": "Plain", "Startup Cost": 3271.29, "Total Cost": 3271.3, "Plan Rows": 1, "Plan Width": 142, "Actual Startup Time": 40.392, "Actual Total Time": 40.392, "Actual Rows": 1, "Actual Loops": 1, "Plans": [{"Node Type": "Nested Loop", "Parent Relationship": "Outer", "Join Type": "Inner", "Startup Cost": 2604.2, "Total Cost": 3270.14, "Plan Rows": 154, "Plan Width": 46, "Actual Startup Time": 40.387, "Actual Total Time": 40.387, "Actual Rows": 0, "Actual Loops": 1, "Inner Unique": true, "Plans": [{"Node Type": "Merge Join", "Parent Relationship": "Outer", "Join Type": "Inner", "Startup Cost": 2604.2, "Total Cost": 2606.56, "Plan Rows": 154, "Plan Width": 33, "Actual Startup Time": 40.387, "Actual Total Time": 40.387, "Actual Rows": 0, "Actual Loops": 1, "Inner Unique": false, "Merge Cond": "(lt.id = ml.link_type_id)", "Plans": [{"Node Type": "Sort", "Parent Relationship": "Outer", "Startup Cost": 1.52, "Total Cost": 1.56, "Plan Rows": 17, "Plan Width": 16, "Actual Startup Time": 0.03, "Actual Total Time": 0.03, "Actual Rows": 1, "Actual Loops": 1, "Sort Key": ["lt.id"], "Sort Method": "quicksort", "Sort Space Used": 26, "Sort Space Type": "Memory", "Plans": [{"Node Type": "Seq Scan", "Parent Relationship": "Outer", "Relation Name": "link_type", "Alias": "lt", "Startup Cost": 0.0, "Total Cost": 1.17, "Plan Rows": 17, "Plan Width": 16, "Actual Startup Time": 0.01, "Actual Total Time": 0.014, "Actual Rows": 17, "Actual Loops": 1}]}, {"Node Type": "Sort", "Parent Relationship": "Inner", "Startup Cost": 2602.65, "Total Cost": 2603.04, "Plan Rows": 154, "Plan Width": 25, "Actual Startup Time": 40.348, "Actual Total Time": 40.348, "Actual Rows": 0, "Actual Loops": 1, "Sort Key": ["ml.link_type_id"], "Sort Method": "quicksort", "Sort Space Used": 25, "Sort Space Type": "Memory", "Plans": [{"Node Type": "Nested Loop", "Parent Relationship": "Outer", "Join Type": "Inner", "Startup Cost": 0.0, "Total Cost": 2597.06, "Plan Rows": 154, "Plan Width": 25, "Actual Startup Time": 40.344, "Actual Total Time": 40.344, "Actual Rows": 0, "Actual Loops": 1, "Inner Unique": false, "Plans": [{"Node Type": "Nested Loop", "Parent Relationship": "Outer", "Join Type": "Inner", "Startup Cost": 0.0, "Total Cost": 2583.84, "Plan Rows": 33, "Plan Width": 25, "Actual Startup Time": 39.476, "Actual Total Time": 40.339, "Actual Rows": 1, "Actual Loops": 1, "Inner Unique": true, "Plans": [{"Node Type": "Nested Loop", "Parent Relationship": "Outer", "Join Type": "Inner", "Startup Cost": 0.0, "Total Cost": 2573.32, "Plan Rows": 33, "Plan Width": 4, "Actual Startup Time": 39.466, "Actual Total Time": 40.327, "Actual Rows": 1, "Actual Loops": 1, "Inner Unique": false, "Plans": [{"Node Type": "Seq Scan", "Parent Relationship": "Outer", "Relation Name": "keyword", "Alias": "k", "Startup Cost": 0.0, "Total Cost": 2436.11, "Plan Rows": 1, "Plan Width": 4, "Actual Startup Time": 39.45, "Actual Total Time": 40.31, "Actual Rows": 1, "Actual Loops": 1, "Filter": "((keyword)::text = '10,000-mile-club'::text)", "Rows Removed by Filter": 134168}, {"Node Type": "Index Scan", "Parent Relationship": "Inner", "Scan Direction": "Forward", "Index Name": "keyword_id_movie_keyword", "Relation Name": "movie_keyword", "Alias": "mk", "Startup Cost": 0.0, "Total Cost": 136.88, "Plan Rows": 33, "Plan Width": 8, "Actual Startup Time": 0.013, "Actual Total Time": 0.013, "Actual Rows": 1, "Actual Loops": 1, "Index Cond": "(keyword_id = k.id)", "Rows Removed by Index Recheck": 0}]}, {"Node Type": "Index Scan", "Parent Relationship": "Inner", "Scan Direction": "Forward", "Index Name": "title_pkey", "Relation Name": "title", "Alias": "t1", "Startup Cost": 0.0, "Total Cost": 0.31, "Plan Rows": 1, "Plan Width": 21, "Actual Startup Time": 0.008, "Actual Total Time": 0.008, "Actual Rows": 1, "Actual Loops": 1, "Index Cond": "(id = mk.movie_id)", "Rows Removed by Index Recheck": 0}]}, {"Node Type": "Index Scan", "Parent Relationship": "Inner", "Scan Direction": "Forward", "Index Name": "movie_id_movie_link", "Relation Name": "movie_link", "Alias": "ml", "Startup Cost": 0.0, "Total Cost": 0.35, "Plan Rows": 5, "Plan Width": 12, "Actual Startup Time": 0.003, "Actual Total Time": 0.003, "Actual Rows": 0, "Actual Loops": 1, "Index Cond": "(movie_id = t1.id)", "Rows Removed by Index Recheck": 0}]}]}]}, {"Node Type": "Index Scan", "Parent Relationship": "Inner", "Scan Direction": "Forward", "Index Name": "title_pkey", "Relation Name": "title", "Alias": "t2", "Startup Cost": 0.0, "Total Cost": 4.3, "Plan Rows": 1, "Plan Width": 21, "Actual Startup Time": 0.0, "Actual Total Time": 0.0, "Index Cond": "(id = ml.linked_movie_id)", "Rows Removed by Index Recheck": 0}]}]}, "Triggers": [], "Planner Runtime": 13, "Total Runtime": 40.586, "Unique SQL Id": 524435555}}, "(64, 93)": {"explain_plan": {"Plan": {"Node Type": "Aggregate", "Strategy": "Plain", "Startup Cost": 4051.57, "Total Cost": 4051.58, "Plan Rows": 1, "Plan Width": 142, "Plans": [{"Node Type": "Nested Loop", "Parent Relationship": "Outer", "Join Type": "Inner", "Startup Cost": 0.0, "Total Cost": 4050.42, "Plan Rows": 154, "Plan Width": 46, "Inner Unique": true, "Plans": [{"Node Type": "Nested Loop", "Parent Relationship": "Outer", "Join Type": "Inner", "Startup Cost": 0.0, "Total Cost": 3386.84, "Plan Rows": 154, "Plan Width": 33, "Inner Unique": true, "Plans": [{"Node Type": "Nested Loop", "Parent Relationship": "Outer", "Join Type": "Inner", "Startup Cost": 0.0, "Total Cost": 3343.66, "Plan Rows": 154, "Plan Width": 25, "Inner Unique": false, "Plans": [{"Node Type": "Nested Loop", "Parent Relationship": "Outer", "Join Type": "Inner", "Startup Cost": 0.0, "Total Cost": 3330.45, "Plan Rows": 33, "Plan Width": 25, "Inner Unique": true, "Plans": [{"Node Type": "Nested Loop", "Parent Relationship": "Outer", "Join Type": "Inner", "Startup Cost": 0.0, "Total Cost": 3319.92, "Plan Rows": 33, "Plan Width": 4, "Inner Unique": false, "Plans": [{"Node Type": "Index Scan", "Parent Relationship": "Outer", "Scan Direction": "Forward", "Index Name": "keyword_pkey", "Relation Name": "keyword", "Alias": "k", "Startup Cost": 0.0, "Total Cost": 3182.72, "Plan Rows": 1, "Plan Width": 4, "Filter": "((keyword)::text = '10,000-mile-club'::text)"}, {"Node Type": "Index Scan", "Parent Relationship": "Inner", "Scan Direction": "Forward", "Index Name": "keyword_id_movie_keyword", "Relation Name": "movie_keyword", "Alias": "mk", "Startup Cost": 0.0, "Total Cost": 136.88, "Plan Rows": 33, "Plan Width": 8, "Index Cond": "(keyword_id = k.id)"}]}, {"Node Type": "Index Scan", "Parent Relationship": "Inner", "Scan Direction": "Forward", "Index Name": "title_pkey", "Relation Name": "title", "Alias": "t1", "Startup Cost": 0.0, "Total Cost": 0.31, "Plan Rows": 1, "Plan Width": 21, "Index Cond": "(id = mk.movie_id)"}]}, {"Node Type": "Index Scan", "Parent Relationship": "Inner", "Scan Direction": "Forward", "Index Name": "movie_id_movie_link", "Relation Name": "movie_link", "Alias": "ml", "Startup Cost": 0.0, "Total Cost": 0.35, "Plan Rows": 5, "Plan Width": 12, "Index Cond": "(movie_id = t1.id)"}]}, {"Node Type": "Index Scan", "Parent Relationship": "Inner", "Scan Direction": "Forward", "Index Name": "link_type_pkey", "Relation Name": "link_type", "Alias": "lt", "Startup Cost": 0.0, "Total Cost": 0.27, "Plan Rows": 1, "Plan Width": 16, "Index Cond": "(id = ml.link_type_id)"}]}, {"Node Type": "Index Scan", "Parent Relationship": "Inner", "Scan Direction": "Forward", "Index Name": "title_pkey", "Relation Name": "title", "Alias": "t2", "Startup Cost": 0.0, "Total Cost": 4.3, "Plan Rows": 1, "Plan Width": 21, "Index Cond": "(id = ml.linked_movie_id)"}]}]}, "Unique SQL Id": 524435555, "Planner Runtime": 12}, "explain_analyze_plan": {"Plan": {"Node Type": "Aggregate", "Strategy": "Plain", "Startup Cost": 4051.57, "Total Cost": 4051.58, "Plan Rows": 1, "Plan Width": 142, "Actual Startup Time": 112.659, "Actual Total Time": 112.659, "Actual Rows": 1, "Actual Loops": 1, "Plans": [{"Node Type": "Nested Loop", "Parent Relationship": "Outer", "Join Type": "Inner", "Startup Cost": 0.0, "Total Cost": 4050.42, "Plan Rows": 154, "Plan Width": 46, "Actual Startup Time": 112.653, "Actual Total Time": 112.653, "Actual Rows": 0, "Actual Loops": 1, "Inner Unique": true, "Plans": [{"Node Type": "Nested Loop", "Parent Relationship": "Outer", "Join Type": "Inner", "Startup Cost": 0.0, "Total Cost": 3386.84, "Plan Rows": 154, "Plan Width": 33, "Actual Startup Time": 112.653, "Actual Total Time": 112.653, "Actual Rows": 0, "Actual Loops": 1, "Inner Unique": true, "Plans": [{"Node Type": "Nested Loop", "Parent Relationship": "Outer", "Join Type": "Inner", "Startup Cost": 0.0, "Total Cost": 3343.66, "Plan Rows": 154, "Plan Width": 25, "Actual Startup Time": 112.652, "Actual Total Time": 112.652, "Actual Rows": 0, "Actual Loops": 1, "Inner Unique": false, "Plans": [{"Node Type": "Nested Loop", "Parent Relationship": "Outer", "Join Type": "Inner", "Startup Cost": 0.0, "Total Cost": 3330.45, "Plan Rows": 33, "Plan Width": 25, "Actual Startup Time": 110.792, "Actual Total Time": 112.645, "Actual Rows": 1, "Actual Loops": 1, "Inner Unique": true, "Plans": [{"Node Type": "Nested Loop", "Parent Relationship": "Outer", "Join Type": "Inner", "Startup Cost": 0.0, "Total Cost": 3319.92, "Plan Rows": 33, "Plan Width": 4, "Actual Startup Time": 110.781, "Actual Total Time": 112.634, "Actual Rows": 1, "Actual Loops": 1, "Inner Unique": false, "Plans": [{"Node Type": "Index Scan", "Parent Relationship": "Outer", "Scan Direction": "Forward", "Index Name": "keyword_pkey", "Relation Name": "keyword", "Alias": "k", "Startup Cost": 0.0, "Total Cost": 3182.72, "Plan Rows": 1, "Plan Width": 4, "Actual Startup Time": 110.759, "Actual Total Time": 112.61, "Actual Rows": 1, "Actual Loops": 1, "Filter": "((keyword)::text = '10,000-mile-club'::text)", "Rows Removed by Filter": 134168}, {"Node Type": "Index Scan", "Parent Relationship": "Inner", "Scan Direction": "Forward", "Index Name": "keyword_id_movie_keyword", "Relation Name": "movie_keyword", "Alias": "mk", "Startup Cost": 0.0, "Total Cost": 136.88, "Plan Rows": 33, "Plan Width": 8, "Actual Startup Time": 0.014, "Actual Total Time": 0.015, "Actual Rows": 1, "Actual Loops": 1, "Index Cond": "(keyword_id = k.id)", "Rows Removed by Index Recheck": 0}]}, {"Node Type": "Index Scan", "Parent Relationship": "Inner", "Scan Direction": "Forward", "Index Name": "title_pkey", "Relation Name": "title", "Alias": "t1", "Startup Cost": 0.0, "Total Cost": 0.31, "Plan Rows": 1, "Plan Width": 21, "Actual Startup Time": 0.009, "Actual Total Time": 0.009, "Actual Rows": 1, "Actual Loops": 1, "Index Cond": "(id = mk.movie_id)", "Rows Removed by Index Recheck": 0}]}, {"Node Type": "Index Scan", "Parent Relationship": "Inner", "Scan Direction": "Forward", "Index Name": "movie_id_movie_link", "Relation Name": "movie_link", "Alias": "ml", "Startup Cost": 0.0, "Total Cost": 0.35, "Plan Rows": 5, "Plan Width": 12, "Actual Startup Time": 0.003, "Actual Total Time": 0.003, "Actual Rows": 0, "Actual Loops": 1, "Index Cond": "(movie_id = t1.id)", "Rows Removed by Index Recheck": 0}]}, {"Node Type": "Index Scan", "Parent Relationship": "Inner", "Scan Direction": "Forward", "Index Name": "link_type_pkey", "Relation Name": "link_type", "Alias": "lt", "Startup Cost": 0.0, "Total Cost": 0.27, "Plan Rows": 1, "Plan Width": 16, "Actual Startup Time": 0.0, "Actual Total Time": 0.0, "Index Cond": "(id = ml.link_type_id)", "Rows Removed by Index Recheck": 0}]}, {"Node Type": "Index Scan", "Parent Relationship": "Inner", "Scan Direction": "Forward", "Index Name": "title_pkey", "Relation Name": "title", "Alias": "t2", "Startup Cost": 0.0, "Total Cost": 4.3, "Plan Rows": 1, "Plan Width": 21, "Actual Startup Time": 0.0, "Actual Total Time": 0.0, "Index Cond": "(id = ml.linked_movie_id)", "Rows Removed by Index Recheck": 0}]}]}, "Triggers": [], "Planner Runtime": 2, "Total Runtime": 112.875, "Unique SQL Id": 524435555}}, "(64, 94)": {"explain_plan": {"Plan": {"Node Type": "Aggregate", "Strategy": "Plain", "Startup Cost": 1261727.21, "Total Cost": 1261727.22, "Plan Rows": 1, "Plan Width": 142, "Plans": [{"Node Type": "Merge Join", "Parent Relationship": "Outer", "Join Type": "Inner", "Startup Cost": 1249099.28, "Total Cost": 1261726.05, "Plan Rows": 154, "Plan Width": 46, "Inner Unique": true, "Merge Cond": "(ml.linked_movie_id = t2.id)", "Plans": [{"Node Type": "Sort", "Parent Relationship": "Outer", "Startup Cost": 920146.01, "Total Cost": 920146.39, "Plan Rows": 154, "Plan Width": 33, "Sort Key": ["ml.linked_movie_id"], "Plans": [{"Node Type": "Merge Join", "Parent Relationship": "Outer", "Join Type": "Inner", "Startup Cost": 920138.05, "Total Cost": 920140.41, "Plan Rows": 154, "Plan Width": 33, "Inner Unique": false, "Merge Cond": "(lt.id = ml.link_type_id)", "Plans": [{"Node Type": "Sort", "Parent Relationship": "Outer", "Startup Cost": 1.52, "Total Cost": 1.56, "Plan Rows": 17, "Plan Width": 16, "Sort Key": ["lt.id"], "Plans": [{"Node Type": "Seq Scan", "Parent Relationship": "Outer", "Relation Name": "link_type", "Alias": "lt", "Startup Cost": 0.0, "Total Cost": 1.17, "Plan Rows": 17, "Plan Width": 16}]}, {"Node Type": "Sort", "Parent Relationship": "Inner", "Startup Cost": 920136.5, "Total Cost": 920136.89, "Plan Rows": 154, "Plan Width": 25, "Sort Key": ["ml.link_type_id"], "Plans": [{"Node Type": "Merge Join", "Parent Relationship": "Outer", "Join Type": "Inner", "Startup Cost": 919214.04, "Total Cost": 920130.91, "Plan Rows": 154, "Plan Width": 25, "Inner Unique": false, "Merge Cond": "(t1.id = ml.movie_id)", "Plans": [{"Node Type": "Merge Join", "Parent Relationship": "Outer", "Join Type": "Inner", "Startup Cost": 916552.51, "Total Cost": 929180.6, "Plan Rows": 33, "Plan Width": 25, "Inner Unique": true, "Merge Cond": "(mk.movie_id = t1.id)", "Plans": [{"Node Type": "Sort", "Parent Relationship": "Outer", "Startup Cost": 587599.24, "Total Cost": 587599.32, "Plan Rows": 33, "Plan Width": 4, "Sort Key": ["mk.movie_id"], "Plans": [{"Node Type": "Merge Join", "Parent Relationship": "Outer", "Join Type": "Inner", "Startup Cost": 564978.42, "Total Cost": 587598.4, "Plan Rows": 33, "Plan Width": 4, "Inner Unique": false, "Merge Cond": "(k.id = mk.keyword_id)", "Plans": [{"Node Type": "Sort", "Parent Relationship": "Outer", "Startup Cost": 2436.12, "Total Cost": 2436.13, "Plan Rows": 1, "Plan Width": 4, "Sort Key": ["k.id"], "Plans": [{"Node Type": "Seq Scan", "Parent Relationship": "Outer", "Relation Name": "keyword", "Alias": "k", "Startup Cost": 0.0, "Total Cost": 2436.11, "Plan Rows": 1, "Plan Width": 4, "Filter": "((keyword)::text = '10,000-mile-club'::text)"}]}, {"Node Type": "Sort", "Parent Relationship": "Inner", "Startup Cost": 562542.3, "Total Cost": 573852.12, "Plan Rows": 4523929, "Plan Width": 8, "Sort Key": ["mk.keyword_id"], "Plans": [{"Node Type": "Seq Scan", "Parent Relationship": "Outer", "Relation Name": "movie_keyword", "Alias": "mk", "Startup Cost": 0.0, "Total Cost": 62441.29, "Plan Rows": 4523929, "Plan Width": 8}]}]}]}, {"Node Type": "Sort", "Parent Relationship": "Inner", "Startup Cost": 328951.73, "Total Cost": 335272.51, "Plan Rows": 2528311, "Plan Width": 21, "Sort Key": ["t1.id"], "Plans": [{"Node Type": "Seq Scan", "Parent Relationship": "Outer", "Relation Name": "title", "Alias": "t1", "Startup Cost": 0.0, "Total Cost": 60069.11, "Plan Rows": 2528311, "Plan Width": 21}]}]}, {"Node Type": "Sort", "Parent Relationship": "Inner", "Startup Cost": 2661.53, "Total Cost": 2736.52, "Plan Rows": 29996, "Plan Width": 12, "Sort Key": ["ml.movie_id"], "Plans": [{"Node Type": "Seq Scan", "Parent Relationship": "Outer", "Relation Name": "movie_link", "Alias": "ml", "Startup Cost": 0.0, "Total Cost": 430.96, "Plan Rows": 29996, "Plan Width": 12}]}]}]}]}]}, {"Node Type": "Sort", "Parent Relationship": "Inner", "Startup Cost": 328951.73, "Total Cost": 335272.51, "Plan Rows": 2528311, "Plan Width": 21, "Sort Key": ["t2.id"], "Plans": [{"Node Type": "Seq Scan", "Parent Relationship": "Outer", "Relation Name": "title", "Alias": "t2", "Startup Cost": 0.0, "Total Cost": 60069.11, "Plan Rows": 2528311, "Plan Width": 21}]}]}]}, "Unique SQL Id": 524435555, "Planner Runtime": 10}, "explain_analyze_plan": null}, "(64, 95)": {"explain_plan": {"Plan": {"Node Type": "Aggregate", "Strategy": "Plain", "Startup Cost": 4103059849846.31, "Total Cost": 4103059849846.32, "Plan Rows": 1, "Plan Width": 142, "Plans": [{"Node Type": "Merge Join", "Parent Relationship": "Outer", "Join Type": "Inner", "Startup Cost": 3114387609681.93, "Total Cost": 4103059849845.16, "Plan Rows": 154, "Plan Width": 46, "Inner Unique": true, "Merge Cond": "(ml.linked_movie_id = t2.id)", "Plans": [{"Node Type": "Sort", "Parent Relationship": "Outer", "Startup Cost": 3104266614517.7, "Total Cost": 3104266614518.08, "Plan Rows": 154, "Plan Width": 33, "Sort Key": ["ml.linked_movie_id"], "Plans": [{"Node Type": "Merge Join", "Parent Relationship": "Outer", "Join Type": "Inner", "Startup Cost": 2114266295033.63, "Total Cost": 3104266614512.1, "Plan Rows": 154, "Plan Width": 33, "Inner Unique": true, "Merge Cond": "(mk.keyword_id = k.id)", "Plans": [{"Node Type": "Sort", "Parent Relationship": "Outer", "Startup Cost": 2104266295033.63, "Total Cost": 2104266295636.98, "Plan Rows": 241339, "Plan Width": 37, "Sort Key": ["mk.keyword_id"], "Plans": [{"Node Type": "Merge Join", "Parent Relationship": "Outer", "Join Type": "Inner", "Startup Cost": 1172501562824.25, "Total Cost": 2104266273457.08, "Plan Rows": 241339, "Plan Width": 37, "Inner Unique": false, "Merge Cond": "(lt.id = ml.link_type_id)", "Plans": [{"Node Type": "Index Scan", "Parent Relationship": "Outer", "Scan Direction": "Forward", "Index Name": "link_type_pkey", "Relation Name": "link_type", "Alias": "lt", "Startup Cost": 10000000000.0, "Total Cost": 1000000001250.5, "Plan Rows": 17, "Plan Width": 16}, {"Node Type": "Sort", "Parent Relationship": "Inner", "Startup Cost": 1162501562777.66, "Total Cost": 1162501563381.01, "Plan Rows": 241339, "Plan Width": 29, "Sort Key": ["ml.link_type_id"], "Plans": [{"Node Type": "Merge Join", "Parent Relationship": "Outer", "Join Type": "Inner", "Startup Cost": 30162989099.11, "Total Cost": 1162501541201.11, "Plan Rows": 241339, "Plan Width": 29, "Inner Unique": false, "Merge Cond": "(t1.id = ml.movie_id)", "Plans": [{"Node Type": "Merge Join", "Parent Relationship": "Outer", "Join Type": "Inner", "Startup Cost": 20120995164.23, "Total Cost": 1999054106967.89, "Plan Rows": 4523929, "Plan Width": 29, "Inner Unique": false, "Merge Cond": "(t1.id = mk.movie_id)", "Plans": [{"Node Type": "Index Scan", "Parent Relationship": "Outer", "Scan Direction": "Forward", "Index Name": "title_pkey", "Relation Name": "title", "Alias": "t1", "Startup Cost": 10000000000.0, "Total Cost": 1000011012048.91, "Plan Rows": 2528311, "Plan Width": 21}, {"Node Type": "Index Scan", "Parent Relationship": "Inner", "Scan Direction": "Forward", "Index Name": "movie_id_movie_keyword", "Relation Name": "movie_keyword", "Alias": "mk", "Startup Cost": 10000000000.0, "Total Cost": 1000015300634.17, "Plan Rows": 4523929, "Plan Width": 8}]}, {"Node Type": "Materialize", "Parent Relationship": "Inner", "Startup Cost": 10000000000.0, "Total Cost": 1000000106277.36, "Plan Rows": 29996, "Plan Width": 12, "Plans": [{"Node Type": "Index Scan", "Parent Relationship": "Outer", "Scan Direction": "Forward", "Index Name": "movie_id_movie_link", "Relation Name": "movie_link", "Alias": "ml", "Startup Cost": 10000000000.0, "Total Cost": 1000000106202.37, "Plan Rows": 29996, "Plan Width": 12}]}]}]}]}]}, {"Node Type": "Materialize", "Parent Relationship": "Inner", "Startup Cost": 10000000000.0, "Total Cost": 1000000318271.69, "Plan Rows": 1, "Plan Width": 4, "Plans": [{"Node Type": "Index Scan", "Parent Relationship": "Outer", "Scan Direction": "Forward", "Index Name": "keyword_pkey", "Relation Name": "keyword", "Alias": "k", "Startup Cost": 10000000000.0, "Total Cost": 1000000318271.68, "Plan Rows": 1, "Plan Width": 4, "Filter": "((keyword)::text = '10,000-mile-club'::text)"}]}]}]}, {"Node Type": "Index Scan", "Parent Relationship": "Inner", "Scan Direction": "Forward", "Index Name": "title_pkey", "Relation Name": "title", "Alias": "t2", "Startup Cost": 10000000000.0, "Total Cost": 1000011012048.91, "Plan Rows": 2528311, "Plan Width": 21}]}]}, "Unique SQL Id": 524435555, "Planner Runtime": 18}, "explain_analyze_plan": null}, "(64, 96)": {"explain_plan": {"Plan": {"Node Type": "Aggregate", "Strategy": "Plain", "Startup Cost": 3260.82, "Total Cost": 3260.83, "Plan Rows": 1, "Plan Width": 142, "Plans": [{"Node Type": "Nested Loop", "Parent Relationship": "Outer", "Join Type": "Inner", "Startup Cost": 5.89, "Total Cost": 3259.66, "Plan Rows": 154, "Plan Width": 46, "Inner Unique": true, "Plans": [{"Node Type": "Hash Join", "Parent Relationship": "Outer", "Join Type": "Inner", "Startup Cost": 5.89, "Total Cost": 2596.09, "Plan Rows": 154, "Plan Width": 33, "Inner Unique": true, "Hash Cond": "(ml.link_type_id = lt.id)", "Plans": [{"Node Type": "Nested Loop", "Parent Relationship": "Outer", "Join Type": "Inner", "Startup Cost": 4.51, "Total Cost": 2592.76, "Plan Rows": 154, "Plan Width": 25, "Inner Unique": false, "Plans": [{"Node Type": "Nested Loop", "Parent Relationship": "Outer", "Join Type": "Inner", "Startup Cost": 4.51, "Total Cost": 2579.55, "Plan Rows": 33, "Plan Width": 25, "Inner Unique": true, "Plans": [{"Node Type": "Nested Loop", "Parent Relationship": "Outer", "Join Type": "Inner", "Startup Cost": 4.51, "Total Cost": 2569.02, "Plan Rows": 33, "Plan Width": 4, "Inner Unique": false, "Plans": [{"Node Type": "Seq Scan", "Parent Relationship": "Outer", "Relation Name": "keyword", "Alias": "k", "Startup Cost": 0.0, "Total Cost": 2436.11, "Plan Rows": 1, "Plan Width": 4, "Filter": "((keyword)::text = '10,000-mile-club'::text)"}, {"Node Type": "Bitmap Heap Scan", "Parent Relationship": "Inner", "Relation Name": "movie_keyword", "Alias": "mk", "Startup Cost": 4.51, "Total Cost": 132.58, "Plan Rows": 33, "Plan Width": 8, "Recheck Cond": "(keyword_id = k.id)", "Plans": [{"Node Type": "Bitmap Index Scan", "Parent Relationship": "Outer", "Index Name": "keyword_id_movie_keyword", "Startup Cost": 0.0, "Total Cost": 4.5, "Plan Rows": 33, "Plan Width": 0, "Index Cond": "(keyword_id = k.id)"}]}]}, {"Node Type": "Index Scan", "Parent Relationship": "Inner", "Scan Direction": "Forward", "Index Name": "title_pkey", "Relation Name": "title", "Alias": "t1", "Startup Cost": 0.0, "Total Cost": 0.31, "Plan Rows": 1, "Plan Width": 21, "Index Cond": "(id = mk.movie_id)"}]}, {"Node Type": "Index Scan", "Parent Relationship": "Inner", "Scan Direction": "Forward", "Index Name": "movie_id_movie_link", "Relation Name": "movie_link", "Alias": "ml", "Startup Cost": 0.0, "Total Cost": 0.35, "Plan Rows": 5, "Plan Width": 12, "Index Cond": "(movie_id = t1.id)"}]}, {"Node Type": "Hash", "Parent Relationship": "Inner", "Startup Cost": 1.17, "Total Cost": 1.17, "Plan Rows": 17, "Plan Width": 16, "Plans": [{"Node Type": "Seq Scan", "Parent Relationship": "Outer", "Relation Name": "link_type", "Alias": "lt", "Startup Cost": 0.0, "Total Cost": 1.17, "Plan Rows": 17, "Plan Width": 16}]}]}, {"Node Type": "Index Scan", "Parent Relationship": "Inner", "Scan Direction": "Forward", "Index Name": "title_pkey", "Relation Name": "title", "Alias": "t2", "Startup Cost": 0.0, "Total Cost": 4.3, "Plan Rows": 1, "Plan Width": 21, "Index Cond": "(id = ml.linked_movie_id)"}]}]}, "Unique SQL Id": 524435555, "Planner Runtime": 7}, "explain_analyze_plan": {"Plan": {"Node Type": "Aggregate", "Strategy": "Plain", "Startup Cost": 3260.82, "Total Cost": 3260.83, "Plan Rows": 1, "Plan Width": 142, "Actual Startup Time": 42.192, "Actual Total Time": 42.192, "Actual Rows": 1, "Actual Loops": 1, "Plans": [{"Node Type": "Nested Loop", "Parent Relationship": "Outer", "Join Type": "Inner", "Startup Cost": 5.89, "Total Cost": 3259.66, "Plan Rows": 154, "Plan Width": 46, "Actual Startup Time": 42.184, "Actual Total Time": 42.184, "Actual Rows": 0, "Actual Loops": 1, "Inner Unique": true, "Plans": [{"Node Type": "Hash Join", "Parent Relationship": "Outer", "Join Type": "Inner", "Startup Cost": 5.89, "Total Cost": 2596.09, "Plan Rows": 154, "Plan Width": 33, "Actual Startup Time": 42.161, "Actual Total Time": 42.161, "Actual Rows": 0, "Actual Loops": 1, "Inner Unique": true, "Hash Cond": "(ml.link_type_id = lt.id)", "Plans": [{"Node Type": "Nested Loop", "Parent Relationship": "Outer", "Join Type": "Inner", "Startup Cost": 4.51, "Total Cost": 2592.76, "Plan Rows": 154, "Plan Width": 25, "Actual Startup Time": 42.073, "Actual Total Time": 42.073, "Actual Rows": 0, "Actual Loops": 1, "Inner Unique": false, "Plans": [{"Node Type": "Nested Loop", "Parent Relationship": "Outer", "Join Type": "Inner", "Startup Cost": 4.51, "Total Cost": 2579.55, "Plan Rows": 33, "Plan Width": 25, "Actual Startup Time": 41.173, "Actual Total Time": 42.069, "Actual Rows": 1, "Actual Loops": 1, "Inner Unique": true, "Plans": [{"Node Type": "Nested Loop", "Parent Relationship": "Outer", "Join Type": "Inner", "Startup Cost": 4.51, "Total Cost": 2569.02, "Plan Rows": 33, "Plan Width": 4, "Actual Startup Time": 41.155, "Actual Total Time": 42.051, "Actual Rows": 1, "Actual Loops": 1, "Inner Unique": false, "Plans": [{"Node Type": "Seq Scan", "Parent Relationship": "Outer", "Relation Name": "keyword", "Alias": "k", "Startup Cost": 0.0, "Total Cost": 2436.11, "Plan Rows": 1, "Plan Width": 4, "Actual Startup Time": 41.116, "Actual Total Time": 42.01, "Actual Rows": 1, "Actual Loops": 1, "Filter": "((keyword)::text = '10,000-mile-club'::text)", "Rows Removed by Filter": 134168}, {"Node Type": "Bitmap Heap Scan", "Parent Relationship": "Inner", "Relation Name": "movie_keyword", "Alias": "mk", "Startup Cost": 4.51, "Total Cost": 132.58, "Plan Rows": 33, "Plan Width": 8, "Actual Startup Time": 0.029, "Actual Total Time": 0.029, "Actual Rows": 1, "Actual Loops": 1, "Recheck Cond": "(keyword_id = k.id)", "Rows Removed by Index Recheck": 0, "Exact Heap Blocks": 1, "Lossy Heap Blocks": 1, "Plans": [{"Node Type": "Bitmap Index Scan", "Parent Relationship": "Outer", "Index Name": "keyword_id_movie_keyword", "Startup Cost": 0.0, "Total Cost": 4.5, "Plan Rows": 33, "Plan Width": 0, "Actual Startup Time": 0.018, "Actual Total Time": 0.018, "Actual Rows": 1, "Actual Loops": 1, "Index Cond": "(keyword_id = k.id)"}]}]}, {"Node Type": "Index Scan", "Parent Relationship": "Inner", "Scan Direction": "Forward", "Index Name": "title_pkey", "Relation Name": "title", "Alias": "t1", "Startup Cost": 0.0, "Total Cost": 0.31, "Plan Rows": 1, "Plan Width": 21, "Actual Startup Time": 0.015, "Actual Total Time": 0.015, "Actual Rows": 1, "Actual Loops": 1, "Index Cond": "(id = mk.movie_id)", "Rows Removed by Index Recheck": 0}]}, {"Node Type": "Index Scan", "Parent Relationship": "Inner", "Scan Direction": "Forward", "Index Name": "movie_id_movie_link", "Relation Name": "movie_link", "Alias": "ml", "Startup Cost": 0.0, "Total Cost": 0.35, "Plan Rows": 5, "Plan Width": 12, "Actual Startup Time": 0.003, "Actual Total Time": 0.003, "Actual Rows": 0, "Actual Loops": 1, "Index Cond": "(movie_id = t1.id)", "Rows Removed by Index Recheck": 0}]}, {"Node Type": "Hash", "Parent Relationship": "Inner", "Startup Cost": 1.17, "Total Cost": 1.17, "Plan Rows": 17, "Plan Width": 16, "Actual Startup Time": 0.039, "Actual Total Time": 0.039, "Actual Rows": 17, "Actual Loops": 1, "Hash Buckets": 32768, "Hash Batches": 1, "Original Hash Batches": 1, "Peak Memory Usage": 1, "Plans": [{"Node Type": "Seq Scan", "Parent Relationship": "Outer", "Relation Name": "link_type", "Alias": "lt", "Startup Cost": 0.0, "Total Cost": 1.17, "Plan Rows": 17, "Plan Width": 16, "Actual Startup Time": 0.018, "Actual Total Time": 0.023, "Actual Rows": 17, "Actual Loops": 1}]}]}, {"Node Type": "Index Scan", "Parent Relationship": "Inner", "Scan Direction": "Forward", "Index Name": "title_pkey", "Relation Name": "title", "Alias": "t2", "Startup Cost": 0.0, "Total Cost": 4.3, "Plan Rows": 1, "Plan Width": 21, "Actual Startup Time": 0.0, "Actual Total Time": 0.0, "Index Cond": "(id = ml.linked_movie_id)", "Rows Removed by Index Recheck": 0}]}]}, "Triggers": [], "Planner Runtime": 7, "Total Runtime": 42.495, "Unique SQL Id": 524435555}}, "(64, 97)": {"explain_plan": {"Plan": {"Node Type": "Aggregate", "Strategy": "Plain", "Startup Cost": 4047.28, "Total Cost": 4047.29, "Plan Rows": 1, "Plan Width": 142, "Plans": [{"Node Type": "Nested Loop", "Parent Relationship": "Outer", "Join Type": "Inner", "Startup Cost": 4.51, "Total Cost": 4046.12, "Plan Rows": 154, "Plan Width": 46, "Inner Unique": true, "Plans": [{"Node Type": "Nested Loop", "Parent Relationship": "Outer", "Join Type": "Inner", "Startup Cost": 4.51, "Total Cost": 3382.55, "Plan Rows": 154, "Plan Width": 33, "Inner Unique": true, "Plans": [{"Node Type": "Nested Loop", "Parent Relationship": "Outer", "Join Type": "Inner", "Startup Cost": 4.51, "Total Cost": 3339.37, "Plan Rows": 154, "Plan Width": 25, "Inner Unique": false, "Plans": [{"Node Type": "Nested Loop", "Parent Relationship": "Outer", "Join Type": "Inner", "Startup Cost": 4.51, "Total Cost": 3326.15, "Plan Rows": 33, "Plan Width": 25, "Inner Unique": true, "Plans": [{"Node Type": "Nested Loop", "Parent Relationship": "Outer", "Join Type": "Inner", "Startup Cost": 4.51, "Total Cost": 3315.63, "Plan Rows": 33, "Plan Width": 4, "Inner Unique": false, "Plans": [{"Node Type": "Index Scan", "Parent Relationship": "Outer", "Scan Direction": "Forward", "Index Name": "keyword_pkey", "Relation Name": "keyword", "Alias": "k", "Startup Cost": 0.0, "Total Cost": 3182.72, "Plan Rows": 1, "Plan Width": 4, "Filter": "((keyword)::text = '10,000-mile-club'::text)"}, {"Node Type": "Bitmap Heap Scan", "Parent Relationship": "Inner", "Relation Name": "movie_keyword", "Alias": "mk", "Startup Cost": 4.51, "Total Cost": 132.58, "Plan Rows": 33, "Plan Width": 8, "Recheck Cond": "(keyword_id = k.id)", "Plans": [{"Node Type": "Bitmap Index Scan", "Parent Relationship": "Outer", "Index Name": "keyword_id_movie_keyword", "Startup Cost": 0.0, "Total Cost": 4.5, "Plan Rows": 33, "Plan Width": 0, "Index Cond": "(keyword_id = k.id)"}]}]}, {"Node Type": "Index Scan", "Parent Relationship": "Inner", "Scan Direction": "Forward", "Index Name": "title_pkey", "Relation Name": "title", "Alias": "t1", "Startup Cost": 0.0, "Total Cost": 0.31, "Plan Rows": 1, "Plan Width": 21, "Index Cond": "(id = mk.movie_id)"}]}, {"Node Type": "Index Scan", "Parent Relationship": "Inner", "Scan Direction": "Forward", "Index Name": "movie_id_movie_link", "Relation Name": "movie_link", "Alias": "ml", "Startup Cost": 0.0, "Total Cost": 0.35, "Plan Rows": 5, "Plan Width": 12, "Index Cond": "(movie_id = t1.id)"}]}, {"Node Type": "Index Scan", "Parent Relationship": "Inner", "Scan Direction": "Forward", "Index Name": "link_type_pkey", "Relation Name": "link_type", "Alias": "lt", "Startup Cost": 0.0, "Total Cost": 0.27, "Plan Rows": 1, "Plan Width": 16, "Index Cond": "(id = ml.link_type_id)"}]}, {"Node Type": "Index Scan", "Parent Relationship": "Inner", "Scan Direction": "Forward", "Index Name": "title_pkey", "Relation Name": "title", "Alias": "t2", "Startup Cost": 0.0, "Total Cost": 4.3, "Plan Rows": 1, "Plan Width": 21, "Index Cond": "(id = ml.linked_movie_id)"}]}]}, "Unique SQL Id": 524435555, "Planner Runtime": 4}, "explain_analyze_plan": {"Plan": {"Node Type": "Aggregate", "Strategy": "Plain", "Startup Cost": 4047.28, "Total Cost": 4047.29, "Plan Rows": 1, "Plan Width": 142, "Actual Startup Time": 114.984, "Actual Total Time": 114.985, "Actual Rows": 1, "Actual Loops": 1, "Plans": [{"Node Type": "Nested Loop", "Parent Relationship": "Outer", "Join Type": "Inner", "Startup Cost": 4.51, "Total Cost": 4046.12, "Plan Rows": 154, "Plan Width": 46, "Actual Startup Time": 114.978, "Actual Total Time": 114.978, "Actual Rows": 0, "Actual Loops": 1, "Inner Unique": true, "Plans": [{"Node Type": "Nested Loop", "Parent Relationship": "Outer", "Join Type": "Inner", "Startup Cost": 4.51, "Total Cost": 3382.55, "Plan Rows": 154, "Plan Width": 33, "Actual Startup Time": 114.977, "Actual Total Time": 114.977, "Actual Rows": 0, "Actual Loops": 1, "Inner Unique": true, "Plans": [{"Node Type": "Nested Loop", "Parent Relationship": "Outer", "Join Type": "Inner", "Startup Cost": 4.51, "Total Cost": 3339.37, "Plan Rows": 154, "Plan Width": 25, "Actual Startup Time": 114.976, "Actual Total Time": 114.976, "Actual Rows": 0, "Actual Loops": 1, "Inner Unique": false, "Plans": [{"Node Type": "Nested Loop", "Parent Relationship": "Outer", "Join Type": "Inner", "Startup Cost": 4.51, "Total Cost": 3326.15, "Plan Rows": 33, "Plan Width": 25, "Actual Startup Time": 113.117, "Actual Total Time": 114.965, "Actual Rows": 1, "Actual Loops": 1, "Inner Unique": true, "Plans": [{"Node Type": "Nested Loop", "Parent Relationship": "Outer", "Join Type": "Inner", "Startup Cost": 4.51, "Total Cost": 3315.63, "Plan Rows": 33, "Plan Width": 4, "Actual Startup Time": 113.093, "Actual Total Time": 114.94, "Actual Rows": 1, "Actual Loops": 1, "Inner Unique": false, "Plans": [{"Node Type": "Index Scan", "Parent Relationship": "Outer", "Scan Direction": "Forward", "Index Name": "keyword_pkey", "Relation Name": "keyword", "Alias": "k", "Startup Cost": 0.0, "Total Cost": 3182.72, "Plan Rows": 1, "Plan Width": 4, "Actual Startup Time": 113.04, "Actual Total Time": 114.886, "Actual Rows": 1, "Actual Loops": 1, "Filter": "((keyword)::text = '10,000-mile-club'::text)", "Rows Removed by Filter": 134168}, {"Node Type": "Bitmap Heap Scan", "Parent Relationship": "Inner", "Relation Name": "movie_keyword", "Alias": "mk", "Startup Cost": 4.51, "Total Cost": 132.58, "Plan Rows": 33, "Plan Width": 8, "Actual Startup Time": 0.033, "Actual Total Time": 0.033, "Actual Rows": 1, "Actual Loops": 1, "Recheck Cond": "(keyword_id = k.id)", "Rows Removed by Index Recheck": 0, "Exact Heap Blocks": 1, "Lossy Heap Blocks": 1, "Plans": [{"Node Type": "Bitmap Index Scan", "Parent Relationship": "Outer", "Index Name": "keyword_id_movie_keyword", "Startup Cost": 0.0, "Total Cost": 4.5, "Plan Rows": 33, "Plan Width": 0, "Actual Startup Time": 0.02, "Actual Total Time": 0.02, "Actual Rows": 1, "Actual Loops": 1, "Index Cond": "(keyword_id = k.id)"}]}]}, {"Node Type": "Index Scan", "Parent Relationship": "Inner", "Scan Direction": "Forward", "Index Name": "title_pkey", "Relation Name": "title", "Alias": "t1", "Startup Cost": 0.0, "Total Cost": 0.31, "Plan Rows": 1, "Plan Width": 21, "Actual Startup Time": 0.017, "Actual Total Time": 0.017, "Actual Rows": 1, "Actual Loops": 1, "Index Cond": "(id = mk.movie_id)", "Rows Removed by Index Recheck": 0}]}, {"Node Type": "Index Scan", "Parent Relationship": "Inner", "Scan Direction": "Forward", "Index Name": "movie_id_movie_link", "Relation Name": "movie_link", "Alias": "ml", "Startup Cost": 0.0, "Total Cost": 0.35, "Plan Rows": 5, "Plan Width": 12, "Actual Startup Time": 0.006, "Actual Total Time": 0.006, "Actual Rows": 0, "Actual Loops": 1, "Index Cond": "(movie_id = t1.id)", "Rows Removed by Index Recheck": 0}]}, {"Node Type": "Index Scan", "Parent Relationship": "Inner", "Scan Direction": "Forward", "Index Name": "link_type_pkey", "Relation Name": "link_type", "Alias": "lt", "Startup Cost": 0.0, "Total Cost": 0.27, "Plan Rows": 1, "Plan Width": 16, "Actual Startup Time": 0.0, "Actual Total Time": 0.0, "Index Cond": "(id = ml.link_type_id)", "Rows Removed by Index Recheck": 0}]}, {"Node Type": "Index Scan", "Parent Relationship": "Inner", "Scan Direction": "Forward", "Index Name": "title_pkey", "Relation Name": "title", "Alias": "t2", "Startup Cost": 0.0, "Total Cost": 4.3, "Plan Rows": 1, "Plan Width": 21, "Actual Startup Time": 0.0, "Actual Total Time": 0.0, "Index Cond": "(id = ml.linked_movie_id)", "Rows Removed by Index Recheck": 0}]}]}, "Triggers": [], "Planner Runtime": 2, "Total Runtime": 115.266, "Unique SQL Id": 524435555}}, "(64, 98)": {"explain_plan": {"Plan": {"Node Type": "Aggregate", "Strategy": "Plain", "Startup Cost": 3709.86, "Total Cost": 3709.87, "Plan Rows": 1, "Plan Width": 142, "Plans": [{"Node Type": "Nested Loop", "Parent Relationship": "Outer", "Join Type": "Inner", "Startup Cost": 7.93, "Total Cost": 3708.7, "Plan Rows": 154, "Plan Width": 46, "Inner Unique": true, "Plans": [{"Node Type": "Hash Join", "Parent Relationship": "Outer", "Join Type": "Inner", "Startup Cost": 6.44, "Total Cost": 2859.52, "Plan Rows": 154, "Plan Width": 33, "Inner Unique": true, "Hash Cond": "(ml.link_type_id = lt.id)", "Plans": [{"Node Type": "Nested Loop", "Parent Relationship": "Outer", "Join Type": "Inner", "Startup Cost": 5.06, "Total Cost": 2856.2, "Plan Rows": 154, "Plan Width": 25, "Inner Unique": false, "Join Filter": "(t1.id = ml.movie_id)", "Plans": [{"Node Type": "Nested Loop", "Parent Relationship": "Outer", "Join Type": "Inner", "Startup Cost": 4.77, "Total Cost": 2710.54, "Plan Rows": 33, "Plan Width": 25, "Inner Unique": true, "Plans": [{"Node Type": "Nested Loop", "Parent Relationship": "Outer", "Join Type": "Inner", "Startup Cost": 4.51, "Total Cost": 2569.02, "Plan Rows": 33, "Plan Width": 4, "Inner Unique": false, "Plans": [{"Node Type": "Seq Scan", "Parent Relationship": "Outer", "Relation Name": "keyword", "Alias": "k", "Startup Cost": 0.0, "Total Cost": 2436.11, "Plan Rows": 1, "Plan Width": 4, "Filter": "((keyword)::text = '10,000-mile-club'::text)"}, {"Node Type": "Bitmap Heap Scan", "Parent Relationship": "Inner", "Relation Name": "movie_keyword", "Alias": "mk", "Startup Cost": 4.51, "Total Cost": 132.58, "Plan Rows": 33, "Plan Width": 8, "Recheck Cond": "(keyword_id = k.id)", "Plans": [{"Node Type": "Bitmap Index Scan", "Parent Relationship": "Outer", "Index Name": "keyword_id_movie_keyword", "Startup Cost": 0.0, "Total Cost": 4.5, "Plan Rows": 33, "Plan Width": 0, "Index Cond": "(keyword_id = k.id)"}]}]}, {"Node Type": "Bitmap Heap Scan", "Parent Relationship": "Inner", "Relation Name": "title", "Alias": "t1", "Startup Cost": 0.27, "Total Cost": 4.28, "Plan Rows": 1, "Plan Width": 21, "Recheck Cond": "(id = mk.movie_id)", "Plans": [{"Node Type": "Bitmap Index Scan", "Parent Relationship": "Outer", "Index Name": "title_pkey", "Startup Cost": 0.0, "Total Cost": 0.27, "Plan Rows": 1, "Plan Width": 0, "Index Cond": "(id = mk.movie_id)"}]}]}, {"Node Type": "Bitmap Heap Scan", "Parent Relationship": "Inner", "Relation Name": "movie_link", "Alias": "ml", "Startup Cost": 0.29, "Total Cost": 4.35, "Plan Rows": 5, "Plan Width": 12, "Recheck Cond": "(movie_id = mk.movie_id)", "Plans": [{"Node Type": "Bitmap Index Scan", "Parent Relationship": "Outer", "Index Name": "movie_id_movie_link", "Startup Cost": 0.0, "Total Cost": 0.29, "Plan Rows": 5, "Plan Width": 0, "Index Cond": "(movie_id = mk.movie_id)"}]}]}, {"Node Type": "Hash", "Parent Relationship": "Inner", "Startup Cost": 1.17, "Total Cost": 1.17, "Plan Rows": 17, "Plan Width": 16, "Plans": [{"Node Type": "Seq Scan", "Parent Relationship": "Outer", "Relation Name": "link_type", "Alias": "lt", "Startup Cost": 0.0, "Total Cost": 1.17, "Plan Rows": 17, "Plan Width": 16}]}]}, {"Node Type": "Bitmap Heap Scan", "Parent Relationship": "Inner", "Relation Name": "title", "Alias": "t2", "Startup Cost": 1.49, "Total Cost": 5.5, "Plan Rows": 1, "Plan Width": 21, "Recheck Cond": "(id = ml.linked_movie_id)", "Plans": [{"Node Type": "Bitmap Index Scan", "Parent Relationship": "Outer", "Index Name": "title_pkey", "Startup Cost": 0.0, "Total Cost": 1.49, "Plan Rows": 1, "Plan Width": 0, "Index Cond": "(id = ml.linked_movie_id)"}]}]}]}, "Unique SQL Id": 524435555, "Planner Runtime": 7}, "explain_analyze_plan": {"Plan": {"Node Type": "Aggregate", "Strategy": "Plain", "Startup Cost": 3709.86, "Total Cost": 3709.87, "Plan Rows": 1, "Plan Width": 142, "Actual Startup Time": 40.984, "Actual Total Time": 40.985, "Actual Rows": 1, "Actual Loops": 1, "Plans": [{"Node Type": "Nested Loop", "Parent Relationship": "Outer", "Join Type": "Inner", "Startup Cost": 7.93, "Total Cost": 3708.7, "Plan Rows": 154, "Plan Width": 46, "Actual Startup Time": 40.979, "Actual Total Time": 40.979, "Actual Rows": 0, "Actual Loops": 1, "Inner Unique": true, "Plans": [{"Node Type": "Hash Join", "Parent Relationship": "Outer", "Join Type": "Inner", "Startup Cost": 6.44, "Total Cost": 2859.52, "Plan Rows": 154, "Plan Width": 33, "Actual Startup Time": 40.951, "Actual Total Time": 40.951, "Actual Rows": 0, "Actual Loops": 1, "Inner Unique": true, "Hash Cond": "(ml.link_type_id = lt.id)", "Plans": [{"Node Type": "Nested Loop", "Parent Relationship": "Outer", "Join Type": "Inner", "Startup Cost": 5.06, "Total Cost": 2856.2, "Plan Rows": 154, "Plan Width": 25, "Actual Startup Time": 40.887, "Actual Total Time": 40.887, "Actual Rows": 0, "Actual Loops": 1, "Inner Unique": false, "Join Filter": "(t1.id = ml.movie_id)", "Rows Removed by Join Filter": 0, "Plans": [{"Node Type": "Nested Loop", "Parent Relationship": "Outer", "Join Type": "Inner", "Startup Cost": 4.77, "Total Cost": 2710.54, "Plan Rows": 33, "Plan Width": 25, "Actual Startup Time": 40.006, "Actual Total Time": 40.875, "Actual Rows": 1, "Actual Loops": 1, "Inner Unique": true, "Plans": [{"Node Type": "Nested Loop", "Parent Relationship": "Outer", "Join Type": "Inner", "Startup Cost": 4.51, "Total Cost": 2569.02, "Plan Rows": 33, "Plan Width": 4, "Actual Startup Time": 39.991, "Actual Total Time": 40.859, "Actual Rows": 1, "Actual Loops": 1, "Inner Unique": false, "Plans": [{"Node Type": "Seq Scan", "Parent Relationship": "Outer", "Relation Name": "keyword", "Alias": "k", "Startup Cost": 0.0, "Total Cost": 2436.11, "Plan Rows": 1, "Plan Width": 4, "Actual Startup Time": 39.951, "Actual Total Time": 40.817, "Actual Rows": 1, "Actual Loops": 1, "Filter": "((keyword)::text = '10,000-mile-club'::text)", "Rows Removed by Filter": 134168}, {"Node Type": "Bitmap Heap Scan", "Parent Relationship": "Inner", "Relation Name": "movie_keyword", "Alias": "mk", "Startup Cost": 4.51, "Total Cost": 132.58, "Plan Rows": 33, "Plan Width": 8, "Actual Startup Time": 0.03, "Actual Total Time": 0.031, "Actual Rows": 1, "Actual Loops": 1, "Recheck Cond": "(keyword_id = k.id)", "Rows Removed by Index Recheck": 0, "Exact Heap Blocks": 1, "Lossy Heap Blocks": 1, "Plans": [{"Node Type": "Bitmap Index Scan", "Parent Relationship": "Outer", "Index Name": "keyword_id_movie_keyword", "Startup Cost": 0.0, "Total Cost": 4.5, "Plan Rows": 33, "Plan Width": 0, "Actual Startup Time": 0.019, "Actual Total Time": 0.019, "Actual Rows": 1, "Actual Loops": 1, "Index Cond": "(keyword_id = k.id)"}]}]}, {"Node Type": "Bitmap Heap Scan", "Parent Relationship": "Inner", "Relation Name": "title", "Alias": "t1", "Startup Cost": 0.27, "Total Cost": 4.28, "Plan Rows": 1, "Plan Width": 21, "Actual Startup Time": 0.011, "Actual Total Time": 0.011, "Actual Rows": 1, "Actual Loops": 1, "Recheck Cond": "(id = mk.movie_id)", "Rows Removed by Index Recheck": 0, "Exact Heap Blocks": 1, "Lossy Heap Blocks": 1, "Plans": [{"Node Type": "Bitmap Index Scan", "Parent Relationship": "Outer", "Index Name": "title_pkey", "Startup Cost": 0.0, "Total Cost": 0.27, "Plan Rows": 1, "Plan Width": 0, "Actual Startup Time": 0.007, "Actual Total Time": 0.007, "Actual Rows": 1, "Actual Loops": 1, "Index Cond": "(id = mk.movie_id)"}]}]}, {"Node Type": "Bitmap Heap Scan", "Parent Relationship": "Inner", "Relation Name": "movie_link", "Alias": "ml", "Startup Cost": 0.29, "Total Cost": 4.35, "Plan Rows": 5, "Plan Width": 12, "Actual Startup Time": 0.01, "Actual Total Time": 0.01, "Actual Rows": 0, "Actual Loops": 1, "Recheck Cond": "(movie_id = mk.movie_id)", "Rows Removed by Index Recheck": 0, "Exact Heap Blocks": 0, "Lossy Heap Blocks": 0, "Plans": [{"Node Type": "Bitmap Index Scan", "Parent Relationship": "Outer", "Index Name": "movie_id_movie_link", "Startup Cost": 0.0, "Total Cost": 0.29, "Plan Rows": 5, "Plan Width": 0, "Actual Startup Time": 0.005, "Actual Total Time": 0.005, "Actual Rows": 0, "Actual Loops": 1, "Index Cond": "(movie_id = mk.movie_id)"}]}]}, {"Node Type": "Hash", "Parent Relationship": "Inner", "Startup Cost": 1.17, "Total Cost": 1.17, "Plan Rows": 17, "Plan Width": 16, "Actual Startup Time": 0.027, "Actual Total Time": 0.027, "Actual Rows": 17, "Actual Loops": 1, "Hash Buckets": 32768, "Hash Batches": 1, "Original Hash Batches": 1, "Peak Memory Usage": 1, "Plans": [{"Node Type": "Seq Scan", "Parent Relationship": "Outer", "Relation Name": "link_type", "Alias": "lt", "Startup Cost": 0.0, "Total Cost": 1.17, "Plan Rows": 17, "Plan Width": 16, "Actual Startup Time": 0.01, "Actual Total Time": 0.013, "Actual Rows": 17, "Actual Loops": 1}]}]}, {"Node Type": "Bitmap Heap Scan", "Parent Relationship": "Inner", "Relation Name": "title", "Alias": "t2", "Startup Cost": 1.49, "Total Cost": 5.5, "Plan Rows": 1, "Plan Width": 21, "Actual Startup Time": 0.0, "Actual Total Time": 0.0, "Recheck Cond": "(id = ml.linked_movie_id)", "Rows Removed by Index Recheck": 0, "Exact Heap Blocks": 0, "Lossy Heap Blocks": 0, "Plans": [{"Node Type": "Bitmap Index Scan", "Parent Relationship": "Outer", "Index Name": "title_pkey", "Startup Cost": 0.0, "Total Cost": 1.49, "Plan Rows": 1, "Plan Width": 0, "Actual Startup Time": 0.0, "Actual Total Time": 0.0, "Index Cond": "(id = ml.linked_movie_id)"}]}]}]}, "Triggers": [], "Planner Runtime": 7, "Total Runtime": 41.244, "Unique SQL Id": 524435555}}, "(64, 99)": {"explain_plan": {"Plan": {"Node Type": "Aggregate", "Strategy": "Plain", "Startup Cost": 4440.29, "Total Cost": 4440.3, "Plan Rows": 1, "Plan Width": 142, "Plans": [{"Node Type": "Nested Loop", "Parent Relationship": "Outer", "Join Type": "Inner", "Startup Cost": 738.37, "Total Cost": 4439.14, "Plan Rows": 154, "Plan Width": 46, "Inner Unique": true, "Plans": [{"Node Type": "Hash Join", "Parent Relationship": "Outer", "Join Type": "Inner", "Startup Cost": 736.88, "Total Cost": 3589.96, "Plan Rows": 154, "Plan Width": 33, "Inner Unique": true, "Hash Cond": "(ml.link_type_id = lt.id)", "Plans": [{"Node Type": "Nested Loop", "Parent Relationship": "Outer", "Join Type": "Inner", "Startup Cost": 724.16, "Total Cost": 3575.3, "Plan Rows": 154, "Plan Width": 25, "Inner Unique": false, "Join Filter": "(t1.id = ml.movie_id)", "Plans": [{"Node Type": "Nested Loop", "Parent Relationship": "Outer", "Join Type": "Inner", "Startup Cost": 723.87, "Total Cost": 3429.64, "Plan Rows": 33, "Plan Width": 25, "Inner Unique": true, "Plans": [{"Node Type": "Nested Loop", "Parent Relationship": "Outer", "Join Type": "Inner", "Startup Cost": 723.6, "Total Cost": 3288.12, "Plan Rows": 33, "Plan Width": 4, "Inner Unique": false, "Plans": [{"Node Type": "Bitmap Heap Scan", "Parent Relationship": "Outer", "Relation Name": "keyword", "Alias": "k", "Startup Cost": 719.1, "Total Cost": 3155.21, "Plan Rows": 1, "Plan Width": 4, "Filter": "((keyword)::text = '10,000-mile-club'::text)", "Plans": [{"Node Type": "Bitmap Index Scan", "Parent Relationship": "Outer", "Index Name": "keyword_pkey", "Startup Cost": 0.0, "Total Cost": 719.1, "Plan Rows": 134169, "Plan Width": 0}]}, {"Node Type": "Bitmap Heap Scan", "Parent Relationship": "Inner", "Relation Name": "movie_keyword", "Alias": "mk", "Startup Cost": 4.51, "Total Cost": 132.58, "Plan Rows": 33, "Plan Width": 8, "Recheck Cond": "(keyword_id = k.id)", "Plans": [{"Node Type": "Bitmap Index Scan", "Parent Relationship": "Outer", "Index Name": "keyword_id_movie_keyword", "Startup Cost": 0.0, "Total Cost": 4.5, "Plan Rows": 33, "Plan Width": 0, "Index Cond": "(keyword_id = k.id)"}]}]}, {"Node Type": "Bitmap Heap Scan", "Parent Relationship": "Inner", "Relation Name": "title", "Alias": "t1", "Startup Cost": 0.27, "Total Cost": 4.28, "Plan Rows": 1, "Plan Width": 21, "Recheck Cond": "(id = mk.movie_id)", "Plans": [{"Node Type": "Bitmap Index Scan", "Parent Relationship": "Outer", "Index Name": "title_pkey", "Startup Cost": 0.0, "Total Cost": 0.27, "Plan Rows": 1, "Plan Width": 0, "Index Cond": "(id = mk.movie_id)"}]}]}, {"Node Type": "Bitmap Heap Scan", "Parent Relationship": "Inner", "Relation Name": "movie_link", "Alias": "ml", "Startup Cost": 0.29, "Total Cost": 4.35, "Plan Rows": 5, "Plan Width": 12, "Recheck Cond": "(movie_id = mk.movie_id)", "Plans": [{"Node Type": "Bitmap Index Scan", "Parent Relationship": "Outer", "Index Name": "movie_id_movie_link", "Startup Cost": 0.0, "Total Cost": 0.29, "Plan Rows": 5, "Plan Width": 0, "Index Cond": "(movie_id = mk.movie_id)"}]}]}, {"Node Type": "Hash", "Parent Relationship": "Inner", "Startup Cost": 12.51, "Total Cost": 12.51, "Plan Rows": 17, "Plan Width": 16, "Plans": [{"Node Type": "Bitmap Heap Scan", "Parent Relationship": "Outer", "Relation Name": "link_type", "Alias": "lt", "Startup Cost": 8.34, "Total Cost": 12.51, "Plan Rows": 17, "Plan Width": 16, "Plans": [{"Node Type": "Bitmap Index Scan", "Parent Relationship": "Outer", "Index Name": "link_type_pkey", "Startup Cost": 0.0, "Total Cost": 8.34, "Plan Rows": 17, "Plan Width": 0}]}]}]}, {"Node Type": "Bitmap Heap Scan", "Parent Relationship": "Inner", "Relation Name": "title", "Alias": "t2", "Startup Cost": 1.49, "Total Cost": 5.5, "Plan Rows": 1, "Plan Width": 21, "Recheck Cond": "(id = ml.linked_movie_id)", "Plans": [{"Node Type": "Bitmap Index Scan", "Parent Relationship": "Outer", "Index Name": "title_pkey", "Startup Cost": 0.0, "Total Cost": 1.49, "Plan Rows": 1, "Plan Width": 0, "Index Cond": "(id = ml.linked_movie_id)"}]}]}]}, "Unique SQL Id": 524435555, "Planner Runtime": 7}, "explain_analyze_plan": {"Plan": {"Node Type": "Aggregate", "Strategy": "Plain", "Startup Cost": 4440.29, "Total Cost": 4440.3, "Plan Rows": 1, "Plan Width": 142, "Actual Startup Time": 62.07, "Actual Total Time": 62.07, "Actual Rows": 1, "Actual Loops": 1, "Plans": [{"Node Type": "Nested Loop", "Parent Relationship": "Outer", "Join Type": "Inner", "Startup Cost": 738.37, "Total Cost": 4439.14, "Plan Rows": 154, "Plan Width": 46, "Actual Startup Time": 62.064, "Actual Total Time": 62.064, "Actual Rows": 0, "Actual Loops": 1, "Inner Unique": true, "Plans": [{"Node Type": "Hash Join", "Parent Relationship": "Outer", "Join Type": "Inner", "Startup Cost": 736.88, "Total Cost": 3589.96, "Plan Rows": 154, "Plan Width": 33, "Actual Startup Time": 62.038, "Actual Total Time": 62.038, "Actual Rows": 0, "Actual Loops": 1, "Inner Unique": true, "Hash Cond": "(ml.link_type_id = lt.id)", "Plans": [{"Node Type": "Nested Loop", "Parent Relationship": "Outer", "Join Type": "Inner", "Startup Cost": 724.16, "Total Cost": 3575.3, "Plan Rows": 154, "Plan Width": 25, "Actual Startup Time": 61.97, "Actual Total Time": 61.97, "Actual Rows": 0, "Actual Loops": 1, "Inner Unique": false, "Join Filter": "(t1.id = ml.movie_id)", "Rows Removed by Join Filter": 0, "Plans": [{"Node Type": "Nested Loop", "Parent Relationship": "Outer", "Join Type": "Inner", "Startup Cost": 723.87, "Total Cost": 3429.64, "Plan Rows": 33, "Plan Width": 25, "Actual Startup Time": 60.895, "Actual Total Time": 61.961, "Actual Rows": 1, "Actual Loops": 1, "Inner Unique": true, "Plans": [{"Node Type": "Nested Loop", "Parent Relationship": "Outer", "Join Type": "Inner", "Startup Cost": 723.6, "Total Cost": 3288.12, "Plan Rows": 33, "Plan Width": 4, "Actual Startup Time": 60.881, "Actual Total Time": 61.947, "Actual Rows": 1, "Actual Loops": 1, "Inner Unique": false, "Plans": [{"Node Type": "Bitmap Heap Scan", "Parent Relationship": "Outer", "Relation Name": "keyword", "Alias": "k", "Startup Cost": 719.1, "Total Cost": 3155.21, "Plan Rows": 1, "Plan Width": 4, "Actual Startup Time": 60.839, "Actual Total Time": 61.903, "Actual Rows": 1, "Actual Loops": 1, "Filter": "((keyword)::text = '10,000-mile-club'::text)", "Rows Removed by Filter": 134168, "Exact Heap Blocks": 759, "Lossy Heap Blocks": 759, "Plans": [{"Node Type": "Bitmap Index Scan", "Parent Relationship": "Outer", "Index Name": "keyword_pkey", "Startup Cost": 0.0, "Total Cost": 719.1, "Plan Rows": 134169, "Plan Width": 0, "Actual Startup Time": 11.71, "Actual Total Time": 11.71, "Actual Rows": 134169, "Actual Loops": 1}]}, {"Node Type": "Bitmap Heap Scan", "Parent Relationship": "Inner", "Relation Name": "movie_keyword", "Alias": "mk", "Startup Cost": 4.51, "Total Cost": 132.58, "Plan Rows": 33, "Plan Width": 8, "Actual Startup Time": 0.029, "Actual Total Time": 0.029, "Actual Rows": 1, "Actual Loops": 1, "Recheck Cond": "(keyword_id = k.id)", "Rows Removed by Index Recheck": 0, "Exact Heap Blocks": 1, "Lossy Heap Blocks": 1, "Plans": [{"Node Type": "Bitmap Index Scan", "Parent Relationship": "Outer", "Index Name": "keyword_id_movie_keyword", "Startup Cost": 0.0, "Total Cost": 4.5, "Plan Rows": 33, "Plan Width": 0, "Actual Startup Time": 0.02, "Actual Total Time": 0.02, "Actual Rows": 1, "Actual Loops": 1, "Index Cond": "(keyword_id = k.id)"}]}]}, {"Node Type": "Bitmap Heap Scan", "Parent Relationship": "Inner", "Relation Name": "title", "Alias": "t1", "Startup Cost": 0.27, "Total Cost": 4.28, "Plan Rows": 1, "Plan Width": 21, "Actual Startup Time": 0.011, "Actual Total Time": 0.011, "Actual Rows": 1, "Actual Loops": 1, "Recheck Cond": "(id = mk.movie_id)", "Rows Removed by Index Recheck": 0, "Exact Heap Blocks": 1, "Lossy Heap Blocks": 1, "Plans": [{"Node Type": "Bitmap Index Scan", "Parent Relationship": "Outer", "Index Name": "title_pkey", "Startup Cost": 0.0, "Total Cost": 0.27, "Plan Rows": 1, "Plan Width": 0, "Actual Startup Time": 0.007, "Actual Total Time": 0.007, "Actual Rows": 1, "Actual Loops": 1, "Index Cond": "(id = mk.movie_id)"}]}]}, {"Node Type": "Bitmap Heap Scan", "Parent Relationship": "Inner", "Relation Name": "movie_link", "Alias": "ml", "Startup Cost": 0.29, "Total Cost": 4.35, "Plan Rows": 5, "Plan Width": 12, "Actual Startup Time": 0.006, "Actual Total Time": 0.006, "Actual Rows": 0, "Actual Loops": 1, "Recheck Cond": "(movie_id = mk.movie_id)", "Rows Removed by Index Recheck": 0, "Exact Heap Blocks": 0, "Lossy Heap Blocks": 0, "Plans": [{"Node Type": "Bitmap Index Scan", "Parent Relationship": "Outer", "Index Name": "movie_id_movie_link", "Startup Cost": 0.0, "Total Cost": 0.29, "Plan Rows": 5, "Plan Width": 0, "Actual Startup Time": 0.003, "Actual Total Time": 0.003, "Actual Rows": 0, "Actual Loops": 1, "Index Cond": "(movie_id = mk.movie_id)"}]}]}, {"Node Type": "Hash", "Parent Relationship": "Inner", "Startup Cost": 12.51, "Total Cost": 12.51, "Plan Rows": 17, "Plan Width": 16, "Actual Startup Time": 0.033, "Actual Total Time": 0.033, "Actual Rows": 17, "Actual Loops": 1, "Hash Buckets": 32768, "Hash Batches": 1, "Original Hash Batches": 1, "Peak Memory Usage": 1, "Plans": [{"Node Type": "Bitmap Heap Scan", "Parent Relationship": "Outer", "Relation Name": "link_type", "Alias": "lt", "Startup Cost": 8.34, "Total Cost": 12.51, "Plan Rows": 17, "Plan Width": 16, "Actual Startup Time": 0.018, "Actual Total Time": 0.023, "Actual Rows": 17, "Actual Loops": 1, "Exact Heap Blocks": 1, "Lossy Heap Blocks": 1, "Plans": [{"Node Type": "Bitmap Index Scan", "Parent Relationship": "Outer", "Index Name": "link_type_pkey", "Startup Cost": 0.0, "Total Cost": 8.34, "Plan Rows": 17, "Plan Width": 0, "Actual Startup Time": 0.007, "Actual Total Time": 0.007, "Actual Rows": 17, "Actual Loops": 1}]}]}]}, {"Node Type": "Bitmap Heap Scan", "Parent Relationship": "Inner", "Relation Name": "title", "Alias": "t2", "Startup Cost": 1.49, "Total Cost": 5.5, "Plan Rows": 1, "Plan Width": 21, "Actual Startup Time": 0.0, "Actual Total Time": 0.0, "Recheck Cond": "(id = ml.linked_movie_id)", "Rows Removed by Index Recheck": 0, "Exact Heap Blocks": 0, "Lossy Heap Blocks": 0, "Plans": [{"Node Type": "Bitmap Index Scan", "Parent Relationship": "Outer", "Index Name": "title_pkey", "Startup Cost": 0.0, "Total Cost": 1.49, "Plan Rows": 1, "Plan Width": 0, "Actual Startup Time": 0.0, "Actual Total Time": 0.0, "Index Cond": "(id = ml.linked_movie_id)"}]}]}]}, "Triggers": [], "Planner Runtime": 7, "Total Runtime": 62.334, "Unique SQL Id": 524435555}}, "(64, 100)": {"explain_plan": {"Plan": {"Node Type": "Aggregate", "Strategy": "Plain", "Startup Cost": 3260.82, "Total Cost": 3260.83, "Plan Rows": 1, "Plan Width": 142, "Plans": [{"Node Type": "Nested Loop", "Parent Relationship": "Outer", "Join Type": "Inner", "Startup Cost": 5.89, "Total Cost": 3259.66, "Plan Rows": 154, "Plan Width": 46, "Inner Unique": true, "Plans": [{"Node Type": "Hash Join", "Parent Relationship": "Outer", "Join Type": "Inner", "Startup Cost": 5.89, "Total Cost": 2596.09, "Plan Rows": 154, "Plan Width": 33, "Inner Unique": true, "Hash Cond": "(ml.link_type_id = lt.id)", "Plans": [{"Node Type": "Nested Loop", "Parent Relationship": "Outer", "Join Type": "Inner", "Startup Cost": 4.51, "Total Cost": 2592.76, "Plan Rows": 154, "Plan Width": 25, "Inner Unique": false, "Plans": [{"Node Type": "Nested Loop", "Parent Relationship": "Outer", "Join Type": "Inner", "Startup Cost": 4.51, "Total Cost": 2579.55, "Plan Rows": 33, "Plan Width": 25, "Inner Unique": true, "Plans": [{"Node Type": "Nested Loop", "Parent Relationship": "Outer", "Join Type": "Inner", "Startup Cost": 4.51, "Total Cost": 2569.02, "Plan Rows": 33, "Plan Width": 4, "Inner Unique": false, "Plans": [{"Node Type": "Seq Scan", "Parent Relationship": "Outer", "Relation Name": "keyword", "Alias": "k", "Startup Cost": 0.0, "Total Cost": 2436.11, "Plan Rows": 1, "Plan Width": 4, "Filter": "((keyword)::text = '10,000-mile-club'::text)"}, {"Node Type": "Bitmap Heap Scan", "Parent Relationship": "Inner", "Relation Name": "movie_keyword", "Alias": "mk", "Startup Cost": 4.51, "Total Cost": 132.58, "Plan Rows": 33, "Plan Width": 8, "Recheck Cond": "(keyword_id = k.id)", "Plans": [{"Node Type": "Bitmap Index Scan", "Parent Relationship": "Outer", "Index Name": "keyword_id_movie_keyword", "Startup Cost": 0.0, "Total Cost": 4.5, "Plan Rows": 33, "Plan Width": 0, "Index Cond": "(keyword_id = k.id)"}]}]}, {"Node Type": "Index Scan", "Parent Relationship": "Inner", "Scan Direction": "Forward", "Index Name": "title_pkey", "Relation Name": "title", "Alias": "t1", "Startup Cost": 0.0, "Total Cost": 0.31, "Plan Rows": 1, "Plan Width": 21, "Index Cond": "(id = mk.movie_id)"}]}, {"Node Type": "Index Scan", "Parent Relationship": "Inner", "Scan Direction": "Forward", "Index Name": "movie_id_movie_link", "Relation Name": "movie_link", "Alias": "ml", "Startup Cost": 0.0, "Total Cost": 0.35, "Plan Rows": 5, "Plan Width": 12, "Index Cond": "(movie_id = t1.id)"}]}, {"Node Type": "Hash", "Parent Relationship": "Inner", "Startup Cost": 1.17, "Total Cost": 1.17, "Plan Rows": 17, "Plan Width": 16, "Plans": [{"Node Type": "Seq Scan", "Parent Relationship": "Outer", "Relation Name": "link_type", "Alias": "lt", "Startup Cost": 0.0, "Total Cost": 1.17, "Plan Rows": 17, "Plan Width": 16}]}]}, {"Node Type": "Index Scan", "Parent Relationship": "Inner", "Scan Direction": "Forward", "Index Name": "title_pkey", "Relation Name": "title", "Alias": "t2", "Startup Cost": 0.0, "Total Cost": 4.3, "Plan Rows": 1, "Plan Width": 21, "Index Cond": "(id = ml.linked_movie_id)"}]}]}, "Unique SQL Id": 524435555, "Planner Runtime": 7}, "explain_analyze_plan": {"Plan": {"Node Type": "Aggregate", "Strategy": "Plain", "Startup Cost": 3260.82, "Total Cost": 3260.83, "Plan Rows": 1, "Plan Width": 142, "Actual Startup Time": 42.192, "Actual Total Time": 42.192, "Actual Rows": 1, "Actual Loops": 1, "Plans": [{"Node Type": "Nested Loop", "Parent Relationship": "Outer", "Join Type": "Inner", "Startup Cost": 5.89, "Total Cost": 3259.66, "Plan Rows": 154, "Plan Width": 46, "Actual Startup Time": 42.184, "Actual Total Time": 42.184, "Actual Rows": 0, "Actual Loops": 1, "Inner Unique": true, "Plans": [{"Node Type": "Hash Join", "Parent Relationship": "Outer", "Join Type": "Inner", "Startup Cost": 5.89, "Total Cost": 2596.09, "Plan Rows": 154, "Plan Width": 33, "Actual Startup Time": 42.161, "Actual Total Time": 42.161, "Actual Rows": 0, "Actual Loops": 1, "Inner Unique": true, "Hash Cond": "(ml.link_type_id = lt.id)", "Plans": [{"Node Type": "Nested Loop", "Parent Relationship": "Outer", "Join Type": "Inner", "Startup Cost": 4.51, "Total Cost": 2592.76, "Plan Rows": 154, "Plan Width": 25, "Actual Startup Time": 42.073, "Actual Total Time": 42.073, "Actual Rows": 0, "Actual Loops": 1, "Inner Unique": false, "Plans": [{"Node Type": "Nested Loop", "Parent Relationship": "Outer", "Join Type": "Inner", "Startup Cost": 4.51, "Total Cost": 2579.55, "Plan Rows": 33, "Plan Width": 25, "Actual Startup Time": 41.173, "Actual Total Time": 42.069, "Actual Rows": 1, "Actual Loops": 1, "Inner Unique": true, "Plans": [{"Node Type": "Nested Loop", "Parent Relationship": "Outer", "Join Type": "Inner", "Startup Cost": 4.51, "Total Cost": 2569.02, "Plan Rows": 33, "Plan Width": 4, "Actual Startup Time": 41.155, "Actual Total Time": 42.051, "Actual Rows": 1, "Actual Loops": 1, "Inner Unique": false, "Plans": [{"Node Type": "Seq Scan", "Parent Relationship": "Outer", "Relation Name": "keyword", "Alias": "k", "Startup Cost": 0.0, "Total Cost": 2436.11, "Plan Rows": 1, "Plan Width": 4, "Actual Startup Time": 41.116, "Actual Total Time": 42.01, "Actual Rows": 1, "Actual Loops": 1, "Filter": "((keyword)::text = '10,000-mile-club'::text)", "Rows Removed by Filter": 134168}, {"Node Type": "Bitmap Heap Scan", "Parent Relationship": "Inner", "Relation Name": "movie_keyword", "Alias": "mk", "Startup Cost": 4.51, "Total Cost": 132.58, "Plan Rows": 33, "Plan Width": 8, "Actual Startup Time": 0.029, "Actual Total Time": 0.029, "Actual Rows": 1, "Actual Loops": 1, "Recheck Cond": "(keyword_id = k.id)", "Rows Removed by Index Recheck": 0, "Exact Heap Blocks": 1, "Lossy Heap Blocks": 1, "Plans": [{"Node Type": "Bitmap Index Scan", "Parent Relationship": "Outer", "Index Name": "keyword_id_movie_keyword", "Startup Cost": 0.0, "Total Cost": 4.5, "Plan Rows": 33, "Plan Width": 0, "Actual Startup Time": 0.018, "Actual Total Time": 0.018, "Actual Rows": 1, "Actual Loops": 1, "Index Cond": "(keyword_id = k.id)"}]}]}, {"Node Type": "Index Scan", "Parent Relationship": "Inner", "Scan Direction": "Forward", "Index Name": "title_pkey", "Relation Name": "title", "Alias": "t1", "Startup Cost": 0.0, "Total Cost": 0.31, "Plan Rows": 1, "Plan Width": 21, "Actual Startup Time": 0.015, "Actual Total Time": 0.015, "Actual Rows": 1, "Actual Loops": 1, "Index Cond": "(id = mk.movie_id)", "Rows Removed by Index Recheck": 0}]}, {"Node Type": "Index Scan", "Parent Relationship": "Inner", "Scan Direction": "Forward", "Index Name": "movie_id_movie_link", "Relation Name": "movie_link", "Alias": "ml", "Startup Cost": 0.0, "Total Cost": 0.35, "Plan Rows": 5, "Plan Width": 12, "Actual Startup Time": 0.003, "Actual Total Time": 0.003, "Actual Rows": 0, "Actual Loops": 1, "Index Cond": "(movie_id = t1.id)", "Rows Removed by Index Recheck": 0}]}, {"Node Type": "Hash", "Parent Relationship": "Inner", "Startup Cost": 1.17, "Total Cost": 1.17, "Plan Rows": 17, "Plan Width": 16, "Actual Startup Time": 0.039, "Actual Total Time": 0.039, "Actual Rows": 17, "Actual Loops": 1, "Hash Buckets": 32768, "Hash Batches": 1, "Original Hash Batches": 1, "Peak Memory Usage": 1, "Plans": [{"Node Type": "Seq Scan", "Parent Relationship": "Outer", "Relation Name": "link_type", "Alias": "lt", "Startup Cost": 0.0, "Total Cost": 1.17, "Plan Rows": 17, "Plan Width": 16, "Actual Startup Time": 0.018, "Actual Total Time": 0.023, "Actual Rows": 17, "Actual Loops": 1}]}]}, {"Node Type": "Index Scan", "Parent Relationship": "Inner", "Scan Direction": "Forward", "Index Name": "title_pkey", "Relation Name": "title", "Alias": "t2", "Startup Cost": 0.0, "Total Cost": 4.3, "Plan Rows": 1, "Plan Width": 21, "Actual Startup Time": 0.0, "Actual Total Time": 0.0, "Index Cond": "(id = ml.linked_movie_id)", "Rows Removed by Index Recheck": 0}]}]}, "Triggers": [], "Planner Runtime": 7, "Total Runtime": 42.495, "Unique SQL Id": 524435555}}, "(64, 101)": {"explain_plan": {"Plan": {"Node Type": "Aggregate", "Strategy": "Plain", "Startup Cost": 4047.28, "Total Cost": 4047.29, "Plan Rows": 1, "Plan Width": 142, "Plans": [{"Node Type": "Nested Loop", "Parent Relationship": "Outer", "Join Type": "Inner", "Startup Cost": 4.51, "Total Cost": 4046.12, "Plan Rows": 154, "Plan Width": 46, "Inner Unique": true, "Plans": [{"Node Type": "Nested Loop", "Parent Relationship": "Outer", "Join Type": "Inner", "Startup Cost": 4.51, "Total Cost": 3382.55, "Plan Rows": 154, "Plan Width": 33, "Inner Unique": true, "Plans": [{"Node Type": "Nested Loop", "Parent Relationship": "Outer", "Join Type": "Inner", "Startup Cost": 4.51, "Total Cost": 3339.37, "Plan Rows": 154, "Plan Width": 25, "Inner Unique": false, "Plans": [{"Node Type": "Nested Loop", "Parent Relationship": "Outer", "Join Type": "Inner", "Startup Cost": 4.51, "Total Cost": 3326.15, "Plan Rows": 33, "Plan Width": 25, "Inner Unique": true, "Plans": [{"Node Type": "Nested Loop", "Parent Relationship": "Outer", "Join Type": "Inner", "Startup Cost": 4.51, "Total Cost": 3315.63, "Plan Rows": 33, "Plan Width": 4, "Inner Unique": false, "Plans": [{"Node Type": "Index Scan", "Parent Relationship": "Outer", "Scan Direction": "Forward", "Index Name": "keyword_pkey", "Relation Name": "keyword", "Alias": "k", "Startup Cost": 0.0, "Total Cost": 3182.72, "Plan Rows": 1, "Plan Width": 4, "Filter": "((keyword)::text = '10,000-mile-club'::text)"}, {"Node Type": "Bitmap Heap Scan", "Parent Relationship": "Inner", "Relation Name": "movie_keyword", "Alias": "mk", "Startup Cost": 4.51, "Total Cost": 132.58, "Plan Rows": 33, "Plan Width": 8, "Recheck Cond": "(keyword_id = k.id)", "Plans": [{"Node Type": "Bitmap Index Scan", "Parent Relationship": "Outer", "Index Name": "keyword_id_movie_keyword", "Startup Cost": 0.0, "Total Cost": 4.5, "Plan Rows": 33, "Plan Width": 0, "Index Cond": "(keyword_id = k.id)"}]}]}, {"Node Type": "Index Scan", "Parent Relationship": "Inner", "Scan Direction": "Forward", "Index Name": "title_pkey", "Relation Name": "title", "Alias": "t1", "Startup Cost": 0.0, "Total Cost": 0.31, "Plan Rows": 1, "Plan Width": 21, "Index Cond": "(id = mk.movie_id)"}]}, {"Node Type": "Index Scan", "Parent Relationship": "Inner", "Scan Direction": "Forward", "Index Name": "movie_id_movie_link", "Relation Name": "movie_link", "Alias": "ml", "Startup Cost": 0.0, "Total Cost": 0.35, "Plan Rows": 5, "Plan Width": 12, "Index Cond": "(movie_id = t1.id)"}]}, {"Node Type": "Index Scan", "Parent Relationship": "Inner", "Scan Direction": "Forward", "Index Name": "link_type_pkey", "Relation Name": "link_type", "Alias": "lt", "Startup Cost": 0.0, "Total Cost": 0.27, "Plan Rows": 1, "Plan Width": 16, "Index Cond": "(id = ml.link_type_id)"}]}, {"Node Type": "Index Scan", "Parent Relationship": "Inner", "Scan Direction": "Forward", "Index Name": "title_pkey", "Relation Name": "title", "Alias": "t2", "Startup Cost": 0.0, "Total Cost": 4.3, "Plan Rows": 1, "Plan Width": 21, "Index Cond": "(id = ml.linked_movie_id)"}]}]}, "Unique SQL Id": 524435555, "Planner Runtime": 3}, "explain_analyze_plan": {"Plan": {"Node Type": "Aggregate", "Strategy": "Plain", "Startup Cost": 4047.28, "Total Cost": 4047.29, "Plan Rows": 1, "Plan Width": 142, "Actual Startup Time": 114.984, "Actual Total Time": 114.985, "Actual Rows": 1, "Actual Loops": 1, "Plans": [{"Node Type": "Nested Loop", "Parent Relationship": "Outer", "Join Type": "Inner", "Startup Cost": 4.51, "Total Cost": 4046.12, "Plan Rows": 154, "Plan Width": 46, "Actual Startup Time": 114.978, "Actual Total Time": 114.978, "Actual Rows": 0, "Actual Loops": 1, "Inner Unique": true, "Plans": [{"Node Type": "Nested Loop", "Parent Relationship": "Outer", "Join Type": "Inner", "Startup Cost": 4.51, "Total Cost": 3382.55, "Plan Rows": 154, "Plan Width": 33, "Actual Startup Time": 114.977, "Actual Total Time": 114.977, "Actual Rows": 0, "Actual Loops": 1, "Inner Unique": true, "Plans": [{"Node Type": "Nested Loop", "Parent Relationship": "Outer", "Join Type": "Inner", "Startup Cost": 4.51, "Total Cost": 3339.37, "Plan Rows": 154, "Plan Width": 25, "Actual Startup Time": 114.976, "Actual Total Time": 114.976, "Actual Rows": 0, "Actual Loops": 1, "Inner Unique": false, "Plans": [{"Node Type": "Nested Loop", "Parent Relationship": "Outer", "Join Type": "Inner", "Startup Cost": 4.51, "Total Cost": 3326.15, "Plan Rows": 33, "Plan Width": 25, "Actual Startup Time": 113.117, "Actual Total Time": 114.965, "Actual Rows": 1, "Actual Loops": 1, "Inner Unique": true, "Plans": [{"Node Type": "Nested Loop", "Parent Relationship": "Outer", "Join Type": "Inner", "Startup Cost": 4.51, "Total Cost": 3315.63, "Plan Rows": 33, "Plan Width": 4, "Actual Startup Time": 113.093, "Actual Total Time": 114.94, "Actual Rows": 1, "Actual Loops": 1, "Inner Unique": false, "Plans": [{"Node Type": "Index Scan", "Parent Relationship": "Outer", "Scan Direction": "Forward", "Index Name": "keyword_pkey", "Relation Name": "keyword", "Alias": "k", "Startup Cost": 0.0, "Total Cost": 3182.72, "Plan Rows": 1, "Plan Width": 4, "Actual Startup Time": 113.04, "Actual Total Time": 114.886, "Actual Rows": 1, "Actual Loops": 1, "Filter": "((keyword)::text = '10,000-mile-club'::text)", "Rows Removed by Filter": 134168}, {"Node Type": "Bitmap Heap Scan", "Parent Relationship": "Inner", "Relation Name": "movie_keyword", "Alias": "mk", "Startup Cost": 4.51, "Total Cost": 132.58, "Plan Rows": 33, "Plan Width": 8, "Actual Startup Time": 0.033, "Actual Total Time": 0.033, "Actual Rows": 1, "Actual Loops": 1, "Recheck Cond": "(keyword_id = k.id)", "Rows Removed by Index Recheck": 0, "Exact Heap Blocks": 1, "Lossy Heap Blocks": 1, "Plans": [{"Node Type": "Bitmap Index Scan", "Parent Relationship": "Outer", "Index Name": "keyword_id_movie_keyword", "Startup Cost": 0.0, "Total Cost": 4.5, "Plan Rows": 33, "Plan Width": 0, "Actual Startup Time": 0.02, "Actual Total Time": 0.02, "Actual Rows": 1, "Actual Loops": 1, "Index Cond": "(keyword_id = k.id)"}]}]}, {"Node Type": "Index Scan", "Parent Relationship": "Inner", "Scan Direction": "Forward", "Index Name": "title_pkey", "Relation Name": "title", "Alias": "t1", "Startup Cost": 0.0, "Total Cost": 0.31, "Plan Rows": 1, "Plan Width": 21, "Actual Startup Time": 0.017, "Actual Total Time": 0.017, "Actual Rows": 1, "Actual Loops": 1, "Index Cond": "(id = mk.movie_id)", "Rows Removed by Index Recheck": 0}]}, {"Node Type": "Index Scan", "Parent Relationship": "Inner", "Scan Direction": "Forward", "Index Name": "movie_id_movie_link", "Relation Name": "movie_link", "Alias": "ml", "Startup Cost": 0.0, "Total Cost": 0.35, "Plan Rows": 5, "Plan Width": 12, "Actual Startup Time": 0.006, "Actual Total Time": 0.006, "Actual Rows": 0, "Actual Loops": 1, "Index Cond": "(movie_id = t1.id)", "Rows Removed by Index Recheck": 0}]}, {"Node Type": "Index Scan", "Parent Relationship": "Inner", "Scan Direction": "Forward", "Index Name": "link_type_pkey", "Relation Name": "link_type", "Alias": "lt", "Startup Cost": 0.0, "Total Cost": 0.27, "Plan Rows": 1, "Plan Width": 16, "Actual Startup Time": 0.0, "Actual Total Time": 0.0, "Index Cond": "(id = ml.link_type_id)", "Rows Removed by Index Recheck": 0}]}, {"Node Type": "Index Scan", "Parent Relationship": "Inner", "Scan Direction": "Forward", "Index Name": "title_pkey", "Relation Name": "title", "Alias": "t2", "Startup Cost": 0.0, "Total Cost": 4.3, "Plan Rows": 1, "Plan Width": 21, "Actual Startup Time": 0.0, "Actual Total Time": 0.0, "Index Cond": "(id = ml.linked_movie_id)", "Rows Removed by Index Recheck": 0}]}]}, "Triggers": [], "Planner Runtime": 2, "Total Runtime": 115.266, "Unique SQL Id": 524435555}}, "(64, 102)": {"explain_plan": {"Plan": {"Node Type": "Aggregate", "Strategy": "Plain", "Startup Cost": 3709.86, "Total Cost": 3709.87, "Plan Rows": 1, "Plan Width": 142, "Plans": [{"Node Type": "Nested Loop", "Parent Relationship": "Outer", "Join Type": "Inner", "Startup Cost": 7.93, "Total Cost": 3708.7, "Plan Rows": 154, "Plan Width": 46, "Inner Unique": true, "Plans": [{"Node Type": "Hash Join", "Parent Relationship": "Outer", "Join Type": "Inner", "Startup Cost": 6.44, "Total Cost": 2859.52, "Plan Rows": 154, "Plan Width": 33, "Inner Unique": true, "Hash Cond": "(ml.link_type_id = lt.id)", "Plans": [{"Node Type": "Nested Loop", "Parent Relationship": "Outer", "Join Type": "Inner", "Startup Cost": 5.06, "Total Cost": 2856.2, "Plan Rows": 154, "Plan Width": 25, "Inner Unique": false, "Join Filter": "(t1.id = ml.movie_id)", "Plans": [{"Node Type": "Nested Loop", "Parent Relationship": "Outer", "Join Type": "Inner", "Startup Cost": 4.77, "Total Cost": 2710.54, "Plan Rows": 33, "Plan Width": 25, "Inner Unique": true, "Plans": [{"Node Type": "Nested Loop", "Parent Relationship": "Outer", "Join Type": "Inner", "Startup Cost": 4.51, "Total Cost": 2569.02, "Plan Rows": 33, "Plan Width": 4, "Inner Unique": false, "Plans": [{"Node Type": "Seq Scan", "Parent Relationship": "Outer", "Relation Name": "keyword", "Alias": "k", "Startup Cost": 0.0, "Total Cost": 2436.11, "Plan Rows": 1, "Plan Width": 4, "Filter": "((keyword)::text = '10,000-mile-club'::text)"}, {"Node Type": "Bitmap Heap Scan", "Parent Relationship": "Inner", "Relation Name": "movie_keyword", "Alias": "mk", "Startup Cost": 4.51, "Total Cost": 132.58, "Plan Rows": 33, "Plan Width": 8, "Recheck Cond": "(keyword_id = k.id)", "Plans": [{"Node Type": "Bitmap Index Scan", "Parent Relationship": "Outer", "Index Name": "keyword_id_movie_keyword", "Startup Cost": 0.0, "Total Cost": 4.5, "Plan Rows": 33, "Plan Width": 0, "Index Cond": "(keyword_id = k.id)"}]}]}, {"Node Type": "Bitmap Heap Scan", "Parent Relationship": "Inner", "Relation Name": "title", "Alias": "t1", "Startup Cost": 0.27, "Total Cost": 4.28, "Plan Rows": 1, "Plan Width": 21, "Recheck Cond": "(id = mk.movie_id)", "Plans": [{"Node Type": "Bitmap Index Scan", "Parent Relationship": "Outer", "Index Name": "title_pkey", "Startup Cost": 0.0, "Total Cost": 0.27, "Plan Rows": 1, "Plan Width": 0, "Index Cond": "(id = mk.movie_id)"}]}]}, {"Node Type": "Bitmap Heap Scan", "Parent Relationship": "Inner", "Relation Name": "movie_link", "Alias": "ml", "Startup Cost": 0.29, "Total Cost": 4.35, "Plan Rows": 5, "Plan Width": 12, "Recheck Cond": "(movie_id = mk.movie_id)", "Plans": [{"Node Type": "Bitmap Index Scan", "Parent Relationship": "Outer", "Index Name": "movie_id_movie_link", "Startup Cost": 0.0, "Total Cost": 0.29, "Plan Rows": 5, "Plan Width": 0, "Index Cond": "(movie_id = mk.movie_id)"}]}]}, {"Node Type": "Hash", "Parent Relationship": "Inner", "Startup Cost": 1.17, "Total Cost": 1.17, "Plan Rows": 17, "Plan Width": 16, "Plans": [{"Node Type": "Seq Scan", "Parent Relationship": "Outer", "Relation Name": "link_type", "Alias": "lt", "Startup Cost": 0.0, "Total Cost": 1.17, "Plan Rows": 17, "Plan Width": 16}]}]}, {"Node Type": "Bitmap Heap Scan", "Parent Relationship": "Inner", "Relation Name": "title", "Alias": "t2", "Startup Cost": 1.49, "Total Cost": 5.5, "Plan Rows": 1, "Plan Width": 21, "Recheck Cond": "(id = ml.linked_movie_id)", "Plans": [{"Node Type": "Bitmap Index Scan", "Parent Relationship": "Outer", "Index Name": "title_pkey", "Startup Cost": 0.0, "Total Cost": 1.49, "Plan Rows": 1, "Plan Width": 0, "Index Cond": "(id = ml.linked_movie_id)"}]}]}]}, "Unique SQL Id": 524435555, "Planner Runtime": 7}, "explain_analyze_plan": {"Plan": {"Node Type": "Aggregate", "Strategy": "Plain", "Startup Cost": 3709.86, "Total Cost": 3709.87, "Plan Rows": 1, "Plan Width": 142, "Actual Startup Time": 40.984, "Actual Total Time": 40.985, "Actual Rows": 1, "Actual Loops": 1, "Plans": [{"Node Type": "Nested Loop", "Parent Relationship": "Outer", "Join Type": "Inner", "Startup Cost": 7.93, "Total Cost": 3708.7, "Plan Rows": 154, "Plan Width": 46, "Actual Startup Time": 40.979, "Actual Total Time": 40.979, "Actual Rows": 0, "Actual Loops": 1, "Inner Unique": true, "Plans": [{"Node Type": "Hash Join", "Parent Relationship": "Outer", "Join Type": "Inner", "Startup Cost": 6.44, "Total Cost": 2859.52, "Plan Rows": 154, "Plan Width": 33, "Actual Startup Time": 40.951, "Actual Total Time": 40.951, "Actual Rows": 0, "Actual Loops": 1, "Inner Unique": true, "Hash Cond": "(ml.link_type_id = lt.id)", "Plans": [{"Node Type": "Nested Loop", "Parent Relationship": "Outer", "Join Type": "Inner", "Startup Cost": 5.06, "Total Cost": 2856.2, "Plan Rows": 154, "Plan Width": 25, "Actual Startup Time": 40.887, "Actual Total Time": 40.887, "Actual Rows": 0, "Actual Loops": 1, "Inner Unique": false, "Join Filter": "(t1.id = ml.movie_id)", "Rows Removed by Join Filter": 0, "Plans": [{"Node Type": "Nested Loop", "Parent Relationship": "Outer", "Join Type": "Inner", "Startup Cost": 4.77, "Total Cost": 2710.54, "Plan Rows": 33, "Plan Width": 25, "Actual Startup Time": 40.006, "Actual Total Time": 40.875, "Actual Rows": 1, "Actual Loops": 1, "Inner Unique": true, "Plans": [{"Node Type": "Nested Loop", "Parent Relationship": "Outer", "Join Type": "Inner", "Startup Cost": 4.51, "Total Cost": 2569.02, "Plan Rows": 33, "Plan Width": 4, "Actual Startup Time": 39.991, "Actual Total Time": 40.859, "Actual Rows": 1, "Actual Loops": 1, "Inner Unique": false, "Plans": [{"Node Type": "Seq Scan", "Parent Relationship": "Outer", "Relation Name": "keyword", "Alias": "k", "Startup Cost": 0.0, "Total Cost": 2436.11, "Plan Rows": 1, "Plan Width": 4, "Actual Startup Time": 39.951, "Actual Total Time": 40.817, "Actual Rows": 1, "Actual Loops": 1, "Filter": "((keyword)::text = '10,000-mile-club'::text)", "Rows Removed by Filter": 134168}, {"Node Type": "Bitmap Heap Scan", "Parent Relationship": "Inner", "Relation Name": "movie_keyword", "Alias": "mk", "Startup Cost": 4.51, "Total Cost": 132.58, "Plan Rows": 33, "Plan Width": 8, "Actual Startup Time": 0.03, "Actual Total Time": 0.031, "Actual Rows": 1, "Actual Loops": 1, "Recheck Cond": "(keyword_id = k.id)", "Rows Removed by Index Recheck": 0, "Exact Heap Blocks": 1, "Lossy Heap Blocks": 1, "Plans": [{"Node Type": "Bitmap Index Scan", "Parent Relationship": "Outer", "Index Name": "keyword_id_movie_keyword", "Startup Cost": 0.0, "Total Cost": 4.5, "Plan Rows": 33, "Plan Width": 0, "Actual Startup Time": 0.019, "Actual Total Time": 0.019, "Actual Rows": 1, "Actual Loops": 1, "Index Cond": "(keyword_id = k.id)"}]}]}, {"Node Type": "Bitmap Heap Scan", "Parent Relationship": "Inner", "Relation Name": "title", "Alias": "t1", "Startup Cost": 0.27, "Total Cost": 4.28, "Plan Rows": 1, "Plan Width": 21, "Actual Startup Time": 0.011, "Actual Total Time": 0.011, "Actual Rows": 1, "Actual Loops": 1, "Recheck Cond": "(id = mk.movie_id)", "Rows Removed by Index Recheck": 0, "Exact Heap Blocks": 1, "Lossy Heap Blocks": 1, "Plans": [{"Node Type": "Bitmap Index Scan", "Parent Relationship": "Outer", "Index Name": "title_pkey", "Startup Cost": 0.0, "Total Cost": 0.27, "Plan Rows": 1, "Plan Width": 0, "Actual Startup Time": 0.007, "Actual Total Time": 0.007, "Actual Rows": 1, "Actual Loops": 1, "Index Cond": "(id = mk.movie_id)"}]}]}, {"Node Type": "Bitmap Heap Scan", "Parent Relationship": "Inner", "Relation Name": "movie_link", "Alias": "ml", "Startup Cost": 0.29, "Total Cost": 4.35, "Plan Rows": 5, "Plan Width": 12, "Actual Startup Time": 0.01, "Actual Total Time": 0.01, "Actual Rows": 0, "Actual Loops": 1, "Recheck Cond": "(movie_id = mk.movie_id)", "Rows Removed by Index Recheck": 0, "Exact Heap Blocks": 0, "Lossy Heap Blocks": 0, "Plans": [{"Node Type": "Bitmap Index Scan", "Parent Relationship": "Outer", "Index Name": "movie_id_movie_link", "Startup Cost": 0.0, "Total Cost": 0.29, "Plan Rows": 5, "Plan Width": 0, "Actual Startup Time": 0.005, "Actual Total Time": 0.005, "Actual Rows": 0, "Actual Loops": 1, "Index Cond": "(movie_id = mk.movie_id)"}]}]}, {"Node Type": "Hash", "Parent Relationship": "Inner", "Startup Cost": 1.17, "Total Cost": 1.17, "Plan Rows": 17, "Plan Width": 16, "Actual Startup Time": 0.027, "Actual Total Time": 0.027, "Actual Rows": 17, "Actual Loops": 1, "Hash Buckets": 32768, "Hash Batches": 1, "Original Hash Batches": 1, "Peak Memory Usage": 1, "Plans": [{"Node Type": "Seq Scan", "Parent Relationship": "Outer", "Relation Name": "link_type", "Alias": "lt", "Startup Cost": 0.0, "Total Cost": 1.17, "Plan Rows": 17, "Plan Width": 16, "Actual Startup Time": 0.01, "Actual Total Time": 0.013, "Actual Rows": 17, "Actual Loops": 1}]}]}, {"Node Type": "Bitmap Heap Scan", "Parent Relationship": "Inner", "Relation Name": "title", "Alias": "t2", "Startup Cost": 1.49, "Total Cost": 5.5, "Plan Rows": 1, "Plan Width": 21, "Actual Startup Time": 0.0, "Actual Total Time": 0.0, "Recheck Cond": "(id = ml.linked_movie_id)", "Rows Removed by Index Recheck": 0, "Exact Heap Blocks": 0, "Lossy Heap Blocks": 0, "Plans": [{"Node Type": "Bitmap Index Scan", "Parent Relationship": "Outer", "Index Name": "title_pkey", "Startup Cost": 0.0, "Total Cost": 1.49, "Plan Rows": 1, "Plan Width": 0, "Actual Startup Time": 0.0, "Actual Total Time": 0.0, "Index Cond": "(id = ml.linked_movie_id)"}]}]}]}, "Triggers": [], "Planner Runtime": 7, "Total Runtime": 41.244, "Unique SQL Id": 524435555}}, "(64, 103)": {"explain_plan": {"Plan": {"Node Type": "Aggregate", "Strategy": "Plain", "Startup Cost": 4440.29, "Total Cost": 4440.3, "Plan Rows": 1, "Plan Width": 142, "Plans": [{"Node Type": "Nested Loop", "Parent Relationship": "Outer", "Join Type": "Inner", "Startup Cost": 738.37, "Total Cost": 4439.14, "Plan Rows": 154, "Plan Width": 46, "Inner Unique": true, "Plans": [{"Node Type": "Hash Join", "Parent Relationship": "Outer", "Join Type": "Inner", "Startup Cost": 736.88, "Total Cost": 3589.96, "Plan Rows": 154, "Plan Width": 33, "Inner Unique": true, "Hash Cond": "(ml.link_type_id = lt.id)", "Plans": [{"Node Type": "Nested Loop", "Parent Relationship": "Outer", "Join Type": "Inner", "Startup Cost": 724.16, "Total Cost": 3575.3, "Plan Rows": 154, "Plan Width": 25, "Inner Unique": false, "Join Filter": "(t1.id = ml.movie_id)", "Plans": [{"Node Type": "Nested Loop", "Parent Relationship": "Outer", "Join Type": "Inner", "Startup Cost": 723.87, "Total Cost": 3429.64, "Plan Rows": 33, "Plan Width": 25, "Inner Unique": true, "Plans": [{"Node Type": "Nested Loop", "Parent Relationship": "Outer", "Join Type": "Inner", "Startup Cost": 723.6, "Total Cost": 3288.12, "Plan Rows": 33, "Plan Width": 4, "Inner Unique": false, "Plans": [{"Node Type": "Bitmap Heap Scan", "Parent Relationship": "Outer", "Relation Name": "keyword", "Alias": "k", "Startup Cost": 719.1, "Total Cost": 3155.21, "Plan Rows": 1, "Plan Width": 4, "Filter": "((keyword)::text = '10,000-mile-club'::text)", "Plans": [{"Node Type": "Bitmap Index Scan", "Parent Relationship": "Outer", "Index Name": "keyword_pkey", "Startup Cost": 0.0, "Total Cost": 719.1, "Plan Rows": 134169, "Plan Width": 0}]}, {"Node Type": "Bitmap Heap Scan", "Parent Relationship": "Inner", "Relation Name": "movie_keyword", "Alias": "mk", "Startup Cost": 4.51, "Total Cost": 132.58, "Plan Rows": 33, "Plan Width": 8, "Recheck Cond": "(keyword_id = k.id)", "Plans": [{"Node Type": "Bitmap Index Scan", "Parent Relationship": "Outer", "Index Name": "keyword_id_movie_keyword", "Startup Cost": 0.0, "Total Cost": 4.5, "Plan Rows": 33, "Plan Width": 0, "Index Cond": "(keyword_id = k.id)"}]}]}, {"Node Type": "Bitmap Heap Scan", "Parent Relationship": "Inner", "Relation Name": "title", "Alias": "t1", "Startup Cost": 0.27, "Total Cost": 4.28, "Plan Rows": 1, "Plan Width": 21, "Recheck Cond": "(id = mk.movie_id)", "Plans": [{"Node Type": "Bitmap Index Scan", "Parent Relationship": "Outer", "Index Name": "title_pkey", "Startup Cost": 0.0, "Total Cost": 0.27, "Plan Rows": 1, "Plan Width": 0, "Index Cond": "(id = mk.movie_id)"}]}]}, {"Node Type": "Bitmap Heap Scan", "Parent Relationship": "Inner", "Relation Name": "movie_link", "Alias": "ml", "Startup Cost": 0.29, "Total Cost": 4.35, "Plan Rows": 5, "Plan Width": 12, "Recheck Cond": "(movie_id = mk.movie_id)", "Plans": [{"Node Type": "Bitmap Index Scan", "Parent Relationship": "Outer", "Index Name": "movie_id_movie_link", "Startup Cost": 0.0, "Total Cost": 0.29, "Plan Rows": 5, "Plan Width": 0, "Index Cond": "(movie_id = mk.movie_id)"}]}]}, {"Node Type": "Hash", "Parent Relationship": "Inner", "Startup Cost": 12.51, "Total Cost": 12.51, "Plan Rows": 17, "Plan Width": 16, "Plans": [{"Node Type": "Bitmap Heap Scan", "Parent Relationship": "Outer", "Relation Name": "link_type", "Alias": "lt", "Startup Cost": 8.34, "Total Cost": 12.51, "Plan Rows": 17, "Plan Width": 16, "Plans": [{"Node Type": "Bitmap Index Scan", "Parent Relationship": "Outer", "Index Name": "link_type_pkey", "Startup Cost": 0.0, "Total Cost": 8.34, "Plan Rows": 17, "Plan Width": 0}]}]}]}, {"Node Type": "Bitmap Heap Scan", "Parent Relationship": "Inner", "Relation Name": "title", "Alias": "t2", "Startup Cost": 1.49, "Total Cost": 5.5, "Plan Rows": 1, "Plan Width": 21, "Recheck Cond": "(id = ml.linked_movie_id)", "Plans": [{"Node Type": "Bitmap Index Scan", "Parent Relationship": "Outer", "Index Name": "title_pkey", "Startup Cost": 0.0, "Total Cost": 1.49, "Plan Rows": 1, "Plan Width": 0, "Index Cond": "(id = ml.linked_movie_id)"}]}]}]}, "Unique SQL Id": 524435555, "Planner Runtime": 7}, "explain_analyze_plan": {"Plan": {"Node Type": "Aggregate", "Strategy": "Plain", "Startup Cost": 4440.29, "Total Cost": 4440.3, "Plan Rows": 1, "Plan Width": 142, "Actual Startup Time": 62.07, "Actual Total Time": 62.07, "Actual Rows": 1, "Actual Loops": 1, "Plans": [{"Node Type": "Nested Loop", "Parent Relationship": "Outer", "Join Type": "Inner", "Startup Cost": 738.37, "Total Cost": 4439.14, "Plan Rows": 154, "Plan Width": 46, "Actual Startup Time": 62.064, "Actual Total Time": 62.064, "Actual Rows": 0, "Actual Loops": 1, "Inner Unique": true, "Plans": [{"Node Type": "Hash Join", "Parent Relationship": "Outer", "Join Type": "Inner", "Startup Cost": 736.88, "Total Cost": 3589.96, "Plan Rows": 154, "Plan Width": 33, "Actual Startup Time": 62.038, "Actual Total Time": 62.038, "Actual Rows": 0, "Actual Loops": 1, "Inner Unique": true, "Hash Cond": "(ml.link_type_id = lt.id)", "Plans": [{"Node Type": "Nested Loop", "Parent Relationship": "Outer", "Join Type": "Inner", "Startup Cost": 724.16, "Total Cost": 3575.3, "Plan Rows": 154, "Plan Width": 25, "Actual Startup Time": 61.97, "Actual Total Time": 61.97, "Actual Rows": 0, "Actual Loops": 1, "Inner Unique": false, "Join Filter": "(t1.id = ml.movie_id)", "Rows Removed by Join Filter": 0, "Plans": [{"Node Type": "Nested Loop", "Parent Relationship": "Outer", "Join Type": "Inner", "Startup Cost": 723.87, "Total Cost": 3429.64, "Plan Rows": 33, "Plan Width": 25, "Actual Startup Time": 60.895, "Actual Total Time": 61.961, "Actual Rows": 1, "Actual Loops": 1, "Inner Unique": true, "Plans": [{"Node Type": "Nested Loop", "Parent Relationship": "Outer", "Join Type": "Inner", "Startup Cost": 723.6, "Total Cost": 3288.12, "Plan Rows": 33, "Plan Width": 4, "Actual Startup Time": 60.881, "Actual Total Time": 61.947, "Actual Rows": 1, "Actual Loops": 1, "Inner Unique": false, "Plans": [{"Node Type": "Bitmap Heap Scan", "Parent Relationship": "Outer", "Relation Name": "keyword", "Alias": "k", "Startup Cost": 719.1, "Total Cost": 3155.21, "Plan Rows": 1, "Plan Width": 4, "Actual Startup Time": 60.839, "Actual Total Time": 61.903, "Actual Rows": 1, "Actual Loops": 1, "Filter": "((keyword)::text = '10,000-mile-club'::text)", "Rows Removed by Filter": 134168, "Exact Heap Blocks": 759, "Lossy Heap Blocks": 759, "Plans": [{"Node Type": "Bitmap Index Scan", "Parent Relationship": "Outer", "Index Name": "keyword_pkey", "Startup Cost": 0.0, "Total Cost": 719.1, "Plan Rows": 134169, "Plan Width": 0, "Actual Startup Time": 11.71, "Actual Total Time": 11.71, "Actual Rows": 134169, "Actual Loops": 1}]}, {"Node Type": "Bitmap Heap Scan", "Parent Relationship": "Inner", "Relation Name": "movie_keyword", "Alias": "mk", "Startup Cost": 4.51, "Total Cost": 132.58, "Plan Rows": 33, "Plan Width": 8, "Actual Startup Time": 0.029, "Actual Total Time": 0.029, "Actual Rows": 1, "Actual Loops": 1, "Recheck Cond": "(keyword_id = k.id)", "Rows Removed by Index Recheck": 0, "Exact Heap Blocks": 1, "Lossy Heap Blocks": 1, "Plans": [{"Node Type": "Bitmap Index Scan", "Parent Relationship": "Outer", "Index Name": "keyword_id_movie_keyword", "Startup Cost": 0.0, "Total Cost": 4.5, "Plan Rows": 33, "Plan Width": 0, "Actual Startup Time": 0.02, "Actual Total Time": 0.02, "Actual Rows": 1, "Actual Loops": 1, "Index Cond": "(keyword_id = k.id)"}]}]}, {"Node Type": "Bitmap Heap Scan", "Parent Relationship": "Inner", "Relation Name": "title", "Alias": "t1", "Startup Cost": 0.27, "Total Cost": 4.28, "Plan Rows": 1, "Plan Width": 21, "Actual Startup Time": 0.011, "Actual Total Time": 0.011, "Actual Rows": 1, "Actual Loops": 1, "Recheck Cond": "(id = mk.movie_id)", "Rows Removed by Index Recheck": 0, "Exact Heap Blocks": 1, "Lossy Heap Blocks": 1, "Plans": [{"Node Type": "Bitmap Index Scan", "Parent Relationship": "Outer", "Index Name": "title_pkey", "Startup Cost": 0.0, "Total Cost": 0.27, "Plan Rows": 1, "Plan Width": 0, "Actual Startup Time": 0.007, "Actual Total Time": 0.007, "Actual Rows": 1, "Actual Loops": 1, "Index Cond": "(id = mk.movie_id)"}]}]}, {"Node Type": "Bitmap Heap Scan", "Parent Relationship": "Inner", "Relation Name": "movie_link", "Alias": "ml", "Startup Cost": 0.29, "Total Cost": 4.35, "Plan Rows": 5, "Plan Width": 12, "Actual Startup Time": 0.006, "Actual Total Time": 0.006, "Actual Rows": 0, "Actual Loops": 1, "Recheck Cond": "(movie_id = mk.movie_id)", "Rows Removed by Index Recheck": 0, "Exact Heap Blocks": 0, "Lossy Heap Blocks": 0, "Plans": [{"Node Type": "Bitmap Index Scan", "Parent Relationship": "Outer", "Index Name": "movie_id_movie_link", "Startup Cost": 0.0, "Total Cost": 0.29, "Plan Rows": 5, "Plan Width": 0, "Actual Startup Time": 0.003, "Actual Total Time": 0.003, "Actual Rows": 0, "Actual Loops": 1, "Index Cond": "(movie_id = mk.movie_id)"}]}]}, {"Node Type": "Hash", "Parent Relationship": "Inner", "Startup Cost": 12.51, "Total Cost": 12.51, "Plan Rows": 17, "Plan Width": 16, "Actual Startup Time": 0.033, "Actual Total Time": 0.033, "Actual Rows": 17, "Actual Loops": 1, "Hash Buckets": 32768, "Hash Batches": 1, "Original Hash Batches": 1, "Peak Memory Usage": 1, "Plans": [{"Node Type": "Bitmap Heap Scan", "Parent Relationship": "Outer", "Relation Name": "link_type", "Alias": "lt", "Startup Cost": 8.34, "Total Cost": 12.51, "Plan Rows": 17, "Plan Width": 16, "Actual Startup Time": 0.018, "Actual Total Time": 0.023, "Actual Rows": 17, "Actual Loops": 1, "Exact Heap Blocks": 1, "Lossy Heap Blocks": 1, "Plans": [{"Node Type": "Bitmap Index Scan", "Parent Relationship": "Outer", "Index Name": "link_type_pkey", "Startup Cost": 0.0, "Total Cost": 8.34, "Plan Rows": 17, "Plan Width": 0, "Actual Startup Time": 0.007, "Actual Total Time": 0.007, "Actual Rows": 17, "Actual Loops": 1}]}]}]}, {"Node Type": "Bitmap Heap Scan", "Parent Relationship": "Inner", "Relation Name": "title", "Alias": "t2", "Startup Cost": 1.49, "Total Cost": 5.5, "Plan Rows": 1, "Plan Width": 21, "Actual Startup Time": 0.0, "Actual Total Time": 0.0, "Recheck Cond": "(id = ml.linked_movie_id)", "Rows Removed by Index Recheck": 0, "Exact Heap Blocks": 0, "Lossy Heap Blocks": 0, "Plans": [{"Node Type": "Bitmap Index Scan", "Parent Relationship": "Outer", "Index Name": "title_pkey", "Startup Cost": 0.0, "Total Cost": 1.49, "Plan Rows": 1, "Plan Width": 0, "Actual Startup Time": 0.0, "Actual Total Time": 0.0, "Index Cond": "(id = ml.linked_movie_id)"}]}]}]}, "Triggers": [], "Planner Runtime": 7, "Total Runtime": 62.334, "Unique SQL Id": 524435555}}, "(64, 104)": {"explain_plan": {"Plan": {"Node Type": "Aggregate", "Strategy": "Plain", "Startup Cost": 3265.11, "Total Cost": 3265.12, "Plan Rows": 1, "Plan Width": 142, "Plans": [{"Node Type": "Nested Loop", "Parent Relationship": "Outer", "Join Type": "Inner", "Startup Cost": 1.38, "Total Cost": 3263.96, "Plan Rows": 154, "Plan Width": 46, "Inner Unique": true, "Plans": [{"Node Type": "Hash Join", "Parent Relationship": "Outer", "Join Type": "Inner", "Startup Cost": 1.38, "Total Cost": 2600.38, "Plan Rows": 154, "Plan Width": 33, "Inner Unique": true, "Hash Cond": "(ml.link_type_id = lt.id)", "Plans": [{"Node Type": "Nested Loop", "Parent Relationship": "Outer", "Join Type": "Inner", "Startup Cost": 0.0, "Total Cost": 2597.06, "Plan Rows": 154, "Plan Width": 25, "Inner Unique": false, "Plans": [{"Node Type": "Nested Loop", "Parent Relationship": "Outer", "Join Type": "Inner", "Startup Cost": 0.0, "Total Cost": 2583.84, "Plan Rows": 33, "Plan Width": 25, "Inner Unique": true, "Plans": [{"Node Type": "Nested Loop", "Parent Relationship": "Outer", "Join Type": "Inner", "Startup Cost": 0.0, "Total Cost": 2573.32, "Plan Rows": 33, "Plan Width": 4, "Inner Unique": false, "Plans": [{"Node Type": "Seq Scan", "Parent Relationship": "Outer", "Relation Name": "keyword", "Alias": "k", "Startup Cost": 0.0, "Total Cost": 2436.11, "Plan Rows": 1, "Plan Width": 4, "Filter": "((keyword)::text = '10,000-mile-club'::text)"}, {"Node Type": "Index Scan", "Parent Relationship": "Inner", "Scan Direction": "Forward", "Index Name": "keyword_id_movie_keyword", "Relation Name": "movie_keyword", "Alias": "mk", "Startup Cost": 0.0, "Total Cost": 136.88, "Plan Rows": 33, "Plan Width": 8, "Index Cond": "(keyword_id = k.id)"}]}, {"Node Type": "Index Scan", "Parent Relationship": "Inner", "Scan Direction": "Forward", "Index Name": "title_pkey", "Relation Name": "title", "Alias": "t1", "Startup Cost": 0.0, "Total Cost": 0.31, "Plan Rows": 1, "Plan Width": 21, "Index Cond": "(id = mk.movie_id)"}]}, {"Node Type": "Index Scan", "Parent Relationship": "Inner", "Scan Direction": "Forward", "Index Name": "movie_id_movie_link", "Relation Name": "movie_link", "Alias": "ml", "Startup Cost": 0.0, "Total Cost": 0.35, "Plan Rows": 5, "Plan Width": 12, "Index Cond": "(movie_id = t1.id)"}]}, {"Node Type": "Hash", "Parent Relationship": "Inner", "Startup Cost": 1.17, "Total Cost": 1.17, "Plan Rows": 17, "Plan Width": 16, "Plans": [{"Node Type": "Seq Scan", "Parent Relationship": "Outer", "Relation Name": "link_type", "Alias": "lt", "Startup Cost": 0.0, "Total Cost": 1.17, "Plan Rows": 17, "Plan Width": 16}]}]}, {"Node Type": "Index Scan", "Parent Relationship": "Inner", "Scan Direction": "Forward", "Index Name": "title_pkey", "Relation Name": "title", "Alias": "t2", "Startup Cost": 0.0, "Total Cost": 4.3, "Plan Rows": 1, "Plan Width": 21, "Index Cond": "(id = ml.linked_movie_id)"}]}]}, "Unique SQL Id": 524435555, "Planner Runtime": 7}, "explain_analyze_plan": {"Plan": {"Node Type": "Aggregate", "Strategy": "Plain", "Startup Cost": 3265.11, "Total Cost": 3265.12, "Plan Rows": 1, "Plan Width": 142, "Actual Startup Time": 40.59, "Actual Total Time": 40.59, "Actual Rows": 1, "Actual Loops": 1, "Plans": [{"Node Type": "Nested Loop", "Parent Relationship": "Outer", "Join Type": "Inner", "Startup Cost": 1.38, "Total Cost": 3263.96, "Plan Rows": 154, "Plan Width": 46, "Actual Startup Time": 40.585, "Actual Total Time": 40.585, "Actual Rows": 0, "Actual Loops": 1, "Inner Unique": true, "Plans": [{"Node Type": "Hash Join", "Parent Relationship": "Outer", "Join Type": "Inner", "Startup Cost": 1.38, "Total Cost": 2600.38, "Plan Rows": 154, "Plan Width": 33, "Actual Startup Time": 40.584, "Actual Total Time": 40.584, "Actual Rows": 0, "Actual Loops": 1, "Inner Unique": true, "Hash Cond": "(ml.link_type_id = lt.id)", "Plans": [{"Node Type": "Nested Loop", "Parent Relationship": "Outer", "Join Type": "Inner", "Startup Cost": 0.0, "Total Cost": 2597.06, "Plan Rows": 154, "Plan Width": 25, "Actual Startup Time": 40.579, "Actual Total Time": 40.579, "Actual Rows": 0, "Actual Loops": 1, "Inner Unique": false, "Plans": [{"Node Type": "Nested Loop", "Parent Relationship": "Outer", "Join Type": "Inner", "Startup Cost": 0.0, "Total Cost": 2583.84, "Plan Rows": 33, "Plan Width": 25, "Actual Startup Time": 39.697, "Actual Total Time": 40.573, "Actual Rows": 1, "Actual Loops": 1, "Inner Unique": true, "Plans": [{"Node Type": "Nested Loop", "Parent Relationship": "Outer", "Join Type": "Inner", "Startup Cost": 0.0, "Total Cost": 2573.32, "Plan Rows": 33, "Plan Width": 4, "Actual Startup Time": 39.686, "Actual Total Time": 40.561, "Actual Rows": 1, "Actual Loops": 1, "Inner Unique": false, "Plans": [{"Node Type": "Seq Scan", "Parent Relationship": "Outer", "Relation Name": "keyword", "Alias": "k", "Startup Cost": 0.0, "Total Cost": 2436.11, "Plan Rows": 1, "Plan Width": 4, "Actual Startup Time": 39.658, "Actual Total Time": 40.531, "Actual Rows": 1, "Actual Loops": 1, "Filter": "((keyword)::text = '10,000-mile-club'::text)", "Rows Removed by Filter": 134168}, {"Node Type": "Index Scan", "Parent Relationship": "Inner", "Scan Direction": "Forward", "Index Name": "keyword_id_movie_keyword", "Relation Name": "movie_keyword", "Alias": "mk", "Startup Cost": 0.0, "Total Cost": 136.88, "Plan Rows": 33, "Plan Width": 8, "Actual Startup Time": 0.021, "Actual Total Time": 0.021, "Actual Rows": 1, "Actual Loops": 1, "Index Cond": "(keyword_id = k.id)", "Rows Removed by Index Recheck": 0}]}, {"Node Type": "Index Scan", "Parent Relationship": "Inner", "Scan Direction": "Forward", "Index Name": "title_pkey", "Relation Name": "title", "Alias": "t1", "Startup Cost": 0.0, "Total Cost": 0.31, "Plan Rows": 1, "Plan Width": 21, "Actual Startup Time": 0.009, "Actual Total Time": 0.009, "Actual Rows": 1, "Actual Loops": 1, "Index Cond": "(id = mk.movie_id)", "Rows Removed by Index Recheck": 0}]}, {"Node Type": "Index Scan", "Parent Relationship": "Inner", "Scan Direction": "Forward", "Index Name": "movie_id_movie_link", "Relation Name": "movie_link", "Alias": "ml", "Startup Cost": 0.0, "Total Cost": 0.35, "Plan Rows": 5, "Plan Width": 12, "Actual Startup Time": 0.003, "Actual Total Time": 0.003, "Actual Rows": 0, "Actual Loops": 1, "Index Cond": "(movie_id = t1.id)", "Rows Removed by Index Recheck": 0}]}, {"Node Type": "Hash", "Parent Relationship": "Inner", "Startup Cost": 1.17, "Total Cost": 1.17, "Plan Rows": 17, "Plan Width": 16, "Actual Startup Time": 0.0, "Actual Total Time": 0.0, "Hash Buckets": 0, "Hash Batches": 0, "Original Hash Batches": 0, "Peak Memory Usage": 0, "Plans": [{"Node Type": "Seq Scan", "Parent Relationship": "Outer", "Relation Name": "link_type", "Alias": "lt", "Startup Cost": 0.0, "Total Cost": 1.17, "Plan Rows": 17, "Plan Width": 16, "Actual Startup Time": 0.0, "Actual Total Time": 0.0}]}]}, {"Node Type": "Index Scan", "Parent Relationship": "Inner", "Scan Direction": "Forward", "Index Name": "title_pkey", "Relation Name": "title", "Alias": "t2", "Startup Cost": 0.0, "Total Cost": 4.3, "Plan Rows": 1, "Plan Width": 21, "Actual Startup Time": 0.0, "Actual Total Time": 0.0, "Index Cond": "(id = ml.linked_movie_id)", "Rows Removed by Index Recheck": 0}]}]}, "Triggers": [], "Planner Runtime": 7, "Total Runtime": 40.812, "Unique SQL Id": 524435555}}, "(64, 105)": {"explain_plan": {"Plan": {"Node Type": "Aggregate", "Strategy": "Plain", "Startup Cost": 4051.57, "Total Cost": 4051.58, "Plan Rows": 1, "Plan Width": 142, "Plans": [{"Node Type": "Nested Loop", "Parent Relationship": "Outer", "Join Type": "Inner", "Startup Cost": 0.0, "Total Cost": 4050.42, "Plan Rows": 154, "Plan Width": 46, "Inner Unique": true, "Plans": [{"Node Type": "Nested Loop", "Parent Relationship": "Outer", "Join Type": "Inner", "Startup Cost": 0.0, "Total Cost": 3386.84, "Plan Rows": 154, "Plan Width": 33, "Inner Unique": true, "Plans": [{"Node Type": "Nested Loop", "Parent Relationship": "Outer", "Join Type": "Inner", "Startup Cost": 0.0, "Total Cost": 3343.66, "Plan Rows": 154, "Plan Width": 25, "Inner Unique": false, "Plans": [{"Node Type": "Nested Loop", "Parent Relationship": "Outer", "Join Type": "Inner", "Startup Cost": 0.0, "Total Cost": 3330.45, "Plan Rows": 33, "Plan Width": 25, "Inner Unique": true, "Plans": [{"Node Type": "Nested Loop", "Parent Relationship": "Outer", "Join Type": "Inner", "Startup Cost": 0.0, "Total Cost": 3319.92, "Plan Rows": 33, "Plan Width": 4, "Inner Unique": false, "Plans": [{"Node Type": "Index Scan", "Parent Relationship": "Outer", "Scan Direction": "Forward", "Index Name": "keyword_pkey", "Relation Name": "keyword", "Alias": "k", "Startup Cost": 0.0, "Total Cost": 3182.72, "Plan Rows": 1, "Plan Width": 4, "Filter": "((keyword)::text = '10,000-mile-club'::text)"}, {"Node Type": "Index Scan", "Parent Relationship": "Inner", "Scan Direction": "Forward", "Index Name": "keyword_id_movie_keyword", "Relation Name": "movie_keyword", "Alias": "mk", "Startup Cost": 0.0, "Total Cost": 136.88, "Plan Rows": 33, "Plan Width": 8, "Index Cond": "(keyword_id = k.id)"}]}, {"Node Type": "Index Scan", "Parent Relationship": "Inner", "Scan Direction": "Forward", "Index Name": "title_pkey", "Relation Name": "title", "Alias": "t1", "Startup Cost": 0.0, "Total Cost": 0.31, "Plan Rows": 1, "Plan Width": 21, "Index Cond": "(id = mk.movie_id)"}]}, {"Node Type": "Index Scan", "Parent Relationship": "Inner", "Scan Direction": "Forward", "Index Name": "movie_id_movie_link", "Relation Name": "movie_link", "Alias": "ml", "Startup Cost": 0.0, "Total Cost": 0.35, "Plan Rows": 5, "Plan Width": 12, "Index Cond": "(movie_id = t1.id)"}]}, {"Node Type": "Index Scan", "Parent Relationship": "Inner", "Scan Direction": "Forward", "Index Name": "link_type_pkey", "Relation Name": "link_type", "Alias": "lt", "Startup Cost": 0.0, "Total Cost": 0.27, "Plan Rows": 1, "Plan Width": 16, "Index Cond": "(id = ml.link_type_id)"}]}, {"Node Type": "Index Scan", "Parent Relationship": "Inner", "Scan Direction": "Forward", "Index Name": "title_pkey", "Relation Name": "title", "Alias": "t2", "Startup Cost": 0.0, "Total Cost": 4.3, "Plan Rows": 1, "Plan Width": 21, "Index Cond": "(id = ml.linked_movie_id)"}]}]}, "Unique SQL Id": 524435555, "Planner Runtime": 3}, "explain_analyze_plan": {"Plan": {"Node Type": "Aggregate", "Strategy": "Plain", "Startup Cost": 4051.57, "Total Cost": 4051.58, "Plan Rows": 1, "Plan Width": 142, "Actual Startup Time": 112.659, "Actual Total Time": 112.659, "Actual Rows": 1, "Actual Loops": 1, "Plans": [{"Node Type": "Nested Loop", "Parent Relationship": "Outer", "Join Type": "Inner", "Startup Cost": 0.0, "Total Cost": 4050.42, "Plan Rows": 154, "Plan Width": 46, "Actual Startup Time": 112.653, "Actual Total Time": 112.653, "Actual Rows": 0, "Actual Loops": 1, "Inner Unique": true, "Plans": [{"Node Type": "Nested Loop", "Parent Relationship": "Outer", "Join Type": "Inner", "Startup Cost": 0.0, "Total Cost": 3386.84, "Plan Rows": 154, "Plan Width": 33, "Actual Startup Time": 112.653, "Actual Total Time": 112.653, "Actual Rows": 0, "Actual Loops": 1, "Inner Unique": true, "Plans": [{"Node Type": "Nested Loop", "Parent Relationship": "Outer", "Join Type": "Inner", "Startup Cost": 0.0, "Total Cost": 3343.66, "Plan Rows": 154, "Plan Width": 25, "Actual Startup Time": 112.652, "Actual Total Time": 112.652, "Actual Rows": 0, "Actual Loops": 1, "Inner Unique": false, "Plans": [{"Node Type": "Nested Loop", "Parent Relationship": "Outer", "Join Type": "Inner", "Startup Cost": 0.0, "Total Cost": 3330.45, "Plan Rows": 33, "Plan Width": 25, "Actual Startup Time": 110.792, "Actual Total Time": 112.645, "Actual Rows": 1, "Actual Loops": 1, "Inner Unique": true, "Plans": [{"Node Type": "Nested Loop", "Parent Relationship": "Outer", "Join Type": "Inner", "Startup Cost": 0.0, "Total Cost": 3319.92, "Plan Rows": 33, "Plan Width": 4, "Actual Startup Time": 110.781, "Actual Total Time": 112.634, "Actual Rows": 1, "Actual Loops": 1, "Inner Unique": false, "Plans": [{"Node Type": "Index Scan", "Parent Relationship": "Outer", "Scan Direction": "Forward", "Index Name": "keyword_pkey", "Relation Name": "keyword", "Alias": "k", "Startup Cost": 0.0, "Total Cost": 3182.72, "Plan Rows": 1, "Plan Width": 4, "Actual Startup Time": 110.759, "Actual Total Time": 112.61, "Actual Rows": 1, "Actual Loops": 1, "Filter": "((keyword)::text = '10,000-mile-club'::text)", "Rows Removed by Filter": 134168}, {"Node Type": "Index Scan", "Parent Relationship": "Inner", "Scan Direction": "Forward", "Index Name": "keyword_id_movie_keyword", "Relation Name": "movie_keyword", "Alias": "mk", "Startup Cost": 0.0, "Total Cost": 136.88, "Plan Rows": 33, "Plan Width": 8, "Actual Startup Time": 0.014, "Actual Total Time": 0.015, "Actual Rows": 1, "Actual Loops": 1, "Index Cond": "(keyword_id = k.id)", "Rows Removed by Index Recheck": 0}]}, {"Node Type": "Index Scan", "Parent Relationship": "Inner", "Scan Direction": "Forward", "Index Name": "title_pkey", "Relation Name": "title", "Alias": "t1", "Startup Cost": 0.0, "Total Cost": 0.31, "Plan Rows": 1, "Plan Width": 21, "Actual Startup Time": 0.009, "Actual Total Time": 0.009, "Actual Rows": 1, "Actual Loops": 1, "Index Cond": "(id = mk.movie_id)", "Rows Removed by Index Recheck": 0}]}, {"Node Type": "Index Scan", "Parent Relationship": "Inner", "Scan Direction": "Forward", "Index Name": "movie_id_movie_link", "Relation Name": "movie_link", "Alias": "ml", "Startup Cost": 0.0, "Total Cost": 0.35, "Plan Rows": 5, "Plan Width": 12, "Actual Startup Time": 0.003, "Actual Total Time": 0.003, "Actual Rows": 0, "Actual Loops": 1, "Index Cond": "(movie_id = t1.id)", "Rows Removed by Index Recheck": 0}]}, {"Node Type": "Index Scan", "Parent Relationship": "Inner", "Scan Direction": "Forward", "Index Name": "link_type_pkey", "Relation Name": "link_type", "Alias": "lt", "Startup Cost": 0.0, "Total Cost": 0.27, "Plan Rows": 1, "Plan Width": 16, "Actual Startup Time": 0.0, "Actual Total Time": 0.0, "Index Cond": "(id = ml.link_type_id)", "Rows Removed by Index Recheck": 0}]}, {"Node Type": "Index Scan", "Parent Relationship": "Inner", "Scan Direction": "Forward", "Index Name": "title_pkey", "Relation Name": "title", "Alias": "t2", "Startup Cost": 0.0, "Total Cost": 4.3, "Plan Rows": 1, "Plan Width": 21, "Actual Startup Time": 0.0, "Actual Total Time": 0.0, "Index Cond": "(id = ml.linked_movie_id)", "Rows Removed by Index Recheck": 0}]}]}, "Triggers": [], "Planner Runtime": 2, "Total Runtime": 112.875, "Unique SQL Id": 524435555}}, "(64, 106)": {"explain_plan": {"Plan": {"Node Type": "Aggregate", "Strategy": "Plain", "Startup Cost": 216137.06, "Total Cost": 216137.07, "Plan Rows": 1, "Plan Width": 142, "Plans": [{"Node Type": "Hash Join", "Parent Relationship": "Outer", "Join Type": "Inner", "Startup Cost": 146581.97, "Total Cost": 216135.9, "Plan Rows": 154, "Plan Width": 46, "Inner Unique": true, "Hash Cond": "(ml.link_type_id = lt.id)", "Plans": [{"Node Type": "Hash Join", "Parent Relationship": "Outer", "Join Type": "Inner", "Startup Cost": 146580.59, "Total Cost": 216132.4, "Plan Rows": 154, "Plan Width": 38, "Inner Unique": false, "Hash Cond": "(t2.id = ml.linked_movie_id)", "Plans": [{"Node Type": "Seq Scan", "Parent Relationship": "Outer", "Relation Name": "title", "Alias": "t2", "Startup Cost": 0.0, "Total Cost": 60069.11, "Plan Rows": 2528311, "Plan Width": 21}, {"Node Type": "Hash", "Parent Relationship": "Inner", "Startup Cost": 146578.66, "Total Cost": 146578.66, "Plan Rows": 154, "Plan Width": 25, "Plans": [{"Node Type": "Hash Join", "Parent Relationship": "Outer", "Join Type": "Inner", "Startup Cost": 77022.17, "Total Cost": 146578.66, "Plan Rows": 154, "Plan Width": 25, "Inner Unique": false, "Hash Cond": "(t1.id = ml.movie_id)", "Plans": [{"Node Type": "Hash Join", "Parent Relationship": "Outer", "Join Type": "Inner", "Startup Cost": 76216.26, "Total Cost": 145766.86, "Plan Rows": 33, "Plan Width": 25, "Inner Unique": false, "Hash Cond": "(t1.id = mk.movie_id)", "Plans": [{"Node Type": "Seq Scan", "Parent Relationship": "Outer", "Relation Name": "title", "Alias": "t1", "Startup Cost": 0.0, "Total Cost": 60069.11, "Plan Rows": 2528311, "Plan Width": 21}, {"Node Type": "Hash", "Parent Relationship": "Inner", "Startup Cost": 76215.84, "Total Cost": 76215.84, "Plan Rows": 33, "Plan Width": 4, "Plans": [{"Node Type": "Hash Join", "Parent Relationship": "Outer", "Join Type": "Inner", "Startup Cost": 2436.12, "Total Cost": 76215.84, "Plan Rows": 33, "Plan Width": 4, "Inner Unique": true, "Hash Cond": "(mk.keyword_id = k.id)", "Plans": [{"Node Type": "Seq Scan", "Parent Relationship": "Outer", "Relation Name": "movie_keyword", "Alias": "mk", "Startup Cost": 0.0, "Total Cost": 62441.29, "Plan Rows": 4523929, "Plan Width": 8}, {"Node Type": "Hash", "Parent Relationship": "Inner", "Startup Cost": 2436.11, "Total Cost": 2436.11, "Plan Rows": 1, "Plan Width": 4, "Plans": [{"Node Type": "Seq Scan", "Parent Relationship": "Outer", "Relation Name": "keyword", "Alias": "k", "Startup Cost": 0.0, "Total Cost": 2436.11, "Plan Rows": 1, "Plan Width": 4, "Filter": "((keyword)::text = '10,000-mile-club'::text)"}]}]}]}]}, {"Node Type": "Hash", "Parent Relationship": "Inner", "Startup Cost": 430.96, "Total Cost": 430.96, "Plan Rows": 29996, "Plan Width": 12, "Plans": [{"Node Type": "Seq Scan", "Parent Relationship": "Outer", "Relation Name": "movie_link", "Alias": "ml", "Startup Cost": 0.0, "Total Cost": 430.96, "Plan Rows": 29996, "Plan Width": 12}]}]}]}]}, {"Node Type": "Hash", "Parent Relationship": "Inner", "Startup Cost": 1.17, "Total Cost": 1.17, "Plan Rows": 17, "Plan Width": 16, "Plans": [{"Node Type": "Seq Scan", "Parent Relationship": "Outer", "Relation Name": "link_type", "Alias": "lt", "Startup Cost": 0.0, "Total Cost": 1.17, "Plan Rows": 17, "Plan Width": 16}]}]}]}, "Unique SQL Id": 524435555, "Planner Runtime": 9}, "explain_analyze_plan": null}, "(64, 107)": {"explain_plan": {"Plan": {"Node Type": "Aggregate", "Strategy": "Plain", "Startup Cost": 6000022526696.47, "Total Cost": 6000022526696.48, "Plan Rows": 1, "Plan Width": 142, "Plans": [{"Node Type": "Hash Join", "Parent Relationship": "Outer", "Join Type": "Inner", "Startup Cost": 4020022195138.15, "Total Cost": 6000022526695.31, "Plan Rows": 154, "Plan Width": 46, "Inner Unique": true, "Hash Cond": "(ml.linked_movie_id = t2.id)", "Plans": [{"Node Type": "Hash Join", "Parent Relationship": "Outer", "Join Type": "Inner", "Startup Cost": 3020011151485.34, "Total Cost": 5000011483040.39, "Plan Rows": 154, "Plan Width": 33, "Inner Unique": true, "Hash Cond": "(mk.movie_id = t1.id)", "Plans": [{"Node Type": "Hash Join", "Parent Relationship": "Outer", "Join Type": "Inner", "Startup Cost": 2020000107832.54, "Total Cost": 4000000439385.47, "Plan Rows": 154, "Plan Width": 24, "Inner Unique": true, "Hash Cond": "(ml.link_type_id = lt.id)", "Plans": [{"Node Type": "Hash Join", "Parent Relationship": "Outer", "Join Type": "Inner", "Startup Cost": 1020000106581.83, "Total Cost": 3000000438132.64, "Plan Rows": 154, "Plan Width": 16, "Inner Unique": false, "Hash Cond": "(mk.movie_id = ml.movie_id)", "Plans": [{"Node Type": "Nested Loop", "Parent Relationship": "Outer", "Join Type": "Inner", "Startup Cost": 20000000004.51, "Total Cost": 2000000331530.23, "Plan Rows": 33, "Plan Width": 4, "Inner Unique": false, "Plans": [{"Node Type": "Index Scan", "Parent Relationship": "Outer", "Scan Direction": "Forward", "Index Name": "keyword_pkey", "Relation Name": "keyword", "Alias": "k", "Startup Cost": 10000000000.0, "Total Cost": 1000000318271.68, "Plan Rows": 1, "Plan Width": 4, "Filter": "((keyword)::text = '10,000-mile-club'::text)"}, {"Node Type": "Bitmap Heap Scan", "Parent Relationship": "Inner", "Relation Name": "movie_keyword", "Alias": "mk", "Startup Cost": 10000000004.51, "Total Cost": 1000000013258.21, "Plan Rows": 33, "Plan Width": 8, "Recheck Cond": "(keyword_id = k.id)", "Plans": [{"Node Type": "Bitmap Index Scan", "Parent Relationship": "Outer", "Index Name": "keyword_id_movie_keyword", "Startup Cost": 0.0, "Total Cost": 4.5, "Plan Rows": 33, "Plan Width": 0, "Index Cond": "(keyword_id = k.id)"}]}]}, {"Node Type": "Hash", "Parent Relationship": "Inner", "Startup Cost": 1000000106202.37, "Total Cost": 1000000106202.37, "Plan Rows": 29996, "Plan Width": 12, "Plans": [{"Node Type": "Index Scan", "Parent Relationship": "Outer", "Scan Direction": "Forward", "Index Name": "movie_id_movie_link", "Relation Name": "movie_link", "Alias": "ml", "Startup Cost": 10000000000.0, "Total Cost": 1000000106202.37, "Plan Rows": 29996, "Plan Width": 12}]}]}, {"Node Type": "Hash", "Parent Relationship": "Inner", "Startup Cost": 1000000001250.5, "Total Cost": 1000000001250.5, "Plan Rows": 17, "Plan Width": 16, "Plans": [{"Node Type": "Index Scan", "Parent Relationship": "Outer", "Scan Direction": "Forward", "Index Name": "link_type_pkey", "Relation Name": "link_type", "Alias": "lt", "Startup Cost": 10000000000.0, "Total Cost": 1000000001250.5, "Plan Rows": 17, "Plan Width": 16}]}]}, {"Node Type": "Hash", "Parent Relationship": "Inner", "Startup Cost": 1000011012048.91, "Total Cost": 1000011012048.91, "Plan Rows": 2528311, "Plan Width": 21, "Plans": [{"Node Type": "Index Scan", "Parent Relationship": "Outer", "Scan Direction": "Forward", "Index Name": "title_pkey", "Relation Name": "title", "Alias": "t1", "Startup Cost": 10000000000.0, "Total Cost": 1000011012048.91, "Plan Rows": 2528311, "Plan Width": 21}]}]}, {"Node Type": "Hash", "Parent Relationship": "Inner", "Startup Cost": 1000011012048.91, "Total Cost": 1000011012048.91, "Plan Rows": 2528311, "Plan Width": 21, "Plans": [{"Node Type": "Index Scan", "Parent Relationship": "Outer", "Scan Direction": "Forward", "Index Name": "title_pkey", "Relation Name": "title", "Alias": "t2", "Startup Cost": 10000000000.0, "Total Cost": 1000011012048.91, "Plan Rows": 2528311, "Plan Width": 21}]}]}]}, "Unique SQL Id": 524435555, "Planner Runtime": 11}, "explain_analyze_plan": null}, "(64, 108)": {"explain_plan": {"Plan": {"Node Type": "Aggregate", "Strategy": "Plain", "Startup Cost": 3265.11, "Total Cost": 3265.12, "Plan Rows": 1, "Plan Width": 142, "Plans": [{"Node Type": "Nested Loop", "Parent Relationship": "Outer", "Join Type": "Inner", "Startup Cost": 1.38, "Total Cost": 3263.96, "Plan Rows": 154, "Plan Width": 46, "Inner Unique": true, "Plans": [{"Node Type": "Hash Join", "Parent Relationship": "Outer", "Join Type": "Inner", "Startup Cost": 1.38, "Total Cost": 2600.38, "Plan Rows": 154, "Plan Width": 33, "Inner Unique": true, "Hash Cond": "(ml.link_type_id = lt.id)", "Plans": [{"Node Type": "Nested Loop", "Parent Relationship": "Outer", "Join Type": "Inner", "Startup Cost": 0.0, "Total Cost": 2597.06, "Plan Rows": 154, "Plan Width": 25, "Inner Unique": false, "Plans": [{"Node Type": "Nested Loop", "Parent Relationship": "Outer", "Join Type": "Inner", "Startup Cost": 0.0, "Total Cost": 2583.84, "Plan Rows": 33, "Plan Width": 25, "Inner Unique": true, "Plans": [{"Node Type": "Nested Loop", "Parent Relationship": "Outer", "Join Type": "Inner", "Startup Cost": 0.0, "Total Cost": 2573.32, "Plan Rows": 33, "Plan Width": 4, "Inner Unique": false, "Plans": [{"Node Type": "Seq Scan", "Parent Relationship": "Outer", "Relation Name": "keyword", "Alias": "k", "Startup Cost": 0.0, "Total Cost": 2436.11, "Plan Rows": 1, "Plan Width": 4, "Filter": "((keyword)::text = '10,000-mile-club'::text)"}, {"Node Type": "Index Scan", "Parent Relationship": "Inner", "Scan Direction": "Forward", "Index Name": "keyword_id_movie_keyword", "Relation Name": "movie_keyword", "Alias": "mk", "Startup Cost": 0.0, "Total Cost": 136.88, "Plan Rows": 33, "Plan Width": 8, "Index Cond": "(keyword_id = k.id)"}]}, {"Node Type": "Index Scan", "Parent Relationship": "Inner", "Scan Direction": "Forward", "Index Name": "title_pkey", "Relation Name": "title", "Alias": "t1", "Startup Cost": 0.0, "Total Cost": 0.31, "Plan Rows": 1, "Plan Width": 21, "Index Cond": "(id = mk.movie_id)"}]}, {"Node Type": "Index Scan", "Parent Relationship": "Inner", "Scan Direction": "Forward", "Index Name": "movie_id_movie_link", "Relation Name": "movie_link", "Alias": "ml", "Startup Cost": 0.0, "Total Cost": 0.35, "Plan Rows": 5, "Plan Width": 12, "Index Cond": "(movie_id = t1.id)"}]}, {"Node Type": "Hash", "Parent Relationship": "Inner", "Startup Cost": 1.17, "Total Cost": 1.17, "Plan Rows": 17, "Plan Width": 16, "Plans": [{"Node Type": "Seq Scan", "Parent Relationship": "Outer", "Relation Name": "link_type", "Alias": "lt", "Startup Cost": 0.0, "Total Cost": 1.17, "Plan Rows": 17, "Plan Width": 16}]}]}, {"Node Type": "Index Scan", "Parent Relationship": "Inner", "Scan Direction": "Forward", "Index Name": "title_pkey", "Relation Name": "title", "Alias": "t2", "Startup Cost": 0.0, "Total Cost": 4.3, "Plan Rows": 1, "Plan Width": 21, "Index Cond": "(id = ml.linked_movie_id)"}]}]}, "Unique SQL Id": 524435555, "Planner Runtime": 7}, "explain_analyze_plan": {"Plan": {"Node Type": "Aggregate", "Strategy": "Plain", "Startup Cost": 3265.11, "Total Cost": 3265.12, "Plan Rows": 1, "Plan Width": 142, "Actual Startup Time": 40.59, "Actual Total Time": 40.59, "Actual Rows": 1, "Actual Loops": 1, "Plans": [{"Node Type": "Nested Loop", "Parent Relationship": "Outer", "Join Type": "Inner", "Startup Cost": 1.38, "Total Cost": 3263.96, "Plan Rows": 154, "Plan Width": 46, "Actual Startup Time": 40.585, "Actual Total Time": 40.585, "Actual Rows": 0, "Actual Loops": 1, "Inner Unique": true, "Plans": [{"Node Type": "Hash Join", "Parent Relationship": "Outer", "Join Type": "Inner", "Startup Cost": 1.38, "Total Cost": 2600.38, "Plan Rows": 154, "Plan Width": 33, "Actual Startup Time": 40.584, "Actual Total Time": 40.584, "Actual Rows": 0, "Actual Loops": 1, "Inner Unique": true, "Hash Cond": "(ml.link_type_id = lt.id)", "Plans": [{"Node Type": "Nested Loop", "Parent Relationship": "Outer", "Join Type": "Inner", "Startup Cost": 0.0, "Total Cost": 2597.06, "Plan Rows": 154, "Plan Width": 25, "Actual Startup Time": 40.579, "Actual Total Time": 40.579, "Actual Rows": 0, "Actual Loops": 1, "Inner Unique": false, "Plans": [{"Node Type": "Nested Loop", "Parent Relationship": "Outer", "Join Type": "Inner", "Startup Cost": 0.0, "Total Cost": 2583.84, "Plan Rows": 33, "Plan Width": 25, "Actual Startup Time": 39.697, "Actual Total Time": 40.573, "Actual Rows": 1, "Actual Loops": 1, "Inner Unique": true, "Plans": [{"Node Type": "Nested Loop", "Parent Relationship": "Outer", "Join Type": "Inner", "Startup Cost": 0.0, "Total Cost": 2573.32, "Plan Rows": 33, "Plan Width": 4, "Actual Startup Time": 39.686, "Actual Total Time": 40.561, "Actual Rows": 1, "Actual Loops": 1, "Inner Unique": false, "Plans": [{"Node Type": "Seq Scan", "Parent Relationship": "Outer", "Relation Name": "keyword", "Alias": "k", "Startup Cost": 0.0, "Total Cost": 2436.11, "Plan Rows": 1, "Plan Width": 4, "Actual Startup Time": 39.658, "Actual Total Time": 40.531, "Actual Rows": 1, "Actual Loops": 1, "Filter": "((keyword)::text = '10,000-mile-club'::text)", "Rows Removed by Filter": 134168}, {"Node Type": "Index Scan", "Parent Relationship": "Inner", "Scan Direction": "Forward", "Index Name": "keyword_id_movie_keyword", "Relation Name": "movie_keyword", "Alias": "mk", "Startup Cost": 0.0, "Total Cost": 136.88, "Plan Rows": 33, "Plan Width": 8, "Actual Startup Time": 0.021, "Actual Total Time": 0.021, "Actual Rows": 1, "Actual Loops": 1, "Index Cond": "(keyword_id = k.id)", "Rows Removed by Index Recheck": 0}]}, {"Node Type": "Index Scan", "Parent Relationship": "Inner", "Scan Direction": "Forward", "Index Name": "title_pkey", "Relation Name": "title", "Alias": "t1", "Startup Cost": 0.0, "Total Cost": 0.31, "Plan Rows": 1, "Plan Width": 21, "Actual Startup Time": 0.009, "Actual Total Time": 0.009, "Actual Rows": 1, "Actual Loops": 1, "Index Cond": "(id = mk.movie_id)", "Rows Removed by Index Recheck": 0}]}, {"Node Type": "Index Scan", "Parent Relationship": "Inner", "Scan Direction": "Forward", "Index Name": "movie_id_movie_link", "Relation Name": "movie_link", "Alias": "ml", "Startup Cost": 0.0, "Total Cost": 0.35, "Plan Rows": 5, "Plan Width": 12, "Actual Startup Time": 0.003, "Actual Total Time": 0.003, "Actual Rows": 0, "Actual Loops": 1, "Index Cond": "(movie_id = t1.id)", "Rows Removed by Index Recheck": 0}]}, {"Node Type": "Hash", "Parent Relationship": "Inner", "Startup Cost": 1.17, "Total Cost": 1.17, "Plan Rows": 17, "Plan Width": 16, "Actual Startup Time": 0.0, "Actual Total Time": 0.0, "Hash Buckets": 0, "Hash Batches": 0, "Original Hash Batches": 0, "Peak Memory Usage": 0, "Plans": [{"Node Type": "Seq Scan", "Parent Relationship": "Outer", "Relation Name": "link_type", "Alias": "lt", "Startup Cost": 0.0, "Total Cost": 1.17, "Plan Rows": 17, "Plan Width": 16, "Actual Startup Time": 0.0, "Actual Total Time": 0.0}]}]}, {"Node Type": "Index Scan", "Parent Relationship": "Inner", "Scan Direction": "Forward", "Index Name": "title_pkey", "Relation Name": "title", "Alias": "t2", "Startup Cost": 0.0, "Total Cost": 4.3, "Plan Rows": 1, "Plan Width": 21, "Actual Startup Time": 0.0, "Actual Total Time": 0.0, "Index Cond": "(id = ml.linked_movie_id)", "Rows Removed by Index Recheck": 0}]}]}, "Triggers": [], "Planner Runtime": 7, "Total Runtime": 40.812, "Unique SQL Id": 524435555}}, "(64, 109)": {"explain_plan": {"Plan": {"Node Type": "Aggregate", "Strategy": "Plain", "Startup Cost": 4051.57, "Total Cost": 4051.58, "Plan Rows": 1, "Plan Width": 142, "Plans": [{"Node Type": "Nested Loop", "Parent Relationship": "Outer", "Join Type": "Inner", "Startup Cost": 0.0, "Total Cost": 4050.42, "Plan Rows": 154, "Plan Width": 46, "Inner Unique": true, "Plans": [{"Node Type": "Nested Loop", "Parent Relationship": "Outer", "Join Type": "Inner", "Startup Cost": 0.0, "Total Cost": 3386.84, "Plan Rows": 154, "Plan Width": 33, "Inner Unique": true, "Plans": [{"Node Type": "Nested Loop", "Parent Relationship": "Outer", "Join Type": "Inner", "Startup Cost": 0.0, "Total Cost": 3343.66, "Plan Rows": 154, "Plan Width": 25, "Inner Unique": false, "Plans": [{"Node Type": "Nested Loop", "Parent Relationship": "Outer", "Join Type": "Inner", "Startup Cost": 0.0, "Total Cost": 3330.45, "Plan Rows": 33, "Plan Width": 25, "Inner Unique": true, "Plans": [{"Node Type": "Nested Loop", "Parent Relationship": "Outer", "Join Type": "Inner", "Startup Cost": 0.0, "Total Cost": 3319.92, "Plan Rows": 33, "Plan Width": 4, "Inner Unique": false, "Plans": [{"Node Type": "Index Scan", "Parent Relationship": "Outer", "Scan Direction": "Forward", "Index Name": "keyword_pkey", "Relation Name": "keyword", "Alias": "k", "Startup Cost": 0.0, "Total Cost": 3182.72, "Plan Rows": 1, "Plan Width": 4, "Filter": "((keyword)::text = '10,000-mile-club'::text)"}, {"Node Type": "Index Scan", "Parent Relationship": "Inner", "Scan Direction": "Forward", "Index Name": "keyword_id_movie_keyword", "Relation Name": "movie_keyword", "Alias": "mk", "Startup Cost": 0.0, "Total Cost": 136.88, "Plan Rows": 33, "Plan Width": 8, "Index Cond": "(keyword_id = k.id)"}]}, {"Node Type": "Index Scan", "Parent Relationship": "Inner", "Scan Direction": "Forward", "Index Name": "title_pkey", "Relation Name": "title", "Alias": "t1", "Startup Cost": 0.0, "Total Cost": 0.31, "Plan Rows": 1, "Plan Width": 21, "Index Cond": "(id = mk.movie_id)"}]}, {"Node Type": "Index Scan", "Parent Relationship": "Inner", "Scan Direction": "Forward", "Index Name": "movie_id_movie_link", "Relation Name": "movie_link", "Alias": "ml", "Startup Cost": 0.0, "Total Cost": 0.35, "Plan Rows": 5, "Plan Width": 12, "Index Cond": "(movie_id = t1.id)"}]}, {"Node Type": "Index Scan", "Parent Relationship": "Inner", "Scan Direction": "Forward", "Index Name": "link_type_pkey", "Relation Name": "link_type", "Alias": "lt", "Startup Cost": 0.0, "Total Cost": 0.27, "Plan Rows": 1, "Plan Width": 16, "Index Cond": "(id = ml.link_type_id)"}]}, {"Node Type": "Index Scan", "Parent Relationship": "Inner", "Scan Direction": "Forward", "Index Name": "title_pkey", "Relation Name": "title", "Alias": "t2", "Startup Cost": 0.0, "Total Cost": 4.3, "Plan Rows": 1, "Plan Width": 21, "Index Cond": "(id = ml.linked_movie_id)"}]}]}, "Unique SQL Id": 524435555, "Planner Runtime": 3}, "explain_analyze_plan": {"Plan": {"Node Type": "Aggregate", "Strategy": "Plain", "Startup Cost": 4051.57, "Total Cost": 4051.58, "Plan Rows": 1, "Plan Width": 142, "Actual Startup Time": 112.659, "Actual Total Time": 112.659, "Actual Rows": 1, "Actual Loops": 1, "Plans": [{"Node Type": "Nested Loop", "Parent Relationship": "Outer", "Join Type": "Inner", "Startup Cost": 0.0, "Total Cost": 4050.42, "Plan Rows": 154, "Plan Width": 46, "Actual Startup Time": 112.653, "Actual Total Time": 112.653, "Actual Rows": 0, "Actual Loops": 1, "Inner Unique": true, "Plans": [{"Node Type": "Nested Loop", "Parent Relationship": "Outer", "Join Type": "Inner", "Startup Cost": 0.0, "Total Cost": 3386.84, "Plan Rows": 154, "Plan Width": 33, "Actual Startup Time": 112.653, "Actual Total Time": 112.653, "Actual Rows": 0, "Actual Loops": 1, "Inner Unique": true, "Plans": [{"Node Type": "Nested Loop", "Parent Relationship": "Outer", "Join Type": "Inner", "Startup Cost": 0.0, "Total Cost": 3343.66, "Plan Rows": 154, "Plan Width": 25, "Actual Startup Time": 112.652, "Actual Total Time": 112.652, "Actual Rows": 0, "Actual Loops": 1, "Inner Unique": false, "Plans": [{"Node Type": "Nested Loop", "Parent Relationship": "Outer", "Join Type": "Inner", "Startup Cost": 0.0, "Total Cost": 3330.45, "Plan Rows": 33, "Plan Width": 25, "Actual Startup Time": 110.792, "Actual Total Time": 112.645, "Actual Rows": 1, "Actual Loops": 1, "Inner Unique": true, "Plans": [{"Node Type": "Nested Loop", "Parent Relationship": "Outer", "Join Type": "Inner", "Startup Cost": 0.0, "Total Cost": 3319.92, "Plan Rows": 33, "Plan Width": 4, "Actual Startup Time": 110.781, "Actual Total Time": 112.634, "Actual Rows": 1, "Actual Loops": 1, "Inner Unique": false, "Plans": [{"Node Type": "Index Scan", "Parent Relationship": "Outer", "Scan Direction": "Forward", "Index Name": "keyword_pkey", "Relation Name": "keyword", "Alias": "k", "Startup Cost": 0.0, "Total Cost": 3182.72, "Plan Rows": 1, "Plan Width": 4, "Actual Startup Time": 110.759, "Actual Total Time": 112.61, "Actual Rows": 1, "Actual Loops": 1, "Filter": "((keyword)::text = '10,000-mile-club'::text)", "Rows Removed by Filter": 134168}, {"Node Type": "Index Scan", "Parent Relationship": "Inner", "Scan Direction": "Forward", "Index Name": "keyword_id_movie_keyword", "Relation Name": "movie_keyword", "Alias": "mk", "Startup Cost": 0.0, "Total Cost": 136.88, "Plan Rows": 33, "Plan Width": 8, "Actual Startup Time": 0.014, "Actual Total Time": 0.015, "Actual Rows": 1, "Actual Loops": 1, "Index Cond": "(keyword_id = k.id)", "Rows Removed by Index Recheck": 0}]}, {"Node Type": "Index Scan", "Parent Relationship": "Inner", "Scan Direction": "Forward", "Index Name": "title_pkey", "Relation Name": "title", "Alias": "t1", "Startup Cost": 0.0, "Total Cost": 0.31, "Plan Rows": 1, "Plan Width": 21, "Actual Startup Time": 0.009, "Actual Total Time": 0.009, "Actual Rows": 1, "Actual Loops": 1, "Index Cond": "(id = mk.movie_id)", "Rows Removed by Index Recheck": 0}]}, {"Node Type": "Index Scan", "Parent Relationship": "Inner", "Scan Direction": "Forward", "Index Name": "movie_id_movie_link", "Relation Name": "movie_link", "Alias": "ml", "Startup Cost": 0.0, "Total Cost": 0.35, "Plan Rows": 5, "Plan Width": 12, "Actual Startup Time": 0.003, "Actual Total Time": 0.003, "Actual Rows": 0, "Actual Loops": 1, "Index Cond": "(movie_id = t1.id)", "Rows Removed by Index Recheck": 0}]}, {"Node Type": "Index Scan", "Parent Relationship": "Inner", "Scan Direction": "Forward", "Index Name": "link_type_pkey", "Relation Name": "link_type", "Alias": "lt", "Startup Cost": 0.0, "Total Cost": 0.27, "Plan Rows": 1, "Plan Width": 16, "Actual Startup Time": 0.0, "Actual Total Time": 0.0, "Index Cond": "(id = ml.link_type_id)", "Rows Removed by Index Recheck": 0}]}, {"Node Type": "Index Scan", "Parent Relationship": "Inner", "Scan Direction": "Forward", "Index Name": "title_pkey", "Relation Name": "title", "Alias": "t2", "Startup Cost": 0.0, "Total Cost": 4.3, "Plan Rows": 1, "Plan Width": 21, "Actual Startup Time": 0.0, "Actual Total Time": 0.0, "Index Cond": "(id = ml.linked_movie_id)", "Rows Removed by Index Recheck": 0}]}]}, "Triggers": [], "Planner Runtime": 2, "Total Runtime": 112.875, "Unique SQL Id": 524435555}}, "(64, 110)": {"explain_plan": {"Plan": {"Node Type": "Aggregate", "Strategy": "Plain", "Startup Cost": 216137.06, "Total Cost": 216137.07, "Plan Rows": 1, "Plan Width": 142, "Plans": [{"Node Type": "Hash Join", "Parent Relationship": "Outer", "Join Type": "Inner", "Startup Cost": 146581.97, "Total Cost": 216135.9, "Plan Rows": 154, "Plan Width": 46, "Inner Unique": true, "Hash Cond": "(ml.link_type_id = lt.id)", "Plans": [{"Node Type": "Hash Join", "Parent Relationship": "Outer", "Join Type": "Inner", "Startup Cost": 146580.59, "Total Cost": 216132.4, "Plan Rows": 154, "Plan Width": 38, "Inner Unique": false, "Hash Cond": "(t2.id = ml.linked_movie_id)", "Plans": [{"Node Type": "Seq Scan", "Parent Relationship": "Outer", "Relation Name": "title", "Alias": "t2", "Startup Cost": 0.0, "Total Cost": 60069.11, "Plan Rows": 2528311, "Plan Width": 21}, {"Node Type": "Hash", "Parent Relationship": "Inner", "Startup Cost": 146578.66, "Total Cost": 146578.66, "Plan Rows": 154, "Plan Width": 25, "Plans": [{"Node Type": "Hash Join", "Parent Relationship": "Outer", "Join Type": "Inner", "Startup Cost": 77022.17, "Total Cost": 146578.66, "Plan Rows": 154, "Plan Width": 25, "Inner Unique": false, "Hash Cond": "(t1.id = ml.movie_id)", "Plans": [{"Node Type": "Hash Join", "Parent Relationship": "Outer", "Join Type": "Inner", "Startup Cost": 76216.26, "Total Cost": 145766.86, "Plan Rows": 33, "Plan Width": 25, "Inner Unique": false, "Hash Cond": "(t1.id = mk.movie_id)", "Plans": [{"Node Type": "Seq Scan", "Parent Relationship": "Outer", "Relation Name": "title", "Alias": "t1", "Startup Cost": 0.0, "Total Cost": 60069.11, "Plan Rows": 2528311, "Plan Width": 21}, {"Node Type": "Hash", "Parent Relationship": "Inner", "Startup Cost": 76215.84, "Total Cost": 76215.84, "Plan Rows": 33, "Plan Width": 4, "Plans": [{"Node Type": "Hash Join", "Parent Relationship": "Outer", "Join Type": "Inner", "Startup Cost": 2436.12, "Total Cost": 76215.84, "Plan Rows": 33, "Plan Width": 4, "Inner Unique": true, "Hash Cond": "(mk.keyword_id = k.id)", "Plans": [{"Node Type": "Seq Scan", "Parent Relationship": "Outer", "Relation Name": "movie_keyword", "Alias": "mk", "Startup Cost": 0.0, "Total Cost": 62441.29, "Plan Rows": 4523929, "Plan Width": 8}, {"Node Type": "Hash", "Parent Relationship": "Inner", "Startup Cost": 2436.11, "Total Cost": 2436.11, "Plan Rows": 1, "Plan Width": 4, "Plans": [{"Node Type": "Seq Scan", "Parent Relationship": "Outer", "Relation Name": "keyword", "Alias": "k", "Startup Cost": 0.0, "Total Cost": 2436.11, "Plan Rows": 1, "Plan Width": 4, "Filter": "((keyword)::text = '10,000-mile-club'::text)"}]}]}]}]}, {"Node Type": "Hash", "Parent Relationship": "Inner", "Startup Cost": 430.96, "Total Cost": 430.96, "Plan Rows": 29996, "Plan Width": 12, "Plans": [{"Node Type": "Seq Scan", "Parent Relationship": "Outer", "Relation Name": "movie_link", "Alias": "ml", "Startup Cost": 0.0, "Total Cost": 430.96, "Plan Rows": 29996, "Plan Width": 12}]}]}]}]}, {"Node Type": "Hash", "Parent Relationship": "Inner", "Startup Cost": 1.17, "Total Cost": 1.17, "Plan Rows": 17, "Plan Width": 16, "Plans": [{"Node Type": "Seq Scan", "Parent Relationship": "Outer", "Relation Name": "link_type", "Alias": "lt", "Startup Cost": 0.0, "Total Cost": 1.17, "Plan Rows": 17, "Plan Width": 16}]}]}]}, "Unique SQL Id": 524435555, "Planner Runtime": 8}, "explain_analyze_plan": null}, "(64, 111)": {"explain_plan": {"Plan": {"Node Type": "Aggregate", "Strategy": "Plain", "Startup Cost": 6000022526696.47, "Total Cost": 6000022526696.48, "Plan Rows": 1, "Plan Width": 142, "Plans": [{"Node Type": "Hash Join", "Parent Relationship": "Outer", "Join Type": "Inner", "Startup Cost": 4020022195138.15, "Total Cost": 6000022526695.31, "Plan Rows": 154, "Plan Width": 46, "Inner Unique": true, "Hash Cond": "(ml.linked_movie_id = t2.id)", "Plans": [{"Node Type": "Hash Join", "Parent Relationship": "Outer", "Join Type": "Inner", "Startup Cost": 3020011151485.34, "Total Cost": 5000011483040.39, "Plan Rows": 154, "Plan Width": 33, "Inner Unique": true, "Hash Cond": "(mk.movie_id = t1.id)", "Plans": [{"Node Type": "Hash Join", "Parent Relationship": "Outer", "Join Type": "Inner", "Startup Cost": 2020000107832.54, "Total Cost": 4000000439385.47, "Plan Rows": 154, "Plan Width": 24, "Inner Unique": true, "Hash Cond": "(ml.link_type_id = lt.id)", "Plans": [{"Node Type": "Hash Join", "Parent Relationship": "Outer", "Join Type": "Inner", "Startup Cost": 1020000106581.83, "Total Cost": 3000000438132.64, "Plan Rows": 154, "Plan Width": 16, "Inner Unique": false, "Hash Cond": "(mk.movie_id = ml.movie_id)", "Plans": [{"Node Type": "Nested Loop", "Parent Relationship": "Outer", "Join Type": "Inner", "Startup Cost": 20000000004.51, "Total Cost": 2000000331530.23, "Plan Rows": 33, "Plan Width": 4, "Inner Unique": false, "Plans": [{"Node Type": "Index Scan", "Parent Relationship": "Outer", "Scan Direction": "Forward", "Index Name": "keyword_pkey", "Relation Name": "keyword", "Alias": "k", "Startup Cost": 10000000000.0, "Total Cost": 1000000318271.68, "Plan Rows": 1, "Plan Width": 4, "Filter": "((keyword)::text = '10,000-mile-club'::text)"}, {"Node Type": "Bitmap Heap Scan", "Parent Relationship": "Inner", "Relation Name": "movie_keyword", "Alias": "mk", "Startup Cost": 10000000004.51, "Total Cost": 1000000013258.21, "Plan Rows": 33, "Plan Width": 8, "Recheck Cond": "(keyword_id = k.id)", "Plans": [{"Node Type": "Bitmap Index Scan", "Parent Relationship": "Outer", "Index Name": "keyword_id_movie_keyword", "Startup Cost": 0.0, "Total Cost": 4.5, "Plan Rows": 33, "Plan Width": 0, "Index Cond": "(keyword_id = k.id)"}]}]}, {"Node Type": "Hash", "Parent Relationship": "Inner", "Startup Cost": 1000000106202.37, "Total Cost": 1000000106202.37, "Plan Rows": 29996, "Plan Width": 12, "Plans": [{"Node Type": "Index Scan", "Parent Relationship": "Outer", "Scan Direction": "Forward", "Index Name": "movie_id_movie_link", "Relation Name": "movie_link", "Alias": "ml", "Startup Cost": 10000000000.0, "Total Cost": 1000000106202.37, "Plan Rows": 29996, "Plan Width": 12}]}]}, {"Node Type": "Hash", "Parent Relationship": "Inner", "Startup Cost": 1000000001250.5, "Total Cost": 1000000001250.5, "Plan Rows": 17, "Plan Width": 16, "Plans": [{"Node Type": "Index Scan", "Parent Relationship": "Outer", "Scan Direction": "Forward", "Index Name": "link_type_pkey", "Relation Name": "link_type", "Alias": "lt", "Startup Cost": 10000000000.0, "Total Cost": 1000000001250.5, "Plan Rows": 17, "Plan Width": 16}]}]}, {"Node Type": "Hash", "Parent Relationship": "Inner", "Startup Cost": 1000011012048.91, "Total Cost": 1000011012048.91, "Plan Rows": 2528311, "Plan Width": 21, "Plans": [{"Node Type": "Index Scan", "Parent Relationship": "Outer", "Scan Direction": "Forward", "Index Name": "title_pkey", "Relation Name": "title", "Alias": "t1", "Startup Cost": 10000000000.0, "Total Cost": 1000011012048.91, "Plan Rows": 2528311, "Plan Width": 21}]}]}, {"Node Type": "Hash", "Parent Relationship": "Inner", "Startup Cost": 1000011012048.91, "Total Cost": 1000011012048.91, "Plan Rows": 2528311, "Plan Width": 21, "Plans": [{"Node Type": "Index Scan", "Parent Relationship": "Outer", "Scan Direction": "Forward", "Index Name": "title_pkey", "Relation Name": "title", "Alias": "t2", "Startup Cost": 10000000000.0, "Total Cost": 1000011012048.91, "Plan Rows": 2528311, "Plan Width": 21}]}]}]}, "Unique SQL Id": 524435555, "Planner Runtime": 11}, "explain_analyze_plan": null}, "(64, 112)": {"explain_plan": {"Plan": {"Node Type": "Aggregate", "Strategy": "Plain", "Startup Cost": 3297.98, "Total Cost": 3297.99, "Plan Rows": 1, "Plan Width": 142, "Plans": [{"Node Type": "Nested Loop", "Parent Relationship": "Outer", "Join Type": "Inner", "Startup Cost": 4.51, "Total Cost": 3296.82, "Plan Rows": 154, "Plan Width": 46, "Inner Unique": true, "Plans": [{"Node Type": "Nested Loop", "Parent Relationship": "Outer", "Join Type": "Inner", "Startup Cost": 4.51, "Total Cost": 2633.25, "Plan Rows": 154, "Plan Width": 33, "Inner Unique": true, "Join Filter": "(ml.link_type_id = lt.id)", "Plans": [{"Node Type": "Nested Loop", "Parent Relationship": "Outer", "Join Type": "Inner", "Startup Cost": 4.51, "Total Cost": 2592.76, "Plan Rows": 154, "Plan Width": 25, "Inner Unique": false, "Plans": [{"Node Type": "Nested Loop", "Parent Relationship": "Outer", "Join Type": "Inner", "Startup Cost": 4.51, "Total Cost": 2579.55, "Plan Rows": 33, "Plan Width": 25, "Inner Unique": true, "Plans": [{"Node Type": "Nested Loop", "Parent Relationship": "Outer", "Join Type": "Inner", "Startup Cost": 4.51, "Total Cost": 2569.02, "Plan Rows": 33, "Plan Width": 4, "Inner Unique": false, "Plans": [{"Node Type": "Seq Scan", "Parent Relationship": "Outer", "Relation Name": "keyword", "Alias": "k", "Startup Cost": 0.0, "Total Cost": 2436.11, "Plan Rows": 1, "Plan Width": 4, "Filter": "((keyword)::text = '10,000-mile-club'::text)"}, {"Node Type": "Bitmap Heap Scan", "Parent Relationship": "Inner", "Relation Name": "movie_keyword", "Alias": "mk", "Startup Cost": 4.51, "Total Cost": 132.58, "Plan Rows": 33, "Plan Width": 8, "Recheck Cond": "(keyword_id = k.id)", "Plans": [{"Node Type": "Bitmap Index Scan", "Parent Relationship": "Outer", "Index Name": "keyword_id_movie_keyword", "Startup Cost": 0.0, "Total Cost": 4.5, "Plan Rows": 33, "Plan Width": 0, "Index Cond": "(keyword_id = k.id)"}]}]}, {"Node Type": "Index Scan", "Parent Relationship": "Inner", "Scan Direction": "Forward", "Index Name": "title_pkey", "Relation Name": "title", "Alias": "t1", "Startup Cost": 0.0, "Total Cost": 0.31, "Plan Rows": 1, "Plan Width": 21, "Index Cond": "(id = mk.movie_id)"}]}, {"Node Type": "Index Scan", "Parent Relationship": "Inner", "Scan Direction": "Forward", "Index Name": "movie_id_movie_link", "Relation Name": "movie_link", "Alias": "ml", "Startup Cost": 0.0, "Total Cost": 0.35, "Plan Rows": 5, "Plan Width": 12, "Index Cond": "(movie_id = t1.id)"}]}, {"Node Type": "Materialize", "Parent Relationship": "Inner", "Startup Cost": 0.0, "Total Cost": 1.25, "Plan Rows": 17, "Plan Width": 16, "Plans": [{"Node Type": "Seq Scan", "Parent Relationship": "Outer", "Relation Name": "link_type", "Alias": "lt", "Startup Cost": 0.0, "Total Cost": 1.17, "Plan Rows": 17, "Plan Width": 16}]}]}, {"Node Type": "Index Scan", "Parent Relationship": "Inner", "Scan Direction": "Forward", "Index Name": "title_pkey", "Relation Name": "title", "Alias": "t2", "Startup Cost": 0.0, "Total Cost": 4.3, "Plan Rows": 1, "Plan Width": 21, "Index Cond": "(id = ml.linked_movie_id)"}]}]}, "Unique SQL Id": 524435555, "Planner Runtime": 3}, "explain_analyze_plan": {"Plan": {"Node Type": "Aggregate", "Strategy": "Plain", "Startup Cost": 3297.98, "Total Cost": 3297.99, "Plan Rows": 1, "Plan Width": 142, "Actual Startup Time": 40.462, "Actual Total Time": 40.462, "Actual Rows": 1, "Actual Loops": 1, "Plans": [{"Node Type": "Nested Loop", "Parent Relationship": "Outer", "Join Type": "Inner", "Startup Cost": 4.51, "Total Cost": 3296.82, "Plan Rows": 154, "Plan Width": 46, "Actual Startup Time": 40.458, "Actual Total Time": 40.458, "Actual Rows": 0, "Actual Loops": 1, "Inner Unique": true, "Plans": [{"Node Type": "Nested Loop", "Parent Relationship": "Outer", "Join Type": "Inner", "Startup Cost": 4.51, "Total Cost": 2633.25, "Plan Rows": 154, "Plan Width": 33, "Actual Startup Time": 40.456, "Actual Total Time": 40.456, "Actual Rows": 0, "Actual Loops": 1, "Inner Unique": true, "Join Filter": "(ml.link_type_id = lt.id)", "Rows Removed by Join Filter": 0, "Plans": [{"Node Type": "Nested Loop", "Parent Relationship": "Outer", "Join Type": "Inner", "Startup Cost": 4.51, "Total Cost": 2592.76, "Plan Rows": 154, "Plan Width": 25, "Actual Startup Time": 40.456, "Actual Total Time": 40.456, "Actual Rows": 0, "Actual Loops": 1, "Inner Unique": false, "Plans": [{"Node Type": "Nested Loop", "Parent Relationship": "Outer", "Join Type": "Inner", "Startup Cost": 4.51, "Total Cost": 2579.55, "Plan Rows": 33, "Plan Width": 25, "Actual Startup Time": 39.589, "Actual Total Time": 40.451, "Actual Rows": 1, "Actual Loops": 1, "Inner Unique": true, "Plans": [{"Node Type": "Nested Loop", "Parent Relationship": "Outer", "Join Type": "Inner", "Startup Cost": 4.51, "Total Cost": 2569.02, "Plan Rows": 33, "Plan Width": 4, "Actual Startup Time": 39.573, "Actual Total Time": 40.434, "Actual Rows": 1, "Actual Loops": 1, "Inner Unique": false, "Plans": [{"Node Type": "Seq Scan", "Parent Relationship": "Outer", "Relation Name": "keyword", "Alias": "k", "Startup Cost": 0.0, "Total Cost": 2436.11, "Plan Rows": 1, "Plan Width": 4, "Actual Startup Time": 39.539, "Actual Total Time": 40.398, "Actual Rows": 1, "Actual Loops": 1, "Filter": "((keyword)::text = '10,000-mile-club'::text)", "Rows Removed by Filter": 134168}, {"Node Type": "Bitmap Heap Scan", "Parent Relationship": "Inner", "Relation Name": "movie_keyword", "Alias": "mk", "Startup Cost": 4.51, "Total Cost": 132.58, "Plan Rows": 33, "Plan Width": 8, "Actual Startup Time": 0.025, "Actual Total Time": 0.026, "Actual Rows": 1, "Actual Loops": 1, "Recheck Cond": "(keyword_id = k.id)", "Rows Removed by Index Recheck": 0, "Exact Heap Blocks": 1, "Lossy Heap Blocks": 1, "Plans": [{"Node Type": "Bitmap Index Scan", "Parent Relationship": "Outer", "Index Name": "keyword_id_movie_keyword", "Startup Cost": 0.0, "Total Cost": 4.5, "Plan Rows": 33, "Plan Width": 0, "Actual Startup Time": 0.016, "Actual Total Time": 0.016, "Actual Rows": 1, "Actual Loops": 1, "Index Cond": "(keyword_id = k.id)"}]}]}, {"Node Type": "Index Scan", "Parent Relationship": "Inner", "Scan Direction": "Forward", "Index Name": "title_pkey", "Relation Name": "title", "Alias": "t1", "Startup Cost": 0.0, "Total Cost": 0.31, "Plan Rows": 1, "Plan Width": 21, "Actual Startup Time": 0.014, "Actual Total Time": 0.014, "Actual Rows": 1, "Actual Loops": 1, "Index Cond": "(id = mk.movie_id)", "Rows Removed by Index Recheck": 0}]}, {"Node Type": "Index Scan", "Parent Relationship": "Inner", "Scan Direction": "Forward", "Index Name": "movie_id_movie_link", "Relation Name": "movie_link", "Alias": "ml", "Startup Cost": 0.0, "Total Cost": 0.35, "Plan Rows": 5, "Plan Width": 12, "Actual Startup Time": 0.003, "Actual Total Time": 0.003, "Actual Rows": 0, "Actual Loops": 1, "Index Cond": "(movie_id = t1.id)", "Rows Removed by Index Recheck": 0}]}, {"Node Type": "Materialize", "Parent Relationship": "Inner", "Startup Cost": 0.0, "Total Cost": 1.25, "Plan Rows": 17, "Plan Width": 16, "Actual Startup Time": 0.0, "Actual Total Time": 0.0, "Plans": [{"Node Type": "Seq Scan", "Parent Relationship": "Outer", "Relation Name": "link_type", "Alias": "lt", "Startup Cost": 0.0, "Total Cost": 1.17, "Plan Rows": 17, "Plan Width": 16, "Actual Startup Time": 0.0, "Actual Total Time": 0.0}]}]}, {"Node Type": "Index Scan", "Parent Relationship": "Inner", "Scan Direction": "Forward", "Index Name": "title_pkey", "Relation Name": "title", "Alias": "t2", "Startup Cost": 0.0, "Total Cost": 4.3, "Plan Rows": 1, "Plan Width": 21, "Actual Startup Time": 0.0, "Actual Total Time": 0.0, "Index Cond": "(id = ml.linked_movie_id)", "Rows Removed by Index Recheck": 0}]}]}, "Triggers": [], "Planner Runtime": 3, "Total Runtime": 40.678, "Unique SQL Id": 524435555}}, "(64, 113)": {"explain_plan": {"Plan": {"Node Type": "Aggregate", "Strategy": "Plain", "Startup Cost": 4047.28, "Total Cost": 4047.29, "Plan Rows": 1, "Plan Width": 142, "Plans": [{"Node Type": "Nested Loop", "Parent Relationship": "Outer", "Join Type": "Inner", "Startup Cost": 4.51, "Total Cost": 4046.12, "Plan Rows": 154, "Plan Width": 46, "Inner Unique": true, "Plans": [{"Node Type": "Nested Loop", "Parent Relationship": "Outer", "Join Type": "Inner", "Startup Cost": 4.51, "Total Cost": 3382.55, "Plan Rows": 154, "Plan Width": 33, "Inner Unique": true, "Plans": [{"Node Type": "Nested Loop", "Parent Relationship": "Outer", "Join Type": "Inner", "Startup Cost": 4.51, "Total Cost": 3339.37, "Plan Rows": 154, "Plan Width": 25, "Inner Unique": false, "Plans": [{"Node Type": "Nested Loop", "Parent Relationship": "Outer", "Join Type": "Inner", "Startup Cost": 4.51, "Total Cost": 3326.15, "Plan Rows": 33, "Plan Width": 25, "Inner Unique": true, "Plans": [{"Node Type": "Nested Loop", "Parent Relationship": "Outer", "Join Type": "Inner", "Startup Cost": 4.51, "Total Cost": 3315.63, "Plan Rows": 33, "Plan Width": 4, "Inner Unique": false, "Plans": [{"Node Type": "Index Scan", "Parent Relationship": "Outer", "Scan Direction": "Forward", "Index Name": "keyword_pkey", "Relation Name": "keyword", "Alias": "k", "Startup Cost": 0.0, "Total Cost": 3182.72, "Plan Rows": 1, "Plan Width": 4, "Filter": "((keyword)::text = '10,000-mile-club'::text)"}, {"Node Type": "Bitmap Heap Scan", "Parent Relationship": "Inner", "Relation Name": "movie_keyword", "Alias": "mk", "Startup Cost": 4.51, "Total Cost": 132.58, "Plan Rows": 33, "Plan Width": 8, "Recheck Cond": "(keyword_id = k.id)", "Plans": [{"Node Type": "Bitmap Index Scan", "Parent Relationship": "Outer", "Index Name": "keyword_id_movie_keyword", "Startup Cost": 0.0, "Total Cost": 4.5, "Plan Rows": 33, "Plan Width": 0, "Index Cond": "(keyword_id = k.id)"}]}]}, {"Node Type": "Index Scan", "Parent Relationship": "Inner", "Scan Direction": "Forward", "Index Name": "title_pkey", "Relation Name": "title", "Alias": "t1", "Startup Cost": 0.0, "Total Cost": 0.31, "Plan Rows": 1, "Plan Width": 21, "Index Cond": "(id = mk.movie_id)"}]}, {"Node Type": "Index Scan", "Parent Relationship": "Inner", "Scan Direction": "Forward", "Index Name": "movie_id_movie_link", "Relation Name": "movie_link", "Alias": "ml", "Startup Cost": 0.0, "Total Cost": 0.35, "Plan Rows": 5, "Plan Width": 12, "Index Cond": "(movie_id = t1.id)"}]}, {"Node Type": "Index Scan", "Parent Relationship": "Inner", "Scan Direction": "Forward", "Index Name": "link_type_pkey", "Relation Name": "link_type", "Alias": "lt", "Startup Cost": 0.0, "Total Cost": 0.27, "Plan Rows": 1, "Plan Width": 16, "Index Cond": "(id = ml.link_type_id)"}]}, {"Node Type": "Index Scan", "Parent Relationship": "Inner", "Scan Direction": "Forward", "Index Name": "title_pkey", "Relation Name": "title", "Alias": "t2", "Startup Cost": 0.0, "Total Cost": 4.3, "Plan Rows": 1, "Plan Width": 21, "Index Cond": "(id = ml.linked_movie_id)"}]}]}, "Unique SQL Id": 524435555, "Planner Runtime": 3}, "explain_analyze_plan": {"Plan": {"Node Type": "Aggregate", "Strategy": "Plain", "Startup Cost": 4047.28, "Total Cost": 4047.29, "Plan Rows": 1, "Plan Width": 142, "Actual Startup Time": 114.984, "Actual Total Time": 114.985, "Actual Rows": 1, "Actual Loops": 1, "Plans": [{"Node Type": "Nested Loop", "Parent Relationship": "Outer", "Join Type": "Inner", "Startup Cost": 4.51, "Total Cost": 4046.12, "Plan Rows": 154, "Plan Width": 46, "Actual Startup Time": 114.978, "Actual Total Time": 114.978, "Actual Rows": 0, "Actual Loops": 1, "Inner Unique": true, "Plans": [{"Node Type": "Nested Loop", "Parent Relationship": "Outer", "Join Type": "Inner", "Startup Cost": 4.51, "Total Cost": 3382.55, "Plan Rows": 154, "Plan Width": 33, "Actual Startup Time": 114.977, "Actual Total Time": 114.977, "Actual Rows": 0, "Actual Loops": 1, "Inner Unique": true, "Plans": [{"Node Type": "Nested Loop", "Parent Relationship": "Outer", "Join Type": "Inner", "Startup Cost": 4.51, "Total Cost": 3339.37, "Plan Rows": 154, "Plan Width": 25, "Actual Startup Time": 114.976, "Actual Total Time": 114.976, "Actual Rows": 0, "Actual Loops": 1, "Inner Unique": false, "Plans": [{"Node Type": "Nested Loop", "Parent Relationship": "Outer", "Join Type": "Inner", "Startup Cost": 4.51, "Total Cost": 3326.15, "Plan Rows": 33, "Plan Width": 25, "Actual Startup Time": 113.117, "Actual Total Time": 114.965, "Actual Rows": 1, "Actual Loops": 1, "Inner Unique": true, "Plans": [{"Node Type": "Nested Loop", "Parent Relationship": "Outer", "Join Type": "Inner", "Startup Cost": 4.51, "Total Cost": 3315.63, "Plan Rows": 33, "Plan Width": 4, "Actual Startup Time": 113.093, "Actual Total Time": 114.94, "Actual Rows": 1, "Actual Loops": 1, "Inner Unique": false, "Plans": [{"Node Type": "Index Scan", "Parent Relationship": "Outer", "Scan Direction": "Forward", "Index Name": "keyword_pkey", "Relation Name": "keyword", "Alias": "k", "Startup Cost": 0.0, "Total Cost": 3182.72, "Plan Rows": 1, "Plan Width": 4, "Actual Startup Time": 113.04, "Actual Total Time": 114.886, "Actual Rows": 1, "Actual Loops": 1, "Filter": "((keyword)::text = '10,000-mile-club'::text)", "Rows Removed by Filter": 134168}, {"Node Type": "Bitmap Heap Scan", "Parent Relationship": "Inner", "Relation Name": "movie_keyword", "Alias": "mk", "Startup Cost": 4.51, "Total Cost": 132.58, "Plan Rows": 33, "Plan Width": 8, "Actual Startup Time": 0.033, "Actual Total Time": 0.033, "Actual Rows": 1, "Actual Loops": 1, "Recheck Cond": "(keyword_id = k.id)", "Rows Removed by Index Recheck": 0, "Exact Heap Blocks": 1, "Lossy Heap Blocks": 1, "Plans": [{"Node Type": "Bitmap Index Scan", "Parent Relationship": "Outer", "Index Name": "keyword_id_movie_keyword", "Startup Cost": 0.0, "Total Cost": 4.5, "Plan Rows": 33, "Plan Width": 0, "Actual Startup Time": 0.02, "Actual Total Time": 0.02, "Actual Rows": 1, "Actual Loops": 1, "Index Cond": "(keyword_id = k.id)"}]}]}, {"Node Type": "Index Scan", "Parent Relationship": "Inner", "Scan Direction": "Forward", "Index Name": "title_pkey", "Relation Name": "title", "Alias": "t1", "Startup Cost": 0.0, "Total Cost": 0.31, "Plan Rows": 1, "Plan Width": 21, "Actual Startup Time": 0.017, "Actual Total Time": 0.017, "Actual Rows": 1, "Actual Loops": 1, "Index Cond": "(id = mk.movie_id)", "Rows Removed by Index Recheck": 0}]}, {"Node Type": "Index Scan", "Parent Relationship": "Inner", "Scan Direction": "Forward", "Index Name": "movie_id_movie_link", "Relation Name": "movie_link", "Alias": "ml", "Startup Cost": 0.0, "Total Cost": 0.35, "Plan Rows": 5, "Plan Width": 12, "Actual Startup Time": 0.006, "Actual Total Time": 0.006, "Actual Rows": 0, "Actual Loops": 1, "Index Cond": "(movie_id = t1.id)", "Rows Removed by Index Recheck": 0}]}, {"Node Type": "Index Scan", "Parent Relationship": "Inner", "Scan Direction": "Forward", "Index Name": "link_type_pkey", "Relation Name": "link_type", "Alias": "lt", "Startup Cost": 0.0, "Total Cost": 0.27, "Plan Rows": 1, "Plan Width": 16, "Actual Startup Time": 0.0, "Actual Total Time": 0.0, "Index Cond": "(id = ml.link_type_id)", "Rows Removed by Index Recheck": 0}]}, {"Node Type": "Index Scan", "Parent Relationship": "Inner", "Scan Direction": "Forward", "Index Name": "title_pkey", "Relation Name": "title", "Alias": "t2", "Startup Cost": 0.0, "Total Cost": 4.3, "Plan Rows": 1, "Plan Width": 21, "Actual Startup Time": 0.0, "Actual Total Time": 0.0, "Index Cond": "(id = ml.linked_movie_id)", "Rows Removed by Index Recheck": 0}]}]}, "Triggers": [], "Planner Runtime": 2, "Total Runtime": 115.266, "Unique SQL Id": 524435555}}, "(64, 114)": {"explain_plan": {"Plan": {"Node Type": "Aggregate", "Strategy": "Plain", "Startup Cost": 3747.02, "Total Cost": 3747.03, "Plan Rows": 1, "Plan Width": 142, "Plans": [{"Node Type": "Nested Loop", "Parent Relationship": "Outer", "Join Type": "Inner", "Startup Cost": 6.55, "Total Cost": 3745.86, "Plan Rows": 154, "Plan Width": 46, "Inner Unique": true, "Plans": [{"Node Type": "Nested Loop", "Parent Relationship": "Outer", "Join Type": "Inner", "Startup Cost": 5.06, "Total Cost": 2896.68, "Plan Rows": 154, "Plan Width": 33, "Inner Unique": true, "Join Filter": "(ml.link_type_id = lt.id)", "Plans": [{"Node Type": "Nested Loop", "Parent Relationship": "Outer", "Join Type": "Inner", "Startup Cost": 5.06, "Total Cost": 2856.2, "Plan Rows": 154, "Plan Width": 25, "Inner Unique": false, "Join Filter": "(t1.id = ml.movie_id)", "Plans": [{"Node Type": "Nested Loop", "Parent Relationship": "Outer", "Join Type": "Inner", "Startup Cost": 4.77, "Total Cost": 2710.54, "Plan Rows": 33, "Plan Width": 25, "Inner Unique": true, "Plans": [{"Node Type": "Nested Loop", "Parent Relationship": "Outer", "Join Type": "Inner", "Startup Cost": 4.51, "Total Cost": 2569.02, "Plan Rows": 33, "Plan Width": 4, "Inner Unique": false, "Plans": [{"Node Type": "Seq Scan", "Parent Relationship": "Outer", "Relation Name": "keyword", "Alias": "k", "Startup Cost": 0.0, "Total Cost": 2436.11, "Plan Rows": 1, "Plan Width": 4, "Filter": "((keyword)::text = '10,000-mile-club'::text)"}, {"Node Type": "Bitmap Heap Scan", "Parent Relationship": "Inner", "Relation Name": "movie_keyword", "Alias": "mk", "Startup Cost": 4.51, "Total Cost": 132.58, "Plan Rows": 33, "Plan Width": 8, "Recheck Cond": "(keyword_id = k.id)", "Plans": [{"Node Type": "Bitmap Index Scan", "Parent Relationship": "Outer", "Index Name": "keyword_id_movie_keyword", "Startup Cost": 0.0, "Total Cost": 4.5, "Plan Rows": 33, "Plan Width": 0, "Index Cond": "(keyword_id = k.id)"}]}]}, {"Node Type": "Bitmap Heap Scan", "Parent Relationship": "Inner", "Relation Name": "title", "Alias": "t1", "Startup Cost": 0.27, "Total Cost": 4.28, "Plan Rows": 1, "Plan Width": 21, "Recheck Cond": "(id = mk.movie_id)", "Plans": [{"Node Type": "Bitmap Index Scan", "Parent Relationship": "Outer", "Index Name": "title_pkey", "Startup Cost": 0.0, "Total Cost": 0.27, "Plan Rows": 1, "Plan Width": 0, "Index Cond": "(id = mk.movie_id)"}]}]}, {"Node Type": "Bitmap Heap Scan", "Parent Relationship": "Inner", "Relation Name": "movie_link", "Alias": "ml", "Startup Cost": 0.29, "Total Cost": 4.35, "Plan Rows": 5, "Plan Width": 12, "Recheck Cond": "(movie_id = mk.movie_id)", "Plans": [{"Node Type": "Bitmap Index Scan", "Parent Relationship": "Outer", "Index Name": "movie_id_movie_link", "Startup Cost": 0.0, "Total Cost": 0.29, "Plan Rows": 5, "Plan Width": 0, "Index Cond": "(movie_id = mk.movie_id)"}]}]}, {"Node Type": "Materialize", "Parent Relationship": "Inner", "Startup Cost": 0.0, "Total Cost": 1.25, "Plan Rows": 17, "Plan Width": 16, "Plans": [{"Node Type": "Seq Scan", "Parent Relationship": "Outer", "Relation Name": "link_type", "Alias": "lt", "Startup Cost": 0.0, "Total Cost": 1.17, "Plan Rows": 17, "Plan Width": 16}]}]}, {"Node Type": "Bitmap Heap Scan", "Parent Relationship": "Inner", "Relation Name": "title", "Alias": "t2", "Startup Cost": 1.49, "Total Cost": 5.5, "Plan Rows": 1, "Plan Width": 21, "Recheck Cond": "(id = ml.linked_movie_id)", "Plans": [{"Node Type": "Bitmap Index Scan", "Parent Relationship": "Outer", "Index Name": "title_pkey", "Startup Cost": 0.0, "Total Cost": 1.49, "Plan Rows": 1, "Plan Width": 0, "Index Cond": "(id = ml.linked_movie_id)"}]}]}]}, "Unique SQL Id": 524435555, "Planner Runtime": 4}, "explain_analyze_plan": {"Plan": {"Node Type": "Aggregate", "Strategy": "Plain", "Startup Cost": 3747.02, "Total Cost": 3747.03, "Plan Rows": 1, "Plan Width": 142, "Actual Startup Time": 40.475, "Actual Total Time": 40.475, "Actual Rows": 1, "Actual Loops": 1, "Plans": [{"Node Type": "Nested Loop", "Parent Relationship": "Outer", "Join Type": "Inner", "Startup Cost": 6.55, "Total Cost": 3745.86, "Plan Rows": 154, "Plan Width": 46, "Actual Startup Time": 40.471, "Actual Total Time": 40.471, "Actual Rows": 0, "Actual Loops": 1, "Inner Unique": true, "Plans": [{"Node Type": "Nested Loop", "Parent Relationship": "Outer", "Join Type": "Inner", "Startup Cost": 5.06, "Total Cost": 2896.68, "Plan Rows": 154, "Plan Width": 33, "Actual Startup Time": 40.47, "Actual Total Time": 40.47, "Actual Rows": 0, "Actual Loops": 1, "Inner Unique": true, "Join Filter": "(ml.link_type_id = lt.id)", "Rows Removed by Join Filter": 0, "Plans": [{"Node Type": "Nested Loop", "Parent Relationship": "Outer", "Join Type": "Inner", "Startup Cost": 5.06, "Total Cost": 2856.2, "Plan Rows": 154, "Plan Width": 25, "Actual Startup Time": 40.469, "Actual Total Time": 40.469, "Actual Rows": 0, "Actual Loops": 1, "Inner Unique": false, "Join Filter": "(t1.id = ml.movie_id)", "Rows Removed by Join Filter": 0, "Plans": [{"Node Type": "Nested Loop", "Parent Relationship": "Outer", "Join Type": "Inner", "Startup Cost": 4.77, "Total Cost": 2710.54, "Plan Rows": 33, "Plan Width": 25, "Actual Startup Time": 39.597, "Actual Total Time": 40.461, "Actual Rows": 1, "Actual Loops": 1, "Inner Unique": true, "Plans": [{"Node Type": "Nested Loop", "Parent Relationship": "Outer", "Join Type": "Inner", "Startup Cost": 4.51, "Total Cost": 2569.02, "Plan Rows": 33, "Plan Width": 4, "Actual Startup Time": 39.583, "Actual Total Time": 40.447, "Actual Rows": 1, "Actual Loops": 1, "Inner Unique": false, "Plans": [{"Node Type": "Seq Scan", "Parent Relationship": "Outer", "Relation Name": "keyword", "Alias": "k", "Startup Cost": 0.0, "Total Cost": 2436.11, "Plan Rows": 1, "Plan Width": 4, "Actual Startup Time": 39.546, "Actual Total Time": 40.408, "Actual Rows": 1, "Actual Loops": 1, "Filter": "((keyword)::text = '10,000-mile-club'::text)", "Rows Removed by Filter": 134168}, {"Node Type": "Bitmap Heap Scan", "Parent Relationship": "Inner", "Relation Name": "movie_keyword", "Alias": "mk", "Startup Cost": 4.51, "Total Cost": 132.58, "Plan Rows": 33, "Plan Width": 8, "Actual Startup Time": 0.029, "Actual Total Time": 0.03, "Actual Rows": 1, "Actual Loops": 1, "Recheck Cond": "(keyword_id = k.id)", "Rows Removed by Index Recheck": 0, "Exact Heap Blocks": 1, "Lossy Heap Blocks": 1, "Plans": [{"Node Type": "Bitmap Index Scan", "Parent Relationship": "Outer", "Index Name": "keyword_id_movie_keyword", "Startup Cost": 0.0, "Total Cost": 4.5, "Plan Rows": 33, "Plan Width": 0, "Actual Startup Time": 0.021, "Actual Total Time": 0.021, "Actual Rows": 1, "Actual Loops": 1, "Index Cond": "(keyword_id = k.id)"}]}]}, {"Node Type": "Bitmap Heap Scan", "Parent Relationship": "Inner", "Relation Name": "title", "Alias": "t1", "Startup Cost": 0.27, "Total Cost": 4.28, "Plan Rows": 1, "Plan Width": 21, "Actual Startup Time": 0.012, "Actual Total Time": 0.012, "Actual Rows": 1, "Actual Loops": 1, "Recheck Cond": "(id = mk.movie_id)", "Rows Removed by Index Recheck": 0, "Exact Heap Blocks": 1, "Lossy Heap Blocks": 1, "Plans": [{"Node Type": "Bitmap Index Scan", "Parent Relationship": "Outer", "Index Name": "title_pkey", "Startup Cost": 0.0, "Total Cost": 0.27, "Plan Rows": 1, "Plan Width": 0, "Actual Startup Time": 0.008, "Actual Total Time": 0.008, "Actual Rows": 1, "Actual Loops": 1, "Index Cond": "(id = mk.movie_id)"}]}]}, {"Node Type": "Bitmap Heap Scan", "Parent Relationship": "Inner", "Relation Name": "movie_link", "Alias": "ml", "Startup Cost": 0.29, "Total Cost": 4.35, "Plan Rows": 5, "Plan Width": 12, "Actual Startup Time": 0.005, "Actual Total Time": 0.005, "Actual Rows": 0, "Actual Loops": 1, "Recheck Cond": "(movie_id = mk.movie_id)", "Rows Removed by Index Recheck": 0, "Exact Heap Blocks": 0, "Lossy Heap Blocks": 0, "Plans": [{"Node Type": "Bitmap Index Scan", "Parent Relationship": "Outer", "Index Name": "movie_id_movie_link", "Startup Cost": 0.0, "Total Cost": 0.29, "Plan Rows": 5, "Plan Width": 0, "Actual Startup Time": 0.003, "Actual Total Time": 0.003, "Actual Rows": 0, "Actual Loops": 1, "Index Cond": "(movie_id = mk.movie_id)"}]}]}, {"Node Type": "Materialize", "Parent Relationship": "Inner", "Startup Cost": 0.0, "Total Cost": 1.25, "Plan Rows": 17, "Plan Width": 16, "Actual Startup Time": 0.0, "Actual Total Time": 0.0, "Plans": [{"Node Type": "Seq Scan", "Parent Relationship": "Outer", "Relation Name": "link_type", "Alias": "lt", "Startup Cost": 0.0, "Total Cost": 1.17, "Plan Rows": 17, "Plan Width": 16, "Actual Startup Time": 0.0, "Actual Total Time": 0.0}]}]}, {"Node Type": "Bitmap Heap Scan", "Parent Relationship": "Inner", "Relation Name": "title", "Alias": "t2", "Startup Cost": 1.49, "Total Cost": 5.5, "Plan Rows": 1, "Plan Width": 21, "Actual Startup Time": 0.0, "Actual Total Time": 0.0, "Recheck Cond": "(id = ml.linked_movie_id)", "Rows Removed by Index Recheck": 0, "Exact Heap Blocks": 0, "Lossy Heap Blocks": 0, "Plans": [{"Node Type": "Bitmap Index Scan", "Parent Relationship": "Outer", "Index Name": "title_pkey", "Startup Cost": 0.0, "Total Cost": 1.49, "Plan Rows": 1, "Plan Width": 0, "Actual Startup Time": 0.0, "Actual Total Time": 0.0, "Index Cond": "(id = ml.linked_movie_id)"}]}]}]}, "Triggers": [], "Planner Runtime": 4, "Total Runtime": 40.699, "Unique SQL Id": 524435555}}, "(64, 115)": {"explain_plan": {"Plan": {"Node Type": "Aggregate", "Strategy": "Plain", "Startup Cost": 4477.45, "Total Cost": 4477.46, "Plan Rows": 1, "Plan Width": 142, "Plans": [{"Node Type": "Nested Loop", "Parent Relationship": "Outer", "Join Type": "Inner", "Startup Cost": 733.99, "Total Cost": 4476.3, "Plan Rows": 154, "Plan Width": 46, "Inner Unique": true, "Plans": [{"Node Type": "Nested Loop", "Parent Relationship": "Outer", "Join Type": "Inner", "Startup Cost": 732.5, "Total Cost": 3627.12, "Plan Rows": 154, "Plan Width": 33, "Inner Unique": true, "Join Filter": "(ml.link_type_id = lt.id)", "Plans": [{"Node Type": "Nested Loop", "Parent Relationship": "Outer", "Join Type": "Inner", "Startup Cost": 724.16, "Total Cost": 3575.3, "Plan Rows": 154, "Plan Width": 25, "Inner Unique": false, "Join Filter": "(t1.id = ml.movie_id)", "Plans": [{"Node Type": "Nested Loop", "Parent Relationship": "Outer", "Join Type": "Inner", "Startup Cost": 723.87, "Total Cost": 3429.64, "Plan Rows": 33, "Plan Width": 25, "Inner Unique": true, "Plans": [{"Node Type": "Nested Loop", "Parent Relationship": "Outer", "Join Type": "Inner", "Startup Cost": 723.6, "Total Cost": 3288.12, "Plan Rows": 33, "Plan Width": 4, "Inner Unique": false, "Plans": [{"Node Type": "Bitmap Heap Scan", "Parent Relationship": "Outer", "Relation Name": "keyword", "Alias": "k", "Startup Cost": 719.1, "Total Cost": 3155.21, "Plan Rows": 1, "Plan Width": 4, "Filter": "((keyword)::text = '10,000-mile-club'::text)", "Plans": [{"Node Type": "Bitmap Index Scan", "Parent Relationship": "Outer", "Index Name": "keyword_pkey", "Startup Cost": 0.0, "Total Cost": 719.1, "Plan Rows": 134169, "Plan Width": 0}]}, {"Node Type": "Bitmap Heap Scan", "Parent Relationship": "Inner", "Relation Name": "movie_keyword", "Alias": "mk", "Startup Cost": 4.51, "Total Cost": 132.58, "Plan Rows": 33, "Plan Width": 8, "Recheck Cond": "(keyword_id = k.id)", "Plans": [{"Node Type": "Bitmap Index Scan", "Parent Relationship": "Outer", "Index Name": "keyword_id_movie_keyword", "Startup Cost": 0.0, "Total Cost": 4.5, "Plan Rows": 33, "Plan Width": 0, "Index Cond": "(keyword_id = k.id)"}]}]}, {"Node Type": "Bitmap Heap Scan", "Parent Relationship": "Inner", "Relation Name": "title", "Alias": "t1", "Startup Cost": 0.27, "Total Cost": 4.28, "Plan Rows": 1, "Plan Width": 21, "Recheck Cond": "(id = mk.movie_id)", "Plans": [{"Node Type": "Bitmap Index Scan", "Parent Relationship": "Outer", "Index Name": "title_pkey", "Startup Cost": 0.0, "Total Cost": 0.27, "Plan Rows": 1, "Plan Width": 0, "Index Cond": "(id = mk.movie_id)"}]}]}, {"Node Type": "Bitmap Heap Scan", "Parent Relationship": "Inner", "Relation Name": "movie_link", "Alias": "ml", "Startup Cost": 0.29, "Total Cost": 4.35, "Plan Rows": 5, "Plan Width": 12, "Recheck Cond": "(movie_id = mk.movie_id)", "Plans": [{"Node Type": "Bitmap Index Scan", "Parent Relationship": "Outer", "Index Name": "movie_id_movie_link", "Startup Cost": 0.0, "Total Cost": 0.29, "Plan Rows": 5, "Plan Width": 0, "Index Cond": "(movie_id = mk.movie_id)"}]}]}, {"Node Type": "Materialize", "Parent Relationship": "Inner", "Startup Cost": 8.34, "Total Cost": 12.59, "Plan Rows": 17, "Plan Width": 16, "Plans": [{"Node Type": "Bitmap Heap Scan", "Parent Relationship": "Outer", "Relation Name": "link_type", "Alias": "lt", "Startup Cost": 8.34, "Total Cost": 12.51, "Plan Rows": 17, "Plan Width": 16, "Plans": [{"Node Type": "Bitmap Index Scan", "Parent Relationship": "Outer", "Index Name": "link_type_pkey", "Startup Cost": 0.0, "Total Cost": 8.34, "Plan Rows": 17, "Plan Width": 0}]}]}]}, {"Node Type": "Bitmap Heap Scan", "Parent Relationship": "Inner", "Relation Name": "title", "Alias": "t2", "Startup Cost": 1.49, "Total Cost": 5.5, "Plan Rows": 1, "Plan Width": 21, "Recheck Cond": "(id = ml.linked_movie_id)", "Plans": [{"Node Type": "Bitmap Index Scan", "Parent Relationship": "Outer", "Index Name": "title_pkey", "Startup Cost": 0.0, "Total Cost": 1.49, "Plan Rows": 1, "Plan Width": 0, "Index Cond": "(id = ml.linked_movie_id)"}]}]}]}, "Unique SQL Id": 524435555, "Planner Runtime": 3}, "explain_analyze_plan": {"Plan": {"Node Type": "Aggregate", "Strategy": "Plain", "Startup Cost": 4477.45, "Total Cost": 4477.46, "Plan Rows": 1, "Plan Width": 142, "Actual Startup Time": 60.915, "Actual Total Time": 60.915, "Actual Rows": 1, "Actual Loops": 1, "Plans": [{"Node Type": "Nested Loop", "Parent Relationship": "Outer", "Join Type": "Inner", "Startup Cost": 733.99, "Total Cost": 4476.3, "Plan Rows": 154, "Plan Width": 46, "Actual Startup Time": 60.909, "Actual Total Time": 60.909, "Actual Rows": 0, "Actual Loops": 1, "Inner Unique": true, "Plans": [{"Node Type": "Nested Loop", "Parent Relationship": "Outer", "Join Type": "Inner", "Startup Cost": 732.5, "Total Cost": 3627.12, "Plan Rows": 154, "Plan Width": 33, "Actual Startup Time": 60.907, "Actual Total Time": 60.907, "Actual Rows": 0, "Actual Loops": 1, "Inner Unique": true, "Join Filter": "(ml.link_type_id = lt.id)", "Rows Removed by Join Filter": 0, "Plans": [{"Node Type": "Nested Loop", "Parent Relationship": "Outer", "Join Type": "Inner", "Startup Cost": 724.16, "Total Cost": 3575.3, "Plan Rows": 154, "Plan Width": 25, "Actual Startup Time": 60.907, "Actual Total Time": 60.907, "Actual Rows": 0, "Actual Loops": 1, "Inner Unique": false, "Join Filter": "(t1.id = ml.movie_id)", "Rows Removed by Join Filter": 0, "Plans": [{"Node Type": "Nested Loop", "Parent Relationship": "Outer", "Join Type": "Inner", "Startup Cost": 723.87, "Total Cost": 3429.64, "Plan Rows": 33, "Plan Width": 25, "Actual Startup Time": 59.843, "Actual Total Time": 60.9, "Actual Rows": 1, "Actual Loops": 1, "Inner Unique": true, "Plans": [{"Node Type": "Nested Loop", "Parent Relationship": "Outer", "Join Type": "Inner", "Startup Cost": 723.6, "Total Cost": 3288.12, "Plan Rows": 33, "Plan Width": 4, "Actual Startup Time": 59.827, "Actual Total Time": 60.883, "Actual Rows": 1, "Actual Loops": 1, "Inner Unique": false, "Plans": [{"Node Type": "Bitmap Heap Scan", "Parent Relationship": "Outer", "Relation Name": "keyword", "Alias": "k", "Startup Cost": 719.1, "Total Cost": 3155.21, "Plan Rows": 1, "Plan Width": 4, "Actual Startup Time": 59.791, "Actual Total Time": 60.845, "Actual Rows": 1, "Actual Loops": 1, "Filter": "((keyword)::text = '10,000-mile-club'::text)", "Rows Removed by Filter": 134168, "Exact Heap Blocks": 759, "Lossy Heap Blocks": 759, "Plans": [{"Node Type": "Bitmap Index Scan", "Parent Relationship": "Outer", "Index Name": "keyword_pkey", "Startup Cost": 0.0, "Total Cost": 719.1, "Plan Rows": 134169, "Plan Width": 0, "Actual Startup Time": 11.453, "Actual Total Time": 11.453, "Actual Rows": 134169, "Actual Loops": 1}]}, {"Node Type": "Bitmap Heap Scan", "Parent Relationship": "Inner", "Relation Name": "movie_keyword", "Alias": "mk", "Startup Cost": 4.51, "Total Cost": 132.58, "Plan Rows": 33, "Plan Width": 8, "Actual Startup Time": 0.024, "Actual Total Time": 0.024, "Actual Rows": 1, "Actual Loops": 1, "Recheck Cond": "(keyword_id = k.id)", "Rows Removed by Index Recheck": 0, "Exact Heap Blocks": 1, "Lossy Heap Blocks": 1, "Plans": [{"Node Type": "Bitmap Index Scan", "Parent Relationship": "Outer", "Index Name": "keyword_id_movie_keyword", "Startup Cost": 0.0, "Total Cost": 4.5, "Plan Rows": 33, "Plan Width": 0, "Actual Startup Time": 0.016, "Actual Total Time": 0.016, "Actual Rows": 1, "Actual Loops": 1, "Index Cond": "(keyword_id = k.id)"}]}]}, {"Node Type": "Bitmap Heap Scan", "Parent Relationship": "Inner", "Relation Name": "title", "Alias": "t1", "Startup Cost": 0.27, "Total Cost": 4.28, "Plan Rows": 1, "Plan Width": 21, "Actual Startup Time": 0.012, "Actual Total Time": 0.012, "Actual Rows": 1, "Actual Loops": 1, "Recheck Cond": "(id = mk.movie_id)", "Rows Removed by Index Recheck": 0, "Exact Heap Blocks": 1, "Lossy Heap Blocks": 1, "Plans": [{"Node Type": "Bitmap Index Scan", "Parent Relationship": "Outer", "Index Name": "title_pkey", "Startup Cost": 0.0, "Total Cost": 0.27, "Plan Rows": 1, "Plan Width": 0, "Actual Startup Time": 0.008, "Actual Total Time": 0.008, "Actual Rows": 1, "Actual Loops": 1, "Index Cond": "(id = mk.movie_id)"}]}]}, {"Node Type": "Bitmap Heap Scan", "Parent Relationship": "Inner", "Relation Name": "movie_link", "Alias": "ml", "Startup Cost": 0.29, "Total Cost": 4.35, "Plan Rows": 5, "Plan Width": 12, "Actual Startup Time": 0.004, "Actual Total Time": 0.004, "Actual Rows": 0, "Actual Loops": 1, "Recheck Cond": "(movie_id = mk.movie_id)", "Rows Removed by Index Recheck": 0, "Exact Heap Blocks": 0, "Lossy Heap Blocks": 0, "Plans": [{"Node Type": "Bitmap Index Scan", "Parent Relationship": "Outer", "Index Name": "movie_id_movie_link", "Startup Cost": 0.0, "Total Cost": 0.29, "Plan Rows": 5, "Plan Width": 0, "Actual Startup Time": 0.002, "Actual Total Time": 0.002, "Actual Rows": 0, "Actual Loops": 1, "Index Cond": "(movie_id = mk.movie_id)"}]}]}, {"Node Type": "Materialize", "Parent Relationship": "Inner", "Startup Cost": 8.34, "Total Cost": 12.59, "Plan Rows": 17, "Plan Width": 16, "Actual Startup Time": 0.0, "Actual Total Time": 0.0, "Plans": [{"Node Type": "Bitmap Heap Scan", "Parent Relationship": "Outer", "Relation Name": "link_type", "Alias": "lt", "Startup Cost": 8.34, "Total Cost": 12.51, "Plan Rows": 17, "Plan Width": 16, "Actual Startup Time": 0.0, "Actual Total Time": 0.0, "Exact Heap Blocks": 0, "Lossy Heap Blocks": 0, "Plans": [{"Node Type": "Bitmap Index Scan", "Parent Relationship": "Outer", "Index Name": "link_type_pkey", "Startup Cost": 0.0, "Total Cost": 8.34, "Plan Rows": 17, "Plan Width": 0, "Actual Startup Time": 0.0, "Actual Total Time": 0.0}]}]}]}, {"Node Type": "Bitmap Heap Scan", "Parent Relationship": "Inner", "Relation Name": "title", "Alias": "t2", "Startup Cost": 1.49, "Total Cost": 5.5, "Plan Rows": 1, "Plan Width": 21, "Actual Startup Time": 0.0, "Actual Total Time": 0.0, "Recheck Cond": "(id = ml.linked_movie_id)", "Rows Removed by Index Recheck": 0, "Exact Heap Blocks": 0, "Lossy Heap Blocks": 0, "Plans": [{"Node Type": "Bitmap Index Scan", "Parent Relationship": "Outer", "Index Name": "title_pkey", "Startup Cost": 0.0, "Total Cost": 1.49, "Plan Rows": 1, "Plan Width": 0, "Actual Startup Time": 0.0, "Actual Total Time": 0.0, "Index Cond": "(id = ml.linked_movie_id)"}]}]}]}, "Triggers": [], "Planner Runtime": 3, "Total Runtime": 61.181, "Unique SQL Id": 524435555}}, "(64, 116)": {"explain_plan": {"Plan": {"Node Type": "Aggregate", "Strategy": "Plain", "Startup Cost": 3297.98, "Total Cost": 3297.99, "Plan Rows": 1, "Plan Width": 142, "Plans": [{"Node Type": "Nested Loop", "Parent Relationship": "Outer", "Join Type": "Inner", "Startup Cost": 4.51, "Total Cost": 3296.82, "Plan Rows": 154, "Plan Width": 46, "Inner Unique": true, "Plans": [{"Node Type": "Nested Loop", "Parent Relationship": "Outer", "Join Type": "Inner", "Startup Cost": 4.51, "Total Cost": 2633.25, "Plan Rows": 154, "Plan Width": 33, "Inner Unique": true, "Join Filter": "(ml.link_type_id = lt.id)", "Plans": [{"Node Type": "Nested Loop", "Parent Relationship": "Outer", "Join Type": "Inner", "Startup Cost": 4.51, "Total Cost": 2592.76, "Plan Rows": 154, "Plan Width": 25, "Inner Unique": false, "Plans": [{"Node Type": "Nested Loop", "Parent Relationship": "Outer", "Join Type": "Inner", "Startup Cost": 4.51, "Total Cost": 2579.55, "Plan Rows": 33, "Plan Width": 25, "Inner Unique": true, "Plans": [{"Node Type": "Nested Loop", "Parent Relationship": "Outer", "Join Type": "Inner", "Startup Cost": 4.51, "Total Cost": 2569.02, "Plan Rows": 33, "Plan Width": 4, "Inner Unique": false, "Plans": [{"Node Type": "Seq Scan", "Parent Relationship": "Outer", "Relation Name": "keyword", "Alias": "k", "Startup Cost": 0.0, "Total Cost": 2436.11, "Plan Rows": 1, "Plan Width": 4, "Filter": "((keyword)::text = '10,000-mile-club'::text)"}, {"Node Type": "Bitmap Heap Scan", "Parent Relationship": "Inner", "Relation Name": "movie_keyword", "Alias": "mk", "Startup Cost": 4.51, "Total Cost": 132.58, "Plan Rows": 33, "Plan Width": 8, "Recheck Cond": "(keyword_id = k.id)", "Plans": [{"Node Type": "Bitmap Index Scan", "Parent Relationship": "Outer", "Index Name": "keyword_id_movie_keyword", "Startup Cost": 0.0, "Total Cost": 4.5, "Plan Rows": 33, "Plan Width": 0, "Index Cond": "(keyword_id = k.id)"}]}]}, {"Node Type": "Index Scan", "Parent Relationship": "Inner", "Scan Direction": "Forward", "Index Name": "title_pkey", "Relation Name": "title", "Alias": "t1", "Startup Cost": 0.0, "Total Cost": 0.31, "Plan Rows": 1, "Plan Width": 21, "Index Cond": "(id = mk.movie_id)"}]}, {"Node Type": "Index Scan", "Parent Relationship": "Inner", "Scan Direction": "Forward", "Index Name": "movie_id_movie_link", "Relation Name": "movie_link", "Alias": "ml", "Startup Cost": 0.0, "Total Cost": 0.35, "Plan Rows": 5, "Plan Width": 12, "Index Cond": "(movie_id = t1.id)"}]}, {"Node Type": "Materialize", "Parent Relationship": "Inner", "Startup Cost": 0.0, "Total Cost": 1.25, "Plan Rows": 17, "Plan Width": 16, "Plans": [{"Node Type": "Seq Scan", "Parent Relationship": "Outer", "Relation Name": "link_type", "Alias": "lt", "Startup Cost": 0.0, "Total Cost": 1.17, "Plan Rows": 17, "Plan Width": 16}]}]}, {"Node Type": "Index Scan", "Parent Relationship": "Inner", "Scan Direction": "Forward", "Index Name": "title_pkey", "Relation Name": "title", "Alias": "t2", "Startup Cost": 0.0, "Total Cost": 4.3, "Plan Rows": 1, "Plan Width": 21, "Index Cond": "(id = ml.linked_movie_id)"}]}]}, "Unique SQL Id": 524435555, "Planner Runtime": 3}, "explain_analyze_plan": {"Plan": {"Node Type": "Aggregate", "Strategy": "Plain", "Startup Cost": 3297.98, "Total Cost": 3297.99, "Plan Rows": 1, "Plan Width": 142, "Actual Startup Time": 40.462, "Actual Total Time": 40.462, "Actual Rows": 1, "Actual Loops": 1, "Plans": [{"Node Type": "Nested Loop", "Parent Relationship": "Outer", "Join Type": "Inner", "Startup Cost": 4.51, "Total Cost": 3296.82, "Plan Rows": 154, "Plan Width": 46, "Actual Startup Time": 40.458, "Actual Total Time": 40.458, "Actual Rows": 0, "Actual Loops": 1, "Inner Unique": true, "Plans": [{"Node Type": "Nested Loop", "Parent Relationship": "Outer", "Join Type": "Inner", "Startup Cost": 4.51, "Total Cost": 2633.25, "Plan Rows": 154, "Plan Width": 33, "Actual Startup Time": 40.456, "Actual Total Time": 40.456, "Actual Rows": 0, "Actual Loops": 1, "Inner Unique": true, "Join Filter": "(ml.link_type_id = lt.id)", "Rows Removed by Join Filter": 0, "Plans": [{"Node Type": "Nested Loop", "Parent Relationship": "Outer", "Join Type": "Inner", "Startup Cost": 4.51, "Total Cost": 2592.76, "Plan Rows": 154, "Plan Width": 25, "Actual Startup Time": 40.456, "Actual Total Time": 40.456, "Actual Rows": 0, "Actual Loops": 1, "Inner Unique": false, "Plans": [{"Node Type": "Nested Loop", "Parent Relationship": "Outer", "Join Type": "Inner", "Startup Cost": 4.51, "Total Cost": 2579.55, "Plan Rows": 33, "Plan Width": 25, "Actual Startup Time": 39.589, "Actual Total Time": 40.451, "Actual Rows": 1, "Actual Loops": 1, "Inner Unique": true, "Plans": [{"Node Type": "Nested Loop", "Parent Relationship": "Outer", "Join Type": "Inner", "Startup Cost": 4.51, "Total Cost": 2569.02, "Plan Rows": 33, "Plan Width": 4, "Actual Startup Time": 39.573, "Actual Total Time": 40.434, "Actual Rows": 1, "Actual Loops": 1, "Inner Unique": false, "Plans": [{"Node Type": "Seq Scan", "Parent Relationship": "Outer", "Relation Name": "keyword", "Alias": "k", "Startup Cost": 0.0, "Total Cost": 2436.11, "Plan Rows": 1, "Plan Width": 4, "Actual Startup Time": 39.539, "Actual Total Time": 40.398, "Actual Rows": 1, "Actual Loops": 1, "Filter": "((keyword)::text = '10,000-mile-club'::text)", "Rows Removed by Filter": 134168}, {"Node Type": "Bitmap Heap Scan", "Parent Relationship": "Inner", "Relation Name": "movie_keyword", "Alias": "mk", "Startup Cost": 4.51, "Total Cost": 132.58, "Plan Rows": 33, "Plan Width": 8, "Actual Startup Time": 0.025, "Actual Total Time": 0.026, "Actual Rows": 1, "Actual Loops": 1, "Recheck Cond": "(keyword_id = k.id)", "Rows Removed by Index Recheck": 0, "Exact Heap Blocks": 1, "Lossy Heap Blocks": 1, "Plans": [{"Node Type": "Bitmap Index Scan", "Parent Relationship": "Outer", "Index Name": "keyword_id_movie_keyword", "Startup Cost": 0.0, "Total Cost": 4.5, "Plan Rows": 33, "Plan Width": 0, "Actual Startup Time": 0.016, "Actual Total Time": 0.016, "Actual Rows": 1, "Actual Loops": 1, "Index Cond": "(keyword_id = k.id)"}]}]}, {"Node Type": "Index Scan", "Parent Relationship": "Inner", "Scan Direction": "Forward", "Index Name": "title_pkey", "Relation Name": "title", "Alias": "t1", "Startup Cost": 0.0, "Total Cost": 0.31, "Plan Rows": 1, "Plan Width": 21, "Actual Startup Time": 0.014, "Actual Total Time": 0.014, "Actual Rows": 1, "Actual Loops": 1, "Index Cond": "(id = mk.movie_id)", "Rows Removed by Index Recheck": 0}]}, {"Node Type": "Index Scan", "Parent Relationship": "Inner", "Scan Direction": "Forward", "Index Name": "movie_id_movie_link", "Relation Name": "movie_link", "Alias": "ml", "Startup Cost": 0.0, "Total Cost": 0.35, "Plan Rows": 5, "Plan Width": 12, "Actual Startup Time": 0.003, "Actual Total Time": 0.003, "Actual Rows": 0, "Actual Loops": 1, "Index Cond": "(movie_id = t1.id)", "Rows Removed by Index Recheck": 0}]}, {"Node Type": "Materialize", "Parent Relationship": "Inner", "Startup Cost": 0.0, "Total Cost": 1.25, "Plan Rows": 17, "Plan Width": 16, "Actual Startup Time": 0.0, "Actual Total Time": 0.0, "Plans": [{"Node Type": "Seq Scan", "Parent Relationship": "Outer", "Relation Name": "link_type", "Alias": "lt", "Startup Cost": 0.0, "Total Cost": 1.17, "Plan Rows": 17, "Plan Width": 16, "Actual Startup Time": 0.0, "Actual Total Time": 0.0}]}]}, {"Node Type": "Index Scan", "Parent Relationship": "Inner", "Scan Direction": "Forward", "Index Name": "title_pkey", "Relation Name": "title", "Alias": "t2", "Startup Cost": 0.0, "Total Cost": 4.3, "Plan Rows": 1, "Plan Width": 21, "Actual Startup Time": 0.0, "Actual Total Time": 0.0, "Index Cond": "(id = ml.linked_movie_id)", "Rows Removed by Index Recheck": 0}]}]}, "Triggers": [], "Planner Runtime": 3, "Total Runtime": 40.678, "Unique SQL Id": 524435555}}, "(64, 117)": {"explain_plan": {"Plan": {"Node Type": "Aggregate", "Strategy": "Plain", "Startup Cost": 4047.28, "Total Cost": 4047.29, "Plan Rows": 1, "Plan Width": 142, "Plans": [{"Node Type": "Nested Loop", "Parent Relationship": "Outer", "Join Type": "Inner", "Startup Cost": 4.51, "Total Cost": 4046.12, "Plan Rows": 154, "Plan Width": 46, "Inner Unique": true, "Plans": [{"Node Type": "Nested Loop", "Parent Relationship": "Outer", "Join Type": "Inner", "Startup Cost": 4.51, "Total Cost": 3382.55, "Plan Rows": 154, "Plan Width": 33, "Inner Unique": true, "Plans": [{"Node Type": "Nested Loop", "Parent Relationship": "Outer", "Join Type": "Inner", "Startup Cost": 4.51, "Total Cost": 3339.37, "Plan Rows": 154, "Plan Width": 25, "Inner Unique": false, "Plans": [{"Node Type": "Nested Loop", "Parent Relationship": "Outer", "Join Type": "Inner", "Startup Cost": 4.51, "Total Cost": 3326.15, "Plan Rows": 33, "Plan Width": 25, "Inner Unique": true, "Plans": [{"Node Type": "Nested Loop", "Parent Relationship": "Outer", "Join Type": "Inner", "Startup Cost": 4.51, "Total Cost": 3315.63, "Plan Rows": 33, "Plan Width": 4, "Inner Unique": false, "Plans": [{"Node Type": "Index Scan", "Parent Relationship": "Outer", "Scan Direction": "Forward", "Index Name": "keyword_pkey", "Relation Name": "keyword", "Alias": "k", "Startup Cost": 0.0, "Total Cost": 3182.72, "Plan Rows": 1, "Plan Width": 4, "Filter": "((keyword)::text = '10,000-mile-club'::text)"}, {"Node Type": "Bitmap Heap Scan", "Parent Relationship": "Inner", "Relation Name": "movie_keyword", "Alias": "mk", "Startup Cost": 4.51, "Total Cost": 132.58, "Plan Rows": 33, "Plan Width": 8, "Recheck Cond": "(keyword_id = k.id)", "Plans": [{"Node Type": "Bitmap Index Scan", "Parent Relationship": "Outer", "Index Name": "keyword_id_movie_keyword", "Startup Cost": 0.0, "Total Cost": 4.5, "Plan Rows": 33, "Plan Width": 0, "Index Cond": "(keyword_id = k.id)"}]}]}, {"Node Type": "Index Scan", "Parent Relationship": "Inner", "Scan Direction": "Forward", "Index Name": "title_pkey", "Relation Name": "title", "Alias": "t1", "Startup Cost": 0.0, "Total Cost": 0.31, "Plan Rows": 1, "Plan Width": 21, "Index Cond": "(id = mk.movie_id)"}]}, {"Node Type": "Index Scan", "Parent Relationship": "Inner", "Scan Direction": "Forward", "Index Name": "movie_id_movie_link", "Relation Name": "movie_link", "Alias": "ml", "Startup Cost": 0.0, "Total Cost": 0.35, "Plan Rows": 5, "Plan Width": 12, "Index Cond": "(movie_id = t1.id)"}]}, {"Node Type": "Index Scan", "Parent Relationship": "Inner", "Scan Direction": "Forward", "Index Name": "link_type_pkey", "Relation Name": "link_type", "Alias": "lt", "Startup Cost": 0.0, "Total Cost": 0.27, "Plan Rows": 1, "Plan Width": 16, "Index Cond": "(id = ml.link_type_id)"}]}, {"Node Type": "Index Scan", "Parent Relationship": "Inner", "Scan Direction": "Forward", "Index Name": "title_pkey", "Relation Name": "title", "Alias": "t2", "Startup Cost": 0.0, "Total Cost": 4.3, "Plan Rows": 1, "Plan Width": 21, "Index Cond": "(id = ml.linked_movie_id)"}]}]}, "Unique SQL Id": 524435555, "Planner Runtime": 2}, "explain_analyze_plan": {"Plan": {"Node Type": "Aggregate", "Strategy": "Plain", "Startup Cost": 4047.28, "Total Cost": 4047.29, "Plan Rows": 1, "Plan Width": 142, "Actual Startup Time": 114.984, "Actual Total Time": 114.985, "Actual Rows": 1, "Actual Loops": 1, "Plans": [{"Node Type": "Nested Loop", "Parent Relationship": "Outer", "Join Type": "Inner", "Startup Cost": 4.51, "Total Cost": 4046.12, "Plan Rows": 154, "Plan Width": 46, "Actual Startup Time": 114.978, "Actual Total Time": 114.978, "Actual Rows": 0, "Actual Loops": 1, "Inner Unique": true, "Plans": [{"Node Type": "Nested Loop", "Parent Relationship": "Outer", "Join Type": "Inner", "Startup Cost": 4.51, "Total Cost": 3382.55, "Plan Rows": 154, "Plan Width": 33, "Actual Startup Time": 114.977, "Actual Total Time": 114.977, "Actual Rows": 0, "Actual Loops": 1, "Inner Unique": true, "Plans": [{"Node Type": "Nested Loop", "Parent Relationship": "Outer", "Join Type": "Inner", "Startup Cost": 4.51, "Total Cost": 3339.37, "Plan Rows": 154, "Plan Width": 25, "Actual Startup Time": 114.976, "Actual Total Time": 114.976, "Actual Rows": 0, "Actual Loops": 1, "Inner Unique": false, "Plans": [{"Node Type": "Nested Loop", "Parent Relationship": "Outer", "Join Type": "Inner", "Startup Cost": 4.51, "Total Cost": 3326.15, "Plan Rows": 33, "Plan Width": 25, "Actual Startup Time": 113.117, "Actual Total Time": 114.965, "Actual Rows": 1, "Actual Loops": 1, "Inner Unique": true, "Plans": [{"Node Type": "Nested Loop", "Parent Relationship": "Outer", "Join Type": "Inner", "Startup Cost": 4.51, "Total Cost": 3315.63, "Plan Rows": 33, "Plan Width": 4, "Actual Startup Time": 113.093, "Actual Total Time": 114.94, "Actual Rows": 1, "Actual Loops": 1, "Inner Unique": false, "Plans": [{"Node Type": "Index Scan", "Parent Relationship": "Outer", "Scan Direction": "Forward", "Index Name": "keyword_pkey", "Relation Name": "keyword", "Alias": "k", "Startup Cost": 0.0, "Total Cost": 3182.72, "Plan Rows": 1, "Plan Width": 4, "Actual Startup Time": 113.04, "Actual Total Time": 114.886, "Actual Rows": 1, "Actual Loops": 1, "Filter": "((keyword)::text = '10,000-mile-club'::text)", "Rows Removed by Filter": 134168}, {"Node Type": "Bitmap Heap Scan", "Parent Relationship": "Inner", "Relation Name": "movie_keyword", "Alias": "mk", "Startup Cost": 4.51, "Total Cost": 132.58, "Plan Rows": 33, "Plan Width": 8, "Actual Startup Time": 0.033, "Actual Total Time": 0.033, "Actual Rows": 1, "Actual Loops": 1, "Recheck Cond": "(keyword_id = k.id)", "Rows Removed by Index Recheck": 0, "Exact Heap Blocks": 1, "Lossy Heap Blocks": 1, "Plans": [{"Node Type": "Bitmap Index Scan", "Parent Relationship": "Outer", "Index Name": "keyword_id_movie_keyword", "Startup Cost": 0.0, "Total Cost": 4.5, "Plan Rows": 33, "Plan Width": 0, "Actual Startup Time": 0.02, "Actual Total Time": 0.02, "Actual Rows": 1, "Actual Loops": 1, "Index Cond": "(keyword_id = k.id)"}]}]}, {"Node Type": "Index Scan", "Parent Relationship": "Inner", "Scan Direction": "Forward", "Index Name": "title_pkey", "Relation Name": "title", "Alias": "t1", "Startup Cost": 0.0, "Total Cost": 0.31, "Plan Rows": 1, "Plan Width": 21, "Actual Startup Time": 0.017, "Actual Total Time": 0.017, "Actual Rows": 1, "Actual Loops": 1, "Index Cond": "(id = mk.movie_id)", "Rows Removed by Index Recheck": 0}]}, {"Node Type": "Index Scan", "Parent Relationship": "Inner", "Scan Direction": "Forward", "Index Name": "movie_id_movie_link", "Relation Name": "movie_link", "Alias": "ml", "Startup Cost": 0.0, "Total Cost": 0.35, "Plan Rows": 5, "Plan Width": 12, "Actual Startup Time": 0.006, "Actual Total Time": 0.006, "Actual Rows": 0, "Actual Loops": 1, "Index Cond": "(movie_id = t1.id)", "Rows Removed by Index Recheck": 0}]}, {"Node Type": "Index Scan", "Parent Relationship": "Inner", "Scan Direction": "Forward", "Index Name": "link_type_pkey", "Relation Name": "link_type", "Alias": "lt", "Startup Cost": 0.0, "Total Cost": 0.27, "Plan Rows": 1, "Plan Width": 16, "Actual Startup Time": 0.0, "Actual Total Time": 0.0, "Index Cond": "(id = ml.link_type_id)", "Rows Removed by Index Recheck": 0}]}, {"Node Type": "Index Scan", "Parent Relationship": "Inner", "Scan Direction": "Forward", "Index Name": "title_pkey", "Relation Name": "title", "Alias": "t2", "Startup Cost": 0.0, "Total Cost": 4.3, "Plan Rows": 1, "Plan Width": 21, "Actual Startup Time": 0.0, "Actual Total Time": 0.0, "Index Cond": "(id = ml.linked_movie_id)", "Rows Removed by Index Recheck": 0}]}]}, "Triggers": [], "Planner Runtime": 2, "Total Runtime": 115.266, "Unique SQL Id": 524435555}}, "(64, 118)": {"explain_plan": {"Plan": {"Node Type": "Aggregate", "Strategy": "Plain", "Startup Cost": 3747.02, "Total Cost": 3747.03, "Plan Rows": 1, "Plan Width": 142, "Plans": [{"Node Type": "Nested Loop", "Parent Relationship": "Outer", "Join Type": "Inner", "Startup Cost": 6.55, "Total Cost": 3745.86, "Plan Rows": 154, "Plan Width": 46, "Inner Unique": true, "Plans": [{"Node Type": "Nested Loop", "Parent Relationship": "Outer", "Join Type": "Inner", "Startup Cost": 5.06, "Total Cost": 2896.68, "Plan Rows": 154, "Plan Width": 33, "Inner Unique": true, "Join Filter": "(ml.link_type_id = lt.id)", "Plans": [{"Node Type": "Nested Loop", "Parent Relationship": "Outer", "Join Type": "Inner", "Startup Cost": 5.06, "Total Cost": 2856.2, "Plan Rows": 154, "Plan Width": 25, "Inner Unique": false, "Join Filter": "(t1.id = ml.movie_id)", "Plans": [{"Node Type": "Nested Loop", "Parent Relationship": "Outer", "Join Type": "Inner", "Startup Cost": 4.77, "Total Cost": 2710.54, "Plan Rows": 33, "Plan Width": 25, "Inner Unique": true, "Plans": [{"Node Type": "Nested Loop", "Parent Relationship": "Outer", "Join Type": "Inner", "Startup Cost": 4.51, "Total Cost": 2569.02, "Plan Rows": 33, "Plan Width": 4, "Inner Unique": false, "Plans": [{"Node Type": "Seq Scan", "Parent Relationship": "Outer", "Relation Name": "keyword", "Alias": "k", "Startup Cost": 0.0, "Total Cost": 2436.11, "Plan Rows": 1, "Plan Width": 4, "Filter": "((keyword)::text = '10,000-mile-club'::text)"}, {"Node Type": "Bitmap Heap Scan", "Parent Relationship": "Inner", "Relation Name": "movie_keyword", "Alias": "mk", "Startup Cost": 4.51, "Total Cost": 132.58, "Plan Rows": 33, "Plan Width": 8, "Recheck Cond": "(keyword_id = k.id)", "Plans": [{"Node Type": "Bitmap Index Scan", "Parent Relationship": "Outer", "Index Name": "keyword_id_movie_keyword", "Startup Cost": 0.0, "Total Cost": 4.5, "Plan Rows": 33, "Plan Width": 0, "Index Cond": "(keyword_id = k.id)"}]}]}, {"Node Type": "Bitmap Heap Scan", "Parent Relationship": "Inner", "Relation Name": "title", "Alias": "t1", "Startup Cost": 0.27, "Total Cost": 4.28, "Plan Rows": 1, "Plan Width": 21, "Recheck Cond": "(id = mk.movie_id)", "Plans": [{"Node Type": "Bitmap Index Scan", "Parent Relationship": "Outer", "Index Name": "title_pkey", "Startup Cost": 0.0, "Total Cost": 0.27, "Plan Rows": 1, "Plan Width": 0, "Index Cond": "(id = mk.movie_id)"}]}]}, {"Node Type": "Bitmap Heap Scan", "Parent Relationship": "Inner", "Relation Name": "movie_link", "Alias": "ml", "Startup Cost": 0.29, "Total Cost": 4.35, "Plan Rows": 5, "Plan Width": 12, "Recheck Cond": "(movie_id = mk.movie_id)", "Plans": [{"Node Type": "Bitmap Index Scan", "Parent Relationship": "Outer", "Index Name": "movie_id_movie_link", "Startup Cost": 0.0, "Total Cost": 0.29, "Plan Rows": 5, "Plan Width": 0, "Index Cond": "(movie_id = mk.movie_id)"}]}]}, {"Node Type": "Materialize", "Parent Relationship": "Inner", "Startup Cost": 0.0, "Total Cost": 1.25, "Plan Rows": 17, "Plan Width": 16, "Plans": [{"Node Type": "Seq Scan", "Parent Relationship": "Outer", "Relation Name": "link_type", "Alias": "lt", "Startup Cost": 0.0, "Total Cost": 1.17, "Plan Rows": 17, "Plan Width": 16}]}]}, {"Node Type": "Bitmap Heap Scan", "Parent Relationship": "Inner", "Relation Name": "title", "Alias": "t2", "Startup Cost": 1.49, "Total Cost": 5.5, "Plan Rows": 1, "Plan Width": 21, "Recheck Cond": "(id = ml.linked_movie_id)", "Plans": [{"Node Type": "Bitmap Index Scan", "Parent Relationship": "Outer", "Index Name": "title_pkey", "Startup Cost": 0.0, "Total Cost": 1.49, "Plan Rows": 1, "Plan Width": 0, "Index Cond": "(id = ml.linked_movie_id)"}]}]}]}, "Unique SQL Id": 524435555, "Planner Runtime": 4}, "explain_analyze_plan": {"Plan": {"Node Type": "Aggregate", "Strategy": "Plain", "Startup Cost": 3747.02, "Total Cost": 3747.03, "Plan Rows": 1, "Plan Width": 142, "Actual Startup Time": 40.475, "Actual Total Time": 40.475, "Actual Rows": 1, "Actual Loops": 1, "Plans": [{"Node Type": "Nested Loop", "Parent Relationship": "Outer", "Join Type": "Inner", "Startup Cost": 6.55, "Total Cost": 3745.86, "Plan Rows": 154, "Plan Width": 46, "Actual Startup Time": 40.471, "Actual Total Time": 40.471, "Actual Rows": 0, "Actual Loops": 1, "Inner Unique": true, "Plans": [{"Node Type": "Nested Loop", "Parent Relationship": "Outer", "Join Type": "Inner", "Startup Cost": 5.06, "Total Cost": 2896.68, "Plan Rows": 154, "Plan Width": 33, "Actual Startup Time": 40.47, "Actual Total Time": 40.47, "Actual Rows": 0, "Actual Loops": 1, "Inner Unique": true, "Join Filter": "(ml.link_type_id = lt.id)", "Rows Removed by Join Filter": 0, "Plans": [{"Node Type": "Nested Loop", "Parent Relationship": "Outer", "Join Type": "Inner", "Startup Cost": 5.06, "Total Cost": 2856.2, "Plan Rows": 154, "Plan Width": 25, "Actual Startup Time": 40.469, "Actual Total Time": 40.469, "Actual Rows": 0, "Actual Loops": 1, "Inner Unique": false, "Join Filter": "(t1.id = ml.movie_id)", "Rows Removed by Join Filter": 0, "Plans": [{"Node Type": "Nested Loop", "Parent Relationship": "Outer", "Join Type": "Inner", "Startup Cost": 4.77, "Total Cost": 2710.54, "Plan Rows": 33, "Plan Width": 25, "Actual Startup Time": 39.597, "Actual Total Time": 40.461, "Actual Rows": 1, "Actual Loops": 1, "Inner Unique": true, "Plans": [{"Node Type": "Nested Loop", "Parent Relationship": "Outer", "Join Type": "Inner", "Startup Cost": 4.51, "Total Cost": 2569.02, "Plan Rows": 33, "Plan Width": 4, "Actual Startup Time": 39.583, "Actual Total Time": 40.447, "Actual Rows": 1, "Actual Loops": 1, "Inner Unique": false, "Plans": [{"Node Type": "Seq Scan", "Parent Relationship": "Outer", "Relation Name": "keyword", "Alias": "k", "Startup Cost": 0.0, "Total Cost": 2436.11, "Plan Rows": 1, "Plan Width": 4, "Actual Startup Time": 39.546, "Actual Total Time": 40.408, "Actual Rows": 1, "Actual Loops": 1, "Filter": "((keyword)::text = '10,000-mile-club'::text)", "Rows Removed by Filter": 134168}, {"Node Type": "Bitmap Heap Scan", "Parent Relationship": "Inner", "Relation Name": "movie_keyword", "Alias": "mk", "Startup Cost": 4.51, "Total Cost": 132.58, "Plan Rows": 33, "Plan Width": 8, "Actual Startup Time": 0.029, "Actual Total Time": 0.03, "Actual Rows": 1, "Actual Loops": 1, "Recheck Cond": "(keyword_id = k.id)", "Rows Removed by Index Recheck": 0, "Exact Heap Blocks": 1, "Lossy Heap Blocks": 1, "Plans": [{"Node Type": "Bitmap Index Scan", "Parent Relationship": "Outer", "Index Name": "keyword_id_movie_keyword", "Startup Cost": 0.0, "Total Cost": 4.5, "Plan Rows": 33, "Plan Width": 0, "Actual Startup Time": 0.021, "Actual Total Time": 0.021, "Actual Rows": 1, "Actual Loops": 1, "Index Cond": "(keyword_id = k.id)"}]}]}, {"Node Type": "Bitmap Heap Scan", "Parent Relationship": "Inner", "Relation Name": "title", "Alias": "t1", "Startup Cost": 0.27, "Total Cost": 4.28, "Plan Rows": 1, "Plan Width": 21, "Actual Startup Time": 0.012, "Actual Total Time": 0.012, "Actual Rows": 1, "Actual Loops": 1, "Recheck Cond": "(id = mk.movie_id)", "Rows Removed by Index Recheck": 0, "Exact Heap Blocks": 1, "Lossy Heap Blocks": 1, "Plans": [{"Node Type": "Bitmap Index Scan", "Parent Relationship": "Outer", "Index Name": "title_pkey", "Startup Cost": 0.0, "Total Cost": 0.27, "Plan Rows": 1, "Plan Width": 0, "Actual Startup Time": 0.008, "Actual Total Time": 0.008, "Actual Rows": 1, "Actual Loops": 1, "Index Cond": "(id = mk.movie_id)"}]}]}, {"Node Type": "Bitmap Heap Scan", "Parent Relationship": "Inner", "Relation Name": "movie_link", "Alias": "ml", "Startup Cost": 0.29, "Total Cost": 4.35, "Plan Rows": 5, "Plan Width": 12, "Actual Startup Time": 0.005, "Actual Total Time": 0.005, "Actual Rows": 0, "Actual Loops": 1, "Recheck Cond": "(movie_id = mk.movie_id)", "Rows Removed by Index Recheck": 0, "Exact Heap Blocks": 0, "Lossy Heap Blocks": 0, "Plans": [{"Node Type": "Bitmap Index Scan", "Parent Relationship": "Outer", "Index Name": "movie_id_movie_link", "Startup Cost": 0.0, "Total Cost": 0.29, "Plan Rows": 5, "Plan Width": 0, "Actual Startup Time": 0.003, "Actual Total Time": 0.003, "Actual Rows": 0, "Actual Loops": 1, "Index Cond": "(movie_id = mk.movie_id)"}]}]}, {"Node Type": "Materialize", "Parent Relationship": "Inner", "Startup Cost": 0.0, "Total Cost": 1.25, "Plan Rows": 17, "Plan Width": 16, "Actual Startup Time": 0.0, "Actual Total Time": 0.0, "Plans": [{"Node Type": "Seq Scan", "Parent Relationship": "Outer", "Relation Name": "link_type", "Alias": "lt", "Startup Cost": 0.0, "Total Cost": 1.17, "Plan Rows": 17, "Plan Width": 16, "Actual Startup Time": 0.0, "Actual Total Time": 0.0}]}]}, {"Node Type": "Bitmap Heap Scan", "Parent Relationship": "Inner", "Relation Name": "title", "Alias": "t2", "Startup Cost": 1.49, "Total Cost": 5.5, "Plan Rows": 1, "Plan Width": 21, "Actual Startup Time": 0.0, "Actual Total Time": 0.0, "Recheck Cond": "(id = ml.linked_movie_id)", "Rows Removed by Index Recheck": 0, "Exact Heap Blocks": 0, "Lossy Heap Blocks": 0, "Plans": [{"Node Type": "Bitmap Index Scan", "Parent Relationship": "Outer", "Index Name": "title_pkey", "Startup Cost": 0.0, "Total Cost": 1.49, "Plan Rows": 1, "Plan Width": 0, "Actual Startup Time": 0.0, "Actual Total Time": 0.0, "Index Cond": "(id = ml.linked_movie_id)"}]}]}]}, "Triggers": [], "Planner Runtime": 4, "Total Runtime": 40.699, "Unique SQL Id": 524435555}}, "(64, 119)": {"explain_plan": {"Plan": {"Node Type": "Aggregate", "Strategy": "Plain", "Startup Cost": 4477.45, "Total Cost": 4477.46, "Plan Rows": 1, "Plan Width": 142, "Plans": [{"Node Type": "Nested Loop", "Parent Relationship": "Outer", "Join Type": "Inner", "Startup Cost": 733.99, "Total Cost": 4476.3, "Plan Rows": 154, "Plan Width": 46, "Inner Unique": true, "Plans": [{"Node Type": "Nested Loop", "Parent Relationship": "Outer", "Join Type": "Inner", "Startup Cost": 732.5, "Total Cost": 3627.12, "Plan Rows": 154, "Plan Width": 33, "Inner Unique": true, "Join Filter": "(ml.link_type_id = lt.id)", "Plans": [{"Node Type": "Nested Loop", "Parent Relationship": "Outer", "Join Type": "Inner", "Startup Cost": 724.16, "Total Cost": 3575.3, "Plan Rows": 154, "Plan Width": 25, "Inner Unique": false, "Join Filter": "(t1.id = ml.movie_id)", "Plans": [{"Node Type": "Nested Loop", "Parent Relationship": "Outer", "Join Type": "Inner", "Startup Cost": 723.87, "Total Cost": 3429.64, "Plan Rows": 33, "Plan Width": 25, "Inner Unique": true, "Plans": [{"Node Type": "Nested Loop", "Parent Relationship": "Outer", "Join Type": "Inner", "Startup Cost": 723.6, "Total Cost": 3288.12, "Plan Rows": 33, "Plan Width": 4, "Inner Unique": false, "Plans": [{"Node Type": "Bitmap Heap Scan", "Parent Relationship": "Outer", "Relation Name": "keyword", "Alias": "k", "Startup Cost": 719.1, "Total Cost": 3155.21, "Plan Rows": 1, "Plan Width": 4, "Filter": "((keyword)::text = '10,000-mile-club'::text)", "Plans": [{"Node Type": "Bitmap Index Scan", "Parent Relationship": "Outer", "Index Name": "keyword_pkey", "Startup Cost": 0.0, "Total Cost": 719.1, "Plan Rows": 134169, "Plan Width": 0}]}, {"Node Type": "Bitmap Heap Scan", "Parent Relationship": "Inner", "Relation Name": "movie_keyword", "Alias": "mk", "Startup Cost": 4.51, "Total Cost": 132.58, "Plan Rows": 33, "Plan Width": 8, "Recheck Cond": "(keyword_id = k.id)", "Plans": [{"Node Type": "Bitmap Index Scan", "Parent Relationship": "Outer", "Index Name": "keyword_id_movie_keyword", "Startup Cost": 0.0, "Total Cost": 4.5, "Plan Rows": 33, "Plan Width": 0, "Index Cond": "(keyword_id = k.id)"}]}]}, {"Node Type": "Bitmap Heap Scan", "Parent Relationship": "Inner", "Relation Name": "title", "Alias": "t1", "Startup Cost": 0.27, "Total Cost": 4.28, "Plan Rows": 1, "Plan Width": 21, "Recheck Cond": "(id = mk.movie_id)", "Plans": [{"Node Type": "Bitmap Index Scan", "Parent Relationship": "Outer", "Index Name": "title_pkey", "Startup Cost": 0.0, "Total Cost": 0.27, "Plan Rows": 1, "Plan Width": 0, "Index Cond": "(id = mk.movie_id)"}]}]}, {"Node Type": "Bitmap Heap Scan", "Parent Relationship": "Inner", "Relation Name": "movie_link", "Alias": "ml", "Startup Cost": 0.29, "Total Cost": 4.35, "Plan Rows": 5, "Plan Width": 12, "Recheck Cond": "(movie_id = mk.movie_id)", "Plans": [{"Node Type": "Bitmap Index Scan", "Parent Relationship": "Outer", "Index Name": "movie_id_movie_link", "Startup Cost": 0.0, "Total Cost": 0.29, "Plan Rows": 5, "Plan Width": 0, "Index Cond": "(movie_id = mk.movie_id)"}]}]}, {"Node Type": "Materialize", "Parent Relationship": "Inner", "Startup Cost": 8.34, "Total Cost": 12.59, "Plan Rows": 17, "Plan Width": 16, "Plans": [{"Node Type": "Bitmap Heap Scan", "Parent Relationship": "Outer", "Relation Name": "link_type", "Alias": "lt", "Startup Cost": 8.34, "Total Cost": 12.51, "Plan Rows": 17, "Plan Width": 16, "Plans": [{"Node Type": "Bitmap Index Scan", "Parent Relationship": "Outer", "Index Name": "link_type_pkey", "Startup Cost": 0.0, "Total Cost": 8.34, "Plan Rows": 17, "Plan Width": 0}]}]}]}, {"Node Type": "Bitmap Heap Scan", "Parent Relationship": "Inner", "Relation Name": "title", "Alias": "t2", "Startup Cost": 1.49, "Total Cost": 5.5, "Plan Rows": 1, "Plan Width": 21, "Recheck Cond": "(id = ml.linked_movie_id)", "Plans": [{"Node Type": "Bitmap Index Scan", "Parent Relationship": "Outer", "Index Name": "title_pkey", "Startup Cost": 0.0, "Total Cost": 1.49, "Plan Rows": 1, "Plan Width": 0, "Index Cond": "(id = ml.linked_movie_id)"}]}]}]}, "Unique SQL Id": 524435555, "Planner Runtime": 3}, "explain_analyze_plan": {"Plan": {"Node Type": "Aggregate", "Strategy": "Plain", "Startup Cost": 4477.45, "Total Cost": 4477.46, "Plan Rows": 1, "Plan Width": 142, "Actual Startup Time": 60.915, "Actual Total Time": 60.915, "Actual Rows": 1, "Actual Loops": 1, "Plans": [{"Node Type": "Nested Loop", "Parent Relationship": "Outer", "Join Type": "Inner", "Startup Cost": 733.99, "Total Cost": 4476.3, "Plan Rows": 154, "Plan Width": 46, "Actual Startup Time": 60.909, "Actual Total Time": 60.909, "Actual Rows": 0, "Actual Loops": 1, "Inner Unique": true, "Plans": [{"Node Type": "Nested Loop", "Parent Relationship": "Outer", "Join Type": "Inner", "Startup Cost": 732.5, "Total Cost": 3627.12, "Plan Rows": 154, "Plan Width": 33, "Actual Startup Time": 60.907, "Actual Total Time": 60.907, "Actual Rows": 0, "Actual Loops": 1, "Inner Unique": true, "Join Filter": "(ml.link_type_id = lt.id)", "Rows Removed by Join Filter": 0, "Plans": [{"Node Type": "Nested Loop", "Parent Relationship": "Outer", "Join Type": "Inner", "Startup Cost": 724.16, "Total Cost": 3575.3, "Plan Rows": 154, "Plan Width": 25, "Actual Startup Time": 60.907, "Actual Total Time": 60.907, "Actual Rows": 0, "Actual Loops": 1, "Inner Unique": false, "Join Filter": "(t1.id = ml.movie_id)", "Rows Removed by Join Filter": 0, "Plans": [{"Node Type": "Nested Loop", "Parent Relationship": "Outer", "Join Type": "Inner", "Startup Cost": 723.87, "Total Cost": 3429.64, "Plan Rows": 33, "Plan Width": 25, "Actual Startup Time": 59.843, "Actual Total Time": 60.9, "Actual Rows": 1, "Actual Loops": 1, "Inner Unique": true, "Plans": [{"Node Type": "Nested Loop", "Parent Relationship": "Outer", "Join Type": "Inner", "Startup Cost": 723.6, "Total Cost": 3288.12, "Plan Rows": 33, "Plan Width": 4, "Actual Startup Time": 59.827, "Actual Total Time": 60.883, "Actual Rows": 1, "Actual Loops": 1, "Inner Unique": false, "Plans": [{"Node Type": "Bitmap Heap Scan", "Parent Relationship": "Outer", "Relation Name": "keyword", "Alias": "k", "Startup Cost": 719.1, "Total Cost": 3155.21, "Plan Rows": 1, "Plan Width": 4, "Actual Startup Time": 59.791, "Actual Total Time": 60.845, "Actual Rows": 1, "Actual Loops": 1, "Filter": "((keyword)::text = '10,000-mile-club'::text)", "Rows Removed by Filter": 134168, "Exact Heap Blocks": 759, "Lossy Heap Blocks": 759, "Plans": [{"Node Type": "Bitmap Index Scan", "Parent Relationship": "Outer", "Index Name": "keyword_pkey", "Startup Cost": 0.0, "Total Cost": 719.1, "Plan Rows": 134169, "Plan Width": 0, "Actual Startup Time": 11.453, "Actual Total Time": 11.453, "Actual Rows": 134169, "Actual Loops": 1}]}, {"Node Type": "Bitmap Heap Scan", "Parent Relationship": "Inner", "Relation Name": "movie_keyword", "Alias": "mk", "Startup Cost": 4.51, "Total Cost": 132.58, "Plan Rows": 33, "Plan Width": 8, "Actual Startup Time": 0.024, "Actual Total Time": 0.024, "Actual Rows": 1, "Actual Loops": 1, "Recheck Cond": "(keyword_id = k.id)", "Rows Removed by Index Recheck": 0, "Exact Heap Blocks": 1, "Lossy Heap Blocks": 1, "Plans": [{"Node Type": "Bitmap Index Scan", "Parent Relationship": "Outer", "Index Name": "keyword_id_movie_keyword", "Startup Cost": 0.0, "Total Cost": 4.5, "Plan Rows": 33, "Plan Width": 0, "Actual Startup Time": 0.016, "Actual Total Time": 0.016, "Actual Rows": 1, "Actual Loops": 1, "Index Cond": "(keyword_id = k.id)"}]}]}, {"Node Type": "Bitmap Heap Scan", "Parent Relationship": "Inner", "Relation Name": "title", "Alias": "t1", "Startup Cost": 0.27, "Total Cost": 4.28, "Plan Rows": 1, "Plan Width": 21, "Actual Startup Time": 0.012, "Actual Total Time": 0.012, "Actual Rows": 1, "Actual Loops": 1, "Recheck Cond": "(id = mk.movie_id)", "Rows Removed by Index Recheck": 0, "Exact Heap Blocks": 1, "Lossy Heap Blocks": 1, "Plans": [{"Node Type": "Bitmap Index Scan", "Parent Relationship": "Outer", "Index Name": "title_pkey", "Startup Cost": 0.0, "Total Cost": 0.27, "Plan Rows": 1, "Plan Width": 0, "Actual Startup Time": 0.008, "Actual Total Time": 0.008, "Actual Rows": 1, "Actual Loops": 1, "Index Cond": "(id = mk.movie_id)"}]}]}, {"Node Type": "Bitmap Heap Scan", "Parent Relationship": "Inner", "Relation Name": "movie_link", "Alias": "ml", "Startup Cost": 0.29, "Total Cost": 4.35, "Plan Rows": 5, "Plan Width": 12, "Actual Startup Time": 0.004, "Actual Total Time": 0.004, "Actual Rows": 0, "Actual Loops": 1, "Recheck Cond": "(movie_id = mk.movie_id)", "Rows Removed by Index Recheck": 0, "Exact Heap Blocks": 0, "Lossy Heap Blocks": 0, "Plans": [{"Node Type": "Bitmap Index Scan", "Parent Relationship": "Outer", "Index Name": "movie_id_movie_link", "Startup Cost": 0.0, "Total Cost": 0.29, "Plan Rows": 5, "Plan Width": 0, "Actual Startup Time": 0.002, "Actual Total Time": 0.002, "Actual Rows": 0, "Actual Loops": 1, "Index Cond": "(movie_id = mk.movie_id)"}]}]}, {"Node Type": "Materialize", "Parent Relationship": "Inner", "Startup Cost": 8.34, "Total Cost": 12.59, "Plan Rows": 17, "Plan Width": 16, "Actual Startup Time": 0.0, "Actual Total Time": 0.0, "Plans": [{"Node Type": "Bitmap Heap Scan", "Parent Relationship": "Outer", "Relation Name": "link_type", "Alias": "lt", "Startup Cost": 8.34, "Total Cost": 12.51, "Plan Rows": 17, "Plan Width": 16, "Actual Startup Time": 0.0, "Actual Total Time": 0.0, "Exact Heap Blocks": 0, "Lossy Heap Blocks": 0, "Plans": [{"Node Type": "Bitmap Index Scan", "Parent Relationship": "Outer", "Index Name": "link_type_pkey", "Startup Cost": 0.0, "Total Cost": 8.34, "Plan Rows": 17, "Plan Width": 0, "Actual Startup Time": 0.0, "Actual Total Time": 0.0}]}]}]}, {"Node Type": "Bitmap Heap Scan", "Parent Relationship": "Inner", "Relation Name": "title", "Alias": "t2", "Startup Cost": 1.49, "Total Cost": 5.5, "Plan Rows": 1, "Plan Width": 21, "Actual Startup Time": 0.0, "Actual Total Time": 0.0, "Recheck Cond": "(id = ml.linked_movie_id)", "Rows Removed by Index Recheck": 0, "Exact Heap Blocks": 0, "Lossy Heap Blocks": 0, "Plans": [{"Node Type": "Bitmap Index Scan", "Parent Relationship": "Outer", "Index Name": "title_pkey", "Startup Cost": 0.0, "Total Cost": 1.49, "Plan Rows": 1, "Plan Width": 0, "Actual Startup Time": 0.0, "Actual Total Time": 0.0, "Index Cond": "(id = ml.linked_movie_id)"}]}]}]}, "Triggers": [], "Planner Runtime": 3, "Total Runtime": 61.181, "Unique SQL Id": 524435555}}, "(64, 120)": {"explain_plan": {"Plan": {"Node Type": "Aggregate", "Strategy": "Plain", "Startup Cost": 3302.27, "Total Cost": 3302.28, "Plan Rows": 1, "Plan Width": 142, "Plans": [{"Node Type": "Nested Loop", "Parent Relationship": "Outer", "Join Type": "Inner", "Startup Cost": 0.0, "Total Cost": 3301.12, "Plan Rows": 154, "Plan Width": 46, "Inner Unique": true, "Plans": [{"Node Type": "Nested Loop", "Parent Relationship": "Outer", "Join Type": "Inner", "Startup Cost": 0.0, "Total Cost": 2637.54, "Plan Rows": 154, "Plan Width": 33, "Inner Unique": true, "Join Filter": "(ml.link_type_id = lt.id)", "Plans": [{"Node Type": "Nested Loop", "Parent Relationship": "Outer", "Join Type": "Inner", "Startup Cost": 0.0, "Total Cost": 2597.06, "Plan Rows": 154, "Plan Width": 25, "Inner Unique": false, "Plans": [{"Node Type": "Nested Loop", "Parent Relationship": "Outer", "Join Type": "Inner", "Startup Cost": 0.0, "Total Cost": 2583.84, "Plan Rows": 33, "Plan Width": 25, "Inner Unique": true, "Plans": [{"Node Type": "Nested Loop", "Parent Relationship": "Outer", "Join Type": "Inner", "Startup Cost": 0.0, "Total Cost": 2573.32, "Plan Rows": 33, "Plan Width": 4, "Inner Unique": false, "Plans": [{"Node Type": "Seq Scan", "Parent Relationship": "Outer", "Relation Name": "keyword", "Alias": "k", "Startup Cost": 0.0, "Total Cost": 2436.11, "Plan Rows": 1, "Plan Width": 4, "Filter": "((keyword)::text = '10,000-mile-club'::text)"}, {"Node Type": "Index Scan", "Parent Relationship": "Inner", "Scan Direction": "Forward", "Index Name": "keyword_id_movie_keyword", "Relation Name": "movie_keyword", "Alias": "mk", "Startup Cost": 0.0, "Total Cost": 136.88, "Plan Rows": 33, "Plan Width": 8, "Index Cond": "(keyword_id = k.id)"}]}, {"Node Type": "Index Scan", "Parent Relationship": "Inner", "Scan Direction": "Forward", "Index Name": "title_pkey", "Relation Name": "title", "Alias": "t1", "Startup Cost": 0.0, "Total Cost": 0.31, "Plan Rows": 1, "Plan Width": 21, "Index Cond": "(id = mk.movie_id)"}]}, {"Node Type": "Index Scan", "Parent Relationship": "Inner", "Scan Direction": "Forward", "Index Name": "movie_id_movie_link", "Relation Name": "movie_link", "Alias": "ml", "Startup Cost": 0.0, "Total Cost": 0.35, "Plan Rows": 5, "Plan Width": 12, "Index Cond": "(movie_id = t1.id)"}]}, {"Node Type": "Materialize", "Parent Relationship": "Inner", "Startup Cost": 0.0, "Total Cost": 1.25, "Plan Rows": 17, "Plan Width": 16, "Plans": [{"Node Type": "Seq Scan", "Parent Relationship": "Outer", "Relation Name": "link_type", "Alias": "lt", "Startup Cost": 0.0, "Total Cost": 1.17, "Plan Rows": 17, "Plan Width": 16}]}]}, {"Node Type": "Index Scan", "Parent Relationship": "Inner", "Scan Direction": "Forward", "Index Name": "title_pkey", "Relation Name": "title", "Alias": "t2", "Startup Cost": 0.0, "Total Cost": 4.3, "Plan Rows": 1, "Plan Width": 21, "Index Cond": "(id = ml.linked_movie_id)"}]}]}, "Unique SQL Id": 524435555, "Planner Runtime": 2}, "explain_analyze_plan": {"Plan": {"Node Type": "Aggregate", "Strategy": "Plain", "Startup Cost": 3302.27, "Total Cost": 3302.28, "Plan Rows": 1, "Plan Width": 142, "Actual Startup Time": 40.351, "Actual Total Time": 40.351, "Actual Rows": 1, "Actual Loops": 1, "Plans": [{"Node Type": "Nested Loop", "Parent Relationship": "Outer", "Join Type": "Inner", "Startup Cost": 0.0, "Total Cost": 3301.12, "Plan Rows": 154, "Plan Width": 46, "Actual Startup Time": 40.346, "Actual Total Time": 40.346, "Actual Rows": 0, "Actual Loops": 1, "Inner Unique": true, "Plans": [{"Node Type": "Nested Loop", "Parent Relationship": "Outer", "Join Type": "Inner", "Startup Cost": 0.0, "Total Cost": 2637.54, "Plan Rows": 154, "Plan Width": 33, "Actual Startup Time": 40.345, "Actual Total Time": 40.345, "Actual Rows": 0, "Actual Loops": 1, "Inner Unique": true, "Join Filter": "(ml.link_type_id = lt.id)", "Rows Removed by Join Filter": 0, "Plans": [{"Node Type": "Nested Loop", "Parent Relationship": "Outer", "Join Type": "Inner", "Startup Cost": 0.0, "Total Cost": 2597.06, "Plan Rows": 154, "Plan Width": 25, "Actual Startup Time": 40.345, "Actual Total Time": 40.345, "Actual Rows": 0, "Actual Loops": 1, "Inner Unique": false, "Plans": [{"Node Type": "Nested Loop", "Parent Relationship": "Outer", "Join Type": "Inner", "Startup Cost": 0.0, "Total Cost": 2583.84, "Plan Rows": 33, "Plan Width": 25, "Actual Startup Time": 39.48, "Actual Total Time": 40.34, "Actual Rows": 1, "Actual Loops": 1, "Inner Unique": true, "Plans": [{"Node Type": "Nested Loop", "Parent Relationship": "Outer", "Join Type": "Inner", "Startup Cost": 0.0, "Total Cost": 2573.32, "Plan Rows": 33, "Plan Width": 4, "Actual Startup Time": 39.47, "Actual Total Time": 40.33, "Actual Rows": 1, "Actual Loops": 1, "Inner Unique": false, "Plans": [{"Node Type": "Seq Scan", "Parent Relationship": "Outer", "Relation Name": "keyword", "Alias": "k", "Startup Cost": 0.0, "Total Cost": 2436.11, "Plan Rows": 1, "Plan Width": 4, "Actual Startup Time": 39.452, "Actual Total Time": 40.311, "Actual Rows": 1, "Actual Loops": 1, "Filter": "((keyword)::text = '10,000-mile-club'::text)", "Rows Removed by Filter": 134168}, {"Node Type": "Index Scan", "Parent Relationship": "Inner", "Scan Direction": "Forward", "Index Name": "keyword_id_movie_keyword", "Relation Name": "movie_keyword", "Alias": "mk", "Startup Cost": 0.0, "Total Cost": 136.88, "Plan Rows": 33, "Plan Width": 8, "Actual Startup Time": 0.013, "Actual Total Time": 0.014, "Actual Rows": 1, "Actual Loops": 1, "Index Cond": "(keyword_id = k.id)", "Rows Removed by Index Recheck": 0}]}, {"Node Type": "Index Scan", "Parent Relationship": "Inner", "Scan Direction": "Forward", "Index Name": "title_pkey", "Relation Name": "title", "Alias": "t1", "Startup Cost": 0.0, "Total Cost": 0.31, "Plan Rows": 1, "Plan Width": 21, "Actual Startup Time": 0.008, "Actual Total Time": 0.008, "Actual Rows": 1, "Actual Loops": 1, "Index Cond": "(id = mk.movie_id)", "Rows Removed by Index Recheck": 0}]}, {"Node Type": "Index Scan", "Parent Relationship": "Inner", "Scan Direction": "Forward", "Index Name": "movie_id_movie_link", "Relation Name": "movie_link", "Alias": "ml", "Startup Cost": 0.0, "Total Cost": 0.35, "Plan Rows": 5, "Plan Width": 12, "Actual Startup Time": 0.004, "Actual Total Time": 0.004, "Actual Rows": 0, "Actual Loops": 1, "Index Cond": "(movie_id = t1.id)", "Rows Removed by Index Recheck": 0}]}, {"Node Type": "Materialize", "Parent Relationship": "Inner", "Startup Cost": 0.0, "Total Cost": 1.25, "Plan Rows": 17, "Plan Width": 16, "Actual Startup Time": 0.0, "Actual Total Time": 0.0, "Plans": [{"Node Type": "Seq Scan", "Parent Relationship": "Outer", "Relation Name": "link_type", "Alias": "lt", "Startup Cost": 0.0, "Total Cost": 1.17, "Plan Rows": 17, "Plan Width": 16, "Actual Startup Time": 0.0, "Actual Total Time": 0.0}]}]}, {"Node Type": "Index Scan", "Parent Relationship": "Inner", "Scan Direction": "Forward", "Index Name": "title_pkey", "Relation Name": "title", "Alias": "t2", "Startup Cost": 0.0, "Total Cost": 4.3, "Plan Rows": 1, "Plan Width": 21, "Actual Startup Time": 0.0, "Actual Total Time": 0.0, "Index Cond": "(id = ml.linked_movie_id)", "Rows Removed by Index Recheck": 0}]}]}, "Triggers": [], "Planner Runtime": 2, "Total Runtime": 40.551, "Unique SQL Id": 524435555}}, "(64, 121)": {"explain_plan": {"Plan": {"Node Type": "Aggregate", "Strategy": "Plain", "Startup Cost": 4051.57, "Total Cost": 4051.58, "Plan Rows": 1, "Plan Width": 142, "Plans": [{"Node Type": "Nested Loop", "Parent Relationship": "Outer", "Join Type": "Inner", "Startup Cost": 0.0, "Total Cost": 4050.42, "Plan Rows": 154, "Plan Width": 46, "Inner Unique": true, "Plans": [{"Node Type": "Nested Loop", "Parent Relationship": "Outer", "Join Type": "Inner", "Startup Cost": 0.0, "Total Cost": 3386.84, "Plan Rows": 154, "Plan Width": 33, "Inner Unique": true, "Plans": [{"Node Type": "Nested Loop", "Parent Relationship": "Outer", "Join Type": "Inner", "Startup Cost": 0.0, "Total Cost": 3343.66, "Plan Rows": 154, "Plan Width": 25, "Inner Unique": false, "Plans": [{"Node Type": "Nested Loop", "Parent Relationship": "Outer", "Join Type": "Inner", "Startup Cost": 0.0, "Total Cost": 3330.45, "Plan Rows": 33, "Plan Width": 25, "Inner Unique": true, "Plans": [{"Node Type": "Nested Loop", "Parent Relationship": "Outer", "Join Type": "Inner", "Startup Cost": 0.0, "Total Cost": 3319.92, "Plan Rows": 33, "Plan Width": 4, "Inner Unique": false, "Plans": [{"Node Type": "Index Scan", "Parent Relationship": "Outer", "Scan Direction": "Forward", "Index Name": "keyword_pkey", "Relation Name": "keyword", "Alias": "k", "Startup Cost": 0.0, "Total Cost": 3182.72, "Plan Rows": 1, "Plan Width": 4, "Filter": "((keyword)::text = '10,000-mile-club'::text)"}, {"Node Type": "Index Scan", "Parent Relationship": "Inner", "Scan Direction": "Forward", "Index Name": "keyword_id_movie_keyword", "Relation Name": "movie_keyword", "Alias": "mk", "Startup Cost": 0.0, "Total Cost": 136.88, "Plan Rows": 33, "Plan Width": 8, "Index Cond": "(keyword_id = k.id)"}]}, {"Node Type": "Index Scan", "Parent Relationship": "Inner", "Scan Direction": "Forward", "Index Name": "title_pkey", "Relation Name": "title", "Alias": "t1", "Startup Cost": 0.0, "Total Cost": 0.31, "Plan Rows": 1, "Plan Width": 21, "Index Cond": "(id = mk.movie_id)"}]}, {"Node Type": "Index Scan", "Parent Relationship": "Inner", "Scan Direction": "Forward", "Index Name": "movie_id_movie_link", "Relation Name": "movie_link", "Alias": "ml", "Startup Cost": 0.0, "Total Cost": 0.35, "Plan Rows": 5, "Plan Width": 12, "Index Cond": "(movie_id = t1.id)"}]}, {"Node Type": "Index Scan", "Parent Relationship": "Inner", "Scan Direction": "Forward", "Index Name": "link_type_pkey", "Relation Name": "link_type", "Alias": "lt", "Startup Cost": 0.0, "Total Cost": 0.27, "Plan Rows": 1, "Plan Width": 16, "Index Cond": "(id = ml.link_type_id)"}]}, {"Node Type": "Index Scan", "Parent Relationship": "Inner", "Scan Direction": "Forward", "Index Name": "title_pkey", "Relation Name": "title", "Alias": "t2", "Startup Cost": 0.0, "Total Cost": 4.3, "Plan Rows": 1, "Plan Width": 21, "Index Cond": "(id = ml.linked_movie_id)"}]}]}, "Unique SQL Id": 524435555, "Planner Runtime": 2}, "explain_analyze_plan": {"Plan": {"Node Type": "Aggregate", "Strategy": "Plain", "Startup Cost": 4051.57, "Total Cost": 4051.58, "Plan Rows": 1, "Plan Width": 142, "Actual Startup Time": 112.659, "Actual Total Time": 112.659, "Actual Rows": 1, "Actual Loops": 1, "Plans": [{"Node Type": "Nested Loop", "Parent Relationship": "Outer", "Join Type": "Inner", "Startup Cost": 0.0, "Total Cost": 4050.42, "Plan Rows": 154, "Plan Width": 46, "Actual Startup Time": 112.653, "Actual Total Time": 112.653, "Actual Rows": 0, "Actual Loops": 1, "Inner Unique": true, "Plans": [{"Node Type": "Nested Loop", "Parent Relationship": "Outer", "Join Type": "Inner", "Startup Cost": 0.0, "Total Cost": 3386.84, "Plan Rows": 154, "Plan Width": 33, "Actual Startup Time": 112.653, "Actual Total Time": 112.653, "Actual Rows": 0, "Actual Loops": 1, "Inner Unique": true, "Plans": [{"Node Type": "Nested Loop", "Parent Relationship": "Outer", "Join Type": "Inner", "Startup Cost": 0.0, "Total Cost": 3343.66, "Plan Rows": 154, "Plan Width": 25, "Actual Startup Time": 112.652, "Actual Total Time": 112.652, "Actual Rows": 0, "Actual Loops": 1, "Inner Unique": false, "Plans": [{"Node Type": "Nested Loop", "Parent Relationship": "Outer", "Join Type": "Inner", "Startup Cost": 0.0, "Total Cost": 3330.45, "Plan Rows": 33, "Plan Width": 25, "Actual Startup Time": 110.792, "Actual Total Time": 112.645, "Actual Rows": 1, "Actual Loops": 1, "Inner Unique": true, "Plans": [{"Node Type": "Nested Loop", "Parent Relationship": "Outer", "Join Type": "Inner", "Startup Cost": 0.0, "Total Cost": 3319.92, "Plan Rows": 33, "Plan Width": 4, "Actual Startup Time": 110.781, "Actual Total Time": 112.634, "Actual Rows": 1, "Actual Loops": 1, "Inner Unique": false, "Plans": [{"Node Type": "Index Scan", "Parent Relationship": "Outer", "Scan Direction": "Forward", "Index Name": "keyword_pkey", "Relation Name": "keyword", "Alias": "k", "Startup Cost": 0.0, "Total Cost": 3182.72, "Plan Rows": 1, "Plan Width": 4, "Actual Startup Time": 110.759, "Actual Total Time": 112.61, "Actual Rows": 1, "Actual Loops": 1, "Filter": "((keyword)::text = '10,000-mile-club'::text)", "Rows Removed by Filter": 134168}, {"Node Type": "Index Scan", "Parent Relationship": "Inner", "Scan Direction": "Forward", "Index Name": "keyword_id_movie_keyword", "Relation Name": "movie_keyword", "Alias": "mk", "Startup Cost": 0.0, "Total Cost": 136.88, "Plan Rows": 33, "Plan Width": 8, "Actual Startup Time": 0.014, "Actual Total Time": 0.015, "Actual Rows": 1, "Actual Loops": 1, "Index Cond": "(keyword_id = k.id)", "Rows Removed by Index Recheck": 0}]}, {"Node Type": "Index Scan", "Parent Relationship": "Inner", "Scan Direction": "Forward", "Index Name": "title_pkey", "Relation Name": "title", "Alias": "t1", "Startup Cost": 0.0, "Total Cost": 0.31, "Plan Rows": 1, "Plan Width": 21, "Actual Startup Time": 0.009, "Actual Total Time": 0.009, "Actual Rows": 1, "Actual Loops": 1, "Index Cond": "(id = mk.movie_id)", "Rows Removed by Index Recheck": 0}]}, {"Node Type": "Index Scan", "Parent Relationship": "Inner", "Scan Direction": "Forward", "Index Name": "movie_id_movie_link", "Relation Name": "movie_link", "Alias": "ml", "Startup Cost": 0.0, "Total Cost": 0.35, "Plan Rows": 5, "Plan Width": 12, "Actual Startup Time": 0.003, "Actual Total Time": 0.003, "Actual Rows": 0, "Actual Loops": 1, "Index Cond": "(movie_id = t1.id)", "Rows Removed by Index Recheck": 0}]}, {"Node Type": "Index Scan", "Parent Relationship": "Inner", "Scan Direction": "Forward", "Index Name": "link_type_pkey", "Relation Name": "link_type", "Alias": "lt", "Startup Cost": 0.0, "Total Cost": 0.27, "Plan Rows": 1, "Plan Width": 16, "Actual Startup Time": 0.0, "Actual Total Time": 0.0, "Index Cond": "(id = ml.link_type_id)", "Rows Removed by Index Recheck": 0}]}, {"Node Type": "Index Scan", "Parent Relationship": "Inner", "Scan Direction": "Forward", "Index Name": "title_pkey", "Relation Name": "title", "Alias": "t2", "Startup Cost": 0.0, "Total Cost": 4.3, "Plan Rows": 1, "Plan Width": 21, "Actual Startup Time": 0.0, "Actual Total Time": 0.0, "Index Cond": "(id = ml.linked_movie_id)", "Rows Removed by Index Recheck": 0}]}]}, "Triggers": [], "Planner Runtime": 2, "Total Runtime": 112.875, "Unique SQL Id": 524435555}}, "(64, 122)": {"explain_plan": {"Plan": {"Node Type": "Aggregate", "Strategy": "Plain", "Startup Cost": 7348798.26, "Total Cost": 7348798.27, "Plan Rows": 1, "Plan Width": 142, "Plans": [{"Node Type": "Nested Loop", "Parent Relationship": "Outer", "Join Type": "Inner", "Startup Cost": 0.0, "Total Cost": 7348797.1, "Plan Rows": 154, "Plan Width": 46, "Inner Unique": false, "Join Filter": "(ml.linked_movie_id = t2.id)", "Plans": [{"Node Type": "Seq Scan", "Parent Relationship": "Outer", "Relation Name": "title", "Alias": "t2", "Startup Cost": 0.0, "Total Cost": 60069.11, "Plan Rows": 2528311, "Plan Width": 21}, {"Node Type": "Materialize", "Parent Relationship": "Inner", "Startup Cost": 0.0, "Total Cost": 1448329.97, "Plan Rows": 154, "Plan Width": 33, "Plans": [{"Node Type": "Nested Loop", "Parent Relationship": "Outer", "Join Type": "Inner", "Startup Cost": 0.0, "Total Cost": 1448329.2, "Plan Rows": 154, "Plan Width": 33, "Inner Unique": true, "Join Filter": "(ml.link_type_id = lt.id)", "Plans": [{"Node Type": "Nested Loop", "Parent Relationship": "Outer", "Join Type": "Inner", "Startup Cost": 0.0, "Total Cost": 1448288.72, "Plan Rows": 154, "Plan Width": 25, "Inner Unique": false, "Join Filter": "(t1.id = ml.movie_id)", "Plans": [{"Node Type": "Seq Scan", "Parent Relationship": "Outer", "Relation Name": "movie_link", "Alias": "ml", "Startup Cost": 0.0, "Total Cost": 430.96, "Plan Rows": 29996, "Plan Width": 12}, {"Node Type": "Materialize", "Parent Relationship": "Inner", "Startup Cost": 0.0, "Total Cost": 1433009.82, "Plan Rows": 33, "Plan Width": 25, "Plans": [{"Node Type": "Nested Loop", "Parent Relationship": "Outer", "Join Type": "Inner", "Startup Cost": 0.0, "Total Cost": 1433009.65, "Plan Rows": 33, "Plan Width": 25, "Inner Unique": false, "Join Filter": "(mk.movie_id = t1.id)", "Plans": [{"Node Type": "Seq Scan", "Parent Relationship": "Outer", "Relation Name": "title", "Alias": "t1", "Startup Cost": 0.0, "Total Cost": 60069.11, "Plan Rows": 2528311, "Plan Width": 21}, {"Node Type": "Materialize", "Parent Relationship": "Inner", "Startup Cost": 0.0, "Total Cost": 121426.68, "Plan Rows": 33, "Plan Width": 4, "Plans": [{"Node Type": "Nested Loop", "Parent Relationship": "Outer", "Join Type": "Inner", "Startup Cost": 0.0, "Total Cost": 121426.52, "Plan Rows": 33, "Plan Width": 4, "Inner Unique": false, "Join Filter": "(k.id = mk.keyword_id)", "Plans": [{"Node Type": "Seq Scan", "Parent Relationship": "Outer", "Relation Name": "keyword", "Alias": "k", "Startup Cost": 0.0, "Total Cost": 2436.11, "Plan Rows": 1, "Plan Width": 4, "Filter": "((keyword)::text = '10,000-mile-club'::text)"}, {"Node Type": "Seq Scan", "Parent Relationship": "Inner", "Relation Name": "movie_keyword", "Alias": "mk", "Startup Cost": 0.0, "Total Cost": 62441.29, "Plan Rows": 4523929, "Plan Width": 8}]}]}]}]}]}, {"Node Type": "Materialize", "Parent Relationship": "Inner", "Startup Cost": 0.0, "Total Cost": 1.25, "Plan Rows": 17, "Plan Width": 16, "Plans": [{"Node Type": "Seq Scan", "Parent Relationship": "Outer", "Relation Name": "link_type", "Alias": "lt", "Startup Cost": 0.0, "Total Cost": 1.17, "Plan Rows": 17, "Plan Width": 16}]}]}]}]}]}, "Unique SQL Id": 524435555, "Planner Runtime": 2}, "explain_analyze_plan": null}, "(64, 123)": {"explain_plan": {"Plan": {"Node Type": "Aggregate", "Strategy": "Plain", "Startup Cost": 6000044963492.68, "Total Cost": 6000044963492.69, "Plan Rows": 1, "Plan Width": 142, "Plans": [{"Node Type": "Nested Loop", "Parent Relationship": "Outer", "Join Type": "Inner", "Startup Cost": 60000000000.0, "Total Cost": 6000044963491.52, "Plan Rows": 154, "Plan Width": 46, "Inner Unique": false, "Join Filter": "(ml.linked_movie_id = t2.id)", "Plans": [{"Node Type": "Index Scan", "Parent Relationship": "Outer", "Scan Direction": "Forward", "Index Name": "title_pkey", "Relation Name": "title", "Alias": "t2", "Startup Cost": 10000000000.0, "Total Cost": 1000011012048.91, "Plan Rows": 2528311, "Plan Width": 21}, {"Node Type": "Materialize", "Parent Relationship": "Inner", "Startup Cost": 50000000000.0, "Total Cost": 5000028111044.58, "Plan Rows": 154, "Plan Width": 33, "Plans": [{"Node Type": "Nested Loop", "Parent Relationship": "Outer", "Join Type": "Inner", "Startup Cost": 50000000000.0, "Total Cost": 5000028111043.81, "Plan Rows": 154, "Plan Width": 33, "Inner Unique": true, "Join Filter": "(ml.link_type_id = lt.id)", "Plans": [{"Node Type": "Nested Loop", "Parent Relationship": "Outer", "Join Type": "Inner", "Startup Cost": 40000000000.0, "Total Cost": 4000028109754.0, "Plan Rows": 154, "Plan Width": 25, "Inner Unique": false, "Join Filter": "(t1.id = ml.movie_id)", "Plans": [{"Node Type": "Index Scan", "Parent Relationship": "Outer", "Scan Direction": "Forward", "Index Name": "linked_movie_id_movie_link", "Relation Name": "movie_link", "Alias": "ml", "Startup Cost": 10000000000.0, "Total Cost": 1000000144578.17, "Plan Rows": 29996, "Plan Width": 12}, {"Node Type": "Materialize", "Parent Relationship": "Inner", "Startup Cost": 30000000000.0, "Total Cost": 3000027950327.9, "Plan Rows": 33, "Plan Width": 25, "Plans": [{"Node Type": "Nested Loop", "Parent Relationship": "Outer", "Join Type": "Inner", "Startup Cost": 30000000000.0, "Total Cost": 3000027950327.73, "Plan Rows": 33, "Plan Width": 25, "Inner Unique": false, "Join Filter": "(mk.movie_id = t1.id)", "Plans": [{"Node Type": "Index Scan", "Parent Relationship": "Outer", "Scan Direction": "Forward", "Index Name": "title_pkey", "Relation Name": "title", "Alias": "t1", "Startup Cost": 10000000000.0, "Total Cost": 1000011012048.91, "Plan Rows": 2528311, "Plan Width": 21}, {"Node Type": "Materialize", "Parent Relationship": "Inner", "Startup Cost": 20000000000.0, "Total Cost": 2000015686764.96, "Plan Rows": 33, "Plan Width": 4, "Plans": [{"Node Type": "Nested Loop", "Parent Relationship": "Outer", "Join Type": "Inner", "Startup Cost": 20000000000.0, "Total Cost": 2000015686764.79, "Plan Rows": 33, "Plan Width": 4, "Inner Unique": true, "Join Filter": "(k.id = mk.keyword_id)", "Plans": [{"Node Type": "Index Scan", "Parent Relationship": "Outer", "Scan Direction": "Forward", "Index Name": "movie_id_movie_keyword", "Relation Name": "movie_keyword", "Alias": "mk", "Startup Cost": 10000000000.0, "Total Cost": 1000015300634.17, "Plan Rows": 4523929, "Plan Width": 8}, {"Node Type": "Materialize", "Parent Relationship": "Inner", "Startup Cost": 10000000000.0, "Total Cost": 1000000318271.69, "Plan Rows": 1, "Plan Width": 4, "Plans": [{"Node Type": "Index Scan", "Parent Relationship": "Outer", "Scan Direction": "Forward", "Index Name": "keyword_pkey", "Relation Name": "keyword", "Alias": "k", "Startup Cost": 10000000000.0, "Total Cost": 1000000318271.68, "Plan Rows": 1, "Plan Width": 4, "Filter": "((keyword)::text = '10,000-mile-club'::text)"}]}]}]}]}]}]}, {"Node Type": "Materialize", "Parent Relationship": "Inner", "Startup Cost": 10000000000.0, "Total Cost": 1000000001250.58, "Plan Rows": 17, "Plan Width": 16, "Plans": [{"Node Type": "Index Scan", "Parent Relationship": "Outer", "Scan Direction": "Forward", "Index Name": "link_type_pkey", "Relation Name": "link_type", "Alias": "lt", "Startup Cost": 10000000000.0, "Total Cost": 1000000001250.5, "Plan Rows": 17, "Plan Width": 16}]}]}]}]}]}, "Unique SQL Id": 524435555, "Planner Runtime": 2}, "explain_analyze_plan": null}, "(64, 124)": {"explain_plan": {"Plan": {"Node Type": "Aggregate", "Strategy": "Plain", "Startup Cost": 3302.27, "Total Cost": 3302.28, "Plan Rows": 1, "Plan Width": 142, "Plans": [{"Node Type": "Nested Loop", "Parent Relationship": "Outer", "Join Type": "Inner", "Startup Cost": 0.0, "Total Cost": 3301.12, "Plan Rows": 154, "Plan Width": 46, "Inner Unique": true, "Plans": [{"Node Type": "Nested Loop", "Parent Relationship": "Outer", "Join Type": "Inner", "Startup Cost": 0.0, "Total Cost": 2637.54, "Plan Rows": 154, "Plan Width": 33, "Inner Unique": true, "Join Filter": "(ml.link_type_id = lt.id)", "Plans": [{"Node Type": "Nested Loop", "Parent Relationship": "Outer", "Join Type": "Inner", "Startup Cost": 0.0, "Total Cost": 2597.06, "Plan Rows": 154, "Plan Width": 25, "Inner Unique": false, "Plans": [{"Node Type": "Nested Loop", "Parent Relationship": "Outer", "Join Type": "Inner", "Startup Cost": 0.0, "Total Cost": 2583.84, "Plan Rows": 33, "Plan Width": 25, "Inner Unique": true, "Plans": [{"Node Type": "Nested Loop", "Parent Relationship": "Outer", "Join Type": "Inner", "Startup Cost": 0.0, "Total Cost": 2573.32, "Plan Rows": 33, "Plan Width": 4, "Inner Unique": false, "Plans": [{"Node Type": "Seq Scan", "Parent Relationship": "Outer", "Relation Name": "keyword", "Alias": "k", "Startup Cost": 0.0, "Total Cost": 2436.11, "Plan Rows": 1, "Plan Width": 4, "Filter": "((keyword)::text = '10,000-mile-club'::text)"}, {"Node Type": "Index Scan", "Parent Relationship": "Inner", "Scan Direction": "Forward", "Index Name": "keyword_id_movie_keyword", "Relation Name": "movie_keyword", "Alias": "mk", "Startup Cost": 0.0, "Total Cost": 136.88, "Plan Rows": 33, "Plan Width": 8, "Index Cond": "(keyword_id = k.id)"}]}, {"Node Type": "Index Scan", "Parent Relationship": "Inner", "Scan Direction": "Forward", "Index Name": "title_pkey", "Relation Name": "title", "Alias": "t1", "Startup Cost": 0.0, "Total Cost": 0.31, "Plan Rows": 1, "Plan Width": 21, "Index Cond": "(id = mk.movie_id)"}]}, {"Node Type": "Index Scan", "Parent Relationship": "Inner", "Scan Direction": "Forward", "Index Name": "movie_id_movie_link", "Relation Name": "movie_link", "Alias": "ml", "Startup Cost": 0.0, "Total Cost": 0.35, "Plan Rows": 5, "Plan Width": 12, "Index Cond": "(movie_id = t1.id)"}]}, {"Node Type": "Materialize", "Parent Relationship": "Inner", "Startup Cost": 0.0, "Total Cost": 1.25, "Plan Rows": 17, "Plan Width": 16, "Plans": [{"Node Type": "Seq Scan", "Parent Relationship": "Outer", "Relation Name": "link_type", "Alias": "lt", "Startup Cost": 0.0, "Total Cost": 1.17, "Plan Rows": 17, "Plan Width": 16}]}]}, {"Node Type": "Index Scan", "Parent Relationship": "Inner", "Scan Direction": "Forward", "Index Name": "title_pkey", "Relation Name": "title", "Alias": "t2", "Startup Cost": 0.0, "Total Cost": 4.3, "Plan Rows": 1, "Plan Width": 21, "Index Cond": "(id = ml.linked_movie_id)"}]}]}, "Unique SQL Id": 524435555, "Planner Runtime": 2}, "explain_analyze_plan": {"Plan": {"Node Type": "Aggregate", "Strategy": "Plain", "Startup Cost": 3302.27, "Total Cost": 3302.28, "Plan Rows": 1, "Plan Width": 142, "Actual Startup Time": 40.351, "Actual Total Time": 40.351, "Actual Rows": 1, "Actual Loops": 1, "Plans": [{"Node Type": "Nested Loop", "Parent Relationship": "Outer", "Join Type": "Inner", "Startup Cost": 0.0, "Total Cost": 3301.12, "Plan Rows": 154, "Plan Width": 46, "Actual Startup Time": 40.346, "Actual Total Time": 40.346, "Actual Rows": 0, "Actual Loops": 1, "Inner Unique": true, "Plans": [{"Node Type": "Nested Loop", "Parent Relationship": "Outer", "Join Type": "Inner", "Startup Cost": 0.0, "Total Cost": 2637.54, "Plan Rows": 154, "Plan Width": 33, "Actual Startup Time": 40.345, "Actual Total Time": 40.345, "Actual Rows": 0, "Actual Loops": 1, "Inner Unique": true, "Join Filter": "(ml.link_type_id = lt.id)", "Rows Removed by Join Filter": 0, "Plans": [{"Node Type": "Nested Loop", "Parent Relationship": "Outer", "Join Type": "Inner", "Startup Cost": 0.0, "Total Cost": 2597.06, "Plan Rows": 154, "Plan Width": 25, "Actual Startup Time": 40.345, "Actual Total Time": 40.345, "Actual Rows": 0, "Actual Loops": 1, "Inner Unique": false, "Plans": [{"Node Type": "Nested Loop", "Parent Relationship": "Outer", "Join Type": "Inner", "Startup Cost": 0.0, "Total Cost": 2583.84, "Plan Rows": 33, "Plan Width": 25, "Actual Startup Time": 39.48, "Actual Total Time": 40.34, "Actual Rows": 1, "Actual Loops": 1, "Inner Unique": true, "Plans": [{"Node Type": "Nested Loop", "Parent Relationship": "Outer", "Join Type": "Inner", "Startup Cost": 0.0, "Total Cost": 2573.32, "Plan Rows": 33, "Plan Width": 4, "Actual Startup Time": 39.47, "Actual Total Time": 40.33, "Actual Rows": 1, "Actual Loops": 1, "Inner Unique": false, "Plans": [{"Node Type": "Seq Scan", "Parent Relationship": "Outer", "Relation Name": "keyword", "Alias": "k", "Startup Cost": 0.0, "Total Cost": 2436.11, "Plan Rows": 1, "Plan Width": 4, "Actual Startup Time": 39.452, "Actual Total Time": 40.311, "Actual Rows": 1, "Actual Loops": 1, "Filter": "((keyword)::text = '10,000-mile-club'::text)", "Rows Removed by Filter": 134168}, {"Node Type": "Index Scan", "Parent Relationship": "Inner", "Scan Direction": "Forward", "Index Name": "keyword_id_movie_keyword", "Relation Name": "movie_keyword", "Alias": "mk", "Startup Cost": 0.0, "Total Cost": 136.88, "Plan Rows": 33, "Plan Width": 8, "Actual Startup Time": 0.013, "Actual Total Time": 0.014, "Actual Rows": 1, "Actual Loops": 1, "Index Cond": "(keyword_id = k.id)", "Rows Removed by Index Recheck": 0}]}, {"Node Type": "Index Scan", "Parent Relationship": "Inner", "Scan Direction": "Forward", "Index Name": "title_pkey", "Relation Name": "title", "Alias": "t1", "Startup Cost": 0.0, "Total Cost": 0.31, "Plan Rows": 1, "Plan Width": 21, "Actual Startup Time": 0.008, "Actual Total Time": 0.008, "Actual Rows": 1, "Actual Loops": 1, "Index Cond": "(id = mk.movie_id)", "Rows Removed by Index Recheck": 0}]}, {"Node Type": "Index Scan", "Parent Relationship": "Inner", "Scan Direction": "Forward", "Index Name": "movie_id_movie_link", "Relation Name": "movie_link", "Alias": "ml", "Startup Cost": 0.0, "Total Cost": 0.35, "Plan Rows": 5, "Plan Width": 12, "Actual Startup Time": 0.004, "Actual Total Time": 0.004, "Actual Rows": 0, "Actual Loops": 1, "Index Cond": "(movie_id = t1.id)", "Rows Removed by Index Recheck": 0}]}, {"Node Type": "Materialize", "Parent Relationship": "Inner", "Startup Cost": 0.0, "Total Cost": 1.25, "Plan Rows": 17, "Plan Width": 16, "Actual Startup Time": 0.0, "Actual Total Time": 0.0, "Plans": [{"Node Type": "Seq Scan", "Parent Relationship": "Outer", "Relation Name": "link_type", "Alias": "lt", "Startup Cost": 0.0, "Total Cost": 1.17, "Plan Rows": 17, "Plan Width": 16, "Actual Startup Time": 0.0, "Actual Total Time": 0.0}]}]}, {"Node Type": "Index Scan", "Parent Relationship": "Inner", "Scan Direction": "Forward", "Index Name": "title_pkey", "Relation Name": "title", "Alias": "t2", "Startup Cost": 0.0, "Total Cost": 4.3, "Plan Rows": 1, "Plan Width": 21, "Actual Startup Time": 0.0, "Actual Total Time": 0.0, "Index Cond": "(id = ml.linked_movie_id)", "Rows Removed by Index Recheck": 0}]}]}, "Triggers": [], "Planner Runtime": 2, "Total Runtime": 40.551, "Unique SQL Id": 524435555}}, "(64, 125)": {"explain_plan": {"Plan": {"Node Type": "Aggregate", "Strategy": "Plain", "Startup Cost": 4051.57, "Total Cost": 4051.58, "Plan Rows": 1, "Plan Width": 142, "Plans": [{"Node Type": "Nested Loop", "Parent Relationship": "Outer", "Join Type": "Inner", "Startup Cost": 0.0, "Total Cost": 4050.42, "Plan Rows": 154, "Plan Width": 46, "Inner Unique": true, "Plans": [{"Node Type": "Nested Loop", "Parent Relationship": "Outer", "Join Type": "Inner", "Startup Cost": 0.0, "Total Cost": 3386.84, "Plan Rows": 154, "Plan Width": 33, "Inner Unique": true, "Plans": [{"Node Type": "Nested Loop", "Parent Relationship": "Outer", "Join Type": "Inner", "Startup Cost": 0.0, "Total Cost": 3343.66, "Plan Rows": 154, "Plan Width": 25, "Inner Unique": false, "Plans": [{"Node Type": "Nested Loop", "Parent Relationship": "Outer", "Join Type": "Inner", "Startup Cost": 0.0, "Total Cost": 3330.45, "Plan Rows": 33, "Plan Width": 25, "Inner Unique": true, "Plans": [{"Node Type": "Nested Loop", "Parent Relationship": "Outer", "Join Type": "Inner", "Startup Cost": 0.0, "Total Cost": 3319.92, "Plan Rows": 33, "Plan Width": 4, "Inner Unique": false, "Plans": [{"Node Type": "Index Scan", "Parent Relationship": "Outer", "Scan Direction": "Forward", "Index Name": "keyword_pkey", "Relation Name": "keyword", "Alias": "k", "Startup Cost": 0.0, "Total Cost": 3182.72, "Plan Rows": 1, "Plan Width": 4, "Filter": "((keyword)::text = '10,000-mile-club'::text)"}, {"Node Type": "Index Scan", "Parent Relationship": "Inner", "Scan Direction": "Forward", "Index Name": "keyword_id_movie_keyword", "Relation Name": "movie_keyword", "Alias": "mk", "Startup Cost": 0.0, "Total Cost": 136.88, "Plan Rows": 33, "Plan Width": 8, "Index Cond": "(keyword_id = k.id)"}]}, {"Node Type": "Index Scan", "Parent Relationship": "Inner", "Scan Direction": "Forward", "Index Name": "title_pkey", "Relation Name": "title", "Alias": "t1", "Startup Cost": 0.0, "Total Cost": 0.31, "Plan Rows": 1, "Plan Width": 21, "Index Cond": "(id = mk.movie_id)"}]}, {"Node Type": "Index Scan", "Parent Relationship": "Inner", "Scan Direction": "Forward", "Index Name": "movie_id_movie_link", "Relation Name": "movie_link", "Alias": "ml", "Startup Cost": 0.0, "Total Cost": 0.35, "Plan Rows": 5, "Plan Width": 12, "Index Cond": "(movie_id = t1.id)"}]}, {"Node Type": "Index Scan", "Parent Relationship": "Inner", "Scan Direction": "Forward", "Index Name": "link_type_pkey", "Relation Name": "link_type", "Alias": "lt", "Startup Cost": 0.0, "Total Cost": 0.27, "Plan Rows": 1, "Plan Width": 16, "Index Cond": "(id = ml.link_type_id)"}]}, {"Node Type": "Index Scan", "Parent Relationship": "Inner", "Scan Direction": "Forward", "Index Name": "title_pkey", "Relation Name": "title", "Alias": "t2", "Startup Cost": 0.0, "Total Cost": 4.3, "Plan Rows": 1, "Plan Width": 21, "Index Cond": "(id = ml.linked_movie_id)"}]}]}, "Unique SQL Id": 524435555, "Planner Runtime": 2}, "explain_analyze_plan": {"Plan": {"Node Type": "Aggregate", "Strategy": "Plain", "Startup Cost": 4051.57, "Total Cost": 4051.58, "Plan Rows": 1, "Plan Width": 142, "Actual Startup Time": 112.659, "Actual Total Time": 112.659, "Actual Rows": 1, "Actual Loops": 1, "Plans": [{"Node Type": "Nested Loop", "Parent Relationship": "Outer", "Join Type": "Inner", "Startup Cost": 0.0, "Total Cost": 4050.42, "Plan Rows": 154, "Plan Width": 46, "Actual Startup Time": 112.653, "Actual Total Time": 112.653, "Actual Rows": 0, "Actual Loops": 1, "Inner Unique": true, "Plans": [{"Node Type": "Nested Loop", "Parent Relationship": "Outer", "Join Type": "Inner", "Startup Cost": 0.0, "Total Cost": 3386.84, "Plan Rows": 154, "Plan Width": 33, "Actual Startup Time": 112.653, "Actual Total Time": 112.653, "Actual Rows": 0, "Actual Loops": 1, "Inner Unique": true, "Plans": [{"Node Type": "Nested Loop", "Parent Relationship": "Outer", "Join Type": "Inner", "Startup Cost": 0.0, "Total Cost": 3343.66, "Plan Rows": 154, "Plan Width": 25, "Actual Startup Time": 112.652, "Actual Total Time": 112.652, "Actual Rows": 0, "Actual Loops": 1, "Inner Unique": false, "Plans": [{"Node Type": "Nested Loop", "Parent Relationship": "Outer", "Join Type": "Inner", "Startup Cost": 0.0, "Total Cost": 3330.45, "Plan Rows": 33, "Plan Width": 25, "Actual Startup Time": 110.792, "Actual Total Time": 112.645, "Actual Rows": 1, "Actual Loops": 1, "Inner Unique": true, "Plans": [{"Node Type": "Nested Loop", "Parent Relationship": "Outer", "Join Type": "Inner", "Startup Cost": 0.0, "Total Cost": 3319.92, "Plan Rows": 33, "Plan Width": 4, "Actual Startup Time": 110.781, "Actual Total Time": 112.634, "Actual Rows": 1, "Actual Loops": 1, "Inner Unique": false, "Plans": [{"Node Type": "Index Scan", "Parent Relationship": "Outer", "Scan Direction": "Forward", "Index Name": "keyword_pkey", "Relation Name": "keyword", "Alias": "k", "Startup Cost": 0.0, "Total Cost": 3182.72, "Plan Rows": 1, "Plan Width": 4, "Actual Startup Time": 110.759, "Actual Total Time": 112.61, "Actual Rows": 1, "Actual Loops": 1, "Filter": "((keyword)::text = '10,000-mile-club'::text)", "Rows Removed by Filter": 134168}, {"Node Type": "Index Scan", "Parent Relationship": "Inner", "Scan Direction": "Forward", "Index Name": "keyword_id_movie_keyword", "Relation Name": "movie_keyword", "Alias": "mk", "Startup Cost": 0.0, "Total Cost": 136.88, "Plan Rows": 33, "Plan Width": 8, "Actual Startup Time": 0.014, "Actual Total Time": 0.015, "Actual Rows": 1, "Actual Loops": 1, "Index Cond": "(keyword_id = k.id)", "Rows Removed by Index Recheck": 0}]}, {"Node Type": "Index Scan", "Parent Relationship": "Inner", "Scan Direction": "Forward", "Index Name": "title_pkey", "Relation Name": "title", "Alias": "t1", "Startup Cost": 0.0, "Total Cost": 0.31, "Plan Rows": 1, "Plan Width": 21, "Actual Startup Time": 0.009, "Actual Total Time": 0.009, "Actual Rows": 1, "Actual Loops": 1, "Index Cond": "(id = mk.movie_id)", "Rows Removed by Index Recheck": 0}]}, {"Node Type": "Index Scan", "Parent Relationship": "Inner", "Scan Direction": "Forward", "Index Name": "movie_id_movie_link", "Relation Name": "movie_link", "Alias": "ml", "Startup Cost": 0.0, "Total Cost": 0.35, "Plan Rows": 5, "Plan Width": 12, "Actual Startup Time": 0.003, "Actual Total Time": 0.003, "Actual Rows": 0, "Actual Loops": 1, "Index Cond": "(movie_id = t1.id)", "Rows Removed by Index Recheck": 0}]}, {"Node Type": "Index Scan", "Parent Relationship": "Inner", "Scan Direction": "Forward", "Index Name": "link_type_pkey", "Relation Name": "link_type", "Alias": "lt", "Startup Cost": 0.0, "Total Cost": 0.27, "Plan Rows": 1, "Plan Width": 16, "Actual Startup Time": 0.0, "Actual Total Time": 0.0, "Index Cond": "(id = ml.link_type_id)", "Rows Removed by Index Recheck": 0}]}, {"Node Type": "Index Scan", "Parent Relationship": "Inner", "Scan Direction": "Forward", "Index Name": "title_pkey", "Relation Name": "title", "Alias": "t2", "Startup Cost": 0.0, "Total Cost": 4.3, "Plan Rows": 1, "Plan Width": 21, "Actual Startup Time": 0.0, "Actual Total Time": 0.0, "Index Cond": "(id = ml.linked_movie_id)", "Rows Removed by Index Recheck": 0}]}]}, "Triggers": [], "Planner Runtime": 2, "Total Runtime": 112.875, "Unique SQL Id": 524435555}}, "(64, 126)": {"explain_plan": {"Plan": {"Node Type": "Aggregate", "Strategy": "Plain", "Startup Cost": 7348798.26, "Total Cost": 7348798.27, "Plan Rows": 1, "Plan Width": 142, "Plans": [{"Node Type": "Nested Loop", "Parent Relationship": "Outer", "Join Type": "Inner", "Startup Cost": 0.0, "Total Cost": 7348797.1, "Plan Rows": 154, "Plan Width": 46, "Inner Unique": false, "Join Filter": "(ml.linked_movie_id = t2.id)", "Plans": [{"Node Type": "Seq Scan", "Parent Relationship": "Outer", "Relation Name": "title", "Alias": "t2", "Startup Cost": 0.0, "Total Cost": 60069.11, "Plan Rows": 2528311, "Plan Width": 21}, {"Node Type": "Materialize", "Parent Relationship": "Inner", "Startup Cost": 0.0, "Total Cost": 1448329.97, "Plan Rows": 154, "Plan Width": 33, "Plans": [{"Node Type": "Nested Loop", "Parent Relationship": "Outer", "Join Type": "Inner", "Startup Cost": 0.0, "Total Cost": 1448329.2, "Plan Rows": 154, "Plan Width": 33, "Inner Unique": true, "Join Filter": "(ml.link_type_id = lt.id)", "Plans": [{"Node Type": "Nested Loop", "Parent Relationship": "Outer", "Join Type": "Inner", "Startup Cost": 0.0, "Total Cost": 1448288.72, "Plan Rows": 154, "Plan Width": 25, "Inner Unique": false, "Join Filter": "(t1.id = ml.movie_id)", "Plans": [{"Node Type": "Seq Scan", "Parent Relationship": "Outer", "Relation Name": "movie_link", "Alias": "ml", "Startup Cost": 0.0, "Total Cost": 430.96, "Plan Rows": 29996, "Plan Width": 12}, {"Node Type": "Materialize", "Parent Relationship": "Inner", "Startup Cost": 0.0, "Total Cost": 1433009.82, "Plan Rows": 33, "Plan Width": 25, "Plans": [{"Node Type": "Nested Loop", "Parent Relationship": "Outer", "Join Type": "Inner", "Startup Cost": 0.0, "Total Cost": 1433009.65, "Plan Rows": 33, "Plan Width": 25, "Inner Unique": false, "Join Filter": "(mk.movie_id = t1.id)", "Plans": [{"Node Type": "Seq Scan", "Parent Relationship": "Outer", "Relation Name": "title", "Alias": "t1", "Startup Cost": 0.0, "Total Cost": 60069.11, "Plan Rows": 2528311, "Plan Width": 21}, {"Node Type": "Materialize", "Parent Relationship": "Inner", "Startup Cost": 0.0, "Total Cost": 121426.68, "Plan Rows": 33, "Plan Width": 4, "Plans": [{"Node Type": "Nested Loop", "Parent Relationship": "Outer", "Join Type": "Inner", "Startup Cost": 0.0, "Total Cost": 121426.52, "Plan Rows": 33, "Plan Width": 4, "Inner Unique": false, "Join Filter": "(k.id = mk.keyword_id)", "Plans": [{"Node Type": "Seq Scan", "Parent Relationship": "Outer", "Relation Name": "keyword", "Alias": "k", "Startup Cost": 0.0, "Total Cost": 2436.11, "Plan Rows": 1, "Plan Width": 4, "Filter": "((keyword)::text = '10,000-mile-club'::text)"}, {"Node Type": "Seq Scan", "Parent Relationship": "Inner", "Relation Name": "movie_keyword", "Alias": "mk", "Startup Cost": 0.0, "Total Cost": 62441.29, "Plan Rows": 4523929, "Plan Width": 8}]}]}]}]}]}, {"Node Type": "Materialize", "Parent Relationship": "Inner", "Startup Cost": 0.0, "Total Cost": 1.25, "Plan Rows": 17, "Plan Width": 16, "Plans": [{"Node Type": "Seq Scan", "Parent Relationship": "Outer", "Relation Name": "link_type", "Alias": "lt", "Startup Cost": 0.0, "Total Cost": 1.17, "Plan Rows": 17, "Plan Width": 16}]}]}]}]}]}, "Unique SQL Id": 524435555, "Planner Runtime": 2}, "explain_analyze_plan": null}, "(64, 127)": {"explain_plan": {"Plan": {"Node Type": "Aggregate", "Strategy": "Plain", "Startup Cost": 6000044963492.68, "Total Cost": 6000044963492.69, "Plan Rows": 1, "Plan Width": 142, "Plans": [{"Node Type": "Nested Loop", "Parent Relationship": "Outer", "Join Type": "Inner", "Startup Cost": 60000000000.0, "Total Cost": 6000044963491.52, "Plan Rows": 154, "Plan Width": 46, "Inner Unique": false, "Join Filter": "(ml.linked_movie_id = t2.id)", "Plans": [{"Node Type": "Index Scan", "Parent Relationship": "Outer", "Scan Direction": "Forward", "Index Name": "title_pkey", "Relation Name": "title", "Alias": "t2", "Startup Cost": 10000000000.0, "Total Cost": 1000011012048.91, "Plan Rows": 2528311, "Plan Width": 21}, {"Node Type": "Materialize", "Parent Relationship": "Inner", "Startup Cost": 50000000000.0, "Total Cost": 5000028111044.58, "Plan Rows": 154, "Plan Width": 33, "Plans": [{"Node Type": "Nested Loop", "Parent Relationship": "Outer", "Join Type": "Inner", "Startup Cost": 50000000000.0, "Total Cost": 5000028111043.81, "Plan Rows": 154, "Plan Width": 33, "Inner Unique": true, "Join Filter": "(ml.link_type_id = lt.id)", "Plans": [{"Node Type": "Nested Loop", "Parent Relationship": "Outer", "Join Type": "Inner", "Startup Cost": 40000000000.0, "Total Cost": 4000028109754.0, "Plan Rows": 154, "Plan Width": 25, "Inner Unique": false, "Join Filter": "(t1.id = ml.movie_id)", "Plans": [{"Node Type": "Index Scan", "Parent Relationship": "Outer", "Scan Direction": "Forward", "Index Name": "linked_movie_id_movie_link", "Relation Name": "movie_link", "Alias": "ml", "Startup Cost": 10000000000.0, "Total Cost": 1000000144578.17, "Plan Rows": 29996, "Plan Width": 12}, {"Node Type": "Materialize", "Parent Relationship": "Inner", "Startup Cost": 30000000000.0, "Total Cost": 3000027950327.9, "Plan Rows": 33, "Plan Width": 25, "Plans": [{"Node Type": "Nested Loop", "Parent Relationship": "Outer", "Join Type": "Inner", "Startup Cost": 30000000000.0, "Total Cost": 3000027950327.73, "Plan Rows": 33, "Plan Width": 25, "Inner Unique": false, "Join Filter": "(mk.movie_id = t1.id)", "Plans": [{"Node Type": "Index Scan", "Parent Relationship": "Outer", "Scan Direction": "Forward", "Index Name": "title_pkey", "Relation Name": "title", "Alias": "t1", "Startup Cost": 10000000000.0, "Total Cost": 1000011012048.91, "Plan Rows": 2528311, "Plan Width": 21}, {"Node Type": "Materialize", "Parent Relationship": "Inner", "Startup Cost": 20000000000.0, "Total Cost": 2000015686764.96, "Plan Rows": 33, "Plan Width": 4, "Plans": [{"Node Type": "Nested Loop", "Parent Relationship": "Outer", "Join Type": "Inner", "Startup Cost": 20000000000.0, "Total Cost": 2000015686764.79, "Plan Rows": 33, "Plan Width": 4, "Inner Unique": true, "Join Filter": "(k.id = mk.keyword_id)", "Plans": [{"Node Type": "Index Scan", "Parent Relationship": "Outer", "Scan Direction": "Forward", "Index Name": "movie_id_movie_keyword", "Relation Name": "movie_keyword", "Alias": "mk", "Startup Cost": 10000000000.0, "Total Cost": 1000015300634.17, "Plan Rows": 4523929, "Plan Width": 8}, {"Node Type": "Materialize", "Parent Relationship": "Inner", "Startup Cost": 10000000000.0, "Total Cost": 1000000318271.69, "Plan Rows": 1, "Plan Width": 4, "Plans": [{"Node Type": "Index Scan", "Parent Relationship": "Outer", "Scan Direction": "Forward", "Index Name": "keyword_pkey", "Relation Name": "keyword", "Alias": "k", "Startup Cost": 10000000000.0, "Total Cost": 1000000318271.68, "Plan Rows": 1, "Plan Width": 4, "Filter": "((keyword)::text = '10,000-mile-club'::text)"}]}]}]}]}]}]}, {"Node Type": "Materialize", "Parent Relationship": "Inner", "Startup Cost": 10000000000.0, "Total Cost": 1000000001250.58, "Plan Rows": 17, "Plan Width": 16, "Plans": [{"Node Type": "Index Scan", "Parent Relationship": "Outer", "Scan Direction": "Forward", "Index Name": "link_type_pkey", "Relation Name": "link_type", "Alias": "lt", "Startup Cost": 10000000000.0, "Total Cost": 1000000001250.5, "Plan Rows": 17, "Plan Width": 16}]}]}]}]}]}, "Unique SQL Id": 524435555, "Planner Runtime": 2}, "explain_analyze_plan": null}}