{"(1, 0)": {"explain_plan": {"Plan": {"Node Type": "Aggregate", "Strategy": "Plain", "Startup Cost": 168594.43, "Total Cost": 168594.44, "Plan Rows": 1, "Plan Width": 160, "Plans": [{"Node Type": "Nested Loop", "Parent Relationship": "Outer", "Join Type": "Inner", "Startup Cost": 4842.14, "Total Cost": 168583.83, "Plan Rows": 1413, "Plan Width": 64, "Inner Unique": true, "Plans": [{"Node Type": "Nested Loop", "Parent Relationship": "Outer", "Join Type": "Inner", "Startup Cost": 4842.14, "Total Cost": 168004.57, "Plan Rows": 1155, "Plan Width": 68, "Inner Unique": false, "Plans": [{"Node Type": "Nested Loop", "Parent Relationship": "Outer", "Join Type": "Inner", "Startup Cost": 4842.14, "Total Cost": 166942.93, "Plan Rows": 1044, "Plan Width": 76, "Inner Unique": true, "Join Filter": "(mi.movie_id = t.id)", "Plans": [{"Node Type": "Nested Loop", "Parent Relationship": "Outer", "Join Type": "Inner", "Startup Cost": 4842.14, "Total Cost": 166514.74, "Plan Rows": 1044, "Plan Width": 55, "Inner Unique": false, "Join Filter": "(mi_idx.info_type_id = it2.id)", "Plans": [{"Node Type": "Seq Scan", "Parent Relationship": "Outer", "Relation Name": "info_type", "Alias": "it2", "Startup Cost": 0.0, "Total Cost": 2.4, "Plan Rows": 1, "Plan Width": 4, "Filter": "((info)::text = 'votes'::text)"}, {"Node Type": "Nested Loop", "Parent Relationship": "Inner", "Join Type": "Inner", "Startup Cost": 4842.14, "Total Cost": 166460.15, "Plan Rows": 4175, "Plan Width": 59, "Inner Unique": false, "Plans": [{"Node Type": "Nested Loop", "Parent Relationship": "Outer", "Join Type": "Inner", "Startup Cost": 4842.14, "Total Cost": 164972.1, "Plan Rows": 2717, "Plan Width": 46, "Inner Unique": false, "Plans": [{"Node Type": "Seq Scan", "Parent Relationship": "Outer", "Relation Name": "info_type", "Alias": "it1", "Startup Cost": 0.0, "Total Cost": 2.4, "Plan Rows": 1, "Plan Width": 4, "Filter": "((info)::text = 'genres'::text)"}, {"Node Type": "Bitmap Heap Scan", "Parent Relationship": "Inner", "Relation Name": "movie_info", "Alias": "mi", "Startup Cost": 4842.14, "Total Cost": 164942.53, "Plan Rows": 2717, "Plan Width": 50, "Recheck Cond": "(info_type_id = it1.id)", "Filter": "((info)::text = ANY ('{Horror,Action,Sci-Fi,Thriller,Crime,War}'::text[]))", "Plans": [{"Node Type": "Bitmap Index Scan", "Parent Relationship": "Outer", "Index Name": "info_type_id_movie_info", "Startup Cost": 0.0, "Total Cost": 4841.46, "Plan Rows": 212428, "Plan Width": 0, "Index Cond": "(info_type_id = it1.id)"}]}]}, {"Node Type": "Index Scan", "Parent Relationship": "Inner", "Scan Direction": "Forward", "Index Name": "movie_id_movie_info_idx", "Relation Name": "movie_info_idx", "Alias": "mi_idx", "Startup Cost": 0.0, "Total Cost": 0.53, "Plan Rows": 2, "Plan Width": 13, "Index Cond": "(movie_id = mi.movie_id)"}]}]}, {"Node Type": "Index Scan", "Parent Relationship": "Inner", "Scan Direction": "Forward", "Index Name": "title_pkey", "Relation Name": "title", "Alias": "t", "Startup Cost": 0.0, "Total Cost": 0.4, "Plan Rows": 1, "Plan Width": 21, "Index Cond": "(id = mi_idx.movie_id)"}]}, {"Node Type": "Index Scan", "Parent Relationship": "Inner", "Scan Direction": "Forward", "Index Name": "movie_id_cast_info", "Relation Name": "cast_info", "Alias": "ci", "Startup Cost": 0.0, "Total Cost": 1.01, "Plan Rows": 1, "Plan Width": 8, "Index Cond": "(movie_id = t.id)", "Filter": "((note)::text = ANY ('{(writer),\"(head writer)\",\"(written by)\",(story),\"(story editor)\"}'::text[]))"}]}, {"Node Type": "Index Scan", "Parent Relationship": "Inner", "Scan Direction": "Forward", "Index Name": "name_pkey", "Relation Name": "name", "Alias": "n", "Startup Cost": 0.0, "Total Cost": 0.49, "Plan Rows": 1, "Plan Width": 4, "Index Cond": "(id = ci.person_id)", "Filter": "((gender)::text = 'm'::text)"}]}]}, "Unique SQL Id": 3913857139, "Planner Runtime": 27}, "explain_analyze_plan": {"Plan": {"Node Type": "Aggregate", "Strategy": "Plain", "Startup Cost": 168594.43, "Total Cost": 168594.44, "Plan Rows": 1, "Plan Width": 160, "Actual Startup Time": 10962.342, "Actual Total Time": 10962.342, "Actual Rows": 1, "Actual Loops": 1, "Plans": [{"Node Type": "Nested Loop", "Parent Relationship": "Outer", "Join Type": "Inner", "Startup Cost": 4842.14, "Total Cost": 168583.83, "Plan Rows": 1413, "Plan Width": 64, "Actual Startup Time": 182.238, "Actual Total Time": 10918.825, "Actual Rows": 28073, "Actual Loops": 1, "Inner Unique": true, "Plans": [{"Node Type": "Nested Loop", "Parent Relationship": "Outer", "Join Type": "Inner", "Startup Cost": 4842.14, "Total Cost": 168004.57, "Plan Rows": 1155, "Plan Width": 68, "Actual Startup Time": 179.995, "Actual Total Time": 10530.664, "Actual Rows": 54155, "Actual Loops": 1, "Inner Unique": false, "Plans": [{"Node Type": "Nested Loop", "Parent Relationship": "Outer", "Join Type": "Inner", "Startup Cost": 4842.14, "Total Cost": 166942.93, "Plan Rows": 1044, "Plan Width": 76, "Actual Startup Time": 177.445, "Actual Total Time": 2626.7, "Actual Rows": 102516, "Actual Loops": 1, "Inner Unique": true, "Join Filter": "(mi.movie_id = t.id)", "Rows Removed by Join Filter": 0, "Plans": [{"Node Type": "Nested Loop", "Parent Relationship": "Outer", "Join Type": "Inner", "Startup Cost": 4842.14, "Total Cost": 166514.74, "Plan Rows": 1044, "Plan Width": 55, "Actual Startup Time": 177.415, "Actual Total Time": 2091.352, "Actual Rows": 102516, "Actual Loops": 1, "Inner Unique": false, "Join Filter": "(mi_idx.info_type_id = it2.id)", "Rows Removed by Join Filter": 205269, "Plans": [{"Node Type": "Seq Scan", "Parent Relationship": "Outer", "Relation Name": "info_type", "Alias": "it2", "Startup Cost": 0.0, "Total Cost": 2.4, "Plan Rows": 1, "Plan Width": 4, "Actual Startup Time": 0.051, "Actual Total Time": 0.06, "Actual Rows": 1, "Actual Loops": 1, "Filter": "((info)::text = 'votes'::text)", "Rows Removed by Filter": 111}, {"Node Type": "Nested Loop", "Parent Relationship": "Inner", "Join Type": "Inner", "Startup Cost": 4842.14, "Total Cost": 166460.15, "Plan Rows": 4175, "Plan Width": 59, "Actual Startup Time": 177.338, "Actual Total Time": 2000.149, "Actual Rows": 307785, "Actual Loops": 1, "Inner Unique": false, "Plans": [{"Node Type": "Nested Loop", "Parent Relationship": "Outer", "Join Type": "Inner", "Startup Cost": 4842.14, "Total Cost": 164972.1, "Plan Rows": 2717, "Plan Width": 46, "Actual Startup Time": 177.302, "Actual Total Time": 1152.01, "Actual Rows": 186594, "Actual Loops": 1, "Inner Unique": false, "Plans": [{"Node Type": "Seq Scan", "Parent Relationship": "Outer", "Relation Name": "info_type", "Alias": "it1", "Startup Cost": 0.0, "Total Cost": 2.4, "Plan Rows": 1, "Plan Width": 4, "Actual Startup Time": 0.022, "Actual Total Time": 0.06, "Actual Rows": 1, "Actual Loops": 1, "Filter": "((info)::text = 'genres'::text)", "Rows Removed by Filter": 111}, {"Node Type": "Bitmap Heap Scan", "Parent Relationship": "Inner", "Relation Name": "movie_info", "Alias": "mi", "Startup Cost": 4842.14, "Total Cost": 164942.53, "Plan Rows": 2717, "Plan Width": 50, "Actual Startup Time": 177.275, "Actual Total Time": 1109.223, "Actual Rows": 186594, "Actual Loops": 1, "Recheck Cond": "(info_type_id = it1.id)", "Rows Removed by Index Recheck": 0, "Filter": "((info)::text = ANY ('{Horror,Action,Sci-Fi,Thriller,Crime,War}'::text[]))", "Rows Removed by Filter": 1347315, "Exact Heap Blocks": 7426, "Lossy Heap Blocks": 7426, "Plans": [{"Node Type": "Bitmap Index Scan", "Parent Relationship": "Outer", "Index Name": "info_type_id_movie_info", "Startup Cost": 0.0, "Total Cost": 4841.46, "Plan Rows": 212428, "Plan Width": 0, "Actual Startup Time": 175.891, "Actual Total Time": 175.891, "Actual Rows": 1533909, "Actual Loops": 1, "Index Cond": "(info_type_id = it1.id)"}]}]}, {"Node Type": "Index Scan", "Parent Relationship": "Inner", "Scan Direction": "Forward", "Index Name": "movie_id_movie_info_idx", "Relation Name": "movie_info_idx", "Alias": "mi_idx", "Startup Cost": 0.0, "Total Cost": 0.53, "Plan Rows": 2, "Plan Width": 13, "Actual Startup Time": 547.884, "Actual Total Time": 667.997, "Actual Rows": 307785, "Actual Loops": 186594, "Index Cond": "(movie_id = mi.movie_id)", "Rows Removed by Index Recheck": 0}]}]}, {"Node Type": "Index Scan", "Parent Relationship": "Inner", "Scan Direction": "Forward", "Index Name": "title_pkey", "Relation Name": "title", "Alias": "t", "Startup Cost": 0.0, "Total Cost": 0.4, "Plan Rows": 1, "Plan Width": 21, "Actual Startup Time": 422.794, "Actual Total Time": 422.794, "Actual Rows": 102516, "Actual Loops": 102516, "Index Cond": "(id = mi_idx.movie_id)", "Rows Removed by Index Recheck": 0}]}, {"Node Type": "Index Scan", "Parent Relationship": "Inner", "Scan Direction": "Forward", "Index Name": "movie_id_cast_info", "Relation Name": "cast_info", "Alias": "ci", "Startup Cost": 0.0, "Total Cost": 1.01, "Plan Rows": 1, "Plan Width": 8, "Actual Startup Time": 6671.429, "Actual Total Time": 7830.07, "Actual Rows": 54155, "Actual Loops": 102516, "Index Cond": "(movie_id = t.id)", "Rows Removed by Index Recheck": 0, "Filter": "((note)::text = ANY ('{(writer),\"(head writer)\",\"(written by)\",(story),\"(story editor)\"}'::text[]))", "Rows Removed by Filter": 3987641}]}, {"Node Type": "Index Scan", "Parent Relationship": "Inner", "Scan Direction": "Forward", "Index Name": "name_pkey", "Relation Name": "name", "Alias": "n", "Startup Cost": 0.0, "Total Cost": 0.49, "Plan Rows": 1, "Plan Width": 4, "Actual Startup Time": 341.049, "Actual Total Time": 341.049, "Actual Rows": 28073, "Actual Loops": 54155, "Index Cond": "(id = ci.person_id)", "Rows Removed by Index Recheck": 0, "Filter": "((gender)::text = 'm'::text)", "Rows Removed by Filter": 26082}]}]}, "Triggers": [], "Planner Runtime": 5, "Total Runtime": 10962.78, "Unique SQL Id": 3913857139}}, "(1, 1)": {"explain_plan": {"Plan": {"Node Type": "Aggregate", "Strategy": "Plain", "Startup Cost": 168618.05, "Total Cost": 168618.06, "Plan Rows": 1, "Plan Width": 160, "Plans": [{"Node Type": "Nested Loop", "Parent Relationship": "Outer", "Join Type": "Inner", "Startup Cost": 4842.14, "Total Cost": 168607.45, "Plan Rows": 1413, "Plan Width": 64, "Inner Unique": true, "Plans": [{"Node Type": "Nested Loop", "Parent Relationship": "Outer", "Join Type": "Inner", "Startup Cost": 4842.14, "Total Cost": 168028.19, "Plan Rows": 1155, "Plan Width": 68, "Inner Unique": false, "Plans": [{"Node Type": "Nested Loop", "Parent Relationship": "Outer", "Join Type": "Inner", "Startup Cost": 4842.14, "Total Cost": 166966.55, "Plan Rows": 1044, "Plan Width": 76, "Inner Unique": true, "Join Filter": "(mi.movie_id = t.id)", "Plans": [{"Node Type": "Nested Loop", "Parent Relationship": "Outer", "Join Type": "Inner", "Startup Cost": 4842.14, "Total Cost": 166538.36, "Plan Rows": 1044, "Plan Width": 55, "Inner Unique": false, "Join Filter": "(mi_idx.info_type_id = it2.id)", "Plans": [{"Node Type": "Index Scan", "Parent Relationship": "Outer", "Scan Direction": "Forward", "Index Name": "info_type_pkey", "Relation Name": "info_type", "Alias": "it2", "Startup Cost": 0.0, "Total Cost": 14.21, "Plan Rows": 1, "Plan Width": 4, "Filter": "((info)::text = 'votes'::text)"}, {"Node Type": "Nested Loop", "Parent Relationship": "Inner", "Join Type": "Inner", "Startup Cost": 4842.14, "Total Cost": 166471.96, "Plan Rows": 4175, "Plan Width": 59, "Inner Unique": false, "Plans": [{"Node Type": "Nested Loop", "Parent Relationship": "Outer", "Join Type": "Inner", "Startup Cost": 4842.14, "Total Cost": 164983.91, "Plan Rows": 2717, "Plan Width": 46, "Inner Unique": false, "Plans": [{"Node Type": "Index Scan", "Parent Relationship": "Outer", "Scan Direction": "Forward", "Index Name": "info_type_pkey", "Relation Name": "info_type", "Alias": "it1", "Startup Cost": 0.0, "Total Cost": 14.21, "Plan Rows": 1, "Plan Width": 4, "Filter": "((info)::text = 'genres'::text)"}, {"Node Type": "Bitmap Heap Scan", "Parent Relationship": "Inner", "Relation Name": "movie_info", "Alias": "mi", "Startup Cost": 4842.14, "Total Cost": 164942.53, "Plan Rows": 2717, "Plan Width": 50, "Recheck Cond": "(info_type_id = it1.id)", "Filter": "((info)::text = ANY ('{Horror,Action,Sci-Fi,Thriller,Crime,War}'::text[]))", "Plans": [{"Node Type": "Bitmap Index Scan", "Parent Relationship": "Outer", "Index Name": "info_type_id_movie_info", "Startup Cost": 0.0, "Total Cost": 4841.46, "Plan Rows": 212428, "Plan Width": 0, "Index Cond": "(info_type_id = it1.id)"}]}]}, {"Node Type": "Index Scan", "Parent Relationship": "Inner", "Scan Direction": "Forward", "Index Name": "movie_id_movie_info_idx", "Relation Name": "movie_info_idx", "Alias": "mi_idx", "Startup Cost": 0.0, "Total Cost": 0.53, "Plan Rows": 2, "Plan Width": 13, "Index Cond": "(movie_id = mi.movie_id)"}]}]}, {"Node Type": "Index Scan", "Parent Relationship": "Inner", "Scan Direction": "Forward", "Index Name": "title_pkey", "Relation Name": "title", "Alias": "t", "Startup Cost": 0.0, "Total Cost": 0.4, "Plan Rows": 1, "Plan Width": 21, "Index Cond": "(id = mi_idx.movie_id)"}]}, {"Node Type": "Index Scan", "Parent Relationship": "Inner", "Scan Direction": "Forward", "Index Name": "movie_id_cast_info", "Relation Name": "cast_info", "Alias": "ci", "Startup Cost": 0.0, "Total Cost": 1.01, "Plan Rows": 1, "Plan Width": 8, "Index Cond": "(movie_id = t.id)", "Filter": "((note)::text = ANY ('{(writer),\"(head writer)\",\"(written by)\",(story),\"(story editor)\"}'::text[]))"}]}, {"Node Type": "Index Scan", "Parent Relationship": "Inner", "Scan Direction": "Forward", "Index Name": "name_pkey", "Relation Name": "name", "Alias": "n", "Startup Cost": 0.0, "Total Cost": 0.49, "Plan Rows": 1, "Plan Width": 4, "Index Cond": "(id = ci.person_id)", "Filter": "((gender)::text = 'm'::text)"}]}]}, "Unique SQL Id": 3913857139, "Planner Runtime": 20}, "explain_analyze_plan": {"Plan": {"Node Type": "Aggregate", "Strategy": "Plain", "Startup Cost": 168618.05, "Total Cost": 168618.06, "Plan Rows": 1, "Plan Width": 160, "Actual Startup Time": 10985.018, "Actual Total Time": 10985.019, "Actual Rows": 1, "Actual Loops": 1, "Plans": [{"Node Type": "Nested Loop", "Parent Relationship": "Outer", "Join Type": "Inner", "Startup Cost": 4842.14, "Total Cost": 168607.45, "Plan Rows": 1413, "Plan Width": 64, "Actual Startup Time": 175.61, "Actual Total Time": 10939.798, "Actual Rows": 28073, "Actual Loops": 1, "Inner Unique": true, "Plans": [{"Node Type": "Nested Loop", "Parent Relationship": "Outer", "Join Type": "Inner", "Startup Cost": 4842.14, "Total Cost": 168028.19, "Plan Rows": 1155, "Plan Width": 68, "Actual Startup Time": 173.738, "Actual Total Time": 10546.49, "Actual Rows": 54155, "Actual Loops": 1, "Inner Unique": false, "Plans": [{"Node Type": "Nested Loop", "Parent Relationship": "Outer", "Join Type": "Inner", "Startup Cost": 4842.14, "Total Cost": 166966.55, "Plan Rows": 1044, "Plan Width": 76, "Actual Startup Time": 171.478, "Actual Total Time": 2622.411, "Actual Rows": 102516, "Actual Loops": 1, "Inner Unique": true, "Join Filter": "(mi.movie_id = t.id)", "Rows Removed by Join Filter": 0, "Plans": [{"Node Type": "Nested Loop", "Parent Relationship": "Outer", "Join Type": "Inner", "Startup Cost": 4842.14, "Total Cost": 166538.36, "Plan Rows": 1044, "Plan Width": 55, "Actual Startup Time": 171.46, "Actual Total Time": 2084.763, "Actual Rows": 102516, "Actual Loops": 1, "Inner Unique": false, "Join Filter": "(mi_idx.info_type_id = it2.id)", "Rows Removed by Join Filter": 205269, "Plans": [{"Node Type": "Index Scan", "Parent Relationship": "Outer", "Scan Direction": "Forward", "Index Name": "info_type_pkey", "Relation Name": "info_type", "Alias": "it2", "Startup Cost": 0.0, "Total Cost": 14.21, "Plan Rows": 1, "Plan Width": 4, "Actual Startup Time": 0.077, "Actual Total Time": 0.096, "Actual Rows": 1, "Actual Loops": 1, "Filter": "((info)::text = 'votes'::text)", "Rows Removed by Filter": 111}, {"Node Type": "Nested Loop", "Parent Relationship": "Inner", "Join Type": "Inner", "Startup Cost": 4842.14, "Total Cost": 166471.96, "Plan Rows": 4175, "Plan Width": 59, "Actual Startup Time": 171.352, "Actual Total Time": 1994.85, "Actual Rows": 307785, "Actual Loops": 1, "Inner Unique": false, "Plans": [{"Node Type": "Nested Loop", "Parent Relationship": "Outer", "Join Type": "Inner", "Startup Cost": 4842.14, "Total Cost": 164983.91, "Plan Rows": 2717, "Plan Width": 46, "Actual Startup Time": 171.315, "Actual Total Time": 1144.549, "Actual Rows": 186594, "Actual Loops": 1, "Inner Unique": false, "Plans": [{"Node Type": "Index Scan", "Parent Relationship": "Outer", "Scan Direction": "Forward", "Index Name": "info_type_pkey", "Relation Name": "info_type", "Alias": "it1", "Startup Cost": 0.0, "Total Cost": 14.21, "Plan Rows": 1, "Plan Width": 4, "Actual Startup Time": 0.009, "Actual Total Time": 0.198, "Actual Rows": 1, "Actual Loops": 1, "Filter": "((info)::text = 'genres'::text)", "Rows Removed by Filter": 111}, {"Node Type": "Bitmap Heap Scan", "Parent Relationship": "Inner", "Relation Name": "movie_info", "Alias": "mi", "Startup Cost": 4842.14, "Total Cost": 164942.53, "Plan Rows": 2717, "Plan Width": 50, "Actual Startup Time": 171.298, "Actual Total Time": 1101.073, "Actual Rows": 186594, "Actual Loops": 1, "Recheck Cond": "(info_type_id = it1.id)", "Rows Removed by Index Recheck": 0, "Filter": "((info)::text = ANY ('{Horror,Action,Sci-Fi,Thriller,Crime,War}'::text[]))", "Rows Removed by Filter": 1347315, "Exact Heap Blocks": 7426, "Lossy Heap Blocks": 7426, "Plans": [{"Node Type": "Bitmap Index Scan", "Parent Relationship": "Outer", "Index Name": "info_type_id_movie_info", "Startup Cost": 0.0, "Total Cost": 4841.46, "Plan Rows": 212428, "Plan Width": 0, "Actual Startup Time": 169.856, "Actual Total Time": 169.856, "Actual Rows": 1533909, "Actual Loops": 1, "Index Cond": "(info_type_id = it1.id)"}]}]}, {"Node Type": "Index Scan", "Parent Relationship": "Inner", "Scan Direction": "Forward", "Index Name": "movie_id_movie_info_idx", "Relation Name": "movie_info_idx", "Alias": "mi_idx", "Startup Cost": 0.0, "Total Cost": 0.53, "Plan Rows": 2, "Plan Width": 13, "Actual Startup Time": 553.72, "Actual Total Time": 672.151, "Actual Rows": 307785, "Actual Loops": 186594, "Index Cond": "(movie_id = mi.movie_id)", "Rows Removed by Index Recheck": 0}]}]}, {"Node Type": "Index Scan", "Parent Relationship": "Inner", "Scan Direction": "Forward", "Index Name": "title_pkey", "Relation Name": "title", "Alias": "t", "Startup Cost": 0.0, "Total Cost": 0.4, "Plan Rows": 1, "Plan Width": 21, "Actual Startup Time": 423.919, "Actual Total Time": 423.919, "Actual Rows": 102516, "Actual Loops": 102516, "Index Cond": "(id = mi_idx.movie_id)", "Rows Removed by Index Recheck": 0}]}, {"Node Type": "Index Scan", "Parent Relationship": "Inner", "Scan Direction": "Forward", "Index Name": "movie_id_cast_info", "Relation Name": "cast_info", "Alias": "ci", "Startup Cost": 0.0, "Total Cost": 1.01, "Plan Rows": 1, "Plan Width": 8, "Actual Startup Time": 6693.235, "Actual Total Time": 7850.651, "Actual Rows": 54155, "Actual Loops": 102516, "Index Cond": "(movie_id = t.id)", "Rows Removed by Index Recheck": 0, "Filter": "((note)::text = ANY ('{(writer),\"(head writer)\",\"(written by)\",(story),\"(story editor)\"}'::text[]))", "Rows Removed by Filter": 3987641}]}, {"Node Type": "Index Scan", "Parent Relationship": "Inner", "Scan Direction": "Forward", "Index Name": "name_pkey", "Relation Name": "name", "Alias": "n", "Startup Cost": 0.0, "Total Cost": 0.49, "Plan Rows": 1, "Plan Width": 4, "Actual Startup Time": 345.095, "Actual Total Time": 345.095, "Actual Rows": 28073, "Actual Loops": 54155, "Index Cond": "(id = ci.person_id)", "Rows Removed by Index Recheck": 0, "Filter": "((gender)::text = 'm'::text)", "Rows Removed by Filter": 26082}]}]}, "Triggers": [], "Planner Runtime": 4, "Total Runtime": 10985.503, "Unique SQL Id": 3913857139}}, "(1, 2)": {"explain_plan": {"Plan": {"Node Type": "Aggregate", "Strategy": "Plain", "Startup Cost": 191372.0, "Total Cost": 191372.01, "Plan Rows": 1, "Plan Width": 160, "Plans": [{"Node Type": "Nested Loop", "Parent Relationship": "Outer", "Join Type": "Inner", "Startup Cost": 4843.62, "Total Cost": 191361.4, "Plan Rows": 1413, "Plan Width": 64, "Inner Unique": true, "Plans": [{"Node Type": "Nested Loop", "Parent Relationship": "Outer", "Join Type": "Inner", "Startup Cost": 4843.31, "Total Cost": 186355.98, "Plan Rows": 1155, "Plan Width": 68, "Inner Unique": false, "Plans": [{"Node Type": "Nested Loop", "Parent Relationship": "Outer", "Join Type": "Inner", "Startup Cost": 4842.79, "Total Cost": 181513.31, "Plan Rows": 1044, "Plan Width": 76, "Inner Unique": true, "Join Filter": "(mi.movie_id = t.id)", "Plans": [{"Node Type": "Nested Loop", "Parent Relationship": "Outer", "Join Type": "Inner", "Startup Cost": 4842.51, "Total Cost": 177014.12, "Plan Rows": 1044, "Plan Width": 55, "Inner Unique": false, "Join Filter": "(mi_idx.info_type_id = it2.id)", "Plans": [{"Node Type": "Seq Scan", "Parent Relationship": "Outer", "Relation Name": "info_type", "Alias": "it2", "Startup Cost": 0.0, "Total Cost": 2.4, "Plan Rows": 1, "Plan Width": 4, "Filter": "((info)::text = 'votes'::text)"}, {"Node Type": "Nested Loop", "Parent Relationship": "Inner", "Join Type": "Inner", "Startup Cost": 4842.51, "Total Cost": 176959.53, "Plan Rows": 4175, "Plan Width": 59, "Inner Unique": false, "Plans": [{"Node Type": "Nested Loop", "Parent Relationship": "Outer", "Join Type": "Inner", "Startup Cost": 4842.14, "Total Cost": 164972.1, "Plan Rows": 2717, "Plan Width": 46, "Inner Unique": false, "Plans": [{"Node Type": "Seq Scan", "Parent Relationship": "Outer", "Relation Name": "info_type", "Alias": "it1", "Startup Cost": 0.0, "Total Cost": 2.4, "Plan Rows": 1, "Plan Width": 4, "Filter": "((info)::text = 'genres'::text)"}, {"Node Type": "Bitmap Heap Scan", "Parent Relationship": "Inner", "Relation Name": "movie_info", "Alias": "mi", "Startup Cost": 4842.14, "Total Cost": 164942.53, "Plan Rows": 2717, "Plan Width": 50, "Recheck Cond": "(info_type_id = it1.id)", "Filter": "((info)::text = ANY ('{Horror,Action,Sci-Fi,Thriller,Crime,War}'::text[]))", "Plans": [{"Node Type": "Bitmap Index Scan", "Parent Relationship": "Outer", "Index Name": "info_type_id_movie_info", "Startup Cost": 0.0, "Total Cost": 4841.46, "Plan Rows": 212428, "Plan Width": 0, "Index Cond": "(info_type_id = it1.id)"}]}]}, {"Node Type": "Bitmap Heap Scan", "Parent Relationship": "Inner", "Relation Name": "movie_info_idx", "Alias": "mi_idx", "Startup Cost": 0.37, "Total Cost": 4.39, "Plan Rows": 2, "Plan Width": 13, "Recheck Cond": "(movie_id = mi.movie_id)", "Plans": [{"Node Type": "Bitmap Index Scan", "Parent Relationship": "Outer", "Index Name": "movie_id_movie_info_idx", "Startup Cost": 0.0, "Total Cost": 0.37, "Plan Rows": 2, "Plan Width": 0, "Index Cond": "(movie_id = mi.movie_id)"}]}]}]}, {"Node Type": "Bitmap Heap Scan", "Parent Relationship": "Inner", "Relation Name": "title", "Alias": "t", "Startup Cost": 0.28, "Total Cost": 4.3, "Plan Rows": 1, "Plan Width": 21, "Recheck Cond": "(id = mi_idx.movie_id)", "Plans": [{"Node Type": "Bitmap Index Scan", "Parent Relationship": "Outer", "Index Name": "title_pkey", "Startup Cost": 0.0, "Total Cost": 0.28, "Plan Rows": 1, "Plan Width": 0, "Index Cond": "(id = mi_idx.movie_id)"}]}]}, {"Node Type": "Bitmap Heap Scan", "Parent Relationship": "Inner", "Relation Name": "cast_info", "Alias": "ci", "Startup Cost": 0.52, "Total Cost": 4.63, "Plan Rows": 1, "Plan Width": 8, "Recheck Cond": "(movie_id = t.id)", "Filter": "((note)::text = ANY ('{(writer),\"(head writer)\",\"(written by)\",(story),\"(story editor)\"}'::text[]))", "Plans": [{"Node Type": "Bitmap Index Scan", "Parent Relationship": "Outer", "Index Name": "movie_id_cast_info", "Startup Cost": 0.0, "Total Cost": 0.52, "Plan Rows": 6, "Plan Width": 0, "Index Cond": "(movie_id = t.id)"}]}]}, {"Node Type": "Bitmap Heap Scan", "Parent Relationship": "Inner", "Relation Name": "name", "Alias": "n", "Startup Cost": 0.31, "Total Cost": 4.32, "Plan Rows": 1, "Plan Width": 4, "Recheck Cond": "(id = ci.person_id)", "Filter": "((gender)::text = 'm'::text)", "Plans": [{"Node Type": "Bitmap Index Scan", "Parent Relationship": "Outer", "Index Name": "name_pkey", "Startup Cost": 0.0, "Total Cost": 0.31, "Plan Rows": 1, "Plan Width": 0, "Index Cond": "(id = ci.person_id)"}]}]}]}, "Unique SQL Id": 3913857139, "Planner Runtime": 34}, "explain_analyze_plan": {"Plan": {"Node Type": "Aggregate", "Strategy": "Plain", "Startup Cost": 191372.0, "Total Cost": 191372.01, "Plan Rows": 1, "Plan Width": 160, "Actual Startup Time": 13418.046, "Actual Total Time": 13418.047, "Actual Rows": 1, "Actual Loops": 1, "Plans": [{"Node Type": "Nested Loop", "Parent Relationship": "Outer", "Join Type": "Inner", "Startup Cost": 4843.62, "Total Cost": 191361.4, "Plan Rows": 1413, "Plan Width": 64, "Actual Startup Time": 188.301, "Actual Total Time": 13363.107, "Actual Rows": 28073, "Actual Loops": 1, "Inner Unique": true, "Plans": [{"Node Type": "Nested Loop", "Parent Relationship": "Outer", "Join Type": "Inner", "Startup Cost": 4843.31, "Total Cost": 186355.98, "Plan Rows": 1155, "Plan Width": 68, "Actual Startup Time": 185.613, "Actual Total Time": 12857.373, "Actual Rows": 54155, "Actual Loops": 1, "Inner Unique": false, "Plans": [{"Node Type": "Nested Loop", "Parent Relationship": "Outer", "Join Type": "Inner", "Startup Cost": 4842.79, "Total Cost": 181513.31, "Plan Rows": 1044, "Plan Width": 76, "Actual Startup Time": 182.526, "Actual Total Time": 3121.597, "Actual Rows": 102516, "Actual Loops": 1, "Inner Unique": true, "Join Filter": "(mi.movie_id = t.id)", "Rows Removed by Join Filter": 0, "Plans": [{"Node Type": "Nested Loop", "Parent Relationship": "Outer", "Join Type": "Inner", "Startup Cost": 4842.51, "Total Cost": 177014.12, "Plan Rows": 1044, "Plan Width": 55, "Actual Startup Time": 182.486, "Actual Total Time": 2391.44, "Actual Rows": 102516, "Actual Loops": 1, "Inner Unique": false, "Join Filter": "(mi_idx.info_type_id = it2.id)", "Rows Removed by Join Filter": 205269, "Plans": [{"Node Type": "Seq Scan", "Parent Relationship": "Outer", "Relation Name": "info_type", "Alias": "it2", "Startup Cost": 0.0, "Total Cost": 2.4, "Plan Rows": 1, "Plan Width": 4, "Actual Startup Time": 0.064, "Actual Total Time": 0.077, "Actual Rows": 1, "Actual Loops": 1, "Filter": "((info)::text = 'votes'::text)", "Rows Removed by Filter": 111}, {"Node Type": "Nested Loop", "Parent Relationship": "Inner", "Join Type": "Inner", "Startup Cost": 4842.51, "Total Cost": 176959.53, "Plan Rows": 4175, "Plan Width": 59, "Actual Startup Time": 182.405, "Actual Total Time": 2293.019, "Actual Rows": 307785, "Actual Loops": 1, "Inner Unique": false, "Plans": [{"Node Type": "Nested Loop", "Parent Relationship": "Outer", "Join Type": "Inner", "Startup Cost": 4842.14, "Total Cost": 164972.1, "Plan Rows": 2717, "Plan Width": 46, "Actual Startup Time": 182.357, "Actual Total Time": 1158.606, "Actual Rows": 186594, "Actual Loops": 1, "Inner Unique": false, "Plans": [{"Node Type": "Seq Scan", "Parent Relationship": "Outer", "Relation Name": "info_type", "Alias": "it1", "Startup Cost": 0.0, "Total Cost": 2.4, "Plan Rows": 1, "Plan Width": 4, "Actual Startup Time": 0.038, "Actual Total Time": 0.179, "Actual Rows": 1, "Actual Loops": 1, "Filter": "((info)::text = 'genres'::text)", "Rows Removed by Filter": 111}, {"Node Type": "Bitmap Heap Scan", "Parent Relationship": "Inner", "Relation Name": "movie_info", "Alias": "mi", "Startup Cost": 4842.14, "Total Cost": 164942.53, "Plan Rows": 2717, "Plan Width": 50, "Actual Startup Time": 182.315, "Actual Total Time": 1115.988, "Actual Rows": 186594, "Actual Loops": 1, "Recheck Cond": "(info_type_id = it1.id)", "Rows Removed by Index Recheck": 0, "Filter": "((info)::text = ANY ('{Horror,Action,Sci-Fi,Thriller,Crime,War}'::text[]))", "Rows Removed by Filter": 1347315, "Exact Heap Blocks": 7426, "Lossy Heap Blocks": 7426, "Plans": [{"Node Type": "Bitmap Index Scan", "Parent Relationship": "Outer", "Index Name": "info_type_id_movie_info", "Startup Cost": 0.0, "Total Cost": 4841.46, "Plan Rows": 212428, "Plan Width": 0, "Actual Startup Time": 180.863, "Actual Total Time": 180.863, "Actual Rows": 1533909, "Actual Loops": 1, "Index Cond": "(info_type_id = it1.id)"}]}]}, {"Node Type": "Bitmap Heap Scan", "Parent Relationship": "Inner", "Relation Name": "movie_info_idx", "Alias": "mi_idx", "Startup Cost": 0.37, "Total Cost": 4.39, "Plan Rows": 2, "Plan Width": 13, "Actual Startup Time": 772.261, "Actual Total Time": 819.101, "Actual Rows": 307785, "Actual Loops": 186594, "Recheck Cond": "(movie_id = mi.movie_id)", "Rows Removed by Index Recheck": 0, "Exact Heap Blocks": 103610, "Lossy Heap Blocks": 103610, "Plans": [{"Node Type": "Bitmap Index Scan", "Parent Relationship": "Outer", "Index Name": "movie_id_movie_info_idx", "Startup Cost": 0.0, "Total Cost": 0.37, "Plan Rows": 2, "Plan Width": 0, "Actual Startup Time": 528.073, "Actual Total Time": 528.073, "Actual Rows": 307785, "Actual Loops": 186594, "Index Cond": "(movie_id = mi.movie_id)"}]}]}]}, {"Node Type": "Bitmap Heap Scan", "Parent Relationship": "Inner", "Relation Name": "title", "Alias": "t", "Startup Cost": 0.28, "Total Cost": 4.3, "Plan Rows": 1, "Plan Width": 21, "Actual Startup Time": 549.517, "Actual Total Time": 549.517, "Actual Rows": 102516, "Actual Loops": 102516, "Recheck Cond": "(id = mi_idx.movie_id)", "Rows Removed by Index Recheck": 0, "Exact Heap Blocks": 102516, "Lossy Heap Blocks": 102516, "Plans": [{"Node Type": "Bitmap Index Scan", "Parent Relationship": "Outer", "Index Name": "title_pkey", "Startup Cost": 0.0, "Total Cost": 0.28, "Plan Rows": 1, "Plan Width": 0, "Actual Startup Time": 300.228, "Actual Total Time": 300.228, "Actual Rows": 102516, "Actual Loops": 102516, "Index Cond": "(id = mi_idx.movie_id)"}]}]}, {"Node Type": "Bitmap Heap Scan", "Parent Relationship": "Inner", "Relation Name": "cast_info", "Alias": "ci", "Startup Cost": 0.52, "Total Cost": 4.63, "Plan Rows": 1, "Plan Width": 8, "Actual Startup Time": 8278.947, "Actual Total Time": 9561.679, "Actual Rows": 54155, "Actual Loops": 102516, "Recheck Cond": "(movie_id = t.id)", "Rows Removed by Index Recheck": 0, "Filter": "((note)::text = ANY ('{(writer),\"(head writer)\",\"(written by)\",(story),\"(story editor)\"}'::text[]))", "Rows Removed by Filter": 3987641, "Exact Heap Blocks": 3901088, "Lossy Heap Blocks": 3901088, "Plans": [{"Node Type": "Bitmap Index Scan", "Parent Relationship": "Outer", "Index Name": "movie_id_cast_info", "Startup Cost": 0.0, "Total Cost": 0.52, "Plan Rows": 6, "Plan Width": 0, "Actual Startup Time": 1062.241, "Actual Total Time": 1062.241, "Actual Rows": 4041796, "Actual Loops": 102516, "Index Cond": "(movie_id = t.id)"}]}]}, {"Node Type": "Bitmap Heap Scan", "Parent Relationship": "Inner", "Relation Name": "name", "Alias": "n", "Startup Cost": 0.31, "Total Cost": 4.32, "Plan Rows": 1, "Plan Width": 4, "Actual Startup Time": 412.128, "Actual Total Time": 412.128, "Actual Rows": 28073, "Actual Loops": 54155, "Recheck Cond": "(id = ci.person_id)", "Rows Removed by Index Recheck": 0, "Filter": "((gender)::text = 'm'::text)", "Rows Removed by Filter": 26082, "Exact Heap Blocks": 54155, "Lossy Heap Blocks": 54155, "Plans": [{"Node Type": "Bitmap Index Scan", "Parent Relationship": "Outer", "Index Name": "name_pkey", "Startup Cost": 0.0, "Total Cost": 0.31, "Plan Rows": 1, "Plan Width": 0, "Actual Startup Time": 260.254, "Actual Total Time": 260.254, "Actual Rows": 54155, "Actual Loops": 54155, "Index Cond": "(id = ci.person_id)"}]}]}]}, "Triggers": [], "Planner Runtime": 6, "Total Runtime": 13418.547, "Unique SQL Id": 3913857139}}, "(1, 3)": {"explain_plan": {"Plan": {"Node Type": "Aggregate", "Strategy": "Plain", "Startup Cost": 1000012232006.38, "Total Cost": 1000012232006.39, "Plan Rows": 1, "Plan Width": 160, "Plans": [{"Node Type": "Nested Loop", "Parent Relationship": "Outer", "Join Type": "Inner", "Startup Cost": 10000000002.26, "Total Cost": 1000012231995.78, "Plan Rows": 1413, "Plan Width": 64, "Inner Unique": true, "Join Filter": "(mi.movie_id = t.id)", "Plans": [{"Node Type": "Nested Loop", "Parent Relationship": "Outer", "Join Type": "Inner", "Startup Cost": 10000000001.98, "Total Cost": 1000012225906.36, "Plan Rows": 1413, "Plan Width": 59, "Inner Unique": true, "Plans": [{"Node Type": "Nested Loop", "Parent Relationship": "Outer", "Join Type": "Inner", "Startup Cost": 10000000001.67, "Total Cost": 1000012220900.93, "Plan Rows": 1155, "Plan Width": 63, "Inner Unique": false, "Join Filter": "(mi.movie_id = ci.movie_id)", "Plans": [{"Node Type": "Nested Loop", "Parent Relationship": "Outer", "Join Type": "Inner", "Startup Cost": 10000000000.97, "Total Cost": 1000012215863.83, "Plan Rows": 1044, "Plan Width": 55, "Inner Unique": true, "Plans": [{"Node Type": "Nested Loop", "Parent Relationship": "Outer", "Join Type": "Inner", "Startup Cost": 10000000000.71, "Total Cost": 1000012197983.33, "Plan Rows": 4175, "Plan Width": 59, "Inner Unique": true, "Plans": [{"Node Type": "Nested Loop", "Parent Relationship": "Outer", "Join Type": "Inner", "Startup Cost": 10000000000.45, "Total Cost": 1000010946375.89, "Plan Rows": 292241, "Plan Width": 63, "Inner Unique": false, "Plans": [{"Node Type": "Index Scan", "Parent Relationship": "Outer", "Scan Direction": "Forward", "Index Name": "movie_id_movie_info_idx", "Relation Name": "movie_info_idx", "Alias": "mi_idx", "Startup Cost": 10000000000.0, "Total Cost": 1000004650035.37, "Plan Rows": 1380034, "Plan Width": 13}, {"Node Type": "Bitmap Heap Scan", "Parent Relationship": "Inner", "Relation Name": "movie_info", "Alias": "mi", "Startup Cost": 0.45, "Total Cost": 4.55, "Plan Rows": 1, "Plan Width": 50, "Recheck Cond": "(movie_id = mi_idx.movie_id)", "Filter": "((info)::text = ANY ('{Horror,Action,Sci-Fi,Thriller,Crime,War}'::text[]))", "Plans": [{"Node Type": "Bitmap Index Scan", "Parent Relationship": "Outer", "Index Name": "movie_id_movie_info", "Startup Cost": 0.0, "Total Cost": 0.45, "Plan Rows": 5, "Plan Width": 0, "Index Cond": "(movie_id = mi_idx.movie_id)"}]}]}, {"Node Type": "Bitmap Heap Scan", "Parent Relationship": "Inner", "Relation Name": "info_type", "Alias": "it1", "Startup Cost": 0.26, "Total Cost": 4.27, "Plan Rows": 1, "Plan Width": 4, "Recheck Cond": "(id = mi.info_type_id)", "Filter": "((info)::text = 'genres'::text)", "Plans": [{"Node Type": "Bitmap Index Scan", "Parent Relationship": "Outer", "Index Name": "info_type_pkey", "Startup Cost": 0.0, "Total Cost": 0.26, "Plan Rows": 1, "Plan Width": 0, "Index Cond": "(id = mi.info_type_id)"}]}]}, {"Node Type": "Bitmap Heap Scan", "Parent Relationship": "Inner", "Relation Name": "info_type", "Alias": "it2", "Startup Cost": 0.26, "Total Cost": 4.27, "Plan Rows": 1, "Plan Width": 4, "Recheck Cond": "(id = mi_idx.info_type_id)", "Filter": "((info)::text = 'votes'::text)", "Plans": [{"Node Type": "Bitmap Index Scan", "Parent Relationship": "Outer", "Index Name": "info_type_pkey", "Startup Cost": 0.0, "Total Cost": 0.26, "Plan Rows": 1, "Plan Width": 0, "Index Cond": "(id = mi_idx.info_type_id)"}]}]}, {"Node Type": "Bitmap Heap Scan", "Parent Relationship": "Inner", "Relation Name": "cast_info", "Alias": "ci", "Startup Cost": 0.7, "Total Cost": 4.81, "Plan Rows": 1, "Plan Width": 8, "Recheck Cond": "(movie_id = mi_idx.movie_id)", "Filter": "((note)::text = ANY ('{(writer),\"(head writer)\",\"(written by)\",(story),\"(story editor)\"}'::text[]))", "Plans": [{"Node Type": "Bitmap Index Scan", "Parent Relationship": "Outer", "Index Name": "movie_id_cast_info", "Startup Cost": 0.0, "Total Cost": 0.7, "Plan Rows": 6, "Plan Width": 0, "Index Cond": "(movie_id = mi_idx.movie_id)"}]}]}, {"Node Type": "Bitmap Heap Scan", "Parent Relationship": "Inner", "Relation Name": "name", "Alias": "n", "Startup Cost": 0.31, "Total Cost": 4.32, "Plan Rows": 1, "Plan Width": 4, "Recheck Cond": "(id = ci.person_id)", "Filter": "((gender)::text = 'm'::text)", "Plans": [{"Node Type": "Bitmap Index Scan", "Parent Relationship": "Outer", "Index Name": "name_pkey", "Startup Cost": 0.0, "Total Cost": 0.31, "Plan Rows": 1, "Plan Width": 0, "Index Cond": "(id = ci.person_id)"}]}]}, {"Node Type": "Bitmap Heap Scan", "Parent Relationship": "Inner", "Relation Name": "title", "Alias": "t", "Startup Cost": 0.28, "Total Cost": 4.3, "Plan Rows": 1, "Plan Width": 21, "Recheck Cond": "(id = mi_idx.movie_id)", "Plans": [{"Node Type": "Bitmap Index Scan", "Parent Relationship": "Outer", "Index Name": "title_pkey", "Startup Cost": 0.0, "Total Cost": 0.28, "Plan Rows": 1, "Plan Width": 0, "Index Cond": "(id = mi_idx.movie_id)"}]}]}]}, "Unique SQL Id": 3913857139, "Planner Runtime": 10}, "explain_analyze_plan": null}, "(1, 4)": {"explain_plan": {"Plan": {"Node Type": "Aggregate", "Strategy": "Plain", "Startup Cost": 168594.43, "Total Cost": 168594.44, "Plan Rows": 1, "Plan Width": 160, "Plans": [{"Node Type": "Nested Loop", "Parent Relationship": "Outer", "Join Type": "Inner", "Startup Cost": 4842.14, "Total Cost": 168583.83, "Plan Rows": 1413, "Plan Width": 64, "Inner Unique": true, "Plans": [{"Node Type": "Nested Loop", "Parent Relationship": "Outer", "Join Type": "Inner", "Startup Cost": 4842.14, "Total Cost": 168004.57, "Plan Rows": 1155, "Plan Width": 68, "Inner Unique": false, "Plans": [{"Node Type": "Nested Loop", "Parent Relationship": "Outer", "Join Type": "Inner", "Startup Cost": 4842.14, "Total Cost": 166942.93, "Plan Rows": 1044, "Plan Width": 76, "Inner Unique": true, "Join Filter": "(mi.movie_id = t.id)", "Plans": [{"Node Type": "Nested Loop", "Parent Relationship": "Outer", "Join Type": "Inner", "Startup Cost": 4842.14, "Total Cost": 166514.74, "Plan Rows": 1044, "Plan Width": 55, "Inner Unique": false, "Join Filter": "(mi_idx.info_type_id = it2.id)", "Plans": [{"Node Type": "Seq Scan", "Parent Relationship": "Outer", "Relation Name": "info_type", "Alias": "it2", "Startup Cost": 0.0, "Total Cost": 2.4, "Plan Rows": 1, "Plan Width": 4, "Filter": "((info)::text = 'votes'::text)"}, {"Node Type": "Nested Loop", "Parent Relationship": "Inner", "Join Type": "Inner", "Startup Cost": 4842.14, "Total Cost": 166460.15, "Plan Rows": 4175, "Plan Width": 59, "Inner Unique": false, "Plans": [{"Node Type": "Nested Loop", "Parent Relationship": "Outer", "Join Type": "Inner", "Startup Cost": 4842.14, "Total Cost": 164972.1, "Plan Rows": 2717, "Plan Width": 46, "Inner Unique": false, "Plans": [{"Node Type": "Seq Scan", "Parent Relationship": "Outer", "Relation Name": "info_type", "Alias": "it1", "Startup Cost": 0.0, "Total Cost": 2.4, "Plan Rows": 1, "Plan Width": 4, "Filter": "((info)::text = 'genres'::text)"}, {"Node Type": "Bitmap Heap Scan", "Parent Relationship": "Inner", "Relation Name": "movie_info", "Alias": "mi", "Startup Cost": 4842.14, "Total Cost": 164942.53, "Plan Rows": 2717, "Plan Width": 50, "Recheck Cond": "(info_type_id = it1.id)", "Filter": "((info)::text = ANY ('{Horror,Action,Sci-Fi,Thriller,Crime,War}'::text[]))", "Plans": [{"Node Type": "Bitmap Index Scan", "Parent Relationship": "Outer", "Index Name": "info_type_id_movie_info", "Startup Cost": 0.0, "Total Cost": 4841.46, "Plan Rows": 212428, "Plan Width": 0, "Index Cond": "(info_type_id = it1.id)"}]}]}, {"Node Type": "Index Scan", "Parent Relationship": "Inner", "Scan Direction": "Forward", "Index Name": "movie_id_movie_info_idx", "Relation Name": "movie_info_idx", "Alias": "mi_idx", "Startup Cost": 0.0, "Total Cost": 0.53, "Plan Rows": 2, "Plan Width": 13, "Index Cond": "(movie_id = mi.movie_id)"}]}]}, {"Node Type": "Index Scan", "Parent Relationship": "Inner", "Scan Direction": "Forward", "Index Name": "title_pkey", "Relation Name": "title", "Alias": "t", "Startup Cost": 0.0, "Total Cost": 0.4, "Plan Rows": 1, "Plan Width": 21, "Index Cond": "(id = mi_idx.movie_id)"}]}, {"Node Type": "Index Scan", "Parent Relationship": "Inner", "Scan Direction": "Forward", "Index Name": "movie_id_cast_info", "Relation Name": "cast_info", "Alias": "ci", "Startup Cost": 0.0, "Total Cost": 1.01, "Plan Rows": 1, "Plan Width": 8, "Index Cond": "(movie_id = t.id)", "Filter": "((note)::text = ANY ('{(writer),\"(head writer)\",\"(written by)\",(story),\"(story editor)\"}'::text[]))"}]}, {"Node Type": "Index Scan", "Parent Relationship": "Inner", "Scan Direction": "Forward", "Index Name": "name_pkey", "Relation Name": "name", "Alias": "n", "Startup Cost": 0.0, "Total Cost": 0.49, "Plan Rows": 1, "Plan Width": 4, "Index Cond": "(id = ci.person_id)", "Filter": "((gender)::text = 'm'::text)"}]}]}, "Unique SQL Id": 3913857139, "Planner Runtime": 27}, "explain_analyze_plan": {"Plan": {"Node Type": "Aggregate", "Strategy": "Plain", "Startup Cost": 168594.43, "Total Cost": 168594.44, "Plan Rows": 1, "Plan Width": 160, "Actual Startup Time": 10962.342, "Actual Total Time": 10962.342, "Actual Rows": 1, "Actual Loops": 1, "Plans": [{"Node Type": "Nested Loop", "Parent Relationship": "Outer", "Join Type": "Inner", "Startup Cost": 4842.14, "Total Cost": 168583.83, "Plan Rows": 1413, "Plan Width": 64, "Actual Startup Time": 182.238, "Actual Total Time": 10918.825, "Actual Rows": 28073, "Actual Loops": 1, "Inner Unique": true, "Plans": [{"Node Type": "Nested Loop", "Parent Relationship": "Outer", "Join Type": "Inner", "Startup Cost": 4842.14, "Total Cost": 168004.57, "Plan Rows": 1155, "Plan Width": 68, "Actual Startup Time": 179.995, "Actual Total Time": 10530.664, "Actual Rows": 54155, "Actual Loops": 1, "Inner Unique": false, "Plans": [{"Node Type": "Nested Loop", "Parent Relationship": "Outer", "Join Type": "Inner", "Startup Cost": 4842.14, "Total Cost": 166942.93, "Plan Rows": 1044, "Plan Width": 76, "Actual Startup Time": 177.445, "Actual Total Time": 2626.7, "Actual Rows": 102516, "Actual Loops": 1, "Inner Unique": true, "Join Filter": "(mi.movie_id = t.id)", "Rows Removed by Join Filter": 0, "Plans": [{"Node Type": "Nested Loop", "Parent Relationship": "Outer", "Join Type": "Inner", "Startup Cost": 4842.14, "Total Cost": 166514.74, "Plan Rows": 1044, "Plan Width": 55, "Actual Startup Time": 177.415, "Actual Total Time": 2091.352, "Actual Rows": 102516, "Actual Loops": 1, "Inner Unique": false, "Join Filter": "(mi_idx.info_type_id = it2.id)", "Rows Removed by Join Filter": 205269, "Plans": [{"Node Type": "Seq Scan", "Parent Relationship": "Outer", "Relation Name": "info_type", "Alias": "it2", "Startup Cost": 0.0, "Total Cost": 2.4, "Plan Rows": 1, "Plan Width": 4, "Actual Startup Time": 0.051, "Actual Total Time": 0.06, "Actual Rows": 1, "Actual Loops": 1, "Filter": "((info)::text = 'votes'::text)", "Rows Removed by Filter": 111}, {"Node Type": "Nested Loop", "Parent Relationship": "Inner", "Join Type": "Inner", "Startup Cost": 4842.14, "Total Cost": 166460.15, "Plan Rows": 4175, "Plan Width": 59, "Actual Startup Time": 177.338, "Actual Total Time": 2000.149, "Actual Rows": 307785, "Actual Loops": 1, "Inner Unique": false, "Plans": [{"Node Type": "Nested Loop", "Parent Relationship": "Outer", "Join Type": "Inner", "Startup Cost": 4842.14, "Total Cost": 164972.1, "Plan Rows": 2717, "Plan Width": 46, "Actual Startup Time": 177.302, "Actual Total Time": 1152.01, "Actual Rows": 186594, "Actual Loops": 1, "Inner Unique": false, "Plans": [{"Node Type": "Seq Scan", "Parent Relationship": "Outer", "Relation Name": "info_type", "Alias": "it1", "Startup Cost": 0.0, "Total Cost": 2.4, "Plan Rows": 1, "Plan Width": 4, "Actual Startup Time": 0.022, "Actual Total Time": 0.06, "Actual Rows": 1, "Actual Loops": 1, "Filter": "((info)::text = 'genres'::text)", "Rows Removed by Filter": 111}, {"Node Type": "Bitmap Heap Scan", "Parent Relationship": "Inner", "Relation Name": "movie_info", "Alias": "mi", "Startup Cost": 4842.14, "Total Cost": 164942.53, "Plan Rows": 2717, "Plan Width": 50, "Actual Startup Time": 177.275, "Actual Total Time": 1109.223, "Actual Rows": 186594, "Actual Loops": 1, "Recheck Cond": "(info_type_id = it1.id)", "Rows Removed by Index Recheck": 0, "Filter": "((info)::text = ANY ('{Horror,Action,Sci-Fi,Thriller,Crime,War}'::text[]))", "Rows Removed by Filter": 1347315, "Exact Heap Blocks": 7426, "Lossy Heap Blocks": 7426, "Plans": [{"Node Type": "Bitmap Index Scan", "Parent Relationship": "Outer", "Index Name": "info_type_id_movie_info", "Startup Cost": 0.0, "Total Cost": 4841.46, "Plan Rows": 212428, "Plan Width": 0, "Actual Startup Time": 175.891, "Actual Total Time": 175.891, "Actual Rows": 1533909, "Actual Loops": 1, "Index Cond": "(info_type_id = it1.id)"}]}]}, {"Node Type": "Index Scan", "Parent Relationship": "Inner", "Scan Direction": "Forward", "Index Name": "movie_id_movie_info_idx", "Relation Name": "movie_info_idx", "Alias": "mi_idx", "Startup Cost": 0.0, "Total Cost": 0.53, "Plan Rows": 2, "Plan Width": 13, "Actual Startup Time": 547.884, "Actual Total Time": 667.997, "Actual Rows": 307785, "Actual Loops": 186594, "Index Cond": "(movie_id = mi.movie_id)", "Rows Removed by Index Recheck": 0}]}]}, {"Node Type": "Index Scan", "Parent Relationship": "Inner", "Scan Direction": "Forward", "Index Name": "title_pkey", "Relation Name": "title", "Alias": "t", "Startup Cost": 0.0, "Total Cost": 0.4, "Plan Rows": 1, "Plan Width": 21, "Actual Startup Time": 422.794, "Actual Total Time": 422.794, "Actual Rows": 102516, "Actual Loops": 102516, "Index Cond": "(id = mi_idx.movie_id)", "Rows Removed by Index Recheck": 0}]}, {"Node Type": "Index Scan", "Parent Relationship": "Inner", "Scan Direction": "Forward", "Index Name": "movie_id_cast_info", "Relation Name": "cast_info", "Alias": "ci", "Startup Cost": 0.0, "Total Cost": 1.01, "Plan Rows": 1, "Plan Width": 8, "Actual Startup Time": 6671.429, "Actual Total Time": 7830.07, "Actual Rows": 54155, "Actual Loops": 102516, "Index Cond": "(movie_id = t.id)", "Rows Removed by Index Recheck": 0, "Filter": "((note)::text = ANY ('{(writer),\"(head writer)\",\"(written by)\",(story),\"(story editor)\"}'::text[]))", "Rows Removed by Filter": 3987641}]}, {"Node Type": "Index Scan", "Parent Relationship": "Inner", "Scan Direction": "Forward", "Index Name": "name_pkey", "Relation Name": "name", "Alias": "n", "Startup Cost": 0.0, "Total Cost": 0.49, "Plan Rows": 1, "Plan Width": 4, "Actual Startup Time": 341.049, "Actual Total Time": 341.049, "Actual Rows": 28073, "Actual Loops": 54155, "Index Cond": "(id = ci.person_id)", "Rows Removed by Index Recheck": 0, "Filter": "((gender)::text = 'm'::text)", "Rows Removed by Filter": 26082}]}]}, "Triggers": [], "Planner Runtime": 5, "Total Runtime": 10962.78, "Unique SQL Id": 3913857139}}, "(1, 5)": {"explain_plan": {"Plan": {"Node Type": "Aggregate", "Strategy": "Plain", "Startup Cost": 168618.05, "Total Cost": 168618.06, "Plan Rows": 1, "Plan Width": 160, "Plans": [{"Node Type": "Nested Loop", "Parent Relationship": "Outer", "Join Type": "Inner", "Startup Cost": 4842.14, "Total Cost": 168607.45, "Plan Rows": 1413, "Plan Width": 64, "Inner Unique": true, "Plans": [{"Node Type": "Nested Loop", "Parent Relationship": "Outer", "Join Type": "Inner", "Startup Cost": 4842.14, "Total Cost": 168028.19, "Plan Rows": 1155, "Plan Width": 68, "Inner Unique": false, "Plans": [{"Node Type": "Nested Loop", "Parent Relationship": "Outer", "Join Type": "Inner", "Startup Cost": 4842.14, "Total Cost": 166966.55, "Plan Rows": 1044, "Plan Width": 76, "Inner Unique": true, "Join Filter": "(mi.movie_id = t.id)", "Plans": [{"Node Type": "Nested Loop", "Parent Relationship": "Outer", "Join Type": "Inner", "Startup Cost": 4842.14, "Total Cost": 166538.36, "Plan Rows": 1044, "Plan Width": 55, "Inner Unique": false, "Join Filter": "(mi_idx.info_type_id = it2.id)", "Plans": [{"Node Type": "Index Scan", "Parent Relationship": "Outer", "Scan Direction": "Forward", "Index Name": "info_type_pkey", "Relation Name": "info_type", "Alias": "it2", "Startup Cost": 0.0, "Total Cost": 14.21, "Plan Rows": 1, "Plan Width": 4, "Filter": "((info)::text = 'votes'::text)"}, {"Node Type": "Nested Loop", "Parent Relationship": "Inner", "Join Type": "Inner", "Startup Cost": 4842.14, "Total Cost": 166471.96, "Plan Rows": 4175, "Plan Width": 59, "Inner Unique": false, "Plans": [{"Node Type": "Nested Loop", "Parent Relationship": "Outer", "Join Type": "Inner", "Startup Cost": 4842.14, "Total Cost": 164983.91, "Plan Rows": 2717, "Plan Width": 46, "Inner Unique": false, "Plans": [{"Node Type": "Index Scan", "Parent Relationship": "Outer", "Scan Direction": "Forward", "Index Name": "info_type_pkey", "Relation Name": "info_type", "Alias": "it1", "Startup Cost": 0.0, "Total Cost": 14.21, "Plan Rows": 1, "Plan Width": 4, "Filter": "((info)::text = 'genres'::text)"}, {"Node Type": "Bitmap Heap Scan", "Parent Relationship": "Inner", "Relation Name": "movie_info", "Alias": "mi", "Startup Cost": 4842.14, "Total Cost": 164942.53, "Plan Rows": 2717, "Plan Width": 50, "Recheck Cond": "(info_type_id = it1.id)", "Filter": "((info)::text = ANY ('{Horror,Action,Sci-Fi,Thriller,Crime,War}'::text[]))", "Plans": [{"Node Type": "Bitmap Index Scan", "Parent Relationship": "Outer", "Index Name": "info_type_id_movie_info", "Startup Cost": 0.0, "Total Cost": 4841.46, "Plan Rows": 212428, "Plan Width": 0, "Index Cond": "(info_type_id = it1.id)"}]}]}, {"Node Type": "Index Scan", "Parent Relationship": "Inner", "Scan Direction": "Forward", "Index Name": "movie_id_movie_info_idx", "Relation Name": "movie_info_idx", "Alias": "mi_idx", "Startup Cost": 0.0, "Total Cost": 0.53, "Plan Rows": 2, "Plan Width": 13, "Index Cond": "(movie_id = mi.movie_id)"}]}]}, {"Node Type": "Index Scan", "Parent Relationship": "Inner", "Scan Direction": "Forward", "Index Name": "title_pkey", "Relation Name": "title", "Alias": "t", "Startup Cost": 0.0, "Total Cost": 0.4, "Plan Rows": 1, "Plan Width": 21, "Index Cond": "(id = mi_idx.movie_id)"}]}, {"Node Type": "Index Scan", "Parent Relationship": "Inner", "Scan Direction": "Forward", "Index Name": "movie_id_cast_info", "Relation Name": "cast_info", "Alias": "ci", "Startup Cost": 0.0, "Total Cost": 1.01, "Plan Rows": 1, "Plan Width": 8, "Index Cond": "(movie_id = t.id)", "Filter": "((note)::text = ANY ('{(writer),\"(head writer)\",\"(written by)\",(story),\"(story editor)\"}'::text[]))"}]}, {"Node Type": "Index Scan", "Parent Relationship": "Inner", "Scan Direction": "Forward", "Index Name": "name_pkey", "Relation Name": "name", "Alias": "n", "Startup Cost": 0.0, "Total Cost": 0.49, "Plan Rows": 1, "Plan Width": 4, "Index Cond": "(id = ci.person_id)", "Filter": "((gender)::text = 'm'::text)"}]}]}, "Unique SQL Id": 3913857139, "Planner Runtime": 19}, "explain_analyze_plan": {"Plan": {"Node Type": "Aggregate", "Strategy": "Plain", "Startup Cost": 168618.05, "Total Cost": 168618.06, "Plan Rows": 1, "Plan Width": 160, "Actual Startup Time": 10985.018, "Actual Total Time": 10985.019, "Actual Rows": 1, "Actual Loops": 1, "Plans": [{"Node Type": "Nested Loop", "Parent Relationship": "Outer", "Join Type": "Inner", "Startup Cost": 4842.14, "Total Cost": 168607.45, "Plan Rows": 1413, "Plan Width": 64, "Actual Startup Time": 175.61, "Actual Total Time": 10939.798, "Actual Rows": 28073, "Actual Loops": 1, "Inner Unique": true, "Plans": [{"Node Type": "Nested Loop", "Parent Relationship": "Outer", "Join Type": "Inner", "Startup Cost": 4842.14, "Total Cost": 168028.19, "Plan Rows": 1155, "Plan Width": 68, "Actual Startup Time": 173.738, "Actual Total Time": 10546.49, "Actual Rows": 54155, "Actual Loops": 1, "Inner Unique": false, "Plans": [{"Node Type": "Nested Loop", "Parent Relationship": "Outer", "Join Type": "Inner", "Startup Cost": 4842.14, "Total Cost": 166966.55, "Plan Rows": 1044, "Plan Width": 76, "Actual Startup Time": 171.478, "Actual Total Time": 2622.411, "Actual Rows": 102516, "Actual Loops": 1, "Inner Unique": true, "Join Filter": "(mi.movie_id = t.id)", "Rows Removed by Join Filter": 0, "Plans": [{"Node Type": "Nested Loop", "Parent Relationship": "Outer", "Join Type": "Inner", "Startup Cost": 4842.14, "Total Cost": 166538.36, "Plan Rows": 1044, "Plan Width": 55, "Actual Startup Time": 171.46, "Actual Total Time": 2084.763, "Actual Rows": 102516, "Actual Loops": 1, "Inner Unique": false, "Join Filter": "(mi_idx.info_type_id = it2.id)", "Rows Removed by Join Filter": 205269, "Plans": [{"Node Type": "Index Scan", "Parent Relationship": "Outer", "Scan Direction": "Forward", "Index Name": "info_type_pkey", "Relation Name": "info_type", "Alias": "it2", "Startup Cost": 0.0, "Total Cost": 14.21, "Plan Rows": 1, "Plan Width": 4, "Actual Startup Time": 0.077, "Actual Total Time": 0.096, "Actual Rows": 1, "Actual Loops": 1, "Filter": "((info)::text = 'votes'::text)", "Rows Removed by Filter": 111}, {"Node Type": "Nested Loop", "Parent Relationship": "Inner", "Join Type": "Inner", "Startup Cost": 4842.14, "Total Cost": 166471.96, "Plan Rows": 4175, "Plan Width": 59, "Actual Startup Time": 171.352, "Actual Total Time": 1994.85, "Actual Rows": 307785, "Actual Loops": 1, "Inner Unique": false, "Plans": [{"Node Type": "Nested Loop", "Parent Relationship": "Outer", "Join Type": "Inner", "Startup Cost": 4842.14, "Total Cost": 164983.91, "Plan Rows": 2717, "Plan Width": 46, "Actual Startup Time": 171.315, "Actual Total Time": 1144.549, "Actual Rows": 186594, "Actual Loops": 1, "Inner Unique": false, "Plans": [{"Node Type": "Index Scan", "Parent Relationship": "Outer", "Scan Direction": "Forward", "Index Name": "info_type_pkey", "Relation Name": "info_type", "Alias": "it1", "Startup Cost": 0.0, "Total Cost": 14.21, "Plan Rows": 1, "Plan Width": 4, "Actual Startup Time": 0.009, "Actual Total Time": 0.198, "Actual Rows": 1, "Actual Loops": 1, "Filter": "((info)::text = 'genres'::text)", "Rows Removed by Filter": 111}, {"Node Type": "Bitmap Heap Scan", "Parent Relationship": "Inner", "Relation Name": "movie_info", "Alias": "mi", "Startup Cost": 4842.14, "Total Cost": 164942.53, "Plan Rows": 2717, "Plan Width": 50, "Actual Startup Time": 171.298, "Actual Total Time": 1101.073, "Actual Rows": 186594, "Actual Loops": 1, "Recheck Cond": "(info_type_id = it1.id)", "Rows Removed by Index Recheck": 0, "Filter": "((info)::text = ANY ('{Horror,Action,Sci-Fi,Thriller,Crime,War}'::text[]))", "Rows Removed by Filter": 1347315, "Exact Heap Blocks": 7426, "Lossy Heap Blocks": 7426, "Plans": [{"Node Type": "Bitmap Index Scan", "Parent Relationship": "Outer", "Index Name": "info_type_id_movie_info", "Startup Cost": 0.0, "Total Cost": 4841.46, "Plan Rows": 212428, "Plan Width": 0, "Actual Startup Time": 169.856, "Actual Total Time": 169.856, "Actual Rows": 1533909, "Actual Loops": 1, "Index Cond": "(info_type_id = it1.id)"}]}]}, {"Node Type": "Index Scan", "Parent Relationship": "Inner", "Scan Direction": "Forward", "Index Name": "movie_id_movie_info_idx", "Relation Name": "movie_info_idx", "Alias": "mi_idx", "Startup Cost": 0.0, "Total Cost": 0.53, "Plan Rows": 2, "Plan Width": 13, "Actual Startup Time": 553.72, "Actual Total Time": 672.151, "Actual Rows": 307785, "Actual Loops": 186594, "Index Cond": "(movie_id = mi.movie_id)", "Rows Removed by Index Recheck": 0}]}]}, {"Node Type": "Index Scan", "Parent Relationship": "Inner", "Scan Direction": "Forward", "Index Name": "title_pkey", "Relation Name": "title", "Alias": "t", "Startup Cost": 0.0, "Total Cost": 0.4, "Plan Rows": 1, "Plan Width": 21, "Actual Startup Time": 423.919, "Actual Total Time": 423.919, "Actual Rows": 102516, "Actual Loops": 102516, "Index Cond": "(id = mi_idx.movie_id)", "Rows Removed by Index Recheck": 0}]}, {"Node Type": "Index Scan", "Parent Relationship": "Inner", "Scan Direction": "Forward", "Index Name": "movie_id_cast_info", "Relation Name": "cast_info", "Alias": "ci", "Startup Cost": 0.0, "Total Cost": 1.01, "Plan Rows": 1, "Plan Width": 8, "Actual Startup Time": 6693.235, "Actual Total Time": 7850.651, "Actual Rows": 54155, "Actual Loops": 102516, "Index Cond": "(movie_id = t.id)", "Rows Removed by Index Recheck": 0, "Filter": "((note)::text = ANY ('{(writer),\"(head writer)\",\"(written by)\",(story),\"(story editor)\"}'::text[]))", "Rows Removed by Filter": 3987641}]}, {"Node Type": "Index Scan", "Parent Relationship": "Inner", "Scan Direction": "Forward", "Index Name": "name_pkey", "Relation Name": "name", "Alias": "n", "Startup Cost": 0.0, "Total Cost": 0.49, "Plan Rows": 1, "Plan Width": 4, "Actual Startup Time": 345.095, "Actual Total Time": 345.095, "Actual Rows": 28073, "Actual Loops": 54155, "Index Cond": "(id = ci.person_id)", "Rows Removed by Index Recheck": 0, "Filter": "((gender)::text = 'm'::text)", "Rows Removed by Filter": 26082}]}]}, "Triggers": [], "Planner Runtime": 4, "Total Runtime": 10985.503, "Unique SQL Id": 3913857139}}, "(1, 6)": {"explain_plan": {"Plan": {"Node Type": "Aggregate", "Strategy": "Plain", "Startup Cost": 191372.0, "Total Cost": 191372.01, "Plan Rows": 1, "Plan Width": 160, "Plans": [{"Node Type": "Nested Loop", "Parent Relationship": "Outer", "Join Type": "Inner", "Startup Cost": 4843.62, "Total Cost": 191361.4, "Plan Rows": 1413, "Plan Width": 64, "Inner Unique": true, "Plans": [{"Node Type": "Nested Loop", "Parent Relationship": "Outer", "Join Type": "Inner", "Startup Cost": 4843.31, "Total Cost": 186355.98, "Plan Rows": 1155, "Plan Width": 68, "Inner Unique": false, "Plans": [{"Node Type": "Nested Loop", "Parent Relationship": "Outer", "Join Type": "Inner", "Startup Cost": 4842.79, "Total Cost": 181513.31, "Plan Rows": 1044, "Plan Width": 76, "Inner Unique": true, "Join Filter": "(mi.movie_id = t.id)", "Plans": [{"Node Type": "Nested Loop", "Parent Relationship": "Outer", "Join Type": "Inner", "Startup Cost": 4842.51, "Total Cost": 177014.12, "Plan Rows": 1044, "Plan Width": 55, "Inner Unique": false, "Join Filter": "(mi_idx.info_type_id = it2.id)", "Plans": [{"Node Type": "Seq Scan", "Parent Relationship": "Outer", "Relation Name": "info_type", "Alias": "it2", "Startup Cost": 0.0, "Total Cost": 2.4, "Plan Rows": 1, "Plan Width": 4, "Filter": "((info)::text = 'votes'::text)"}, {"Node Type": "Nested Loop", "Parent Relationship": "Inner", "Join Type": "Inner", "Startup Cost": 4842.51, "Total Cost": 176959.53, "Plan Rows": 4175, "Plan Width": 59, "Inner Unique": false, "Plans": [{"Node Type": "Nested Loop", "Parent Relationship": "Outer", "Join Type": "Inner", "Startup Cost": 4842.14, "Total Cost": 164972.1, "Plan Rows": 2717, "Plan Width": 46, "Inner Unique": false, "Plans": [{"Node Type": "Seq Scan", "Parent Relationship": "Outer", "Relation Name": "info_type", "Alias": "it1", "Startup Cost": 0.0, "Total Cost": 2.4, "Plan Rows": 1, "Plan Width": 4, "Filter": "((info)::text = 'genres'::text)"}, {"Node Type": "Bitmap Heap Scan", "Parent Relationship": "Inner", "Relation Name": "movie_info", "Alias": "mi", "Startup Cost": 4842.14, "Total Cost": 164942.53, "Plan Rows": 2717, "Plan Width": 50, "Recheck Cond": "(info_type_id = it1.id)", "Filter": "((info)::text = ANY ('{Horror,Action,Sci-Fi,Thriller,Crime,War}'::text[]))", "Plans": [{"Node Type": "Bitmap Index Scan", "Parent Relationship": "Outer", "Index Name": "info_type_id_movie_info", "Startup Cost": 0.0, "Total Cost": 4841.46, "Plan Rows": 212428, "Plan Width": 0, "Index Cond": "(info_type_id = it1.id)"}]}]}, {"Node Type": "Bitmap Heap Scan", "Parent Relationship": "Inner", "Relation Name": "movie_info_idx", "Alias": "mi_idx", "Startup Cost": 0.37, "Total Cost": 4.39, "Plan Rows": 2, "Plan Width": 13, "Recheck Cond": "(movie_id = mi.movie_id)", "Plans": [{"Node Type": "Bitmap Index Scan", "Parent Relationship": "Outer", "Index Name": "movie_id_movie_info_idx", "Startup Cost": 0.0, "Total Cost": 0.37, "Plan Rows": 2, "Plan Width": 0, "Index Cond": "(movie_id = mi.movie_id)"}]}]}]}, {"Node Type": "Bitmap Heap Scan", "Parent Relationship": "Inner", "Relation Name": "title", "Alias": "t", "Startup Cost": 0.28, "Total Cost": 4.3, "Plan Rows": 1, "Plan Width": 21, "Recheck Cond": "(id = mi_idx.movie_id)", "Plans": [{"Node Type": "Bitmap Index Scan", "Parent Relationship": "Outer", "Index Name": "title_pkey", "Startup Cost": 0.0, "Total Cost": 0.28, "Plan Rows": 1, "Plan Width": 0, "Index Cond": "(id = mi_idx.movie_id)"}]}]}, {"Node Type": "Bitmap Heap Scan", "Parent Relationship": "Inner", "Relation Name": "cast_info", "Alias": "ci", "Startup Cost": 0.52, "Total Cost": 4.63, "Plan Rows": 1, "Plan Width": 8, "Recheck Cond": "(movie_id = t.id)", "Filter": "((note)::text = ANY ('{(writer),\"(head writer)\",\"(written by)\",(story),\"(story editor)\"}'::text[]))", "Plans": [{"Node Type": "Bitmap Index Scan", "Parent Relationship": "Outer", "Index Name": "movie_id_cast_info", "Startup Cost": 0.0, "Total Cost": 0.52, "Plan Rows": 6, "Plan Width": 0, "Index Cond": "(movie_id = t.id)"}]}]}, {"Node Type": "Bitmap Heap Scan", "Parent Relationship": "Inner", "Relation Name": "name", "Alias": "n", "Startup Cost": 0.31, "Total Cost": 4.32, "Plan Rows": 1, "Plan Width": 4, "Recheck Cond": "(id = ci.person_id)", "Filter": "((gender)::text = 'm'::text)", "Plans": [{"Node Type": "Bitmap Index Scan", "Parent Relationship": "Outer", "Index Name": "name_pkey", "Startup Cost": 0.0, "Total Cost": 0.31, "Plan Rows": 1, "Plan Width": 0, "Index Cond": "(id = ci.person_id)"}]}]}]}, "Unique SQL Id": 3913857139, "Planner Runtime": 33}, "explain_analyze_plan": {"Plan": {"Node Type": "Aggregate", "Strategy": "Plain", "Startup Cost": 191372.0, "Total Cost": 191372.01, "Plan Rows": 1, "Plan Width": 160, "Actual Startup Time": 13418.046, "Actual Total Time": 13418.047, "Actual Rows": 1, "Actual Loops": 1, "Plans": [{"Node Type": "Nested Loop", "Parent Relationship": "Outer", "Join Type": "Inner", "Startup Cost": 4843.62, "Total Cost": 191361.4, "Plan Rows": 1413, "Plan Width": 64, "Actual Startup Time": 188.301, "Actual Total Time": 13363.107, "Actual Rows": 28073, "Actual Loops": 1, "Inner Unique": true, "Plans": [{"Node Type": "Nested Loop", "Parent Relationship": "Outer", "Join Type": "Inner", "Startup Cost": 4843.31, "Total Cost": 186355.98, "Plan Rows": 1155, "Plan Width": 68, "Actual Startup Time": 185.613, "Actual Total Time": 12857.373, "Actual Rows": 54155, "Actual Loops": 1, "Inner Unique": false, "Plans": [{"Node Type": "Nested Loop", "Parent Relationship": "Outer", "Join Type": "Inner", "Startup Cost": 4842.79, "Total Cost": 181513.31, "Plan Rows": 1044, "Plan Width": 76, "Actual Startup Time": 182.526, "Actual Total Time": 3121.597, "Actual Rows": 102516, "Actual Loops": 1, "Inner Unique": true, "Join Filter": "(mi.movie_id = t.id)", "Rows Removed by Join Filter": 0, "Plans": [{"Node Type": "Nested Loop", "Parent Relationship": "Outer", "Join Type": "Inner", "Startup Cost": 4842.51, "Total Cost": 177014.12, "Plan Rows": 1044, "Plan Width": 55, "Actual Startup Time": 182.486, "Actual Total Time": 2391.44, "Actual Rows": 102516, "Actual Loops": 1, "Inner Unique": false, "Join Filter": "(mi_idx.info_type_id = it2.id)", "Rows Removed by Join Filter": 205269, "Plans": [{"Node Type": "Seq Scan", "Parent Relationship": "Outer", "Relation Name": "info_type", "Alias": "it2", "Startup Cost": 0.0, "Total Cost": 2.4, "Plan Rows": 1, "Plan Width": 4, "Actual Startup Time": 0.064, "Actual Total Time": 0.077, "Actual Rows": 1, "Actual Loops": 1, "Filter": "((info)::text = 'votes'::text)", "Rows Removed by Filter": 111}, {"Node Type": "Nested Loop", "Parent Relationship": "Inner", "Join Type": "Inner", "Startup Cost": 4842.51, "Total Cost": 176959.53, "Plan Rows": 4175, "Plan Width": 59, "Actual Startup Time": 182.405, "Actual Total Time": 2293.019, "Actual Rows": 307785, "Actual Loops": 1, "Inner Unique": false, "Plans": [{"Node Type": "Nested Loop", "Parent Relationship": "Outer", "Join Type": "Inner", "Startup Cost": 4842.14, "Total Cost": 164972.1, "Plan Rows": 2717, "Plan Width": 46, "Actual Startup Time": 182.357, "Actual Total Time": 1158.606, "Actual Rows": 186594, "Actual Loops": 1, "Inner Unique": false, "Plans": [{"Node Type": "Seq Scan", "Parent Relationship": "Outer", "Relation Name": "info_type", "Alias": "it1", "Startup Cost": 0.0, "Total Cost": 2.4, "Plan Rows": 1, "Plan Width": 4, "Actual Startup Time": 0.038, "Actual Total Time": 0.179, "Actual Rows": 1, "Actual Loops": 1, "Filter": "((info)::text = 'genres'::text)", "Rows Removed by Filter": 111}, {"Node Type": "Bitmap Heap Scan", "Parent Relationship": "Inner", "Relation Name": "movie_info", "Alias": "mi", "Startup Cost": 4842.14, "Total Cost": 164942.53, "Plan Rows": 2717, "Plan Width": 50, "Actual Startup Time": 182.315, "Actual Total Time": 1115.988, "Actual Rows": 186594, "Actual Loops": 1, "Recheck Cond": "(info_type_id = it1.id)", "Rows Removed by Index Recheck": 0, "Filter": "((info)::text = ANY ('{Horror,Action,Sci-Fi,Thriller,Crime,War}'::text[]))", "Rows Removed by Filter": 1347315, "Exact Heap Blocks": 7426, "Lossy Heap Blocks": 7426, "Plans": [{"Node Type": "Bitmap Index Scan", "Parent Relationship": "Outer", "Index Name": "info_type_id_movie_info", "Startup Cost": 0.0, "Total Cost": 4841.46, "Plan Rows": 212428, "Plan Width": 0, "Actual Startup Time": 180.863, "Actual Total Time": 180.863, "Actual Rows": 1533909, "Actual Loops": 1, "Index Cond": "(info_type_id = it1.id)"}]}]}, {"Node Type": "Bitmap Heap Scan", "Parent Relationship": "Inner", "Relation Name": "movie_info_idx", "Alias": "mi_idx", "Startup Cost": 0.37, "Total Cost": 4.39, "Plan Rows": 2, "Plan Width": 13, "Actual Startup Time": 772.261, "Actual Total Time": 819.101, "Actual Rows": 307785, "Actual Loops": 186594, "Recheck Cond": "(movie_id = mi.movie_id)", "Rows Removed by Index Recheck": 0, "Exact Heap Blocks": 103610, "Lossy Heap Blocks": 103610, "Plans": [{"Node Type": "Bitmap Index Scan", "Parent Relationship": "Outer", "Index Name": "movie_id_movie_info_idx", "Startup Cost": 0.0, "Total Cost": 0.37, "Plan Rows": 2, "Plan Width": 0, "Actual Startup Time": 528.073, "Actual Total Time": 528.073, "Actual Rows": 307785, "Actual Loops": 186594, "Index Cond": "(movie_id = mi.movie_id)"}]}]}]}, {"Node Type": "Bitmap Heap Scan", "Parent Relationship": "Inner", "Relation Name": "title", "Alias": "t", "Startup Cost": 0.28, "Total Cost": 4.3, "Plan Rows": 1, "Plan Width": 21, "Actual Startup Time": 549.517, "Actual Total Time": 549.517, "Actual Rows": 102516, "Actual Loops": 102516, "Recheck Cond": "(id = mi_idx.movie_id)", "Rows Removed by Index Recheck": 0, "Exact Heap Blocks": 102516, "Lossy Heap Blocks": 102516, "Plans": [{"Node Type": "Bitmap Index Scan", "Parent Relationship": "Outer", "Index Name": "title_pkey", "Startup Cost": 0.0, "Total Cost": 0.28, "Plan Rows": 1, "Plan Width": 0, "Actual Startup Time": 300.228, "Actual Total Time": 300.228, "Actual Rows": 102516, "Actual Loops": 102516, "Index Cond": "(id = mi_idx.movie_id)"}]}]}, {"Node Type": "Bitmap Heap Scan", "Parent Relationship": "Inner", "Relation Name": "cast_info", "Alias": "ci", "Startup Cost": 0.52, "Total Cost": 4.63, "Plan Rows": 1, "Plan Width": 8, "Actual Startup Time": 8278.947, "Actual Total Time": 9561.679, "Actual Rows": 54155, "Actual Loops": 102516, "Recheck Cond": "(movie_id = t.id)", "Rows Removed by Index Recheck": 0, "Filter": "((note)::text = ANY ('{(writer),\"(head writer)\",\"(written by)\",(story),\"(story editor)\"}'::text[]))", "Rows Removed by Filter": 3987641, "Exact Heap Blocks": 3901088, "Lossy Heap Blocks": 3901088, "Plans": [{"Node Type": "Bitmap Index Scan", "Parent Relationship": "Outer", "Index Name": "movie_id_cast_info", "Startup Cost": 0.0, "Total Cost": 0.52, "Plan Rows": 6, "Plan Width": 0, "Actual Startup Time": 1062.241, "Actual Total Time": 1062.241, "Actual Rows": 4041796, "Actual Loops": 102516, "Index Cond": "(movie_id = t.id)"}]}]}, {"Node Type": "Bitmap Heap Scan", "Parent Relationship": "Inner", "Relation Name": "name", "Alias": "n", "Startup Cost": 0.31, "Total Cost": 4.32, "Plan Rows": 1, "Plan Width": 4, "Actual Startup Time": 412.128, "Actual Total Time": 412.128, "Actual Rows": 28073, "Actual Loops": 54155, "Recheck Cond": "(id = ci.person_id)", "Rows Removed by Index Recheck": 0, "Filter": "((gender)::text = 'm'::text)", "Rows Removed by Filter": 26082, "Exact Heap Blocks": 54155, "Lossy Heap Blocks": 54155, "Plans": [{"Node Type": "Bitmap Index Scan", "Parent Relationship": "Outer", "Index Name": "name_pkey", "Startup Cost": 0.0, "Total Cost": 0.31, "Plan Rows": 1, "Plan Width": 0, "Actual Startup Time": 260.254, "Actual Total Time": 260.254, "Actual Rows": 54155, "Actual Loops": 54155, "Index Cond": "(id = ci.person_id)"}]}]}]}, "Triggers": [], "Planner Runtime": 6, "Total Runtime": 13418.547, "Unique SQL Id": 3913857139}}, "(1, 7)": {"explain_plan": {"Plan": {"Node Type": "Aggregate", "Strategy": "Plain", "Startup Cost": 1000012232006.38, "Total Cost": 1000012232006.39, "Plan Rows": 1, "Plan Width": 160, "Plans": [{"Node Type": "Nested Loop", "Parent Relationship": "Outer", "Join Type": "Inner", "Startup Cost": 10000000002.26, "Total Cost": 1000012231995.78, "Plan Rows": 1413, "Plan Width": 64, "Inner Unique": true, "Join Filter": "(mi.movie_id = t.id)", "Plans": [{"Node Type": "Nested Loop", "Parent Relationship": "Outer", "Join Type": "Inner", "Startup Cost": 10000000001.98, "Total Cost": 1000012225906.36, "Plan Rows": 1413, "Plan Width": 59, "Inner Unique": true, "Plans": [{"Node Type": "Nested Loop", "Parent Relationship": "Outer", "Join Type": "Inner", "Startup Cost": 10000000001.67, "Total Cost": 1000012220900.93, "Plan Rows": 1155, "Plan Width": 63, "Inner Unique": false, "Join Filter": "(mi.movie_id = ci.movie_id)", "Plans": [{"Node Type": "Nested Loop", "Parent Relationship": "Outer", "Join Type": "Inner", "Startup Cost": 10000000000.97, "Total Cost": 1000012215863.83, "Plan Rows": 1044, "Plan Width": 55, "Inner Unique": true, "Plans": [{"Node Type": "Nested Loop", "Parent Relationship": "Outer", "Join Type": "Inner", "Startup Cost": 10000000000.71, "Total Cost": 1000012197983.33, "Plan Rows": 4175, "Plan Width": 59, "Inner Unique": true, "Plans": [{"Node Type": "Nested Loop", "Parent Relationship": "Outer", "Join Type": "Inner", "Startup Cost": 10000000000.45, "Total Cost": 1000010946375.89, "Plan Rows": 292241, "Plan Width": 63, "Inner Unique": false, "Plans": [{"Node Type": "Index Scan", "Parent Relationship": "Outer", "Scan Direction": "Forward", "Index Name": "movie_id_movie_info_idx", "Relation Name": "movie_info_idx", "Alias": "mi_idx", "Startup Cost": 10000000000.0, "Total Cost": 1000004650035.37, "Plan Rows": 1380034, "Plan Width": 13}, {"Node Type": "Bitmap Heap Scan", "Parent Relationship": "Inner", "Relation Name": "movie_info", "Alias": "mi", "Startup Cost": 0.45, "Total Cost": 4.55, "Plan Rows": 1, "Plan Width": 50, "Recheck Cond": "(movie_id = mi_idx.movie_id)", "Filter": "((info)::text = ANY ('{Horror,Action,Sci-Fi,Thriller,Crime,War}'::text[]))", "Plans": [{"Node Type": "Bitmap Index Scan", "Parent Relationship": "Outer", "Index Name": "movie_id_movie_info", "Startup Cost": 0.0, "Total Cost": 0.45, "Plan Rows": 5, "Plan Width": 0, "Index Cond": "(movie_id = mi_idx.movie_id)"}]}]}, {"Node Type": "Bitmap Heap Scan", "Parent Relationship": "Inner", "Relation Name": "info_type", "Alias": "it1", "Startup Cost": 0.26, "Total Cost": 4.27, "Plan Rows": 1, "Plan Width": 4, "Recheck Cond": "(id = mi.info_type_id)", "Filter": "((info)::text = 'genres'::text)", "Plans": [{"Node Type": "Bitmap Index Scan", "Parent Relationship": "Outer", "Index Name": "info_type_pkey", "Startup Cost": 0.0, "Total Cost": 0.26, "Plan Rows": 1, "Plan Width": 0, "Index Cond": "(id = mi.info_type_id)"}]}]}, {"Node Type": "Bitmap Heap Scan", "Parent Relationship": "Inner", "Relation Name": "info_type", "Alias": "it2", "Startup Cost": 0.26, "Total Cost": 4.27, "Plan Rows": 1, "Plan Width": 4, "Recheck Cond": "(id = mi_idx.info_type_id)", "Filter": "((info)::text = 'votes'::text)", "Plans": [{"Node Type": "Bitmap Index Scan", "Parent Relationship": "Outer", "Index Name": "info_type_pkey", "Startup Cost": 0.0, "Total Cost": 0.26, "Plan Rows": 1, "Plan Width": 0, "Index Cond": "(id = mi_idx.info_type_id)"}]}]}, {"Node Type": "Bitmap Heap Scan", "Parent Relationship": "Inner", "Relation Name": "cast_info", "Alias": "ci", "Startup Cost": 0.7, "Total Cost": 4.81, "Plan Rows": 1, "Plan Width": 8, "Recheck Cond": "(movie_id = mi_idx.movie_id)", "Filter": "((note)::text = ANY ('{(writer),\"(head writer)\",\"(written by)\",(story),\"(story editor)\"}'::text[]))", "Plans": [{"Node Type": "Bitmap Index Scan", "Parent Relationship": "Outer", "Index Name": "movie_id_cast_info", "Startup Cost": 0.0, "Total Cost": 0.7, "Plan Rows": 6, "Plan Width": 0, "Index Cond": "(movie_id = mi_idx.movie_id)"}]}]}, {"Node Type": "Bitmap Heap Scan", "Parent Relationship": "Inner", "Relation Name": "name", "Alias": "n", "Startup Cost": 0.31, "Total Cost": 4.32, "Plan Rows": 1, "Plan Width": 4, "Recheck Cond": "(id = ci.person_id)", "Filter": "((gender)::text = 'm'::text)", "Plans": [{"Node Type": "Bitmap Index Scan", "Parent Relationship": "Outer", "Index Name": "name_pkey", "Startup Cost": 0.0, "Total Cost": 0.31, "Plan Rows": 1, "Plan Width": 0, "Index Cond": "(id = ci.person_id)"}]}]}, {"Node Type": "Bitmap Heap Scan", "Parent Relationship": "Inner", "Relation Name": "title", "Alias": "t", "Startup Cost": 0.28, "Total Cost": 4.3, "Plan Rows": 1, "Plan Width": 21, "Recheck Cond": "(id = mi_idx.movie_id)", "Plans": [{"Node Type": "Bitmap Index Scan", "Parent Relationship": "Outer", "Index Name": "title_pkey", "Startup Cost": 0.0, "Total Cost": 0.28, "Plan Rows": 1, "Plan Width": 0, "Index Cond": "(id = mi_idx.movie_id)"}]}]}]}, "Unique SQL Id": 3913857139, "Planner Runtime": 9}, "explain_analyze_plan": null}, "(1, 8)": {"explain_plan": {"Plan": {"Node Type": "Aggregate", "Strategy": "Plain", "Startup Cost": 374382.88, "Total Cost": 374382.89, "Plan Rows": 1, "Plan Width": 160, "Plans": [{"Node Type": "Nested Loop", "Parent Relationship": "Outer", "Join Type": "Inner", "Startup Cost": 2.41, "Total Cost": 374372.28, "Plan Rows": 1413, "Plan Width": 64, "Inner Unique": true, "Plans": [{"Node Type": "Nested Loop", "Parent Relationship": "Outer", "Join Type": "Inner", "Startup Cost": 2.41, "Total Cost": 373793.01, "Plan Rows": 1155, "Plan Width": 68, "Inner Unique": false, "Plans": [{"Node Type": "Nested Loop", "Parent Relationship": "Outer", "Join Type": "Inner", "Startup Cost": 2.41, "Total Cost": 372731.38, "Plan Rows": 1044, "Plan Width": 76, "Inner Unique": true, "Join Filter": "(mi.movie_id = t.id)", "Plans": [{"Node Type": "Nested Loop", "Parent Relationship": "Outer", "Join Type": "Inner", "Startup Cost": 2.41, "Total Cost": 372303.19, "Plan Rows": 1044, "Plan Width": 55, "Inner Unique": false, "Join Filter": "(mi.info_type_id = it1.id)", "Plans": [{"Node Type": "Seq Scan", "Parent Relationship": "Outer", "Relation Name": "info_type", "Alias": "it1", "Startup Cost": 0.0, "Total Cost": 2.4, "Plan Rows": 1, "Plan Width": 4, "Filter": "((info)::text = 'genres'::text)"}, {"Node Type": "Nested Loop", "Parent Relationship": "Inner", "Join Type": "Inner", "Startup Cost": 2.41, "Total Cost": 369437.93, "Plan Rows": 229029, "Plan Width": 59, "Inner Unique": false, "Plans": [{"Node Type": "Hash Join", "Parent Relationship": "Outer", "Join Type": "Inner", "Startup Cost": 2.41, "Total Cost": 27185.54, "Plan Rows": 345008, "Plan Width": 9, "Inner Unique": true, "Hash Cond": "(mi_idx.info_type_id = it2.id), (LLVM Optimized)", "Plans": [{"Node Type": "Seq Scan", "Parent Relationship": "Outer", "Relation Name": "movie_info_idx", "Alias": "mi_idx", "Startup Cost": 0.0, "Total Cost": 20274.34, "Plan Rows": 1380034, "Plan Width": 13}, {"Node Type": "Hash", "Parent Relationship": "Inner", "Startup Cost": 2.4, "Total Cost": 2.4, "Plan Rows": 1, "Plan Width": 4, "Plans": [{"Node Type": "Seq Scan", "Parent Relationship": "Outer", "Relation Name": "info_type", "Alias": "it2", "Startup Cost": 0.0, "Total Cost": 2.4, "Plan Rows": 1, "Plan Width": 4, "Filter": "((info)::text = 'votes'::text)"}]}]}, {"Node Type": "Index Scan", "Parent Relationship": "Inner", "Scan Direction": "Forward", "Index Name": "movie_id_movie_info", "Relation Name": "movie_info", "Alias": "mi", "Startup Cost": 0.0, "Total Cost": 0.98, "Plan Rows": 1, "Plan Width": 50, "Index Cond": "(movie_id = mi_idx.movie_id)", "Filter": "((info)::text = ANY ('{Horror,Action,Sci-Fi,Thriller,Crime,War}'::text[]))"}]}]}, {"Node Type": "Index Scan", "Parent Relationship": "Inner", "Scan Direction": "Forward", "Index Name": "title_pkey", "Relation Name": "title", "Alias": "t", "Startup Cost": 0.0, "Total Cost": 0.4, "Plan Rows": 1, "Plan Width": 21, "Index Cond": "(id = mi_idx.movie_id)"}]}, {"Node Type": "Index Scan", "Parent Relationship": "Inner", "Scan Direction": "Forward", "Index Name": "movie_id_cast_info", "Relation Name": "cast_info", "Alias": "ci", "Startup Cost": 0.0, "Total Cost": 1.01, "Plan Rows": 1, "Plan Width": 8, "Index Cond": "(movie_id = t.id)", "Filter": "((note)::text = ANY ('{(writer),\"(head writer)\",\"(written by)\",(story),\"(story editor)\"}'::text[]))"}]}, {"Node Type": "Index Scan", "Parent Relationship": "Inner", "Scan Direction": "Forward", "Index Name": "name_pkey", "Relation Name": "name", "Alias": "n", "Startup Cost": 0.0, "Total Cost": 0.49, "Plan Rows": 1, "Plan Width": 4, "Index Cond": "(id = ci.person_id)", "Filter": "((gender)::text = 'm'::text)"}]}]}, "Unique SQL Id": 3913857139, "Planner Runtime": 26}, "explain_analyze_plan": {"Plan": {"Node Type": "Aggregate", "Strategy": "Plain", "Startup Cost": 374382.88, "Total Cost": 374382.89, "Plan Rows": 1, "Plan Width": 160, "Actual Startup Time": 20614.212, "Actual Total Time": 20614.212, "Actual Rows": 1, "Actual Loops": 1, "Plans": [{"Node Type": "Nested Loop", "Parent Relationship": "Outer", "Join Type": "Inner", "Startup Cost": 2.41, "Total Cost": 374372.28, "Plan Rows": 1413, "Plan Width": 64, "Actual Startup Time": 30.239, "Actual Total Time": 20564.704, "Actual Rows": 28073, "Actual Loops": 1, "Inner Unique": true, "Plans": [{"Node Type": "Nested Loop", "Parent Relationship": "Outer", "Join Type": "Inner", "Startup Cost": 2.41, "Total Cost": 373793.01, "Plan Rows": 1155, "Plan Width": 68, "Actual Startup Time": 15.113, "Actual Total Time": 20142.539, "Actual Rows": 54155, "Actual Loops": 1, "Inner Unique": false, "Plans": [{"Node Type": "Nested Loop", "Parent Relationship": "Outer", "Join Type": "Inner", "Startup Cost": 2.41, "Total Cost": 372731.38, "Plan Rows": 1044, "Plan Width": 76, "Actual Startup Time": 0.939, "Actual Total Time": 11368.446, "Actual Rows": 102516, "Actual Loops": 1, "Inner Unique": true, "Join Filter": "(mi.movie_id = t.id)", "Rows Removed by Join Filter": 0, "Plans": [{"Node Type": "Nested Loop", "Parent Relationship": "Outer", "Join Type": "Inner", "Startup Cost": 2.41, "Total Cost": 372303.19, "Plan Rows": 1044, "Plan Width": 55, "Actual Startup Time": 0.929, "Actual Total Time": 10787.782, "Actual Rows": 102516, "Actual Loops": 1, "Inner Unique": false, "Join Filter": "(mi.info_type_id = it1.id)", "Rows Removed by Join Filter": 2376, "Plans": [{"Node Type": "Seq Scan", "Parent Relationship": "Outer", "Relation Name": "info_type", "Alias": "it1", "Startup Cost": 0.0, "Total Cost": 2.4, "Plan Rows": 1, "Plan Width": 4, "Actual Startup Time": 0.03, "Actual Total Time": 0.059, "Actual Rows": 1, "Actual Loops": 1, "Filter": "((info)::text = 'genres'::text)", "Rows Removed by Filter": 111}, {"Node Type": "Nested Loop", "Parent Relationship": "Inner", "Join Type": "Inner", "Startup Cost": 2.41, "Total Cost": 369437.93, "Plan Rows": 229029, "Plan Width": 59, "Actual Startup Time": 0.888, "Actual Total Time": 10739.324, "Actual Rows": 104892, "Actual Loops": 1, "Inner Unique": false, "Plans": [{"Node Type": "Hash Join", "Parent Relationship": "Outer", "Join Type": "Inner", "Startup Cost": 2.41, "Total Cost": 27185.54, "Plan Rows": 345008, "Plan Width": 9, "Actual Startup Time": 0.179, "Actual Total Time": 815.902, "Actual Rows": 459925, "Actual Loops": 1, "Inner Unique": true, "Hash Cond": "(mi_idx.info_type_id = it2.id), (LLVM Optimized, Jit Execute)", "Plans": [{"Node Type": "Seq Scan", "Parent Relationship": "Outer", "Relation Name": "movie_info_idx", "Alias": "mi_idx", "Startup Cost": 0.0, "Total Cost": 20274.34, "Plan Rows": 1380034, "Plan Width": 13, "Actual Startup Time": 0.034, "Actual Total Time": 337.907, "Actual Rows": 1380034, "Actual Loops": 1}, {"Node Type": "Hash", "Parent Relationship": "Inner", "Startup Cost": 2.4, "Total Cost": 2.4, "Plan Rows": 1, "Plan Width": 4, "Actual Startup Time": 0.051, "Actual Total Time": 0.051, "Actual Rows": 1, "Actual Loops": 1, "Hash Buckets": 32768, "Hash Batches": 1, "Original Hash Batches": 1, "Peak Memory Usage": 1, "Plans": [{"Node Type": "Seq Scan", "Parent Relationship": "Outer", "Relation Name": "info_type", "Alias": "it2", "Startup Cost": 0.0, "Total Cost": 2.4, "Plan Rows": 1, "Plan Width": 4, "Actual Startup Time": 0.041, "Actual Total Time": 0.047, "Actual Rows": 1, "Actual Loops": 1, "Filter": "((info)::text = 'votes'::text)", "Rows Removed by Filter": 111}]}]}, {"Node Type": "Index Scan", "Parent Relationship": "Inner", "Scan Direction": "Forward", "Index Name": "movie_id_movie_info", "Relation Name": "movie_info", "Alias": "mi", "Startup Cost": 0.0, "Total Cost": 0.98, "Plan Rows": 1, "Plan Width": 50, "Actual Startup Time": 9465.36, "Actual Total Time": 9639.429, "Actual Rows": 104892, "Actual Loops": 459925, "Index Cond": "(movie_id = mi_idx.movie_id)", "Rows Removed by Index Recheck": 0, "Filter": "((info)::text = ANY ('{Horror,Action,Sci-Fi,Thriller,Crime,War}'::text[]))", "Rows Removed by Filter": 6825442}]}]}, {"Node Type": "Index Scan", "Parent Relationship": "Inner", "Scan Direction": "Forward", "Index Name": "title_pkey", "Relation Name": "title", "Alias": "t", "Startup Cost": 0.0, "Total Cost": 0.4, "Plan Rows": 1, "Plan Width": 21, "Actual Startup Time": 456.275, "Actual Total Time": 456.275, "Actual Rows": 102516, "Actual Loops": 102516, "Index Cond": "(id = mi_idx.movie_id)", "Rows Removed by Index Recheck": 0}]}, {"Node Type": "Index Scan", "Parent Relationship": "Inner", "Scan Direction": "Forward", "Index Name": "movie_id_cast_info", "Relation Name": "cast_info", "Alias": "ci", "Startup Cost": 0.0, "Total Cost": 1.01, "Plan Rows": 1, "Plan Width": 8, "Actual Startup Time": 7419.028, "Actual Total Time": 8699.142, "Actual Rows": 54155, "Actual Loops": 102516, "Index Cond": "(movie_id = t.id)", "Rows Removed by Index Recheck": 0, "Filter": "((note)::text = ANY ('{(writer),\"(head writer)\",\"(written by)\",(story),\"(story editor)\"}'::text[]))", "Rows Removed by Filter": 3987641}]}, {"Node Type": "Index Scan", "Parent Relationship": "Inner", "Scan Direction": "Forward", "Index Name": "name_pkey", "Relation Name": "name", "Alias": "n", "Startup Cost": 0.0, "Total Cost": 0.49, "Plan Rows": 1, "Plan Width": 4, "Actual Startup Time": 372.686, "Actual Total Time": 372.686, "Actual Rows": 28073, "Actual Loops": 54155, "Index Cond": "(id = ci.person_id)", "Rows Removed by Index Recheck": 0, "Filter": "((gender)::text = 'm'::text)", "Rows Removed by Filter": 26082}]}]}, "Triggers": [], "Planner Runtime": 11, "Total Runtime": 20623.318, "Unique SQL Id": 3913857139}}, "(1, 9)": {"explain_plan": {"Plan": {"Node Type": "Aggregate", "Strategy": "Plain", "Startup Cost": 385547.34, "Total Cost": 385547.35, "Plan Rows": 1, "Plan Width": 160, "Plans": [{"Node Type": "Nested Loop", "Parent Relationship": "Outer", "Join Type": "Inner", "Startup Cost": 0.0, "Total Cost": 385536.75, "Plan Rows": 1413, "Plan Width": 64, "Inner Unique": true, "Plans": [{"Node Type": "Nested Loop", "Parent Relationship": "Outer", "Join Type": "Inner", "Startup Cost": 0.0, "Total Cost": 384957.48, "Plan Rows": 1155, "Plan Width": 68, "Inner Unique": false, "Plans": [{"Node Type": "Nested Loop", "Parent Relationship": "Outer", "Join Type": "Inner", "Startup Cost": 0.0, "Total Cost": 383895.85, "Plan Rows": 1044, "Plan Width": 76, "Inner Unique": true, "Join Filter": "(mi.movie_id = t.id)", "Plans": [{"Node Type": "Nested Loop", "Parent Relationship": "Outer", "Join Type": "Inner", "Startup Cost": 0.0, "Total Cost": 383467.66, "Plan Rows": 1044, "Plan Width": 55, "Inner Unique": false, "Join Filter": "(mi.info_type_id = it1.id)", "Plans": [{"Node Type": "Index Scan", "Parent Relationship": "Outer", "Scan Direction": "Forward", "Index Name": "info_type_pkey", "Relation Name": "info_type", "Alias": "it1", "Startup Cost": 0.0, "Total Cost": 14.21, "Plan Rows": 1, "Plan Width": 4, "Filter": "((info)::text = 'genres'::text)"}, {"Node Type": "Nested Loop", "Parent Relationship": "Inner", "Join Type": "Inner", "Startup Cost": 0.0, "Total Cost": 380590.58, "Plan Rows": 229029, "Plan Width": 59, "Inner Unique": false, "Plans": [{"Node Type": "Nested Loop", "Parent Relationship": "Outer", "Join Type": "Inner", "Startup Cost": 0.0, "Total Cost": 38338.2, "Plan Rows": 345008, "Plan Width": 9, "Inner Unique": false, "Plans": [{"Node Type": "Index Scan", "Parent Relationship": "Outer", "Scan Direction": "Forward", "Index Name": "info_type_pkey", "Relation Name": "info_type", "Alias": "it2", "Startup Cost": 0.0, "Total Cost": 14.21, "Plan Rows": 1, "Plan Width": 4, "Filter": "((info)::text = 'votes'::text)"}, {"Node Type": "Index Scan", "Parent Relationship": "Inner", "Scan Direction": "Forward", "Index Name": "info_type_id_movie_info_idx", "Relation Name": "movie_info_idx", "Alias": "mi_idx", "Startup Cost": 0.0, "Total Cost": 34873.91, "Plan Rows": 345008, "Plan Width": 13, "Index Cond": "(info_type_id = it2.id), (LLVM Optimized)"}]}, {"Node Type": "Index Scan", "Parent Relationship": "Inner", "Scan Direction": "Forward", "Index Name": "movie_id_movie_info", "Relation Name": "movie_info", "Alias": "mi", "Startup Cost": 0.0, "Total Cost": 0.98, "Plan Rows": 1, "Plan Width": 50, "Index Cond": "(movie_id = mi_idx.movie_id)", "Filter": "((info)::text = ANY ('{Horror,Action,Sci-Fi,Thriller,Crime,War}'::text[]))"}]}]}, {"Node Type": "Index Scan", "Parent Relationship": "Inner", "Scan Direction": "Forward", "Index Name": "title_pkey", "Relation Name": "title", "Alias": "t", "Startup Cost": 0.0, "Total Cost": 0.4, "Plan Rows": 1, "Plan Width": 21, "Index Cond": "(id = mi_idx.movie_id)"}]}, {"Node Type": "Index Scan", "Parent Relationship": "Inner", "Scan Direction": "Forward", "Index Name": "movie_id_cast_info", "Relation Name": "cast_info", "Alias": "ci", "Startup Cost": 0.0, "Total Cost": 1.01, "Plan Rows": 1, "Plan Width": 8, "Index Cond": "(movie_id = t.id)", "Filter": "((note)::text = ANY ('{(writer),\"(head writer)\",\"(written by)\",(story),\"(story editor)\"}'::text[]))"}]}, {"Node Type": "Index Scan", "Parent Relationship": "Inner", "Scan Direction": "Forward", "Index Name": "name_pkey", "Relation Name": "name", "Alias": "n", "Startup Cost": 0.0, "Total Cost": 0.49, "Plan Rows": 1, "Plan Width": 4, "Index Cond": "(id = ci.person_id)", "Filter": "((gender)::text = 'm'::text)"}]}]}, "Unique SQL Id": 3913857139, "Planner Runtime": 20}, "explain_analyze_plan": {"Plan": {"Node Type": "Aggregate", "Strategy": "Plain", "Startup Cost": 385547.34, "Total Cost": 385547.35, "Plan Rows": 1, "Plan Width": 160, "Actual Startup Time": 19858.278, "Actual Total Time": 19858.279, "Actual Rows": 1, "Actual Loops": 1, "Plans": [{"Node Type": "Nested Loop", "Parent Relationship": "Outer", "Join Type": "Inner", "Startup Cost": 0.0, "Total Cost": 385536.75, "Plan Rows": 1413, "Plan Width": 64, "Actual Startup Time": 29.537, "Actual Total Time": 19816.621, "Actual Rows": 28073, "Actual Loops": 1, "Inner Unique": true, "Plans": [{"Node Type": "Nested Loop", "Parent Relationship": "Outer", "Join Type": "Inner", "Startup Cost": 0.0, "Total Cost": 384957.48, "Plan Rows": 1155, "Plan Width": 68, "Actual Startup Time": 14.824, "Actual Total Time": 19381.185, "Actual Rows": 54155, "Actual Loops": 1, "Inner Unique": false, "Plans": [{"Node Type": "Nested Loop", "Parent Relationship": "Outer", "Join Type": "Inner", "Startup Cost": 0.0, "Total Cost": 383895.85, "Plan Rows": 1044, "Plan Width": 76, "Actual Startup Time": 0.924, "Actual Total Time": 10116.383, "Actual Rows": 102516, "Actual Loops": 1, "Inner Unique": true, "Join Filter": "(mi.movie_id = t.id)", "Rows Removed by Join Filter": 0, "Plans": [{"Node Type": "Nested Loop", "Parent Relationship": "Outer", "Join Type": "Inner", "Startup Cost": 0.0, "Total Cost": 383467.66, "Plan Rows": 1044, "Plan Width": 55, "Actual Startup Time": 0.913, "Actual Total Time": 9535.918, "Actual Rows": 102516, "Actual Loops": 1, "Inner Unique": false, "Join Filter": "(mi.info_type_id = it1.id)", "Rows Removed by Join Filter": 2376, "Plans": [{"Node Type": "Index Scan", "Parent Relationship": "Outer", "Scan Direction": "Forward", "Index Name": "info_type_pkey", "Relation Name": "info_type", "Alias": "it1", "Startup Cost": 0.0, "Total Cost": 14.21, "Plan Rows": 1, "Plan Width": 4, "Actual Startup Time": 0.027, "Actual Total Time": 0.081, "Actual Rows": 1, "Actual Loops": 1, "Filter": "((info)::text = 'genres'::text)", "Rows Removed by Filter": 111}, {"Node Type": "Nested Loop", "Parent Relationship": "Inner", "Join Type": "Inner", "Startup Cost": 0.0, "Total Cost": 380590.58, "Plan Rows": 229029, "Plan Width": 59, "Actual Startup Time": 0.88, "Actual Total Time": 9495.878, "Actual Rows": 104892, "Actual Loops": 1, "Inner Unique": false, "Plans": [{"Node Type": "Nested Loop", "Parent Relationship": "Outer", "Join Type": "Inner", "Startup Cost": 0.0, "Total Cost": 38338.2, "Plan Rows": 345008, "Plan Width": 9, "Actual Startup Time": 0.188, "Actual Total Time": 443.881, "Actual Rows": 459925, "Actual Loops": 1, "Inner Unique": false, "Plans": [{"Node Type": "Index Scan", "Parent Relationship": "Outer", "Scan Direction": "Forward", "Index Name": "info_type_pkey", "Relation Name": "info_type", "Alias": "it2", "Startup Cost": 0.0, "Total Cost": 14.21, "Plan Rows": 1, "Plan Width": 4, "Actual Startup Time": 0.054, "Actual Total Time": 0.069, "Actual Rows": 1, "Actual Loops": 1, "Filter": "((info)::text = 'votes'::text)", "Rows Removed by Filter": 111}, {"Node Type": "Index Scan", "Parent Relationship": "Inner", "Scan Direction": "Forward", "Index Name": "info_type_id_movie_info_idx", "Relation Name": "movie_info_idx", "Alias": "mi_idx", "Startup Cost": 0.0, "Total Cost": 34873.91, "Plan Rows": 345008, "Plan Width": 13, "Actual Startup Time": 0.131, "Actual Total Time": 332.33, "Actual Rows": 459925, "Actual Loops": 1, "Index Cond": "(info_type_id = it2.id), (LLVM Optimized, Jit Execute)", "Rows Removed by Index Recheck": 0}]}, {"Node Type": "Index Scan", "Parent Relationship": "Inner", "Scan Direction": "Forward", "Index Name": "movie_id_movie_info", "Relation Name": "movie_info", "Alias": "mi", "Startup Cost": 0.0, "Total Cost": 0.98, "Plan Rows": 1, "Plan Width": 50, "Actual Startup Time": 8619.521, "Actual Total Time": 8782.765, "Actual Rows": 104892, "Actual Loops": 459925, "Index Cond": "(movie_id = mi_idx.movie_id)", "Rows Removed by Index Recheck": 0, "Filter": "((info)::text = ANY ('{Horror,Action,Sci-Fi,Thriller,Crime,War}'::text[]))", "Rows Removed by Filter": 6825442}]}]}, {"Node Type": "Index Scan", "Parent Relationship": "Inner", "Scan Direction": "Forward", "Index Name": "title_pkey", "Relation Name": "title", "Alias": "t", "Startup Cost": 0.0, "Total Cost": 0.4, "Plan Rows": 1, "Plan Width": 21, "Actual Startup Time": 466.75, "Actual Total Time": 466.75, "Actual Rows": 102516, "Actual Loops": 102516, "Index Cond": "(id = mi_idx.movie_id)", "Rows Removed by Index Recheck": 0}]}, {"Node Type": "Index Scan", "Parent Relationship": "Inner", "Scan Direction": "Forward", "Index Name": "movie_id_cast_info", "Relation Name": "cast_info", "Alias": "ci", "Startup Cost": 0.0, "Total Cost": 1.01, "Plan Rows": 1, "Plan Width": 8, "Actual Startup Time": 7837.555, "Actual Total Time": 9194.417, "Actual Rows": 54155, "Actual Loops": 102516, "Index Cond": "(movie_id = t.id)", "Rows Removed by Index Recheck": 0, "Filter": "((note)::text = ANY ('{(writer),\"(head writer)\",\"(written by)\",(story),\"(story editor)\"}'::text[]))", "Rows Removed by Filter": 3987641}]}, {"Node Type": "Index Scan", "Parent Relationship": "Inner", "Scan Direction": "Forward", "Index Name": "name_pkey", "Relation Name": "name", "Alias": "n", "Startup Cost": 0.0, "Total Cost": 0.49, "Plan Rows": 1, "Plan Width": 4, "Actual Startup Time": 390.023, "Actual Total Time": 390.023, "Actual Rows": 28073, "Actual Loops": 54155, "Index Cond": "(id = ci.person_id)", "Rows Removed by Index Recheck": 0, "Filter": "((gender)::text = 'm'::text)", "Rows Removed by Filter": 26082}]}]}, "Triggers": [], "Planner Runtime": 5, "Total Runtime": 19868.04, "Unique SQL Id": 3913857139}}, "(1, 10)": {"explain_plan": {"Plan": {"Node Type": "Aggregate", "Strategy": "Plain", "Startup Cost": 1486651.2, "Total Cost": 1486651.21, "Plan Rows": 1, "Plan Width": 160, "Plans": [{"Node Type": "Hash Join", "Parent Relationship": "Outer", "Join Type": "Inner", "Startup Cost": 653429.2, "Total Cost": 1486640.6, "Plan Rows": 1413, "Plan Width": 64, "Inner Unique": true, "Hash Cond": "(ci.person_id = n.id)", "Plans": [{"Node Type": "Nested Loop", "Parent Relationship": "Outer", "Join Type": "Inner", "Startup Cost": 528179.65, "Total Cost": 1361372.59, "Plan Rows": 1155, "Plan Width": 68, "Inner Unique": false, "Join Filter": "(mi_idx.info_type_id = it2.id)", "Plans": [{"Node Type": "Seq Scan", "Parent Relationship": "Outer", "Relation Name": "info_type", "Alias": "it2", "Startup Cost": 0.0, "Total Cost": 2.4, "Plan Rows": 1, "Plan Width": 4, "Filter": "((info)::text = 'votes'::text)"}, {"Node Type": "Hash Join", "Parent Relationship": "Inner", "Join Type": "Inner", "Startup Cost": 528179.65, "Total Cost": 1361312.45, "Plan Rows": 4619, "Plan Width": 72, "Inner Unique": false, "Hash Cond": "(ci.movie_id = t.id)", "Plans": [{"Node Type": "Seq Scan", "Parent Relationship": "Outer", "Relation Name": "cast_info", "Alias": "ci", "Startup Cost": 0.0, "Total Cost": 828499.78, "Plan Rows": 1223154, "Plan Width": 8, "Filter": "((note)::text = ANY ('{(writer),\"(head writer)\",\"(written by)\",(story),\"(story editor)\"}'::text[]))"}, {"Node Type": "Hash", "Parent Relationship": "Inner", "Startup Cost": 528127.47, "Total Cost": 528127.47, "Plan Rows": 4175, "Plan Width": 80, "Plans": [{"Node Type": "Hash Join", "Parent Relationship": "Outer", "Join Type": "Inner", "Startup Cost": 502636.25, "Total Cost": 528127.47, "Plan Rows": 4175, "Plan Width": 80, "Inner Unique": false, "Hash Cond": "(mi_idx.movie_id = t.id)", "Plans": [{"Node Type": "Seq Scan", "Parent Relationship": "Outer", "Relation Name": "movie_info_idx", "Alias": "mi_idx", "Startup Cost": 0.0, "Total Cost": 20274.34, "Plan Rows": 1380034, "Plan Width": 13}, {"Node Type": "Hash", "Parent Relationship": "Inner", "Startup Cost": 502602.29, "Total Cost": 502602.29, "Plan Rows": 2717, "Plan Width": 67, "Plans": [{"Node Type": "Hash Join", "Parent Relationship": "Outer", "Join Type": "Inner", "Startup Cost": 91673.0, "Total Cost": 502602.29, "Plan Rows": 2717, "Plan Width": 67, "Inner Unique": true, "Hash Cond": "(mi.movie_id = t.id)", "Plans": [{"Node Type": "Nested Loop", "Parent Relationship": "Outer", "Join Type": "Inner", "Startup Cost": 0.0, "Total Cost": 410891.93, "Plan Rows": 2717, "Plan Width": 46, "Inner Unique": false, "Join Filter": "(it1.id = mi.info_type_id)", "Plans": [{"Node Type": "Seq Scan", "Parent Relationship": "Outer", "Relation Name": "info_type", "Alias": "it1", "Startup Cost": 0.0, "Total Cost": 2.4, "Plan Rows": 1, "Plan Width": 4, "Filter": "((info)::text = 'genres'::text)"}, {"Node Type": "Seq Scan", "Parent Relationship": "Inner", "Relation Name": "movie_info", "Alias": "mi", "Startup Cost": 0.0, "Total Cost": 408512.41, "Plan Rows": 190170, "Plan Width": 50, "Filter": "((info)::text = ANY ('{Horror,Action,Sci-Fi,Thriller,Crime,War}'::text[]))"}]}, {"Node Type": "Hash", "Parent Relationship": "Inner", "Startup Cost": 60069.11, "Total Cost": 60069.11, "Plan Rows": 2528311, "Plan Width": 21, "Plans": [{"Node Type": "Seq Scan", "Parent Relationship": "Outer", "Relation Name": "title", "Alias": "t", "Startup Cost": 0.0, "Total Cost": 60069.11, "Plan Rows": 2528311, "Plan Width": 21}]}]}]}]}]}]}]}, {"Node Type": "Hash", "Parent Relationship": "Inner", "Startup Cost": 103490.62, "Total Cost": 103490.62, "Plan Rows": 1740714, "Plan Width": 4, "Plans": [{"Node Type": "Seq Scan", "Parent Relationship": "Outer", "Relation Name": "name", "Alias": "n", "Startup Cost": 0.0, "Total Cost": 103490.62, "Plan Rows": 1740714, "Plan Width": 4, "Filter": "((gender)::text = 'm'::text), (LLVM Optimized)"}]}]}]}, "Unique SQL Id": 3913857139, "Planner Runtime": 47}, "explain_analyze_plan": {"Plan": {"Node Type": "Aggregate", "Strategy": "Plain", "Startup Cost": 1486651.2, "Total Cost": 1486651.21, "Plan Rows": 1, "Plan Width": 160, "Actual Startup Time": 28282.094, "Actual Total Time": 28282.094, "Actual Rows": 1, "Actual Loops": 1, "Plans": [{"Node Type": "Hash Join", "Parent Relationship": "Outer", "Join Type": "Inner", "Startup Cost": 653429.2, "Total Cost": 1486640.6, "Plan Rows": 1413, "Plan Width": 64, "Actual Startup Time": 14046.164, "Actual Total Time": 28258.057, "Actual Rows": 28073, "Actual Loops": 1, "Inner Unique": true, "Hash Cond": "(ci.person_id = n.id)", "Plans": [{"Node Type": "Nested Loop", "Parent Relationship": "Outer", "Join Type": "Inner", "Startup Cost": 528179.65, "Total Cost": 1361372.59, "Plan Rows": 1155, "Plan Width": 68, "Actual Startup Time": 11635.442, "Actual Total Time": 25822.377, "Actual Rows": 54155, "Actual Loops": 1, "Inner Unique": false, "Join Filter": "(mi_idx.info_type_id = it2.id)", "Rows Removed by Join Filter": 108466, "Plans": [{"Node Type": "Seq Scan", "Parent Relationship": "Outer", "Relation Name": "info_type", "Alias": "it2", "Startup Cost": 0.0, "Total Cost": 2.4, "Plan Rows": 1, "Plan Width": 4, "Actual Startup Time": 0.095, "Actual Total Time": 0.11, "Actual Rows": 1, "Actual Loops": 1, "Filter": "((info)::text = 'votes'::text)", "Rows Removed by Filter": 111}, {"Node Type": "Hash Join", "Parent Relationship": "Inner", "Join Type": "Inner", "Startup Cost": 528179.65, "Total Cost": 1361312.45, "Plan Rows": 4619, "Plan Width": 72, "Actual Startup Time": 11635.33, "Actual Total Time": 25777.67, "Actual Rows": 162621, "Actual Loops": 1, "Inner Unique": false, "Hash Cond": "(ci.movie_id = t.id)", "Plans": [{"Node Type": "Seq Scan", "Parent Relationship": "Outer", "Relation Name": "cast_info", "Alias": "ci", "Startup Cost": 0.0, "Total Cost": 828499.78, "Plan Rows": 1223154, "Plan Width": 8, "Actual Startup Time": 398.884, "Actual Total Time": 14283.208, "Actual Rows": 1244716, "Actual Loops": 1, "Filter": "((note)::text = ANY ('{(writer),\"(head writer)\",\"(written by)\",(story),\"(story editor)\"}'::text[]))", "Rows Removed by Filter": 34999627}, {"Node Type": "Hash", "Parent Relationship": "Inner", "Startup Cost": 528127.47, "Total Cost": 528127.47, "Plan Rows": 4175, "Plan Width": 80, "Actual Startup Time": 10648.095, "Actual Total Time": 10648.095, "Actual Rows": 307785, "Actual Loops": 1, "Hash Buckets": 32768, "Hash Batches": 1, "Original Hash Batches": 1, "Peak Memory Usage": 24830, "Plans": [{"Node Type": "Hash Join", "Parent Relationship": "Outer", "Join Type": "Inner", "Startup Cost": 502636.25, "Total Cost": 528127.47, "Plan Rows": 4175, "Plan Width": 80, "Actual Startup Time": 9665.194, "Actual Total Time": 10533.443, "Actual Rows": 307785, "Actual Loops": 1, "Inner Unique": false, "Hash Cond": "(mi_idx.movie_id = t.id)", "Plans": [{"Node Type": "Seq Scan", "Parent Relationship": "Outer", "Relation Name": "movie_info_idx", "Alias": "mi_idx", "Startup Cost": 0.0, "Total Cost": 20274.34, "Plan Rows": 1380034, "Plan Width": 13, "Actual Startup Time": 0.046, "Actual Total Time": 316.833, "Actual Rows": 1380034, "Actual Loops": 1}, {"Node Type": "Hash", "Parent Relationship": "Inner", "Startup Cost": 502602.29, "Total Cost": 502602.29, "Plan Rows": 2717, "Plan Width": 67, "Actual Startup Time": 9665.041, "Actual Total Time": 9665.041, "Actual Rows": 186594, "Actual Loops": 1, "Hash Buckets": 32768, "Hash Batches": 1, "Original Hash Batches": 1, "Peak Memory Usage": 12274, "Plans": [{"Node Type": "Hash Join", "Parent Relationship": "Outer", "Join Type": "Inner", "Startup Cost": 91673.0, "Total Cost": 502602.29, "Plan Rows": 2717, "Plan Width": 67, "Actual Startup Time": 8555.545, "Actual Total Time": 9601.506, "Actual Rows": 186594, "Actual Loops": 1, "Inner Unique": true, "Hash Cond": "(mi.movie_id = t.id)", "Plans": [{"Node Type": "Nested Loop", "Parent Relationship": "Outer", "Join Type": "Inner", "Startup Cost": 0.0, "Total Cost": 410891.93, "Plan Rows": 2717, "Plan Width": 46, "Actual Startup Time": 6616.816, "Actual Total Time": 7556.167, "Actual Rows": 186594, "Actual Loops": 1, "Inner Unique": false, "Join Filter": "(it1.id = mi.info_type_id)", "Rows Removed by Join Filter": 2377, "Plans": [{"Node Type": "Seq Scan", "Parent Relationship": "Outer", "Relation Name": "info_type", "Alias": "it1", "Startup Cost": 0.0, "Total Cost": 2.4, "Plan Rows": 1, "Plan Width": 4, "Actual Startup Time": 0.031, "Actual Total Time": 0.062, "Actual Rows": 1, "Actual Loops": 1, "Filter": "((info)::text = 'genres'::text)", "Rows Removed by Filter": 111}, {"Node Type": "Seq Scan", "Parent Relationship": "Inner", "Relation Name": "movie_info", "Alias": "mi", "Startup Cost": 0.0, "Total Cost": 408512.41, "Plan Rows": 190170, "Plan Width": 50, "Actual Startup Time": 3574.647, "Actual Total Time": 7493.739, "Actual Rows": 188971, "Actual Loops": 1, "Filter": "((info)::text = ANY ('{Horror,Action,Sci-Fi,Thriller,Crime,War}'::text[]))", "Rows Removed by Filter": 14646748}]}, {"Node Type": "Hash", "Parent Relationship": "Inner", "Startup Cost": 60069.11, "Total Cost": 60069.11, "Plan Rows": 2528311, "Plan Width": 21, "Actual Startup Time": 1820.726, "Actual Total Time": 1820.726, "Actual Rows": 2528311, "Actual Loops": 1, "Hash Buckets": 4194304, "Hash Batches": 1, "Original Hash Batches": 1, "Peak Memory Usage": 135869, "Plans": [{"Node Type": "Seq Scan", "Parent Relationship": "Outer", "Relation Name": "title", "Alias": "t", "Startup Cost": 0.0, "Total Cost": 60069.11, "Plan Rows": 2528311, "Plan Width": 21, "Actual Startup Time": 0.11, "Actual Total Time": 965.244, "Actual Rows": 2528311, "Actual Loops": 1}]}]}]}]}]}]}]}, {"Node Type": "Hash", "Parent Relationship": "Inner", "Startup Cost": 103490.62, "Total Cost": 103490.62, "Plan Rows": 1740714, "Plan Width": 4, "Actual Startup Time": 2409.255, "Actual Total Time": 2409.255, "Actual Rows": 1739578, "Actual Loops": 1, "Hash Buckets": 2097152, "Hash Batches": 1, "Original Hash Batches": 1, "Peak Memory Usage": 61158, "Plans": [{"Node Type": "Seq Scan", "Parent Relationship": "Outer", "Relation Name": "name", "Alias": "n", "Startup Cost": 0.0, "Total Cost": 103490.62, "Plan Rows": 1740714, "Plan Width": 4, "Actual Startup Time": 0.098, "Actual Total Time": 1747.175, "Actual Rows": 1739578, "Actual Loops": 1, "Filter": "((gender)::text = 'm'::text), (LLVM Optimized, Jit Execute)", "Rows Removed by Filter": 2427912}]}]}]}, "Triggers": [], "Planner Runtime": 27, "Total Runtime": 28293.022, "Unique SQL Id": 3913857139}}, "(1, 11)": {"explain_plan": {"Plan": {"Node Type": "Aggregate", "Strategy": "Plain", "Startup Cost": 6974941462121.7, "Total Cost": 6974941462121.71, "Plan Rows": 1, "Plan Width": 160, "Plans": [{"Node Type": "Merge Join", "Parent Relationship": "Outer", "Join Type": "Inner", "Startup Cost": 70000000000.0, "Total Cost": 6974941462111.11, "Plan Rows": 1413, "Plan Width": 64, "Inner Unique": true, "Merge Cond": "(ci.person_id = n.id)", "Plans": [{"Node Type": "Nested Loop", "Parent Relationship": "Outer", "Join Type": "Inner", "Startup Cost": 60000000000.0, "Total Cost": 6000433185113.17, "Plan Rows": 1155, "Plan Width": 68, "Inner Unique": true, "Join Filter": "(mi.movie_id = t.id)", "Plans": [{"Node Type": "Nested Loop", "Parent Relationship": "Outer", "Join Type": "Inner", "Startup Cost": 50000000000.0, "Total Cost": 5000378363755.41, "Plan Rows": 1155, "Plan Width": 63, "Inner Unique": false, "Join Filter": "(mi_idx.movie_id = mi.movie_id)", "Plans": [{"Node Type": "Nested Loop", "Parent Relationship": "Outer", "Join Type": "Inner", "Startup Cost": 30000000000.0, "Total Cost": 3000358134325.29, "Plan Rows": 3006, "Plan Width": 54, "Inner Unique": false, "Join Filter": "(mi.movie_id = ci.movie_id)", "Plans": [{"Node Type": "Index Scan", "Parent Relationship": "Outer", "Scan Direction": "Forward", "Index Name": "person_id_cast_info", "Relation Name": "cast_info", "Alias": "ci", "Startup Cost": 10000000000.0, "Total Cost": 1000193311016.96, "Plan Rows": 1223154, "Plan Width": 8, "Filter": "((note)::text = ANY ('{(writer),\"(head writer)\",\"(written by)\",(story),\"(story editor)\"}'::text[]))"}, {"Node Type": "Materialize", "Parent Relationship": "Inner", "Startup Cost": 20000000000.0, "Total Cost": 2000114973673.85, "Plan Rows": 2717, "Plan Width": 46, "Plans": [{"Node Type": "Nested Loop", "Parent Relationship": "Outer", "Join Type": "Inner", "Startup Cost": 20000000000.0, "Total Cost": 2000114973660.27, "Plan Rows": 2717, "Plan Width": 46, "Inner Unique": true, "Join Filter": "(it1.id = mi.info_type_id)", "Plans": [{"Node Type": "Index Scan", "Parent Relationship": "Outer", "Scan Direction": "Forward", "Index Name": "movie_id_movie_info", "Relation Name": "movie_info", "Alias": "mi", "Startup Cost": 10000000000.0, "Total Cost": 1000114969386.72, "Plan Rows": 190170, "Plan Width": 50, "Filter": "((info)::text = ANY ('{Horror,Action,Sci-Fi,Thriller,Crime,War}'::text[]))"}, {"Node Type": "Materialize", "Parent Relationship": "Inner", "Startup Cost": 10000000000.0, "Total Cost": 1000000001421.0, "Plan Rows": 1, "Plan Width": 4, "Plans": [{"Node Type": "Index Scan", "Parent Relationship": "Outer", "Scan Direction": "Forward", "Index Name": "info_type_pkey", "Relation Name": "info_type", "Alias": "it1", "Startup Cost": 10000000000.0, "Total Cost": 1000000001421.0, "Plan Rows": 1, "Plan Width": 4, "Filter": "((info)::text = 'genres'::text)"}]}]}]}]}, {"Node Type": "Materialize", "Parent Relationship": "Inner", "Startup Cost": 20000000000.0, "Total Cost": 2000004673881.92, "Plan Rows": 345008, "Plan Width": 9, "Plans": [{"Node Type": "Nested Loop", "Parent Relationship": "Outer", "Join Type": "Inner", "Startup Cost": 20000000000.0, "Total Cost": 2000004672156.88, "Plan Rows": 345008, "Plan Width": 9, "Inner Unique": true, "Join Filter": "(it2.id = mi_idx.info_type_id), (LLVM Optimized)", "Plans": [{"Node Type": "Index Scan", "Parent Relationship": "Outer", "Scan Direction": "Forward", "Index Name": "movie_id_movie_info_idx", "Relation Name": "movie_info_idx", "Alias": "mi_idx", "Startup Cost": 10000000000.0, "Total Cost": 1000004650035.37, "Plan Rows": 1380034, "Plan Width": 13}, {"Node Type": "Materialize", "Parent Relationship": "Inner", "Startup Cost": 10000000000.0, "Total Cost": 1000000001421.0, "Plan Rows": 1, "Plan Width": 4, "Plans": [{"Node Type": "Index Scan", "Parent Relationship": "Outer", "Scan Direction": "Forward", "Index Name": "info_type_pkey", "Relation Name": "info_type", "Alias": "it2", "Startup Cost": 10000000000.0, "Total Cost": 1000000001421.0, "Plan Rows": 1, "Plan Width": 4, "Filter": "((info)::text = 'votes'::text)"}]}]}]}]}, {"Node Type": "Materialize", "Parent Relationship": "Inner", "Startup Cost": 10000000000.0, "Total Cost": 1000011024690.47, "Plan Rows": 2528311, "Plan Width": 21, "Plans": [{"Node Type": "Index Scan", "Parent Relationship": "Outer", "Scan Direction": "Forward", "Index Name": "title_pkey", "Relation Name": "title", "Alias": "t", "Startup Cost": 10000000000.0, "Total Cost": 1000011012048.91, "Plan Rows": 2528311, "Plan Width": 21}]}]}, {"Node Type": "Index Scan", "Parent Relationship": "Inner", "Scan Direction": "Forward", "Index Name": "name_pkey", "Relation Name": "name", "Alias": "n", "Startup Cost": 10000000000.0, "Total Cost": 1000018665147.2, "Plan Rows": 1740714, "Plan Width": 4, "Filter": "((gender)::text = 'm'::text), (LLVM Optimized)"}]}]}, "Unique SQL Id": 3913857139, "Planner Runtime": 71}, "explain_analyze_plan": null}, "(1, 12)": {"explain_plan": {"Plan": {"Node Type": "Aggregate", "Strategy": "Plain", "Startup Cost": 374382.88, "Total Cost": 374382.89, "Plan Rows": 1, "Plan Width": 160, "Plans": [{"Node Type": "Nested Loop", "Parent Relationship": "Outer", "Join Type": "Inner", "Startup Cost": 2.41, "Total Cost": 374372.28, "Plan Rows": 1413, "Plan Width": 64, "Inner Unique": true, "Plans": [{"Node Type": "Nested Loop", "Parent Relationship": "Outer", "Join Type": "Inner", "Startup Cost": 2.41, "Total Cost": 373793.01, "Plan Rows": 1155, "Plan Width": 68, "Inner Unique": false, "Plans": [{"Node Type": "Nested Loop", "Parent Relationship": "Outer", "Join Type": "Inner", "Startup Cost": 2.41, "Total Cost": 372731.38, "Plan Rows": 1044, "Plan Width": 76, "Inner Unique": true, "Join Filter": "(mi.movie_id = t.id)", "Plans": [{"Node Type": "Nested Loop", "Parent Relationship": "Outer", "Join Type": "Inner", "Startup Cost": 2.41, "Total Cost": 372303.19, "Plan Rows": 1044, "Plan Width": 55, "Inner Unique": false, "Join Filter": "(mi.info_type_id = it1.id)", "Plans": [{"Node Type": "Seq Scan", "Parent Relationship": "Outer", "Relation Name": "info_type", "Alias": "it1", "Startup Cost": 0.0, "Total Cost": 2.4, "Plan Rows": 1, "Plan Width": 4, "Filter": "((info)::text = 'genres'::text)"}, {"Node Type": "Nested Loop", "Parent Relationship": "Inner", "Join Type": "Inner", "Startup Cost": 2.41, "Total Cost": 369437.93, "Plan Rows": 229029, "Plan Width": 59, "Inner Unique": false, "Plans": [{"Node Type": "Hash Join", "Parent Relationship": "Outer", "Join Type": "Inner", "Startup Cost": 2.41, "Total Cost": 27185.54, "Plan Rows": 345008, "Plan Width": 9, "Inner Unique": true, "Hash Cond": "(mi_idx.info_type_id = it2.id), (LLVM Optimized)", "Plans": [{"Node Type": "Seq Scan", "Parent Relationship": "Outer", "Relation Name": "movie_info_idx", "Alias": "mi_idx", "Startup Cost": 0.0, "Total Cost": 20274.34, "Plan Rows": 1380034, "Plan Width": 13}, {"Node Type": "Hash", "Parent Relationship": "Inner", "Startup Cost": 2.4, "Total Cost": 2.4, "Plan Rows": 1, "Plan Width": 4, "Plans": [{"Node Type": "Seq Scan", "Parent Relationship": "Outer", "Relation Name": "info_type", "Alias": "it2", "Startup Cost": 0.0, "Total Cost": 2.4, "Plan Rows": 1, "Plan Width": 4, "Filter": "((info)::text = 'votes'::text)"}]}]}, {"Node Type": "Index Scan", "Parent Relationship": "Inner", "Scan Direction": "Forward", "Index Name": "movie_id_movie_info", "Relation Name": "movie_info", "Alias": "mi", "Startup Cost": 0.0, "Total Cost": 0.98, "Plan Rows": 1, "Plan Width": 50, "Index Cond": "(movie_id = mi_idx.movie_id)", "Filter": "((info)::text = ANY ('{Horror,Action,Sci-Fi,Thriller,Crime,War}'::text[]))"}]}]}, {"Node Type": "Index Scan", "Parent Relationship": "Inner", "Scan Direction": "Forward", "Index Name": "title_pkey", "Relation Name": "title", "Alias": "t", "Startup Cost": 0.0, "Total Cost": 0.4, "Plan Rows": 1, "Plan Width": 21, "Index Cond": "(id = mi_idx.movie_id)"}]}, {"Node Type": "Index Scan", "Parent Relationship": "Inner", "Scan Direction": "Forward", "Index Name": "movie_id_cast_info", "Relation Name": "cast_info", "Alias": "ci", "Startup Cost": 0.0, "Total Cost": 1.01, "Plan Rows": 1, "Plan Width": 8, "Index Cond": "(movie_id = t.id)", "Filter": "((note)::text = ANY ('{(writer),\"(head writer)\",\"(written by)\",(story),\"(story editor)\"}'::text[]))"}]}, {"Node Type": "Index Scan", "Parent Relationship": "Inner", "Scan Direction": "Forward", "Index Name": "name_pkey", "Relation Name": "name", "Alias": "n", "Startup Cost": 0.0, "Total Cost": 0.49, "Plan Rows": 1, "Plan Width": 4, "Index Cond": "(id = ci.person_id)", "Filter": "((gender)::text = 'm'::text)"}]}]}, "Unique SQL Id": 3913857139, "Planner Runtime": 27}, "explain_analyze_plan": {"Plan": {"Node Type": "Aggregate", "Strategy": "Plain", "Startup Cost": 374382.88, "Total Cost": 374382.89, "Plan Rows": 1, "Plan Width": 160, "Actual Startup Time": 20614.212, "Actual Total Time": 20614.212, "Actual Rows": 1, "Actual Loops": 1, "Plans": [{"Node Type": "Nested Loop", "Parent Relationship": "Outer", "Join Type": "Inner", "Startup Cost": 2.41, "Total Cost": 374372.28, "Plan Rows": 1413, "Plan Width": 64, "Actual Startup Time": 30.239, "Actual Total Time": 20564.704, "Actual Rows": 28073, "Actual Loops": 1, "Inner Unique": true, "Plans": [{"Node Type": "Nested Loop", "Parent Relationship": "Outer", "Join Type": "Inner", "Startup Cost": 2.41, "Total Cost": 373793.01, "Plan Rows": 1155, "Plan Width": 68, "Actual Startup Time": 15.113, "Actual Total Time": 20142.539, "Actual Rows": 54155, "Actual Loops": 1, "Inner Unique": false, "Plans": [{"Node Type": "Nested Loop", "Parent Relationship": "Outer", "Join Type": "Inner", "Startup Cost": 2.41, "Total Cost": 372731.38, "Plan Rows": 1044, "Plan Width": 76, "Actual Startup Time": 0.939, "Actual Total Time": 11368.446, "Actual Rows": 102516, "Actual Loops": 1, "Inner Unique": true, "Join Filter": "(mi.movie_id = t.id)", "Rows Removed by Join Filter": 0, "Plans": [{"Node Type": "Nested Loop", "Parent Relationship": "Outer", "Join Type": "Inner", "Startup Cost": 2.41, "Total Cost": 372303.19, "Plan Rows": 1044, "Plan Width": 55, "Actual Startup Time": 0.929, "Actual Total Time": 10787.782, "Actual Rows": 102516, "Actual Loops": 1, "Inner Unique": false, "Join Filter": "(mi.info_type_id = it1.id)", "Rows Removed by Join Filter": 2376, "Plans": [{"Node Type": "Seq Scan", "Parent Relationship": "Outer", "Relation Name": "info_type", "Alias": "it1", "Startup Cost": 0.0, "Total Cost": 2.4, "Plan Rows": 1, "Plan Width": 4, "Actual Startup Time": 0.03, "Actual Total Time": 0.059, "Actual Rows": 1, "Actual Loops": 1, "Filter": "((info)::text = 'genres'::text)", "Rows Removed by Filter": 111}, {"Node Type": "Nested Loop", "Parent Relationship": "Inner", "Join Type": "Inner", "Startup Cost": 2.41, "Total Cost": 369437.93, "Plan Rows": 229029, "Plan Width": 59, "Actual Startup Time": 0.888, "Actual Total Time": 10739.324, "Actual Rows": 104892, "Actual Loops": 1, "Inner Unique": false, "Plans": [{"Node Type": "Hash Join", "Parent Relationship": "Outer", "Join Type": "Inner", "Startup Cost": 2.41, "Total Cost": 27185.54, "Plan Rows": 345008, "Plan Width": 9, "Actual Startup Time": 0.179, "Actual Total Time": 815.902, "Actual Rows": 459925, "Actual Loops": 1, "Inner Unique": true, "Hash Cond": "(mi_idx.info_type_id = it2.id), (LLVM Optimized, Jit Execute)", "Plans": [{"Node Type": "Seq Scan", "Parent Relationship": "Outer", "Relation Name": "movie_info_idx", "Alias": "mi_idx", "Startup Cost": 0.0, "Total Cost": 20274.34, "Plan Rows": 1380034, "Plan Width": 13, "Actual Startup Time": 0.034, "Actual Total Time": 337.907, "Actual Rows": 1380034, "Actual Loops": 1}, {"Node Type": "Hash", "Parent Relationship": "Inner", "Startup Cost": 2.4, "Total Cost": 2.4, "Plan Rows": 1, "Plan Width": 4, "Actual Startup Time": 0.051, "Actual Total Time": 0.051, "Actual Rows": 1, "Actual Loops": 1, "Hash Buckets": 32768, "Hash Batches": 1, "Original Hash Batches": 1, "Peak Memory Usage": 1, "Plans": [{"Node Type": "Seq Scan", "Parent Relationship": "Outer", "Relation Name": "info_type", "Alias": "it2", "Startup Cost": 0.0, "Total Cost": 2.4, "Plan Rows": 1, "Plan Width": 4, "Actual Startup Time": 0.041, "Actual Total Time": 0.047, "Actual Rows": 1, "Actual Loops": 1, "Filter": "((info)::text = 'votes'::text)", "Rows Removed by Filter": 111}]}]}, {"Node Type": "Index Scan", "Parent Relationship": "Inner", "Scan Direction": "Forward", "Index Name": "movie_id_movie_info", "Relation Name": "movie_info", "Alias": "mi", "Startup Cost": 0.0, "Total Cost": 0.98, "Plan Rows": 1, "Plan Width": 50, "Actual Startup Time": 9465.36, "Actual Total Time": 9639.429, "Actual Rows": 104892, "Actual Loops": 459925, "Index Cond": "(movie_id = mi_idx.movie_id)", "Rows Removed by Index Recheck": 0, "Filter": "((info)::text = ANY ('{Horror,Action,Sci-Fi,Thriller,Crime,War}'::text[]))", "Rows Removed by Filter": 6825442}]}]}, {"Node Type": "Index Scan", "Parent Relationship": "Inner", "Scan Direction": "Forward", "Index Name": "title_pkey", "Relation Name": "title", "Alias": "t", "Startup Cost": 0.0, "Total Cost": 0.4, "Plan Rows": 1, "Plan Width": 21, "Actual Startup Time": 456.275, "Actual Total Time": 456.275, "Actual Rows": 102516, "Actual Loops": 102516, "Index Cond": "(id = mi_idx.movie_id)", "Rows Removed by Index Recheck": 0}]}, {"Node Type": "Index Scan", "Parent Relationship": "Inner", "Scan Direction": "Forward", "Index Name": "movie_id_cast_info", "Relation Name": "cast_info", "Alias": "ci", "Startup Cost": 0.0, "Total Cost": 1.01, "Plan Rows": 1, "Plan Width": 8, "Actual Startup Time": 7419.028, "Actual Total Time": 8699.142, "Actual Rows": 54155, "Actual Loops": 102516, "Index Cond": "(movie_id = t.id)", "Rows Removed by Index Recheck": 0, "Filter": "((note)::text = ANY ('{(writer),\"(head writer)\",\"(written by)\",(story),\"(story editor)\"}'::text[]))", "Rows Removed by Filter": 3987641}]}, {"Node Type": "Index Scan", "Parent Relationship": "Inner", "Scan Direction": "Forward", "Index Name": "name_pkey", "Relation Name": "name", "Alias": "n", "Startup Cost": 0.0, "Total Cost": 0.49, "Plan Rows": 1, "Plan Width": 4, "Actual Startup Time": 372.686, "Actual Total Time": 372.686, "Actual Rows": 28073, "Actual Loops": 54155, "Index Cond": "(id = ci.person_id)", "Rows Removed by Index Recheck": 0, "Filter": "((gender)::text = 'm'::text)", "Rows Removed by Filter": 26082}]}]}, "Triggers": [], "Planner Runtime": 11, "Total Runtime": 20623.318, "Unique SQL Id": 3913857139}}, "(1, 13)": {"explain_plan": {"Plan": {"Node Type": "Aggregate", "Strategy": "Plain", "Startup Cost": 385547.34, "Total Cost": 385547.35, "Plan Rows": 1, "Plan Width": 160, "Plans": [{"Node Type": "Nested Loop", "Parent Relationship": "Outer", "Join Type": "Inner", "Startup Cost": 0.0, "Total Cost": 385536.75, "Plan Rows": 1413, "Plan Width": 64, "Inner Unique": true, "Plans": [{"Node Type": "Nested Loop", "Parent Relationship": "Outer", "Join Type": "Inner", "Startup Cost": 0.0, "Total Cost": 384957.48, "Plan Rows": 1155, "Plan Width": 68, "Inner Unique": false, "Plans": [{"Node Type": "Nested Loop", "Parent Relationship": "Outer", "Join Type": "Inner", "Startup Cost": 0.0, "Total Cost": 383895.85, "Plan Rows": 1044, "Plan Width": 76, "Inner Unique": true, "Join Filter": "(mi.movie_id = t.id)", "Plans": [{"Node Type": "Nested Loop", "Parent Relationship": "Outer", "Join Type": "Inner", "Startup Cost": 0.0, "Total Cost": 383467.66, "Plan Rows": 1044, "Plan Width": 55, "Inner Unique": false, "Join Filter": "(mi.info_type_id = it1.id)", "Plans": [{"Node Type": "Index Scan", "Parent Relationship": "Outer", "Scan Direction": "Forward", "Index Name": "info_type_pkey", "Relation Name": "info_type", "Alias": "it1", "Startup Cost": 0.0, "Total Cost": 14.21, "Plan Rows": 1, "Plan Width": 4, "Filter": "((info)::text = 'genres'::text)"}, {"Node Type": "Nested Loop", "Parent Relationship": "Inner", "Join Type": "Inner", "Startup Cost": 0.0, "Total Cost": 380590.58, "Plan Rows": 229029, "Plan Width": 59, "Inner Unique": false, "Plans": [{"Node Type": "Nested Loop", "Parent Relationship": "Outer", "Join Type": "Inner", "Startup Cost": 0.0, "Total Cost": 38338.2, "Plan Rows": 345008, "Plan Width": 9, "Inner Unique": false, "Plans": [{"Node Type": "Index Scan", "Parent Relationship": "Outer", "Scan Direction": "Forward", "Index Name": "info_type_pkey", "Relation Name": "info_type", "Alias": "it2", "Startup Cost": 0.0, "Total Cost": 14.21, "Plan Rows": 1, "Plan Width": 4, "Filter": "((info)::text = 'votes'::text)"}, {"Node Type": "Index Scan", "Parent Relationship": "Inner", "Scan Direction": "Forward", "Index Name": "info_type_id_movie_info_idx", "Relation Name": "movie_info_idx", "Alias": "mi_idx", "Startup Cost": 0.0, "Total Cost": 34873.91, "Plan Rows": 345008, "Plan Width": 13, "Index Cond": "(info_type_id = it2.id), (LLVM Optimized)"}]}, {"Node Type": "Index Scan", "Parent Relationship": "Inner", "Scan Direction": "Forward", "Index Name": "movie_id_movie_info", "Relation Name": "movie_info", "Alias": "mi", "Startup Cost": 0.0, "Total Cost": 0.98, "Plan Rows": 1, "Plan Width": 50, "Index Cond": "(movie_id = mi_idx.movie_id)", "Filter": "((info)::text = ANY ('{Horror,Action,Sci-Fi,Thriller,Crime,War}'::text[]))"}]}]}, {"Node Type": "Index Scan", "Parent Relationship": "Inner", "Scan Direction": "Forward", "Index Name": "title_pkey", "Relation Name": "title", "Alias": "t", "Startup Cost": 0.0, "Total Cost": 0.4, "Plan Rows": 1, "Plan Width": 21, "Index Cond": "(id = mi_idx.movie_id)"}]}, {"Node Type": "Index Scan", "Parent Relationship": "Inner", "Scan Direction": "Forward", "Index Name": "movie_id_cast_info", "Relation Name": "cast_info", "Alias": "ci", "Startup Cost": 0.0, "Total Cost": 1.01, "Plan Rows": 1, "Plan Width": 8, "Index Cond": "(movie_id = t.id)", "Filter": "((note)::text = ANY ('{(writer),\"(head writer)\",\"(written by)\",(story),\"(story editor)\"}'::text[]))"}]}, {"Node Type": "Index Scan", "Parent Relationship": "Inner", "Scan Direction": "Forward", "Index Name": "name_pkey", "Relation Name": "name", "Alias": "n", "Startup Cost": 0.0, "Total Cost": 0.49, "Plan Rows": 1, "Plan Width": 4, "Index Cond": "(id = ci.person_id)", "Filter": "((gender)::text = 'm'::text)"}]}]}, "Unique SQL Id": 3913857139, "Planner Runtime": 19}, "explain_analyze_plan": {"Plan": {"Node Type": "Aggregate", "Strategy": "Plain", "Startup Cost": 385547.34, "Total Cost": 385547.35, "Plan Rows": 1, "Plan Width": 160, "Actual Startup Time": 19858.278, "Actual Total Time": 19858.279, "Actual Rows": 1, "Actual Loops": 1, "Plans": [{"Node Type": "Nested Loop", "Parent Relationship": "Outer", "Join Type": "Inner", "Startup Cost": 0.0, "Total Cost": 385536.75, "Plan Rows": 1413, "Plan Width": 64, "Actual Startup Time": 29.537, "Actual Total Time": 19816.621, "Actual Rows": 28073, "Actual Loops": 1, "Inner Unique": true, "Plans": [{"Node Type": "Nested Loop", "Parent Relationship": "Outer", "Join Type": "Inner", "Startup Cost": 0.0, "Total Cost": 384957.48, "Plan Rows": 1155, "Plan Width": 68, "Actual Startup Time": 14.824, "Actual Total Time": 19381.185, "Actual Rows": 54155, "Actual Loops": 1, "Inner Unique": false, "Plans": [{"Node Type": "Nested Loop", "Parent Relationship": "Outer", "Join Type": "Inner", "Startup Cost": 0.0, "Total Cost": 383895.85, "Plan Rows": 1044, "Plan Width": 76, "Actual Startup Time": 0.924, "Actual Total Time": 10116.383, "Actual Rows": 102516, "Actual Loops": 1, "Inner Unique": true, "Join Filter": "(mi.movie_id = t.id)", "Rows Removed by Join Filter": 0, "Plans": [{"Node Type": "Nested Loop", "Parent Relationship": "Outer", "Join Type": "Inner", "Startup Cost": 0.0, "Total Cost": 383467.66, "Plan Rows": 1044, "Plan Width": 55, "Actual Startup Time": 0.913, "Actual Total Time": 9535.918, "Actual Rows": 102516, "Actual Loops": 1, "Inner Unique": false, "Join Filter": "(mi.info_type_id = it1.id)", "Rows Removed by Join Filter": 2376, "Plans": [{"Node Type": "Index Scan", "Parent Relationship": "Outer", "Scan Direction": "Forward", "Index Name": "info_type_pkey", "Relation Name": "info_type", "Alias": "it1", "Startup Cost": 0.0, "Total Cost": 14.21, "Plan Rows": 1, "Plan Width": 4, "Actual Startup Time": 0.027, "Actual Total Time": 0.081, "Actual Rows": 1, "Actual Loops": 1, "Filter": "((info)::text = 'genres'::text)", "Rows Removed by Filter": 111}, {"Node Type": "Nested Loop", "Parent Relationship": "Inner", "Join Type": "Inner", "Startup Cost": 0.0, "Total Cost": 380590.58, "Plan Rows": 229029, "Plan Width": 59, "Actual Startup Time": 0.88, "Actual Total Time": 9495.878, "Actual Rows": 104892, "Actual Loops": 1, "Inner Unique": false, "Plans": [{"Node Type": "Nested Loop", "Parent Relationship": "Outer", "Join Type": "Inner", "Startup Cost": 0.0, "Total Cost": 38338.2, "Plan Rows": 345008, "Plan Width": 9, "Actual Startup Time": 0.188, "Actual Total Time": 443.881, "Actual Rows": 459925, "Actual Loops": 1, "Inner Unique": false, "Plans": [{"Node Type": "Index Scan", "Parent Relationship": "Outer", "Scan Direction": "Forward", "Index Name": "info_type_pkey", "Relation Name": "info_type", "Alias": "it2", "Startup Cost": 0.0, "Total Cost": 14.21, "Plan Rows": 1, "Plan Width": 4, "Actual Startup Time": 0.054, "Actual Total Time": 0.069, "Actual Rows": 1, "Actual Loops": 1, "Filter": "((info)::text = 'votes'::text)", "Rows Removed by Filter": 111}, {"Node Type": "Index Scan", "Parent Relationship": "Inner", "Scan Direction": "Forward", "Index Name": "info_type_id_movie_info_idx", "Relation Name": "movie_info_idx", "Alias": "mi_idx", "Startup Cost": 0.0, "Total Cost": 34873.91, "Plan Rows": 345008, "Plan Width": 13, "Actual Startup Time": 0.131, "Actual Total Time": 332.33, "Actual Rows": 459925, "Actual Loops": 1, "Index Cond": "(info_type_id = it2.id), (LLVM Optimized, Jit Execute)", "Rows Removed by Index Recheck": 0}]}, {"Node Type": "Index Scan", "Parent Relationship": "Inner", "Scan Direction": "Forward", "Index Name": "movie_id_movie_info", "Relation Name": "movie_info", "Alias": "mi", "Startup Cost": 0.0, "Total Cost": 0.98, "Plan Rows": 1, "Plan Width": 50, "Actual Startup Time": 8619.521, "Actual Total Time": 8782.765, "Actual Rows": 104892, "Actual Loops": 459925, "Index Cond": "(movie_id = mi_idx.movie_id)", "Rows Removed by Index Recheck": 0, "Filter": "((info)::text = ANY ('{Horror,Action,Sci-Fi,Thriller,Crime,War}'::text[]))", "Rows Removed by Filter": 6825442}]}]}, {"Node Type": "Index Scan", "Parent Relationship": "Inner", "Scan Direction": "Forward", "Index Name": "title_pkey", "Relation Name": "title", "Alias": "t", "Startup Cost": 0.0, "Total Cost": 0.4, "Plan Rows": 1, "Plan Width": 21, "Actual Startup Time": 466.75, "Actual Total Time": 466.75, "Actual Rows": 102516, "Actual Loops": 102516, "Index Cond": "(id = mi_idx.movie_id)", "Rows Removed by Index Recheck": 0}]}, {"Node Type": "Index Scan", "Parent Relationship": "Inner", "Scan Direction": "Forward", "Index Name": "movie_id_cast_info", "Relation Name": "cast_info", "Alias": "ci", "Startup Cost": 0.0, "Total Cost": 1.01, "Plan Rows": 1, "Plan Width": 8, "Actual Startup Time": 7837.555, "Actual Total Time": 9194.417, "Actual Rows": 54155, "Actual Loops": 102516, "Index Cond": "(movie_id = t.id)", "Rows Removed by Index Recheck": 0, "Filter": "((note)::text = ANY ('{(writer),\"(head writer)\",\"(written by)\",(story),\"(story editor)\"}'::text[]))", "Rows Removed by Filter": 3987641}]}, {"Node Type": "Index Scan", "Parent Relationship": "Inner", "Scan Direction": "Forward", "Index Name": "name_pkey", "Relation Name": "name", "Alias": "n", "Startup Cost": 0.0, "Total Cost": 0.49, "Plan Rows": 1, "Plan Width": 4, "Actual Startup Time": 390.023, "Actual Total Time": 390.023, "Actual Rows": 28073, "Actual Loops": 54155, "Index Cond": "(id = ci.person_id)", "Rows Removed by Index Recheck": 0, "Filter": "((gender)::text = 'm'::text)", "Rows Removed by Filter": 26082}]}]}, "Triggers": [], "Planner Runtime": 5, "Total Runtime": 19868.04, "Unique SQL Id": 3913857139}}, "(1, 14)": {"explain_plan": {"Plan": {"Node Type": "Aggregate", "Strategy": "Plain", "Startup Cost": 1486651.2, "Total Cost": 1486651.21, "Plan Rows": 1, "Plan Width": 160, "Plans": [{"Node Type": "Hash Join", "Parent Relationship": "Outer", "Join Type": "Inner", "Startup Cost": 653429.2, "Total Cost": 1486640.6, "Plan Rows": 1413, "Plan Width": 64, "Inner Unique": true, "Hash Cond": "(ci.person_id = n.id)", "Plans": [{"Node Type": "Nested Loop", "Parent Relationship": "Outer", "Join Type": "Inner", "Startup Cost": 528179.65, "Total Cost": 1361372.59, "Plan Rows": 1155, "Plan Width": 68, "Inner Unique": false, "Join Filter": "(mi_idx.info_type_id = it2.id)", "Plans": [{"Node Type": "Seq Scan", "Parent Relationship": "Outer", "Relation Name": "info_type", "Alias": "it2", "Startup Cost": 0.0, "Total Cost": 2.4, "Plan Rows": 1, "Plan Width": 4, "Filter": "((info)::text = 'votes'::text)"}, {"Node Type": "Hash Join", "Parent Relationship": "Inner", "Join Type": "Inner", "Startup Cost": 528179.65, "Total Cost": 1361312.45, "Plan Rows": 4619, "Plan Width": 72, "Inner Unique": false, "Hash Cond": "(ci.movie_id = t.id)", "Plans": [{"Node Type": "Seq Scan", "Parent Relationship": "Outer", "Relation Name": "cast_info", "Alias": "ci", "Startup Cost": 0.0, "Total Cost": 828499.78, "Plan Rows": 1223154, "Plan Width": 8, "Filter": "((note)::text = ANY ('{(writer),\"(head writer)\",\"(written by)\",(story),\"(story editor)\"}'::text[]))"}, {"Node Type": "Hash", "Parent Relationship": "Inner", "Startup Cost": 528127.47, "Total Cost": 528127.47, "Plan Rows": 4175, "Plan Width": 80, "Plans": [{"Node Type": "Hash Join", "Parent Relationship": "Outer", "Join Type": "Inner", "Startup Cost": 502636.25, "Total Cost": 528127.47, "Plan Rows": 4175, "Plan Width": 80, "Inner Unique": false, "Hash Cond": "(mi_idx.movie_id = t.id)", "Plans": [{"Node Type": "Seq Scan", "Parent Relationship": "Outer", "Relation Name": "movie_info_idx", "Alias": "mi_idx", "Startup Cost": 0.0, "Total Cost": 20274.34, "Plan Rows": 1380034, "Plan Width": 13}, {"Node Type": "Hash", "Parent Relationship": "Inner", "Startup Cost": 502602.29, "Total Cost": 502602.29, "Plan Rows": 2717, "Plan Width": 67, "Plans": [{"Node Type": "Hash Join", "Parent Relationship": "Outer", "Join Type": "Inner", "Startup Cost": 91673.0, "Total Cost": 502602.29, "Plan Rows": 2717, "Plan Width": 67, "Inner Unique": true, "Hash Cond": "(mi.movie_id = t.id)", "Plans": [{"Node Type": "Nested Loop", "Parent Relationship": "Outer", "Join Type": "Inner", "Startup Cost": 0.0, "Total Cost": 410891.93, "Plan Rows": 2717, "Plan Width": 46, "Inner Unique": false, "Join Filter": "(it1.id = mi.info_type_id)", "Plans": [{"Node Type": "Seq Scan", "Parent Relationship": "Outer", "Relation Name": "info_type", "Alias": "it1", "Startup Cost": 0.0, "Total Cost": 2.4, "Plan Rows": 1, "Plan Width": 4, "Filter": "((info)::text = 'genres'::text)"}, {"Node Type": "Seq Scan", "Parent Relationship": "Inner", "Relation Name": "movie_info", "Alias": "mi", "Startup Cost": 0.0, "Total Cost": 408512.41, "Plan Rows": 190170, "Plan Width": 50, "Filter": "((info)::text = ANY ('{Horror,Action,Sci-Fi,Thriller,Crime,War}'::text[]))"}]}, {"Node Type": "Hash", "Parent Relationship": "Inner", "Startup Cost": 60069.11, "Total Cost": 60069.11, "Plan Rows": 2528311, "Plan Width": 21, "Plans": [{"Node Type": "Seq Scan", "Parent Relationship": "Outer", "Relation Name": "title", "Alias": "t", "Startup Cost": 0.0, "Total Cost": 60069.11, "Plan Rows": 2528311, "Plan Width": 21}]}]}]}]}]}]}]}, {"Node Type": "Hash", "Parent Relationship": "Inner", "Startup Cost": 103490.62, "Total Cost": 103490.62, "Plan Rows": 1740714, "Plan Width": 4, "Plans": [{"Node Type": "Seq Scan", "Parent Relationship": "Outer", "Relation Name": "name", "Alias": "n", "Startup Cost": 0.0, "Total Cost": 103490.62, "Plan Rows": 1740714, "Plan Width": 4, "Filter": "((gender)::text = 'm'::text), (LLVM Optimized)"}]}]}]}, "Unique SQL Id": 3913857139, "Planner Runtime": 46}, "explain_analyze_plan": {"Plan": {"Node Type": "Aggregate", "Strategy": "Plain", "Startup Cost": 1486651.2, "Total Cost": 1486651.21, "Plan Rows": 1, "Plan Width": 160, "Actual Startup Time": 28282.094, "Actual Total Time": 28282.094, "Actual Rows": 1, "Actual Loops": 1, "Plans": [{"Node Type": "Hash Join", "Parent Relationship": "Outer", "Join Type": "Inner", "Startup Cost": 653429.2, "Total Cost": 1486640.6, "Plan Rows": 1413, "Plan Width": 64, "Actual Startup Time": 14046.164, "Actual Total Time": 28258.057, "Actual Rows": 28073, "Actual Loops": 1, "Inner Unique": true, "Hash Cond": "(ci.person_id = n.id)", "Plans": [{"Node Type": "Nested Loop", "Parent Relationship": "Outer", "Join Type": "Inner", "Startup Cost": 528179.65, "Total Cost": 1361372.59, "Plan Rows": 1155, "Plan Width": 68, "Actual Startup Time": 11635.442, "Actual Total Time": 25822.377, "Actual Rows": 54155, "Actual Loops": 1, "Inner Unique": false, "Join Filter": "(mi_idx.info_type_id = it2.id)", "Rows Removed by Join Filter": 108466, "Plans": [{"Node Type": "Seq Scan", "Parent Relationship": "Outer", "Relation Name": "info_type", "Alias": "it2", "Startup Cost": 0.0, "Total Cost": 2.4, "Plan Rows": 1, "Plan Width": 4, "Actual Startup Time": 0.095, "Actual Total Time": 0.11, "Actual Rows": 1, "Actual Loops": 1, "Filter": "((info)::text = 'votes'::text)", "Rows Removed by Filter": 111}, {"Node Type": "Hash Join", "Parent Relationship": "Inner", "Join Type": "Inner", "Startup Cost": 528179.65, "Total Cost": 1361312.45, "Plan Rows": 4619, "Plan Width": 72, "Actual Startup Time": 11635.33, "Actual Total Time": 25777.67, "Actual Rows": 162621, "Actual Loops": 1, "Inner Unique": false, "Hash Cond": "(ci.movie_id = t.id)", "Plans": [{"Node Type": "Seq Scan", "Parent Relationship": "Outer", "Relation Name": "cast_info", "Alias": "ci", "Startup Cost": 0.0, "Total Cost": 828499.78, "Plan Rows": 1223154, "Plan Width": 8, "Actual Startup Time": 398.884, "Actual Total Time": 14283.208, "Actual Rows": 1244716, "Actual Loops": 1, "Filter": "((note)::text = ANY ('{(writer),\"(head writer)\",\"(written by)\",(story),\"(story editor)\"}'::text[]))", "Rows Removed by Filter": 34999627}, {"Node Type": "Hash", "Parent Relationship": "Inner", "Startup Cost": 528127.47, "Total Cost": 528127.47, "Plan Rows": 4175, "Plan Width": 80, "Actual Startup Time": 10648.095, "Actual Total Time": 10648.095, "Actual Rows": 307785, "Actual Loops": 1, "Hash Buckets": 32768, "Hash Batches": 1, "Original Hash Batches": 1, "Peak Memory Usage": 24830, "Plans": [{"Node Type": "Hash Join", "Parent Relationship": "Outer", "Join Type": "Inner", "Startup Cost": 502636.25, "Total Cost": 528127.47, "Plan Rows": 4175, "Plan Width": 80, "Actual Startup Time": 9665.194, "Actual Total Time": 10533.443, "Actual Rows": 307785, "Actual Loops": 1, "Inner Unique": false, "Hash Cond": "(mi_idx.movie_id = t.id)", "Plans": [{"Node Type": "Seq Scan", "Parent Relationship": "Outer", "Relation Name": "movie_info_idx", "Alias": "mi_idx", "Startup Cost": 0.0, "Total Cost": 20274.34, "Plan Rows": 1380034, "Plan Width": 13, "Actual Startup Time": 0.046, "Actual Total Time": 316.833, "Actual Rows": 1380034, "Actual Loops": 1}, {"Node Type": "Hash", "Parent Relationship": "Inner", "Startup Cost": 502602.29, "Total Cost": 502602.29, "Plan Rows": 2717, "Plan Width": 67, "Actual Startup Time": 9665.041, "Actual Total Time": 9665.041, "Actual Rows": 186594, "Actual Loops": 1, "Hash Buckets": 32768, "Hash Batches": 1, "Original Hash Batches": 1, "Peak Memory Usage": 12274, "Plans": [{"Node Type": "Hash Join", "Parent Relationship": "Outer", "Join Type": "Inner", "Startup Cost": 91673.0, "Total Cost": 502602.29, "Plan Rows": 2717, "Plan Width": 67, "Actual Startup Time": 8555.545, "Actual Total Time": 9601.506, "Actual Rows": 186594, "Actual Loops": 1, "Inner Unique": true, "Hash Cond": "(mi.movie_id = t.id)", "Plans": [{"Node Type": "Nested Loop", "Parent Relationship": "Outer", "Join Type": "Inner", "Startup Cost": 0.0, "Total Cost": 410891.93, "Plan Rows": 2717, "Plan Width": 46, "Actual Startup Time": 6616.816, "Actual Total Time": 7556.167, "Actual Rows": 186594, "Actual Loops": 1, "Inner Unique": false, "Join Filter": "(it1.id = mi.info_type_id)", "Rows Removed by Join Filter": 2377, "Plans": [{"Node Type": "Seq Scan", "Parent Relationship": "Outer", "Relation Name": "info_type", "Alias": "it1", "Startup Cost": 0.0, "Total Cost": 2.4, "Plan Rows": 1, "Plan Width": 4, "Actual Startup Time": 0.031, "Actual Total Time": 0.062, "Actual Rows": 1, "Actual Loops": 1, "Filter": "((info)::text = 'genres'::text)", "Rows Removed by Filter": 111}, {"Node Type": "Seq Scan", "Parent Relationship": "Inner", "Relation Name": "movie_info", "Alias": "mi", "Startup Cost": 0.0, "Total Cost": 408512.41, "Plan Rows": 190170, "Plan Width": 50, "Actual Startup Time": 3574.647, "Actual Total Time": 7493.739, "Actual Rows": 188971, "Actual Loops": 1, "Filter": "((info)::text = ANY ('{Horror,Action,Sci-Fi,Thriller,Crime,War}'::text[]))", "Rows Removed by Filter": 14646748}]}, {"Node Type": "Hash", "Parent Relationship": "Inner", "Startup Cost": 60069.11, "Total Cost": 60069.11, "Plan Rows": 2528311, "Plan Width": 21, "Actual Startup Time": 1820.726, "Actual Total Time": 1820.726, "Actual Rows": 2528311, "Actual Loops": 1, "Hash Buckets": 4194304, "Hash Batches": 1, "Original Hash Batches": 1, "Peak Memory Usage": 135869, "Plans": [{"Node Type": "Seq Scan", "Parent Relationship": "Outer", "Relation Name": "title", "Alias": "t", "Startup Cost": 0.0, "Total Cost": 60069.11, "Plan Rows": 2528311, "Plan Width": 21, "Actual Startup Time": 0.11, "Actual Total Time": 965.244, "Actual Rows": 2528311, "Actual Loops": 1}]}]}]}]}]}]}]}, {"Node Type": "Hash", "Parent Relationship": "Inner", "Startup Cost": 103490.62, "Total Cost": 103490.62, "Plan Rows": 1740714, "Plan Width": 4, "Actual Startup Time": 2409.255, "Actual Total Time": 2409.255, "Actual Rows": 1739578, "Actual Loops": 1, "Hash Buckets": 2097152, "Hash Batches": 1, "Original Hash Batches": 1, "Peak Memory Usage": 61158, "Plans": [{"Node Type": "Seq Scan", "Parent Relationship": "Outer", "Relation Name": "name", "Alias": "n", "Startup Cost": 0.0, "Total Cost": 103490.62, "Plan Rows": 1740714, "Plan Width": 4, "Actual Startup Time": 0.098, "Actual Total Time": 1747.175, "Actual Rows": 1739578, "Actual Loops": 1, "Filter": "((gender)::text = 'm'::text), (LLVM Optimized, Jit Execute)", "Rows Removed by Filter": 2427912}]}]}]}, "Triggers": [], "Planner Runtime": 27, "Total Runtime": 28293.022, "Unique SQL Id": 3913857139}}, "(1, 15)": {"explain_plan": {"Plan": {"Node Type": "Aggregate", "Strategy": "Plain", "Startup Cost": 6974941462121.7, "Total Cost": 6974941462121.71, "Plan Rows": 1, "Plan Width": 160, "Plans": [{"Node Type": "Merge Join", "Parent Relationship": "Outer", "Join Type": "Inner", "Startup Cost": 70000000000.0, "Total Cost": 6974941462111.11, "Plan Rows": 1413, "Plan Width": 64, "Inner Unique": true, "Merge Cond": "(ci.person_id = n.id)", "Plans": [{"Node Type": "Nested Loop", "Parent Relationship": "Outer", "Join Type": "Inner", "Startup Cost": 60000000000.0, "Total Cost": 6000433185113.17, "Plan Rows": 1155, "Plan Width": 68, "Inner Unique": true, "Join Filter": "(mi.movie_id = t.id)", "Plans": [{"Node Type": "Nested Loop", "Parent Relationship": "Outer", "Join Type": "Inner", "Startup Cost": 50000000000.0, "Total Cost": 5000378363755.41, "Plan Rows": 1155, "Plan Width": 63, "Inner Unique": false, "Join Filter": "(mi_idx.movie_id = mi.movie_id)", "Plans": [{"Node Type": "Nested Loop", "Parent Relationship": "Outer", "Join Type": "Inner", "Startup Cost": 30000000000.0, "Total Cost": 3000358134325.29, "Plan Rows": 3006, "Plan Width": 54, "Inner Unique": false, "Join Filter": "(mi.movie_id = ci.movie_id)", "Plans": [{"Node Type": "Index Scan", "Parent Relationship": "Outer", "Scan Direction": "Forward", "Index Name": "person_id_cast_info", "Relation Name": "cast_info", "Alias": "ci", "Startup Cost": 10000000000.0, "Total Cost": 1000193311016.96, "Plan Rows": 1223154, "Plan Width": 8, "Filter": "((note)::text = ANY ('{(writer),\"(head writer)\",\"(written by)\",(story),\"(story editor)\"}'::text[]))"}, {"Node Type": "Materialize", "Parent Relationship": "Inner", "Startup Cost": 20000000000.0, "Total Cost": 2000114973673.85, "Plan Rows": 2717, "Plan Width": 46, "Plans": [{"Node Type": "Nested Loop", "Parent Relationship": "Outer", "Join Type": "Inner", "Startup Cost": 20000000000.0, "Total Cost": 2000114973660.27, "Plan Rows": 2717, "Plan Width": 46, "Inner Unique": true, "Join Filter": "(it1.id = mi.info_type_id)", "Plans": [{"Node Type": "Index Scan", "Parent Relationship": "Outer", "Scan Direction": "Forward", "Index Name": "movie_id_movie_info", "Relation Name": "movie_info", "Alias": "mi", "Startup Cost": 10000000000.0, "Total Cost": 1000114969386.72, "Plan Rows": 190170, "Plan Width": 50, "Filter": "((info)::text = ANY ('{Horror,Action,Sci-Fi,Thriller,Crime,War}'::text[]))"}, {"Node Type": "Materialize", "Parent Relationship": "Inner", "Startup Cost": 10000000000.0, "Total Cost": 1000000001421.0, "Plan Rows": 1, "Plan Width": 4, "Plans": [{"Node Type": "Index Scan", "Parent Relationship": "Outer", "Scan Direction": "Forward", "Index Name": "info_type_pkey", "Relation Name": "info_type", "Alias": "it1", "Startup Cost": 10000000000.0, "Total Cost": 1000000001421.0, "Plan Rows": 1, "Plan Width": 4, "Filter": "((info)::text = 'genres'::text)"}]}]}]}]}, {"Node Type": "Materialize", "Parent Relationship": "Inner", "Startup Cost": 20000000000.0, "Total Cost": 2000004673881.92, "Plan Rows": 345008, "Plan Width": 9, "Plans": [{"Node Type": "Nested Loop", "Parent Relationship": "Outer", "Join Type": "Inner", "Startup Cost": 20000000000.0, "Total Cost": 2000004672156.88, "Plan Rows": 345008, "Plan Width": 9, "Inner Unique": true, "Join Filter": "(it2.id = mi_idx.info_type_id), (LLVM Optimized)", "Plans": [{"Node Type": "Index Scan", "Parent Relationship": "Outer", "Scan Direction": "Forward", "Index Name": "movie_id_movie_info_idx", "Relation Name": "movie_info_idx", "Alias": "mi_idx", "Startup Cost": 10000000000.0, "Total Cost": 1000004650035.37, "Plan Rows": 1380034, "Plan Width": 13}, {"Node Type": "Materialize", "Parent Relationship": "Inner", "Startup Cost": 10000000000.0, "Total Cost": 1000000001421.0, "Plan Rows": 1, "Plan Width": 4, "Plans": [{"Node Type": "Index Scan", "Parent Relationship": "Outer", "Scan Direction": "Forward", "Index Name": "info_type_pkey", "Relation Name": "info_type", "Alias": "it2", "Startup Cost": 10000000000.0, "Total Cost": 1000000001421.0, "Plan Rows": 1, "Plan Width": 4, "Filter": "((info)::text = 'votes'::text)"}]}]}]}]}, {"Node Type": "Materialize", "Parent Relationship": "Inner", "Startup Cost": 10000000000.0, "Total Cost": 1000011024690.47, "Plan Rows": 2528311, "Plan Width": 21, "Plans": [{"Node Type": "Index Scan", "Parent Relationship": "Outer", "Scan Direction": "Forward", "Index Name": "title_pkey", "Relation Name": "title", "Alias": "t", "Startup Cost": 10000000000.0, "Total Cost": 1000011012048.91, "Plan Rows": 2528311, "Plan Width": 21}]}]}, {"Node Type": "Index Scan", "Parent Relationship": "Inner", "Scan Direction": "Forward", "Index Name": "name_pkey", "Relation Name": "name", "Alias": "n", "Startup Cost": 10000000000.0, "Total Cost": 1000018665147.2, "Plan Rows": 1740714, "Plan Width": 4, "Filter": "((gender)::text = 'm'::text), (LLVM Optimized)"}]}]}, "Unique SQL Id": 3913857139, "Planner Runtime": 71}, "explain_analyze_plan": null}, "(1, 16)": {"explain_plan": {"Plan": {"Node Type": "Aggregate", "Strategy": "Plain", "Startup Cost": 168594.43, "Total Cost": 168594.44, "Plan Rows": 1, "Plan Width": 160, "Plans": [{"Node Type": "Nested Loop", "Parent Relationship": "Outer", "Join Type": "Inner", "Startup Cost": 4842.14, "Total Cost": 168583.83, "Plan Rows": 1413, "Plan Width": 64, "Inner Unique": true, "Plans": [{"Node Type": "Nested Loop", "Parent Relationship": "Outer", "Join Type": "Inner", "Startup Cost": 4842.14, "Total Cost": 168004.57, "Plan Rows": 1155, "Plan Width": 68, "Inner Unique": false, "Plans": [{"Node Type": "Nested Loop", "Parent Relationship": "Outer", "Join Type": "Inner", "Startup Cost": 4842.14, "Total Cost": 166942.93, "Plan Rows": 1044, "Plan Width": 76, "Inner Unique": true, "Join Filter": "(mi.movie_id = t.id)", "Plans": [{"Node Type": "Nested Loop", "Parent Relationship": "Outer", "Join Type": "Inner", "Startup Cost": 4842.14, "Total Cost": 166514.74, "Plan Rows": 1044, "Plan Width": 55, "Inner Unique": false, "Join Filter": "(mi_idx.info_type_id = it2.id)", "Plans": [{"Node Type": "Seq Scan", "Parent Relationship": "Outer", "Relation Name": "info_type", "Alias": "it2", "Startup Cost": 0.0, "Total Cost": 2.4, "Plan Rows": 1, "Plan Width": 4, "Filter": "((info)::text = 'votes'::text)"}, {"Node Type": "Nested Loop", "Parent Relationship": "Inner", "Join Type": "Inner", "Startup Cost": 4842.14, "Total Cost": 166460.15, "Plan Rows": 4175, "Plan Width": 59, "Inner Unique": false, "Plans": [{"Node Type": "Nested Loop", "Parent Relationship": "Outer", "Join Type": "Inner", "Startup Cost": 4842.14, "Total Cost": 164972.1, "Plan Rows": 2717, "Plan Width": 46, "Inner Unique": false, "Plans": [{"Node Type": "Seq Scan", "Parent Relationship": "Outer", "Relation Name": "info_type", "Alias": "it1", "Startup Cost": 0.0, "Total Cost": 2.4, "Plan Rows": 1, "Plan Width": 4, "Filter": "((info)::text = 'genres'::text)"}, {"Node Type": "Bitmap Heap Scan", "Parent Relationship": "Inner", "Relation Name": "movie_info", "Alias": "mi", "Startup Cost": 4842.14, "Total Cost": 164942.53, "Plan Rows": 2717, "Plan Width": 50, "Recheck Cond": "(info_type_id = it1.id)", "Filter": "((info)::text = ANY ('{Horror,Action,Sci-Fi,Thriller,Crime,War}'::text[]))", "Plans": [{"Node Type": "Bitmap Index Scan", "Parent Relationship": "Outer", "Index Name": "info_type_id_movie_info", "Startup Cost": 0.0, "Total Cost": 4841.46, "Plan Rows": 212428, "Plan Width": 0, "Index Cond": "(info_type_id = it1.id)"}]}]}, {"Node Type": "Index Scan", "Parent Relationship": "Inner", "Scan Direction": "Forward", "Index Name": "movie_id_movie_info_idx", "Relation Name": "movie_info_idx", "Alias": "mi_idx", "Startup Cost": 0.0, "Total Cost": 0.53, "Plan Rows": 2, "Plan Width": 13, "Index Cond": "(movie_id = mi.movie_id)"}]}]}, {"Node Type": "Index Scan", "Parent Relationship": "Inner", "Scan Direction": "Forward", "Index Name": "title_pkey", "Relation Name": "title", "Alias": "t", "Startup Cost": 0.0, "Total Cost": 0.4, "Plan Rows": 1, "Plan Width": 21, "Index Cond": "(id = mi_idx.movie_id)"}]}, {"Node Type": "Index Scan", "Parent Relationship": "Inner", "Scan Direction": "Forward", "Index Name": "movie_id_cast_info", "Relation Name": "cast_info", "Alias": "ci", "Startup Cost": 0.0, "Total Cost": 1.01, "Plan Rows": 1, "Plan Width": 8, "Index Cond": "(movie_id = t.id)", "Filter": "((note)::text = ANY ('{(writer),\"(head writer)\",\"(written by)\",(story),\"(story editor)\"}'::text[]))"}]}, {"Node Type": "Index Scan", "Parent Relationship": "Inner", "Scan Direction": "Forward", "Index Name": "name_pkey", "Relation Name": "name", "Alias": "n", "Startup Cost": 0.0, "Total Cost": 0.49, "Plan Rows": 1, "Plan Width": 4, "Index Cond": "(id = ci.person_id)", "Filter": "((gender)::text = 'm'::text)"}]}]}, "Unique SQL Id": 3913857139, "Planner Runtime": 20}, "explain_analyze_plan": {"Plan": {"Node Type": "Aggregate", "Strategy": "Plain", "Startup Cost": 168594.43, "Total Cost": 168594.44, "Plan Rows": 1, "Plan Width": 160, "Actual Startup Time": 10962.342, "Actual Total Time": 10962.342, "Actual Rows": 1, "Actual Loops": 1, "Plans": [{"Node Type": "Nested Loop", "Parent Relationship": "Outer", "Join Type": "Inner", "Startup Cost": 4842.14, "Total Cost": 168583.83, "Plan Rows": 1413, "Plan Width": 64, "Actual Startup Time": 182.238, "Actual Total Time": 10918.825, "Actual Rows": 28073, "Actual Loops": 1, "Inner Unique": true, "Plans": [{"Node Type": "Nested Loop", "Parent Relationship": "Outer", "Join Type": "Inner", "Startup Cost": 4842.14, "Total Cost": 168004.57, "Plan Rows": 1155, "Plan Width": 68, "Actual Startup Time": 179.995, "Actual Total Time": 10530.664, "Actual Rows": 54155, "Actual Loops": 1, "Inner Unique": false, "Plans": [{"Node Type": "Nested Loop", "Parent Relationship": "Outer", "Join Type": "Inner", "Startup Cost": 4842.14, "Total Cost": 166942.93, "Plan Rows": 1044, "Plan Width": 76, "Actual Startup Time": 177.445, "Actual Total Time": 2626.7, "Actual Rows": 102516, "Actual Loops": 1, "Inner Unique": true, "Join Filter": "(mi.movie_id = t.id)", "Rows Removed by Join Filter": 0, "Plans": [{"Node Type": "Nested Loop", "Parent Relationship": "Outer", "Join Type": "Inner", "Startup Cost": 4842.14, "Total Cost": 166514.74, "Plan Rows": 1044, "Plan Width": 55, "Actual Startup Time": 177.415, "Actual Total Time": 2091.352, "Actual Rows": 102516, "Actual Loops": 1, "Inner Unique": false, "Join Filter": "(mi_idx.info_type_id = it2.id)", "Rows Removed by Join Filter": 205269, "Plans": [{"Node Type": "Seq Scan", "Parent Relationship": "Outer", "Relation Name": "info_type", "Alias": "it2", "Startup Cost": 0.0, "Total Cost": 2.4, "Plan Rows": 1, "Plan Width": 4, "Actual Startup Time": 0.051, "Actual Total Time": 0.06, "Actual Rows": 1, "Actual Loops": 1, "Filter": "((info)::text = 'votes'::text)", "Rows Removed by Filter": 111}, {"Node Type": "Nested Loop", "Parent Relationship": "Inner", "Join Type": "Inner", "Startup Cost": 4842.14, "Total Cost": 166460.15, "Plan Rows": 4175, "Plan Width": 59, "Actual Startup Time": 177.338, "Actual Total Time": 2000.149, "Actual Rows": 307785, "Actual Loops": 1, "Inner Unique": false, "Plans": [{"Node Type": "Nested Loop", "Parent Relationship": "Outer", "Join Type": "Inner", "Startup Cost": 4842.14, "Total Cost": 164972.1, "Plan Rows": 2717, "Plan Width": 46, "Actual Startup Time": 177.302, "Actual Total Time": 1152.01, "Actual Rows": 186594, "Actual Loops": 1, "Inner Unique": false, "Plans": [{"Node Type": "Seq Scan", "Parent Relationship": "Outer", "Relation Name": "info_type", "Alias": "it1", "Startup Cost": 0.0, "Total Cost": 2.4, "Plan Rows": 1, "Plan Width": 4, "Actual Startup Time": 0.022, "Actual Total Time": 0.06, "Actual Rows": 1, "Actual Loops": 1, "Filter": "((info)::text = 'genres'::text)", "Rows Removed by Filter": 111}, {"Node Type": "Bitmap Heap Scan", "Parent Relationship": "Inner", "Relation Name": "movie_info", "Alias": "mi", "Startup Cost": 4842.14, "Total Cost": 164942.53, "Plan Rows": 2717, "Plan Width": 50, "Actual Startup Time": 177.275, "Actual Total Time": 1109.223, "Actual Rows": 186594, "Actual Loops": 1, "Recheck Cond": "(info_type_id = it1.id)", "Rows Removed by Index Recheck": 0, "Filter": "((info)::text = ANY ('{Horror,Action,Sci-Fi,Thriller,Crime,War}'::text[]))", "Rows Removed by Filter": 1347315, "Exact Heap Blocks": 7426, "Lossy Heap Blocks": 7426, "Plans": [{"Node Type": "Bitmap Index Scan", "Parent Relationship": "Outer", "Index Name": "info_type_id_movie_info", "Startup Cost": 0.0, "Total Cost": 4841.46, "Plan Rows": 212428, "Plan Width": 0, "Actual Startup Time": 175.891, "Actual Total Time": 175.891, "Actual Rows": 1533909, "Actual Loops": 1, "Index Cond": "(info_type_id = it1.id)"}]}]}, {"Node Type": "Index Scan", "Parent Relationship": "Inner", "Scan Direction": "Forward", "Index Name": "movie_id_movie_info_idx", "Relation Name": "movie_info_idx", "Alias": "mi_idx", "Startup Cost": 0.0, "Total Cost": 0.53, "Plan Rows": 2, "Plan Width": 13, "Actual Startup Time": 547.884, "Actual Total Time": 667.997, "Actual Rows": 307785, "Actual Loops": 186594, "Index Cond": "(movie_id = mi.movie_id)", "Rows Removed by Index Recheck": 0}]}]}, {"Node Type": "Index Scan", "Parent Relationship": "Inner", "Scan Direction": "Forward", "Index Name": "title_pkey", "Relation Name": "title", "Alias": "t", "Startup Cost": 0.0, "Total Cost": 0.4, "Plan Rows": 1, "Plan Width": 21, "Actual Startup Time": 422.794, "Actual Total Time": 422.794, "Actual Rows": 102516, "Actual Loops": 102516, "Index Cond": "(id = mi_idx.movie_id)", "Rows Removed by Index Recheck": 0}]}, {"Node Type": "Index Scan", "Parent Relationship": "Inner", "Scan Direction": "Forward", "Index Name": "movie_id_cast_info", "Relation Name": "cast_info", "Alias": "ci", "Startup Cost": 0.0, "Total Cost": 1.01, "Plan Rows": 1, "Plan Width": 8, "Actual Startup Time": 6671.429, "Actual Total Time": 7830.07, "Actual Rows": 54155, "Actual Loops": 102516, "Index Cond": "(movie_id = t.id)", "Rows Removed by Index Recheck": 0, "Filter": "((note)::text = ANY ('{(writer),\"(head writer)\",\"(written by)\",(story),\"(story editor)\"}'::text[]))", "Rows Removed by Filter": 3987641}]}, {"Node Type": "Index Scan", "Parent Relationship": "Inner", "Scan Direction": "Forward", "Index Name": "name_pkey", "Relation Name": "name", "Alias": "n", "Startup Cost": 0.0, "Total Cost": 0.49, "Plan Rows": 1, "Plan Width": 4, "Actual Startup Time": 341.049, "Actual Total Time": 341.049, "Actual Rows": 28073, "Actual Loops": 54155, "Index Cond": "(id = ci.person_id)", "Rows Removed by Index Recheck": 0, "Filter": "((gender)::text = 'm'::text)", "Rows Removed by Filter": 26082}]}]}, "Triggers": [], "Planner Runtime": 5, "Total Runtime": 10962.78, "Unique SQL Id": 3913857139}}, "(1, 17)": {"explain_plan": {"Plan": {"Node Type": "Aggregate", "Strategy": "Plain", "Startup Cost": 168618.05, "Total Cost": 168618.06, "Plan Rows": 1, "Plan Width": 160, "Plans": [{"Node Type": "Nested Loop", "Parent Relationship": "Outer", "Join Type": "Inner", "Startup Cost": 4842.14, "Total Cost": 168607.45, "Plan Rows": 1413, "Plan Width": 64, "Inner Unique": true, "Plans": [{"Node Type": "Nested Loop", "Parent Relationship": "Outer", "Join Type": "Inner", "Startup Cost": 4842.14, "Total Cost": 168028.19, "Plan Rows": 1155, "Plan Width": 68, "Inner Unique": false, "Plans": [{"Node Type": "Nested Loop", "Parent Relationship": "Outer", "Join Type": "Inner", "Startup Cost": 4842.14, "Total Cost": 166966.55, "Plan Rows": 1044, "Plan Width": 76, "Inner Unique": true, "Join Filter": "(mi.movie_id = t.id)", "Plans": [{"Node Type": "Nested Loop", "Parent Relationship": "Outer", "Join Type": "Inner", "Startup Cost": 4842.14, "Total Cost": 166538.36, "Plan Rows": 1044, "Plan Width": 55, "Inner Unique": false, "Join Filter": "(mi_idx.info_type_id = it2.id)", "Plans": [{"Node Type": "Index Scan", "Parent Relationship": "Outer", "Scan Direction": "Forward", "Index Name": "info_type_pkey", "Relation Name": "info_type", "Alias": "it2", "Startup Cost": 0.0, "Total Cost": 14.21, "Plan Rows": 1, "Plan Width": 4, "Filter": "((info)::text = 'votes'::text)"}, {"Node Type": "Nested Loop", "Parent Relationship": "Inner", "Join Type": "Inner", "Startup Cost": 4842.14, "Total Cost": 166471.96, "Plan Rows": 4175, "Plan Width": 59, "Inner Unique": false, "Plans": [{"Node Type": "Nested Loop", "Parent Relationship": "Outer", "Join Type": "Inner", "Startup Cost": 4842.14, "Total Cost": 164983.91, "Plan Rows": 2717, "Plan Width": 46, "Inner Unique": false, "Plans": [{"Node Type": "Index Scan", "Parent Relationship": "Outer", "Scan Direction": "Forward", "Index Name": "info_type_pkey", "Relation Name": "info_type", "Alias": "it1", "Startup Cost": 0.0, "Total Cost": 14.21, "Plan Rows": 1, "Plan Width": 4, "Filter": "((info)::text = 'genres'::text)"}, {"Node Type": "Bitmap Heap Scan", "Parent Relationship": "Inner", "Relation Name": "movie_info", "Alias": "mi", "Startup Cost": 4842.14, "Total Cost": 164942.53, "Plan Rows": 2717, "Plan Width": 50, "Recheck Cond": "(info_type_id = it1.id)", "Filter": "((info)::text = ANY ('{Horror,Action,Sci-Fi,Thriller,Crime,War}'::text[]))", "Plans": [{"Node Type": "Bitmap Index Scan", "Parent Relationship": "Outer", "Index Name": "info_type_id_movie_info", "Startup Cost": 0.0, "Total Cost": 4841.46, "Plan Rows": 212428, "Plan Width": 0, "Index Cond": "(info_type_id = it1.id)"}]}]}, {"Node Type": "Index Scan", "Parent Relationship": "Inner", "Scan Direction": "Forward", "Index Name": "movie_id_movie_info_idx", "Relation Name": "movie_info_idx", "Alias": "mi_idx", "Startup Cost": 0.0, "Total Cost": 0.53, "Plan Rows": 2, "Plan Width": 13, "Index Cond": "(movie_id = mi.movie_id)"}]}]}, {"Node Type": "Index Scan", "Parent Relationship": "Inner", "Scan Direction": "Forward", "Index Name": "title_pkey", "Relation Name": "title", "Alias": "t", "Startup Cost": 0.0, "Total Cost": 0.4, "Plan Rows": 1, "Plan Width": 21, "Index Cond": "(id = mi_idx.movie_id)"}]}, {"Node Type": "Index Scan", "Parent Relationship": "Inner", "Scan Direction": "Forward", "Index Name": "movie_id_cast_info", "Relation Name": "cast_info", "Alias": "ci", "Startup Cost": 0.0, "Total Cost": 1.01, "Plan Rows": 1, "Plan Width": 8, "Index Cond": "(movie_id = t.id)", "Filter": "((note)::text = ANY ('{(writer),\"(head writer)\",\"(written by)\",(story),\"(story editor)\"}'::text[]))"}]}, {"Node Type": "Index Scan", "Parent Relationship": "Inner", "Scan Direction": "Forward", "Index Name": "name_pkey", "Relation Name": "name", "Alias": "n", "Startup Cost": 0.0, "Total Cost": 0.49, "Plan Rows": 1, "Plan Width": 4, "Index Cond": "(id = ci.person_id)", "Filter": "((gender)::text = 'm'::text)"}]}]}, "Unique SQL Id": 3913857139, "Planner Runtime": 16}, "explain_analyze_plan": {"Plan": {"Node Type": "Aggregate", "Strategy": "Plain", "Startup Cost": 168618.05, "Total Cost": 168618.06, "Plan Rows": 1, "Plan Width": 160, "Actual Startup Time": 10985.018, "Actual Total Time": 10985.019, "Actual Rows": 1, "Actual Loops": 1, "Plans": [{"Node Type": "Nested Loop", "Parent Relationship": "Outer", "Join Type": "Inner", "Startup Cost": 4842.14, "Total Cost": 168607.45, "Plan Rows": 1413, "Plan Width": 64, "Actual Startup Time": 175.61, "Actual Total Time": 10939.798, "Actual Rows": 28073, "Actual Loops": 1, "Inner Unique": true, "Plans": [{"Node Type": "Nested Loop", "Parent Relationship": "Outer", "Join Type": "Inner", "Startup Cost": 4842.14, "Total Cost": 168028.19, "Plan Rows": 1155, "Plan Width": 68, "Actual Startup Time": 173.738, "Actual Total Time": 10546.49, "Actual Rows": 54155, "Actual Loops": 1, "Inner Unique": false, "Plans": [{"Node Type": "Nested Loop", "Parent Relationship": "Outer", "Join Type": "Inner", "Startup Cost": 4842.14, "Total Cost": 166966.55, "Plan Rows": 1044, "Plan Width": 76, "Actual Startup Time": 171.478, "Actual Total Time": 2622.411, "Actual Rows": 102516, "Actual Loops": 1, "Inner Unique": true, "Join Filter": "(mi.movie_id = t.id)", "Rows Removed by Join Filter": 0, "Plans": [{"Node Type": "Nested Loop", "Parent Relationship": "Outer", "Join Type": "Inner", "Startup Cost": 4842.14, "Total Cost": 166538.36, "Plan Rows": 1044, "Plan Width": 55, "Actual Startup Time": 171.46, "Actual Total Time": 2084.763, "Actual Rows": 102516, "Actual Loops": 1, "Inner Unique": false, "Join Filter": "(mi_idx.info_type_id = it2.id)", "Rows Removed by Join Filter": 205269, "Plans": [{"Node Type": "Index Scan", "Parent Relationship": "Outer", "Scan Direction": "Forward", "Index Name": "info_type_pkey", "Relation Name": "info_type", "Alias": "it2", "Startup Cost": 0.0, "Total Cost": 14.21, "Plan Rows": 1, "Plan Width": 4, "Actual Startup Time": 0.077, "Actual Total Time": 0.096, "Actual Rows": 1, "Actual Loops": 1, "Filter": "((info)::text = 'votes'::text)", "Rows Removed by Filter": 111}, {"Node Type": "Nested Loop", "Parent Relationship": "Inner", "Join Type": "Inner", "Startup Cost": 4842.14, "Total Cost": 166471.96, "Plan Rows": 4175, "Plan Width": 59, "Actual Startup Time": 171.352, "Actual Total Time": 1994.85, "Actual Rows": 307785, "Actual Loops": 1, "Inner Unique": false, "Plans": [{"Node Type": "Nested Loop", "Parent Relationship": "Outer", "Join Type": "Inner", "Startup Cost": 4842.14, "Total Cost": 164983.91, "Plan Rows": 2717, "Plan Width": 46, "Actual Startup Time": 171.315, "Actual Total Time": 1144.549, "Actual Rows": 186594, "Actual Loops": 1, "Inner Unique": false, "Plans": [{"Node Type": "Index Scan", "Parent Relationship": "Outer", "Scan Direction": "Forward", "Index Name": "info_type_pkey", "Relation Name": "info_type", "Alias": "it1", "Startup Cost": 0.0, "Total Cost": 14.21, "Plan Rows": 1, "Plan Width": 4, "Actual Startup Time": 0.009, "Actual Total Time": 0.198, "Actual Rows": 1, "Actual Loops": 1, "Filter": "((info)::text = 'genres'::text)", "Rows Removed by Filter": 111}, {"Node Type": "Bitmap Heap Scan", "Parent Relationship": "Inner", "Relation Name": "movie_info", "Alias": "mi", "Startup Cost": 4842.14, "Total Cost": 164942.53, "Plan Rows": 2717, "Plan Width": 50, "Actual Startup Time": 171.298, "Actual Total Time": 1101.073, "Actual Rows": 186594, "Actual Loops": 1, "Recheck Cond": "(info_type_id = it1.id)", "Rows Removed by Index Recheck": 0, "Filter": "((info)::text = ANY ('{Horror,Action,Sci-Fi,Thriller,Crime,War}'::text[]))", "Rows Removed by Filter": 1347315, "Exact Heap Blocks": 7426, "Lossy Heap Blocks": 7426, "Plans": [{"Node Type": "Bitmap Index Scan", "Parent Relationship": "Outer", "Index Name": "info_type_id_movie_info", "Startup Cost": 0.0, "Total Cost": 4841.46, "Plan Rows": 212428, "Plan Width": 0, "Actual Startup Time": 169.856, "Actual Total Time": 169.856, "Actual Rows": 1533909, "Actual Loops": 1, "Index Cond": "(info_type_id = it1.id)"}]}]}, {"Node Type": "Index Scan", "Parent Relationship": "Inner", "Scan Direction": "Forward", "Index Name": "movie_id_movie_info_idx", "Relation Name": "movie_info_idx", "Alias": "mi_idx", "Startup Cost": 0.0, "Total Cost": 0.53, "Plan Rows": 2, "Plan Width": 13, "Actual Startup Time": 553.72, "Actual Total Time": 672.151, "Actual Rows": 307785, "Actual Loops": 186594, "Index Cond": "(movie_id = mi.movie_id)", "Rows Removed by Index Recheck": 0}]}]}, {"Node Type": "Index Scan", "Parent Relationship": "Inner", "Scan Direction": "Forward", "Index Name": "title_pkey", "Relation Name": "title", "Alias": "t", "Startup Cost": 0.0, "Total Cost": 0.4, "Plan Rows": 1, "Plan Width": 21, "Actual Startup Time": 423.919, "Actual Total Time": 423.919, "Actual Rows": 102516, "Actual Loops": 102516, "Index Cond": "(id = mi_idx.movie_id)", "Rows Removed by Index Recheck": 0}]}, {"Node Type": "Index Scan", "Parent Relationship": "Inner", "Scan Direction": "Forward", "Index Name": "movie_id_cast_info", "Relation Name": "cast_info", "Alias": "ci", "Startup Cost": 0.0, "Total Cost": 1.01, "Plan Rows": 1, "Plan Width": 8, "Actual Startup Time": 6693.235, "Actual Total Time": 7850.651, "Actual Rows": 54155, "Actual Loops": 102516, "Index Cond": "(movie_id = t.id)", "Rows Removed by Index Recheck": 0, "Filter": "((note)::text = ANY ('{(writer),\"(head writer)\",\"(written by)\",(story),\"(story editor)\"}'::text[]))", "Rows Removed by Filter": 3987641}]}, {"Node Type": "Index Scan", "Parent Relationship": "Inner", "Scan Direction": "Forward", "Index Name": "name_pkey", "Relation Name": "name", "Alias": "n", "Startup Cost": 0.0, "Total Cost": 0.49, "Plan Rows": 1, "Plan Width": 4, "Actual Startup Time": 345.095, "Actual Total Time": 345.095, "Actual Rows": 28073, "Actual Loops": 54155, "Index Cond": "(id = ci.person_id)", "Rows Removed by Index Recheck": 0, "Filter": "((gender)::text = 'm'::text)", "Rows Removed by Filter": 26082}]}]}, "Triggers": [], "Planner Runtime": 4, "Total Runtime": 10985.503, "Unique SQL Id": 3913857139}}, "(1, 18)": {"explain_plan": {"Plan": {"Node Type": "Aggregate", "Strategy": "Plain", "Startup Cost": 191372.0, "Total Cost": 191372.01, "Plan Rows": 1, "Plan Width": 160, "Plans": [{"Node Type": "Nested Loop", "Parent Relationship": "Outer", "Join Type": "Inner", "Startup Cost": 4843.62, "Total Cost": 191361.4, "Plan Rows": 1413, "Plan Width": 64, "Inner Unique": true, "Plans": [{"Node Type": "Nested Loop", "Parent Relationship": "Outer", "Join Type": "Inner", "Startup Cost": 4843.31, "Total Cost": 186355.98, "Plan Rows": 1155, "Plan Width": 68, "Inner Unique": false, "Plans": [{"Node Type": "Nested Loop", "Parent Relationship": "Outer", "Join Type": "Inner", "Startup Cost": 4842.79, "Total Cost": 181513.31, "Plan Rows": 1044, "Plan Width": 76, "Inner Unique": true, "Join Filter": "(mi.movie_id = t.id)", "Plans": [{"Node Type": "Nested Loop", "Parent Relationship": "Outer", "Join Type": "Inner", "Startup Cost": 4842.51, "Total Cost": 177014.12, "Plan Rows": 1044, "Plan Width": 55, "Inner Unique": false, "Join Filter": "(mi_idx.info_type_id = it2.id)", "Plans": [{"Node Type": "Seq Scan", "Parent Relationship": "Outer", "Relation Name": "info_type", "Alias": "it2", "Startup Cost": 0.0, "Total Cost": 2.4, "Plan Rows": 1, "Plan Width": 4, "Filter": "((info)::text = 'votes'::text)"}, {"Node Type": "Nested Loop", "Parent Relationship": "Inner", "Join Type": "Inner", "Startup Cost": 4842.51, "Total Cost": 176959.53, "Plan Rows": 4175, "Plan Width": 59, "Inner Unique": false, "Plans": [{"Node Type": "Nested Loop", "Parent Relationship": "Outer", "Join Type": "Inner", "Startup Cost": 4842.14, "Total Cost": 164972.1, "Plan Rows": 2717, "Plan Width": 46, "Inner Unique": false, "Plans": [{"Node Type": "Seq Scan", "Parent Relationship": "Outer", "Relation Name": "info_type", "Alias": "it1", "Startup Cost": 0.0, "Total Cost": 2.4, "Plan Rows": 1, "Plan Width": 4, "Filter": "((info)::text = 'genres'::text)"}, {"Node Type": "Bitmap Heap Scan", "Parent Relationship": "Inner", "Relation Name": "movie_info", "Alias": "mi", "Startup Cost": 4842.14, "Total Cost": 164942.53, "Plan Rows": 2717, "Plan Width": 50, "Recheck Cond": "(info_type_id = it1.id)", "Filter": "((info)::text = ANY ('{Horror,Action,Sci-Fi,Thriller,Crime,War}'::text[]))", "Plans": [{"Node Type": "Bitmap Index Scan", "Parent Relationship": "Outer", "Index Name": "info_type_id_movie_info", "Startup Cost": 0.0, "Total Cost": 4841.46, "Plan Rows": 212428, "Plan Width": 0, "Index Cond": "(info_type_id = it1.id)"}]}]}, {"Node Type": "Bitmap Heap Scan", "Parent Relationship": "Inner", "Relation Name": "movie_info_idx", "Alias": "mi_idx", "Startup Cost": 0.37, "Total Cost": 4.39, "Plan Rows": 2, "Plan Width": 13, "Recheck Cond": "(movie_id = mi.movie_id)", "Plans": [{"Node Type": "Bitmap Index Scan", "Parent Relationship": "Outer", "Index Name": "movie_id_movie_info_idx", "Startup Cost": 0.0, "Total Cost": 0.37, "Plan Rows": 2, "Plan Width": 0, "Index Cond": "(movie_id = mi.movie_id)"}]}]}]}, {"Node Type": "Bitmap Heap Scan", "Parent Relationship": "Inner", "Relation Name": "title", "Alias": "t", "Startup Cost": 0.28, "Total Cost": 4.3, "Plan Rows": 1, "Plan Width": 21, "Recheck Cond": "(id = mi_idx.movie_id)", "Plans": [{"Node Type": "Bitmap Index Scan", "Parent Relationship": "Outer", "Index Name": "title_pkey", "Startup Cost": 0.0, "Total Cost": 0.28, "Plan Rows": 1, "Plan Width": 0, "Index Cond": "(id = mi_idx.movie_id)"}]}]}, {"Node Type": "Bitmap Heap Scan", "Parent Relationship": "Inner", "Relation Name": "cast_info", "Alias": "ci", "Startup Cost": 0.52, "Total Cost": 4.63, "Plan Rows": 1, "Plan Width": 8, "Recheck Cond": "(movie_id = t.id)", "Filter": "((note)::text = ANY ('{(writer),\"(head writer)\",\"(written by)\",(story),\"(story editor)\"}'::text[]))", "Plans": [{"Node Type": "Bitmap Index Scan", "Parent Relationship": "Outer", "Index Name": "movie_id_cast_info", "Startup Cost": 0.0, "Total Cost": 0.52, "Plan Rows": 6, "Plan Width": 0, "Index Cond": "(movie_id = t.id)"}]}]}, {"Node Type": "Bitmap Heap Scan", "Parent Relationship": "Inner", "Relation Name": "name", "Alias": "n", "Startup Cost": 0.31, "Total Cost": 4.32, "Plan Rows": 1, "Plan Width": 4, "Recheck Cond": "(id = ci.person_id)", "Filter": "((gender)::text = 'm'::text)", "Plans": [{"Node Type": "Bitmap Index Scan", "Parent Relationship": "Outer", "Index Name": "name_pkey", "Startup Cost": 0.0, "Total Cost": 0.31, "Plan Rows": 1, "Plan Width": 0, "Index Cond": "(id = ci.person_id)"}]}]}]}, "Unique SQL Id": 3913857139, "Planner Runtime": 23}, "explain_analyze_plan": {"Plan": {"Node Type": "Aggregate", "Strategy": "Plain", "Startup Cost": 191372.0, "Total Cost": 191372.01, "Plan Rows": 1, "Plan Width": 160, "Actual Startup Time": 13418.046, "Actual Total Time": 13418.047, "Actual Rows": 1, "Actual Loops": 1, "Plans": [{"Node Type": "Nested Loop", "Parent Relationship": "Outer", "Join Type": "Inner", "Startup Cost": 4843.62, "Total Cost": 191361.4, "Plan Rows": 1413, "Plan Width": 64, "Actual Startup Time": 188.301, "Actual Total Time": 13363.107, "Actual Rows": 28073, "Actual Loops": 1, "Inner Unique": true, "Plans": [{"Node Type": "Nested Loop", "Parent Relationship": "Outer", "Join Type": "Inner", "Startup Cost": 4843.31, "Total Cost": 186355.98, "Plan Rows": 1155, "Plan Width": 68, "Actual Startup Time": 185.613, "Actual Total Time": 12857.373, "Actual Rows": 54155, "Actual Loops": 1, "Inner Unique": false, "Plans": [{"Node Type": "Nested Loop", "Parent Relationship": "Outer", "Join Type": "Inner", "Startup Cost": 4842.79, "Total Cost": 181513.31, "Plan Rows": 1044, "Plan Width": 76, "Actual Startup Time": 182.526, "Actual Total Time": 3121.597, "Actual Rows": 102516, "Actual Loops": 1, "Inner Unique": true, "Join Filter": "(mi.movie_id = t.id)", "Rows Removed by Join Filter": 0, "Plans": [{"Node Type": "Nested Loop", "Parent Relationship": "Outer", "Join Type": "Inner", "Startup Cost": 4842.51, "Total Cost": 177014.12, "Plan Rows": 1044, "Plan Width": 55, "Actual Startup Time": 182.486, "Actual Total Time": 2391.44, "Actual Rows": 102516, "Actual Loops": 1, "Inner Unique": false, "Join Filter": "(mi_idx.info_type_id = it2.id)", "Rows Removed by Join Filter": 205269, "Plans": [{"Node Type": "Seq Scan", "Parent Relationship": "Outer", "Relation Name": "info_type", "Alias": "it2", "Startup Cost": 0.0, "Total Cost": 2.4, "Plan Rows": 1, "Plan Width": 4, "Actual Startup Time": 0.064, "Actual Total Time": 0.077, "Actual Rows": 1, "Actual Loops": 1, "Filter": "((info)::text = 'votes'::text)", "Rows Removed by Filter": 111}, {"Node Type": "Nested Loop", "Parent Relationship": "Inner", "Join Type": "Inner", "Startup Cost": 4842.51, "Total Cost": 176959.53, "Plan Rows": 4175, "Plan Width": 59, "Actual Startup Time": 182.405, "Actual Total Time": 2293.019, "Actual Rows": 307785, "Actual Loops": 1, "Inner Unique": false, "Plans": [{"Node Type": "Nested Loop", "Parent Relationship": "Outer", "Join Type": "Inner", "Startup Cost": 4842.14, "Total Cost": 164972.1, "Plan Rows": 2717, "Plan Width": 46, "Actual Startup Time": 182.357, "Actual Total Time": 1158.606, "Actual Rows": 186594, "Actual Loops": 1, "Inner Unique": false, "Plans": [{"Node Type": "Seq Scan", "Parent Relationship": "Outer", "Relation Name": "info_type", "Alias": "it1", "Startup Cost": 0.0, "Total Cost": 2.4, "Plan Rows": 1, "Plan Width": 4, "Actual Startup Time": 0.038, "Actual Total Time": 0.179, "Actual Rows": 1, "Actual Loops": 1, "Filter": "((info)::text = 'genres'::text)", "Rows Removed by Filter": 111}, {"Node Type": "Bitmap Heap Scan", "Parent Relationship": "Inner", "Relation Name": "movie_info", "Alias": "mi", "Startup Cost": 4842.14, "Total Cost": 164942.53, "Plan Rows": 2717, "Plan Width": 50, "Actual Startup Time": 182.315, "Actual Total Time": 1115.988, "Actual Rows": 186594, "Actual Loops": 1, "Recheck Cond": "(info_type_id = it1.id)", "Rows Removed by Index Recheck": 0, "Filter": "((info)::text = ANY ('{Horror,Action,Sci-Fi,Thriller,Crime,War}'::text[]))", "Rows Removed by Filter": 1347315, "Exact Heap Blocks": 7426, "Lossy Heap Blocks": 7426, "Plans": [{"Node Type": "Bitmap Index Scan", "Parent Relationship": "Outer", "Index Name": "info_type_id_movie_info", "Startup Cost": 0.0, "Total Cost": 4841.46, "Plan Rows": 212428, "Plan Width": 0, "Actual Startup Time": 180.863, "Actual Total Time": 180.863, "Actual Rows": 1533909, "Actual Loops": 1, "Index Cond": "(info_type_id = it1.id)"}]}]}, {"Node Type": "Bitmap Heap Scan", "Parent Relationship": "Inner", "Relation Name": "movie_info_idx", "Alias": "mi_idx", "Startup Cost": 0.37, "Total Cost": 4.39, "Plan Rows": 2, "Plan Width": 13, "Actual Startup Time": 772.261, "Actual Total Time": 819.101, "Actual Rows": 307785, "Actual Loops": 186594, "Recheck Cond": "(movie_id = mi.movie_id)", "Rows Removed by Index Recheck": 0, "Exact Heap Blocks": 103610, "Lossy Heap Blocks": 103610, "Plans": [{"Node Type": "Bitmap Index Scan", "Parent Relationship": "Outer", "Index Name": "movie_id_movie_info_idx", "Startup Cost": 0.0, "Total Cost": 0.37, "Plan Rows": 2, "Plan Width": 0, "Actual Startup Time": 528.073, "Actual Total Time": 528.073, "Actual Rows": 307785, "Actual Loops": 186594, "Index Cond": "(movie_id = mi.movie_id)"}]}]}]}, {"Node Type": "Bitmap Heap Scan", "Parent Relationship": "Inner", "Relation Name": "title", "Alias": "t", "Startup Cost": 0.28, "Total Cost": 4.3, "Plan Rows": 1, "Plan Width": 21, "Actual Startup Time": 549.517, "Actual Total Time": 549.517, "Actual Rows": 102516, "Actual Loops": 102516, "Recheck Cond": "(id = mi_idx.movie_id)", "Rows Removed by Index Recheck": 0, "Exact Heap Blocks": 102516, "Lossy Heap Blocks": 102516, "Plans": [{"Node Type": "Bitmap Index Scan", "Parent Relationship": "Outer", "Index Name": "title_pkey", "Startup Cost": 0.0, "Total Cost": 0.28, "Plan Rows": 1, "Plan Width": 0, "Actual Startup Time": 300.228, "Actual Total Time": 300.228, "Actual Rows": 102516, "Actual Loops": 102516, "Index Cond": "(id = mi_idx.movie_id)"}]}]}, {"Node Type": "Bitmap Heap Scan", "Parent Relationship": "Inner", "Relation Name": "cast_info", "Alias": "ci", "Startup Cost": 0.52, "Total Cost": 4.63, "Plan Rows": 1, "Plan Width": 8, "Actual Startup Time": 8278.947, "Actual Total Time": 9561.679, "Actual Rows": 54155, "Actual Loops": 102516, "Recheck Cond": "(movie_id = t.id)", "Rows Removed by Index Recheck": 0, "Filter": "((note)::text = ANY ('{(writer),\"(head writer)\",\"(written by)\",(story),\"(story editor)\"}'::text[]))", "Rows Removed by Filter": 3987641, "Exact Heap Blocks": 3901088, "Lossy Heap Blocks": 3901088, "Plans": [{"Node Type": "Bitmap Index Scan", "Parent Relationship": "Outer", "Index Name": "movie_id_cast_info", "Startup Cost": 0.0, "Total Cost": 0.52, "Plan Rows": 6, "Plan Width": 0, "Actual Startup Time": 1062.241, "Actual Total Time": 1062.241, "Actual Rows": 4041796, "Actual Loops": 102516, "Index Cond": "(movie_id = t.id)"}]}]}, {"Node Type": "Bitmap Heap Scan", "Parent Relationship": "Inner", "Relation Name": "name", "Alias": "n", "Startup Cost": 0.31, "Total Cost": 4.32, "Plan Rows": 1, "Plan Width": 4, "Actual Startup Time": 412.128, "Actual Total Time": 412.128, "Actual Rows": 28073, "Actual Loops": 54155, "Recheck Cond": "(id = ci.person_id)", "Rows Removed by Index Recheck": 0, "Filter": "((gender)::text = 'm'::text)", "Rows Removed by Filter": 26082, "Exact Heap Blocks": 54155, "Lossy Heap Blocks": 54155, "Plans": [{"Node Type": "Bitmap Index Scan", "Parent Relationship": "Outer", "Index Name": "name_pkey", "Startup Cost": 0.0, "Total Cost": 0.31, "Plan Rows": 1, "Plan Width": 0, "Actual Startup Time": 260.254, "Actual Total Time": 260.254, "Actual Rows": 54155, "Actual Loops": 54155, "Index Cond": "(id = ci.person_id)"}]}]}]}, "Triggers": [], "Planner Runtime": 6, "Total Runtime": 13418.547, "Unique SQL Id": 3913857139}}, "(1, 19)": {"explain_plan": {"Plan": {"Node Type": "Aggregate", "Strategy": "Plain", "Startup Cost": 1000012232006.38, "Total Cost": 1000012232006.39, "Plan Rows": 1, "Plan Width": 160, "Plans": [{"Node Type": "Nested Loop", "Parent Relationship": "Outer", "Join Type": "Inner", "Startup Cost": 10000000002.26, "Total Cost": 1000012231995.78, "Plan Rows": 1413, "Plan Width": 64, "Inner Unique": true, "Join Filter": "(mi.movie_id = t.id)", "Plans": [{"Node Type": "Nested Loop", "Parent Relationship": "Outer", "Join Type": "Inner", "Startup Cost": 10000000001.98, "Total Cost": 1000012225906.36, "Plan Rows": 1413, "Plan Width": 59, "Inner Unique": true, "Plans": [{"Node Type": "Nested Loop", "Parent Relationship": "Outer", "Join Type": "Inner", "Startup Cost": 10000000001.67, "Total Cost": 1000012220900.93, "Plan Rows": 1155, "Plan Width": 63, "Inner Unique": false, "Join Filter": "(mi.movie_id = ci.movie_id)", "Plans": [{"Node Type": "Nested Loop", "Parent Relationship": "Outer", "Join Type": "Inner", "Startup Cost": 10000000000.97, "Total Cost": 1000012215863.83, "Plan Rows": 1044, "Plan Width": 55, "Inner Unique": true, "Plans": [{"Node Type": "Nested Loop", "Parent Relationship": "Outer", "Join Type": "Inner", "Startup Cost": 10000000000.71, "Total Cost": 1000012197983.33, "Plan Rows": 4175, "Plan Width": 59, "Inner Unique": true, "Plans": [{"Node Type": "Nested Loop", "Parent Relationship": "Outer", "Join Type": "Inner", "Startup Cost": 10000000000.45, "Total Cost": 1000010946375.89, "Plan Rows": 292241, "Plan Width": 63, "Inner Unique": false, "Plans": [{"Node Type": "Index Scan", "Parent Relationship": "Outer", "Scan Direction": "Forward", "Index Name": "movie_id_movie_info_idx", "Relation Name": "movie_info_idx", "Alias": "mi_idx", "Startup Cost": 10000000000.0, "Total Cost": 1000004650035.37, "Plan Rows": 1380034, "Plan Width": 13}, {"Node Type": "Bitmap Heap Scan", "Parent Relationship": "Inner", "Relation Name": "movie_info", "Alias": "mi", "Startup Cost": 0.45, "Total Cost": 4.55, "Plan Rows": 1, "Plan Width": 50, "Recheck Cond": "(movie_id = mi_idx.movie_id)", "Filter": "((info)::text = ANY ('{Horror,Action,Sci-Fi,Thriller,Crime,War}'::text[]))", "Plans": [{"Node Type": "Bitmap Index Scan", "Parent Relationship": "Outer", "Index Name": "movie_id_movie_info", "Startup Cost": 0.0, "Total Cost": 0.45, "Plan Rows": 5, "Plan Width": 0, "Index Cond": "(movie_id = mi_idx.movie_id)"}]}]}, {"Node Type": "Bitmap Heap Scan", "Parent Relationship": "Inner", "Relation Name": "info_type", "Alias": "it1", "Startup Cost": 0.26, "Total Cost": 4.27, "Plan Rows": 1, "Plan Width": 4, "Recheck Cond": "(id = mi.info_type_id)", "Filter": "((info)::text = 'genres'::text)", "Plans": [{"Node Type": "Bitmap Index Scan", "Parent Relationship": "Outer", "Index Name": "info_type_pkey", "Startup Cost": 0.0, "Total Cost": 0.26, "Plan Rows": 1, "Plan Width": 0, "Index Cond": "(id = mi.info_type_id)"}]}]}, {"Node Type": "Bitmap Heap Scan", "Parent Relationship": "Inner", "Relation Name": "info_type", "Alias": "it2", "Startup Cost": 0.26, "Total Cost": 4.27, "Plan Rows": 1, "Plan Width": 4, "Recheck Cond": "(id = mi_idx.info_type_id)", "Filter": "((info)::text = 'votes'::text)", "Plans": [{"Node Type": "Bitmap Index Scan", "Parent Relationship": "Outer", "Index Name": "info_type_pkey", "Startup Cost": 0.0, "Total Cost": 0.26, "Plan Rows": 1, "Plan Width": 0, "Index Cond": "(id = mi_idx.info_type_id)"}]}]}, {"Node Type": "Bitmap Heap Scan", "Parent Relationship": "Inner", "Relation Name": "cast_info", "Alias": "ci", "Startup Cost": 0.7, "Total Cost": 4.81, "Plan Rows": 1, "Plan Width": 8, "Recheck Cond": "(movie_id = mi_idx.movie_id)", "Filter": "((note)::text = ANY ('{(writer),\"(head writer)\",\"(written by)\",(story),\"(story editor)\"}'::text[]))", "Plans": [{"Node Type": "Bitmap Index Scan", "Parent Relationship": "Outer", "Index Name": "movie_id_cast_info", "Startup Cost": 0.0, "Total Cost": 0.7, "Plan Rows": 6, "Plan Width": 0, "Index Cond": "(movie_id = mi_idx.movie_id)"}]}]}, {"Node Type": "Bitmap Heap Scan", "Parent Relationship": "Inner", "Relation Name": "name", "Alias": "n", "Startup Cost": 0.31, "Total Cost": 4.32, "Plan Rows": 1, "Plan Width": 4, "Recheck Cond": "(id = ci.person_id)", "Filter": "((gender)::text = 'm'::text)", "Plans": [{"Node Type": "Bitmap Index Scan", "Parent Relationship": "Outer", "Index Name": "name_pkey", "Startup Cost": 0.0, "Total Cost": 0.31, "Plan Rows": 1, "Plan Width": 0, "Index Cond": "(id = ci.person_id)"}]}]}, {"Node Type": "Bitmap Heap Scan", "Parent Relationship": "Inner", "Relation Name": "title", "Alias": "t", "Startup Cost": 0.28, "Total Cost": 4.3, "Plan Rows": 1, "Plan Width": 21, "Recheck Cond": "(id = mi_idx.movie_id)", "Plans": [{"Node Type": "Bitmap Index Scan", "Parent Relationship": "Outer", "Index Name": "title_pkey", "Startup Cost": 0.0, "Total Cost": 0.28, "Plan Rows": 1, "Plan Width": 0, "Index Cond": "(id = mi_idx.movie_id)"}]}]}]}, "Unique SQL Id": 3913857139, "Planner Runtime": 9}, "explain_analyze_plan": null}, "(1, 20)": {"explain_plan": {"Plan": {"Node Type": "Aggregate", "Strategy": "Plain", "Startup Cost": 168594.43, "Total Cost": 168594.44, "Plan Rows": 1, "Plan Width": 160, "Plans": [{"Node Type": "Nested Loop", "Parent Relationship": "Outer", "Join Type": "Inner", "Startup Cost": 4842.14, "Total Cost": 168583.83, "Plan Rows": 1413, "Plan Width": 64, "Inner Unique": true, "Plans": [{"Node Type": "Nested Loop", "Parent Relationship": "Outer", "Join Type": "Inner", "Startup Cost": 4842.14, "Total Cost": 168004.57, "Plan Rows": 1155, "Plan Width": 68, "Inner Unique": false, "Plans": [{"Node Type": "Nested Loop", "Parent Relationship": "Outer", "Join Type": "Inner", "Startup Cost": 4842.14, "Total Cost": 166942.93, "Plan Rows": 1044, "Plan Width": 76, "Inner Unique": true, "Join Filter": "(mi.movie_id = t.id)", "Plans": [{"Node Type": "Nested Loop", "Parent Relationship": "Outer", "Join Type": "Inner", "Startup Cost": 4842.14, "Total Cost": 166514.74, "Plan Rows": 1044, "Plan Width": 55, "Inner Unique": false, "Join Filter": "(mi_idx.info_type_id = it2.id)", "Plans": [{"Node Type": "Seq Scan", "Parent Relationship": "Outer", "Relation Name": "info_type", "Alias": "it2", "Startup Cost": 0.0, "Total Cost": 2.4, "Plan Rows": 1, "Plan Width": 4, "Filter": "((info)::text = 'votes'::text)"}, {"Node Type": "Nested Loop", "Parent Relationship": "Inner", "Join Type": "Inner", "Startup Cost": 4842.14, "Total Cost": 166460.15, "Plan Rows": 4175, "Plan Width": 59, "Inner Unique": false, "Plans": [{"Node Type": "Nested Loop", "Parent Relationship": "Outer", "Join Type": "Inner", "Startup Cost": 4842.14, "Total Cost": 164972.1, "Plan Rows": 2717, "Plan Width": 46, "Inner Unique": false, "Plans": [{"Node Type": "Seq Scan", "Parent Relationship": "Outer", "Relation Name": "info_type", "Alias": "it1", "Startup Cost": 0.0, "Total Cost": 2.4, "Plan Rows": 1, "Plan Width": 4, "Filter": "((info)::text = 'genres'::text)"}, {"Node Type": "Bitmap Heap Scan", "Parent Relationship": "Inner", "Relation Name": "movie_info", "Alias": "mi", "Startup Cost": 4842.14, "Total Cost": 164942.53, "Plan Rows": 2717, "Plan Width": 50, "Recheck Cond": "(info_type_id = it1.id)", "Filter": "((info)::text = ANY ('{Horror,Action,Sci-Fi,Thriller,Crime,War}'::text[]))", "Plans": [{"Node Type": "Bitmap Index Scan", "Parent Relationship": "Outer", "Index Name": "info_type_id_movie_info", "Startup Cost": 0.0, "Total Cost": 4841.46, "Plan Rows": 212428, "Plan Width": 0, "Index Cond": "(info_type_id = it1.id)"}]}]}, {"Node Type": "Index Scan", "Parent Relationship": "Inner", "Scan Direction": "Forward", "Index Name": "movie_id_movie_info_idx", "Relation Name": "movie_info_idx", "Alias": "mi_idx", "Startup Cost": 0.0, "Total Cost": 0.53, "Plan Rows": 2, "Plan Width": 13, "Index Cond": "(movie_id = mi.movie_id)"}]}]}, {"Node Type": "Index Scan", "Parent Relationship": "Inner", "Scan Direction": "Forward", "Index Name": "title_pkey", "Relation Name": "title", "Alias": "t", "Startup Cost": 0.0, "Total Cost": 0.4, "Plan Rows": 1, "Plan Width": 21, "Index Cond": "(id = mi_idx.movie_id)"}]}, {"Node Type": "Index Scan", "Parent Relationship": "Inner", "Scan Direction": "Forward", "Index Name": "movie_id_cast_info", "Relation Name": "cast_info", "Alias": "ci", "Startup Cost": 0.0, "Total Cost": 1.01, "Plan Rows": 1, "Plan Width": 8, "Index Cond": "(movie_id = t.id)", "Filter": "((note)::text = ANY ('{(writer),\"(head writer)\",\"(written by)\",(story),\"(story editor)\"}'::text[]))"}]}, {"Node Type": "Index Scan", "Parent Relationship": "Inner", "Scan Direction": "Forward", "Index Name": "name_pkey", "Relation Name": "name", "Alias": "n", "Startup Cost": 0.0, "Total Cost": 0.49, "Plan Rows": 1, "Plan Width": 4, "Index Cond": "(id = ci.person_id)", "Filter": "((gender)::text = 'm'::text)"}]}]}, "Unique SQL Id": 3913857139, "Planner Runtime": 20}, "explain_analyze_plan": {"Plan": {"Node Type": "Aggregate", "Strategy": "Plain", "Startup Cost": 168594.43, "Total Cost": 168594.44, "Plan Rows": 1, "Plan Width": 160, "Actual Startup Time": 10962.342, "Actual Total Time": 10962.342, "Actual Rows": 1, "Actual Loops": 1, "Plans": [{"Node Type": "Nested Loop", "Parent Relationship": "Outer", "Join Type": "Inner", "Startup Cost": 4842.14, "Total Cost": 168583.83, "Plan Rows": 1413, "Plan Width": 64, "Actual Startup Time": 182.238, "Actual Total Time": 10918.825, "Actual Rows": 28073, "Actual Loops": 1, "Inner Unique": true, "Plans": [{"Node Type": "Nested Loop", "Parent Relationship": "Outer", "Join Type": "Inner", "Startup Cost": 4842.14, "Total Cost": 168004.57, "Plan Rows": 1155, "Plan Width": 68, "Actual Startup Time": 179.995, "Actual Total Time": 10530.664, "Actual Rows": 54155, "Actual Loops": 1, "Inner Unique": false, "Plans": [{"Node Type": "Nested Loop", "Parent Relationship": "Outer", "Join Type": "Inner", "Startup Cost": 4842.14, "Total Cost": 166942.93, "Plan Rows": 1044, "Plan Width": 76, "Actual Startup Time": 177.445, "Actual Total Time": 2626.7, "Actual Rows": 102516, "Actual Loops": 1, "Inner Unique": true, "Join Filter": "(mi.movie_id = t.id)", "Rows Removed by Join Filter": 0, "Plans": [{"Node Type": "Nested Loop", "Parent Relationship": "Outer", "Join Type": "Inner", "Startup Cost": 4842.14, "Total Cost": 166514.74, "Plan Rows": 1044, "Plan Width": 55, "Actual Startup Time": 177.415, "Actual Total Time": 2091.352, "Actual Rows": 102516, "Actual Loops": 1, "Inner Unique": false, "Join Filter": "(mi_idx.info_type_id = it2.id)", "Rows Removed by Join Filter": 205269, "Plans": [{"Node Type": "Seq Scan", "Parent Relationship": "Outer", "Relation Name": "info_type", "Alias": "it2", "Startup Cost": 0.0, "Total Cost": 2.4, "Plan Rows": 1, "Plan Width": 4, "Actual Startup Time": 0.051, "Actual Total Time": 0.06, "Actual Rows": 1, "Actual Loops": 1, "Filter": "((info)::text = 'votes'::text)", "Rows Removed by Filter": 111}, {"Node Type": "Nested Loop", "Parent Relationship": "Inner", "Join Type": "Inner", "Startup Cost": 4842.14, "Total Cost": 166460.15, "Plan Rows": 4175, "Plan Width": 59, "Actual Startup Time": 177.338, "Actual Total Time": 2000.149, "Actual Rows": 307785, "Actual Loops": 1, "Inner Unique": false, "Plans": [{"Node Type": "Nested Loop", "Parent Relationship": "Outer", "Join Type": "Inner", "Startup Cost": 4842.14, "Total Cost": 164972.1, "Plan Rows": 2717, "Plan Width": 46, "Actual Startup Time": 177.302, "Actual Total Time": 1152.01, "Actual Rows": 186594, "Actual Loops": 1, "Inner Unique": false, "Plans": [{"Node Type": "Seq Scan", "Parent Relationship": "Outer", "Relation Name": "info_type", "Alias": "it1", "Startup Cost": 0.0, "Total Cost": 2.4, "Plan Rows": 1, "Plan Width": 4, "Actual Startup Time": 0.022, "Actual Total Time": 0.06, "Actual Rows": 1, "Actual Loops": 1, "Filter": "((info)::text = 'genres'::text)", "Rows Removed by Filter": 111}, {"Node Type": "Bitmap Heap Scan", "Parent Relationship": "Inner", "Relation Name": "movie_info", "Alias": "mi", "Startup Cost": 4842.14, "Total Cost": 164942.53, "Plan Rows": 2717, "Plan Width": 50, "Actual Startup Time": 177.275, "Actual Total Time": 1109.223, "Actual Rows": 186594, "Actual Loops": 1, "Recheck Cond": "(info_type_id = it1.id)", "Rows Removed by Index Recheck": 0, "Filter": "((info)::text = ANY ('{Horror,Action,Sci-Fi,Thriller,Crime,War}'::text[]))", "Rows Removed by Filter": 1347315, "Exact Heap Blocks": 7426, "Lossy Heap Blocks": 7426, "Plans": [{"Node Type": "Bitmap Index Scan", "Parent Relationship": "Outer", "Index Name": "info_type_id_movie_info", "Startup Cost": 0.0, "Total Cost": 4841.46, "Plan Rows": 212428, "Plan Width": 0, "Actual Startup Time": 175.891, "Actual Total Time": 175.891, "Actual Rows": 1533909, "Actual Loops": 1, "Index Cond": "(info_type_id = it1.id)"}]}]}, {"Node Type": "Index Scan", "Parent Relationship": "Inner", "Scan Direction": "Forward", "Index Name": "movie_id_movie_info_idx", "Relation Name": "movie_info_idx", "Alias": "mi_idx", "Startup Cost": 0.0, "Total Cost": 0.53, "Plan Rows": 2, "Plan Width": 13, "Actual Startup Time": 547.884, "Actual Total Time": 667.997, "Actual Rows": 307785, "Actual Loops": 186594, "Index Cond": "(movie_id = mi.movie_id)", "Rows Removed by Index Recheck": 0}]}]}, {"Node Type": "Index Scan", "Parent Relationship": "Inner", "Scan Direction": "Forward", "Index Name": "title_pkey", "Relation Name": "title", "Alias": "t", "Startup Cost": 0.0, "Total Cost": 0.4, "Plan Rows": 1, "Plan Width": 21, "Actual Startup Time": 422.794, "Actual Total Time": 422.794, "Actual Rows": 102516, "Actual Loops": 102516, "Index Cond": "(id = mi_idx.movie_id)", "Rows Removed by Index Recheck": 0}]}, {"Node Type": "Index Scan", "Parent Relationship": "Inner", "Scan Direction": "Forward", "Index Name": "movie_id_cast_info", "Relation Name": "cast_info", "Alias": "ci", "Startup Cost": 0.0, "Total Cost": 1.01, "Plan Rows": 1, "Plan Width": 8, "Actual Startup Time": 6671.429, "Actual Total Time": 7830.07, "Actual Rows": 54155, "Actual Loops": 102516, "Index Cond": "(movie_id = t.id)", "Rows Removed by Index Recheck": 0, "Filter": "((note)::text = ANY ('{(writer),\"(head writer)\",\"(written by)\",(story),\"(story editor)\"}'::text[]))", "Rows Removed by Filter": 3987641}]}, {"Node Type": "Index Scan", "Parent Relationship": "Inner", "Scan Direction": "Forward", "Index Name": "name_pkey", "Relation Name": "name", "Alias": "n", "Startup Cost": 0.0, "Total Cost": 0.49, "Plan Rows": 1, "Plan Width": 4, "Actual Startup Time": 341.049, "Actual Total Time": 341.049, "Actual Rows": 28073, "Actual Loops": 54155, "Index Cond": "(id = ci.person_id)", "Rows Removed by Index Recheck": 0, "Filter": "((gender)::text = 'm'::text)", "Rows Removed by Filter": 26082}]}]}, "Triggers": [], "Planner Runtime": 5, "Total Runtime": 10962.78, "Unique SQL Id": 3913857139}}, "(1, 21)": {"explain_plan": {"Plan": {"Node Type": "Aggregate", "Strategy": "Plain", "Startup Cost": 168618.05, "Total Cost": 168618.06, "Plan Rows": 1, "Plan Width": 160, "Plans": [{"Node Type": "Nested Loop", "Parent Relationship": "Outer", "Join Type": "Inner", "Startup Cost": 4842.14, "Total Cost": 168607.45, "Plan Rows": 1413, "Plan Width": 64, "Inner Unique": true, "Plans": [{"Node Type": "Nested Loop", "Parent Relationship": "Outer", "Join Type": "Inner", "Startup Cost": 4842.14, "Total Cost": 168028.19, "Plan Rows": 1155, "Plan Width": 68, "Inner Unique": false, "Plans": [{"Node Type": "Nested Loop", "Parent Relationship": "Outer", "Join Type": "Inner", "Startup Cost": 4842.14, "Total Cost": 166966.55, "Plan Rows": 1044, "Plan Width": 76, "Inner Unique": true, "Join Filter": "(mi.movie_id = t.id)", "Plans": [{"Node Type": "Nested Loop", "Parent Relationship": "Outer", "Join Type": "Inner", "Startup Cost": 4842.14, "Total Cost": 166538.36, "Plan Rows": 1044, "Plan Width": 55, "Inner Unique": false, "Join Filter": "(mi_idx.info_type_id = it2.id)", "Plans": [{"Node Type": "Index Scan", "Parent Relationship": "Outer", "Scan Direction": "Forward", "Index Name": "info_type_pkey", "Relation Name": "info_type", "Alias": "it2", "Startup Cost": 0.0, "Total Cost": 14.21, "Plan Rows": 1, "Plan Width": 4, "Filter": "((info)::text = 'votes'::text)"}, {"Node Type": "Nested Loop", "Parent Relationship": "Inner", "Join Type": "Inner", "Startup Cost": 4842.14, "Total Cost": 166471.96, "Plan Rows": 4175, "Plan Width": 59, "Inner Unique": false, "Plans": [{"Node Type": "Nested Loop", "Parent Relationship": "Outer", "Join Type": "Inner", "Startup Cost": 4842.14, "Total Cost": 164983.91, "Plan Rows": 2717, "Plan Width": 46, "Inner Unique": false, "Plans": [{"Node Type": "Index Scan", "Parent Relationship": "Outer", "Scan Direction": "Forward", "Index Name": "info_type_pkey", "Relation Name": "info_type", "Alias": "it1", "Startup Cost": 0.0, "Total Cost": 14.21, "Plan Rows": 1, "Plan Width": 4, "Filter": "((info)::text = 'genres'::text)"}, {"Node Type": "Bitmap Heap Scan", "Parent Relationship": "Inner", "Relation Name": "movie_info", "Alias": "mi", "Startup Cost": 4842.14, "Total Cost": 164942.53, "Plan Rows": 2717, "Plan Width": 50, "Recheck Cond": "(info_type_id = it1.id)", "Filter": "((info)::text = ANY ('{Horror,Action,Sci-Fi,Thriller,Crime,War}'::text[]))", "Plans": [{"Node Type": "Bitmap Index Scan", "Parent Relationship": "Outer", "Index Name": "info_type_id_movie_info", "Startup Cost": 0.0, "Total Cost": 4841.46, "Plan Rows": 212428, "Plan Width": 0, "Index Cond": "(info_type_id = it1.id)"}]}]}, {"Node Type": "Index Scan", "Parent Relationship": "Inner", "Scan Direction": "Forward", "Index Name": "movie_id_movie_info_idx", "Relation Name": "movie_info_idx", "Alias": "mi_idx", "Startup Cost": 0.0, "Total Cost": 0.53, "Plan Rows": 2, "Plan Width": 13, "Index Cond": "(movie_id = mi.movie_id)"}]}]}, {"Node Type": "Index Scan", "Parent Relationship": "Inner", "Scan Direction": "Forward", "Index Name": "title_pkey", "Relation Name": "title", "Alias": "t", "Startup Cost": 0.0, "Total Cost": 0.4, "Plan Rows": 1, "Plan Width": 21, "Index Cond": "(id = mi_idx.movie_id)"}]}, {"Node Type": "Index Scan", "Parent Relationship": "Inner", "Scan Direction": "Forward", "Index Name": "movie_id_cast_info", "Relation Name": "cast_info", "Alias": "ci", "Startup Cost": 0.0, "Total Cost": 1.01, "Plan Rows": 1, "Plan Width": 8, "Index Cond": "(movie_id = t.id)", "Filter": "((note)::text = ANY ('{(writer),\"(head writer)\",\"(written by)\",(story),\"(story editor)\"}'::text[]))"}]}, {"Node Type": "Index Scan", "Parent Relationship": "Inner", "Scan Direction": "Forward", "Index Name": "name_pkey", "Relation Name": "name", "Alias": "n", "Startup Cost": 0.0, "Total Cost": 0.49, "Plan Rows": 1, "Plan Width": 4, "Index Cond": "(id = ci.person_id)", "Filter": "((gender)::text = 'm'::text)"}]}]}, "Unique SQL Id": 3913857139, "Planner Runtime": 16}, "explain_analyze_plan": {"Plan": {"Node Type": "Aggregate", "Strategy": "Plain", "Startup Cost": 168618.05, "Total Cost": 168618.06, "Plan Rows": 1, "Plan Width": 160, "Actual Startup Time": 10985.018, "Actual Total Time": 10985.019, "Actual Rows": 1, "Actual Loops": 1, "Plans": [{"Node Type": "Nested Loop", "Parent Relationship": "Outer", "Join Type": "Inner", "Startup Cost": 4842.14, "Total Cost": 168607.45, "Plan Rows": 1413, "Plan Width": 64, "Actual Startup Time": 175.61, "Actual Total Time": 10939.798, "Actual Rows": 28073, "Actual Loops": 1, "Inner Unique": true, "Plans": [{"Node Type": "Nested Loop", "Parent Relationship": "Outer", "Join Type": "Inner", "Startup Cost": 4842.14, "Total Cost": 168028.19, "Plan Rows": 1155, "Plan Width": 68, "Actual Startup Time": 173.738, "Actual Total Time": 10546.49, "Actual Rows": 54155, "Actual Loops": 1, "Inner Unique": false, "Plans": [{"Node Type": "Nested Loop", "Parent Relationship": "Outer", "Join Type": "Inner", "Startup Cost": 4842.14, "Total Cost": 166966.55, "Plan Rows": 1044, "Plan Width": 76, "Actual Startup Time": 171.478, "Actual Total Time": 2622.411, "Actual Rows": 102516, "Actual Loops": 1, "Inner Unique": true, "Join Filter": "(mi.movie_id = t.id)", "Rows Removed by Join Filter": 0, "Plans": [{"Node Type": "Nested Loop", "Parent Relationship": "Outer", "Join Type": "Inner", "Startup Cost": 4842.14, "Total Cost": 166538.36, "Plan Rows": 1044, "Plan Width": 55, "Actual Startup Time": 171.46, "Actual Total Time": 2084.763, "Actual Rows": 102516, "Actual Loops": 1, "Inner Unique": false, "Join Filter": "(mi_idx.info_type_id = it2.id)", "Rows Removed by Join Filter": 205269, "Plans": [{"Node Type": "Index Scan", "Parent Relationship": "Outer", "Scan Direction": "Forward", "Index Name": "info_type_pkey", "Relation Name": "info_type", "Alias": "it2", "Startup Cost": 0.0, "Total Cost": 14.21, "Plan Rows": 1, "Plan Width": 4, "Actual Startup Time": 0.077, "Actual Total Time": 0.096, "Actual Rows": 1, "Actual Loops": 1, "Filter": "((info)::text = 'votes'::text)", "Rows Removed by Filter": 111}, {"Node Type": "Nested Loop", "Parent Relationship": "Inner", "Join Type": "Inner", "Startup Cost": 4842.14, "Total Cost": 166471.96, "Plan Rows": 4175, "Plan Width": 59, "Actual Startup Time": 171.352, "Actual Total Time": 1994.85, "Actual Rows": 307785, "Actual Loops": 1, "Inner Unique": false, "Plans": [{"Node Type": "Nested Loop", "Parent Relationship": "Outer", "Join Type": "Inner", "Startup Cost": 4842.14, "Total Cost": 164983.91, "Plan Rows": 2717, "Plan Width": 46, "Actual Startup Time": 171.315, "Actual Total Time": 1144.549, "Actual Rows": 186594, "Actual Loops": 1, "Inner Unique": false, "Plans": [{"Node Type": "Index Scan", "Parent Relationship": "Outer", "Scan Direction": "Forward", "Index Name": "info_type_pkey", "Relation Name": "info_type", "Alias": "it1", "Startup Cost": 0.0, "Total Cost": 14.21, "Plan Rows": 1, "Plan Width": 4, "Actual Startup Time": 0.009, "Actual Total Time": 0.198, "Actual Rows": 1, "Actual Loops": 1, "Filter": "((info)::text = 'genres'::text)", "Rows Removed by Filter": 111}, {"Node Type": "Bitmap Heap Scan", "Parent Relationship": "Inner", "Relation Name": "movie_info", "Alias": "mi", "Startup Cost": 4842.14, "Total Cost": 164942.53, "Plan Rows": 2717, "Plan Width": 50, "Actual Startup Time": 171.298, "Actual Total Time": 1101.073, "Actual Rows": 186594, "Actual Loops": 1, "Recheck Cond": "(info_type_id = it1.id)", "Rows Removed by Index Recheck": 0, "Filter": "((info)::text = ANY ('{Horror,Action,Sci-Fi,Thriller,Crime,War}'::text[]))", "Rows Removed by Filter": 1347315, "Exact Heap Blocks": 7426, "Lossy Heap Blocks": 7426, "Plans": [{"Node Type": "Bitmap Index Scan", "Parent Relationship": "Outer", "Index Name": "info_type_id_movie_info", "Startup Cost": 0.0, "Total Cost": 4841.46, "Plan Rows": 212428, "Plan Width": 0, "Actual Startup Time": 169.856, "Actual Total Time": 169.856, "Actual Rows": 1533909, "Actual Loops": 1, "Index Cond": "(info_type_id = it1.id)"}]}]}, {"Node Type": "Index Scan", "Parent Relationship": "Inner", "Scan Direction": "Forward", "Index Name": "movie_id_movie_info_idx", "Relation Name": "movie_info_idx", "Alias": "mi_idx", "Startup Cost": 0.0, "Total Cost": 0.53, "Plan Rows": 2, "Plan Width": 13, "Actual Startup Time": 553.72, "Actual Total Time": 672.151, "Actual Rows": 307785, "Actual Loops": 186594, "Index Cond": "(movie_id = mi.movie_id)", "Rows Removed by Index Recheck": 0}]}]}, {"Node Type": "Index Scan", "Parent Relationship": "Inner", "Scan Direction": "Forward", "Index Name": "title_pkey", "Relation Name": "title", "Alias": "t", "Startup Cost": 0.0, "Total Cost": 0.4, "Plan Rows": 1, "Plan Width": 21, "Actual Startup Time": 423.919, "Actual Total Time": 423.919, "Actual Rows": 102516, "Actual Loops": 102516, "Index Cond": "(id = mi_idx.movie_id)", "Rows Removed by Index Recheck": 0}]}, {"Node Type": "Index Scan", "Parent Relationship": "Inner", "Scan Direction": "Forward", "Index Name": "movie_id_cast_info", "Relation Name": "cast_info", "Alias": "ci", "Startup Cost": 0.0, "Total Cost": 1.01, "Plan Rows": 1, "Plan Width": 8, "Actual Startup Time": 6693.235, "Actual Total Time": 7850.651, "Actual Rows": 54155, "Actual Loops": 102516, "Index Cond": "(movie_id = t.id)", "Rows Removed by Index Recheck": 0, "Filter": "((note)::text = ANY ('{(writer),\"(head writer)\",\"(written by)\",(story),\"(story editor)\"}'::text[]))", "Rows Removed by Filter": 3987641}]}, {"Node Type": "Index Scan", "Parent Relationship": "Inner", "Scan Direction": "Forward", "Index Name": "name_pkey", "Relation Name": "name", "Alias": "n", "Startup Cost": 0.0, "Total Cost": 0.49, "Plan Rows": 1, "Plan Width": 4, "Actual Startup Time": 345.095, "Actual Total Time": 345.095, "Actual Rows": 28073, "Actual Loops": 54155, "Index Cond": "(id = ci.person_id)", "Rows Removed by Index Recheck": 0, "Filter": "((gender)::text = 'm'::text)", "Rows Removed by Filter": 26082}]}]}, "Triggers": [], "Planner Runtime": 4, "Total Runtime": 10985.503, "Unique SQL Id": 3913857139}}, "(1, 22)": {"explain_plan": {"Plan": {"Node Type": "Aggregate", "Strategy": "Plain", "Startup Cost": 191372.0, "Total Cost": 191372.01, "Plan Rows": 1, "Plan Width": 160, "Plans": [{"Node Type": "Nested Loop", "Parent Relationship": "Outer", "Join Type": "Inner", "Startup Cost": 4843.62, "Total Cost": 191361.4, "Plan Rows": 1413, "Plan Width": 64, "Inner Unique": true, "Plans": [{"Node Type": "Nested Loop", "Parent Relationship": "Outer", "Join Type": "Inner", "Startup Cost": 4843.31, "Total Cost": 186355.98, "Plan Rows": 1155, "Plan Width": 68, "Inner Unique": false, "Plans": [{"Node Type": "Nested Loop", "Parent Relationship": "Outer", "Join Type": "Inner", "Startup Cost": 4842.79, "Total Cost": 181513.31, "Plan Rows": 1044, "Plan Width": 76, "Inner Unique": true, "Join Filter": "(mi.movie_id = t.id)", "Plans": [{"Node Type": "Nested Loop", "Parent Relationship": "Outer", "Join Type": "Inner", "Startup Cost": 4842.51, "Total Cost": 177014.12, "Plan Rows": 1044, "Plan Width": 55, "Inner Unique": false, "Join Filter": "(mi_idx.info_type_id = it2.id)", "Plans": [{"Node Type": "Seq Scan", "Parent Relationship": "Outer", "Relation Name": "info_type", "Alias": "it2", "Startup Cost": 0.0, "Total Cost": 2.4, "Plan Rows": 1, "Plan Width": 4, "Filter": "((info)::text = 'votes'::text)"}, {"Node Type": "Nested Loop", "Parent Relationship": "Inner", "Join Type": "Inner", "Startup Cost": 4842.51, "Total Cost": 176959.53, "Plan Rows": 4175, "Plan Width": 59, "Inner Unique": false, "Plans": [{"Node Type": "Nested Loop", "Parent Relationship": "Outer", "Join Type": "Inner", "Startup Cost": 4842.14, "Total Cost": 164972.1, "Plan Rows": 2717, "Plan Width": 46, "Inner Unique": false, "Plans": [{"Node Type": "Seq Scan", "Parent Relationship": "Outer", "Relation Name": "info_type", "Alias": "it1", "Startup Cost": 0.0, "Total Cost": 2.4, "Plan Rows": 1, "Plan Width": 4, "Filter": "((info)::text = 'genres'::text)"}, {"Node Type": "Bitmap Heap Scan", "Parent Relationship": "Inner", "Relation Name": "movie_info", "Alias": "mi", "Startup Cost": 4842.14, "Total Cost": 164942.53, "Plan Rows": 2717, "Plan Width": 50, "Recheck Cond": "(info_type_id = it1.id)", "Filter": "((info)::text = ANY ('{Horror,Action,Sci-Fi,Thriller,Crime,War}'::text[]))", "Plans": [{"Node Type": "Bitmap Index Scan", "Parent Relationship": "Outer", "Index Name": "info_type_id_movie_info", "Startup Cost": 0.0, "Total Cost": 4841.46, "Plan Rows": 212428, "Plan Width": 0, "Index Cond": "(info_type_id = it1.id)"}]}]}, {"Node Type": "Bitmap Heap Scan", "Parent Relationship": "Inner", "Relation Name": "movie_info_idx", "Alias": "mi_idx", "Startup Cost": 0.37, "Total Cost": 4.39, "Plan Rows": 2, "Plan Width": 13, "Recheck Cond": "(movie_id = mi.movie_id)", "Plans": [{"Node Type": "Bitmap Index Scan", "Parent Relationship": "Outer", "Index Name": "movie_id_movie_info_idx", "Startup Cost": 0.0, "Total Cost": 0.37, "Plan Rows": 2, "Plan Width": 0, "Index Cond": "(movie_id = mi.movie_id)"}]}]}]}, {"Node Type": "Bitmap Heap Scan", "Parent Relationship": "Inner", "Relation Name": "title", "Alias": "t", "Startup Cost": 0.28, "Total Cost": 4.3, "Plan Rows": 1, "Plan Width": 21, "Recheck Cond": "(id = mi_idx.movie_id)", "Plans": [{"Node Type": "Bitmap Index Scan", "Parent Relationship": "Outer", "Index Name": "title_pkey", "Startup Cost": 0.0, "Total Cost": 0.28, "Plan Rows": 1, "Plan Width": 0, "Index Cond": "(id = mi_idx.movie_id)"}]}]}, {"Node Type": "Bitmap Heap Scan", "Parent Relationship": "Inner", "Relation Name": "cast_info", "Alias": "ci", "Startup Cost": 0.52, "Total Cost": 4.63, "Plan Rows": 1, "Plan Width": 8, "Recheck Cond": "(movie_id = t.id)", "Filter": "((note)::text = ANY ('{(writer),\"(head writer)\",\"(written by)\",(story),\"(story editor)\"}'::text[]))", "Plans": [{"Node Type": "Bitmap Index Scan", "Parent Relationship": "Outer", "Index Name": "movie_id_cast_info", "Startup Cost": 0.0, "Total Cost": 0.52, "Plan Rows": 6, "Plan Width": 0, "Index Cond": "(movie_id = t.id)"}]}]}, {"Node Type": "Bitmap Heap Scan", "Parent Relationship": "Inner", "Relation Name": "name", "Alias": "n", "Startup Cost": 0.31, "Total Cost": 4.32, "Plan Rows": 1, "Plan Width": 4, "Recheck Cond": "(id = ci.person_id)", "Filter": "((gender)::text = 'm'::text)", "Plans": [{"Node Type": "Bitmap Index Scan", "Parent Relationship": "Outer", "Index Name": "name_pkey", "Startup Cost": 0.0, "Total Cost": 0.31, "Plan Rows": 1, "Plan Width": 0, "Index Cond": "(id = ci.person_id)"}]}]}]}, "Unique SQL Id": 3913857139, "Planner Runtime": 23}, "explain_analyze_plan": {"Plan": {"Node Type": "Aggregate", "Strategy": "Plain", "Startup Cost": 191372.0, "Total Cost": 191372.01, "Plan Rows": 1, "Plan Width": 160, "Actual Startup Time": 13418.046, "Actual Total Time": 13418.047, "Actual Rows": 1, "Actual Loops": 1, "Plans": [{"Node Type": "Nested Loop", "Parent Relationship": "Outer", "Join Type": "Inner", "Startup Cost": 4843.62, "Total Cost": 191361.4, "Plan Rows": 1413, "Plan Width": 64, "Actual Startup Time": 188.301, "Actual Total Time": 13363.107, "Actual Rows": 28073, "Actual Loops": 1, "Inner Unique": true, "Plans": [{"Node Type": "Nested Loop", "Parent Relationship": "Outer", "Join Type": "Inner", "Startup Cost": 4843.31, "Total Cost": 186355.98, "Plan Rows": 1155, "Plan Width": 68, "Actual Startup Time": 185.613, "Actual Total Time": 12857.373, "Actual Rows": 54155, "Actual Loops": 1, "Inner Unique": false, "Plans": [{"Node Type": "Nested Loop", "Parent Relationship": "Outer", "Join Type": "Inner", "Startup Cost": 4842.79, "Total Cost": 181513.31, "Plan Rows": 1044, "Plan Width": 76, "Actual Startup Time": 182.526, "Actual Total Time": 3121.597, "Actual Rows": 102516, "Actual Loops": 1, "Inner Unique": true, "Join Filter": "(mi.movie_id = t.id)", "Rows Removed by Join Filter": 0, "Plans": [{"Node Type": "Nested Loop", "Parent Relationship": "Outer", "Join Type": "Inner", "Startup Cost": 4842.51, "Total Cost": 177014.12, "Plan Rows": 1044, "Plan Width": 55, "Actual Startup Time": 182.486, "Actual Total Time": 2391.44, "Actual Rows": 102516, "Actual Loops": 1, "Inner Unique": false, "Join Filter": "(mi_idx.info_type_id = it2.id)", "Rows Removed by Join Filter": 205269, "Plans": [{"Node Type": "Seq Scan", "Parent Relationship": "Outer", "Relation Name": "info_type", "Alias": "it2", "Startup Cost": 0.0, "Total Cost": 2.4, "Plan Rows": 1, "Plan Width": 4, "Actual Startup Time": 0.064, "Actual Total Time": 0.077, "Actual Rows": 1, "Actual Loops": 1, "Filter": "((info)::text = 'votes'::text)", "Rows Removed by Filter": 111}, {"Node Type": "Nested Loop", "Parent Relationship": "Inner", "Join Type": "Inner", "Startup Cost": 4842.51, "Total Cost": 176959.53, "Plan Rows": 4175, "Plan Width": 59, "Actual Startup Time": 182.405, "Actual Total Time": 2293.019, "Actual Rows": 307785, "Actual Loops": 1, "Inner Unique": false, "Plans": [{"Node Type": "Nested Loop", "Parent Relationship": "Outer", "Join Type": "Inner", "Startup Cost": 4842.14, "Total Cost": 164972.1, "Plan Rows": 2717, "Plan Width": 46, "Actual Startup Time": 182.357, "Actual Total Time": 1158.606, "Actual Rows": 186594, "Actual Loops": 1, "Inner Unique": false, "Plans": [{"Node Type": "Seq Scan", "Parent Relationship": "Outer", "Relation Name": "info_type", "Alias": "it1", "Startup Cost": 0.0, "Total Cost": 2.4, "Plan Rows": 1, "Plan Width": 4, "Actual Startup Time": 0.038, "Actual Total Time": 0.179, "Actual Rows": 1, "Actual Loops": 1, "Filter": "((info)::text = 'genres'::text)", "Rows Removed by Filter": 111}, {"Node Type": "Bitmap Heap Scan", "Parent Relationship": "Inner", "Relation Name": "movie_info", "Alias": "mi", "Startup Cost": 4842.14, "Total Cost": 164942.53, "Plan Rows": 2717, "Plan Width": 50, "Actual Startup Time": 182.315, "Actual Total Time": 1115.988, "Actual Rows": 186594, "Actual Loops": 1, "Recheck Cond": "(info_type_id = it1.id)", "Rows Removed by Index Recheck": 0, "Filter": "((info)::text = ANY ('{Horror,Action,Sci-Fi,Thriller,Crime,War}'::text[]))", "Rows Removed by Filter": 1347315, "Exact Heap Blocks": 7426, "Lossy Heap Blocks": 7426, "Plans": [{"Node Type": "Bitmap Index Scan", "Parent Relationship": "Outer", "Index Name": "info_type_id_movie_info", "Startup Cost": 0.0, "Total Cost": 4841.46, "Plan Rows": 212428, "Plan Width": 0, "Actual Startup Time": 180.863, "Actual Total Time": 180.863, "Actual Rows": 1533909, "Actual Loops": 1, "Index Cond": "(info_type_id = it1.id)"}]}]}, {"Node Type": "Bitmap Heap Scan", "Parent Relationship": "Inner", "Relation Name": "movie_info_idx", "Alias": "mi_idx", "Startup Cost": 0.37, "Total Cost": 4.39, "Plan Rows": 2, "Plan Width": 13, "Actual Startup Time": 772.261, "Actual Total Time": 819.101, "Actual Rows": 307785, "Actual Loops": 186594, "Recheck Cond": "(movie_id = mi.movie_id)", "Rows Removed by Index Recheck": 0, "Exact Heap Blocks": 103610, "Lossy Heap Blocks": 103610, "Plans": [{"Node Type": "Bitmap Index Scan", "Parent Relationship": "Outer", "Index Name": "movie_id_movie_info_idx", "Startup Cost": 0.0, "Total Cost": 0.37, "Plan Rows": 2, "Plan Width": 0, "Actual Startup Time": 528.073, "Actual Total Time": 528.073, "Actual Rows": 307785, "Actual Loops": 186594, "Index Cond": "(movie_id = mi.movie_id)"}]}]}]}, {"Node Type": "Bitmap Heap Scan", "Parent Relationship": "Inner", "Relation Name": "title", "Alias": "t", "Startup Cost": 0.28, "Total Cost": 4.3, "Plan Rows": 1, "Plan Width": 21, "Actual Startup Time": 549.517, "Actual Total Time": 549.517, "Actual Rows": 102516, "Actual Loops": 102516, "Recheck Cond": "(id = mi_idx.movie_id)", "Rows Removed by Index Recheck": 0, "Exact Heap Blocks": 102516, "Lossy Heap Blocks": 102516, "Plans": [{"Node Type": "Bitmap Index Scan", "Parent Relationship": "Outer", "Index Name": "title_pkey", "Startup Cost": 0.0, "Total Cost": 0.28, "Plan Rows": 1, "Plan Width": 0, "Actual Startup Time": 300.228, "Actual Total Time": 300.228, "Actual Rows": 102516, "Actual Loops": 102516, "Index Cond": "(id = mi_idx.movie_id)"}]}]}, {"Node Type": "Bitmap Heap Scan", "Parent Relationship": "Inner", "Relation Name": "cast_info", "Alias": "ci", "Startup Cost": 0.52, "Total Cost": 4.63, "Plan Rows": 1, "Plan Width": 8, "Actual Startup Time": 8278.947, "Actual Total Time": 9561.679, "Actual Rows": 54155, "Actual Loops": 102516, "Recheck Cond": "(movie_id = t.id)", "Rows Removed by Index Recheck": 0, "Filter": "((note)::text = ANY ('{(writer),\"(head writer)\",\"(written by)\",(story),\"(story editor)\"}'::text[]))", "Rows Removed by Filter": 3987641, "Exact Heap Blocks": 3901088, "Lossy Heap Blocks": 3901088, "Plans": [{"Node Type": "Bitmap Index Scan", "Parent Relationship": "Outer", "Index Name": "movie_id_cast_info", "Startup Cost": 0.0, "Total Cost": 0.52, "Plan Rows": 6, "Plan Width": 0, "Actual Startup Time": 1062.241, "Actual Total Time": 1062.241, "Actual Rows": 4041796, "Actual Loops": 102516, "Index Cond": "(movie_id = t.id)"}]}]}, {"Node Type": "Bitmap Heap Scan", "Parent Relationship": "Inner", "Relation Name": "name", "Alias": "n", "Startup Cost": 0.31, "Total Cost": 4.32, "Plan Rows": 1, "Plan Width": 4, "Actual Startup Time": 412.128, "Actual Total Time": 412.128, "Actual Rows": 28073, "Actual Loops": 54155, "Recheck Cond": "(id = ci.person_id)", "Rows Removed by Index Recheck": 0, "Filter": "((gender)::text = 'm'::text)", "Rows Removed by Filter": 26082, "Exact Heap Blocks": 54155, "Lossy Heap Blocks": 54155, "Plans": [{"Node Type": "Bitmap Index Scan", "Parent Relationship": "Outer", "Index Name": "name_pkey", "Startup Cost": 0.0, "Total Cost": 0.31, "Plan Rows": 1, "Plan Width": 0, "Actual Startup Time": 260.254, "Actual Total Time": 260.254, "Actual Rows": 54155, "Actual Loops": 54155, "Index Cond": "(id = ci.person_id)"}]}]}]}, "Triggers": [], "Planner Runtime": 6, "Total Runtime": 13418.547, "Unique SQL Id": 3913857139}}, "(1, 23)": {"explain_plan": {"Plan": {"Node Type": "Aggregate", "Strategy": "Plain", "Startup Cost": 1000012232006.38, "Total Cost": 1000012232006.39, "Plan Rows": 1, "Plan Width": 160, "Plans": [{"Node Type": "Nested Loop", "Parent Relationship": "Outer", "Join Type": "Inner", "Startup Cost": 10000000002.26, "Total Cost": 1000012231995.78, "Plan Rows": 1413, "Plan Width": 64, "Inner Unique": true, "Join Filter": "(mi.movie_id = t.id)", "Plans": [{"Node Type": "Nested Loop", "Parent Relationship": "Outer", "Join Type": "Inner", "Startup Cost": 10000000001.98, "Total Cost": 1000012225906.36, "Plan Rows": 1413, "Plan Width": 59, "Inner Unique": true, "Plans": [{"Node Type": "Nested Loop", "Parent Relationship": "Outer", "Join Type": "Inner", "Startup Cost": 10000000001.67, "Total Cost": 1000012220900.93, "Plan Rows": 1155, "Plan Width": 63, "Inner Unique": false, "Join Filter": "(mi.movie_id = ci.movie_id)", "Plans": [{"Node Type": "Nested Loop", "Parent Relationship": "Outer", "Join Type": "Inner", "Startup Cost": 10000000000.97, "Total Cost": 1000012215863.83, "Plan Rows": 1044, "Plan Width": 55, "Inner Unique": true, "Plans": [{"Node Type": "Nested Loop", "Parent Relationship": "Outer", "Join Type": "Inner", "Startup Cost": 10000000000.71, "Total Cost": 1000012197983.33, "Plan Rows": 4175, "Plan Width": 59, "Inner Unique": true, "Plans": [{"Node Type": "Nested Loop", "Parent Relationship": "Outer", "Join Type": "Inner", "Startup Cost": 10000000000.45, "Total Cost": 1000010946375.89, "Plan Rows": 292241, "Plan Width": 63, "Inner Unique": false, "Plans": [{"Node Type": "Index Scan", "Parent Relationship": "Outer", "Scan Direction": "Forward", "Index Name": "movie_id_movie_info_idx", "Relation Name": "movie_info_idx", "Alias": "mi_idx", "Startup Cost": 10000000000.0, "Total Cost": 1000004650035.37, "Plan Rows": 1380034, "Plan Width": 13}, {"Node Type": "Bitmap Heap Scan", "Parent Relationship": "Inner", "Relation Name": "movie_info", "Alias": "mi", "Startup Cost": 0.45, "Total Cost": 4.55, "Plan Rows": 1, "Plan Width": 50, "Recheck Cond": "(movie_id = mi_idx.movie_id)", "Filter": "((info)::text = ANY ('{Horror,Action,Sci-Fi,Thriller,Crime,War}'::text[]))", "Plans": [{"Node Type": "Bitmap Index Scan", "Parent Relationship": "Outer", "Index Name": "movie_id_movie_info", "Startup Cost": 0.0, "Total Cost": 0.45, "Plan Rows": 5, "Plan Width": 0, "Index Cond": "(movie_id = mi_idx.movie_id)"}]}]}, {"Node Type": "Bitmap Heap Scan", "Parent Relationship": "Inner", "Relation Name": "info_type", "Alias": "it1", "Startup Cost": 0.26, "Total Cost": 4.27, "Plan Rows": 1, "Plan Width": 4, "Recheck Cond": "(id = mi.info_type_id)", "Filter": "((info)::text = 'genres'::text)", "Plans": [{"Node Type": "Bitmap Index Scan", "Parent Relationship": "Outer", "Index Name": "info_type_pkey", "Startup Cost": 0.0, "Total Cost": 0.26, "Plan Rows": 1, "Plan Width": 0, "Index Cond": "(id = mi.info_type_id)"}]}]}, {"Node Type": "Bitmap Heap Scan", "Parent Relationship": "Inner", "Relation Name": "info_type", "Alias": "it2", "Startup Cost": 0.26, "Total Cost": 4.27, "Plan Rows": 1, "Plan Width": 4, "Recheck Cond": "(id = mi_idx.info_type_id)", "Filter": "((info)::text = 'votes'::text)", "Plans": [{"Node Type": "Bitmap Index Scan", "Parent Relationship": "Outer", "Index Name": "info_type_pkey", "Startup Cost": 0.0, "Total Cost": 0.26, "Plan Rows": 1, "Plan Width": 0, "Index Cond": "(id = mi_idx.info_type_id)"}]}]}, {"Node Type": "Bitmap Heap Scan", "Parent Relationship": "Inner", "Relation Name": "cast_info", "Alias": "ci", "Startup Cost": 0.7, "Total Cost": 4.81, "Plan Rows": 1, "Plan Width": 8, "Recheck Cond": "(movie_id = mi_idx.movie_id)", "Filter": "((note)::text = ANY ('{(writer),\"(head writer)\",\"(written by)\",(story),\"(story editor)\"}'::text[]))", "Plans": [{"Node Type": "Bitmap Index Scan", "Parent Relationship": "Outer", "Index Name": "movie_id_cast_info", "Startup Cost": 0.0, "Total Cost": 0.7, "Plan Rows": 6, "Plan Width": 0, "Index Cond": "(movie_id = mi_idx.movie_id)"}]}]}, {"Node Type": "Bitmap Heap Scan", "Parent Relationship": "Inner", "Relation Name": "name", "Alias": "n", "Startup Cost": 0.31, "Total Cost": 4.32, "Plan Rows": 1, "Plan Width": 4, "Recheck Cond": "(id = ci.person_id)", "Filter": "((gender)::text = 'm'::text)", "Plans": [{"Node Type": "Bitmap Index Scan", "Parent Relationship": "Outer", "Index Name": "name_pkey", "Startup Cost": 0.0, "Total Cost": 0.31, "Plan Rows": 1, "Plan Width": 0, "Index Cond": "(id = ci.person_id)"}]}]}, {"Node Type": "Bitmap Heap Scan", "Parent Relationship": "Inner", "Relation Name": "title", "Alias": "t", "Startup Cost": 0.28, "Total Cost": 4.3, "Plan Rows": 1, "Plan Width": 21, "Recheck Cond": "(id = mi_idx.movie_id)", "Plans": [{"Node Type": "Bitmap Index Scan", "Parent Relationship": "Outer", "Index Name": "title_pkey", "Startup Cost": 0.0, "Total Cost": 0.28, "Plan Rows": 1, "Plan Width": 0, "Index Cond": "(id = mi_idx.movie_id)"}]}]}]}, "Unique SQL Id": 3913857139, "Planner Runtime": 9}, "explain_analyze_plan": null}, "(1, 24)": {"explain_plan": {"Plan": {"Node Type": "Aggregate", "Strategy": "Plain", "Startup Cost": 384724.5, "Total Cost": 384724.51, "Plan Rows": 1, "Plan Width": 160, "Plans": [{"Node Type": "Nested Loop", "Parent Relationship": "Outer", "Join Type": "Inner", "Startup Cost": 0.0, "Total Cost": 384713.9, "Plan Rows": 1413, "Plan Width": 64, "Inner Unique": true, "Plans": [{"Node Type": "Nested Loop", "Parent Relationship": "Outer", "Join Type": "Inner", "Startup Cost": 0.0, "Total Cost": 384134.63, "Plan Rows": 1155, "Plan Width": 68, "Inner Unique": false, "Plans": [{"Node Type": "Nested Loop", "Parent Relationship": "Outer", "Join Type": "Inner", "Startup Cost": 0.0, "Total Cost": 383073.0, "Plan Rows": 1044, "Plan Width": 76, "Inner Unique": true, "Join Filter": "(mi.movie_id = t.id)", "Plans": [{"Node Type": "Nested Loop", "Parent Relationship": "Outer", "Join Type": "Inner", "Startup Cost": 0.0, "Total Cost": 382644.81, "Plan Rows": 1044, "Plan Width": 55, "Inner Unique": false, "Join Filter": "(mi.info_type_id = it1.id)", "Plans": [{"Node Type": "Seq Scan", "Parent Relationship": "Outer", "Relation Name": "info_type", "Alias": "it1", "Startup Cost": 0.0, "Total Cost": 2.4, "Plan Rows": 1, "Plan Width": 4, "Filter": "((info)::text = 'genres'::text)"}, {"Node Type": "Nested Loop", "Parent Relationship": "Inner", "Join Type": "Inner", "Startup Cost": 0.0, "Total Cost": 379779.55, "Plan Rows": 229029, "Plan Width": 59, "Inner Unique": false, "Plans": [{"Node Type": "Nested Loop", "Parent Relationship": "Outer", "Join Type": "Inner", "Startup Cost": 0.0, "Total Cost": 37527.17, "Plan Rows": 345008, "Plan Width": 9, "Inner Unique": false, "Join Filter": "(it2.id = mi_idx.info_type_id), (LLVM Optimized)", "Plans": [{"Node Type": "Seq Scan", "Parent Relationship": "Outer", "Relation Name": "info_type", "Alias": "it2", "Startup Cost": 0.0, "Total Cost": 2.4, "Plan Rows": 1, "Plan Width": 4, "Filter": "((info)::text = 'votes'::text)"}, {"Node Type": "Seq Scan", "Parent Relationship": "Inner", "Relation Name": "movie_info_idx", "Alias": "mi_idx", "Startup Cost": 0.0, "Total Cost": 20274.34, "Plan Rows": 1380034, "Plan Width": 13}]}, {"Node Type": "Index Scan", "Parent Relationship": "Inner", "Scan Direction": "Forward", "Index Name": "movie_id_movie_info", "Relation Name": "movie_info", "Alias": "mi", "Startup Cost": 0.0, "Total Cost": 0.98, "Plan Rows": 1, "Plan Width": 50, "Index Cond": "(movie_id = mi_idx.movie_id)", "Filter": "((info)::text = ANY ('{Horror,Action,Sci-Fi,Thriller,Crime,War}'::text[]))"}]}]}, {"Node Type": "Index Scan", "Parent Relationship": "Inner", "Scan Direction": "Forward", "Index Name": "title_pkey", "Relation Name": "title", "Alias": "t", "Startup Cost": 0.0, "Total Cost": 0.4, "Plan Rows": 1, "Plan Width": 21, "Index Cond": "(id = mi_idx.movie_id)"}]}, {"Node Type": "Index Scan", "Parent Relationship": "Inner", "Scan Direction": "Forward", "Index Name": "movie_id_cast_info", "Relation Name": "cast_info", "Alias": "ci", "Startup Cost": 0.0, "Total Cost": 1.01, "Plan Rows": 1, "Plan Width": 8, "Index Cond": "(movie_id = t.id)", "Filter": "((note)::text = ANY ('{(writer),\"(head writer)\",\"(written by)\",(story),\"(story editor)\"}'::text[]))"}]}, {"Node Type": "Index Scan", "Parent Relationship": "Inner", "Scan Direction": "Forward", "Index Name": "name_pkey", "Relation Name": "name", "Alias": "n", "Startup Cost": 0.0, "Total Cost": 0.49, "Plan Rows": 1, "Plan Width": 4, "Index Cond": "(id = ci.person_id)", "Filter": "((gender)::text = 'm'::text)"}]}]}, "Unique SQL Id": 3913857139, "Planner Runtime": 19}, "explain_analyze_plan": {"Plan": {"Node Type": "Aggregate", "Strategy": "Plain", "Startup Cost": 384724.5, "Total Cost": 384724.51, "Plan Rows": 1, "Plan Width": 160, "Actual Startup Time": 19134.754, "Actual Total Time": 19134.754, "Actual Rows": 1, "Actual Loops": 1, "Plans": [{"Node Type": "Nested Loop", "Parent Relationship": "Outer", "Join Type": "Inner", "Startup Cost": 0.0, "Total Cost": 384713.9, "Plan Rows": 1413, "Plan Width": 64, "Actual Startup Time": 30.26, "Actual Total Time": 19092.099, "Actual Rows": 28073, "Actual Loops": 1, "Inner Unique": true, "Plans": [{"Node Type": "Nested Loop", "Parent Relationship": "Outer", "Join Type": "Inner", "Startup Cost": 0.0, "Total Cost": 384134.63, "Plan Rows": 1155, "Plan Width": 68, "Actual Startup Time": 15.106, "Actual Total Time": 18688.382, "Actual Rows": 54155, "Actual Loops": 1, "Inner Unique": false, "Plans": [{"Node Type": "Nested Loop", "Parent Relationship": "Outer", "Join Type": "Inner", "Startup Cost": 0.0, "Total Cost": 383073.0, "Plan Rows": 1044, "Plan Width": 76, "Actual Startup Time": 0.873, "Actual Total Time": 10250.203, "Actual Rows": 102516, "Actual Loops": 1, "Inner Unique": true, "Join Filter": "(mi.movie_id = t.id)", "Rows Removed by Join Filter": 0, "Plans": [{"Node Type": "Nested Loop", "Parent Relationship": "Outer", "Join Type": "Inner", "Startup Cost": 0.0, "Total Cost": 382644.81, "Plan Rows": 1044, "Plan Width": 55, "Actual Startup Time": 0.857, "Actual Total Time": 9696.352, "Actual Rows": 102516, "Actual Loops": 1, "Inner Unique": false, "Join Filter": "(mi.info_type_id = it1.id)", "Rows Removed by Join Filter": 2376, "Plans": [{"Node Type": "Seq Scan", "Parent Relationship": "Outer", "Relation Name": "info_type", "Alias": "it1", "Startup Cost": 0.0, "Total Cost": 2.4, "Plan Rows": 1, "Plan Width": 4, "Actual Startup Time": 0.034, "Actual Total Time": 0.063, "Actual Rows": 1, "Actual Loops": 1, "Filter": "((info)::text = 'genres'::text)", "Rows Removed by Filter": 111}, {"Node Type": "Nested Loop", "Parent Relationship": "Inner", "Join Type": "Inner", "Startup Cost": 0.0, "Total Cost": 379779.55, "Plan Rows": 229029, "Plan Width": 59, "Actual Startup Time": 0.815, "Actual Total Time": 9651.833, "Actual Rows": 104892, "Actual Loops": 1, "Inner Unique": false, "Plans": [{"Node Type": "Nested Loop", "Parent Relationship": "Outer", "Join Type": "Inner", "Startup Cost": 0.0, "Total Cost": 37527.17, "Plan Rows": 345008, "Plan Width": 9, "Actual Startup Time": 0.078, "Actual Total Time": 692.748, "Actual Rows": 459925, "Actual Loops": 1, "Inner Unique": false, "Join Filter": "(it2.id = mi_idx.info_type_id), (LLVM Optimized, Jit Execute)", "Rows Removed by Join Filter": 920109, "Plans": [{"Node Type": "Seq Scan", "Parent Relationship": "Outer", "Relation Name": "info_type", "Alias": "it2", "Startup Cost": 0.0, "Total Cost": 2.4, "Plan Rows": 1, "Plan Width": 4, "Actual Startup Time": 0.042, "Actual Total Time": 0.054, "Actual Rows": 1, "Actual Loops": 1, "Filter": "((info)::text = 'votes'::text)", "Rows Removed by Filter": 111}, {"Node Type": "Seq Scan", "Parent Relationship": "Inner", "Relation Name": "movie_info_idx", "Alias": "mi_idx", "Startup Cost": 0.0, "Total Cost": 20274.34, "Plan Rows": 1380034, "Plan Width": 13, "Actual Startup Time": 0.031, "Actual Total Time": 333.525, "Actual Rows": 1380034, "Actual Loops": 1}]}, {"Node Type": "Index Scan", "Parent Relationship": "Inner", "Scan Direction": "Forward", "Index Name": "movie_id_movie_info", "Relation Name": "movie_info", "Alias": "mi", "Startup Cost": 0.0, "Total Cost": 0.98, "Plan Rows": 1, "Plan Width": 50, "Actual Startup Time": 8525.772, "Actual Total Time": 8684.956, "Actual Rows": 104892, "Actual Loops": 459925, "Index Cond": "(movie_id = mi_idx.movie_id)", "Rows Removed by Index Recheck": 0, "Filter": "((info)::text = ANY ('{Horror,Action,Sci-Fi,Thriller,Crime,War}'::text[]))", "Rows Removed by Filter": 6825442}]}]}, {"Node Type": "Index Scan", "Parent Relationship": "Inner", "Scan Direction": "Forward", "Index Name": "title_pkey", "Relation Name": "title", "Alias": "t", "Startup Cost": 0.0, "Total Cost": 0.4, "Plan Rows": 1, "Plan Width": 21, "Actual Startup Time": 442.617, "Actual Total Time": 442.617, "Actual Rows": 102516, "Actual Loops": 102516, "Index Cond": "(id = mi_idx.movie_id)", "Rows Removed by Index Recheck": 0}]}, {"Node Type": "Index Scan", "Parent Relationship": "Inner", "Scan Direction": "Forward", "Index Name": "movie_id_cast_info", "Relation Name": "cast_info", "Alias": "ci", "Startup Cost": 0.0, "Total Cost": 1.01, "Plan Rows": 1, "Plan Width": 8, "Actual Startup Time": 7136.35, "Actual Total Time": 8367.267, "Actual Rows": 54155, "Actual Loops": 102516, "Index Cond": "(movie_id = t.id)", "Rows Removed by Index Recheck": 0, "Filter": "((note)::text = ANY ('{(writer),\"(head writer)\",\"(written by)\",(story),\"(story editor)\"}'::text[]))", "Rows Removed by Filter": 3987641}]}, {"Node Type": "Index Scan", "Parent Relationship": "Inner", "Scan Direction": "Forward", "Index Name": "name_pkey", "Relation Name": "name", "Alias": "n", "Startup Cost": 0.0, "Total Cost": 0.49, "Plan Rows": 1, "Plan Width": 4, "Actual Startup Time": 358.289, "Actual Total Time": 358.289, "Actual Rows": 28073, "Actual Loops": 54155, "Index Cond": "(id = ci.person_id)", "Rows Removed by Index Recheck": 0, "Filter": "((gender)::text = 'm'::text)", "Rows Removed by Filter": 26082}]}]}, "Triggers": [], "Planner Runtime": 5, "Total Runtime": 19143.567, "Unique SQL Id": 3913857139}}, "(1, 25)": {"explain_plan": {"Plan": {"Node Type": "Aggregate", "Strategy": "Plain", "Startup Cost": 385547.34, "Total Cost": 385547.35, "Plan Rows": 1, "Plan Width": 160, "Plans": [{"Node Type": "Nested Loop", "Parent Relationship": "Outer", "Join Type": "Inner", "Startup Cost": 0.0, "Total Cost": 385536.75, "Plan Rows": 1413, "Plan Width": 64, "Inner Unique": true, "Plans": [{"Node Type": "Nested Loop", "Parent Relationship": "Outer", "Join Type": "Inner", "Startup Cost": 0.0, "Total Cost": 384957.48, "Plan Rows": 1155, "Plan Width": 68, "Inner Unique": false, "Plans": [{"Node Type": "Nested Loop", "Parent Relationship": "Outer", "Join Type": "Inner", "Startup Cost": 0.0, "Total Cost": 383895.85, "Plan Rows": 1044, "Plan Width": 76, "Inner Unique": true, "Join Filter": "(mi.movie_id = t.id)", "Plans": [{"Node Type": "Nested Loop", "Parent Relationship": "Outer", "Join Type": "Inner", "Startup Cost": 0.0, "Total Cost": 383467.66, "Plan Rows": 1044, "Plan Width": 55, "Inner Unique": false, "Join Filter": "(mi.info_type_id = it1.id)", "Plans": [{"Node Type": "Index Scan", "Parent Relationship": "Outer", "Scan Direction": "Forward", "Index Name": "info_type_pkey", "Relation Name": "info_type", "Alias": "it1", "Startup Cost": 0.0, "Total Cost": 14.21, "Plan Rows": 1, "Plan Width": 4, "Filter": "((info)::text = 'genres'::text)"}, {"Node Type": "Nested Loop", "Parent Relationship": "Inner", "Join Type": "Inner", "Startup Cost": 0.0, "Total Cost": 380590.58, "Plan Rows": 229029, "Plan Width": 59, "Inner Unique": false, "Plans": [{"Node Type": "Nested Loop", "Parent Relationship": "Outer", "Join Type": "Inner", "Startup Cost": 0.0, "Total Cost": 38338.2, "Plan Rows": 345008, "Plan Width": 9, "Inner Unique": false, "Plans": [{"Node Type": "Index Scan", "Parent Relationship": "Outer", "Scan Direction": "Forward", "Index Name": "info_type_pkey", "Relation Name": "info_type", "Alias": "it2", "Startup Cost": 0.0, "Total Cost": 14.21, "Plan Rows": 1, "Plan Width": 4, "Filter": "((info)::text = 'votes'::text)"}, {"Node Type": "Index Scan", "Parent Relationship": "Inner", "Scan Direction": "Forward", "Index Name": "info_type_id_movie_info_idx", "Relation Name": "movie_info_idx", "Alias": "mi_idx", "Startup Cost": 0.0, "Total Cost": 34873.91, "Plan Rows": 345008, "Plan Width": 13, "Index Cond": "(info_type_id = it2.id), (LLVM Optimized)"}]}, {"Node Type": "Index Scan", "Parent Relationship": "Inner", "Scan Direction": "Forward", "Index Name": "movie_id_movie_info", "Relation Name": "movie_info", "Alias": "mi", "Startup Cost": 0.0, "Total Cost": 0.98, "Plan Rows": 1, "Plan Width": 50, "Index Cond": "(movie_id = mi_idx.movie_id)", "Filter": "((info)::text = ANY ('{Horror,Action,Sci-Fi,Thriller,Crime,War}'::text[]))"}]}]}, {"Node Type": "Index Scan", "Parent Relationship": "Inner", "Scan Direction": "Forward", "Index Name": "title_pkey", "Relation Name": "title", "Alias": "t", "Startup Cost": 0.0, "Total Cost": 0.4, "Plan Rows": 1, "Plan Width": 21, "Index Cond": "(id = mi_idx.movie_id)"}]}, {"Node Type": "Index Scan", "Parent Relationship": "Inner", "Scan Direction": "Forward", "Index Name": "movie_id_cast_info", "Relation Name": "cast_info", "Alias": "ci", "Startup Cost": 0.0, "Total Cost": 1.01, "Plan Rows": 1, "Plan Width": 8, "Index Cond": "(movie_id = t.id)", "Filter": "((note)::text = ANY ('{(writer),\"(head writer)\",\"(written by)\",(story),\"(story editor)\"}'::text[]))"}]}, {"Node Type": "Index Scan", "Parent Relationship": "Inner", "Scan Direction": "Forward", "Index Name": "name_pkey", "Relation Name": "name", "Alias": "n", "Startup Cost": 0.0, "Total Cost": 0.49, "Plan Rows": 1, "Plan Width": 4, "Index Cond": "(id = ci.person_id)", "Filter": "((gender)::text = 'm'::text)"}]}]}, "Unique SQL Id": 3913857139, "Planner Runtime": 17}, "explain_analyze_plan": {"Plan": {"Node Type": "Aggregate", "Strategy": "Plain", "Startup Cost": 385547.34, "Total Cost": 385547.35, "Plan Rows": 1, "Plan Width": 160, "Actual Startup Time": 19858.278, "Actual Total Time": 19858.279, "Actual Rows": 1, "Actual Loops": 1, "Plans": [{"Node Type": "Nested Loop", "Parent Relationship": "Outer", "Join Type": "Inner", "Startup Cost": 0.0, "Total Cost": 385536.75, "Plan Rows": 1413, "Plan Width": 64, "Actual Startup Time": 29.537, "Actual Total Time": 19816.621, "Actual Rows": 28073, "Actual Loops": 1, "Inner Unique": true, "Plans": [{"Node Type": "Nested Loop", "Parent Relationship": "Outer", "Join Type": "Inner", "Startup Cost": 0.0, "Total Cost": 384957.48, "Plan Rows": 1155, "Plan Width": 68, "Actual Startup Time": 14.824, "Actual Total Time": 19381.185, "Actual Rows": 54155, "Actual Loops": 1, "Inner Unique": false, "Plans": [{"Node Type": "Nested Loop", "Parent Relationship": "Outer", "Join Type": "Inner", "Startup Cost": 0.0, "Total Cost": 383895.85, "Plan Rows": 1044, "Plan Width": 76, "Actual Startup Time": 0.924, "Actual Total Time": 10116.383, "Actual Rows": 102516, "Actual Loops": 1, "Inner Unique": true, "Join Filter": "(mi.movie_id = t.id)", "Rows Removed by Join Filter": 0, "Plans": [{"Node Type": "Nested Loop", "Parent Relationship": "Outer", "Join Type": "Inner", "Startup Cost": 0.0, "Total Cost": 383467.66, "Plan Rows": 1044, "Plan Width": 55, "Actual Startup Time": 0.913, "Actual Total Time": 9535.918, "Actual Rows": 102516, "Actual Loops": 1, "Inner Unique": false, "Join Filter": "(mi.info_type_id = it1.id)", "Rows Removed by Join Filter": 2376, "Plans": [{"Node Type": "Index Scan", "Parent Relationship": "Outer", "Scan Direction": "Forward", "Index Name": "info_type_pkey", "Relation Name": "info_type", "Alias": "it1", "Startup Cost": 0.0, "Total Cost": 14.21, "Plan Rows": 1, "Plan Width": 4, "Actual Startup Time": 0.027, "Actual Total Time": 0.081, "Actual Rows": 1, "Actual Loops": 1, "Filter": "((info)::text = 'genres'::text)", "Rows Removed by Filter": 111}, {"Node Type": "Nested Loop", "Parent Relationship": "Inner", "Join Type": "Inner", "Startup Cost": 0.0, "Total Cost": 380590.58, "Plan Rows": 229029, "Plan Width": 59, "Actual Startup Time": 0.88, "Actual Total Time": 9495.878, "Actual Rows": 104892, "Actual Loops": 1, "Inner Unique": false, "Plans": [{"Node Type": "Nested Loop", "Parent Relationship": "Outer", "Join Type": "Inner", "Startup Cost": 0.0, "Total Cost": 38338.2, "Plan Rows": 345008, "Plan Width": 9, "Actual Startup Time": 0.188, "Actual Total Time": 443.881, "Actual Rows": 459925, "Actual Loops": 1, "Inner Unique": false, "Plans": [{"Node Type": "Index Scan", "Parent Relationship": "Outer", "Scan Direction": "Forward", "Index Name": "info_type_pkey", "Relation Name": "info_type", "Alias": "it2", "Startup Cost": 0.0, "Total Cost": 14.21, "Plan Rows": 1, "Plan Width": 4, "Actual Startup Time": 0.054, "Actual Total Time": 0.069, "Actual Rows": 1, "Actual Loops": 1, "Filter": "((info)::text = 'votes'::text)", "Rows Removed by Filter": 111}, {"Node Type": "Index Scan", "Parent Relationship": "Inner", "Scan Direction": "Forward", "Index Name": "info_type_id_movie_info_idx", "Relation Name": "movie_info_idx", "Alias": "mi_idx", "Startup Cost": 0.0, "Total Cost": 34873.91, "Plan Rows": 345008, "Plan Width": 13, "Actual Startup Time": 0.131, "Actual Total Time": 332.33, "Actual Rows": 459925, "Actual Loops": 1, "Index Cond": "(info_type_id = it2.id), (LLVM Optimized, Jit Execute)", "Rows Removed by Index Recheck": 0}]}, {"Node Type": "Index Scan", "Parent Relationship": "Inner", "Scan Direction": "Forward", "Index Name": "movie_id_movie_info", "Relation Name": "movie_info", "Alias": "mi", "Startup Cost": 0.0, "Total Cost": 0.98, "Plan Rows": 1, "Plan Width": 50, "Actual Startup Time": 8619.521, "Actual Total Time": 8782.765, "Actual Rows": 104892, "Actual Loops": 459925, "Index Cond": "(movie_id = mi_idx.movie_id)", "Rows Removed by Index Recheck": 0, "Filter": "((info)::text = ANY ('{Horror,Action,Sci-Fi,Thriller,Crime,War}'::text[]))", "Rows Removed by Filter": 6825442}]}]}, {"Node Type": "Index Scan", "Parent Relationship": "Inner", "Scan Direction": "Forward", "Index Name": "title_pkey", "Relation Name": "title", "Alias": "t", "Startup Cost": 0.0, "Total Cost": 0.4, "Plan Rows": 1, "Plan Width": 21, "Actual Startup Time": 466.75, "Actual Total Time": 466.75, "Actual Rows": 102516, "Actual Loops": 102516, "Index Cond": "(id = mi_idx.movie_id)", "Rows Removed by Index Recheck": 0}]}, {"Node Type": "Index Scan", "Parent Relationship": "Inner", "Scan Direction": "Forward", "Index Name": "movie_id_cast_info", "Relation Name": "cast_info", "Alias": "ci", "Startup Cost": 0.0, "Total Cost": 1.01, "Plan Rows": 1, "Plan Width": 8, "Actual Startup Time": 7837.555, "Actual Total Time": 9194.417, "Actual Rows": 54155, "Actual Loops": 102516, "Index Cond": "(movie_id = t.id)", "Rows Removed by Index Recheck": 0, "Filter": "((note)::text = ANY ('{(writer),\"(head writer)\",\"(written by)\",(story),\"(story editor)\"}'::text[]))", "Rows Removed by Filter": 3987641}]}, {"Node Type": "Index Scan", "Parent Relationship": "Inner", "Scan Direction": "Forward", "Index Name": "name_pkey", "Relation Name": "name", "Alias": "n", "Startup Cost": 0.0, "Total Cost": 0.49, "Plan Rows": 1, "Plan Width": 4, "Actual Startup Time": 390.023, "Actual Total Time": 390.023, "Actual Rows": 28073, "Actual Loops": 54155, "Index Cond": "(id = ci.person_id)", "Rows Removed by Index Recheck": 0, "Filter": "((gender)::text = 'm'::text)", "Rows Removed by Filter": 26082}]}]}, "Triggers": [], "Planner Runtime": 5, "Total Runtime": 19868.04, "Unique SQL Id": 3913857139}}, "(1, 26)": {"explain_plan": {"Plan": {"Node Type": "Aggregate", "Strategy": "Plain", "Startup Cost": 2074891.02, "Total Cost": 2074891.03, "Plan Rows": 1, "Plan Width": 160, "Plans": [{"Node Type": "Merge Join", "Parent Relationship": "Outer", "Join Type": "Inner", "Startup Cost": 2060442.81, "Total Cost": 2074880.42, "Plan Rows": 1413, "Plan Width": 64, "Inner Unique": true, "Merge Cond": "(mi.movie_id = t.id)", "Plans": [{"Node Type": "Merge Join", "Parent Relationship": "Outer", "Join Type": "Inner", "Startup Cost": 1731490.76, "Total Cost": 1733278.43, "Plan Rows": 1413, "Plan Width": 59, "Inner Unique": false, "Merge Cond": "(mi.movie_id = mi_idx.movie_id)", "Plans": [{"Node Type": "Sort", "Parent Relationship": "Outer", "Startup Cost": 1662229.26, "Total Cost": 1662238.45, "Plan Rows": 3677, "Plan Width": 50, "Sort Key": ["ci.movie_id"], "Plans": [{"Node Type": "Merge Join", "Parent Relationship": "Outer", "Join Type": "Inner", "Startup Cost": 1653480.4, "Total Cost": 1662011.5, "Plan Rows": 3677, "Plan Width": 50, "Inner Unique": true, "Merge Cond": "(ci.person_id = n.id)", "Plans": [{"Node Type": "Sort", "Parent Relationship": "Outer", "Startup Cost": 1369553.91, "Total Cost": 1369561.43, "Plan Rows": 3006, "Plan Width": 54, "Sort Key": ["ci.person_id"], "Plans": [{"Node Type": "Merge Join", "Parent Relationship": "Outer", "Join Type": "Inner", "Startup Cost": 1363220.99, "Total Cost": 1369380.26, "Plan Rows": 3006, "Plan Width": 54, "Inner Unique": false, "Merge Cond": "(mi.movie_id = ci.movie_id)", "Plans": [{"Node Type": "Sort", "Parent Relationship": "Outer", "Startup Cost": 411046.9, "Total Cost": 411053.7, "Plan Rows": 2717, "Plan Width": 46, "Sort Key": ["mi.movie_id"], "Plans": [{"Node Type": "Nested Loop", "Parent Relationship": "Outer", "Join Type": "Inner", "Startup Cost": 0.0, "Total Cost": 410891.93, "Plan Rows": 2717, "Plan Width": 46, "Inner Unique": false, "Join Filter": "(it1.id = mi.info_type_id)", "Plans": [{"Node Type": "Seq Scan", "Parent Relationship": "Outer", "Relation Name": "info_type", "Alias": "it1", "Startup Cost": 0.0, "Total Cost": 2.4, "Plan Rows": 1, "Plan Width": 4, "Filter": "((info)::text = 'genres'::text)"}, {"Node Type": "Seq Scan", "Parent Relationship": "Inner", "Relation Name": "movie_info", "Alias": "mi", "Startup Cost": 0.0, "Total Cost": 408512.41, "Plan Rows": 190170, "Plan Width": 50, "Filter": "((info)::text = ANY ('{Horror,Action,Sci-Fi,Thriller,Crime,War}'::text[]))"}]}]}, {"Node Type": "Sort", "Parent Relationship": "Inner", "Startup Cost": 952173.95, "Total Cost": 955231.83, "Plan Rows": 1223154, "Plan Width": 8, "Sort Key": ["ci.movie_id"], "Plans": [{"Node Type": "Seq Scan", "Parent Relationship": "Outer", "Relation Name": "cast_info", "Alias": "ci", "Startup Cost": 0.0, "Total Cost": 828499.78, "Plan Rows": 1223154, "Plan Width": 8, "Filter": "((note)::text = ANY ('{(writer),\"(head writer)\",\"(written by)\",(story),\"(story editor)\"}'::text[]))"}]}]}]}, {"Node Type": "Sort", "Parent Relationship": "Inner", "Startup Cost": 283926.49, "Total Cost": 288278.28, "Plan Rows": 1740714, "Plan Width": 4, "Sort Key": ["n.id"], "Plans": [{"Node Type": "Seq Scan", "Parent Relationship": "Outer", "Relation Name": "name", "Alias": "n", "Startup Cost": 0.0, "Total Cost": 103490.62, "Plan Rows": 1740714, "Plan Width": 4, "Filter": "((gender)::text = 'm'::text), (LLVM Optimized)"}]}]}]}, {"Node Type": "Sort", "Parent Relationship": "Inner", "Startup Cost": 69261.47, "Total Cost": 70123.99, "Plan Rows": 345008, "Plan Width": 9, "Sort Key": ["mi_idx.movie_id"], "Plans": [{"Node Type": "Nested Loop", "Parent Relationship": "Outer", "Join Type": "Inner", "Startup Cost": 0.0, "Total Cost": 37527.17, "Plan Rows": 345008, "Plan Width": 9, "Inner Unique": false, "Join Filter": "(it2.id = mi_idx.info_type_id), (LLVM Optimized)", "Plans": [{"Node Type": "Seq Scan", "Parent Relationship": "Outer", "Relation Name": "info_type", "Alias": "it2", "Startup Cost": 0.0, "Total Cost": 2.4, "Plan Rows": 1, "Plan Width": 4, "Filter": "((info)::text = 'votes'::text)"}, {"Node Type": "Seq Scan", "Parent Relationship": "Inner", "Relation Name": "movie_info_idx", "Alias": "mi_idx", "Startup Cost": 0.0, "Total Cost": 20274.34, "Plan Rows": 1380034, "Plan Width": 13}]}]}]}, {"Node Type": "Sort", "Parent Relationship": "Inner", "Startup Cost": 328951.73, "Total Cost": 335272.51, "Plan Rows": 2528311, "Plan Width": 21, "Sort Key": ["t.id"], "Plans": [{"Node Type": "Seq Scan", "Parent Relationship": "Outer", "Relation Name": "title", "Alias": "t", "Startup Cost": 0.0, "Total Cost": 60069.11, "Plan Rows": 2528311, "Plan Width": 21}]}]}]}, "Unique SQL Id": 3913857139, "Planner Runtime": 28}, "explain_analyze_plan": {"Plan": {"Node Type": "Aggregate", "Strategy": "Plain", "Startup Cost": 2074891.02, "Total Cost": 2074891.03, "Plan Rows": 1, "Plan Width": 160, "Actual Startup Time": 28283.669, "Actual Total Time": 28283.67, "Actual Rows": 1, "Actual Loops": 1, "Plans": [{"Node Type": "Merge Join", "Parent Relationship": "Outer", "Join Type": "Inner", "Startup Cost": 2060442.81, "Total Cost": 2074880.42, "Plan Rows": 1413, "Plan Width": 64, "Actual Startup Time": 27330.246, "Actual Total Time": 28263.339, "Actual Rows": 28073, "Actual Loops": 1, "Inner Unique": true, "Merge Cond": "(mi.movie_id = t.id)", "Plans": [{"Node Type": "Merge Join", "Parent Relationship": "Outer", "Join Type": "Inner", "Startup Cost": 1731490.76, "Total Cost": 1733278.43, "Plan Rows": 1413, "Plan Width": 59, "Actual Startup Time": 25485.695, "Actual Total Time": 25628.795, "Actual Rows": 28073, "Actual Loops": 1, "Inner Unique": false, "Merge Cond": "(mi.movie_id = mi_idx.movie_id)", "Plans": [{"Node Type": "Sort", "Parent Relationship": "Outer", "Startup Cost": 1662229.26, "Total Cost": 1662238.45, "Plan Rows": 3677, "Plan Width": 50, "Actual Startup Time": 24704.249, "Actual Total Time": 24712.089, "Actual Rows": 45263, "Actual Loops": 1, "Sort Key": ["ci.movie_id"], "Sort Method": "quicksort", "Sort Space Used": 5780, "Sort Space Type": "Memory", "Plans": [{"Node Type": "Merge Join", "Parent Relationship": "Outer", "Join Type": "Inner", "Startup Cost": 1653480.4, "Total Cost": 1662011.5, "Plan Rows": 3677, "Plan Width": 50, "Actual Startup Time": 24235.665, "Actual Total Time": 24685.745, "Actual Rows": 45265, "Actual Loops": 1, "Inner Unique": true, "Merge Cond": "(ci.person_id = n.id)", "Plans": [{"Node Type": "Sort", "Parent Relationship": "Outer", "Startup Cost": 1369553.91, "Total Cost": 1369561.43, "Plan Rows": 3006, "Plan Width": 54, "Actual Startup Time": 22260.492, "Actual Total Time": 22267.666, "Actual Rows": 45266, "Actual Loops": 1, "Sort Key": ["ci.person_id"], "Sort Method": "quicksort", "Sort Space Used": 11814, "Sort Space Type": "Memory", "Plans": [{"Node Type": "Merge Join", "Parent Relationship": "Outer", "Join Type": "Inner", "Startup Cost": 1363220.99, "Total Cost": 1369380.26, "Plan Rows": 3006, "Plan Width": 54, "Actual Startup Time": 21823.969, "Actual Total Time": 22224.185, "Actual Rows": 93240, "Actual Loops": 1, "Inner Unique": false, "Merge Cond": "(mi.movie_id = ci.movie_id)", "Plans": [{"Node Type": "Sort", "Parent Relationship": "Outer", "Startup Cost": 411046.9, "Total Cost": 411053.7, "Plan Rows": 2717, "Plan Width": 46, "Actual Startup Time": 7496.519, "Actual Total Time": 7519.417, "Actual Rows": 186594, "Actual Loops": 1, "Sort Key": ["mi.movie_id"], "Sort Method": "quicksort", "Sort Space Used": 23257, "Sort Space Type": "Memory", "Plans": [{"Node Type": "Nested Loop", "Parent Relationship": "Outer", "Join Type": "Inner", "Startup Cost": 0.0, "Total Cost": 410891.93, "Plan Rows": 2717, "Plan Width": 46, "Actual Startup Time": 6498.012, "Actual Total Time": 7428.214, "Actual Rows": 186594, "Actual Loops": 1, "Inner Unique": false, "Join Filter": "(it1.id = mi.info_type_id)", "Rows Removed by Join Filter": 2377, "Plans": [{"Node Type": "Seq Scan", "Parent Relationship": "Outer", "Relation Name": "info_type", "Alias": "it1", "Startup Cost": 0.0, "Total Cost": 2.4, "Plan Rows": 1, "Plan Width": 4, "Actual Startup Time": 0.032, "Actual Total Time": 0.14, "Actual Rows": 1, "Actual Loops": 1, "Filter": "((info)::text = 'genres'::text)", "Rows Removed by Filter": 111}, {"Node Type": "Seq Scan", "Parent Relationship": "Inner", "Relation Name": "movie_info", "Alias": "mi", "Startup Cost": 0.0, "Total Cost": 408512.41, "Plan Rows": 190170, "Plan Width": 50, "Actual Startup Time": 3528.036, "Actual Total Time": 7366.442, "Actual Rows": 188971, "Actual Loops": 1, "Filter": "((info)::text = ANY ('{Horror,Action,Sci-Fi,Thriller,Crime,War}'::text[]))", "Rows Removed by Filter": 14646748}]}]}, {"Node Type": "Sort", "Parent Relationship": "Inner", "Startup Cost": 952173.95, "Total Cost": 955231.83, "Plan Rows": 1223154, "Plan Width": 8, "Actual Startup Time": 14325.892, "Actual Total Time": 14483.331, "Actual Rows": 1269384, "Actual Loops": 1, "Sort Key": ["ci.movie_id"], "Sort Method": "quicksort", "Sort Space Used": 126947, "Sort Space Type": "Memory", "Plans": [{"Node Type": "Seq Scan", "Parent Relationship": "Outer", "Relation Name": "cast_info", "Alias": "ci", "Startup Cost": 0.0, "Total Cost": 828499.78, "Plan Rows": 1223154, "Plan Width": 8, "Actual Startup Time": 390.863, "Actual Total Time": 13865.022, "Actual Rows": 1244716, "Actual Loops": 1, "Filter": "((note)::text = ANY ('{(writer),\"(head writer)\",\"(written by)\",(story),\"(story editor)\"}'::text[]))", "Rows Removed by Filter": 34999627}]}]}]}, {"Node Type": "Sort", "Parent Relationship": "Inner", "Startup Cost": 283926.49, "Total Cost": 288278.28, "Plan Rows": 1740714, "Plan Width": 4, "Actual Startup Time": 1975.137, "Actual Total Time": 2167.715, "Actual Rows": 1739578, "Actual Loops": 1, "Sort Key": ["n.id"], "Sort Method": "quicksort", "Sort Space Used": 157876, "Sort Space Type": "Memory", "Plans": [{"Node Type": "Seq Scan", "Parent Relationship": "Outer", "Relation Name": "name", "Alias": "n", "Startup Cost": 0.0, "Total Cost": 103490.62, "Plan Rows": 1740714, "Plan Width": 4, "Actual Startup Time": 0.033, "Actual Total Time": 1346.392, "Actual Rows": 1739578, "Actual Loops": 1, "Filter": "((gender)::text = 'm'::text), (LLVM Optimized, Jit Execute)", "Rows Removed by Filter": 2427912}]}]}]}, {"Node Type": "Sort", "Parent Relationship": "Inner", "Startup Cost": 69261.47, "Total Cost": 70123.99, "Plan Rows": 345008, "Plan Width": 9, "Actual Startup Time": 780.876, "Actual Total Time": 829.411, "Actual Rows": 472441, "Actual Loops": 1, "Sort Key": ["mi_idx.movie_id"], "Sort Method": "quicksort", "Sort Space Used": 41679, "Sort Space Type": "Memory", "Plans": [{"Node Type": "Nested Loop", "Parent Relationship": "Outer", "Join Type": "Inner", "Startup Cost": 0.0, "Total Cost": 37527.17, "Plan Rows": 345008, "Plan Width": 9, "Actual Startup Time": 0.126, "Actual Total Time": 620.19, "Actual Rows": 459925, "Actual Loops": 1, "Inner Unique": false, "Join Filter": "(it2.id = mi_idx.info_type_id), (LLVM Optimized, Jit Execute)", "Rows Removed by Join Filter": 920109, "Plans": [{"Node Type": "Seq Scan", "Parent Relationship": "Outer", "Relation Name": "info_type", "Alias": "it2", "Startup Cost": 0.0, "Total Cost": 2.4, "Plan Rows": 1, "Plan Width": 4, "Actual Startup Time": 0.081, "Actual Total Time": 0.105, "Actual Rows": 1, "Actual Loops": 1, "Filter": "((info)::text = 'votes'::text)", "Rows Removed by Filter": 111}, {"Node Type": "Seq Scan", "Parent Relationship": "Inner", "Relation Name": "movie_info_idx", "Alias": "mi_idx", "Startup Cost": 0.0, "Total Cost": 20274.34, "Plan Rows": 1380034, "Plan Width": 13, "Actual Startup Time": 0.029, "Actual Total Time": 308.897, "Actual Rows": 1380034, "Actual Loops": 1}]}]}]}, {"Node Type": "Sort", "Parent Relationship": "Inner", "Startup Cost": 328951.73, "Total Cost": 335272.51, "Plan Rows": 2528311, "Plan Width": 21, "Actual Startup Time": 1841.015, "Actual Total Time": 2243.7, "Actual Rows": 2525792, "Actual Loops": 1, "Sort Key": ["t.id"], "Sort Method": "quicksort", "Sort Space Used": 344074, "Sort Space Type": "Memory", "Plans": [{"Node Type": "Seq Scan", "Parent Relationship": "Outer", "Relation Name": "title", "Alias": "t", "Startup Cost": 0.0, "Total Cost": 60069.11, "Plan Rows": 2528311, "Plan Width": 21, "Actual Startup Time": 0.033, "Actual Total Time": 783.033, "Actual Rows": 2528311, "Actual Loops": 1}]}]}]}, "Triggers": [], "Planner Runtime": 28, "Total Runtime": 28292.84, "Unique SQL Id": 3913857139}}, "(1, 27)": {"explain_plan": {"Plan": {"Node Type": "Aggregate", "Strategy": "Plain", "Startup Cost": 6974941462121.7, "Total Cost": 6974941462121.71, "Plan Rows": 1, "Plan Width": 160, "Plans": [{"Node Type": "Merge Join", "Parent Relationship": "Outer", "Join Type": "Inner", "Startup Cost": 70000000000.0, "Total Cost": 6974941462111.11, "Plan Rows": 1413, "Plan Width": 64, "Inner Unique": true, "Merge Cond": "(ci.person_id = n.id)", "Plans": [{"Node Type": "Nested Loop", "Parent Relationship": "Outer", "Join Type": "Inner", "Startup Cost": 60000000000.0, "Total Cost": 6000433185113.17, "Plan Rows": 1155, "Plan Width": 68, "Inner Unique": true, "Join Filter": "(mi.movie_id = t.id)", "Plans": [{"Node Type": "Nested Loop", "Parent Relationship": "Outer", "Join Type": "Inner", "Startup Cost": 50000000000.0, "Total Cost": 5000378363755.41, "Plan Rows": 1155, "Plan Width": 63, "Inner Unique": false, "Join Filter": "(mi_idx.movie_id = mi.movie_id)", "Plans": [{"Node Type": "Nested Loop", "Parent Relationship": "Outer", "Join Type": "Inner", "Startup Cost": 30000000000.0, "Total Cost": 3000358134325.29, "Plan Rows": 3006, "Plan Width": 54, "Inner Unique": false, "Join Filter": "(mi.movie_id = ci.movie_id)", "Plans": [{"Node Type": "Index Scan", "Parent Relationship": "Outer", "Scan Direction": "Forward", "Index Name": "person_id_cast_info", "Relation Name": "cast_info", "Alias": "ci", "Startup Cost": 10000000000.0, "Total Cost": 1000193311016.96, "Plan Rows": 1223154, "Plan Width": 8, "Filter": "((note)::text = ANY ('{(writer),\"(head writer)\",\"(written by)\",(story),\"(story editor)\"}'::text[]))"}, {"Node Type": "Materialize", "Parent Relationship": "Inner", "Startup Cost": 20000000000.0, "Total Cost": 2000114973673.85, "Plan Rows": 2717, "Plan Width": 46, "Plans": [{"Node Type": "Nested Loop", "Parent Relationship": "Outer", "Join Type": "Inner", "Startup Cost": 20000000000.0, "Total Cost": 2000114973660.27, "Plan Rows": 2717, "Plan Width": 46, "Inner Unique": true, "Join Filter": "(it1.id = mi.info_type_id)", "Plans": [{"Node Type": "Index Scan", "Parent Relationship": "Outer", "Scan Direction": "Forward", "Index Name": "movie_id_movie_info", "Relation Name": "movie_info", "Alias": "mi", "Startup Cost": 10000000000.0, "Total Cost": 1000114969386.72, "Plan Rows": 190170, "Plan Width": 50, "Filter": "((info)::text = ANY ('{Horror,Action,Sci-Fi,Thriller,Crime,War}'::text[]))"}, {"Node Type": "Materialize", "Parent Relationship": "Inner", "Startup Cost": 10000000000.0, "Total Cost": 1000000001421.0, "Plan Rows": 1, "Plan Width": 4, "Plans": [{"Node Type": "Index Scan", "Parent Relationship": "Outer", "Scan Direction": "Forward", "Index Name": "info_type_pkey", "Relation Name": "info_type", "Alias": "it1", "Startup Cost": 10000000000.0, "Total Cost": 1000000001421.0, "Plan Rows": 1, "Plan Width": 4, "Filter": "((info)::text = 'genres'::text)"}]}]}]}]}, {"Node Type": "Materialize", "Parent Relationship": "Inner", "Startup Cost": 20000000000.0, "Total Cost": 2000004673881.92, "Plan Rows": 345008, "Plan Width": 9, "Plans": [{"Node Type": "Nested Loop", "Parent Relationship": "Outer", "Join Type": "Inner", "Startup Cost": 20000000000.0, "Total Cost": 2000004672156.88, "Plan Rows": 345008, "Plan Width": 9, "Inner Unique": true, "Join Filter": "(it2.id = mi_idx.info_type_id), (LLVM Optimized)", "Plans": [{"Node Type": "Index Scan", "Parent Relationship": "Outer", "Scan Direction": "Forward", "Index Name": "movie_id_movie_info_idx", "Relation Name": "movie_info_idx", "Alias": "mi_idx", "Startup Cost": 10000000000.0, "Total Cost": 1000004650035.37, "Plan Rows": 1380034, "Plan Width": 13}, {"Node Type": "Materialize", "Parent Relationship": "Inner", "Startup Cost": 10000000000.0, "Total Cost": 1000000001421.0, "Plan Rows": 1, "Plan Width": 4, "Plans": [{"Node Type": "Index Scan", "Parent Relationship": "Outer", "Scan Direction": "Forward", "Index Name": "info_type_pkey", "Relation Name": "info_type", "Alias": "it2", "Startup Cost": 10000000000.0, "Total Cost": 1000000001421.0, "Plan Rows": 1, "Plan Width": 4, "Filter": "((info)::text = 'votes'::text)"}]}]}]}]}, {"Node Type": "Materialize", "Parent Relationship": "Inner", "Startup Cost": 10000000000.0, "Total Cost": 1000011024690.47, "Plan Rows": 2528311, "Plan Width": 21, "Plans": [{"Node Type": "Index Scan", "Parent Relationship": "Outer", "Scan Direction": "Forward", "Index Name": "title_pkey", "Relation Name": "title", "Alias": "t", "Startup Cost": 10000000000.0, "Total Cost": 1000011012048.91, "Plan Rows": 2528311, "Plan Width": 21}]}]}, {"Node Type": "Index Scan", "Parent Relationship": "Inner", "Scan Direction": "Forward", "Index Name": "name_pkey", "Relation Name": "name", "Alias": "n", "Startup Cost": 10000000000.0, "Total Cost": 1000018665147.2, "Plan Rows": 1740714, "Plan Width": 4, "Filter": "((gender)::text = 'm'::text), (LLVM Optimized)"}]}]}, "Unique SQL Id": 3913857139, "Planner Runtime": 51}, "explain_analyze_plan": null}, "(1, 28)": {"explain_plan": {"Plan": {"Node Type": "Aggregate", "Strategy": "Plain", "Startup Cost": 384724.5, "Total Cost": 384724.51, "Plan Rows": 1, "Plan Width": 160, "Plans": [{"Node Type": "Nested Loop", "Parent Relationship": "Outer", "Join Type": "Inner", "Startup Cost": 0.0, "Total Cost": 384713.9, "Plan Rows": 1413, "Plan Width": 64, "Inner Unique": true, "Plans": [{"Node Type": "Nested Loop", "Parent Relationship": "Outer", "Join Type": "Inner", "Startup Cost": 0.0, "Total Cost": 384134.63, "Plan Rows": 1155, "Plan Width": 68, "Inner Unique": false, "Plans": [{"Node Type": "Nested Loop", "Parent Relationship": "Outer", "Join Type": "Inner", "Startup Cost": 0.0, "Total Cost": 383073.0, "Plan Rows": 1044, "Plan Width": 76, "Inner Unique": true, "Join Filter": "(mi.movie_id = t.id)", "Plans": [{"Node Type": "Nested Loop", "Parent Relationship": "Outer", "Join Type": "Inner", "Startup Cost": 0.0, "Total Cost": 382644.81, "Plan Rows": 1044, "Plan Width": 55, "Inner Unique": false, "Join Filter": "(mi.info_type_id = it1.id)", "Plans": [{"Node Type": "Seq Scan", "Parent Relationship": "Outer", "Relation Name": "info_type", "Alias": "it1", "Startup Cost": 0.0, "Total Cost": 2.4, "Plan Rows": 1, "Plan Width": 4, "Filter": "((info)::text = 'genres'::text)"}, {"Node Type": "Nested Loop", "Parent Relationship": "Inner", "Join Type": "Inner", "Startup Cost": 0.0, "Total Cost": 379779.55, "Plan Rows": 229029, "Plan Width": 59, "Inner Unique": false, "Plans": [{"Node Type": "Nested Loop", "Parent Relationship": "Outer", "Join Type": "Inner", "Startup Cost": 0.0, "Total Cost": 37527.17, "Plan Rows": 345008, "Plan Width": 9, "Inner Unique": false, "Join Filter": "(it2.id = mi_idx.info_type_id), (LLVM Optimized)", "Plans": [{"Node Type": "Seq Scan", "Parent Relationship": "Outer", "Relation Name": "info_type", "Alias": "it2", "Startup Cost": 0.0, "Total Cost": 2.4, "Plan Rows": 1, "Plan Width": 4, "Filter": "((info)::text = 'votes'::text)"}, {"Node Type": "Seq Scan", "Parent Relationship": "Inner", "Relation Name": "movie_info_idx", "Alias": "mi_idx", "Startup Cost": 0.0, "Total Cost": 20274.34, "Plan Rows": 1380034, "Plan Width": 13}]}, {"Node Type": "Index Scan", "Parent Relationship": "Inner", "Scan Direction": "Forward", "Index Name": "movie_id_movie_info", "Relation Name": "movie_info", "Alias": "mi", "Startup Cost": 0.0, "Total Cost": 0.98, "Plan Rows": 1, "Plan Width": 50, "Index Cond": "(movie_id = mi_idx.movie_id)", "Filter": "((info)::text = ANY ('{Horror,Action,Sci-Fi,Thriller,Crime,War}'::text[]))"}]}]}, {"Node Type": "Index Scan", "Parent Relationship": "Inner", "Scan Direction": "Forward", "Index Name": "title_pkey", "Relation Name": "title", "Alias": "t", "Startup Cost": 0.0, "Total Cost": 0.4, "Plan Rows": 1, "Plan Width": 21, "Index Cond": "(id = mi_idx.movie_id)"}]}, {"Node Type": "Index Scan", "Parent Relationship": "Inner", "Scan Direction": "Forward", "Index Name": "movie_id_cast_info", "Relation Name": "cast_info", "Alias": "ci", "Startup Cost": 0.0, "Total Cost": 1.01, "Plan Rows": 1, "Plan Width": 8, "Index Cond": "(movie_id = t.id)", "Filter": "((note)::text = ANY ('{(writer),\"(head writer)\",\"(written by)\",(story),\"(story editor)\"}'::text[]))"}]}, {"Node Type": "Index Scan", "Parent Relationship": "Inner", "Scan Direction": "Forward", "Index Name": "name_pkey", "Relation Name": "name", "Alias": "n", "Startup Cost": 0.0, "Total Cost": 0.49, "Plan Rows": 1, "Plan Width": 4, "Index Cond": "(id = ci.person_id)", "Filter": "((gender)::text = 'm'::text)"}]}]}, "Unique SQL Id": 3913857139, "Planner Runtime": 19}, "explain_analyze_plan": {"Plan": {"Node Type": "Aggregate", "Strategy": "Plain", "Startup Cost": 384724.5, "Total Cost": 384724.51, "Plan Rows": 1, "Plan Width": 160, "Actual Startup Time": 19134.754, "Actual Total Time": 19134.754, "Actual Rows": 1, "Actual Loops": 1, "Plans": [{"Node Type": "Nested Loop", "Parent Relationship": "Outer", "Join Type": "Inner", "Startup Cost": 0.0, "Total Cost": 384713.9, "Plan Rows": 1413, "Plan Width": 64, "Actual Startup Time": 30.26, "Actual Total Time": 19092.099, "Actual Rows": 28073, "Actual Loops": 1, "Inner Unique": true, "Plans": [{"Node Type": "Nested Loop", "Parent Relationship": "Outer", "Join Type": "Inner", "Startup Cost": 0.0, "Total Cost": 384134.63, "Plan Rows": 1155, "Plan Width": 68, "Actual Startup Time": 15.106, "Actual Total Time": 18688.382, "Actual Rows": 54155, "Actual Loops": 1, "Inner Unique": false, "Plans": [{"Node Type": "Nested Loop", "Parent Relationship": "Outer", "Join Type": "Inner", "Startup Cost": 0.0, "Total Cost": 383073.0, "Plan Rows": 1044, "Plan Width": 76, "Actual Startup Time": 0.873, "Actual Total Time": 10250.203, "Actual Rows": 102516, "Actual Loops": 1, "Inner Unique": true, "Join Filter": "(mi.movie_id = t.id)", "Rows Removed by Join Filter": 0, "Plans": [{"Node Type": "Nested Loop", "Parent Relationship": "Outer", "Join Type": "Inner", "Startup Cost": 0.0, "Total Cost": 382644.81, "Plan Rows": 1044, "Plan Width": 55, "Actual Startup Time": 0.857, "Actual Total Time": 9696.352, "Actual Rows": 102516, "Actual Loops": 1, "Inner Unique": false, "Join Filter": "(mi.info_type_id = it1.id)", "Rows Removed by Join Filter": 2376, "Plans": [{"Node Type": "Seq Scan", "Parent Relationship": "Outer", "Relation Name": "info_type", "Alias": "it1", "Startup Cost": 0.0, "Total Cost": 2.4, "Plan Rows": 1, "Plan Width": 4, "Actual Startup Time": 0.034, "Actual Total Time": 0.063, "Actual Rows": 1, "Actual Loops": 1, "Filter": "((info)::text = 'genres'::text)", "Rows Removed by Filter": 111}, {"Node Type": "Nested Loop", "Parent Relationship": "Inner", "Join Type": "Inner", "Startup Cost": 0.0, "Total Cost": 379779.55, "Plan Rows": 229029, "Plan Width": 59, "Actual Startup Time": 0.815, "Actual Total Time": 9651.833, "Actual Rows": 104892, "Actual Loops": 1, "Inner Unique": false, "Plans": [{"Node Type": "Nested Loop", "Parent Relationship": "Outer", "Join Type": "Inner", "Startup Cost": 0.0, "Total Cost": 37527.17, "Plan Rows": 345008, "Plan Width": 9, "Actual Startup Time": 0.078, "Actual Total Time": 692.748, "Actual Rows": 459925, "Actual Loops": 1, "Inner Unique": false, "Join Filter": "(it2.id = mi_idx.info_type_id), (LLVM Optimized, Jit Execute)", "Rows Removed by Join Filter": 920109, "Plans": [{"Node Type": "Seq Scan", "Parent Relationship": "Outer", "Relation Name": "info_type", "Alias": "it2", "Startup Cost": 0.0, "Total Cost": 2.4, "Plan Rows": 1, "Plan Width": 4, "Actual Startup Time": 0.042, "Actual Total Time": 0.054, "Actual Rows": 1, "Actual Loops": 1, "Filter": "((info)::text = 'votes'::text)", "Rows Removed by Filter": 111}, {"Node Type": "Seq Scan", "Parent Relationship": "Inner", "Relation Name": "movie_info_idx", "Alias": "mi_idx", "Startup Cost": 0.0, "Total Cost": 20274.34, "Plan Rows": 1380034, "Plan Width": 13, "Actual Startup Time": 0.031, "Actual Total Time": 333.525, "Actual Rows": 1380034, "Actual Loops": 1}]}, {"Node Type": "Index Scan", "Parent Relationship": "Inner", "Scan Direction": "Forward", "Index Name": "movie_id_movie_info", "Relation Name": "movie_info", "Alias": "mi", "Startup Cost": 0.0, "Total Cost": 0.98, "Plan Rows": 1, "Plan Width": 50, "Actual Startup Time": 8525.772, "Actual Total Time": 8684.956, "Actual Rows": 104892, "Actual Loops": 459925, "Index Cond": "(movie_id = mi_idx.movie_id)", "Rows Removed by Index Recheck": 0, "Filter": "((info)::text = ANY ('{Horror,Action,Sci-Fi,Thriller,Crime,War}'::text[]))", "Rows Removed by Filter": 6825442}]}]}, {"Node Type": "Index Scan", "Parent Relationship": "Inner", "Scan Direction": "Forward", "Index Name": "title_pkey", "Relation Name": "title", "Alias": "t", "Startup Cost": 0.0, "Total Cost": 0.4, "Plan Rows": 1, "Plan Width": 21, "Actual Startup Time": 442.617, "Actual Total Time": 442.617, "Actual Rows": 102516, "Actual Loops": 102516, "Index Cond": "(id = mi_idx.movie_id)", "Rows Removed by Index Recheck": 0}]}, {"Node Type": "Index Scan", "Parent Relationship": "Inner", "Scan Direction": "Forward", "Index Name": "movie_id_cast_info", "Relation Name": "cast_info", "Alias": "ci", "Startup Cost": 0.0, "Total Cost": 1.01, "Plan Rows": 1, "Plan Width": 8, "Actual Startup Time": 7136.35, "Actual Total Time": 8367.267, "Actual Rows": 54155, "Actual Loops": 102516, "Index Cond": "(movie_id = t.id)", "Rows Removed by Index Recheck": 0, "Filter": "((note)::text = ANY ('{(writer),\"(head writer)\",\"(written by)\",(story),\"(story editor)\"}'::text[]))", "Rows Removed by Filter": 3987641}]}, {"Node Type": "Index Scan", "Parent Relationship": "Inner", "Scan Direction": "Forward", "Index Name": "name_pkey", "Relation Name": "name", "Alias": "n", "Startup Cost": 0.0, "Total Cost": 0.49, "Plan Rows": 1, "Plan Width": 4, "Actual Startup Time": 358.289, "Actual Total Time": 358.289, "Actual Rows": 28073, "Actual Loops": 54155, "Index Cond": "(id = ci.person_id)", "Rows Removed by Index Recheck": 0, "Filter": "((gender)::text = 'm'::text)", "Rows Removed by Filter": 26082}]}]}, "Triggers": [], "Planner Runtime": 5, "Total Runtime": 19143.567, "Unique SQL Id": 3913857139}}, "(1, 29)": {"explain_plan": {"Plan": {"Node Type": "Aggregate", "Strategy": "Plain", "Startup Cost": 385547.34, "Total Cost": 385547.35, "Plan Rows": 1, "Plan Width": 160, "Plans": [{"Node Type": "Nested Loop", "Parent Relationship": "Outer", "Join Type": "Inner", "Startup Cost": 0.0, "Total Cost": 385536.75, "Plan Rows": 1413, "Plan Width": 64, "Inner Unique": true, "Plans": [{"Node Type": "Nested Loop", "Parent Relationship": "Outer", "Join Type": "Inner", "Startup Cost": 0.0, "Total Cost": 384957.48, "Plan Rows": 1155, "Plan Width": 68, "Inner Unique": false, "Plans": [{"Node Type": "Nested Loop", "Parent Relationship": "Outer", "Join Type": "Inner", "Startup Cost": 0.0, "Total Cost": 383895.85, "Plan Rows": 1044, "Plan Width": 76, "Inner Unique": true, "Join Filter": "(mi.movie_id = t.id)", "Plans": [{"Node Type": "Nested Loop", "Parent Relationship": "Outer", "Join Type": "Inner", "Startup Cost": 0.0, "Total Cost": 383467.66, "Plan Rows": 1044, "Plan Width": 55, "Inner Unique": false, "Join Filter": "(mi.info_type_id = it1.id)", "Plans": [{"Node Type": "Index Scan", "Parent Relationship": "Outer", "Scan Direction": "Forward", "Index Name": "info_type_pkey", "Relation Name": "info_type", "Alias": "it1", "Startup Cost": 0.0, "Total Cost": 14.21, "Plan Rows": 1, "Plan Width": 4, "Filter": "((info)::text = 'genres'::text)"}, {"Node Type": "Nested Loop", "Parent Relationship": "Inner", "Join Type": "Inner", "Startup Cost": 0.0, "Total Cost": 380590.58, "Plan Rows": 229029, "Plan Width": 59, "Inner Unique": false, "Plans": [{"Node Type": "Nested Loop", "Parent Relationship": "Outer", "Join Type": "Inner", "Startup Cost": 0.0, "Total Cost": 38338.2, "Plan Rows": 345008, "Plan Width": 9, "Inner Unique": false, "Plans": [{"Node Type": "Index Scan", "Parent Relationship": "Outer", "Scan Direction": "Forward", "Index Name": "info_type_pkey", "Relation Name": "info_type", "Alias": "it2", "Startup Cost": 0.0, "Total Cost": 14.21, "Plan Rows": 1, "Plan Width": 4, "Filter": "((info)::text = 'votes'::text)"}, {"Node Type": "Index Scan", "Parent Relationship": "Inner", "Scan Direction": "Forward", "Index Name": "info_type_id_movie_info_idx", "Relation Name": "movie_info_idx", "Alias": "mi_idx", "Startup Cost": 0.0, "Total Cost": 34873.91, "Plan Rows": 345008, "Plan Width": 13, "Index Cond": "(info_type_id = it2.id), (LLVM Optimized)"}]}, {"Node Type": "Index Scan", "Parent Relationship": "Inner", "Scan Direction": "Forward", "Index Name": "movie_id_movie_info", "Relation Name": "movie_info", "Alias": "mi", "Startup Cost": 0.0, "Total Cost": 0.98, "Plan Rows": 1, "Plan Width": 50, "Index Cond": "(movie_id = mi_idx.movie_id)", "Filter": "((info)::text = ANY ('{Horror,Action,Sci-Fi,Thriller,Crime,War}'::text[]))"}]}]}, {"Node Type": "Index Scan", "Parent Relationship": "Inner", "Scan Direction": "Forward", "Index Name": "title_pkey", "Relation Name": "title", "Alias": "t", "Startup Cost": 0.0, "Total Cost": 0.4, "Plan Rows": 1, "Plan Width": 21, "Index Cond": "(id = mi_idx.movie_id)"}]}, {"Node Type": "Index Scan", "Parent Relationship": "Inner", "Scan Direction": "Forward", "Index Name": "movie_id_cast_info", "Relation Name": "cast_info", "Alias": "ci", "Startup Cost": 0.0, "Total Cost": 1.01, "Plan Rows": 1, "Plan Width": 8, "Index Cond": "(movie_id = t.id)", "Filter": "((note)::text = ANY ('{(writer),\"(head writer)\",\"(written by)\",(story),\"(story editor)\"}'::text[]))"}]}, {"Node Type": "Index Scan", "Parent Relationship": "Inner", "Scan Direction": "Forward", "Index Name": "name_pkey", "Relation Name": "name", "Alias": "n", "Startup Cost": 0.0, "Total Cost": 0.49, "Plan Rows": 1, "Plan Width": 4, "Index Cond": "(id = ci.person_id)", "Filter": "((gender)::text = 'm'::text)"}]}]}, "Unique SQL Id": 3913857139, "Planner Runtime": 16}, "explain_analyze_plan": {"Plan": {"Node Type": "Aggregate", "Strategy": "Plain", "Startup Cost": 385547.34, "Total Cost": 385547.35, "Plan Rows": 1, "Plan Width": 160, "Actual Startup Time": 19858.278, "Actual Total Time": 19858.279, "Actual Rows": 1, "Actual Loops": 1, "Plans": [{"Node Type": "Nested Loop", "Parent Relationship": "Outer", "Join Type": "Inner", "Startup Cost": 0.0, "Total Cost": 385536.75, "Plan Rows": 1413, "Plan Width": 64, "Actual Startup Time": 29.537, "Actual Total Time": 19816.621, "Actual Rows": 28073, "Actual Loops": 1, "Inner Unique": true, "Plans": [{"Node Type": "Nested Loop", "Parent Relationship": "Outer", "Join Type": "Inner", "Startup Cost": 0.0, "Total Cost": 384957.48, "Plan Rows": 1155, "Plan Width": 68, "Actual Startup Time": 14.824, "Actual Total Time": 19381.185, "Actual Rows": 54155, "Actual Loops": 1, "Inner Unique": false, "Plans": [{"Node Type": "Nested Loop", "Parent Relationship": "Outer", "Join Type": "Inner", "Startup Cost": 0.0, "Total Cost": 383895.85, "Plan Rows": 1044, "Plan Width": 76, "Actual Startup Time": 0.924, "Actual Total Time": 10116.383, "Actual Rows": 102516, "Actual Loops": 1, "Inner Unique": true, "Join Filter": "(mi.movie_id = t.id)", "Rows Removed by Join Filter": 0, "Plans": [{"Node Type": "Nested Loop", "Parent Relationship": "Outer", "Join Type": "Inner", "Startup Cost": 0.0, "Total Cost": 383467.66, "Plan Rows": 1044, "Plan Width": 55, "Actual Startup Time": 0.913, "Actual Total Time": 9535.918, "Actual Rows": 102516, "Actual Loops": 1, "Inner Unique": false, "Join Filter": "(mi.info_type_id = it1.id)", "Rows Removed by Join Filter": 2376, "Plans": [{"Node Type": "Index Scan", "Parent Relationship": "Outer", "Scan Direction": "Forward", "Index Name": "info_type_pkey", "Relation Name": "info_type", "Alias": "it1", "Startup Cost": 0.0, "Total Cost": 14.21, "Plan Rows": 1, "Plan Width": 4, "Actual Startup Time": 0.027, "Actual Total Time": 0.081, "Actual Rows": 1, "Actual Loops": 1, "Filter": "((info)::text = 'genres'::text)", "Rows Removed by Filter": 111}, {"Node Type": "Nested Loop", "Parent Relationship": "Inner", "Join Type": "Inner", "Startup Cost": 0.0, "Total Cost": 380590.58, "Plan Rows": 229029, "Plan Width": 59, "Actual Startup Time": 0.88, "Actual Total Time": 9495.878, "Actual Rows": 104892, "Actual Loops": 1, "Inner Unique": false, "Plans": [{"Node Type": "Nested Loop", "Parent Relationship": "Outer", "Join Type": "Inner", "Startup Cost": 0.0, "Total Cost": 38338.2, "Plan Rows": 345008, "Plan Width": 9, "Actual Startup Time": 0.188, "Actual Total Time": 443.881, "Actual Rows": 459925, "Actual Loops": 1, "Inner Unique": false, "Plans": [{"Node Type": "Index Scan", "Parent Relationship": "Outer", "Scan Direction": "Forward", "Index Name": "info_type_pkey", "Relation Name": "info_type", "Alias": "it2", "Startup Cost": 0.0, "Total Cost": 14.21, "Plan Rows": 1, "Plan Width": 4, "Actual Startup Time": 0.054, "Actual Total Time": 0.069, "Actual Rows": 1, "Actual Loops": 1, "Filter": "((info)::text = 'votes'::text)", "Rows Removed by Filter": 111}, {"Node Type": "Index Scan", "Parent Relationship": "Inner", "Scan Direction": "Forward", "Index Name": "info_type_id_movie_info_idx", "Relation Name": "movie_info_idx", "Alias": "mi_idx", "Startup Cost": 0.0, "Total Cost": 34873.91, "Plan Rows": 345008, "Plan Width": 13, "Actual Startup Time": 0.131, "Actual Total Time": 332.33, "Actual Rows": 459925, "Actual Loops": 1, "Index Cond": "(info_type_id = it2.id), (LLVM Optimized, Jit Execute)", "Rows Removed by Index Recheck": 0}]}, {"Node Type": "Index Scan", "Parent Relationship": "Inner", "Scan Direction": "Forward", "Index Name": "movie_id_movie_info", "Relation Name": "movie_info", "Alias": "mi", "Startup Cost": 0.0, "Total Cost": 0.98, "Plan Rows": 1, "Plan Width": 50, "Actual Startup Time": 8619.521, "Actual Total Time": 8782.765, "Actual Rows": 104892, "Actual Loops": 459925, "Index Cond": "(movie_id = mi_idx.movie_id)", "Rows Removed by Index Recheck": 0, "Filter": "((info)::text = ANY ('{Horror,Action,Sci-Fi,Thriller,Crime,War}'::text[]))", "Rows Removed by Filter": 6825442}]}]}, {"Node Type": "Index Scan", "Parent Relationship": "Inner", "Scan Direction": "Forward", "Index Name": "title_pkey", "Relation Name": "title", "Alias": "t", "Startup Cost": 0.0, "Total Cost": 0.4, "Plan Rows": 1, "Plan Width": 21, "Actual Startup Time": 466.75, "Actual Total Time": 466.75, "Actual Rows": 102516, "Actual Loops": 102516, "Index Cond": "(id = mi_idx.movie_id)", "Rows Removed by Index Recheck": 0}]}, {"Node Type": "Index Scan", "Parent Relationship": "Inner", "Scan Direction": "Forward", "Index Name": "movie_id_cast_info", "Relation Name": "cast_info", "Alias": "ci", "Startup Cost": 0.0, "Total Cost": 1.01, "Plan Rows": 1, "Plan Width": 8, "Actual Startup Time": 7837.555, "Actual Total Time": 9194.417, "Actual Rows": 54155, "Actual Loops": 102516, "Index Cond": "(movie_id = t.id)", "Rows Removed by Index Recheck": 0, "Filter": "((note)::text = ANY ('{(writer),\"(head writer)\",\"(written by)\",(story),\"(story editor)\"}'::text[]))", "Rows Removed by Filter": 3987641}]}, {"Node Type": "Index Scan", "Parent Relationship": "Inner", "Scan Direction": "Forward", "Index Name": "name_pkey", "Relation Name": "name", "Alias": "n", "Startup Cost": 0.0, "Total Cost": 0.49, "Plan Rows": 1, "Plan Width": 4, "Actual Startup Time": 390.023, "Actual Total Time": 390.023, "Actual Rows": 28073, "Actual Loops": 54155, "Index Cond": "(id = ci.person_id)", "Rows Removed by Index Recheck": 0, "Filter": "((gender)::text = 'm'::text)", "Rows Removed by Filter": 26082}]}]}, "Triggers": [], "Planner Runtime": 5, "Total Runtime": 19868.04, "Unique SQL Id": 3913857139}}, "(1, 30)": {"explain_plan": {"Plan": {"Node Type": "Aggregate", "Strategy": "Plain", "Startup Cost": 2074891.02, "Total Cost": 2074891.03, "Plan Rows": 1, "Plan Width": 160, "Plans": [{"Node Type": "Merge Join", "Parent Relationship": "Outer", "Join Type": "Inner", "Startup Cost": 2060442.81, "Total Cost": 2074880.42, "Plan Rows": 1413, "Plan Width": 64, "Inner Unique": true, "Merge Cond": "(mi.movie_id = t.id)", "Plans": [{"Node Type": "Merge Join", "Parent Relationship": "Outer", "Join Type": "Inner", "Startup Cost": 1731490.76, "Total Cost": 1733278.43, "Plan Rows": 1413, "Plan Width": 59, "Inner Unique": false, "Merge Cond": "(mi.movie_id = mi_idx.movie_id)", "Plans": [{"Node Type": "Sort", "Parent Relationship": "Outer", "Startup Cost": 1662229.26, "Total Cost": 1662238.45, "Plan Rows": 3677, "Plan Width": 50, "Sort Key": ["ci.movie_id"], "Plans": [{"Node Type": "Merge Join", "Parent Relationship": "Outer", "Join Type": "Inner", "Startup Cost": 1653480.4, "Total Cost": 1662011.5, "Plan Rows": 3677, "Plan Width": 50, "Inner Unique": true, "Merge Cond": "(ci.person_id = n.id)", "Plans": [{"Node Type": "Sort", "Parent Relationship": "Outer", "Startup Cost": 1369553.91, "Total Cost": 1369561.43, "Plan Rows": 3006, "Plan Width": 54, "Sort Key": ["ci.person_id"], "Plans": [{"Node Type": "Merge Join", "Parent Relationship": "Outer", "Join Type": "Inner", "Startup Cost": 1363220.99, "Total Cost": 1369380.26, "Plan Rows": 3006, "Plan Width": 54, "Inner Unique": false, "Merge Cond": "(mi.movie_id = ci.movie_id)", "Plans": [{"Node Type": "Sort", "Parent Relationship": "Outer", "Startup Cost": 411046.9, "Total Cost": 411053.7, "Plan Rows": 2717, "Plan Width": 46, "Sort Key": ["mi.movie_id"], "Plans": [{"Node Type": "Nested Loop", "Parent Relationship": "Outer", "Join Type": "Inner", "Startup Cost": 0.0, "Total Cost": 410891.93, "Plan Rows": 2717, "Plan Width": 46, "Inner Unique": false, "Join Filter": "(it1.id = mi.info_type_id)", "Plans": [{"Node Type": "Seq Scan", "Parent Relationship": "Outer", "Relation Name": "info_type", "Alias": "it1", "Startup Cost": 0.0, "Total Cost": 2.4, "Plan Rows": 1, "Plan Width": 4, "Filter": "((info)::text = 'genres'::text)"}, {"Node Type": "Seq Scan", "Parent Relationship": "Inner", "Relation Name": "movie_info", "Alias": "mi", "Startup Cost": 0.0, "Total Cost": 408512.41, "Plan Rows": 190170, "Plan Width": 50, "Filter": "((info)::text = ANY ('{Horror,Action,Sci-Fi,Thriller,Crime,War}'::text[]))"}]}]}, {"Node Type": "Sort", "Parent Relationship": "Inner", "Startup Cost": 952173.95, "Total Cost": 955231.83, "Plan Rows": 1223154, "Plan Width": 8, "Sort Key": ["ci.movie_id"], "Plans": [{"Node Type": "Seq Scan", "Parent Relationship": "Outer", "Relation Name": "cast_info", "Alias": "ci", "Startup Cost": 0.0, "Total Cost": 828499.78, "Plan Rows": 1223154, "Plan Width": 8, "Filter": "((note)::text = ANY ('{(writer),\"(head writer)\",\"(written by)\",(story),\"(story editor)\"}'::text[]))"}]}]}]}, {"Node Type": "Sort", "Parent Relationship": "Inner", "Startup Cost": 283926.49, "Total Cost": 288278.28, "Plan Rows": 1740714, "Plan Width": 4, "Sort Key": ["n.id"], "Plans": [{"Node Type": "Seq Scan", "Parent Relationship": "Outer", "Relation Name": "name", "Alias": "n", "Startup Cost": 0.0, "Total Cost": 103490.62, "Plan Rows": 1740714, "Plan Width": 4, "Filter": "((gender)::text = 'm'::text), (LLVM Optimized)"}]}]}]}, {"Node Type": "Sort", "Parent Relationship": "Inner", "Startup Cost": 69261.47, "Total Cost": 70123.99, "Plan Rows": 345008, "Plan Width": 9, "Sort Key": ["mi_idx.movie_id"], "Plans": [{"Node Type": "Nested Loop", "Parent Relationship": "Outer", "Join Type": "Inner", "Startup Cost": 0.0, "Total Cost": 37527.17, "Plan Rows": 345008, "Plan Width": 9, "Inner Unique": false, "Join Filter": "(it2.id = mi_idx.info_type_id), (LLVM Optimized)", "Plans": [{"Node Type": "Seq Scan", "Parent Relationship": "Outer", "Relation Name": "info_type", "Alias": "it2", "Startup Cost": 0.0, "Total Cost": 2.4, "Plan Rows": 1, "Plan Width": 4, "Filter": "((info)::text = 'votes'::text)"}, {"Node Type": "Seq Scan", "Parent Relationship": "Inner", "Relation Name": "movie_info_idx", "Alias": "mi_idx", "Startup Cost": 0.0, "Total Cost": 20274.34, "Plan Rows": 1380034, "Plan Width": 13}]}]}]}, {"Node Type": "Sort", "Parent Relationship": "Inner", "Startup Cost": 328951.73, "Total Cost": 335272.51, "Plan Rows": 2528311, "Plan Width": 21, "Sort Key": ["t.id"], "Plans": [{"Node Type": "Seq Scan", "Parent Relationship": "Outer", "Relation Name": "title", "Alias": "t", "Startup Cost": 0.0, "Total Cost": 60069.11, "Plan Rows": 2528311, "Plan Width": 21}]}]}]}, "Unique SQL Id": 3913857139, "Planner Runtime": 28}, "explain_analyze_plan": {"Plan": {"Node Type": "Aggregate", "Strategy": "Plain", "Startup Cost": 2074891.02, "Total Cost": 2074891.03, "Plan Rows": 1, "Plan Width": 160, "Actual Startup Time": 28283.669, "Actual Total Time": 28283.67, "Actual Rows": 1, "Actual Loops": 1, "Plans": [{"Node Type": "Merge Join", "Parent Relationship": "Outer", "Join Type": "Inner", "Startup Cost": 2060442.81, "Total Cost": 2074880.42, "Plan Rows": 1413, "Plan Width": 64, "Actual Startup Time": 27330.246, "Actual Total Time": 28263.339, "Actual Rows": 28073, "Actual Loops": 1, "Inner Unique": true, "Merge Cond": "(mi.movie_id = t.id)", "Plans": [{"Node Type": "Merge Join", "Parent Relationship": "Outer", "Join Type": "Inner", "Startup Cost": 1731490.76, "Total Cost": 1733278.43, "Plan Rows": 1413, "Plan Width": 59, "Actual Startup Time": 25485.695, "Actual Total Time": 25628.795, "Actual Rows": 28073, "Actual Loops": 1, "Inner Unique": false, "Merge Cond": "(mi.movie_id = mi_idx.movie_id)", "Plans": [{"Node Type": "Sort", "Parent Relationship": "Outer", "Startup Cost": 1662229.26, "Total Cost": 1662238.45, "Plan Rows": 3677, "Plan Width": 50, "Actual Startup Time": 24704.249, "Actual Total Time": 24712.089, "Actual Rows": 45263, "Actual Loops": 1, "Sort Key": ["ci.movie_id"], "Sort Method": "quicksort", "Sort Space Used": 5780, "Sort Space Type": "Memory", "Plans": [{"Node Type": "Merge Join", "Parent Relationship": "Outer", "Join Type": "Inner", "Startup Cost": 1653480.4, "Total Cost": 1662011.5, "Plan Rows": 3677, "Plan Width": 50, "Actual Startup Time": 24235.665, "Actual Total Time": 24685.745, "Actual Rows": 45265, "Actual Loops": 1, "Inner Unique": true, "Merge Cond": "(ci.person_id = n.id)", "Plans": [{"Node Type": "Sort", "Parent Relationship": "Outer", "Startup Cost": 1369553.91, "Total Cost": 1369561.43, "Plan Rows": 3006, "Plan Width": 54, "Actual Startup Time": 22260.492, "Actual Total Time": 22267.666, "Actual Rows": 45266, "Actual Loops": 1, "Sort Key": ["ci.person_id"], "Sort Method": "quicksort", "Sort Space Used": 11814, "Sort Space Type": "Memory", "Plans": [{"Node Type": "Merge Join", "Parent Relationship": "Outer", "Join Type": "Inner", "Startup Cost": 1363220.99, "Total Cost": 1369380.26, "Plan Rows": 3006, "Plan Width": 54, "Actual Startup Time": 21823.969, "Actual Total Time": 22224.185, "Actual Rows": 93240, "Actual Loops": 1, "Inner Unique": false, "Merge Cond": "(mi.movie_id = ci.movie_id)", "Plans": [{"Node Type": "Sort", "Parent Relationship": "Outer", "Startup Cost": 411046.9, "Total Cost": 411053.7, "Plan Rows": 2717, "Plan Width": 46, "Actual Startup Time": 7496.519, "Actual Total Time": 7519.417, "Actual Rows": 186594, "Actual Loops": 1, "Sort Key": ["mi.movie_id"], "Sort Method": "quicksort", "Sort Space Used": 23257, "Sort Space Type": "Memory", "Plans": [{"Node Type": "Nested Loop", "Parent Relationship": "Outer", "Join Type": "Inner", "Startup Cost": 0.0, "Total Cost": 410891.93, "Plan Rows": 2717, "Plan Width": 46, "Actual Startup Time": 6498.012, "Actual Total Time": 7428.214, "Actual Rows": 186594, "Actual Loops": 1, "Inner Unique": false, "Join Filter": "(it1.id = mi.info_type_id)", "Rows Removed by Join Filter": 2377, "Plans": [{"Node Type": "Seq Scan", "Parent Relationship": "Outer", "Relation Name": "info_type", "Alias": "it1", "Startup Cost": 0.0, "Total Cost": 2.4, "Plan Rows": 1, "Plan Width": 4, "Actual Startup Time": 0.032, "Actual Total Time": 0.14, "Actual Rows": 1, "Actual Loops": 1, "Filter": "((info)::text = 'genres'::text)", "Rows Removed by Filter": 111}, {"Node Type": "Seq Scan", "Parent Relationship": "Inner", "Relation Name": "movie_info", "Alias": "mi", "Startup Cost": 0.0, "Total Cost": 408512.41, "Plan Rows": 190170, "Plan Width": 50, "Actual Startup Time": 3528.036, "Actual Total Time": 7366.442, "Actual Rows": 188971, "Actual Loops": 1, "Filter": "((info)::text = ANY ('{Horror,Action,Sci-Fi,Thriller,Crime,War}'::text[]))", "Rows Removed by Filter": 14646748}]}]}, {"Node Type": "Sort", "Parent Relationship": "Inner", "Startup Cost": 952173.95, "Total Cost": 955231.83, "Plan Rows": 1223154, "Plan Width": 8, "Actual Startup Time": 14325.892, "Actual Total Time": 14483.331, "Actual Rows": 1269384, "Actual Loops": 1, "Sort Key": ["ci.movie_id"], "Sort Method": "quicksort", "Sort Space Used": 126947, "Sort Space Type": "Memory", "Plans": [{"Node Type": "Seq Scan", "Parent Relationship": "Outer", "Relation Name": "cast_info", "Alias": "ci", "Startup Cost": 0.0, "Total Cost": 828499.78, "Plan Rows": 1223154, "Plan Width": 8, "Actual Startup Time": 390.863, "Actual Total Time": 13865.022, "Actual Rows": 1244716, "Actual Loops": 1, "Filter": "((note)::text = ANY ('{(writer),\"(head writer)\",\"(written by)\",(story),\"(story editor)\"}'::text[]))", "Rows Removed by Filter": 34999627}]}]}]}, {"Node Type": "Sort", "Parent Relationship": "Inner", "Startup Cost": 283926.49, "Total Cost": 288278.28, "Plan Rows": 1740714, "Plan Width": 4, "Actual Startup Time": 1975.137, "Actual Total Time": 2167.715, "Actual Rows": 1739578, "Actual Loops": 1, "Sort Key": ["n.id"], "Sort Method": "quicksort", "Sort Space Used": 157876, "Sort Space Type": "Memory", "Plans": [{"Node Type": "Seq Scan", "Parent Relationship": "Outer", "Relation Name": "name", "Alias": "n", "Startup Cost": 0.0, "Total Cost": 103490.62, "Plan Rows": 1740714, "Plan Width": 4, "Actual Startup Time": 0.033, "Actual Total Time": 1346.392, "Actual Rows": 1739578, "Actual Loops": 1, "Filter": "((gender)::text = 'm'::text), (LLVM Optimized, Jit Execute)", "Rows Removed by Filter": 2427912}]}]}]}, {"Node Type": "Sort", "Parent Relationship": "Inner", "Startup Cost": 69261.47, "Total Cost": 70123.99, "Plan Rows": 345008, "Plan Width": 9, "Actual Startup Time": 780.876, "Actual Total Time": 829.411, "Actual Rows": 472441, "Actual Loops": 1, "Sort Key": ["mi_idx.movie_id"], "Sort Method": "quicksort", "Sort Space Used": 41679, "Sort Space Type": "Memory", "Plans": [{"Node Type": "Nested Loop", "Parent Relationship": "Outer", "Join Type": "Inner", "Startup Cost": 0.0, "Total Cost": 37527.17, "Plan Rows": 345008, "Plan Width": 9, "Actual Startup Time": 0.126, "Actual Total Time": 620.19, "Actual Rows": 459925, "Actual Loops": 1, "Inner Unique": false, "Join Filter": "(it2.id = mi_idx.info_type_id), (LLVM Optimized, Jit Execute)", "Rows Removed by Join Filter": 920109, "Plans": [{"Node Type": "Seq Scan", "Parent Relationship": "Outer", "Relation Name": "info_type", "Alias": "it2", "Startup Cost": 0.0, "Total Cost": 2.4, "Plan Rows": 1, "Plan Width": 4, "Actual Startup Time": 0.081, "Actual Total Time": 0.105, "Actual Rows": 1, "Actual Loops": 1, "Filter": "((info)::text = 'votes'::text)", "Rows Removed by Filter": 111}, {"Node Type": "Seq Scan", "Parent Relationship": "Inner", "Relation Name": "movie_info_idx", "Alias": "mi_idx", "Startup Cost": 0.0, "Total Cost": 20274.34, "Plan Rows": 1380034, "Plan Width": 13, "Actual Startup Time": 0.029, "Actual Total Time": 308.897, "Actual Rows": 1380034, "Actual Loops": 1}]}]}]}, {"Node Type": "Sort", "Parent Relationship": "Inner", "Startup Cost": 328951.73, "Total Cost": 335272.51, "Plan Rows": 2528311, "Plan Width": 21, "Actual Startup Time": 1841.015, "Actual Total Time": 2243.7, "Actual Rows": 2525792, "Actual Loops": 1, "Sort Key": ["t.id"], "Sort Method": "quicksort", "Sort Space Used": 344074, "Sort Space Type": "Memory", "Plans": [{"Node Type": "Seq Scan", "Parent Relationship": "Outer", "Relation Name": "title", "Alias": "t", "Startup Cost": 0.0, "Total Cost": 60069.11, "Plan Rows": 2528311, "Plan Width": 21, "Actual Startup Time": 0.033, "Actual Total Time": 783.033, "Actual Rows": 2528311, "Actual Loops": 1}]}]}]}, "Triggers": [], "Planner Runtime": 28, "Total Runtime": 28292.84, "Unique SQL Id": 3913857139}}, "(1, 31)": {"explain_plan": {"Plan": {"Node Type": "Aggregate", "Strategy": "Plain", "Startup Cost": 6974941462121.7, "Total Cost": 6974941462121.71, "Plan Rows": 1, "Plan Width": 160, "Plans": [{"Node Type": "Merge Join", "Parent Relationship": "Outer", "Join Type": "Inner", "Startup Cost": 70000000000.0, "Total Cost": 6974941462111.11, "Plan Rows": 1413, "Plan Width": 64, "Inner Unique": true, "Merge Cond": "(ci.person_id = n.id)", "Plans": [{"Node Type": "Nested Loop", "Parent Relationship": "Outer", "Join Type": "Inner", "Startup Cost": 60000000000.0, "Total Cost": 6000433185113.17, "Plan Rows": 1155, "Plan Width": 68, "Inner Unique": true, "Join Filter": "(mi.movie_id = t.id)", "Plans": [{"Node Type": "Nested Loop", "Parent Relationship": "Outer", "Join Type": "Inner", "Startup Cost": 50000000000.0, "Total Cost": 5000378363755.41, "Plan Rows": 1155, "Plan Width": 63, "Inner Unique": false, "Join Filter": "(mi_idx.movie_id = mi.movie_id)", "Plans": [{"Node Type": "Nested Loop", "Parent Relationship": "Outer", "Join Type": "Inner", "Startup Cost": 30000000000.0, "Total Cost": 3000358134325.29, "Plan Rows": 3006, "Plan Width": 54, "Inner Unique": false, "Join Filter": "(mi.movie_id = ci.movie_id)", "Plans": [{"Node Type": "Index Scan", "Parent Relationship": "Outer", "Scan Direction": "Forward", "Index Name": "person_id_cast_info", "Relation Name": "cast_info", "Alias": "ci", "Startup Cost": 10000000000.0, "Total Cost": 1000193311016.96, "Plan Rows": 1223154, "Plan Width": 8, "Filter": "((note)::text = ANY ('{(writer),\"(head writer)\",\"(written by)\",(story),\"(story editor)\"}'::text[]))"}, {"Node Type": "Materialize", "Parent Relationship": "Inner", "Startup Cost": 20000000000.0, "Total Cost": 2000114973673.85, "Plan Rows": 2717, "Plan Width": 46, "Plans": [{"Node Type": "Nested Loop", "Parent Relationship": "Outer", "Join Type": "Inner", "Startup Cost": 20000000000.0, "Total Cost": 2000114973660.27, "Plan Rows": 2717, "Plan Width": 46, "Inner Unique": true, "Join Filter": "(it1.id = mi.info_type_id)", "Plans": [{"Node Type": "Index Scan", "Parent Relationship": "Outer", "Scan Direction": "Forward", "Index Name": "movie_id_movie_info", "Relation Name": "movie_info", "Alias": "mi", "Startup Cost": 10000000000.0, "Total Cost": 1000114969386.72, "Plan Rows": 190170, "Plan Width": 50, "Filter": "((info)::text = ANY ('{Horror,Action,Sci-Fi,Thriller,Crime,War}'::text[]))"}, {"Node Type": "Materialize", "Parent Relationship": "Inner", "Startup Cost": 10000000000.0, "Total Cost": 1000000001421.0, "Plan Rows": 1, "Plan Width": 4, "Plans": [{"Node Type": "Index Scan", "Parent Relationship": "Outer", "Scan Direction": "Forward", "Index Name": "info_type_pkey", "Relation Name": "info_type", "Alias": "it1", "Startup Cost": 10000000000.0, "Total Cost": 1000000001421.0, "Plan Rows": 1, "Plan Width": 4, "Filter": "((info)::text = 'genres'::text)"}]}]}]}]}, {"Node Type": "Materialize", "Parent Relationship": "Inner", "Startup Cost": 20000000000.0, "Total Cost": 2000004673881.92, "Plan Rows": 345008, "Plan Width": 9, "Plans": [{"Node Type": "Nested Loop", "Parent Relationship": "Outer", "Join Type": "Inner", "Startup Cost": 20000000000.0, "Total Cost": 2000004672156.88, "Plan Rows": 345008, "Plan Width": 9, "Inner Unique": true, "Join Filter": "(it2.id = mi_idx.info_type_id), (LLVM Optimized)", "Plans": [{"Node Type": "Index Scan", "Parent Relationship": "Outer", "Scan Direction": "Forward", "Index Name": "movie_id_movie_info_idx", "Relation Name": "movie_info_idx", "Alias": "mi_idx", "Startup Cost": 10000000000.0, "Total Cost": 1000004650035.37, "Plan Rows": 1380034, "Plan Width": 13}, {"Node Type": "Materialize", "Parent Relationship": "Inner", "Startup Cost": 10000000000.0, "Total Cost": 1000000001421.0, "Plan Rows": 1, "Plan Width": 4, "Plans": [{"Node Type": "Index Scan", "Parent Relationship": "Outer", "Scan Direction": "Forward", "Index Name": "info_type_pkey", "Relation Name": "info_type", "Alias": "it2", "Startup Cost": 10000000000.0, "Total Cost": 1000000001421.0, "Plan Rows": 1, "Plan Width": 4, "Filter": "((info)::text = 'votes'::text)"}]}]}]}]}, {"Node Type": "Materialize", "Parent Relationship": "Inner", "Startup Cost": 10000000000.0, "Total Cost": 1000011024690.47, "Plan Rows": 2528311, "Plan Width": 21, "Plans": [{"Node Type": "Index Scan", "Parent Relationship": "Outer", "Scan Direction": "Forward", "Index Name": "title_pkey", "Relation Name": "title", "Alias": "t", "Startup Cost": 10000000000.0, "Total Cost": 1000011012048.91, "Plan Rows": 2528311, "Plan Width": 21}]}]}, {"Node Type": "Index Scan", "Parent Relationship": "Inner", "Scan Direction": "Forward", "Index Name": "name_pkey", "Relation Name": "name", "Alias": "n", "Startup Cost": 10000000000.0, "Total Cost": 1000018665147.2, "Plan Rows": 1740714, "Plan Width": 4, "Filter": "((gender)::text = 'm'::text), (LLVM Optimized)"}]}]}, "Unique SQL Id": 3913857139, "Planner Runtime": 51}, "explain_analyze_plan": null}, "(1, 32)": {"explain_plan": {"Plan": {"Node Type": "Aggregate", "Strategy": "Plain", "Startup Cost": 168594.43, "Total Cost": 168594.44, "Plan Rows": 1, "Plan Width": 160, "Plans": [{"Node Type": "Nested Loop", "Parent Relationship": "Outer", "Join Type": "Inner", "Startup Cost": 4842.14, "Total Cost": 168583.83, "Plan Rows": 1413, "Plan Width": 64, "Inner Unique": true, "Plans": [{"Node Type": "Nested Loop", "Parent Relationship": "Outer", "Join Type": "Inner", "Startup Cost": 4842.14, "Total Cost": 168004.57, "Plan Rows": 1155, "Plan Width": 68, "Inner Unique": false, "Plans": [{"Node Type": "Nested Loop", "Parent Relationship": "Outer", "Join Type": "Inner", "Startup Cost": 4842.14, "Total Cost": 166942.93, "Plan Rows": 1044, "Plan Width": 76, "Inner Unique": true, "Join Filter": "(mi.movie_id = t.id)", "Plans": [{"Node Type": "Nested Loop", "Parent Relationship": "Outer", "Join Type": "Inner", "Startup Cost": 4842.14, "Total Cost": 166514.74, "Plan Rows": 1044, "Plan Width": 55, "Inner Unique": false, "Join Filter": "(mi_idx.info_type_id = it2.id)", "Plans": [{"Node Type": "Seq Scan", "Parent Relationship": "Outer", "Relation Name": "info_type", "Alias": "it2", "Startup Cost": 0.0, "Total Cost": 2.4, "Plan Rows": 1, "Plan Width": 4, "Filter": "((info)::text = 'votes'::text)"}, {"Node Type": "Nested Loop", "Parent Relationship": "Inner", "Join Type": "Inner", "Startup Cost": 4842.14, "Total Cost": 166460.15, "Plan Rows": 4175, "Plan Width": 59, "Inner Unique": false, "Plans": [{"Node Type": "Nested Loop", "Parent Relationship": "Outer", "Join Type": "Inner", "Startup Cost": 4842.14, "Total Cost": 164972.1, "Plan Rows": 2717, "Plan Width": 46, "Inner Unique": false, "Plans": [{"Node Type": "Seq Scan", "Parent Relationship": "Outer", "Relation Name": "info_type", "Alias": "it1", "Startup Cost": 0.0, "Total Cost": 2.4, "Plan Rows": 1, "Plan Width": 4, "Filter": "((info)::text = 'genres'::text)"}, {"Node Type": "Bitmap Heap Scan", "Parent Relationship": "Inner", "Relation Name": "movie_info", "Alias": "mi", "Startup Cost": 4842.14, "Total Cost": 164942.53, "Plan Rows": 2717, "Plan Width": 50, "Recheck Cond": "(info_type_id = it1.id)", "Filter": "((info)::text = ANY ('{Horror,Action,Sci-Fi,Thriller,Crime,War}'::text[]))", "Plans": [{"Node Type": "Bitmap Index Scan", "Parent Relationship": "Outer", "Index Name": "info_type_id_movie_info", "Startup Cost": 0.0, "Total Cost": 4841.46, "Plan Rows": 212428, "Plan Width": 0, "Index Cond": "(info_type_id = it1.id)"}]}]}, {"Node Type": "Index Scan", "Parent Relationship": "Inner", "Scan Direction": "Forward", "Index Name": "movie_id_movie_info_idx", "Relation Name": "movie_info_idx", "Alias": "mi_idx", "Startup Cost": 0.0, "Total Cost": 0.53, "Plan Rows": 2, "Plan Width": 13, "Index Cond": "(movie_id = mi.movie_id)"}]}]}, {"Node Type": "Index Scan", "Parent Relationship": "Inner", "Scan Direction": "Forward", "Index Name": "title_pkey", "Relation Name": "title", "Alias": "t", "Startup Cost": 0.0, "Total Cost": 0.4, "Plan Rows": 1, "Plan Width": 21, "Index Cond": "(id = mi_idx.movie_id)"}]}, {"Node Type": "Index Scan", "Parent Relationship": "Inner", "Scan Direction": "Forward", "Index Name": "movie_id_cast_info", "Relation Name": "cast_info", "Alias": "ci", "Startup Cost": 0.0, "Total Cost": 1.01, "Plan Rows": 1, "Plan Width": 8, "Index Cond": "(movie_id = t.id)", "Filter": "((note)::text = ANY ('{(writer),\"(head writer)\",\"(written by)\",(story),\"(story editor)\"}'::text[]))"}]}, {"Node Type": "Index Scan", "Parent Relationship": "Inner", "Scan Direction": "Forward", "Index Name": "name_pkey", "Relation Name": "name", "Alias": "n", "Startup Cost": 0.0, "Total Cost": 0.49, "Plan Rows": 1, "Plan Width": 4, "Index Cond": "(id = ci.person_id)", "Filter": "((gender)::text = 'm'::text)"}]}]}, "Unique SQL Id": 3913857139, "Planner Runtime": 11}, "explain_analyze_plan": {"Plan": {"Node Type": "Aggregate", "Strategy": "Plain", "Startup Cost": 168594.43, "Total Cost": 168594.44, "Plan Rows": 1, "Plan Width": 160, "Actual Startup Time": 10962.342, "Actual Total Time": 10962.342, "Actual Rows": 1, "Actual Loops": 1, "Plans": [{"Node Type": "Nested Loop", "Parent Relationship": "Outer", "Join Type": "Inner", "Startup Cost": 4842.14, "Total Cost": 168583.83, "Plan Rows": 1413, "Plan Width": 64, "Actual Startup Time": 182.238, "Actual Total Time": 10918.825, "Actual Rows": 28073, "Actual Loops": 1, "Inner Unique": true, "Plans": [{"Node Type": "Nested Loop", "Parent Relationship": "Outer", "Join Type": "Inner", "Startup Cost": 4842.14, "Total Cost": 168004.57, "Plan Rows": 1155, "Plan Width": 68, "Actual Startup Time": 179.995, "Actual Total Time": 10530.664, "Actual Rows": 54155, "Actual Loops": 1, "Inner Unique": false, "Plans": [{"Node Type": "Nested Loop", "Parent Relationship": "Outer", "Join Type": "Inner", "Startup Cost": 4842.14, "Total Cost": 166942.93, "Plan Rows": 1044, "Plan Width": 76, "Actual Startup Time": 177.445, "Actual Total Time": 2626.7, "Actual Rows": 102516, "Actual Loops": 1, "Inner Unique": true, "Join Filter": "(mi.movie_id = t.id)", "Rows Removed by Join Filter": 0, "Plans": [{"Node Type": "Nested Loop", "Parent Relationship": "Outer", "Join Type": "Inner", "Startup Cost": 4842.14, "Total Cost": 166514.74, "Plan Rows": 1044, "Plan Width": 55, "Actual Startup Time": 177.415, "Actual Total Time": 2091.352, "Actual Rows": 102516, "Actual Loops": 1, "Inner Unique": false, "Join Filter": "(mi_idx.info_type_id = it2.id)", "Rows Removed by Join Filter": 205269, "Plans": [{"Node Type": "Seq Scan", "Parent Relationship": "Outer", "Relation Name": "info_type", "Alias": "it2", "Startup Cost": 0.0, "Total Cost": 2.4, "Plan Rows": 1, "Plan Width": 4, "Actual Startup Time": 0.051, "Actual Total Time": 0.06, "Actual Rows": 1, "Actual Loops": 1, "Filter": "((info)::text = 'votes'::text)", "Rows Removed by Filter": 111}, {"Node Type": "Nested Loop", "Parent Relationship": "Inner", "Join Type": "Inner", "Startup Cost": 4842.14, "Total Cost": 166460.15, "Plan Rows": 4175, "Plan Width": 59, "Actual Startup Time": 177.338, "Actual Total Time": 2000.149, "Actual Rows": 307785, "Actual Loops": 1, "Inner Unique": false, "Plans": [{"Node Type": "Nested Loop", "Parent Relationship": "Outer", "Join Type": "Inner", "Startup Cost": 4842.14, "Total Cost": 164972.1, "Plan Rows": 2717, "Plan Width": 46, "Actual Startup Time": 177.302, "Actual Total Time": 1152.01, "Actual Rows": 186594, "Actual Loops": 1, "Inner Unique": false, "Plans": [{"Node Type": "Seq Scan", "Parent Relationship": "Outer", "Relation Name": "info_type", "Alias": "it1", "Startup Cost": 0.0, "Total Cost": 2.4, "Plan Rows": 1, "Plan Width": 4, "Actual Startup Time": 0.022, "Actual Total Time": 0.06, "Actual Rows": 1, "Actual Loops": 1, "Filter": "((info)::text = 'genres'::text)", "Rows Removed by Filter": 111}, {"Node Type": "Bitmap Heap Scan", "Parent Relationship": "Inner", "Relation Name": "movie_info", "Alias": "mi", "Startup Cost": 4842.14, "Total Cost": 164942.53, "Plan Rows": 2717, "Plan Width": 50, "Actual Startup Time": 177.275, "Actual Total Time": 1109.223, "Actual Rows": 186594, "Actual Loops": 1, "Recheck Cond": "(info_type_id = it1.id)", "Rows Removed by Index Recheck": 0, "Filter": "((info)::text = ANY ('{Horror,Action,Sci-Fi,Thriller,Crime,War}'::text[]))", "Rows Removed by Filter": 1347315, "Exact Heap Blocks": 7426, "Lossy Heap Blocks": 7426, "Plans": [{"Node Type": "Bitmap Index Scan", "Parent Relationship": "Outer", "Index Name": "info_type_id_movie_info", "Startup Cost": 0.0, "Total Cost": 4841.46, "Plan Rows": 212428, "Plan Width": 0, "Actual Startup Time": 175.891, "Actual Total Time": 175.891, "Actual Rows": 1533909, "Actual Loops": 1, "Index Cond": "(info_type_id = it1.id)"}]}]}, {"Node Type": "Index Scan", "Parent Relationship": "Inner", "Scan Direction": "Forward", "Index Name": "movie_id_movie_info_idx", "Relation Name": "movie_info_idx", "Alias": "mi_idx", "Startup Cost": 0.0, "Total Cost": 0.53, "Plan Rows": 2, "Plan Width": 13, "Actual Startup Time": 547.884, "Actual Total Time": 667.997, "Actual Rows": 307785, "Actual Loops": 186594, "Index Cond": "(movie_id = mi.movie_id)", "Rows Removed by Index Recheck": 0}]}]}, {"Node Type": "Index Scan", "Parent Relationship": "Inner", "Scan Direction": "Forward", "Index Name": "title_pkey", "Relation Name": "title", "Alias": "t", "Startup Cost": 0.0, "Total Cost": 0.4, "Plan Rows": 1, "Plan Width": 21, "Actual Startup Time": 422.794, "Actual Total Time": 422.794, "Actual Rows": 102516, "Actual Loops": 102516, "Index Cond": "(id = mi_idx.movie_id)", "Rows Removed by Index Recheck": 0}]}, {"Node Type": "Index Scan", "Parent Relationship": "Inner", "Scan Direction": "Forward", "Index Name": "movie_id_cast_info", "Relation Name": "cast_info", "Alias": "ci", "Startup Cost": 0.0, "Total Cost": 1.01, "Plan Rows": 1, "Plan Width": 8, "Actual Startup Time": 6671.429, "Actual Total Time": 7830.07, "Actual Rows": 54155, "Actual Loops": 102516, "Index Cond": "(movie_id = t.id)", "Rows Removed by Index Recheck": 0, "Filter": "((note)::text = ANY ('{(writer),\"(head writer)\",\"(written by)\",(story),\"(story editor)\"}'::text[]))", "Rows Removed by Filter": 3987641}]}, {"Node Type": "Index Scan", "Parent Relationship": "Inner", "Scan Direction": "Forward", "Index Name": "name_pkey", "Relation Name": "name", "Alias": "n", "Startup Cost": 0.0, "Total Cost": 0.49, "Plan Rows": 1, "Plan Width": 4, "Actual Startup Time": 341.049, "Actual Total Time": 341.049, "Actual Rows": 28073, "Actual Loops": 54155, "Index Cond": "(id = ci.person_id)", "Rows Removed by Index Recheck": 0, "Filter": "((gender)::text = 'm'::text)", "Rows Removed by Filter": 26082}]}]}, "Triggers": [], "Planner Runtime": 5, "Total Runtime": 10962.78, "Unique SQL Id": 3913857139}}, "(1, 33)": {"explain_plan": {"Plan": {"Node Type": "Aggregate", "Strategy": "Plain", "Startup Cost": 168618.05, "Total Cost": 168618.06, "Plan Rows": 1, "Plan Width": 160, "Plans": [{"Node Type": "Nested Loop", "Parent Relationship": "Outer", "Join Type": "Inner", "Startup Cost": 4842.14, "Total Cost": 168607.45, "Plan Rows": 1413, "Plan Width": 64, "Inner Unique": true, "Plans": [{"Node Type": "Nested Loop", "Parent Relationship": "Outer", "Join Type": "Inner", "Startup Cost": 4842.14, "Total Cost": 168028.19, "Plan Rows": 1155, "Plan Width": 68, "Inner Unique": false, "Plans": [{"Node Type": "Nested Loop", "Parent Relationship": "Outer", "Join Type": "Inner", "Startup Cost": 4842.14, "Total Cost": 166966.55, "Plan Rows": 1044, "Plan Width": 76, "Inner Unique": true, "Join Filter": "(mi.movie_id = t.id)", "Plans": [{"Node Type": "Nested Loop", "Parent Relationship": "Outer", "Join Type": "Inner", "Startup Cost": 4842.14, "Total Cost": 166538.36, "Plan Rows": 1044, "Plan Width": 55, "Inner Unique": false, "Join Filter": "(mi_idx.info_type_id = it2.id)", "Plans": [{"Node Type": "Index Scan", "Parent Relationship": "Outer", "Scan Direction": "Forward", "Index Name": "info_type_pkey", "Relation Name": "info_type", "Alias": "it2", "Startup Cost": 0.0, "Total Cost": 14.21, "Plan Rows": 1, "Plan Width": 4, "Filter": "((info)::text = 'votes'::text)"}, {"Node Type": "Nested Loop", "Parent Relationship": "Inner", "Join Type": "Inner", "Startup Cost": 4842.14, "Total Cost": 166471.96, "Plan Rows": 4175, "Plan Width": 59, "Inner Unique": false, "Plans": [{"Node Type": "Nested Loop", "Parent Relationship": "Outer", "Join Type": "Inner", "Startup Cost": 4842.14, "Total Cost": 164983.91, "Plan Rows": 2717, "Plan Width": 46, "Inner Unique": false, "Plans": [{"Node Type": "Index Scan", "Parent Relationship": "Outer", "Scan Direction": "Forward", "Index Name": "info_type_pkey", "Relation Name": "info_type", "Alias": "it1", "Startup Cost": 0.0, "Total Cost": 14.21, "Plan Rows": 1, "Plan Width": 4, "Filter": "((info)::text = 'genres'::text)"}, {"Node Type": "Bitmap Heap Scan", "Parent Relationship": "Inner", "Relation Name": "movie_info", "Alias": "mi", "Startup Cost": 4842.14, "Total Cost": 164942.53, "Plan Rows": 2717, "Plan Width": 50, "Recheck Cond": "(info_type_id = it1.id)", "Filter": "((info)::text = ANY ('{Horror,Action,Sci-Fi,Thriller,Crime,War}'::text[]))", "Plans": [{"Node Type": "Bitmap Index Scan", "Parent Relationship": "Outer", "Index Name": "info_type_id_movie_info", "Startup Cost": 0.0, "Total Cost": 4841.46, "Plan Rows": 212428, "Plan Width": 0, "Index Cond": "(info_type_id = it1.id)"}]}]}, {"Node Type": "Index Scan", "Parent Relationship": "Inner", "Scan Direction": "Forward", "Index Name": "movie_id_movie_info_idx", "Relation Name": "movie_info_idx", "Alias": "mi_idx", "Startup Cost": 0.0, "Total Cost": 0.53, "Plan Rows": 2, "Plan Width": 13, "Index Cond": "(movie_id = mi.movie_id)"}]}]}, {"Node Type": "Index Scan", "Parent Relationship": "Inner", "Scan Direction": "Forward", "Index Name": "title_pkey", "Relation Name": "title", "Alias": "t", "Startup Cost": 0.0, "Total Cost": 0.4, "Plan Rows": 1, "Plan Width": 21, "Index Cond": "(id = mi_idx.movie_id)"}]}, {"Node Type": "Index Scan", "Parent Relationship": "Inner", "Scan Direction": "Forward", "Index Name": "movie_id_cast_info", "Relation Name": "cast_info", "Alias": "ci", "Startup Cost": 0.0, "Total Cost": 1.01, "Plan Rows": 1, "Plan Width": 8, "Index Cond": "(movie_id = t.id)", "Filter": "((note)::text = ANY ('{(writer),\"(head writer)\",\"(written by)\",(story),\"(story editor)\"}'::text[]))"}]}, {"Node Type": "Index Scan", "Parent Relationship": "Inner", "Scan Direction": "Forward", "Index Name": "name_pkey", "Relation Name": "name", "Alias": "n", "Startup Cost": 0.0, "Total Cost": 0.49, "Plan Rows": 1, "Plan Width": 4, "Index Cond": "(id = ci.person_id)", "Filter": "((gender)::text = 'm'::text)"}]}]}, "Unique SQL Id": 3913857139, "Planner Runtime": 8}, "explain_analyze_plan": {"Plan": {"Node Type": "Aggregate", "Strategy": "Plain", "Startup Cost": 168618.05, "Total Cost": 168618.06, "Plan Rows": 1, "Plan Width": 160, "Actual Startup Time": 10985.018, "Actual Total Time": 10985.019, "Actual Rows": 1, "Actual Loops": 1, "Plans": [{"Node Type": "Nested Loop", "Parent Relationship": "Outer", "Join Type": "Inner", "Startup Cost": 4842.14, "Total Cost": 168607.45, "Plan Rows": 1413, "Plan Width": 64, "Actual Startup Time": 175.61, "Actual Total Time": 10939.798, "Actual Rows": 28073, "Actual Loops": 1, "Inner Unique": true, "Plans": [{"Node Type": "Nested Loop", "Parent Relationship": "Outer", "Join Type": "Inner", "Startup Cost": 4842.14, "Total Cost": 168028.19, "Plan Rows": 1155, "Plan Width": 68, "Actual Startup Time": 173.738, "Actual Total Time": 10546.49, "Actual Rows": 54155, "Actual Loops": 1, "Inner Unique": false, "Plans": [{"Node Type": "Nested Loop", "Parent Relationship": "Outer", "Join Type": "Inner", "Startup Cost": 4842.14, "Total Cost": 166966.55, "Plan Rows": 1044, "Plan Width": 76, "Actual Startup Time": 171.478, "Actual Total Time": 2622.411, "Actual Rows": 102516, "Actual Loops": 1, "Inner Unique": true, "Join Filter": "(mi.movie_id = t.id)", "Rows Removed by Join Filter": 0, "Plans": [{"Node Type": "Nested Loop", "Parent Relationship": "Outer", "Join Type": "Inner", "Startup Cost": 4842.14, "Total Cost": 166538.36, "Plan Rows": 1044, "Plan Width": 55, "Actual Startup Time": 171.46, "Actual Total Time": 2084.763, "Actual Rows": 102516, "Actual Loops": 1, "Inner Unique": false, "Join Filter": "(mi_idx.info_type_id = it2.id)", "Rows Removed by Join Filter": 205269, "Plans": [{"Node Type": "Index Scan", "Parent Relationship": "Outer", "Scan Direction": "Forward", "Index Name": "info_type_pkey", "Relation Name": "info_type", "Alias": "it2", "Startup Cost": 0.0, "Total Cost": 14.21, "Plan Rows": 1, "Plan Width": 4, "Actual Startup Time": 0.077, "Actual Total Time": 0.096, "Actual Rows": 1, "Actual Loops": 1, "Filter": "((info)::text = 'votes'::text)", "Rows Removed by Filter": 111}, {"Node Type": "Nested Loop", "Parent Relationship": "Inner", "Join Type": "Inner", "Startup Cost": 4842.14, "Total Cost": 166471.96, "Plan Rows": 4175, "Plan Width": 59, "Actual Startup Time": 171.352, "Actual Total Time": 1994.85, "Actual Rows": 307785, "Actual Loops": 1, "Inner Unique": false, "Plans": [{"Node Type": "Nested Loop", "Parent Relationship": "Outer", "Join Type": "Inner", "Startup Cost": 4842.14, "Total Cost": 164983.91, "Plan Rows": 2717, "Plan Width": 46, "Actual Startup Time": 171.315, "Actual Total Time": 1144.549, "Actual Rows": 186594, "Actual Loops": 1, "Inner Unique": false, "Plans": [{"Node Type": "Index Scan", "Parent Relationship": "Outer", "Scan Direction": "Forward", "Index Name": "info_type_pkey", "Relation Name": "info_type", "Alias": "it1", "Startup Cost": 0.0, "Total Cost": 14.21, "Plan Rows": 1, "Plan Width": 4, "Actual Startup Time": 0.009, "Actual Total Time": 0.198, "Actual Rows": 1, "Actual Loops": 1, "Filter": "((info)::text = 'genres'::text)", "Rows Removed by Filter": 111}, {"Node Type": "Bitmap Heap Scan", "Parent Relationship": "Inner", "Relation Name": "movie_info", "Alias": "mi", "Startup Cost": 4842.14, "Total Cost": 164942.53, "Plan Rows": 2717, "Plan Width": 50, "Actual Startup Time": 171.298, "Actual Total Time": 1101.073, "Actual Rows": 186594, "Actual Loops": 1, "Recheck Cond": "(info_type_id = it1.id)", "Rows Removed by Index Recheck": 0, "Filter": "((info)::text = ANY ('{Horror,Action,Sci-Fi,Thriller,Crime,War}'::text[]))", "Rows Removed by Filter": 1347315, "Exact Heap Blocks": 7426, "Lossy Heap Blocks": 7426, "Plans": [{"Node Type": "Bitmap Index Scan", "Parent Relationship": "Outer", "Index Name": "info_type_id_movie_info", "Startup Cost": 0.0, "Total Cost": 4841.46, "Plan Rows": 212428, "Plan Width": 0, "Actual Startup Time": 169.856, "Actual Total Time": 169.856, "Actual Rows": 1533909, "Actual Loops": 1, "Index Cond": "(info_type_id = it1.id)"}]}]}, {"Node Type": "Index Scan", "Parent Relationship": "Inner", "Scan Direction": "Forward", "Index Name": "movie_id_movie_info_idx", "Relation Name": "movie_info_idx", "Alias": "mi_idx", "Startup Cost": 0.0, "Total Cost": 0.53, "Plan Rows": 2, "Plan Width": 13, "Actual Startup Time": 553.72, "Actual Total Time": 672.151, "Actual Rows": 307785, "Actual Loops": 186594, "Index Cond": "(movie_id = mi.movie_id)", "Rows Removed by Index Recheck": 0}]}]}, {"Node Type": "Index Scan", "Parent Relationship": "Inner", "Scan Direction": "Forward", "Index Name": "title_pkey", "Relation Name": "title", "Alias": "t", "Startup Cost": 0.0, "Total Cost": 0.4, "Plan Rows": 1, "Plan Width": 21, "Actual Startup Time": 423.919, "Actual Total Time": 423.919, "Actual Rows": 102516, "Actual Loops": 102516, "Index Cond": "(id = mi_idx.movie_id)", "Rows Removed by Index Recheck": 0}]}, {"Node Type": "Index Scan", "Parent Relationship": "Inner", "Scan Direction": "Forward", "Index Name": "movie_id_cast_info", "Relation Name": "cast_info", "Alias": "ci", "Startup Cost": 0.0, "Total Cost": 1.01, "Plan Rows": 1, "Plan Width": 8, "Actual Startup Time": 6693.235, "Actual Total Time": 7850.651, "Actual Rows": 54155, "Actual Loops": 102516, "Index Cond": "(movie_id = t.id)", "Rows Removed by Index Recheck": 0, "Filter": "((note)::text = ANY ('{(writer),\"(head writer)\",\"(written by)\",(story),\"(story editor)\"}'::text[]))", "Rows Removed by Filter": 3987641}]}, {"Node Type": "Index Scan", "Parent Relationship": "Inner", "Scan Direction": "Forward", "Index Name": "name_pkey", "Relation Name": "name", "Alias": "n", "Startup Cost": 0.0, "Total Cost": 0.49, "Plan Rows": 1, "Plan Width": 4, "Actual Startup Time": 345.095, "Actual Total Time": 345.095, "Actual Rows": 28073, "Actual Loops": 54155, "Index Cond": "(id = ci.person_id)", "Rows Removed by Index Recheck": 0, "Filter": "((gender)::text = 'm'::text)", "Rows Removed by Filter": 26082}]}]}, "Triggers": [], "Planner Runtime": 4, "Total Runtime": 10985.503, "Unique SQL Id": 3913857139}}, "(1, 34)": {"explain_plan": {"Plan": {"Node Type": "Aggregate", "Strategy": "Plain", "Startup Cost": 191372.0, "Total Cost": 191372.01, "Plan Rows": 1, "Plan Width": 160, "Plans": [{"Node Type": "Nested Loop", "Parent Relationship": "Outer", "Join Type": "Inner", "Startup Cost": 4843.62, "Total Cost": 191361.4, "Plan Rows": 1413, "Plan Width": 64, "Inner Unique": true, "Plans": [{"Node Type": "Nested Loop", "Parent Relationship": "Outer", "Join Type": "Inner", "Startup Cost": 4843.31, "Total Cost": 186355.98, "Plan Rows": 1155, "Plan Width": 68, "Inner Unique": false, "Plans": [{"Node Type": "Nested Loop", "Parent Relationship": "Outer", "Join Type": "Inner", "Startup Cost": 4842.79, "Total Cost": 181513.31, "Plan Rows": 1044, "Plan Width": 76, "Inner Unique": true, "Join Filter": "(mi.movie_id = t.id)", "Plans": [{"Node Type": "Nested Loop", "Parent Relationship": "Outer", "Join Type": "Inner", "Startup Cost": 4842.51, "Total Cost": 177014.12, "Plan Rows": 1044, "Plan Width": 55, "Inner Unique": false, "Join Filter": "(mi_idx.info_type_id = it2.id)", "Plans": [{"Node Type": "Seq Scan", "Parent Relationship": "Outer", "Relation Name": "info_type", "Alias": "it2", "Startup Cost": 0.0, "Total Cost": 2.4, "Plan Rows": 1, "Plan Width": 4, "Filter": "((info)::text = 'votes'::text)"}, {"Node Type": "Nested Loop", "Parent Relationship": "Inner", "Join Type": "Inner", "Startup Cost": 4842.51, "Total Cost": 176959.53, "Plan Rows": 4175, "Plan Width": 59, "Inner Unique": false, "Plans": [{"Node Type": "Nested Loop", "Parent Relationship": "Outer", "Join Type": "Inner", "Startup Cost": 4842.14, "Total Cost": 164972.1, "Plan Rows": 2717, "Plan Width": 46, "Inner Unique": false, "Plans": [{"Node Type": "Seq Scan", "Parent Relationship": "Outer", "Relation Name": "info_type", "Alias": "it1", "Startup Cost": 0.0, "Total Cost": 2.4, "Plan Rows": 1, "Plan Width": 4, "Filter": "((info)::text = 'genres'::text)"}, {"Node Type": "Bitmap Heap Scan", "Parent Relationship": "Inner", "Relation Name": "movie_info", "Alias": "mi", "Startup Cost": 4842.14, "Total Cost": 164942.53, "Plan Rows": 2717, "Plan Width": 50, "Recheck Cond": "(info_type_id = it1.id)", "Filter": "((info)::text = ANY ('{Horror,Action,Sci-Fi,Thriller,Crime,War}'::text[]))", "Plans": [{"Node Type": "Bitmap Index Scan", "Parent Relationship": "Outer", "Index Name": "info_type_id_movie_info", "Startup Cost": 0.0, "Total Cost": 4841.46, "Plan Rows": 212428, "Plan Width": 0, "Index Cond": "(info_type_id = it1.id)"}]}]}, {"Node Type": "Bitmap Heap Scan", "Parent Relationship": "Inner", "Relation Name": "movie_info_idx", "Alias": "mi_idx", "Startup Cost": 0.37, "Total Cost": 4.39, "Plan Rows": 2, "Plan Width": 13, "Recheck Cond": "(movie_id = mi.movie_id)", "Plans": [{"Node Type": "Bitmap Index Scan", "Parent Relationship": "Outer", "Index Name": "movie_id_movie_info_idx", "Startup Cost": 0.0, "Total Cost": 0.37, "Plan Rows": 2, "Plan Width": 0, "Index Cond": "(movie_id = mi.movie_id)"}]}]}]}, {"Node Type": "Bitmap Heap Scan", "Parent Relationship": "Inner", "Relation Name": "title", "Alias": "t", "Startup Cost": 0.28, "Total Cost": 4.3, "Plan Rows": 1, "Plan Width": 21, "Recheck Cond": "(id = mi_idx.movie_id)", "Plans": [{"Node Type": "Bitmap Index Scan", "Parent Relationship": "Outer", "Index Name": "title_pkey", "Startup Cost": 0.0, "Total Cost": 0.28, "Plan Rows": 1, "Plan Width": 0, "Index Cond": "(id = mi_idx.movie_id)"}]}]}, {"Node Type": "Bitmap Heap Scan", "Parent Relationship": "Inner", "Relation Name": "cast_info", "Alias": "ci", "Startup Cost": 0.52, "Total Cost": 4.63, "Plan Rows": 1, "Plan Width": 8, "Recheck Cond": "(movie_id = t.id)", "Filter": "((note)::text = ANY ('{(writer),\"(head writer)\",\"(written by)\",(story),\"(story editor)\"}'::text[]))", "Plans": [{"Node Type": "Bitmap Index Scan", "Parent Relationship": "Outer", "Index Name": "movie_id_cast_info", "Startup Cost": 0.0, "Total Cost": 0.52, "Plan Rows": 6, "Plan Width": 0, "Index Cond": "(movie_id = t.id)"}]}]}, {"Node Type": "Bitmap Heap Scan", "Parent Relationship": "Inner", "Relation Name": "name", "Alias": "n", "Startup Cost": 0.31, "Total Cost": 4.32, "Plan Rows": 1, "Plan Width": 4, "Recheck Cond": "(id = ci.person_id)", "Filter": "((gender)::text = 'm'::text)", "Plans": [{"Node Type": "Bitmap Index Scan", "Parent Relationship": "Outer", "Index Name": "name_pkey", "Startup Cost": 0.0, "Total Cost": 0.31, "Plan Rows": 1, "Plan Width": 0, "Index Cond": "(id = ci.person_id)"}]}]}]}, "Unique SQL Id": 3913857139, "Planner Runtime": 18}, "explain_analyze_plan": {"Plan": {"Node Type": "Aggregate", "Strategy": "Plain", "Startup Cost": 191372.0, "Total Cost": 191372.01, "Plan Rows": 1, "Plan Width": 160, "Actual Startup Time": 13418.046, "Actual Total Time": 13418.047, "Actual Rows": 1, "Actual Loops": 1, "Plans": [{"Node Type": "Nested Loop", "Parent Relationship": "Outer", "Join Type": "Inner", "Startup Cost": 4843.62, "Total Cost": 191361.4, "Plan Rows": 1413, "Plan Width": 64, "Actual Startup Time": 188.301, "Actual Total Time": 13363.107, "Actual Rows": 28073, "Actual Loops": 1, "Inner Unique": true, "Plans": [{"Node Type": "Nested Loop", "Parent Relationship": "Outer", "Join Type": "Inner", "Startup Cost": 4843.31, "Total Cost": 186355.98, "Plan Rows": 1155, "Plan Width": 68, "Actual Startup Time": 185.613, "Actual Total Time": 12857.373, "Actual Rows": 54155, "Actual Loops": 1, "Inner Unique": false, "Plans": [{"Node Type": "Nested Loop", "Parent Relationship": "Outer", "Join Type": "Inner", "Startup Cost": 4842.79, "Total Cost": 181513.31, "Plan Rows": 1044, "Plan Width": 76, "Actual Startup Time": 182.526, "Actual Total Time": 3121.597, "Actual Rows": 102516, "Actual Loops": 1, "Inner Unique": true, "Join Filter": "(mi.movie_id = t.id)", "Rows Removed by Join Filter": 0, "Plans": [{"Node Type": "Nested Loop", "Parent Relationship": "Outer", "Join Type": "Inner", "Startup Cost": 4842.51, "Total Cost": 177014.12, "Plan Rows": 1044, "Plan Width": 55, "Actual Startup Time": 182.486, "Actual Total Time": 2391.44, "Actual Rows": 102516, "Actual Loops": 1, "Inner Unique": false, "Join Filter": "(mi_idx.info_type_id = it2.id)", "Rows Removed by Join Filter": 205269, "Plans": [{"Node Type": "Seq Scan", "Parent Relationship": "Outer", "Relation Name": "info_type", "Alias": "it2", "Startup Cost": 0.0, "Total Cost": 2.4, "Plan Rows": 1, "Plan Width": 4, "Actual Startup Time": 0.064, "Actual Total Time": 0.077, "Actual Rows": 1, "Actual Loops": 1, "Filter": "((info)::text = 'votes'::text)", "Rows Removed by Filter": 111}, {"Node Type": "Nested Loop", "Parent Relationship": "Inner", "Join Type": "Inner", "Startup Cost": 4842.51, "Total Cost": 176959.53, "Plan Rows": 4175, "Plan Width": 59, "Actual Startup Time": 182.405, "Actual Total Time": 2293.019, "Actual Rows": 307785, "Actual Loops": 1, "Inner Unique": false, "Plans": [{"Node Type": "Nested Loop", "Parent Relationship": "Outer", "Join Type": "Inner", "Startup Cost": 4842.14, "Total Cost": 164972.1, "Plan Rows": 2717, "Plan Width": 46, "Actual Startup Time": 182.357, "Actual Total Time": 1158.606, "Actual Rows": 186594, "Actual Loops": 1, "Inner Unique": false, "Plans": [{"Node Type": "Seq Scan", "Parent Relationship": "Outer", "Relation Name": "info_type", "Alias": "it1", "Startup Cost": 0.0, "Total Cost": 2.4, "Plan Rows": 1, "Plan Width": 4, "Actual Startup Time": 0.038, "Actual Total Time": 0.179, "Actual Rows": 1, "Actual Loops": 1, "Filter": "((info)::text = 'genres'::text)", "Rows Removed by Filter": 111}, {"Node Type": "Bitmap Heap Scan", "Parent Relationship": "Inner", "Relation Name": "movie_info", "Alias": "mi", "Startup Cost": 4842.14, "Total Cost": 164942.53, "Plan Rows": 2717, "Plan Width": 50, "Actual Startup Time": 182.315, "Actual Total Time": 1115.988, "Actual Rows": 186594, "Actual Loops": 1, "Recheck Cond": "(info_type_id = it1.id)", "Rows Removed by Index Recheck": 0, "Filter": "((info)::text = ANY ('{Horror,Action,Sci-Fi,Thriller,Crime,War}'::text[]))", "Rows Removed by Filter": 1347315, "Exact Heap Blocks": 7426, "Lossy Heap Blocks": 7426, "Plans": [{"Node Type": "Bitmap Index Scan", "Parent Relationship": "Outer", "Index Name": "info_type_id_movie_info", "Startup Cost": 0.0, "Total Cost": 4841.46, "Plan Rows": 212428, "Plan Width": 0, "Actual Startup Time": 180.863, "Actual Total Time": 180.863, "Actual Rows": 1533909, "Actual Loops": 1, "Index Cond": "(info_type_id = it1.id)"}]}]}, {"Node Type": "Bitmap Heap Scan", "Parent Relationship": "Inner", "Relation Name": "movie_info_idx", "Alias": "mi_idx", "Startup Cost": 0.37, "Total Cost": 4.39, "Plan Rows": 2, "Plan Width": 13, "Actual Startup Time": 772.261, "Actual Total Time": 819.101, "Actual Rows": 307785, "Actual Loops": 186594, "Recheck Cond": "(movie_id = mi.movie_id)", "Rows Removed by Index Recheck": 0, "Exact Heap Blocks": 103610, "Lossy Heap Blocks": 103610, "Plans": [{"Node Type": "Bitmap Index Scan", "Parent Relationship": "Outer", "Index Name": "movie_id_movie_info_idx", "Startup Cost": 0.0, "Total Cost": 0.37, "Plan Rows": 2, "Plan Width": 0, "Actual Startup Time": 528.073, "Actual Total Time": 528.073, "Actual Rows": 307785, "Actual Loops": 186594, "Index Cond": "(movie_id = mi.movie_id)"}]}]}]}, {"Node Type": "Bitmap Heap Scan", "Parent Relationship": "Inner", "Relation Name": "title", "Alias": "t", "Startup Cost": 0.28, "Total Cost": 4.3, "Plan Rows": 1, "Plan Width": 21, "Actual Startup Time": 549.517, "Actual Total Time": 549.517, "Actual Rows": 102516, "Actual Loops": 102516, "Recheck Cond": "(id = mi_idx.movie_id)", "Rows Removed by Index Recheck": 0, "Exact Heap Blocks": 102516, "Lossy Heap Blocks": 102516, "Plans": [{"Node Type": "Bitmap Index Scan", "Parent Relationship": "Outer", "Index Name": "title_pkey", "Startup Cost": 0.0, "Total Cost": 0.28, "Plan Rows": 1, "Plan Width": 0, "Actual Startup Time": 300.228, "Actual Total Time": 300.228, "Actual Rows": 102516, "Actual Loops": 102516, "Index Cond": "(id = mi_idx.movie_id)"}]}]}, {"Node Type": "Bitmap Heap Scan", "Parent Relationship": "Inner", "Relation Name": "cast_info", "Alias": "ci", "Startup Cost": 0.52, "Total Cost": 4.63, "Plan Rows": 1, "Plan Width": 8, "Actual Startup Time": 8278.947, "Actual Total Time": 9561.679, "Actual Rows": 54155, "Actual Loops": 102516, "Recheck Cond": "(movie_id = t.id)", "Rows Removed by Index Recheck": 0, "Filter": "((note)::text = ANY ('{(writer),\"(head writer)\",\"(written by)\",(story),\"(story editor)\"}'::text[]))", "Rows Removed by Filter": 3987641, "Exact Heap Blocks": 3901088, "Lossy Heap Blocks": 3901088, "Plans": [{"Node Type": "Bitmap Index Scan", "Parent Relationship": "Outer", "Index Name": "movie_id_cast_info", "Startup Cost": 0.0, "Total Cost": 0.52, "Plan Rows": 6, "Plan Width": 0, "Actual Startup Time": 1062.241, "Actual Total Time": 1062.241, "Actual Rows": 4041796, "Actual Loops": 102516, "Index Cond": "(movie_id = t.id)"}]}]}, {"Node Type": "Bitmap Heap Scan", "Parent Relationship": "Inner", "Relation Name": "name", "Alias": "n", "Startup Cost": 0.31, "Total Cost": 4.32, "Plan Rows": 1, "Plan Width": 4, "Actual Startup Time": 412.128, "Actual Total Time": 412.128, "Actual Rows": 28073, "Actual Loops": 54155, "Recheck Cond": "(id = ci.person_id)", "Rows Removed by Index Recheck": 0, "Filter": "((gender)::text = 'm'::text)", "Rows Removed by Filter": 26082, "Exact Heap Blocks": 54155, "Lossy Heap Blocks": 54155, "Plans": [{"Node Type": "Bitmap Index Scan", "Parent Relationship": "Outer", "Index Name": "name_pkey", "Startup Cost": 0.0, "Total Cost": 0.31, "Plan Rows": 1, "Plan Width": 0, "Actual Startup Time": 260.254, "Actual Total Time": 260.254, "Actual Rows": 54155, "Actual Loops": 54155, "Index Cond": "(id = ci.person_id)"}]}]}]}, "Triggers": [], "Planner Runtime": 6, "Total Runtime": 13418.547, "Unique SQL Id": 3913857139}}, "(1, 35)": {"explain_plan": {"Plan": {"Node Type": "Aggregate", "Strategy": "Plain", "Startup Cost": 1000012232006.38, "Total Cost": 1000012232006.39, "Plan Rows": 1, "Plan Width": 160, "Plans": [{"Node Type": "Nested Loop", "Parent Relationship": "Outer", "Join Type": "Inner", "Startup Cost": 10000000002.26, "Total Cost": 1000012231995.78, "Plan Rows": 1413, "Plan Width": 64, "Inner Unique": true, "Join Filter": "(mi.movie_id = t.id)", "Plans": [{"Node Type": "Nested Loop", "Parent Relationship": "Outer", "Join Type": "Inner", "Startup Cost": 10000000001.98, "Total Cost": 1000012225906.36, "Plan Rows": 1413, "Plan Width": 59, "Inner Unique": true, "Plans": [{"Node Type": "Nested Loop", "Parent Relationship": "Outer", "Join Type": "Inner", "Startup Cost": 10000000001.67, "Total Cost": 1000012220900.93, "Plan Rows": 1155, "Plan Width": 63, "Inner Unique": false, "Join Filter": "(mi.movie_id = ci.movie_id)", "Plans": [{"Node Type": "Nested Loop", "Parent Relationship": "Outer", "Join Type": "Inner", "Startup Cost": 10000000000.97, "Total Cost": 1000012215863.83, "Plan Rows": 1044, "Plan Width": 55, "Inner Unique": true, "Plans": [{"Node Type": "Nested Loop", "Parent Relationship": "Outer", "Join Type": "Inner", "Startup Cost": 10000000000.71, "Total Cost": 1000012197983.33, "Plan Rows": 4175, "Plan Width": 59, "Inner Unique": true, "Plans": [{"Node Type": "Nested Loop", "Parent Relationship": "Outer", "Join Type": "Inner", "Startup Cost": 10000000000.45, "Total Cost": 1000010946375.89, "Plan Rows": 292241, "Plan Width": 63, "Inner Unique": false, "Plans": [{"Node Type": "Index Scan", "Parent Relationship": "Outer", "Scan Direction": "Forward", "Index Name": "movie_id_movie_info_idx", "Relation Name": "movie_info_idx", "Alias": "mi_idx", "Startup Cost": 10000000000.0, "Total Cost": 1000004650035.37, "Plan Rows": 1380034, "Plan Width": 13}, {"Node Type": "Bitmap Heap Scan", "Parent Relationship": "Inner", "Relation Name": "movie_info", "Alias": "mi", "Startup Cost": 0.45, "Total Cost": 4.55, "Plan Rows": 1, "Plan Width": 50, "Recheck Cond": "(movie_id = mi_idx.movie_id)", "Filter": "((info)::text = ANY ('{Horror,Action,Sci-Fi,Thriller,Crime,War}'::text[]))", "Plans": [{"Node Type": "Bitmap Index Scan", "Parent Relationship": "Outer", "Index Name": "movie_id_movie_info", "Startup Cost": 0.0, "Total Cost": 0.45, "Plan Rows": 5, "Plan Width": 0, "Index Cond": "(movie_id = mi_idx.movie_id)"}]}]}, {"Node Type": "Bitmap Heap Scan", "Parent Relationship": "Inner", "Relation Name": "info_type", "Alias": "it1", "Startup Cost": 0.26, "Total Cost": 4.27, "Plan Rows": 1, "Plan Width": 4, "Recheck Cond": "(id = mi.info_type_id)", "Filter": "((info)::text = 'genres'::text)", "Plans": [{"Node Type": "Bitmap Index Scan", "Parent Relationship": "Outer", "Index Name": "info_type_pkey", "Startup Cost": 0.0, "Total Cost": 0.26, "Plan Rows": 1, "Plan Width": 0, "Index Cond": "(id = mi.info_type_id)"}]}]}, {"Node Type": "Bitmap Heap Scan", "Parent Relationship": "Inner", "Relation Name": "info_type", "Alias": "it2", "Startup Cost": 0.26, "Total Cost": 4.27, "Plan Rows": 1, "Plan Width": 4, "Recheck Cond": "(id = mi_idx.info_type_id)", "Filter": "((info)::text = 'votes'::text)", "Plans": [{"Node Type": "Bitmap Index Scan", "Parent Relationship": "Outer", "Index Name": "info_type_pkey", "Startup Cost": 0.0, "Total Cost": 0.26, "Plan Rows": 1, "Plan Width": 0, "Index Cond": "(id = mi_idx.info_type_id)"}]}]}, {"Node Type": "Bitmap Heap Scan", "Parent Relationship": "Inner", "Relation Name": "cast_info", "Alias": "ci", "Startup Cost": 0.7, "Total Cost": 4.81, "Plan Rows": 1, "Plan Width": 8, "Recheck Cond": "(movie_id = mi_idx.movie_id)", "Filter": "((note)::text = ANY ('{(writer),\"(head writer)\",\"(written by)\",(story),\"(story editor)\"}'::text[]))", "Plans": [{"Node Type": "Bitmap Index Scan", "Parent Relationship": "Outer", "Index Name": "movie_id_cast_info", "Startup Cost": 0.0, "Total Cost": 0.7, "Plan Rows": 6, "Plan Width": 0, "Index Cond": "(movie_id = mi_idx.movie_id)"}]}]}, {"Node Type": "Bitmap Heap Scan", "Parent Relationship": "Inner", "Relation Name": "name", "Alias": "n", "Startup Cost": 0.31, "Total Cost": 4.32, "Plan Rows": 1, "Plan Width": 4, "Recheck Cond": "(id = ci.person_id)", "Filter": "((gender)::text = 'm'::text)", "Plans": [{"Node Type": "Bitmap Index Scan", "Parent Relationship": "Outer", "Index Name": "name_pkey", "Startup Cost": 0.0, "Total Cost": 0.31, "Plan Rows": 1, "Plan Width": 0, "Index Cond": "(id = ci.person_id)"}]}]}, {"Node Type": "Bitmap Heap Scan", "Parent Relationship": "Inner", "Relation Name": "title", "Alias": "t", "Startup Cost": 0.28, "Total Cost": 4.3, "Plan Rows": 1, "Plan Width": 21, "Recheck Cond": "(id = mi_idx.movie_id)", "Plans": [{"Node Type": "Bitmap Index Scan", "Parent Relationship": "Outer", "Index Name": "title_pkey", "Startup Cost": 0.0, "Total Cost": 0.28, "Plan Rows": 1, "Plan Width": 0, "Index Cond": "(id = mi_idx.movie_id)"}]}]}]}, "Unique SQL Id": 3913857139, "Planner Runtime": 5}, "explain_analyze_plan": null}, "(1, 36)": {"explain_plan": {"Plan": {"Node Type": "Aggregate", "Strategy": "Plain", "Startup Cost": 168594.43, "Total Cost": 168594.44, "Plan Rows": 1, "Plan Width": 160, "Plans": [{"Node Type": "Nested Loop", "Parent Relationship": "Outer", "Join Type": "Inner", "Startup Cost": 4842.14, "Total Cost": 168583.83, "Plan Rows": 1413, "Plan Width": 64, "Inner Unique": true, "Plans": [{"Node Type": "Nested Loop", "Parent Relationship": "Outer", "Join Type": "Inner", "Startup Cost": 4842.14, "Total Cost": 168004.57, "Plan Rows": 1155, "Plan Width": 68, "Inner Unique": false, "Plans": [{"Node Type": "Nested Loop", "Parent Relationship": "Outer", "Join Type": "Inner", "Startup Cost": 4842.14, "Total Cost": 166942.93, "Plan Rows": 1044, "Plan Width": 76, "Inner Unique": true, "Join Filter": "(mi.movie_id = t.id)", "Plans": [{"Node Type": "Nested Loop", "Parent Relationship": "Outer", "Join Type": "Inner", "Startup Cost": 4842.14, "Total Cost": 166514.74, "Plan Rows": 1044, "Plan Width": 55, "Inner Unique": false, "Join Filter": "(mi_idx.info_type_id = it2.id)", "Plans": [{"Node Type": "Seq Scan", "Parent Relationship": "Outer", "Relation Name": "info_type", "Alias": "it2", "Startup Cost": 0.0, "Total Cost": 2.4, "Plan Rows": 1, "Plan Width": 4, "Filter": "((info)::text = 'votes'::text)"}, {"Node Type": "Nested Loop", "Parent Relationship": "Inner", "Join Type": "Inner", "Startup Cost": 4842.14, "Total Cost": 166460.15, "Plan Rows": 4175, "Plan Width": 59, "Inner Unique": false, "Plans": [{"Node Type": "Nested Loop", "Parent Relationship": "Outer", "Join Type": "Inner", "Startup Cost": 4842.14, "Total Cost": 164972.1, "Plan Rows": 2717, "Plan Width": 46, "Inner Unique": false, "Plans": [{"Node Type": "Seq Scan", "Parent Relationship": "Outer", "Relation Name": "info_type", "Alias": "it1", "Startup Cost": 0.0, "Total Cost": 2.4, "Plan Rows": 1, "Plan Width": 4, "Filter": "((info)::text = 'genres'::text)"}, {"Node Type": "Bitmap Heap Scan", "Parent Relationship": "Inner", "Relation Name": "movie_info", "Alias": "mi", "Startup Cost": 4842.14, "Total Cost": 164942.53, "Plan Rows": 2717, "Plan Width": 50, "Recheck Cond": "(info_type_id = it1.id)", "Filter": "((info)::text = ANY ('{Horror,Action,Sci-Fi,Thriller,Crime,War}'::text[]))", "Plans": [{"Node Type": "Bitmap Index Scan", "Parent Relationship": "Outer", "Index Name": "info_type_id_movie_info", "Startup Cost": 0.0, "Total Cost": 4841.46, "Plan Rows": 212428, "Plan Width": 0, "Index Cond": "(info_type_id = it1.id)"}]}]}, {"Node Type": "Index Scan", "Parent Relationship": "Inner", "Scan Direction": "Forward", "Index Name": "movie_id_movie_info_idx", "Relation Name": "movie_info_idx", "Alias": "mi_idx", "Startup Cost": 0.0, "Total Cost": 0.53, "Plan Rows": 2, "Plan Width": 13, "Index Cond": "(movie_id = mi.movie_id)"}]}]}, {"Node Type": "Index Scan", "Parent Relationship": "Inner", "Scan Direction": "Forward", "Index Name": "title_pkey", "Relation Name": "title", "Alias": "t", "Startup Cost": 0.0, "Total Cost": 0.4, "Plan Rows": 1, "Plan Width": 21, "Index Cond": "(id = mi_idx.movie_id)"}]}, {"Node Type": "Index Scan", "Parent Relationship": "Inner", "Scan Direction": "Forward", "Index Name": "movie_id_cast_info", "Relation Name": "cast_info", "Alias": "ci", "Startup Cost": 0.0, "Total Cost": 1.01, "Plan Rows": 1, "Plan Width": 8, "Index Cond": "(movie_id = t.id)", "Filter": "((note)::text = ANY ('{(writer),\"(head writer)\",\"(written by)\",(story),\"(story editor)\"}'::text[]))"}]}, {"Node Type": "Index Scan", "Parent Relationship": "Inner", "Scan Direction": "Forward", "Index Name": "name_pkey", "Relation Name": "name", "Alias": "n", "Startup Cost": 0.0, "Total Cost": 0.49, "Plan Rows": 1, "Plan Width": 4, "Index Cond": "(id = ci.person_id)", "Filter": "((gender)::text = 'm'::text)"}]}]}, "Unique SQL Id": 3913857139, "Planner Runtime": 11}, "explain_analyze_plan": {"Plan": {"Node Type": "Aggregate", "Strategy": "Plain", "Startup Cost": 168594.43, "Total Cost": 168594.44, "Plan Rows": 1, "Plan Width": 160, "Actual Startup Time": 10962.342, "Actual Total Time": 10962.342, "Actual Rows": 1, "Actual Loops": 1, "Plans": [{"Node Type": "Nested Loop", "Parent Relationship": "Outer", "Join Type": "Inner", "Startup Cost": 4842.14, "Total Cost": 168583.83, "Plan Rows": 1413, "Plan Width": 64, "Actual Startup Time": 182.238, "Actual Total Time": 10918.825, "Actual Rows": 28073, "Actual Loops": 1, "Inner Unique": true, "Plans": [{"Node Type": "Nested Loop", "Parent Relationship": "Outer", "Join Type": "Inner", "Startup Cost": 4842.14, "Total Cost": 168004.57, "Plan Rows": 1155, "Plan Width": 68, "Actual Startup Time": 179.995, "Actual Total Time": 10530.664, "Actual Rows": 54155, "Actual Loops": 1, "Inner Unique": false, "Plans": [{"Node Type": "Nested Loop", "Parent Relationship": "Outer", "Join Type": "Inner", "Startup Cost": 4842.14, "Total Cost": 166942.93, "Plan Rows": 1044, "Plan Width": 76, "Actual Startup Time": 177.445, "Actual Total Time": 2626.7, "Actual Rows": 102516, "Actual Loops": 1, "Inner Unique": true, "Join Filter": "(mi.movie_id = t.id)", "Rows Removed by Join Filter": 0, "Plans": [{"Node Type": "Nested Loop", "Parent Relationship": "Outer", "Join Type": "Inner", "Startup Cost": 4842.14, "Total Cost": 166514.74, "Plan Rows": 1044, "Plan Width": 55, "Actual Startup Time": 177.415, "Actual Total Time": 2091.352, "Actual Rows": 102516, "Actual Loops": 1, "Inner Unique": false, "Join Filter": "(mi_idx.info_type_id = it2.id)", "Rows Removed by Join Filter": 205269, "Plans": [{"Node Type": "Seq Scan", "Parent Relationship": "Outer", "Relation Name": "info_type", "Alias": "it2", "Startup Cost": 0.0, "Total Cost": 2.4, "Plan Rows": 1, "Plan Width": 4, "Actual Startup Time": 0.051, "Actual Total Time": 0.06, "Actual Rows": 1, "Actual Loops": 1, "Filter": "((info)::text = 'votes'::text)", "Rows Removed by Filter": 111}, {"Node Type": "Nested Loop", "Parent Relationship": "Inner", "Join Type": "Inner", "Startup Cost": 4842.14, "Total Cost": 166460.15, "Plan Rows": 4175, "Plan Width": 59, "Actual Startup Time": 177.338, "Actual Total Time": 2000.149, "Actual Rows": 307785, "Actual Loops": 1, "Inner Unique": false, "Plans": [{"Node Type": "Nested Loop", "Parent Relationship": "Outer", "Join Type": "Inner", "Startup Cost": 4842.14, "Total Cost": 164972.1, "Plan Rows": 2717, "Plan Width": 46, "Actual Startup Time": 177.302, "Actual Total Time": 1152.01, "Actual Rows": 186594, "Actual Loops": 1, "Inner Unique": false, "Plans": [{"Node Type": "Seq Scan", "Parent Relationship": "Outer", "Relation Name": "info_type", "Alias": "it1", "Startup Cost": 0.0, "Total Cost": 2.4, "Plan Rows": 1, "Plan Width": 4, "Actual Startup Time": 0.022, "Actual Total Time": 0.06, "Actual Rows": 1, "Actual Loops": 1, "Filter": "((info)::text = 'genres'::text)", "Rows Removed by Filter": 111}, {"Node Type": "Bitmap Heap Scan", "Parent Relationship": "Inner", "Relation Name": "movie_info", "Alias": "mi", "Startup Cost": 4842.14, "Total Cost": 164942.53, "Plan Rows": 2717, "Plan Width": 50, "Actual Startup Time": 177.275, "Actual Total Time": 1109.223, "Actual Rows": 186594, "Actual Loops": 1, "Recheck Cond": "(info_type_id = it1.id)", "Rows Removed by Index Recheck": 0, "Filter": "((info)::text = ANY ('{Horror,Action,Sci-Fi,Thriller,Crime,War}'::text[]))", "Rows Removed by Filter": 1347315, "Exact Heap Blocks": 7426, "Lossy Heap Blocks": 7426, "Plans": [{"Node Type": "Bitmap Index Scan", "Parent Relationship": "Outer", "Index Name": "info_type_id_movie_info", "Startup Cost": 0.0, "Total Cost": 4841.46, "Plan Rows": 212428, "Plan Width": 0, "Actual Startup Time": 175.891, "Actual Total Time": 175.891, "Actual Rows": 1533909, "Actual Loops": 1, "Index Cond": "(info_type_id = it1.id)"}]}]}, {"Node Type": "Index Scan", "Parent Relationship": "Inner", "Scan Direction": "Forward", "Index Name": "movie_id_movie_info_idx", "Relation Name": "movie_info_idx", "Alias": "mi_idx", "Startup Cost": 0.0, "Total Cost": 0.53, "Plan Rows": 2, "Plan Width": 13, "Actual Startup Time": 547.884, "Actual Total Time": 667.997, "Actual Rows": 307785, "Actual Loops": 186594, "Index Cond": "(movie_id = mi.movie_id)", "Rows Removed by Index Recheck": 0}]}]}, {"Node Type": "Index Scan", "Parent Relationship": "Inner", "Scan Direction": "Forward", "Index Name": "title_pkey", "Relation Name": "title", "Alias": "t", "Startup Cost": 0.0, "Total Cost": 0.4, "Plan Rows": 1, "Plan Width": 21, "Actual Startup Time": 422.794, "Actual Total Time": 422.794, "Actual Rows": 102516, "Actual Loops": 102516, "Index Cond": "(id = mi_idx.movie_id)", "Rows Removed by Index Recheck": 0}]}, {"Node Type": "Index Scan", "Parent Relationship": "Inner", "Scan Direction": "Forward", "Index Name": "movie_id_cast_info", "Relation Name": "cast_info", "Alias": "ci", "Startup Cost": 0.0, "Total Cost": 1.01, "Plan Rows": 1, "Plan Width": 8, "Actual Startup Time": 6671.429, "Actual Total Time": 7830.07, "Actual Rows": 54155, "Actual Loops": 102516, "Index Cond": "(movie_id = t.id)", "Rows Removed by Index Recheck": 0, "Filter": "((note)::text = ANY ('{(writer),\"(head writer)\",\"(written by)\",(story),\"(story editor)\"}'::text[]))", "Rows Removed by Filter": 3987641}]}, {"Node Type": "Index Scan", "Parent Relationship": "Inner", "Scan Direction": "Forward", "Index Name": "name_pkey", "Relation Name": "name", "Alias": "n", "Startup Cost": 0.0, "Total Cost": 0.49, "Plan Rows": 1, "Plan Width": 4, "Actual Startup Time": 341.049, "Actual Total Time": 341.049, "Actual Rows": 28073, "Actual Loops": 54155, "Index Cond": "(id = ci.person_id)", "Rows Removed by Index Recheck": 0, "Filter": "((gender)::text = 'm'::text)", "Rows Removed by Filter": 26082}]}]}, "Triggers": [], "Planner Runtime": 5, "Total Runtime": 10962.78, "Unique SQL Id": 3913857139}}, "(1, 37)": {"explain_plan": {"Plan": {"Node Type": "Aggregate", "Strategy": "Plain", "Startup Cost": 168618.05, "Total Cost": 168618.06, "Plan Rows": 1, "Plan Width": 160, "Plans": [{"Node Type": "Nested Loop", "Parent Relationship": "Outer", "Join Type": "Inner", "Startup Cost": 4842.14, "Total Cost": 168607.45, "Plan Rows": 1413, "Plan Width": 64, "Inner Unique": true, "Plans": [{"Node Type": "Nested Loop", "Parent Relationship": "Outer", "Join Type": "Inner", "Startup Cost": 4842.14, "Total Cost": 168028.19, "Plan Rows": 1155, "Plan Width": 68, "Inner Unique": false, "Plans": [{"Node Type": "Nested Loop", "Parent Relationship": "Outer", "Join Type": "Inner", "Startup Cost": 4842.14, "Total Cost": 166966.55, "Plan Rows": 1044, "Plan Width": 76, "Inner Unique": true, "Join Filter": "(mi.movie_id = t.id)", "Plans": [{"Node Type": "Nested Loop", "Parent Relationship": "Outer", "Join Type": "Inner", "Startup Cost": 4842.14, "Total Cost": 166538.36, "Plan Rows": 1044, "Plan Width": 55, "Inner Unique": false, "Join Filter": "(mi_idx.info_type_id = it2.id)", "Plans": [{"Node Type": "Index Scan", "Parent Relationship": "Outer", "Scan Direction": "Forward", "Index Name": "info_type_pkey", "Relation Name": "info_type", "Alias": "it2", "Startup Cost": 0.0, "Total Cost": 14.21, "Plan Rows": 1, "Plan Width": 4, "Filter": "((info)::text = 'votes'::text)"}, {"Node Type": "Nested Loop", "Parent Relationship": "Inner", "Join Type": "Inner", "Startup Cost": 4842.14, "Total Cost": 166471.96, "Plan Rows": 4175, "Plan Width": 59, "Inner Unique": false, "Plans": [{"Node Type": "Nested Loop", "Parent Relationship": "Outer", "Join Type": "Inner", "Startup Cost": 4842.14, "Total Cost": 164983.91, "Plan Rows": 2717, "Plan Width": 46, "Inner Unique": false, "Plans": [{"Node Type": "Index Scan", "Parent Relationship": "Outer", "Scan Direction": "Forward", "Index Name": "info_type_pkey", "Relation Name": "info_type", "Alias": "it1", "Startup Cost": 0.0, "Total Cost": 14.21, "Plan Rows": 1, "Plan Width": 4, "Filter": "((info)::text = 'genres'::text)"}, {"Node Type": "Bitmap Heap Scan", "Parent Relationship": "Inner", "Relation Name": "movie_info", "Alias": "mi", "Startup Cost": 4842.14, "Total Cost": 164942.53, "Plan Rows": 2717, "Plan Width": 50, "Recheck Cond": "(info_type_id = it1.id)", "Filter": "((info)::text = ANY ('{Horror,Action,Sci-Fi,Thriller,Crime,War}'::text[]))", "Plans": [{"Node Type": "Bitmap Index Scan", "Parent Relationship": "Outer", "Index Name": "info_type_id_movie_info", "Startup Cost": 0.0, "Total Cost": 4841.46, "Plan Rows": 212428, "Plan Width": 0, "Index Cond": "(info_type_id = it1.id)"}]}]}, {"Node Type": "Index Scan", "Parent Relationship": "Inner", "Scan Direction": "Forward", "Index Name": "movie_id_movie_info_idx", "Relation Name": "movie_info_idx", "Alias": "mi_idx", "Startup Cost": 0.0, "Total Cost": 0.53, "Plan Rows": 2, "Plan Width": 13, "Index Cond": "(movie_id = mi.movie_id)"}]}]}, {"Node Type": "Index Scan", "Parent Relationship": "Inner", "Scan Direction": "Forward", "Index Name": "title_pkey", "Relation Name": "title", "Alias": "t", "Startup Cost": 0.0, "Total Cost": 0.4, "Plan Rows": 1, "Plan Width": 21, "Index Cond": "(id = mi_idx.movie_id)"}]}, {"Node Type": "Index Scan", "Parent Relationship": "Inner", "Scan Direction": "Forward", "Index Name": "movie_id_cast_info", "Relation Name": "cast_info", "Alias": "ci", "Startup Cost": 0.0, "Total Cost": 1.01, "Plan Rows": 1, "Plan Width": 8, "Index Cond": "(movie_id = t.id)", "Filter": "((note)::text = ANY ('{(writer),\"(head writer)\",\"(written by)\",(story),\"(story editor)\"}'::text[]))"}]}, {"Node Type": "Index Scan", "Parent Relationship": "Inner", "Scan Direction": "Forward", "Index Name": "name_pkey", "Relation Name": "name", "Alias": "n", "Startup Cost": 0.0, "Total Cost": 0.49, "Plan Rows": 1, "Plan Width": 4, "Index Cond": "(id = ci.person_id)", "Filter": "((gender)::text = 'm'::text)"}]}]}, "Unique SQL Id": 3913857139, "Planner Runtime": 8}, "explain_analyze_plan": {"Plan": {"Node Type": "Aggregate", "Strategy": "Plain", "Startup Cost": 168618.05, "Total Cost": 168618.06, "Plan Rows": 1, "Plan Width": 160, "Actual Startup Time": 10985.018, "Actual Total Time": 10985.019, "Actual Rows": 1, "Actual Loops": 1, "Plans": [{"Node Type": "Nested Loop", "Parent Relationship": "Outer", "Join Type": "Inner", "Startup Cost": 4842.14, "Total Cost": 168607.45, "Plan Rows": 1413, "Plan Width": 64, "Actual Startup Time": 175.61, "Actual Total Time": 10939.798, "Actual Rows": 28073, "Actual Loops": 1, "Inner Unique": true, "Plans": [{"Node Type": "Nested Loop", "Parent Relationship": "Outer", "Join Type": "Inner", "Startup Cost": 4842.14, "Total Cost": 168028.19, "Plan Rows": 1155, "Plan Width": 68, "Actual Startup Time": 173.738, "Actual Total Time": 10546.49, "Actual Rows": 54155, "Actual Loops": 1, "Inner Unique": false, "Plans": [{"Node Type": "Nested Loop", "Parent Relationship": "Outer", "Join Type": "Inner", "Startup Cost": 4842.14, "Total Cost": 166966.55, "Plan Rows": 1044, "Plan Width": 76, "Actual Startup Time": 171.478, "Actual Total Time": 2622.411, "Actual Rows": 102516, "Actual Loops": 1, "Inner Unique": true, "Join Filter": "(mi.movie_id = t.id)", "Rows Removed by Join Filter": 0, "Plans": [{"Node Type": "Nested Loop", "Parent Relationship": "Outer", "Join Type": "Inner", "Startup Cost": 4842.14, "Total Cost": 166538.36, "Plan Rows": 1044, "Plan Width": 55, "Actual Startup Time": 171.46, "Actual Total Time": 2084.763, "Actual Rows": 102516, "Actual Loops": 1, "Inner Unique": false, "Join Filter": "(mi_idx.info_type_id = it2.id)", "Rows Removed by Join Filter": 205269, "Plans": [{"Node Type": "Index Scan", "Parent Relationship": "Outer", "Scan Direction": "Forward", "Index Name": "info_type_pkey", "Relation Name": "info_type", "Alias": "it2", "Startup Cost": 0.0, "Total Cost": 14.21, "Plan Rows": 1, "Plan Width": 4, "Actual Startup Time": 0.077, "Actual Total Time": 0.096, "Actual Rows": 1, "Actual Loops": 1, "Filter": "((info)::text = 'votes'::text)", "Rows Removed by Filter": 111}, {"Node Type": "Nested Loop", "Parent Relationship": "Inner", "Join Type": "Inner", "Startup Cost": 4842.14, "Total Cost": 166471.96, "Plan Rows": 4175, "Plan Width": 59, "Actual Startup Time": 171.352, "Actual Total Time": 1994.85, "Actual Rows": 307785, "Actual Loops": 1, "Inner Unique": false, "Plans": [{"Node Type": "Nested Loop", "Parent Relationship": "Outer", "Join Type": "Inner", "Startup Cost": 4842.14, "Total Cost": 164983.91, "Plan Rows": 2717, "Plan Width": 46, "Actual Startup Time": 171.315, "Actual Total Time": 1144.549, "Actual Rows": 186594, "Actual Loops": 1, "Inner Unique": false, "Plans": [{"Node Type": "Index Scan", "Parent Relationship": "Outer", "Scan Direction": "Forward", "Index Name": "info_type_pkey", "Relation Name": "info_type", "Alias": "it1", "Startup Cost": 0.0, "Total Cost": 14.21, "Plan Rows": 1, "Plan Width": 4, "Actual Startup Time": 0.009, "Actual Total Time": 0.198, "Actual Rows": 1, "Actual Loops": 1, "Filter": "((info)::text = 'genres'::text)", "Rows Removed by Filter": 111}, {"Node Type": "Bitmap Heap Scan", "Parent Relationship": "Inner", "Relation Name": "movie_info", "Alias": "mi", "Startup Cost": 4842.14, "Total Cost": 164942.53, "Plan Rows": 2717, "Plan Width": 50, "Actual Startup Time": 171.298, "Actual Total Time": 1101.073, "Actual Rows": 186594, "Actual Loops": 1, "Recheck Cond": "(info_type_id = it1.id)", "Rows Removed by Index Recheck": 0, "Filter": "((info)::text = ANY ('{Horror,Action,Sci-Fi,Thriller,Crime,War}'::text[]))", "Rows Removed by Filter": 1347315, "Exact Heap Blocks": 7426, "Lossy Heap Blocks": 7426, "Plans": [{"Node Type": "Bitmap Index Scan", "Parent Relationship": "Outer", "Index Name": "info_type_id_movie_info", "Startup Cost": 0.0, "Total Cost": 4841.46, "Plan Rows": 212428, "Plan Width": 0, "Actual Startup Time": 169.856, "Actual Total Time": 169.856, "Actual Rows": 1533909, "Actual Loops": 1, "Index Cond": "(info_type_id = it1.id)"}]}]}, {"Node Type": "Index Scan", "Parent Relationship": "Inner", "Scan Direction": "Forward", "Index Name": "movie_id_movie_info_idx", "Relation Name": "movie_info_idx", "Alias": "mi_idx", "Startup Cost": 0.0, "Total Cost": 0.53, "Plan Rows": 2, "Plan Width": 13, "Actual Startup Time": 553.72, "Actual Total Time": 672.151, "Actual Rows": 307785, "Actual Loops": 186594, "Index Cond": "(movie_id = mi.movie_id)", "Rows Removed by Index Recheck": 0}]}]}, {"Node Type": "Index Scan", "Parent Relationship": "Inner", "Scan Direction": "Forward", "Index Name": "title_pkey", "Relation Name": "title", "Alias": "t", "Startup Cost": 0.0, "Total Cost": 0.4, "Plan Rows": 1, "Plan Width": 21, "Actual Startup Time": 423.919, "Actual Total Time": 423.919, "Actual Rows": 102516, "Actual Loops": 102516, "Index Cond": "(id = mi_idx.movie_id)", "Rows Removed by Index Recheck": 0}]}, {"Node Type": "Index Scan", "Parent Relationship": "Inner", "Scan Direction": "Forward", "Index Name": "movie_id_cast_info", "Relation Name": "cast_info", "Alias": "ci", "Startup Cost": 0.0, "Total Cost": 1.01, "Plan Rows": 1, "Plan Width": 8, "Actual Startup Time": 6693.235, "Actual Total Time": 7850.651, "Actual Rows": 54155, "Actual Loops": 102516, "Index Cond": "(movie_id = t.id)", "Rows Removed by Index Recheck": 0, "Filter": "((note)::text = ANY ('{(writer),\"(head writer)\",\"(written by)\",(story),\"(story editor)\"}'::text[]))", "Rows Removed by Filter": 3987641}]}, {"Node Type": "Index Scan", "Parent Relationship": "Inner", "Scan Direction": "Forward", "Index Name": "name_pkey", "Relation Name": "name", "Alias": "n", "Startup Cost": 0.0, "Total Cost": 0.49, "Plan Rows": 1, "Plan Width": 4, "Actual Startup Time": 345.095, "Actual Total Time": 345.095, "Actual Rows": 28073, "Actual Loops": 54155, "Index Cond": "(id = ci.person_id)", "Rows Removed by Index Recheck": 0, "Filter": "((gender)::text = 'm'::text)", "Rows Removed by Filter": 26082}]}]}, "Triggers": [], "Planner Runtime": 4, "Total Runtime": 10985.503, "Unique SQL Id": 3913857139}}, "(1, 38)": {"explain_plan": {"Plan": {"Node Type": "Aggregate", "Strategy": "Plain", "Startup Cost": 191372.0, "Total Cost": 191372.01, "Plan Rows": 1, "Plan Width": 160, "Plans": [{"Node Type": "Nested Loop", "Parent Relationship": "Outer", "Join Type": "Inner", "Startup Cost": 4843.62, "Total Cost": 191361.4, "Plan Rows": 1413, "Plan Width": 64, "Inner Unique": true, "Plans": [{"Node Type": "Nested Loop", "Parent Relationship": "Outer", "Join Type": "Inner", "Startup Cost": 4843.31, "Total Cost": 186355.98, "Plan Rows": 1155, "Plan Width": 68, "Inner Unique": false, "Plans": [{"Node Type": "Nested Loop", "Parent Relationship": "Outer", "Join Type": "Inner", "Startup Cost": 4842.79, "Total Cost": 181513.31, "Plan Rows": 1044, "Plan Width": 76, "Inner Unique": true, "Join Filter": "(mi.movie_id = t.id)", "Plans": [{"Node Type": "Nested Loop", "Parent Relationship": "Outer", "Join Type": "Inner", "Startup Cost": 4842.51, "Total Cost": 177014.12, "Plan Rows": 1044, "Plan Width": 55, "Inner Unique": false, "Join Filter": "(mi_idx.info_type_id = it2.id)", "Plans": [{"Node Type": "Seq Scan", "Parent Relationship": "Outer", "Relation Name": "info_type", "Alias": "it2", "Startup Cost": 0.0, "Total Cost": 2.4, "Plan Rows": 1, "Plan Width": 4, "Filter": "((info)::text = 'votes'::text)"}, {"Node Type": "Nested Loop", "Parent Relationship": "Inner", "Join Type": "Inner", "Startup Cost": 4842.51, "Total Cost": 176959.53, "Plan Rows": 4175, "Plan Width": 59, "Inner Unique": false, "Plans": [{"Node Type": "Nested Loop", "Parent Relationship": "Outer", "Join Type": "Inner", "Startup Cost": 4842.14, "Total Cost": 164972.1, "Plan Rows": 2717, "Plan Width": 46, "Inner Unique": false, "Plans": [{"Node Type": "Seq Scan", "Parent Relationship": "Outer", "Relation Name": "info_type", "Alias": "it1", "Startup Cost": 0.0, "Total Cost": 2.4, "Plan Rows": 1, "Plan Width": 4, "Filter": "((info)::text = 'genres'::text)"}, {"Node Type": "Bitmap Heap Scan", "Parent Relationship": "Inner", "Relation Name": "movie_info", "Alias": "mi", "Startup Cost": 4842.14, "Total Cost": 164942.53, "Plan Rows": 2717, "Plan Width": 50, "Recheck Cond": "(info_type_id = it1.id)", "Filter": "((info)::text = ANY ('{Horror,Action,Sci-Fi,Thriller,Crime,War}'::text[]))", "Plans": [{"Node Type": "Bitmap Index Scan", "Parent Relationship": "Outer", "Index Name": "info_type_id_movie_info", "Startup Cost": 0.0, "Total Cost": 4841.46, "Plan Rows": 212428, "Plan Width": 0, "Index Cond": "(info_type_id = it1.id)"}]}]}, {"Node Type": "Bitmap Heap Scan", "Parent Relationship": "Inner", "Relation Name": "movie_info_idx", "Alias": "mi_idx", "Startup Cost": 0.37, "Total Cost": 4.39, "Plan Rows": 2, "Plan Width": 13, "Recheck Cond": "(movie_id = mi.movie_id)", "Plans": [{"Node Type": "Bitmap Index Scan", "Parent Relationship": "Outer", "Index Name": "movie_id_movie_info_idx", "Startup Cost": 0.0, "Total Cost": 0.37, "Plan Rows": 2, "Plan Width": 0, "Index Cond": "(movie_id = mi.movie_id)"}]}]}]}, {"Node Type": "Bitmap Heap Scan", "Parent Relationship": "Inner", "Relation Name": "title", "Alias": "t", "Startup Cost": 0.28, "Total Cost": 4.3, "Plan Rows": 1, "Plan Width": 21, "Recheck Cond": "(id = mi_idx.movie_id)", "Plans": [{"Node Type": "Bitmap Index Scan", "Parent Relationship": "Outer", "Index Name": "title_pkey", "Startup Cost": 0.0, "Total Cost": 0.28, "Plan Rows": 1, "Plan Width": 0, "Index Cond": "(id = mi_idx.movie_id)"}]}]}, {"Node Type": "Bitmap Heap Scan", "Parent Relationship": "Inner", "Relation Name": "cast_info", "Alias": "ci", "Startup Cost": 0.52, "Total Cost": 4.63, "Plan Rows": 1, "Plan Width": 8, "Recheck Cond": "(movie_id = t.id)", "Filter": "((note)::text = ANY ('{(writer),\"(head writer)\",\"(written by)\",(story),\"(story editor)\"}'::text[]))", "Plans": [{"Node Type": "Bitmap Index Scan", "Parent Relationship": "Outer", "Index Name": "movie_id_cast_info", "Startup Cost": 0.0, "Total Cost": 0.52, "Plan Rows": 6, "Plan Width": 0, "Index Cond": "(movie_id = t.id)"}]}]}, {"Node Type": "Bitmap Heap Scan", "Parent Relationship": "Inner", "Relation Name": "name", "Alias": "n", "Startup Cost": 0.31, "Total Cost": 4.32, "Plan Rows": 1, "Plan Width": 4, "Recheck Cond": "(id = ci.person_id)", "Filter": "((gender)::text = 'm'::text)", "Plans": [{"Node Type": "Bitmap Index Scan", "Parent Relationship": "Outer", "Index Name": "name_pkey", "Startup Cost": 0.0, "Total Cost": 0.31, "Plan Rows": 1, "Plan Width": 0, "Index Cond": "(id = ci.person_id)"}]}]}]}, "Unique SQL Id": 3913857139, "Planner Runtime": 17}, "explain_analyze_plan": {"Plan": {"Node Type": "Aggregate", "Strategy": "Plain", "Startup Cost": 191372.0, "Total Cost": 191372.01, "Plan Rows": 1, "Plan Width": 160, "Actual Startup Time": 13418.046, "Actual Total Time": 13418.047, "Actual Rows": 1, "Actual Loops": 1, "Plans": [{"Node Type": "Nested Loop", "Parent Relationship": "Outer", "Join Type": "Inner", "Startup Cost": 4843.62, "Total Cost": 191361.4, "Plan Rows": 1413, "Plan Width": 64, "Actual Startup Time": 188.301, "Actual Total Time": 13363.107, "Actual Rows": 28073, "Actual Loops": 1, "Inner Unique": true, "Plans": [{"Node Type": "Nested Loop", "Parent Relationship": "Outer", "Join Type": "Inner", "Startup Cost": 4843.31, "Total Cost": 186355.98, "Plan Rows": 1155, "Plan Width": 68, "Actual Startup Time": 185.613, "Actual Total Time": 12857.373, "Actual Rows": 54155, "Actual Loops": 1, "Inner Unique": false, "Plans": [{"Node Type": "Nested Loop", "Parent Relationship": "Outer", "Join Type": "Inner", "Startup Cost": 4842.79, "Total Cost": 181513.31, "Plan Rows": 1044, "Plan Width": 76, "Actual Startup Time": 182.526, "Actual Total Time": 3121.597, "Actual Rows": 102516, "Actual Loops": 1, "Inner Unique": true, "Join Filter": "(mi.movie_id = t.id)", "Rows Removed by Join Filter": 0, "Plans": [{"Node Type": "Nested Loop", "Parent Relationship": "Outer", "Join Type": "Inner", "Startup Cost": 4842.51, "Total Cost": 177014.12, "Plan Rows": 1044, "Plan Width": 55, "Actual Startup Time": 182.486, "Actual Total Time": 2391.44, "Actual Rows": 102516, "Actual Loops": 1, "Inner Unique": false, "Join Filter": "(mi_idx.info_type_id = it2.id)", "Rows Removed by Join Filter": 205269, "Plans": [{"Node Type": "Seq Scan", "Parent Relationship": "Outer", "Relation Name": "info_type", "Alias": "it2", "Startup Cost": 0.0, "Total Cost": 2.4, "Plan Rows": 1, "Plan Width": 4, "Actual Startup Time": 0.064, "Actual Total Time": 0.077, "Actual Rows": 1, "Actual Loops": 1, "Filter": "((info)::text = 'votes'::text)", "Rows Removed by Filter": 111}, {"Node Type": "Nested Loop", "Parent Relationship": "Inner", "Join Type": "Inner", "Startup Cost": 4842.51, "Total Cost": 176959.53, "Plan Rows": 4175, "Plan Width": 59, "Actual Startup Time": 182.405, "Actual Total Time": 2293.019, "Actual Rows": 307785, "Actual Loops": 1, "Inner Unique": false, "Plans": [{"Node Type": "Nested Loop", "Parent Relationship": "Outer", "Join Type": "Inner", "Startup Cost": 4842.14, "Total Cost": 164972.1, "Plan Rows": 2717, "Plan Width": 46, "Actual Startup Time": 182.357, "Actual Total Time": 1158.606, "Actual Rows": 186594, "Actual Loops": 1, "Inner Unique": false, "Plans": [{"Node Type": "Seq Scan", "Parent Relationship": "Outer", "Relation Name": "info_type", "Alias": "it1", "Startup Cost": 0.0, "Total Cost": 2.4, "Plan Rows": 1, "Plan Width": 4, "Actual Startup Time": 0.038, "Actual Total Time": 0.179, "Actual Rows": 1, "Actual Loops": 1, "Filter": "((info)::text = 'genres'::text)", "Rows Removed by Filter": 111}, {"Node Type": "Bitmap Heap Scan", "Parent Relationship": "Inner", "Relation Name": "movie_info", "Alias": "mi", "Startup Cost": 4842.14, "Total Cost": 164942.53, "Plan Rows": 2717, "Plan Width": 50, "Actual Startup Time": 182.315, "Actual Total Time": 1115.988, "Actual Rows": 186594, "Actual Loops": 1, "Recheck Cond": "(info_type_id = it1.id)", "Rows Removed by Index Recheck": 0, "Filter": "((info)::text = ANY ('{Horror,Action,Sci-Fi,Thriller,Crime,War}'::text[]))", "Rows Removed by Filter": 1347315, "Exact Heap Blocks": 7426, "Lossy Heap Blocks": 7426, "Plans": [{"Node Type": "Bitmap Index Scan", "Parent Relationship": "Outer", "Index Name": "info_type_id_movie_info", "Startup Cost": 0.0, "Total Cost": 4841.46, "Plan Rows": 212428, "Plan Width": 0, "Actual Startup Time": 180.863, "Actual Total Time": 180.863, "Actual Rows": 1533909, "Actual Loops": 1, "Index Cond": "(info_type_id = it1.id)"}]}]}, {"Node Type": "Bitmap Heap Scan", "Parent Relationship": "Inner", "Relation Name": "movie_info_idx", "Alias": "mi_idx", "Startup Cost": 0.37, "Total Cost": 4.39, "Plan Rows": 2, "Plan Width": 13, "Actual Startup Time": 772.261, "Actual Total Time": 819.101, "Actual Rows": 307785, "Actual Loops": 186594, "Recheck Cond": "(movie_id = mi.movie_id)", "Rows Removed by Index Recheck": 0, "Exact Heap Blocks": 103610, "Lossy Heap Blocks": 103610, "Plans": [{"Node Type": "Bitmap Index Scan", "Parent Relationship": "Outer", "Index Name": "movie_id_movie_info_idx", "Startup Cost": 0.0, "Total Cost": 0.37, "Plan Rows": 2, "Plan Width": 0, "Actual Startup Time": 528.073, "Actual Total Time": 528.073, "Actual Rows": 307785, "Actual Loops": 186594, "Index Cond": "(movie_id = mi.movie_id)"}]}]}]}, {"Node Type": "Bitmap Heap Scan", "Parent Relationship": "Inner", "Relation Name": "title", "Alias": "t", "Startup Cost": 0.28, "Total Cost": 4.3, "Plan Rows": 1, "Plan Width": 21, "Actual Startup Time": 549.517, "Actual Total Time": 549.517, "Actual Rows": 102516, "Actual Loops": 102516, "Recheck Cond": "(id = mi_idx.movie_id)", "Rows Removed by Index Recheck": 0, "Exact Heap Blocks": 102516, "Lossy Heap Blocks": 102516, "Plans": [{"Node Type": "Bitmap Index Scan", "Parent Relationship": "Outer", "Index Name": "title_pkey", "Startup Cost": 0.0, "Total Cost": 0.28, "Plan Rows": 1, "Plan Width": 0, "Actual Startup Time": 300.228, "Actual Total Time": 300.228, "Actual Rows": 102516, "Actual Loops": 102516, "Index Cond": "(id = mi_idx.movie_id)"}]}]}, {"Node Type": "Bitmap Heap Scan", "Parent Relationship": "Inner", "Relation Name": "cast_info", "Alias": "ci", "Startup Cost": 0.52, "Total Cost": 4.63, "Plan Rows": 1, "Plan Width": 8, "Actual Startup Time": 8278.947, "Actual Total Time": 9561.679, "Actual Rows": 54155, "Actual Loops": 102516, "Recheck Cond": "(movie_id = t.id)", "Rows Removed by Index Recheck": 0, "Filter": "((note)::text = ANY ('{(writer),\"(head writer)\",\"(written by)\",(story),\"(story editor)\"}'::text[]))", "Rows Removed by Filter": 3987641, "Exact Heap Blocks": 3901088, "Lossy Heap Blocks": 3901088, "Plans": [{"Node Type": "Bitmap Index Scan", "Parent Relationship": "Outer", "Index Name": "movie_id_cast_info", "Startup Cost": 0.0, "Total Cost": 0.52, "Plan Rows": 6, "Plan Width": 0, "Actual Startup Time": 1062.241, "Actual Total Time": 1062.241, "Actual Rows": 4041796, "Actual Loops": 102516, "Index Cond": "(movie_id = t.id)"}]}]}, {"Node Type": "Bitmap Heap Scan", "Parent Relationship": "Inner", "Relation Name": "name", "Alias": "n", "Startup Cost": 0.31, "Total Cost": 4.32, "Plan Rows": 1, "Plan Width": 4, "Actual Startup Time": 412.128, "Actual Total Time": 412.128, "Actual Rows": 28073, "Actual Loops": 54155, "Recheck Cond": "(id = ci.person_id)", "Rows Removed by Index Recheck": 0, "Filter": "((gender)::text = 'm'::text)", "Rows Removed by Filter": 26082, "Exact Heap Blocks": 54155, "Lossy Heap Blocks": 54155, "Plans": [{"Node Type": "Bitmap Index Scan", "Parent Relationship": "Outer", "Index Name": "name_pkey", "Startup Cost": 0.0, "Total Cost": 0.31, "Plan Rows": 1, "Plan Width": 0, "Actual Startup Time": 260.254, "Actual Total Time": 260.254, "Actual Rows": 54155, "Actual Loops": 54155, "Index Cond": "(id = ci.person_id)"}]}]}]}, "Triggers": [], "Planner Runtime": 6, "Total Runtime": 13418.547, "Unique SQL Id": 3913857139}}, "(1, 39)": {"explain_plan": {"Plan": {"Node Type": "Aggregate", "Strategy": "Plain", "Startup Cost": 1000012232006.38, "Total Cost": 1000012232006.39, "Plan Rows": 1, "Plan Width": 160, "Plans": [{"Node Type": "Nested Loop", "Parent Relationship": "Outer", "Join Type": "Inner", "Startup Cost": 10000000002.26, "Total Cost": 1000012231995.78, "Plan Rows": 1413, "Plan Width": 64, "Inner Unique": true, "Join Filter": "(mi.movie_id = t.id)", "Plans": [{"Node Type": "Nested Loop", "Parent Relationship": "Outer", "Join Type": "Inner", "Startup Cost": 10000000001.98, "Total Cost": 1000012225906.36, "Plan Rows": 1413, "Plan Width": 59, "Inner Unique": true, "Plans": [{"Node Type": "Nested Loop", "Parent Relationship": "Outer", "Join Type": "Inner", "Startup Cost": 10000000001.67, "Total Cost": 1000012220900.93, "Plan Rows": 1155, "Plan Width": 63, "Inner Unique": false, "Join Filter": "(mi.movie_id = ci.movie_id)", "Plans": [{"Node Type": "Nested Loop", "Parent Relationship": "Outer", "Join Type": "Inner", "Startup Cost": 10000000000.97, "Total Cost": 1000012215863.83, "Plan Rows": 1044, "Plan Width": 55, "Inner Unique": true, "Plans": [{"Node Type": "Nested Loop", "Parent Relationship": "Outer", "Join Type": "Inner", "Startup Cost": 10000000000.71, "Total Cost": 1000012197983.33, "Plan Rows": 4175, "Plan Width": 59, "Inner Unique": true, "Plans": [{"Node Type": "Nested Loop", "Parent Relationship": "Outer", "Join Type": "Inner", "Startup Cost": 10000000000.45, "Total Cost": 1000010946375.89, "Plan Rows": 292241, "Plan Width": 63, "Inner Unique": false, "Plans": [{"Node Type": "Index Scan", "Parent Relationship": "Outer", "Scan Direction": "Forward", "Index Name": "movie_id_movie_info_idx", "Relation Name": "movie_info_idx", "Alias": "mi_idx", "Startup Cost": 10000000000.0, "Total Cost": 1000004650035.37, "Plan Rows": 1380034, "Plan Width": 13}, {"Node Type": "Bitmap Heap Scan", "Parent Relationship": "Inner", "Relation Name": "movie_info", "Alias": "mi", "Startup Cost": 0.45, "Total Cost": 4.55, "Plan Rows": 1, "Plan Width": 50, "Recheck Cond": "(movie_id = mi_idx.movie_id)", "Filter": "((info)::text = ANY ('{Horror,Action,Sci-Fi,Thriller,Crime,War}'::text[]))", "Plans": [{"Node Type": "Bitmap Index Scan", "Parent Relationship": "Outer", "Index Name": "movie_id_movie_info", "Startup Cost": 0.0, "Total Cost": 0.45, "Plan Rows": 5, "Plan Width": 0, "Index Cond": "(movie_id = mi_idx.movie_id)"}]}]}, {"Node Type": "Bitmap Heap Scan", "Parent Relationship": "Inner", "Relation Name": "info_type", "Alias": "it1", "Startup Cost": 0.26, "Total Cost": 4.27, "Plan Rows": 1, "Plan Width": 4, "Recheck Cond": "(id = mi.info_type_id)", "Filter": "((info)::text = 'genres'::text)", "Plans": [{"Node Type": "Bitmap Index Scan", "Parent Relationship": "Outer", "Index Name": "info_type_pkey", "Startup Cost": 0.0, "Total Cost": 0.26, "Plan Rows": 1, "Plan Width": 0, "Index Cond": "(id = mi.info_type_id)"}]}]}, {"Node Type": "Bitmap Heap Scan", "Parent Relationship": "Inner", "Relation Name": "info_type", "Alias": "it2", "Startup Cost": 0.26, "Total Cost": 4.27, "Plan Rows": 1, "Plan Width": 4, "Recheck Cond": "(id = mi_idx.info_type_id)", "Filter": "((info)::text = 'votes'::text)", "Plans": [{"Node Type": "Bitmap Index Scan", "Parent Relationship": "Outer", "Index Name": "info_type_pkey", "Startup Cost": 0.0, "Total Cost": 0.26, "Plan Rows": 1, "Plan Width": 0, "Index Cond": "(id = mi_idx.info_type_id)"}]}]}, {"Node Type": "Bitmap Heap Scan", "Parent Relationship": "Inner", "Relation Name": "cast_info", "Alias": "ci", "Startup Cost": 0.7, "Total Cost": 4.81, "Plan Rows": 1, "Plan Width": 8, "Recheck Cond": "(movie_id = mi_idx.movie_id)", "Filter": "((note)::text = ANY ('{(writer),\"(head writer)\",\"(written by)\",(story),\"(story editor)\"}'::text[]))", "Plans": [{"Node Type": "Bitmap Index Scan", "Parent Relationship": "Outer", "Index Name": "movie_id_cast_info", "Startup Cost": 0.0, "Total Cost": 0.7, "Plan Rows": 6, "Plan Width": 0, "Index Cond": "(movie_id = mi_idx.movie_id)"}]}]}, {"Node Type": "Bitmap Heap Scan", "Parent Relationship": "Inner", "Relation Name": "name", "Alias": "n", "Startup Cost": 0.31, "Total Cost": 4.32, "Plan Rows": 1, "Plan Width": 4, "Recheck Cond": "(id = ci.person_id)", "Filter": "((gender)::text = 'm'::text)", "Plans": [{"Node Type": "Bitmap Index Scan", "Parent Relationship": "Outer", "Index Name": "name_pkey", "Startup Cost": 0.0, "Total Cost": 0.31, "Plan Rows": 1, "Plan Width": 0, "Index Cond": "(id = ci.person_id)"}]}]}, {"Node Type": "Bitmap Heap Scan", "Parent Relationship": "Inner", "Relation Name": "title", "Alias": "t", "Startup Cost": 0.28, "Total Cost": 4.3, "Plan Rows": 1, "Plan Width": 21, "Recheck Cond": "(id = mi_idx.movie_id)", "Plans": [{"Node Type": "Bitmap Index Scan", "Parent Relationship": "Outer", "Index Name": "title_pkey", "Startup Cost": 0.0, "Total Cost": 0.28, "Plan Rows": 1, "Plan Width": 0, "Index Cond": "(id = mi_idx.movie_id)"}]}]}]}, "Unique SQL Id": 3913857139, "Planner Runtime": 5}, "explain_analyze_plan": null}, "(1, 40)": {"explain_plan": {"Plan": {"Node Type": "Aggregate", "Strategy": "Plain", "Startup Cost": 374382.88, "Total Cost": 374382.89, "Plan Rows": 1, "Plan Width": 160, "Plans": [{"Node Type": "Nested Loop", "Parent Relationship": "Outer", "Join Type": "Inner", "Startup Cost": 2.41, "Total Cost": 374372.28, "Plan Rows": 1413, "Plan Width": 64, "Inner Unique": true, "Plans": [{"Node Type": "Nested Loop", "Parent Relationship": "Outer", "Join Type": "Inner", "Startup Cost": 2.41, "Total Cost": 373793.01, "Plan Rows": 1155, "Plan Width": 68, "Inner Unique": false, "Plans": [{"Node Type": "Nested Loop", "Parent Relationship": "Outer", "Join Type": "Inner", "Startup Cost": 2.41, "Total Cost": 372731.38, "Plan Rows": 1044, "Plan Width": 76, "Inner Unique": true, "Join Filter": "(mi.movie_id = t.id)", "Plans": [{"Node Type": "Nested Loop", "Parent Relationship": "Outer", "Join Type": "Inner", "Startup Cost": 2.41, "Total Cost": 372303.19, "Plan Rows": 1044, "Plan Width": 55, "Inner Unique": false, "Join Filter": "(mi.info_type_id = it1.id)", "Plans": [{"Node Type": "Seq Scan", "Parent Relationship": "Outer", "Relation Name": "info_type", "Alias": "it1", "Startup Cost": 0.0, "Total Cost": 2.4, "Plan Rows": 1, "Plan Width": 4, "Filter": "((info)::text = 'genres'::text)"}, {"Node Type": "Nested Loop", "Parent Relationship": "Inner", "Join Type": "Inner", "Startup Cost": 2.41, "Total Cost": 369437.93, "Plan Rows": 229029, "Plan Width": 59, "Inner Unique": false, "Plans": [{"Node Type": "Hash Join", "Parent Relationship": "Outer", "Join Type": "Inner", "Startup Cost": 2.41, "Total Cost": 27185.54, "Plan Rows": 345008, "Plan Width": 9, "Inner Unique": true, "Hash Cond": "(mi_idx.info_type_id = it2.id), (LLVM Optimized)", "Plans": [{"Node Type": "Seq Scan", "Parent Relationship": "Outer", "Relation Name": "movie_info_idx", "Alias": "mi_idx", "Startup Cost": 0.0, "Total Cost": 20274.34, "Plan Rows": 1380034, "Plan Width": 13}, {"Node Type": "Hash", "Parent Relationship": "Inner", "Startup Cost": 2.4, "Total Cost": 2.4, "Plan Rows": 1, "Plan Width": 4, "Plans": [{"Node Type": "Seq Scan", "Parent Relationship": "Outer", "Relation Name": "info_type", "Alias": "it2", "Startup Cost": 0.0, "Total Cost": 2.4, "Plan Rows": 1, "Plan Width": 4, "Filter": "((info)::text = 'votes'::text)"}]}]}, {"Node Type": "Index Scan", "Parent Relationship": "Inner", "Scan Direction": "Forward", "Index Name": "movie_id_movie_info", "Relation Name": "movie_info", "Alias": "mi", "Startup Cost": 0.0, "Total Cost": 0.98, "Plan Rows": 1, "Plan Width": 50, "Index Cond": "(movie_id = mi_idx.movie_id)", "Filter": "((info)::text = ANY ('{Horror,Action,Sci-Fi,Thriller,Crime,War}'::text[]))"}]}]}, {"Node Type": "Index Scan", "Parent Relationship": "Inner", "Scan Direction": "Forward", "Index Name": "title_pkey", "Relation Name": "title", "Alias": "t", "Startup Cost": 0.0, "Total Cost": 0.4, "Plan Rows": 1, "Plan Width": 21, "Index Cond": "(id = mi_idx.movie_id)"}]}, {"Node Type": "Index Scan", "Parent Relationship": "Inner", "Scan Direction": "Forward", "Index Name": "movie_id_cast_info", "Relation Name": "cast_info", "Alias": "ci", "Startup Cost": 0.0, "Total Cost": 1.01, "Plan Rows": 1, "Plan Width": 8, "Index Cond": "(movie_id = t.id)", "Filter": "((note)::text = ANY ('{(writer),\"(head writer)\",\"(written by)\",(story),\"(story editor)\"}'::text[]))"}]}, {"Node Type": "Index Scan", "Parent Relationship": "Inner", "Scan Direction": "Forward", "Index Name": "name_pkey", "Relation Name": "name", "Alias": "n", "Startup Cost": 0.0, "Total Cost": 0.49, "Plan Rows": 1, "Plan Width": 4, "Index Cond": "(id = ci.person_id)", "Filter": "((gender)::text = 'm'::text)"}]}]}, "Unique SQL Id": 3913857139, "Planner Runtime": 11}, "explain_analyze_plan": {"Plan": {"Node Type": "Aggregate", "Strategy": "Plain", "Startup Cost": 374382.88, "Total Cost": 374382.89, "Plan Rows": 1, "Plan Width": 160, "Actual Startup Time": 20614.212, "Actual Total Time": 20614.212, "Actual Rows": 1, "Actual Loops": 1, "Plans": [{"Node Type": "Nested Loop", "Parent Relationship": "Outer", "Join Type": "Inner", "Startup Cost": 2.41, "Total Cost": 374372.28, "Plan Rows": 1413, "Plan Width": 64, "Actual Startup Time": 30.239, "Actual Total Time": 20564.704, "Actual Rows": 28073, "Actual Loops": 1, "Inner Unique": true, "Plans": [{"Node Type": "Nested Loop", "Parent Relationship": "Outer", "Join Type": "Inner", "Startup Cost": 2.41, "Total Cost": 373793.01, "Plan Rows": 1155, "Plan Width": 68, "Actual Startup Time": 15.113, "Actual Total Time": 20142.539, "Actual Rows": 54155, "Actual Loops": 1, "Inner Unique": false, "Plans": [{"Node Type": "Nested Loop", "Parent Relationship": "Outer", "Join Type": "Inner", "Startup Cost": 2.41, "Total Cost": 372731.38, "Plan Rows": 1044, "Plan Width": 76, "Actual Startup Time": 0.939, "Actual Total Time": 11368.446, "Actual Rows": 102516, "Actual Loops": 1, "Inner Unique": true, "Join Filter": "(mi.movie_id = t.id)", "Rows Removed by Join Filter": 0, "Plans": [{"Node Type": "Nested Loop", "Parent Relationship": "Outer", "Join Type": "Inner", "Startup Cost": 2.41, "Total Cost": 372303.19, "Plan Rows": 1044, "Plan Width": 55, "Actual Startup Time": 0.929, "Actual Total Time": 10787.782, "Actual Rows": 102516, "Actual Loops": 1, "Inner Unique": false, "Join Filter": "(mi.info_type_id = it1.id)", "Rows Removed by Join Filter": 2376, "Plans": [{"Node Type": "Seq Scan", "Parent Relationship": "Outer", "Relation Name": "info_type", "Alias": "it1", "Startup Cost": 0.0, "Total Cost": 2.4, "Plan Rows": 1, "Plan Width": 4, "Actual Startup Time": 0.03, "Actual Total Time": 0.059, "Actual Rows": 1, "Actual Loops": 1, "Filter": "((info)::text = 'genres'::text)", "Rows Removed by Filter": 111}, {"Node Type": "Nested Loop", "Parent Relationship": "Inner", "Join Type": "Inner", "Startup Cost": 2.41, "Total Cost": 369437.93, "Plan Rows": 229029, "Plan Width": 59, "Actual Startup Time": 0.888, "Actual Total Time": 10739.324, "Actual Rows": 104892, "Actual Loops": 1, "Inner Unique": false, "Plans": [{"Node Type": "Hash Join", "Parent Relationship": "Outer", "Join Type": "Inner", "Startup Cost": 2.41, "Total Cost": 27185.54, "Plan Rows": 345008, "Plan Width": 9, "Actual Startup Time": 0.179, "Actual Total Time": 815.902, "Actual Rows": 459925, "Actual Loops": 1, "Inner Unique": true, "Hash Cond": "(mi_idx.info_type_id = it2.id), (LLVM Optimized, Jit Execute)", "Plans": [{"Node Type": "Seq Scan", "Parent Relationship": "Outer", "Relation Name": "movie_info_idx", "Alias": "mi_idx", "Startup Cost": 0.0, "Total Cost": 20274.34, "Plan Rows": 1380034, "Plan Width": 13, "Actual Startup Time": 0.034, "Actual Total Time": 337.907, "Actual Rows": 1380034, "Actual Loops": 1}, {"Node Type": "Hash", "Parent Relationship": "Inner", "Startup Cost": 2.4, "Total Cost": 2.4, "Plan Rows": 1, "Plan Width": 4, "Actual Startup Time": 0.051, "Actual Total Time": 0.051, "Actual Rows": 1, "Actual Loops": 1, "Hash Buckets": 32768, "Hash Batches": 1, "Original Hash Batches": 1, "Peak Memory Usage": 1, "Plans": [{"Node Type": "Seq Scan", "Parent Relationship": "Outer", "Relation Name": "info_type", "Alias": "it2", "Startup Cost": 0.0, "Total Cost": 2.4, "Plan Rows": 1, "Plan Width": 4, "Actual Startup Time": 0.041, "Actual Total Time": 0.047, "Actual Rows": 1, "Actual Loops": 1, "Filter": "((info)::text = 'votes'::text)", "Rows Removed by Filter": 111}]}]}, {"Node Type": "Index Scan", "Parent Relationship": "Inner", "Scan Direction": "Forward", "Index Name": "movie_id_movie_info", "Relation Name": "movie_info", "Alias": "mi", "Startup Cost": 0.0, "Total Cost": 0.98, "Plan Rows": 1, "Plan Width": 50, "Actual Startup Time": 9465.36, "Actual Total Time": 9639.429, "Actual Rows": 104892, "Actual Loops": 459925, "Index Cond": "(movie_id = mi_idx.movie_id)", "Rows Removed by Index Recheck": 0, "Filter": "((info)::text = ANY ('{Horror,Action,Sci-Fi,Thriller,Crime,War}'::text[]))", "Rows Removed by Filter": 6825442}]}]}, {"Node Type": "Index Scan", "Parent Relationship": "Inner", "Scan Direction": "Forward", "Index Name": "title_pkey", "Relation Name": "title", "Alias": "t", "Startup Cost": 0.0, "Total Cost": 0.4, "Plan Rows": 1, "Plan Width": 21, "Actual Startup Time": 456.275, "Actual Total Time": 456.275, "Actual Rows": 102516, "Actual Loops": 102516, "Index Cond": "(id = mi_idx.movie_id)", "Rows Removed by Index Recheck": 0}]}, {"Node Type": "Index Scan", "Parent Relationship": "Inner", "Scan Direction": "Forward", "Index Name": "movie_id_cast_info", "Relation Name": "cast_info", "Alias": "ci", "Startup Cost": 0.0, "Total Cost": 1.01, "Plan Rows": 1, "Plan Width": 8, "Actual Startup Time": 7419.028, "Actual Total Time": 8699.142, "Actual Rows": 54155, "Actual Loops": 102516, "Index Cond": "(movie_id = t.id)", "Rows Removed by Index Recheck": 0, "Filter": "((note)::text = ANY ('{(writer),\"(head writer)\",\"(written by)\",(story),\"(story editor)\"}'::text[]))", "Rows Removed by Filter": 3987641}]}, {"Node Type": "Index Scan", "Parent Relationship": "Inner", "Scan Direction": "Forward", "Index Name": "name_pkey", "Relation Name": "name", "Alias": "n", "Startup Cost": 0.0, "Total Cost": 0.49, "Plan Rows": 1, "Plan Width": 4, "Actual Startup Time": 372.686, "Actual Total Time": 372.686, "Actual Rows": 28073, "Actual Loops": 54155, "Index Cond": "(id = ci.person_id)", "Rows Removed by Index Recheck": 0, "Filter": "((gender)::text = 'm'::text)", "Rows Removed by Filter": 26082}]}]}, "Triggers": [], "Planner Runtime": 11, "Total Runtime": 20623.318, "Unique SQL Id": 3913857139}}, "(1, 41)": {"explain_plan": {"Plan": {"Node Type": "Aggregate", "Strategy": "Plain", "Startup Cost": 385547.34, "Total Cost": 385547.35, "Plan Rows": 1, "Plan Width": 160, "Plans": [{"Node Type": "Nested Loop", "Parent Relationship": "Outer", "Join Type": "Inner", "Startup Cost": 0.0, "Total Cost": 385536.75, "Plan Rows": 1413, "Plan Width": 64, "Inner Unique": true, "Plans": [{"Node Type": "Nested Loop", "Parent Relationship": "Outer", "Join Type": "Inner", "Startup Cost": 0.0, "Total Cost": 384957.48, "Plan Rows": 1155, "Plan Width": 68, "Inner Unique": false, "Plans": [{"Node Type": "Nested Loop", "Parent Relationship": "Outer", "Join Type": "Inner", "Startup Cost": 0.0, "Total Cost": 383895.85, "Plan Rows": 1044, "Plan Width": 76, "Inner Unique": true, "Join Filter": "(mi.movie_id = t.id)", "Plans": [{"Node Type": "Nested Loop", "Parent Relationship": "Outer", "Join Type": "Inner", "Startup Cost": 0.0, "Total Cost": 383467.66, "Plan Rows": 1044, "Plan Width": 55, "Inner Unique": false, "Join Filter": "(mi.info_type_id = it1.id)", "Plans": [{"Node Type": "Index Scan", "Parent Relationship": "Outer", "Scan Direction": "Forward", "Index Name": "info_type_pkey", "Relation Name": "info_type", "Alias": "it1", "Startup Cost": 0.0, "Total Cost": 14.21, "Plan Rows": 1, "Plan Width": 4, "Filter": "((info)::text = 'genres'::text)"}, {"Node Type": "Nested Loop", "Parent Relationship": "Inner", "Join Type": "Inner", "Startup Cost": 0.0, "Total Cost": 380590.58, "Plan Rows": 229029, "Plan Width": 59, "Inner Unique": false, "Plans": [{"Node Type": "Nested Loop", "Parent Relationship": "Outer", "Join Type": "Inner", "Startup Cost": 0.0, "Total Cost": 38338.2, "Plan Rows": 345008, "Plan Width": 9, "Inner Unique": false, "Plans": [{"Node Type": "Index Scan", "Parent Relationship": "Outer", "Scan Direction": "Forward", "Index Name": "info_type_pkey", "Relation Name": "info_type", "Alias": "it2", "Startup Cost": 0.0, "Total Cost": 14.21, "Plan Rows": 1, "Plan Width": 4, "Filter": "((info)::text = 'votes'::text)"}, {"Node Type": "Index Scan", "Parent Relationship": "Inner", "Scan Direction": "Forward", "Index Name": "info_type_id_movie_info_idx", "Relation Name": "movie_info_idx", "Alias": "mi_idx", "Startup Cost": 0.0, "Total Cost": 34873.91, "Plan Rows": 345008, "Plan Width": 13, "Index Cond": "(info_type_id = it2.id), (LLVM Optimized)"}]}, {"Node Type": "Index Scan", "Parent Relationship": "Inner", "Scan Direction": "Forward", "Index Name": "movie_id_movie_info", "Relation Name": "movie_info", "Alias": "mi", "Startup Cost": 0.0, "Total Cost": 0.98, "Plan Rows": 1, "Plan Width": 50, "Index Cond": "(movie_id = mi_idx.movie_id)", "Filter": "((info)::text = ANY ('{Horror,Action,Sci-Fi,Thriller,Crime,War}'::text[]))"}]}]}, {"Node Type": "Index Scan", "Parent Relationship": "Inner", "Scan Direction": "Forward", "Index Name": "title_pkey", "Relation Name": "title", "Alias": "t", "Startup Cost": 0.0, "Total Cost": 0.4, "Plan Rows": 1, "Plan Width": 21, "Index Cond": "(id = mi_idx.movie_id)"}]}, {"Node Type": "Index Scan", "Parent Relationship": "Inner", "Scan Direction": "Forward", "Index Name": "movie_id_cast_info", "Relation Name": "cast_info", "Alias": "ci", "Startup Cost": 0.0, "Total Cost": 1.01, "Plan Rows": 1, "Plan Width": 8, "Index Cond": "(movie_id = t.id)", "Filter": "((note)::text = ANY ('{(writer),\"(head writer)\",\"(written by)\",(story),\"(story editor)\"}'::text[]))"}]}, {"Node Type": "Index Scan", "Parent Relationship": "Inner", "Scan Direction": "Forward", "Index Name": "name_pkey", "Relation Name": "name", "Alias": "n", "Startup Cost": 0.0, "Total Cost": 0.49, "Plan Rows": 1, "Plan Width": 4, "Index Cond": "(id = ci.person_id)", "Filter": "((gender)::text = 'm'::text)"}]}]}, "Unique SQL Id": 3913857139, "Planner Runtime": 8}, "explain_analyze_plan": {"Plan": {"Node Type": "Aggregate", "Strategy": "Plain", "Startup Cost": 385547.34, "Total Cost": 385547.35, "Plan Rows": 1, "Plan Width": 160, "Actual Startup Time": 19858.278, "Actual Total Time": 19858.279, "Actual Rows": 1, "Actual Loops": 1, "Plans": [{"Node Type": "Nested Loop", "Parent Relationship": "Outer", "Join Type": "Inner", "Startup Cost": 0.0, "Total Cost": 385536.75, "Plan Rows": 1413, "Plan Width": 64, "Actual Startup Time": 29.537, "Actual Total Time": 19816.621, "Actual Rows": 28073, "Actual Loops": 1, "Inner Unique": true, "Plans": [{"Node Type": "Nested Loop", "Parent Relationship": "Outer", "Join Type": "Inner", "Startup Cost": 0.0, "Total Cost": 384957.48, "Plan Rows": 1155, "Plan Width": 68, "Actual Startup Time": 14.824, "Actual Total Time": 19381.185, "Actual Rows": 54155, "Actual Loops": 1, "Inner Unique": false, "Plans": [{"Node Type": "Nested Loop", "Parent Relationship": "Outer", "Join Type": "Inner", "Startup Cost": 0.0, "Total Cost": 383895.85, "Plan Rows": 1044, "Plan Width": 76, "Actual Startup Time": 0.924, "Actual Total Time": 10116.383, "Actual Rows": 102516, "Actual Loops": 1, "Inner Unique": true, "Join Filter": "(mi.movie_id = t.id)", "Rows Removed by Join Filter": 0, "Plans": [{"Node Type": "Nested Loop", "Parent Relationship": "Outer", "Join Type": "Inner", "Startup Cost": 0.0, "Total Cost": 383467.66, "Plan Rows": 1044, "Plan Width": 55, "Actual Startup Time": 0.913, "Actual Total Time": 9535.918, "Actual Rows": 102516, "Actual Loops": 1, "Inner Unique": false, "Join Filter": "(mi.info_type_id = it1.id)", "Rows Removed by Join Filter": 2376, "Plans": [{"Node Type": "Index Scan", "Parent Relationship": "Outer", "Scan Direction": "Forward", "Index Name": "info_type_pkey", "Relation Name": "info_type", "Alias": "it1", "Startup Cost": 0.0, "Total Cost": 14.21, "Plan Rows": 1, "Plan Width": 4, "Actual Startup Time": 0.027, "Actual Total Time": 0.081, "Actual Rows": 1, "Actual Loops": 1, "Filter": "((info)::text = 'genres'::text)", "Rows Removed by Filter": 111}, {"Node Type": "Nested Loop", "Parent Relationship": "Inner", "Join Type": "Inner", "Startup Cost": 0.0, "Total Cost": 380590.58, "Plan Rows": 229029, "Plan Width": 59, "Actual Startup Time": 0.88, "Actual Total Time": 9495.878, "Actual Rows": 104892, "Actual Loops": 1, "Inner Unique": false, "Plans": [{"Node Type": "Nested Loop", "Parent Relationship": "Outer", "Join Type": "Inner", "Startup Cost": 0.0, "Total Cost": 38338.2, "Plan Rows": 345008, "Plan Width": 9, "Actual Startup Time": 0.188, "Actual Total Time": 443.881, "Actual Rows": 459925, "Actual Loops": 1, "Inner Unique": false, "Plans": [{"Node Type": "Index Scan", "Parent Relationship": "Outer", "Scan Direction": "Forward", "Index Name": "info_type_pkey", "Relation Name": "info_type", "Alias": "it2", "Startup Cost": 0.0, "Total Cost": 14.21, "Plan Rows": 1, "Plan Width": 4, "Actual Startup Time": 0.054, "Actual Total Time": 0.069, "Actual Rows": 1, "Actual Loops": 1, "Filter": "((info)::text = 'votes'::text)", "Rows Removed by Filter": 111}, {"Node Type": "Index Scan", "Parent Relationship": "Inner", "Scan Direction": "Forward", "Index Name": "info_type_id_movie_info_idx", "Relation Name": "movie_info_idx", "Alias": "mi_idx", "Startup Cost": 0.0, "Total Cost": 34873.91, "Plan Rows": 345008, "Plan Width": 13, "Actual Startup Time": 0.131, "Actual Total Time": 332.33, "Actual Rows": 459925, "Actual Loops": 1, "Index Cond": "(info_type_id = it2.id), (LLVM Optimized, Jit Execute)", "Rows Removed by Index Recheck": 0}]}, {"Node Type": "Index Scan", "Parent Relationship": "Inner", "Scan Direction": "Forward", "Index Name": "movie_id_movie_info", "Relation Name": "movie_info", "Alias": "mi", "Startup Cost": 0.0, "Total Cost": 0.98, "Plan Rows": 1, "Plan Width": 50, "Actual Startup Time": 8619.521, "Actual Total Time": 8782.765, "Actual Rows": 104892, "Actual Loops": 459925, "Index Cond": "(movie_id = mi_idx.movie_id)", "Rows Removed by Index Recheck": 0, "Filter": "((info)::text = ANY ('{Horror,Action,Sci-Fi,Thriller,Crime,War}'::text[]))", "Rows Removed by Filter": 6825442}]}]}, {"Node Type": "Index Scan", "Parent Relationship": "Inner", "Scan Direction": "Forward", "Index Name": "title_pkey", "Relation Name": "title", "Alias": "t", "Startup Cost": 0.0, "Total Cost": 0.4, "Plan Rows": 1, "Plan Width": 21, "Actual Startup Time": 466.75, "Actual Total Time": 466.75, "Actual Rows": 102516, "Actual Loops": 102516, "Index Cond": "(id = mi_idx.movie_id)", "Rows Removed by Index Recheck": 0}]}, {"Node Type": "Index Scan", "Parent Relationship": "Inner", "Scan Direction": "Forward", "Index Name": "movie_id_cast_info", "Relation Name": "cast_info", "Alias": "ci", "Startup Cost": 0.0, "Total Cost": 1.01, "Plan Rows": 1, "Plan Width": 8, "Actual Startup Time": 7837.555, "Actual Total Time": 9194.417, "Actual Rows": 54155, "Actual Loops": 102516, "Index Cond": "(movie_id = t.id)", "Rows Removed by Index Recheck": 0, "Filter": "((note)::text = ANY ('{(writer),\"(head writer)\",\"(written by)\",(story),\"(story editor)\"}'::text[]))", "Rows Removed by Filter": 3987641}]}, {"Node Type": "Index Scan", "Parent Relationship": "Inner", "Scan Direction": "Forward", "Index Name": "name_pkey", "Relation Name": "name", "Alias": "n", "Startup Cost": 0.0, "Total Cost": 0.49, "Plan Rows": 1, "Plan Width": 4, "Actual Startup Time": 390.023, "Actual Total Time": 390.023, "Actual Rows": 28073, "Actual Loops": 54155, "Index Cond": "(id = ci.person_id)", "Rows Removed by Index Recheck": 0, "Filter": "((gender)::text = 'm'::text)", "Rows Removed by Filter": 26082}]}]}, "Triggers": [], "Planner Runtime": 5, "Total Runtime": 19868.04, "Unique SQL Id": 3913857139}}, "(1, 42)": {"explain_plan": {"Plan": {"Node Type": "Aggregate", "Strategy": "Plain", "Startup Cost": 1486651.2, "Total Cost": 1486651.21, "Plan Rows": 1, "Plan Width": 160, "Plans": [{"Node Type": "Hash Join", "Parent Relationship": "Outer", "Join Type": "Inner", "Startup Cost": 653429.2, "Total Cost": 1486640.6, "Plan Rows": 1413, "Plan Width": 64, "Inner Unique": true, "Hash Cond": "(ci.person_id = n.id)", "Plans": [{"Node Type": "Nested Loop", "Parent Relationship": "Outer", "Join Type": "Inner", "Startup Cost": 528179.65, "Total Cost": 1361372.59, "Plan Rows": 1155, "Plan Width": 68, "Inner Unique": false, "Join Filter": "(mi_idx.info_type_id = it2.id)", "Plans": [{"Node Type": "Seq Scan", "Parent Relationship": "Outer", "Relation Name": "info_type", "Alias": "it2", "Startup Cost": 0.0, "Total Cost": 2.4, "Plan Rows": 1, "Plan Width": 4, "Filter": "((info)::text = 'votes'::text)"}, {"Node Type": "Hash Join", "Parent Relationship": "Inner", "Join Type": "Inner", "Startup Cost": 528179.65, "Total Cost": 1361312.45, "Plan Rows": 4619, "Plan Width": 72, "Inner Unique": false, "Hash Cond": "(ci.movie_id = t.id)", "Plans": [{"Node Type": "Seq Scan", "Parent Relationship": "Outer", "Relation Name": "cast_info", "Alias": "ci", "Startup Cost": 0.0, "Total Cost": 828499.78, "Plan Rows": 1223154, "Plan Width": 8, "Filter": "((note)::text = ANY ('{(writer),\"(head writer)\",\"(written by)\",(story),\"(story editor)\"}'::text[]))"}, {"Node Type": "Hash", "Parent Relationship": "Inner", "Startup Cost": 528127.47, "Total Cost": 528127.47, "Plan Rows": 4175, "Plan Width": 80, "Plans": [{"Node Type": "Hash Join", "Parent Relationship": "Outer", "Join Type": "Inner", "Startup Cost": 502636.25, "Total Cost": 528127.47, "Plan Rows": 4175, "Plan Width": 80, "Inner Unique": false, "Hash Cond": "(mi_idx.movie_id = t.id)", "Plans": [{"Node Type": "Seq Scan", "Parent Relationship": "Outer", "Relation Name": "movie_info_idx", "Alias": "mi_idx", "Startup Cost": 0.0, "Total Cost": 20274.34, "Plan Rows": 1380034, "Plan Width": 13}, {"Node Type": "Hash", "Parent Relationship": "Inner", "Startup Cost": 502602.29, "Total Cost": 502602.29, "Plan Rows": 2717, "Plan Width": 67, "Plans": [{"Node Type": "Hash Join", "Parent Relationship": "Outer", "Join Type": "Inner", "Startup Cost": 91673.0, "Total Cost": 502602.29, "Plan Rows": 2717, "Plan Width": 67, "Inner Unique": true, "Hash Cond": "(mi.movie_id = t.id)", "Plans": [{"Node Type": "Nested Loop", "Parent Relationship": "Outer", "Join Type": "Inner", "Startup Cost": 0.0, "Total Cost": 410891.93, "Plan Rows": 2717, "Plan Width": 46, "Inner Unique": false, "Join Filter": "(it1.id = mi.info_type_id)", "Plans": [{"Node Type": "Seq Scan", "Parent Relationship": "Outer", "Relation Name": "info_type", "Alias": "it1", "Startup Cost": 0.0, "Total Cost": 2.4, "Plan Rows": 1, "Plan Width": 4, "Filter": "((info)::text = 'genres'::text)"}, {"Node Type": "Seq Scan", "Parent Relationship": "Inner", "Relation Name": "movie_info", "Alias": "mi", "Startup Cost": 0.0, "Total Cost": 408512.41, "Plan Rows": 190170, "Plan Width": 50, "Filter": "((info)::text = ANY ('{Horror,Action,Sci-Fi,Thriller,Crime,War}'::text[]))"}]}, {"Node Type": "Hash", "Parent Relationship": "Inner", "Startup Cost": 60069.11, "Total Cost": 60069.11, "Plan Rows": 2528311, "Plan Width": 21, "Plans": [{"Node Type": "Seq Scan", "Parent Relationship": "Outer", "Relation Name": "title", "Alias": "t", "Startup Cost": 0.0, "Total Cost": 60069.11, "Plan Rows": 2528311, "Plan Width": 21}]}]}]}]}]}]}]}, {"Node Type": "Hash", "Parent Relationship": "Inner", "Startup Cost": 103490.62, "Total Cost": 103490.62, "Plan Rows": 1740714, "Plan Width": 4, "Plans": [{"Node Type": "Seq Scan", "Parent Relationship": "Outer", "Relation Name": "name", "Alias": "n", "Startup Cost": 0.0, "Total Cost": 103490.62, "Plan Rows": 1740714, "Plan Width": 4, "Filter": "((gender)::text = 'm'::text), (LLVM Optimized)"}]}]}]}, "Unique SQL Id": 3913857139, "Planner Runtime": 27}, "explain_analyze_plan": {"Plan": {"Node Type": "Aggregate", "Strategy": "Plain", "Startup Cost": 1486651.2, "Total Cost": 1486651.21, "Plan Rows": 1, "Plan Width": 160, "Actual Startup Time": 28282.094, "Actual Total Time": 28282.094, "Actual Rows": 1, "Actual Loops": 1, "Plans": [{"Node Type": "Hash Join", "Parent Relationship": "Outer", "Join Type": "Inner", "Startup Cost": 653429.2, "Total Cost": 1486640.6, "Plan Rows": 1413, "Plan Width": 64, "Actual Startup Time": 14046.164, "Actual Total Time": 28258.057, "Actual Rows": 28073, "Actual Loops": 1, "Inner Unique": true, "Hash Cond": "(ci.person_id = n.id)", "Plans": [{"Node Type": "Nested Loop", "Parent Relationship": "Outer", "Join Type": "Inner", "Startup Cost": 528179.65, "Total Cost": 1361372.59, "Plan Rows": 1155, "Plan Width": 68, "Actual Startup Time": 11635.442, "Actual Total Time": 25822.377, "Actual Rows": 54155, "Actual Loops": 1, "Inner Unique": false, "Join Filter": "(mi_idx.info_type_id = it2.id)", "Rows Removed by Join Filter": 108466, "Plans": [{"Node Type": "Seq Scan", "Parent Relationship": "Outer", "Relation Name": "info_type", "Alias": "it2", "Startup Cost": 0.0, "Total Cost": 2.4, "Plan Rows": 1, "Plan Width": 4, "Actual Startup Time": 0.095, "Actual Total Time": 0.11, "Actual Rows": 1, "Actual Loops": 1, "Filter": "((info)::text = 'votes'::text)", "Rows Removed by Filter": 111}, {"Node Type": "Hash Join", "Parent Relationship": "Inner", "Join Type": "Inner", "Startup Cost": 528179.65, "Total Cost": 1361312.45, "Plan Rows": 4619, "Plan Width": 72, "Actual Startup Time": 11635.33, "Actual Total Time": 25777.67, "Actual Rows": 162621, "Actual Loops": 1, "Inner Unique": false, "Hash Cond": "(ci.movie_id = t.id)", "Plans": [{"Node Type": "Seq Scan", "Parent Relationship": "Outer", "Relation Name": "cast_info", "Alias": "ci", "Startup Cost": 0.0, "Total Cost": 828499.78, "Plan Rows": 1223154, "Plan Width": 8, "Actual Startup Time": 398.884, "Actual Total Time": 14283.208, "Actual Rows": 1244716, "Actual Loops": 1, "Filter": "((note)::text = ANY ('{(writer),\"(head writer)\",\"(written by)\",(story),\"(story editor)\"}'::text[]))", "Rows Removed by Filter": 34999627}, {"Node Type": "Hash", "Parent Relationship": "Inner", "Startup Cost": 528127.47, "Total Cost": 528127.47, "Plan Rows": 4175, "Plan Width": 80, "Actual Startup Time": 10648.095, "Actual Total Time": 10648.095, "Actual Rows": 307785, "Actual Loops": 1, "Hash Buckets": 32768, "Hash Batches": 1, "Original Hash Batches": 1, "Peak Memory Usage": 24830, "Plans": [{"Node Type": "Hash Join", "Parent Relationship": "Outer", "Join Type": "Inner", "Startup Cost": 502636.25, "Total Cost": 528127.47, "Plan Rows": 4175, "Plan Width": 80, "Actual Startup Time": 9665.194, "Actual Total Time": 10533.443, "Actual Rows": 307785, "Actual Loops": 1, "Inner Unique": false, "Hash Cond": "(mi_idx.movie_id = t.id)", "Plans": [{"Node Type": "Seq Scan", "Parent Relationship": "Outer", "Relation Name": "movie_info_idx", "Alias": "mi_idx", "Startup Cost": 0.0, "Total Cost": 20274.34, "Plan Rows": 1380034, "Plan Width": 13, "Actual Startup Time": 0.046, "Actual Total Time": 316.833, "Actual Rows": 1380034, "Actual Loops": 1}, {"Node Type": "Hash", "Parent Relationship": "Inner", "Startup Cost": 502602.29, "Total Cost": 502602.29, "Plan Rows": 2717, "Plan Width": 67, "Actual Startup Time": 9665.041, "Actual Total Time": 9665.041, "Actual Rows": 186594, "Actual Loops": 1, "Hash Buckets": 32768, "Hash Batches": 1, "Original Hash Batches": 1, "Peak Memory Usage": 12274, "Plans": [{"Node Type": "Hash Join", "Parent Relationship": "Outer", "Join Type": "Inner", "Startup Cost": 91673.0, "Total Cost": 502602.29, "Plan Rows": 2717, "Plan Width": 67, "Actual Startup Time": 8555.545, "Actual Total Time": 9601.506, "Actual Rows": 186594, "Actual Loops": 1, "Inner Unique": true, "Hash Cond": "(mi.movie_id = t.id)", "Plans": [{"Node Type": "Nested Loop", "Parent Relationship": "Outer", "Join Type": "Inner", "Startup Cost": 0.0, "Total Cost": 410891.93, "Plan Rows": 2717, "Plan Width": 46, "Actual Startup Time": 6616.816, "Actual Total Time": 7556.167, "Actual Rows": 186594, "Actual Loops": 1, "Inner Unique": false, "Join Filter": "(it1.id = mi.info_type_id)", "Rows Removed by Join Filter": 2377, "Plans": [{"Node Type": "Seq Scan", "Parent Relationship": "Outer", "Relation Name": "info_type", "Alias": "it1", "Startup Cost": 0.0, "Total Cost": 2.4, "Plan Rows": 1, "Plan Width": 4, "Actual Startup Time": 0.031, "Actual Total Time": 0.062, "Actual Rows": 1, "Actual Loops": 1, "Filter": "((info)::text = 'genres'::text)", "Rows Removed by Filter": 111}, {"Node Type": "Seq Scan", "Parent Relationship": "Inner", "Relation Name": "movie_info", "Alias": "mi", "Startup Cost": 0.0, "Total Cost": 408512.41, "Plan Rows": 190170, "Plan Width": 50, "Actual Startup Time": 3574.647, "Actual Total Time": 7493.739, "Actual Rows": 188971, "Actual Loops": 1, "Filter": "((info)::text = ANY ('{Horror,Action,Sci-Fi,Thriller,Crime,War}'::text[]))", "Rows Removed by Filter": 14646748}]}, {"Node Type": "Hash", "Parent Relationship": "Inner", "Startup Cost": 60069.11, "Total Cost": 60069.11, "Plan Rows": 2528311, "Plan Width": 21, "Actual Startup Time": 1820.726, "Actual Total Time": 1820.726, "Actual Rows": 2528311, "Actual Loops": 1, "Hash Buckets": 4194304, "Hash Batches": 1, "Original Hash Batches": 1, "Peak Memory Usage": 135869, "Plans": [{"Node Type": "Seq Scan", "Parent Relationship": "Outer", "Relation Name": "title", "Alias": "t", "Startup Cost": 0.0, "Total Cost": 60069.11, "Plan Rows": 2528311, "Plan Width": 21, "Actual Startup Time": 0.11, "Actual Total Time": 965.244, "Actual Rows": 2528311, "Actual Loops": 1}]}]}]}]}]}]}]}, {"Node Type": "Hash", "Parent Relationship": "Inner", "Startup Cost": 103490.62, "Total Cost": 103490.62, "Plan Rows": 1740714, "Plan Width": 4, "Actual Startup Time": 2409.255, "Actual Total Time": 2409.255, "Actual Rows": 1739578, "Actual Loops": 1, "Hash Buckets": 2097152, "Hash Batches": 1, "Original Hash Batches": 1, "Peak Memory Usage": 61158, "Plans": [{"Node Type": "Seq Scan", "Parent Relationship": "Outer", "Relation Name": "name", "Alias": "n", "Startup Cost": 0.0, "Total Cost": 103490.62, "Plan Rows": 1740714, "Plan Width": 4, "Actual Startup Time": 0.098, "Actual Total Time": 1747.175, "Actual Rows": 1739578, "Actual Loops": 1, "Filter": "((gender)::text = 'm'::text), (LLVM Optimized, Jit Execute)", "Rows Removed by Filter": 2427912}]}]}]}, "Triggers": [], "Planner Runtime": 27, "Total Runtime": 28293.022, "Unique SQL Id": 3913857139}}, "(1, 43)": {"explain_plan": {"Plan": {"Node Type": "Aggregate", "Strategy": "Plain", "Startup Cost": 7000445600668.71, "Total Cost": 7000445600668.72, "Plan Rows": 1, "Plan Width": 160, "Plans": [{"Node Type": "Nested Loop", "Parent Relationship": "Outer", "Join Type": "Inner", "Startup Cost": 70000000000.0, "Total Cost": 7000445600658.11, "Plan Rows": 1413, "Plan Width": 64, "Inner Unique": false, "Join Filter": "(ci.person_id = n.id)", "Plans": [{"Node Type": "Index Scan", "Parent Relationship": "Outer", "Scan Direction": "Forward", "Index Name": "name_pkey", "Relation Name": "name", "Alias": "n", "Startup Cost": 10000000000.0, "Total Cost": 1000018665147.2, "Plan Rows": 1740714, "Plan Width": 4, "Filter": "((gender)::text = 'm'::text), (LLVM Optimized)"}, {"Node Type": "Materialize", "Parent Relationship": "Inner", "Startup Cost": 60000000000.0, "Total Cost": 6000396777643.75, "Plan Rows": 1155, "Plan Width": 68, "Plans": [{"Node Type": "Nested Loop", "Parent Relationship": "Outer", "Join Type": "Inner", "Startup Cost": 60000000000.0, "Total Cost": 6000396777637.97, "Plan Rows": 1155, "Plan Width": 68, "Inner Unique": false, "Join Filter": "(t.id = ci.movie_id)", "Plans": [{"Node Type": "Index Scan", "Parent Relationship": "Outer", "Scan Direction": "Forward", "Index Name": "person_id_cast_info", "Relation Name": "cast_info", "Alias": "ci", "Startup Cost": 10000000000.0, "Total Cost": 1000193311016.96, "Plan Rows": 1223154, "Plan Width": 8, "Filter": "((note)::text = ANY ('{(writer),\"(head writer)\",\"(written by)\",(story),\"(story editor)\"}'::text[]))"}, {"Node Type": "Materialize", "Parent Relationship": "Inner", "Startup Cost": 50000000000.0, "Total Cost": 5000184312031.98, "Plan Rows": 1044, "Plan Width": 76, "Plans": [{"Node Type": "Nested Loop", "Parent Relationship": "Outer", "Join Type": "Inner", "Startup Cost": 50000000000.0, "Total Cost": 5000184312026.76, "Plan Rows": 1044, "Plan Width": 76, "Inner Unique": false, "Join Filter": "(mi.movie_id = t.id)", "Plans": [{"Node Type": "Index Scan", "Parent Relationship": "Outer", "Scan Direction": "Forward", "Index Name": "title_pkey", "Relation Name": "title", "Alias": "t", "Startup Cost": 10000000000.0, "Total Cost": 1000011012048.91, "Plan Rows": 2528311, "Plan Width": 21}, {"Node Type": "Materialize", "Parent Relationship": "Inner", "Startup Cost": 40000000000.0, "Total Cost": 4000133706630.2, "Plan Rows": 1044, "Plan Width": 55, "Plans": [{"Node Type": "Nested Loop", "Parent Relationship": "Outer", "Join Type": "Inner", "Startup Cost": 40000000000.0, "Total Cost": 4000133706624.98, "Plan Rows": 1044, "Plan Width": 55, "Inner Unique": false, "Join Filter": "(mi.movie_id = mi_idx.movie_id)", "Plans": [{"Node Type": "Nested Loop", "Parent Relationship": "Outer", "Join Type": "Inner", "Startup Cost": 20000000000.0, "Total Cost": 2000004672156.88, "Plan Rows": 345008, "Plan Width": 9, "Inner Unique": true, "Join Filter": "(it2.id = mi_idx.info_type_id), (LLVM Optimized)", "Plans": [{"Node Type": "Index Scan", "Parent Relationship": "Outer", "Scan Direction": "Forward", "Index Name": "movie_id_movie_info_idx", "Relation Name": "movie_info_idx", "Alias": "mi_idx", "Startup Cost": 10000000000.0, "Total Cost": 1000004650035.37, "Plan Rows": 1380034, "Plan Width": 13}, {"Node Type": "Materialize", "Parent Relationship": "Inner", "Startup Cost": 10000000000.0, "Total Cost": 1000000001421.0, "Plan Rows": 1, "Plan Width": 4, "Plans": [{"Node Type": "Index Scan", "Parent Relationship": "Outer", "Scan Direction": "Forward", "Index Name": "info_type_pkey", "Relation Name": "info_type", "Alias": "it2", "Startup Cost": 10000000000.0, "Total Cost": 1000000001421.0, "Plan Rows": 1, "Plan Width": 4, "Filter": "((info)::text = 'votes'::text)"}]}]}, {"Node Type": "Materialize", "Parent Relationship": "Inner", "Startup Cost": 20000000000.0, "Total Cost": 2000114973673.85, "Plan Rows": 2717, "Plan Width": 46, "Plans": [{"Node Type": "Nested Loop", "Parent Relationship": "Outer", "Join Type": "Inner", "Startup Cost": 20000000000.0, "Total Cost": 2000114973660.27, "Plan Rows": 2717, "Plan Width": 46, "Inner Unique": true, "Join Filter": "(it1.id = mi.info_type_id)", "Plans": [{"Node Type": "Index Scan", "Parent Relationship": "Outer", "Scan Direction": "Forward", "Index Name": "movie_id_movie_info", "Relation Name": "movie_info", "Alias": "mi", "Startup Cost": 10000000000.0, "Total Cost": 1000114969386.72, "Plan Rows": 190170, "Plan Width": 50, "Filter": "((info)::text = ANY ('{Horror,Action,Sci-Fi,Thriller,Crime,War}'::text[]))"}, {"Node Type": "Materialize", "Parent Relationship": "Inner", "Startup Cost": 10000000000.0, "Total Cost": 1000000001421.0, "Plan Rows": 1, "Plan Width": 4, "Plans": [{"Node Type": "Index Scan", "Parent Relationship": "Outer", "Scan Direction": "Forward", "Index Name": "info_type_pkey", "Relation Name": "info_type", "Alias": "it1", "Startup Cost": 10000000000.0, "Total Cost": 1000000001421.0, "Plan Rows": 1, "Plan Width": 4, "Filter": "((info)::text = 'genres'::text)"}]}]}]}]}]}]}]}]}]}]}]}, "Unique SQL Id": 3913857139, "Planner Runtime": 24}, "explain_analyze_plan": null}, "(1, 44)": {"explain_plan": {"Plan": {"Node Type": "Aggregate", "Strategy": "Plain", "Startup Cost": 374382.88, "Total Cost": 374382.89, "Plan Rows": 1, "Plan Width": 160, "Plans": [{"Node Type": "Nested Loop", "Parent Relationship": "Outer", "Join Type": "Inner", "Startup Cost": 2.41, "Total Cost": 374372.28, "Plan Rows": 1413, "Plan Width": 64, "Inner Unique": true, "Plans": [{"Node Type": "Nested Loop", "Parent Relationship": "Outer", "Join Type": "Inner", "Startup Cost": 2.41, "Total Cost": 373793.01, "Plan Rows": 1155, "Plan Width": 68, "Inner Unique": false, "Plans": [{"Node Type": "Nested Loop", "Parent Relationship": "Outer", "Join Type": "Inner", "Startup Cost": 2.41, "Total Cost": 372731.38, "Plan Rows": 1044, "Plan Width": 76, "Inner Unique": true, "Join Filter": "(mi.movie_id = t.id)", "Plans": [{"Node Type": "Nested Loop", "Parent Relationship": "Outer", "Join Type": "Inner", "Startup Cost": 2.41, "Total Cost": 372303.19, "Plan Rows": 1044, "Plan Width": 55, "Inner Unique": false, "Join Filter": "(mi.info_type_id = it1.id)", "Plans": [{"Node Type": "Seq Scan", "Parent Relationship": "Outer", "Relation Name": "info_type", "Alias": "it1", "Startup Cost": 0.0, "Total Cost": 2.4, "Plan Rows": 1, "Plan Width": 4, "Filter": "((info)::text = 'genres'::text)"}, {"Node Type": "Nested Loop", "Parent Relationship": "Inner", "Join Type": "Inner", "Startup Cost": 2.41, "Total Cost": 369437.93, "Plan Rows": 229029, "Plan Width": 59, "Inner Unique": false, "Plans": [{"Node Type": "Hash Join", "Parent Relationship": "Outer", "Join Type": "Inner", "Startup Cost": 2.41, "Total Cost": 27185.54, "Plan Rows": 345008, "Plan Width": 9, "Inner Unique": true, "Hash Cond": "(mi_idx.info_type_id = it2.id), (LLVM Optimized)", "Plans": [{"Node Type": "Seq Scan", "Parent Relationship": "Outer", "Relation Name": "movie_info_idx", "Alias": "mi_idx", "Startup Cost": 0.0, "Total Cost": 20274.34, "Plan Rows": 1380034, "Plan Width": 13}, {"Node Type": "Hash", "Parent Relationship": "Inner", "Startup Cost": 2.4, "Total Cost": 2.4, "Plan Rows": 1, "Plan Width": 4, "Plans": [{"Node Type": "Seq Scan", "Parent Relationship": "Outer", "Relation Name": "info_type", "Alias": "it2", "Startup Cost": 0.0, "Total Cost": 2.4, "Plan Rows": 1, "Plan Width": 4, "Filter": "((info)::text = 'votes'::text)"}]}]}, {"Node Type": "Index Scan", "Parent Relationship": "Inner", "Scan Direction": "Forward", "Index Name": "movie_id_movie_info", "Relation Name": "movie_info", "Alias": "mi", "Startup Cost": 0.0, "Total Cost": 0.98, "Plan Rows": 1, "Plan Width": 50, "Index Cond": "(movie_id = mi_idx.movie_id)", "Filter": "((info)::text = ANY ('{Horror,Action,Sci-Fi,Thriller,Crime,War}'::text[]))"}]}]}, {"Node Type": "Index Scan", "Parent Relationship": "Inner", "Scan Direction": "Forward", "Index Name": "title_pkey", "Relation Name": "title", "Alias": "t", "Startup Cost": 0.0, "Total Cost": 0.4, "Plan Rows": 1, "Plan Width": 21, "Index Cond": "(id = mi_idx.movie_id)"}]}, {"Node Type": "Index Scan", "Parent Relationship": "Inner", "Scan Direction": "Forward", "Index Name": "movie_id_cast_info", "Relation Name": "cast_info", "Alias": "ci", "Startup Cost": 0.0, "Total Cost": 1.01, "Plan Rows": 1, "Plan Width": 8, "Index Cond": "(movie_id = t.id)", "Filter": "((note)::text = ANY ('{(writer),\"(head writer)\",\"(written by)\",(story),\"(story editor)\"}'::text[]))"}]}, {"Node Type": "Index Scan", "Parent Relationship": "Inner", "Scan Direction": "Forward", "Index Name": "name_pkey", "Relation Name": "name", "Alias": "n", "Startup Cost": 0.0, "Total Cost": 0.49, "Plan Rows": 1, "Plan Width": 4, "Index Cond": "(id = ci.person_id)", "Filter": "((gender)::text = 'm'::text)"}]}]}, "Unique SQL Id": 3913857139, "Planner Runtime": 11}, "explain_analyze_plan": {"Plan": {"Node Type": "Aggregate", "Strategy": "Plain", "Startup Cost": 374382.88, "Total Cost": 374382.89, "Plan Rows": 1, "Plan Width": 160, "Actual Startup Time": 20614.212, "Actual Total Time": 20614.212, "Actual Rows": 1, "Actual Loops": 1, "Plans": [{"Node Type": "Nested Loop", "Parent Relationship": "Outer", "Join Type": "Inner", "Startup Cost": 2.41, "Total Cost": 374372.28, "Plan Rows": 1413, "Plan Width": 64, "Actual Startup Time": 30.239, "Actual Total Time": 20564.704, "Actual Rows": 28073, "Actual Loops": 1, "Inner Unique": true, "Plans": [{"Node Type": "Nested Loop", "Parent Relationship": "Outer", "Join Type": "Inner", "Startup Cost": 2.41, "Total Cost": 373793.01, "Plan Rows": 1155, "Plan Width": 68, "Actual Startup Time": 15.113, "Actual Total Time": 20142.539, "Actual Rows": 54155, "Actual Loops": 1, "Inner Unique": false, "Plans": [{"Node Type": "Nested Loop", "Parent Relationship": "Outer", "Join Type": "Inner", "Startup Cost": 2.41, "Total Cost": 372731.38, "Plan Rows": 1044, "Plan Width": 76, "Actual Startup Time": 0.939, "Actual Total Time": 11368.446, "Actual Rows": 102516, "Actual Loops": 1, "Inner Unique": true, "Join Filter": "(mi.movie_id = t.id)", "Rows Removed by Join Filter": 0, "Plans": [{"Node Type": "Nested Loop", "Parent Relationship": "Outer", "Join Type": "Inner", "Startup Cost": 2.41, "Total Cost": 372303.19, "Plan Rows": 1044, "Plan Width": 55, "Actual Startup Time": 0.929, "Actual Total Time": 10787.782, "Actual Rows": 102516, "Actual Loops": 1, "Inner Unique": false, "Join Filter": "(mi.info_type_id = it1.id)", "Rows Removed by Join Filter": 2376, "Plans": [{"Node Type": "Seq Scan", "Parent Relationship": "Outer", "Relation Name": "info_type", "Alias": "it1", "Startup Cost": 0.0, "Total Cost": 2.4, "Plan Rows": 1, "Plan Width": 4, "Actual Startup Time": 0.03, "Actual Total Time": 0.059, "Actual Rows": 1, "Actual Loops": 1, "Filter": "((info)::text = 'genres'::text)", "Rows Removed by Filter": 111}, {"Node Type": "Nested Loop", "Parent Relationship": "Inner", "Join Type": "Inner", "Startup Cost": 2.41, "Total Cost": 369437.93, "Plan Rows": 229029, "Plan Width": 59, "Actual Startup Time": 0.888, "Actual Total Time": 10739.324, "Actual Rows": 104892, "Actual Loops": 1, "Inner Unique": false, "Plans": [{"Node Type": "Hash Join", "Parent Relationship": "Outer", "Join Type": "Inner", "Startup Cost": 2.41, "Total Cost": 27185.54, "Plan Rows": 345008, "Plan Width": 9, "Actual Startup Time": 0.179, "Actual Total Time": 815.902, "Actual Rows": 459925, "Actual Loops": 1, "Inner Unique": true, "Hash Cond": "(mi_idx.info_type_id = it2.id), (LLVM Optimized, Jit Execute)", "Plans": [{"Node Type": "Seq Scan", "Parent Relationship": "Outer", "Relation Name": "movie_info_idx", "Alias": "mi_idx", "Startup Cost": 0.0, "Total Cost": 20274.34, "Plan Rows": 1380034, "Plan Width": 13, "Actual Startup Time": 0.034, "Actual Total Time": 337.907, "Actual Rows": 1380034, "Actual Loops": 1}, {"Node Type": "Hash", "Parent Relationship": "Inner", "Startup Cost": 2.4, "Total Cost": 2.4, "Plan Rows": 1, "Plan Width": 4, "Actual Startup Time": 0.051, "Actual Total Time": 0.051, "Actual Rows": 1, "Actual Loops": 1, "Hash Buckets": 32768, "Hash Batches": 1, "Original Hash Batches": 1, "Peak Memory Usage": 1, "Plans": [{"Node Type": "Seq Scan", "Parent Relationship": "Outer", "Relation Name": "info_type", "Alias": "it2", "Startup Cost": 0.0, "Total Cost": 2.4, "Plan Rows": 1, "Plan Width": 4, "Actual Startup Time": 0.041, "Actual Total Time": 0.047, "Actual Rows": 1, "Actual Loops": 1, "Filter": "((info)::text = 'votes'::text)", "Rows Removed by Filter": 111}]}]}, {"Node Type": "Index Scan", "Parent Relationship": "Inner", "Scan Direction": "Forward", "Index Name": "movie_id_movie_info", "Relation Name": "movie_info", "Alias": "mi", "Startup Cost": 0.0, "Total Cost": 0.98, "Plan Rows": 1, "Plan Width": 50, "Actual Startup Time": 9465.36, "Actual Total Time": 9639.429, "Actual Rows": 104892, "Actual Loops": 459925, "Index Cond": "(movie_id = mi_idx.movie_id)", "Rows Removed by Index Recheck": 0, "Filter": "((info)::text = ANY ('{Horror,Action,Sci-Fi,Thriller,Crime,War}'::text[]))", "Rows Removed by Filter": 6825442}]}]}, {"Node Type": "Index Scan", "Parent Relationship": "Inner", "Scan Direction": "Forward", "Index Name": "title_pkey", "Relation Name": "title", "Alias": "t", "Startup Cost": 0.0, "Total Cost": 0.4, "Plan Rows": 1, "Plan Width": 21, "Actual Startup Time": 456.275, "Actual Total Time": 456.275, "Actual Rows": 102516, "Actual Loops": 102516, "Index Cond": "(id = mi_idx.movie_id)", "Rows Removed by Index Recheck": 0}]}, {"Node Type": "Index Scan", "Parent Relationship": "Inner", "Scan Direction": "Forward", "Index Name": "movie_id_cast_info", "Relation Name": "cast_info", "Alias": "ci", "Startup Cost": 0.0, "Total Cost": 1.01, "Plan Rows": 1, "Plan Width": 8, "Actual Startup Time": 7419.028, "Actual Total Time": 8699.142, "Actual Rows": 54155, "Actual Loops": 102516, "Index Cond": "(movie_id = t.id)", "Rows Removed by Index Recheck": 0, "Filter": "((note)::text = ANY ('{(writer),\"(head writer)\",\"(written by)\",(story),\"(story editor)\"}'::text[]))", "Rows Removed by Filter": 3987641}]}, {"Node Type": "Index Scan", "Parent Relationship": "Inner", "Scan Direction": "Forward", "Index Name": "name_pkey", "Relation Name": "name", "Alias": "n", "Startup Cost": 0.0, "Total Cost": 0.49, "Plan Rows": 1, "Plan Width": 4, "Actual Startup Time": 372.686, "Actual Total Time": 372.686, "Actual Rows": 28073, "Actual Loops": 54155, "Index Cond": "(id = ci.person_id)", "Rows Removed by Index Recheck": 0, "Filter": "((gender)::text = 'm'::text)", "Rows Removed by Filter": 26082}]}]}, "Triggers": [], "Planner Runtime": 11, "Total Runtime": 20623.318, "Unique SQL Id": 3913857139}}, "(1, 45)": {"explain_plan": {"Plan": {"Node Type": "Aggregate", "Strategy": "Plain", "Startup Cost": 385547.34, "Total Cost": 385547.35, "Plan Rows": 1, "Plan Width": 160, "Plans": [{"Node Type": "Nested Loop", "Parent Relationship": "Outer", "Join Type": "Inner", "Startup Cost": 0.0, "Total Cost": 385536.75, "Plan Rows": 1413, "Plan Width": 64, "Inner Unique": true, "Plans": [{"Node Type": "Nested Loop", "Parent Relationship": "Outer", "Join Type": "Inner", "Startup Cost": 0.0, "Total Cost": 384957.48, "Plan Rows": 1155, "Plan Width": 68, "Inner Unique": false, "Plans": [{"Node Type": "Nested Loop", "Parent Relationship": "Outer", "Join Type": "Inner", "Startup Cost": 0.0, "Total Cost": 383895.85, "Plan Rows": 1044, "Plan Width": 76, "Inner Unique": true, "Join Filter": "(mi.movie_id = t.id)", "Plans": [{"Node Type": "Nested Loop", "Parent Relationship": "Outer", "Join Type": "Inner", "Startup Cost": 0.0, "Total Cost": 383467.66, "Plan Rows": 1044, "Plan Width": 55, "Inner Unique": false, "Join Filter": "(mi.info_type_id = it1.id)", "Plans": [{"Node Type": "Index Scan", "Parent Relationship": "Outer", "Scan Direction": "Forward", "Index Name": "info_type_pkey", "Relation Name": "info_type", "Alias": "it1", "Startup Cost": 0.0, "Total Cost": 14.21, "Plan Rows": 1, "Plan Width": 4, "Filter": "((info)::text = 'genres'::text)"}, {"Node Type": "Nested Loop", "Parent Relationship": "Inner", "Join Type": "Inner", "Startup Cost": 0.0, "Total Cost": 380590.58, "Plan Rows": 229029, "Plan Width": 59, "Inner Unique": false, "Plans": [{"Node Type": "Nested Loop", "Parent Relationship": "Outer", "Join Type": "Inner", "Startup Cost": 0.0, "Total Cost": 38338.2, "Plan Rows": 345008, "Plan Width": 9, "Inner Unique": false, "Plans": [{"Node Type": "Index Scan", "Parent Relationship": "Outer", "Scan Direction": "Forward", "Index Name": "info_type_pkey", "Relation Name": "info_type", "Alias": "it2", "Startup Cost": 0.0, "Total Cost": 14.21, "Plan Rows": 1, "Plan Width": 4, "Filter": "((info)::text = 'votes'::text)"}, {"Node Type": "Index Scan", "Parent Relationship": "Inner", "Scan Direction": "Forward", "Index Name": "info_type_id_movie_info_idx", "Relation Name": "movie_info_idx", "Alias": "mi_idx", "Startup Cost": 0.0, "Total Cost": 34873.91, "Plan Rows": 345008, "Plan Width": 13, "Index Cond": "(info_type_id = it2.id), (LLVM Optimized)"}]}, {"Node Type": "Index Scan", "Parent Relationship": "Inner", "Scan Direction": "Forward", "Index Name": "movie_id_movie_info", "Relation Name": "movie_info", "Alias": "mi", "Startup Cost": 0.0, "Total Cost": 0.98, "Plan Rows": 1, "Plan Width": 50, "Index Cond": "(movie_id = mi_idx.movie_id)", "Filter": "((info)::text = ANY ('{Horror,Action,Sci-Fi,Thriller,Crime,War}'::text[]))"}]}]}, {"Node Type": "Index Scan", "Parent Relationship": "Inner", "Scan Direction": "Forward", "Index Name": "title_pkey", "Relation Name": "title", "Alias": "t", "Startup Cost": 0.0, "Total Cost": 0.4, "Plan Rows": 1, "Plan Width": 21, "Index Cond": "(id = mi_idx.movie_id)"}]}, {"Node Type": "Index Scan", "Parent Relationship": "Inner", "Scan Direction": "Forward", "Index Name": "movie_id_cast_info", "Relation Name": "cast_info", "Alias": "ci", "Startup Cost": 0.0, "Total Cost": 1.01, "Plan Rows": 1, "Plan Width": 8, "Index Cond": "(movie_id = t.id)", "Filter": "((note)::text = ANY ('{(writer),\"(head writer)\",\"(written by)\",(story),\"(story editor)\"}'::text[]))"}]}, {"Node Type": "Index Scan", "Parent Relationship": "Inner", "Scan Direction": "Forward", "Index Name": "name_pkey", "Relation Name": "name", "Alias": "n", "Startup Cost": 0.0, "Total Cost": 0.49, "Plan Rows": 1, "Plan Width": 4, "Index Cond": "(id = ci.person_id)", "Filter": "((gender)::text = 'm'::text)"}]}]}, "Unique SQL Id": 3913857139, "Planner Runtime": 8}, "explain_analyze_plan": {"Plan": {"Node Type": "Aggregate", "Strategy": "Plain", "Startup Cost": 385547.34, "Total Cost": 385547.35, "Plan Rows": 1, "Plan Width": 160, "Actual Startup Time": 19858.278, "Actual Total Time": 19858.279, "Actual Rows": 1, "Actual Loops": 1, "Plans": [{"Node Type": "Nested Loop", "Parent Relationship": "Outer", "Join Type": "Inner", "Startup Cost": 0.0, "Total Cost": 385536.75, "Plan Rows": 1413, "Plan Width": 64, "Actual Startup Time": 29.537, "Actual Total Time": 19816.621, "Actual Rows": 28073, "Actual Loops": 1, "Inner Unique": true, "Plans": [{"Node Type": "Nested Loop", "Parent Relationship": "Outer", "Join Type": "Inner", "Startup Cost": 0.0, "Total Cost": 384957.48, "Plan Rows": 1155, "Plan Width": 68, "Actual Startup Time": 14.824, "Actual Total Time": 19381.185, "Actual Rows": 54155, "Actual Loops": 1, "Inner Unique": false, "Plans": [{"Node Type": "Nested Loop", "Parent Relationship": "Outer", "Join Type": "Inner", "Startup Cost": 0.0, "Total Cost": 383895.85, "Plan Rows": 1044, "Plan Width": 76, "Actual Startup Time": 0.924, "Actual Total Time": 10116.383, "Actual Rows": 102516, "Actual Loops": 1, "Inner Unique": true, "Join Filter": "(mi.movie_id = t.id)", "Rows Removed by Join Filter": 0, "Plans": [{"Node Type": "Nested Loop", "Parent Relationship": "Outer", "Join Type": "Inner", "Startup Cost": 0.0, "Total Cost": 383467.66, "Plan Rows": 1044, "Plan Width": 55, "Actual Startup Time": 0.913, "Actual Total Time": 9535.918, "Actual Rows": 102516, "Actual Loops": 1, "Inner Unique": false, "Join Filter": "(mi.info_type_id = it1.id)", "Rows Removed by Join Filter": 2376, "Plans": [{"Node Type": "Index Scan", "Parent Relationship": "Outer", "Scan Direction": "Forward", "Index Name": "info_type_pkey", "Relation Name": "info_type", "Alias": "it1", "Startup Cost": 0.0, "Total Cost": 14.21, "Plan Rows": 1, "Plan Width": 4, "Actual Startup Time": 0.027, "Actual Total Time": 0.081, "Actual Rows": 1, "Actual Loops": 1, "Filter": "((info)::text = 'genres'::text)", "Rows Removed by Filter": 111}, {"Node Type": "Nested Loop", "Parent Relationship": "Inner", "Join Type": "Inner", "Startup Cost": 0.0, "Total Cost": 380590.58, "Plan Rows": 229029, "Plan Width": 59, "Actual Startup Time": 0.88, "Actual Total Time": 9495.878, "Actual Rows": 104892, "Actual Loops": 1, "Inner Unique": false, "Plans": [{"Node Type": "Nested Loop", "Parent Relationship": "Outer", "Join Type": "Inner", "Startup Cost": 0.0, "Total Cost": 38338.2, "Plan Rows": 345008, "Plan Width": 9, "Actual Startup Time": 0.188, "Actual Total Time": 443.881, "Actual Rows": 459925, "Actual Loops": 1, "Inner Unique": false, "Plans": [{"Node Type": "Index Scan", "Parent Relationship": "Outer", "Scan Direction": "Forward", "Index Name": "info_type_pkey", "Relation Name": "info_type", "Alias": "it2", "Startup Cost": 0.0, "Total Cost": 14.21, "Plan Rows": 1, "Plan Width": 4, "Actual Startup Time": 0.054, "Actual Total Time": 0.069, "Actual Rows": 1, "Actual Loops": 1, "Filter": "((info)::text = 'votes'::text)", "Rows Removed by Filter": 111}, {"Node Type": "Index Scan", "Parent Relationship": "Inner", "Scan Direction": "Forward", "Index Name": "info_type_id_movie_info_idx", "Relation Name": "movie_info_idx", "Alias": "mi_idx", "Startup Cost": 0.0, "Total Cost": 34873.91, "Plan Rows": 345008, "Plan Width": 13, "Actual Startup Time": 0.131, "Actual Total Time": 332.33, "Actual Rows": 459925, "Actual Loops": 1, "Index Cond": "(info_type_id = it2.id), (LLVM Optimized, Jit Execute)", "Rows Removed by Index Recheck": 0}]}, {"Node Type": "Index Scan", "Parent Relationship": "Inner", "Scan Direction": "Forward", "Index Name": "movie_id_movie_info", "Relation Name": "movie_info", "Alias": "mi", "Startup Cost": 0.0, "Total Cost": 0.98, "Plan Rows": 1, "Plan Width": 50, "Actual Startup Time": 8619.521, "Actual Total Time": 8782.765, "Actual Rows": 104892, "Actual Loops": 459925, "Index Cond": "(movie_id = mi_idx.movie_id)", "Rows Removed by Index Recheck": 0, "Filter": "((info)::text = ANY ('{Horror,Action,Sci-Fi,Thriller,Crime,War}'::text[]))", "Rows Removed by Filter": 6825442}]}]}, {"Node Type": "Index Scan", "Parent Relationship": "Inner", "Scan Direction": "Forward", "Index Name": "title_pkey", "Relation Name": "title", "Alias": "t", "Startup Cost": 0.0, "Total Cost": 0.4, "Plan Rows": 1, "Plan Width": 21, "Actual Startup Time": 466.75, "Actual Total Time": 466.75, "Actual Rows": 102516, "Actual Loops": 102516, "Index Cond": "(id = mi_idx.movie_id)", "Rows Removed by Index Recheck": 0}]}, {"Node Type": "Index Scan", "Parent Relationship": "Inner", "Scan Direction": "Forward", "Index Name": "movie_id_cast_info", "Relation Name": "cast_info", "Alias": "ci", "Startup Cost": 0.0, "Total Cost": 1.01, "Plan Rows": 1, "Plan Width": 8, "Actual Startup Time": 7837.555, "Actual Total Time": 9194.417, "Actual Rows": 54155, "Actual Loops": 102516, "Index Cond": "(movie_id = t.id)", "Rows Removed by Index Recheck": 0, "Filter": "((note)::text = ANY ('{(writer),\"(head writer)\",\"(written by)\",(story),\"(story editor)\"}'::text[]))", "Rows Removed by Filter": 3987641}]}, {"Node Type": "Index Scan", "Parent Relationship": "Inner", "Scan Direction": "Forward", "Index Name": "name_pkey", "Relation Name": "name", "Alias": "n", "Startup Cost": 0.0, "Total Cost": 0.49, "Plan Rows": 1, "Plan Width": 4, "Actual Startup Time": 390.023, "Actual Total Time": 390.023, "Actual Rows": 28073, "Actual Loops": 54155, "Index Cond": "(id = ci.person_id)", "Rows Removed by Index Recheck": 0, "Filter": "((gender)::text = 'm'::text)", "Rows Removed by Filter": 26082}]}]}, "Triggers": [], "Planner Runtime": 5, "Total Runtime": 19868.04, "Unique SQL Id": 3913857139}}, "(1, 46)": {"explain_plan": {"Plan": {"Node Type": "Aggregate", "Strategy": "Plain", "Startup Cost": 1486651.2, "Total Cost": 1486651.21, "Plan Rows": 1, "Plan Width": 160, "Plans": [{"Node Type": "Hash Join", "Parent Relationship": "Outer", "Join Type": "Inner", "Startup Cost": 653429.2, "Total Cost": 1486640.6, "Plan Rows": 1413, "Plan Width": 64, "Inner Unique": true, "Hash Cond": "(ci.person_id = n.id)", "Plans": [{"Node Type": "Nested Loop", "Parent Relationship": "Outer", "Join Type": "Inner", "Startup Cost": 528179.65, "Total Cost": 1361372.59, "Plan Rows": 1155, "Plan Width": 68, "Inner Unique": false, "Join Filter": "(mi_idx.info_type_id = it2.id)", "Plans": [{"Node Type": "Seq Scan", "Parent Relationship": "Outer", "Relation Name": "info_type", "Alias": "it2", "Startup Cost": 0.0, "Total Cost": 2.4, "Plan Rows": 1, "Plan Width": 4, "Filter": "((info)::text = 'votes'::text)"}, {"Node Type": "Hash Join", "Parent Relationship": "Inner", "Join Type": "Inner", "Startup Cost": 528179.65, "Total Cost": 1361312.45, "Plan Rows": 4619, "Plan Width": 72, "Inner Unique": false, "Hash Cond": "(ci.movie_id = t.id)", "Plans": [{"Node Type": "Seq Scan", "Parent Relationship": "Outer", "Relation Name": "cast_info", "Alias": "ci", "Startup Cost": 0.0, "Total Cost": 828499.78, "Plan Rows": 1223154, "Plan Width": 8, "Filter": "((note)::text = ANY ('{(writer),\"(head writer)\",\"(written by)\",(story),\"(story editor)\"}'::text[]))"}, {"Node Type": "Hash", "Parent Relationship": "Inner", "Startup Cost": 528127.47, "Total Cost": 528127.47, "Plan Rows": 4175, "Plan Width": 80, "Plans": [{"Node Type": "Hash Join", "Parent Relationship": "Outer", "Join Type": "Inner", "Startup Cost": 502636.25, "Total Cost": 528127.47, "Plan Rows": 4175, "Plan Width": 80, "Inner Unique": false, "Hash Cond": "(mi_idx.movie_id = t.id)", "Plans": [{"Node Type": "Seq Scan", "Parent Relationship": "Outer", "Relation Name": "movie_info_idx", "Alias": "mi_idx", "Startup Cost": 0.0, "Total Cost": 20274.34, "Plan Rows": 1380034, "Plan Width": 13}, {"Node Type": "Hash", "Parent Relationship": "Inner", "Startup Cost": 502602.29, "Total Cost": 502602.29, "Plan Rows": 2717, "Plan Width": 67, "Plans": [{"Node Type": "Hash Join", "Parent Relationship": "Outer", "Join Type": "Inner", "Startup Cost": 91673.0, "Total Cost": 502602.29, "Plan Rows": 2717, "Plan Width": 67, "Inner Unique": true, "Hash Cond": "(mi.movie_id = t.id)", "Plans": [{"Node Type": "Nested Loop", "Parent Relationship": "Outer", "Join Type": "Inner", "Startup Cost": 0.0, "Total Cost": 410891.93, "Plan Rows": 2717, "Plan Width": 46, "Inner Unique": false, "Join Filter": "(it1.id = mi.info_type_id)", "Plans": [{"Node Type": "Seq Scan", "Parent Relationship": "Outer", "Relation Name": "info_type", "Alias": "it1", "Startup Cost": 0.0, "Total Cost": 2.4, "Plan Rows": 1, "Plan Width": 4, "Filter": "((info)::text = 'genres'::text)"}, {"Node Type": "Seq Scan", "Parent Relationship": "Inner", "Relation Name": "movie_info", "Alias": "mi", "Startup Cost": 0.0, "Total Cost": 408512.41, "Plan Rows": 190170, "Plan Width": 50, "Filter": "((info)::text = ANY ('{Horror,Action,Sci-Fi,Thriller,Crime,War}'::text[]))"}]}, {"Node Type": "Hash", "Parent Relationship": "Inner", "Startup Cost": 60069.11, "Total Cost": 60069.11, "Plan Rows": 2528311, "Plan Width": 21, "Plans": [{"Node Type": "Seq Scan", "Parent Relationship": "Outer", "Relation Name": "title", "Alias": "t", "Startup Cost": 0.0, "Total Cost": 60069.11, "Plan Rows": 2528311, "Plan Width": 21}]}]}]}]}]}]}]}, {"Node Type": "Hash", "Parent Relationship": "Inner", "Startup Cost": 103490.62, "Total Cost": 103490.62, "Plan Rows": 1740714, "Plan Width": 4, "Plans": [{"Node Type": "Seq Scan", "Parent Relationship": "Outer", "Relation Name": "name", "Alias": "n", "Startup Cost": 0.0, "Total Cost": 103490.62, "Plan Rows": 1740714, "Plan Width": 4, "Filter": "((gender)::text = 'm'::text), (LLVM Optimized)"}]}]}]}, "Unique SQL Id": 3913857139, "Planner Runtime": 27}, "explain_analyze_plan": {"Plan": {"Node Type": "Aggregate", "Strategy": "Plain", "Startup Cost": 1486651.2, "Total Cost": 1486651.21, "Plan Rows": 1, "Plan Width": 160, "Actual Startup Time": 28282.094, "Actual Total Time": 28282.094, "Actual Rows": 1, "Actual Loops": 1, "Plans": [{"Node Type": "Hash Join", "Parent Relationship": "Outer", "Join Type": "Inner", "Startup Cost": 653429.2, "Total Cost": 1486640.6, "Plan Rows": 1413, "Plan Width": 64, "Actual Startup Time": 14046.164, "Actual Total Time": 28258.057, "Actual Rows": 28073, "Actual Loops": 1, "Inner Unique": true, "Hash Cond": "(ci.person_id = n.id)", "Plans": [{"Node Type": "Nested Loop", "Parent Relationship": "Outer", "Join Type": "Inner", "Startup Cost": 528179.65, "Total Cost": 1361372.59, "Plan Rows": 1155, "Plan Width": 68, "Actual Startup Time": 11635.442, "Actual Total Time": 25822.377, "Actual Rows": 54155, "Actual Loops": 1, "Inner Unique": false, "Join Filter": "(mi_idx.info_type_id = it2.id)", "Rows Removed by Join Filter": 108466, "Plans": [{"Node Type": "Seq Scan", "Parent Relationship": "Outer", "Relation Name": "info_type", "Alias": "it2", "Startup Cost": 0.0, "Total Cost": 2.4, "Plan Rows": 1, "Plan Width": 4, "Actual Startup Time": 0.095, "Actual Total Time": 0.11, "Actual Rows": 1, "Actual Loops": 1, "Filter": "((info)::text = 'votes'::text)", "Rows Removed by Filter": 111}, {"Node Type": "Hash Join", "Parent Relationship": "Inner", "Join Type": "Inner", "Startup Cost": 528179.65, "Total Cost": 1361312.45, "Plan Rows": 4619, "Plan Width": 72, "Actual Startup Time": 11635.33, "Actual Total Time": 25777.67, "Actual Rows": 162621, "Actual Loops": 1, "Inner Unique": false, "Hash Cond": "(ci.movie_id = t.id)", "Plans": [{"Node Type": "Seq Scan", "Parent Relationship": "Outer", "Relation Name": "cast_info", "Alias": "ci", "Startup Cost": 0.0, "Total Cost": 828499.78, "Plan Rows": 1223154, "Plan Width": 8, "Actual Startup Time": 398.884, "Actual Total Time": 14283.208, "Actual Rows": 1244716, "Actual Loops": 1, "Filter": "((note)::text = ANY ('{(writer),\"(head writer)\",\"(written by)\",(story),\"(story editor)\"}'::text[]))", "Rows Removed by Filter": 34999627}, {"Node Type": "Hash", "Parent Relationship": "Inner", "Startup Cost": 528127.47, "Total Cost": 528127.47, "Plan Rows": 4175, "Plan Width": 80, "Actual Startup Time": 10648.095, "Actual Total Time": 10648.095, "Actual Rows": 307785, "Actual Loops": 1, "Hash Buckets": 32768, "Hash Batches": 1, "Original Hash Batches": 1, "Peak Memory Usage": 24830, "Plans": [{"Node Type": "Hash Join", "Parent Relationship": "Outer", "Join Type": "Inner", "Startup Cost": 502636.25, "Total Cost": 528127.47, "Plan Rows": 4175, "Plan Width": 80, "Actual Startup Time": 9665.194, "Actual Total Time": 10533.443, "Actual Rows": 307785, "Actual Loops": 1, "Inner Unique": false, "Hash Cond": "(mi_idx.movie_id = t.id)", "Plans": [{"Node Type": "Seq Scan", "Parent Relationship": "Outer", "Relation Name": "movie_info_idx", "Alias": "mi_idx", "Startup Cost": 0.0, "Total Cost": 20274.34, "Plan Rows": 1380034, "Plan Width": 13, "Actual Startup Time": 0.046, "Actual Total Time": 316.833, "Actual Rows": 1380034, "Actual Loops": 1}, {"Node Type": "Hash", "Parent Relationship": "Inner", "Startup Cost": 502602.29, "Total Cost": 502602.29, "Plan Rows": 2717, "Plan Width": 67, "Actual Startup Time": 9665.041, "Actual Total Time": 9665.041, "Actual Rows": 186594, "Actual Loops": 1, "Hash Buckets": 32768, "Hash Batches": 1, "Original Hash Batches": 1, "Peak Memory Usage": 12274, "Plans": [{"Node Type": "Hash Join", "Parent Relationship": "Outer", "Join Type": "Inner", "Startup Cost": 91673.0, "Total Cost": 502602.29, "Plan Rows": 2717, "Plan Width": 67, "Actual Startup Time": 8555.545, "Actual Total Time": 9601.506, "Actual Rows": 186594, "Actual Loops": 1, "Inner Unique": true, "Hash Cond": "(mi.movie_id = t.id)", "Plans": [{"Node Type": "Nested Loop", "Parent Relationship": "Outer", "Join Type": "Inner", "Startup Cost": 0.0, "Total Cost": 410891.93, "Plan Rows": 2717, "Plan Width": 46, "Actual Startup Time": 6616.816, "Actual Total Time": 7556.167, "Actual Rows": 186594, "Actual Loops": 1, "Inner Unique": false, "Join Filter": "(it1.id = mi.info_type_id)", "Rows Removed by Join Filter": 2377, "Plans": [{"Node Type": "Seq Scan", "Parent Relationship": "Outer", "Relation Name": "info_type", "Alias": "it1", "Startup Cost": 0.0, "Total Cost": 2.4, "Plan Rows": 1, "Plan Width": 4, "Actual Startup Time": 0.031, "Actual Total Time": 0.062, "Actual Rows": 1, "Actual Loops": 1, "Filter": "((info)::text = 'genres'::text)", "Rows Removed by Filter": 111}, {"Node Type": "Seq Scan", "Parent Relationship": "Inner", "Relation Name": "movie_info", "Alias": "mi", "Startup Cost": 0.0, "Total Cost": 408512.41, "Plan Rows": 190170, "Plan Width": 50, "Actual Startup Time": 3574.647, "Actual Total Time": 7493.739, "Actual Rows": 188971, "Actual Loops": 1, "Filter": "((info)::text = ANY ('{Horror,Action,Sci-Fi,Thriller,Crime,War}'::text[]))", "Rows Removed by Filter": 14646748}]}, {"Node Type": "Hash", "Parent Relationship": "Inner", "Startup Cost": 60069.11, "Total Cost": 60069.11, "Plan Rows": 2528311, "Plan Width": 21, "Actual Startup Time": 1820.726, "Actual Total Time": 1820.726, "Actual Rows": 2528311, "Actual Loops": 1, "Hash Buckets": 4194304, "Hash Batches": 1, "Original Hash Batches": 1, "Peak Memory Usage": 135869, "Plans": [{"Node Type": "Seq Scan", "Parent Relationship": "Outer", "Relation Name": "title", "Alias": "t", "Startup Cost": 0.0, "Total Cost": 60069.11, "Plan Rows": 2528311, "Plan Width": 21, "Actual Startup Time": 0.11, "Actual Total Time": 965.244, "Actual Rows": 2528311, "Actual Loops": 1}]}]}]}]}]}]}]}, {"Node Type": "Hash", "Parent Relationship": "Inner", "Startup Cost": 103490.62, "Total Cost": 103490.62, "Plan Rows": 1740714, "Plan Width": 4, "Actual Startup Time": 2409.255, "Actual Total Time": 2409.255, "Actual Rows": 1739578, "Actual Loops": 1, "Hash Buckets": 2097152, "Hash Batches": 1, "Original Hash Batches": 1, "Peak Memory Usage": 61158, "Plans": [{"Node Type": "Seq Scan", "Parent Relationship": "Outer", "Relation Name": "name", "Alias": "n", "Startup Cost": 0.0, "Total Cost": 103490.62, "Plan Rows": 1740714, "Plan Width": 4, "Actual Startup Time": 0.098, "Actual Total Time": 1747.175, "Actual Rows": 1739578, "Actual Loops": 1, "Filter": "((gender)::text = 'm'::text), (LLVM Optimized, Jit Execute)", "Rows Removed by Filter": 2427912}]}]}]}, "Triggers": [], "Planner Runtime": 27, "Total Runtime": 28293.022, "Unique SQL Id": 3913857139}}, "(1, 47)": {"explain_plan": {"Plan": {"Node Type": "Aggregate", "Strategy": "Plain", "Startup Cost": 7000445600668.71, "Total Cost": 7000445600668.72, "Plan Rows": 1, "Plan Width": 160, "Plans": [{"Node Type": "Nested Loop", "Parent Relationship": "Outer", "Join Type": "Inner", "Startup Cost": 70000000000.0, "Total Cost": 7000445600658.11, "Plan Rows": 1413, "Plan Width": 64, "Inner Unique": false, "Join Filter": "(ci.person_id = n.id)", "Plans": [{"Node Type": "Index Scan", "Parent Relationship": "Outer", "Scan Direction": "Forward", "Index Name": "name_pkey", "Relation Name": "name", "Alias": "n", "Startup Cost": 10000000000.0, "Total Cost": 1000018665147.2, "Plan Rows": 1740714, "Plan Width": 4, "Filter": "((gender)::text = 'm'::text), (LLVM Optimized)"}, {"Node Type": "Materialize", "Parent Relationship": "Inner", "Startup Cost": 60000000000.0, "Total Cost": 6000396777643.75, "Plan Rows": 1155, "Plan Width": 68, "Plans": [{"Node Type": "Nested Loop", "Parent Relationship": "Outer", "Join Type": "Inner", "Startup Cost": 60000000000.0, "Total Cost": 6000396777637.97, "Plan Rows": 1155, "Plan Width": 68, "Inner Unique": false, "Join Filter": "(t.id = ci.movie_id)", "Plans": [{"Node Type": "Index Scan", "Parent Relationship": "Outer", "Scan Direction": "Forward", "Index Name": "person_id_cast_info", "Relation Name": "cast_info", "Alias": "ci", "Startup Cost": 10000000000.0, "Total Cost": 1000193311016.96, "Plan Rows": 1223154, "Plan Width": 8, "Filter": "((note)::text = ANY ('{(writer),\"(head writer)\",\"(written by)\",(story),\"(story editor)\"}'::text[]))"}, {"Node Type": "Materialize", "Parent Relationship": "Inner", "Startup Cost": 50000000000.0, "Total Cost": 5000184312031.98, "Plan Rows": 1044, "Plan Width": 76, "Plans": [{"Node Type": "Nested Loop", "Parent Relationship": "Outer", "Join Type": "Inner", "Startup Cost": 50000000000.0, "Total Cost": 5000184312026.76, "Plan Rows": 1044, "Plan Width": 76, "Inner Unique": false, "Join Filter": "(mi.movie_id = t.id)", "Plans": [{"Node Type": "Index Scan", "Parent Relationship": "Outer", "Scan Direction": "Forward", "Index Name": "title_pkey", "Relation Name": "title", "Alias": "t", "Startup Cost": 10000000000.0, "Total Cost": 1000011012048.91, "Plan Rows": 2528311, "Plan Width": 21}, {"Node Type": "Materialize", "Parent Relationship": "Inner", "Startup Cost": 40000000000.0, "Total Cost": 4000133706630.2, "Plan Rows": 1044, "Plan Width": 55, "Plans": [{"Node Type": "Nested Loop", "Parent Relationship": "Outer", "Join Type": "Inner", "Startup Cost": 40000000000.0, "Total Cost": 4000133706624.98, "Plan Rows": 1044, "Plan Width": 55, "Inner Unique": false, "Join Filter": "(mi.movie_id = mi_idx.movie_id)", "Plans": [{"Node Type": "Nested Loop", "Parent Relationship": "Outer", "Join Type": "Inner", "Startup Cost": 20000000000.0, "Total Cost": 2000004672156.88, "Plan Rows": 345008, "Plan Width": 9, "Inner Unique": true, "Join Filter": "(it2.id = mi_idx.info_type_id), (LLVM Optimized)", "Plans": [{"Node Type": "Index Scan", "Parent Relationship": "Outer", "Scan Direction": "Forward", "Index Name": "movie_id_movie_info_idx", "Relation Name": "movie_info_idx", "Alias": "mi_idx", "Startup Cost": 10000000000.0, "Total Cost": 1000004650035.37, "Plan Rows": 1380034, "Plan Width": 13}, {"Node Type": "Materialize", "Parent Relationship": "Inner", "Startup Cost": 10000000000.0, "Total Cost": 1000000001421.0, "Plan Rows": 1, "Plan Width": 4, "Plans": [{"Node Type": "Index Scan", "Parent Relationship": "Outer", "Scan Direction": "Forward", "Index Name": "info_type_pkey", "Relation Name": "info_type", "Alias": "it2", "Startup Cost": 10000000000.0, "Total Cost": 1000000001421.0, "Plan Rows": 1, "Plan Width": 4, "Filter": "((info)::text = 'votes'::text)"}]}]}, {"Node Type": "Materialize", "Parent Relationship": "Inner", "Startup Cost": 20000000000.0, "Total Cost": 2000114973673.85, "Plan Rows": 2717, "Plan Width": 46, "Plans": [{"Node Type": "Nested Loop", "Parent Relationship": "Outer", "Join Type": "Inner", "Startup Cost": 20000000000.0, "Total Cost": 2000114973660.27, "Plan Rows": 2717, "Plan Width": 46, "Inner Unique": true, "Join Filter": "(it1.id = mi.info_type_id)", "Plans": [{"Node Type": "Index Scan", "Parent Relationship": "Outer", "Scan Direction": "Forward", "Index Name": "movie_id_movie_info", "Relation Name": "movie_info", "Alias": "mi", "Startup Cost": 10000000000.0, "Total Cost": 1000114969386.72, "Plan Rows": 190170, "Plan Width": 50, "Filter": "((info)::text = ANY ('{Horror,Action,Sci-Fi,Thriller,Crime,War}'::text[]))"}, {"Node Type": "Materialize", "Parent Relationship": "Inner", "Startup Cost": 10000000000.0, "Total Cost": 1000000001421.0, "Plan Rows": 1, "Plan Width": 4, "Plans": [{"Node Type": "Index Scan", "Parent Relationship": "Outer", "Scan Direction": "Forward", "Index Name": "info_type_pkey", "Relation Name": "info_type", "Alias": "it1", "Startup Cost": 10000000000.0, "Total Cost": 1000000001421.0, "Plan Rows": 1, "Plan Width": 4, "Filter": "((info)::text = 'genres'::text)"}]}]}]}]}]}]}]}]}]}]}]}, "Unique SQL Id": 3913857139, "Planner Runtime": 24}, "explain_analyze_plan": null}, "(1, 48)": {"explain_plan": {"Plan": {"Node Type": "Aggregate", "Strategy": "Plain", "Startup Cost": 168594.43, "Total Cost": 168594.44, "Plan Rows": 1, "Plan Width": 160, "Plans": [{"Node Type": "Nested Loop", "Parent Relationship": "Outer", "Join Type": "Inner", "Startup Cost": 4842.14, "Total Cost": 168583.83, "Plan Rows": 1413, "Plan Width": 64, "Inner Unique": true, "Plans": [{"Node Type": "Nested Loop", "Parent Relationship": "Outer", "Join Type": "Inner", "Startup Cost": 4842.14, "Total Cost": 168004.57, "Plan Rows": 1155, "Plan Width": 68, "Inner Unique": false, "Plans": [{"Node Type": "Nested Loop", "Parent Relationship": "Outer", "Join Type": "Inner", "Startup Cost": 4842.14, "Total Cost": 166942.93, "Plan Rows": 1044, "Plan Width": 76, "Inner Unique": true, "Join Filter": "(mi.movie_id = t.id)", "Plans": [{"Node Type": "Nested Loop", "Parent Relationship": "Outer", "Join Type": "Inner", "Startup Cost": 4842.14, "Total Cost": 166514.74, "Plan Rows": 1044, "Plan Width": 55, "Inner Unique": false, "Join Filter": "(mi_idx.info_type_id = it2.id)", "Plans": [{"Node Type": "Seq Scan", "Parent Relationship": "Outer", "Relation Name": "info_type", "Alias": "it2", "Startup Cost": 0.0, "Total Cost": 2.4, "Plan Rows": 1, "Plan Width": 4, "Filter": "((info)::text = 'votes'::text)"}, {"Node Type": "Nested Loop", "Parent Relationship": "Inner", "Join Type": "Inner", "Startup Cost": 4842.14, "Total Cost": 166460.15, "Plan Rows": 4175, "Plan Width": 59, "Inner Unique": false, "Plans": [{"Node Type": "Nested Loop", "Parent Relationship": "Outer", "Join Type": "Inner", "Startup Cost": 4842.14, "Total Cost": 164972.1, "Plan Rows": 2717, "Plan Width": 46, "Inner Unique": false, "Plans": [{"Node Type": "Seq Scan", "Parent Relationship": "Outer", "Relation Name": "info_type", "Alias": "it1", "Startup Cost": 0.0, "Total Cost": 2.4, "Plan Rows": 1, "Plan Width": 4, "Filter": "((info)::text = 'genres'::text)"}, {"Node Type": "Bitmap Heap Scan", "Parent Relationship": "Inner", "Relation Name": "movie_info", "Alias": "mi", "Startup Cost": 4842.14, "Total Cost": 164942.53, "Plan Rows": 2717, "Plan Width": 50, "Recheck Cond": "(info_type_id = it1.id)", "Filter": "((info)::text = ANY ('{Horror,Action,Sci-Fi,Thriller,Crime,War}'::text[]))", "Plans": [{"Node Type": "Bitmap Index Scan", "Parent Relationship": "Outer", "Index Name": "info_type_id_movie_info", "Startup Cost": 0.0, "Total Cost": 4841.46, "Plan Rows": 212428, "Plan Width": 0, "Index Cond": "(info_type_id = it1.id)"}]}]}, {"Node Type": "Index Scan", "Parent Relationship": "Inner", "Scan Direction": "Forward", "Index Name": "movie_id_movie_info_idx", "Relation Name": "movie_info_idx", "Alias": "mi_idx", "Startup Cost": 0.0, "Total Cost": 0.53, "Plan Rows": 2, "Plan Width": 13, "Index Cond": "(movie_id = mi.movie_id)"}]}]}, {"Node Type": "Index Scan", "Parent Relationship": "Inner", "Scan Direction": "Forward", "Index Name": "title_pkey", "Relation Name": "title", "Alias": "t", "Startup Cost": 0.0, "Total Cost": 0.4, "Plan Rows": 1, "Plan Width": 21, "Index Cond": "(id = mi_idx.movie_id)"}]}, {"Node Type": "Index Scan", "Parent Relationship": "Inner", "Scan Direction": "Forward", "Index Name": "movie_id_cast_info", "Relation Name": "cast_info", "Alias": "ci", "Startup Cost": 0.0, "Total Cost": 1.01, "Plan Rows": 1, "Plan Width": 8, "Index Cond": "(movie_id = t.id)", "Filter": "((note)::text = ANY ('{(writer),\"(head writer)\",\"(written by)\",(story),\"(story editor)\"}'::text[]))"}]}, {"Node Type": "Index Scan", "Parent Relationship": "Inner", "Scan Direction": "Forward", "Index Name": "name_pkey", "Relation Name": "name", "Alias": "n", "Startup Cost": 0.0, "Total Cost": 0.49, "Plan Rows": 1, "Plan Width": 4, "Index Cond": "(id = ci.person_id)", "Filter": "((gender)::text = 'm'::text)"}]}]}, "Unique SQL Id": 3913857139, "Planner Runtime": 5}, "explain_analyze_plan": {"Plan": {"Node Type": "Aggregate", "Strategy": "Plain", "Startup Cost": 168594.43, "Total Cost": 168594.44, "Plan Rows": 1, "Plan Width": 160, "Actual Startup Time": 10962.342, "Actual Total Time": 10962.342, "Actual Rows": 1, "Actual Loops": 1, "Plans": [{"Node Type": "Nested Loop", "Parent Relationship": "Outer", "Join Type": "Inner", "Startup Cost": 4842.14, "Total Cost": 168583.83, "Plan Rows": 1413, "Plan Width": 64, "Actual Startup Time": 182.238, "Actual Total Time": 10918.825, "Actual Rows": 28073, "Actual Loops": 1, "Inner Unique": true, "Plans": [{"Node Type": "Nested Loop", "Parent Relationship": "Outer", "Join Type": "Inner", "Startup Cost": 4842.14, "Total Cost": 168004.57, "Plan Rows": 1155, "Plan Width": 68, "Actual Startup Time": 179.995, "Actual Total Time": 10530.664, "Actual Rows": 54155, "Actual Loops": 1, "Inner Unique": false, "Plans": [{"Node Type": "Nested Loop", "Parent Relationship": "Outer", "Join Type": "Inner", "Startup Cost": 4842.14, "Total Cost": 166942.93, "Plan Rows": 1044, "Plan Width": 76, "Actual Startup Time": 177.445, "Actual Total Time": 2626.7, "Actual Rows": 102516, "Actual Loops": 1, "Inner Unique": true, "Join Filter": "(mi.movie_id = t.id)", "Rows Removed by Join Filter": 0, "Plans": [{"Node Type": "Nested Loop", "Parent Relationship": "Outer", "Join Type": "Inner", "Startup Cost": 4842.14, "Total Cost": 166514.74, "Plan Rows": 1044, "Plan Width": 55, "Actual Startup Time": 177.415, "Actual Total Time": 2091.352, "Actual Rows": 102516, "Actual Loops": 1, "Inner Unique": false, "Join Filter": "(mi_idx.info_type_id = it2.id)", "Rows Removed by Join Filter": 205269, "Plans": [{"Node Type": "Seq Scan", "Parent Relationship": "Outer", "Relation Name": "info_type", "Alias": "it2", "Startup Cost": 0.0, "Total Cost": 2.4, "Plan Rows": 1, "Plan Width": 4, "Actual Startup Time": 0.051, "Actual Total Time": 0.06, "Actual Rows": 1, "Actual Loops": 1, "Filter": "((info)::text = 'votes'::text)", "Rows Removed by Filter": 111}, {"Node Type": "Nested Loop", "Parent Relationship": "Inner", "Join Type": "Inner", "Startup Cost": 4842.14, "Total Cost": 166460.15, "Plan Rows": 4175, "Plan Width": 59, "Actual Startup Time": 177.338, "Actual Total Time": 2000.149, "Actual Rows": 307785, "Actual Loops": 1, "Inner Unique": false, "Plans": [{"Node Type": "Nested Loop", "Parent Relationship": "Outer", "Join Type": "Inner", "Startup Cost": 4842.14, "Total Cost": 164972.1, "Plan Rows": 2717, "Plan Width": 46, "Actual Startup Time": 177.302, "Actual Total Time": 1152.01, "Actual Rows": 186594, "Actual Loops": 1, "Inner Unique": false, "Plans": [{"Node Type": "Seq Scan", "Parent Relationship": "Outer", "Relation Name": "info_type", "Alias": "it1", "Startup Cost": 0.0, "Total Cost": 2.4, "Plan Rows": 1, "Plan Width": 4, "Actual Startup Time": 0.022, "Actual Total Time": 0.06, "Actual Rows": 1, "Actual Loops": 1, "Filter": "((info)::text = 'genres'::text)", "Rows Removed by Filter": 111}, {"Node Type": "Bitmap Heap Scan", "Parent Relationship": "Inner", "Relation Name": "movie_info", "Alias": "mi", "Startup Cost": 4842.14, "Total Cost": 164942.53, "Plan Rows": 2717, "Plan Width": 50, "Actual Startup Time": 177.275, "Actual Total Time": 1109.223, "Actual Rows": 186594, "Actual Loops": 1, "Recheck Cond": "(info_type_id = it1.id)", "Rows Removed by Index Recheck": 0, "Filter": "((info)::text = ANY ('{Horror,Action,Sci-Fi,Thriller,Crime,War}'::text[]))", "Rows Removed by Filter": 1347315, "Exact Heap Blocks": 7426, "Lossy Heap Blocks": 7426, "Plans": [{"Node Type": "Bitmap Index Scan", "Parent Relationship": "Outer", "Index Name": "info_type_id_movie_info", "Startup Cost": 0.0, "Total Cost": 4841.46, "Plan Rows": 212428, "Plan Width": 0, "Actual Startup Time": 175.891, "Actual Total Time": 175.891, "Actual Rows": 1533909, "Actual Loops": 1, "Index Cond": "(info_type_id = it1.id)"}]}]}, {"Node Type": "Index Scan", "Parent Relationship": "Inner", "Scan Direction": "Forward", "Index Name": "movie_id_movie_info_idx", "Relation Name": "movie_info_idx", "Alias": "mi_idx", "Startup Cost": 0.0, "Total Cost": 0.53, "Plan Rows": 2, "Plan Width": 13, "Actual Startup Time": 547.884, "Actual Total Time": 667.997, "Actual Rows": 307785, "Actual Loops": 186594, "Index Cond": "(movie_id = mi.movie_id)", "Rows Removed by Index Recheck": 0}]}]}, {"Node Type": "Index Scan", "Parent Relationship": "Inner", "Scan Direction": "Forward", "Index Name": "title_pkey", "Relation Name": "title", "Alias": "t", "Startup Cost": 0.0, "Total Cost": 0.4, "Plan Rows": 1, "Plan Width": 21, "Actual Startup Time": 422.794, "Actual Total Time": 422.794, "Actual Rows": 102516, "Actual Loops": 102516, "Index Cond": "(id = mi_idx.movie_id)", "Rows Removed by Index Recheck": 0}]}, {"Node Type": "Index Scan", "Parent Relationship": "Inner", "Scan Direction": "Forward", "Index Name": "movie_id_cast_info", "Relation Name": "cast_info", "Alias": "ci", "Startup Cost": 0.0, "Total Cost": 1.01, "Plan Rows": 1, "Plan Width": 8, "Actual Startup Time": 6671.429, "Actual Total Time": 7830.07, "Actual Rows": 54155, "Actual Loops": 102516, "Index Cond": "(movie_id = t.id)", "Rows Removed by Index Recheck": 0, "Filter": "((note)::text = ANY ('{(writer),\"(head writer)\",\"(written by)\",(story),\"(story editor)\"}'::text[]))", "Rows Removed by Filter": 3987641}]}, {"Node Type": "Index Scan", "Parent Relationship": "Inner", "Scan Direction": "Forward", "Index Name": "name_pkey", "Relation Name": "name", "Alias": "n", "Startup Cost": 0.0, "Total Cost": 0.49, "Plan Rows": 1, "Plan Width": 4, "Actual Startup Time": 341.049, "Actual Total Time": 341.049, "Actual Rows": 28073, "Actual Loops": 54155, "Index Cond": "(id = ci.person_id)", "Rows Removed by Index Recheck": 0, "Filter": "((gender)::text = 'm'::text)", "Rows Removed by Filter": 26082}]}]}, "Triggers": [], "Planner Runtime": 5, "Total Runtime": 10962.78, "Unique SQL Id": 3913857139}}, "(1, 49)": {"explain_plan": {"Plan": {"Node Type": "Aggregate", "Strategy": "Plain", "Startup Cost": 168618.05, "Total Cost": 168618.06, "Plan Rows": 1, "Plan Width": 160, "Plans": [{"Node Type": "Nested Loop", "Parent Relationship": "Outer", "Join Type": "Inner", "Startup Cost": 4842.14, "Total Cost": 168607.45, "Plan Rows": 1413, "Plan Width": 64, "Inner Unique": true, "Plans": [{"Node Type": "Nested Loop", "Parent Relationship": "Outer", "Join Type": "Inner", "Startup Cost": 4842.14, "Total Cost": 168028.19, "Plan Rows": 1155, "Plan Width": 68, "Inner Unique": false, "Plans": [{"Node Type": "Nested Loop", "Parent Relationship": "Outer", "Join Type": "Inner", "Startup Cost": 4842.14, "Total Cost": 166966.55, "Plan Rows": 1044, "Plan Width": 76, "Inner Unique": true, "Join Filter": "(mi.movie_id = t.id)", "Plans": [{"Node Type": "Nested Loop", "Parent Relationship": "Outer", "Join Type": "Inner", "Startup Cost": 4842.14, "Total Cost": 166538.36, "Plan Rows": 1044, "Plan Width": 55, "Inner Unique": false, "Join Filter": "(mi_idx.info_type_id = it2.id)", "Plans": [{"Node Type": "Index Scan", "Parent Relationship": "Outer", "Scan Direction": "Forward", "Index Name": "info_type_pkey", "Relation Name": "info_type", "Alias": "it2", "Startup Cost": 0.0, "Total Cost": 14.21, "Plan Rows": 1, "Plan Width": 4, "Filter": "((info)::text = 'votes'::text)"}, {"Node Type": "Nested Loop", "Parent Relationship": "Inner", "Join Type": "Inner", "Startup Cost": 4842.14, "Total Cost": 166471.96, "Plan Rows": 4175, "Plan Width": 59, "Inner Unique": false, "Plans": [{"Node Type": "Nested Loop", "Parent Relationship": "Outer", "Join Type": "Inner", "Startup Cost": 4842.14, "Total Cost": 164983.91, "Plan Rows": 2717, "Plan Width": 46, "Inner Unique": false, "Plans": [{"Node Type": "Index Scan", "Parent Relationship": "Outer", "Scan Direction": "Forward", "Index Name": "info_type_pkey", "Relation Name": "info_type", "Alias": "it1", "Startup Cost": 0.0, "Total Cost": 14.21, "Plan Rows": 1, "Plan Width": 4, "Filter": "((info)::text = 'genres'::text)"}, {"Node Type": "Bitmap Heap Scan", "Parent Relationship": "Inner", "Relation Name": "movie_info", "Alias": "mi", "Startup Cost": 4842.14, "Total Cost": 164942.53, "Plan Rows": 2717, "Plan Width": 50, "Recheck Cond": "(info_type_id = it1.id)", "Filter": "((info)::text = ANY ('{Horror,Action,Sci-Fi,Thriller,Crime,War}'::text[]))", "Plans": [{"Node Type": "Bitmap Index Scan", "Parent Relationship": "Outer", "Index Name": "info_type_id_movie_info", "Startup Cost": 0.0, "Total Cost": 4841.46, "Plan Rows": 212428, "Plan Width": 0, "Index Cond": "(info_type_id = it1.id)"}]}]}, {"Node Type": "Index Scan", "Parent Relationship": "Inner", "Scan Direction": "Forward", "Index Name": "movie_id_movie_info_idx", "Relation Name": "movie_info_idx", "Alias": "mi_idx", "Startup Cost": 0.0, "Total Cost": 0.53, "Plan Rows": 2, "Plan Width": 13, "Index Cond": "(movie_id = mi.movie_id)"}]}]}, {"Node Type": "Index Scan", "Parent Relationship": "Inner", "Scan Direction": "Forward", "Index Name": "title_pkey", "Relation Name": "title", "Alias": "t", "Startup Cost": 0.0, "Total Cost": 0.4, "Plan Rows": 1, "Plan Width": 21, "Index Cond": "(id = mi_idx.movie_id)"}]}, {"Node Type": "Index Scan", "Parent Relationship": "Inner", "Scan Direction": "Forward", "Index Name": "movie_id_cast_info", "Relation Name": "cast_info", "Alias": "ci", "Startup Cost": 0.0, "Total Cost": 1.01, "Plan Rows": 1, "Plan Width": 8, "Index Cond": "(movie_id = t.id)", "Filter": "((note)::text = ANY ('{(writer),\"(head writer)\",\"(written by)\",(story),\"(story editor)\"}'::text[]))"}]}, {"Node Type": "Index Scan", "Parent Relationship": "Inner", "Scan Direction": "Forward", "Index Name": "name_pkey", "Relation Name": "name", "Alias": "n", "Startup Cost": 0.0, "Total Cost": 0.49, "Plan Rows": 1, "Plan Width": 4, "Index Cond": "(id = ci.person_id)", "Filter": "((gender)::text = 'm'::text)"}]}]}, "Unique SQL Id": 3913857139, "Planner Runtime": 4}, "explain_analyze_plan": {"Plan": {"Node Type": "Aggregate", "Strategy": "Plain", "Startup Cost": 168618.05, "Total Cost": 168618.06, "Plan Rows": 1, "Plan Width": 160, "Actual Startup Time": 10985.018, "Actual Total Time": 10985.019, "Actual Rows": 1, "Actual Loops": 1, "Plans": [{"Node Type": "Nested Loop", "Parent Relationship": "Outer", "Join Type": "Inner", "Startup Cost": 4842.14, "Total Cost": 168607.45, "Plan Rows": 1413, "Plan Width": 64, "Actual Startup Time": 175.61, "Actual Total Time": 10939.798, "Actual Rows": 28073, "Actual Loops": 1, "Inner Unique": true, "Plans": [{"Node Type": "Nested Loop", "Parent Relationship": "Outer", "Join Type": "Inner", "Startup Cost": 4842.14, "Total Cost": 168028.19, "Plan Rows": 1155, "Plan Width": 68, "Actual Startup Time": 173.738, "Actual Total Time": 10546.49, "Actual Rows": 54155, "Actual Loops": 1, "Inner Unique": false, "Plans": [{"Node Type": "Nested Loop", "Parent Relationship": "Outer", "Join Type": "Inner", "Startup Cost": 4842.14, "Total Cost": 166966.55, "Plan Rows": 1044, "Plan Width": 76, "Actual Startup Time": 171.478, "Actual Total Time": 2622.411, "Actual Rows": 102516, "Actual Loops": 1, "Inner Unique": true, "Join Filter": "(mi.movie_id = t.id)", "Rows Removed by Join Filter": 0, "Plans": [{"Node Type": "Nested Loop", "Parent Relationship": "Outer", "Join Type": "Inner", "Startup Cost": 4842.14, "Total Cost": 166538.36, "Plan Rows": 1044, "Plan Width": 55, "Actual Startup Time": 171.46, "Actual Total Time": 2084.763, "Actual Rows": 102516, "Actual Loops": 1, "Inner Unique": false, "Join Filter": "(mi_idx.info_type_id = it2.id)", "Rows Removed by Join Filter": 205269, "Plans": [{"Node Type": "Index Scan", "Parent Relationship": "Outer", "Scan Direction": "Forward", "Index Name": "info_type_pkey", "Relation Name": "info_type", "Alias": "it2", "Startup Cost": 0.0, "Total Cost": 14.21, "Plan Rows": 1, "Plan Width": 4, "Actual Startup Time": 0.077, "Actual Total Time": 0.096, "Actual Rows": 1, "Actual Loops": 1, "Filter": "((info)::text = 'votes'::text)", "Rows Removed by Filter": 111}, {"Node Type": "Nested Loop", "Parent Relationship": "Inner", "Join Type": "Inner", "Startup Cost": 4842.14, "Total Cost": 166471.96, "Plan Rows": 4175, "Plan Width": 59, "Actual Startup Time": 171.352, "Actual Total Time": 1994.85, "Actual Rows": 307785, "Actual Loops": 1, "Inner Unique": false, "Plans": [{"Node Type": "Nested Loop", "Parent Relationship": "Outer", "Join Type": "Inner", "Startup Cost": 4842.14, "Total Cost": 164983.91, "Plan Rows": 2717, "Plan Width": 46, "Actual Startup Time": 171.315, "Actual Total Time": 1144.549, "Actual Rows": 186594, "Actual Loops": 1, "Inner Unique": false, "Plans": [{"Node Type": "Index Scan", "Parent Relationship": "Outer", "Scan Direction": "Forward", "Index Name": "info_type_pkey", "Relation Name": "info_type", "Alias": "it1", "Startup Cost": 0.0, "Total Cost": 14.21, "Plan Rows": 1, "Plan Width": 4, "Actual Startup Time": 0.009, "Actual Total Time": 0.198, "Actual Rows": 1, "Actual Loops": 1, "Filter": "((info)::text = 'genres'::text)", "Rows Removed by Filter": 111}, {"Node Type": "Bitmap Heap Scan", "Parent Relationship": "Inner", "Relation Name": "movie_info", "Alias": "mi", "Startup Cost": 4842.14, "Total Cost": 164942.53, "Plan Rows": 2717, "Plan Width": 50, "Actual Startup Time": 171.298, "Actual Total Time": 1101.073, "Actual Rows": 186594, "Actual Loops": 1, "Recheck Cond": "(info_type_id = it1.id)", "Rows Removed by Index Recheck": 0, "Filter": "((info)::text = ANY ('{Horror,Action,Sci-Fi,Thriller,Crime,War}'::text[]))", "Rows Removed by Filter": 1347315, "Exact Heap Blocks": 7426, "Lossy Heap Blocks": 7426, "Plans": [{"Node Type": "Bitmap Index Scan", "Parent Relationship": "Outer", "Index Name": "info_type_id_movie_info", "Startup Cost": 0.0, "Total Cost": 4841.46, "Plan Rows": 212428, "Plan Width": 0, "Actual Startup Time": 169.856, "Actual Total Time": 169.856, "Actual Rows": 1533909, "Actual Loops": 1, "Index Cond": "(info_type_id = it1.id)"}]}]}, {"Node Type": "Index Scan", "Parent Relationship": "Inner", "Scan Direction": "Forward", "Index Name": "movie_id_movie_info_idx", "Relation Name": "movie_info_idx", "Alias": "mi_idx", "Startup Cost": 0.0, "Total Cost": 0.53, "Plan Rows": 2, "Plan Width": 13, "Actual Startup Time": 553.72, "Actual Total Time": 672.151, "Actual Rows": 307785, "Actual Loops": 186594, "Index Cond": "(movie_id = mi.movie_id)", "Rows Removed by Index Recheck": 0}]}]}, {"Node Type": "Index Scan", "Parent Relationship": "Inner", "Scan Direction": "Forward", "Index Name": "title_pkey", "Relation Name": "title", "Alias": "t", "Startup Cost": 0.0, "Total Cost": 0.4, "Plan Rows": 1, "Plan Width": 21, "Actual Startup Time": 423.919, "Actual Total Time": 423.919, "Actual Rows": 102516, "Actual Loops": 102516, "Index Cond": "(id = mi_idx.movie_id)", "Rows Removed by Index Recheck": 0}]}, {"Node Type": "Index Scan", "Parent Relationship": "Inner", "Scan Direction": "Forward", "Index Name": "movie_id_cast_info", "Relation Name": "cast_info", "Alias": "ci", "Startup Cost": 0.0, "Total Cost": 1.01, "Plan Rows": 1, "Plan Width": 8, "Actual Startup Time": 6693.235, "Actual Total Time": 7850.651, "Actual Rows": 54155, "Actual Loops": 102516, "Index Cond": "(movie_id = t.id)", "Rows Removed by Index Recheck": 0, "Filter": "((note)::text = ANY ('{(writer),\"(head writer)\",\"(written by)\",(story),\"(story editor)\"}'::text[]))", "Rows Removed by Filter": 3987641}]}, {"Node Type": "Index Scan", "Parent Relationship": "Inner", "Scan Direction": "Forward", "Index Name": "name_pkey", "Relation Name": "name", "Alias": "n", "Startup Cost": 0.0, "Total Cost": 0.49, "Plan Rows": 1, "Plan Width": 4, "Actual Startup Time": 345.095, "Actual Total Time": 345.095, "Actual Rows": 28073, "Actual Loops": 54155, "Index Cond": "(id = ci.person_id)", "Rows Removed by Index Recheck": 0, "Filter": "((gender)::text = 'm'::text)", "Rows Removed by Filter": 26082}]}]}, "Triggers": [], "Planner Runtime": 4, "Total Runtime": 10985.503, "Unique SQL Id": 3913857139}}, "(1, 50)": {"explain_plan": {"Plan": {"Node Type": "Aggregate", "Strategy": "Plain", "Startup Cost": 191372.0, "Total Cost": 191372.01, "Plan Rows": 1, "Plan Width": 160, "Plans": [{"Node Type": "Nested Loop", "Parent Relationship": "Outer", "Join Type": "Inner", "Startup Cost": 4843.62, "Total Cost": 191361.4, "Plan Rows": 1413, "Plan Width": 64, "Inner Unique": true, "Plans": [{"Node Type": "Nested Loop", "Parent Relationship": "Outer", "Join Type": "Inner", "Startup Cost": 4843.31, "Total Cost": 186355.98, "Plan Rows": 1155, "Plan Width": 68, "Inner Unique": false, "Plans": [{"Node Type": "Nested Loop", "Parent Relationship": "Outer", "Join Type": "Inner", "Startup Cost": 4842.79, "Total Cost": 181513.31, "Plan Rows": 1044, "Plan Width": 76, "Inner Unique": true, "Join Filter": "(mi.movie_id = t.id)", "Plans": [{"Node Type": "Nested Loop", "Parent Relationship": "Outer", "Join Type": "Inner", "Startup Cost": 4842.51, "Total Cost": 177014.12, "Plan Rows": 1044, "Plan Width": 55, "Inner Unique": false, "Join Filter": "(mi_idx.info_type_id = it2.id)", "Plans": [{"Node Type": "Seq Scan", "Parent Relationship": "Outer", "Relation Name": "info_type", "Alias": "it2", "Startup Cost": 0.0, "Total Cost": 2.4, "Plan Rows": 1, "Plan Width": 4, "Filter": "((info)::text = 'votes'::text)"}, {"Node Type": "Nested Loop", "Parent Relationship": "Inner", "Join Type": "Inner", "Startup Cost": 4842.51, "Total Cost": 176959.53, "Plan Rows": 4175, "Plan Width": 59, "Inner Unique": false, "Plans": [{"Node Type": "Nested Loop", "Parent Relationship": "Outer", "Join Type": "Inner", "Startup Cost": 4842.14, "Total Cost": 164972.1, "Plan Rows": 2717, "Plan Width": 46, "Inner Unique": false, "Plans": [{"Node Type": "Seq Scan", "Parent Relationship": "Outer", "Relation Name": "info_type", "Alias": "it1", "Startup Cost": 0.0, "Total Cost": 2.4, "Plan Rows": 1, "Plan Width": 4, "Filter": "((info)::text = 'genres'::text)"}, {"Node Type": "Bitmap Heap Scan", "Parent Relationship": "Inner", "Relation Name": "movie_info", "Alias": "mi", "Startup Cost": 4842.14, "Total Cost": 164942.53, "Plan Rows": 2717, "Plan Width": 50, "Recheck Cond": "(info_type_id = it1.id)", "Filter": "((info)::text = ANY ('{Horror,Action,Sci-Fi,Thriller,Crime,War}'::text[]))", "Plans": [{"Node Type": "Bitmap Index Scan", "Parent Relationship": "Outer", "Index Name": "info_type_id_movie_info", "Startup Cost": 0.0, "Total Cost": 4841.46, "Plan Rows": 212428, "Plan Width": 0, "Index Cond": "(info_type_id = it1.id)"}]}]}, {"Node Type": "Bitmap Heap Scan", "Parent Relationship": "Inner", "Relation Name": "movie_info_idx", "Alias": "mi_idx", "Startup Cost": 0.37, "Total Cost": 4.39, "Plan Rows": 2, "Plan Width": 13, "Recheck Cond": "(movie_id = mi.movie_id)", "Plans": [{"Node Type": "Bitmap Index Scan", "Parent Relationship": "Outer", "Index Name": "movie_id_movie_info_idx", "Startup Cost": 0.0, "Total Cost": 0.37, "Plan Rows": 2, "Plan Width": 0, "Index Cond": "(movie_id = mi.movie_id)"}]}]}]}, {"Node Type": "Bitmap Heap Scan", "Parent Relationship": "Inner", "Relation Name": "title", "Alias": "t", "Startup Cost": 0.28, "Total Cost": 4.3, "Plan Rows": 1, "Plan Width": 21, "Recheck Cond": "(id = mi_idx.movie_id)", "Plans": [{"Node Type": "Bitmap Index Scan", "Parent Relationship": "Outer", "Index Name": "title_pkey", "Startup Cost": 0.0, "Total Cost": 0.28, "Plan Rows": 1, "Plan Width": 0, "Index Cond": "(id = mi_idx.movie_id)"}]}]}, {"Node Type": "Bitmap Heap Scan", "Parent Relationship": "Inner", "Relation Name": "cast_info", "Alias": "ci", "Startup Cost": 0.52, "Total Cost": 4.63, "Plan Rows": 1, "Plan Width": 8, "Recheck Cond": "(movie_id = t.id)", "Filter": "((note)::text = ANY ('{(writer),\"(head writer)\",\"(written by)\",(story),\"(story editor)\"}'::text[]))", "Plans": [{"Node Type": "Bitmap Index Scan", "Parent Relationship": "Outer", "Index Name": "movie_id_cast_info", "Startup Cost": 0.0, "Total Cost": 0.52, "Plan Rows": 6, "Plan Width": 0, "Index Cond": "(movie_id = t.id)"}]}]}, {"Node Type": "Bitmap Heap Scan", "Parent Relationship": "Inner", "Relation Name": "name", "Alias": "n", "Startup Cost": 0.31, "Total Cost": 4.32, "Plan Rows": 1, "Plan Width": 4, "Recheck Cond": "(id = ci.person_id)", "Filter": "((gender)::text = 'm'::text)", "Plans": [{"Node Type": "Bitmap Index Scan", "Parent Relationship": "Outer", "Index Name": "name_pkey", "Startup Cost": 0.0, "Total Cost": 0.31, "Plan Rows": 1, "Plan Width": 0, "Index Cond": "(id = ci.person_id)"}]}]}]}, "Unique SQL Id": 3913857139, "Planner Runtime": 6}, "explain_analyze_plan": {"Plan": {"Node Type": "Aggregate", "Strategy": "Plain", "Startup Cost": 191372.0, "Total Cost": 191372.01, "Plan Rows": 1, "Plan Width": 160, "Actual Startup Time": 13418.046, "Actual Total Time": 13418.047, "Actual Rows": 1, "Actual Loops": 1, "Plans": [{"Node Type": "Nested Loop", "Parent Relationship": "Outer", "Join Type": "Inner", "Startup Cost": 4843.62, "Total Cost": 191361.4, "Plan Rows": 1413, "Plan Width": 64, "Actual Startup Time": 188.301, "Actual Total Time": 13363.107, "Actual Rows": 28073, "Actual Loops": 1, "Inner Unique": true, "Plans": [{"Node Type": "Nested Loop", "Parent Relationship": "Outer", "Join Type": "Inner", "Startup Cost": 4843.31, "Total Cost": 186355.98, "Plan Rows": 1155, "Plan Width": 68, "Actual Startup Time": 185.613, "Actual Total Time": 12857.373, "Actual Rows": 54155, "Actual Loops": 1, "Inner Unique": false, "Plans": [{"Node Type": "Nested Loop", "Parent Relationship": "Outer", "Join Type": "Inner", "Startup Cost": 4842.79, "Total Cost": 181513.31, "Plan Rows": 1044, "Plan Width": 76, "Actual Startup Time": 182.526, "Actual Total Time": 3121.597, "Actual Rows": 102516, "Actual Loops": 1, "Inner Unique": true, "Join Filter": "(mi.movie_id = t.id)", "Rows Removed by Join Filter": 0, "Plans": [{"Node Type": "Nested Loop", "Parent Relationship": "Outer", "Join Type": "Inner", "Startup Cost": 4842.51, "Total Cost": 177014.12, "Plan Rows": 1044, "Plan Width": 55, "Actual Startup Time": 182.486, "Actual Total Time": 2391.44, "Actual Rows": 102516, "Actual Loops": 1, "Inner Unique": false, "Join Filter": "(mi_idx.info_type_id = it2.id)", "Rows Removed by Join Filter": 205269, "Plans": [{"Node Type": "Seq Scan", "Parent Relationship": "Outer", "Relation Name": "info_type", "Alias": "it2", "Startup Cost": 0.0, "Total Cost": 2.4, "Plan Rows": 1, "Plan Width": 4, "Actual Startup Time": 0.064, "Actual Total Time": 0.077, "Actual Rows": 1, "Actual Loops": 1, "Filter": "((info)::text = 'votes'::text)", "Rows Removed by Filter": 111}, {"Node Type": "Nested Loop", "Parent Relationship": "Inner", "Join Type": "Inner", "Startup Cost": 4842.51, "Total Cost": 176959.53, "Plan Rows": 4175, "Plan Width": 59, "Actual Startup Time": 182.405, "Actual Total Time": 2293.019, "Actual Rows": 307785, "Actual Loops": 1, "Inner Unique": false, "Plans": [{"Node Type": "Nested Loop", "Parent Relationship": "Outer", "Join Type": "Inner", "Startup Cost": 4842.14, "Total Cost": 164972.1, "Plan Rows": 2717, "Plan Width": 46, "Actual Startup Time": 182.357, "Actual Total Time": 1158.606, "Actual Rows": 186594, "Actual Loops": 1, "Inner Unique": false, "Plans": [{"Node Type": "Seq Scan", "Parent Relationship": "Outer", "Relation Name": "info_type", "Alias": "it1", "Startup Cost": 0.0, "Total Cost": 2.4, "Plan Rows": 1, "Plan Width": 4, "Actual Startup Time": 0.038, "Actual Total Time": 0.179, "Actual Rows": 1, "Actual Loops": 1, "Filter": "((info)::text = 'genres'::text)", "Rows Removed by Filter": 111}, {"Node Type": "Bitmap Heap Scan", "Parent Relationship": "Inner", "Relation Name": "movie_info", "Alias": "mi", "Startup Cost": 4842.14, "Total Cost": 164942.53, "Plan Rows": 2717, "Plan Width": 50, "Actual Startup Time": 182.315, "Actual Total Time": 1115.988, "Actual Rows": 186594, "Actual Loops": 1, "Recheck Cond": "(info_type_id = it1.id)", "Rows Removed by Index Recheck": 0, "Filter": "((info)::text = ANY ('{Horror,Action,Sci-Fi,Thriller,Crime,War}'::text[]))", "Rows Removed by Filter": 1347315, "Exact Heap Blocks": 7426, "Lossy Heap Blocks": 7426, "Plans": [{"Node Type": "Bitmap Index Scan", "Parent Relationship": "Outer", "Index Name": "info_type_id_movie_info", "Startup Cost": 0.0, "Total Cost": 4841.46, "Plan Rows": 212428, "Plan Width": 0, "Actual Startup Time": 180.863, "Actual Total Time": 180.863, "Actual Rows": 1533909, "Actual Loops": 1, "Index Cond": "(info_type_id = it1.id)"}]}]}, {"Node Type": "Bitmap Heap Scan", "Parent Relationship": "Inner", "Relation Name": "movie_info_idx", "Alias": "mi_idx", "Startup Cost": 0.37, "Total Cost": 4.39, "Plan Rows": 2, "Plan Width": 13, "Actual Startup Time": 772.261, "Actual Total Time": 819.101, "Actual Rows": 307785, "Actual Loops": 186594, "Recheck Cond": "(movie_id = mi.movie_id)", "Rows Removed by Index Recheck": 0, "Exact Heap Blocks": 103610, "Lossy Heap Blocks": 103610, "Plans": [{"Node Type": "Bitmap Index Scan", "Parent Relationship": "Outer", "Index Name": "movie_id_movie_info_idx", "Startup Cost": 0.0, "Total Cost": 0.37, "Plan Rows": 2, "Plan Width": 0, "Actual Startup Time": 528.073, "Actual Total Time": 528.073, "Actual Rows": 307785, "Actual Loops": 186594, "Index Cond": "(movie_id = mi.movie_id)"}]}]}]}, {"Node Type": "Bitmap Heap Scan", "Parent Relationship": "Inner", "Relation Name": "title", "Alias": "t", "Startup Cost": 0.28, "Total Cost": 4.3, "Plan Rows": 1, "Plan Width": 21, "Actual Startup Time": 549.517, "Actual Total Time": 549.517, "Actual Rows": 102516, "Actual Loops": 102516, "Recheck Cond": "(id = mi_idx.movie_id)", "Rows Removed by Index Recheck": 0, "Exact Heap Blocks": 102516, "Lossy Heap Blocks": 102516, "Plans": [{"Node Type": "Bitmap Index Scan", "Parent Relationship": "Outer", "Index Name": "title_pkey", "Startup Cost": 0.0, "Total Cost": 0.28, "Plan Rows": 1, "Plan Width": 0, "Actual Startup Time": 300.228, "Actual Total Time": 300.228, "Actual Rows": 102516, "Actual Loops": 102516, "Index Cond": "(id = mi_idx.movie_id)"}]}]}, {"Node Type": "Bitmap Heap Scan", "Parent Relationship": "Inner", "Relation Name": "cast_info", "Alias": "ci", "Startup Cost": 0.52, "Total Cost": 4.63, "Plan Rows": 1, "Plan Width": 8, "Actual Startup Time": 8278.947, "Actual Total Time": 9561.679, "Actual Rows": 54155, "Actual Loops": 102516, "Recheck Cond": "(movie_id = t.id)", "Rows Removed by Index Recheck": 0, "Filter": "((note)::text = ANY ('{(writer),\"(head writer)\",\"(written by)\",(story),\"(story editor)\"}'::text[]))", "Rows Removed by Filter": 3987641, "Exact Heap Blocks": 3901088, "Lossy Heap Blocks": 3901088, "Plans": [{"Node Type": "Bitmap Index Scan", "Parent Relationship": "Outer", "Index Name": "movie_id_cast_info", "Startup Cost": 0.0, "Total Cost": 0.52, "Plan Rows": 6, "Plan Width": 0, "Actual Startup Time": 1062.241, "Actual Total Time": 1062.241, "Actual Rows": 4041796, "Actual Loops": 102516, "Index Cond": "(movie_id = t.id)"}]}]}, {"Node Type": "Bitmap Heap Scan", "Parent Relationship": "Inner", "Relation Name": "name", "Alias": "n", "Startup Cost": 0.31, "Total Cost": 4.32, "Plan Rows": 1, "Plan Width": 4, "Actual Startup Time": 412.128, "Actual Total Time": 412.128, "Actual Rows": 28073, "Actual Loops": 54155, "Recheck Cond": "(id = ci.person_id)", "Rows Removed by Index Recheck": 0, "Filter": "((gender)::text = 'm'::text)", "Rows Removed by Filter": 26082, "Exact Heap Blocks": 54155, "Lossy Heap Blocks": 54155, "Plans": [{"Node Type": "Bitmap Index Scan", "Parent Relationship": "Outer", "Index Name": "name_pkey", "Startup Cost": 0.0, "Total Cost": 0.31, "Plan Rows": 1, "Plan Width": 0, "Actual Startup Time": 260.254, "Actual Total Time": 260.254, "Actual Rows": 54155, "Actual Loops": 54155, "Index Cond": "(id = ci.person_id)"}]}]}]}, "Triggers": [], "Planner Runtime": 6, "Total Runtime": 13418.547, "Unique SQL Id": 3913857139}}, "(1, 51)": {"explain_plan": {"Plan": {"Node Type": "Aggregate", "Strategy": "Plain", "Startup Cost": 1000012232006.38, "Total Cost": 1000012232006.39, "Plan Rows": 1, "Plan Width": 160, "Plans": [{"Node Type": "Nested Loop", "Parent Relationship": "Outer", "Join Type": "Inner", "Startup Cost": 10000000002.26, "Total Cost": 1000012231995.78, "Plan Rows": 1413, "Plan Width": 64, "Inner Unique": true, "Join Filter": "(mi.movie_id = t.id)", "Plans": [{"Node Type": "Nested Loop", "Parent Relationship": "Outer", "Join Type": "Inner", "Startup Cost": 10000000001.98, "Total Cost": 1000012225906.36, "Plan Rows": 1413, "Plan Width": 59, "Inner Unique": true, "Plans": [{"Node Type": "Nested Loop", "Parent Relationship": "Outer", "Join Type": "Inner", "Startup Cost": 10000000001.67, "Total Cost": 1000012220900.93, "Plan Rows": 1155, "Plan Width": 63, "Inner Unique": false, "Join Filter": "(mi.movie_id = ci.movie_id)", "Plans": [{"Node Type": "Nested Loop", "Parent Relationship": "Outer", "Join Type": "Inner", "Startup Cost": 10000000000.97, "Total Cost": 1000012215863.83, "Plan Rows": 1044, "Plan Width": 55, "Inner Unique": true, "Plans": [{"Node Type": "Nested Loop", "Parent Relationship": "Outer", "Join Type": "Inner", "Startup Cost": 10000000000.71, "Total Cost": 1000012197983.33, "Plan Rows": 4175, "Plan Width": 59, "Inner Unique": true, "Plans": [{"Node Type": "Nested Loop", "Parent Relationship": "Outer", "Join Type": "Inner", "Startup Cost": 10000000000.45, "Total Cost": 1000010946375.89, "Plan Rows": 292241, "Plan Width": 63, "Inner Unique": false, "Plans": [{"Node Type": "Index Scan", "Parent Relationship": "Outer", "Scan Direction": "Forward", "Index Name": "movie_id_movie_info_idx", "Relation Name": "movie_info_idx", "Alias": "mi_idx", "Startup Cost": 10000000000.0, "Total Cost": 1000004650035.37, "Plan Rows": 1380034, "Plan Width": 13}, {"Node Type": "Bitmap Heap Scan", "Parent Relationship": "Inner", "Relation Name": "movie_info", "Alias": "mi", "Startup Cost": 0.45, "Total Cost": 4.55, "Plan Rows": 1, "Plan Width": 50, "Recheck Cond": "(movie_id = mi_idx.movie_id)", "Filter": "((info)::text = ANY ('{Horror,Action,Sci-Fi,Thriller,Crime,War}'::text[]))", "Plans": [{"Node Type": "Bitmap Index Scan", "Parent Relationship": "Outer", "Index Name": "movie_id_movie_info", "Startup Cost": 0.0, "Total Cost": 0.45, "Plan Rows": 5, "Plan Width": 0, "Index Cond": "(movie_id = mi_idx.movie_id)"}]}]}, {"Node Type": "Bitmap Heap Scan", "Parent Relationship": "Inner", "Relation Name": "info_type", "Alias": "it1", "Startup Cost": 0.26, "Total Cost": 4.27, "Plan Rows": 1, "Plan Width": 4, "Recheck Cond": "(id = mi.info_type_id)", "Filter": "((info)::text = 'genres'::text)", "Plans": [{"Node Type": "Bitmap Index Scan", "Parent Relationship": "Outer", "Index Name": "info_type_pkey", "Startup Cost": 0.0, "Total Cost": 0.26, "Plan Rows": 1, "Plan Width": 0, "Index Cond": "(id = mi.info_type_id)"}]}]}, {"Node Type": "Bitmap Heap Scan", "Parent Relationship": "Inner", "Relation Name": "info_type", "Alias": "it2", "Startup Cost": 0.26, "Total Cost": 4.27, "Plan Rows": 1, "Plan Width": 4, "Recheck Cond": "(id = mi_idx.info_type_id)", "Filter": "((info)::text = 'votes'::text)", "Plans": [{"Node Type": "Bitmap Index Scan", "Parent Relationship": "Outer", "Index Name": "info_type_pkey", "Startup Cost": 0.0, "Total Cost": 0.26, "Plan Rows": 1, "Plan Width": 0, "Index Cond": "(id = mi_idx.info_type_id)"}]}]}, {"Node Type": "Bitmap Heap Scan", "Parent Relationship": "Inner", "Relation Name": "cast_info", "Alias": "ci", "Startup Cost": 0.7, "Total Cost": 4.81, "Plan Rows": 1, "Plan Width": 8, "Recheck Cond": "(movie_id = mi_idx.movie_id)", "Filter": "((note)::text = ANY ('{(writer),\"(head writer)\",\"(written by)\",(story),\"(story editor)\"}'::text[]))", "Plans": [{"Node Type": "Bitmap Index Scan", "Parent Relationship": "Outer", "Index Name": "movie_id_cast_info", "Startup Cost": 0.0, "Total Cost": 0.7, "Plan Rows": 6, "Plan Width": 0, "Index Cond": "(movie_id = mi_idx.movie_id)"}]}]}, {"Node Type": "Bitmap Heap Scan", "Parent Relationship": "Inner", "Relation Name": "name", "Alias": "n", "Startup Cost": 0.31, "Total Cost": 4.32, "Plan Rows": 1, "Plan Width": 4, "Recheck Cond": "(id = ci.person_id)", "Filter": "((gender)::text = 'm'::text)", "Plans": [{"Node Type": "Bitmap Index Scan", "Parent Relationship": "Outer", "Index Name": "name_pkey", "Startup Cost": 0.0, "Total Cost": 0.31, "Plan Rows": 1, "Plan Width": 0, "Index Cond": "(id = ci.person_id)"}]}]}, {"Node Type": "Bitmap Heap Scan", "Parent Relationship": "Inner", "Relation Name": "title", "Alias": "t", "Startup Cost": 0.28, "Total Cost": 4.3, "Plan Rows": 1, "Plan Width": 21, "Recheck Cond": "(id = mi_idx.movie_id)", "Plans": [{"Node Type": "Bitmap Index Scan", "Parent Relationship": "Outer", "Index Name": "title_pkey", "Startup Cost": 0.0, "Total Cost": 0.28, "Plan Rows": 1, "Plan Width": 0, "Index Cond": "(id = mi_idx.movie_id)"}]}]}]}, "Unique SQL Id": 3913857139, "Planner Runtime": 4}, "explain_analyze_plan": null}, "(1, 52)": {"explain_plan": {"Plan": {"Node Type": "Aggregate", "Strategy": "Plain", "Startup Cost": 168594.43, "Total Cost": 168594.44, "Plan Rows": 1, "Plan Width": 160, "Plans": [{"Node Type": "Nested Loop", "Parent Relationship": "Outer", "Join Type": "Inner", "Startup Cost": 4842.14, "Total Cost": 168583.83, "Plan Rows": 1413, "Plan Width": 64, "Inner Unique": true, "Plans": [{"Node Type": "Nested Loop", "Parent Relationship": "Outer", "Join Type": "Inner", "Startup Cost": 4842.14, "Total Cost": 168004.57, "Plan Rows": 1155, "Plan Width": 68, "Inner Unique": false, "Plans": [{"Node Type": "Nested Loop", "Parent Relationship": "Outer", "Join Type": "Inner", "Startup Cost": 4842.14, "Total Cost": 166942.93, "Plan Rows": 1044, "Plan Width": 76, "Inner Unique": true, "Join Filter": "(mi.movie_id = t.id)", "Plans": [{"Node Type": "Nested Loop", "Parent Relationship": "Outer", "Join Type": "Inner", "Startup Cost": 4842.14, "Total Cost": 166514.74, "Plan Rows": 1044, "Plan Width": 55, "Inner Unique": false, "Join Filter": "(mi_idx.info_type_id = it2.id)", "Plans": [{"Node Type": "Seq Scan", "Parent Relationship": "Outer", "Relation Name": "info_type", "Alias": "it2", "Startup Cost": 0.0, "Total Cost": 2.4, "Plan Rows": 1, "Plan Width": 4, "Filter": "((info)::text = 'votes'::text)"}, {"Node Type": "Nested Loop", "Parent Relationship": "Inner", "Join Type": "Inner", "Startup Cost": 4842.14, "Total Cost": 166460.15, "Plan Rows": 4175, "Plan Width": 59, "Inner Unique": false, "Plans": [{"Node Type": "Nested Loop", "Parent Relationship": "Outer", "Join Type": "Inner", "Startup Cost": 4842.14, "Total Cost": 164972.1, "Plan Rows": 2717, "Plan Width": 46, "Inner Unique": false, "Plans": [{"Node Type": "Seq Scan", "Parent Relationship": "Outer", "Relation Name": "info_type", "Alias": "it1", "Startup Cost": 0.0, "Total Cost": 2.4, "Plan Rows": 1, "Plan Width": 4, "Filter": "((info)::text = 'genres'::text)"}, {"Node Type": "Bitmap Heap Scan", "Parent Relationship": "Inner", "Relation Name": "movie_info", "Alias": "mi", "Startup Cost": 4842.14, "Total Cost": 164942.53, "Plan Rows": 2717, "Plan Width": 50, "Recheck Cond": "(info_type_id = it1.id)", "Filter": "((info)::text = ANY ('{Horror,Action,Sci-Fi,Thriller,Crime,War}'::text[]))", "Plans": [{"Node Type": "Bitmap Index Scan", "Parent Relationship": "Outer", "Index Name": "info_type_id_movie_info", "Startup Cost": 0.0, "Total Cost": 4841.46, "Plan Rows": 212428, "Plan Width": 0, "Index Cond": "(info_type_id = it1.id)"}]}]}, {"Node Type": "Index Scan", "Parent Relationship": "Inner", "Scan Direction": "Forward", "Index Name": "movie_id_movie_info_idx", "Relation Name": "movie_info_idx", "Alias": "mi_idx", "Startup Cost": 0.0, "Total Cost": 0.53, "Plan Rows": 2, "Plan Width": 13, "Index Cond": "(movie_id = mi.movie_id)"}]}]}, {"Node Type": "Index Scan", "Parent Relationship": "Inner", "Scan Direction": "Forward", "Index Name": "title_pkey", "Relation Name": "title", "Alias": "t", "Startup Cost": 0.0, "Total Cost": 0.4, "Plan Rows": 1, "Plan Width": 21, "Index Cond": "(id = mi_idx.movie_id)"}]}, {"Node Type": "Index Scan", "Parent Relationship": "Inner", "Scan Direction": "Forward", "Index Name": "movie_id_cast_info", "Relation Name": "cast_info", "Alias": "ci", "Startup Cost": 0.0, "Total Cost": 1.01, "Plan Rows": 1, "Plan Width": 8, "Index Cond": "(movie_id = t.id)", "Filter": "((note)::text = ANY ('{(writer),\"(head writer)\",\"(written by)\",(story),\"(story editor)\"}'::text[]))"}]}, {"Node Type": "Index Scan", "Parent Relationship": "Inner", "Scan Direction": "Forward", "Index Name": "name_pkey", "Relation Name": "name", "Alias": "n", "Startup Cost": 0.0, "Total Cost": 0.49, "Plan Rows": 1, "Plan Width": 4, "Index Cond": "(id = ci.person_id)", "Filter": "((gender)::text = 'm'::text)"}]}]}, "Unique SQL Id": 3913857139, "Planner Runtime": 5}, "explain_analyze_plan": {"Plan": {"Node Type": "Aggregate", "Strategy": "Plain", "Startup Cost": 168594.43, "Total Cost": 168594.44, "Plan Rows": 1, "Plan Width": 160, "Actual Startup Time": 10962.342, "Actual Total Time": 10962.342, "Actual Rows": 1, "Actual Loops": 1, "Plans": [{"Node Type": "Nested Loop", "Parent Relationship": "Outer", "Join Type": "Inner", "Startup Cost": 4842.14, "Total Cost": 168583.83, "Plan Rows": 1413, "Plan Width": 64, "Actual Startup Time": 182.238, "Actual Total Time": 10918.825, "Actual Rows": 28073, "Actual Loops": 1, "Inner Unique": true, "Plans": [{"Node Type": "Nested Loop", "Parent Relationship": "Outer", "Join Type": "Inner", "Startup Cost": 4842.14, "Total Cost": 168004.57, "Plan Rows": 1155, "Plan Width": 68, "Actual Startup Time": 179.995, "Actual Total Time": 10530.664, "Actual Rows": 54155, "Actual Loops": 1, "Inner Unique": false, "Plans": [{"Node Type": "Nested Loop", "Parent Relationship": "Outer", "Join Type": "Inner", "Startup Cost": 4842.14, "Total Cost": 166942.93, "Plan Rows": 1044, "Plan Width": 76, "Actual Startup Time": 177.445, "Actual Total Time": 2626.7, "Actual Rows": 102516, "Actual Loops": 1, "Inner Unique": true, "Join Filter": "(mi.movie_id = t.id)", "Rows Removed by Join Filter": 0, "Plans": [{"Node Type": "Nested Loop", "Parent Relationship": "Outer", "Join Type": "Inner", "Startup Cost": 4842.14, "Total Cost": 166514.74, "Plan Rows": 1044, "Plan Width": 55, "Actual Startup Time": 177.415, "Actual Total Time": 2091.352, "Actual Rows": 102516, "Actual Loops": 1, "Inner Unique": false, "Join Filter": "(mi_idx.info_type_id = it2.id)", "Rows Removed by Join Filter": 205269, "Plans": [{"Node Type": "Seq Scan", "Parent Relationship": "Outer", "Relation Name": "info_type", "Alias": "it2", "Startup Cost": 0.0, "Total Cost": 2.4, "Plan Rows": 1, "Plan Width": 4, "Actual Startup Time": 0.051, "Actual Total Time": 0.06, "Actual Rows": 1, "Actual Loops": 1, "Filter": "((info)::text = 'votes'::text)", "Rows Removed by Filter": 111}, {"Node Type": "Nested Loop", "Parent Relationship": "Inner", "Join Type": "Inner", "Startup Cost": 4842.14, "Total Cost": 166460.15, "Plan Rows": 4175, "Plan Width": 59, "Actual Startup Time": 177.338, "Actual Total Time": 2000.149, "Actual Rows": 307785, "Actual Loops": 1, "Inner Unique": false, "Plans": [{"Node Type": "Nested Loop", "Parent Relationship": "Outer", "Join Type": "Inner", "Startup Cost": 4842.14, "Total Cost": 164972.1, "Plan Rows": 2717, "Plan Width": 46, "Actual Startup Time": 177.302, "Actual Total Time": 1152.01, "Actual Rows": 186594, "Actual Loops": 1, "Inner Unique": false, "Plans": [{"Node Type": "Seq Scan", "Parent Relationship": "Outer", "Relation Name": "info_type", "Alias": "it1", "Startup Cost": 0.0, "Total Cost": 2.4, "Plan Rows": 1, "Plan Width": 4, "Actual Startup Time": 0.022, "Actual Total Time": 0.06, "Actual Rows": 1, "Actual Loops": 1, "Filter": "((info)::text = 'genres'::text)", "Rows Removed by Filter": 111}, {"Node Type": "Bitmap Heap Scan", "Parent Relationship": "Inner", "Relation Name": "movie_info", "Alias": "mi", "Startup Cost": 4842.14, "Total Cost": 164942.53, "Plan Rows": 2717, "Plan Width": 50, "Actual Startup Time": 177.275, "Actual Total Time": 1109.223, "Actual Rows": 186594, "Actual Loops": 1, "Recheck Cond": "(info_type_id = it1.id)", "Rows Removed by Index Recheck": 0, "Filter": "((info)::text = ANY ('{Horror,Action,Sci-Fi,Thriller,Crime,War}'::text[]))", "Rows Removed by Filter": 1347315, "Exact Heap Blocks": 7426, "Lossy Heap Blocks": 7426, "Plans": [{"Node Type": "Bitmap Index Scan", "Parent Relationship": "Outer", "Index Name": "info_type_id_movie_info", "Startup Cost": 0.0, "Total Cost": 4841.46, "Plan Rows": 212428, "Plan Width": 0, "Actual Startup Time": 175.891, "Actual Total Time": 175.891, "Actual Rows": 1533909, "Actual Loops": 1, "Index Cond": "(info_type_id = it1.id)"}]}]}, {"Node Type": "Index Scan", "Parent Relationship": "Inner", "Scan Direction": "Forward", "Index Name": "movie_id_movie_info_idx", "Relation Name": "movie_info_idx", "Alias": "mi_idx", "Startup Cost": 0.0, "Total Cost": 0.53, "Plan Rows": 2, "Plan Width": 13, "Actual Startup Time": 547.884, "Actual Total Time": 667.997, "Actual Rows": 307785, "Actual Loops": 186594, "Index Cond": "(movie_id = mi.movie_id)", "Rows Removed by Index Recheck": 0}]}]}, {"Node Type": "Index Scan", "Parent Relationship": "Inner", "Scan Direction": "Forward", "Index Name": "title_pkey", "Relation Name": "title", "Alias": "t", "Startup Cost": 0.0, "Total Cost": 0.4, "Plan Rows": 1, "Plan Width": 21, "Actual Startup Time": 422.794, "Actual Total Time": 422.794, "Actual Rows": 102516, "Actual Loops": 102516, "Index Cond": "(id = mi_idx.movie_id)", "Rows Removed by Index Recheck": 0}]}, {"Node Type": "Index Scan", "Parent Relationship": "Inner", "Scan Direction": "Forward", "Index Name": "movie_id_cast_info", "Relation Name": "cast_info", "Alias": "ci", "Startup Cost": 0.0, "Total Cost": 1.01, "Plan Rows": 1, "Plan Width": 8, "Actual Startup Time": 6671.429, "Actual Total Time": 7830.07, "Actual Rows": 54155, "Actual Loops": 102516, "Index Cond": "(movie_id = t.id)", "Rows Removed by Index Recheck": 0, "Filter": "((note)::text = ANY ('{(writer),\"(head writer)\",\"(written by)\",(story),\"(story editor)\"}'::text[]))", "Rows Removed by Filter": 3987641}]}, {"Node Type": "Index Scan", "Parent Relationship": "Inner", "Scan Direction": "Forward", "Index Name": "name_pkey", "Relation Name": "name", "Alias": "n", "Startup Cost": 0.0, "Total Cost": 0.49, "Plan Rows": 1, "Plan Width": 4, "Actual Startup Time": 341.049, "Actual Total Time": 341.049, "Actual Rows": 28073, "Actual Loops": 54155, "Index Cond": "(id = ci.person_id)", "Rows Removed by Index Recheck": 0, "Filter": "((gender)::text = 'm'::text)", "Rows Removed by Filter": 26082}]}]}, "Triggers": [], "Planner Runtime": 5, "Total Runtime": 10962.78, "Unique SQL Id": 3913857139}}, "(1, 53)": {"explain_plan": {"Plan": {"Node Type": "Aggregate", "Strategy": "Plain", "Startup Cost": 168618.05, "Total Cost": 168618.06, "Plan Rows": 1, "Plan Width": 160, "Plans": [{"Node Type": "Nested Loop", "Parent Relationship": "Outer", "Join Type": "Inner", "Startup Cost": 4842.14, "Total Cost": 168607.45, "Plan Rows": 1413, "Plan Width": 64, "Inner Unique": true, "Plans": [{"Node Type": "Nested Loop", "Parent Relationship": "Outer", "Join Type": "Inner", "Startup Cost": 4842.14, "Total Cost": 168028.19, "Plan Rows": 1155, "Plan Width": 68, "Inner Unique": false, "Plans": [{"Node Type": "Nested Loop", "Parent Relationship": "Outer", "Join Type": "Inner", "Startup Cost": 4842.14, "Total Cost": 166966.55, "Plan Rows": 1044, "Plan Width": 76, "Inner Unique": true, "Join Filter": "(mi.movie_id = t.id)", "Plans": [{"Node Type": "Nested Loop", "Parent Relationship": "Outer", "Join Type": "Inner", "Startup Cost": 4842.14, "Total Cost": 166538.36, "Plan Rows": 1044, "Plan Width": 55, "Inner Unique": false, "Join Filter": "(mi_idx.info_type_id = it2.id)", "Plans": [{"Node Type": "Index Scan", "Parent Relationship": "Outer", "Scan Direction": "Forward", "Index Name": "info_type_pkey", "Relation Name": "info_type", "Alias": "it2", "Startup Cost": 0.0, "Total Cost": 14.21, "Plan Rows": 1, "Plan Width": 4, "Filter": "((info)::text = 'votes'::text)"}, {"Node Type": "Nested Loop", "Parent Relationship": "Inner", "Join Type": "Inner", "Startup Cost": 4842.14, "Total Cost": 166471.96, "Plan Rows": 4175, "Plan Width": 59, "Inner Unique": false, "Plans": [{"Node Type": "Nested Loop", "Parent Relationship": "Outer", "Join Type": "Inner", "Startup Cost": 4842.14, "Total Cost": 164983.91, "Plan Rows": 2717, "Plan Width": 46, "Inner Unique": false, "Plans": [{"Node Type": "Index Scan", "Parent Relationship": "Outer", "Scan Direction": "Forward", "Index Name": "info_type_pkey", "Relation Name": "info_type", "Alias": "it1", "Startup Cost": 0.0, "Total Cost": 14.21, "Plan Rows": 1, "Plan Width": 4, "Filter": "((info)::text = 'genres'::text)"}, {"Node Type": "Bitmap Heap Scan", "Parent Relationship": "Inner", "Relation Name": "movie_info", "Alias": "mi", "Startup Cost": 4842.14, "Total Cost": 164942.53, "Plan Rows": 2717, "Plan Width": 50, "Recheck Cond": "(info_type_id = it1.id)", "Filter": "((info)::text = ANY ('{Horror,Action,Sci-Fi,Thriller,Crime,War}'::text[]))", "Plans": [{"Node Type": "Bitmap Index Scan", "Parent Relationship": "Outer", "Index Name": "info_type_id_movie_info", "Startup Cost": 0.0, "Total Cost": 4841.46, "Plan Rows": 212428, "Plan Width": 0, "Index Cond": "(info_type_id = it1.id)"}]}]}, {"Node Type": "Index Scan", "Parent Relationship": "Inner", "Scan Direction": "Forward", "Index Name": "movie_id_movie_info_idx", "Relation Name": "movie_info_idx", "Alias": "mi_idx", "Startup Cost": 0.0, "Total Cost": 0.53, "Plan Rows": 2, "Plan Width": 13, "Index Cond": "(movie_id = mi.movie_id)"}]}]}, {"Node Type": "Index Scan", "Parent Relationship": "Inner", "Scan Direction": "Forward", "Index Name": "title_pkey", "Relation Name": "title", "Alias": "t", "Startup Cost": 0.0, "Total Cost": 0.4, "Plan Rows": 1, "Plan Width": 21, "Index Cond": "(id = mi_idx.movie_id)"}]}, {"Node Type": "Index Scan", "Parent Relationship": "Inner", "Scan Direction": "Forward", "Index Name": "movie_id_cast_info", "Relation Name": "cast_info", "Alias": "ci", "Startup Cost": 0.0, "Total Cost": 1.01, "Plan Rows": 1, "Plan Width": 8, "Index Cond": "(movie_id = t.id)", "Filter": "((note)::text = ANY ('{(writer),\"(head writer)\",\"(written by)\",(story),\"(story editor)\"}'::text[]))"}]}, {"Node Type": "Index Scan", "Parent Relationship": "Inner", "Scan Direction": "Forward", "Index Name": "name_pkey", "Relation Name": "name", "Alias": "n", "Startup Cost": 0.0, "Total Cost": 0.49, "Plan Rows": 1, "Plan Width": 4, "Index Cond": "(id = ci.person_id)", "Filter": "((gender)::text = 'm'::text)"}]}]}, "Unique SQL Id": 3913857139, "Planner Runtime": 4}, "explain_analyze_plan": {"Plan": {"Node Type": "Aggregate", "Strategy": "Plain", "Startup Cost": 168618.05, "Total Cost": 168618.06, "Plan Rows": 1, "Plan Width": 160, "Actual Startup Time": 10985.018, "Actual Total Time": 10985.019, "Actual Rows": 1, "Actual Loops": 1, "Plans": [{"Node Type": "Nested Loop", "Parent Relationship": "Outer", "Join Type": "Inner", "Startup Cost": 4842.14, "Total Cost": 168607.45, "Plan Rows": 1413, "Plan Width": 64, "Actual Startup Time": 175.61, "Actual Total Time": 10939.798, "Actual Rows": 28073, "Actual Loops": 1, "Inner Unique": true, "Plans": [{"Node Type": "Nested Loop", "Parent Relationship": "Outer", "Join Type": "Inner", "Startup Cost": 4842.14, "Total Cost": 168028.19, "Plan Rows": 1155, "Plan Width": 68, "Actual Startup Time": 173.738, "Actual Total Time": 10546.49, "Actual Rows": 54155, "Actual Loops": 1, "Inner Unique": false, "Plans": [{"Node Type": "Nested Loop", "Parent Relationship": "Outer", "Join Type": "Inner", "Startup Cost": 4842.14, "Total Cost": 166966.55, "Plan Rows": 1044, "Plan Width": 76, "Actual Startup Time": 171.478, "Actual Total Time": 2622.411, "Actual Rows": 102516, "Actual Loops": 1, "Inner Unique": true, "Join Filter": "(mi.movie_id = t.id)", "Rows Removed by Join Filter": 0, "Plans": [{"Node Type": "Nested Loop", "Parent Relationship": "Outer", "Join Type": "Inner", "Startup Cost": 4842.14, "Total Cost": 166538.36, "Plan Rows": 1044, "Plan Width": 55, "Actual Startup Time": 171.46, "Actual Total Time": 2084.763, "Actual Rows": 102516, "Actual Loops": 1, "Inner Unique": false, "Join Filter": "(mi_idx.info_type_id = it2.id)", "Rows Removed by Join Filter": 205269, "Plans": [{"Node Type": "Index Scan", "Parent Relationship": "Outer", "Scan Direction": "Forward", "Index Name": "info_type_pkey", "Relation Name": "info_type", "Alias": "it2", "Startup Cost": 0.0, "Total Cost": 14.21, "Plan Rows": 1, "Plan Width": 4, "Actual Startup Time": 0.077, "Actual Total Time": 0.096, "Actual Rows": 1, "Actual Loops": 1, "Filter": "((info)::text = 'votes'::text)", "Rows Removed by Filter": 111}, {"Node Type": "Nested Loop", "Parent Relationship": "Inner", "Join Type": "Inner", "Startup Cost": 4842.14, "Total Cost": 166471.96, "Plan Rows": 4175, "Plan Width": 59, "Actual Startup Time": 171.352, "Actual Total Time": 1994.85, "Actual Rows": 307785, "Actual Loops": 1, "Inner Unique": false, "Plans": [{"Node Type": "Nested Loop", "Parent Relationship": "Outer", "Join Type": "Inner", "Startup Cost": 4842.14, "Total Cost": 164983.91, "Plan Rows": 2717, "Plan Width": 46, "Actual Startup Time": 171.315, "Actual Total Time": 1144.549, "Actual Rows": 186594, "Actual Loops": 1, "Inner Unique": false, "Plans": [{"Node Type": "Index Scan", "Parent Relationship": "Outer", "Scan Direction": "Forward", "Index Name": "info_type_pkey", "Relation Name": "info_type", "Alias": "it1", "Startup Cost": 0.0, "Total Cost": 14.21, "Plan Rows": 1, "Plan Width": 4, "Actual Startup Time": 0.009, "Actual Total Time": 0.198, "Actual Rows": 1, "Actual Loops": 1, "Filter": "((info)::text = 'genres'::text)", "Rows Removed by Filter": 111}, {"Node Type": "Bitmap Heap Scan", "Parent Relationship": "Inner", "Relation Name": "movie_info", "Alias": "mi", "Startup Cost": 4842.14, "Total Cost": 164942.53, "Plan Rows": 2717, "Plan Width": 50, "Actual Startup Time": 171.298, "Actual Total Time": 1101.073, "Actual Rows": 186594, "Actual Loops": 1, "Recheck Cond": "(info_type_id = it1.id)", "Rows Removed by Index Recheck": 0, "Filter": "((info)::text = ANY ('{Horror,Action,Sci-Fi,Thriller,Crime,War}'::text[]))", "Rows Removed by Filter": 1347315, "Exact Heap Blocks": 7426, "Lossy Heap Blocks": 7426, "Plans": [{"Node Type": "Bitmap Index Scan", "Parent Relationship": "Outer", "Index Name": "info_type_id_movie_info", "Startup Cost": 0.0, "Total Cost": 4841.46, "Plan Rows": 212428, "Plan Width": 0, "Actual Startup Time": 169.856, "Actual Total Time": 169.856, "Actual Rows": 1533909, "Actual Loops": 1, "Index Cond": "(info_type_id = it1.id)"}]}]}, {"Node Type": "Index Scan", "Parent Relationship": "Inner", "Scan Direction": "Forward", "Index Name": "movie_id_movie_info_idx", "Relation Name": "movie_info_idx", "Alias": "mi_idx", "Startup Cost": 0.0, "Total Cost": 0.53, "Plan Rows": 2, "Plan Width": 13, "Actual Startup Time": 553.72, "Actual Total Time": 672.151, "Actual Rows": 307785, "Actual Loops": 186594, "Index Cond": "(movie_id = mi.movie_id)", "Rows Removed by Index Recheck": 0}]}]}, {"Node Type": "Index Scan", "Parent Relationship": "Inner", "Scan Direction": "Forward", "Index Name": "title_pkey", "Relation Name": "title", "Alias": "t", "Startup Cost": 0.0, "Total Cost": 0.4, "Plan Rows": 1, "Plan Width": 21, "Actual Startup Time": 423.919, "Actual Total Time": 423.919, "Actual Rows": 102516, "Actual Loops": 102516, "Index Cond": "(id = mi_idx.movie_id)", "Rows Removed by Index Recheck": 0}]}, {"Node Type": "Index Scan", "Parent Relationship": "Inner", "Scan Direction": "Forward", "Index Name": "movie_id_cast_info", "Relation Name": "cast_info", "Alias": "ci", "Startup Cost": 0.0, "Total Cost": 1.01, "Plan Rows": 1, "Plan Width": 8, "Actual Startup Time": 6693.235, "Actual Total Time": 7850.651, "Actual Rows": 54155, "Actual Loops": 102516, "Index Cond": "(movie_id = t.id)", "Rows Removed by Index Recheck": 0, "Filter": "((note)::text = ANY ('{(writer),\"(head writer)\",\"(written by)\",(story),\"(story editor)\"}'::text[]))", "Rows Removed by Filter": 3987641}]}, {"Node Type": "Index Scan", "Parent Relationship": "Inner", "Scan Direction": "Forward", "Index Name": "name_pkey", "Relation Name": "name", "Alias": "n", "Startup Cost": 0.0, "Total Cost": 0.49, "Plan Rows": 1, "Plan Width": 4, "Actual Startup Time": 345.095, "Actual Total Time": 345.095, "Actual Rows": 28073, "Actual Loops": 54155, "Index Cond": "(id = ci.person_id)", "Rows Removed by Index Recheck": 0, "Filter": "((gender)::text = 'm'::text)", "Rows Removed by Filter": 26082}]}]}, "Triggers": [], "Planner Runtime": 4, "Total Runtime": 10985.503, "Unique SQL Id": 3913857139}}, "(1, 54)": {"explain_plan": {"Plan": {"Node Type": "Aggregate", "Strategy": "Plain", "Startup Cost": 191372.0, "Total Cost": 191372.01, "Plan Rows": 1, "Plan Width": 160, "Plans": [{"Node Type": "Nested Loop", "Parent Relationship": "Outer", "Join Type": "Inner", "Startup Cost": 4843.62, "Total Cost": 191361.4, "Plan Rows": 1413, "Plan Width": 64, "Inner Unique": true, "Plans": [{"Node Type": "Nested Loop", "Parent Relationship": "Outer", "Join Type": "Inner", "Startup Cost": 4843.31, "Total Cost": 186355.98, "Plan Rows": 1155, "Plan Width": 68, "Inner Unique": false, "Plans": [{"Node Type": "Nested Loop", "Parent Relationship": "Outer", "Join Type": "Inner", "Startup Cost": 4842.79, "Total Cost": 181513.31, "Plan Rows": 1044, "Plan Width": 76, "Inner Unique": true, "Join Filter": "(mi.movie_id = t.id)", "Plans": [{"Node Type": "Nested Loop", "Parent Relationship": "Outer", "Join Type": "Inner", "Startup Cost": 4842.51, "Total Cost": 177014.12, "Plan Rows": 1044, "Plan Width": 55, "Inner Unique": false, "Join Filter": "(mi_idx.info_type_id = it2.id)", "Plans": [{"Node Type": "Seq Scan", "Parent Relationship": "Outer", "Relation Name": "info_type", "Alias": "it2", "Startup Cost": 0.0, "Total Cost": 2.4, "Plan Rows": 1, "Plan Width": 4, "Filter": "((info)::text = 'votes'::text)"}, {"Node Type": "Nested Loop", "Parent Relationship": "Inner", "Join Type": "Inner", "Startup Cost": 4842.51, "Total Cost": 176959.53, "Plan Rows": 4175, "Plan Width": 59, "Inner Unique": false, "Plans": [{"Node Type": "Nested Loop", "Parent Relationship": "Outer", "Join Type": "Inner", "Startup Cost": 4842.14, "Total Cost": 164972.1, "Plan Rows": 2717, "Plan Width": 46, "Inner Unique": false, "Plans": [{"Node Type": "Seq Scan", "Parent Relationship": "Outer", "Relation Name": "info_type", "Alias": "it1", "Startup Cost": 0.0, "Total Cost": 2.4, "Plan Rows": 1, "Plan Width": 4, "Filter": "((info)::text = 'genres'::text)"}, {"Node Type": "Bitmap Heap Scan", "Parent Relationship": "Inner", "Relation Name": "movie_info", "Alias": "mi", "Startup Cost": 4842.14, "Total Cost": 164942.53, "Plan Rows": 2717, "Plan Width": 50, "Recheck Cond": "(info_type_id = it1.id)", "Filter": "((info)::text = ANY ('{Horror,Action,Sci-Fi,Thriller,Crime,War}'::text[]))", "Plans": [{"Node Type": "Bitmap Index Scan", "Parent Relationship": "Outer", "Index Name": "info_type_id_movie_info", "Startup Cost": 0.0, "Total Cost": 4841.46, "Plan Rows": 212428, "Plan Width": 0, "Index Cond": "(info_type_id = it1.id)"}]}]}, {"Node Type": "Bitmap Heap Scan", "Parent Relationship": "Inner", "Relation Name": "movie_info_idx", "Alias": "mi_idx", "Startup Cost": 0.37, "Total Cost": 4.39, "Plan Rows": 2, "Plan Width": 13, "Recheck Cond": "(movie_id = mi.movie_id)", "Plans": [{"Node Type": "Bitmap Index Scan", "Parent Relationship": "Outer", "Index Name": "movie_id_movie_info_idx", "Startup Cost": 0.0, "Total Cost": 0.37, "Plan Rows": 2, "Plan Width": 0, "Index Cond": "(movie_id = mi.movie_id)"}]}]}]}, {"Node Type": "Bitmap Heap Scan", "Parent Relationship": "Inner", "Relation Name": "title", "Alias": "t", "Startup Cost": 0.28, "Total Cost": 4.3, "Plan Rows": 1, "Plan Width": 21, "Recheck Cond": "(id = mi_idx.movie_id)", "Plans": [{"Node Type": "Bitmap Index Scan", "Parent Relationship": "Outer", "Index Name": "title_pkey", "Startup Cost": 0.0, "Total Cost": 0.28, "Plan Rows": 1, "Plan Width": 0, "Index Cond": "(id = mi_idx.movie_id)"}]}]}, {"Node Type": "Bitmap Heap Scan", "Parent Relationship": "Inner", "Relation Name": "cast_info", "Alias": "ci", "Startup Cost": 0.52, "Total Cost": 4.63, "Plan Rows": 1, "Plan Width": 8, "Recheck Cond": "(movie_id = t.id)", "Filter": "((note)::text = ANY ('{(writer),\"(head writer)\",\"(written by)\",(story),\"(story editor)\"}'::text[]))", "Plans": [{"Node Type": "Bitmap Index Scan", "Parent Relationship": "Outer", "Index Name": "movie_id_cast_info", "Startup Cost": 0.0, "Total Cost": 0.52, "Plan Rows": 6, "Plan Width": 0, "Index Cond": "(movie_id = t.id)"}]}]}, {"Node Type": "Bitmap Heap Scan", "Parent Relationship": "Inner", "Relation Name": "name", "Alias": "n", "Startup Cost": 0.31, "Total Cost": 4.32, "Plan Rows": 1, "Plan Width": 4, "Recheck Cond": "(id = ci.person_id)", "Filter": "((gender)::text = 'm'::text)", "Plans": [{"Node Type": "Bitmap Index Scan", "Parent Relationship": "Outer", "Index Name": "name_pkey", "Startup Cost": 0.0, "Total Cost": 0.31, "Plan Rows": 1, "Plan Width": 0, "Index Cond": "(id = ci.person_id)"}]}]}]}, "Unique SQL Id": 3913857139, "Planner Runtime": 6}, "explain_analyze_plan": {"Plan": {"Node Type": "Aggregate", "Strategy": "Plain", "Startup Cost": 191372.0, "Total Cost": 191372.01, "Plan Rows": 1, "Plan Width": 160, "Actual Startup Time": 13418.046, "Actual Total Time": 13418.047, "Actual Rows": 1, "Actual Loops": 1, "Plans": [{"Node Type": "Nested Loop", "Parent Relationship": "Outer", "Join Type": "Inner", "Startup Cost": 4843.62, "Total Cost": 191361.4, "Plan Rows": 1413, "Plan Width": 64, "Actual Startup Time": 188.301, "Actual Total Time": 13363.107, "Actual Rows": 28073, "Actual Loops": 1, "Inner Unique": true, "Plans": [{"Node Type": "Nested Loop", "Parent Relationship": "Outer", "Join Type": "Inner", "Startup Cost": 4843.31, "Total Cost": 186355.98, "Plan Rows": 1155, "Plan Width": 68, "Actual Startup Time": 185.613, "Actual Total Time": 12857.373, "Actual Rows": 54155, "Actual Loops": 1, "Inner Unique": false, "Plans": [{"Node Type": "Nested Loop", "Parent Relationship": "Outer", "Join Type": "Inner", "Startup Cost": 4842.79, "Total Cost": 181513.31, "Plan Rows": 1044, "Plan Width": 76, "Actual Startup Time": 182.526, "Actual Total Time": 3121.597, "Actual Rows": 102516, "Actual Loops": 1, "Inner Unique": true, "Join Filter": "(mi.movie_id = t.id)", "Rows Removed by Join Filter": 0, "Plans": [{"Node Type": "Nested Loop", "Parent Relationship": "Outer", "Join Type": "Inner", "Startup Cost": 4842.51, "Total Cost": 177014.12, "Plan Rows": 1044, "Plan Width": 55, "Actual Startup Time": 182.486, "Actual Total Time": 2391.44, "Actual Rows": 102516, "Actual Loops": 1, "Inner Unique": false, "Join Filter": "(mi_idx.info_type_id = it2.id)", "Rows Removed by Join Filter": 205269, "Plans": [{"Node Type": "Seq Scan", "Parent Relationship": "Outer", "Relation Name": "info_type", "Alias": "it2", "Startup Cost": 0.0, "Total Cost": 2.4, "Plan Rows": 1, "Plan Width": 4, "Actual Startup Time": 0.064, "Actual Total Time": 0.077, "Actual Rows": 1, "Actual Loops": 1, "Filter": "((info)::text = 'votes'::text)", "Rows Removed by Filter": 111}, {"Node Type": "Nested Loop", "Parent Relationship": "Inner", "Join Type": "Inner", "Startup Cost": 4842.51, "Total Cost": 176959.53, "Plan Rows": 4175, "Plan Width": 59, "Actual Startup Time": 182.405, "Actual Total Time": 2293.019, "Actual Rows": 307785, "Actual Loops": 1, "Inner Unique": false, "Plans": [{"Node Type": "Nested Loop", "Parent Relationship": "Outer", "Join Type": "Inner", "Startup Cost": 4842.14, "Total Cost": 164972.1, "Plan Rows": 2717, "Plan Width": 46, "Actual Startup Time": 182.357, "Actual Total Time": 1158.606, "Actual Rows": 186594, "Actual Loops": 1, "Inner Unique": false, "Plans": [{"Node Type": "Seq Scan", "Parent Relationship": "Outer", "Relation Name": "info_type", "Alias": "it1", "Startup Cost": 0.0, "Total Cost": 2.4, "Plan Rows": 1, "Plan Width": 4, "Actual Startup Time": 0.038, "Actual Total Time": 0.179, "Actual Rows": 1, "Actual Loops": 1, "Filter": "((info)::text = 'genres'::text)", "Rows Removed by Filter": 111}, {"Node Type": "Bitmap Heap Scan", "Parent Relationship": "Inner", "Relation Name": "movie_info", "Alias": "mi", "Startup Cost": 4842.14, "Total Cost": 164942.53, "Plan Rows": 2717, "Plan Width": 50, "Actual Startup Time": 182.315, "Actual Total Time": 1115.988, "Actual Rows": 186594, "Actual Loops": 1, "Recheck Cond": "(info_type_id = it1.id)", "Rows Removed by Index Recheck": 0, "Filter": "((info)::text = ANY ('{Horror,Action,Sci-Fi,Thriller,Crime,War}'::text[]))", "Rows Removed by Filter": 1347315, "Exact Heap Blocks": 7426, "Lossy Heap Blocks": 7426, "Plans": [{"Node Type": "Bitmap Index Scan", "Parent Relationship": "Outer", "Index Name": "info_type_id_movie_info", "Startup Cost": 0.0, "Total Cost": 4841.46, "Plan Rows": 212428, "Plan Width": 0, "Actual Startup Time": 180.863, "Actual Total Time": 180.863, "Actual Rows": 1533909, "Actual Loops": 1, "Index Cond": "(info_type_id = it1.id)"}]}]}, {"Node Type": "Bitmap Heap Scan", "Parent Relationship": "Inner", "Relation Name": "movie_info_idx", "Alias": "mi_idx", "Startup Cost": 0.37, "Total Cost": 4.39, "Plan Rows": 2, "Plan Width": 13, "Actual Startup Time": 772.261, "Actual Total Time": 819.101, "Actual Rows": 307785, "Actual Loops": 186594, "Recheck Cond": "(movie_id = mi.movie_id)", "Rows Removed by Index Recheck": 0, "Exact Heap Blocks": 103610, "Lossy Heap Blocks": 103610, "Plans": [{"Node Type": "Bitmap Index Scan", "Parent Relationship": "Outer", "Index Name": "movie_id_movie_info_idx", "Startup Cost": 0.0, "Total Cost": 0.37, "Plan Rows": 2, "Plan Width": 0, "Actual Startup Time": 528.073, "Actual Total Time": 528.073, "Actual Rows": 307785, "Actual Loops": 186594, "Index Cond": "(movie_id = mi.movie_id)"}]}]}]}, {"Node Type": "Bitmap Heap Scan", "Parent Relationship": "Inner", "Relation Name": "title", "Alias": "t", "Startup Cost": 0.28, "Total Cost": 4.3, "Plan Rows": 1, "Plan Width": 21, "Actual Startup Time": 549.517, "Actual Total Time": 549.517, "Actual Rows": 102516, "Actual Loops": 102516, "Recheck Cond": "(id = mi_idx.movie_id)", "Rows Removed by Index Recheck": 0, "Exact Heap Blocks": 102516, "Lossy Heap Blocks": 102516, "Plans": [{"Node Type": "Bitmap Index Scan", "Parent Relationship": "Outer", "Index Name": "title_pkey", "Startup Cost": 0.0, "Total Cost": 0.28, "Plan Rows": 1, "Plan Width": 0, "Actual Startup Time": 300.228, "Actual Total Time": 300.228, "Actual Rows": 102516, "Actual Loops": 102516, "Index Cond": "(id = mi_idx.movie_id)"}]}]}, {"Node Type": "Bitmap Heap Scan", "Parent Relationship": "Inner", "Relation Name": "cast_info", "Alias": "ci", "Startup Cost": 0.52, "Total Cost": 4.63, "Plan Rows": 1, "Plan Width": 8, "Actual Startup Time": 8278.947, "Actual Total Time": 9561.679, "Actual Rows": 54155, "Actual Loops": 102516, "Recheck Cond": "(movie_id = t.id)", "Rows Removed by Index Recheck": 0, "Filter": "((note)::text = ANY ('{(writer),\"(head writer)\",\"(written by)\",(story),\"(story editor)\"}'::text[]))", "Rows Removed by Filter": 3987641, "Exact Heap Blocks": 3901088, "Lossy Heap Blocks": 3901088, "Plans": [{"Node Type": "Bitmap Index Scan", "Parent Relationship": "Outer", "Index Name": "movie_id_cast_info", "Startup Cost": 0.0, "Total Cost": 0.52, "Plan Rows": 6, "Plan Width": 0, "Actual Startup Time": 1062.241, "Actual Total Time": 1062.241, "Actual Rows": 4041796, "Actual Loops": 102516, "Index Cond": "(movie_id = t.id)"}]}]}, {"Node Type": "Bitmap Heap Scan", "Parent Relationship": "Inner", "Relation Name": "name", "Alias": "n", "Startup Cost": 0.31, "Total Cost": 4.32, "Plan Rows": 1, "Plan Width": 4, "Actual Startup Time": 412.128, "Actual Total Time": 412.128, "Actual Rows": 28073, "Actual Loops": 54155, "Recheck Cond": "(id = ci.person_id)", "Rows Removed by Index Recheck": 0, "Filter": "((gender)::text = 'm'::text)", "Rows Removed by Filter": 26082, "Exact Heap Blocks": 54155, "Lossy Heap Blocks": 54155, "Plans": [{"Node Type": "Bitmap Index Scan", "Parent Relationship": "Outer", "Index Name": "name_pkey", "Startup Cost": 0.0, "Total Cost": 0.31, "Plan Rows": 1, "Plan Width": 0, "Actual Startup Time": 260.254, "Actual Total Time": 260.254, "Actual Rows": 54155, "Actual Loops": 54155, "Index Cond": "(id = ci.person_id)"}]}]}]}, "Triggers": [], "Planner Runtime": 6, "Total Runtime": 13418.547, "Unique SQL Id": 3913857139}}, "(1, 55)": {"explain_plan": {"Plan": {"Node Type": "Aggregate", "Strategy": "Plain", "Startup Cost": 1000012232006.38, "Total Cost": 1000012232006.39, "Plan Rows": 1, "Plan Width": 160, "Plans": [{"Node Type": "Nested Loop", "Parent Relationship": "Outer", "Join Type": "Inner", "Startup Cost": 10000000002.26, "Total Cost": 1000012231995.78, "Plan Rows": 1413, "Plan Width": 64, "Inner Unique": true, "Join Filter": "(mi.movie_id = t.id)", "Plans": [{"Node Type": "Nested Loop", "Parent Relationship": "Outer", "Join Type": "Inner", "Startup Cost": 10000000001.98, "Total Cost": 1000012225906.36, "Plan Rows": 1413, "Plan Width": 59, "Inner Unique": true, "Plans": [{"Node Type": "Nested Loop", "Parent Relationship": "Outer", "Join Type": "Inner", "Startup Cost": 10000000001.67, "Total Cost": 1000012220900.93, "Plan Rows": 1155, "Plan Width": 63, "Inner Unique": false, "Join Filter": "(mi.movie_id = ci.movie_id)", "Plans": [{"Node Type": "Nested Loop", "Parent Relationship": "Outer", "Join Type": "Inner", "Startup Cost": 10000000000.97, "Total Cost": 1000012215863.83, "Plan Rows": 1044, "Plan Width": 55, "Inner Unique": true, "Plans": [{"Node Type": "Nested Loop", "Parent Relationship": "Outer", "Join Type": "Inner", "Startup Cost": 10000000000.71, "Total Cost": 1000012197983.33, "Plan Rows": 4175, "Plan Width": 59, "Inner Unique": true, "Plans": [{"Node Type": "Nested Loop", "Parent Relationship": "Outer", "Join Type": "Inner", "Startup Cost": 10000000000.45, "Total Cost": 1000010946375.89, "Plan Rows": 292241, "Plan Width": 63, "Inner Unique": false, "Plans": [{"Node Type": "Index Scan", "Parent Relationship": "Outer", "Scan Direction": "Forward", "Index Name": "movie_id_movie_info_idx", "Relation Name": "movie_info_idx", "Alias": "mi_idx", "Startup Cost": 10000000000.0, "Total Cost": 1000004650035.37, "Plan Rows": 1380034, "Plan Width": 13}, {"Node Type": "Bitmap Heap Scan", "Parent Relationship": "Inner", "Relation Name": "movie_info", "Alias": "mi", "Startup Cost": 0.45, "Total Cost": 4.55, "Plan Rows": 1, "Plan Width": 50, "Recheck Cond": "(movie_id = mi_idx.movie_id)", "Filter": "((info)::text = ANY ('{Horror,Action,Sci-Fi,Thriller,Crime,War}'::text[]))", "Plans": [{"Node Type": "Bitmap Index Scan", "Parent Relationship": "Outer", "Index Name": "movie_id_movie_info", "Startup Cost": 0.0, "Total Cost": 0.45, "Plan Rows": 5, "Plan Width": 0, "Index Cond": "(movie_id = mi_idx.movie_id)"}]}]}, {"Node Type": "Bitmap Heap Scan", "Parent Relationship": "Inner", "Relation Name": "info_type", "Alias": "it1", "Startup Cost": 0.26, "Total Cost": 4.27, "Plan Rows": 1, "Plan Width": 4, "Recheck Cond": "(id = mi.info_type_id)", "Filter": "((info)::text = 'genres'::text)", "Plans": [{"Node Type": "Bitmap Index Scan", "Parent Relationship": "Outer", "Index Name": "info_type_pkey", "Startup Cost": 0.0, "Total Cost": 0.26, "Plan Rows": 1, "Plan Width": 0, "Index Cond": "(id = mi.info_type_id)"}]}]}, {"Node Type": "Bitmap Heap Scan", "Parent Relationship": "Inner", "Relation Name": "info_type", "Alias": "it2", "Startup Cost": 0.26, "Total Cost": 4.27, "Plan Rows": 1, "Plan Width": 4, "Recheck Cond": "(id = mi_idx.info_type_id)", "Filter": "((info)::text = 'votes'::text)", "Plans": [{"Node Type": "Bitmap Index Scan", "Parent Relationship": "Outer", "Index Name": "info_type_pkey", "Startup Cost": 0.0, "Total Cost": 0.26, "Plan Rows": 1, "Plan Width": 0, "Index Cond": "(id = mi_idx.info_type_id)"}]}]}, {"Node Type": "Bitmap Heap Scan", "Parent Relationship": "Inner", "Relation Name": "cast_info", "Alias": "ci", "Startup Cost": 0.7, "Total Cost": 4.81, "Plan Rows": 1, "Plan Width": 8, "Recheck Cond": "(movie_id = mi_idx.movie_id)", "Filter": "((note)::text = ANY ('{(writer),\"(head writer)\",\"(written by)\",(story),\"(story editor)\"}'::text[]))", "Plans": [{"Node Type": "Bitmap Index Scan", "Parent Relationship": "Outer", "Index Name": "movie_id_cast_info", "Startup Cost": 0.0, "Total Cost": 0.7, "Plan Rows": 6, "Plan Width": 0, "Index Cond": "(movie_id = mi_idx.movie_id)"}]}]}, {"Node Type": "Bitmap Heap Scan", "Parent Relationship": "Inner", "Relation Name": "name", "Alias": "n", "Startup Cost": 0.31, "Total Cost": 4.32, "Plan Rows": 1, "Plan Width": 4, "Recheck Cond": "(id = ci.person_id)", "Filter": "((gender)::text = 'm'::text)", "Plans": [{"Node Type": "Bitmap Index Scan", "Parent Relationship": "Outer", "Index Name": "name_pkey", "Startup Cost": 0.0, "Total Cost": 0.31, "Plan Rows": 1, "Plan Width": 0, "Index Cond": "(id = ci.person_id)"}]}]}, {"Node Type": "Bitmap Heap Scan", "Parent Relationship": "Inner", "Relation Name": "title", "Alias": "t", "Startup Cost": 0.28, "Total Cost": 4.3, "Plan Rows": 1, "Plan Width": 21, "Recheck Cond": "(id = mi_idx.movie_id)", "Plans": [{"Node Type": "Bitmap Index Scan", "Parent Relationship": "Outer", "Index Name": "title_pkey", "Startup Cost": 0.0, "Total Cost": 0.28, "Plan Rows": 1, "Plan Width": 0, "Index Cond": "(id = mi_idx.movie_id)"}]}]}]}, "Unique SQL Id": 3913857139, "Planner Runtime": 4}, "explain_analyze_plan": null}, "(1, 56)": {"explain_plan": {"Plan": {"Node Type": "Aggregate", "Strategy": "Plain", "Startup Cost": 384724.5, "Total Cost": 384724.51, "Plan Rows": 1, "Plan Width": 160, "Plans": [{"Node Type": "Nested Loop", "Parent Relationship": "Outer", "Join Type": "Inner", "Startup Cost": 0.0, "Total Cost": 384713.9, "Plan Rows": 1413, "Plan Width": 64, "Inner Unique": true, "Plans": [{"Node Type": "Nested Loop", "Parent Relationship": "Outer", "Join Type": "Inner", "Startup Cost": 0.0, "Total Cost": 384134.63, "Plan Rows": 1155, "Plan Width": 68, "Inner Unique": false, "Plans": [{"Node Type": "Nested Loop", "Parent Relationship": "Outer", "Join Type": "Inner", "Startup Cost": 0.0, "Total Cost": 383073.0, "Plan Rows": 1044, "Plan Width": 76, "Inner Unique": true, "Join Filter": "(mi.movie_id = t.id)", "Plans": [{"Node Type": "Nested Loop", "Parent Relationship": "Outer", "Join Type": "Inner", "Startup Cost": 0.0, "Total Cost": 382644.81, "Plan Rows": 1044, "Plan Width": 55, "Inner Unique": false, "Join Filter": "(mi.info_type_id = it1.id)", "Plans": [{"Node Type": "Seq Scan", "Parent Relationship": "Outer", "Relation Name": "info_type", "Alias": "it1", "Startup Cost": 0.0, "Total Cost": 2.4, "Plan Rows": 1, "Plan Width": 4, "Filter": "((info)::text = 'genres'::text)"}, {"Node Type": "Nested Loop", "Parent Relationship": "Inner", "Join Type": "Inner", "Startup Cost": 0.0, "Total Cost": 379779.55, "Plan Rows": 229029, "Plan Width": 59, "Inner Unique": false, "Plans": [{"Node Type": "Nested Loop", "Parent Relationship": "Outer", "Join Type": "Inner", "Startup Cost": 0.0, "Total Cost": 37527.17, "Plan Rows": 345008, "Plan Width": 9, "Inner Unique": false, "Join Filter": "(it2.id = mi_idx.info_type_id), (LLVM Optimized)", "Plans": [{"Node Type": "Seq Scan", "Parent Relationship": "Outer", "Relation Name": "info_type", "Alias": "it2", "Startup Cost": 0.0, "Total Cost": 2.4, "Plan Rows": 1, "Plan Width": 4, "Filter": "((info)::text = 'votes'::text)"}, {"Node Type": "Seq Scan", "Parent Relationship": "Inner", "Relation Name": "movie_info_idx", "Alias": "mi_idx", "Startup Cost": 0.0, "Total Cost": 20274.34, "Plan Rows": 1380034, "Plan Width": 13}]}, {"Node Type": "Index Scan", "Parent Relationship": "Inner", "Scan Direction": "Forward", "Index Name": "movie_id_movie_info", "Relation Name": "movie_info", "Alias": "mi", "Startup Cost": 0.0, "Total Cost": 0.98, "Plan Rows": 1, "Plan Width": 50, "Index Cond": "(movie_id = mi_idx.movie_id)", "Filter": "((info)::text = ANY ('{Horror,Action,Sci-Fi,Thriller,Crime,War}'::text[]))"}]}]}, {"Node Type": "Index Scan", "Parent Relationship": "Inner", "Scan Direction": "Forward", "Index Name": "title_pkey", "Relation Name": "title", "Alias": "t", "Startup Cost": 0.0, "Total Cost": 0.4, "Plan Rows": 1, "Plan Width": 21, "Index Cond": "(id = mi_idx.movie_id)"}]}, {"Node Type": "Index Scan", "Parent Relationship": "Inner", "Scan Direction": "Forward", "Index Name": "movie_id_cast_info", "Relation Name": "cast_info", "Alias": "ci", "Startup Cost": 0.0, "Total Cost": 1.01, "Plan Rows": 1, "Plan Width": 8, "Index Cond": "(movie_id = t.id)", "Filter": "((note)::text = ANY ('{(writer),\"(head writer)\",\"(written by)\",(story),\"(story editor)\"}'::text[]))"}]}, {"Node Type": "Index Scan", "Parent Relationship": "Inner", "Scan Direction": "Forward", "Index Name": "name_pkey", "Relation Name": "name", "Alias": "n", "Startup Cost": 0.0, "Total Cost": 0.49, "Plan Rows": 1, "Plan Width": 4, "Index Cond": "(id = ci.person_id)", "Filter": "((gender)::text = 'm'::text)"}]}]}, "Unique SQL Id": 3913857139, "Planner Runtime": 5}, "explain_analyze_plan": {"Plan": {"Node Type": "Aggregate", "Strategy": "Plain", "Startup Cost": 384724.5, "Total Cost": 384724.51, "Plan Rows": 1, "Plan Width": 160, "Actual Startup Time": 19134.754, "Actual Total Time": 19134.754, "Actual Rows": 1, "Actual Loops": 1, "Plans": [{"Node Type": "Nested Loop", "Parent Relationship": "Outer", "Join Type": "Inner", "Startup Cost": 0.0, "Total Cost": 384713.9, "Plan Rows": 1413, "Plan Width": 64, "Actual Startup Time": 30.26, "Actual Total Time": 19092.099, "Actual Rows": 28073, "Actual Loops": 1, "Inner Unique": true, "Plans": [{"Node Type": "Nested Loop", "Parent Relationship": "Outer", "Join Type": "Inner", "Startup Cost": 0.0, "Total Cost": 384134.63, "Plan Rows": 1155, "Plan Width": 68, "Actual Startup Time": 15.106, "Actual Total Time": 18688.382, "Actual Rows": 54155, "Actual Loops": 1, "Inner Unique": false, "Plans": [{"Node Type": "Nested Loop", "Parent Relationship": "Outer", "Join Type": "Inner", "Startup Cost": 0.0, "Total Cost": 383073.0, "Plan Rows": 1044, "Plan Width": 76, "Actual Startup Time": 0.873, "Actual Total Time": 10250.203, "Actual Rows": 102516, "Actual Loops": 1, "Inner Unique": true, "Join Filter": "(mi.movie_id = t.id)", "Rows Removed by Join Filter": 0, "Plans": [{"Node Type": "Nested Loop", "Parent Relationship": "Outer", "Join Type": "Inner", "Startup Cost": 0.0, "Total Cost": 382644.81, "Plan Rows": 1044, "Plan Width": 55, "Actual Startup Time": 0.857, "Actual Total Time": 9696.352, "Actual Rows": 102516, "Actual Loops": 1, "Inner Unique": false, "Join Filter": "(mi.info_type_id = it1.id)", "Rows Removed by Join Filter": 2376, "Plans": [{"Node Type": "Seq Scan", "Parent Relationship": "Outer", "Relation Name": "info_type", "Alias": "it1", "Startup Cost": 0.0, "Total Cost": 2.4, "Plan Rows": 1, "Plan Width": 4, "Actual Startup Time": 0.034, "Actual Total Time": 0.063, "Actual Rows": 1, "Actual Loops": 1, "Filter": "((info)::text = 'genres'::text)", "Rows Removed by Filter": 111}, {"Node Type": "Nested Loop", "Parent Relationship": "Inner", "Join Type": "Inner", "Startup Cost": 0.0, "Total Cost": 379779.55, "Plan Rows": 229029, "Plan Width": 59, "Actual Startup Time": 0.815, "Actual Total Time": 9651.833, "Actual Rows": 104892, "Actual Loops": 1, "Inner Unique": false, "Plans": [{"Node Type": "Nested Loop", "Parent Relationship": "Outer", "Join Type": "Inner", "Startup Cost": 0.0, "Total Cost": 37527.17, "Plan Rows": 345008, "Plan Width": 9, "Actual Startup Time": 0.078, "Actual Total Time": 692.748, "Actual Rows": 459925, "Actual Loops": 1, "Inner Unique": false, "Join Filter": "(it2.id = mi_idx.info_type_id), (LLVM Optimized, Jit Execute)", "Rows Removed by Join Filter": 920109, "Plans": [{"Node Type": "Seq Scan", "Parent Relationship": "Outer", "Relation Name": "info_type", "Alias": "it2", "Startup Cost": 0.0, "Total Cost": 2.4, "Plan Rows": 1, "Plan Width": 4, "Actual Startup Time": 0.042, "Actual Total Time": 0.054, "Actual Rows": 1, "Actual Loops": 1, "Filter": "((info)::text = 'votes'::text)", "Rows Removed by Filter": 111}, {"Node Type": "Seq Scan", "Parent Relationship": "Inner", "Relation Name": "movie_info_idx", "Alias": "mi_idx", "Startup Cost": 0.0, "Total Cost": 20274.34, "Plan Rows": 1380034, "Plan Width": 13, "Actual Startup Time": 0.031, "Actual Total Time": 333.525, "Actual Rows": 1380034, "Actual Loops": 1}]}, {"Node Type": "Index Scan", "Parent Relationship": "Inner", "Scan Direction": "Forward", "Index Name": "movie_id_movie_info", "Relation Name": "movie_info", "Alias": "mi", "Startup Cost": 0.0, "Total Cost": 0.98, "Plan Rows": 1, "Plan Width": 50, "Actual Startup Time": 8525.772, "Actual Total Time": 8684.956, "Actual Rows": 104892, "Actual Loops": 459925, "Index Cond": "(movie_id = mi_idx.movie_id)", "Rows Removed by Index Recheck": 0, "Filter": "((info)::text = ANY ('{Horror,Action,Sci-Fi,Thriller,Crime,War}'::text[]))", "Rows Removed by Filter": 6825442}]}]}, {"Node Type": "Index Scan", "Parent Relationship": "Inner", "Scan Direction": "Forward", "Index Name": "title_pkey", "Relation Name": "title", "Alias": "t", "Startup Cost": 0.0, "Total Cost": 0.4, "Plan Rows": 1, "Plan Width": 21, "Actual Startup Time": 442.617, "Actual Total Time": 442.617, "Actual Rows": 102516, "Actual Loops": 102516, "Index Cond": "(id = mi_idx.movie_id)", "Rows Removed by Index Recheck": 0}]}, {"Node Type": "Index Scan", "Parent Relationship": "Inner", "Scan Direction": "Forward", "Index Name": "movie_id_cast_info", "Relation Name": "cast_info", "Alias": "ci", "Startup Cost": 0.0, "Total Cost": 1.01, "Plan Rows": 1, "Plan Width": 8, "Actual Startup Time": 7136.35, "Actual Total Time": 8367.267, "Actual Rows": 54155, "Actual Loops": 102516, "Index Cond": "(movie_id = t.id)", "Rows Removed by Index Recheck": 0, "Filter": "((note)::text = ANY ('{(writer),\"(head writer)\",\"(written by)\",(story),\"(story editor)\"}'::text[]))", "Rows Removed by Filter": 3987641}]}, {"Node Type": "Index Scan", "Parent Relationship": "Inner", "Scan Direction": "Forward", "Index Name": "name_pkey", "Relation Name": "name", "Alias": "n", "Startup Cost": 0.0, "Total Cost": 0.49, "Plan Rows": 1, "Plan Width": 4, "Actual Startup Time": 358.289, "Actual Total Time": 358.289, "Actual Rows": 28073, "Actual Loops": 54155, "Index Cond": "(id = ci.person_id)", "Rows Removed by Index Recheck": 0, "Filter": "((gender)::text = 'm'::text)", "Rows Removed by Filter": 26082}]}]}, "Triggers": [], "Planner Runtime": 5, "Total Runtime": 19143.567, "Unique SQL Id": 3913857139}}, "(1, 57)": {"explain_plan": {"Plan": {"Node Type": "Aggregate", "Strategy": "Plain", "Startup Cost": 385547.34, "Total Cost": 385547.35, "Plan Rows": 1, "Plan Width": 160, "Plans": [{"Node Type": "Nested Loop", "Parent Relationship": "Outer", "Join Type": "Inner", "Startup Cost": 0.0, "Total Cost": 385536.75, "Plan Rows": 1413, "Plan Width": 64, "Inner Unique": true, "Plans": [{"Node Type": "Nested Loop", "Parent Relationship": "Outer", "Join Type": "Inner", "Startup Cost": 0.0, "Total Cost": 384957.48, "Plan Rows": 1155, "Plan Width": 68, "Inner Unique": false, "Plans": [{"Node Type": "Nested Loop", "Parent Relationship": "Outer", "Join Type": "Inner", "Startup Cost": 0.0, "Total Cost": 383895.85, "Plan Rows": 1044, "Plan Width": 76, "Inner Unique": true, "Join Filter": "(mi.movie_id = t.id)", "Plans": [{"Node Type": "Nested Loop", "Parent Relationship": "Outer", "Join Type": "Inner", "Startup Cost": 0.0, "Total Cost": 383467.66, "Plan Rows": 1044, "Plan Width": 55, "Inner Unique": false, "Join Filter": "(mi.info_type_id = it1.id)", "Plans": [{"Node Type": "Index Scan", "Parent Relationship": "Outer", "Scan Direction": "Forward", "Index Name": "info_type_pkey", "Relation Name": "info_type", "Alias": "it1", "Startup Cost": 0.0, "Total Cost": 14.21, "Plan Rows": 1, "Plan Width": 4, "Filter": "((info)::text = 'genres'::text)"}, {"Node Type": "Nested Loop", "Parent Relationship": "Inner", "Join Type": "Inner", "Startup Cost": 0.0, "Total Cost": 380590.58, "Plan Rows": 229029, "Plan Width": 59, "Inner Unique": false, "Plans": [{"Node Type": "Nested Loop", "Parent Relationship": "Outer", "Join Type": "Inner", "Startup Cost": 0.0, "Total Cost": 38338.2, "Plan Rows": 345008, "Plan Width": 9, "Inner Unique": false, "Plans": [{"Node Type": "Index Scan", "Parent Relationship": "Outer", "Scan Direction": "Forward", "Index Name": "info_type_pkey", "Relation Name": "info_type", "Alias": "it2", "Startup Cost": 0.0, "Total Cost": 14.21, "Plan Rows": 1, "Plan Width": 4, "Filter": "((info)::text = 'votes'::text)"}, {"Node Type": "Index Scan", "Parent Relationship": "Inner", "Scan Direction": "Forward", "Index Name": "info_type_id_movie_info_idx", "Relation Name": "movie_info_idx", "Alias": "mi_idx", "Startup Cost": 0.0, "Total Cost": 34873.91, "Plan Rows": 345008, "Plan Width": 13, "Index Cond": "(info_type_id = it2.id), (LLVM Optimized)"}]}, {"Node Type": "Index Scan", "Parent Relationship": "Inner", "Scan Direction": "Forward", "Index Name": "movie_id_movie_info", "Relation Name": "movie_info", "Alias": "mi", "Startup Cost": 0.0, "Total Cost": 0.98, "Plan Rows": 1, "Plan Width": 50, "Index Cond": "(movie_id = mi_idx.movie_id)", "Filter": "((info)::text = ANY ('{Horror,Action,Sci-Fi,Thriller,Crime,War}'::text[]))"}]}]}, {"Node Type": "Index Scan", "Parent Relationship": "Inner", "Scan Direction": "Forward", "Index Name": "title_pkey", "Relation Name": "title", "Alias": "t", "Startup Cost": 0.0, "Total Cost": 0.4, "Plan Rows": 1, "Plan Width": 21, "Index Cond": "(id = mi_idx.movie_id)"}]}, {"Node Type": "Index Scan", "Parent Relationship": "Inner", "Scan Direction": "Forward", "Index Name": "movie_id_cast_info", "Relation Name": "cast_info", "Alias": "ci", "Startup Cost": 0.0, "Total Cost": 1.01, "Plan Rows": 1, "Plan Width": 8, "Index Cond": "(movie_id = t.id)", "Filter": "((note)::text = ANY ('{(writer),\"(head writer)\",\"(written by)\",(story),\"(story editor)\"}'::text[]))"}]}, {"Node Type": "Index Scan", "Parent Relationship": "Inner", "Scan Direction": "Forward", "Index Name": "name_pkey", "Relation Name": "name", "Alias": "n", "Startup Cost": 0.0, "Total Cost": 0.49, "Plan Rows": 1, "Plan Width": 4, "Index Cond": "(id = ci.person_id)", "Filter": "((gender)::text = 'm'::text)"}]}]}, "Unique SQL Id": 3913857139, "Planner Runtime": 4}, "explain_analyze_plan": {"Plan": {"Node Type": "Aggregate", "Strategy": "Plain", "Startup Cost": 385547.34, "Total Cost": 385547.35, "Plan Rows": 1, "Plan Width": 160, "Actual Startup Time": 19858.278, "Actual Total Time": 19858.279, "Actual Rows": 1, "Actual Loops": 1, "Plans": [{"Node Type": "Nested Loop", "Parent Relationship": "Outer", "Join Type": "Inner", "Startup Cost": 0.0, "Total Cost": 385536.75, "Plan Rows": 1413, "Plan Width": 64, "Actual Startup Time": 29.537, "Actual Total Time": 19816.621, "Actual Rows": 28073, "Actual Loops": 1, "Inner Unique": true, "Plans": [{"Node Type": "Nested Loop", "Parent Relationship": "Outer", "Join Type": "Inner", "Startup Cost": 0.0, "Total Cost": 384957.48, "Plan Rows": 1155, "Plan Width": 68, "Actual Startup Time": 14.824, "Actual Total Time": 19381.185, "Actual Rows": 54155, "Actual Loops": 1, "Inner Unique": false, "Plans": [{"Node Type": "Nested Loop", "Parent Relationship": "Outer", "Join Type": "Inner", "Startup Cost": 0.0, "Total Cost": 383895.85, "Plan Rows": 1044, "Plan Width": 76, "Actual Startup Time": 0.924, "Actual Total Time": 10116.383, "Actual Rows": 102516, "Actual Loops": 1, "Inner Unique": true, "Join Filter": "(mi.movie_id = t.id)", "Rows Removed by Join Filter": 0, "Plans": [{"Node Type": "Nested Loop", "Parent Relationship": "Outer", "Join Type": "Inner", "Startup Cost": 0.0, "Total Cost": 383467.66, "Plan Rows": 1044, "Plan Width": 55, "Actual Startup Time": 0.913, "Actual Total Time": 9535.918, "Actual Rows": 102516, "Actual Loops": 1, "Inner Unique": false, "Join Filter": "(mi.info_type_id = it1.id)", "Rows Removed by Join Filter": 2376, "Plans": [{"Node Type": "Index Scan", "Parent Relationship": "Outer", "Scan Direction": "Forward", "Index Name": "info_type_pkey", "Relation Name": "info_type", "Alias": "it1", "Startup Cost": 0.0, "Total Cost": 14.21, "Plan Rows": 1, "Plan Width": 4, "Actual Startup Time": 0.027, "Actual Total Time": 0.081, "Actual Rows": 1, "Actual Loops": 1, "Filter": "((info)::text = 'genres'::text)", "Rows Removed by Filter": 111}, {"Node Type": "Nested Loop", "Parent Relationship": "Inner", "Join Type": "Inner", "Startup Cost": 0.0, "Total Cost": 380590.58, "Plan Rows": 229029, "Plan Width": 59, "Actual Startup Time": 0.88, "Actual Total Time": 9495.878, "Actual Rows": 104892, "Actual Loops": 1, "Inner Unique": false, "Plans": [{"Node Type": "Nested Loop", "Parent Relationship": "Outer", "Join Type": "Inner", "Startup Cost": 0.0, "Total Cost": 38338.2, "Plan Rows": 345008, "Plan Width": 9, "Actual Startup Time": 0.188, "Actual Total Time": 443.881, "Actual Rows": 459925, "Actual Loops": 1, "Inner Unique": false, "Plans": [{"Node Type": "Index Scan", "Parent Relationship": "Outer", "Scan Direction": "Forward", "Index Name": "info_type_pkey", "Relation Name": "info_type", "Alias": "it2", "Startup Cost": 0.0, "Total Cost": 14.21, "Plan Rows": 1, "Plan Width": 4, "Actual Startup Time": 0.054, "Actual Total Time": 0.069, "Actual Rows": 1, "Actual Loops": 1, "Filter": "((info)::text = 'votes'::text)", "Rows Removed by Filter": 111}, {"Node Type": "Index Scan", "Parent Relationship": "Inner", "Scan Direction": "Forward", "Index Name": "info_type_id_movie_info_idx", "Relation Name": "movie_info_idx", "Alias": "mi_idx", "Startup Cost": 0.0, "Total Cost": 34873.91, "Plan Rows": 345008, "Plan Width": 13, "Actual Startup Time": 0.131, "Actual Total Time": 332.33, "Actual Rows": 459925, "Actual Loops": 1, "Index Cond": "(info_type_id = it2.id), (LLVM Optimized, Jit Execute)", "Rows Removed by Index Recheck": 0}]}, {"Node Type": "Index Scan", "Parent Relationship": "Inner", "Scan Direction": "Forward", "Index Name": "movie_id_movie_info", "Relation Name": "movie_info", "Alias": "mi", "Startup Cost": 0.0, "Total Cost": 0.98, "Plan Rows": 1, "Plan Width": 50, "Actual Startup Time": 8619.521, "Actual Total Time": 8782.765, "Actual Rows": 104892, "Actual Loops": 459925, "Index Cond": "(movie_id = mi_idx.movie_id)", "Rows Removed by Index Recheck": 0, "Filter": "((info)::text = ANY ('{Horror,Action,Sci-Fi,Thriller,Crime,War}'::text[]))", "Rows Removed by Filter": 6825442}]}]}, {"Node Type": "Index Scan", "Parent Relationship": "Inner", "Scan Direction": "Forward", "Index Name": "title_pkey", "Relation Name": "title", "Alias": "t", "Startup Cost": 0.0, "Total Cost": 0.4, "Plan Rows": 1, "Plan Width": 21, "Actual Startup Time": 466.75, "Actual Total Time": 466.75, "Actual Rows": 102516, "Actual Loops": 102516, "Index Cond": "(id = mi_idx.movie_id)", "Rows Removed by Index Recheck": 0}]}, {"Node Type": "Index Scan", "Parent Relationship": "Inner", "Scan Direction": "Forward", "Index Name": "movie_id_cast_info", "Relation Name": "cast_info", "Alias": "ci", "Startup Cost": 0.0, "Total Cost": 1.01, "Plan Rows": 1, "Plan Width": 8, "Actual Startup Time": 7837.555, "Actual Total Time": 9194.417, "Actual Rows": 54155, "Actual Loops": 102516, "Index Cond": "(movie_id = t.id)", "Rows Removed by Index Recheck": 0, "Filter": "((note)::text = ANY ('{(writer),\"(head writer)\",\"(written by)\",(story),\"(story editor)\"}'::text[]))", "Rows Removed by Filter": 3987641}]}, {"Node Type": "Index Scan", "Parent Relationship": "Inner", "Scan Direction": "Forward", "Index Name": "name_pkey", "Relation Name": "name", "Alias": "n", "Startup Cost": 0.0, "Total Cost": 0.49, "Plan Rows": 1, "Plan Width": 4, "Actual Startup Time": 390.023, "Actual Total Time": 390.023, "Actual Rows": 28073, "Actual Loops": 54155, "Index Cond": "(id = ci.person_id)", "Rows Removed by Index Recheck": 0, "Filter": "((gender)::text = 'm'::text)", "Rows Removed by Filter": 26082}]}]}, "Triggers": [], "Planner Runtime": 5, "Total Runtime": 19868.04, "Unique SQL Id": 3913857139}}, "(1, 58)": {"explain_plan": {"Plan": {"Node Type": "Aggregate", "Strategy": "Plain", "Startup Cost": 104407117.09, "Total Cost": 104407117.11, "Plan Rows": 1, "Plan Width": 160, "Plans": [{"Node Type": "Nested Loop", "Parent Relationship": "Outer", "Join Type": "Inner", "Startup Cost": 0.0, "Total Cost": 104407106.5, "Plan Rows": 1413, "Plan Width": 64, "Inner Unique": false, "Join Filter": "(ci.person_id = n.id)", "Plans": [{"Node Type": "Seq Scan", "Parent Relationship": "Outer", "Relation Name": "name", "Alias": "n", "Startup Cost": 0.0, "Total Cost": 103490.62, "Plan Rows": 1740714, "Plan Width": 4, "Filter": "((gender)::text = 'm'::text), (LLVM Optimized)"}, {"Node Type": "Materialize", "Parent Relationship": "Inner", "Startup Cost": 0.0, "Total Cost": 74145748.71, "Plan Rows": 1155, "Plan Width": 68, "Plans": [{"Node Type": "Nested Loop", "Parent Relationship": "Outer", "Join Type": "Inner", "Startup Cost": 0.0, "Total Cost": 74145742.94, "Plan Rows": 1155, "Plan Width": 68, "Inner Unique": false, "Join Filter": "(t.id = ci.movie_id)", "Plans": [{"Node Type": "Seq Scan", "Parent Relationship": "Outer", "Relation Name": "cast_info", "Alias": "ci", "Startup Cost": 0.0, "Total Cost": 828499.78, "Plan Rows": 1223154, "Plan Width": 8, "Filter": "((note)::text = ANY ('{(writer),\"(head writer)\",\"(written by)\",(story),\"(story editor)\"}'::text[]))"}, {"Node Type": "Materialize", "Parent Relationship": "Inner", "Startup Cost": 0.0, "Total Cost": 54162654.13, "Plan Rows": 1044, "Plan Width": 76, "Plans": [{"Node Type": "Nested Loop", "Parent Relationship": "Outer", "Join Type": "Inner", "Startup Cost": 0.0, "Total Cost": 54162648.91, "Plan Rows": 1044, "Plan Width": 76, "Inner Unique": false, "Join Filter": "(mi.movie_id = t.id)", "Plans": [{"Node Type": "Seq Scan", "Parent Relationship": "Outer", "Relation Name": "title", "Alias": "t", "Startup Cost": 0.0, "Total Cost": 60069.11, "Plan Rows": 2528311, "Plan Width": 21}, {"Node Type": "Materialize", "Parent Relationship": "Inner", "Startup Cost": 0.0, "Total Cost": 14509232.15, "Plan Rows": 1044, "Plan Width": 55, "Plans": [{"Node Type": "Nested Loop", "Parent Relationship": "Outer", "Join Type": "Inner", "Startup Cost": 0.0, "Total Cost": 14509226.93, "Plan Rows": 1044, "Plan Width": 55, "Inner Unique": false, "Join Filter": "(mi.movie_id = mi_idx.movie_id)", "Plans": [{"Node Type": "Nested Loop", "Parent Relationship": "Outer", "Join Type": "Inner", "Startup Cost": 0.0, "Total Cost": 37527.17, "Plan Rows": 345008, "Plan Width": 9, "Inner Unique": false, "Join Filter": "(it2.id = mi_idx.info_type_id), (LLVM Optimized)", "Plans": [{"Node Type": "Seq Scan", "Parent Relationship": "Outer", "Relation Name": "info_type", "Alias": "it2", "Startup Cost": 0.0, "Total Cost": 2.4, "Plan Rows": 1, "Plan Width": 4, "Filter": "((info)::text = 'votes'::text)"}, {"Node Type": "Seq Scan", "Parent Relationship": "Inner", "Relation Name": "movie_info_idx", "Alias": "mi_idx", "Startup Cost": 0.0, "Total Cost": 20274.34, "Plan Rows": 1380034, "Plan Width": 13}]}, {"Node Type": "Materialize", "Parent Relationship": "Inner", "Startup Cost": 0.0, "Total Cost": 410905.52, "Plan Rows": 2717, "Plan Width": 46, "Plans": [{"Node Type": "Nested Loop", "Parent Relationship": "Outer", "Join Type": "Inner", "Startup Cost": 0.0, "Total Cost": 410891.93, "Plan Rows": 2717, "Plan Width": 46, "Inner Unique": false, "Join Filter": "(it1.id = mi.info_type_id)", "Plans": [{"Node Type": "Seq Scan", "Parent Relationship": "Outer", "Relation Name": "info_type", "Alias": "it1", "Startup Cost": 0.0, "Total Cost": 2.4, "Plan Rows": 1, "Plan Width": 4, "Filter": "((info)::text = 'genres'::text)"}, {"Node Type": "Seq Scan", "Parent Relationship": "Inner", "Relation Name": "movie_info", "Alias": "mi", "Startup Cost": 0.0, "Total Cost": 408512.41, "Plan Rows": 190170, "Plan Width": 50, "Filter": "((info)::text = ANY ('{Horror,Action,Sci-Fi,Thriller,Crime,War}'::text[]))"}]}]}]}]}]}]}]}]}]}]}, "Unique SQL Id": 3913857139, "Planner Runtime": 5}, "explain_analyze_plan": null}, "(1, 59)": {"explain_plan": {"Plan": {"Node Type": "Aggregate", "Strategy": "Plain", "Startup Cost": 7000445600668.71, "Total Cost": 7000445600668.72, "Plan Rows": 1, "Plan Width": 160, "Plans": [{"Node Type": "Nested Loop", "Parent Relationship": "Outer", "Join Type": "Inner", "Startup Cost": 70000000000.0, "Total Cost": 7000445600658.11, "Plan Rows": 1413, "Plan Width": 64, "Inner Unique": false, "Join Filter": "(ci.person_id = n.id)", "Plans": [{"Node Type": "Index Scan", "Parent Relationship": "Outer", "Scan Direction": "Forward", "Index Name": "name_pkey", "Relation Name": "name", "Alias": "n", "Startup Cost": 10000000000.0, "Total Cost": 1000018665147.2, "Plan Rows": 1740714, "Plan Width": 4, "Filter": "((gender)::text = 'm'::text), (LLVM Optimized)"}, {"Node Type": "Materialize", "Parent Relationship": "Inner", "Startup Cost": 60000000000.0, "Total Cost": 6000396777643.75, "Plan Rows": 1155, "Plan Width": 68, "Plans": [{"Node Type": "Nested Loop", "Parent Relationship": "Outer", "Join Type": "Inner", "Startup Cost": 60000000000.0, "Total Cost": 6000396777637.97, "Plan Rows": 1155, "Plan Width": 68, "Inner Unique": false, "Join Filter": "(t.id = ci.movie_id)", "Plans": [{"Node Type": "Index Scan", "Parent Relationship": "Outer", "Scan Direction": "Forward", "Index Name": "person_id_cast_info", "Relation Name": "cast_info", "Alias": "ci", "Startup Cost": 10000000000.0, "Total Cost": 1000193311016.96, "Plan Rows": 1223154, "Plan Width": 8, "Filter": "((note)::text = ANY ('{(writer),\"(head writer)\",\"(written by)\",(story),\"(story editor)\"}'::text[]))"}, {"Node Type": "Materialize", "Parent Relationship": "Inner", "Startup Cost": 50000000000.0, "Total Cost": 5000184312031.98, "Plan Rows": 1044, "Plan Width": 76, "Plans": [{"Node Type": "Nested Loop", "Parent Relationship": "Outer", "Join Type": "Inner", "Startup Cost": 50000000000.0, "Total Cost": 5000184312026.76, "Plan Rows": 1044, "Plan Width": 76, "Inner Unique": false, "Join Filter": "(mi.movie_id = t.id)", "Plans": [{"Node Type": "Index Scan", "Parent Relationship": "Outer", "Scan Direction": "Forward", "Index Name": "title_pkey", "Relation Name": "title", "Alias": "t", "Startup Cost": 10000000000.0, "Total Cost": 1000011012048.91, "Plan Rows": 2528311, "Plan Width": 21}, {"Node Type": "Materialize", "Parent Relationship": "Inner", "Startup Cost": 40000000000.0, "Total Cost": 4000133706630.2, "Plan Rows": 1044, "Plan Width": 55, "Plans": [{"Node Type": "Nested Loop", "Parent Relationship": "Outer", "Join Type": "Inner", "Startup Cost": 40000000000.0, "Total Cost": 4000133706624.98, "Plan Rows": 1044, "Plan Width": 55, "Inner Unique": false, "Join Filter": "(mi.movie_id = mi_idx.movie_id)", "Plans": [{"Node Type": "Nested Loop", "Parent Relationship": "Outer", "Join Type": "Inner", "Startup Cost": 20000000000.0, "Total Cost": 2000004672156.88, "Plan Rows": 345008, "Plan Width": 9, "Inner Unique": true, "Join Filter": "(it2.id = mi_idx.info_type_id), (LLVM Optimized)", "Plans": [{"Node Type": "Index Scan", "Parent Relationship": "Outer", "Scan Direction": "Forward", "Index Name": "movie_id_movie_info_idx", "Relation Name": "movie_info_idx", "Alias": "mi_idx", "Startup Cost": 10000000000.0, "Total Cost": 1000004650035.37, "Plan Rows": 1380034, "Plan Width": 13}, {"Node Type": "Materialize", "Parent Relationship": "Inner", "Startup Cost": 10000000000.0, "Total Cost": 1000000001421.0, "Plan Rows": 1, "Plan Width": 4, "Plans": [{"Node Type": "Index Scan", "Parent Relationship": "Outer", "Scan Direction": "Forward", "Index Name": "info_type_pkey", "Relation Name": "info_type", "Alias": "it2", "Startup Cost": 10000000000.0, "Total Cost": 1000000001421.0, "Plan Rows": 1, "Plan Width": 4, "Filter": "((info)::text = 'votes'::text)"}]}]}, {"Node Type": "Materialize", "Parent Relationship": "Inner", "Startup Cost": 20000000000.0, "Total Cost": 2000114973673.85, "Plan Rows": 2717, "Plan Width": 46, "Plans": [{"Node Type": "Nested Loop", "Parent Relationship": "Outer", "Join Type": "Inner", "Startup Cost": 20000000000.0, "Total Cost": 2000114973660.27, "Plan Rows": 2717, "Plan Width": 46, "Inner Unique": true, "Join Filter": "(it1.id = mi.info_type_id)", "Plans": [{"Node Type": "Index Scan", "Parent Relationship": "Outer", "Scan Direction": "Forward", "Index Name": "movie_id_movie_info", "Relation Name": "movie_info", "Alias": "mi", "Startup Cost": 10000000000.0, "Total Cost": 1000114969386.72, "Plan Rows": 190170, "Plan Width": 50, "Filter": "((info)::text = ANY ('{Horror,Action,Sci-Fi,Thriller,Crime,War}'::text[]))"}, {"Node Type": "Materialize", "Parent Relationship": "Inner", "Startup Cost": 10000000000.0, "Total Cost": 1000000001421.0, "Plan Rows": 1, "Plan Width": 4, "Plans": [{"Node Type": "Index Scan", "Parent Relationship": "Outer", "Scan Direction": "Forward", "Index Name": "info_type_pkey", "Relation Name": "info_type", "Alias": "it1", "Startup Cost": 10000000000.0, "Total Cost": 1000000001421.0, "Plan Rows": 1, "Plan Width": 4, "Filter": "((info)::text = 'genres'::text)"}]}]}]}]}]}]}]}]}]}]}]}, "Unique SQL Id": 3913857139, "Planner Runtime": 5}, "explain_analyze_plan": null}, "(1, 60)": {"explain_plan": {"Plan": {"Node Type": "Aggregate", "Strategy": "Plain", "Startup Cost": 384724.5, "Total Cost": 384724.51, "Plan Rows": 1, "Plan Width": 160, "Plans": [{"Node Type": "Nested Loop", "Parent Relationship": "Outer", "Join Type": "Inner", "Startup Cost": 0.0, "Total Cost": 384713.9, "Plan Rows": 1413, "Plan Width": 64, "Inner Unique": true, "Plans": [{"Node Type": "Nested Loop", "Parent Relationship": "Outer", "Join Type": "Inner", "Startup Cost": 0.0, "Total Cost": 384134.63, "Plan Rows": 1155, "Plan Width": 68, "Inner Unique": false, "Plans": [{"Node Type": "Nested Loop", "Parent Relationship": "Outer", "Join Type": "Inner", "Startup Cost": 0.0, "Total Cost": 383073.0, "Plan Rows": 1044, "Plan Width": 76, "Inner Unique": true, "Join Filter": "(mi.movie_id = t.id)", "Plans": [{"Node Type": "Nested Loop", "Parent Relationship": "Outer", "Join Type": "Inner", "Startup Cost": 0.0, "Total Cost": 382644.81, "Plan Rows": 1044, "Plan Width": 55, "Inner Unique": false, "Join Filter": "(mi.info_type_id = it1.id)", "Plans": [{"Node Type": "Seq Scan", "Parent Relationship": "Outer", "Relation Name": "info_type", "Alias": "it1", "Startup Cost": 0.0, "Total Cost": 2.4, "Plan Rows": 1, "Plan Width": 4, "Filter": "((info)::text = 'genres'::text)"}, {"Node Type": "Nested Loop", "Parent Relationship": "Inner", "Join Type": "Inner", "Startup Cost": 0.0, "Total Cost": 379779.55, "Plan Rows": 229029, "Plan Width": 59, "Inner Unique": false, "Plans": [{"Node Type": "Nested Loop", "Parent Relationship": "Outer", "Join Type": "Inner", "Startup Cost": 0.0, "Total Cost": 37527.17, "Plan Rows": 345008, "Plan Width": 9, "Inner Unique": false, "Join Filter": "(it2.id = mi_idx.info_type_id), (LLVM Optimized)", "Plans": [{"Node Type": "Seq Scan", "Parent Relationship": "Outer", "Relation Name": "info_type", "Alias": "it2", "Startup Cost": 0.0, "Total Cost": 2.4, "Plan Rows": 1, "Plan Width": 4, "Filter": "((info)::text = 'votes'::text)"}, {"Node Type": "Seq Scan", "Parent Relationship": "Inner", "Relation Name": "movie_info_idx", "Alias": "mi_idx", "Startup Cost": 0.0, "Total Cost": 20274.34, "Plan Rows": 1380034, "Plan Width": 13}]}, {"Node Type": "Index Scan", "Parent Relationship": "Inner", "Scan Direction": "Forward", "Index Name": "movie_id_movie_info", "Relation Name": "movie_info", "Alias": "mi", "Startup Cost": 0.0, "Total Cost": 0.98, "Plan Rows": 1, "Plan Width": 50, "Index Cond": "(movie_id = mi_idx.movie_id)", "Filter": "((info)::text = ANY ('{Horror,Action,Sci-Fi,Thriller,Crime,War}'::text[]))"}]}]}, {"Node Type": "Index Scan", "Parent Relationship": "Inner", "Scan Direction": "Forward", "Index Name": "title_pkey", "Relation Name": "title", "Alias": "t", "Startup Cost": 0.0, "Total Cost": 0.4, "Plan Rows": 1, "Plan Width": 21, "Index Cond": "(id = mi_idx.movie_id)"}]}, {"Node Type": "Index Scan", "Parent Relationship": "Inner", "Scan Direction": "Forward", "Index Name": "movie_id_cast_info", "Relation Name": "cast_info", "Alias": "ci", "Startup Cost": 0.0, "Total Cost": 1.01, "Plan Rows": 1, "Plan Width": 8, "Index Cond": "(movie_id = t.id)", "Filter": "((note)::text = ANY ('{(writer),\"(head writer)\",\"(written by)\",(story),\"(story editor)\"}'::text[]))"}]}, {"Node Type": "Index Scan", "Parent Relationship": "Inner", "Scan Direction": "Forward", "Index Name": "name_pkey", "Relation Name": "name", "Alias": "n", "Startup Cost": 0.0, "Total Cost": 0.49, "Plan Rows": 1, "Plan Width": 4, "Index Cond": "(id = ci.person_id)", "Filter": "((gender)::text = 'm'::text)"}]}]}, "Unique SQL Id": 3913857139, "Planner Runtime": 5}, "explain_analyze_plan": {"Plan": {"Node Type": "Aggregate", "Strategy": "Plain", "Startup Cost": 384724.5, "Total Cost": 384724.51, "Plan Rows": 1, "Plan Width": 160, "Actual Startup Time": 19134.754, "Actual Total Time": 19134.754, "Actual Rows": 1, "Actual Loops": 1, "Plans": [{"Node Type": "Nested Loop", "Parent Relationship": "Outer", "Join Type": "Inner", "Startup Cost": 0.0, "Total Cost": 384713.9, "Plan Rows": 1413, "Plan Width": 64, "Actual Startup Time": 30.26, "Actual Total Time": 19092.099, "Actual Rows": 28073, "Actual Loops": 1, "Inner Unique": true, "Plans": [{"Node Type": "Nested Loop", "Parent Relationship": "Outer", "Join Type": "Inner", "Startup Cost": 0.0, "Total Cost": 384134.63, "Plan Rows": 1155, "Plan Width": 68, "Actual Startup Time": 15.106, "Actual Total Time": 18688.382, "Actual Rows": 54155, "Actual Loops": 1, "Inner Unique": false, "Plans": [{"Node Type": "Nested Loop", "Parent Relationship": "Outer", "Join Type": "Inner", "Startup Cost": 0.0, "Total Cost": 383073.0, "Plan Rows": 1044, "Plan Width": 76, "Actual Startup Time": 0.873, "Actual Total Time": 10250.203, "Actual Rows": 102516, "Actual Loops": 1, "Inner Unique": true, "Join Filter": "(mi.movie_id = t.id)", "Rows Removed by Join Filter": 0, "Plans": [{"Node Type": "Nested Loop", "Parent Relationship": "Outer", "Join Type": "Inner", "Startup Cost": 0.0, "Total Cost": 382644.81, "Plan Rows": 1044, "Plan Width": 55, "Actual Startup Time": 0.857, "Actual Total Time": 9696.352, "Actual Rows": 102516, "Actual Loops": 1, "Inner Unique": false, "Join Filter": "(mi.info_type_id = it1.id)", "Rows Removed by Join Filter": 2376, "Plans": [{"Node Type": "Seq Scan", "Parent Relationship": "Outer", "Relation Name": "info_type", "Alias": "it1", "Startup Cost": 0.0, "Total Cost": 2.4, "Plan Rows": 1, "Plan Width": 4, "Actual Startup Time": 0.034, "Actual Total Time": 0.063, "Actual Rows": 1, "Actual Loops": 1, "Filter": "((info)::text = 'genres'::text)", "Rows Removed by Filter": 111}, {"Node Type": "Nested Loop", "Parent Relationship": "Inner", "Join Type": "Inner", "Startup Cost": 0.0, "Total Cost": 379779.55, "Plan Rows": 229029, "Plan Width": 59, "Actual Startup Time": 0.815, "Actual Total Time": 9651.833, "Actual Rows": 104892, "Actual Loops": 1, "Inner Unique": false, "Plans": [{"Node Type": "Nested Loop", "Parent Relationship": "Outer", "Join Type": "Inner", "Startup Cost": 0.0, "Total Cost": 37527.17, "Plan Rows": 345008, "Plan Width": 9, "Actual Startup Time": 0.078, "Actual Total Time": 692.748, "Actual Rows": 459925, "Actual Loops": 1, "Inner Unique": false, "Join Filter": "(it2.id = mi_idx.info_type_id), (LLVM Optimized, Jit Execute)", "Rows Removed by Join Filter": 920109, "Plans": [{"Node Type": "Seq Scan", "Parent Relationship": "Outer", "Relation Name": "info_type", "Alias": "it2", "Startup Cost": 0.0, "Total Cost": 2.4, "Plan Rows": 1, "Plan Width": 4, "Actual Startup Time": 0.042, "Actual Total Time": 0.054, "Actual Rows": 1, "Actual Loops": 1, "Filter": "((info)::text = 'votes'::text)", "Rows Removed by Filter": 111}, {"Node Type": "Seq Scan", "Parent Relationship": "Inner", "Relation Name": "movie_info_idx", "Alias": "mi_idx", "Startup Cost": 0.0, "Total Cost": 20274.34, "Plan Rows": 1380034, "Plan Width": 13, "Actual Startup Time": 0.031, "Actual Total Time": 333.525, "Actual Rows": 1380034, "Actual Loops": 1}]}, {"Node Type": "Index Scan", "Parent Relationship": "Inner", "Scan Direction": "Forward", "Index Name": "movie_id_movie_info", "Relation Name": "movie_info", "Alias": "mi", "Startup Cost": 0.0, "Total Cost": 0.98, "Plan Rows": 1, "Plan Width": 50, "Actual Startup Time": 8525.772, "Actual Total Time": 8684.956, "Actual Rows": 104892, "Actual Loops": 459925, "Index Cond": "(movie_id = mi_idx.movie_id)", "Rows Removed by Index Recheck": 0, "Filter": "((info)::text = ANY ('{Horror,Action,Sci-Fi,Thriller,Crime,War}'::text[]))", "Rows Removed by Filter": 6825442}]}]}, {"Node Type": "Index Scan", "Parent Relationship": "Inner", "Scan Direction": "Forward", "Index Name": "title_pkey", "Relation Name": "title", "Alias": "t", "Startup Cost": 0.0, "Total Cost": 0.4, "Plan Rows": 1, "Plan Width": 21, "Actual Startup Time": 442.617, "Actual Total Time": 442.617, "Actual Rows": 102516, "Actual Loops": 102516, "Index Cond": "(id = mi_idx.movie_id)", "Rows Removed by Index Recheck": 0}]}, {"Node Type": "Index Scan", "Parent Relationship": "Inner", "Scan Direction": "Forward", "Index Name": "movie_id_cast_info", "Relation Name": "cast_info", "Alias": "ci", "Startup Cost": 0.0, "Total Cost": 1.01, "Plan Rows": 1, "Plan Width": 8, "Actual Startup Time": 7136.35, "Actual Total Time": 8367.267, "Actual Rows": 54155, "Actual Loops": 102516, "Index Cond": "(movie_id = t.id)", "Rows Removed by Index Recheck": 0, "Filter": "((note)::text = ANY ('{(writer),\"(head writer)\",\"(written by)\",(story),\"(story editor)\"}'::text[]))", "Rows Removed by Filter": 3987641}]}, {"Node Type": "Index Scan", "Parent Relationship": "Inner", "Scan Direction": "Forward", "Index Name": "name_pkey", "Relation Name": "name", "Alias": "n", "Startup Cost": 0.0, "Total Cost": 0.49, "Plan Rows": 1, "Plan Width": 4, "Actual Startup Time": 358.289, "Actual Total Time": 358.289, "Actual Rows": 28073, "Actual Loops": 54155, "Index Cond": "(id = ci.person_id)", "Rows Removed by Index Recheck": 0, "Filter": "((gender)::text = 'm'::text)", "Rows Removed by Filter": 26082}]}]}, "Triggers": [], "Planner Runtime": 5, "Total Runtime": 19143.567, "Unique SQL Id": 3913857139}}, "(1, 61)": {"explain_plan": {"Plan": {"Node Type": "Aggregate", "Strategy": "Plain", "Startup Cost": 385547.34, "Total Cost": 385547.35, "Plan Rows": 1, "Plan Width": 160, "Plans": [{"Node Type": "Nested Loop", "Parent Relationship": "Outer", "Join Type": "Inner", "Startup Cost": 0.0, "Total Cost": 385536.75, "Plan Rows": 1413, "Plan Width": 64, "Inner Unique": true, "Plans": [{"Node Type": "Nested Loop", "Parent Relationship": "Outer", "Join Type": "Inner", "Startup Cost": 0.0, "Total Cost": 384957.48, "Plan Rows": 1155, "Plan Width": 68, "Inner Unique": false, "Plans": [{"Node Type": "Nested Loop", "Parent Relationship": "Outer", "Join Type": "Inner", "Startup Cost": 0.0, "Total Cost": 383895.85, "Plan Rows": 1044, "Plan Width": 76, "Inner Unique": true, "Join Filter": "(mi.movie_id = t.id)", "Plans": [{"Node Type": "Nested Loop", "Parent Relationship": "Outer", "Join Type": "Inner", "Startup Cost": 0.0, "Total Cost": 383467.66, "Plan Rows": 1044, "Plan Width": 55, "Inner Unique": false, "Join Filter": "(mi.info_type_id = it1.id)", "Plans": [{"Node Type": "Index Scan", "Parent Relationship": "Outer", "Scan Direction": "Forward", "Index Name": "info_type_pkey", "Relation Name": "info_type", "Alias": "it1", "Startup Cost": 0.0, "Total Cost": 14.21, "Plan Rows": 1, "Plan Width": 4, "Filter": "((info)::text = 'genres'::text)"}, {"Node Type": "Nested Loop", "Parent Relationship": "Inner", "Join Type": "Inner", "Startup Cost": 0.0, "Total Cost": 380590.58, "Plan Rows": 229029, "Plan Width": 59, "Inner Unique": false, "Plans": [{"Node Type": "Nested Loop", "Parent Relationship": "Outer", "Join Type": "Inner", "Startup Cost": 0.0, "Total Cost": 38338.2, "Plan Rows": 345008, "Plan Width": 9, "Inner Unique": false, "Plans": [{"Node Type": "Index Scan", "Parent Relationship": "Outer", "Scan Direction": "Forward", "Index Name": "info_type_pkey", "Relation Name": "info_type", "Alias": "it2", "Startup Cost": 0.0, "Total Cost": 14.21, "Plan Rows": 1, "Plan Width": 4, "Filter": "((info)::text = 'votes'::text)"}, {"Node Type": "Index Scan", "Parent Relationship": "Inner", "Scan Direction": "Forward", "Index Name": "info_type_id_movie_info_idx", "Relation Name": "movie_info_idx", "Alias": "mi_idx", "Startup Cost": 0.0, "Total Cost": 34873.91, "Plan Rows": 345008, "Plan Width": 13, "Index Cond": "(info_type_id = it2.id), (LLVM Optimized)"}]}, {"Node Type": "Index Scan", "Parent Relationship": "Inner", "Scan Direction": "Forward", "Index Name": "movie_id_movie_info", "Relation Name": "movie_info", "Alias": "mi", "Startup Cost": 0.0, "Total Cost": 0.98, "Plan Rows": 1, "Plan Width": 50, "Index Cond": "(movie_id = mi_idx.movie_id)", "Filter": "((info)::text = ANY ('{Horror,Action,Sci-Fi,Thriller,Crime,War}'::text[]))"}]}]}, {"Node Type": "Index Scan", "Parent Relationship": "Inner", "Scan Direction": "Forward", "Index Name": "title_pkey", "Relation Name": "title", "Alias": "t", "Startup Cost": 0.0, "Total Cost": 0.4, "Plan Rows": 1, "Plan Width": 21, "Index Cond": "(id = mi_idx.movie_id)"}]}, {"Node Type": "Index Scan", "Parent Relationship": "Inner", "Scan Direction": "Forward", "Index Name": "movie_id_cast_info", "Relation Name": "cast_info", "Alias": "ci", "Startup Cost": 0.0, "Total Cost": 1.01, "Plan Rows": 1, "Plan Width": 8, "Index Cond": "(movie_id = t.id)", "Filter": "((note)::text = ANY ('{(writer),\"(head writer)\",\"(written by)\",(story),\"(story editor)\"}'::text[]))"}]}, {"Node Type": "Index Scan", "Parent Relationship": "Inner", "Scan Direction": "Forward", "Index Name": "name_pkey", "Relation Name": "name", "Alias": "n", "Startup Cost": 0.0, "Total Cost": 0.49, "Plan Rows": 1, "Plan Width": 4, "Index Cond": "(id = ci.person_id)", "Filter": "((gender)::text = 'm'::text)"}]}]}, "Unique SQL Id": 3913857139, "Planner Runtime": 5}, "explain_analyze_plan": {"Plan": {"Node Type": "Aggregate", "Strategy": "Plain", "Startup Cost": 385547.34, "Total Cost": 385547.35, "Plan Rows": 1, "Plan Width": 160, "Actual Startup Time": 19858.278, "Actual Total Time": 19858.279, "Actual Rows": 1, "Actual Loops": 1, "Plans": [{"Node Type": "Nested Loop", "Parent Relationship": "Outer", "Join Type": "Inner", "Startup Cost": 0.0, "Total Cost": 385536.75, "Plan Rows": 1413, "Plan Width": 64, "Actual Startup Time": 29.537, "Actual Total Time": 19816.621, "Actual Rows": 28073, "Actual Loops": 1, "Inner Unique": true, "Plans": [{"Node Type": "Nested Loop", "Parent Relationship": "Outer", "Join Type": "Inner", "Startup Cost": 0.0, "Total Cost": 384957.48, "Plan Rows": 1155, "Plan Width": 68, "Actual Startup Time": 14.824, "Actual Total Time": 19381.185, "Actual Rows": 54155, "Actual Loops": 1, "Inner Unique": false, "Plans": [{"Node Type": "Nested Loop", "Parent Relationship": "Outer", "Join Type": "Inner", "Startup Cost": 0.0, "Total Cost": 383895.85, "Plan Rows": 1044, "Plan Width": 76, "Actual Startup Time": 0.924, "Actual Total Time": 10116.383, "Actual Rows": 102516, "Actual Loops": 1, "Inner Unique": true, "Join Filter": "(mi.movie_id = t.id)", "Rows Removed by Join Filter": 0, "Plans": [{"Node Type": "Nested Loop", "Parent Relationship": "Outer", "Join Type": "Inner", "Startup Cost": 0.0, "Total Cost": 383467.66, "Plan Rows": 1044, "Plan Width": 55, "Actual Startup Time": 0.913, "Actual Total Time": 9535.918, "Actual Rows": 102516, "Actual Loops": 1, "Inner Unique": false, "Join Filter": "(mi.info_type_id = it1.id)", "Rows Removed by Join Filter": 2376, "Plans": [{"Node Type": "Index Scan", "Parent Relationship": "Outer", "Scan Direction": "Forward", "Index Name": "info_type_pkey", "Relation Name": "info_type", "Alias": "it1", "Startup Cost": 0.0, "Total Cost": 14.21, "Plan Rows": 1, "Plan Width": 4, "Actual Startup Time": 0.027, "Actual Total Time": 0.081, "Actual Rows": 1, "Actual Loops": 1, "Filter": "((info)::text = 'genres'::text)", "Rows Removed by Filter": 111}, {"Node Type": "Nested Loop", "Parent Relationship": "Inner", "Join Type": "Inner", "Startup Cost": 0.0, "Total Cost": 380590.58, "Plan Rows": 229029, "Plan Width": 59, "Actual Startup Time": 0.88, "Actual Total Time": 9495.878, "Actual Rows": 104892, "Actual Loops": 1, "Inner Unique": false, "Plans": [{"Node Type": "Nested Loop", "Parent Relationship": "Outer", "Join Type": "Inner", "Startup Cost": 0.0, "Total Cost": 38338.2, "Plan Rows": 345008, "Plan Width": 9, "Actual Startup Time": 0.188, "Actual Total Time": 443.881, "Actual Rows": 459925, "Actual Loops": 1, "Inner Unique": false, "Plans": [{"Node Type": "Index Scan", "Parent Relationship": "Outer", "Scan Direction": "Forward", "Index Name": "info_type_pkey", "Relation Name": "info_type", "Alias": "it2", "Startup Cost": 0.0, "Total Cost": 14.21, "Plan Rows": 1, "Plan Width": 4, "Actual Startup Time": 0.054, "Actual Total Time": 0.069, "Actual Rows": 1, "Actual Loops": 1, "Filter": "((info)::text = 'votes'::text)", "Rows Removed by Filter": 111}, {"Node Type": "Index Scan", "Parent Relationship": "Inner", "Scan Direction": "Forward", "Index Name": "info_type_id_movie_info_idx", "Relation Name": "movie_info_idx", "Alias": "mi_idx", "Startup Cost": 0.0, "Total Cost": 34873.91, "Plan Rows": 345008, "Plan Width": 13, "Actual Startup Time": 0.131, "Actual Total Time": 332.33, "Actual Rows": 459925, "Actual Loops": 1, "Index Cond": "(info_type_id = it2.id), (LLVM Optimized, Jit Execute)", "Rows Removed by Index Recheck": 0}]}, {"Node Type": "Index Scan", "Parent Relationship": "Inner", "Scan Direction": "Forward", "Index Name": "movie_id_movie_info", "Relation Name": "movie_info", "Alias": "mi", "Startup Cost": 0.0, "Total Cost": 0.98, "Plan Rows": 1, "Plan Width": 50, "Actual Startup Time": 8619.521, "Actual Total Time": 8782.765, "Actual Rows": 104892, "Actual Loops": 459925, "Index Cond": "(movie_id = mi_idx.movie_id)", "Rows Removed by Index Recheck": 0, "Filter": "((info)::text = ANY ('{Horror,Action,Sci-Fi,Thriller,Crime,War}'::text[]))", "Rows Removed by Filter": 6825442}]}]}, {"Node Type": "Index Scan", "Parent Relationship": "Inner", "Scan Direction": "Forward", "Index Name": "title_pkey", "Relation Name": "title", "Alias": "t", "Startup Cost": 0.0, "Total Cost": 0.4, "Plan Rows": 1, "Plan Width": 21, "Actual Startup Time": 466.75, "Actual Total Time": 466.75, "Actual Rows": 102516, "Actual Loops": 102516, "Index Cond": "(id = mi_idx.movie_id)", "Rows Removed by Index Recheck": 0}]}, {"Node Type": "Index Scan", "Parent Relationship": "Inner", "Scan Direction": "Forward", "Index Name": "movie_id_cast_info", "Relation Name": "cast_info", "Alias": "ci", "Startup Cost": 0.0, "Total Cost": 1.01, "Plan Rows": 1, "Plan Width": 8, "Actual Startup Time": 7837.555, "Actual Total Time": 9194.417, "Actual Rows": 54155, "Actual Loops": 102516, "Index Cond": "(movie_id = t.id)", "Rows Removed by Index Recheck": 0, "Filter": "((note)::text = ANY ('{(writer),\"(head writer)\",\"(written by)\",(story),\"(story editor)\"}'::text[]))", "Rows Removed by Filter": 3987641}]}, {"Node Type": "Index Scan", "Parent Relationship": "Inner", "Scan Direction": "Forward", "Index Name": "name_pkey", "Relation Name": "name", "Alias": "n", "Startup Cost": 0.0, "Total Cost": 0.49, "Plan Rows": 1, "Plan Width": 4, "Actual Startup Time": 390.023, "Actual Total Time": 390.023, "Actual Rows": 28073, "Actual Loops": 54155, "Index Cond": "(id = ci.person_id)", "Rows Removed by Index Recheck": 0, "Filter": "((gender)::text = 'm'::text)", "Rows Removed by Filter": 26082}]}]}, "Triggers": [], "Planner Runtime": 5, "Total Runtime": 19868.04, "Unique SQL Id": 3913857139}}, "(1, 62)": {"explain_plan": {"Plan": {"Node Type": "Aggregate", "Strategy": "Plain", "Startup Cost": 104407117.09, "Total Cost": 104407117.11, "Plan Rows": 1, "Plan Width": 160, "Plans": [{"Node Type": "Nested Loop", "Parent Relationship": "Outer", "Join Type": "Inner", "Startup Cost": 0.0, "Total Cost": 104407106.5, "Plan Rows": 1413, "Plan Width": 64, "Inner Unique": false, "Join Filter": "(ci.person_id = n.id)", "Plans": [{"Node Type": "Seq Scan", "Parent Relationship": "Outer", "Relation Name": "name", "Alias": "n", "Startup Cost": 0.0, "Total Cost": 103490.62, "Plan Rows": 1740714, "Plan Width": 4, "Filter": "((gender)::text = 'm'::text), (LLVM Optimized)"}, {"Node Type": "Materialize", "Parent Relationship": "Inner", "Startup Cost": 0.0, "Total Cost": 74145748.71, "Plan Rows": 1155, "Plan Width": 68, "Plans": [{"Node Type": "Nested Loop", "Parent Relationship": "Outer", "Join Type": "Inner", "Startup Cost": 0.0, "Total Cost": 74145742.94, "Plan Rows": 1155, "Plan Width": 68, "Inner Unique": false, "Join Filter": "(t.id = ci.movie_id)", "Plans": [{"Node Type": "Seq Scan", "Parent Relationship": "Outer", "Relation Name": "cast_info", "Alias": "ci", "Startup Cost": 0.0, "Total Cost": 828499.78, "Plan Rows": 1223154, "Plan Width": 8, "Filter": "((note)::text = ANY ('{(writer),\"(head writer)\",\"(written by)\",(story),\"(story editor)\"}'::text[]))"}, {"Node Type": "Materialize", "Parent Relationship": "Inner", "Startup Cost": 0.0, "Total Cost": 54162654.13, "Plan Rows": 1044, "Plan Width": 76, "Plans": [{"Node Type": "Nested Loop", "Parent Relationship": "Outer", "Join Type": "Inner", "Startup Cost": 0.0, "Total Cost": 54162648.91, "Plan Rows": 1044, "Plan Width": 76, "Inner Unique": false, "Join Filter": "(mi.movie_id = t.id)", "Plans": [{"Node Type": "Seq Scan", "Parent Relationship": "Outer", "Relation Name": "title", "Alias": "t", "Startup Cost": 0.0, "Total Cost": 60069.11, "Plan Rows": 2528311, "Plan Width": 21}, {"Node Type": "Materialize", "Parent Relationship": "Inner", "Startup Cost": 0.0, "Total Cost": 14509232.15, "Plan Rows": 1044, "Plan Width": 55, "Plans": [{"Node Type": "Nested Loop", "Parent Relationship": "Outer", "Join Type": "Inner", "Startup Cost": 0.0, "Total Cost": 14509226.93, "Plan Rows": 1044, "Plan Width": 55, "Inner Unique": false, "Join Filter": "(mi.movie_id = mi_idx.movie_id)", "Plans": [{"Node Type": "Nested Loop", "Parent Relationship": "Outer", "Join Type": "Inner", "Startup Cost": 0.0, "Total Cost": 37527.17, "Plan Rows": 345008, "Plan Width": 9, "Inner Unique": false, "Join Filter": "(it2.id = mi_idx.info_type_id), (LLVM Optimized)", "Plans": [{"Node Type": "Seq Scan", "Parent Relationship": "Outer", "Relation Name": "info_type", "Alias": "it2", "Startup Cost": 0.0, "Total Cost": 2.4, "Plan Rows": 1, "Plan Width": 4, "Filter": "((info)::text = 'votes'::text)"}, {"Node Type": "Seq Scan", "Parent Relationship": "Inner", "Relation Name": "movie_info_idx", "Alias": "mi_idx", "Startup Cost": 0.0, "Total Cost": 20274.34, "Plan Rows": 1380034, "Plan Width": 13}]}, {"Node Type": "Materialize", "Parent Relationship": "Inner", "Startup Cost": 0.0, "Total Cost": 410905.52, "Plan Rows": 2717, "Plan Width": 46, "Plans": [{"Node Type": "Nested Loop", "Parent Relationship": "Outer", "Join Type": "Inner", "Startup Cost": 0.0, "Total Cost": 410891.93, "Plan Rows": 2717, "Plan Width": 46, "Inner Unique": false, "Join Filter": "(it1.id = mi.info_type_id)", "Plans": [{"Node Type": "Seq Scan", "Parent Relationship": "Outer", "Relation Name": "info_type", "Alias": "it1", "Startup Cost": 0.0, "Total Cost": 2.4, "Plan Rows": 1, "Plan Width": 4, "Filter": "((info)::text = 'genres'::text)"}, {"Node Type": "Seq Scan", "Parent Relationship": "Inner", "Relation Name": "movie_info", "Alias": "mi", "Startup Cost": 0.0, "Total Cost": 408512.41, "Plan Rows": 190170, "Plan Width": 50, "Filter": "((info)::text = ANY ('{Horror,Action,Sci-Fi,Thriller,Crime,War}'::text[]))"}]}]}]}]}]}]}]}]}]}]}, "Unique SQL Id": 3913857139, "Planner Runtime": 5}, "explain_analyze_plan": null}, "(1, 63)": {"explain_plan": {"Plan": {"Node Type": "Aggregate", "Strategy": "Plain", "Startup Cost": 7000445600668.71, "Total Cost": 7000445600668.72, "Plan Rows": 1, "Plan Width": 160, "Plans": [{"Node Type": "Nested Loop", "Parent Relationship": "Outer", "Join Type": "Inner", "Startup Cost": 70000000000.0, "Total Cost": 7000445600658.11, "Plan Rows": 1413, "Plan Width": 64, "Inner Unique": false, "Join Filter": "(ci.person_id = n.id)", "Plans": [{"Node Type": "Index Scan", "Parent Relationship": "Outer", "Scan Direction": "Forward", "Index Name": "name_pkey", "Relation Name": "name", "Alias": "n", "Startup Cost": 10000000000.0, "Total Cost": 1000018665147.2, "Plan Rows": 1740714, "Plan Width": 4, "Filter": "((gender)::text = 'm'::text), (LLVM Optimized)"}, {"Node Type": "Materialize", "Parent Relationship": "Inner", "Startup Cost": 60000000000.0, "Total Cost": 6000396777643.75, "Plan Rows": 1155, "Plan Width": 68, "Plans": [{"Node Type": "Nested Loop", "Parent Relationship": "Outer", "Join Type": "Inner", "Startup Cost": 60000000000.0, "Total Cost": 6000396777637.97, "Plan Rows": 1155, "Plan Width": 68, "Inner Unique": false, "Join Filter": "(t.id = ci.movie_id)", "Plans": [{"Node Type": "Index Scan", "Parent Relationship": "Outer", "Scan Direction": "Forward", "Index Name": "person_id_cast_info", "Relation Name": "cast_info", "Alias": "ci", "Startup Cost": 10000000000.0, "Total Cost": 1000193311016.96, "Plan Rows": 1223154, "Plan Width": 8, "Filter": "((note)::text = ANY ('{(writer),\"(head writer)\",\"(written by)\",(story),\"(story editor)\"}'::text[]))"}, {"Node Type": "Materialize", "Parent Relationship": "Inner", "Startup Cost": 50000000000.0, "Total Cost": 5000184312031.98, "Plan Rows": 1044, "Plan Width": 76, "Plans": [{"Node Type": "Nested Loop", "Parent Relationship": "Outer", "Join Type": "Inner", "Startup Cost": 50000000000.0, "Total Cost": 5000184312026.76, "Plan Rows": 1044, "Plan Width": 76, "Inner Unique": false, "Join Filter": "(mi.movie_id = t.id)", "Plans": [{"Node Type": "Index Scan", "Parent Relationship": "Outer", "Scan Direction": "Forward", "Index Name": "title_pkey", "Relation Name": "title", "Alias": "t", "Startup Cost": 10000000000.0, "Total Cost": 1000011012048.91, "Plan Rows": 2528311, "Plan Width": 21}, {"Node Type": "Materialize", "Parent Relationship": "Inner", "Startup Cost": 40000000000.0, "Total Cost": 4000133706630.2, "Plan Rows": 1044, "Plan Width": 55, "Plans": [{"Node Type": "Nested Loop", "Parent Relationship": "Outer", "Join Type": "Inner", "Startup Cost": 40000000000.0, "Total Cost": 4000133706624.98, "Plan Rows": 1044, "Plan Width": 55, "Inner Unique": false, "Join Filter": "(mi.movie_id = mi_idx.movie_id)", "Plans": [{"Node Type": "Nested Loop", "Parent Relationship": "Outer", "Join Type": "Inner", "Startup Cost": 20000000000.0, "Total Cost": 2000004672156.88, "Plan Rows": 345008, "Plan Width": 9, "Inner Unique": true, "Join Filter": "(it2.id = mi_idx.info_type_id), (LLVM Optimized)", "Plans": [{"Node Type": "Index Scan", "Parent Relationship": "Outer", "Scan Direction": "Forward", "Index Name": "movie_id_movie_info_idx", "Relation Name": "movie_info_idx", "Alias": "mi_idx", "Startup Cost": 10000000000.0, "Total Cost": 1000004650035.37, "Plan Rows": 1380034, "Plan Width": 13}, {"Node Type": "Materialize", "Parent Relationship": "Inner", "Startup Cost": 10000000000.0, "Total Cost": 1000000001421.0, "Plan Rows": 1, "Plan Width": 4, "Plans": [{"Node Type": "Index Scan", "Parent Relationship": "Outer", "Scan Direction": "Forward", "Index Name": "info_type_pkey", "Relation Name": "info_type", "Alias": "it2", "Startup Cost": 10000000000.0, "Total Cost": 1000000001421.0, "Plan Rows": 1, "Plan Width": 4, "Filter": "((info)::text = 'votes'::text)"}]}]}, {"Node Type": "Materialize", "Parent Relationship": "Inner", "Startup Cost": 20000000000.0, "Total Cost": 2000114973673.85, "Plan Rows": 2717, "Plan Width": 46, "Plans": [{"Node Type": "Nested Loop", "Parent Relationship": "Outer", "Join Type": "Inner", "Startup Cost": 20000000000.0, "Total Cost": 2000114973660.27, "Plan Rows": 2717, "Plan Width": 46, "Inner Unique": true, "Join Filter": "(it1.id = mi.info_type_id)", "Plans": [{"Node Type": "Index Scan", "Parent Relationship": "Outer", "Scan Direction": "Forward", "Index Name": "movie_id_movie_info", "Relation Name": "movie_info", "Alias": "mi", "Startup Cost": 10000000000.0, "Total Cost": 1000114969386.72, "Plan Rows": 190170, "Plan Width": 50, "Filter": "((info)::text = ANY ('{Horror,Action,Sci-Fi,Thriller,Crime,War}'::text[]))"}, {"Node Type": "Materialize", "Parent Relationship": "Inner", "Startup Cost": 10000000000.0, "Total Cost": 1000000001421.0, "Plan Rows": 1, "Plan Width": 4, "Plans": [{"Node Type": "Index Scan", "Parent Relationship": "Outer", "Scan Direction": "Forward", "Index Name": "info_type_pkey", "Relation Name": "info_type", "Alias": "it1", "Startup Cost": 10000000000.0, "Total Cost": 1000000001421.0, "Plan Rows": 1, "Plan Width": 4, "Filter": "((info)::text = 'genres'::text)"}]}]}]}]}]}]}]}]}]}]}]}, "Unique SQL Id": 3913857139, "Planner Runtime": 4}, "explain_analyze_plan": null}, "(1, 64)": {"explain_plan": {"Plan": {"Node Type": "Aggregate", "Strategy": "Plain", "Startup Cost": 169719.32, "Total Cost": 169719.33, "Plan Rows": 1, "Plan Width": 160, "Plans": [{"Node Type": "Nested Loop", "Parent Relationship": "Outer", "Join Type": "Inner", "Startup Cost": 4842.14, "Total Cost": 169708.72, "Plan Rows": 1413, "Plan Width": 64, "Inner Unique": true, "Plans": [{"Node Type": "Nested Loop", "Parent Relationship": "Outer", "Join Type": "Inner", "Startup Cost": 4842.14, "Total Cost": 169129.45, "Plan Rows": 1155, "Plan Width": 68, "Inner Unique": false, "Plans": [{"Node Type": "Nested Loop", "Parent Relationship": "Outer", "Join Type": "Inner", "Startup Cost": 4842.14, "Total Cost": 168067.82, "Plan Rows": 1044, "Plan Width": 76, "Inner Unique": true, "Join Filter": "(mi.movie_id = t.id)", "Plans": [{"Node Type": "Nested Loop", "Parent Relationship": "Outer", "Join Type": "Inner", "Startup Cost": 4842.14, "Total Cost": 167639.63, "Plan Rows": 1044, "Plan Width": 55, "Inner Unique": true, "Plans": [{"Node Type": "Nested Loop", "Parent Relationship": "Outer", "Join Type": "Inner", "Startup Cost": 4842.14, "Total Cost": 166460.15, "Plan Rows": 4175, "Plan Width": 59, "Inner Unique": false, "Plans": [{"Node Type": "Nested Loop", "Parent Relationship": "Outer", "Join Type": "Inner", "Startup Cost": 4842.14, "Total Cost": 164972.1, "Plan Rows": 2717, "Plan Width": 46, "Inner Unique": false, "Plans": [{"Node Type": "Seq Scan", "Parent Relationship": "Outer", "Relation Name": "info_type", "Alias": "it1", "Startup Cost": 0.0, "Total Cost": 2.4, "Plan Rows": 1, "Plan Width": 4, "Filter": "((info)::text = 'genres'::text)"}, {"Node Type": "Bitmap Heap Scan", "Parent Relationship": "Inner", "Relation Name": "movie_info", "Alias": "mi", "Startup Cost": 4842.14, "Total Cost": 164942.53, "Plan Rows": 2717, "Plan Width": 50, "Recheck Cond": "(info_type_id = it1.id)", "Filter": "((info)::text = ANY ('{Horror,Action,Sci-Fi,Thriller,Crime,War}'::text[]))", "Plans": [{"Node Type": "Bitmap Index Scan", "Parent Relationship": "Outer", "Index Name": "info_type_id_movie_info", "Startup Cost": 0.0, "Total Cost": 4841.46, "Plan Rows": 212428, "Plan Width": 0, "Index Cond": "(info_type_id = it1.id)"}]}]}, {"Node Type": "Index Scan", "Parent Relationship": "Inner", "Scan Direction": "Forward", "Index Name": "movie_id_movie_info_idx", "Relation Name": "movie_info_idx", "Alias": "mi_idx", "Startup Cost": 0.0, "Total Cost": 0.53, "Plan Rows": 2, "Plan Width": 13, "Index Cond": "(movie_id = mi.movie_id)"}]}, {"Node Type": "Index Scan", "Parent Relationship": "Inner", "Scan Direction": "Forward", "Index Name": "info_type_pkey", "Relation Name": "info_type", "Alias": "it2", "Startup Cost": 0.0, "Total Cost": 0.27, "Plan Rows": 1, "Plan Width": 4, "Index Cond": "(id = mi_idx.info_type_id)", "Filter": "((info)::text = 'votes'::text)"}]}, {"Node Type": "Index Scan", "Parent Relationship": "Inner", "Scan Direction": "Forward", "Index Name": "title_pkey", "Relation Name": "title", "Alias": "t", "Startup Cost": 0.0, "Total Cost": 0.4, "Plan Rows": 1, "Plan Width": 21, "Index Cond": "(id = mi_idx.movie_id)"}]}, {"Node Type": "Index Scan", "Parent Relationship": "Inner", "Scan Direction": "Forward", "Index Name": "movie_id_cast_info", "Relation Name": "cast_info", "Alias": "ci", "Startup Cost": 0.0, "Total Cost": 1.01, "Plan Rows": 1, "Plan Width": 8, "Index Cond": "(movie_id = t.id)", "Filter": "((note)::text = ANY ('{(writer),\"(head writer)\",\"(written by)\",(story),\"(story editor)\"}'::text[]))"}]}, {"Node Type": "Index Scan", "Parent Relationship": "Inner", "Scan Direction": "Forward", "Index Name": "name_pkey", "Relation Name": "name", "Alias": "n", "Startup Cost": 0.0, "Total Cost": 0.49, "Plan Rows": 1, "Plan Width": 4, "Index Cond": "(id = ci.person_id)", "Filter": "((gender)::text = 'm'::text)"}]}]}, "Unique SQL Id": 3913857139, "Planner Runtime": 27}, "explain_analyze_plan": {"Plan": {"Node Type": "Aggregate", "Strategy": "Plain", "Startup Cost": 169719.32, "Total Cost": 169719.33, "Plan Rows": 1, "Plan Width": 160, "Actual Startup Time": 12425.201, "Actual Total Time": 12425.201, "Actual Rows": 1, "Actual Loops": 1, "Plans": [{"Node Type": "Nested Loop", "Parent Relationship": "Outer", "Join Type": "Inner", "Startup Cost": 4842.14, "Total Cost": 169708.72, "Plan Rows": 1413, "Plan Width": 64, "Actual Startup Time": 182.508, "Actual Total Time": 12386.605, "Actual Rows": 28073, "Actual Loops": 1, "Inner Unique": true, "Plans": [{"Node Type": "Nested Loop", "Parent Relationship": "Outer", "Join Type": "Inner", "Startup Cost": 4842.14, "Total Cost": 169129.45, "Plan Rows": 1155, "Plan Width": 68, "Actual Startup Time": 180.067, "Actual Total Time": 11975.337, "Actual Rows": 54155, "Actual Loops": 1, "Inner Unique": false, "Plans": [{"Node Type": "Nested Loop", "Parent Relationship": "Outer", "Join Type": "Inner", "Startup Cost": 4842.14, "Total Cost": 168067.82, "Plan Rows": 1044, "Plan Width": 76, "Actual Startup Time": 177.132, "Actual Total Time": 3352.359, "Actual Rows": 102516, "Actual Loops": 1, "Inner Unique": true, "Join Filter": "(mi.movie_id = t.id)", "Rows Removed by Join Filter": 0, "Plans": [{"Node Type": "Nested Loop", "Parent Relationship": "Outer", "Join Type": "Inner", "Startup Cost": 4842.14, "Total Cost": 167639.63, "Plan Rows": 1044, "Plan Width": 55, "Actual Startup Time": 177.112, "Actual Total Time": 2799.396, "Actual Rows": 102516, "Actual Loops": 1, "Inner Unique": true, "Plans": [{"Node Type": "Nested Loop", "Parent Relationship": "Outer", "Join Type": "Inner", "Startup Cost": 4842.14, "Total Cost": 166460.15, "Plan Rows": 4175, "Plan Width": 59, "Actual Startup Time": 177.089, "Actual Total Time": 2010.966, "Actual Rows": 307785, "Actual Loops": 1, "Inner Unique": false, "Plans": [{"Node Type": "Nested Loop", "Parent Relationship": "Outer", "Join Type": "Inner", "Startup Cost": 4842.14, "Total Cost": 164972.1, "Plan Rows": 2717, "Plan Width": 46, "Actual Startup Time": 177.055, "Actual Total Time": 1166.017, "Actual Rows": 186594, "Actual Loops": 1, "Inner Unique": false, "Plans": [{"Node Type": "Seq Scan", "Parent Relationship": "Outer", "Relation Name": "info_type", "Alias": "it1", "Startup Cost": 0.0, "Total Cost": 2.4, "Plan Rows": 1, "Plan Width": 4, "Actual Startup Time": 0.039, "Actual Total Time": 0.079, "Actual Rows": 1, "Actual Loops": 1, "Filter": "((info)::text = 'genres'::text)", "Rows Removed by Filter": 111}, {"Node Type": "Bitmap Heap Scan", "Parent Relationship": "Inner", "Relation Name": "movie_info", "Alias": "mi", "Startup Cost": 4842.14, "Total Cost": 164942.53, "Plan Rows": 2717, "Plan Width": 50, "Actual Startup Time": 177.011, "Actual Total Time": 1121.209, "Actual Rows": 186594, "Actual Loops": 1, "Recheck Cond": "(info_type_id = it1.id)", "Rows Removed by Index Recheck": 0, "Filter": "((info)::text = ANY ('{Horror,Action,Sci-Fi,Thriller,Crime,War}'::text[]))", "Rows Removed by Filter": 1347315, "Exact Heap Blocks": 7426, "Lossy Heap Blocks": 7426, "Plans": [{"Node Type": "Bitmap Index Scan", "Parent Relationship": "Outer", "Index Name": "info_type_id_movie_info", "Startup Cost": 0.0, "Total Cost": 4841.46, "Plan Rows": 212428, "Plan Width": 0, "Actual Startup Time": 175.597, "Actual Total Time": 175.597, "Actual Rows": 1533909, "Actual Loops": 1, "Index Cond": "(info_type_id = it1.id)"}]}]}, {"Node Type": "Index Scan", "Parent Relationship": "Inner", "Scan Direction": "Forward", "Index Name": "movie_id_movie_info_idx", "Relation Name": "movie_info_idx", "Alias": "mi_idx", "Startup Cost": 0.0, "Total Cost": 0.53, "Plan Rows": 2, "Plan Width": 13, "Actual Startup Time": 550.327, "Actual Total Time": 673.543, "Actual Rows": 307785, "Actual Loops": 186594, "Index Cond": "(movie_id = mi.movie_id)", "Rows Removed by Index Recheck": 0}]}, {"Node Type": "Index Scan", "Parent Relationship": "Inner", "Scan Direction": "Forward", "Index Name": "info_type_pkey", "Relation Name": "info_type", "Alias": "it2", "Startup Cost": 0.0, "Total Cost": 0.27, "Plan Rows": 1, "Plan Width": 4, "Actual Startup Time": 601.71, "Actual Total Time": 601.71, "Actual Rows": 102516, "Actual Loops": 307785, "Index Cond": "(id = mi_idx.info_type_id)", "Rows Removed by Index Recheck": 0, "Filter": "((info)::text = 'votes'::text)", "Rows Removed by Filter": 205269}]}, {"Node Type": "Index Scan", "Parent Relationship": "Inner", "Scan Direction": "Forward", "Index Name": "title_pkey", "Relation Name": "title", "Alias": "t", "Startup Cost": 0.0, "Total Cost": 0.4, "Plan Rows": 1, "Plan Width": 21, "Actual Startup Time": 435.608, "Actual Total Time": 435.608, "Actual Rows": 102516, "Actual Loops": 102516, "Index Cond": "(id = mi_idx.movie_id)", "Rows Removed by Index Recheck": 0}]}, {"Node Type": "Index Scan", "Parent Relationship": "Inner", "Scan Direction": "Forward", "Index Name": "movie_id_cast_info", "Relation Name": "cast_info", "Alias": "ci", "Startup Cost": 0.0, "Total Cost": 1.01, "Plan Rows": 1, "Plan Width": 8, "Actual Startup Time": 7291.279, "Actual Total Time": 8553.839, "Actual Rows": 54155, "Actual Loops": 102516, "Index Cond": "(movie_id = t.id)", "Rows Removed by Index Recheck": 0, "Filter": "((note)::text = ANY ('{(writer),\"(head writer)\",\"(written by)\",(story),\"(story editor)\"}'::text[]))", "Rows Removed by Filter": 3987641}]}, {"Node Type": "Index Scan", "Parent Relationship": "Inner", "Scan Direction": "Forward", "Index Name": "name_pkey", "Relation Name": "name", "Alias": "n", "Startup Cost": 0.0, "Total Cost": 0.49, "Plan Rows": 1, "Plan Width": 4, "Actual Startup Time": 364.602, "Actual Total Time": 364.602, "Actual Rows": 28073, "Actual Loops": 54155, "Index Cond": "(id = ci.person_id)", "Rows Removed by Index Recheck": 0, "Filter": "((gender)::text = 'm'::text)", "Rows Removed by Filter": 26082}]}]}, "Triggers": [], "Planner Runtime": 11, "Total Runtime": 12425.55, "Unique SQL Id": 3913857139}}, "(1, 65)": {"explain_plan": {"Plan": {"Node Type": "Aggregate", "Strategy": "Plain", "Startup Cost": 169731.13, "Total Cost": 169731.14, "Plan Rows": 1, "Plan Width": 160, "Plans": [{"Node Type": "Nested Loop", "Parent Relationship": "Outer", "Join Type": "Inner", "Startup Cost": 4842.14, "Total Cost": 169720.53, "Plan Rows": 1413, "Plan Width": 64, "Inner Unique": true, "Plans": [{"Node Type": "Nested Loop", "Parent Relationship": "Outer", "Join Type": "Inner", "Startup Cost": 4842.14, "Total Cost": 169141.26, "Plan Rows": 1155, "Plan Width": 68, "Inner Unique": false, "Plans": [{"Node Type": "Nested Loop", "Parent Relationship": "Outer", "Join Type": "Inner", "Startup Cost": 4842.14, "Total Cost": 168079.63, "Plan Rows": 1044, "Plan Width": 76, "Inner Unique": true, "Join Filter": "(mi.movie_id = t.id)", "Plans": [{"Node Type": "Nested Loop", "Parent Relationship": "Outer", "Join Type": "Inner", "Startup Cost": 4842.14, "Total Cost": 167651.44, "Plan Rows": 1044, "Plan Width": 55, "Inner Unique": true, "Plans": [{"Node Type": "Nested Loop", "Parent Relationship": "Outer", "Join Type": "Inner", "Startup Cost": 4842.14, "Total Cost": 166471.96, "Plan Rows": 4175, "Plan Width": 59, "Inner Unique": false, "Plans": [{"Node Type": "Nested Loop", "Parent Relationship": "Outer", "Join Type": "Inner", "Startup Cost": 4842.14, "Total Cost": 164983.91, "Plan Rows": 2717, "Plan Width": 46, "Inner Unique": false, "Plans": [{"Node Type": "Index Scan", "Parent Relationship": "Outer", "Scan Direction": "Forward", "Index Name": "info_type_pkey", "Relation Name": "info_type", "Alias": "it1", "Startup Cost": 0.0, "Total Cost": 14.21, "Plan Rows": 1, "Plan Width": 4, "Filter": "((info)::text = 'genres'::text)"}, {"Node Type": "Bitmap Heap Scan", "Parent Relationship": "Inner", "Relation Name": "movie_info", "Alias": "mi", "Startup Cost": 4842.14, "Total Cost": 164942.53, "Plan Rows": 2717, "Plan Width": 50, "Recheck Cond": "(info_type_id = it1.id)", "Filter": "((info)::text = ANY ('{Horror,Action,Sci-Fi,Thriller,Crime,War}'::text[]))", "Plans": [{"Node Type": "Bitmap Index Scan", "Parent Relationship": "Outer", "Index Name": "info_type_id_movie_info", "Startup Cost": 0.0, "Total Cost": 4841.46, "Plan Rows": 212428, "Plan Width": 0, "Index Cond": "(info_type_id = it1.id)"}]}]}, {"Node Type": "Index Scan", "Parent Relationship": "Inner", "Scan Direction": "Forward", "Index Name": "movie_id_movie_info_idx", "Relation Name": "movie_info_idx", "Alias": "mi_idx", "Startup Cost": 0.0, "Total Cost": 0.53, "Plan Rows": 2, "Plan Width": 13, "Index Cond": "(movie_id = mi.movie_id)"}]}, {"Node Type": "Index Scan", "Parent Relationship": "Inner", "Scan Direction": "Forward", "Index Name": "info_type_pkey", "Relation Name": "info_type", "Alias": "it2", "Startup Cost": 0.0, "Total Cost": 0.27, "Plan Rows": 1, "Plan Width": 4, "Index Cond": "(id = mi_idx.info_type_id)", "Filter": "((info)::text = 'votes'::text)"}]}, {"Node Type": "Index Scan", "Parent Relationship": "Inner", "Scan Direction": "Forward", "Index Name": "title_pkey", "Relation Name": "title", "Alias": "t", "Startup Cost": 0.0, "Total Cost": 0.4, "Plan Rows": 1, "Plan Width": 21, "Index Cond": "(id = mi_idx.movie_id)"}]}, {"Node Type": "Index Scan", "Parent Relationship": "Inner", "Scan Direction": "Forward", "Index Name": "movie_id_cast_info", "Relation Name": "cast_info", "Alias": "ci", "Startup Cost": 0.0, "Total Cost": 1.01, "Plan Rows": 1, "Plan Width": 8, "Index Cond": "(movie_id = t.id)", "Filter": "((note)::text = ANY ('{(writer),\"(head writer)\",\"(written by)\",(story),\"(story editor)\"}'::text[]))"}]}, {"Node Type": "Index Scan", "Parent Relationship": "Inner", "Scan Direction": "Forward", "Index Name": "name_pkey", "Relation Name": "name", "Alias": "n", "Startup Cost": 0.0, "Total Cost": 0.49, "Plan Rows": 1, "Plan Width": 4, "Index Cond": "(id = ci.person_id)", "Filter": "((gender)::text = 'm'::text)"}]}]}, "Unique SQL Id": 3913857139, "Planner Runtime": 20}, "explain_analyze_plan": {"Plan": {"Node Type": "Aggregate", "Strategy": "Plain", "Startup Cost": 169731.13, "Total Cost": 169731.14, "Plan Rows": 1, "Plan Width": 160, "Actual Startup Time": 12567.339, "Actual Total Time": 12567.34, "Actual Rows": 1, "Actual Loops": 1, "Plans": [{"Node Type": "Nested Loop", "Parent Relationship": "Outer", "Join Type": "Inner", "Startup Cost": 4842.14, "Total Cost": 169720.53, "Plan Rows": 1413, "Plan Width": 64, "Actual Startup Time": 180.697, "Actual Total Time": 12528.919, "Actual Rows": 28073, "Actual Loops": 1, "Inner Unique": true, "Plans": [{"Node Type": "Nested Loop", "Parent Relationship": "Outer", "Join Type": "Inner", "Startup Cost": 4842.14, "Total Cost": 169141.26, "Plan Rows": 1155, "Plan Width": 68, "Actual Startup Time": 178.273, "Actual Total Time": 12109.988, "Actual Rows": 54155, "Actual Loops": 1, "Inner Unique": false, "Plans": [{"Node Type": "Nested Loop", "Parent Relationship": "Outer", "Join Type": "Inner", "Startup Cost": 4842.14, "Total Cost": 168079.63, "Plan Rows": 1044, "Plan Width": 76, "Actual Startup Time": 175.364, "Actual Total Time": 3322.24, "Actual Rows": 102516, "Actual Loops": 1, "Inner Unique": true, "Join Filter": "(mi.movie_id = t.id)", "Rows Removed by Join Filter": 0, "Plans": [{"Node Type": "Nested Loop", "Parent Relationship": "Outer", "Join Type": "Inner", "Startup Cost": 4842.14, "Total Cost": 167651.44, "Plan Rows": 1044, "Plan Width": 55, "Actual Startup Time": 175.345, "Actual Total Time": 2761.703, "Actual Rows": 102516, "Actual Loops": 1, "Inner Unique": true, "Plans": [{"Node Type": "Nested Loop", "Parent Relationship": "Outer", "Join Type": "Inner", "Startup Cost": 4842.14, "Total Cost": 166471.96, "Plan Rows": 4175, "Plan Width": 59, "Actual Startup Time": 175.323, "Actual Total Time": 2018.91, "Actual Rows": 307785, "Actual Loops": 1, "Inner Unique": false, "Plans": [{"Node Type": "Nested Loop", "Parent Relationship": "Outer", "Join Type": "Inner", "Startup Cost": 4842.14, "Total Cost": 164983.91, "Plan Rows": 2717, "Plan Width": 46, "Actual Startup Time": 175.291, "Actual Total Time": 1167.34, "Actual Rows": 186594, "Actual Loops": 1, "Inner Unique": false, "Plans": [{"Node Type": "Index Scan", "Parent Relationship": "Outer", "Scan Direction": "Forward", "Index Name": "info_type_pkey", "Relation Name": "info_type", "Alias": "it1", "Startup Cost": 0.0, "Total Cost": 14.21, "Plan Rows": 1, "Plan Width": 4, "Actual Startup Time": 0.021, "Actual Total Time": 0.08, "Actual Rows": 1, "Actual Loops": 1, "Filter": "((info)::text = 'genres'::text)", "Rows Removed by Filter": 111}, {"Node Type": "Bitmap Heap Scan", "Parent Relationship": "Inner", "Relation Name": "movie_info", "Alias": "mi", "Startup Cost": 4842.14, "Total Cost": 164942.53, "Plan Rows": 2717, "Plan Width": 50, "Actual Startup Time": 175.265, "Actual Total Time": 1120.729, "Actual Rows": 186594, "Actual Loops": 1, "Recheck Cond": "(info_type_id = it1.id)", "Rows Removed by Index Recheck": 0, "Filter": "((info)::text = ANY ('{Horror,Action,Sci-Fi,Thriller,Crime,War}'::text[]))", "Rows Removed by Filter": 1347315, "Exact Heap Blocks": 7426, "Lossy Heap Blocks": 7426, "Plans": [{"Node Type": "Bitmap Index Scan", "Parent Relationship": "Outer", "Index Name": "info_type_id_movie_info", "Startup Cost": 0.0, "Total Cost": 4841.46, "Plan Rows": 212428, "Plan Width": 0, "Actual Startup Time": 173.882, "Actual Total Time": 173.882, "Actual Rows": 1533909, "Actual Loops": 1, "Index Cond": "(info_type_id = it1.id)"}]}]}, {"Node Type": "Index Scan", "Parent Relationship": "Inner", "Scan Direction": "Forward", "Index Name": "movie_id_movie_info_idx", "Relation Name": "movie_info_idx", "Alias": "mi_idx", "Startup Cost": 0.0, "Total Cost": 0.53, "Plan Rows": 2, "Plan Width": 13, "Actual Startup Time": 552.595, "Actual Total Time": 678.362, "Actual Rows": 307785, "Actual Loops": 186594, "Index Cond": "(movie_id = mi.movie_id)", "Rows Removed by Index Recheck": 0}]}, {"Node Type": "Index Scan", "Parent Relationship": "Inner", "Scan Direction": "Forward", "Index Name": "info_type_pkey", "Relation Name": "info_type", "Alias": "it2", "Startup Cost": 0.0, "Total Cost": 0.27, "Plan Rows": 1, "Plan Width": 4, "Actual Startup Time": 562.404, "Actual Total Time": 562.404, "Actual Rows": 102516, "Actual Loops": 307785, "Index Cond": "(id = mi_idx.info_type_id)", "Rows Removed by Index Recheck": 0, "Filter": "((info)::text = 'votes'::text)", "Rows Removed by Filter": 205269}]}, {"Node Type": "Index Scan", "Parent Relationship": "Inner", "Scan Direction": "Forward", "Index Name": "title_pkey", "Relation Name": "title", "Alias": "t", "Startup Cost": 0.0, "Total Cost": 0.4, "Plan Rows": 1, "Plan Width": 21, "Actual Startup Time": 443.764, "Actual Total Time": 443.764, "Actual Rows": 102516, "Actual Loops": 102516, "Index Cond": "(id = mi_idx.movie_id)", "Rows Removed by Index Recheck": 0}]}, {"Node Type": "Index Scan", "Parent Relationship": "Inner", "Scan Direction": "Forward", "Index Name": "movie_id_cast_info", "Relation Name": "cast_info", "Alias": "ci", "Startup Cost": 0.0, "Total Cost": 1.01, "Plan Rows": 1, "Plan Width": 8, "Actual Startup Time": 7427.434, "Actual Total Time": 8715.582, "Actual Rows": 54155, "Actual Loops": 102516, "Index Cond": "(movie_id = t.id)", "Rows Removed by Index Recheck": 0, "Filter": "((note)::text = ANY ('{(writer),\"(head writer)\",\"(written by)\",(story),\"(story editor)\"}'::text[]))", "Rows Removed by Filter": 3987641}]}, {"Node Type": "Index Scan", "Parent Relationship": "Inner", "Scan Direction": "Forward", "Index Name": "name_pkey", "Relation Name": "name", "Alias": "n", "Startup Cost": 0.0, "Total Cost": 0.49, "Plan Rows": 1, "Plan Width": 4, "Actual Startup Time": 372.109, "Actual Total Time": 372.109, "Actual Rows": 28073, "Actual Loops": 54155, "Index Cond": "(id = ci.person_id)", "Rows Removed by Index Recheck": 0, "Filter": "((gender)::text = 'm'::text)", "Rows Removed by Filter": 26082}]}]}, "Triggers": [], "Planner Runtime": 8, "Total Runtime": 12567.631, "Unique SQL Id": 3913857139}}, "(1, 66)": {"explain_plan": {"Plan": {"Node Type": "Aggregate", "Strategy": "Plain", "Startup Cost": 191340.73, "Total Cost": 191340.74, "Plan Rows": 1, "Plan Width": 160, "Plans": [{"Node Type": "Nested Loop", "Parent Relationship": "Outer", "Join Type": "Inner", "Startup Cost": 4846.03, "Total Cost": 191330.13, "Plan Rows": 1413, "Plan Width": 64, "Inner Unique": true, "Plans": [{"Node Type": "Nested Loop", "Parent Relationship": "Outer", "Join Type": "Inner", "Startup Cost": 4845.72, "Total Cost": 186324.71, "Plan Rows": 1155, "Plan Width": 68, "Inner Unique": false, "Plans": [{"Node Type": "Nested Loop", "Parent Relationship": "Outer", "Join Type": "Inner", "Startup Cost": 4845.2, "Total Cost": 181482.04, "Plan Rows": 1044, "Plan Width": 76, "Inner Unique": true, "Join Filter": "(mi.movie_id = t.id)", "Plans": [{"Node Type": "Hash Join", "Parent Relationship": "Outer", "Join Type": "Inner", "Startup Cost": 4844.92, "Total Cost": 176982.85, "Plan Rows": 1044, "Plan Width": 55, "Inner Unique": true, "Hash Cond": "(mi_idx.info_type_id = it2.id)", "Plans": [{"Node Type": "Nested Loop", "Parent Relationship": "Outer", "Join Type": "Inner", "Startup Cost": 4842.51, "Total Cost": 176959.53, "Plan Rows": 4175, "Plan Width": 59, "Inner Unique": false, "Plans": [{"Node Type": "Nested Loop", "Parent Relationship": "Outer", "Join Type": "Inner", "Startup Cost": 4842.14, "Total Cost": 164972.1, "Plan Rows": 2717, "Plan Width": 46, "Inner Unique": false, "Plans": [{"Node Type": "Seq Scan", "Parent Relationship": "Outer", "Relation Name": "info_type", "Alias": "it1", "Startup Cost": 0.0, "Total Cost": 2.4, "Plan Rows": 1, "Plan Width": 4, "Filter": "((info)::text = 'genres'::text)"}, {"Node Type": "Bitmap Heap Scan", "Parent Relationship": "Inner", "Relation Name": "movie_info", "Alias": "mi", "Startup Cost": 4842.14, "Total Cost": 164942.53, "Plan Rows": 2717, "Plan Width": 50, "Recheck Cond": "(info_type_id = it1.id)", "Filter": "((info)::text = ANY ('{Horror,Action,Sci-Fi,Thriller,Crime,War}'::text[]))", "Plans": [{"Node Type": "Bitmap Index Scan", "Parent Relationship": "Outer", "Index Name": "info_type_id_movie_info", "Startup Cost": 0.0, "Total Cost": 4841.46, "Plan Rows": 212428, "Plan Width": 0, "Index Cond": "(info_type_id = it1.id)"}]}]}, {"Node Type": "Bitmap Heap Scan", "Parent Relationship": "Inner", "Relation Name": "movie_info_idx", "Alias": "mi_idx", "Startup Cost": 0.37, "Total Cost": 4.39, "Plan Rows": 2, "Plan Width": 13, "Recheck Cond": "(movie_id = mi.movie_id)", "Plans": [{"Node Type": "Bitmap Index Scan", "Parent Relationship": "Outer", "Index Name": "movie_id_movie_info_idx", "Startup Cost": 0.0, "Total Cost": 0.37, "Plan Rows": 2, "Plan Width": 0, "Index Cond": "(movie_id = mi.movie_id)"}]}]}, {"Node Type": "Hash", "Parent Relationship": "Inner", "Startup Cost": 2.4, "Total Cost": 2.4, "Plan Rows": 1, "Plan Width": 4, "Plans": [{"Node Type": "Seq Scan", "Parent Relationship": "Outer", "Relation Name": "info_type", "Alias": "it2", "Startup Cost": 0.0, "Total Cost": 2.4, "Plan Rows": 1, "Plan Width": 4, "Filter": "((info)::text = 'votes'::text)"}]}]}, {"Node Type": "Bitmap Heap Scan", "Parent Relationship": "Inner", "Relation Name": "title", "Alias": "t", "Startup Cost": 0.28, "Total Cost": 4.3, "Plan Rows": 1, "Plan Width": 21, "Recheck Cond": "(id = mi_idx.movie_id)", "Plans": [{"Node Type": "Bitmap Index Scan", "Parent Relationship": "Outer", "Index Name": "title_pkey", "Startup Cost": 0.0, "Total Cost": 0.28, "Plan Rows": 1, "Plan Width": 0, "Index Cond": "(id = mi_idx.movie_id)"}]}]}, {"Node Type": "Bitmap Heap Scan", "Parent Relationship": "Inner", "Relation Name": "cast_info", "Alias": "ci", "Startup Cost": 0.52, "Total Cost": 4.63, "Plan Rows": 1, "Plan Width": 8, "Recheck Cond": "(movie_id = t.id)", "Filter": "((note)::text = ANY ('{(writer),\"(head writer)\",\"(written by)\",(story),\"(story editor)\"}'::text[]))", "Plans": [{"Node Type": "Bitmap Index Scan", "Parent Relationship": "Outer", "Index Name": "movie_id_cast_info", "Startup Cost": 0.0, "Total Cost": 0.52, "Plan Rows": 6, "Plan Width": 0, "Index Cond": "(movie_id = t.id)"}]}]}, {"Node Type": "Bitmap Heap Scan", "Parent Relationship": "Inner", "Relation Name": "name", "Alias": "n", "Startup Cost": 0.31, "Total Cost": 4.32, "Plan Rows": 1, "Plan Width": 4, "Recheck Cond": "(id = ci.person_id)", "Filter": "((gender)::text = 'm'::text)", "Plans": [{"Node Type": "Bitmap Index Scan", "Parent Relationship": "Outer", "Index Name": "name_pkey", "Startup Cost": 0.0, "Total Cost": 0.31, "Plan Rows": 1, "Plan Width": 0, "Index Cond": "(id = ci.person_id)"}]}]}]}, "Unique SQL Id": 3913857139, "Planner Runtime": 34}, "explain_analyze_plan": {"Plan": {"Node Type": "Aggregate", "Strategy": "Plain", "Startup Cost": 191340.73, "Total Cost": 191340.74, "Plan Rows": 1, "Plan Width": 160, "Actual Startup Time": 14202.756, "Actual Total Time": 14202.757, "Actual Rows": 1, "Actual Loops": 1, "Plans": [{"Node Type": "Nested Loop", "Parent Relationship": "Outer", "Join Type": "Inner", "Startup Cost": 4846.03, "Total Cost": 191330.13, "Plan Rows": 1413, "Plan Width": 64, "Actual Startup Time": 177.661, "Actual Total Time": 14155.749, "Actual Rows": 28073, "Actual Loops": 1, "Inner Unique": true, "Plans": [{"Node Type": "Nested Loop", "Parent Relationship": "Outer", "Join Type": "Inner", "Startup Cost": 4845.72, "Total Cost": 186324.71, "Plan Rows": 1155, "Plan Width": 68, "Actual Startup Time": 174.971, "Actual Total Time": 13639.858, "Actual Rows": 54155, "Actual Loops": 1, "Inner Unique": false, "Plans": [{"Node Type": "Nested Loop", "Parent Relationship": "Outer", "Join Type": "Inner", "Startup Cost": 4845.2, "Total Cost": 181482.04, "Plan Rows": 1044, "Plan Width": 76, "Actual Startup Time": 171.853, "Actual Total Time": 3115.458, "Actual Rows": 102516, "Actual Loops": 1, "Inner Unique": true, "Join Filter": "(mi.movie_id = t.id)", "Rows Removed by Join Filter": 0, "Plans": [{"Node Type": "Hash Join", "Parent Relationship": "Outer", "Join Type": "Inner", "Startup Cost": 4844.92, "Total Cost": 176982.85, "Plan Rows": 1044, "Plan Width": 55, "Actual Startup Time": 171.825, "Actual Total Time": 2381.582, "Actual Rows": 102516, "Actual Loops": 1, "Inner Unique": true, "Hash Cond": "(mi_idx.info_type_id = it2.id)", "Plans": [{"Node Type": "Nested Loop", "Parent Relationship": "Outer", "Join Type": "Inner", "Startup Cost": 4842.51, "Total Cost": 176959.53, "Plan Rows": 4175, "Plan Width": 59, "Actual Startup Time": 171.711, "Actual Total Time": 2268.839, "Actual Rows": 307785, "Actual Loops": 1, "Inner Unique": false, "Plans": [{"Node Type": "Nested Loop", "Parent Relationship": "Outer", "Join Type": "Inner", "Startup Cost": 4842.14, "Total Cost": 164972.1, "Plan Rows": 2717, "Plan Width": 46, "Actual Startup Time": 171.667, "Actual Total Time": 1159.013, "Actual Rows": 186594, "Actual Loops": 1, "Inner Unique": false, "Plans": [{"Node Type": "Seq Scan", "Parent Relationship": "Outer", "Relation Name": "info_type", "Alias": "it1", "Startup Cost": 0.0, "Total Cost": 2.4, "Plan Rows": 1, "Plan Width": 4, "Actual Startup Time": 0.02, "Actual Total Time": 0.054, "Actual Rows": 1, "Actual Loops": 1, "Filter": "((info)::text = 'genres'::text)", "Rows Removed by Filter": 111}, {"Node Type": "Bitmap Heap Scan", "Parent Relationship": "Inner", "Relation Name": "movie_info", "Alias": "mi", "Startup Cost": 4842.14, "Total Cost": 164942.53, "Plan Rows": 2717, "Plan Width": 50, "Actual Startup Time": 171.642, "Actual Total Time": 1114.782, "Actual Rows": 186594, "Actual Loops": 1, "Recheck Cond": "(info_type_id = it1.id)", "Rows Removed by Index Recheck": 0, "Filter": "((info)::text = ANY ('{Horror,Action,Sci-Fi,Thriller,Crime,War}'::text[]))", "Rows Removed by Filter": 1347315, "Exact Heap Blocks": 7426, "Lossy Heap Blocks": 7426, "Plans": [{"Node Type": "Bitmap Index Scan", "Parent Relationship": "Outer", "Index Name": "info_type_id_movie_info", "Startup Cost": 0.0, "Total Cost": 4841.46, "Plan Rows": 212428, "Plan Width": 0, "Actual Startup Time": 170.245, "Actual Total Time": 170.245, "Actual Rows": 1533909, "Actual Loops": 1, "Index Cond": "(info_type_id = it1.id)"}]}]}, {"Node Type": "Bitmap Heap Scan", "Parent Relationship": "Inner", "Relation Name": "movie_info_idx", "Alias": "mi_idx", "Startup Cost": 0.37, "Total Cost": 4.39, "Plan Rows": 2, "Plan Width": 13, "Actual Startup Time": 763.904, "Actual Total Time": 808.949, "Actual Rows": 307785, "Actual Loops": 186594, "Recheck Cond": "(movie_id = mi.movie_id)", "Rows Removed by Index Recheck": 0, "Exact Heap Blocks": 103610, "Lossy Heap Blocks": 103610, "Plans": [{"Node Type": "Bitmap Index Scan", "Parent Relationship": "Outer", "Index Name": "movie_id_movie_info_idx", "Startup Cost": 0.0, "Total Cost": 0.37, "Plan Rows": 2, "Plan Width": 0, "Actual Startup Time": 517.963, "Actual Total Time": 517.963, "Actual Rows": 307785, "Actual Loops": 186594, "Index Cond": "(movie_id = mi.movie_id)"}]}]}, {"Node Type": "Hash", "Parent Relationship": "Inner", "Startup Cost": 2.4, "Total Cost": 2.4, "Plan Rows": 1, "Plan Width": 4, "Actual Startup Time": 0.066, "Actual Total Time": 0.066, "Actual Rows": 1, "Actual Loops": 1, "Hash Buckets": 32768, "Hash Batches": 1, "Original Hash Batches": 1, "Peak Memory Usage": 1, "Plans": [{"Node Type": "Seq Scan", "Parent Relationship": "Outer", "Relation Name": "info_type", "Alias": "it2", "Startup Cost": 0.0, "Total Cost": 2.4, "Plan Rows": 1, "Plan Width": 4, "Actual Startup Time": 0.051, "Actual Total Time": 0.056, "Actual Rows": 1, "Actual Loops": 1, "Filter": "((info)::text = 'votes'::text)", "Rows Removed by Filter": 111}]}]}, {"Node Type": "Bitmap Heap Scan", "Parent Relationship": "Inner", "Relation Name": "title", "Alias": "t", "Startup Cost": 0.28, "Total Cost": 4.3, "Plan Rows": 1, "Plan Width": 21, "Actual Startup Time": 559.081, "Actual Total Time": 559.081, "Actual Rows": 102516, "Actual Loops": 102516, "Recheck Cond": "(id = mi_idx.movie_id)", "Rows Removed by Index Recheck": 0, "Exact Heap Blocks": 102516, "Lossy Heap Blocks": 102516, "Plans": [{"Node Type": "Bitmap Index Scan", "Parent Relationship": "Outer", "Index Name": "title_pkey", "Startup Cost": 0.0, "Total Cost": 0.28, "Plan Rows": 1, "Plan Width": 0, "Actual Startup Time": 307.722, "Actual Total Time": 307.722, "Actual Rows": 102516, "Actual Loops": 102516, "Index Cond": "(id = mi_idx.movie_id)"}]}]}, {"Node Type": "Bitmap Heap Scan", "Parent Relationship": "Inner", "Relation Name": "cast_info", "Alias": "ci", "Startup Cost": 0.52, "Total Cost": 4.63, "Plan Rows": 1, "Plan Width": 8, "Actual Startup Time": 8960.818, "Actual Total Time": 10360.992, "Actual Rows": 54155, "Actual Loops": 102516, "Recheck Cond": "(movie_id = t.id)", "Rows Removed by Index Recheck": 0, "Filter": "((note)::text = ANY ('{(writer),\"(head writer)\",\"(written by)\",(story),\"(story editor)\"}'::text[]))", "Rows Removed by Filter": 3987641, "Exact Heap Blocks": 3901088, "Lossy Heap Blocks": 3901088, "Plans": [{"Node Type": "Bitmap Index Scan", "Parent Relationship": "Outer", "Index Name": "movie_id_cast_info", "Startup Cost": 0.0, "Total Cost": 0.52, "Plan Rows": 6, "Plan Width": 0, "Actual Startup Time": 1089.965, "Actual Total Time": 1089.965, "Actual Rows": 4041796, "Actual Loops": 102516, "Index Cond": "(movie_id = t.id)"}]}]}, {"Node Type": "Bitmap Heap Scan", "Parent Relationship": "Inner", "Relation Name": "name", "Alias": "n", "Startup Cost": 0.31, "Total Cost": 4.32, "Plan Rows": 1, "Plan Width": 4, "Actual Startup Time": 430.04, "Actual Total Time": 430.04, "Actual Rows": 28073, "Actual Loops": 54155, "Recheck Cond": "(id = ci.person_id)", "Rows Removed by Index Recheck": 0, "Filter": "((gender)::text = 'm'::text)", "Rows Removed by Filter": 26082, "Exact Heap Blocks": 54155, "Lossy Heap Blocks": 54155, "Plans": [{"Node Type": "Bitmap Index Scan", "Parent Relationship": "Outer", "Index Name": "name_pkey", "Startup Cost": 0.0, "Total Cost": 0.31, "Plan Rows": 1, "Plan Width": 0, "Actual Startup Time": 276.287, "Actual Total Time": 276.287, "Actual Rows": 54155, "Actual Loops": 54155, "Index Cond": "(id = ci.person_id)"}]}]}]}, "Triggers": [], "Planner Runtime": 18, "Total Runtime": 14203.044, "Unique SQL Id": 3913857139}}, "(1, 67)": {"explain_plan": {"Plan": {"Node Type": "Aggregate", "Strategy": "Plain", "Startup Cost": 1000012232006.38, "Total Cost": 1000012232006.39, "Plan Rows": 1, "Plan Width": 160, "Plans": [{"Node Type": "Nested Loop", "Parent Relationship": "Outer", "Join Type": "Inner", "Startup Cost": 10000000002.26, "Total Cost": 1000012231995.78, "Plan Rows": 1413, "Plan Width": 64, "Inner Unique": true, "Join Filter": "(mi.movie_id = t.id)", "Plans": [{"Node Type": "Nested Loop", "Parent Relationship": "Outer", "Join Type": "Inner", "Startup Cost": 10000000001.98, "Total Cost": 1000012225906.36, "Plan Rows": 1413, "Plan Width": 59, "Inner Unique": true, "Plans": [{"Node Type": "Nested Loop", "Parent Relationship": "Outer", "Join Type": "Inner", "Startup Cost": 10000000001.67, "Total Cost": 1000012220900.93, "Plan Rows": 1155, "Plan Width": 63, "Inner Unique": false, "Join Filter": "(mi.movie_id = ci.movie_id)", "Plans": [{"Node Type": "Nested Loop", "Parent Relationship": "Outer", "Join Type": "Inner", "Startup Cost": 10000000000.97, "Total Cost": 1000012215863.83, "Plan Rows": 1044, "Plan Width": 55, "Inner Unique": true, "Plans": [{"Node Type": "Nested Loop", "Parent Relationship": "Outer", "Join Type": "Inner", "Startup Cost": 10000000000.71, "Total Cost": 1000012197983.33, "Plan Rows": 4175, "Plan Width": 59, "Inner Unique": true, "Plans": [{"Node Type": "Nested Loop", "Parent Relationship": "Outer", "Join Type": "Inner", "Startup Cost": 10000000000.45, "Total Cost": 1000010946375.89, "Plan Rows": 292241, "Plan Width": 63, "Inner Unique": false, "Plans": [{"Node Type": "Index Scan", "Parent Relationship": "Outer", "Scan Direction": "Forward", "Index Name": "movie_id_movie_info_idx", "Relation Name": "movie_info_idx", "Alias": "mi_idx", "Startup Cost": 10000000000.0, "Total Cost": 1000004650035.37, "Plan Rows": 1380034, "Plan Width": 13}, {"Node Type": "Bitmap Heap Scan", "Parent Relationship": "Inner", "Relation Name": "movie_info", "Alias": "mi", "Startup Cost": 0.45, "Total Cost": 4.55, "Plan Rows": 1, "Plan Width": 50, "Recheck Cond": "(movie_id = mi_idx.movie_id)", "Filter": "((info)::text = ANY ('{Horror,Action,Sci-Fi,Thriller,Crime,War}'::text[]))", "Plans": [{"Node Type": "Bitmap Index Scan", "Parent Relationship": "Outer", "Index Name": "movie_id_movie_info", "Startup Cost": 0.0, "Total Cost": 0.45, "Plan Rows": 5, "Plan Width": 0, "Index Cond": "(movie_id = mi_idx.movie_id)"}]}]}, {"Node Type": "Bitmap Heap Scan", "Parent Relationship": "Inner", "Relation Name": "info_type", "Alias": "it1", "Startup Cost": 0.26, "Total Cost": 4.27, "Plan Rows": 1, "Plan Width": 4, "Recheck Cond": "(id = mi.info_type_id)", "Filter": "((info)::text = 'genres'::text)", "Plans": [{"Node Type": "Bitmap Index Scan", "Parent Relationship": "Outer", "Index Name": "info_type_pkey", "Startup Cost": 0.0, "Total Cost": 0.26, "Plan Rows": 1, "Plan Width": 0, "Index Cond": "(id = mi.info_type_id)"}]}]}, {"Node Type": "Bitmap Heap Scan", "Parent Relationship": "Inner", "Relation Name": "info_type", "Alias": "it2", "Startup Cost": 0.26, "Total Cost": 4.27, "Plan Rows": 1, "Plan Width": 4, "Recheck Cond": "(id = mi_idx.info_type_id)", "Filter": "((info)::text = 'votes'::text)", "Plans": [{"Node Type": "Bitmap Index Scan", "Parent Relationship": "Outer", "Index Name": "info_type_pkey", "Startup Cost": 0.0, "Total Cost": 0.26, "Plan Rows": 1, "Plan Width": 0, "Index Cond": "(id = mi_idx.info_type_id)"}]}]}, {"Node Type": "Bitmap Heap Scan", "Parent Relationship": "Inner", "Relation Name": "cast_info", "Alias": "ci", "Startup Cost": 0.7, "Total Cost": 4.81, "Plan Rows": 1, "Plan Width": 8, "Recheck Cond": "(movie_id = mi_idx.movie_id)", "Filter": "((note)::text = ANY ('{(writer),\"(head writer)\",\"(written by)\",(story),\"(story editor)\"}'::text[]))", "Plans": [{"Node Type": "Bitmap Index Scan", "Parent Relationship": "Outer", "Index Name": "movie_id_cast_info", "Startup Cost": 0.0, "Total Cost": 0.7, "Plan Rows": 6, "Plan Width": 0, "Index Cond": "(movie_id = mi_idx.movie_id)"}]}]}, {"Node Type": "Bitmap Heap Scan", "Parent Relationship": "Inner", "Relation Name": "name", "Alias": "n", "Startup Cost": 0.31, "Total Cost": 4.32, "Plan Rows": 1, "Plan Width": 4, "Recheck Cond": "(id = ci.person_id)", "Filter": "((gender)::text = 'm'::text)", "Plans": [{"Node Type": "Bitmap Index Scan", "Parent Relationship": "Outer", "Index Name": "name_pkey", "Startup Cost": 0.0, "Total Cost": 0.31, "Plan Rows": 1, "Plan Width": 0, "Index Cond": "(id = ci.person_id)"}]}]}, {"Node Type": "Bitmap Heap Scan", "Parent Relationship": "Inner", "Relation Name": "title", "Alias": "t", "Startup Cost": 0.28, "Total Cost": 4.3, "Plan Rows": 1, "Plan Width": 21, "Recheck Cond": "(id = mi_idx.movie_id)", "Plans": [{"Node Type": "Bitmap Index Scan", "Parent Relationship": "Outer", "Index Name": "title_pkey", "Startup Cost": 0.0, "Total Cost": 0.28, "Plan Rows": 1, "Plan Width": 0, "Index Cond": "(id = mi_idx.movie_id)"}]}]}]}, "Unique SQL Id": 3913857139, "Planner Runtime": 10}, "explain_analyze_plan": null}, "(1, 68)": {"explain_plan": {"Plan": {"Node Type": "Aggregate", "Strategy": "Plain", "Startup Cost": 169719.32, "Total Cost": 169719.33, "Plan Rows": 1, "Plan Width": 160, "Plans": [{"Node Type": "Nested Loop", "Parent Relationship": "Outer", "Join Type": "Inner", "Startup Cost": 4842.14, "Total Cost": 169708.72, "Plan Rows": 1413, "Plan Width": 64, "Inner Unique": true, "Plans": [{"Node Type": "Nested Loop", "Parent Relationship": "Outer", "Join Type": "Inner", "Startup Cost": 4842.14, "Total Cost": 169129.45, "Plan Rows": 1155, "Plan Width": 68, "Inner Unique": false, "Plans": [{"Node Type": "Nested Loop", "Parent Relationship": "Outer", "Join Type": "Inner", "Startup Cost": 4842.14, "Total Cost": 168067.82, "Plan Rows": 1044, "Plan Width": 76, "Inner Unique": true, "Join Filter": "(mi.movie_id = t.id)", "Plans": [{"Node Type": "Nested Loop", "Parent Relationship": "Outer", "Join Type": "Inner", "Startup Cost": 4842.14, "Total Cost": 167639.63, "Plan Rows": 1044, "Plan Width": 55, "Inner Unique": true, "Plans": [{"Node Type": "Nested Loop", "Parent Relationship": "Outer", "Join Type": "Inner", "Startup Cost": 4842.14, "Total Cost": 166460.15, "Plan Rows": 4175, "Plan Width": 59, "Inner Unique": false, "Plans": [{"Node Type": "Nested Loop", "Parent Relationship": "Outer", "Join Type": "Inner", "Startup Cost": 4842.14, "Total Cost": 164972.1, "Plan Rows": 2717, "Plan Width": 46, "Inner Unique": false, "Plans": [{"Node Type": "Seq Scan", "Parent Relationship": "Outer", "Relation Name": "info_type", "Alias": "it1", "Startup Cost": 0.0, "Total Cost": 2.4, "Plan Rows": 1, "Plan Width": 4, "Filter": "((info)::text = 'genres'::text)"}, {"Node Type": "Bitmap Heap Scan", "Parent Relationship": "Inner", "Relation Name": "movie_info", "Alias": "mi", "Startup Cost": 4842.14, "Total Cost": 164942.53, "Plan Rows": 2717, "Plan Width": 50, "Recheck Cond": "(info_type_id = it1.id)", "Filter": "((info)::text = ANY ('{Horror,Action,Sci-Fi,Thriller,Crime,War}'::text[]))", "Plans": [{"Node Type": "Bitmap Index Scan", "Parent Relationship": "Outer", "Index Name": "info_type_id_movie_info", "Startup Cost": 0.0, "Total Cost": 4841.46, "Plan Rows": 212428, "Plan Width": 0, "Index Cond": "(info_type_id = it1.id)"}]}]}, {"Node Type": "Index Scan", "Parent Relationship": "Inner", "Scan Direction": "Forward", "Index Name": "movie_id_movie_info_idx", "Relation Name": "movie_info_idx", "Alias": "mi_idx", "Startup Cost": 0.0, "Total Cost": 0.53, "Plan Rows": 2, "Plan Width": 13, "Index Cond": "(movie_id = mi.movie_id)"}]}, {"Node Type": "Index Scan", "Parent Relationship": "Inner", "Scan Direction": "Forward", "Index Name": "info_type_pkey", "Relation Name": "info_type", "Alias": "it2", "Startup Cost": 0.0, "Total Cost": 0.27, "Plan Rows": 1, "Plan Width": 4, "Index Cond": "(id = mi_idx.info_type_id)", "Filter": "((info)::text = 'votes'::text)"}]}, {"Node Type": "Index Scan", "Parent Relationship": "Inner", "Scan Direction": "Forward", "Index Name": "title_pkey", "Relation Name": "title", "Alias": "t", "Startup Cost": 0.0, "Total Cost": 0.4, "Plan Rows": 1, "Plan Width": 21, "Index Cond": "(id = mi_idx.movie_id)"}]}, {"Node Type": "Index Scan", "Parent Relationship": "Inner", "Scan Direction": "Forward", "Index Name": "movie_id_cast_info", "Relation Name": "cast_info", "Alias": "ci", "Startup Cost": 0.0, "Total Cost": 1.01, "Plan Rows": 1, "Plan Width": 8, "Index Cond": "(movie_id = t.id)", "Filter": "((note)::text = ANY ('{(writer),\"(head writer)\",\"(written by)\",(story),\"(story editor)\"}'::text[]))"}]}, {"Node Type": "Index Scan", "Parent Relationship": "Inner", "Scan Direction": "Forward", "Index Name": "name_pkey", "Relation Name": "name", "Alias": "n", "Startup Cost": 0.0, "Total Cost": 0.49, "Plan Rows": 1, "Plan Width": 4, "Index Cond": "(id = ci.person_id)", "Filter": "((gender)::text = 'm'::text)"}]}]}, "Unique SQL Id": 3913857139, "Planner Runtime": 27}, "explain_analyze_plan": {"Plan": {"Node Type": "Aggregate", "Strategy": "Plain", "Startup Cost": 169719.32, "Total Cost": 169719.33, "Plan Rows": 1, "Plan Width": 160, "Actual Startup Time": 12425.201, "Actual Total Time": 12425.201, "Actual Rows": 1, "Actual Loops": 1, "Plans": [{"Node Type": "Nested Loop", "Parent Relationship": "Outer", "Join Type": "Inner", "Startup Cost": 4842.14, "Total Cost": 169708.72, "Plan Rows": 1413, "Plan Width": 64, "Actual Startup Time": 182.508, "Actual Total Time": 12386.605, "Actual Rows": 28073, "Actual Loops": 1, "Inner Unique": true, "Plans": [{"Node Type": "Nested Loop", "Parent Relationship": "Outer", "Join Type": "Inner", "Startup Cost": 4842.14, "Total Cost": 169129.45, "Plan Rows": 1155, "Plan Width": 68, "Actual Startup Time": 180.067, "Actual Total Time": 11975.337, "Actual Rows": 54155, "Actual Loops": 1, "Inner Unique": false, "Plans": [{"Node Type": "Nested Loop", "Parent Relationship": "Outer", "Join Type": "Inner", "Startup Cost": 4842.14, "Total Cost": 168067.82, "Plan Rows": 1044, "Plan Width": 76, "Actual Startup Time": 177.132, "Actual Total Time": 3352.359, "Actual Rows": 102516, "Actual Loops": 1, "Inner Unique": true, "Join Filter": "(mi.movie_id = t.id)", "Rows Removed by Join Filter": 0, "Plans": [{"Node Type": "Nested Loop", "Parent Relationship": "Outer", "Join Type": "Inner", "Startup Cost": 4842.14, "Total Cost": 167639.63, "Plan Rows": 1044, "Plan Width": 55, "Actual Startup Time": 177.112, "Actual Total Time": 2799.396, "Actual Rows": 102516, "Actual Loops": 1, "Inner Unique": true, "Plans": [{"Node Type": "Nested Loop", "Parent Relationship": "Outer", "Join Type": "Inner", "Startup Cost": 4842.14, "Total Cost": 166460.15, "Plan Rows": 4175, "Plan Width": 59, "Actual Startup Time": 177.089, "Actual Total Time": 2010.966, "Actual Rows": 307785, "Actual Loops": 1, "Inner Unique": false, "Plans": [{"Node Type": "Nested Loop", "Parent Relationship": "Outer", "Join Type": "Inner", "Startup Cost": 4842.14, "Total Cost": 164972.1, "Plan Rows": 2717, "Plan Width": 46, "Actual Startup Time": 177.055, "Actual Total Time": 1166.017, "Actual Rows": 186594, "Actual Loops": 1, "Inner Unique": false, "Plans": [{"Node Type": "Seq Scan", "Parent Relationship": "Outer", "Relation Name": "info_type", "Alias": "it1", "Startup Cost": 0.0, "Total Cost": 2.4, "Plan Rows": 1, "Plan Width": 4, "Actual Startup Time": 0.039, "Actual Total Time": 0.079, "Actual Rows": 1, "Actual Loops": 1, "Filter": "((info)::text = 'genres'::text)", "Rows Removed by Filter": 111}, {"Node Type": "Bitmap Heap Scan", "Parent Relationship": "Inner", "Relation Name": "movie_info", "Alias": "mi", "Startup Cost": 4842.14, "Total Cost": 164942.53, "Plan Rows": 2717, "Plan Width": 50, "Actual Startup Time": 177.011, "Actual Total Time": 1121.209, "Actual Rows": 186594, "Actual Loops": 1, "Recheck Cond": "(info_type_id = it1.id)", "Rows Removed by Index Recheck": 0, "Filter": "((info)::text = ANY ('{Horror,Action,Sci-Fi,Thriller,Crime,War}'::text[]))", "Rows Removed by Filter": 1347315, "Exact Heap Blocks": 7426, "Lossy Heap Blocks": 7426, "Plans": [{"Node Type": "Bitmap Index Scan", "Parent Relationship": "Outer", "Index Name": "info_type_id_movie_info", "Startup Cost": 0.0, "Total Cost": 4841.46, "Plan Rows": 212428, "Plan Width": 0, "Actual Startup Time": 175.597, "Actual Total Time": 175.597, "Actual Rows": 1533909, "Actual Loops": 1, "Index Cond": "(info_type_id = it1.id)"}]}]}, {"Node Type": "Index Scan", "Parent Relationship": "Inner", "Scan Direction": "Forward", "Index Name": "movie_id_movie_info_idx", "Relation Name": "movie_info_idx", "Alias": "mi_idx", "Startup Cost": 0.0, "Total Cost": 0.53, "Plan Rows": 2, "Plan Width": 13, "Actual Startup Time": 550.327, "Actual Total Time": 673.543, "Actual Rows": 307785, "Actual Loops": 186594, "Index Cond": "(movie_id = mi.movie_id)", "Rows Removed by Index Recheck": 0}]}, {"Node Type": "Index Scan", "Parent Relationship": "Inner", "Scan Direction": "Forward", "Index Name": "info_type_pkey", "Relation Name": "info_type", "Alias": "it2", "Startup Cost": 0.0, "Total Cost": 0.27, "Plan Rows": 1, "Plan Width": 4, "Actual Startup Time": 601.71, "Actual Total Time": 601.71, "Actual Rows": 102516, "Actual Loops": 307785, "Index Cond": "(id = mi_idx.info_type_id)", "Rows Removed by Index Recheck": 0, "Filter": "((info)::text = 'votes'::text)", "Rows Removed by Filter": 205269}]}, {"Node Type": "Index Scan", "Parent Relationship": "Inner", "Scan Direction": "Forward", "Index Name": "title_pkey", "Relation Name": "title", "Alias": "t", "Startup Cost": 0.0, "Total Cost": 0.4, "Plan Rows": 1, "Plan Width": 21, "Actual Startup Time": 435.608, "Actual Total Time": 435.608, "Actual Rows": 102516, "Actual Loops": 102516, "Index Cond": "(id = mi_idx.movie_id)", "Rows Removed by Index Recheck": 0}]}, {"Node Type": "Index Scan", "Parent Relationship": "Inner", "Scan Direction": "Forward", "Index Name": "movie_id_cast_info", "Relation Name": "cast_info", "Alias": "ci", "Startup Cost": 0.0, "Total Cost": 1.01, "Plan Rows": 1, "Plan Width": 8, "Actual Startup Time": 7291.279, "Actual Total Time": 8553.839, "Actual Rows": 54155, "Actual Loops": 102516, "Index Cond": "(movie_id = t.id)", "Rows Removed by Index Recheck": 0, "Filter": "((note)::text = ANY ('{(writer),\"(head writer)\",\"(written by)\",(story),\"(story editor)\"}'::text[]))", "Rows Removed by Filter": 3987641}]}, {"Node Type": "Index Scan", "Parent Relationship": "Inner", "Scan Direction": "Forward", "Index Name": "name_pkey", "Relation Name": "name", "Alias": "n", "Startup Cost": 0.0, "Total Cost": 0.49, "Plan Rows": 1, "Plan Width": 4, "Actual Startup Time": 364.602, "Actual Total Time": 364.602, "Actual Rows": 28073, "Actual Loops": 54155, "Index Cond": "(id = ci.person_id)", "Rows Removed by Index Recheck": 0, "Filter": "((gender)::text = 'm'::text)", "Rows Removed by Filter": 26082}]}]}, "Triggers": [], "Planner Runtime": 11, "Total Runtime": 12425.55, "Unique SQL Id": 3913857139}}, "(1, 69)": {"explain_plan": {"Plan": {"Node Type": "Aggregate", "Strategy": "Plain", "Startup Cost": 169731.13, "Total Cost": 169731.14, "Plan Rows": 1, "Plan Width": 160, "Plans": [{"Node Type": "Nested Loop", "Parent Relationship": "Outer", "Join Type": "Inner", "Startup Cost": 4842.14, "Total Cost": 169720.53, "Plan Rows": 1413, "Plan Width": 64, "Inner Unique": true, "Plans": [{"Node Type": "Nested Loop", "Parent Relationship": "Outer", "Join Type": "Inner", "Startup Cost": 4842.14, "Total Cost": 169141.26, "Plan Rows": 1155, "Plan Width": 68, "Inner Unique": false, "Plans": [{"Node Type": "Nested Loop", "Parent Relationship": "Outer", "Join Type": "Inner", "Startup Cost": 4842.14, "Total Cost": 168079.63, "Plan Rows": 1044, "Plan Width": 76, "Inner Unique": true, "Join Filter": "(mi.movie_id = t.id)", "Plans": [{"Node Type": "Nested Loop", "Parent Relationship": "Outer", "Join Type": "Inner", "Startup Cost": 4842.14, "Total Cost": 167651.44, "Plan Rows": 1044, "Plan Width": 55, "Inner Unique": true, "Plans": [{"Node Type": "Nested Loop", "Parent Relationship": "Outer", "Join Type": "Inner", "Startup Cost": 4842.14, "Total Cost": 166471.96, "Plan Rows": 4175, "Plan Width": 59, "Inner Unique": false, "Plans": [{"Node Type": "Nested Loop", "Parent Relationship": "Outer", "Join Type": "Inner", "Startup Cost": 4842.14, "Total Cost": 164983.91, "Plan Rows": 2717, "Plan Width": 46, "Inner Unique": false, "Plans": [{"Node Type": "Index Scan", "Parent Relationship": "Outer", "Scan Direction": "Forward", "Index Name": "info_type_pkey", "Relation Name": "info_type", "Alias": "it1", "Startup Cost": 0.0, "Total Cost": 14.21, "Plan Rows": 1, "Plan Width": 4, "Filter": "((info)::text = 'genres'::text)"}, {"Node Type": "Bitmap Heap Scan", "Parent Relationship": "Inner", "Relation Name": "movie_info", "Alias": "mi", "Startup Cost": 4842.14, "Total Cost": 164942.53, "Plan Rows": 2717, "Plan Width": 50, "Recheck Cond": "(info_type_id = it1.id)", "Filter": "((info)::text = ANY ('{Horror,Action,Sci-Fi,Thriller,Crime,War}'::text[]))", "Plans": [{"Node Type": "Bitmap Index Scan", "Parent Relationship": "Outer", "Index Name": "info_type_id_movie_info", "Startup Cost": 0.0, "Total Cost": 4841.46, "Plan Rows": 212428, "Plan Width": 0, "Index Cond": "(info_type_id = it1.id)"}]}]}, {"Node Type": "Index Scan", "Parent Relationship": "Inner", "Scan Direction": "Forward", "Index Name": "movie_id_movie_info_idx", "Relation Name": "movie_info_idx", "Alias": "mi_idx", "Startup Cost": 0.0, "Total Cost": 0.53, "Plan Rows": 2, "Plan Width": 13, "Index Cond": "(movie_id = mi.movie_id)"}]}, {"Node Type": "Index Scan", "Parent Relationship": "Inner", "Scan Direction": "Forward", "Index Name": "info_type_pkey", "Relation Name": "info_type", "Alias": "it2", "Startup Cost": 0.0, "Total Cost": 0.27, "Plan Rows": 1, "Plan Width": 4, "Index Cond": "(id = mi_idx.info_type_id)", "Filter": "((info)::text = 'votes'::text)"}]}, {"Node Type": "Index Scan", "Parent Relationship": "Inner", "Scan Direction": "Forward", "Index Name": "title_pkey", "Relation Name": "title", "Alias": "t", "Startup Cost": 0.0, "Total Cost": 0.4, "Plan Rows": 1, "Plan Width": 21, "Index Cond": "(id = mi_idx.movie_id)"}]}, {"Node Type": "Index Scan", "Parent Relationship": "Inner", "Scan Direction": "Forward", "Index Name": "movie_id_cast_info", "Relation Name": "cast_info", "Alias": "ci", "Startup Cost": 0.0, "Total Cost": 1.01, "Plan Rows": 1, "Plan Width": 8, "Index Cond": "(movie_id = t.id)", "Filter": "((note)::text = ANY ('{(writer),\"(head writer)\",\"(written by)\",(story),\"(story editor)\"}'::text[]))"}]}, {"Node Type": "Index Scan", "Parent Relationship": "Inner", "Scan Direction": "Forward", "Index Name": "name_pkey", "Relation Name": "name", "Alias": "n", "Startup Cost": 0.0, "Total Cost": 0.49, "Plan Rows": 1, "Plan Width": 4, "Index Cond": "(id = ci.person_id)", "Filter": "((gender)::text = 'm'::text)"}]}]}, "Unique SQL Id": 3913857139, "Planner Runtime": 19}, "explain_analyze_plan": {"Plan": {"Node Type": "Aggregate", "Strategy": "Plain", "Startup Cost": 169731.13, "Total Cost": 169731.14, "Plan Rows": 1, "Plan Width": 160, "Actual Startup Time": 12567.339, "Actual Total Time": 12567.34, "Actual Rows": 1, "Actual Loops": 1, "Plans": [{"Node Type": "Nested Loop", "Parent Relationship": "Outer", "Join Type": "Inner", "Startup Cost": 4842.14, "Total Cost": 169720.53, "Plan Rows": 1413, "Plan Width": 64, "Actual Startup Time": 180.697, "Actual Total Time": 12528.919, "Actual Rows": 28073, "Actual Loops": 1, "Inner Unique": true, "Plans": [{"Node Type": "Nested Loop", "Parent Relationship": "Outer", "Join Type": "Inner", "Startup Cost": 4842.14, "Total Cost": 169141.26, "Plan Rows": 1155, "Plan Width": 68, "Actual Startup Time": 178.273, "Actual Total Time": 12109.988, "Actual Rows": 54155, "Actual Loops": 1, "Inner Unique": false, "Plans": [{"Node Type": "Nested Loop", "Parent Relationship": "Outer", "Join Type": "Inner", "Startup Cost": 4842.14, "Total Cost": 168079.63, "Plan Rows": 1044, "Plan Width": 76, "Actual Startup Time": 175.364, "Actual Total Time": 3322.24, "Actual Rows": 102516, "Actual Loops": 1, "Inner Unique": true, "Join Filter": "(mi.movie_id = t.id)", "Rows Removed by Join Filter": 0, "Plans": [{"Node Type": "Nested Loop", "Parent Relationship": "Outer", "Join Type": "Inner", "Startup Cost": 4842.14, "Total Cost": 167651.44, "Plan Rows": 1044, "Plan Width": 55, "Actual Startup Time": 175.345, "Actual Total Time": 2761.703, "Actual Rows": 102516, "Actual Loops": 1, "Inner Unique": true, "Plans": [{"Node Type": "Nested Loop", "Parent Relationship": "Outer", "Join Type": "Inner", "Startup Cost": 4842.14, "Total Cost": 166471.96, "Plan Rows": 4175, "Plan Width": 59, "Actual Startup Time": 175.323, "Actual Total Time": 2018.91, "Actual Rows": 307785, "Actual Loops": 1, "Inner Unique": false, "Plans": [{"Node Type": "Nested Loop", "Parent Relationship": "Outer", "Join Type": "Inner", "Startup Cost": 4842.14, "Total Cost": 164983.91, "Plan Rows": 2717, "Plan Width": 46, "Actual Startup Time": 175.291, "Actual Total Time": 1167.34, "Actual Rows": 186594, "Actual Loops": 1, "Inner Unique": false, "Plans": [{"Node Type": "Index Scan", "Parent Relationship": "Outer", "Scan Direction": "Forward", "Index Name": "info_type_pkey", "Relation Name": "info_type", "Alias": "it1", "Startup Cost": 0.0, "Total Cost": 14.21, "Plan Rows": 1, "Plan Width": 4, "Actual Startup Time": 0.021, "Actual Total Time": 0.08, "Actual Rows": 1, "Actual Loops": 1, "Filter": "((info)::text = 'genres'::text)", "Rows Removed by Filter": 111}, {"Node Type": "Bitmap Heap Scan", "Parent Relationship": "Inner", "Relation Name": "movie_info", "Alias": "mi", "Startup Cost": 4842.14, "Total Cost": 164942.53, "Plan Rows": 2717, "Plan Width": 50, "Actual Startup Time": 175.265, "Actual Total Time": 1120.729, "Actual Rows": 186594, "Actual Loops": 1, "Recheck Cond": "(info_type_id = it1.id)", "Rows Removed by Index Recheck": 0, "Filter": "((info)::text = ANY ('{Horror,Action,Sci-Fi,Thriller,Crime,War}'::text[]))", "Rows Removed by Filter": 1347315, "Exact Heap Blocks": 7426, "Lossy Heap Blocks": 7426, "Plans": [{"Node Type": "Bitmap Index Scan", "Parent Relationship": "Outer", "Index Name": "info_type_id_movie_info", "Startup Cost": 0.0, "Total Cost": 4841.46, "Plan Rows": 212428, "Plan Width": 0, "Actual Startup Time": 173.882, "Actual Total Time": 173.882, "Actual Rows": 1533909, "Actual Loops": 1, "Index Cond": "(info_type_id = it1.id)"}]}]}, {"Node Type": "Index Scan", "Parent Relationship": "Inner", "Scan Direction": "Forward", "Index Name": "movie_id_movie_info_idx", "Relation Name": "movie_info_idx", "Alias": "mi_idx", "Startup Cost": 0.0, "Total Cost": 0.53, "Plan Rows": 2, "Plan Width": 13, "Actual Startup Time": 552.595, "Actual Total Time": 678.362, "Actual Rows": 307785, "Actual Loops": 186594, "Index Cond": "(movie_id = mi.movie_id)", "Rows Removed by Index Recheck": 0}]}, {"Node Type": "Index Scan", "Parent Relationship": "Inner", "Scan Direction": "Forward", "Index Name": "info_type_pkey", "Relation Name": "info_type", "Alias": "it2", "Startup Cost": 0.0, "Total Cost": 0.27, "Plan Rows": 1, "Plan Width": 4, "Actual Startup Time": 562.404, "Actual Total Time": 562.404, "Actual Rows": 102516, "Actual Loops": 307785, "Index Cond": "(id = mi_idx.info_type_id)", "Rows Removed by Index Recheck": 0, "Filter": "((info)::text = 'votes'::text)", "Rows Removed by Filter": 205269}]}, {"Node Type": "Index Scan", "Parent Relationship": "Inner", "Scan Direction": "Forward", "Index Name": "title_pkey", "Relation Name": "title", "Alias": "t", "Startup Cost": 0.0, "Total Cost": 0.4, "Plan Rows": 1, "Plan Width": 21, "Actual Startup Time": 443.764, "Actual Total Time": 443.764, "Actual Rows": 102516, "Actual Loops": 102516, "Index Cond": "(id = mi_idx.movie_id)", "Rows Removed by Index Recheck": 0}]}, {"Node Type": "Index Scan", "Parent Relationship": "Inner", "Scan Direction": "Forward", "Index Name": "movie_id_cast_info", "Relation Name": "cast_info", "Alias": "ci", "Startup Cost": 0.0, "Total Cost": 1.01, "Plan Rows": 1, "Plan Width": 8, "Actual Startup Time": 7427.434, "Actual Total Time": 8715.582, "Actual Rows": 54155, "Actual Loops": 102516, "Index Cond": "(movie_id = t.id)", "Rows Removed by Index Recheck": 0, "Filter": "((note)::text = ANY ('{(writer),\"(head writer)\",\"(written by)\",(story),\"(story editor)\"}'::text[]))", "Rows Removed by Filter": 3987641}]}, {"Node Type": "Index Scan", "Parent Relationship": "Inner", "Scan Direction": "Forward", "Index Name": "name_pkey", "Relation Name": "name", "Alias": "n", "Startup Cost": 0.0, "Total Cost": 0.49, "Plan Rows": 1, "Plan Width": 4, "Actual Startup Time": 372.109, "Actual Total Time": 372.109, "Actual Rows": 28073, "Actual Loops": 54155, "Index Cond": "(id = ci.person_id)", "Rows Removed by Index Recheck": 0, "Filter": "((gender)::text = 'm'::text)", "Rows Removed by Filter": 26082}]}]}, "Triggers": [], "Planner Runtime": 8, "Total Runtime": 12567.631, "Unique SQL Id": 3913857139}}, "(1, 70)": {"explain_plan": {"Plan": {"Node Type": "Aggregate", "Strategy": "Plain", "Startup Cost": 191340.73, "Total Cost": 191340.74, "Plan Rows": 1, "Plan Width": 160, "Plans": [{"Node Type": "Nested Loop", "Parent Relationship": "Outer", "Join Type": "Inner", "Startup Cost": 4846.03, "Total Cost": 191330.13, "Plan Rows": 1413, "Plan Width": 64, "Inner Unique": true, "Plans": [{"Node Type": "Nested Loop", "Parent Relationship": "Outer", "Join Type": "Inner", "Startup Cost": 4845.72, "Total Cost": 186324.71, "Plan Rows": 1155, "Plan Width": 68, "Inner Unique": false, "Plans": [{"Node Type": "Nested Loop", "Parent Relationship": "Outer", "Join Type": "Inner", "Startup Cost": 4845.2, "Total Cost": 181482.04, "Plan Rows": 1044, "Plan Width": 76, "Inner Unique": true, "Join Filter": "(mi.movie_id = t.id)", "Plans": [{"Node Type": "Hash Join", "Parent Relationship": "Outer", "Join Type": "Inner", "Startup Cost": 4844.92, "Total Cost": 176982.85, "Plan Rows": 1044, "Plan Width": 55, "Inner Unique": true, "Hash Cond": "(mi_idx.info_type_id = it2.id)", "Plans": [{"Node Type": "Nested Loop", "Parent Relationship": "Outer", "Join Type": "Inner", "Startup Cost": 4842.51, "Total Cost": 176959.53, "Plan Rows": 4175, "Plan Width": 59, "Inner Unique": false, "Plans": [{"Node Type": "Nested Loop", "Parent Relationship": "Outer", "Join Type": "Inner", "Startup Cost": 4842.14, "Total Cost": 164972.1, "Plan Rows": 2717, "Plan Width": 46, "Inner Unique": false, "Plans": [{"Node Type": "Seq Scan", "Parent Relationship": "Outer", "Relation Name": "info_type", "Alias": "it1", "Startup Cost": 0.0, "Total Cost": 2.4, "Plan Rows": 1, "Plan Width": 4, "Filter": "((info)::text = 'genres'::text)"}, {"Node Type": "Bitmap Heap Scan", "Parent Relationship": "Inner", "Relation Name": "movie_info", "Alias": "mi", "Startup Cost": 4842.14, "Total Cost": 164942.53, "Plan Rows": 2717, "Plan Width": 50, "Recheck Cond": "(info_type_id = it1.id)", "Filter": "((info)::text = ANY ('{Horror,Action,Sci-Fi,Thriller,Crime,War}'::text[]))", "Plans": [{"Node Type": "Bitmap Index Scan", "Parent Relationship": "Outer", "Index Name": "info_type_id_movie_info", "Startup Cost": 0.0, "Total Cost": 4841.46, "Plan Rows": 212428, "Plan Width": 0, "Index Cond": "(info_type_id = it1.id)"}]}]}, {"Node Type": "Bitmap Heap Scan", "Parent Relationship": "Inner", "Relation Name": "movie_info_idx", "Alias": "mi_idx", "Startup Cost": 0.37, "Total Cost": 4.39, "Plan Rows": 2, "Plan Width": 13, "Recheck Cond": "(movie_id = mi.movie_id)", "Plans": [{"Node Type": "Bitmap Index Scan", "Parent Relationship": "Outer", "Index Name": "movie_id_movie_info_idx", "Startup Cost": 0.0, "Total Cost": 0.37, "Plan Rows": 2, "Plan Width": 0, "Index Cond": "(movie_id = mi.movie_id)"}]}]}, {"Node Type": "Hash", "Parent Relationship": "Inner", "Startup Cost": 2.4, "Total Cost": 2.4, "Plan Rows": 1, "Plan Width": 4, "Plans": [{"Node Type": "Seq Scan", "Parent Relationship": "Outer", "Relation Name": "info_type", "Alias": "it2", "Startup Cost": 0.0, "Total Cost": 2.4, "Plan Rows": 1, "Plan Width": 4, "Filter": "((info)::text = 'votes'::text)"}]}]}, {"Node Type": "Bitmap Heap Scan", "Parent Relationship": "Inner", "Relation Name": "title", "Alias": "t", "Startup Cost": 0.28, "Total Cost": 4.3, "Plan Rows": 1, "Plan Width": 21, "Recheck Cond": "(id = mi_idx.movie_id)", "Plans": [{"Node Type": "Bitmap Index Scan", "Parent Relationship": "Outer", "Index Name": "title_pkey", "Startup Cost": 0.0, "Total Cost": 0.28, "Plan Rows": 1, "Plan Width": 0, "Index Cond": "(id = mi_idx.movie_id)"}]}]}, {"Node Type": "Bitmap Heap Scan", "Parent Relationship": "Inner", "Relation Name": "cast_info", "Alias": "ci", "Startup Cost": 0.52, "Total Cost": 4.63, "Plan Rows": 1, "Plan Width": 8, "Recheck Cond": "(movie_id = t.id)", "Filter": "((note)::text = ANY ('{(writer),\"(head writer)\",\"(written by)\",(story),\"(story editor)\"}'::text[]))", "Plans": [{"Node Type": "Bitmap Index Scan", "Parent Relationship": "Outer", "Index Name": "movie_id_cast_info", "Startup Cost": 0.0, "Total Cost": 0.52, "Plan Rows": 6, "Plan Width": 0, "Index Cond": "(movie_id = t.id)"}]}]}, {"Node Type": "Bitmap Heap Scan", "Parent Relationship": "Inner", "Relation Name": "name", "Alias": "n", "Startup Cost": 0.31, "Total Cost": 4.32, "Plan Rows": 1, "Plan Width": 4, "Recheck Cond": "(id = ci.person_id)", "Filter": "((gender)::text = 'm'::text)", "Plans": [{"Node Type": "Bitmap Index Scan", "Parent Relationship": "Outer", "Index Name": "name_pkey", "Startup Cost": 0.0, "Total Cost": 0.31, "Plan Rows": 1, "Plan Width": 0, "Index Cond": "(id = ci.person_id)"}]}]}]}, "Unique SQL Id": 3913857139, "Planner Runtime": 34}, "explain_analyze_plan": {"Plan": {"Node Type": "Aggregate", "Strategy": "Plain", "Startup Cost": 191340.73, "Total Cost": 191340.74, "Plan Rows": 1, "Plan Width": 160, "Actual Startup Time": 14202.756, "Actual Total Time": 14202.757, "Actual Rows": 1, "Actual Loops": 1, "Plans": [{"Node Type": "Nested Loop", "Parent Relationship": "Outer", "Join Type": "Inner", "Startup Cost": 4846.03, "Total Cost": 191330.13, "Plan Rows": 1413, "Plan Width": 64, "Actual Startup Time": 177.661, "Actual Total Time": 14155.749, "Actual Rows": 28073, "Actual Loops": 1, "Inner Unique": true, "Plans": [{"Node Type": "Nested Loop", "Parent Relationship": "Outer", "Join Type": "Inner", "Startup Cost": 4845.72, "Total Cost": 186324.71, "Plan Rows": 1155, "Plan Width": 68, "Actual Startup Time": 174.971, "Actual Total Time": 13639.858, "Actual Rows": 54155, "Actual Loops": 1, "Inner Unique": false, "Plans": [{"Node Type": "Nested Loop", "Parent Relationship": "Outer", "Join Type": "Inner", "Startup Cost": 4845.2, "Total Cost": 181482.04, "Plan Rows": 1044, "Plan Width": 76, "Actual Startup Time": 171.853, "Actual Total Time": 3115.458, "Actual Rows": 102516, "Actual Loops": 1, "Inner Unique": true, "Join Filter": "(mi.movie_id = t.id)", "Rows Removed by Join Filter": 0, "Plans": [{"Node Type": "Hash Join", "Parent Relationship": "Outer", "Join Type": "Inner", "Startup Cost": 4844.92, "Total Cost": 176982.85, "Plan Rows": 1044, "Plan Width": 55, "Actual Startup Time": 171.825, "Actual Total Time": 2381.582, "Actual Rows": 102516, "Actual Loops": 1, "Inner Unique": true, "Hash Cond": "(mi_idx.info_type_id = it2.id)", "Plans": [{"Node Type": "Nested Loop", "Parent Relationship": "Outer", "Join Type": "Inner", "Startup Cost": 4842.51, "Total Cost": 176959.53, "Plan Rows": 4175, "Plan Width": 59, "Actual Startup Time": 171.711, "Actual Total Time": 2268.839, "Actual Rows": 307785, "Actual Loops": 1, "Inner Unique": false, "Plans": [{"Node Type": "Nested Loop", "Parent Relationship": "Outer", "Join Type": "Inner", "Startup Cost": 4842.14, "Total Cost": 164972.1, "Plan Rows": 2717, "Plan Width": 46, "Actual Startup Time": 171.667, "Actual Total Time": 1159.013, "Actual Rows": 186594, "Actual Loops": 1, "Inner Unique": false, "Plans": [{"Node Type": "Seq Scan", "Parent Relationship": "Outer", "Relation Name": "info_type", "Alias": "it1", "Startup Cost": 0.0, "Total Cost": 2.4, "Plan Rows": 1, "Plan Width": 4, "Actual Startup Time": 0.02, "Actual Total Time": 0.054, "Actual Rows": 1, "Actual Loops": 1, "Filter": "((info)::text = 'genres'::text)", "Rows Removed by Filter": 111}, {"Node Type": "Bitmap Heap Scan", "Parent Relationship": "Inner", "Relation Name": "movie_info", "Alias": "mi", "Startup Cost": 4842.14, "Total Cost": 164942.53, "Plan Rows": 2717, "Plan Width": 50, "Actual Startup Time": 171.642, "Actual Total Time": 1114.782, "Actual Rows": 186594, "Actual Loops": 1, "Recheck Cond": "(info_type_id = it1.id)", "Rows Removed by Index Recheck": 0, "Filter": "((info)::text = ANY ('{Horror,Action,Sci-Fi,Thriller,Crime,War}'::text[]))", "Rows Removed by Filter": 1347315, "Exact Heap Blocks": 7426, "Lossy Heap Blocks": 7426, "Plans": [{"Node Type": "Bitmap Index Scan", "Parent Relationship": "Outer", "Index Name": "info_type_id_movie_info", "Startup Cost": 0.0, "Total Cost": 4841.46, "Plan Rows": 212428, "Plan Width": 0, "Actual Startup Time": 170.245, "Actual Total Time": 170.245, "Actual Rows": 1533909, "Actual Loops": 1, "Index Cond": "(info_type_id = it1.id)"}]}]}, {"Node Type": "Bitmap Heap Scan", "Parent Relationship": "Inner", "Relation Name": "movie_info_idx", "Alias": "mi_idx", "Startup Cost": 0.37, "Total Cost": 4.39, "Plan Rows": 2, "Plan Width": 13, "Actual Startup Time": 763.904, "Actual Total Time": 808.949, "Actual Rows": 307785, "Actual Loops": 186594, "Recheck Cond": "(movie_id = mi.movie_id)", "Rows Removed by Index Recheck": 0, "Exact Heap Blocks": 103610, "Lossy Heap Blocks": 103610, "Plans": [{"Node Type": "Bitmap Index Scan", "Parent Relationship": "Outer", "Index Name": "movie_id_movie_info_idx", "Startup Cost": 0.0, "Total Cost": 0.37, "Plan Rows": 2, "Plan Width": 0, "Actual Startup Time": 517.963, "Actual Total Time": 517.963, "Actual Rows": 307785, "Actual Loops": 186594, "Index Cond": "(movie_id = mi.movie_id)"}]}]}, {"Node Type": "Hash", "Parent Relationship": "Inner", "Startup Cost": 2.4, "Total Cost": 2.4, "Plan Rows": 1, "Plan Width": 4, "Actual Startup Time": 0.066, "Actual Total Time": 0.066, "Actual Rows": 1, "Actual Loops": 1, "Hash Buckets": 32768, "Hash Batches": 1, "Original Hash Batches": 1, "Peak Memory Usage": 1, "Plans": [{"Node Type": "Seq Scan", "Parent Relationship": "Outer", "Relation Name": "info_type", "Alias": "it2", "Startup Cost": 0.0, "Total Cost": 2.4, "Plan Rows": 1, "Plan Width": 4, "Actual Startup Time": 0.051, "Actual Total Time": 0.056, "Actual Rows": 1, "Actual Loops": 1, "Filter": "((info)::text = 'votes'::text)", "Rows Removed by Filter": 111}]}]}, {"Node Type": "Bitmap Heap Scan", "Parent Relationship": "Inner", "Relation Name": "title", "Alias": "t", "Startup Cost": 0.28, "Total Cost": 4.3, "Plan Rows": 1, "Plan Width": 21, "Actual Startup Time": 559.081, "Actual Total Time": 559.081, "Actual Rows": 102516, "Actual Loops": 102516, "Recheck Cond": "(id = mi_idx.movie_id)", "Rows Removed by Index Recheck": 0, "Exact Heap Blocks": 102516, "Lossy Heap Blocks": 102516, "Plans": [{"Node Type": "Bitmap Index Scan", "Parent Relationship": "Outer", "Index Name": "title_pkey", "Startup Cost": 0.0, "Total Cost": 0.28, "Plan Rows": 1, "Plan Width": 0, "Actual Startup Time": 307.722, "Actual Total Time": 307.722, "Actual Rows": 102516, "Actual Loops": 102516, "Index Cond": "(id = mi_idx.movie_id)"}]}]}, {"Node Type": "Bitmap Heap Scan", "Parent Relationship": "Inner", "Relation Name": "cast_info", "Alias": "ci", "Startup Cost": 0.52, "Total Cost": 4.63, "Plan Rows": 1, "Plan Width": 8, "Actual Startup Time": 8960.818, "Actual Total Time": 10360.992, "Actual Rows": 54155, "Actual Loops": 102516, "Recheck Cond": "(movie_id = t.id)", "Rows Removed by Index Recheck": 0, "Filter": "((note)::text = ANY ('{(writer),\"(head writer)\",\"(written by)\",(story),\"(story editor)\"}'::text[]))", "Rows Removed by Filter": 3987641, "Exact Heap Blocks": 3901088, "Lossy Heap Blocks": 3901088, "Plans": [{"Node Type": "Bitmap Index Scan", "Parent Relationship": "Outer", "Index Name": "movie_id_cast_info", "Startup Cost": 0.0, "Total Cost": 0.52, "Plan Rows": 6, "Plan Width": 0, "Actual Startup Time": 1089.965, "Actual Total Time": 1089.965, "Actual Rows": 4041796, "Actual Loops": 102516, "Index Cond": "(movie_id = t.id)"}]}]}, {"Node Type": "Bitmap Heap Scan", "Parent Relationship": "Inner", "Relation Name": "name", "Alias": "n", "Startup Cost": 0.31, "Total Cost": 4.32, "Plan Rows": 1, "Plan Width": 4, "Actual Startup Time": 430.04, "Actual Total Time": 430.04, "Actual Rows": 28073, "Actual Loops": 54155, "Recheck Cond": "(id = ci.person_id)", "Rows Removed by Index Recheck": 0, "Filter": "((gender)::text = 'm'::text)", "Rows Removed by Filter": 26082, "Exact Heap Blocks": 54155, "Lossy Heap Blocks": 54155, "Plans": [{"Node Type": "Bitmap Index Scan", "Parent Relationship": "Outer", "Index Name": "name_pkey", "Startup Cost": 0.0, "Total Cost": 0.31, "Plan Rows": 1, "Plan Width": 0, "Actual Startup Time": 276.287, "Actual Total Time": 276.287, "Actual Rows": 54155, "Actual Loops": 54155, "Index Cond": "(id = ci.person_id)"}]}]}]}, "Triggers": [], "Planner Runtime": 18, "Total Runtime": 14203.044, "Unique SQL Id": 3913857139}}, "(1, 71)": {"explain_plan": {"Plan": {"Node Type": "Aggregate", "Strategy": "Plain", "Startup Cost": 1000012232006.38, "Total Cost": 1000012232006.39, "Plan Rows": 1, "Plan Width": 160, "Plans": [{"Node Type": "Nested Loop", "Parent Relationship": "Outer", "Join Type": "Inner", "Startup Cost": 10000000002.26, "Total Cost": 1000012231995.78, "Plan Rows": 1413, "Plan Width": 64, "Inner Unique": true, "Join Filter": "(mi.movie_id = t.id)", "Plans": [{"Node Type": "Nested Loop", "Parent Relationship": "Outer", "Join Type": "Inner", "Startup Cost": 10000000001.98, "Total Cost": 1000012225906.36, "Plan Rows": 1413, "Plan Width": 59, "Inner Unique": true, "Plans": [{"Node Type": "Nested Loop", "Parent Relationship": "Outer", "Join Type": "Inner", "Startup Cost": 10000000001.67, "Total Cost": 1000012220900.93, "Plan Rows": 1155, "Plan Width": 63, "Inner Unique": false, "Join Filter": "(mi.movie_id = ci.movie_id)", "Plans": [{"Node Type": "Nested Loop", "Parent Relationship": "Outer", "Join Type": "Inner", "Startup Cost": 10000000000.97, "Total Cost": 1000012215863.83, "Plan Rows": 1044, "Plan Width": 55, "Inner Unique": true, "Plans": [{"Node Type": "Nested Loop", "Parent Relationship": "Outer", "Join Type": "Inner", "Startup Cost": 10000000000.71, "Total Cost": 1000012197983.33, "Plan Rows": 4175, "Plan Width": 59, "Inner Unique": true, "Plans": [{"Node Type": "Nested Loop", "Parent Relationship": "Outer", "Join Type": "Inner", "Startup Cost": 10000000000.45, "Total Cost": 1000010946375.89, "Plan Rows": 292241, "Plan Width": 63, "Inner Unique": false, "Plans": [{"Node Type": "Index Scan", "Parent Relationship": "Outer", "Scan Direction": "Forward", "Index Name": "movie_id_movie_info_idx", "Relation Name": "movie_info_idx", "Alias": "mi_idx", "Startup Cost": 10000000000.0, "Total Cost": 1000004650035.37, "Plan Rows": 1380034, "Plan Width": 13}, {"Node Type": "Bitmap Heap Scan", "Parent Relationship": "Inner", "Relation Name": "movie_info", "Alias": "mi", "Startup Cost": 0.45, "Total Cost": 4.55, "Plan Rows": 1, "Plan Width": 50, "Recheck Cond": "(movie_id = mi_idx.movie_id)", "Filter": "((info)::text = ANY ('{Horror,Action,Sci-Fi,Thriller,Crime,War}'::text[]))", "Plans": [{"Node Type": "Bitmap Index Scan", "Parent Relationship": "Outer", "Index Name": "movie_id_movie_info", "Startup Cost": 0.0, "Total Cost": 0.45, "Plan Rows": 5, "Plan Width": 0, "Index Cond": "(movie_id = mi_idx.movie_id)"}]}]}, {"Node Type": "Bitmap Heap Scan", "Parent Relationship": "Inner", "Relation Name": "info_type", "Alias": "it1", "Startup Cost": 0.26, "Total Cost": 4.27, "Plan Rows": 1, "Plan Width": 4, "Recheck Cond": "(id = mi.info_type_id)", "Filter": "((info)::text = 'genres'::text)", "Plans": [{"Node Type": "Bitmap Index Scan", "Parent Relationship": "Outer", "Index Name": "info_type_pkey", "Startup Cost": 0.0, "Total Cost": 0.26, "Plan Rows": 1, "Plan Width": 0, "Index Cond": "(id = mi.info_type_id)"}]}]}, {"Node Type": "Bitmap Heap Scan", "Parent Relationship": "Inner", "Relation Name": "info_type", "Alias": "it2", "Startup Cost": 0.26, "Total Cost": 4.27, "Plan Rows": 1, "Plan Width": 4, "Recheck Cond": "(id = mi_idx.info_type_id)", "Filter": "((info)::text = 'votes'::text)", "Plans": [{"Node Type": "Bitmap Index Scan", "Parent Relationship": "Outer", "Index Name": "info_type_pkey", "Startup Cost": 0.0, "Total Cost": 0.26, "Plan Rows": 1, "Plan Width": 0, "Index Cond": "(id = mi_idx.info_type_id)"}]}]}, {"Node Type": "Bitmap Heap Scan", "Parent Relationship": "Inner", "Relation Name": "cast_info", "Alias": "ci", "Startup Cost": 0.7, "Total Cost": 4.81, "Plan Rows": 1, "Plan Width": 8, "Recheck Cond": "(movie_id = mi_idx.movie_id)", "Filter": "((note)::text = ANY ('{(writer),\"(head writer)\",\"(written by)\",(story),\"(story editor)\"}'::text[]))", "Plans": [{"Node Type": "Bitmap Index Scan", "Parent Relationship": "Outer", "Index Name": "movie_id_cast_info", "Startup Cost": 0.0, "Total Cost": 0.7, "Plan Rows": 6, "Plan Width": 0, "Index Cond": "(movie_id = mi_idx.movie_id)"}]}]}, {"Node Type": "Bitmap Heap Scan", "Parent Relationship": "Inner", "Relation Name": "name", "Alias": "n", "Startup Cost": 0.31, "Total Cost": 4.32, "Plan Rows": 1, "Plan Width": 4, "Recheck Cond": "(id = ci.person_id)", "Filter": "((gender)::text = 'm'::text)", "Plans": [{"Node Type": "Bitmap Index Scan", "Parent Relationship": "Outer", "Index Name": "name_pkey", "Startup Cost": 0.0, "Total Cost": 0.31, "Plan Rows": 1, "Plan Width": 0, "Index Cond": "(id = ci.person_id)"}]}]}, {"Node Type": "Bitmap Heap Scan", "Parent Relationship": "Inner", "Relation Name": "title", "Alias": "t", "Startup Cost": 0.28, "Total Cost": 4.3, "Plan Rows": 1, "Plan Width": 21, "Recheck Cond": "(id = mi_idx.movie_id)", "Plans": [{"Node Type": "Bitmap Index Scan", "Parent Relationship": "Outer", "Index Name": "title_pkey", "Startup Cost": 0.0, "Total Cost": 0.28, "Plan Rows": 1, "Plan Width": 0, "Index Cond": "(id = mi_idx.movie_id)"}]}]}]}, "Unique SQL Id": 3913857139, "Planner Runtime": 9}, "explain_analyze_plan": null}, "(1, 72)": {"explain_plan": {"Plan": {"Node Type": "Aggregate", "Strategy": "Plain", "Startup Cost": 372126.75, "Total Cost": 372126.76, "Plan Rows": 1, "Plan Width": 160, "Plans": [{"Node Type": "Nested Loop", "Parent Relationship": "Outer", "Join Type": "Inner", "Startup Cost": 4.83, "Total Cost": 372116.15, "Plan Rows": 1413, "Plan Width": 64, "Inner Unique": true, "Plans": [{"Node Type": "Nested Loop", "Parent Relationship": "Outer", "Join Type": "Inner", "Startup Cost": 4.83, "Total Cost": 371536.89, "Plan Rows": 1155, "Plan Width": 68, "Inner Unique": false, "Plans": [{"Node Type": "Nested Loop", "Parent Relationship": "Outer", "Join Type": "Inner", "Startup Cost": 4.83, "Total Cost": 370475.25, "Plan Rows": 1044, "Plan Width": 76, "Inner Unique": true, "Join Filter": "(mi.movie_id = t.id)", "Plans": [{"Node Type": "Hash Join", "Parent Relationship": "Outer", "Join Type": "Inner", "Startup Cost": 4.83, "Total Cost": 370047.06, "Plan Rows": 1044, "Plan Width": 55, "Inner Unique": true, "Hash Cond": "(mi.info_type_id = it1.id)", "Plans": [{"Node Type": "Nested Loop", "Parent Relationship": "Outer", "Join Type": "Inner", "Startup Cost": 2.41, "Total Cost": 369437.93, "Plan Rows": 229029, "Plan Width": 59, "Inner Unique": false, "Plans": [{"Node Type": "Hash Join", "Parent Relationship": "Outer", "Join Type": "Inner", "Startup Cost": 2.41, "Total Cost": 27185.54, "Plan Rows": 345008, "Plan Width": 9, "Inner Unique": true, "Hash Cond": "(mi_idx.info_type_id = it2.id), (LLVM Optimized)", "Plans": [{"Node Type": "Seq Scan", "Parent Relationship": "Outer", "Relation Name": "movie_info_idx", "Alias": "mi_idx", "Startup Cost": 0.0, "Total Cost": 20274.34, "Plan Rows": 1380034, "Plan Width": 13}, {"Node Type": "Hash", "Parent Relationship": "Inner", "Startup Cost": 2.4, "Total Cost": 2.4, "Plan Rows": 1, "Plan Width": 4, "Plans": [{"Node Type": "Seq Scan", "Parent Relationship": "Outer", "Relation Name": "info_type", "Alias": "it2", "Startup Cost": 0.0, "Total Cost": 2.4, "Plan Rows": 1, "Plan Width": 4, "Filter": "((info)::text = 'votes'::text)"}]}]}, {"Node Type": "Index Scan", "Parent Relationship": "Inner", "Scan Direction": "Forward", "Index Name": "movie_id_movie_info", "Relation Name": "movie_info", "Alias": "mi", "Startup Cost": 0.0, "Total Cost": 0.98, "Plan Rows": 1, "Plan Width": 50, "Index Cond": "(movie_id = mi_idx.movie_id)", "Filter": "((info)::text = ANY ('{Horror,Action,Sci-Fi,Thriller,Crime,War}'::text[]))"}]}, {"Node Type": "Hash", "Parent Relationship": "Inner", "Startup Cost": 2.4, "Total Cost": 2.4, "Plan Rows": 1, "Plan Width": 4, "Plans": [{"Node Type": "Seq Scan", "Parent Relationship": "Outer", "Relation Name": "info_type", "Alias": "it1", "Startup Cost": 0.0, "Total Cost": 2.4, "Plan Rows": 1, "Plan Width": 4, "Filter": "((info)::text = 'genres'::text)"}]}]}, {"Node Type": "Index Scan", "Parent Relationship": "Inner", "Scan Direction": "Forward", "Index Name": "title_pkey", "Relation Name": "title", "Alias": "t", "Startup Cost": 0.0, "Total Cost": 0.4, "Plan Rows": 1, "Plan Width": 21, "Index Cond": "(id = mi_idx.movie_id)"}]}, {"Node Type": "Index Scan", "Parent Relationship": "Inner", "Scan Direction": "Forward", "Index Name": "movie_id_cast_info", "Relation Name": "cast_info", "Alias": "ci", "Startup Cost": 0.0, "Total Cost": 1.01, "Plan Rows": 1, "Plan Width": 8, "Index Cond": "(movie_id = t.id)", "Filter": "((note)::text = ANY ('{(writer),\"(head writer)\",\"(written by)\",(story),\"(story editor)\"}'::text[]))"}]}, {"Node Type": "Index Scan", "Parent Relationship": "Inner", "Scan Direction": "Forward", "Index Name": "name_pkey", "Relation Name": "name", "Alias": "n", "Startup Cost": 0.0, "Total Cost": 0.49, "Plan Rows": 1, "Plan Width": 4, "Index Cond": "(id = ci.person_id)", "Filter": "((gender)::text = 'm'::text)"}]}]}, "Unique SQL Id": 3913857139, "Planner Runtime": 27}, "explain_analyze_plan": {"Plan": {"Node Type": "Aggregate", "Strategy": "Plain", "Startup Cost": 372126.75, "Total Cost": 372126.76, "Plan Rows": 1, "Plan Width": 160, "Actual Startup Time": 19192.603, "Actual Total Time": 19192.603, "Actual Rows": 1, "Actual Loops": 1, "Plans": [{"Node Type": "Nested Loop", "Parent Relationship": "Outer", "Join Type": "Inner", "Startup Cost": 4.83, "Total Cost": 372116.15, "Plan Rows": 1413, "Plan Width": 64, "Actual Startup Time": 31.512, "Actual Total Time": 19147.091, "Actual Rows": 28073, "Actual Loops": 1, "Inner Unique": true, "Plans": [{"Node Type": "Nested Loop", "Parent Relationship": "Outer", "Join Type": "Inner", "Startup Cost": 4.83, "Total Cost": 371536.89, "Plan Rows": 1155, "Plan Width": 68, "Actual Startup Time": 15.051, "Actual Total Time": 18741.945, "Actual Rows": 54155, "Actual Loops": 1, "Inner Unique": false, "Plans": [{"Node Type": "Nested Loop", "Parent Relationship": "Outer", "Join Type": "Inner", "Startup Cost": 4.83, "Total Cost": 370475.25, "Plan Rows": 1044, "Plan Width": 76, "Actual Startup Time": 0.935, "Actual Total Time": 10307.429, "Actual Rows": 102516, "Actual Loops": 1, "Inner Unique": true, "Join Filter": "(mi.movie_id = t.id)", "Rows Removed by Join Filter": 0, "Plans": [{"Node Type": "Hash Join", "Parent Relationship": "Outer", "Join Type": "Inner", "Startup Cost": 4.83, "Total Cost": 370047.06, "Plan Rows": 1044, "Plan Width": 55, "Actual Startup Time": 0.924, "Actual Total Time": 9748.301, "Actual Rows": 102516, "Actual Loops": 1, "Inner Unique": true, "Hash Cond": "(mi.info_type_id = it1.id)", "Plans": [{"Node Type": "Nested Loop", "Parent Relationship": "Outer", "Join Type": "Inner", "Startup Cost": 2.41, "Total Cost": 369437.93, "Plan Rows": 229029, "Plan Width": 59, "Actual Startup Time": 0.821, "Actual Total Time": 9687.499, "Actual Rows": 104892, "Actual Loops": 1, "Inner Unique": false, "Plans": [{"Node Type": "Hash Join", "Parent Relationship": "Outer", "Join Type": "Inner", "Startup Cost": 2.41, "Total Cost": 27185.54, "Plan Rows": 345008, "Plan Width": 9, "Actual Startup Time": 0.113, "Actual Total Time": 801.634, "Actual Rows": 459925, "Actual Loops": 1, "Inner Unique": true, "Hash Cond": "(mi_idx.info_type_id = it2.id), (LLVM Optimized, Jit Execute)", "Plans": [{"Node Type": "Seq Scan", "Parent Relationship": "Outer", "Relation Name": "movie_info_idx", "Alias": "mi_idx", "Startup Cost": 0.0, "Total Cost": 20274.34, "Plan Rows": 1380034, "Plan Width": 13, "Actual Startup Time": 0.035, "Actual Total Time": 337.931, "Actual Rows": 1380034, "Actual Loops": 1}, {"Node Type": "Hash", "Parent Relationship": "Inner", "Startup Cost": 2.4, "Total Cost": 2.4, "Plan Rows": 1, "Plan Width": 4, "Actual Startup Time": 0.043, "Actual Total Time": 0.043, "Actual Rows": 1, "Actual Loops": 1, "Hash Buckets": 32768, "Hash Batches": 1, "Original Hash Batches": 1, "Peak Memory Usage": 1, "Plans": [{"Node Type": "Seq Scan", "Parent Relationship": "Outer", "Relation Name": "info_type", "Alias": "it2", "Startup Cost": 0.0, "Total Cost": 2.4, "Plan Rows": 1, "Plan Width": 4, "Actual Startup Time": 0.038, "Actual Total Time": 0.042, "Actual Rows": 1, "Actual Loops": 1, "Filter": "((info)::text = 'votes'::text)", "Rows Removed by Filter": 111}]}]}, {"Node Type": "Index Scan", "Parent Relationship": "Inner", "Scan Direction": "Forward", "Index Name": "movie_id_movie_info", "Relation Name": "movie_info", "Alias": "mi", "Startup Cost": 0.0, "Total Cost": 0.98, "Plan Rows": 1, "Plan Width": 50, "Actual Startup Time": 8455.651, "Actual Total Time": 8614.673, "Actual Rows": 104892, "Actual Loops": 459925, "Index Cond": "(movie_id = mi_idx.movie_id)", "Rows Removed by Index Recheck": 0, "Filter": "((info)::text = ANY ('{Horror,Action,Sci-Fi,Thriller,Crime,War}'::text[]))", "Rows Removed by Filter": 6825442}]}, {"Node Type": "Hash", "Parent Relationship": "Inner", "Startup Cost": 2.4, "Total Cost": 2.4, "Plan Rows": 1, "Plan Width": 4, "Actual Startup Time": 0.061, "Actual Total Time": 0.061, "Actual Rows": 1, "Actual Loops": 1, "Hash Buckets": 32768, "Hash Batches": 1, "Original Hash Batches": 1, "Peak Memory Usage": 1, "Plans": [{"Node Type": "Seq Scan", "Parent Relationship": "Outer", "Relation Name": "info_type", "Alias": "it1", "Startup Cost": 0.0, "Total Cost": 2.4, "Plan Rows": 1, "Plan Width": 4, "Actual Startup Time": 0.032, "Actual Total Time": 0.055, "Actual Rows": 1, "Actual Loops": 1, "Filter": "((info)::text = 'genres'::text)", "Rows Removed by Filter": 111}]}]}, {"Node Type": "Index Scan", "Parent Relationship": "Inner", "Scan Direction": "Forward", "Index Name": "title_pkey", "Relation Name": "title", "Alias": "t", "Startup Cost": 0.0, "Total Cost": 0.4, "Plan Rows": 1, "Plan Width": 21, "Actual Startup Time": 445.886, "Actual Total Time": 445.886, "Actual Rows": 102516, "Actual Loops": 102516, "Index Cond": "(id = mi_idx.movie_id)", "Rows Removed by Index Recheck": 0}]}, {"Node Type": "Index Scan", "Parent Relationship": "Inner", "Scan Direction": "Forward", "Index Name": "movie_id_cast_info", "Relation Name": "cast_info", "Alias": "ci", "Startup Cost": 0.0, "Total Cost": 1.01, "Plan Rows": 1, "Plan Width": 8, "Actual Startup Time": 7133.131, "Actual Total Time": 8362.485, "Actual Rows": 54155, "Actual Loops": 102516, "Index Cond": "(movie_id = t.id)", "Rows Removed by Index Recheck": 0, "Filter": "((note)::text = ANY ('{(writer),\"(head writer)\",\"(written by)\",(story),\"(story editor)\"}'::text[]))", "Rows Removed by Filter": 3987641}]}, {"Node Type": "Index Scan", "Parent Relationship": "Inner", "Scan Direction": "Forward", "Index Name": "name_pkey", "Relation Name": "name", "Alias": "n", "Startup Cost": 0.0, "Total Cost": 0.49, "Plan Rows": 1, "Plan Width": 4, "Actual Startup Time": 360.06, "Actual Total Time": 360.06, "Actual Rows": 28073, "Actual Loops": 54155, "Index Cond": "(id = ci.person_id)", "Rows Removed by Index Recheck": 0, "Filter": "((gender)::text = 'm'::text)", "Rows Removed by Filter": 26082}]}]}, "Triggers": [], "Planner Runtime": 11, "Total Runtime": 19201.435, "Unique SQL Id": 3913857139}}, "(1, 73)": {"explain_plan": {"Plan": {"Node Type": "Aggregate", "Strategy": "Plain", "Startup Cost": 383291.22, "Total Cost": 383291.23, "Plan Rows": 1, "Plan Width": 160, "Plans": [{"Node Type": "Nested Loop", "Parent Relationship": "Outer", "Join Type": "Inner", "Startup Cost": 14.22, "Total Cost": 383280.62, "Plan Rows": 1413, "Plan Width": 64, "Inner Unique": true, "Plans": [{"Node Type": "Nested Loop", "Parent Relationship": "Outer", "Join Type": "Inner", "Startup Cost": 14.22, "Total Cost": 382701.35, "Plan Rows": 1155, "Plan Width": 68, "Inner Unique": false, "Plans": [{"Node Type": "Nested Loop", "Parent Relationship": "Outer", "Join Type": "Inner", "Startup Cost": 14.22, "Total Cost": 381639.72, "Plan Rows": 1044, "Plan Width": 76, "Inner Unique": true, "Join Filter": "(mi.movie_id = t.id)", "Plans": [{"Node Type": "Hash Join", "Parent Relationship": "Outer", "Join Type": "Inner", "Startup Cost": 14.22, "Total Cost": 381211.53, "Plan Rows": 1044, "Plan Width": 55, "Inner Unique": true, "Hash Cond": "(mi.info_type_id = it1.id)", "Plans": [{"Node Type": "Nested Loop", "Parent Relationship": "Outer", "Join Type": "Inner", "Startup Cost": 0.0, "Total Cost": 380590.58, "Plan Rows": 229029, "Plan Width": 59, "Inner Unique": false, "Plans": [{"Node Type": "Nested Loop", "Parent Relationship": "Outer", "Join Type": "Inner", "Startup Cost": 0.0, "Total Cost": 38338.2, "Plan Rows": 345008, "Plan Width": 9, "Inner Unique": false, "Plans": [{"Node Type": "Index Scan", "Parent Relationship": "Outer", "Scan Direction": "Forward", "Index Name": "info_type_pkey", "Relation Name": "info_type", "Alias": "it2", "Startup Cost": 0.0, "Total Cost": 14.21, "Plan Rows": 1, "Plan Width": 4, "Filter": "((info)::text = 'votes'::text)"}, {"Node Type": "Index Scan", "Parent Relationship": "Inner", "Scan Direction": "Forward", "Index Name": "info_type_id_movie_info_idx", "Relation Name": "movie_info_idx", "Alias": "mi_idx", "Startup Cost": 0.0, "Total Cost": 34873.91, "Plan Rows": 345008, "Plan Width": 13, "Index Cond": "(info_type_id = it2.id), (LLVM Optimized)"}]}, {"Node Type": "Index Scan", "Parent Relationship": "Inner", "Scan Direction": "Forward", "Index Name": "movie_id_movie_info", "Relation Name": "movie_info", "Alias": "mi", "Startup Cost": 0.0, "Total Cost": 0.98, "Plan Rows": 1, "Plan Width": 50, "Index Cond": "(movie_id = mi_idx.movie_id)", "Filter": "((info)::text = ANY ('{Horror,Action,Sci-Fi,Thriller,Crime,War}'::text[]))"}]}, {"Node Type": "Hash", "Parent Relationship": "Inner", "Startup Cost": 14.21, "Total Cost": 14.21, "Plan Rows": 1, "Plan Width": 4, "Plans": [{"Node Type": "Index Scan", "Parent Relationship": "Outer", "Scan Direction": "Forward", "Index Name": "info_type_pkey", "Relation Name": "info_type", "Alias": "it1", "Startup Cost": 0.0, "Total Cost": 14.21, "Plan Rows": 1, "Plan Width": 4, "Filter": "((info)::text = 'genres'::text)"}]}]}, {"Node Type": "Index Scan", "Parent Relationship": "Inner", "Scan Direction": "Forward", "Index Name": "title_pkey", "Relation Name": "title", "Alias": "t", "Startup Cost": 0.0, "Total Cost": 0.4, "Plan Rows": 1, "Plan Width": 21, "Index Cond": "(id = mi_idx.movie_id)"}]}, {"Node Type": "Index Scan", "Parent Relationship": "Inner", "Scan Direction": "Forward", "Index Name": "movie_id_cast_info", "Relation Name": "cast_info", "Alias": "ci", "Startup Cost": 0.0, "Total Cost": 1.01, "Plan Rows": 1, "Plan Width": 8, "Index Cond": "(movie_id = t.id)", "Filter": "((note)::text = ANY ('{(writer),\"(head writer)\",\"(written by)\",(story),\"(story editor)\"}'::text[]))"}]}, {"Node Type": "Index Scan", "Parent Relationship": "Inner", "Scan Direction": "Forward", "Index Name": "name_pkey", "Relation Name": "name", "Alias": "n", "Startup Cost": 0.0, "Total Cost": 0.49, "Plan Rows": 1, "Plan Width": 4, "Index Cond": "(id = ci.person_id)", "Filter": "((gender)::text = 'm'::text)"}]}]}, "Unique SQL Id": 3913857139, "Planner Runtime": 20}, "explain_analyze_plan": {"Plan": {"Node Type": "Aggregate", "Strategy": "Plain", "Startup Cost": 383291.22, "Total Cost": 383291.23, "Plan Rows": 1, "Plan Width": 160, "Actual Startup Time": 19259.004, "Actual Total Time": 19259.005, "Actual Rows": 1, "Actual Loops": 1, "Plans": [{"Node Type": "Nested Loop", "Parent Relationship": "Outer", "Join Type": "Inner", "Startup Cost": 14.22, "Total Cost": 383280.62, "Plan Rows": 1413, "Plan Width": 64, "Actual Startup Time": 29.305, "Actual Total Time": 19217.102, "Actual Rows": 28073, "Actual Loops": 1, "Inner Unique": true, "Plans": [{"Node Type": "Nested Loop", "Parent Relationship": "Outer", "Join Type": "Inner", "Startup Cost": 14.22, "Total Cost": 382701.35, "Plan Rows": 1155, "Plan Width": 68, "Actual Startup Time": 14.528, "Actual Total Time": 18797.558, "Actual Rows": 54155, "Actual Loops": 1, "Inner Unique": false, "Plans": [{"Node Type": "Nested Loop", "Parent Relationship": "Outer", "Join Type": "Inner", "Startup Cost": 14.22, "Total Cost": 381639.72, "Plan Rows": 1044, "Plan Width": 76, "Actual Startup Time": 0.878, "Actual Total Time": 10051.366, "Actual Rows": 102516, "Actual Loops": 1, "Inner Unique": true, "Join Filter": "(mi.movie_id = t.id)", "Rows Removed by Join Filter": 0, "Plans": [{"Node Type": "Hash Join", "Parent Relationship": "Outer", "Join Type": "Inner", "Startup Cost": 14.22, "Total Cost": 381211.53, "Plan Rows": 1044, "Plan Width": 55, "Actual Startup Time": 0.866, "Actual Total Time": 9471.109, "Actual Rows": 102516, "Actual Loops": 1, "Inner Unique": true, "Hash Cond": "(mi.info_type_id = it1.id)", "Plans": [{"Node Type": "Nested Loop", "Parent Relationship": "Outer", "Join Type": "Inner", "Startup Cost": 0.0, "Total Cost": 380590.58, "Plan Rows": 229029, "Plan Width": 59, "Actual Startup Time": 0.763, "Actual Total Time": 9407.471, "Actual Rows": 104892, "Actual Loops": 1, "Inner Unique": false, "Plans": [{"Node Type": "Nested Loop", "Parent Relationship": "Outer", "Join Type": "Inner", "Startup Cost": 0.0, "Total Cost": 38338.2, "Plan Rows": 345008, "Plan Width": 9, "Actual Startup Time": 0.084, "Actual Total Time": 400.015, "Actual Rows": 459925, "Actual Loops": 1, "Inner Unique": false, "Plans": [{"Node Type": "Index Scan", "Parent Relationship": "Outer", "Scan Direction": "Forward", "Index Name": "info_type_pkey", "Relation Name": "info_type", "Alias": "it2", "Startup Cost": 0.0, "Total Cost": 14.21, "Plan Rows": 1, "Plan Width": 4, "Actual Startup Time": 0.066, "Actual Total Time": 0.085, "Actual Rows": 1, "Actual Loops": 1, "Filter": "((info)::text = 'votes'::text)", "Rows Removed by Filter": 111}, {"Node Type": "Index Scan", "Parent Relationship": "Inner", "Scan Direction": "Forward", "Index Name": "info_type_id_movie_info_idx", "Relation Name": "movie_info_idx", "Alias": "mi_idx", "Startup Cost": 0.0, "Total Cost": 34873.91, "Plan Rows": 345008, "Plan Width": 13, "Actual Startup Time": 0.015, "Actual Total Time": 291.803, "Actual Rows": 459925, "Actual Loops": 1, "Index Cond": "(info_type_id = it2.id), (LLVM Optimized, Jit Execute)", "Rows Removed by Index Recheck": 0}]}, {"Node Type": "Index Scan", "Parent Relationship": "Inner", "Scan Direction": "Forward", "Index Name": "movie_id_movie_info", "Relation Name": "movie_info", "Alias": "mi", "Startup Cost": 0.0, "Total Cost": 0.98, "Plan Rows": 1, "Plan Width": 50, "Actual Startup Time": 8582.993, "Actual Total Time": 8745.256, "Actual Rows": 104892, "Actual Loops": 459925, "Index Cond": "(movie_id = mi_idx.movie_id)", "Rows Removed by Index Recheck": 0, "Filter": "((info)::text = ANY ('{Horror,Action,Sci-Fi,Thriller,Crime,War}'::text[]))", "Rows Removed by Filter": 6825442}]}, {"Node Type": "Hash", "Parent Relationship": "Inner", "Startup Cost": 14.21, "Total Cost": 14.21, "Plan Rows": 1, "Plan Width": 4, "Actual Startup Time": 0.064, "Actual Total Time": 0.064, "Actual Rows": 1, "Actual Loops": 1, "Hash Buckets": 32768, "Hash Batches": 1, "Original Hash Batches": 1, "Peak Memory Usage": 1, "Plans": [{"Node Type": "Index Scan", "Parent Relationship": "Outer", "Scan Direction": "Forward", "Index Name": "info_type_pkey", "Relation Name": "info_type", "Alias": "it1", "Startup Cost": 0.0, "Total Cost": 14.21, "Plan Rows": 1, "Plan Width": 4, "Actual Startup Time": 0.013, "Actual Total Time": 0.058, "Actual Rows": 1, "Actual Loops": 1, "Filter": "((info)::text = 'genres'::text)", "Rows Removed by Filter": 111}]}]}, {"Node Type": "Index Scan", "Parent Relationship": "Inner", "Scan Direction": "Forward", "Index Name": "title_pkey", "Relation Name": "title", "Alias": "t", "Startup Cost": 0.0, "Total Cost": 0.4, "Plan Rows": 1, "Plan Width": 21, "Actual Startup Time": 461.411, "Actual Total Time": 461.411, "Actual Rows": 102516, "Actual Loops": 102516, "Index Cond": "(id = mi_idx.movie_id)", "Rows Removed by Index Recheck": 0}]}, {"Node Type": "Index Scan", "Parent Relationship": "Inner", "Scan Direction": "Forward", "Index Name": "movie_id_cast_info", "Relation Name": "cast_info", "Alias": "ci", "Startup Cost": 0.0, "Total Cost": 1.01, "Plan Rows": 1, "Plan Width": 8, "Actual Startup Time": 7392.589, "Actual Total Time": 8673.748, "Actual Rows": 54155, "Actual Loops": 102516, "Index Cond": "(movie_id = t.id)", "Rows Removed by Index Recheck": 0, "Filter": "((note)::text = ANY ('{(writer),\"(head writer)\",\"(written by)\",(story),\"(story editor)\"}'::text[]))", "Rows Removed by Filter": 3987641}]}, {"Node Type": "Index Scan", "Parent Relationship": "Inner", "Scan Direction": "Forward", "Index Name": "name_pkey", "Relation Name": "name", "Alias": "n", "Startup Cost": 0.0, "Total Cost": 0.49, "Plan Rows": 1, "Plan Width": 4, "Actual Startup Time": 372.818, "Actual Total Time": 372.818, "Actual Rows": 28073, "Actual Loops": 54155, "Index Cond": "(id = ci.person_id)", "Rows Removed by Index Recheck": 0, "Filter": "((gender)::text = 'm'::text)", "Rows Removed by Filter": 26082}]}]}, "Triggers": [], "Planner Runtime": 8, "Total Runtime": 19267.881, "Unique SQL Id": 3913857139}}, "(1, 74)": {"explain_plan": {"Plan": {"Node Type": "Aggregate", "Strategy": "Plain", "Startup Cost": 1484668.98, "Total Cost": 1484668.99, "Plan Rows": 1, "Plan Width": 160, "Plans": [{"Node Type": "Hash Join", "Parent Relationship": "Outer", "Join Type": "Inner", "Startup Cost": 651541.77, "Total Cost": 1484658.39, "Plan Rows": 1413, "Plan Width": 64, "Inner Unique": true, "Hash Cond": "(ci.person_id = n.id)", "Plans": [{"Node Type": "Hash Join", "Parent Relationship": "Outer", "Join Type": "Inner", "Startup Cost": 526292.22, "Total Cost": 1359390.38, "Plan Rows": 1155, "Plan Width": 68, "Inner Unique": false, "Hash Cond": "(ci.movie_id = t.id)", "Plans": [{"Node Type": "Seq Scan", "Parent Relationship": "Outer", "Relation Name": "cast_info", "Alias": "ci", "Startup Cost": 0.0, "Total Cost": 828499.78, "Plan Rows": 1223154, "Plan Width": 8, "Filter": "((note)::text = ANY ('{(writer),\"(head writer)\",\"(written by)\",(story),\"(story editor)\"}'::text[]))"}, {"Node Type": "Hash", "Parent Relationship": "Inner", "Startup Cost": 526279.17, "Total Cost": 526279.17, "Plan Rows": 1044, "Plan Width": 76, "Plans": [{"Node Type": "Hash Join", "Parent Relationship": "Outer", "Join Type": "Inner", "Startup Cost": 500765.33, "Total Cost": 526279.17, "Plan Rows": 1044, "Plan Width": 76, "Inner Unique": true, "Hash Cond": "(mi_idx.info_type_id = it2.id)", "Plans": [{"Node Type": "Hash Join", "Parent Relationship": "Outer", "Join Type": "Inner", "Startup Cost": 500762.92, "Total Cost": 526254.14, "Plan Rows": 4175, "Plan Width": 80, "Inner Unique": false, "Hash Cond": "(mi_idx.movie_id = t.id)", "Plans": [{"Node Type": "Seq Scan", "Parent Relationship": "Outer", "Relation Name": "movie_info_idx", "Alias": "mi_idx", "Startup Cost": 0.0, "Total Cost": 20274.34, "Plan Rows": 1380034, "Plan Width": 13}, {"Node Type": "Hash", "Parent Relationship": "Inner", "Startup Cost": 500728.96, "Total Cost": 500728.96, "Plan Rows": 2717, "Plan Width": 67, "Plans": [{"Node Type": "Hash Join", "Parent Relationship": "Outer", "Join Type": "Inner", "Startup Cost": 91675.41, "Total Cost": 500728.96, "Plan Rows": 2717, "Plan Width": 67, "Inner Unique": true, "Hash Cond": "(mi.movie_id = t.id)", "Plans": [{"Node Type": "Hash Join", "Parent Relationship": "Outer", "Join Type": "Inner", "Startup Cost": 2.41, "Total Cost": 409018.6, "Plan Rows": 2717, "Plan Width": 46, "Inner Unique": true, "Hash Cond": "(mi.info_type_id = it1.id)", "Plans": [{"Node Type": "Seq Scan", "Parent Relationship": "Outer", "Relation Name": "movie_info", "Alias": "mi", "Startup Cost": 0.0, "Total Cost": 408512.41, "Plan Rows": 190170, "Plan Width": 50, "Filter": "((info)::text = ANY ('{Horror,Action,Sci-Fi,Thriller,Crime,War}'::text[]))"}, {"Node Type": "Hash", "Parent Relationship": "Inner", "Startup Cost": 2.4, "Total Cost": 2.4, "Plan Rows": 1, "Plan Width": 4, "Plans": [{"Node Type": "Seq Scan", "Parent Relationship": "Outer", "Relation Name": "info_type", "Alias": "it1", "Startup Cost": 0.0, "Total Cost": 2.4, "Plan Rows": 1, "Plan Width": 4, "Filter": "((info)::text = 'genres'::text)"}]}]}, {"Node Type": "Hash", "Parent Relationship": "Inner", "Startup Cost": 60069.11, "Total Cost": 60069.11, "Plan Rows": 2528311, "Plan Width": 21, "Plans": [{"Node Type": "Seq Scan", "Parent Relationship": "Outer", "Relation Name": "title", "Alias": "t", "Startup Cost": 0.0, "Total Cost": 60069.11, "Plan Rows": 2528311, "Plan Width": 21}]}]}]}]}, {"Node Type": "Hash", "Parent Relationship": "Inner", "Startup Cost": 2.4, "Total Cost": 2.4, "Plan Rows": 1, "Plan Width": 4, "Plans": [{"Node Type": "Seq Scan", "Parent Relationship": "Outer", "Relation Name": "info_type", "Alias": "it2", "Startup Cost": 0.0, "Total Cost": 2.4, "Plan Rows": 1, "Plan Width": 4, "Filter": "((info)::text = 'votes'::text)"}]}]}]}]}, {"Node Type": "Hash", "Parent Relationship": "Inner", "Startup Cost": 103490.62, "Total Cost": 103490.62, "Plan Rows": 1740714, "Plan Width": 4, "Plans": [{"Node Type": "Seq Scan", "Parent Relationship": "Outer", "Relation Name": "name", "Alias": "n", "Startup Cost": 0.0, "Total Cost": 103490.62, "Plan Rows": 1740714, "Plan Width": 4, "Filter": "((gender)::text = 'm'::text), (LLVM Optimized)"}]}]}]}, "Unique SQL Id": 3913857139, "Planner Runtime": 46}, "explain_analyze_plan": {"Plan": {"Node Type": "Aggregate", "Strategy": "Plain", "Startup Cost": 1484668.98, "Total Cost": 1484668.99, "Plan Rows": 1, "Plan Width": 160, "Actual Startup Time": 26672.131, "Actual Total Time": 26672.131, "Actual Rows": 1, "Actual Loops": 1, "Plans": [{"Node Type": "Hash Join", "Parent Relationship": "Outer", "Join Type": "Inner", "Startup Cost": 651541.77, "Total Cost": 1484658.39, "Plan Rows": 1413, "Plan Width": 64, "Actual Startup Time": 13229.219, "Actual Total Time": 26650.095, "Actual Rows": 28073, "Actual Loops": 1, "Inner Unique": true, "Hash Cond": "(ci.person_id = n.id)", "Plans": [{"Node Type": "Hash Join", "Parent Relationship": "Outer", "Join Type": "Inner", "Startup Cost": 526292.22, "Total Cost": 1359390.38, "Plan Rows": 1155, "Plan Width": 68, "Actual Startup Time": 11216.557, "Actual Total Time": 24595.878, "Actual Rows": 54155, "Actual Loops": 1, "Inner Unique": false, "Hash Cond": "(ci.movie_id = t.id)", "Plans": [{"Node Type": "Seq Scan", "Parent Relationship": "Outer", "Relation Name": "cast_info", "Alias": "ci", "Startup Cost": 0.0, "Total Cost": 828499.78, "Plan Rows": 1223154, "Plan Width": 8, "Actual Startup Time": 388.251, "Actual Total Time": 13877.358, "Actual Rows": 1244716, "Actual Loops": 1, "Filter": "((note)::text = ANY ('{(writer),\"(head writer)\",\"(written by)\",(story),\"(story editor)\"}'::text[]))", "Rows Removed by Filter": 34999627}, {"Node Type": "Hash", "Parent Relationship": "Inner", "Startup Cost": 526279.17, "Total Cost": 526279.17, "Plan Rows": 1044, "Plan Width": 76, "Actual Startup Time": 10257.196, "Actual Total Time": 10257.196, "Actual Rows": 102516, "Actual Loops": 1, "Hash Buckets": 32768, "Hash Batches": 1, "Original Hash Batches": 1, "Peak Memory Usage": 7647, "Plans": [{"Node Type": "Hash Join", "Parent Relationship": "Outer", "Join Type": "Inner", "Startup Cost": 500765.33, "Total Cost": 526279.17, "Plan Rows": 1044, "Plan Width": 76, "Actual Startup Time": 9342.497, "Actual Total Time": 10219.023, "Actual Rows": 102516, "Actual Loops": 1, "Inner Unique": true, "Hash Cond": "(mi_idx.info_type_id = it2.id)", "Plans": [{"Node Type": "Hash Join", "Parent Relationship": "Outer", "Join Type": "Inner", "Startup Cost": 500762.92, "Total Cost": 526254.14, "Plan Rows": 4175, "Plan Width": 80, "Actual Startup Time": 9342.374, "Actual Total Time": 10145.91, "Actual Rows": 307785, "Actual Loops": 1, "Inner Unique": false, "Hash Cond": "(mi_idx.movie_id = t.id)", "Plans": [{"Node Type": "Seq Scan", "Parent Relationship": "Outer", "Relation Name": "movie_info_idx", "Alias": "mi_idx", "Startup Cost": 0.0, "Total Cost": 20274.34, "Plan Rows": 1380034, "Plan Width": 13, "Actual Startup Time": 0.038, "Actual Total Time": 314.132, "Actual Rows": 1380034, "Actual Loops": 1}, {"Node Type": "Hash", "Parent Relationship": "Inner", "Startup Cost": 500728.96, "Total Cost": 500728.96, "Plan Rows": 2717, "Plan Width": 67, "Actual Startup Time": 9338.569, "Actual Total Time": 9338.569, "Actual Rows": 186594, "Actual Loops": 1, "Hash Buckets": 32768, "Hash Batches": 1, "Original Hash Batches": 1, "Peak Memory Usage": 12274, "Plans": [{"Node Type": "Hash Join", "Parent Relationship": "Outer", "Join Type": "Inner", "Startup Cost": 91675.41, "Total Cost": 500728.96, "Plan Rows": 2717, "Plan Width": 67, "Actual Startup Time": 8214.024, "Actual Total Time": 9273.695, "Actual Rows": 186594, "Actual Loops": 1, "Inner Unique": true, "Hash Cond": "(mi.movie_id = t.id)", "Plans": [{"Node Type": "Hash Join", "Parent Relationship": "Outer", "Join Type": "Inner", "Startup Cost": 2.41, "Total Cost": 409018.6, "Plan Rows": 2717, "Plan Width": 46, "Actual Startup Time": 6534.423, "Actual Total Time": 7491.513, "Actual Rows": 186594, "Actual Loops": 1, "Inner Unique": true, "Hash Cond": "(mi.info_type_id = it1.id)", "Plans": [{"Node Type": "Seq Scan", "Parent Relationship": "Outer", "Relation Name": "movie_info", "Alias": "mi", "Startup Cost": 0.0, "Total Cost": 408512.41, "Plan Rows": 190170, "Plan Width": 50, "Actual Startup Time": 3532.118, "Actual Total Time": 7408.039, "Actual Rows": 188971, "Actual Loops": 1, "Filter": "((info)::text = ANY ('{Horror,Action,Sci-Fi,Thriller,Crime,War}'::text[]))", "Rows Removed by Filter": 14646748}, {"Node Type": "Hash", "Parent Relationship": "Inner", "Startup Cost": 2.4, "Total Cost": 2.4, "Plan Rows": 1, "Plan Width": 4, "Actual Startup Time": 0.085, "Actual Total Time": 0.085, "Actual Rows": 1, "Actual Loops": 1, "Hash Buckets": 32768, "Hash Batches": 1, "Original Hash Batches": 1, "Peak Memory Usage": 1, "Plans": [{"Node Type": "Seq Scan", "Parent Relationship": "Outer", "Relation Name": "info_type", "Alias": "it1", "Startup Cost": 0.0, "Total Cost": 2.4, "Plan Rows": 1, "Plan Width": 4, "Actual Startup Time": 0.051, "Actual Total Time": 0.075, "Actual Rows": 1, "Actual Loops": 1, "Filter": "((info)::text = 'genres'::text)", "Rows Removed by Filter": 111}]}]}, {"Node Type": "Hash", "Parent Relationship": "Inner", "Startup Cost": 60069.11, "Total Cost": 60069.11, "Plan Rows": 2528311, "Plan Width": 21, "Actual Startup Time": 1677.078, "Actual Total Time": 1677.078, "Actual Rows": 2528311, "Actual Loops": 1, "Hash Buckets": 4194304, "Hash Batches": 1, "Original Hash Batches": 1, "Peak Memory Usage": 135869, "Plans": [{"Node Type": "Seq Scan", "Parent Relationship": "Outer", "Relation Name": "title", "Alias": "t", "Startup Cost": 0.0, "Total Cost": 60069.11, "Plan Rows": 2528311, "Plan Width": 21, "Actual Startup Time": 0.029, "Actual Total Time": 840.375, "Actual Rows": 2528311, "Actual Loops": 1}]}]}]}]}, {"Node Type": "Hash", "Parent Relationship": "Inner", "Startup Cost": 2.4, "Total Cost": 2.4, "Plan Rows": 1, "Plan Width": 4, "Actual Startup Time": 0.073, "Actual Total Time": 0.073, "Actual Rows": 1, "Actual Loops": 1, "Hash Buckets": 32768, "Hash Batches": 1, "Original Hash Batches": 1, "Peak Memory Usage": 1, "Plans": [{"Node Type": "Seq Scan", "Parent Relationship": "Outer", "Relation Name": "info_type", "Alias": "it2", "Startup Cost": 0.0, "Total Cost": 2.4, "Plan Rows": 1, "Plan Width": 4, "Actual Startup Time": 0.059, "Actual Total Time": 0.064, "Actual Rows": 1, "Actual Loops": 1, "Filter": "((info)::text = 'votes'::text)", "Rows Removed by Filter": 111}]}]}]}]}, {"Node Type": "Hash", "Parent Relationship": "Inner", "Startup Cost": 103490.62, "Total Cost": 103490.62, "Plan Rows": 1740714, "Plan Width": 4, "Actual Startup Time": 2011.361, "Actual Total Time": 2011.361, "Actual Rows": 1739578, "Actual Loops": 1, "Hash Buckets": 2097152, "Hash Batches": 1, "Original Hash Batches": 1, "Peak Memory Usage": 61158, "Plans": [{"Node Type": "Seq Scan", "Parent Relationship": "Outer", "Relation Name": "name", "Alias": "n", "Startup Cost": 0.0, "Total Cost": 103490.62, "Plan Rows": 1740714, "Plan Width": 4, "Actual Startup Time": 0.036, "Actual Total Time": 1413.093, "Actual Rows": 1739578, "Actual Loops": 1, "Filter": "((gender)::text = 'm'::text), (LLVM Optimized, Jit Execute)", "Rows Removed by Filter": 2427912}]}]}]}, "Triggers": [], "Planner Runtime": 27, "Total Runtime": 26682.886, "Unique SQL Id": 3913857139}}, "(1, 75)": {"explain_plan": {"Plan": {"Node Type": "Aggregate", "Strategy": "Plain", "Startup Cost": 6995128315390.61, "Total Cost": 6995128315390.62, "Plan Rows": 1, "Plan Width": 160, "Plans": [{"Node Type": "Hash Join", "Parent Relationship": "Outer", "Join Type": "Inner", "Startup Cost": 3040055574239.93, "Total Cost": 6995128315380.02, "Plan Rows": 1413, "Plan Width": 64, "Inner Unique": true, "Hash Cond": "(ci.person_id = n.id)", "Plans": [{"Node Type": "Hash Join", "Parent Relationship": "Outer", "Join Type": "Inner", "Startup Cost": 2040036887333.8, "Total Cost": 5995109628455.42, "Plan Rows": 1155, "Plan Width": 68, "Inner Unique": true, "Hash Cond": "(mi_idx.info_type_id = it2.id)", "Plans": [{"Node Type": "Hash Join", "Parent Relationship": "Outer", "Join Type": "Inner", "Startup Cost": 1040036885912.79, "Total Cost": 4995109627009.39, "Plan Rows": 4619, "Plan Width": 72, "Inner Unique": true, "Hash Cond": "(mi.info_type_id = it1.id)", "Plans": [{"Node Type": "Merge Join", "Parent Relationship": "Outer", "Join Type": "Inner", "Startup Cost": 40036884491.78, "Total Cost": 3995109624731.85, "Plan Rows": 323326, "Plan Width": 76, "Inner Unique": false, "Merge Cond": "(t.id = mi_idx.movie_id)", "Plans": [{"Node Type": "Merge Join", "Parent Relationship": "Outer", "Join Type": "Inner", "Startup Cost": 30031145475.76, "Total Cost": 2997883829352.79, "Plan Rows": 210398, "Plan Width": 79, "Inner Unique": false, "Merge Cond": "(t.id = ci.movie_id)", "Plans": [{"Node Type": "Merge Join", "Parent Relationship": "Outer", "Join Type": "Inner", "Startup Cost": 20024668916.98, "Total Cost": 1999424688065.12, "Plan Rows": 190170, "Plan Width": 71, "Inner Unique": true, "Merge Cond": "(mi.movie_id = t.id)", "Plans": [{"Node Type": "Index Scan", "Parent Relationship": "Outer", "Scan Direction": "Forward", "Index Name": "movie_id_movie_info", "Relation Name": "movie_info", "Alias": "mi", "Startup Cost": 10000000000.0, "Total Cost": 1000114969386.72, "Plan Rows": 190170, "Plan Width": 50, "Filter": "((info)::text = ANY ('{Horror,Action,Sci-Fi,Thriller,Crime,War}'::text[]))"}, {"Node Type": "Index Scan", "Parent Relationship": "Inner", "Scan Direction": "Forward", "Index Name": "title_pkey", "Relation Name": "title", "Alias": "t", "Startup Cost": 10000000000.0, "Total Cost": 1000011012048.91, "Plan Rows": 2528311, "Plan Width": 21}]}, {"Node Type": "Index Scan", "Parent Relationship": "Inner", "Scan Direction": "Forward", "Index Name": "movie_id_cast_info", "Relation Name": "cast_info", "Alias": "ci", "Startup Cost": 10000000000.0, "Total Cost": 1000228594573.05, "Plan Rows": 1223154, "Plan Width": 8, "Filter": "((note)::text = ANY ('{(writer),\"(head writer)\",\"(written by)\",(story),\"(story editor)\"}'::text[]))"}]}, {"Node Type": "Index Scan", "Parent Relationship": "Inner", "Scan Direction": "Forward", "Index Name": "movie_id_movie_info_idx", "Relation Name": "movie_info_idx", "Alias": "mi_idx", "Startup Cost": 10000000000.0, "Total Cost": 1000004650035.37, "Plan Rows": 1380034, "Plan Width": 13}]}, {"Node Type": "Hash", "Parent Relationship": "Inner", "Startup Cost": 1000000001421.0, "Total Cost": 1000000001421.0, "Plan Rows": 1, "Plan Width": 4, "Plans": [{"Node Type": "Index Scan", "Parent Relationship": "Outer", "Scan Direction": "Forward", "Index Name": "info_type_pkey", "Relation Name": "info_type", "Alias": "it1", "Startup Cost": 10000000000.0, "Total Cost": 1000000001421.0, "Plan Rows": 1, "Plan Width": 4, "Filter": "((info)::text = 'genres'::text)"}]}]}, {"Node Type": "Hash", "Parent Relationship": "Inner", "Startup Cost": 1000000001421.0, "Total Cost": 1000000001421.0, "Plan Rows": 1, "Plan Width": 4, "Plans": [{"Node Type": "Index Scan", "Parent Relationship": "Outer", "Scan Direction": "Forward", "Index Name": "info_type_pkey", "Relation Name": "info_type", "Alias": "it2", "Startup Cost": 10000000000.0, "Total Cost": 1000000001421.0, "Plan Rows": 1, "Plan Width": 4, "Filter": "((info)::text = 'votes'::text)"}]}]}, {"Node Type": "Hash", "Parent Relationship": "Inner", "Startup Cost": 1000018665147.2, "Total Cost": 1000018665147.2, "Plan Rows": 1740714, "Plan Width": 4, "Plans": [{"Node Type": "Index Scan", "Parent Relationship": "Outer", "Scan Direction": "Forward", "Index Name": "name_pkey", "Relation Name": "name", "Alias": "n", "Startup Cost": 10000000000.0, "Total Cost": 1000018665147.2, "Plan Rows": 1740714, "Plan Width": 4, "Filter": "((gender)::text = 'm'::text), (LLVM Optimized)"}]}]}]}, "Unique SQL Id": 3913857139, "Planner Runtime": 81}, "explain_analyze_plan": null}, "(1, 76)": {"explain_plan": {"Plan": {"Node Type": "Aggregate", "Strategy": "Plain", "Startup Cost": 372126.75, "Total Cost": 372126.76, "Plan Rows": 1, "Plan Width": 160, "Plans": [{"Node Type": "Nested Loop", "Parent Relationship": "Outer", "Join Type": "Inner", "Startup Cost": 4.83, "Total Cost": 372116.15, "Plan Rows": 1413, "Plan Width": 64, "Inner Unique": true, "Plans": [{"Node Type": "Nested Loop", "Parent Relationship": "Outer", "Join Type": "Inner", "Startup Cost": 4.83, "Total Cost": 371536.89, "Plan Rows": 1155, "Plan Width": 68, "Inner Unique": false, "Plans": [{"Node Type": "Nested Loop", "Parent Relationship": "Outer", "Join Type": "Inner", "Startup Cost": 4.83, "Total Cost": 370475.25, "Plan Rows": 1044, "Plan Width": 76, "Inner Unique": true, "Join Filter": "(mi.movie_id = t.id)", "Plans": [{"Node Type": "Hash Join", "Parent Relationship": "Outer", "Join Type": "Inner", "Startup Cost": 4.83, "Total Cost": 370047.06, "Plan Rows": 1044, "Plan Width": 55, "Inner Unique": true, "Hash Cond": "(mi.info_type_id = it1.id)", "Plans": [{"Node Type": "Nested Loop", "Parent Relationship": "Outer", "Join Type": "Inner", "Startup Cost": 2.41, "Total Cost": 369437.93, "Plan Rows": 229029, "Plan Width": 59, "Inner Unique": false, "Plans": [{"Node Type": "Hash Join", "Parent Relationship": "Outer", "Join Type": "Inner", "Startup Cost": 2.41, "Total Cost": 27185.54, "Plan Rows": 345008, "Plan Width": 9, "Inner Unique": true, "Hash Cond": "(mi_idx.info_type_id = it2.id), (LLVM Optimized)", "Plans": [{"Node Type": "Seq Scan", "Parent Relationship": "Outer", "Relation Name": "movie_info_idx", "Alias": "mi_idx", "Startup Cost": 0.0, "Total Cost": 20274.34, "Plan Rows": 1380034, "Plan Width": 13}, {"Node Type": "Hash", "Parent Relationship": "Inner", "Startup Cost": 2.4, "Total Cost": 2.4, "Plan Rows": 1, "Plan Width": 4, "Plans": [{"Node Type": "Seq Scan", "Parent Relationship": "Outer", "Relation Name": "info_type", "Alias": "it2", "Startup Cost": 0.0, "Total Cost": 2.4, "Plan Rows": 1, "Plan Width": 4, "Filter": "((info)::text = 'votes'::text)"}]}]}, {"Node Type": "Index Scan", "Parent Relationship": "Inner", "Scan Direction": "Forward", "Index Name": "movie_id_movie_info", "Relation Name": "movie_info", "Alias": "mi", "Startup Cost": 0.0, "Total Cost": 0.98, "Plan Rows": 1, "Plan Width": 50, "Index Cond": "(movie_id = mi_idx.movie_id)", "Filter": "((info)::text = ANY ('{Horror,Action,Sci-Fi,Thriller,Crime,War}'::text[]))"}]}, {"Node Type": "Hash", "Parent Relationship": "Inner", "Startup Cost": 2.4, "Total Cost": 2.4, "Plan Rows": 1, "Plan Width": 4, "Plans": [{"Node Type": "Seq Scan", "Parent Relationship": "Outer", "Relation Name": "info_type", "Alias": "it1", "Startup Cost": 0.0, "Total Cost": 2.4, "Plan Rows": 1, "Plan Width": 4, "Filter": "((info)::text = 'genres'::text)"}]}]}, {"Node Type": "Index Scan", "Parent Relationship": "Inner", "Scan Direction": "Forward", "Index Name": "title_pkey", "Relation Name": "title", "Alias": "t", "Startup Cost": 0.0, "Total Cost": 0.4, "Plan Rows": 1, "Plan Width": 21, "Index Cond": "(id = mi_idx.movie_id)"}]}, {"Node Type": "Index Scan", "Parent Relationship": "Inner", "Scan Direction": "Forward", "Index Name": "movie_id_cast_info", "Relation Name": "cast_info", "Alias": "ci", "Startup Cost": 0.0, "Total Cost": 1.01, "Plan Rows": 1, "Plan Width": 8, "Index Cond": "(movie_id = t.id)", "Filter": "((note)::text = ANY ('{(writer),\"(head writer)\",\"(written by)\",(story),\"(story editor)\"}'::text[]))"}]}, {"Node Type": "Index Scan", "Parent Relationship": "Inner", "Scan Direction": "Forward", "Index Name": "name_pkey", "Relation Name": "name", "Alias": "n", "Startup Cost": 0.0, "Total Cost": 0.49, "Plan Rows": 1, "Plan Width": 4, "Index Cond": "(id = ci.person_id)", "Filter": "((gender)::text = 'm'::text)"}]}]}, "Unique SQL Id": 3913857139, "Planner Runtime": 27}, "explain_analyze_plan": {"Plan": {"Node Type": "Aggregate", "Strategy": "Plain", "Startup Cost": 372126.75, "Total Cost": 372126.76, "Plan Rows": 1, "Plan Width": 160, "Actual Startup Time": 19192.603, "Actual Total Time": 19192.603, "Actual Rows": 1, "Actual Loops": 1, "Plans": [{"Node Type": "Nested Loop", "Parent Relationship": "Outer", "Join Type": "Inner", "Startup Cost": 4.83, "Total Cost": 372116.15, "Plan Rows": 1413, "Plan Width": 64, "Actual Startup Time": 31.512, "Actual Total Time": 19147.091, "Actual Rows": 28073, "Actual Loops": 1, "Inner Unique": true, "Plans": [{"Node Type": "Nested Loop", "Parent Relationship": "Outer", "Join Type": "Inner", "Startup Cost": 4.83, "Total Cost": 371536.89, "Plan Rows": 1155, "Plan Width": 68, "Actual Startup Time": 15.051, "Actual Total Time": 18741.945, "Actual Rows": 54155, "Actual Loops": 1, "Inner Unique": false, "Plans": [{"Node Type": "Nested Loop", "Parent Relationship": "Outer", "Join Type": "Inner", "Startup Cost": 4.83, "Total Cost": 370475.25, "Plan Rows": 1044, "Plan Width": 76, "Actual Startup Time": 0.935, "Actual Total Time": 10307.429, "Actual Rows": 102516, "Actual Loops": 1, "Inner Unique": true, "Join Filter": "(mi.movie_id = t.id)", "Rows Removed by Join Filter": 0, "Plans": [{"Node Type": "Hash Join", "Parent Relationship": "Outer", "Join Type": "Inner", "Startup Cost": 4.83, "Total Cost": 370047.06, "Plan Rows": 1044, "Plan Width": 55, "Actual Startup Time": 0.924, "Actual Total Time": 9748.301, "Actual Rows": 102516, "Actual Loops": 1, "Inner Unique": true, "Hash Cond": "(mi.info_type_id = it1.id)", "Plans": [{"Node Type": "Nested Loop", "Parent Relationship": "Outer", "Join Type": "Inner", "Startup Cost": 2.41, "Total Cost": 369437.93, "Plan Rows": 229029, "Plan Width": 59, "Actual Startup Time": 0.821, "Actual Total Time": 9687.499, "Actual Rows": 104892, "Actual Loops": 1, "Inner Unique": false, "Plans": [{"Node Type": "Hash Join", "Parent Relationship": "Outer", "Join Type": "Inner", "Startup Cost": 2.41, "Total Cost": 27185.54, "Plan Rows": 345008, "Plan Width": 9, "Actual Startup Time": 0.113, "Actual Total Time": 801.634, "Actual Rows": 459925, "Actual Loops": 1, "Inner Unique": true, "Hash Cond": "(mi_idx.info_type_id = it2.id), (LLVM Optimized, Jit Execute)", "Plans": [{"Node Type": "Seq Scan", "Parent Relationship": "Outer", "Relation Name": "movie_info_idx", "Alias": "mi_idx", "Startup Cost": 0.0, "Total Cost": 20274.34, "Plan Rows": 1380034, "Plan Width": 13, "Actual Startup Time": 0.035, "Actual Total Time": 337.931, "Actual Rows": 1380034, "Actual Loops": 1}, {"Node Type": "Hash", "Parent Relationship": "Inner", "Startup Cost": 2.4, "Total Cost": 2.4, "Plan Rows": 1, "Plan Width": 4, "Actual Startup Time": 0.043, "Actual Total Time": 0.043, "Actual Rows": 1, "Actual Loops": 1, "Hash Buckets": 32768, "Hash Batches": 1, "Original Hash Batches": 1, "Peak Memory Usage": 1, "Plans": [{"Node Type": "Seq Scan", "Parent Relationship": "Outer", "Relation Name": "info_type", "Alias": "it2", "Startup Cost": 0.0, "Total Cost": 2.4, "Plan Rows": 1, "Plan Width": 4, "Actual Startup Time": 0.038, "Actual Total Time": 0.042, "Actual Rows": 1, "Actual Loops": 1, "Filter": "((info)::text = 'votes'::text)", "Rows Removed by Filter": 111}]}]}, {"Node Type": "Index Scan", "Parent Relationship": "Inner", "Scan Direction": "Forward", "Index Name": "movie_id_movie_info", "Relation Name": "movie_info", "Alias": "mi", "Startup Cost": 0.0, "Total Cost": 0.98, "Plan Rows": 1, "Plan Width": 50, "Actual Startup Time": 8455.651, "Actual Total Time": 8614.673, "Actual Rows": 104892, "Actual Loops": 459925, "Index Cond": "(movie_id = mi_idx.movie_id)", "Rows Removed by Index Recheck": 0, "Filter": "((info)::text = ANY ('{Horror,Action,Sci-Fi,Thriller,Crime,War}'::text[]))", "Rows Removed by Filter": 6825442}]}, {"Node Type": "Hash", "Parent Relationship": "Inner", "Startup Cost": 2.4, "Total Cost": 2.4, "Plan Rows": 1, "Plan Width": 4, "Actual Startup Time": 0.061, "Actual Total Time": 0.061, "Actual Rows": 1, "Actual Loops": 1, "Hash Buckets": 32768, "Hash Batches": 1, "Original Hash Batches": 1, "Peak Memory Usage": 1, "Plans": [{"Node Type": "Seq Scan", "Parent Relationship": "Outer", "Relation Name": "info_type", "Alias": "it1", "Startup Cost": 0.0, "Total Cost": 2.4, "Plan Rows": 1, "Plan Width": 4, "Actual Startup Time": 0.032, "Actual Total Time": 0.055, "Actual Rows": 1, "Actual Loops": 1, "Filter": "((info)::text = 'genres'::text)", "Rows Removed by Filter": 111}]}]}, {"Node Type": "Index Scan", "Parent Relationship": "Inner", "Scan Direction": "Forward", "Index Name": "title_pkey", "Relation Name": "title", "Alias": "t", "Startup Cost": 0.0, "Total Cost": 0.4, "Plan Rows": 1, "Plan Width": 21, "Actual Startup Time": 445.886, "Actual Total Time": 445.886, "Actual Rows": 102516, "Actual Loops": 102516, "Index Cond": "(id = mi_idx.movie_id)", "Rows Removed by Index Recheck": 0}]}, {"Node Type": "Index Scan", "Parent Relationship": "Inner", "Scan Direction": "Forward", "Index Name": "movie_id_cast_info", "Relation Name": "cast_info", "Alias": "ci", "Startup Cost": 0.0, "Total Cost": 1.01, "Plan Rows": 1, "Plan Width": 8, "Actual Startup Time": 7133.131, "Actual Total Time": 8362.485, "Actual Rows": 54155, "Actual Loops": 102516, "Index Cond": "(movie_id = t.id)", "Rows Removed by Index Recheck": 0, "Filter": "((note)::text = ANY ('{(writer),\"(head writer)\",\"(written by)\",(story),\"(story editor)\"}'::text[]))", "Rows Removed by Filter": 3987641}]}, {"Node Type": "Index Scan", "Parent Relationship": "Inner", "Scan Direction": "Forward", "Index Name": "name_pkey", "Relation Name": "name", "Alias": "n", "Startup Cost": 0.0, "Total Cost": 0.49, "Plan Rows": 1, "Plan Width": 4, "Actual Startup Time": 360.06, "Actual Total Time": 360.06, "Actual Rows": 28073, "Actual Loops": 54155, "Index Cond": "(id = ci.person_id)", "Rows Removed by Index Recheck": 0, "Filter": "((gender)::text = 'm'::text)", "Rows Removed by Filter": 26082}]}]}, "Triggers": [], "Planner Runtime": 11, "Total Runtime": 19201.435, "Unique SQL Id": 3913857139}}, "(1, 77)": {"explain_plan": {"Plan": {"Node Type": "Aggregate", "Strategy": "Plain", "Startup Cost": 383291.22, "Total Cost": 383291.23, "Plan Rows": 1, "Plan Width": 160, "Plans": [{"Node Type": "Nested Loop", "Parent Relationship": "Outer", "Join Type": "Inner", "Startup Cost": 14.22, "Total Cost": 383280.62, "Plan Rows": 1413, "Plan Width": 64, "Inner Unique": true, "Plans": [{"Node Type": "Nested Loop", "Parent Relationship": "Outer", "Join Type": "Inner", "Startup Cost": 14.22, "Total Cost": 382701.35, "Plan Rows": 1155, "Plan Width": 68, "Inner Unique": false, "Plans": [{"Node Type": "Nested Loop", "Parent Relationship": "Outer", "Join Type": "Inner", "Startup Cost": 14.22, "Total Cost": 381639.72, "Plan Rows": 1044, "Plan Width": 76, "Inner Unique": true, "Join Filter": "(mi.movie_id = t.id)", "Plans": [{"Node Type": "Hash Join", "Parent Relationship": "Outer", "Join Type": "Inner", "Startup Cost": 14.22, "Total Cost": 381211.53, "Plan Rows": 1044, "Plan Width": 55, "Inner Unique": true, "Hash Cond": "(mi.info_type_id = it1.id)", "Plans": [{"Node Type": "Nested Loop", "Parent Relationship": "Outer", "Join Type": "Inner", "Startup Cost": 0.0, "Total Cost": 380590.58, "Plan Rows": 229029, "Plan Width": 59, "Inner Unique": false, "Plans": [{"Node Type": "Nested Loop", "Parent Relationship": "Outer", "Join Type": "Inner", "Startup Cost": 0.0, "Total Cost": 38338.2, "Plan Rows": 345008, "Plan Width": 9, "Inner Unique": false, "Plans": [{"Node Type": "Index Scan", "Parent Relationship": "Outer", "Scan Direction": "Forward", "Index Name": "info_type_pkey", "Relation Name": "info_type", "Alias": "it2", "Startup Cost": 0.0, "Total Cost": 14.21, "Plan Rows": 1, "Plan Width": 4, "Filter": "((info)::text = 'votes'::text)"}, {"Node Type": "Index Scan", "Parent Relationship": "Inner", "Scan Direction": "Forward", "Index Name": "info_type_id_movie_info_idx", "Relation Name": "movie_info_idx", "Alias": "mi_idx", "Startup Cost": 0.0, "Total Cost": 34873.91, "Plan Rows": 345008, "Plan Width": 13, "Index Cond": "(info_type_id = it2.id), (LLVM Optimized)"}]}, {"Node Type": "Index Scan", "Parent Relationship": "Inner", "Scan Direction": "Forward", "Index Name": "movie_id_movie_info", "Relation Name": "movie_info", "Alias": "mi", "Startup Cost": 0.0, "Total Cost": 0.98, "Plan Rows": 1, "Plan Width": 50, "Index Cond": "(movie_id = mi_idx.movie_id)", "Filter": "((info)::text = ANY ('{Horror,Action,Sci-Fi,Thriller,Crime,War}'::text[]))"}]}, {"Node Type": "Hash", "Parent Relationship": "Inner", "Startup Cost": 14.21, "Total Cost": 14.21, "Plan Rows": 1, "Plan Width": 4, "Plans": [{"Node Type": "Index Scan", "Parent Relationship": "Outer", "Scan Direction": "Forward", "Index Name": "info_type_pkey", "Relation Name": "info_type", "Alias": "it1", "Startup Cost": 0.0, "Total Cost": 14.21, "Plan Rows": 1, "Plan Width": 4, "Filter": "((info)::text = 'genres'::text)"}]}]}, {"Node Type": "Index Scan", "Parent Relationship": "Inner", "Scan Direction": "Forward", "Index Name": "title_pkey", "Relation Name": "title", "Alias": "t", "Startup Cost": 0.0, "Total Cost": 0.4, "Plan Rows": 1, "Plan Width": 21, "Index Cond": "(id = mi_idx.movie_id)"}]}, {"Node Type": "Index Scan", "Parent Relationship": "Inner", "Scan Direction": "Forward", "Index Name": "movie_id_cast_info", "Relation Name": "cast_info", "Alias": "ci", "Startup Cost": 0.0, "Total Cost": 1.01, "Plan Rows": 1, "Plan Width": 8, "Index Cond": "(movie_id = t.id)", "Filter": "((note)::text = ANY ('{(writer),\"(head writer)\",\"(written by)\",(story),\"(story editor)\"}'::text[]))"}]}, {"Node Type": "Index Scan", "Parent Relationship": "Inner", "Scan Direction": "Forward", "Index Name": "name_pkey", "Relation Name": "name", "Alias": "n", "Startup Cost": 0.0, "Total Cost": 0.49, "Plan Rows": 1, "Plan Width": 4, "Index Cond": "(id = ci.person_id)", "Filter": "((gender)::text = 'm'::text)"}]}]}, "Unique SQL Id": 3913857139, "Planner Runtime": 20}, "explain_analyze_plan": {"Plan": {"Node Type": "Aggregate", "Strategy": "Plain", "Startup Cost": 383291.22, "Total Cost": 383291.23, "Plan Rows": 1, "Plan Width": 160, "Actual Startup Time": 19259.004, "Actual Total Time": 19259.005, "Actual Rows": 1, "Actual Loops": 1, "Plans": [{"Node Type": "Nested Loop", "Parent Relationship": "Outer", "Join Type": "Inner", "Startup Cost": 14.22, "Total Cost": 383280.62, "Plan Rows": 1413, "Plan Width": 64, "Actual Startup Time": 29.305, "Actual Total Time": 19217.102, "Actual Rows": 28073, "Actual Loops": 1, "Inner Unique": true, "Plans": [{"Node Type": "Nested Loop", "Parent Relationship": "Outer", "Join Type": "Inner", "Startup Cost": 14.22, "Total Cost": 382701.35, "Plan Rows": 1155, "Plan Width": 68, "Actual Startup Time": 14.528, "Actual Total Time": 18797.558, "Actual Rows": 54155, "Actual Loops": 1, "Inner Unique": false, "Plans": [{"Node Type": "Nested Loop", "Parent Relationship": "Outer", "Join Type": "Inner", "Startup Cost": 14.22, "Total Cost": 381639.72, "Plan Rows": 1044, "Plan Width": 76, "Actual Startup Time": 0.878, "Actual Total Time": 10051.366, "Actual Rows": 102516, "Actual Loops": 1, "Inner Unique": true, "Join Filter": "(mi.movie_id = t.id)", "Rows Removed by Join Filter": 0, "Plans": [{"Node Type": "Hash Join", "Parent Relationship": "Outer", "Join Type": "Inner", "Startup Cost": 14.22, "Total Cost": 381211.53, "Plan Rows": 1044, "Plan Width": 55, "Actual Startup Time": 0.866, "Actual Total Time": 9471.109, "Actual Rows": 102516, "Actual Loops": 1, "Inner Unique": true, "Hash Cond": "(mi.info_type_id = it1.id)", "Plans": [{"Node Type": "Nested Loop", "Parent Relationship": "Outer", "Join Type": "Inner", "Startup Cost": 0.0, "Total Cost": 380590.58, "Plan Rows": 229029, "Plan Width": 59, "Actual Startup Time": 0.763, "Actual Total Time": 9407.471, "Actual Rows": 104892, "Actual Loops": 1, "Inner Unique": false, "Plans": [{"Node Type": "Nested Loop", "Parent Relationship": "Outer", "Join Type": "Inner", "Startup Cost": 0.0, "Total Cost": 38338.2, "Plan Rows": 345008, "Plan Width": 9, "Actual Startup Time": 0.084, "Actual Total Time": 400.015, "Actual Rows": 459925, "Actual Loops": 1, "Inner Unique": false, "Plans": [{"Node Type": "Index Scan", "Parent Relationship": "Outer", "Scan Direction": "Forward", "Index Name": "info_type_pkey", "Relation Name": "info_type", "Alias": "it2", "Startup Cost": 0.0, "Total Cost": 14.21, "Plan Rows": 1, "Plan Width": 4, "Actual Startup Time": 0.066, "Actual Total Time": 0.085, "Actual Rows": 1, "Actual Loops": 1, "Filter": "((info)::text = 'votes'::text)", "Rows Removed by Filter": 111}, {"Node Type": "Index Scan", "Parent Relationship": "Inner", "Scan Direction": "Forward", "Index Name": "info_type_id_movie_info_idx", "Relation Name": "movie_info_idx", "Alias": "mi_idx", "Startup Cost": 0.0, "Total Cost": 34873.91, "Plan Rows": 345008, "Plan Width": 13, "Actual Startup Time": 0.015, "Actual Total Time": 291.803, "Actual Rows": 459925, "Actual Loops": 1, "Index Cond": "(info_type_id = it2.id), (LLVM Optimized, Jit Execute)", "Rows Removed by Index Recheck": 0}]}, {"Node Type": "Index Scan", "Parent Relationship": "Inner", "Scan Direction": "Forward", "Index Name": "movie_id_movie_info", "Relation Name": "movie_info", "Alias": "mi", "Startup Cost": 0.0, "Total Cost": 0.98, "Plan Rows": 1, "Plan Width": 50, "Actual Startup Time": 8582.993, "Actual Total Time": 8745.256, "Actual Rows": 104892, "Actual Loops": 459925, "Index Cond": "(movie_id = mi_idx.movie_id)", "Rows Removed by Index Recheck": 0, "Filter": "((info)::text = ANY ('{Horror,Action,Sci-Fi,Thriller,Crime,War}'::text[]))", "Rows Removed by Filter": 6825442}]}, {"Node Type": "Hash", "Parent Relationship": "Inner", "Startup Cost": 14.21, "Total Cost": 14.21, "Plan Rows": 1, "Plan Width": 4, "Actual Startup Time": 0.064, "Actual Total Time": 0.064, "Actual Rows": 1, "Actual Loops": 1, "Hash Buckets": 32768, "Hash Batches": 1, "Original Hash Batches": 1, "Peak Memory Usage": 1, "Plans": [{"Node Type": "Index Scan", "Parent Relationship": "Outer", "Scan Direction": "Forward", "Index Name": "info_type_pkey", "Relation Name": "info_type", "Alias": "it1", "Startup Cost": 0.0, "Total Cost": 14.21, "Plan Rows": 1, "Plan Width": 4, "Actual Startup Time": 0.013, "Actual Total Time": 0.058, "Actual Rows": 1, "Actual Loops": 1, "Filter": "((info)::text = 'genres'::text)", "Rows Removed by Filter": 111}]}]}, {"Node Type": "Index Scan", "Parent Relationship": "Inner", "Scan Direction": "Forward", "Index Name": "title_pkey", "Relation Name": "title", "Alias": "t", "Startup Cost": 0.0, "Total Cost": 0.4, "Plan Rows": 1, "Plan Width": 21, "Actual Startup Time": 461.411, "Actual Total Time": 461.411, "Actual Rows": 102516, "Actual Loops": 102516, "Index Cond": "(id = mi_idx.movie_id)", "Rows Removed by Index Recheck": 0}]}, {"Node Type": "Index Scan", "Parent Relationship": "Inner", "Scan Direction": "Forward", "Index Name": "movie_id_cast_info", "Relation Name": "cast_info", "Alias": "ci", "Startup Cost": 0.0, "Total Cost": 1.01, "Plan Rows": 1, "Plan Width": 8, "Actual Startup Time": 7392.589, "Actual Total Time": 8673.748, "Actual Rows": 54155, "Actual Loops": 102516, "Index Cond": "(movie_id = t.id)", "Rows Removed by Index Recheck": 0, "Filter": "((note)::text = ANY ('{(writer),\"(head writer)\",\"(written by)\",(story),\"(story editor)\"}'::text[]))", "Rows Removed by Filter": 3987641}]}, {"Node Type": "Index Scan", "Parent Relationship": "Inner", "Scan Direction": "Forward", "Index Name": "name_pkey", "Relation Name": "name", "Alias": "n", "Startup Cost": 0.0, "Total Cost": 0.49, "Plan Rows": 1, "Plan Width": 4, "Actual Startup Time": 372.818, "Actual Total Time": 372.818, "Actual Rows": 28073, "Actual Loops": 54155, "Index Cond": "(id = ci.person_id)", "Rows Removed by Index Recheck": 0, "Filter": "((gender)::text = 'm'::text)", "Rows Removed by Filter": 26082}]}]}, "Triggers": [], "Planner Runtime": 8, "Total Runtime": 19267.881, "Unique SQL Id": 3913857139}}, "(1, 78)": {"explain_plan": {"Plan": {"Node Type": "Aggregate", "Strategy": "Plain", "Startup Cost": 1484668.98, "Total Cost": 1484668.99, "Plan Rows": 1, "Plan Width": 160, "Plans": [{"Node Type": "Hash Join", "Parent Relationship": "Outer", "Join Type": "Inner", "Startup Cost": 651541.77, "Total Cost": 1484658.39, "Plan Rows": 1413, "Plan Width": 64, "Inner Unique": true, "Hash Cond": "(ci.person_id = n.id)", "Plans": [{"Node Type": "Hash Join", "Parent Relationship": "Outer", "Join Type": "Inner", "Startup Cost": 526292.22, "Total Cost": 1359390.38, "Plan Rows": 1155, "Plan Width": 68, "Inner Unique": false, "Hash Cond": "(ci.movie_id = t.id)", "Plans": [{"Node Type": "Seq Scan", "Parent Relationship": "Outer", "Relation Name": "cast_info", "Alias": "ci", "Startup Cost": 0.0, "Total Cost": 828499.78, "Plan Rows": 1223154, "Plan Width": 8, "Filter": "((note)::text = ANY ('{(writer),\"(head writer)\",\"(written by)\",(story),\"(story editor)\"}'::text[]))"}, {"Node Type": "Hash", "Parent Relationship": "Inner", "Startup Cost": 526279.17, "Total Cost": 526279.17, "Plan Rows": 1044, "Plan Width": 76, "Plans": [{"Node Type": "Hash Join", "Parent Relationship": "Outer", "Join Type": "Inner", "Startup Cost": 500765.33, "Total Cost": 526279.17, "Plan Rows": 1044, "Plan Width": 76, "Inner Unique": true, "Hash Cond": "(mi_idx.info_type_id = it2.id)", "Plans": [{"Node Type": "Hash Join", "Parent Relationship": "Outer", "Join Type": "Inner", "Startup Cost": 500762.92, "Total Cost": 526254.14, "Plan Rows": 4175, "Plan Width": 80, "Inner Unique": false, "Hash Cond": "(mi_idx.movie_id = t.id)", "Plans": [{"Node Type": "Seq Scan", "Parent Relationship": "Outer", "Relation Name": "movie_info_idx", "Alias": "mi_idx", "Startup Cost": 0.0, "Total Cost": 20274.34, "Plan Rows": 1380034, "Plan Width": 13}, {"Node Type": "Hash", "Parent Relationship": "Inner", "Startup Cost": 500728.96, "Total Cost": 500728.96, "Plan Rows": 2717, "Plan Width": 67, "Plans": [{"Node Type": "Hash Join", "Parent Relationship": "Outer", "Join Type": "Inner", "Startup Cost": 91675.41, "Total Cost": 500728.96, "Plan Rows": 2717, "Plan Width": 67, "Inner Unique": true, "Hash Cond": "(mi.movie_id = t.id)", "Plans": [{"Node Type": "Hash Join", "Parent Relationship": "Outer", "Join Type": "Inner", "Startup Cost": 2.41, "Total Cost": 409018.6, "Plan Rows": 2717, "Plan Width": 46, "Inner Unique": true, "Hash Cond": "(mi.info_type_id = it1.id)", "Plans": [{"Node Type": "Seq Scan", "Parent Relationship": "Outer", "Relation Name": "movie_info", "Alias": "mi", "Startup Cost": 0.0, "Total Cost": 408512.41, "Plan Rows": 190170, "Plan Width": 50, "Filter": "((info)::text = ANY ('{Horror,Action,Sci-Fi,Thriller,Crime,War}'::text[]))"}, {"Node Type": "Hash", "Parent Relationship": "Inner", "Startup Cost": 2.4, "Total Cost": 2.4, "Plan Rows": 1, "Plan Width": 4, "Plans": [{"Node Type": "Seq Scan", "Parent Relationship": "Outer", "Relation Name": "info_type", "Alias": "it1", "Startup Cost": 0.0, "Total Cost": 2.4, "Plan Rows": 1, "Plan Width": 4, "Filter": "((info)::text = 'genres'::text)"}]}]}, {"Node Type": "Hash", "Parent Relationship": "Inner", "Startup Cost": 60069.11, "Total Cost": 60069.11, "Plan Rows": 2528311, "Plan Width": 21, "Plans": [{"Node Type": "Seq Scan", "Parent Relationship": "Outer", "Relation Name": "title", "Alias": "t", "Startup Cost": 0.0, "Total Cost": 60069.11, "Plan Rows": 2528311, "Plan Width": 21}]}]}]}]}, {"Node Type": "Hash", "Parent Relationship": "Inner", "Startup Cost": 2.4, "Total Cost": 2.4, "Plan Rows": 1, "Plan Width": 4, "Plans": [{"Node Type": "Seq Scan", "Parent Relationship": "Outer", "Relation Name": "info_type", "Alias": "it2", "Startup Cost": 0.0, "Total Cost": 2.4, "Plan Rows": 1, "Plan Width": 4, "Filter": "((info)::text = 'votes'::text)"}]}]}]}]}, {"Node Type": "Hash", "Parent Relationship": "Inner", "Startup Cost": 103490.62, "Total Cost": 103490.62, "Plan Rows": 1740714, "Plan Width": 4, "Plans": [{"Node Type": "Seq Scan", "Parent Relationship": "Outer", "Relation Name": "name", "Alias": "n", "Startup Cost": 0.0, "Total Cost": 103490.62, "Plan Rows": 1740714, "Plan Width": 4, "Filter": "((gender)::text = 'm'::text), (LLVM Optimized)"}]}]}]}, "Unique SQL Id": 3913857139, "Planner Runtime": 46}, "explain_analyze_plan": {"Plan": {"Node Type": "Aggregate", "Strategy": "Plain", "Startup Cost": 1484668.98, "Total Cost": 1484668.99, "Plan Rows": 1, "Plan Width": 160, "Actual Startup Time": 26672.131, "Actual Total Time": 26672.131, "Actual Rows": 1, "Actual Loops": 1, "Plans": [{"Node Type": "Hash Join", "Parent Relationship": "Outer", "Join Type": "Inner", "Startup Cost": 651541.77, "Total Cost": 1484658.39, "Plan Rows": 1413, "Plan Width": 64, "Actual Startup Time": 13229.219, "Actual Total Time": 26650.095, "Actual Rows": 28073, "Actual Loops": 1, "Inner Unique": true, "Hash Cond": "(ci.person_id = n.id)", "Plans": [{"Node Type": "Hash Join", "Parent Relationship": "Outer", "Join Type": "Inner", "Startup Cost": 526292.22, "Total Cost": 1359390.38, "Plan Rows": 1155, "Plan Width": 68, "Actual Startup Time": 11216.557, "Actual Total Time": 24595.878, "Actual Rows": 54155, "Actual Loops": 1, "Inner Unique": false, "Hash Cond": "(ci.movie_id = t.id)", "Plans": [{"Node Type": "Seq Scan", "Parent Relationship": "Outer", "Relation Name": "cast_info", "Alias": "ci", "Startup Cost": 0.0, "Total Cost": 828499.78, "Plan Rows": 1223154, "Plan Width": 8, "Actual Startup Time": 388.251, "Actual Total Time": 13877.358, "Actual Rows": 1244716, "Actual Loops": 1, "Filter": "((note)::text = ANY ('{(writer),\"(head writer)\",\"(written by)\",(story),\"(story editor)\"}'::text[]))", "Rows Removed by Filter": 34999627}, {"Node Type": "Hash", "Parent Relationship": "Inner", "Startup Cost": 526279.17, "Total Cost": 526279.17, "Plan Rows": 1044, "Plan Width": 76, "Actual Startup Time": 10257.196, "Actual Total Time": 10257.196, "Actual Rows": 102516, "Actual Loops": 1, "Hash Buckets": 32768, "Hash Batches": 1, "Original Hash Batches": 1, "Peak Memory Usage": 7647, "Plans": [{"Node Type": "Hash Join", "Parent Relationship": "Outer", "Join Type": "Inner", "Startup Cost": 500765.33, "Total Cost": 526279.17, "Plan Rows": 1044, "Plan Width": 76, "Actual Startup Time": 9342.497, "Actual Total Time": 10219.023, "Actual Rows": 102516, "Actual Loops": 1, "Inner Unique": true, "Hash Cond": "(mi_idx.info_type_id = it2.id)", "Plans": [{"Node Type": "Hash Join", "Parent Relationship": "Outer", "Join Type": "Inner", "Startup Cost": 500762.92, "Total Cost": 526254.14, "Plan Rows": 4175, "Plan Width": 80, "Actual Startup Time": 9342.374, "Actual Total Time": 10145.91, "Actual Rows": 307785, "Actual Loops": 1, "Inner Unique": false, "Hash Cond": "(mi_idx.movie_id = t.id)", "Plans": [{"Node Type": "Seq Scan", "Parent Relationship": "Outer", "Relation Name": "movie_info_idx", "Alias": "mi_idx", "Startup Cost": 0.0, "Total Cost": 20274.34, "Plan Rows": 1380034, "Plan Width": 13, "Actual Startup Time": 0.038, "Actual Total Time": 314.132, "Actual Rows": 1380034, "Actual Loops": 1}, {"Node Type": "Hash", "Parent Relationship": "Inner", "Startup Cost": 500728.96, "Total Cost": 500728.96, "Plan Rows": 2717, "Plan Width": 67, "Actual Startup Time": 9338.569, "Actual Total Time": 9338.569, "Actual Rows": 186594, "Actual Loops": 1, "Hash Buckets": 32768, "Hash Batches": 1, "Original Hash Batches": 1, "Peak Memory Usage": 12274, "Plans": [{"Node Type": "Hash Join", "Parent Relationship": "Outer", "Join Type": "Inner", "Startup Cost": 91675.41, "Total Cost": 500728.96, "Plan Rows": 2717, "Plan Width": 67, "Actual Startup Time": 8214.024, "Actual Total Time": 9273.695, "Actual Rows": 186594, "Actual Loops": 1, "Inner Unique": true, "Hash Cond": "(mi.movie_id = t.id)", "Plans": [{"Node Type": "Hash Join", "Parent Relationship": "Outer", "Join Type": "Inner", "Startup Cost": 2.41, "Total Cost": 409018.6, "Plan Rows": 2717, "Plan Width": 46, "Actual Startup Time": 6534.423, "Actual Total Time": 7491.513, "Actual Rows": 186594, "Actual Loops": 1, "Inner Unique": true, "Hash Cond": "(mi.info_type_id = it1.id)", "Plans": [{"Node Type": "Seq Scan", "Parent Relationship": "Outer", "Relation Name": "movie_info", "Alias": "mi", "Startup Cost": 0.0, "Total Cost": 408512.41, "Plan Rows": 190170, "Plan Width": 50, "Actual Startup Time": 3532.118, "Actual Total Time": 7408.039, "Actual Rows": 188971, "Actual Loops": 1, "Filter": "((info)::text = ANY ('{Horror,Action,Sci-Fi,Thriller,Crime,War}'::text[]))", "Rows Removed by Filter": 14646748}, {"Node Type": "Hash", "Parent Relationship": "Inner", "Startup Cost": 2.4, "Total Cost": 2.4, "Plan Rows": 1, "Plan Width": 4, "Actual Startup Time": 0.085, "Actual Total Time": 0.085, "Actual Rows": 1, "Actual Loops": 1, "Hash Buckets": 32768, "Hash Batches": 1, "Original Hash Batches": 1, "Peak Memory Usage": 1, "Plans": [{"Node Type": "Seq Scan", "Parent Relationship": "Outer", "Relation Name": "info_type", "Alias": "it1", "Startup Cost": 0.0, "Total Cost": 2.4, "Plan Rows": 1, "Plan Width": 4, "Actual Startup Time": 0.051, "Actual Total Time": 0.075, "Actual Rows": 1, "Actual Loops": 1, "Filter": "((info)::text = 'genres'::text)", "Rows Removed by Filter": 111}]}]}, {"Node Type": "Hash", "Parent Relationship": "Inner", "Startup Cost": 60069.11, "Total Cost": 60069.11, "Plan Rows": 2528311, "Plan Width": 21, "Actual Startup Time": 1677.078, "Actual Total Time": 1677.078, "Actual Rows": 2528311, "Actual Loops": 1, "Hash Buckets": 4194304, "Hash Batches": 1, "Original Hash Batches": 1, "Peak Memory Usage": 135869, "Plans": [{"Node Type": "Seq Scan", "Parent Relationship": "Outer", "Relation Name": "title", "Alias": "t", "Startup Cost": 0.0, "Total Cost": 60069.11, "Plan Rows": 2528311, "Plan Width": 21, "Actual Startup Time": 0.029, "Actual Total Time": 840.375, "Actual Rows": 2528311, "Actual Loops": 1}]}]}]}]}, {"Node Type": "Hash", "Parent Relationship": "Inner", "Startup Cost": 2.4, "Total Cost": 2.4, "Plan Rows": 1, "Plan Width": 4, "Actual Startup Time": 0.073, "Actual Total Time": 0.073, "Actual Rows": 1, "Actual Loops": 1, "Hash Buckets": 32768, "Hash Batches": 1, "Original Hash Batches": 1, "Peak Memory Usage": 1, "Plans": [{"Node Type": "Seq Scan", "Parent Relationship": "Outer", "Relation Name": "info_type", "Alias": "it2", "Startup Cost": 0.0, "Total Cost": 2.4, "Plan Rows": 1, "Plan Width": 4, "Actual Startup Time": 0.059, "Actual Total Time": 0.064, "Actual Rows": 1, "Actual Loops": 1, "Filter": "((info)::text = 'votes'::text)", "Rows Removed by Filter": 111}]}]}]}]}, {"Node Type": "Hash", "Parent Relationship": "Inner", "Startup Cost": 103490.62, "Total Cost": 103490.62, "Plan Rows": 1740714, "Plan Width": 4, "Actual Startup Time": 2011.361, "Actual Total Time": 2011.361, "Actual Rows": 1739578, "Actual Loops": 1, "Hash Buckets": 2097152, "Hash Batches": 1, "Original Hash Batches": 1, "Peak Memory Usage": 61158, "Plans": [{"Node Type": "Seq Scan", "Parent Relationship": "Outer", "Relation Name": "name", "Alias": "n", "Startup Cost": 0.0, "Total Cost": 103490.62, "Plan Rows": 1740714, "Plan Width": 4, "Actual Startup Time": 0.036, "Actual Total Time": 1413.093, "Actual Rows": 1739578, "Actual Loops": 1, "Filter": "((gender)::text = 'm'::text), (LLVM Optimized, Jit Execute)", "Rows Removed by Filter": 2427912}]}]}]}, "Triggers": [], "Planner Runtime": 27, "Total Runtime": 26682.886, "Unique SQL Id": 3913857139}}, "(1, 79)": {"explain_plan": {"Plan": {"Node Type": "Aggregate", "Strategy": "Plain", "Startup Cost": 6995128315390.61, "Total Cost": 6995128315390.62, "Plan Rows": 1, "Plan Width": 160, "Plans": [{"Node Type": "Hash Join", "Parent Relationship": "Outer", "Join Type": "Inner", "Startup Cost": 3040055574239.93, "Total Cost": 6995128315380.02, "Plan Rows": 1413, "Plan Width": 64, "Inner Unique": true, "Hash Cond": "(ci.person_id = n.id)", "Plans": [{"Node Type": "Hash Join", "Parent Relationship": "Outer", "Join Type": "Inner", "Startup Cost": 2040036887333.8, "Total Cost": 5995109628455.42, "Plan Rows": 1155, "Plan Width": 68, "Inner Unique": true, "Hash Cond": "(mi_idx.info_type_id = it2.id)", "Plans": [{"Node Type": "Hash Join", "Parent Relationship": "Outer", "Join Type": "Inner", "Startup Cost": 1040036885912.79, "Total Cost": 4995109627009.39, "Plan Rows": 4619, "Plan Width": 72, "Inner Unique": true, "Hash Cond": "(mi.info_type_id = it1.id)", "Plans": [{"Node Type": "Merge Join", "Parent Relationship": "Outer", "Join Type": "Inner", "Startup Cost": 40036884491.78, "Total Cost": 3995109624731.85, "Plan Rows": 323326, "Plan Width": 76, "Inner Unique": false, "Merge Cond": "(t.id = mi_idx.movie_id)", "Plans": [{"Node Type": "Merge Join", "Parent Relationship": "Outer", "Join Type": "Inner", "Startup Cost": 30031145475.76, "Total Cost": 2997883829352.79, "Plan Rows": 210398, "Plan Width": 79, "Inner Unique": false, "Merge Cond": "(t.id = ci.movie_id)", "Plans": [{"Node Type": "Merge Join", "Parent Relationship": "Outer", "Join Type": "Inner", "Startup Cost": 20024668916.98, "Total Cost": 1999424688065.12, "Plan Rows": 190170, "Plan Width": 71, "Inner Unique": true, "Merge Cond": "(mi.movie_id = t.id)", "Plans": [{"Node Type": "Index Scan", "Parent Relationship": "Outer", "Scan Direction": "Forward", "Index Name": "movie_id_movie_info", "Relation Name": "movie_info", "Alias": "mi", "Startup Cost": 10000000000.0, "Total Cost": 1000114969386.72, "Plan Rows": 190170, "Plan Width": 50, "Filter": "((info)::text = ANY ('{Horror,Action,Sci-Fi,Thriller,Crime,War}'::text[]))"}, {"Node Type": "Index Scan", "Parent Relationship": "Inner", "Scan Direction": "Forward", "Index Name": "title_pkey", "Relation Name": "title", "Alias": "t", "Startup Cost": 10000000000.0, "Total Cost": 1000011012048.91, "Plan Rows": 2528311, "Plan Width": 21}]}, {"Node Type": "Index Scan", "Parent Relationship": "Inner", "Scan Direction": "Forward", "Index Name": "movie_id_cast_info", "Relation Name": "cast_info", "Alias": "ci", "Startup Cost": 10000000000.0, "Total Cost": 1000228594573.05, "Plan Rows": 1223154, "Plan Width": 8, "Filter": "((note)::text = ANY ('{(writer),\"(head writer)\",\"(written by)\",(story),\"(story editor)\"}'::text[]))"}]}, {"Node Type": "Index Scan", "Parent Relationship": "Inner", "Scan Direction": "Forward", "Index Name": "movie_id_movie_info_idx", "Relation Name": "movie_info_idx", "Alias": "mi_idx", "Startup Cost": 10000000000.0, "Total Cost": 1000004650035.37, "Plan Rows": 1380034, "Plan Width": 13}]}, {"Node Type": "Hash", "Parent Relationship": "Inner", "Startup Cost": 1000000001421.0, "Total Cost": 1000000001421.0, "Plan Rows": 1, "Plan Width": 4, "Plans": [{"Node Type": "Index Scan", "Parent Relationship": "Outer", "Scan Direction": "Forward", "Index Name": "info_type_pkey", "Relation Name": "info_type", "Alias": "it1", "Startup Cost": 10000000000.0, "Total Cost": 1000000001421.0, "Plan Rows": 1, "Plan Width": 4, "Filter": "((info)::text = 'genres'::text)"}]}]}, {"Node Type": "Hash", "Parent Relationship": "Inner", "Startup Cost": 1000000001421.0, "Total Cost": 1000000001421.0, "Plan Rows": 1, "Plan Width": 4, "Plans": [{"Node Type": "Index Scan", "Parent Relationship": "Outer", "Scan Direction": "Forward", "Index Name": "info_type_pkey", "Relation Name": "info_type", "Alias": "it2", "Startup Cost": 10000000000.0, "Total Cost": 1000000001421.0, "Plan Rows": 1, "Plan Width": 4, "Filter": "((info)::text = 'votes'::text)"}]}]}, {"Node Type": "Hash", "Parent Relationship": "Inner", "Startup Cost": 1000018665147.2, "Total Cost": 1000018665147.2, "Plan Rows": 1740714, "Plan Width": 4, "Plans": [{"Node Type": "Index Scan", "Parent Relationship": "Outer", "Scan Direction": "Forward", "Index Name": "name_pkey", "Relation Name": "name", "Alias": "n", "Startup Cost": 10000000000.0, "Total Cost": 1000018665147.2, "Plan Rows": 1740714, "Plan Width": 4, "Filter": "((gender)::text = 'm'::text), (LLVM Optimized)"}]}]}]}, "Unique SQL Id": 3913857139, "Planner Runtime": 81}, "explain_analyze_plan": null}, "(1, 80)": {"explain_plan": {"Plan": {"Node Type": "Aggregate", "Strategy": "Plain", "Startup Cost": 169719.32, "Total Cost": 169719.33, "Plan Rows": 1, "Plan Width": 160, "Plans": [{"Node Type": "Nested Loop", "Parent Relationship": "Outer", "Join Type": "Inner", "Startup Cost": 4842.14, "Total Cost": 169708.72, "Plan Rows": 1413, "Plan Width": 64, "Inner Unique": true, "Plans": [{"Node Type": "Nested Loop", "Parent Relationship": "Outer", "Join Type": "Inner", "Startup Cost": 4842.14, "Total Cost": 169129.45, "Plan Rows": 1155, "Plan Width": 68, "Inner Unique": false, "Plans": [{"Node Type": "Nested Loop", "Parent Relationship": "Outer", "Join Type": "Inner", "Startup Cost": 4842.14, "Total Cost": 168067.82, "Plan Rows": 1044, "Plan Width": 76, "Inner Unique": true, "Join Filter": "(mi.movie_id = t.id)", "Plans": [{"Node Type": "Nested Loop", "Parent Relationship": "Outer", "Join Type": "Inner", "Startup Cost": 4842.14, "Total Cost": 167639.63, "Plan Rows": 1044, "Plan Width": 55, "Inner Unique": true, "Plans": [{"Node Type": "Nested Loop", "Parent Relationship": "Outer", "Join Type": "Inner", "Startup Cost": 4842.14, "Total Cost": 166460.15, "Plan Rows": 4175, "Plan Width": 59, "Inner Unique": false, "Plans": [{"Node Type": "Nested Loop", "Parent Relationship": "Outer", "Join Type": "Inner", "Startup Cost": 4842.14, "Total Cost": 164972.1, "Plan Rows": 2717, "Plan Width": 46, "Inner Unique": false, "Plans": [{"Node Type": "Seq Scan", "Parent Relationship": "Outer", "Relation Name": "info_type", "Alias": "it1", "Startup Cost": 0.0, "Total Cost": 2.4, "Plan Rows": 1, "Plan Width": 4, "Filter": "((info)::text = 'genres'::text)"}, {"Node Type": "Bitmap Heap Scan", "Parent Relationship": "Inner", "Relation Name": "movie_info", "Alias": "mi", "Startup Cost": 4842.14, "Total Cost": 164942.53, "Plan Rows": 2717, "Plan Width": 50, "Recheck Cond": "(info_type_id = it1.id)", "Filter": "((info)::text = ANY ('{Horror,Action,Sci-Fi,Thriller,Crime,War}'::text[]))", "Plans": [{"Node Type": "Bitmap Index Scan", "Parent Relationship": "Outer", "Index Name": "info_type_id_movie_info", "Startup Cost": 0.0, "Total Cost": 4841.46, "Plan Rows": 212428, "Plan Width": 0, "Index Cond": "(info_type_id = it1.id)"}]}]}, {"Node Type": "Index Scan", "Parent Relationship": "Inner", "Scan Direction": "Forward", "Index Name": "movie_id_movie_info_idx", "Relation Name": "movie_info_idx", "Alias": "mi_idx", "Startup Cost": 0.0, "Total Cost": 0.53, "Plan Rows": 2, "Plan Width": 13, "Index Cond": "(movie_id = mi.movie_id)"}]}, {"Node Type": "Index Scan", "Parent Relationship": "Inner", "Scan Direction": "Forward", "Index Name": "info_type_pkey", "Relation Name": "info_type", "Alias": "it2", "Startup Cost": 0.0, "Total Cost": 0.27, "Plan Rows": 1, "Plan Width": 4, "Index Cond": "(id = mi_idx.info_type_id)", "Filter": "((info)::text = 'votes'::text)"}]}, {"Node Type": "Index Scan", "Parent Relationship": "Inner", "Scan Direction": "Forward", "Index Name": "title_pkey", "Relation Name": "title", "Alias": "t", "Startup Cost": 0.0, "Total Cost": 0.4, "Plan Rows": 1, "Plan Width": 21, "Index Cond": "(id = mi_idx.movie_id)"}]}, {"Node Type": "Index Scan", "Parent Relationship": "Inner", "Scan Direction": "Forward", "Index Name": "movie_id_cast_info", "Relation Name": "cast_info", "Alias": "ci", "Startup Cost": 0.0, "Total Cost": 1.01, "Plan Rows": 1, "Plan Width": 8, "Index Cond": "(movie_id = t.id)", "Filter": "((note)::text = ANY ('{(writer),\"(head writer)\",\"(written by)\",(story),\"(story editor)\"}'::text[]))"}]}, {"Node Type": "Index Scan", "Parent Relationship": "Inner", "Scan Direction": "Forward", "Index Name": "name_pkey", "Relation Name": "name", "Alias": "n", "Startup Cost": 0.0, "Total Cost": 0.49, "Plan Rows": 1, "Plan Width": 4, "Index Cond": "(id = ci.person_id)", "Filter": "((gender)::text = 'm'::text)"}]}]}, "Unique SQL Id": 3913857139, "Planner Runtime": 21}, "explain_analyze_plan": {"Plan": {"Node Type": "Aggregate", "Strategy": "Plain", "Startup Cost": 169719.32, "Total Cost": 169719.33, "Plan Rows": 1, "Plan Width": 160, "Actual Startup Time": 12425.201, "Actual Total Time": 12425.201, "Actual Rows": 1, "Actual Loops": 1, "Plans": [{"Node Type": "Nested Loop", "Parent Relationship": "Outer", "Join Type": "Inner", "Startup Cost": 4842.14, "Total Cost": 169708.72, "Plan Rows": 1413, "Plan Width": 64, "Actual Startup Time": 182.508, "Actual Total Time": 12386.605, "Actual Rows": 28073, "Actual Loops": 1, "Inner Unique": true, "Plans": [{"Node Type": "Nested Loop", "Parent Relationship": "Outer", "Join Type": "Inner", "Startup Cost": 4842.14, "Total Cost": 169129.45, "Plan Rows": 1155, "Plan Width": 68, "Actual Startup Time": 180.067, "Actual Total Time": 11975.337, "Actual Rows": 54155, "Actual Loops": 1, "Inner Unique": false, "Plans": [{"Node Type": "Nested Loop", "Parent Relationship": "Outer", "Join Type": "Inner", "Startup Cost": 4842.14, "Total Cost": 168067.82, "Plan Rows": 1044, "Plan Width": 76, "Actual Startup Time": 177.132, "Actual Total Time": 3352.359, "Actual Rows": 102516, "Actual Loops": 1, "Inner Unique": true, "Join Filter": "(mi.movie_id = t.id)", "Rows Removed by Join Filter": 0, "Plans": [{"Node Type": "Nested Loop", "Parent Relationship": "Outer", "Join Type": "Inner", "Startup Cost": 4842.14, "Total Cost": 167639.63, "Plan Rows": 1044, "Plan Width": 55, "Actual Startup Time": 177.112, "Actual Total Time": 2799.396, "Actual Rows": 102516, "Actual Loops": 1, "Inner Unique": true, "Plans": [{"Node Type": "Nested Loop", "Parent Relationship": "Outer", "Join Type": "Inner", "Startup Cost": 4842.14, "Total Cost": 166460.15, "Plan Rows": 4175, "Plan Width": 59, "Actual Startup Time": 177.089, "Actual Total Time": 2010.966, "Actual Rows": 307785, "Actual Loops": 1, "Inner Unique": false, "Plans": [{"Node Type": "Nested Loop", "Parent Relationship": "Outer", "Join Type": "Inner", "Startup Cost": 4842.14, "Total Cost": 164972.1, "Plan Rows": 2717, "Plan Width": 46, "Actual Startup Time": 177.055, "Actual Total Time": 1166.017, "Actual Rows": 186594, "Actual Loops": 1, "Inner Unique": false, "Plans": [{"Node Type": "Seq Scan", "Parent Relationship": "Outer", "Relation Name": "info_type", "Alias": "it1", "Startup Cost": 0.0, "Total Cost": 2.4, "Plan Rows": 1, "Plan Width": 4, "Actual Startup Time": 0.039, "Actual Total Time": 0.079, "Actual Rows": 1, "Actual Loops": 1, "Filter": "((info)::text = 'genres'::text)", "Rows Removed by Filter": 111}, {"Node Type": "Bitmap Heap Scan", "Parent Relationship": "Inner", "Relation Name": "movie_info", "Alias": "mi", "Startup Cost": 4842.14, "Total Cost": 164942.53, "Plan Rows": 2717, "Plan Width": 50, "Actual Startup Time": 177.011, "Actual Total Time": 1121.209, "Actual Rows": 186594, "Actual Loops": 1, "Recheck Cond": "(info_type_id = it1.id)", "Rows Removed by Index Recheck": 0, "Filter": "((info)::text = ANY ('{Horror,Action,Sci-Fi,Thriller,Crime,War}'::text[]))", "Rows Removed by Filter": 1347315, "Exact Heap Blocks": 7426, "Lossy Heap Blocks": 7426, "Plans": [{"Node Type": "Bitmap Index Scan", "Parent Relationship": "Outer", "Index Name": "info_type_id_movie_info", "Startup Cost": 0.0, "Total Cost": 4841.46, "Plan Rows": 212428, "Plan Width": 0, "Actual Startup Time": 175.597, "Actual Total Time": 175.597, "Actual Rows": 1533909, "Actual Loops": 1, "Index Cond": "(info_type_id = it1.id)"}]}]}, {"Node Type": "Index Scan", "Parent Relationship": "Inner", "Scan Direction": "Forward", "Index Name": "movie_id_movie_info_idx", "Relation Name": "movie_info_idx", "Alias": "mi_idx", "Startup Cost": 0.0, "Total Cost": 0.53, "Plan Rows": 2, "Plan Width": 13, "Actual Startup Time": 550.327, "Actual Total Time": 673.543, "Actual Rows": 307785, "Actual Loops": 186594, "Index Cond": "(movie_id = mi.movie_id)", "Rows Removed by Index Recheck": 0}]}, {"Node Type": "Index Scan", "Parent Relationship": "Inner", "Scan Direction": "Forward", "Index Name": "info_type_pkey", "Relation Name": "info_type", "Alias": "it2", "Startup Cost": 0.0, "Total Cost": 0.27, "Plan Rows": 1, "Plan Width": 4, "Actual Startup Time": 601.71, "Actual Total Time": 601.71, "Actual Rows": 102516, "Actual Loops": 307785, "Index Cond": "(id = mi_idx.info_type_id)", "Rows Removed by Index Recheck": 0, "Filter": "((info)::text = 'votes'::text)", "Rows Removed by Filter": 205269}]}, {"Node Type": "Index Scan", "Parent Relationship": "Inner", "Scan Direction": "Forward", "Index Name": "title_pkey", "Relation Name": "title", "Alias": "t", "Startup Cost": 0.0, "Total Cost": 0.4, "Plan Rows": 1, "Plan Width": 21, "Actual Startup Time": 435.608, "Actual Total Time": 435.608, "Actual Rows": 102516, "Actual Loops": 102516, "Index Cond": "(id = mi_idx.movie_id)", "Rows Removed by Index Recheck": 0}]}, {"Node Type": "Index Scan", "Parent Relationship": "Inner", "Scan Direction": "Forward", "Index Name": "movie_id_cast_info", "Relation Name": "cast_info", "Alias": "ci", "Startup Cost": 0.0, "Total Cost": 1.01, "Plan Rows": 1, "Plan Width": 8, "Actual Startup Time": 7291.279, "Actual Total Time": 8553.839, "Actual Rows": 54155, "Actual Loops": 102516, "Index Cond": "(movie_id = t.id)", "Rows Removed by Index Recheck": 0, "Filter": "((note)::text = ANY ('{(writer),\"(head writer)\",\"(written by)\",(story),\"(story editor)\"}'::text[]))", "Rows Removed by Filter": 3987641}]}, {"Node Type": "Index Scan", "Parent Relationship": "Inner", "Scan Direction": "Forward", "Index Name": "name_pkey", "Relation Name": "name", "Alias": "n", "Startup Cost": 0.0, "Total Cost": 0.49, "Plan Rows": 1, "Plan Width": 4, "Actual Startup Time": 364.602, "Actual Total Time": 364.602, "Actual Rows": 28073, "Actual Loops": 54155, "Index Cond": "(id = ci.person_id)", "Rows Removed by Index Recheck": 0, "Filter": "((gender)::text = 'm'::text)", "Rows Removed by Filter": 26082}]}]}, "Triggers": [], "Planner Runtime": 11, "Total Runtime": 12425.55, "Unique SQL Id": 3913857139}}, "(1, 81)": {"explain_plan": {"Plan": {"Node Type": "Aggregate", "Strategy": "Plain", "Startup Cost": 169731.13, "Total Cost": 169731.14, "Plan Rows": 1, "Plan Width": 160, "Plans": [{"Node Type": "Nested Loop", "Parent Relationship": "Outer", "Join Type": "Inner", "Startup Cost": 4842.14, "Total Cost": 169720.53, "Plan Rows": 1413, "Plan Width": 64, "Inner Unique": true, "Plans": [{"Node Type": "Nested Loop", "Parent Relationship": "Outer", "Join Type": "Inner", "Startup Cost": 4842.14, "Total Cost": 169141.26, "Plan Rows": 1155, "Plan Width": 68, "Inner Unique": false, "Plans": [{"Node Type": "Nested Loop", "Parent Relationship": "Outer", "Join Type": "Inner", "Startup Cost": 4842.14, "Total Cost": 168079.63, "Plan Rows": 1044, "Plan Width": 76, "Inner Unique": true, "Join Filter": "(mi.movie_id = t.id)", "Plans": [{"Node Type": "Nested Loop", "Parent Relationship": "Outer", "Join Type": "Inner", "Startup Cost": 4842.14, "Total Cost": 167651.44, "Plan Rows": 1044, "Plan Width": 55, "Inner Unique": true, "Plans": [{"Node Type": "Nested Loop", "Parent Relationship": "Outer", "Join Type": "Inner", "Startup Cost": 4842.14, "Total Cost": 166471.96, "Plan Rows": 4175, "Plan Width": 59, "Inner Unique": false, "Plans": [{"Node Type": "Nested Loop", "Parent Relationship": "Outer", "Join Type": "Inner", "Startup Cost": 4842.14, "Total Cost": 164983.91, "Plan Rows": 2717, "Plan Width": 46, "Inner Unique": false, "Plans": [{"Node Type": "Index Scan", "Parent Relationship": "Outer", "Scan Direction": "Forward", "Index Name": "info_type_pkey", "Relation Name": "info_type", "Alias": "it1", "Startup Cost": 0.0, "Total Cost": 14.21, "Plan Rows": 1, "Plan Width": 4, "Filter": "((info)::text = 'genres'::text)"}, {"Node Type": "Bitmap Heap Scan", "Parent Relationship": "Inner", "Relation Name": "movie_info", "Alias": "mi", "Startup Cost": 4842.14, "Total Cost": 164942.53, "Plan Rows": 2717, "Plan Width": 50, "Recheck Cond": "(info_type_id = it1.id)", "Filter": "((info)::text = ANY ('{Horror,Action,Sci-Fi,Thriller,Crime,War}'::text[]))", "Plans": [{"Node Type": "Bitmap Index Scan", "Parent Relationship": "Outer", "Index Name": "info_type_id_movie_info", "Startup Cost": 0.0, "Total Cost": 4841.46, "Plan Rows": 212428, "Plan Width": 0, "Index Cond": "(info_type_id = it1.id)"}]}]}, {"Node Type": "Index Scan", "Parent Relationship": "Inner", "Scan Direction": "Forward", "Index Name": "movie_id_movie_info_idx", "Relation Name": "movie_info_idx", "Alias": "mi_idx", "Startup Cost": 0.0, "Total Cost": 0.53, "Plan Rows": 2, "Plan Width": 13, "Index Cond": "(movie_id = mi.movie_id)"}]}, {"Node Type": "Index Scan", "Parent Relationship": "Inner", "Scan Direction": "Forward", "Index Name": "info_type_pkey", "Relation Name": "info_type", "Alias": "it2", "Startup Cost": 0.0, "Total Cost": 0.27, "Plan Rows": 1, "Plan Width": 4, "Index Cond": "(id = mi_idx.info_type_id)", "Filter": "((info)::text = 'votes'::text)"}]}, {"Node Type": "Index Scan", "Parent Relationship": "Inner", "Scan Direction": "Forward", "Index Name": "title_pkey", "Relation Name": "title", "Alias": "t", "Startup Cost": 0.0, "Total Cost": 0.4, "Plan Rows": 1, "Plan Width": 21, "Index Cond": "(id = mi_idx.movie_id)"}]}, {"Node Type": "Index Scan", "Parent Relationship": "Inner", "Scan Direction": "Forward", "Index Name": "movie_id_cast_info", "Relation Name": "cast_info", "Alias": "ci", "Startup Cost": 0.0, "Total Cost": 1.01, "Plan Rows": 1, "Plan Width": 8, "Index Cond": "(movie_id = t.id)", "Filter": "((note)::text = ANY ('{(writer),\"(head writer)\",\"(written by)\",(story),\"(story editor)\"}'::text[]))"}]}, {"Node Type": "Index Scan", "Parent Relationship": "Inner", "Scan Direction": "Forward", "Index Name": "name_pkey", "Relation Name": "name", "Alias": "n", "Startup Cost": 0.0, "Total Cost": 0.49, "Plan Rows": 1, "Plan Width": 4, "Index Cond": "(id = ci.person_id)", "Filter": "((gender)::text = 'm'::text)"}]}]}, "Unique SQL Id": 3913857139, "Planner Runtime": 16}, "explain_analyze_plan": {"Plan": {"Node Type": "Aggregate", "Strategy": "Plain", "Startup Cost": 169731.13, "Total Cost": 169731.14, "Plan Rows": 1, "Plan Width": 160, "Actual Startup Time": 12567.339, "Actual Total Time": 12567.34, "Actual Rows": 1, "Actual Loops": 1, "Plans": [{"Node Type": "Nested Loop", "Parent Relationship": "Outer", "Join Type": "Inner", "Startup Cost": 4842.14, "Total Cost": 169720.53, "Plan Rows": 1413, "Plan Width": 64, "Actual Startup Time": 180.697, "Actual Total Time": 12528.919, "Actual Rows": 28073, "Actual Loops": 1, "Inner Unique": true, "Plans": [{"Node Type": "Nested Loop", "Parent Relationship": "Outer", "Join Type": "Inner", "Startup Cost": 4842.14, "Total Cost": 169141.26, "Plan Rows": 1155, "Plan Width": 68, "Actual Startup Time": 178.273, "Actual Total Time": 12109.988, "Actual Rows": 54155, "Actual Loops": 1, "Inner Unique": false, "Plans": [{"Node Type": "Nested Loop", "Parent Relationship": "Outer", "Join Type": "Inner", "Startup Cost": 4842.14, "Total Cost": 168079.63, "Plan Rows": 1044, "Plan Width": 76, "Actual Startup Time": 175.364, "Actual Total Time": 3322.24, "Actual Rows": 102516, "Actual Loops": 1, "Inner Unique": true, "Join Filter": "(mi.movie_id = t.id)", "Rows Removed by Join Filter": 0, "Plans": [{"Node Type": "Nested Loop", "Parent Relationship": "Outer", "Join Type": "Inner", "Startup Cost": 4842.14, "Total Cost": 167651.44, "Plan Rows": 1044, "Plan Width": 55, "Actual Startup Time": 175.345, "Actual Total Time": 2761.703, "Actual Rows": 102516, "Actual Loops": 1, "Inner Unique": true, "Plans": [{"Node Type": "Nested Loop", "Parent Relationship": "Outer", "Join Type": "Inner", "Startup Cost": 4842.14, "Total Cost": 166471.96, "Plan Rows": 4175, "Plan Width": 59, "Actual Startup Time": 175.323, "Actual Total Time": 2018.91, "Actual Rows": 307785, "Actual Loops": 1, "Inner Unique": false, "Plans": [{"Node Type": "Nested Loop", "Parent Relationship": "Outer", "Join Type": "Inner", "Startup Cost": 4842.14, "Total Cost": 164983.91, "Plan Rows": 2717, "Plan Width": 46, "Actual Startup Time": 175.291, "Actual Total Time": 1167.34, "Actual Rows": 186594, "Actual Loops": 1, "Inner Unique": false, "Plans": [{"Node Type": "Index Scan", "Parent Relationship": "Outer", "Scan Direction": "Forward", "Index Name": "info_type_pkey", "Relation Name": "info_type", "Alias": "it1", "Startup Cost": 0.0, "Total Cost": 14.21, "Plan Rows": 1, "Plan Width": 4, "Actual Startup Time": 0.021, "Actual Total Time": 0.08, "Actual Rows": 1, "Actual Loops": 1, "Filter": "((info)::text = 'genres'::text)", "Rows Removed by Filter": 111}, {"Node Type": "Bitmap Heap Scan", "Parent Relationship": "Inner", "Relation Name": "movie_info", "Alias": "mi", "Startup Cost": 4842.14, "Total Cost": 164942.53, "Plan Rows": 2717, "Plan Width": 50, "Actual Startup Time": 175.265, "Actual Total Time": 1120.729, "Actual Rows": 186594, "Actual Loops": 1, "Recheck Cond": "(info_type_id = it1.id)", "Rows Removed by Index Recheck": 0, "Filter": "((info)::text = ANY ('{Horror,Action,Sci-Fi,Thriller,Crime,War}'::text[]))", "Rows Removed by Filter": 1347315, "Exact Heap Blocks": 7426, "Lossy Heap Blocks": 7426, "Plans": [{"Node Type": "Bitmap Index Scan", "Parent Relationship": "Outer", "Index Name": "info_type_id_movie_info", "Startup Cost": 0.0, "Total Cost": 4841.46, "Plan Rows": 212428, "Plan Width": 0, "Actual Startup Time": 173.882, "Actual Total Time": 173.882, "Actual Rows": 1533909, "Actual Loops": 1, "Index Cond": "(info_type_id = it1.id)"}]}]}, {"Node Type": "Index Scan", "Parent Relationship": "Inner", "Scan Direction": "Forward", "Index Name": "movie_id_movie_info_idx", "Relation Name": "movie_info_idx", "Alias": "mi_idx", "Startup Cost": 0.0, "Total Cost": 0.53, "Plan Rows": 2, "Plan Width": 13, "Actual Startup Time": 552.595, "Actual Total Time": 678.362, "Actual Rows": 307785, "Actual Loops": 186594, "Index Cond": "(movie_id = mi.movie_id)", "Rows Removed by Index Recheck": 0}]}, {"Node Type": "Index Scan", "Parent Relationship": "Inner", "Scan Direction": "Forward", "Index Name": "info_type_pkey", "Relation Name": "info_type", "Alias": "it2", "Startup Cost": 0.0, "Total Cost": 0.27, "Plan Rows": 1, "Plan Width": 4, "Actual Startup Time": 562.404, "Actual Total Time": 562.404, "Actual Rows": 102516, "Actual Loops": 307785, "Index Cond": "(id = mi_idx.info_type_id)", "Rows Removed by Index Recheck": 0, "Filter": "((info)::text = 'votes'::text)", "Rows Removed by Filter": 205269}]}, {"Node Type": "Index Scan", "Parent Relationship": "Inner", "Scan Direction": "Forward", "Index Name": "title_pkey", "Relation Name": "title", "Alias": "t", "Startup Cost": 0.0, "Total Cost": 0.4, "Plan Rows": 1, "Plan Width": 21, "Actual Startup Time": 443.764, "Actual Total Time": 443.764, "Actual Rows": 102516, "Actual Loops": 102516, "Index Cond": "(id = mi_idx.movie_id)", "Rows Removed by Index Recheck": 0}]}, {"Node Type": "Index Scan", "Parent Relationship": "Inner", "Scan Direction": "Forward", "Index Name": "movie_id_cast_info", "Relation Name": "cast_info", "Alias": "ci", "Startup Cost": 0.0, "Total Cost": 1.01, "Plan Rows": 1, "Plan Width": 8, "Actual Startup Time": 7427.434, "Actual Total Time": 8715.582, "Actual Rows": 54155, "Actual Loops": 102516, "Index Cond": "(movie_id = t.id)", "Rows Removed by Index Recheck": 0, "Filter": "((note)::text = ANY ('{(writer),\"(head writer)\",\"(written by)\",(story),\"(story editor)\"}'::text[]))", "Rows Removed by Filter": 3987641}]}, {"Node Type": "Index Scan", "Parent Relationship": "Inner", "Scan Direction": "Forward", "Index Name": "name_pkey", "Relation Name": "name", "Alias": "n", "Startup Cost": 0.0, "Total Cost": 0.49, "Plan Rows": 1, "Plan Width": 4, "Actual Startup Time": 372.109, "Actual Total Time": 372.109, "Actual Rows": 28073, "Actual Loops": 54155, "Index Cond": "(id = ci.person_id)", "Rows Removed by Index Recheck": 0, "Filter": "((gender)::text = 'm'::text)", "Rows Removed by Filter": 26082}]}]}, "Triggers": [], "Planner Runtime": 8, "Total Runtime": 12567.631, "Unique SQL Id": 3913857139}}, "(1, 82)": {"explain_plan": {"Plan": {"Node Type": "Aggregate", "Strategy": "Plain", "Startup Cost": 191602.22, "Total Cost": 191602.23, "Plan Rows": 1, "Plan Width": 160, "Plans": [{"Node Type": "Nested Loop", "Parent Relationship": "Outer", "Join Type": "Inner", "Startup Cost": 177214.13, "Total Cost": 191591.62, "Plan Rows": 1413, "Plan Width": 64, "Inner Unique": true, "Plans": [{"Node Type": "Nested Loop", "Parent Relationship": "Outer", "Join Type": "Inner", "Startup Cost": 177213.82, "Total Cost": 186586.2, "Plan Rows": 1155, "Plan Width": 68, "Inner Unique": false, "Plans": [{"Node Type": "Nested Loop", "Parent Relationship": "Outer", "Join Type": "Inner", "Startup Cost": 177213.31, "Total Cost": 181743.53, "Plan Rows": 1044, "Plan Width": 76, "Inner Unique": true, "Join Filter": "(mi.movie_id = t.id)", "Plans": [{"Node Type": "Merge Join", "Parent Relationship": "Outer", "Join Type": "Inner", "Startup Cost": 177213.02, "Total Cost": 177244.34, "Plan Rows": 1044, "Plan Width": 55, "Inner Unique": false, "Merge Cond": "(it2.id = mi_idx.info_type_id)", "Plans": [{"Node Type": "Sort", "Parent Relationship": "Outer", "Startup Cost": 2.41, "Total Cost": 2.42, "Plan Rows": 1, "Plan Width": 4, "Sort Key": ["it2.id"], "Plans": [{"Node Type": "Seq Scan", "Parent Relationship": "Outer", "Relation Name": "info_type", "Alias": "it2", "Startup Cost": 0.0, "Total Cost": 2.4, "Plan Rows": 1, "Plan Width": 4, "Filter": "((info)::text = 'votes'::text)"}]}, {"Node Type": "Sort", "Parent Relationship": "Inner", "Startup Cost": 177210.61, "Total Cost": 177221.04, "Plan Rows": 4175, "Plan Width": 59, "Sort Key": ["mi_idx.info_type_id"], "Plans": [{"Node Type": "Nested Loop", "Parent Relationship": "Outer", "Join Type": "Inner", "Startup Cost": 4842.51, "Total Cost": 176959.53, "Plan Rows": 4175, "Plan Width": 59, "Inner Unique": false, "Plans": [{"Node Type": "Nested Loop", "Parent Relationship": "Outer", "Join Type": "Inner", "Startup Cost": 4842.14, "Total Cost": 164972.1, "Plan Rows": 2717, "Plan Width": 46, "Inner Unique": false, "Plans": [{"Node Type": "Seq Scan", "Parent Relationship": "Outer", "Relation Name": "info_type", "Alias": "it1", "Startup Cost": 0.0, "Total Cost": 2.4, "Plan Rows": 1, "Plan Width": 4, "Filter": "((info)::text = 'genres'::text)"}, {"Node Type": "Bitmap Heap Scan", "Parent Relationship": "Inner", "Relation Name": "movie_info", "Alias": "mi", "Startup Cost": 4842.14, "Total Cost": 164942.53, "Plan Rows": 2717, "Plan Width": 50, "Recheck Cond": "(info_type_id = it1.id)", "Filter": "((info)::text = ANY ('{Horror,Action,Sci-Fi,Thriller,Crime,War}'::text[]))", "Plans": [{"Node Type": "Bitmap Index Scan", "Parent Relationship": "Outer", "Index Name": "info_type_id_movie_info", "Startup Cost": 0.0, "Total Cost": 4841.46, "Plan Rows": 212428, "Plan Width": 0, "Index Cond": "(info_type_id = it1.id)"}]}]}, {"Node Type": "Bitmap Heap Scan", "Parent Relationship": "Inner", "Relation Name": "movie_info_idx", "Alias": "mi_idx", "Startup Cost": 0.37, "Total Cost": 4.39, "Plan Rows": 2, "Plan Width": 13, "Recheck Cond": "(movie_id = mi.movie_id)", "Plans": [{"Node Type": "Bitmap Index Scan", "Parent Relationship": "Outer", "Index Name": "movie_id_movie_info_idx", "Startup Cost": 0.0, "Total Cost": 0.37, "Plan Rows": 2, "Plan Width": 0, "Index Cond": "(movie_id = mi.movie_id)"}]}]}]}]}, {"Node Type": "Bitmap Heap Scan", "Parent Relationship": "Inner", "Relation Name": "title", "Alias": "t", "Startup Cost": 0.28, "Total Cost": 4.3, "Plan Rows": 1, "Plan Width": 21, "Recheck Cond": "(id = mi_idx.movie_id)", "Plans": [{"Node Type": "Bitmap Index Scan", "Parent Relationship": "Outer", "Index Name": "title_pkey", "Startup Cost": 0.0, "Total Cost": 0.28, "Plan Rows": 1, "Plan Width": 0, "Index Cond": "(id = mi_idx.movie_id)"}]}]}, {"Node Type": "Bitmap Heap Scan", "Parent Relationship": "Inner", "Relation Name": "cast_info", "Alias": "ci", "Startup Cost": 0.52, "Total Cost": 4.63, "Plan Rows": 1, "Plan Width": 8, "Recheck Cond": "(movie_id = t.id)", "Filter": "((note)::text = ANY ('{(writer),\"(head writer)\",\"(written by)\",(story),\"(story editor)\"}'::text[]))", "Plans": [{"Node Type": "Bitmap Index Scan", "Parent Relationship": "Outer", "Index Name": "movie_id_cast_info", "Startup Cost": 0.0, "Total Cost": 0.52, "Plan Rows": 6, "Plan Width": 0, "Index Cond": "(movie_id = t.id)"}]}]}, {"Node Type": "Bitmap Heap Scan", "Parent Relationship": "Inner", "Relation Name": "name", "Alias": "n", "Startup Cost": 0.31, "Total Cost": 4.32, "Plan Rows": 1, "Plan Width": 4, "Recheck Cond": "(id = ci.person_id)", "Filter": "((gender)::text = 'm'::text)", "Plans": [{"Node Type": "Bitmap Index Scan", "Parent Relationship": "Outer", "Index Name": "name_pkey", "Startup Cost": 0.0, "Total Cost": 0.31, "Plan Rows": 1, "Plan Width": 0, "Index Cond": "(id = ci.person_id)"}]}]}]}, "Unique SQL Id": 3913857139, "Planner Runtime": 23}, "explain_analyze_plan": {"Plan": {"Node Type": "Aggregate", "Strategy": "Plain", "Startup Cost": 191602.22, "Total Cost": 191602.23, "Plan Rows": 1, "Plan Width": 160, "Actual Startup Time": 14392.899, "Actual Total Time": 14392.899, "Actual Rows": 1, "Actual Loops": 1, "Plans": [{"Node Type": "Nested Loop", "Parent Relationship": "Outer", "Join Type": "Inner", "Startup Cost": 177214.13, "Total Cost": 191591.62, "Plan Rows": 1413, "Plan Width": 64, "Actual Startup Time": 2346.298, "Actual Total Time": 14349.189, "Actual Rows": 28073, "Actual Loops": 1, "Inner Unique": true, "Plans": [{"Node Type": "Nested Loop", "Parent Relationship": "Outer", "Join Type": "Inner", "Startup Cost": 177213.82, "Total Cost": 186586.2, "Plan Rows": 1155, "Plan Width": 68, "Actual Startup Time": 2346.245, "Actual Total Time": 13833.547, "Actual Rows": 54155, "Actual Loops": 1, "Inner Unique": false, "Plans": [{"Node Type": "Nested Loop", "Parent Relationship": "Outer", "Join Type": "Inner", "Startup Cost": 177213.31, "Total Cost": 181743.53, "Plan Rows": 1044, "Plan Width": 76, "Actual Startup Time": 2346.156, "Actual Total Time": 3186.803, "Actual Rows": 102516, "Actual Loops": 1, "Inner Unique": true, "Join Filter": "(mi.movie_id = t.id)", "Rows Removed by Join Filter": 0, "Plans": [{"Node Type": "Merge Join", "Parent Relationship": "Outer", "Join Type": "Inner", "Startup Cost": 177213.02, "Total Cost": 177244.34, "Plan Rows": 1044, "Plan Width": 55, "Actual Startup Time": 2346.089, "Actual Total Time": 2415.234, "Actual Rows": 102516, "Actual Loops": 1, "Inner Unique": false, "Merge Cond": "(it2.id = mi_idx.info_type_id)", "Plans": [{"Node Type": "Sort", "Parent Relationship": "Outer", "Startup Cost": 2.41, "Total Cost": 2.42, "Plan Rows": 1, "Plan Width": 4, "Actual Startup Time": 0.075, "Actual Total Time": 0.075, "Actual Rows": 1, "Actual Loops": 1, "Sort Key": ["it2.id"], "Sort Method": "quicksort", "Sort Space Used": 25, "Sort Space Type": "Memory", "Plans": [{"Node Type": "Seq Scan", "Parent Relationship": "Outer", "Relation Name": "info_type", "Alias": "it2", "Startup Cost": 0.0, "Total Cost": 2.4, "Plan Rows": 1, "Plan Width": 4, "Actual Startup Time": 0.057, "Actual Total Time": 0.062, "Actual Rows": 1, "Actual Loops": 1, "Filter": "((info)::text = 'votes'::text)", "Rows Removed by Filter": 111}]}, {"Node Type": "Sort", "Parent Relationship": "Inner", "Startup Cost": 177210.61, "Total Cost": 177221.04, "Plan Rows": 4175, "Plan Width": 59, "Actual Startup Time": 2311.362, "Actual Total Time": 2352.775, "Actual Rows": 205033, "Actual Loops": 1, "Sort Key": ["mi_idx.info_type_id"], "Sort Method": "quicksort", "Sort Space Used": 41143, "Sort Space Type": "Memory", "Plans": [{"Node Type": "Nested Loop", "Parent Relationship": "Outer", "Join Type": "Inner", "Startup Cost": 4842.51, "Total Cost": 176959.53, "Plan Rows": 4175, "Plan Width": 59, "Actual Startup Time": 171.653, "Actual Total Time": 2193.083, "Actual Rows": 307785, "Actual Loops": 1, "Inner Unique": false, "Plans": [{"Node Type": "Nested Loop", "Parent Relationship": "Outer", "Join Type": "Inner", "Startup Cost": 4842.14, "Total Cost": 164972.1, "Plan Rows": 2717, "Plan Width": 46, "Actual Startup Time": 171.61, "Actual Total Time": 1170.001, "Actual Rows": 186594, "Actual Loops": 1, "Inner Unique": false, "Plans": [{"Node Type": "Seq Scan", "Parent Relationship": "Outer", "Relation Name": "info_type", "Alias": "it1", "Startup Cost": 0.0, "Total Cost": 2.4, "Plan Rows": 1, "Plan Width": 4, "Actual Startup Time": 0.02, "Actual Total Time": 0.051, "Actual Rows": 1, "Actual Loops": 1, "Filter": "((info)::text = 'genres'::text)", "Rows Removed by Filter": 111}, {"Node Type": "Bitmap Heap Scan", "Parent Relationship": "Inner", "Relation Name": "movie_info", "Alias": "mi", "Startup Cost": 4842.14, "Total Cost": 164942.53, "Plan Rows": 2717, "Plan Width": 50, "Actual Startup Time": 171.585, "Actual Total Time": 1129.431, "Actual Rows": 186594, "Actual Loops": 1, "Recheck Cond": "(info_type_id = it1.id)", "Rows Removed by Index Recheck": 0, "Filter": "((info)::text = ANY ('{Horror,Action,Sci-Fi,Thriller,Crime,War}'::text[]))", "Rows Removed by Filter": 1347315, "Exact Heap Blocks": 7426, "Lossy Heap Blocks": 7426, "Plans": [{"Node Type": "Bitmap Index Scan", "Parent Relationship": "Outer", "Index Name": "info_type_id_movie_info", "Startup Cost": 0.0, "Total Cost": 4841.46, "Plan Rows": 212428, "Plan Width": 0, "Actual Startup Time": 170.179, "Actual Total Time": 170.179, "Actual Rows": 1533909, "Actual Loops": 1, "Index Cond": "(info_type_id = it1.id)"}]}]}, {"Node Type": "Bitmap Heap Scan", "Parent Relationship": "Inner", "Relation Name": "movie_info_idx", "Alias": "mi_idx", "Startup Cost": 0.37, "Total Cost": 4.39, "Plan Rows": 2, "Plan Width": 13, "Actual Startup Time": 711.65, "Actual Total Time": 754.916, "Actual Rows": 307785, "Actual Loops": 186594, "Recheck Cond": "(movie_id = mi.movie_id)", "Rows Removed by Index Recheck": 0, "Exact Heap Blocks": 103610, "Lossy Heap Blocks": 103610, "Plans": [{"Node Type": "Bitmap Index Scan", "Parent Relationship": "Outer", "Index Name": "movie_id_movie_info_idx", "Startup Cost": 0.0, "Total Cost": 0.37, "Plan Rows": 2, "Plan Width": 0, "Actual Startup Time": 477.47, "Actual Total Time": 477.47, "Actual Rows": 307785, "Actual Loops": 186594, "Index Cond": "(movie_id = mi.movie_id)"}]}]}]}]}, {"Node Type": "Bitmap Heap Scan", "Parent Relationship": "Inner", "Relation Name": "title", "Alias": "t", "Startup Cost": 0.28, "Total Cost": 4.3, "Plan Rows": 1, "Plan Width": 21, "Actual Startup Time": 578.567, "Actual Total Time": 578.567, "Actual Rows": 102516, "Actual Loops": 102516, "Recheck Cond": "(id = mi_idx.movie_id)", "Rows Removed by Index Recheck": 0, "Exact Heap Blocks": 102516, "Lossy Heap Blocks": 102516, "Plans": [{"Node Type": "Bitmap Index Scan", "Parent Relationship": "Outer", "Index Name": "title_pkey", "Startup Cost": 0.0, "Total Cost": 0.28, "Plan Rows": 1, "Plan Width": 0, "Actual Startup Time": 317.031, "Actual Total Time": 317.031, "Actual Rows": 102516, "Actual Loops": 102516, "Index Cond": "(id = mi_idx.movie_id)"}]}]}, {"Node Type": "Bitmap Heap Scan", "Parent Relationship": "Inner", "Relation Name": "cast_info", "Alias": "ci", "Startup Cost": 0.52, "Total Cost": 4.63, "Plan Rows": 1, "Plan Width": 8, "Actual Startup Time": 9067.436, "Actual Total Time": 10486.147, "Actual Rows": 54155, "Actual Loops": 102516, "Recheck Cond": "(movie_id = t.id)", "Rows Removed by Index Recheck": 0, "Filter": "((note)::text = ANY ('{(writer),\"(head writer)\",\"(written by)\",(story),\"(story editor)\"}'::text[]))", "Rows Removed by Filter": 3987641, "Exact Heap Blocks": 3901088, "Lossy Heap Blocks": 3901088, "Plans": [{"Node Type": "Bitmap Index Scan", "Parent Relationship": "Outer", "Index Name": "movie_id_cast_info", "Startup Cost": 0.0, "Total Cost": 0.52, "Plan Rows": 6, "Plan Width": 0, "Actual Startup Time": 1098.888, "Actual Total Time": 1098.888, "Actual Rows": 4041796, "Actual Loops": 102516, "Index Cond": "(movie_id = t.id)"}]}]}, {"Node Type": "Bitmap Heap Scan", "Parent Relationship": "Inner", "Relation Name": "name", "Alias": "n", "Startup Cost": 0.31, "Total Cost": 4.32, "Plan Rows": 1, "Plan Width": 4, "Actual Startup Time": 431.107, "Actual Total Time": 431.107, "Actual Rows": 28073, "Actual Loops": 54155, "Recheck Cond": "(id = ci.person_id)", "Rows Removed by Index Recheck": 0, "Filter": "((gender)::text = 'm'::text)", "Rows Removed by Filter": 26082, "Exact Heap Blocks": 54155, "Lossy Heap Blocks": 54155, "Plans": [{"Node Type": "Bitmap Index Scan", "Parent Relationship": "Outer", "Index Name": "name_pkey", "Startup Cost": 0.0, "Total Cost": 0.31, "Plan Rows": 1, "Plan Width": 0, "Actual Startup Time": 276.827, "Actual Total Time": 276.827, "Actual Rows": 54155, "Actual Loops": 54155, "Index Cond": "(id = ci.person_id)"}]}]}]}, "Triggers": [], "Planner Runtime": 22, "Total Runtime": 14393.182, "Unique SQL Id": 3913857139}}, "(1, 83)": {"explain_plan": {"Plan": {"Node Type": "Aggregate", "Strategy": "Plain", "Startup Cost": 1000012232006.38, "Total Cost": 1000012232006.39, "Plan Rows": 1, "Plan Width": 160, "Plans": [{"Node Type": "Nested Loop", "Parent Relationship": "Outer", "Join Type": "Inner", "Startup Cost": 10000000002.26, "Total Cost": 1000012231995.78, "Plan Rows": 1413, "Plan Width": 64, "Inner Unique": true, "Join Filter": "(mi.movie_id = t.id)", "Plans": [{"Node Type": "Nested Loop", "Parent Relationship": "Outer", "Join Type": "Inner", "Startup Cost": 10000000001.98, "Total Cost": 1000012225906.36, "Plan Rows": 1413, "Plan Width": 59, "Inner Unique": true, "Plans": [{"Node Type": "Nested Loop", "Parent Relationship": "Outer", "Join Type": "Inner", "Startup Cost": 10000000001.67, "Total Cost": 1000012220900.93, "Plan Rows": 1155, "Plan Width": 63, "Inner Unique": false, "Join Filter": "(mi.movie_id = ci.movie_id)", "Plans": [{"Node Type": "Nested Loop", "Parent Relationship": "Outer", "Join Type": "Inner", "Startup Cost": 10000000000.97, "Total Cost": 1000012215863.83, "Plan Rows": 1044, "Plan Width": 55, "Inner Unique": true, "Plans": [{"Node Type": "Nested Loop", "Parent Relationship": "Outer", "Join Type": "Inner", "Startup Cost": 10000000000.71, "Total Cost": 1000012197983.33, "Plan Rows": 4175, "Plan Width": 59, "Inner Unique": true, "Plans": [{"Node Type": "Nested Loop", "Parent Relationship": "Outer", "Join Type": "Inner", "Startup Cost": 10000000000.45, "Total Cost": 1000010946375.89, "Plan Rows": 292241, "Plan Width": 63, "Inner Unique": false, "Plans": [{"Node Type": "Index Scan", "Parent Relationship": "Outer", "Scan Direction": "Forward", "Index Name": "movie_id_movie_info_idx", "Relation Name": "movie_info_idx", "Alias": "mi_idx", "Startup Cost": 10000000000.0, "Total Cost": 1000004650035.37, "Plan Rows": 1380034, "Plan Width": 13}, {"Node Type": "Bitmap Heap Scan", "Parent Relationship": "Inner", "Relation Name": "movie_info", "Alias": "mi", "Startup Cost": 0.45, "Total Cost": 4.55, "Plan Rows": 1, "Plan Width": 50, "Recheck Cond": "(movie_id = mi_idx.movie_id)", "Filter": "((info)::text = ANY ('{Horror,Action,Sci-Fi,Thriller,Crime,War}'::text[]))", "Plans": [{"Node Type": "Bitmap Index Scan", "Parent Relationship": "Outer", "Index Name": "movie_id_movie_info", "Startup Cost": 0.0, "Total Cost": 0.45, "Plan Rows": 5, "Plan Width": 0, "Index Cond": "(movie_id = mi_idx.movie_id)"}]}]}, {"Node Type": "Bitmap Heap Scan", "Parent Relationship": "Inner", "Relation Name": "info_type", "Alias": "it1", "Startup Cost": 0.26, "Total Cost": 4.27, "Plan Rows": 1, "Plan Width": 4, "Recheck Cond": "(id = mi.info_type_id)", "Filter": "((info)::text = 'genres'::text)", "Plans": [{"Node Type": "Bitmap Index Scan", "Parent Relationship": "Outer", "Index Name": "info_type_pkey", "Startup Cost": 0.0, "Total Cost": 0.26, "Plan Rows": 1, "Plan Width": 0, "Index Cond": "(id = mi.info_type_id)"}]}]}, {"Node Type": "Bitmap Heap Scan", "Parent Relationship": "Inner", "Relation Name": "info_type", "Alias": "it2", "Startup Cost": 0.26, "Total Cost": 4.27, "Plan Rows": 1, "Plan Width": 4, "Recheck Cond": "(id = mi_idx.info_type_id)", "Filter": "((info)::text = 'votes'::text)", "Plans": [{"Node Type": "Bitmap Index Scan", "Parent Relationship": "Outer", "Index Name": "info_type_pkey", "Startup Cost": 0.0, "Total Cost": 0.26, "Plan Rows": 1, "Plan Width": 0, "Index Cond": "(id = mi_idx.info_type_id)"}]}]}, {"Node Type": "Bitmap Heap Scan", "Parent Relationship": "Inner", "Relation Name": "cast_info", "Alias": "ci", "Startup Cost": 0.7, "Total Cost": 4.81, "Plan Rows": 1, "Plan Width": 8, "Recheck Cond": "(movie_id = mi_idx.movie_id)", "Filter": "((note)::text = ANY ('{(writer),\"(head writer)\",\"(written by)\",(story),\"(story editor)\"}'::text[]))", "Plans": [{"Node Type": "Bitmap Index Scan", "Parent Relationship": "Outer", "Index Name": "movie_id_cast_info", "Startup Cost": 0.0, "Total Cost": 0.7, "Plan Rows": 6, "Plan Width": 0, "Index Cond": "(movie_id = mi_idx.movie_id)"}]}]}, {"Node Type": "Bitmap Heap Scan", "Parent Relationship": "Inner", "Relation Name": "name", "Alias": "n", "Startup Cost": 0.31, "Total Cost": 4.32, "Plan Rows": 1, "Plan Width": 4, "Recheck Cond": "(id = ci.person_id)", "Filter": "((gender)::text = 'm'::text)", "Plans": [{"Node Type": "Bitmap Index Scan", "Parent Relationship": "Outer", "Index Name": "name_pkey", "Startup Cost": 0.0, "Total Cost": 0.31, "Plan Rows": 1, "Plan Width": 0, "Index Cond": "(id = ci.person_id)"}]}]}, {"Node Type": "Bitmap Heap Scan", "Parent Relationship": "Inner", "Relation Name": "title", "Alias": "t", "Startup Cost": 0.28, "Total Cost": 4.3, "Plan Rows": 1, "Plan Width": 21, "Recheck Cond": "(id = mi_idx.movie_id)", "Plans": [{"Node Type": "Bitmap Index Scan", "Parent Relationship": "Outer", "Index Name": "title_pkey", "Startup Cost": 0.0, "Total Cost": 0.28, "Plan Rows": 1, "Plan Width": 0, "Index Cond": "(id = mi_idx.movie_id)"}]}]}]}, "Unique SQL Id": 3913857139, "Planner Runtime": 9}, "explain_analyze_plan": null}, "(1, 84)": {"explain_plan": {"Plan": {"Node Type": "Aggregate", "Strategy": "Plain", "Startup Cost": 169719.32, "Total Cost": 169719.33, "Plan Rows": 1, "Plan Width": 160, "Plans": [{"Node Type": "Nested Loop", "Parent Relationship": "Outer", "Join Type": "Inner", "Startup Cost": 4842.14, "Total Cost": 169708.72, "Plan Rows": 1413, "Plan Width": 64, "Inner Unique": true, "Plans": [{"Node Type": "Nested Loop", "Parent Relationship": "Outer", "Join Type": "Inner", "Startup Cost": 4842.14, "Total Cost": 169129.45, "Plan Rows": 1155, "Plan Width": 68, "Inner Unique": false, "Plans": [{"Node Type": "Nested Loop", "Parent Relationship": "Outer", "Join Type": "Inner", "Startup Cost": 4842.14, "Total Cost": 168067.82, "Plan Rows": 1044, "Plan Width": 76, "Inner Unique": true, "Join Filter": "(mi.movie_id = t.id)", "Plans": [{"Node Type": "Nested Loop", "Parent Relationship": "Outer", "Join Type": "Inner", "Startup Cost": 4842.14, "Total Cost": 167639.63, "Plan Rows": 1044, "Plan Width": 55, "Inner Unique": true, "Plans": [{"Node Type": "Nested Loop", "Parent Relationship": "Outer", "Join Type": "Inner", "Startup Cost": 4842.14, "Total Cost": 166460.15, "Plan Rows": 4175, "Plan Width": 59, "Inner Unique": false, "Plans": [{"Node Type": "Nested Loop", "Parent Relationship": "Outer", "Join Type": "Inner", "Startup Cost": 4842.14, "Total Cost": 164972.1, "Plan Rows": 2717, "Plan Width": 46, "Inner Unique": false, "Plans": [{"Node Type": "Seq Scan", "Parent Relationship": "Outer", "Relation Name": "info_type", "Alias": "it1", "Startup Cost": 0.0, "Total Cost": 2.4, "Plan Rows": 1, "Plan Width": 4, "Filter": "((info)::text = 'genres'::text)"}, {"Node Type": "Bitmap Heap Scan", "Parent Relationship": "Inner", "Relation Name": "movie_info", "Alias": "mi", "Startup Cost": 4842.14, "Total Cost": 164942.53, "Plan Rows": 2717, "Plan Width": 50, "Recheck Cond": "(info_type_id = it1.id)", "Filter": "((info)::text = ANY ('{Horror,Action,Sci-Fi,Thriller,Crime,War}'::text[]))", "Plans": [{"Node Type": "Bitmap Index Scan", "Parent Relationship": "Outer", "Index Name": "info_type_id_movie_info", "Startup Cost": 0.0, "Total Cost": 4841.46, "Plan Rows": 212428, "Plan Width": 0, "Index Cond": "(info_type_id = it1.id)"}]}]}, {"Node Type": "Index Scan", "Parent Relationship": "Inner", "Scan Direction": "Forward", "Index Name": "movie_id_movie_info_idx", "Relation Name": "movie_info_idx", "Alias": "mi_idx", "Startup Cost": 0.0, "Total Cost": 0.53, "Plan Rows": 2, "Plan Width": 13, "Index Cond": "(movie_id = mi.movie_id)"}]}, {"Node Type": "Index Scan", "Parent Relationship": "Inner", "Scan Direction": "Forward", "Index Name": "info_type_pkey", "Relation Name": "info_type", "Alias": "it2", "Startup Cost": 0.0, "Total Cost": 0.27, "Plan Rows": 1, "Plan Width": 4, "Index Cond": "(id = mi_idx.info_type_id)", "Filter": "((info)::text = 'votes'::text)"}]}, {"Node Type": "Index Scan", "Parent Relationship": "Inner", "Scan Direction": "Forward", "Index Name": "title_pkey", "Relation Name": "title", "Alias": "t", "Startup Cost": 0.0, "Total Cost": 0.4, "Plan Rows": 1, "Plan Width": 21, "Index Cond": "(id = mi_idx.movie_id)"}]}, {"Node Type": "Index Scan", "Parent Relationship": "Inner", "Scan Direction": "Forward", "Index Name": "movie_id_cast_info", "Relation Name": "cast_info", "Alias": "ci", "Startup Cost": 0.0, "Total Cost": 1.01, "Plan Rows": 1, "Plan Width": 8, "Index Cond": "(movie_id = t.id)", "Filter": "((note)::text = ANY ('{(writer),\"(head writer)\",\"(written by)\",(story),\"(story editor)\"}'::text[]))"}]}, {"Node Type": "Index Scan", "Parent Relationship": "Inner", "Scan Direction": "Forward", "Index Name": "name_pkey", "Relation Name": "name", "Alias": "n", "Startup Cost": 0.0, "Total Cost": 0.49, "Plan Rows": 1, "Plan Width": 4, "Index Cond": "(id = ci.person_id)", "Filter": "((gender)::text = 'm'::text)"}]}]}, "Unique SQL Id": 3913857139, "Planner Runtime": 21}, "explain_analyze_plan": {"Plan": {"Node Type": "Aggregate", "Strategy": "Plain", "Startup Cost": 169719.32, "Total Cost": 169719.33, "Plan Rows": 1, "Plan Width": 160, "Actual Startup Time": 12425.201, "Actual Total Time": 12425.201, "Actual Rows": 1, "Actual Loops": 1, "Plans": [{"Node Type": "Nested Loop", "Parent Relationship": "Outer", "Join Type": "Inner", "Startup Cost": 4842.14, "Total Cost": 169708.72, "Plan Rows": 1413, "Plan Width": 64, "Actual Startup Time": 182.508, "Actual Total Time": 12386.605, "Actual Rows": 28073, "Actual Loops": 1, "Inner Unique": true, "Plans": [{"Node Type": "Nested Loop", "Parent Relationship": "Outer", "Join Type": "Inner", "Startup Cost": 4842.14, "Total Cost": 169129.45, "Plan Rows": 1155, "Plan Width": 68, "Actual Startup Time": 180.067, "Actual Total Time": 11975.337, "Actual Rows": 54155, "Actual Loops": 1, "Inner Unique": false, "Plans": [{"Node Type": "Nested Loop", "Parent Relationship": "Outer", "Join Type": "Inner", "Startup Cost": 4842.14, "Total Cost": 168067.82, "Plan Rows": 1044, "Plan Width": 76, "Actual Startup Time": 177.132, "Actual Total Time": 3352.359, "Actual Rows": 102516, "Actual Loops": 1, "Inner Unique": true, "Join Filter": "(mi.movie_id = t.id)", "Rows Removed by Join Filter": 0, "Plans": [{"Node Type": "Nested Loop", "Parent Relationship": "Outer", "Join Type": "Inner", "Startup Cost": 4842.14, "Total Cost": 167639.63, "Plan Rows": 1044, "Plan Width": 55, "Actual Startup Time": 177.112, "Actual Total Time": 2799.396, "Actual Rows": 102516, "Actual Loops": 1, "Inner Unique": true, "Plans": [{"Node Type": "Nested Loop", "Parent Relationship": "Outer", "Join Type": "Inner", "Startup Cost": 4842.14, "Total Cost": 166460.15, "Plan Rows": 4175, "Plan Width": 59, "Actual Startup Time": 177.089, "Actual Total Time": 2010.966, "Actual Rows": 307785, "Actual Loops": 1, "Inner Unique": false, "Plans": [{"Node Type": "Nested Loop", "Parent Relationship": "Outer", "Join Type": "Inner", "Startup Cost": 4842.14, "Total Cost": 164972.1, "Plan Rows": 2717, "Plan Width": 46, "Actual Startup Time": 177.055, "Actual Total Time": 1166.017, "Actual Rows": 186594, "Actual Loops": 1, "Inner Unique": false, "Plans": [{"Node Type": "Seq Scan", "Parent Relationship": "Outer", "Relation Name": "info_type", "Alias": "it1", "Startup Cost": 0.0, "Total Cost": 2.4, "Plan Rows": 1, "Plan Width": 4, "Actual Startup Time": 0.039, "Actual Total Time": 0.079, "Actual Rows": 1, "Actual Loops": 1, "Filter": "((info)::text = 'genres'::text)", "Rows Removed by Filter": 111}, {"Node Type": "Bitmap Heap Scan", "Parent Relationship": "Inner", "Relation Name": "movie_info", "Alias": "mi", "Startup Cost": 4842.14, "Total Cost": 164942.53, "Plan Rows": 2717, "Plan Width": 50, "Actual Startup Time": 177.011, "Actual Total Time": 1121.209, "Actual Rows": 186594, "Actual Loops": 1, "Recheck Cond": "(info_type_id = it1.id)", "Rows Removed by Index Recheck": 0, "Filter": "((info)::text = ANY ('{Horror,Action,Sci-Fi,Thriller,Crime,War}'::text[]))", "Rows Removed by Filter": 1347315, "Exact Heap Blocks": 7426, "Lossy Heap Blocks": 7426, "Plans": [{"Node Type": "Bitmap Index Scan", "Parent Relationship": "Outer", "Index Name": "info_type_id_movie_info", "Startup Cost": 0.0, "Total Cost": 4841.46, "Plan Rows": 212428, "Plan Width": 0, "Actual Startup Time": 175.597, "Actual Total Time": 175.597, "Actual Rows": 1533909, "Actual Loops": 1, "Index Cond": "(info_type_id = it1.id)"}]}]}, {"Node Type": "Index Scan", "Parent Relationship": "Inner", "Scan Direction": "Forward", "Index Name": "movie_id_movie_info_idx", "Relation Name": "movie_info_idx", "Alias": "mi_idx", "Startup Cost": 0.0, "Total Cost": 0.53, "Plan Rows": 2, "Plan Width": 13, "Actual Startup Time": 550.327, "Actual Total Time": 673.543, "Actual Rows": 307785, "Actual Loops": 186594, "Index Cond": "(movie_id = mi.movie_id)", "Rows Removed by Index Recheck": 0}]}, {"Node Type": "Index Scan", "Parent Relationship": "Inner", "Scan Direction": "Forward", "Index Name": "info_type_pkey", "Relation Name": "info_type", "Alias": "it2", "Startup Cost": 0.0, "Total Cost": 0.27, "Plan Rows": 1, "Plan Width": 4, "Actual Startup Time": 601.71, "Actual Total Time": 601.71, "Actual Rows": 102516, "Actual Loops": 307785, "Index Cond": "(id = mi_idx.info_type_id)", "Rows Removed by Index Recheck": 0, "Filter": "((info)::text = 'votes'::text)", "Rows Removed by Filter": 205269}]}, {"Node Type": "Index Scan", "Parent Relationship": "Inner", "Scan Direction": "Forward", "Index Name": "title_pkey", "Relation Name": "title", "Alias": "t", "Startup Cost": 0.0, "Total Cost": 0.4, "Plan Rows": 1, "Plan Width": 21, "Actual Startup Time": 435.608, "Actual Total Time": 435.608, "Actual Rows": 102516, "Actual Loops": 102516, "Index Cond": "(id = mi_idx.movie_id)", "Rows Removed by Index Recheck": 0}]}, {"Node Type": "Index Scan", "Parent Relationship": "Inner", "Scan Direction": "Forward", "Index Name": "movie_id_cast_info", "Relation Name": "cast_info", "Alias": "ci", "Startup Cost": 0.0, "Total Cost": 1.01, "Plan Rows": 1, "Plan Width": 8, "Actual Startup Time": 7291.279, "Actual Total Time": 8553.839, "Actual Rows": 54155, "Actual Loops": 102516, "Index Cond": "(movie_id = t.id)", "Rows Removed by Index Recheck": 0, "Filter": "((note)::text = ANY ('{(writer),\"(head writer)\",\"(written by)\",(story),\"(story editor)\"}'::text[]))", "Rows Removed by Filter": 3987641}]}, {"Node Type": "Index Scan", "Parent Relationship": "Inner", "Scan Direction": "Forward", "Index Name": "name_pkey", "Relation Name": "name", "Alias": "n", "Startup Cost": 0.0, "Total Cost": 0.49, "Plan Rows": 1, "Plan Width": 4, "Actual Startup Time": 364.602, "Actual Total Time": 364.602, "Actual Rows": 28073, "Actual Loops": 54155, "Index Cond": "(id = ci.person_id)", "Rows Removed by Index Recheck": 0, "Filter": "((gender)::text = 'm'::text)", "Rows Removed by Filter": 26082}]}]}, "Triggers": [], "Planner Runtime": 11, "Total Runtime": 12425.55, "Unique SQL Id": 3913857139}}, "(1, 85)": {"explain_plan": {"Plan": {"Node Type": "Aggregate", "Strategy": "Plain", "Startup Cost": 169731.13, "Total Cost": 169731.14, "Plan Rows": 1, "Plan Width": 160, "Plans": [{"Node Type": "Nested Loop", "Parent Relationship": "Outer", "Join Type": "Inner", "Startup Cost": 4842.14, "Total Cost": 169720.53, "Plan Rows": 1413, "Plan Width": 64, "Inner Unique": true, "Plans": [{"Node Type": "Nested Loop", "Parent Relationship": "Outer", "Join Type": "Inner", "Startup Cost": 4842.14, "Total Cost": 169141.26, "Plan Rows": 1155, "Plan Width": 68, "Inner Unique": false, "Plans": [{"Node Type": "Nested Loop", "Parent Relationship": "Outer", "Join Type": "Inner", "Startup Cost": 4842.14, "Total Cost": 168079.63, "Plan Rows": 1044, "Plan Width": 76, "Inner Unique": true, "Join Filter": "(mi.movie_id = t.id)", "Plans": [{"Node Type": "Nested Loop", "Parent Relationship": "Outer", "Join Type": "Inner", "Startup Cost": 4842.14, "Total Cost": 167651.44, "Plan Rows": 1044, "Plan Width": 55, "Inner Unique": true, "Plans": [{"Node Type": "Nested Loop", "Parent Relationship": "Outer", "Join Type": "Inner", "Startup Cost": 4842.14, "Total Cost": 166471.96, "Plan Rows": 4175, "Plan Width": 59, "Inner Unique": false, "Plans": [{"Node Type": "Nested Loop", "Parent Relationship": "Outer", "Join Type": "Inner", "Startup Cost": 4842.14, "Total Cost": 164983.91, "Plan Rows": 2717, "Plan Width": 46, "Inner Unique": false, "Plans": [{"Node Type": "Index Scan", "Parent Relationship": "Outer", "Scan Direction": "Forward", "Index Name": "info_type_pkey", "Relation Name": "info_type", "Alias": "it1", "Startup Cost": 0.0, "Total Cost": 14.21, "Plan Rows": 1, "Plan Width": 4, "Filter": "((info)::text = 'genres'::text)"}, {"Node Type": "Bitmap Heap Scan", "Parent Relationship": "Inner", "Relation Name": "movie_info", "Alias": "mi", "Startup Cost": 4842.14, "Total Cost": 164942.53, "Plan Rows": 2717, "Plan Width": 50, "Recheck Cond": "(info_type_id = it1.id)", "Filter": "((info)::text = ANY ('{Horror,Action,Sci-Fi,Thriller,Crime,War}'::text[]))", "Plans": [{"Node Type": "Bitmap Index Scan", "Parent Relationship": "Outer", "Index Name": "info_type_id_movie_info", "Startup Cost": 0.0, "Total Cost": 4841.46, "Plan Rows": 212428, "Plan Width": 0, "Index Cond": "(info_type_id = it1.id)"}]}]}, {"Node Type": "Index Scan", "Parent Relationship": "Inner", "Scan Direction": "Forward", "Index Name": "movie_id_movie_info_idx", "Relation Name": "movie_info_idx", "Alias": "mi_idx", "Startup Cost": 0.0, "Total Cost": 0.53, "Plan Rows": 2, "Plan Width": 13, "Index Cond": "(movie_id = mi.movie_id)"}]}, {"Node Type": "Index Scan", "Parent Relationship": "Inner", "Scan Direction": "Forward", "Index Name": "info_type_pkey", "Relation Name": "info_type", "Alias": "it2", "Startup Cost": 0.0, "Total Cost": 0.27, "Plan Rows": 1, "Plan Width": 4, "Index Cond": "(id = mi_idx.info_type_id)", "Filter": "((info)::text = 'votes'::text)"}]}, {"Node Type": "Index Scan", "Parent Relationship": "Inner", "Scan Direction": "Forward", "Index Name": "title_pkey", "Relation Name": "title", "Alias": "t", "Startup Cost": 0.0, "Total Cost": 0.4, "Plan Rows": 1, "Plan Width": 21, "Index Cond": "(id = mi_idx.movie_id)"}]}, {"Node Type": "Index Scan", "Parent Relationship": "Inner", "Scan Direction": "Forward", "Index Name": "movie_id_cast_info", "Relation Name": "cast_info", "Alias": "ci", "Startup Cost": 0.0, "Total Cost": 1.01, "Plan Rows": 1, "Plan Width": 8, "Index Cond": "(movie_id = t.id)", "Filter": "((note)::text = ANY ('{(writer),\"(head writer)\",\"(written by)\",(story),\"(story editor)\"}'::text[]))"}]}, {"Node Type": "Index Scan", "Parent Relationship": "Inner", "Scan Direction": "Forward", "Index Name": "name_pkey", "Relation Name": "name", "Alias": "n", "Startup Cost": 0.0, "Total Cost": 0.49, "Plan Rows": 1, "Plan Width": 4, "Index Cond": "(id = ci.person_id)", "Filter": "((gender)::text = 'm'::text)"}]}]}, "Unique SQL Id": 3913857139, "Planner Runtime": 16}, "explain_analyze_plan": {"Plan": {"Node Type": "Aggregate", "Strategy": "Plain", "Startup Cost": 169731.13, "Total Cost": 169731.14, "Plan Rows": 1, "Plan Width": 160, "Actual Startup Time": 12567.339, "Actual Total Time": 12567.34, "Actual Rows": 1, "Actual Loops": 1, "Plans": [{"Node Type": "Nested Loop", "Parent Relationship": "Outer", "Join Type": "Inner", "Startup Cost": 4842.14, "Total Cost": 169720.53, "Plan Rows": 1413, "Plan Width": 64, "Actual Startup Time": 180.697, "Actual Total Time": 12528.919, "Actual Rows": 28073, "Actual Loops": 1, "Inner Unique": true, "Plans": [{"Node Type": "Nested Loop", "Parent Relationship": "Outer", "Join Type": "Inner", "Startup Cost": 4842.14, "Total Cost": 169141.26, "Plan Rows": 1155, "Plan Width": 68, "Actual Startup Time": 178.273, "Actual Total Time": 12109.988, "Actual Rows": 54155, "Actual Loops": 1, "Inner Unique": false, "Plans": [{"Node Type": "Nested Loop", "Parent Relationship": "Outer", "Join Type": "Inner", "Startup Cost": 4842.14, "Total Cost": 168079.63, "Plan Rows": 1044, "Plan Width": 76, "Actual Startup Time": 175.364, "Actual Total Time": 3322.24, "Actual Rows": 102516, "Actual Loops": 1, "Inner Unique": true, "Join Filter": "(mi.movie_id = t.id)", "Rows Removed by Join Filter": 0, "Plans": [{"Node Type": "Nested Loop", "Parent Relationship": "Outer", "Join Type": "Inner", "Startup Cost": 4842.14, "Total Cost": 167651.44, "Plan Rows": 1044, "Plan Width": 55, "Actual Startup Time": 175.345, "Actual Total Time": 2761.703, "Actual Rows": 102516, "Actual Loops": 1, "Inner Unique": true, "Plans": [{"Node Type": "Nested Loop", "Parent Relationship": "Outer", "Join Type": "Inner", "Startup Cost": 4842.14, "Total Cost": 166471.96, "Plan Rows": 4175, "Plan Width": 59, "Actual Startup Time": 175.323, "Actual Total Time": 2018.91, "Actual Rows": 307785, "Actual Loops": 1, "Inner Unique": false, "Plans": [{"Node Type": "Nested Loop", "Parent Relationship": "Outer", "Join Type": "Inner", "Startup Cost": 4842.14, "Total Cost": 164983.91, "Plan Rows": 2717, "Plan Width": 46, "Actual Startup Time": 175.291, "Actual Total Time": 1167.34, "Actual Rows": 186594, "Actual Loops": 1, "Inner Unique": false, "Plans": [{"Node Type": "Index Scan", "Parent Relationship": "Outer", "Scan Direction": "Forward", "Index Name": "info_type_pkey", "Relation Name": "info_type", "Alias": "it1", "Startup Cost": 0.0, "Total Cost": 14.21, "Plan Rows": 1, "Plan Width": 4, "Actual Startup Time": 0.021, "Actual Total Time": 0.08, "Actual Rows": 1, "Actual Loops": 1, "Filter": "((info)::text = 'genres'::text)", "Rows Removed by Filter": 111}, {"Node Type": "Bitmap Heap Scan", "Parent Relationship": "Inner", "Relation Name": "movie_info", "Alias": "mi", "Startup Cost": 4842.14, "Total Cost": 164942.53, "Plan Rows": 2717, "Plan Width": 50, "Actual Startup Time": 175.265, "Actual Total Time": 1120.729, "Actual Rows": 186594, "Actual Loops": 1, "Recheck Cond": "(info_type_id = it1.id)", "Rows Removed by Index Recheck": 0, "Filter": "((info)::text = ANY ('{Horror,Action,Sci-Fi,Thriller,Crime,War}'::text[]))", "Rows Removed by Filter": 1347315, "Exact Heap Blocks": 7426, "Lossy Heap Blocks": 7426, "Plans": [{"Node Type": "Bitmap Index Scan", "Parent Relationship": "Outer", "Index Name": "info_type_id_movie_info", "Startup Cost": 0.0, "Total Cost": 4841.46, "Plan Rows": 212428, "Plan Width": 0, "Actual Startup Time": 173.882, "Actual Total Time": 173.882, "Actual Rows": 1533909, "Actual Loops": 1, "Index Cond": "(info_type_id = it1.id)"}]}]}, {"Node Type": "Index Scan", "Parent Relationship": "Inner", "Scan Direction": "Forward", "Index Name": "movie_id_movie_info_idx", "Relation Name": "movie_info_idx", "Alias": "mi_idx", "Startup Cost": 0.0, "Total Cost": 0.53, "Plan Rows": 2, "Plan Width": 13, "Actual Startup Time": 552.595, "Actual Total Time": 678.362, "Actual Rows": 307785, "Actual Loops": 186594, "Index Cond": "(movie_id = mi.movie_id)", "Rows Removed by Index Recheck": 0}]}, {"Node Type": "Index Scan", "Parent Relationship": "Inner", "Scan Direction": "Forward", "Index Name": "info_type_pkey", "Relation Name": "info_type", "Alias": "it2", "Startup Cost": 0.0, "Total Cost": 0.27, "Plan Rows": 1, "Plan Width": 4, "Actual Startup Time": 562.404, "Actual Total Time": 562.404, "Actual Rows": 102516, "Actual Loops": 307785, "Index Cond": "(id = mi_idx.info_type_id)", "Rows Removed by Index Recheck": 0, "Filter": "((info)::text = 'votes'::text)", "Rows Removed by Filter": 205269}]}, {"Node Type": "Index Scan", "Parent Relationship": "Inner", "Scan Direction": "Forward", "Index Name": "title_pkey", "Relation Name": "title", "Alias": "t", "Startup Cost": 0.0, "Total Cost": 0.4, "Plan Rows": 1, "Plan Width": 21, "Actual Startup Time": 443.764, "Actual Total Time": 443.764, "Actual Rows": 102516, "Actual Loops": 102516, "Index Cond": "(id = mi_idx.movie_id)", "Rows Removed by Index Recheck": 0}]}, {"Node Type": "Index Scan", "Parent Relationship": "Inner", "Scan Direction": "Forward", "Index Name": "movie_id_cast_info", "Relation Name": "cast_info", "Alias": "ci", "Startup Cost": 0.0, "Total Cost": 1.01, "Plan Rows": 1, "Plan Width": 8, "Actual Startup Time": 7427.434, "Actual Total Time": 8715.582, "Actual Rows": 54155, "Actual Loops": 102516, "Index Cond": "(movie_id = t.id)", "Rows Removed by Index Recheck": 0, "Filter": "((note)::text = ANY ('{(writer),\"(head writer)\",\"(written by)\",(story),\"(story editor)\"}'::text[]))", "Rows Removed by Filter": 3987641}]}, {"Node Type": "Index Scan", "Parent Relationship": "Inner", "Scan Direction": "Forward", "Index Name": "name_pkey", "Relation Name": "name", "Alias": "n", "Startup Cost": 0.0, "Total Cost": 0.49, "Plan Rows": 1, "Plan Width": 4, "Actual Startup Time": 372.109, "Actual Total Time": 372.109, "Actual Rows": 28073, "Actual Loops": 54155, "Index Cond": "(id = ci.person_id)", "Rows Removed by Index Recheck": 0, "Filter": "((gender)::text = 'm'::text)", "Rows Removed by Filter": 26082}]}]}, "Triggers": [], "Planner Runtime": 8, "Total Runtime": 12567.631, "Unique SQL Id": 3913857139}}, "(1, 86)": {"explain_plan": {"Plan": {"Node Type": "Aggregate", "Strategy": "Plain", "Startup Cost": 191602.22, "Total Cost": 191602.23, "Plan Rows": 1, "Plan Width": 160, "Plans": [{"Node Type": "Nested Loop", "Parent Relationship": "Outer", "Join Type": "Inner", "Startup Cost": 177214.13, "Total Cost": 191591.62, "Plan Rows": 1413, "Plan Width": 64, "Inner Unique": true, "Plans": [{"Node Type": "Nested Loop", "Parent Relationship": "Outer", "Join Type": "Inner", "Startup Cost": 177213.82, "Total Cost": 186586.2, "Plan Rows": 1155, "Plan Width": 68, "Inner Unique": false, "Plans": [{"Node Type": "Nested Loop", "Parent Relationship": "Outer", "Join Type": "Inner", "Startup Cost": 177213.31, "Total Cost": 181743.53, "Plan Rows": 1044, "Plan Width": 76, "Inner Unique": true, "Join Filter": "(mi.movie_id = t.id)", "Plans": [{"Node Type": "Merge Join", "Parent Relationship": "Outer", "Join Type": "Inner", "Startup Cost": 177213.02, "Total Cost": 177244.34, "Plan Rows": 1044, "Plan Width": 55, "Inner Unique": false, "Merge Cond": "(it2.id = mi_idx.info_type_id)", "Plans": [{"Node Type": "Sort", "Parent Relationship": "Outer", "Startup Cost": 2.41, "Total Cost": 2.42, "Plan Rows": 1, "Plan Width": 4, "Sort Key": ["it2.id"], "Plans": [{"Node Type": "Seq Scan", "Parent Relationship": "Outer", "Relation Name": "info_type", "Alias": "it2", "Startup Cost": 0.0, "Total Cost": 2.4, "Plan Rows": 1, "Plan Width": 4, "Filter": "((info)::text = 'votes'::text)"}]}, {"Node Type": "Sort", "Parent Relationship": "Inner", "Startup Cost": 177210.61, "Total Cost": 177221.04, "Plan Rows": 4175, "Plan Width": 59, "Sort Key": ["mi_idx.info_type_id"], "Plans": [{"Node Type": "Nested Loop", "Parent Relationship": "Outer", "Join Type": "Inner", "Startup Cost": 4842.51, "Total Cost": 176959.53, "Plan Rows": 4175, "Plan Width": 59, "Inner Unique": false, "Plans": [{"Node Type": "Nested Loop", "Parent Relationship": "Outer", "Join Type": "Inner", "Startup Cost": 4842.14, "Total Cost": 164972.1, "Plan Rows": 2717, "Plan Width": 46, "Inner Unique": false, "Plans": [{"Node Type": "Seq Scan", "Parent Relationship": "Outer", "Relation Name": "info_type", "Alias": "it1", "Startup Cost": 0.0, "Total Cost": 2.4, "Plan Rows": 1, "Plan Width": 4, "Filter": "((info)::text = 'genres'::text)"}, {"Node Type": "Bitmap Heap Scan", "Parent Relationship": "Inner", "Relation Name": "movie_info", "Alias": "mi", "Startup Cost": 4842.14, "Total Cost": 164942.53, "Plan Rows": 2717, "Plan Width": 50, "Recheck Cond": "(info_type_id = it1.id)", "Filter": "((info)::text = ANY ('{Horror,Action,Sci-Fi,Thriller,Crime,War}'::text[]))", "Plans": [{"Node Type": "Bitmap Index Scan", "Parent Relationship": "Outer", "Index Name": "info_type_id_movie_info", "Startup Cost": 0.0, "Total Cost": 4841.46, "Plan Rows": 212428, "Plan Width": 0, "Index Cond": "(info_type_id = it1.id)"}]}]}, {"Node Type": "Bitmap Heap Scan", "Parent Relationship": "Inner", "Relation Name": "movie_info_idx", "Alias": "mi_idx", "Startup Cost": 0.37, "Total Cost": 4.39, "Plan Rows": 2, "Plan Width": 13, "Recheck Cond": "(movie_id = mi.movie_id)", "Plans": [{"Node Type": "Bitmap Index Scan", "Parent Relationship": "Outer", "Index Name": "movie_id_movie_info_idx", "Startup Cost": 0.0, "Total Cost": 0.37, "Plan Rows": 2, "Plan Width": 0, "Index Cond": "(movie_id = mi.movie_id)"}]}]}]}]}, {"Node Type": "Bitmap Heap Scan", "Parent Relationship": "Inner", "Relation Name": "title", "Alias": "t", "Startup Cost": 0.28, "Total Cost": 4.3, "Plan Rows": 1, "Plan Width": 21, "Recheck Cond": "(id = mi_idx.movie_id)", "Plans": [{"Node Type": "Bitmap Index Scan", "Parent Relationship": "Outer", "Index Name": "title_pkey", "Startup Cost": 0.0, "Total Cost": 0.28, "Plan Rows": 1, "Plan Width": 0, "Index Cond": "(id = mi_idx.movie_id)"}]}]}, {"Node Type": "Bitmap Heap Scan", "Parent Relationship": "Inner", "Relation Name": "cast_info", "Alias": "ci", "Startup Cost": 0.52, "Total Cost": 4.63, "Plan Rows": 1, "Plan Width": 8, "Recheck Cond": "(movie_id = t.id)", "Filter": "((note)::text = ANY ('{(writer),\"(head writer)\",\"(written by)\",(story),\"(story editor)\"}'::text[]))", "Plans": [{"Node Type": "Bitmap Index Scan", "Parent Relationship": "Outer", "Index Name": "movie_id_cast_info", "Startup Cost": 0.0, "Total Cost": 0.52, "Plan Rows": 6, "Plan Width": 0, "Index Cond": "(movie_id = t.id)"}]}]}, {"Node Type": "Bitmap Heap Scan", "Parent Relationship": "Inner", "Relation Name": "name", "Alias": "n", "Startup Cost": 0.31, "Total Cost": 4.32, "Plan Rows": 1, "Plan Width": 4, "Recheck Cond": "(id = ci.person_id)", "Filter": "((gender)::text = 'm'::text)", "Plans": [{"Node Type": "Bitmap Index Scan", "Parent Relationship": "Outer", "Index Name": "name_pkey", "Startup Cost": 0.0, "Total Cost": 0.31, "Plan Rows": 1, "Plan Width": 0, "Index Cond": "(id = ci.person_id)"}]}]}]}, "Unique SQL Id": 3913857139, "Planner Runtime": 22}, "explain_analyze_plan": {"Plan": {"Node Type": "Aggregate", "Strategy": "Plain", "Startup Cost": 191602.22, "Total Cost": 191602.23, "Plan Rows": 1, "Plan Width": 160, "Actual Startup Time": 14392.899, "Actual Total Time": 14392.899, "Actual Rows": 1, "Actual Loops": 1, "Plans": [{"Node Type": "Nested Loop", "Parent Relationship": "Outer", "Join Type": "Inner", "Startup Cost": 177214.13, "Total Cost": 191591.62, "Plan Rows": 1413, "Plan Width": 64, "Actual Startup Time": 2346.298, "Actual Total Time": 14349.189, "Actual Rows": 28073, "Actual Loops": 1, "Inner Unique": true, "Plans": [{"Node Type": "Nested Loop", "Parent Relationship": "Outer", "Join Type": "Inner", "Startup Cost": 177213.82, "Total Cost": 186586.2, "Plan Rows": 1155, "Plan Width": 68, "Actual Startup Time": 2346.245, "Actual Total Time": 13833.547, "Actual Rows": 54155, "Actual Loops": 1, "Inner Unique": false, "Plans": [{"Node Type": "Nested Loop", "Parent Relationship": "Outer", "Join Type": "Inner", "Startup Cost": 177213.31, "Total Cost": 181743.53, "Plan Rows": 1044, "Plan Width": 76, "Actual Startup Time": 2346.156, "Actual Total Time": 3186.803, "Actual Rows": 102516, "Actual Loops": 1, "Inner Unique": true, "Join Filter": "(mi.movie_id = t.id)", "Rows Removed by Join Filter": 0, "Plans": [{"Node Type": "Merge Join", "Parent Relationship": "Outer", "Join Type": "Inner", "Startup Cost": 177213.02, "Total Cost": 177244.34, "Plan Rows": 1044, "Plan Width": 55, "Actual Startup Time": 2346.089, "Actual Total Time": 2415.234, "Actual Rows": 102516, "Actual Loops": 1, "Inner Unique": false, "Merge Cond": "(it2.id = mi_idx.info_type_id)", "Plans": [{"Node Type": "Sort", "Parent Relationship": "Outer", "Startup Cost": 2.41, "Total Cost": 2.42, "Plan Rows": 1, "Plan Width": 4, "Actual Startup Time": 0.075, "Actual Total Time": 0.075, "Actual Rows": 1, "Actual Loops": 1, "Sort Key": ["it2.id"], "Sort Method": "quicksort", "Sort Space Used": 25, "Sort Space Type": "Memory", "Plans": [{"Node Type": "Seq Scan", "Parent Relationship": "Outer", "Relation Name": "info_type", "Alias": "it2", "Startup Cost": 0.0, "Total Cost": 2.4, "Plan Rows": 1, "Plan Width": 4, "Actual Startup Time": 0.057, "Actual Total Time": 0.062, "Actual Rows": 1, "Actual Loops": 1, "Filter": "((info)::text = 'votes'::text)", "Rows Removed by Filter": 111}]}, {"Node Type": "Sort", "Parent Relationship": "Inner", "Startup Cost": 177210.61, "Total Cost": 177221.04, "Plan Rows": 4175, "Plan Width": 59, "Actual Startup Time": 2311.362, "Actual Total Time": 2352.775, "Actual Rows": 205033, "Actual Loops": 1, "Sort Key": ["mi_idx.info_type_id"], "Sort Method": "quicksort", "Sort Space Used": 41143, "Sort Space Type": "Memory", "Plans": [{"Node Type": "Nested Loop", "Parent Relationship": "Outer", "Join Type": "Inner", "Startup Cost": 4842.51, "Total Cost": 176959.53, "Plan Rows": 4175, "Plan Width": 59, "Actual Startup Time": 171.653, "Actual Total Time": 2193.083, "Actual Rows": 307785, "Actual Loops": 1, "Inner Unique": false, "Plans": [{"Node Type": "Nested Loop", "Parent Relationship": "Outer", "Join Type": "Inner", "Startup Cost": 4842.14, "Total Cost": 164972.1, "Plan Rows": 2717, "Plan Width": 46, "Actual Startup Time": 171.61, "Actual Total Time": 1170.001, "Actual Rows": 186594, "Actual Loops": 1, "Inner Unique": false, "Plans": [{"Node Type": "Seq Scan", "Parent Relationship": "Outer", "Relation Name": "info_type", "Alias": "it1", "Startup Cost": 0.0, "Total Cost": 2.4, "Plan Rows": 1, "Plan Width": 4, "Actual Startup Time": 0.02, "Actual Total Time": 0.051, "Actual Rows": 1, "Actual Loops": 1, "Filter": "((info)::text = 'genres'::text)", "Rows Removed by Filter": 111}, {"Node Type": "Bitmap Heap Scan", "Parent Relationship": "Inner", "Relation Name": "movie_info", "Alias": "mi", "Startup Cost": 4842.14, "Total Cost": 164942.53, "Plan Rows": 2717, "Plan Width": 50, "Actual Startup Time": 171.585, "Actual Total Time": 1129.431, "Actual Rows": 186594, "Actual Loops": 1, "Recheck Cond": "(info_type_id = it1.id)", "Rows Removed by Index Recheck": 0, "Filter": "((info)::text = ANY ('{Horror,Action,Sci-Fi,Thriller,Crime,War}'::text[]))", "Rows Removed by Filter": 1347315, "Exact Heap Blocks": 7426, "Lossy Heap Blocks": 7426, "Plans": [{"Node Type": "Bitmap Index Scan", "Parent Relationship": "Outer", "Index Name": "info_type_id_movie_info", "Startup Cost": 0.0, "Total Cost": 4841.46, "Plan Rows": 212428, "Plan Width": 0, "Actual Startup Time": 170.179, "Actual Total Time": 170.179, "Actual Rows": 1533909, "Actual Loops": 1, "Index Cond": "(info_type_id = it1.id)"}]}]}, {"Node Type": "Bitmap Heap Scan", "Parent Relationship": "Inner", "Relation Name": "movie_info_idx", "Alias": "mi_idx", "Startup Cost": 0.37, "Total Cost": 4.39, "Plan Rows": 2, "Plan Width": 13, "Actual Startup Time": 711.65, "Actual Total Time": 754.916, "Actual Rows": 307785, "Actual Loops": 186594, "Recheck Cond": "(movie_id = mi.movie_id)", "Rows Removed by Index Recheck": 0, "Exact Heap Blocks": 103610, "Lossy Heap Blocks": 103610, "Plans": [{"Node Type": "Bitmap Index Scan", "Parent Relationship": "Outer", "Index Name": "movie_id_movie_info_idx", "Startup Cost": 0.0, "Total Cost": 0.37, "Plan Rows": 2, "Plan Width": 0, "Actual Startup Time": 477.47, "Actual Total Time": 477.47, "Actual Rows": 307785, "Actual Loops": 186594, "Index Cond": "(movie_id = mi.movie_id)"}]}]}]}]}, {"Node Type": "Bitmap Heap Scan", "Parent Relationship": "Inner", "Relation Name": "title", "Alias": "t", "Startup Cost": 0.28, "Total Cost": 4.3, "Plan Rows": 1, "Plan Width": 21, "Actual Startup Time": 578.567, "Actual Total Time": 578.567, "Actual Rows": 102516, "Actual Loops": 102516, "Recheck Cond": "(id = mi_idx.movie_id)", "Rows Removed by Index Recheck": 0, "Exact Heap Blocks": 102516, "Lossy Heap Blocks": 102516, "Plans": [{"Node Type": "Bitmap Index Scan", "Parent Relationship": "Outer", "Index Name": "title_pkey", "Startup Cost": 0.0, "Total Cost": 0.28, "Plan Rows": 1, "Plan Width": 0, "Actual Startup Time": 317.031, "Actual Total Time": 317.031, "Actual Rows": 102516, "Actual Loops": 102516, "Index Cond": "(id = mi_idx.movie_id)"}]}]}, {"Node Type": "Bitmap Heap Scan", "Parent Relationship": "Inner", "Relation Name": "cast_info", "Alias": "ci", "Startup Cost": 0.52, "Total Cost": 4.63, "Plan Rows": 1, "Plan Width": 8, "Actual Startup Time": 9067.436, "Actual Total Time": 10486.147, "Actual Rows": 54155, "Actual Loops": 102516, "Recheck Cond": "(movie_id = t.id)", "Rows Removed by Index Recheck": 0, "Filter": "((note)::text = ANY ('{(writer),\"(head writer)\",\"(written by)\",(story),\"(story editor)\"}'::text[]))", "Rows Removed by Filter": 3987641, "Exact Heap Blocks": 3901088, "Lossy Heap Blocks": 3901088, "Plans": [{"Node Type": "Bitmap Index Scan", "Parent Relationship": "Outer", "Index Name": "movie_id_cast_info", "Startup Cost": 0.0, "Total Cost": 0.52, "Plan Rows": 6, "Plan Width": 0, "Actual Startup Time": 1098.888, "Actual Total Time": 1098.888, "Actual Rows": 4041796, "Actual Loops": 102516, "Index Cond": "(movie_id = t.id)"}]}]}, {"Node Type": "Bitmap Heap Scan", "Parent Relationship": "Inner", "Relation Name": "name", "Alias": "n", "Startup Cost": 0.31, "Total Cost": 4.32, "Plan Rows": 1, "Plan Width": 4, "Actual Startup Time": 431.107, "Actual Total Time": 431.107, "Actual Rows": 28073, "Actual Loops": 54155, "Recheck Cond": "(id = ci.person_id)", "Rows Removed by Index Recheck": 0, "Filter": "((gender)::text = 'm'::text)", "Rows Removed by Filter": 26082, "Exact Heap Blocks": 54155, "Lossy Heap Blocks": 54155, "Plans": [{"Node Type": "Bitmap Index Scan", "Parent Relationship": "Outer", "Index Name": "name_pkey", "Startup Cost": 0.0, "Total Cost": 0.31, "Plan Rows": 1, "Plan Width": 0, "Actual Startup Time": 276.827, "Actual Total Time": 276.827, "Actual Rows": 54155, "Actual Loops": 54155, "Index Cond": "(id = ci.person_id)"}]}]}]}, "Triggers": [], "Planner Runtime": 22, "Total Runtime": 14393.182, "Unique SQL Id": 3913857139}}, "(1, 87)": {"explain_plan": {"Plan": {"Node Type": "Aggregate", "Strategy": "Plain", "Startup Cost": 1000012232006.38, "Total Cost": 1000012232006.39, "Plan Rows": 1, "Plan Width": 160, "Plans": [{"Node Type": "Nested Loop", "Parent Relationship": "Outer", "Join Type": "Inner", "Startup Cost": 10000000002.26, "Total Cost": 1000012231995.78, "Plan Rows": 1413, "Plan Width": 64, "Inner Unique": true, "Join Filter": "(mi.movie_id = t.id)", "Plans": [{"Node Type": "Nested Loop", "Parent Relationship": "Outer", "Join Type": "Inner", "Startup Cost": 10000000001.98, "Total Cost": 1000012225906.36, "Plan Rows": 1413, "Plan Width": 59, "Inner Unique": true, "Plans": [{"Node Type": "Nested Loop", "Parent Relationship": "Outer", "Join Type": "Inner", "Startup Cost": 10000000001.67, "Total Cost": 1000012220900.93, "Plan Rows": 1155, "Plan Width": 63, "Inner Unique": false, "Join Filter": "(mi.movie_id = ci.movie_id)", "Plans": [{"Node Type": "Nested Loop", "Parent Relationship": "Outer", "Join Type": "Inner", "Startup Cost": 10000000000.97, "Total Cost": 1000012215863.83, "Plan Rows": 1044, "Plan Width": 55, "Inner Unique": true, "Plans": [{"Node Type": "Nested Loop", "Parent Relationship": "Outer", "Join Type": "Inner", "Startup Cost": 10000000000.71, "Total Cost": 1000012197983.33, "Plan Rows": 4175, "Plan Width": 59, "Inner Unique": true, "Plans": [{"Node Type": "Nested Loop", "Parent Relationship": "Outer", "Join Type": "Inner", "Startup Cost": 10000000000.45, "Total Cost": 1000010946375.89, "Plan Rows": 292241, "Plan Width": 63, "Inner Unique": false, "Plans": [{"Node Type": "Index Scan", "Parent Relationship": "Outer", "Scan Direction": "Forward", "Index Name": "movie_id_movie_info_idx", "Relation Name": "movie_info_idx", "Alias": "mi_idx", "Startup Cost": 10000000000.0, "Total Cost": 1000004650035.37, "Plan Rows": 1380034, "Plan Width": 13}, {"Node Type": "Bitmap Heap Scan", "Parent Relationship": "Inner", "Relation Name": "movie_info", "Alias": "mi", "Startup Cost": 0.45, "Total Cost": 4.55, "Plan Rows": 1, "Plan Width": 50, "Recheck Cond": "(movie_id = mi_idx.movie_id)", "Filter": "((info)::text = ANY ('{Horror,Action,Sci-Fi,Thriller,Crime,War}'::text[]))", "Plans": [{"Node Type": "Bitmap Index Scan", "Parent Relationship": "Outer", "Index Name": "movie_id_movie_info", "Startup Cost": 0.0, "Total Cost": 0.45, "Plan Rows": 5, "Plan Width": 0, "Index Cond": "(movie_id = mi_idx.movie_id)"}]}]}, {"Node Type": "Bitmap Heap Scan", "Parent Relationship": "Inner", "Relation Name": "info_type", "Alias": "it1", "Startup Cost": 0.26, "Total Cost": 4.27, "Plan Rows": 1, "Plan Width": 4, "Recheck Cond": "(id = mi.info_type_id)", "Filter": "((info)::text = 'genres'::text)", "Plans": [{"Node Type": "Bitmap Index Scan", "Parent Relationship": "Outer", "Index Name": "info_type_pkey", "Startup Cost": 0.0, "Total Cost": 0.26, "Plan Rows": 1, "Plan Width": 0, "Index Cond": "(id = mi.info_type_id)"}]}]}, {"Node Type": "Bitmap Heap Scan", "Parent Relationship": "Inner", "Relation Name": "info_type", "Alias": "it2", "Startup Cost": 0.26, "Total Cost": 4.27, "Plan Rows": 1, "Plan Width": 4, "Recheck Cond": "(id = mi_idx.info_type_id)", "Filter": "((info)::text = 'votes'::text)", "Plans": [{"Node Type": "Bitmap Index Scan", "Parent Relationship": "Outer", "Index Name": "info_type_pkey", "Startup Cost": 0.0, "Total Cost": 0.26, "Plan Rows": 1, "Plan Width": 0, "Index Cond": "(id = mi_idx.info_type_id)"}]}]}, {"Node Type": "Bitmap Heap Scan", "Parent Relationship": "Inner", "Relation Name": "cast_info", "Alias": "ci", "Startup Cost": 0.7, "Total Cost": 4.81, "Plan Rows": 1, "Plan Width": 8, "Recheck Cond": "(movie_id = mi_idx.movie_id)", "Filter": "((note)::text = ANY ('{(writer),\"(head writer)\",\"(written by)\",(story),\"(story editor)\"}'::text[]))", "Plans": [{"Node Type": "Bitmap Index Scan", "Parent Relationship": "Outer", "Index Name": "movie_id_cast_info", "Startup Cost": 0.0, "Total Cost": 0.7, "Plan Rows": 6, "Plan Width": 0, "Index Cond": "(movie_id = mi_idx.movie_id)"}]}]}, {"Node Type": "Bitmap Heap Scan", "Parent Relationship": "Inner", "Relation Name": "name", "Alias": "n", "Startup Cost": 0.31, "Total Cost": 4.32, "Plan Rows": 1, "Plan Width": 4, "Recheck Cond": "(id = ci.person_id)", "Filter": "((gender)::text = 'm'::text)", "Plans": [{"Node Type": "Bitmap Index Scan", "Parent Relationship": "Outer", "Index Name": "name_pkey", "Startup Cost": 0.0, "Total Cost": 0.31, "Plan Rows": 1, "Plan Width": 0, "Index Cond": "(id = ci.person_id)"}]}]}, {"Node Type": "Bitmap Heap Scan", "Parent Relationship": "Inner", "Relation Name": "title", "Alias": "t", "Startup Cost": 0.28, "Total Cost": 4.3, "Plan Rows": 1, "Plan Width": 21, "Recheck Cond": "(id = mi_idx.movie_id)", "Plans": [{"Node Type": "Bitmap Index Scan", "Parent Relationship": "Outer", "Index Name": "title_pkey", "Startup Cost": 0.0, "Total Cost": 0.28, "Plan Rows": 1, "Plan Width": 0, "Index Cond": "(id = mi_idx.movie_id)"}]}]}]}, "Unique SQL Id": 3913857139, "Planner Runtime": 9}, "explain_analyze_plan": null}, "(1, 88)": {"explain_plan": {"Plan": {"Node Type": "Aggregate", "Strategy": "Plain", "Startup Cost": 404228.25, "Total Cost": 404228.26, "Plan Rows": 1, "Plan Width": 160, "Plans": [{"Node Type": "Nested Loop", "Parent Relationship": "Outer", "Join Type": "Inner", "Startup Cost": 401033.02, "Total Cost": 404217.65, "Plan Rows": 1413, "Plan Width": 64, "Inner Unique": true, "Plans": [{"Node Type": "Nested Loop", "Parent Relationship": "Outer", "Join Type": "Inner", "Startup Cost": 401033.02, "Total Cost": 403638.38, "Plan Rows": 1155, "Plan Width": 68, "Inner Unique": false, "Plans": [{"Node Type": "Nested Loop", "Parent Relationship": "Outer", "Join Type": "Inner", "Startup Cost": 401033.02, "Total Cost": 402576.75, "Plan Rows": 1044, "Plan Width": 76, "Inner Unique": true, "Join Filter": "(mi.movie_id = t.id)", "Plans": [{"Node Type": "Merge Join", "Parent Relationship": "Outer", "Join Type": "Inner", "Startup Cost": 401033.02, "Total Cost": 402148.56, "Plan Rows": 1044, "Plan Width": 55, "Inner Unique": false, "Merge Cond": "(it1.id = mi.info_type_id)", "Plans": [{"Node Type": "Sort", "Parent Relationship": "Outer", "Startup Cost": 2.41, "Total Cost": 2.42, "Plan Rows": 1, "Plan Width": 4, "Sort Key": ["it1.id"], "Plans": [{"Node Type": "Seq Scan", "Parent Relationship": "Outer", "Relation Name": "info_type", "Alias": "it1", "Startup Cost": 0.0, "Total Cost": 2.4, "Plan Rows": 1, "Plan Width": 4, "Filter": "((info)::text = 'genres'::text)"}]}, {"Node Type": "Sort", "Parent Relationship": "Inner", "Startup Cost": 400968.28, "Total Cost": 401540.85, "Plan Rows": 229029, "Plan Width": 59, "Sort Key": ["mi.info_type_id"], "Plans": [{"Node Type": "Nested Loop", "Parent Relationship": "Outer", "Join Type": "Inner", "Startup Cost": 0.0, "Total Cost": 380578.77, "Plan Rows": 229029, "Plan Width": 59, "Inner Unique": false, "Plans": [{"Node Type": "Nested Loop", "Parent Relationship": "Outer", "Join Type": "Inner", "Startup Cost": 0.0, "Total Cost": 38326.39, "Plan Rows": 345008, "Plan Width": 9, "Inner Unique": false, "Plans": [{"Node Type": "Seq Scan", "Parent Relationship": "Outer", "Relation Name": "info_type", "Alias": "it2", "Startup Cost": 0.0, "Total Cost": 2.4, "Plan Rows": 1, "Plan Width": 4, "Filter": "((info)::text = 'votes'::text)"}, {"Node Type": "Index Scan", "Parent Relationship": "Inner", "Scan Direction": "Forward", "Index Name": "info_type_id_movie_info_idx", "Relation Name": "movie_info_idx", "Alias": "mi_idx", "Startup Cost": 0.0, "Total Cost": 34873.91, "Plan Rows": 345008, "Plan Width": 13, "Index Cond": "(info_type_id = it2.id), (LLVM Optimized)"}]}, {"Node Type": "Index Scan", "Parent Relationship": "Inner", "Scan Direction": "Forward", "Index Name": "movie_id_movie_info", "Relation Name": "movie_info", "Alias": "mi", "Startup Cost": 0.0, "Total Cost": 0.98, "Plan Rows": 1, "Plan Width": 50, "Index Cond": "(movie_id = mi_idx.movie_id)", "Filter": "((info)::text = ANY ('{Horror,Action,Sci-Fi,Thriller,Crime,War}'::text[]))"}]}]}]}, {"Node Type": "Index Scan", "Parent Relationship": "Inner", "Scan Direction": "Forward", "Index Name": "title_pkey", "Relation Name": "title", "Alias": "t", "Startup Cost": 0.0, "Total Cost": 0.4, "Plan Rows": 1, "Plan Width": 21, "Index Cond": "(id = mi_idx.movie_id)"}]}, {"Node Type": "Index Scan", "Parent Relationship": "Inner", "Scan Direction": "Forward", "Index Name": "movie_id_cast_info", "Relation Name": "cast_info", "Alias": "ci", "Startup Cost": 0.0, "Total Cost": 1.01, "Plan Rows": 1, "Plan Width": 8, "Index Cond": "(movie_id = t.id)", "Filter": "((note)::text = ANY ('{(writer),\"(head writer)\",\"(written by)\",(story),\"(story editor)\"}'::text[]))"}]}, {"Node Type": "Index Scan", "Parent Relationship": "Inner", "Scan Direction": "Forward", "Index Name": "name_pkey", "Relation Name": "name", "Alias": "n", "Startup Cost": 0.0, "Total Cost": 0.49, "Plan Rows": 1, "Plan Width": 4, "Index Cond": "(id = ci.person_id)", "Filter": "((gender)::text = 'm'::text)"}]}]}, "Unique SQL Id": 3913857139, "Planner Runtime": 20}, "explain_analyze_plan": {"Plan": {"Node Type": "Aggregate", "Strategy": "Plain", "Startup Cost": 404228.25, "Total Cost": 404228.26, "Plan Rows": 1, "Plan Width": 160, "Actual Startup Time": 18962.172, "Actual Total Time": 18962.173, "Actual Rows": 1, "Actual Loops": 1, "Plans": [{"Node Type": "Nested Loop", "Parent Relationship": "Outer", "Join Type": "Inner", "Startup Cost": 401033.02, "Total Cost": 404217.65, "Plan Rows": 1413, "Plan Width": 64, "Actual Startup Time": 9160.396, "Actual Total Time": 18926.168, "Actual Rows": 28073, "Actual Loops": 1, "Inner Unique": true, "Plans": [{"Node Type": "Nested Loop", "Parent Relationship": "Outer", "Join Type": "Inner", "Startup Cost": 401033.02, "Total Cost": 403638.38, "Plan Rows": 1155, "Plan Width": 68, "Actual Startup Time": 9158.629, "Actual Total Time": 18519.465, "Actual Rows": 54155, "Actual Loops": 1, "Inner Unique": false, "Plans": [{"Node Type": "Nested Loop", "Parent Relationship": "Outer", "Join Type": "Inner", "Startup Cost": 401033.02, "Total Cost": 402576.75, "Plan Rows": 1044, "Plan Width": 76, "Actual Startup Time": 9156.75, "Actual Total Time": 9744.677, "Actual Rows": 102516, "Actual Loops": 1, "Inner Unique": true, "Join Filter": "(mi.movie_id = t.id)", "Rows Removed by Join Filter": 0, "Plans": [{"Node Type": "Merge Join", "Parent Relationship": "Outer", "Join Type": "Inner", "Startup Cost": 401033.02, "Total Cost": 402148.56, "Plan Rows": 1044, "Plan Width": 55, "Actual Startup Time": 9156.701, "Actual Total Time": 9207.93, "Actual Rows": 102516, "Actual Loops": 1, "Inner Unique": false, "Merge Cond": "(it1.id = mi.info_type_id)", "Plans": [{"Node Type": "Sort", "Parent Relationship": "Outer", "Startup Cost": 2.41, "Total Cost": 2.42, "Plan Rows": 1, "Plan Width": 4, "Actual Startup Time": 0.076, "Actual Total Time": 0.077, "Actual Rows": 1, "Actual Loops": 1, "Sort Key": ["it1.id"], "Sort Method": "quicksort", "Sort Space Used": 25, "Sort Space Type": "Memory", "Plans": [{"Node Type": "Seq Scan", "Parent Relationship": "Outer", "Relation Name": "info_type", "Alias": "it1", "Startup Cost": 0.0, "Total Cost": 2.4, "Plan Rows": 1, "Plan Width": 4, "Actual Startup Time": 0.038, "Actual Total Time": 0.062, "Actual Rows": 1, "Actual Loops": 1, "Filter": "((info)::text = 'genres'::text)", "Rows Removed by Filter": 111}]}, {"Node Type": "Sort", "Parent Relationship": "Inner", "Startup Cost": 400968.28, "Total Cost": 401540.85, "Plan Rows": 229029, "Plan Width": 59, "Actual Startup Time": 9156.616, "Actual Total Time": 9173.473, "Actual Rows": 102517, "Actual Loops": 1, "Sort Key": ["mi.info_type_id"], "Sort Method": "quicksort", "Sort Space Used": 12906, "Sort Space Type": "Memory", "Plans": [{"Node Type": "Nested Loop", "Parent Relationship": "Outer", "Join Type": "Inner", "Startup Cost": 0.0, "Total Cost": 380578.77, "Plan Rows": 229029, "Plan Width": 59, "Actual Startup Time": 0.739, "Actual Total Time": 9108.225, "Actual Rows": 104892, "Actual Loops": 1, "Inner Unique": false, "Plans": [{"Node Type": "Nested Loop", "Parent Relationship": "Outer", "Join Type": "Inner", "Startup Cost": 0.0, "Total Cost": 38326.39, "Plan Rows": 345008, "Plan Width": 9, "Actual Startup Time": 0.062, "Actual Total Time": 395.981, "Actual Rows": 459925, "Actual Loops": 1, "Inner Unique": false, "Plans": [{"Node Type": "Seq Scan", "Parent Relationship": "Outer", "Relation Name": "info_type", "Alias": "it2", "Startup Cost": 0.0, "Total Cost": 2.4, "Plan Rows": 1, "Plan Width": 4, "Actual Startup Time": 0.04, "Actual Total Time": 0.057, "Actual Rows": 1, "Actual Loops": 1, "Filter": "((info)::text = 'votes'::text)", "Rows Removed by Filter": 111}, {"Node Type": "Index Scan", "Parent Relationship": "Inner", "Scan Direction": "Forward", "Index Name": "info_type_id_movie_info_idx", "Relation Name": "movie_info_idx", "Alias": "mi_idx", "Startup Cost": 0.0, "Total Cost": 34873.91, "Plan Rows": 345008, "Plan Width": 13, "Actual Startup Time": 0.02, "Actual Total Time": 291.211, "Actual Rows": 459925, "Actual Loops": 1, "Index Cond": "(info_type_id = it2.id), (LLVM Optimized, Jit Execute)", "Rows Removed by Index Recheck": 0}]}, {"Node Type": "Index Scan", "Parent Relationship": "Inner", "Scan Direction": "Forward", "Index Name": "movie_id_movie_info", "Relation Name": "movie_info", "Alias": "mi", "Startup Cost": 0.0, "Total Cost": 0.98, "Plan Rows": 1, "Plan Width": 50, "Actual Startup Time": 8299.761, "Actual Total Time": 8454.916, "Actual Rows": 104892, "Actual Loops": 459925, "Index Cond": "(movie_id = mi_idx.movie_id)", "Rows Removed by Index Recheck": 0, "Filter": "((info)::text = ANY ('{Horror,Action,Sci-Fi,Thriller,Crime,War}'::text[]))", "Rows Removed by Filter": 6825442}]}]}]}, {"Node Type": "Index Scan", "Parent Relationship": "Inner", "Scan Direction": "Forward", "Index Name": "title_pkey", "Relation Name": "title", "Alias": "t", "Startup Cost": 0.0, "Total Cost": 0.4, "Plan Rows": 1, "Plan Width": 21, "Actual Startup Time": 431.982, "Actual Total Time": 431.982, "Actual Rows": 102516, "Actual Loops": 102516, "Index Cond": "(id = mi_idx.movie_id)", "Rows Removed by Index Recheck": 0}]}, {"Node Type": "Index Scan", "Parent Relationship": "Inner", "Scan Direction": "Forward", "Index Name": "movie_id_cast_info", "Relation Name": "cast_info", "Alias": "ci", "Startup Cost": 0.0, "Total Cost": 1.01, "Plan Rows": 1, "Plan Width": 8, "Actual Startup Time": 7420.688, "Actual Total Time": 8703.83, "Actual Rows": 54155, "Actual Loops": 102516, "Index Cond": "(movie_id = t.id)", "Rows Removed by Index Recheck": 0, "Filter": "((note)::text = ANY ('{(writer),\"(head writer)\",\"(written by)\",(story),\"(story editor)\"}'::text[]))", "Rows Removed by Filter": 3987641}]}, {"Node Type": "Index Scan", "Parent Relationship": "Inner", "Scan Direction": "Forward", "Index Name": "name_pkey", "Relation Name": "name", "Alias": "n", "Startup Cost": 0.0, "Total Cost": 0.49, "Plan Rows": 1, "Plan Width": 4, "Actual Startup Time": 365.445, "Actual Total Time": 365.445, "Actual Rows": 28073, "Actual Loops": 54155, "Index Cond": "(id = ci.person_id)", "Rows Removed by Index Recheck": 0, "Filter": "((gender)::text = 'm'::text)", "Rows Removed by Filter": 26082}]}]}, "Triggers": [], "Planner Runtime": 20, "Total Runtime": 18971.072, "Unique SQL Id": 3913857139}}, "(1, 89)": {"explain_plan": {"Plan": {"Node Type": "Aggregate", "Strategy": "Plain", "Startup Cost": 404251.85, "Total Cost": 404251.86, "Plan Rows": 1, "Plan Width": 160, "Plans": [{"Node Type": "Nested Loop", "Parent Relationship": "Outer", "Join Type": "Inner", "Startup Cost": 401042.42, "Total Cost": 404241.25, "Plan Rows": 1413, "Plan Width": 64, "Inner Unique": true, "Plans": [{"Node Type": "Nested Loop", "Parent Relationship": "Outer", "Join Type": "Inner", "Startup Cost": 401042.42, "Total Cost": 403661.99, "Plan Rows": 1155, "Plan Width": 68, "Inner Unique": false, "Plans": [{"Node Type": "Nested Loop", "Parent Relationship": "Outer", "Join Type": "Inner", "Startup Cost": 401042.42, "Total Cost": 402600.36, "Plan Rows": 1044, "Plan Width": 76, "Inner Unique": true, "Join Filter": "(mi.movie_id = t.id)", "Plans": [{"Node Type": "Merge Join", "Parent Relationship": "Outer", "Join Type": "Inner", "Startup Cost": 401042.42, "Total Cost": 402172.16, "Plan Rows": 1044, "Plan Width": 55, "Inner Unique": false, "Merge Cond": "(it1.id = mi.info_type_id)", "Plans": [{"Node Type": "Index Scan", "Parent Relationship": "Outer", "Scan Direction": "Forward", "Index Name": "info_type_pkey", "Relation Name": "info_type", "Alias": "it1", "Startup Cost": 0.0, "Total Cost": 14.21, "Plan Rows": 1, "Plan Width": 4, "Filter": "((info)::text = 'genres'::text)"}, {"Node Type": "Sort", "Parent Relationship": "Inner", "Startup Cost": 400980.09, "Total Cost": 401552.66, "Plan Rows": 229029, "Plan Width": 59, "Sort Key": ["mi.info_type_id"], "Plans": [{"Node Type": "Nested Loop", "Parent Relationship": "Outer", "Join Type": "Inner", "Startup Cost": 0.0, "Total Cost": 380590.58, "Plan Rows": 229029, "Plan Width": 59, "Inner Unique": false, "Plans": [{"Node Type": "Nested Loop", "Parent Relationship": "Outer", "Join Type": "Inner", "Startup Cost": 0.0, "Total Cost": 38338.2, "Plan Rows": 345008, "Plan Width": 9, "Inner Unique": false, "Plans": [{"Node Type": "Index Scan", "Parent Relationship": "Outer", "Scan Direction": "Forward", "Index Name": "info_type_pkey", "Relation Name": "info_type", "Alias": "it2", "Startup Cost": 0.0, "Total Cost": 14.21, "Plan Rows": 1, "Plan Width": 4, "Filter": "((info)::text = 'votes'::text)"}, {"Node Type": "Index Scan", "Parent Relationship": "Inner", "Scan Direction": "Forward", "Index Name": "info_type_id_movie_info_idx", "Relation Name": "movie_info_idx", "Alias": "mi_idx", "Startup Cost": 0.0, "Total Cost": 34873.91, "Plan Rows": 345008, "Plan Width": 13, "Index Cond": "(info_type_id = it2.id), (LLVM Optimized)"}]}, {"Node Type": "Index Scan", "Parent Relationship": "Inner", "Scan Direction": "Forward", "Index Name": "movie_id_movie_info", "Relation Name": "movie_info", "Alias": "mi", "Startup Cost": 0.0, "Total Cost": 0.98, "Plan Rows": 1, "Plan Width": 50, "Index Cond": "(movie_id = mi_idx.movie_id)", "Filter": "((info)::text = ANY ('{Horror,Action,Sci-Fi,Thriller,Crime,War}'::text[]))"}]}]}]}, {"Node Type": "Index Scan", "Parent Relationship": "Inner", "Scan Direction": "Forward", "Index Name": "title_pkey", "Relation Name": "title", "Alias": "t", "Startup Cost": 0.0, "Total Cost": 0.4, "Plan Rows": 1, "Plan Width": 21, "Index Cond": "(id = mi_idx.movie_id)"}]}, {"Node Type": "Index Scan", "Parent Relationship": "Inner", "Scan Direction": "Forward", "Index Name": "movie_id_cast_info", "Relation Name": "cast_info", "Alias": "ci", "Startup Cost": 0.0, "Total Cost": 1.01, "Plan Rows": 1, "Plan Width": 8, "Index Cond": "(movie_id = t.id)", "Filter": "((note)::text = ANY ('{(writer),\"(head writer)\",\"(written by)\",(story),\"(story editor)\"}'::text[]))"}]}, {"Node Type": "Index Scan", "Parent Relationship": "Inner", "Scan Direction": "Forward", "Index Name": "name_pkey", "Relation Name": "name", "Alias": "n", "Startup Cost": 0.0, "Total Cost": 0.49, "Plan Rows": 1, "Plan Width": 4, "Index Cond": "(id = ci.person_id)", "Filter": "((gender)::text = 'm'::text)"}]}]}, "Unique SQL Id": 3913857139, "Planner Runtime": 17}, "explain_analyze_plan": {"Plan": {"Node Type": "Aggregate", "Strategy": "Plain", "Startup Cost": 404251.85, "Total Cost": 404251.86, "Plan Rows": 1, "Plan Width": 160, "Actual Startup Time": 19017.776, "Actual Total Time": 19017.777, "Actual Rows": 1, "Actual Loops": 1, "Plans": [{"Node Type": "Nested Loop", "Parent Relationship": "Outer", "Join Type": "Inner", "Startup Cost": 401042.42, "Total Cost": 404241.25, "Plan Rows": 1413, "Plan Width": 64, "Actual Startup Time": 9229.019, "Actual Total Time": 18981.071, "Actual Rows": 28073, "Actual Loops": 1, "Inner Unique": true, "Plans": [{"Node Type": "Nested Loop", "Parent Relationship": "Outer", "Join Type": "Inner", "Startup Cost": 401042.42, "Total Cost": 403661.99, "Plan Rows": 1155, "Plan Width": 68, "Actual Startup Time": 9227.257, "Actual Total Time": 18575.938, "Actual Rows": 54155, "Actual Loops": 1, "Inner Unique": false, "Plans": [{"Node Type": "Nested Loop", "Parent Relationship": "Outer", "Join Type": "Inner", "Startup Cost": 401042.42, "Total Cost": 402600.36, "Plan Rows": 1044, "Plan Width": 76, "Actual Startup Time": 9225.385, "Actual Total Time": 9814.424, "Actual Rows": 102516, "Actual Loops": 1, "Inner Unique": true, "Join Filter": "(mi.movie_id = t.id)", "Rows Removed by Join Filter": 0, "Plans": [{"Node Type": "Merge Join", "Parent Relationship": "Outer", "Join Type": "Inner", "Startup Cost": 401042.42, "Total Cost": 402172.16, "Plan Rows": 1044, "Plan Width": 55, "Actual Startup Time": 9225.339, "Actual Total Time": 9276.125, "Actual Rows": 102516, "Actual Loops": 1, "Inner Unique": false, "Merge Cond": "(it1.id = mi.info_type_id)", "Plans": [{"Node Type": "Index Scan", "Parent Relationship": "Outer", "Scan Direction": "Forward", "Index Name": "info_type_pkey", "Relation Name": "info_type", "Alias": "it1", "Startup Cost": 0.0, "Total Cost": 14.21, "Plan Rows": 1, "Plan Width": 4, "Actual Startup Time": 0.027, "Actual Total Time": 0.086, "Actual Rows": 1, "Actual Loops": 1, "Filter": "((info)::text = 'genres'::text)", "Rows Removed by Filter": 111}, {"Node Type": "Sort", "Parent Relationship": "Inner", "Startup Cost": 400980.09, "Total Cost": 401552.66, "Plan Rows": 229029, "Plan Width": 59, "Actual Startup Time": 9225.302, "Actual Total Time": 9241.326, "Actual Rows": 102517, "Actual Loops": 1, "Sort Key": ["mi.info_type_id"], "Sort Method": "quicksort", "Sort Space Used": 12906, "Sort Space Type": "Memory", "Plans": [{"Node Type": "Nested Loop", "Parent Relationship": "Outer", "Join Type": "Inner", "Startup Cost": 0.0, "Total Cost": 380590.58, "Plan Rows": 229029, "Plan Width": 59, "Actual Startup Time": 0.748, "Actual Total Time": 9176.403, "Actual Rows": 104892, "Actual Loops": 1, "Inner Unique": false, "Plans": [{"Node Type": "Nested Loop", "Parent Relationship": "Outer", "Join Type": "Inner", "Startup Cost": 0.0, "Total Cost": 38338.2, "Plan Rows": 345008, "Plan Width": 9, "Actual Startup Time": 0.076, "Actual Total Time": 391.996, "Actual Rows": 459925, "Actual Loops": 1, "Inner Unique": false, "Plans": [{"Node Type": "Index Scan", "Parent Relationship": "Outer", "Scan Direction": "Forward", "Index Name": "info_type_pkey", "Relation Name": "info_type", "Alias": "it2", "Startup Cost": 0.0, "Total Cost": 14.21, "Plan Rows": 1, "Plan Width": 4, "Actual Startup Time": 0.057, "Actual Total Time": 0.07, "Actual Rows": 1, "Actual Loops": 1, "Filter": "((info)::text = 'votes'::text)", "Rows Removed by Filter": 111}, {"Node Type": "Index Scan", "Parent Relationship": "Inner", "Scan Direction": "Forward", "Index Name": "info_type_id_movie_info_idx", "Relation Name": "movie_info_idx", "Alias": "mi_idx", "Startup Cost": 0.0, "Total Cost": 34873.91, "Plan Rows": 345008, "Plan Width": 13, "Actual Startup Time": 0.014, "Actual Total Time": 288.44, "Actual Rows": 459925, "Actual Loops": 1, "Index Cond": "(info_type_id = it2.id), (LLVM Optimized, Jit Execute)", "Rows Removed by Index Recheck": 0}]}, {"Node Type": "Index Scan", "Parent Relationship": "Inner", "Scan Direction": "Forward", "Index Name": "movie_id_movie_info", "Relation Name": "movie_info", "Alias": "mi", "Startup Cost": 0.0, "Total Cost": 0.98, "Plan Rows": 1, "Plan Width": 50, "Actual Startup Time": 8372.17, "Actual Total Time": 8527.862, "Actual Rows": 104892, "Actual Loops": 459925, "Index Cond": "(movie_id = mi_idx.movie_id)", "Rows Removed by Index Recheck": 0, "Filter": "((info)::text = ANY ('{Horror,Action,Sci-Fi,Thriller,Crime,War}'::text[]))", "Rows Removed by Filter": 6825442}]}]}]}, {"Node Type": "Index Scan", "Parent Relationship": "Inner", "Scan Direction": "Forward", "Index Name": "title_pkey", "Relation Name": "title", "Alias": "t", "Startup Cost": 0.0, "Total Cost": 0.4, "Plan Rows": 1, "Plan Width": 21, "Actual Startup Time": 432.204, "Actual Total Time": 432.204, "Actual Rows": 102516, "Actual Loops": 102516, "Index Cond": "(id = mi_idx.movie_id)", "Rows Removed by Index Recheck": 0}]}, {"Node Type": "Index Scan", "Parent Relationship": "Inner", "Scan Direction": "Forward", "Index Name": "movie_id_cast_info", "Relation Name": "cast_info", "Alias": "ci", "Startup Cost": 0.0, "Total Cost": 1.01, "Plan Rows": 1, "Plan Width": 8, "Actual Startup Time": 7410.821, "Actual Total Time": 8691.314, "Actual Rows": 54155, "Actual Loops": 102516, "Index Cond": "(movie_id = t.id)", "Rows Removed by Index Recheck": 0, "Filter": "((note)::text = ANY ('{(writer),\"(head writer)\",\"(written by)\",(story),\"(story editor)\"}'::text[]))", "Rows Removed by Filter": 3987641}]}, {"Node Type": "Index Scan", "Parent Relationship": "Inner", "Scan Direction": "Forward", "Index Name": "name_pkey", "Relation Name": "name", "Alias": "n", "Startup Cost": 0.0, "Total Cost": 0.49, "Plan Rows": 1, "Plan Width": 4, "Actual Startup Time": 363.586, "Actual Total Time": 363.586, "Actual Rows": 28073, "Actual Loops": 54155, "Index Cond": "(id = ci.person_id)", "Rows Removed by Index Recheck": 0, "Filter": "((gender)::text = 'm'::text)", "Rows Removed by Filter": 26082}]}]}, "Triggers": [], "Planner Runtime": 17, "Total Runtime": 19026.659, "Unique SQL Id": 3913857139}}, "(1, 90)": {"explain_plan": {"Plan": {"Node Type": "Aggregate", "Strategy": "Plain", "Startup Cost": 2187108.54, "Total Cost": 2187108.55, "Plan Rows": 1, "Plan Width": 160, "Plans": [{"Node Type": "Merge Join", "Parent Relationship": "Outer", "Join Type": "Inner", "Startup Cost": 2174444.46, "Total Cost": 2187097.94, "Plan Rows": 1413, "Plan Width": 64, "Inner Unique": true, "Merge Cond": "(mi.movie_id = t.id)", "Plans": [{"Node Type": "Sort", "Parent Relationship": "Outer", "Startup Cost": 1845492.42, "Total Cost": 1845495.95, "Plan Rows": 1413, "Plan Width": 59, "Sort Key": ["ci.movie_id"], "Plans": [{"Node Type": "Merge Join", "Parent Relationship": "Outer", "Join Type": "Inner", "Startup Cost": 1836919.28, "Total Cost": 1845418.48, "Plan Rows": 1413, "Plan Width": 59, "Inner Unique": true, "Merge Cond": "(ci.person_id = n.id)", "Plans": [{"Node Type": "Sort", "Parent Relationship": "Outer", "Startup Cost": 1552992.79, "Total Cost": 1552995.67, "Plan Rows": 1155, "Plan Width": 63, "Sort Key": ["ci.person_id"], "Plans": [{"Node Type": "Merge Join", "Parent Relationship": "Outer", "Join Type": "Inner", "Startup Cost": 1546801.63, "Total Cost": 1552934.03, "Plan Rows": 1155, "Plan Width": 63, "Inner Unique": false, "Merge Cond": "(mi.movie_id = ci.movie_id)", "Plans": [{"Node Type": "Sort", "Parent Relationship": "Outer", "Startup Cost": 594627.55, "Total Cost": 594630.16, "Plan Rows": 1044, "Plan Width": 55, "Sort Key": ["mi.movie_id"], "Plans": [{"Node Type": "Merge Join", "Parent Relationship": "Outer", "Join Type": "Inner", "Startup Cost": 594543.89, "Total Cost": 594575.2, "Plan Rows": 1044, "Plan Width": 55, "Inner Unique": false, "Merge Cond": "(it2.id = mi_idx.info_type_id)", "Plans": [{"Node Type": "Sort", "Parent Relationship": "Outer", "Startup Cost": 2.41, "Total Cost": 2.42, "Plan Rows": 1, "Plan Width": 4, "Sort Key": ["it2.id"], "Plans": [{"Node Type": "Seq Scan", "Parent Relationship": "Outer", "Relation Name": "info_type", "Alias": "it2", "Startup Cost": 0.0, "Total Cost": 2.4, "Plan Rows": 1, "Plan Width": 4, "Filter": "((info)::text = 'votes'::text)"}]}, {"Node Type": "Sort", "Parent Relationship": "Inner", "Startup Cost": 594541.47, "Total Cost": 594551.91, "Plan Rows": 4175, "Plan Width": 59, "Sort Key": ["mi_idx.info_type_id"], "Plans": [{"Node Type": "Merge Join", "Parent Relationship": "Outer", "Join Type": "Inner", "Startup Cost": 587335.03, "Total Cost": 594290.39, "Plan Rows": 4175, "Plan Width": 59, "Inner Unique": false, "Merge Cond": "(mi.movie_id = mi_idx.movie_id)", "Plans": [{"Node Type": "Sort", "Parent Relationship": "Outer", "Startup Cost": 426322.81, "Total Cost": 426329.6, "Plan Rows": 2717, "Plan Width": 46, "Sort Key": ["mi.movie_id"], "Plans": [{"Node Type": "Merge Join", "Parent Relationship": "Outer", "Join Type": "Inner", "Startup Cost": 425241.57, "Total Cost": 426167.83, "Plan Rows": 2717, "Plan Width": 46, "Inner Unique": false, "Merge Cond": "(it1.id = mi.info_type_id)", "Plans": [{"Node Type": "Sort", "Parent Relationship": "Outer", "Startup Cost": 2.41, "Total Cost": 2.42, "Plan Rows": 1, "Plan Width": 4, "Sort Key": ["it1.id"], "Plans": [{"Node Type": "Seq Scan", "Parent Relationship": "Outer", "Relation Name": "info_type", "Alias": "it1", "Startup Cost": 0.0, "Total Cost": 2.4, "Plan Rows": 1, "Plan Width": 4, "Filter": "((info)::text = 'genres'::text)"}]}, {"Node Type": "Sort", "Parent Relationship": "Inner", "Startup Cost": 425187.4, "Total Cost": 425662.82, "Plan Rows": 190170, "Plan Width": 50, "Sort Key": ["mi.info_type_id"], "Plans": [{"Node Type": "Seq Scan", "Parent Relationship": "Outer", "Relation Name": "movie_info", "Alias": "mi", "Startup Cost": 0.0, "Total Cost": 408512.41, "Plan Rows": 190170, "Plan Width": 50, "Filter": "((info)::text = ANY ('{Horror,Action,Sci-Fi,Thriller,Crime,War}'::text[]))"}]}]}]}, {"Node Type": "Sort", "Parent Relationship": "Inner", "Startup Cost": 161012.09, "Total Cost": 164462.17, "Plan Rows": 1380034, "Plan Width": 13, "Sort Key": ["mi_idx.movie_id"], "Plans": [{"Node Type": "Seq Scan", "Parent Relationship": "Outer", "Relation Name": "movie_info_idx", "Alias": "mi_idx", "Startup Cost": 0.0, "Total Cost": 20274.34, "Plan Rows": 1380034, "Plan Width": 13}]}]}]}]}]}, {"Node Type": "Sort", "Parent Relationship": "Inner", "Startup Cost": 952173.95, "Total Cost": 955231.83, "Plan Rows": 1223154, "Plan Width": 8, "Sort Key": ["ci.movie_id"], "Plans": [{"Node Type": "Seq Scan", "Parent Relationship": "Outer", "Relation Name": "cast_info", "Alias": "ci", "Startup Cost": 0.0, "Total Cost": 828499.78, "Plan Rows": 1223154, "Plan Width": 8, "Filter": "((note)::text = ANY ('{(writer),\"(head writer)\",\"(written by)\",(story),\"(story editor)\"}'::text[]))"}]}]}]}, {"Node Type": "Sort", "Parent Relationship": "Inner", "Startup Cost": 283926.49, "Total Cost": 288278.28, "Plan Rows": 1740714, "Plan Width": 4, "Sort Key": ["n.id"], "Plans": [{"Node Type": "Seq Scan", "Parent Relationship": "Outer", "Relation Name": "name", "Alias": "n", "Startup Cost": 0.0, "Total Cost": 103490.62, "Plan Rows": 1740714, "Plan Width": 4, "Filter": "((gender)::text = 'm'::text), (LLVM Optimized)"}]}]}]}, {"Node Type": "Sort", "Parent Relationship": "Inner", "Startup Cost": 328951.73, "Total Cost": 335272.51, "Plan Rows": 2528311, "Plan Width": 21, "Sort Key": ["t.id"], "Plans": [{"Node Type": "Seq Scan", "Parent Relationship": "Outer", "Relation Name": "title", "Alias": "t", "Startup Cost": 0.0, "Total Cost": 60069.11, "Plan Rows": 2528311, "Plan Width": 21}]}]}]}, "Unique SQL Id": 3913857139, "Planner Runtime": 26}, "explain_analyze_plan": {"Plan": {"Node Type": "Aggregate", "Strategy": "Plain", "Startup Cost": 2187108.54, "Total Cost": 2187108.55, "Plan Rows": 1, "Plan Width": 160, "Actual Startup Time": 29153.398, "Actual Total Time": 29153.398, "Actual Rows": 1, "Actual Loops": 1, "Plans": [{"Node Type": "Merge Join", "Parent Relationship": "Outer", "Join Type": "Inner", "Startup Cost": 2174444.46, "Total Cost": 2187097.94, "Plan Rows": 1413, "Plan Width": 64, "Actual Startup Time": 28318.14, "Actual Total Time": 29133.321, "Actual Rows": 28073, "Actual Loops": 1, "Inner Unique": true, "Merge Cond": "(mi.movie_id = t.id)", "Plans": [{"Node Type": "Sort", "Parent Relationship": "Outer", "Startup Cost": 1845492.42, "Total Cost": 1845495.95, "Plan Rows": 1413, "Plan Width": 59, "Actual Startup Time": 26447.789, "Actual Total Time": 26452.237, "Actual Rows": 28073, "Actual Loops": 1, "Sort Key": ["ci.movie_id"], "Sort Method": "quicksort", "Sort Space Used": 3400, "Sort Space Type": "Memory", "Plans": [{"Node Type": "Merge Join", "Parent Relationship": "Outer", "Join Type": "Inner", "Startup Cost": 1836919.28, "Total Cost": 1845418.48, "Plan Rows": 1413, "Plan Width": 59, "Actual Startup Time": 25931.851, "Actual Total Time": 26435.541, "Actual Rows": 28073, "Actual Loops": 1, "Inner Unique": true, "Merge Cond": "(ci.person_id = n.id)", "Plans": [{"Node Type": "Sort", "Parent Relationship": "Outer", "Startup Cost": 1552992.79, "Total Cost": 1552995.67, "Plan Rows": 1155, "Plan Width": 63, "Actual Startup Time": 23930.524, "Actual Total Time": 23934.925, "Actual Rows": 28074, "Actual Loops": 1, "Sort Key": ["ci.person_id"], "Sort Method": "quicksort", "Sort Space Used": 6614, "Sort Space Type": "Memory", "Plans": [{"Node Type": "Merge Join", "Parent Relationship": "Outer", "Join Type": "Inner", "Startup Cost": 1546801.63, "Total Cost": 1552934.03, "Plan Rows": 1155, "Plan Width": 63, "Actual Startup Time": 23520.451, "Actual Total Time": 23908.642, "Actual Rows": 54155, "Actual Loops": 1, "Inner Unique": false, "Merge Cond": "(mi.movie_id = ci.movie_id)", "Plans": [{"Node Type": "Sort", "Parent Relationship": "Outer", "Startup Cost": 594627.55, "Total Cost": 594630.16, "Plan Rows": 1044, "Plan Width": 55, "Actual Startup Time": 9169.476, "Actual Total Time": 9188.395, "Actual Rows": 102516, "Actual Loops": 1, "Sort Key": ["mi.movie_id"], "Sort Method": "quicksort", "Sort Space Used": 12683, "Sort Space Type": "Memory", "Plans": [{"Node Type": "Merge Join", "Parent Relationship": "Outer", "Join Type": "Inner", "Startup Cost": 594543.89, "Total Cost": 594575.2, "Plan Rows": 1044, "Plan Width": 55, "Actual Startup Time": 9076.534, "Actual Total Time": 9125.859, "Actual Rows": 102516, "Actual Loops": 1, "Inner Unique": false, "Merge Cond": "(it2.id = mi_idx.info_type_id)", "Plans": [{"Node Type": "Sort", "Parent Relationship": "Outer", "Startup Cost": 2.41, "Total Cost": 2.42, "Plan Rows": 1, "Plan Width": 4, "Actual Startup Time": 0.064, "Actual Total Time": 0.064, "Actual Rows": 1, "Actual Loops": 1, "Sort Key": ["it2.id"], "Sort Method": "quicksort", "Sort Space Used": 25, "Sort Space Type": "Memory", "Plans": [{"Node Type": "Seq Scan", "Parent Relationship": "Outer", "Relation Name": "info_type", "Alias": "it2", "Startup Cost": 0.0, "Total Cost": 2.4, "Plan Rows": 1, "Plan Width": 4, "Actual Startup Time": 0.051, "Actual Total Time": 0.056, "Actual Rows": 1, "Actual Loops": 1, "Filter": "((info)::text = 'votes'::text)", "Rows Removed by Filter": 111}]}, {"Node Type": "Sort", "Parent Relationship": "Inner", "Startup Cost": 594541.47, "Total Cost": 594551.91, "Plan Rows": 4175, "Plan Width": 59, "Actual Startup Time": 9042.827, "Actual Total Time": 9079.885, "Actual Rows": 205033, "Actual Loops": 1, "Sort Key": ["mi_idx.info_type_id"], "Sort Method": "quicksort", "Sort Space Used": 41143, "Sort Space Type": "Memory", "Plans": [{"Node Type": "Merge Join", "Parent Relationship": "Outer", "Join Type": "Inner", "Startup Cost": 587335.03, "Total Cost": 594290.39, "Plan Rows": 4175, "Plan Width": 59, "Actual Startup Time": 8479.012, "Actual Total Time": 8940.461, "Actual Rows": 307785, "Actual Loops": 1, "Inner Unique": false, "Merge Cond": "(mi.movie_id = mi_idx.movie_id)", "Plans": [{"Node Type": "Sort", "Parent Relationship": "Outer", "Startup Cost": 426322.81, "Total Cost": 426329.6, "Plan Rows": 2717, "Plan Width": 46, "Actual Startup Time": 7598.173, "Actual Total Time": 7617.063, "Actual Rows": 186591, "Actual Loops": 1, "Sort Key": ["mi.movie_id"], "Sort Method": "quicksort", "Sort Space Used": 23257, "Sort Space Type": "Memory", "Plans": [{"Node Type": "Merge Join", "Parent Relationship": "Outer", "Join Type": "Inner", "Startup Cost": 425241.57, "Total Cost": 426167.83, "Plan Rows": 2717, "Plan Width": 46, "Actual Startup Time": 7469.258, "Actual Total Time": 7532.599, "Actual Rows": 186594, "Actual Loops": 1, "Inner Unique": false, "Merge Cond": "(it1.id = mi.info_type_id)", "Plans": [{"Node Type": "Sort", "Parent Relationship": "Outer", "Startup Cost": 2.41, "Total Cost": 2.42, "Plan Rows": 1, "Plan Width": 4, "Actual Startup Time": 0.056, "Actual Total Time": 0.057, "Actual Rows": 1, "Actual Loops": 1, "Sort Key": ["it1.id"], "Sort Method": "quicksort", "Sort Space Used": 25, "Sort Space Type": "Memory", "Plans": [{"Node Type": "Seq Scan", "Parent Relationship": "Outer", "Relation Name": "info_type", "Alias": "it1", "Startup Cost": 0.0, "Total Cost": 2.4, "Plan Rows": 1, "Plan Width": 4, "Actual Startup Time": 0.026, "Actual Total Time": 0.048, "Actual Rows": 1, "Actual Loops": 1, "Filter": "((info)::text = 'genres'::text)", "Rows Removed by Filter": 111}]}, {"Node Type": "Sort", "Parent Relationship": "Inner", "Startup Cost": 425187.4, "Total Cost": 425662.82, "Plan Rows": 190170, "Plan Width": 50, "Actual Startup Time": 7469.19, "Actual Total Time": 7484.999, "Actual Rows": 186595, "Actual Loops": 1, "Sort Key": ["mi.info_type_id"], "Sort Method": "quicksort", "Sort Space Used": 23861, "Sort Space Type": "Memory", "Plans": [{"Node Type": "Seq Scan", "Parent Relationship": "Outer", "Relation Name": "movie_info", "Alias": "mi", "Startup Cost": 0.0, "Total Cost": 408512.41, "Plan Rows": 190170, "Plan Width": 50, "Actual Startup Time": 3528.832, "Actual Total Time": 7413.699, "Actual Rows": 188971, "Actual Loops": 1, "Filter": "((info)::text = ANY ('{Horror,Action,Sci-Fi,Thriller,Crime,War}'::text[]))", "Rows Removed by Filter": 14646748}]}]}]}, {"Node Type": "Sort", "Parent Relationship": "Inner", "Startup Cost": 161012.09, "Total Cost": 164462.17, "Plan Rows": 1380034, "Plan Width": 13, "Actual Startup Time": 880.804, "Actual Total Time": 1016.413, "Actual Rows": 1461180, "Actual Loops": 1, "Sort Key": ["mi_idx.movie_id"], "Sort Method": "quicksort", "Sort Space Used": 178531, "Sort Space Type": "Memory", "Plans": [{"Node Type": "Seq Scan", "Parent Relationship": "Outer", "Relation Name": "movie_info_idx", "Alias": "mi_idx", "Startup Cost": 0.0, "Total Cost": 20274.34, "Plan Rows": 1380034, "Plan Width": 13, "Actual Startup Time": 0.052, "Actual Total Time": 386.955, "Actual Rows": 1380034, "Actual Loops": 1}]}]}]}]}]}, {"Node Type": "Sort", "Parent Relationship": "Inner", "Startup Cost": 952173.95, "Total Cost": 955231.83, "Plan Rows": 1223154, "Plan Width": 8, "Actual Startup Time": 14343.562, "Actual Total Time": 14521.662, "Actual Rows": 1260568, "Actual Loops": 1, "Sort Key": ["ci.movie_id"], "Sort Method": "quicksort", "Sort Space Used": 126947, "Sort Space Type": "Memory", "Plans": [{"Node Type": "Seq Scan", "Parent Relationship": "Outer", "Relation Name": "cast_info", "Alias": "ci", "Startup Cost": 0.0, "Total Cost": 828499.78, "Plan Rows": 1223154, "Plan Width": 8, "Actual Startup Time": 389.239, "Actual Total Time": 13888.214, "Actual Rows": 1244716, "Actual Loops": 1, "Filter": "((note)::text = ANY ('{(writer),\"(head writer)\",\"(written by)\",(story),\"(story editor)\"}'::text[]))", "Rows Removed by Filter": 34999627}]}]}]}, {"Node Type": "Sort", "Parent Relationship": "Inner", "Startup Cost": 283926.49, "Total Cost": 288278.28, "Plan Rows": 1740714, "Plan Width": 4, "Actual Startup Time": 2001.126, "Actual Total Time": 2256.782, "Actual Rows": 1739578, "Actual Loops": 1, "Sort Key": ["n.id"], "Sort Method": "quicksort", "Sort Space Used": 157876, "Sort Space Type": "Memory", "Plans": [{"Node Type": "Seq Scan", "Parent Relationship": "Outer", "Relation Name": "name", "Alias": "n", "Startup Cost": 0.0, "Total Cost": 103490.62, "Plan Rows": 1740714, "Plan Width": 4, "Actual Startup Time": 0.035, "Actual Total Time": 1377.426, "Actual Rows": 1739578, "Actual Loops": 1, "Filter": "((gender)::text = 'm'::text), (LLVM Optimized, Jit Execute)", "Rows Removed by Filter": 2427912}]}]}]}, {"Node Type": "Sort", "Parent Relationship": "Inner", "Startup Cost": 328951.73, "Total Cost": 335272.51, "Plan Rows": 2528311, "Plan Width": 21, "Actual Startup Time": 1866.819, "Actual Total Time": 2288.119, "Actual Rows": 2525792, "Actual Loops": 1, "Sort Key": ["t.id"], "Sort Method": "quicksort", "Sort Space Used": 344074, "Sort Space Type": "Memory", "Plans": [{"Node Type": "Seq Scan", "Parent Relationship": "Outer", "Relation Name": "title", "Alias": "t", "Startup Cost": 0.0, "Total Cost": 60069.11, "Plan Rows": 2528311, "Plan Width": 21, "Actual Startup Time": 0.034, "Actual Total Time": 775.153, "Actual Rows": 2528311, "Actual Loops": 1}]}]}]}, "Triggers": [], "Planner Runtime": 26, "Total Runtime": 29162.269, "Unique SQL Id": 3913857139}}, "(1, 91)": {"explain_plan": {"Plan": {"Node Type": "Aggregate", "Strategy": "Plain", "Startup Cost": 6972220943936.19, "Total Cost": 6972220943936.2, "Plan Rows": 1, "Plan Width": 160, "Plans": [{"Node Type": "Merge Join", "Parent Relationship": "Outer", "Join Type": "Inner", "Startup Cost": 5982220942015.89, "Total Cost": 6972220943925.6, "Plan Rows": 1413, "Plan Width": 64, "Inner Unique": true, "Merge Cond": "(mi.info_type_id = it1.id)", "Plans": [{"Node Type": "Sort", "Parent Relationship": "Outer", "Startup Cost": 5972220941988.98, "Total Cost": 5972220942236.19, "Plan Rows": 98885, "Plan Width": 68, "Sort Key": ["mi.info_type_id"], "Plans": [{"Node Type": "Merge Join", "Parent Relationship": "Outer", "Join Type": "Inner", "Startup Cost": 3994673638411.73, "Total Cost": 5972220933784.75, "Plan Rows": 98885, "Plan Width": 68, "Inner Unique": false, "Merge Cond": "(t.id = mi_idx.movie_id)", "Plans": [{"Node Type": "Merge Join", "Parent Relationship": "Outer", "Join Type": "Inner", "Startup Cost": 20024668916.98, "Total Cost": 1999424688065.12, "Plan Rows": 190170, "Plan Width": 71, "Inner Unique": true, "Merge Cond": "(mi.movie_id = t.id)", "Plans": [{"Node Type": "Index Scan", "Parent Relationship": "Outer", "Scan Direction": "Forward", "Index Name": "movie_id_movie_info", "Relation Name": "movie_info", "Alias": "mi", "Startup Cost": 10000000000.0, "Total Cost": 1000114969386.72, "Plan Rows": 190170, "Plan Width": 50, "Filter": "((info)::text = ANY ('{Horror,Action,Sci-Fi,Thriller,Crime,War}'::text[]))"}, {"Node Type": "Index Scan", "Parent Relationship": "Inner", "Scan Direction": "Forward", "Index Name": "title_pkey", "Relation Name": "title", "Alias": "t", "Startup Cost": 10000000000.0, "Total Cost": 1000011012048.91, "Plan Rows": 2528311, "Plan Width": 21}]}, {"Node Type": "Sort", "Parent Relationship": "Inner", "Startup Cost": 3974648969494.74, "Total Cost": 3974648970662.15, "Plan Rows": 466965, "Plan Width": 13, "Sort Key": ["ci.movie_id"], "Plans": [{"Node Type": "Merge Join", "Parent Relationship": "Outer", "Join Type": "Inner", "Startup Cost": 3010140641964.01, "Total Cost": 3974648925523.08, "Plan Rows": 466965, "Plan Width": 13, "Inner Unique": true, "Merge Cond": "(ci.person_id = n.id)", "Plans": [{"Node Type": "Sort", "Parent Relationship": "Outer", "Startup Cost": 3000140641963.95, "Total Cost": 3000140642918.23, "Plan Rows": 381713, "Plan Width": 17, "Sort Key": ["ci.person_id"], "Plans": [{"Node Type": "Merge Join", "Parent Relationship": "Outer", "Join Type": "Inner", "Startup Cost": 2010001865471.59, "Total Cost": 3000140606575.09, "Plan Rows": 381713, "Plan Width": 17, "Inner Unique": false, "Merge Cond": "(ci.movie_id = mi_idx.movie_id)", "Plans": [{"Node Type": "Index Scan", "Parent Relationship": "Outer", "Scan Direction": "Forward", "Index Name": "movie_id_cast_info", "Relation Name": "cast_info", "Alias": "ci", "Startup Cost": 10000000000.0, "Total Cost": 1000228594573.05, "Plan Rows": 1223154, "Plan Width": 8, "Filter": "((note)::text = ANY ('{(writer),\"(head writer)\",\"(written by)\",(story),\"(story editor)\"}'::text[]))"}, {"Node Type": "Sort", "Parent Relationship": "Inner", "Startup Cost": 2000001865471.58, "Total Cost": 2000001866334.1, "Plan Rows": 345008, "Plan Width": 9, "Sort Key": ["mi_idx.movie_id"], "Plans": [{"Node Type": "Nested Loop", "Parent Relationship": "Outer", "Join Type": "Inner", "Startup Cost": 20000007502.06, "Total Cost": 2000001833737.28, "Plan Rows": 345008, "Plan Width": 9, "Inner Unique": false, "Plans": [{"Node Type": "Index Scan", "Parent Relationship": "Outer", "Scan Direction": "Forward", "Index Name": "info_type_pkey", "Relation Name": "info_type", "Alias": "it2", "Startup Cost": 10000000000.0, "Total Cost": 1000000001421.0, "Plan Rows": 1, "Plan Width": 4, "Filter": "((info)::text = 'votes'::text)"}, {"Node Type": "Bitmap Heap Scan", "Parent Relationship": "Inner", "Relation Name": "movie_info_idx", "Alias": "mi_idx", "Startup Cost": 10000007502.06, "Total Cost": 1000001828866.2, "Plan Rows": 345008, "Plan Width": 13, "Recheck Cond": "(info_type_id = it2.id), (LLVM Optimized)", "Plans": [{"Node Type": "Bitmap Index Scan", "Parent Relationship": "Outer", "Index Name": "info_type_id_movie_info_idx", "Startup Cost": 0.0, "Total Cost": 7415.81, "Plan Rows": 345008, "Plan Width": 0, "Index Cond": "(info_type_id = it2.id)"}]}]}]}]}]}, {"Node Type": "Index Scan", "Parent Relationship": "Inner", "Scan Direction": "Forward", "Index Name": "name_pkey", "Relation Name": "name", "Alias": "n", "Startup Cost": 10000000000.0, "Total Cost": 1000018665147.2, "Plan Rows": 1740714, "Plan Width": 4, "Filter": "((gender)::text = 'm'::text), (LLVM Optimized)"}]}]}]}]}, {"Node Type": "Materialize", "Parent Relationship": "Inner", "Startup Cost": 10000000000.0, "Total Cost": 1000000001421.0, "Plan Rows": 1, "Plan Width": 4, "Plans": [{"Node Type": "Index Scan", "Parent Relationship": "Outer", "Scan Direction": "Forward", "Index Name": "info_type_pkey", "Relation Name": "info_type", "Alias": "it1", "Startup Cost": 10000000000.0, "Total Cost": 1000000001421.0, "Plan Rows": 1, "Plan Width": 4, "Filter": "((info)::text = 'genres'::text)"}]}]}]}, "Unique SQL Id": 3913857139, "Planner Runtime": 70}, "explain_analyze_plan": null}, "(1, 92)": {"explain_plan": {"Plan": {"Node Type": "Aggregate", "Strategy": "Plain", "Startup Cost": 404228.25, "Total Cost": 404228.26, "Plan Rows": 1, "Plan Width": 160, "Plans": [{"Node Type": "Nested Loop", "Parent Relationship": "Outer", "Join Type": "Inner", "Startup Cost": 401033.02, "Total Cost": 404217.65, "Plan Rows": 1413, "Plan Width": 64, "Inner Unique": true, "Plans": [{"Node Type": "Nested Loop", "Parent Relationship": "Outer", "Join Type": "Inner", "Startup Cost": 401033.02, "Total Cost": 403638.38, "Plan Rows": 1155, "Plan Width": 68, "Inner Unique": false, "Plans": [{"Node Type": "Nested Loop", "Parent Relationship": "Outer", "Join Type": "Inner", "Startup Cost": 401033.02, "Total Cost": 402576.75, "Plan Rows": 1044, "Plan Width": 76, "Inner Unique": true, "Join Filter": "(mi.movie_id = t.id)", "Plans": [{"Node Type": "Merge Join", "Parent Relationship": "Outer", "Join Type": "Inner", "Startup Cost": 401033.02, "Total Cost": 402148.56, "Plan Rows": 1044, "Plan Width": 55, "Inner Unique": false, "Merge Cond": "(it1.id = mi.info_type_id)", "Plans": [{"Node Type": "Sort", "Parent Relationship": "Outer", "Startup Cost": 2.41, "Total Cost": 2.42, "Plan Rows": 1, "Plan Width": 4, "Sort Key": ["it1.id"], "Plans": [{"Node Type": "Seq Scan", "Parent Relationship": "Outer", "Relation Name": "info_type", "Alias": "it1", "Startup Cost": 0.0, "Total Cost": 2.4, "Plan Rows": 1, "Plan Width": 4, "Filter": "((info)::text = 'genres'::text)"}]}, {"Node Type": "Sort", "Parent Relationship": "Inner", "Startup Cost": 400968.28, "Total Cost": 401540.85, "Plan Rows": 229029, "Plan Width": 59, "Sort Key": ["mi.info_type_id"], "Plans": [{"Node Type": "Nested Loop", "Parent Relationship": "Outer", "Join Type": "Inner", "Startup Cost": 0.0, "Total Cost": 380578.77, "Plan Rows": 229029, "Plan Width": 59, "Inner Unique": false, "Plans": [{"Node Type": "Nested Loop", "Parent Relationship": "Outer", "Join Type": "Inner", "Startup Cost": 0.0, "Total Cost": 38326.39, "Plan Rows": 345008, "Plan Width": 9, "Inner Unique": false, "Plans": [{"Node Type": "Seq Scan", "Parent Relationship": "Outer", "Relation Name": "info_type", "Alias": "it2", "Startup Cost": 0.0, "Total Cost": 2.4, "Plan Rows": 1, "Plan Width": 4, "Filter": "((info)::text = 'votes'::text)"}, {"Node Type": "Index Scan", "Parent Relationship": "Inner", "Scan Direction": "Forward", "Index Name": "info_type_id_movie_info_idx", "Relation Name": "movie_info_idx", "Alias": "mi_idx", "Startup Cost": 0.0, "Total Cost": 34873.91, "Plan Rows": 345008, "Plan Width": 13, "Index Cond": "(info_type_id = it2.id), (LLVM Optimized)"}]}, {"Node Type": "Index Scan", "Parent Relationship": "Inner", "Scan Direction": "Forward", "Index Name": "movie_id_movie_info", "Relation Name": "movie_info", "Alias": "mi", "Startup Cost": 0.0, "Total Cost": 0.98, "Plan Rows": 1, "Plan Width": 50, "Index Cond": "(movie_id = mi_idx.movie_id)", "Filter": "((info)::text = ANY ('{Horror,Action,Sci-Fi,Thriller,Crime,War}'::text[]))"}]}]}]}, {"Node Type": "Index Scan", "Parent Relationship": "Inner", "Scan Direction": "Forward", "Index Name": "title_pkey", "Relation Name": "title", "Alias": "t", "Startup Cost": 0.0, "Total Cost": 0.4, "Plan Rows": 1, "Plan Width": 21, "Index Cond": "(id = mi_idx.movie_id)"}]}, {"Node Type": "Index Scan", "Parent Relationship": "Inner", "Scan Direction": "Forward", "Index Name": "movie_id_cast_info", "Relation Name": "cast_info", "Alias": "ci", "Startup Cost": 0.0, "Total Cost": 1.01, "Plan Rows": 1, "Plan Width": 8, "Index Cond": "(movie_id = t.id)", "Filter": "((note)::text = ANY ('{(writer),\"(head writer)\",\"(written by)\",(story),\"(story editor)\"}'::text[]))"}]}, {"Node Type": "Index Scan", "Parent Relationship": "Inner", "Scan Direction": "Forward", "Index Name": "name_pkey", "Relation Name": "name", "Alias": "n", "Startup Cost": 0.0, "Total Cost": 0.49, "Plan Rows": 1, "Plan Width": 4, "Index Cond": "(id = ci.person_id)", "Filter": "((gender)::text = 'm'::text)"}]}]}, "Unique SQL Id": 3913857139, "Planner Runtime": 20}, "explain_analyze_plan": {"Plan": {"Node Type": "Aggregate", "Strategy": "Plain", "Startup Cost": 404228.25, "Total Cost": 404228.26, "Plan Rows": 1, "Plan Width": 160, "Actual Startup Time": 18962.172, "Actual Total Time": 18962.173, "Actual Rows": 1, "Actual Loops": 1, "Plans": [{"Node Type": "Nested Loop", "Parent Relationship": "Outer", "Join Type": "Inner", "Startup Cost": 401033.02, "Total Cost": 404217.65, "Plan Rows": 1413, "Plan Width": 64, "Actual Startup Time": 9160.396, "Actual Total Time": 18926.168, "Actual Rows": 28073, "Actual Loops": 1, "Inner Unique": true, "Plans": [{"Node Type": "Nested Loop", "Parent Relationship": "Outer", "Join Type": "Inner", "Startup Cost": 401033.02, "Total Cost": 403638.38, "Plan Rows": 1155, "Plan Width": 68, "Actual Startup Time": 9158.629, "Actual Total Time": 18519.465, "Actual Rows": 54155, "Actual Loops": 1, "Inner Unique": false, "Plans": [{"Node Type": "Nested Loop", "Parent Relationship": "Outer", "Join Type": "Inner", "Startup Cost": 401033.02, "Total Cost": 402576.75, "Plan Rows": 1044, "Plan Width": 76, "Actual Startup Time": 9156.75, "Actual Total Time": 9744.677, "Actual Rows": 102516, "Actual Loops": 1, "Inner Unique": true, "Join Filter": "(mi.movie_id = t.id)", "Rows Removed by Join Filter": 0, "Plans": [{"Node Type": "Merge Join", "Parent Relationship": "Outer", "Join Type": "Inner", "Startup Cost": 401033.02, "Total Cost": 402148.56, "Plan Rows": 1044, "Plan Width": 55, "Actual Startup Time": 9156.701, "Actual Total Time": 9207.93, "Actual Rows": 102516, "Actual Loops": 1, "Inner Unique": false, "Merge Cond": "(it1.id = mi.info_type_id)", "Plans": [{"Node Type": "Sort", "Parent Relationship": "Outer", "Startup Cost": 2.41, "Total Cost": 2.42, "Plan Rows": 1, "Plan Width": 4, "Actual Startup Time": 0.076, "Actual Total Time": 0.077, "Actual Rows": 1, "Actual Loops": 1, "Sort Key": ["it1.id"], "Sort Method": "quicksort", "Sort Space Used": 25, "Sort Space Type": "Memory", "Plans": [{"Node Type": "Seq Scan", "Parent Relationship": "Outer", "Relation Name": "info_type", "Alias": "it1", "Startup Cost": 0.0, "Total Cost": 2.4, "Plan Rows": 1, "Plan Width": 4, "Actual Startup Time": 0.038, "Actual Total Time": 0.062, "Actual Rows": 1, "Actual Loops": 1, "Filter": "((info)::text = 'genres'::text)", "Rows Removed by Filter": 111}]}, {"Node Type": "Sort", "Parent Relationship": "Inner", "Startup Cost": 400968.28, "Total Cost": 401540.85, "Plan Rows": 229029, "Plan Width": 59, "Actual Startup Time": 9156.616, "Actual Total Time": 9173.473, "Actual Rows": 102517, "Actual Loops": 1, "Sort Key": ["mi.info_type_id"], "Sort Method": "quicksort", "Sort Space Used": 12906, "Sort Space Type": "Memory", "Plans": [{"Node Type": "Nested Loop", "Parent Relationship": "Outer", "Join Type": "Inner", "Startup Cost": 0.0, "Total Cost": 380578.77, "Plan Rows": 229029, "Plan Width": 59, "Actual Startup Time": 0.739, "Actual Total Time": 9108.225, "Actual Rows": 104892, "Actual Loops": 1, "Inner Unique": false, "Plans": [{"Node Type": "Nested Loop", "Parent Relationship": "Outer", "Join Type": "Inner", "Startup Cost": 0.0, "Total Cost": 38326.39, "Plan Rows": 345008, "Plan Width": 9, "Actual Startup Time": 0.062, "Actual Total Time": 395.981, "Actual Rows": 459925, "Actual Loops": 1, "Inner Unique": false, "Plans": [{"Node Type": "Seq Scan", "Parent Relationship": "Outer", "Relation Name": "info_type", "Alias": "it2", "Startup Cost": 0.0, "Total Cost": 2.4, "Plan Rows": 1, "Plan Width": 4, "Actual Startup Time": 0.04, "Actual Total Time": 0.057, "Actual Rows": 1, "Actual Loops": 1, "Filter": "((info)::text = 'votes'::text)", "Rows Removed by Filter": 111}, {"Node Type": "Index Scan", "Parent Relationship": "Inner", "Scan Direction": "Forward", "Index Name": "info_type_id_movie_info_idx", "Relation Name": "movie_info_idx", "Alias": "mi_idx", "Startup Cost": 0.0, "Total Cost": 34873.91, "Plan Rows": 345008, "Plan Width": 13, "Actual Startup Time": 0.02, "Actual Total Time": 291.211, "Actual Rows": 459925, "Actual Loops": 1, "Index Cond": "(info_type_id = it2.id), (LLVM Optimized, Jit Execute)", "Rows Removed by Index Recheck": 0}]}, {"Node Type": "Index Scan", "Parent Relationship": "Inner", "Scan Direction": "Forward", "Index Name": "movie_id_movie_info", "Relation Name": "movie_info", "Alias": "mi", "Startup Cost": 0.0, "Total Cost": 0.98, "Plan Rows": 1, "Plan Width": 50, "Actual Startup Time": 8299.761, "Actual Total Time": 8454.916, "Actual Rows": 104892, "Actual Loops": 459925, "Index Cond": "(movie_id = mi_idx.movie_id)", "Rows Removed by Index Recheck": 0, "Filter": "((info)::text = ANY ('{Horror,Action,Sci-Fi,Thriller,Crime,War}'::text[]))", "Rows Removed by Filter": 6825442}]}]}]}, {"Node Type": "Index Scan", "Parent Relationship": "Inner", "Scan Direction": "Forward", "Index Name": "title_pkey", "Relation Name": "title", "Alias": "t", "Startup Cost": 0.0, "Total Cost": 0.4, "Plan Rows": 1, "Plan Width": 21, "Actual Startup Time": 431.982, "Actual Total Time": 431.982, "Actual Rows": 102516, "Actual Loops": 102516, "Index Cond": "(id = mi_idx.movie_id)", "Rows Removed by Index Recheck": 0}]}, {"Node Type": "Index Scan", "Parent Relationship": "Inner", "Scan Direction": "Forward", "Index Name": "movie_id_cast_info", "Relation Name": "cast_info", "Alias": "ci", "Startup Cost": 0.0, "Total Cost": 1.01, "Plan Rows": 1, "Plan Width": 8, "Actual Startup Time": 7420.688, "Actual Total Time": 8703.83, "Actual Rows": 54155, "Actual Loops": 102516, "Index Cond": "(movie_id = t.id)", "Rows Removed by Index Recheck": 0, "Filter": "((note)::text = ANY ('{(writer),\"(head writer)\",\"(written by)\",(story),\"(story editor)\"}'::text[]))", "Rows Removed by Filter": 3987641}]}, {"Node Type": "Index Scan", "Parent Relationship": "Inner", "Scan Direction": "Forward", "Index Name": "name_pkey", "Relation Name": "name", "Alias": "n", "Startup Cost": 0.0, "Total Cost": 0.49, "Plan Rows": 1, "Plan Width": 4, "Actual Startup Time": 365.445, "Actual Total Time": 365.445, "Actual Rows": 28073, "Actual Loops": 54155, "Index Cond": "(id = ci.person_id)", "Rows Removed by Index Recheck": 0, "Filter": "((gender)::text = 'm'::text)", "Rows Removed by Filter": 26082}]}]}, "Triggers": [], "Planner Runtime": 20, "Total Runtime": 18971.072, "Unique SQL Id": 3913857139}}, "(1, 93)": {"explain_plan": {"Plan": {"Node Type": "Aggregate", "Strategy": "Plain", "Startup Cost": 404251.85, "Total Cost": 404251.86, "Plan Rows": 1, "Plan Width": 160, "Plans": [{"Node Type": "Nested Loop", "Parent Relationship": "Outer", "Join Type": "Inner", "Startup Cost": 401042.42, "Total Cost": 404241.25, "Plan Rows": 1413, "Plan Width": 64, "Inner Unique": true, "Plans": [{"Node Type": "Nested Loop", "Parent Relationship": "Outer", "Join Type": "Inner", "Startup Cost": 401042.42, "Total Cost": 403661.99, "Plan Rows": 1155, "Plan Width": 68, "Inner Unique": false, "Plans": [{"Node Type": "Nested Loop", "Parent Relationship": "Outer", "Join Type": "Inner", "Startup Cost": 401042.42, "Total Cost": 402600.36, "Plan Rows": 1044, "Plan Width": 76, "Inner Unique": true, "Join Filter": "(mi.movie_id = t.id)", "Plans": [{"Node Type": "Merge Join", "Parent Relationship": "Outer", "Join Type": "Inner", "Startup Cost": 401042.42, "Total Cost": 402172.16, "Plan Rows": 1044, "Plan Width": 55, "Inner Unique": false, "Merge Cond": "(it1.id = mi.info_type_id)", "Plans": [{"Node Type": "Index Scan", "Parent Relationship": "Outer", "Scan Direction": "Forward", "Index Name": "info_type_pkey", "Relation Name": "info_type", "Alias": "it1", "Startup Cost": 0.0, "Total Cost": 14.21, "Plan Rows": 1, "Plan Width": 4, "Filter": "((info)::text = 'genres'::text)"}, {"Node Type": "Sort", "Parent Relationship": "Inner", "Startup Cost": 400980.09, "Total Cost": 401552.66, "Plan Rows": 229029, "Plan Width": 59, "Sort Key": ["mi.info_type_id"], "Plans": [{"Node Type": "Nested Loop", "Parent Relationship": "Outer", "Join Type": "Inner", "Startup Cost": 0.0, "Total Cost": 380590.58, "Plan Rows": 229029, "Plan Width": 59, "Inner Unique": false, "Plans": [{"Node Type": "Nested Loop", "Parent Relationship": "Outer", "Join Type": "Inner", "Startup Cost": 0.0, "Total Cost": 38338.2, "Plan Rows": 345008, "Plan Width": 9, "Inner Unique": false, "Plans": [{"Node Type": "Index Scan", "Parent Relationship": "Outer", "Scan Direction": "Forward", "Index Name": "info_type_pkey", "Relation Name": "info_type", "Alias": "it2", "Startup Cost": 0.0, "Total Cost": 14.21, "Plan Rows": 1, "Plan Width": 4, "Filter": "((info)::text = 'votes'::text)"}, {"Node Type": "Index Scan", "Parent Relationship": "Inner", "Scan Direction": "Forward", "Index Name": "info_type_id_movie_info_idx", "Relation Name": "movie_info_idx", "Alias": "mi_idx", "Startup Cost": 0.0, "Total Cost": 34873.91, "Plan Rows": 345008, "Plan Width": 13, "Index Cond": "(info_type_id = it2.id), (LLVM Optimized)"}]}, {"Node Type": "Index Scan", "Parent Relationship": "Inner", "Scan Direction": "Forward", "Index Name": "movie_id_movie_info", "Relation Name": "movie_info", "Alias": "mi", "Startup Cost": 0.0, "Total Cost": 0.98, "Plan Rows": 1, "Plan Width": 50, "Index Cond": "(movie_id = mi_idx.movie_id)", "Filter": "((info)::text = ANY ('{Horror,Action,Sci-Fi,Thriller,Crime,War}'::text[]))"}]}]}]}, {"Node Type": "Index Scan", "Parent Relationship": "Inner", "Scan Direction": "Forward", "Index Name": "title_pkey", "Relation Name": "title", "Alias": "t", "Startup Cost": 0.0, "Total Cost": 0.4, "Plan Rows": 1, "Plan Width": 21, "Index Cond": "(id = mi_idx.movie_id)"}]}, {"Node Type": "Index Scan", "Parent Relationship": "Inner", "Scan Direction": "Forward", "Index Name": "movie_id_cast_info", "Relation Name": "cast_info", "Alias": "ci", "Startup Cost": 0.0, "Total Cost": 1.01, "Plan Rows": 1, "Plan Width": 8, "Index Cond": "(movie_id = t.id)", "Filter": "((note)::text = ANY ('{(writer),\"(head writer)\",\"(written by)\",(story),\"(story editor)\"}'::text[]))"}]}, {"Node Type": "Index Scan", "Parent Relationship": "Inner", "Scan Direction": "Forward", "Index Name": "name_pkey", "Relation Name": "name", "Alias": "n", "Startup Cost": 0.0, "Total Cost": 0.49, "Plan Rows": 1, "Plan Width": 4, "Index Cond": "(id = ci.person_id)", "Filter": "((gender)::text = 'm'::text)"}]}]}, "Unique SQL Id": 3913857139, "Planner Runtime": 17}, "explain_analyze_plan": {"Plan": {"Node Type": "Aggregate", "Strategy": "Plain", "Startup Cost": 404251.85, "Total Cost": 404251.86, "Plan Rows": 1, "Plan Width": 160, "Actual Startup Time": 19017.776, "Actual Total Time": 19017.777, "Actual Rows": 1, "Actual Loops": 1, "Plans": [{"Node Type": "Nested Loop", "Parent Relationship": "Outer", "Join Type": "Inner", "Startup Cost": 401042.42, "Total Cost": 404241.25, "Plan Rows": 1413, "Plan Width": 64, "Actual Startup Time": 9229.019, "Actual Total Time": 18981.071, "Actual Rows": 28073, "Actual Loops": 1, "Inner Unique": true, "Plans": [{"Node Type": "Nested Loop", "Parent Relationship": "Outer", "Join Type": "Inner", "Startup Cost": 401042.42, "Total Cost": 403661.99, "Plan Rows": 1155, "Plan Width": 68, "Actual Startup Time": 9227.257, "Actual Total Time": 18575.938, "Actual Rows": 54155, "Actual Loops": 1, "Inner Unique": false, "Plans": [{"Node Type": "Nested Loop", "Parent Relationship": "Outer", "Join Type": "Inner", "Startup Cost": 401042.42, "Total Cost": 402600.36, "Plan Rows": 1044, "Plan Width": 76, "Actual Startup Time": 9225.385, "Actual Total Time": 9814.424, "Actual Rows": 102516, "Actual Loops": 1, "Inner Unique": true, "Join Filter": "(mi.movie_id = t.id)", "Rows Removed by Join Filter": 0, "Plans": [{"Node Type": "Merge Join", "Parent Relationship": "Outer", "Join Type": "Inner", "Startup Cost": 401042.42, "Total Cost": 402172.16, "Plan Rows": 1044, "Plan Width": 55, "Actual Startup Time": 9225.339, "Actual Total Time": 9276.125, "Actual Rows": 102516, "Actual Loops": 1, "Inner Unique": false, "Merge Cond": "(it1.id = mi.info_type_id)", "Plans": [{"Node Type": "Index Scan", "Parent Relationship": "Outer", "Scan Direction": "Forward", "Index Name": "info_type_pkey", "Relation Name": "info_type", "Alias": "it1", "Startup Cost": 0.0, "Total Cost": 14.21, "Plan Rows": 1, "Plan Width": 4, "Actual Startup Time": 0.027, "Actual Total Time": 0.086, "Actual Rows": 1, "Actual Loops": 1, "Filter": "((info)::text = 'genres'::text)", "Rows Removed by Filter": 111}, {"Node Type": "Sort", "Parent Relationship": "Inner", "Startup Cost": 400980.09, "Total Cost": 401552.66, "Plan Rows": 229029, "Plan Width": 59, "Actual Startup Time": 9225.302, "Actual Total Time": 9241.326, "Actual Rows": 102517, "Actual Loops": 1, "Sort Key": ["mi.info_type_id"], "Sort Method": "quicksort", "Sort Space Used": 12906, "Sort Space Type": "Memory", "Plans": [{"Node Type": "Nested Loop", "Parent Relationship": "Outer", "Join Type": "Inner", "Startup Cost": 0.0, "Total Cost": 380590.58, "Plan Rows": 229029, "Plan Width": 59, "Actual Startup Time": 0.748, "Actual Total Time": 9176.403, "Actual Rows": 104892, "Actual Loops": 1, "Inner Unique": false, "Plans": [{"Node Type": "Nested Loop", "Parent Relationship": "Outer", "Join Type": "Inner", "Startup Cost": 0.0, "Total Cost": 38338.2, "Plan Rows": 345008, "Plan Width": 9, "Actual Startup Time": 0.076, "Actual Total Time": 391.996, "Actual Rows": 459925, "Actual Loops": 1, "Inner Unique": false, "Plans": [{"Node Type": "Index Scan", "Parent Relationship": "Outer", "Scan Direction": "Forward", "Index Name": "info_type_pkey", "Relation Name": "info_type", "Alias": "it2", "Startup Cost": 0.0, "Total Cost": 14.21, "Plan Rows": 1, "Plan Width": 4, "Actual Startup Time": 0.057, "Actual Total Time": 0.07, "Actual Rows": 1, "Actual Loops": 1, "Filter": "((info)::text = 'votes'::text)", "Rows Removed by Filter": 111}, {"Node Type": "Index Scan", "Parent Relationship": "Inner", "Scan Direction": "Forward", "Index Name": "info_type_id_movie_info_idx", "Relation Name": "movie_info_idx", "Alias": "mi_idx", "Startup Cost": 0.0, "Total Cost": 34873.91, "Plan Rows": 345008, "Plan Width": 13, "Actual Startup Time": 0.014, "Actual Total Time": 288.44, "Actual Rows": 459925, "Actual Loops": 1, "Index Cond": "(info_type_id = it2.id), (LLVM Optimized, Jit Execute)", "Rows Removed by Index Recheck": 0}]}, {"Node Type": "Index Scan", "Parent Relationship": "Inner", "Scan Direction": "Forward", "Index Name": "movie_id_movie_info", "Relation Name": "movie_info", "Alias": "mi", "Startup Cost": 0.0, "Total Cost": 0.98, "Plan Rows": 1, "Plan Width": 50, "Actual Startup Time": 8372.17, "Actual Total Time": 8527.862, "Actual Rows": 104892, "Actual Loops": 459925, "Index Cond": "(movie_id = mi_idx.movie_id)", "Rows Removed by Index Recheck": 0, "Filter": "((info)::text = ANY ('{Horror,Action,Sci-Fi,Thriller,Crime,War}'::text[]))", "Rows Removed by Filter": 6825442}]}]}]}, {"Node Type": "Index Scan", "Parent Relationship": "Inner", "Scan Direction": "Forward", "Index Name": "title_pkey", "Relation Name": "title", "Alias": "t", "Startup Cost": 0.0, "Total Cost": 0.4, "Plan Rows": 1, "Plan Width": 21, "Actual Startup Time": 432.204, "Actual Total Time": 432.204, "Actual Rows": 102516, "Actual Loops": 102516, "Index Cond": "(id = mi_idx.movie_id)", "Rows Removed by Index Recheck": 0}]}, {"Node Type": "Index Scan", "Parent Relationship": "Inner", "Scan Direction": "Forward", "Index Name": "movie_id_cast_info", "Relation Name": "cast_info", "Alias": "ci", "Startup Cost": 0.0, "Total Cost": 1.01, "Plan Rows": 1, "Plan Width": 8, "Actual Startup Time": 7410.821, "Actual Total Time": 8691.314, "Actual Rows": 54155, "Actual Loops": 102516, "Index Cond": "(movie_id = t.id)", "Rows Removed by Index Recheck": 0, "Filter": "((note)::text = ANY ('{(writer),\"(head writer)\",\"(written by)\",(story),\"(story editor)\"}'::text[]))", "Rows Removed by Filter": 3987641}]}, {"Node Type": "Index Scan", "Parent Relationship": "Inner", "Scan Direction": "Forward", "Index Name": "name_pkey", "Relation Name": "name", "Alias": "n", "Startup Cost": 0.0, "Total Cost": 0.49, "Plan Rows": 1, "Plan Width": 4, "Actual Startup Time": 363.586, "Actual Total Time": 363.586, "Actual Rows": 28073, "Actual Loops": 54155, "Index Cond": "(id = ci.person_id)", "Rows Removed by Index Recheck": 0, "Filter": "((gender)::text = 'm'::text)", "Rows Removed by Filter": 26082}]}]}, "Triggers": [], "Planner Runtime": 17, "Total Runtime": 19026.659, "Unique SQL Id": 3913857139}}, "(1, 94)": {"explain_plan": {"Plan": {"Node Type": "Aggregate", "Strategy": "Plain", "Startup Cost": 2187108.54, "Total Cost": 2187108.55, "Plan Rows": 1, "Plan Width": 160, "Plans": [{"Node Type": "Merge Join", "Parent Relationship": "Outer", "Join Type": "Inner", "Startup Cost": 2174444.46, "Total Cost": 2187097.94, "Plan Rows": 1413, "Plan Width": 64, "Inner Unique": true, "Merge Cond": "(mi.movie_id = t.id)", "Plans": [{"Node Type": "Sort", "Parent Relationship": "Outer", "Startup Cost": 1845492.42, "Total Cost": 1845495.95, "Plan Rows": 1413, "Plan Width": 59, "Sort Key": ["ci.movie_id"], "Plans": [{"Node Type": "Merge Join", "Parent Relationship": "Outer", "Join Type": "Inner", "Startup Cost": 1836919.28, "Total Cost": 1845418.48, "Plan Rows": 1413, "Plan Width": 59, "Inner Unique": true, "Merge Cond": "(ci.person_id = n.id)", "Plans": [{"Node Type": "Sort", "Parent Relationship": "Outer", "Startup Cost": 1552992.79, "Total Cost": 1552995.67, "Plan Rows": 1155, "Plan Width": 63, "Sort Key": ["ci.person_id"], "Plans": [{"Node Type": "Merge Join", "Parent Relationship": "Outer", "Join Type": "Inner", "Startup Cost": 1546801.63, "Total Cost": 1552934.03, "Plan Rows": 1155, "Plan Width": 63, "Inner Unique": false, "Merge Cond": "(mi.movie_id = ci.movie_id)", "Plans": [{"Node Type": "Sort", "Parent Relationship": "Outer", "Startup Cost": 594627.55, "Total Cost": 594630.16, "Plan Rows": 1044, "Plan Width": 55, "Sort Key": ["mi.movie_id"], "Plans": [{"Node Type": "Merge Join", "Parent Relationship": "Outer", "Join Type": "Inner", "Startup Cost": 594543.89, "Total Cost": 594575.2, "Plan Rows": 1044, "Plan Width": 55, "Inner Unique": false, "Merge Cond": "(it2.id = mi_idx.info_type_id)", "Plans": [{"Node Type": "Sort", "Parent Relationship": "Outer", "Startup Cost": 2.41, "Total Cost": 2.42, "Plan Rows": 1, "Plan Width": 4, "Sort Key": ["it2.id"], "Plans": [{"Node Type": "Seq Scan", "Parent Relationship": "Outer", "Relation Name": "info_type", "Alias": "it2", "Startup Cost": 0.0, "Total Cost": 2.4, "Plan Rows": 1, "Plan Width": 4, "Filter": "((info)::text = 'votes'::text)"}]}, {"Node Type": "Sort", "Parent Relationship": "Inner", "Startup Cost": 594541.47, "Total Cost": 594551.91, "Plan Rows": 4175, "Plan Width": 59, "Sort Key": ["mi_idx.info_type_id"], "Plans": [{"Node Type": "Merge Join", "Parent Relationship": "Outer", "Join Type": "Inner", "Startup Cost": 587335.03, "Total Cost": 594290.39, "Plan Rows": 4175, "Plan Width": 59, "Inner Unique": false, "Merge Cond": "(mi.movie_id = mi_idx.movie_id)", "Plans": [{"Node Type": "Sort", "Parent Relationship": "Outer", "Startup Cost": 426322.81, "Total Cost": 426329.6, "Plan Rows": 2717, "Plan Width": 46, "Sort Key": ["mi.movie_id"], "Plans": [{"Node Type": "Merge Join", "Parent Relationship": "Outer", "Join Type": "Inner", "Startup Cost": 425241.57, "Total Cost": 426167.83, "Plan Rows": 2717, "Plan Width": 46, "Inner Unique": false, "Merge Cond": "(it1.id = mi.info_type_id)", "Plans": [{"Node Type": "Sort", "Parent Relationship": "Outer", "Startup Cost": 2.41, "Total Cost": 2.42, "Plan Rows": 1, "Plan Width": 4, "Sort Key": ["it1.id"], "Plans": [{"Node Type": "Seq Scan", "Parent Relationship": "Outer", "Relation Name": "info_type", "Alias": "it1", "Startup Cost": 0.0, "Total Cost": 2.4, "Plan Rows": 1, "Plan Width": 4, "Filter": "((info)::text = 'genres'::text)"}]}, {"Node Type": "Sort", "Parent Relationship": "Inner", "Startup Cost": 425187.4, "Total Cost": 425662.82, "Plan Rows": 190170, "Plan Width": 50, "Sort Key": ["mi.info_type_id"], "Plans": [{"Node Type": "Seq Scan", "Parent Relationship": "Outer", "Relation Name": "movie_info", "Alias": "mi", "Startup Cost": 0.0, "Total Cost": 408512.41, "Plan Rows": 190170, "Plan Width": 50, "Filter": "((info)::text = ANY ('{Horror,Action,Sci-Fi,Thriller,Crime,War}'::text[]))"}]}]}]}, {"Node Type": "Sort", "Parent Relationship": "Inner", "Startup Cost": 161012.09, "Total Cost": 164462.17, "Plan Rows": 1380034, "Plan Width": 13, "Sort Key": ["mi_idx.movie_id"], "Plans": [{"Node Type": "Seq Scan", "Parent Relationship": "Outer", "Relation Name": "movie_info_idx", "Alias": "mi_idx", "Startup Cost": 0.0, "Total Cost": 20274.34, "Plan Rows": 1380034, "Plan Width": 13}]}]}]}]}]}, {"Node Type": "Sort", "Parent Relationship": "Inner", "Startup Cost": 952173.95, "Total Cost": 955231.83, "Plan Rows": 1223154, "Plan Width": 8, "Sort Key": ["ci.movie_id"], "Plans": [{"Node Type": "Seq Scan", "Parent Relationship": "Outer", "Relation Name": "cast_info", "Alias": "ci", "Startup Cost": 0.0, "Total Cost": 828499.78, "Plan Rows": 1223154, "Plan Width": 8, "Filter": "((note)::text = ANY ('{(writer),\"(head writer)\",\"(written by)\",(story),\"(story editor)\"}'::text[]))"}]}]}]}, {"Node Type": "Sort", "Parent Relationship": "Inner", "Startup Cost": 283926.49, "Total Cost": 288278.28, "Plan Rows": 1740714, "Plan Width": 4, "Sort Key": ["n.id"], "Plans": [{"Node Type": "Seq Scan", "Parent Relationship": "Outer", "Relation Name": "name", "Alias": "n", "Startup Cost": 0.0, "Total Cost": 103490.62, "Plan Rows": 1740714, "Plan Width": 4, "Filter": "((gender)::text = 'm'::text), (LLVM Optimized)"}]}]}]}, {"Node Type": "Sort", "Parent Relationship": "Inner", "Startup Cost": 328951.73, "Total Cost": 335272.51, "Plan Rows": 2528311, "Plan Width": 21, "Sort Key": ["t.id"], "Plans": [{"Node Type": "Seq Scan", "Parent Relationship": "Outer", "Relation Name": "title", "Alias": "t", "Startup Cost": 0.0, "Total Cost": 60069.11, "Plan Rows": 2528311, "Plan Width": 21}]}]}]}, "Unique SQL Id": 3913857139, "Planner Runtime": 26}, "explain_analyze_plan": {"Plan": {"Node Type": "Aggregate", "Strategy": "Plain", "Startup Cost": 2187108.54, "Total Cost": 2187108.55, "Plan Rows": 1, "Plan Width": 160, "Actual Startup Time": 29153.398, "Actual Total Time": 29153.398, "Actual Rows": 1, "Actual Loops": 1, "Plans": [{"Node Type": "Merge Join", "Parent Relationship": "Outer", "Join Type": "Inner", "Startup Cost": 2174444.46, "Total Cost": 2187097.94, "Plan Rows": 1413, "Plan Width": 64, "Actual Startup Time": 28318.14, "Actual Total Time": 29133.321, "Actual Rows": 28073, "Actual Loops": 1, "Inner Unique": true, "Merge Cond": "(mi.movie_id = t.id)", "Plans": [{"Node Type": "Sort", "Parent Relationship": "Outer", "Startup Cost": 1845492.42, "Total Cost": 1845495.95, "Plan Rows": 1413, "Plan Width": 59, "Actual Startup Time": 26447.789, "Actual Total Time": 26452.237, "Actual Rows": 28073, "Actual Loops": 1, "Sort Key": ["ci.movie_id"], "Sort Method": "quicksort", "Sort Space Used": 3400, "Sort Space Type": "Memory", "Plans": [{"Node Type": "Merge Join", "Parent Relationship": "Outer", "Join Type": "Inner", "Startup Cost": 1836919.28, "Total Cost": 1845418.48, "Plan Rows": 1413, "Plan Width": 59, "Actual Startup Time": 25931.851, "Actual Total Time": 26435.541, "Actual Rows": 28073, "Actual Loops": 1, "Inner Unique": true, "Merge Cond": "(ci.person_id = n.id)", "Plans": [{"Node Type": "Sort", "Parent Relationship": "Outer", "Startup Cost": 1552992.79, "Total Cost": 1552995.67, "Plan Rows": 1155, "Plan Width": 63, "Actual Startup Time": 23930.524, "Actual Total Time": 23934.925, "Actual Rows": 28074, "Actual Loops": 1, "Sort Key": ["ci.person_id"], "Sort Method": "quicksort", "Sort Space Used": 6614, "Sort Space Type": "Memory", "Plans": [{"Node Type": "Merge Join", "Parent Relationship": "Outer", "Join Type": "Inner", "Startup Cost": 1546801.63, "Total Cost": 1552934.03, "Plan Rows": 1155, "Plan Width": 63, "Actual Startup Time": 23520.451, "Actual Total Time": 23908.642, "Actual Rows": 54155, "Actual Loops": 1, "Inner Unique": false, "Merge Cond": "(mi.movie_id = ci.movie_id)", "Plans": [{"Node Type": "Sort", "Parent Relationship": "Outer", "Startup Cost": 594627.55, "Total Cost": 594630.16, "Plan Rows": 1044, "Plan Width": 55, "Actual Startup Time": 9169.476, "Actual Total Time": 9188.395, "Actual Rows": 102516, "Actual Loops": 1, "Sort Key": ["mi.movie_id"], "Sort Method": "quicksort", "Sort Space Used": 12683, "Sort Space Type": "Memory", "Plans": [{"Node Type": "Merge Join", "Parent Relationship": "Outer", "Join Type": "Inner", "Startup Cost": 594543.89, "Total Cost": 594575.2, "Plan Rows": 1044, "Plan Width": 55, "Actual Startup Time": 9076.534, "Actual Total Time": 9125.859, "Actual Rows": 102516, "Actual Loops": 1, "Inner Unique": false, "Merge Cond": "(it2.id = mi_idx.info_type_id)", "Plans": [{"Node Type": "Sort", "Parent Relationship": "Outer", "Startup Cost": 2.41, "Total Cost": 2.42, "Plan Rows": 1, "Plan Width": 4, "Actual Startup Time": 0.064, "Actual Total Time": 0.064, "Actual Rows": 1, "Actual Loops": 1, "Sort Key": ["it2.id"], "Sort Method": "quicksort", "Sort Space Used": 25, "Sort Space Type": "Memory", "Plans": [{"Node Type": "Seq Scan", "Parent Relationship": "Outer", "Relation Name": "info_type", "Alias": "it2", "Startup Cost": 0.0, "Total Cost": 2.4, "Plan Rows": 1, "Plan Width": 4, "Actual Startup Time": 0.051, "Actual Total Time": 0.056, "Actual Rows": 1, "Actual Loops": 1, "Filter": "((info)::text = 'votes'::text)", "Rows Removed by Filter": 111}]}, {"Node Type": "Sort", "Parent Relationship": "Inner", "Startup Cost": 594541.47, "Total Cost": 594551.91, "Plan Rows": 4175, "Plan Width": 59, "Actual Startup Time": 9042.827, "Actual Total Time": 9079.885, "Actual Rows": 205033, "Actual Loops": 1, "Sort Key": ["mi_idx.info_type_id"], "Sort Method": "quicksort", "Sort Space Used": 41143, "Sort Space Type": "Memory", "Plans": [{"Node Type": "Merge Join", "Parent Relationship": "Outer", "Join Type": "Inner", "Startup Cost": 587335.03, "Total Cost": 594290.39, "Plan Rows": 4175, "Plan Width": 59, "Actual Startup Time": 8479.012, "Actual Total Time": 8940.461, "Actual Rows": 307785, "Actual Loops": 1, "Inner Unique": false, "Merge Cond": "(mi.movie_id = mi_idx.movie_id)", "Plans": [{"Node Type": "Sort", "Parent Relationship": "Outer", "Startup Cost": 426322.81, "Total Cost": 426329.6, "Plan Rows": 2717, "Plan Width": 46, "Actual Startup Time": 7598.173, "Actual Total Time": 7617.063, "Actual Rows": 186591, "Actual Loops": 1, "Sort Key": ["mi.movie_id"], "Sort Method": "quicksort", "Sort Space Used": 23257, "Sort Space Type": "Memory", "Plans": [{"Node Type": "Merge Join", "Parent Relationship": "Outer", "Join Type": "Inner", "Startup Cost": 425241.57, "Total Cost": 426167.83, "Plan Rows": 2717, "Plan Width": 46, "Actual Startup Time": 7469.258, "Actual Total Time": 7532.599, "Actual Rows": 186594, "Actual Loops": 1, "Inner Unique": false, "Merge Cond": "(it1.id = mi.info_type_id)", "Plans": [{"Node Type": "Sort", "Parent Relationship": "Outer", "Startup Cost": 2.41, "Total Cost": 2.42, "Plan Rows": 1, "Plan Width": 4, "Actual Startup Time": 0.056, "Actual Total Time": 0.057, "Actual Rows": 1, "Actual Loops": 1, "Sort Key": ["it1.id"], "Sort Method": "quicksort", "Sort Space Used": 25, "Sort Space Type": "Memory", "Plans": [{"Node Type": "Seq Scan", "Parent Relationship": "Outer", "Relation Name": "info_type", "Alias": "it1", "Startup Cost": 0.0, "Total Cost": 2.4, "Plan Rows": 1, "Plan Width": 4, "Actual Startup Time": 0.026, "Actual Total Time": 0.048, "Actual Rows": 1, "Actual Loops": 1, "Filter": "((info)::text = 'genres'::text)", "Rows Removed by Filter": 111}]}, {"Node Type": "Sort", "Parent Relationship": "Inner", "Startup Cost": 425187.4, "Total Cost": 425662.82, "Plan Rows": 190170, "Plan Width": 50, "Actual Startup Time": 7469.19, "Actual Total Time": 7484.999, "Actual Rows": 186595, "Actual Loops": 1, "Sort Key": ["mi.info_type_id"], "Sort Method": "quicksort", "Sort Space Used": 23861, "Sort Space Type": "Memory", "Plans": [{"Node Type": "Seq Scan", "Parent Relationship": "Outer", "Relation Name": "movie_info", "Alias": "mi", "Startup Cost": 0.0, "Total Cost": 408512.41, "Plan Rows": 190170, "Plan Width": 50, "Actual Startup Time": 3528.832, "Actual Total Time": 7413.699, "Actual Rows": 188971, "Actual Loops": 1, "Filter": "((info)::text = ANY ('{Horror,Action,Sci-Fi,Thriller,Crime,War}'::text[]))", "Rows Removed by Filter": 14646748}]}]}]}, {"Node Type": "Sort", "Parent Relationship": "Inner", "Startup Cost": 161012.09, "Total Cost": 164462.17, "Plan Rows": 1380034, "Plan Width": 13, "Actual Startup Time": 880.804, "Actual Total Time": 1016.413, "Actual Rows": 1461180, "Actual Loops": 1, "Sort Key": ["mi_idx.movie_id"], "Sort Method": "quicksort", "Sort Space Used": 178531, "Sort Space Type": "Memory", "Plans": [{"Node Type": "Seq Scan", "Parent Relationship": "Outer", "Relation Name": "movie_info_idx", "Alias": "mi_idx", "Startup Cost": 0.0, "Total Cost": 20274.34, "Plan Rows": 1380034, "Plan Width": 13, "Actual Startup Time": 0.052, "Actual Total Time": 386.955, "Actual Rows": 1380034, "Actual Loops": 1}]}]}]}]}]}, {"Node Type": "Sort", "Parent Relationship": "Inner", "Startup Cost": 952173.95, "Total Cost": 955231.83, "Plan Rows": 1223154, "Plan Width": 8, "Actual Startup Time": 14343.562, "Actual Total Time": 14521.662, "Actual Rows": 1260568, "Actual Loops": 1, "Sort Key": ["ci.movie_id"], "Sort Method": "quicksort", "Sort Space Used": 126947, "Sort Space Type": "Memory", "Plans": [{"Node Type": "Seq Scan", "Parent Relationship": "Outer", "Relation Name": "cast_info", "Alias": "ci", "Startup Cost": 0.0, "Total Cost": 828499.78, "Plan Rows": 1223154, "Plan Width": 8, "Actual Startup Time": 389.239, "Actual Total Time": 13888.214, "Actual Rows": 1244716, "Actual Loops": 1, "Filter": "((note)::text = ANY ('{(writer),\"(head writer)\",\"(written by)\",(story),\"(story editor)\"}'::text[]))", "Rows Removed by Filter": 34999627}]}]}]}, {"Node Type": "Sort", "Parent Relationship": "Inner", "Startup Cost": 283926.49, "Total Cost": 288278.28, "Plan Rows": 1740714, "Plan Width": 4, "Actual Startup Time": 2001.126, "Actual Total Time": 2256.782, "Actual Rows": 1739578, "Actual Loops": 1, "Sort Key": ["n.id"], "Sort Method": "quicksort", "Sort Space Used": 157876, "Sort Space Type": "Memory", "Plans": [{"Node Type": "Seq Scan", "Parent Relationship": "Outer", "Relation Name": "name", "Alias": "n", "Startup Cost": 0.0, "Total Cost": 103490.62, "Plan Rows": 1740714, "Plan Width": 4, "Actual Startup Time": 0.035, "Actual Total Time": 1377.426, "Actual Rows": 1739578, "Actual Loops": 1, "Filter": "((gender)::text = 'm'::text), (LLVM Optimized, Jit Execute)", "Rows Removed by Filter": 2427912}]}]}]}, {"Node Type": "Sort", "Parent Relationship": "Inner", "Startup Cost": 328951.73, "Total Cost": 335272.51, "Plan Rows": 2528311, "Plan Width": 21, "Actual Startup Time": 1866.819, "Actual Total Time": 2288.119, "Actual Rows": 2525792, "Actual Loops": 1, "Sort Key": ["t.id"], "Sort Method": "quicksort", "Sort Space Used": 344074, "Sort Space Type": "Memory", "Plans": [{"Node Type": "Seq Scan", "Parent Relationship": "Outer", "Relation Name": "title", "Alias": "t", "Startup Cost": 0.0, "Total Cost": 60069.11, "Plan Rows": 2528311, "Plan Width": 21, "Actual Startup Time": 0.034, "Actual Total Time": 775.153, "Actual Rows": 2528311, "Actual Loops": 1}]}]}]}, "Triggers": [], "Planner Runtime": 26, "Total Runtime": 29162.269, "Unique SQL Id": 3913857139}}, "(1, 95)": {"explain_plan": {"Plan": {"Node Type": "Aggregate", "Strategy": "Plain", "Startup Cost": 6972220943936.19, "Total Cost": 6972220943936.2, "Plan Rows": 1, "Plan Width": 160, "Plans": [{"Node Type": "Merge Join", "Parent Relationship": "Outer", "Join Type": "Inner", "Startup Cost": 5982220942015.89, "Total Cost": 6972220943925.6, "Plan Rows": 1413, "Plan Width": 64, "Inner Unique": true, "Merge Cond": "(mi.info_type_id = it1.id)", "Plans": [{"Node Type": "Sort", "Parent Relationship": "Outer", "Startup Cost": 5972220941988.98, "Total Cost": 5972220942236.19, "Plan Rows": 98885, "Plan Width": 68, "Sort Key": ["mi.info_type_id"], "Plans": [{"Node Type": "Merge Join", "Parent Relationship": "Outer", "Join Type": "Inner", "Startup Cost": 3994673638411.73, "Total Cost": 5972220933784.75, "Plan Rows": 98885, "Plan Width": 68, "Inner Unique": false, "Merge Cond": "(t.id = mi_idx.movie_id)", "Plans": [{"Node Type": "Merge Join", "Parent Relationship": "Outer", "Join Type": "Inner", "Startup Cost": 20024668916.98, "Total Cost": 1999424688065.12, "Plan Rows": 190170, "Plan Width": 71, "Inner Unique": true, "Merge Cond": "(mi.movie_id = t.id)", "Plans": [{"Node Type": "Index Scan", "Parent Relationship": "Outer", "Scan Direction": "Forward", "Index Name": "movie_id_movie_info", "Relation Name": "movie_info", "Alias": "mi", "Startup Cost": 10000000000.0, "Total Cost": 1000114969386.72, "Plan Rows": 190170, "Plan Width": 50, "Filter": "((info)::text = ANY ('{Horror,Action,Sci-Fi,Thriller,Crime,War}'::text[]))"}, {"Node Type": "Index Scan", "Parent Relationship": "Inner", "Scan Direction": "Forward", "Index Name": "title_pkey", "Relation Name": "title", "Alias": "t", "Startup Cost": 10000000000.0, "Total Cost": 1000011012048.91, "Plan Rows": 2528311, "Plan Width": 21}]}, {"Node Type": "Sort", "Parent Relationship": "Inner", "Startup Cost": 3974648969494.74, "Total Cost": 3974648970662.15, "Plan Rows": 466965, "Plan Width": 13, "Sort Key": ["ci.movie_id"], "Plans": [{"Node Type": "Merge Join", "Parent Relationship": "Outer", "Join Type": "Inner", "Startup Cost": 3010140641964.01, "Total Cost": 3974648925523.08, "Plan Rows": 466965, "Plan Width": 13, "Inner Unique": true, "Merge Cond": "(ci.person_id = n.id)", "Plans": [{"Node Type": "Sort", "Parent Relationship": "Outer", "Startup Cost": 3000140641963.95, "Total Cost": 3000140642918.23, "Plan Rows": 381713, "Plan Width": 17, "Sort Key": ["ci.person_id"], "Plans": [{"Node Type": "Merge Join", "Parent Relationship": "Outer", "Join Type": "Inner", "Startup Cost": 2010001865471.59, "Total Cost": 3000140606575.09, "Plan Rows": 381713, "Plan Width": 17, "Inner Unique": false, "Merge Cond": "(ci.movie_id = mi_idx.movie_id)", "Plans": [{"Node Type": "Index Scan", "Parent Relationship": "Outer", "Scan Direction": "Forward", "Index Name": "movie_id_cast_info", "Relation Name": "cast_info", "Alias": "ci", "Startup Cost": 10000000000.0, "Total Cost": 1000228594573.05, "Plan Rows": 1223154, "Plan Width": 8, "Filter": "((note)::text = ANY ('{(writer),\"(head writer)\",\"(written by)\",(story),\"(story editor)\"}'::text[]))"}, {"Node Type": "Sort", "Parent Relationship": "Inner", "Startup Cost": 2000001865471.58, "Total Cost": 2000001866334.1, "Plan Rows": 345008, "Plan Width": 9, "Sort Key": ["mi_idx.movie_id"], "Plans": [{"Node Type": "Nested Loop", "Parent Relationship": "Outer", "Join Type": "Inner", "Startup Cost": 20000007502.06, "Total Cost": 2000001833737.28, "Plan Rows": 345008, "Plan Width": 9, "Inner Unique": false, "Plans": [{"Node Type": "Index Scan", "Parent Relationship": "Outer", "Scan Direction": "Forward", "Index Name": "info_type_pkey", "Relation Name": "info_type", "Alias": "it2", "Startup Cost": 10000000000.0, "Total Cost": 1000000001421.0, "Plan Rows": 1, "Plan Width": 4, "Filter": "((info)::text = 'votes'::text)"}, {"Node Type": "Bitmap Heap Scan", "Parent Relationship": "Inner", "Relation Name": "movie_info_idx", "Alias": "mi_idx", "Startup Cost": 10000007502.06, "Total Cost": 1000001828866.2, "Plan Rows": 345008, "Plan Width": 13, "Recheck Cond": "(info_type_id = it2.id), (LLVM Optimized)", "Plans": [{"Node Type": "Bitmap Index Scan", "Parent Relationship": "Outer", "Index Name": "info_type_id_movie_info_idx", "Startup Cost": 0.0, "Total Cost": 7415.81, "Plan Rows": 345008, "Plan Width": 0, "Index Cond": "(info_type_id = it2.id)"}]}]}]}]}]}, {"Node Type": "Index Scan", "Parent Relationship": "Inner", "Scan Direction": "Forward", "Index Name": "name_pkey", "Relation Name": "name", "Alias": "n", "Startup Cost": 10000000000.0, "Total Cost": 1000018665147.2, "Plan Rows": 1740714, "Plan Width": 4, "Filter": "((gender)::text = 'm'::text), (LLVM Optimized)"}]}]}]}]}, {"Node Type": "Materialize", "Parent Relationship": "Inner", "Startup Cost": 10000000000.0, "Total Cost": 1000000001421.0, "Plan Rows": 1, "Plan Width": 4, "Plans": [{"Node Type": "Index Scan", "Parent Relationship": "Outer", "Scan Direction": "Forward", "Index Name": "info_type_pkey", "Relation Name": "info_type", "Alias": "it1", "Startup Cost": 10000000000.0, "Total Cost": 1000000001421.0, "Plan Rows": 1, "Plan Width": 4, "Filter": "((info)::text = 'genres'::text)"}]}]}]}, "Unique SQL Id": 3913857139, "Planner Runtime": 68}, "explain_analyze_plan": null}, "(1, 96)": {"explain_plan": {"Plan": {"Node Type": "Aggregate", "Strategy": "Plain", "Startup Cost": 169719.32, "Total Cost": 169719.33, "Plan Rows": 1, "Plan Width": 160, "Plans": [{"Node Type": "Nested Loop", "Parent Relationship": "Outer", "Join Type": "Inner", "Startup Cost": 4842.14, "Total Cost": 169708.72, "Plan Rows": 1413, "Plan Width": 64, "Inner Unique": true, "Plans": [{"Node Type": "Nested Loop", "Parent Relationship": "Outer", "Join Type": "Inner", "Startup Cost": 4842.14, "Total Cost": 169129.45, "Plan Rows": 1155, "Plan Width": 68, "Inner Unique": false, "Plans": [{"Node Type": "Nested Loop", "Parent Relationship": "Outer", "Join Type": "Inner", "Startup Cost": 4842.14, "Total Cost": 168067.82, "Plan Rows": 1044, "Plan Width": 76, "Inner Unique": true, "Join Filter": "(mi.movie_id = t.id)", "Plans": [{"Node Type": "Nested Loop", "Parent Relationship": "Outer", "Join Type": "Inner", "Startup Cost": 4842.14, "Total Cost": 167639.63, "Plan Rows": 1044, "Plan Width": 55, "Inner Unique": true, "Plans": [{"Node Type": "Nested Loop", "Parent Relationship": "Outer", "Join Type": "Inner", "Startup Cost": 4842.14, "Total Cost": 166460.15, "Plan Rows": 4175, "Plan Width": 59, "Inner Unique": false, "Plans": [{"Node Type": "Nested Loop", "Parent Relationship": "Outer", "Join Type": "Inner", "Startup Cost": 4842.14, "Total Cost": 164972.1, "Plan Rows": 2717, "Plan Width": 46, "Inner Unique": false, "Plans": [{"Node Type": "Seq Scan", "Parent Relationship": "Outer", "Relation Name": "info_type", "Alias": "it1", "Startup Cost": 0.0, "Total Cost": 2.4, "Plan Rows": 1, "Plan Width": 4, "Filter": "((info)::text = 'genres'::text)"}, {"Node Type": "Bitmap Heap Scan", "Parent Relationship": "Inner", "Relation Name": "movie_info", "Alias": "mi", "Startup Cost": 4842.14, "Total Cost": 164942.53, "Plan Rows": 2717, "Plan Width": 50, "Recheck Cond": "(info_type_id = it1.id)", "Filter": "((info)::text = ANY ('{Horror,Action,Sci-Fi,Thriller,Crime,War}'::text[]))", "Plans": [{"Node Type": "Bitmap Index Scan", "Parent Relationship": "Outer", "Index Name": "info_type_id_movie_info", "Startup Cost": 0.0, "Total Cost": 4841.46, "Plan Rows": 212428, "Plan Width": 0, "Index Cond": "(info_type_id = it1.id)"}]}]}, {"Node Type": "Index Scan", "Parent Relationship": "Inner", "Scan Direction": "Forward", "Index Name": "movie_id_movie_info_idx", "Relation Name": "movie_info_idx", "Alias": "mi_idx", "Startup Cost": 0.0, "Total Cost": 0.53, "Plan Rows": 2, "Plan Width": 13, "Index Cond": "(movie_id = mi.movie_id)"}]}, {"Node Type": "Index Scan", "Parent Relationship": "Inner", "Scan Direction": "Forward", "Index Name": "info_type_pkey", "Relation Name": "info_type", "Alias": "it2", "Startup Cost": 0.0, "Total Cost": 0.27, "Plan Rows": 1, "Plan Width": 4, "Index Cond": "(id = mi_idx.info_type_id)", "Filter": "((info)::text = 'votes'::text)"}]}, {"Node Type": "Index Scan", "Parent Relationship": "Inner", "Scan Direction": "Forward", "Index Name": "title_pkey", "Relation Name": "title", "Alias": "t", "Startup Cost": 0.0, "Total Cost": 0.4, "Plan Rows": 1, "Plan Width": 21, "Index Cond": "(id = mi_idx.movie_id)"}]}, {"Node Type": "Index Scan", "Parent Relationship": "Inner", "Scan Direction": "Forward", "Index Name": "movie_id_cast_info", "Relation Name": "cast_info", "Alias": "ci", "Startup Cost": 0.0, "Total Cost": 1.01, "Plan Rows": 1, "Plan Width": 8, "Index Cond": "(movie_id = t.id)", "Filter": "((note)::text = ANY ('{(writer),\"(head writer)\",\"(written by)\",(story),\"(story editor)\"}'::text[]))"}]}, {"Node Type": "Index Scan", "Parent Relationship": "Inner", "Scan Direction": "Forward", "Index Name": "name_pkey", "Relation Name": "name", "Alias": "n", "Startup Cost": 0.0, "Total Cost": 0.49, "Plan Rows": 1, "Plan Width": 4, "Index Cond": "(id = ci.person_id)", "Filter": "((gender)::text = 'm'::text)"}]}]}, "Unique SQL Id": 3913857139, "Planner Runtime": 11}, "explain_analyze_plan": {"Plan": {"Node Type": "Aggregate", "Strategy": "Plain", "Startup Cost": 169719.32, "Total Cost": 169719.33, "Plan Rows": 1, "Plan Width": 160, "Actual Startup Time": 12425.201, "Actual Total Time": 12425.201, "Actual Rows": 1, "Actual Loops": 1, "Plans": [{"Node Type": "Nested Loop", "Parent Relationship": "Outer", "Join Type": "Inner", "Startup Cost": 4842.14, "Total Cost": 169708.72, "Plan Rows": 1413, "Plan Width": 64, "Actual Startup Time": 182.508, "Actual Total Time": 12386.605, "Actual Rows": 28073, "Actual Loops": 1, "Inner Unique": true, "Plans": [{"Node Type": "Nested Loop", "Parent Relationship": "Outer", "Join Type": "Inner", "Startup Cost": 4842.14, "Total Cost": 169129.45, "Plan Rows": 1155, "Plan Width": 68, "Actual Startup Time": 180.067, "Actual Total Time": 11975.337, "Actual Rows": 54155, "Actual Loops": 1, "Inner Unique": false, "Plans": [{"Node Type": "Nested Loop", "Parent Relationship": "Outer", "Join Type": "Inner", "Startup Cost": 4842.14, "Total Cost": 168067.82, "Plan Rows": 1044, "Plan Width": 76, "Actual Startup Time": 177.132, "Actual Total Time": 3352.359, "Actual Rows": 102516, "Actual Loops": 1, "Inner Unique": true, "Join Filter": "(mi.movie_id = t.id)", "Rows Removed by Join Filter": 0, "Plans": [{"Node Type": "Nested Loop", "Parent Relationship": "Outer", "Join Type": "Inner", "Startup Cost": 4842.14, "Total Cost": 167639.63, "Plan Rows": 1044, "Plan Width": 55, "Actual Startup Time": 177.112, "Actual Total Time": 2799.396, "Actual Rows": 102516, "Actual Loops": 1, "Inner Unique": true, "Plans": [{"Node Type": "Nested Loop", "Parent Relationship": "Outer", "Join Type": "Inner", "Startup Cost": 4842.14, "Total Cost": 166460.15, "Plan Rows": 4175, "Plan Width": 59, "Actual Startup Time": 177.089, "Actual Total Time": 2010.966, "Actual Rows": 307785, "Actual Loops": 1, "Inner Unique": false, "Plans": [{"Node Type": "Nested Loop", "Parent Relationship": "Outer", "Join Type": "Inner", "Startup Cost": 4842.14, "Total Cost": 164972.1, "Plan Rows": 2717, "Plan Width": 46, "Actual Startup Time": 177.055, "Actual Total Time": 1166.017, "Actual Rows": 186594, "Actual Loops": 1, "Inner Unique": false, "Plans": [{"Node Type": "Seq Scan", "Parent Relationship": "Outer", "Relation Name": "info_type", "Alias": "it1", "Startup Cost": 0.0, "Total Cost": 2.4, "Plan Rows": 1, "Plan Width": 4, "Actual Startup Time": 0.039, "Actual Total Time": 0.079, "Actual Rows": 1, "Actual Loops": 1, "Filter": "((info)::text = 'genres'::text)", "Rows Removed by Filter": 111}, {"Node Type": "Bitmap Heap Scan", "Parent Relationship": "Inner", "Relation Name": "movie_info", "Alias": "mi", "Startup Cost": 4842.14, "Total Cost": 164942.53, "Plan Rows": 2717, "Plan Width": 50, "Actual Startup Time": 177.011, "Actual Total Time": 1121.209, "Actual Rows": 186594, "Actual Loops": 1, "Recheck Cond": "(info_type_id = it1.id)", "Rows Removed by Index Recheck": 0, "Filter": "((info)::text = ANY ('{Horror,Action,Sci-Fi,Thriller,Crime,War}'::text[]))", "Rows Removed by Filter": 1347315, "Exact Heap Blocks": 7426, "Lossy Heap Blocks": 7426, "Plans": [{"Node Type": "Bitmap Index Scan", "Parent Relationship": "Outer", "Index Name": "info_type_id_movie_info", "Startup Cost": 0.0, "Total Cost": 4841.46, "Plan Rows": 212428, "Plan Width": 0, "Actual Startup Time": 175.597, "Actual Total Time": 175.597, "Actual Rows": 1533909, "Actual Loops": 1, "Index Cond": "(info_type_id = it1.id)"}]}]}, {"Node Type": "Index Scan", "Parent Relationship": "Inner", "Scan Direction": "Forward", "Index Name": "movie_id_movie_info_idx", "Relation Name": "movie_info_idx", "Alias": "mi_idx", "Startup Cost": 0.0, "Total Cost": 0.53, "Plan Rows": 2, "Plan Width": 13, "Actual Startup Time": 550.327, "Actual Total Time": 673.543, "Actual Rows": 307785, "Actual Loops": 186594, "Index Cond": "(movie_id = mi.movie_id)", "Rows Removed by Index Recheck": 0}]}, {"Node Type": "Index Scan", "Parent Relationship": "Inner", "Scan Direction": "Forward", "Index Name": "info_type_pkey", "Relation Name": "info_type", "Alias": "it2", "Startup Cost": 0.0, "Total Cost": 0.27, "Plan Rows": 1, "Plan Width": 4, "Actual Startup Time": 601.71, "Actual Total Time": 601.71, "Actual Rows": 102516, "Actual Loops": 307785, "Index Cond": "(id = mi_idx.info_type_id)", "Rows Removed by Index Recheck": 0, "Filter": "((info)::text = 'votes'::text)", "Rows Removed by Filter": 205269}]}, {"Node Type": "Index Scan", "Parent Relationship": "Inner", "Scan Direction": "Forward", "Index Name": "title_pkey", "Relation Name": "title", "Alias": "t", "Startup Cost": 0.0, "Total Cost": 0.4, "Plan Rows": 1, "Plan Width": 21, "Actual Startup Time": 435.608, "Actual Total Time": 435.608, "Actual Rows": 102516, "Actual Loops": 102516, "Index Cond": "(id = mi_idx.movie_id)", "Rows Removed by Index Recheck": 0}]}, {"Node Type": "Index Scan", "Parent Relationship": "Inner", "Scan Direction": "Forward", "Index Name": "movie_id_cast_info", "Relation Name": "cast_info", "Alias": "ci", "Startup Cost": 0.0, "Total Cost": 1.01, "Plan Rows": 1, "Plan Width": 8, "Actual Startup Time": 7291.279, "Actual Total Time": 8553.839, "Actual Rows": 54155, "Actual Loops": 102516, "Index Cond": "(movie_id = t.id)", "Rows Removed by Index Recheck": 0, "Filter": "((note)::text = ANY ('{(writer),\"(head writer)\",\"(written by)\",(story),\"(story editor)\"}'::text[]))", "Rows Removed by Filter": 3987641}]}, {"Node Type": "Index Scan", "Parent Relationship": "Inner", "Scan Direction": "Forward", "Index Name": "name_pkey", "Relation Name": "name", "Alias": "n", "Startup Cost": 0.0, "Total Cost": 0.49, "Plan Rows": 1, "Plan Width": 4, "Actual Startup Time": 364.602, "Actual Total Time": 364.602, "Actual Rows": 28073, "Actual Loops": 54155, "Index Cond": "(id = ci.person_id)", "Rows Removed by Index Recheck": 0, "Filter": "((gender)::text = 'm'::text)", "Rows Removed by Filter": 26082}]}]}, "Triggers": [], "Planner Runtime": 11, "Total Runtime": 12425.55, "Unique SQL Id": 3913857139}}, "(1, 97)": {"explain_plan": {"Plan": {"Node Type": "Aggregate", "Strategy": "Plain", "Startup Cost": 169731.13, "Total Cost": 169731.14, "Plan Rows": 1, "Plan Width": 160, "Plans": [{"Node Type": "Nested Loop", "Parent Relationship": "Outer", "Join Type": "Inner", "Startup Cost": 4842.14, "Total Cost": 169720.53, "Plan Rows": 1413, "Plan Width": 64, "Inner Unique": true, "Plans": [{"Node Type": "Nested Loop", "Parent Relationship": "Outer", "Join Type": "Inner", "Startup Cost": 4842.14, "Total Cost": 169141.26, "Plan Rows": 1155, "Plan Width": 68, "Inner Unique": false, "Plans": [{"Node Type": "Nested Loop", "Parent Relationship": "Outer", "Join Type": "Inner", "Startup Cost": 4842.14, "Total Cost": 168079.63, "Plan Rows": 1044, "Plan Width": 76, "Inner Unique": true, "Join Filter": "(mi.movie_id = t.id)", "Plans": [{"Node Type": "Nested Loop", "Parent Relationship": "Outer", "Join Type": "Inner", "Startup Cost": 4842.14, "Total Cost": 167651.44, "Plan Rows": 1044, "Plan Width": 55, "Inner Unique": true, "Plans": [{"Node Type": "Nested Loop", "Parent Relationship": "Outer", "Join Type": "Inner", "Startup Cost": 4842.14, "Total Cost": 166471.96, "Plan Rows": 4175, "Plan Width": 59, "Inner Unique": false, "Plans": [{"Node Type": "Nested Loop", "Parent Relationship": "Outer", "Join Type": "Inner", "Startup Cost": 4842.14, "Total Cost": 164983.91, "Plan Rows": 2717, "Plan Width": 46, "Inner Unique": false, "Plans": [{"Node Type": "Index Scan", "Parent Relationship": "Outer", "Scan Direction": "Forward", "Index Name": "info_type_pkey", "Relation Name": "info_type", "Alias": "it1", "Startup Cost": 0.0, "Total Cost": 14.21, "Plan Rows": 1, "Plan Width": 4, "Filter": "((info)::text = 'genres'::text)"}, {"Node Type": "Bitmap Heap Scan", "Parent Relationship": "Inner", "Relation Name": "movie_info", "Alias": "mi", "Startup Cost": 4842.14, "Total Cost": 164942.53, "Plan Rows": 2717, "Plan Width": 50, "Recheck Cond": "(info_type_id = it1.id)", "Filter": "((info)::text = ANY ('{Horror,Action,Sci-Fi,Thriller,Crime,War}'::text[]))", "Plans": [{"Node Type": "Bitmap Index Scan", "Parent Relationship": "Outer", "Index Name": "info_type_id_movie_info", "Startup Cost": 0.0, "Total Cost": 4841.46, "Plan Rows": 212428, "Plan Width": 0, "Index Cond": "(info_type_id = it1.id)"}]}]}, {"Node Type": "Index Scan", "Parent Relationship": "Inner", "Scan Direction": "Forward", "Index Name": "movie_id_movie_info_idx", "Relation Name": "movie_info_idx", "Alias": "mi_idx", "Startup Cost": 0.0, "Total Cost": 0.53, "Plan Rows": 2, "Plan Width": 13, "Index Cond": "(movie_id = mi.movie_id)"}]}, {"Node Type": "Index Scan", "Parent Relationship": "Inner", "Scan Direction": "Forward", "Index Name": "info_type_pkey", "Relation Name": "info_type", "Alias": "it2", "Startup Cost": 0.0, "Total Cost": 0.27, "Plan Rows": 1, "Plan Width": 4, "Index Cond": "(id = mi_idx.info_type_id)", "Filter": "((info)::text = 'votes'::text)"}]}, {"Node Type": "Index Scan", "Parent Relationship": "Inner", "Scan Direction": "Forward", "Index Name": "title_pkey", "Relation Name": "title", "Alias": "t", "Startup Cost": 0.0, "Total Cost": 0.4, "Plan Rows": 1, "Plan Width": 21, "Index Cond": "(id = mi_idx.movie_id)"}]}, {"Node Type": "Index Scan", "Parent Relationship": "Inner", "Scan Direction": "Forward", "Index Name": "movie_id_cast_info", "Relation Name": "cast_info", "Alias": "ci", "Startup Cost": 0.0, "Total Cost": 1.01, "Plan Rows": 1, "Plan Width": 8, "Index Cond": "(movie_id = t.id)", "Filter": "((note)::text = ANY ('{(writer),\"(head writer)\",\"(written by)\",(story),\"(story editor)\"}'::text[]))"}]}, {"Node Type": "Index Scan", "Parent Relationship": "Inner", "Scan Direction": "Forward", "Index Name": "name_pkey", "Relation Name": "name", "Alias": "n", "Startup Cost": 0.0, "Total Cost": 0.49, "Plan Rows": 1, "Plan Width": 4, "Index Cond": "(id = ci.person_id)", "Filter": "((gender)::text = 'm'::text)"}]}]}, "Unique SQL Id": 3913857139, "Planner Runtime": 8}, "explain_analyze_plan": {"Plan": {"Node Type": "Aggregate", "Strategy": "Plain", "Startup Cost": 169731.13, "Total Cost": 169731.14, "Plan Rows": 1, "Plan Width": 160, "Actual Startup Time": 12567.339, "Actual Total Time": 12567.34, "Actual Rows": 1, "Actual Loops": 1, "Plans": [{"Node Type": "Nested Loop", "Parent Relationship": "Outer", "Join Type": "Inner", "Startup Cost": 4842.14, "Total Cost": 169720.53, "Plan Rows": 1413, "Plan Width": 64, "Actual Startup Time": 180.697, "Actual Total Time": 12528.919, "Actual Rows": 28073, "Actual Loops": 1, "Inner Unique": true, "Plans": [{"Node Type": "Nested Loop", "Parent Relationship": "Outer", "Join Type": "Inner", "Startup Cost": 4842.14, "Total Cost": 169141.26, "Plan Rows": 1155, "Plan Width": 68, "Actual Startup Time": 178.273, "Actual Total Time": 12109.988, "Actual Rows": 54155, "Actual Loops": 1, "Inner Unique": false, "Plans": [{"Node Type": "Nested Loop", "Parent Relationship": "Outer", "Join Type": "Inner", "Startup Cost": 4842.14, "Total Cost": 168079.63, "Plan Rows": 1044, "Plan Width": 76, "Actual Startup Time": 175.364, "Actual Total Time": 3322.24, "Actual Rows": 102516, "Actual Loops": 1, "Inner Unique": true, "Join Filter": "(mi.movie_id = t.id)", "Rows Removed by Join Filter": 0, "Plans": [{"Node Type": "Nested Loop", "Parent Relationship": "Outer", "Join Type": "Inner", "Startup Cost": 4842.14, "Total Cost": 167651.44, "Plan Rows": 1044, "Plan Width": 55, "Actual Startup Time": 175.345, "Actual Total Time": 2761.703, "Actual Rows": 102516, "Actual Loops": 1, "Inner Unique": true, "Plans": [{"Node Type": "Nested Loop", "Parent Relationship": "Outer", "Join Type": "Inner", "Startup Cost": 4842.14, "Total Cost": 166471.96, "Plan Rows": 4175, "Plan Width": 59, "Actual Startup Time": 175.323, "Actual Total Time": 2018.91, "Actual Rows": 307785, "Actual Loops": 1, "Inner Unique": false, "Plans": [{"Node Type": "Nested Loop", "Parent Relationship": "Outer", "Join Type": "Inner", "Startup Cost": 4842.14, "Total Cost": 164983.91, "Plan Rows": 2717, "Plan Width": 46, "Actual Startup Time": 175.291, "Actual Total Time": 1167.34, "Actual Rows": 186594, "Actual Loops": 1, "Inner Unique": false, "Plans": [{"Node Type": "Index Scan", "Parent Relationship": "Outer", "Scan Direction": "Forward", "Index Name": "info_type_pkey", "Relation Name": "info_type", "Alias": "it1", "Startup Cost": 0.0, "Total Cost": 14.21, "Plan Rows": 1, "Plan Width": 4, "Actual Startup Time": 0.021, "Actual Total Time": 0.08, "Actual Rows": 1, "Actual Loops": 1, "Filter": "((info)::text = 'genres'::text)", "Rows Removed by Filter": 111}, {"Node Type": "Bitmap Heap Scan", "Parent Relationship": "Inner", "Relation Name": "movie_info", "Alias": "mi", "Startup Cost": 4842.14, "Total Cost": 164942.53, "Plan Rows": 2717, "Plan Width": 50, "Actual Startup Time": 175.265, "Actual Total Time": 1120.729, "Actual Rows": 186594, "Actual Loops": 1, "Recheck Cond": "(info_type_id = it1.id)", "Rows Removed by Index Recheck": 0, "Filter": "((info)::text = ANY ('{Horror,Action,Sci-Fi,Thriller,Crime,War}'::text[]))", "Rows Removed by Filter": 1347315, "Exact Heap Blocks": 7426, "Lossy Heap Blocks": 7426, "Plans": [{"Node Type": "Bitmap Index Scan", "Parent Relationship": "Outer", "Index Name": "info_type_id_movie_info", "Startup Cost": 0.0, "Total Cost": 4841.46, "Plan Rows": 212428, "Plan Width": 0, "Actual Startup Time": 173.882, "Actual Total Time": 173.882, "Actual Rows": 1533909, "Actual Loops": 1, "Index Cond": "(info_type_id = it1.id)"}]}]}, {"Node Type": "Index Scan", "Parent Relationship": "Inner", "Scan Direction": "Forward", "Index Name": "movie_id_movie_info_idx", "Relation Name": "movie_info_idx", "Alias": "mi_idx", "Startup Cost": 0.0, "Total Cost": 0.53, "Plan Rows": 2, "Plan Width": 13, "Actual Startup Time": 552.595, "Actual Total Time": 678.362, "Actual Rows": 307785, "Actual Loops": 186594, "Index Cond": "(movie_id = mi.movie_id)", "Rows Removed by Index Recheck": 0}]}, {"Node Type": "Index Scan", "Parent Relationship": "Inner", "Scan Direction": "Forward", "Index Name": "info_type_pkey", "Relation Name": "info_type", "Alias": "it2", "Startup Cost": 0.0, "Total Cost": 0.27, "Plan Rows": 1, "Plan Width": 4, "Actual Startup Time": 562.404, "Actual Total Time": 562.404, "Actual Rows": 102516, "Actual Loops": 307785, "Index Cond": "(id = mi_idx.info_type_id)", "Rows Removed by Index Recheck": 0, "Filter": "((info)::text = 'votes'::text)", "Rows Removed by Filter": 205269}]}, {"Node Type": "Index Scan", "Parent Relationship": "Inner", "Scan Direction": "Forward", "Index Name": "title_pkey", "Relation Name": "title", "Alias": "t", "Startup Cost": 0.0, "Total Cost": 0.4, "Plan Rows": 1, "Plan Width": 21, "Actual Startup Time": 443.764, "Actual Total Time": 443.764, "Actual Rows": 102516, "Actual Loops": 102516, "Index Cond": "(id = mi_idx.movie_id)", "Rows Removed by Index Recheck": 0}]}, {"Node Type": "Index Scan", "Parent Relationship": "Inner", "Scan Direction": "Forward", "Index Name": "movie_id_cast_info", "Relation Name": "cast_info", "Alias": "ci", "Startup Cost": 0.0, "Total Cost": 1.01, "Plan Rows": 1, "Plan Width": 8, "Actual Startup Time": 7427.434, "Actual Total Time": 8715.582, "Actual Rows": 54155, "Actual Loops": 102516, "Index Cond": "(movie_id = t.id)", "Rows Removed by Index Recheck": 0, "Filter": "((note)::text = ANY ('{(writer),\"(head writer)\",\"(written by)\",(story),\"(story editor)\"}'::text[]))", "Rows Removed by Filter": 3987641}]}, {"Node Type": "Index Scan", "Parent Relationship": "Inner", "Scan Direction": "Forward", "Index Name": "name_pkey", "Relation Name": "name", "Alias": "n", "Startup Cost": 0.0, "Total Cost": 0.49, "Plan Rows": 1, "Plan Width": 4, "Actual Startup Time": 372.109, "Actual Total Time": 372.109, "Actual Rows": 28073, "Actual Loops": 54155, "Index Cond": "(id = ci.person_id)", "Rows Removed by Index Recheck": 0, "Filter": "((gender)::text = 'm'::text)", "Rows Removed by Filter": 26082}]}]}, "Triggers": [], "Planner Runtime": 8, "Total Runtime": 12567.631, "Unique SQL Id": 3913857139}}, "(1, 98)": {"explain_plan": {"Plan": {"Node Type": "Aggregate", "Strategy": "Plain", "Startup Cost": 191340.73, "Total Cost": 191340.74, "Plan Rows": 1, "Plan Width": 160, "Plans": [{"Node Type": "Nested Loop", "Parent Relationship": "Outer", "Join Type": "Inner", "Startup Cost": 4846.03, "Total Cost": 191330.13, "Plan Rows": 1413, "Plan Width": 64, "Inner Unique": true, "Plans": [{"Node Type": "Nested Loop", "Parent Relationship": "Outer", "Join Type": "Inner", "Startup Cost": 4845.72, "Total Cost": 186324.71, "Plan Rows": 1155, "Plan Width": 68, "Inner Unique": false, "Plans": [{"Node Type": "Nested Loop", "Parent Relationship": "Outer", "Join Type": "Inner", "Startup Cost": 4845.2, "Total Cost": 181482.04, "Plan Rows": 1044, "Plan Width": 76, "Inner Unique": true, "Join Filter": "(mi.movie_id = t.id)", "Plans": [{"Node Type": "Hash Join", "Parent Relationship": "Outer", "Join Type": "Inner", "Startup Cost": 4844.92, "Total Cost": 176982.85, "Plan Rows": 1044, "Plan Width": 55, "Inner Unique": true, "Hash Cond": "(mi_idx.info_type_id = it2.id)", "Plans": [{"Node Type": "Nested Loop", "Parent Relationship": "Outer", "Join Type": "Inner", "Startup Cost": 4842.51, "Total Cost": 176959.53, "Plan Rows": 4175, "Plan Width": 59, "Inner Unique": false, "Plans": [{"Node Type": "Nested Loop", "Parent Relationship": "Outer", "Join Type": "Inner", "Startup Cost": 4842.14, "Total Cost": 164972.1, "Plan Rows": 2717, "Plan Width": 46, "Inner Unique": false, "Plans": [{"Node Type": "Seq Scan", "Parent Relationship": "Outer", "Relation Name": "info_type", "Alias": "it1", "Startup Cost": 0.0, "Total Cost": 2.4, "Plan Rows": 1, "Plan Width": 4, "Filter": "((info)::text = 'genres'::text)"}, {"Node Type": "Bitmap Heap Scan", "Parent Relationship": "Inner", "Relation Name": "movie_info", "Alias": "mi", "Startup Cost": 4842.14, "Total Cost": 164942.53, "Plan Rows": 2717, "Plan Width": 50, "Recheck Cond": "(info_type_id = it1.id)", "Filter": "((info)::text = ANY ('{Horror,Action,Sci-Fi,Thriller,Crime,War}'::text[]))", "Plans": [{"Node Type": "Bitmap Index Scan", "Parent Relationship": "Outer", "Index Name": "info_type_id_movie_info", "Startup Cost": 0.0, "Total Cost": 4841.46, "Plan Rows": 212428, "Plan Width": 0, "Index Cond": "(info_type_id = it1.id)"}]}]}, {"Node Type": "Bitmap Heap Scan", "Parent Relationship": "Inner", "Relation Name": "movie_info_idx", "Alias": "mi_idx", "Startup Cost": 0.37, "Total Cost": 4.39, "Plan Rows": 2, "Plan Width": 13, "Recheck Cond": "(movie_id = mi.movie_id)", "Plans": [{"Node Type": "Bitmap Index Scan", "Parent Relationship": "Outer", "Index Name": "movie_id_movie_info_idx", "Startup Cost": 0.0, "Total Cost": 0.37, "Plan Rows": 2, "Plan Width": 0, "Index Cond": "(movie_id = mi.movie_id)"}]}]}, {"Node Type": "Hash", "Parent Relationship": "Inner", "Startup Cost": 2.4, "Total Cost": 2.4, "Plan Rows": 1, "Plan Width": 4, "Plans": [{"Node Type": "Seq Scan", "Parent Relationship": "Outer", "Relation Name": "info_type", "Alias": "it2", "Startup Cost": 0.0, "Total Cost": 2.4, "Plan Rows": 1, "Plan Width": 4, "Filter": "((info)::text = 'votes'::text)"}]}]}, {"Node Type": "Bitmap Heap Scan", "Parent Relationship": "Inner", "Relation Name": "title", "Alias": "t", "Startup Cost": 0.28, "Total Cost": 4.3, "Plan Rows": 1, "Plan Width": 21, "Recheck Cond": "(id = mi_idx.movie_id)", "Plans": [{"Node Type": "Bitmap Index Scan", "Parent Relationship": "Outer", "Index Name": "title_pkey", "Startup Cost": 0.0, "Total Cost": 0.28, "Plan Rows": 1, "Plan Width": 0, "Index Cond": "(id = mi_idx.movie_id)"}]}]}, {"Node Type": "Bitmap Heap Scan", "Parent Relationship": "Inner", "Relation Name": "cast_info", "Alias": "ci", "Startup Cost": 0.52, "Total Cost": 4.63, "Plan Rows": 1, "Plan Width": 8, "Recheck Cond": "(movie_id = t.id)", "Filter": "((note)::text = ANY ('{(writer),\"(head writer)\",\"(written by)\",(story),\"(story editor)\"}'::text[]))", "Plans": [{"Node Type": "Bitmap Index Scan", "Parent Relationship": "Outer", "Index Name": "movie_id_cast_info", "Startup Cost": 0.0, "Total Cost": 0.52, "Plan Rows": 6, "Plan Width": 0, "Index Cond": "(movie_id = t.id)"}]}]}, {"Node Type": "Bitmap Heap Scan", "Parent Relationship": "Inner", "Relation Name": "name", "Alias": "n", "Startup Cost": 0.31, "Total Cost": 4.32, "Plan Rows": 1, "Plan Width": 4, "Recheck Cond": "(id = ci.person_id)", "Filter": "((gender)::text = 'm'::text)", "Plans": [{"Node Type": "Bitmap Index Scan", "Parent Relationship": "Outer", "Index Name": "name_pkey", "Startup Cost": 0.0, "Total Cost": 0.31, "Plan Rows": 1, "Plan Width": 0, "Index Cond": "(id = ci.person_id)"}]}]}]}, "Unique SQL Id": 3913857139, "Planner Runtime": 18}, "explain_analyze_plan": {"Plan": {"Node Type": "Aggregate", "Strategy": "Plain", "Startup Cost": 191340.73, "Total Cost": 191340.74, "Plan Rows": 1, "Plan Width": 160, "Actual Startup Time": 14202.756, "Actual Total Time": 14202.757, "Actual Rows": 1, "Actual Loops": 1, "Plans": [{"Node Type": "Nested Loop", "Parent Relationship": "Outer", "Join Type": "Inner", "Startup Cost": 4846.03, "Total Cost": 191330.13, "Plan Rows": 1413, "Plan Width": 64, "Actual Startup Time": 177.661, "Actual Total Time": 14155.749, "Actual Rows": 28073, "Actual Loops": 1, "Inner Unique": true, "Plans": [{"Node Type": "Nested Loop", "Parent Relationship": "Outer", "Join Type": "Inner", "Startup Cost": 4845.72, "Total Cost": 186324.71, "Plan Rows": 1155, "Plan Width": 68, "Actual Startup Time": 174.971, "Actual Total Time": 13639.858, "Actual Rows": 54155, "Actual Loops": 1, "Inner Unique": false, "Plans": [{"Node Type": "Nested Loop", "Parent Relationship": "Outer", "Join Type": "Inner", "Startup Cost": 4845.2, "Total Cost": 181482.04, "Plan Rows": 1044, "Plan Width": 76, "Actual Startup Time": 171.853, "Actual Total Time": 3115.458, "Actual Rows": 102516, "Actual Loops": 1, "Inner Unique": true, "Join Filter": "(mi.movie_id = t.id)", "Rows Removed by Join Filter": 0, "Plans": [{"Node Type": "Hash Join", "Parent Relationship": "Outer", "Join Type": "Inner", "Startup Cost": 4844.92, "Total Cost": 176982.85, "Plan Rows": 1044, "Plan Width": 55, "Actual Startup Time": 171.825, "Actual Total Time": 2381.582, "Actual Rows": 102516, "Actual Loops": 1, "Inner Unique": true, "Hash Cond": "(mi_idx.info_type_id = it2.id)", "Plans": [{"Node Type": "Nested Loop", "Parent Relationship": "Outer", "Join Type": "Inner", "Startup Cost": 4842.51, "Total Cost": 176959.53, "Plan Rows": 4175, "Plan Width": 59, "Actual Startup Time": 171.711, "Actual Total Time": 2268.839, "Actual Rows": 307785, "Actual Loops": 1, "Inner Unique": false, "Plans": [{"Node Type": "Nested Loop", "Parent Relationship": "Outer", "Join Type": "Inner", "Startup Cost": 4842.14, "Total Cost": 164972.1, "Plan Rows": 2717, "Plan Width": 46, "Actual Startup Time": 171.667, "Actual Total Time": 1159.013, "Actual Rows": 186594, "Actual Loops": 1, "Inner Unique": false, "Plans": [{"Node Type": "Seq Scan", "Parent Relationship": "Outer", "Relation Name": "info_type", "Alias": "it1", "Startup Cost": 0.0, "Total Cost": 2.4, "Plan Rows": 1, "Plan Width": 4, "Actual Startup Time": 0.02, "Actual Total Time": 0.054, "Actual Rows": 1, "Actual Loops": 1, "Filter": "((info)::text = 'genres'::text)", "Rows Removed by Filter": 111}, {"Node Type": "Bitmap Heap Scan", "Parent Relationship": "Inner", "Relation Name": "movie_info", "Alias": "mi", "Startup Cost": 4842.14, "Total Cost": 164942.53, "Plan Rows": 2717, "Plan Width": 50, "Actual Startup Time": 171.642, "Actual Total Time": 1114.782, "Actual Rows": 186594, "Actual Loops": 1, "Recheck Cond": "(info_type_id = it1.id)", "Rows Removed by Index Recheck": 0, "Filter": "((info)::text = ANY ('{Horror,Action,Sci-Fi,Thriller,Crime,War}'::text[]))", "Rows Removed by Filter": 1347315, "Exact Heap Blocks": 7426, "Lossy Heap Blocks": 7426, "Plans": [{"Node Type": "Bitmap Index Scan", "Parent Relationship": "Outer", "Index Name": "info_type_id_movie_info", "Startup Cost": 0.0, "Total Cost": 4841.46, "Plan Rows": 212428, "Plan Width": 0, "Actual Startup Time": 170.245, "Actual Total Time": 170.245, "Actual Rows": 1533909, "Actual Loops": 1, "Index Cond": "(info_type_id = it1.id)"}]}]}, {"Node Type": "Bitmap Heap Scan", "Parent Relationship": "Inner", "Relation Name": "movie_info_idx", "Alias": "mi_idx", "Startup Cost": 0.37, "Total Cost": 4.39, "Plan Rows": 2, "Plan Width": 13, "Actual Startup Time": 763.904, "Actual Total Time": 808.949, "Actual Rows": 307785, "Actual Loops": 186594, "Recheck Cond": "(movie_id = mi.movie_id)", "Rows Removed by Index Recheck": 0, "Exact Heap Blocks": 103610, "Lossy Heap Blocks": 103610, "Plans": [{"Node Type": "Bitmap Index Scan", "Parent Relationship": "Outer", "Index Name": "movie_id_movie_info_idx", "Startup Cost": 0.0, "Total Cost": 0.37, "Plan Rows": 2, "Plan Width": 0, "Actual Startup Time": 517.963, "Actual Total Time": 517.963, "Actual Rows": 307785, "Actual Loops": 186594, "Index Cond": "(movie_id = mi.movie_id)"}]}]}, {"Node Type": "Hash", "Parent Relationship": "Inner", "Startup Cost": 2.4, "Total Cost": 2.4, "Plan Rows": 1, "Plan Width": 4, "Actual Startup Time": 0.066, "Actual Total Time": 0.066, "Actual Rows": 1, "Actual Loops": 1, "Hash Buckets": 32768, "Hash Batches": 1, "Original Hash Batches": 1, "Peak Memory Usage": 1, "Plans": [{"Node Type": "Seq Scan", "Parent Relationship": "Outer", "Relation Name": "info_type", "Alias": "it2", "Startup Cost": 0.0, "Total Cost": 2.4, "Plan Rows": 1, "Plan Width": 4, "Actual Startup Time": 0.051, "Actual Total Time": 0.056, "Actual Rows": 1, "Actual Loops": 1, "Filter": "((info)::text = 'votes'::text)", "Rows Removed by Filter": 111}]}]}, {"Node Type": "Bitmap Heap Scan", "Parent Relationship": "Inner", "Relation Name": "title", "Alias": "t", "Startup Cost": 0.28, "Total Cost": 4.3, "Plan Rows": 1, "Plan Width": 21, "Actual Startup Time": 559.081, "Actual Total Time": 559.081, "Actual Rows": 102516, "Actual Loops": 102516, "Recheck Cond": "(id = mi_idx.movie_id)", "Rows Removed by Index Recheck": 0, "Exact Heap Blocks": 102516, "Lossy Heap Blocks": 102516, "Plans": [{"Node Type": "Bitmap Index Scan", "Parent Relationship": "Outer", "Index Name": "title_pkey", "Startup Cost": 0.0, "Total Cost": 0.28, "Plan Rows": 1, "Plan Width": 0, "Actual Startup Time": 307.722, "Actual Total Time": 307.722, "Actual Rows": 102516, "Actual Loops": 102516, "Index Cond": "(id = mi_idx.movie_id)"}]}]}, {"Node Type": "Bitmap Heap Scan", "Parent Relationship": "Inner", "Relation Name": "cast_info", "Alias": "ci", "Startup Cost": 0.52, "Total Cost": 4.63, "Plan Rows": 1, "Plan Width": 8, "Actual Startup Time": 8960.818, "Actual Total Time": 10360.992, "Actual Rows": 54155, "Actual Loops": 102516, "Recheck Cond": "(movie_id = t.id)", "Rows Removed by Index Recheck": 0, "Filter": "((note)::text = ANY ('{(writer),\"(head writer)\",\"(written by)\",(story),\"(story editor)\"}'::text[]))", "Rows Removed by Filter": 3987641, "Exact Heap Blocks": 3901088, "Lossy Heap Blocks": 3901088, "Plans": [{"Node Type": "Bitmap Index Scan", "Parent Relationship": "Outer", "Index Name": "movie_id_cast_info", "Startup Cost": 0.0, "Total Cost": 0.52, "Plan Rows": 6, "Plan Width": 0, "Actual Startup Time": 1089.965, "Actual Total Time": 1089.965, "Actual Rows": 4041796, "Actual Loops": 102516, "Index Cond": "(movie_id = t.id)"}]}]}, {"Node Type": "Bitmap Heap Scan", "Parent Relationship": "Inner", "Relation Name": "name", "Alias": "n", "Startup Cost": 0.31, "Total Cost": 4.32, "Plan Rows": 1, "Plan Width": 4, "Actual Startup Time": 430.04, "Actual Total Time": 430.04, "Actual Rows": 28073, "Actual Loops": 54155, "Recheck Cond": "(id = ci.person_id)", "Rows Removed by Index Recheck": 0, "Filter": "((gender)::text = 'm'::text)", "Rows Removed by Filter": 26082, "Exact Heap Blocks": 54155, "Lossy Heap Blocks": 54155, "Plans": [{"Node Type": "Bitmap Index Scan", "Parent Relationship": "Outer", "Index Name": "name_pkey", "Startup Cost": 0.0, "Total Cost": 0.31, "Plan Rows": 1, "Plan Width": 0, "Actual Startup Time": 276.287, "Actual Total Time": 276.287, "Actual Rows": 54155, "Actual Loops": 54155, "Index Cond": "(id = ci.person_id)"}]}]}]}, "Triggers": [], "Planner Runtime": 18, "Total Runtime": 14203.044, "Unique SQL Id": 3913857139}}, "(1, 99)": {"explain_plan": {"Plan": {"Node Type": "Aggregate", "Strategy": "Plain", "Startup Cost": 1000012232006.38, "Total Cost": 1000012232006.39, "Plan Rows": 1, "Plan Width": 160, "Plans": [{"Node Type": "Nested Loop", "Parent Relationship": "Outer", "Join Type": "Inner", "Startup Cost": 10000000002.26, "Total Cost": 1000012231995.78, "Plan Rows": 1413, "Plan Width": 64, "Inner Unique": true, "Join Filter": "(mi.movie_id = t.id)", "Plans": [{"Node Type": "Nested Loop", "Parent Relationship": "Outer", "Join Type": "Inner", "Startup Cost": 10000000001.98, "Total Cost": 1000012225906.36, "Plan Rows": 1413, "Plan Width": 59, "Inner Unique": true, "Plans": [{"Node Type": "Nested Loop", "Parent Relationship": "Outer", "Join Type": "Inner", "Startup Cost": 10000000001.67, "Total Cost": 1000012220900.93, "Plan Rows": 1155, "Plan Width": 63, "Inner Unique": false, "Join Filter": "(mi.movie_id = ci.movie_id)", "Plans": [{"Node Type": "Nested Loop", "Parent Relationship": "Outer", "Join Type": "Inner", "Startup Cost": 10000000000.97, "Total Cost": 1000012215863.83, "Plan Rows": 1044, "Plan Width": 55, "Inner Unique": true, "Plans": [{"Node Type": "Nested Loop", "Parent Relationship": "Outer", "Join Type": "Inner", "Startup Cost": 10000000000.71, "Total Cost": 1000012197983.33, "Plan Rows": 4175, "Plan Width": 59, "Inner Unique": true, "Plans": [{"Node Type": "Nested Loop", "Parent Relationship": "Outer", "Join Type": "Inner", "Startup Cost": 10000000000.45, "Total Cost": 1000010946375.89, "Plan Rows": 292241, "Plan Width": 63, "Inner Unique": false, "Plans": [{"Node Type": "Index Scan", "Parent Relationship": "Outer", "Scan Direction": "Forward", "Index Name": "movie_id_movie_info_idx", "Relation Name": "movie_info_idx", "Alias": "mi_idx", "Startup Cost": 10000000000.0, "Total Cost": 1000004650035.37, "Plan Rows": 1380034, "Plan Width": 13}, {"Node Type": "Bitmap Heap Scan", "Parent Relationship": "Inner", "Relation Name": "movie_info", "Alias": "mi", "Startup Cost": 0.45, "Total Cost": 4.55, "Plan Rows": 1, "Plan Width": 50, "Recheck Cond": "(movie_id = mi_idx.movie_id)", "Filter": "((info)::text = ANY ('{Horror,Action,Sci-Fi,Thriller,Crime,War}'::text[]))", "Plans": [{"Node Type": "Bitmap Index Scan", "Parent Relationship": "Outer", "Index Name": "movie_id_movie_info", "Startup Cost": 0.0, "Total Cost": 0.45, "Plan Rows": 5, "Plan Width": 0, "Index Cond": "(movie_id = mi_idx.movie_id)"}]}]}, {"Node Type": "Bitmap Heap Scan", "Parent Relationship": "Inner", "Relation Name": "info_type", "Alias": "it1", "Startup Cost": 0.26, "Total Cost": 4.27, "Plan Rows": 1, "Plan Width": 4, "Recheck Cond": "(id = mi.info_type_id)", "Filter": "((info)::text = 'genres'::text)", "Plans": [{"Node Type": "Bitmap Index Scan", "Parent Relationship": "Outer", "Index Name": "info_type_pkey", "Startup Cost": 0.0, "Total Cost": 0.26, "Plan Rows": 1, "Plan Width": 0, "Index Cond": "(id = mi.info_type_id)"}]}]}, {"Node Type": "Bitmap Heap Scan", "Parent Relationship": "Inner", "Relation Name": "info_type", "Alias": "it2", "Startup Cost": 0.26, "Total Cost": 4.27, "Plan Rows": 1, "Plan Width": 4, "Recheck Cond": "(id = mi_idx.info_type_id)", "Filter": "((info)::text = 'votes'::text)", "Plans": [{"Node Type": "Bitmap Index Scan", "Parent Relationship": "Outer", "Index Name": "info_type_pkey", "Startup Cost": 0.0, "Total Cost": 0.26, "Plan Rows": 1, "Plan Width": 0, "Index Cond": "(id = mi_idx.info_type_id)"}]}]}, {"Node Type": "Bitmap Heap Scan", "Parent Relationship": "Inner", "Relation Name": "cast_info", "Alias": "ci", "Startup Cost": 0.7, "Total Cost": 4.81, "Plan Rows": 1, "Plan Width": 8, "Recheck Cond": "(movie_id = mi_idx.movie_id)", "Filter": "((note)::text = ANY ('{(writer),\"(head writer)\",\"(written by)\",(story),\"(story editor)\"}'::text[]))", "Plans": [{"Node Type": "Bitmap Index Scan", "Parent Relationship": "Outer", "Index Name": "movie_id_cast_info", "Startup Cost": 0.0, "Total Cost": 0.7, "Plan Rows": 6, "Plan Width": 0, "Index Cond": "(movie_id = mi_idx.movie_id)"}]}]}, {"Node Type": "Bitmap Heap Scan", "Parent Relationship": "Inner", "Relation Name": "name", "Alias": "n", "Startup Cost": 0.31, "Total Cost": 4.32, "Plan Rows": 1, "Plan Width": 4, "Recheck Cond": "(id = ci.person_id)", "Filter": "((gender)::text = 'm'::text)", "Plans": [{"Node Type": "Bitmap Index Scan", "Parent Relationship": "Outer", "Index Name": "name_pkey", "Startup Cost": 0.0, "Total Cost": 0.31, "Plan Rows": 1, "Plan Width": 0, "Index Cond": "(id = ci.person_id)"}]}]}, {"Node Type": "Bitmap Heap Scan", "Parent Relationship": "Inner", "Relation Name": "title", "Alias": "t", "Startup Cost": 0.28, "Total Cost": 4.3, "Plan Rows": 1, "Plan Width": 21, "Recheck Cond": "(id = mi_idx.movie_id)", "Plans": [{"Node Type": "Bitmap Index Scan", "Parent Relationship": "Outer", "Index Name": "title_pkey", "Startup Cost": 0.0, "Total Cost": 0.28, "Plan Rows": 1, "Plan Width": 0, "Index Cond": "(id = mi_idx.movie_id)"}]}]}]}, "Unique SQL Id": 3913857139, "Planner Runtime": 5}, "explain_analyze_plan": null}, "(1, 100)": {"explain_plan": {"Plan": {"Node Type": "Aggregate", "Strategy": "Plain", "Startup Cost": 169719.32, "Total Cost": 169719.33, "Plan Rows": 1, "Plan Width": 160, "Plans": [{"Node Type": "Nested Loop", "Parent Relationship": "Outer", "Join Type": "Inner", "Startup Cost": 4842.14, "Total Cost": 169708.72, "Plan Rows": 1413, "Plan Width": 64, "Inner Unique": true, "Plans": [{"Node Type": "Nested Loop", "Parent Relationship": "Outer", "Join Type": "Inner", "Startup Cost": 4842.14, "Total Cost": 169129.45, "Plan Rows": 1155, "Plan Width": 68, "Inner Unique": false, "Plans": [{"Node Type": "Nested Loop", "Parent Relationship": "Outer", "Join Type": "Inner", "Startup Cost": 4842.14, "Total Cost": 168067.82, "Plan Rows": 1044, "Plan Width": 76, "Inner Unique": true, "Join Filter": "(mi.movie_id = t.id)", "Plans": [{"Node Type": "Nested Loop", "Parent Relationship": "Outer", "Join Type": "Inner", "Startup Cost": 4842.14, "Total Cost": 167639.63, "Plan Rows": 1044, "Plan Width": 55, "Inner Unique": true, "Plans": [{"Node Type": "Nested Loop", "Parent Relationship": "Outer", "Join Type": "Inner", "Startup Cost": 4842.14, "Total Cost": 166460.15, "Plan Rows": 4175, "Plan Width": 59, "Inner Unique": false, "Plans": [{"Node Type": "Nested Loop", "Parent Relationship": "Outer", "Join Type": "Inner", "Startup Cost": 4842.14, "Total Cost": 164972.1, "Plan Rows": 2717, "Plan Width": 46, "Inner Unique": false, "Plans": [{"Node Type": "Seq Scan", "Parent Relationship": "Outer", "Relation Name": "info_type", "Alias": "it1", "Startup Cost": 0.0, "Total Cost": 2.4, "Plan Rows": 1, "Plan Width": 4, "Filter": "((info)::text = 'genres'::text)"}, {"Node Type": "Bitmap Heap Scan", "Parent Relationship": "Inner", "Relation Name": "movie_info", "Alias": "mi", "Startup Cost": 4842.14, "Total Cost": 164942.53, "Plan Rows": 2717, "Plan Width": 50, "Recheck Cond": "(info_type_id = it1.id)", "Filter": "((info)::text = ANY ('{Horror,Action,Sci-Fi,Thriller,Crime,War}'::text[]))", "Plans": [{"Node Type": "Bitmap Index Scan", "Parent Relationship": "Outer", "Index Name": "info_type_id_movie_info", "Startup Cost": 0.0, "Total Cost": 4841.46, "Plan Rows": 212428, "Plan Width": 0, "Index Cond": "(info_type_id = it1.id)"}]}]}, {"Node Type": "Index Scan", "Parent Relationship": "Inner", "Scan Direction": "Forward", "Index Name": "movie_id_movie_info_idx", "Relation Name": "movie_info_idx", "Alias": "mi_idx", "Startup Cost": 0.0, "Total Cost": 0.53, "Plan Rows": 2, "Plan Width": 13, "Index Cond": "(movie_id = mi.movie_id)"}]}, {"Node Type": "Index Scan", "Parent Relationship": "Inner", "Scan Direction": "Forward", "Index Name": "info_type_pkey", "Relation Name": "info_type", "Alias": "it2", "Startup Cost": 0.0, "Total Cost": 0.27, "Plan Rows": 1, "Plan Width": 4, "Index Cond": "(id = mi_idx.info_type_id)", "Filter": "((info)::text = 'votes'::text)"}]}, {"Node Type": "Index Scan", "Parent Relationship": "Inner", "Scan Direction": "Forward", "Index Name": "title_pkey", "Relation Name": "title", "Alias": "t", "Startup Cost": 0.0, "Total Cost": 0.4, "Plan Rows": 1, "Plan Width": 21, "Index Cond": "(id = mi_idx.movie_id)"}]}, {"Node Type": "Index Scan", "Parent Relationship": "Inner", "Scan Direction": "Forward", "Index Name": "movie_id_cast_info", "Relation Name": "cast_info", "Alias": "ci", "Startup Cost": 0.0, "Total Cost": 1.01, "Plan Rows": 1, "Plan Width": 8, "Index Cond": "(movie_id = t.id)", "Filter": "((note)::text = ANY ('{(writer),\"(head writer)\",\"(written by)\",(story),\"(story editor)\"}'::text[]))"}]}, {"Node Type": "Index Scan", "Parent Relationship": "Inner", "Scan Direction": "Forward", "Index Name": "name_pkey", "Relation Name": "name", "Alias": "n", "Startup Cost": 0.0, "Total Cost": 0.49, "Plan Rows": 1, "Plan Width": 4, "Index Cond": "(id = ci.person_id)", "Filter": "((gender)::text = 'm'::text)"}]}]}, "Unique SQL Id": 3913857139, "Planner Runtime": 11}, "explain_analyze_plan": {"Plan": {"Node Type": "Aggregate", "Strategy": "Plain", "Startup Cost": 169719.32, "Total Cost": 169719.33, "Plan Rows": 1, "Plan Width": 160, "Actual Startup Time": 12425.201, "Actual Total Time": 12425.201, "Actual Rows": 1, "Actual Loops": 1, "Plans": [{"Node Type": "Nested Loop", "Parent Relationship": "Outer", "Join Type": "Inner", "Startup Cost": 4842.14, "Total Cost": 169708.72, "Plan Rows": 1413, "Plan Width": 64, "Actual Startup Time": 182.508, "Actual Total Time": 12386.605, "Actual Rows": 28073, "Actual Loops": 1, "Inner Unique": true, "Plans": [{"Node Type": "Nested Loop", "Parent Relationship": "Outer", "Join Type": "Inner", "Startup Cost": 4842.14, "Total Cost": 169129.45, "Plan Rows": 1155, "Plan Width": 68, "Actual Startup Time": 180.067, "Actual Total Time": 11975.337, "Actual Rows": 54155, "Actual Loops": 1, "Inner Unique": false, "Plans": [{"Node Type": "Nested Loop", "Parent Relationship": "Outer", "Join Type": "Inner", "Startup Cost": 4842.14, "Total Cost": 168067.82, "Plan Rows": 1044, "Plan Width": 76, "Actual Startup Time": 177.132, "Actual Total Time": 3352.359, "Actual Rows": 102516, "Actual Loops": 1, "Inner Unique": true, "Join Filter": "(mi.movie_id = t.id)", "Rows Removed by Join Filter": 0, "Plans": [{"Node Type": "Nested Loop", "Parent Relationship": "Outer", "Join Type": "Inner", "Startup Cost": 4842.14, "Total Cost": 167639.63, "Plan Rows": 1044, "Plan Width": 55, "Actual Startup Time": 177.112, "Actual Total Time": 2799.396, "Actual Rows": 102516, "Actual Loops": 1, "Inner Unique": true, "Plans": [{"Node Type": "Nested Loop", "Parent Relationship": "Outer", "Join Type": "Inner", "Startup Cost": 4842.14, "Total Cost": 166460.15, "Plan Rows": 4175, "Plan Width": 59, "Actual Startup Time": 177.089, "Actual Total Time": 2010.966, "Actual Rows": 307785, "Actual Loops": 1, "Inner Unique": false, "Plans": [{"Node Type": "Nested Loop", "Parent Relationship": "Outer", "Join Type": "Inner", "Startup Cost": 4842.14, "Total Cost": 164972.1, "Plan Rows": 2717, "Plan Width": 46, "Actual Startup Time": 177.055, "Actual Total Time": 1166.017, "Actual Rows": 186594, "Actual Loops": 1, "Inner Unique": false, "Plans": [{"Node Type": "Seq Scan", "Parent Relationship": "Outer", "Relation Name": "info_type", "Alias": "it1", "Startup Cost": 0.0, "Total Cost": 2.4, "Plan Rows": 1, "Plan Width": 4, "Actual Startup Time": 0.039, "Actual Total Time": 0.079, "Actual Rows": 1, "Actual Loops": 1, "Filter": "((info)::text = 'genres'::text)", "Rows Removed by Filter": 111}, {"Node Type": "Bitmap Heap Scan", "Parent Relationship": "Inner", "Relation Name": "movie_info", "Alias": "mi", "Startup Cost": 4842.14, "Total Cost": 164942.53, "Plan Rows": 2717, "Plan Width": 50, "Actual Startup Time": 177.011, "Actual Total Time": 1121.209, "Actual Rows": 186594, "Actual Loops": 1, "Recheck Cond": "(info_type_id = it1.id)", "Rows Removed by Index Recheck": 0, "Filter": "((info)::text = ANY ('{Horror,Action,Sci-Fi,Thriller,Crime,War}'::text[]))", "Rows Removed by Filter": 1347315, "Exact Heap Blocks": 7426, "Lossy Heap Blocks": 7426, "Plans": [{"Node Type": "Bitmap Index Scan", "Parent Relationship": "Outer", "Index Name": "info_type_id_movie_info", "Startup Cost": 0.0, "Total Cost": 4841.46, "Plan Rows": 212428, "Plan Width": 0, "Actual Startup Time": 175.597, "Actual Total Time": 175.597, "Actual Rows": 1533909, "Actual Loops": 1, "Index Cond": "(info_type_id = it1.id)"}]}]}, {"Node Type": "Index Scan", "Parent Relationship": "Inner", "Scan Direction": "Forward", "Index Name": "movie_id_movie_info_idx", "Relation Name": "movie_info_idx", "Alias": "mi_idx", "Startup Cost": 0.0, "Total Cost": 0.53, "Plan Rows": 2, "Plan Width": 13, "Actual Startup Time": 550.327, "Actual Total Time": 673.543, "Actual Rows": 307785, "Actual Loops": 186594, "Index Cond": "(movie_id = mi.movie_id)", "Rows Removed by Index Recheck": 0}]}, {"Node Type": "Index Scan", "Parent Relationship": "Inner", "Scan Direction": "Forward", "Index Name": "info_type_pkey", "Relation Name": "info_type", "Alias": "it2", "Startup Cost": 0.0, "Total Cost": 0.27, "Plan Rows": 1, "Plan Width": 4, "Actual Startup Time": 601.71, "Actual Total Time": 601.71, "Actual Rows": 102516, "Actual Loops": 307785, "Index Cond": "(id = mi_idx.info_type_id)", "Rows Removed by Index Recheck": 0, "Filter": "((info)::text = 'votes'::text)", "Rows Removed by Filter": 205269}]}, {"Node Type": "Index Scan", "Parent Relationship": "Inner", "Scan Direction": "Forward", "Index Name": "title_pkey", "Relation Name": "title", "Alias": "t", "Startup Cost": 0.0, "Total Cost": 0.4, "Plan Rows": 1, "Plan Width": 21, "Actual Startup Time": 435.608, "Actual Total Time": 435.608, "Actual Rows": 102516, "Actual Loops": 102516, "Index Cond": "(id = mi_idx.movie_id)", "Rows Removed by Index Recheck": 0}]}, {"Node Type": "Index Scan", "Parent Relationship": "Inner", "Scan Direction": "Forward", "Index Name": "movie_id_cast_info", "Relation Name": "cast_info", "Alias": "ci", "Startup Cost": 0.0, "Total Cost": 1.01, "Plan Rows": 1, "Plan Width": 8, "Actual Startup Time": 7291.279, "Actual Total Time": 8553.839, "Actual Rows": 54155, "Actual Loops": 102516, "Index Cond": "(movie_id = t.id)", "Rows Removed by Index Recheck": 0, "Filter": "((note)::text = ANY ('{(writer),\"(head writer)\",\"(written by)\",(story),\"(story editor)\"}'::text[]))", "Rows Removed by Filter": 3987641}]}, {"Node Type": "Index Scan", "Parent Relationship": "Inner", "Scan Direction": "Forward", "Index Name": "name_pkey", "Relation Name": "name", "Alias": "n", "Startup Cost": 0.0, "Total Cost": 0.49, "Plan Rows": 1, "Plan Width": 4, "Actual Startup Time": 364.602, "Actual Total Time": 364.602, "Actual Rows": 28073, "Actual Loops": 54155, "Index Cond": "(id = ci.person_id)", "Rows Removed by Index Recheck": 0, "Filter": "((gender)::text = 'm'::text)", "Rows Removed by Filter": 26082}]}]}, "Triggers": [], "Planner Runtime": 11, "Total Runtime": 12425.55, "Unique SQL Id": 3913857139}}, "(1, 101)": {"explain_plan": {"Plan": {"Node Type": "Aggregate", "Strategy": "Plain", "Startup Cost": 169731.13, "Total Cost": 169731.14, "Plan Rows": 1, "Plan Width": 160, "Plans": [{"Node Type": "Nested Loop", "Parent Relationship": "Outer", "Join Type": "Inner", "Startup Cost": 4842.14, "Total Cost": 169720.53, "Plan Rows": 1413, "Plan Width": 64, "Inner Unique": true, "Plans": [{"Node Type": "Nested Loop", "Parent Relationship": "Outer", "Join Type": "Inner", "Startup Cost": 4842.14, "Total Cost": 169141.26, "Plan Rows": 1155, "Plan Width": 68, "Inner Unique": false, "Plans": [{"Node Type": "Nested Loop", "Parent Relationship": "Outer", "Join Type": "Inner", "Startup Cost": 4842.14, "Total Cost": 168079.63, "Plan Rows": 1044, "Plan Width": 76, "Inner Unique": true, "Join Filter": "(mi.movie_id = t.id)", "Plans": [{"Node Type": "Nested Loop", "Parent Relationship": "Outer", "Join Type": "Inner", "Startup Cost": 4842.14, "Total Cost": 167651.44, "Plan Rows": 1044, "Plan Width": 55, "Inner Unique": true, "Plans": [{"Node Type": "Nested Loop", "Parent Relationship": "Outer", "Join Type": "Inner", "Startup Cost": 4842.14, "Total Cost": 166471.96, "Plan Rows": 4175, "Plan Width": 59, "Inner Unique": false, "Plans": [{"Node Type": "Nested Loop", "Parent Relationship": "Outer", "Join Type": "Inner", "Startup Cost": 4842.14, "Total Cost": 164983.91, "Plan Rows": 2717, "Plan Width": 46, "Inner Unique": false, "Plans": [{"Node Type": "Index Scan", "Parent Relationship": "Outer", "Scan Direction": "Forward", "Index Name": "info_type_pkey", "Relation Name": "info_type", "Alias": "it1", "Startup Cost": 0.0, "Total Cost": 14.21, "Plan Rows": 1, "Plan Width": 4, "Filter": "((info)::text = 'genres'::text)"}, {"Node Type": "Bitmap Heap Scan", "Parent Relationship": "Inner", "Relation Name": "movie_info", "Alias": "mi", "Startup Cost": 4842.14, "Total Cost": 164942.53, "Plan Rows": 2717, "Plan Width": 50, "Recheck Cond": "(info_type_id = it1.id)", "Filter": "((info)::text = ANY ('{Horror,Action,Sci-Fi,Thriller,Crime,War}'::text[]))", "Plans": [{"Node Type": "Bitmap Index Scan", "Parent Relationship": "Outer", "Index Name": "info_type_id_movie_info", "Startup Cost": 0.0, "Total Cost": 4841.46, "Plan Rows": 212428, "Plan Width": 0, "Index Cond": "(info_type_id = it1.id)"}]}]}, {"Node Type": "Index Scan", "Parent Relationship": "Inner", "Scan Direction": "Forward", "Index Name": "movie_id_movie_info_idx", "Relation Name": "movie_info_idx", "Alias": "mi_idx", "Startup Cost": 0.0, "Total Cost": 0.53, "Plan Rows": 2, "Plan Width": 13, "Index Cond": "(movie_id = mi.movie_id)"}]}, {"Node Type": "Index Scan", "Parent Relationship": "Inner", "Scan Direction": "Forward", "Index Name": "info_type_pkey", "Relation Name": "info_type", "Alias": "it2", "Startup Cost": 0.0, "Total Cost": 0.27, "Plan Rows": 1, "Plan Width": 4, "Index Cond": "(id = mi_idx.info_type_id)", "Filter": "((info)::text = 'votes'::text)"}]}, {"Node Type": "Index Scan", "Parent Relationship": "Inner", "Scan Direction": "Forward", "Index Name": "title_pkey", "Relation Name": "title", "Alias": "t", "Startup Cost": 0.0, "Total Cost": 0.4, "Plan Rows": 1, "Plan Width": 21, "Index Cond": "(id = mi_idx.movie_id)"}]}, {"Node Type": "Index Scan", "Parent Relationship": "Inner", "Scan Direction": "Forward", "Index Name": "movie_id_cast_info", "Relation Name": "cast_info", "Alias": "ci", "Startup Cost": 0.0, "Total Cost": 1.01, "Plan Rows": 1, "Plan Width": 8, "Index Cond": "(movie_id = t.id)", "Filter": "((note)::text = ANY ('{(writer),\"(head writer)\",\"(written by)\",(story),\"(story editor)\"}'::text[]))"}]}, {"Node Type": "Index Scan", "Parent Relationship": "Inner", "Scan Direction": "Forward", "Index Name": "name_pkey", "Relation Name": "name", "Alias": "n", "Startup Cost": 0.0, "Total Cost": 0.49, "Plan Rows": 1, "Plan Width": 4, "Index Cond": "(id = ci.person_id)", "Filter": "((gender)::text = 'm'::text)"}]}]}, "Unique SQL Id": 3913857139, "Planner Runtime": 8}, "explain_analyze_plan": {"Plan": {"Node Type": "Aggregate", "Strategy": "Plain", "Startup Cost": 169731.13, "Total Cost": 169731.14, "Plan Rows": 1, "Plan Width": 160, "Actual Startup Time": 12567.339, "Actual Total Time": 12567.34, "Actual Rows": 1, "Actual Loops": 1, "Plans": [{"Node Type": "Nested Loop", "Parent Relationship": "Outer", "Join Type": "Inner", "Startup Cost": 4842.14, "Total Cost": 169720.53, "Plan Rows": 1413, "Plan Width": 64, "Actual Startup Time": 180.697, "Actual Total Time": 12528.919, "Actual Rows": 28073, "Actual Loops": 1, "Inner Unique": true, "Plans": [{"Node Type": "Nested Loop", "Parent Relationship": "Outer", "Join Type": "Inner", "Startup Cost": 4842.14, "Total Cost": 169141.26, "Plan Rows": 1155, "Plan Width": 68, "Actual Startup Time": 178.273, "Actual Total Time": 12109.988, "Actual Rows": 54155, "Actual Loops": 1, "Inner Unique": false, "Plans": [{"Node Type": "Nested Loop", "Parent Relationship": "Outer", "Join Type": "Inner", "Startup Cost": 4842.14, "Total Cost": 168079.63, "Plan Rows": 1044, "Plan Width": 76, "Actual Startup Time": 175.364, "Actual Total Time": 3322.24, "Actual Rows": 102516, "Actual Loops": 1, "Inner Unique": true, "Join Filter": "(mi.movie_id = t.id)", "Rows Removed by Join Filter": 0, "Plans": [{"Node Type": "Nested Loop", "Parent Relationship": "Outer", "Join Type": "Inner", "Startup Cost": 4842.14, "Total Cost": 167651.44, "Plan Rows": 1044, "Plan Width": 55, "Actual Startup Time": 175.345, "Actual Total Time": 2761.703, "Actual Rows": 102516, "Actual Loops": 1, "Inner Unique": true, "Plans": [{"Node Type": "Nested Loop", "Parent Relationship": "Outer", "Join Type": "Inner", "Startup Cost": 4842.14, "Total Cost": 166471.96, "Plan Rows": 4175, "Plan Width": 59, "Actual Startup Time": 175.323, "Actual Total Time": 2018.91, "Actual Rows": 307785, "Actual Loops": 1, "Inner Unique": false, "Plans": [{"Node Type": "Nested Loop", "Parent Relationship": "Outer", "Join Type": "Inner", "Startup Cost": 4842.14, "Total Cost": 164983.91, "Plan Rows": 2717, "Plan Width": 46, "Actual Startup Time": 175.291, "Actual Total Time": 1167.34, "Actual Rows": 186594, "Actual Loops": 1, "Inner Unique": false, "Plans": [{"Node Type": "Index Scan", "Parent Relationship": "Outer", "Scan Direction": "Forward", "Index Name": "info_type_pkey", "Relation Name": "info_type", "Alias": "it1", "Startup Cost": 0.0, "Total Cost": 14.21, "Plan Rows": 1, "Plan Width": 4, "Actual Startup Time": 0.021, "Actual Total Time": 0.08, "Actual Rows": 1, "Actual Loops": 1, "Filter": "((info)::text = 'genres'::text)", "Rows Removed by Filter": 111}, {"Node Type": "Bitmap Heap Scan", "Parent Relationship": "Inner", "Relation Name": "movie_info", "Alias": "mi", "Startup Cost": 4842.14, "Total Cost": 164942.53, "Plan Rows": 2717, "Plan Width": 50, "Actual Startup Time": 175.265, "Actual Total Time": 1120.729, "Actual Rows": 186594, "Actual Loops": 1, "Recheck Cond": "(info_type_id = it1.id)", "Rows Removed by Index Recheck": 0, "Filter": "((info)::text = ANY ('{Horror,Action,Sci-Fi,Thriller,Crime,War}'::text[]))", "Rows Removed by Filter": 1347315, "Exact Heap Blocks": 7426, "Lossy Heap Blocks": 7426, "Plans": [{"Node Type": "Bitmap Index Scan", "Parent Relationship": "Outer", "Index Name": "info_type_id_movie_info", "Startup Cost": 0.0, "Total Cost": 4841.46, "Plan Rows": 212428, "Plan Width": 0, "Actual Startup Time": 173.882, "Actual Total Time": 173.882, "Actual Rows": 1533909, "Actual Loops": 1, "Index Cond": "(info_type_id = it1.id)"}]}]}, {"Node Type": "Index Scan", "Parent Relationship": "Inner", "Scan Direction": "Forward", "Index Name": "movie_id_movie_info_idx", "Relation Name": "movie_info_idx", "Alias": "mi_idx", "Startup Cost": 0.0, "Total Cost": 0.53, "Plan Rows": 2, "Plan Width": 13, "Actual Startup Time": 552.595, "Actual Total Time": 678.362, "Actual Rows": 307785, "Actual Loops": 186594, "Index Cond": "(movie_id = mi.movie_id)", "Rows Removed by Index Recheck": 0}]}, {"Node Type": "Index Scan", "Parent Relationship": "Inner", "Scan Direction": "Forward", "Index Name": "info_type_pkey", "Relation Name": "info_type", "Alias": "it2", "Startup Cost": 0.0, "Total Cost": 0.27, "Plan Rows": 1, "Plan Width": 4, "Actual Startup Time": 562.404, "Actual Total Time": 562.404, "Actual Rows": 102516, "Actual Loops": 307785, "Index Cond": "(id = mi_idx.info_type_id)", "Rows Removed by Index Recheck": 0, "Filter": "((info)::text = 'votes'::text)", "Rows Removed by Filter": 205269}]}, {"Node Type": "Index Scan", "Parent Relationship": "Inner", "Scan Direction": "Forward", "Index Name": "title_pkey", "Relation Name": "title", "Alias": "t", "Startup Cost": 0.0, "Total Cost": 0.4, "Plan Rows": 1, "Plan Width": 21, "Actual Startup Time": 443.764, "Actual Total Time": 443.764, "Actual Rows": 102516, "Actual Loops": 102516, "Index Cond": "(id = mi_idx.movie_id)", "Rows Removed by Index Recheck": 0}]}, {"Node Type": "Index Scan", "Parent Relationship": "Inner", "Scan Direction": "Forward", "Index Name": "movie_id_cast_info", "Relation Name": "cast_info", "Alias": "ci", "Startup Cost": 0.0, "Total Cost": 1.01, "Plan Rows": 1, "Plan Width": 8, "Actual Startup Time": 7427.434, "Actual Total Time": 8715.582, "Actual Rows": 54155, "Actual Loops": 102516, "Index Cond": "(movie_id = t.id)", "Rows Removed by Index Recheck": 0, "Filter": "((note)::text = ANY ('{(writer),\"(head writer)\",\"(written by)\",(story),\"(story editor)\"}'::text[]))", "Rows Removed by Filter": 3987641}]}, {"Node Type": "Index Scan", "Parent Relationship": "Inner", "Scan Direction": "Forward", "Index Name": "name_pkey", "Relation Name": "name", "Alias": "n", "Startup Cost": 0.0, "Total Cost": 0.49, "Plan Rows": 1, "Plan Width": 4, "Actual Startup Time": 372.109, "Actual Total Time": 372.109, "Actual Rows": 28073, "Actual Loops": 54155, "Index Cond": "(id = ci.person_id)", "Rows Removed by Index Recheck": 0, "Filter": "((gender)::text = 'm'::text)", "Rows Removed by Filter": 26082}]}]}, "Triggers": [], "Planner Runtime": 8, "Total Runtime": 12567.631, "Unique SQL Id": 3913857139}}, "(1, 102)": {"explain_plan": {"Plan": {"Node Type": "Aggregate", "Strategy": "Plain", "Startup Cost": 191340.73, "Total Cost": 191340.74, "Plan Rows": 1, "Plan Width": 160, "Plans": [{"Node Type": "Nested Loop", "Parent Relationship": "Outer", "Join Type": "Inner", "Startup Cost": 4846.03, "Total Cost": 191330.13, "Plan Rows": 1413, "Plan Width": 64, "Inner Unique": true, "Plans": [{"Node Type": "Nested Loop", "Parent Relationship": "Outer", "Join Type": "Inner", "Startup Cost": 4845.72, "Total Cost": 186324.71, "Plan Rows": 1155, "Plan Width": 68, "Inner Unique": false, "Plans": [{"Node Type": "Nested Loop", "Parent Relationship": "Outer", "Join Type": "Inner", "Startup Cost": 4845.2, "Total Cost": 181482.04, "Plan Rows": 1044, "Plan Width": 76, "Inner Unique": true, "Join Filter": "(mi.movie_id = t.id)", "Plans": [{"Node Type": "Hash Join", "Parent Relationship": "Outer", "Join Type": "Inner", "Startup Cost": 4844.92, "Total Cost": 176982.85, "Plan Rows": 1044, "Plan Width": 55, "Inner Unique": true, "Hash Cond": "(mi_idx.info_type_id = it2.id)", "Plans": [{"Node Type": "Nested Loop", "Parent Relationship": "Outer", "Join Type": "Inner", "Startup Cost": 4842.51, "Total Cost": 176959.53, "Plan Rows": 4175, "Plan Width": 59, "Inner Unique": false, "Plans": [{"Node Type": "Nested Loop", "Parent Relationship": "Outer", "Join Type": "Inner", "Startup Cost": 4842.14, "Total Cost": 164972.1, "Plan Rows": 2717, "Plan Width": 46, "Inner Unique": false, "Plans": [{"Node Type": "Seq Scan", "Parent Relationship": "Outer", "Relation Name": "info_type", "Alias": "it1", "Startup Cost": 0.0, "Total Cost": 2.4, "Plan Rows": 1, "Plan Width": 4, "Filter": "((info)::text = 'genres'::text)"}, {"Node Type": "Bitmap Heap Scan", "Parent Relationship": "Inner", "Relation Name": "movie_info", "Alias": "mi", "Startup Cost": 4842.14, "Total Cost": 164942.53, "Plan Rows": 2717, "Plan Width": 50, "Recheck Cond": "(info_type_id = it1.id)", "Filter": "((info)::text = ANY ('{Horror,Action,Sci-Fi,Thriller,Crime,War}'::text[]))", "Plans": [{"Node Type": "Bitmap Index Scan", "Parent Relationship": "Outer", "Index Name": "info_type_id_movie_info", "Startup Cost": 0.0, "Total Cost": 4841.46, "Plan Rows": 212428, "Plan Width": 0, "Index Cond": "(info_type_id = it1.id)"}]}]}, {"Node Type": "Bitmap Heap Scan", "Parent Relationship": "Inner", "Relation Name": "movie_info_idx", "Alias": "mi_idx", "Startup Cost": 0.37, "Total Cost": 4.39, "Plan Rows": 2, "Plan Width": 13, "Recheck Cond": "(movie_id = mi.movie_id)", "Plans": [{"Node Type": "Bitmap Index Scan", "Parent Relationship": "Outer", "Index Name": "movie_id_movie_info_idx", "Startup Cost": 0.0, "Total Cost": 0.37, "Plan Rows": 2, "Plan Width": 0, "Index Cond": "(movie_id = mi.movie_id)"}]}]}, {"Node Type": "Hash", "Parent Relationship": "Inner", "Startup Cost": 2.4, "Total Cost": 2.4, "Plan Rows": 1, "Plan Width": 4, "Plans": [{"Node Type": "Seq Scan", "Parent Relationship": "Outer", "Relation Name": "info_type", "Alias": "it2", "Startup Cost": 0.0, "Total Cost": 2.4, "Plan Rows": 1, "Plan Width": 4, "Filter": "((info)::text = 'votes'::text)"}]}]}, {"Node Type": "Bitmap Heap Scan", "Parent Relationship": "Inner", "Relation Name": "title", "Alias": "t", "Startup Cost": 0.28, "Total Cost": 4.3, "Plan Rows": 1, "Plan Width": 21, "Recheck Cond": "(id = mi_idx.movie_id)", "Plans": [{"Node Type": "Bitmap Index Scan", "Parent Relationship": "Outer", "Index Name": "title_pkey", "Startup Cost": 0.0, "Total Cost": 0.28, "Plan Rows": 1, "Plan Width": 0, "Index Cond": "(id = mi_idx.movie_id)"}]}]}, {"Node Type": "Bitmap Heap Scan", "Parent Relationship": "Inner", "Relation Name": "cast_info", "Alias": "ci", "Startup Cost": 0.52, "Total Cost": 4.63, "Plan Rows": 1, "Plan Width": 8, "Recheck Cond": "(movie_id = t.id)", "Filter": "((note)::text = ANY ('{(writer),\"(head writer)\",\"(written by)\",(story),\"(story editor)\"}'::text[]))", "Plans": [{"Node Type": "Bitmap Index Scan", "Parent Relationship": "Outer", "Index Name": "movie_id_cast_info", "Startup Cost": 0.0, "Total Cost": 0.52, "Plan Rows": 6, "Plan Width": 0, "Index Cond": "(movie_id = t.id)"}]}]}, {"Node Type": "Bitmap Heap Scan", "Parent Relationship": "Inner", "Relation Name": "name", "Alias": "n", "Startup Cost": 0.31, "Total Cost": 4.32, "Plan Rows": 1, "Plan Width": 4, "Recheck Cond": "(id = ci.person_id)", "Filter": "((gender)::text = 'm'::text)", "Plans": [{"Node Type": "Bitmap Index Scan", "Parent Relationship": "Outer", "Index Name": "name_pkey", "Startup Cost": 0.0, "Total Cost": 0.31, "Plan Rows": 1, "Plan Width": 0, "Index Cond": "(id = ci.person_id)"}]}]}]}, "Unique SQL Id": 3913857139, "Planner Runtime": 18}, "explain_analyze_plan": {"Plan": {"Node Type": "Aggregate", "Strategy": "Plain", "Startup Cost": 191340.73, "Total Cost": 191340.74, "Plan Rows": 1, "Plan Width": 160, "Actual Startup Time": 14202.756, "Actual Total Time": 14202.757, "Actual Rows": 1, "Actual Loops": 1, "Plans": [{"Node Type": "Nested Loop", "Parent Relationship": "Outer", "Join Type": "Inner", "Startup Cost": 4846.03, "Total Cost": 191330.13, "Plan Rows": 1413, "Plan Width": 64, "Actual Startup Time": 177.661, "Actual Total Time": 14155.749, "Actual Rows": 28073, "Actual Loops": 1, "Inner Unique": true, "Plans": [{"Node Type": "Nested Loop", "Parent Relationship": "Outer", "Join Type": "Inner", "Startup Cost": 4845.72, "Total Cost": 186324.71, "Plan Rows": 1155, "Plan Width": 68, "Actual Startup Time": 174.971, "Actual Total Time": 13639.858, "Actual Rows": 54155, "Actual Loops": 1, "Inner Unique": false, "Plans": [{"Node Type": "Nested Loop", "Parent Relationship": "Outer", "Join Type": "Inner", "Startup Cost": 4845.2, "Total Cost": 181482.04, "Plan Rows": 1044, "Plan Width": 76, "Actual Startup Time": 171.853, "Actual Total Time": 3115.458, "Actual Rows": 102516, "Actual Loops": 1, "Inner Unique": true, "Join Filter": "(mi.movie_id = t.id)", "Rows Removed by Join Filter": 0, "Plans": [{"Node Type": "Hash Join", "Parent Relationship": "Outer", "Join Type": "Inner", "Startup Cost": 4844.92, "Total Cost": 176982.85, "Plan Rows": 1044, "Plan Width": 55, "Actual Startup Time": 171.825, "Actual Total Time": 2381.582, "Actual Rows": 102516, "Actual Loops": 1, "Inner Unique": true, "Hash Cond": "(mi_idx.info_type_id = it2.id)", "Plans": [{"Node Type": "Nested Loop", "Parent Relationship": "Outer", "Join Type": "Inner", "Startup Cost": 4842.51, "Total Cost": 176959.53, "Plan Rows": 4175, "Plan Width": 59, "Actual Startup Time": 171.711, "Actual Total Time": 2268.839, "Actual Rows": 307785, "Actual Loops": 1, "Inner Unique": false, "Plans": [{"Node Type": "Nested Loop", "Parent Relationship": "Outer", "Join Type": "Inner", "Startup Cost": 4842.14, "Total Cost": 164972.1, "Plan Rows": 2717, "Plan Width": 46, "Actual Startup Time": 171.667, "Actual Total Time": 1159.013, "Actual Rows": 186594, "Actual Loops": 1, "Inner Unique": false, "Plans": [{"Node Type": "Seq Scan", "Parent Relationship": "Outer", "Relation Name": "info_type", "Alias": "it1", "Startup Cost": 0.0, "Total Cost": 2.4, "Plan Rows": 1, "Plan Width": 4, "Actual Startup Time": 0.02, "Actual Total Time": 0.054, "Actual Rows": 1, "Actual Loops": 1, "Filter": "((info)::text = 'genres'::text)", "Rows Removed by Filter": 111}, {"Node Type": "Bitmap Heap Scan", "Parent Relationship": "Inner", "Relation Name": "movie_info", "Alias": "mi", "Startup Cost": 4842.14, "Total Cost": 164942.53, "Plan Rows": 2717, "Plan Width": 50, "Actual Startup Time": 171.642, "Actual Total Time": 1114.782, "Actual Rows": 186594, "Actual Loops": 1, "Recheck Cond": "(info_type_id = it1.id)", "Rows Removed by Index Recheck": 0, "Filter": "((info)::text = ANY ('{Horror,Action,Sci-Fi,Thriller,Crime,War}'::text[]))", "Rows Removed by Filter": 1347315, "Exact Heap Blocks": 7426, "Lossy Heap Blocks": 7426, "Plans": [{"Node Type": "Bitmap Index Scan", "Parent Relationship": "Outer", "Index Name": "info_type_id_movie_info", "Startup Cost": 0.0, "Total Cost": 4841.46, "Plan Rows": 212428, "Plan Width": 0, "Actual Startup Time": 170.245, "Actual Total Time": 170.245, "Actual Rows": 1533909, "Actual Loops": 1, "Index Cond": "(info_type_id = it1.id)"}]}]}, {"Node Type": "Bitmap Heap Scan", "Parent Relationship": "Inner", "Relation Name": "movie_info_idx", "Alias": "mi_idx", "Startup Cost": 0.37, "Total Cost": 4.39, "Plan Rows": 2, "Plan Width": 13, "Actual Startup Time": 763.904, "Actual Total Time": 808.949, "Actual Rows": 307785, "Actual Loops": 186594, "Recheck Cond": "(movie_id = mi.movie_id)", "Rows Removed by Index Recheck": 0, "Exact Heap Blocks": 103610, "Lossy Heap Blocks": 103610, "Plans": [{"Node Type": "Bitmap Index Scan", "Parent Relationship": "Outer", "Index Name": "movie_id_movie_info_idx", "Startup Cost": 0.0, "Total Cost": 0.37, "Plan Rows": 2, "Plan Width": 0, "Actual Startup Time": 517.963, "Actual Total Time": 517.963, "Actual Rows": 307785, "Actual Loops": 186594, "Index Cond": "(movie_id = mi.movie_id)"}]}]}, {"Node Type": "Hash", "Parent Relationship": "Inner", "Startup Cost": 2.4, "Total Cost": 2.4, "Plan Rows": 1, "Plan Width": 4, "Actual Startup Time": 0.066, "Actual Total Time": 0.066, "Actual Rows": 1, "Actual Loops": 1, "Hash Buckets": 32768, "Hash Batches": 1, "Original Hash Batches": 1, "Peak Memory Usage": 1, "Plans": [{"Node Type": "Seq Scan", "Parent Relationship": "Outer", "Relation Name": "info_type", "Alias": "it2", "Startup Cost": 0.0, "Total Cost": 2.4, "Plan Rows": 1, "Plan Width": 4, "Actual Startup Time": 0.051, "Actual Total Time": 0.056, "Actual Rows": 1, "Actual Loops": 1, "Filter": "((info)::text = 'votes'::text)", "Rows Removed by Filter": 111}]}]}, {"Node Type": "Bitmap Heap Scan", "Parent Relationship": "Inner", "Relation Name": "title", "Alias": "t", "Startup Cost": 0.28, "Total Cost": 4.3, "Plan Rows": 1, "Plan Width": 21, "Actual Startup Time": 559.081, "Actual Total Time": 559.081, "Actual Rows": 102516, "Actual Loops": 102516, "Recheck Cond": "(id = mi_idx.movie_id)", "Rows Removed by Index Recheck": 0, "Exact Heap Blocks": 102516, "Lossy Heap Blocks": 102516, "Plans": [{"Node Type": "Bitmap Index Scan", "Parent Relationship": "Outer", "Index Name": "title_pkey", "Startup Cost": 0.0, "Total Cost": 0.28, "Plan Rows": 1, "Plan Width": 0, "Actual Startup Time": 307.722, "Actual Total Time": 307.722, "Actual Rows": 102516, "Actual Loops": 102516, "Index Cond": "(id = mi_idx.movie_id)"}]}]}, {"Node Type": "Bitmap Heap Scan", "Parent Relationship": "Inner", "Relation Name": "cast_info", "Alias": "ci", "Startup Cost": 0.52, "Total Cost": 4.63, "Plan Rows": 1, "Plan Width": 8, "Actual Startup Time": 8960.818, "Actual Total Time": 10360.992, "Actual Rows": 54155, "Actual Loops": 102516, "Recheck Cond": "(movie_id = t.id)", "Rows Removed by Index Recheck": 0, "Filter": "((note)::text = ANY ('{(writer),\"(head writer)\",\"(written by)\",(story),\"(story editor)\"}'::text[]))", "Rows Removed by Filter": 3987641, "Exact Heap Blocks": 3901088, "Lossy Heap Blocks": 3901088, "Plans": [{"Node Type": "Bitmap Index Scan", "Parent Relationship": "Outer", "Index Name": "movie_id_cast_info", "Startup Cost": 0.0, "Total Cost": 0.52, "Plan Rows": 6, "Plan Width": 0, "Actual Startup Time": 1089.965, "Actual Total Time": 1089.965, "Actual Rows": 4041796, "Actual Loops": 102516, "Index Cond": "(movie_id = t.id)"}]}]}, {"Node Type": "Bitmap Heap Scan", "Parent Relationship": "Inner", "Relation Name": "name", "Alias": "n", "Startup Cost": 0.31, "Total Cost": 4.32, "Plan Rows": 1, "Plan Width": 4, "Actual Startup Time": 430.04, "Actual Total Time": 430.04, "Actual Rows": 28073, "Actual Loops": 54155, "Recheck Cond": "(id = ci.person_id)", "Rows Removed by Index Recheck": 0, "Filter": "((gender)::text = 'm'::text)", "Rows Removed by Filter": 26082, "Exact Heap Blocks": 54155, "Lossy Heap Blocks": 54155, "Plans": [{"Node Type": "Bitmap Index Scan", "Parent Relationship": "Outer", "Index Name": "name_pkey", "Startup Cost": 0.0, "Total Cost": 0.31, "Plan Rows": 1, "Plan Width": 0, "Actual Startup Time": 276.287, "Actual Total Time": 276.287, "Actual Rows": 54155, "Actual Loops": 54155, "Index Cond": "(id = ci.person_id)"}]}]}]}, "Triggers": [], "Planner Runtime": 18, "Total Runtime": 14203.044, "Unique SQL Id": 3913857139}}, "(1, 103)": {"explain_plan": {"Plan": {"Node Type": "Aggregate", "Strategy": "Plain", "Startup Cost": 1000012232006.38, "Total Cost": 1000012232006.39, "Plan Rows": 1, "Plan Width": 160, "Plans": [{"Node Type": "Nested Loop", "Parent Relationship": "Outer", "Join Type": "Inner", "Startup Cost": 10000000002.26, "Total Cost": 1000012231995.78, "Plan Rows": 1413, "Plan Width": 64, "Inner Unique": true, "Join Filter": "(mi.movie_id = t.id)", "Plans": [{"Node Type": "Nested Loop", "Parent Relationship": "Outer", "Join Type": "Inner", "Startup Cost": 10000000001.98, "Total Cost": 1000012225906.36, "Plan Rows": 1413, "Plan Width": 59, "Inner Unique": true, "Plans": [{"Node Type": "Nested Loop", "Parent Relationship": "Outer", "Join Type": "Inner", "Startup Cost": 10000000001.67, "Total Cost": 1000012220900.93, "Plan Rows": 1155, "Plan Width": 63, "Inner Unique": false, "Join Filter": "(mi.movie_id = ci.movie_id)", "Plans": [{"Node Type": "Nested Loop", "Parent Relationship": "Outer", "Join Type": "Inner", "Startup Cost": 10000000000.97, "Total Cost": 1000012215863.83, "Plan Rows": 1044, "Plan Width": 55, "Inner Unique": true, "Plans": [{"Node Type": "Nested Loop", "Parent Relationship": "Outer", "Join Type": "Inner", "Startup Cost": 10000000000.71, "Total Cost": 1000012197983.33, "Plan Rows": 4175, "Plan Width": 59, "Inner Unique": true, "Plans": [{"Node Type": "Nested Loop", "Parent Relationship": "Outer", "Join Type": "Inner", "Startup Cost": 10000000000.45, "Total Cost": 1000010946375.89, "Plan Rows": 292241, "Plan Width": 63, "Inner Unique": false, "Plans": [{"Node Type": "Index Scan", "Parent Relationship": "Outer", "Scan Direction": "Forward", "Index Name": "movie_id_movie_info_idx", "Relation Name": "movie_info_idx", "Alias": "mi_idx", "Startup Cost": 10000000000.0, "Total Cost": 1000004650035.37, "Plan Rows": 1380034, "Plan Width": 13}, {"Node Type": "Bitmap Heap Scan", "Parent Relationship": "Inner", "Relation Name": "movie_info", "Alias": "mi", "Startup Cost": 0.45, "Total Cost": 4.55, "Plan Rows": 1, "Plan Width": 50, "Recheck Cond": "(movie_id = mi_idx.movie_id)", "Filter": "((info)::text = ANY ('{Horror,Action,Sci-Fi,Thriller,Crime,War}'::text[]))", "Plans": [{"Node Type": "Bitmap Index Scan", "Parent Relationship": "Outer", "Index Name": "movie_id_movie_info", "Startup Cost": 0.0, "Total Cost": 0.45, "Plan Rows": 5, "Plan Width": 0, "Index Cond": "(movie_id = mi_idx.movie_id)"}]}]}, {"Node Type": "Bitmap Heap Scan", "Parent Relationship": "Inner", "Relation Name": "info_type", "Alias": "it1", "Startup Cost": 0.26, "Total Cost": 4.27, "Plan Rows": 1, "Plan Width": 4, "Recheck Cond": "(id = mi.info_type_id)", "Filter": "((info)::text = 'genres'::text)", "Plans": [{"Node Type": "Bitmap Index Scan", "Parent Relationship": "Outer", "Index Name": "info_type_pkey", "Startup Cost": 0.0, "Total Cost": 0.26, "Plan Rows": 1, "Plan Width": 0, "Index Cond": "(id = mi.info_type_id)"}]}]}, {"Node Type": "Bitmap Heap Scan", "Parent Relationship": "Inner", "Relation Name": "info_type", "Alias": "it2", "Startup Cost": 0.26, "Total Cost": 4.27, "Plan Rows": 1, "Plan Width": 4, "Recheck Cond": "(id = mi_idx.info_type_id)", "Filter": "((info)::text = 'votes'::text)", "Plans": [{"Node Type": "Bitmap Index Scan", "Parent Relationship": "Outer", "Index Name": "info_type_pkey", "Startup Cost": 0.0, "Total Cost": 0.26, "Plan Rows": 1, "Plan Width": 0, "Index Cond": "(id = mi_idx.info_type_id)"}]}]}, {"Node Type": "Bitmap Heap Scan", "Parent Relationship": "Inner", "Relation Name": "cast_info", "Alias": "ci", "Startup Cost": 0.7, "Total Cost": 4.81, "Plan Rows": 1, "Plan Width": 8, "Recheck Cond": "(movie_id = mi_idx.movie_id)", "Filter": "((note)::text = ANY ('{(writer),\"(head writer)\",\"(written by)\",(story),\"(story editor)\"}'::text[]))", "Plans": [{"Node Type": "Bitmap Index Scan", "Parent Relationship": "Outer", "Index Name": "movie_id_cast_info", "Startup Cost": 0.0, "Total Cost": 0.7, "Plan Rows": 6, "Plan Width": 0, "Index Cond": "(movie_id = mi_idx.movie_id)"}]}]}, {"Node Type": "Bitmap Heap Scan", "Parent Relationship": "Inner", "Relation Name": "name", "Alias": "n", "Startup Cost": 0.31, "Total Cost": 4.32, "Plan Rows": 1, "Plan Width": 4, "Recheck Cond": "(id = ci.person_id)", "Filter": "((gender)::text = 'm'::text)", "Plans": [{"Node Type": "Bitmap Index Scan", "Parent Relationship": "Outer", "Index Name": "name_pkey", "Startup Cost": 0.0, "Total Cost": 0.31, "Plan Rows": 1, "Plan Width": 0, "Index Cond": "(id = ci.person_id)"}]}]}, {"Node Type": "Bitmap Heap Scan", "Parent Relationship": "Inner", "Relation Name": "title", "Alias": "t", "Startup Cost": 0.28, "Total Cost": 4.3, "Plan Rows": 1, "Plan Width": 21, "Recheck Cond": "(id = mi_idx.movie_id)", "Plans": [{"Node Type": "Bitmap Index Scan", "Parent Relationship": "Outer", "Index Name": "title_pkey", "Startup Cost": 0.0, "Total Cost": 0.28, "Plan Rows": 1, "Plan Width": 0, "Index Cond": "(id = mi_idx.movie_id)"}]}]}]}, "Unique SQL Id": 3913857139, "Planner Runtime": 5}, "explain_analyze_plan": null}, "(1, 104)": {"explain_plan": {"Plan": {"Node Type": "Aggregate", "Strategy": "Plain", "Startup Cost": 372126.75, "Total Cost": 372126.76, "Plan Rows": 1, "Plan Width": 160, "Plans": [{"Node Type": "Nested Loop", "Parent Relationship": "Outer", "Join Type": "Inner", "Startup Cost": 4.83, "Total Cost": 372116.15, "Plan Rows": 1413, "Plan Width": 64, "Inner Unique": true, "Plans": [{"Node Type": "Nested Loop", "Parent Relationship": "Outer", "Join Type": "Inner", "Startup Cost": 4.83, "Total Cost": 371536.89, "Plan Rows": 1155, "Plan Width": 68, "Inner Unique": false, "Plans": [{"Node Type": "Nested Loop", "Parent Relationship": "Outer", "Join Type": "Inner", "Startup Cost": 4.83, "Total Cost": 370475.25, "Plan Rows": 1044, "Plan Width": 76, "Inner Unique": true, "Join Filter": "(mi.movie_id = t.id)", "Plans": [{"Node Type": "Hash Join", "Parent Relationship": "Outer", "Join Type": "Inner", "Startup Cost": 4.83, "Total Cost": 370047.06, "Plan Rows": 1044, "Plan Width": 55, "Inner Unique": true, "Hash Cond": "(mi.info_type_id = it1.id)", "Plans": [{"Node Type": "Nested Loop", "Parent Relationship": "Outer", "Join Type": "Inner", "Startup Cost": 2.41, "Total Cost": 369437.93, "Plan Rows": 229029, "Plan Width": 59, "Inner Unique": false, "Plans": [{"Node Type": "Hash Join", "Parent Relationship": "Outer", "Join Type": "Inner", "Startup Cost": 2.41, "Total Cost": 27185.54, "Plan Rows": 345008, "Plan Width": 9, "Inner Unique": true, "Hash Cond": "(mi_idx.info_type_id = it2.id), (LLVM Optimized)", "Plans": [{"Node Type": "Seq Scan", "Parent Relationship": "Outer", "Relation Name": "movie_info_idx", "Alias": "mi_idx", "Startup Cost": 0.0, "Total Cost": 20274.34, "Plan Rows": 1380034, "Plan Width": 13}, {"Node Type": "Hash", "Parent Relationship": "Inner", "Startup Cost": 2.4, "Total Cost": 2.4, "Plan Rows": 1, "Plan Width": 4, "Plans": [{"Node Type": "Seq Scan", "Parent Relationship": "Outer", "Relation Name": "info_type", "Alias": "it2", "Startup Cost": 0.0, "Total Cost": 2.4, "Plan Rows": 1, "Plan Width": 4, "Filter": "((info)::text = 'votes'::text)"}]}]}, {"Node Type": "Index Scan", "Parent Relationship": "Inner", "Scan Direction": "Forward", "Index Name": "movie_id_movie_info", "Relation Name": "movie_info", "Alias": "mi", "Startup Cost": 0.0, "Total Cost": 0.98, "Plan Rows": 1, "Plan Width": 50, "Index Cond": "(movie_id = mi_idx.movie_id)", "Filter": "((info)::text = ANY ('{Horror,Action,Sci-Fi,Thriller,Crime,War}'::text[]))"}]}, {"Node Type": "Hash", "Parent Relationship": "Inner", "Startup Cost": 2.4, "Total Cost": 2.4, "Plan Rows": 1, "Plan Width": 4, "Plans": [{"Node Type": "Seq Scan", "Parent Relationship": "Outer", "Relation Name": "info_type", "Alias": "it1", "Startup Cost": 0.0, "Total Cost": 2.4, "Plan Rows": 1, "Plan Width": 4, "Filter": "((info)::text = 'genres'::text)"}]}]}, {"Node Type": "Index Scan", "Parent Relationship": "Inner", "Scan Direction": "Forward", "Index Name": "title_pkey", "Relation Name": "title", "Alias": "t", "Startup Cost": 0.0, "Total Cost": 0.4, "Plan Rows": 1, "Plan Width": 21, "Index Cond": "(id = mi_idx.movie_id)"}]}, {"Node Type": "Index Scan", "Parent Relationship": "Inner", "Scan Direction": "Forward", "Index Name": "movie_id_cast_info", "Relation Name": "cast_info", "Alias": "ci", "Startup Cost": 0.0, "Total Cost": 1.01, "Plan Rows": 1, "Plan Width": 8, "Index Cond": "(movie_id = t.id)", "Filter": "((note)::text = ANY ('{(writer),\"(head writer)\",\"(written by)\",(story),\"(story editor)\"}'::text[]))"}]}, {"Node Type": "Index Scan", "Parent Relationship": "Inner", "Scan Direction": "Forward", "Index Name": "name_pkey", "Relation Name": "name", "Alias": "n", "Startup Cost": 0.0, "Total Cost": 0.49, "Plan Rows": 1, "Plan Width": 4, "Index Cond": "(id = ci.person_id)", "Filter": "((gender)::text = 'm'::text)"}]}]}, "Unique SQL Id": 3913857139, "Planner Runtime": 11}, "explain_analyze_plan": {"Plan": {"Node Type": "Aggregate", "Strategy": "Plain", "Startup Cost": 372126.75, "Total Cost": 372126.76, "Plan Rows": 1, "Plan Width": 160, "Actual Startup Time": 19192.603, "Actual Total Time": 19192.603, "Actual Rows": 1, "Actual Loops": 1, "Plans": [{"Node Type": "Nested Loop", "Parent Relationship": "Outer", "Join Type": "Inner", "Startup Cost": 4.83, "Total Cost": 372116.15, "Plan Rows": 1413, "Plan Width": 64, "Actual Startup Time": 31.512, "Actual Total Time": 19147.091, "Actual Rows": 28073, "Actual Loops": 1, "Inner Unique": true, "Plans": [{"Node Type": "Nested Loop", "Parent Relationship": "Outer", "Join Type": "Inner", "Startup Cost": 4.83, "Total Cost": 371536.89, "Plan Rows": 1155, "Plan Width": 68, "Actual Startup Time": 15.051, "Actual Total Time": 18741.945, "Actual Rows": 54155, "Actual Loops": 1, "Inner Unique": false, "Plans": [{"Node Type": "Nested Loop", "Parent Relationship": "Outer", "Join Type": "Inner", "Startup Cost": 4.83, "Total Cost": 370475.25, "Plan Rows": 1044, "Plan Width": 76, "Actual Startup Time": 0.935, "Actual Total Time": 10307.429, "Actual Rows": 102516, "Actual Loops": 1, "Inner Unique": true, "Join Filter": "(mi.movie_id = t.id)", "Rows Removed by Join Filter": 0, "Plans": [{"Node Type": "Hash Join", "Parent Relationship": "Outer", "Join Type": "Inner", "Startup Cost": 4.83, "Total Cost": 370047.06, "Plan Rows": 1044, "Plan Width": 55, "Actual Startup Time": 0.924, "Actual Total Time": 9748.301, "Actual Rows": 102516, "Actual Loops": 1, "Inner Unique": true, "Hash Cond": "(mi.info_type_id = it1.id)", "Plans": [{"Node Type": "Nested Loop", "Parent Relationship": "Outer", "Join Type": "Inner", "Startup Cost": 2.41, "Total Cost": 369437.93, "Plan Rows": 229029, "Plan Width": 59, "Actual Startup Time": 0.821, "Actual Total Time": 9687.499, "Actual Rows": 104892, "Actual Loops": 1, "Inner Unique": false, "Plans": [{"Node Type": "Hash Join", "Parent Relationship": "Outer", "Join Type": "Inner", "Startup Cost": 2.41, "Total Cost": 27185.54, "Plan Rows": 345008, "Plan Width": 9, "Actual Startup Time": 0.113, "Actual Total Time": 801.634, "Actual Rows": 459925, "Actual Loops": 1, "Inner Unique": true, "Hash Cond": "(mi_idx.info_type_id = it2.id), (LLVM Optimized, Jit Execute)", "Plans": [{"Node Type": "Seq Scan", "Parent Relationship": "Outer", "Relation Name": "movie_info_idx", "Alias": "mi_idx", "Startup Cost": 0.0, "Total Cost": 20274.34, "Plan Rows": 1380034, "Plan Width": 13, "Actual Startup Time": 0.035, "Actual Total Time": 337.931, "Actual Rows": 1380034, "Actual Loops": 1}, {"Node Type": "Hash", "Parent Relationship": "Inner", "Startup Cost": 2.4, "Total Cost": 2.4, "Plan Rows": 1, "Plan Width": 4, "Actual Startup Time": 0.043, "Actual Total Time": 0.043, "Actual Rows": 1, "Actual Loops": 1, "Hash Buckets": 32768, "Hash Batches": 1, "Original Hash Batches": 1, "Peak Memory Usage": 1, "Plans": [{"Node Type": "Seq Scan", "Parent Relationship": "Outer", "Relation Name": "info_type", "Alias": "it2", "Startup Cost": 0.0, "Total Cost": 2.4, "Plan Rows": 1, "Plan Width": 4, "Actual Startup Time": 0.038, "Actual Total Time": 0.042, "Actual Rows": 1, "Actual Loops": 1, "Filter": "((info)::text = 'votes'::text)", "Rows Removed by Filter": 111}]}]}, {"Node Type": "Index Scan", "Parent Relationship": "Inner", "Scan Direction": "Forward", "Index Name": "movie_id_movie_info", "Relation Name": "movie_info", "Alias": "mi", "Startup Cost": 0.0, "Total Cost": 0.98, "Plan Rows": 1, "Plan Width": 50, "Actual Startup Time": 8455.651, "Actual Total Time": 8614.673, "Actual Rows": 104892, "Actual Loops": 459925, "Index Cond": "(movie_id = mi_idx.movie_id)", "Rows Removed by Index Recheck": 0, "Filter": "((info)::text = ANY ('{Horror,Action,Sci-Fi,Thriller,Crime,War}'::text[]))", "Rows Removed by Filter": 6825442}]}, {"Node Type": "Hash", "Parent Relationship": "Inner", "Startup Cost": 2.4, "Total Cost": 2.4, "Plan Rows": 1, "Plan Width": 4, "Actual Startup Time": 0.061, "Actual Total Time": 0.061, "Actual Rows": 1, "Actual Loops": 1, "Hash Buckets": 32768, "Hash Batches": 1, "Original Hash Batches": 1, "Peak Memory Usage": 1, "Plans": [{"Node Type": "Seq Scan", "Parent Relationship": "Outer", "Relation Name": "info_type", "Alias": "it1", "Startup Cost": 0.0, "Total Cost": 2.4, "Plan Rows": 1, "Plan Width": 4, "Actual Startup Time": 0.032, "Actual Total Time": 0.055, "Actual Rows": 1, "Actual Loops": 1, "Filter": "((info)::text = 'genres'::text)", "Rows Removed by Filter": 111}]}]}, {"Node Type": "Index Scan", "Parent Relationship": "Inner", "Scan Direction": "Forward", "Index Name": "title_pkey", "Relation Name": "title", "Alias": "t", "Startup Cost": 0.0, "Total Cost": 0.4, "Plan Rows": 1, "Plan Width": 21, "Actual Startup Time": 445.886, "Actual Total Time": 445.886, "Actual Rows": 102516, "Actual Loops": 102516, "Index Cond": "(id = mi_idx.movie_id)", "Rows Removed by Index Recheck": 0}]}, {"Node Type": "Index Scan", "Parent Relationship": "Inner", "Scan Direction": "Forward", "Index Name": "movie_id_cast_info", "Relation Name": "cast_info", "Alias": "ci", "Startup Cost": 0.0, "Total Cost": 1.01, "Plan Rows": 1, "Plan Width": 8, "Actual Startup Time": 7133.131, "Actual Total Time": 8362.485, "Actual Rows": 54155, "Actual Loops": 102516, "Index Cond": "(movie_id = t.id)", "Rows Removed by Index Recheck": 0, "Filter": "((note)::text = ANY ('{(writer),\"(head writer)\",\"(written by)\",(story),\"(story editor)\"}'::text[]))", "Rows Removed by Filter": 3987641}]}, {"Node Type": "Index Scan", "Parent Relationship": "Inner", "Scan Direction": "Forward", "Index Name": "name_pkey", "Relation Name": "name", "Alias": "n", "Startup Cost": 0.0, "Total Cost": 0.49, "Plan Rows": 1, "Plan Width": 4, "Actual Startup Time": 360.06, "Actual Total Time": 360.06, "Actual Rows": 28073, "Actual Loops": 54155, "Index Cond": "(id = ci.person_id)", "Rows Removed by Index Recheck": 0, "Filter": "((gender)::text = 'm'::text)", "Rows Removed by Filter": 26082}]}]}, "Triggers": [], "Planner Runtime": 11, "Total Runtime": 19201.435, "Unique SQL Id": 3913857139}}, "(1, 105)": {"explain_plan": {"Plan": {"Node Type": "Aggregate", "Strategy": "Plain", "Startup Cost": 383291.22, "Total Cost": 383291.23, "Plan Rows": 1, "Plan Width": 160, "Plans": [{"Node Type": "Nested Loop", "Parent Relationship": "Outer", "Join Type": "Inner", "Startup Cost": 14.22, "Total Cost": 383280.62, "Plan Rows": 1413, "Plan Width": 64, "Inner Unique": true, "Plans": [{"Node Type": "Nested Loop", "Parent Relationship": "Outer", "Join Type": "Inner", "Startup Cost": 14.22, "Total Cost": 382701.35, "Plan Rows": 1155, "Plan Width": 68, "Inner Unique": false, "Plans": [{"Node Type": "Nested Loop", "Parent Relationship": "Outer", "Join Type": "Inner", "Startup Cost": 14.22, "Total Cost": 381639.72, "Plan Rows": 1044, "Plan Width": 76, "Inner Unique": true, "Join Filter": "(mi.movie_id = t.id)", "Plans": [{"Node Type": "Hash Join", "Parent Relationship": "Outer", "Join Type": "Inner", "Startup Cost": 14.22, "Total Cost": 381211.53, "Plan Rows": 1044, "Plan Width": 55, "Inner Unique": true, "Hash Cond": "(mi.info_type_id = it1.id)", "Plans": [{"Node Type": "Nested Loop", "Parent Relationship": "Outer", "Join Type": "Inner", "Startup Cost": 0.0, "Total Cost": 380590.58, "Plan Rows": 229029, "Plan Width": 59, "Inner Unique": false, "Plans": [{"Node Type": "Nested Loop", "Parent Relationship": "Outer", "Join Type": "Inner", "Startup Cost": 0.0, "Total Cost": 38338.2, "Plan Rows": 345008, "Plan Width": 9, "Inner Unique": false, "Plans": [{"Node Type": "Index Scan", "Parent Relationship": "Outer", "Scan Direction": "Forward", "Index Name": "info_type_pkey", "Relation Name": "info_type", "Alias": "it2", "Startup Cost": 0.0, "Total Cost": 14.21, "Plan Rows": 1, "Plan Width": 4, "Filter": "((info)::text = 'votes'::text)"}, {"Node Type": "Index Scan", "Parent Relationship": "Inner", "Scan Direction": "Forward", "Index Name": "info_type_id_movie_info_idx", "Relation Name": "movie_info_idx", "Alias": "mi_idx", "Startup Cost": 0.0, "Total Cost": 34873.91, "Plan Rows": 345008, "Plan Width": 13, "Index Cond": "(info_type_id = it2.id), (LLVM Optimized)"}]}, {"Node Type": "Index Scan", "Parent Relationship": "Inner", "Scan Direction": "Forward", "Index Name": "movie_id_movie_info", "Relation Name": "movie_info", "Alias": "mi", "Startup Cost": 0.0, "Total Cost": 0.98, "Plan Rows": 1, "Plan Width": 50, "Index Cond": "(movie_id = mi_idx.movie_id)", "Filter": "((info)::text = ANY ('{Horror,Action,Sci-Fi,Thriller,Crime,War}'::text[]))"}]}, {"Node Type": "Hash", "Parent Relationship": "Inner", "Startup Cost": 14.21, "Total Cost": 14.21, "Plan Rows": 1, "Plan Width": 4, "Plans": [{"Node Type": "Index Scan", "Parent Relationship": "Outer", "Scan Direction": "Forward", "Index Name": "info_type_pkey", "Relation Name": "info_type", "Alias": "it1", "Startup Cost": 0.0, "Total Cost": 14.21, "Plan Rows": 1, "Plan Width": 4, "Filter": "((info)::text = 'genres'::text)"}]}]}, {"Node Type": "Index Scan", "Parent Relationship": "Inner", "Scan Direction": "Forward", "Index Name": "title_pkey", "Relation Name": "title", "Alias": "t", "Startup Cost": 0.0, "Total Cost": 0.4, "Plan Rows": 1, "Plan Width": 21, "Index Cond": "(id = mi_idx.movie_id)"}]}, {"Node Type": "Index Scan", "Parent Relationship": "Inner", "Scan Direction": "Forward", "Index Name": "movie_id_cast_info", "Relation Name": "cast_info", "Alias": "ci", "Startup Cost": 0.0, "Total Cost": 1.01, "Plan Rows": 1, "Plan Width": 8, "Index Cond": "(movie_id = t.id)", "Filter": "((note)::text = ANY ('{(writer),\"(head writer)\",\"(written by)\",(story),\"(story editor)\"}'::text[]))"}]}, {"Node Type": "Index Scan", "Parent Relationship": "Inner", "Scan Direction": "Forward", "Index Name": "name_pkey", "Relation Name": "name", "Alias": "n", "Startup Cost": 0.0, "Total Cost": 0.49, "Plan Rows": 1, "Plan Width": 4, "Index Cond": "(id = ci.person_id)", "Filter": "((gender)::text = 'm'::text)"}]}]}, "Unique SQL Id": 3913857139, "Planner Runtime": 8}, "explain_analyze_plan": {"Plan": {"Node Type": "Aggregate", "Strategy": "Plain", "Startup Cost": 383291.22, "Total Cost": 383291.23, "Plan Rows": 1, "Plan Width": 160, "Actual Startup Time": 19259.004, "Actual Total Time": 19259.005, "Actual Rows": 1, "Actual Loops": 1, "Plans": [{"Node Type": "Nested Loop", "Parent Relationship": "Outer", "Join Type": "Inner", "Startup Cost": 14.22, "Total Cost": 383280.62, "Plan Rows": 1413, "Plan Width": 64, "Actual Startup Time": 29.305, "Actual Total Time": 19217.102, "Actual Rows": 28073, "Actual Loops": 1, "Inner Unique": true, "Plans": [{"Node Type": "Nested Loop", "Parent Relationship": "Outer", "Join Type": "Inner", "Startup Cost": 14.22, "Total Cost": 382701.35, "Plan Rows": 1155, "Plan Width": 68, "Actual Startup Time": 14.528, "Actual Total Time": 18797.558, "Actual Rows": 54155, "Actual Loops": 1, "Inner Unique": false, "Plans": [{"Node Type": "Nested Loop", "Parent Relationship": "Outer", "Join Type": "Inner", "Startup Cost": 14.22, "Total Cost": 381639.72, "Plan Rows": 1044, "Plan Width": 76, "Actual Startup Time": 0.878, "Actual Total Time": 10051.366, "Actual Rows": 102516, "Actual Loops": 1, "Inner Unique": true, "Join Filter": "(mi.movie_id = t.id)", "Rows Removed by Join Filter": 0, "Plans": [{"Node Type": "Hash Join", "Parent Relationship": "Outer", "Join Type": "Inner", "Startup Cost": 14.22, "Total Cost": 381211.53, "Plan Rows": 1044, "Plan Width": 55, "Actual Startup Time": 0.866, "Actual Total Time": 9471.109, "Actual Rows": 102516, "Actual Loops": 1, "Inner Unique": true, "Hash Cond": "(mi.info_type_id = it1.id)", "Plans": [{"Node Type": "Nested Loop", "Parent Relationship": "Outer", "Join Type": "Inner", "Startup Cost": 0.0, "Total Cost": 380590.58, "Plan Rows": 229029, "Plan Width": 59, "Actual Startup Time": 0.763, "Actual Total Time": 9407.471, "Actual Rows": 104892, "Actual Loops": 1, "Inner Unique": false, "Plans": [{"Node Type": "Nested Loop", "Parent Relationship": "Outer", "Join Type": "Inner", "Startup Cost": 0.0, "Total Cost": 38338.2, "Plan Rows": 345008, "Plan Width": 9, "Actual Startup Time": 0.084, "Actual Total Time": 400.015, "Actual Rows": 459925, "Actual Loops": 1, "Inner Unique": false, "Plans": [{"Node Type": "Index Scan", "Parent Relationship": "Outer", "Scan Direction": "Forward", "Index Name": "info_type_pkey", "Relation Name": "info_type", "Alias": "it2", "Startup Cost": 0.0, "Total Cost": 14.21, "Plan Rows": 1, "Plan Width": 4, "Actual Startup Time": 0.066, "Actual Total Time": 0.085, "Actual Rows": 1, "Actual Loops": 1, "Filter": "((info)::text = 'votes'::text)", "Rows Removed by Filter": 111}, {"Node Type": "Index Scan", "Parent Relationship": "Inner", "Scan Direction": "Forward", "Index Name": "info_type_id_movie_info_idx", "Relation Name": "movie_info_idx", "Alias": "mi_idx", "Startup Cost": 0.0, "Total Cost": 34873.91, "Plan Rows": 345008, "Plan Width": 13, "Actual Startup Time": 0.015, "Actual Total Time": 291.803, "Actual Rows": 459925, "Actual Loops": 1, "Index Cond": "(info_type_id = it2.id), (LLVM Optimized, Jit Execute)", "Rows Removed by Index Recheck": 0}]}, {"Node Type": "Index Scan", "Parent Relationship": "Inner", "Scan Direction": "Forward", "Index Name": "movie_id_movie_info", "Relation Name": "movie_info", "Alias": "mi", "Startup Cost": 0.0, "Total Cost": 0.98, "Plan Rows": 1, "Plan Width": 50, "Actual Startup Time": 8582.993, "Actual Total Time": 8745.256, "Actual Rows": 104892, "Actual Loops": 459925, "Index Cond": "(movie_id = mi_idx.movie_id)", "Rows Removed by Index Recheck": 0, "Filter": "((info)::text = ANY ('{Horror,Action,Sci-Fi,Thriller,Crime,War}'::text[]))", "Rows Removed by Filter": 6825442}]}, {"Node Type": "Hash", "Parent Relationship": "Inner", "Startup Cost": 14.21, "Total Cost": 14.21, "Plan Rows": 1, "Plan Width": 4, "Actual Startup Time": 0.064, "Actual Total Time": 0.064, "Actual Rows": 1, "Actual Loops": 1, "Hash Buckets": 32768, "Hash Batches": 1, "Original Hash Batches": 1, "Peak Memory Usage": 1, "Plans": [{"Node Type": "Index Scan", "Parent Relationship": "Outer", "Scan Direction": "Forward", "Index Name": "info_type_pkey", "Relation Name": "info_type", "Alias": "it1", "Startup Cost": 0.0, "Total Cost": 14.21, "Plan Rows": 1, "Plan Width": 4, "Actual Startup Time": 0.013, "Actual Total Time": 0.058, "Actual Rows": 1, "Actual Loops": 1, "Filter": "((info)::text = 'genres'::text)", "Rows Removed by Filter": 111}]}]}, {"Node Type": "Index Scan", "Parent Relationship": "Inner", "Scan Direction": "Forward", "Index Name": "title_pkey", "Relation Name": "title", "Alias": "t", "Startup Cost": 0.0, "Total Cost": 0.4, "Plan Rows": 1, "Plan Width": 21, "Actual Startup Time": 461.411, "Actual Total Time": 461.411, "Actual Rows": 102516, "Actual Loops": 102516, "Index Cond": "(id = mi_idx.movie_id)", "Rows Removed by Index Recheck": 0}]}, {"Node Type": "Index Scan", "Parent Relationship": "Inner", "Scan Direction": "Forward", "Index Name": "movie_id_cast_info", "Relation Name": "cast_info", "Alias": "ci", "Startup Cost": 0.0, "Total Cost": 1.01, "Plan Rows": 1, "Plan Width": 8, "Actual Startup Time": 7392.589, "Actual Total Time": 8673.748, "Actual Rows": 54155, "Actual Loops": 102516, "Index Cond": "(movie_id = t.id)", "Rows Removed by Index Recheck": 0, "Filter": "((note)::text = ANY ('{(writer),\"(head writer)\",\"(written by)\",(story),\"(story editor)\"}'::text[]))", "Rows Removed by Filter": 3987641}]}, {"Node Type": "Index Scan", "Parent Relationship": "Inner", "Scan Direction": "Forward", "Index Name": "name_pkey", "Relation Name": "name", "Alias": "n", "Startup Cost": 0.0, "Total Cost": 0.49, "Plan Rows": 1, "Plan Width": 4, "Actual Startup Time": 372.818, "Actual Total Time": 372.818, "Actual Rows": 28073, "Actual Loops": 54155, "Index Cond": "(id = ci.person_id)", "Rows Removed by Index Recheck": 0, "Filter": "((gender)::text = 'm'::text)", "Rows Removed by Filter": 26082}]}]}, "Triggers": [], "Planner Runtime": 8, "Total Runtime": 19267.881, "Unique SQL Id": 3913857139}}, "(1, 106)": {"explain_plan": {"Plan": {"Node Type": "Aggregate", "Strategy": "Plain", "Startup Cost": 1484668.98, "Total Cost": 1484668.99, "Plan Rows": 1, "Plan Width": 160, "Plans": [{"Node Type": "Hash Join", "Parent Relationship": "Outer", "Join Type": "Inner", "Startup Cost": 651541.77, "Total Cost": 1484658.39, "Plan Rows": 1413, "Plan Width": 64, "Inner Unique": true, "Hash Cond": "(ci.person_id = n.id)", "Plans": [{"Node Type": "Hash Join", "Parent Relationship": "Outer", "Join Type": "Inner", "Startup Cost": 526292.22, "Total Cost": 1359390.38, "Plan Rows": 1155, "Plan Width": 68, "Inner Unique": false, "Hash Cond": "(ci.movie_id = t.id)", "Plans": [{"Node Type": "Seq Scan", "Parent Relationship": "Outer", "Relation Name": "cast_info", "Alias": "ci", "Startup Cost": 0.0, "Total Cost": 828499.78, "Plan Rows": 1223154, "Plan Width": 8, "Filter": "((note)::text = ANY ('{(writer),\"(head writer)\",\"(written by)\",(story),\"(story editor)\"}'::text[]))"}, {"Node Type": "Hash", "Parent Relationship": "Inner", "Startup Cost": 526279.17, "Total Cost": 526279.17, "Plan Rows": 1044, "Plan Width": 76, "Plans": [{"Node Type": "Hash Join", "Parent Relationship": "Outer", "Join Type": "Inner", "Startup Cost": 500765.33, "Total Cost": 526279.17, "Plan Rows": 1044, "Plan Width": 76, "Inner Unique": true, "Hash Cond": "(mi_idx.info_type_id = it2.id)", "Plans": [{"Node Type": "Hash Join", "Parent Relationship": "Outer", "Join Type": "Inner", "Startup Cost": 500762.92, "Total Cost": 526254.14, "Plan Rows": 4175, "Plan Width": 80, "Inner Unique": false, "Hash Cond": "(mi_idx.movie_id = t.id)", "Plans": [{"Node Type": "Seq Scan", "Parent Relationship": "Outer", "Relation Name": "movie_info_idx", "Alias": "mi_idx", "Startup Cost": 0.0, "Total Cost": 20274.34, "Plan Rows": 1380034, "Plan Width": 13}, {"Node Type": "Hash", "Parent Relationship": "Inner", "Startup Cost": 500728.96, "Total Cost": 500728.96, "Plan Rows": 2717, "Plan Width": 67, "Plans": [{"Node Type": "Hash Join", "Parent Relationship": "Outer", "Join Type": "Inner", "Startup Cost": 91675.41, "Total Cost": 500728.96, "Plan Rows": 2717, "Plan Width": 67, "Inner Unique": true, "Hash Cond": "(mi.movie_id = t.id)", "Plans": [{"Node Type": "Hash Join", "Parent Relationship": "Outer", "Join Type": "Inner", "Startup Cost": 2.41, "Total Cost": 409018.6, "Plan Rows": 2717, "Plan Width": 46, "Inner Unique": true, "Hash Cond": "(mi.info_type_id = it1.id)", "Plans": [{"Node Type": "Seq Scan", "Parent Relationship": "Outer", "Relation Name": "movie_info", "Alias": "mi", "Startup Cost": 0.0, "Total Cost": 408512.41, "Plan Rows": 190170, "Plan Width": 50, "Filter": "((info)::text = ANY ('{Horror,Action,Sci-Fi,Thriller,Crime,War}'::text[]))"}, {"Node Type": "Hash", "Parent Relationship": "Inner", "Startup Cost": 2.4, "Total Cost": 2.4, "Plan Rows": 1, "Plan Width": 4, "Plans": [{"Node Type": "Seq Scan", "Parent Relationship": "Outer", "Relation Name": "info_type", "Alias": "it1", "Startup Cost": 0.0, "Total Cost": 2.4, "Plan Rows": 1, "Plan Width": 4, "Filter": "((info)::text = 'genres'::text)"}]}]}, {"Node Type": "Hash", "Parent Relationship": "Inner", "Startup Cost": 60069.11, "Total Cost": 60069.11, "Plan Rows": 2528311, "Plan Width": 21, "Plans": [{"Node Type": "Seq Scan", "Parent Relationship": "Outer", "Relation Name": "title", "Alias": "t", "Startup Cost": 0.0, "Total Cost": 60069.11, "Plan Rows": 2528311, "Plan Width": 21}]}]}]}]}, {"Node Type": "Hash", "Parent Relationship": "Inner", "Startup Cost": 2.4, "Total Cost": 2.4, "Plan Rows": 1, "Plan Width": 4, "Plans": [{"Node Type": "Seq Scan", "Parent Relationship": "Outer", "Relation Name": "info_type", "Alias": "it2", "Startup Cost": 0.0, "Total Cost": 2.4, "Plan Rows": 1, "Plan Width": 4, "Filter": "((info)::text = 'votes'::text)"}]}]}]}]}, {"Node Type": "Hash", "Parent Relationship": "Inner", "Startup Cost": 103490.62, "Total Cost": 103490.62, "Plan Rows": 1740714, "Plan Width": 4, "Plans": [{"Node Type": "Seq Scan", "Parent Relationship": "Outer", "Relation Name": "name", "Alias": "n", "Startup Cost": 0.0, "Total Cost": 103490.62, "Plan Rows": 1740714, "Plan Width": 4, "Filter": "((gender)::text = 'm'::text), (LLVM Optimized)"}]}]}]}, "Unique SQL Id": 3913857139, "Planner Runtime": 26}, "explain_analyze_plan": {"Plan": {"Node Type": "Aggregate", "Strategy": "Plain", "Startup Cost": 1484668.98, "Total Cost": 1484668.99, "Plan Rows": 1, "Plan Width": 160, "Actual Startup Time": 26672.131, "Actual Total Time": 26672.131, "Actual Rows": 1, "Actual Loops": 1, "Plans": [{"Node Type": "Hash Join", "Parent Relationship": "Outer", "Join Type": "Inner", "Startup Cost": 651541.77, "Total Cost": 1484658.39, "Plan Rows": 1413, "Plan Width": 64, "Actual Startup Time": 13229.219, "Actual Total Time": 26650.095, "Actual Rows": 28073, "Actual Loops": 1, "Inner Unique": true, "Hash Cond": "(ci.person_id = n.id)", "Plans": [{"Node Type": "Hash Join", "Parent Relationship": "Outer", "Join Type": "Inner", "Startup Cost": 526292.22, "Total Cost": 1359390.38, "Plan Rows": 1155, "Plan Width": 68, "Actual Startup Time": 11216.557, "Actual Total Time": 24595.878, "Actual Rows": 54155, "Actual Loops": 1, "Inner Unique": false, "Hash Cond": "(ci.movie_id = t.id)", "Plans": [{"Node Type": "Seq Scan", "Parent Relationship": "Outer", "Relation Name": "cast_info", "Alias": "ci", "Startup Cost": 0.0, "Total Cost": 828499.78, "Plan Rows": 1223154, "Plan Width": 8, "Actual Startup Time": 388.251, "Actual Total Time": 13877.358, "Actual Rows": 1244716, "Actual Loops": 1, "Filter": "((note)::text = ANY ('{(writer),\"(head writer)\",\"(written by)\",(story),\"(story editor)\"}'::text[]))", "Rows Removed by Filter": 34999627}, {"Node Type": "Hash", "Parent Relationship": "Inner", "Startup Cost": 526279.17, "Total Cost": 526279.17, "Plan Rows": 1044, "Plan Width": 76, "Actual Startup Time": 10257.196, "Actual Total Time": 10257.196, "Actual Rows": 102516, "Actual Loops": 1, "Hash Buckets": 32768, "Hash Batches": 1, "Original Hash Batches": 1, "Peak Memory Usage": 7647, "Plans": [{"Node Type": "Hash Join", "Parent Relationship": "Outer", "Join Type": "Inner", "Startup Cost": 500765.33, "Total Cost": 526279.17, "Plan Rows": 1044, "Plan Width": 76, "Actual Startup Time": 9342.497, "Actual Total Time": 10219.023, "Actual Rows": 102516, "Actual Loops": 1, "Inner Unique": true, "Hash Cond": "(mi_idx.info_type_id = it2.id)", "Plans": [{"Node Type": "Hash Join", "Parent Relationship": "Outer", "Join Type": "Inner", "Startup Cost": 500762.92, "Total Cost": 526254.14, "Plan Rows": 4175, "Plan Width": 80, "Actual Startup Time": 9342.374, "Actual Total Time": 10145.91, "Actual Rows": 307785, "Actual Loops": 1, "Inner Unique": false, "Hash Cond": "(mi_idx.movie_id = t.id)", "Plans": [{"Node Type": "Seq Scan", "Parent Relationship": "Outer", "Relation Name": "movie_info_idx", "Alias": "mi_idx", "Startup Cost": 0.0, "Total Cost": 20274.34, "Plan Rows": 1380034, "Plan Width": 13, "Actual Startup Time": 0.038, "Actual Total Time": 314.132, "Actual Rows": 1380034, "Actual Loops": 1}, {"Node Type": "Hash", "Parent Relationship": "Inner", "Startup Cost": 500728.96, "Total Cost": 500728.96, "Plan Rows": 2717, "Plan Width": 67, "Actual Startup Time": 9338.569, "Actual Total Time": 9338.569, "Actual Rows": 186594, "Actual Loops": 1, "Hash Buckets": 32768, "Hash Batches": 1, "Original Hash Batches": 1, "Peak Memory Usage": 12274, "Plans": [{"Node Type": "Hash Join", "Parent Relationship": "Outer", "Join Type": "Inner", "Startup Cost": 91675.41, "Total Cost": 500728.96, "Plan Rows": 2717, "Plan Width": 67, "Actual Startup Time": 8214.024, "Actual Total Time": 9273.695, "Actual Rows": 186594, "Actual Loops": 1, "Inner Unique": true, "Hash Cond": "(mi.movie_id = t.id)", "Plans": [{"Node Type": "Hash Join", "Parent Relationship": "Outer", "Join Type": "Inner", "Startup Cost": 2.41, "Total Cost": 409018.6, "Plan Rows": 2717, "Plan Width": 46, "Actual Startup Time": 6534.423, "Actual Total Time": 7491.513, "Actual Rows": 186594, "Actual Loops": 1, "Inner Unique": true, "Hash Cond": "(mi.info_type_id = it1.id)", "Plans": [{"Node Type": "Seq Scan", "Parent Relationship": "Outer", "Relation Name": "movie_info", "Alias": "mi", "Startup Cost": 0.0, "Total Cost": 408512.41, "Plan Rows": 190170, "Plan Width": 50, "Actual Startup Time": 3532.118, "Actual Total Time": 7408.039, "Actual Rows": 188971, "Actual Loops": 1, "Filter": "((info)::text = ANY ('{Horror,Action,Sci-Fi,Thriller,Crime,War}'::text[]))", "Rows Removed by Filter": 14646748}, {"Node Type": "Hash", "Parent Relationship": "Inner", "Startup Cost": 2.4, "Total Cost": 2.4, "Plan Rows": 1, "Plan Width": 4, "Actual Startup Time": 0.085, "Actual Total Time": 0.085, "Actual Rows": 1, "Actual Loops": 1, "Hash Buckets": 32768, "Hash Batches": 1, "Original Hash Batches": 1, "Peak Memory Usage": 1, "Plans": [{"Node Type": "Seq Scan", "Parent Relationship": "Outer", "Relation Name": "info_type", "Alias": "it1", "Startup Cost": 0.0, "Total Cost": 2.4, "Plan Rows": 1, "Plan Width": 4, "Actual Startup Time": 0.051, "Actual Total Time": 0.075, "Actual Rows": 1, "Actual Loops": 1, "Filter": "((info)::text = 'genres'::text)", "Rows Removed by Filter": 111}]}]}, {"Node Type": "Hash", "Parent Relationship": "Inner", "Startup Cost": 60069.11, "Total Cost": 60069.11, "Plan Rows": 2528311, "Plan Width": 21, "Actual Startup Time": 1677.078, "Actual Total Time": 1677.078, "Actual Rows": 2528311, "Actual Loops": 1, "Hash Buckets": 4194304, "Hash Batches": 1, "Original Hash Batches": 1, "Peak Memory Usage": 135869, "Plans": [{"Node Type": "Seq Scan", "Parent Relationship": "Outer", "Relation Name": "title", "Alias": "t", "Startup Cost": 0.0, "Total Cost": 60069.11, "Plan Rows": 2528311, "Plan Width": 21, "Actual Startup Time": 0.029, "Actual Total Time": 840.375, "Actual Rows": 2528311, "Actual Loops": 1}]}]}]}]}, {"Node Type": "Hash", "Parent Relationship": "Inner", "Startup Cost": 2.4, "Total Cost": 2.4, "Plan Rows": 1, "Plan Width": 4, "Actual Startup Time": 0.073, "Actual Total Time": 0.073, "Actual Rows": 1, "Actual Loops": 1, "Hash Buckets": 32768, "Hash Batches": 1, "Original Hash Batches": 1, "Peak Memory Usage": 1, "Plans": [{"Node Type": "Seq Scan", "Parent Relationship": "Outer", "Relation Name": "info_type", "Alias": "it2", "Startup Cost": 0.0, "Total Cost": 2.4, "Plan Rows": 1, "Plan Width": 4, "Actual Startup Time": 0.059, "Actual Total Time": 0.064, "Actual Rows": 1, "Actual Loops": 1, "Filter": "((info)::text = 'votes'::text)", "Rows Removed by Filter": 111}]}]}]}]}, {"Node Type": "Hash", "Parent Relationship": "Inner", "Startup Cost": 103490.62, "Total Cost": 103490.62, "Plan Rows": 1740714, "Plan Width": 4, "Actual Startup Time": 2011.361, "Actual Total Time": 2011.361, "Actual Rows": 1739578, "Actual Loops": 1, "Hash Buckets": 2097152, "Hash Batches": 1, "Original Hash Batches": 1, "Peak Memory Usage": 61158, "Plans": [{"Node Type": "Seq Scan", "Parent Relationship": "Outer", "Relation Name": "name", "Alias": "n", "Startup Cost": 0.0, "Total Cost": 103490.62, "Plan Rows": 1740714, "Plan Width": 4, "Actual Startup Time": 0.036, "Actual Total Time": 1413.093, "Actual Rows": 1739578, "Actual Loops": 1, "Filter": "((gender)::text = 'm'::text), (LLVM Optimized, Jit Execute)", "Rows Removed by Filter": 2427912}]}]}]}, "Triggers": [], "Planner Runtime": 27, "Total Runtime": 26682.886, "Unique SQL Id": 3913857139}}, "(1, 107)": {"explain_plan": {"Plan": {"Node Type": "Aggregate", "Strategy": "Plain", "Startup Cost": 7000241394449.71, "Total Cost": 7000241394449.72, "Plan Rows": 1, "Plan Width": 160, "Plans": [{"Node Type": "Hash Join", "Parent Relationship": "Outer", "Join Type": "Inner", "Startup Cost": 5020224899757.33, "Total Cost": 7000241394439.11, "Plan Rows": 1413, "Plan Width": 64, "Inner Unique": true, "Hash Cond": "(mi.movie_id = t.id)", "Plans": [{"Node Type": "Hash Join", "Parent Relationship": "Outer", "Join Type": "Inner", "Startup Cost": 4020213856104.53, "Total Cost": 6000230350766.88, "Plan Rows": 1413, "Plan Width": 59, "Inner Unique": true, "Hash Cond": "(ci.person_id = n.id)", "Plans": [{"Node Type": "Hash Join", "Parent Relationship": "Outer", "Join Type": "Inner", "Startup Cost": 3020195169198.4, "Total Cost": 5000211663842.29, "Plan Rows": 1155, "Plan Width": 63, "Inner Unique": false, "Hash Cond": "(mi.movie_id = ci.movie_id)", "Plans": [{"Node Type": "Hash Join", "Parent Relationship": "Outer", "Join Type": "Inner", "Startup Cost": 2020001842892.02, "Total Cost": 4000018333841.64, "Plan Rows": 1044, "Plan Width": 55, "Inner Unique": false, "Hash Cond": "(mi.movie_id = mi_idx.movie_id)", "Plans": [{"Node Type": "Nested Loop", "Parent Relationship": "Outer", "Join Type": "Inner", "Startup Cost": 20000004842.14, "Total Cost": 2000016495701.31, "Plan Rows": 2717, "Plan Width": 46, "Inner Unique": false, "Plans": [{"Node Type": "Index Scan", "Parent Relationship": "Outer", "Scan Direction": "Forward", "Index Name": "info_type_pkey", "Relation Name": "info_type", "Alias": "it1", "Startup Cost": 10000000000.0, "Total Cost": 1000000001421.0, "Plan Rows": 1, "Plan Width": 4, "Filter": "((info)::text = 'genres'::text)"}, {"Node Type": "Bitmap Heap Scan", "Parent Relationship": "Inner", "Relation Name": "movie_info", "Alias": "mi", "Startup Cost": 10000004842.14, "Total Cost": 1000016494253.14, "Plan Rows": 2717, "Plan Width": 50, "Recheck Cond": "(info_type_id = it1.id)", "Filter": "((info)::text = ANY ('{Horror,Action,Sci-Fi,Thriller,Crime,War}'::text[]))", "Plans": [{"Node Type": "Bitmap Index Scan", "Parent Relationship": "Outer", "Index Name": "info_type_id_movie_info", "Startup Cost": 0.0, "Total Cost": 4841.46, "Plan Rows": 212428, "Plan Width": 0, "Index Cond": "(info_type_id = it1.id)"}]}]}, {"Node Type": "Hash", "Parent Relationship": "Inner", "Startup Cost": 2000001833737.28, "Total Cost": 2000001833737.28, "Plan Rows": 345008, "Plan Width": 9, "Plans": [{"Node Type": "Nested Loop", "Parent Relationship": "Outer", "Join Type": "Inner", "Startup Cost": 20000007502.06, "Total Cost": 2000001833737.28, "Plan Rows": 345008, "Plan Width": 9, "Inner Unique": false, "Plans": [{"Node Type": "Index Scan", "Parent Relationship": "Outer", "Scan Direction": "Forward", "Index Name": "info_type_pkey", "Relation Name": "info_type", "Alias": "it2", "Startup Cost": 10000000000.0, "Total Cost": 1000000001421.0, "Plan Rows": 1, "Plan Width": 4, "Filter": "((info)::text = 'votes'::text)"}, {"Node Type": "Bitmap Heap Scan", "Parent Relationship": "Inner", "Relation Name": "movie_info_idx", "Alias": "mi_idx", "Startup Cost": 10000007502.06, "Total Cost": 1000001828866.2, "Plan Rows": 345008, "Plan Width": 13, "Recheck Cond": "(info_type_id = it2.id), (LLVM Optimized)", "Plans": [{"Node Type": "Bitmap Index Scan", "Parent Relationship": "Outer", "Index Name": "info_type_id_movie_info_idx", "Startup Cost": 0.0, "Total Cost": 7415.81, "Plan Rows": 345008, "Plan Width": 0, "Index Cond": "(info_type_id = it2.id)"}]}]}]}]}, {"Node Type": "Hash", "Parent Relationship": "Inner", "Startup Cost": 1000193311016.96, "Total Cost": 1000193311016.96, "Plan Rows": 1223154, "Plan Width": 8, "Plans": [{"Node Type": "Index Scan", "Parent Relationship": "Outer", "Scan Direction": "Forward", "Index Name": "person_id_cast_info", "Relation Name": "cast_info", "Alias": "ci", "Startup Cost": 10000000000.0, "Total Cost": 1000193311016.96, "Plan Rows": 1223154, "Plan Width": 8, "Filter": "((note)::text = ANY ('{(writer),\"(head writer)\",\"(written by)\",(story),\"(story editor)\"}'::text[]))"}]}]}, {"Node Type": "Hash", "Parent Relationship": "Inner", "Startup Cost": 1000018665147.2, "Total Cost": 1000018665147.2, "Plan Rows": 1740714, "Plan Width": 4, "Plans": [{"Node Type": "Index Scan", "Parent Relationship": "Outer", "Scan Direction": "Forward", "Index Name": "name_pkey", "Relation Name": "name", "Alias": "n", "Startup Cost": 10000000000.0, "Total Cost": 1000018665147.2, "Plan Rows": 1740714, "Plan Width": 4, "Filter": "((gender)::text = 'm'::text), (LLVM Optimized)"}]}]}, {"Node Type": "Hash", "Parent Relationship": "Inner", "Startup Cost": 1000011012048.91, "Total Cost": 1000011012048.91, "Plan Rows": 2528311, "Plan Width": 21, "Plans": [{"Node Type": "Index Scan", "Parent Relationship": "Outer", "Scan Direction": "Forward", "Index Name": "title_pkey", "Relation Name": "title", "Alias": "t", "Startup Cost": 10000000000.0, "Total Cost": 1000011012048.91, "Plan Rows": 2528311, "Plan Width": 21}]}]}]}, "Unique SQL Id": 3913857139, "Planner Runtime": 24}, "explain_analyze_plan": null}, "(1, 108)": {"explain_plan": {"Plan": {"Node Type": "Aggregate", "Strategy": "Plain", "Startup Cost": 372126.75, "Total Cost": 372126.76, "Plan Rows": 1, "Plan Width": 160, "Plans": [{"Node Type": "Nested Loop", "Parent Relationship": "Outer", "Join Type": "Inner", "Startup Cost": 4.83, "Total Cost": 372116.15, "Plan Rows": 1413, "Plan Width": 64, "Inner Unique": true, "Plans": [{"Node Type": "Nested Loop", "Parent Relationship": "Outer", "Join Type": "Inner", "Startup Cost": 4.83, "Total Cost": 371536.89, "Plan Rows": 1155, "Plan Width": 68, "Inner Unique": false, "Plans": [{"Node Type": "Nested Loop", "Parent Relationship": "Outer", "Join Type": "Inner", "Startup Cost": 4.83, "Total Cost": 370475.25, "Plan Rows": 1044, "Plan Width": 76, "Inner Unique": true, "Join Filter": "(mi.movie_id = t.id)", "Plans": [{"Node Type": "Hash Join", "Parent Relationship": "Outer", "Join Type": "Inner", "Startup Cost": 4.83, "Total Cost": 370047.06, "Plan Rows": 1044, "Plan Width": 55, "Inner Unique": true, "Hash Cond": "(mi.info_type_id = it1.id)", "Plans": [{"Node Type": "Nested Loop", "Parent Relationship": "Outer", "Join Type": "Inner", "Startup Cost": 2.41, "Total Cost": 369437.93, "Plan Rows": 229029, "Plan Width": 59, "Inner Unique": false, "Plans": [{"Node Type": "Hash Join", "Parent Relationship": "Outer", "Join Type": "Inner", "Startup Cost": 2.41, "Total Cost": 27185.54, "Plan Rows": 345008, "Plan Width": 9, "Inner Unique": true, "Hash Cond": "(mi_idx.info_type_id = it2.id), (LLVM Optimized)", "Plans": [{"Node Type": "Seq Scan", "Parent Relationship": "Outer", "Relation Name": "movie_info_idx", "Alias": "mi_idx", "Startup Cost": 0.0, "Total Cost": 20274.34, "Plan Rows": 1380034, "Plan Width": 13}, {"Node Type": "Hash", "Parent Relationship": "Inner", "Startup Cost": 2.4, "Total Cost": 2.4, "Plan Rows": 1, "Plan Width": 4, "Plans": [{"Node Type": "Seq Scan", "Parent Relationship": "Outer", "Relation Name": "info_type", "Alias": "it2", "Startup Cost": 0.0, "Total Cost": 2.4, "Plan Rows": 1, "Plan Width": 4, "Filter": "((info)::text = 'votes'::text)"}]}]}, {"Node Type": "Index Scan", "Parent Relationship": "Inner", "Scan Direction": "Forward", "Index Name": "movie_id_movie_info", "Relation Name": "movie_info", "Alias": "mi", "Startup Cost": 0.0, "Total Cost": 0.98, "Plan Rows": 1, "Plan Width": 50, "Index Cond": "(movie_id = mi_idx.movie_id)", "Filter": "((info)::text = ANY ('{Horror,Action,Sci-Fi,Thriller,Crime,War}'::text[]))"}]}, {"Node Type": "Hash", "Parent Relationship": "Inner", "Startup Cost": 2.4, "Total Cost": 2.4, "Plan Rows": 1, "Plan Width": 4, "Plans": [{"Node Type": "Seq Scan", "Parent Relationship": "Outer", "Relation Name": "info_type", "Alias": "it1", "Startup Cost": 0.0, "Total Cost": 2.4, "Plan Rows": 1, "Plan Width": 4, "Filter": "((info)::text = 'genres'::text)"}]}]}, {"Node Type": "Index Scan", "Parent Relationship": "Inner", "Scan Direction": "Forward", "Index Name": "title_pkey", "Relation Name": "title", "Alias": "t", "Startup Cost": 0.0, "Total Cost": 0.4, "Plan Rows": 1, "Plan Width": 21, "Index Cond": "(id = mi_idx.movie_id)"}]}, {"Node Type": "Index Scan", "Parent Relationship": "Inner", "Scan Direction": "Forward", "Index Name": "movie_id_cast_info", "Relation Name": "cast_info", "Alias": "ci", "Startup Cost": 0.0, "Total Cost": 1.01, "Plan Rows": 1, "Plan Width": 8, "Index Cond": "(movie_id = t.id)", "Filter": "((note)::text = ANY ('{(writer),\"(head writer)\",\"(written by)\",(story),\"(story editor)\"}'::text[]))"}]}, {"Node Type": "Index Scan", "Parent Relationship": "Inner", "Scan Direction": "Forward", "Index Name": "name_pkey", "Relation Name": "name", "Alias": "n", "Startup Cost": 0.0, "Total Cost": 0.49, "Plan Rows": 1, "Plan Width": 4, "Index Cond": "(id = ci.person_id)", "Filter": "((gender)::text = 'm'::text)"}]}]}, "Unique SQL Id": 3913857139, "Planner Runtime": 11}, "explain_analyze_plan": {"Plan": {"Node Type": "Aggregate", "Strategy": "Plain", "Startup Cost": 372126.75, "Total Cost": 372126.76, "Plan Rows": 1, "Plan Width": 160, "Actual Startup Time": 19192.603, "Actual Total Time": 19192.603, "Actual Rows": 1, "Actual Loops": 1, "Plans": [{"Node Type": "Nested Loop", "Parent Relationship": "Outer", "Join Type": "Inner", "Startup Cost": 4.83, "Total Cost": 372116.15, "Plan Rows": 1413, "Plan Width": 64, "Actual Startup Time": 31.512, "Actual Total Time": 19147.091, "Actual Rows": 28073, "Actual Loops": 1, "Inner Unique": true, "Plans": [{"Node Type": "Nested Loop", "Parent Relationship": "Outer", "Join Type": "Inner", "Startup Cost": 4.83, "Total Cost": 371536.89, "Plan Rows": 1155, "Plan Width": 68, "Actual Startup Time": 15.051, "Actual Total Time": 18741.945, "Actual Rows": 54155, "Actual Loops": 1, "Inner Unique": false, "Plans": [{"Node Type": "Nested Loop", "Parent Relationship": "Outer", "Join Type": "Inner", "Startup Cost": 4.83, "Total Cost": 370475.25, "Plan Rows": 1044, "Plan Width": 76, "Actual Startup Time": 0.935, "Actual Total Time": 10307.429, "Actual Rows": 102516, "Actual Loops": 1, "Inner Unique": true, "Join Filter": "(mi.movie_id = t.id)", "Rows Removed by Join Filter": 0, "Plans": [{"Node Type": "Hash Join", "Parent Relationship": "Outer", "Join Type": "Inner", "Startup Cost": 4.83, "Total Cost": 370047.06, "Plan Rows": 1044, "Plan Width": 55, "Actual Startup Time": 0.924, "Actual Total Time": 9748.301, "Actual Rows": 102516, "Actual Loops": 1, "Inner Unique": true, "Hash Cond": "(mi.info_type_id = it1.id)", "Plans": [{"Node Type": "Nested Loop", "Parent Relationship": "Outer", "Join Type": "Inner", "Startup Cost": 2.41, "Total Cost": 369437.93, "Plan Rows": 229029, "Plan Width": 59, "Actual Startup Time": 0.821, "Actual Total Time": 9687.499, "Actual Rows": 104892, "Actual Loops": 1, "Inner Unique": false, "Plans": [{"Node Type": "Hash Join", "Parent Relationship": "Outer", "Join Type": "Inner", "Startup Cost": 2.41, "Total Cost": 27185.54, "Plan Rows": 345008, "Plan Width": 9, "Actual Startup Time": 0.113, "Actual Total Time": 801.634, "Actual Rows": 459925, "Actual Loops": 1, "Inner Unique": true, "Hash Cond": "(mi_idx.info_type_id = it2.id), (LLVM Optimized, Jit Execute)", "Plans": [{"Node Type": "Seq Scan", "Parent Relationship": "Outer", "Relation Name": "movie_info_idx", "Alias": "mi_idx", "Startup Cost": 0.0, "Total Cost": 20274.34, "Plan Rows": 1380034, "Plan Width": 13, "Actual Startup Time": 0.035, "Actual Total Time": 337.931, "Actual Rows": 1380034, "Actual Loops": 1}, {"Node Type": "Hash", "Parent Relationship": "Inner", "Startup Cost": 2.4, "Total Cost": 2.4, "Plan Rows": 1, "Plan Width": 4, "Actual Startup Time": 0.043, "Actual Total Time": 0.043, "Actual Rows": 1, "Actual Loops": 1, "Hash Buckets": 32768, "Hash Batches": 1, "Original Hash Batches": 1, "Peak Memory Usage": 1, "Plans": [{"Node Type": "Seq Scan", "Parent Relationship": "Outer", "Relation Name": "info_type", "Alias": "it2", "Startup Cost": 0.0, "Total Cost": 2.4, "Plan Rows": 1, "Plan Width": 4, "Actual Startup Time": 0.038, "Actual Total Time": 0.042, "Actual Rows": 1, "Actual Loops": 1, "Filter": "((info)::text = 'votes'::text)", "Rows Removed by Filter": 111}]}]}, {"Node Type": "Index Scan", "Parent Relationship": "Inner", "Scan Direction": "Forward", "Index Name": "movie_id_movie_info", "Relation Name": "movie_info", "Alias": "mi", "Startup Cost": 0.0, "Total Cost": 0.98, "Plan Rows": 1, "Plan Width": 50, "Actual Startup Time": 8455.651, "Actual Total Time": 8614.673, "Actual Rows": 104892, "Actual Loops": 459925, "Index Cond": "(movie_id = mi_idx.movie_id)", "Rows Removed by Index Recheck": 0, "Filter": "((info)::text = ANY ('{Horror,Action,Sci-Fi,Thriller,Crime,War}'::text[]))", "Rows Removed by Filter": 6825442}]}, {"Node Type": "Hash", "Parent Relationship": "Inner", "Startup Cost": 2.4, "Total Cost": 2.4, "Plan Rows": 1, "Plan Width": 4, "Actual Startup Time": 0.061, "Actual Total Time": 0.061, "Actual Rows": 1, "Actual Loops": 1, "Hash Buckets": 32768, "Hash Batches": 1, "Original Hash Batches": 1, "Peak Memory Usage": 1, "Plans": [{"Node Type": "Seq Scan", "Parent Relationship": "Outer", "Relation Name": "info_type", "Alias": "it1", "Startup Cost": 0.0, "Total Cost": 2.4, "Plan Rows": 1, "Plan Width": 4, "Actual Startup Time": 0.032, "Actual Total Time": 0.055, "Actual Rows": 1, "Actual Loops": 1, "Filter": "((info)::text = 'genres'::text)", "Rows Removed by Filter": 111}]}]}, {"Node Type": "Index Scan", "Parent Relationship": "Inner", "Scan Direction": "Forward", "Index Name": "title_pkey", "Relation Name": "title", "Alias": "t", "Startup Cost": 0.0, "Total Cost": 0.4, "Plan Rows": 1, "Plan Width": 21, "Actual Startup Time": 445.886, "Actual Total Time": 445.886, "Actual Rows": 102516, "Actual Loops": 102516, "Index Cond": "(id = mi_idx.movie_id)", "Rows Removed by Index Recheck": 0}]}, {"Node Type": "Index Scan", "Parent Relationship": "Inner", "Scan Direction": "Forward", "Index Name": "movie_id_cast_info", "Relation Name": "cast_info", "Alias": "ci", "Startup Cost": 0.0, "Total Cost": 1.01, "Plan Rows": 1, "Plan Width": 8, "Actual Startup Time": 7133.131, "Actual Total Time": 8362.485, "Actual Rows": 54155, "Actual Loops": 102516, "Index Cond": "(movie_id = t.id)", "Rows Removed by Index Recheck": 0, "Filter": "((note)::text = ANY ('{(writer),\"(head writer)\",\"(written by)\",(story),\"(story editor)\"}'::text[]))", "Rows Removed by Filter": 3987641}]}, {"Node Type": "Index Scan", "Parent Relationship": "Inner", "Scan Direction": "Forward", "Index Name": "name_pkey", "Relation Name": "name", "Alias": "n", "Startup Cost": 0.0, "Total Cost": 0.49, "Plan Rows": 1, "Plan Width": 4, "Actual Startup Time": 360.06, "Actual Total Time": 360.06, "Actual Rows": 28073, "Actual Loops": 54155, "Index Cond": "(id = ci.person_id)", "Rows Removed by Index Recheck": 0, "Filter": "((gender)::text = 'm'::text)", "Rows Removed by Filter": 26082}]}]}, "Triggers": [], "Planner Runtime": 11, "Total Runtime": 19201.435, "Unique SQL Id": 3913857139}}, "(1, 109)": {"explain_plan": {"Plan": {"Node Type": "Aggregate", "Strategy": "Plain", "Startup Cost": 383291.22, "Total Cost": 383291.23, "Plan Rows": 1, "Plan Width": 160, "Plans": [{"Node Type": "Nested Loop", "Parent Relationship": "Outer", "Join Type": "Inner", "Startup Cost": 14.22, "Total Cost": 383280.62, "Plan Rows": 1413, "Plan Width": 64, "Inner Unique": true, "Plans": [{"Node Type": "Nested Loop", "Parent Relationship": "Outer", "Join Type": "Inner", "Startup Cost": 14.22, "Total Cost": 382701.35, "Plan Rows": 1155, "Plan Width": 68, "Inner Unique": false, "Plans": [{"Node Type": "Nested Loop", "Parent Relationship": "Outer", "Join Type": "Inner", "Startup Cost": 14.22, "Total Cost": 381639.72, "Plan Rows": 1044, "Plan Width": 76, "Inner Unique": true, "Join Filter": "(mi.movie_id = t.id)", "Plans": [{"Node Type": "Hash Join", "Parent Relationship": "Outer", "Join Type": "Inner", "Startup Cost": 14.22, "Total Cost": 381211.53, "Plan Rows": 1044, "Plan Width": 55, "Inner Unique": true, "Hash Cond": "(mi.info_type_id = it1.id)", "Plans": [{"Node Type": "Nested Loop", "Parent Relationship": "Outer", "Join Type": "Inner", "Startup Cost": 0.0, "Total Cost": 380590.58, "Plan Rows": 229029, "Plan Width": 59, "Inner Unique": false, "Plans": [{"Node Type": "Nested Loop", "Parent Relationship": "Outer", "Join Type": "Inner", "Startup Cost": 0.0, "Total Cost": 38338.2, "Plan Rows": 345008, "Plan Width": 9, "Inner Unique": false, "Plans": [{"Node Type": "Index Scan", "Parent Relationship": "Outer", "Scan Direction": "Forward", "Index Name": "info_type_pkey", "Relation Name": "info_type", "Alias": "it2", "Startup Cost": 0.0, "Total Cost": 14.21, "Plan Rows": 1, "Plan Width": 4, "Filter": "((info)::text = 'votes'::text)"}, {"Node Type": "Index Scan", "Parent Relationship": "Inner", "Scan Direction": "Forward", "Index Name": "info_type_id_movie_info_idx", "Relation Name": "movie_info_idx", "Alias": "mi_idx", "Startup Cost": 0.0, "Total Cost": 34873.91, "Plan Rows": 345008, "Plan Width": 13, "Index Cond": "(info_type_id = it2.id), (LLVM Optimized)"}]}, {"Node Type": "Index Scan", "Parent Relationship": "Inner", "Scan Direction": "Forward", "Index Name": "movie_id_movie_info", "Relation Name": "movie_info", "Alias": "mi", "Startup Cost": 0.0, "Total Cost": 0.98, "Plan Rows": 1, "Plan Width": 50, "Index Cond": "(movie_id = mi_idx.movie_id)", "Filter": "((info)::text = ANY ('{Horror,Action,Sci-Fi,Thriller,Crime,War}'::text[]))"}]}, {"Node Type": "Hash", "Parent Relationship": "Inner", "Startup Cost": 14.21, "Total Cost": 14.21, "Plan Rows": 1, "Plan Width": 4, "Plans": [{"Node Type": "Index Scan", "Parent Relationship": "Outer", "Scan Direction": "Forward", "Index Name": "info_type_pkey", "Relation Name": "info_type", "Alias": "it1", "Startup Cost": 0.0, "Total Cost": 14.21, "Plan Rows": 1, "Plan Width": 4, "Filter": "((info)::text = 'genres'::text)"}]}]}, {"Node Type": "Index Scan", "Parent Relationship": "Inner", "Scan Direction": "Forward", "Index Name": "title_pkey", "Relation Name": "title", "Alias": "t", "Startup Cost": 0.0, "Total Cost": 0.4, "Plan Rows": 1, "Plan Width": 21, "Index Cond": "(id = mi_idx.movie_id)"}]}, {"Node Type": "Index Scan", "Parent Relationship": "Inner", "Scan Direction": "Forward", "Index Name": "movie_id_cast_info", "Relation Name": "cast_info", "Alias": "ci", "Startup Cost": 0.0, "Total Cost": 1.01, "Plan Rows": 1, "Plan Width": 8, "Index Cond": "(movie_id = t.id)", "Filter": "((note)::text = ANY ('{(writer),\"(head writer)\",\"(written by)\",(story),\"(story editor)\"}'::text[]))"}]}, {"Node Type": "Index Scan", "Parent Relationship": "Inner", "Scan Direction": "Forward", "Index Name": "name_pkey", "Relation Name": "name", "Alias": "n", "Startup Cost": 0.0, "Total Cost": 0.49, "Plan Rows": 1, "Plan Width": 4, "Index Cond": "(id = ci.person_id)", "Filter": "((gender)::text = 'm'::text)"}]}]}, "Unique SQL Id": 3913857139, "Planner Runtime": 8}, "explain_analyze_plan": {"Plan": {"Node Type": "Aggregate", "Strategy": "Plain", "Startup Cost": 383291.22, "Total Cost": 383291.23, "Plan Rows": 1, "Plan Width": 160, "Actual Startup Time": 19259.004, "Actual Total Time": 19259.005, "Actual Rows": 1, "Actual Loops": 1, "Plans": [{"Node Type": "Nested Loop", "Parent Relationship": "Outer", "Join Type": "Inner", "Startup Cost": 14.22, "Total Cost": 383280.62, "Plan Rows": 1413, "Plan Width": 64, "Actual Startup Time": 29.305, "Actual Total Time": 19217.102, "Actual Rows": 28073, "Actual Loops": 1, "Inner Unique": true, "Plans": [{"Node Type": "Nested Loop", "Parent Relationship": "Outer", "Join Type": "Inner", "Startup Cost": 14.22, "Total Cost": 382701.35, "Plan Rows": 1155, "Plan Width": 68, "Actual Startup Time": 14.528, "Actual Total Time": 18797.558, "Actual Rows": 54155, "Actual Loops": 1, "Inner Unique": false, "Plans": [{"Node Type": "Nested Loop", "Parent Relationship": "Outer", "Join Type": "Inner", "Startup Cost": 14.22, "Total Cost": 381639.72, "Plan Rows": 1044, "Plan Width": 76, "Actual Startup Time": 0.878, "Actual Total Time": 10051.366, "Actual Rows": 102516, "Actual Loops": 1, "Inner Unique": true, "Join Filter": "(mi.movie_id = t.id)", "Rows Removed by Join Filter": 0, "Plans": [{"Node Type": "Hash Join", "Parent Relationship": "Outer", "Join Type": "Inner", "Startup Cost": 14.22, "Total Cost": 381211.53, "Plan Rows": 1044, "Plan Width": 55, "Actual Startup Time": 0.866, "Actual Total Time": 9471.109, "Actual Rows": 102516, "Actual Loops": 1, "Inner Unique": true, "Hash Cond": "(mi.info_type_id = it1.id)", "Plans": [{"Node Type": "Nested Loop", "Parent Relationship": "Outer", "Join Type": "Inner", "Startup Cost": 0.0, "Total Cost": 380590.58, "Plan Rows": 229029, "Plan Width": 59, "Actual Startup Time": 0.763, "Actual Total Time": 9407.471, "Actual Rows": 104892, "Actual Loops": 1, "Inner Unique": false, "Plans": [{"Node Type": "Nested Loop", "Parent Relationship": "Outer", "Join Type": "Inner", "Startup Cost": 0.0, "Total Cost": 38338.2, "Plan Rows": 345008, "Plan Width": 9, "Actual Startup Time": 0.084, "Actual Total Time": 400.015, "Actual Rows": 459925, "Actual Loops": 1, "Inner Unique": false, "Plans": [{"Node Type": "Index Scan", "Parent Relationship": "Outer", "Scan Direction": "Forward", "Index Name": "info_type_pkey", "Relation Name": "info_type", "Alias": "it2", "Startup Cost": 0.0, "Total Cost": 14.21, "Plan Rows": 1, "Plan Width": 4, "Actual Startup Time": 0.066, "Actual Total Time": 0.085, "Actual Rows": 1, "Actual Loops": 1, "Filter": "((info)::text = 'votes'::text)", "Rows Removed by Filter": 111}, {"Node Type": "Index Scan", "Parent Relationship": "Inner", "Scan Direction": "Forward", "Index Name": "info_type_id_movie_info_idx", "Relation Name": "movie_info_idx", "Alias": "mi_idx", "Startup Cost": 0.0, "Total Cost": 34873.91, "Plan Rows": 345008, "Plan Width": 13, "Actual Startup Time": 0.015, "Actual Total Time": 291.803, "Actual Rows": 459925, "Actual Loops": 1, "Index Cond": "(info_type_id = it2.id), (LLVM Optimized, Jit Execute)", "Rows Removed by Index Recheck": 0}]}, {"Node Type": "Index Scan", "Parent Relationship": "Inner", "Scan Direction": "Forward", "Index Name": "movie_id_movie_info", "Relation Name": "movie_info", "Alias": "mi", "Startup Cost": 0.0, "Total Cost": 0.98, "Plan Rows": 1, "Plan Width": 50, "Actual Startup Time": 8582.993, "Actual Total Time": 8745.256, "Actual Rows": 104892, "Actual Loops": 459925, "Index Cond": "(movie_id = mi_idx.movie_id)", "Rows Removed by Index Recheck": 0, "Filter": "((info)::text = ANY ('{Horror,Action,Sci-Fi,Thriller,Crime,War}'::text[]))", "Rows Removed by Filter": 6825442}]}, {"Node Type": "Hash", "Parent Relationship": "Inner", "Startup Cost": 14.21, "Total Cost": 14.21, "Plan Rows": 1, "Plan Width": 4, "Actual Startup Time": 0.064, "Actual Total Time": 0.064, "Actual Rows": 1, "Actual Loops": 1, "Hash Buckets": 32768, "Hash Batches": 1, "Original Hash Batches": 1, "Peak Memory Usage": 1, "Plans": [{"Node Type": "Index Scan", "Parent Relationship": "Outer", "Scan Direction": "Forward", "Index Name": "info_type_pkey", "Relation Name": "info_type", "Alias": "it1", "Startup Cost": 0.0, "Total Cost": 14.21, "Plan Rows": 1, "Plan Width": 4, "Actual Startup Time": 0.013, "Actual Total Time": 0.058, "Actual Rows": 1, "Actual Loops": 1, "Filter": "((info)::text = 'genres'::text)", "Rows Removed by Filter": 111}]}]}, {"Node Type": "Index Scan", "Parent Relationship": "Inner", "Scan Direction": "Forward", "Index Name": "title_pkey", "Relation Name": "title", "Alias": "t", "Startup Cost": 0.0, "Total Cost": 0.4, "Plan Rows": 1, "Plan Width": 21, "Actual Startup Time": 461.411, "Actual Total Time": 461.411, "Actual Rows": 102516, "Actual Loops": 102516, "Index Cond": "(id = mi_idx.movie_id)", "Rows Removed by Index Recheck": 0}]}, {"Node Type": "Index Scan", "Parent Relationship": "Inner", "Scan Direction": "Forward", "Index Name": "movie_id_cast_info", "Relation Name": "cast_info", "Alias": "ci", "Startup Cost": 0.0, "Total Cost": 1.01, "Plan Rows": 1, "Plan Width": 8, "Actual Startup Time": 7392.589, "Actual Total Time": 8673.748, "Actual Rows": 54155, "Actual Loops": 102516, "Index Cond": "(movie_id = t.id)", "Rows Removed by Index Recheck": 0, "Filter": "((note)::text = ANY ('{(writer),\"(head writer)\",\"(written by)\",(story),\"(story editor)\"}'::text[]))", "Rows Removed by Filter": 3987641}]}, {"Node Type": "Index Scan", "Parent Relationship": "Inner", "Scan Direction": "Forward", "Index Name": "name_pkey", "Relation Name": "name", "Alias": "n", "Startup Cost": 0.0, "Total Cost": 0.49, "Plan Rows": 1, "Plan Width": 4, "Actual Startup Time": 372.818, "Actual Total Time": 372.818, "Actual Rows": 28073, "Actual Loops": 54155, "Index Cond": "(id = ci.person_id)", "Rows Removed by Index Recheck": 0, "Filter": "((gender)::text = 'm'::text)", "Rows Removed by Filter": 26082}]}]}, "Triggers": [], "Planner Runtime": 8, "Total Runtime": 19267.881, "Unique SQL Id": 3913857139}}, "(1, 110)": {"explain_plan": {"Plan": {"Node Type": "Aggregate", "Strategy": "Plain", "Startup Cost": 1484668.98, "Total Cost": 1484668.99, "Plan Rows": 1, "Plan Width": 160, "Plans": [{"Node Type": "Hash Join", "Parent Relationship": "Outer", "Join Type": "Inner", "Startup Cost": 651541.77, "Total Cost": 1484658.39, "Plan Rows": 1413, "Plan Width": 64, "Inner Unique": true, "Hash Cond": "(ci.person_id = n.id)", "Plans": [{"Node Type": "Hash Join", "Parent Relationship": "Outer", "Join Type": "Inner", "Startup Cost": 526292.22, "Total Cost": 1359390.38, "Plan Rows": 1155, "Plan Width": 68, "Inner Unique": false, "Hash Cond": "(ci.movie_id = t.id)", "Plans": [{"Node Type": "Seq Scan", "Parent Relationship": "Outer", "Relation Name": "cast_info", "Alias": "ci", "Startup Cost": 0.0, "Total Cost": 828499.78, "Plan Rows": 1223154, "Plan Width": 8, "Filter": "((note)::text = ANY ('{(writer),\"(head writer)\",\"(written by)\",(story),\"(story editor)\"}'::text[]))"}, {"Node Type": "Hash", "Parent Relationship": "Inner", "Startup Cost": 526279.17, "Total Cost": 526279.17, "Plan Rows": 1044, "Plan Width": 76, "Plans": [{"Node Type": "Hash Join", "Parent Relationship": "Outer", "Join Type": "Inner", "Startup Cost": 500765.33, "Total Cost": 526279.17, "Plan Rows": 1044, "Plan Width": 76, "Inner Unique": true, "Hash Cond": "(mi_idx.info_type_id = it2.id)", "Plans": [{"Node Type": "Hash Join", "Parent Relationship": "Outer", "Join Type": "Inner", "Startup Cost": 500762.92, "Total Cost": 526254.14, "Plan Rows": 4175, "Plan Width": 80, "Inner Unique": false, "Hash Cond": "(mi_idx.movie_id = t.id)", "Plans": [{"Node Type": "Seq Scan", "Parent Relationship": "Outer", "Relation Name": "movie_info_idx", "Alias": "mi_idx", "Startup Cost": 0.0, "Total Cost": 20274.34, "Plan Rows": 1380034, "Plan Width": 13}, {"Node Type": "Hash", "Parent Relationship": "Inner", "Startup Cost": 500728.96, "Total Cost": 500728.96, "Plan Rows": 2717, "Plan Width": 67, "Plans": [{"Node Type": "Hash Join", "Parent Relationship": "Outer", "Join Type": "Inner", "Startup Cost": 91675.41, "Total Cost": 500728.96, "Plan Rows": 2717, "Plan Width": 67, "Inner Unique": true, "Hash Cond": "(mi.movie_id = t.id)", "Plans": [{"Node Type": "Hash Join", "Parent Relationship": "Outer", "Join Type": "Inner", "Startup Cost": 2.41, "Total Cost": 409018.6, "Plan Rows": 2717, "Plan Width": 46, "Inner Unique": true, "Hash Cond": "(mi.info_type_id = it1.id)", "Plans": [{"Node Type": "Seq Scan", "Parent Relationship": "Outer", "Relation Name": "movie_info", "Alias": "mi", "Startup Cost": 0.0, "Total Cost": 408512.41, "Plan Rows": 190170, "Plan Width": 50, "Filter": "((info)::text = ANY ('{Horror,Action,Sci-Fi,Thriller,Crime,War}'::text[]))"}, {"Node Type": "Hash", "Parent Relationship": "Inner", "Startup Cost": 2.4, "Total Cost": 2.4, "Plan Rows": 1, "Plan Width": 4, "Plans": [{"Node Type": "Seq Scan", "Parent Relationship": "Outer", "Relation Name": "info_type", "Alias": "it1", "Startup Cost": 0.0, "Total Cost": 2.4, "Plan Rows": 1, "Plan Width": 4, "Filter": "((info)::text = 'genres'::text)"}]}]}, {"Node Type": "Hash", "Parent Relationship": "Inner", "Startup Cost": 60069.11, "Total Cost": 60069.11, "Plan Rows": 2528311, "Plan Width": 21, "Plans": [{"Node Type": "Seq Scan", "Parent Relationship": "Outer", "Relation Name": "title", "Alias": "t", "Startup Cost": 0.0, "Total Cost": 60069.11, "Plan Rows": 2528311, "Plan Width": 21}]}]}]}]}, {"Node Type": "Hash", "Parent Relationship": "Inner", "Startup Cost": 2.4, "Total Cost": 2.4, "Plan Rows": 1, "Plan Width": 4, "Plans": [{"Node Type": "Seq Scan", "Parent Relationship": "Outer", "Relation Name": "info_type", "Alias": "it2", "Startup Cost": 0.0, "Total Cost": 2.4, "Plan Rows": 1, "Plan Width": 4, "Filter": "((info)::text = 'votes'::text)"}]}]}]}]}, {"Node Type": "Hash", "Parent Relationship": "Inner", "Startup Cost": 103490.62, "Total Cost": 103490.62, "Plan Rows": 1740714, "Plan Width": 4, "Plans": [{"Node Type": "Seq Scan", "Parent Relationship": "Outer", "Relation Name": "name", "Alias": "n", "Startup Cost": 0.0, "Total Cost": 103490.62, "Plan Rows": 1740714, "Plan Width": 4, "Filter": "((gender)::text = 'm'::text), (LLVM Optimized)"}]}]}]}, "Unique SQL Id": 3913857139, "Planner Runtime": 27}, "explain_analyze_plan": {"Plan": {"Node Type": "Aggregate", "Strategy": "Plain", "Startup Cost": 1484668.98, "Total Cost": 1484668.99, "Plan Rows": 1, "Plan Width": 160, "Actual Startup Time": 26672.131, "Actual Total Time": 26672.131, "Actual Rows": 1, "Actual Loops": 1, "Plans": [{"Node Type": "Hash Join", "Parent Relationship": "Outer", "Join Type": "Inner", "Startup Cost": 651541.77, "Total Cost": 1484658.39, "Plan Rows": 1413, "Plan Width": 64, "Actual Startup Time": 13229.219, "Actual Total Time": 26650.095, "Actual Rows": 28073, "Actual Loops": 1, "Inner Unique": true, "Hash Cond": "(ci.person_id = n.id)", "Plans": [{"Node Type": "Hash Join", "Parent Relationship": "Outer", "Join Type": "Inner", "Startup Cost": 526292.22, "Total Cost": 1359390.38, "Plan Rows": 1155, "Plan Width": 68, "Actual Startup Time": 11216.557, "Actual Total Time": 24595.878, "Actual Rows": 54155, "Actual Loops": 1, "Inner Unique": false, "Hash Cond": "(ci.movie_id = t.id)", "Plans": [{"Node Type": "Seq Scan", "Parent Relationship": "Outer", "Relation Name": "cast_info", "Alias": "ci", "Startup Cost": 0.0, "Total Cost": 828499.78, "Plan Rows": 1223154, "Plan Width": 8, "Actual Startup Time": 388.251, "Actual Total Time": 13877.358, "Actual Rows": 1244716, "Actual Loops": 1, "Filter": "((note)::text = ANY ('{(writer),\"(head writer)\",\"(written by)\",(story),\"(story editor)\"}'::text[]))", "Rows Removed by Filter": 34999627}, {"Node Type": "Hash", "Parent Relationship": "Inner", "Startup Cost": 526279.17, "Total Cost": 526279.17, "Plan Rows": 1044, "Plan Width": 76, "Actual Startup Time": 10257.196, "Actual Total Time": 10257.196, "Actual Rows": 102516, "Actual Loops": 1, "Hash Buckets": 32768, "Hash Batches": 1, "Original Hash Batches": 1, "Peak Memory Usage": 7647, "Plans": [{"Node Type": "Hash Join", "Parent Relationship": "Outer", "Join Type": "Inner", "Startup Cost": 500765.33, "Total Cost": 526279.17, "Plan Rows": 1044, "Plan Width": 76, "Actual Startup Time": 9342.497, "Actual Total Time": 10219.023, "Actual Rows": 102516, "Actual Loops": 1, "Inner Unique": true, "Hash Cond": "(mi_idx.info_type_id = it2.id)", "Plans": [{"Node Type": "Hash Join", "Parent Relationship": "Outer", "Join Type": "Inner", "Startup Cost": 500762.92, "Total Cost": 526254.14, "Plan Rows": 4175, "Plan Width": 80, "Actual Startup Time": 9342.374, "Actual Total Time": 10145.91, "Actual Rows": 307785, "Actual Loops": 1, "Inner Unique": false, "Hash Cond": "(mi_idx.movie_id = t.id)", "Plans": [{"Node Type": "Seq Scan", "Parent Relationship": "Outer", "Relation Name": "movie_info_idx", "Alias": "mi_idx", "Startup Cost": 0.0, "Total Cost": 20274.34, "Plan Rows": 1380034, "Plan Width": 13, "Actual Startup Time": 0.038, "Actual Total Time": 314.132, "Actual Rows": 1380034, "Actual Loops": 1}, {"Node Type": "Hash", "Parent Relationship": "Inner", "Startup Cost": 500728.96, "Total Cost": 500728.96, "Plan Rows": 2717, "Plan Width": 67, "Actual Startup Time": 9338.569, "Actual Total Time": 9338.569, "Actual Rows": 186594, "Actual Loops": 1, "Hash Buckets": 32768, "Hash Batches": 1, "Original Hash Batches": 1, "Peak Memory Usage": 12274, "Plans": [{"Node Type": "Hash Join", "Parent Relationship": "Outer", "Join Type": "Inner", "Startup Cost": 91675.41, "Total Cost": 500728.96, "Plan Rows": 2717, "Plan Width": 67, "Actual Startup Time": 8214.024, "Actual Total Time": 9273.695, "Actual Rows": 186594, "Actual Loops": 1, "Inner Unique": true, "Hash Cond": "(mi.movie_id = t.id)", "Plans": [{"Node Type": "Hash Join", "Parent Relationship": "Outer", "Join Type": "Inner", "Startup Cost": 2.41, "Total Cost": 409018.6, "Plan Rows": 2717, "Plan Width": 46, "Actual Startup Time": 6534.423, "Actual Total Time": 7491.513, "Actual Rows": 186594, "Actual Loops": 1, "Inner Unique": true, "Hash Cond": "(mi.info_type_id = it1.id)", "Plans": [{"Node Type": "Seq Scan", "Parent Relationship": "Outer", "Relation Name": "movie_info", "Alias": "mi", "Startup Cost": 0.0, "Total Cost": 408512.41, "Plan Rows": 190170, "Plan Width": 50, "Actual Startup Time": 3532.118, "Actual Total Time": 7408.039, "Actual Rows": 188971, "Actual Loops": 1, "Filter": "((info)::text = ANY ('{Horror,Action,Sci-Fi,Thriller,Crime,War}'::text[]))", "Rows Removed by Filter": 14646748}, {"Node Type": "Hash", "Parent Relationship": "Inner", "Startup Cost": 2.4, "Total Cost": 2.4, "Plan Rows": 1, "Plan Width": 4, "Actual Startup Time": 0.085, "Actual Total Time": 0.085, "Actual Rows": 1, "Actual Loops": 1, "Hash Buckets": 32768, "Hash Batches": 1, "Original Hash Batches": 1, "Peak Memory Usage": 1, "Plans": [{"Node Type": "Seq Scan", "Parent Relationship": "Outer", "Relation Name": "info_type", "Alias": "it1", "Startup Cost": 0.0, "Total Cost": 2.4, "Plan Rows": 1, "Plan Width": 4, "Actual Startup Time": 0.051, "Actual Total Time": 0.075, "Actual Rows": 1, "Actual Loops": 1, "Filter": "((info)::text = 'genres'::text)", "Rows Removed by Filter": 111}]}]}, {"Node Type": "Hash", "Parent Relationship": "Inner", "Startup Cost": 60069.11, "Total Cost": 60069.11, "Plan Rows": 2528311, "Plan Width": 21, "Actual Startup Time": 1677.078, "Actual Total Time": 1677.078, "Actual Rows": 2528311, "Actual Loops": 1, "Hash Buckets": 4194304, "Hash Batches": 1, "Original Hash Batches": 1, "Peak Memory Usage": 135869, "Plans": [{"Node Type": "Seq Scan", "Parent Relationship": "Outer", "Relation Name": "title", "Alias": "t", "Startup Cost": 0.0, "Total Cost": 60069.11, "Plan Rows": 2528311, "Plan Width": 21, "Actual Startup Time": 0.029, "Actual Total Time": 840.375, "Actual Rows": 2528311, "Actual Loops": 1}]}]}]}]}, {"Node Type": "Hash", "Parent Relationship": "Inner", "Startup Cost": 2.4, "Total Cost": 2.4, "Plan Rows": 1, "Plan Width": 4, "Actual Startup Time": 0.073, "Actual Total Time": 0.073, "Actual Rows": 1, "Actual Loops": 1, "Hash Buckets": 32768, "Hash Batches": 1, "Original Hash Batches": 1, "Peak Memory Usage": 1, "Plans": [{"Node Type": "Seq Scan", "Parent Relationship": "Outer", "Relation Name": "info_type", "Alias": "it2", "Startup Cost": 0.0, "Total Cost": 2.4, "Plan Rows": 1, "Plan Width": 4, "Actual Startup Time": 0.059, "Actual Total Time": 0.064, "Actual Rows": 1, "Actual Loops": 1, "Filter": "((info)::text = 'votes'::text)", "Rows Removed by Filter": 111}]}]}]}]}, {"Node Type": "Hash", "Parent Relationship": "Inner", "Startup Cost": 103490.62, "Total Cost": 103490.62, "Plan Rows": 1740714, "Plan Width": 4, "Actual Startup Time": 2011.361, "Actual Total Time": 2011.361, "Actual Rows": 1739578, "Actual Loops": 1, "Hash Buckets": 2097152, "Hash Batches": 1, "Original Hash Batches": 1, "Peak Memory Usage": 61158, "Plans": [{"Node Type": "Seq Scan", "Parent Relationship": "Outer", "Relation Name": "name", "Alias": "n", "Startup Cost": 0.0, "Total Cost": 103490.62, "Plan Rows": 1740714, "Plan Width": 4, "Actual Startup Time": 0.036, "Actual Total Time": 1413.093, "Actual Rows": 1739578, "Actual Loops": 1, "Filter": "((gender)::text = 'm'::text), (LLVM Optimized, Jit Execute)", "Rows Removed by Filter": 2427912}]}]}]}, "Triggers": [], "Planner Runtime": 27, "Total Runtime": 26682.886, "Unique SQL Id": 3913857139}}, "(1, 111)": {"explain_plan": {"Plan": {"Node Type": "Aggregate", "Strategy": "Plain", "Startup Cost": 7000241394449.71, "Total Cost": 7000241394449.72, "Plan Rows": 1, "Plan Width": 160, "Plans": [{"Node Type": "Hash Join", "Parent Relationship": "Outer", "Join Type": "Inner", "Startup Cost": 5020224899757.33, "Total Cost": 7000241394439.11, "Plan Rows": 1413, "Plan Width": 64, "Inner Unique": true, "Hash Cond": "(mi.movie_id = t.id)", "Plans": [{"Node Type": "Hash Join", "Parent Relationship": "Outer", "Join Type": "Inner", "Startup Cost": 4020213856104.53, "Total Cost": 6000230350766.88, "Plan Rows": 1413, "Plan Width": 59, "Inner Unique": true, "Hash Cond": "(ci.person_id = n.id)", "Plans": [{"Node Type": "Hash Join", "Parent Relationship": "Outer", "Join Type": "Inner", "Startup Cost": 3020195169198.4, "Total Cost": 5000211663842.29, "Plan Rows": 1155, "Plan Width": 63, "Inner Unique": false, "Hash Cond": "(mi.movie_id = ci.movie_id)", "Plans": [{"Node Type": "Hash Join", "Parent Relationship": "Outer", "Join Type": "Inner", "Startup Cost": 2020001842892.02, "Total Cost": 4000018333841.64, "Plan Rows": 1044, "Plan Width": 55, "Inner Unique": false, "Hash Cond": "(mi.movie_id = mi_idx.movie_id)", "Plans": [{"Node Type": "Nested Loop", "Parent Relationship": "Outer", "Join Type": "Inner", "Startup Cost": 20000004842.14, "Total Cost": 2000016495701.31, "Plan Rows": 2717, "Plan Width": 46, "Inner Unique": false, "Plans": [{"Node Type": "Index Scan", "Parent Relationship": "Outer", "Scan Direction": "Forward", "Index Name": "info_type_pkey", "Relation Name": "info_type", "Alias": "it1", "Startup Cost": 10000000000.0, "Total Cost": 1000000001421.0, "Plan Rows": 1, "Plan Width": 4, "Filter": "((info)::text = 'genres'::text)"}, {"Node Type": "Bitmap Heap Scan", "Parent Relationship": "Inner", "Relation Name": "movie_info", "Alias": "mi", "Startup Cost": 10000004842.14, "Total Cost": 1000016494253.14, "Plan Rows": 2717, "Plan Width": 50, "Recheck Cond": "(info_type_id = it1.id)", "Filter": "((info)::text = ANY ('{Horror,Action,Sci-Fi,Thriller,Crime,War}'::text[]))", "Plans": [{"Node Type": "Bitmap Index Scan", "Parent Relationship": "Outer", "Index Name": "info_type_id_movie_info", "Startup Cost": 0.0, "Total Cost": 4841.46, "Plan Rows": 212428, "Plan Width": 0, "Index Cond": "(info_type_id = it1.id)"}]}]}, {"Node Type": "Hash", "Parent Relationship": "Inner", "Startup Cost": 2000001833737.28, "Total Cost": 2000001833737.28, "Plan Rows": 345008, "Plan Width": 9, "Plans": [{"Node Type": "Nested Loop", "Parent Relationship": "Outer", "Join Type": "Inner", "Startup Cost": 20000007502.06, "Total Cost": 2000001833737.28, "Plan Rows": 345008, "Plan Width": 9, "Inner Unique": false, "Plans": [{"Node Type": "Index Scan", "Parent Relationship": "Outer", "Scan Direction": "Forward", "Index Name": "info_type_pkey", "Relation Name": "info_type", "Alias": "it2", "Startup Cost": 10000000000.0, "Total Cost": 1000000001421.0, "Plan Rows": 1, "Plan Width": 4, "Filter": "((info)::text = 'votes'::text)"}, {"Node Type": "Bitmap Heap Scan", "Parent Relationship": "Inner", "Relation Name": "movie_info_idx", "Alias": "mi_idx", "Startup Cost": 10000007502.06, "Total Cost": 1000001828866.2, "Plan Rows": 345008, "Plan Width": 13, "Recheck Cond": "(info_type_id = it2.id), (LLVM Optimized)", "Plans": [{"Node Type": "Bitmap Index Scan", "Parent Relationship": "Outer", "Index Name": "info_type_id_movie_info_idx", "Startup Cost": 0.0, "Total Cost": 7415.81, "Plan Rows": 345008, "Plan Width": 0, "Index Cond": "(info_type_id = it2.id)"}]}]}]}]}, {"Node Type": "Hash", "Parent Relationship": "Inner", "Startup Cost": 1000193311016.96, "Total Cost": 1000193311016.96, "Plan Rows": 1223154, "Plan Width": 8, "Plans": [{"Node Type": "Index Scan", "Parent Relationship": "Outer", "Scan Direction": "Forward", "Index Name": "person_id_cast_info", "Relation Name": "cast_info", "Alias": "ci", "Startup Cost": 10000000000.0, "Total Cost": 1000193311016.96, "Plan Rows": 1223154, "Plan Width": 8, "Filter": "((note)::text = ANY ('{(writer),\"(head writer)\",\"(written by)\",(story),\"(story editor)\"}'::text[]))"}]}]}, {"Node Type": "Hash", "Parent Relationship": "Inner", "Startup Cost": 1000018665147.2, "Total Cost": 1000018665147.2, "Plan Rows": 1740714, "Plan Width": 4, "Plans": [{"Node Type": "Index Scan", "Parent Relationship": "Outer", "Scan Direction": "Forward", "Index Name": "name_pkey", "Relation Name": "name", "Alias": "n", "Startup Cost": 10000000000.0, "Total Cost": 1000018665147.2, "Plan Rows": 1740714, "Plan Width": 4, "Filter": "((gender)::text = 'm'::text), (LLVM Optimized)"}]}]}, {"Node Type": "Hash", "Parent Relationship": "Inner", "Startup Cost": 1000011012048.91, "Total Cost": 1000011012048.91, "Plan Rows": 2528311, "Plan Width": 21, "Plans": [{"Node Type": "Index Scan", "Parent Relationship": "Outer", "Scan Direction": "Forward", "Index Name": "title_pkey", "Relation Name": "title", "Alias": "t", "Startup Cost": 10000000000.0, "Total Cost": 1000011012048.91, "Plan Rows": 2528311, "Plan Width": 21}]}]}]}, "Unique SQL Id": 3913857139, "Planner Runtime": 24}, "explain_analyze_plan": null}, "(1, 112)": {"explain_plan": {"Plan": {"Node Type": "Aggregate", "Strategy": "Plain", "Startup Cost": 168594.43, "Total Cost": 168594.44, "Plan Rows": 1, "Plan Width": 160, "Plans": [{"Node Type": "Nested Loop", "Parent Relationship": "Outer", "Join Type": "Inner", "Startup Cost": 4842.14, "Total Cost": 168583.83, "Plan Rows": 1413, "Plan Width": 64, "Inner Unique": true, "Plans": [{"Node Type": "Nested Loop", "Parent Relationship": "Outer", "Join Type": "Inner", "Startup Cost": 4842.14, "Total Cost": 168004.57, "Plan Rows": 1155, "Plan Width": 68, "Inner Unique": false, "Plans": [{"Node Type": "Nested Loop", "Parent Relationship": "Outer", "Join Type": "Inner", "Startup Cost": 4842.14, "Total Cost": 166942.93, "Plan Rows": 1044, "Plan Width": 76, "Inner Unique": true, "Join Filter": "(mi.movie_id = t.id)", "Plans": [{"Node Type": "Nested Loop", "Parent Relationship": "Outer", "Join Type": "Inner", "Startup Cost": 4842.14, "Total Cost": 166514.74, "Plan Rows": 1044, "Plan Width": 55, "Inner Unique": false, "Join Filter": "(mi_idx.info_type_id = it2.id)", "Plans": [{"Node Type": "Seq Scan", "Parent Relationship": "Outer", "Relation Name": "info_type", "Alias": "it2", "Startup Cost": 0.0, "Total Cost": 2.4, "Plan Rows": 1, "Plan Width": 4, "Filter": "((info)::text = 'votes'::text)"}, {"Node Type": "Nested Loop", "Parent Relationship": "Inner", "Join Type": "Inner", "Startup Cost": 4842.14, "Total Cost": 166460.15, "Plan Rows": 4175, "Plan Width": 59, "Inner Unique": false, "Plans": [{"Node Type": "Nested Loop", "Parent Relationship": "Outer", "Join Type": "Inner", "Startup Cost": 4842.14, "Total Cost": 164972.1, "Plan Rows": 2717, "Plan Width": 46, "Inner Unique": false, "Plans": [{"Node Type": "Seq Scan", "Parent Relationship": "Outer", "Relation Name": "info_type", "Alias": "it1", "Startup Cost": 0.0, "Total Cost": 2.4, "Plan Rows": 1, "Plan Width": 4, "Filter": "((info)::text = 'genres'::text)"}, {"Node Type": "Bitmap Heap Scan", "Parent Relationship": "Inner", "Relation Name": "movie_info", "Alias": "mi", "Startup Cost": 4842.14, "Total Cost": 164942.53, "Plan Rows": 2717, "Plan Width": 50, "Recheck Cond": "(info_type_id = it1.id)", "Filter": "((info)::text = ANY ('{Horror,Action,Sci-Fi,Thriller,Crime,War}'::text[]))", "Plans": [{"Node Type": "Bitmap Index Scan", "Parent Relationship": "Outer", "Index Name": "info_type_id_movie_info", "Startup Cost": 0.0, "Total Cost": 4841.46, "Plan Rows": 212428, "Plan Width": 0, "Index Cond": "(info_type_id = it1.id)"}]}]}, {"Node Type": "Index Scan", "Parent Relationship": "Inner", "Scan Direction": "Forward", "Index Name": "movie_id_movie_info_idx", "Relation Name": "movie_info_idx", "Alias": "mi_idx", "Startup Cost": 0.0, "Total Cost": 0.53, "Plan Rows": 2, "Plan Width": 13, "Index Cond": "(movie_id = mi.movie_id)"}]}]}, {"Node Type": "Index Scan", "Parent Relationship": "Inner", "Scan Direction": "Forward", "Index Name": "title_pkey", "Relation Name": "title", "Alias": "t", "Startup Cost": 0.0, "Total Cost": 0.4, "Plan Rows": 1, "Plan Width": 21, "Index Cond": "(id = mi_idx.movie_id)"}]}, {"Node Type": "Index Scan", "Parent Relationship": "Inner", "Scan Direction": "Forward", "Index Name": "movie_id_cast_info", "Relation Name": "cast_info", "Alias": "ci", "Startup Cost": 0.0, "Total Cost": 1.01, "Plan Rows": 1, "Plan Width": 8, "Index Cond": "(movie_id = t.id)", "Filter": "((note)::text = ANY ('{(writer),\"(head writer)\",\"(written by)\",(story),\"(story editor)\"}'::text[]))"}]}, {"Node Type": "Index Scan", "Parent Relationship": "Inner", "Scan Direction": "Forward", "Index Name": "name_pkey", "Relation Name": "name", "Alias": "n", "Startup Cost": 0.0, "Total Cost": 0.49, "Plan Rows": 1, "Plan Width": 4, "Index Cond": "(id = ci.person_id)", "Filter": "((gender)::text = 'm'::text)"}]}]}, "Unique SQL Id": 3913857139, "Planner Runtime": 5}, "explain_analyze_plan": {"Plan": {"Node Type": "Aggregate", "Strategy": "Plain", "Startup Cost": 168594.43, "Total Cost": 168594.44, "Plan Rows": 1, "Plan Width": 160, "Actual Startup Time": 10962.342, "Actual Total Time": 10962.342, "Actual Rows": 1, "Actual Loops": 1, "Plans": [{"Node Type": "Nested Loop", "Parent Relationship": "Outer", "Join Type": "Inner", "Startup Cost": 4842.14, "Total Cost": 168583.83, "Plan Rows": 1413, "Plan Width": 64, "Actual Startup Time": 182.238, "Actual Total Time": 10918.825, "Actual Rows": 28073, "Actual Loops": 1, "Inner Unique": true, "Plans": [{"Node Type": "Nested Loop", "Parent Relationship": "Outer", "Join Type": "Inner", "Startup Cost": 4842.14, "Total Cost": 168004.57, "Plan Rows": 1155, "Plan Width": 68, "Actual Startup Time": 179.995, "Actual Total Time": 10530.664, "Actual Rows": 54155, "Actual Loops": 1, "Inner Unique": false, "Plans": [{"Node Type": "Nested Loop", "Parent Relationship": "Outer", "Join Type": "Inner", "Startup Cost": 4842.14, "Total Cost": 166942.93, "Plan Rows": 1044, "Plan Width": 76, "Actual Startup Time": 177.445, "Actual Total Time": 2626.7, "Actual Rows": 102516, "Actual Loops": 1, "Inner Unique": true, "Join Filter": "(mi.movie_id = t.id)", "Rows Removed by Join Filter": 0, "Plans": [{"Node Type": "Nested Loop", "Parent Relationship": "Outer", "Join Type": "Inner", "Startup Cost": 4842.14, "Total Cost": 166514.74, "Plan Rows": 1044, "Plan Width": 55, "Actual Startup Time": 177.415, "Actual Total Time": 2091.352, "Actual Rows": 102516, "Actual Loops": 1, "Inner Unique": false, "Join Filter": "(mi_idx.info_type_id = it2.id)", "Rows Removed by Join Filter": 205269, "Plans": [{"Node Type": "Seq Scan", "Parent Relationship": "Outer", "Relation Name": "info_type", "Alias": "it2", "Startup Cost": 0.0, "Total Cost": 2.4, "Plan Rows": 1, "Plan Width": 4, "Actual Startup Time": 0.051, "Actual Total Time": 0.06, "Actual Rows": 1, "Actual Loops": 1, "Filter": "((info)::text = 'votes'::text)", "Rows Removed by Filter": 111}, {"Node Type": "Nested Loop", "Parent Relationship": "Inner", "Join Type": "Inner", "Startup Cost": 4842.14, "Total Cost": 166460.15, "Plan Rows": 4175, "Plan Width": 59, "Actual Startup Time": 177.338, "Actual Total Time": 2000.149, "Actual Rows": 307785, "Actual Loops": 1, "Inner Unique": false, "Plans": [{"Node Type": "Nested Loop", "Parent Relationship": "Outer", "Join Type": "Inner", "Startup Cost": 4842.14, "Total Cost": 164972.1, "Plan Rows": 2717, "Plan Width": 46, "Actual Startup Time": 177.302, "Actual Total Time": 1152.01, "Actual Rows": 186594, "Actual Loops": 1, "Inner Unique": false, "Plans": [{"Node Type": "Seq Scan", "Parent Relationship": "Outer", "Relation Name": "info_type", "Alias": "it1", "Startup Cost": 0.0, "Total Cost": 2.4, "Plan Rows": 1, "Plan Width": 4, "Actual Startup Time": 0.022, "Actual Total Time": 0.06, "Actual Rows": 1, "Actual Loops": 1, "Filter": "((info)::text = 'genres'::text)", "Rows Removed by Filter": 111}, {"Node Type": "Bitmap Heap Scan", "Parent Relationship": "Inner", "Relation Name": "movie_info", "Alias": "mi", "Startup Cost": 4842.14, "Total Cost": 164942.53, "Plan Rows": 2717, "Plan Width": 50, "Actual Startup Time": 177.275, "Actual Total Time": 1109.223, "Actual Rows": 186594, "Actual Loops": 1, "Recheck Cond": "(info_type_id = it1.id)", "Rows Removed by Index Recheck": 0, "Filter": "((info)::text = ANY ('{Horror,Action,Sci-Fi,Thriller,Crime,War}'::text[]))", "Rows Removed by Filter": 1347315, "Exact Heap Blocks": 7426, "Lossy Heap Blocks": 7426, "Plans": [{"Node Type": "Bitmap Index Scan", "Parent Relationship": "Outer", "Index Name": "info_type_id_movie_info", "Startup Cost": 0.0, "Total Cost": 4841.46, "Plan Rows": 212428, "Plan Width": 0, "Actual Startup Time": 175.891, "Actual Total Time": 175.891, "Actual Rows": 1533909, "Actual Loops": 1, "Index Cond": "(info_type_id = it1.id)"}]}]}, {"Node Type": "Index Scan", "Parent Relationship": "Inner", "Scan Direction": "Forward", "Index Name": "movie_id_movie_info_idx", "Relation Name": "movie_info_idx", "Alias": "mi_idx", "Startup Cost": 0.0, "Total Cost": 0.53, "Plan Rows": 2, "Plan Width": 13, "Actual Startup Time": 547.884, "Actual Total Time": 667.997, "Actual Rows": 307785, "Actual Loops": 186594, "Index Cond": "(movie_id = mi.movie_id)", "Rows Removed by Index Recheck": 0}]}]}, {"Node Type": "Index Scan", "Parent Relationship": "Inner", "Scan Direction": "Forward", "Index Name": "title_pkey", "Relation Name": "title", "Alias": "t", "Startup Cost": 0.0, "Total Cost": 0.4, "Plan Rows": 1, "Plan Width": 21, "Actual Startup Time": 422.794, "Actual Total Time": 422.794, "Actual Rows": 102516, "Actual Loops": 102516, "Index Cond": "(id = mi_idx.movie_id)", "Rows Removed by Index Recheck": 0}]}, {"Node Type": "Index Scan", "Parent Relationship": "Inner", "Scan Direction": "Forward", "Index Name": "movie_id_cast_info", "Relation Name": "cast_info", "Alias": "ci", "Startup Cost": 0.0, "Total Cost": 1.01, "Plan Rows": 1, "Plan Width": 8, "Actual Startup Time": 6671.429, "Actual Total Time": 7830.07, "Actual Rows": 54155, "Actual Loops": 102516, "Index Cond": "(movie_id = t.id)", "Rows Removed by Index Recheck": 0, "Filter": "((note)::text = ANY ('{(writer),\"(head writer)\",\"(written by)\",(story),\"(story editor)\"}'::text[]))", "Rows Removed by Filter": 3987641}]}, {"Node Type": "Index Scan", "Parent Relationship": "Inner", "Scan Direction": "Forward", "Index Name": "name_pkey", "Relation Name": "name", "Alias": "n", "Startup Cost": 0.0, "Total Cost": 0.49, "Plan Rows": 1, "Plan Width": 4, "Actual Startup Time": 341.049, "Actual Total Time": 341.049, "Actual Rows": 28073, "Actual Loops": 54155, "Index Cond": "(id = ci.person_id)", "Rows Removed by Index Recheck": 0, "Filter": "((gender)::text = 'm'::text)", "Rows Removed by Filter": 26082}]}]}, "Triggers": [], "Planner Runtime": 5, "Total Runtime": 10962.78, "Unique SQL Id": 3913857139}}, "(1, 113)": {"explain_plan": {"Plan": {"Node Type": "Aggregate", "Strategy": "Plain", "Startup Cost": 168618.05, "Total Cost": 168618.06, "Plan Rows": 1, "Plan Width": 160, "Plans": [{"Node Type": "Nested Loop", "Parent Relationship": "Outer", "Join Type": "Inner", "Startup Cost": 4842.14, "Total Cost": 168607.45, "Plan Rows": 1413, "Plan Width": 64, "Inner Unique": true, "Plans": [{"Node Type": "Nested Loop", "Parent Relationship": "Outer", "Join Type": "Inner", "Startup Cost": 4842.14, "Total Cost": 168028.19, "Plan Rows": 1155, "Plan Width": 68, "Inner Unique": false, "Plans": [{"Node Type": "Nested Loop", "Parent Relationship": "Outer", "Join Type": "Inner", "Startup Cost": 4842.14, "Total Cost": 166966.55, "Plan Rows": 1044, "Plan Width": 76, "Inner Unique": true, "Join Filter": "(mi.movie_id = t.id)", "Plans": [{"Node Type": "Nested Loop", "Parent Relationship": "Outer", "Join Type": "Inner", "Startup Cost": 4842.14, "Total Cost": 166538.36, "Plan Rows": 1044, "Plan Width": 55, "Inner Unique": false, "Join Filter": "(mi_idx.info_type_id = it2.id)", "Plans": [{"Node Type": "Index Scan", "Parent Relationship": "Outer", "Scan Direction": "Forward", "Index Name": "info_type_pkey", "Relation Name": "info_type", "Alias": "it2", "Startup Cost": 0.0, "Total Cost": 14.21, "Plan Rows": 1, "Plan Width": 4, "Filter": "((info)::text = 'votes'::text)"}, {"Node Type": "Nested Loop", "Parent Relationship": "Inner", "Join Type": "Inner", "Startup Cost": 4842.14, "Total Cost": 166471.96, "Plan Rows": 4175, "Plan Width": 59, "Inner Unique": false, "Plans": [{"Node Type": "Nested Loop", "Parent Relationship": "Outer", "Join Type": "Inner", "Startup Cost": 4842.14, "Total Cost": 164983.91, "Plan Rows": 2717, "Plan Width": 46, "Inner Unique": false, "Plans": [{"Node Type": "Index Scan", "Parent Relationship": "Outer", "Scan Direction": "Forward", "Index Name": "info_type_pkey", "Relation Name": "info_type", "Alias": "it1", "Startup Cost": 0.0, "Total Cost": 14.21, "Plan Rows": 1, "Plan Width": 4, "Filter": "((info)::text = 'genres'::text)"}, {"Node Type": "Bitmap Heap Scan", "Parent Relationship": "Inner", "Relation Name": "movie_info", "Alias": "mi", "Startup Cost": 4842.14, "Total Cost": 164942.53, "Plan Rows": 2717, "Plan Width": 50, "Recheck Cond": "(info_type_id = it1.id)", "Filter": "((info)::text = ANY ('{Horror,Action,Sci-Fi,Thriller,Crime,War}'::text[]))", "Plans": [{"Node Type": "Bitmap Index Scan", "Parent Relationship": "Outer", "Index Name": "info_type_id_movie_info", "Startup Cost": 0.0, "Total Cost": 4841.46, "Plan Rows": 212428, "Plan Width": 0, "Index Cond": "(info_type_id = it1.id)"}]}]}, {"Node Type": "Index Scan", "Parent Relationship": "Inner", "Scan Direction": "Forward", "Index Name": "movie_id_movie_info_idx", "Relation Name": "movie_info_idx", "Alias": "mi_idx", "Startup Cost": 0.0, "Total Cost": 0.53, "Plan Rows": 2, "Plan Width": 13, "Index Cond": "(movie_id = mi.movie_id)"}]}]}, {"Node Type": "Index Scan", "Parent Relationship": "Inner", "Scan Direction": "Forward", "Index Name": "title_pkey", "Relation Name": "title", "Alias": "t", "Startup Cost": 0.0, "Total Cost": 0.4, "Plan Rows": 1, "Plan Width": 21, "Index Cond": "(id = mi_idx.movie_id)"}]}, {"Node Type": "Index Scan", "Parent Relationship": "Inner", "Scan Direction": "Forward", "Index Name": "movie_id_cast_info", "Relation Name": "cast_info", "Alias": "ci", "Startup Cost": 0.0, "Total Cost": 1.01, "Plan Rows": 1, "Plan Width": 8, "Index Cond": "(movie_id = t.id)", "Filter": "((note)::text = ANY ('{(writer),\"(head writer)\",\"(written by)\",(story),\"(story editor)\"}'::text[]))"}]}, {"Node Type": "Index Scan", "Parent Relationship": "Inner", "Scan Direction": "Forward", "Index Name": "name_pkey", "Relation Name": "name", "Alias": "n", "Startup Cost": 0.0, "Total Cost": 0.49, "Plan Rows": 1, "Plan Width": 4, "Index Cond": "(id = ci.person_id)", "Filter": "((gender)::text = 'm'::text)"}]}]}, "Unique SQL Id": 3913857139, "Planner Runtime": 4}, "explain_analyze_plan": {"Plan": {"Node Type": "Aggregate", "Strategy": "Plain", "Startup Cost": 168618.05, "Total Cost": 168618.06, "Plan Rows": 1, "Plan Width": 160, "Actual Startup Time": 10985.018, "Actual Total Time": 10985.019, "Actual Rows": 1, "Actual Loops": 1, "Plans": [{"Node Type": "Nested Loop", "Parent Relationship": "Outer", "Join Type": "Inner", "Startup Cost": 4842.14, "Total Cost": 168607.45, "Plan Rows": 1413, "Plan Width": 64, "Actual Startup Time": 175.61, "Actual Total Time": 10939.798, "Actual Rows": 28073, "Actual Loops": 1, "Inner Unique": true, "Plans": [{"Node Type": "Nested Loop", "Parent Relationship": "Outer", "Join Type": "Inner", "Startup Cost": 4842.14, "Total Cost": 168028.19, "Plan Rows": 1155, "Plan Width": 68, "Actual Startup Time": 173.738, "Actual Total Time": 10546.49, "Actual Rows": 54155, "Actual Loops": 1, "Inner Unique": false, "Plans": [{"Node Type": "Nested Loop", "Parent Relationship": "Outer", "Join Type": "Inner", "Startup Cost": 4842.14, "Total Cost": 166966.55, "Plan Rows": 1044, "Plan Width": 76, "Actual Startup Time": 171.478, "Actual Total Time": 2622.411, "Actual Rows": 102516, "Actual Loops": 1, "Inner Unique": true, "Join Filter": "(mi.movie_id = t.id)", "Rows Removed by Join Filter": 0, "Plans": [{"Node Type": "Nested Loop", "Parent Relationship": "Outer", "Join Type": "Inner", "Startup Cost": 4842.14, "Total Cost": 166538.36, "Plan Rows": 1044, "Plan Width": 55, "Actual Startup Time": 171.46, "Actual Total Time": 2084.763, "Actual Rows": 102516, "Actual Loops": 1, "Inner Unique": false, "Join Filter": "(mi_idx.info_type_id = it2.id)", "Rows Removed by Join Filter": 205269, "Plans": [{"Node Type": "Index Scan", "Parent Relationship": "Outer", "Scan Direction": "Forward", "Index Name": "info_type_pkey", "Relation Name": "info_type", "Alias": "it2", "Startup Cost": 0.0, "Total Cost": 14.21, "Plan Rows": 1, "Plan Width": 4, "Actual Startup Time": 0.077, "Actual Total Time": 0.096, "Actual Rows": 1, "Actual Loops": 1, "Filter": "((info)::text = 'votes'::text)", "Rows Removed by Filter": 111}, {"Node Type": "Nested Loop", "Parent Relationship": "Inner", "Join Type": "Inner", "Startup Cost": 4842.14, "Total Cost": 166471.96, "Plan Rows": 4175, "Plan Width": 59, "Actual Startup Time": 171.352, "Actual Total Time": 1994.85, "Actual Rows": 307785, "Actual Loops": 1, "Inner Unique": false, "Plans": [{"Node Type": "Nested Loop", "Parent Relationship": "Outer", "Join Type": "Inner", "Startup Cost": 4842.14, "Total Cost": 164983.91, "Plan Rows": 2717, "Plan Width": 46, "Actual Startup Time": 171.315, "Actual Total Time": 1144.549, "Actual Rows": 186594, "Actual Loops": 1, "Inner Unique": false, "Plans": [{"Node Type": "Index Scan", "Parent Relationship": "Outer", "Scan Direction": "Forward", "Index Name": "info_type_pkey", "Relation Name": "info_type", "Alias": "it1", "Startup Cost": 0.0, "Total Cost": 14.21, "Plan Rows": 1, "Plan Width": 4, "Actual Startup Time": 0.009, "Actual Total Time": 0.198, "Actual Rows": 1, "Actual Loops": 1, "Filter": "((info)::text = 'genres'::text)", "Rows Removed by Filter": 111}, {"Node Type": "Bitmap Heap Scan", "Parent Relationship": "Inner", "Relation Name": "movie_info", "Alias": "mi", "Startup Cost": 4842.14, "Total Cost": 164942.53, "Plan Rows": 2717, "Plan Width": 50, "Actual Startup Time": 171.298, "Actual Total Time": 1101.073, "Actual Rows": 186594, "Actual Loops": 1, "Recheck Cond": "(info_type_id = it1.id)", "Rows Removed by Index Recheck": 0, "Filter": "((info)::text = ANY ('{Horror,Action,Sci-Fi,Thriller,Crime,War}'::text[]))", "Rows Removed by Filter": 1347315, "Exact Heap Blocks": 7426, "Lossy Heap Blocks": 7426, "Plans": [{"Node Type": "Bitmap Index Scan", "Parent Relationship": "Outer", "Index Name": "info_type_id_movie_info", "Startup Cost": 0.0, "Total Cost": 4841.46, "Plan Rows": 212428, "Plan Width": 0, "Actual Startup Time": 169.856, "Actual Total Time": 169.856, "Actual Rows": 1533909, "Actual Loops": 1, "Index Cond": "(info_type_id = it1.id)"}]}]}, {"Node Type": "Index Scan", "Parent Relationship": "Inner", "Scan Direction": "Forward", "Index Name": "movie_id_movie_info_idx", "Relation Name": "movie_info_idx", "Alias": "mi_idx", "Startup Cost": 0.0, "Total Cost": 0.53, "Plan Rows": 2, "Plan Width": 13, "Actual Startup Time": 553.72, "Actual Total Time": 672.151, "Actual Rows": 307785, "Actual Loops": 186594, "Index Cond": "(movie_id = mi.movie_id)", "Rows Removed by Index Recheck": 0}]}]}, {"Node Type": "Index Scan", "Parent Relationship": "Inner", "Scan Direction": "Forward", "Index Name": "title_pkey", "Relation Name": "title", "Alias": "t", "Startup Cost": 0.0, "Total Cost": 0.4, "Plan Rows": 1, "Plan Width": 21, "Actual Startup Time": 423.919, "Actual Total Time": 423.919, "Actual Rows": 102516, "Actual Loops": 102516, "Index Cond": "(id = mi_idx.movie_id)", "Rows Removed by Index Recheck": 0}]}, {"Node Type": "Index Scan", "Parent Relationship": "Inner", "Scan Direction": "Forward", "Index Name": "movie_id_cast_info", "Relation Name": "cast_info", "Alias": "ci", "Startup Cost": 0.0, "Total Cost": 1.01, "Plan Rows": 1, "Plan Width": 8, "Actual Startup Time": 6693.235, "Actual Total Time": 7850.651, "Actual Rows": 54155, "Actual Loops": 102516, "Index Cond": "(movie_id = t.id)", "Rows Removed by Index Recheck": 0, "Filter": "((note)::text = ANY ('{(writer),\"(head writer)\",\"(written by)\",(story),\"(story editor)\"}'::text[]))", "Rows Removed by Filter": 3987641}]}, {"Node Type": "Index Scan", "Parent Relationship": "Inner", "Scan Direction": "Forward", "Index Name": "name_pkey", "Relation Name": "name", "Alias": "n", "Startup Cost": 0.0, "Total Cost": 0.49, "Plan Rows": 1, "Plan Width": 4, "Actual Startup Time": 345.095, "Actual Total Time": 345.095, "Actual Rows": 28073, "Actual Loops": 54155, "Index Cond": "(id = ci.person_id)", "Rows Removed by Index Recheck": 0, "Filter": "((gender)::text = 'm'::text)", "Rows Removed by Filter": 26082}]}]}, "Triggers": [], "Planner Runtime": 4, "Total Runtime": 10985.503, "Unique SQL Id": 3913857139}}, "(1, 114)": {"explain_plan": {"Plan": {"Node Type": "Aggregate", "Strategy": "Plain", "Startup Cost": 191372.0, "Total Cost": 191372.01, "Plan Rows": 1, "Plan Width": 160, "Plans": [{"Node Type": "Nested Loop", "Parent Relationship": "Outer", "Join Type": "Inner", "Startup Cost": 4843.62, "Total Cost": 191361.4, "Plan Rows": 1413, "Plan Width": 64, "Inner Unique": true, "Plans": [{"Node Type": "Nested Loop", "Parent Relationship": "Outer", "Join Type": "Inner", "Startup Cost": 4843.31, "Total Cost": 186355.98, "Plan Rows": 1155, "Plan Width": 68, "Inner Unique": false, "Plans": [{"Node Type": "Nested Loop", "Parent Relationship": "Outer", "Join Type": "Inner", "Startup Cost": 4842.79, "Total Cost": 181513.31, "Plan Rows": 1044, "Plan Width": 76, "Inner Unique": true, "Join Filter": "(mi.movie_id = t.id)", "Plans": [{"Node Type": "Nested Loop", "Parent Relationship": "Outer", "Join Type": "Inner", "Startup Cost": 4842.51, "Total Cost": 177014.12, "Plan Rows": 1044, "Plan Width": 55, "Inner Unique": false, "Join Filter": "(mi_idx.info_type_id = it2.id)", "Plans": [{"Node Type": "Seq Scan", "Parent Relationship": "Outer", "Relation Name": "info_type", "Alias": "it2", "Startup Cost": 0.0, "Total Cost": 2.4, "Plan Rows": 1, "Plan Width": 4, "Filter": "((info)::text = 'votes'::text)"}, {"Node Type": "Nested Loop", "Parent Relationship": "Inner", "Join Type": "Inner", "Startup Cost": 4842.51, "Total Cost": 176959.53, "Plan Rows": 4175, "Plan Width": 59, "Inner Unique": false, "Plans": [{"Node Type": "Nested Loop", "Parent Relationship": "Outer", "Join Type": "Inner", "Startup Cost": 4842.14, "Total Cost": 164972.1, "Plan Rows": 2717, "Plan Width": 46, "Inner Unique": false, "Plans": [{"Node Type": "Seq Scan", "Parent Relationship": "Outer", "Relation Name": "info_type", "Alias": "it1", "Startup Cost": 0.0, "Total Cost": 2.4, "Plan Rows": 1, "Plan Width": 4, "Filter": "((info)::text = 'genres'::text)"}, {"Node Type": "Bitmap Heap Scan", "Parent Relationship": "Inner", "Relation Name": "movie_info", "Alias": "mi", "Startup Cost": 4842.14, "Total Cost": 164942.53, "Plan Rows": 2717, "Plan Width": 50, "Recheck Cond": "(info_type_id = it1.id)", "Filter": "((info)::text = ANY ('{Horror,Action,Sci-Fi,Thriller,Crime,War}'::text[]))", "Plans": [{"Node Type": "Bitmap Index Scan", "Parent Relationship": "Outer", "Index Name": "info_type_id_movie_info", "Startup Cost": 0.0, "Total Cost": 4841.46, "Plan Rows": 212428, "Plan Width": 0, "Index Cond": "(info_type_id = it1.id)"}]}]}, {"Node Type": "Bitmap Heap Scan", "Parent Relationship": "Inner", "Relation Name": "movie_info_idx", "Alias": "mi_idx", "Startup Cost": 0.37, "Total Cost": 4.39, "Plan Rows": 2, "Plan Width": 13, "Recheck Cond": "(movie_id = mi.movie_id)", "Plans": [{"Node Type": "Bitmap Index Scan", "Parent Relationship": "Outer", "Index Name": "movie_id_movie_info_idx", "Startup Cost": 0.0, "Total Cost": 0.37, "Plan Rows": 2, "Plan Width": 0, "Index Cond": "(movie_id = mi.movie_id)"}]}]}]}, {"Node Type": "Bitmap Heap Scan", "Parent Relationship": "Inner", "Relation Name": "title", "Alias": "t", "Startup Cost": 0.28, "Total Cost": 4.3, "Plan Rows": 1, "Plan Width": 21, "Recheck Cond": "(id = mi_idx.movie_id)", "Plans": [{"Node Type": "Bitmap Index Scan", "Parent Relationship": "Outer", "Index Name": "title_pkey", "Startup Cost": 0.0, "Total Cost": 0.28, "Plan Rows": 1, "Plan Width": 0, "Index Cond": "(id = mi_idx.movie_id)"}]}]}, {"Node Type": "Bitmap Heap Scan", "Parent Relationship": "Inner", "Relation Name": "cast_info", "Alias": "ci", "Startup Cost": 0.52, "Total Cost": 4.63, "Plan Rows": 1, "Plan Width": 8, "Recheck Cond": "(movie_id = t.id)", "Filter": "((note)::text = ANY ('{(writer),\"(head writer)\",\"(written by)\",(story),\"(story editor)\"}'::text[]))", "Plans": [{"Node Type": "Bitmap Index Scan", "Parent Relationship": "Outer", "Index Name": "movie_id_cast_info", "Startup Cost": 0.0, "Total Cost": 0.52, "Plan Rows": 6, "Plan Width": 0, "Index Cond": "(movie_id = t.id)"}]}]}, {"Node Type": "Bitmap Heap Scan", "Parent Relationship": "Inner", "Relation Name": "name", "Alias": "n", "Startup Cost": 0.31, "Total Cost": 4.32, "Plan Rows": 1, "Plan Width": 4, "Recheck Cond": "(id = ci.person_id)", "Filter": "((gender)::text = 'm'::text)", "Plans": [{"Node Type": "Bitmap Index Scan", "Parent Relationship": "Outer", "Index Name": "name_pkey", "Startup Cost": 0.0, "Total Cost": 0.31, "Plan Rows": 1, "Plan Width": 0, "Index Cond": "(id = ci.person_id)"}]}]}]}, "Unique SQL Id": 3913857139, "Planner Runtime": 6}, "explain_analyze_plan": {"Plan": {"Node Type": "Aggregate", "Strategy": "Plain", "Startup Cost": 191372.0, "Total Cost": 191372.01, "Plan Rows": 1, "Plan Width": 160, "Actual Startup Time": 13418.046, "Actual Total Time": 13418.047, "Actual Rows": 1, "Actual Loops": 1, "Plans": [{"Node Type": "Nested Loop", "Parent Relationship": "Outer", "Join Type": "Inner", "Startup Cost": 4843.62, "Total Cost": 191361.4, "Plan Rows": 1413, "Plan Width": 64, "Actual Startup Time": 188.301, "Actual Total Time": 13363.107, "Actual Rows": 28073, "Actual Loops": 1, "Inner Unique": true, "Plans": [{"Node Type": "Nested Loop", "Parent Relationship": "Outer", "Join Type": "Inner", "Startup Cost": 4843.31, "Total Cost": 186355.98, "Plan Rows": 1155, "Plan Width": 68, "Actual Startup Time": 185.613, "Actual Total Time": 12857.373, "Actual Rows": 54155, "Actual Loops": 1, "Inner Unique": false, "Plans": [{"Node Type": "Nested Loop", "Parent Relationship": "Outer", "Join Type": "Inner", "Startup Cost": 4842.79, "Total Cost": 181513.31, "Plan Rows": 1044, "Plan Width": 76, "Actual Startup Time": 182.526, "Actual Total Time": 3121.597, "Actual Rows": 102516, "Actual Loops": 1, "Inner Unique": true, "Join Filter": "(mi.movie_id = t.id)", "Rows Removed by Join Filter": 0, "Plans": [{"Node Type": "Nested Loop", "Parent Relationship": "Outer", "Join Type": "Inner", "Startup Cost": 4842.51, "Total Cost": 177014.12, "Plan Rows": 1044, "Plan Width": 55, "Actual Startup Time": 182.486, "Actual Total Time": 2391.44, "Actual Rows": 102516, "Actual Loops": 1, "Inner Unique": false, "Join Filter": "(mi_idx.info_type_id = it2.id)", "Rows Removed by Join Filter": 205269, "Plans": [{"Node Type": "Seq Scan", "Parent Relationship": "Outer", "Relation Name": "info_type", "Alias": "it2", "Startup Cost": 0.0, "Total Cost": 2.4, "Plan Rows": 1, "Plan Width": 4, "Actual Startup Time": 0.064, "Actual Total Time": 0.077, "Actual Rows": 1, "Actual Loops": 1, "Filter": "((info)::text = 'votes'::text)", "Rows Removed by Filter": 111}, {"Node Type": "Nested Loop", "Parent Relationship": "Inner", "Join Type": "Inner", "Startup Cost": 4842.51, "Total Cost": 176959.53, "Plan Rows": 4175, "Plan Width": 59, "Actual Startup Time": 182.405, "Actual Total Time": 2293.019, "Actual Rows": 307785, "Actual Loops": 1, "Inner Unique": false, "Plans": [{"Node Type": "Nested Loop", "Parent Relationship": "Outer", "Join Type": "Inner", "Startup Cost": 4842.14, "Total Cost": 164972.1, "Plan Rows": 2717, "Plan Width": 46, "Actual Startup Time": 182.357, "Actual Total Time": 1158.606, "Actual Rows": 186594, "Actual Loops": 1, "Inner Unique": false, "Plans": [{"Node Type": "Seq Scan", "Parent Relationship": "Outer", "Relation Name": "info_type", "Alias": "it1", "Startup Cost": 0.0, "Total Cost": 2.4, "Plan Rows": 1, "Plan Width": 4, "Actual Startup Time": 0.038, "Actual Total Time": 0.179, "Actual Rows": 1, "Actual Loops": 1, "Filter": "((info)::text = 'genres'::text)", "Rows Removed by Filter": 111}, {"Node Type": "Bitmap Heap Scan", "Parent Relationship": "Inner", "Relation Name": "movie_info", "Alias": "mi", "Startup Cost": 4842.14, "Total Cost": 164942.53, "Plan Rows": 2717, "Plan Width": 50, "Actual Startup Time": 182.315, "Actual Total Time": 1115.988, "Actual Rows": 186594, "Actual Loops": 1, "Recheck Cond": "(info_type_id = it1.id)", "Rows Removed by Index Recheck": 0, "Filter": "((info)::text = ANY ('{Horror,Action,Sci-Fi,Thriller,Crime,War}'::text[]))", "Rows Removed by Filter": 1347315, "Exact Heap Blocks": 7426, "Lossy Heap Blocks": 7426, "Plans": [{"Node Type": "Bitmap Index Scan", "Parent Relationship": "Outer", "Index Name": "info_type_id_movie_info", "Startup Cost": 0.0, "Total Cost": 4841.46, "Plan Rows": 212428, "Plan Width": 0, "Actual Startup Time": 180.863, "Actual Total Time": 180.863, "Actual Rows": 1533909, "Actual Loops": 1, "Index Cond": "(info_type_id = it1.id)"}]}]}, {"Node Type": "Bitmap Heap Scan", "Parent Relationship": "Inner", "Relation Name": "movie_info_idx", "Alias": "mi_idx", "Startup Cost": 0.37, "Total Cost": 4.39, "Plan Rows": 2, "Plan Width": 13, "Actual Startup Time": 772.261, "Actual Total Time": 819.101, "Actual Rows": 307785, "Actual Loops": 186594, "Recheck Cond": "(movie_id = mi.movie_id)", "Rows Removed by Index Recheck": 0, "Exact Heap Blocks": 103610, "Lossy Heap Blocks": 103610, "Plans": [{"Node Type": "Bitmap Index Scan", "Parent Relationship": "Outer", "Index Name": "movie_id_movie_info_idx", "Startup Cost": 0.0, "Total Cost": 0.37, "Plan Rows": 2, "Plan Width": 0, "Actual Startup Time": 528.073, "Actual Total Time": 528.073, "Actual Rows": 307785, "Actual Loops": 186594, "Index Cond": "(movie_id = mi.movie_id)"}]}]}]}, {"Node Type": "Bitmap Heap Scan", "Parent Relationship": "Inner", "Relation Name": "title", "Alias": "t", "Startup Cost": 0.28, "Total Cost": 4.3, "Plan Rows": 1, "Plan Width": 21, "Actual Startup Time": 549.517, "Actual Total Time": 549.517, "Actual Rows": 102516, "Actual Loops": 102516, "Recheck Cond": "(id = mi_idx.movie_id)", "Rows Removed by Index Recheck": 0, "Exact Heap Blocks": 102516, "Lossy Heap Blocks": 102516, "Plans": [{"Node Type": "Bitmap Index Scan", "Parent Relationship": "Outer", "Index Name": "title_pkey", "Startup Cost": 0.0, "Total Cost": 0.28, "Plan Rows": 1, "Plan Width": 0, "Actual Startup Time": 300.228, "Actual Total Time": 300.228, "Actual Rows": 102516, "Actual Loops": 102516, "Index Cond": "(id = mi_idx.movie_id)"}]}]}, {"Node Type": "Bitmap Heap Scan", "Parent Relationship": "Inner", "Relation Name": "cast_info", "Alias": "ci", "Startup Cost": 0.52, "Total Cost": 4.63, "Plan Rows": 1, "Plan Width": 8, "Actual Startup Time": 8278.947, "Actual Total Time": 9561.679, "Actual Rows": 54155, "Actual Loops": 102516, "Recheck Cond": "(movie_id = t.id)", "Rows Removed by Index Recheck": 0, "Filter": "((note)::text = ANY ('{(writer),\"(head writer)\",\"(written by)\",(story),\"(story editor)\"}'::text[]))", "Rows Removed by Filter": 3987641, "Exact Heap Blocks": 3901088, "Lossy Heap Blocks": 3901088, "Plans": [{"Node Type": "Bitmap Index Scan", "Parent Relationship": "Outer", "Index Name": "movie_id_cast_info", "Startup Cost": 0.0, "Total Cost": 0.52, "Plan Rows": 6, "Plan Width": 0, "Actual Startup Time": 1062.241, "Actual Total Time": 1062.241, "Actual Rows": 4041796, "Actual Loops": 102516, "Index Cond": "(movie_id = t.id)"}]}]}, {"Node Type": "Bitmap Heap Scan", "Parent Relationship": "Inner", "Relation Name": "name", "Alias": "n", "Startup Cost": 0.31, "Total Cost": 4.32, "Plan Rows": 1, "Plan Width": 4, "Actual Startup Time": 412.128, "Actual Total Time": 412.128, "Actual Rows": 28073, "Actual Loops": 54155, "Recheck Cond": "(id = ci.person_id)", "Rows Removed by Index Recheck": 0, "Filter": "((gender)::text = 'm'::text)", "Rows Removed by Filter": 26082, "Exact Heap Blocks": 54155, "Lossy Heap Blocks": 54155, "Plans": [{"Node Type": "Bitmap Index Scan", "Parent Relationship": "Outer", "Index Name": "name_pkey", "Startup Cost": 0.0, "Total Cost": 0.31, "Plan Rows": 1, "Plan Width": 0, "Actual Startup Time": 260.254, "Actual Total Time": 260.254, "Actual Rows": 54155, "Actual Loops": 54155, "Index Cond": "(id = ci.person_id)"}]}]}]}, "Triggers": [], "Planner Runtime": 6, "Total Runtime": 13418.547, "Unique SQL Id": 3913857139}}, "(1, 115)": {"explain_plan": {"Plan": {"Node Type": "Aggregate", "Strategy": "Plain", "Startup Cost": 1000012232006.38, "Total Cost": 1000012232006.39, "Plan Rows": 1, "Plan Width": 160, "Plans": [{"Node Type": "Nested Loop", "Parent Relationship": "Outer", "Join Type": "Inner", "Startup Cost": 10000000002.26, "Total Cost": 1000012231995.78, "Plan Rows": 1413, "Plan Width": 64, "Inner Unique": true, "Join Filter": "(mi.movie_id = t.id)", "Plans": [{"Node Type": "Nested Loop", "Parent Relationship": "Outer", "Join Type": "Inner", "Startup Cost": 10000000001.98, "Total Cost": 1000012225906.36, "Plan Rows": 1413, "Plan Width": 59, "Inner Unique": true, "Plans": [{"Node Type": "Nested Loop", "Parent Relationship": "Outer", "Join Type": "Inner", "Startup Cost": 10000000001.67, "Total Cost": 1000012220900.93, "Plan Rows": 1155, "Plan Width": 63, "Inner Unique": false, "Join Filter": "(mi.movie_id = ci.movie_id)", "Plans": [{"Node Type": "Nested Loop", "Parent Relationship": "Outer", "Join Type": "Inner", "Startup Cost": 10000000000.97, "Total Cost": 1000012215863.83, "Plan Rows": 1044, "Plan Width": 55, "Inner Unique": true, "Plans": [{"Node Type": "Nested Loop", "Parent Relationship": "Outer", "Join Type": "Inner", "Startup Cost": 10000000000.71, "Total Cost": 1000012197983.33, "Plan Rows": 4175, "Plan Width": 59, "Inner Unique": true, "Plans": [{"Node Type": "Nested Loop", "Parent Relationship": "Outer", "Join Type": "Inner", "Startup Cost": 10000000000.45, "Total Cost": 1000010946375.89, "Plan Rows": 292241, "Plan Width": 63, "Inner Unique": false, "Plans": [{"Node Type": "Index Scan", "Parent Relationship": "Outer", "Scan Direction": "Forward", "Index Name": "movie_id_movie_info_idx", "Relation Name": "movie_info_idx", "Alias": "mi_idx", "Startup Cost": 10000000000.0, "Total Cost": 1000004650035.37, "Plan Rows": 1380034, "Plan Width": 13}, {"Node Type": "Bitmap Heap Scan", "Parent Relationship": "Inner", "Relation Name": "movie_info", "Alias": "mi", "Startup Cost": 0.45, "Total Cost": 4.55, "Plan Rows": 1, "Plan Width": 50, "Recheck Cond": "(movie_id = mi_idx.movie_id)", "Filter": "((info)::text = ANY ('{Horror,Action,Sci-Fi,Thriller,Crime,War}'::text[]))", "Plans": [{"Node Type": "Bitmap Index Scan", "Parent Relationship": "Outer", "Index Name": "movie_id_movie_info", "Startup Cost": 0.0, "Total Cost": 0.45, "Plan Rows": 5, "Plan Width": 0, "Index Cond": "(movie_id = mi_idx.movie_id)"}]}]}, {"Node Type": "Bitmap Heap Scan", "Parent Relationship": "Inner", "Relation Name": "info_type", "Alias": "it1", "Startup Cost": 0.26, "Total Cost": 4.27, "Plan Rows": 1, "Plan Width": 4, "Recheck Cond": "(id = mi.info_type_id)", "Filter": "((info)::text = 'genres'::text)", "Plans": [{"Node Type": "Bitmap Index Scan", "Parent Relationship": "Outer", "Index Name": "info_type_pkey", "Startup Cost": 0.0, "Total Cost": 0.26, "Plan Rows": 1, "Plan Width": 0, "Index Cond": "(id = mi.info_type_id)"}]}]}, {"Node Type": "Bitmap Heap Scan", "Parent Relationship": "Inner", "Relation Name": "info_type", "Alias": "it2", "Startup Cost": 0.26, "Total Cost": 4.27, "Plan Rows": 1, "Plan Width": 4, "Recheck Cond": "(id = mi_idx.info_type_id)", "Filter": "((info)::text = 'votes'::text)", "Plans": [{"Node Type": "Bitmap Index Scan", "Parent Relationship": "Outer", "Index Name": "info_type_pkey", "Startup Cost": 0.0, "Total Cost": 0.26, "Plan Rows": 1, "Plan Width": 0, "Index Cond": "(id = mi_idx.info_type_id)"}]}]}, {"Node Type": "Bitmap Heap Scan", "Parent Relationship": "Inner", "Relation Name": "cast_info", "Alias": "ci", "Startup Cost": 0.7, "Total Cost": 4.81, "Plan Rows": 1, "Plan Width": 8, "Recheck Cond": "(movie_id = mi_idx.movie_id)", "Filter": "((note)::text = ANY ('{(writer),\"(head writer)\",\"(written by)\",(story),\"(story editor)\"}'::text[]))", "Plans": [{"Node Type": "Bitmap Index Scan", "Parent Relationship": "Outer", "Index Name": "movie_id_cast_info", "Startup Cost": 0.0, "Total Cost": 0.7, "Plan Rows": 6, "Plan Width": 0, "Index Cond": "(movie_id = mi_idx.movie_id)"}]}]}, {"Node Type": "Bitmap Heap Scan", "Parent Relationship": "Inner", "Relation Name": "name", "Alias": "n", "Startup Cost": 0.31, "Total Cost": 4.32, "Plan Rows": 1, "Plan Width": 4, "Recheck Cond": "(id = ci.person_id)", "Filter": "((gender)::text = 'm'::text)", "Plans": [{"Node Type": "Bitmap Index Scan", "Parent Relationship": "Outer", "Index Name": "name_pkey", "Startup Cost": 0.0, "Total Cost": 0.31, "Plan Rows": 1, "Plan Width": 0, "Index Cond": "(id = ci.person_id)"}]}]}, {"Node Type": "Bitmap Heap Scan", "Parent Relationship": "Inner", "Relation Name": "title", "Alias": "t", "Startup Cost": 0.28, "Total Cost": 4.3, "Plan Rows": 1, "Plan Width": 21, "Recheck Cond": "(id = mi_idx.movie_id)", "Plans": [{"Node Type": "Bitmap Index Scan", "Parent Relationship": "Outer", "Index Name": "title_pkey", "Startup Cost": 0.0, "Total Cost": 0.28, "Plan Rows": 1, "Plan Width": 0, "Index Cond": "(id = mi_idx.movie_id)"}]}]}]}, "Unique SQL Id": 3913857139, "Planner Runtime": 4}, "explain_analyze_plan": null}, "(1, 116)": {"explain_plan": {"Plan": {"Node Type": "Aggregate", "Strategy": "Plain", "Startup Cost": 168594.43, "Total Cost": 168594.44, "Plan Rows": 1, "Plan Width": 160, "Plans": [{"Node Type": "Nested Loop", "Parent Relationship": "Outer", "Join Type": "Inner", "Startup Cost": 4842.14, "Total Cost": 168583.83, "Plan Rows": 1413, "Plan Width": 64, "Inner Unique": true, "Plans": [{"Node Type": "Nested Loop", "Parent Relationship": "Outer", "Join Type": "Inner", "Startup Cost": 4842.14, "Total Cost": 168004.57, "Plan Rows": 1155, "Plan Width": 68, "Inner Unique": false, "Plans": [{"Node Type": "Nested Loop", "Parent Relationship": "Outer", "Join Type": "Inner", "Startup Cost": 4842.14, "Total Cost": 166942.93, "Plan Rows": 1044, "Plan Width": 76, "Inner Unique": true, "Join Filter": "(mi.movie_id = t.id)", "Plans": [{"Node Type": "Nested Loop", "Parent Relationship": "Outer", "Join Type": "Inner", "Startup Cost": 4842.14, "Total Cost": 166514.74, "Plan Rows": 1044, "Plan Width": 55, "Inner Unique": false, "Join Filter": "(mi_idx.info_type_id = it2.id)", "Plans": [{"Node Type": "Seq Scan", "Parent Relationship": "Outer", "Relation Name": "info_type", "Alias": "it2", "Startup Cost": 0.0, "Total Cost": 2.4, "Plan Rows": 1, "Plan Width": 4, "Filter": "((info)::text = 'votes'::text)"}, {"Node Type": "Nested Loop", "Parent Relationship": "Inner", "Join Type": "Inner", "Startup Cost": 4842.14, "Total Cost": 166460.15, "Plan Rows": 4175, "Plan Width": 59, "Inner Unique": false, "Plans": [{"Node Type": "Nested Loop", "Parent Relationship": "Outer", "Join Type": "Inner", "Startup Cost": 4842.14, "Total Cost": 164972.1, "Plan Rows": 2717, "Plan Width": 46, "Inner Unique": false, "Plans": [{"Node Type": "Seq Scan", "Parent Relationship": "Outer", "Relation Name": "info_type", "Alias": "it1", "Startup Cost": 0.0, "Total Cost": 2.4, "Plan Rows": 1, "Plan Width": 4, "Filter": "((info)::text = 'genres'::text)"}, {"Node Type": "Bitmap Heap Scan", "Parent Relationship": "Inner", "Relation Name": "movie_info", "Alias": "mi", "Startup Cost": 4842.14, "Total Cost": 164942.53, "Plan Rows": 2717, "Plan Width": 50, "Recheck Cond": "(info_type_id = it1.id)", "Filter": "((info)::text = ANY ('{Horror,Action,Sci-Fi,Thriller,Crime,War}'::text[]))", "Plans": [{"Node Type": "Bitmap Index Scan", "Parent Relationship": "Outer", "Index Name": "info_type_id_movie_info", "Startup Cost": 0.0, "Total Cost": 4841.46, "Plan Rows": 212428, "Plan Width": 0, "Index Cond": "(info_type_id = it1.id)"}]}]}, {"Node Type": "Index Scan", "Parent Relationship": "Inner", "Scan Direction": "Forward", "Index Name": "movie_id_movie_info_idx", "Relation Name": "movie_info_idx", "Alias": "mi_idx", "Startup Cost": 0.0, "Total Cost": 0.53, "Plan Rows": 2, "Plan Width": 13, "Index Cond": "(movie_id = mi.movie_id)"}]}]}, {"Node Type": "Index Scan", "Parent Relationship": "Inner", "Scan Direction": "Forward", "Index Name": "title_pkey", "Relation Name": "title", "Alias": "t", "Startup Cost": 0.0, "Total Cost": 0.4, "Plan Rows": 1, "Plan Width": 21, "Index Cond": "(id = mi_idx.movie_id)"}]}, {"Node Type": "Index Scan", "Parent Relationship": "Inner", "Scan Direction": "Forward", "Index Name": "movie_id_cast_info", "Relation Name": "cast_info", "Alias": "ci", "Startup Cost": 0.0, "Total Cost": 1.01, "Plan Rows": 1, "Plan Width": 8, "Index Cond": "(movie_id = t.id)", "Filter": "((note)::text = ANY ('{(writer),\"(head writer)\",\"(written by)\",(story),\"(story editor)\"}'::text[]))"}]}, {"Node Type": "Index Scan", "Parent Relationship": "Inner", "Scan Direction": "Forward", "Index Name": "name_pkey", "Relation Name": "name", "Alias": "n", "Startup Cost": 0.0, "Total Cost": 0.49, "Plan Rows": 1, "Plan Width": 4, "Index Cond": "(id = ci.person_id)", "Filter": "((gender)::text = 'm'::text)"}]}]}, "Unique SQL Id": 3913857139, "Planner Runtime": 5}, "explain_analyze_plan": {"Plan": {"Node Type": "Aggregate", "Strategy": "Plain", "Startup Cost": 168594.43, "Total Cost": 168594.44, "Plan Rows": 1, "Plan Width": 160, "Actual Startup Time": 10962.342, "Actual Total Time": 10962.342, "Actual Rows": 1, "Actual Loops": 1, "Plans": [{"Node Type": "Nested Loop", "Parent Relationship": "Outer", "Join Type": "Inner", "Startup Cost": 4842.14, "Total Cost": 168583.83, "Plan Rows": 1413, "Plan Width": 64, "Actual Startup Time": 182.238, "Actual Total Time": 10918.825, "Actual Rows": 28073, "Actual Loops": 1, "Inner Unique": true, "Plans": [{"Node Type": "Nested Loop", "Parent Relationship": "Outer", "Join Type": "Inner", "Startup Cost": 4842.14, "Total Cost": 168004.57, "Plan Rows": 1155, "Plan Width": 68, "Actual Startup Time": 179.995, "Actual Total Time": 10530.664, "Actual Rows": 54155, "Actual Loops": 1, "Inner Unique": false, "Plans": [{"Node Type": "Nested Loop", "Parent Relationship": "Outer", "Join Type": "Inner", "Startup Cost": 4842.14, "Total Cost": 166942.93, "Plan Rows": 1044, "Plan Width": 76, "Actual Startup Time": 177.445, "Actual Total Time": 2626.7, "Actual Rows": 102516, "Actual Loops": 1, "Inner Unique": true, "Join Filter": "(mi.movie_id = t.id)", "Rows Removed by Join Filter": 0, "Plans": [{"Node Type": "Nested Loop", "Parent Relationship": "Outer", "Join Type": "Inner", "Startup Cost": 4842.14, "Total Cost": 166514.74, "Plan Rows": 1044, "Plan Width": 55, "Actual Startup Time": 177.415, "Actual Total Time": 2091.352, "Actual Rows": 102516, "Actual Loops": 1, "Inner Unique": false, "Join Filter": "(mi_idx.info_type_id = it2.id)", "Rows Removed by Join Filter": 205269, "Plans": [{"Node Type": "Seq Scan", "Parent Relationship": "Outer", "Relation Name": "info_type", "Alias": "it2", "Startup Cost": 0.0, "Total Cost": 2.4, "Plan Rows": 1, "Plan Width": 4, "Actual Startup Time": 0.051, "Actual Total Time": 0.06, "Actual Rows": 1, "Actual Loops": 1, "Filter": "((info)::text = 'votes'::text)", "Rows Removed by Filter": 111}, {"Node Type": "Nested Loop", "Parent Relationship": "Inner", "Join Type": "Inner", "Startup Cost": 4842.14, "Total Cost": 166460.15, "Plan Rows": 4175, "Plan Width": 59, "Actual Startup Time": 177.338, "Actual Total Time": 2000.149, "Actual Rows": 307785, "Actual Loops": 1, "Inner Unique": false, "Plans": [{"Node Type": "Nested Loop", "Parent Relationship": "Outer", "Join Type": "Inner", "Startup Cost": 4842.14, "Total Cost": 164972.1, "Plan Rows": 2717, "Plan Width": 46, "Actual Startup Time": 177.302, "Actual Total Time": 1152.01, "Actual Rows": 186594, "Actual Loops": 1, "Inner Unique": false, "Plans": [{"Node Type": "Seq Scan", "Parent Relationship": "Outer", "Relation Name": "info_type", "Alias": "it1", "Startup Cost": 0.0, "Total Cost": 2.4, "Plan Rows": 1, "Plan Width": 4, "Actual Startup Time": 0.022, "Actual Total Time": 0.06, "Actual Rows": 1, "Actual Loops": 1, "Filter": "((info)::text = 'genres'::text)", "Rows Removed by Filter": 111}, {"Node Type": "Bitmap Heap Scan", "Parent Relationship": "Inner", "Relation Name": "movie_info", "Alias": "mi", "Startup Cost": 4842.14, "Total Cost": 164942.53, "Plan Rows": 2717, "Plan Width": 50, "Actual Startup Time": 177.275, "Actual Total Time": 1109.223, "Actual Rows": 186594, "Actual Loops": 1, "Recheck Cond": "(info_type_id = it1.id)", "Rows Removed by Index Recheck": 0, "Filter": "((info)::text = ANY ('{Horror,Action,Sci-Fi,Thriller,Crime,War}'::text[]))", "Rows Removed by Filter": 1347315, "Exact Heap Blocks": 7426, "Lossy Heap Blocks": 7426, "Plans": [{"Node Type": "Bitmap Index Scan", "Parent Relationship": "Outer", "Index Name": "info_type_id_movie_info", "Startup Cost": 0.0, "Total Cost": 4841.46, "Plan Rows": 212428, "Plan Width": 0, "Actual Startup Time": 175.891, "Actual Total Time": 175.891, "Actual Rows": 1533909, "Actual Loops": 1, "Index Cond": "(info_type_id = it1.id)"}]}]}, {"Node Type": "Index Scan", "Parent Relationship": "Inner", "Scan Direction": "Forward", "Index Name": "movie_id_movie_info_idx", "Relation Name": "movie_info_idx", "Alias": "mi_idx", "Startup Cost": 0.0, "Total Cost": 0.53, "Plan Rows": 2, "Plan Width": 13, "Actual Startup Time": 547.884, "Actual Total Time": 667.997, "Actual Rows": 307785, "Actual Loops": 186594, "Index Cond": "(movie_id = mi.movie_id)", "Rows Removed by Index Recheck": 0}]}]}, {"Node Type": "Index Scan", "Parent Relationship": "Inner", "Scan Direction": "Forward", "Index Name": "title_pkey", "Relation Name": "title", "Alias": "t", "Startup Cost": 0.0, "Total Cost": 0.4, "Plan Rows": 1, "Plan Width": 21, "Actual Startup Time": 422.794, "Actual Total Time": 422.794, "Actual Rows": 102516, "Actual Loops": 102516, "Index Cond": "(id = mi_idx.movie_id)", "Rows Removed by Index Recheck": 0}]}, {"Node Type": "Index Scan", "Parent Relationship": "Inner", "Scan Direction": "Forward", "Index Name": "movie_id_cast_info", "Relation Name": "cast_info", "Alias": "ci", "Startup Cost": 0.0, "Total Cost": 1.01, "Plan Rows": 1, "Plan Width": 8, "Actual Startup Time": 6671.429, "Actual Total Time": 7830.07, "Actual Rows": 54155, "Actual Loops": 102516, "Index Cond": "(movie_id = t.id)", "Rows Removed by Index Recheck": 0, "Filter": "((note)::text = ANY ('{(writer),\"(head writer)\",\"(written by)\",(story),\"(story editor)\"}'::text[]))", "Rows Removed by Filter": 3987641}]}, {"Node Type": "Index Scan", "Parent Relationship": "Inner", "Scan Direction": "Forward", "Index Name": "name_pkey", "Relation Name": "name", "Alias": "n", "Startup Cost": 0.0, "Total Cost": 0.49, "Plan Rows": 1, "Plan Width": 4, "Actual Startup Time": 341.049, "Actual Total Time": 341.049, "Actual Rows": 28073, "Actual Loops": 54155, "Index Cond": "(id = ci.person_id)", "Rows Removed by Index Recheck": 0, "Filter": "((gender)::text = 'm'::text)", "Rows Removed by Filter": 26082}]}]}, "Triggers": [], "Planner Runtime": 5, "Total Runtime": 10962.78, "Unique SQL Id": 3913857139}}, "(1, 117)": {"explain_plan": {"Plan": {"Node Type": "Aggregate", "Strategy": "Plain", "Startup Cost": 168618.05, "Total Cost": 168618.06, "Plan Rows": 1, "Plan Width": 160, "Plans": [{"Node Type": "Nested Loop", "Parent Relationship": "Outer", "Join Type": "Inner", "Startup Cost": 4842.14, "Total Cost": 168607.45, "Plan Rows": 1413, "Plan Width": 64, "Inner Unique": true, "Plans": [{"Node Type": "Nested Loop", "Parent Relationship": "Outer", "Join Type": "Inner", "Startup Cost": 4842.14, "Total Cost": 168028.19, "Plan Rows": 1155, "Plan Width": 68, "Inner Unique": false, "Plans": [{"Node Type": "Nested Loop", "Parent Relationship": "Outer", "Join Type": "Inner", "Startup Cost": 4842.14, "Total Cost": 166966.55, "Plan Rows": 1044, "Plan Width": 76, "Inner Unique": true, "Join Filter": "(mi.movie_id = t.id)", "Plans": [{"Node Type": "Nested Loop", "Parent Relationship": "Outer", "Join Type": "Inner", "Startup Cost": 4842.14, "Total Cost": 166538.36, "Plan Rows": 1044, "Plan Width": 55, "Inner Unique": false, "Join Filter": "(mi_idx.info_type_id = it2.id)", "Plans": [{"Node Type": "Index Scan", "Parent Relationship": "Outer", "Scan Direction": "Forward", "Index Name": "info_type_pkey", "Relation Name": "info_type", "Alias": "it2", "Startup Cost": 0.0, "Total Cost": 14.21, "Plan Rows": 1, "Plan Width": 4, "Filter": "((info)::text = 'votes'::text)"}, {"Node Type": "Nested Loop", "Parent Relationship": "Inner", "Join Type": "Inner", "Startup Cost": 4842.14, "Total Cost": 166471.96, "Plan Rows": 4175, "Plan Width": 59, "Inner Unique": false, "Plans": [{"Node Type": "Nested Loop", "Parent Relationship": "Outer", "Join Type": "Inner", "Startup Cost": 4842.14, "Total Cost": 164983.91, "Plan Rows": 2717, "Plan Width": 46, "Inner Unique": false, "Plans": [{"Node Type": "Index Scan", "Parent Relationship": "Outer", "Scan Direction": "Forward", "Index Name": "info_type_pkey", "Relation Name": "info_type", "Alias": "it1", "Startup Cost": 0.0, "Total Cost": 14.21, "Plan Rows": 1, "Plan Width": 4, "Filter": "((info)::text = 'genres'::text)"}, {"Node Type": "Bitmap Heap Scan", "Parent Relationship": "Inner", "Relation Name": "movie_info", "Alias": "mi", "Startup Cost": 4842.14, "Total Cost": 164942.53, "Plan Rows": 2717, "Plan Width": 50, "Recheck Cond": "(info_type_id = it1.id)", "Filter": "((info)::text = ANY ('{Horror,Action,Sci-Fi,Thriller,Crime,War}'::text[]))", "Plans": [{"Node Type": "Bitmap Index Scan", "Parent Relationship": "Outer", "Index Name": "info_type_id_movie_info", "Startup Cost": 0.0, "Total Cost": 4841.46, "Plan Rows": 212428, "Plan Width": 0, "Index Cond": "(info_type_id = it1.id)"}]}]}, {"Node Type": "Index Scan", "Parent Relationship": "Inner", "Scan Direction": "Forward", "Index Name": "movie_id_movie_info_idx", "Relation Name": "movie_info_idx", "Alias": "mi_idx", "Startup Cost": 0.0, "Total Cost": 0.53, "Plan Rows": 2, "Plan Width": 13, "Index Cond": "(movie_id = mi.movie_id)"}]}]}, {"Node Type": "Index Scan", "Parent Relationship": "Inner", "Scan Direction": "Forward", "Index Name": "title_pkey", "Relation Name": "title", "Alias": "t", "Startup Cost": 0.0, "Total Cost": 0.4, "Plan Rows": 1, "Plan Width": 21, "Index Cond": "(id = mi_idx.movie_id)"}]}, {"Node Type": "Index Scan", "Parent Relationship": "Inner", "Scan Direction": "Forward", "Index Name": "movie_id_cast_info", "Relation Name": "cast_info", "Alias": "ci", "Startup Cost": 0.0, "Total Cost": 1.01, "Plan Rows": 1, "Plan Width": 8, "Index Cond": "(movie_id = t.id)", "Filter": "((note)::text = ANY ('{(writer),\"(head writer)\",\"(written by)\",(story),\"(story editor)\"}'::text[]))"}]}, {"Node Type": "Index Scan", "Parent Relationship": "Inner", "Scan Direction": "Forward", "Index Name": "name_pkey", "Relation Name": "name", "Alias": "n", "Startup Cost": 0.0, "Total Cost": 0.49, "Plan Rows": 1, "Plan Width": 4, "Index Cond": "(id = ci.person_id)", "Filter": "((gender)::text = 'm'::text)"}]}]}, "Unique SQL Id": 3913857139, "Planner Runtime": 4}, "explain_analyze_plan": {"Plan": {"Node Type": "Aggregate", "Strategy": "Plain", "Startup Cost": 168618.05, "Total Cost": 168618.06, "Plan Rows": 1, "Plan Width": 160, "Actual Startup Time": 10985.018, "Actual Total Time": 10985.019, "Actual Rows": 1, "Actual Loops": 1, "Plans": [{"Node Type": "Nested Loop", "Parent Relationship": "Outer", "Join Type": "Inner", "Startup Cost": 4842.14, "Total Cost": 168607.45, "Plan Rows": 1413, "Plan Width": 64, "Actual Startup Time": 175.61, "Actual Total Time": 10939.798, "Actual Rows": 28073, "Actual Loops": 1, "Inner Unique": true, "Plans": [{"Node Type": "Nested Loop", "Parent Relationship": "Outer", "Join Type": "Inner", "Startup Cost": 4842.14, "Total Cost": 168028.19, "Plan Rows": 1155, "Plan Width": 68, "Actual Startup Time": 173.738, "Actual Total Time": 10546.49, "Actual Rows": 54155, "Actual Loops": 1, "Inner Unique": false, "Plans": [{"Node Type": "Nested Loop", "Parent Relationship": "Outer", "Join Type": "Inner", "Startup Cost": 4842.14, "Total Cost": 166966.55, "Plan Rows": 1044, "Plan Width": 76, "Actual Startup Time": 171.478, "Actual Total Time": 2622.411, "Actual Rows": 102516, "Actual Loops": 1, "Inner Unique": true, "Join Filter": "(mi.movie_id = t.id)", "Rows Removed by Join Filter": 0, "Plans": [{"Node Type": "Nested Loop", "Parent Relationship": "Outer", "Join Type": "Inner", "Startup Cost": 4842.14, "Total Cost": 166538.36, "Plan Rows": 1044, "Plan Width": 55, "Actual Startup Time": 171.46, "Actual Total Time": 2084.763, "Actual Rows": 102516, "Actual Loops": 1, "Inner Unique": false, "Join Filter": "(mi_idx.info_type_id = it2.id)", "Rows Removed by Join Filter": 205269, "Plans": [{"Node Type": "Index Scan", "Parent Relationship": "Outer", "Scan Direction": "Forward", "Index Name": "info_type_pkey", "Relation Name": "info_type", "Alias": "it2", "Startup Cost": 0.0, "Total Cost": 14.21, "Plan Rows": 1, "Plan Width": 4, "Actual Startup Time": 0.077, "Actual Total Time": 0.096, "Actual Rows": 1, "Actual Loops": 1, "Filter": "((info)::text = 'votes'::text)", "Rows Removed by Filter": 111}, {"Node Type": "Nested Loop", "Parent Relationship": "Inner", "Join Type": "Inner", "Startup Cost": 4842.14, "Total Cost": 166471.96, "Plan Rows": 4175, "Plan Width": 59, "Actual Startup Time": 171.352, "Actual Total Time": 1994.85, "Actual Rows": 307785, "Actual Loops": 1, "Inner Unique": false, "Plans": [{"Node Type": "Nested Loop", "Parent Relationship": "Outer", "Join Type": "Inner", "Startup Cost": 4842.14, "Total Cost": 164983.91, "Plan Rows": 2717, "Plan Width": 46, "Actual Startup Time": 171.315, "Actual Total Time": 1144.549, "Actual Rows": 186594, "Actual Loops": 1, "Inner Unique": false, "Plans": [{"Node Type": "Index Scan", "Parent Relationship": "Outer", "Scan Direction": "Forward", "Index Name": "info_type_pkey", "Relation Name": "info_type", "Alias": "it1", "Startup Cost": 0.0, "Total Cost": 14.21, "Plan Rows": 1, "Plan Width": 4, "Actual Startup Time": 0.009, "Actual Total Time": 0.198, "Actual Rows": 1, "Actual Loops": 1, "Filter": "((info)::text = 'genres'::text)", "Rows Removed by Filter": 111}, {"Node Type": "Bitmap Heap Scan", "Parent Relationship": "Inner", "Relation Name": "movie_info", "Alias": "mi", "Startup Cost": 4842.14, "Total Cost": 164942.53, "Plan Rows": 2717, "Plan Width": 50, "Actual Startup Time": 171.298, "Actual Total Time": 1101.073, "Actual Rows": 186594, "Actual Loops": 1, "Recheck Cond": "(info_type_id = it1.id)", "Rows Removed by Index Recheck": 0, "Filter": "((info)::text = ANY ('{Horror,Action,Sci-Fi,Thriller,Crime,War}'::text[]))", "Rows Removed by Filter": 1347315, "Exact Heap Blocks": 7426, "Lossy Heap Blocks": 7426, "Plans": [{"Node Type": "Bitmap Index Scan", "Parent Relationship": "Outer", "Index Name": "info_type_id_movie_info", "Startup Cost": 0.0, "Total Cost": 4841.46, "Plan Rows": 212428, "Plan Width": 0, "Actual Startup Time": 169.856, "Actual Total Time": 169.856, "Actual Rows": 1533909, "Actual Loops": 1, "Index Cond": "(info_type_id = it1.id)"}]}]}, {"Node Type": "Index Scan", "Parent Relationship": "Inner", "Scan Direction": "Forward", "Index Name": "movie_id_movie_info_idx", "Relation Name": "movie_info_idx", "Alias": "mi_idx", "Startup Cost": 0.0, "Total Cost": 0.53, "Plan Rows": 2, "Plan Width": 13, "Actual Startup Time": 553.72, "Actual Total Time": 672.151, "Actual Rows": 307785, "Actual Loops": 186594, "Index Cond": "(movie_id = mi.movie_id)", "Rows Removed by Index Recheck": 0}]}]}, {"Node Type": "Index Scan", "Parent Relationship": "Inner", "Scan Direction": "Forward", "Index Name": "title_pkey", "Relation Name": "title", "Alias": "t", "Startup Cost": 0.0, "Total Cost": 0.4, "Plan Rows": 1, "Plan Width": 21, "Actual Startup Time": 423.919, "Actual Total Time": 423.919, "Actual Rows": 102516, "Actual Loops": 102516, "Index Cond": "(id = mi_idx.movie_id)", "Rows Removed by Index Recheck": 0}]}, {"Node Type": "Index Scan", "Parent Relationship": "Inner", "Scan Direction": "Forward", "Index Name": "movie_id_cast_info", "Relation Name": "cast_info", "Alias": "ci", "Startup Cost": 0.0, "Total Cost": 1.01, "Plan Rows": 1, "Plan Width": 8, "Actual Startup Time": 6693.235, "Actual Total Time": 7850.651, "Actual Rows": 54155, "Actual Loops": 102516, "Index Cond": "(movie_id = t.id)", "Rows Removed by Index Recheck": 0, "Filter": "((note)::text = ANY ('{(writer),\"(head writer)\",\"(written by)\",(story),\"(story editor)\"}'::text[]))", "Rows Removed by Filter": 3987641}]}, {"Node Type": "Index Scan", "Parent Relationship": "Inner", "Scan Direction": "Forward", "Index Name": "name_pkey", "Relation Name": "name", "Alias": "n", "Startup Cost": 0.0, "Total Cost": 0.49, "Plan Rows": 1, "Plan Width": 4, "Actual Startup Time": 345.095, "Actual Total Time": 345.095, "Actual Rows": 28073, "Actual Loops": 54155, "Index Cond": "(id = ci.person_id)", "Rows Removed by Index Recheck": 0, "Filter": "((gender)::text = 'm'::text)", "Rows Removed by Filter": 26082}]}]}, "Triggers": [], "Planner Runtime": 4, "Total Runtime": 10985.503, "Unique SQL Id": 3913857139}}, "(1, 118)": {"explain_plan": {"Plan": {"Node Type": "Aggregate", "Strategy": "Plain", "Startup Cost": 191372.0, "Total Cost": 191372.01, "Plan Rows": 1, "Plan Width": 160, "Plans": [{"Node Type": "Nested Loop", "Parent Relationship": "Outer", "Join Type": "Inner", "Startup Cost": 4843.62, "Total Cost": 191361.4, "Plan Rows": 1413, "Plan Width": 64, "Inner Unique": true, "Plans": [{"Node Type": "Nested Loop", "Parent Relationship": "Outer", "Join Type": "Inner", "Startup Cost": 4843.31, "Total Cost": 186355.98, "Plan Rows": 1155, "Plan Width": 68, "Inner Unique": false, "Plans": [{"Node Type": "Nested Loop", "Parent Relationship": "Outer", "Join Type": "Inner", "Startup Cost": 4842.79, "Total Cost": 181513.31, "Plan Rows": 1044, "Plan Width": 76, "Inner Unique": true, "Join Filter": "(mi.movie_id = t.id)", "Plans": [{"Node Type": "Nested Loop", "Parent Relationship": "Outer", "Join Type": "Inner", "Startup Cost": 4842.51, "Total Cost": 177014.12, "Plan Rows": 1044, "Plan Width": 55, "Inner Unique": false, "Join Filter": "(mi_idx.info_type_id = it2.id)", "Plans": [{"Node Type": "Seq Scan", "Parent Relationship": "Outer", "Relation Name": "info_type", "Alias": "it2", "Startup Cost": 0.0, "Total Cost": 2.4, "Plan Rows": 1, "Plan Width": 4, "Filter": "((info)::text = 'votes'::text)"}, {"Node Type": "Nested Loop", "Parent Relationship": "Inner", "Join Type": "Inner", "Startup Cost": 4842.51, "Total Cost": 176959.53, "Plan Rows": 4175, "Plan Width": 59, "Inner Unique": false, "Plans": [{"Node Type": "Nested Loop", "Parent Relationship": "Outer", "Join Type": "Inner", "Startup Cost": 4842.14, "Total Cost": 164972.1, "Plan Rows": 2717, "Plan Width": 46, "Inner Unique": false, "Plans": [{"Node Type": "Seq Scan", "Parent Relationship": "Outer", "Relation Name": "info_type", "Alias": "it1", "Startup Cost": 0.0, "Total Cost": 2.4, "Plan Rows": 1, "Plan Width": 4, "Filter": "((info)::text = 'genres'::text)"}, {"Node Type": "Bitmap Heap Scan", "Parent Relationship": "Inner", "Relation Name": "movie_info", "Alias": "mi", "Startup Cost": 4842.14, "Total Cost": 164942.53, "Plan Rows": 2717, "Plan Width": 50, "Recheck Cond": "(info_type_id = it1.id)", "Filter": "((info)::text = ANY ('{Horror,Action,Sci-Fi,Thriller,Crime,War}'::text[]))", "Plans": [{"Node Type": "Bitmap Index Scan", "Parent Relationship": "Outer", "Index Name": "info_type_id_movie_info", "Startup Cost": 0.0, "Total Cost": 4841.46, "Plan Rows": 212428, "Plan Width": 0, "Index Cond": "(info_type_id = it1.id)"}]}]}, {"Node Type": "Bitmap Heap Scan", "Parent Relationship": "Inner", "Relation Name": "movie_info_idx", "Alias": "mi_idx", "Startup Cost": 0.37, "Total Cost": 4.39, "Plan Rows": 2, "Plan Width": 13, "Recheck Cond": "(movie_id = mi.movie_id)", "Plans": [{"Node Type": "Bitmap Index Scan", "Parent Relationship": "Outer", "Index Name": "movie_id_movie_info_idx", "Startup Cost": 0.0, "Total Cost": 0.37, "Plan Rows": 2, "Plan Width": 0, "Index Cond": "(movie_id = mi.movie_id)"}]}]}]}, {"Node Type": "Bitmap Heap Scan", "Parent Relationship": "Inner", "Relation Name": "title", "Alias": "t", "Startup Cost": 0.28, "Total Cost": 4.3, "Plan Rows": 1, "Plan Width": 21, "Recheck Cond": "(id = mi_idx.movie_id)", "Plans": [{"Node Type": "Bitmap Index Scan", "Parent Relationship": "Outer", "Index Name": "title_pkey", "Startup Cost": 0.0, "Total Cost": 0.28, "Plan Rows": 1, "Plan Width": 0, "Index Cond": "(id = mi_idx.movie_id)"}]}]}, {"Node Type": "Bitmap Heap Scan", "Parent Relationship": "Inner", "Relation Name": "cast_info", "Alias": "ci", "Startup Cost": 0.52, "Total Cost": 4.63, "Plan Rows": 1, "Plan Width": 8, "Recheck Cond": "(movie_id = t.id)", "Filter": "((note)::text = ANY ('{(writer),\"(head writer)\",\"(written by)\",(story),\"(story editor)\"}'::text[]))", "Plans": [{"Node Type": "Bitmap Index Scan", "Parent Relationship": "Outer", "Index Name": "movie_id_cast_info", "Startup Cost": 0.0, "Total Cost": 0.52, "Plan Rows": 6, "Plan Width": 0, "Index Cond": "(movie_id = t.id)"}]}]}, {"Node Type": "Bitmap Heap Scan", "Parent Relationship": "Inner", "Relation Name": "name", "Alias": "n", "Startup Cost": 0.31, "Total Cost": 4.32, "Plan Rows": 1, "Plan Width": 4, "Recheck Cond": "(id = ci.person_id)", "Filter": "((gender)::text = 'm'::text)", "Plans": [{"Node Type": "Bitmap Index Scan", "Parent Relationship": "Outer", "Index Name": "name_pkey", "Startup Cost": 0.0, "Total Cost": 0.31, "Plan Rows": 1, "Plan Width": 0, "Index Cond": "(id = ci.person_id)"}]}]}]}, "Unique SQL Id": 3913857139, "Planner Runtime": 6}, "explain_analyze_plan": {"Plan": {"Node Type": "Aggregate", "Strategy": "Plain", "Startup Cost": 191372.0, "Total Cost": 191372.01, "Plan Rows": 1, "Plan Width": 160, "Actual Startup Time": 13418.046, "Actual Total Time": 13418.047, "Actual Rows": 1, "Actual Loops": 1, "Plans": [{"Node Type": "Nested Loop", "Parent Relationship": "Outer", "Join Type": "Inner", "Startup Cost": 4843.62, "Total Cost": 191361.4, "Plan Rows": 1413, "Plan Width": 64, "Actual Startup Time": 188.301, "Actual Total Time": 13363.107, "Actual Rows": 28073, "Actual Loops": 1, "Inner Unique": true, "Plans": [{"Node Type": "Nested Loop", "Parent Relationship": "Outer", "Join Type": "Inner", "Startup Cost": 4843.31, "Total Cost": 186355.98, "Plan Rows": 1155, "Plan Width": 68, "Actual Startup Time": 185.613, "Actual Total Time": 12857.373, "Actual Rows": 54155, "Actual Loops": 1, "Inner Unique": false, "Plans": [{"Node Type": "Nested Loop", "Parent Relationship": "Outer", "Join Type": "Inner", "Startup Cost": 4842.79, "Total Cost": 181513.31, "Plan Rows": 1044, "Plan Width": 76, "Actual Startup Time": 182.526, "Actual Total Time": 3121.597, "Actual Rows": 102516, "Actual Loops": 1, "Inner Unique": true, "Join Filter": "(mi.movie_id = t.id)", "Rows Removed by Join Filter": 0, "Plans": [{"Node Type": "Nested Loop", "Parent Relationship": "Outer", "Join Type": "Inner", "Startup Cost": 4842.51, "Total Cost": 177014.12, "Plan Rows": 1044, "Plan Width": 55, "Actual Startup Time": 182.486, "Actual Total Time": 2391.44, "Actual Rows": 102516, "Actual Loops": 1, "Inner Unique": false, "Join Filter": "(mi_idx.info_type_id = it2.id)", "Rows Removed by Join Filter": 205269, "Plans": [{"Node Type": "Seq Scan", "Parent Relationship": "Outer", "Relation Name": "info_type", "Alias": "it2", "Startup Cost": 0.0, "Total Cost": 2.4, "Plan Rows": 1, "Plan Width": 4, "Actual Startup Time": 0.064, "Actual Total Time": 0.077, "Actual Rows": 1, "Actual Loops": 1, "Filter": "((info)::text = 'votes'::text)", "Rows Removed by Filter": 111}, {"Node Type": "Nested Loop", "Parent Relationship": "Inner", "Join Type": "Inner", "Startup Cost": 4842.51, "Total Cost": 176959.53, "Plan Rows": 4175, "Plan Width": 59, "Actual Startup Time": 182.405, "Actual Total Time": 2293.019, "Actual Rows": 307785, "Actual Loops": 1, "Inner Unique": false, "Plans": [{"Node Type": "Nested Loop", "Parent Relationship": "Outer", "Join Type": "Inner", "Startup Cost": 4842.14, "Total Cost": 164972.1, "Plan Rows": 2717, "Plan Width": 46, "Actual Startup Time": 182.357, "Actual Total Time": 1158.606, "Actual Rows": 186594, "Actual Loops": 1, "Inner Unique": false, "Plans": [{"Node Type": "Seq Scan", "Parent Relationship": "Outer", "Relation Name": "info_type", "Alias": "it1", "Startup Cost": 0.0, "Total Cost": 2.4, "Plan Rows": 1, "Plan Width": 4, "Actual Startup Time": 0.038, "Actual Total Time": 0.179, "Actual Rows": 1, "Actual Loops": 1, "Filter": "((info)::text = 'genres'::text)", "Rows Removed by Filter": 111}, {"Node Type": "Bitmap Heap Scan", "Parent Relationship": "Inner", "Relation Name": "movie_info", "Alias": "mi", "Startup Cost": 4842.14, "Total Cost": 164942.53, "Plan Rows": 2717, "Plan Width": 50, "Actual Startup Time": 182.315, "Actual Total Time": 1115.988, "Actual Rows": 186594, "Actual Loops": 1, "Recheck Cond": "(info_type_id = it1.id)", "Rows Removed by Index Recheck": 0, "Filter": "((info)::text = ANY ('{Horror,Action,Sci-Fi,Thriller,Crime,War}'::text[]))", "Rows Removed by Filter": 1347315, "Exact Heap Blocks": 7426, "Lossy Heap Blocks": 7426, "Plans": [{"Node Type": "Bitmap Index Scan", "Parent Relationship": "Outer", "Index Name": "info_type_id_movie_info", "Startup Cost": 0.0, "Total Cost": 4841.46, "Plan Rows": 212428, "Plan Width": 0, "Actual Startup Time": 180.863, "Actual Total Time": 180.863, "Actual Rows": 1533909, "Actual Loops": 1, "Index Cond": "(info_type_id = it1.id)"}]}]}, {"Node Type": "Bitmap Heap Scan", "Parent Relationship": "Inner", "Relation Name": "movie_info_idx", "Alias": "mi_idx", "Startup Cost": 0.37, "Total Cost": 4.39, "Plan Rows": 2, "Plan Width": 13, "Actual Startup Time": 772.261, "Actual Total Time": 819.101, "Actual Rows": 307785, "Actual Loops": 186594, "Recheck Cond": "(movie_id = mi.movie_id)", "Rows Removed by Index Recheck": 0, "Exact Heap Blocks": 103610, "Lossy Heap Blocks": 103610, "Plans": [{"Node Type": "Bitmap Index Scan", "Parent Relationship": "Outer", "Index Name": "movie_id_movie_info_idx", "Startup Cost": 0.0, "Total Cost": 0.37, "Plan Rows": 2, "Plan Width": 0, "Actual Startup Time": 528.073, "Actual Total Time": 528.073, "Actual Rows": 307785, "Actual Loops": 186594, "Index Cond": "(movie_id = mi.movie_id)"}]}]}]}, {"Node Type": "Bitmap Heap Scan", "Parent Relationship": "Inner", "Relation Name": "title", "Alias": "t", "Startup Cost": 0.28, "Total Cost": 4.3, "Plan Rows": 1, "Plan Width": 21, "Actual Startup Time": 549.517, "Actual Total Time": 549.517, "Actual Rows": 102516, "Actual Loops": 102516, "Recheck Cond": "(id = mi_idx.movie_id)", "Rows Removed by Index Recheck": 0, "Exact Heap Blocks": 102516, "Lossy Heap Blocks": 102516, "Plans": [{"Node Type": "Bitmap Index Scan", "Parent Relationship": "Outer", "Index Name": "title_pkey", "Startup Cost": 0.0, "Total Cost": 0.28, "Plan Rows": 1, "Plan Width": 0, "Actual Startup Time": 300.228, "Actual Total Time": 300.228, "Actual Rows": 102516, "Actual Loops": 102516, "Index Cond": "(id = mi_idx.movie_id)"}]}]}, {"Node Type": "Bitmap Heap Scan", "Parent Relationship": "Inner", "Relation Name": "cast_info", "Alias": "ci", "Startup Cost": 0.52, "Total Cost": 4.63, "Plan Rows": 1, "Plan Width": 8, "Actual Startup Time": 8278.947, "Actual Total Time": 9561.679, "Actual Rows": 54155, "Actual Loops": 102516, "Recheck Cond": "(movie_id = t.id)", "Rows Removed by Index Recheck": 0, "Filter": "((note)::text = ANY ('{(writer),\"(head writer)\",\"(written by)\",(story),\"(story editor)\"}'::text[]))", "Rows Removed by Filter": 3987641, "Exact Heap Blocks": 3901088, "Lossy Heap Blocks": 3901088, "Plans": [{"Node Type": "Bitmap Index Scan", "Parent Relationship": "Outer", "Index Name": "movie_id_cast_info", "Startup Cost": 0.0, "Total Cost": 0.52, "Plan Rows": 6, "Plan Width": 0, "Actual Startup Time": 1062.241, "Actual Total Time": 1062.241, "Actual Rows": 4041796, "Actual Loops": 102516, "Index Cond": "(movie_id = t.id)"}]}]}, {"Node Type": "Bitmap Heap Scan", "Parent Relationship": "Inner", "Relation Name": "name", "Alias": "n", "Startup Cost": 0.31, "Total Cost": 4.32, "Plan Rows": 1, "Plan Width": 4, "Actual Startup Time": 412.128, "Actual Total Time": 412.128, "Actual Rows": 28073, "Actual Loops": 54155, "Recheck Cond": "(id = ci.person_id)", "Rows Removed by Index Recheck": 0, "Filter": "((gender)::text = 'm'::text)", "Rows Removed by Filter": 26082, "Exact Heap Blocks": 54155, "Lossy Heap Blocks": 54155, "Plans": [{"Node Type": "Bitmap Index Scan", "Parent Relationship": "Outer", "Index Name": "name_pkey", "Startup Cost": 0.0, "Total Cost": 0.31, "Plan Rows": 1, "Plan Width": 0, "Actual Startup Time": 260.254, "Actual Total Time": 260.254, "Actual Rows": 54155, "Actual Loops": 54155, "Index Cond": "(id = ci.person_id)"}]}]}]}, "Triggers": [], "Planner Runtime": 6, "Total Runtime": 13418.547, "Unique SQL Id": 3913857139}}, "(1, 119)": {"explain_plan": {"Plan": {"Node Type": "Aggregate", "Strategy": "Plain", "Startup Cost": 1000012232006.38, "Total Cost": 1000012232006.39, "Plan Rows": 1, "Plan Width": 160, "Plans": [{"Node Type": "Nested Loop", "Parent Relationship": "Outer", "Join Type": "Inner", "Startup Cost": 10000000002.26, "Total Cost": 1000012231995.78, "Plan Rows": 1413, "Plan Width": 64, "Inner Unique": true, "Join Filter": "(mi.movie_id = t.id)", "Plans": [{"Node Type": "Nested Loop", "Parent Relationship": "Outer", "Join Type": "Inner", "Startup Cost": 10000000001.98, "Total Cost": 1000012225906.36, "Plan Rows": 1413, "Plan Width": 59, "Inner Unique": true, "Plans": [{"Node Type": "Nested Loop", "Parent Relationship": "Outer", "Join Type": "Inner", "Startup Cost": 10000000001.67, "Total Cost": 1000012220900.93, "Plan Rows": 1155, "Plan Width": 63, "Inner Unique": false, "Join Filter": "(mi.movie_id = ci.movie_id)", "Plans": [{"Node Type": "Nested Loop", "Parent Relationship": "Outer", "Join Type": "Inner", "Startup Cost": 10000000000.97, "Total Cost": 1000012215863.83, "Plan Rows": 1044, "Plan Width": 55, "Inner Unique": true, "Plans": [{"Node Type": "Nested Loop", "Parent Relationship": "Outer", "Join Type": "Inner", "Startup Cost": 10000000000.71, "Total Cost": 1000012197983.33, "Plan Rows": 4175, "Plan Width": 59, "Inner Unique": true, "Plans": [{"Node Type": "Nested Loop", "Parent Relationship": "Outer", "Join Type": "Inner", "Startup Cost": 10000000000.45, "Total Cost": 1000010946375.89, "Plan Rows": 292241, "Plan Width": 63, "Inner Unique": false, "Plans": [{"Node Type": "Index Scan", "Parent Relationship": "Outer", "Scan Direction": "Forward", "Index Name": "movie_id_movie_info_idx", "Relation Name": "movie_info_idx", "Alias": "mi_idx", "Startup Cost": 10000000000.0, "Total Cost": 1000004650035.37, "Plan Rows": 1380034, "Plan Width": 13}, {"Node Type": "Bitmap Heap Scan", "Parent Relationship": "Inner", "Relation Name": "movie_info", "Alias": "mi", "Startup Cost": 0.45, "Total Cost": 4.55, "Plan Rows": 1, "Plan Width": 50, "Recheck Cond": "(movie_id = mi_idx.movie_id)", "Filter": "((info)::text = ANY ('{Horror,Action,Sci-Fi,Thriller,Crime,War}'::text[]))", "Plans": [{"Node Type": "Bitmap Index Scan", "Parent Relationship": "Outer", "Index Name": "movie_id_movie_info", "Startup Cost": 0.0, "Total Cost": 0.45, "Plan Rows": 5, "Plan Width": 0, "Index Cond": "(movie_id = mi_idx.movie_id)"}]}]}, {"Node Type": "Bitmap Heap Scan", "Parent Relationship": "Inner", "Relation Name": "info_type", "Alias": "it1", "Startup Cost": 0.26, "Total Cost": 4.27, "Plan Rows": 1, "Plan Width": 4, "Recheck Cond": "(id = mi.info_type_id)", "Filter": "((info)::text = 'genres'::text)", "Plans": [{"Node Type": "Bitmap Index Scan", "Parent Relationship": "Outer", "Index Name": "info_type_pkey", "Startup Cost": 0.0, "Total Cost": 0.26, "Plan Rows": 1, "Plan Width": 0, "Index Cond": "(id = mi.info_type_id)"}]}]}, {"Node Type": "Bitmap Heap Scan", "Parent Relationship": "Inner", "Relation Name": "info_type", "Alias": "it2", "Startup Cost": 0.26, "Total Cost": 4.27, "Plan Rows": 1, "Plan Width": 4, "Recheck Cond": "(id = mi_idx.info_type_id)", "Filter": "((info)::text = 'votes'::text)", "Plans": [{"Node Type": "Bitmap Index Scan", "Parent Relationship": "Outer", "Index Name": "info_type_pkey", "Startup Cost": 0.0, "Total Cost": 0.26, "Plan Rows": 1, "Plan Width": 0, "Index Cond": "(id = mi_idx.info_type_id)"}]}]}, {"Node Type": "Bitmap Heap Scan", "Parent Relationship": "Inner", "Relation Name": "cast_info", "Alias": "ci", "Startup Cost": 0.7, "Total Cost": 4.81, "Plan Rows": 1, "Plan Width": 8, "Recheck Cond": "(movie_id = mi_idx.movie_id)", "Filter": "((note)::text = ANY ('{(writer),\"(head writer)\",\"(written by)\",(story),\"(story editor)\"}'::text[]))", "Plans": [{"Node Type": "Bitmap Index Scan", "Parent Relationship": "Outer", "Index Name": "movie_id_cast_info", "Startup Cost": 0.0, "Total Cost": 0.7, "Plan Rows": 6, "Plan Width": 0, "Index Cond": "(movie_id = mi_idx.movie_id)"}]}]}, {"Node Type": "Bitmap Heap Scan", "Parent Relationship": "Inner", "Relation Name": "name", "Alias": "n", "Startup Cost": 0.31, "Total Cost": 4.32, "Plan Rows": 1, "Plan Width": 4, "Recheck Cond": "(id = ci.person_id)", "Filter": "((gender)::text = 'm'::text)", "Plans": [{"Node Type": "Bitmap Index Scan", "Parent Relationship": "Outer", "Index Name": "name_pkey", "Startup Cost": 0.0, "Total Cost": 0.31, "Plan Rows": 1, "Plan Width": 0, "Index Cond": "(id = ci.person_id)"}]}]}, {"Node Type": "Bitmap Heap Scan", "Parent Relationship": "Inner", "Relation Name": "title", "Alias": "t", "Startup Cost": 0.28, "Total Cost": 4.3, "Plan Rows": 1, "Plan Width": 21, "Recheck Cond": "(id = mi_idx.movie_id)", "Plans": [{"Node Type": "Bitmap Index Scan", "Parent Relationship": "Outer", "Index Name": "title_pkey", "Startup Cost": 0.0, "Total Cost": 0.28, "Plan Rows": 1, "Plan Width": 0, "Index Cond": "(id = mi_idx.movie_id)"}]}]}]}, "Unique SQL Id": 3913857139, "Planner Runtime": 5}, "explain_analyze_plan": null}, "(1, 120)": {"explain_plan": {"Plan": {"Node Type": "Aggregate", "Strategy": "Plain", "Startup Cost": 384724.5, "Total Cost": 384724.51, "Plan Rows": 1, "Plan Width": 160, "Plans": [{"Node Type": "Nested Loop", "Parent Relationship": "Outer", "Join Type": "Inner", "Startup Cost": 0.0, "Total Cost": 384713.9, "Plan Rows": 1413, "Plan Width": 64, "Inner Unique": true, "Plans": [{"Node Type": "Nested Loop", "Parent Relationship": "Outer", "Join Type": "Inner", "Startup Cost": 0.0, "Total Cost": 384134.63, "Plan Rows": 1155, "Plan Width": 68, "Inner Unique": false, "Plans": [{"Node Type": "Nested Loop", "Parent Relationship": "Outer", "Join Type": "Inner", "Startup Cost": 0.0, "Total Cost": 383073.0, "Plan Rows": 1044, "Plan Width": 76, "Inner Unique": true, "Join Filter": "(mi.movie_id = t.id)", "Plans": [{"Node Type": "Nested Loop", "Parent Relationship": "Outer", "Join Type": "Inner", "Startup Cost": 0.0, "Total Cost": 382644.81, "Plan Rows": 1044, "Plan Width": 55, "Inner Unique": false, "Join Filter": "(mi.info_type_id = it1.id)", "Plans": [{"Node Type": "Seq Scan", "Parent Relationship": "Outer", "Relation Name": "info_type", "Alias": "it1", "Startup Cost": 0.0, "Total Cost": 2.4, "Plan Rows": 1, "Plan Width": 4, "Filter": "((info)::text = 'genres'::text)"}, {"Node Type": "Nested Loop", "Parent Relationship": "Inner", "Join Type": "Inner", "Startup Cost": 0.0, "Total Cost": 379779.55, "Plan Rows": 229029, "Plan Width": 59, "Inner Unique": false, "Plans": [{"Node Type": "Nested Loop", "Parent Relationship": "Outer", "Join Type": "Inner", "Startup Cost": 0.0, "Total Cost": 37527.17, "Plan Rows": 345008, "Plan Width": 9, "Inner Unique": false, "Join Filter": "(it2.id = mi_idx.info_type_id), (LLVM Optimized)", "Plans": [{"Node Type": "Seq Scan", "Parent Relationship": "Outer", "Relation Name": "info_type", "Alias": "it2", "Startup Cost": 0.0, "Total Cost": 2.4, "Plan Rows": 1, "Plan Width": 4, "Filter": "((info)::text = 'votes'::text)"}, {"Node Type": "Seq Scan", "Parent Relationship": "Inner", "Relation Name": "movie_info_idx", "Alias": "mi_idx", "Startup Cost": 0.0, "Total Cost": 20274.34, "Plan Rows": 1380034, "Plan Width": 13}]}, {"Node Type": "Index Scan", "Parent Relationship": "Inner", "Scan Direction": "Forward", "Index Name": "movie_id_movie_info", "Relation Name": "movie_info", "Alias": "mi", "Startup Cost": 0.0, "Total Cost": 0.98, "Plan Rows": 1, "Plan Width": 50, "Index Cond": "(movie_id = mi_idx.movie_id)", "Filter": "((info)::text = ANY ('{Horror,Action,Sci-Fi,Thriller,Crime,War}'::text[]))"}]}]}, {"Node Type": "Index Scan", "Parent Relationship": "Inner", "Scan Direction": "Forward", "Index Name": "title_pkey", "Relation Name": "title", "Alias": "t", "Startup Cost": 0.0, "Total Cost": 0.4, "Plan Rows": 1, "Plan Width": 21, "Index Cond": "(id = mi_idx.movie_id)"}]}, {"Node Type": "Index Scan", "Parent Relationship": "Inner", "Scan Direction": "Forward", "Index Name": "movie_id_cast_info", "Relation Name": "cast_info", "Alias": "ci", "Startup Cost": 0.0, "Total Cost": 1.01, "Plan Rows": 1, "Plan Width": 8, "Index Cond": "(movie_id = t.id)", "Filter": "((note)::text = ANY ('{(writer),\"(head writer)\",\"(written by)\",(story),\"(story editor)\"}'::text[]))"}]}, {"Node Type": "Index Scan", "Parent Relationship": "Inner", "Scan Direction": "Forward", "Index Name": "name_pkey", "Relation Name": "name", "Alias": "n", "Startup Cost": 0.0, "Total Cost": 0.49, "Plan Rows": 1, "Plan Width": 4, "Index Cond": "(id = ci.person_id)", "Filter": "((gender)::text = 'm'::text)"}]}]}, "Unique SQL Id": 3913857139, "Planner Runtime": 5}, "explain_analyze_plan": {"Plan": {"Node Type": "Aggregate", "Strategy": "Plain", "Startup Cost": 384724.5, "Total Cost": 384724.51, "Plan Rows": 1, "Plan Width": 160, "Actual Startup Time": 19134.754, "Actual Total Time": 19134.754, "Actual Rows": 1, "Actual Loops": 1, "Plans": [{"Node Type": "Nested Loop", "Parent Relationship": "Outer", "Join Type": "Inner", "Startup Cost": 0.0, "Total Cost": 384713.9, "Plan Rows": 1413, "Plan Width": 64, "Actual Startup Time": 30.26, "Actual Total Time": 19092.099, "Actual Rows": 28073, "Actual Loops": 1, "Inner Unique": true, "Plans": [{"Node Type": "Nested Loop", "Parent Relationship": "Outer", "Join Type": "Inner", "Startup Cost": 0.0, "Total Cost": 384134.63, "Plan Rows": 1155, "Plan Width": 68, "Actual Startup Time": 15.106, "Actual Total Time": 18688.382, "Actual Rows": 54155, "Actual Loops": 1, "Inner Unique": false, "Plans": [{"Node Type": "Nested Loop", "Parent Relationship": "Outer", "Join Type": "Inner", "Startup Cost": 0.0, "Total Cost": 383073.0, "Plan Rows": 1044, "Plan Width": 76, "Actual Startup Time": 0.873, "Actual Total Time": 10250.203, "Actual Rows": 102516, "Actual Loops": 1, "Inner Unique": true, "Join Filter": "(mi.movie_id = t.id)", "Rows Removed by Join Filter": 0, "Plans": [{"Node Type": "Nested Loop", "Parent Relationship": "Outer", "Join Type": "Inner", "Startup Cost": 0.0, "Total Cost": 382644.81, "Plan Rows": 1044, "Plan Width": 55, "Actual Startup Time": 0.857, "Actual Total Time": 9696.352, "Actual Rows": 102516, "Actual Loops": 1, "Inner Unique": false, "Join Filter": "(mi.info_type_id = it1.id)", "Rows Removed by Join Filter": 2376, "Plans": [{"Node Type": "Seq Scan", "Parent Relationship": "Outer", "Relation Name": "info_type", "Alias": "it1", "Startup Cost": 0.0, "Total Cost": 2.4, "Plan Rows": 1, "Plan Width": 4, "Actual Startup Time": 0.034, "Actual Total Time": 0.063, "Actual Rows": 1, "Actual Loops": 1, "Filter": "((info)::text = 'genres'::text)", "Rows Removed by Filter": 111}, {"Node Type": "Nested Loop", "Parent Relationship": "Inner", "Join Type": "Inner", "Startup Cost": 0.0, "Total Cost": 379779.55, "Plan Rows": 229029, "Plan Width": 59, "Actual Startup Time": 0.815, "Actual Total Time": 9651.833, "Actual Rows": 104892, "Actual Loops": 1, "Inner Unique": false, "Plans": [{"Node Type": "Nested Loop", "Parent Relationship": "Outer", "Join Type": "Inner", "Startup Cost": 0.0, "Total Cost": 37527.17, "Plan Rows": 345008, "Plan Width": 9, "Actual Startup Time": 0.078, "Actual Total Time": 692.748, "Actual Rows": 459925, "Actual Loops": 1, "Inner Unique": false, "Join Filter": "(it2.id = mi_idx.info_type_id), (LLVM Optimized, Jit Execute)", "Rows Removed by Join Filter": 920109, "Plans": [{"Node Type": "Seq Scan", "Parent Relationship": "Outer", "Relation Name": "info_type", "Alias": "it2", "Startup Cost": 0.0, "Total Cost": 2.4, "Plan Rows": 1, "Plan Width": 4, "Actual Startup Time": 0.042, "Actual Total Time": 0.054, "Actual Rows": 1, "Actual Loops": 1, "Filter": "((info)::text = 'votes'::text)", "Rows Removed by Filter": 111}, {"Node Type": "Seq Scan", "Parent Relationship": "Inner", "Relation Name": "movie_info_idx", "Alias": "mi_idx", "Startup Cost": 0.0, "Total Cost": 20274.34, "Plan Rows": 1380034, "Plan Width": 13, "Actual Startup Time": 0.031, "Actual Total Time": 333.525, "Actual Rows": 1380034, "Actual Loops": 1}]}, {"Node Type": "Index Scan", "Parent Relationship": "Inner", "Scan Direction": "Forward", "Index Name": "movie_id_movie_info", "Relation Name": "movie_info", "Alias": "mi", "Startup Cost": 0.0, "Total Cost": 0.98, "Plan Rows": 1, "Plan Width": 50, "Actual Startup Time": 8525.772, "Actual Total Time": 8684.956, "Actual Rows": 104892, "Actual Loops": 459925, "Index Cond": "(movie_id = mi_idx.movie_id)", "Rows Removed by Index Recheck": 0, "Filter": "((info)::text = ANY ('{Horror,Action,Sci-Fi,Thriller,Crime,War}'::text[]))", "Rows Removed by Filter": 6825442}]}]}, {"Node Type": "Index Scan", "Parent Relationship": "Inner", "Scan Direction": "Forward", "Index Name": "title_pkey", "Relation Name": "title", "Alias": "t", "Startup Cost": 0.0, "Total Cost": 0.4, "Plan Rows": 1, "Plan Width": 21, "Actual Startup Time": 442.617, "Actual Total Time": 442.617, "Actual Rows": 102516, "Actual Loops": 102516, "Index Cond": "(id = mi_idx.movie_id)", "Rows Removed by Index Recheck": 0}]}, {"Node Type": "Index Scan", "Parent Relationship": "Inner", "Scan Direction": "Forward", "Index Name": "movie_id_cast_info", "Relation Name": "cast_info", "Alias": "ci", "Startup Cost": 0.0, "Total Cost": 1.01, "Plan Rows": 1, "Plan Width": 8, "Actual Startup Time": 7136.35, "Actual Total Time": 8367.267, "Actual Rows": 54155, "Actual Loops": 102516, "Index Cond": "(movie_id = t.id)", "Rows Removed by Index Recheck": 0, "Filter": "((note)::text = ANY ('{(writer),\"(head writer)\",\"(written by)\",(story),\"(story editor)\"}'::text[]))", "Rows Removed by Filter": 3987641}]}, {"Node Type": "Index Scan", "Parent Relationship": "Inner", "Scan Direction": "Forward", "Index Name": "name_pkey", "Relation Name": "name", "Alias": "n", "Startup Cost": 0.0, "Total Cost": 0.49, "Plan Rows": 1, "Plan Width": 4, "Actual Startup Time": 358.289, "Actual Total Time": 358.289, "Actual Rows": 28073, "Actual Loops": 54155, "Index Cond": "(id = ci.person_id)", "Rows Removed by Index Recheck": 0, "Filter": "((gender)::text = 'm'::text)", "Rows Removed by Filter": 26082}]}]}, "Triggers": [], "Planner Runtime": 5, "Total Runtime": 19143.567, "Unique SQL Id": 3913857139}}, "(1, 121)": {"explain_plan": {"Plan": {"Node Type": "Aggregate", "Strategy": "Plain", "Startup Cost": 385547.34, "Total Cost": 385547.35, "Plan Rows": 1, "Plan Width": 160, "Plans": [{"Node Type": "Nested Loop", "Parent Relationship": "Outer", "Join Type": "Inner", "Startup Cost": 0.0, "Total Cost": 385536.75, "Plan Rows": 1413, "Plan Width": 64, "Inner Unique": true, "Plans": [{"Node Type": "Nested Loop", "Parent Relationship": "Outer", "Join Type": "Inner", "Startup Cost": 0.0, "Total Cost": 384957.48, "Plan Rows": 1155, "Plan Width": 68, "Inner Unique": false, "Plans": [{"Node Type": "Nested Loop", "Parent Relationship": "Outer", "Join Type": "Inner", "Startup Cost": 0.0, "Total Cost": 383895.85, "Plan Rows": 1044, "Plan Width": 76, "Inner Unique": true, "Join Filter": "(mi.movie_id = t.id)", "Plans": [{"Node Type": "Nested Loop", "Parent Relationship": "Outer", "Join Type": "Inner", "Startup Cost": 0.0, "Total Cost": 383467.66, "Plan Rows": 1044, "Plan Width": 55, "Inner Unique": false, "Join Filter": "(mi.info_type_id = it1.id)", "Plans": [{"Node Type": "Index Scan", "Parent Relationship": "Outer", "Scan Direction": "Forward", "Index Name": "info_type_pkey", "Relation Name": "info_type", "Alias": "it1", "Startup Cost": 0.0, "Total Cost": 14.21, "Plan Rows": 1, "Plan Width": 4, "Filter": "((info)::text = 'genres'::text)"}, {"Node Type": "Nested Loop", "Parent Relationship": "Inner", "Join Type": "Inner", "Startup Cost": 0.0, "Total Cost": 380590.58, "Plan Rows": 229029, "Plan Width": 59, "Inner Unique": false, "Plans": [{"Node Type": "Nested Loop", "Parent Relationship": "Outer", "Join Type": "Inner", "Startup Cost": 0.0, "Total Cost": 38338.2, "Plan Rows": 345008, "Plan Width": 9, "Inner Unique": false, "Plans": [{"Node Type": "Index Scan", "Parent Relationship": "Outer", "Scan Direction": "Forward", "Index Name": "info_type_pkey", "Relation Name": "info_type", "Alias": "it2", "Startup Cost": 0.0, "Total Cost": 14.21, "Plan Rows": 1, "Plan Width": 4, "Filter": "((info)::text = 'votes'::text)"}, {"Node Type": "Index Scan", "Parent Relationship": "Inner", "Scan Direction": "Forward", "Index Name": "info_type_id_movie_info_idx", "Relation Name": "movie_info_idx", "Alias": "mi_idx", "Startup Cost": 0.0, "Total Cost": 34873.91, "Plan Rows": 345008, "Plan Width": 13, "Index Cond": "(info_type_id = it2.id), (LLVM Optimized)"}]}, {"Node Type": "Index Scan", "Parent Relationship": "Inner", "Scan Direction": "Forward", "Index Name": "movie_id_movie_info", "Relation Name": "movie_info", "Alias": "mi", "Startup Cost": 0.0, "Total Cost": 0.98, "Plan Rows": 1, "Plan Width": 50, "Index Cond": "(movie_id = mi_idx.movie_id)", "Filter": "((info)::text = ANY ('{Horror,Action,Sci-Fi,Thriller,Crime,War}'::text[]))"}]}]}, {"Node Type": "Index Scan", "Parent Relationship": "Inner", "Scan Direction": "Forward", "Index Name": "title_pkey", "Relation Name": "title", "Alias": "t", "Startup Cost": 0.0, "Total Cost": 0.4, "Plan Rows": 1, "Plan Width": 21, "Index Cond": "(id = mi_idx.movie_id)"}]}, {"Node Type": "Index Scan", "Parent Relationship": "Inner", "Scan Direction": "Forward", "Index Name": "movie_id_cast_info", "Relation Name": "cast_info", "Alias": "ci", "Startup Cost": 0.0, "Total Cost": 1.01, "Plan Rows": 1, "Plan Width": 8, "Index Cond": "(movie_id = t.id)", "Filter": "((note)::text = ANY ('{(writer),\"(head writer)\",\"(written by)\",(story),\"(story editor)\"}'::text[]))"}]}, {"Node Type": "Index Scan", "Parent Relationship": "Inner", "Scan Direction": "Forward", "Index Name": "name_pkey", "Relation Name": "name", "Alias": "n", "Startup Cost": 0.0, "Total Cost": 0.49, "Plan Rows": 1, "Plan Width": 4, "Index Cond": "(id = ci.person_id)", "Filter": "((gender)::text = 'm'::text)"}]}]}, "Unique SQL Id": 3913857139, "Planner Runtime": 5}, "explain_analyze_plan": {"Plan": {"Node Type": "Aggregate", "Strategy": "Plain", "Startup Cost": 385547.34, "Total Cost": 385547.35, "Plan Rows": 1, "Plan Width": 160, "Actual Startup Time": 19858.278, "Actual Total Time": 19858.279, "Actual Rows": 1, "Actual Loops": 1, "Plans": [{"Node Type": "Nested Loop", "Parent Relationship": "Outer", "Join Type": "Inner", "Startup Cost": 0.0, "Total Cost": 385536.75, "Plan Rows": 1413, "Plan Width": 64, "Actual Startup Time": 29.537, "Actual Total Time": 19816.621, "Actual Rows": 28073, "Actual Loops": 1, "Inner Unique": true, "Plans": [{"Node Type": "Nested Loop", "Parent Relationship": "Outer", "Join Type": "Inner", "Startup Cost": 0.0, "Total Cost": 384957.48, "Plan Rows": 1155, "Plan Width": 68, "Actual Startup Time": 14.824, "Actual Total Time": 19381.185, "Actual Rows": 54155, "Actual Loops": 1, "Inner Unique": false, "Plans": [{"Node Type": "Nested Loop", "Parent Relationship": "Outer", "Join Type": "Inner", "Startup Cost": 0.0, "Total Cost": 383895.85, "Plan Rows": 1044, "Plan Width": 76, "Actual Startup Time": 0.924, "Actual Total Time": 10116.383, "Actual Rows": 102516, "Actual Loops": 1, "Inner Unique": true, "Join Filter": "(mi.movie_id = t.id)", "Rows Removed by Join Filter": 0, "Plans": [{"Node Type": "Nested Loop", "Parent Relationship": "Outer", "Join Type": "Inner", "Startup Cost": 0.0, "Total Cost": 383467.66, "Plan Rows": 1044, "Plan Width": 55, "Actual Startup Time": 0.913, "Actual Total Time": 9535.918, "Actual Rows": 102516, "Actual Loops": 1, "Inner Unique": false, "Join Filter": "(mi.info_type_id = it1.id)", "Rows Removed by Join Filter": 2376, "Plans": [{"Node Type": "Index Scan", "Parent Relationship": "Outer", "Scan Direction": "Forward", "Index Name": "info_type_pkey", "Relation Name": "info_type", "Alias": "it1", "Startup Cost": 0.0, "Total Cost": 14.21, "Plan Rows": 1, "Plan Width": 4, "Actual Startup Time": 0.027, "Actual Total Time": 0.081, "Actual Rows": 1, "Actual Loops": 1, "Filter": "((info)::text = 'genres'::text)", "Rows Removed by Filter": 111}, {"Node Type": "Nested Loop", "Parent Relationship": "Inner", "Join Type": "Inner", "Startup Cost": 0.0, "Total Cost": 380590.58, "Plan Rows": 229029, "Plan Width": 59, "Actual Startup Time": 0.88, "Actual Total Time": 9495.878, "Actual Rows": 104892, "Actual Loops": 1, "Inner Unique": false, "Plans": [{"Node Type": "Nested Loop", "Parent Relationship": "Outer", "Join Type": "Inner", "Startup Cost": 0.0, "Total Cost": 38338.2, "Plan Rows": 345008, "Plan Width": 9, "Actual Startup Time": 0.188, "Actual Total Time": 443.881, "Actual Rows": 459925, "Actual Loops": 1, "Inner Unique": false, "Plans": [{"Node Type": "Index Scan", "Parent Relationship": "Outer", "Scan Direction": "Forward", "Index Name": "info_type_pkey", "Relation Name": "info_type", "Alias": "it2", "Startup Cost": 0.0, "Total Cost": 14.21, "Plan Rows": 1, "Plan Width": 4, "Actual Startup Time": 0.054, "Actual Total Time": 0.069, "Actual Rows": 1, "Actual Loops": 1, "Filter": "((info)::text = 'votes'::text)", "Rows Removed by Filter": 111}, {"Node Type": "Index Scan", "Parent Relationship": "Inner", "Scan Direction": "Forward", "Index Name": "info_type_id_movie_info_idx", "Relation Name": "movie_info_idx", "Alias": "mi_idx", "Startup Cost": 0.0, "Total Cost": 34873.91, "Plan Rows": 345008, "Plan Width": 13, "Actual Startup Time": 0.131, "Actual Total Time": 332.33, "Actual Rows": 459925, "Actual Loops": 1, "Index Cond": "(info_type_id = it2.id), (LLVM Optimized, Jit Execute)", "Rows Removed by Index Recheck": 0}]}, {"Node Type": "Index Scan", "Parent Relationship": "Inner", "Scan Direction": "Forward", "Index Name": "movie_id_movie_info", "Relation Name": "movie_info", "Alias": "mi", "Startup Cost": 0.0, "Total Cost": 0.98, "Plan Rows": 1, "Plan Width": 50, "Actual Startup Time": 8619.521, "Actual Total Time": 8782.765, "Actual Rows": 104892, "Actual Loops": 459925, "Index Cond": "(movie_id = mi_idx.movie_id)", "Rows Removed by Index Recheck": 0, "Filter": "((info)::text = ANY ('{Horror,Action,Sci-Fi,Thriller,Crime,War}'::text[]))", "Rows Removed by Filter": 6825442}]}]}, {"Node Type": "Index Scan", "Parent Relationship": "Inner", "Scan Direction": "Forward", "Index Name": "title_pkey", "Relation Name": "title", "Alias": "t", "Startup Cost": 0.0, "Total Cost": 0.4, "Plan Rows": 1, "Plan Width": 21, "Actual Startup Time": 466.75, "Actual Total Time": 466.75, "Actual Rows": 102516, "Actual Loops": 102516, "Index Cond": "(id = mi_idx.movie_id)", "Rows Removed by Index Recheck": 0}]}, {"Node Type": "Index Scan", "Parent Relationship": "Inner", "Scan Direction": "Forward", "Index Name": "movie_id_cast_info", "Relation Name": "cast_info", "Alias": "ci", "Startup Cost": 0.0, "Total Cost": 1.01, "Plan Rows": 1, "Plan Width": 8, "Actual Startup Time": 7837.555, "Actual Total Time": 9194.417, "Actual Rows": 54155, "Actual Loops": 102516, "Index Cond": "(movie_id = t.id)", "Rows Removed by Index Recheck": 0, "Filter": "((note)::text = ANY ('{(writer),\"(head writer)\",\"(written by)\",(story),\"(story editor)\"}'::text[]))", "Rows Removed by Filter": 3987641}]}, {"Node Type": "Index Scan", "Parent Relationship": "Inner", "Scan Direction": "Forward", "Index Name": "name_pkey", "Relation Name": "name", "Alias": "n", "Startup Cost": 0.0, "Total Cost": 0.49, "Plan Rows": 1, "Plan Width": 4, "Actual Startup Time": 390.023, "Actual Total Time": 390.023, "Actual Rows": 28073, "Actual Loops": 54155, "Index Cond": "(id = ci.person_id)", "Rows Removed by Index Recheck": 0, "Filter": "((gender)::text = 'm'::text)", "Rows Removed by Filter": 26082}]}]}, "Triggers": [], "Planner Runtime": 5, "Total Runtime": 19868.04, "Unique SQL Id": 3913857139}}, "(1, 122)": {"explain_plan": {"Plan": {"Node Type": "Aggregate", "Strategy": "Plain", "Startup Cost": 104407117.09, "Total Cost": 104407117.11, "Plan Rows": 1, "Plan Width": 160, "Plans": [{"Node Type": "Nested Loop", "Parent Relationship": "Outer", "Join Type": "Inner", "Startup Cost": 0.0, "Total Cost": 104407106.5, "Plan Rows": 1413, "Plan Width": 64, "Inner Unique": false, "Join Filter": "(ci.person_id = n.id)", "Plans": [{"Node Type": "Seq Scan", "Parent Relationship": "Outer", "Relation Name": "name", "Alias": "n", "Startup Cost": 0.0, "Total Cost": 103490.62, "Plan Rows": 1740714, "Plan Width": 4, "Filter": "((gender)::text = 'm'::text), (LLVM Optimized)"}, {"Node Type": "Materialize", "Parent Relationship": "Inner", "Startup Cost": 0.0, "Total Cost": 74145748.71, "Plan Rows": 1155, "Plan Width": 68, "Plans": [{"Node Type": "Nested Loop", "Parent Relationship": "Outer", "Join Type": "Inner", "Startup Cost": 0.0, "Total Cost": 74145742.94, "Plan Rows": 1155, "Plan Width": 68, "Inner Unique": false, "Join Filter": "(t.id = ci.movie_id)", "Plans": [{"Node Type": "Seq Scan", "Parent Relationship": "Outer", "Relation Name": "cast_info", "Alias": "ci", "Startup Cost": 0.0, "Total Cost": 828499.78, "Plan Rows": 1223154, "Plan Width": 8, "Filter": "((note)::text = ANY ('{(writer),\"(head writer)\",\"(written by)\",(story),\"(story editor)\"}'::text[]))"}, {"Node Type": "Materialize", "Parent Relationship": "Inner", "Startup Cost": 0.0, "Total Cost": 54162654.13, "Plan Rows": 1044, "Plan Width": 76, "Plans": [{"Node Type": "Nested Loop", "Parent Relationship": "Outer", "Join Type": "Inner", "Startup Cost": 0.0, "Total Cost": 54162648.91, "Plan Rows": 1044, "Plan Width": 76, "Inner Unique": false, "Join Filter": "(mi.movie_id = t.id)", "Plans": [{"Node Type": "Seq Scan", "Parent Relationship": "Outer", "Relation Name": "title", "Alias": "t", "Startup Cost": 0.0, "Total Cost": 60069.11, "Plan Rows": 2528311, "Plan Width": 21}, {"Node Type": "Materialize", "Parent Relationship": "Inner", "Startup Cost": 0.0, "Total Cost": 14509232.15, "Plan Rows": 1044, "Plan Width": 55, "Plans": [{"Node Type": "Nested Loop", "Parent Relationship": "Outer", "Join Type": "Inner", "Startup Cost": 0.0, "Total Cost": 14509226.93, "Plan Rows": 1044, "Plan Width": 55, "Inner Unique": false, "Join Filter": "(mi.movie_id = mi_idx.movie_id)", "Plans": [{"Node Type": "Nested Loop", "Parent Relationship": "Outer", "Join Type": "Inner", "Startup Cost": 0.0, "Total Cost": 37527.17, "Plan Rows": 345008, "Plan Width": 9, "Inner Unique": false, "Join Filter": "(it2.id = mi_idx.info_type_id), (LLVM Optimized)", "Plans": [{"Node Type": "Seq Scan", "Parent Relationship": "Outer", "Relation Name": "info_type", "Alias": "it2", "Startup Cost": 0.0, "Total Cost": 2.4, "Plan Rows": 1, "Plan Width": 4, "Filter": "((info)::text = 'votes'::text)"}, {"Node Type": "Seq Scan", "Parent Relationship": "Inner", "Relation Name": "movie_info_idx", "Alias": "mi_idx", "Startup Cost": 0.0, "Total Cost": 20274.34, "Plan Rows": 1380034, "Plan Width": 13}]}, {"Node Type": "Materialize", "Parent Relationship": "Inner", "Startup Cost": 0.0, "Total Cost": 410905.52, "Plan Rows": 2717, "Plan Width": 46, "Plans": [{"Node Type": "Nested Loop", "Parent Relationship": "Outer", "Join Type": "Inner", "Startup Cost": 0.0, "Total Cost": 410891.93, "Plan Rows": 2717, "Plan Width": 46, "Inner Unique": false, "Join Filter": "(it1.id = mi.info_type_id)", "Plans": [{"Node Type": "Seq Scan", "Parent Relationship": "Outer", "Relation Name": "info_type", "Alias": "it1", "Startup Cost": 0.0, "Total Cost": 2.4, "Plan Rows": 1, "Plan Width": 4, "Filter": "((info)::text = 'genres'::text)"}, {"Node Type": "Seq Scan", "Parent Relationship": "Inner", "Relation Name": "movie_info", "Alias": "mi", "Startup Cost": 0.0, "Total Cost": 408512.41, "Plan Rows": 190170, "Plan Width": 50, "Filter": "((info)::text = ANY ('{Horror,Action,Sci-Fi,Thriller,Crime,War}'::text[]))"}]}]}]}]}]}]}]}]}]}]}, "Unique SQL Id": 3913857139, "Planner Runtime": 5}, "explain_analyze_plan": null}, "(1, 123)": {"explain_plan": {"Plan": {"Node Type": "Aggregate", "Strategy": "Plain", "Startup Cost": 7000445600668.71, "Total Cost": 7000445600668.72, "Plan Rows": 1, "Plan Width": 160, "Plans": [{"Node Type": "Nested Loop", "Parent Relationship": "Outer", "Join Type": "Inner", "Startup Cost": 70000000000.0, "Total Cost": 7000445600658.11, "Plan Rows": 1413, "Plan Width": 64, "Inner Unique": false, "Join Filter": "(ci.person_id = n.id)", "Plans": [{"Node Type": "Index Scan", "Parent Relationship": "Outer", "Scan Direction": "Forward", "Index Name": "name_pkey", "Relation Name": "name", "Alias": "n", "Startup Cost": 10000000000.0, "Total Cost": 1000018665147.2, "Plan Rows": 1740714, "Plan Width": 4, "Filter": "((gender)::text = 'm'::text), (LLVM Optimized)"}, {"Node Type": "Materialize", "Parent Relationship": "Inner", "Startup Cost": 60000000000.0, "Total Cost": 6000396777643.75, "Plan Rows": 1155, "Plan Width": 68, "Plans": [{"Node Type": "Nested Loop", "Parent Relationship": "Outer", "Join Type": "Inner", "Startup Cost": 60000000000.0, "Total Cost": 6000396777637.97, "Plan Rows": 1155, "Plan Width": 68, "Inner Unique": false, "Join Filter": "(t.id = ci.movie_id)", "Plans": [{"Node Type": "Index Scan", "Parent Relationship": "Outer", "Scan Direction": "Forward", "Index Name": "person_id_cast_info", "Relation Name": "cast_info", "Alias": "ci", "Startup Cost": 10000000000.0, "Total Cost": 1000193311016.96, "Plan Rows": 1223154, "Plan Width": 8, "Filter": "((note)::text = ANY ('{(writer),\"(head writer)\",\"(written by)\",(story),\"(story editor)\"}'::text[]))"}, {"Node Type": "Materialize", "Parent Relationship": "Inner", "Startup Cost": 50000000000.0, "Total Cost": 5000184312031.98, "Plan Rows": 1044, "Plan Width": 76, "Plans": [{"Node Type": "Nested Loop", "Parent Relationship": "Outer", "Join Type": "Inner", "Startup Cost": 50000000000.0, "Total Cost": 5000184312026.76, "Plan Rows": 1044, "Plan Width": 76, "Inner Unique": false, "Join Filter": "(mi.movie_id = t.id)", "Plans": [{"Node Type": "Index Scan", "Parent Relationship": "Outer", "Scan Direction": "Forward", "Index Name": "title_pkey", "Relation Name": "title", "Alias": "t", "Startup Cost": 10000000000.0, "Total Cost": 1000011012048.91, "Plan Rows": 2528311, "Plan Width": 21}, {"Node Type": "Materialize", "Parent Relationship": "Inner", "Startup Cost": 40000000000.0, "Total Cost": 4000133706630.2, "Plan Rows": 1044, "Plan Width": 55, "Plans": [{"Node Type": "Nested Loop", "Parent Relationship": "Outer", "Join Type": "Inner", "Startup Cost": 40000000000.0, "Total Cost": 4000133706624.98, "Plan Rows": 1044, "Plan Width": 55, "Inner Unique": false, "Join Filter": "(mi.movie_id = mi_idx.movie_id)", "Plans": [{"Node Type": "Nested Loop", "Parent Relationship": "Outer", "Join Type": "Inner", "Startup Cost": 20000000000.0, "Total Cost": 2000004672156.88, "Plan Rows": 345008, "Plan Width": 9, "Inner Unique": true, "Join Filter": "(it2.id = mi_idx.info_type_id), (LLVM Optimized)", "Plans": [{"Node Type": "Index Scan", "Parent Relationship": "Outer", "Scan Direction": "Forward", "Index Name": "movie_id_movie_info_idx", "Relation Name": "movie_info_idx", "Alias": "mi_idx", "Startup Cost": 10000000000.0, "Total Cost": 1000004650035.37, "Plan Rows": 1380034, "Plan Width": 13}, {"Node Type": "Materialize", "Parent Relationship": "Inner", "Startup Cost": 10000000000.0, "Total Cost": 1000000001421.0, "Plan Rows": 1, "Plan Width": 4, "Plans": [{"Node Type": "Index Scan", "Parent Relationship": "Outer", "Scan Direction": "Forward", "Index Name": "info_type_pkey", "Relation Name": "info_type", "Alias": "it2", "Startup Cost": 10000000000.0, "Total Cost": 1000000001421.0, "Plan Rows": 1, "Plan Width": 4, "Filter": "((info)::text = 'votes'::text)"}]}]}, {"Node Type": "Materialize", "Parent Relationship": "Inner", "Startup Cost": 20000000000.0, "Total Cost": 2000114973673.85, "Plan Rows": 2717, "Plan Width": 46, "Plans": [{"Node Type": "Nested Loop", "Parent Relationship": "Outer", "Join Type": "Inner", "Startup Cost": 20000000000.0, "Total Cost": 2000114973660.27, "Plan Rows": 2717, "Plan Width": 46, "Inner Unique": true, "Join Filter": "(it1.id = mi.info_type_id)", "Plans": [{"Node Type": "Index Scan", "Parent Relationship": "Outer", "Scan Direction": "Forward", "Index Name": "movie_id_movie_info", "Relation Name": "movie_info", "Alias": "mi", "Startup Cost": 10000000000.0, "Total Cost": 1000114969386.72, "Plan Rows": 190170, "Plan Width": 50, "Filter": "((info)::text = ANY ('{Horror,Action,Sci-Fi,Thriller,Crime,War}'::text[]))"}, {"Node Type": "Materialize", "Parent Relationship": "Inner", "Startup Cost": 10000000000.0, "Total Cost": 1000000001421.0, "Plan Rows": 1, "Plan Width": 4, "Plans": [{"Node Type": "Index Scan", "Parent Relationship": "Outer", "Scan Direction": "Forward", "Index Name": "info_type_pkey", "Relation Name": "info_type", "Alias": "it1", "Startup Cost": 10000000000.0, "Total Cost": 1000000001421.0, "Plan Rows": 1, "Plan Width": 4, "Filter": "((info)::text = 'genres'::text)"}]}]}]}]}]}]}]}]}]}]}]}, "Unique SQL Id": 3913857139, "Planner Runtime": 4}, "explain_analyze_plan": null}, "(1, 124)": {"explain_plan": {"Plan": {"Node Type": "Aggregate", "Strategy": "Plain", "Startup Cost": 384724.5, "Total Cost": 384724.51, "Plan Rows": 1, "Plan Width": 160, "Plans": [{"Node Type": "Nested Loop", "Parent Relationship": "Outer", "Join Type": "Inner", "Startup Cost": 0.0, "Total Cost": 384713.9, "Plan Rows": 1413, "Plan Width": 64, "Inner Unique": true, "Plans": [{"Node Type": "Nested Loop", "Parent Relationship": "Outer", "Join Type": "Inner", "Startup Cost": 0.0, "Total Cost": 384134.63, "Plan Rows": 1155, "Plan Width": 68, "Inner Unique": false, "Plans": [{"Node Type": "Nested Loop", "Parent Relationship": "Outer", "Join Type": "Inner", "Startup Cost": 0.0, "Total Cost": 383073.0, "Plan Rows": 1044, "Plan Width": 76, "Inner Unique": true, "Join Filter": "(mi.movie_id = t.id)", "Plans": [{"Node Type": "Nested Loop", "Parent Relationship": "Outer", "Join Type": "Inner", "Startup Cost": 0.0, "Total Cost": 382644.81, "Plan Rows": 1044, "Plan Width": 55, "Inner Unique": false, "Join Filter": "(mi.info_type_id = it1.id)", "Plans": [{"Node Type": "Seq Scan", "Parent Relationship": "Outer", "Relation Name": "info_type", "Alias": "it1", "Startup Cost": 0.0, "Total Cost": 2.4, "Plan Rows": 1, "Plan Width": 4, "Filter": "((info)::text = 'genres'::text)"}, {"Node Type": "Nested Loop", "Parent Relationship": "Inner", "Join Type": "Inner", "Startup Cost": 0.0, "Total Cost": 379779.55, "Plan Rows": 229029, "Plan Width": 59, "Inner Unique": false, "Plans": [{"Node Type": "Nested Loop", "Parent Relationship": "Outer", "Join Type": "Inner", "Startup Cost": 0.0, "Total Cost": 37527.17, "Plan Rows": 345008, "Plan Width": 9, "Inner Unique": false, "Join Filter": "(it2.id = mi_idx.info_type_id), (LLVM Optimized)", "Plans": [{"Node Type": "Seq Scan", "Parent Relationship": "Outer", "Relation Name": "info_type", "Alias": "it2", "Startup Cost": 0.0, "Total Cost": 2.4, "Plan Rows": 1, "Plan Width": 4, "Filter": "((info)::text = 'votes'::text)"}, {"Node Type": "Seq Scan", "Parent Relationship": "Inner", "Relation Name": "movie_info_idx", "Alias": "mi_idx", "Startup Cost": 0.0, "Total Cost": 20274.34, "Plan Rows": 1380034, "Plan Width": 13}]}, {"Node Type": "Index Scan", "Parent Relationship": "Inner", "Scan Direction": "Forward", "Index Name": "movie_id_movie_info", "Relation Name": "movie_info", "Alias": "mi", "Startup Cost": 0.0, "Total Cost": 0.98, "Plan Rows": 1, "Plan Width": 50, "Index Cond": "(movie_id = mi_idx.movie_id)", "Filter": "((info)::text = ANY ('{Horror,Action,Sci-Fi,Thriller,Crime,War}'::text[]))"}]}]}, {"Node Type": "Index Scan", "Parent Relationship": "Inner", "Scan Direction": "Forward", "Index Name": "title_pkey", "Relation Name": "title", "Alias": "t", "Startup Cost": 0.0, "Total Cost": 0.4, "Plan Rows": 1, "Plan Width": 21, "Index Cond": "(id = mi_idx.movie_id)"}]}, {"Node Type": "Index Scan", "Parent Relationship": "Inner", "Scan Direction": "Forward", "Index Name": "movie_id_cast_info", "Relation Name": "cast_info", "Alias": "ci", "Startup Cost": 0.0, "Total Cost": 1.01, "Plan Rows": 1, "Plan Width": 8, "Index Cond": "(movie_id = t.id)", "Filter": "((note)::text = ANY ('{(writer),\"(head writer)\",\"(written by)\",(story),\"(story editor)\"}'::text[]))"}]}, {"Node Type": "Index Scan", "Parent Relationship": "Inner", "Scan Direction": "Forward", "Index Name": "name_pkey", "Relation Name": "name", "Alias": "n", "Startup Cost": 0.0, "Total Cost": 0.49, "Plan Rows": 1, "Plan Width": 4, "Index Cond": "(id = ci.person_id)", "Filter": "((gender)::text = 'm'::text)"}]}]}, "Unique SQL Id": 3913857139, "Planner Runtime": 5}, "explain_analyze_plan": {"Plan": {"Node Type": "Aggregate", "Strategy": "Plain", "Startup Cost": 384724.5, "Total Cost": 384724.51, "Plan Rows": 1, "Plan Width": 160, "Actual Startup Time": 19134.754, "Actual Total Time": 19134.754, "Actual Rows": 1, "Actual Loops": 1, "Plans": [{"Node Type": "Nested Loop", "Parent Relationship": "Outer", "Join Type": "Inner", "Startup Cost": 0.0, "Total Cost": 384713.9, "Plan Rows": 1413, "Plan Width": 64, "Actual Startup Time": 30.26, "Actual Total Time": 19092.099, "Actual Rows": 28073, "Actual Loops": 1, "Inner Unique": true, "Plans": [{"Node Type": "Nested Loop", "Parent Relationship": "Outer", "Join Type": "Inner", "Startup Cost": 0.0, "Total Cost": 384134.63, "Plan Rows": 1155, "Plan Width": 68, "Actual Startup Time": 15.106, "Actual Total Time": 18688.382, "Actual Rows": 54155, "Actual Loops": 1, "Inner Unique": false, "Plans": [{"Node Type": "Nested Loop", "Parent Relationship": "Outer", "Join Type": "Inner", "Startup Cost": 0.0, "Total Cost": 383073.0, "Plan Rows": 1044, "Plan Width": 76, "Actual Startup Time": 0.873, "Actual Total Time": 10250.203, "Actual Rows": 102516, "Actual Loops": 1, "Inner Unique": true, "Join Filter": "(mi.movie_id = t.id)", "Rows Removed by Join Filter": 0, "Plans": [{"Node Type": "Nested Loop", "Parent Relationship": "Outer", "Join Type": "Inner", "Startup Cost": 0.0, "Total Cost": 382644.81, "Plan Rows": 1044, "Plan Width": 55, "Actual Startup Time": 0.857, "Actual Total Time": 9696.352, "Actual Rows": 102516, "Actual Loops": 1, "Inner Unique": false, "Join Filter": "(mi.info_type_id = it1.id)", "Rows Removed by Join Filter": 2376, "Plans": [{"Node Type": "Seq Scan", "Parent Relationship": "Outer", "Relation Name": "info_type", "Alias": "it1", "Startup Cost": 0.0, "Total Cost": 2.4, "Plan Rows": 1, "Plan Width": 4, "Actual Startup Time": 0.034, "Actual Total Time": 0.063, "Actual Rows": 1, "Actual Loops": 1, "Filter": "((info)::text = 'genres'::text)", "Rows Removed by Filter": 111}, {"Node Type": "Nested Loop", "Parent Relationship": "Inner", "Join Type": "Inner", "Startup Cost": 0.0, "Total Cost": 379779.55, "Plan Rows": 229029, "Plan Width": 59, "Actual Startup Time": 0.815, "Actual Total Time": 9651.833, "Actual Rows": 104892, "Actual Loops": 1, "Inner Unique": false, "Plans": [{"Node Type": "Nested Loop", "Parent Relationship": "Outer", "Join Type": "Inner", "Startup Cost": 0.0, "Total Cost": 37527.17, "Plan Rows": 345008, "Plan Width": 9, "Actual Startup Time": 0.078, "Actual Total Time": 692.748, "Actual Rows": 459925, "Actual Loops": 1, "Inner Unique": false, "Join Filter": "(it2.id = mi_idx.info_type_id), (LLVM Optimized, Jit Execute)", "Rows Removed by Join Filter": 920109, "Plans": [{"Node Type": "Seq Scan", "Parent Relationship": "Outer", "Relation Name": "info_type", "Alias": "it2", "Startup Cost": 0.0, "Total Cost": 2.4, "Plan Rows": 1, "Plan Width": 4, "Actual Startup Time": 0.042, "Actual Total Time": 0.054, "Actual Rows": 1, "Actual Loops": 1, "Filter": "((info)::text = 'votes'::text)", "Rows Removed by Filter": 111}, {"Node Type": "Seq Scan", "Parent Relationship": "Inner", "Relation Name": "movie_info_idx", "Alias": "mi_idx", "Startup Cost": 0.0, "Total Cost": 20274.34, "Plan Rows": 1380034, "Plan Width": 13, "Actual Startup Time": 0.031, "Actual Total Time": 333.525, "Actual Rows": 1380034, "Actual Loops": 1}]}, {"Node Type": "Index Scan", "Parent Relationship": "Inner", "Scan Direction": "Forward", "Index Name": "movie_id_movie_info", "Relation Name": "movie_info", "Alias": "mi", "Startup Cost": 0.0, "Total Cost": 0.98, "Plan Rows": 1, "Plan Width": 50, "Actual Startup Time": 8525.772, "Actual Total Time": 8684.956, "Actual Rows": 104892, "Actual Loops": 459925, "Index Cond": "(movie_id = mi_idx.movie_id)", "Rows Removed by Index Recheck": 0, "Filter": "((info)::text = ANY ('{Horror,Action,Sci-Fi,Thriller,Crime,War}'::text[]))", "Rows Removed by Filter": 6825442}]}]}, {"Node Type": "Index Scan", "Parent Relationship": "Inner", "Scan Direction": "Forward", "Index Name": "title_pkey", "Relation Name": "title", "Alias": "t", "Startup Cost": 0.0, "Total Cost": 0.4, "Plan Rows": 1, "Plan Width": 21, "Actual Startup Time": 442.617, "Actual Total Time": 442.617, "Actual Rows": 102516, "Actual Loops": 102516, "Index Cond": "(id = mi_idx.movie_id)", "Rows Removed by Index Recheck": 0}]}, {"Node Type": "Index Scan", "Parent Relationship": "Inner", "Scan Direction": "Forward", "Index Name": "movie_id_cast_info", "Relation Name": "cast_info", "Alias": "ci", "Startup Cost": 0.0, "Total Cost": 1.01, "Plan Rows": 1, "Plan Width": 8, "Actual Startup Time": 7136.35, "Actual Total Time": 8367.267, "Actual Rows": 54155, "Actual Loops": 102516, "Index Cond": "(movie_id = t.id)", "Rows Removed by Index Recheck": 0, "Filter": "((note)::text = ANY ('{(writer),\"(head writer)\",\"(written by)\",(story),\"(story editor)\"}'::text[]))", "Rows Removed by Filter": 3987641}]}, {"Node Type": "Index Scan", "Parent Relationship": "Inner", "Scan Direction": "Forward", "Index Name": "name_pkey", "Relation Name": "name", "Alias": "n", "Startup Cost": 0.0, "Total Cost": 0.49, "Plan Rows": 1, "Plan Width": 4, "Actual Startup Time": 358.289, "Actual Total Time": 358.289, "Actual Rows": 28073, "Actual Loops": 54155, "Index Cond": "(id = ci.person_id)", "Rows Removed by Index Recheck": 0, "Filter": "((gender)::text = 'm'::text)", "Rows Removed by Filter": 26082}]}]}, "Triggers": [], "Planner Runtime": 5, "Total Runtime": 19143.567, "Unique SQL Id": 3913857139}}, "(1, 125)": {"explain_plan": {"Plan": {"Node Type": "Aggregate", "Strategy": "Plain", "Startup Cost": 385547.34, "Total Cost": 385547.35, "Plan Rows": 1, "Plan Width": 160, "Plans": [{"Node Type": "Nested Loop", "Parent Relationship": "Outer", "Join Type": "Inner", "Startup Cost": 0.0, "Total Cost": 385536.75, "Plan Rows": 1413, "Plan Width": 64, "Inner Unique": true, "Plans": [{"Node Type": "Nested Loop", "Parent Relationship": "Outer", "Join Type": "Inner", "Startup Cost": 0.0, "Total Cost": 384957.48, "Plan Rows": 1155, "Plan Width": 68, "Inner Unique": false, "Plans": [{"Node Type": "Nested Loop", "Parent Relationship": "Outer", "Join Type": "Inner", "Startup Cost": 0.0, "Total Cost": 383895.85, "Plan Rows": 1044, "Plan Width": 76, "Inner Unique": true, "Join Filter": "(mi.movie_id = t.id)", "Plans": [{"Node Type": "Nested Loop", "Parent Relationship": "Outer", "Join Type": "Inner", "Startup Cost": 0.0, "Total Cost": 383467.66, "Plan Rows": 1044, "Plan Width": 55, "Inner Unique": false, "Join Filter": "(mi.info_type_id = it1.id)", "Plans": [{"Node Type": "Index Scan", "Parent Relationship": "Outer", "Scan Direction": "Forward", "Index Name": "info_type_pkey", "Relation Name": "info_type", "Alias": "it1", "Startup Cost": 0.0, "Total Cost": 14.21, "Plan Rows": 1, "Plan Width": 4, "Filter": "((info)::text = 'genres'::text)"}, {"Node Type": "Nested Loop", "Parent Relationship": "Inner", "Join Type": "Inner", "Startup Cost": 0.0, "Total Cost": 380590.58, "Plan Rows": 229029, "Plan Width": 59, "Inner Unique": false, "Plans": [{"Node Type": "Nested Loop", "Parent Relationship": "Outer", "Join Type": "Inner", "Startup Cost": 0.0, "Total Cost": 38338.2, "Plan Rows": 345008, "Plan Width": 9, "Inner Unique": false, "Plans": [{"Node Type": "Index Scan", "Parent Relationship": "Outer", "Scan Direction": "Forward", "Index Name": "info_type_pkey", "Relation Name": "info_type", "Alias": "it2", "Startup Cost": 0.0, "Total Cost": 14.21, "Plan Rows": 1, "Plan Width": 4, "Filter": "((info)::text = 'votes'::text)"}, {"Node Type": "Index Scan", "Parent Relationship": "Inner", "Scan Direction": "Forward", "Index Name": "info_type_id_movie_info_idx", "Relation Name": "movie_info_idx", "Alias": "mi_idx", "Startup Cost": 0.0, "Total Cost": 34873.91, "Plan Rows": 345008, "Plan Width": 13, "Index Cond": "(info_type_id = it2.id), (LLVM Optimized)"}]}, {"Node Type": "Index Scan", "Parent Relationship": "Inner", "Scan Direction": "Forward", "Index Name": "movie_id_movie_info", "Relation Name": "movie_info", "Alias": "mi", "Startup Cost": 0.0, "Total Cost": 0.98, "Plan Rows": 1, "Plan Width": 50, "Index Cond": "(movie_id = mi_idx.movie_id)", "Filter": "((info)::text = ANY ('{Horror,Action,Sci-Fi,Thriller,Crime,War}'::text[]))"}]}]}, {"Node Type": "Index Scan", "Parent Relationship": "Inner", "Scan Direction": "Forward", "Index Name": "title_pkey", "Relation Name": "title", "Alias": "t", "Startup Cost": 0.0, "Total Cost": 0.4, "Plan Rows": 1, "Plan Width": 21, "Index Cond": "(id = mi_idx.movie_id)"}]}, {"Node Type": "Index Scan", "Parent Relationship": "Inner", "Scan Direction": "Forward", "Index Name": "movie_id_cast_info", "Relation Name": "cast_info", "Alias": "ci", "Startup Cost": 0.0, "Total Cost": 1.01, "Plan Rows": 1, "Plan Width": 8, "Index Cond": "(movie_id = t.id)", "Filter": "((note)::text = ANY ('{(writer),\"(head writer)\",\"(written by)\",(story),\"(story editor)\"}'::text[]))"}]}, {"Node Type": "Index Scan", "Parent Relationship": "Inner", "Scan Direction": "Forward", "Index Name": "name_pkey", "Relation Name": "name", "Alias": "n", "Startup Cost": 0.0, "Total Cost": 0.49, "Plan Rows": 1, "Plan Width": 4, "Index Cond": "(id = ci.person_id)", "Filter": "((gender)::text = 'm'::text)"}]}]}, "Unique SQL Id": 3913857139, "Planner Runtime": 5}, "explain_analyze_plan": {"Plan": {"Node Type": "Aggregate", "Strategy": "Plain", "Startup Cost": 385547.34, "Total Cost": 385547.35, "Plan Rows": 1, "Plan Width": 160, "Actual Startup Time": 19858.278, "Actual Total Time": 19858.279, "Actual Rows": 1, "Actual Loops": 1, "Plans": [{"Node Type": "Nested Loop", "Parent Relationship": "Outer", "Join Type": "Inner", "Startup Cost": 0.0, "Total Cost": 385536.75, "Plan Rows": 1413, "Plan Width": 64, "Actual Startup Time": 29.537, "Actual Total Time": 19816.621, "Actual Rows": 28073, "Actual Loops": 1, "Inner Unique": true, "Plans": [{"Node Type": "Nested Loop", "Parent Relationship": "Outer", "Join Type": "Inner", "Startup Cost": 0.0, "Total Cost": 384957.48, "Plan Rows": 1155, "Plan Width": 68, "Actual Startup Time": 14.824, "Actual Total Time": 19381.185, "Actual Rows": 54155, "Actual Loops": 1, "Inner Unique": false, "Plans": [{"Node Type": "Nested Loop", "Parent Relationship": "Outer", "Join Type": "Inner", "Startup Cost": 0.0, "Total Cost": 383895.85, "Plan Rows": 1044, "Plan Width": 76, "Actual Startup Time": 0.924, "Actual Total Time": 10116.383, "Actual Rows": 102516, "Actual Loops": 1, "Inner Unique": true, "Join Filter": "(mi.movie_id = t.id)", "Rows Removed by Join Filter": 0, "Plans": [{"Node Type": "Nested Loop", "Parent Relationship": "Outer", "Join Type": "Inner", "Startup Cost": 0.0, "Total Cost": 383467.66, "Plan Rows": 1044, "Plan Width": 55, "Actual Startup Time": 0.913, "Actual Total Time": 9535.918, "Actual Rows": 102516, "Actual Loops": 1, "Inner Unique": false, "Join Filter": "(mi.info_type_id = it1.id)", "Rows Removed by Join Filter": 2376, "Plans": [{"Node Type": "Index Scan", "Parent Relationship": "Outer", "Scan Direction": "Forward", "Index Name": "info_type_pkey", "Relation Name": "info_type", "Alias": "it1", "Startup Cost": 0.0, "Total Cost": 14.21, "Plan Rows": 1, "Plan Width": 4, "Actual Startup Time": 0.027, "Actual Total Time": 0.081, "Actual Rows": 1, "Actual Loops": 1, "Filter": "((info)::text = 'genres'::text)", "Rows Removed by Filter": 111}, {"Node Type": "Nested Loop", "Parent Relationship": "Inner", "Join Type": "Inner", "Startup Cost": 0.0, "Total Cost": 380590.58, "Plan Rows": 229029, "Plan Width": 59, "Actual Startup Time": 0.88, "Actual Total Time": 9495.878, "Actual Rows": 104892, "Actual Loops": 1, "Inner Unique": false, "Plans": [{"Node Type": "Nested Loop", "Parent Relationship": "Outer", "Join Type": "Inner", "Startup Cost": 0.0, "Total Cost": 38338.2, "Plan Rows": 345008, "Plan Width": 9, "Actual Startup Time": 0.188, "Actual Total Time": 443.881, "Actual Rows": 459925, "Actual Loops": 1, "Inner Unique": false, "Plans": [{"Node Type": "Index Scan", "Parent Relationship": "Outer", "Scan Direction": "Forward", "Index Name": "info_type_pkey", "Relation Name": "info_type", "Alias": "it2", "Startup Cost": 0.0, "Total Cost": 14.21, "Plan Rows": 1, "Plan Width": 4, "Actual Startup Time": 0.054, "Actual Total Time": 0.069, "Actual Rows": 1, "Actual Loops": 1, "Filter": "((info)::text = 'votes'::text)", "Rows Removed by Filter": 111}, {"Node Type": "Index Scan", "Parent Relationship": "Inner", "Scan Direction": "Forward", "Index Name": "info_type_id_movie_info_idx", "Relation Name": "movie_info_idx", "Alias": "mi_idx", "Startup Cost": 0.0, "Total Cost": 34873.91, "Plan Rows": 345008, "Plan Width": 13, "Actual Startup Time": 0.131, "Actual Total Time": 332.33, "Actual Rows": 459925, "Actual Loops": 1, "Index Cond": "(info_type_id = it2.id), (LLVM Optimized, Jit Execute)", "Rows Removed by Index Recheck": 0}]}, {"Node Type": "Index Scan", "Parent Relationship": "Inner", "Scan Direction": "Forward", "Index Name": "movie_id_movie_info", "Relation Name": "movie_info", "Alias": "mi", "Startup Cost": 0.0, "Total Cost": 0.98, "Plan Rows": 1, "Plan Width": 50, "Actual Startup Time": 8619.521, "Actual Total Time": 8782.765, "Actual Rows": 104892, "Actual Loops": 459925, "Index Cond": "(movie_id = mi_idx.movie_id)", "Rows Removed by Index Recheck": 0, "Filter": "((info)::text = ANY ('{Horror,Action,Sci-Fi,Thriller,Crime,War}'::text[]))", "Rows Removed by Filter": 6825442}]}]}, {"Node Type": "Index Scan", "Parent Relationship": "Inner", "Scan Direction": "Forward", "Index Name": "title_pkey", "Relation Name": "title", "Alias": "t", "Startup Cost": 0.0, "Total Cost": 0.4, "Plan Rows": 1, "Plan Width": 21, "Actual Startup Time": 466.75, "Actual Total Time": 466.75, "Actual Rows": 102516, "Actual Loops": 102516, "Index Cond": "(id = mi_idx.movie_id)", "Rows Removed by Index Recheck": 0}]}, {"Node Type": "Index Scan", "Parent Relationship": "Inner", "Scan Direction": "Forward", "Index Name": "movie_id_cast_info", "Relation Name": "cast_info", "Alias": "ci", "Startup Cost": 0.0, "Total Cost": 1.01, "Plan Rows": 1, "Plan Width": 8, "Actual Startup Time": 7837.555, "Actual Total Time": 9194.417, "Actual Rows": 54155, "Actual Loops": 102516, "Index Cond": "(movie_id = t.id)", "Rows Removed by Index Recheck": 0, "Filter": "((note)::text = ANY ('{(writer),\"(head writer)\",\"(written by)\",(story),\"(story editor)\"}'::text[]))", "Rows Removed by Filter": 3987641}]}, {"Node Type": "Index Scan", "Parent Relationship": "Inner", "Scan Direction": "Forward", "Index Name": "name_pkey", "Relation Name": "name", "Alias": "n", "Startup Cost": 0.0, "Total Cost": 0.49, "Plan Rows": 1, "Plan Width": 4, "Actual Startup Time": 390.023, "Actual Total Time": 390.023, "Actual Rows": 28073, "Actual Loops": 54155, "Index Cond": "(id = ci.person_id)", "Rows Removed by Index Recheck": 0, "Filter": "((gender)::text = 'm'::text)", "Rows Removed by Filter": 26082}]}]}, "Triggers": [], "Planner Runtime": 5, "Total Runtime": 19868.04, "Unique SQL Id": 3913857139}}, "(1, 126)": {"explain_plan": {"Plan": {"Node Type": "Aggregate", "Strategy": "Plain", "Startup Cost": 104407117.09, "Total Cost": 104407117.11, "Plan Rows": 1, "Plan Width": 160, "Plans": [{"Node Type": "Nested Loop", "Parent Relationship": "Outer", "Join Type": "Inner", "Startup Cost": 0.0, "Total Cost": 104407106.5, "Plan Rows": 1413, "Plan Width": 64, "Inner Unique": false, "Join Filter": "(ci.person_id = n.id)", "Plans": [{"Node Type": "Seq Scan", "Parent Relationship": "Outer", "Relation Name": "name", "Alias": "n", "Startup Cost": 0.0, "Total Cost": 103490.62, "Plan Rows": 1740714, "Plan Width": 4, "Filter": "((gender)::text = 'm'::text), (LLVM Optimized)"}, {"Node Type": "Materialize", "Parent Relationship": "Inner", "Startup Cost": 0.0, "Total Cost": 74145748.71, "Plan Rows": 1155, "Plan Width": 68, "Plans": [{"Node Type": "Nested Loop", "Parent Relationship": "Outer", "Join Type": "Inner", "Startup Cost": 0.0, "Total Cost": 74145742.94, "Plan Rows": 1155, "Plan Width": 68, "Inner Unique": false, "Join Filter": "(t.id = ci.movie_id)", "Plans": [{"Node Type": "Seq Scan", "Parent Relationship": "Outer", "Relation Name": "cast_info", "Alias": "ci", "Startup Cost": 0.0, "Total Cost": 828499.78, "Plan Rows": 1223154, "Plan Width": 8, "Filter": "((note)::text = ANY ('{(writer),\"(head writer)\",\"(written by)\",(story),\"(story editor)\"}'::text[]))"}, {"Node Type": "Materialize", "Parent Relationship": "Inner", "Startup Cost": 0.0, "Total Cost": 54162654.13, "Plan Rows": 1044, "Plan Width": 76, "Plans": [{"Node Type": "Nested Loop", "Parent Relationship": "Outer", "Join Type": "Inner", "Startup Cost": 0.0, "Total Cost": 54162648.91, "Plan Rows": 1044, "Plan Width": 76, "Inner Unique": false, "Join Filter": "(mi.movie_id = t.id)", "Plans": [{"Node Type": "Seq Scan", "Parent Relationship": "Outer", "Relation Name": "title", "Alias": "t", "Startup Cost": 0.0, "Total Cost": 60069.11, "Plan Rows": 2528311, "Plan Width": 21}, {"Node Type": "Materialize", "Parent Relationship": "Inner", "Startup Cost": 0.0, "Total Cost": 14509232.15, "Plan Rows": 1044, "Plan Width": 55, "Plans": [{"Node Type": "Nested Loop", "Parent Relationship": "Outer", "Join Type": "Inner", "Startup Cost": 0.0, "Total Cost": 14509226.93, "Plan Rows": 1044, "Plan Width": 55, "Inner Unique": false, "Join Filter": "(mi.movie_id = mi_idx.movie_id)", "Plans": [{"Node Type": "Nested Loop", "Parent Relationship": "Outer", "Join Type": "Inner", "Startup Cost": 0.0, "Total Cost": 37527.17, "Plan Rows": 345008, "Plan Width": 9, "Inner Unique": false, "Join Filter": "(it2.id = mi_idx.info_type_id), (LLVM Optimized)", "Plans": [{"Node Type": "Seq Scan", "Parent Relationship": "Outer", "Relation Name": "info_type", "Alias": "it2", "Startup Cost": 0.0, "Total Cost": 2.4, "Plan Rows": 1, "Plan Width": 4, "Filter": "((info)::text = 'votes'::text)"}, {"Node Type": "Seq Scan", "Parent Relationship": "Inner", "Relation Name": "movie_info_idx", "Alias": "mi_idx", "Startup Cost": 0.0, "Total Cost": 20274.34, "Plan Rows": 1380034, "Plan Width": 13}]}, {"Node Type": "Materialize", "Parent Relationship": "Inner", "Startup Cost": 0.0, "Total Cost": 410905.52, "Plan Rows": 2717, "Plan Width": 46, "Plans": [{"Node Type": "Nested Loop", "Parent Relationship": "Outer", "Join Type": "Inner", "Startup Cost": 0.0, "Total Cost": 410891.93, "Plan Rows": 2717, "Plan Width": 46, "Inner Unique": false, "Join Filter": "(it1.id = mi.info_type_id)", "Plans": [{"Node Type": "Seq Scan", "Parent Relationship": "Outer", "Relation Name": "info_type", "Alias": "it1", "Startup Cost": 0.0, "Total Cost": 2.4, "Plan Rows": 1, "Plan Width": 4, "Filter": "((info)::text = 'genres'::text)"}, {"Node Type": "Seq Scan", "Parent Relationship": "Inner", "Relation Name": "movie_info", "Alias": "mi", "Startup Cost": 0.0, "Total Cost": 408512.41, "Plan Rows": 190170, "Plan Width": 50, "Filter": "((info)::text = ANY ('{Horror,Action,Sci-Fi,Thriller,Crime,War}'::text[]))"}]}]}]}]}]}]}]}]}]}]}, "Unique SQL Id": 3913857139, "Planner Runtime": 5}, "explain_analyze_plan": null}, "(1, 127)": {"explain_plan": {"Plan": {"Node Type": "Aggregate", "Strategy": "Plain", "Startup Cost": 7000445600668.71, "Total Cost": 7000445600668.72, "Plan Rows": 1, "Plan Width": 160, "Plans": [{"Node Type": "Nested Loop", "Parent Relationship": "Outer", "Join Type": "Inner", "Startup Cost": 70000000000.0, "Total Cost": 7000445600658.11, "Plan Rows": 1413, "Plan Width": 64, "Inner Unique": false, "Join Filter": "(ci.person_id = n.id)", "Plans": [{"Node Type": "Index Scan", "Parent Relationship": "Outer", "Scan Direction": "Forward", "Index Name": "name_pkey", "Relation Name": "name", "Alias": "n", "Startup Cost": 10000000000.0, "Total Cost": 1000018665147.2, "Plan Rows": 1740714, "Plan Width": 4, "Filter": "((gender)::text = 'm'::text), (LLVM Optimized)"}, {"Node Type": "Materialize", "Parent Relationship": "Inner", "Startup Cost": 60000000000.0, "Total Cost": 6000396777643.75, "Plan Rows": 1155, "Plan Width": 68, "Plans": [{"Node Type": "Nested Loop", "Parent Relationship": "Outer", "Join Type": "Inner", "Startup Cost": 60000000000.0, "Total Cost": 6000396777637.97, "Plan Rows": 1155, "Plan Width": 68, "Inner Unique": false, "Join Filter": "(t.id = ci.movie_id)", "Plans": [{"Node Type": "Index Scan", "Parent Relationship": "Outer", "Scan Direction": "Forward", "Index Name": "person_id_cast_info", "Relation Name": "cast_info", "Alias": "ci", "Startup Cost": 10000000000.0, "Total Cost": 1000193311016.96, "Plan Rows": 1223154, "Plan Width": 8, "Filter": "((note)::text = ANY ('{(writer),\"(head writer)\",\"(written by)\",(story),\"(story editor)\"}'::text[]))"}, {"Node Type": "Materialize", "Parent Relationship": "Inner", "Startup Cost": 50000000000.0, "Total Cost": 5000184312031.98, "Plan Rows": 1044, "Plan Width": 76, "Plans": [{"Node Type": "Nested Loop", "Parent Relationship": "Outer", "Join Type": "Inner", "Startup Cost": 50000000000.0, "Total Cost": 5000184312026.76, "Plan Rows": 1044, "Plan Width": 76, "Inner Unique": false, "Join Filter": "(mi.movie_id = t.id)", "Plans": [{"Node Type": "Index Scan", "Parent Relationship": "Outer", "Scan Direction": "Forward", "Index Name": "title_pkey", "Relation Name": "title", "Alias": "t", "Startup Cost": 10000000000.0, "Total Cost": 1000011012048.91, "Plan Rows": 2528311, "Plan Width": 21}, {"Node Type": "Materialize", "Parent Relationship": "Inner", "Startup Cost": 40000000000.0, "Total Cost": 4000133706630.2, "Plan Rows": 1044, "Plan Width": 55, "Plans": [{"Node Type": "Nested Loop", "Parent Relationship": "Outer", "Join Type": "Inner", "Startup Cost": 40000000000.0, "Total Cost": 4000133706624.98, "Plan Rows": 1044, "Plan Width": 55, "Inner Unique": false, "Join Filter": "(mi.movie_id = mi_idx.movie_id)", "Plans": [{"Node Type": "Nested Loop", "Parent Relationship": "Outer", "Join Type": "Inner", "Startup Cost": 20000000000.0, "Total Cost": 2000004672156.88, "Plan Rows": 345008, "Plan Width": 9, "Inner Unique": true, "Join Filter": "(it2.id = mi_idx.info_type_id), (LLVM Optimized)", "Plans": [{"Node Type": "Index Scan", "Parent Relationship": "Outer", "Scan Direction": "Forward", "Index Name": "movie_id_movie_info_idx", "Relation Name": "movie_info_idx", "Alias": "mi_idx", "Startup Cost": 10000000000.0, "Total Cost": 1000004650035.37, "Plan Rows": 1380034, "Plan Width": 13}, {"Node Type": "Materialize", "Parent Relationship": "Inner", "Startup Cost": 10000000000.0, "Total Cost": 1000000001421.0, "Plan Rows": 1, "Plan Width": 4, "Plans": [{"Node Type": "Index Scan", "Parent Relationship": "Outer", "Scan Direction": "Forward", "Index Name": "info_type_pkey", "Relation Name": "info_type", "Alias": "it2", "Startup Cost": 10000000000.0, "Total Cost": 1000000001421.0, "Plan Rows": 1, "Plan Width": 4, "Filter": "((info)::text = 'votes'::text)"}]}]}, {"Node Type": "Materialize", "Parent Relationship": "Inner", "Startup Cost": 20000000000.0, "Total Cost": 2000114973673.85, "Plan Rows": 2717, "Plan Width": 46, "Plans": [{"Node Type": "Nested Loop", "Parent Relationship": "Outer", "Join Type": "Inner", "Startup Cost": 20000000000.0, "Total Cost": 2000114973660.27, "Plan Rows": 2717, "Plan Width": 46, "Inner Unique": true, "Join Filter": "(it1.id = mi.info_type_id)", "Plans": [{"Node Type": "Index Scan", "Parent Relationship": "Outer", "Scan Direction": "Forward", "Index Name": "movie_id_movie_info", "Relation Name": "movie_info", "Alias": "mi", "Startup Cost": 10000000000.0, "Total Cost": 1000114969386.72, "Plan Rows": 190170, "Plan Width": 50, "Filter": "((info)::text = ANY ('{Horror,Action,Sci-Fi,Thriller,Crime,War}'::text[]))"}, {"Node Type": "Materialize", "Parent Relationship": "Inner", "Startup Cost": 10000000000.0, "Total Cost": 1000000001421.0, "Plan Rows": 1, "Plan Width": 4, "Plans": [{"Node Type": "Index Scan", "Parent Relationship": "Outer", "Scan Direction": "Forward", "Index Name": "info_type_pkey", "Relation Name": "info_type", "Alias": "it1", "Startup Cost": 10000000000.0, "Total Cost": 1000000001421.0, "Plan Rows": 1, "Plan Width": 4, "Filter": "((info)::text = 'genres'::text)"}]}]}]}]}]}]}]}]}]}]}]}, "Unique SQL Id": 3913857139, "Planner Runtime": 4}, "explain_analyze_plan": null}, "(16, 0)": {"explain_plan": {"Plan": {"Node Type": "Aggregate", "Strategy": "Plain", "Startup Cost": 49001.33, "Total Cost": 49001.34, "Plan Rows": 1, "Plan Width": 160, "Plans": [{"Node Type": "Nested Loop", "Parent Relationship": "Outer", "Join Type": "Inner", "Startup Cost": 2.41, "Total Cost": 48990.73, "Plan Rows": 1413, "Plan Width": 64, "Inner Unique": true, "Plans": [{"Node Type": "Nested Loop", "Parent Relationship": "Outer", "Join Type": "Inner", "Startup Cost": 2.41, "Total Cost": 48411.46, "Plan Rows": 1155, "Plan Width": 68, "Inner Unique": false, "Plans": [{"Node Type": "Nested Loop", "Parent Relationship": "Outer", "Join Type": "Inner", "Startup Cost": 2.41, "Total Cost": 47349.83, "Plan Rows": 1044, "Plan Width": 76, "Inner Unique": true, "Join Filter": "(mi.movie_id = t.id)", "Plans": [{"Node Type": "Nested Loop", "Parent Relationship": "Outer", "Join Type": "Inner", "Startup Cost": 2.41, "Total Cost": 46921.64, "Plan Rows": 1044, "Plan Width": 55, "Inner Unique": false, "Join Filter": "(mi_idx.info_type_id = it2.id)", "Plans": [{"Node Type": "Seq Scan", "Parent Relationship": "Outer", "Relation Name": "info_type", "Alias": "it2", "Startup Cost": 0.0, "Total Cost": 2.4, "Plan Rows": 1, "Plan Width": 4, "Filter": "((info)::text = 'votes'::text)"}, {"Node Type": "Materialize", "Parent Relationship": "Inner", "Startup Cost": 2.41, "Total Cost": 46877.49, "Plan Rows": 4175, "Plan Width": 59, "Plans": [{"Node Type": "Nested Loop", "Parent Relationship": "Outer", "Join Type": "Inner", "Startup Cost": 2.41, "Total Cost": 46867.05, "Plan Rows": 4175, "Plan Width": 59, "Inner Unique": false, "Plans": [{"Node Type": "Hash Join", "Parent Relationship": "Outer", "Join Type": "Inner", "Startup Cost": 2.41, "Total Cost": 45379.0, "Plan Rows": 2717, "Plan Width": 46, "Inner Unique": true, "Hash Cond": "(mi.info_type_id = it1.id)", "Plans": [{"Node Type": "Streaming(type: LOCAL GATHER dop: 1/16)", "Parent Relationship": "Outer", "Startup Cost": 0.0, "Total Cost": 44636.28, "Plan Rows": 190170, "Plan Width": 50, "Plans": [{"Node Type": "Seq Scan", "Parent Relationship": "Outer", "Relation Name": "movie_info", "Alias": "mi", "Startup Cost": 0.0, "Total Cost": 40532.03, "Plan Rows": 190170, "Plan Width": 50, "Filter": "((info)::text = ANY ('{Horror,Action,Sci-Fi,Thriller,Crime,War}'::text[]))"}]}, {"Node Type": "Hash", "Parent Relationship": "Inner", "Startup Cost": 2.4, "Total Cost": 2.4, "Plan Rows": 1, "Plan Width": 4, "Plans": [{"Node Type": "Seq Scan", "Parent Relationship": "Outer", "Relation Name": "info_type", "Alias": "it1", "Startup Cost": 0.0, "Total Cost": 2.4, "Plan Rows": 1, "Plan Width": 4, "Filter": "((info)::text = 'genres'::text)"}]}]}, {"Node Type": "Index Scan", "Parent Relationship": "Inner", "Scan Direction": "Forward", "Index Name": "movie_id_movie_info_idx", "Relation Name": "movie_info_idx", "Alias": "mi_idx", "Startup Cost": 0.0, "Total Cost": 0.53, "Plan Rows": 2, "Plan Width": 13, "Index Cond": "(movie_id = mi.movie_id)"}]}]}]}, {"Node Type": "Index Scan", "Parent Relationship": "Inner", "Scan Direction": "Forward", "Index Name": "title_pkey", "Relation Name": "title", "Alias": "t", "Startup Cost": 0.0, "Total Cost": 0.4, "Plan Rows": 1, "Plan Width": 21, "Index Cond": "(id = mi_idx.movie_id)"}]}, {"Node Type": "Index Scan", "Parent Relationship": "Inner", "Scan Direction": "Forward", "Index Name": "movie_id_cast_info", "Relation Name": "cast_info", "Alias": "ci", "Startup Cost": 0.0, "Total Cost": 1.01, "Plan Rows": 1, "Plan Width": 8, "Index Cond": "(movie_id = t.id)", "Filter": "((note)::text = ANY ('{(writer),\"(head writer)\",\"(written by)\",(story),\"(story editor)\"}'::text[]))"}]}, {"Node Type": "Index Scan", "Parent Relationship": "Inner", "Scan Direction": "Forward", "Index Name": "name_pkey", "Relation Name": "name", "Alias": "n", "Startup Cost": 0.0, "Total Cost": 0.49, "Plan Rows": 1, "Plan Width": 4, "Index Cond": "(id = ci.person_id)", "Filter": "((gender)::text = 'm'::text)"}]}]}, "Unique SQL Id": 3913857139, "Planner Runtime": 87}, "explain_analyze_plan": {"Plan": {"Node Type": "Aggregate", "Strategy": "Plain", "Startup Cost": 49001.33, "Total Cost": 49001.34, "Plan Rows": 1, "Plan Width": 160, "Actual Min Startup Time": 11556.951, "Actual Max Startup Time": 11556.951, "Actual Min Total Time": 11556.952, "Actual Max Total Time": 11556.952, "Plans": [{"Node Type": "Nested Loop", "Parent Relationship": "Outer", "Join Type": "Inner", "Startup Cost": 2.41, "Total Cost": 48990.73, "Plan Rows": 1413, "Plan Width": 64, "Actual Min Startup Time": 1427.079, "Actual Max Startup Time": 1427.079, "Actual Min Total Time": 11522.3, "Actual Max Total Time": 11522.3, "Inner Unique": true, "Plans": [{"Node Type": "Nested Loop", "Parent Relationship": "Outer", "Join Type": "Inner", "Startup Cost": 2.41, "Total Cost": 48411.46, "Plan Rows": 1155, "Plan Width": 68, "Actual Min Startup Time": 1427.016, "Actual Max Startup Time": 1427.016, "Actual Min Total Time": 11107.448, "Actual Max Total Time": 11107.448, "Inner Unique": false, "Plans": [{"Node Type": "Nested Loop", "Parent Relationship": "Outer", "Join Type": "Inner", "Startup Cost": 2.41, "Total Cost": 47349.83, "Plan Rows": 1044, "Plan Width": 76, "Actual Min Startup Time": 1426.985, "Actual Max Startup Time": 1426.985, "Actual Min Total Time": 2130.874, "Actual Max Total Time": 2130.874, "Inner Unique": true, "Join Filter": "(mi.movie_id = t.id)", "Rows Removed by Join Filter": 0, "Plans": [{"Node Type": "Nested Loop", "Parent Relationship": "Outer", "Join Type": "Inner", "Startup Cost": 2.41, "Total Cost": 46921.64, "Plan Rows": 1044, "Plan Width": 55, "Actual Min Startup Time": 1426.963, "Actual Max Startup Time": 1426.963, "Actual Min Total Time": 1570.38, "Actual Max Total Time": 1570.38, "Inner Unique": false, "Join Filter": "(mi_idx.info_type_id = it2.id)", "Rows Removed by Join Filter": 205269, "Plans": [{"Node Type": "Seq Scan", "Parent Relationship": "Outer", "Relation Name": "info_type", "Alias": "it2", "Startup Cost": 0.0, "Total Cost": 2.4, "Plan Rows": 1, "Plan Width": 4, "Actual Min Startup Time": 0.059, "Actual Max Startup Time": 0.059, "Actual Min Total Time": 0.071, "Actual Max Total Time": 0.071, "Filter": "((info)::text = 'votes'::text)", "Rows Removed by Filter": 111, "Actual Rows": 1}, {"Node Type": "Materialize", "Parent Relationship": "Inner", "Startup Cost": 2.41, "Total Cost": 46877.49, "Plan Rows": 4175, "Plan Width": 59, "Actual Min Startup Time": 1426.889, "Actual Max Startup Time": 1426.889, "Actual Min Total Time": 1466.246, "Actual Max Total Time": 1466.246, "Plans": [{"Node Type": "Nested Loop", "Parent Relationship": "Outer", "Join Type": "Inner", "Startup Cost": 2.41, "Total Cost": 46867.05, "Plan Rows": 4175, "Plan Width": 59, "Actual Min Startup Time": 419.401, "Actual Max Startup Time": 419.401, "Actual Min Total Time": 1338.386, "Actual Max Total Time": 1338.386, "Inner Unique": false, "Plans": [{"Node Type": "Hash Join", "Parent Relationship": "Outer", "Join Type": "Inner", "Startup Cost": 2.41, "Total Cost": 45379.0, "Plan Rows": 2717, "Plan Width": 46, "Actual Min Startup Time": 419.355, "Actual Max Startup Time": 419.355, "Actual Min Total Time": 571.588, "Actual Max Total Time": 571.588, "Inner Unique": true, "Hash Cond": "(mi.info_type_id = it1.id)", "Plans": [{"Node Type": "Streaming(type: LOCAL GATHER dop: 1/16)", "Parent Relationship": "Outer", "Startup Cost": 0.0, "Total Cost": 44636.28, "Plan Rows": 190170, "Plan Width": 50, "Actual Min Startup Time": 298.259, "Actual Max Startup Time": 298.259, "Actual Min Total Time": 478.235, "Actual Max Total Time": 478.235, "Plans": [{"Node Type": "Seq Scan", "Parent Relationship": "Outer", "Relation Name": "movie_info", "Alias": "mi", "Startup Cost": 0.0, "Total Cost": 40532.03, "Plan Rows": 190170, "Plan Width": 50, "Actual Min Startup Time": 226.254, "Actual Max Startup Time": 410.433, "Actual Min Total Time": 456.953, "Actual Max Total Time": 475.703, "Filter": "((info)::text = ANY ('{Horror,Action,Sci-Fi,Thriller,Crime,War}'::text[]))", "Rows Removed by Filter": 14646748, "Actual Rows": 188971}], "Actual Rows": 188971}, {"Node Type": "Hash", "Parent Relationship": "Inner", "Startup Cost": 2.4, "Total Cost": 2.4, "Plan Rows": 1, "Plan Width": 4, "Actual Min Startup Time": 0.078, "Actual Max Startup Time": 0.078, "Actual Min Total Time": 0.078, "Actual Max Total Time": 0.078, "Max Hash Buckets": 32768, "Min Hash Buckets": 32768, "Max Hash Batches": 1, "Min Hash Batches": 1, "Max Original Hash Batches": 1, "Min Original Hash Batches": 1, "Max Peak Memory Usage": 1, "min Peak Memory Usage": 1, "Plans": [{"Node Type": "Seq Scan", "Parent Relationship": "Outer", "Relation Name": "info_type", "Alias": "it1", "Startup Cost": 0.0, "Total Cost": 2.4, "Plan Rows": 1, "Plan Width": 4, "Actual Min Startup Time": 0.045, "Actual Max Startup Time": 0.045, "Actual Min Total Time": 0.069, "Actual Max Total Time": 0.069, "Filter": "((info)::text = 'genres'::text)", "Rows Removed by Filter": 111, "Actual Rows": 1}], "Actual Rows": 1}], "Actual Rows": 186594}, {"Node Type": "Index Scan", "Parent Relationship": "Inner", "Scan Direction": "Forward", "Index Name": "movie_id_movie_info_idx", "Relation Name": "movie_info_idx", "Alias": "mi_idx", "Startup Cost": 0.0, "Total Cost": 0.53, "Plan Rows": 2, "Plan Width": 13, "Actual Min Startup Time": 500.569, "Actual Max Startup Time": 500.569, "Actual Min Total Time": 614.097, "Actual Max Total Time": 614.097, "Index Cond": "(movie_id = mi.movie_id)", "Rows Removed by Index Recheck": 0, "Actual Rows": 307785}], "Actual Rows": 307785}], "Actual Rows": 307786}], "Actual Rows": 102516}, {"Node Type": "Index Scan", "Parent Relationship": "Inner", "Scan Direction": "Forward", "Index Name": "title_pkey", "Relation Name": "title", "Alias": "t", "Startup Cost": 0.0, "Total Cost": 0.4, "Plan Rows": 1, "Plan Width": 21, "Actual Min Startup Time": 456.631, "Actual Max Startup Time": 456.631, "Actual Min Total Time": 456.631, "Actual Max Total Time": 456.631, "Index Cond": "(id = mi_idx.movie_id)", "Rows Removed by Index Recheck": 0, "Actual Rows": 102516}], "Actual Rows": 102516}, {"Node Type": "Index Scan", "Parent Relationship": "Inner", "Scan Direction": "Forward", "Index Name": "movie_id_cast_info", "Relation Name": "cast_info", "Alias": "ci", "Startup Cost": 0.0, "Total Cost": 1.01, "Plan Rows": 1, "Plan Width": 8, "Actual Min Startup Time": 7597.735, "Actual Max Startup Time": 7597.735, "Actual Min Total Time": 8906.114, "Actual Max Total Time": 8906.114, "Index Cond": "(movie_id = t.id)", "Rows Removed by Index Recheck": 0, "Filter": "((note)::text = ANY ('{(writer),\"(head writer)\",\"(written by)\",(story),\"(story editor)\"}'::text[]))", "Rows Removed by Filter": 3987641, "Actual Rows": 54155}], "Actual Rows": 54155}, {"Node Type": "Index Scan", "Parent Relationship": "Inner", "Scan Direction": "Forward", "Index Name": "name_pkey", "Relation Name": "name", "Alias": "n", "Startup Cost": 0.0, "Total Cost": 0.49, "Plan Rows": 1, "Plan Width": 4, "Actual Min Startup Time": 371.683, "Actual Max Startup Time": 371.683, "Actual Min Total Time": 371.683, "Actual Max Total Time": 371.683, "Index Cond": "(id = ci.person_id)", "Rows Removed by Index Recheck": 0, "Filter": "((gender)::text = 'm'::text)", "Rows Removed by Filter": 26082, "Actual Rows": 28073}], "Actual Rows": 28073}], "Actual Rows": 1}, "Triggers": [], "Planner Runtime": 89, "Total Runtime": 11560.154, "Unique SQL Id": 3913857139}}, "(16, 1)": {"explain_plan": {"Plan": {"Node Type": "Aggregate", "Strategy": "Plain", "Startup Cost": 168618.05, "Total Cost": 168618.06, "Plan Rows": 1, "Plan Width": 160, "Plans": [{"Node Type": "Nested Loop", "Parent Relationship": "Outer", "Join Type": "Inner", "Startup Cost": 4842.14, "Total Cost": 168607.45, "Plan Rows": 1413, "Plan Width": 64, "Inner Unique": true, "Plans": [{"Node Type": "Nested Loop", "Parent Relationship": "Outer", "Join Type": "Inner", "Startup Cost": 4842.14, "Total Cost": 168028.19, "Plan Rows": 1155, "Plan Width": 68, "Inner Unique": false, "Plans": [{"Node Type": "Nested Loop", "Parent Relationship": "Outer", "Join Type": "Inner", "Startup Cost": 4842.14, "Total Cost": 166966.55, "Plan Rows": 1044, "Plan Width": 76, "Inner Unique": true, "Join Filter": "(mi.movie_id = t.id)", "Plans": [{"Node Type": "Nested Loop", "Parent Relationship": "Outer", "Join Type": "Inner", "Startup Cost": 4842.14, "Total Cost": 166538.36, "Plan Rows": 1044, "Plan Width": 55, "Inner Unique": false, "Join Filter": "(mi_idx.info_type_id = it2.id)", "Plans": [{"Node Type": "Index Scan", "Parent Relationship": "Outer", "Scan Direction": "Forward", "Index Name": "info_type_pkey", "Relation Name": "info_type", "Alias": "it2", "Startup Cost": 0.0, "Total Cost": 14.21, "Plan Rows": 1, "Plan Width": 4, "Filter": "((info)::text = 'votes'::text)"}, {"Node Type": "Nested Loop", "Parent Relationship": "Inner", "Join Type": "Inner", "Startup Cost": 4842.14, "Total Cost": 166471.96, "Plan Rows": 4175, "Plan Width": 59, "Inner Unique": false, "Plans": [{"Node Type": "Nested Loop", "Parent Relationship": "Outer", "Join Type": "Inner", "Startup Cost": 4842.14, "Total Cost": 164983.91, "Plan Rows": 2717, "Plan Width": 46, "Inner Unique": false, "Plans": [{"Node Type": "Index Scan", "Parent Relationship": "Outer", "Scan Direction": "Forward", "Index Name": "info_type_pkey", "Relation Name": "info_type", "Alias": "it1", "Startup Cost": 0.0, "Total Cost": 14.21, "Plan Rows": 1, "Plan Width": 4, "Filter": "((info)::text = 'genres'::text)"}, {"Node Type": "Bitmap Heap Scan", "Parent Relationship": "Inner", "Relation Name": "movie_info", "Alias": "mi", "Startup Cost": 4842.14, "Total Cost": 164942.53, "Plan Rows": 2717, "Plan Width": 50, "Recheck Cond": "(info_type_id = it1.id)", "Filter": "((info)::text = ANY ('{Horror,Action,Sci-Fi,Thriller,Crime,War}'::text[]))", "Plans": [{"Node Type": "Bitmap Index Scan", "Parent Relationship": "Outer", "Index Name": "info_type_id_movie_info", "Startup Cost": 0.0, "Total Cost": 4841.46, "Plan Rows": 212428, "Plan Width": 0, "Index Cond": "(info_type_id = it1.id)"}]}]}, {"Node Type": "Index Scan", "Parent Relationship": "Inner", "Scan Direction": "Forward", "Index Name": "movie_id_movie_info_idx", "Relation Name": "movie_info_idx", "Alias": "mi_idx", "Startup Cost": 0.0, "Total Cost": 0.53, "Plan Rows": 2, "Plan Width": 13, "Index Cond": "(movie_id = mi.movie_id)"}]}]}, {"Node Type": "Index Scan", "Parent Relationship": "Inner", "Scan Direction": "Forward", "Index Name": "title_pkey", "Relation Name": "title", "Alias": "t", "Startup Cost": 0.0, "Total Cost": 0.4, "Plan Rows": 1, "Plan Width": 21, "Index Cond": "(id = mi_idx.movie_id)"}]}, {"Node Type": "Index Scan", "Parent Relationship": "Inner", "Scan Direction": "Forward", "Index Name": "movie_id_cast_info", "Relation Name": "cast_info", "Alias": "ci", "Startup Cost": 0.0, "Total Cost": 1.01, "Plan Rows": 1, "Plan Width": 8, "Index Cond": "(movie_id = t.id)", "Filter": "((note)::text = ANY ('{(writer),\"(head writer)\",\"(written by)\",(story),\"(story editor)\"}'::text[]))"}]}, {"Node Type": "Index Scan", "Parent Relationship": "Inner", "Scan Direction": "Forward", "Index Name": "name_pkey", "Relation Name": "name", "Alias": "n", "Startup Cost": 0.0, "Total Cost": 0.49, "Plan Rows": 1, "Plan Width": 4, "Index Cond": "(id = ci.person_id)", "Filter": "((gender)::text = 'm'::text)"}]}]}, "Unique SQL Id": 3913857139, "Planner Runtime": 33}, "explain_analyze_plan": {"Plan": {"Node Type": "Aggregate", "Strategy": "Plain", "Startup Cost": 168618.05, "Total Cost": 168618.06, "Plan Rows": 1, "Plan Width": 160, "Actual Startup Time": 11969.053, "Actual Total Time": 11969.053, "Actual Rows": 1, "Actual Loops": 1, "Plans": [{"Node Type": "Nested Loop", "Parent Relationship": "Outer", "Join Type": "Inner", "Startup Cost": 4842.14, "Total Cost": 168607.45, "Plan Rows": 1413, "Plan Width": 64, "Actual Startup Time": 183.605, "Actual Total Time": 11931.811, "Actual Rows": 28073, "Actual Loops": 1, "Inner Unique": true, "Plans": [{"Node Type": "Nested Loop", "Parent Relationship": "Outer", "Join Type": "Inner", "Startup Cost": 4842.14, "Total Cost": 168028.19, "Plan Rows": 1155, "Plan Width": 68, "Actual Startup Time": 181.327, "Actual Total Time": 11510.362, "Actual Rows": 54155, "Actual Loops": 1, "Inner Unique": false, "Plans": [{"Node Type": "Nested Loop", "Parent Relationship": "Outer", "Join Type": "Inner", "Startup Cost": 4842.14, "Total Cost": 166966.55, "Plan Rows": 1044, "Plan Width": 76, "Actual Startup Time": 178.719, "Actual Total Time": 2661.808, "Actual Rows": 102516, "Actual Loops": 1, "Inner Unique": true, "Join Filter": "(mi.movie_id = t.id)", "Rows Removed by Join Filter": 0, "Plans": [{"Node Type": "Nested Loop", "Parent Relationship": "Outer", "Join Type": "Inner", "Startup Cost": 4842.14, "Total Cost": 166538.36, "Plan Rows": 1044, "Plan Width": 55, "Actual Startup Time": 178.7, "Actual Total Time": 2109.568, "Actual Rows": 102516, "Actual Loops": 1, "Inner Unique": false, "Join Filter": "(mi_idx.info_type_id = it2.id)", "Rows Removed by Join Filter": 205269, "Plans": [{"Node Type": "Index Scan", "Parent Relationship": "Outer", "Scan Direction": "Forward", "Index Name": "info_type_pkey", "Relation Name": "info_type", "Alias": "it2", "Startup Cost": 0.0, "Total Cost": 14.21, "Plan Rows": 1, "Plan Width": 4, "Actual Startup Time": 0.068, "Actual Total Time": 0.077, "Actual Rows": 1, "Actual Loops": 1, "Filter": "((info)::text = 'votes'::text)", "Rows Removed by Filter": 111}, {"Node Type": "Nested Loop", "Parent Relationship": "Inner", "Join Type": "Inner", "Startup Cost": 4842.14, "Total Cost": 166471.96, "Plan Rows": 4175, "Plan Width": 59, "Actual Startup Time": 178.619, "Actual Total Time": 2023.448, "Actual Rows": 307785, "Actual Loops": 1, "Inner Unique": false, "Plans": [{"Node Type": "Nested Loop", "Parent Relationship": "Outer", "Join Type": "Inner", "Startup Cost": 4842.14, "Total Cost": 164983.91, "Plan Rows": 2717, "Plan Width": 46, "Actual Startup Time": 178.589, "Actual Total Time": 1168.902, "Actual Rows": 186594, "Actual Loops": 1, "Inner Unique": false, "Plans": [{"Node Type": "Index Scan", "Parent Relationship": "Outer", "Scan Direction": "Forward", "Index Name": "info_type_pkey", "Relation Name": "info_type", "Alias": "it1", "Startup Cost": 0.0, "Total Cost": 14.21, "Plan Rows": 1, "Plan Width": 4, "Actual Startup Time": 0.008, "Actual Total Time": 0.071, "Actual Rows": 1, "Actual Loops": 1, "Filter": "((info)::text = 'genres'::text)", "Rows Removed by Filter": 111}, {"Node Type": "Bitmap Heap Scan", "Parent Relationship": "Inner", "Relation Name": "movie_info", "Alias": "mi", "Startup Cost": 4842.14, "Total Cost": 164942.53, "Plan Rows": 2717, "Plan Width": 50, "Actual Startup Time": 178.575, "Actual Total Time": 1125.474, "Actual Rows": 186594, "Actual Loops": 1, "Recheck Cond": "(info_type_id = it1.id)", "Rows Removed by Index Recheck": 0, "Filter": "((info)::text = ANY ('{Horror,Action,Sci-Fi,Thriller,Crime,War}'::text[]))", "Rows Removed by Filter": 1347315, "Exact Heap Blocks": 7426, "Lossy Heap Blocks": 7426, "Plans": [{"Node Type": "Bitmap Index Scan", "Parent Relationship": "Outer", "Index Name": "info_type_id_movie_info", "Startup Cost": 0.0, "Total Cost": 4841.46, "Plan Rows": 212428, "Plan Width": 0, "Actual Startup Time": 177.197, "Actual Total Time": 177.197, "Actual Rows": 1533909, "Actual Loops": 1, "Index Cond": "(info_type_id = it1.id)"}]}]}, {"Node Type": "Index Scan", "Parent Relationship": "Inner", "Scan Direction": "Forward", "Index Name": "movie_id_movie_info_idx", "Relation Name": "movie_info_idx", "Alias": "mi_idx", "Startup Cost": 0.0, "Total Cost": 0.53, "Plan Rows": 2, "Plan Width": 13, "Actual Startup Time": 557.682, "Actual Total Time": 678.182, "Actual Rows": 307785, "Actual Loops": 186594, "Index Cond": "(movie_id = mi.movie_id)", "Rows Removed by Index Recheck": 0}]}]}, {"Node Type": "Index Scan", "Parent Relationship": "Inner", "Scan Direction": "Forward", "Index Name": "title_pkey", "Relation Name": "title", "Alias": "t", "Startup Cost": 0.0, "Total Cost": 0.4, "Plan Rows": 1, "Plan Width": 21, "Actual Startup Time": 444.947, "Actual Total Time": 444.947, "Actual Rows": 102516, "Actual Loops": 102516, "Index Cond": "(id = mi_idx.movie_id)", "Rows Removed by Index Recheck": 0}]}, {"Node Type": "Index Scan", "Parent Relationship": "Inner", "Scan Direction": "Forward", "Index Name": "movie_id_cast_info", "Relation Name": "cast_info", "Alias": "ci", "Startup Cost": 0.0, "Total Cost": 1.01, "Plan Rows": 1, "Plan Width": 8, "Actual Startup Time": 7477.985, "Actual Total Time": 8775.091, "Actual Rows": 54155, "Actual Loops": 102516, "Index Cond": "(movie_id = t.id)", "Rows Removed by Index Recheck": 0, "Filter": "((note)::text = ANY ('{(writer),\"(head writer)\",\"(written by)\",(story),\"(story editor)\"}'::text[]))", "Rows Removed by Filter": 3987641}]}, {"Node Type": "Index Scan", "Parent Relationship": "Inner", "Scan Direction": "Forward", "Index Name": "name_pkey", "Relation Name": "name", "Alias": "n", "Startup Cost": 0.0, "Total Cost": 0.49, "Plan Rows": 1, "Plan Width": 4, "Actual Startup Time": 373.743, "Actual Total Time": 373.743, "Actual Rows": 28073, "Actual Loops": 54155, "Index Cond": "(id = ci.person_id)", "Rows Removed by Index Recheck": 0, "Filter": "((gender)::text = 'm'::text)", "Rows Removed by Filter": 26082}]}]}, "Triggers": [], "Planner Runtime": 8, "Total Runtime": 11969.337, "Unique SQL Id": 3913857139}}, "(16, 2)": {"explain_plan": {"Plan": {"Node Type": "Aggregate", "Strategy": "Plain", "Startup Cost": 71778.9, "Total Cost": 71778.91, "Plan Rows": 1, "Plan Width": 160, "Plans": [{"Node Type": "Nested Loop", "Parent Relationship": "Outer", "Join Type": "Inner", "Startup Cost": 3.89, "Total Cost": 71768.3, "Plan Rows": 1413, "Plan Width": 64, "Inner Unique": true, "Plans": [{"Node Type": "Nested Loop", "Parent Relationship": "Outer", "Join Type": "Inner", "Startup Cost": 3.58, "Total Cost": 66762.88, "Plan Rows": 1155, "Plan Width": 68, "Inner Unique": false, "Plans": [{"Node Type": "Nested Loop", "Parent Relationship": "Outer", "Join Type": "Inner", "Startup Cost": 3.06, "Total Cost": 61920.21, "Plan Rows": 1044, "Plan Width": 76, "Inner Unique": true, "Join Filter": "(mi.movie_id = t.id)", "Plans": [{"Node Type": "Nested Loop", "Parent Relationship": "Outer", "Join Type": "Inner", "Startup Cost": 2.78, "Total Cost": 57421.02, "Plan Rows": 1044, "Plan Width": 55, "Inner Unique": false, "Join Filter": "(mi_idx.info_type_id = it2.id)", "Plans": [{"Node Type": "Seq Scan", "Parent Relationship": "Outer", "Relation Name": "info_type", "Alias": "it2", "Startup Cost": 0.0, "Total Cost": 2.4, "Plan Rows": 1, "Plan Width": 4, "Filter": "((info)::text = 'votes'::text)"}, {"Node Type": "Materialize", "Parent Relationship": "Inner", "Startup Cost": 2.78, "Total Cost": 57376.87, "Plan Rows": 4175, "Plan Width": 59, "Plans": [{"Node Type": "Nested Loop", "Parent Relationship": "Outer", "Join Type": "Inner", "Startup Cost": 2.78, "Total Cost": 57366.43, "Plan Rows": 4175, "Plan Width": 59, "Inner Unique": false, "Plans": [{"Node Type": "Hash Join", "Parent Relationship": "Outer", "Join Type": "Inner", "Startup Cost": 2.41, "Total Cost": 45379.0, "Plan Rows": 2717, "Plan Width": 46, "Inner Unique": true, "Hash Cond": "(mi.info_type_id = it1.id)", "Plans": [{"Node Type": "Streaming(type: LOCAL GATHER dop: 1/16)", "Parent Relationship": "Outer", "Startup Cost": 0.0, "Total Cost": 44636.28, "Plan Rows": 190170, "Plan Width": 50, "Plans": [{"Node Type": "Seq Scan", "Parent Relationship": "Outer", "Relation Name": "movie_info", "Alias": "mi", "Startup Cost": 0.0, "Total Cost": 40532.03, "Plan Rows": 190170, "Plan Width": 50, "Filter": "((info)::text = ANY ('{Horror,Action,Sci-Fi,Thriller,Crime,War}'::text[]))"}]}, {"Node Type": "Hash", "Parent Relationship": "Inner", "Startup Cost": 2.4, "Total Cost": 2.4, "Plan Rows": 1, "Plan Width": 4, "Plans": [{"Node Type": "Seq Scan", "Parent Relationship": "Outer", "Relation Name": "info_type", "Alias": "it1", "Startup Cost": 0.0, "Total Cost": 2.4, "Plan Rows": 1, "Plan Width": 4, "Filter": "((info)::text = 'genres'::text)"}]}]}, {"Node Type": "Bitmap Heap Scan", "Parent Relationship": "Inner", "Relation Name": "movie_info_idx", "Alias": "mi_idx", "Startup Cost": 0.37, "Total Cost": 4.39, "Plan Rows": 2, "Plan Width": 13, "Recheck Cond": "(movie_id = mi.movie_id)", "Plans": [{"Node Type": "Bitmap Index Scan", "Parent Relationship": "Outer", "Index Name": "movie_id_movie_info_idx", "Startup Cost": 0.0, "Total Cost": 0.37, "Plan Rows": 2, "Plan Width": 0, "Index Cond": "(movie_id = mi.movie_id)"}]}]}]}]}, {"Node Type": "Bitmap Heap Scan", "Parent Relationship": "Inner", "Relation Name": "title", "Alias": "t", "Startup Cost": 0.28, "Total Cost": 4.3, "Plan Rows": 1, "Plan Width": 21, "Recheck Cond": "(id = mi_idx.movie_id)", "Plans": [{"Node Type": "Bitmap Index Scan", "Parent Relationship": "Outer", "Index Name": "title_pkey", "Startup Cost": 0.0, "Total Cost": 0.28, "Plan Rows": 1, "Plan Width": 0, "Index Cond": "(id = mi_idx.movie_id)"}]}]}, {"Node Type": "Bitmap Heap Scan", "Parent Relationship": "Inner", "Relation Name": "cast_info", "Alias": "ci", "Startup Cost": 0.52, "Total Cost": 4.63, "Plan Rows": 1, "Plan Width": 8, "Recheck Cond": "(movie_id = t.id)", "Filter": "((note)::text = ANY ('{(writer),\"(head writer)\",\"(written by)\",(story),\"(story editor)\"}'::text[]))", "Plans": [{"Node Type": "Bitmap Index Scan", "Parent Relationship": "Outer", "Index Name": "movie_id_cast_info", "Startup Cost": 0.0, "Total Cost": 0.52, "Plan Rows": 6, "Plan Width": 0, "Index Cond": "(movie_id = t.id)"}]}]}, {"Node Type": "Bitmap Heap Scan", "Parent Relationship": "Inner", "Relation Name": "name", "Alias": "n", "Startup Cost": 0.31, "Total Cost": 4.32, "Plan Rows": 1, "Plan Width": 4, "Recheck Cond": "(id = ci.person_id)", "Filter": "((gender)::text = 'm'::text)", "Plans": [{"Node Type": "Bitmap Index Scan", "Parent Relationship": "Outer", "Index Name": "name_pkey", "Startup Cost": 0.0, "Total Cost": 0.31, "Plan Rows": 1, "Plan Width": 0, "Index Cond": "(id = ci.person_id)"}]}]}]}, "Unique SQL Id": 3913857139, "Planner Runtime": 104}, "explain_analyze_plan": {"Plan": {"Node Type": "Aggregate", "Strategy": "Plain", "Startup Cost": 71778.9, "Total Cost": 71778.91, "Plan Rows": 1, "Plan Width": 160, "Actual Min Startup Time": 14182.094, "Actual Max Startup Time": 14182.094, "Actual Min Total Time": 14182.095, "Actual Max Total Time": 14182.095, "Plans": [{"Node Type": "Nested Loop", "Parent Relationship": "Outer", "Join Type": "Inner", "Startup Cost": 3.89, "Total Cost": 71768.3, "Plan Rows": 1413, "Plan Width": 64, "Actual Min Startup Time": 1686.984, "Actual Max Startup Time": 1686.984, "Actual Min Total Time": 14139.191, "Actual Max Total Time": 14139.191, "Inner Unique": true, "Plans": [{"Node Type": "Nested Loop", "Parent Relationship": "Outer", "Join Type": "Inner", "Startup Cost": 3.58, "Total Cost": 66762.88, "Plan Rows": 1155, "Plan Width": 68, "Actual Min Startup Time": 1686.899, "Actual Max Startup Time": 1686.899, "Actual Min Total Time": 13606.187, "Actual Max Total Time": 13606.187, "Inner Unique": false, "Plans": [{"Node Type": "Nested Loop", "Parent Relationship": "Outer", "Join Type": "Inner", "Startup Cost": 3.06, "Total Cost": 61920.21, "Plan Rows": 1044, "Plan Width": 76, "Actual Min Startup Time": 1686.851, "Actual Max Startup Time": 1686.851, "Actual Min Total Time": 2657.207, "Actual Max Total Time": 2657.207, "Inner Unique": true, "Join Filter": "(mi.movie_id = t.id)", "Rows Removed by Join Filter": 0, "Plans": [{"Node Type": "Nested Loop", "Parent Relationship": "Outer", "Join Type": "Inner", "Startup Cost": 2.78, "Total Cost": 57421.02, "Plan Rows": 1044, "Plan Width": 55, "Actual Min Startup Time": 1686.825, "Actual Max Startup Time": 1686.825, "Actual Min Total Time": 1846.095, "Actual Max Total Time": 1846.095, "Inner Unique": false, "Join Filter": "(mi_idx.info_type_id = it2.id)", "Rows Removed by Join Filter": 205269, "Plans": [{"Node Type": "Seq Scan", "Parent Relationship": "Outer", "Relation Name": "info_type", "Alias": "it2", "Startup Cost": 0.0, "Total Cost": 2.4, "Plan Rows": 1, "Plan Width": 4, "Actual Min Startup Time": 0.063, "Actual Max Startup Time": 0.063, "Actual Min Total Time": 0.076, "Actual Max Total Time": 0.076, "Filter": "((info)::text = 'votes'::text)", "Rows Removed by Filter": 111, "Actual Rows": 1}, {"Node Type": "Materialize", "Parent Relationship": "Inner", "Startup Cost": 2.78, "Total Cost": 57376.87, "Plan Rows": 4175, "Plan Width": 59, "Actual Min Startup Time": 1686.749, "Actual Max Startup Time": 1686.749, "Actual Min Total Time": 1728.968, "Actual Max Total Time": 1728.968, "Plans": [{"Node Type": "Nested Loop", "Parent Relationship": "Outer", "Join Type": "Inner", "Startup Cost": 2.78, "Total Cost": 57366.43, "Plan Rows": 4175, "Plan Width": 59, "Actual Min Startup Time": 418.435, "Actual Max Startup Time": 418.435, "Actual Min Total Time": 1598.436, "Actual Max Total Time": 1598.436, "Inner Unique": false, "Plans": [{"Node Type": "Hash Join", "Parent Relationship": "Outer", "Join Type": "Inner", "Startup Cost": 2.41, "Total Cost": 45379.0, "Plan Rows": 2717, "Plan Width": 46, "Actual Min Startup Time": 418.371, "Actual Max Startup Time": 418.371, "Actual Min Total Time": 576.022, "Actual Max Total Time": 576.022, "Inner Unique": true, "Hash Cond": "(mi.info_type_id = it1.id)", "Plans": [{"Node Type": "Streaming(type: LOCAL GATHER dop: 1/16)", "Parent Relationship": "Outer", "Startup Cost": 0.0, "Total Cost": 44636.28, "Plan Rows": 190170, "Plan Width": 50, "Actual Min Startup Time": 297.405, "Actual Max Startup Time": 297.405, "Actual Min Total Time": 473.955, "Actual Max Total Time": 473.955, "Plans": [{"Node Type": "Seq Scan", "Parent Relationship": "Outer", "Relation Name": "movie_info", "Alias": "mi", "Startup Cost": 0.0, "Total Cost": 40532.03, "Plan Rows": 190170, "Plan Width": 50, "Actual Min Startup Time": 226.025, "Actual Max Startup Time": 409.933, "Actual Min Total Time": 456.309, "Actual Max Total Time": 471.705, "Filter": "((info)::text = ANY ('{Horror,Action,Sci-Fi,Thriller,Crime,War}'::text[]))", "Rows Removed by Filter": 14646748, "Actual Rows": 188971}], "Actual Rows": 188971}, {"Node Type": "Hash", "Parent Relationship": "Inner", "Startup Cost": 2.4, "Total Cost": 2.4, "Plan Rows": 1, "Plan Width": 4, "Actual Min Startup Time": 0.078, "Actual Max Startup Time": 0.078, "Actual Min Total Time": 0.078, "Actual Max Total Time": 0.078, "Max Hash Buckets": 32768, "Min Hash Buckets": 32768, "Max Hash Batches": 1, "Min Hash Batches": 1, "Max Original Hash Batches": 1, "Min Original Hash Batches": 1, "Max Peak Memory Usage": 1, "min Peak Memory Usage": 1, "Plans": [{"Node Type": "Seq Scan", "Parent Relationship": "Outer", "Relation Name": "info_type", "Alias": "it1", "Startup Cost": 0.0, "Total Cost": 2.4, "Plan Rows": 1, "Plan Width": 4, "Actual Min Startup Time": 0.044, "Actual Max Startup Time": 0.044, "Actual Min Total Time": 0.068, "Actual Max Total Time": 0.068, "Filter": "((info)::text = 'genres'::text)", "Rows Removed by Filter": 111, "Actual Rows": 1}], "Actual Rows": 1}], "Actual Rows": 186594}, {"Node Type": "Bitmap Heap Scan", "Parent Relationship": "Inner", "Relation Name": "movie_info_idx", "Alias": "mi_idx", "Startup Cost": 0.37, "Total Cost": 4.39, "Plan Rows": 2, "Plan Width": 13, "Actual Min Startup Time": 703.801, "Actual Max Startup Time": 703.801, "Actual Min Total Time": 746.516, "Actual Max Total Time": 746.516, "Recheck Cond": "(movie_id = mi.movie_id)", "Rows Removed by Index Recheck": 0, "Exact Heap Blocks": 103610, "Lossy Heap Blocks": 103610, "Plans": [{"Node Type": "Bitmap Index Scan", "Parent Relationship": "Outer", "Index Name": "movie_id_movie_info_idx", "Startup Cost": 0.0, "Total Cost": 0.37, "Plan Rows": 2, "Plan Width": 0, "Actual Min Startup Time": 472.651, "Actual Max Startup Time": 472.651, "Actual Min Total Time": 472.651, "Actual Max Total Time": 472.651, "Index Cond": "(movie_id = mi.movie_id)", "Actual Rows": 307785}], "Actual Rows": 307785}], "Actual Rows": 307785}], "Actual Rows": 307786}], "Actual Rows": 102516}, {"Node Type": "Bitmap Heap Scan", "Parent Relationship": "Inner", "Relation Name": "title", "Alias": "t", "Startup Cost": 0.28, "Total Cost": 4.3, "Plan Rows": 1, "Plan Width": 21, "Actual Min Startup Time": 609.583, "Actual Max Startup Time": 609.583, "Actual Min Total Time": 609.583, "Actual Max Total Time": 609.583, "Recheck Cond": "(id = mi_idx.movie_id)", "Rows Removed by Index Recheck": 0, "Exact Heap Blocks": 102516, "Lossy Heap Blocks": 102516, "Plans": [{"Node Type": "Bitmap Index Scan", "Parent Relationship": "Outer", "Index Name": "title_pkey", "Startup Cost": 0.0, "Total Cost": 0.28, "Plan Rows": 1, "Plan Width": 0, "Actual Min Startup Time": 330.837, "Actual Max Startup Time": 330.837, "Actual Min Total Time": 330.837, "Actual Max Total Time": 330.837, "Index Cond": "(id = mi_idx.movie_id)", "Actual Rows": 102516}], "Actual Rows": 102516}], "Actual Rows": 102516}, {"Node Type": "Bitmap Heap Scan", "Parent Relationship": "Inner", "Relation Name": "cast_info", "Alias": "ci", "Startup Cost": 0.52, "Total Cost": 4.63, "Plan Rows": 1, "Plan Width": 8, "Actual Min Startup Time": 9326.124, "Actual Max Startup Time": 9326.124, "Actual Min Total Time": 10783.522, "Actual Max Total Time": 10783.522, "Recheck Cond": "(movie_id = t.id)", "Rows Removed by Index Recheck": 0, "Filter": "((note)::text = ANY ('{(writer),\"(head writer)\",\"(written by)\",(story),\"(story editor)\"}'::text[]))", "Rows Removed by Filter": 3987641, "Exact Heap Blocks": 3901088, "Lossy Heap Blocks": 3901088, "Plans": [{"Node Type": "Bitmap Index Scan", "Parent Relationship": "Outer", "Index Name": "movie_id_cast_info", "Startup Cost": 0.0, "Total Cost": 0.52, "Plan Rows": 6, "Plan Width": 0, "Actual Min Startup Time": 1108.471, "Actual Max Startup Time": 1108.471, "Actual Min Total Time": 1108.471, "Actual Max Total Time": 1108.471, "Index Cond": "(movie_id = t.id)", "Actual Rows": 4041796}], "Actual Rows": 54155}], "Actual Rows": 54155}, {"Node Type": "Bitmap Heap Scan", "Parent Relationship": "Inner", "Relation Name": "name", "Alias": "n", "Startup Cost": 0.31, "Total Cost": 4.32, "Plan Rows": 1, "Plan Width": 4, "Actual Min Startup Time": 447.588, "Actual Max Startup Time": 447.588, "Actual Min Total Time": 447.588, "Actual Max Total Time": 447.588, "Recheck Cond": "(id = ci.person_id)", "Rows Removed by Index Recheck": 0, "Filter": "((gender)::text = 'm'::text)", "Rows Removed by Filter": 26082, "Exact Heap Blocks": 54155, "Lossy Heap Blocks": 54155, "Plans": [{"Node Type": "Bitmap Index Scan", "Parent Relationship": "Outer", "Index Name": "name_pkey", "Startup Cost": 0.0, "Total Cost": 0.31, "Plan Rows": 1, "Plan Width": 0, "Actual Min Startup Time": 287.774, "Actual Max Startup Time": 287.774, "Actual Min Total Time": 287.774, "Actual Max Total Time": 287.774, "Index Cond": "(id = ci.person_id)", "Actual Rows": 54155}], "Actual Rows": 28073}], "Actual Rows": 28073}], "Actual Rows": 1}, "Triggers": [], "Planner Runtime": 96, "Total Runtime": 14185.296, "Unique SQL Id": 3913857139}}, "(16, 3)": {"explain_plan": {"Plan": {"Node Type": "Aggregate", "Strategy": "Plain", "Startup Cost": 191395.62, "Total Cost": 191395.63, "Plan Rows": 1, "Plan Width": 160, "Plans": [{"Node Type": "Nested Loop", "Parent Relationship": "Outer", "Join Type": "Inner", "Startup Cost": 4861.24, "Total Cost": 191385.02, "Plan Rows": 1413, "Plan Width": 64, "Inner Unique": true, "Plans": [{"Node Type": "Nested Loop", "Parent Relationship": "Outer", "Join Type": "Inner", "Startup Cost": 4860.93, "Total Cost": 186379.6, "Plan Rows": 1155, "Plan Width": 68, "Inner Unique": false, "Plans": [{"Node Type": "Nested Loop", "Parent Relationship": "Outer", "Join Type": "Inner", "Startup Cost": 4860.41, "Total Cost": 181536.93, "Plan Rows": 1044, "Plan Width": 76, "Inner Unique": true, "Join Filter": "(mi.movie_id = t.id)", "Plans": [{"Node Type": "Nested Loop", "Parent Relationship": "Outer", "Join Type": "Inner", "Startup Cost": 4860.13, "Total Cost": 177037.74, "Plan Rows": 1044, "Plan Width": 55, "Inner Unique": false, "Join Filter": "(mi_idx.info_type_id = it2.id)", "Plans": [{"Node Type": "Bitmap Heap Scan", "Parent Relationship": "Outer", "Relation Name": "info_type", "Alias": "it2", "Startup Cost": 8.81, "Total Cost": 14.21, "Plan Rows": 1, "Plan Width": 4, "Filter": "((info)::text = 'votes'::text)", "Plans": [{"Node Type": "Bitmap Index Scan", "Parent Relationship": "Outer", "Index Name": "info_type_pkey", "Startup Cost": 0.0, "Total Cost": 8.81, "Plan Rows": 112, "Plan Width": 0}]}, {"Node Type": "Nested Loop", "Parent Relationship": "Inner", "Join Type": "Inner", "Startup Cost": 4851.32, "Total Cost": 176971.34, "Plan Rows": 4175, "Plan Width": 59, "Inner Unique": false, "Plans": [{"Node Type": "Nested Loop", "Parent Relationship": "Outer", "Join Type": "Inner", "Startup Cost": 4850.95, "Total Cost": 164983.91, "Plan Rows": 2717, "Plan Width": 46, "Inner Unique": false, "Plans": [{"Node Type": "Bitmap Heap Scan", "Parent Relationship": "Outer", "Relation Name": "info_type", "Alias": "it1", "Startup Cost": 8.81, "Total Cost": 14.21, "Plan Rows": 1, "Plan Width": 4, "Filter": "((info)::text = 'genres'::text)", "Plans": [{"Node Type": "Bitmap Index Scan", "Parent Relationship": "Outer", "Index Name": "info_type_pkey", "Startup Cost": 0.0, "Total Cost": 8.81, "Plan Rows": 112, "Plan Width": 0}]}, {"Node Type": "Bitmap Heap Scan", "Parent Relationship": "Inner", "Relation Name": "movie_info", "Alias": "mi", "Startup Cost": 4842.14, "Total Cost": 164942.53, "Plan Rows": 2717, "Plan Width": 50, "Recheck Cond": "(info_type_id = it1.id)", "Filter": "((info)::text = ANY ('{Horror,Action,Sci-Fi,Thriller,Crime,War}'::text[]))", "Plans": [{"Node Type": "Bitmap Index Scan", "Parent Relationship": "Outer", "Index Name": "info_type_id_movie_info", "Startup Cost": 0.0, "Total Cost": 4841.46, "Plan Rows": 212428, "Plan Width": 0, "Index Cond": "(info_type_id = it1.id)"}]}]}, {"Node Type": "Bitmap Heap Scan", "Parent Relationship": "Inner", "Relation Name": "movie_info_idx", "Alias": "mi_idx", "Startup Cost": 0.37, "Total Cost": 4.39, "Plan Rows": 2, "Plan Width": 13, "Recheck Cond": "(movie_id = mi.movie_id)", "Plans": [{"Node Type": "Bitmap Index Scan", "Parent Relationship": "Outer", "Index Name": "movie_id_movie_info_idx", "Startup Cost": 0.0, "Total Cost": 0.37, "Plan Rows": 2, "Plan Width": 0, "Index Cond": "(movie_id = mi.movie_id)"}]}]}]}, {"Node Type": "Bitmap Heap Scan", "Parent Relationship": "Inner", "Relation Name": "title", "Alias": "t", "Startup Cost": 0.28, "Total Cost": 4.3, "Plan Rows": 1, "Plan Width": 21, "Recheck Cond": "(id = mi_idx.movie_id)", "Plans": [{"Node Type": "Bitmap Index Scan", "Parent Relationship": "Outer", "Index Name": "title_pkey", "Startup Cost": 0.0, "Total Cost": 0.28, "Plan Rows": 1, "Plan Width": 0, "Index Cond": "(id = mi_idx.movie_id)"}]}]}, {"Node Type": "Bitmap Heap Scan", "Parent Relationship": "Inner", "Relation Name": "cast_info", "Alias": "ci", "Startup Cost": 0.52, "Total Cost": 4.63, "Plan Rows": 1, "Plan Width": 8, "Recheck Cond": "(movie_id = t.id)", "Filter": "((note)::text = ANY ('{(writer),\"(head writer)\",\"(written by)\",(story),\"(story editor)\"}'::text[]))", "Plans": [{"Node Type": "Bitmap Index Scan", "Parent Relationship": "Outer", "Index Name": "movie_id_cast_info", "Startup Cost": 0.0, "Total Cost": 0.52, "Plan Rows": 6, "Plan Width": 0, "Index Cond": "(movie_id = t.id)"}]}]}, {"Node Type": "Bitmap Heap Scan", "Parent Relationship": "Inner", "Relation Name": "name", "Alias": "n", "Startup Cost": 0.31, "Total Cost": 4.32, "Plan Rows": 1, "Plan Width": 4, "Recheck Cond": "(id = ci.person_id)", "Filter": "((gender)::text = 'm'::text)", "Plans": [{"Node Type": "Bitmap Index Scan", "Parent Relationship": "Outer", "Index Name": "name_pkey", "Startup Cost": 0.0, "Total Cost": 0.31, "Plan Rows": 1, "Plan Width": 0, "Index Cond": "(id = ci.person_id)"}]}]}]}, "Unique SQL Id": 3913857139, "Planner Runtime": 32}, "explain_analyze_plan": {"Plan": {"Node Type": "Aggregate", "Strategy": "Plain", "Startup Cost": 191395.62, "Total Cost": 191395.63, "Plan Rows": 1, "Plan Width": 160, "Actual Startup Time": 14138.197, "Actual Total Time": 14138.197, "Actual Rows": 1, "Actual Loops": 1, "Plans": [{"Node Type": "Nested Loop", "Parent Relationship": "Outer", "Join Type": "Inner", "Startup Cost": 4861.24, "Total Cost": 191385.02, "Plan Rows": 1413, "Plan Width": 64, "Actual Startup Time": 187.003, "Actual Total Time": 14094.486, "Actual Rows": 28073, "Actual Loops": 1, "Inner Unique": true, "Plans": [{"Node Type": "Nested Loop", "Parent Relationship": "Outer", "Join Type": "Inner", "Startup Cost": 4860.93, "Total Cost": 186379.6, "Plan Rows": 1155, "Plan Width": 68, "Actual Startup Time": 184.391, "Actual Total Time": 13585.354, "Actual Rows": 54155, "Actual Loops": 1, "Inner Unique": false, "Plans": [{"Node Type": "Nested Loop", "Parent Relationship": "Outer", "Join Type": "Inner", "Startup Cost": 4860.41, "Total Cost": 181536.93, "Plan Rows": 1044, "Plan Width": 76, "Actual Startup Time": 181.346, "Actual Total Time": 3101.831, "Actual Rows": 102516, "Actual Loops": 1, "Inner Unique": true, "Join Filter": "(mi.movie_id = t.id)", "Rows Removed by Join Filter": 0, "Plans": [{"Node Type": "Nested Loop", "Parent Relationship": "Outer", "Join Type": "Inner", "Startup Cost": 4860.13, "Total Cost": 177037.74, "Plan Rows": 1044, "Plan Width": 55, "Actual Startup Time": 181.323, "Actual Total Time": 2380.152, "Actual Rows": 102516, "Actual Loops": 1, "Inner Unique": false, "Join Filter": "(mi_idx.info_type_id = it2.id)", "Rows Removed by Join Filter": 205269, "Plans": [{"Node Type": "Bitmap Heap Scan", "Parent Relationship": "Outer", "Relation Name": "info_type", "Alias": "it2", "Startup Cost": 8.81, "Total Cost": 14.21, "Plan Rows": 1, "Plan Width": 4, "Actual Startup Time": 0.075, "Actual Total Time": 0.079, "Actual Rows": 1, "Actual Loops": 1, "Filter": "((info)::text = 'votes'::text)", "Rows Removed by Filter": 111, "Exact Heap Blocks": 1, "Lossy Heap Blocks": 1, "Plans": [{"Node Type": "Bitmap Index Scan", "Parent Relationship": "Outer", "Index Name": "info_type_pkey", "Startup Cost": 0.0, "Total Cost": 8.81, "Plan Rows": 112, "Plan Width": 0, "Actual Startup Time": 0.014, "Actual Total Time": 0.014, "Actual Rows": 112, "Actual Loops": 1}]}, {"Node Type": "Nested Loop", "Parent Relationship": "Inner", "Join Type": "Inner", "Startup Cost": 4851.32, "Total Cost": 176971.34, "Plan Rows": 4175, "Plan Width": 59, "Actual Startup Time": 181.235, "Actual Total Time": 2285.67, "Actual Rows": 307785, "Actual Loops": 1, "Inner Unique": false, "Plans": [{"Node Type": "Nested Loop", "Parent Relationship": "Outer", "Join Type": "Inner", "Startup Cost": 4850.95, "Total Cost": 164983.91, "Plan Rows": 2717, "Plan Width": 46, "Actual Startup Time": 181.195, "Actual Total Time": 1161.625, "Actual Rows": 186594, "Actual Loops": 1, "Inner Unique": false, "Plans": [{"Node Type": "Bitmap Heap Scan", "Parent Relationship": "Outer", "Relation Name": "info_type", "Alias": "it1", "Startup Cost": 8.81, "Total Cost": 14.21, "Plan Rows": 1, "Plan Width": 4, "Actual Startup Time": 0.029, "Actual Total Time": 0.058, "Actual Rows": 1, "Actual Loops": 1, "Filter": "((info)::text = 'genres'::text)", "Rows Removed by Filter": 111, "Exact Heap Blocks": 1, "Lossy Heap Blocks": 1, "Plans": [{"Node Type": "Bitmap Index Scan", "Parent Relationship": "Outer", "Index Name": "info_type_pkey", "Startup Cost": 0.0, "Total Cost": 8.81, "Plan Rows": 112, "Plan Width": 0, "Actual Startup Time": 0.008, "Actual Total Time": 0.008, "Actual Rows": 112, "Actual Loops": 1}]}, {"Node Type": "Bitmap Heap Scan", "Parent Relationship": "Inner", "Relation Name": "movie_info", "Alias": "mi", "Startup Cost": 4842.14, "Total Cost": 164942.53, "Plan Rows": 2717, "Plan Width": 50, "Actual Startup Time": 181.162, "Actual Total Time": 1119.515, "Actual Rows": 186594, "Actual Loops": 1, "Recheck Cond": "(info_type_id = it1.id)", "Rows Removed by Index Recheck": 0, "Filter": "((info)::text = ANY ('{Horror,Action,Sci-Fi,Thriller,Crime,War}'::text[]))", "Rows Removed by Filter": 1347315, "Exact Heap Blocks": 7426, "Lossy Heap Blocks": 7426, "Plans": [{"Node Type": "Bitmap Index Scan", "Parent Relationship": "Outer", "Index Name": "info_type_id_movie_info", "Startup Cost": 0.0, "Total Cost": 4841.46, "Plan Rows": 212428, "Plan Width": 0, "Actual Startup Time": 179.772, "Actual Total Time": 179.772, "Actual Rows": 1533909, "Actual Loops": 1, "Index Cond": "(info_type_id = it1.id)"}]}]}, {"Node Type": "Bitmap Heap Scan", "Parent Relationship": "Inner", "Relation Name": "movie_info_idx", "Alias": "mi_idx", "Startup Cost": 0.37, "Total Cost": 4.39, "Plan Rows": 2, "Plan Width": 13, "Actual Startup Time": 770.753, "Actual Total Time": 815.789, "Actual Rows": 307785, "Actual Loops": 186594, "Recheck Cond": "(movie_id = mi.movie_id)", "Rows Removed by Index Recheck": 0, "Exact Heap Blocks": 103610, "Lossy Heap Blocks": 103610, "Plans": [{"Node Type": "Bitmap Index Scan", "Parent Relationship": "Outer", "Index Name": "movie_id_movie_info_idx", "Startup Cost": 0.0, "Total Cost": 0.37, "Plan Rows": 2, "Plan Width": 0, "Actual Startup Time": 523.523, "Actual Total Time": 523.523, "Actual Rows": 307785, "Actual Loops": 186594, "Index Cond": "(movie_id = mi.movie_id)"}]}]}]}, {"Node Type": "Bitmap Heap Scan", "Parent Relationship": "Inner", "Relation Name": "title", "Alias": "t", "Startup Cost": 0.28, "Total Cost": 4.3, "Plan Rows": 1, "Plan Width": 21, "Actual Startup Time": 551.607, "Actual Total Time": 551.607, "Actual Rows": 102516, "Actual Loops": 102516, "Recheck Cond": "(id = mi_idx.movie_id)", "Rows Removed by Index Recheck": 0, "Exact Heap Blocks": 102516, "Lossy Heap Blocks": 102516, "Plans": [{"Node Type": "Bitmap Index Scan", "Parent Relationship": "Outer", "Index Name": "title_pkey", "Startup Cost": 0.0, "Total Cost": 0.28, "Plan Rows": 1, "Plan Width": 0, "Actual Startup Time": 308.447, "Actual Total Time": 308.447, "Actual Rows": 102516, "Actual Loops": 102516, "Index Cond": "(id = mi_idx.movie_id)"}]}]}, {"Node Type": "Bitmap Heap Scan", "Parent Relationship": "Inner", "Relation Name": "cast_info", "Alias": "ci", "Startup Cost": 0.52, "Total Cost": 4.63, "Plan Rows": 1, "Plan Width": 8, "Actual Startup Time": 8932.38, "Actual Total Time": 10325.233, "Actual Rows": 54155, "Actual Loops": 102516, "Recheck Cond": "(movie_id = t.id)", "Rows Removed by Index Recheck": 0, "Filter": "((note)::text = ANY ('{(writer),\"(head writer)\",\"(written by)\",(story),\"(story editor)\"}'::text[]))", "Rows Removed by Filter": 3987641, "Exact Heap Blocks": 3901088, "Lossy Heap Blocks": 3901088, "Plans": [{"Node Type": "Bitmap Index Scan", "Parent Relationship": "Outer", "Index Name": "movie_id_cast_info", "Startup Cost": 0.0, "Total Cost": 0.52, "Plan Rows": 6, "Plan Width": 0, "Actual Startup Time": 1094.418, "Actual Total Time": 1094.418, "Actual Rows": 4041796, "Actual Loops": 102516, "Index Cond": "(movie_id = t.id)"}]}]}, {"Node Type": "Bitmap Heap Scan", "Parent Relationship": "Inner", "Relation Name": "name", "Alias": "n", "Startup Cost": 0.31, "Total Cost": 4.32, "Plan Rows": 1, "Plan Width": 4, "Actual Startup Time": 425.148, "Actual Total Time": 425.148, "Actual Rows": 28073, "Actual Loops": 54155, "Recheck Cond": "(id = ci.person_id)", "Rows Removed by Index Recheck": 0, "Filter": "((gender)::text = 'm'::text)", "Rows Removed by Filter": 26082, "Exact Heap Blocks": 54155, "Lossy Heap Blocks": 54155, "Plans": [{"Node Type": "Bitmap Index Scan", "Parent Relationship": "Outer", "Index Name": "name_pkey", "Startup Cost": 0.0, "Total Cost": 0.31, "Plan Rows": 1, "Plan Width": 0, "Actual Startup Time": 273.193, "Actual Total Time": 273.193, "Actual Rows": 54155, "Actual Loops": 54155, "Index Cond": "(id = ci.person_id)"}]}]}]}, "Triggers": [], "Planner Runtime": 7, "Total Runtime": 14138.488, "Unique SQL Id": 3913857139}}, "(16, 4)": {"explain_plan": {"Plan": {"Node Type": "Aggregate", "Strategy": "Plain", "Startup Cost": 49001.33, "Total Cost": 49001.34, "Plan Rows": 1, "Plan Width": 160, "Plans": [{"Node Type": "Nested Loop", "Parent Relationship": "Outer", "Join Type": "Inner", "Startup Cost": 2.41, "Total Cost": 48990.73, "Plan Rows": 1413, "Plan Width": 64, "Inner Unique": true, "Plans": [{"Node Type": "Nested Loop", "Parent Relationship": "Outer", "Join Type": "Inner", "Startup Cost": 2.41, "Total Cost": 48411.46, "Plan Rows": 1155, "Plan Width": 68, "Inner Unique": false, "Plans": [{"Node Type": "Nested Loop", "Parent Relationship": "Outer", "Join Type": "Inner", "Startup Cost": 2.41, "Total Cost": 47349.83, "Plan Rows": 1044, "Plan Width": 76, "Inner Unique": true, "Join Filter": "(mi.movie_id = t.id)", "Plans": [{"Node Type": "Nested Loop", "Parent Relationship": "Outer", "Join Type": "Inner", "Startup Cost": 2.41, "Total Cost": 46921.64, "Plan Rows": 1044, "Plan Width": 55, "Inner Unique": false, "Join Filter": "(mi_idx.info_type_id = it2.id)", "Plans": [{"Node Type": "Seq Scan", "Parent Relationship": "Outer", "Relation Name": "info_type", "Alias": "it2", "Startup Cost": 0.0, "Total Cost": 2.4, "Plan Rows": 1, "Plan Width": 4, "Filter": "((info)::text = 'votes'::text)"}, {"Node Type": "Materialize", "Parent Relationship": "Inner", "Startup Cost": 2.41, "Total Cost": 46877.49, "Plan Rows": 4175, "Plan Width": 59, "Plans": [{"Node Type": "Nested Loop", "Parent Relationship": "Outer", "Join Type": "Inner", "Startup Cost": 2.41, "Total Cost": 46867.05, "Plan Rows": 4175, "Plan Width": 59, "Inner Unique": false, "Plans": [{"Node Type": "Hash Join", "Parent Relationship": "Outer", "Join Type": "Inner", "Startup Cost": 2.41, "Total Cost": 45379.0, "Plan Rows": 2717, "Plan Width": 46, "Inner Unique": true, "Hash Cond": "(mi.info_type_id = it1.id)", "Plans": [{"Node Type": "Streaming(type: LOCAL GATHER dop: 1/16)", "Parent Relationship": "Outer", "Startup Cost": 0.0, "Total Cost": 44636.28, "Plan Rows": 190170, "Plan Width": 50, "Plans": [{"Node Type": "Seq Scan", "Parent Relationship": "Outer", "Relation Name": "movie_info", "Alias": "mi", "Startup Cost": 0.0, "Total Cost": 40532.03, "Plan Rows": 190170, "Plan Width": 50, "Filter": "((info)::text = ANY ('{Horror,Action,Sci-Fi,Thriller,Crime,War}'::text[]))"}]}, {"Node Type": "Hash", "Parent Relationship": "Inner", "Startup Cost": 2.4, "Total Cost": 2.4, "Plan Rows": 1, "Plan Width": 4, "Plans": [{"Node Type": "Seq Scan", "Parent Relationship": "Outer", "Relation Name": "info_type", "Alias": "it1", "Startup Cost": 0.0, "Total Cost": 2.4, "Plan Rows": 1, "Plan Width": 4, "Filter": "((info)::text = 'genres'::text)"}]}]}, {"Node Type": "Index Scan", "Parent Relationship": "Inner", "Scan Direction": "Forward", "Index Name": "movie_id_movie_info_idx", "Relation Name": "movie_info_idx", "Alias": "mi_idx", "Startup Cost": 0.0, "Total Cost": 0.53, "Plan Rows": 2, "Plan Width": 13, "Index Cond": "(movie_id = mi.movie_id)"}]}]}]}, {"Node Type": "Index Scan", "Parent Relationship": "Inner", "Scan Direction": "Forward", "Index Name": "title_pkey", "Relation Name": "title", "Alias": "t", "Startup Cost": 0.0, "Total Cost": 0.4, "Plan Rows": 1, "Plan Width": 21, "Index Cond": "(id = mi_idx.movie_id)"}]}, {"Node Type": "Index Scan", "Parent Relationship": "Inner", "Scan Direction": "Forward", "Index Name": "movie_id_cast_info", "Relation Name": "cast_info", "Alias": "ci", "Startup Cost": 0.0, "Total Cost": 1.01, "Plan Rows": 1, "Plan Width": 8, "Index Cond": "(movie_id = t.id)", "Filter": "((note)::text = ANY ('{(writer),\"(head writer)\",\"(written by)\",(story),\"(story editor)\"}'::text[]))"}]}, {"Node Type": "Index Scan", "Parent Relationship": "Inner", "Scan Direction": "Forward", "Index Name": "name_pkey", "Relation Name": "name", "Alias": "n", "Startup Cost": 0.0, "Total Cost": 0.49, "Plan Rows": 1, "Plan Width": 4, "Index Cond": "(id = ci.person_id)", "Filter": "((gender)::text = 'm'::text)"}]}]}, "Unique SQL Id": 3913857139, "Planner Runtime": 87}, "explain_analyze_plan": {"Plan": {"Node Type": "Aggregate", "Strategy": "Plain", "Startup Cost": 49001.33, "Total Cost": 49001.34, "Plan Rows": 1, "Plan Width": 160, "Actual Min Startup Time": 11556.951, "Actual Max Startup Time": 11556.951, "Actual Min Total Time": 11556.952, "Actual Max Total Time": 11556.952, "Plans": [{"Node Type": "Nested Loop", "Parent Relationship": "Outer", "Join Type": "Inner", "Startup Cost": 2.41, "Total Cost": 48990.73, "Plan Rows": 1413, "Plan Width": 64, "Actual Min Startup Time": 1427.079, "Actual Max Startup Time": 1427.079, "Actual Min Total Time": 11522.3, "Actual Max Total Time": 11522.3, "Inner Unique": true, "Plans": [{"Node Type": "Nested Loop", "Parent Relationship": "Outer", "Join Type": "Inner", "Startup Cost": 2.41, "Total Cost": 48411.46, "Plan Rows": 1155, "Plan Width": 68, "Actual Min Startup Time": 1427.016, "Actual Max Startup Time": 1427.016, "Actual Min Total Time": 11107.448, "Actual Max Total Time": 11107.448, "Inner Unique": false, "Plans": [{"Node Type": "Nested Loop", "Parent Relationship": "Outer", "Join Type": "Inner", "Startup Cost": 2.41, "Total Cost": 47349.83, "Plan Rows": 1044, "Plan Width": 76, "Actual Min Startup Time": 1426.985, "Actual Max Startup Time": 1426.985, "Actual Min Total Time": 2130.874, "Actual Max Total Time": 2130.874, "Inner Unique": true, "Join Filter": "(mi.movie_id = t.id)", "Rows Removed by Join Filter": 0, "Plans": [{"Node Type": "Nested Loop", "Parent Relationship": "Outer", "Join Type": "Inner", "Startup Cost": 2.41, "Total Cost": 46921.64, "Plan Rows": 1044, "Plan Width": 55, "Actual Min Startup Time": 1426.963, "Actual Max Startup Time": 1426.963, "Actual Min Total Time": 1570.38, "Actual Max Total Time": 1570.38, "Inner Unique": false, "Join Filter": "(mi_idx.info_type_id = it2.id)", "Rows Removed by Join Filter": 205269, "Plans": [{"Node Type": "Seq Scan", "Parent Relationship": "Outer", "Relation Name": "info_type", "Alias": "it2", "Startup Cost": 0.0, "Total Cost": 2.4, "Plan Rows": 1, "Plan Width": 4, "Actual Min Startup Time": 0.059, "Actual Max Startup Time": 0.059, "Actual Min Total Time": 0.071, "Actual Max Total Time": 0.071, "Filter": "((info)::text = 'votes'::text)", "Rows Removed by Filter": 111, "Actual Rows": 1}, {"Node Type": "Materialize", "Parent Relationship": "Inner", "Startup Cost": 2.41, "Total Cost": 46877.49, "Plan Rows": 4175, "Plan Width": 59, "Actual Min Startup Time": 1426.889, "Actual Max Startup Time": 1426.889, "Actual Min Total Time": 1466.246, "Actual Max Total Time": 1466.246, "Plans": [{"Node Type": "Nested Loop", "Parent Relationship": "Outer", "Join Type": "Inner", "Startup Cost": 2.41, "Total Cost": 46867.05, "Plan Rows": 4175, "Plan Width": 59, "Actual Min Startup Time": 419.401, "Actual Max Startup Time": 419.401, "Actual Min Total Time": 1338.386, "Actual Max Total Time": 1338.386, "Inner Unique": false, "Plans": [{"Node Type": "Hash Join", "Parent Relationship": "Outer", "Join Type": "Inner", "Startup Cost": 2.41, "Total Cost": 45379.0, "Plan Rows": 2717, "Plan Width": 46, "Actual Min Startup Time": 419.355, "Actual Max Startup Time": 419.355, "Actual Min Total Time": 571.588, "Actual Max Total Time": 571.588, "Inner Unique": true, "Hash Cond": "(mi.info_type_id = it1.id)", "Plans": [{"Node Type": "Streaming(type: LOCAL GATHER dop: 1/16)", "Parent Relationship": "Outer", "Startup Cost": 0.0, "Total Cost": 44636.28, "Plan Rows": 190170, "Plan Width": 50, "Actual Min Startup Time": 298.259, "Actual Max Startup Time": 298.259, "Actual Min Total Time": 478.235, "Actual Max Total Time": 478.235, "Plans": [{"Node Type": "Seq Scan", "Parent Relationship": "Outer", "Relation Name": "movie_info", "Alias": "mi", "Startup Cost": 0.0, "Total Cost": 40532.03, "Plan Rows": 190170, "Plan Width": 50, "Actual Min Startup Time": 226.254, "Actual Max Startup Time": 410.433, "Actual Min Total Time": 456.953, "Actual Max Total Time": 475.703, "Filter": "((info)::text = ANY ('{Horror,Action,Sci-Fi,Thriller,Crime,War}'::text[]))", "Rows Removed by Filter": 14646748, "Actual Rows": 188971}], "Actual Rows": 188971}, {"Node Type": "Hash", "Parent Relationship": "Inner", "Startup Cost": 2.4, "Total Cost": 2.4, "Plan Rows": 1, "Plan Width": 4, "Actual Min Startup Time": 0.078, "Actual Max Startup Time": 0.078, "Actual Min Total Time": 0.078, "Actual Max Total Time": 0.078, "Max Hash Buckets": 32768, "Min Hash Buckets": 32768, "Max Hash Batches": 1, "Min Hash Batches": 1, "Max Original Hash Batches": 1, "Min Original Hash Batches": 1, "Max Peak Memory Usage": 1, "min Peak Memory Usage": 1, "Plans": [{"Node Type": "Seq Scan", "Parent Relationship": "Outer", "Relation Name": "info_type", "Alias": "it1", "Startup Cost": 0.0, "Total Cost": 2.4, "Plan Rows": 1, "Plan Width": 4, "Actual Min Startup Time": 0.045, "Actual Max Startup Time": 0.045, "Actual Min Total Time": 0.069, "Actual Max Total Time": 0.069, "Filter": "((info)::text = 'genres'::text)", "Rows Removed by Filter": 111, "Actual Rows": 1}], "Actual Rows": 1}], "Actual Rows": 186594}, {"Node Type": "Index Scan", "Parent Relationship": "Inner", "Scan Direction": "Forward", "Index Name": "movie_id_movie_info_idx", "Relation Name": "movie_info_idx", "Alias": "mi_idx", "Startup Cost": 0.0, "Total Cost": 0.53, "Plan Rows": 2, "Plan Width": 13, "Actual Min Startup Time": 500.569, "Actual Max Startup Time": 500.569, "Actual Min Total Time": 614.097, "Actual Max Total Time": 614.097, "Index Cond": "(movie_id = mi.movie_id)", "Rows Removed by Index Recheck": 0, "Actual Rows": 307785}], "Actual Rows": 307785}], "Actual Rows": 307786}], "Actual Rows": 102516}, {"Node Type": "Index Scan", "Parent Relationship": "Inner", "Scan Direction": "Forward", "Index Name": "title_pkey", "Relation Name": "title", "Alias": "t", "Startup Cost": 0.0, "Total Cost": 0.4, "Plan Rows": 1, "Plan Width": 21, "Actual Min Startup Time": 456.631, "Actual Max Startup Time": 456.631, "Actual Min Total Time": 456.631, "Actual Max Total Time": 456.631, "Index Cond": "(id = mi_idx.movie_id)", "Rows Removed by Index Recheck": 0, "Actual Rows": 102516}], "Actual Rows": 102516}, {"Node Type": "Index Scan", "Parent Relationship": "Inner", "Scan Direction": "Forward", "Index Name": "movie_id_cast_info", "Relation Name": "cast_info", "Alias": "ci", "Startup Cost": 0.0, "Total Cost": 1.01, "Plan Rows": 1, "Plan Width": 8, "Actual Min Startup Time": 7597.735, "Actual Max Startup Time": 7597.735, "Actual Min Total Time": 8906.114, "Actual Max Total Time": 8906.114, "Index Cond": "(movie_id = t.id)", "Rows Removed by Index Recheck": 0, "Filter": "((note)::text = ANY ('{(writer),\"(head writer)\",\"(written by)\",(story),\"(story editor)\"}'::text[]))", "Rows Removed by Filter": 3987641, "Actual Rows": 54155}], "Actual Rows": 54155}, {"Node Type": "Index Scan", "Parent Relationship": "Inner", "Scan Direction": "Forward", "Index Name": "name_pkey", "Relation Name": "name", "Alias": "n", "Startup Cost": 0.0, "Total Cost": 0.49, "Plan Rows": 1, "Plan Width": 4, "Actual Min Startup Time": 371.683, "Actual Max Startup Time": 371.683, "Actual Min Total Time": 371.683, "Actual Max Total Time": 371.683, "Index Cond": "(id = ci.person_id)", "Rows Removed by Index Recheck": 0, "Filter": "((gender)::text = 'm'::text)", "Rows Removed by Filter": 26082, "Actual Rows": 28073}], "Actual Rows": 28073}], "Actual Rows": 1}, "Triggers": [], "Planner Runtime": 89, "Total Runtime": 11560.154, "Unique SQL Id": 3913857139}}, "(16, 5)": {"explain_plan": {"Plan": {"Node Type": "Aggregate", "Strategy": "Plain", "Startup Cost": 168618.05, "Total Cost": 168618.06, "Plan Rows": 1, "Plan Width": 160, "Plans": [{"Node Type": "Nested Loop", "Parent Relationship": "Outer", "Join Type": "Inner", "Startup Cost": 4842.14, "Total Cost": 168607.45, "Plan Rows": 1413, "Plan Width": 64, "Inner Unique": true, "Plans": [{"Node Type": "Nested Loop", "Parent Relationship": "Outer", "Join Type": "Inner", "Startup Cost": 4842.14, "Total Cost": 168028.19, "Plan Rows": 1155, "Plan Width": 68, "Inner Unique": false, "Plans": [{"Node Type": "Nested Loop", "Parent Relationship": "Outer", "Join Type": "Inner", "Startup Cost": 4842.14, "Total Cost": 166966.55, "Plan Rows": 1044, "Plan Width": 76, "Inner Unique": true, "Join Filter": "(mi.movie_id = t.id)", "Plans": [{"Node Type": "Nested Loop", "Parent Relationship": "Outer", "Join Type": "Inner", "Startup Cost": 4842.14, "Total Cost": 166538.36, "Plan Rows": 1044, "Plan Width": 55, "Inner Unique": false, "Join Filter": "(mi_idx.info_type_id = it2.id)", "Plans": [{"Node Type": "Index Scan", "Parent Relationship": "Outer", "Scan Direction": "Forward", "Index Name": "info_type_pkey", "Relation Name": "info_type", "Alias": "it2", "Startup Cost": 0.0, "Total Cost": 14.21, "Plan Rows": 1, "Plan Width": 4, "Filter": "((info)::text = 'votes'::text)"}, {"Node Type": "Nested Loop", "Parent Relationship": "Inner", "Join Type": "Inner", "Startup Cost": 4842.14, "Total Cost": 166471.96, "Plan Rows": 4175, "Plan Width": 59, "Inner Unique": false, "Plans": [{"Node Type": "Nested Loop", "Parent Relationship": "Outer", "Join Type": "Inner", "Startup Cost": 4842.14, "Total Cost": 164983.91, "Plan Rows": 2717, "Plan Width": 46, "Inner Unique": false, "Plans": [{"Node Type": "Index Scan", "Parent Relationship": "Outer", "Scan Direction": "Forward", "Index Name": "info_type_pkey", "Relation Name": "info_type", "Alias": "it1", "Startup Cost": 0.0, "Total Cost": 14.21, "Plan Rows": 1, "Plan Width": 4, "Filter": "((info)::text = 'genres'::text)"}, {"Node Type": "Bitmap Heap Scan", "Parent Relationship": "Inner", "Relation Name": "movie_info", "Alias": "mi", "Startup Cost": 4842.14, "Total Cost": 164942.53, "Plan Rows": 2717, "Plan Width": 50, "Recheck Cond": "(info_type_id = it1.id)", "Filter": "((info)::text = ANY ('{Horror,Action,Sci-Fi,Thriller,Crime,War}'::text[]))", "Plans": [{"Node Type": "Bitmap Index Scan", "Parent Relationship": "Outer", "Index Name": "info_type_id_movie_info", "Startup Cost": 0.0, "Total Cost": 4841.46, "Plan Rows": 212428, "Plan Width": 0, "Index Cond": "(info_type_id = it1.id)"}]}]}, {"Node Type": "Index Scan", "Parent Relationship": "Inner", "Scan Direction": "Forward", "Index Name": "movie_id_movie_info_idx", "Relation Name": "movie_info_idx", "Alias": "mi_idx", "Startup Cost": 0.0, "Total Cost": 0.53, "Plan Rows": 2, "Plan Width": 13, "Index Cond": "(movie_id = mi.movie_id)"}]}]}, {"Node Type": "Index Scan", "Parent Relationship": "Inner", "Scan Direction": "Forward", "Index Name": "title_pkey", "Relation Name": "title", "Alias": "t", "Startup Cost": 0.0, "Total Cost": 0.4, "Plan Rows": 1, "Plan Width": 21, "Index Cond": "(id = mi_idx.movie_id)"}]}, {"Node Type": "Index Scan", "Parent Relationship": "Inner", "Scan Direction": "Forward", "Index Name": "movie_id_cast_info", "Relation Name": "cast_info", "Alias": "ci", "Startup Cost": 0.0, "Total Cost": 1.01, "Plan Rows": 1, "Plan Width": 8, "Index Cond": "(movie_id = t.id)", "Filter": "((note)::text = ANY ('{(writer),\"(head writer)\",\"(written by)\",(story),\"(story editor)\"}'::text[]))"}]}, {"Node Type": "Index Scan", "Parent Relationship": "Inner", "Scan Direction": "Forward", "Index Name": "name_pkey", "Relation Name": "name", "Alias": "n", "Startup Cost": 0.0, "Total Cost": 0.49, "Plan Rows": 1, "Plan Width": 4, "Index Cond": "(id = ci.person_id)", "Filter": "((gender)::text = 'm'::text)"}]}]}, "Unique SQL Id": 3913857139, "Planner Runtime": 33}, "explain_analyze_plan": {"Plan": {"Node Type": "Aggregate", "Strategy": "Plain", "Startup Cost": 168618.05, "Total Cost": 168618.06, "Plan Rows": 1, "Plan Width": 160, "Actual Startup Time": 11969.053, "Actual Total Time": 11969.053, "Actual Rows": 1, "Actual Loops": 1, "Plans": [{"Node Type": "Nested Loop", "Parent Relationship": "Outer", "Join Type": "Inner", "Startup Cost": 4842.14, "Total Cost": 168607.45, "Plan Rows": 1413, "Plan Width": 64, "Actual Startup Time": 183.605, "Actual Total Time": 11931.811, "Actual Rows": 28073, "Actual Loops": 1, "Inner Unique": true, "Plans": [{"Node Type": "Nested Loop", "Parent Relationship": "Outer", "Join Type": "Inner", "Startup Cost": 4842.14, "Total Cost": 168028.19, "Plan Rows": 1155, "Plan Width": 68, "Actual Startup Time": 181.327, "Actual Total Time": 11510.362, "Actual Rows": 54155, "Actual Loops": 1, "Inner Unique": false, "Plans": [{"Node Type": "Nested Loop", "Parent Relationship": "Outer", "Join Type": "Inner", "Startup Cost": 4842.14, "Total Cost": 166966.55, "Plan Rows": 1044, "Plan Width": 76, "Actual Startup Time": 178.719, "Actual Total Time": 2661.808, "Actual Rows": 102516, "Actual Loops": 1, "Inner Unique": true, "Join Filter": "(mi.movie_id = t.id)", "Rows Removed by Join Filter": 0, "Plans": [{"Node Type": "Nested Loop", "Parent Relationship": "Outer", "Join Type": "Inner", "Startup Cost": 4842.14, "Total Cost": 166538.36, "Plan Rows": 1044, "Plan Width": 55, "Actual Startup Time": 178.7, "Actual Total Time": 2109.568, "Actual Rows": 102516, "Actual Loops": 1, "Inner Unique": false, "Join Filter": "(mi_idx.info_type_id = it2.id)", "Rows Removed by Join Filter": 205269, "Plans": [{"Node Type": "Index Scan", "Parent Relationship": "Outer", "Scan Direction": "Forward", "Index Name": "info_type_pkey", "Relation Name": "info_type", "Alias": "it2", "Startup Cost": 0.0, "Total Cost": 14.21, "Plan Rows": 1, "Plan Width": 4, "Actual Startup Time": 0.068, "Actual Total Time": 0.077, "Actual Rows": 1, "Actual Loops": 1, "Filter": "((info)::text = 'votes'::text)", "Rows Removed by Filter": 111}, {"Node Type": "Nested Loop", "Parent Relationship": "Inner", "Join Type": "Inner", "Startup Cost": 4842.14, "Total Cost": 166471.96, "Plan Rows": 4175, "Plan Width": 59, "Actual Startup Time": 178.619, "Actual Total Time": 2023.448, "Actual Rows": 307785, "Actual Loops": 1, "Inner Unique": false, "Plans": [{"Node Type": "Nested Loop", "Parent Relationship": "Outer", "Join Type": "Inner", "Startup Cost": 4842.14, "Total Cost": 164983.91, "Plan Rows": 2717, "Plan Width": 46, "Actual Startup Time": 178.589, "Actual Total Time": 1168.902, "Actual Rows": 186594, "Actual Loops": 1, "Inner Unique": false, "Plans": [{"Node Type": "Index Scan", "Parent Relationship": "Outer", "Scan Direction": "Forward", "Index Name": "info_type_pkey", "Relation Name": "info_type", "Alias": "it1", "Startup Cost": 0.0, "Total Cost": 14.21, "Plan Rows": 1, "Plan Width": 4, "Actual Startup Time": 0.008, "Actual Total Time": 0.071, "Actual Rows": 1, "Actual Loops": 1, "Filter": "((info)::text = 'genres'::text)", "Rows Removed by Filter": 111}, {"Node Type": "Bitmap Heap Scan", "Parent Relationship": "Inner", "Relation Name": "movie_info", "Alias": "mi", "Startup Cost": 4842.14, "Total Cost": 164942.53, "Plan Rows": 2717, "Plan Width": 50, "Actual Startup Time": 178.575, "Actual Total Time": 1125.474, "Actual Rows": 186594, "Actual Loops": 1, "Recheck Cond": "(info_type_id = it1.id)", "Rows Removed by Index Recheck": 0, "Filter": "((info)::text = ANY ('{Horror,Action,Sci-Fi,Thriller,Crime,War}'::text[]))", "Rows Removed by Filter": 1347315, "Exact Heap Blocks": 7426, "Lossy Heap Blocks": 7426, "Plans": [{"Node Type": "Bitmap Index Scan", "Parent Relationship": "Outer", "Index Name": "info_type_id_movie_info", "Startup Cost": 0.0, "Total Cost": 4841.46, "Plan Rows": 212428, "Plan Width": 0, "Actual Startup Time": 177.197, "Actual Total Time": 177.197, "Actual Rows": 1533909, "Actual Loops": 1, "Index Cond": "(info_type_id = it1.id)"}]}]}, {"Node Type": "Index Scan", "Parent Relationship": "Inner", "Scan Direction": "Forward", "Index Name": "movie_id_movie_info_idx", "Relation Name": "movie_info_idx", "Alias": "mi_idx", "Startup Cost": 0.0, "Total Cost": 0.53, "Plan Rows": 2, "Plan Width": 13, "Actual Startup Time": 557.682, "Actual Total Time": 678.182, "Actual Rows": 307785, "Actual Loops": 186594, "Index Cond": "(movie_id = mi.movie_id)", "Rows Removed by Index Recheck": 0}]}]}, {"Node Type": "Index Scan", "Parent Relationship": "Inner", "Scan Direction": "Forward", "Index Name": "title_pkey", "Relation Name": "title", "Alias": "t", "Startup Cost": 0.0, "Total Cost": 0.4, "Plan Rows": 1, "Plan Width": 21, "Actual Startup Time": 444.947, "Actual Total Time": 444.947, "Actual Rows": 102516, "Actual Loops": 102516, "Index Cond": "(id = mi_idx.movie_id)", "Rows Removed by Index Recheck": 0}]}, {"Node Type": "Index Scan", "Parent Relationship": "Inner", "Scan Direction": "Forward", "Index Name": "movie_id_cast_info", "Relation Name": "cast_info", "Alias": "ci", "Startup Cost": 0.0, "Total Cost": 1.01, "Plan Rows": 1, "Plan Width": 8, "Actual Startup Time": 7477.985, "Actual Total Time": 8775.091, "Actual Rows": 54155, "Actual Loops": 102516, "Index Cond": "(movie_id = t.id)", "Rows Removed by Index Recheck": 0, "Filter": "((note)::text = ANY ('{(writer),\"(head writer)\",\"(written by)\",(story),\"(story editor)\"}'::text[]))", "Rows Removed by Filter": 3987641}]}, {"Node Type": "Index Scan", "Parent Relationship": "Inner", "Scan Direction": "Forward", "Index Name": "name_pkey", "Relation Name": "name", "Alias": "n", "Startup Cost": 0.0, "Total Cost": 0.49, "Plan Rows": 1, "Plan Width": 4, "Actual Startup Time": 373.743, "Actual Total Time": 373.743, "Actual Rows": 28073, "Actual Loops": 54155, "Index Cond": "(id = ci.person_id)", "Rows Removed by Index Recheck": 0, "Filter": "((gender)::text = 'm'::text)", "Rows Removed by Filter": 26082}]}]}, "Triggers": [], "Planner Runtime": 8, "Total Runtime": 11969.337, "Unique SQL Id": 3913857139}}, "(16, 6)": {"explain_plan": {"Plan": {"Node Type": "Aggregate", "Strategy": "Plain", "Startup Cost": 71778.9, "Total Cost": 71778.91, "Plan Rows": 1, "Plan Width": 160, "Plans": [{"Node Type": "Nested Loop", "Parent Relationship": "Outer", "Join Type": "Inner", "Startup Cost": 3.89, "Total Cost": 71768.3, "Plan Rows": 1413, "Plan Width": 64, "Inner Unique": true, "Plans": [{"Node Type": "Nested Loop", "Parent Relationship": "Outer", "Join Type": "Inner", "Startup Cost": 3.58, "Total Cost": 66762.88, "Plan Rows": 1155, "Plan Width": 68, "Inner Unique": false, "Plans": [{"Node Type": "Nested Loop", "Parent Relationship": "Outer", "Join Type": "Inner", "Startup Cost": 3.06, "Total Cost": 61920.21, "Plan Rows": 1044, "Plan Width": 76, "Inner Unique": true, "Join Filter": "(mi.movie_id = t.id)", "Plans": [{"Node Type": "Nested Loop", "Parent Relationship": "Outer", "Join Type": "Inner", "Startup Cost": 2.78, "Total Cost": 57421.02, "Plan Rows": 1044, "Plan Width": 55, "Inner Unique": false, "Join Filter": "(mi_idx.info_type_id = it2.id)", "Plans": [{"Node Type": "Seq Scan", "Parent Relationship": "Outer", "Relation Name": "info_type", "Alias": "it2", "Startup Cost": 0.0, "Total Cost": 2.4, "Plan Rows": 1, "Plan Width": 4, "Filter": "((info)::text = 'votes'::text)"}, {"Node Type": "Materialize", "Parent Relationship": "Inner", "Startup Cost": 2.78, "Total Cost": 57376.87, "Plan Rows": 4175, "Plan Width": 59, "Plans": [{"Node Type": "Nested Loop", "Parent Relationship": "Outer", "Join Type": "Inner", "Startup Cost": 2.78, "Total Cost": 57366.43, "Plan Rows": 4175, "Plan Width": 59, "Inner Unique": false, "Plans": [{"Node Type": "Hash Join", "Parent Relationship": "Outer", "Join Type": "Inner", "Startup Cost": 2.41, "Total Cost": 45379.0, "Plan Rows": 2717, "Plan Width": 46, "Inner Unique": true, "Hash Cond": "(mi.info_type_id = it1.id)", "Plans": [{"Node Type": "Streaming(type: LOCAL GATHER dop: 1/16)", "Parent Relationship": "Outer", "Startup Cost": 0.0, "Total Cost": 44636.28, "Plan Rows": 190170, "Plan Width": 50, "Plans": [{"Node Type": "Seq Scan", "Parent Relationship": "Outer", "Relation Name": "movie_info", "Alias": "mi", "Startup Cost": 0.0, "Total Cost": 40532.03, "Plan Rows": 190170, "Plan Width": 50, "Filter": "((info)::text = ANY ('{Horror,Action,Sci-Fi,Thriller,Crime,War}'::text[]))"}]}, {"Node Type": "Hash", "Parent Relationship": "Inner", "Startup Cost": 2.4, "Total Cost": 2.4, "Plan Rows": 1, "Plan Width": 4, "Plans": [{"Node Type": "Seq Scan", "Parent Relationship": "Outer", "Relation Name": "info_type", "Alias": "it1", "Startup Cost": 0.0, "Total Cost": 2.4, "Plan Rows": 1, "Plan Width": 4, "Filter": "((info)::text = 'genres'::text)"}]}]}, {"Node Type": "Bitmap Heap Scan", "Parent Relationship": "Inner", "Relation Name": "movie_info_idx", "Alias": "mi_idx", "Startup Cost": 0.37, "Total Cost": 4.39, "Plan Rows": 2, "Plan Width": 13, "Recheck Cond": "(movie_id = mi.movie_id)", "Plans": [{"Node Type": "Bitmap Index Scan", "Parent Relationship": "Outer", "Index Name": "movie_id_movie_info_idx", "Startup Cost": 0.0, "Total Cost": 0.37, "Plan Rows": 2, "Plan Width": 0, "Index Cond": "(movie_id = mi.movie_id)"}]}]}]}]}, {"Node Type": "Bitmap Heap Scan", "Parent Relationship": "Inner", "Relation Name": "title", "Alias": "t", "Startup Cost": 0.28, "Total Cost": 4.3, "Plan Rows": 1, "Plan Width": 21, "Recheck Cond": "(id = mi_idx.movie_id)", "Plans": [{"Node Type": "Bitmap Index Scan", "Parent Relationship": "Outer", "Index Name": "title_pkey", "Startup Cost": 0.0, "Total Cost": 0.28, "Plan Rows": 1, "Plan Width": 0, "Index Cond": "(id = mi_idx.movie_id)"}]}]}, {"Node Type": "Bitmap Heap Scan", "Parent Relationship": "Inner", "Relation Name": "cast_info", "Alias": "ci", "Startup Cost": 0.52, "Total Cost": 4.63, "Plan Rows": 1, "Plan Width": 8, "Recheck Cond": "(movie_id = t.id)", "Filter": "((note)::text = ANY ('{(writer),\"(head writer)\",\"(written by)\",(story),\"(story editor)\"}'::text[]))", "Plans": [{"Node Type": "Bitmap Index Scan", "Parent Relationship": "Outer", "Index Name": "movie_id_cast_info", "Startup Cost": 0.0, "Total Cost": 0.52, "Plan Rows": 6, "Plan Width": 0, "Index Cond": "(movie_id = t.id)"}]}]}, {"Node Type": "Bitmap Heap Scan", "Parent Relationship": "Inner", "Relation Name": "name", "Alias": "n", "Startup Cost": 0.31, "Total Cost": 4.32, "Plan Rows": 1, "Plan Width": 4, "Recheck Cond": "(id = ci.person_id)", "Filter": "((gender)::text = 'm'::text)", "Plans": [{"Node Type": "Bitmap Index Scan", "Parent Relationship": "Outer", "Index Name": "name_pkey", "Startup Cost": 0.0, "Total Cost": 0.31, "Plan Rows": 1, "Plan Width": 0, "Index Cond": "(id = ci.person_id)"}]}]}]}, "Unique SQL Id": 3913857139, "Planner Runtime": 103}, "explain_analyze_plan": {"Plan": {"Node Type": "Aggregate", "Strategy": "Plain", "Startup Cost": 71778.9, "Total Cost": 71778.91, "Plan Rows": 1, "Plan Width": 160, "Actual Min Startup Time": 14182.094, "Actual Max Startup Time": 14182.094, "Actual Min Total Time": 14182.095, "Actual Max Total Time": 14182.095, "Plans": [{"Node Type": "Nested Loop", "Parent Relationship": "Outer", "Join Type": "Inner", "Startup Cost": 3.89, "Total Cost": 71768.3, "Plan Rows": 1413, "Plan Width": 64, "Actual Min Startup Time": 1686.984, "Actual Max Startup Time": 1686.984, "Actual Min Total Time": 14139.191, "Actual Max Total Time": 14139.191, "Inner Unique": true, "Plans": [{"Node Type": "Nested Loop", "Parent Relationship": "Outer", "Join Type": "Inner", "Startup Cost": 3.58, "Total Cost": 66762.88, "Plan Rows": 1155, "Plan Width": 68, "Actual Min Startup Time": 1686.899, "Actual Max Startup Time": 1686.899, "Actual Min Total Time": 13606.187, "Actual Max Total Time": 13606.187, "Inner Unique": false, "Plans": [{"Node Type": "Nested Loop", "Parent Relationship": "Outer", "Join Type": "Inner", "Startup Cost": 3.06, "Total Cost": 61920.21, "Plan Rows": 1044, "Plan Width": 76, "Actual Min Startup Time": 1686.851, "Actual Max Startup Time": 1686.851, "Actual Min Total Time": 2657.207, "Actual Max Total Time": 2657.207, "Inner Unique": true, "Join Filter": "(mi.movie_id = t.id)", "Rows Removed by Join Filter": 0, "Plans": [{"Node Type": "Nested Loop", "Parent Relationship": "Outer", "Join Type": "Inner", "Startup Cost": 2.78, "Total Cost": 57421.02, "Plan Rows": 1044, "Plan Width": 55, "Actual Min Startup Time": 1686.825, "Actual Max Startup Time": 1686.825, "Actual Min Total Time": 1846.095, "Actual Max Total Time": 1846.095, "Inner Unique": false, "Join Filter": "(mi_idx.info_type_id = it2.id)", "Rows Removed by Join Filter": 205269, "Plans": [{"Node Type": "Seq Scan", "Parent Relationship": "Outer", "Relation Name": "info_type", "Alias": "it2", "Startup Cost": 0.0, "Total Cost": 2.4, "Plan Rows": 1, "Plan Width": 4, "Actual Min Startup Time": 0.063, "Actual Max Startup Time": 0.063, "Actual Min Total Time": 0.076, "Actual Max Total Time": 0.076, "Filter": "((info)::text = 'votes'::text)", "Rows Removed by Filter": 111, "Actual Rows": 1}, {"Node Type": "Materialize", "Parent Relationship": "Inner", "Startup Cost": 2.78, "Total Cost": 57376.87, "Plan Rows": 4175, "Plan Width": 59, "Actual Min Startup Time": 1686.749, "Actual Max Startup Time": 1686.749, "Actual Min Total Time": 1728.968, "Actual Max Total Time": 1728.968, "Plans": [{"Node Type": "Nested Loop", "Parent Relationship": "Outer", "Join Type": "Inner", "Startup Cost": 2.78, "Total Cost": 57366.43, "Plan Rows": 4175, "Plan Width": 59, "Actual Min Startup Time": 418.435, "Actual Max Startup Time": 418.435, "Actual Min Total Time": 1598.436, "Actual Max Total Time": 1598.436, "Inner Unique": false, "Plans": [{"Node Type": "Hash Join", "Parent Relationship": "Outer", "Join Type": "Inner", "Startup Cost": 2.41, "Total Cost": 45379.0, "Plan Rows": 2717, "Plan Width": 46, "Actual Min Startup Time": 418.371, "Actual Max Startup Time": 418.371, "Actual Min Total Time": 576.022, "Actual Max Total Time": 576.022, "Inner Unique": true, "Hash Cond": "(mi.info_type_id = it1.id)", "Plans": [{"Node Type": "Streaming(type: LOCAL GATHER dop: 1/16)", "Parent Relationship": "Outer", "Startup Cost": 0.0, "Total Cost": 44636.28, "Plan Rows": 190170, "Plan Width": 50, "Actual Min Startup Time": 297.405, "Actual Max Startup Time": 297.405, "Actual Min Total Time": 473.955, "Actual Max Total Time": 473.955, "Plans": [{"Node Type": "Seq Scan", "Parent Relationship": "Outer", "Relation Name": "movie_info", "Alias": "mi", "Startup Cost": 0.0, "Total Cost": 40532.03, "Plan Rows": 190170, "Plan Width": 50, "Actual Min Startup Time": 226.025, "Actual Max Startup Time": 409.933, "Actual Min Total Time": 456.309, "Actual Max Total Time": 471.705, "Filter": "((info)::text = ANY ('{Horror,Action,Sci-Fi,Thriller,Crime,War}'::text[]))", "Rows Removed by Filter": 14646748, "Actual Rows": 188971}], "Actual Rows": 188971}, {"Node Type": "Hash", "Parent Relationship": "Inner", "Startup Cost": 2.4, "Total Cost": 2.4, "Plan Rows": 1, "Plan Width": 4, "Actual Min Startup Time": 0.078, "Actual Max Startup Time": 0.078, "Actual Min Total Time": 0.078, "Actual Max Total Time": 0.078, "Max Hash Buckets": 32768, "Min Hash Buckets": 32768, "Max Hash Batches": 1, "Min Hash Batches": 1, "Max Original Hash Batches": 1, "Min Original Hash Batches": 1, "Max Peak Memory Usage": 1, "min Peak Memory Usage": 1, "Plans": [{"Node Type": "Seq Scan", "Parent Relationship": "Outer", "Relation Name": "info_type", "Alias": "it1", "Startup Cost": 0.0, "Total Cost": 2.4, "Plan Rows": 1, "Plan Width": 4, "Actual Min Startup Time": 0.044, "Actual Max Startup Time": 0.044, "Actual Min Total Time": 0.068, "Actual Max Total Time": 0.068, "Filter": "((info)::text = 'genres'::text)", "Rows Removed by Filter": 111, "Actual Rows": 1}], "Actual Rows": 1}], "Actual Rows": 186594}, {"Node Type": "Bitmap Heap Scan", "Parent Relationship": "Inner", "Relation Name": "movie_info_idx", "Alias": "mi_idx", "Startup Cost": 0.37, "Total Cost": 4.39, "Plan Rows": 2, "Plan Width": 13, "Actual Min Startup Time": 703.801, "Actual Max Startup Time": 703.801, "Actual Min Total Time": 746.516, "Actual Max Total Time": 746.516, "Recheck Cond": "(movie_id = mi.movie_id)", "Rows Removed by Index Recheck": 0, "Exact Heap Blocks": 103610, "Lossy Heap Blocks": 103610, "Plans": [{"Node Type": "Bitmap Index Scan", "Parent Relationship": "Outer", "Index Name": "movie_id_movie_info_idx", "Startup Cost": 0.0, "Total Cost": 0.37, "Plan Rows": 2, "Plan Width": 0, "Actual Min Startup Time": 472.651, "Actual Max Startup Time": 472.651, "Actual Min Total Time": 472.651, "Actual Max Total Time": 472.651, "Index Cond": "(movie_id = mi.movie_id)", "Actual Rows": 307785}], "Actual Rows": 307785}], "Actual Rows": 307785}], "Actual Rows": 307786}], "Actual Rows": 102516}, {"Node Type": "Bitmap Heap Scan", "Parent Relationship": "Inner", "Relation Name": "title", "Alias": "t", "Startup Cost": 0.28, "Total Cost": 4.3, "Plan Rows": 1, "Plan Width": 21, "Actual Min Startup Time": 609.583, "Actual Max Startup Time": 609.583, "Actual Min Total Time": 609.583, "Actual Max Total Time": 609.583, "Recheck Cond": "(id = mi_idx.movie_id)", "Rows Removed by Index Recheck": 0, "Exact Heap Blocks": 102516, "Lossy Heap Blocks": 102516, "Plans": [{"Node Type": "Bitmap Index Scan", "Parent Relationship": "Outer", "Index Name": "title_pkey", "Startup Cost": 0.0, "Total Cost": 0.28, "Plan Rows": 1, "Plan Width": 0, "Actual Min Startup Time": 330.837, "Actual Max Startup Time": 330.837, "Actual Min Total Time": 330.837, "Actual Max Total Time": 330.837, "Index Cond": "(id = mi_idx.movie_id)", "Actual Rows": 102516}], "Actual Rows": 102516}], "Actual Rows": 102516}, {"Node Type": "Bitmap Heap Scan", "Parent Relationship": "Inner", "Relation Name": "cast_info", "Alias": "ci", "Startup Cost": 0.52, "Total Cost": 4.63, "Plan Rows": 1, "Plan Width": 8, "Actual Min Startup Time": 9326.124, "Actual Max Startup Time": 9326.124, "Actual Min Total Time": 10783.522, "Actual Max Total Time": 10783.522, "Recheck Cond": "(movie_id = t.id)", "Rows Removed by Index Recheck": 0, "Filter": "((note)::text = ANY ('{(writer),\"(head writer)\",\"(written by)\",(story),\"(story editor)\"}'::text[]))", "Rows Removed by Filter": 3987641, "Exact Heap Blocks": 3901088, "Lossy Heap Blocks": 3901088, "Plans": [{"Node Type": "Bitmap Index Scan", "Parent Relationship": "Outer", "Index Name": "movie_id_cast_info", "Startup Cost": 0.0, "Total Cost": 0.52, "Plan Rows": 6, "Plan Width": 0, "Actual Min Startup Time": 1108.471, "Actual Max Startup Time": 1108.471, "Actual Min Total Time": 1108.471, "Actual Max Total Time": 1108.471, "Index Cond": "(movie_id = t.id)", "Actual Rows": 4041796}], "Actual Rows": 54155}], "Actual Rows": 54155}, {"Node Type": "Bitmap Heap Scan", "Parent Relationship": "Inner", "Relation Name": "name", "Alias": "n", "Startup Cost": 0.31, "Total Cost": 4.32, "Plan Rows": 1, "Plan Width": 4, "Actual Min Startup Time": 447.588, "Actual Max Startup Time": 447.588, "Actual Min Total Time": 447.588, "Actual Max Total Time": 447.588, "Recheck Cond": "(id = ci.person_id)", "Rows Removed by Index Recheck": 0, "Filter": "((gender)::text = 'm'::text)", "Rows Removed by Filter": 26082, "Exact Heap Blocks": 54155, "Lossy Heap Blocks": 54155, "Plans": [{"Node Type": "Bitmap Index Scan", "Parent Relationship": "Outer", "Index Name": "name_pkey", "Startup Cost": 0.0, "Total Cost": 0.31, "Plan Rows": 1, "Plan Width": 0, "Actual Min Startup Time": 287.774, "Actual Max Startup Time": 287.774, "Actual Min Total Time": 287.774, "Actual Max Total Time": 287.774, "Index Cond": "(id = ci.person_id)", "Actual Rows": 54155}], "Actual Rows": 28073}], "Actual Rows": 28073}], "Actual Rows": 1}, "Triggers": [], "Planner Runtime": 96, "Total Runtime": 14185.296, "Unique SQL Id": 3913857139}}, "(16, 7)": {"explain_plan": {"Plan": {"Node Type": "Aggregate", "Strategy": "Plain", "Startup Cost": 191395.62, "Total Cost": 191395.63, "Plan Rows": 1, "Plan Width": 160, "Plans": [{"Node Type": "Nested Loop", "Parent Relationship": "Outer", "Join Type": "Inner", "Startup Cost": 4861.24, "Total Cost": 191385.02, "Plan Rows": 1413, "Plan Width": 64, "Inner Unique": true, "Plans": [{"Node Type": "Nested Loop", "Parent Relationship": "Outer", "Join Type": "Inner", "Startup Cost": 4860.93, "Total Cost": 186379.6, "Plan Rows": 1155, "Plan Width": 68, "Inner Unique": false, "Plans": [{"Node Type": "Nested Loop", "Parent Relationship": "Outer", "Join Type": "Inner", "Startup Cost": 4860.41, "Total Cost": 181536.93, "Plan Rows": 1044, "Plan Width": 76, "Inner Unique": true, "Join Filter": "(mi.movie_id = t.id)", "Plans": [{"Node Type": "Nested Loop", "Parent Relationship": "Outer", "Join Type": "Inner", "Startup Cost": 4860.13, "Total Cost": 177037.74, "Plan Rows": 1044, "Plan Width": 55, "Inner Unique": false, "Join Filter": "(mi_idx.info_type_id = it2.id)", "Plans": [{"Node Type": "Bitmap Heap Scan", "Parent Relationship": "Outer", "Relation Name": "info_type", "Alias": "it2", "Startup Cost": 8.81, "Total Cost": 14.21, "Plan Rows": 1, "Plan Width": 4, "Filter": "((info)::text = 'votes'::text)", "Plans": [{"Node Type": "Bitmap Index Scan", "Parent Relationship": "Outer", "Index Name": "info_type_pkey", "Startup Cost": 0.0, "Total Cost": 8.81, "Plan Rows": 112, "Plan Width": 0}]}, {"Node Type": "Nested Loop", "Parent Relationship": "Inner", "Join Type": "Inner", "Startup Cost": 4851.32, "Total Cost": 176971.34, "Plan Rows": 4175, "Plan Width": 59, "Inner Unique": false, "Plans": [{"Node Type": "Nested Loop", "Parent Relationship": "Outer", "Join Type": "Inner", "Startup Cost": 4850.95, "Total Cost": 164983.91, "Plan Rows": 2717, "Plan Width": 46, "Inner Unique": false, "Plans": [{"Node Type": "Bitmap Heap Scan", "Parent Relationship": "Outer", "Relation Name": "info_type", "Alias": "it1", "Startup Cost": 8.81, "Total Cost": 14.21, "Plan Rows": 1, "Plan Width": 4, "Filter": "((info)::text = 'genres'::text)", "Plans": [{"Node Type": "Bitmap Index Scan", "Parent Relationship": "Outer", "Index Name": "info_type_pkey", "Startup Cost": 0.0, "Total Cost": 8.81, "Plan Rows": 112, "Plan Width": 0}]}, {"Node Type": "Bitmap Heap Scan", "Parent Relationship": "Inner", "Relation Name": "movie_info", "Alias": "mi", "Startup Cost": 4842.14, "Total Cost": 164942.53, "Plan Rows": 2717, "Plan Width": 50, "Recheck Cond": "(info_type_id = it1.id)", "Filter": "((info)::text = ANY ('{Horror,Action,Sci-Fi,Thriller,Crime,War}'::text[]))", "Plans": [{"Node Type": "Bitmap Index Scan", "Parent Relationship": "Outer", "Index Name": "info_type_id_movie_info", "Startup Cost": 0.0, "Total Cost": 4841.46, "Plan Rows": 212428, "Plan Width": 0, "Index Cond": "(info_type_id = it1.id)"}]}]}, {"Node Type": "Bitmap Heap Scan", "Parent Relationship": "Inner", "Relation Name": "movie_info_idx", "Alias": "mi_idx", "Startup Cost": 0.37, "Total Cost": 4.39, "Plan Rows": 2, "Plan Width": 13, "Recheck Cond": "(movie_id = mi.movie_id)", "Plans": [{"Node Type": "Bitmap Index Scan", "Parent Relationship": "Outer", "Index Name": "movie_id_movie_info_idx", "Startup Cost": 0.0, "Total Cost": 0.37, "Plan Rows": 2, "Plan Width": 0, "Index Cond": "(movie_id = mi.movie_id)"}]}]}]}, {"Node Type": "Bitmap Heap Scan", "Parent Relationship": "Inner", "Relation Name": "title", "Alias": "t", "Startup Cost": 0.28, "Total Cost": 4.3, "Plan Rows": 1, "Plan Width": 21, "Recheck Cond": "(id = mi_idx.movie_id)", "Plans": [{"Node Type": "Bitmap Index Scan", "Parent Relationship": "Outer", "Index Name": "title_pkey", "Startup Cost": 0.0, "Total Cost": 0.28, "Plan Rows": 1, "Plan Width": 0, "Index Cond": "(id = mi_idx.movie_id)"}]}]}, {"Node Type": "Bitmap Heap Scan", "Parent Relationship": "Inner", "Relation Name": "cast_info", "Alias": "ci", "Startup Cost": 0.52, "Total Cost": 4.63, "Plan Rows": 1, "Plan Width": 8, "Recheck Cond": "(movie_id = t.id)", "Filter": "((note)::text = ANY ('{(writer),\"(head writer)\",\"(written by)\",(story),\"(story editor)\"}'::text[]))", "Plans": [{"Node Type": "Bitmap Index Scan", "Parent Relationship": "Outer", "Index Name": "movie_id_cast_info", "Startup Cost": 0.0, "Total Cost": 0.52, "Plan Rows": 6, "Plan Width": 0, "Index Cond": "(movie_id = t.id)"}]}]}, {"Node Type": "Bitmap Heap Scan", "Parent Relationship": "Inner", "Relation Name": "name", "Alias": "n", "Startup Cost": 0.31, "Total Cost": 4.32, "Plan Rows": 1, "Plan Width": 4, "Recheck Cond": "(id = ci.person_id)", "Filter": "((gender)::text = 'm'::text)", "Plans": [{"Node Type": "Bitmap Index Scan", "Parent Relationship": "Outer", "Index Name": "name_pkey", "Startup Cost": 0.0, "Total Cost": 0.31, "Plan Rows": 1, "Plan Width": 0, "Index Cond": "(id = ci.person_id)"}]}]}]}, "Unique SQL Id": 3913857139, "Planner Runtime": 32}, "explain_analyze_plan": {"Plan": {"Node Type": "Aggregate", "Strategy": "Plain", "Startup Cost": 191395.62, "Total Cost": 191395.63, "Plan Rows": 1, "Plan Width": 160, "Actual Startup Time": 14138.197, "Actual Total Time": 14138.197, "Actual Rows": 1, "Actual Loops": 1, "Plans": [{"Node Type": "Nested Loop", "Parent Relationship": "Outer", "Join Type": "Inner", "Startup Cost": 4861.24, "Total Cost": 191385.02, "Plan Rows": 1413, "Plan Width": 64, "Actual Startup Time": 187.003, "Actual Total Time": 14094.486, "Actual Rows": 28073, "Actual Loops": 1, "Inner Unique": true, "Plans": [{"Node Type": "Nested Loop", "Parent Relationship": "Outer", "Join Type": "Inner", "Startup Cost": 4860.93, "Total Cost": 186379.6, "Plan Rows": 1155, "Plan Width": 68, "Actual Startup Time": 184.391, "Actual Total Time": 13585.354, "Actual Rows": 54155, "Actual Loops": 1, "Inner Unique": false, "Plans": [{"Node Type": "Nested Loop", "Parent Relationship": "Outer", "Join Type": "Inner", "Startup Cost": 4860.41, "Total Cost": 181536.93, "Plan Rows": 1044, "Plan Width": 76, "Actual Startup Time": 181.346, "Actual Total Time": 3101.831, "Actual Rows": 102516, "Actual Loops": 1, "Inner Unique": true, "Join Filter": "(mi.movie_id = t.id)", "Rows Removed by Join Filter": 0, "Plans": [{"Node Type": "Nested Loop", "Parent Relationship": "Outer", "Join Type": "Inner", "Startup Cost": 4860.13, "Total Cost": 177037.74, "Plan Rows": 1044, "Plan Width": 55, "Actual Startup Time": 181.323, "Actual Total Time": 2380.152, "Actual Rows": 102516, "Actual Loops": 1, "Inner Unique": false, "Join Filter": "(mi_idx.info_type_id = it2.id)", "Rows Removed by Join Filter": 205269, "Plans": [{"Node Type": "Bitmap Heap Scan", "Parent Relationship": "Outer", "Relation Name": "info_type", "Alias": "it2", "Startup Cost": 8.81, "Total Cost": 14.21, "Plan Rows": 1, "Plan Width": 4, "Actual Startup Time": 0.075, "Actual Total Time": 0.079, "Actual Rows": 1, "Actual Loops": 1, "Filter": "((info)::text = 'votes'::text)", "Rows Removed by Filter": 111, "Exact Heap Blocks": 1, "Lossy Heap Blocks": 1, "Plans": [{"Node Type": "Bitmap Index Scan", "Parent Relationship": "Outer", "Index Name": "info_type_pkey", "Startup Cost": 0.0, "Total Cost": 8.81, "Plan Rows": 112, "Plan Width": 0, "Actual Startup Time": 0.014, "Actual Total Time": 0.014, "Actual Rows": 112, "Actual Loops": 1}]}, {"Node Type": "Nested Loop", "Parent Relationship": "Inner", "Join Type": "Inner", "Startup Cost": 4851.32, "Total Cost": 176971.34, "Plan Rows": 4175, "Plan Width": 59, "Actual Startup Time": 181.235, "Actual Total Time": 2285.67, "Actual Rows": 307785, "Actual Loops": 1, "Inner Unique": false, "Plans": [{"Node Type": "Nested Loop", "Parent Relationship": "Outer", "Join Type": "Inner", "Startup Cost": 4850.95, "Total Cost": 164983.91, "Plan Rows": 2717, "Plan Width": 46, "Actual Startup Time": 181.195, "Actual Total Time": 1161.625, "Actual Rows": 186594, "Actual Loops": 1, "Inner Unique": false, "Plans": [{"Node Type": "Bitmap Heap Scan", "Parent Relationship": "Outer", "Relation Name": "info_type", "Alias": "it1", "Startup Cost": 8.81, "Total Cost": 14.21, "Plan Rows": 1, "Plan Width": 4, "Actual Startup Time": 0.029, "Actual Total Time": 0.058, "Actual Rows": 1, "Actual Loops": 1, "Filter": "((info)::text = 'genres'::text)", "Rows Removed by Filter": 111, "Exact Heap Blocks": 1, "Lossy Heap Blocks": 1, "Plans": [{"Node Type": "Bitmap Index Scan", "Parent Relationship": "Outer", "Index Name": "info_type_pkey", "Startup Cost": 0.0, "Total Cost": 8.81, "Plan Rows": 112, "Plan Width": 0, "Actual Startup Time": 0.008, "Actual Total Time": 0.008, "Actual Rows": 112, "Actual Loops": 1}]}, {"Node Type": "Bitmap Heap Scan", "Parent Relationship": "Inner", "Relation Name": "movie_info", "Alias": "mi", "Startup Cost": 4842.14, "Total Cost": 164942.53, "Plan Rows": 2717, "Plan Width": 50, "Actual Startup Time": 181.162, "Actual Total Time": 1119.515, "Actual Rows": 186594, "Actual Loops": 1, "Recheck Cond": "(info_type_id = it1.id)", "Rows Removed by Index Recheck": 0, "Filter": "((info)::text = ANY ('{Horror,Action,Sci-Fi,Thriller,Crime,War}'::text[]))", "Rows Removed by Filter": 1347315, "Exact Heap Blocks": 7426, "Lossy Heap Blocks": 7426, "Plans": [{"Node Type": "Bitmap Index Scan", "Parent Relationship": "Outer", "Index Name": "info_type_id_movie_info", "Startup Cost": 0.0, "Total Cost": 4841.46, "Plan Rows": 212428, "Plan Width": 0, "Actual Startup Time": 179.772, "Actual Total Time": 179.772, "Actual Rows": 1533909, "Actual Loops": 1, "Index Cond": "(info_type_id = it1.id)"}]}]}, {"Node Type": "Bitmap Heap Scan", "Parent Relationship": "Inner", "Relation Name": "movie_info_idx", "Alias": "mi_idx", "Startup Cost": 0.37, "Total Cost": 4.39, "Plan Rows": 2, "Plan Width": 13, "Actual Startup Time": 770.753, "Actual Total Time": 815.789, "Actual Rows": 307785, "Actual Loops": 186594, "Recheck Cond": "(movie_id = mi.movie_id)", "Rows Removed by Index Recheck": 0, "Exact Heap Blocks": 103610, "Lossy Heap Blocks": 103610, "Plans": [{"Node Type": "Bitmap Index Scan", "Parent Relationship": "Outer", "Index Name": "movie_id_movie_info_idx", "Startup Cost": 0.0, "Total Cost": 0.37, "Plan Rows": 2, "Plan Width": 0, "Actual Startup Time": 523.523, "Actual Total Time": 523.523, "Actual Rows": 307785, "Actual Loops": 186594, "Index Cond": "(movie_id = mi.movie_id)"}]}]}]}, {"Node Type": "Bitmap Heap Scan", "Parent Relationship": "Inner", "Relation Name": "title", "Alias": "t", "Startup Cost": 0.28, "Total Cost": 4.3, "Plan Rows": 1, "Plan Width": 21, "Actual Startup Time": 551.607, "Actual Total Time": 551.607, "Actual Rows": 102516, "Actual Loops": 102516, "Recheck Cond": "(id = mi_idx.movie_id)", "Rows Removed by Index Recheck": 0, "Exact Heap Blocks": 102516, "Lossy Heap Blocks": 102516, "Plans": [{"Node Type": "Bitmap Index Scan", "Parent Relationship": "Outer", "Index Name": "title_pkey", "Startup Cost": 0.0, "Total Cost": 0.28, "Plan Rows": 1, "Plan Width": 0, "Actual Startup Time": 308.447, "Actual Total Time": 308.447, "Actual Rows": 102516, "Actual Loops": 102516, "Index Cond": "(id = mi_idx.movie_id)"}]}]}, {"Node Type": "Bitmap Heap Scan", "Parent Relationship": "Inner", "Relation Name": "cast_info", "Alias": "ci", "Startup Cost": 0.52, "Total Cost": 4.63, "Plan Rows": 1, "Plan Width": 8, "Actual Startup Time": 8932.38, "Actual Total Time": 10325.233, "Actual Rows": 54155, "Actual Loops": 102516, "Recheck Cond": "(movie_id = t.id)", "Rows Removed by Index Recheck": 0, "Filter": "((note)::text = ANY ('{(writer),\"(head writer)\",\"(written by)\",(story),\"(story editor)\"}'::text[]))", "Rows Removed by Filter": 3987641, "Exact Heap Blocks": 3901088, "Lossy Heap Blocks": 3901088, "Plans": [{"Node Type": "Bitmap Index Scan", "Parent Relationship": "Outer", "Index Name": "movie_id_cast_info", "Startup Cost": 0.0, "Total Cost": 0.52, "Plan Rows": 6, "Plan Width": 0, "Actual Startup Time": 1094.418, "Actual Total Time": 1094.418, "Actual Rows": 4041796, "Actual Loops": 102516, "Index Cond": "(movie_id = t.id)"}]}]}, {"Node Type": "Bitmap Heap Scan", "Parent Relationship": "Inner", "Relation Name": "name", "Alias": "n", "Startup Cost": 0.31, "Total Cost": 4.32, "Plan Rows": 1, "Plan Width": 4, "Actual Startup Time": 425.148, "Actual Total Time": 425.148, "Actual Rows": 28073, "Actual Loops": 54155, "Recheck Cond": "(id = ci.person_id)", "Rows Removed by Index Recheck": 0, "Filter": "((gender)::text = 'm'::text)", "Rows Removed by Filter": 26082, "Exact Heap Blocks": 54155, "Lossy Heap Blocks": 54155, "Plans": [{"Node Type": "Bitmap Index Scan", "Parent Relationship": "Outer", "Index Name": "name_pkey", "Startup Cost": 0.0, "Total Cost": 0.31, "Plan Rows": 1, "Plan Width": 0, "Actual Startup Time": 273.193, "Actual Total Time": 273.193, "Actual Rows": 54155, "Actual Loops": 54155, "Index Cond": "(id = ci.person_id)"}]}]}]}, "Triggers": [], "Planner Runtime": 7, "Total Runtime": 14138.488, "Unique SQL Id": 3913857139}}, "(16, 8)": {"explain_plan": {"Plan": {"Node Type": "Aggregate", "Strategy": "Plain", "Startup Cost": 49001.33, "Total Cost": 49001.34, "Plan Rows": 1, "Plan Width": 160, "Plans": [{"Node Type": "Nested Loop", "Parent Relationship": "Outer", "Join Type": "Inner", "Startup Cost": 2.41, "Total Cost": 48990.73, "Plan Rows": 1413, "Plan Width": 64, "Inner Unique": true, "Plans": [{"Node Type": "Nested Loop", "Parent Relationship": "Outer", "Join Type": "Inner", "Startup Cost": 2.41, "Total Cost": 48411.46, "Plan Rows": 1155, "Plan Width": 68, "Inner Unique": false, "Plans": [{"Node Type": "Nested Loop", "Parent Relationship": "Outer", "Join Type": "Inner", "Startup Cost": 2.41, "Total Cost": 47349.83, "Plan Rows": 1044, "Plan Width": 76, "Inner Unique": true, "Join Filter": "(mi.movie_id = t.id)", "Plans": [{"Node Type": "Nested Loop", "Parent Relationship": "Outer", "Join Type": "Inner", "Startup Cost": 2.41, "Total Cost": 46921.64, "Plan Rows": 1044, "Plan Width": 55, "Inner Unique": false, "Join Filter": "(mi_idx.info_type_id = it2.id)", "Plans": [{"Node Type": "Seq Scan", "Parent Relationship": "Outer", "Relation Name": "info_type", "Alias": "it2", "Startup Cost": 0.0, "Total Cost": 2.4, "Plan Rows": 1, "Plan Width": 4, "Filter": "((info)::text = 'votes'::text)"}, {"Node Type": "Materialize", "Parent Relationship": "Inner", "Startup Cost": 2.41, "Total Cost": 46877.49, "Plan Rows": 4175, "Plan Width": 59, "Plans": [{"Node Type": "Nested Loop", "Parent Relationship": "Outer", "Join Type": "Inner", "Startup Cost": 2.41, "Total Cost": 46867.05, "Plan Rows": 4175, "Plan Width": 59, "Inner Unique": false, "Plans": [{"Node Type": "Hash Join", "Parent Relationship": "Outer", "Join Type": "Inner", "Startup Cost": 2.41, "Total Cost": 45379.0, "Plan Rows": 2717, "Plan Width": 46, "Inner Unique": true, "Hash Cond": "(mi.info_type_id = it1.id)", "Plans": [{"Node Type": "Streaming(type: LOCAL GATHER dop: 1/16)", "Parent Relationship": "Outer", "Startup Cost": 0.0, "Total Cost": 44636.28, "Plan Rows": 190170, "Plan Width": 50, "Plans": [{"Node Type": "Seq Scan", "Parent Relationship": "Outer", "Relation Name": "movie_info", "Alias": "mi", "Startup Cost": 0.0, "Total Cost": 40532.03, "Plan Rows": 190170, "Plan Width": 50, "Filter": "((info)::text = ANY ('{Horror,Action,Sci-Fi,Thriller,Crime,War}'::text[]))"}]}, {"Node Type": "Hash", "Parent Relationship": "Inner", "Startup Cost": 2.4, "Total Cost": 2.4, "Plan Rows": 1, "Plan Width": 4, "Plans": [{"Node Type": "Seq Scan", "Parent Relationship": "Outer", "Relation Name": "info_type", "Alias": "it1", "Startup Cost": 0.0, "Total Cost": 2.4, "Plan Rows": 1, "Plan Width": 4, "Filter": "((info)::text = 'genres'::text)"}]}]}, {"Node Type": "Index Scan", "Parent Relationship": "Inner", "Scan Direction": "Forward", "Index Name": "movie_id_movie_info_idx", "Relation Name": "movie_info_idx", "Alias": "mi_idx", "Startup Cost": 0.0, "Total Cost": 0.53, "Plan Rows": 2, "Plan Width": 13, "Index Cond": "(movie_id = mi.movie_id)"}]}]}]}, {"Node Type": "Index Scan", "Parent Relationship": "Inner", "Scan Direction": "Forward", "Index Name": "title_pkey", "Relation Name": "title", "Alias": "t", "Startup Cost": 0.0, "Total Cost": 0.4, "Plan Rows": 1, "Plan Width": 21, "Index Cond": "(id = mi_idx.movie_id)"}]}, {"Node Type": "Index Scan", "Parent Relationship": "Inner", "Scan Direction": "Forward", "Index Name": "movie_id_cast_info", "Relation Name": "cast_info", "Alias": "ci", "Startup Cost": 0.0, "Total Cost": 1.01, "Plan Rows": 1, "Plan Width": 8, "Index Cond": "(movie_id = t.id)", "Filter": "((note)::text = ANY ('{(writer),\"(head writer)\",\"(written by)\",(story),\"(story editor)\"}'::text[]))"}]}, {"Node Type": "Index Scan", "Parent Relationship": "Inner", "Scan Direction": "Forward", "Index Name": "name_pkey", "Relation Name": "name", "Alias": "n", "Startup Cost": 0.0, "Total Cost": 0.49, "Plan Rows": 1, "Plan Width": 4, "Index Cond": "(id = ci.person_id)", "Filter": "((gender)::text = 'm'::text)"}]}]}, "Unique SQL Id": 3913857139, "Planner Runtime": 95}, "explain_analyze_plan": {"Plan": {"Node Type": "Aggregate", "Strategy": "Plain", "Startup Cost": 49001.33, "Total Cost": 49001.34, "Plan Rows": 1, "Plan Width": 160, "Actual Min Startup Time": 11556.951, "Actual Max Startup Time": 11556.951, "Actual Min Total Time": 11556.952, "Actual Max Total Time": 11556.952, "Plans": [{"Node Type": "Nested Loop", "Parent Relationship": "Outer", "Join Type": "Inner", "Startup Cost": 2.41, "Total Cost": 48990.73, "Plan Rows": 1413, "Plan Width": 64, "Actual Min Startup Time": 1427.079, "Actual Max Startup Time": 1427.079, "Actual Min Total Time": 11522.3, "Actual Max Total Time": 11522.3, "Inner Unique": true, "Plans": [{"Node Type": "Nested Loop", "Parent Relationship": "Outer", "Join Type": "Inner", "Startup Cost": 2.41, "Total Cost": 48411.46, "Plan Rows": 1155, "Plan Width": 68, "Actual Min Startup Time": 1427.016, "Actual Max Startup Time": 1427.016, "Actual Min Total Time": 11107.448, "Actual Max Total Time": 11107.448, "Inner Unique": false, "Plans": [{"Node Type": "Nested Loop", "Parent Relationship": "Outer", "Join Type": "Inner", "Startup Cost": 2.41, "Total Cost": 47349.83, "Plan Rows": 1044, "Plan Width": 76, "Actual Min Startup Time": 1426.985, "Actual Max Startup Time": 1426.985, "Actual Min Total Time": 2130.874, "Actual Max Total Time": 2130.874, "Inner Unique": true, "Join Filter": "(mi.movie_id = t.id)", "Rows Removed by Join Filter": 0, "Plans": [{"Node Type": "Nested Loop", "Parent Relationship": "Outer", "Join Type": "Inner", "Startup Cost": 2.41, "Total Cost": 46921.64, "Plan Rows": 1044, "Plan Width": 55, "Actual Min Startup Time": 1426.963, "Actual Max Startup Time": 1426.963, "Actual Min Total Time": 1570.38, "Actual Max Total Time": 1570.38, "Inner Unique": false, "Join Filter": "(mi_idx.info_type_id = it2.id)", "Rows Removed by Join Filter": 205269, "Plans": [{"Node Type": "Seq Scan", "Parent Relationship": "Outer", "Relation Name": "info_type", "Alias": "it2", "Startup Cost": 0.0, "Total Cost": 2.4, "Plan Rows": 1, "Plan Width": 4, "Actual Min Startup Time": 0.059, "Actual Max Startup Time": 0.059, "Actual Min Total Time": 0.071, "Actual Max Total Time": 0.071, "Filter": "((info)::text = 'votes'::text)", "Rows Removed by Filter": 111, "Actual Rows": 1}, {"Node Type": "Materialize", "Parent Relationship": "Inner", "Startup Cost": 2.41, "Total Cost": 46877.49, "Plan Rows": 4175, "Plan Width": 59, "Actual Min Startup Time": 1426.889, "Actual Max Startup Time": 1426.889, "Actual Min Total Time": 1466.246, "Actual Max Total Time": 1466.246, "Plans": [{"Node Type": "Nested Loop", "Parent Relationship": "Outer", "Join Type": "Inner", "Startup Cost": 2.41, "Total Cost": 46867.05, "Plan Rows": 4175, "Plan Width": 59, "Actual Min Startup Time": 419.401, "Actual Max Startup Time": 419.401, "Actual Min Total Time": 1338.386, "Actual Max Total Time": 1338.386, "Inner Unique": false, "Plans": [{"Node Type": "Hash Join", "Parent Relationship": "Outer", "Join Type": "Inner", "Startup Cost": 2.41, "Total Cost": 45379.0, "Plan Rows": 2717, "Plan Width": 46, "Actual Min Startup Time": 419.355, "Actual Max Startup Time": 419.355, "Actual Min Total Time": 571.588, "Actual Max Total Time": 571.588, "Inner Unique": true, "Hash Cond": "(mi.info_type_id = it1.id)", "Plans": [{"Node Type": "Streaming(type: LOCAL GATHER dop: 1/16)", "Parent Relationship": "Outer", "Startup Cost": 0.0, "Total Cost": 44636.28, "Plan Rows": 190170, "Plan Width": 50, "Actual Min Startup Time": 298.259, "Actual Max Startup Time": 298.259, "Actual Min Total Time": 478.235, "Actual Max Total Time": 478.235, "Plans": [{"Node Type": "Seq Scan", "Parent Relationship": "Outer", "Relation Name": "movie_info", "Alias": "mi", "Startup Cost": 0.0, "Total Cost": 40532.03, "Plan Rows": 190170, "Plan Width": 50, "Actual Min Startup Time": 226.254, "Actual Max Startup Time": 410.433, "Actual Min Total Time": 456.953, "Actual Max Total Time": 475.703, "Filter": "((info)::text = ANY ('{Horror,Action,Sci-Fi,Thriller,Crime,War}'::text[]))", "Rows Removed by Filter": 14646748, "Actual Rows": 188971}], "Actual Rows": 188971}, {"Node Type": "Hash", "Parent Relationship": "Inner", "Startup Cost": 2.4, "Total Cost": 2.4, "Plan Rows": 1, "Plan Width": 4, "Actual Min Startup Time": 0.078, "Actual Max Startup Time": 0.078, "Actual Min Total Time": 0.078, "Actual Max Total Time": 0.078, "Max Hash Buckets": 32768, "Min Hash Buckets": 32768, "Max Hash Batches": 1, "Min Hash Batches": 1, "Max Original Hash Batches": 1, "Min Original Hash Batches": 1, "Max Peak Memory Usage": 1, "min Peak Memory Usage": 1, "Plans": [{"Node Type": "Seq Scan", "Parent Relationship": "Outer", "Relation Name": "info_type", "Alias": "it1", "Startup Cost": 0.0, "Total Cost": 2.4, "Plan Rows": 1, "Plan Width": 4, "Actual Min Startup Time": 0.045, "Actual Max Startup Time": 0.045, "Actual Min Total Time": 0.069, "Actual Max Total Time": 0.069, "Filter": "((info)::text = 'genres'::text)", "Rows Removed by Filter": 111, "Actual Rows": 1}], "Actual Rows": 1}], "Actual Rows": 186594}, {"Node Type": "Index Scan", "Parent Relationship": "Inner", "Scan Direction": "Forward", "Index Name": "movie_id_movie_info_idx", "Relation Name": "movie_info_idx", "Alias": "mi_idx", "Startup Cost": 0.0, "Total Cost": 0.53, "Plan Rows": 2, "Plan Width": 13, "Actual Min Startup Time": 500.569, "Actual Max Startup Time": 500.569, "Actual Min Total Time": 614.097, "Actual Max Total Time": 614.097, "Index Cond": "(movie_id = mi.movie_id)", "Rows Removed by Index Recheck": 0, "Actual Rows": 307785}], "Actual Rows": 307785}], "Actual Rows": 307786}], "Actual Rows": 102516}, {"Node Type": "Index Scan", "Parent Relationship": "Inner", "Scan Direction": "Forward", "Index Name": "title_pkey", "Relation Name": "title", "Alias": "t", "Startup Cost": 0.0, "Total Cost": 0.4, "Plan Rows": 1, "Plan Width": 21, "Actual Min Startup Time": 456.631, "Actual Max Startup Time": 456.631, "Actual Min Total Time": 456.631, "Actual Max Total Time": 456.631, "Index Cond": "(id = mi_idx.movie_id)", "Rows Removed by Index Recheck": 0, "Actual Rows": 102516}], "Actual Rows": 102516}, {"Node Type": "Index Scan", "Parent Relationship": "Inner", "Scan Direction": "Forward", "Index Name": "movie_id_cast_info", "Relation Name": "cast_info", "Alias": "ci", "Startup Cost": 0.0, "Total Cost": 1.01, "Plan Rows": 1, "Plan Width": 8, "Actual Min Startup Time": 7597.735, "Actual Max Startup Time": 7597.735, "Actual Min Total Time": 8906.114, "Actual Max Total Time": 8906.114, "Index Cond": "(movie_id = t.id)", "Rows Removed by Index Recheck": 0, "Filter": "((note)::text = ANY ('{(writer),\"(head writer)\",\"(written by)\",(story),\"(story editor)\"}'::text[]))", "Rows Removed by Filter": 3987641, "Actual Rows": 54155}], "Actual Rows": 54155}, {"Node Type": "Index Scan", "Parent Relationship": "Inner", "Scan Direction": "Forward", "Index Name": "name_pkey", "Relation Name": "name", "Alias": "n", "Startup Cost": 0.0, "Total Cost": 0.49, "Plan Rows": 1, "Plan Width": 4, "Actual Min Startup Time": 371.683, "Actual Max Startup Time": 371.683, "Actual Min Total Time": 371.683, "Actual Max Total Time": 371.683, "Index Cond": "(id = ci.person_id)", "Rows Removed by Index Recheck": 0, "Filter": "((gender)::text = 'm'::text)", "Rows Removed by Filter": 26082, "Actual Rows": 28073}], "Actual Rows": 28073}], "Actual Rows": 1}, "Triggers": [], "Planner Runtime": 89, "Total Runtime": 11560.154, "Unique SQL Id": 3913857139}}, "(16, 9)": {"explain_plan": {"Plan": {"Node Type": "Aggregate", "Strategy": "Plain", "Startup Cost": 385547.34, "Total Cost": 385547.35, "Plan Rows": 1, "Plan Width": 160, "Plans": [{"Node Type": "Nested Loop", "Parent Relationship": "Outer", "Join Type": "Inner", "Startup Cost": 0.0, "Total Cost": 385536.75, "Plan Rows": 1413, "Plan Width": 64, "Inner Unique": true, "Plans": [{"Node Type": "Nested Loop", "Parent Relationship": "Outer", "Join Type": "Inner", "Startup Cost": 0.0, "Total Cost": 384957.48, "Plan Rows": 1155, "Plan Width": 68, "Inner Unique": false, "Plans": [{"Node Type": "Nested Loop", "Parent Relationship": "Outer", "Join Type": "Inner", "Startup Cost": 0.0, "Total Cost": 383895.85, "Plan Rows": 1044, "Plan Width": 76, "Inner Unique": true, "Join Filter": "(mi.movie_id = t.id)", "Plans": [{"Node Type": "Nested Loop", "Parent Relationship": "Outer", "Join Type": "Inner", "Startup Cost": 0.0, "Total Cost": 383467.66, "Plan Rows": 1044, "Plan Width": 55, "Inner Unique": false, "Join Filter": "(mi.info_type_id = it1.id)", "Plans": [{"Node Type": "Index Scan", "Parent Relationship": "Outer", "Scan Direction": "Forward", "Index Name": "info_type_pkey", "Relation Name": "info_type", "Alias": "it1", "Startup Cost": 0.0, "Total Cost": 14.21, "Plan Rows": 1, "Plan Width": 4, "Filter": "((info)::text = 'genres'::text)"}, {"Node Type": "Nested Loop", "Parent Relationship": "Inner", "Join Type": "Inner", "Startup Cost": 0.0, "Total Cost": 380590.58, "Plan Rows": 229029, "Plan Width": 59, "Inner Unique": false, "Plans": [{"Node Type": "Nested Loop", "Parent Relationship": "Outer", "Join Type": "Inner", "Startup Cost": 0.0, "Total Cost": 38338.2, "Plan Rows": 345008, "Plan Width": 9, "Inner Unique": false, "Plans": [{"Node Type": "Index Scan", "Parent Relationship": "Outer", "Scan Direction": "Forward", "Index Name": "info_type_pkey", "Relation Name": "info_type", "Alias": "it2", "Startup Cost": 0.0, "Total Cost": 14.21, "Plan Rows": 1, "Plan Width": 4, "Filter": "((info)::text = 'votes'::text)"}, {"Node Type": "Index Scan", "Parent Relationship": "Inner", "Scan Direction": "Forward", "Index Name": "info_type_id_movie_info_idx", "Relation Name": "movie_info_idx", "Alias": "mi_idx", "Startup Cost": 0.0, "Total Cost": 34873.91, "Plan Rows": 345008, "Plan Width": 13, "Index Cond": "(info_type_id = it2.id), (LLVM Optimized)"}]}, {"Node Type": "Index Scan", "Parent Relationship": "Inner", "Scan Direction": "Forward", "Index Name": "movie_id_movie_info", "Relation Name": "movie_info", "Alias": "mi", "Startup Cost": 0.0, "Total Cost": 0.98, "Plan Rows": 1, "Plan Width": 50, "Index Cond": "(movie_id = mi_idx.movie_id)", "Filter": "((info)::text = ANY ('{Horror,Action,Sci-Fi,Thriller,Crime,War}'::text[]))"}]}]}, {"Node Type": "Index Scan", "Parent Relationship": "Inner", "Scan Direction": "Forward", "Index Name": "title_pkey", "Relation Name": "title", "Alias": "t", "Startup Cost": 0.0, "Total Cost": 0.4, "Plan Rows": 1, "Plan Width": 21, "Index Cond": "(id = mi_idx.movie_id)"}]}, {"Node Type": "Index Scan", "Parent Relationship": "Inner", "Scan Direction": "Forward", "Index Name": "movie_id_cast_info", "Relation Name": "cast_info", "Alias": "ci", "Startup Cost": 0.0, "Total Cost": 1.01, "Plan Rows": 1, "Plan Width": 8, "Index Cond": "(movie_id = t.id)", "Filter": "((note)::text = ANY ('{(writer),\"(head writer)\",\"(written by)\",(story),\"(story editor)\"}'::text[]))"}]}, {"Node Type": "Index Scan", "Parent Relationship": "Inner", "Scan Direction": "Forward", "Index Name": "name_pkey", "Relation Name": "name", "Alias": "n", "Startup Cost": 0.0, "Total Cost": 0.49, "Plan Rows": 1, "Plan Width": 4, "Index Cond": "(id = ci.person_id)", "Filter": "((gender)::text = 'm'::text)"}]}]}, "Unique SQL Id": 3913857139, "Planner Runtime": 30}, "explain_analyze_plan": {"Plan": {"Node Type": "Aggregate", "Strategy": "Plain", "Startup Cost": 385547.34, "Total Cost": 385547.35, "Plan Rows": 1, "Plan Width": 160, "Actual Startup Time": 19831.111, "Actual Total Time": 19831.111, "Actual Rows": 1, "Actual Loops": 1, "Plans": [{"Node Type": "Nested Loop", "Parent Relationship": "Outer", "Join Type": "Inner", "Startup Cost": 0.0, "Total Cost": 385536.75, "Plan Rows": 1413, "Plan Width": 64, "Actual Startup Time": 29.663, "Actual Total Time": 19790.655, "Actual Rows": 28073, "Actual Loops": 1, "Inner Unique": true, "Plans": [{"Node Type": "Nested Loop", "Parent Relationship": "Outer", "Join Type": "Inner", "Startup Cost": 0.0, "Total Cost": 384957.48, "Plan Rows": 1155, "Plan Width": 68, "Actual Startup Time": 14.7, "Actual Total Time": 19348.306, "Actual Rows": 54155, "Actual Loops": 1, "Inner Unique": false, "Plans": [{"Node Type": "Nested Loop", "Parent Relationship": "Outer", "Join Type": "Inner", "Startup Cost": 0.0, "Total Cost": 383895.85, "Plan Rows": 1044, "Plan Width": 76, "Actual Startup Time": 0.805, "Actual Total Time": 10066.457, "Actual Rows": 102516, "Actual Loops": 1, "Inner Unique": true, "Join Filter": "(mi.movie_id = t.id)", "Rows Removed by Join Filter": 0, "Plans": [{"Node Type": "Nested Loop", "Parent Relationship": "Outer", "Join Type": "Inner", "Startup Cost": 0.0, "Total Cost": 383467.66, "Plan Rows": 1044, "Plan Width": 55, "Actual Startup Time": 0.793, "Actual Total Time": 9476.47, "Actual Rows": 102516, "Actual Loops": 1, "Inner Unique": false, "Join Filter": "(mi.info_type_id = it1.id)", "Rows Removed by Join Filter": 2376, "Plans": [{"Node Type": "Index Scan", "Parent Relationship": "Outer", "Scan Direction": "Forward", "Index Name": "info_type_pkey", "Relation Name": "info_type", "Alias": "it1", "Startup Cost": 0.0, "Total Cost": 14.21, "Plan Rows": 1, "Plan Width": 4, "Actual Startup Time": 0.027, "Actual Total Time": 0.081, "Actual Rows": 1, "Actual Loops": 1, "Filter": "((info)::text = 'genres'::text)", "Rows Removed by Filter": 111}, {"Node Type": "Nested Loop", "Parent Relationship": "Inner", "Join Type": "Inner", "Startup Cost": 0.0, "Total Cost": 380590.58, "Plan Rows": 229029, "Plan Width": 59, "Actual Startup Time": 0.761, "Actual Total Time": 9433.358, "Actual Rows": 104892, "Actual Loops": 1, "Inner Unique": false, "Plans": [{"Node Type": "Nested Loop", "Parent Relationship": "Outer", "Join Type": "Inner", "Startup Cost": 0.0, "Total Cost": 38338.2, "Plan Rows": 345008, "Plan Width": 9, "Actual Startup Time": 0.072, "Actual Total Time": 406.914, "Actual Rows": 459925, "Actual Loops": 1, "Inner Unique": false, "Plans": [{"Node Type": "Index Scan", "Parent Relationship": "Outer", "Scan Direction": "Forward", "Index Name": "info_type_pkey", "Relation Name": "info_type", "Alias": "it2", "Startup Cost": 0.0, "Total Cost": 14.21, "Plan Rows": 1, "Plan Width": 4, "Actual Startup Time": 0.053, "Actual Total Time": 0.068, "Actual Rows": 1, "Actual Loops": 1, "Filter": "((info)::text = 'votes'::text)", "Rows Removed by Filter": 111}, {"Node Type": "Index Scan", "Parent Relationship": "Inner", "Scan Direction": "Forward", "Index Name": "info_type_id_movie_info_idx", "Relation Name": "movie_info_idx", "Alias": "mi_idx", "Startup Cost": 0.0, "Total Cost": 34873.91, "Plan Rows": 345008, "Plan Width": 13, "Actual Startup Time": 0.016, "Actual Total Time": 295.179, "Actual Rows": 459925, "Actual Loops": 1, "Index Cond": "(info_type_id = it2.id), (LLVM Optimized, Jit Execute)", "Rows Removed by Index Recheck": 0}]}, {"Node Type": "Index Scan", "Parent Relationship": "Inner", "Scan Direction": "Forward", "Index Name": "movie_id_movie_info", "Relation Name": "movie_info", "Alias": "mi", "Startup Cost": 0.0, "Total Cost": 0.98, "Plan Rows": 1, "Plan Width": 50, "Actual Startup Time": 8592.13, "Actual Total Time": 8755.617, "Actual Rows": 104892, "Actual Loops": 459925, "Index Cond": "(movie_id = mi_idx.movie_id)", "Rows Removed by Index Recheck": 0, "Filter": "((info)::text = ANY ('{Horror,Action,Sci-Fi,Thriller,Crime,War}'::text[]))", "Rows Removed by Filter": 6825442}]}]}, {"Node Type": "Index Scan", "Parent Relationship": "Inner", "Scan Direction": "Forward", "Index Name": "title_pkey", "Relation Name": "title", "Alias": "t", "Startup Cost": 0.0, "Total Cost": 0.4, "Plan Rows": 1, "Plan Width": 21, "Actual Startup Time": 469.619, "Actual Total Time": 469.619, "Actual Rows": 102516, "Actual Loops": 102516, "Index Cond": "(id = mi_idx.movie_id)", "Rows Removed by Index Recheck": 0}]}, {"Node Type": "Index Scan", "Parent Relationship": "Inner", "Scan Direction": "Forward", "Index Name": "movie_id_cast_info", "Relation Name": "cast_info", "Alias": "ci", "Startup Cost": 0.0, "Total Cost": 1.01, "Plan Rows": 1, "Plan Width": 8, "Actual Startup Time": 7850.991, "Actual Total Time": 9208.892, "Actual Rows": 54155, "Actual Loops": 102516, "Index Cond": "(movie_id = t.id)", "Rows Removed by Index Recheck": 0, "Filter": "((note)::text = ANY ('{(writer),\"(head writer)\",\"(written by)\",(story),\"(story editor)\"}'::text[]))", "Rows Removed by Filter": 3987641}]}, {"Node Type": "Index Scan", "Parent Relationship": "Inner", "Scan Direction": "Forward", "Index Name": "name_pkey", "Relation Name": "name", "Alias": "n", "Startup Cost": 0.0, "Total Cost": 0.49, "Plan Rows": 1, "Plan Width": 4, "Actual Startup Time": 392.522, "Actual Total Time": 392.522, "Actual Rows": 28073, "Actual Loops": 54155, "Index Cond": "(id = ci.person_id)", "Rows Removed by Index Recheck": 0, "Filter": "((gender)::text = 'm'::text)", "Rows Removed by Filter": 26082}]}]}, "Triggers": [], "Planner Runtime": 7, "Total Runtime": 19840.176, "Unique SQL Id": 3913857139}}, "(16, 10)": {"explain_plan": {"Plan": {"Node Type": "Aggregate", "Strategy": "Plain", "Startup Cost": 219731.77, "Total Cost": 219731.81, "Plan Rows": 1, "Plan Width": 160, "Plans": [{"Node Type": "Streaming(type: LOCAL GATHER dop: 1/16)", "Parent Relationship": "Outer", "Startup Cost": 219731.77, "Total Cost": 219731.81, "Plan Rows": 1, "Plan Width": 160, "Plans": [{"Node Type": "Aggregate", "Strategy": "Plain", "Parent Relationship": "Outer", "Startup Cost": 219731.77, "Total Cost": 219731.78, "Plan Rows": 1, "Plan Width": 160, "Plans": [{"Node Type": "Hash Join", "Parent Relationship": "Outer", "Join Type": "Inner", "Startup Cost": 112541.07, "Total Cost": 219721.18, "Plan Rows": 1413, "Plan Width": 64, "Inner Unique": true, "Hash Cond": "(ci.person_id = n.id)", "Plans": [{"Node Type": "Streaming(type: BROADCAST dop: 16/16)", "Parent Relationship": "Outer", "Startup Cost": 105814.1, "Total Cost": 212988.99, "Plan Rows": 18480, "Plan Width": 68, "Plans": [{"Node Type": "Hash Join", "Parent Relationship": "Outer", "Join Type": "Inner", "Startup Cost": 105814.1, "Total Cost": 197942.07, "Plan Rows": 1155, "Plan Width": 68, "Inner Unique": true, "Hash Cond": "(mi.movie_id = t.id)", "Plans": [{"Node Type": "Streaming(type: BROADCAST dop: 16/16)", "Parent Relationship": "Outer", "Startup Cost": 85084.54, "Total Cost": 177207.46, "Plan Rows": 18480, "Plan Width": 63, "Plans": [{"Node Type": "Hash Join", "Parent Relationship": "Outer", "Join Type": "Inner", "Startup Cost": 85084.54, "Total Cost": 162160.53, "Plan Rows": 1155, "Plan Width": 63, "Inner Unique": false, "Hash Cond": "(mi.movie_id = ci.movie_id)", "Plans": [{"Node Type": "Streaming(type: BROADCAST dop: 16/1)", "Parent Relationship": "Outer", "Startup Cost": 17347.71, "Total Cost": 94190.7, "Plan Rows": 16704, "Plan Width": 55, "Plans": [{"Node Type": "Nested Loop", "Parent Relationship": "Outer", "Join Type": "Inner", "Startup Cost": 17347.71, "Total Cost": 78830.19, "Plan Rows": 1044, "Plan Width": 55, "Inner Unique": false, "Join Filter": "(mi_idx.info_type_id = it2.id)", "Plans": [{"Node Type": "Seq Scan", "Parent Relationship": "Outer", "Relation Name": "info_type", "Alias": "it2", "Startup Cost": 0.0, "Total Cost": 2.4, "Plan Rows": 1, "Plan Width": 4, "Filter": "((info)::text = 'votes'::text)"}, {"Node Type": "Materialize", "Parent Relationship": "Inner", "Startup Cost": 17347.71, "Total Cost": 78786.04, "Plan Rows": 4175, "Plan Width": 59, "Plans": [{"Node Type": "Streaming(type: LOCAL GATHER dop: 1/16)", "Parent Relationship": "Outer", "Startup Cost": 17347.71, "Total Cost": 78775.6, "Plan Rows": 4175, "Plan Width": 59, "Plans": [{"Node Type": "Hash Join", "Parent Relationship": "Outer", "Join Type": "Inner", "Startup Cost": 17347.71, "Total Cost": 78685.5, "Plan Rows": 4175, "Plan Width": 59, "Inner Unique": false, "Hash Cond": "(mi.movie_id = mi_idx.movie_id)", "Plans": [{"Node Type": "Streaming(type: BROADCAST dop: 16/1)", "Parent Relationship": "Outer", "Startup Cost": 2.41, "Total Cost": 61317.21, "Plan Rows": 43472, "Plan Width": 46, "Plans": [{"Node Type": "Hash Join", "Parent Relationship": "Outer", "Join Type": "Inner", "Startup Cost": 2.41, "Total Cost": 45379.0, "Plan Rows": 2717, "Plan Width": 46, "Inner Unique": true, "Hash Cond": "(mi.info_type_id = it1.id)", "Plans": [{"Node Type": "Streaming(type: LOCAL GATHER dop: 1/16)", "Parent Relationship": "Outer", "Startup Cost": 0.0, "Total Cost": 44636.28, "Plan Rows": 190170, "Plan Width": 50, "Plans": [{"Node Type": "Seq Scan", "Parent Relationship": "Outer", "Relation Name": "movie_info", "Alias": "mi", "Startup Cost": 0.0, "Total Cost": 40532.03, "Plan Rows": 190170, "Plan Width": 50, "Filter": "((info)::text = ANY ('{Horror,Action,Sci-Fi,Thriller,Crime,War}'::text[]))"}]}, {"Node Type": "Hash", "Parent Relationship": "Inner", "Startup Cost": 2.4, "Total Cost": 2.4, "Plan Rows": 1, "Plan Width": 4, "Plans": [{"Node Type": "Seq Scan", "Parent Relationship": "Outer", "Relation Name": "info_type", "Alias": "it1", "Startup Cost": 0.0, "Total Cost": 2.4, "Plan Rows": 1, "Plan Width": 4, "Filter": "((info)::text = 'genres'::text)"}]}]}]}, {"Node Type": "Hash", "Parent Relationship": "Inner", "Startup Cost": 16267.15, "Total Cost": 16267.15, "Plan Rows": 1380034, "Plan Width": 13, "Plans": [{"Node Type": "Seq Scan", "Parent Relationship": "Outer", "Relation Name": "movie_info_idx", "Alias": "mi_idx", "Startup Cost": 0.0, "Total Cost": 16267.15, "Plan Rows": 1380034, "Plan Width": 13}]}]}]}]}]}]}, {"Node Type": "Hash", "Parent Relationship": "Inner", "Startup Cost": 66781.24, "Total Cost": 66781.24, "Plan Rows": 1223154, "Plan Width": 8, "Plans": [{"Node Type": "Seq Scan", "Parent Relationship": "Outer", "Relation Name": "cast_info", "Alias": "ci", "Startup Cost": 0.0, "Total Cost": 66781.24, "Plan Rows": 1223154, "Plan Width": 8, "Filter": "((note)::text = ANY ('{(writer),\"(head writer)\",\"(written by)\",(story),\"(story editor)\"}'::text[]))"}]}]}]}, {"Node Type": "Hash", "Parent Relationship": "Inner", "Startup Cost": 18754.32, "Total Cost": 18754.32, "Plan Rows": 2528311, "Plan Width": 21, "Plans": [{"Node Type": "Seq Scan", "Parent Relationship": "Outer", "Relation Name": "title", "Alias": "t", "Startup Cost": 0.0, "Total Cost": 18754.32, "Plan Rows": 2528311, "Plan Width": 21}]}]}]}, {"Node Type": "Hash", "Parent Relationship": "Inner", "Startup Cost": 21468.16, "Total Cost": 21468.16, "Plan Rows": 1740714, "Plan Width": 4, "Plans": [{"Node Type": "Seq Scan", "Parent Relationship": "Outer", "Relation Name": "name", "Alias": "n", "Startup Cost": 0.0, "Total Cost": 21468.16, "Plan Rows": 1740714, "Plan Width": 4, "Filter": "((gender)::text = 'm'::text), (LLVM Optimized)"}]}]}]}]}]}, "Unique SQL Id": 3913857139, "Planner Runtime": 150}, "explain_analyze_plan": {"Plan": {"Node Type": "Aggregate", "Strategy": "Plain", "Startup Cost": 219731.77, "Total Cost": 219731.81, "Plan Rows": 1, "Plan Width": 160, "Actual Min Startup Time": 3364.614, "Actual Max Startup Time": 3364.614, "Actual Min Total Time": 3364.615, "Actual Max Total Time": 3364.615, "Plans": [{"Node Type": "Streaming(type: LOCAL GATHER dop: 1/16)", "Parent Relationship": "Outer", "Startup Cost": 219731.77, "Total Cost": 219731.81, "Plan Rows": 1, "Plan Width": 160, "Actual Min Startup Time": 3363.805, "Actual Max Startup Time": 3363.805, "Actual Min Total Time": 3364.574, "Actual Max Total Time": 3364.574, "Plans": [{"Node Type": "Aggregate", "Strategy": "Plain", "Parent Relationship": "Outer", "Startup Cost": 219731.77, "Total Cost": 219731.78, "Plan Rows": 1, "Plan Width": 160, "Actual Min Startup Time": 3219.72, "Actual Max Startup Time": 3291.292, "Actual Min Total Time": 3219.72, "Actual Max Total Time": 3291.292, "Plans": [{"Node Type": "Hash Join", "Parent Relationship": "Outer", "Join Type": "Inner", "Startup Cost": 112541.07, "Total Cost": 219721.18, "Plan Rows": 1413, "Plan Width": 64, "Actual Min Startup Time": 1912.326, "Actual Max Startup Time": 1983.906, "Actual Min Total Time": 3218.156, "Actual Max Total Time": 3289.765, "Inner Unique": true, "Hash Cond": "(ci.person_id = n.id)", "Plans": [{"Node Type": "Streaming(type: BROADCAST dop: 16/16)", "Parent Relationship": "Outer", "Startup Cost": 105814.1, "Total Cost": 212988.99, "Plan Rows": 18480, "Plan Width": 68, "Actual Min Startup Time": 1781.909, "Actual Max Startup Time": 1830.08, "Actual Min Total Time": 3062.634, "Actual Max Total Time": 3119.466, "Plans": [{"Node Type": "Hash Join", "Parent Relationship": "Outer", "Join Type": "Inner", "Startup Cost": 105814.1, "Total Cost": 197942.07, "Plan Rows": 1155, "Plan Width": 68, "Actual Min Startup Time": 1905.702, "Actual Max Startup Time": 1950.322, "Actual Min Total Time": 3182.888, "Actual Max Total Time": 3218.725, "Inner Unique": true, "Hash Cond": "(mi.movie_id = t.id)", "Plans": [{"Node Type": "Streaming(type: BROADCAST dop: 16/16)", "Parent Relationship": "Outer", "Startup Cost": 85084.54, "Total Cost": 177207.46, "Plan Rows": 18480, "Plan Width": 63, "Actual Min Startup Time": 1793.94, "Actual Max Startup Time": 1840.388, "Actual Min Total Time": 3053.528, "Actual Max Total Time": 3090.757, "Plans": [{"Node Type": "Hash Join", "Parent Relationship": "Outer", "Join Type": "Inner", "Startup Cost": 85084.54, "Total Cost": 162160.53, "Plan Rows": 1155, "Plan Width": 63, "Actual Min Startup Time": 1888.985, "Actual Max Startup Time": 1907.456, "Actual Min Total Time": 3173.032, "Actual Max Total Time": 3216.109, "Inner Unique": false, "Hash Cond": "(mi.movie_id = ci.movie_id)", "Plans": [{"Node Type": "Streaming(type: BROADCAST dop: 16/1)", "Parent Relationship": "Outer", "Startup Cost": 17347.71, "Total Cost": 94190.7, "Plan Rows": 16704, "Plan Width": 55, "Actual Min Startup Time": 984.421, "Actual Max Startup Time": 1007.018, "Actual Min Total Time": 2233.606, "Actual Max Total Time": 2288.444, "Plans": [{"Node Type": "Nested Loop", "Parent Relationship": "Outer", "Join Type": "Inner", "Startup Cost": 17347.71, "Total Cost": 78830.19, "Plan Rows": 1044, "Plan Width": 55, "Actual Min Startup Time": 1891.856, "Actual Max Startup Time": 1891.856, "Actual Min Total Time": 2038.628, "Actual Max Total Time": 2038.628, "Inner Unique": false, "Join Filter": "(mi_idx.info_type_id = it2.id)", "Rows Removed by Join Filter": 205269, "Plans": [{"Node Type": "Seq Scan", "Parent Relationship": "Outer", "Relation Name": "info_type", "Alias": "it2", "Startup Cost": 0.0, "Total Cost": 2.4, "Plan Rows": 1, "Plan Width": 4, "Actual Min Startup Time": 0.086, "Actual Max Startup Time": 0.086, "Actual Min Total Time": 0.116, "Actual Max Total Time": 0.116, "Filter": "((info)::text = 'votes'::text)", "Rows Removed by Filter": 111, "Actual Rows": 1}, {"Node Type": "Materialize", "Parent Relationship": "Inner", "Startup Cost": 17347.71, "Total Cost": 78786.04, "Plan Rows": 4175, "Plan Width": 59, "Actual Min Startup Time": 1891.74, "Actual Max Startup Time": 1891.74, "Actual Min Total Time": 1937.841, "Actual Max Total Time": 1937.841, "Plans": [{"Node Type": "Streaming(type: LOCAL GATHER dop: 1/16)", "Parent Relationship": "Outer", "Startup Cost": 17347.71, "Total Cost": 78775.6, "Plan Rows": 4175, "Plan Width": 59, "Actual Min Startup Time": 367.705, "Actual Max Startup Time": 367.705, "Actual Min Total Time": 1844.065, "Actual Max Total Time": 1844.065, "Plans": [{"Node Type": "Hash Join", "Parent Relationship": "Outer", "Join Type": "Inner", "Startup Cost": 17347.71, "Total Cost": 78685.5, "Plan Rows": 4175, "Plan Width": 59, "Actual Min Startup Time": 369.236, "Actual Max Startup Time": 565.479, "Actual Min Total Time": 1867.09, "Actual Max Total Time": 1919.461, "Inner Unique": false, "Hash Cond": "(mi.movie_id = mi_idx.movie_id)", "Plans": [{"Node Type": "Streaming(type: BROADCAST dop: 16/1)", "Parent Relationship": "Outer", "Startup Cost": 2.41, "Total Cost": 61317.21, "Plan Rows": 43472, "Plan Width": 46, "Actual Min Startup Time": 280.796, "Actual Max Startup Time": 367.976, "Actual Min Total Time": 1731.945, "Actual Max Total Time": 1821.086, "Plans": [{"Node Type": "Hash Join", "Parent Relationship": "Outer", "Join Type": "Inner", "Startup Cost": 2.41, "Total Cost": 45379.0, "Plan Rows": 2717, "Plan Width": 46, "Actual Min Startup Time": 379.604, "Actual Max Startup Time": 379.604, "Actual Min Total Time": 517.915, "Actual Max Total Time": 517.915, "Inner Unique": true, "Hash Cond": "(mi.info_type_id = it1.id)", "Plans": [{"Node Type": "Streaming(type: LOCAL GATHER dop: 1/16)", "Parent Relationship": "Outer", "Startup Cost": 0.0, "Total Cost": 44636.28, "Plan Rows": 190170, "Plan Width": 50, "Actual Min Startup Time": 255.029, "Actual Max Startup Time": 255.029, "Actual Min Total Time": 435.914, "Actual Max Total Time": 435.914, "Plans": [{"Node Type": "Seq Scan", "Parent Relationship": "Outer", "Relation Name": "movie_info", "Alias": "mi", "Startup Cost": 0.0, "Total Cost": 40532.03, "Plan Rows": 190170, "Plan Width": 50, "Actual Min Startup Time": 227.011, "Actual Max Startup Time": 419.509, "Actual Min Total Time": 458.896, "Actual Max Total Time": 473.411, "Filter": "((info)::text = ANY ('{Horror,Action,Sci-Fi,Thriller,Crime,War}'::text[]))", "Rows Removed by Filter": 14646748, "Actual Rows": 188971}], "Actual Rows": 188971}, {"Node Type": "Hash", "Parent Relationship": "Inner", "Startup Cost": 2.4, "Total Cost": 2.4, "Plan Rows": 1, "Plan Width": 4, "Actual Min Startup Time": 0.077, "Actual Max Startup Time": 0.077, "Actual Min Total Time": 0.077, "Actual Max Total Time": 0.077, "Max Hash Buckets": 32768, "Min Hash Buckets": 32768, "Max Hash Batches": 1, "Min Hash Batches": 1, "Max Original Hash Batches": 1, "Min Original Hash Batches": 1, "Max Peak Memory Usage": 1, "min Peak Memory Usage": 1, "Plans": [{"Node Type": "Seq Scan", "Parent Relationship": "Outer", "Relation Name": "info_type", "Alias": "it1", "Startup Cost": 0.0, "Total Cost": 2.4, "Plan Rows": 1, "Plan Width": 4, "Actual Min Startup Time": 0.041, "Actual Max Startup Time": 0.041, "Actual Min Total Time": 0.065, "Actual Max Total Time": 0.065, "Filter": "((info)::text = 'genres'::text)", "Rows Removed by Filter": 111, "Actual Rows": 1}], "Actual Rows": 1}], "Actual Rows": 186594}], "Actual Rows": 2985504}, {"Node Type": "Hash", "Parent Relationship": "Inner", "Startup Cost": 16267.15, "Total Cost": 16267.15, "Plan Rows": 1380034, "Plan Width": 13, "Actual Min Startup Time": 51.22, "Actual Max Startup Time": 92.036, "Actual Min Total Time": 51.22, "Actual Max Total Time": 92.036, "Max Hash Buckets": 131072, "Min Hash Buckets": 131072, "Max Hash Batches": 1, "Min Hash Batches": 1, "Max Original Hash Batches": 1, "Min Original Hash Batches": 1, "Max Peak Memory Usage": 4602, "min Peak Memory Usage": 4602, "Plans": [{"Node Type": "Seq Scan", "Parent Relationship": "Outer", "Relation Name": "movie_info_idx", "Alias": "mi_idx", "Startup Cost": 0.0, "Total Cost": 16267.15, "Plan Rows": 1380034, "Plan Width": 13, "Actual Min Startup Time": 0.043, "Actual Max Startup Time": 0.08, "Actual Min Total Time": 25.967, "Actual Max Total Time": 47.565, "Actual Rows": 1380034}], "Actual Rows": 1380034}], "Actual Rows": 307785}], "Actual Rows": 307785}], "Actual Rows": 307786}], "Actual Rows": 102516}], "Actual Rows": 1640256}, {"Node Type": "Hash", "Parent Relationship": "Inner", "Startup Cost": 66781.24, "Total Cost": 66781.24, "Plan Rows": 1223154, "Plan Width": 8, "Actual Min Startup Time": 893.808, "Actual Max Startup Time": 909.242, "Actual Min Total Time": 893.808, "Actual Max Total Time": 909.242, "Max Hash Buckets": 131072, "Min Hash Buckets": 131072, "Max Hash Batches": 1, "Min Hash Batches": 1, "Max Original Hash Batches": 1, "Min Original Hash Batches": 1, "Max Peak Memory Usage": 3042, "min Peak Memory Usage": 3042, "Plans": [{"Node Type": "Seq Scan", "Parent Relationship": "Outer", "Relation Name": "cast_info", "Alias": "ci", "Startup Cost": 0.0, "Total Cost": 66781.24, "Plan Rows": 1223154, "Plan Width": 8, "Actual Min Startup Time": 25.308, "Actual Max Startup Time": 454.023, "Actual Min Total Time": 869.673, "Actual Max Total Time": 886.298, "Filter": "((note)::text = ANY ('{(writer),\"(head writer)\",\"(written by)\",(story),\"(story editor)\"}'::text[]))", "Rows Removed by Filter": 34999627, "Actual Rows": 1244716}], "Actual Rows": 1244716}], "Actual Rows": 54155}], "Actual Rows": 866480}, {"Node Type": "Hash", "Parent Relationship": "Inner", "Startup Cost": 18754.32, "Total Cost": 18754.32, "Plan Rows": 2528311, "Plan Width": 21, "Actual Min Startup Time": 105.26, "Actual Max Startup Time": 122.78, "Actual Min Total Time": 105.26, "Actual Max Total Time": 122.78, "Max Hash Buckets": 262144, "Min Hash Buckets": 262144, "Max Hash Batches": 1, "Min Hash Batches": 1, "Max Original Hash Batches": 1, "Min Original Hash Batches": 1, "Max Peak Memory Usage": 8595, "min Peak Memory Usage": 8595, "Plans": [{"Node Type": "Seq Scan", "Parent Relationship": "Outer", "Relation Name": "title", "Alias": "t", "Startup Cost": 0.0, "Total Cost": 18754.32, "Plan Rows": 2528311, "Plan Width": 21, "Actual Min Startup Time": 0.029, "Actual Max Startup Time": 0.052, "Actual Min Total Time": 51.537, "Actual Max Total Time": 58.847, "Actual Rows": 2528311}], "Actual Rows": 2528311}], "Actual Rows": 54155}], "Actual Rows": 866480}, {"Node Type": "Hash", "Parent Relationship": "Inner", "Startup Cost": 21468.16, "Total Cost": 21468.16, "Plan Rows": 1740714, "Plan Width": 4, "Actual Min Startup Time": 128.678, "Actual Max Startup Time": 153.678, "Actual Min Total Time": 128.678, "Actual Max Total Time": 153.678, "Max Hash Buckets": 131072, "Min Hash Buckets": 131072, "Max Hash Batches": 1, "Min Hash Batches": 1, "Max Original Hash Batches": 1, "Min Original Hash Batches": 1, "Max Peak Memory Usage": 3968, "min Peak Memory Usage": 3968, "Plans": [{"Node Type": "Seq Scan", "Parent Relationship": "Outer", "Relation Name": "name", "Alias": "n", "Startup Cost": 0.0, "Total Cost": 21468.16, "Plan Rows": 1740714, "Plan Width": 4, "Actual Min Startup Time": 0.022, "Actual Max Startup Time": 0.047, "Actual Min Total Time": 96.742, "Actual Max Total Time": 103.471, "Filter": "((gender)::text = 'm'::text), (LLVM Optimized, Jit Execute)", "Rows Removed by Filter": 2427912, "Actual Rows": 1739578}], "Actual Rows": 1739578}], "Actual Rows": 28073}], "Actual Rows": 16}], "Actual Rows": 16}], "Actual Rows": 1}, "Triggers": [], "Planner Runtime": 145, "Total Runtime": 3391.706, "Unique SQL Id": 3913857139}}, "(16, 11)": {"explain_plan": {"Plan": {"Node Type": "Aggregate", "Strategy": "Plain", "Startup Cost": 6974941462121.7, "Total Cost": 6974941462121.71, "Plan Rows": 1, "Plan Width": 160, "Plans": [{"Node Type": "Merge Join", "Parent Relationship": "Outer", "Join Type": "Inner", "Startup Cost": 70000000000.0, "Total Cost": 6974941462111.11, "Plan Rows": 1413, "Plan Width": 64, "Inner Unique": true, "Merge Cond": "(ci.person_id = n.id)", "Plans": [{"Node Type": "Nested Loop", "Parent Relationship": "Outer", "Join Type": "Inner", "Startup Cost": 60000000000.0, "Total Cost": 6000433185113.17, "Plan Rows": 1155, "Plan Width": 68, "Inner Unique": true, "Join Filter": "(mi.movie_id = t.id)", "Plans": [{"Node Type": "Nested Loop", "Parent Relationship": "Outer", "Join Type": "Inner", "Startup Cost": 50000000000.0, "Total Cost": 5000378363755.41, "Plan Rows": 1155, "Plan Width": 63, "Inner Unique": false, "Join Filter": "(mi_idx.movie_id = mi.movie_id)", "Plans": [{"Node Type": "Nested Loop", "Parent Relationship": "Outer", "Join Type": "Inner", "Startup Cost": 30000000000.0, "Total Cost": 3000358134325.29, "Plan Rows": 3006, "Plan Width": 54, "Inner Unique": false, "Join Filter": "(mi.movie_id = ci.movie_id)", "Plans": [{"Node Type": "Index Scan", "Parent Relationship": "Outer", "Scan Direction": "Forward", "Index Name": "person_id_cast_info", "Relation Name": "cast_info", "Alias": "ci", "Startup Cost": 10000000000.0, "Total Cost": 1000193311016.96, "Plan Rows": 1223154, "Plan Width": 8, "Filter": "((note)::text = ANY ('{(writer),\"(head writer)\",\"(written by)\",(story),\"(story editor)\"}'::text[]))"}, {"Node Type": "Materialize", "Parent Relationship": "Inner", "Startup Cost": 20000000000.0, "Total Cost": 2000114973673.85, "Plan Rows": 2717, "Plan Width": 46, "Plans": [{"Node Type": "Nested Loop", "Parent Relationship": "Outer", "Join Type": "Inner", "Startup Cost": 20000000000.0, "Total Cost": 2000114973660.27, "Plan Rows": 2717, "Plan Width": 46, "Inner Unique": true, "Join Filter": "(it1.id = mi.info_type_id)", "Plans": [{"Node Type": "Index Scan", "Parent Relationship": "Outer", "Scan Direction": "Forward", "Index Name": "movie_id_movie_info", "Relation Name": "movie_info", "Alias": "mi", "Startup Cost": 10000000000.0, "Total Cost": 1000114969386.72, "Plan Rows": 190170, "Plan Width": 50, "Filter": "((info)::text = ANY ('{Horror,Action,Sci-Fi,Thriller,Crime,War}'::text[]))"}, {"Node Type": "Materialize", "Parent Relationship": "Inner", "Startup Cost": 10000000000.0, "Total Cost": 1000000001421.0, "Plan Rows": 1, "Plan Width": 4, "Plans": [{"Node Type": "Index Scan", "Parent Relationship": "Outer", "Scan Direction": "Forward", "Index Name": "info_type_pkey", "Relation Name": "info_type", "Alias": "it1", "Startup Cost": 10000000000.0, "Total Cost": 1000000001421.0, "Plan Rows": 1, "Plan Width": 4, "Filter": "((info)::text = 'genres'::text)"}]}]}]}]}, {"Node Type": "Materialize", "Parent Relationship": "Inner", "Startup Cost": 20000000000.0, "Total Cost": 2000004673881.92, "Plan Rows": 345008, "Plan Width": 9, "Plans": [{"Node Type": "Nested Loop", "Parent Relationship": "Outer", "Join Type": "Inner", "Startup Cost": 20000000000.0, "Total Cost": 2000004672156.88, "Plan Rows": 345008, "Plan Width": 9, "Inner Unique": true, "Join Filter": "(it2.id = mi_idx.info_type_id), (LLVM Optimized)", "Plans": [{"Node Type": "Index Scan", "Parent Relationship": "Outer", "Scan Direction": "Forward", "Index Name": "movie_id_movie_info_idx", "Relation Name": "movie_info_idx", "Alias": "mi_idx", "Startup Cost": 10000000000.0, "Total Cost": 1000004650035.37, "Plan Rows": 1380034, "Plan Width": 13}, {"Node Type": "Materialize", "Parent Relationship": "Inner", "Startup Cost": 10000000000.0, "Total Cost": 1000000001421.0, "Plan Rows": 1, "Plan Width": 4, "Plans": [{"Node Type": "Index Scan", "Parent Relationship": "Outer", "Scan Direction": "Forward", "Index Name": "info_type_pkey", "Relation Name": "info_type", "Alias": "it2", "Startup Cost": 10000000000.0, "Total Cost": 1000000001421.0, "Plan Rows": 1, "Plan Width": 4, "Filter": "((info)::text = 'votes'::text)"}]}]}]}]}, {"Node Type": "Materialize", "Parent Relationship": "Inner", "Startup Cost": 10000000000.0, "Total Cost": 1000011024690.47, "Plan Rows": 2528311, "Plan Width": 21, "Plans": [{"Node Type": "Index Scan", "Parent Relationship": "Outer", "Scan Direction": "Forward", "Index Name": "title_pkey", "Relation Name": "title", "Alias": "t", "Startup Cost": 10000000000.0, "Total Cost": 1000011012048.91, "Plan Rows": 2528311, "Plan Width": 21}]}]}, {"Node Type": "Index Scan", "Parent Relationship": "Inner", "Scan Direction": "Forward", "Index Name": "name_pkey", "Relation Name": "name", "Alias": "n", "Startup Cost": 10000000000.0, "Total Cost": 1000018665147.2, "Plan Rows": 1740714, "Plan Width": 4, "Filter": "((gender)::text = 'm'::text), (LLVM Optimized)"}]}]}, "Unique SQL Id": 3913857139, "Planner Runtime": 98}, "explain_analyze_plan": null}, "(16, 12)": {"explain_plan": {"Plan": {"Node Type": "Aggregate", "Strategy": "Plain", "Startup Cost": 49001.33, "Total Cost": 49001.34, "Plan Rows": 1, "Plan Width": 160, "Plans": [{"Node Type": "Nested Loop", "Parent Relationship": "Outer", "Join Type": "Inner", "Startup Cost": 2.41, "Total Cost": 48990.73, "Plan Rows": 1413, "Plan Width": 64, "Inner Unique": true, "Plans": [{"Node Type": "Nested Loop", "Parent Relationship": "Outer", "Join Type": "Inner", "Startup Cost": 2.41, "Total Cost": 48411.46, "Plan Rows": 1155, "Plan Width": 68, "Inner Unique": false, "Plans": [{"Node Type": "Nested Loop", "Parent Relationship": "Outer", "Join Type": "Inner", "Startup Cost": 2.41, "Total Cost": 47349.83, "Plan Rows": 1044, "Plan Width": 76, "Inner Unique": true, "Join Filter": "(mi.movie_id = t.id)", "Plans": [{"Node Type": "Nested Loop", "Parent Relationship": "Outer", "Join Type": "Inner", "Startup Cost": 2.41, "Total Cost": 46921.64, "Plan Rows": 1044, "Plan Width": 55, "Inner Unique": false, "Join Filter": "(mi_idx.info_type_id = it2.id)", "Plans": [{"Node Type": "Seq Scan", "Parent Relationship": "Outer", "Relation Name": "info_type", "Alias": "it2", "Startup Cost": 0.0, "Total Cost": 2.4, "Plan Rows": 1, "Plan Width": 4, "Filter": "((info)::text = 'votes'::text)"}, {"Node Type": "Materialize", "Parent Relationship": "Inner", "Startup Cost": 2.41, "Total Cost": 46877.49, "Plan Rows": 4175, "Plan Width": 59, "Plans": [{"Node Type": "Nested Loop", "Parent Relationship": "Outer", "Join Type": "Inner", "Startup Cost": 2.41, "Total Cost": 46867.05, "Plan Rows": 4175, "Plan Width": 59, "Inner Unique": false, "Plans": [{"Node Type": "Hash Join", "Parent Relationship": "Outer", "Join Type": "Inner", "Startup Cost": 2.41, "Total Cost": 45379.0, "Plan Rows": 2717, "Plan Width": 46, "Inner Unique": true, "Hash Cond": "(mi.info_type_id = it1.id)", "Plans": [{"Node Type": "Streaming(type: LOCAL GATHER dop: 1/16)", "Parent Relationship": "Outer", "Startup Cost": 0.0, "Total Cost": 44636.28, "Plan Rows": 190170, "Plan Width": 50, "Plans": [{"Node Type": "Seq Scan", "Parent Relationship": "Outer", "Relation Name": "movie_info", "Alias": "mi", "Startup Cost": 0.0, "Total Cost": 40532.03, "Plan Rows": 190170, "Plan Width": 50, "Filter": "((info)::text = ANY ('{Horror,Action,Sci-Fi,Thriller,Crime,War}'::text[]))"}]}, {"Node Type": "Hash", "Parent Relationship": "Inner", "Startup Cost": 2.4, "Total Cost": 2.4, "Plan Rows": 1, "Plan Width": 4, "Plans": [{"Node Type": "Seq Scan", "Parent Relationship": "Outer", "Relation Name": "info_type", "Alias": "it1", "Startup Cost": 0.0, "Total Cost": 2.4, "Plan Rows": 1, "Plan Width": 4, "Filter": "((info)::text = 'genres'::text)"}]}]}, {"Node Type": "Index Scan", "Parent Relationship": "Inner", "Scan Direction": "Forward", "Index Name": "movie_id_movie_info_idx", "Relation Name": "movie_info_idx", "Alias": "mi_idx", "Startup Cost": 0.0, "Total Cost": 0.53, "Plan Rows": 2, "Plan Width": 13, "Index Cond": "(movie_id = mi.movie_id)"}]}]}]}, {"Node Type": "Index Scan", "Parent Relationship": "Inner", "Scan Direction": "Forward", "Index Name": "title_pkey", "Relation Name": "title", "Alias": "t", "Startup Cost": 0.0, "Total Cost": 0.4, "Plan Rows": 1, "Plan Width": 21, "Index Cond": "(id = mi_idx.movie_id)"}]}, {"Node Type": "Index Scan", "Parent Relationship": "Inner", "Scan Direction": "Forward", "Index Name": "movie_id_cast_info", "Relation Name": "cast_info", "Alias": "ci", "Startup Cost": 0.0, "Total Cost": 1.01, "Plan Rows": 1, "Plan Width": 8, "Index Cond": "(movie_id = t.id)", "Filter": "((note)::text = ANY ('{(writer),\"(head writer)\",\"(written by)\",(story),\"(story editor)\"}'::text[]))"}]}, {"Node Type": "Index Scan", "Parent Relationship": "Inner", "Scan Direction": "Forward", "Index Name": "name_pkey", "Relation Name": "name", "Alias": "n", "Startup Cost": 0.0, "Total Cost": 0.49, "Plan Rows": 1, "Plan Width": 4, "Index Cond": "(id = ci.person_id)", "Filter": "((gender)::text = 'm'::text)"}]}]}, "Unique SQL Id": 3913857139, "Planner Runtime": 96}, "explain_analyze_plan": {"Plan": {"Node Type": "Aggregate", "Strategy": "Plain", "Startup Cost": 49001.33, "Total Cost": 49001.34, "Plan Rows": 1, "Plan Width": 160, "Actual Min Startup Time": 11556.951, "Actual Max Startup Time": 11556.951, "Actual Min Total Time": 11556.952, "Actual Max Total Time": 11556.952, "Plans": [{"Node Type": "Nested Loop", "Parent Relationship": "Outer", "Join Type": "Inner", "Startup Cost": 2.41, "Total Cost": 48990.73, "Plan Rows": 1413, "Plan Width": 64, "Actual Min Startup Time": 1427.079, "Actual Max Startup Time": 1427.079, "Actual Min Total Time": 11522.3, "Actual Max Total Time": 11522.3, "Inner Unique": true, "Plans": [{"Node Type": "Nested Loop", "Parent Relationship": "Outer", "Join Type": "Inner", "Startup Cost": 2.41, "Total Cost": 48411.46, "Plan Rows": 1155, "Plan Width": 68, "Actual Min Startup Time": 1427.016, "Actual Max Startup Time": 1427.016, "Actual Min Total Time": 11107.448, "Actual Max Total Time": 11107.448, "Inner Unique": false, "Plans": [{"Node Type": "Nested Loop", "Parent Relationship": "Outer", "Join Type": "Inner", "Startup Cost": 2.41, "Total Cost": 47349.83, "Plan Rows": 1044, "Plan Width": 76, "Actual Min Startup Time": 1426.985, "Actual Max Startup Time": 1426.985, "Actual Min Total Time": 2130.874, "Actual Max Total Time": 2130.874, "Inner Unique": true, "Join Filter": "(mi.movie_id = t.id)", "Rows Removed by Join Filter": 0, "Plans": [{"Node Type": "Nested Loop", "Parent Relationship": "Outer", "Join Type": "Inner", "Startup Cost": 2.41, "Total Cost": 46921.64, "Plan Rows": 1044, "Plan Width": 55, "Actual Min Startup Time": 1426.963, "Actual Max Startup Time": 1426.963, "Actual Min Total Time": 1570.38, "Actual Max Total Time": 1570.38, "Inner Unique": false, "Join Filter": "(mi_idx.info_type_id = it2.id)", "Rows Removed by Join Filter": 205269, "Plans": [{"Node Type": "Seq Scan", "Parent Relationship": "Outer", "Relation Name": "info_type", "Alias": "it2", "Startup Cost": 0.0, "Total Cost": 2.4, "Plan Rows": 1, "Plan Width": 4, "Actual Min Startup Time": 0.059, "Actual Max Startup Time": 0.059, "Actual Min Total Time": 0.071, "Actual Max Total Time": 0.071, "Filter": "((info)::text = 'votes'::text)", "Rows Removed by Filter": 111, "Actual Rows": 1}, {"Node Type": "Materialize", "Parent Relationship": "Inner", "Startup Cost": 2.41, "Total Cost": 46877.49, "Plan Rows": 4175, "Plan Width": 59, "Actual Min Startup Time": 1426.889, "Actual Max Startup Time": 1426.889, "Actual Min Total Time": 1466.246, "Actual Max Total Time": 1466.246, "Plans": [{"Node Type": "Nested Loop", "Parent Relationship": "Outer", "Join Type": "Inner", "Startup Cost": 2.41, "Total Cost": 46867.05, "Plan Rows": 4175, "Plan Width": 59, "Actual Min Startup Time": 419.401, "Actual Max Startup Time": 419.401, "Actual Min Total Time": 1338.386, "Actual Max Total Time": 1338.386, "Inner Unique": false, "Plans": [{"Node Type": "Hash Join", "Parent Relationship": "Outer", "Join Type": "Inner", "Startup Cost": 2.41, "Total Cost": 45379.0, "Plan Rows": 2717, "Plan Width": 46, "Actual Min Startup Time": 419.355, "Actual Max Startup Time": 419.355, "Actual Min Total Time": 571.588, "Actual Max Total Time": 571.588, "Inner Unique": true, "Hash Cond": "(mi.info_type_id = it1.id)", "Plans": [{"Node Type": "Streaming(type: LOCAL GATHER dop: 1/16)", "Parent Relationship": "Outer", "Startup Cost": 0.0, "Total Cost": 44636.28, "Plan Rows": 190170, "Plan Width": 50, "Actual Min Startup Time": 298.259, "Actual Max Startup Time": 298.259, "Actual Min Total Time": 478.235, "Actual Max Total Time": 478.235, "Plans": [{"Node Type": "Seq Scan", "Parent Relationship": "Outer", "Relation Name": "movie_info", "Alias": "mi", "Startup Cost": 0.0, "Total Cost": 40532.03, "Plan Rows": 190170, "Plan Width": 50, "Actual Min Startup Time": 226.254, "Actual Max Startup Time": 410.433, "Actual Min Total Time": 456.953, "Actual Max Total Time": 475.703, "Filter": "((info)::text = ANY ('{Horror,Action,Sci-Fi,Thriller,Crime,War}'::text[]))", "Rows Removed by Filter": 14646748, "Actual Rows": 188971}], "Actual Rows": 188971}, {"Node Type": "Hash", "Parent Relationship": "Inner", "Startup Cost": 2.4, "Total Cost": 2.4, "Plan Rows": 1, "Plan Width": 4, "Actual Min Startup Time": 0.078, "Actual Max Startup Time": 0.078, "Actual Min Total Time": 0.078, "Actual Max Total Time": 0.078, "Max Hash Buckets": 32768, "Min Hash Buckets": 32768, "Max Hash Batches": 1, "Min Hash Batches": 1, "Max Original Hash Batches": 1, "Min Original Hash Batches": 1, "Max Peak Memory Usage": 1, "min Peak Memory Usage": 1, "Plans": [{"Node Type": "Seq Scan", "Parent Relationship": "Outer", "Relation Name": "info_type", "Alias": "it1", "Startup Cost": 0.0, "Total Cost": 2.4, "Plan Rows": 1, "Plan Width": 4, "Actual Min Startup Time": 0.045, "Actual Max Startup Time": 0.045, "Actual Min Total Time": 0.069, "Actual Max Total Time": 0.069, "Filter": "((info)::text = 'genres'::text)", "Rows Removed by Filter": 111, "Actual Rows": 1}], "Actual Rows": 1}], "Actual Rows": 186594}, {"Node Type": "Index Scan", "Parent Relationship": "Inner", "Scan Direction": "Forward", "Index Name": "movie_id_movie_info_idx", "Relation Name": "movie_info_idx", "Alias": "mi_idx", "Startup Cost": 0.0, "Total Cost": 0.53, "Plan Rows": 2, "Plan Width": 13, "Actual Min Startup Time": 500.569, "Actual Max Startup Time": 500.569, "Actual Min Total Time": 614.097, "Actual Max Total Time": 614.097, "Index Cond": "(movie_id = mi.movie_id)", "Rows Removed by Index Recheck": 0, "Actual Rows": 307785}], "Actual Rows": 307785}], "Actual Rows": 307786}], "Actual Rows": 102516}, {"Node Type": "Index Scan", "Parent Relationship": "Inner", "Scan Direction": "Forward", "Index Name": "title_pkey", "Relation Name": "title", "Alias": "t", "Startup Cost": 0.0, "Total Cost": 0.4, "Plan Rows": 1, "Plan Width": 21, "Actual Min Startup Time": 456.631, "Actual Max Startup Time": 456.631, "Actual Min Total Time": 456.631, "Actual Max Total Time": 456.631, "Index Cond": "(id = mi_idx.movie_id)", "Rows Removed by Index Recheck": 0, "Actual Rows": 102516}], "Actual Rows": 102516}, {"Node Type": "Index Scan", "Parent Relationship": "Inner", "Scan Direction": "Forward", "Index Name": "movie_id_cast_info", "Relation Name": "cast_info", "Alias": "ci", "Startup Cost": 0.0, "Total Cost": 1.01, "Plan Rows": 1, "Plan Width": 8, "Actual Min Startup Time": 7597.735, "Actual Max Startup Time": 7597.735, "Actual Min Total Time": 8906.114, "Actual Max Total Time": 8906.114, "Index Cond": "(movie_id = t.id)", "Rows Removed by Index Recheck": 0, "Filter": "((note)::text = ANY ('{(writer),\"(head writer)\",\"(written by)\",(story),\"(story editor)\"}'::text[]))", "Rows Removed by Filter": 3987641, "Actual Rows": 54155}], "Actual Rows": 54155}, {"Node Type": "Index Scan", "Parent Relationship": "Inner", "Scan Direction": "Forward", "Index Name": "name_pkey", "Relation Name": "name", "Alias": "n", "Startup Cost": 0.0, "Total Cost": 0.49, "Plan Rows": 1, "Plan Width": 4, "Actual Min Startup Time": 371.683, "Actual Max Startup Time": 371.683, "Actual Min Total Time": 371.683, "Actual Max Total Time": 371.683, "Index Cond": "(id = ci.person_id)", "Rows Removed by Index Recheck": 0, "Filter": "((gender)::text = 'm'::text)", "Rows Removed by Filter": 26082, "Actual Rows": 28073}], "Actual Rows": 28073}], "Actual Rows": 1}, "Triggers": [], "Planner Runtime": 89, "Total Runtime": 11560.154, "Unique SQL Id": 3913857139}}, "(16, 13)": {"explain_plan": {"Plan": {"Node Type": "Aggregate", "Strategy": "Plain", "Startup Cost": 385547.34, "Total Cost": 385547.35, "Plan Rows": 1, "Plan Width": 160, "Plans": [{"Node Type": "Nested Loop", "Parent Relationship": "Outer", "Join Type": "Inner", "Startup Cost": 0.0, "Total Cost": 385536.75, "Plan Rows": 1413, "Plan Width": 64, "Inner Unique": true, "Plans": [{"Node Type": "Nested Loop", "Parent Relationship": "Outer", "Join Type": "Inner", "Startup Cost": 0.0, "Total Cost": 384957.48, "Plan Rows": 1155, "Plan Width": 68, "Inner Unique": false, "Plans": [{"Node Type": "Nested Loop", "Parent Relationship": "Outer", "Join Type": "Inner", "Startup Cost": 0.0, "Total Cost": 383895.85, "Plan Rows": 1044, "Plan Width": 76, "Inner Unique": true, "Join Filter": "(mi.movie_id = t.id)", "Plans": [{"Node Type": "Nested Loop", "Parent Relationship": "Outer", "Join Type": "Inner", "Startup Cost": 0.0, "Total Cost": 383467.66, "Plan Rows": 1044, "Plan Width": 55, "Inner Unique": false, "Join Filter": "(mi.info_type_id = it1.id)", "Plans": [{"Node Type": "Index Scan", "Parent Relationship": "Outer", "Scan Direction": "Forward", "Index Name": "info_type_pkey", "Relation Name": "info_type", "Alias": "it1", "Startup Cost": 0.0, "Total Cost": 14.21, "Plan Rows": 1, "Plan Width": 4, "Filter": "((info)::text = 'genres'::text)"}, {"Node Type": "Nested Loop", "Parent Relationship": "Inner", "Join Type": "Inner", "Startup Cost": 0.0, "Total Cost": 380590.58, "Plan Rows": 229029, "Plan Width": 59, "Inner Unique": false, "Plans": [{"Node Type": "Nested Loop", "Parent Relationship": "Outer", "Join Type": "Inner", "Startup Cost": 0.0, "Total Cost": 38338.2, "Plan Rows": 345008, "Plan Width": 9, "Inner Unique": false, "Plans": [{"Node Type": "Index Scan", "Parent Relationship": "Outer", "Scan Direction": "Forward", "Index Name": "info_type_pkey", "Relation Name": "info_type", "Alias": "it2", "Startup Cost": 0.0, "Total Cost": 14.21, "Plan Rows": 1, "Plan Width": 4, "Filter": "((info)::text = 'votes'::text)"}, {"Node Type": "Index Scan", "Parent Relationship": "Inner", "Scan Direction": "Forward", "Index Name": "info_type_id_movie_info_idx", "Relation Name": "movie_info_idx", "Alias": "mi_idx", "Startup Cost": 0.0, "Total Cost": 34873.91, "Plan Rows": 345008, "Plan Width": 13, "Index Cond": "(info_type_id = it2.id), (LLVM Optimized)"}]}, {"Node Type": "Index Scan", "Parent Relationship": "Inner", "Scan Direction": "Forward", "Index Name": "movie_id_movie_info", "Relation Name": "movie_info", "Alias": "mi", "Startup Cost": 0.0, "Total Cost": 0.98, "Plan Rows": 1, "Plan Width": 50, "Index Cond": "(movie_id = mi_idx.movie_id)", "Filter": "((info)::text = ANY ('{Horror,Action,Sci-Fi,Thriller,Crime,War}'::text[]))"}]}]}, {"Node Type": "Index Scan", "Parent Relationship": "Inner", "Scan Direction": "Forward", "Index Name": "title_pkey", "Relation Name": "title", "Alias": "t", "Startup Cost": 0.0, "Total Cost": 0.4, "Plan Rows": 1, "Plan Width": 21, "Index Cond": "(id = mi_idx.movie_id)"}]}, {"Node Type": "Index Scan", "Parent Relationship": "Inner", "Scan Direction": "Forward", "Index Name": "movie_id_cast_info", "Relation Name": "cast_info", "Alias": "ci", "Startup Cost": 0.0, "Total Cost": 1.01, "Plan Rows": 1, "Plan Width": 8, "Index Cond": "(movie_id = t.id)", "Filter": "((note)::text = ANY ('{(writer),\"(head writer)\",\"(written by)\",(story),\"(story editor)\"}'::text[]))"}]}, {"Node Type": "Index Scan", "Parent Relationship": "Inner", "Scan Direction": "Forward", "Index Name": "name_pkey", "Relation Name": "name", "Alias": "n", "Startup Cost": 0.0, "Total Cost": 0.49, "Plan Rows": 1, "Plan Width": 4, "Index Cond": "(id = ci.person_id)", "Filter": "((gender)::text = 'm'::text)"}]}]}, "Unique SQL Id": 3913857139, "Planner Runtime": 30}, "explain_analyze_plan": {"Plan": {"Node Type": "Aggregate", "Strategy": "Plain", "Startup Cost": 385547.34, "Total Cost": 385547.35, "Plan Rows": 1, "Plan Width": 160, "Actual Startup Time": 19831.111, "Actual Total Time": 19831.111, "Actual Rows": 1, "Actual Loops": 1, "Plans": [{"Node Type": "Nested Loop", "Parent Relationship": "Outer", "Join Type": "Inner", "Startup Cost": 0.0, "Total Cost": 385536.75, "Plan Rows": 1413, "Plan Width": 64, "Actual Startup Time": 29.663, "Actual Total Time": 19790.655, "Actual Rows": 28073, "Actual Loops": 1, "Inner Unique": true, "Plans": [{"Node Type": "Nested Loop", "Parent Relationship": "Outer", "Join Type": "Inner", "Startup Cost": 0.0, "Total Cost": 384957.48, "Plan Rows": 1155, "Plan Width": 68, "Actual Startup Time": 14.7, "Actual Total Time": 19348.306, "Actual Rows": 54155, "Actual Loops": 1, "Inner Unique": false, "Plans": [{"Node Type": "Nested Loop", "Parent Relationship": "Outer", "Join Type": "Inner", "Startup Cost": 0.0, "Total Cost": 383895.85, "Plan Rows": 1044, "Plan Width": 76, "Actual Startup Time": 0.805, "Actual Total Time": 10066.457, "Actual Rows": 102516, "Actual Loops": 1, "Inner Unique": true, "Join Filter": "(mi.movie_id = t.id)", "Rows Removed by Join Filter": 0, "Plans": [{"Node Type": "Nested Loop", "Parent Relationship": "Outer", "Join Type": "Inner", "Startup Cost": 0.0, "Total Cost": 383467.66, "Plan Rows": 1044, "Plan Width": 55, "Actual Startup Time": 0.793, "Actual Total Time": 9476.47, "Actual Rows": 102516, "Actual Loops": 1, "Inner Unique": false, "Join Filter": "(mi.info_type_id = it1.id)", "Rows Removed by Join Filter": 2376, "Plans": [{"Node Type": "Index Scan", "Parent Relationship": "Outer", "Scan Direction": "Forward", "Index Name": "info_type_pkey", "Relation Name": "info_type", "Alias": "it1", "Startup Cost": 0.0, "Total Cost": 14.21, "Plan Rows": 1, "Plan Width": 4, "Actual Startup Time": 0.027, "Actual Total Time": 0.081, "Actual Rows": 1, "Actual Loops": 1, "Filter": "((info)::text = 'genres'::text)", "Rows Removed by Filter": 111}, {"Node Type": "Nested Loop", "Parent Relationship": "Inner", "Join Type": "Inner", "Startup Cost": 0.0, "Total Cost": 380590.58, "Plan Rows": 229029, "Plan Width": 59, "Actual Startup Time": 0.761, "Actual Total Time": 9433.358, "Actual Rows": 104892, "Actual Loops": 1, "Inner Unique": false, "Plans": [{"Node Type": "Nested Loop", "Parent Relationship": "Outer", "Join Type": "Inner", "Startup Cost": 0.0, "Total Cost": 38338.2, "Plan Rows": 345008, "Plan Width": 9, "Actual Startup Time": 0.072, "Actual Total Time": 406.914, "Actual Rows": 459925, "Actual Loops": 1, "Inner Unique": false, "Plans": [{"Node Type": "Index Scan", "Parent Relationship": "Outer", "Scan Direction": "Forward", "Index Name": "info_type_pkey", "Relation Name": "info_type", "Alias": "it2", "Startup Cost": 0.0, "Total Cost": 14.21, "Plan Rows": 1, "Plan Width": 4, "Actual Startup Time": 0.053, "Actual Total Time": 0.068, "Actual Rows": 1, "Actual Loops": 1, "Filter": "((info)::text = 'votes'::text)", "Rows Removed by Filter": 111}, {"Node Type": "Index Scan", "Parent Relationship": "Inner", "Scan Direction": "Forward", "Index Name": "info_type_id_movie_info_idx", "Relation Name": "movie_info_idx", "Alias": "mi_idx", "Startup Cost": 0.0, "Total Cost": 34873.91, "Plan Rows": 345008, "Plan Width": 13, "Actual Startup Time": 0.016, "Actual Total Time": 295.179, "Actual Rows": 459925, "Actual Loops": 1, "Index Cond": "(info_type_id = it2.id), (LLVM Optimized, Jit Execute)", "Rows Removed by Index Recheck": 0}]}, {"Node Type": "Index Scan", "Parent Relationship": "Inner", "Scan Direction": "Forward", "Index Name": "movie_id_movie_info", "Relation Name": "movie_info", "Alias": "mi", "Startup Cost": 0.0, "Total Cost": 0.98, "Plan Rows": 1, "Plan Width": 50, "Actual Startup Time": 8592.13, "Actual Total Time": 8755.617, "Actual Rows": 104892, "Actual Loops": 459925, "Index Cond": "(movie_id = mi_idx.movie_id)", "Rows Removed by Index Recheck": 0, "Filter": "((info)::text = ANY ('{Horror,Action,Sci-Fi,Thriller,Crime,War}'::text[]))", "Rows Removed by Filter": 6825442}]}]}, {"Node Type": "Index Scan", "Parent Relationship": "Inner", "Scan Direction": "Forward", "Index Name": "title_pkey", "Relation Name": "title", "Alias": "t", "Startup Cost": 0.0, "Total Cost": 0.4, "Plan Rows": 1, "Plan Width": 21, "Actual Startup Time": 469.619, "Actual Total Time": 469.619, "Actual Rows": 102516, "Actual Loops": 102516, "Index Cond": "(id = mi_idx.movie_id)", "Rows Removed by Index Recheck": 0}]}, {"Node Type": "Index Scan", "Parent Relationship": "Inner", "Scan Direction": "Forward", "Index Name": "movie_id_cast_info", "Relation Name": "cast_info", "Alias": "ci", "Startup Cost": 0.0, "Total Cost": 1.01, "Plan Rows": 1, "Plan Width": 8, "Actual Startup Time": 7850.991, "Actual Total Time": 9208.892, "Actual Rows": 54155, "Actual Loops": 102516, "Index Cond": "(movie_id = t.id)", "Rows Removed by Index Recheck": 0, "Filter": "((note)::text = ANY ('{(writer),\"(head writer)\",\"(written by)\",(story),\"(story editor)\"}'::text[]))", "Rows Removed by Filter": 3987641}]}, {"Node Type": "Index Scan", "Parent Relationship": "Inner", "Scan Direction": "Forward", "Index Name": "name_pkey", "Relation Name": "name", "Alias": "n", "Startup Cost": 0.0, "Total Cost": 0.49, "Plan Rows": 1, "Plan Width": 4, "Actual Startup Time": 392.522, "Actual Total Time": 392.522, "Actual Rows": 28073, "Actual Loops": 54155, "Index Cond": "(id = ci.person_id)", "Rows Removed by Index Recheck": 0, "Filter": "((gender)::text = 'm'::text)", "Rows Removed by Filter": 26082}]}]}, "Triggers": [], "Planner Runtime": 7, "Total Runtime": 19840.176, "Unique SQL Id": 3913857139}}, "(16, 14)": {"explain_plan": {"Plan": {"Node Type": "Aggregate", "Strategy": "Plain", "Startup Cost": 219731.77, "Total Cost": 219731.81, "Plan Rows": 1, "Plan Width": 160, "Plans": [{"Node Type": "Streaming(type: LOCAL GATHER dop: 1/16)", "Parent Relationship": "Outer", "Startup Cost": 219731.77, "Total Cost": 219731.81, "Plan Rows": 1, "Plan Width": 160, "Plans": [{"Node Type": "Aggregate", "Strategy": "Plain", "Parent Relationship": "Outer", "Startup Cost": 219731.77, "Total Cost": 219731.78, "Plan Rows": 1, "Plan Width": 160, "Plans": [{"Node Type": "Hash Join", "Parent Relationship": "Outer", "Join Type": "Inner", "Startup Cost": 112541.07, "Total Cost": 219721.18, "Plan Rows": 1413, "Plan Width": 64, "Inner Unique": true, "Hash Cond": "(ci.person_id = n.id)", "Plans": [{"Node Type": "Streaming(type: BROADCAST dop: 16/16)", "Parent Relationship": "Outer", "Startup Cost": 105814.1, "Total Cost": 212988.99, "Plan Rows": 18480, "Plan Width": 68, "Plans": [{"Node Type": "Hash Join", "Parent Relationship": "Outer", "Join Type": "Inner", "Startup Cost": 105814.1, "Total Cost": 197942.07, "Plan Rows": 1155, "Plan Width": 68, "Inner Unique": true, "Hash Cond": "(mi.movie_id = t.id)", "Plans": [{"Node Type": "Streaming(type: BROADCAST dop: 16/16)", "Parent Relationship": "Outer", "Startup Cost": 85084.54, "Total Cost": 177207.46, "Plan Rows": 18480, "Plan Width": 63, "Plans": [{"Node Type": "Hash Join", "Parent Relationship": "Outer", "Join Type": "Inner", "Startup Cost": 85084.54, "Total Cost": 162160.53, "Plan Rows": 1155, "Plan Width": 63, "Inner Unique": false, "Hash Cond": "(mi.movie_id = ci.movie_id)", "Plans": [{"Node Type": "Streaming(type: BROADCAST dop: 16/1)", "Parent Relationship": "Outer", "Startup Cost": 17347.71, "Total Cost": 94190.7, "Plan Rows": 16704, "Plan Width": 55, "Plans": [{"Node Type": "Nested Loop", "Parent Relationship": "Outer", "Join Type": "Inner", "Startup Cost": 17347.71, "Total Cost": 78830.19, "Plan Rows": 1044, "Plan Width": 55, "Inner Unique": false, "Join Filter": "(mi_idx.info_type_id = it2.id)", "Plans": [{"Node Type": "Seq Scan", "Parent Relationship": "Outer", "Relation Name": "info_type", "Alias": "it2", "Startup Cost": 0.0, "Total Cost": 2.4, "Plan Rows": 1, "Plan Width": 4, "Filter": "((info)::text = 'votes'::text)"}, {"Node Type": "Materialize", "Parent Relationship": "Inner", "Startup Cost": 17347.71, "Total Cost": 78786.04, "Plan Rows": 4175, "Plan Width": 59, "Plans": [{"Node Type": "Streaming(type: LOCAL GATHER dop: 1/16)", "Parent Relationship": "Outer", "Startup Cost": 17347.71, "Total Cost": 78775.6, "Plan Rows": 4175, "Plan Width": 59, "Plans": [{"Node Type": "Hash Join", "Parent Relationship": "Outer", "Join Type": "Inner", "Startup Cost": 17347.71, "Total Cost": 78685.5, "Plan Rows": 4175, "Plan Width": 59, "Inner Unique": false, "Hash Cond": "(mi.movie_id = mi_idx.movie_id)", "Plans": [{"Node Type": "Streaming(type: BROADCAST dop: 16/1)", "Parent Relationship": "Outer", "Startup Cost": 2.41, "Total Cost": 61317.21, "Plan Rows": 43472, "Plan Width": 46, "Plans": [{"Node Type": "Hash Join", "Parent Relationship": "Outer", "Join Type": "Inner", "Startup Cost": 2.41, "Total Cost": 45379.0, "Plan Rows": 2717, "Plan Width": 46, "Inner Unique": true, "Hash Cond": "(mi.info_type_id = it1.id)", "Plans": [{"Node Type": "Streaming(type: LOCAL GATHER dop: 1/16)", "Parent Relationship": "Outer", "Startup Cost": 0.0, "Total Cost": 44636.28, "Plan Rows": 190170, "Plan Width": 50, "Plans": [{"Node Type": "Seq Scan", "Parent Relationship": "Outer", "Relation Name": "movie_info", "Alias": "mi", "Startup Cost": 0.0, "Total Cost": 40532.03, "Plan Rows": 190170, "Plan Width": 50, "Filter": "((info)::text = ANY ('{Horror,Action,Sci-Fi,Thriller,Crime,War}'::text[]))"}]}, {"Node Type": "Hash", "Parent Relationship": "Inner", "Startup Cost": 2.4, "Total Cost": 2.4, "Plan Rows": 1, "Plan Width": 4, "Plans": [{"Node Type": "Seq Scan", "Parent Relationship": "Outer", "Relation Name": "info_type", "Alias": "it1", "Startup Cost": 0.0, "Total Cost": 2.4, "Plan Rows": 1, "Plan Width": 4, "Filter": "((info)::text = 'genres'::text)"}]}]}]}, {"Node Type": "Hash", "Parent Relationship": "Inner", "Startup Cost": 16267.15, "Total Cost": 16267.15, "Plan Rows": 1380034, "Plan Width": 13, "Plans": [{"Node Type": "Seq Scan", "Parent Relationship": "Outer", "Relation Name": "movie_info_idx", "Alias": "mi_idx", "Startup Cost": 0.0, "Total Cost": 16267.15, "Plan Rows": 1380034, "Plan Width": 13}]}]}]}]}]}]}, {"Node Type": "Hash", "Parent Relationship": "Inner", "Startup Cost": 66781.24, "Total Cost": 66781.24, "Plan Rows": 1223154, "Plan Width": 8, "Plans": [{"Node Type": "Seq Scan", "Parent Relationship": "Outer", "Relation Name": "cast_info", "Alias": "ci", "Startup Cost": 0.0, "Total Cost": 66781.24, "Plan Rows": 1223154, "Plan Width": 8, "Filter": "((note)::text = ANY ('{(writer),\"(head writer)\",\"(written by)\",(story),\"(story editor)\"}'::text[]))"}]}]}]}, {"Node Type": "Hash", "Parent Relationship": "Inner", "Startup Cost": 18754.32, "Total Cost": 18754.32, "Plan Rows": 2528311, "Plan Width": 21, "Plans": [{"Node Type": "Seq Scan", "Parent Relationship": "Outer", "Relation Name": "title", "Alias": "t", "Startup Cost": 0.0, "Total Cost": 18754.32, "Plan Rows": 2528311, "Plan Width": 21}]}]}]}, {"Node Type": "Hash", "Parent Relationship": "Inner", "Startup Cost": 21468.16, "Total Cost": 21468.16, "Plan Rows": 1740714, "Plan Width": 4, "Plans": [{"Node Type": "Seq Scan", "Parent Relationship": "Outer", "Relation Name": "name", "Alias": "n", "Startup Cost": 0.0, "Total Cost": 21468.16, "Plan Rows": 1740714, "Plan Width": 4, "Filter": "((gender)::text = 'm'::text), (LLVM Optimized)"}]}]}]}]}]}, "Unique SQL Id": 3913857139, "Planner Runtime": 150}, "explain_analyze_plan": {"Plan": {"Node Type": "Aggregate", "Strategy": "Plain", "Startup Cost": 219731.77, "Total Cost": 219731.81, "Plan Rows": 1, "Plan Width": 160, "Actual Min Startup Time": 3364.614, "Actual Max Startup Time": 3364.614, "Actual Min Total Time": 3364.615, "Actual Max Total Time": 3364.615, "Plans": [{"Node Type": "Streaming(type: LOCAL GATHER dop: 1/16)", "Parent Relationship": "Outer", "Startup Cost": 219731.77, "Total Cost": 219731.81, "Plan Rows": 1, "Plan Width": 160, "Actual Min Startup Time": 3363.805, "Actual Max Startup Time": 3363.805, "Actual Min Total Time": 3364.574, "Actual Max Total Time": 3364.574, "Plans": [{"Node Type": "Aggregate", "Strategy": "Plain", "Parent Relationship": "Outer", "Startup Cost": 219731.77, "Total Cost": 219731.78, "Plan Rows": 1, "Plan Width": 160, "Actual Min Startup Time": 3219.72, "Actual Max Startup Time": 3291.292, "Actual Min Total Time": 3219.72, "Actual Max Total Time": 3291.292, "Plans": [{"Node Type": "Hash Join", "Parent Relationship": "Outer", "Join Type": "Inner", "Startup Cost": 112541.07, "Total Cost": 219721.18, "Plan Rows": 1413, "Plan Width": 64, "Actual Min Startup Time": 1912.326, "Actual Max Startup Time": 1983.906, "Actual Min Total Time": 3218.156, "Actual Max Total Time": 3289.765, "Inner Unique": true, "Hash Cond": "(ci.person_id = n.id)", "Plans": [{"Node Type": "Streaming(type: BROADCAST dop: 16/16)", "Parent Relationship": "Outer", "Startup Cost": 105814.1, "Total Cost": 212988.99, "Plan Rows": 18480, "Plan Width": 68, "Actual Min Startup Time": 1781.909, "Actual Max Startup Time": 1830.08, "Actual Min Total Time": 3062.634, "Actual Max Total Time": 3119.466, "Plans": [{"Node Type": "Hash Join", "Parent Relationship": "Outer", "Join Type": "Inner", "Startup Cost": 105814.1, "Total Cost": 197942.07, "Plan Rows": 1155, "Plan Width": 68, "Actual Min Startup Time": 1905.702, "Actual Max Startup Time": 1950.322, "Actual Min Total Time": 3182.888, "Actual Max Total Time": 3218.725, "Inner Unique": true, "Hash Cond": "(mi.movie_id = t.id)", "Plans": [{"Node Type": "Streaming(type: BROADCAST dop: 16/16)", "Parent Relationship": "Outer", "Startup Cost": 85084.54, "Total Cost": 177207.46, "Plan Rows": 18480, "Plan Width": 63, "Actual Min Startup Time": 1793.94, "Actual Max Startup Time": 1840.388, "Actual Min Total Time": 3053.528, "Actual Max Total Time": 3090.757, "Plans": [{"Node Type": "Hash Join", "Parent Relationship": "Outer", "Join Type": "Inner", "Startup Cost": 85084.54, "Total Cost": 162160.53, "Plan Rows": 1155, "Plan Width": 63, "Actual Min Startup Time": 1888.985, "Actual Max Startup Time": 1907.456, "Actual Min Total Time": 3173.032, "Actual Max Total Time": 3216.109, "Inner Unique": false, "Hash Cond": "(mi.movie_id = ci.movie_id)", "Plans": [{"Node Type": "Streaming(type: BROADCAST dop: 16/1)", "Parent Relationship": "Outer", "Startup Cost": 17347.71, "Total Cost": 94190.7, "Plan Rows": 16704, "Plan Width": 55, "Actual Min Startup Time": 984.421, "Actual Max Startup Time": 1007.018, "Actual Min Total Time": 2233.606, "Actual Max Total Time": 2288.444, "Plans": [{"Node Type": "Nested Loop", "Parent Relationship": "Outer", "Join Type": "Inner", "Startup Cost": 17347.71, "Total Cost": 78830.19, "Plan Rows": 1044, "Plan Width": 55, "Actual Min Startup Time": 1891.856, "Actual Max Startup Time": 1891.856, "Actual Min Total Time": 2038.628, "Actual Max Total Time": 2038.628, "Inner Unique": false, "Join Filter": "(mi_idx.info_type_id = it2.id)", "Rows Removed by Join Filter": 205269, "Plans": [{"Node Type": "Seq Scan", "Parent Relationship": "Outer", "Relation Name": "info_type", "Alias": "it2", "Startup Cost": 0.0, "Total Cost": 2.4, "Plan Rows": 1, "Plan Width": 4, "Actual Min Startup Time": 0.086, "Actual Max Startup Time": 0.086, "Actual Min Total Time": 0.116, "Actual Max Total Time": 0.116, "Filter": "((info)::text = 'votes'::text)", "Rows Removed by Filter": 111, "Actual Rows": 1}, {"Node Type": "Materialize", "Parent Relationship": "Inner", "Startup Cost": 17347.71, "Total Cost": 78786.04, "Plan Rows": 4175, "Plan Width": 59, "Actual Min Startup Time": 1891.74, "Actual Max Startup Time": 1891.74, "Actual Min Total Time": 1937.841, "Actual Max Total Time": 1937.841, "Plans": [{"Node Type": "Streaming(type: LOCAL GATHER dop: 1/16)", "Parent Relationship": "Outer", "Startup Cost": 17347.71, "Total Cost": 78775.6, "Plan Rows": 4175, "Plan Width": 59, "Actual Min Startup Time": 367.705, "Actual Max Startup Time": 367.705, "Actual Min Total Time": 1844.065, "Actual Max Total Time": 1844.065, "Plans": [{"Node Type": "Hash Join", "Parent Relationship": "Outer", "Join Type": "Inner", "Startup Cost": 17347.71, "Total Cost": 78685.5, "Plan Rows": 4175, "Plan Width": 59, "Actual Min Startup Time": 369.236, "Actual Max Startup Time": 565.479, "Actual Min Total Time": 1867.09, "Actual Max Total Time": 1919.461, "Inner Unique": false, "Hash Cond": "(mi.movie_id = mi_idx.movie_id)", "Plans": [{"Node Type": "Streaming(type: BROADCAST dop: 16/1)", "Parent Relationship": "Outer", "Startup Cost": 2.41, "Total Cost": 61317.21, "Plan Rows": 43472, "Plan Width": 46, "Actual Min Startup Time": 280.796, "Actual Max Startup Time": 367.976, "Actual Min Total Time": 1731.945, "Actual Max Total Time": 1821.086, "Plans": [{"Node Type": "Hash Join", "Parent Relationship": "Outer", "Join Type": "Inner", "Startup Cost": 2.41, "Total Cost": 45379.0, "Plan Rows": 2717, "Plan Width": 46, "Actual Min Startup Time": 379.604, "Actual Max Startup Time": 379.604, "Actual Min Total Time": 517.915, "Actual Max Total Time": 517.915, "Inner Unique": true, "Hash Cond": "(mi.info_type_id = it1.id)", "Plans": [{"Node Type": "Streaming(type: LOCAL GATHER dop: 1/16)", "Parent Relationship": "Outer", "Startup Cost": 0.0, "Total Cost": 44636.28, "Plan Rows": 190170, "Plan Width": 50, "Actual Min Startup Time": 255.029, "Actual Max Startup Time": 255.029, "Actual Min Total Time": 435.914, "Actual Max Total Time": 435.914, "Plans": [{"Node Type": "Seq Scan", "Parent Relationship": "Outer", "Relation Name": "movie_info", "Alias": "mi", "Startup Cost": 0.0, "Total Cost": 40532.03, "Plan Rows": 190170, "Plan Width": 50, "Actual Min Startup Time": 227.011, "Actual Max Startup Time": 419.509, "Actual Min Total Time": 458.896, "Actual Max Total Time": 473.411, "Filter": "((info)::text = ANY ('{Horror,Action,Sci-Fi,Thriller,Crime,War}'::text[]))", "Rows Removed by Filter": 14646748, "Actual Rows": 188971}], "Actual Rows": 188971}, {"Node Type": "Hash", "Parent Relationship": "Inner", "Startup Cost": 2.4, "Total Cost": 2.4, "Plan Rows": 1, "Plan Width": 4, "Actual Min Startup Time": 0.077, "Actual Max Startup Time": 0.077, "Actual Min Total Time": 0.077, "Actual Max Total Time": 0.077, "Max Hash Buckets": 32768, "Min Hash Buckets": 32768, "Max Hash Batches": 1, "Min Hash Batches": 1, "Max Original Hash Batches": 1, "Min Original Hash Batches": 1, "Max Peak Memory Usage": 1, "min Peak Memory Usage": 1, "Plans": [{"Node Type": "Seq Scan", "Parent Relationship": "Outer", "Relation Name": "info_type", "Alias": "it1", "Startup Cost": 0.0, "Total Cost": 2.4, "Plan Rows": 1, "Plan Width": 4, "Actual Min Startup Time": 0.041, "Actual Max Startup Time": 0.041, "Actual Min Total Time": 0.065, "Actual Max Total Time": 0.065, "Filter": "((info)::text = 'genres'::text)", "Rows Removed by Filter": 111, "Actual Rows": 1}], "Actual Rows": 1}], "Actual Rows": 186594}], "Actual Rows": 2985504}, {"Node Type": "Hash", "Parent Relationship": "Inner", "Startup Cost": 16267.15, "Total Cost": 16267.15, "Plan Rows": 1380034, "Plan Width": 13, "Actual Min Startup Time": 51.22, "Actual Max Startup Time": 92.036, "Actual Min Total Time": 51.22, "Actual Max Total Time": 92.036, "Max Hash Buckets": 131072, "Min Hash Buckets": 131072, "Max Hash Batches": 1, "Min Hash Batches": 1, "Max Original Hash Batches": 1, "Min Original Hash Batches": 1, "Max Peak Memory Usage": 4602, "min Peak Memory Usage": 4602, "Plans": [{"Node Type": "Seq Scan", "Parent Relationship": "Outer", "Relation Name": "movie_info_idx", "Alias": "mi_idx", "Startup Cost": 0.0, "Total Cost": 16267.15, "Plan Rows": 1380034, "Plan Width": 13, "Actual Min Startup Time": 0.043, "Actual Max Startup Time": 0.08, "Actual Min Total Time": 25.967, "Actual Max Total Time": 47.565, "Actual Rows": 1380034}], "Actual Rows": 1380034}], "Actual Rows": 307785}], "Actual Rows": 307785}], "Actual Rows": 307786}], "Actual Rows": 102516}], "Actual Rows": 1640256}, {"Node Type": "Hash", "Parent Relationship": "Inner", "Startup Cost": 66781.24, "Total Cost": 66781.24, "Plan Rows": 1223154, "Plan Width": 8, "Actual Min Startup Time": 893.808, "Actual Max Startup Time": 909.242, "Actual Min Total Time": 893.808, "Actual Max Total Time": 909.242, "Max Hash Buckets": 131072, "Min Hash Buckets": 131072, "Max Hash Batches": 1, "Min Hash Batches": 1, "Max Original Hash Batches": 1, "Min Original Hash Batches": 1, "Max Peak Memory Usage": 3042, "min Peak Memory Usage": 3042, "Plans": [{"Node Type": "Seq Scan", "Parent Relationship": "Outer", "Relation Name": "cast_info", "Alias": "ci", "Startup Cost": 0.0, "Total Cost": 66781.24, "Plan Rows": 1223154, "Plan Width": 8, "Actual Min Startup Time": 25.308, "Actual Max Startup Time": 454.023, "Actual Min Total Time": 869.673, "Actual Max Total Time": 886.298, "Filter": "((note)::text = ANY ('{(writer),\"(head writer)\",\"(written by)\",(story),\"(story editor)\"}'::text[]))", "Rows Removed by Filter": 34999627, "Actual Rows": 1244716}], "Actual Rows": 1244716}], "Actual Rows": 54155}], "Actual Rows": 866480}, {"Node Type": "Hash", "Parent Relationship": "Inner", "Startup Cost": 18754.32, "Total Cost": 18754.32, "Plan Rows": 2528311, "Plan Width": 21, "Actual Min Startup Time": 105.26, "Actual Max Startup Time": 122.78, "Actual Min Total Time": 105.26, "Actual Max Total Time": 122.78, "Max Hash Buckets": 262144, "Min Hash Buckets": 262144, "Max Hash Batches": 1, "Min Hash Batches": 1, "Max Original Hash Batches": 1, "Min Original Hash Batches": 1, "Max Peak Memory Usage": 8595, "min Peak Memory Usage": 8595, "Plans": [{"Node Type": "Seq Scan", "Parent Relationship": "Outer", "Relation Name": "title", "Alias": "t", "Startup Cost": 0.0, "Total Cost": 18754.32, "Plan Rows": 2528311, "Plan Width": 21, "Actual Min Startup Time": 0.029, "Actual Max Startup Time": 0.052, "Actual Min Total Time": 51.537, "Actual Max Total Time": 58.847, "Actual Rows": 2528311}], "Actual Rows": 2528311}], "Actual Rows": 54155}], "Actual Rows": 866480}, {"Node Type": "Hash", "Parent Relationship": "Inner", "Startup Cost": 21468.16, "Total Cost": 21468.16, "Plan Rows": 1740714, "Plan Width": 4, "Actual Min Startup Time": 128.678, "Actual Max Startup Time": 153.678, "Actual Min Total Time": 128.678, "Actual Max Total Time": 153.678, "Max Hash Buckets": 131072, "Min Hash Buckets": 131072, "Max Hash Batches": 1, "Min Hash Batches": 1, "Max Original Hash Batches": 1, "Min Original Hash Batches": 1, "Max Peak Memory Usage": 3968, "min Peak Memory Usage": 3968, "Plans": [{"Node Type": "Seq Scan", "Parent Relationship": "Outer", "Relation Name": "name", "Alias": "n", "Startup Cost": 0.0, "Total Cost": 21468.16, "Plan Rows": 1740714, "Plan Width": 4, "Actual Min Startup Time": 0.022, "Actual Max Startup Time": 0.047, "Actual Min Total Time": 96.742, "Actual Max Total Time": 103.471, "Filter": "((gender)::text = 'm'::text), (LLVM Optimized, Jit Execute)", "Rows Removed by Filter": 2427912, "Actual Rows": 1739578}], "Actual Rows": 1739578}], "Actual Rows": 28073}], "Actual Rows": 16}], "Actual Rows": 16}], "Actual Rows": 1}, "Triggers": [], "Planner Runtime": 145, "Total Runtime": 3391.706, "Unique SQL Id": 3913857139}}, "(16, 15)": {"explain_plan": {"Plan": {"Node Type": "Aggregate", "Strategy": "Plain", "Startup Cost": 6974941462121.7, "Total Cost": 6974941462121.71, "Plan Rows": 1, "Plan Width": 160, "Plans": [{"Node Type": "Merge Join", "Parent Relationship": "Outer", "Join Type": "Inner", "Startup Cost": 70000000000.0, "Total Cost": 6974941462111.11, "Plan Rows": 1413, "Plan Width": 64, "Inner Unique": true, "Merge Cond": "(ci.person_id = n.id)", "Plans": [{"Node Type": "Nested Loop", "Parent Relationship": "Outer", "Join Type": "Inner", "Startup Cost": 60000000000.0, "Total Cost": 6000433185113.17, "Plan Rows": 1155, "Plan Width": 68, "Inner Unique": true, "Join Filter": "(mi.movie_id = t.id)", "Plans": [{"Node Type": "Nested Loop", "Parent Relationship": "Outer", "Join Type": "Inner", "Startup Cost": 50000000000.0, "Total Cost": 5000378363755.41, "Plan Rows": 1155, "Plan Width": 63, "Inner Unique": false, "Join Filter": "(mi_idx.movie_id = mi.movie_id)", "Plans": [{"Node Type": "Nested Loop", "Parent Relationship": "Outer", "Join Type": "Inner", "Startup Cost": 30000000000.0, "Total Cost": 3000358134325.29, "Plan Rows": 3006, "Plan Width": 54, "Inner Unique": false, "Join Filter": "(mi.movie_id = ci.movie_id)", "Plans": [{"Node Type": "Index Scan", "Parent Relationship": "Outer", "Scan Direction": "Forward", "Index Name": "person_id_cast_info", "Relation Name": "cast_info", "Alias": "ci", "Startup Cost": 10000000000.0, "Total Cost": 1000193311016.96, "Plan Rows": 1223154, "Plan Width": 8, "Filter": "((note)::text = ANY ('{(writer),\"(head writer)\",\"(written by)\",(story),\"(story editor)\"}'::text[]))"}, {"Node Type": "Materialize", "Parent Relationship": "Inner", "Startup Cost": 20000000000.0, "Total Cost": 2000114973673.85, "Plan Rows": 2717, "Plan Width": 46, "Plans": [{"Node Type": "Nested Loop", "Parent Relationship": "Outer", "Join Type": "Inner", "Startup Cost": 20000000000.0, "Total Cost": 2000114973660.27, "Plan Rows": 2717, "Plan Width": 46, "Inner Unique": true, "Join Filter": "(it1.id = mi.info_type_id)", "Plans": [{"Node Type": "Index Scan", "Parent Relationship": "Outer", "Scan Direction": "Forward", "Index Name": "movie_id_movie_info", "Relation Name": "movie_info", "Alias": "mi", "Startup Cost": 10000000000.0, "Total Cost": 1000114969386.72, "Plan Rows": 190170, "Plan Width": 50, "Filter": "((info)::text = ANY ('{Horror,Action,Sci-Fi,Thriller,Crime,War}'::text[]))"}, {"Node Type": "Materialize", "Parent Relationship": "Inner", "Startup Cost": 10000000000.0, "Total Cost": 1000000001421.0, "Plan Rows": 1, "Plan Width": 4, "Plans": [{"Node Type": "Index Scan", "Parent Relationship": "Outer", "Scan Direction": "Forward", "Index Name": "info_type_pkey", "Relation Name": "info_type", "Alias": "it1", "Startup Cost": 10000000000.0, "Total Cost": 1000000001421.0, "Plan Rows": 1, "Plan Width": 4, "Filter": "((info)::text = 'genres'::text)"}]}]}]}]}, {"Node Type": "Materialize", "Parent Relationship": "Inner", "Startup Cost": 20000000000.0, "Total Cost": 2000004673881.92, "Plan Rows": 345008, "Plan Width": 9, "Plans": [{"Node Type": "Nested Loop", "Parent Relationship": "Outer", "Join Type": "Inner", "Startup Cost": 20000000000.0, "Total Cost": 2000004672156.88, "Plan Rows": 345008, "Plan Width": 9, "Inner Unique": true, "Join Filter": "(it2.id = mi_idx.info_type_id), (LLVM Optimized)", "Plans": [{"Node Type": "Index Scan", "Parent Relationship": "Outer", "Scan Direction": "Forward", "Index Name": "movie_id_movie_info_idx", "Relation Name": "movie_info_idx", "Alias": "mi_idx", "Startup Cost": 10000000000.0, "Total Cost": 1000004650035.37, "Plan Rows": 1380034, "Plan Width": 13}, {"Node Type": "Materialize", "Parent Relationship": "Inner", "Startup Cost": 10000000000.0, "Total Cost": 1000000001421.0, "Plan Rows": 1, "Plan Width": 4, "Plans": [{"Node Type": "Index Scan", "Parent Relationship": "Outer", "Scan Direction": "Forward", "Index Name": "info_type_pkey", "Relation Name": "info_type", "Alias": "it2", "Startup Cost": 10000000000.0, "Total Cost": 1000000001421.0, "Plan Rows": 1, "Plan Width": 4, "Filter": "((info)::text = 'votes'::text)"}]}]}]}]}, {"Node Type": "Materialize", "Parent Relationship": "Inner", "Startup Cost": 10000000000.0, "Total Cost": 1000011024690.47, "Plan Rows": 2528311, "Plan Width": 21, "Plans": [{"Node Type": "Index Scan", "Parent Relationship": "Outer", "Scan Direction": "Forward", "Index Name": "title_pkey", "Relation Name": "title", "Alias": "t", "Startup Cost": 10000000000.0, "Total Cost": 1000011012048.91, "Plan Rows": 2528311, "Plan Width": 21}]}]}, {"Node Type": "Index Scan", "Parent Relationship": "Inner", "Scan Direction": "Forward", "Index Name": "name_pkey", "Relation Name": "name", "Alias": "n", "Startup Cost": 10000000000.0, "Total Cost": 1000018665147.2, "Plan Rows": 1740714, "Plan Width": 4, "Filter": "((gender)::text = 'm'::text), (LLVM Optimized)"}]}]}, "Unique SQL Id": 3913857139, "Planner Runtime": 97}, "explain_analyze_plan": null}, "(16, 16)": {"explain_plan": {"Plan": {"Node Type": "Aggregate", "Strategy": "Plain", "Startup Cost": 50638.13, "Total Cost": 50638.14, "Plan Rows": 1, "Plan Width": 160, "Plans": [{"Node Type": "Nested Loop", "Parent Relationship": "Outer", "Join Type": "Inner", "Startup Cost": 0.0, "Total Cost": 50627.54, "Plan Rows": 1413, "Plan Width": 64, "Inner Unique": true, "Plans": [{"Node Type": "Nested Loop", "Parent Relationship": "Outer", "Join Type": "Inner", "Startup Cost": 0.0, "Total Cost": 50048.27, "Plan Rows": 1155, "Plan Width": 68, "Inner Unique": false, "Plans": [{"Node Type": "Nested Loop", "Parent Relationship": "Outer", "Join Type": "Inner", "Startup Cost": 0.0, "Total Cost": 48986.64, "Plan Rows": 1044, "Plan Width": 76, "Inner Unique": true, "Join Filter": "(mi.movie_id = t.id)", "Plans": [{"Node Type": "Nested Loop", "Parent Relationship": "Outer", "Join Type": "Inner", "Startup Cost": 0.0, "Total Cost": 48558.44, "Plan Rows": 1044, "Plan Width": 55, "Inner Unique": false, "Join Filter": "(mi_idx.info_type_id = it2.id)", "Plans": [{"Node Type": "Seq Scan", "Parent Relationship": "Outer", "Relation Name": "info_type", "Alias": "it2", "Startup Cost": 0.0, "Total Cost": 2.4, "Plan Rows": 1, "Plan Width": 4, "Filter": "((info)::text = 'votes'::text)"}, {"Node Type": "Nested Loop", "Parent Relationship": "Inner", "Join Type": "Inner", "Startup Cost": 0.0, "Total Cost": 48503.86, "Plan Rows": 4175, "Plan Width": 59, "Inner Unique": false, "Plans": [{"Node Type": "Nested Loop", "Parent Relationship": "Outer", "Join Type": "Inner", "Startup Cost": 0.0, "Total Cost": 47015.81, "Plan Rows": 2717, "Plan Width": 46, "Inner Unique": false, "Join Filter": "(it1.id = mi.info_type_id)", "Plans": [{"Node Type": "Seq Scan", "Parent Relationship": "Outer", "Relation Name": "info_type", "Alias": "it1", "Startup Cost": 0.0, "Total Cost": 2.4, "Plan Rows": 1, "Plan Width": 4, "Filter": "((info)::text = 'genres'::text)"}, {"Node Type": "Materialize", "Parent Relationship": "Inner", "Startup Cost": 0.0, "Total Cost": 45111.71, "Plan Rows": 190170, "Plan Width": 50, "Plans": [{"Node Type": "Streaming(type: LOCAL GATHER dop: 1/16)", "Parent Relationship": "Outer", "Startup Cost": 0.0, "Total Cost": 44636.28, "Plan Rows": 190170, "Plan Width": 50, "Plans": [{"Node Type": "Seq Scan", "Parent Relationship": "Outer", "Relation Name": "movie_info", "Alias": "mi", "Startup Cost": 0.0, "Total Cost": 40532.03, "Plan Rows": 190170, "Plan Width": 50, "Filter": "((info)::text = ANY ('{Horror,Action,Sci-Fi,Thriller,Crime,War}'::text[]))"}]}]}]}, {"Node Type": "Index Scan", "Parent Relationship": "Inner", "Scan Direction": "Forward", "Index Name": "movie_id_movie_info_idx", "Relation Name": "movie_info_idx", "Alias": "mi_idx", "Startup Cost": 0.0, "Total Cost": 0.53, "Plan Rows": 2, "Plan Width": 13, "Index Cond": "(movie_id = mi.movie_id)"}]}]}, {"Node Type": "Index Scan", "Parent Relationship": "Inner", "Scan Direction": "Forward", "Index Name": "title_pkey", "Relation Name": "title", "Alias": "t", "Startup Cost": 0.0, "Total Cost": 0.4, "Plan Rows": 1, "Plan Width": 21, "Index Cond": "(id = mi_idx.movie_id)"}]}, {"Node Type": "Index Scan", "Parent Relationship": "Inner", "Scan Direction": "Forward", "Index Name": "movie_id_cast_info", "Relation Name": "cast_info", "Alias": "ci", "Startup Cost": 0.0, "Total Cost": 1.01, "Plan Rows": 1, "Plan Width": 8, "Index Cond": "(movie_id = t.id)", "Filter": "((note)::text = ANY ('{(writer),\"(head writer)\",\"(written by)\",(story),\"(story editor)\"}'::text[]))"}]}, {"Node Type": "Index Scan", "Parent Relationship": "Inner", "Scan Direction": "Forward", "Index Name": "name_pkey", "Relation Name": "name", "Alias": "n", "Startup Cost": 0.0, "Total Cost": 0.49, "Plan Rows": 1, "Plan Width": 4, "Index Cond": "(id = ci.person_id)", "Filter": "((gender)::text = 'm'::text)"}]}]}, "Unique SQL Id": 3913857139, "Planner Runtime": 17}, "explain_analyze_plan": {"Plan": {"Node Type": "Aggregate", "Strategy": "Plain", "Startup Cost": 50638.13, "Total Cost": 50638.14, "Plan Rows": 1, "Plan Width": 160, "Actual Min Startup Time": 11129.472, "Actual Max Startup Time": 11129.472, "Actual Min Total Time": 11129.473, "Actual Max Total Time": 11129.473, "Plans": [{"Node Type": "Nested Loop", "Parent Relationship": "Outer", "Join Type": "Inner", "Startup Cost": 0.0, "Total Cost": 50627.54, "Plan Rows": 1413, "Plan Width": 64, "Actual Min Startup Time": 511.135, "Actual Max Startup Time": 511.135, "Actual Min Total Time": 11090.649, "Actual Max Total Time": 11090.649, "Inner Unique": true, "Plans": [{"Node Type": "Nested Loop", "Parent Relationship": "Outer", "Join Type": "Inner", "Startup Cost": 0.0, "Total Cost": 50048.27, "Plan Rows": 1155, "Plan Width": 68, "Actual Min Startup Time": 511.069, "Actual Max Startup Time": 511.069, "Actual Min Total Time": 10685.753, "Actual Max Total Time": 10685.753, "Inner Unique": false, "Plans": [{"Node Type": "Nested Loop", "Parent Relationship": "Outer", "Join Type": "Inner", "Startup Cost": 0.0, "Total Cost": 48986.64, "Plan Rows": 1044, "Plan Width": 76, "Actual Min Startup Time": 511.036, "Actual Max Startup Time": 511.036, "Actual Min Total Time": 2090.161, "Actual Max Total Time": 2090.161, "Inner Unique": true, "Join Filter": "(mi.movie_id = t.id)", "Rows Removed by Join Filter": 0, "Plans": [{"Node Type": "Nested Loop", "Parent Relationship": "Outer", "Join Type": "Inner", "Startup Cost": 0.0, "Total Cost": 48558.44, "Plan Rows": 1044, "Plan Width": 55, "Actual Min Startup Time": 511.018, "Actual Max Startup Time": 511.018, "Actual Min Total Time": 1536.856, "Actual Max Total Time": 1536.856, "Inner Unique": false, "Join Filter": "(mi_idx.info_type_id = it2.id)", "Rows Removed by Join Filter": 205269, "Plans": [{"Node Type": "Seq Scan", "Parent Relationship": "Outer", "Relation Name": "info_type", "Alias": "it2", "Startup Cost": 0.0, "Total Cost": 2.4, "Plan Rows": 1, "Plan Width": 4, "Actual Min Startup Time": 0.062, "Actual Max Startup Time": 0.062, "Actual Min Total Time": 0.082, "Actual Max Total Time": 0.082, "Filter": "((info)::text = 'votes'::text)", "Rows Removed by Filter": 111, "Actual Rows": 1}, {"Node Type": "Nested Loop", "Parent Relationship": "Inner", "Join Type": "Inner", "Startup Cost": 0.0, "Total Cost": 48503.86, "Plan Rows": 4175, "Plan Width": 59, "Actual Min Startup Time": 510.944, "Actual Max Startup Time": 510.944, "Actual Min Total Time": 1446.297, "Actual Max Total Time": 1446.297, "Inner Unique": false, "Plans": [{"Node Type": "Nested Loop", "Parent Relationship": "Outer", "Join Type": "Inner", "Startup Cost": 0.0, "Total Cost": 47015.81, "Plan Rows": 2717, "Plan Width": 46, "Actual Min Startup Time": 510.906, "Actual Max Startup Time": 510.906, "Actual Min Total Time": 614.399, "Actual Max Total Time": 614.399, "Inner Unique": false, "Join Filter": "(it1.id = mi.info_type_id)", "Rows Removed by Join Filter": 2377, "Plans": [{"Node Type": "Seq Scan", "Parent Relationship": "Outer", "Relation Name": "info_type", "Alias": "it1", "Startup Cost": 0.0, "Total Cost": 2.4, "Plan Rows": 1, "Plan Width": 4, "Actual Min Startup Time": 0.049, "Actual Max Startup Time": 0.049, "Actual Min Total Time": 0.098, "Actual Max Total Time": 0.098, "Filter": "((info)::text = 'genres'::text)", "Rows Removed by Filter": 111, "Actual Rows": 1}, {"Node Type": "Materialize", "Parent Relationship": "Inner", "Startup Cost": 0.0, "Total Cost": 45111.71, "Plan Rows": 190170, "Plan Width": 50, "Actual Min Startup Time": 510.302, "Actual Max Startup Time": 510.302, "Actual Min Total Time": 540.364, "Actual Max Total Time": 540.364, "Plans": [{"Node Type": "Streaming(type: LOCAL GATHER dop: 1/16)", "Parent Relationship": "Outer", "Startup Cost": 0.0, "Total Cost": 44636.28, "Plan Rows": 190170, "Plan Width": 50, "Actual Min Startup Time": 297.487, "Actual Max Startup Time": 297.487, "Actual Min Total Time": 482.691, "Actual Max Total Time": 482.691, "Plans": [{"Node Type": "Seq Scan", "Parent Relationship": "Outer", "Relation Name": "movie_info", "Alias": "mi", "Startup Cost": 0.0, "Total Cost": 40532.03, "Plan Rows": 190170, "Plan Width": 50, "Actual Min Startup Time": 226.336, "Actual Max Startup Time": 412.639, "Actual Min Total Time": 456.317, "Actual Max Total Time": 472.872, "Filter": "((info)::text = ANY ('{Horror,Action,Sci-Fi,Thriller,Crime,War}'::text[]))", "Rows Removed by Filter": 14646748, "Actual Rows": 188971}], "Actual Rows": 188971}], "Actual Rows": 188972}], "Actual Rows": 186594}, {"Node Type": "Index Scan", "Parent Relationship": "Inner", "Scan Direction": "Forward", "Index Name": "movie_id_movie_info_idx", "Relation Name": "movie_info_idx", "Alias": "mi_idx", "Startup Cost": 0.0, "Total Cost": 0.53, "Plan Rows": 2, "Plan Width": 13, "Actual Min Startup Time": 538.97, "Actual Max Startup Time": 538.97, "Actual Min Total Time": 658.4, "Actual Max Total Time": 658.4, "Index Cond": "(movie_id = mi.movie_id)", "Rows Removed by Index Recheck": 0, "Actual Rows": 307785}], "Actual Rows": 307785}], "Actual Rows": 102516}, {"Node Type": "Index Scan", "Parent Relationship": "Inner", "Scan Direction": "Forward", "Index Name": "title_pkey", "Relation Name": "title", "Alias": "t", "Startup Cost": 0.0, "Total Cost": 0.4, "Plan Rows": 1, "Plan Width": 21, "Actual Min Startup Time": 443.939, "Actual Max Startup Time": 443.939, "Actual Min Total Time": 443.939, "Actual Max Total Time": 443.939, "Index Cond": "(id = mi_idx.movie_id)", "Rows Removed by Index Recheck": 0, "Actual Rows": 102516}], "Actual Rows": 102516}, {"Node Type": "Index Scan", "Parent Relationship": "Inner", "Scan Direction": "Forward", "Index Name": "movie_id_cast_info", "Relation Name": "cast_info", "Alias": "ci", "Startup Cost": 0.0, "Total Cost": 1.01, "Plan Rows": 1, "Plan Width": 8, "Actual Min Startup Time": 7269.102, "Actual Max Startup Time": 7269.102, "Actual Min Total Time": 8522.718, "Actual Max Total Time": 8522.718, "Index Cond": "(movie_id = t.id)", "Rows Removed by Index Recheck": 0, "Filter": "((note)::text = ANY ('{(writer),\"(head writer)\",\"(written by)\",(story),\"(story editor)\"}'::text[]))", "Rows Removed by Filter": 3987641, "Actual Rows": 54155}], "Actual Rows": 54155}, {"Node Type": "Index Scan", "Parent Relationship": "Inner", "Scan Direction": "Forward", "Index Name": "name_pkey", "Relation Name": "name", "Alias": "n", "Startup Cost": 0.0, "Total Cost": 0.49, "Plan Rows": 1, "Plan Width": 4, "Actual Min Startup Time": 360.913, "Actual Max Startup Time": 360.913, "Actual Min Total Time": 360.913, "Actual Max Total Time": 360.913, "Index Cond": "(id = ci.person_id)", "Rows Removed by Index Recheck": 0, "Filter": "((gender)::text = 'm'::text)", "Rows Removed by Filter": 26082, "Actual Rows": 28073}], "Actual Rows": 28073}], "Actual Rows": 1}, "Triggers": [], "Planner Runtime": 8, "Total Runtime": 11132.427, "Unique SQL Id": 3913857139}}, "(16, 17)": {"explain_plan": {"Plan": {"Node Type": "Aggregate", "Strategy": "Plain", "Startup Cost": 168618.05, "Total Cost": 168618.06, "Plan Rows": 1, "Plan Width": 160, "Plans": [{"Node Type": "Nested Loop", "Parent Relationship": "Outer", "Join Type": "Inner", "Startup Cost": 4842.14, "Total Cost": 168607.45, "Plan Rows": 1413, "Plan Width": 64, "Inner Unique": true, "Plans": [{"Node Type": "Nested Loop", "Parent Relationship": "Outer", "Join Type": "Inner", "Startup Cost": 4842.14, "Total Cost": 168028.19, "Plan Rows": 1155, "Plan Width": 68, "Inner Unique": false, "Plans": [{"Node Type": "Nested Loop", "Parent Relationship": "Outer", "Join Type": "Inner", "Startup Cost": 4842.14, "Total Cost": 166966.55, "Plan Rows": 1044, "Plan Width": 76, "Inner Unique": true, "Join Filter": "(mi.movie_id = t.id)", "Plans": [{"Node Type": "Nested Loop", "Parent Relationship": "Outer", "Join Type": "Inner", "Startup Cost": 4842.14, "Total Cost": 166538.36, "Plan Rows": 1044, "Plan Width": 55, "Inner Unique": false, "Join Filter": "(mi_idx.info_type_id = it2.id)", "Plans": [{"Node Type": "Index Scan", "Parent Relationship": "Outer", "Scan Direction": "Forward", "Index Name": "info_type_pkey", "Relation Name": "info_type", "Alias": "it2", "Startup Cost": 0.0, "Total Cost": 14.21, "Plan Rows": 1, "Plan Width": 4, "Filter": "((info)::text = 'votes'::text)"}, {"Node Type": "Nested Loop", "Parent Relationship": "Inner", "Join Type": "Inner", "Startup Cost": 4842.14, "Total Cost": 166471.96, "Plan Rows": 4175, "Plan Width": 59, "Inner Unique": false, "Plans": [{"Node Type": "Nested Loop", "Parent Relationship": "Outer", "Join Type": "Inner", "Startup Cost": 4842.14, "Total Cost": 164983.91, "Plan Rows": 2717, "Plan Width": 46, "Inner Unique": false, "Plans": [{"Node Type": "Index Scan", "Parent Relationship": "Outer", "Scan Direction": "Forward", "Index Name": "info_type_pkey", "Relation Name": "info_type", "Alias": "it1", "Startup Cost": 0.0, "Total Cost": 14.21, "Plan Rows": 1, "Plan Width": 4, "Filter": "((info)::text = 'genres'::text)"}, {"Node Type": "Bitmap Heap Scan", "Parent Relationship": "Inner", "Relation Name": "movie_info", "Alias": "mi", "Startup Cost": 4842.14, "Total Cost": 164942.53, "Plan Rows": 2717, "Plan Width": 50, "Recheck Cond": "(info_type_id = it1.id)", "Filter": "((info)::text = ANY ('{Horror,Action,Sci-Fi,Thriller,Crime,War}'::text[]))", "Plans": [{"Node Type": "Bitmap Index Scan", "Parent Relationship": "Outer", "Index Name": "info_type_id_movie_info", "Startup Cost": 0.0, "Total Cost": 4841.46, "Plan Rows": 212428, "Plan Width": 0, "Index Cond": "(info_type_id = it1.id)"}]}]}, {"Node Type": "Index Scan", "Parent Relationship": "Inner", "Scan Direction": "Forward", "Index Name": "movie_id_movie_info_idx", "Relation Name": "movie_info_idx", "Alias": "mi_idx", "Startup Cost": 0.0, "Total Cost": 0.53, "Plan Rows": 2, "Plan Width": 13, "Index Cond": "(movie_id = mi.movie_id)"}]}]}, {"Node Type": "Index Scan", "Parent Relationship": "Inner", "Scan Direction": "Forward", "Index Name": "title_pkey", "Relation Name": "title", "Alias": "t", "Startup Cost": 0.0, "Total Cost": 0.4, "Plan Rows": 1, "Plan Width": 21, "Index Cond": "(id = mi_idx.movie_id)"}]}, {"Node Type": "Index Scan", "Parent Relationship": "Inner", "Scan Direction": "Forward", "Index Name": "movie_id_cast_info", "Relation Name": "cast_info", "Alias": "ci", "Startup Cost": 0.0, "Total Cost": 1.01, "Plan Rows": 1, "Plan Width": 8, "Index Cond": "(movie_id = t.id)", "Filter": "((note)::text = ANY ('{(writer),\"(head writer)\",\"(written by)\",(story),\"(story editor)\"}'::text[]))"}]}, {"Node Type": "Index Scan", "Parent Relationship": "Inner", "Scan Direction": "Forward", "Index Name": "name_pkey", "Relation Name": "name", "Alias": "n", "Startup Cost": 0.0, "Total Cost": 0.49, "Plan Rows": 1, "Plan Width": 4, "Index Cond": "(id = ci.person_id)", "Filter": "((gender)::text = 'm'::text)"}]}]}, "Unique SQL Id": 3913857139, "Planner Runtime": 19}, "explain_analyze_plan": {"Plan": {"Node Type": "Aggregate", "Strategy": "Plain", "Startup Cost": 168618.05, "Total Cost": 168618.06, "Plan Rows": 1, "Plan Width": 160, "Actual Startup Time": 11969.053, "Actual Total Time": 11969.053, "Actual Rows": 1, "Actual Loops": 1, "Plans": [{"Node Type": "Nested Loop", "Parent Relationship": "Outer", "Join Type": "Inner", "Startup Cost": 4842.14, "Total Cost": 168607.45, "Plan Rows": 1413, "Plan Width": 64, "Actual Startup Time": 183.605, "Actual Total Time": 11931.811, "Actual Rows": 28073, "Actual Loops": 1, "Inner Unique": true, "Plans": [{"Node Type": "Nested Loop", "Parent Relationship": "Outer", "Join Type": "Inner", "Startup Cost": 4842.14, "Total Cost": 168028.19, "Plan Rows": 1155, "Plan Width": 68, "Actual Startup Time": 181.327, "Actual Total Time": 11510.362, "Actual Rows": 54155, "Actual Loops": 1, "Inner Unique": false, "Plans": [{"Node Type": "Nested Loop", "Parent Relationship": "Outer", "Join Type": "Inner", "Startup Cost": 4842.14, "Total Cost": 166966.55, "Plan Rows": 1044, "Plan Width": 76, "Actual Startup Time": 178.719, "Actual Total Time": 2661.808, "Actual Rows": 102516, "Actual Loops": 1, "Inner Unique": true, "Join Filter": "(mi.movie_id = t.id)", "Rows Removed by Join Filter": 0, "Plans": [{"Node Type": "Nested Loop", "Parent Relationship": "Outer", "Join Type": "Inner", "Startup Cost": 4842.14, "Total Cost": 166538.36, "Plan Rows": 1044, "Plan Width": 55, "Actual Startup Time": 178.7, "Actual Total Time": 2109.568, "Actual Rows": 102516, "Actual Loops": 1, "Inner Unique": false, "Join Filter": "(mi_idx.info_type_id = it2.id)", "Rows Removed by Join Filter": 205269, "Plans": [{"Node Type": "Index Scan", "Parent Relationship": "Outer", "Scan Direction": "Forward", "Index Name": "info_type_pkey", "Relation Name": "info_type", "Alias": "it2", "Startup Cost": 0.0, "Total Cost": 14.21, "Plan Rows": 1, "Plan Width": 4, "Actual Startup Time": 0.068, "Actual Total Time": 0.077, "Actual Rows": 1, "Actual Loops": 1, "Filter": "((info)::text = 'votes'::text)", "Rows Removed by Filter": 111}, {"Node Type": "Nested Loop", "Parent Relationship": "Inner", "Join Type": "Inner", "Startup Cost": 4842.14, "Total Cost": 166471.96, "Plan Rows": 4175, "Plan Width": 59, "Actual Startup Time": 178.619, "Actual Total Time": 2023.448, "Actual Rows": 307785, "Actual Loops": 1, "Inner Unique": false, "Plans": [{"Node Type": "Nested Loop", "Parent Relationship": "Outer", "Join Type": "Inner", "Startup Cost": 4842.14, "Total Cost": 164983.91, "Plan Rows": 2717, "Plan Width": 46, "Actual Startup Time": 178.589, "Actual Total Time": 1168.902, "Actual Rows": 186594, "Actual Loops": 1, "Inner Unique": false, "Plans": [{"Node Type": "Index Scan", "Parent Relationship": "Outer", "Scan Direction": "Forward", "Index Name": "info_type_pkey", "Relation Name": "info_type", "Alias": "it1", "Startup Cost": 0.0, "Total Cost": 14.21, "Plan Rows": 1, "Plan Width": 4, "Actual Startup Time": 0.008, "Actual Total Time": 0.071, "Actual Rows": 1, "Actual Loops": 1, "Filter": "((info)::text = 'genres'::text)", "Rows Removed by Filter": 111}, {"Node Type": "Bitmap Heap Scan", "Parent Relationship": "Inner", "Relation Name": "movie_info", "Alias": "mi", "Startup Cost": 4842.14, "Total Cost": 164942.53, "Plan Rows": 2717, "Plan Width": 50, "Actual Startup Time": 178.575, "Actual Total Time": 1125.474, "Actual Rows": 186594, "Actual Loops": 1, "Recheck Cond": "(info_type_id = it1.id)", "Rows Removed by Index Recheck": 0, "Filter": "((info)::text = ANY ('{Horror,Action,Sci-Fi,Thriller,Crime,War}'::text[]))", "Rows Removed by Filter": 1347315, "Exact Heap Blocks": 7426, "Lossy Heap Blocks": 7426, "Plans": [{"Node Type": "Bitmap Index Scan", "Parent Relationship": "Outer", "Index Name": "info_type_id_movie_info", "Startup Cost": 0.0, "Total Cost": 4841.46, "Plan Rows": 212428, "Plan Width": 0, "Actual Startup Time": 177.197, "Actual Total Time": 177.197, "Actual Rows": 1533909, "Actual Loops": 1, "Index Cond": "(info_type_id = it1.id)"}]}]}, {"Node Type": "Index Scan", "Parent Relationship": "Inner", "Scan Direction": "Forward", "Index Name": "movie_id_movie_info_idx", "Relation Name": "movie_info_idx", "Alias": "mi_idx", "Startup Cost": 0.0, "Total Cost": 0.53, "Plan Rows": 2, "Plan Width": 13, "Actual Startup Time": 557.682, "Actual Total Time": 678.182, "Actual Rows": 307785, "Actual Loops": 186594, "Index Cond": "(movie_id = mi.movie_id)", "Rows Removed by Index Recheck": 0}]}]}, {"Node Type": "Index Scan", "Parent Relationship": "Inner", "Scan Direction": "Forward", "Index Name": "title_pkey", "Relation Name": "title", "Alias": "t", "Startup Cost": 0.0, "Total Cost": 0.4, "Plan Rows": 1, "Plan Width": 21, "Actual Startup Time": 444.947, "Actual Total Time": 444.947, "Actual Rows": 102516, "Actual Loops": 102516, "Index Cond": "(id = mi_idx.movie_id)", "Rows Removed by Index Recheck": 0}]}, {"Node Type": "Index Scan", "Parent Relationship": "Inner", "Scan Direction": "Forward", "Index Name": "movie_id_cast_info", "Relation Name": "cast_info", "Alias": "ci", "Startup Cost": 0.0, "Total Cost": 1.01, "Plan Rows": 1, "Plan Width": 8, "Actual Startup Time": 7477.985, "Actual Total Time": 8775.091, "Actual Rows": 54155, "Actual Loops": 102516, "Index Cond": "(movie_id = t.id)", "Rows Removed by Index Recheck": 0, "Filter": "((note)::text = ANY ('{(writer),\"(head writer)\",\"(written by)\",(story),\"(story editor)\"}'::text[]))", "Rows Removed by Filter": 3987641}]}, {"Node Type": "Index Scan", "Parent Relationship": "Inner", "Scan Direction": "Forward", "Index Name": "name_pkey", "Relation Name": "name", "Alias": "n", "Startup Cost": 0.0, "Total Cost": 0.49, "Plan Rows": 1, "Plan Width": 4, "Actual Startup Time": 373.743, "Actual Total Time": 373.743, "Actual Rows": 28073, "Actual Loops": 54155, "Index Cond": "(id = ci.person_id)", "Rows Removed by Index Recheck": 0, "Filter": "((gender)::text = 'm'::text)", "Rows Removed by Filter": 26082}]}]}, "Triggers": [], "Planner Runtime": 8, "Total Runtime": 11969.337, "Unique SQL Id": 3913857139}}, "(16, 18)": {"explain_plan": {"Plan": {"Node Type": "Aggregate", "Strategy": "Plain", "Startup Cost": 73415.7, "Total Cost": 73415.71, "Plan Rows": 1, "Plan Width": 160, "Plans": [{"Node Type": "Nested Loop", "Parent Relationship": "Outer", "Join Type": "Inner", "Startup Cost": 1.48, "Total Cost": 73405.11, "Plan Rows": 1413, "Plan Width": 64, "Inner Unique": true, "Plans": [{"Node Type": "Nested Loop", "Parent Relationship": "Outer", "Join Type": "Inner", "Startup Cost": 1.17, "Total Cost": 68399.68, "Plan Rows": 1155, "Plan Width": 68, "Inner Unique": false, "Plans": [{"Node Type": "Nested Loop", "Parent Relationship": "Outer", "Join Type": "Inner", "Startup Cost": 0.65, "Total Cost": 63557.01, "Plan Rows": 1044, "Plan Width": 76, "Inner Unique": true, "Join Filter": "(mi.movie_id = t.id)", "Plans": [{"Node Type": "Nested Loop", "Parent Relationship": "Outer", "Join Type": "Inner", "Startup Cost": 0.37, "Total Cost": 59057.82, "Plan Rows": 1044, "Plan Width": 55, "Inner Unique": false, "Join Filter": "(mi_idx.info_type_id = it2.id)", "Plans": [{"Node Type": "Seq Scan", "Parent Relationship": "Outer", "Relation Name": "info_type", "Alias": "it2", "Startup Cost": 0.0, "Total Cost": 2.4, "Plan Rows": 1, "Plan Width": 4, "Filter": "((info)::text = 'votes'::text)"}, {"Node Type": "Nested Loop", "Parent Relationship": "Inner", "Join Type": "Inner", "Startup Cost": 0.37, "Total Cost": 59003.23, "Plan Rows": 4175, "Plan Width": 59, "Inner Unique": false, "Plans": [{"Node Type": "Nested Loop", "Parent Relationship": "Outer", "Join Type": "Inner", "Startup Cost": 0.0, "Total Cost": 47015.81, "Plan Rows": 2717, "Plan Width": 46, "Inner Unique": false, "Join Filter": "(it1.id = mi.info_type_id)", "Plans": [{"Node Type": "Seq Scan", "Parent Relationship": "Outer", "Relation Name": "info_type", "Alias": "it1", "Startup Cost": 0.0, "Total Cost": 2.4, "Plan Rows": 1, "Plan Width": 4, "Filter": "((info)::text = 'genres'::text)"}, {"Node Type": "Materialize", "Parent Relationship": "Inner", "Startup Cost": 0.0, "Total Cost": 45111.71, "Plan Rows": 190170, "Plan Width": 50, "Plans": [{"Node Type": "Streaming(type: LOCAL GATHER dop: 1/16)", "Parent Relationship": "Outer", "Startup Cost": 0.0, "Total Cost": 44636.28, "Plan Rows": 190170, "Plan Width": 50, "Plans": [{"Node Type": "Seq Scan", "Parent Relationship": "Outer", "Relation Name": "movie_info", "Alias": "mi", "Startup Cost": 0.0, "Total Cost": 40532.03, "Plan Rows": 190170, "Plan Width": 50, "Filter": "((info)::text = ANY ('{Horror,Action,Sci-Fi,Thriller,Crime,War}'::text[]))"}]}]}]}, {"Node Type": "Bitmap Heap Scan", "Parent Relationship": "Inner", "Relation Name": "movie_info_idx", "Alias": "mi_idx", "Startup Cost": 0.37, "Total Cost": 4.39, "Plan Rows": 2, "Plan Width": 13, "Recheck Cond": "(movie_id = mi.movie_id)", "Plans": [{"Node Type": "Bitmap Index Scan", "Parent Relationship": "Outer", "Index Name": "movie_id_movie_info_idx", "Startup Cost": 0.0, "Total Cost": 0.37, "Plan Rows": 2, "Plan Width": 0, "Index Cond": "(movie_id = mi.movie_id)"}]}]}]}, {"Node Type": "Bitmap Heap Scan", "Parent Relationship": "Inner", "Relation Name": "title", "Alias": "t", "Startup Cost": 0.28, "Total Cost": 4.3, "Plan Rows": 1, "Plan Width": 21, "Recheck Cond": "(id = mi_idx.movie_id)", "Plans": [{"Node Type": "Bitmap Index Scan", "Parent Relationship": "Outer", "Index Name": "title_pkey", "Startup Cost": 0.0, "Total Cost": 0.28, "Plan Rows": 1, "Plan Width": 0, "Index Cond": "(id = mi_idx.movie_id)"}]}]}, {"Node Type": "Bitmap Heap Scan", "Parent Relationship": "Inner", "Relation Name": "cast_info", "Alias": "ci", "Startup Cost": 0.52, "Total Cost": 4.63, "Plan Rows": 1, "Plan Width": 8, "Recheck Cond": "(movie_id = t.id)", "Filter": "((note)::text = ANY ('{(writer),\"(head writer)\",\"(written by)\",(story),\"(story editor)\"}'::text[]))", "Plans": [{"Node Type": "Bitmap Index Scan", "Parent Relationship": "Outer", "Index Name": "movie_id_cast_info", "Startup Cost": 0.0, "Total Cost": 0.52, "Plan Rows": 6, "Plan Width": 0, "Index Cond": "(movie_id = t.id)"}]}]}, {"Node Type": "Bitmap Heap Scan", "Parent Relationship": "Inner", "Relation Name": "name", "Alias": "n", "Startup Cost": 0.31, "Total Cost": 4.32, "Plan Rows": 1, "Plan Width": 4, "Recheck Cond": "(id = ci.person_id)", "Filter": "((gender)::text = 'm'::text)", "Plans": [{"Node Type": "Bitmap Index Scan", "Parent Relationship": "Outer", "Index Name": "name_pkey", "Startup Cost": 0.0, "Total Cost": 0.31, "Plan Rows": 1, "Plan Width": 0, "Index Cond": "(id = ci.person_id)"}]}]}]}, "Unique SQL Id": 3913857139, "Planner Runtime": 31}, "explain_analyze_plan": {"Plan": {"Node Type": "Aggregate", "Strategy": "Plain", "Startup Cost": 73415.7, "Total Cost": 73415.71, "Plan Rows": 1, "Plan Width": 160, "Actual Min Startup Time": 14086.031, "Actual Max Startup Time": 14086.031, "Actual Min Total Time": 14086.031, "Actual Max Total Time": 14086.031, "Plans": [{"Node Type": "Nested Loop", "Parent Relationship": "Outer", "Join Type": "Inner", "Startup Cost": 1.48, "Total Cost": 73405.11, "Plan Rows": 1413, "Plan Width": 64, "Actual Min Startup Time": 511.913, "Actual Max Startup Time": 511.913, "Actual Min Total Time": 14038.009, "Actual Max Total Time": 14038.009, "Inner Unique": true, "Plans": [{"Node Type": "Nested Loop", "Parent Relationship": "Outer", "Join Type": "Inner", "Startup Cost": 1.17, "Total Cost": 68399.68, "Plan Rows": 1155, "Plan Width": 68, "Actual Min Startup Time": 511.827, "Actual Max Startup Time": 511.827, "Actual Min Total Time": 13500.235, "Actual Max Total Time": 13500.235, "Inner Unique": false, "Plans": [{"Node Type": "Nested Loop", "Parent Relationship": "Outer", "Join Type": "Inner", "Startup Cost": 0.65, "Total Cost": 63557.01, "Plan Rows": 1044, "Plan Width": 76, "Actual Min Startup Time": 511.775, "Actual Max Startup Time": 511.775, "Actual Min Total Time": 2633.047, "Actual Max Total Time": 2633.047, "Inner Unique": true, "Join Filter": "(mi.movie_id = t.id)", "Rows Removed by Join Filter": 0, "Plans": [{"Node Type": "Nested Loop", "Parent Relationship": "Outer", "Join Type": "Inner", "Startup Cost": 0.37, "Total Cost": 59057.82, "Plan Rows": 1044, "Plan Width": 55, "Actual Min Startup Time": 511.751, "Actual Max Startup Time": 511.751, "Actual Min Total Time": 1869.537, "Actual Max Total Time": 1869.537, "Inner Unique": false, "Join Filter": "(mi_idx.info_type_id = it2.id)", "Rows Removed by Join Filter": 205269, "Plans": [{"Node Type": "Seq Scan", "Parent Relationship": "Outer", "Relation Name": "info_type", "Alias": "it2", "Startup Cost": 0.0, "Total Cost": 2.4, "Plan Rows": 1, "Plan Width": 4, "Actual Min Startup Time": 0.075, "Actual Max Startup Time": 0.075, "Actual Min Total Time": 0.085, "Actual Max Total Time": 0.085, "Filter": "((info)::text = 'votes'::text)", "Rows Removed by Filter": 111, "Actual Rows": 1}, {"Node Type": "Nested Loop", "Parent Relationship": "Inner", "Join Type": "Inner", "Startup Cost": 0.37, "Total Cost": 59003.23, "Plan Rows": 4175, "Plan Width": 59, "Actual Min Startup Time": 511.662, "Actual Max Startup Time": 511.662, "Actual Min Total Time": 1768.717, "Actual Max Total Time": 1768.717, "Inner Unique": false, "Plans": [{"Node Type": "Nested Loop", "Parent Relationship": "Outer", "Join Type": "Inner", "Startup Cost": 0.0, "Total Cost": 47015.81, "Plan Rows": 2717, "Plan Width": 46, "Actual Min Startup Time": 511.607, "Actual Max Startup Time": 511.607, "Actual Min Total Time": 623.721, "Actual Max Total Time": 623.721, "Inner Unique": false, "Join Filter": "(it1.id = mi.info_type_id)", "Rows Removed by Join Filter": 2377, "Plans": [{"Node Type": "Seq Scan", "Parent Relationship": "Outer", "Relation Name": "info_type", "Alias": "it1", "Startup Cost": 0.0, "Total Cost": 2.4, "Plan Rows": 1, "Plan Width": 4, "Actual Min Startup Time": 0.045, "Actual Max Startup Time": 0.045, "Actual Min Total Time": 0.083, "Actual Max Total Time": 0.083, "Filter": "((info)::text = 'genres'::text)", "Rows Removed by Filter": 111, "Actual Rows": 1}, {"Node Type": "Materialize", "Parent Relationship": "Inner", "Startup Cost": 0.0, "Total Cost": 45111.71, "Plan Rows": 190170, "Plan Width": 50, "Actual Min Startup Time": 510.997, "Actual Max Startup Time": 510.997, "Actual Min Total Time": 541.819, "Actual Max Total Time": 541.819, "Plans": [{"Node Type": "Streaming(type: LOCAL GATHER dop: 1/16)", "Parent Relationship": "Outer", "Startup Cost": 0.0, "Total Cost": 44636.28, "Plan Rows": 190170, "Plan Width": 50, "Actual Min Startup Time": 300.607, "Actual Max Startup Time": 300.607, "Actual Min Total Time": 483.126, "Actual Max Total Time": 483.126, "Plans": [{"Node Type": "Seq Scan", "Parent Relationship": "Outer", "Relation Name": "movie_info", "Alias": "mi", "Startup Cost": 0.0, "Total Cost": 40532.03, "Plan Rows": 190170, "Plan Width": 50, "Actual Min Startup Time": 225.891, "Actual Max Startup Time": 409.901, "Actual Min Total Time": 456.007, "Actual Max Total Time": 472.766, "Filter": "((info)::text = ANY ('{Horror,Action,Sci-Fi,Thriller,Crime,War}'::text[]))", "Rows Removed by Filter": 14646748, "Actual Rows": 188971}], "Actual Rows": 188971}], "Actual Rows": 188972}], "Actual Rows": 186594}, {"Node Type": "Bitmap Heap Scan", "Parent Relationship": "Inner", "Relation Name": "movie_info_idx", "Alias": "mi_idx", "Startup Cost": 0.37, "Total Cost": 4.39, "Plan Rows": 2, "Plan Width": 13, "Actual Min Startup Time": 785.813, "Actual Max Startup Time": 785.813, "Actual Min Total Time": 831.397, "Actual Max Total Time": 831.397, "Recheck Cond": "(movie_id = mi.movie_id)", "Rows Removed by Index Recheck": 0, "Exact Heap Blocks": 103610, "Lossy Heap Blocks": 103610, "Plans": [{"Node Type": "Bitmap Index Scan", "Parent Relationship": "Outer", "Index Name": "movie_id_movie_info_idx", "Startup Cost": 0.0, "Total Cost": 0.37, "Plan Rows": 2, "Plan Width": 0, "Actual Min Startup Time": 534.083, "Actual Max Startup Time": 534.083, "Actual Min Total Time": 534.083, "Actual Max Total Time": 534.083, "Index Cond": "(movie_id = mi.movie_id)", "Actual Rows": 307785}], "Actual Rows": 307785}], "Actual Rows": 307785}], "Actual Rows": 102516}, {"Node Type": "Bitmap Heap Scan", "Parent Relationship": "Inner", "Relation Name": "title", "Alias": "t", "Startup Cost": 0.28, "Total Cost": 4.3, "Plan Rows": 1, "Plan Width": 21, "Actual Min Startup Time": 582.851, "Actual Max Startup Time": 582.851, "Actual Min Total Time": 582.851, "Actual Max Total Time": 582.851, "Recheck Cond": "(id = mi_idx.movie_id)", "Rows Removed by Index Recheck": 0, "Exact Heap Blocks": 102516, "Lossy Heap Blocks": 102516, "Plans": [{"Node Type": "Bitmap Index Scan", "Parent Relationship": "Outer", "Index Name": "title_pkey", "Startup Cost": 0.0, "Total Cost": 0.28, "Plan Rows": 1, "Plan Width": 0, "Actual Min Startup Time": 314.133, "Actual Max Startup Time": 314.133, "Actual Min Total Time": 314.133, "Actual Max Total Time": 314.133, "Index Cond": "(id = mi_idx.movie_id)", "Actual Rows": 102516}], "Actual Rows": 102516}], "Actual Rows": 102516}, {"Node Type": "Bitmap Heap Scan", "Parent Relationship": "Inner", "Relation Name": "cast_info", "Alias": "ci", "Startup Cost": 0.52, "Total Cost": 4.63, "Plan Rows": 1, "Plan Width": 8, "Actual Min Startup Time": 9263.342, "Actual Max Startup Time": 9263.342, "Actual Min Total Time": 10705.552, "Actual Max Total Time": 10705.552, "Recheck Cond": "(movie_id = t.id)", "Rows Removed by Index Recheck": 0, "Filter": "((note)::text = ANY ('{(writer),\"(head writer)\",\"(written by)\",(story),\"(story editor)\"}'::text[]))", "Rows Removed by Filter": 3987641, "Exact Heap Blocks": 3901088, "Lossy Heap Blocks": 3901088, "Plans": [{"Node Type": "Bitmap Index Scan", "Parent Relationship": "Outer", "Index Name": "movie_id_cast_info", "Startup Cost": 0.0, "Total Cost": 0.52, "Plan Rows": 6, "Plan Width": 0, "Actual Min Startup Time": 1108.06, "Actual Max Startup Time": 1108.06, "Actual Min Total Time": 1108.06, "Actual Max Total Time": 1108.06, "Index Cond": "(movie_id = t.id)", "Actual Rows": 4041796}], "Actual Rows": 54155}], "Actual Rows": 54155}, {"Node Type": "Bitmap Heap Scan", "Parent Relationship": "Inner", "Relation Name": "name", "Alias": "n", "Startup Cost": 0.31, "Total Cost": 4.32, "Plan Rows": 1, "Plan Width": 4, "Actual Min Startup Time": 448.646, "Actual Max Startup Time": 448.646, "Actual Min Total Time": 448.646, "Actual Max Total Time": 448.646, "Recheck Cond": "(id = ci.person_id)", "Rows Removed by Index Recheck": 0, "Filter": "((gender)::text = 'm'::text)", "Rows Removed by Filter": 26082, "Exact Heap Blocks": 54155, "Lossy Heap Blocks": 54155, "Plans": [{"Node Type": "Bitmap Index Scan", "Parent Relationship": "Outer", "Index Name": "name_pkey", "Startup Cost": 0.0, "Total Cost": 0.31, "Plan Rows": 1, "Plan Width": 0, "Actual Min Startup Time": 286.768, "Actual Max Startup Time": 286.768, "Actual Min Total Time": 286.768, "Actual Max Total Time": 286.768, "Index Cond": "(id = ci.person_id)", "Actual Rows": 54155}], "Actual Rows": 28073}], "Actual Rows": 28073}], "Actual Rows": 1}, "Triggers": [], "Planner Runtime": 18, "Total Runtime": 14088.924, "Unique SQL Id": 3913857139}}, "(16, 19)": {"explain_plan": {"Plan": {"Node Type": "Aggregate", "Strategy": "Plain", "Startup Cost": 191395.62, "Total Cost": 191395.63, "Plan Rows": 1, "Plan Width": 160, "Plans": [{"Node Type": "Nested Loop", "Parent Relationship": "Outer", "Join Type": "Inner", "Startup Cost": 4861.24, "Total Cost": 191385.02, "Plan Rows": 1413, "Plan Width": 64, "Inner Unique": true, "Plans": [{"Node Type": "Nested Loop", "Parent Relationship": "Outer", "Join Type": "Inner", "Startup Cost": 4860.93, "Total Cost": 186379.6, "Plan Rows": 1155, "Plan Width": 68, "Inner Unique": false, "Plans": [{"Node Type": "Nested Loop", "Parent Relationship": "Outer", "Join Type": "Inner", "Startup Cost": 4860.41, "Total Cost": 181536.93, "Plan Rows": 1044, "Plan Width": 76, "Inner Unique": true, "Join Filter": "(mi.movie_id = t.id)", "Plans": [{"Node Type": "Nested Loop", "Parent Relationship": "Outer", "Join Type": "Inner", "Startup Cost": 4860.13, "Total Cost": 177037.74, "Plan Rows": 1044, "Plan Width": 55, "Inner Unique": false, "Join Filter": "(mi_idx.info_type_id = it2.id)", "Plans": [{"Node Type": "Bitmap Heap Scan", "Parent Relationship": "Outer", "Relation Name": "info_type", "Alias": "it2", "Startup Cost": 8.81, "Total Cost": 14.21, "Plan Rows": 1, "Plan Width": 4, "Filter": "((info)::text = 'votes'::text)", "Plans": [{"Node Type": "Bitmap Index Scan", "Parent Relationship": "Outer", "Index Name": "info_type_pkey", "Startup Cost": 0.0, "Total Cost": 8.81, "Plan Rows": 112, "Plan Width": 0}]}, {"Node Type": "Nested Loop", "Parent Relationship": "Inner", "Join Type": "Inner", "Startup Cost": 4851.32, "Total Cost": 176971.34, "Plan Rows": 4175, "Plan Width": 59, "Inner Unique": false, "Plans": [{"Node Type": "Nested Loop", "Parent Relationship": "Outer", "Join Type": "Inner", "Startup Cost": 4850.95, "Total Cost": 164983.91, "Plan Rows": 2717, "Plan Width": 46, "Inner Unique": false, "Plans": [{"Node Type": "Bitmap Heap Scan", "Parent Relationship": "Outer", "Relation Name": "info_type", "Alias": "it1", "Startup Cost": 8.81, "Total Cost": 14.21, "Plan Rows": 1, "Plan Width": 4, "Filter": "((info)::text = 'genres'::text)", "Plans": [{"Node Type": "Bitmap Index Scan", "Parent Relationship": "Outer", "Index Name": "info_type_pkey", "Startup Cost": 0.0, "Total Cost": 8.81, "Plan Rows": 112, "Plan Width": 0}]}, {"Node Type": "Bitmap Heap Scan", "Parent Relationship": "Inner", "Relation Name": "movie_info", "Alias": "mi", "Startup Cost": 4842.14, "Total Cost": 164942.53, "Plan Rows": 2717, "Plan Width": 50, "Recheck Cond": "(info_type_id = it1.id)", "Filter": "((info)::text = ANY ('{Horror,Action,Sci-Fi,Thriller,Crime,War}'::text[]))", "Plans": [{"Node Type": "Bitmap Index Scan", "Parent Relationship": "Outer", "Index Name": "info_type_id_movie_info", "Startup Cost": 0.0, "Total Cost": 4841.46, "Plan Rows": 212428, "Plan Width": 0, "Index Cond": "(info_type_id = it1.id)"}]}]}, {"Node Type": "Bitmap Heap Scan", "Parent Relationship": "Inner", "Relation Name": "movie_info_idx", "Alias": "mi_idx", "Startup Cost": 0.37, "Total Cost": 4.39, "Plan Rows": 2, "Plan Width": 13, "Recheck Cond": "(movie_id = mi.movie_id)", "Plans": [{"Node Type": "Bitmap Index Scan", "Parent Relationship": "Outer", "Index Name": "movie_id_movie_info_idx", "Startup Cost": 0.0, "Total Cost": 0.37, "Plan Rows": 2, "Plan Width": 0, "Index Cond": "(movie_id = mi.movie_id)"}]}]}]}, {"Node Type": "Bitmap Heap Scan", "Parent Relationship": "Inner", "Relation Name": "title", "Alias": "t", "Startup Cost": 0.28, "Total Cost": 4.3, "Plan Rows": 1, "Plan Width": 21, "Recheck Cond": "(id = mi_idx.movie_id)", "Plans": [{"Node Type": "Bitmap Index Scan", "Parent Relationship": "Outer", "Index Name": "title_pkey", "Startup Cost": 0.0, "Total Cost": 0.28, "Plan Rows": 1, "Plan Width": 0, "Index Cond": "(id = mi_idx.movie_id)"}]}]}, {"Node Type": "Bitmap Heap Scan", "Parent Relationship": "Inner", "Relation Name": "cast_info", "Alias": "ci", "Startup Cost": 0.52, "Total Cost": 4.63, "Plan Rows": 1, "Plan Width": 8, "Recheck Cond": "(movie_id = t.id)", "Filter": "((note)::text = ANY ('{(writer),\"(head writer)\",\"(written by)\",(story),\"(story editor)\"}'::text[]))", "Plans": [{"Node Type": "Bitmap Index Scan", "Parent Relationship": "Outer", "Index Name": "movie_id_cast_info", "Startup Cost": 0.0, "Total Cost": 0.52, "Plan Rows": 6, "Plan Width": 0, "Index Cond": "(movie_id = t.id)"}]}]}, {"Node Type": "Bitmap Heap Scan", "Parent Relationship": "Inner", "Relation Name": "name", "Alias": "n", "Startup Cost": 0.31, "Total Cost": 4.32, "Plan Rows": 1, "Plan Width": 4, "Recheck Cond": "(id = ci.person_id)", "Filter": "((gender)::text = 'm'::text)", "Plans": [{"Node Type": "Bitmap Index Scan", "Parent Relationship": "Outer", "Index Name": "name_pkey", "Startup Cost": 0.0, "Total Cost": 0.31, "Plan Rows": 1, "Plan Width": 0, "Index Cond": "(id = ci.person_id)"}]}]}]}, "Unique SQL Id": 3913857139, "Planner Runtime": 22}, "explain_analyze_plan": {"Plan": {"Node Type": "Aggregate", "Strategy": "Plain", "Startup Cost": 191395.62, "Total Cost": 191395.63, "Plan Rows": 1, "Plan Width": 160, "Actual Startup Time": 14138.197, "Actual Total Time": 14138.197, "Actual Rows": 1, "Actual Loops": 1, "Plans": [{"Node Type": "Nested Loop", "Parent Relationship": "Outer", "Join Type": "Inner", "Startup Cost": 4861.24, "Total Cost": 191385.02, "Plan Rows": 1413, "Plan Width": 64, "Actual Startup Time": 187.003, "Actual Total Time": 14094.486, "Actual Rows": 28073, "Actual Loops": 1, "Inner Unique": true, "Plans": [{"Node Type": "Nested Loop", "Parent Relationship": "Outer", "Join Type": "Inner", "Startup Cost": 4860.93, "Total Cost": 186379.6, "Plan Rows": 1155, "Plan Width": 68, "Actual Startup Time": 184.391, "Actual Total Time": 13585.354, "Actual Rows": 54155, "Actual Loops": 1, "Inner Unique": false, "Plans": [{"Node Type": "Nested Loop", "Parent Relationship": "Outer", "Join Type": "Inner", "Startup Cost": 4860.41, "Total Cost": 181536.93, "Plan Rows": 1044, "Plan Width": 76, "Actual Startup Time": 181.346, "Actual Total Time": 3101.831, "Actual Rows": 102516, "Actual Loops": 1, "Inner Unique": true, "Join Filter": "(mi.movie_id = t.id)", "Rows Removed by Join Filter": 0, "Plans": [{"Node Type": "Nested Loop", "Parent Relationship": "Outer", "Join Type": "Inner", "Startup Cost": 4860.13, "Total Cost": 177037.74, "Plan Rows": 1044, "Plan Width": 55, "Actual Startup Time": 181.323, "Actual Total Time": 2380.152, "Actual Rows": 102516, "Actual Loops": 1, "Inner Unique": false, "Join Filter": "(mi_idx.info_type_id = it2.id)", "Rows Removed by Join Filter": 205269, "Plans": [{"Node Type": "Bitmap Heap Scan", "Parent Relationship": "Outer", "Relation Name": "info_type", "Alias": "it2", "Startup Cost": 8.81, "Total Cost": 14.21, "Plan Rows": 1, "Plan Width": 4, "Actual Startup Time": 0.075, "Actual Total Time": 0.079, "Actual Rows": 1, "Actual Loops": 1, "Filter": "((info)::text = 'votes'::text)", "Rows Removed by Filter": 111, "Exact Heap Blocks": 1, "Lossy Heap Blocks": 1, "Plans": [{"Node Type": "Bitmap Index Scan", "Parent Relationship": "Outer", "Index Name": "info_type_pkey", "Startup Cost": 0.0, "Total Cost": 8.81, "Plan Rows": 112, "Plan Width": 0, "Actual Startup Time": 0.014, "Actual Total Time": 0.014, "Actual Rows": 112, "Actual Loops": 1}]}, {"Node Type": "Nested Loop", "Parent Relationship": "Inner", "Join Type": "Inner", "Startup Cost": 4851.32, "Total Cost": 176971.34, "Plan Rows": 4175, "Plan Width": 59, "Actual Startup Time": 181.235, "Actual Total Time": 2285.67, "Actual Rows": 307785, "Actual Loops": 1, "Inner Unique": false, "Plans": [{"Node Type": "Nested Loop", "Parent Relationship": "Outer", "Join Type": "Inner", "Startup Cost": 4850.95, "Total Cost": 164983.91, "Plan Rows": 2717, "Plan Width": 46, "Actual Startup Time": 181.195, "Actual Total Time": 1161.625, "Actual Rows": 186594, "Actual Loops": 1, "Inner Unique": false, "Plans": [{"Node Type": "Bitmap Heap Scan", "Parent Relationship": "Outer", "Relation Name": "info_type", "Alias": "it1", "Startup Cost": 8.81, "Total Cost": 14.21, "Plan Rows": 1, "Plan Width": 4, "Actual Startup Time": 0.029, "Actual Total Time": 0.058, "Actual Rows": 1, "Actual Loops": 1, "Filter": "((info)::text = 'genres'::text)", "Rows Removed by Filter": 111, "Exact Heap Blocks": 1, "Lossy Heap Blocks": 1, "Plans": [{"Node Type": "Bitmap Index Scan", "Parent Relationship": "Outer", "Index Name": "info_type_pkey", "Startup Cost": 0.0, "Total Cost": 8.81, "Plan Rows": 112, "Plan Width": 0, "Actual Startup Time": 0.008, "Actual Total Time": 0.008, "Actual Rows": 112, "Actual Loops": 1}]}, {"Node Type": "Bitmap Heap Scan", "Parent Relationship": "Inner", "Relation Name": "movie_info", "Alias": "mi", "Startup Cost": 4842.14, "Total Cost": 164942.53, "Plan Rows": 2717, "Plan Width": 50, "Actual Startup Time": 181.162, "Actual Total Time": 1119.515, "Actual Rows": 186594, "Actual Loops": 1, "Recheck Cond": "(info_type_id = it1.id)", "Rows Removed by Index Recheck": 0, "Filter": "((info)::text = ANY ('{Horror,Action,Sci-Fi,Thriller,Crime,War}'::text[]))", "Rows Removed by Filter": 1347315, "Exact Heap Blocks": 7426, "Lossy Heap Blocks": 7426, "Plans": [{"Node Type": "Bitmap Index Scan", "Parent Relationship": "Outer", "Index Name": "info_type_id_movie_info", "Startup Cost": 0.0, "Total Cost": 4841.46, "Plan Rows": 212428, "Plan Width": 0, "Actual Startup Time": 179.772, "Actual Total Time": 179.772, "Actual Rows": 1533909, "Actual Loops": 1, "Index Cond": "(info_type_id = it1.id)"}]}]}, {"Node Type": "Bitmap Heap Scan", "Parent Relationship": "Inner", "Relation Name": "movie_info_idx", "Alias": "mi_idx", "Startup Cost": 0.37, "Total Cost": 4.39, "Plan Rows": 2, "Plan Width": 13, "Actual Startup Time": 770.753, "Actual Total Time": 815.789, "Actual Rows": 307785, "Actual Loops": 186594, "Recheck Cond": "(movie_id = mi.movie_id)", "Rows Removed by Index Recheck": 0, "Exact Heap Blocks": 103610, "Lossy Heap Blocks": 103610, "Plans": [{"Node Type": "Bitmap Index Scan", "Parent Relationship": "Outer", "Index Name": "movie_id_movie_info_idx", "Startup Cost": 0.0, "Total Cost": 0.37, "Plan Rows": 2, "Plan Width": 0, "Actual Startup Time": 523.523, "Actual Total Time": 523.523, "Actual Rows": 307785, "Actual Loops": 186594, "Index Cond": "(movie_id = mi.movie_id)"}]}]}]}, {"Node Type": "Bitmap Heap Scan", "Parent Relationship": "Inner", "Relation Name": "title", "Alias": "t", "Startup Cost": 0.28, "Total Cost": 4.3, "Plan Rows": 1, "Plan Width": 21, "Actual Startup Time": 551.607, "Actual Total Time": 551.607, "Actual Rows": 102516, "Actual Loops": 102516, "Recheck Cond": "(id = mi_idx.movie_id)", "Rows Removed by Index Recheck": 0, "Exact Heap Blocks": 102516, "Lossy Heap Blocks": 102516, "Plans": [{"Node Type": "Bitmap Index Scan", "Parent Relationship": "Outer", "Index Name": "title_pkey", "Startup Cost": 0.0, "Total Cost": 0.28, "Plan Rows": 1, "Plan Width": 0, "Actual Startup Time": 308.447, "Actual Total Time": 308.447, "Actual Rows": 102516, "Actual Loops": 102516, "Index Cond": "(id = mi_idx.movie_id)"}]}]}, {"Node Type": "Bitmap Heap Scan", "Parent Relationship": "Inner", "Relation Name": "cast_info", "Alias": "ci", "Startup Cost": 0.52, "Total Cost": 4.63, "Plan Rows": 1, "Plan Width": 8, "Actual Startup Time": 8932.38, "Actual Total Time": 10325.233, "Actual Rows": 54155, "Actual Loops": 102516, "Recheck Cond": "(movie_id = t.id)", "Rows Removed by Index Recheck": 0, "Filter": "((note)::text = ANY ('{(writer),\"(head writer)\",\"(written by)\",(story),\"(story editor)\"}'::text[]))", "Rows Removed by Filter": 3987641, "Exact Heap Blocks": 3901088, "Lossy Heap Blocks": 3901088, "Plans": [{"Node Type": "Bitmap Index Scan", "Parent Relationship": "Outer", "Index Name": "movie_id_cast_info", "Startup Cost": 0.0, "Total Cost": 0.52, "Plan Rows": 6, "Plan Width": 0, "Actual Startup Time": 1094.418, "Actual Total Time": 1094.418, "Actual Rows": 4041796, "Actual Loops": 102516, "Index Cond": "(movie_id = t.id)"}]}]}, {"Node Type": "Bitmap Heap Scan", "Parent Relationship": "Inner", "Relation Name": "name", "Alias": "n", "Startup Cost": 0.31, "Total Cost": 4.32, "Plan Rows": 1, "Plan Width": 4, "Actual Startup Time": 425.148, "Actual Total Time": 425.148, "Actual Rows": 28073, "Actual Loops": 54155, "Recheck Cond": "(id = ci.person_id)", "Rows Removed by Index Recheck": 0, "Filter": "((gender)::text = 'm'::text)", "Rows Removed by Filter": 26082, "Exact Heap Blocks": 54155, "Lossy Heap Blocks": 54155, "Plans": [{"Node Type": "Bitmap Index Scan", "Parent Relationship": "Outer", "Index Name": "name_pkey", "Startup Cost": 0.0, "Total Cost": 0.31, "Plan Rows": 1, "Plan Width": 0, "Actual Startup Time": 273.193, "Actual Total Time": 273.193, "Actual Rows": 54155, "Actual Loops": 54155, "Index Cond": "(id = ci.person_id)"}]}]}]}, "Triggers": [], "Planner Runtime": 7, "Total Runtime": 14138.488, "Unique SQL Id": 3913857139}}, "(16, 20)": {"explain_plan": {"Plan": {"Node Type": "Aggregate", "Strategy": "Plain", "Startup Cost": 50638.13, "Total Cost": 50638.14, "Plan Rows": 1, "Plan Width": 160, "Plans": [{"Node Type": "Nested Loop", "Parent Relationship": "Outer", "Join Type": "Inner", "Startup Cost": 0.0, "Total Cost": 50627.54, "Plan Rows": 1413, "Plan Width": 64, "Inner Unique": true, "Plans": [{"Node Type": "Nested Loop", "Parent Relationship": "Outer", "Join Type": "Inner", "Startup Cost": 0.0, "Total Cost": 50048.27, "Plan Rows": 1155, "Plan Width": 68, "Inner Unique": false, "Plans": [{"Node Type": "Nested Loop", "Parent Relationship": "Outer", "Join Type": "Inner", "Startup Cost": 0.0, "Total Cost": 48986.64, "Plan Rows": 1044, "Plan Width": 76, "Inner Unique": true, "Join Filter": "(mi.movie_id = t.id)", "Plans": [{"Node Type": "Nested Loop", "Parent Relationship": "Outer", "Join Type": "Inner", "Startup Cost": 0.0, "Total Cost": 48558.44, "Plan Rows": 1044, "Plan Width": 55, "Inner Unique": false, "Join Filter": "(mi_idx.info_type_id = it2.id)", "Plans": [{"Node Type": "Seq Scan", "Parent Relationship": "Outer", "Relation Name": "info_type", "Alias": "it2", "Startup Cost": 0.0, "Total Cost": 2.4, "Plan Rows": 1, "Plan Width": 4, "Filter": "((info)::text = 'votes'::text)"}, {"Node Type": "Nested Loop", "Parent Relationship": "Inner", "Join Type": "Inner", "Startup Cost": 0.0, "Total Cost": 48503.86, "Plan Rows": 4175, "Plan Width": 59, "Inner Unique": false, "Plans": [{"Node Type": "Nested Loop", "Parent Relationship": "Outer", "Join Type": "Inner", "Startup Cost": 0.0, "Total Cost": 47015.81, "Plan Rows": 2717, "Plan Width": 46, "Inner Unique": false, "Join Filter": "(it1.id = mi.info_type_id)", "Plans": [{"Node Type": "Seq Scan", "Parent Relationship": "Outer", "Relation Name": "info_type", "Alias": "it1", "Startup Cost": 0.0, "Total Cost": 2.4, "Plan Rows": 1, "Plan Width": 4, "Filter": "((info)::text = 'genres'::text)"}, {"Node Type": "Materialize", "Parent Relationship": "Inner", "Startup Cost": 0.0, "Total Cost": 45111.71, "Plan Rows": 190170, "Plan Width": 50, "Plans": [{"Node Type": "Streaming(type: LOCAL GATHER dop: 1/16)", "Parent Relationship": "Outer", "Startup Cost": 0.0, "Total Cost": 44636.28, "Plan Rows": 190170, "Plan Width": 50, "Plans": [{"Node Type": "Seq Scan", "Parent Relationship": "Outer", "Relation Name": "movie_info", "Alias": "mi", "Startup Cost": 0.0, "Total Cost": 40532.03, "Plan Rows": 190170, "Plan Width": 50, "Filter": "((info)::text = ANY ('{Horror,Action,Sci-Fi,Thriller,Crime,War}'::text[]))"}]}]}]}, {"Node Type": "Index Scan", "Parent Relationship": "Inner", "Scan Direction": "Forward", "Index Name": "movie_id_movie_info_idx", "Relation Name": "movie_info_idx", "Alias": "mi_idx", "Startup Cost": 0.0, "Total Cost": 0.53, "Plan Rows": 2, "Plan Width": 13, "Index Cond": "(movie_id = mi.movie_id)"}]}]}, {"Node Type": "Index Scan", "Parent Relationship": "Inner", "Scan Direction": "Forward", "Index Name": "title_pkey", "Relation Name": "title", "Alias": "t", "Startup Cost": 0.0, "Total Cost": 0.4, "Plan Rows": 1, "Plan Width": 21, "Index Cond": "(id = mi_idx.movie_id)"}]}, {"Node Type": "Index Scan", "Parent Relationship": "Inner", "Scan Direction": "Forward", "Index Name": "movie_id_cast_info", "Relation Name": "cast_info", "Alias": "ci", "Startup Cost": 0.0, "Total Cost": 1.01, "Plan Rows": 1, "Plan Width": 8, "Index Cond": "(movie_id = t.id)", "Filter": "((note)::text = ANY ('{(writer),\"(head writer)\",\"(written by)\",(story),\"(story editor)\"}'::text[]))"}]}, {"Node Type": "Index Scan", "Parent Relationship": "Inner", "Scan Direction": "Forward", "Index Name": "name_pkey", "Relation Name": "name", "Alias": "n", "Startup Cost": 0.0, "Total Cost": 0.49, "Plan Rows": 1, "Plan Width": 4, "Index Cond": "(id = ci.person_id)", "Filter": "((gender)::text = 'm'::text)"}]}]}, "Unique SQL Id": 3913857139, "Planner Runtime": 17}, "explain_analyze_plan": {"Plan": {"Node Type": "Aggregate", "Strategy": "Plain", "Startup Cost": 50638.13, "Total Cost": 50638.14, "Plan Rows": 1, "Plan Width": 160, "Actual Min Startup Time": 11129.472, "Actual Max Startup Time": 11129.472, "Actual Min Total Time": 11129.473, "Actual Max Total Time": 11129.473, "Plans": [{"Node Type": "Nested Loop", "Parent Relationship": "Outer", "Join Type": "Inner", "Startup Cost": 0.0, "Total Cost": 50627.54, "Plan Rows": 1413, "Plan Width": 64, "Actual Min Startup Time": 511.135, "Actual Max Startup Time": 511.135, "Actual Min Total Time": 11090.649, "Actual Max Total Time": 11090.649, "Inner Unique": true, "Plans": [{"Node Type": "Nested Loop", "Parent Relationship": "Outer", "Join Type": "Inner", "Startup Cost": 0.0, "Total Cost": 50048.27, "Plan Rows": 1155, "Plan Width": 68, "Actual Min Startup Time": 511.069, "Actual Max Startup Time": 511.069, "Actual Min Total Time": 10685.753, "Actual Max Total Time": 10685.753, "Inner Unique": false, "Plans": [{"Node Type": "Nested Loop", "Parent Relationship": "Outer", "Join Type": "Inner", "Startup Cost": 0.0, "Total Cost": 48986.64, "Plan Rows": 1044, "Plan Width": 76, "Actual Min Startup Time": 511.036, "Actual Max Startup Time": 511.036, "Actual Min Total Time": 2090.161, "Actual Max Total Time": 2090.161, "Inner Unique": true, "Join Filter": "(mi.movie_id = t.id)", "Rows Removed by Join Filter": 0, "Plans": [{"Node Type": "Nested Loop", "Parent Relationship": "Outer", "Join Type": "Inner", "Startup Cost": 0.0, "Total Cost": 48558.44, "Plan Rows": 1044, "Plan Width": 55, "Actual Min Startup Time": 511.018, "Actual Max Startup Time": 511.018, "Actual Min Total Time": 1536.856, "Actual Max Total Time": 1536.856, "Inner Unique": false, "Join Filter": "(mi_idx.info_type_id = it2.id)", "Rows Removed by Join Filter": 205269, "Plans": [{"Node Type": "Seq Scan", "Parent Relationship": "Outer", "Relation Name": "info_type", "Alias": "it2", "Startup Cost": 0.0, "Total Cost": 2.4, "Plan Rows": 1, "Plan Width": 4, "Actual Min Startup Time": 0.062, "Actual Max Startup Time": 0.062, "Actual Min Total Time": 0.082, "Actual Max Total Time": 0.082, "Filter": "((info)::text = 'votes'::text)", "Rows Removed by Filter": 111, "Actual Rows": 1}, {"Node Type": "Nested Loop", "Parent Relationship": "Inner", "Join Type": "Inner", "Startup Cost": 0.0, "Total Cost": 48503.86, "Plan Rows": 4175, "Plan Width": 59, "Actual Min Startup Time": 510.944, "Actual Max Startup Time": 510.944, "Actual Min Total Time": 1446.297, "Actual Max Total Time": 1446.297, "Inner Unique": false, "Plans": [{"Node Type": "Nested Loop", "Parent Relationship": "Outer", "Join Type": "Inner", "Startup Cost": 0.0, "Total Cost": 47015.81, "Plan Rows": 2717, "Plan Width": 46, "Actual Min Startup Time": 510.906, "Actual Max Startup Time": 510.906, "Actual Min Total Time": 614.399, "Actual Max Total Time": 614.399, "Inner Unique": false, "Join Filter": "(it1.id = mi.info_type_id)", "Rows Removed by Join Filter": 2377, "Plans": [{"Node Type": "Seq Scan", "Parent Relationship": "Outer", "Relation Name": "info_type", "Alias": "it1", "Startup Cost": 0.0, "Total Cost": 2.4, "Plan Rows": 1, "Plan Width": 4, "Actual Min Startup Time": 0.049, "Actual Max Startup Time": 0.049, "Actual Min Total Time": 0.098, "Actual Max Total Time": 0.098, "Filter": "((info)::text = 'genres'::text)", "Rows Removed by Filter": 111, "Actual Rows": 1}, {"Node Type": "Materialize", "Parent Relationship": "Inner", "Startup Cost": 0.0, "Total Cost": 45111.71, "Plan Rows": 190170, "Plan Width": 50, "Actual Min Startup Time": 510.302, "Actual Max Startup Time": 510.302, "Actual Min Total Time": 540.364, "Actual Max Total Time": 540.364, "Plans": [{"Node Type": "Streaming(type: LOCAL GATHER dop: 1/16)", "Parent Relationship": "Outer", "Startup Cost": 0.0, "Total Cost": 44636.28, "Plan Rows": 190170, "Plan Width": 50, "Actual Min Startup Time": 297.487, "Actual Max Startup Time": 297.487, "Actual Min Total Time": 482.691, "Actual Max Total Time": 482.691, "Plans": [{"Node Type": "Seq Scan", "Parent Relationship": "Outer", "Relation Name": "movie_info", "Alias": "mi", "Startup Cost": 0.0, "Total Cost": 40532.03, "Plan Rows": 190170, "Plan Width": 50, "Actual Min Startup Time": 226.336, "Actual Max Startup Time": 412.639, "Actual Min Total Time": 456.317, "Actual Max Total Time": 472.872, "Filter": "((info)::text = ANY ('{Horror,Action,Sci-Fi,Thriller,Crime,War}'::text[]))", "Rows Removed by Filter": 14646748, "Actual Rows": 188971}], "Actual Rows": 188971}], "Actual Rows": 188972}], "Actual Rows": 186594}, {"Node Type": "Index Scan", "Parent Relationship": "Inner", "Scan Direction": "Forward", "Index Name": "movie_id_movie_info_idx", "Relation Name": "movie_info_idx", "Alias": "mi_idx", "Startup Cost": 0.0, "Total Cost": 0.53, "Plan Rows": 2, "Plan Width": 13, "Actual Min Startup Time": 538.97, "Actual Max Startup Time": 538.97, "Actual Min Total Time": 658.4, "Actual Max Total Time": 658.4, "Index Cond": "(movie_id = mi.movie_id)", "Rows Removed by Index Recheck": 0, "Actual Rows": 307785}], "Actual Rows": 307785}], "Actual Rows": 102516}, {"Node Type": "Index Scan", "Parent Relationship": "Inner", "Scan Direction": "Forward", "Index Name": "title_pkey", "Relation Name": "title", "Alias": "t", "Startup Cost": 0.0, "Total Cost": 0.4, "Plan Rows": 1, "Plan Width": 21, "Actual Min Startup Time": 443.939, "Actual Max Startup Time": 443.939, "Actual Min Total Time": 443.939, "Actual Max Total Time": 443.939, "Index Cond": "(id = mi_idx.movie_id)", "Rows Removed by Index Recheck": 0, "Actual Rows": 102516}], "Actual Rows": 102516}, {"Node Type": "Index Scan", "Parent Relationship": "Inner", "Scan Direction": "Forward", "Index Name": "movie_id_cast_info", "Relation Name": "cast_info", "Alias": "ci", "Startup Cost": 0.0, "Total Cost": 1.01, "Plan Rows": 1, "Plan Width": 8, "Actual Min Startup Time": 7269.102, "Actual Max Startup Time": 7269.102, "Actual Min Total Time": 8522.718, "Actual Max Total Time": 8522.718, "Index Cond": "(movie_id = t.id)", "Rows Removed by Index Recheck": 0, "Filter": "((note)::text = ANY ('{(writer),\"(head writer)\",\"(written by)\",(story),\"(story editor)\"}'::text[]))", "Rows Removed by Filter": 3987641, "Actual Rows": 54155}], "Actual Rows": 54155}, {"Node Type": "Index Scan", "Parent Relationship": "Inner", "Scan Direction": "Forward", "Index Name": "name_pkey", "Relation Name": "name", "Alias": "n", "Startup Cost": 0.0, "Total Cost": 0.49, "Plan Rows": 1, "Plan Width": 4, "Actual Min Startup Time": 360.913, "Actual Max Startup Time": 360.913, "Actual Min Total Time": 360.913, "Actual Max Total Time": 360.913, "Index Cond": "(id = ci.person_id)", "Rows Removed by Index Recheck": 0, "Filter": "((gender)::text = 'm'::text)", "Rows Removed by Filter": 26082, "Actual Rows": 28073}], "Actual Rows": 28073}], "Actual Rows": 1}, "Triggers": [], "Planner Runtime": 8, "Total Runtime": 11132.427, "Unique SQL Id": 3913857139}}, "(16, 21)": {"explain_plan": {"Plan": {"Node Type": "Aggregate", "Strategy": "Plain", "Startup Cost": 168618.05, "Total Cost": 168618.06, "Plan Rows": 1, "Plan Width": 160, "Plans": [{"Node Type": "Nested Loop", "Parent Relationship": "Outer", "Join Type": "Inner", "Startup Cost": 4842.14, "Total Cost": 168607.45, "Plan Rows": 1413, "Plan Width": 64, "Inner Unique": true, "Plans": [{"Node Type": "Nested Loop", "Parent Relationship": "Outer", "Join Type": "Inner", "Startup Cost": 4842.14, "Total Cost": 168028.19, "Plan Rows": 1155, "Plan Width": 68, "Inner Unique": false, "Plans": [{"Node Type": "Nested Loop", "Parent Relationship": "Outer", "Join Type": "Inner", "Startup Cost": 4842.14, "Total Cost": 166966.55, "Plan Rows": 1044, "Plan Width": 76, "Inner Unique": true, "Join Filter": "(mi.movie_id = t.id)", "Plans": [{"Node Type": "Nested Loop", "Parent Relationship": "Outer", "Join Type": "Inner", "Startup Cost": 4842.14, "Total Cost": 166538.36, "Plan Rows": 1044, "Plan Width": 55, "Inner Unique": false, "Join Filter": "(mi_idx.info_type_id = it2.id)", "Plans": [{"Node Type": "Index Scan", "Parent Relationship": "Outer", "Scan Direction": "Forward", "Index Name": "info_type_pkey", "Relation Name": "info_type", "Alias": "it2", "Startup Cost": 0.0, "Total Cost": 14.21, "Plan Rows": 1, "Plan Width": 4, "Filter": "((info)::text = 'votes'::text)"}, {"Node Type": "Nested Loop", "Parent Relationship": "Inner", "Join Type": "Inner", "Startup Cost": 4842.14, "Total Cost": 166471.96, "Plan Rows": 4175, "Plan Width": 59, "Inner Unique": false, "Plans": [{"Node Type": "Nested Loop", "Parent Relationship": "Outer", "Join Type": "Inner", "Startup Cost": 4842.14, "Total Cost": 164983.91, "Plan Rows": 2717, "Plan Width": 46, "Inner Unique": false, "Plans": [{"Node Type": "Index Scan", "Parent Relationship": "Outer", "Scan Direction": "Forward", "Index Name": "info_type_pkey", "Relation Name": "info_type", "Alias": "it1", "Startup Cost": 0.0, "Total Cost": 14.21, "Plan Rows": 1, "Plan Width": 4, "Filter": "((info)::text = 'genres'::text)"}, {"Node Type": "Bitmap Heap Scan", "Parent Relationship": "Inner", "Relation Name": "movie_info", "Alias": "mi", "Startup Cost": 4842.14, "Total Cost": 164942.53, "Plan Rows": 2717, "Plan Width": 50, "Recheck Cond": "(info_type_id = it1.id)", "Filter": "((info)::text = ANY ('{Horror,Action,Sci-Fi,Thriller,Crime,War}'::text[]))", "Plans": [{"Node Type": "Bitmap Index Scan", "Parent Relationship": "Outer", "Index Name": "info_type_id_movie_info", "Startup Cost": 0.0, "Total Cost": 4841.46, "Plan Rows": 212428, "Plan Width": 0, "Index Cond": "(info_type_id = it1.id)"}]}]}, {"Node Type": "Index Scan", "Parent Relationship": "Inner", "Scan Direction": "Forward", "Index Name": "movie_id_movie_info_idx", "Relation Name": "movie_info_idx", "Alias": "mi_idx", "Startup Cost": 0.0, "Total Cost": 0.53, "Plan Rows": 2, "Plan Width": 13, "Index Cond": "(movie_id = mi.movie_id)"}]}]}, {"Node Type": "Index Scan", "Parent Relationship": "Inner", "Scan Direction": "Forward", "Index Name": "title_pkey", "Relation Name": "title", "Alias": "t", "Startup Cost": 0.0, "Total Cost": 0.4, "Plan Rows": 1, "Plan Width": 21, "Index Cond": "(id = mi_idx.movie_id)"}]}, {"Node Type": "Index Scan", "Parent Relationship": "Inner", "Scan Direction": "Forward", "Index Name": "movie_id_cast_info", "Relation Name": "cast_info", "Alias": "ci", "Startup Cost": 0.0, "Total Cost": 1.01, "Plan Rows": 1, "Plan Width": 8, "Index Cond": "(movie_id = t.id)", "Filter": "((note)::text = ANY ('{(writer),\"(head writer)\",\"(written by)\",(story),\"(story editor)\"}'::text[]))"}]}, {"Node Type": "Index Scan", "Parent Relationship": "Inner", "Scan Direction": "Forward", "Index Name": "name_pkey", "Relation Name": "name", "Alias": "n", "Startup Cost": 0.0, "Total Cost": 0.49, "Plan Rows": 1, "Plan Width": 4, "Index Cond": "(id = ci.person_id)", "Filter": "((gender)::text = 'm'::text)"}]}]}, "Unique SQL Id": 3913857139, "Planner Runtime": 19}, "explain_analyze_plan": {"Plan": {"Node Type": "Aggregate", "Strategy": "Plain", "Startup Cost": 168618.05, "Total Cost": 168618.06, "Plan Rows": 1, "Plan Width": 160, "Actual Startup Time": 11969.053, "Actual Total Time": 11969.053, "Actual Rows": 1, "Actual Loops": 1, "Plans": [{"Node Type": "Nested Loop", "Parent Relationship": "Outer", "Join Type": "Inner", "Startup Cost": 4842.14, "Total Cost": 168607.45, "Plan Rows": 1413, "Plan Width": 64, "Actual Startup Time": 183.605, "Actual Total Time": 11931.811, "Actual Rows": 28073, "Actual Loops": 1, "Inner Unique": true, "Plans": [{"Node Type": "Nested Loop", "Parent Relationship": "Outer", "Join Type": "Inner", "Startup Cost": 4842.14, "Total Cost": 168028.19, "Plan Rows": 1155, "Plan Width": 68, "Actual Startup Time": 181.327, "Actual Total Time": 11510.362, "Actual Rows": 54155, "Actual Loops": 1, "Inner Unique": false, "Plans": [{"Node Type": "Nested Loop", "Parent Relationship": "Outer", "Join Type": "Inner", "Startup Cost": 4842.14, "Total Cost": 166966.55, "Plan Rows": 1044, "Plan Width": 76, "Actual Startup Time": 178.719, "Actual Total Time": 2661.808, "Actual Rows": 102516, "Actual Loops": 1, "Inner Unique": true, "Join Filter": "(mi.movie_id = t.id)", "Rows Removed by Join Filter": 0, "Plans": [{"Node Type": "Nested Loop", "Parent Relationship": "Outer", "Join Type": "Inner", "Startup Cost": 4842.14, "Total Cost": 166538.36, "Plan Rows": 1044, "Plan Width": 55, "Actual Startup Time": 178.7, "Actual Total Time": 2109.568, "Actual Rows": 102516, "Actual Loops": 1, "Inner Unique": false, "Join Filter": "(mi_idx.info_type_id = it2.id)", "Rows Removed by Join Filter": 205269, "Plans": [{"Node Type": "Index Scan", "Parent Relationship": "Outer", "Scan Direction": "Forward", "Index Name": "info_type_pkey", "Relation Name": "info_type", "Alias": "it2", "Startup Cost": 0.0, "Total Cost": 14.21, "Plan Rows": 1, "Plan Width": 4, "Actual Startup Time": 0.068, "Actual Total Time": 0.077, "Actual Rows": 1, "Actual Loops": 1, "Filter": "((info)::text = 'votes'::text)", "Rows Removed by Filter": 111}, {"Node Type": "Nested Loop", "Parent Relationship": "Inner", "Join Type": "Inner", "Startup Cost": 4842.14, "Total Cost": 166471.96, "Plan Rows": 4175, "Plan Width": 59, "Actual Startup Time": 178.619, "Actual Total Time": 2023.448, "Actual Rows": 307785, "Actual Loops": 1, "Inner Unique": false, "Plans": [{"Node Type": "Nested Loop", "Parent Relationship": "Outer", "Join Type": "Inner", "Startup Cost": 4842.14, "Total Cost": 164983.91, "Plan Rows": 2717, "Plan Width": 46, "Actual Startup Time": 178.589, "Actual Total Time": 1168.902, "Actual Rows": 186594, "Actual Loops": 1, "Inner Unique": false, "Plans": [{"Node Type": "Index Scan", "Parent Relationship": "Outer", "Scan Direction": "Forward", "Index Name": "info_type_pkey", "Relation Name": "info_type", "Alias": "it1", "Startup Cost": 0.0, "Total Cost": 14.21, "Plan Rows": 1, "Plan Width": 4, "Actual Startup Time": 0.008, "Actual Total Time": 0.071, "Actual Rows": 1, "Actual Loops": 1, "Filter": "((info)::text = 'genres'::text)", "Rows Removed by Filter": 111}, {"Node Type": "Bitmap Heap Scan", "Parent Relationship": "Inner", "Relation Name": "movie_info", "Alias": "mi", "Startup Cost": 4842.14, "Total Cost": 164942.53, "Plan Rows": 2717, "Plan Width": 50, "Actual Startup Time": 178.575, "Actual Total Time": 1125.474, "Actual Rows": 186594, "Actual Loops": 1, "Recheck Cond": "(info_type_id = it1.id)", "Rows Removed by Index Recheck": 0, "Filter": "((info)::text = ANY ('{Horror,Action,Sci-Fi,Thriller,Crime,War}'::text[]))", "Rows Removed by Filter": 1347315, "Exact Heap Blocks": 7426, "Lossy Heap Blocks": 7426, "Plans": [{"Node Type": "Bitmap Index Scan", "Parent Relationship": "Outer", "Index Name": "info_type_id_movie_info", "Startup Cost": 0.0, "Total Cost": 4841.46, "Plan Rows": 212428, "Plan Width": 0, "Actual Startup Time": 177.197, "Actual Total Time": 177.197, "Actual Rows": 1533909, "Actual Loops": 1, "Index Cond": "(info_type_id = it1.id)"}]}]}, {"Node Type": "Index Scan", "Parent Relationship": "Inner", "Scan Direction": "Forward", "Index Name": "movie_id_movie_info_idx", "Relation Name": "movie_info_idx", "Alias": "mi_idx", "Startup Cost": 0.0, "Total Cost": 0.53, "Plan Rows": 2, "Plan Width": 13, "Actual Startup Time": 557.682, "Actual Total Time": 678.182, "Actual Rows": 307785, "Actual Loops": 186594, "Index Cond": "(movie_id = mi.movie_id)", "Rows Removed by Index Recheck": 0}]}]}, {"Node Type": "Index Scan", "Parent Relationship": "Inner", "Scan Direction": "Forward", "Index Name": "title_pkey", "Relation Name": "title", "Alias": "t", "Startup Cost": 0.0, "Total Cost": 0.4, "Plan Rows": 1, "Plan Width": 21, "Actual Startup Time": 444.947, "Actual Total Time": 444.947, "Actual Rows": 102516, "Actual Loops": 102516, "Index Cond": "(id = mi_idx.movie_id)", "Rows Removed by Index Recheck": 0}]}, {"Node Type": "Index Scan", "Parent Relationship": "Inner", "Scan Direction": "Forward", "Index Name": "movie_id_cast_info", "Relation Name": "cast_info", "Alias": "ci", "Startup Cost": 0.0, "Total Cost": 1.01, "Plan Rows": 1, "Plan Width": 8, "Actual Startup Time": 7477.985, "Actual Total Time": 8775.091, "Actual Rows": 54155, "Actual Loops": 102516, "Index Cond": "(movie_id = t.id)", "Rows Removed by Index Recheck": 0, "Filter": "((note)::text = ANY ('{(writer),\"(head writer)\",\"(written by)\",(story),\"(story editor)\"}'::text[]))", "Rows Removed by Filter": 3987641}]}, {"Node Type": "Index Scan", "Parent Relationship": "Inner", "Scan Direction": "Forward", "Index Name": "name_pkey", "Relation Name": "name", "Alias": "n", "Startup Cost": 0.0, "Total Cost": 0.49, "Plan Rows": 1, "Plan Width": 4, "Actual Startup Time": 373.743, "Actual Total Time": 373.743, "Actual Rows": 28073, "Actual Loops": 54155, "Index Cond": "(id = ci.person_id)", "Rows Removed by Index Recheck": 0, "Filter": "((gender)::text = 'm'::text)", "Rows Removed by Filter": 26082}]}]}, "Triggers": [], "Planner Runtime": 8, "Total Runtime": 11969.337, "Unique SQL Id": 3913857139}}, "(16, 22)": {"explain_plan": {"Plan": {"Node Type": "Aggregate", "Strategy": "Plain", "Startup Cost": 73415.7, "Total Cost": 73415.71, "Plan Rows": 1, "Plan Width": 160, "Plans": [{"Node Type": "Nested Loop", "Parent Relationship": "Outer", "Join Type": "Inner", "Startup Cost": 1.48, "Total Cost": 73405.11, "Plan Rows": 1413, "Plan Width": 64, "Inner Unique": true, "Plans": [{"Node Type": "Nested Loop", "Parent Relationship": "Outer", "Join Type": "Inner", "Startup Cost": 1.17, "Total Cost": 68399.68, "Plan Rows": 1155, "Plan Width": 68, "Inner Unique": false, "Plans": [{"Node Type": "Nested Loop", "Parent Relationship": "Outer", "Join Type": "Inner", "Startup Cost": 0.65, "Total Cost": 63557.01, "Plan Rows": 1044, "Plan Width": 76, "Inner Unique": true, "Join Filter": "(mi.movie_id = t.id)", "Plans": [{"Node Type": "Nested Loop", "Parent Relationship": "Outer", "Join Type": "Inner", "Startup Cost": 0.37, "Total Cost": 59057.82, "Plan Rows": 1044, "Plan Width": 55, "Inner Unique": false, "Join Filter": "(mi_idx.info_type_id = it2.id)", "Plans": [{"Node Type": "Seq Scan", "Parent Relationship": "Outer", "Relation Name": "info_type", "Alias": "it2", "Startup Cost": 0.0, "Total Cost": 2.4, "Plan Rows": 1, "Plan Width": 4, "Filter": "((info)::text = 'votes'::text)"}, {"Node Type": "Nested Loop", "Parent Relationship": "Inner", "Join Type": "Inner", "Startup Cost": 0.37, "Total Cost": 59003.23, "Plan Rows": 4175, "Plan Width": 59, "Inner Unique": false, "Plans": [{"Node Type": "Nested Loop", "Parent Relationship": "Outer", "Join Type": "Inner", "Startup Cost": 0.0, "Total Cost": 47015.81, "Plan Rows": 2717, "Plan Width": 46, "Inner Unique": false, "Join Filter": "(it1.id = mi.info_type_id)", "Plans": [{"Node Type": "Seq Scan", "Parent Relationship": "Outer", "Relation Name": "info_type", "Alias": "it1", "Startup Cost": 0.0, "Total Cost": 2.4, "Plan Rows": 1, "Plan Width": 4, "Filter": "((info)::text = 'genres'::text)"}, {"Node Type": "Materialize", "Parent Relationship": "Inner", "Startup Cost": 0.0, "Total Cost": 45111.71, "Plan Rows": 190170, "Plan Width": 50, "Plans": [{"Node Type": "Streaming(type: LOCAL GATHER dop: 1/16)", "Parent Relationship": "Outer", "Startup Cost": 0.0, "Total Cost": 44636.28, "Plan Rows": 190170, "Plan Width": 50, "Plans": [{"Node Type": "Seq Scan", "Parent Relationship": "Outer", "Relation Name": "movie_info", "Alias": "mi", "Startup Cost": 0.0, "Total Cost": 40532.03, "Plan Rows": 190170, "Plan Width": 50, "Filter": "((info)::text = ANY ('{Horror,Action,Sci-Fi,Thriller,Crime,War}'::text[]))"}]}]}]}, {"Node Type": "Bitmap Heap Scan", "Parent Relationship": "Inner", "Relation Name": "movie_info_idx", "Alias": "mi_idx", "Startup Cost": 0.37, "Total Cost": 4.39, "Plan Rows": 2, "Plan Width": 13, "Recheck Cond": "(movie_id = mi.movie_id)", "Plans": [{"Node Type": "Bitmap Index Scan", "Parent Relationship": "Outer", "Index Name": "movie_id_movie_info_idx", "Startup Cost": 0.0, "Total Cost": 0.37, "Plan Rows": 2, "Plan Width": 0, "Index Cond": "(movie_id = mi.movie_id)"}]}]}]}, {"Node Type": "Bitmap Heap Scan", "Parent Relationship": "Inner", "Relation Name": "title", "Alias": "t", "Startup Cost": 0.28, "Total Cost": 4.3, "Plan Rows": 1, "Plan Width": 21, "Recheck Cond": "(id = mi_idx.movie_id)", "Plans": [{"Node Type": "Bitmap Index Scan", "Parent Relationship": "Outer", "Index Name": "title_pkey", "Startup Cost": 0.0, "Total Cost": 0.28, "Plan Rows": 1, "Plan Width": 0, "Index Cond": "(id = mi_idx.movie_id)"}]}]}, {"Node Type": "Bitmap Heap Scan", "Parent Relationship": "Inner", "Relation Name": "cast_info", "Alias": "ci", "Startup Cost": 0.52, "Total Cost": 4.63, "Plan Rows": 1, "Plan Width": 8, "Recheck Cond": "(movie_id = t.id)", "Filter": "((note)::text = ANY ('{(writer),\"(head writer)\",\"(written by)\",(story),\"(story editor)\"}'::text[]))", "Plans": [{"Node Type": "Bitmap Index Scan", "Parent Relationship": "Outer", "Index Name": "movie_id_cast_info", "Startup Cost": 0.0, "Total Cost": 0.52, "Plan Rows": 6, "Plan Width": 0, "Index Cond": "(movie_id = t.id)"}]}]}, {"Node Type": "Bitmap Heap Scan", "Parent Relationship": "Inner", "Relation Name": "name", "Alias": "n", "Startup Cost": 0.31, "Total Cost": 4.32, "Plan Rows": 1, "Plan Width": 4, "Recheck Cond": "(id = ci.person_id)", "Filter": "((gender)::text = 'm'::text)", "Plans": [{"Node Type": "Bitmap Index Scan", "Parent Relationship": "Outer", "Index Name": "name_pkey", "Startup Cost": 0.0, "Total Cost": 0.31, "Plan Rows": 1, "Plan Width": 0, "Index Cond": "(id = ci.person_id)"}]}]}]}, "Unique SQL Id": 3913857139, "Planner Runtime": 30}, "explain_analyze_plan": {"Plan": {"Node Type": "Aggregate", "Strategy": "Plain", "Startup Cost": 73415.7, "Total Cost": 73415.71, "Plan Rows": 1, "Plan Width": 160, "Actual Min Startup Time": 14086.031, "Actual Max Startup Time": 14086.031, "Actual Min Total Time": 14086.031, "Actual Max Total Time": 14086.031, "Plans": [{"Node Type": "Nested Loop", "Parent Relationship": "Outer", "Join Type": "Inner", "Startup Cost": 1.48, "Total Cost": 73405.11, "Plan Rows": 1413, "Plan Width": 64, "Actual Min Startup Time": 511.913, "Actual Max Startup Time": 511.913, "Actual Min Total Time": 14038.009, "Actual Max Total Time": 14038.009, "Inner Unique": true, "Plans": [{"Node Type": "Nested Loop", "Parent Relationship": "Outer", "Join Type": "Inner", "Startup Cost": 1.17, "Total Cost": 68399.68, "Plan Rows": 1155, "Plan Width": 68, "Actual Min Startup Time": 511.827, "Actual Max Startup Time": 511.827, "Actual Min Total Time": 13500.235, "Actual Max Total Time": 13500.235, "Inner Unique": false, "Plans": [{"Node Type": "Nested Loop", "Parent Relationship": "Outer", "Join Type": "Inner", "Startup Cost": 0.65, "Total Cost": 63557.01, "Plan Rows": 1044, "Plan Width": 76, "Actual Min Startup Time": 511.775, "Actual Max Startup Time": 511.775, "Actual Min Total Time": 2633.047, "Actual Max Total Time": 2633.047, "Inner Unique": true, "Join Filter": "(mi.movie_id = t.id)", "Rows Removed by Join Filter": 0, "Plans": [{"Node Type": "Nested Loop", "Parent Relationship": "Outer", "Join Type": "Inner", "Startup Cost": 0.37, "Total Cost": 59057.82, "Plan Rows": 1044, "Plan Width": 55, "Actual Min Startup Time": 511.751, "Actual Max Startup Time": 511.751, "Actual Min Total Time": 1869.537, "Actual Max Total Time": 1869.537, "Inner Unique": false, "Join Filter": "(mi_idx.info_type_id = it2.id)", "Rows Removed by Join Filter": 205269, "Plans": [{"Node Type": "Seq Scan", "Parent Relationship": "Outer", "Relation Name": "info_type", "Alias": "it2", "Startup Cost": 0.0, "Total Cost": 2.4, "Plan Rows": 1, "Plan Width": 4, "Actual Min Startup Time": 0.075, "Actual Max Startup Time": 0.075, "Actual Min Total Time": 0.085, "Actual Max Total Time": 0.085, "Filter": "((info)::text = 'votes'::text)", "Rows Removed by Filter": 111, "Actual Rows": 1}, {"Node Type": "Nested Loop", "Parent Relationship": "Inner", "Join Type": "Inner", "Startup Cost": 0.37, "Total Cost": 59003.23, "Plan Rows": 4175, "Plan Width": 59, "Actual Min Startup Time": 511.662, "Actual Max Startup Time": 511.662, "Actual Min Total Time": 1768.717, "Actual Max Total Time": 1768.717, "Inner Unique": false, "Plans": [{"Node Type": "Nested Loop", "Parent Relationship": "Outer", "Join Type": "Inner", "Startup Cost": 0.0, "Total Cost": 47015.81, "Plan Rows": 2717, "Plan Width": 46, "Actual Min Startup Time": 511.607, "Actual Max Startup Time": 511.607, "Actual Min Total Time": 623.721, "Actual Max Total Time": 623.721, "Inner Unique": false, "Join Filter": "(it1.id = mi.info_type_id)", "Rows Removed by Join Filter": 2377, "Plans": [{"Node Type": "Seq Scan", "Parent Relationship": "Outer", "Relation Name": "info_type", "Alias": "it1", "Startup Cost": 0.0, "Total Cost": 2.4, "Plan Rows": 1, "Plan Width": 4, "Actual Min Startup Time": 0.045, "Actual Max Startup Time": 0.045, "Actual Min Total Time": 0.083, "Actual Max Total Time": 0.083, "Filter": "((info)::text = 'genres'::text)", "Rows Removed by Filter": 111, "Actual Rows": 1}, {"Node Type": "Materialize", "Parent Relationship": "Inner", "Startup Cost": 0.0, "Total Cost": 45111.71, "Plan Rows": 190170, "Plan Width": 50, "Actual Min Startup Time": 510.997, "Actual Max Startup Time": 510.997, "Actual Min Total Time": 541.819, "Actual Max Total Time": 541.819, "Plans": [{"Node Type": "Streaming(type: LOCAL GATHER dop: 1/16)", "Parent Relationship": "Outer", "Startup Cost": 0.0, "Total Cost": 44636.28, "Plan Rows": 190170, "Plan Width": 50, "Actual Min Startup Time": 300.607, "Actual Max Startup Time": 300.607, "Actual Min Total Time": 483.126, "Actual Max Total Time": 483.126, "Plans": [{"Node Type": "Seq Scan", "Parent Relationship": "Outer", "Relation Name": "movie_info", "Alias": "mi", "Startup Cost": 0.0, "Total Cost": 40532.03, "Plan Rows": 190170, "Plan Width": 50, "Actual Min Startup Time": 225.891, "Actual Max Startup Time": 409.901, "Actual Min Total Time": 456.007, "Actual Max Total Time": 472.766, "Filter": "((info)::text = ANY ('{Horror,Action,Sci-Fi,Thriller,Crime,War}'::text[]))", "Rows Removed by Filter": 14646748, "Actual Rows": 188971}], "Actual Rows": 188971}], "Actual Rows": 188972}], "Actual Rows": 186594}, {"Node Type": "Bitmap Heap Scan", "Parent Relationship": "Inner", "Relation Name": "movie_info_idx", "Alias": "mi_idx", "Startup Cost": 0.37, "Total Cost": 4.39, "Plan Rows": 2, "Plan Width": 13, "Actual Min Startup Time": 785.813, "Actual Max Startup Time": 785.813, "Actual Min Total Time": 831.397, "Actual Max Total Time": 831.397, "Recheck Cond": "(movie_id = mi.movie_id)", "Rows Removed by Index Recheck": 0, "Exact Heap Blocks": 103610, "Lossy Heap Blocks": 103610, "Plans": [{"Node Type": "Bitmap Index Scan", "Parent Relationship": "Outer", "Index Name": "movie_id_movie_info_idx", "Startup Cost": 0.0, "Total Cost": 0.37, "Plan Rows": 2, "Plan Width": 0, "Actual Min Startup Time": 534.083, "Actual Max Startup Time": 534.083, "Actual Min Total Time": 534.083, "Actual Max Total Time": 534.083, "Index Cond": "(movie_id = mi.movie_id)", "Actual Rows": 307785}], "Actual Rows": 307785}], "Actual Rows": 307785}], "Actual Rows": 102516}, {"Node Type": "Bitmap Heap Scan", "Parent Relationship": "Inner", "Relation Name": "title", "Alias": "t", "Startup Cost": 0.28, "Total Cost": 4.3, "Plan Rows": 1, "Plan Width": 21, "Actual Min Startup Time": 582.851, "Actual Max Startup Time": 582.851, "Actual Min Total Time": 582.851, "Actual Max Total Time": 582.851, "Recheck Cond": "(id = mi_idx.movie_id)", "Rows Removed by Index Recheck": 0, "Exact Heap Blocks": 102516, "Lossy Heap Blocks": 102516, "Plans": [{"Node Type": "Bitmap Index Scan", "Parent Relationship": "Outer", "Index Name": "title_pkey", "Startup Cost": 0.0, "Total Cost": 0.28, "Plan Rows": 1, "Plan Width": 0, "Actual Min Startup Time": 314.133, "Actual Max Startup Time": 314.133, "Actual Min Total Time": 314.133, "Actual Max Total Time": 314.133, "Index Cond": "(id = mi_idx.movie_id)", "Actual Rows": 102516}], "Actual Rows": 102516}], "Actual Rows": 102516}, {"Node Type": "Bitmap Heap Scan", "Parent Relationship": "Inner", "Relation Name": "cast_info", "Alias": "ci", "Startup Cost": 0.52, "Total Cost": 4.63, "Plan Rows": 1, "Plan Width": 8, "Actual Min Startup Time": 9263.342, "Actual Max Startup Time": 9263.342, "Actual Min Total Time": 10705.552, "Actual Max Total Time": 10705.552, "Recheck Cond": "(movie_id = t.id)", "Rows Removed by Index Recheck": 0, "Filter": "((note)::text = ANY ('{(writer),\"(head writer)\",\"(written by)\",(story),\"(story editor)\"}'::text[]))", "Rows Removed by Filter": 3987641, "Exact Heap Blocks": 3901088, "Lossy Heap Blocks": 3901088, "Plans": [{"Node Type": "Bitmap Index Scan", "Parent Relationship": "Outer", "Index Name": "movie_id_cast_info", "Startup Cost": 0.0, "Total Cost": 0.52, "Plan Rows": 6, "Plan Width": 0, "Actual Min Startup Time": 1108.06, "Actual Max Startup Time": 1108.06, "Actual Min Total Time": 1108.06, "Actual Max Total Time": 1108.06, "Index Cond": "(movie_id = t.id)", "Actual Rows": 4041796}], "Actual Rows": 54155}], "Actual Rows": 54155}, {"Node Type": "Bitmap Heap Scan", "Parent Relationship": "Inner", "Relation Name": "name", "Alias": "n", "Startup Cost": 0.31, "Total Cost": 4.32, "Plan Rows": 1, "Plan Width": 4, "Actual Min Startup Time": 448.646, "Actual Max Startup Time": 448.646, "Actual Min Total Time": 448.646, "Actual Max Total Time": 448.646, "Recheck Cond": "(id = ci.person_id)", "Rows Removed by Index Recheck": 0, "Filter": "((gender)::text = 'm'::text)", "Rows Removed by Filter": 26082, "Exact Heap Blocks": 54155, "Lossy Heap Blocks": 54155, "Plans": [{"Node Type": "Bitmap Index Scan", "Parent Relationship": "Outer", "Index Name": "name_pkey", "Startup Cost": 0.0, "Total Cost": 0.31, "Plan Rows": 1, "Plan Width": 0, "Actual Min Startup Time": 286.768, "Actual Max Startup Time": 286.768, "Actual Min Total Time": 286.768, "Actual Max Total Time": 286.768, "Index Cond": "(id = ci.person_id)", "Actual Rows": 54155}], "Actual Rows": 28073}], "Actual Rows": 28073}], "Actual Rows": 1}, "Triggers": [], "Planner Runtime": 18, "Total Runtime": 14088.924, "Unique SQL Id": 3913857139}}, "(16, 23)": {"explain_plan": {"Plan": {"Node Type": "Aggregate", "Strategy": "Plain", "Startup Cost": 191395.62, "Total Cost": 191395.63, "Plan Rows": 1, "Plan Width": 160, "Plans": [{"Node Type": "Nested Loop", "Parent Relationship": "Outer", "Join Type": "Inner", "Startup Cost": 4861.24, "Total Cost": 191385.02, "Plan Rows": 1413, "Plan Width": 64, "Inner Unique": true, "Plans": [{"Node Type": "Nested Loop", "Parent Relationship": "Outer", "Join Type": "Inner", "Startup Cost": 4860.93, "Total Cost": 186379.6, "Plan Rows": 1155, "Plan Width": 68, "Inner Unique": false, "Plans": [{"Node Type": "Nested Loop", "Parent Relationship": "Outer", "Join Type": "Inner", "Startup Cost": 4860.41, "Total Cost": 181536.93, "Plan Rows": 1044, "Plan Width": 76, "Inner Unique": true, "Join Filter": "(mi.movie_id = t.id)", "Plans": [{"Node Type": "Nested Loop", "Parent Relationship": "Outer", "Join Type": "Inner", "Startup Cost": 4860.13, "Total Cost": 177037.74, "Plan Rows": 1044, "Plan Width": 55, "Inner Unique": false, "Join Filter": "(mi_idx.info_type_id = it2.id)", "Plans": [{"Node Type": "Bitmap Heap Scan", "Parent Relationship": "Outer", "Relation Name": "info_type", "Alias": "it2", "Startup Cost": 8.81, "Total Cost": 14.21, "Plan Rows": 1, "Plan Width": 4, "Filter": "((info)::text = 'votes'::text)", "Plans": [{"Node Type": "Bitmap Index Scan", "Parent Relationship": "Outer", "Index Name": "info_type_pkey", "Startup Cost": 0.0, "Total Cost": 8.81, "Plan Rows": 112, "Plan Width": 0}]}, {"Node Type": "Nested Loop", "Parent Relationship": "Inner", "Join Type": "Inner", "Startup Cost": 4851.32, "Total Cost": 176971.34, "Plan Rows": 4175, "Plan Width": 59, "Inner Unique": false, "Plans": [{"Node Type": "Nested Loop", "Parent Relationship": "Outer", "Join Type": "Inner", "Startup Cost": 4850.95, "Total Cost": 164983.91, "Plan Rows": 2717, "Plan Width": 46, "Inner Unique": false, "Plans": [{"Node Type": "Bitmap Heap Scan", "Parent Relationship": "Outer", "Relation Name": "info_type", "Alias": "it1", "Startup Cost": 8.81, "Total Cost": 14.21, "Plan Rows": 1, "Plan Width": 4, "Filter": "((info)::text = 'genres'::text)", "Plans": [{"Node Type": "Bitmap Index Scan", "Parent Relationship": "Outer", "Index Name": "info_type_pkey", "Startup Cost": 0.0, "Total Cost": 8.81, "Plan Rows": 112, "Plan Width": 0}]}, {"Node Type": "Bitmap Heap Scan", "Parent Relationship": "Inner", "Relation Name": "movie_info", "Alias": "mi", "Startup Cost": 4842.14, "Total Cost": 164942.53, "Plan Rows": 2717, "Plan Width": 50, "Recheck Cond": "(info_type_id = it1.id)", "Filter": "((info)::text = ANY ('{Horror,Action,Sci-Fi,Thriller,Crime,War}'::text[]))", "Plans": [{"Node Type": "Bitmap Index Scan", "Parent Relationship": "Outer", "Index Name": "info_type_id_movie_info", "Startup Cost": 0.0, "Total Cost": 4841.46, "Plan Rows": 212428, "Plan Width": 0, "Index Cond": "(info_type_id = it1.id)"}]}]}, {"Node Type": "Bitmap Heap Scan", "Parent Relationship": "Inner", "Relation Name": "movie_info_idx", "Alias": "mi_idx", "Startup Cost": 0.37, "Total Cost": 4.39, "Plan Rows": 2, "Plan Width": 13, "Recheck Cond": "(movie_id = mi.movie_id)", "Plans": [{"Node Type": "Bitmap Index Scan", "Parent Relationship": "Outer", "Index Name": "movie_id_movie_info_idx", "Startup Cost": 0.0, "Total Cost": 0.37, "Plan Rows": 2, "Plan Width": 0, "Index Cond": "(movie_id = mi.movie_id)"}]}]}]}, {"Node Type": "Bitmap Heap Scan", "Parent Relationship": "Inner", "Relation Name": "title", "Alias": "t", "Startup Cost": 0.28, "Total Cost": 4.3, "Plan Rows": 1, "Plan Width": 21, "Recheck Cond": "(id = mi_idx.movie_id)", "Plans": [{"Node Type": "Bitmap Index Scan", "Parent Relationship": "Outer", "Index Name": "title_pkey", "Startup Cost": 0.0, "Total Cost": 0.28, "Plan Rows": 1, "Plan Width": 0, "Index Cond": "(id = mi_idx.movie_id)"}]}]}, {"Node Type": "Bitmap Heap Scan", "Parent Relationship": "Inner", "Relation Name": "cast_info", "Alias": "ci", "Startup Cost": 0.52, "Total Cost": 4.63, "Plan Rows": 1, "Plan Width": 8, "Recheck Cond": "(movie_id = t.id)", "Filter": "((note)::text = ANY ('{(writer),\"(head writer)\",\"(written by)\",(story),\"(story editor)\"}'::text[]))", "Plans": [{"Node Type": "Bitmap Index Scan", "Parent Relationship": "Outer", "Index Name": "movie_id_cast_info", "Startup Cost": 0.0, "Total Cost": 0.52, "Plan Rows": 6, "Plan Width": 0, "Index Cond": "(movie_id = t.id)"}]}]}, {"Node Type": "Bitmap Heap Scan", "Parent Relationship": "Inner", "Relation Name": "name", "Alias": "n", "Startup Cost": 0.31, "Total Cost": 4.32, "Plan Rows": 1, "Plan Width": 4, "Recheck Cond": "(id = ci.person_id)", "Filter": "((gender)::text = 'm'::text)", "Plans": [{"Node Type": "Bitmap Index Scan", "Parent Relationship": "Outer", "Index Name": "name_pkey", "Startup Cost": 0.0, "Total Cost": 0.31, "Plan Rows": 1, "Plan Width": 0, "Index Cond": "(id = ci.person_id)"}]}]}]}, "Unique SQL Id": 3913857139, "Planner Runtime": 22}, "explain_analyze_plan": {"Plan": {"Node Type": "Aggregate", "Strategy": "Plain", "Startup Cost": 191395.62, "Total Cost": 191395.63, "Plan Rows": 1, "Plan Width": 160, "Actual Startup Time": 14138.197, "Actual Total Time": 14138.197, "Actual Rows": 1, "Actual Loops": 1, "Plans": [{"Node Type": "Nested Loop", "Parent Relationship": "Outer", "Join Type": "Inner", "Startup Cost": 4861.24, "Total Cost": 191385.02, "Plan Rows": 1413, "Plan Width": 64, "Actual Startup Time": 187.003, "Actual Total Time": 14094.486, "Actual Rows": 28073, "Actual Loops": 1, "Inner Unique": true, "Plans": [{"Node Type": "Nested Loop", "Parent Relationship": "Outer", "Join Type": "Inner", "Startup Cost": 4860.93, "Total Cost": 186379.6, "Plan Rows": 1155, "Plan Width": 68, "Actual Startup Time": 184.391, "Actual Total Time": 13585.354, "Actual Rows": 54155, "Actual Loops": 1, "Inner Unique": false, "Plans": [{"Node Type": "Nested Loop", "Parent Relationship": "Outer", "Join Type": "Inner", "Startup Cost": 4860.41, "Total Cost": 181536.93, "Plan Rows": 1044, "Plan Width": 76, "Actual Startup Time": 181.346, "Actual Total Time": 3101.831, "Actual Rows": 102516, "Actual Loops": 1, "Inner Unique": true, "Join Filter": "(mi.movie_id = t.id)", "Rows Removed by Join Filter": 0, "Plans": [{"Node Type": "Nested Loop", "Parent Relationship": "Outer", "Join Type": "Inner", "Startup Cost": 4860.13, "Total Cost": 177037.74, "Plan Rows": 1044, "Plan Width": 55, "Actual Startup Time": 181.323, "Actual Total Time": 2380.152, "Actual Rows": 102516, "Actual Loops": 1, "Inner Unique": false, "Join Filter": "(mi_idx.info_type_id = it2.id)", "Rows Removed by Join Filter": 205269, "Plans": [{"Node Type": "Bitmap Heap Scan", "Parent Relationship": "Outer", "Relation Name": "info_type", "Alias": "it2", "Startup Cost": 8.81, "Total Cost": 14.21, "Plan Rows": 1, "Plan Width": 4, "Actual Startup Time": 0.075, "Actual Total Time": 0.079, "Actual Rows": 1, "Actual Loops": 1, "Filter": "((info)::text = 'votes'::text)", "Rows Removed by Filter": 111, "Exact Heap Blocks": 1, "Lossy Heap Blocks": 1, "Plans": [{"Node Type": "Bitmap Index Scan", "Parent Relationship": "Outer", "Index Name": "info_type_pkey", "Startup Cost": 0.0, "Total Cost": 8.81, "Plan Rows": 112, "Plan Width": 0, "Actual Startup Time": 0.014, "Actual Total Time": 0.014, "Actual Rows": 112, "Actual Loops": 1}]}, {"Node Type": "Nested Loop", "Parent Relationship": "Inner", "Join Type": "Inner", "Startup Cost": 4851.32, "Total Cost": 176971.34, "Plan Rows": 4175, "Plan Width": 59, "Actual Startup Time": 181.235, "Actual Total Time": 2285.67, "Actual Rows": 307785, "Actual Loops": 1, "Inner Unique": false, "Plans": [{"Node Type": "Nested Loop", "Parent Relationship": "Outer", "Join Type": "Inner", "Startup Cost": 4850.95, "Total Cost": 164983.91, "Plan Rows": 2717, "Plan Width": 46, "Actual Startup Time": 181.195, "Actual Total Time": 1161.625, "Actual Rows": 186594, "Actual Loops": 1, "Inner Unique": false, "Plans": [{"Node Type": "Bitmap Heap Scan", "Parent Relationship": "Outer", "Relation Name": "info_type", "Alias": "it1", "Startup Cost": 8.81, "Total Cost": 14.21, "Plan Rows": 1, "Plan Width": 4, "Actual Startup Time": 0.029, "Actual Total Time": 0.058, "Actual Rows": 1, "Actual Loops": 1, "Filter": "((info)::text = 'genres'::text)", "Rows Removed by Filter": 111, "Exact Heap Blocks": 1, "Lossy Heap Blocks": 1, "Plans": [{"Node Type": "Bitmap Index Scan", "Parent Relationship": "Outer", "Index Name": "info_type_pkey", "Startup Cost": 0.0, "Total Cost": 8.81, "Plan Rows": 112, "Plan Width": 0, "Actual Startup Time": 0.008, "Actual Total Time": 0.008, "Actual Rows": 112, "Actual Loops": 1}]}, {"Node Type": "Bitmap Heap Scan", "Parent Relationship": "Inner", "Relation Name": "movie_info", "Alias": "mi", "Startup Cost": 4842.14, "Total Cost": 164942.53, "Plan Rows": 2717, "Plan Width": 50, "Actual Startup Time": 181.162, "Actual Total Time": 1119.515, "Actual Rows": 186594, "Actual Loops": 1, "Recheck Cond": "(info_type_id = it1.id)", "Rows Removed by Index Recheck": 0, "Filter": "((info)::text = ANY ('{Horror,Action,Sci-Fi,Thriller,Crime,War}'::text[]))", "Rows Removed by Filter": 1347315, "Exact Heap Blocks": 7426, "Lossy Heap Blocks": 7426, "Plans": [{"Node Type": "Bitmap Index Scan", "Parent Relationship": "Outer", "Index Name": "info_type_id_movie_info", "Startup Cost": 0.0, "Total Cost": 4841.46, "Plan Rows": 212428, "Plan Width": 0, "Actual Startup Time": 179.772, "Actual Total Time": 179.772, "Actual Rows": 1533909, "Actual Loops": 1, "Index Cond": "(info_type_id = it1.id)"}]}]}, {"Node Type": "Bitmap Heap Scan", "Parent Relationship": "Inner", "Relation Name": "movie_info_idx", "Alias": "mi_idx", "Startup Cost": 0.37, "Total Cost": 4.39, "Plan Rows": 2, "Plan Width": 13, "Actual Startup Time": 770.753, "Actual Total Time": 815.789, "Actual Rows": 307785, "Actual Loops": 186594, "Recheck Cond": "(movie_id = mi.movie_id)", "Rows Removed by Index Recheck": 0, "Exact Heap Blocks": 103610, "Lossy Heap Blocks": 103610, "Plans": [{"Node Type": "Bitmap Index Scan", "Parent Relationship": "Outer", "Index Name": "movie_id_movie_info_idx", "Startup Cost": 0.0, "Total Cost": 0.37, "Plan Rows": 2, "Plan Width": 0, "Actual Startup Time": 523.523, "Actual Total Time": 523.523, "Actual Rows": 307785, "Actual Loops": 186594, "Index Cond": "(movie_id = mi.movie_id)"}]}]}]}, {"Node Type": "Bitmap Heap Scan", "Parent Relationship": "Inner", "Relation Name": "title", "Alias": "t", "Startup Cost": 0.28, "Total Cost": 4.3, "Plan Rows": 1, "Plan Width": 21, "Actual Startup Time": 551.607, "Actual Total Time": 551.607, "Actual Rows": 102516, "Actual Loops": 102516, "Recheck Cond": "(id = mi_idx.movie_id)", "Rows Removed by Index Recheck": 0, "Exact Heap Blocks": 102516, "Lossy Heap Blocks": 102516, "Plans": [{"Node Type": "Bitmap Index Scan", "Parent Relationship": "Outer", "Index Name": "title_pkey", "Startup Cost": 0.0, "Total Cost": 0.28, "Plan Rows": 1, "Plan Width": 0, "Actual Startup Time": 308.447, "Actual Total Time": 308.447, "Actual Rows": 102516, "Actual Loops": 102516, "Index Cond": "(id = mi_idx.movie_id)"}]}]}, {"Node Type": "Bitmap Heap Scan", "Parent Relationship": "Inner", "Relation Name": "cast_info", "Alias": "ci", "Startup Cost": 0.52, "Total Cost": 4.63, "Plan Rows": 1, "Plan Width": 8, "Actual Startup Time": 8932.38, "Actual Total Time": 10325.233, "Actual Rows": 54155, "Actual Loops": 102516, "Recheck Cond": "(movie_id = t.id)", "Rows Removed by Index Recheck": 0, "Filter": "((note)::text = ANY ('{(writer),\"(head writer)\",\"(written by)\",(story),\"(story editor)\"}'::text[]))", "Rows Removed by Filter": 3987641, "Exact Heap Blocks": 3901088, "Lossy Heap Blocks": 3901088, "Plans": [{"Node Type": "Bitmap Index Scan", "Parent Relationship": "Outer", "Index Name": "movie_id_cast_info", "Startup Cost": 0.0, "Total Cost": 0.52, "Plan Rows": 6, "Plan Width": 0, "Actual Startup Time": 1094.418, "Actual Total Time": 1094.418, "Actual Rows": 4041796, "Actual Loops": 102516, "Index Cond": "(movie_id = t.id)"}]}]}, {"Node Type": "Bitmap Heap Scan", "Parent Relationship": "Inner", "Relation Name": "name", "Alias": "n", "Startup Cost": 0.31, "Total Cost": 4.32, "Plan Rows": 1, "Plan Width": 4, "Actual Startup Time": 425.148, "Actual Total Time": 425.148, "Actual Rows": 28073, "Actual Loops": 54155, "Recheck Cond": "(id = ci.person_id)", "Rows Removed by Index Recheck": 0, "Filter": "((gender)::text = 'm'::text)", "Rows Removed by Filter": 26082, "Exact Heap Blocks": 54155, "Lossy Heap Blocks": 54155, "Plans": [{"Node Type": "Bitmap Index Scan", "Parent Relationship": "Outer", "Index Name": "name_pkey", "Startup Cost": 0.0, "Total Cost": 0.31, "Plan Rows": 1, "Plan Width": 0, "Actual Startup Time": 273.193, "Actual Total Time": 273.193, "Actual Rows": 54155, "Actual Loops": 54155, "Index Cond": "(id = ci.person_id)"}]}]}]}, "Triggers": [], "Planner Runtime": 7, "Total Runtime": 14138.488, "Unique SQL Id": 3913857139}}, "(16, 24)": {"explain_plan": {"Plan": {"Node Type": "Aggregate", "Strategy": "Plain", "Startup Cost": 50638.13, "Total Cost": 50638.14, "Plan Rows": 1, "Plan Width": 160, "Plans": [{"Node Type": "Nested Loop", "Parent Relationship": "Outer", "Join Type": "Inner", "Startup Cost": 0.0, "Total Cost": 50627.54, "Plan Rows": 1413, "Plan Width": 64, "Inner Unique": true, "Plans": [{"Node Type": "Nested Loop", "Parent Relationship": "Outer", "Join Type": "Inner", "Startup Cost": 0.0, "Total Cost": 50048.27, "Plan Rows": 1155, "Plan Width": 68, "Inner Unique": false, "Plans": [{"Node Type": "Nested Loop", "Parent Relationship": "Outer", "Join Type": "Inner", "Startup Cost": 0.0, "Total Cost": 48986.64, "Plan Rows": 1044, "Plan Width": 76, "Inner Unique": true, "Join Filter": "(mi.movie_id = t.id)", "Plans": [{"Node Type": "Nested Loop", "Parent Relationship": "Outer", "Join Type": "Inner", "Startup Cost": 0.0, "Total Cost": 48558.44, "Plan Rows": 1044, "Plan Width": 55, "Inner Unique": false, "Join Filter": "(mi_idx.info_type_id = it2.id)", "Plans": [{"Node Type": "Seq Scan", "Parent Relationship": "Outer", "Relation Name": "info_type", "Alias": "it2", "Startup Cost": 0.0, "Total Cost": 2.4, "Plan Rows": 1, "Plan Width": 4, "Filter": "((info)::text = 'votes'::text)"}, {"Node Type": "Nested Loop", "Parent Relationship": "Inner", "Join Type": "Inner", "Startup Cost": 0.0, "Total Cost": 48503.86, "Plan Rows": 4175, "Plan Width": 59, "Inner Unique": false, "Plans": [{"Node Type": "Nested Loop", "Parent Relationship": "Outer", "Join Type": "Inner", "Startup Cost": 0.0, "Total Cost": 47015.81, "Plan Rows": 2717, "Plan Width": 46, "Inner Unique": false, "Join Filter": "(it1.id = mi.info_type_id)", "Plans": [{"Node Type": "Seq Scan", "Parent Relationship": "Outer", "Relation Name": "info_type", "Alias": "it1", "Startup Cost": 0.0, "Total Cost": 2.4, "Plan Rows": 1, "Plan Width": 4, "Filter": "((info)::text = 'genres'::text)"}, {"Node Type": "Materialize", "Parent Relationship": "Inner", "Startup Cost": 0.0, "Total Cost": 45111.71, "Plan Rows": 190170, "Plan Width": 50, "Plans": [{"Node Type": "Streaming(type: LOCAL GATHER dop: 1/16)", "Parent Relationship": "Outer", "Startup Cost": 0.0, "Total Cost": 44636.28, "Plan Rows": 190170, "Plan Width": 50, "Plans": [{"Node Type": "Seq Scan", "Parent Relationship": "Outer", "Relation Name": "movie_info", "Alias": "mi", "Startup Cost": 0.0, "Total Cost": 40532.03, "Plan Rows": 190170, "Plan Width": 50, "Filter": "((info)::text = ANY ('{Horror,Action,Sci-Fi,Thriller,Crime,War}'::text[]))"}]}]}]}, {"Node Type": "Index Scan", "Parent Relationship": "Inner", "Scan Direction": "Forward", "Index Name": "movie_id_movie_info_idx", "Relation Name": "movie_info_idx", "Alias": "mi_idx", "Startup Cost": 0.0, "Total Cost": 0.53, "Plan Rows": 2, "Plan Width": 13, "Index Cond": "(movie_id = mi.movie_id)"}]}]}, {"Node Type": "Index Scan", "Parent Relationship": "Inner", "Scan Direction": "Forward", "Index Name": "title_pkey", "Relation Name": "title", "Alias": "t", "Startup Cost": 0.0, "Total Cost": 0.4, "Plan Rows": 1, "Plan Width": 21, "Index Cond": "(id = mi_idx.movie_id)"}]}, {"Node Type": "Index Scan", "Parent Relationship": "Inner", "Scan Direction": "Forward", "Index Name": "movie_id_cast_info", "Relation Name": "cast_info", "Alias": "ci", "Startup Cost": 0.0, "Total Cost": 1.01, "Plan Rows": 1, "Plan Width": 8, "Index Cond": "(movie_id = t.id)", "Filter": "((note)::text = ANY ('{(writer),\"(head writer)\",\"(written by)\",(story),\"(story editor)\"}'::text[]))"}]}, {"Node Type": "Index Scan", "Parent Relationship": "Inner", "Scan Direction": "Forward", "Index Name": "name_pkey", "Relation Name": "name", "Alias": "n", "Startup Cost": 0.0, "Total Cost": 0.49, "Plan Rows": 1, "Plan Width": 4, "Index Cond": "(id = ci.person_id)", "Filter": "((gender)::text = 'm'::text)"}]}]}, "Unique SQL Id": 3913857139, "Planner Runtime": 16}, "explain_analyze_plan": {"Plan": {"Node Type": "Aggregate", "Strategy": "Plain", "Startup Cost": 50638.13, "Total Cost": 50638.14, "Plan Rows": 1, "Plan Width": 160, "Actual Min Startup Time": 11129.472, "Actual Max Startup Time": 11129.472, "Actual Min Total Time": 11129.473, "Actual Max Total Time": 11129.473, "Plans": [{"Node Type": "Nested Loop", "Parent Relationship": "Outer", "Join Type": "Inner", "Startup Cost": 0.0, "Total Cost": 50627.54, "Plan Rows": 1413, "Plan Width": 64, "Actual Min Startup Time": 511.135, "Actual Max Startup Time": 511.135, "Actual Min Total Time": 11090.649, "Actual Max Total Time": 11090.649, "Inner Unique": true, "Plans": [{"Node Type": "Nested Loop", "Parent Relationship": "Outer", "Join Type": "Inner", "Startup Cost": 0.0, "Total Cost": 50048.27, "Plan Rows": 1155, "Plan Width": 68, "Actual Min Startup Time": 511.069, "Actual Max Startup Time": 511.069, "Actual Min Total Time": 10685.753, "Actual Max Total Time": 10685.753, "Inner Unique": false, "Plans": [{"Node Type": "Nested Loop", "Parent Relationship": "Outer", "Join Type": "Inner", "Startup Cost": 0.0, "Total Cost": 48986.64, "Plan Rows": 1044, "Plan Width": 76, "Actual Min Startup Time": 511.036, "Actual Max Startup Time": 511.036, "Actual Min Total Time": 2090.161, "Actual Max Total Time": 2090.161, "Inner Unique": true, "Join Filter": "(mi.movie_id = t.id)", "Rows Removed by Join Filter": 0, "Plans": [{"Node Type": "Nested Loop", "Parent Relationship": "Outer", "Join Type": "Inner", "Startup Cost": 0.0, "Total Cost": 48558.44, "Plan Rows": 1044, "Plan Width": 55, "Actual Min Startup Time": 511.018, "Actual Max Startup Time": 511.018, "Actual Min Total Time": 1536.856, "Actual Max Total Time": 1536.856, "Inner Unique": false, "Join Filter": "(mi_idx.info_type_id = it2.id)", "Rows Removed by Join Filter": 205269, "Plans": [{"Node Type": "Seq Scan", "Parent Relationship": "Outer", "Relation Name": "info_type", "Alias": "it2", "Startup Cost": 0.0, "Total Cost": 2.4, "Plan Rows": 1, "Plan Width": 4, "Actual Min Startup Time": 0.062, "Actual Max Startup Time": 0.062, "Actual Min Total Time": 0.082, "Actual Max Total Time": 0.082, "Filter": "((info)::text = 'votes'::text)", "Rows Removed by Filter": 111, "Actual Rows": 1}, {"Node Type": "Nested Loop", "Parent Relationship": "Inner", "Join Type": "Inner", "Startup Cost": 0.0, "Total Cost": 48503.86, "Plan Rows": 4175, "Plan Width": 59, "Actual Min Startup Time": 510.944, "Actual Max Startup Time": 510.944, "Actual Min Total Time": 1446.297, "Actual Max Total Time": 1446.297, "Inner Unique": false, "Plans": [{"Node Type": "Nested Loop", "Parent Relationship": "Outer", "Join Type": "Inner", "Startup Cost": 0.0, "Total Cost": 47015.81, "Plan Rows": 2717, "Plan Width": 46, "Actual Min Startup Time": 510.906, "Actual Max Startup Time": 510.906, "Actual Min Total Time": 614.399, "Actual Max Total Time": 614.399, "Inner Unique": false, "Join Filter": "(it1.id = mi.info_type_id)", "Rows Removed by Join Filter": 2377, "Plans": [{"Node Type": "Seq Scan", "Parent Relationship": "Outer", "Relation Name": "info_type", "Alias": "it1", "Startup Cost": 0.0, "Total Cost": 2.4, "Plan Rows": 1, "Plan Width": 4, "Actual Min Startup Time": 0.049, "Actual Max Startup Time": 0.049, "Actual Min Total Time": 0.098, "Actual Max Total Time": 0.098, "Filter": "((info)::text = 'genres'::text)", "Rows Removed by Filter": 111, "Actual Rows": 1}, {"Node Type": "Materialize", "Parent Relationship": "Inner", "Startup Cost": 0.0, "Total Cost": 45111.71, "Plan Rows": 190170, "Plan Width": 50, "Actual Min Startup Time": 510.302, "Actual Max Startup Time": 510.302, "Actual Min Total Time": 540.364, "Actual Max Total Time": 540.364, "Plans": [{"Node Type": "Streaming(type: LOCAL GATHER dop: 1/16)", "Parent Relationship": "Outer", "Startup Cost": 0.0, "Total Cost": 44636.28, "Plan Rows": 190170, "Plan Width": 50, "Actual Min Startup Time": 297.487, "Actual Max Startup Time": 297.487, "Actual Min Total Time": 482.691, "Actual Max Total Time": 482.691, "Plans": [{"Node Type": "Seq Scan", "Parent Relationship": "Outer", "Relation Name": "movie_info", "Alias": "mi", "Startup Cost": 0.0, "Total Cost": 40532.03, "Plan Rows": 190170, "Plan Width": 50, "Actual Min Startup Time": 226.336, "Actual Max Startup Time": 412.639, "Actual Min Total Time": 456.317, "Actual Max Total Time": 472.872, "Filter": "((info)::text = ANY ('{Horror,Action,Sci-Fi,Thriller,Crime,War}'::text[]))", "Rows Removed by Filter": 14646748, "Actual Rows": 188971}], "Actual Rows": 188971}], "Actual Rows": 188972}], "Actual Rows": 186594}, {"Node Type": "Index Scan", "Parent Relationship": "Inner", "Scan Direction": "Forward", "Index Name": "movie_id_movie_info_idx", "Relation Name": "movie_info_idx", "Alias": "mi_idx", "Startup Cost": 0.0, "Total Cost": 0.53, "Plan Rows": 2, "Plan Width": 13, "Actual Min Startup Time": 538.97, "Actual Max Startup Time": 538.97, "Actual Min Total Time": 658.4, "Actual Max Total Time": 658.4, "Index Cond": "(movie_id = mi.movie_id)", "Rows Removed by Index Recheck": 0, "Actual Rows": 307785}], "Actual Rows": 307785}], "Actual Rows": 102516}, {"Node Type": "Index Scan", "Parent Relationship": "Inner", "Scan Direction": "Forward", "Index Name": "title_pkey", "Relation Name": "title", "Alias": "t", "Startup Cost": 0.0, "Total Cost": 0.4, "Plan Rows": 1, "Plan Width": 21, "Actual Min Startup Time": 443.939, "Actual Max Startup Time": 443.939, "Actual Min Total Time": 443.939, "Actual Max Total Time": 443.939, "Index Cond": "(id = mi_idx.movie_id)", "Rows Removed by Index Recheck": 0, "Actual Rows": 102516}], "Actual Rows": 102516}, {"Node Type": "Index Scan", "Parent Relationship": "Inner", "Scan Direction": "Forward", "Index Name": "movie_id_cast_info", "Relation Name": "cast_info", "Alias": "ci", "Startup Cost": 0.0, "Total Cost": 1.01, "Plan Rows": 1, "Plan Width": 8, "Actual Min Startup Time": 7269.102, "Actual Max Startup Time": 7269.102, "Actual Min Total Time": 8522.718, "Actual Max Total Time": 8522.718, "Index Cond": "(movie_id = t.id)", "Rows Removed by Index Recheck": 0, "Filter": "((note)::text = ANY ('{(writer),\"(head writer)\",\"(written by)\",(story),\"(story editor)\"}'::text[]))", "Rows Removed by Filter": 3987641, "Actual Rows": 54155}], "Actual Rows": 54155}, {"Node Type": "Index Scan", "Parent Relationship": "Inner", "Scan Direction": "Forward", "Index Name": "name_pkey", "Relation Name": "name", "Alias": "n", "Startup Cost": 0.0, "Total Cost": 0.49, "Plan Rows": 1, "Plan Width": 4, "Actual Min Startup Time": 360.913, "Actual Max Startup Time": 360.913, "Actual Min Total Time": 360.913, "Actual Max Total Time": 360.913, "Index Cond": "(id = ci.person_id)", "Rows Removed by Index Recheck": 0, "Filter": "((gender)::text = 'm'::text)", "Rows Removed by Filter": 26082, "Actual Rows": 28073}], "Actual Rows": 28073}], "Actual Rows": 1}, "Triggers": [], "Planner Runtime": 8, "Total Runtime": 11132.427, "Unique SQL Id": 3913857139}}, "(16, 25)": {"explain_plan": {"Plan": {"Node Type": "Aggregate", "Strategy": "Plain", "Startup Cost": 385547.34, "Total Cost": 385547.35, "Plan Rows": 1, "Plan Width": 160, "Plans": [{"Node Type": "Nested Loop", "Parent Relationship": "Outer", "Join Type": "Inner", "Startup Cost": 0.0, "Total Cost": 385536.75, "Plan Rows": 1413, "Plan Width": 64, "Inner Unique": true, "Plans": [{"Node Type": "Nested Loop", "Parent Relationship": "Outer", "Join Type": "Inner", "Startup Cost": 0.0, "Total Cost": 384957.48, "Plan Rows": 1155, "Plan Width": 68, "Inner Unique": false, "Plans": [{"Node Type": "Nested Loop", "Parent Relationship": "Outer", "Join Type": "Inner", "Startup Cost": 0.0, "Total Cost": 383895.85, "Plan Rows": 1044, "Plan Width": 76, "Inner Unique": true, "Join Filter": "(mi.movie_id = t.id)", "Plans": [{"Node Type": "Nested Loop", "Parent Relationship": "Outer", "Join Type": "Inner", "Startup Cost": 0.0, "Total Cost": 383467.66, "Plan Rows": 1044, "Plan Width": 55, "Inner Unique": false, "Join Filter": "(mi.info_type_id = it1.id)", "Plans": [{"Node Type": "Index Scan", "Parent Relationship": "Outer", "Scan Direction": "Forward", "Index Name": "info_type_pkey", "Relation Name": "info_type", "Alias": "it1", "Startup Cost": 0.0, "Total Cost": 14.21, "Plan Rows": 1, "Plan Width": 4, "Filter": "((info)::text = 'genres'::text)"}, {"Node Type": "Nested Loop", "Parent Relationship": "Inner", "Join Type": "Inner", "Startup Cost": 0.0, "Total Cost": 380590.58, "Plan Rows": 229029, "Plan Width": 59, "Inner Unique": false, "Plans": [{"Node Type": "Nested Loop", "Parent Relationship": "Outer", "Join Type": "Inner", "Startup Cost": 0.0, "Total Cost": 38338.2, "Plan Rows": 345008, "Plan Width": 9, "Inner Unique": false, "Plans": [{"Node Type": "Index Scan", "Parent Relationship": "Outer", "Scan Direction": "Forward", "Index Name": "info_type_pkey", "Relation Name": "info_type", "Alias": "it2", "Startup Cost": 0.0, "Total Cost": 14.21, "Plan Rows": 1, "Plan Width": 4, "Filter": "((info)::text = 'votes'::text)"}, {"Node Type": "Index Scan", "Parent Relationship": "Inner", "Scan Direction": "Forward", "Index Name": "info_type_id_movie_info_idx", "Relation Name": "movie_info_idx", "Alias": "mi_idx", "Startup Cost": 0.0, "Total Cost": 34873.91, "Plan Rows": 345008, "Plan Width": 13, "Index Cond": "(info_type_id = it2.id), (LLVM Optimized)"}]}, {"Node Type": "Index Scan", "Parent Relationship": "Inner", "Scan Direction": "Forward", "Index Name": "movie_id_movie_info", "Relation Name": "movie_info", "Alias": "mi", "Startup Cost": 0.0, "Total Cost": 0.98, "Plan Rows": 1, "Plan Width": 50, "Index Cond": "(movie_id = mi_idx.movie_id)", "Filter": "((info)::text = ANY ('{Horror,Action,Sci-Fi,Thriller,Crime,War}'::text[]))"}]}]}, {"Node Type": "Index Scan", "Parent Relationship": "Inner", "Scan Direction": "Forward", "Index Name": "title_pkey", "Relation Name": "title", "Alias": "t", "Startup Cost": 0.0, "Total Cost": 0.4, "Plan Rows": 1, "Plan Width": 21, "Index Cond": "(id = mi_idx.movie_id)"}]}, {"Node Type": "Index Scan", "Parent Relationship": "Inner", "Scan Direction": "Forward", "Index Name": "movie_id_cast_info", "Relation Name": "cast_info", "Alias": "ci", "Startup Cost": 0.0, "Total Cost": 1.01, "Plan Rows": 1, "Plan Width": 8, "Index Cond": "(movie_id = t.id)", "Filter": "((note)::text = ANY ('{(writer),\"(head writer)\",\"(written by)\",(story),\"(story editor)\"}'::text[]))"}]}, {"Node Type": "Index Scan", "Parent Relationship": "Inner", "Scan Direction": "Forward", "Index Name": "name_pkey", "Relation Name": "name", "Alias": "n", "Startup Cost": 0.0, "Total Cost": 0.49, "Plan Rows": 1, "Plan Width": 4, "Index Cond": "(id = ci.person_id)", "Filter": "((gender)::text = 'm'::text)"}]}]}, "Unique SQL Id": 3913857139, "Planner Runtime": 16}, "explain_analyze_plan": {"Plan": {"Node Type": "Aggregate", "Strategy": "Plain", "Startup Cost": 385547.34, "Total Cost": 385547.35, "Plan Rows": 1, "Plan Width": 160, "Actual Startup Time": 19831.111, "Actual Total Time": 19831.111, "Actual Rows": 1, "Actual Loops": 1, "Plans": [{"Node Type": "Nested Loop", "Parent Relationship": "Outer", "Join Type": "Inner", "Startup Cost": 0.0, "Total Cost": 385536.75, "Plan Rows": 1413, "Plan Width": 64, "Actual Startup Time": 29.663, "Actual Total Time": 19790.655, "Actual Rows": 28073, "Actual Loops": 1, "Inner Unique": true, "Plans": [{"Node Type": "Nested Loop", "Parent Relationship": "Outer", "Join Type": "Inner", "Startup Cost": 0.0, "Total Cost": 384957.48, "Plan Rows": 1155, "Plan Width": 68, "Actual Startup Time": 14.7, "Actual Total Time": 19348.306, "Actual Rows": 54155, "Actual Loops": 1, "Inner Unique": false, "Plans": [{"Node Type": "Nested Loop", "Parent Relationship": "Outer", "Join Type": "Inner", "Startup Cost": 0.0, "Total Cost": 383895.85, "Plan Rows": 1044, "Plan Width": 76, "Actual Startup Time": 0.805, "Actual Total Time": 10066.457, "Actual Rows": 102516, "Actual Loops": 1, "Inner Unique": true, "Join Filter": "(mi.movie_id = t.id)", "Rows Removed by Join Filter": 0, "Plans": [{"Node Type": "Nested Loop", "Parent Relationship": "Outer", "Join Type": "Inner", "Startup Cost": 0.0, "Total Cost": 383467.66, "Plan Rows": 1044, "Plan Width": 55, "Actual Startup Time": 0.793, "Actual Total Time": 9476.47, "Actual Rows": 102516, "Actual Loops": 1, "Inner Unique": false, "Join Filter": "(mi.info_type_id = it1.id)", "Rows Removed by Join Filter": 2376, "Plans": [{"Node Type": "Index Scan", "Parent Relationship": "Outer", "Scan Direction": "Forward", "Index Name": "info_type_pkey", "Relation Name": "info_type", "Alias": "it1", "Startup Cost": 0.0, "Total Cost": 14.21, "Plan Rows": 1, "Plan Width": 4, "Actual Startup Time": 0.027, "Actual Total Time": 0.081, "Actual Rows": 1, "Actual Loops": 1, "Filter": "((info)::text = 'genres'::text)", "Rows Removed by Filter": 111}, {"Node Type": "Nested Loop", "Parent Relationship": "Inner", "Join Type": "Inner", "Startup Cost": 0.0, "Total Cost": 380590.58, "Plan Rows": 229029, "Plan Width": 59, "Actual Startup Time": 0.761, "Actual Total Time": 9433.358, "Actual Rows": 104892, "Actual Loops": 1, "Inner Unique": false, "Plans": [{"Node Type": "Nested Loop", "Parent Relationship": "Outer", "Join Type": "Inner", "Startup Cost": 0.0, "Total Cost": 38338.2, "Plan Rows": 345008, "Plan Width": 9, "Actual Startup Time": 0.072, "Actual Total Time": 406.914, "Actual Rows": 459925, "Actual Loops": 1, "Inner Unique": false, "Plans": [{"Node Type": "Index Scan", "Parent Relationship": "Outer", "Scan Direction": "Forward", "Index Name": "info_type_pkey", "Relation Name": "info_type", "Alias": "it2", "Startup Cost": 0.0, "Total Cost": 14.21, "Plan Rows": 1, "Plan Width": 4, "Actual Startup Time": 0.053, "Actual Total Time": 0.068, "Actual Rows": 1, "Actual Loops": 1, "Filter": "((info)::text = 'votes'::text)", "Rows Removed by Filter": 111}, {"Node Type": "Index Scan", "Parent Relationship": "Inner", "Scan Direction": "Forward", "Index Name": "info_type_id_movie_info_idx", "Relation Name": "movie_info_idx", "Alias": "mi_idx", "Startup Cost": 0.0, "Total Cost": 34873.91, "Plan Rows": 345008, "Plan Width": 13, "Actual Startup Time": 0.016, "Actual Total Time": 295.179, "Actual Rows": 459925, "Actual Loops": 1, "Index Cond": "(info_type_id = it2.id), (LLVM Optimized, Jit Execute)", "Rows Removed by Index Recheck": 0}]}, {"Node Type": "Index Scan", "Parent Relationship": "Inner", "Scan Direction": "Forward", "Index Name": "movie_id_movie_info", "Relation Name": "movie_info", "Alias": "mi", "Startup Cost": 0.0, "Total Cost": 0.98, "Plan Rows": 1, "Plan Width": 50, "Actual Startup Time": 8592.13, "Actual Total Time": 8755.617, "Actual Rows": 104892, "Actual Loops": 459925, "Index Cond": "(movie_id = mi_idx.movie_id)", "Rows Removed by Index Recheck": 0, "Filter": "((info)::text = ANY ('{Horror,Action,Sci-Fi,Thriller,Crime,War}'::text[]))", "Rows Removed by Filter": 6825442}]}]}, {"Node Type": "Index Scan", "Parent Relationship": "Inner", "Scan Direction": "Forward", "Index Name": "title_pkey", "Relation Name": "title", "Alias": "t", "Startup Cost": 0.0, "Total Cost": 0.4, "Plan Rows": 1, "Plan Width": 21, "Actual Startup Time": 469.619, "Actual Total Time": 469.619, "Actual Rows": 102516, "Actual Loops": 102516, "Index Cond": "(id = mi_idx.movie_id)", "Rows Removed by Index Recheck": 0}]}, {"Node Type": "Index Scan", "Parent Relationship": "Inner", "Scan Direction": "Forward", "Index Name": "movie_id_cast_info", "Relation Name": "cast_info", "Alias": "ci", "Startup Cost": 0.0, "Total Cost": 1.01, "Plan Rows": 1, "Plan Width": 8, "Actual Startup Time": 7850.991, "Actual Total Time": 9208.892, "Actual Rows": 54155, "Actual Loops": 102516, "Index Cond": "(movie_id = t.id)", "Rows Removed by Index Recheck": 0, "Filter": "((note)::text = ANY ('{(writer),\"(head writer)\",\"(written by)\",(story),\"(story editor)\"}'::text[]))", "Rows Removed by Filter": 3987641}]}, {"Node Type": "Index Scan", "Parent Relationship": "Inner", "Scan Direction": "Forward", "Index Name": "name_pkey", "Relation Name": "name", "Alias": "n", "Startup Cost": 0.0, "Total Cost": 0.49, "Plan Rows": 1, "Plan Width": 4, "Actual Startup Time": 392.522, "Actual Total Time": 392.522, "Actual Rows": 28073, "Actual Loops": 54155, "Index Cond": "(id = ci.person_id)", "Rows Removed by Index Recheck": 0, "Filter": "((gender)::text = 'm'::text)", "Rows Removed by Filter": 26082}]}]}, "Triggers": [], "Planner Runtime": 7, "Total Runtime": 19840.176, "Unique SQL Id": 3913857139}}, "(16, 26)": {"explain_plan": {"Plan": {"Node Type": "Aggregate", "Strategy": "Plain", "Startup Cost": 730888.64, "Total Cost": 730888.68, "Plan Rows": 1, "Plan Width": 160, "Plans": [{"Node Type": "Streaming(type: LOCAL GATHER dop: 1/16)", "Parent Relationship": "Outer", "Startup Cost": 730888.64, "Total Cost": 730888.68, "Plan Rows": 1, "Plan Width": 160, "Plans": [{"Node Type": "Aggregate", "Strategy": "Plain", "Parent Relationship": "Outer", "Startup Cost": 730888.64, "Total Cost": 730888.65, "Plan Rows": 1, "Plan Width": 160, "Plans": [{"Node Type": "Nested Loop", "Parent Relationship": "Outer", "Join Type": "Inner", "Startup Cost": 0.0, "Total Cost": 730878.05, "Plan Rows": 1413, "Plan Width": 64, "Inner Unique": false, "Join Filter": "(ci.person_id = n.id)", "Plans": [{"Node Type": "Streaming(type: LOCAL REDISTRIBUTE dop: 16/16)", "Parent Relationship": "Outer", "Startup Cost": 0.0, "Total Cost": 43063.84, "Plan Rows": 1740714, "Plan Width": 4, "Plans": [{"Node Type": "Seq Scan", "Parent Relationship": "Outer", "Relation Name": "name", "Alias": "n", "Startup Cost": 0.0, "Total Cost": 21468.16, "Plan Rows": 1740714, "Plan Width": 4, "Filter": "((gender)::text = 'm'::text), (LLVM Optimized)"}]}, {"Node Type": "Materialize", "Parent Relationship": "Inner", "Startup Cost": 0.0, "Total Cost": 570010.21, "Plan Rows": 1155, "Plan Width": 68, "Plans": [{"Node Type": "Streaming(type: LOCAL REDISTRIBUTE dop: 16/16)", "Parent Relationship": "Outer", "Startup Cost": 0.0, "Total Cost": 570009.85, "Plan Rows": 1155, "Plan Width": 68, "Plans": [{"Node Type": "Nested Loop", "Parent Relationship": "Outer", "Join Type": "Inner", "Startup Cost": 0.0, "Total Cost": 555005.47, "Plan Rows": 1155, "Plan Width": 68, "Inner Unique": false, "Join Filter": "(t.id = ci.movie_id)", "Plans": [{"Node Type": "Streaming(type: LOCAL REDISTRIBUTE dop: 16/16)", "Parent Relationship": "Outer", "Startup Cost": 0.0, "Total Cost": 86415.84, "Plan Rows": 1223154, "Plan Width": 8, "Plans": [{"Node Type": "Seq Scan", "Parent Relationship": "Outer", "Relation Name": "cast_info", "Alias": "ci", "Startup Cost": 0.0, "Total Cost": 66781.24, "Plan Rows": 1223154, "Plan Width": 8, "Filter": "((note)::text = ANY ('{(writer),\"(head writer)\",\"(written by)\",(story),\"(story editor)\"}'::text[]))"}]}, {"Node Type": "Materialize", "Parent Relationship": "Inner", "Startup Cost": 0.0, "Total Cost": 393767.17, "Plan Rows": 1044, "Plan Width": 76, "Plans": [{"Node Type": "Streaming(type: LOCAL REDISTRIBUTE dop: 16/16)", "Parent Relationship": "Outer", "Startup Cost": 0.0, "Total Cost": 393766.84, "Plan Rows": 1044, "Plan Width": 76, "Plans": [{"Node Type": "Nested Loop", "Parent Relationship": "Outer", "Join Type": "Inner", "Startup Cost": 0.0, "Total Cost": 378762.89, "Plan Rows": 1044, "Plan Width": 76, "Inner Unique": false, "Join Filter": "(mi.movie_id = t.id)", "Plans": [{"Node Type": "Streaming(type: LOCAL REDISTRIBUTE dop: 16/16)", "Parent Relationship": "Outer", "Startup Cost": 0.0, "Total Cost": 43334.25, "Plan Rows": 2528311, "Plan Width": 21, "Plans": [{"Node Type": "Seq Scan", "Parent Relationship": "Outer", "Relation Name": "title", "Alias": "t", "Startup Cost": 0.0, "Total Cost": 18754.32, "Plan Rows": 2528311, "Plan Width": 21}]}, {"Node Type": "Materialize", "Parent Relationship": "Inner", "Startup Cost": 0.0, "Total Cost": 180767.28, "Plan Rows": 1044, "Plan Width": 55, "Plans": [{"Node Type": "Streaming(type: LOCAL REDISTRIBUTE dop: 16/16)", "Parent Relationship": "Outer", "Startup Cost": 0.0, "Total Cost": 180766.95, "Plan Rows": 1044, "Plan Width": 55, "Plans": [{"Node Type": "Nested Loop", "Parent Relationship": "Outer", "Join Type": "Inner", "Startup Cost": 0.0, "Total Cost": 165763.0, "Plan Rows": 1044, "Plan Width": 55, "Inner Unique": false, "Join Filter": "(mi.movie_id = mi_idx.movie_id)", "Plans": [{"Node Type": "Streaming(type: LOCAL REDISTRIBUTE dop: 16/1)", "Parent Relationship": "Outer", "Startup Cost": 0.0, "Total Cost": 62128.78, "Plan Rows": 2717, "Plan Width": 46, "Plans": [{"Node Type": "Nested Loop", "Parent Relationship": "Outer", "Join Type": "Inner", "Startup Cost": 0.0, "Total Cost": 47015.81, "Plan Rows": 2717, "Plan Width": 46, "Inner Unique": false, "Join Filter": "(it1.id = mi.info_type_id)", "Plans": [{"Node Type": "Seq Scan", "Parent Relationship": "Outer", "Relation Name": "info_type", "Alias": "it1", "Startup Cost": 0.0, "Total Cost": 2.4, "Plan Rows": 1, "Plan Width": 4, "Filter": "((info)::text = 'genres'::text)"}, {"Node Type": "Materialize", "Parent Relationship": "Inner", "Startup Cost": 0.0, "Total Cost": 45111.71, "Plan Rows": 190170, "Plan Width": 50, "Plans": [{"Node Type": "Streaming(type: LOCAL GATHER dop: 1/16)", "Parent Relationship": "Outer", "Startup Cost": 0.0, "Total Cost": 44636.28, "Plan Rows": 190170, "Plan Width": 50, "Plans": [{"Node Type": "Seq Scan", "Parent Relationship": "Outer", "Relation Name": "movie_info", "Alias": "mi", "Startup Cost": 0.0, "Total Cost": 40532.03, "Plan Rows": 190170, "Plan Width": 50, "Filter": "((info)::text = ANY ('{Horror,Action,Sci-Fi,Thriller,Crime,War}'::text[]))"}]}]}]}]}, {"Node Type": "Materialize", "Parent Relationship": "Inner", "Startup Cost": 0.0, "Total Cost": 48763.12, "Plan Rows": 345008, "Plan Width": 9, "Plans": [{"Node Type": "Streaming(type: LOCAL REDISTRIBUTE dop: 16/16)", "Parent Relationship": "Outer", "Startup Cost": 0.0, "Total Cost": 48655.3, "Plan Rows": 345008, "Plan Width": 9, "Plans": [{"Node Type": "Nested Loop", "Parent Relationship": "Outer", "Join Type": "Inner", "Startup Cost": 0.0, "Total Cost": 32348.04, "Plan Rows": 345008, "Plan Width": 9, "Inner Unique": false, "Join Filter": "(it2.id = mi_idx.info_type_id), (LLVM Optimized)", "Plans": [{"Node Type": "Streaming(type: BROADCAST dop: 16/1)", "Parent Relationship": "Outer", "Startup Cost": 0.0, "Total Cost": 15002.75, "Plan Rows": 16, "Plan Width": 4, "Plans": [{"Node Type": "Seq Scan", "Parent Relationship": "Outer", "Relation Name": "info_type", "Alias": "it2", "Startup Cost": 0.0, "Total Cost": 2.4, "Plan Rows": 1, "Plan Width": 4, "Filter": "((info)::text = 'votes'::text)"}]}, {"Node Type": "Seq Scan", "Parent Relationship": "Inner", "Relation Name": "movie_info_idx", "Alias": "mi_idx", "Startup Cost": 0.0, "Total Cost": 16267.15, "Plan Rows": 1380034, "Plan Width": 13}]}]}]}]}]}]}]}]}]}]}]}]}]}]}]}]}, "Unique SQL Id": 3913857139, "Planner Runtime": 17}, "explain_analyze_plan": null}, "(16, 27)": {"explain_plan": {"Plan": {"Node Type": "Aggregate", "Strategy": "Plain", "Startup Cost": 6974941462121.7, "Total Cost": 6974941462121.71, "Plan Rows": 1, "Plan Width": 160, "Plans": [{"Node Type": "Merge Join", "Parent Relationship": "Outer", "Join Type": "Inner", "Startup Cost": 70000000000.0, "Total Cost": 6974941462111.11, "Plan Rows": 1413, "Plan Width": 64, "Inner Unique": true, "Merge Cond": "(ci.person_id = n.id)", "Plans": [{"Node Type": "Nested Loop", "Parent Relationship": "Outer", "Join Type": "Inner", "Startup Cost": 60000000000.0, "Total Cost": 6000433185113.17, "Plan Rows": 1155, "Plan Width": 68, "Inner Unique": true, "Join Filter": "(mi.movie_id = t.id)", "Plans": [{"Node Type": "Nested Loop", "Parent Relationship": "Outer", "Join Type": "Inner", "Startup Cost": 50000000000.0, "Total Cost": 5000378363755.41, "Plan Rows": 1155, "Plan Width": 63, "Inner Unique": false, "Join Filter": "(mi_idx.movie_id = mi.movie_id)", "Plans": [{"Node Type": "Nested Loop", "Parent Relationship": "Outer", "Join Type": "Inner", "Startup Cost": 30000000000.0, "Total Cost": 3000358134325.29, "Plan Rows": 3006, "Plan Width": 54, "Inner Unique": false, "Join Filter": "(mi.movie_id = ci.movie_id)", "Plans": [{"Node Type": "Index Scan", "Parent Relationship": "Outer", "Scan Direction": "Forward", "Index Name": "person_id_cast_info", "Relation Name": "cast_info", "Alias": "ci", "Startup Cost": 10000000000.0, "Total Cost": 1000193311016.96, "Plan Rows": 1223154, "Plan Width": 8, "Filter": "((note)::text = ANY ('{(writer),\"(head writer)\",\"(written by)\",(story),\"(story editor)\"}'::text[]))"}, {"Node Type": "Materialize", "Parent Relationship": "Inner", "Startup Cost": 20000000000.0, "Total Cost": 2000114973673.85, "Plan Rows": 2717, "Plan Width": 46, "Plans": [{"Node Type": "Nested Loop", "Parent Relationship": "Outer", "Join Type": "Inner", "Startup Cost": 20000000000.0, "Total Cost": 2000114973660.27, "Plan Rows": 2717, "Plan Width": 46, "Inner Unique": true, "Join Filter": "(it1.id = mi.info_type_id)", "Plans": [{"Node Type": "Index Scan", "Parent Relationship": "Outer", "Scan Direction": "Forward", "Index Name": "movie_id_movie_info", "Relation Name": "movie_info", "Alias": "mi", "Startup Cost": 10000000000.0, "Total Cost": 1000114969386.72, "Plan Rows": 190170, "Plan Width": 50, "Filter": "((info)::text = ANY ('{Horror,Action,Sci-Fi,Thriller,Crime,War}'::text[]))"}, {"Node Type": "Materialize", "Parent Relationship": "Inner", "Startup Cost": 10000000000.0, "Total Cost": 1000000001421.0, "Plan Rows": 1, "Plan Width": 4, "Plans": [{"Node Type": "Index Scan", "Parent Relationship": "Outer", "Scan Direction": "Forward", "Index Name": "info_type_pkey", "Relation Name": "info_type", "Alias": "it1", "Startup Cost": 10000000000.0, "Total Cost": 1000000001421.0, "Plan Rows": 1, "Plan Width": 4, "Filter": "((info)::text = 'genres'::text)"}]}]}]}]}, {"Node Type": "Materialize", "Parent Relationship": "Inner", "Startup Cost": 20000000000.0, "Total Cost": 2000004673881.92, "Plan Rows": 345008, "Plan Width": 9, "Plans": [{"Node Type": "Nested Loop", "Parent Relationship": "Outer", "Join Type": "Inner", "Startup Cost": 20000000000.0, "Total Cost": 2000004672156.88, "Plan Rows": 345008, "Plan Width": 9, "Inner Unique": true, "Join Filter": "(it2.id = mi_idx.info_type_id), (LLVM Optimized)", "Plans": [{"Node Type": "Index Scan", "Parent Relationship": "Outer", "Scan Direction": "Forward", "Index Name": "movie_id_movie_info_idx", "Relation Name": "movie_info_idx", "Alias": "mi_idx", "Startup Cost": 10000000000.0, "Total Cost": 1000004650035.37, "Plan Rows": 1380034, "Plan Width": 13}, {"Node Type": "Materialize", "Parent Relationship": "Inner", "Startup Cost": 10000000000.0, "Total Cost": 1000000001421.0, "Plan Rows": 1, "Plan Width": 4, "Plans": [{"Node Type": "Index Scan", "Parent Relationship": "Outer", "Scan Direction": "Forward", "Index Name": "info_type_pkey", "Relation Name": "info_type", "Alias": "it2", "Startup Cost": 10000000000.0, "Total Cost": 1000000001421.0, "Plan Rows": 1, "Plan Width": 4, "Filter": "((info)::text = 'votes'::text)"}]}]}]}]}, {"Node Type": "Materialize", "Parent Relationship": "Inner", "Startup Cost": 10000000000.0, "Total Cost": 1000011024690.47, "Plan Rows": 2528311, "Plan Width": 21, "Plans": [{"Node Type": "Index Scan", "Parent Relationship": "Outer", "Scan Direction": "Forward", "Index Name": "title_pkey", "Relation Name": "title", "Alias": "t", "Startup Cost": 10000000000.0, "Total Cost": 1000011012048.91, "Plan Rows": 2528311, "Plan Width": 21}]}]}, {"Node Type": "Index Scan", "Parent Relationship": "Inner", "Scan Direction": "Forward", "Index Name": "name_pkey", "Relation Name": "name", "Alias": "n", "Startup Cost": 10000000000.0, "Total Cost": 1000018665147.2, "Plan Rows": 1740714, "Plan Width": 4, "Filter": "((gender)::text = 'm'::text), (LLVM Optimized)"}]}]}, "Unique SQL Id": 3913857139, "Planner Runtime": 70}, "explain_analyze_plan": null}, "(16, 28)": {"explain_plan": {"Plan": {"Node Type": "Aggregate", "Strategy": "Plain", "Startup Cost": 50638.13, "Total Cost": 50638.14, "Plan Rows": 1, "Plan Width": 160, "Plans": [{"Node Type": "Nested Loop", "Parent Relationship": "Outer", "Join Type": "Inner", "Startup Cost": 0.0, "Total Cost": 50627.54, "Plan Rows": 1413, "Plan Width": 64, "Inner Unique": true, "Plans": [{"Node Type": "Nested Loop", "Parent Relationship": "Outer", "Join Type": "Inner", "Startup Cost": 0.0, "Total Cost": 50048.27, "Plan Rows": 1155, "Plan Width": 68, "Inner Unique": false, "Plans": [{"Node Type": "Nested Loop", "Parent Relationship": "Outer", "Join Type": "Inner", "Startup Cost": 0.0, "Total Cost": 48986.64, "Plan Rows": 1044, "Plan Width": 76, "Inner Unique": true, "Join Filter": "(mi.movie_id = t.id)", "Plans": [{"Node Type": "Nested Loop", "Parent Relationship": "Outer", "Join Type": "Inner", "Startup Cost": 0.0, "Total Cost": 48558.44, "Plan Rows": 1044, "Plan Width": 55, "Inner Unique": false, "Join Filter": "(mi_idx.info_type_id = it2.id)", "Plans": [{"Node Type": "Seq Scan", "Parent Relationship": "Outer", "Relation Name": "info_type", "Alias": "it2", "Startup Cost": 0.0, "Total Cost": 2.4, "Plan Rows": 1, "Plan Width": 4, "Filter": "((info)::text = 'votes'::text)"}, {"Node Type": "Nested Loop", "Parent Relationship": "Inner", "Join Type": "Inner", "Startup Cost": 0.0, "Total Cost": 48503.86, "Plan Rows": 4175, "Plan Width": 59, "Inner Unique": false, "Plans": [{"Node Type": "Nested Loop", "Parent Relationship": "Outer", "Join Type": "Inner", "Startup Cost": 0.0, "Total Cost": 47015.81, "Plan Rows": 2717, "Plan Width": 46, "Inner Unique": false, "Join Filter": "(it1.id = mi.info_type_id)", "Plans": [{"Node Type": "Seq Scan", "Parent Relationship": "Outer", "Relation Name": "info_type", "Alias": "it1", "Startup Cost": 0.0, "Total Cost": 2.4, "Plan Rows": 1, "Plan Width": 4, "Filter": "((info)::text = 'genres'::text)"}, {"Node Type": "Materialize", "Parent Relationship": "Inner", "Startup Cost": 0.0, "Total Cost": 45111.71, "Plan Rows": 190170, "Plan Width": 50, "Plans": [{"Node Type": "Streaming(type: LOCAL GATHER dop: 1/16)", "Parent Relationship": "Outer", "Startup Cost": 0.0, "Total Cost": 44636.28, "Plan Rows": 190170, "Plan Width": 50, "Plans": [{"Node Type": "Seq Scan", "Parent Relationship": "Outer", "Relation Name": "movie_info", "Alias": "mi", "Startup Cost": 0.0, "Total Cost": 40532.03, "Plan Rows": 190170, "Plan Width": 50, "Filter": "((info)::text = ANY ('{Horror,Action,Sci-Fi,Thriller,Crime,War}'::text[]))"}]}]}]}, {"Node Type": "Index Scan", "Parent Relationship": "Inner", "Scan Direction": "Forward", "Index Name": "movie_id_movie_info_idx", "Relation Name": "movie_info_idx", "Alias": "mi_idx", "Startup Cost": 0.0, "Total Cost": 0.53, "Plan Rows": 2, "Plan Width": 13, "Index Cond": "(movie_id = mi.movie_id)"}]}]}, {"Node Type": "Index Scan", "Parent Relationship": "Inner", "Scan Direction": "Forward", "Index Name": "title_pkey", "Relation Name": "title", "Alias": "t", "Startup Cost": 0.0, "Total Cost": 0.4, "Plan Rows": 1, "Plan Width": 21, "Index Cond": "(id = mi_idx.movie_id)"}]}, {"Node Type": "Index Scan", "Parent Relationship": "Inner", "Scan Direction": "Forward", "Index Name": "movie_id_cast_info", "Relation Name": "cast_info", "Alias": "ci", "Startup Cost": 0.0, "Total Cost": 1.01, "Plan Rows": 1, "Plan Width": 8, "Index Cond": "(movie_id = t.id)", "Filter": "((note)::text = ANY ('{(writer),\"(head writer)\",\"(written by)\",(story),\"(story editor)\"}'::text[]))"}]}, {"Node Type": "Index Scan", "Parent Relationship": "Inner", "Scan Direction": "Forward", "Index Name": "name_pkey", "Relation Name": "name", "Alias": "n", "Startup Cost": 0.0, "Total Cost": 0.49, "Plan Rows": 1, "Plan Width": 4, "Index Cond": "(id = ci.person_id)", "Filter": "((gender)::text = 'm'::text)"}]}]}, "Unique SQL Id": 3913857139, "Planner Runtime": 17}, "explain_analyze_plan": {"Plan": {"Node Type": "Aggregate", "Strategy": "Plain", "Startup Cost": 50638.13, "Total Cost": 50638.14, "Plan Rows": 1, "Plan Width": 160, "Actual Min Startup Time": 11129.472, "Actual Max Startup Time": 11129.472, "Actual Min Total Time": 11129.473, "Actual Max Total Time": 11129.473, "Plans": [{"Node Type": "Nested Loop", "Parent Relationship": "Outer", "Join Type": "Inner", "Startup Cost": 0.0, "Total Cost": 50627.54, "Plan Rows": 1413, "Plan Width": 64, "Actual Min Startup Time": 511.135, "Actual Max Startup Time": 511.135, "Actual Min Total Time": 11090.649, "Actual Max Total Time": 11090.649, "Inner Unique": true, "Plans": [{"Node Type": "Nested Loop", "Parent Relationship": "Outer", "Join Type": "Inner", "Startup Cost": 0.0, "Total Cost": 50048.27, "Plan Rows": 1155, "Plan Width": 68, "Actual Min Startup Time": 511.069, "Actual Max Startup Time": 511.069, "Actual Min Total Time": 10685.753, "Actual Max Total Time": 10685.753, "Inner Unique": false, "Plans": [{"Node Type": "Nested Loop", "Parent Relationship": "Outer", "Join Type": "Inner", "Startup Cost": 0.0, "Total Cost": 48986.64, "Plan Rows": 1044, "Plan Width": 76, "Actual Min Startup Time": 511.036, "Actual Max Startup Time": 511.036, "Actual Min Total Time": 2090.161, "Actual Max Total Time": 2090.161, "Inner Unique": true, "Join Filter": "(mi.movie_id = t.id)", "Rows Removed by Join Filter": 0, "Plans": [{"Node Type": "Nested Loop", "Parent Relationship": "Outer", "Join Type": "Inner", "Startup Cost": 0.0, "Total Cost": 48558.44, "Plan Rows": 1044, "Plan Width": 55, "Actual Min Startup Time": 511.018, "Actual Max Startup Time": 511.018, "Actual Min Total Time": 1536.856, "Actual Max Total Time": 1536.856, "Inner Unique": false, "Join Filter": "(mi_idx.info_type_id = it2.id)", "Rows Removed by Join Filter": 205269, "Plans": [{"Node Type": "Seq Scan", "Parent Relationship": "Outer", "Relation Name": "info_type", "Alias": "it2", "Startup Cost": 0.0, "Total Cost": 2.4, "Plan Rows": 1, "Plan Width": 4, "Actual Min Startup Time": 0.062, "Actual Max Startup Time": 0.062, "Actual Min Total Time": 0.082, "Actual Max Total Time": 0.082, "Filter": "((info)::text = 'votes'::text)", "Rows Removed by Filter": 111, "Actual Rows": 1}, {"Node Type": "Nested Loop", "Parent Relationship": "Inner", "Join Type": "Inner", "Startup Cost": 0.0, "Total Cost": 48503.86, "Plan Rows": 4175, "Plan Width": 59, "Actual Min Startup Time": 510.944, "Actual Max Startup Time": 510.944, "Actual Min Total Time": 1446.297, "Actual Max Total Time": 1446.297, "Inner Unique": false, "Plans": [{"Node Type": "Nested Loop", "Parent Relationship": "Outer", "Join Type": "Inner", "Startup Cost": 0.0, "Total Cost": 47015.81, "Plan Rows": 2717, "Plan Width": 46, "Actual Min Startup Time": 510.906, "Actual Max Startup Time": 510.906, "Actual Min Total Time": 614.399, "Actual Max Total Time": 614.399, "Inner Unique": false, "Join Filter": "(it1.id = mi.info_type_id)", "Rows Removed by Join Filter": 2377, "Plans": [{"Node Type": "Seq Scan", "Parent Relationship": "Outer", "Relation Name": "info_type", "Alias": "it1", "Startup Cost": 0.0, "Total Cost": 2.4, "Plan Rows": 1, "Plan Width": 4, "Actual Min Startup Time": 0.049, "Actual Max Startup Time": 0.049, "Actual Min Total Time": 0.098, "Actual Max Total Time": 0.098, "Filter": "((info)::text = 'genres'::text)", "Rows Removed by Filter": 111, "Actual Rows": 1}, {"Node Type": "Materialize", "Parent Relationship": "Inner", "Startup Cost": 0.0, "Total Cost": 45111.71, "Plan Rows": 190170, "Plan Width": 50, "Actual Min Startup Time": 510.302, "Actual Max Startup Time": 510.302, "Actual Min Total Time": 540.364, "Actual Max Total Time": 540.364, "Plans": [{"Node Type": "Streaming(type: LOCAL GATHER dop: 1/16)", "Parent Relationship": "Outer", "Startup Cost": 0.0, "Total Cost": 44636.28, "Plan Rows": 190170, "Plan Width": 50, "Actual Min Startup Time": 297.487, "Actual Max Startup Time": 297.487, "Actual Min Total Time": 482.691, "Actual Max Total Time": 482.691, "Plans": [{"Node Type": "Seq Scan", "Parent Relationship": "Outer", "Relation Name": "movie_info", "Alias": "mi", "Startup Cost": 0.0, "Total Cost": 40532.03, "Plan Rows": 190170, "Plan Width": 50, "Actual Min Startup Time": 226.336, "Actual Max Startup Time": 412.639, "Actual Min Total Time": 456.317, "Actual Max Total Time": 472.872, "Filter": "((info)::text = ANY ('{Horror,Action,Sci-Fi,Thriller,Crime,War}'::text[]))", "Rows Removed by Filter": 14646748, "Actual Rows": 188971}], "Actual Rows": 188971}], "Actual Rows": 188972}], "Actual Rows": 186594}, {"Node Type": "Index Scan", "Parent Relationship": "Inner", "Scan Direction": "Forward", "Index Name": "movie_id_movie_info_idx", "Relation Name": "movie_info_idx", "Alias": "mi_idx", "Startup Cost": 0.0, "Total Cost": 0.53, "Plan Rows": 2, "Plan Width": 13, "Actual Min Startup Time": 538.97, "Actual Max Startup Time": 538.97, "Actual Min Total Time": 658.4, "Actual Max Total Time": 658.4, "Index Cond": "(movie_id = mi.movie_id)", "Rows Removed by Index Recheck": 0, "Actual Rows": 307785}], "Actual Rows": 307785}], "Actual Rows": 102516}, {"Node Type": "Index Scan", "Parent Relationship": "Inner", "Scan Direction": "Forward", "Index Name": "title_pkey", "Relation Name": "title", "Alias": "t", "Startup Cost": 0.0, "Total Cost": 0.4, "Plan Rows": 1, "Plan Width": 21, "Actual Min Startup Time": 443.939, "Actual Max Startup Time": 443.939, "Actual Min Total Time": 443.939, "Actual Max Total Time": 443.939, "Index Cond": "(id = mi_idx.movie_id)", "Rows Removed by Index Recheck": 0, "Actual Rows": 102516}], "Actual Rows": 102516}, {"Node Type": "Index Scan", "Parent Relationship": "Inner", "Scan Direction": "Forward", "Index Name": "movie_id_cast_info", "Relation Name": "cast_info", "Alias": "ci", "Startup Cost": 0.0, "Total Cost": 1.01, "Plan Rows": 1, "Plan Width": 8, "Actual Min Startup Time": 7269.102, "Actual Max Startup Time": 7269.102, "Actual Min Total Time": 8522.718, "Actual Max Total Time": 8522.718, "Index Cond": "(movie_id = t.id)", "Rows Removed by Index Recheck": 0, "Filter": "((note)::text = ANY ('{(writer),\"(head writer)\",\"(written by)\",(story),\"(story editor)\"}'::text[]))", "Rows Removed by Filter": 3987641, "Actual Rows": 54155}], "Actual Rows": 54155}, {"Node Type": "Index Scan", "Parent Relationship": "Inner", "Scan Direction": "Forward", "Index Name": "name_pkey", "Relation Name": "name", "Alias": "n", "Startup Cost": 0.0, "Total Cost": 0.49, "Plan Rows": 1, "Plan Width": 4, "Actual Min Startup Time": 360.913, "Actual Max Startup Time": 360.913, "Actual Min Total Time": 360.913, "Actual Max Total Time": 360.913, "Index Cond": "(id = ci.person_id)", "Rows Removed by Index Recheck": 0, "Filter": "((gender)::text = 'm'::text)", "Rows Removed by Filter": 26082, "Actual Rows": 28073}], "Actual Rows": 28073}], "Actual Rows": 1}, "Triggers": [], "Planner Runtime": 8, "Total Runtime": 11132.427, "Unique SQL Id": 3913857139}}, "(16, 29)": {"explain_plan": {"Plan": {"Node Type": "Aggregate", "Strategy": "Plain", "Startup Cost": 385547.34, "Total Cost": 385547.35, "Plan Rows": 1, "Plan Width": 160, "Plans": [{"Node Type": "Nested Loop", "Parent Relationship": "Outer", "Join Type": "Inner", "Startup Cost": 0.0, "Total Cost": 385536.75, "Plan Rows": 1413, "Plan Width": 64, "Inner Unique": true, "Plans": [{"Node Type": "Nested Loop", "Parent Relationship": "Outer", "Join Type": "Inner", "Startup Cost": 0.0, "Total Cost": 384957.48, "Plan Rows": 1155, "Plan Width": 68, "Inner Unique": false, "Plans": [{"Node Type": "Nested Loop", "Parent Relationship": "Outer", "Join Type": "Inner", "Startup Cost": 0.0, "Total Cost": 383895.85, "Plan Rows": 1044, "Plan Width": 76, "Inner Unique": true, "Join Filter": "(mi.movie_id = t.id)", "Plans": [{"Node Type": "Nested Loop", "Parent Relationship": "Outer", "Join Type": "Inner", "Startup Cost": 0.0, "Total Cost": 383467.66, "Plan Rows": 1044, "Plan Width": 55, "Inner Unique": false, "Join Filter": "(mi.info_type_id = it1.id)", "Plans": [{"Node Type": "Index Scan", "Parent Relationship": "Outer", "Scan Direction": "Forward", "Index Name": "info_type_pkey", "Relation Name": "info_type", "Alias": "it1", "Startup Cost": 0.0, "Total Cost": 14.21, "Plan Rows": 1, "Plan Width": 4, "Filter": "((info)::text = 'genres'::text)"}, {"Node Type": "Nested Loop", "Parent Relationship": "Inner", "Join Type": "Inner", "Startup Cost": 0.0, "Total Cost": 380590.58, "Plan Rows": 229029, "Plan Width": 59, "Inner Unique": false, "Plans": [{"Node Type": "Nested Loop", "Parent Relationship": "Outer", "Join Type": "Inner", "Startup Cost": 0.0, "Total Cost": 38338.2, "Plan Rows": 345008, "Plan Width": 9, "Inner Unique": false, "Plans": [{"Node Type": "Index Scan", "Parent Relationship": "Outer", "Scan Direction": "Forward", "Index Name": "info_type_pkey", "Relation Name": "info_type", "Alias": "it2", "Startup Cost": 0.0, "Total Cost": 14.21, "Plan Rows": 1, "Plan Width": 4, "Filter": "((info)::text = 'votes'::text)"}, {"Node Type": "Index Scan", "Parent Relationship": "Inner", "Scan Direction": "Forward", "Index Name": "info_type_id_movie_info_idx", "Relation Name": "movie_info_idx", "Alias": "mi_idx", "Startup Cost": 0.0, "Total Cost": 34873.91, "Plan Rows": 345008, "Plan Width": 13, "Index Cond": "(info_type_id = it2.id), (LLVM Optimized)"}]}, {"Node Type": "Index Scan", "Parent Relationship": "Inner", "Scan Direction": "Forward", "Index Name": "movie_id_movie_info", "Relation Name": "movie_info", "Alias": "mi", "Startup Cost": 0.0, "Total Cost": 0.98, "Plan Rows": 1, "Plan Width": 50, "Index Cond": "(movie_id = mi_idx.movie_id)", "Filter": "((info)::text = ANY ('{Horror,Action,Sci-Fi,Thriller,Crime,War}'::text[]))"}]}]}, {"Node Type": "Index Scan", "Parent Relationship": "Inner", "Scan Direction": "Forward", "Index Name": "title_pkey", "Relation Name": "title", "Alias": "t", "Startup Cost": 0.0, "Total Cost": 0.4, "Plan Rows": 1, "Plan Width": 21, "Index Cond": "(id = mi_idx.movie_id)"}]}, {"Node Type": "Index Scan", "Parent Relationship": "Inner", "Scan Direction": "Forward", "Index Name": "movie_id_cast_info", "Relation Name": "cast_info", "Alias": "ci", "Startup Cost": 0.0, "Total Cost": 1.01, "Plan Rows": 1, "Plan Width": 8, "Index Cond": "(movie_id = t.id)", "Filter": "((note)::text = ANY ('{(writer),\"(head writer)\",\"(written by)\",(story),\"(story editor)\"}'::text[]))"}]}, {"Node Type": "Index Scan", "Parent Relationship": "Inner", "Scan Direction": "Forward", "Index Name": "name_pkey", "Relation Name": "name", "Alias": "n", "Startup Cost": 0.0, "Total Cost": 0.49, "Plan Rows": 1, "Plan Width": 4, "Index Cond": "(id = ci.person_id)", "Filter": "((gender)::text = 'm'::text)"}]}]}, "Unique SQL Id": 3913857139, "Planner Runtime": 16}, "explain_analyze_plan": {"Plan": {"Node Type": "Aggregate", "Strategy": "Plain", "Startup Cost": 385547.34, "Total Cost": 385547.35, "Plan Rows": 1, "Plan Width": 160, "Actual Startup Time": 19831.111, "Actual Total Time": 19831.111, "Actual Rows": 1, "Actual Loops": 1, "Plans": [{"Node Type": "Nested Loop", "Parent Relationship": "Outer", "Join Type": "Inner", "Startup Cost": 0.0, "Total Cost": 385536.75, "Plan Rows": 1413, "Plan Width": 64, "Actual Startup Time": 29.663, "Actual Total Time": 19790.655, "Actual Rows": 28073, "Actual Loops": 1, "Inner Unique": true, "Plans": [{"Node Type": "Nested Loop", "Parent Relationship": "Outer", "Join Type": "Inner", "Startup Cost": 0.0, "Total Cost": 384957.48, "Plan Rows": 1155, "Plan Width": 68, "Actual Startup Time": 14.7, "Actual Total Time": 19348.306, "Actual Rows": 54155, "Actual Loops": 1, "Inner Unique": false, "Plans": [{"Node Type": "Nested Loop", "Parent Relationship": "Outer", "Join Type": "Inner", "Startup Cost": 0.0, "Total Cost": 383895.85, "Plan Rows": 1044, "Plan Width": 76, "Actual Startup Time": 0.805, "Actual Total Time": 10066.457, "Actual Rows": 102516, "Actual Loops": 1, "Inner Unique": true, "Join Filter": "(mi.movie_id = t.id)", "Rows Removed by Join Filter": 0, "Plans": [{"Node Type": "Nested Loop", "Parent Relationship": "Outer", "Join Type": "Inner", "Startup Cost": 0.0, "Total Cost": 383467.66, "Plan Rows": 1044, "Plan Width": 55, "Actual Startup Time": 0.793, "Actual Total Time": 9476.47, "Actual Rows": 102516, "Actual Loops": 1, "Inner Unique": false, "Join Filter": "(mi.info_type_id = it1.id)", "Rows Removed by Join Filter": 2376, "Plans": [{"Node Type": "Index Scan", "Parent Relationship": "Outer", "Scan Direction": "Forward", "Index Name": "info_type_pkey", "Relation Name": "info_type", "Alias": "it1", "Startup Cost": 0.0, "Total Cost": 14.21, "Plan Rows": 1, "Plan Width": 4, "Actual Startup Time": 0.027, "Actual Total Time": 0.081, "Actual Rows": 1, "Actual Loops": 1, "Filter": "((info)::text = 'genres'::text)", "Rows Removed by Filter": 111}, {"Node Type": "Nested Loop", "Parent Relationship": "Inner", "Join Type": "Inner", "Startup Cost": 0.0, "Total Cost": 380590.58, "Plan Rows": 229029, "Plan Width": 59, "Actual Startup Time": 0.761, "Actual Total Time": 9433.358, "Actual Rows": 104892, "Actual Loops": 1, "Inner Unique": false, "Plans": [{"Node Type": "Nested Loop", "Parent Relationship": "Outer", "Join Type": "Inner", "Startup Cost": 0.0, "Total Cost": 38338.2, "Plan Rows": 345008, "Plan Width": 9, "Actual Startup Time": 0.072, "Actual Total Time": 406.914, "Actual Rows": 459925, "Actual Loops": 1, "Inner Unique": false, "Plans": [{"Node Type": "Index Scan", "Parent Relationship": "Outer", "Scan Direction": "Forward", "Index Name": "info_type_pkey", "Relation Name": "info_type", "Alias": "it2", "Startup Cost": 0.0, "Total Cost": 14.21, "Plan Rows": 1, "Plan Width": 4, "Actual Startup Time": 0.053, "Actual Total Time": 0.068, "Actual Rows": 1, "Actual Loops": 1, "Filter": "((info)::text = 'votes'::text)", "Rows Removed by Filter": 111}, {"Node Type": "Index Scan", "Parent Relationship": "Inner", "Scan Direction": "Forward", "Index Name": "info_type_id_movie_info_idx", "Relation Name": "movie_info_idx", "Alias": "mi_idx", "Startup Cost": 0.0, "Total Cost": 34873.91, "Plan Rows": 345008, "Plan Width": 13, "Actual Startup Time": 0.016, "Actual Total Time": 295.179, "Actual Rows": 459925, "Actual Loops": 1, "Index Cond": "(info_type_id = it2.id), (LLVM Optimized, Jit Execute)", "Rows Removed by Index Recheck": 0}]}, {"Node Type": "Index Scan", "Parent Relationship": "Inner", "Scan Direction": "Forward", "Index Name": "movie_id_movie_info", "Relation Name": "movie_info", "Alias": "mi", "Startup Cost": 0.0, "Total Cost": 0.98, "Plan Rows": 1, "Plan Width": 50, "Actual Startup Time": 8592.13, "Actual Total Time": 8755.617, "Actual Rows": 104892, "Actual Loops": 459925, "Index Cond": "(movie_id = mi_idx.movie_id)", "Rows Removed by Index Recheck": 0, "Filter": "((info)::text = ANY ('{Horror,Action,Sci-Fi,Thriller,Crime,War}'::text[]))", "Rows Removed by Filter": 6825442}]}]}, {"Node Type": "Index Scan", "Parent Relationship": "Inner", "Scan Direction": "Forward", "Index Name": "title_pkey", "Relation Name": "title", "Alias": "t", "Startup Cost": 0.0, "Total Cost": 0.4, "Plan Rows": 1, "Plan Width": 21, "Actual Startup Time": 469.619, "Actual Total Time": 469.619, "Actual Rows": 102516, "Actual Loops": 102516, "Index Cond": "(id = mi_idx.movie_id)", "Rows Removed by Index Recheck": 0}]}, {"Node Type": "Index Scan", "Parent Relationship": "Inner", "Scan Direction": "Forward", "Index Name": "movie_id_cast_info", "Relation Name": "cast_info", "Alias": "ci", "Startup Cost": 0.0, "Total Cost": 1.01, "Plan Rows": 1, "Plan Width": 8, "Actual Startup Time": 7850.991, "Actual Total Time": 9208.892, "Actual Rows": 54155, "Actual Loops": 102516, "Index Cond": "(movie_id = t.id)", "Rows Removed by Index Recheck": 0, "Filter": "((note)::text = ANY ('{(writer),\"(head writer)\",\"(written by)\",(story),\"(story editor)\"}'::text[]))", "Rows Removed by Filter": 3987641}]}, {"Node Type": "Index Scan", "Parent Relationship": "Inner", "Scan Direction": "Forward", "Index Name": "name_pkey", "Relation Name": "name", "Alias": "n", "Startup Cost": 0.0, "Total Cost": 0.49, "Plan Rows": 1, "Plan Width": 4, "Actual Startup Time": 392.522, "Actual Total Time": 392.522, "Actual Rows": 28073, "Actual Loops": 54155, "Index Cond": "(id = ci.person_id)", "Rows Removed by Index Recheck": 0, "Filter": "((gender)::text = 'm'::text)", "Rows Removed by Filter": 26082}]}]}, "Triggers": [], "Planner Runtime": 7, "Total Runtime": 19840.176, "Unique SQL Id": 3913857139}}, "(16, 30)": {"explain_plan": {"Plan": {"Node Type": "Aggregate", "Strategy": "Plain", "Startup Cost": 730888.64, "Total Cost": 730888.68, "Plan Rows": 1, "Plan Width": 160, "Plans": [{"Node Type": "Streaming(type: LOCAL GATHER dop: 1/16)", "Parent Relationship": "Outer", "Startup Cost": 730888.64, "Total Cost": 730888.68, "Plan Rows": 1, "Plan Width": 160, "Plans": [{"Node Type": "Aggregate", "Strategy": "Plain", "Parent Relationship": "Outer", "Startup Cost": 730888.64, "Total Cost": 730888.65, "Plan Rows": 1, "Plan Width": 160, "Plans": [{"Node Type": "Nested Loop", "Parent Relationship": "Outer", "Join Type": "Inner", "Startup Cost": 0.0, "Total Cost": 730878.05, "Plan Rows": 1413, "Plan Width": 64, "Inner Unique": false, "Join Filter": "(ci.person_id = n.id)", "Plans": [{"Node Type": "Streaming(type: LOCAL REDISTRIBUTE dop: 16/16)", "Parent Relationship": "Outer", "Startup Cost": 0.0, "Total Cost": 43063.84, "Plan Rows": 1740714, "Plan Width": 4, "Plans": [{"Node Type": "Seq Scan", "Parent Relationship": "Outer", "Relation Name": "name", "Alias": "n", "Startup Cost": 0.0, "Total Cost": 21468.16, "Plan Rows": 1740714, "Plan Width": 4, "Filter": "((gender)::text = 'm'::text), (LLVM Optimized)"}]}, {"Node Type": "Materialize", "Parent Relationship": "Inner", "Startup Cost": 0.0, "Total Cost": 570010.21, "Plan Rows": 1155, "Plan Width": 68, "Plans": [{"Node Type": "Streaming(type: LOCAL REDISTRIBUTE dop: 16/16)", "Parent Relationship": "Outer", "Startup Cost": 0.0, "Total Cost": 570009.85, "Plan Rows": 1155, "Plan Width": 68, "Plans": [{"Node Type": "Nested Loop", "Parent Relationship": "Outer", "Join Type": "Inner", "Startup Cost": 0.0, "Total Cost": 555005.47, "Plan Rows": 1155, "Plan Width": 68, "Inner Unique": false, "Join Filter": "(t.id = ci.movie_id)", "Plans": [{"Node Type": "Streaming(type: LOCAL REDISTRIBUTE dop: 16/16)", "Parent Relationship": "Outer", "Startup Cost": 0.0, "Total Cost": 86415.84, "Plan Rows": 1223154, "Plan Width": 8, "Plans": [{"Node Type": "Seq Scan", "Parent Relationship": "Outer", "Relation Name": "cast_info", "Alias": "ci", "Startup Cost": 0.0, "Total Cost": 66781.24, "Plan Rows": 1223154, "Plan Width": 8, "Filter": "((note)::text = ANY ('{(writer),\"(head writer)\",\"(written by)\",(story),\"(story editor)\"}'::text[]))"}]}, {"Node Type": "Materialize", "Parent Relationship": "Inner", "Startup Cost": 0.0, "Total Cost": 393767.17, "Plan Rows": 1044, "Plan Width": 76, "Plans": [{"Node Type": "Streaming(type: LOCAL REDISTRIBUTE dop: 16/16)", "Parent Relationship": "Outer", "Startup Cost": 0.0, "Total Cost": 393766.84, "Plan Rows": 1044, "Plan Width": 76, "Plans": [{"Node Type": "Nested Loop", "Parent Relationship": "Outer", "Join Type": "Inner", "Startup Cost": 0.0, "Total Cost": 378762.89, "Plan Rows": 1044, "Plan Width": 76, "Inner Unique": false, "Join Filter": "(mi.movie_id = t.id)", "Plans": [{"Node Type": "Streaming(type: LOCAL REDISTRIBUTE dop: 16/16)", "Parent Relationship": "Outer", "Startup Cost": 0.0, "Total Cost": 43334.25, "Plan Rows": 2528311, "Plan Width": 21, "Plans": [{"Node Type": "Seq Scan", "Parent Relationship": "Outer", "Relation Name": "title", "Alias": "t", "Startup Cost": 0.0, "Total Cost": 18754.32, "Plan Rows": 2528311, "Plan Width": 21}]}, {"Node Type": "Materialize", "Parent Relationship": "Inner", "Startup Cost": 0.0, "Total Cost": 180767.28, "Plan Rows": 1044, "Plan Width": 55, "Plans": [{"Node Type": "Streaming(type: LOCAL REDISTRIBUTE dop: 16/16)", "Parent Relationship": "Outer", "Startup Cost": 0.0, "Total Cost": 180766.95, "Plan Rows": 1044, "Plan Width": 55, "Plans": [{"Node Type": "Nested Loop", "Parent Relationship": "Outer", "Join Type": "Inner", "Startup Cost": 0.0, "Total Cost": 165763.0, "Plan Rows": 1044, "Plan Width": 55, "Inner Unique": false, "Join Filter": "(mi.movie_id = mi_idx.movie_id)", "Plans": [{"Node Type": "Streaming(type: LOCAL REDISTRIBUTE dop: 16/1)", "Parent Relationship": "Outer", "Startup Cost": 0.0, "Total Cost": 62128.78, "Plan Rows": 2717, "Plan Width": 46, "Plans": [{"Node Type": "Nested Loop", "Parent Relationship": "Outer", "Join Type": "Inner", "Startup Cost": 0.0, "Total Cost": 47015.81, "Plan Rows": 2717, "Plan Width": 46, "Inner Unique": false, "Join Filter": "(it1.id = mi.info_type_id)", "Plans": [{"Node Type": "Seq Scan", "Parent Relationship": "Outer", "Relation Name": "info_type", "Alias": "it1", "Startup Cost": 0.0, "Total Cost": 2.4, "Plan Rows": 1, "Plan Width": 4, "Filter": "((info)::text = 'genres'::text)"}, {"Node Type": "Materialize", "Parent Relationship": "Inner", "Startup Cost": 0.0, "Total Cost": 45111.71, "Plan Rows": 190170, "Plan Width": 50, "Plans": [{"Node Type": "Streaming(type: LOCAL GATHER dop: 1/16)", "Parent Relationship": "Outer", "Startup Cost": 0.0, "Total Cost": 44636.28, "Plan Rows": 190170, "Plan Width": 50, "Plans": [{"Node Type": "Seq Scan", "Parent Relationship": "Outer", "Relation Name": "movie_info", "Alias": "mi", "Startup Cost": 0.0, "Total Cost": 40532.03, "Plan Rows": 190170, "Plan Width": 50, "Filter": "((info)::text = ANY ('{Horror,Action,Sci-Fi,Thriller,Crime,War}'::text[]))"}]}]}]}]}, {"Node Type": "Materialize", "Parent Relationship": "Inner", "Startup Cost": 0.0, "Total Cost": 48763.12, "Plan Rows": 345008, "Plan Width": 9, "Plans": [{"Node Type": "Streaming(type: LOCAL REDISTRIBUTE dop: 16/16)", "Parent Relationship": "Outer", "Startup Cost": 0.0, "Total Cost": 48655.3, "Plan Rows": 345008, "Plan Width": 9, "Plans": [{"Node Type": "Nested Loop", "Parent Relationship": "Outer", "Join Type": "Inner", "Startup Cost": 0.0, "Total Cost": 32348.04, "Plan Rows": 345008, "Plan Width": 9, "Inner Unique": false, "Join Filter": "(it2.id = mi_idx.info_type_id), (LLVM Optimized)", "Plans": [{"Node Type": "Streaming(type: BROADCAST dop: 16/1)", "Parent Relationship": "Outer", "Startup Cost": 0.0, "Total Cost": 15002.75, "Plan Rows": 16, "Plan Width": 4, "Plans": [{"Node Type": "Seq Scan", "Parent Relationship": "Outer", "Relation Name": "info_type", "Alias": "it2", "Startup Cost": 0.0, "Total Cost": 2.4, "Plan Rows": 1, "Plan Width": 4, "Filter": "((info)::text = 'votes'::text)"}]}, {"Node Type": "Seq Scan", "Parent Relationship": "Inner", "Relation Name": "movie_info_idx", "Alias": "mi_idx", "Startup Cost": 0.0, "Total Cost": 16267.15, "Plan Rows": 1380034, "Plan Width": 13}]}]}]}]}]}]}]}]}]}]}]}]}]}]}]}]}, "Unique SQL Id": 3913857139, "Planner Runtime": 17}, "explain_analyze_plan": null}, "(16, 31)": {"explain_plan": {"Plan": {"Node Type": "Aggregate", "Strategy": "Plain", "Startup Cost": 6974941462121.7, "Total Cost": 6974941462121.71, "Plan Rows": 1, "Plan Width": 160, "Plans": [{"Node Type": "Merge Join", "Parent Relationship": "Outer", "Join Type": "Inner", "Startup Cost": 70000000000.0, "Total Cost": 6974941462111.11, "Plan Rows": 1413, "Plan Width": 64, "Inner Unique": true, "Merge Cond": "(ci.person_id = n.id)", "Plans": [{"Node Type": "Nested Loop", "Parent Relationship": "Outer", "Join Type": "Inner", "Startup Cost": 60000000000.0, "Total Cost": 6000433185113.17, "Plan Rows": 1155, "Plan Width": 68, "Inner Unique": true, "Join Filter": "(mi.movie_id = t.id)", "Plans": [{"Node Type": "Nested Loop", "Parent Relationship": "Outer", "Join Type": "Inner", "Startup Cost": 50000000000.0, "Total Cost": 5000378363755.41, "Plan Rows": 1155, "Plan Width": 63, "Inner Unique": false, "Join Filter": "(mi_idx.movie_id = mi.movie_id)", "Plans": [{"Node Type": "Nested Loop", "Parent Relationship": "Outer", "Join Type": "Inner", "Startup Cost": 30000000000.0, "Total Cost": 3000358134325.29, "Plan Rows": 3006, "Plan Width": 54, "Inner Unique": false, "Join Filter": "(mi.movie_id = ci.movie_id)", "Plans": [{"Node Type": "Index Scan", "Parent Relationship": "Outer", "Scan Direction": "Forward", "Index Name": "person_id_cast_info", "Relation Name": "cast_info", "Alias": "ci", "Startup Cost": 10000000000.0, "Total Cost": 1000193311016.96, "Plan Rows": 1223154, "Plan Width": 8, "Filter": "((note)::text = ANY ('{(writer),\"(head writer)\",\"(written by)\",(story),\"(story editor)\"}'::text[]))"}, {"Node Type": "Materialize", "Parent Relationship": "Inner", "Startup Cost": 20000000000.0, "Total Cost": 2000114973673.85, "Plan Rows": 2717, "Plan Width": 46, "Plans": [{"Node Type": "Nested Loop", "Parent Relationship": "Outer", "Join Type": "Inner", "Startup Cost": 20000000000.0, "Total Cost": 2000114973660.27, "Plan Rows": 2717, "Plan Width": 46, "Inner Unique": true, "Join Filter": "(it1.id = mi.info_type_id)", "Plans": [{"Node Type": "Index Scan", "Parent Relationship": "Outer", "Scan Direction": "Forward", "Index Name": "movie_id_movie_info", "Relation Name": "movie_info", "Alias": "mi", "Startup Cost": 10000000000.0, "Total Cost": 1000114969386.72, "Plan Rows": 190170, "Plan Width": 50, "Filter": "((info)::text = ANY ('{Horror,Action,Sci-Fi,Thriller,Crime,War}'::text[]))"}, {"Node Type": "Materialize", "Parent Relationship": "Inner", "Startup Cost": 10000000000.0, "Total Cost": 1000000001421.0, "Plan Rows": 1, "Plan Width": 4, "Plans": [{"Node Type": "Index Scan", "Parent Relationship": "Outer", "Scan Direction": "Forward", "Index Name": "info_type_pkey", "Relation Name": "info_type", "Alias": "it1", "Startup Cost": 10000000000.0, "Total Cost": 1000000001421.0, "Plan Rows": 1, "Plan Width": 4, "Filter": "((info)::text = 'genres'::text)"}]}]}]}]}, {"Node Type": "Materialize", "Parent Relationship": "Inner", "Startup Cost": 20000000000.0, "Total Cost": 2000004673881.92, "Plan Rows": 345008, "Plan Width": 9, "Plans": [{"Node Type": "Nested Loop", "Parent Relationship": "Outer", "Join Type": "Inner", "Startup Cost": 20000000000.0, "Total Cost": 2000004672156.88, "Plan Rows": 345008, "Plan Width": 9, "Inner Unique": true, "Join Filter": "(it2.id = mi_idx.info_type_id), (LLVM Optimized)", "Plans": [{"Node Type": "Index Scan", "Parent Relationship": "Outer", "Scan Direction": "Forward", "Index Name": "movie_id_movie_info_idx", "Relation Name": "movie_info_idx", "Alias": "mi_idx", "Startup Cost": 10000000000.0, "Total Cost": 1000004650035.37, "Plan Rows": 1380034, "Plan Width": 13}, {"Node Type": "Materialize", "Parent Relationship": "Inner", "Startup Cost": 10000000000.0, "Total Cost": 1000000001421.0, "Plan Rows": 1, "Plan Width": 4, "Plans": [{"Node Type": "Index Scan", "Parent Relationship": "Outer", "Scan Direction": "Forward", "Index Name": "info_type_pkey", "Relation Name": "info_type", "Alias": "it2", "Startup Cost": 10000000000.0, "Total Cost": 1000000001421.0, "Plan Rows": 1, "Plan Width": 4, "Filter": "((info)::text = 'votes'::text)"}]}]}]}]}, {"Node Type": "Materialize", "Parent Relationship": "Inner", "Startup Cost": 10000000000.0, "Total Cost": 1000011024690.47, "Plan Rows": 2528311, "Plan Width": 21, "Plans": [{"Node Type": "Index Scan", "Parent Relationship": "Outer", "Scan Direction": "Forward", "Index Name": "title_pkey", "Relation Name": "title", "Alias": "t", "Startup Cost": 10000000000.0, "Total Cost": 1000011012048.91, "Plan Rows": 2528311, "Plan Width": 21}]}]}, {"Node Type": "Index Scan", "Parent Relationship": "Inner", "Scan Direction": "Forward", "Index Name": "name_pkey", "Relation Name": "name", "Alias": "n", "Startup Cost": 10000000000.0, "Total Cost": 1000018665147.2, "Plan Rows": 1740714, "Plan Width": 4, "Filter": "((gender)::text = 'm'::text), (LLVM Optimized)"}]}]}, "Unique SQL Id": 3913857139, "Planner Runtime": 69}, "explain_analyze_plan": null}, "(16, 32)": {"explain_plan": {"Plan": {"Node Type": "Aggregate", "Strategy": "Plain", "Startup Cost": 49001.33, "Total Cost": 49001.34, "Plan Rows": 1, "Plan Width": 160, "Plans": [{"Node Type": "Nested Loop", "Parent Relationship": "Outer", "Join Type": "Inner", "Startup Cost": 2.41, "Total Cost": 48990.73, "Plan Rows": 1413, "Plan Width": 64, "Inner Unique": true, "Plans": [{"Node Type": "Nested Loop", "Parent Relationship": "Outer", "Join Type": "Inner", "Startup Cost": 2.41, "Total Cost": 48411.46, "Plan Rows": 1155, "Plan Width": 68, "Inner Unique": false, "Plans": [{"Node Type": "Nested Loop", "Parent Relationship": "Outer", "Join Type": "Inner", "Startup Cost": 2.41, "Total Cost": 47349.83, "Plan Rows": 1044, "Plan Width": 76, "Inner Unique": true, "Join Filter": "(mi.movie_id = t.id)", "Plans": [{"Node Type": "Nested Loop", "Parent Relationship": "Outer", "Join Type": "Inner", "Startup Cost": 2.41, "Total Cost": 46921.64, "Plan Rows": 1044, "Plan Width": 55, "Inner Unique": false, "Join Filter": "(mi_idx.info_type_id = it2.id)", "Plans": [{"Node Type": "Seq Scan", "Parent Relationship": "Outer", "Relation Name": "info_type", "Alias": "it2", "Startup Cost": 0.0, "Total Cost": 2.4, "Plan Rows": 1, "Plan Width": 4, "Filter": "((info)::text = 'votes'::text)"}, {"Node Type": "Materialize", "Parent Relationship": "Inner", "Startup Cost": 2.41, "Total Cost": 46877.49, "Plan Rows": 4175, "Plan Width": 59, "Plans": [{"Node Type": "Nested Loop", "Parent Relationship": "Outer", "Join Type": "Inner", "Startup Cost": 2.41, "Total Cost": 46867.05, "Plan Rows": 4175, "Plan Width": 59, "Inner Unique": false, "Plans": [{"Node Type": "Hash Join", "Parent Relationship": "Outer", "Join Type": "Inner", "Startup Cost": 2.41, "Total Cost": 45379.0, "Plan Rows": 2717, "Plan Width": 46, "Inner Unique": true, "Hash Cond": "(mi.info_type_id = it1.id)", "Plans": [{"Node Type": "Streaming(type: LOCAL GATHER dop: 1/16)", "Parent Relationship": "Outer", "Startup Cost": 0.0, "Total Cost": 44636.28, "Plan Rows": 190170, "Plan Width": 50, "Plans": [{"Node Type": "Seq Scan", "Parent Relationship": "Outer", "Relation Name": "movie_info", "Alias": "mi", "Startup Cost": 0.0, "Total Cost": 40532.03, "Plan Rows": 190170, "Plan Width": 50, "Filter": "((info)::text = ANY ('{Horror,Action,Sci-Fi,Thriller,Crime,War}'::text[]))"}]}, {"Node Type": "Hash", "Parent Relationship": "Inner", "Startup Cost": 2.4, "Total Cost": 2.4, "Plan Rows": 1, "Plan Width": 4, "Plans": [{"Node Type": "Seq Scan", "Parent Relationship": "Outer", "Relation Name": "info_type", "Alias": "it1", "Startup Cost": 0.0, "Total Cost": 2.4, "Plan Rows": 1, "Plan Width": 4, "Filter": "((info)::text = 'genres'::text)"}]}]}, {"Node Type": "Index Scan", "Parent Relationship": "Inner", "Scan Direction": "Forward", "Index Name": "movie_id_movie_info_idx", "Relation Name": "movie_info_idx", "Alias": "mi_idx", "Startup Cost": 0.0, "Total Cost": 0.53, "Plan Rows": 2, "Plan Width": 13, "Index Cond": "(movie_id = mi.movie_id)"}]}]}]}, {"Node Type": "Index Scan", "Parent Relationship": "Inner", "Scan Direction": "Forward", "Index Name": "title_pkey", "Relation Name": "title", "Alias": "t", "Startup Cost": 0.0, "Total Cost": 0.4, "Plan Rows": 1, "Plan Width": 21, "Index Cond": "(id = mi_idx.movie_id)"}]}, {"Node Type": "Index Scan", "Parent Relationship": "Inner", "Scan Direction": "Forward", "Index Name": "movie_id_cast_info", "Relation Name": "cast_info", "Alias": "ci", "Startup Cost": 0.0, "Total Cost": 1.01, "Plan Rows": 1, "Plan Width": 8, "Index Cond": "(movie_id = t.id)", "Filter": "((note)::text = ANY ('{(writer),\"(head writer)\",\"(written by)\",(story),\"(story editor)\"}'::text[]))"}]}, {"Node Type": "Index Scan", "Parent Relationship": "Inner", "Scan Direction": "Forward", "Index Name": "name_pkey", "Relation Name": "name", "Alias": "n", "Startup Cost": 0.0, "Total Cost": 0.49, "Plan Rows": 1, "Plan Width": 4, "Index Cond": "(id = ci.person_id)", "Filter": "((gender)::text = 'm'::text)"}]}]}, "Unique SQL Id": 3913857139, "Planner Runtime": 81}, "explain_analyze_plan": {"Plan": {"Node Type": "Aggregate", "Strategy": "Plain", "Startup Cost": 49001.33, "Total Cost": 49001.34, "Plan Rows": 1, "Plan Width": 160, "Actual Min Startup Time": 11556.951, "Actual Max Startup Time": 11556.951, "Actual Min Total Time": 11556.952, "Actual Max Total Time": 11556.952, "Plans": [{"Node Type": "Nested Loop", "Parent Relationship": "Outer", "Join Type": "Inner", "Startup Cost": 2.41, "Total Cost": 48990.73, "Plan Rows": 1413, "Plan Width": 64, "Actual Min Startup Time": 1427.079, "Actual Max Startup Time": 1427.079, "Actual Min Total Time": 11522.3, "Actual Max Total Time": 11522.3, "Inner Unique": true, "Plans": [{"Node Type": "Nested Loop", "Parent Relationship": "Outer", "Join Type": "Inner", "Startup Cost": 2.41, "Total Cost": 48411.46, "Plan Rows": 1155, "Plan Width": 68, "Actual Min Startup Time": 1427.016, "Actual Max Startup Time": 1427.016, "Actual Min Total Time": 11107.448, "Actual Max Total Time": 11107.448, "Inner Unique": false, "Plans": [{"Node Type": "Nested Loop", "Parent Relationship": "Outer", "Join Type": "Inner", "Startup Cost": 2.41, "Total Cost": 47349.83, "Plan Rows": 1044, "Plan Width": 76, "Actual Min Startup Time": 1426.985, "Actual Max Startup Time": 1426.985, "Actual Min Total Time": 2130.874, "Actual Max Total Time": 2130.874, "Inner Unique": true, "Join Filter": "(mi.movie_id = t.id)", "Rows Removed by Join Filter": 0, "Plans": [{"Node Type": "Nested Loop", "Parent Relationship": "Outer", "Join Type": "Inner", "Startup Cost": 2.41, "Total Cost": 46921.64, "Plan Rows": 1044, "Plan Width": 55, "Actual Min Startup Time": 1426.963, "Actual Max Startup Time": 1426.963, "Actual Min Total Time": 1570.38, "Actual Max Total Time": 1570.38, "Inner Unique": false, "Join Filter": "(mi_idx.info_type_id = it2.id)", "Rows Removed by Join Filter": 205269, "Plans": [{"Node Type": "Seq Scan", "Parent Relationship": "Outer", "Relation Name": "info_type", "Alias": "it2", "Startup Cost": 0.0, "Total Cost": 2.4, "Plan Rows": 1, "Plan Width": 4, "Actual Min Startup Time": 0.059, "Actual Max Startup Time": 0.059, "Actual Min Total Time": 0.071, "Actual Max Total Time": 0.071, "Filter": "((info)::text = 'votes'::text)", "Rows Removed by Filter": 111, "Actual Rows": 1}, {"Node Type": "Materialize", "Parent Relationship": "Inner", "Startup Cost": 2.41, "Total Cost": 46877.49, "Plan Rows": 4175, "Plan Width": 59, "Actual Min Startup Time": 1426.889, "Actual Max Startup Time": 1426.889, "Actual Min Total Time": 1466.246, "Actual Max Total Time": 1466.246, "Plans": [{"Node Type": "Nested Loop", "Parent Relationship": "Outer", "Join Type": "Inner", "Startup Cost": 2.41, "Total Cost": 46867.05, "Plan Rows": 4175, "Plan Width": 59, "Actual Min Startup Time": 419.401, "Actual Max Startup Time": 419.401, "Actual Min Total Time": 1338.386, "Actual Max Total Time": 1338.386, "Inner Unique": false, "Plans": [{"Node Type": "Hash Join", "Parent Relationship": "Outer", "Join Type": "Inner", "Startup Cost": 2.41, "Total Cost": 45379.0, "Plan Rows": 2717, "Plan Width": 46, "Actual Min Startup Time": 419.355, "Actual Max Startup Time": 419.355, "Actual Min Total Time": 571.588, "Actual Max Total Time": 571.588, "Inner Unique": true, "Hash Cond": "(mi.info_type_id = it1.id)", "Plans": [{"Node Type": "Streaming(type: LOCAL GATHER dop: 1/16)", "Parent Relationship": "Outer", "Startup Cost": 0.0, "Total Cost": 44636.28, "Plan Rows": 190170, "Plan Width": 50, "Actual Min Startup Time": 298.259, "Actual Max Startup Time": 298.259, "Actual Min Total Time": 478.235, "Actual Max Total Time": 478.235, "Plans": [{"Node Type": "Seq Scan", "Parent Relationship": "Outer", "Relation Name": "movie_info", "Alias": "mi", "Startup Cost": 0.0, "Total Cost": 40532.03, "Plan Rows": 190170, "Plan Width": 50, "Actual Min Startup Time": 226.254, "Actual Max Startup Time": 410.433, "Actual Min Total Time": 456.953, "Actual Max Total Time": 475.703, "Filter": "((info)::text = ANY ('{Horror,Action,Sci-Fi,Thriller,Crime,War}'::text[]))", "Rows Removed by Filter": 14646748, "Actual Rows": 188971}], "Actual Rows": 188971}, {"Node Type": "Hash", "Parent Relationship": "Inner", "Startup Cost": 2.4, "Total Cost": 2.4, "Plan Rows": 1, "Plan Width": 4, "Actual Min Startup Time": 0.078, "Actual Max Startup Time": 0.078, "Actual Min Total Time": 0.078, "Actual Max Total Time": 0.078, "Max Hash Buckets": 32768, "Min Hash Buckets": 32768, "Max Hash Batches": 1, "Min Hash Batches": 1, "Max Original Hash Batches": 1, "Min Original Hash Batches": 1, "Max Peak Memory Usage": 1, "min Peak Memory Usage": 1, "Plans": [{"Node Type": "Seq Scan", "Parent Relationship": "Outer", "Relation Name": "info_type", "Alias": "it1", "Startup Cost": 0.0, "Total Cost": 2.4, "Plan Rows": 1, "Plan Width": 4, "Actual Min Startup Time": 0.045, "Actual Max Startup Time": 0.045, "Actual Min Total Time": 0.069, "Actual Max Total Time": 0.069, "Filter": "((info)::text = 'genres'::text)", "Rows Removed by Filter": 111, "Actual Rows": 1}], "Actual Rows": 1}], "Actual Rows": 186594}, {"Node Type": "Index Scan", "Parent Relationship": "Inner", "Scan Direction": "Forward", "Index Name": "movie_id_movie_info_idx", "Relation Name": "movie_info_idx", "Alias": "mi_idx", "Startup Cost": 0.0, "Total Cost": 0.53, "Plan Rows": 2, "Plan Width": 13, "Actual Min Startup Time": 500.569, "Actual Max Startup Time": 500.569, "Actual Min Total Time": 614.097, "Actual Max Total Time": 614.097, "Index Cond": "(movie_id = mi.movie_id)", "Rows Removed by Index Recheck": 0, "Actual Rows": 307785}], "Actual Rows": 307785}], "Actual Rows": 307786}], "Actual Rows": 102516}, {"Node Type": "Index Scan", "Parent Relationship": "Inner", "Scan Direction": "Forward", "Index Name": "title_pkey", "Relation Name": "title", "Alias": "t", "Startup Cost": 0.0, "Total Cost": 0.4, "Plan Rows": 1, "Plan Width": 21, "Actual Min Startup Time": 456.631, "Actual Max Startup Time": 456.631, "Actual Min Total Time": 456.631, "Actual Max Total Time": 456.631, "Index Cond": "(id = mi_idx.movie_id)", "Rows Removed by Index Recheck": 0, "Actual Rows": 102516}], "Actual Rows": 102516}, {"Node Type": "Index Scan", "Parent Relationship": "Inner", "Scan Direction": "Forward", "Index Name": "movie_id_cast_info", "Relation Name": "cast_info", "Alias": "ci", "Startup Cost": 0.0, "Total Cost": 1.01, "Plan Rows": 1, "Plan Width": 8, "Actual Min Startup Time": 7597.735, "Actual Max Startup Time": 7597.735, "Actual Min Total Time": 8906.114, "Actual Max Total Time": 8906.114, "Index Cond": "(movie_id = t.id)", "Rows Removed by Index Recheck": 0, "Filter": "((note)::text = ANY ('{(writer),\"(head writer)\",\"(written by)\",(story),\"(story editor)\"}'::text[]))", "Rows Removed by Filter": 3987641, "Actual Rows": 54155}], "Actual Rows": 54155}, {"Node Type": "Index Scan", "Parent Relationship": "Inner", "Scan Direction": "Forward", "Index Name": "name_pkey", "Relation Name": "name", "Alias": "n", "Startup Cost": 0.0, "Total Cost": 0.49, "Plan Rows": 1, "Plan Width": 4, "Actual Min Startup Time": 371.683, "Actual Max Startup Time": 371.683, "Actual Min Total Time": 371.683, "Actual Max Total Time": 371.683, "Index Cond": "(id = ci.person_id)", "Rows Removed by Index Recheck": 0, "Filter": "((gender)::text = 'm'::text)", "Rows Removed by Filter": 26082, "Actual Rows": 28073}], "Actual Rows": 28073}], "Actual Rows": 1}, "Triggers": [], "Planner Runtime": 89, "Total Runtime": 11560.154, "Unique SQL Id": 3913857139}}, "(16, 33)": {"explain_plan": {"Plan": {"Node Type": "Aggregate", "Strategy": "Plain", "Startup Cost": 168618.05, "Total Cost": 168618.06, "Plan Rows": 1, "Plan Width": 160, "Plans": [{"Node Type": "Nested Loop", "Parent Relationship": "Outer", "Join Type": "Inner", "Startup Cost": 4842.14, "Total Cost": 168607.45, "Plan Rows": 1413, "Plan Width": 64, "Inner Unique": true, "Plans": [{"Node Type": "Nested Loop", "Parent Relationship": "Outer", "Join Type": "Inner", "Startup Cost": 4842.14, "Total Cost": 168028.19, "Plan Rows": 1155, "Plan Width": 68, "Inner Unique": false, "Plans": [{"Node Type": "Nested Loop", "Parent Relationship": "Outer", "Join Type": "Inner", "Startup Cost": 4842.14, "Total Cost": 166966.55, "Plan Rows": 1044, "Plan Width": 76, "Inner Unique": true, "Join Filter": "(mi.movie_id = t.id)", "Plans": [{"Node Type": "Nested Loop", "Parent Relationship": "Outer", "Join Type": "Inner", "Startup Cost": 4842.14, "Total Cost": 166538.36, "Plan Rows": 1044, "Plan Width": 55, "Inner Unique": false, "Join Filter": "(mi_idx.info_type_id = it2.id)", "Plans": [{"Node Type": "Index Scan", "Parent Relationship": "Outer", "Scan Direction": "Forward", "Index Name": "info_type_pkey", "Relation Name": "info_type", "Alias": "it2", "Startup Cost": 0.0, "Total Cost": 14.21, "Plan Rows": 1, "Plan Width": 4, "Filter": "((info)::text = 'votes'::text)"}, {"Node Type": "Nested Loop", "Parent Relationship": "Inner", "Join Type": "Inner", "Startup Cost": 4842.14, "Total Cost": 166471.96, "Plan Rows": 4175, "Plan Width": 59, "Inner Unique": false, "Plans": [{"Node Type": "Nested Loop", "Parent Relationship": "Outer", "Join Type": "Inner", "Startup Cost": 4842.14, "Total Cost": 164983.91, "Plan Rows": 2717, "Plan Width": 46, "Inner Unique": false, "Plans": [{"Node Type": "Index Scan", "Parent Relationship": "Outer", "Scan Direction": "Forward", "Index Name": "info_type_pkey", "Relation Name": "info_type", "Alias": "it1", "Startup Cost": 0.0, "Total Cost": 14.21, "Plan Rows": 1, "Plan Width": 4, "Filter": "((info)::text = 'genres'::text)"}, {"Node Type": "Bitmap Heap Scan", "Parent Relationship": "Inner", "Relation Name": "movie_info", "Alias": "mi", "Startup Cost": 4842.14, "Total Cost": 164942.53, "Plan Rows": 2717, "Plan Width": 50, "Recheck Cond": "(info_type_id = it1.id)", "Filter": "((info)::text = ANY ('{Horror,Action,Sci-Fi,Thriller,Crime,War}'::text[]))", "Plans": [{"Node Type": "Bitmap Index Scan", "Parent Relationship": "Outer", "Index Name": "info_type_id_movie_info", "Startup Cost": 0.0, "Total Cost": 4841.46, "Plan Rows": 212428, "Plan Width": 0, "Index Cond": "(info_type_id = it1.id)"}]}]}, {"Node Type": "Index Scan", "Parent Relationship": "Inner", "Scan Direction": "Forward", "Index Name": "movie_id_movie_info_idx", "Relation Name": "movie_info_idx", "Alias": "mi_idx", "Startup Cost": 0.0, "Total Cost": 0.53, "Plan Rows": 2, "Plan Width": 13, "Index Cond": "(movie_id = mi.movie_id)"}]}]}, {"Node Type": "Index Scan", "Parent Relationship": "Inner", "Scan Direction": "Forward", "Index Name": "title_pkey", "Relation Name": "title", "Alias": "t", "Startup Cost": 0.0, "Total Cost": 0.4, "Plan Rows": 1, "Plan Width": 21, "Index Cond": "(id = mi_idx.movie_id)"}]}, {"Node Type": "Index Scan", "Parent Relationship": "Inner", "Scan Direction": "Forward", "Index Name": "movie_id_cast_info", "Relation Name": "cast_info", "Alias": "ci", "Startup Cost": 0.0, "Total Cost": 1.01, "Plan Rows": 1, "Plan Width": 8, "Index Cond": "(movie_id = t.id)", "Filter": "((note)::text = ANY ('{(writer),\"(head writer)\",\"(written by)\",(story),\"(story editor)\"}'::text[]))"}]}, {"Node Type": "Index Scan", "Parent Relationship": "Inner", "Scan Direction": "Forward", "Index Name": "name_pkey", "Relation Name": "name", "Alias": "n", "Startup Cost": 0.0, "Total Cost": 0.49, "Plan Rows": 1, "Plan Width": 4, "Index Cond": "(id = ci.person_id)", "Filter": "((gender)::text = 'm'::text)"}]}]}, "Unique SQL Id": 3913857139, "Planner Runtime": 24}, "explain_analyze_plan": {"Plan": {"Node Type": "Aggregate", "Strategy": "Plain", "Startup Cost": 168618.05, "Total Cost": 168618.06, "Plan Rows": 1, "Plan Width": 160, "Actual Startup Time": 11969.053, "Actual Total Time": 11969.053, "Actual Rows": 1, "Actual Loops": 1, "Plans": [{"Node Type": "Nested Loop", "Parent Relationship": "Outer", "Join Type": "Inner", "Startup Cost": 4842.14, "Total Cost": 168607.45, "Plan Rows": 1413, "Plan Width": 64, "Actual Startup Time": 183.605, "Actual Total Time": 11931.811, "Actual Rows": 28073, "Actual Loops": 1, "Inner Unique": true, "Plans": [{"Node Type": "Nested Loop", "Parent Relationship": "Outer", "Join Type": "Inner", "Startup Cost": 4842.14, "Total Cost": 168028.19, "Plan Rows": 1155, "Plan Width": 68, "Actual Startup Time": 181.327, "Actual Total Time": 11510.362, "Actual Rows": 54155, "Actual Loops": 1, "Inner Unique": false, "Plans": [{"Node Type": "Nested Loop", "Parent Relationship": "Outer", "Join Type": "Inner", "Startup Cost": 4842.14, "Total Cost": 166966.55, "Plan Rows": 1044, "Plan Width": 76, "Actual Startup Time": 178.719, "Actual Total Time": 2661.808, "Actual Rows": 102516, "Actual Loops": 1, "Inner Unique": true, "Join Filter": "(mi.movie_id = t.id)", "Rows Removed by Join Filter": 0, "Plans": [{"Node Type": "Nested Loop", "Parent Relationship": "Outer", "Join Type": "Inner", "Startup Cost": 4842.14, "Total Cost": 166538.36, "Plan Rows": 1044, "Plan Width": 55, "Actual Startup Time": 178.7, "Actual Total Time": 2109.568, "Actual Rows": 102516, "Actual Loops": 1, "Inner Unique": false, "Join Filter": "(mi_idx.info_type_id = it2.id)", "Rows Removed by Join Filter": 205269, "Plans": [{"Node Type": "Index Scan", "Parent Relationship": "Outer", "Scan Direction": "Forward", "Index Name": "info_type_pkey", "Relation Name": "info_type", "Alias": "it2", "Startup Cost": 0.0, "Total Cost": 14.21, "Plan Rows": 1, "Plan Width": 4, "Actual Startup Time": 0.068, "Actual Total Time": 0.077, "Actual Rows": 1, "Actual Loops": 1, "Filter": "((info)::text = 'votes'::text)", "Rows Removed by Filter": 111}, {"Node Type": "Nested Loop", "Parent Relationship": "Inner", "Join Type": "Inner", "Startup Cost": 4842.14, "Total Cost": 166471.96, "Plan Rows": 4175, "Plan Width": 59, "Actual Startup Time": 178.619, "Actual Total Time": 2023.448, "Actual Rows": 307785, "Actual Loops": 1, "Inner Unique": false, "Plans": [{"Node Type": "Nested Loop", "Parent Relationship": "Outer", "Join Type": "Inner", "Startup Cost": 4842.14, "Total Cost": 164983.91, "Plan Rows": 2717, "Plan Width": 46, "Actual Startup Time": 178.589, "Actual Total Time": 1168.902, "Actual Rows": 186594, "Actual Loops": 1, "Inner Unique": false, "Plans": [{"Node Type": "Index Scan", "Parent Relationship": "Outer", "Scan Direction": "Forward", "Index Name": "info_type_pkey", "Relation Name": "info_type", "Alias": "it1", "Startup Cost": 0.0, "Total Cost": 14.21, "Plan Rows": 1, "Plan Width": 4, "Actual Startup Time": 0.008, "Actual Total Time": 0.071, "Actual Rows": 1, "Actual Loops": 1, "Filter": "((info)::text = 'genres'::text)", "Rows Removed by Filter": 111}, {"Node Type": "Bitmap Heap Scan", "Parent Relationship": "Inner", "Relation Name": "movie_info", "Alias": "mi", "Startup Cost": 4842.14, "Total Cost": 164942.53, "Plan Rows": 2717, "Plan Width": 50, "Actual Startup Time": 178.575, "Actual Total Time": 1125.474, "Actual Rows": 186594, "Actual Loops": 1, "Recheck Cond": "(info_type_id = it1.id)", "Rows Removed by Index Recheck": 0, "Filter": "((info)::text = ANY ('{Horror,Action,Sci-Fi,Thriller,Crime,War}'::text[]))", "Rows Removed by Filter": 1347315, "Exact Heap Blocks": 7426, "Lossy Heap Blocks": 7426, "Plans": [{"Node Type": "Bitmap Index Scan", "Parent Relationship": "Outer", "Index Name": "info_type_id_movie_info", "Startup Cost": 0.0, "Total Cost": 4841.46, "Plan Rows": 212428, "Plan Width": 0, "Actual Startup Time": 177.197, "Actual Total Time": 177.197, "Actual Rows": 1533909, "Actual Loops": 1, "Index Cond": "(info_type_id = it1.id)"}]}]}, {"Node Type": "Index Scan", "Parent Relationship": "Inner", "Scan Direction": "Forward", "Index Name": "movie_id_movie_info_idx", "Relation Name": "movie_info_idx", "Alias": "mi_idx", "Startup Cost": 0.0, "Total Cost": 0.53, "Plan Rows": 2, "Plan Width": 13, "Actual Startup Time": 557.682, "Actual Total Time": 678.182, "Actual Rows": 307785, "Actual Loops": 186594, "Index Cond": "(movie_id = mi.movie_id)", "Rows Removed by Index Recheck": 0}]}]}, {"Node Type": "Index Scan", "Parent Relationship": "Inner", "Scan Direction": "Forward", "Index Name": "title_pkey", "Relation Name": "title", "Alias": "t", "Startup Cost": 0.0, "Total Cost": 0.4, "Plan Rows": 1, "Plan Width": 21, "Actual Startup Time": 444.947, "Actual Total Time": 444.947, "Actual Rows": 102516, "Actual Loops": 102516, "Index Cond": "(id = mi_idx.movie_id)", "Rows Removed by Index Recheck": 0}]}, {"Node Type": "Index Scan", "Parent Relationship": "Inner", "Scan Direction": "Forward", "Index Name": "movie_id_cast_info", "Relation Name": "cast_info", "Alias": "ci", "Startup Cost": 0.0, "Total Cost": 1.01, "Plan Rows": 1, "Plan Width": 8, "Actual Startup Time": 7477.985, "Actual Total Time": 8775.091, "Actual Rows": 54155, "Actual Loops": 102516, "Index Cond": "(movie_id = t.id)", "Rows Removed by Index Recheck": 0, "Filter": "((note)::text = ANY ('{(writer),\"(head writer)\",\"(written by)\",(story),\"(story editor)\"}'::text[]))", "Rows Removed by Filter": 3987641}]}, {"Node Type": "Index Scan", "Parent Relationship": "Inner", "Scan Direction": "Forward", "Index Name": "name_pkey", "Relation Name": "name", "Alias": "n", "Startup Cost": 0.0, "Total Cost": 0.49, "Plan Rows": 1, "Plan Width": 4, "Actual Startup Time": 373.743, "Actual Total Time": 373.743, "Actual Rows": 28073, "Actual Loops": 54155, "Index Cond": "(id = ci.person_id)", "Rows Removed by Index Recheck": 0, "Filter": "((gender)::text = 'm'::text)", "Rows Removed by Filter": 26082}]}]}, "Triggers": [], "Planner Runtime": 8, "Total Runtime": 11969.337, "Unique SQL Id": 3913857139}}, "(16, 34)": {"explain_plan": {"Plan": {"Node Type": "Aggregate", "Strategy": "Plain", "Startup Cost": 71778.9, "Total Cost": 71778.91, "Plan Rows": 1, "Plan Width": 160, "Plans": [{"Node Type": "Nested Loop", "Parent Relationship": "Outer", "Join Type": "Inner", "Startup Cost": 3.89, "Total Cost": 71768.3, "Plan Rows": 1413, "Plan Width": 64, "Inner Unique": true, "Plans": [{"Node Type": "Nested Loop", "Parent Relationship": "Outer", "Join Type": "Inner", "Startup Cost": 3.58, "Total Cost": 66762.88, "Plan Rows": 1155, "Plan Width": 68, "Inner Unique": false, "Plans": [{"Node Type": "Nested Loop", "Parent Relationship": "Outer", "Join Type": "Inner", "Startup Cost": 3.06, "Total Cost": 61920.21, "Plan Rows": 1044, "Plan Width": 76, "Inner Unique": true, "Join Filter": "(mi.movie_id = t.id)", "Plans": [{"Node Type": "Nested Loop", "Parent Relationship": "Outer", "Join Type": "Inner", "Startup Cost": 2.78, "Total Cost": 57421.02, "Plan Rows": 1044, "Plan Width": 55, "Inner Unique": false, "Join Filter": "(mi_idx.info_type_id = it2.id)", "Plans": [{"Node Type": "Seq Scan", "Parent Relationship": "Outer", "Relation Name": "info_type", "Alias": "it2", "Startup Cost": 0.0, "Total Cost": 2.4, "Plan Rows": 1, "Plan Width": 4, "Filter": "((info)::text = 'votes'::text)"}, {"Node Type": "Materialize", "Parent Relationship": "Inner", "Startup Cost": 2.78, "Total Cost": 57376.87, "Plan Rows": 4175, "Plan Width": 59, "Plans": [{"Node Type": "Nested Loop", "Parent Relationship": "Outer", "Join Type": "Inner", "Startup Cost": 2.78, "Total Cost": 57366.43, "Plan Rows": 4175, "Plan Width": 59, "Inner Unique": false, "Plans": [{"Node Type": "Hash Join", "Parent Relationship": "Outer", "Join Type": "Inner", "Startup Cost": 2.41, "Total Cost": 45379.0, "Plan Rows": 2717, "Plan Width": 46, "Inner Unique": true, "Hash Cond": "(mi.info_type_id = it1.id)", "Plans": [{"Node Type": "Streaming(type: LOCAL GATHER dop: 1/16)", "Parent Relationship": "Outer", "Startup Cost": 0.0, "Total Cost": 44636.28, "Plan Rows": 190170, "Plan Width": 50, "Plans": [{"Node Type": "Seq Scan", "Parent Relationship": "Outer", "Relation Name": "movie_info", "Alias": "mi", "Startup Cost": 0.0, "Total Cost": 40532.03, "Plan Rows": 190170, "Plan Width": 50, "Filter": "((info)::text = ANY ('{Horror,Action,Sci-Fi,Thriller,Crime,War}'::text[]))"}]}, {"Node Type": "Hash", "Parent Relationship": "Inner", "Startup Cost": 2.4, "Total Cost": 2.4, "Plan Rows": 1, "Plan Width": 4, "Plans": [{"Node Type": "Seq Scan", "Parent Relationship": "Outer", "Relation Name": "info_type", "Alias": "it1", "Startup Cost": 0.0, "Total Cost": 2.4, "Plan Rows": 1, "Plan Width": 4, "Filter": "((info)::text = 'genres'::text)"}]}]}, {"Node Type": "Bitmap Heap Scan", "Parent Relationship": "Inner", "Relation Name": "movie_info_idx", "Alias": "mi_idx", "Startup Cost": 0.37, "Total Cost": 4.39, "Plan Rows": 2, "Plan Width": 13, "Recheck Cond": "(movie_id = mi.movie_id)", "Plans": [{"Node Type": "Bitmap Index Scan", "Parent Relationship": "Outer", "Index Name": "movie_id_movie_info_idx", "Startup Cost": 0.0, "Total Cost": 0.37, "Plan Rows": 2, "Plan Width": 0, "Index Cond": "(movie_id = mi.movie_id)"}]}]}]}]}, {"Node Type": "Bitmap Heap Scan", "Parent Relationship": "Inner", "Relation Name": "title", "Alias": "t", "Startup Cost": 0.28, "Total Cost": 4.3, "Plan Rows": 1, "Plan Width": 21, "Recheck Cond": "(id = mi_idx.movie_id)", "Plans": [{"Node Type": "Bitmap Index Scan", "Parent Relationship": "Outer", "Index Name": "title_pkey", "Startup Cost": 0.0, "Total Cost": 0.28, "Plan Rows": 1, "Plan Width": 0, "Index Cond": "(id = mi_idx.movie_id)"}]}]}, {"Node Type": "Bitmap Heap Scan", "Parent Relationship": "Inner", "Relation Name": "cast_info", "Alias": "ci", "Startup Cost": 0.52, "Total Cost": 4.63, "Plan Rows": 1, "Plan Width": 8, "Recheck Cond": "(movie_id = t.id)", "Filter": "((note)::text = ANY ('{(writer),\"(head writer)\",\"(written by)\",(story),\"(story editor)\"}'::text[]))", "Plans": [{"Node Type": "Bitmap Index Scan", "Parent Relationship": "Outer", "Index Name": "movie_id_cast_info", "Startup Cost": 0.0, "Total Cost": 0.52, "Plan Rows": 6, "Plan Width": 0, "Index Cond": "(movie_id = t.id)"}]}]}, {"Node Type": "Bitmap Heap Scan", "Parent Relationship": "Inner", "Relation Name": "name", "Alias": "n", "Startup Cost": 0.31, "Total Cost": 4.32, "Plan Rows": 1, "Plan Width": 4, "Recheck Cond": "(id = ci.person_id)", "Filter": "((gender)::text = 'm'::text)", "Plans": [{"Node Type": "Bitmap Index Scan", "Parent Relationship": "Outer", "Index Name": "name_pkey", "Startup Cost": 0.0, "Total Cost": 0.31, "Plan Rows": 1, "Plan Width": 0, "Index Cond": "(id = ci.person_id)"}]}]}]}, "Unique SQL Id": 3913857139, "Planner Runtime": 97}, "explain_analyze_plan": {"Plan": {"Node Type": "Aggregate", "Strategy": "Plain", "Startup Cost": 71778.9, "Total Cost": 71778.91, "Plan Rows": 1, "Plan Width": 160, "Actual Min Startup Time": 14182.094, "Actual Max Startup Time": 14182.094, "Actual Min Total Time": 14182.095, "Actual Max Total Time": 14182.095, "Plans": [{"Node Type": "Nested Loop", "Parent Relationship": "Outer", "Join Type": "Inner", "Startup Cost": 3.89, "Total Cost": 71768.3, "Plan Rows": 1413, "Plan Width": 64, "Actual Min Startup Time": 1686.984, "Actual Max Startup Time": 1686.984, "Actual Min Total Time": 14139.191, "Actual Max Total Time": 14139.191, "Inner Unique": true, "Plans": [{"Node Type": "Nested Loop", "Parent Relationship": "Outer", "Join Type": "Inner", "Startup Cost": 3.58, "Total Cost": 66762.88, "Plan Rows": 1155, "Plan Width": 68, "Actual Min Startup Time": 1686.899, "Actual Max Startup Time": 1686.899, "Actual Min Total Time": 13606.187, "Actual Max Total Time": 13606.187, "Inner Unique": false, "Plans": [{"Node Type": "Nested Loop", "Parent Relationship": "Outer", "Join Type": "Inner", "Startup Cost": 3.06, "Total Cost": 61920.21, "Plan Rows": 1044, "Plan Width": 76, "Actual Min Startup Time": 1686.851, "Actual Max Startup Time": 1686.851, "Actual Min Total Time": 2657.207, "Actual Max Total Time": 2657.207, "Inner Unique": true, "Join Filter": "(mi.movie_id = t.id)", "Rows Removed by Join Filter": 0, "Plans": [{"Node Type": "Nested Loop", "Parent Relationship": "Outer", "Join Type": "Inner", "Startup Cost": 2.78, "Total Cost": 57421.02, "Plan Rows": 1044, "Plan Width": 55, "Actual Min Startup Time": 1686.825, "Actual Max Startup Time": 1686.825, "Actual Min Total Time": 1846.095, "Actual Max Total Time": 1846.095, "Inner Unique": false, "Join Filter": "(mi_idx.info_type_id = it2.id)", "Rows Removed by Join Filter": 205269, "Plans": [{"Node Type": "Seq Scan", "Parent Relationship": "Outer", "Relation Name": "info_type", "Alias": "it2", "Startup Cost": 0.0, "Total Cost": 2.4, "Plan Rows": 1, "Plan Width": 4, "Actual Min Startup Time": 0.063, "Actual Max Startup Time": 0.063, "Actual Min Total Time": 0.076, "Actual Max Total Time": 0.076, "Filter": "((info)::text = 'votes'::text)", "Rows Removed by Filter": 111, "Actual Rows": 1}, {"Node Type": "Materialize", "Parent Relationship": "Inner", "Startup Cost": 2.78, "Total Cost": 57376.87, "Plan Rows": 4175, "Plan Width": 59, "Actual Min Startup Time": 1686.749, "Actual Max Startup Time": 1686.749, "Actual Min Total Time": 1728.968, "Actual Max Total Time": 1728.968, "Plans": [{"Node Type": "Nested Loop", "Parent Relationship": "Outer", "Join Type": "Inner", "Startup Cost": 2.78, "Total Cost": 57366.43, "Plan Rows": 4175, "Plan Width": 59, "Actual Min Startup Time": 418.435, "Actual Max Startup Time": 418.435, "Actual Min Total Time": 1598.436, "Actual Max Total Time": 1598.436, "Inner Unique": false, "Plans": [{"Node Type": "Hash Join", "Parent Relationship": "Outer", "Join Type": "Inner", "Startup Cost": 2.41, "Total Cost": 45379.0, "Plan Rows": 2717, "Plan Width": 46, "Actual Min Startup Time": 418.371, "Actual Max Startup Time": 418.371, "Actual Min Total Time": 576.022, "Actual Max Total Time": 576.022, "Inner Unique": true, "Hash Cond": "(mi.info_type_id = it1.id)", "Plans": [{"Node Type": "Streaming(type: LOCAL GATHER dop: 1/16)", "Parent Relationship": "Outer", "Startup Cost": 0.0, "Total Cost": 44636.28, "Plan Rows": 190170, "Plan Width": 50, "Actual Min Startup Time": 297.405, "Actual Max Startup Time": 297.405, "Actual Min Total Time": 473.955, "Actual Max Total Time": 473.955, "Plans": [{"Node Type": "Seq Scan", "Parent Relationship": "Outer", "Relation Name": "movie_info", "Alias": "mi", "Startup Cost": 0.0, "Total Cost": 40532.03, "Plan Rows": 190170, "Plan Width": 50, "Actual Min Startup Time": 226.025, "Actual Max Startup Time": 409.933, "Actual Min Total Time": 456.309, "Actual Max Total Time": 471.705, "Filter": "((info)::text = ANY ('{Horror,Action,Sci-Fi,Thriller,Crime,War}'::text[]))", "Rows Removed by Filter": 14646748, "Actual Rows": 188971}], "Actual Rows": 188971}, {"Node Type": "Hash", "Parent Relationship": "Inner", "Startup Cost": 2.4, "Total Cost": 2.4, "Plan Rows": 1, "Plan Width": 4, "Actual Min Startup Time": 0.078, "Actual Max Startup Time": 0.078, "Actual Min Total Time": 0.078, "Actual Max Total Time": 0.078, "Max Hash Buckets": 32768, "Min Hash Buckets": 32768, "Max Hash Batches": 1, "Min Hash Batches": 1, "Max Original Hash Batches": 1, "Min Original Hash Batches": 1, "Max Peak Memory Usage": 1, "min Peak Memory Usage": 1, "Plans": [{"Node Type": "Seq Scan", "Parent Relationship": "Outer", "Relation Name": "info_type", "Alias": "it1", "Startup Cost": 0.0, "Total Cost": 2.4, "Plan Rows": 1, "Plan Width": 4, "Actual Min Startup Time": 0.044, "Actual Max Startup Time": 0.044, "Actual Min Total Time": 0.068, "Actual Max Total Time": 0.068, "Filter": "((info)::text = 'genres'::text)", "Rows Removed by Filter": 111, "Actual Rows": 1}], "Actual Rows": 1}], "Actual Rows": 186594}, {"Node Type": "Bitmap Heap Scan", "Parent Relationship": "Inner", "Relation Name": "movie_info_idx", "Alias": "mi_idx", "Startup Cost": 0.37, "Total Cost": 4.39, "Plan Rows": 2, "Plan Width": 13, "Actual Min Startup Time": 703.801, "Actual Max Startup Time": 703.801, "Actual Min Total Time": 746.516, "Actual Max Total Time": 746.516, "Recheck Cond": "(movie_id = mi.movie_id)", "Rows Removed by Index Recheck": 0, "Exact Heap Blocks": 103610, "Lossy Heap Blocks": 103610, "Plans": [{"Node Type": "Bitmap Index Scan", "Parent Relationship": "Outer", "Index Name": "movie_id_movie_info_idx", "Startup Cost": 0.0, "Total Cost": 0.37, "Plan Rows": 2, "Plan Width": 0, "Actual Min Startup Time": 472.651, "Actual Max Startup Time": 472.651, "Actual Min Total Time": 472.651, "Actual Max Total Time": 472.651, "Index Cond": "(movie_id = mi.movie_id)", "Actual Rows": 307785}], "Actual Rows": 307785}], "Actual Rows": 307785}], "Actual Rows": 307786}], "Actual Rows": 102516}, {"Node Type": "Bitmap Heap Scan", "Parent Relationship": "Inner", "Relation Name": "title", "Alias": "t", "Startup Cost": 0.28, "Total Cost": 4.3, "Plan Rows": 1, "Plan Width": 21, "Actual Min Startup Time": 609.583, "Actual Max Startup Time": 609.583, "Actual Min Total Time": 609.583, "Actual Max Total Time": 609.583, "Recheck Cond": "(id = mi_idx.movie_id)", "Rows Removed by Index Recheck": 0, "Exact Heap Blocks": 102516, "Lossy Heap Blocks": 102516, "Plans": [{"Node Type": "Bitmap Index Scan", "Parent Relationship": "Outer", "Index Name": "title_pkey", "Startup Cost": 0.0, "Total Cost": 0.28, "Plan Rows": 1, "Plan Width": 0, "Actual Min Startup Time": 330.837, "Actual Max Startup Time": 330.837, "Actual Min Total Time": 330.837, "Actual Max Total Time": 330.837, "Index Cond": "(id = mi_idx.movie_id)", "Actual Rows": 102516}], "Actual Rows": 102516}], "Actual Rows": 102516}, {"Node Type": "Bitmap Heap Scan", "Parent Relationship": "Inner", "Relation Name": "cast_info", "Alias": "ci", "Startup Cost": 0.52, "Total Cost": 4.63, "Plan Rows": 1, "Plan Width": 8, "Actual Min Startup Time": 9326.124, "Actual Max Startup Time": 9326.124, "Actual Min Total Time": 10783.522, "Actual Max Total Time": 10783.522, "Recheck Cond": "(movie_id = t.id)", "Rows Removed by Index Recheck": 0, "Filter": "((note)::text = ANY ('{(writer),\"(head writer)\",\"(written by)\",(story),\"(story editor)\"}'::text[]))", "Rows Removed by Filter": 3987641, "Exact Heap Blocks": 3901088, "Lossy Heap Blocks": 3901088, "Plans": [{"Node Type": "Bitmap Index Scan", "Parent Relationship": "Outer", "Index Name": "movie_id_cast_info", "Startup Cost": 0.0, "Total Cost": 0.52, "Plan Rows": 6, "Plan Width": 0, "Actual Min Startup Time": 1108.471, "Actual Max Startup Time": 1108.471, "Actual Min Total Time": 1108.471, "Actual Max Total Time": 1108.471, "Index Cond": "(movie_id = t.id)", "Actual Rows": 4041796}], "Actual Rows": 54155}], "Actual Rows": 54155}, {"Node Type": "Bitmap Heap Scan", "Parent Relationship": "Inner", "Relation Name": "name", "Alias": "n", "Startup Cost": 0.31, "Total Cost": 4.32, "Plan Rows": 1, "Plan Width": 4, "Actual Min Startup Time": 447.588, "Actual Max Startup Time": 447.588, "Actual Min Total Time": 447.588, "Actual Max Total Time": 447.588, "Recheck Cond": "(id = ci.person_id)", "Rows Removed by Index Recheck": 0, "Filter": "((gender)::text = 'm'::text)", "Rows Removed by Filter": 26082, "Exact Heap Blocks": 54155, "Lossy Heap Blocks": 54155, "Plans": [{"Node Type": "Bitmap Index Scan", "Parent Relationship": "Outer", "Index Name": "name_pkey", "Startup Cost": 0.0, "Total Cost": 0.31, "Plan Rows": 1, "Plan Width": 0, "Actual Min Startup Time": 287.774, "Actual Max Startup Time": 287.774, "Actual Min Total Time": 287.774, "Actual Max Total Time": 287.774, "Index Cond": "(id = ci.person_id)", "Actual Rows": 54155}], "Actual Rows": 28073}], "Actual Rows": 28073}], "Actual Rows": 1}, "Triggers": [], "Planner Runtime": 96, "Total Runtime": 14185.296, "Unique SQL Id": 3913857139}}, "(16, 35)": {"explain_plan": {"Plan": {"Node Type": "Aggregate", "Strategy": "Plain", "Startup Cost": 191395.62, "Total Cost": 191395.63, "Plan Rows": 1, "Plan Width": 160, "Plans": [{"Node Type": "Nested Loop", "Parent Relationship": "Outer", "Join Type": "Inner", "Startup Cost": 4861.24, "Total Cost": 191385.02, "Plan Rows": 1413, "Plan Width": 64, "Inner Unique": true, "Plans": [{"Node Type": "Nested Loop", "Parent Relationship": "Outer", "Join Type": "Inner", "Startup Cost": 4860.93, "Total Cost": 186379.6, "Plan Rows": 1155, "Plan Width": 68, "Inner Unique": false, "Plans": [{"Node Type": "Nested Loop", "Parent Relationship": "Outer", "Join Type": "Inner", "Startup Cost": 4860.41, "Total Cost": 181536.93, "Plan Rows": 1044, "Plan Width": 76, "Inner Unique": true, "Join Filter": "(mi.movie_id = t.id)", "Plans": [{"Node Type": "Nested Loop", "Parent Relationship": "Outer", "Join Type": "Inner", "Startup Cost": 4860.13, "Total Cost": 177037.74, "Plan Rows": 1044, "Plan Width": 55, "Inner Unique": false, "Join Filter": "(mi_idx.info_type_id = it2.id)", "Plans": [{"Node Type": "Bitmap Heap Scan", "Parent Relationship": "Outer", "Relation Name": "info_type", "Alias": "it2", "Startup Cost": 8.81, "Total Cost": 14.21, "Plan Rows": 1, "Plan Width": 4, "Filter": "((info)::text = 'votes'::text)", "Plans": [{"Node Type": "Bitmap Index Scan", "Parent Relationship": "Outer", "Index Name": "info_type_pkey", "Startup Cost": 0.0, "Total Cost": 8.81, "Plan Rows": 112, "Plan Width": 0}]}, {"Node Type": "Nested Loop", "Parent Relationship": "Inner", "Join Type": "Inner", "Startup Cost": 4851.32, "Total Cost": 176971.34, "Plan Rows": 4175, "Plan Width": 59, "Inner Unique": false, "Plans": [{"Node Type": "Nested Loop", "Parent Relationship": "Outer", "Join Type": "Inner", "Startup Cost": 4850.95, "Total Cost": 164983.91, "Plan Rows": 2717, "Plan Width": 46, "Inner Unique": false, "Plans": [{"Node Type": "Bitmap Heap Scan", "Parent Relationship": "Outer", "Relation Name": "info_type", "Alias": "it1", "Startup Cost": 8.81, "Total Cost": 14.21, "Plan Rows": 1, "Plan Width": 4, "Filter": "((info)::text = 'genres'::text)", "Plans": [{"Node Type": "Bitmap Index Scan", "Parent Relationship": "Outer", "Index Name": "info_type_pkey", "Startup Cost": 0.0, "Total Cost": 8.81, "Plan Rows": 112, "Plan Width": 0}]}, {"Node Type": "Bitmap Heap Scan", "Parent Relationship": "Inner", "Relation Name": "movie_info", "Alias": "mi", "Startup Cost": 4842.14, "Total Cost": 164942.53, "Plan Rows": 2717, "Plan Width": 50, "Recheck Cond": "(info_type_id = it1.id)", "Filter": "((info)::text = ANY ('{Horror,Action,Sci-Fi,Thriller,Crime,War}'::text[]))", "Plans": [{"Node Type": "Bitmap Index Scan", "Parent Relationship": "Outer", "Index Name": "info_type_id_movie_info", "Startup Cost": 0.0, "Total Cost": 4841.46, "Plan Rows": 212428, "Plan Width": 0, "Index Cond": "(info_type_id = it1.id)"}]}]}, {"Node Type": "Bitmap Heap Scan", "Parent Relationship": "Inner", "Relation Name": "movie_info_idx", "Alias": "mi_idx", "Startup Cost": 0.37, "Total Cost": 4.39, "Plan Rows": 2, "Plan Width": 13, "Recheck Cond": "(movie_id = mi.movie_id)", "Plans": [{"Node Type": "Bitmap Index Scan", "Parent Relationship": "Outer", "Index Name": "movie_id_movie_info_idx", "Startup Cost": 0.0, "Total Cost": 0.37, "Plan Rows": 2, "Plan Width": 0, "Index Cond": "(movie_id = mi.movie_id)"}]}]}]}, {"Node Type": "Bitmap Heap Scan", "Parent Relationship": "Inner", "Relation Name": "title", "Alias": "t", "Startup Cost": 0.28, "Total Cost": 4.3, "Plan Rows": 1, "Plan Width": 21, "Recheck Cond": "(id = mi_idx.movie_id)", "Plans": [{"Node Type": "Bitmap Index Scan", "Parent Relationship": "Outer", "Index Name": "title_pkey", "Startup Cost": 0.0, "Total Cost": 0.28, "Plan Rows": 1, "Plan Width": 0, "Index Cond": "(id = mi_idx.movie_id)"}]}]}, {"Node Type": "Bitmap Heap Scan", "Parent Relationship": "Inner", "Relation Name": "cast_info", "Alias": "ci", "Startup Cost": 0.52, "Total Cost": 4.63, "Plan Rows": 1, "Plan Width": 8, "Recheck Cond": "(movie_id = t.id)", "Filter": "((note)::text = ANY ('{(writer),\"(head writer)\",\"(written by)\",(story),\"(story editor)\"}'::text[]))", "Plans": [{"Node Type": "Bitmap Index Scan", "Parent Relationship": "Outer", "Index Name": "movie_id_cast_info", "Startup Cost": 0.0, "Total Cost": 0.52, "Plan Rows": 6, "Plan Width": 0, "Index Cond": "(movie_id = t.id)"}]}]}, {"Node Type": "Bitmap Heap Scan", "Parent Relationship": "Inner", "Relation Name": "name", "Alias": "n", "Startup Cost": 0.31, "Total Cost": 4.32, "Plan Rows": 1, "Plan Width": 4, "Recheck Cond": "(id = ci.person_id)", "Filter": "((gender)::text = 'm'::text)", "Plans": [{"Node Type": "Bitmap Index Scan", "Parent Relationship": "Outer", "Index Name": "name_pkey", "Startup Cost": 0.0, "Total Cost": 0.31, "Plan Rows": 1, "Plan Width": 0, "Index Cond": "(id = ci.person_id)"}]}]}]}, "Unique SQL Id": 3913857139, "Planner Runtime": 17}, "explain_analyze_plan": {"Plan": {"Node Type": "Aggregate", "Strategy": "Plain", "Startup Cost": 191395.62, "Total Cost": 191395.63, "Plan Rows": 1, "Plan Width": 160, "Actual Startup Time": 14138.197, "Actual Total Time": 14138.197, "Actual Rows": 1, "Actual Loops": 1, "Plans": [{"Node Type": "Nested Loop", "Parent Relationship": "Outer", "Join Type": "Inner", "Startup Cost": 4861.24, "Total Cost": 191385.02, "Plan Rows": 1413, "Plan Width": 64, "Actual Startup Time": 187.003, "Actual Total Time": 14094.486, "Actual Rows": 28073, "Actual Loops": 1, "Inner Unique": true, "Plans": [{"Node Type": "Nested Loop", "Parent Relationship": "Outer", "Join Type": "Inner", "Startup Cost": 4860.93, "Total Cost": 186379.6, "Plan Rows": 1155, "Plan Width": 68, "Actual Startup Time": 184.391, "Actual Total Time": 13585.354, "Actual Rows": 54155, "Actual Loops": 1, "Inner Unique": false, "Plans": [{"Node Type": "Nested Loop", "Parent Relationship": "Outer", "Join Type": "Inner", "Startup Cost": 4860.41, "Total Cost": 181536.93, "Plan Rows": 1044, "Plan Width": 76, "Actual Startup Time": 181.346, "Actual Total Time": 3101.831, "Actual Rows": 102516, "Actual Loops": 1, "Inner Unique": true, "Join Filter": "(mi.movie_id = t.id)", "Rows Removed by Join Filter": 0, "Plans": [{"Node Type": "Nested Loop", "Parent Relationship": "Outer", "Join Type": "Inner", "Startup Cost": 4860.13, "Total Cost": 177037.74, "Plan Rows": 1044, "Plan Width": 55, "Actual Startup Time": 181.323, "Actual Total Time": 2380.152, "Actual Rows": 102516, "Actual Loops": 1, "Inner Unique": false, "Join Filter": "(mi_idx.info_type_id = it2.id)", "Rows Removed by Join Filter": 205269, "Plans": [{"Node Type": "Bitmap Heap Scan", "Parent Relationship": "Outer", "Relation Name": "info_type", "Alias": "it2", "Startup Cost": 8.81, "Total Cost": 14.21, "Plan Rows": 1, "Plan Width": 4, "Actual Startup Time": 0.075, "Actual Total Time": 0.079, "Actual Rows": 1, "Actual Loops": 1, "Filter": "((info)::text = 'votes'::text)", "Rows Removed by Filter": 111, "Exact Heap Blocks": 1, "Lossy Heap Blocks": 1, "Plans": [{"Node Type": "Bitmap Index Scan", "Parent Relationship": "Outer", "Index Name": "info_type_pkey", "Startup Cost": 0.0, "Total Cost": 8.81, "Plan Rows": 112, "Plan Width": 0, "Actual Startup Time": 0.014, "Actual Total Time": 0.014, "Actual Rows": 112, "Actual Loops": 1}]}, {"Node Type": "Nested Loop", "Parent Relationship": "Inner", "Join Type": "Inner", "Startup Cost": 4851.32, "Total Cost": 176971.34, "Plan Rows": 4175, "Plan Width": 59, "Actual Startup Time": 181.235, "Actual Total Time": 2285.67, "Actual Rows": 307785, "Actual Loops": 1, "Inner Unique": false, "Plans": [{"Node Type": "Nested Loop", "Parent Relationship": "Outer", "Join Type": "Inner", "Startup Cost": 4850.95, "Total Cost": 164983.91, "Plan Rows": 2717, "Plan Width": 46, "Actual Startup Time": 181.195, "Actual Total Time": 1161.625, "Actual Rows": 186594, "Actual Loops": 1, "Inner Unique": false, "Plans": [{"Node Type": "Bitmap Heap Scan", "Parent Relationship": "Outer", "Relation Name": "info_type", "Alias": "it1", "Startup Cost": 8.81, "Total Cost": 14.21, "Plan Rows": 1, "Plan Width": 4, "Actual Startup Time": 0.029, "Actual Total Time": 0.058, "Actual Rows": 1, "Actual Loops": 1, "Filter": "((info)::text = 'genres'::text)", "Rows Removed by Filter": 111, "Exact Heap Blocks": 1, "Lossy Heap Blocks": 1, "Plans": [{"Node Type": "Bitmap Index Scan", "Parent Relationship": "Outer", "Index Name": "info_type_pkey", "Startup Cost": 0.0, "Total Cost": 8.81, "Plan Rows": 112, "Plan Width": 0, "Actual Startup Time": 0.008, "Actual Total Time": 0.008, "Actual Rows": 112, "Actual Loops": 1}]}, {"Node Type": "Bitmap Heap Scan", "Parent Relationship": "Inner", "Relation Name": "movie_info", "Alias": "mi", "Startup Cost": 4842.14, "Total Cost": 164942.53, "Plan Rows": 2717, "Plan Width": 50, "Actual Startup Time": 181.162, "Actual Total Time": 1119.515, "Actual Rows": 186594, "Actual Loops": 1, "Recheck Cond": "(info_type_id = it1.id)", "Rows Removed by Index Recheck": 0, "Filter": "((info)::text = ANY ('{Horror,Action,Sci-Fi,Thriller,Crime,War}'::text[]))", "Rows Removed by Filter": 1347315, "Exact Heap Blocks": 7426, "Lossy Heap Blocks": 7426, "Plans": [{"Node Type": "Bitmap Index Scan", "Parent Relationship": "Outer", "Index Name": "info_type_id_movie_info", "Startup Cost": 0.0, "Total Cost": 4841.46, "Plan Rows": 212428, "Plan Width": 0, "Actual Startup Time": 179.772, "Actual Total Time": 179.772, "Actual Rows": 1533909, "Actual Loops": 1, "Index Cond": "(info_type_id = it1.id)"}]}]}, {"Node Type": "Bitmap Heap Scan", "Parent Relationship": "Inner", "Relation Name": "movie_info_idx", "Alias": "mi_idx", "Startup Cost": 0.37, "Total Cost": 4.39, "Plan Rows": 2, "Plan Width": 13, "Actual Startup Time": 770.753, "Actual Total Time": 815.789, "Actual Rows": 307785, "Actual Loops": 186594, "Recheck Cond": "(movie_id = mi.movie_id)", "Rows Removed by Index Recheck": 0, "Exact Heap Blocks": 103610, "Lossy Heap Blocks": 103610, "Plans": [{"Node Type": "Bitmap Index Scan", "Parent Relationship": "Outer", "Index Name": "movie_id_movie_info_idx", "Startup Cost": 0.0, "Total Cost": 0.37, "Plan Rows": 2, "Plan Width": 0, "Actual Startup Time": 523.523, "Actual Total Time": 523.523, "Actual Rows": 307785, "Actual Loops": 186594, "Index Cond": "(movie_id = mi.movie_id)"}]}]}]}, {"Node Type": "Bitmap Heap Scan", "Parent Relationship": "Inner", "Relation Name": "title", "Alias": "t", "Startup Cost": 0.28, "Total Cost": 4.3, "Plan Rows": 1, "Plan Width": 21, "Actual Startup Time": 551.607, "Actual Total Time": 551.607, "Actual Rows": 102516, "Actual Loops": 102516, "Recheck Cond": "(id = mi_idx.movie_id)", "Rows Removed by Index Recheck": 0, "Exact Heap Blocks": 102516, "Lossy Heap Blocks": 102516, "Plans": [{"Node Type": "Bitmap Index Scan", "Parent Relationship": "Outer", "Index Name": "title_pkey", "Startup Cost": 0.0, "Total Cost": 0.28, "Plan Rows": 1, "Plan Width": 0, "Actual Startup Time": 308.447, "Actual Total Time": 308.447, "Actual Rows": 102516, "Actual Loops": 102516, "Index Cond": "(id = mi_idx.movie_id)"}]}]}, {"Node Type": "Bitmap Heap Scan", "Parent Relationship": "Inner", "Relation Name": "cast_info", "Alias": "ci", "Startup Cost": 0.52, "Total Cost": 4.63, "Plan Rows": 1, "Plan Width": 8, "Actual Startup Time": 8932.38, "Actual Total Time": 10325.233, "Actual Rows": 54155, "Actual Loops": 102516, "Recheck Cond": "(movie_id = t.id)", "Rows Removed by Index Recheck": 0, "Filter": "((note)::text = ANY ('{(writer),\"(head writer)\",\"(written by)\",(story),\"(story editor)\"}'::text[]))", "Rows Removed by Filter": 3987641, "Exact Heap Blocks": 3901088, "Lossy Heap Blocks": 3901088, "Plans": [{"Node Type": "Bitmap Index Scan", "Parent Relationship": "Outer", "Index Name": "movie_id_cast_info", "Startup Cost": 0.0, "Total Cost": 0.52, "Plan Rows": 6, "Plan Width": 0, "Actual Startup Time": 1094.418, "Actual Total Time": 1094.418, "Actual Rows": 4041796, "Actual Loops": 102516, "Index Cond": "(movie_id = t.id)"}]}]}, {"Node Type": "Bitmap Heap Scan", "Parent Relationship": "Inner", "Relation Name": "name", "Alias": "n", "Startup Cost": 0.31, "Total Cost": 4.32, "Plan Rows": 1, "Plan Width": 4, "Actual Startup Time": 425.148, "Actual Total Time": 425.148, "Actual Rows": 28073, "Actual Loops": 54155, "Recheck Cond": "(id = ci.person_id)", "Rows Removed by Index Recheck": 0, "Filter": "((gender)::text = 'm'::text)", "Rows Removed by Filter": 26082, "Exact Heap Blocks": 54155, "Lossy Heap Blocks": 54155, "Plans": [{"Node Type": "Bitmap Index Scan", "Parent Relationship": "Outer", "Index Name": "name_pkey", "Startup Cost": 0.0, "Total Cost": 0.31, "Plan Rows": 1, "Plan Width": 0, "Actual Startup Time": 273.193, "Actual Total Time": 273.193, "Actual Rows": 54155, "Actual Loops": 54155, "Index Cond": "(id = ci.person_id)"}]}]}]}, "Triggers": [], "Planner Runtime": 7, "Total Runtime": 14138.488, "Unique SQL Id": 3913857139}}, "(16, 36)": {"explain_plan": {"Plan": {"Node Type": "Aggregate", "Strategy": "Plain", "Startup Cost": 49001.33, "Total Cost": 49001.34, "Plan Rows": 1, "Plan Width": 160, "Plans": [{"Node Type": "Nested Loop", "Parent Relationship": "Outer", "Join Type": "Inner", "Startup Cost": 2.41, "Total Cost": 48990.73, "Plan Rows": 1413, "Plan Width": 64, "Inner Unique": true, "Plans": [{"Node Type": "Nested Loop", "Parent Relationship": "Outer", "Join Type": "Inner", "Startup Cost": 2.41, "Total Cost": 48411.46, "Plan Rows": 1155, "Plan Width": 68, "Inner Unique": false, "Plans": [{"Node Type": "Nested Loop", "Parent Relationship": "Outer", "Join Type": "Inner", "Startup Cost": 2.41, "Total Cost": 47349.83, "Plan Rows": 1044, "Plan Width": 76, "Inner Unique": true, "Join Filter": "(mi.movie_id = t.id)", "Plans": [{"Node Type": "Nested Loop", "Parent Relationship": "Outer", "Join Type": "Inner", "Startup Cost": 2.41, "Total Cost": 46921.64, "Plan Rows": 1044, "Plan Width": 55, "Inner Unique": false, "Join Filter": "(mi_idx.info_type_id = it2.id)", "Plans": [{"Node Type": "Seq Scan", "Parent Relationship": "Outer", "Relation Name": "info_type", "Alias": "it2", "Startup Cost": 0.0, "Total Cost": 2.4, "Plan Rows": 1, "Plan Width": 4, "Filter": "((info)::text = 'votes'::text)"}, {"Node Type": "Materialize", "Parent Relationship": "Inner", "Startup Cost": 2.41, "Total Cost": 46877.49, "Plan Rows": 4175, "Plan Width": 59, "Plans": [{"Node Type": "Nested Loop", "Parent Relationship": "Outer", "Join Type": "Inner", "Startup Cost": 2.41, "Total Cost": 46867.05, "Plan Rows": 4175, "Plan Width": 59, "Inner Unique": false, "Plans": [{"Node Type": "Hash Join", "Parent Relationship": "Outer", "Join Type": "Inner", "Startup Cost": 2.41, "Total Cost": 45379.0, "Plan Rows": 2717, "Plan Width": 46, "Inner Unique": true, "Hash Cond": "(mi.info_type_id = it1.id)", "Plans": [{"Node Type": "Streaming(type: LOCAL GATHER dop: 1/16)", "Parent Relationship": "Outer", "Startup Cost": 0.0, "Total Cost": 44636.28, "Plan Rows": 190170, "Plan Width": 50, "Plans": [{"Node Type": "Seq Scan", "Parent Relationship": "Outer", "Relation Name": "movie_info", "Alias": "mi", "Startup Cost": 0.0, "Total Cost": 40532.03, "Plan Rows": 190170, "Plan Width": 50, "Filter": "((info)::text = ANY ('{Horror,Action,Sci-Fi,Thriller,Crime,War}'::text[]))"}]}, {"Node Type": "Hash", "Parent Relationship": "Inner", "Startup Cost": 2.4, "Total Cost": 2.4, "Plan Rows": 1, "Plan Width": 4, "Plans": [{"Node Type": "Seq Scan", "Parent Relationship": "Outer", "Relation Name": "info_type", "Alias": "it1", "Startup Cost": 0.0, "Total Cost": 2.4, "Plan Rows": 1, "Plan Width": 4, "Filter": "((info)::text = 'genres'::text)"}]}]}, {"Node Type": "Index Scan", "Parent Relationship": "Inner", "Scan Direction": "Forward", "Index Name": "movie_id_movie_info_idx", "Relation Name": "movie_info_idx", "Alias": "mi_idx", "Startup Cost": 0.0, "Total Cost": 0.53, "Plan Rows": 2, "Plan Width": 13, "Index Cond": "(movie_id = mi.movie_id)"}]}]}]}, {"Node Type": "Index Scan", "Parent Relationship": "Inner", "Scan Direction": "Forward", "Index Name": "title_pkey", "Relation Name": "title", "Alias": "t", "Startup Cost": 0.0, "Total Cost": 0.4, "Plan Rows": 1, "Plan Width": 21, "Index Cond": "(id = mi_idx.movie_id)"}]}, {"Node Type": "Index Scan", "Parent Relationship": "Inner", "Scan Direction": "Forward", "Index Name": "movie_id_cast_info", "Relation Name": "cast_info", "Alias": "ci", "Startup Cost": 0.0, "Total Cost": 1.01, "Plan Rows": 1, "Plan Width": 8, "Index Cond": "(movie_id = t.id)", "Filter": "((note)::text = ANY ('{(writer),\"(head writer)\",\"(written by)\",(story),\"(story editor)\"}'::text[]))"}]}, {"Node Type": "Index Scan", "Parent Relationship": "Inner", "Scan Direction": "Forward", "Index Name": "name_pkey", "Relation Name": "name", "Alias": "n", "Startup Cost": 0.0, "Total Cost": 0.49, "Plan Rows": 1, "Plan Width": 4, "Index Cond": "(id = ci.person_id)", "Filter": "((gender)::text = 'm'::text)"}]}]}, "Unique SQL Id": 3913857139, "Planner Runtime": 81}, "explain_analyze_plan": {"Plan": {"Node Type": "Aggregate", "Strategy": "Plain", "Startup Cost": 49001.33, "Total Cost": 49001.34, "Plan Rows": 1, "Plan Width": 160, "Actual Min Startup Time": 11556.951, "Actual Max Startup Time": 11556.951, "Actual Min Total Time": 11556.952, "Actual Max Total Time": 11556.952, "Plans": [{"Node Type": "Nested Loop", "Parent Relationship": "Outer", "Join Type": "Inner", "Startup Cost": 2.41, "Total Cost": 48990.73, "Plan Rows": 1413, "Plan Width": 64, "Actual Min Startup Time": 1427.079, "Actual Max Startup Time": 1427.079, "Actual Min Total Time": 11522.3, "Actual Max Total Time": 11522.3, "Inner Unique": true, "Plans": [{"Node Type": "Nested Loop", "Parent Relationship": "Outer", "Join Type": "Inner", "Startup Cost": 2.41, "Total Cost": 48411.46, "Plan Rows": 1155, "Plan Width": 68, "Actual Min Startup Time": 1427.016, "Actual Max Startup Time": 1427.016, "Actual Min Total Time": 11107.448, "Actual Max Total Time": 11107.448, "Inner Unique": false, "Plans": [{"Node Type": "Nested Loop", "Parent Relationship": "Outer", "Join Type": "Inner", "Startup Cost": 2.41, "Total Cost": 47349.83, "Plan Rows": 1044, "Plan Width": 76, "Actual Min Startup Time": 1426.985, "Actual Max Startup Time": 1426.985, "Actual Min Total Time": 2130.874, "Actual Max Total Time": 2130.874, "Inner Unique": true, "Join Filter": "(mi.movie_id = t.id)", "Rows Removed by Join Filter": 0, "Plans": [{"Node Type": "Nested Loop", "Parent Relationship": "Outer", "Join Type": "Inner", "Startup Cost": 2.41, "Total Cost": 46921.64, "Plan Rows": 1044, "Plan Width": 55, "Actual Min Startup Time": 1426.963, "Actual Max Startup Time": 1426.963, "Actual Min Total Time": 1570.38, "Actual Max Total Time": 1570.38, "Inner Unique": false, "Join Filter": "(mi_idx.info_type_id = it2.id)", "Rows Removed by Join Filter": 205269, "Plans": [{"Node Type": "Seq Scan", "Parent Relationship": "Outer", "Relation Name": "info_type", "Alias": "it2", "Startup Cost": 0.0, "Total Cost": 2.4, "Plan Rows": 1, "Plan Width": 4, "Actual Min Startup Time": 0.059, "Actual Max Startup Time": 0.059, "Actual Min Total Time": 0.071, "Actual Max Total Time": 0.071, "Filter": "((info)::text = 'votes'::text)", "Rows Removed by Filter": 111, "Actual Rows": 1}, {"Node Type": "Materialize", "Parent Relationship": "Inner", "Startup Cost": 2.41, "Total Cost": 46877.49, "Plan Rows": 4175, "Plan Width": 59, "Actual Min Startup Time": 1426.889, "Actual Max Startup Time": 1426.889, "Actual Min Total Time": 1466.246, "Actual Max Total Time": 1466.246, "Plans": [{"Node Type": "Nested Loop", "Parent Relationship": "Outer", "Join Type": "Inner", "Startup Cost": 2.41, "Total Cost": 46867.05, "Plan Rows": 4175, "Plan Width": 59, "Actual Min Startup Time": 419.401, "Actual Max Startup Time": 419.401, "Actual Min Total Time": 1338.386, "Actual Max Total Time": 1338.386, "Inner Unique": false, "Plans": [{"Node Type": "Hash Join", "Parent Relationship": "Outer", "Join Type": "Inner", "Startup Cost": 2.41, "Total Cost": 45379.0, "Plan Rows": 2717, "Plan Width": 46, "Actual Min Startup Time": 419.355, "Actual Max Startup Time": 419.355, "Actual Min Total Time": 571.588, "Actual Max Total Time": 571.588, "Inner Unique": true, "Hash Cond": "(mi.info_type_id = it1.id)", "Plans": [{"Node Type": "Streaming(type: LOCAL GATHER dop: 1/16)", "Parent Relationship": "Outer", "Startup Cost": 0.0, "Total Cost": 44636.28, "Plan Rows": 190170, "Plan Width": 50, "Actual Min Startup Time": 298.259, "Actual Max Startup Time": 298.259, "Actual Min Total Time": 478.235, "Actual Max Total Time": 478.235, "Plans": [{"Node Type": "Seq Scan", "Parent Relationship": "Outer", "Relation Name": "movie_info", "Alias": "mi", "Startup Cost": 0.0, "Total Cost": 40532.03, "Plan Rows": 190170, "Plan Width": 50, "Actual Min Startup Time": 226.254, "Actual Max Startup Time": 410.433, "Actual Min Total Time": 456.953, "Actual Max Total Time": 475.703, "Filter": "((info)::text = ANY ('{Horror,Action,Sci-Fi,Thriller,Crime,War}'::text[]))", "Rows Removed by Filter": 14646748, "Actual Rows": 188971}], "Actual Rows": 188971}, {"Node Type": "Hash", "Parent Relationship": "Inner", "Startup Cost": 2.4, "Total Cost": 2.4, "Plan Rows": 1, "Plan Width": 4, "Actual Min Startup Time": 0.078, "Actual Max Startup Time": 0.078, "Actual Min Total Time": 0.078, "Actual Max Total Time": 0.078, "Max Hash Buckets": 32768, "Min Hash Buckets": 32768, "Max Hash Batches": 1, "Min Hash Batches": 1, "Max Original Hash Batches": 1, "Min Original Hash Batches": 1, "Max Peak Memory Usage": 1, "min Peak Memory Usage": 1, "Plans": [{"Node Type": "Seq Scan", "Parent Relationship": "Outer", "Relation Name": "info_type", "Alias": "it1", "Startup Cost": 0.0, "Total Cost": 2.4, "Plan Rows": 1, "Plan Width": 4, "Actual Min Startup Time": 0.045, "Actual Max Startup Time": 0.045, "Actual Min Total Time": 0.069, "Actual Max Total Time": 0.069, "Filter": "((info)::text = 'genres'::text)", "Rows Removed by Filter": 111, "Actual Rows": 1}], "Actual Rows": 1}], "Actual Rows": 186594}, {"Node Type": "Index Scan", "Parent Relationship": "Inner", "Scan Direction": "Forward", "Index Name": "movie_id_movie_info_idx", "Relation Name": "movie_info_idx", "Alias": "mi_idx", "Startup Cost": 0.0, "Total Cost": 0.53, "Plan Rows": 2, "Plan Width": 13, "Actual Min Startup Time": 500.569, "Actual Max Startup Time": 500.569, "Actual Min Total Time": 614.097, "Actual Max Total Time": 614.097, "Index Cond": "(movie_id = mi.movie_id)", "Rows Removed by Index Recheck": 0, "Actual Rows": 307785}], "Actual Rows": 307785}], "Actual Rows": 307786}], "Actual Rows": 102516}, {"Node Type": "Index Scan", "Parent Relationship": "Inner", "Scan Direction": "Forward", "Index Name": "title_pkey", "Relation Name": "title", "Alias": "t", "Startup Cost": 0.0, "Total Cost": 0.4, "Plan Rows": 1, "Plan Width": 21, "Actual Min Startup Time": 456.631, "Actual Max Startup Time": 456.631, "Actual Min Total Time": 456.631, "Actual Max Total Time": 456.631, "Index Cond": "(id = mi_idx.movie_id)", "Rows Removed by Index Recheck": 0, "Actual Rows": 102516}], "Actual Rows": 102516}, {"Node Type": "Index Scan", "Parent Relationship": "Inner", "Scan Direction": "Forward", "Index Name": "movie_id_cast_info", "Relation Name": "cast_info", "Alias": "ci", "Startup Cost": 0.0, "Total Cost": 1.01, "Plan Rows": 1, "Plan Width": 8, "Actual Min Startup Time": 7597.735, "Actual Max Startup Time": 7597.735, "Actual Min Total Time": 8906.114, "Actual Max Total Time": 8906.114, "Index Cond": "(movie_id = t.id)", "Rows Removed by Index Recheck": 0, "Filter": "((note)::text = ANY ('{(writer),\"(head writer)\",\"(written by)\",(story),\"(story editor)\"}'::text[]))", "Rows Removed by Filter": 3987641, "Actual Rows": 54155}], "Actual Rows": 54155}, {"Node Type": "Index Scan", "Parent Relationship": "Inner", "Scan Direction": "Forward", "Index Name": "name_pkey", "Relation Name": "name", "Alias": "n", "Startup Cost": 0.0, "Total Cost": 0.49, "Plan Rows": 1, "Plan Width": 4, "Actual Min Startup Time": 371.683, "Actual Max Startup Time": 371.683, "Actual Min Total Time": 371.683, "Actual Max Total Time": 371.683, "Index Cond": "(id = ci.person_id)", "Rows Removed by Index Recheck": 0, "Filter": "((gender)::text = 'm'::text)", "Rows Removed by Filter": 26082, "Actual Rows": 28073}], "Actual Rows": 28073}], "Actual Rows": 1}, "Triggers": [], "Planner Runtime": 89, "Total Runtime": 11560.154, "Unique SQL Id": 3913857139}}, "(16, 37)": {"explain_plan": {"Plan": {"Node Type": "Aggregate", "Strategy": "Plain", "Startup Cost": 168618.05, "Total Cost": 168618.06, "Plan Rows": 1, "Plan Width": 160, "Plans": [{"Node Type": "Nested Loop", "Parent Relationship": "Outer", "Join Type": "Inner", "Startup Cost": 4842.14, "Total Cost": 168607.45, "Plan Rows": 1413, "Plan Width": 64, "Inner Unique": true, "Plans": [{"Node Type": "Nested Loop", "Parent Relationship": "Outer", "Join Type": "Inner", "Startup Cost": 4842.14, "Total Cost": 168028.19, "Plan Rows": 1155, "Plan Width": 68, "Inner Unique": false, "Plans": [{"Node Type": "Nested Loop", "Parent Relationship": "Outer", "Join Type": "Inner", "Startup Cost": 4842.14, "Total Cost": 166966.55, "Plan Rows": 1044, "Plan Width": 76, "Inner Unique": true, "Join Filter": "(mi.movie_id = t.id)", "Plans": [{"Node Type": "Nested Loop", "Parent Relationship": "Outer", "Join Type": "Inner", "Startup Cost": 4842.14, "Total Cost": 166538.36, "Plan Rows": 1044, "Plan Width": 55, "Inner Unique": false, "Join Filter": "(mi_idx.info_type_id = it2.id)", "Plans": [{"Node Type": "Index Scan", "Parent Relationship": "Outer", "Scan Direction": "Forward", "Index Name": "info_type_pkey", "Relation Name": "info_type", "Alias": "it2", "Startup Cost": 0.0, "Total Cost": 14.21, "Plan Rows": 1, "Plan Width": 4, "Filter": "((info)::text = 'votes'::text)"}, {"Node Type": "Nested Loop", "Parent Relationship": "Inner", "Join Type": "Inner", "Startup Cost": 4842.14, "Total Cost": 166471.96, "Plan Rows": 4175, "Plan Width": 59, "Inner Unique": false, "Plans": [{"Node Type": "Nested Loop", "Parent Relationship": "Outer", "Join Type": "Inner", "Startup Cost": 4842.14, "Total Cost": 164983.91, "Plan Rows": 2717, "Plan Width": 46, "Inner Unique": false, "Plans": [{"Node Type": "Index Scan", "Parent Relationship": "Outer", "Scan Direction": "Forward", "Index Name": "info_type_pkey", "Relation Name": "info_type", "Alias": "it1", "Startup Cost": 0.0, "Total Cost": 14.21, "Plan Rows": 1, "Plan Width": 4, "Filter": "((info)::text = 'genres'::text)"}, {"Node Type": "Bitmap Heap Scan", "Parent Relationship": "Inner", "Relation Name": "movie_info", "Alias": "mi", "Startup Cost": 4842.14, "Total Cost": 164942.53, "Plan Rows": 2717, "Plan Width": 50, "Recheck Cond": "(info_type_id = it1.id)", "Filter": "((info)::text = ANY ('{Horror,Action,Sci-Fi,Thriller,Crime,War}'::text[]))", "Plans": [{"Node Type": "Bitmap Index Scan", "Parent Relationship": "Outer", "Index Name": "info_type_id_movie_info", "Startup Cost": 0.0, "Total Cost": 4841.46, "Plan Rows": 212428, "Plan Width": 0, "Index Cond": "(info_type_id = it1.id)"}]}]}, {"Node Type": "Index Scan", "Parent Relationship": "Inner", "Scan Direction": "Forward", "Index Name": "movie_id_movie_info_idx", "Relation Name": "movie_info_idx", "Alias": "mi_idx", "Startup Cost": 0.0, "Total Cost": 0.53, "Plan Rows": 2, "Plan Width": 13, "Index Cond": "(movie_id = mi.movie_id)"}]}]}, {"Node Type": "Index Scan", "Parent Relationship": "Inner", "Scan Direction": "Forward", "Index Name": "title_pkey", "Relation Name": "title", "Alias": "t", "Startup Cost": 0.0, "Total Cost": 0.4, "Plan Rows": 1, "Plan Width": 21, "Index Cond": "(id = mi_idx.movie_id)"}]}, {"Node Type": "Index Scan", "Parent Relationship": "Inner", "Scan Direction": "Forward", "Index Name": "movie_id_cast_info", "Relation Name": "cast_info", "Alias": "ci", "Startup Cost": 0.0, "Total Cost": 1.01, "Plan Rows": 1, "Plan Width": 8, "Index Cond": "(movie_id = t.id)", "Filter": "((note)::text = ANY ('{(writer),\"(head writer)\",\"(written by)\",(story),\"(story editor)\"}'::text[]))"}]}, {"Node Type": "Index Scan", "Parent Relationship": "Inner", "Scan Direction": "Forward", "Index Name": "name_pkey", "Relation Name": "name", "Alias": "n", "Startup Cost": 0.0, "Total Cost": 0.49, "Plan Rows": 1, "Plan Width": 4, "Index Cond": "(id = ci.person_id)", "Filter": "((gender)::text = 'm'::text)"}]}]}, "Unique SQL Id": 3913857139, "Planner Runtime": 24}, "explain_analyze_plan": {"Plan": {"Node Type": "Aggregate", "Strategy": "Plain", "Startup Cost": 168618.05, "Total Cost": 168618.06, "Plan Rows": 1, "Plan Width": 160, "Actual Startup Time": 11969.053, "Actual Total Time": 11969.053, "Actual Rows": 1, "Actual Loops": 1, "Plans": [{"Node Type": "Nested Loop", "Parent Relationship": "Outer", "Join Type": "Inner", "Startup Cost": 4842.14, "Total Cost": 168607.45, "Plan Rows": 1413, "Plan Width": 64, "Actual Startup Time": 183.605, "Actual Total Time": 11931.811, "Actual Rows": 28073, "Actual Loops": 1, "Inner Unique": true, "Plans": [{"Node Type": "Nested Loop", "Parent Relationship": "Outer", "Join Type": "Inner", "Startup Cost": 4842.14, "Total Cost": 168028.19, "Plan Rows": 1155, "Plan Width": 68, "Actual Startup Time": 181.327, "Actual Total Time": 11510.362, "Actual Rows": 54155, "Actual Loops": 1, "Inner Unique": false, "Plans": [{"Node Type": "Nested Loop", "Parent Relationship": "Outer", "Join Type": "Inner", "Startup Cost": 4842.14, "Total Cost": 166966.55, "Plan Rows": 1044, "Plan Width": 76, "Actual Startup Time": 178.719, "Actual Total Time": 2661.808, "Actual Rows": 102516, "Actual Loops": 1, "Inner Unique": true, "Join Filter": "(mi.movie_id = t.id)", "Rows Removed by Join Filter": 0, "Plans": [{"Node Type": "Nested Loop", "Parent Relationship": "Outer", "Join Type": "Inner", "Startup Cost": 4842.14, "Total Cost": 166538.36, "Plan Rows": 1044, "Plan Width": 55, "Actual Startup Time": 178.7, "Actual Total Time": 2109.568, "Actual Rows": 102516, "Actual Loops": 1, "Inner Unique": false, "Join Filter": "(mi_idx.info_type_id = it2.id)", "Rows Removed by Join Filter": 205269, "Plans": [{"Node Type": "Index Scan", "Parent Relationship": "Outer", "Scan Direction": "Forward", "Index Name": "info_type_pkey", "Relation Name": "info_type", "Alias": "it2", "Startup Cost": 0.0, "Total Cost": 14.21, "Plan Rows": 1, "Plan Width": 4, "Actual Startup Time": 0.068, "Actual Total Time": 0.077, "Actual Rows": 1, "Actual Loops": 1, "Filter": "((info)::text = 'votes'::text)", "Rows Removed by Filter": 111}, {"Node Type": "Nested Loop", "Parent Relationship": "Inner", "Join Type": "Inner", "Startup Cost": 4842.14, "Total Cost": 166471.96, "Plan Rows": 4175, "Plan Width": 59, "Actual Startup Time": 178.619, "Actual Total Time": 2023.448, "Actual Rows": 307785, "Actual Loops": 1, "Inner Unique": false, "Plans": [{"Node Type": "Nested Loop", "Parent Relationship": "Outer", "Join Type": "Inner", "Startup Cost": 4842.14, "Total Cost": 164983.91, "Plan Rows": 2717, "Plan Width": 46, "Actual Startup Time": 178.589, "Actual Total Time": 1168.902, "Actual Rows": 186594, "Actual Loops": 1, "Inner Unique": false, "Plans": [{"Node Type": "Index Scan", "Parent Relationship": "Outer", "Scan Direction": "Forward", "Index Name": "info_type_pkey", "Relation Name": "info_type", "Alias": "it1", "Startup Cost": 0.0, "Total Cost": 14.21, "Plan Rows": 1, "Plan Width": 4, "Actual Startup Time": 0.008, "Actual Total Time": 0.071, "Actual Rows": 1, "Actual Loops": 1, "Filter": "((info)::text = 'genres'::text)", "Rows Removed by Filter": 111}, {"Node Type": "Bitmap Heap Scan", "Parent Relationship": "Inner", "Relation Name": "movie_info", "Alias": "mi", "Startup Cost": 4842.14, "Total Cost": 164942.53, "Plan Rows": 2717, "Plan Width": 50, "Actual Startup Time": 178.575, "Actual Total Time": 1125.474, "Actual Rows": 186594, "Actual Loops": 1, "Recheck Cond": "(info_type_id = it1.id)", "Rows Removed by Index Recheck": 0, "Filter": "((info)::text = ANY ('{Horror,Action,Sci-Fi,Thriller,Crime,War}'::text[]))", "Rows Removed by Filter": 1347315, "Exact Heap Blocks": 7426, "Lossy Heap Blocks": 7426, "Plans": [{"Node Type": "Bitmap Index Scan", "Parent Relationship": "Outer", "Index Name": "info_type_id_movie_info", "Startup Cost": 0.0, "Total Cost": 4841.46, "Plan Rows": 212428, "Plan Width": 0, "Actual Startup Time": 177.197, "Actual Total Time": 177.197, "Actual Rows": 1533909, "Actual Loops": 1, "Index Cond": "(info_type_id = it1.id)"}]}]}, {"Node Type": "Index Scan", "Parent Relationship": "Inner", "Scan Direction": "Forward", "Index Name": "movie_id_movie_info_idx", "Relation Name": "movie_info_idx", "Alias": "mi_idx", "Startup Cost": 0.0, "Total Cost": 0.53, "Plan Rows": 2, "Plan Width": 13, "Actual Startup Time": 557.682, "Actual Total Time": 678.182, "Actual Rows": 307785, "Actual Loops": 186594, "Index Cond": "(movie_id = mi.movie_id)", "Rows Removed by Index Recheck": 0}]}]}, {"Node Type": "Index Scan", "Parent Relationship": "Inner", "Scan Direction": "Forward", "Index Name": "title_pkey", "Relation Name": "title", "Alias": "t", "Startup Cost": 0.0, "Total Cost": 0.4, "Plan Rows": 1, "Plan Width": 21, "Actual Startup Time": 444.947, "Actual Total Time": 444.947, "Actual Rows": 102516, "Actual Loops": 102516, "Index Cond": "(id = mi_idx.movie_id)", "Rows Removed by Index Recheck": 0}]}, {"Node Type": "Index Scan", "Parent Relationship": "Inner", "Scan Direction": "Forward", "Index Name": "movie_id_cast_info", "Relation Name": "cast_info", "Alias": "ci", "Startup Cost": 0.0, "Total Cost": 1.01, "Plan Rows": 1, "Plan Width": 8, "Actual Startup Time": 7477.985, "Actual Total Time": 8775.091, "Actual Rows": 54155, "Actual Loops": 102516, "Index Cond": "(movie_id = t.id)", "Rows Removed by Index Recheck": 0, "Filter": "((note)::text = ANY ('{(writer),\"(head writer)\",\"(written by)\",(story),\"(story editor)\"}'::text[]))", "Rows Removed by Filter": 3987641}]}, {"Node Type": "Index Scan", "Parent Relationship": "Inner", "Scan Direction": "Forward", "Index Name": "name_pkey", "Relation Name": "name", "Alias": "n", "Startup Cost": 0.0, "Total Cost": 0.49, "Plan Rows": 1, "Plan Width": 4, "Actual Startup Time": 373.743, "Actual Total Time": 373.743, "Actual Rows": 28073, "Actual Loops": 54155, "Index Cond": "(id = ci.person_id)", "Rows Removed by Index Recheck": 0, "Filter": "((gender)::text = 'm'::text)", "Rows Removed by Filter": 26082}]}]}, "Triggers": [], "Planner Runtime": 8, "Total Runtime": 11969.337, "Unique SQL Id": 3913857139}}, "(16, 38)": {"explain_plan": {"Plan": {"Node Type": "Aggregate", "Strategy": "Plain", "Startup Cost": 71778.9, "Total Cost": 71778.91, "Plan Rows": 1, "Plan Width": 160, "Plans": [{"Node Type": "Nested Loop", "Parent Relationship": "Outer", "Join Type": "Inner", "Startup Cost": 3.89, "Total Cost": 71768.3, "Plan Rows": 1413, "Plan Width": 64, "Inner Unique": true, "Plans": [{"Node Type": "Nested Loop", "Parent Relationship": "Outer", "Join Type": "Inner", "Startup Cost": 3.58, "Total Cost": 66762.88, "Plan Rows": 1155, "Plan Width": 68, "Inner Unique": false, "Plans": [{"Node Type": "Nested Loop", "Parent Relationship": "Outer", "Join Type": "Inner", "Startup Cost": 3.06, "Total Cost": 61920.21, "Plan Rows": 1044, "Plan Width": 76, "Inner Unique": true, "Join Filter": "(mi.movie_id = t.id)", "Plans": [{"Node Type": "Nested Loop", "Parent Relationship": "Outer", "Join Type": "Inner", "Startup Cost": 2.78, "Total Cost": 57421.02, "Plan Rows": 1044, "Plan Width": 55, "Inner Unique": false, "Join Filter": "(mi_idx.info_type_id = it2.id)", "Plans": [{"Node Type": "Seq Scan", "Parent Relationship": "Outer", "Relation Name": "info_type", "Alias": "it2", "Startup Cost": 0.0, "Total Cost": 2.4, "Plan Rows": 1, "Plan Width": 4, "Filter": "((info)::text = 'votes'::text)"}, {"Node Type": "Materialize", "Parent Relationship": "Inner", "Startup Cost": 2.78, "Total Cost": 57376.87, "Plan Rows": 4175, "Plan Width": 59, "Plans": [{"Node Type": "Nested Loop", "Parent Relationship": "Outer", "Join Type": "Inner", "Startup Cost": 2.78, "Total Cost": 57366.43, "Plan Rows": 4175, "Plan Width": 59, "Inner Unique": false, "Plans": [{"Node Type": "Hash Join", "Parent Relationship": "Outer", "Join Type": "Inner", "Startup Cost": 2.41, "Total Cost": 45379.0, "Plan Rows": 2717, "Plan Width": 46, "Inner Unique": true, "Hash Cond": "(mi.info_type_id = it1.id)", "Plans": [{"Node Type": "Streaming(type: LOCAL GATHER dop: 1/16)", "Parent Relationship": "Outer", "Startup Cost": 0.0, "Total Cost": 44636.28, "Plan Rows": 190170, "Plan Width": 50, "Plans": [{"Node Type": "Seq Scan", "Parent Relationship": "Outer", "Relation Name": "movie_info", "Alias": "mi", "Startup Cost": 0.0, "Total Cost": 40532.03, "Plan Rows": 190170, "Plan Width": 50, "Filter": "((info)::text = ANY ('{Horror,Action,Sci-Fi,Thriller,Crime,War}'::text[]))"}]}, {"Node Type": "Hash", "Parent Relationship": "Inner", "Startup Cost": 2.4, "Total Cost": 2.4, "Plan Rows": 1, "Plan Width": 4, "Plans": [{"Node Type": "Seq Scan", "Parent Relationship": "Outer", "Relation Name": "info_type", "Alias": "it1", "Startup Cost": 0.0, "Total Cost": 2.4, "Plan Rows": 1, "Plan Width": 4, "Filter": "((info)::text = 'genres'::text)"}]}]}, {"Node Type": "Bitmap Heap Scan", "Parent Relationship": "Inner", "Relation Name": "movie_info_idx", "Alias": "mi_idx", "Startup Cost": 0.37, "Total Cost": 4.39, "Plan Rows": 2, "Plan Width": 13, "Recheck Cond": "(movie_id = mi.movie_id)", "Plans": [{"Node Type": "Bitmap Index Scan", "Parent Relationship": "Outer", "Index Name": "movie_id_movie_info_idx", "Startup Cost": 0.0, "Total Cost": 0.37, "Plan Rows": 2, "Plan Width": 0, "Index Cond": "(movie_id = mi.movie_id)"}]}]}]}]}, {"Node Type": "Bitmap Heap Scan", "Parent Relationship": "Inner", "Relation Name": "title", "Alias": "t", "Startup Cost": 0.28, "Total Cost": 4.3, "Plan Rows": 1, "Plan Width": 21, "Recheck Cond": "(id = mi_idx.movie_id)", "Plans": [{"Node Type": "Bitmap Index Scan", "Parent Relationship": "Outer", "Index Name": "title_pkey", "Startup Cost": 0.0, "Total Cost": 0.28, "Plan Rows": 1, "Plan Width": 0, "Index Cond": "(id = mi_idx.movie_id)"}]}]}, {"Node Type": "Bitmap Heap Scan", "Parent Relationship": "Inner", "Relation Name": "cast_info", "Alias": "ci", "Startup Cost": 0.52, "Total Cost": 4.63, "Plan Rows": 1, "Plan Width": 8, "Recheck Cond": "(movie_id = t.id)", "Filter": "((note)::text = ANY ('{(writer),\"(head writer)\",\"(written by)\",(story),\"(story editor)\"}'::text[]))", "Plans": [{"Node Type": "Bitmap Index Scan", "Parent Relationship": "Outer", "Index Name": "movie_id_cast_info", "Startup Cost": 0.0, "Total Cost": 0.52, "Plan Rows": 6, "Plan Width": 0, "Index Cond": "(movie_id = t.id)"}]}]}, {"Node Type": "Bitmap Heap Scan", "Parent Relationship": "Inner", "Relation Name": "name", "Alias": "n", "Startup Cost": 0.31, "Total Cost": 4.32, "Plan Rows": 1, "Plan Width": 4, "Recheck Cond": "(id = ci.person_id)", "Filter": "((gender)::text = 'm'::text)", "Plans": [{"Node Type": "Bitmap Index Scan", "Parent Relationship": "Outer", "Index Name": "name_pkey", "Startup Cost": 0.0, "Total Cost": 0.31, "Plan Rows": 1, "Plan Width": 0, "Index Cond": "(id = ci.person_id)"}]}]}]}, "Unique SQL Id": 3913857139, "Planner Runtime": 96}, "explain_analyze_plan": {"Plan": {"Node Type": "Aggregate", "Strategy": "Plain", "Startup Cost": 71778.9, "Total Cost": 71778.91, "Plan Rows": 1, "Plan Width": 160, "Actual Min Startup Time": 14182.094, "Actual Max Startup Time": 14182.094, "Actual Min Total Time": 14182.095, "Actual Max Total Time": 14182.095, "Plans": [{"Node Type": "Nested Loop", "Parent Relationship": "Outer", "Join Type": "Inner", "Startup Cost": 3.89, "Total Cost": 71768.3, "Plan Rows": 1413, "Plan Width": 64, "Actual Min Startup Time": 1686.984, "Actual Max Startup Time": 1686.984, "Actual Min Total Time": 14139.191, "Actual Max Total Time": 14139.191, "Inner Unique": true, "Plans": [{"Node Type": "Nested Loop", "Parent Relationship": "Outer", "Join Type": "Inner", "Startup Cost": 3.58, "Total Cost": 66762.88, "Plan Rows": 1155, "Plan Width": 68, "Actual Min Startup Time": 1686.899, "Actual Max Startup Time": 1686.899, "Actual Min Total Time": 13606.187, "Actual Max Total Time": 13606.187, "Inner Unique": false, "Plans": [{"Node Type": "Nested Loop", "Parent Relationship": "Outer", "Join Type": "Inner", "Startup Cost": 3.06, "Total Cost": 61920.21, "Plan Rows": 1044, "Plan Width": 76, "Actual Min Startup Time": 1686.851, "Actual Max Startup Time": 1686.851, "Actual Min Total Time": 2657.207, "Actual Max Total Time": 2657.207, "Inner Unique": true, "Join Filter": "(mi.movie_id = t.id)", "Rows Removed by Join Filter": 0, "Plans": [{"Node Type": "Nested Loop", "Parent Relationship": "Outer", "Join Type": "Inner", "Startup Cost": 2.78, "Total Cost": 57421.02, "Plan Rows": 1044, "Plan Width": 55, "Actual Min Startup Time": 1686.825, "Actual Max Startup Time": 1686.825, "Actual Min Total Time": 1846.095, "Actual Max Total Time": 1846.095, "Inner Unique": false, "Join Filter": "(mi_idx.info_type_id = it2.id)", "Rows Removed by Join Filter": 205269, "Plans": [{"Node Type": "Seq Scan", "Parent Relationship": "Outer", "Relation Name": "info_type", "Alias": "it2", "Startup Cost": 0.0, "Total Cost": 2.4, "Plan Rows": 1, "Plan Width": 4, "Actual Min Startup Time": 0.063, "Actual Max Startup Time": 0.063, "Actual Min Total Time": 0.076, "Actual Max Total Time": 0.076, "Filter": "((info)::text = 'votes'::text)", "Rows Removed by Filter": 111, "Actual Rows": 1}, {"Node Type": "Materialize", "Parent Relationship": "Inner", "Startup Cost": 2.78, "Total Cost": 57376.87, "Plan Rows": 4175, "Plan Width": 59, "Actual Min Startup Time": 1686.749, "Actual Max Startup Time": 1686.749, "Actual Min Total Time": 1728.968, "Actual Max Total Time": 1728.968, "Plans": [{"Node Type": "Nested Loop", "Parent Relationship": "Outer", "Join Type": "Inner", "Startup Cost": 2.78, "Total Cost": 57366.43, "Plan Rows": 4175, "Plan Width": 59, "Actual Min Startup Time": 418.435, "Actual Max Startup Time": 418.435, "Actual Min Total Time": 1598.436, "Actual Max Total Time": 1598.436, "Inner Unique": false, "Plans": [{"Node Type": "Hash Join", "Parent Relationship": "Outer", "Join Type": "Inner", "Startup Cost": 2.41, "Total Cost": 45379.0, "Plan Rows": 2717, "Plan Width": 46, "Actual Min Startup Time": 418.371, "Actual Max Startup Time": 418.371, "Actual Min Total Time": 576.022, "Actual Max Total Time": 576.022, "Inner Unique": true, "Hash Cond": "(mi.info_type_id = it1.id)", "Plans": [{"Node Type": "Streaming(type: LOCAL GATHER dop: 1/16)", "Parent Relationship": "Outer", "Startup Cost": 0.0, "Total Cost": 44636.28, "Plan Rows": 190170, "Plan Width": 50, "Actual Min Startup Time": 297.405, "Actual Max Startup Time": 297.405, "Actual Min Total Time": 473.955, "Actual Max Total Time": 473.955, "Plans": [{"Node Type": "Seq Scan", "Parent Relationship": "Outer", "Relation Name": "movie_info", "Alias": "mi", "Startup Cost": 0.0, "Total Cost": 40532.03, "Plan Rows": 190170, "Plan Width": 50, "Actual Min Startup Time": 226.025, "Actual Max Startup Time": 409.933, "Actual Min Total Time": 456.309, "Actual Max Total Time": 471.705, "Filter": "((info)::text = ANY ('{Horror,Action,Sci-Fi,Thriller,Crime,War}'::text[]))", "Rows Removed by Filter": 14646748, "Actual Rows": 188971}], "Actual Rows": 188971}, {"Node Type": "Hash", "Parent Relationship": "Inner", "Startup Cost": 2.4, "Total Cost": 2.4, "Plan Rows": 1, "Plan Width": 4, "Actual Min Startup Time": 0.078, "Actual Max Startup Time": 0.078, "Actual Min Total Time": 0.078, "Actual Max Total Time": 0.078, "Max Hash Buckets": 32768, "Min Hash Buckets": 32768, "Max Hash Batches": 1, "Min Hash Batches": 1, "Max Original Hash Batches": 1, "Min Original Hash Batches": 1, "Max Peak Memory Usage": 1, "min Peak Memory Usage": 1, "Plans": [{"Node Type": "Seq Scan", "Parent Relationship": "Outer", "Relation Name": "info_type", "Alias": "it1", "Startup Cost": 0.0, "Total Cost": 2.4, "Plan Rows": 1, "Plan Width": 4, "Actual Min Startup Time": 0.044, "Actual Max Startup Time": 0.044, "Actual Min Total Time": 0.068, "Actual Max Total Time": 0.068, "Filter": "((info)::text = 'genres'::text)", "Rows Removed by Filter": 111, "Actual Rows": 1}], "Actual Rows": 1}], "Actual Rows": 186594}, {"Node Type": "Bitmap Heap Scan", "Parent Relationship": "Inner", "Relation Name": "movie_info_idx", "Alias": "mi_idx", "Startup Cost": 0.37, "Total Cost": 4.39, "Plan Rows": 2, "Plan Width": 13, "Actual Min Startup Time": 703.801, "Actual Max Startup Time": 703.801, "Actual Min Total Time": 746.516, "Actual Max Total Time": 746.516, "Recheck Cond": "(movie_id = mi.movie_id)", "Rows Removed by Index Recheck": 0, "Exact Heap Blocks": 103610, "Lossy Heap Blocks": 103610, "Plans": [{"Node Type": "Bitmap Index Scan", "Parent Relationship": "Outer", "Index Name": "movie_id_movie_info_idx", "Startup Cost": 0.0, "Total Cost": 0.37, "Plan Rows": 2, "Plan Width": 0, "Actual Min Startup Time": 472.651, "Actual Max Startup Time": 472.651, "Actual Min Total Time": 472.651, "Actual Max Total Time": 472.651, "Index Cond": "(movie_id = mi.movie_id)", "Actual Rows": 307785}], "Actual Rows": 307785}], "Actual Rows": 307785}], "Actual Rows": 307786}], "Actual Rows": 102516}, {"Node Type": "Bitmap Heap Scan", "Parent Relationship": "Inner", "Relation Name": "title", "Alias": "t", "Startup Cost": 0.28, "Total Cost": 4.3, "Plan Rows": 1, "Plan Width": 21, "Actual Min Startup Time": 609.583, "Actual Max Startup Time": 609.583, "Actual Min Total Time": 609.583, "Actual Max Total Time": 609.583, "Recheck Cond": "(id = mi_idx.movie_id)", "Rows Removed by Index Recheck": 0, "Exact Heap Blocks": 102516, "Lossy Heap Blocks": 102516, "Plans": [{"Node Type": "Bitmap Index Scan", "Parent Relationship": "Outer", "Index Name": "title_pkey", "Startup Cost": 0.0, "Total Cost": 0.28, "Plan Rows": 1, "Plan Width": 0, "Actual Min Startup Time": 330.837, "Actual Max Startup Time": 330.837, "Actual Min Total Time": 330.837, "Actual Max Total Time": 330.837, "Index Cond": "(id = mi_idx.movie_id)", "Actual Rows": 102516}], "Actual Rows": 102516}], "Actual Rows": 102516}, {"Node Type": "Bitmap Heap Scan", "Parent Relationship": "Inner", "Relation Name": "cast_info", "Alias": "ci", "Startup Cost": 0.52, "Total Cost": 4.63, "Plan Rows": 1, "Plan Width": 8, "Actual Min Startup Time": 9326.124, "Actual Max Startup Time": 9326.124, "Actual Min Total Time": 10783.522, "Actual Max Total Time": 10783.522, "Recheck Cond": "(movie_id = t.id)", "Rows Removed by Index Recheck": 0, "Filter": "((note)::text = ANY ('{(writer),\"(head writer)\",\"(written by)\",(story),\"(story editor)\"}'::text[]))", "Rows Removed by Filter": 3987641, "Exact Heap Blocks": 3901088, "Lossy Heap Blocks": 3901088, "Plans": [{"Node Type": "Bitmap Index Scan", "Parent Relationship": "Outer", "Index Name": "movie_id_cast_info", "Startup Cost": 0.0, "Total Cost": 0.52, "Plan Rows": 6, "Plan Width": 0, "Actual Min Startup Time": 1108.471, "Actual Max Startup Time": 1108.471, "Actual Min Total Time": 1108.471, "Actual Max Total Time": 1108.471, "Index Cond": "(movie_id = t.id)", "Actual Rows": 4041796}], "Actual Rows": 54155}], "Actual Rows": 54155}, {"Node Type": "Bitmap Heap Scan", "Parent Relationship": "Inner", "Relation Name": "name", "Alias": "n", "Startup Cost": 0.31, "Total Cost": 4.32, "Plan Rows": 1, "Plan Width": 4, "Actual Min Startup Time": 447.588, "Actual Max Startup Time": 447.588, "Actual Min Total Time": 447.588, "Actual Max Total Time": 447.588, "Recheck Cond": "(id = ci.person_id)", "Rows Removed by Index Recheck": 0, "Filter": "((gender)::text = 'm'::text)", "Rows Removed by Filter": 26082, "Exact Heap Blocks": 54155, "Lossy Heap Blocks": 54155, "Plans": [{"Node Type": "Bitmap Index Scan", "Parent Relationship": "Outer", "Index Name": "name_pkey", "Startup Cost": 0.0, "Total Cost": 0.31, "Plan Rows": 1, "Plan Width": 0, "Actual Min Startup Time": 287.774, "Actual Max Startup Time": 287.774, "Actual Min Total Time": 287.774, "Actual Max Total Time": 287.774, "Index Cond": "(id = ci.person_id)", "Actual Rows": 54155}], "Actual Rows": 28073}], "Actual Rows": 28073}], "Actual Rows": 1}, "Triggers": [], "Planner Runtime": 96, "Total Runtime": 14185.296, "Unique SQL Id": 3913857139}}, "(16, 39)": {"explain_plan": {"Plan": {"Node Type": "Aggregate", "Strategy": "Plain", "Startup Cost": 191395.62, "Total Cost": 191395.63, "Plan Rows": 1, "Plan Width": 160, "Plans": [{"Node Type": "Nested Loop", "Parent Relationship": "Outer", "Join Type": "Inner", "Startup Cost": 4861.24, "Total Cost": 191385.02, "Plan Rows": 1413, "Plan Width": 64, "Inner Unique": true, "Plans": [{"Node Type": "Nested Loop", "Parent Relationship": "Outer", "Join Type": "Inner", "Startup Cost": 4860.93, "Total Cost": 186379.6, "Plan Rows": 1155, "Plan Width": 68, "Inner Unique": false, "Plans": [{"Node Type": "Nested Loop", "Parent Relationship": "Outer", "Join Type": "Inner", "Startup Cost": 4860.41, "Total Cost": 181536.93, "Plan Rows": 1044, "Plan Width": 76, "Inner Unique": true, "Join Filter": "(mi.movie_id = t.id)", "Plans": [{"Node Type": "Nested Loop", "Parent Relationship": "Outer", "Join Type": "Inner", "Startup Cost": 4860.13, "Total Cost": 177037.74, "Plan Rows": 1044, "Plan Width": 55, "Inner Unique": false, "Join Filter": "(mi_idx.info_type_id = it2.id)", "Plans": [{"Node Type": "Bitmap Heap Scan", "Parent Relationship": "Outer", "Relation Name": "info_type", "Alias": "it2", "Startup Cost": 8.81, "Total Cost": 14.21, "Plan Rows": 1, "Plan Width": 4, "Filter": "((info)::text = 'votes'::text)", "Plans": [{"Node Type": "Bitmap Index Scan", "Parent Relationship": "Outer", "Index Name": "info_type_pkey", "Startup Cost": 0.0, "Total Cost": 8.81, "Plan Rows": 112, "Plan Width": 0}]}, {"Node Type": "Nested Loop", "Parent Relationship": "Inner", "Join Type": "Inner", "Startup Cost": 4851.32, "Total Cost": 176971.34, "Plan Rows": 4175, "Plan Width": 59, "Inner Unique": false, "Plans": [{"Node Type": "Nested Loop", "Parent Relationship": "Outer", "Join Type": "Inner", "Startup Cost": 4850.95, "Total Cost": 164983.91, "Plan Rows": 2717, "Plan Width": 46, "Inner Unique": false, "Plans": [{"Node Type": "Bitmap Heap Scan", "Parent Relationship": "Outer", "Relation Name": "info_type", "Alias": "it1", "Startup Cost": 8.81, "Total Cost": 14.21, "Plan Rows": 1, "Plan Width": 4, "Filter": "((info)::text = 'genres'::text)", "Plans": [{"Node Type": "Bitmap Index Scan", "Parent Relationship": "Outer", "Index Name": "info_type_pkey", "Startup Cost": 0.0, "Total Cost": 8.81, "Plan Rows": 112, "Plan Width": 0}]}, {"Node Type": "Bitmap Heap Scan", "Parent Relationship": "Inner", "Relation Name": "movie_info", "Alias": "mi", "Startup Cost": 4842.14, "Total Cost": 164942.53, "Plan Rows": 2717, "Plan Width": 50, "Recheck Cond": "(info_type_id = it1.id)", "Filter": "((info)::text = ANY ('{Horror,Action,Sci-Fi,Thriller,Crime,War}'::text[]))", "Plans": [{"Node Type": "Bitmap Index Scan", "Parent Relationship": "Outer", "Index Name": "info_type_id_movie_info", "Startup Cost": 0.0, "Total Cost": 4841.46, "Plan Rows": 212428, "Plan Width": 0, "Index Cond": "(info_type_id = it1.id)"}]}]}, {"Node Type": "Bitmap Heap Scan", "Parent Relationship": "Inner", "Relation Name": "movie_info_idx", "Alias": "mi_idx", "Startup Cost": 0.37, "Total Cost": 4.39, "Plan Rows": 2, "Plan Width": 13, "Recheck Cond": "(movie_id = mi.movie_id)", "Plans": [{"Node Type": "Bitmap Index Scan", "Parent Relationship": "Outer", "Index Name": "movie_id_movie_info_idx", "Startup Cost": 0.0, "Total Cost": 0.37, "Plan Rows": 2, "Plan Width": 0, "Index Cond": "(movie_id = mi.movie_id)"}]}]}]}, {"Node Type": "Bitmap Heap Scan", "Parent Relationship": "Inner", "Relation Name": "title", "Alias": "t", "Startup Cost": 0.28, "Total Cost": 4.3, "Plan Rows": 1, "Plan Width": 21, "Recheck Cond": "(id = mi_idx.movie_id)", "Plans": [{"Node Type": "Bitmap Index Scan", "Parent Relationship": "Outer", "Index Name": "title_pkey", "Startup Cost": 0.0, "Total Cost": 0.28, "Plan Rows": 1, "Plan Width": 0, "Index Cond": "(id = mi_idx.movie_id)"}]}]}, {"Node Type": "Bitmap Heap Scan", "Parent Relationship": "Inner", "Relation Name": "cast_info", "Alias": "ci", "Startup Cost": 0.52, "Total Cost": 4.63, "Plan Rows": 1, "Plan Width": 8, "Recheck Cond": "(movie_id = t.id)", "Filter": "((note)::text = ANY ('{(writer),\"(head writer)\",\"(written by)\",(story),\"(story editor)\"}'::text[]))", "Plans": [{"Node Type": "Bitmap Index Scan", "Parent Relationship": "Outer", "Index Name": "movie_id_cast_info", "Startup Cost": 0.0, "Total Cost": 0.52, "Plan Rows": 6, "Plan Width": 0, "Index Cond": "(movie_id = t.id)"}]}]}, {"Node Type": "Bitmap Heap Scan", "Parent Relationship": "Inner", "Relation Name": "name", "Alias": "n", "Startup Cost": 0.31, "Total Cost": 4.32, "Plan Rows": 1, "Plan Width": 4, "Recheck Cond": "(id = ci.person_id)", "Filter": "((gender)::text = 'm'::text)", "Plans": [{"Node Type": "Bitmap Index Scan", "Parent Relationship": "Outer", "Index Name": "name_pkey", "Startup Cost": 0.0, "Total Cost": 0.31, "Plan Rows": 1, "Plan Width": 0, "Index Cond": "(id = ci.person_id)"}]}]}]}, "Unique SQL Id": 3913857139, "Planner Runtime": 17}, "explain_analyze_plan": {"Plan": {"Node Type": "Aggregate", "Strategy": "Plain", "Startup Cost": 191395.62, "Total Cost": 191395.63, "Plan Rows": 1, "Plan Width": 160, "Actual Startup Time": 14138.197, "Actual Total Time": 14138.197, "Actual Rows": 1, "Actual Loops": 1, "Plans": [{"Node Type": "Nested Loop", "Parent Relationship": "Outer", "Join Type": "Inner", "Startup Cost": 4861.24, "Total Cost": 191385.02, "Plan Rows": 1413, "Plan Width": 64, "Actual Startup Time": 187.003, "Actual Total Time": 14094.486, "Actual Rows": 28073, "Actual Loops": 1, "Inner Unique": true, "Plans": [{"Node Type": "Nested Loop", "Parent Relationship": "Outer", "Join Type": "Inner", "Startup Cost": 4860.93, "Total Cost": 186379.6, "Plan Rows": 1155, "Plan Width": 68, "Actual Startup Time": 184.391, "Actual Total Time": 13585.354, "Actual Rows": 54155, "Actual Loops": 1, "Inner Unique": false, "Plans": [{"Node Type": "Nested Loop", "Parent Relationship": "Outer", "Join Type": "Inner", "Startup Cost": 4860.41, "Total Cost": 181536.93, "Plan Rows": 1044, "Plan Width": 76, "Actual Startup Time": 181.346, "Actual Total Time": 3101.831, "Actual Rows": 102516, "Actual Loops": 1, "Inner Unique": true, "Join Filter": "(mi.movie_id = t.id)", "Rows Removed by Join Filter": 0, "Plans": [{"Node Type": "Nested Loop", "Parent Relationship": "Outer", "Join Type": "Inner", "Startup Cost": 4860.13, "Total Cost": 177037.74, "Plan Rows": 1044, "Plan Width": 55, "Actual Startup Time": 181.323, "Actual Total Time": 2380.152, "Actual Rows": 102516, "Actual Loops": 1, "Inner Unique": false, "Join Filter": "(mi_idx.info_type_id = it2.id)", "Rows Removed by Join Filter": 205269, "Plans": [{"Node Type": "Bitmap Heap Scan", "Parent Relationship": "Outer", "Relation Name": "info_type", "Alias": "it2", "Startup Cost": 8.81, "Total Cost": 14.21, "Plan Rows": 1, "Plan Width": 4, "Actual Startup Time": 0.075, "Actual Total Time": 0.079, "Actual Rows": 1, "Actual Loops": 1, "Filter": "((info)::text = 'votes'::text)", "Rows Removed by Filter": 111, "Exact Heap Blocks": 1, "Lossy Heap Blocks": 1, "Plans": [{"Node Type": "Bitmap Index Scan", "Parent Relationship": "Outer", "Index Name": "info_type_pkey", "Startup Cost": 0.0, "Total Cost": 8.81, "Plan Rows": 112, "Plan Width": 0, "Actual Startup Time": 0.014, "Actual Total Time": 0.014, "Actual Rows": 112, "Actual Loops": 1}]}, {"Node Type": "Nested Loop", "Parent Relationship": "Inner", "Join Type": "Inner", "Startup Cost": 4851.32, "Total Cost": 176971.34, "Plan Rows": 4175, "Plan Width": 59, "Actual Startup Time": 181.235, "Actual Total Time": 2285.67, "Actual Rows": 307785, "Actual Loops": 1, "Inner Unique": false, "Plans": [{"Node Type": "Nested Loop", "Parent Relationship": "Outer", "Join Type": "Inner", "Startup Cost": 4850.95, "Total Cost": 164983.91, "Plan Rows": 2717, "Plan Width": 46, "Actual Startup Time": 181.195, "Actual Total Time": 1161.625, "Actual Rows": 186594, "Actual Loops": 1, "Inner Unique": false, "Plans": [{"Node Type": "Bitmap Heap Scan", "Parent Relationship": "Outer", "Relation Name": "info_type", "Alias": "it1", "Startup Cost": 8.81, "Total Cost": 14.21, "Plan Rows": 1, "Plan Width": 4, "Actual Startup Time": 0.029, "Actual Total Time": 0.058, "Actual Rows": 1, "Actual Loops": 1, "Filter": "((info)::text = 'genres'::text)", "Rows Removed by Filter": 111, "Exact Heap Blocks": 1, "Lossy Heap Blocks": 1, "Plans": [{"Node Type": "Bitmap Index Scan", "Parent Relationship": "Outer", "Index Name": "info_type_pkey", "Startup Cost": 0.0, "Total Cost": 8.81, "Plan Rows": 112, "Plan Width": 0, "Actual Startup Time": 0.008, "Actual Total Time": 0.008, "Actual Rows": 112, "Actual Loops": 1}]}, {"Node Type": "Bitmap Heap Scan", "Parent Relationship": "Inner", "Relation Name": "movie_info", "Alias": "mi", "Startup Cost": 4842.14, "Total Cost": 164942.53, "Plan Rows": 2717, "Plan Width": 50, "Actual Startup Time": 181.162, "Actual Total Time": 1119.515, "Actual Rows": 186594, "Actual Loops": 1, "Recheck Cond": "(info_type_id = it1.id)", "Rows Removed by Index Recheck": 0, "Filter": "((info)::text = ANY ('{Horror,Action,Sci-Fi,Thriller,Crime,War}'::text[]))", "Rows Removed by Filter": 1347315, "Exact Heap Blocks": 7426, "Lossy Heap Blocks": 7426, "Plans": [{"Node Type": "Bitmap Index Scan", "Parent Relationship": "Outer", "Index Name": "info_type_id_movie_info", "Startup Cost": 0.0, "Total Cost": 4841.46, "Plan Rows": 212428, "Plan Width": 0, "Actual Startup Time": 179.772, "Actual Total Time": 179.772, "Actual Rows": 1533909, "Actual Loops": 1, "Index Cond": "(info_type_id = it1.id)"}]}]}, {"Node Type": "Bitmap Heap Scan", "Parent Relationship": "Inner", "Relation Name": "movie_info_idx", "Alias": "mi_idx", "Startup Cost": 0.37, "Total Cost": 4.39, "Plan Rows": 2, "Plan Width": 13, "Actual Startup Time": 770.753, "Actual Total Time": 815.789, "Actual Rows": 307785, "Actual Loops": 186594, "Recheck Cond": "(movie_id = mi.movie_id)", "Rows Removed by Index Recheck": 0, "Exact Heap Blocks": 103610, "Lossy Heap Blocks": 103610, "Plans": [{"Node Type": "Bitmap Index Scan", "Parent Relationship": "Outer", "Index Name": "movie_id_movie_info_idx", "Startup Cost": 0.0, "Total Cost": 0.37, "Plan Rows": 2, "Plan Width": 0, "Actual Startup Time": 523.523, "Actual Total Time": 523.523, "Actual Rows": 307785, "Actual Loops": 186594, "Index Cond": "(movie_id = mi.movie_id)"}]}]}]}, {"Node Type": "Bitmap Heap Scan", "Parent Relationship": "Inner", "Relation Name": "title", "Alias": "t", "Startup Cost": 0.28, "Total Cost": 4.3, "Plan Rows": 1, "Plan Width": 21, "Actual Startup Time": 551.607, "Actual Total Time": 551.607, "Actual Rows": 102516, "Actual Loops": 102516, "Recheck Cond": "(id = mi_idx.movie_id)", "Rows Removed by Index Recheck": 0, "Exact Heap Blocks": 102516, "Lossy Heap Blocks": 102516, "Plans": [{"Node Type": "Bitmap Index Scan", "Parent Relationship": "Outer", "Index Name": "title_pkey", "Startup Cost": 0.0, "Total Cost": 0.28, "Plan Rows": 1, "Plan Width": 0, "Actual Startup Time": 308.447, "Actual Total Time": 308.447, "Actual Rows": 102516, "Actual Loops": 102516, "Index Cond": "(id = mi_idx.movie_id)"}]}]}, {"Node Type": "Bitmap Heap Scan", "Parent Relationship": "Inner", "Relation Name": "cast_info", "Alias": "ci", "Startup Cost": 0.52, "Total Cost": 4.63, "Plan Rows": 1, "Plan Width": 8, "Actual Startup Time": 8932.38, "Actual Total Time": 10325.233, "Actual Rows": 54155, "Actual Loops": 102516, "Recheck Cond": "(movie_id = t.id)", "Rows Removed by Index Recheck": 0, "Filter": "((note)::text = ANY ('{(writer),\"(head writer)\",\"(written by)\",(story),\"(story editor)\"}'::text[]))", "Rows Removed by Filter": 3987641, "Exact Heap Blocks": 3901088, "Lossy Heap Blocks": 3901088, "Plans": [{"Node Type": "Bitmap Index Scan", "Parent Relationship": "Outer", "Index Name": "movie_id_cast_info", "Startup Cost": 0.0, "Total Cost": 0.52, "Plan Rows": 6, "Plan Width": 0, "Actual Startup Time": 1094.418, "Actual Total Time": 1094.418, "Actual Rows": 4041796, "Actual Loops": 102516, "Index Cond": "(movie_id = t.id)"}]}]}, {"Node Type": "Bitmap Heap Scan", "Parent Relationship": "Inner", "Relation Name": "name", "Alias": "n", "Startup Cost": 0.31, "Total Cost": 4.32, "Plan Rows": 1, "Plan Width": 4, "Actual Startup Time": 425.148, "Actual Total Time": 425.148, "Actual Rows": 28073, "Actual Loops": 54155, "Recheck Cond": "(id = ci.person_id)", "Rows Removed by Index Recheck": 0, "Filter": "((gender)::text = 'm'::text)", "Rows Removed by Filter": 26082, "Exact Heap Blocks": 54155, "Lossy Heap Blocks": 54155, "Plans": [{"Node Type": "Bitmap Index Scan", "Parent Relationship": "Outer", "Index Name": "name_pkey", "Startup Cost": 0.0, "Total Cost": 0.31, "Plan Rows": 1, "Plan Width": 0, "Actual Startup Time": 273.193, "Actual Total Time": 273.193, "Actual Rows": 54155, "Actual Loops": 54155, "Index Cond": "(id = ci.person_id)"}]}]}]}, "Triggers": [], "Planner Runtime": 7, "Total Runtime": 14138.488, "Unique SQL Id": 3913857139}}, "(16, 40)": {"explain_plan": {"Plan": {"Node Type": "Aggregate", "Strategy": "Plain", "Startup Cost": 49001.33, "Total Cost": 49001.34, "Plan Rows": 1, "Plan Width": 160, "Plans": [{"Node Type": "Nested Loop", "Parent Relationship": "Outer", "Join Type": "Inner", "Startup Cost": 2.41, "Total Cost": 48990.73, "Plan Rows": 1413, "Plan Width": 64, "Inner Unique": true, "Plans": [{"Node Type": "Nested Loop", "Parent Relationship": "Outer", "Join Type": "Inner", "Startup Cost": 2.41, "Total Cost": 48411.46, "Plan Rows": 1155, "Plan Width": 68, "Inner Unique": false, "Plans": [{"Node Type": "Nested Loop", "Parent Relationship": "Outer", "Join Type": "Inner", "Startup Cost": 2.41, "Total Cost": 47349.83, "Plan Rows": 1044, "Plan Width": 76, "Inner Unique": true, "Join Filter": "(mi.movie_id = t.id)", "Plans": [{"Node Type": "Nested Loop", "Parent Relationship": "Outer", "Join Type": "Inner", "Startup Cost": 2.41, "Total Cost": 46921.64, "Plan Rows": 1044, "Plan Width": 55, "Inner Unique": false, "Join Filter": "(mi_idx.info_type_id = it2.id)", "Plans": [{"Node Type": "Seq Scan", "Parent Relationship": "Outer", "Relation Name": "info_type", "Alias": "it2", "Startup Cost": 0.0, "Total Cost": 2.4, "Plan Rows": 1, "Plan Width": 4, "Filter": "((info)::text = 'votes'::text)"}, {"Node Type": "Materialize", "Parent Relationship": "Inner", "Startup Cost": 2.41, "Total Cost": 46877.49, "Plan Rows": 4175, "Plan Width": 59, "Plans": [{"Node Type": "Nested Loop", "Parent Relationship": "Outer", "Join Type": "Inner", "Startup Cost": 2.41, "Total Cost": 46867.05, "Plan Rows": 4175, "Plan Width": 59, "Inner Unique": false, "Plans": [{"Node Type": "Hash Join", "Parent Relationship": "Outer", "Join Type": "Inner", "Startup Cost": 2.41, "Total Cost": 45379.0, "Plan Rows": 2717, "Plan Width": 46, "Inner Unique": true, "Hash Cond": "(mi.info_type_id = it1.id)", "Plans": [{"Node Type": "Streaming(type: LOCAL GATHER dop: 1/16)", "Parent Relationship": "Outer", "Startup Cost": 0.0, "Total Cost": 44636.28, "Plan Rows": 190170, "Plan Width": 50, "Plans": [{"Node Type": "Seq Scan", "Parent Relationship": "Outer", "Relation Name": "movie_info", "Alias": "mi", "Startup Cost": 0.0, "Total Cost": 40532.03, "Plan Rows": 190170, "Plan Width": 50, "Filter": "((info)::text = ANY ('{Horror,Action,Sci-Fi,Thriller,Crime,War}'::text[]))"}]}, {"Node Type": "Hash", "Parent Relationship": "Inner", "Startup Cost": 2.4, "Total Cost": 2.4, "Plan Rows": 1, "Plan Width": 4, "Plans": [{"Node Type": "Seq Scan", "Parent Relationship": "Outer", "Relation Name": "info_type", "Alias": "it1", "Startup Cost": 0.0, "Total Cost": 2.4, "Plan Rows": 1, "Plan Width": 4, "Filter": "((info)::text = 'genres'::text)"}]}]}, {"Node Type": "Index Scan", "Parent Relationship": "Inner", "Scan Direction": "Forward", "Index Name": "movie_id_movie_info_idx", "Relation Name": "movie_info_idx", "Alias": "mi_idx", "Startup Cost": 0.0, "Total Cost": 0.53, "Plan Rows": 2, "Plan Width": 13, "Index Cond": "(movie_id = mi.movie_id)"}]}]}]}, {"Node Type": "Index Scan", "Parent Relationship": "Inner", "Scan Direction": "Forward", "Index Name": "title_pkey", "Relation Name": "title", "Alias": "t", "Startup Cost": 0.0, "Total Cost": 0.4, "Plan Rows": 1, "Plan Width": 21, "Index Cond": "(id = mi_idx.movie_id)"}]}, {"Node Type": "Index Scan", "Parent Relationship": "Inner", "Scan Direction": "Forward", "Index Name": "movie_id_cast_info", "Relation Name": "cast_info", "Alias": "ci", "Startup Cost": 0.0, "Total Cost": 1.01, "Plan Rows": 1, "Plan Width": 8, "Index Cond": "(movie_id = t.id)", "Filter": "((note)::text = ANY ('{(writer),\"(head writer)\",\"(written by)\",(story),\"(story editor)\"}'::text[]))"}]}, {"Node Type": "Index Scan", "Parent Relationship": "Inner", "Scan Direction": "Forward", "Index Name": "name_pkey", "Relation Name": "name", "Alias": "n", "Startup Cost": 0.0, "Total Cost": 0.49, "Plan Rows": 1, "Plan Width": 4, "Index Cond": "(id = ci.person_id)", "Filter": "((gender)::text = 'm'::text)"}]}]}, "Unique SQL Id": 3913857139, "Planner Runtime": 90}, "explain_analyze_plan": {"Plan": {"Node Type": "Aggregate", "Strategy": "Plain", "Startup Cost": 49001.33, "Total Cost": 49001.34, "Plan Rows": 1, "Plan Width": 160, "Actual Min Startup Time": 11556.951, "Actual Max Startup Time": 11556.951, "Actual Min Total Time": 11556.952, "Actual Max Total Time": 11556.952, "Plans": [{"Node Type": "Nested Loop", "Parent Relationship": "Outer", "Join Type": "Inner", "Startup Cost": 2.41, "Total Cost": 48990.73, "Plan Rows": 1413, "Plan Width": 64, "Actual Min Startup Time": 1427.079, "Actual Max Startup Time": 1427.079, "Actual Min Total Time": 11522.3, "Actual Max Total Time": 11522.3, "Inner Unique": true, "Plans": [{"Node Type": "Nested Loop", "Parent Relationship": "Outer", "Join Type": "Inner", "Startup Cost": 2.41, "Total Cost": 48411.46, "Plan Rows": 1155, "Plan Width": 68, "Actual Min Startup Time": 1427.016, "Actual Max Startup Time": 1427.016, "Actual Min Total Time": 11107.448, "Actual Max Total Time": 11107.448, "Inner Unique": false, "Plans": [{"Node Type": "Nested Loop", "Parent Relationship": "Outer", "Join Type": "Inner", "Startup Cost": 2.41, "Total Cost": 47349.83, "Plan Rows": 1044, "Plan Width": 76, "Actual Min Startup Time": 1426.985, "Actual Max Startup Time": 1426.985, "Actual Min Total Time": 2130.874, "Actual Max Total Time": 2130.874, "Inner Unique": true, "Join Filter": "(mi.movie_id = t.id)", "Rows Removed by Join Filter": 0, "Plans": [{"Node Type": "Nested Loop", "Parent Relationship": "Outer", "Join Type": "Inner", "Startup Cost": 2.41, "Total Cost": 46921.64, "Plan Rows": 1044, "Plan Width": 55, "Actual Min Startup Time": 1426.963, "Actual Max Startup Time": 1426.963, "Actual Min Total Time": 1570.38, "Actual Max Total Time": 1570.38, "Inner Unique": false, "Join Filter": "(mi_idx.info_type_id = it2.id)", "Rows Removed by Join Filter": 205269, "Plans": [{"Node Type": "Seq Scan", "Parent Relationship": "Outer", "Relation Name": "info_type", "Alias": "it2", "Startup Cost": 0.0, "Total Cost": 2.4, "Plan Rows": 1, "Plan Width": 4, "Actual Min Startup Time": 0.059, "Actual Max Startup Time": 0.059, "Actual Min Total Time": 0.071, "Actual Max Total Time": 0.071, "Filter": "((info)::text = 'votes'::text)", "Rows Removed by Filter": 111, "Actual Rows": 1}, {"Node Type": "Materialize", "Parent Relationship": "Inner", "Startup Cost": 2.41, "Total Cost": 46877.49, "Plan Rows": 4175, "Plan Width": 59, "Actual Min Startup Time": 1426.889, "Actual Max Startup Time": 1426.889, "Actual Min Total Time": 1466.246, "Actual Max Total Time": 1466.246, "Plans": [{"Node Type": "Nested Loop", "Parent Relationship": "Outer", "Join Type": "Inner", "Startup Cost": 2.41, "Total Cost": 46867.05, "Plan Rows": 4175, "Plan Width": 59, "Actual Min Startup Time": 419.401, "Actual Max Startup Time": 419.401, "Actual Min Total Time": 1338.386, "Actual Max Total Time": 1338.386, "Inner Unique": false, "Plans": [{"Node Type": "Hash Join", "Parent Relationship": "Outer", "Join Type": "Inner", "Startup Cost": 2.41, "Total Cost": 45379.0, "Plan Rows": 2717, "Plan Width": 46, "Actual Min Startup Time": 419.355, "Actual Max Startup Time": 419.355, "Actual Min Total Time": 571.588, "Actual Max Total Time": 571.588, "Inner Unique": true, "Hash Cond": "(mi.info_type_id = it1.id)", "Plans": [{"Node Type": "Streaming(type: LOCAL GATHER dop: 1/16)", "Parent Relationship": "Outer", "Startup Cost": 0.0, "Total Cost": 44636.28, "Plan Rows": 190170, "Plan Width": 50, "Actual Min Startup Time": 298.259, "Actual Max Startup Time": 298.259, "Actual Min Total Time": 478.235, "Actual Max Total Time": 478.235, "Plans": [{"Node Type": "Seq Scan", "Parent Relationship": "Outer", "Relation Name": "movie_info", "Alias": "mi", "Startup Cost": 0.0, "Total Cost": 40532.03, "Plan Rows": 190170, "Plan Width": 50, "Actual Min Startup Time": 226.254, "Actual Max Startup Time": 410.433, "Actual Min Total Time": 456.953, "Actual Max Total Time": 475.703, "Filter": "((info)::text = ANY ('{Horror,Action,Sci-Fi,Thriller,Crime,War}'::text[]))", "Rows Removed by Filter": 14646748, "Actual Rows": 188971}], "Actual Rows": 188971}, {"Node Type": "Hash", "Parent Relationship": "Inner", "Startup Cost": 2.4, "Total Cost": 2.4, "Plan Rows": 1, "Plan Width": 4, "Actual Min Startup Time": 0.078, "Actual Max Startup Time": 0.078, "Actual Min Total Time": 0.078, "Actual Max Total Time": 0.078, "Max Hash Buckets": 32768, "Min Hash Buckets": 32768, "Max Hash Batches": 1, "Min Hash Batches": 1, "Max Original Hash Batches": 1, "Min Original Hash Batches": 1, "Max Peak Memory Usage": 1, "min Peak Memory Usage": 1, "Plans": [{"Node Type": "Seq Scan", "Parent Relationship": "Outer", "Relation Name": "info_type", "Alias": "it1", "Startup Cost": 0.0, "Total Cost": 2.4, "Plan Rows": 1, "Plan Width": 4, "Actual Min Startup Time": 0.045, "Actual Max Startup Time": 0.045, "Actual Min Total Time": 0.069, "Actual Max Total Time": 0.069, "Filter": "((info)::text = 'genres'::text)", "Rows Removed by Filter": 111, "Actual Rows": 1}], "Actual Rows": 1}], "Actual Rows": 186594}, {"Node Type": "Index Scan", "Parent Relationship": "Inner", "Scan Direction": "Forward", "Index Name": "movie_id_movie_info_idx", "Relation Name": "movie_info_idx", "Alias": "mi_idx", "Startup Cost": 0.0, "Total Cost": 0.53, "Plan Rows": 2, "Plan Width": 13, "Actual Min Startup Time": 500.569, "Actual Max Startup Time": 500.569, "Actual Min Total Time": 614.097, "Actual Max Total Time": 614.097, "Index Cond": "(movie_id = mi.movie_id)", "Rows Removed by Index Recheck": 0, "Actual Rows": 307785}], "Actual Rows": 307785}], "Actual Rows": 307786}], "Actual Rows": 102516}, {"Node Type": "Index Scan", "Parent Relationship": "Inner", "Scan Direction": "Forward", "Index Name": "title_pkey", "Relation Name": "title", "Alias": "t", "Startup Cost": 0.0, "Total Cost": 0.4, "Plan Rows": 1, "Plan Width": 21, "Actual Min Startup Time": 456.631, "Actual Max Startup Time": 456.631, "Actual Min Total Time": 456.631, "Actual Max Total Time": 456.631, "Index Cond": "(id = mi_idx.movie_id)", "Rows Removed by Index Recheck": 0, "Actual Rows": 102516}], "Actual Rows": 102516}, {"Node Type": "Index Scan", "Parent Relationship": "Inner", "Scan Direction": "Forward", "Index Name": "movie_id_cast_info", "Relation Name": "cast_info", "Alias": "ci", "Startup Cost": 0.0, "Total Cost": 1.01, "Plan Rows": 1, "Plan Width": 8, "Actual Min Startup Time": 7597.735, "Actual Max Startup Time": 7597.735, "Actual Min Total Time": 8906.114, "Actual Max Total Time": 8906.114, "Index Cond": "(movie_id = t.id)", "Rows Removed by Index Recheck": 0, "Filter": "((note)::text = ANY ('{(writer),\"(head writer)\",\"(written by)\",(story),\"(story editor)\"}'::text[]))", "Rows Removed by Filter": 3987641, "Actual Rows": 54155}], "Actual Rows": 54155}, {"Node Type": "Index Scan", "Parent Relationship": "Inner", "Scan Direction": "Forward", "Index Name": "name_pkey", "Relation Name": "name", "Alias": "n", "Startup Cost": 0.0, "Total Cost": 0.49, "Plan Rows": 1, "Plan Width": 4, "Actual Min Startup Time": 371.683, "Actual Max Startup Time": 371.683, "Actual Min Total Time": 371.683, "Actual Max Total Time": 371.683, "Index Cond": "(id = ci.person_id)", "Rows Removed by Index Recheck": 0, "Filter": "((gender)::text = 'm'::text)", "Rows Removed by Filter": 26082, "Actual Rows": 28073}], "Actual Rows": 28073}], "Actual Rows": 1}, "Triggers": [], "Planner Runtime": 89, "Total Runtime": 11560.154, "Unique SQL Id": 3913857139}}, "(16, 41)": {"explain_plan": {"Plan": {"Node Type": "Aggregate", "Strategy": "Plain", "Startup Cost": 385547.34, "Total Cost": 385547.35, "Plan Rows": 1, "Plan Width": 160, "Plans": [{"Node Type": "Nested Loop", "Parent Relationship": "Outer", "Join Type": "Inner", "Startup Cost": 0.0, "Total Cost": 385536.75, "Plan Rows": 1413, "Plan Width": 64, "Inner Unique": true, "Plans": [{"Node Type": "Nested Loop", "Parent Relationship": "Outer", "Join Type": "Inner", "Startup Cost": 0.0, "Total Cost": 384957.48, "Plan Rows": 1155, "Plan Width": 68, "Inner Unique": false, "Plans": [{"Node Type": "Nested Loop", "Parent Relationship": "Outer", "Join Type": "Inner", "Startup Cost": 0.0, "Total Cost": 383895.85, "Plan Rows": 1044, "Plan Width": 76, "Inner Unique": true, "Join Filter": "(mi.movie_id = t.id)", "Plans": [{"Node Type": "Nested Loop", "Parent Relationship": "Outer", "Join Type": "Inner", "Startup Cost": 0.0, "Total Cost": 383467.66, "Plan Rows": 1044, "Plan Width": 55, "Inner Unique": false, "Join Filter": "(mi.info_type_id = it1.id)", "Plans": [{"Node Type": "Index Scan", "Parent Relationship": "Outer", "Scan Direction": "Forward", "Index Name": "info_type_pkey", "Relation Name": "info_type", "Alias": "it1", "Startup Cost": 0.0, "Total Cost": 14.21, "Plan Rows": 1, "Plan Width": 4, "Filter": "((info)::text = 'genres'::text)"}, {"Node Type": "Nested Loop", "Parent Relationship": "Inner", "Join Type": "Inner", "Startup Cost": 0.0, "Total Cost": 380590.58, "Plan Rows": 229029, "Plan Width": 59, "Inner Unique": false, "Plans": [{"Node Type": "Nested Loop", "Parent Relationship": "Outer", "Join Type": "Inner", "Startup Cost": 0.0, "Total Cost": 38338.2, "Plan Rows": 345008, "Plan Width": 9, "Inner Unique": false, "Plans": [{"Node Type": "Index Scan", "Parent Relationship": "Outer", "Scan Direction": "Forward", "Index Name": "info_type_pkey", "Relation Name": "info_type", "Alias": "it2", "Startup Cost": 0.0, "Total Cost": 14.21, "Plan Rows": 1, "Plan Width": 4, "Filter": "((info)::text = 'votes'::text)"}, {"Node Type": "Index Scan", "Parent Relationship": "Inner", "Scan Direction": "Forward", "Index Name": "info_type_id_movie_info_idx", "Relation Name": "movie_info_idx", "Alias": "mi_idx", "Startup Cost": 0.0, "Total Cost": 34873.91, "Plan Rows": 345008, "Plan Width": 13, "Index Cond": "(info_type_id = it2.id), (LLVM Optimized)"}]}, {"Node Type": "Index Scan", "Parent Relationship": "Inner", "Scan Direction": "Forward", "Index Name": "movie_id_movie_info", "Relation Name": "movie_info", "Alias": "mi", "Startup Cost": 0.0, "Total Cost": 0.98, "Plan Rows": 1, "Plan Width": 50, "Index Cond": "(movie_id = mi_idx.movie_id)", "Filter": "((info)::text = ANY ('{Horror,Action,Sci-Fi,Thriller,Crime,War}'::text[]))"}]}]}, {"Node Type": "Index Scan", "Parent Relationship": "Inner", "Scan Direction": "Forward", "Index Name": "title_pkey", "Relation Name": "title", "Alias": "t", "Startup Cost": 0.0, "Total Cost": 0.4, "Plan Rows": 1, "Plan Width": 21, "Index Cond": "(id = mi_idx.movie_id)"}]}, {"Node Type": "Index Scan", "Parent Relationship": "Inner", "Scan Direction": "Forward", "Index Name": "movie_id_cast_info", "Relation Name": "cast_info", "Alias": "ci", "Startup Cost": 0.0, "Total Cost": 1.01, "Plan Rows": 1, "Plan Width": 8, "Index Cond": "(movie_id = t.id)", "Filter": "((note)::text = ANY ('{(writer),\"(head writer)\",\"(written by)\",(story),\"(story editor)\"}'::text[]))"}]}, {"Node Type": "Index Scan", "Parent Relationship": "Inner", "Scan Direction": "Forward", "Index Name": "name_pkey", "Relation Name": "name", "Alias": "n", "Startup Cost": 0.0, "Total Cost": 0.49, "Plan Rows": 1, "Plan Width": 4, "Index Cond": "(id = ci.person_id)", "Filter": "((gender)::text = 'm'::text)"}]}]}, "Unique SQL Id": 3913857139, "Planner Runtime": 23}, "explain_analyze_plan": {"Plan": {"Node Type": "Aggregate", "Strategy": "Plain", "Startup Cost": 385547.34, "Total Cost": 385547.35, "Plan Rows": 1, "Plan Width": 160, "Actual Startup Time": 19831.111, "Actual Total Time": 19831.111, "Actual Rows": 1, "Actual Loops": 1, "Plans": [{"Node Type": "Nested Loop", "Parent Relationship": "Outer", "Join Type": "Inner", "Startup Cost": 0.0, "Total Cost": 385536.75, "Plan Rows": 1413, "Plan Width": 64, "Actual Startup Time": 29.663, "Actual Total Time": 19790.655, "Actual Rows": 28073, "Actual Loops": 1, "Inner Unique": true, "Plans": [{"Node Type": "Nested Loop", "Parent Relationship": "Outer", "Join Type": "Inner", "Startup Cost": 0.0, "Total Cost": 384957.48, "Plan Rows": 1155, "Plan Width": 68, "Actual Startup Time": 14.7, "Actual Total Time": 19348.306, "Actual Rows": 54155, "Actual Loops": 1, "Inner Unique": false, "Plans": [{"Node Type": "Nested Loop", "Parent Relationship": "Outer", "Join Type": "Inner", "Startup Cost": 0.0, "Total Cost": 383895.85, "Plan Rows": 1044, "Plan Width": 76, "Actual Startup Time": 0.805, "Actual Total Time": 10066.457, "Actual Rows": 102516, "Actual Loops": 1, "Inner Unique": true, "Join Filter": "(mi.movie_id = t.id)", "Rows Removed by Join Filter": 0, "Plans": [{"Node Type": "Nested Loop", "Parent Relationship": "Outer", "Join Type": "Inner", "Startup Cost": 0.0, "Total Cost": 383467.66, "Plan Rows": 1044, "Plan Width": 55, "Actual Startup Time": 0.793, "Actual Total Time": 9476.47, "Actual Rows": 102516, "Actual Loops": 1, "Inner Unique": false, "Join Filter": "(mi.info_type_id = it1.id)", "Rows Removed by Join Filter": 2376, "Plans": [{"Node Type": "Index Scan", "Parent Relationship": "Outer", "Scan Direction": "Forward", "Index Name": "info_type_pkey", "Relation Name": "info_type", "Alias": "it1", "Startup Cost": 0.0, "Total Cost": 14.21, "Plan Rows": 1, "Plan Width": 4, "Actual Startup Time": 0.027, "Actual Total Time": 0.081, "Actual Rows": 1, "Actual Loops": 1, "Filter": "((info)::text = 'genres'::text)", "Rows Removed by Filter": 111}, {"Node Type": "Nested Loop", "Parent Relationship": "Inner", "Join Type": "Inner", "Startup Cost": 0.0, "Total Cost": 380590.58, "Plan Rows": 229029, "Plan Width": 59, "Actual Startup Time": 0.761, "Actual Total Time": 9433.358, "Actual Rows": 104892, "Actual Loops": 1, "Inner Unique": false, "Plans": [{"Node Type": "Nested Loop", "Parent Relationship": "Outer", "Join Type": "Inner", "Startup Cost": 0.0, "Total Cost": 38338.2, "Plan Rows": 345008, "Plan Width": 9, "Actual Startup Time": 0.072, "Actual Total Time": 406.914, "Actual Rows": 459925, "Actual Loops": 1, "Inner Unique": false, "Plans": [{"Node Type": "Index Scan", "Parent Relationship": "Outer", "Scan Direction": "Forward", "Index Name": "info_type_pkey", "Relation Name": "info_type", "Alias": "it2", "Startup Cost": 0.0, "Total Cost": 14.21, "Plan Rows": 1, "Plan Width": 4, "Actual Startup Time": 0.053, "Actual Total Time": 0.068, "Actual Rows": 1, "Actual Loops": 1, "Filter": "((info)::text = 'votes'::text)", "Rows Removed by Filter": 111}, {"Node Type": "Index Scan", "Parent Relationship": "Inner", "Scan Direction": "Forward", "Index Name": "info_type_id_movie_info_idx", "Relation Name": "movie_info_idx", "Alias": "mi_idx", "Startup Cost": 0.0, "Total Cost": 34873.91, "Plan Rows": 345008, "Plan Width": 13, "Actual Startup Time": 0.016, "Actual Total Time": 295.179, "Actual Rows": 459925, "Actual Loops": 1, "Index Cond": "(info_type_id = it2.id), (LLVM Optimized, Jit Execute)", "Rows Removed by Index Recheck": 0}]}, {"Node Type": "Index Scan", "Parent Relationship": "Inner", "Scan Direction": "Forward", "Index Name": "movie_id_movie_info", "Relation Name": "movie_info", "Alias": "mi", "Startup Cost": 0.0, "Total Cost": 0.98, "Plan Rows": 1, "Plan Width": 50, "Actual Startup Time": 8592.13, "Actual Total Time": 8755.617, "Actual Rows": 104892, "Actual Loops": 459925, "Index Cond": "(movie_id = mi_idx.movie_id)", "Rows Removed by Index Recheck": 0, "Filter": "((info)::text = ANY ('{Horror,Action,Sci-Fi,Thriller,Crime,War}'::text[]))", "Rows Removed by Filter": 6825442}]}]}, {"Node Type": "Index Scan", "Parent Relationship": "Inner", "Scan Direction": "Forward", "Index Name": "title_pkey", "Relation Name": "title", "Alias": "t", "Startup Cost": 0.0, "Total Cost": 0.4, "Plan Rows": 1, "Plan Width": 21, "Actual Startup Time": 469.619, "Actual Total Time": 469.619, "Actual Rows": 102516, "Actual Loops": 102516, "Index Cond": "(id = mi_idx.movie_id)", "Rows Removed by Index Recheck": 0}]}, {"Node Type": "Index Scan", "Parent Relationship": "Inner", "Scan Direction": "Forward", "Index Name": "movie_id_cast_info", "Relation Name": "cast_info", "Alias": "ci", "Startup Cost": 0.0, "Total Cost": 1.01, "Plan Rows": 1, "Plan Width": 8, "Actual Startup Time": 7850.991, "Actual Total Time": 9208.892, "Actual Rows": 54155, "Actual Loops": 102516, "Index Cond": "(movie_id = t.id)", "Rows Removed by Index Recheck": 0, "Filter": "((note)::text = ANY ('{(writer),\"(head writer)\",\"(written by)\",(story),\"(story editor)\"}'::text[]))", "Rows Removed by Filter": 3987641}]}, {"Node Type": "Index Scan", "Parent Relationship": "Inner", "Scan Direction": "Forward", "Index Name": "name_pkey", "Relation Name": "name", "Alias": "n", "Startup Cost": 0.0, "Total Cost": 0.49, "Plan Rows": 1, "Plan Width": 4, "Actual Startup Time": 392.522, "Actual Total Time": 392.522, "Actual Rows": 28073, "Actual Loops": 54155, "Index Cond": "(id = ci.person_id)", "Rows Removed by Index Recheck": 0, "Filter": "((gender)::text = 'm'::text)", "Rows Removed by Filter": 26082}]}]}, "Triggers": [], "Planner Runtime": 7, "Total Runtime": 19840.176, "Unique SQL Id": 3913857139}}, "(16, 42)": {"explain_plan": {"Plan": {"Node Type": "Aggregate", "Strategy": "Plain", "Startup Cost": 219731.77, "Total Cost": 219731.81, "Plan Rows": 1, "Plan Width": 160, "Plans": [{"Node Type": "Streaming(type: LOCAL GATHER dop: 1/16)", "Parent Relationship": "Outer", "Startup Cost": 219731.77, "Total Cost": 219731.81, "Plan Rows": 1, "Plan Width": 160, "Plans": [{"Node Type": "Aggregate", "Strategy": "Plain", "Parent Relationship": "Outer", "Startup Cost": 219731.77, "Total Cost": 219731.78, "Plan Rows": 1, "Plan Width": 160, "Plans": [{"Node Type": "Hash Join", "Parent Relationship": "Outer", "Join Type": "Inner", "Startup Cost": 112541.07, "Total Cost": 219721.18, "Plan Rows": 1413, "Plan Width": 64, "Inner Unique": true, "Hash Cond": "(ci.person_id = n.id)", "Plans": [{"Node Type": "Streaming(type: BROADCAST dop: 16/16)", "Parent Relationship": "Outer", "Startup Cost": 105814.1, "Total Cost": 212988.99, "Plan Rows": 18480, "Plan Width": 68, "Plans": [{"Node Type": "Hash Join", "Parent Relationship": "Outer", "Join Type": "Inner", "Startup Cost": 105814.1, "Total Cost": 197942.07, "Plan Rows": 1155, "Plan Width": 68, "Inner Unique": true, "Hash Cond": "(mi.movie_id = t.id)", "Plans": [{"Node Type": "Streaming(type: BROADCAST dop: 16/16)", "Parent Relationship": "Outer", "Startup Cost": 85084.54, "Total Cost": 177207.46, "Plan Rows": 18480, "Plan Width": 63, "Plans": [{"Node Type": "Hash Join", "Parent Relationship": "Outer", "Join Type": "Inner", "Startup Cost": 85084.54, "Total Cost": 162160.53, "Plan Rows": 1155, "Plan Width": 63, "Inner Unique": false, "Hash Cond": "(mi.movie_id = ci.movie_id)", "Plans": [{"Node Type": "Streaming(type: BROADCAST dop: 16/1)", "Parent Relationship": "Outer", "Startup Cost": 17347.71, "Total Cost": 94190.7, "Plan Rows": 16704, "Plan Width": 55, "Plans": [{"Node Type": "Nested Loop", "Parent Relationship": "Outer", "Join Type": "Inner", "Startup Cost": 17347.71, "Total Cost": 78830.19, "Plan Rows": 1044, "Plan Width": 55, "Inner Unique": false, "Join Filter": "(mi_idx.info_type_id = it2.id)", "Plans": [{"Node Type": "Seq Scan", "Parent Relationship": "Outer", "Relation Name": "info_type", "Alias": "it2", "Startup Cost": 0.0, "Total Cost": 2.4, "Plan Rows": 1, "Plan Width": 4, "Filter": "((info)::text = 'votes'::text)"}, {"Node Type": "Materialize", "Parent Relationship": "Inner", "Startup Cost": 17347.71, "Total Cost": 78786.04, "Plan Rows": 4175, "Plan Width": 59, "Plans": [{"Node Type": "Streaming(type: LOCAL GATHER dop: 1/16)", "Parent Relationship": "Outer", "Startup Cost": 17347.71, "Total Cost": 78775.6, "Plan Rows": 4175, "Plan Width": 59, "Plans": [{"Node Type": "Hash Join", "Parent Relationship": "Outer", "Join Type": "Inner", "Startup Cost": 17347.71, "Total Cost": 78685.5, "Plan Rows": 4175, "Plan Width": 59, "Inner Unique": false, "Hash Cond": "(mi.movie_id = mi_idx.movie_id)", "Plans": [{"Node Type": "Streaming(type: BROADCAST dop: 16/1)", "Parent Relationship": "Outer", "Startup Cost": 2.41, "Total Cost": 61317.21, "Plan Rows": 43472, "Plan Width": 46, "Plans": [{"Node Type": "Hash Join", "Parent Relationship": "Outer", "Join Type": "Inner", "Startup Cost": 2.41, "Total Cost": 45379.0, "Plan Rows": 2717, "Plan Width": 46, "Inner Unique": true, "Hash Cond": "(mi.info_type_id = it1.id)", "Plans": [{"Node Type": "Streaming(type: LOCAL GATHER dop: 1/16)", "Parent Relationship": "Outer", "Startup Cost": 0.0, "Total Cost": 44636.28, "Plan Rows": 190170, "Plan Width": 50, "Plans": [{"Node Type": "Seq Scan", "Parent Relationship": "Outer", "Relation Name": "movie_info", "Alias": "mi", "Startup Cost": 0.0, "Total Cost": 40532.03, "Plan Rows": 190170, "Plan Width": 50, "Filter": "((info)::text = ANY ('{Horror,Action,Sci-Fi,Thriller,Crime,War}'::text[]))"}]}, {"Node Type": "Hash", "Parent Relationship": "Inner", "Startup Cost": 2.4, "Total Cost": 2.4, "Plan Rows": 1, "Plan Width": 4, "Plans": [{"Node Type": "Seq Scan", "Parent Relationship": "Outer", "Relation Name": "info_type", "Alias": "it1", "Startup Cost": 0.0, "Total Cost": 2.4, "Plan Rows": 1, "Plan Width": 4, "Filter": "((info)::text = 'genres'::text)"}]}]}]}, {"Node Type": "Hash", "Parent Relationship": "Inner", "Startup Cost": 16267.15, "Total Cost": 16267.15, "Plan Rows": 1380034, "Plan Width": 13, "Plans": [{"Node Type": "Seq Scan", "Parent Relationship": "Outer", "Relation Name": "movie_info_idx", "Alias": "mi_idx", "Startup Cost": 0.0, "Total Cost": 16267.15, "Plan Rows": 1380034, "Plan Width": 13}]}]}]}]}]}]}, {"Node Type": "Hash", "Parent Relationship": "Inner", "Startup Cost": 66781.24, "Total Cost": 66781.24, "Plan Rows": 1223154, "Plan Width": 8, "Plans": [{"Node Type": "Seq Scan", "Parent Relationship": "Outer", "Relation Name": "cast_info", "Alias": "ci", "Startup Cost": 0.0, "Total Cost": 66781.24, "Plan Rows": 1223154, "Plan Width": 8, "Filter": "((note)::text = ANY ('{(writer),\"(head writer)\",\"(written by)\",(story),\"(story editor)\"}'::text[]))"}]}]}]}, {"Node Type": "Hash", "Parent Relationship": "Inner", "Startup Cost": 18754.32, "Total Cost": 18754.32, "Plan Rows": 2528311, "Plan Width": 21, "Plans": [{"Node Type": "Seq Scan", "Parent Relationship": "Outer", "Relation Name": "title", "Alias": "t", "Startup Cost": 0.0, "Total Cost": 18754.32, "Plan Rows": 2528311, "Plan Width": 21}]}]}]}, {"Node Type": "Hash", "Parent Relationship": "Inner", "Startup Cost": 21468.16, "Total Cost": 21468.16, "Plan Rows": 1740714, "Plan Width": 4, "Plans": [{"Node Type": "Seq Scan", "Parent Relationship": "Outer", "Relation Name": "name", "Alias": "n", "Startup Cost": 0.0, "Total Cost": 21468.16, "Plan Rows": 1740714, "Plan Width": 4, "Filter": "((gender)::text = 'm'::text), (LLVM Optimized)"}]}]}]}]}]}, "Unique SQL Id": 3913857139, "Planner Runtime": 146}, "explain_analyze_plan": {"Plan": {"Node Type": "Aggregate", "Strategy": "Plain", "Startup Cost": 219731.77, "Total Cost": 219731.81, "Plan Rows": 1, "Plan Width": 160, "Actual Min Startup Time": 3364.614, "Actual Max Startup Time": 3364.614, "Actual Min Total Time": 3364.615, "Actual Max Total Time": 3364.615, "Plans": [{"Node Type": "Streaming(type: LOCAL GATHER dop: 1/16)", "Parent Relationship": "Outer", "Startup Cost": 219731.77, "Total Cost": 219731.81, "Plan Rows": 1, "Plan Width": 160, "Actual Min Startup Time": 3363.805, "Actual Max Startup Time": 3363.805, "Actual Min Total Time": 3364.574, "Actual Max Total Time": 3364.574, "Plans": [{"Node Type": "Aggregate", "Strategy": "Plain", "Parent Relationship": "Outer", "Startup Cost": 219731.77, "Total Cost": 219731.78, "Plan Rows": 1, "Plan Width": 160, "Actual Min Startup Time": 3219.72, "Actual Max Startup Time": 3291.292, "Actual Min Total Time": 3219.72, "Actual Max Total Time": 3291.292, "Plans": [{"Node Type": "Hash Join", "Parent Relationship": "Outer", "Join Type": "Inner", "Startup Cost": 112541.07, "Total Cost": 219721.18, "Plan Rows": 1413, "Plan Width": 64, "Actual Min Startup Time": 1912.326, "Actual Max Startup Time": 1983.906, "Actual Min Total Time": 3218.156, "Actual Max Total Time": 3289.765, "Inner Unique": true, "Hash Cond": "(ci.person_id = n.id)", "Plans": [{"Node Type": "Streaming(type: BROADCAST dop: 16/16)", "Parent Relationship": "Outer", "Startup Cost": 105814.1, "Total Cost": 212988.99, "Plan Rows": 18480, "Plan Width": 68, "Actual Min Startup Time": 1781.909, "Actual Max Startup Time": 1830.08, "Actual Min Total Time": 3062.634, "Actual Max Total Time": 3119.466, "Plans": [{"Node Type": "Hash Join", "Parent Relationship": "Outer", "Join Type": "Inner", "Startup Cost": 105814.1, "Total Cost": 197942.07, "Plan Rows": 1155, "Plan Width": 68, "Actual Min Startup Time": 1905.702, "Actual Max Startup Time": 1950.322, "Actual Min Total Time": 3182.888, "Actual Max Total Time": 3218.725, "Inner Unique": true, "Hash Cond": "(mi.movie_id = t.id)", "Plans": [{"Node Type": "Streaming(type: BROADCAST dop: 16/16)", "Parent Relationship": "Outer", "Startup Cost": 85084.54, "Total Cost": 177207.46, "Plan Rows": 18480, "Plan Width": 63, "Actual Min Startup Time": 1793.94, "Actual Max Startup Time": 1840.388, "Actual Min Total Time": 3053.528, "Actual Max Total Time": 3090.757, "Plans": [{"Node Type": "Hash Join", "Parent Relationship": "Outer", "Join Type": "Inner", "Startup Cost": 85084.54, "Total Cost": 162160.53, "Plan Rows": 1155, "Plan Width": 63, "Actual Min Startup Time": 1888.985, "Actual Max Startup Time": 1907.456, "Actual Min Total Time": 3173.032, "Actual Max Total Time": 3216.109, "Inner Unique": false, "Hash Cond": "(mi.movie_id = ci.movie_id)", "Plans": [{"Node Type": "Streaming(type: BROADCAST dop: 16/1)", "Parent Relationship": "Outer", "Startup Cost": 17347.71, "Total Cost": 94190.7, "Plan Rows": 16704, "Plan Width": 55, "Actual Min Startup Time": 984.421, "Actual Max Startup Time": 1007.018, "Actual Min Total Time": 2233.606, "Actual Max Total Time": 2288.444, "Plans": [{"Node Type": "Nested Loop", "Parent Relationship": "Outer", "Join Type": "Inner", "Startup Cost": 17347.71, "Total Cost": 78830.19, "Plan Rows": 1044, "Plan Width": 55, "Actual Min Startup Time": 1891.856, "Actual Max Startup Time": 1891.856, "Actual Min Total Time": 2038.628, "Actual Max Total Time": 2038.628, "Inner Unique": false, "Join Filter": "(mi_idx.info_type_id = it2.id)", "Rows Removed by Join Filter": 205269, "Plans": [{"Node Type": "Seq Scan", "Parent Relationship": "Outer", "Relation Name": "info_type", "Alias": "it2", "Startup Cost": 0.0, "Total Cost": 2.4, "Plan Rows": 1, "Plan Width": 4, "Actual Min Startup Time": 0.086, "Actual Max Startup Time": 0.086, "Actual Min Total Time": 0.116, "Actual Max Total Time": 0.116, "Filter": "((info)::text = 'votes'::text)", "Rows Removed by Filter": 111, "Actual Rows": 1}, {"Node Type": "Materialize", "Parent Relationship": "Inner", "Startup Cost": 17347.71, "Total Cost": 78786.04, "Plan Rows": 4175, "Plan Width": 59, "Actual Min Startup Time": 1891.74, "Actual Max Startup Time": 1891.74, "Actual Min Total Time": 1937.841, "Actual Max Total Time": 1937.841, "Plans": [{"Node Type": "Streaming(type: LOCAL GATHER dop: 1/16)", "Parent Relationship": "Outer", "Startup Cost": 17347.71, "Total Cost": 78775.6, "Plan Rows": 4175, "Plan Width": 59, "Actual Min Startup Time": 367.705, "Actual Max Startup Time": 367.705, "Actual Min Total Time": 1844.065, "Actual Max Total Time": 1844.065, "Plans": [{"Node Type": "Hash Join", "Parent Relationship": "Outer", "Join Type": "Inner", "Startup Cost": 17347.71, "Total Cost": 78685.5, "Plan Rows": 4175, "Plan Width": 59, "Actual Min Startup Time": 369.236, "Actual Max Startup Time": 565.479, "Actual Min Total Time": 1867.09, "Actual Max Total Time": 1919.461, "Inner Unique": false, "Hash Cond": "(mi.movie_id = mi_idx.movie_id)", "Plans": [{"Node Type": "Streaming(type: BROADCAST dop: 16/1)", "Parent Relationship": "Outer", "Startup Cost": 2.41, "Total Cost": 61317.21, "Plan Rows": 43472, "Plan Width": 46, "Actual Min Startup Time": 280.796, "Actual Max Startup Time": 367.976, "Actual Min Total Time": 1731.945, "Actual Max Total Time": 1821.086, "Plans": [{"Node Type": "Hash Join", "Parent Relationship": "Outer", "Join Type": "Inner", "Startup Cost": 2.41, "Total Cost": 45379.0, "Plan Rows": 2717, "Plan Width": 46, "Actual Min Startup Time": 379.604, "Actual Max Startup Time": 379.604, "Actual Min Total Time": 517.915, "Actual Max Total Time": 517.915, "Inner Unique": true, "Hash Cond": "(mi.info_type_id = it1.id)", "Plans": [{"Node Type": "Streaming(type: LOCAL GATHER dop: 1/16)", "Parent Relationship": "Outer", "Startup Cost": 0.0, "Total Cost": 44636.28, "Plan Rows": 190170, "Plan Width": 50, "Actual Min Startup Time": 255.029, "Actual Max Startup Time": 255.029, "Actual Min Total Time": 435.914, "Actual Max Total Time": 435.914, "Plans": [{"Node Type": "Seq Scan", "Parent Relationship": "Outer", "Relation Name": "movie_info", "Alias": "mi", "Startup Cost": 0.0, "Total Cost": 40532.03, "Plan Rows": 190170, "Plan Width": 50, "Actual Min Startup Time": 227.011, "Actual Max Startup Time": 419.509, "Actual Min Total Time": 458.896, "Actual Max Total Time": 473.411, "Filter": "((info)::text = ANY ('{Horror,Action,Sci-Fi,Thriller,Crime,War}'::text[]))", "Rows Removed by Filter": 14646748, "Actual Rows": 188971}], "Actual Rows": 188971}, {"Node Type": "Hash", "Parent Relationship": "Inner", "Startup Cost": 2.4, "Total Cost": 2.4, "Plan Rows": 1, "Plan Width": 4, "Actual Min Startup Time": 0.077, "Actual Max Startup Time": 0.077, "Actual Min Total Time": 0.077, "Actual Max Total Time": 0.077, "Max Hash Buckets": 32768, "Min Hash Buckets": 32768, "Max Hash Batches": 1, "Min Hash Batches": 1, "Max Original Hash Batches": 1, "Min Original Hash Batches": 1, "Max Peak Memory Usage": 1, "min Peak Memory Usage": 1, "Plans": [{"Node Type": "Seq Scan", "Parent Relationship": "Outer", "Relation Name": "info_type", "Alias": "it1", "Startup Cost": 0.0, "Total Cost": 2.4, "Plan Rows": 1, "Plan Width": 4, "Actual Min Startup Time": 0.041, "Actual Max Startup Time": 0.041, "Actual Min Total Time": 0.065, "Actual Max Total Time": 0.065, "Filter": "((info)::text = 'genres'::text)", "Rows Removed by Filter": 111, "Actual Rows": 1}], "Actual Rows": 1}], "Actual Rows": 186594}], "Actual Rows": 2985504}, {"Node Type": "Hash", "Parent Relationship": "Inner", "Startup Cost": 16267.15, "Total Cost": 16267.15, "Plan Rows": 1380034, "Plan Width": 13, "Actual Min Startup Time": 51.22, "Actual Max Startup Time": 92.036, "Actual Min Total Time": 51.22, "Actual Max Total Time": 92.036, "Max Hash Buckets": 131072, "Min Hash Buckets": 131072, "Max Hash Batches": 1, "Min Hash Batches": 1, "Max Original Hash Batches": 1, "Min Original Hash Batches": 1, "Max Peak Memory Usage": 4602, "min Peak Memory Usage": 4602, "Plans": [{"Node Type": "Seq Scan", "Parent Relationship": "Outer", "Relation Name": "movie_info_idx", "Alias": "mi_idx", "Startup Cost": 0.0, "Total Cost": 16267.15, "Plan Rows": 1380034, "Plan Width": 13, "Actual Min Startup Time": 0.043, "Actual Max Startup Time": 0.08, "Actual Min Total Time": 25.967, "Actual Max Total Time": 47.565, "Actual Rows": 1380034}], "Actual Rows": 1380034}], "Actual Rows": 307785}], "Actual Rows": 307785}], "Actual Rows": 307786}], "Actual Rows": 102516}], "Actual Rows": 1640256}, {"Node Type": "Hash", "Parent Relationship": "Inner", "Startup Cost": 66781.24, "Total Cost": 66781.24, "Plan Rows": 1223154, "Plan Width": 8, "Actual Min Startup Time": 893.808, "Actual Max Startup Time": 909.242, "Actual Min Total Time": 893.808, "Actual Max Total Time": 909.242, "Max Hash Buckets": 131072, "Min Hash Buckets": 131072, "Max Hash Batches": 1, "Min Hash Batches": 1, "Max Original Hash Batches": 1, "Min Original Hash Batches": 1, "Max Peak Memory Usage": 3042, "min Peak Memory Usage": 3042, "Plans": [{"Node Type": "Seq Scan", "Parent Relationship": "Outer", "Relation Name": "cast_info", "Alias": "ci", "Startup Cost": 0.0, "Total Cost": 66781.24, "Plan Rows": 1223154, "Plan Width": 8, "Actual Min Startup Time": 25.308, "Actual Max Startup Time": 454.023, "Actual Min Total Time": 869.673, "Actual Max Total Time": 886.298, "Filter": "((note)::text = ANY ('{(writer),\"(head writer)\",\"(written by)\",(story),\"(story editor)\"}'::text[]))", "Rows Removed by Filter": 34999627, "Actual Rows": 1244716}], "Actual Rows": 1244716}], "Actual Rows": 54155}], "Actual Rows": 866480}, {"Node Type": "Hash", "Parent Relationship": "Inner", "Startup Cost": 18754.32, "Total Cost": 18754.32, "Plan Rows": 2528311, "Plan Width": 21, "Actual Min Startup Time": 105.26, "Actual Max Startup Time": 122.78, "Actual Min Total Time": 105.26, "Actual Max Total Time": 122.78, "Max Hash Buckets": 262144, "Min Hash Buckets": 262144, "Max Hash Batches": 1, "Min Hash Batches": 1, "Max Original Hash Batches": 1, "Min Original Hash Batches": 1, "Max Peak Memory Usage": 8595, "min Peak Memory Usage": 8595, "Plans": [{"Node Type": "Seq Scan", "Parent Relationship": "Outer", "Relation Name": "title", "Alias": "t", "Startup Cost": 0.0, "Total Cost": 18754.32, "Plan Rows": 2528311, "Plan Width": 21, "Actual Min Startup Time": 0.029, "Actual Max Startup Time": 0.052, "Actual Min Total Time": 51.537, "Actual Max Total Time": 58.847, "Actual Rows": 2528311}], "Actual Rows": 2528311}], "Actual Rows": 54155}], "Actual Rows": 866480}, {"Node Type": "Hash", "Parent Relationship": "Inner", "Startup Cost": 21468.16, "Total Cost": 21468.16, "Plan Rows": 1740714, "Plan Width": 4, "Actual Min Startup Time": 128.678, "Actual Max Startup Time": 153.678, "Actual Min Total Time": 128.678, "Actual Max Total Time": 153.678, "Max Hash Buckets": 131072, "Min Hash Buckets": 131072, "Max Hash Batches": 1, "Min Hash Batches": 1, "Max Original Hash Batches": 1, "Min Original Hash Batches": 1, "Max Peak Memory Usage": 3968, "min Peak Memory Usage": 3968, "Plans": [{"Node Type": "Seq Scan", "Parent Relationship": "Outer", "Relation Name": "name", "Alias": "n", "Startup Cost": 0.0, "Total Cost": 21468.16, "Plan Rows": 1740714, "Plan Width": 4, "Actual Min Startup Time": 0.022, "Actual Max Startup Time": 0.047, "Actual Min Total Time": 96.742, "Actual Max Total Time": 103.471, "Filter": "((gender)::text = 'm'::text), (LLVM Optimized, Jit Execute)", "Rows Removed by Filter": 2427912, "Actual Rows": 1739578}], "Actual Rows": 1739578}], "Actual Rows": 28073}], "Actual Rows": 16}], "Actual Rows": 16}], "Actual Rows": 1}, "Triggers": [], "Planner Runtime": 145, "Total Runtime": 3391.706, "Unique SQL Id": 3913857139}}, "(16, 43)": {"explain_plan": {"Plan": {"Node Type": "Aggregate", "Strategy": "Plain", "Startup Cost": 7000445600668.71, "Total Cost": 7000445600668.72, "Plan Rows": 1, "Plan Width": 160, "Plans": [{"Node Type": "Nested Loop", "Parent Relationship": "Outer", "Join Type": "Inner", "Startup Cost": 70000000000.0, "Total Cost": 7000445600658.11, "Plan Rows": 1413, "Plan Width": 64, "Inner Unique": false, "Join Filter": "(ci.person_id = n.id)", "Plans": [{"Node Type": "Index Scan", "Parent Relationship": "Outer", "Scan Direction": "Forward", "Index Name": "name_pkey", "Relation Name": "name", "Alias": "n", "Startup Cost": 10000000000.0, "Total Cost": 1000018665147.2, "Plan Rows": 1740714, "Plan Width": 4, "Filter": "((gender)::text = 'm'::text), (LLVM Optimized)"}, {"Node Type": "Materialize", "Parent Relationship": "Inner", "Startup Cost": 60000000000.0, "Total Cost": 6000396777643.75, "Plan Rows": 1155, "Plan Width": 68, "Plans": [{"Node Type": "Nested Loop", "Parent Relationship": "Outer", "Join Type": "Inner", "Startup Cost": 60000000000.0, "Total Cost": 6000396777637.97, "Plan Rows": 1155, "Plan Width": 68, "Inner Unique": false, "Join Filter": "(t.id = ci.movie_id)", "Plans": [{"Node Type": "Index Scan", "Parent Relationship": "Outer", "Scan Direction": "Forward", "Index Name": "person_id_cast_info", "Relation Name": "cast_info", "Alias": "ci", "Startup Cost": 10000000000.0, "Total Cost": 1000193311016.96, "Plan Rows": 1223154, "Plan Width": 8, "Filter": "((note)::text = ANY ('{(writer),\"(head writer)\",\"(written by)\",(story),\"(story editor)\"}'::text[]))"}, {"Node Type": "Materialize", "Parent Relationship": "Inner", "Startup Cost": 50000000000.0, "Total Cost": 5000184312031.98, "Plan Rows": 1044, "Plan Width": 76, "Plans": [{"Node Type": "Nested Loop", "Parent Relationship": "Outer", "Join Type": "Inner", "Startup Cost": 50000000000.0, "Total Cost": 5000184312026.76, "Plan Rows": 1044, "Plan Width": 76, "Inner Unique": false, "Join Filter": "(mi.movie_id = t.id)", "Plans": [{"Node Type": "Index Scan", "Parent Relationship": "Outer", "Scan Direction": "Forward", "Index Name": "title_pkey", "Relation Name": "title", "Alias": "t", "Startup Cost": 10000000000.0, "Total Cost": 1000011012048.91, "Plan Rows": 2528311, "Plan Width": 21}, {"Node Type": "Materialize", "Parent Relationship": "Inner", "Startup Cost": 40000000000.0, "Total Cost": 4000133706630.2, "Plan Rows": 1044, "Plan Width": 55, "Plans": [{"Node Type": "Nested Loop", "Parent Relationship": "Outer", "Join Type": "Inner", "Startup Cost": 40000000000.0, "Total Cost": 4000133706624.98, "Plan Rows": 1044, "Plan Width": 55, "Inner Unique": false, "Join Filter": "(mi.movie_id = mi_idx.movie_id)", "Plans": [{"Node Type": "Nested Loop", "Parent Relationship": "Outer", "Join Type": "Inner", "Startup Cost": 20000000000.0, "Total Cost": 2000004672156.88, "Plan Rows": 345008, "Plan Width": 9, "Inner Unique": true, "Join Filter": "(it2.id = mi_idx.info_type_id), (LLVM Optimized)", "Plans": [{"Node Type": "Index Scan", "Parent Relationship": "Outer", "Scan Direction": "Forward", "Index Name": "movie_id_movie_info_idx", "Relation Name": "movie_info_idx", "Alias": "mi_idx", "Startup Cost": 10000000000.0, "Total Cost": 1000004650035.37, "Plan Rows": 1380034, "Plan Width": 13}, {"Node Type": "Materialize", "Parent Relationship": "Inner", "Startup Cost": 10000000000.0, "Total Cost": 1000000001421.0, "Plan Rows": 1, "Plan Width": 4, "Plans": [{"Node Type": "Index Scan", "Parent Relationship": "Outer", "Scan Direction": "Forward", "Index Name": "info_type_pkey", "Relation Name": "info_type", "Alias": "it2", "Startup Cost": 10000000000.0, "Total Cost": 1000000001421.0, "Plan Rows": 1, "Plan Width": 4, "Filter": "((info)::text = 'votes'::text)"}]}]}, {"Node Type": "Materialize", "Parent Relationship": "Inner", "Startup Cost": 20000000000.0, "Total Cost": 2000114973673.85, "Plan Rows": 2717, "Plan Width": 46, "Plans": [{"Node Type": "Nested Loop", "Parent Relationship": "Outer", "Join Type": "Inner", "Startup Cost": 20000000000.0, "Total Cost": 2000114973660.27, "Plan Rows": 2717, "Plan Width": 46, "Inner Unique": true, "Join Filter": "(it1.id = mi.info_type_id)", "Plans": [{"Node Type": "Index Scan", "Parent Relationship": "Outer", "Scan Direction": "Forward", "Index Name": "movie_id_movie_info", "Relation Name": "movie_info", "Alias": "mi", "Startup Cost": 10000000000.0, "Total Cost": 1000114969386.72, "Plan Rows": 190170, "Plan Width": 50, "Filter": "((info)::text = ANY ('{Horror,Action,Sci-Fi,Thriller,Crime,War}'::text[]))"}, {"Node Type": "Materialize", "Parent Relationship": "Inner", "Startup Cost": 10000000000.0, "Total Cost": 1000000001421.0, "Plan Rows": 1, "Plan Width": 4, "Plans": [{"Node Type": "Index Scan", "Parent Relationship": "Outer", "Scan Direction": "Forward", "Index Name": "info_type_pkey", "Relation Name": "info_type", "Alias": "it1", "Startup Cost": 10000000000.0, "Total Cost": 1000000001421.0, "Plan Rows": 1, "Plan Width": 4, "Filter": "((info)::text = 'genres'::text)"}]}]}]}]}]}]}]}]}]}]}]}, "Unique SQL Id": 3913857139, "Planner Runtime": 35}, "explain_analyze_plan": null}, "(16, 44)": {"explain_plan": {"Plan": {"Node Type": "Aggregate", "Strategy": "Plain", "Startup Cost": 49001.33, "Total Cost": 49001.34, "Plan Rows": 1, "Plan Width": 160, "Plans": [{"Node Type": "Nested Loop", "Parent Relationship": "Outer", "Join Type": "Inner", "Startup Cost": 2.41, "Total Cost": 48990.73, "Plan Rows": 1413, "Plan Width": 64, "Inner Unique": true, "Plans": [{"Node Type": "Nested Loop", "Parent Relationship": "Outer", "Join Type": "Inner", "Startup Cost": 2.41, "Total Cost": 48411.46, "Plan Rows": 1155, "Plan Width": 68, "Inner Unique": false, "Plans": [{"Node Type": "Nested Loop", "Parent Relationship": "Outer", "Join Type": "Inner", "Startup Cost": 2.41, "Total Cost": 47349.83, "Plan Rows": 1044, "Plan Width": 76, "Inner Unique": true, "Join Filter": "(mi.movie_id = t.id)", "Plans": [{"Node Type": "Nested Loop", "Parent Relationship": "Outer", "Join Type": "Inner", "Startup Cost": 2.41, "Total Cost": 46921.64, "Plan Rows": 1044, "Plan Width": 55, "Inner Unique": false, "Join Filter": "(mi_idx.info_type_id = it2.id)", "Plans": [{"Node Type": "Seq Scan", "Parent Relationship": "Outer", "Relation Name": "info_type", "Alias": "it2", "Startup Cost": 0.0, "Total Cost": 2.4, "Plan Rows": 1, "Plan Width": 4, "Filter": "((info)::text = 'votes'::text)"}, {"Node Type": "Materialize", "Parent Relationship": "Inner", "Startup Cost": 2.41, "Total Cost": 46877.49, "Plan Rows": 4175, "Plan Width": 59, "Plans": [{"Node Type": "Nested Loop", "Parent Relationship": "Outer", "Join Type": "Inner", "Startup Cost": 2.41, "Total Cost": 46867.05, "Plan Rows": 4175, "Plan Width": 59, "Inner Unique": false, "Plans": [{"Node Type": "Hash Join", "Parent Relationship": "Outer", "Join Type": "Inner", "Startup Cost": 2.41, "Total Cost": 45379.0, "Plan Rows": 2717, "Plan Width": 46, "Inner Unique": true, "Hash Cond": "(mi.info_type_id = it1.id)", "Plans": [{"Node Type": "Streaming(type: LOCAL GATHER dop: 1/16)", "Parent Relationship": "Outer", "Startup Cost": 0.0, "Total Cost": 44636.28, "Plan Rows": 190170, "Plan Width": 50, "Plans": [{"Node Type": "Seq Scan", "Parent Relationship": "Outer", "Relation Name": "movie_info", "Alias": "mi", "Startup Cost": 0.0, "Total Cost": 40532.03, "Plan Rows": 190170, "Plan Width": 50, "Filter": "((info)::text = ANY ('{Horror,Action,Sci-Fi,Thriller,Crime,War}'::text[]))"}]}, {"Node Type": "Hash", "Parent Relationship": "Inner", "Startup Cost": 2.4, "Total Cost": 2.4, "Plan Rows": 1, "Plan Width": 4, "Plans": [{"Node Type": "Seq Scan", "Parent Relationship": "Outer", "Relation Name": "info_type", "Alias": "it1", "Startup Cost": 0.0, "Total Cost": 2.4, "Plan Rows": 1, "Plan Width": 4, "Filter": "((info)::text = 'genres'::text)"}]}]}, {"Node Type": "Index Scan", "Parent Relationship": "Inner", "Scan Direction": "Forward", "Index Name": "movie_id_movie_info_idx", "Relation Name": "movie_info_idx", "Alias": "mi_idx", "Startup Cost": 0.0, "Total Cost": 0.53, "Plan Rows": 2, "Plan Width": 13, "Index Cond": "(movie_id = mi.movie_id)"}]}]}]}, {"Node Type": "Index Scan", "Parent Relationship": "Inner", "Scan Direction": "Forward", "Index Name": "title_pkey", "Relation Name": "title", "Alias": "t", "Startup Cost": 0.0, "Total Cost": 0.4, "Plan Rows": 1, "Plan Width": 21, "Index Cond": "(id = mi_idx.movie_id)"}]}, {"Node Type": "Index Scan", "Parent Relationship": "Inner", "Scan Direction": "Forward", "Index Name": "movie_id_cast_info", "Relation Name": "cast_info", "Alias": "ci", "Startup Cost": 0.0, "Total Cost": 1.01, "Plan Rows": 1, "Plan Width": 8, "Index Cond": "(movie_id = t.id)", "Filter": "((note)::text = ANY ('{(writer),\"(head writer)\",\"(written by)\",(story),\"(story editor)\"}'::text[]))"}]}, {"Node Type": "Index Scan", "Parent Relationship": "Inner", "Scan Direction": "Forward", "Index Name": "name_pkey", "Relation Name": "name", "Alias": "n", "Startup Cost": 0.0, "Total Cost": 0.49, "Plan Rows": 1, "Plan Width": 4, "Index Cond": "(id = ci.person_id)", "Filter": "((gender)::text = 'm'::text)"}]}]}, "Unique SQL Id": 3913857139, "Planner Runtime": 89}, "explain_analyze_plan": {"Plan": {"Node Type": "Aggregate", "Strategy": "Plain", "Startup Cost": 49001.33, "Total Cost": 49001.34, "Plan Rows": 1, "Plan Width": 160, "Actual Min Startup Time": 11556.951, "Actual Max Startup Time": 11556.951, "Actual Min Total Time": 11556.952, "Actual Max Total Time": 11556.952, "Plans": [{"Node Type": "Nested Loop", "Parent Relationship": "Outer", "Join Type": "Inner", "Startup Cost": 2.41, "Total Cost": 48990.73, "Plan Rows": 1413, "Plan Width": 64, "Actual Min Startup Time": 1427.079, "Actual Max Startup Time": 1427.079, "Actual Min Total Time": 11522.3, "Actual Max Total Time": 11522.3, "Inner Unique": true, "Plans": [{"Node Type": "Nested Loop", "Parent Relationship": "Outer", "Join Type": "Inner", "Startup Cost": 2.41, "Total Cost": 48411.46, "Plan Rows": 1155, "Plan Width": 68, "Actual Min Startup Time": 1427.016, "Actual Max Startup Time": 1427.016, "Actual Min Total Time": 11107.448, "Actual Max Total Time": 11107.448, "Inner Unique": false, "Plans": [{"Node Type": "Nested Loop", "Parent Relationship": "Outer", "Join Type": "Inner", "Startup Cost": 2.41, "Total Cost": 47349.83, "Plan Rows": 1044, "Plan Width": 76, "Actual Min Startup Time": 1426.985, "Actual Max Startup Time": 1426.985, "Actual Min Total Time": 2130.874, "Actual Max Total Time": 2130.874, "Inner Unique": true, "Join Filter": "(mi.movie_id = t.id)", "Rows Removed by Join Filter": 0, "Plans": [{"Node Type": "Nested Loop", "Parent Relationship": "Outer", "Join Type": "Inner", "Startup Cost": 2.41, "Total Cost": 46921.64, "Plan Rows": 1044, "Plan Width": 55, "Actual Min Startup Time": 1426.963, "Actual Max Startup Time": 1426.963, "Actual Min Total Time": 1570.38, "Actual Max Total Time": 1570.38, "Inner Unique": false, "Join Filter": "(mi_idx.info_type_id = it2.id)", "Rows Removed by Join Filter": 205269, "Plans": [{"Node Type": "Seq Scan", "Parent Relationship": "Outer", "Relation Name": "info_type", "Alias": "it2", "Startup Cost": 0.0, "Total Cost": 2.4, "Plan Rows": 1, "Plan Width": 4, "Actual Min Startup Time": 0.059, "Actual Max Startup Time": 0.059, "Actual Min Total Time": 0.071, "Actual Max Total Time": 0.071, "Filter": "((info)::text = 'votes'::text)", "Rows Removed by Filter": 111, "Actual Rows": 1}, {"Node Type": "Materialize", "Parent Relationship": "Inner", "Startup Cost": 2.41, "Total Cost": 46877.49, "Plan Rows": 4175, "Plan Width": 59, "Actual Min Startup Time": 1426.889, "Actual Max Startup Time": 1426.889, "Actual Min Total Time": 1466.246, "Actual Max Total Time": 1466.246, "Plans": [{"Node Type": "Nested Loop", "Parent Relationship": "Outer", "Join Type": "Inner", "Startup Cost": 2.41, "Total Cost": 46867.05, "Plan Rows": 4175, "Plan Width": 59, "Actual Min Startup Time": 419.401, "Actual Max Startup Time": 419.401, "Actual Min Total Time": 1338.386, "Actual Max Total Time": 1338.386, "Inner Unique": false, "Plans": [{"Node Type": "Hash Join", "Parent Relationship": "Outer", "Join Type": "Inner", "Startup Cost": 2.41, "Total Cost": 45379.0, "Plan Rows": 2717, "Plan Width": 46, "Actual Min Startup Time": 419.355, "Actual Max Startup Time": 419.355, "Actual Min Total Time": 571.588, "Actual Max Total Time": 571.588, "Inner Unique": true, "Hash Cond": "(mi.info_type_id = it1.id)", "Plans": [{"Node Type": "Streaming(type: LOCAL GATHER dop: 1/16)", "Parent Relationship": "Outer", "Startup Cost": 0.0, "Total Cost": 44636.28, "Plan Rows": 190170, "Plan Width": 50, "Actual Min Startup Time": 298.259, "Actual Max Startup Time": 298.259, "Actual Min Total Time": 478.235, "Actual Max Total Time": 478.235, "Plans": [{"Node Type": "Seq Scan", "Parent Relationship": "Outer", "Relation Name": "movie_info", "Alias": "mi", "Startup Cost": 0.0, "Total Cost": 40532.03, "Plan Rows": 190170, "Plan Width": 50, "Actual Min Startup Time": 226.254, "Actual Max Startup Time": 410.433, "Actual Min Total Time": 456.953, "Actual Max Total Time": 475.703, "Filter": "((info)::text = ANY ('{Horror,Action,Sci-Fi,Thriller,Crime,War}'::text[]))", "Rows Removed by Filter": 14646748, "Actual Rows": 188971}], "Actual Rows": 188971}, {"Node Type": "Hash", "Parent Relationship": "Inner", "Startup Cost": 2.4, "Total Cost": 2.4, "Plan Rows": 1, "Plan Width": 4, "Actual Min Startup Time": 0.078, "Actual Max Startup Time": 0.078, "Actual Min Total Time": 0.078, "Actual Max Total Time": 0.078, "Max Hash Buckets": 32768, "Min Hash Buckets": 32768, "Max Hash Batches": 1, "Min Hash Batches": 1, "Max Original Hash Batches": 1, "Min Original Hash Batches": 1, "Max Peak Memory Usage": 1, "min Peak Memory Usage": 1, "Plans": [{"Node Type": "Seq Scan", "Parent Relationship": "Outer", "Relation Name": "info_type", "Alias": "it1", "Startup Cost": 0.0, "Total Cost": 2.4, "Plan Rows": 1, "Plan Width": 4, "Actual Min Startup Time": 0.045, "Actual Max Startup Time": 0.045, "Actual Min Total Time": 0.069, "Actual Max Total Time": 0.069, "Filter": "((info)::text = 'genres'::text)", "Rows Removed by Filter": 111, "Actual Rows": 1}], "Actual Rows": 1}], "Actual Rows": 186594}, {"Node Type": "Index Scan", "Parent Relationship": "Inner", "Scan Direction": "Forward", "Index Name": "movie_id_movie_info_idx", "Relation Name": "movie_info_idx", "Alias": "mi_idx", "Startup Cost": 0.0, "Total Cost": 0.53, "Plan Rows": 2, "Plan Width": 13, "Actual Min Startup Time": 500.569, "Actual Max Startup Time": 500.569, "Actual Min Total Time": 614.097, "Actual Max Total Time": 614.097, "Index Cond": "(movie_id = mi.movie_id)", "Rows Removed by Index Recheck": 0, "Actual Rows": 307785}], "Actual Rows": 307785}], "Actual Rows": 307786}], "Actual Rows": 102516}, {"Node Type": "Index Scan", "Parent Relationship": "Inner", "Scan Direction": "Forward", "Index Name": "title_pkey", "Relation Name": "title", "Alias": "t", "Startup Cost": 0.0, "Total Cost": 0.4, "Plan Rows": 1, "Plan Width": 21, "Actual Min Startup Time": 456.631, "Actual Max Startup Time": 456.631, "Actual Min Total Time": 456.631, "Actual Max Total Time": 456.631, "Index Cond": "(id = mi_idx.movie_id)", "Rows Removed by Index Recheck": 0, "Actual Rows": 102516}], "Actual Rows": 102516}, {"Node Type": "Index Scan", "Parent Relationship": "Inner", "Scan Direction": "Forward", "Index Name": "movie_id_cast_info", "Relation Name": "cast_info", "Alias": "ci", "Startup Cost": 0.0, "Total Cost": 1.01, "Plan Rows": 1, "Plan Width": 8, "Actual Min Startup Time": 7597.735, "Actual Max Startup Time": 7597.735, "Actual Min Total Time": 8906.114, "Actual Max Total Time": 8906.114, "Index Cond": "(movie_id = t.id)", "Rows Removed by Index Recheck": 0, "Filter": "((note)::text = ANY ('{(writer),\"(head writer)\",\"(written by)\",(story),\"(story editor)\"}'::text[]))", "Rows Removed by Filter": 3987641, "Actual Rows": 54155}], "Actual Rows": 54155}, {"Node Type": "Index Scan", "Parent Relationship": "Inner", "Scan Direction": "Forward", "Index Name": "name_pkey", "Relation Name": "name", "Alias": "n", "Startup Cost": 0.0, "Total Cost": 0.49, "Plan Rows": 1, "Plan Width": 4, "Actual Min Startup Time": 371.683, "Actual Max Startup Time": 371.683, "Actual Min Total Time": 371.683, "Actual Max Total Time": 371.683, "Index Cond": "(id = ci.person_id)", "Rows Removed by Index Recheck": 0, "Filter": "((gender)::text = 'm'::text)", "Rows Removed by Filter": 26082, "Actual Rows": 28073}], "Actual Rows": 28073}], "Actual Rows": 1}, "Triggers": [], "Planner Runtime": 89, "Total Runtime": 11560.154, "Unique SQL Id": 3913857139}}, "(16, 45)": {"explain_plan": {"Plan": {"Node Type": "Aggregate", "Strategy": "Plain", "Startup Cost": 385547.34, "Total Cost": 385547.35, "Plan Rows": 1, "Plan Width": 160, "Plans": [{"Node Type": "Nested Loop", "Parent Relationship": "Outer", "Join Type": "Inner", "Startup Cost": 0.0, "Total Cost": 385536.75, "Plan Rows": 1413, "Plan Width": 64, "Inner Unique": true, "Plans": [{"Node Type": "Nested Loop", "Parent Relationship": "Outer", "Join Type": "Inner", "Startup Cost": 0.0, "Total Cost": 384957.48, "Plan Rows": 1155, "Plan Width": 68, "Inner Unique": false, "Plans": [{"Node Type": "Nested Loop", "Parent Relationship": "Outer", "Join Type": "Inner", "Startup Cost": 0.0, "Total Cost": 383895.85, "Plan Rows": 1044, "Plan Width": 76, "Inner Unique": true, "Join Filter": "(mi.movie_id = t.id)", "Plans": [{"Node Type": "Nested Loop", "Parent Relationship": "Outer", "Join Type": "Inner", "Startup Cost": 0.0, "Total Cost": 383467.66, "Plan Rows": 1044, "Plan Width": 55, "Inner Unique": false, "Join Filter": "(mi.info_type_id = it1.id)", "Plans": [{"Node Type": "Index Scan", "Parent Relationship": "Outer", "Scan Direction": "Forward", "Index Name": "info_type_pkey", "Relation Name": "info_type", "Alias": "it1", "Startup Cost": 0.0, "Total Cost": 14.21, "Plan Rows": 1, "Plan Width": 4, "Filter": "((info)::text = 'genres'::text)"}, {"Node Type": "Nested Loop", "Parent Relationship": "Inner", "Join Type": "Inner", "Startup Cost": 0.0, "Total Cost": 380590.58, "Plan Rows": 229029, "Plan Width": 59, "Inner Unique": false, "Plans": [{"Node Type": "Nested Loop", "Parent Relationship": "Outer", "Join Type": "Inner", "Startup Cost": 0.0, "Total Cost": 38338.2, "Plan Rows": 345008, "Plan Width": 9, "Inner Unique": false, "Plans": [{"Node Type": "Index Scan", "Parent Relationship": "Outer", "Scan Direction": "Forward", "Index Name": "info_type_pkey", "Relation Name": "info_type", "Alias": "it2", "Startup Cost": 0.0, "Total Cost": 14.21, "Plan Rows": 1, "Plan Width": 4, "Filter": "((info)::text = 'votes'::text)"}, {"Node Type": "Index Scan", "Parent Relationship": "Inner", "Scan Direction": "Forward", "Index Name": "info_type_id_movie_info_idx", "Relation Name": "movie_info_idx", "Alias": "mi_idx", "Startup Cost": 0.0, "Total Cost": 34873.91, "Plan Rows": 345008, "Plan Width": 13, "Index Cond": "(info_type_id = it2.id), (LLVM Optimized)"}]}, {"Node Type": "Index Scan", "Parent Relationship": "Inner", "Scan Direction": "Forward", "Index Name": "movie_id_movie_info", "Relation Name": "movie_info", "Alias": "mi", "Startup Cost": 0.0, "Total Cost": 0.98, "Plan Rows": 1, "Plan Width": 50, "Index Cond": "(movie_id = mi_idx.movie_id)", "Filter": "((info)::text = ANY ('{Horror,Action,Sci-Fi,Thriller,Crime,War}'::text[]))"}]}]}, {"Node Type": "Index Scan", "Parent Relationship": "Inner", "Scan Direction": "Forward", "Index Name": "title_pkey", "Relation Name": "title", "Alias": "t", "Startup Cost": 0.0, "Total Cost": 0.4, "Plan Rows": 1, "Plan Width": 21, "Index Cond": "(id = mi_idx.movie_id)"}]}, {"Node Type": "Index Scan", "Parent Relationship": "Inner", "Scan Direction": "Forward", "Index Name": "movie_id_cast_info", "Relation Name": "cast_info", "Alias": "ci", "Startup Cost": 0.0, "Total Cost": 1.01, "Plan Rows": 1, "Plan Width": 8, "Index Cond": "(movie_id = t.id)", "Filter": "((note)::text = ANY ('{(writer),\"(head writer)\",\"(written by)\",(story),\"(story editor)\"}'::text[]))"}]}, {"Node Type": "Index Scan", "Parent Relationship": "Inner", "Scan Direction": "Forward", "Index Name": "name_pkey", "Relation Name": "name", "Alias": "n", "Startup Cost": 0.0, "Total Cost": 0.49, "Plan Rows": 1, "Plan Width": 4, "Index Cond": "(id = ci.person_id)", "Filter": "((gender)::text = 'm'::text)"}]}]}, "Unique SQL Id": 3913857139, "Planner Runtime": 23}, "explain_analyze_plan": {"Plan": {"Node Type": "Aggregate", "Strategy": "Plain", "Startup Cost": 385547.34, "Total Cost": 385547.35, "Plan Rows": 1, "Plan Width": 160, "Actual Startup Time": 19831.111, "Actual Total Time": 19831.111, "Actual Rows": 1, "Actual Loops": 1, "Plans": [{"Node Type": "Nested Loop", "Parent Relationship": "Outer", "Join Type": "Inner", "Startup Cost": 0.0, "Total Cost": 385536.75, "Plan Rows": 1413, "Plan Width": 64, "Actual Startup Time": 29.663, "Actual Total Time": 19790.655, "Actual Rows": 28073, "Actual Loops": 1, "Inner Unique": true, "Plans": [{"Node Type": "Nested Loop", "Parent Relationship": "Outer", "Join Type": "Inner", "Startup Cost": 0.0, "Total Cost": 384957.48, "Plan Rows": 1155, "Plan Width": 68, "Actual Startup Time": 14.7, "Actual Total Time": 19348.306, "Actual Rows": 54155, "Actual Loops": 1, "Inner Unique": false, "Plans": [{"Node Type": "Nested Loop", "Parent Relationship": "Outer", "Join Type": "Inner", "Startup Cost": 0.0, "Total Cost": 383895.85, "Plan Rows": 1044, "Plan Width": 76, "Actual Startup Time": 0.805, "Actual Total Time": 10066.457, "Actual Rows": 102516, "Actual Loops": 1, "Inner Unique": true, "Join Filter": "(mi.movie_id = t.id)", "Rows Removed by Join Filter": 0, "Plans": [{"Node Type": "Nested Loop", "Parent Relationship": "Outer", "Join Type": "Inner", "Startup Cost": 0.0, "Total Cost": 383467.66, "Plan Rows": 1044, "Plan Width": 55, "Actual Startup Time": 0.793, "Actual Total Time": 9476.47, "Actual Rows": 102516, "Actual Loops": 1, "Inner Unique": false, "Join Filter": "(mi.info_type_id = it1.id)", "Rows Removed by Join Filter": 2376, "Plans": [{"Node Type": "Index Scan", "Parent Relationship": "Outer", "Scan Direction": "Forward", "Index Name": "info_type_pkey", "Relation Name": "info_type", "Alias": "it1", "Startup Cost": 0.0, "Total Cost": 14.21, "Plan Rows": 1, "Plan Width": 4, "Actual Startup Time": 0.027, "Actual Total Time": 0.081, "Actual Rows": 1, "Actual Loops": 1, "Filter": "((info)::text = 'genres'::text)", "Rows Removed by Filter": 111}, {"Node Type": "Nested Loop", "Parent Relationship": "Inner", "Join Type": "Inner", "Startup Cost": 0.0, "Total Cost": 380590.58, "Plan Rows": 229029, "Plan Width": 59, "Actual Startup Time": 0.761, "Actual Total Time": 9433.358, "Actual Rows": 104892, "Actual Loops": 1, "Inner Unique": false, "Plans": [{"Node Type": "Nested Loop", "Parent Relationship": "Outer", "Join Type": "Inner", "Startup Cost": 0.0, "Total Cost": 38338.2, "Plan Rows": 345008, "Plan Width": 9, "Actual Startup Time": 0.072, "Actual Total Time": 406.914, "Actual Rows": 459925, "Actual Loops": 1, "Inner Unique": false, "Plans": [{"Node Type": "Index Scan", "Parent Relationship": "Outer", "Scan Direction": "Forward", "Index Name": "info_type_pkey", "Relation Name": "info_type", "Alias": "it2", "Startup Cost": 0.0, "Total Cost": 14.21, "Plan Rows": 1, "Plan Width": 4, "Actual Startup Time": 0.053, "Actual Total Time": 0.068, "Actual Rows": 1, "Actual Loops": 1, "Filter": "((info)::text = 'votes'::text)", "Rows Removed by Filter": 111}, {"Node Type": "Index Scan", "Parent Relationship": "Inner", "Scan Direction": "Forward", "Index Name": "info_type_id_movie_info_idx", "Relation Name": "movie_info_idx", "Alias": "mi_idx", "Startup Cost": 0.0, "Total Cost": 34873.91, "Plan Rows": 345008, "Plan Width": 13, "Actual Startup Time": 0.016, "Actual Total Time": 295.179, "Actual Rows": 459925, "Actual Loops": 1, "Index Cond": "(info_type_id = it2.id), (LLVM Optimized, Jit Execute)", "Rows Removed by Index Recheck": 0}]}, {"Node Type": "Index Scan", "Parent Relationship": "Inner", "Scan Direction": "Forward", "Index Name": "movie_id_movie_info", "Relation Name": "movie_info", "Alias": "mi", "Startup Cost": 0.0, "Total Cost": 0.98, "Plan Rows": 1, "Plan Width": 50, "Actual Startup Time": 8592.13, "Actual Total Time": 8755.617, "Actual Rows": 104892, "Actual Loops": 459925, "Index Cond": "(movie_id = mi_idx.movie_id)", "Rows Removed by Index Recheck": 0, "Filter": "((info)::text = ANY ('{Horror,Action,Sci-Fi,Thriller,Crime,War}'::text[]))", "Rows Removed by Filter": 6825442}]}]}, {"Node Type": "Index Scan", "Parent Relationship": "Inner", "Scan Direction": "Forward", "Index Name": "title_pkey", "Relation Name": "title", "Alias": "t", "Startup Cost": 0.0, "Total Cost": 0.4, "Plan Rows": 1, "Plan Width": 21, "Actual Startup Time": 469.619, "Actual Total Time": 469.619, "Actual Rows": 102516, "Actual Loops": 102516, "Index Cond": "(id = mi_idx.movie_id)", "Rows Removed by Index Recheck": 0}]}, {"Node Type": "Index Scan", "Parent Relationship": "Inner", "Scan Direction": "Forward", "Index Name": "movie_id_cast_info", "Relation Name": "cast_info", "Alias": "ci", "Startup Cost": 0.0, "Total Cost": 1.01, "Plan Rows": 1, "Plan Width": 8, "Actual Startup Time": 7850.991, "Actual Total Time": 9208.892, "Actual Rows": 54155, "Actual Loops": 102516, "Index Cond": "(movie_id = t.id)", "Rows Removed by Index Recheck": 0, "Filter": "((note)::text = ANY ('{(writer),\"(head writer)\",\"(written by)\",(story),\"(story editor)\"}'::text[]))", "Rows Removed by Filter": 3987641}]}, {"Node Type": "Index Scan", "Parent Relationship": "Inner", "Scan Direction": "Forward", "Index Name": "name_pkey", "Relation Name": "name", "Alias": "n", "Startup Cost": 0.0, "Total Cost": 0.49, "Plan Rows": 1, "Plan Width": 4, "Actual Startup Time": 392.522, "Actual Total Time": 392.522, "Actual Rows": 28073, "Actual Loops": 54155, "Index Cond": "(id = ci.person_id)", "Rows Removed by Index Recheck": 0, "Filter": "((gender)::text = 'm'::text)", "Rows Removed by Filter": 26082}]}]}, "Triggers": [], "Planner Runtime": 7, "Total Runtime": 19840.176, "Unique SQL Id": 3913857139}}, "(16, 46)": {"explain_plan": {"Plan": {"Node Type": "Aggregate", "Strategy": "Plain", "Startup Cost": 219731.77, "Total Cost": 219731.81, "Plan Rows": 1, "Plan Width": 160, "Plans": [{"Node Type": "Streaming(type: LOCAL GATHER dop: 1/16)", "Parent Relationship": "Outer", "Startup Cost": 219731.77, "Total Cost": 219731.81, "Plan Rows": 1, "Plan Width": 160, "Plans": [{"Node Type": "Aggregate", "Strategy": "Plain", "Parent Relationship": "Outer", "Startup Cost": 219731.77, "Total Cost": 219731.78, "Plan Rows": 1, "Plan Width": 160, "Plans": [{"Node Type": "Hash Join", "Parent Relationship": "Outer", "Join Type": "Inner", "Startup Cost": 112541.07, "Total Cost": 219721.18, "Plan Rows": 1413, "Plan Width": 64, "Inner Unique": true, "Hash Cond": "(ci.person_id = n.id)", "Plans": [{"Node Type": "Streaming(type: BROADCAST dop: 16/16)", "Parent Relationship": "Outer", "Startup Cost": 105814.1, "Total Cost": 212988.99, "Plan Rows": 18480, "Plan Width": 68, "Plans": [{"Node Type": "Hash Join", "Parent Relationship": "Outer", "Join Type": "Inner", "Startup Cost": 105814.1, "Total Cost": 197942.07, "Plan Rows": 1155, "Plan Width": 68, "Inner Unique": true, "Hash Cond": "(mi.movie_id = t.id)", "Plans": [{"Node Type": "Streaming(type: BROADCAST dop: 16/16)", "Parent Relationship": "Outer", "Startup Cost": 85084.54, "Total Cost": 177207.46, "Plan Rows": 18480, "Plan Width": 63, "Plans": [{"Node Type": "Hash Join", "Parent Relationship": "Outer", "Join Type": "Inner", "Startup Cost": 85084.54, "Total Cost": 162160.53, "Plan Rows": 1155, "Plan Width": 63, "Inner Unique": false, "Hash Cond": "(mi.movie_id = ci.movie_id)", "Plans": [{"Node Type": "Streaming(type: BROADCAST dop: 16/1)", "Parent Relationship": "Outer", "Startup Cost": 17347.71, "Total Cost": 94190.7, "Plan Rows": 16704, "Plan Width": 55, "Plans": [{"Node Type": "Nested Loop", "Parent Relationship": "Outer", "Join Type": "Inner", "Startup Cost": 17347.71, "Total Cost": 78830.19, "Plan Rows": 1044, "Plan Width": 55, "Inner Unique": false, "Join Filter": "(mi_idx.info_type_id = it2.id)", "Plans": [{"Node Type": "Seq Scan", "Parent Relationship": "Outer", "Relation Name": "info_type", "Alias": "it2", "Startup Cost": 0.0, "Total Cost": 2.4, "Plan Rows": 1, "Plan Width": 4, "Filter": "((info)::text = 'votes'::text)"}, {"Node Type": "Materialize", "Parent Relationship": "Inner", "Startup Cost": 17347.71, "Total Cost": 78786.04, "Plan Rows": 4175, "Plan Width": 59, "Plans": [{"Node Type": "Streaming(type: LOCAL GATHER dop: 1/16)", "Parent Relationship": "Outer", "Startup Cost": 17347.71, "Total Cost": 78775.6, "Plan Rows": 4175, "Plan Width": 59, "Plans": [{"Node Type": "Hash Join", "Parent Relationship": "Outer", "Join Type": "Inner", "Startup Cost": 17347.71, "Total Cost": 78685.5, "Plan Rows": 4175, "Plan Width": 59, "Inner Unique": false, "Hash Cond": "(mi.movie_id = mi_idx.movie_id)", "Plans": [{"Node Type": "Streaming(type: BROADCAST dop: 16/1)", "Parent Relationship": "Outer", "Startup Cost": 2.41, "Total Cost": 61317.21, "Plan Rows": 43472, "Plan Width": 46, "Plans": [{"Node Type": "Hash Join", "Parent Relationship": "Outer", "Join Type": "Inner", "Startup Cost": 2.41, "Total Cost": 45379.0, "Plan Rows": 2717, "Plan Width": 46, "Inner Unique": true, "Hash Cond": "(mi.info_type_id = it1.id)", "Plans": [{"Node Type": "Streaming(type: LOCAL GATHER dop: 1/16)", "Parent Relationship": "Outer", "Startup Cost": 0.0, "Total Cost": 44636.28, "Plan Rows": 190170, "Plan Width": 50, "Plans": [{"Node Type": "Seq Scan", "Parent Relationship": "Outer", "Relation Name": "movie_info", "Alias": "mi", "Startup Cost": 0.0, "Total Cost": 40532.03, "Plan Rows": 190170, "Plan Width": 50, "Filter": "((info)::text = ANY ('{Horror,Action,Sci-Fi,Thriller,Crime,War}'::text[]))"}]}, {"Node Type": "Hash", "Parent Relationship": "Inner", "Startup Cost": 2.4, "Total Cost": 2.4, "Plan Rows": 1, "Plan Width": 4, "Plans": [{"Node Type": "Seq Scan", "Parent Relationship": "Outer", "Relation Name": "info_type", "Alias": "it1", "Startup Cost": 0.0, "Total Cost": 2.4, "Plan Rows": 1, "Plan Width": 4, "Filter": "((info)::text = 'genres'::text)"}]}]}]}, {"Node Type": "Hash", "Parent Relationship": "Inner", "Startup Cost": 16267.15, "Total Cost": 16267.15, "Plan Rows": 1380034, "Plan Width": 13, "Plans": [{"Node Type": "Seq Scan", "Parent Relationship": "Outer", "Relation Name": "movie_info_idx", "Alias": "mi_idx", "Startup Cost": 0.0, "Total Cost": 16267.15, "Plan Rows": 1380034, "Plan Width": 13}]}]}]}]}]}]}, {"Node Type": "Hash", "Parent Relationship": "Inner", "Startup Cost": 66781.24, "Total Cost": 66781.24, "Plan Rows": 1223154, "Plan Width": 8, "Plans": [{"Node Type": "Seq Scan", "Parent Relationship": "Outer", "Relation Name": "cast_info", "Alias": "ci", "Startup Cost": 0.0, "Total Cost": 66781.24, "Plan Rows": 1223154, "Plan Width": 8, "Filter": "((note)::text = ANY ('{(writer),\"(head writer)\",\"(written by)\",(story),\"(story editor)\"}'::text[]))"}]}]}]}, {"Node Type": "Hash", "Parent Relationship": "Inner", "Startup Cost": 18754.32, "Total Cost": 18754.32, "Plan Rows": 2528311, "Plan Width": 21, "Plans": [{"Node Type": "Seq Scan", "Parent Relationship": "Outer", "Relation Name": "title", "Alias": "t", "Startup Cost": 0.0, "Total Cost": 18754.32, "Plan Rows": 2528311, "Plan Width": 21}]}]}]}, {"Node Type": "Hash", "Parent Relationship": "Inner", "Startup Cost": 21468.16, "Total Cost": 21468.16, "Plan Rows": 1740714, "Plan Width": 4, "Plans": [{"Node Type": "Seq Scan", "Parent Relationship": "Outer", "Relation Name": "name", "Alias": "n", "Startup Cost": 0.0, "Total Cost": 21468.16, "Plan Rows": 1740714, "Plan Width": 4, "Filter": "((gender)::text = 'm'::text), (LLVM Optimized)"}]}]}]}]}]}, "Unique SQL Id": 3913857139, "Planner Runtime": 145}, "explain_analyze_plan": {"Plan": {"Node Type": "Aggregate", "Strategy": "Plain", "Startup Cost": 219731.77, "Total Cost": 219731.81, "Plan Rows": 1, "Plan Width": 160, "Actual Min Startup Time": 3364.614, "Actual Max Startup Time": 3364.614, "Actual Min Total Time": 3364.615, "Actual Max Total Time": 3364.615, "Plans": [{"Node Type": "Streaming(type: LOCAL GATHER dop: 1/16)", "Parent Relationship": "Outer", "Startup Cost": 219731.77, "Total Cost": 219731.81, "Plan Rows": 1, "Plan Width": 160, "Actual Min Startup Time": 3363.805, "Actual Max Startup Time": 3363.805, "Actual Min Total Time": 3364.574, "Actual Max Total Time": 3364.574, "Plans": [{"Node Type": "Aggregate", "Strategy": "Plain", "Parent Relationship": "Outer", "Startup Cost": 219731.77, "Total Cost": 219731.78, "Plan Rows": 1, "Plan Width": 160, "Actual Min Startup Time": 3219.72, "Actual Max Startup Time": 3291.292, "Actual Min Total Time": 3219.72, "Actual Max Total Time": 3291.292, "Plans": [{"Node Type": "Hash Join", "Parent Relationship": "Outer", "Join Type": "Inner", "Startup Cost": 112541.07, "Total Cost": 219721.18, "Plan Rows": 1413, "Plan Width": 64, "Actual Min Startup Time": 1912.326, "Actual Max Startup Time": 1983.906, "Actual Min Total Time": 3218.156, "Actual Max Total Time": 3289.765, "Inner Unique": true, "Hash Cond": "(ci.person_id = n.id)", "Plans": [{"Node Type": "Streaming(type: BROADCAST dop: 16/16)", "Parent Relationship": "Outer", "Startup Cost": 105814.1, "Total Cost": 212988.99, "Plan Rows": 18480, "Plan Width": 68, "Actual Min Startup Time": 1781.909, "Actual Max Startup Time": 1830.08, "Actual Min Total Time": 3062.634, "Actual Max Total Time": 3119.466, "Plans": [{"Node Type": "Hash Join", "Parent Relationship": "Outer", "Join Type": "Inner", "Startup Cost": 105814.1, "Total Cost": 197942.07, "Plan Rows": 1155, "Plan Width": 68, "Actual Min Startup Time": 1905.702, "Actual Max Startup Time": 1950.322, "Actual Min Total Time": 3182.888, "Actual Max Total Time": 3218.725, "Inner Unique": true, "Hash Cond": "(mi.movie_id = t.id)", "Plans": [{"Node Type": "Streaming(type: BROADCAST dop: 16/16)", "Parent Relationship": "Outer", "Startup Cost": 85084.54, "Total Cost": 177207.46, "Plan Rows": 18480, "Plan Width": 63, "Actual Min Startup Time": 1793.94, "Actual Max Startup Time": 1840.388, "Actual Min Total Time": 3053.528, "Actual Max Total Time": 3090.757, "Plans": [{"Node Type": "Hash Join", "Parent Relationship": "Outer", "Join Type": "Inner", "Startup Cost": 85084.54, "Total Cost": 162160.53, "Plan Rows": 1155, "Plan Width": 63, "Actual Min Startup Time": 1888.985, "Actual Max Startup Time": 1907.456, "Actual Min Total Time": 3173.032, "Actual Max Total Time": 3216.109, "Inner Unique": false, "Hash Cond": "(mi.movie_id = ci.movie_id)", "Plans": [{"Node Type": "Streaming(type: BROADCAST dop: 16/1)", "Parent Relationship": "Outer", "Startup Cost": 17347.71, "Total Cost": 94190.7, "Plan Rows": 16704, "Plan Width": 55, "Actual Min Startup Time": 984.421, "Actual Max Startup Time": 1007.018, "Actual Min Total Time": 2233.606, "Actual Max Total Time": 2288.444, "Plans": [{"Node Type": "Nested Loop", "Parent Relationship": "Outer", "Join Type": "Inner", "Startup Cost": 17347.71, "Total Cost": 78830.19, "Plan Rows": 1044, "Plan Width": 55, "Actual Min Startup Time": 1891.856, "Actual Max Startup Time": 1891.856, "Actual Min Total Time": 2038.628, "Actual Max Total Time": 2038.628, "Inner Unique": false, "Join Filter": "(mi_idx.info_type_id = it2.id)", "Rows Removed by Join Filter": 205269, "Plans": [{"Node Type": "Seq Scan", "Parent Relationship": "Outer", "Relation Name": "info_type", "Alias": "it2", "Startup Cost": 0.0, "Total Cost": 2.4, "Plan Rows": 1, "Plan Width": 4, "Actual Min Startup Time": 0.086, "Actual Max Startup Time": 0.086, "Actual Min Total Time": 0.116, "Actual Max Total Time": 0.116, "Filter": "((info)::text = 'votes'::text)", "Rows Removed by Filter": 111, "Actual Rows": 1}, {"Node Type": "Materialize", "Parent Relationship": "Inner", "Startup Cost": 17347.71, "Total Cost": 78786.04, "Plan Rows": 4175, "Plan Width": 59, "Actual Min Startup Time": 1891.74, "Actual Max Startup Time": 1891.74, "Actual Min Total Time": 1937.841, "Actual Max Total Time": 1937.841, "Plans": [{"Node Type": "Streaming(type: LOCAL GATHER dop: 1/16)", "Parent Relationship": "Outer", "Startup Cost": 17347.71, "Total Cost": 78775.6, "Plan Rows": 4175, "Plan Width": 59, "Actual Min Startup Time": 367.705, "Actual Max Startup Time": 367.705, "Actual Min Total Time": 1844.065, "Actual Max Total Time": 1844.065, "Plans": [{"Node Type": "Hash Join", "Parent Relationship": "Outer", "Join Type": "Inner", "Startup Cost": 17347.71, "Total Cost": 78685.5, "Plan Rows": 4175, "Plan Width": 59, "Actual Min Startup Time": 369.236, "Actual Max Startup Time": 565.479, "Actual Min Total Time": 1867.09, "Actual Max Total Time": 1919.461, "Inner Unique": false, "Hash Cond": "(mi.movie_id = mi_idx.movie_id)", "Plans": [{"Node Type": "Streaming(type: BROADCAST dop: 16/1)", "Parent Relationship": "Outer", "Startup Cost": 2.41, "Total Cost": 61317.21, "Plan Rows": 43472, "Plan Width": 46, "Actual Min Startup Time": 280.796, "Actual Max Startup Time": 367.976, "Actual Min Total Time": 1731.945, "Actual Max Total Time": 1821.086, "Plans": [{"Node Type": "Hash Join", "Parent Relationship": "Outer", "Join Type": "Inner", "Startup Cost": 2.41, "Total Cost": 45379.0, "Plan Rows": 2717, "Plan Width": 46, "Actual Min Startup Time": 379.604, "Actual Max Startup Time": 379.604, "Actual Min Total Time": 517.915, "Actual Max Total Time": 517.915, "Inner Unique": true, "Hash Cond": "(mi.info_type_id = it1.id)", "Plans": [{"Node Type": "Streaming(type: LOCAL GATHER dop: 1/16)", "Parent Relationship": "Outer", "Startup Cost": 0.0, "Total Cost": 44636.28, "Plan Rows": 190170, "Plan Width": 50, "Actual Min Startup Time": 255.029, "Actual Max Startup Time": 255.029, "Actual Min Total Time": 435.914, "Actual Max Total Time": 435.914, "Plans": [{"Node Type": "Seq Scan", "Parent Relationship": "Outer", "Relation Name": "movie_info", "Alias": "mi", "Startup Cost": 0.0, "Total Cost": 40532.03, "Plan Rows": 190170, "Plan Width": 50, "Actual Min Startup Time": 227.011, "Actual Max Startup Time": 419.509, "Actual Min Total Time": 458.896, "Actual Max Total Time": 473.411, "Filter": "((info)::text = ANY ('{Horror,Action,Sci-Fi,Thriller,Crime,War}'::text[]))", "Rows Removed by Filter": 14646748, "Actual Rows": 188971}], "Actual Rows": 188971}, {"Node Type": "Hash", "Parent Relationship": "Inner", "Startup Cost": 2.4, "Total Cost": 2.4, "Plan Rows": 1, "Plan Width": 4, "Actual Min Startup Time": 0.077, "Actual Max Startup Time": 0.077, "Actual Min Total Time": 0.077, "Actual Max Total Time": 0.077, "Max Hash Buckets": 32768, "Min Hash Buckets": 32768, "Max Hash Batches": 1, "Min Hash Batches": 1, "Max Original Hash Batches": 1, "Min Original Hash Batches": 1, "Max Peak Memory Usage": 1, "min Peak Memory Usage": 1, "Plans": [{"Node Type": "Seq Scan", "Parent Relationship": "Outer", "Relation Name": "info_type", "Alias": "it1", "Startup Cost": 0.0, "Total Cost": 2.4, "Plan Rows": 1, "Plan Width": 4, "Actual Min Startup Time": 0.041, "Actual Max Startup Time": 0.041, "Actual Min Total Time": 0.065, "Actual Max Total Time": 0.065, "Filter": "((info)::text = 'genres'::text)", "Rows Removed by Filter": 111, "Actual Rows": 1}], "Actual Rows": 1}], "Actual Rows": 186594}], "Actual Rows": 2985504}, {"Node Type": "Hash", "Parent Relationship": "Inner", "Startup Cost": 16267.15, "Total Cost": 16267.15, "Plan Rows": 1380034, "Plan Width": 13, "Actual Min Startup Time": 51.22, "Actual Max Startup Time": 92.036, "Actual Min Total Time": 51.22, "Actual Max Total Time": 92.036, "Max Hash Buckets": 131072, "Min Hash Buckets": 131072, "Max Hash Batches": 1, "Min Hash Batches": 1, "Max Original Hash Batches": 1, "Min Original Hash Batches": 1, "Max Peak Memory Usage": 4602, "min Peak Memory Usage": 4602, "Plans": [{"Node Type": "Seq Scan", "Parent Relationship": "Outer", "Relation Name": "movie_info_idx", "Alias": "mi_idx", "Startup Cost": 0.0, "Total Cost": 16267.15, "Plan Rows": 1380034, "Plan Width": 13, "Actual Min Startup Time": 0.043, "Actual Max Startup Time": 0.08, "Actual Min Total Time": 25.967, "Actual Max Total Time": 47.565, "Actual Rows": 1380034}], "Actual Rows": 1380034}], "Actual Rows": 307785}], "Actual Rows": 307785}], "Actual Rows": 307786}], "Actual Rows": 102516}], "Actual Rows": 1640256}, {"Node Type": "Hash", "Parent Relationship": "Inner", "Startup Cost": 66781.24, "Total Cost": 66781.24, "Plan Rows": 1223154, "Plan Width": 8, "Actual Min Startup Time": 893.808, "Actual Max Startup Time": 909.242, "Actual Min Total Time": 893.808, "Actual Max Total Time": 909.242, "Max Hash Buckets": 131072, "Min Hash Buckets": 131072, "Max Hash Batches": 1, "Min Hash Batches": 1, "Max Original Hash Batches": 1, "Min Original Hash Batches": 1, "Max Peak Memory Usage": 3042, "min Peak Memory Usage": 3042, "Plans": [{"Node Type": "Seq Scan", "Parent Relationship": "Outer", "Relation Name": "cast_info", "Alias": "ci", "Startup Cost": 0.0, "Total Cost": 66781.24, "Plan Rows": 1223154, "Plan Width": 8, "Actual Min Startup Time": 25.308, "Actual Max Startup Time": 454.023, "Actual Min Total Time": 869.673, "Actual Max Total Time": 886.298, "Filter": "((note)::text = ANY ('{(writer),\"(head writer)\",\"(written by)\",(story),\"(story editor)\"}'::text[]))", "Rows Removed by Filter": 34999627, "Actual Rows": 1244716}], "Actual Rows": 1244716}], "Actual Rows": 54155}], "Actual Rows": 866480}, {"Node Type": "Hash", "Parent Relationship": "Inner", "Startup Cost": 18754.32, "Total Cost": 18754.32, "Plan Rows": 2528311, "Plan Width": 21, "Actual Min Startup Time": 105.26, "Actual Max Startup Time": 122.78, "Actual Min Total Time": 105.26, "Actual Max Total Time": 122.78, "Max Hash Buckets": 262144, "Min Hash Buckets": 262144, "Max Hash Batches": 1, "Min Hash Batches": 1, "Max Original Hash Batches": 1, "Min Original Hash Batches": 1, "Max Peak Memory Usage": 8595, "min Peak Memory Usage": 8595, "Plans": [{"Node Type": "Seq Scan", "Parent Relationship": "Outer", "Relation Name": "title", "Alias": "t", "Startup Cost": 0.0, "Total Cost": 18754.32, "Plan Rows": 2528311, "Plan Width": 21, "Actual Min Startup Time": 0.029, "Actual Max Startup Time": 0.052, "Actual Min Total Time": 51.537, "Actual Max Total Time": 58.847, "Actual Rows": 2528311}], "Actual Rows": 2528311}], "Actual Rows": 54155}], "Actual Rows": 866480}, {"Node Type": "Hash", "Parent Relationship": "Inner", "Startup Cost": 21468.16, "Total Cost": 21468.16, "Plan Rows": 1740714, "Plan Width": 4, "Actual Min Startup Time": 128.678, "Actual Max Startup Time": 153.678, "Actual Min Total Time": 128.678, "Actual Max Total Time": 153.678, "Max Hash Buckets": 131072, "Min Hash Buckets": 131072, "Max Hash Batches": 1, "Min Hash Batches": 1, "Max Original Hash Batches": 1, "Min Original Hash Batches": 1, "Max Peak Memory Usage": 3968, "min Peak Memory Usage": 3968, "Plans": [{"Node Type": "Seq Scan", "Parent Relationship": "Outer", "Relation Name": "name", "Alias": "n", "Startup Cost": 0.0, "Total Cost": 21468.16, "Plan Rows": 1740714, "Plan Width": 4, "Actual Min Startup Time": 0.022, "Actual Max Startup Time": 0.047, "Actual Min Total Time": 96.742, "Actual Max Total Time": 103.471, "Filter": "((gender)::text = 'm'::text), (LLVM Optimized, Jit Execute)", "Rows Removed by Filter": 2427912, "Actual Rows": 1739578}], "Actual Rows": 1739578}], "Actual Rows": 28073}], "Actual Rows": 16}], "Actual Rows": 16}], "Actual Rows": 1}, "Triggers": [], "Planner Runtime": 145, "Total Runtime": 3391.706, "Unique SQL Id": 3913857139}}, "(16, 47)": {"explain_plan": {"Plan": {"Node Type": "Aggregate", "Strategy": "Plain", "Startup Cost": 7000445600668.71, "Total Cost": 7000445600668.72, "Plan Rows": 1, "Plan Width": 160, "Plans": [{"Node Type": "Nested Loop", "Parent Relationship": "Outer", "Join Type": "Inner", "Startup Cost": 70000000000.0, "Total Cost": 7000445600658.11, "Plan Rows": 1413, "Plan Width": 64, "Inner Unique": false, "Join Filter": "(ci.person_id = n.id)", "Plans": [{"Node Type": "Index Scan", "Parent Relationship": "Outer", "Scan Direction": "Forward", "Index Name": "name_pkey", "Relation Name": "name", "Alias": "n", "Startup Cost": 10000000000.0, "Total Cost": 1000018665147.2, "Plan Rows": 1740714, "Plan Width": 4, "Filter": "((gender)::text = 'm'::text), (LLVM Optimized)"}, {"Node Type": "Materialize", "Parent Relationship": "Inner", "Startup Cost": 60000000000.0, "Total Cost": 6000396777643.75, "Plan Rows": 1155, "Plan Width": 68, "Plans": [{"Node Type": "Nested Loop", "Parent Relationship": "Outer", "Join Type": "Inner", "Startup Cost": 60000000000.0, "Total Cost": 6000396777637.97, "Plan Rows": 1155, "Plan Width": 68, "Inner Unique": false, "Join Filter": "(t.id = ci.movie_id)", "Plans": [{"Node Type": "Index Scan", "Parent Relationship": "Outer", "Scan Direction": "Forward", "Index Name": "person_id_cast_info", "Relation Name": "cast_info", "Alias": "ci", "Startup Cost": 10000000000.0, "Total Cost": 1000193311016.96, "Plan Rows": 1223154, "Plan Width": 8, "Filter": "((note)::text = ANY ('{(writer),\"(head writer)\",\"(written by)\",(story),\"(story editor)\"}'::text[]))"}, {"Node Type": "Materialize", "Parent Relationship": "Inner", "Startup Cost": 50000000000.0, "Total Cost": 5000184312031.98, "Plan Rows": 1044, "Plan Width": 76, "Plans": [{"Node Type": "Nested Loop", "Parent Relationship": "Outer", "Join Type": "Inner", "Startup Cost": 50000000000.0, "Total Cost": 5000184312026.76, "Plan Rows": 1044, "Plan Width": 76, "Inner Unique": false, "Join Filter": "(mi.movie_id = t.id)", "Plans": [{"Node Type": "Index Scan", "Parent Relationship": "Outer", "Scan Direction": "Forward", "Index Name": "title_pkey", "Relation Name": "title", "Alias": "t", "Startup Cost": 10000000000.0, "Total Cost": 1000011012048.91, "Plan Rows": 2528311, "Plan Width": 21}, {"Node Type": "Materialize", "Parent Relationship": "Inner", "Startup Cost": 40000000000.0, "Total Cost": 4000133706630.2, "Plan Rows": 1044, "Plan Width": 55, "Plans": [{"Node Type": "Nested Loop", "Parent Relationship": "Outer", "Join Type": "Inner", "Startup Cost": 40000000000.0, "Total Cost": 4000133706624.98, "Plan Rows": 1044, "Plan Width": 55, "Inner Unique": false, "Join Filter": "(mi.movie_id = mi_idx.movie_id)", "Plans": [{"Node Type": "Nested Loop", "Parent Relationship": "Outer", "Join Type": "Inner", "Startup Cost": 20000000000.0, "Total Cost": 2000004672156.88, "Plan Rows": 345008, "Plan Width": 9, "Inner Unique": true, "Join Filter": "(it2.id = mi_idx.info_type_id), (LLVM Optimized)", "Plans": [{"Node Type": "Index Scan", "Parent Relationship": "Outer", "Scan Direction": "Forward", "Index Name": "movie_id_movie_info_idx", "Relation Name": "movie_info_idx", "Alias": "mi_idx", "Startup Cost": 10000000000.0, "Total Cost": 1000004650035.37, "Plan Rows": 1380034, "Plan Width": 13}, {"Node Type": "Materialize", "Parent Relationship": "Inner", "Startup Cost": 10000000000.0, "Total Cost": 1000000001421.0, "Plan Rows": 1, "Plan Width": 4, "Plans": [{"Node Type": "Index Scan", "Parent Relationship": "Outer", "Scan Direction": "Forward", "Index Name": "info_type_pkey", "Relation Name": "info_type", "Alias": "it2", "Startup Cost": 10000000000.0, "Total Cost": 1000000001421.0, "Plan Rows": 1, "Plan Width": 4, "Filter": "((info)::text = 'votes'::text)"}]}]}, {"Node Type": "Materialize", "Parent Relationship": "Inner", "Startup Cost": 20000000000.0, "Total Cost": 2000114973673.85, "Plan Rows": 2717, "Plan Width": 46, "Plans": [{"Node Type": "Nested Loop", "Parent Relationship": "Outer", "Join Type": "Inner", "Startup Cost": 20000000000.0, "Total Cost": 2000114973660.27, "Plan Rows": 2717, "Plan Width": 46, "Inner Unique": true, "Join Filter": "(it1.id = mi.info_type_id)", "Plans": [{"Node Type": "Index Scan", "Parent Relationship": "Outer", "Scan Direction": "Forward", "Index Name": "movie_id_movie_info", "Relation Name": "movie_info", "Alias": "mi", "Startup Cost": 10000000000.0, "Total Cost": 1000114969386.72, "Plan Rows": 190170, "Plan Width": 50, "Filter": "((info)::text = ANY ('{Horror,Action,Sci-Fi,Thriller,Crime,War}'::text[]))"}, {"Node Type": "Materialize", "Parent Relationship": "Inner", "Startup Cost": 10000000000.0, "Total Cost": 1000000001421.0, "Plan Rows": 1, "Plan Width": 4, "Plans": [{"Node Type": "Index Scan", "Parent Relationship": "Outer", "Scan Direction": "Forward", "Index Name": "info_type_pkey", "Relation Name": "info_type", "Alias": "it1", "Startup Cost": 10000000000.0, "Total Cost": 1000000001421.0, "Plan Rows": 1, "Plan Width": 4, "Filter": "((info)::text = 'genres'::text)"}]}]}]}]}]}]}]}]}]}]}]}, "Unique SQL Id": 3913857139, "Planner Runtime": 35}, "explain_analyze_plan": null}, "(16, 48)": {"explain_plan": {"Plan": {"Node Type": "Aggregate", "Strategy": "Plain", "Startup Cost": 50638.13, "Total Cost": 50638.14, "Plan Rows": 1, "Plan Width": 160, "Plans": [{"Node Type": "Nested Loop", "Parent Relationship": "Outer", "Join Type": "Inner", "Startup Cost": 0.0, "Total Cost": 50627.54, "Plan Rows": 1413, "Plan Width": 64, "Inner Unique": true, "Plans": [{"Node Type": "Nested Loop", "Parent Relationship": "Outer", "Join Type": "Inner", "Startup Cost": 0.0, "Total Cost": 50048.27, "Plan Rows": 1155, "Plan Width": 68, "Inner Unique": false, "Plans": [{"Node Type": "Nested Loop", "Parent Relationship": "Outer", "Join Type": "Inner", "Startup Cost": 0.0, "Total Cost": 48986.64, "Plan Rows": 1044, "Plan Width": 76, "Inner Unique": true, "Join Filter": "(mi.movie_id = t.id)", "Plans": [{"Node Type": "Nested Loop", "Parent Relationship": "Outer", "Join Type": "Inner", "Startup Cost": 0.0, "Total Cost": 48558.44, "Plan Rows": 1044, "Plan Width": 55, "Inner Unique": false, "Join Filter": "(mi_idx.info_type_id = it2.id)", "Plans": [{"Node Type": "Seq Scan", "Parent Relationship": "Outer", "Relation Name": "info_type", "Alias": "it2", "Startup Cost": 0.0, "Total Cost": 2.4, "Plan Rows": 1, "Plan Width": 4, "Filter": "((info)::text = 'votes'::text)"}, {"Node Type": "Nested Loop", "Parent Relationship": "Inner", "Join Type": "Inner", "Startup Cost": 0.0, "Total Cost": 48503.86, "Plan Rows": 4175, "Plan Width": 59, "Inner Unique": false, "Plans": [{"Node Type": "Nested Loop", "Parent Relationship": "Outer", "Join Type": "Inner", "Startup Cost": 0.0, "Total Cost": 47015.81, "Plan Rows": 2717, "Plan Width": 46, "Inner Unique": false, "Join Filter": "(it1.id = mi.info_type_id)", "Plans": [{"Node Type": "Seq Scan", "Parent Relationship": "Outer", "Relation Name": "info_type", "Alias": "it1", "Startup Cost": 0.0, "Total Cost": 2.4, "Plan Rows": 1, "Plan Width": 4, "Filter": "((info)::text = 'genres'::text)"}, {"Node Type": "Materialize", "Parent Relationship": "Inner", "Startup Cost": 0.0, "Total Cost": 45111.71, "Plan Rows": 190170, "Plan Width": 50, "Plans": [{"Node Type": "Streaming(type: LOCAL GATHER dop: 1/16)", "Parent Relationship": "Outer", "Startup Cost": 0.0, "Total Cost": 44636.28, "Plan Rows": 190170, "Plan Width": 50, "Plans": [{"Node Type": "Seq Scan", "Parent Relationship": "Outer", "Relation Name": "movie_info", "Alias": "mi", "Startup Cost": 0.0, "Total Cost": 40532.03, "Plan Rows": 190170, "Plan Width": 50, "Filter": "((info)::text = ANY ('{Horror,Action,Sci-Fi,Thriller,Crime,War}'::text[]))"}]}]}]}, {"Node Type": "Index Scan", "Parent Relationship": "Inner", "Scan Direction": "Forward", "Index Name": "movie_id_movie_info_idx", "Relation Name": "movie_info_idx", "Alias": "mi_idx", "Startup Cost": 0.0, "Total Cost": 0.53, "Plan Rows": 2, "Plan Width": 13, "Index Cond": "(movie_id = mi.movie_id)"}]}]}, {"Node Type": "Index Scan", "Parent Relationship": "Inner", "Scan Direction": "Forward", "Index Name": "title_pkey", "Relation Name": "title", "Alias": "t", "Startup Cost": 0.0, "Total Cost": 0.4, "Plan Rows": 1, "Plan Width": 21, "Index Cond": "(id = mi_idx.movie_id)"}]}, {"Node Type": "Index Scan", "Parent Relationship": "Inner", "Scan Direction": "Forward", "Index Name": "movie_id_cast_info", "Relation Name": "cast_info", "Alias": "ci", "Startup Cost": 0.0, "Total Cost": 1.01, "Plan Rows": 1, "Plan Width": 8, "Index Cond": "(movie_id = t.id)", "Filter": "((note)::text = ANY ('{(writer),\"(head writer)\",\"(written by)\",(story),\"(story editor)\"}'::text[]))"}]}, {"Node Type": "Index Scan", "Parent Relationship": "Inner", "Scan Direction": "Forward", "Index Name": "name_pkey", "Relation Name": "name", "Alias": "n", "Startup Cost": 0.0, "Total Cost": 0.49, "Plan Rows": 1, "Plan Width": 4, "Index Cond": "(id = ci.person_id)", "Filter": "((gender)::text = 'm'::text)"}]}]}, "Unique SQL Id": 3913857139, "Planner Runtime": 8}, "explain_analyze_plan": {"Plan": {"Node Type": "Aggregate", "Strategy": "Plain", "Startup Cost": 50638.13, "Total Cost": 50638.14, "Plan Rows": 1, "Plan Width": 160, "Actual Min Startup Time": 11129.472, "Actual Max Startup Time": 11129.472, "Actual Min Total Time": 11129.473, "Actual Max Total Time": 11129.473, "Plans": [{"Node Type": "Nested Loop", "Parent Relationship": "Outer", "Join Type": "Inner", "Startup Cost": 0.0, "Total Cost": 50627.54, "Plan Rows": 1413, "Plan Width": 64, "Actual Min Startup Time": 511.135, "Actual Max Startup Time": 511.135, "Actual Min Total Time": 11090.649, "Actual Max Total Time": 11090.649, "Inner Unique": true, "Plans": [{"Node Type": "Nested Loop", "Parent Relationship": "Outer", "Join Type": "Inner", "Startup Cost": 0.0, "Total Cost": 50048.27, "Plan Rows": 1155, "Plan Width": 68, "Actual Min Startup Time": 511.069, "Actual Max Startup Time": 511.069, "Actual Min Total Time": 10685.753, "Actual Max Total Time": 10685.753, "Inner Unique": false, "Plans": [{"Node Type": "Nested Loop", "Parent Relationship": "Outer", "Join Type": "Inner", "Startup Cost": 0.0, "Total Cost": 48986.64, "Plan Rows": 1044, "Plan Width": 76, "Actual Min Startup Time": 511.036, "Actual Max Startup Time": 511.036, "Actual Min Total Time": 2090.161, "Actual Max Total Time": 2090.161, "Inner Unique": true, "Join Filter": "(mi.movie_id = t.id)", "Rows Removed by Join Filter": 0, "Plans": [{"Node Type": "Nested Loop", "Parent Relationship": "Outer", "Join Type": "Inner", "Startup Cost": 0.0, "Total Cost": 48558.44, "Plan Rows": 1044, "Plan Width": 55, "Actual Min Startup Time": 511.018, "Actual Max Startup Time": 511.018, "Actual Min Total Time": 1536.856, "Actual Max Total Time": 1536.856, "Inner Unique": false, "Join Filter": "(mi_idx.info_type_id = it2.id)", "Rows Removed by Join Filter": 205269, "Plans": [{"Node Type": "Seq Scan", "Parent Relationship": "Outer", "Relation Name": "info_type", "Alias": "it2", "Startup Cost": 0.0, "Total Cost": 2.4, "Plan Rows": 1, "Plan Width": 4, "Actual Min Startup Time": 0.062, "Actual Max Startup Time": 0.062, "Actual Min Total Time": 0.082, "Actual Max Total Time": 0.082, "Filter": "((info)::text = 'votes'::text)", "Rows Removed by Filter": 111, "Actual Rows": 1}, {"Node Type": "Nested Loop", "Parent Relationship": "Inner", "Join Type": "Inner", "Startup Cost": 0.0, "Total Cost": 48503.86, "Plan Rows": 4175, "Plan Width": 59, "Actual Min Startup Time": 510.944, "Actual Max Startup Time": 510.944, "Actual Min Total Time": 1446.297, "Actual Max Total Time": 1446.297, "Inner Unique": false, "Plans": [{"Node Type": "Nested Loop", "Parent Relationship": "Outer", "Join Type": "Inner", "Startup Cost": 0.0, "Total Cost": 47015.81, "Plan Rows": 2717, "Plan Width": 46, "Actual Min Startup Time": 510.906, "Actual Max Startup Time": 510.906, "Actual Min Total Time": 614.399, "Actual Max Total Time": 614.399, "Inner Unique": false, "Join Filter": "(it1.id = mi.info_type_id)", "Rows Removed by Join Filter": 2377, "Plans": [{"Node Type": "Seq Scan", "Parent Relationship": "Outer", "Relation Name": "info_type", "Alias": "it1", "Startup Cost": 0.0, "Total Cost": 2.4, "Plan Rows": 1, "Plan Width": 4, "Actual Min Startup Time": 0.049, "Actual Max Startup Time": 0.049, "Actual Min Total Time": 0.098, "Actual Max Total Time": 0.098, "Filter": "((info)::text = 'genres'::text)", "Rows Removed by Filter": 111, "Actual Rows": 1}, {"Node Type": "Materialize", "Parent Relationship": "Inner", "Startup Cost": 0.0, "Total Cost": 45111.71, "Plan Rows": 190170, "Plan Width": 50, "Actual Min Startup Time": 510.302, "Actual Max Startup Time": 510.302, "Actual Min Total Time": 540.364, "Actual Max Total Time": 540.364, "Plans": [{"Node Type": "Streaming(type: LOCAL GATHER dop: 1/16)", "Parent Relationship": "Outer", "Startup Cost": 0.0, "Total Cost": 44636.28, "Plan Rows": 190170, "Plan Width": 50, "Actual Min Startup Time": 297.487, "Actual Max Startup Time": 297.487, "Actual Min Total Time": 482.691, "Actual Max Total Time": 482.691, "Plans": [{"Node Type": "Seq Scan", "Parent Relationship": "Outer", "Relation Name": "movie_info", "Alias": "mi", "Startup Cost": 0.0, "Total Cost": 40532.03, "Plan Rows": 190170, "Plan Width": 50, "Actual Min Startup Time": 226.336, "Actual Max Startup Time": 412.639, "Actual Min Total Time": 456.317, "Actual Max Total Time": 472.872, "Filter": "((info)::text = ANY ('{Horror,Action,Sci-Fi,Thriller,Crime,War}'::text[]))", "Rows Removed by Filter": 14646748, "Actual Rows": 188971}], "Actual Rows": 188971}], "Actual Rows": 188972}], "Actual Rows": 186594}, {"Node Type": "Index Scan", "Parent Relationship": "Inner", "Scan Direction": "Forward", "Index Name": "movie_id_movie_info_idx", "Relation Name": "movie_info_idx", "Alias": "mi_idx", "Startup Cost": 0.0, "Total Cost": 0.53, "Plan Rows": 2, "Plan Width": 13, "Actual Min Startup Time": 538.97, "Actual Max Startup Time": 538.97, "Actual Min Total Time": 658.4, "Actual Max Total Time": 658.4, "Index Cond": "(movie_id = mi.movie_id)", "Rows Removed by Index Recheck": 0, "Actual Rows": 307785}], "Actual Rows": 307785}], "Actual Rows": 102516}, {"Node Type": "Index Scan", "Parent Relationship": "Inner", "Scan Direction": "Forward", "Index Name": "title_pkey", "Relation Name": "title", "Alias": "t", "Startup Cost": 0.0, "Total Cost": 0.4, "Plan Rows": 1, "Plan Width": 21, "Actual Min Startup Time": 443.939, "Actual Max Startup Time": 443.939, "Actual Min Total Time": 443.939, "Actual Max Total Time": 443.939, "Index Cond": "(id = mi_idx.movie_id)", "Rows Removed by Index Recheck": 0, "Actual Rows": 102516}], "Actual Rows": 102516}, {"Node Type": "Index Scan", "Parent Relationship": "Inner", "Scan Direction": "Forward", "Index Name": "movie_id_cast_info", "Relation Name": "cast_info", "Alias": "ci", "Startup Cost": 0.0, "Total Cost": 1.01, "Plan Rows": 1, "Plan Width": 8, "Actual Min Startup Time": 7269.102, "Actual Max Startup Time": 7269.102, "Actual Min Total Time": 8522.718, "Actual Max Total Time": 8522.718, "Index Cond": "(movie_id = t.id)", "Rows Removed by Index Recheck": 0, "Filter": "((note)::text = ANY ('{(writer),\"(head writer)\",\"(written by)\",(story),\"(story editor)\"}'::text[]))", "Rows Removed by Filter": 3987641, "Actual Rows": 54155}], "Actual Rows": 54155}, {"Node Type": "Index Scan", "Parent Relationship": "Inner", "Scan Direction": "Forward", "Index Name": "name_pkey", "Relation Name": "name", "Alias": "n", "Startup Cost": 0.0, "Total Cost": 0.49, "Plan Rows": 1, "Plan Width": 4, "Actual Min Startup Time": 360.913, "Actual Max Startup Time": 360.913, "Actual Min Total Time": 360.913, "Actual Max Total Time": 360.913, "Index Cond": "(id = ci.person_id)", "Rows Removed by Index Recheck": 0, "Filter": "((gender)::text = 'm'::text)", "Rows Removed by Filter": 26082, "Actual Rows": 28073}], "Actual Rows": 28073}], "Actual Rows": 1}, "Triggers": [], "Planner Runtime": 8, "Total Runtime": 11132.427, "Unique SQL Id": 3913857139}}, "(16, 49)": {"explain_plan": {"Plan": {"Node Type": "Aggregate", "Strategy": "Plain", "Startup Cost": 168618.05, "Total Cost": 168618.06, "Plan Rows": 1, "Plan Width": 160, "Plans": [{"Node Type": "Nested Loop", "Parent Relationship": "Outer", "Join Type": "Inner", "Startup Cost": 4842.14, "Total Cost": 168607.45, "Plan Rows": 1413, "Plan Width": 64, "Inner Unique": true, "Plans": [{"Node Type": "Nested Loop", "Parent Relationship": "Outer", "Join Type": "Inner", "Startup Cost": 4842.14, "Total Cost": 168028.19, "Plan Rows": 1155, "Plan Width": 68, "Inner Unique": false, "Plans": [{"Node Type": "Nested Loop", "Parent Relationship": "Outer", "Join Type": "Inner", "Startup Cost": 4842.14, "Total Cost": 166966.55, "Plan Rows": 1044, "Plan Width": 76, "Inner Unique": true, "Join Filter": "(mi.movie_id = t.id)", "Plans": [{"Node Type": "Nested Loop", "Parent Relationship": "Outer", "Join Type": "Inner", "Startup Cost": 4842.14, "Total Cost": 166538.36, "Plan Rows": 1044, "Plan Width": 55, "Inner Unique": false, "Join Filter": "(mi_idx.info_type_id = it2.id)", "Plans": [{"Node Type": "Index Scan", "Parent Relationship": "Outer", "Scan Direction": "Forward", "Index Name": "info_type_pkey", "Relation Name": "info_type", "Alias": "it2", "Startup Cost": 0.0, "Total Cost": 14.21, "Plan Rows": 1, "Plan Width": 4, "Filter": "((info)::text = 'votes'::text)"}, {"Node Type": "Nested Loop", "Parent Relationship": "Inner", "Join Type": "Inner", "Startup Cost": 4842.14, "Total Cost": 166471.96, "Plan Rows": 4175, "Plan Width": 59, "Inner Unique": false, "Plans": [{"Node Type": "Nested Loop", "Parent Relationship": "Outer", "Join Type": "Inner", "Startup Cost": 4842.14, "Total Cost": 164983.91, "Plan Rows": 2717, "Plan Width": 46, "Inner Unique": false, "Plans": [{"Node Type": "Index Scan", "Parent Relationship": "Outer", "Scan Direction": "Forward", "Index Name": "info_type_pkey", "Relation Name": "info_type", "Alias": "it1", "Startup Cost": 0.0, "Total Cost": 14.21, "Plan Rows": 1, "Plan Width": 4, "Filter": "((info)::text = 'genres'::text)"}, {"Node Type": "Bitmap Heap Scan", "Parent Relationship": "Inner", "Relation Name": "movie_info", "Alias": "mi", "Startup Cost": 4842.14, "Total Cost": 164942.53, "Plan Rows": 2717, "Plan Width": 50, "Recheck Cond": "(info_type_id = it1.id)", "Filter": "((info)::text = ANY ('{Horror,Action,Sci-Fi,Thriller,Crime,War}'::text[]))", "Plans": [{"Node Type": "Bitmap Index Scan", "Parent Relationship": "Outer", "Index Name": "info_type_id_movie_info", "Startup Cost": 0.0, "Total Cost": 4841.46, "Plan Rows": 212428, "Plan Width": 0, "Index Cond": "(info_type_id = it1.id)"}]}]}, {"Node Type": "Index Scan", "Parent Relationship": "Inner", "Scan Direction": "Forward", "Index Name": "movie_id_movie_info_idx", "Relation Name": "movie_info_idx", "Alias": "mi_idx", "Startup Cost": 0.0, "Total Cost": 0.53, "Plan Rows": 2, "Plan Width": 13, "Index Cond": "(movie_id = mi.movie_id)"}]}]}, {"Node Type": "Index Scan", "Parent Relationship": "Inner", "Scan Direction": "Forward", "Index Name": "title_pkey", "Relation Name": "title", "Alias": "t", "Startup Cost": 0.0, "Total Cost": 0.4, "Plan Rows": 1, "Plan Width": 21, "Index Cond": "(id = mi_idx.movie_id)"}]}, {"Node Type": "Index Scan", "Parent Relationship": "Inner", "Scan Direction": "Forward", "Index Name": "movie_id_cast_info", "Relation Name": "cast_info", "Alias": "ci", "Startup Cost": 0.0, "Total Cost": 1.01, "Plan Rows": 1, "Plan Width": 8, "Index Cond": "(movie_id = t.id)", "Filter": "((note)::text = ANY ('{(writer),\"(head writer)\",\"(written by)\",(story),\"(story editor)\"}'::text[]))"}]}, {"Node Type": "Index Scan", "Parent Relationship": "Inner", "Scan Direction": "Forward", "Index Name": "name_pkey", "Relation Name": "name", "Alias": "n", "Startup Cost": 0.0, "Total Cost": 0.49, "Plan Rows": 1, "Plan Width": 4, "Index Cond": "(id = ci.person_id)", "Filter": "((gender)::text = 'm'::text)"}]}]}, "Unique SQL Id": 3913857139, "Planner Runtime": 8}, "explain_analyze_plan": {"Plan": {"Node Type": "Aggregate", "Strategy": "Plain", "Startup Cost": 168618.05, "Total Cost": 168618.06, "Plan Rows": 1, "Plan Width": 160, "Actual Startup Time": 11969.053, "Actual Total Time": 11969.053, "Actual Rows": 1, "Actual Loops": 1, "Plans": [{"Node Type": "Nested Loop", "Parent Relationship": "Outer", "Join Type": "Inner", "Startup Cost": 4842.14, "Total Cost": 168607.45, "Plan Rows": 1413, "Plan Width": 64, "Actual Startup Time": 183.605, "Actual Total Time": 11931.811, "Actual Rows": 28073, "Actual Loops": 1, "Inner Unique": true, "Plans": [{"Node Type": "Nested Loop", "Parent Relationship": "Outer", "Join Type": "Inner", "Startup Cost": 4842.14, "Total Cost": 168028.19, "Plan Rows": 1155, "Plan Width": 68, "Actual Startup Time": 181.327, "Actual Total Time": 11510.362, "Actual Rows": 54155, "Actual Loops": 1, "Inner Unique": false, "Plans": [{"Node Type": "Nested Loop", "Parent Relationship": "Outer", "Join Type": "Inner", "Startup Cost": 4842.14, "Total Cost": 166966.55, "Plan Rows": 1044, "Plan Width": 76, "Actual Startup Time": 178.719, "Actual Total Time": 2661.808, "Actual Rows": 102516, "Actual Loops": 1, "Inner Unique": true, "Join Filter": "(mi.movie_id = t.id)", "Rows Removed by Join Filter": 0, "Plans": [{"Node Type": "Nested Loop", "Parent Relationship": "Outer", "Join Type": "Inner", "Startup Cost": 4842.14, "Total Cost": 166538.36, "Plan Rows": 1044, "Plan Width": 55, "Actual Startup Time": 178.7, "Actual Total Time": 2109.568, "Actual Rows": 102516, "Actual Loops": 1, "Inner Unique": false, "Join Filter": "(mi_idx.info_type_id = it2.id)", "Rows Removed by Join Filter": 205269, "Plans": [{"Node Type": "Index Scan", "Parent Relationship": "Outer", "Scan Direction": "Forward", "Index Name": "info_type_pkey", "Relation Name": "info_type", "Alias": "it2", "Startup Cost": 0.0, "Total Cost": 14.21, "Plan Rows": 1, "Plan Width": 4, "Actual Startup Time": 0.068, "Actual Total Time": 0.077, "Actual Rows": 1, "Actual Loops": 1, "Filter": "((info)::text = 'votes'::text)", "Rows Removed by Filter": 111}, {"Node Type": "Nested Loop", "Parent Relationship": "Inner", "Join Type": "Inner", "Startup Cost": 4842.14, "Total Cost": 166471.96, "Plan Rows": 4175, "Plan Width": 59, "Actual Startup Time": 178.619, "Actual Total Time": 2023.448, "Actual Rows": 307785, "Actual Loops": 1, "Inner Unique": false, "Plans": [{"Node Type": "Nested Loop", "Parent Relationship": "Outer", "Join Type": "Inner", "Startup Cost": 4842.14, "Total Cost": 164983.91, "Plan Rows": 2717, "Plan Width": 46, "Actual Startup Time": 178.589, "Actual Total Time": 1168.902, "Actual Rows": 186594, "Actual Loops": 1, "Inner Unique": false, "Plans": [{"Node Type": "Index Scan", "Parent Relationship": "Outer", "Scan Direction": "Forward", "Index Name": "info_type_pkey", "Relation Name": "info_type", "Alias": "it1", "Startup Cost": 0.0, "Total Cost": 14.21, "Plan Rows": 1, "Plan Width": 4, "Actual Startup Time": 0.008, "Actual Total Time": 0.071, "Actual Rows": 1, "Actual Loops": 1, "Filter": "((info)::text = 'genres'::text)", "Rows Removed by Filter": 111}, {"Node Type": "Bitmap Heap Scan", "Parent Relationship": "Inner", "Relation Name": "movie_info", "Alias": "mi", "Startup Cost": 4842.14, "Total Cost": 164942.53, "Plan Rows": 2717, "Plan Width": 50, "Actual Startup Time": 178.575, "Actual Total Time": 1125.474, "Actual Rows": 186594, "Actual Loops": 1, "Recheck Cond": "(info_type_id = it1.id)", "Rows Removed by Index Recheck": 0, "Filter": "((info)::text = ANY ('{Horror,Action,Sci-Fi,Thriller,Crime,War}'::text[]))", "Rows Removed by Filter": 1347315, "Exact Heap Blocks": 7426, "Lossy Heap Blocks": 7426, "Plans": [{"Node Type": "Bitmap Index Scan", "Parent Relationship": "Outer", "Index Name": "info_type_id_movie_info", "Startup Cost": 0.0, "Total Cost": 4841.46, "Plan Rows": 212428, "Plan Width": 0, "Actual Startup Time": 177.197, "Actual Total Time": 177.197, "Actual Rows": 1533909, "Actual Loops": 1, "Index Cond": "(info_type_id = it1.id)"}]}]}, {"Node Type": "Index Scan", "Parent Relationship": "Inner", "Scan Direction": "Forward", "Index Name": "movie_id_movie_info_idx", "Relation Name": "movie_info_idx", "Alias": "mi_idx", "Startup Cost": 0.0, "Total Cost": 0.53, "Plan Rows": 2, "Plan Width": 13, "Actual Startup Time": 557.682, "Actual Total Time": 678.182, "Actual Rows": 307785, "Actual Loops": 186594, "Index Cond": "(movie_id = mi.movie_id)", "Rows Removed by Index Recheck": 0}]}]}, {"Node Type": "Index Scan", "Parent Relationship": "Inner", "Scan Direction": "Forward", "Index Name": "title_pkey", "Relation Name": "title", "Alias": "t", "Startup Cost": 0.0, "Total Cost": 0.4, "Plan Rows": 1, "Plan Width": 21, "Actual Startup Time": 444.947, "Actual Total Time": 444.947, "Actual Rows": 102516, "Actual Loops": 102516, "Index Cond": "(id = mi_idx.movie_id)", "Rows Removed by Index Recheck": 0}]}, {"Node Type": "Index Scan", "Parent Relationship": "Inner", "Scan Direction": "Forward", "Index Name": "movie_id_cast_info", "Relation Name": "cast_info", "Alias": "ci", "Startup Cost": 0.0, "Total Cost": 1.01, "Plan Rows": 1, "Plan Width": 8, "Actual Startup Time": 7477.985, "Actual Total Time": 8775.091, "Actual Rows": 54155, "Actual Loops": 102516, "Index Cond": "(movie_id = t.id)", "Rows Removed by Index Recheck": 0, "Filter": "((note)::text = ANY ('{(writer),\"(head writer)\",\"(written by)\",(story),\"(story editor)\"}'::text[]))", "Rows Removed by Filter": 3987641}]}, {"Node Type": "Index Scan", "Parent Relationship": "Inner", "Scan Direction": "Forward", "Index Name": "name_pkey", "Relation Name": "name", "Alias": "n", "Startup Cost": 0.0, "Total Cost": 0.49, "Plan Rows": 1, "Plan Width": 4, "Actual Startup Time": 373.743, "Actual Total Time": 373.743, "Actual Rows": 28073, "Actual Loops": 54155, "Index Cond": "(id = ci.person_id)", "Rows Removed by Index Recheck": 0, "Filter": "((gender)::text = 'm'::text)", "Rows Removed by Filter": 26082}]}]}, "Triggers": [], "Planner Runtime": 8, "Total Runtime": 11969.337, "Unique SQL Id": 3913857139}}, "(16, 50)": {"explain_plan": {"Plan": {"Node Type": "Aggregate", "Strategy": "Plain", "Startup Cost": 73415.7, "Total Cost": 73415.71, "Plan Rows": 1, "Plan Width": 160, "Plans": [{"Node Type": "Nested Loop", "Parent Relationship": "Outer", "Join Type": "Inner", "Startup Cost": 1.48, "Total Cost": 73405.11, "Plan Rows": 1413, "Plan Width": 64, "Inner Unique": true, "Plans": [{"Node Type": "Nested Loop", "Parent Relationship": "Outer", "Join Type": "Inner", "Startup Cost": 1.17, "Total Cost": 68399.68, "Plan Rows": 1155, "Plan Width": 68, "Inner Unique": false, "Plans": [{"Node Type": "Nested Loop", "Parent Relationship": "Outer", "Join Type": "Inner", "Startup Cost": 0.65, "Total Cost": 63557.01, "Plan Rows": 1044, "Plan Width": 76, "Inner Unique": true, "Join Filter": "(mi.movie_id = t.id)", "Plans": [{"Node Type": "Nested Loop", "Parent Relationship": "Outer", "Join Type": "Inner", "Startup Cost": 0.37, "Total Cost": 59057.82, "Plan Rows": 1044, "Plan Width": 55, "Inner Unique": false, "Join Filter": "(mi_idx.info_type_id = it2.id)", "Plans": [{"Node Type": "Seq Scan", "Parent Relationship": "Outer", "Relation Name": "info_type", "Alias": "it2", "Startup Cost": 0.0, "Total Cost": 2.4, "Plan Rows": 1, "Plan Width": 4, "Filter": "((info)::text = 'votes'::text)"}, {"Node Type": "Nested Loop", "Parent Relationship": "Inner", "Join Type": "Inner", "Startup Cost": 0.37, "Total Cost": 59003.23, "Plan Rows": 4175, "Plan Width": 59, "Inner Unique": false, "Plans": [{"Node Type": "Nested Loop", "Parent Relationship": "Outer", "Join Type": "Inner", "Startup Cost": 0.0, "Total Cost": 47015.81, "Plan Rows": 2717, "Plan Width": 46, "Inner Unique": false, "Join Filter": "(it1.id = mi.info_type_id)", "Plans": [{"Node Type": "Seq Scan", "Parent Relationship": "Outer", "Relation Name": "info_type", "Alias": "it1", "Startup Cost": 0.0, "Total Cost": 2.4, "Plan Rows": 1, "Plan Width": 4, "Filter": "((info)::text = 'genres'::text)"}, {"Node Type": "Materialize", "Parent Relationship": "Inner", "Startup Cost": 0.0, "Total Cost": 45111.71, "Plan Rows": 190170, "Plan Width": 50, "Plans": [{"Node Type": "Streaming(type: LOCAL GATHER dop: 1/16)", "Parent Relationship": "Outer", "Startup Cost": 0.0, "Total Cost": 44636.28, "Plan Rows": 190170, "Plan Width": 50, "Plans": [{"Node Type": "Seq Scan", "Parent Relationship": "Outer", "Relation Name": "movie_info", "Alias": "mi", "Startup Cost": 0.0, "Total Cost": 40532.03, "Plan Rows": 190170, "Plan Width": 50, "Filter": "((info)::text = ANY ('{Horror,Action,Sci-Fi,Thriller,Crime,War}'::text[]))"}]}]}]}, {"Node Type": "Bitmap Heap Scan", "Parent Relationship": "Inner", "Relation Name": "movie_info_idx", "Alias": "mi_idx", "Startup Cost": 0.37, "Total Cost": 4.39, "Plan Rows": 2, "Plan Width": 13, "Recheck Cond": "(movie_id = mi.movie_id)", "Plans": [{"Node Type": "Bitmap Index Scan", "Parent Relationship": "Outer", "Index Name": "movie_id_movie_info_idx", "Startup Cost": 0.0, "Total Cost": 0.37, "Plan Rows": 2, "Plan Width": 0, "Index Cond": "(movie_id = mi.movie_id)"}]}]}]}, {"Node Type": "Bitmap Heap Scan", "Parent Relationship": "Inner", "Relation Name": "title", "Alias": "t", "Startup Cost": 0.28, "Total Cost": 4.3, "Plan Rows": 1, "Plan Width": 21, "Recheck Cond": "(id = mi_idx.movie_id)", "Plans": [{"Node Type": "Bitmap Index Scan", "Parent Relationship": "Outer", "Index Name": "title_pkey", "Startup Cost": 0.0, "Total Cost": 0.28, "Plan Rows": 1, "Plan Width": 0, "Index Cond": "(id = mi_idx.movie_id)"}]}]}, {"Node Type": "Bitmap Heap Scan", "Parent Relationship": "Inner", "Relation Name": "cast_info", "Alias": "ci", "Startup Cost": 0.52, "Total Cost": 4.63, "Plan Rows": 1, "Plan Width": 8, "Recheck Cond": "(movie_id = t.id)", "Filter": "((note)::text = ANY ('{(writer),\"(head writer)\",\"(written by)\",(story),\"(story editor)\"}'::text[]))", "Plans": [{"Node Type": "Bitmap Index Scan", "Parent Relationship": "Outer", "Index Name": "movie_id_cast_info", "Startup Cost": 0.0, "Total Cost": 0.52, "Plan Rows": 6, "Plan Width": 0, "Index Cond": "(movie_id = t.id)"}]}]}, {"Node Type": "Bitmap Heap Scan", "Parent Relationship": "Inner", "Relation Name": "name", "Alias": "n", "Startup Cost": 0.31, "Total Cost": 4.32, "Plan Rows": 1, "Plan Width": 4, "Recheck Cond": "(id = ci.person_id)", "Filter": "((gender)::text = 'm'::text)", "Plans": [{"Node Type": "Bitmap Index Scan", "Parent Relationship": "Outer", "Index Name": "name_pkey", "Startup Cost": 0.0, "Total Cost": 0.31, "Plan Rows": 1, "Plan Width": 0, "Index Cond": "(id = ci.person_id)"}]}]}]}, "Unique SQL Id": 3913857139, "Planner Runtime": 18}, "explain_analyze_plan": {"Plan": {"Node Type": "Aggregate", "Strategy": "Plain", "Startup Cost": 73415.7, "Total Cost": 73415.71, "Plan Rows": 1, "Plan Width": 160, "Actual Min Startup Time": 14086.031, "Actual Max Startup Time": 14086.031, "Actual Min Total Time": 14086.031, "Actual Max Total Time": 14086.031, "Plans": [{"Node Type": "Nested Loop", "Parent Relationship": "Outer", "Join Type": "Inner", "Startup Cost": 1.48, "Total Cost": 73405.11, "Plan Rows": 1413, "Plan Width": 64, "Actual Min Startup Time": 511.913, "Actual Max Startup Time": 511.913, "Actual Min Total Time": 14038.009, "Actual Max Total Time": 14038.009, "Inner Unique": true, "Plans": [{"Node Type": "Nested Loop", "Parent Relationship": "Outer", "Join Type": "Inner", "Startup Cost": 1.17, "Total Cost": 68399.68, "Plan Rows": 1155, "Plan Width": 68, "Actual Min Startup Time": 511.827, "Actual Max Startup Time": 511.827, "Actual Min Total Time": 13500.235, "Actual Max Total Time": 13500.235, "Inner Unique": false, "Plans": [{"Node Type": "Nested Loop", "Parent Relationship": "Outer", "Join Type": "Inner", "Startup Cost": 0.65, "Total Cost": 63557.01, "Plan Rows": 1044, "Plan Width": 76, "Actual Min Startup Time": 511.775, "Actual Max Startup Time": 511.775, "Actual Min Total Time": 2633.047, "Actual Max Total Time": 2633.047, "Inner Unique": true, "Join Filter": "(mi.movie_id = t.id)", "Rows Removed by Join Filter": 0, "Plans": [{"Node Type": "Nested Loop", "Parent Relationship": "Outer", "Join Type": "Inner", "Startup Cost": 0.37, "Total Cost": 59057.82, "Plan Rows": 1044, "Plan Width": 55, "Actual Min Startup Time": 511.751, "Actual Max Startup Time": 511.751, "Actual Min Total Time": 1869.537, "Actual Max Total Time": 1869.537, "Inner Unique": false, "Join Filter": "(mi_idx.info_type_id = it2.id)", "Rows Removed by Join Filter": 205269, "Plans": [{"Node Type": "Seq Scan", "Parent Relationship": "Outer", "Relation Name": "info_type", "Alias": "it2", "Startup Cost": 0.0, "Total Cost": 2.4, "Plan Rows": 1, "Plan Width": 4, "Actual Min Startup Time": 0.075, "Actual Max Startup Time": 0.075, "Actual Min Total Time": 0.085, "Actual Max Total Time": 0.085, "Filter": "((info)::text = 'votes'::text)", "Rows Removed by Filter": 111, "Actual Rows": 1}, {"Node Type": "Nested Loop", "Parent Relationship": "Inner", "Join Type": "Inner", "Startup Cost": 0.37, "Total Cost": 59003.23, "Plan Rows": 4175, "Plan Width": 59, "Actual Min Startup Time": 511.662, "Actual Max Startup Time": 511.662, "Actual Min Total Time": 1768.717, "Actual Max Total Time": 1768.717, "Inner Unique": false, "Plans": [{"Node Type": "Nested Loop", "Parent Relationship": "Outer", "Join Type": "Inner", "Startup Cost": 0.0, "Total Cost": 47015.81, "Plan Rows": 2717, "Plan Width": 46, "Actual Min Startup Time": 511.607, "Actual Max Startup Time": 511.607, "Actual Min Total Time": 623.721, "Actual Max Total Time": 623.721, "Inner Unique": false, "Join Filter": "(it1.id = mi.info_type_id)", "Rows Removed by Join Filter": 2377, "Plans": [{"Node Type": "Seq Scan", "Parent Relationship": "Outer", "Relation Name": "info_type", "Alias": "it1", "Startup Cost": 0.0, "Total Cost": 2.4, "Plan Rows": 1, "Plan Width": 4, "Actual Min Startup Time": 0.045, "Actual Max Startup Time": 0.045, "Actual Min Total Time": 0.083, "Actual Max Total Time": 0.083, "Filter": "((info)::text = 'genres'::text)", "Rows Removed by Filter": 111, "Actual Rows": 1}, {"Node Type": "Materialize", "Parent Relationship": "Inner", "Startup Cost": 0.0, "Total Cost": 45111.71, "Plan Rows": 190170, "Plan Width": 50, "Actual Min Startup Time": 510.997, "Actual Max Startup Time": 510.997, "Actual Min Total Time": 541.819, "Actual Max Total Time": 541.819, "Plans": [{"Node Type": "Streaming(type: LOCAL GATHER dop: 1/16)", "Parent Relationship": "Outer", "Startup Cost": 0.0, "Total Cost": 44636.28, "Plan Rows": 190170, "Plan Width": 50, "Actual Min Startup Time": 300.607, "Actual Max Startup Time": 300.607, "Actual Min Total Time": 483.126, "Actual Max Total Time": 483.126, "Plans": [{"Node Type": "Seq Scan", "Parent Relationship": "Outer", "Relation Name": "movie_info", "Alias": "mi", "Startup Cost": 0.0, "Total Cost": 40532.03, "Plan Rows": 190170, "Plan Width": 50, "Actual Min Startup Time": 225.891, "Actual Max Startup Time": 409.901, "Actual Min Total Time": 456.007, "Actual Max Total Time": 472.766, "Filter": "((info)::text = ANY ('{Horror,Action,Sci-Fi,Thriller,Crime,War}'::text[]))", "Rows Removed by Filter": 14646748, "Actual Rows": 188971}], "Actual Rows": 188971}], "Actual Rows": 188972}], "Actual Rows": 186594}, {"Node Type": "Bitmap Heap Scan", "Parent Relationship": "Inner", "Relation Name": "movie_info_idx", "Alias": "mi_idx", "Startup Cost": 0.37, "Total Cost": 4.39, "Plan Rows": 2, "Plan Width": 13, "Actual Min Startup Time": 785.813, "Actual Max Startup Time": 785.813, "Actual Min Total Time": 831.397, "Actual Max Total Time": 831.397, "Recheck Cond": "(movie_id = mi.movie_id)", "Rows Removed by Index Recheck": 0, "Exact Heap Blocks": 103610, "Lossy Heap Blocks": 103610, "Plans": [{"Node Type": "Bitmap Index Scan", "Parent Relationship": "Outer", "Index Name": "movie_id_movie_info_idx", "Startup Cost": 0.0, "Total Cost": 0.37, "Plan Rows": 2, "Plan Width": 0, "Actual Min Startup Time": 534.083, "Actual Max Startup Time": 534.083, "Actual Min Total Time": 534.083, "Actual Max Total Time": 534.083, "Index Cond": "(movie_id = mi.movie_id)", "Actual Rows": 307785}], "Actual Rows": 307785}], "Actual Rows": 307785}], "Actual Rows": 102516}, {"Node Type": "Bitmap Heap Scan", "Parent Relationship": "Inner", "Relation Name": "title", "Alias": "t", "Startup Cost": 0.28, "Total Cost": 4.3, "Plan Rows": 1, "Plan Width": 21, "Actual Min Startup Time": 582.851, "Actual Max Startup Time": 582.851, "Actual Min Total Time": 582.851, "Actual Max Total Time": 582.851, "Recheck Cond": "(id = mi_idx.movie_id)", "Rows Removed by Index Recheck": 0, "Exact Heap Blocks": 102516, "Lossy Heap Blocks": 102516, "Plans": [{"Node Type": "Bitmap Index Scan", "Parent Relationship": "Outer", "Index Name": "title_pkey", "Startup Cost": 0.0, "Total Cost": 0.28, "Plan Rows": 1, "Plan Width": 0, "Actual Min Startup Time": 314.133, "Actual Max Startup Time": 314.133, "Actual Min Total Time": 314.133, "Actual Max Total Time": 314.133, "Index Cond": "(id = mi_idx.movie_id)", "Actual Rows": 102516}], "Actual Rows": 102516}], "Actual Rows": 102516}, {"Node Type": "Bitmap Heap Scan", "Parent Relationship": "Inner", "Relation Name": "cast_info", "Alias": "ci", "Startup Cost": 0.52, "Total Cost": 4.63, "Plan Rows": 1, "Plan Width": 8, "Actual Min Startup Time": 9263.342, "Actual Max Startup Time": 9263.342, "Actual Min Total Time": 10705.552, "Actual Max Total Time": 10705.552, "Recheck Cond": "(movie_id = t.id)", "Rows Removed by Index Recheck": 0, "Filter": "((note)::text = ANY ('{(writer),\"(head writer)\",\"(written by)\",(story),\"(story editor)\"}'::text[]))", "Rows Removed by Filter": 3987641, "Exact Heap Blocks": 3901088, "Lossy Heap Blocks": 3901088, "Plans": [{"Node Type": "Bitmap Index Scan", "Parent Relationship": "Outer", "Index Name": "movie_id_cast_info", "Startup Cost": 0.0, "Total Cost": 0.52, "Plan Rows": 6, "Plan Width": 0, "Actual Min Startup Time": 1108.06, "Actual Max Startup Time": 1108.06, "Actual Min Total Time": 1108.06, "Actual Max Total Time": 1108.06, "Index Cond": "(movie_id = t.id)", "Actual Rows": 4041796}], "Actual Rows": 54155}], "Actual Rows": 54155}, {"Node Type": "Bitmap Heap Scan", "Parent Relationship": "Inner", "Relation Name": "name", "Alias": "n", "Startup Cost": 0.31, "Total Cost": 4.32, "Plan Rows": 1, "Plan Width": 4, "Actual Min Startup Time": 448.646, "Actual Max Startup Time": 448.646, "Actual Min Total Time": 448.646, "Actual Max Total Time": 448.646, "Recheck Cond": "(id = ci.person_id)", "Rows Removed by Index Recheck": 0, "Filter": "((gender)::text = 'm'::text)", "Rows Removed by Filter": 26082, "Exact Heap Blocks": 54155, "Lossy Heap Blocks": 54155, "Plans": [{"Node Type": "Bitmap Index Scan", "Parent Relationship": "Outer", "Index Name": "name_pkey", "Startup Cost": 0.0, "Total Cost": 0.31, "Plan Rows": 1, "Plan Width": 0, "Actual Min Startup Time": 286.768, "Actual Max Startup Time": 286.768, "Actual Min Total Time": 286.768, "Actual Max Total Time": 286.768, "Index Cond": "(id = ci.person_id)", "Actual Rows": 54155}], "Actual Rows": 28073}], "Actual Rows": 28073}], "Actual Rows": 1}, "Triggers": [], "Planner Runtime": 18, "Total Runtime": 14088.924, "Unique SQL Id": 3913857139}}, "(16, 51)": {"explain_plan": {"Plan": {"Node Type": "Aggregate", "Strategy": "Plain", "Startup Cost": 191395.62, "Total Cost": 191395.63, "Plan Rows": 1, "Plan Width": 160, "Plans": [{"Node Type": "Nested Loop", "Parent Relationship": "Outer", "Join Type": "Inner", "Startup Cost": 4861.24, "Total Cost": 191385.02, "Plan Rows": 1413, "Plan Width": 64, "Inner Unique": true, "Plans": [{"Node Type": "Nested Loop", "Parent Relationship": "Outer", "Join Type": "Inner", "Startup Cost": 4860.93, "Total Cost": 186379.6, "Plan Rows": 1155, "Plan Width": 68, "Inner Unique": false, "Plans": [{"Node Type": "Nested Loop", "Parent Relationship": "Outer", "Join Type": "Inner", "Startup Cost": 4860.41, "Total Cost": 181536.93, "Plan Rows": 1044, "Plan Width": 76, "Inner Unique": true, "Join Filter": "(mi.movie_id = t.id)", "Plans": [{"Node Type": "Nested Loop", "Parent Relationship": "Outer", "Join Type": "Inner", "Startup Cost": 4860.13, "Total Cost": 177037.74, "Plan Rows": 1044, "Plan Width": 55, "Inner Unique": false, "Join Filter": "(mi_idx.info_type_id = it2.id)", "Plans": [{"Node Type": "Bitmap Heap Scan", "Parent Relationship": "Outer", "Relation Name": "info_type", "Alias": "it2", "Startup Cost": 8.81, "Total Cost": 14.21, "Plan Rows": 1, "Plan Width": 4, "Filter": "((info)::text = 'votes'::text)", "Plans": [{"Node Type": "Bitmap Index Scan", "Parent Relationship": "Outer", "Index Name": "info_type_pkey", "Startup Cost": 0.0, "Total Cost": 8.81, "Plan Rows": 112, "Plan Width": 0}]}, {"Node Type": "Nested Loop", "Parent Relationship": "Inner", "Join Type": "Inner", "Startup Cost": 4851.32, "Total Cost": 176971.34, "Plan Rows": 4175, "Plan Width": 59, "Inner Unique": false, "Plans": [{"Node Type": "Nested Loop", "Parent Relationship": "Outer", "Join Type": "Inner", "Startup Cost": 4850.95, "Total Cost": 164983.91, "Plan Rows": 2717, "Plan Width": 46, "Inner Unique": false, "Plans": [{"Node Type": "Bitmap Heap Scan", "Parent Relationship": "Outer", "Relation Name": "info_type", "Alias": "it1", "Startup Cost": 8.81, "Total Cost": 14.21, "Plan Rows": 1, "Plan Width": 4, "Filter": "((info)::text = 'genres'::text)", "Plans": [{"Node Type": "Bitmap Index Scan", "Parent Relationship": "Outer", "Index Name": "info_type_pkey", "Startup Cost": 0.0, "Total Cost": 8.81, "Plan Rows": 112, "Plan Width": 0}]}, {"Node Type": "Bitmap Heap Scan", "Parent Relationship": "Inner", "Relation Name": "movie_info", "Alias": "mi", "Startup Cost": 4842.14, "Total Cost": 164942.53, "Plan Rows": 2717, "Plan Width": 50, "Recheck Cond": "(info_type_id = it1.id)", "Filter": "((info)::text = ANY ('{Horror,Action,Sci-Fi,Thriller,Crime,War}'::text[]))", "Plans": [{"Node Type": "Bitmap Index Scan", "Parent Relationship": "Outer", "Index Name": "info_type_id_movie_info", "Startup Cost": 0.0, "Total Cost": 4841.46, "Plan Rows": 212428, "Plan Width": 0, "Index Cond": "(info_type_id = it1.id)"}]}]}, {"Node Type": "Bitmap Heap Scan", "Parent Relationship": "Inner", "Relation Name": "movie_info_idx", "Alias": "mi_idx", "Startup Cost": 0.37, "Total Cost": 4.39, "Plan Rows": 2, "Plan Width": 13, "Recheck Cond": "(movie_id = mi.movie_id)", "Plans": [{"Node Type": "Bitmap Index Scan", "Parent Relationship": "Outer", "Index Name": "movie_id_movie_info_idx", "Startup Cost": 0.0, "Total Cost": 0.37, "Plan Rows": 2, "Plan Width": 0, "Index Cond": "(movie_id = mi.movie_id)"}]}]}]}, {"Node Type": "Bitmap Heap Scan", "Parent Relationship": "Inner", "Relation Name": "title", "Alias": "t", "Startup Cost": 0.28, "Total Cost": 4.3, "Plan Rows": 1, "Plan Width": 21, "Recheck Cond": "(id = mi_idx.movie_id)", "Plans": [{"Node Type": "Bitmap Index Scan", "Parent Relationship": "Outer", "Index Name": "title_pkey", "Startup Cost": 0.0, "Total Cost": 0.28, "Plan Rows": 1, "Plan Width": 0, "Index Cond": "(id = mi_idx.movie_id)"}]}]}, {"Node Type": "Bitmap Heap Scan", "Parent Relationship": "Inner", "Relation Name": "cast_info", "Alias": "ci", "Startup Cost": 0.52, "Total Cost": 4.63, "Plan Rows": 1, "Plan Width": 8, "Recheck Cond": "(movie_id = t.id)", "Filter": "((note)::text = ANY ('{(writer),\"(head writer)\",\"(written by)\",(story),\"(story editor)\"}'::text[]))", "Plans": [{"Node Type": "Bitmap Index Scan", "Parent Relationship": "Outer", "Index Name": "movie_id_cast_info", "Startup Cost": 0.0, "Total Cost": 0.52, "Plan Rows": 6, "Plan Width": 0, "Index Cond": "(movie_id = t.id)"}]}]}, {"Node Type": "Bitmap Heap Scan", "Parent Relationship": "Inner", "Relation Name": "name", "Alias": "n", "Startup Cost": 0.31, "Total Cost": 4.32, "Plan Rows": 1, "Plan Width": 4, "Recheck Cond": "(id = ci.person_id)", "Filter": "((gender)::text = 'm'::text)", "Plans": [{"Node Type": "Bitmap Index Scan", "Parent Relationship": "Outer", "Index Name": "name_pkey", "Startup Cost": 0.0, "Total Cost": 0.31, "Plan Rows": 1, "Plan Width": 0, "Index Cond": "(id = ci.person_id)"}]}]}]}, "Unique SQL Id": 3913857139, "Planner Runtime": 8}, "explain_analyze_plan": {"Plan": {"Node Type": "Aggregate", "Strategy": "Plain", "Startup Cost": 191395.62, "Total Cost": 191395.63, "Plan Rows": 1, "Plan Width": 160, "Actual Startup Time": 14138.197, "Actual Total Time": 14138.197, "Actual Rows": 1, "Actual Loops": 1, "Plans": [{"Node Type": "Nested Loop", "Parent Relationship": "Outer", "Join Type": "Inner", "Startup Cost": 4861.24, "Total Cost": 191385.02, "Plan Rows": 1413, "Plan Width": 64, "Actual Startup Time": 187.003, "Actual Total Time": 14094.486, "Actual Rows": 28073, "Actual Loops": 1, "Inner Unique": true, "Plans": [{"Node Type": "Nested Loop", "Parent Relationship": "Outer", "Join Type": "Inner", "Startup Cost": 4860.93, "Total Cost": 186379.6, "Plan Rows": 1155, "Plan Width": 68, "Actual Startup Time": 184.391, "Actual Total Time": 13585.354, "Actual Rows": 54155, "Actual Loops": 1, "Inner Unique": false, "Plans": [{"Node Type": "Nested Loop", "Parent Relationship": "Outer", "Join Type": "Inner", "Startup Cost": 4860.41, "Total Cost": 181536.93, "Plan Rows": 1044, "Plan Width": 76, "Actual Startup Time": 181.346, "Actual Total Time": 3101.831, "Actual Rows": 102516, "Actual Loops": 1, "Inner Unique": true, "Join Filter": "(mi.movie_id = t.id)", "Rows Removed by Join Filter": 0, "Plans": [{"Node Type": "Nested Loop", "Parent Relationship": "Outer", "Join Type": "Inner", "Startup Cost": 4860.13, "Total Cost": 177037.74, "Plan Rows": 1044, "Plan Width": 55, "Actual Startup Time": 181.323, "Actual Total Time": 2380.152, "Actual Rows": 102516, "Actual Loops": 1, "Inner Unique": false, "Join Filter": "(mi_idx.info_type_id = it2.id)", "Rows Removed by Join Filter": 205269, "Plans": [{"Node Type": "Bitmap Heap Scan", "Parent Relationship": "Outer", "Relation Name": "info_type", "Alias": "it2", "Startup Cost": 8.81, "Total Cost": 14.21, "Plan Rows": 1, "Plan Width": 4, "Actual Startup Time": 0.075, "Actual Total Time": 0.079, "Actual Rows": 1, "Actual Loops": 1, "Filter": "((info)::text = 'votes'::text)", "Rows Removed by Filter": 111, "Exact Heap Blocks": 1, "Lossy Heap Blocks": 1, "Plans": [{"Node Type": "Bitmap Index Scan", "Parent Relationship": "Outer", "Index Name": "info_type_pkey", "Startup Cost": 0.0, "Total Cost": 8.81, "Plan Rows": 112, "Plan Width": 0, "Actual Startup Time": 0.014, "Actual Total Time": 0.014, "Actual Rows": 112, "Actual Loops": 1}]}, {"Node Type": "Nested Loop", "Parent Relationship": "Inner", "Join Type": "Inner", "Startup Cost": 4851.32, "Total Cost": 176971.34, "Plan Rows": 4175, "Plan Width": 59, "Actual Startup Time": 181.235, "Actual Total Time": 2285.67, "Actual Rows": 307785, "Actual Loops": 1, "Inner Unique": false, "Plans": [{"Node Type": "Nested Loop", "Parent Relationship": "Outer", "Join Type": "Inner", "Startup Cost": 4850.95, "Total Cost": 164983.91, "Plan Rows": 2717, "Plan Width": 46, "Actual Startup Time": 181.195, "Actual Total Time": 1161.625, "Actual Rows": 186594, "Actual Loops": 1, "Inner Unique": false, "Plans": [{"Node Type": "Bitmap Heap Scan", "Parent Relationship": "Outer", "Relation Name": "info_type", "Alias": "it1", "Startup Cost": 8.81, "Total Cost": 14.21, "Plan Rows": 1, "Plan Width": 4, "Actual Startup Time": 0.029, "Actual Total Time": 0.058, "Actual Rows": 1, "Actual Loops": 1, "Filter": "((info)::text = 'genres'::text)", "Rows Removed by Filter": 111, "Exact Heap Blocks": 1, "Lossy Heap Blocks": 1, "Plans": [{"Node Type": "Bitmap Index Scan", "Parent Relationship": "Outer", "Index Name": "info_type_pkey", "Startup Cost": 0.0, "Total Cost": 8.81, "Plan Rows": 112, "Plan Width": 0, "Actual Startup Time": 0.008, "Actual Total Time": 0.008, "Actual Rows": 112, "Actual Loops": 1}]}, {"Node Type": "Bitmap Heap Scan", "Parent Relationship": "Inner", "Relation Name": "movie_info", "Alias": "mi", "Startup Cost": 4842.14, "Total Cost": 164942.53, "Plan Rows": 2717, "Plan Width": 50, "Actual Startup Time": 181.162, "Actual Total Time": 1119.515, "Actual Rows": 186594, "Actual Loops": 1, "Recheck Cond": "(info_type_id = it1.id)", "Rows Removed by Index Recheck": 0, "Filter": "((info)::text = ANY ('{Horror,Action,Sci-Fi,Thriller,Crime,War}'::text[]))", "Rows Removed by Filter": 1347315, "Exact Heap Blocks": 7426, "Lossy Heap Blocks": 7426, "Plans": [{"Node Type": "Bitmap Index Scan", "Parent Relationship": "Outer", "Index Name": "info_type_id_movie_info", "Startup Cost": 0.0, "Total Cost": 4841.46, "Plan Rows": 212428, "Plan Width": 0, "Actual Startup Time": 179.772, "Actual Total Time": 179.772, "Actual Rows": 1533909, "Actual Loops": 1, "Index Cond": "(info_type_id = it1.id)"}]}]}, {"Node Type": "Bitmap Heap Scan", "Parent Relationship": "Inner", "Relation Name": "movie_info_idx", "Alias": "mi_idx", "Startup Cost": 0.37, "Total Cost": 4.39, "Plan Rows": 2, "Plan Width": 13, "Actual Startup Time": 770.753, "Actual Total Time": 815.789, "Actual Rows": 307785, "Actual Loops": 186594, "Recheck Cond": "(movie_id = mi.movie_id)", "Rows Removed by Index Recheck": 0, "Exact Heap Blocks": 103610, "Lossy Heap Blocks": 103610, "Plans": [{"Node Type": "Bitmap Index Scan", "Parent Relationship": "Outer", "Index Name": "movie_id_movie_info_idx", "Startup Cost": 0.0, "Total Cost": 0.37, "Plan Rows": 2, "Plan Width": 0, "Actual Startup Time": 523.523, "Actual Total Time": 523.523, "Actual Rows": 307785, "Actual Loops": 186594, "Index Cond": "(movie_id = mi.movie_id)"}]}]}]}, {"Node Type": "Bitmap Heap Scan", "Parent Relationship": "Inner", "Relation Name": "title", "Alias": "t", "Startup Cost": 0.28, "Total Cost": 4.3, "Plan Rows": 1, "Plan Width": 21, "Actual Startup Time": 551.607, "Actual Total Time": 551.607, "Actual Rows": 102516, "Actual Loops": 102516, "Recheck Cond": "(id = mi_idx.movie_id)", "Rows Removed by Index Recheck": 0, "Exact Heap Blocks": 102516, "Lossy Heap Blocks": 102516, "Plans": [{"Node Type": "Bitmap Index Scan", "Parent Relationship": "Outer", "Index Name": "title_pkey", "Startup Cost": 0.0, "Total Cost": 0.28, "Plan Rows": 1, "Plan Width": 0, "Actual Startup Time": 308.447, "Actual Total Time": 308.447, "Actual Rows": 102516, "Actual Loops": 102516, "Index Cond": "(id = mi_idx.movie_id)"}]}]}, {"Node Type": "Bitmap Heap Scan", "Parent Relationship": "Inner", "Relation Name": "cast_info", "Alias": "ci", "Startup Cost": 0.52, "Total Cost": 4.63, "Plan Rows": 1, "Plan Width": 8, "Actual Startup Time": 8932.38, "Actual Total Time": 10325.233, "Actual Rows": 54155, "Actual Loops": 102516, "Recheck Cond": "(movie_id = t.id)", "Rows Removed by Index Recheck": 0, "Filter": "((note)::text = ANY ('{(writer),\"(head writer)\",\"(written by)\",(story),\"(story editor)\"}'::text[]))", "Rows Removed by Filter": 3987641, "Exact Heap Blocks": 3901088, "Lossy Heap Blocks": 3901088, "Plans": [{"Node Type": "Bitmap Index Scan", "Parent Relationship": "Outer", "Index Name": "movie_id_cast_info", "Startup Cost": 0.0, "Total Cost": 0.52, "Plan Rows": 6, "Plan Width": 0, "Actual Startup Time": 1094.418, "Actual Total Time": 1094.418, "Actual Rows": 4041796, "Actual Loops": 102516, "Index Cond": "(movie_id = t.id)"}]}]}, {"Node Type": "Bitmap Heap Scan", "Parent Relationship": "Inner", "Relation Name": "name", "Alias": "n", "Startup Cost": 0.31, "Total Cost": 4.32, "Plan Rows": 1, "Plan Width": 4, "Actual Startup Time": 425.148, "Actual Total Time": 425.148, "Actual Rows": 28073, "Actual Loops": 54155, "Recheck Cond": "(id = ci.person_id)", "Rows Removed by Index Recheck": 0, "Filter": "((gender)::text = 'm'::text)", "Rows Removed by Filter": 26082, "Exact Heap Blocks": 54155, "Lossy Heap Blocks": 54155, "Plans": [{"Node Type": "Bitmap Index Scan", "Parent Relationship": "Outer", "Index Name": "name_pkey", "Startup Cost": 0.0, "Total Cost": 0.31, "Plan Rows": 1, "Plan Width": 0, "Actual Startup Time": 273.193, "Actual Total Time": 273.193, "Actual Rows": 54155, "Actual Loops": 54155, "Index Cond": "(id = ci.person_id)"}]}]}]}, "Triggers": [], "Planner Runtime": 7, "Total Runtime": 14138.488, "Unique SQL Id": 3913857139}}, "(16, 52)": {"explain_plan": {"Plan": {"Node Type": "Aggregate", "Strategy": "Plain", "Startup Cost": 50638.13, "Total Cost": 50638.14, "Plan Rows": 1, "Plan Width": 160, "Plans": [{"Node Type": "Nested Loop", "Parent Relationship": "Outer", "Join Type": "Inner", "Startup Cost": 0.0, "Total Cost": 50627.54, "Plan Rows": 1413, "Plan Width": 64, "Inner Unique": true, "Plans": [{"Node Type": "Nested Loop", "Parent Relationship": "Outer", "Join Type": "Inner", "Startup Cost": 0.0, "Total Cost": 50048.27, "Plan Rows": 1155, "Plan Width": 68, "Inner Unique": false, "Plans": [{"Node Type": "Nested Loop", "Parent Relationship": "Outer", "Join Type": "Inner", "Startup Cost": 0.0, "Total Cost": 48986.64, "Plan Rows": 1044, "Plan Width": 76, "Inner Unique": true, "Join Filter": "(mi.movie_id = t.id)", "Plans": [{"Node Type": "Nested Loop", "Parent Relationship": "Outer", "Join Type": "Inner", "Startup Cost": 0.0, "Total Cost": 48558.44, "Plan Rows": 1044, "Plan Width": 55, "Inner Unique": false, "Join Filter": "(mi_idx.info_type_id = it2.id)", "Plans": [{"Node Type": "Seq Scan", "Parent Relationship": "Outer", "Relation Name": "info_type", "Alias": "it2", "Startup Cost": 0.0, "Total Cost": 2.4, "Plan Rows": 1, "Plan Width": 4, "Filter": "((info)::text = 'votes'::text)"}, {"Node Type": "Nested Loop", "Parent Relationship": "Inner", "Join Type": "Inner", "Startup Cost": 0.0, "Total Cost": 48503.86, "Plan Rows": 4175, "Plan Width": 59, "Inner Unique": false, "Plans": [{"Node Type": "Nested Loop", "Parent Relationship": "Outer", "Join Type": "Inner", "Startup Cost": 0.0, "Total Cost": 47015.81, "Plan Rows": 2717, "Plan Width": 46, "Inner Unique": false, "Join Filter": "(it1.id = mi.info_type_id)", "Plans": [{"Node Type": "Seq Scan", "Parent Relationship": "Outer", "Relation Name": "info_type", "Alias": "it1", "Startup Cost": 0.0, "Total Cost": 2.4, "Plan Rows": 1, "Plan Width": 4, "Filter": "((info)::text = 'genres'::text)"}, {"Node Type": "Materialize", "Parent Relationship": "Inner", "Startup Cost": 0.0, "Total Cost": 45111.71, "Plan Rows": 190170, "Plan Width": 50, "Plans": [{"Node Type": "Streaming(type: LOCAL GATHER dop: 1/16)", "Parent Relationship": "Outer", "Startup Cost": 0.0, "Total Cost": 44636.28, "Plan Rows": 190170, "Plan Width": 50, "Plans": [{"Node Type": "Seq Scan", "Parent Relationship": "Outer", "Relation Name": "movie_info", "Alias": "mi", "Startup Cost": 0.0, "Total Cost": 40532.03, "Plan Rows": 190170, "Plan Width": 50, "Filter": "((info)::text = ANY ('{Horror,Action,Sci-Fi,Thriller,Crime,War}'::text[]))"}]}]}]}, {"Node Type": "Index Scan", "Parent Relationship": "Inner", "Scan Direction": "Forward", "Index Name": "movie_id_movie_info_idx", "Relation Name": "movie_info_idx", "Alias": "mi_idx", "Startup Cost": 0.0, "Total Cost": 0.53, "Plan Rows": 2, "Plan Width": 13, "Index Cond": "(movie_id = mi.movie_id)"}]}]}, {"Node Type": "Index Scan", "Parent Relationship": "Inner", "Scan Direction": "Forward", "Index Name": "title_pkey", "Relation Name": "title", "Alias": "t", "Startup Cost": 0.0, "Total Cost": 0.4, "Plan Rows": 1, "Plan Width": 21, "Index Cond": "(id = mi_idx.movie_id)"}]}, {"Node Type": "Index Scan", "Parent Relationship": "Inner", "Scan Direction": "Forward", "Index Name": "movie_id_cast_info", "Relation Name": "cast_info", "Alias": "ci", "Startup Cost": 0.0, "Total Cost": 1.01, "Plan Rows": 1, "Plan Width": 8, "Index Cond": "(movie_id = t.id)", "Filter": "((note)::text = ANY ('{(writer),\"(head writer)\",\"(written by)\",(story),\"(story editor)\"}'::text[]))"}]}, {"Node Type": "Index Scan", "Parent Relationship": "Inner", "Scan Direction": "Forward", "Index Name": "name_pkey", "Relation Name": "name", "Alias": "n", "Startup Cost": 0.0, "Total Cost": 0.49, "Plan Rows": 1, "Plan Width": 4, "Index Cond": "(id = ci.person_id)", "Filter": "((gender)::text = 'm'::text)"}]}]}, "Unique SQL Id": 3913857139, "Planner Runtime": 7}, "explain_analyze_plan": {"Plan": {"Node Type": "Aggregate", "Strategy": "Plain", "Startup Cost": 50638.13, "Total Cost": 50638.14, "Plan Rows": 1, "Plan Width": 160, "Actual Min Startup Time": 11129.472, "Actual Max Startup Time": 11129.472, "Actual Min Total Time": 11129.473, "Actual Max Total Time": 11129.473, "Plans": [{"Node Type": "Nested Loop", "Parent Relationship": "Outer", "Join Type": "Inner", "Startup Cost": 0.0, "Total Cost": 50627.54, "Plan Rows": 1413, "Plan Width": 64, "Actual Min Startup Time": 511.135, "Actual Max Startup Time": 511.135, "Actual Min Total Time": 11090.649, "Actual Max Total Time": 11090.649, "Inner Unique": true, "Plans": [{"Node Type": "Nested Loop", "Parent Relationship": "Outer", "Join Type": "Inner", "Startup Cost": 0.0, "Total Cost": 50048.27, "Plan Rows": 1155, "Plan Width": 68, "Actual Min Startup Time": 511.069, "Actual Max Startup Time": 511.069, "Actual Min Total Time": 10685.753, "Actual Max Total Time": 10685.753, "Inner Unique": false, "Plans": [{"Node Type": "Nested Loop", "Parent Relationship": "Outer", "Join Type": "Inner", "Startup Cost": 0.0, "Total Cost": 48986.64, "Plan Rows": 1044, "Plan Width": 76, "Actual Min Startup Time": 511.036, "Actual Max Startup Time": 511.036, "Actual Min Total Time": 2090.161, "Actual Max Total Time": 2090.161, "Inner Unique": true, "Join Filter": "(mi.movie_id = t.id)", "Rows Removed by Join Filter": 0, "Plans": [{"Node Type": "Nested Loop", "Parent Relationship": "Outer", "Join Type": "Inner", "Startup Cost": 0.0, "Total Cost": 48558.44, "Plan Rows": 1044, "Plan Width": 55, "Actual Min Startup Time": 511.018, "Actual Max Startup Time": 511.018, "Actual Min Total Time": 1536.856, "Actual Max Total Time": 1536.856, "Inner Unique": false, "Join Filter": "(mi_idx.info_type_id = it2.id)", "Rows Removed by Join Filter": 205269, "Plans": [{"Node Type": "Seq Scan", "Parent Relationship": "Outer", "Relation Name": "info_type", "Alias": "it2", "Startup Cost": 0.0, "Total Cost": 2.4, "Plan Rows": 1, "Plan Width": 4, "Actual Min Startup Time": 0.062, "Actual Max Startup Time": 0.062, "Actual Min Total Time": 0.082, "Actual Max Total Time": 0.082, "Filter": "((info)::text = 'votes'::text)", "Rows Removed by Filter": 111, "Actual Rows": 1}, {"Node Type": "Nested Loop", "Parent Relationship": "Inner", "Join Type": "Inner", "Startup Cost": 0.0, "Total Cost": 48503.86, "Plan Rows": 4175, "Plan Width": 59, "Actual Min Startup Time": 510.944, "Actual Max Startup Time": 510.944, "Actual Min Total Time": 1446.297, "Actual Max Total Time": 1446.297, "Inner Unique": false, "Plans": [{"Node Type": "Nested Loop", "Parent Relationship": "Outer", "Join Type": "Inner", "Startup Cost": 0.0, "Total Cost": 47015.81, "Plan Rows": 2717, "Plan Width": 46, "Actual Min Startup Time": 510.906, "Actual Max Startup Time": 510.906, "Actual Min Total Time": 614.399, "Actual Max Total Time": 614.399, "Inner Unique": false, "Join Filter": "(it1.id = mi.info_type_id)", "Rows Removed by Join Filter": 2377, "Plans": [{"Node Type": "Seq Scan", "Parent Relationship": "Outer", "Relation Name": "info_type", "Alias": "it1", "Startup Cost": 0.0, "Total Cost": 2.4, "Plan Rows": 1, "Plan Width": 4, "Actual Min Startup Time": 0.049, "Actual Max Startup Time": 0.049, "Actual Min Total Time": 0.098, "Actual Max Total Time": 0.098, "Filter": "((info)::text = 'genres'::text)", "Rows Removed by Filter": 111, "Actual Rows": 1}, {"Node Type": "Materialize", "Parent Relationship": "Inner", "Startup Cost": 0.0, "Total Cost": 45111.71, "Plan Rows": 190170, "Plan Width": 50, "Actual Min Startup Time": 510.302, "Actual Max Startup Time": 510.302, "Actual Min Total Time": 540.364, "Actual Max Total Time": 540.364, "Plans": [{"Node Type": "Streaming(type: LOCAL GATHER dop: 1/16)", "Parent Relationship": "Outer", "Startup Cost": 0.0, "Total Cost": 44636.28, "Plan Rows": 190170, "Plan Width": 50, "Actual Min Startup Time": 297.487, "Actual Max Startup Time": 297.487, "Actual Min Total Time": 482.691, "Actual Max Total Time": 482.691, "Plans": [{"Node Type": "Seq Scan", "Parent Relationship": "Outer", "Relation Name": "movie_info", "Alias": "mi", "Startup Cost": 0.0, "Total Cost": 40532.03, "Plan Rows": 190170, "Plan Width": 50, "Actual Min Startup Time": 226.336, "Actual Max Startup Time": 412.639, "Actual Min Total Time": 456.317, "Actual Max Total Time": 472.872, "Filter": "((info)::text = ANY ('{Horror,Action,Sci-Fi,Thriller,Crime,War}'::text[]))", "Rows Removed by Filter": 14646748, "Actual Rows": 188971}], "Actual Rows": 188971}], "Actual Rows": 188972}], "Actual Rows": 186594}, {"Node Type": "Index Scan", "Parent Relationship": "Inner", "Scan Direction": "Forward", "Index Name": "movie_id_movie_info_idx", "Relation Name": "movie_info_idx", "Alias": "mi_idx", "Startup Cost": 0.0, "Total Cost": 0.53, "Plan Rows": 2, "Plan Width": 13, "Actual Min Startup Time": 538.97, "Actual Max Startup Time": 538.97, "Actual Min Total Time": 658.4, "Actual Max Total Time": 658.4, "Index Cond": "(movie_id = mi.movie_id)", "Rows Removed by Index Recheck": 0, "Actual Rows": 307785}], "Actual Rows": 307785}], "Actual Rows": 102516}, {"Node Type": "Index Scan", "Parent Relationship": "Inner", "Scan Direction": "Forward", "Index Name": "title_pkey", "Relation Name": "title", "Alias": "t", "Startup Cost": 0.0, "Total Cost": 0.4, "Plan Rows": 1, "Plan Width": 21, "Actual Min Startup Time": 443.939, "Actual Max Startup Time": 443.939, "Actual Min Total Time": 443.939, "Actual Max Total Time": 443.939, "Index Cond": "(id = mi_idx.movie_id)", "Rows Removed by Index Recheck": 0, "Actual Rows": 102516}], "Actual Rows": 102516}, {"Node Type": "Index Scan", "Parent Relationship": "Inner", "Scan Direction": "Forward", "Index Name": "movie_id_cast_info", "Relation Name": "cast_info", "Alias": "ci", "Startup Cost": 0.0, "Total Cost": 1.01, "Plan Rows": 1, "Plan Width": 8, "Actual Min Startup Time": 7269.102, "Actual Max Startup Time": 7269.102, "Actual Min Total Time": 8522.718, "Actual Max Total Time": 8522.718, "Index Cond": "(movie_id = t.id)", "Rows Removed by Index Recheck": 0, "Filter": "((note)::text = ANY ('{(writer),\"(head writer)\",\"(written by)\",(story),\"(story editor)\"}'::text[]))", "Rows Removed by Filter": 3987641, "Actual Rows": 54155}], "Actual Rows": 54155}, {"Node Type": "Index Scan", "Parent Relationship": "Inner", "Scan Direction": "Forward", "Index Name": "name_pkey", "Relation Name": "name", "Alias": "n", "Startup Cost": 0.0, "Total Cost": 0.49, "Plan Rows": 1, "Plan Width": 4, "Actual Min Startup Time": 360.913, "Actual Max Startup Time": 360.913, "Actual Min Total Time": 360.913, "Actual Max Total Time": 360.913, "Index Cond": "(id = ci.person_id)", "Rows Removed by Index Recheck": 0, "Filter": "((gender)::text = 'm'::text)", "Rows Removed by Filter": 26082, "Actual Rows": 28073}], "Actual Rows": 28073}], "Actual Rows": 1}, "Triggers": [], "Planner Runtime": 8, "Total Runtime": 11132.427, "Unique SQL Id": 3913857139}}, "(16, 53)": {"explain_plan": {"Plan": {"Node Type": "Aggregate", "Strategy": "Plain", "Startup Cost": 168618.05, "Total Cost": 168618.06, "Plan Rows": 1, "Plan Width": 160, "Plans": [{"Node Type": "Nested Loop", "Parent Relationship": "Outer", "Join Type": "Inner", "Startup Cost": 4842.14, "Total Cost": 168607.45, "Plan Rows": 1413, "Plan Width": 64, "Inner Unique": true, "Plans": [{"Node Type": "Nested Loop", "Parent Relationship": "Outer", "Join Type": "Inner", "Startup Cost": 4842.14, "Total Cost": 168028.19, "Plan Rows": 1155, "Plan Width": 68, "Inner Unique": false, "Plans": [{"Node Type": "Nested Loop", "Parent Relationship": "Outer", "Join Type": "Inner", "Startup Cost": 4842.14, "Total Cost": 166966.55, "Plan Rows": 1044, "Plan Width": 76, "Inner Unique": true, "Join Filter": "(mi.movie_id = t.id)", "Plans": [{"Node Type": "Nested Loop", "Parent Relationship": "Outer", "Join Type": "Inner", "Startup Cost": 4842.14, "Total Cost": 166538.36, "Plan Rows": 1044, "Plan Width": 55, "Inner Unique": false, "Join Filter": "(mi_idx.info_type_id = it2.id)", "Plans": [{"Node Type": "Index Scan", "Parent Relationship": "Outer", "Scan Direction": "Forward", "Index Name": "info_type_pkey", "Relation Name": "info_type", "Alias": "it2", "Startup Cost": 0.0, "Total Cost": 14.21, "Plan Rows": 1, "Plan Width": 4, "Filter": "((info)::text = 'votes'::text)"}, {"Node Type": "Nested Loop", "Parent Relationship": "Inner", "Join Type": "Inner", "Startup Cost": 4842.14, "Total Cost": 166471.96, "Plan Rows": 4175, "Plan Width": 59, "Inner Unique": false, "Plans": [{"Node Type": "Nested Loop", "Parent Relationship": "Outer", "Join Type": "Inner", "Startup Cost": 4842.14, "Total Cost": 164983.91, "Plan Rows": 2717, "Plan Width": 46, "Inner Unique": false, "Plans": [{"Node Type": "Index Scan", "Parent Relationship": "Outer", "Scan Direction": "Forward", "Index Name": "info_type_pkey", "Relation Name": "info_type", "Alias": "it1", "Startup Cost": 0.0, "Total Cost": 14.21, "Plan Rows": 1, "Plan Width": 4, "Filter": "((info)::text = 'genres'::text)"}, {"Node Type": "Bitmap Heap Scan", "Parent Relationship": "Inner", "Relation Name": "movie_info", "Alias": "mi", "Startup Cost": 4842.14, "Total Cost": 164942.53, "Plan Rows": 2717, "Plan Width": 50, "Recheck Cond": "(info_type_id = it1.id)", "Filter": "((info)::text = ANY ('{Horror,Action,Sci-Fi,Thriller,Crime,War}'::text[]))", "Plans": [{"Node Type": "Bitmap Index Scan", "Parent Relationship": "Outer", "Index Name": "info_type_id_movie_info", "Startup Cost": 0.0, "Total Cost": 4841.46, "Plan Rows": 212428, "Plan Width": 0, "Index Cond": "(info_type_id = it1.id)"}]}]}, {"Node Type": "Index Scan", "Parent Relationship": "Inner", "Scan Direction": "Forward", "Index Name": "movie_id_movie_info_idx", "Relation Name": "movie_info_idx", "Alias": "mi_idx", "Startup Cost": 0.0, "Total Cost": 0.53, "Plan Rows": 2, "Plan Width": 13, "Index Cond": "(movie_id = mi.movie_id)"}]}]}, {"Node Type": "Index Scan", "Parent Relationship": "Inner", "Scan Direction": "Forward", "Index Name": "title_pkey", "Relation Name": "title", "Alias": "t", "Startup Cost": 0.0, "Total Cost": 0.4, "Plan Rows": 1, "Plan Width": 21, "Index Cond": "(id = mi_idx.movie_id)"}]}, {"Node Type": "Index Scan", "Parent Relationship": "Inner", "Scan Direction": "Forward", "Index Name": "movie_id_cast_info", "Relation Name": "cast_info", "Alias": "ci", "Startup Cost": 0.0, "Total Cost": 1.01, "Plan Rows": 1, "Plan Width": 8, "Index Cond": "(movie_id = t.id)", "Filter": "((note)::text = ANY ('{(writer),\"(head writer)\",\"(written by)\",(story),\"(story editor)\"}'::text[]))"}]}, {"Node Type": "Index Scan", "Parent Relationship": "Inner", "Scan Direction": "Forward", "Index Name": "name_pkey", "Relation Name": "name", "Alias": "n", "Startup Cost": 0.0, "Total Cost": 0.49, "Plan Rows": 1, "Plan Width": 4, "Index Cond": "(id = ci.person_id)", "Filter": "((gender)::text = 'm'::text)"}]}]}, "Unique SQL Id": 3913857139, "Planner Runtime": 8}, "explain_analyze_plan": {"Plan": {"Node Type": "Aggregate", "Strategy": "Plain", "Startup Cost": 168618.05, "Total Cost": 168618.06, "Plan Rows": 1, "Plan Width": 160, "Actual Startup Time": 11969.053, "Actual Total Time": 11969.053, "Actual Rows": 1, "Actual Loops": 1, "Plans": [{"Node Type": "Nested Loop", "Parent Relationship": "Outer", "Join Type": "Inner", "Startup Cost": 4842.14, "Total Cost": 168607.45, "Plan Rows": 1413, "Plan Width": 64, "Actual Startup Time": 183.605, "Actual Total Time": 11931.811, "Actual Rows": 28073, "Actual Loops": 1, "Inner Unique": true, "Plans": [{"Node Type": "Nested Loop", "Parent Relationship": "Outer", "Join Type": "Inner", "Startup Cost": 4842.14, "Total Cost": 168028.19, "Plan Rows": 1155, "Plan Width": 68, "Actual Startup Time": 181.327, "Actual Total Time": 11510.362, "Actual Rows": 54155, "Actual Loops": 1, "Inner Unique": false, "Plans": [{"Node Type": "Nested Loop", "Parent Relationship": "Outer", "Join Type": "Inner", "Startup Cost": 4842.14, "Total Cost": 166966.55, "Plan Rows": 1044, "Plan Width": 76, "Actual Startup Time": 178.719, "Actual Total Time": 2661.808, "Actual Rows": 102516, "Actual Loops": 1, "Inner Unique": true, "Join Filter": "(mi.movie_id = t.id)", "Rows Removed by Join Filter": 0, "Plans": [{"Node Type": "Nested Loop", "Parent Relationship": "Outer", "Join Type": "Inner", "Startup Cost": 4842.14, "Total Cost": 166538.36, "Plan Rows": 1044, "Plan Width": 55, "Actual Startup Time": 178.7, "Actual Total Time": 2109.568, "Actual Rows": 102516, "Actual Loops": 1, "Inner Unique": false, "Join Filter": "(mi_idx.info_type_id = it2.id)", "Rows Removed by Join Filter": 205269, "Plans": [{"Node Type": "Index Scan", "Parent Relationship": "Outer", "Scan Direction": "Forward", "Index Name": "info_type_pkey", "Relation Name": "info_type", "Alias": "it2", "Startup Cost": 0.0, "Total Cost": 14.21, "Plan Rows": 1, "Plan Width": 4, "Actual Startup Time": 0.068, "Actual Total Time": 0.077, "Actual Rows": 1, "Actual Loops": 1, "Filter": "((info)::text = 'votes'::text)", "Rows Removed by Filter": 111}, {"Node Type": "Nested Loop", "Parent Relationship": "Inner", "Join Type": "Inner", "Startup Cost": 4842.14, "Total Cost": 166471.96, "Plan Rows": 4175, "Plan Width": 59, "Actual Startup Time": 178.619, "Actual Total Time": 2023.448, "Actual Rows": 307785, "Actual Loops": 1, "Inner Unique": false, "Plans": [{"Node Type": "Nested Loop", "Parent Relationship": "Outer", "Join Type": "Inner", "Startup Cost": 4842.14, "Total Cost": 164983.91, "Plan Rows": 2717, "Plan Width": 46, "Actual Startup Time": 178.589, "Actual Total Time": 1168.902, "Actual Rows": 186594, "Actual Loops": 1, "Inner Unique": false, "Plans": [{"Node Type": "Index Scan", "Parent Relationship": "Outer", "Scan Direction": "Forward", "Index Name": "info_type_pkey", "Relation Name": "info_type", "Alias": "it1", "Startup Cost": 0.0, "Total Cost": 14.21, "Plan Rows": 1, "Plan Width": 4, "Actual Startup Time": 0.008, "Actual Total Time": 0.071, "Actual Rows": 1, "Actual Loops": 1, "Filter": "((info)::text = 'genres'::text)", "Rows Removed by Filter": 111}, {"Node Type": "Bitmap Heap Scan", "Parent Relationship": "Inner", "Relation Name": "movie_info", "Alias": "mi", "Startup Cost": 4842.14, "Total Cost": 164942.53, "Plan Rows": 2717, "Plan Width": 50, "Actual Startup Time": 178.575, "Actual Total Time": 1125.474, "Actual Rows": 186594, "Actual Loops": 1, "Recheck Cond": "(info_type_id = it1.id)", "Rows Removed by Index Recheck": 0, "Filter": "((info)::text = ANY ('{Horror,Action,Sci-Fi,Thriller,Crime,War}'::text[]))", "Rows Removed by Filter": 1347315, "Exact Heap Blocks": 7426, "Lossy Heap Blocks": 7426, "Plans": [{"Node Type": "Bitmap Index Scan", "Parent Relationship": "Outer", "Index Name": "info_type_id_movie_info", "Startup Cost": 0.0, "Total Cost": 4841.46, "Plan Rows": 212428, "Plan Width": 0, "Actual Startup Time": 177.197, "Actual Total Time": 177.197, "Actual Rows": 1533909, "Actual Loops": 1, "Index Cond": "(info_type_id = it1.id)"}]}]}, {"Node Type": "Index Scan", "Parent Relationship": "Inner", "Scan Direction": "Forward", "Index Name": "movie_id_movie_info_idx", "Relation Name": "movie_info_idx", "Alias": "mi_idx", "Startup Cost": 0.0, "Total Cost": 0.53, "Plan Rows": 2, "Plan Width": 13, "Actual Startup Time": 557.682, "Actual Total Time": 678.182, "Actual Rows": 307785, "Actual Loops": 186594, "Index Cond": "(movie_id = mi.movie_id)", "Rows Removed by Index Recheck": 0}]}]}, {"Node Type": "Index Scan", "Parent Relationship": "Inner", "Scan Direction": "Forward", "Index Name": "title_pkey", "Relation Name": "title", "Alias": "t", "Startup Cost": 0.0, "Total Cost": 0.4, "Plan Rows": 1, "Plan Width": 21, "Actual Startup Time": 444.947, "Actual Total Time": 444.947, "Actual Rows": 102516, "Actual Loops": 102516, "Index Cond": "(id = mi_idx.movie_id)", "Rows Removed by Index Recheck": 0}]}, {"Node Type": "Index Scan", "Parent Relationship": "Inner", "Scan Direction": "Forward", "Index Name": "movie_id_cast_info", "Relation Name": "cast_info", "Alias": "ci", "Startup Cost": 0.0, "Total Cost": 1.01, "Plan Rows": 1, "Plan Width": 8, "Actual Startup Time": 7477.985, "Actual Total Time": 8775.091, "Actual Rows": 54155, "Actual Loops": 102516, "Index Cond": "(movie_id = t.id)", "Rows Removed by Index Recheck": 0, "Filter": "((note)::text = ANY ('{(writer),\"(head writer)\",\"(written by)\",(story),\"(story editor)\"}'::text[]))", "Rows Removed by Filter": 3987641}]}, {"Node Type": "Index Scan", "Parent Relationship": "Inner", "Scan Direction": "Forward", "Index Name": "name_pkey", "Relation Name": "name", "Alias": "n", "Startup Cost": 0.0, "Total Cost": 0.49, "Plan Rows": 1, "Plan Width": 4, "Actual Startup Time": 373.743, "Actual Total Time": 373.743, "Actual Rows": 28073, "Actual Loops": 54155, "Index Cond": "(id = ci.person_id)", "Rows Removed by Index Recheck": 0, "Filter": "((gender)::text = 'm'::text)", "Rows Removed by Filter": 26082}]}]}, "Triggers": [], "Planner Runtime": 8, "Total Runtime": 11969.337, "Unique SQL Id": 3913857139}}, "(16, 54)": {"explain_plan": {"Plan": {"Node Type": "Aggregate", "Strategy": "Plain", "Startup Cost": 73415.7, "Total Cost": 73415.71, "Plan Rows": 1, "Plan Width": 160, "Plans": [{"Node Type": "Nested Loop", "Parent Relationship": "Outer", "Join Type": "Inner", "Startup Cost": 1.48, "Total Cost": 73405.11, "Plan Rows": 1413, "Plan Width": 64, "Inner Unique": true, "Plans": [{"Node Type": "Nested Loop", "Parent Relationship": "Outer", "Join Type": "Inner", "Startup Cost": 1.17, "Total Cost": 68399.68, "Plan Rows": 1155, "Plan Width": 68, "Inner Unique": false, "Plans": [{"Node Type": "Nested Loop", "Parent Relationship": "Outer", "Join Type": "Inner", "Startup Cost": 0.65, "Total Cost": 63557.01, "Plan Rows": 1044, "Plan Width": 76, "Inner Unique": true, "Join Filter": "(mi.movie_id = t.id)", "Plans": [{"Node Type": "Nested Loop", "Parent Relationship": "Outer", "Join Type": "Inner", "Startup Cost": 0.37, "Total Cost": 59057.82, "Plan Rows": 1044, "Plan Width": 55, "Inner Unique": false, "Join Filter": "(mi_idx.info_type_id = it2.id)", "Plans": [{"Node Type": "Seq Scan", "Parent Relationship": "Outer", "Relation Name": "info_type", "Alias": "it2", "Startup Cost": 0.0, "Total Cost": 2.4, "Plan Rows": 1, "Plan Width": 4, "Filter": "((info)::text = 'votes'::text)"}, {"Node Type": "Nested Loop", "Parent Relationship": "Inner", "Join Type": "Inner", "Startup Cost": 0.37, "Total Cost": 59003.23, "Plan Rows": 4175, "Plan Width": 59, "Inner Unique": false, "Plans": [{"Node Type": "Nested Loop", "Parent Relationship": "Outer", "Join Type": "Inner", "Startup Cost": 0.0, "Total Cost": 47015.81, "Plan Rows": 2717, "Plan Width": 46, "Inner Unique": false, "Join Filter": "(it1.id = mi.info_type_id)", "Plans": [{"Node Type": "Seq Scan", "Parent Relationship": "Outer", "Relation Name": "info_type", "Alias": "it1", "Startup Cost": 0.0, "Total Cost": 2.4, "Plan Rows": 1, "Plan Width": 4, "Filter": "((info)::text = 'genres'::text)"}, {"Node Type": "Materialize", "Parent Relationship": "Inner", "Startup Cost": 0.0, "Total Cost": 45111.71, "Plan Rows": 190170, "Plan Width": 50, "Plans": [{"Node Type": "Streaming(type: LOCAL GATHER dop: 1/16)", "Parent Relationship": "Outer", "Startup Cost": 0.0, "Total Cost": 44636.28, "Plan Rows": 190170, "Plan Width": 50, "Plans": [{"Node Type": "Seq Scan", "Parent Relationship": "Outer", "Relation Name": "movie_info", "Alias": "mi", "Startup Cost": 0.0, "Total Cost": 40532.03, "Plan Rows": 190170, "Plan Width": 50, "Filter": "((info)::text = ANY ('{Horror,Action,Sci-Fi,Thriller,Crime,War}'::text[]))"}]}]}]}, {"Node Type": "Bitmap Heap Scan", "Parent Relationship": "Inner", "Relation Name": "movie_info_idx", "Alias": "mi_idx", "Startup Cost": 0.37, "Total Cost": 4.39, "Plan Rows": 2, "Plan Width": 13, "Recheck Cond": "(movie_id = mi.movie_id)", "Plans": [{"Node Type": "Bitmap Index Scan", "Parent Relationship": "Outer", "Index Name": "movie_id_movie_info_idx", "Startup Cost": 0.0, "Total Cost": 0.37, "Plan Rows": 2, "Plan Width": 0, "Index Cond": "(movie_id = mi.movie_id)"}]}]}]}, {"Node Type": "Bitmap Heap Scan", "Parent Relationship": "Inner", "Relation Name": "title", "Alias": "t", "Startup Cost": 0.28, "Total Cost": 4.3, "Plan Rows": 1, "Plan Width": 21, "Recheck Cond": "(id = mi_idx.movie_id)", "Plans": [{"Node Type": "Bitmap Index Scan", "Parent Relationship": "Outer", "Index Name": "title_pkey", "Startup Cost": 0.0, "Total Cost": 0.28, "Plan Rows": 1, "Plan Width": 0, "Index Cond": "(id = mi_idx.movie_id)"}]}]}, {"Node Type": "Bitmap Heap Scan", "Parent Relationship": "Inner", "Relation Name": "cast_info", "Alias": "ci", "Startup Cost": 0.52, "Total Cost": 4.63, "Plan Rows": 1, "Plan Width": 8, "Recheck Cond": "(movie_id = t.id)", "Filter": "((note)::text = ANY ('{(writer),\"(head writer)\",\"(written by)\",(story),\"(story editor)\"}'::text[]))", "Plans": [{"Node Type": "Bitmap Index Scan", "Parent Relationship": "Outer", "Index Name": "movie_id_cast_info", "Startup Cost": 0.0, "Total Cost": 0.52, "Plan Rows": 6, "Plan Width": 0, "Index Cond": "(movie_id = t.id)"}]}]}, {"Node Type": "Bitmap Heap Scan", "Parent Relationship": "Inner", "Relation Name": "name", "Alias": "n", "Startup Cost": 0.31, "Total Cost": 4.32, "Plan Rows": 1, "Plan Width": 4, "Recheck Cond": "(id = ci.person_id)", "Filter": "((gender)::text = 'm'::text)", "Plans": [{"Node Type": "Bitmap Index Scan", "Parent Relationship": "Outer", "Index Name": "name_pkey", "Startup Cost": 0.0, "Total Cost": 0.31, "Plan Rows": 1, "Plan Width": 0, "Index Cond": "(id = ci.person_id)"}]}]}]}, "Unique SQL Id": 3913857139, "Planner Runtime": 18}, "explain_analyze_plan": {"Plan": {"Node Type": "Aggregate", "Strategy": "Plain", "Startup Cost": 73415.7, "Total Cost": 73415.71, "Plan Rows": 1, "Plan Width": 160, "Actual Min Startup Time": 14086.031, "Actual Max Startup Time": 14086.031, "Actual Min Total Time": 14086.031, "Actual Max Total Time": 14086.031, "Plans": [{"Node Type": "Nested Loop", "Parent Relationship": "Outer", "Join Type": "Inner", "Startup Cost": 1.48, "Total Cost": 73405.11, "Plan Rows": 1413, "Plan Width": 64, "Actual Min Startup Time": 511.913, "Actual Max Startup Time": 511.913, "Actual Min Total Time": 14038.009, "Actual Max Total Time": 14038.009, "Inner Unique": true, "Plans": [{"Node Type": "Nested Loop", "Parent Relationship": "Outer", "Join Type": "Inner", "Startup Cost": 1.17, "Total Cost": 68399.68, "Plan Rows": 1155, "Plan Width": 68, "Actual Min Startup Time": 511.827, "Actual Max Startup Time": 511.827, "Actual Min Total Time": 13500.235, "Actual Max Total Time": 13500.235, "Inner Unique": false, "Plans": [{"Node Type": "Nested Loop", "Parent Relationship": "Outer", "Join Type": "Inner", "Startup Cost": 0.65, "Total Cost": 63557.01, "Plan Rows": 1044, "Plan Width": 76, "Actual Min Startup Time": 511.775, "Actual Max Startup Time": 511.775, "Actual Min Total Time": 2633.047, "Actual Max Total Time": 2633.047, "Inner Unique": true, "Join Filter": "(mi.movie_id = t.id)", "Rows Removed by Join Filter": 0, "Plans": [{"Node Type": "Nested Loop", "Parent Relationship": "Outer", "Join Type": "Inner", "Startup Cost": 0.37, "Total Cost": 59057.82, "Plan Rows": 1044, "Plan Width": 55, "Actual Min Startup Time": 511.751, "Actual Max Startup Time": 511.751, "Actual Min Total Time": 1869.537, "Actual Max Total Time": 1869.537, "Inner Unique": false, "Join Filter": "(mi_idx.info_type_id = it2.id)", "Rows Removed by Join Filter": 205269, "Plans": [{"Node Type": "Seq Scan", "Parent Relationship": "Outer", "Relation Name": "info_type", "Alias": "it2", "Startup Cost": 0.0, "Total Cost": 2.4, "Plan Rows": 1, "Plan Width": 4, "Actual Min Startup Time": 0.075, "Actual Max Startup Time": 0.075, "Actual Min Total Time": 0.085, "Actual Max Total Time": 0.085, "Filter": "((info)::text = 'votes'::text)", "Rows Removed by Filter": 111, "Actual Rows": 1}, {"Node Type": "Nested Loop", "Parent Relationship": "Inner", "Join Type": "Inner", "Startup Cost": 0.37, "Total Cost": 59003.23, "Plan Rows": 4175, "Plan Width": 59, "Actual Min Startup Time": 511.662, "Actual Max Startup Time": 511.662, "Actual Min Total Time": 1768.717, "Actual Max Total Time": 1768.717, "Inner Unique": false, "Plans": [{"Node Type": "Nested Loop", "Parent Relationship": "Outer", "Join Type": "Inner", "Startup Cost": 0.0, "Total Cost": 47015.81, "Plan Rows": 2717, "Plan Width": 46, "Actual Min Startup Time": 511.607, "Actual Max Startup Time": 511.607, "Actual Min Total Time": 623.721, "Actual Max Total Time": 623.721, "Inner Unique": false, "Join Filter": "(it1.id = mi.info_type_id)", "Rows Removed by Join Filter": 2377, "Plans": [{"Node Type": "Seq Scan", "Parent Relationship": "Outer", "Relation Name": "info_type", "Alias": "it1", "Startup Cost": 0.0, "Total Cost": 2.4, "Plan Rows": 1, "Plan Width": 4, "Actual Min Startup Time": 0.045, "Actual Max Startup Time": 0.045, "Actual Min Total Time": 0.083, "Actual Max Total Time": 0.083, "Filter": "((info)::text = 'genres'::text)", "Rows Removed by Filter": 111, "Actual Rows": 1}, {"Node Type": "Materialize", "Parent Relationship": "Inner", "Startup Cost": 0.0, "Total Cost": 45111.71, "Plan Rows": 190170, "Plan Width": 50, "Actual Min Startup Time": 510.997, "Actual Max Startup Time": 510.997, "Actual Min Total Time": 541.819, "Actual Max Total Time": 541.819, "Plans": [{"Node Type": "Streaming(type: LOCAL GATHER dop: 1/16)", "Parent Relationship": "Outer", "Startup Cost": 0.0, "Total Cost": 44636.28, "Plan Rows": 190170, "Plan Width": 50, "Actual Min Startup Time": 300.607, "Actual Max Startup Time": 300.607, "Actual Min Total Time": 483.126, "Actual Max Total Time": 483.126, "Plans": [{"Node Type": "Seq Scan", "Parent Relationship": "Outer", "Relation Name": "movie_info", "Alias": "mi", "Startup Cost": 0.0, "Total Cost": 40532.03, "Plan Rows": 190170, "Plan Width": 50, "Actual Min Startup Time": 225.891, "Actual Max Startup Time": 409.901, "Actual Min Total Time": 456.007, "Actual Max Total Time": 472.766, "Filter": "((info)::text = ANY ('{Horror,Action,Sci-Fi,Thriller,Crime,War}'::text[]))", "Rows Removed by Filter": 14646748, "Actual Rows": 188971}], "Actual Rows": 188971}], "Actual Rows": 188972}], "Actual Rows": 186594}, {"Node Type": "Bitmap Heap Scan", "Parent Relationship": "Inner", "Relation Name": "movie_info_idx", "Alias": "mi_idx", "Startup Cost": 0.37, "Total Cost": 4.39, "Plan Rows": 2, "Plan Width": 13, "Actual Min Startup Time": 785.813, "Actual Max Startup Time": 785.813, "Actual Min Total Time": 831.397, "Actual Max Total Time": 831.397, "Recheck Cond": "(movie_id = mi.movie_id)", "Rows Removed by Index Recheck": 0, "Exact Heap Blocks": 103610, "Lossy Heap Blocks": 103610, "Plans": [{"Node Type": "Bitmap Index Scan", "Parent Relationship": "Outer", "Index Name": "movie_id_movie_info_idx", "Startup Cost": 0.0, "Total Cost": 0.37, "Plan Rows": 2, "Plan Width": 0, "Actual Min Startup Time": 534.083, "Actual Max Startup Time": 534.083, "Actual Min Total Time": 534.083, "Actual Max Total Time": 534.083, "Index Cond": "(movie_id = mi.movie_id)", "Actual Rows": 307785}], "Actual Rows": 307785}], "Actual Rows": 307785}], "Actual Rows": 102516}, {"Node Type": "Bitmap Heap Scan", "Parent Relationship": "Inner", "Relation Name": "title", "Alias": "t", "Startup Cost": 0.28, "Total Cost": 4.3, "Plan Rows": 1, "Plan Width": 21, "Actual Min Startup Time": 582.851, "Actual Max Startup Time": 582.851, "Actual Min Total Time": 582.851, "Actual Max Total Time": 582.851, "Recheck Cond": "(id = mi_idx.movie_id)", "Rows Removed by Index Recheck": 0, "Exact Heap Blocks": 102516, "Lossy Heap Blocks": 102516, "Plans": [{"Node Type": "Bitmap Index Scan", "Parent Relationship": "Outer", "Index Name": "title_pkey", "Startup Cost": 0.0, "Total Cost": 0.28, "Plan Rows": 1, "Plan Width": 0, "Actual Min Startup Time": 314.133, "Actual Max Startup Time": 314.133, "Actual Min Total Time": 314.133, "Actual Max Total Time": 314.133, "Index Cond": "(id = mi_idx.movie_id)", "Actual Rows": 102516}], "Actual Rows": 102516}], "Actual Rows": 102516}, {"Node Type": "Bitmap Heap Scan", "Parent Relationship": "Inner", "Relation Name": "cast_info", "Alias": "ci", "Startup Cost": 0.52, "Total Cost": 4.63, "Plan Rows": 1, "Plan Width": 8, "Actual Min Startup Time": 9263.342, "Actual Max Startup Time": 9263.342, "Actual Min Total Time": 10705.552, "Actual Max Total Time": 10705.552, "Recheck Cond": "(movie_id = t.id)", "Rows Removed by Index Recheck": 0, "Filter": "((note)::text = ANY ('{(writer),\"(head writer)\",\"(written by)\",(story),\"(story editor)\"}'::text[]))", "Rows Removed by Filter": 3987641, "Exact Heap Blocks": 3901088, "Lossy Heap Blocks": 3901088, "Plans": [{"Node Type": "Bitmap Index Scan", "Parent Relationship": "Outer", "Index Name": "movie_id_cast_info", "Startup Cost": 0.0, "Total Cost": 0.52, "Plan Rows": 6, "Plan Width": 0, "Actual Min Startup Time": 1108.06, "Actual Max Startup Time": 1108.06, "Actual Min Total Time": 1108.06, "Actual Max Total Time": 1108.06, "Index Cond": "(movie_id = t.id)", "Actual Rows": 4041796}], "Actual Rows": 54155}], "Actual Rows": 54155}, {"Node Type": "Bitmap Heap Scan", "Parent Relationship": "Inner", "Relation Name": "name", "Alias": "n", "Startup Cost": 0.31, "Total Cost": 4.32, "Plan Rows": 1, "Plan Width": 4, "Actual Min Startup Time": 448.646, "Actual Max Startup Time": 448.646, "Actual Min Total Time": 448.646, "Actual Max Total Time": 448.646, "Recheck Cond": "(id = ci.person_id)", "Rows Removed by Index Recheck": 0, "Filter": "((gender)::text = 'm'::text)", "Rows Removed by Filter": 26082, "Exact Heap Blocks": 54155, "Lossy Heap Blocks": 54155, "Plans": [{"Node Type": "Bitmap Index Scan", "Parent Relationship": "Outer", "Index Name": "name_pkey", "Startup Cost": 0.0, "Total Cost": 0.31, "Plan Rows": 1, "Plan Width": 0, "Actual Min Startup Time": 286.768, "Actual Max Startup Time": 286.768, "Actual Min Total Time": 286.768, "Actual Max Total Time": 286.768, "Index Cond": "(id = ci.person_id)", "Actual Rows": 54155}], "Actual Rows": 28073}], "Actual Rows": 28073}], "Actual Rows": 1}, "Triggers": [], "Planner Runtime": 18, "Total Runtime": 14088.924, "Unique SQL Id": 3913857139}}, "(16, 55)": {"explain_plan": {"Plan": {"Node Type": "Aggregate", "Strategy": "Plain", "Startup Cost": 191395.62, "Total Cost": 191395.63, "Plan Rows": 1, "Plan Width": 160, "Plans": [{"Node Type": "Nested Loop", "Parent Relationship": "Outer", "Join Type": "Inner", "Startup Cost": 4861.24, "Total Cost": 191385.02, "Plan Rows": 1413, "Plan Width": 64, "Inner Unique": true, "Plans": [{"Node Type": "Nested Loop", "Parent Relationship": "Outer", "Join Type": "Inner", "Startup Cost": 4860.93, "Total Cost": 186379.6, "Plan Rows": 1155, "Plan Width": 68, "Inner Unique": false, "Plans": [{"Node Type": "Nested Loop", "Parent Relationship": "Outer", "Join Type": "Inner", "Startup Cost": 4860.41, "Total Cost": 181536.93, "Plan Rows": 1044, "Plan Width": 76, "Inner Unique": true, "Join Filter": "(mi.movie_id = t.id)", "Plans": [{"Node Type": "Nested Loop", "Parent Relationship": "Outer", "Join Type": "Inner", "Startup Cost": 4860.13, "Total Cost": 177037.74, "Plan Rows": 1044, "Plan Width": 55, "Inner Unique": false, "Join Filter": "(mi_idx.info_type_id = it2.id)", "Plans": [{"Node Type": "Bitmap Heap Scan", "Parent Relationship": "Outer", "Relation Name": "info_type", "Alias": "it2", "Startup Cost": 8.81, "Total Cost": 14.21, "Plan Rows": 1, "Plan Width": 4, "Filter": "((info)::text = 'votes'::text)", "Plans": [{"Node Type": "Bitmap Index Scan", "Parent Relationship": "Outer", "Index Name": "info_type_pkey", "Startup Cost": 0.0, "Total Cost": 8.81, "Plan Rows": 112, "Plan Width": 0}]}, {"Node Type": "Nested Loop", "Parent Relationship": "Inner", "Join Type": "Inner", "Startup Cost": 4851.32, "Total Cost": 176971.34, "Plan Rows": 4175, "Plan Width": 59, "Inner Unique": false, "Plans": [{"Node Type": "Nested Loop", "Parent Relationship": "Outer", "Join Type": "Inner", "Startup Cost": 4850.95, "Total Cost": 164983.91, "Plan Rows": 2717, "Plan Width": 46, "Inner Unique": false, "Plans": [{"Node Type": "Bitmap Heap Scan", "Parent Relationship": "Outer", "Relation Name": "info_type", "Alias": "it1", "Startup Cost": 8.81, "Total Cost": 14.21, "Plan Rows": 1, "Plan Width": 4, "Filter": "((info)::text = 'genres'::text)", "Plans": [{"Node Type": "Bitmap Index Scan", "Parent Relationship": "Outer", "Index Name": "info_type_pkey", "Startup Cost": 0.0, "Total Cost": 8.81, "Plan Rows": 112, "Plan Width": 0}]}, {"Node Type": "Bitmap Heap Scan", "Parent Relationship": "Inner", "Relation Name": "movie_info", "Alias": "mi", "Startup Cost": 4842.14, "Total Cost": 164942.53, "Plan Rows": 2717, "Plan Width": 50, "Recheck Cond": "(info_type_id = it1.id)", "Filter": "((info)::text = ANY ('{Horror,Action,Sci-Fi,Thriller,Crime,War}'::text[]))", "Plans": [{"Node Type": "Bitmap Index Scan", "Parent Relationship": "Outer", "Index Name": "info_type_id_movie_info", "Startup Cost": 0.0, "Total Cost": 4841.46, "Plan Rows": 212428, "Plan Width": 0, "Index Cond": "(info_type_id = it1.id)"}]}]}, {"Node Type": "Bitmap Heap Scan", "Parent Relationship": "Inner", "Relation Name": "movie_info_idx", "Alias": "mi_idx", "Startup Cost": 0.37, "Total Cost": 4.39, "Plan Rows": 2, "Plan Width": 13, "Recheck Cond": "(movie_id = mi.movie_id)", "Plans": [{"Node Type": "Bitmap Index Scan", "Parent Relationship": "Outer", "Index Name": "movie_id_movie_info_idx", "Startup Cost": 0.0, "Total Cost": 0.37, "Plan Rows": 2, "Plan Width": 0, "Index Cond": "(movie_id = mi.movie_id)"}]}]}]}, {"Node Type": "Bitmap Heap Scan", "Parent Relationship": "Inner", "Relation Name": "title", "Alias": "t", "Startup Cost": 0.28, "Total Cost": 4.3, "Plan Rows": 1, "Plan Width": 21, "Recheck Cond": "(id = mi_idx.movie_id)", "Plans": [{"Node Type": "Bitmap Index Scan", "Parent Relationship": "Outer", "Index Name": "title_pkey", "Startup Cost": 0.0, "Total Cost": 0.28, "Plan Rows": 1, "Plan Width": 0, "Index Cond": "(id = mi_idx.movie_id)"}]}]}, {"Node Type": "Bitmap Heap Scan", "Parent Relationship": "Inner", "Relation Name": "cast_info", "Alias": "ci", "Startup Cost": 0.52, "Total Cost": 4.63, "Plan Rows": 1, "Plan Width": 8, "Recheck Cond": "(movie_id = t.id)", "Filter": "((note)::text = ANY ('{(writer),\"(head writer)\",\"(written by)\",(story),\"(story editor)\"}'::text[]))", "Plans": [{"Node Type": "Bitmap Index Scan", "Parent Relationship": "Outer", "Index Name": "movie_id_cast_info", "Startup Cost": 0.0, "Total Cost": 0.52, "Plan Rows": 6, "Plan Width": 0, "Index Cond": "(movie_id = t.id)"}]}]}, {"Node Type": "Bitmap Heap Scan", "Parent Relationship": "Inner", "Relation Name": "name", "Alias": "n", "Startup Cost": 0.31, "Total Cost": 4.32, "Plan Rows": 1, "Plan Width": 4, "Recheck Cond": "(id = ci.person_id)", "Filter": "((gender)::text = 'm'::text)", "Plans": [{"Node Type": "Bitmap Index Scan", "Parent Relationship": "Outer", "Index Name": "name_pkey", "Startup Cost": 0.0, "Total Cost": 0.31, "Plan Rows": 1, "Plan Width": 0, "Index Cond": "(id = ci.person_id)"}]}]}]}, "Unique SQL Id": 3913857139, "Planner Runtime": 7}, "explain_analyze_plan": {"Plan": {"Node Type": "Aggregate", "Strategy": "Plain", "Startup Cost": 191395.62, "Total Cost": 191395.63, "Plan Rows": 1, "Plan Width": 160, "Actual Startup Time": 14138.197, "Actual Total Time": 14138.197, "Actual Rows": 1, "Actual Loops": 1, "Plans": [{"Node Type": "Nested Loop", "Parent Relationship": "Outer", "Join Type": "Inner", "Startup Cost": 4861.24, "Total Cost": 191385.02, "Plan Rows": 1413, "Plan Width": 64, "Actual Startup Time": 187.003, "Actual Total Time": 14094.486, "Actual Rows": 28073, "Actual Loops": 1, "Inner Unique": true, "Plans": [{"Node Type": "Nested Loop", "Parent Relationship": "Outer", "Join Type": "Inner", "Startup Cost": 4860.93, "Total Cost": 186379.6, "Plan Rows": 1155, "Plan Width": 68, "Actual Startup Time": 184.391, "Actual Total Time": 13585.354, "Actual Rows": 54155, "Actual Loops": 1, "Inner Unique": false, "Plans": [{"Node Type": "Nested Loop", "Parent Relationship": "Outer", "Join Type": "Inner", "Startup Cost": 4860.41, "Total Cost": 181536.93, "Plan Rows": 1044, "Plan Width": 76, "Actual Startup Time": 181.346, "Actual Total Time": 3101.831, "Actual Rows": 102516, "Actual Loops": 1, "Inner Unique": true, "Join Filter": "(mi.movie_id = t.id)", "Rows Removed by Join Filter": 0, "Plans": [{"Node Type": "Nested Loop", "Parent Relationship": "Outer", "Join Type": "Inner", "Startup Cost": 4860.13, "Total Cost": 177037.74, "Plan Rows": 1044, "Plan Width": 55, "Actual Startup Time": 181.323, "Actual Total Time": 2380.152, "Actual Rows": 102516, "Actual Loops": 1, "Inner Unique": false, "Join Filter": "(mi_idx.info_type_id = it2.id)", "Rows Removed by Join Filter": 205269, "Plans": [{"Node Type": "Bitmap Heap Scan", "Parent Relationship": "Outer", "Relation Name": "info_type", "Alias": "it2", "Startup Cost": 8.81, "Total Cost": 14.21, "Plan Rows": 1, "Plan Width": 4, "Actual Startup Time": 0.075, "Actual Total Time": 0.079, "Actual Rows": 1, "Actual Loops": 1, "Filter": "((info)::text = 'votes'::text)", "Rows Removed by Filter": 111, "Exact Heap Blocks": 1, "Lossy Heap Blocks": 1, "Plans": [{"Node Type": "Bitmap Index Scan", "Parent Relationship": "Outer", "Index Name": "info_type_pkey", "Startup Cost": 0.0, "Total Cost": 8.81, "Plan Rows": 112, "Plan Width": 0, "Actual Startup Time": 0.014, "Actual Total Time": 0.014, "Actual Rows": 112, "Actual Loops": 1}]}, {"Node Type": "Nested Loop", "Parent Relationship": "Inner", "Join Type": "Inner", "Startup Cost": 4851.32, "Total Cost": 176971.34, "Plan Rows": 4175, "Plan Width": 59, "Actual Startup Time": 181.235, "Actual Total Time": 2285.67, "Actual Rows": 307785, "Actual Loops": 1, "Inner Unique": false, "Plans": [{"Node Type": "Nested Loop", "Parent Relationship": "Outer", "Join Type": "Inner", "Startup Cost": 4850.95, "Total Cost": 164983.91, "Plan Rows": 2717, "Plan Width": 46, "Actual Startup Time": 181.195, "Actual Total Time": 1161.625, "Actual Rows": 186594, "Actual Loops": 1, "Inner Unique": false, "Plans": [{"Node Type": "Bitmap Heap Scan", "Parent Relationship": "Outer", "Relation Name": "info_type", "Alias": "it1", "Startup Cost": 8.81, "Total Cost": 14.21, "Plan Rows": 1, "Plan Width": 4, "Actual Startup Time": 0.029, "Actual Total Time": 0.058, "Actual Rows": 1, "Actual Loops": 1, "Filter": "((info)::text = 'genres'::text)", "Rows Removed by Filter": 111, "Exact Heap Blocks": 1, "Lossy Heap Blocks": 1, "Plans": [{"Node Type": "Bitmap Index Scan", "Parent Relationship": "Outer", "Index Name": "info_type_pkey", "Startup Cost": 0.0, "Total Cost": 8.81, "Plan Rows": 112, "Plan Width": 0, "Actual Startup Time": 0.008, "Actual Total Time": 0.008, "Actual Rows": 112, "Actual Loops": 1}]}, {"Node Type": "Bitmap Heap Scan", "Parent Relationship": "Inner", "Relation Name": "movie_info", "Alias": "mi", "Startup Cost": 4842.14, "Total Cost": 164942.53, "Plan Rows": 2717, "Plan Width": 50, "Actual Startup Time": 181.162, "Actual Total Time": 1119.515, "Actual Rows": 186594, "Actual Loops": 1, "Recheck Cond": "(info_type_id = it1.id)", "Rows Removed by Index Recheck": 0, "Filter": "((info)::text = ANY ('{Horror,Action,Sci-Fi,Thriller,Crime,War}'::text[]))", "Rows Removed by Filter": 1347315, "Exact Heap Blocks": 7426, "Lossy Heap Blocks": 7426, "Plans": [{"Node Type": "Bitmap Index Scan", "Parent Relationship": "Outer", "Index Name": "info_type_id_movie_info", "Startup Cost": 0.0, "Total Cost": 4841.46, "Plan Rows": 212428, "Plan Width": 0, "Actual Startup Time": 179.772, "Actual Total Time": 179.772, "Actual Rows": 1533909, "Actual Loops": 1, "Index Cond": "(info_type_id = it1.id)"}]}]}, {"Node Type": "Bitmap Heap Scan", "Parent Relationship": "Inner", "Relation Name": "movie_info_idx", "Alias": "mi_idx", "Startup Cost": 0.37, "Total Cost": 4.39, "Plan Rows": 2, "Plan Width": 13, "Actual Startup Time": 770.753, "Actual Total Time": 815.789, "Actual Rows": 307785, "Actual Loops": 186594, "Recheck Cond": "(movie_id = mi.movie_id)", "Rows Removed by Index Recheck": 0, "Exact Heap Blocks": 103610, "Lossy Heap Blocks": 103610, "Plans": [{"Node Type": "Bitmap Index Scan", "Parent Relationship": "Outer", "Index Name": "movie_id_movie_info_idx", "Startup Cost": 0.0, "Total Cost": 0.37, "Plan Rows": 2, "Plan Width": 0, "Actual Startup Time": 523.523, "Actual Total Time": 523.523, "Actual Rows": 307785, "Actual Loops": 186594, "Index Cond": "(movie_id = mi.movie_id)"}]}]}]}, {"Node Type": "Bitmap Heap Scan", "Parent Relationship": "Inner", "Relation Name": "title", "Alias": "t", "Startup Cost": 0.28, "Total Cost": 4.3, "Plan Rows": 1, "Plan Width": 21, "Actual Startup Time": 551.607, "Actual Total Time": 551.607, "Actual Rows": 102516, "Actual Loops": 102516, "Recheck Cond": "(id = mi_idx.movie_id)", "Rows Removed by Index Recheck": 0, "Exact Heap Blocks": 102516, "Lossy Heap Blocks": 102516, "Plans": [{"Node Type": "Bitmap Index Scan", "Parent Relationship": "Outer", "Index Name": "title_pkey", "Startup Cost": 0.0, "Total Cost": 0.28, "Plan Rows": 1, "Plan Width": 0, "Actual Startup Time": 308.447, "Actual Total Time": 308.447, "Actual Rows": 102516, "Actual Loops": 102516, "Index Cond": "(id = mi_idx.movie_id)"}]}]}, {"Node Type": "Bitmap Heap Scan", "Parent Relationship": "Inner", "Relation Name": "cast_info", "Alias": "ci", "Startup Cost": 0.52, "Total Cost": 4.63, "Plan Rows": 1, "Plan Width": 8, "Actual Startup Time": 8932.38, "Actual Total Time": 10325.233, "Actual Rows": 54155, "Actual Loops": 102516, "Recheck Cond": "(movie_id = t.id)", "Rows Removed by Index Recheck": 0, "Filter": "((note)::text = ANY ('{(writer),\"(head writer)\",\"(written by)\",(story),\"(story editor)\"}'::text[]))", "Rows Removed by Filter": 3987641, "Exact Heap Blocks": 3901088, "Lossy Heap Blocks": 3901088, "Plans": [{"Node Type": "Bitmap Index Scan", "Parent Relationship": "Outer", "Index Name": "movie_id_cast_info", "Startup Cost": 0.0, "Total Cost": 0.52, "Plan Rows": 6, "Plan Width": 0, "Actual Startup Time": 1094.418, "Actual Total Time": 1094.418, "Actual Rows": 4041796, "Actual Loops": 102516, "Index Cond": "(movie_id = t.id)"}]}]}, {"Node Type": "Bitmap Heap Scan", "Parent Relationship": "Inner", "Relation Name": "name", "Alias": "n", "Startup Cost": 0.31, "Total Cost": 4.32, "Plan Rows": 1, "Plan Width": 4, "Actual Startup Time": 425.148, "Actual Total Time": 425.148, "Actual Rows": 28073, "Actual Loops": 54155, "Recheck Cond": "(id = ci.person_id)", "Rows Removed by Index Recheck": 0, "Filter": "((gender)::text = 'm'::text)", "Rows Removed by Filter": 26082, "Exact Heap Blocks": 54155, "Lossy Heap Blocks": 54155, "Plans": [{"Node Type": "Bitmap Index Scan", "Parent Relationship": "Outer", "Index Name": "name_pkey", "Startup Cost": 0.0, "Total Cost": 0.31, "Plan Rows": 1, "Plan Width": 0, "Actual Startup Time": 273.193, "Actual Total Time": 273.193, "Actual Rows": 54155, "Actual Loops": 54155, "Index Cond": "(id = ci.person_id)"}]}]}]}, "Triggers": [], "Planner Runtime": 7, "Total Runtime": 14138.488, "Unique SQL Id": 3913857139}}, "(16, 56)": {"explain_plan": {"Plan": {"Node Type": "Aggregate", "Strategy": "Plain", "Startup Cost": 50638.13, "Total Cost": 50638.14, "Plan Rows": 1, "Plan Width": 160, "Plans": [{"Node Type": "Nested Loop", "Parent Relationship": "Outer", "Join Type": "Inner", "Startup Cost": 0.0, "Total Cost": 50627.54, "Plan Rows": 1413, "Plan Width": 64, "Inner Unique": true, "Plans": [{"Node Type": "Nested Loop", "Parent Relationship": "Outer", "Join Type": "Inner", "Startup Cost": 0.0, "Total Cost": 50048.27, "Plan Rows": 1155, "Plan Width": 68, "Inner Unique": false, "Plans": [{"Node Type": "Nested Loop", "Parent Relationship": "Outer", "Join Type": "Inner", "Startup Cost": 0.0, "Total Cost": 48986.64, "Plan Rows": 1044, "Plan Width": 76, "Inner Unique": true, "Join Filter": "(mi.movie_id = t.id)", "Plans": [{"Node Type": "Nested Loop", "Parent Relationship": "Outer", "Join Type": "Inner", "Startup Cost": 0.0, "Total Cost": 48558.44, "Plan Rows": 1044, "Plan Width": 55, "Inner Unique": false, "Join Filter": "(mi_idx.info_type_id = it2.id)", "Plans": [{"Node Type": "Seq Scan", "Parent Relationship": "Outer", "Relation Name": "info_type", "Alias": "it2", "Startup Cost": 0.0, "Total Cost": 2.4, "Plan Rows": 1, "Plan Width": 4, "Filter": "((info)::text = 'votes'::text)"}, {"Node Type": "Nested Loop", "Parent Relationship": "Inner", "Join Type": "Inner", "Startup Cost": 0.0, "Total Cost": 48503.86, "Plan Rows": 4175, "Plan Width": 59, "Inner Unique": false, "Plans": [{"Node Type": "Nested Loop", "Parent Relationship": "Outer", "Join Type": "Inner", "Startup Cost": 0.0, "Total Cost": 47015.81, "Plan Rows": 2717, "Plan Width": 46, "Inner Unique": false, "Join Filter": "(it1.id = mi.info_type_id)", "Plans": [{"Node Type": "Seq Scan", "Parent Relationship": "Outer", "Relation Name": "info_type", "Alias": "it1", "Startup Cost": 0.0, "Total Cost": 2.4, "Plan Rows": 1, "Plan Width": 4, "Filter": "((info)::text = 'genres'::text)"}, {"Node Type": "Materialize", "Parent Relationship": "Inner", "Startup Cost": 0.0, "Total Cost": 45111.71, "Plan Rows": 190170, "Plan Width": 50, "Plans": [{"Node Type": "Streaming(type: LOCAL GATHER dop: 1/16)", "Parent Relationship": "Outer", "Startup Cost": 0.0, "Total Cost": 44636.28, "Plan Rows": 190170, "Plan Width": 50, "Plans": [{"Node Type": "Seq Scan", "Parent Relationship": "Outer", "Relation Name": "movie_info", "Alias": "mi", "Startup Cost": 0.0, "Total Cost": 40532.03, "Plan Rows": 190170, "Plan Width": 50, "Filter": "((info)::text = ANY ('{Horror,Action,Sci-Fi,Thriller,Crime,War}'::text[]))"}]}]}]}, {"Node Type": "Index Scan", "Parent Relationship": "Inner", "Scan Direction": "Forward", "Index Name": "movie_id_movie_info_idx", "Relation Name": "movie_info_idx", "Alias": "mi_idx", "Startup Cost": 0.0, "Total Cost": 0.53, "Plan Rows": 2, "Plan Width": 13, "Index Cond": "(movie_id = mi.movie_id)"}]}]}, {"Node Type": "Index Scan", "Parent Relationship": "Inner", "Scan Direction": "Forward", "Index Name": "title_pkey", "Relation Name": "title", "Alias": "t", "Startup Cost": 0.0, "Total Cost": 0.4, "Plan Rows": 1, "Plan Width": 21, "Index Cond": "(id = mi_idx.movie_id)"}]}, {"Node Type": "Index Scan", "Parent Relationship": "Inner", "Scan Direction": "Forward", "Index Name": "movie_id_cast_info", "Relation Name": "cast_info", "Alias": "ci", "Startup Cost": 0.0, "Total Cost": 1.01, "Plan Rows": 1, "Plan Width": 8, "Index Cond": "(movie_id = t.id)", "Filter": "((note)::text = ANY ('{(writer),\"(head writer)\",\"(written by)\",(story),\"(story editor)\"}'::text[]))"}]}, {"Node Type": "Index Scan", "Parent Relationship": "Inner", "Scan Direction": "Forward", "Index Name": "name_pkey", "Relation Name": "name", "Alias": "n", "Startup Cost": 0.0, "Total Cost": 0.49, "Plan Rows": 1, "Plan Width": 4, "Index Cond": "(id = ci.person_id)", "Filter": "((gender)::text = 'm'::text)"}]}]}, "Unique SQL Id": 3913857139, "Planner Runtime": 7}, "explain_analyze_plan": {"Plan": {"Node Type": "Aggregate", "Strategy": "Plain", "Startup Cost": 50638.13, "Total Cost": 50638.14, "Plan Rows": 1, "Plan Width": 160, "Actual Min Startup Time": 11129.472, "Actual Max Startup Time": 11129.472, "Actual Min Total Time": 11129.473, "Actual Max Total Time": 11129.473, "Plans": [{"Node Type": "Nested Loop", "Parent Relationship": "Outer", "Join Type": "Inner", "Startup Cost": 0.0, "Total Cost": 50627.54, "Plan Rows": 1413, "Plan Width": 64, "Actual Min Startup Time": 511.135, "Actual Max Startup Time": 511.135, "Actual Min Total Time": 11090.649, "Actual Max Total Time": 11090.649, "Inner Unique": true, "Plans": [{"Node Type": "Nested Loop", "Parent Relationship": "Outer", "Join Type": "Inner", "Startup Cost": 0.0, "Total Cost": 50048.27, "Plan Rows": 1155, "Plan Width": 68, "Actual Min Startup Time": 511.069, "Actual Max Startup Time": 511.069, "Actual Min Total Time": 10685.753, "Actual Max Total Time": 10685.753, "Inner Unique": false, "Plans": [{"Node Type": "Nested Loop", "Parent Relationship": "Outer", "Join Type": "Inner", "Startup Cost": 0.0, "Total Cost": 48986.64, "Plan Rows": 1044, "Plan Width": 76, "Actual Min Startup Time": 511.036, "Actual Max Startup Time": 511.036, "Actual Min Total Time": 2090.161, "Actual Max Total Time": 2090.161, "Inner Unique": true, "Join Filter": "(mi.movie_id = t.id)", "Rows Removed by Join Filter": 0, "Plans": [{"Node Type": "Nested Loop", "Parent Relationship": "Outer", "Join Type": "Inner", "Startup Cost": 0.0, "Total Cost": 48558.44, "Plan Rows": 1044, "Plan Width": 55, "Actual Min Startup Time": 511.018, "Actual Max Startup Time": 511.018, "Actual Min Total Time": 1536.856, "Actual Max Total Time": 1536.856, "Inner Unique": false, "Join Filter": "(mi_idx.info_type_id = it2.id)", "Rows Removed by Join Filter": 205269, "Plans": [{"Node Type": "Seq Scan", "Parent Relationship": "Outer", "Relation Name": "info_type", "Alias": "it2", "Startup Cost": 0.0, "Total Cost": 2.4, "Plan Rows": 1, "Plan Width": 4, "Actual Min Startup Time": 0.062, "Actual Max Startup Time": 0.062, "Actual Min Total Time": 0.082, "Actual Max Total Time": 0.082, "Filter": "((info)::text = 'votes'::text)", "Rows Removed by Filter": 111, "Actual Rows": 1}, {"Node Type": "Nested Loop", "Parent Relationship": "Inner", "Join Type": "Inner", "Startup Cost": 0.0, "Total Cost": 48503.86, "Plan Rows": 4175, "Plan Width": 59, "Actual Min Startup Time": 510.944, "Actual Max Startup Time": 510.944, "Actual Min Total Time": 1446.297, "Actual Max Total Time": 1446.297, "Inner Unique": false, "Plans": [{"Node Type": "Nested Loop", "Parent Relationship": "Outer", "Join Type": "Inner", "Startup Cost": 0.0, "Total Cost": 47015.81, "Plan Rows": 2717, "Plan Width": 46, "Actual Min Startup Time": 510.906, "Actual Max Startup Time": 510.906, "Actual Min Total Time": 614.399, "Actual Max Total Time": 614.399, "Inner Unique": false, "Join Filter": "(it1.id = mi.info_type_id)", "Rows Removed by Join Filter": 2377, "Plans": [{"Node Type": "Seq Scan", "Parent Relationship": "Outer", "Relation Name": "info_type", "Alias": "it1", "Startup Cost": 0.0, "Total Cost": 2.4, "Plan Rows": 1, "Plan Width": 4, "Actual Min Startup Time": 0.049, "Actual Max Startup Time": 0.049, "Actual Min Total Time": 0.098, "Actual Max Total Time": 0.098, "Filter": "((info)::text = 'genres'::text)", "Rows Removed by Filter": 111, "Actual Rows": 1}, {"Node Type": "Materialize", "Parent Relationship": "Inner", "Startup Cost": 0.0, "Total Cost": 45111.71, "Plan Rows": 190170, "Plan Width": 50, "Actual Min Startup Time": 510.302, "Actual Max Startup Time": 510.302, "Actual Min Total Time": 540.364, "Actual Max Total Time": 540.364, "Plans": [{"Node Type": "Streaming(type: LOCAL GATHER dop: 1/16)", "Parent Relationship": "Outer", "Startup Cost": 0.0, "Total Cost": 44636.28, "Plan Rows": 190170, "Plan Width": 50, "Actual Min Startup Time": 297.487, "Actual Max Startup Time": 297.487, "Actual Min Total Time": 482.691, "Actual Max Total Time": 482.691, "Plans": [{"Node Type": "Seq Scan", "Parent Relationship": "Outer", "Relation Name": "movie_info", "Alias": "mi", "Startup Cost": 0.0, "Total Cost": 40532.03, "Plan Rows": 190170, "Plan Width": 50, "Actual Min Startup Time": 226.336, "Actual Max Startup Time": 412.639, "Actual Min Total Time": 456.317, "Actual Max Total Time": 472.872, "Filter": "((info)::text = ANY ('{Horror,Action,Sci-Fi,Thriller,Crime,War}'::text[]))", "Rows Removed by Filter": 14646748, "Actual Rows": 188971}], "Actual Rows": 188971}], "Actual Rows": 188972}], "Actual Rows": 186594}, {"Node Type": "Index Scan", "Parent Relationship": "Inner", "Scan Direction": "Forward", "Index Name": "movie_id_movie_info_idx", "Relation Name": "movie_info_idx", "Alias": "mi_idx", "Startup Cost": 0.0, "Total Cost": 0.53, "Plan Rows": 2, "Plan Width": 13, "Actual Min Startup Time": 538.97, "Actual Max Startup Time": 538.97, "Actual Min Total Time": 658.4, "Actual Max Total Time": 658.4, "Index Cond": "(movie_id = mi.movie_id)", "Rows Removed by Index Recheck": 0, "Actual Rows": 307785}], "Actual Rows": 307785}], "Actual Rows": 102516}, {"Node Type": "Index Scan", "Parent Relationship": "Inner", "Scan Direction": "Forward", "Index Name": "title_pkey", "Relation Name": "title", "Alias": "t", "Startup Cost": 0.0, "Total Cost": 0.4, "Plan Rows": 1, "Plan Width": 21, "Actual Min Startup Time": 443.939, "Actual Max Startup Time": 443.939, "Actual Min Total Time": 443.939, "Actual Max Total Time": 443.939, "Index Cond": "(id = mi_idx.movie_id)", "Rows Removed by Index Recheck": 0, "Actual Rows": 102516}], "Actual Rows": 102516}, {"Node Type": "Index Scan", "Parent Relationship": "Inner", "Scan Direction": "Forward", "Index Name": "movie_id_cast_info", "Relation Name": "cast_info", "Alias": "ci", "Startup Cost": 0.0, "Total Cost": 1.01, "Plan Rows": 1, "Plan Width": 8, "Actual Min Startup Time": 7269.102, "Actual Max Startup Time": 7269.102, "Actual Min Total Time": 8522.718, "Actual Max Total Time": 8522.718, "Index Cond": "(movie_id = t.id)", "Rows Removed by Index Recheck": 0, "Filter": "((note)::text = ANY ('{(writer),\"(head writer)\",\"(written by)\",(story),\"(story editor)\"}'::text[]))", "Rows Removed by Filter": 3987641, "Actual Rows": 54155}], "Actual Rows": 54155}, {"Node Type": "Index Scan", "Parent Relationship": "Inner", "Scan Direction": "Forward", "Index Name": "name_pkey", "Relation Name": "name", "Alias": "n", "Startup Cost": 0.0, "Total Cost": 0.49, "Plan Rows": 1, "Plan Width": 4, "Actual Min Startup Time": 360.913, "Actual Max Startup Time": 360.913, "Actual Min Total Time": 360.913, "Actual Max Total Time": 360.913, "Index Cond": "(id = ci.person_id)", "Rows Removed by Index Recheck": 0, "Filter": "((gender)::text = 'm'::text)", "Rows Removed by Filter": 26082, "Actual Rows": 28073}], "Actual Rows": 28073}], "Actual Rows": 1}, "Triggers": [], "Planner Runtime": 8, "Total Runtime": 11132.427, "Unique SQL Id": 3913857139}}, "(16, 57)": {"explain_plan": {"Plan": {"Node Type": "Aggregate", "Strategy": "Plain", "Startup Cost": 385547.34, "Total Cost": 385547.35, "Plan Rows": 1, "Plan Width": 160, "Plans": [{"Node Type": "Nested Loop", "Parent Relationship": "Outer", "Join Type": "Inner", "Startup Cost": 0.0, "Total Cost": 385536.75, "Plan Rows": 1413, "Plan Width": 64, "Inner Unique": true, "Plans": [{"Node Type": "Nested Loop", "Parent Relationship": "Outer", "Join Type": "Inner", "Startup Cost": 0.0, "Total Cost": 384957.48, "Plan Rows": 1155, "Plan Width": 68, "Inner Unique": false, "Plans": [{"Node Type": "Nested Loop", "Parent Relationship": "Outer", "Join Type": "Inner", "Startup Cost": 0.0, "Total Cost": 383895.85, "Plan Rows": 1044, "Plan Width": 76, "Inner Unique": true, "Join Filter": "(mi.movie_id = t.id)", "Plans": [{"Node Type": "Nested Loop", "Parent Relationship": "Outer", "Join Type": "Inner", "Startup Cost": 0.0, "Total Cost": 383467.66, "Plan Rows": 1044, "Plan Width": 55, "Inner Unique": false, "Join Filter": "(mi.info_type_id = it1.id)", "Plans": [{"Node Type": "Index Scan", "Parent Relationship": "Outer", "Scan Direction": "Forward", "Index Name": "info_type_pkey", "Relation Name": "info_type", "Alias": "it1", "Startup Cost": 0.0, "Total Cost": 14.21, "Plan Rows": 1, "Plan Width": 4, "Filter": "((info)::text = 'genres'::text)"}, {"Node Type": "Nested Loop", "Parent Relationship": "Inner", "Join Type": "Inner", "Startup Cost": 0.0, "Total Cost": 380590.58, "Plan Rows": 229029, "Plan Width": 59, "Inner Unique": false, "Plans": [{"Node Type": "Nested Loop", "Parent Relationship": "Outer", "Join Type": "Inner", "Startup Cost": 0.0, "Total Cost": 38338.2, "Plan Rows": 345008, "Plan Width": 9, "Inner Unique": false, "Plans": [{"Node Type": "Index Scan", "Parent Relationship": "Outer", "Scan Direction": "Forward", "Index Name": "info_type_pkey", "Relation Name": "info_type", "Alias": "it2", "Startup Cost": 0.0, "Total Cost": 14.21, "Plan Rows": 1, "Plan Width": 4, "Filter": "((info)::text = 'votes'::text)"}, {"Node Type": "Index Scan", "Parent Relationship": "Inner", "Scan Direction": "Forward", "Index Name": "info_type_id_movie_info_idx", "Relation Name": "movie_info_idx", "Alias": "mi_idx", "Startup Cost": 0.0, "Total Cost": 34873.91, "Plan Rows": 345008, "Plan Width": 13, "Index Cond": "(info_type_id = it2.id), (LLVM Optimized)"}]}, {"Node Type": "Index Scan", "Parent Relationship": "Inner", "Scan Direction": "Forward", "Index Name": "movie_id_movie_info", "Relation Name": "movie_info", "Alias": "mi", "Startup Cost": 0.0, "Total Cost": 0.98, "Plan Rows": 1, "Plan Width": 50, "Index Cond": "(movie_id = mi_idx.movie_id)", "Filter": "((info)::text = ANY ('{Horror,Action,Sci-Fi,Thriller,Crime,War}'::text[]))"}]}]}, {"Node Type": "Index Scan", "Parent Relationship": "Inner", "Scan Direction": "Forward", "Index Name": "title_pkey", "Relation Name": "title", "Alias": "t", "Startup Cost": 0.0, "Total Cost": 0.4, "Plan Rows": 1, "Plan Width": 21, "Index Cond": "(id = mi_idx.movie_id)"}]}, {"Node Type": "Index Scan", "Parent Relationship": "Inner", "Scan Direction": "Forward", "Index Name": "movie_id_cast_info", "Relation Name": "cast_info", "Alias": "ci", "Startup Cost": 0.0, "Total Cost": 1.01, "Plan Rows": 1, "Plan Width": 8, "Index Cond": "(movie_id = t.id)", "Filter": "((note)::text = ANY ('{(writer),\"(head writer)\",\"(written by)\",(story),\"(story editor)\"}'::text[]))"}]}, {"Node Type": "Index Scan", "Parent Relationship": "Inner", "Scan Direction": "Forward", "Index Name": "name_pkey", "Relation Name": "name", "Alias": "n", "Startup Cost": 0.0, "Total Cost": 0.49, "Plan Rows": 1, "Plan Width": 4, "Index Cond": "(id = ci.person_id)", "Filter": "((gender)::text = 'm'::text)"}]}]}, "Unique SQL Id": 3913857139, "Planner Runtime": 7}, "explain_analyze_plan": {"Plan": {"Node Type": "Aggregate", "Strategy": "Plain", "Startup Cost": 385547.34, "Total Cost": 385547.35, "Plan Rows": 1, "Plan Width": 160, "Actual Startup Time": 19831.111, "Actual Total Time": 19831.111, "Actual Rows": 1, "Actual Loops": 1, "Plans": [{"Node Type": "Nested Loop", "Parent Relationship": "Outer", "Join Type": "Inner", "Startup Cost": 0.0, "Total Cost": 385536.75, "Plan Rows": 1413, "Plan Width": 64, "Actual Startup Time": 29.663, "Actual Total Time": 19790.655, "Actual Rows": 28073, "Actual Loops": 1, "Inner Unique": true, "Plans": [{"Node Type": "Nested Loop", "Parent Relationship": "Outer", "Join Type": "Inner", "Startup Cost": 0.0, "Total Cost": 384957.48, "Plan Rows": 1155, "Plan Width": 68, "Actual Startup Time": 14.7, "Actual Total Time": 19348.306, "Actual Rows": 54155, "Actual Loops": 1, "Inner Unique": false, "Plans": [{"Node Type": "Nested Loop", "Parent Relationship": "Outer", "Join Type": "Inner", "Startup Cost": 0.0, "Total Cost": 383895.85, "Plan Rows": 1044, "Plan Width": 76, "Actual Startup Time": 0.805, "Actual Total Time": 10066.457, "Actual Rows": 102516, "Actual Loops": 1, "Inner Unique": true, "Join Filter": "(mi.movie_id = t.id)", "Rows Removed by Join Filter": 0, "Plans": [{"Node Type": "Nested Loop", "Parent Relationship": "Outer", "Join Type": "Inner", "Startup Cost": 0.0, "Total Cost": 383467.66, "Plan Rows": 1044, "Plan Width": 55, "Actual Startup Time": 0.793, "Actual Total Time": 9476.47, "Actual Rows": 102516, "Actual Loops": 1, "Inner Unique": false, "Join Filter": "(mi.info_type_id = it1.id)", "Rows Removed by Join Filter": 2376, "Plans": [{"Node Type": "Index Scan", "Parent Relationship": "Outer", "Scan Direction": "Forward", "Index Name": "info_type_pkey", "Relation Name": "info_type", "Alias": "it1", "Startup Cost": 0.0, "Total Cost": 14.21, "Plan Rows": 1, "Plan Width": 4, "Actual Startup Time": 0.027, "Actual Total Time": 0.081, "Actual Rows": 1, "Actual Loops": 1, "Filter": "((info)::text = 'genres'::text)", "Rows Removed by Filter": 111}, {"Node Type": "Nested Loop", "Parent Relationship": "Inner", "Join Type": "Inner", "Startup Cost": 0.0, "Total Cost": 380590.58, "Plan Rows": 229029, "Plan Width": 59, "Actual Startup Time": 0.761, "Actual Total Time": 9433.358, "Actual Rows": 104892, "Actual Loops": 1, "Inner Unique": false, "Plans": [{"Node Type": "Nested Loop", "Parent Relationship": "Outer", "Join Type": "Inner", "Startup Cost": 0.0, "Total Cost": 38338.2, "Plan Rows": 345008, "Plan Width": 9, "Actual Startup Time": 0.072, "Actual Total Time": 406.914, "Actual Rows": 459925, "Actual Loops": 1, "Inner Unique": false, "Plans": [{"Node Type": "Index Scan", "Parent Relationship": "Outer", "Scan Direction": "Forward", "Index Name": "info_type_pkey", "Relation Name": "info_type", "Alias": "it2", "Startup Cost": 0.0, "Total Cost": 14.21, "Plan Rows": 1, "Plan Width": 4, "Actual Startup Time": 0.053, "Actual Total Time": 0.068, "Actual Rows": 1, "Actual Loops": 1, "Filter": "((info)::text = 'votes'::text)", "Rows Removed by Filter": 111}, {"Node Type": "Index Scan", "Parent Relationship": "Inner", "Scan Direction": "Forward", "Index Name": "info_type_id_movie_info_idx", "Relation Name": "movie_info_idx", "Alias": "mi_idx", "Startup Cost": 0.0, "Total Cost": 34873.91, "Plan Rows": 345008, "Plan Width": 13, "Actual Startup Time": 0.016, "Actual Total Time": 295.179, "Actual Rows": 459925, "Actual Loops": 1, "Index Cond": "(info_type_id = it2.id), (LLVM Optimized, Jit Execute)", "Rows Removed by Index Recheck": 0}]}, {"Node Type": "Index Scan", "Parent Relationship": "Inner", "Scan Direction": "Forward", "Index Name": "movie_id_movie_info", "Relation Name": "movie_info", "Alias": "mi", "Startup Cost": 0.0, "Total Cost": 0.98, "Plan Rows": 1, "Plan Width": 50, "Actual Startup Time": 8592.13, "Actual Total Time": 8755.617, "Actual Rows": 104892, "Actual Loops": 459925, "Index Cond": "(movie_id = mi_idx.movie_id)", "Rows Removed by Index Recheck": 0, "Filter": "((info)::text = ANY ('{Horror,Action,Sci-Fi,Thriller,Crime,War}'::text[]))", "Rows Removed by Filter": 6825442}]}]}, {"Node Type": "Index Scan", "Parent Relationship": "Inner", "Scan Direction": "Forward", "Index Name": "title_pkey", "Relation Name": "title", "Alias": "t", "Startup Cost": 0.0, "Total Cost": 0.4, "Plan Rows": 1, "Plan Width": 21, "Actual Startup Time": 469.619, "Actual Total Time": 469.619, "Actual Rows": 102516, "Actual Loops": 102516, "Index Cond": "(id = mi_idx.movie_id)", "Rows Removed by Index Recheck": 0}]}, {"Node Type": "Index Scan", "Parent Relationship": "Inner", "Scan Direction": "Forward", "Index Name": "movie_id_cast_info", "Relation Name": "cast_info", "Alias": "ci", "Startup Cost": 0.0, "Total Cost": 1.01, "Plan Rows": 1, "Plan Width": 8, "Actual Startup Time": 7850.991, "Actual Total Time": 9208.892, "Actual Rows": 54155, "Actual Loops": 102516, "Index Cond": "(movie_id = t.id)", "Rows Removed by Index Recheck": 0, "Filter": "((note)::text = ANY ('{(writer),\"(head writer)\",\"(written by)\",(story),\"(story editor)\"}'::text[]))", "Rows Removed by Filter": 3987641}]}, {"Node Type": "Index Scan", "Parent Relationship": "Inner", "Scan Direction": "Forward", "Index Name": "name_pkey", "Relation Name": "name", "Alias": "n", "Startup Cost": 0.0, "Total Cost": 0.49, "Plan Rows": 1, "Plan Width": 4, "Actual Startup Time": 392.522, "Actual Total Time": 392.522, "Actual Rows": 28073, "Actual Loops": 54155, "Index Cond": "(id = ci.person_id)", "Rows Removed by Index Recheck": 0, "Filter": "((gender)::text = 'm'::text)", "Rows Removed by Filter": 26082}]}]}, "Triggers": [], "Planner Runtime": 7, "Total Runtime": 19840.176, "Unique SQL Id": 3913857139}}, "(16, 58)": {"explain_plan": {"Plan": {"Node Type": "Aggregate", "Strategy": "Plain", "Startup Cost": 730888.64, "Total Cost": 730888.68, "Plan Rows": 1, "Plan Width": 160, "Plans": [{"Node Type": "Streaming(type: LOCAL GATHER dop: 1/16)", "Parent Relationship": "Outer", "Startup Cost": 730888.64, "Total Cost": 730888.68, "Plan Rows": 1, "Plan Width": 160, "Plans": [{"Node Type": "Aggregate", "Strategy": "Plain", "Parent Relationship": "Outer", "Startup Cost": 730888.64, "Total Cost": 730888.65, "Plan Rows": 1, "Plan Width": 160, "Plans": [{"Node Type": "Nested Loop", "Parent Relationship": "Outer", "Join Type": "Inner", "Startup Cost": 0.0, "Total Cost": 730878.05, "Plan Rows": 1413, "Plan Width": 64, "Inner Unique": false, "Join Filter": "(ci.person_id = n.id)", "Plans": [{"Node Type": "Streaming(type: LOCAL REDISTRIBUTE dop: 16/16)", "Parent Relationship": "Outer", "Startup Cost": 0.0, "Total Cost": 43063.84, "Plan Rows": 1740714, "Plan Width": 4, "Plans": [{"Node Type": "Seq Scan", "Parent Relationship": "Outer", "Relation Name": "name", "Alias": "n", "Startup Cost": 0.0, "Total Cost": 21468.16, "Plan Rows": 1740714, "Plan Width": 4, "Filter": "((gender)::text = 'm'::text), (LLVM Optimized)"}]}, {"Node Type": "Materialize", "Parent Relationship": "Inner", "Startup Cost": 0.0, "Total Cost": 570010.21, "Plan Rows": 1155, "Plan Width": 68, "Plans": [{"Node Type": "Streaming(type: LOCAL REDISTRIBUTE dop: 16/16)", "Parent Relationship": "Outer", "Startup Cost": 0.0, "Total Cost": 570009.85, "Plan Rows": 1155, "Plan Width": 68, "Plans": [{"Node Type": "Nested Loop", "Parent Relationship": "Outer", "Join Type": "Inner", "Startup Cost": 0.0, "Total Cost": 555005.47, "Plan Rows": 1155, "Plan Width": 68, "Inner Unique": false, "Join Filter": "(t.id = ci.movie_id)", "Plans": [{"Node Type": "Streaming(type: LOCAL REDISTRIBUTE dop: 16/16)", "Parent Relationship": "Outer", "Startup Cost": 0.0, "Total Cost": 86415.84, "Plan Rows": 1223154, "Plan Width": 8, "Plans": [{"Node Type": "Seq Scan", "Parent Relationship": "Outer", "Relation Name": "cast_info", "Alias": "ci", "Startup Cost": 0.0, "Total Cost": 66781.24, "Plan Rows": 1223154, "Plan Width": 8, "Filter": "((note)::text = ANY ('{(writer),\"(head writer)\",\"(written by)\",(story),\"(story editor)\"}'::text[]))"}]}, {"Node Type": "Materialize", "Parent Relationship": "Inner", "Startup Cost": 0.0, "Total Cost": 393767.17, "Plan Rows": 1044, "Plan Width": 76, "Plans": [{"Node Type": "Streaming(type: LOCAL REDISTRIBUTE dop: 16/16)", "Parent Relationship": "Outer", "Startup Cost": 0.0, "Total Cost": 393766.84, "Plan Rows": 1044, "Plan Width": 76, "Plans": [{"Node Type": "Nested Loop", "Parent Relationship": "Outer", "Join Type": "Inner", "Startup Cost": 0.0, "Total Cost": 378762.89, "Plan Rows": 1044, "Plan Width": 76, "Inner Unique": false, "Join Filter": "(mi.movie_id = t.id)", "Plans": [{"Node Type": "Streaming(type: LOCAL REDISTRIBUTE dop: 16/16)", "Parent Relationship": "Outer", "Startup Cost": 0.0, "Total Cost": 43334.25, "Plan Rows": 2528311, "Plan Width": 21, "Plans": [{"Node Type": "Seq Scan", "Parent Relationship": "Outer", "Relation Name": "title", "Alias": "t", "Startup Cost": 0.0, "Total Cost": 18754.32, "Plan Rows": 2528311, "Plan Width": 21}]}, {"Node Type": "Materialize", "Parent Relationship": "Inner", "Startup Cost": 0.0, "Total Cost": 180767.28, "Plan Rows": 1044, "Plan Width": 55, "Plans": [{"Node Type": "Streaming(type: LOCAL REDISTRIBUTE dop: 16/16)", "Parent Relationship": "Outer", "Startup Cost": 0.0, "Total Cost": 180766.95, "Plan Rows": 1044, "Plan Width": 55, "Plans": [{"Node Type": "Nested Loop", "Parent Relationship": "Outer", "Join Type": "Inner", "Startup Cost": 0.0, "Total Cost": 165763.0, "Plan Rows": 1044, "Plan Width": 55, "Inner Unique": false, "Join Filter": "(mi.movie_id = mi_idx.movie_id)", "Plans": [{"Node Type": "Streaming(type: LOCAL REDISTRIBUTE dop: 16/1)", "Parent Relationship": "Outer", "Startup Cost": 0.0, "Total Cost": 62128.78, "Plan Rows": 2717, "Plan Width": 46, "Plans": [{"Node Type": "Nested Loop", "Parent Relationship": "Outer", "Join Type": "Inner", "Startup Cost": 0.0, "Total Cost": 47015.81, "Plan Rows": 2717, "Plan Width": 46, "Inner Unique": false, "Join Filter": "(it1.id = mi.info_type_id)", "Plans": [{"Node Type": "Seq Scan", "Parent Relationship": "Outer", "Relation Name": "info_type", "Alias": "it1", "Startup Cost": 0.0, "Total Cost": 2.4, "Plan Rows": 1, "Plan Width": 4, "Filter": "((info)::text = 'genres'::text)"}, {"Node Type": "Materialize", "Parent Relationship": "Inner", "Startup Cost": 0.0, "Total Cost": 45111.71, "Plan Rows": 190170, "Plan Width": 50, "Plans": [{"Node Type": "Streaming(type: LOCAL GATHER dop: 1/16)", "Parent Relationship": "Outer", "Startup Cost": 0.0, "Total Cost": 44636.28, "Plan Rows": 190170, "Plan Width": 50, "Plans": [{"Node Type": "Seq Scan", "Parent Relationship": "Outer", "Relation Name": "movie_info", "Alias": "mi", "Startup Cost": 0.0, "Total Cost": 40532.03, "Plan Rows": 190170, "Plan Width": 50, "Filter": "((info)::text = ANY ('{Horror,Action,Sci-Fi,Thriller,Crime,War}'::text[]))"}]}]}]}]}, {"Node Type": "Materialize", "Parent Relationship": "Inner", "Startup Cost": 0.0, "Total Cost": 48763.12, "Plan Rows": 345008, "Plan Width": 9, "Plans": [{"Node Type": "Streaming(type: LOCAL REDISTRIBUTE dop: 16/16)", "Parent Relationship": "Outer", "Startup Cost": 0.0, "Total Cost": 48655.3, "Plan Rows": 345008, "Plan Width": 9, "Plans": [{"Node Type": "Nested Loop", "Parent Relationship": "Outer", "Join Type": "Inner", "Startup Cost": 0.0, "Total Cost": 32348.04, "Plan Rows": 345008, "Plan Width": 9, "Inner Unique": false, "Join Filter": "(it2.id = mi_idx.info_type_id), (LLVM Optimized)", "Plans": [{"Node Type": "Streaming(type: BROADCAST dop: 16/1)", "Parent Relationship": "Outer", "Startup Cost": 0.0, "Total Cost": 15002.75, "Plan Rows": 16, "Plan Width": 4, "Plans": [{"Node Type": "Seq Scan", "Parent Relationship": "Outer", "Relation Name": "info_type", "Alias": "it2", "Startup Cost": 0.0, "Total Cost": 2.4, "Plan Rows": 1, "Plan Width": 4, "Filter": "((info)::text = 'votes'::text)"}]}, {"Node Type": "Seq Scan", "Parent Relationship": "Inner", "Relation Name": "movie_info_idx", "Alias": "mi_idx", "Startup Cost": 0.0, "Total Cost": 16267.15, "Plan Rows": 1380034, "Plan Width": 13}]}]}]}]}]}]}]}]}]}]}]}]}]}]}]}]}, "Unique SQL Id": 3913857139, "Planner Runtime": 12}, "explain_analyze_plan": null}, "(16, 59)": {"explain_plan": {"Plan": {"Node Type": "Aggregate", "Strategy": "Plain", "Startup Cost": 7000445600668.71, "Total Cost": 7000445600668.72, "Plan Rows": 1, "Plan Width": 160, "Plans": [{"Node Type": "Nested Loop", "Parent Relationship": "Outer", "Join Type": "Inner", "Startup Cost": 70000000000.0, "Total Cost": 7000445600658.11, "Plan Rows": 1413, "Plan Width": 64, "Inner Unique": false, "Join Filter": "(ci.person_id = n.id)", "Plans": [{"Node Type": "Index Scan", "Parent Relationship": "Outer", "Scan Direction": "Forward", "Index Name": "name_pkey", "Relation Name": "name", "Alias": "n", "Startup Cost": 10000000000.0, "Total Cost": 1000018665147.2, "Plan Rows": 1740714, "Plan Width": 4, "Filter": "((gender)::text = 'm'::text), (LLVM Optimized)"}, {"Node Type": "Materialize", "Parent Relationship": "Inner", "Startup Cost": 60000000000.0, "Total Cost": 6000396777643.75, "Plan Rows": 1155, "Plan Width": 68, "Plans": [{"Node Type": "Nested Loop", "Parent Relationship": "Outer", "Join Type": "Inner", "Startup Cost": 60000000000.0, "Total Cost": 6000396777637.97, "Plan Rows": 1155, "Plan Width": 68, "Inner Unique": false, "Join Filter": "(t.id = ci.movie_id)", "Plans": [{"Node Type": "Index Scan", "Parent Relationship": "Outer", "Scan Direction": "Forward", "Index Name": "person_id_cast_info", "Relation Name": "cast_info", "Alias": "ci", "Startup Cost": 10000000000.0, "Total Cost": 1000193311016.96, "Plan Rows": 1223154, "Plan Width": 8, "Filter": "((note)::text = ANY ('{(writer),\"(head writer)\",\"(written by)\",(story),\"(story editor)\"}'::text[]))"}, {"Node Type": "Materialize", "Parent Relationship": "Inner", "Startup Cost": 50000000000.0, "Total Cost": 5000184312031.98, "Plan Rows": 1044, "Plan Width": 76, "Plans": [{"Node Type": "Nested Loop", "Parent Relationship": "Outer", "Join Type": "Inner", "Startup Cost": 50000000000.0, "Total Cost": 5000184312026.76, "Plan Rows": 1044, "Plan Width": 76, "Inner Unique": false, "Join Filter": "(mi.movie_id = t.id)", "Plans": [{"Node Type": "Index Scan", "Parent Relationship": "Outer", "Scan Direction": "Forward", "Index Name": "title_pkey", "Relation Name": "title", "Alias": "t", "Startup Cost": 10000000000.0, "Total Cost": 1000011012048.91, "Plan Rows": 2528311, "Plan Width": 21}, {"Node Type": "Materialize", "Parent Relationship": "Inner", "Startup Cost": 40000000000.0, "Total Cost": 4000133706630.2, "Plan Rows": 1044, "Plan Width": 55, "Plans": [{"Node Type": "Nested Loop", "Parent Relationship": "Outer", "Join Type": "Inner", "Startup Cost": 40000000000.0, "Total Cost": 4000133706624.98, "Plan Rows": 1044, "Plan Width": 55, "Inner Unique": false, "Join Filter": "(mi.movie_id = mi_idx.movie_id)", "Plans": [{"Node Type": "Nested Loop", "Parent Relationship": "Outer", "Join Type": "Inner", "Startup Cost": 20000000000.0, "Total Cost": 2000004672156.88, "Plan Rows": 345008, "Plan Width": 9, "Inner Unique": true, "Join Filter": "(it2.id = mi_idx.info_type_id), (LLVM Optimized)", "Plans": [{"Node Type": "Index Scan", "Parent Relationship": "Outer", "Scan Direction": "Forward", "Index Name": "movie_id_movie_info_idx", "Relation Name": "movie_info_idx", "Alias": "mi_idx", "Startup Cost": 10000000000.0, "Total Cost": 1000004650035.37, "Plan Rows": 1380034, "Plan Width": 13}, {"Node Type": "Materialize", "Parent Relationship": "Inner", "Startup Cost": 10000000000.0, "Total Cost": 1000000001421.0, "Plan Rows": 1, "Plan Width": 4, "Plans": [{"Node Type": "Index Scan", "Parent Relationship": "Outer", "Scan Direction": "Forward", "Index Name": "info_type_pkey", "Relation Name": "info_type", "Alias": "it2", "Startup Cost": 10000000000.0, "Total Cost": 1000000001421.0, "Plan Rows": 1, "Plan Width": 4, "Filter": "((info)::text = 'votes'::text)"}]}]}, {"Node Type": "Materialize", "Parent Relationship": "Inner", "Startup Cost": 20000000000.0, "Total Cost": 2000114973673.85, "Plan Rows": 2717, "Plan Width": 46, "Plans": [{"Node Type": "Nested Loop", "Parent Relationship": "Outer", "Join Type": "Inner", "Startup Cost": 20000000000.0, "Total Cost": 2000114973660.27, "Plan Rows": 2717, "Plan Width": 46, "Inner Unique": true, "Join Filter": "(it1.id = mi.info_type_id)", "Plans": [{"Node Type": "Index Scan", "Parent Relationship": "Outer", "Scan Direction": "Forward", "Index Name": "movie_id_movie_info", "Relation Name": "movie_info", "Alias": "mi", "Startup Cost": 10000000000.0, "Total Cost": 1000114969386.72, "Plan Rows": 190170, "Plan Width": 50, "Filter": "((info)::text = ANY ('{Horror,Action,Sci-Fi,Thriller,Crime,War}'::text[]))"}, {"Node Type": "Materialize", "Parent Relationship": "Inner", "Startup Cost": 10000000000.0, "Total Cost": 1000000001421.0, "Plan Rows": 1, "Plan Width": 4, "Plans": [{"Node Type": "Index Scan", "Parent Relationship": "Outer", "Scan Direction": "Forward", "Index Name": "info_type_pkey", "Relation Name": "info_type", "Alias": "it1", "Startup Cost": 10000000000.0, "Total Cost": 1000000001421.0, "Plan Rows": 1, "Plan Width": 4, "Filter": "((info)::text = 'genres'::text)"}]}]}]}]}]}]}]}]}]}]}]}, "Unique SQL Id": 3913857139, "Planner Runtime": 6}, "explain_analyze_plan": null}, "(16, 60)": {"explain_plan": {"Plan": {"Node Type": "Aggregate", "Strategy": "Plain", "Startup Cost": 50638.13, "Total Cost": 50638.14, "Plan Rows": 1, "Plan Width": 160, "Plans": [{"Node Type": "Nested Loop", "Parent Relationship": "Outer", "Join Type": "Inner", "Startup Cost": 0.0, "Total Cost": 50627.54, "Plan Rows": 1413, "Plan Width": 64, "Inner Unique": true, "Plans": [{"Node Type": "Nested Loop", "Parent Relationship": "Outer", "Join Type": "Inner", "Startup Cost": 0.0, "Total Cost": 50048.27, "Plan Rows": 1155, "Plan Width": 68, "Inner Unique": false, "Plans": [{"Node Type": "Nested Loop", "Parent Relationship": "Outer", "Join Type": "Inner", "Startup Cost": 0.0, "Total Cost": 48986.64, "Plan Rows": 1044, "Plan Width": 76, "Inner Unique": true, "Join Filter": "(mi.movie_id = t.id)", "Plans": [{"Node Type": "Nested Loop", "Parent Relationship": "Outer", "Join Type": "Inner", "Startup Cost": 0.0, "Total Cost": 48558.44, "Plan Rows": 1044, "Plan Width": 55, "Inner Unique": false, "Join Filter": "(mi_idx.info_type_id = it2.id)", "Plans": [{"Node Type": "Seq Scan", "Parent Relationship": "Outer", "Relation Name": "info_type", "Alias": "it2", "Startup Cost": 0.0, "Total Cost": 2.4, "Plan Rows": 1, "Plan Width": 4, "Filter": "((info)::text = 'votes'::text)"}, {"Node Type": "Nested Loop", "Parent Relationship": "Inner", "Join Type": "Inner", "Startup Cost": 0.0, "Total Cost": 48503.86, "Plan Rows": 4175, "Plan Width": 59, "Inner Unique": false, "Plans": [{"Node Type": "Nested Loop", "Parent Relationship": "Outer", "Join Type": "Inner", "Startup Cost": 0.0, "Total Cost": 47015.81, "Plan Rows": 2717, "Plan Width": 46, "Inner Unique": false, "Join Filter": "(it1.id = mi.info_type_id)", "Plans": [{"Node Type": "Seq Scan", "Parent Relationship": "Outer", "Relation Name": "info_type", "Alias": "it1", "Startup Cost": 0.0, "Total Cost": 2.4, "Plan Rows": 1, "Plan Width": 4, "Filter": "((info)::text = 'genres'::text)"}, {"Node Type": "Materialize", "Parent Relationship": "Inner", "Startup Cost": 0.0, "Total Cost": 45111.71, "Plan Rows": 190170, "Plan Width": 50, "Plans": [{"Node Type": "Streaming(type: LOCAL GATHER dop: 1/16)", "Parent Relationship": "Outer", "Startup Cost": 0.0, "Total Cost": 44636.28, "Plan Rows": 190170, "Plan Width": 50, "Plans": [{"Node Type": "Seq Scan", "Parent Relationship": "Outer", "Relation Name": "movie_info", "Alias": "mi", "Startup Cost": 0.0, "Total Cost": 40532.03, "Plan Rows": 190170, "Plan Width": 50, "Filter": "((info)::text = ANY ('{Horror,Action,Sci-Fi,Thriller,Crime,War}'::text[]))"}]}]}]}, {"Node Type": "Index Scan", "Parent Relationship": "Inner", "Scan Direction": "Forward", "Index Name": "movie_id_movie_info_idx", "Relation Name": "movie_info_idx", "Alias": "mi_idx", "Startup Cost": 0.0, "Total Cost": 0.53, "Plan Rows": 2, "Plan Width": 13, "Index Cond": "(movie_id = mi.movie_id)"}]}]}, {"Node Type": "Index Scan", "Parent Relationship": "Inner", "Scan Direction": "Forward", "Index Name": "title_pkey", "Relation Name": "title", "Alias": "t", "Startup Cost": 0.0, "Total Cost": 0.4, "Plan Rows": 1, "Plan Width": 21, "Index Cond": "(id = mi_idx.movie_id)"}]}, {"Node Type": "Index Scan", "Parent Relationship": "Inner", "Scan Direction": "Forward", "Index Name": "movie_id_cast_info", "Relation Name": "cast_info", "Alias": "ci", "Startup Cost": 0.0, "Total Cost": 1.01, "Plan Rows": 1, "Plan Width": 8, "Index Cond": "(movie_id = t.id)", "Filter": "((note)::text = ANY ('{(writer),\"(head writer)\",\"(written by)\",(story),\"(story editor)\"}'::text[]))"}]}, {"Node Type": "Index Scan", "Parent Relationship": "Inner", "Scan Direction": "Forward", "Index Name": "name_pkey", "Relation Name": "name", "Alias": "n", "Startup Cost": 0.0, "Total Cost": 0.49, "Plan Rows": 1, "Plan Width": 4, "Index Cond": "(id = ci.person_id)", "Filter": "((gender)::text = 'm'::text)"}]}]}, "Unique SQL Id": 3913857139, "Planner Runtime": 7}, "explain_analyze_plan": {"Plan": {"Node Type": "Aggregate", "Strategy": "Plain", "Startup Cost": 50638.13, "Total Cost": 50638.14, "Plan Rows": 1, "Plan Width": 160, "Actual Min Startup Time": 11129.472, "Actual Max Startup Time": 11129.472, "Actual Min Total Time": 11129.473, "Actual Max Total Time": 11129.473, "Plans": [{"Node Type": "Nested Loop", "Parent Relationship": "Outer", "Join Type": "Inner", "Startup Cost": 0.0, "Total Cost": 50627.54, "Plan Rows": 1413, "Plan Width": 64, "Actual Min Startup Time": 511.135, "Actual Max Startup Time": 511.135, "Actual Min Total Time": 11090.649, "Actual Max Total Time": 11090.649, "Inner Unique": true, "Plans": [{"Node Type": "Nested Loop", "Parent Relationship": "Outer", "Join Type": "Inner", "Startup Cost": 0.0, "Total Cost": 50048.27, "Plan Rows": 1155, "Plan Width": 68, "Actual Min Startup Time": 511.069, "Actual Max Startup Time": 511.069, "Actual Min Total Time": 10685.753, "Actual Max Total Time": 10685.753, "Inner Unique": false, "Plans": [{"Node Type": "Nested Loop", "Parent Relationship": "Outer", "Join Type": "Inner", "Startup Cost": 0.0, "Total Cost": 48986.64, "Plan Rows": 1044, "Plan Width": 76, "Actual Min Startup Time": 511.036, "Actual Max Startup Time": 511.036, "Actual Min Total Time": 2090.161, "Actual Max Total Time": 2090.161, "Inner Unique": true, "Join Filter": "(mi.movie_id = t.id)", "Rows Removed by Join Filter": 0, "Plans": [{"Node Type": "Nested Loop", "Parent Relationship": "Outer", "Join Type": "Inner", "Startup Cost": 0.0, "Total Cost": 48558.44, "Plan Rows": 1044, "Plan Width": 55, "Actual Min Startup Time": 511.018, "Actual Max Startup Time": 511.018, "Actual Min Total Time": 1536.856, "Actual Max Total Time": 1536.856, "Inner Unique": false, "Join Filter": "(mi_idx.info_type_id = it2.id)", "Rows Removed by Join Filter": 205269, "Plans": [{"Node Type": "Seq Scan", "Parent Relationship": "Outer", "Relation Name": "info_type", "Alias": "it2", "Startup Cost": 0.0, "Total Cost": 2.4, "Plan Rows": 1, "Plan Width": 4, "Actual Min Startup Time": 0.062, "Actual Max Startup Time": 0.062, "Actual Min Total Time": 0.082, "Actual Max Total Time": 0.082, "Filter": "((info)::text = 'votes'::text)", "Rows Removed by Filter": 111, "Actual Rows": 1}, {"Node Type": "Nested Loop", "Parent Relationship": "Inner", "Join Type": "Inner", "Startup Cost": 0.0, "Total Cost": 48503.86, "Plan Rows": 4175, "Plan Width": 59, "Actual Min Startup Time": 510.944, "Actual Max Startup Time": 510.944, "Actual Min Total Time": 1446.297, "Actual Max Total Time": 1446.297, "Inner Unique": false, "Plans": [{"Node Type": "Nested Loop", "Parent Relationship": "Outer", "Join Type": "Inner", "Startup Cost": 0.0, "Total Cost": 47015.81, "Plan Rows": 2717, "Plan Width": 46, "Actual Min Startup Time": 510.906, "Actual Max Startup Time": 510.906, "Actual Min Total Time": 614.399, "Actual Max Total Time": 614.399, "Inner Unique": false, "Join Filter": "(it1.id = mi.info_type_id)", "Rows Removed by Join Filter": 2377, "Plans": [{"Node Type": "Seq Scan", "Parent Relationship": "Outer", "Relation Name": "info_type", "Alias": "it1", "Startup Cost": 0.0, "Total Cost": 2.4, "Plan Rows": 1, "Plan Width": 4, "Actual Min Startup Time": 0.049, "Actual Max Startup Time": 0.049, "Actual Min Total Time": 0.098, "Actual Max Total Time": 0.098, "Filter": "((info)::text = 'genres'::text)", "Rows Removed by Filter": 111, "Actual Rows": 1}, {"Node Type": "Materialize", "Parent Relationship": "Inner", "Startup Cost": 0.0, "Total Cost": 45111.71, "Plan Rows": 190170, "Plan Width": 50, "Actual Min Startup Time": 510.302, "Actual Max Startup Time": 510.302, "Actual Min Total Time": 540.364, "Actual Max Total Time": 540.364, "Plans": [{"Node Type": "Streaming(type: LOCAL GATHER dop: 1/16)", "Parent Relationship": "Outer", "Startup Cost": 0.0, "Total Cost": 44636.28, "Plan Rows": 190170, "Plan Width": 50, "Actual Min Startup Time": 297.487, "Actual Max Startup Time": 297.487, "Actual Min Total Time": 482.691, "Actual Max Total Time": 482.691, "Plans": [{"Node Type": "Seq Scan", "Parent Relationship": "Outer", "Relation Name": "movie_info", "Alias": "mi", "Startup Cost": 0.0, "Total Cost": 40532.03, "Plan Rows": 190170, "Plan Width": 50, "Actual Min Startup Time": 226.336, "Actual Max Startup Time": 412.639, "Actual Min Total Time": 456.317, "Actual Max Total Time": 472.872, "Filter": "((info)::text = ANY ('{Horror,Action,Sci-Fi,Thriller,Crime,War}'::text[]))", "Rows Removed by Filter": 14646748, "Actual Rows": 188971}], "Actual Rows": 188971}], "Actual Rows": 188972}], "Actual Rows": 186594}, {"Node Type": "Index Scan", "Parent Relationship": "Inner", "Scan Direction": "Forward", "Index Name": "movie_id_movie_info_idx", "Relation Name": "movie_info_idx", "Alias": "mi_idx", "Startup Cost": 0.0, "Total Cost": 0.53, "Plan Rows": 2, "Plan Width": 13, "Actual Min Startup Time": 538.97, "Actual Max Startup Time": 538.97, "Actual Min Total Time": 658.4, "Actual Max Total Time": 658.4, "Index Cond": "(movie_id = mi.movie_id)", "Rows Removed by Index Recheck": 0, "Actual Rows": 307785}], "Actual Rows": 307785}], "Actual Rows": 102516}, {"Node Type": "Index Scan", "Parent Relationship": "Inner", "Scan Direction": "Forward", "Index Name": "title_pkey", "Relation Name": "title", "Alias": "t", "Startup Cost": 0.0, "Total Cost": 0.4, "Plan Rows": 1, "Plan Width": 21, "Actual Min Startup Time": 443.939, "Actual Max Startup Time": 443.939, "Actual Min Total Time": 443.939, "Actual Max Total Time": 443.939, "Index Cond": "(id = mi_idx.movie_id)", "Rows Removed by Index Recheck": 0, "Actual Rows": 102516}], "Actual Rows": 102516}, {"Node Type": "Index Scan", "Parent Relationship": "Inner", "Scan Direction": "Forward", "Index Name": "movie_id_cast_info", "Relation Name": "cast_info", "Alias": "ci", "Startup Cost": 0.0, "Total Cost": 1.01, "Plan Rows": 1, "Plan Width": 8, "Actual Min Startup Time": 7269.102, "Actual Max Startup Time": 7269.102, "Actual Min Total Time": 8522.718, "Actual Max Total Time": 8522.718, "Index Cond": "(movie_id = t.id)", "Rows Removed by Index Recheck": 0, "Filter": "((note)::text = ANY ('{(writer),\"(head writer)\",\"(written by)\",(story),\"(story editor)\"}'::text[]))", "Rows Removed by Filter": 3987641, "Actual Rows": 54155}], "Actual Rows": 54155}, {"Node Type": "Index Scan", "Parent Relationship": "Inner", "Scan Direction": "Forward", "Index Name": "name_pkey", "Relation Name": "name", "Alias": "n", "Startup Cost": 0.0, "Total Cost": 0.49, "Plan Rows": 1, "Plan Width": 4, "Actual Min Startup Time": 360.913, "Actual Max Startup Time": 360.913, "Actual Min Total Time": 360.913, "Actual Max Total Time": 360.913, "Index Cond": "(id = ci.person_id)", "Rows Removed by Index Recheck": 0, "Filter": "((gender)::text = 'm'::text)", "Rows Removed by Filter": 26082, "Actual Rows": 28073}], "Actual Rows": 28073}], "Actual Rows": 1}, "Triggers": [], "Planner Runtime": 8, "Total Runtime": 11132.427, "Unique SQL Id": 3913857139}}, "(16, 61)": {"explain_plan": {"Plan": {"Node Type": "Aggregate", "Strategy": "Plain", "Startup Cost": 385547.34, "Total Cost": 385547.35, "Plan Rows": 1, "Plan Width": 160, "Plans": [{"Node Type": "Nested Loop", "Parent Relationship": "Outer", "Join Type": "Inner", "Startup Cost": 0.0, "Total Cost": 385536.75, "Plan Rows": 1413, "Plan Width": 64, "Inner Unique": true, "Plans": [{"Node Type": "Nested Loop", "Parent Relationship": "Outer", "Join Type": "Inner", "Startup Cost": 0.0, "Total Cost": 384957.48, "Plan Rows": 1155, "Plan Width": 68, "Inner Unique": false, "Plans": [{"Node Type": "Nested Loop", "Parent Relationship": "Outer", "Join Type": "Inner", "Startup Cost": 0.0, "Total Cost": 383895.85, "Plan Rows": 1044, "Plan Width": 76, "Inner Unique": true, "Join Filter": "(mi.movie_id = t.id)", "Plans": [{"Node Type": "Nested Loop", "Parent Relationship": "Outer", "Join Type": "Inner", "Startup Cost": 0.0, "Total Cost": 383467.66, "Plan Rows": 1044, "Plan Width": 55, "Inner Unique": false, "Join Filter": "(mi.info_type_id = it1.id)", "Plans": [{"Node Type": "Index Scan", "Parent Relationship": "Outer", "Scan Direction": "Forward", "Index Name": "info_type_pkey", "Relation Name": "info_type", "Alias": "it1", "Startup Cost": 0.0, "Total Cost": 14.21, "Plan Rows": 1, "Plan Width": 4, "Filter": "((info)::text = 'genres'::text)"}, {"Node Type": "Nested Loop", "Parent Relationship": "Inner", "Join Type": "Inner", "Startup Cost": 0.0, "Total Cost": 380590.58, "Plan Rows": 229029, "Plan Width": 59, "Inner Unique": false, "Plans": [{"Node Type": "Nested Loop", "Parent Relationship": "Outer", "Join Type": "Inner", "Startup Cost": 0.0, "Total Cost": 38338.2, "Plan Rows": 345008, "Plan Width": 9, "Inner Unique": false, "Plans": [{"Node Type": "Index Scan", "Parent Relationship": "Outer", "Scan Direction": "Forward", "Index Name": "info_type_pkey", "Relation Name": "info_type", "Alias": "it2", "Startup Cost": 0.0, "Total Cost": 14.21, "Plan Rows": 1, "Plan Width": 4, "Filter": "((info)::text = 'votes'::text)"}, {"Node Type": "Index Scan", "Parent Relationship": "Inner", "Scan Direction": "Forward", "Index Name": "info_type_id_movie_info_idx", "Relation Name": "movie_info_idx", "Alias": "mi_idx", "Startup Cost": 0.0, "Total Cost": 34873.91, "Plan Rows": 345008, "Plan Width": 13, "Index Cond": "(info_type_id = it2.id), (LLVM Optimized)"}]}, {"Node Type": "Index Scan", "Parent Relationship": "Inner", "Scan Direction": "Forward", "Index Name": "movie_id_movie_info", "Relation Name": "movie_info", "Alias": "mi", "Startup Cost": 0.0, "Total Cost": 0.98, "Plan Rows": 1, "Plan Width": 50, "Index Cond": "(movie_id = mi_idx.movie_id)", "Filter": "((info)::text = ANY ('{Horror,Action,Sci-Fi,Thriller,Crime,War}'::text[]))"}]}]}, {"Node Type": "Index Scan", "Parent Relationship": "Inner", "Scan Direction": "Forward", "Index Name": "title_pkey", "Relation Name": "title", "Alias": "t", "Startup Cost": 0.0, "Total Cost": 0.4, "Plan Rows": 1, "Plan Width": 21, "Index Cond": "(id = mi_idx.movie_id)"}]}, {"Node Type": "Index Scan", "Parent Relationship": "Inner", "Scan Direction": "Forward", "Index Name": "movie_id_cast_info", "Relation Name": "cast_info", "Alias": "ci", "Startup Cost": 0.0, "Total Cost": 1.01, "Plan Rows": 1, "Plan Width": 8, "Index Cond": "(movie_id = t.id)", "Filter": "((note)::text = ANY ('{(writer),\"(head writer)\",\"(written by)\",(story),\"(story editor)\"}'::text[]))"}]}, {"Node Type": "Index Scan", "Parent Relationship": "Inner", "Scan Direction": "Forward", "Index Name": "name_pkey", "Relation Name": "name", "Alias": "n", "Startup Cost": 0.0, "Total Cost": 0.49, "Plan Rows": 1, "Plan Width": 4, "Index Cond": "(id = ci.person_id)", "Filter": "((gender)::text = 'm'::text)"}]}]}, "Unique SQL Id": 3913857139, "Planner Runtime": 7}, "explain_analyze_plan": {"Plan": {"Node Type": "Aggregate", "Strategy": "Plain", "Startup Cost": 385547.34, "Total Cost": 385547.35, "Plan Rows": 1, "Plan Width": 160, "Actual Startup Time": 19831.111, "Actual Total Time": 19831.111, "Actual Rows": 1, "Actual Loops": 1, "Plans": [{"Node Type": "Nested Loop", "Parent Relationship": "Outer", "Join Type": "Inner", "Startup Cost": 0.0, "Total Cost": 385536.75, "Plan Rows": 1413, "Plan Width": 64, "Actual Startup Time": 29.663, "Actual Total Time": 19790.655, "Actual Rows": 28073, "Actual Loops": 1, "Inner Unique": true, "Plans": [{"Node Type": "Nested Loop", "Parent Relationship": "Outer", "Join Type": "Inner", "Startup Cost": 0.0, "Total Cost": 384957.48, "Plan Rows": 1155, "Plan Width": 68, "Actual Startup Time": 14.7, "Actual Total Time": 19348.306, "Actual Rows": 54155, "Actual Loops": 1, "Inner Unique": false, "Plans": [{"Node Type": "Nested Loop", "Parent Relationship": "Outer", "Join Type": "Inner", "Startup Cost": 0.0, "Total Cost": 383895.85, "Plan Rows": 1044, "Plan Width": 76, "Actual Startup Time": 0.805, "Actual Total Time": 10066.457, "Actual Rows": 102516, "Actual Loops": 1, "Inner Unique": true, "Join Filter": "(mi.movie_id = t.id)", "Rows Removed by Join Filter": 0, "Plans": [{"Node Type": "Nested Loop", "Parent Relationship": "Outer", "Join Type": "Inner", "Startup Cost": 0.0, "Total Cost": 383467.66, "Plan Rows": 1044, "Plan Width": 55, "Actual Startup Time": 0.793, "Actual Total Time": 9476.47, "Actual Rows": 102516, "Actual Loops": 1, "Inner Unique": false, "Join Filter": "(mi.info_type_id = it1.id)", "Rows Removed by Join Filter": 2376, "Plans": [{"Node Type": "Index Scan", "Parent Relationship": "Outer", "Scan Direction": "Forward", "Index Name": "info_type_pkey", "Relation Name": "info_type", "Alias": "it1", "Startup Cost": 0.0, "Total Cost": 14.21, "Plan Rows": 1, "Plan Width": 4, "Actual Startup Time": 0.027, "Actual Total Time": 0.081, "Actual Rows": 1, "Actual Loops": 1, "Filter": "((info)::text = 'genres'::text)", "Rows Removed by Filter": 111}, {"Node Type": "Nested Loop", "Parent Relationship": "Inner", "Join Type": "Inner", "Startup Cost": 0.0, "Total Cost": 380590.58, "Plan Rows": 229029, "Plan Width": 59, "Actual Startup Time": 0.761, "Actual Total Time": 9433.358, "Actual Rows": 104892, "Actual Loops": 1, "Inner Unique": false, "Plans": [{"Node Type": "Nested Loop", "Parent Relationship": "Outer", "Join Type": "Inner", "Startup Cost": 0.0, "Total Cost": 38338.2, "Plan Rows": 345008, "Plan Width": 9, "Actual Startup Time": 0.072, "Actual Total Time": 406.914, "Actual Rows": 459925, "Actual Loops": 1, "Inner Unique": false, "Plans": [{"Node Type": "Index Scan", "Parent Relationship": "Outer", "Scan Direction": "Forward", "Index Name": "info_type_pkey", "Relation Name": "info_type", "Alias": "it2", "Startup Cost": 0.0, "Total Cost": 14.21, "Plan Rows": 1, "Plan Width": 4, "Actual Startup Time": 0.053, "Actual Total Time": 0.068, "Actual Rows": 1, "Actual Loops": 1, "Filter": "((info)::text = 'votes'::text)", "Rows Removed by Filter": 111}, {"Node Type": "Index Scan", "Parent Relationship": "Inner", "Scan Direction": "Forward", "Index Name": "info_type_id_movie_info_idx", "Relation Name": "movie_info_idx", "Alias": "mi_idx", "Startup Cost": 0.0, "Total Cost": 34873.91, "Plan Rows": 345008, "Plan Width": 13, "Actual Startup Time": 0.016, "Actual Total Time": 295.179, "Actual Rows": 459925, "Actual Loops": 1, "Index Cond": "(info_type_id = it2.id), (LLVM Optimized, Jit Execute)", "Rows Removed by Index Recheck": 0}]}, {"Node Type": "Index Scan", "Parent Relationship": "Inner", "Scan Direction": "Forward", "Index Name": "movie_id_movie_info", "Relation Name": "movie_info", "Alias": "mi", "Startup Cost": 0.0, "Total Cost": 0.98, "Plan Rows": 1, "Plan Width": 50, "Actual Startup Time": 8592.13, "Actual Total Time": 8755.617, "Actual Rows": 104892, "Actual Loops": 459925, "Index Cond": "(movie_id = mi_idx.movie_id)", "Rows Removed by Index Recheck": 0, "Filter": "((info)::text = ANY ('{Horror,Action,Sci-Fi,Thriller,Crime,War}'::text[]))", "Rows Removed by Filter": 6825442}]}]}, {"Node Type": "Index Scan", "Parent Relationship": "Inner", "Scan Direction": "Forward", "Index Name": "title_pkey", "Relation Name": "title", "Alias": "t", "Startup Cost": 0.0, "Total Cost": 0.4, "Plan Rows": 1, "Plan Width": 21, "Actual Startup Time": 469.619, "Actual Total Time": 469.619, "Actual Rows": 102516, "Actual Loops": 102516, "Index Cond": "(id = mi_idx.movie_id)", "Rows Removed by Index Recheck": 0}]}, {"Node Type": "Index Scan", "Parent Relationship": "Inner", "Scan Direction": "Forward", "Index Name": "movie_id_cast_info", "Relation Name": "cast_info", "Alias": "ci", "Startup Cost": 0.0, "Total Cost": 1.01, "Plan Rows": 1, "Plan Width": 8, "Actual Startup Time": 7850.991, "Actual Total Time": 9208.892, "Actual Rows": 54155, "Actual Loops": 102516, "Index Cond": "(movie_id = t.id)", "Rows Removed by Index Recheck": 0, "Filter": "((note)::text = ANY ('{(writer),\"(head writer)\",\"(written by)\",(story),\"(story editor)\"}'::text[]))", "Rows Removed by Filter": 3987641}]}, {"Node Type": "Index Scan", "Parent Relationship": "Inner", "Scan Direction": "Forward", "Index Name": "name_pkey", "Relation Name": "name", "Alias": "n", "Startup Cost": 0.0, "Total Cost": 0.49, "Plan Rows": 1, "Plan Width": 4, "Actual Startup Time": 392.522, "Actual Total Time": 392.522, "Actual Rows": 28073, "Actual Loops": 54155, "Index Cond": "(id = ci.person_id)", "Rows Removed by Index Recheck": 0, "Filter": "((gender)::text = 'm'::text)", "Rows Removed by Filter": 26082}]}]}, "Triggers": [], "Planner Runtime": 7, "Total Runtime": 19840.176, "Unique SQL Id": 3913857139}}, "(16, 62)": {"explain_plan": {"Plan": {"Node Type": "Aggregate", "Strategy": "Plain", "Startup Cost": 730888.64, "Total Cost": 730888.68, "Plan Rows": 1, "Plan Width": 160, "Plans": [{"Node Type": "Streaming(type: LOCAL GATHER dop: 1/16)", "Parent Relationship": "Outer", "Startup Cost": 730888.64, "Total Cost": 730888.68, "Plan Rows": 1, "Plan Width": 160, "Plans": [{"Node Type": "Aggregate", "Strategy": "Plain", "Parent Relationship": "Outer", "Startup Cost": 730888.64, "Total Cost": 730888.65, "Plan Rows": 1, "Plan Width": 160, "Plans": [{"Node Type": "Nested Loop", "Parent Relationship": "Outer", "Join Type": "Inner", "Startup Cost": 0.0, "Total Cost": 730878.05, "Plan Rows": 1413, "Plan Width": 64, "Inner Unique": false, "Join Filter": "(ci.person_id = n.id)", "Plans": [{"Node Type": "Streaming(type: LOCAL REDISTRIBUTE dop: 16/16)", "Parent Relationship": "Outer", "Startup Cost": 0.0, "Total Cost": 43063.84, "Plan Rows": 1740714, "Plan Width": 4, "Plans": [{"Node Type": "Seq Scan", "Parent Relationship": "Outer", "Relation Name": "name", "Alias": "n", "Startup Cost": 0.0, "Total Cost": 21468.16, "Plan Rows": 1740714, "Plan Width": 4, "Filter": "((gender)::text = 'm'::text), (LLVM Optimized)"}]}, {"Node Type": "Materialize", "Parent Relationship": "Inner", "Startup Cost": 0.0, "Total Cost": 570010.21, "Plan Rows": 1155, "Plan Width": 68, "Plans": [{"Node Type": "Streaming(type: LOCAL REDISTRIBUTE dop: 16/16)", "Parent Relationship": "Outer", "Startup Cost": 0.0, "Total Cost": 570009.85, "Plan Rows": 1155, "Plan Width": 68, "Plans": [{"Node Type": "Nested Loop", "Parent Relationship": "Outer", "Join Type": "Inner", "Startup Cost": 0.0, "Total Cost": 555005.47, "Plan Rows": 1155, "Plan Width": 68, "Inner Unique": false, "Join Filter": "(t.id = ci.movie_id)", "Plans": [{"Node Type": "Streaming(type: LOCAL REDISTRIBUTE dop: 16/16)", "Parent Relationship": "Outer", "Startup Cost": 0.0, "Total Cost": 86415.84, "Plan Rows": 1223154, "Plan Width": 8, "Plans": [{"Node Type": "Seq Scan", "Parent Relationship": "Outer", "Relation Name": "cast_info", "Alias": "ci", "Startup Cost": 0.0, "Total Cost": 66781.24, "Plan Rows": 1223154, "Plan Width": 8, "Filter": "((note)::text = ANY ('{(writer),\"(head writer)\",\"(written by)\",(story),\"(story editor)\"}'::text[]))"}]}, {"Node Type": "Materialize", "Parent Relationship": "Inner", "Startup Cost": 0.0, "Total Cost": 393767.17, "Plan Rows": 1044, "Plan Width": 76, "Plans": [{"Node Type": "Streaming(type: LOCAL REDISTRIBUTE dop: 16/16)", "Parent Relationship": "Outer", "Startup Cost": 0.0, "Total Cost": 393766.84, "Plan Rows": 1044, "Plan Width": 76, "Plans": [{"Node Type": "Nested Loop", "Parent Relationship": "Outer", "Join Type": "Inner", "Startup Cost": 0.0, "Total Cost": 378762.89, "Plan Rows": 1044, "Plan Width": 76, "Inner Unique": false, "Join Filter": "(mi.movie_id = t.id)", "Plans": [{"Node Type": "Streaming(type: LOCAL REDISTRIBUTE dop: 16/16)", "Parent Relationship": "Outer", "Startup Cost": 0.0, "Total Cost": 43334.25, "Plan Rows": 2528311, "Plan Width": 21, "Plans": [{"Node Type": "Seq Scan", "Parent Relationship": "Outer", "Relation Name": "title", "Alias": "t", "Startup Cost": 0.0, "Total Cost": 18754.32, "Plan Rows": 2528311, "Plan Width": 21}]}, {"Node Type": "Materialize", "Parent Relationship": "Inner", "Startup Cost": 0.0, "Total Cost": 180767.28, "Plan Rows": 1044, "Plan Width": 55, "Plans": [{"Node Type": "Streaming(type: LOCAL REDISTRIBUTE dop: 16/16)", "Parent Relationship": "Outer", "Startup Cost": 0.0, "Total Cost": 180766.95, "Plan Rows": 1044, "Plan Width": 55, "Plans": [{"Node Type": "Nested Loop", "Parent Relationship": "Outer", "Join Type": "Inner", "Startup Cost": 0.0, "Total Cost": 165763.0, "Plan Rows": 1044, "Plan Width": 55, "Inner Unique": false, "Join Filter": "(mi.movie_id = mi_idx.movie_id)", "Plans": [{"Node Type": "Streaming(type: LOCAL REDISTRIBUTE dop: 16/1)", "Parent Relationship": "Outer", "Startup Cost": 0.0, "Total Cost": 62128.78, "Plan Rows": 2717, "Plan Width": 46, "Plans": [{"Node Type": "Nested Loop", "Parent Relationship": "Outer", "Join Type": "Inner", "Startup Cost": 0.0, "Total Cost": 47015.81, "Plan Rows": 2717, "Plan Width": 46, "Inner Unique": false, "Join Filter": "(it1.id = mi.info_type_id)", "Plans": [{"Node Type": "Seq Scan", "Parent Relationship": "Outer", "Relation Name": "info_type", "Alias": "it1", "Startup Cost": 0.0, "Total Cost": 2.4, "Plan Rows": 1, "Plan Width": 4, "Filter": "((info)::text = 'genres'::text)"}, {"Node Type": "Materialize", "Parent Relationship": "Inner", "Startup Cost": 0.0, "Total Cost": 45111.71, "Plan Rows": 190170, "Plan Width": 50, "Plans": [{"Node Type": "Streaming(type: LOCAL GATHER dop: 1/16)", "Parent Relationship": "Outer", "Startup Cost": 0.0, "Total Cost": 44636.28, "Plan Rows": 190170, "Plan Width": 50, "Plans": [{"Node Type": "Seq Scan", "Parent Relationship": "Outer", "Relation Name": "movie_info", "Alias": "mi", "Startup Cost": 0.0, "Total Cost": 40532.03, "Plan Rows": 190170, "Plan Width": 50, "Filter": "((info)::text = ANY ('{Horror,Action,Sci-Fi,Thriller,Crime,War}'::text[]))"}]}]}]}]}, {"Node Type": "Materialize", "Parent Relationship": "Inner", "Startup Cost": 0.0, "Total Cost": 48763.12, "Plan Rows": 345008, "Plan Width": 9, "Plans": [{"Node Type": "Streaming(type: LOCAL REDISTRIBUTE dop: 16/16)", "Parent Relationship": "Outer", "Startup Cost": 0.0, "Total Cost": 48655.3, "Plan Rows": 345008, "Plan Width": 9, "Plans": [{"Node Type": "Nested Loop", "Parent Relationship": "Outer", "Join Type": "Inner", "Startup Cost": 0.0, "Total Cost": 32348.04, "Plan Rows": 345008, "Plan Width": 9, "Inner Unique": false, "Join Filter": "(it2.id = mi_idx.info_type_id), (LLVM Optimized)", "Plans": [{"Node Type": "Streaming(type: BROADCAST dop: 16/1)", "Parent Relationship": "Outer", "Startup Cost": 0.0, "Total Cost": 15002.75, "Plan Rows": 16, "Plan Width": 4, "Plans": [{"Node Type": "Seq Scan", "Parent Relationship": "Outer", "Relation Name": "info_type", "Alias": "it2", "Startup Cost": 0.0, "Total Cost": 2.4, "Plan Rows": 1, "Plan Width": 4, "Filter": "((info)::text = 'votes'::text)"}]}, {"Node Type": "Seq Scan", "Parent Relationship": "Inner", "Relation Name": "movie_info_idx", "Alias": "mi_idx", "Startup Cost": 0.0, "Total Cost": 16267.15, "Plan Rows": 1380034, "Plan Width": 13}]}]}]}]}]}]}]}]}]}]}]}]}]}]}]}]}, "Unique SQL Id": 3913857139, "Planner Runtime": 12}, "explain_analyze_plan": null}, "(16, 63)": {"explain_plan": {"Plan": {"Node Type": "Aggregate", "Strategy": "Plain", "Startup Cost": 7000445600668.71, "Total Cost": 7000445600668.72, "Plan Rows": 1, "Plan Width": 160, "Plans": [{"Node Type": "Nested Loop", "Parent Relationship": "Outer", "Join Type": "Inner", "Startup Cost": 70000000000.0, "Total Cost": 7000445600658.11, "Plan Rows": 1413, "Plan Width": 64, "Inner Unique": false, "Join Filter": "(ci.person_id = n.id)", "Plans": [{"Node Type": "Index Scan", "Parent Relationship": "Outer", "Scan Direction": "Forward", "Index Name": "name_pkey", "Relation Name": "name", "Alias": "n", "Startup Cost": 10000000000.0, "Total Cost": 1000018665147.2, "Plan Rows": 1740714, "Plan Width": 4, "Filter": "((gender)::text = 'm'::text), (LLVM Optimized)"}, {"Node Type": "Materialize", "Parent Relationship": "Inner", "Startup Cost": 60000000000.0, "Total Cost": 6000396777643.75, "Plan Rows": 1155, "Plan Width": 68, "Plans": [{"Node Type": "Nested Loop", "Parent Relationship": "Outer", "Join Type": "Inner", "Startup Cost": 60000000000.0, "Total Cost": 6000396777637.97, "Plan Rows": 1155, "Plan Width": 68, "Inner Unique": false, "Join Filter": "(t.id = ci.movie_id)", "Plans": [{"Node Type": "Index Scan", "Parent Relationship": "Outer", "Scan Direction": "Forward", "Index Name": "person_id_cast_info", "Relation Name": "cast_info", "Alias": "ci", "Startup Cost": 10000000000.0, "Total Cost": 1000193311016.96, "Plan Rows": 1223154, "Plan Width": 8, "Filter": "((note)::text = ANY ('{(writer),\"(head writer)\",\"(written by)\",(story),\"(story editor)\"}'::text[]))"}, {"Node Type": "Materialize", "Parent Relationship": "Inner", "Startup Cost": 50000000000.0, "Total Cost": 5000184312031.98, "Plan Rows": 1044, "Plan Width": 76, "Plans": [{"Node Type": "Nested Loop", "Parent Relationship": "Outer", "Join Type": "Inner", "Startup Cost": 50000000000.0, "Total Cost": 5000184312026.76, "Plan Rows": 1044, "Plan Width": 76, "Inner Unique": false, "Join Filter": "(mi.movie_id = t.id)", "Plans": [{"Node Type": "Index Scan", "Parent Relationship": "Outer", "Scan Direction": "Forward", "Index Name": "title_pkey", "Relation Name": "title", "Alias": "t", "Startup Cost": 10000000000.0, "Total Cost": 1000011012048.91, "Plan Rows": 2528311, "Plan Width": 21}, {"Node Type": "Materialize", "Parent Relationship": "Inner", "Startup Cost": 40000000000.0, "Total Cost": 4000133706630.2, "Plan Rows": 1044, "Plan Width": 55, "Plans": [{"Node Type": "Nested Loop", "Parent Relationship": "Outer", "Join Type": "Inner", "Startup Cost": 40000000000.0, "Total Cost": 4000133706624.98, "Plan Rows": 1044, "Plan Width": 55, "Inner Unique": false, "Join Filter": "(mi.movie_id = mi_idx.movie_id)", "Plans": [{"Node Type": "Nested Loop", "Parent Relationship": "Outer", "Join Type": "Inner", "Startup Cost": 20000000000.0, "Total Cost": 2000004672156.88, "Plan Rows": 345008, "Plan Width": 9, "Inner Unique": true, "Join Filter": "(it2.id = mi_idx.info_type_id), (LLVM Optimized)", "Plans": [{"Node Type": "Index Scan", "Parent Relationship": "Outer", "Scan Direction": "Forward", "Index Name": "movie_id_movie_info_idx", "Relation Name": "movie_info_idx", "Alias": "mi_idx", "Startup Cost": 10000000000.0, "Total Cost": 1000004650035.37, "Plan Rows": 1380034, "Plan Width": 13}, {"Node Type": "Materialize", "Parent Relationship": "Inner", "Startup Cost": 10000000000.0, "Total Cost": 1000000001421.0, "Plan Rows": 1, "Plan Width": 4, "Plans": [{"Node Type": "Index Scan", "Parent Relationship": "Outer", "Scan Direction": "Forward", "Index Name": "info_type_pkey", "Relation Name": "info_type", "Alias": "it2", "Startup Cost": 10000000000.0, "Total Cost": 1000000001421.0, "Plan Rows": 1, "Plan Width": 4, "Filter": "((info)::text = 'votes'::text)"}]}]}, {"Node Type": "Materialize", "Parent Relationship": "Inner", "Startup Cost": 20000000000.0, "Total Cost": 2000114973673.85, "Plan Rows": 2717, "Plan Width": 46, "Plans": [{"Node Type": "Nested Loop", "Parent Relationship": "Outer", "Join Type": "Inner", "Startup Cost": 20000000000.0, "Total Cost": 2000114973660.27, "Plan Rows": 2717, "Plan Width": 46, "Inner Unique": true, "Join Filter": "(it1.id = mi.info_type_id)", "Plans": [{"Node Type": "Index Scan", "Parent Relationship": "Outer", "Scan Direction": "Forward", "Index Name": "movie_id_movie_info", "Relation Name": "movie_info", "Alias": "mi", "Startup Cost": 10000000000.0, "Total Cost": 1000114969386.72, "Plan Rows": 190170, "Plan Width": 50, "Filter": "((info)::text = ANY ('{Horror,Action,Sci-Fi,Thriller,Crime,War}'::text[]))"}, {"Node Type": "Materialize", "Parent Relationship": "Inner", "Startup Cost": 10000000000.0, "Total Cost": 1000000001421.0, "Plan Rows": 1, "Plan Width": 4, "Plans": [{"Node Type": "Index Scan", "Parent Relationship": "Outer", "Scan Direction": "Forward", "Index Name": "info_type_pkey", "Relation Name": "info_type", "Alias": "it1", "Startup Cost": 10000000000.0, "Total Cost": 1000000001421.0, "Plan Rows": 1, "Plan Width": 4, "Filter": "((info)::text = 'genres'::text)"}]}]}]}]}]}]}]}]}]}]}]}, "Unique SQL Id": 3913857139, "Planner Runtime": 6}, "explain_analyze_plan": null}, "(16, 64)": {"explain_plan": {"Plan": {"Node Type": "Aggregate", "Strategy": "Plain", "Startup Cost": 48970.06, "Total Cost": 48970.07, "Plan Rows": 1, "Plan Width": 160, "Plans": [{"Node Type": "Nested Loop", "Parent Relationship": "Outer", "Join Type": "Inner", "Startup Cost": 4.83, "Total Cost": 48959.46, "Plan Rows": 1413, "Plan Width": 64, "Inner Unique": true, "Plans": [{"Node Type": "Nested Loop", "Parent Relationship": "Outer", "Join Type": "Inner", "Startup Cost": 4.83, "Total Cost": 48380.19, "Plan Rows": 1155, "Plan Width": 68, "Inner Unique": false, "Plans": [{"Node Type": "Nested Loop", "Parent Relationship": "Outer", "Join Type": "Inner", "Startup Cost": 4.83, "Total Cost": 47318.56, "Plan Rows": 1044, "Plan Width": 76, "Inner Unique": true, "Join Filter": "(mi.movie_id = t.id)", "Plans": [{"Node Type": "Hash Join", "Parent Relationship": "Outer", "Join Type": "Inner", "Startup Cost": 4.83, "Total Cost": 46890.37, "Plan Rows": 1044, "Plan Width": 55, "Inner Unique": true, "Hash Cond": "(mi_idx.info_type_id = it2.id)", "Plans": [{"Node Type": "Nested Loop", "Parent Relationship": "Outer", "Join Type": "Inner", "Startup Cost": 2.41, "Total Cost": 46867.05, "Plan Rows": 4175, "Plan Width": 59, "Inner Unique": false, "Plans": [{"Node Type": "Hash Join", "Parent Relationship": "Outer", "Join Type": "Inner", "Startup Cost": 2.41, "Total Cost": 45379.0, "Plan Rows": 2717, "Plan Width": 46, "Inner Unique": true, "Hash Cond": "(mi.info_type_id = it1.id)", "Plans": [{"Node Type": "Streaming(type: LOCAL GATHER dop: 1/16)", "Parent Relationship": "Outer", "Startup Cost": 0.0, "Total Cost": 44636.28, "Plan Rows": 190170, "Plan Width": 50, "Plans": [{"Node Type": "Seq Scan", "Parent Relationship": "Outer", "Relation Name": "movie_info", "Alias": "mi", "Startup Cost": 0.0, "Total Cost": 40532.03, "Plan Rows": 190170, "Plan Width": 50, "Filter": "((info)::text = ANY ('{Horror,Action,Sci-Fi,Thriller,Crime,War}'::text[]))"}]}, {"Node Type": "Hash", "Parent Relationship": "Inner", "Startup Cost": 2.4, "Total Cost": 2.4, "Plan Rows": 1, "Plan Width": 4, "Plans": [{"Node Type": "Seq Scan", "Parent Relationship": "Outer", "Relation Name": "info_type", "Alias": "it1", "Startup Cost": 0.0, "Total Cost": 2.4, "Plan Rows": 1, "Plan Width": 4, "Filter": "((info)::text = 'genres'::text)"}]}]}, {"Node Type": "Index Scan", "Parent Relationship": "Inner", "Scan Direction": "Forward", "Index Name": "movie_id_movie_info_idx", "Relation Name": "movie_info_idx", "Alias": "mi_idx", "Startup Cost": 0.0, "Total Cost": 0.53, "Plan Rows": 2, "Plan Width": 13, "Index Cond": "(movie_id = mi.movie_id)"}]}, {"Node Type": "Hash", "Parent Relationship": "Inner", "Startup Cost": 2.4, "Total Cost": 2.4, "Plan Rows": 1, "Plan Width": 4, "Plans": [{"Node Type": "Seq Scan", "Parent Relationship": "Outer", "Relation Name": "info_type", "Alias": "it2", "Startup Cost": 0.0, "Total Cost": 2.4, "Plan Rows": 1, "Plan Width": 4, "Filter": "((info)::text = 'votes'::text)"}]}]}, {"Node Type": "Index Scan", "Parent Relationship": "Inner", "Scan Direction": "Forward", "Index Name": "title_pkey", "Relation Name": "title", "Alias": "t", "Startup Cost": 0.0, "Total Cost": 0.4, "Plan Rows": 1, "Plan Width": 21, "Index Cond": "(id = mi_idx.movie_id)"}]}, {"Node Type": "Index Scan", "Parent Relationship": "Inner", "Scan Direction": "Forward", "Index Name": "movie_id_cast_info", "Relation Name": "cast_info", "Alias": "ci", "Startup Cost": 0.0, "Total Cost": 1.01, "Plan Rows": 1, "Plan Width": 8, "Index Cond": "(movie_id = t.id)", "Filter": "((note)::text = ANY ('{(writer),\"(head writer)\",\"(written by)\",(story),\"(story editor)\"}'::text[]))"}]}, {"Node Type": "Index Scan", "Parent Relationship": "Inner", "Scan Direction": "Forward", "Index Name": "name_pkey", "Relation Name": "name", "Alias": "n", "Startup Cost": 0.0, "Total Cost": 0.49, "Plan Rows": 1, "Plan Width": 4, "Index Cond": "(id = ci.person_id)", "Filter": "((gender)::text = 'm'::text)"}]}]}, "Unique SQL Id": 3913857139, "Planner Runtime": 81}, "explain_analyze_plan": {"Plan": {"Node Type": "Aggregate", "Strategy": "Plain", "Startup Cost": 48970.06, "Total Cost": 48970.07, "Plan Rows": 1, "Plan Width": 160, "Actual Min Startup Time": 11428.354, "Actual Max Startup Time": 11428.354, "Actual Min Total Time": 11428.354, "Actual Max Total Time": 11428.354, "Plans": [{"Node Type": "Nested Loop", "Parent Relationship": "Outer", "Join Type": "Inner", "Startup Cost": 4.83, "Total Cost": 48959.46, "Plan Rows": 1413, "Plan Width": 64, "Actual Min Startup Time": 421.357, "Actual Max Startup Time": 421.357, "Actual Min Total Time": 11391.752, "Actual Max Total Time": 11391.752, "Inner Unique": true, "Plans": [{"Node Type": "Nested Loop", "Parent Relationship": "Outer", "Join Type": "Inner", "Startup Cost": 4.83, "Total Cost": 48380.19, "Plan Rows": 1155, "Plan Width": 68, "Actual Min Startup Time": 421.33, "Actual Max Startup Time": 421.33, "Actual Min Total Time": 10978.419, "Actual Max Total Time": 10978.419, "Inner Unique": false, "Plans": [{"Node Type": "Nested Loop", "Parent Relationship": "Outer", "Join Type": "Inner", "Startup Cost": 4.83, "Total Cost": 47318.56, "Plan Rows": 1044, "Plan Width": 76, "Actual Min Startup Time": 420.004, "Actual Max Startup Time": 420.004, "Actual Min Total Time": 2049.757, "Actual Max Total Time": 2049.757, "Inner Unique": true, "Join Filter": "(mi.movie_id = t.id)", "Rows Removed by Join Filter": 0, "Plans": [{"Node Type": "Hash Join", "Parent Relationship": "Outer", "Join Type": "Inner", "Startup Cost": 4.83, "Total Cost": 46890.37, "Plan Rows": 1044, "Plan Width": 55, "Actual Min Startup Time": 419.982, "Actual Max Startup Time": 419.982, "Actual Min Total Time": 1501.868, "Actual Max Total Time": 1501.868, "Inner Unique": true, "Hash Cond": "(mi_idx.info_type_id = it2.id)", "Plans": [{"Node Type": "Nested Loop", "Parent Relationship": "Outer", "Join Type": "Inner", "Startup Cost": 2.41, "Total Cost": 46867.05, "Plan Rows": 4175, "Plan Width": 59, "Actual Min Startup Time": 419.853, "Actual Max Startup Time": 419.853, "Actual Min Total Time": 1408.474, "Actual Max Total Time": 1408.474, "Inner Unique": false, "Plans": [{"Node Type": "Hash Join", "Parent Relationship": "Outer", "Join Type": "Inner", "Startup Cost": 2.41, "Total Cost": 45379.0, "Plan Rows": 2717, "Plan Width": 46, "Actual Min Startup Time": 419.811, "Actual Max Startup Time": 419.811, "Actual Min Total Time": 588.454, "Actual Max Total Time": 588.454, "Inner Unique": true, "Hash Cond": "(mi.info_type_id = it1.id)", "Plans": [{"Node Type": "Streaming(type: LOCAL GATHER dop: 1/16)", "Parent Relationship": "Outer", "Startup Cost": 0.0, "Total Cost": 44636.28, "Plan Rows": 190170, "Plan Width": 50, "Actual Min Startup Time": 297.016, "Actual Max Startup Time": 297.016, "Actual Min Total Time": 485.889, "Actual Max Total Time": 485.889, "Plans": [{"Node Type": "Seq Scan", "Parent Relationship": "Outer", "Relation Name": "movie_info", "Alias": "mi", "Startup Cost": 0.0, "Total Cost": 40532.03, "Plan Rows": 190170, "Plan Width": 50, "Actual Min Startup Time": 226.105, "Actual Max Startup Time": 409.58, "Actual Min Total Time": 457.151, "Actual Max Total Time": 472.431, "Filter": "((info)::text = ANY ('{Horror,Action,Sci-Fi,Thriller,Crime,War}'::text[]))", "Rows Removed by Filter": 14646748, "Actual Rows": 188971}], "Actual Rows": 188971}, {"Node Type": "Hash", "Parent Relationship": "Inner", "Startup Cost": 2.4, "Total Cost": 2.4, "Plan Rows": 1, "Plan Width": 4, "Actual Min Startup Time": 0.047, "Actual Max Startup Time": 0.047, "Actual Min Total Time": 0.047, "Actual Max Total Time": 0.047, "Max Hash Buckets": 32768, "Min Hash Buckets": 32768, "Max Hash Batches": 1, "Min Hash Batches": 1, "Max Original Hash Batches": 1, "Min Original Hash Batches": 1, "Max Peak Memory Usage": 1, "min Peak Memory Usage": 1, "Plans": [{"Node Type": "Seq Scan", "Parent Relationship": "Outer", "Relation Name": "info_type", "Alias": "it1", "Startup Cost": 0.0, "Total Cost": 2.4, "Plan Rows": 1, "Plan Width": 4, "Actual Min Startup Time": 0.019, "Actual Max Startup Time": 0.019, "Actual Min Total Time": 0.041, "Actual Max Total Time": 0.041, "Filter": "((info)::text = 'genres'::text)", "Rows Removed by Filter": 111, "Actual Rows": 1}], "Actual Rows": 1}], "Actual Rows": 186594}, {"Node Type": "Index Scan", "Parent Relationship": "Inner", "Scan Direction": "Forward", "Index Name": "movie_id_movie_info_idx", "Relation Name": "movie_info_idx", "Alias": "mi_idx", "Startup Cost": 0.0, "Total Cost": 0.53, "Plan Rows": 2, "Plan Width": 13, "Actual Min Startup Time": 534.672, "Actual Max Startup Time": 534.672, "Actual Min Total Time": 652.765, "Actual Max Total Time": 652.765, "Index Cond": "(movie_id = mi.movie_id)", "Rows Removed by Index Recheck": 0, "Actual Rows": 307785}], "Actual Rows": 307785}, {"Node Type": "Hash", "Parent Relationship": "Inner", "Startup Cost": 2.4, "Total Cost": 2.4, "Plan Rows": 1, "Plan Width": 4, "Actual Min Startup Time": 0.075, "Actual Max Startup Time": 0.075, "Actual Min Total Time": 0.075, "Actual Max Total Time": 0.075, "Max Hash Buckets": 32768, "Min Hash Buckets": 32768, "Max Hash Batches": 1, "Min Hash Batches": 1, "Max Original Hash Batches": 1, "Min Original Hash Batches": 1, "Max Peak Memory Usage": 1, "min Peak Memory Usage": 1, "Plans": [{"Node Type": "Seq Scan", "Parent Relationship": "Outer", "Relation Name": "info_type", "Alias": "it2", "Startup Cost": 0.0, "Total Cost": 2.4, "Plan Rows": 1, "Plan Width": 4, "Actual Min Startup Time": 0.062, "Actual Max Startup Time": 0.062, "Actual Min Total Time": 0.068, "Actual Max Total Time": 0.068, "Filter": "((info)::text = 'votes'::text)", "Rows Removed by Filter": 111, "Actual Rows": 1}], "Actual Rows": 1}], "Actual Rows": 102516}, {"Node Type": "Index Scan", "Parent Relationship": "Inner", "Scan Direction": "Forward", "Index Name": "title_pkey", "Relation Name": "title", "Alias": "t", "Startup Cost": 0.0, "Total Cost": 0.4, "Plan Rows": 1, "Plan Width": 21, "Actual Min Startup Time": 443.111, "Actual Max Startup Time": 443.111, "Actual Min Total Time": 443.111, "Actual Max Total Time": 443.111, "Index Cond": "(id = mi_idx.movie_id)", "Rows Removed by Index Recheck": 0, "Actual Rows": 102516}], "Actual Rows": 102516}, {"Node Type": "Index Scan", "Parent Relationship": "Inner", "Scan Direction": "Forward", "Index Name": "movie_id_cast_info", "Relation Name": "cast_info", "Alias": "ci", "Startup Cost": 0.0, "Total Cost": 1.01, "Plan Rows": 1, "Plan Width": 8, "Actual Min Startup Time": 7551.12, "Actual Max Startup Time": 7551.12, "Actual Min Total Time": 8858.779, "Actual Max Total Time": 8858.779, "Index Cond": "(movie_id = t.id)", "Rows Removed by Index Recheck": 0, "Filter": "((note)::text = ANY ('{(writer),\"(head writer)\",\"(written by)\",(story),\"(story editor)\"}'::text[]))", "Rows Removed by Filter": 3987641, "Actual Rows": 54155}], "Actual Rows": 54155}, {"Node Type": "Index Scan", "Parent Relationship": "Inner", "Scan Direction": "Forward", "Index Name": "name_pkey", "Relation Name": "name", "Alias": "n", "Startup Cost": 0.0, "Total Cost": 0.49, "Plan Rows": 1, "Plan Width": 4, "Actual Min Startup Time": 368.426, "Actual Max Startup Time": 368.426, "Actual Min Total Time": 368.426, "Actual Max Total Time": 368.426, "Index Cond": "(id = ci.person_id)", "Rows Removed by Index Recheck": 0, "Filter": "((gender)::text = 'm'::text)", "Rows Removed by Filter": 26082, "Actual Rows": 28073}], "Actual Rows": 28073}], "Actual Rows": 1}, "Triggers": [], "Planner Runtime": 87, "Total Runtime": 11431.111, "Unique SQL Id": 3913857139}}, "(16, 65)": {"explain_plan": {"Plan": {"Node Type": "Aggregate", "Strategy": "Plain", "Startup Cost": 169731.13, "Total Cost": 169731.14, "Plan Rows": 1, "Plan Width": 160, "Plans": [{"Node Type": "Nested Loop", "Parent Relationship": "Outer", "Join Type": "Inner", "Startup Cost": 4842.14, "Total Cost": 169720.53, "Plan Rows": 1413, "Plan Width": 64, "Inner Unique": true, "Plans": [{"Node Type": "Nested Loop", "Parent Relationship": "Outer", "Join Type": "Inner", "Startup Cost": 4842.14, "Total Cost": 169141.26, "Plan Rows": 1155, "Plan Width": 68, "Inner Unique": false, "Plans": [{"Node Type": "Nested Loop", "Parent Relationship": "Outer", "Join Type": "Inner", "Startup Cost": 4842.14, "Total Cost": 168079.63, "Plan Rows": 1044, "Plan Width": 76, "Inner Unique": true, "Join Filter": "(mi.movie_id = t.id)", "Plans": [{"Node Type": "Nested Loop", "Parent Relationship": "Outer", "Join Type": "Inner", "Startup Cost": 4842.14, "Total Cost": 167651.44, "Plan Rows": 1044, "Plan Width": 55, "Inner Unique": true, "Plans": [{"Node Type": "Nested Loop", "Parent Relationship": "Outer", "Join Type": "Inner", "Startup Cost": 4842.14, "Total Cost": 166471.96, "Plan Rows": 4175, "Plan Width": 59, "Inner Unique": false, "Plans": [{"Node Type": "Nested Loop", "Parent Relationship": "Outer", "Join Type": "Inner", "Startup Cost": 4842.14, "Total Cost": 164983.91, "Plan Rows": 2717, "Plan Width": 46, "Inner Unique": false, "Plans": [{"Node Type": "Index Scan", "Parent Relationship": "Outer", "Scan Direction": "Forward", "Index Name": "info_type_pkey", "Relation Name": "info_type", "Alias": "it1", "Startup Cost": 0.0, "Total Cost": 14.21, "Plan Rows": 1, "Plan Width": 4, "Filter": "((info)::text = 'genres'::text)"}, {"Node Type": "Bitmap Heap Scan", "Parent Relationship": "Inner", "Relation Name": "movie_info", "Alias": "mi", "Startup Cost": 4842.14, "Total Cost": 164942.53, "Plan Rows": 2717, "Plan Width": 50, "Recheck Cond": "(info_type_id = it1.id)", "Filter": "((info)::text = ANY ('{Horror,Action,Sci-Fi,Thriller,Crime,War}'::text[]))", "Plans": [{"Node Type": "Bitmap Index Scan", "Parent Relationship": "Outer", "Index Name": "info_type_id_movie_info", "Startup Cost": 0.0, "Total Cost": 4841.46, "Plan Rows": 212428, "Plan Width": 0, "Index Cond": "(info_type_id = it1.id)"}]}]}, {"Node Type": "Index Scan", "Parent Relationship": "Inner", "Scan Direction": "Forward", "Index Name": "movie_id_movie_info_idx", "Relation Name": "movie_info_idx", "Alias": "mi_idx", "Startup Cost": 0.0, "Total Cost": 0.53, "Plan Rows": 2, "Plan Width": 13, "Index Cond": "(movie_id = mi.movie_id)"}]}, {"Node Type": "Index Scan", "Parent Relationship": "Inner", "Scan Direction": "Forward", "Index Name": "info_type_pkey", "Relation Name": "info_type", "Alias": "it2", "Startup Cost": 0.0, "Total Cost": 0.27, "Plan Rows": 1, "Plan Width": 4, "Index Cond": "(id = mi_idx.info_type_id)", "Filter": "((info)::text = 'votes'::text)"}]}, {"Node Type": "Index Scan", "Parent Relationship": "Inner", "Scan Direction": "Forward", "Index Name": "title_pkey", "Relation Name": "title", "Alias": "t", "Startup Cost": 0.0, "Total Cost": 0.4, "Plan Rows": 1, "Plan Width": 21, "Index Cond": "(id = mi_idx.movie_id)"}]}, {"Node Type": "Index Scan", "Parent Relationship": "Inner", "Scan Direction": "Forward", "Index Name": "movie_id_cast_info", "Relation Name": "cast_info", "Alias": "ci", "Startup Cost": 0.0, "Total Cost": 1.01, "Plan Rows": 1, "Plan Width": 8, "Index Cond": "(movie_id = t.id)", "Filter": "((note)::text = ANY ('{(writer),\"(head writer)\",\"(written by)\",(story),\"(story editor)\"}'::text[]))"}]}, {"Node Type": "Index Scan", "Parent Relationship": "Inner", "Scan Direction": "Forward", "Index Name": "name_pkey", "Relation Name": "name", "Alias": "n", "Startup Cost": 0.0, "Total Cost": 0.49, "Plan Rows": 1, "Plan Width": 4, "Index Cond": "(id = ci.person_id)", "Filter": "((gender)::text = 'm'::text)"}]}]}, "Unique SQL Id": 3913857139, "Planner Runtime": 34}, "explain_analyze_plan": {"Plan": {"Node Type": "Aggregate", "Strategy": "Plain", "Startup Cost": 169731.13, "Total Cost": 169731.14, "Plan Rows": 1, "Plan Width": 160, "Actual Startup Time": 12968.135, "Actual Total Time": 12968.135, "Actual Rows": 1, "Actual Loops": 1, "Plans": [{"Node Type": "Nested Loop", "Parent Relationship": "Outer", "Join Type": "Inner", "Startup Cost": 4842.14, "Total Cost": 169720.53, "Plan Rows": 1413, "Plan Width": 64, "Actual Startup Time": 184.302, "Actual Total Time": 12931.015, "Actual Rows": 28073, "Actual Loops": 1, "Inner Unique": true, "Plans": [{"Node Type": "Nested Loop", "Parent Relationship": "Outer", "Join Type": "Inner", "Startup Cost": 4842.14, "Total Cost": 169141.26, "Plan Rows": 1155, "Plan Width": 68, "Actual Startup Time": 181.84, "Actual Total Time": 12502.616, "Actual Rows": 54155, "Actual Loops": 1, "Inner Unique": false, "Plans": [{"Node Type": "Nested Loop", "Parent Relationship": "Outer", "Join Type": "Inner", "Startup Cost": 4842.14, "Total Cost": 168079.63, "Plan Rows": 1044, "Plan Width": 76, "Actual Startup Time": 178.896, "Actual Total Time": 3347.973, "Actual Rows": 102516, "Actual Loops": 1, "Inner Unique": true, "Join Filter": "(mi.movie_id = t.id)", "Rows Removed by Join Filter": 0, "Plans": [{"Node Type": "Nested Loop", "Parent Relationship": "Outer", "Join Type": "Inner", "Startup Cost": 4842.14, "Total Cost": 167651.44, "Plan Rows": 1044, "Plan Width": 55, "Actual Startup Time": 178.878, "Actual Total Time": 2777.15, "Actual Rows": 102516, "Actual Loops": 1, "Inner Unique": true, "Plans": [{"Node Type": "Nested Loop", "Parent Relationship": "Outer", "Join Type": "Inner", "Startup Cost": 4842.14, "Total Cost": 166471.96, "Plan Rows": 4175, "Plan Width": 59, "Actual Startup Time": 178.852, "Actual Total Time": 2027.523, "Actual Rows": 307785, "Actual Loops": 1, "Inner Unique": false, "Plans": [{"Node Type": "Nested Loop", "Parent Relationship": "Outer", "Join Type": "Inner", "Startup Cost": 4842.14, "Total Cost": 164983.91, "Plan Rows": 2717, "Plan Width": 46, "Actual Startup Time": 178.821, "Actual Total Time": 1170.201, "Actual Rows": 186594, "Actual Loops": 1, "Inner Unique": false, "Plans": [{"Node Type": "Index Scan", "Parent Relationship": "Outer", "Scan Direction": "Forward", "Index Name": "info_type_pkey", "Relation Name": "info_type", "Alias": "it1", "Startup Cost": 0.0, "Total Cost": 14.21, "Plan Rows": 1, "Plan Width": 4, "Actual Startup Time": 0.023, "Actual Total Time": 0.074, "Actual Rows": 1, "Actual Loops": 1, "Filter": "((info)::text = 'genres'::text)", "Rows Removed by Filter": 111}, {"Node Type": "Bitmap Heap Scan", "Parent Relationship": "Inner", "Relation Name": "movie_info", "Alias": "mi", "Startup Cost": 4842.14, "Total Cost": 164942.53, "Plan Rows": 2717, "Plan Width": 50, "Actual Startup Time": 178.792, "Actual Total Time": 1124.512, "Actual Rows": 186594, "Actual Loops": 1, "Recheck Cond": "(info_type_id = it1.id)", "Rows Removed by Index Recheck": 0, "Filter": "((info)::text = ANY ('{Horror,Action,Sci-Fi,Thriller,Crime,War}'::text[]))", "Rows Removed by Filter": 1347315, "Exact Heap Blocks": 7426, "Lossy Heap Blocks": 7426, "Plans": [{"Node Type": "Bitmap Index Scan", "Parent Relationship": "Outer", "Index Name": "info_type_id_movie_info", "Startup Cost": 0.0, "Total Cost": 4841.46, "Plan Rows": 212428, "Plan Width": 0, "Actual Startup Time": 177.414, "Actual Total Time": 177.414, "Actual Rows": 1533909, "Actual Loops": 1, "Index Cond": "(info_type_id = it1.id)"}]}]}, {"Node Type": "Index Scan", "Parent Relationship": "Inner", "Scan Direction": "Forward", "Index Name": "movie_id_movie_info_idx", "Relation Name": "movie_info_idx", "Alias": "mi_idx", "Startup Cost": 0.0, "Total Cost": 0.53, "Plan Rows": 2, "Plan Width": 13, "Actual Startup Time": 551.966, "Actual Total Time": 679.576, "Actual Rows": 307785, "Actual Loops": 186594, "Index Cond": "(movie_id = mi.movie_id)", "Rows Removed by Index Recheck": 0}]}, {"Node Type": "Index Scan", "Parent Relationship": "Inner", "Scan Direction": "Forward", "Index Name": "info_type_pkey", "Relation Name": "info_type", "Alias": "it2", "Startup Cost": 0.0, "Total Cost": 0.27, "Plan Rows": 1, "Plan Width": 4, "Actual Startup Time": 567.478, "Actual Total Time": 567.478, "Actual Rows": 102516, "Actual Loops": 307785, "Index Cond": "(id = mi_idx.info_type_id)", "Rows Removed by Index Recheck": 0, "Filter": "((info)::text = 'votes'::text)", "Rows Removed by Filter": 205269}]}, {"Node Type": "Index Scan", "Parent Relationship": "Inner", "Scan Direction": "Forward", "Index Name": "title_pkey", "Relation Name": "title", "Alias": "t", "Startup Cost": 0.0, "Total Cost": 0.4, "Plan Rows": 1, "Plan Width": 21, "Actual Startup Time": 450.604, "Actual Total Time": 450.604, "Actual Rows": 102516, "Actual Loops": 102516, "Index Cond": "(id = mi_idx.movie_id)", "Rows Removed by Index Recheck": 0}]}, {"Node Type": "Index Scan", "Parent Relationship": "Inner", "Scan Direction": "Forward", "Index Name": "movie_id_cast_info", "Relation Name": "cast_info", "Alias": "ci", "Startup Cost": 0.0, "Total Cost": 1.01, "Plan Rows": 1, "Plan Width": 8, "Actual Startup Time": 7737.744, "Actual Total Time": 9080.501, "Actual Rows": 54155, "Actual Loops": 102516, "Index Cond": "(movie_id = t.id)", "Rows Removed by Index Recheck": 0, "Filter": "((note)::text = ANY ('{(writer),\"(head writer)\",\"(written by)\",(story),\"(story editor)\"}'::text[]))", "Rows Removed by Filter": 3987641}]}, {"Node Type": "Index Scan", "Parent Relationship": "Inner", "Scan Direction": "Forward", "Index Name": "name_pkey", "Relation Name": "name", "Alias": "n", "Startup Cost": 0.0, "Total Cost": 0.49, "Plan Rows": 1, "Plan Width": 4, "Actual Startup Time": 382.451, "Actual Total Time": 382.451, "Actual Rows": 28073, "Actual Loops": 54155, "Index Cond": "(id = ci.person_id)", "Rows Removed by Index Recheck": 0, "Filter": "((gender)::text = 'm'::text)", "Rows Removed by Filter": 26082}]}]}, "Triggers": [], "Planner Runtime": 23, "Total Runtime": 12968.437, "Unique SQL Id": 3913857139}}, "(16, 66)": {"explain_plan": {"Plan": {"Node Type": "Aggregate", "Strategy": "Plain", "Startup Cost": 71747.63, "Total Cost": 71747.64, "Plan Rows": 1, "Plan Width": 160, "Plans": [{"Node Type": "Nested Loop", "Parent Relationship": "Outer", "Join Type": "Inner", "Startup Cost": 6.3, "Total Cost": 71737.03, "Plan Rows": 1413, "Plan Width": 64, "Inner Unique": true, "Plans": [{"Node Type": "Nested Loop", "Parent Relationship": "Outer", "Join Type": "Inner", "Startup Cost": 5.99, "Total Cost": 66731.61, "Plan Rows": 1155, "Plan Width": 68, "Inner Unique": false, "Plans": [{"Node Type": "Nested Loop", "Parent Relationship": "Outer", "Join Type": "Inner", "Startup Cost": 5.48, "Total Cost": 61888.94, "Plan Rows": 1044, "Plan Width": 76, "Inner Unique": true, "Join Filter": "(mi.movie_id = t.id)", "Plans": [{"Node Type": "Hash Join", "Parent Relationship": "Outer", "Join Type": "Inner", "Startup Cost": 5.19, "Total Cost": 57389.75, "Plan Rows": 1044, "Plan Width": 55, "Inner Unique": true, "Hash Cond": "(mi_idx.info_type_id = it2.id)", "Plans": [{"Node Type": "Nested Loop", "Parent Relationship": "Outer", "Join Type": "Inner", "Startup Cost": 2.78, "Total Cost": 57366.43, "Plan Rows": 4175, "Plan Width": 59, "Inner Unique": false, "Plans": [{"Node Type": "Hash Join", "Parent Relationship": "Outer", "Join Type": "Inner", "Startup Cost": 2.41, "Total Cost": 45379.0, "Plan Rows": 2717, "Plan Width": 46, "Inner Unique": true, "Hash Cond": "(mi.info_type_id = it1.id)", "Plans": [{"Node Type": "Streaming(type: LOCAL GATHER dop: 1/16)", "Parent Relationship": "Outer", "Startup Cost": 0.0, "Total Cost": 44636.28, "Plan Rows": 190170, "Plan Width": 50, "Plans": [{"Node Type": "Seq Scan", "Parent Relationship": "Outer", "Relation Name": "movie_info", "Alias": "mi", "Startup Cost": 0.0, "Total Cost": 40532.03, "Plan Rows": 190170, "Plan Width": 50, "Filter": "((info)::text = ANY ('{Horror,Action,Sci-Fi,Thriller,Crime,War}'::text[]))"}]}, {"Node Type": "Hash", "Parent Relationship": "Inner", "Startup Cost": 2.4, "Total Cost": 2.4, "Plan Rows": 1, "Plan Width": 4, "Plans": [{"Node Type": "Seq Scan", "Parent Relationship": "Outer", "Relation Name": "info_type", "Alias": "it1", "Startup Cost": 0.0, "Total Cost": 2.4, "Plan Rows": 1, "Plan Width": 4, "Filter": "((info)::text = 'genres'::text)"}]}]}, {"Node Type": "Bitmap Heap Scan", "Parent Relationship": "Inner", "Relation Name": "movie_info_idx", "Alias": "mi_idx", "Startup Cost": 0.37, "Total Cost": 4.39, "Plan Rows": 2, "Plan Width": 13, "Recheck Cond": "(movie_id = mi.movie_id)", "Plans": [{"Node Type": "Bitmap Index Scan", "Parent Relationship": "Outer", "Index Name": "movie_id_movie_info_idx", "Startup Cost": 0.0, "Total Cost": 0.37, "Plan Rows": 2, "Plan Width": 0, "Index Cond": "(movie_id = mi.movie_id)"}]}]}, {"Node Type": "Hash", "Parent Relationship": "Inner", "Startup Cost": 2.4, "Total Cost": 2.4, "Plan Rows": 1, "Plan Width": 4, "Plans": [{"Node Type": "Seq Scan", "Parent Relationship": "Outer", "Relation Name": "info_type", "Alias": "it2", "Startup Cost": 0.0, "Total Cost": 2.4, "Plan Rows": 1, "Plan Width": 4, "Filter": "((info)::text = 'votes'::text)"}]}]}, {"Node Type": "Bitmap Heap Scan", "Parent Relationship": "Inner", "Relation Name": "title", "Alias": "t", "Startup Cost": 0.28, "Total Cost": 4.3, "Plan Rows": 1, "Plan Width": 21, "Recheck Cond": "(id = mi_idx.movie_id)", "Plans": [{"Node Type": "Bitmap Index Scan", "Parent Relationship": "Outer", "Index Name": "title_pkey", "Startup Cost": 0.0, "Total Cost": 0.28, "Plan Rows": 1, "Plan Width": 0, "Index Cond": "(id = mi_idx.movie_id)"}]}]}, {"Node Type": "Bitmap Heap Scan", "Parent Relationship": "Inner", "Relation Name": "cast_info", "Alias": "ci", "Startup Cost": 0.52, "Total Cost": 4.63, "Plan Rows": 1, "Plan Width": 8, "Recheck Cond": "(movie_id = t.id)", "Filter": "((note)::text = ANY ('{(writer),\"(head writer)\",\"(written by)\",(story),\"(story editor)\"}'::text[]))", "Plans": [{"Node Type": "Bitmap Index Scan", "Parent Relationship": "Outer", "Index Name": "movie_id_cast_info", "Startup Cost": 0.0, "Total Cost": 0.52, "Plan Rows": 6, "Plan Width": 0, "Index Cond": "(movie_id = t.id)"}]}]}, {"Node Type": "Bitmap Heap Scan", "Parent Relationship": "Inner", "Relation Name": "name", "Alias": "n", "Startup Cost": 0.31, "Total Cost": 4.32, "Plan Rows": 1, "Plan Width": 4, "Recheck Cond": "(id = ci.person_id)", "Filter": "((gender)::text = 'm'::text)", "Plans": [{"Node Type": "Bitmap Index Scan", "Parent Relationship": "Outer", "Index Name": "name_pkey", "Startup Cost": 0.0, "Total Cost": 0.31, "Plan Rows": 1, "Plan Width": 0, "Index Cond": "(id = ci.person_id)"}]}]}]}, "Unique SQL Id": 3913857139, "Planner Runtime": 99}, "explain_analyze_plan": {"Plan": {"Node Type": "Aggregate", "Strategy": "Plain", "Startup Cost": 71747.63, "Total Cost": 71747.64, "Plan Rows": 1, "Plan Width": 160, "Actual Min Startup Time": 14120.237, "Actual Max Startup Time": 14120.237, "Actual Min Total Time": 14120.237, "Actual Max Total Time": 14120.237, "Plans": [{"Node Type": "Nested Loop", "Parent Relationship": "Outer", "Join Type": "Inner", "Startup Cost": 6.3, "Total Cost": 71737.03, "Plan Rows": 1413, "Plan Width": 64, "Actual Min Startup Time": 420.288, "Actual Max Startup Time": 420.288, "Actual Min Total Time": 14074.02, "Actual Max Total Time": 14074.02, "Inner Unique": true, "Plans": [{"Node Type": "Nested Loop", "Parent Relationship": "Outer", "Join Type": "Inner", "Startup Cost": 5.99, "Total Cost": 66731.61, "Plan Rows": 1155, "Plan Width": 68, "Actual Min Startup Time": 420.214, "Actual Max Startup Time": 420.214, "Actual Min Total Time": 13537.319, "Actual Max Total Time": 13537.319, "Inner Unique": false, "Plans": [{"Node Type": "Nested Loop", "Parent Relationship": "Outer", "Join Type": "Inner", "Startup Cost": 5.48, "Total Cost": 61888.94, "Plan Rows": 1044, "Plan Width": 76, "Actual Min Startup Time": 420.164, "Actual Max Startup Time": 420.164, "Actual Min Total Time": 2606.215, "Actual Max Total Time": 2606.215, "Inner Unique": true, "Join Filter": "(mi.movie_id = t.id)", "Rows Removed by Join Filter": 0, "Plans": [{"Node Type": "Hash Join", "Parent Relationship": "Outer", "Join Type": "Inner", "Startup Cost": 5.19, "Total Cost": 57389.75, "Plan Rows": 1044, "Plan Width": 55, "Actual Min Startup Time": 420.138, "Actual Max Startup Time": 420.138, "Actual Min Total Time": 1842.669, "Actual Max Total Time": 1842.669, "Inner Unique": true, "Hash Cond": "(mi_idx.info_type_id = it2.id)", "Plans": [{"Node Type": "Nested Loop", "Parent Relationship": "Outer", "Join Type": "Inner", "Startup Cost": 2.78, "Total Cost": 57366.43, "Plan Rows": 4175, "Plan Width": 59, "Actual Min Startup Time": 420.0, "Actual Max Startup Time": 420.0, "Actual Min Total Time": 1736.972, "Actual Max Total Time": 1736.972, "Inner Unique": false, "Plans": [{"Node Type": "Hash Join", "Parent Relationship": "Outer", "Join Type": "Inner", "Startup Cost": 2.41, "Total Cost": 45379.0, "Plan Rows": 2717, "Plan Width": 46, "Actual Min Startup Time": 419.938, "Actual Max Startup Time": 419.938, "Actual Min Total Time": 592.2, "Actual Max Total Time": 592.2, "Inner Unique": true, "Hash Cond": "(mi.info_type_id = it1.id)", "Plans": [{"Node Type": "Streaming(type: LOCAL GATHER dop: 1/16)", "Parent Relationship": "Outer", "Startup Cost": 0.0, "Total Cost": 44636.28, "Plan Rows": 190170, "Plan Width": 50, "Actual Min Startup Time": 297.82, "Actual Max Startup Time": 297.82, "Actual Min Total Time": 480.846, "Actual Max Total Time": 480.846, "Plans": [{"Node Type": "Seq Scan", "Parent Relationship": "Outer", "Relation Name": "movie_info", "Alias": "mi", "Startup Cost": 0.0, "Total Cost": 40532.03, "Plan Rows": 190170, "Plan Width": 50, "Actual Min Startup Time": 226.092, "Actual Max Startup Time": 410.021, "Actual Min Total Time": 457.807, "Actual Max Total Time": 472.109, "Filter": "((info)::text = ANY ('{Horror,Action,Sci-Fi,Thriller,Crime,War}'::text[]))", "Rows Removed by Filter": 14646748, "Actual Rows": 188971}], "Actual Rows": 188971}, {"Node Type": "Hash", "Parent Relationship": "Inner", "Startup Cost": 2.4, "Total Cost": 2.4, "Plan Rows": 1, "Plan Width": 4, "Actual Min Startup Time": 0.049, "Actual Max Startup Time": 0.049, "Actual Min Total Time": 0.049, "Actual Max Total Time": 0.049, "Max Hash Buckets": 32768, "Min Hash Buckets": 32768, "Max Hash Batches": 1, "Min Hash Batches": 1, "Max Original Hash Batches": 1, "Min Original Hash Batches": 1, "Max Peak Memory Usage": 1, "min Peak Memory Usage": 1, "Plans": [{"Node Type": "Seq Scan", "Parent Relationship": "Outer", "Relation Name": "info_type", "Alias": "it1", "Startup Cost": 0.0, "Total Cost": 2.4, "Plan Rows": 1, "Plan Width": 4, "Actual Min Startup Time": 0.026, "Actual Max Startup Time": 0.026, "Actual Min Total Time": 0.048, "Actual Max Total Time": 0.048, "Filter": "((info)::text = 'genres'::text)", "Rows Removed by Filter": 111, "Actual Rows": 1}], "Actual Rows": 1}], "Actual Rows": 186594}, {"Node Type": "Bitmap Heap Scan", "Parent Relationship": "Inner", "Relation Name": "movie_info_idx", "Alias": "mi_idx", "Startup Cost": 0.37, "Total Cost": 4.39, "Plan Rows": 2, "Plan Width": 13, "Actual Min Startup Time": 786.648, "Actual Max Startup Time": 786.648, "Actual Min Total Time": 833.417, "Actual Max Total Time": 833.417, "Recheck Cond": "(movie_id = mi.movie_id)", "Rows Removed by Index Recheck": 0, "Exact Heap Blocks": 103610, "Lossy Heap Blocks": 103610, "Plans": [{"Node Type": "Bitmap Index Scan", "Parent Relationship": "Outer", "Index Name": "movie_id_movie_info_idx", "Startup Cost": 0.0, "Total Cost": 0.37, "Plan Rows": 2, "Plan Width": 0, "Actual Min Startup Time": 532.288, "Actual Max Startup Time": 532.288, "Actual Min Total Time": 532.288, "Actual Max Total Time": 532.288, "Index Cond": "(movie_id = mi.movie_id)", "Actual Rows": 307785}], "Actual Rows": 307785}], "Actual Rows": 307785}, {"Node Type": "Hash", "Parent Relationship": "Inner", "Startup Cost": 2.4, "Total Cost": 2.4, "Plan Rows": 1, "Plan Width": 4, "Actual Min Startup Time": 0.088, "Actual Max Startup Time": 0.088, "Actual Min Total Time": 0.088, "Actual Max Total Time": 0.088, "Max Hash Buckets": 32768, "Min Hash Buckets": 32768, "Max Hash Batches": 1, "Min Hash Batches": 1, "Max Original Hash Batches": 1, "Min Original Hash Batches": 1, "Max Peak Memory Usage": 1, "min Peak Memory Usage": 1, "Plans": [{"Node Type": "Seq Scan", "Parent Relationship": "Outer", "Relation Name": "info_type", "Alias": "it2", "Startup Cost": 0.0, "Total Cost": 2.4, "Plan Rows": 1, "Plan Width": 4, "Actual Min Startup Time": 0.068, "Actual Max Startup Time": 0.068, "Actual Min Total Time": 0.073, "Actual Max Total Time": 0.073, "Filter": "((info)::text = 'votes'::text)", "Rows Removed by Filter": 111, "Actual Rows": 1}], "Actual Rows": 1}], "Actual Rows": 102516}, {"Node Type": "Bitmap Heap Scan", "Parent Relationship": "Inner", "Relation Name": "title", "Alias": "t", "Startup Cost": 0.28, "Total Cost": 4.3, "Plan Rows": 1, "Plan Width": 21, "Actual Min Startup Time": 586.533, "Actual Max Startup Time": 586.533, "Actual Min Total Time": 586.533, "Actual Max Total Time": 586.533, "Recheck Cond": "(id = mi_idx.movie_id)", "Rows Removed by Index Recheck": 0, "Exact Heap Blocks": 102516, "Lossy Heap Blocks": 102516, "Plans": [{"Node Type": "Bitmap Index Scan", "Parent Relationship": "Outer", "Index Name": "title_pkey", "Startup Cost": 0.0, "Total Cost": 0.28, "Plan Rows": 1, "Plan Width": 0, "Actual Min Startup Time": 316.38, "Actual Max Startup Time": 316.38, "Actual Min Total Time": 316.38, "Actual Max Total Time": 316.38, "Index Cond": "(id = mi_idx.movie_id)", "Actual Rows": 102516}], "Actual Rows": 102516}], "Actual Rows": 102516}, {"Node Type": "Bitmap Heap Scan", "Parent Relationship": "Inner", "Relation Name": "cast_info", "Alias": "ci", "Startup Cost": 0.52, "Total Cost": 4.63, "Plan Rows": 1, "Plan Width": 8, "Actual Min Startup Time": 9315.695, "Actual Max Startup Time": 9315.695, "Actual Min Total Time": 10768.773, "Actual Max Total Time": 10768.773, "Recheck Cond": "(movie_id = t.id)", "Rows Removed by Index Recheck": 0, "Filter": "((note)::text = ANY ('{(writer),\"(head writer)\",\"(written by)\",(story),\"(story editor)\"}'::text[]))", "Rows Removed by Filter": 3987641, "Exact Heap Blocks": 3901088, "Lossy Heap Blocks": 3901088, "Plans": [{"Node Type": "Bitmap Index Scan", "Parent Relationship": "Outer", "Index Name": "movie_id_cast_info", "Startup Cost": 0.0, "Total Cost": 0.52, "Plan Rows": 6, "Plan Width": 0, "Actual Min Startup Time": 1110.581, "Actual Max Startup Time": 1110.581, "Actual Min Total Time": 1110.581, "Actual Max Total Time": 1110.581, "Index Cond": "(movie_id = t.id)", "Actual Rows": 4041796}], "Actual Rows": 54155}], "Actual Rows": 54155}, {"Node Type": "Bitmap Heap Scan", "Parent Relationship": "Inner", "Relation Name": "name", "Alias": "n", "Startup Cost": 0.31, "Total Cost": 4.32, "Plan Rows": 1, "Plan Width": 4, "Actual Min Startup Time": 447.166, "Actual Max Startup Time": 447.166, "Actual Min Total Time": 447.166, "Actual Max Total Time": 447.166, "Recheck Cond": "(id = ci.person_id)", "Rows Removed by Index Recheck": 0, "Filter": "((gender)::text = 'm'::text)", "Rows Removed by Filter": 26082, "Exact Heap Blocks": 54155, "Lossy Heap Blocks": 54155, "Plans": [{"Node Type": "Bitmap Index Scan", "Parent Relationship": "Outer", "Index Name": "name_pkey", "Startup Cost": 0.0, "Total Cost": 0.31, "Plan Rows": 1, "Plan Width": 0, "Actual Min Startup Time": 286.34, "Actual Max Startup Time": 286.34, "Actual Min Total Time": 286.34, "Actual Max Total Time": 286.34, "Index Cond": "(id = ci.person_id)", "Actual Rows": 54155}], "Actual Rows": 28073}], "Actual Rows": 28073}], "Actual Rows": 1}, "Triggers": [], "Planner Runtime": 91, "Total Runtime": 14122.971, "Unique SQL Id": 3913857139}}, "(16, 67)": {"explain_plan": {"Plan": {"Node Type": "Aggregate", "Strategy": "Plain", "Startup Cost": 191364.35, "Total Cost": 191364.36, "Plan Rows": 1, "Plan Width": 160, "Plans": [{"Node Type": "Nested Loop", "Parent Relationship": "Outer", "Join Type": "Inner", "Startup Cost": 4866.65, "Total Cost": 191353.75, "Plan Rows": 1413, "Plan Width": 64, "Inner Unique": true, "Plans": [{"Node Type": "Nested Loop", "Parent Relationship": "Outer", "Join Type": "Inner", "Startup Cost": 4866.34, "Total Cost": 186348.33, "Plan Rows": 1155, "Plan Width": 68, "Inner Unique": false, "Plans": [{"Node Type": "Nested Loop", "Parent Relationship": "Outer", "Join Type": "Inner", "Startup Cost": 4865.82, "Total Cost": 181505.66, "Plan Rows": 1044, "Plan Width": 76, "Inner Unique": true, "Join Filter": "(mi.movie_id = t.id)", "Plans": [{"Node Type": "Hash Join", "Parent Relationship": "Outer", "Join Type": "Inner", "Startup Cost": 4865.54, "Total Cost": 177006.47, "Plan Rows": 1044, "Plan Width": 55, "Inner Unique": true, "Hash Cond": "(mi_idx.info_type_id = it2.id)", "Plans": [{"Node Type": "Nested Loop", "Parent Relationship": "Outer", "Join Type": "Inner", "Startup Cost": 4851.32, "Total Cost": 176971.34, "Plan Rows": 4175, "Plan Width": 59, "Inner Unique": false, "Plans": [{"Node Type": "Nested Loop", "Parent Relationship": "Outer", "Join Type": "Inner", "Startup Cost": 4850.95, "Total Cost": 164983.91, "Plan Rows": 2717, "Plan Width": 46, "Inner Unique": false, "Plans": [{"Node Type": "Bitmap Heap Scan", "Parent Relationship": "Outer", "Relation Name": "info_type", "Alias": "it1", "Startup Cost": 8.81, "Total Cost": 14.21, "Plan Rows": 1, "Plan Width": 4, "Filter": "((info)::text = 'genres'::text)", "Plans": [{"Node Type": "Bitmap Index Scan", "Parent Relationship": "Outer", "Index Name": "info_type_pkey", "Startup Cost": 0.0, "Total Cost": 8.81, "Plan Rows": 112, "Plan Width": 0}]}, {"Node Type": "Bitmap Heap Scan", "Parent Relationship": "Inner", "Relation Name": "movie_info", "Alias": "mi", "Startup Cost": 4842.14, "Total Cost": 164942.53, "Plan Rows": 2717, "Plan Width": 50, "Recheck Cond": "(info_type_id = it1.id)", "Filter": "((info)::text = ANY ('{Horror,Action,Sci-Fi,Thriller,Crime,War}'::text[]))", "Plans": [{"Node Type": "Bitmap Index Scan", "Parent Relationship": "Outer", "Index Name": "info_type_id_movie_info", "Startup Cost": 0.0, "Total Cost": 4841.46, "Plan Rows": 212428, "Plan Width": 0, "Index Cond": "(info_type_id = it1.id)"}]}]}, {"Node Type": "Bitmap Heap Scan", "Parent Relationship": "Inner", "Relation Name": "movie_info_idx", "Alias": "mi_idx", "Startup Cost": 0.37, "Total Cost": 4.39, "Plan Rows": 2, "Plan Width": 13, "Recheck Cond": "(movie_id = mi.movie_id)", "Plans": [{"Node Type": "Bitmap Index Scan", "Parent Relationship": "Outer", "Index Name": "movie_id_movie_info_idx", "Startup Cost": 0.0, "Total Cost": 0.37, "Plan Rows": 2, "Plan Width": 0, "Index Cond": "(movie_id = mi.movie_id)"}]}]}, {"Node Type": "Hash", "Parent Relationship": "Inner", "Startup Cost": 14.21, "Total Cost": 14.21, "Plan Rows": 1, "Plan Width": 4, "Plans": [{"Node Type": "Bitmap Heap Scan", "Parent Relationship": "Outer", "Relation Name": "info_type", "Alias": "it2", "Startup Cost": 8.81, "Total Cost": 14.21, "Plan Rows": 1, "Plan Width": 4, "Filter": "((info)::text = 'votes'::text)", "Plans": [{"Node Type": "Bitmap Index Scan", "Parent Relationship": "Outer", "Index Name": "info_type_pkey", "Startup Cost": 0.0, "Total Cost": 8.81, "Plan Rows": 112, "Plan Width": 0}]}]}]}, {"Node Type": "Bitmap Heap Scan", "Parent Relationship": "Inner", "Relation Name": "title", "Alias": "t", "Startup Cost": 0.28, "Total Cost": 4.3, "Plan Rows": 1, "Plan Width": 21, "Recheck Cond": "(id = mi_idx.movie_id)", "Plans": [{"Node Type": "Bitmap Index Scan", "Parent Relationship": "Outer", "Index Name": "title_pkey", "Startup Cost": 0.0, "Total Cost": 0.28, "Plan Rows": 1, "Plan Width": 0, "Index Cond": "(id = mi_idx.movie_id)"}]}]}, {"Node Type": "Bitmap Heap Scan", "Parent Relationship": "Inner", "Relation Name": "cast_info", "Alias": "ci", "Startup Cost": 0.52, "Total Cost": 4.63, "Plan Rows": 1, "Plan Width": 8, "Recheck Cond": "(movie_id = t.id)", "Filter": "((note)::text = ANY ('{(writer),\"(head writer)\",\"(written by)\",(story),\"(story editor)\"}'::text[]))", "Plans": [{"Node Type": "Bitmap Index Scan", "Parent Relationship": "Outer", "Index Name": "movie_id_cast_info", "Startup Cost": 0.0, "Total Cost": 0.52, "Plan Rows": 6, "Plan Width": 0, "Index Cond": "(movie_id = t.id)"}]}]}, {"Node Type": "Bitmap Heap Scan", "Parent Relationship": "Inner", "Relation Name": "name", "Alias": "n", "Startup Cost": 0.31, "Total Cost": 4.32, "Plan Rows": 1, "Plan Width": 4, "Recheck Cond": "(id = ci.person_id)", "Filter": "((gender)::text = 'm'::text)", "Plans": [{"Node Type": "Bitmap Index Scan", "Parent Relationship": "Outer", "Index Name": "name_pkey", "Startup Cost": 0.0, "Total Cost": 0.31, "Plan Rows": 1, "Plan Width": 0, "Index Cond": "(id = ci.person_id)"}]}]}]}, "Unique SQL Id": 3913857139, "Planner Runtime": 32}, "explain_analyze_plan": {"Plan": {"Node Type": "Aggregate", "Strategy": "Plain", "Startup Cost": 191364.35, "Total Cost": 191364.36, "Plan Rows": 1, "Plan Width": 160, "Actual Startup Time": 14478.476, "Actual Total Time": 14478.476, "Actual Rows": 1, "Actual Loops": 1, "Plans": [{"Node Type": "Nested Loop", "Parent Relationship": "Outer", "Join Type": "Inner", "Startup Cost": 4866.65, "Total Cost": 191353.75, "Plan Rows": 1413, "Plan Width": 64, "Actual Startup Time": 181.639, "Actual Total Time": 14430.03, "Actual Rows": 28073, "Actual Loops": 1, "Inner Unique": true, "Plans": [{"Node Type": "Nested Loop", "Parent Relationship": "Outer", "Join Type": "Inner", "Startup Cost": 4866.34, "Total Cost": 186348.33, "Plan Rows": 1155, "Plan Width": 68, "Actual Startup Time": 178.932, "Actual Total Time": 13902.05, "Actual Rows": 54155, "Actual Loops": 1, "Inner Unique": false, "Plans": [{"Node Type": "Nested Loop", "Parent Relationship": "Outer", "Join Type": "Inner", "Startup Cost": 4865.82, "Total Cost": 181505.66, "Plan Rows": 1044, "Plan Width": 76, "Actual Startup Time": 175.815, "Actual Total Time": 3145.327, "Actual Rows": 102516, "Actual Loops": 1, "Inner Unique": true, "Join Filter": "(mi.movie_id = t.id)", "Rows Removed by Join Filter": 0, "Plans": [{"Node Type": "Hash Join", "Parent Relationship": "Outer", "Join Type": "Inner", "Startup Cost": 4865.54, "Total Cost": 177006.47, "Plan Rows": 1044, "Plan Width": 55, "Actual Startup Time": 175.79, "Actual Total Time": 2401.505, "Actual Rows": 102516, "Actual Loops": 1, "Inner Unique": true, "Hash Cond": "(mi_idx.info_type_id = it2.id)", "Plans": [{"Node Type": "Nested Loop", "Parent Relationship": "Outer", "Join Type": "Inner", "Startup Cost": 4851.32, "Total Cost": 176971.34, "Plan Rows": 4175, "Plan Width": 59, "Actual Startup Time": 175.655, "Actual Total Time": 2289.636, "Actual Rows": 307785, "Actual Loops": 1, "Inner Unique": false, "Plans": [{"Node Type": "Nested Loop", "Parent Relationship": "Outer", "Join Type": "Inner", "Startup Cost": 4850.95, "Total Cost": 164983.91, "Plan Rows": 2717, "Plan Width": 46, "Actual Startup Time": 175.611, "Actual Total Time": 1165.286, "Actual Rows": 186594, "Actual Loops": 1, "Inner Unique": false, "Plans": [{"Node Type": "Bitmap Heap Scan", "Parent Relationship": "Outer", "Relation Name": "info_type", "Alias": "it1", "Startup Cost": 8.81, "Total Cost": 14.21, "Plan Rows": 1, "Plan Width": 4, "Actual Startup Time": 0.029, "Actual Total Time": 0.06, "Actual Rows": 1, "Actual Loops": 1, "Filter": "((info)::text = 'genres'::text)", "Rows Removed by Filter": 111, "Exact Heap Blocks": 1, "Lossy Heap Blocks": 1, "Plans": [{"Node Type": "Bitmap Index Scan", "Parent Relationship": "Outer", "Index Name": "info_type_pkey", "Startup Cost": 0.0, "Total Cost": 8.81, "Plan Rows": 112, "Plan Width": 0, "Actual Startup Time": 0.009, "Actual Total Time": 0.009, "Actual Rows": 112, "Actual Loops": 1}]}, {"Node Type": "Bitmap Heap Scan", "Parent Relationship": "Inner", "Relation Name": "movie_info", "Alias": "mi", "Startup Cost": 4842.14, "Total Cost": 164942.53, "Plan Rows": 2717, "Plan Width": 50, "Actual Startup Time": 175.576, "Actual Total Time": 1120.064, "Actual Rows": 186594, "Actual Loops": 1, "Recheck Cond": "(info_type_id = it1.id)", "Rows Removed by Index Recheck": 0, "Filter": "((info)::text = ANY ('{Horror,Action,Sci-Fi,Thriller,Crime,War}'::text[]))", "Rows Removed by Filter": 1347315, "Exact Heap Blocks": 7426, "Lossy Heap Blocks": 7426, "Plans": [{"Node Type": "Bitmap Index Scan", "Parent Relationship": "Outer", "Index Name": "info_type_id_movie_info", "Startup Cost": 0.0, "Total Cost": 4841.46, "Plan Rows": 212428, "Plan Width": 0, "Actual Startup Time": 174.184, "Actual Total Time": 174.184, "Actual Rows": 1533909, "Actual Loops": 1, "Index Cond": "(info_type_id = it1.id)"}]}]}, {"Node Type": "Bitmap Heap Scan", "Parent Relationship": "Inner", "Relation Name": "movie_info_idx", "Alias": "mi_idx", "Startup Cost": 0.37, "Total Cost": 4.39, "Plan Rows": 2, "Plan Width": 13, "Actual Startup Time": 770.124, "Actual Total Time": 815.456, "Actual Rows": 307785, "Actual Loops": 186594, "Recheck Cond": "(movie_id = mi.movie_id)", "Rows Removed by Index Recheck": 0, "Exact Heap Blocks": 103610, "Lossy Heap Blocks": 103610, "Plans": [{"Node Type": "Bitmap Index Scan", "Parent Relationship": "Outer", "Index Name": "movie_id_movie_info_idx", "Startup Cost": 0.0, "Total Cost": 0.37, "Plan Rows": 2, "Plan Width": 0, "Actual Startup Time": 522.336, "Actual Total Time": 522.336, "Actual Rows": 307785, "Actual Loops": 186594, "Index Cond": "(movie_id = mi.movie_id)"}]}]}, {"Node Type": "Hash", "Parent Relationship": "Inner", "Startup Cost": 14.21, "Total Cost": 14.21, "Plan Rows": 1, "Plan Width": 4, "Actual Startup Time": 0.083, "Actual Total Time": 0.083, "Actual Rows": 1, "Actual Loops": 1, "Hash Buckets": 32768, "Hash Batches": 1, "Original Hash Batches": 1, "Peak Memory Usage": 1, "Plans": [{"Node Type": "Bitmap Heap Scan", "Parent Relationship": "Outer", "Relation Name": "info_type", "Alias": "it2", "Startup Cost": 8.81, "Total Cost": 14.21, "Plan Rows": 1, "Plan Width": 4, "Actual Startup Time": 0.075, "Actual Total Time": 0.078, "Actual Rows": 1, "Actual Loops": 1, "Filter": "((info)::text = 'votes'::text)", "Rows Removed by Filter": 111, "Exact Heap Blocks": 1, "Lossy Heap Blocks": 1, "Plans": [{"Node Type": "Bitmap Index Scan", "Parent Relationship": "Outer", "Index Name": "info_type_pkey", "Startup Cost": 0.0, "Total Cost": 8.81, "Plan Rows": 112, "Plan Width": 0, "Actual Startup Time": 0.015, "Actual Total Time": 0.015, "Actual Rows": 112, "Actual Loops": 1}]}]}]}, {"Node Type": "Bitmap Heap Scan", "Parent Relationship": "Inner", "Relation Name": "title", "Alias": "t", "Startup Cost": 0.28, "Total Cost": 4.3, "Plan Rows": 1, "Plan Width": 21, "Actual Startup Time": 567.24, "Actual Total Time": 567.24, "Actual Rows": 102516, "Actual Loops": 102516, "Recheck Cond": "(id = mi_idx.movie_id)", "Rows Removed by Index Recheck": 0, "Exact Heap Blocks": 102516, "Lossy Heap Blocks": 102516, "Plans": [{"Node Type": "Bitmap Index Scan", "Parent Relationship": "Outer", "Index Name": "title_pkey", "Startup Cost": 0.0, "Total Cost": 0.28, "Plan Rows": 1, "Plan Width": 0, "Actual Startup Time": 311.351, "Actual Total Time": 311.351, "Actual Rows": 102516, "Actual Loops": 102516, "Index Cond": "(id = mi_idx.movie_id)"}]}]}, {"Node Type": "Bitmap Heap Scan", "Parent Relationship": "Inner", "Relation Name": "cast_info", "Alias": "ci", "Startup Cost": 0.52, "Total Cost": 4.63, "Plan Rows": 1, "Plan Width": 8, "Actual Startup Time": 9158.039, "Actual Total Time": 10591.257, "Actual Rows": 54155, "Actual Loops": 102516, "Recheck Cond": "(movie_id = t.id)", "Rows Removed by Index Recheck": 0, "Filter": "((note)::text = ANY ('{(writer),\"(head writer)\",\"(written by)\",(story),\"(story editor)\"}'::text[]))", "Rows Removed by Filter": 3987641, "Exact Heap Blocks": 3901088, "Lossy Heap Blocks": 3901088, "Plans": [{"Node Type": "Bitmap Index Scan", "Parent Relationship": "Outer", "Index Name": "movie_id_cast_info", "Startup Cost": 0.0, "Total Cost": 0.52, "Plan Rows": 6, "Plan Width": 0, "Actual Startup Time": 1100.831, "Actual Total Time": 1100.831, "Actual Rows": 4041796, "Actual Loops": 102516, "Index Cond": "(movie_id = t.id)"}]}]}, {"Node Type": "Bitmap Heap Scan", "Parent Relationship": "Inner", "Relation Name": "name", "Alias": "n", "Startup Cost": 0.31, "Total Cost": 4.32, "Plan Rows": 1, "Plan Width": 4, "Actual Startup Time": 439.595, "Actual Total Time": 439.595, "Actual Rows": 28073, "Actual Loops": 54155, "Recheck Cond": "(id = ci.person_id)", "Rows Removed by Index Recheck": 0, "Filter": "((gender)::text = 'm'::text)", "Rows Removed by Filter": 26082, "Exact Heap Blocks": 54155, "Lossy Heap Blocks": 54155, "Plans": [{"Node Type": "Bitmap Index Scan", "Parent Relationship": "Outer", "Index Name": "name_pkey", "Startup Cost": 0.0, "Total Cost": 0.31, "Plan Rows": 1, "Plan Width": 0, "Actual Startup Time": 283.754, "Actual Total Time": 283.754, "Actual Rows": 54155, "Actual Loops": 54155, "Index Cond": "(id = ci.person_id)"}]}]}]}, "Triggers": [], "Planner Runtime": 16, "Total Runtime": 14478.771, "Unique SQL Id": 3913857139}}, "(16, 68)": {"explain_plan": {"Plan": {"Node Type": "Aggregate", "Strategy": "Plain", "Startup Cost": 48970.06, "Total Cost": 48970.07, "Plan Rows": 1, "Plan Width": 160, "Plans": [{"Node Type": "Nested Loop", "Parent Relationship": "Outer", "Join Type": "Inner", "Startup Cost": 4.83, "Total Cost": 48959.46, "Plan Rows": 1413, "Plan Width": 64, "Inner Unique": true, "Plans": [{"Node Type": "Nested Loop", "Parent Relationship": "Outer", "Join Type": "Inner", "Startup Cost": 4.83, "Total Cost": 48380.19, "Plan Rows": 1155, "Plan Width": 68, "Inner Unique": false, "Plans": [{"Node Type": "Nested Loop", "Parent Relationship": "Outer", "Join Type": "Inner", "Startup Cost": 4.83, "Total Cost": 47318.56, "Plan Rows": 1044, "Plan Width": 76, "Inner Unique": true, "Join Filter": "(mi.movie_id = t.id)", "Plans": [{"Node Type": "Hash Join", "Parent Relationship": "Outer", "Join Type": "Inner", "Startup Cost": 4.83, "Total Cost": 46890.37, "Plan Rows": 1044, "Plan Width": 55, "Inner Unique": true, "Hash Cond": "(mi_idx.info_type_id = it2.id)", "Plans": [{"Node Type": "Nested Loop", "Parent Relationship": "Outer", "Join Type": "Inner", "Startup Cost": 2.41, "Total Cost": 46867.05, "Plan Rows": 4175, "Plan Width": 59, "Inner Unique": false, "Plans": [{"Node Type": "Hash Join", "Parent Relationship": "Outer", "Join Type": "Inner", "Startup Cost": 2.41, "Total Cost": 45379.0, "Plan Rows": 2717, "Plan Width": 46, "Inner Unique": true, "Hash Cond": "(mi.info_type_id = it1.id)", "Plans": [{"Node Type": "Streaming(type: LOCAL GATHER dop: 1/16)", "Parent Relationship": "Outer", "Startup Cost": 0.0, "Total Cost": 44636.28, "Plan Rows": 190170, "Plan Width": 50, "Plans": [{"Node Type": "Seq Scan", "Parent Relationship": "Outer", "Relation Name": "movie_info", "Alias": "mi", "Startup Cost": 0.0, "Total Cost": 40532.03, "Plan Rows": 190170, "Plan Width": 50, "Filter": "((info)::text = ANY ('{Horror,Action,Sci-Fi,Thriller,Crime,War}'::text[]))"}]}, {"Node Type": "Hash", "Parent Relationship": "Inner", "Startup Cost": 2.4, "Total Cost": 2.4, "Plan Rows": 1, "Plan Width": 4, "Plans": [{"Node Type": "Seq Scan", "Parent Relationship": "Outer", "Relation Name": "info_type", "Alias": "it1", "Startup Cost": 0.0, "Total Cost": 2.4, "Plan Rows": 1, "Plan Width": 4, "Filter": "((info)::text = 'genres'::text)"}]}]}, {"Node Type": "Index Scan", "Parent Relationship": "Inner", "Scan Direction": "Forward", "Index Name": "movie_id_movie_info_idx", "Relation Name": "movie_info_idx", "Alias": "mi_idx", "Startup Cost": 0.0, "Total Cost": 0.53, "Plan Rows": 2, "Plan Width": 13, "Index Cond": "(movie_id = mi.movie_id)"}]}, {"Node Type": "Hash", "Parent Relationship": "Inner", "Startup Cost": 2.4, "Total Cost": 2.4, "Plan Rows": 1, "Plan Width": 4, "Plans": [{"Node Type": "Seq Scan", "Parent Relationship": "Outer", "Relation Name": "info_type", "Alias": "it2", "Startup Cost": 0.0, "Total Cost": 2.4, "Plan Rows": 1, "Plan Width": 4, "Filter": "((info)::text = 'votes'::text)"}]}]}, {"Node Type": "Index Scan", "Parent Relationship": "Inner", "Scan Direction": "Forward", "Index Name": "title_pkey", "Relation Name": "title", "Alias": "t", "Startup Cost": 0.0, "Total Cost": 0.4, "Plan Rows": 1, "Plan Width": 21, "Index Cond": "(id = mi_idx.movie_id)"}]}, {"Node Type": "Index Scan", "Parent Relationship": "Inner", "Scan Direction": "Forward", "Index Name": "movie_id_cast_info", "Relation Name": "cast_info", "Alias": "ci", "Startup Cost": 0.0, "Total Cost": 1.01, "Plan Rows": 1, "Plan Width": 8, "Index Cond": "(movie_id = t.id)", "Filter": "((note)::text = ANY ('{(writer),\"(head writer)\",\"(written by)\",(story),\"(story editor)\"}'::text[]))"}]}, {"Node Type": "Index Scan", "Parent Relationship": "Inner", "Scan Direction": "Forward", "Index Name": "name_pkey", "Relation Name": "name", "Alias": "n", "Startup Cost": 0.0, "Total Cost": 0.49, "Plan Rows": 1, "Plan Width": 4, "Index Cond": "(id = ci.person_id)", "Filter": "((gender)::text = 'm'::text)"}]}]}, "Unique SQL Id": 3913857139, "Planner Runtime": 81}, "explain_analyze_plan": {"Plan": {"Node Type": "Aggregate", "Strategy": "Plain", "Startup Cost": 48970.06, "Total Cost": 48970.07, "Plan Rows": 1, "Plan Width": 160, "Actual Min Startup Time": 11428.354, "Actual Max Startup Time": 11428.354, "Actual Min Total Time": 11428.354, "Actual Max Total Time": 11428.354, "Plans": [{"Node Type": "Nested Loop", "Parent Relationship": "Outer", "Join Type": "Inner", "Startup Cost": 4.83, "Total Cost": 48959.46, "Plan Rows": 1413, "Plan Width": 64, "Actual Min Startup Time": 421.357, "Actual Max Startup Time": 421.357, "Actual Min Total Time": 11391.752, "Actual Max Total Time": 11391.752, "Inner Unique": true, "Plans": [{"Node Type": "Nested Loop", "Parent Relationship": "Outer", "Join Type": "Inner", "Startup Cost": 4.83, "Total Cost": 48380.19, "Plan Rows": 1155, "Plan Width": 68, "Actual Min Startup Time": 421.33, "Actual Max Startup Time": 421.33, "Actual Min Total Time": 10978.419, "Actual Max Total Time": 10978.419, "Inner Unique": false, "Plans": [{"Node Type": "Nested Loop", "Parent Relationship": "Outer", "Join Type": "Inner", "Startup Cost": 4.83, "Total Cost": 47318.56, "Plan Rows": 1044, "Plan Width": 76, "Actual Min Startup Time": 420.004, "Actual Max Startup Time": 420.004, "Actual Min Total Time": 2049.757, "Actual Max Total Time": 2049.757, "Inner Unique": true, "Join Filter": "(mi.movie_id = t.id)", "Rows Removed by Join Filter": 0, "Plans": [{"Node Type": "Hash Join", "Parent Relationship": "Outer", "Join Type": "Inner", "Startup Cost": 4.83, "Total Cost": 46890.37, "Plan Rows": 1044, "Plan Width": 55, "Actual Min Startup Time": 419.982, "Actual Max Startup Time": 419.982, "Actual Min Total Time": 1501.868, "Actual Max Total Time": 1501.868, "Inner Unique": true, "Hash Cond": "(mi_idx.info_type_id = it2.id)", "Plans": [{"Node Type": "Nested Loop", "Parent Relationship": "Outer", "Join Type": "Inner", "Startup Cost": 2.41, "Total Cost": 46867.05, "Plan Rows": 4175, "Plan Width": 59, "Actual Min Startup Time": 419.853, "Actual Max Startup Time": 419.853, "Actual Min Total Time": 1408.474, "Actual Max Total Time": 1408.474, "Inner Unique": false, "Plans": [{"Node Type": "Hash Join", "Parent Relationship": "Outer", "Join Type": "Inner", "Startup Cost": 2.41, "Total Cost": 45379.0, "Plan Rows": 2717, "Plan Width": 46, "Actual Min Startup Time": 419.811, "Actual Max Startup Time": 419.811, "Actual Min Total Time": 588.454, "Actual Max Total Time": 588.454, "Inner Unique": true, "Hash Cond": "(mi.info_type_id = it1.id)", "Plans": [{"Node Type": "Streaming(type: LOCAL GATHER dop: 1/16)", "Parent Relationship": "Outer", "Startup Cost": 0.0, "Total Cost": 44636.28, "Plan Rows": 190170, "Plan Width": 50, "Actual Min Startup Time": 297.016, "Actual Max Startup Time": 297.016, "Actual Min Total Time": 485.889, "Actual Max Total Time": 485.889, "Plans": [{"Node Type": "Seq Scan", "Parent Relationship": "Outer", "Relation Name": "movie_info", "Alias": "mi", "Startup Cost": 0.0, "Total Cost": 40532.03, "Plan Rows": 190170, "Plan Width": 50, "Actual Min Startup Time": 226.105, "Actual Max Startup Time": 409.58, "Actual Min Total Time": 457.151, "Actual Max Total Time": 472.431, "Filter": "((info)::text = ANY ('{Horror,Action,Sci-Fi,Thriller,Crime,War}'::text[]))", "Rows Removed by Filter": 14646748, "Actual Rows": 188971}], "Actual Rows": 188971}, {"Node Type": "Hash", "Parent Relationship": "Inner", "Startup Cost": 2.4, "Total Cost": 2.4, "Plan Rows": 1, "Plan Width": 4, "Actual Min Startup Time": 0.047, "Actual Max Startup Time": 0.047, "Actual Min Total Time": 0.047, "Actual Max Total Time": 0.047, "Max Hash Buckets": 32768, "Min Hash Buckets": 32768, "Max Hash Batches": 1, "Min Hash Batches": 1, "Max Original Hash Batches": 1, "Min Original Hash Batches": 1, "Max Peak Memory Usage": 1, "min Peak Memory Usage": 1, "Plans": [{"Node Type": "Seq Scan", "Parent Relationship": "Outer", "Relation Name": "info_type", "Alias": "it1", "Startup Cost": 0.0, "Total Cost": 2.4, "Plan Rows": 1, "Plan Width": 4, "Actual Min Startup Time": 0.019, "Actual Max Startup Time": 0.019, "Actual Min Total Time": 0.041, "Actual Max Total Time": 0.041, "Filter": "((info)::text = 'genres'::text)", "Rows Removed by Filter": 111, "Actual Rows": 1}], "Actual Rows": 1}], "Actual Rows": 186594}, {"Node Type": "Index Scan", "Parent Relationship": "Inner", "Scan Direction": "Forward", "Index Name": "movie_id_movie_info_idx", "Relation Name": "movie_info_idx", "Alias": "mi_idx", "Startup Cost": 0.0, "Total Cost": 0.53, "Plan Rows": 2, "Plan Width": 13, "Actual Min Startup Time": 534.672, "Actual Max Startup Time": 534.672, "Actual Min Total Time": 652.765, "Actual Max Total Time": 652.765, "Index Cond": "(movie_id = mi.movie_id)", "Rows Removed by Index Recheck": 0, "Actual Rows": 307785}], "Actual Rows": 307785}, {"Node Type": "Hash", "Parent Relationship": "Inner", "Startup Cost": 2.4, "Total Cost": 2.4, "Plan Rows": 1, "Plan Width": 4, "Actual Min Startup Time": 0.075, "Actual Max Startup Time": 0.075, "Actual Min Total Time": 0.075, "Actual Max Total Time": 0.075, "Max Hash Buckets": 32768, "Min Hash Buckets": 32768, "Max Hash Batches": 1, "Min Hash Batches": 1, "Max Original Hash Batches": 1, "Min Original Hash Batches": 1, "Max Peak Memory Usage": 1, "min Peak Memory Usage": 1, "Plans": [{"Node Type": "Seq Scan", "Parent Relationship": "Outer", "Relation Name": "info_type", "Alias": "it2", "Startup Cost": 0.0, "Total Cost": 2.4, "Plan Rows": 1, "Plan Width": 4, "Actual Min Startup Time": 0.062, "Actual Max Startup Time": 0.062, "Actual Min Total Time": 0.068, "Actual Max Total Time": 0.068, "Filter": "((info)::text = 'votes'::text)", "Rows Removed by Filter": 111, "Actual Rows": 1}], "Actual Rows": 1}], "Actual Rows": 102516}, {"Node Type": "Index Scan", "Parent Relationship": "Inner", "Scan Direction": "Forward", "Index Name": "title_pkey", "Relation Name": "title", "Alias": "t", "Startup Cost": 0.0, "Total Cost": 0.4, "Plan Rows": 1, "Plan Width": 21, "Actual Min Startup Time": 443.111, "Actual Max Startup Time": 443.111, "Actual Min Total Time": 443.111, "Actual Max Total Time": 443.111, "Index Cond": "(id = mi_idx.movie_id)", "Rows Removed by Index Recheck": 0, "Actual Rows": 102516}], "Actual Rows": 102516}, {"Node Type": "Index Scan", "Parent Relationship": "Inner", "Scan Direction": "Forward", "Index Name": "movie_id_cast_info", "Relation Name": "cast_info", "Alias": "ci", "Startup Cost": 0.0, "Total Cost": 1.01, "Plan Rows": 1, "Plan Width": 8, "Actual Min Startup Time": 7551.12, "Actual Max Startup Time": 7551.12, "Actual Min Total Time": 8858.779, "Actual Max Total Time": 8858.779, "Index Cond": "(movie_id = t.id)", "Rows Removed by Index Recheck": 0, "Filter": "((note)::text = ANY ('{(writer),\"(head writer)\",\"(written by)\",(story),\"(story editor)\"}'::text[]))", "Rows Removed by Filter": 3987641, "Actual Rows": 54155}], "Actual Rows": 54155}, {"Node Type": "Index Scan", "Parent Relationship": "Inner", "Scan Direction": "Forward", "Index Name": "name_pkey", "Relation Name": "name", "Alias": "n", "Startup Cost": 0.0, "Total Cost": 0.49, "Plan Rows": 1, "Plan Width": 4, "Actual Min Startup Time": 368.426, "Actual Max Startup Time": 368.426, "Actual Min Total Time": 368.426, "Actual Max Total Time": 368.426, "Index Cond": "(id = ci.person_id)", "Rows Removed by Index Recheck": 0, "Filter": "((gender)::text = 'm'::text)", "Rows Removed by Filter": 26082, "Actual Rows": 28073}], "Actual Rows": 28073}], "Actual Rows": 1}, "Triggers": [], "Planner Runtime": 87, "Total Runtime": 11431.111, "Unique SQL Id": 3913857139}}, "(16, 69)": {"explain_plan": {"Plan": {"Node Type": "Aggregate", "Strategy": "Plain", "Startup Cost": 169731.13, "Total Cost": 169731.14, "Plan Rows": 1, "Plan Width": 160, "Plans": [{"Node Type": "Nested Loop", "Parent Relationship": "Outer", "Join Type": "Inner", "Startup Cost": 4842.14, "Total Cost": 169720.53, "Plan Rows": 1413, "Plan Width": 64, "Inner Unique": true, "Plans": [{"Node Type": "Nested Loop", "Parent Relationship": "Outer", "Join Type": "Inner", "Startup Cost": 4842.14, "Total Cost": 169141.26, "Plan Rows": 1155, "Plan Width": 68, "Inner Unique": false, "Plans": [{"Node Type": "Nested Loop", "Parent Relationship": "Outer", "Join Type": "Inner", "Startup Cost": 4842.14, "Total Cost": 168079.63, "Plan Rows": 1044, "Plan Width": 76, "Inner Unique": true, "Join Filter": "(mi.movie_id = t.id)", "Plans": [{"Node Type": "Nested Loop", "Parent Relationship": "Outer", "Join Type": "Inner", "Startup Cost": 4842.14, "Total Cost": 167651.44, "Plan Rows": 1044, "Plan Width": 55, "Inner Unique": true, "Plans": [{"Node Type": "Nested Loop", "Parent Relationship": "Outer", "Join Type": "Inner", "Startup Cost": 4842.14, "Total Cost": 166471.96, "Plan Rows": 4175, "Plan Width": 59, "Inner Unique": false, "Plans": [{"Node Type": "Nested Loop", "Parent Relationship": "Outer", "Join Type": "Inner", "Startup Cost": 4842.14, "Total Cost": 164983.91, "Plan Rows": 2717, "Plan Width": 46, "Inner Unique": false, "Plans": [{"Node Type": "Index Scan", "Parent Relationship": "Outer", "Scan Direction": "Forward", "Index Name": "info_type_pkey", "Relation Name": "info_type", "Alias": "it1", "Startup Cost": 0.0, "Total Cost": 14.21, "Plan Rows": 1, "Plan Width": 4, "Filter": "((info)::text = 'genres'::text)"}, {"Node Type": "Bitmap Heap Scan", "Parent Relationship": "Inner", "Relation Name": "movie_info", "Alias": "mi", "Startup Cost": 4842.14, "Total Cost": 164942.53, "Plan Rows": 2717, "Plan Width": 50, "Recheck Cond": "(info_type_id = it1.id)", "Filter": "((info)::text = ANY ('{Horror,Action,Sci-Fi,Thriller,Crime,War}'::text[]))", "Plans": [{"Node Type": "Bitmap Index Scan", "Parent Relationship": "Outer", "Index Name": "info_type_id_movie_info", "Startup Cost": 0.0, "Total Cost": 4841.46, "Plan Rows": 212428, "Plan Width": 0, "Index Cond": "(info_type_id = it1.id)"}]}]}, {"Node Type": "Index Scan", "Parent Relationship": "Inner", "Scan Direction": "Forward", "Index Name": "movie_id_movie_info_idx", "Relation Name": "movie_info_idx", "Alias": "mi_idx", "Startup Cost": 0.0, "Total Cost": 0.53, "Plan Rows": 2, "Plan Width": 13, "Index Cond": "(movie_id = mi.movie_id)"}]}, {"Node Type": "Index Scan", "Parent Relationship": "Inner", "Scan Direction": "Forward", "Index Name": "info_type_pkey", "Relation Name": "info_type", "Alias": "it2", "Startup Cost": 0.0, "Total Cost": 0.27, "Plan Rows": 1, "Plan Width": 4, "Index Cond": "(id = mi_idx.info_type_id)", "Filter": "((info)::text = 'votes'::text)"}]}, {"Node Type": "Index Scan", "Parent Relationship": "Inner", "Scan Direction": "Forward", "Index Name": "title_pkey", "Relation Name": "title", "Alias": "t", "Startup Cost": 0.0, "Total Cost": 0.4, "Plan Rows": 1, "Plan Width": 21, "Index Cond": "(id = mi_idx.movie_id)"}]}, {"Node Type": "Index Scan", "Parent Relationship": "Inner", "Scan Direction": "Forward", "Index Name": "movie_id_cast_info", "Relation Name": "cast_info", "Alias": "ci", "Startup Cost": 0.0, "Total Cost": 1.01, "Plan Rows": 1, "Plan Width": 8, "Index Cond": "(movie_id = t.id)", "Filter": "((note)::text = ANY ('{(writer),\"(head writer)\",\"(written by)\",(story),\"(story editor)\"}'::text[]))"}]}, {"Node Type": "Index Scan", "Parent Relationship": "Inner", "Scan Direction": "Forward", "Index Name": "name_pkey", "Relation Name": "name", "Alias": "n", "Startup Cost": 0.0, "Total Cost": 0.49, "Plan Rows": 1, "Plan Width": 4, "Index Cond": "(id = ci.person_id)", "Filter": "((gender)::text = 'm'::text)"}]}]}, "Unique SQL Id": 3913857139, "Planner Runtime": 34}, "explain_analyze_plan": {"Plan": {"Node Type": "Aggregate", "Strategy": "Plain", "Startup Cost": 169731.13, "Total Cost": 169731.14, "Plan Rows": 1, "Plan Width": 160, "Actual Startup Time": 12968.135, "Actual Total Time": 12968.135, "Actual Rows": 1, "Actual Loops": 1, "Plans": [{"Node Type": "Nested Loop", "Parent Relationship": "Outer", "Join Type": "Inner", "Startup Cost": 4842.14, "Total Cost": 169720.53, "Plan Rows": 1413, "Plan Width": 64, "Actual Startup Time": 184.302, "Actual Total Time": 12931.015, "Actual Rows": 28073, "Actual Loops": 1, "Inner Unique": true, "Plans": [{"Node Type": "Nested Loop", "Parent Relationship": "Outer", "Join Type": "Inner", "Startup Cost": 4842.14, "Total Cost": 169141.26, "Plan Rows": 1155, "Plan Width": 68, "Actual Startup Time": 181.84, "Actual Total Time": 12502.616, "Actual Rows": 54155, "Actual Loops": 1, "Inner Unique": false, "Plans": [{"Node Type": "Nested Loop", "Parent Relationship": "Outer", "Join Type": "Inner", "Startup Cost": 4842.14, "Total Cost": 168079.63, "Plan Rows": 1044, "Plan Width": 76, "Actual Startup Time": 178.896, "Actual Total Time": 3347.973, "Actual Rows": 102516, "Actual Loops": 1, "Inner Unique": true, "Join Filter": "(mi.movie_id = t.id)", "Rows Removed by Join Filter": 0, "Plans": [{"Node Type": "Nested Loop", "Parent Relationship": "Outer", "Join Type": "Inner", "Startup Cost": 4842.14, "Total Cost": 167651.44, "Plan Rows": 1044, "Plan Width": 55, "Actual Startup Time": 178.878, "Actual Total Time": 2777.15, "Actual Rows": 102516, "Actual Loops": 1, "Inner Unique": true, "Plans": [{"Node Type": "Nested Loop", "Parent Relationship": "Outer", "Join Type": "Inner", "Startup Cost": 4842.14, "Total Cost": 166471.96, "Plan Rows": 4175, "Plan Width": 59, "Actual Startup Time": 178.852, "Actual Total Time": 2027.523, "Actual Rows": 307785, "Actual Loops": 1, "Inner Unique": false, "Plans": [{"Node Type": "Nested Loop", "Parent Relationship": "Outer", "Join Type": "Inner", "Startup Cost": 4842.14, "Total Cost": 164983.91, "Plan Rows": 2717, "Plan Width": 46, "Actual Startup Time": 178.821, "Actual Total Time": 1170.201, "Actual Rows": 186594, "Actual Loops": 1, "Inner Unique": false, "Plans": [{"Node Type": "Index Scan", "Parent Relationship": "Outer", "Scan Direction": "Forward", "Index Name": "info_type_pkey", "Relation Name": "info_type", "Alias": "it1", "Startup Cost": 0.0, "Total Cost": 14.21, "Plan Rows": 1, "Plan Width": 4, "Actual Startup Time": 0.023, "Actual Total Time": 0.074, "Actual Rows": 1, "Actual Loops": 1, "Filter": "((info)::text = 'genres'::text)", "Rows Removed by Filter": 111}, {"Node Type": "Bitmap Heap Scan", "Parent Relationship": "Inner", "Relation Name": "movie_info", "Alias": "mi", "Startup Cost": 4842.14, "Total Cost": 164942.53, "Plan Rows": 2717, "Plan Width": 50, "Actual Startup Time": 178.792, "Actual Total Time": 1124.512, "Actual Rows": 186594, "Actual Loops": 1, "Recheck Cond": "(info_type_id = it1.id)", "Rows Removed by Index Recheck": 0, "Filter": "((info)::text = ANY ('{Horror,Action,Sci-Fi,Thriller,Crime,War}'::text[]))", "Rows Removed by Filter": 1347315, "Exact Heap Blocks": 7426, "Lossy Heap Blocks": 7426, "Plans": [{"Node Type": "Bitmap Index Scan", "Parent Relationship": "Outer", "Index Name": "info_type_id_movie_info", "Startup Cost": 0.0, "Total Cost": 4841.46, "Plan Rows": 212428, "Plan Width": 0, "Actual Startup Time": 177.414, "Actual Total Time": 177.414, "Actual Rows": 1533909, "Actual Loops": 1, "Index Cond": "(info_type_id = it1.id)"}]}]}, {"Node Type": "Index Scan", "Parent Relationship": "Inner", "Scan Direction": "Forward", "Index Name": "movie_id_movie_info_idx", "Relation Name": "movie_info_idx", "Alias": "mi_idx", "Startup Cost": 0.0, "Total Cost": 0.53, "Plan Rows": 2, "Plan Width": 13, "Actual Startup Time": 551.966, "Actual Total Time": 679.576, "Actual Rows": 307785, "Actual Loops": 186594, "Index Cond": "(movie_id = mi.movie_id)", "Rows Removed by Index Recheck": 0}]}, {"Node Type": "Index Scan", "Parent Relationship": "Inner", "Scan Direction": "Forward", "Index Name": "info_type_pkey", "Relation Name": "info_type", "Alias": "it2", "Startup Cost": 0.0, "Total Cost": 0.27, "Plan Rows": 1, "Plan Width": 4, "Actual Startup Time": 567.478, "Actual Total Time": 567.478, "Actual Rows": 102516, "Actual Loops": 307785, "Index Cond": "(id = mi_idx.info_type_id)", "Rows Removed by Index Recheck": 0, "Filter": "((info)::text = 'votes'::text)", "Rows Removed by Filter": 205269}]}, {"Node Type": "Index Scan", "Parent Relationship": "Inner", "Scan Direction": "Forward", "Index Name": "title_pkey", "Relation Name": "title", "Alias": "t", "Startup Cost": 0.0, "Total Cost": 0.4, "Plan Rows": 1, "Plan Width": 21, "Actual Startup Time": 450.604, "Actual Total Time": 450.604, "Actual Rows": 102516, "Actual Loops": 102516, "Index Cond": "(id = mi_idx.movie_id)", "Rows Removed by Index Recheck": 0}]}, {"Node Type": "Index Scan", "Parent Relationship": "Inner", "Scan Direction": "Forward", "Index Name": "movie_id_cast_info", "Relation Name": "cast_info", "Alias": "ci", "Startup Cost": 0.0, "Total Cost": 1.01, "Plan Rows": 1, "Plan Width": 8, "Actual Startup Time": 7737.744, "Actual Total Time": 9080.501, "Actual Rows": 54155, "Actual Loops": 102516, "Index Cond": "(movie_id = t.id)", "Rows Removed by Index Recheck": 0, "Filter": "((note)::text = ANY ('{(writer),\"(head writer)\",\"(written by)\",(story),\"(story editor)\"}'::text[]))", "Rows Removed by Filter": 3987641}]}, {"Node Type": "Index Scan", "Parent Relationship": "Inner", "Scan Direction": "Forward", "Index Name": "name_pkey", "Relation Name": "name", "Alias": "n", "Startup Cost": 0.0, "Total Cost": 0.49, "Plan Rows": 1, "Plan Width": 4, "Actual Startup Time": 382.451, "Actual Total Time": 382.451, "Actual Rows": 28073, "Actual Loops": 54155, "Index Cond": "(id = ci.person_id)", "Rows Removed by Index Recheck": 0, "Filter": "((gender)::text = 'm'::text)", "Rows Removed by Filter": 26082}]}]}, "Triggers": [], "Planner Runtime": 23, "Total Runtime": 12968.437, "Unique SQL Id": 3913857139}}, "(16, 70)": {"explain_plan": {"Plan": {"Node Type": "Aggregate", "Strategy": "Plain", "Startup Cost": 71747.63, "Total Cost": 71747.64, "Plan Rows": 1, "Plan Width": 160, "Plans": [{"Node Type": "Nested Loop", "Parent Relationship": "Outer", "Join Type": "Inner", "Startup Cost": 6.3, "Total Cost": 71737.03, "Plan Rows": 1413, "Plan Width": 64, "Inner Unique": true, "Plans": [{"Node Type": "Nested Loop", "Parent Relationship": "Outer", "Join Type": "Inner", "Startup Cost": 5.99, "Total Cost": 66731.61, "Plan Rows": 1155, "Plan Width": 68, "Inner Unique": false, "Plans": [{"Node Type": "Nested Loop", "Parent Relationship": "Outer", "Join Type": "Inner", "Startup Cost": 5.48, "Total Cost": 61888.94, "Plan Rows": 1044, "Plan Width": 76, "Inner Unique": true, "Join Filter": "(mi.movie_id = t.id)", "Plans": [{"Node Type": "Hash Join", "Parent Relationship": "Outer", "Join Type": "Inner", "Startup Cost": 5.19, "Total Cost": 57389.75, "Plan Rows": 1044, "Plan Width": 55, "Inner Unique": true, "Hash Cond": "(mi_idx.info_type_id = it2.id)", "Plans": [{"Node Type": "Nested Loop", "Parent Relationship": "Outer", "Join Type": "Inner", "Startup Cost": 2.78, "Total Cost": 57366.43, "Plan Rows": 4175, "Plan Width": 59, "Inner Unique": false, "Plans": [{"Node Type": "Hash Join", "Parent Relationship": "Outer", "Join Type": "Inner", "Startup Cost": 2.41, "Total Cost": 45379.0, "Plan Rows": 2717, "Plan Width": 46, "Inner Unique": true, "Hash Cond": "(mi.info_type_id = it1.id)", "Plans": [{"Node Type": "Streaming(type: LOCAL GATHER dop: 1/16)", "Parent Relationship": "Outer", "Startup Cost": 0.0, "Total Cost": 44636.28, "Plan Rows": 190170, "Plan Width": 50, "Plans": [{"Node Type": "Seq Scan", "Parent Relationship": "Outer", "Relation Name": "movie_info", "Alias": "mi", "Startup Cost": 0.0, "Total Cost": 40532.03, "Plan Rows": 190170, "Plan Width": 50, "Filter": "((info)::text = ANY ('{Horror,Action,Sci-Fi,Thriller,Crime,War}'::text[]))"}]}, {"Node Type": "Hash", "Parent Relationship": "Inner", "Startup Cost": 2.4, "Total Cost": 2.4, "Plan Rows": 1, "Plan Width": 4, "Plans": [{"Node Type": "Seq Scan", "Parent Relationship": "Outer", "Relation Name": "info_type", "Alias": "it1", "Startup Cost": 0.0, "Total Cost": 2.4, "Plan Rows": 1, "Plan Width": 4, "Filter": "((info)::text = 'genres'::text)"}]}]}, {"Node Type": "Bitmap Heap Scan", "Parent Relationship": "Inner", "Relation Name": "movie_info_idx", "Alias": "mi_idx", "Startup Cost": 0.37, "Total Cost": 4.39, "Plan Rows": 2, "Plan Width": 13, "Recheck Cond": "(movie_id = mi.movie_id)", "Plans": [{"Node Type": "Bitmap Index Scan", "Parent Relationship": "Outer", "Index Name": "movie_id_movie_info_idx", "Startup Cost": 0.0, "Total Cost": 0.37, "Plan Rows": 2, "Plan Width": 0, "Index Cond": "(movie_id = mi.movie_id)"}]}]}, {"Node Type": "Hash", "Parent Relationship": "Inner", "Startup Cost": 2.4, "Total Cost": 2.4, "Plan Rows": 1, "Plan Width": 4, "Plans": [{"Node Type": "Seq Scan", "Parent Relationship": "Outer", "Relation Name": "info_type", "Alias": "it2", "Startup Cost": 0.0, "Total Cost": 2.4, "Plan Rows": 1, "Plan Width": 4, "Filter": "((info)::text = 'votes'::text)"}]}]}, {"Node Type": "Bitmap Heap Scan", "Parent Relationship": "Inner", "Relation Name": "title", "Alias": "t", "Startup Cost": 0.28, "Total Cost": 4.3, "Plan Rows": 1, "Plan Width": 21, "Recheck Cond": "(id = mi_idx.movie_id)", "Plans": [{"Node Type": "Bitmap Index Scan", "Parent Relationship": "Outer", "Index Name": "title_pkey", "Startup Cost": 0.0, "Total Cost": 0.28, "Plan Rows": 1, "Plan Width": 0, "Index Cond": "(id = mi_idx.movie_id)"}]}]}, {"Node Type": "Bitmap Heap Scan", "Parent Relationship": "Inner", "Relation Name": "cast_info", "Alias": "ci", "Startup Cost": 0.52, "Total Cost": 4.63, "Plan Rows": 1, "Plan Width": 8, "Recheck Cond": "(movie_id = t.id)", "Filter": "((note)::text = ANY ('{(writer),\"(head writer)\",\"(written by)\",(story),\"(story editor)\"}'::text[]))", "Plans": [{"Node Type": "Bitmap Index Scan", "Parent Relationship": "Outer", "Index Name": "movie_id_cast_info", "Startup Cost": 0.0, "Total Cost": 0.52, "Plan Rows": 6, "Plan Width": 0, "Index Cond": "(movie_id = t.id)"}]}]}, {"Node Type": "Bitmap Heap Scan", "Parent Relationship": "Inner", "Relation Name": "name", "Alias": "n", "Startup Cost": 0.31, "Total Cost": 4.32, "Plan Rows": 1, "Plan Width": 4, "Recheck Cond": "(id = ci.person_id)", "Filter": "((gender)::text = 'm'::text)", "Plans": [{"Node Type": "Bitmap Index Scan", "Parent Relationship": "Outer", "Index Name": "name_pkey", "Startup Cost": 0.0, "Total Cost": 0.31, "Plan Rows": 1, "Plan Width": 0, "Index Cond": "(id = ci.person_id)"}]}]}]}, "Unique SQL Id": 3913857139, "Planner Runtime": 99}, "explain_analyze_plan": {"Plan": {"Node Type": "Aggregate", "Strategy": "Plain", "Startup Cost": 71747.63, "Total Cost": 71747.64, "Plan Rows": 1, "Plan Width": 160, "Actual Min Startup Time": 14120.237, "Actual Max Startup Time": 14120.237, "Actual Min Total Time": 14120.237, "Actual Max Total Time": 14120.237, "Plans": [{"Node Type": "Nested Loop", "Parent Relationship": "Outer", "Join Type": "Inner", "Startup Cost": 6.3, "Total Cost": 71737.03, "Plan Rows": 1413, "Plan Width": 64, "Actual Min Startup Time": 420.288, "Actual Max Startup Time": 420.288, "Actual Min Total Time": 14074.02, "Actual Max Total Time": 14074.02, "Inner Unique": true, "Plans": [{"Node Type": "Nested Loop", "Parent Relationship": "Outer", "Join Type": "Inner", "Startup Cost": 5.99, "Total Cost": 66731.61, "Plan Rows": 1155, "Plan Width": 68, "Actual Min Startup Time": 420.214, "Actual Max Startup Time": 420.214, "Actual Min Total Time": 13537.319, "Actual Max Total Time": 13537.319, "Inner Unique": false, "Plans": [{"Node Type": "Nested Loop", "Parent Relationship": "Outer", "Join Type": "Inner", "Startup Cost": 5.48, "Total Cost": 61888.94, "Plan Rows": 1044, "Plan Width": 76, "Actual Min Startup Time": 420.164, "Actual Max Startup Time": 420.164, "Actual Min Total Time": 2606.215, "Actual Max Total Time": 2606.215, "Inner Unique": true, "Join Filter": "(mi.movie_id = t.id)", "Rows Removed by Join Filter": 0, "Plans": [{"Node Type": "Hash Join", "Parent Relationship": "Outer", "Join Type": "Inner", "Startup Cost": 5.19, "Total Cost": 57389.75, "Plan Rows": 1044, "Plan Width": 55, "Actual Min Startup Time": 420.138, "Actual Max Startup Time": 420.138, "Actual Min Total Time": 1842.669, "Actual Max Total Time": 1842.669, "Inner Unique": true, "Hash Cond": "(mi_idx.info_type_id = it2.id)", "Plans": [{"Node Type": "Nested Loop", "Parent Relationship": "Outer", "Join Type": "Inner", "Startup Cost": 2.78, "Total Cost": 57366.43, "Plan Rows": 4175, "Plan Width": 59, "Actual Min Startup Time": 420.0, "Actual Max Startup Time": 420.0, "Actual Min Total Time": 1736.972, "Actual Max Total Time": 1736.972, "Inner Unique": false, "Plans": [{"Node Type": "Hash Join", "Parent Relationship": "Outer", "Join Type": "Inner", "Startup Cost": 2.41, "Total Cost": 45379.0, "Plan Rows": 2717, "Plan Width": 46, "Actual Min Startup Time": 419.938, "Actual Max Startup Time": 419.938, "Actual Min Total Time": 592.2, "Actual Max Total Time": 592.2, "Inner Unique": true, "Hash Cond": "(mi.info_type_id = it1.id)", "Plans": [{"Node Type": "Streaming(type: LOCAL GATHER dop: 1/16)", "Parent Relationship": "Outer", "Startup Cost": 0.0, "Total Cost": 44636.28, "Plan Rows": 190170, "Plan Width": 50, "Actual Min Startup Time": 297.82, "Actual Max Startup Time": 297.82, "Actual Min Total Time": 480.846, "Actual Max Total Time": 480.846, "Plans": [{"Node Type": "Seq Scan", "Parent Relationship": "Outer", "Relation Name": "movie_info", "Alias": "mi", "Startup Cost": 0.0, "Total Cost": 40532.03, "Plan Rows": 190170, "Plan Width": 50, "Actual Min Startup Time": 226.092, "Actual Max Startup Time": 410.021, "Actual Min Total Time": 457.807, "Actual Max Total Time": 472.109, "Filter": "((info)::text = ANY ('{Horror,Action,Sci-Fi,Thriller,Crime,War}'::text[]))", "Rows Removed by Filter": 14646748, "Actual Rows": 188971}], "Actual Rows": 188971}, {"Node Type": "Hash", "Parent Relationship": "Inner", "Startup Cost": 2.4, "Total Cost": 2.4, "Plan Rows": 1, "Plan Width": 4, "Actual Min Startup Time": 0.049, "Actual Max Startup Time": 0.049, "Actual Min Total Time": 0.049, "Actual Max Total Time": 0.049, "Max Hash Buckets": 32768, "Min Hash Buckets": 32768, "Max Hash Batches": 1, "Min Hash Batches": 1, "Max Original Hash Batches": 1, "Min Original Hash Batches": 1, "Max Peak Memory Usage": 1, "min Peak Memory Usage": 1, "Plans": [{"Node Type": "Seq Scan", "Parent Relationship": "Outer", "Relation Name": "info_type", "Alias": "it1", "Startup Cost": 0.0, "Total Cost": 2.4, "Plan Rows": 1, "Plan Width": 4, "Actual Min Startup Time": 0.026, "Actual Max Startup Time": 0.026, "Actual Min Total Time": 0.048, "Actual Max Total Time": 0.048, "Filter": "((info)::text = 'genres'::text)", "Rows Removed by Filter": 111, "Actual Rows": 1}], "Actual Rows": 1}], "Actual Rows": 186594}, {"Node Type": "Bitmap Heap Scan", "Parent Relationship": "Inner", "Relation Name": "movie_info_idx", "Alias": "mi_idx", "Startup Cost": 0.37, "Total Cost": 4.39, "Plan Rows": 2, "Plan Width": 13, "Actual Min Startup Time": 786.648, "Actual Max Startup Time": 786.648, "Actual Min Total Time": 833.417, "Actual Max Total Time": 833.417, "Recheck Cond": "(movie_id = mi.movie_id)", "Rows Removed by Index Recheck": 0, "Exact Heap Blocks": 103610, "Lossy Heap Blocks": 103610, "Plans": [{"Node Type": "Bitmap Index Scan", "Parent Relationship": "Outer", "Index Name": "movie_id_movie_info_idx", "Startup Cost": 0.0, "Total Cost": 0.37, "Plan Rows": 2, "Plan Width": 0, "Actual Min Startup Time": 532.288, "Actual Max Startup Time": 532.288, "Actual Min Total Time": 532.288, "Actual Max Total Time": 532.288, "Index Cond": "(movie_id = mi.movie_id)", "Actual Rows": 307785}], "Actual Rows": 307785}], "Actual Rows": 307785}, {"Node Type": "Hash", "Parent Relationship": "Inner", "Startup Cost": 2.4, "Total Cost": 2.4, "Plan Rows": 1, "Plan Width": 4, "Actual Min Startup Time": 0.088, "Actual Max Startup Time": 0.088, "Actual Min Total Time": 0.088, "Actual Max Total Time": 0.088, "Max Hash Buckets": 32768, "Min Hash Buckets": 32768, "Max Hash Batches": 1, "Min Hash Batches": 1, "Max Original Hash Batches": 1, "Min Original Hash Batches": 1, "Max Peak Memory Usage": 1, "min Peak Memory Usage": 1, "Plans": [{"Node Type": "Seq Scan", "Parent Relationship": "Outer", "Relation Name": "info_type", "Alias": "it2", "Startup Cost": 0.0, "Total Cost": 2.4, "Plan Rows": 1, "Plan Width": 4, "Actual Min Startup Time": 0.068, "Actual Max Startup Time": 0.068, "Actual Min Total Time": 0.073, "Actual Max Total Time": 0.073, "Filter": "((info)::text = 'votes'::text)", "Rows Removed by Filter": 111, "Actual Rows": 1}], "Actual Rows": 1}], "Actual Rows": 102516}, {"Node Type": "Bitmap Heap Scan", "Parent Relationship": "Inner", "Relation Name": "title", "Alias": "t", "Startup Cost": 0.28, "Total Cost": 4.3, "Plan Rows": 1, "Plan Width": 21, "Actual Min Startup Time": 586.533, "Actual Max Startup Time": 586.533, "Actual Min Total Time": 586.533, "Actual Max Total Time": 586.533, "Recheck Cond": "(id = mi_idx.movie_id)", "Rows Removed by Index Recheck": 0, "Exact Heap Blocks": 102516, "Lossy Heap Blocks": 102516, "Plans": [{"Node Type": "Bitmap Index Scan", "Parent Relationship": "Outer", "Index Name": "title_pkey", "Startup Cost": 0.0, "Total Cost": 0.28, "Plan Rows": 1, "Plan Width": 0, "Actual Min Startup Time": 316.38, "Actual Max Startup Time": 316.38, "Actual Min Total Time": 316.38, "Actual Max Total Time": 316.38, "Index Cond": "(id = mi_idx.movie_id)", "Actual Rows": 102516}], "Actual Rows": 102516}], "Actual Rows": 102516}, {"Node Type": "Bitmap Heap Scan", "Parent Relationship": "Inner", "Relation Name": "cast_info", "Alias": "ci", "Startup Cost": 0.52, "Total Cost": 4.63, "Plan Rows": 1, "Plan Width": 8, "Actual Min Startup Time": 9315.695, "Actual Max Startup Time": 9315.695, "Actual Min Total Time": 10768.773, "Actual Max Total Time": 10768.773, "Recheck Cond": "(movie_id = t.id)", "Rows Removed by Index Recheck": 0, "Filter": "((note)::text = ANY ('{(writer),\"(head writer)\",\"(written by)\",(story),\"(story editor)\"}'::text[]))", "Rows Removed by Filter": 3987641, "Exact Heap Blocks": 3901088, "Lossy Heap Blocks": 3901088, "Plans": [{"Node Type": "Bitmap Index Scan", "Parent Relationship": "Outer", "Index Name": "movie_id_cast_info", "Startup Cost": 0.0, "Total Cost": 0.52, "Plan Rows": 6, "Plan Width": 0, "Actual Min Startup Time": 1110.581, "Actual Max Startup Time": 1110.581, "Actual Min Total Time": 1110.581, "Actual Max Total Time": 1110.581, "Index Cond": "(movie_id = t.id)", "Actual Rows": 4041796}], "Actual Rows": 54155}], "Actual Rows": 54155}, {"Node Type": "Bitmap Heap Scan", "Parent Relationship": "Inner", "Relation Name": "name", "Alias": "n", "Startup Cost": 0.31, "Total Cost": 4.32, "Plan Rows": 1, "Plan Width": 4, "Actual Min Startup Time": 447.166, "Actual Max Startup Time": 447.166, "Actual Min Total Time": 447.166, "Actual Max Total Time": 447.166, "Recheck Cond": "(id = ci.person_id)", "Rows Removed by Index Recheck": 0, "Filter": "((gender)::text = 'm'::text)", "Rows Removed by Filter": 26082, "Exact Heap Blocks": 54155, "Lossy Heap Blocks": 54155, "Plans": [{"Node Type": "Bitmap Index Scan", "Parent Relationship": "Outer", "Index Name": "name_pkey", "Startup Cost": 0.0, "Total Cost": 0.31, "Plan Rows": 1, "Plan Width": 0, "Actual Min Startup Time": 286.34, "Actual Max Startup Time": 286.34, "Actual Min Total Time": 286.34, "Actual Max Total Time": 286.34, "Index Cond": "(id = ci.person_id)", "Actual Rows": 54155}], "Actual Rows": 28073}], "Actual Rows": 28073}], "Actual Rows": 1}, "Triggers": [], "Planner Runtime": 91, "Total Runtime": 14122.971, "Unique SQL Id": 3913857139}}, "(16, 71)": {"explain_plan": {"Plan": {"Node Type": "Aggregate", "Strategy": "Plain", "Startup Cost": 191364.35, "Total Cost": 191364.36, "Plan Rows": 1, "Plan Width": 160, "Plans": [{"Node Type": "Nested Loop", "Parent Relationship": "Outer", "Join Type": "Inner", "Startup Cost": 4866.65, "Total Cost": 191353.75, "Plan Rows": 1413, "Plan Width": 64, "Inner Unique": true, "Plans": [{"Node Type": "Nested Loop", "Parent Relationship": "Outer", "Join Type": "Inner", "Startup Cost": 4866.34, "Total Cost": 186348.33, "Plan Rows": 1155, "Plan Width": 68, "Inner Unique": false, "Plans": [{"Node Type": "Nested Loop", "Parent Relationship": "Outer", "Join Type": "Inner", "Startup Cost": 4865.82, "Total Cost": 181505.66, "Plan Rows": 1044, "Plan Width": 76, "Inner Unique": true, "Join Filter": "(mi.movie_id = t.id)", "Plans": [{"Node Type": "Hash Join", "Parent Relationship": "Outer", "Join Type": "Inner", "Startup Cost": 4865.54, "Total Cost": 177006.47, "Plan Rows": 1044, "Plan Width": 55, "Inner Unique": true, "Hash Cond": "(mi_idx.info_type_id = it2.id)", "Plans": [{"Node Type": "Nested Loop", "Parent Relationship": "Outer", "Join Type": "Inner", "Startup Cost": 4851.32, "Total Cost": 176971.34, "Plan Rows": 4175, "Plan Width": 59, "Inner Unique": false, "Plans": [{"Node Type": "Nested Loop", "Parent Relationship": "Outer", "Join Type": "Inner", "Startup Cost": 4850.95, "Total Cost": 164983.91, "Plan Rows": 2717, "Plan Width": 46, "Inner Unique": false, "Plans": [{"Node Type": "Bitmap Heap Scan", "Parent Relationship": "Outer", "Relation Name": "info_type", "Alias": "it1", "Startup Cost": 8.81, "Total Cost": 14.21, "Plan Rows": 1, "Plan Width": 4, "Filter": "((info)::text = 'genres'::text)", "Plans": [{"Node Type": "Bitmap Index Scan", "Parent Relationship": "Outer", "Index Name": "info_type_pkey", "Startup Cost": 0.0, "Total Cost": 8.81, "Plan Rows": 112, "Plan Width": 0}]}, {"Node Type": "Bitmap Heap Scan", "Parent Relationship": "Inner", "Relation Name": "movie_info", "Alias": "mi", "Startup Cost": 4842.14, "Total Cost": 164942.53, "Plan Rows": 2717, "Plan Width": 50, "Recheck Cond": "(info_type_id = it1.id)", "Filter": "((info)::text = ANY ('{Horror,Action,Sci-Fi,Thriller,Crime,War}'::text[]))", "Plans": [{"Node Type": "Bitmap Index Scan", "Parent Relationship": "Outer", "Index Name": "info_type_id_movie_info", "Startup Cost": 0.0, "Total Cost": 4841.46, "Plan Rows": 212428, "Plan Width": 0, "Index Cond": "(info_type_id = it1.id)"}]}]}, {"Node Type": "Bitmap Heap Scan", "Parent Relationship": "Inner", "Relation Name": "movie_info_idx", "Alias": "mi_idx", "Startup Cost": 0.37, "Total Cost": 4.39, "Plan Rows": 2, "Plan Width": 13, "Recheck Cond": "(movie_id = mi.movie_id)", "Plans": [{"Node Type": "Bitmap Index Scan", "Parent Relationship": "Outer", "Index Name": "movie_id_movie_info_idx", "Startup Cost": 0.0, "Total Cost": 0.37, "Plan Rows": 2, "Plan Width": 0, "Index Cond": "(movie_id = mi.movie_id)"}]}]}, {"Node Type": "Hash", "Parent Relationship": "Inner", "Startup Cost": 14.21, "Total Cost": 14.21, "Plan Rows": 1, "Plan Width": 4, "Plans": [{"Node Type": "Bitmap Heap Scan", "Parent Relationship": "Outer", "Relation Name": "info_type", "Alias": "it2", "Startup Cost": 8.81, "Total Cost": 14.21, "Plan Rows": 1, "Plan Width": 4, "Filter": "((info)::text = 'votes'::text)", "Plans": [{"Node Type": "Bitmap Index Scan", "Parent Relationship": "Outer", "Index Name": "info_type_pkey", "Startup Cost": 0.0, "Total Cost": 8.81, "Plan Rows": 112, "Plan Width": 0}]}]}]}, {"Node Type": "Bitmap Heap Scan", "Parent Relationship": "Inner", "Relation Name": "title", "Alias": "t", "Startup Cost": 0.28, "Total Cost": 4.3, "Plan Rows": 1, "Plan Width": 21, "Recheck Cond": "(id = mi_idx.movie_id)", "Plans": [{"Node Type": "Bitmap Index Scan", "Parent Relationship": "Outer", "Index Name": "title_pkey", "Startup Cost": 0.0, "Total Cost": 0.28, "Plan Rows": 1, "Plan Width": 0, "Index Cond": "(id = mi_idx.movie_id)"}]}]}, {"Node Type": "Bitmap Heap Scan", "Parent Relationship": "Inner", "Relation Name": "cast_info", "Alias": "ci", "Startup Cost": 0.52, "Total Cost": 4.63, "Plan Rows": 1, "Plan Width": 8, "Recheck Cond": "(movie_id = t.id)", "Filter": "((note)::text = ANY ('{(writer),\"(head writer)\",\"(written by)\",(story),\"(story editor)\"}'::text[]))", "Plans": [{"Node Type": "Bitmap Index Scan", "Parent Relationship": "Outer", "Index Name": "movie_id_cast_info", "Startup Cost": 0.0, "Total Cost": 0.52, "Plan Rows": 6, "Plan Width": 0, "Index Cond": "(movie_id = t.id)"}]}]}, {"Node Type": "Bitmap Heap Scan", "Parent Relationship": "Inner", "Relation Name": "name", "Alias": "n", "Startup Cost": 0.31, "Total Cost": 4.32, "Plan Rows": 1, "Plan Width": 4, "Recheck Cond": "(id = ci.person_id)", "Filter": "((gender)::text = 'm'::text)", "Plans": [{"Node Type": "Bitmap Index Scan", "Parent Relationship": "Outer", "Index Name": "name_pkey", "Startup Cost": 0.0, "Total Cost": 0.31, "Plan Rows": 1, "Plan Width": 0, "Index Cond": "(id = ci.person_id)"}]}]}]}, "Unique SQL Id": 3913857139, "Planner Runtime": 32}, "explain_analyze_plan": {"Plan": {"Node Type": "Aggregate", "Strategy": "Plain", "Startup Cost": 191364.35, "Total Cost": 191364.36, "Plan Rows": 1, "Plan Width": 160, "Actual Startup Time": 14478.476, "Actual Total Time": 14478.476, "Actual Rows": 1, "Actual Loops": 1, "Plans": [{"Node Type": "Nested Loop", "Parent Relationship": "Outer", "Join Type": "Inner", "Startup Cost": 4866.65, "Total Cost": 191353.75, "Plan Rows": 1413, "Plan Width": 64, "Actual Startup Time": 181.639, "Actual Total Time": 14430.03, "Actual Rows": 28073, "Actual Loops": 1, "Inner Unique": true, "Plans": [{"Node Type": "Nested Loop", "Parent Relationship": "Outer", "Join Type": "Inner", "Startup Cost": 4866.34, "Total Cost": 186348.33, "Plan Rows": 1155, "Plan Width": 68, "Actual Startup Time": 178.932, "Actual Total Time": 13902.05, "Actual Rows": 54155, "Actual Loops": 1, "Inner Unique": false, "Plans": [{"Node Type": "Nested Loop", "Parent Relationship": "Outer", "Join Type": "Inner", "Startup Cost": 4865.82, "Total Cost": 181505.66, "Plan Rows": 1044, "Plan Width": 76, "Actual Startup Time": 175.815, "Actual Total Time": 3145.327, "Actual Rows": 102516, "Actual Loops": 1, "Inner Unique": true, "Join Filter": "(mi.movie_id = t.id)", "Rows Removed by Join Filter": 0, "Plans": [{"Node Type": "Hash Join", "Parent Relationship": "Outer", "Join Type": "Inner", "Startup Cost": 4865.54, "Total Cost": 177006.47, "Plan Rows": 1044, "Plan Width": 55, "Actual Startup Time": 175.79, "Actual Total Time": 2401.505, "Actual Rows": 102516, "Actual Loops": 1, "Inner Unique": true, "Hash Cond": "(mi_idx.info_type_id = it2.id)", "Plans": [{"Node Type": "Nested Loop", "Parent Relationship": "Outer", "Join Type": "Inner", "Startup Cost": 4851.32, "Total Cost": 176971.34, "Plan Rows": 4175, "Plan Width": 59, "Actual Startup Time": 175.655, "Actual Total Time": 2289.636, "Actual Rows": 307785, "Actual Loops": 1, "Inner Unique": false, "Plans": [{"Node Type": "Nested Loop", "Parent Relationship": "Outer", "Join Type": "Inner", "Startup Cost": 4850.95, "Total Cost": 164983.91, "Plan Rows": 2717, "Plan Width": 46, "Actual Startup Time": 175.611, "Actual Total Time": 1165.286, "Actual Rows": 186594, "Actual Loops": 1, "Inner Unique": false, "Plans": [{"Node Type": "Bitmap Heap Scan", "Parent Relationship": "Outer", "Relation Name": "info_type", "Alias": "it1", "Startup Cost": 8.81, "Total Cost": 14.21, "Plan Rows": 1, "Plan Width": 4, "Actual Startup Time": 0.029, "Actual Total Time": 0.06, "Actual Rows": 1, "Actual Loops": 1, "Filter": "((info)::text = 'genres'::text)", "Rows Removed by Filter": 111, "Exact Heap Blocks": 1, "Lossy Heap Blocks": 1, "Plans": [{"Node Type": "Bitmap Index Scan", "Parent Relationship": "Outer", "Index Name": "info_type_pkey", "Startup Cost": 0.0, "Total Cost": 8.81, "Plan Rows": 112, "Plan Width": 0, "Actual Startup Time": 0.009, "Actual Total Time": 0.009, "Actual Rows": 112, "Actual Loops": 1}]}, {"Node Type": "Bitmap Heap Scan", "Parent Relationship": "Inner", "Relation Name": "movie_info", "Alias": "mi", "Startup Cost": 4842.14, "Total Cost": 164942.53, "Plan Rows": 2717, "Plan Width": 50, "Actual Startup Time": 175.576, "Actual Total Time": 1120.064, "Actual Rows": 186594, "Actual Loops": 1, "Recheck Cond": "(info_type_id = it1.id)", "Rows Removed by Index Recheck": 0, "Filter": "((info)::text = ANY ('{Horror,Action,Sci-Fi,Thriller,Crime,War}'::text[]))", "Rows Removed by Filter": 1347315, "Exact Heap Blocks": 7426, "Lossy Heap Blocks": 7426, "Plans": [{"Node Type": "Bitmap Index Scan", "Parent Relationship": "Outer", "Index Name": "info_type_id_movie_info", "Startup Cost": 0.0, "Total Cost": 4841.46, "Plan Rows": 212428, "Plan Width": 0, "Actual Startup Time": 174.184, "Actual Total Time": 174.184, "Actual Rows": 1533909, "Actual Loops": 1, "Index Cond": "(info_type_id = it1.id)"}]}]}, {"Node Type": "Bitmap Heap Scan", "Parent Relationship": "Inner", "Relation Name": "movie_info_idx", "Alias": "mi_idx", "Startup Cost": 0.37, "Total Cost": 4.39, "Plan Rows": 2, "Plan Width": 13, "Actual Startup Time": 770.124, "Actual Total Time": 815.456, "Actual Rows": 307785, "Actual Loops": 186594, "Recheck Cond": "(movie_id = mi.movie_id)", "Rows Removed by Index Recheck": 0, "Exact Heap Blocks": 103610, "Lossy Heap Blocks": 103610, "Plans": [{"Node Type": "Bitmap Index Scan", "Parent Relationship": "Outer", "Index Name": "movie_id_movie_info_idx", "Startup Cost": 0.0, "Total Cost": 0.37, "Plan Rows": 2, "Plan Width": 0, "Actual Startup Time": 522.336, "Actual Total Time": 522.336, "Actual Rows": 307785, "Actual Loops": 186594, "Index Cond": "(movie_id = mi.movie_id)"}]}]}, {"Node Type": "Hash", "Parent Relationship": "Inner", "Startup Cost": 14.21, "Total Cost": 14.21, "Plan Rows": 1, "Plan Width": 4, "Actual Startup Time": 0.083, "Actual Total Time": 0.083, "Actual Rows": 1, "Actual Loops": 1, "Hash Buckets": 32768, "Hash Batches": 1, "Original Hash Batches": 1, "Peak Memory Usage": 1, "Plans": [{"Node Type": "Bitmap Heap Scan", "Parent Relationship": "Outer", "Relation Name": "info_type", "Alias": "it2", "Startup Cost": 8.81, "Total Cost": 14.21, "Plan Rows": 1, "Plan Width": 4, "Actual Startup Time": 0.075, "Actual Total Time": 0.078, "Actual Rows": 1, "Actual Loops": 1, "Filter": "((info)::text = 'votes'::text)", "Rows Removed by Filter": 111, "Exact Heap Blocks": 1, "Lossy Heap Blocks": 1, "Plans": [{"Node Type": "Bitmap Index Scan", "Parent Relationship": "Outer", "Index Name": "info_type_pkey", "Startup Cost": 0.0, "Total Cost": 8.81, "Plan Rows": 112, "Plan Width": 0, "Actual Startup Time": 0.015, "Actual Total Time": 0.015, "Actual Rows": 112, "Actual Loops": 1}]}]}]}, {"Node Type": "Bitmap Heap Scan", "Parent Relationship": "Inner", "Relation Name": "title", "Alias": "t", "Startup Cost": 0.28, "Total Cost": 4.3, "Plan Rows": 1, "Plan Width": 21, "Actual Startup Time": 567.24, "Actual Total Time": 567.24, "Actual Rows": 102516, "Actual Loops": 102516, "Recheck Cond": "(id = mi_idx.movie_id)", "Rows Removed by Index Recheck": 0, "Exact Heap Blocks": 102516, "Lossy Heap Blocks": 102516, "Plans": [{"Node Type": "Bitmap Index Scan", "Parent Relationship": "Outer", "Index Name": "title_pkey", "Startup Cost": 0.0, "Total Cost": 0.28, "Plan Rows": 1, "Plan Width": 0, "Actual Startup Time": 311.351, "Actual Total Time": 311.351, "Actual Rows": 102516, "Actual Loops": 102516, "Index Cond": "(id = mi_idx.movie_id)"}]}]}, {"Node Type": "Bitmap Heap Scan", "Parent Relationship": "Inner", "Relation Name": "cast_info", "Alias": "ci", "Startup Cost": 0.52, "Total Cost": 4.63, "Plan Rows": 1, "Plan Width": 8, "Actual Startup Time": 9158.039, "Actual Total Time": 10591.257, "Actual Rows": 54155, "Actual Loops": 102516, "Recheck Cond": "(movie_id = t.id)", "Rows Removed by Index Recheck": 0, "Filter": "((note)::text = ANY ('{(writer),\"(head writer)\",\"(written by)\",(story),\"(story editor)\"}'::text[]))", "Rows Removed by Filter": 3987641, "Exact Heap Blocks": 3901088, "Lossy Heap Blocks": 3901088, "Plans": [{"Node Type": "Bitmap Index Scan", "Parent Relationship": "Outer", "Index Name": "movie_id_cast_info", "Startup Cost": 0.0, "Total Cost": 0.52, "Plan Rows": 6, "Plan Width": 0, "Actual Startup Time": 1100.831, "Actual Total Time": 1100.831, "Actual Rows": 4041796, "Actual Loops": 102516, "Index Cond": "(movie_id = t.id)"}]}]}, {"Node Type": "Bitmap Heap Scan", "Parent Relationship": "Inner", "Relation Name": "name", "Alias": "n", "Startup Cost": 0.31, "Total Cost": 4.32, "Plan Rows": 1, "Plan Width": 4, "Actual Startup Time": 439.595, "Actual Total Time": 439.595, "Actual Rows": 28073, "Actual Loops": 54155, "Recheck Cond": "(id = ci.person_id)", "Rows Removed by Index Recheck": 0, "Filter": "((gender)::text = 'm'::text)", "Rows Removed by Filter": 26082, "Exact Heap Blocks": 54155, "Lossy Heap Blocks": 54155, "Plans": [{"Node Type": "Bitmap Index Scan", "Parent Relationship": "Outer", "Index Name": "name_pkey", "Startup Cost": 0.0, "Total Cost": 0.31, "Plan Rows": 1, "Plan Width": 0, "Actual Startup Time": 283.754, "Actual Total Time": 283.754, "Actual Rows": 54155, "Actual Loops": 54155, "Index Cond": "(id = ci.person_id)"}]}]}]}, "Triggers": [], "Planner Runtime": 16, "Total Runtime": 14478.771, "Unique SQL Id": 3913857139}}, "(16, 72)": {"explain_plan": {"Plan": {"Node Type": "Aggregate", "Strategy": "Plain", "Startup Cost": 48970.06, "Total Cost": 48970.07, "Plan Rows": 1, "Plan Width": 160, "Plans": [{"Node Type": "Nested Loop", "Parent Relationship": "Outer", "Join Type": "Inner", "Startup Cost": 4.83, "Total Cost": 48959.46, "Plan Rows": 1413, "Plan Width": 64, "Inner Unique": true, "Plans": [{"Node Type": "Nested Loop", "Parent Relationship": "Outer", "Join Type": "Inner", "Startup Cost": 4.83, "Total Cost": 48380.19, "Plan Rows": 1155, "Plan Width": 68, "Inner Unique": false, "Plans": [{"Node Type": "Nested Loop", "Parent Relationship": "Outer", "Join Type": "Inner", "Startup Cost": 4.83, "Total Cost": 47318.56, "Plan Rows": 1044, "Plan Width": 76, "Inner Unique": true, "Join Filter": "(mi.movie_id = t.id)", "Plans": [{"Node Type": "Hash Join", "Parent Relationship": "Outer", "Join Type": "Inner", "Startup Cost": 4.83, "Total Cost": 46890.37, "Plan Rows": 1044, "Plan Width": 55, "Inner Unique": true, "Hash Cond": "(mi_idx.info_type_id = it2.id)", "Plans": [{"Node Type": "Nested Loop", "Parent Relationship": "Outer", "Join Type": "Inner", "Startup Cost": 2.41, "Total Cost": 46867.05, "Plan Rows": 4175, "Plan Width": 59, "Inner Unique": false, "Plans": [{"Node Type": "Hash Join", "Parent Relationship": "Outer", "Join Type": "Inner", "Startup Cost": 2.41, "Total Cost": 45379.0, "Plan Rows": 2717, "Plan Width": 46, "Inner Unique": true, "Hash Cond": "(mi.info_type_id = it1.id)", "Plans": [{"Node Type": "Streaming(type: LOCAL GATHER dop: 1/16)", "Parent Relationship": "Outer", "Startup Cost": 0.0, "Total Cost": 44636.28, "Plan Rows": 190170, "Plan Width": 50, "Plans": [{"Node Type": "Seq Scan", "Parent Relationship": "Outer", "Relation Name": "movie_info", "Alias": "mi", "Startup Cost": 0.0, "Total Cost": 40532.03, "Plan Rows": 190170, "Plan Width": 50, "Filter": "((info)::text = ANY ('{Horror,Action,Sci-Fi,Thriller,Crime,War}'::text[]))"}]}, {"Node Type": "Hash", "Parent Relationship": "Inner", "Startup Cost": 2.4, "Total Cost": 2.4, "Plan Rows": 1, "Plan Width": 4, "Plans": [{"Node Type": "Seq Scan", "Parent Relationship": "Outer", "Relation Name": "info_type", "Alias": "it1", "Startup Cost": 0.0, "Total Cost": 2.4, "Plan Rows": 1, "Plan Width": 4, "Filter": "((info)::text = 'genres'::text)"}]}]}, {"Node Type": "Index Scan", "Parent Relationship": "Inner", "Scan Direction": "Forward", "Index Name": "movie_id_movie_info_idx", "Relation Name": "movie_info_idx", "Alias": "mi_idx", "Startup Cost": 0.0, "Total Cost": 0.53, "Plan Rows": 2, "Plan Width": 13, "Index Cond": "(movie_id = mi.movie_id)"}]}, {"Node Type": "Hash", "Parent Relationship": "Inner", "Startup Cost": 2.4, "Total Cost": 2.4, "Plan Rows": 1, "Plan Width": 4, "Plans": [{"Node Type": "Seq Scan", "Parent Relationship": "Outer", "Relation Name": "info_type", "Alias": "it2", "Startup Cost": 0.0, "Total Cost": 2.4, "Plan Rows": 1, "Plan Width": 4, "Filter": "((info)::text = 'votes'::text)"}]}]}, {"Node Type": "Index Scan", "Parent Relationship": "Inner", "Scan Direction": "Forward", "Index Name": "title_pkey", "Relation Name": "title", "Alias": "t", "Startup Cost": 0.0, "Total Cost": 0.4, "Plan Rows": 1, "Plan Width": 21, "Index Cond": "(id = mi_idx.movie_id)"}]}, {"Node Type": "Index Scan", "Parent Relationship": "Inner", "Scan Direction": "Forward", "Index Name": "movie_id_cast_info", "Relation Name": "cast_info", "Alias": "ci", "Startup Cost": 0.0, "Total Cost": 1.01, "Plan Rows": 1, "Plan Width": 8, "Index Cond": "(movie_id = t.id)", "Filter": "((note)::text = ANY ('{(writer),\"(head writer)\",\"(written by)\",(story),\"(story editor)\"}'::text[]))"}]}, {"Node Type": "Index Scan", "Parent Relationship": "Inner", "Scan Direction": "Forward", "Index Name": "name_pkey", "Relation Name": "name", "Alias": "n", "Startup Cost": 0.0, "Total Cost": 0.49, "Plan Rows": 1, "Plan Width": 4, "Index Cond": "(id = ci.person_id)", "Filter": "((gender)::text = 'm'::text)"}]}]}, "Unique SQL Id": 3913857139, "Planner Runtime": 93}, "explain_analyze_plan": {"Plan": {"Node Type": "Aggregate", "Strategy": "Plain", "Startup Cost": 48970.06, "Total Cost": 48970.07, "Plan Rows": 1, "Plan Width": 160, "Actual Min Startup Time": 11428.354, "Actual Max Startup Time": 11428.354, "Actual Min Total Time": 11428.354, "Actual Max Total Time": 11428.354, "Plans": [{"Node Type": "Nested Loop", "Parent Relationship": "Outer", "Join Type": "Inner", "Startup Cost": 4.83, "Total Cost": 48959.46, "Plan Rows": 1413, "Plan Width": 64, "Actual Min Startup Time": 421.357, "Actual Max Startup Time": 421.357, "Actual Min Total Time": 11391.752, "Actual Max Total Time": 11391.752, "Inner Unique": true, "Plans": [{"Node Type": "Nested Loop", "Parent Relationship": "Outer", "Join Type": "Inner", "Startup Cost": 4.83, "Total Cost": 48380.19, "Plan Rows": 1155, "Plan Width": 68, "Actual Min Startup Time": 421.33, "Actual Max Startup Time": 421.33, "Actual Min Total Time": 10978.419, "Actual Max Total Time": 10978.419, "Inner Unique": false, "Plans": [{"Node Type": "Nested Loop", "Parent Relationship": "Outer", "Join Type": "Inner", "Startup Cost": 4.83, "Total Cost": 47318.56, "Plan Rows": 1044, "Plan Width": 76, "Actual Min Startup Time": 420.004, "Actual Max Startup Time": 420.004, "Actual Min Total Time": 2049.757, "Actual Max Total Time": 2049.757, "Inner Unique": true, "Join Filter": "(mi.movie_id = t.id)", "Rows Removed by Join Filter": 0, "Plans": [{"Node Type": "Hash Join", "Parent Relationship": "Outer", "Join Type": "Inner", "Startup Cost": 4.83, "Total Cost": 46890.37, "Plan Rows": 1044, "Plan Width": 55, "Actual Min Startup Time": 419.982, "Actual Max Startup Time": 419.982, "Actual Min Total Time": 1501.868, "Actual Max Total Time": 1501.868, "Inner Unique": true, "Hash Cond": "(mi_idx.info_type_id = it2.id)", "Plans": [{"Node Type": "Nested Loop", "Parent Relationship": "Outer", "Join Type": "Inner", "Startup Cost": 2.41, "Total Cost": 46867.05, "Plan Rows": 4175, "Plan Width": 59, "Actual Min Startup Time": 419.853, "Actual Max Startup Time": 419.853, "Actual Min Total Time": 1408.474, "Actual Max Total Time": 1408.474, "Inner Unique": false, "Plans": [{"Node Type": "Hash Join", "Parent Relationship": "Outer", "Join Type": "Inner", "Startup Cost": 2.41, "Total Cost": 45379.0, "Plan Rows": 2717, "Plan Width": 46, "Actual Min Startup Time": 419.811, "Actual Max Startup Time": 419.811, "Actual Min Total Time": 588.454, "Actual Max Total Time": 588.454, "Inner Unique": true, "Hash Cond": "(mi.info_type_id = it1.id)", "Plans": [{"Node Type": "Streaming(type: LOCAL GATHER dop: 1/16)", "Parent Relationship": "Outer", "Startup Cost": 0.0, "Total Cost": 44636.28, "Plan Rows": 190170, "Plan Width": 50, "Actual Min Startup Time": 297.016, "Actual Max Startup Time": 297.016, "Actual Min Total Time": 485.889, "Actual Max Total Time": 485.889, "Plans": [{"Node Type": "Seq Scan", "Parent Relationship": "Outer", "Relation Name": "movie_info", "Alias": "mi", "Startup Cost": 0.0, "Total Cost": 40532.03, "Plan Rows": 190170, "Plan Width": 50, "Actual Min Startup Time": 226.105, "Actual Max Startup Time": 409.58, "Actual Min Total Time": 457.151, "Actual Max Total Time": 472.431, "Filter": "((info)::text = ANY ('{Horror,Action,Sci-Fi,Thriller,Crime,War}'::text[]))", "Rows Removed by Filter": 14646748, "Actual Rows": 188971}], "Actual Rows": 188971}, {"Node Type": "Hash", "Parent Relationship": "Inner", "Startup Cost": 2.4, "Total Cost": 2.4, "Plan Rows": 1, "Plan Width": 4, "Actual Min Startup Time": 0.047, "Actual Max Startup Time": 0.047, "Actual Min Total Time": 0.047, "Actual Max Total Time": 0.047, "Max Hash Buckets": 32768, "Min Hash Buckets": 32768, "Max Hash Batches": 1, "Min Hash Batches": 1, "Max Original Hash Batches": 1, "Min Original Hash Batches": 1, "Max Peak Memory Usage": 1, "min Peak Memory Usage": 1, "Plans": [{"Node Type": "Seq Scan", "Parent Relationship": "Outer", "Relation Name": "info_type", "Alias": "it1", "Startup Cost": 0.0, "Total Cost": 2.4, "Plan Rows": 1, "Plan Width": 4, "Actual Min Startup Time": 0.019, "Actual Max Startup Time": 0.019, "Actual Min Total Time": 0.041, "Actual Max Total Time": 0.041, "Filter": "((info)::text = 'genres'::text)", "Rows Removed by Filter": 111, "Actual Rows": 1}], "Actual Rows": 1}], "Actual Rows": 186594}, {"Node Type": "Index Scan", "Parent Relationship": "Inner", "Scan Direction": "Forward", "Index Name": "movie_id_movie_info_idx", "Relation Name": "movie_info_idx", "Alias": "mi_idx", "Startup Cost": 0.0, "Total Cost": 0.53, "Plan Rows": 2, "Plan Width": 13, "Actual Min Startup Time": 534.672, "Actual Max Startup Time": 534.672, "Actual Min Total Time": 652.765, "Actual Max Total Time": 652.765, "Index Cond": "(movie_id = mi.movie_id)", "Rows Removed by Index Recheck": 0, "Actual Rows": 307785}], "Actual Rows": 307785}, {"Node Type": "Hash", "Parent Relationship": "Inner", "Startup Cost": 2.4, "Total Cost": 2.4, "Plan Rows": 1, "Plan Width": 4, "Actual Min Startup Time": 0.075, "Actual Max Startup Time": 0.075, "Actual Min Total Time": 0.075, "Actual Max Total Time": 0.075, "Max Hash Buckets": 32768, "Min Hash Buckets": 32768, "Max Hash Batches": 1, "Min Hash Batches": 1, "Max Original Hash Batches": 1, "Min Original Hash Batches": 1, "Max Peak Memory Usage": 1, "min Peak Memory Usage": 1, "Plans": [{"Node Type": "Seq Scan", "Parent Relationship": "Outer", "Relation Name": "info_type", "Alias": "it2", "Startup Cost": 0.0, "Total Cost": 2.4, "Plan Rows": 1, "Plan Width": 4, "Actual Min Startup Time": 0.062, "Actual Max Startup Time": 0.062, "Actual Min Total Time": 0.068, "Actual Max Total Time": 0.068, "Filter": "((info)::text = 'votes'::text)", "Rows Removed by Filter": 111, "Actual Rows": 1}], "Actual Rows": 1}], "Actual Rows": 102516}, {"Node Type": "Index Scan", "Parent Relationship": "Inner", "Scan Direction": "Forward", "Index Name": "title_pkey", "Relation Name": "title", "Alias": "t", "Startup Cost": 0.0, "Total Cost": 0.4, "Plan Rows": 1, "Plan Width": 21, "Actual Min Startup Time": 443.111, "Actual Max Startup Time": 443.111, "Actual Min Total Time": 443.111, "Actual Max Total Time": 443.111, "Index Cond": "(id = mi_idx.movie_id)", "Rows Removed by Index Recheck": 0, "Actual Rows": 102516}], "Actual Rows": 102516}, {"Node Type": "Index Scan", "Parent Relationship": "Inner", "Scan Direction": "Forward", "Index Name": "movie_id_cast_info", "Relation Name": "cast_info", "Alias": "ci", "Startup Cost": 0.0, "Total Cost": 1.01, "Plan Rows": 1, "Plan Width": 8, "Actual Min Startup Time": 7551.12, "Actual Max Startup Time": 7551.12, "Actual Min Total Time": 8858.779, "Actual Max Total Time": 8858.779, "Index Cond": "(movie_id = t.id)", "Rows Removed by Index Recheck": 0, "Filter": "((note)::text = ANY ('{(writer),\"(head writer)\",\"(written by)\",(story),\"(story editor)\"}'::text[]))", "Rows Removed by Filter": 3987641, "Actual Rows": 54155}], "Actual Rows": 54155}, {"Node Type": "Index Scan", "Parent Relationship": "Inner", "Scan Direction": "Forward", "Index Name": "name_pkey", "Relation Name": "name", "Alias": "n", "Startup Cost": 0.0, "Total Cost": 0.49, "Plan Rows": 1, "Plan Width": 4, "Actual Min Startup Time": 368.426, "Actual Max Startup Time": 368.426, "Actual Min Total Time": 368.426, "Actual Max Total Time": 368.426, "Index Cond": "(id = ci.person_id)", "Rows Removed by Index Recheck": 0, "Filter": "((gender)::text = 'm'::text)", "Rows Removed by Filter": 26082, "Actual Rows": 28073}], "Actual Rows": 28073}], "Actual Rows": 1}, "Triggers": [], "Planner Runtime": 87, "Total Runtime": 11431.111, "Unique SQL Id": 3913857139}}, "(16, 73)": {"explain_plan": {"Plan": {"Node Type": "Aggregate", "Strategy": "Plain", "Startup Cost": 383291.22, "Total Cost": 383291.23, "Plan Rows": 1, "Plan Width": 160, "Plans": [{"Node Type": "Nested Loop", "Parent Relationship": "Outer", "Join Type": "Inner", "Startup Cost": 14.22, "Total Cost": 383280.62, "Plan Rows": 1413, "Plan Width": 64, "Inner Unique": true, "Plans": [{"Node Type": "Nested Loop", "Parent Relationship": "Outer", "Join Type": "Inner", "Startup Cost": 14.22, "Total Cost": 382701.35, "Plan Rows": 1155, "Plan Width": 68, "Inner Unique": false, "Plans": [{"Node Type": "Nested Loop", "Parent Relationship": "Outer", "Join Type": "Inner", "Startup Cost": 14.22, "Total Cost": 381639.72, "Plan Rows": 1044, "Plan Width": 76, "Inner Unique": true, "Join Filter": "(mi.movie_id = t.id)", "Plans": [{"Node Type": "Hash Join", "Parent Relationship": "Outer", "Join Type": "Inner", "Startup Cost": 14.22, "Total Cost": 381211.53, "Plan Rows": 1044, "Plan Width": 55, "Inner Unique": true, "Hash Cond": "(mi.info_type_id = it1.id)", "Plans": [{"Node Type": "Nested Loop", "Parent Relationship": "Outer", "Join Type": "Inner", "Startup Cost": 0.0, "Total Cost": 380590.58, "Plan Rows": 229029, "Plan Width": 59, "Inner Unique": false, "Plans": [{"Node Type": "Nested Loop", "Parent Relationship": "Outer", "Join Type": "Inner", "Startup Cost": 0.0, "Total Cost": 38338.2, "Plan Rows": 345008, "Plan Width": 9, "Inner Unique": false, "Plans": [{"Node Type": "Index Scan", "Parent Relationship": "Outer", "Scan Direction": "Forward", "Index Name": "info_type_pkey", "Relation Name": "info_type", "Alias": "it2", "Startup Cost": 0.0, "Total Cost": 14.21, "Plan Rows": 1, "Plan Width": 4, "Filter": "((info)::text = 'votes'::text)"}, {"Node Type": "Index Scan", "Parent Relationship": "Inner", "Scan Direction": "Forward", "Index Name": "info_type_id_movie_info_idx", "Relation Name": "movie_info_idx", "Alias": "mi_idx", "Startup Cost": 0.0, "Total Cost": 34873.91, "Plan Rows": 345008, "Plan Width": 13, "Index Cond": "(info_type_id = it2.id), (LLVM Optimized)"}]}, {"Node Type": "Index Scan", "Parent Relationship": "Inner", "Scan Direction": "Forward", "Index Name": "movie_id_movie_info", "Relation Name": "movie_info", "Alias": "mi", "Startup Cost": 0.0, "Total Cost": 0.98, "Plan Rows": 1, "Plan Width": 50, "Index Cond": "(movie_id = mi_idx.movie_id)", "Filter": "((info)::text = ANY ('{Horror,Action,Sci-Fi,Thriller,Crime,War}'::text[]))"}]}, {"Node Type": "Hash", "Parent Relationship": "Inner", "Startup Cost": 14.21, "Total Cost": 14.21, "Plan Rows": 1, "Plan Width": 4, "Plans": [{"Node Type": "Index Scan", "Parent Relationship": "Outer", "Scan Direction": "Forward", "Index Name": "info_type_pkey", "Relation Name": "info_type", "Alias": "it1", "Startup Cost": 0.0, "Total Cost": 14.21, "Plan Rows": 1, "Plan Width": 4, "Filter": "((info)::text = 'genres'::text)"}]}]}, {"Node Type": "Index Scan", "Parent Relationship": "Inner", "Scan Direction": "Forward", "Index Name": "title_pkey", "Relation Name": "title", "Alias": "t", "Startup Cost": 0.0, "Total Cost": 0.4, "Plan Rows": 1, "Plan Width": 21, "Index Cond": "(id = mi_idx.movie_id)"}]}, {"Node Type": "Index Scan", "Parent Relationship": "Inner", "Scan Direction": "Forward", "Index Name": "movie_id_cast_info", "Relation Name": "cast_info", "Alias": "ci", "Startup Cost": 0.0, "Total Cost": 1.01, "Plan Rows": 1, "Plan Width": 8, "Index Cond": "(movie_id = t.id)", "Filter": "((note)::text = ANY ('{(writer),\"(head writer)\",\"(written by)\",(story),\"(story editor)\"}'::text[]))"}]}, {"Node Type": "Index Scan", "Parent Relationship": "Inner", "Scan Direction": "Forward", "Index Name": "name_pkey", "Relation Name": "name", "Alias": "n", "Startup Cost": 0.0, "Total Cost": 0.49, "Plan Rows": 1, "Plan Width": 4, "Index Cond": "(id = ci.person_id)", "Filter": "((gender)::text = 'm'::text)"}]}]}, "Unique SQL Id": 3913857139, "Planner Runtime": 30}, "explain_analyze_plan": {"Plan": {"Node Type": "Aggregate", "Strategy": "Plain", "Startup Cost": 383291.22, "Total Cost": 383291.23, "Plan Rows": 1, "Plan Width": 160, "Actual Startup Time": 19726.068, "Actual Total Time": 19726.068, "Actual Rows": 1, "Actual Loops": 1, "Plans": [{"Node Type": "Nested Loop", "Parent Relationship": "Outer", "Join Type": "Inner", "Startup Cost": 14.22, "Total Cost": 383280.62, "Plan Rows": 1413, "Plan Width": 64, "Actual Startup Time": 29.467, "Actual Total Time": 19684.522, "Actual Rows": 28073, "Actual Loops": 1, "Inner Unique": true, "Plans": [{"Node Type": "Nested Loop", "Parent Relationship": "Outer", "Join Type": "Inner", "Startup Cost": 14.22, "Total Cost": 382701.35, "Plan Rows": 1155, "Plan Width": 68, "Actual Startup Time": 14.626, "Actual Total Time": 19249.255, "Actual Rows": 54155, "Actual Loops": 1, "Inner Unique": false, "Plans": [{"Node Type": "Nested Loop", "Parent Relationship": "Outer", "Join Type": "Inner", "Startup Cost": 14.22, "Total Cost": 381639.72, "Plan Rows": 1044, "Plan Width": 76, "Actual Startup Time": 0.893, "Actual Total Time": 10080.316, "Actual Rows": 102516, "Actual Loops": 1, "Inner Unique": true, "Join Filter": "(mi.movie_id = t.id)", "Rows Removed by Join Filter": 0, "Plans": [{"Node Type": "Hash Join", "Parent Relationship": "Outer", "Join Type": "Inner", "Startup Cost": 14.22, "Total Cost": 381211.53, "Plan Rows": 1044, "Plan Width": 55, "Actual Startup Time": 0.881, "Actual Total Time": 9489.984, "Actual Rows": 102516, "Actual Loops": 1, "Inner Unique": true, "Hash Cond": "(mi.info_type_id = it1.id)", "Plans": [{"Node Type": "Nested Loop", "Parent Relationship": "Outer", "Join Type": "Inner", "Startup Cost": 0.0, "Total Cost": 380590.58, "Plan Rows": 229029, "Plan Width": 59, "Actual Startup Time": 0.775, "Actual Total Time": 9422.531, "Actual Rows": 104892, "Actual Loops": 1, "Inner Unique": false, "Plans": [{"Node Type": "Nested Loop", "Parent Relationship": "Outer", "Join Type": "Inner", "Startup Cost": 0.0, "Total Cost": 38338.2, "Plan Rows": 345008, "Plan Width": 9, "Actual Startup Time": 0.09, "Actual Total Time": 404.438, "Actual Rows": 459925, "Actual Loops": 1, "Inner Unique": false, "Plans": [{"Node Type": "Index Scan", "Parent Relationship": "Outer", "Scan Direction": "Forward", "Index Name": "info_type_pkey", "Relation Name": "info_type", "Alias": "it2", "Startup Cost": 0.0, "Total Cost": 14.21, "Plan Rows": 1, "Plan Width": 4, "Actual Startup Time": 0.071, "Actual Total Time": 0.087, "Actual Rows": 1, "Actual Loops": 1, "Filter": "((info)::text = 'votes'::text)", "Rows Removed by Filter": 111}, {"Node Type": "Index Scan", "Parent Relationship": "Inner", "Scan Direction": "Forward", "Index Name": "info_type_id_movie_info_idx", "Relation Name": "movie_info_idx", "Alias": "mi_idx", "Startup Cost": 0.0, "Total Cost": 34873.91, "Plan Rows": 345008, "Plan Width": 13, "Actual Startup Time": 0.015, "Actual Total Time": 295.839, "Actual Rows": 459925, "Actual Loops": 1, "Index Cond": "(info_type_id = it2.id), (LLVM Optimized, Jit Execute)", "Rows Removed by Index Recheck": 0}]}, {"Node Type": "Index Scan", "Parent Relationship": "Inner", "Scan Direction": "Forward", "Index Name": "movie_id_movie_info", "Relation Name": "movie_info", "Alias": "mi", "Startup Cost": 0.0, "Total Cost": 0.98, "Plan Rows": 1, "Plan Width": 50, "Actual Startup Time": 8584.991, "Actual Total Time": 8748.43, "Actual Rows": 104892, "Actual Loops": 459925, "Index Cond": "(movie_id = mi_idx.movie_id)", "Rows Removed by Index Recheck": 0, "Filter": "((info)::text = ANY ('{Horror,Action,Sci-Fi,Thriller,Crime,War}'::text[]))", "Rows Removed by Filter": 6825442}]}, {"Node Type": "Hash", "Parent Relationship": "Inner", "Startup Cost": 14.21, "Total Cost": 14.21, "Plan Rows": 1, "Plan Width": 4, "Actual Startup Time": 0.063, "Actual Total Time": 0.063, "Actual Rows": 1, "Actual Loops": 1, "Hash Buckets": 32768, "Hash Batches": 1, "Original Hash Batches": 1, "Peak Memory Usage": 1, "Plans": [{"Node Type": "Index Scan", "Parent Relationship": "Outer", "Scan Direction": "Forward", "Index Name": "info_type_pkey", "Relation Name": "info_type", "Alias": "it1", "Startup Cost": 0.0, "Total Cost": 14.21, "Plan Rows": 1, "Plan Width": 4, "Actual Startup Time": 0.012, "Actual Total Time": 0.057, "Actual Rows": 1, "Actual Loops": 1, "Filter": "((info)::text = 'genres'::text)", "Rows Removed by Filter": 111}]}]}, {"Node Type": "Index Scan", "Parent Relationship": "Inner", "Scan Direction": "Forward", "Index Name": "title_pkey", "Relation Name": "title", "Alias": "t", "Startup Cost": 0.0, "Total Cost": 0.4, "Plan Rows": 1, "Plan Width": 21, "Actual Startup Time": 470.468, "Actual Total Time": 470.468, "Actual Rows": 102516, "Actual Loops": 102516, "Index Cond": "(id = mi_idx.movie_id)", "Rows Removed by Index Recheck": 0}]}, {"Node Type": "Index Scan", "Parent Relationship": "Inner", "Scan Direction": "Forward", "Index Name": "movie_id_cast_info", "Relation Name": "cast_info", "Alias": "ci", "Startup Cost": 0.0, "Total Cost": 1.01, "Plan Rows": 1, "Plan Width": 8, "Actual Startup Time": 7755.277, "Actual Total Time": 9096.941, "Actual Rows": 54155, "Actual Loops": 102516, "Index Cond": "(movie_id = t.id)", "Rows Removed by Index Recheck": 0, "Filter": "((note)::text = ANY ('{(writer),\"(head writer)\",\"(written by)\",(story),\"(story editor)\"}'::text[]))", "Rows Removed by Filter": 3987641}]}, {"Node Type": "Index Scan", "Parent Relationship": "Inner", "Scan Direction": "Forward", "Index Name": "name_pkey", "Relation Name": "name", "Alias": "n", "Startup Cost": 0.0, "Total Cost": 0.49, "Plan Rows": 1, "Plan Width": 4, "Actual Startup Time": 388.127, "Actual Total Time": 388.127, "Actual Rows": 28073, "Actual Loops": 54155, "Index Cond": "(id = ci.person_id)", "Rows Removed by Index Recheck": 0, "Filter": "((gender)::text = 'm'::text)", "Rows Removed by Filter": 26082}]}]}, "Triggers": [], "Planner Runtime": 23, "Total Runtime": 19735.053, "Unique SQL Id": 3913857139}}, "(16, 74)": {"explain_plan": {"Plan": {"Node Type": "Aggregate", "Strategy": "Plain", "Startup Cost": 219702.22, "Total Cost": 219702.26, "Plan Rows": 1, "Plan Width": 160, "Plans": [{"Node Type": "Streaming(type: LOCAL GATHER dop: 1/16)", "Parent Relationship": "Outer", "Startup Cost": 219702.22, "Total Cost": 219702.26, "Plan Rows": 1, "Plan Width": 160, "Plans": [{"Node Type": "Aggregate", "Strategy": "Plain", "Parent Relationship": "Outer", "Startup Cost": 219702.22, "Total Cost": 219702.23, "Plan Rows": 1, "Plan Width": 160, "Plans": [{"Node Type": "Hash Join", "Parent Relationship": "Outer", "Join Type": "Inner", "Startup Cost": 112543.48, "Total Cost": 219691.62, "Plan Rows": 1413, "Plan Width": 64, "Inner Unique": true, "Hash Cond": "(ci.person_id = n.id)", "Plans": [{"Node Type": "Streaming(type: BROADCAST dop: 16/16)", "Parent Relationship": "Outer", "Startup Cost": 105816.51, "Total Cost": 212959.44, "Plan Rows": 18480, "Plan Width": 68, "Plans": [{"Node Type": "Hash Join", "Parent Relationship": "Outer", "Join Type": "Inner", "Startup Cost": 105816.51, "Total Cost": 197912.51, "Plan Rows": 1155, "Plan Width": 68, "Inner Unique": true, "Hash Cond": "(mi.movie_id = t.id)", "Plans": [{"Node Type": "Streaming(type: BROADCAST dop: 16/16)", "Parent Relationship": "Outer", "Startup Cost": 85086.95, "Total Cost": 177177.9, "Plan Rows": 18480, "Plan Width": 63, "Plans": [{"Node Type": "Hash Join", "Parent Relationship": "Outer", "Join Type": "Inner", "Startup Cost": 85086.95, "Total Cost": 162130.98, "Plan Rows": 1155, "Plan Width": 63, "Inner Unique": false, "Hash Cond": "(mi.movie_id = ci.movie_id)", "Plans": [{"Node Type": "Streaming(type: BROADCAST dop: 16/1)", "Parent Relationship": "Outer", "Startup Cost": 17350.12, "Total Cost": 94161.14, "Plan Rows": 16704, "Plan Width": 55, "Plans": [{"Node Type": "Hash Join", "Parent Relationship": "Outer", "Join Type": "Inner", "Startup Cost": 17350.12, "Total Cost": 78800.64, "Plan Rows": 1044, "Plan Width": 55, "Inner Unique": true, "Hash Cond": "(mi_idx.info_type_id = it2.id)", "Plans": [{"Node Type": "Streaming(type: LOCAL GATHER dop: 1/16)", "Parent Relationship": "Outer", "Startup Cost": 17347.71, "Total Cost": 78775.6, "Plan Rows": 4175, "Plan Width": 59, "Plans": [{"Node Type": "Hash Join", "Parent Relationship": "Outer", "Join Type": "Inner", "Startup Cost": 17347.71, "Total Cost": 78685.5, "Plan Rows": 4175, "Plan Width": 59, "Inner Unique": false, "Hash Cond": "(mi.movie_id = mi_idx.movie_id)", "Plans": [{"Node Type": "Streaming(type: BROADCAST dop: 16/1)", "Parent Relationship": "Outer", "Startup Cost": 2.41, "Total Cost": 61317.21, "Plan Rows": 43472, "Plan Width": 46, "Plans": [{"Node Type": "Hash Join", "Parent Relationship": "Outer", "Join Type": "Inner", "Startup Cost": 2.41, "Total Cost": 45379.0, "Plan Rows": 2717, "Plan Width": 46, "Inner Unique": true, "Hash Cond": "(mi.info_type_id = it1.id)", "Plans": [{"Node Type": "Streaming(type: LOCAL GATHER dop: 1/16)", "Parent Relationship": "Outer", "Startup Cost": 0.0, "Total Cost": 44636.28, "Plan Rows": 190170, "Plan Width": 50, "Plans": [{"Node Type": "Seq Scan", "Parent Relationship": "Outer", "Relation Name": "movie_info", "Alias": "mi", "Startup Cost": 0.0, "Total Cost": 40532.03, "Plan Rows": 190170, "Plan Width": 50, "Filter": "((info)::text = ANY ('{Horror,Action,Sci-Fi,Thriller,Crime,War}'::text[]))"}]}, {"Node Type": "Hash", "Parent Relationship": "Inner", "Startup Cost": 2.4, "Total Cost": 2.4, "Plan Rows": 1, "Plan Width": 4, "Plans": [{"Node Type": "Seq Scan", "Parent Relationship": "Outer", "Relation Name": "info_type", "Alias": "it1", "Startup Cost": 0.0, "Total Cost": 2.4, "Plan Rows": 1, "Plan Width": 4, "Filter": "((info)::text = 'genres'::text)"}]}]}]}, {"Node Type": "Hash", "Parent Relationship": "Inner", "Startup Cost": 16267.15, "Total Cost": 16267.15, "Plan Rows": 1380034, "Plan Width": 13, "Plans": [{"Node Type": "Seq Scan", "Parent Relationship": "Outer", "Relation Name": "movie_info_idx", "Alias": "mi_idx", "Startup Cost": 0.0, "Total Cost": 16267.15, "Plan Rows": 1380034, "Plan Width": 13}]}]}]}, {"Node Type": "Hash", "Parent Relationship": "Inner", "Startup Cost": 2.4, "Total Cost": 2.4, "Plan Rows": 1, "Plan Width": 4, "Plans": [{"Node Type": "Seq Scan", "Parent Relationship": "Outer", "Relation Name": "info_type", "Alias": "it2", "Startup Cost": 0.0, "Total Cost": 2.4, "Plan Rows": 1, "Plan Width": 4, "Filter": "((info)::text = 'votes'::text)"}]}]}]}, {"Node Type": "Hash", "Parent Relationship": "Inner", "Startup Cost": 66781.24, "Total Cost": 66781.24, "Plan Rows": 1223154, "Plan Width": 8, "Plans": [{"Node Type": "Seq Scan", "Parent Relationship": "Outer", "Relation Name": "cast_info", "Alias": "ci", "Startup Cost": 0.0, "Total Cost": 66781.24, "Plan Rows": 1223154, "Plan Width": 8, "Filter": "((note)::text = ANY ('{(writer),\"(head writer)\",\"(written by)\",(story),\"(story editor)\"}'::text[]))"}]}]}]}, {"Node Type": "Hash", "Parent Relationship": "Inner", "Startup Cost": 18754.32, "Total Cost": 18754.32, "Plan Rows": 2528311, "Plan Width": 21, "Plans": [{"Node Type": "Seq Scan", "Parent Relationship": "Outer", "Relation Name": "title", "Alias": "t", "Startup Cost": 0.0, "Total Cost": 18754.32, "Plan Rows": 2528311, "Plan Width": 21}]}]}]}, {"Node Type": "Hash", "Parent Relationship": "Inner", "Startup Cost": 21468.16, "Total Cost": 21468.16, "Plan Rows": 1740714, "Plan Width": 4, "Plans": [{"Node Type": "Seq Scan", "Parent Relationship": "Outer", "Relation Name": "name", "Alias": "n", "Startup Cost": 0.0, "Total Cost": 21468.16, "Plan Rows": 1740714, "Plan Width": 4, "Filter": "((gender)::text = 'm'::text), (LLVM Optimized)"}]}]}]}]}]}, "Unique SQL Id": 3913857139, "Planner Runtime": 171}, "explain_analyze_plan": {"Plan": {"Node Type": "Aggregate", "Strategy": "Plain", "Startup Cost": 219702.22, "Total Cost": 219702.26, "Plan Rows": 1, "Plan Width": 160, "Actual Min Startup Time": 2932.963, "Actual Max Startup Time": 2932.963, "Actual Min Total Time": 2932.963, "Actual Max Total Time": 2932.963, "Plans": [{"Node Type": "Streaming(type: LOCAL GATHER dop: 1/16)", "Parent Relationship": "Outer", "Startup Cost": 219702.22, "Total Cost": 219702.26, "Plan Rows": 1, "Plan Width": 160, "Actual Min Startup Time": 2932.239, "Actual Max Startup Time": 2932.239, "Actual Min Total Time": 2932.918, "Actual Max Total Time": 2932.918, "Plans": [{"Node Type": "Aggregate", "Strategy": "Plain", "Parent Relationship": "Outer", "Startup Cost": 219702.22, "Total Cost": 219702.23, "Plan Rows": 1, "Plan Width": 160, "Actual Min Startup Time": 2764.677, "Actual Max Startup Time": 2832.265, "Actual Min Total Time": 2764.677, "Actual Max Total Time": 2832.265, "Plans": [{"Node Type": "Hash Join", "Parent Relationship": "Outer", "Join Type": "Inner", "Startup Cost": 112543.48, "Total Cost": 219691.62, "Plan Rows": 1413, "Plan Width": 64, "Actual Min Startup Time": 949.353, "Actual Max Startup Time": 1016.927, "Actual Min Total Time": 2763.218, "Actual Max Total Time": 2830.705, "Inner Unique": true, "Hash Cond": "(ci.person_id = n.id)", "Plans": [{"Node Type": "Streaming(type: BROADCAST dop: 16/16)", "Parent Relationship": "Outer", "Startup Cost": 105816.51, "Total Cost": 212959.44, "Plan Rows": 18480, "Plan Width": 68, "Actual Min Startup Time": 815.893, "Actual Max Startup Time": 860.927, "Actual Min Total Time": 2611.444, "Actual Max Total Time": 2659.687, "Plans": [{"Node Type": "Hash Join", "Parent Relationship": "Outer", "Join Type": "Inner", "Startup Cost": 105816.51, "Total Cost": 197912.51, "Plan Rows": 1155, "Plan Width": 68, "Actual Min Startup Time": 946.621, "Actual Max Startup Time": 1006.919, "Actual Min Total Time": 2745.974, "Actual Max Total Time": 2798.171, "Inner Unique": true, "Hash Cond": "(mi.movie_id = t.id)", "Plans": [{"Node Type": "Streaming(type: BROADCAST dop: 16/16)", "Parent Relationship": "Outer", "Startup Cost": 85086.95, "Total Cost": 177177.9, "Plan Rows": 18480, "Plan Width": 63, "Actual Min Startup Time": 830.355, "Actual Max Startup Time": 879.278, "Actual Min Total Time": 2603.304, "Actual Max Total Time": 2646.038, "Plans": [{"Node Type": "Hash Join", "Parent Relationship": "Outer", "Join Type": "Inner", "Startup Cost": 85086.95, "Total Cost": 162130.98, "Plan Rows": 1155, "Plan Width": 63, "Actual Min Startup Time": 895.556, "Actual Max Startup Time": 948.976, "Actual Min Total Time": 2749.772, "Actual Max Total Time": 2797.712, "Inner Unique": false, "Hash Cond": "(mi.movie_id = ci.movie_id)", "Plans": [{"Node Type": "Streaming(type: BROADCAST dop: 16/1)", "Parent Relationship": "Outer", "Startup Cost": 17350.12, "Total Cost": 94161.14, "Plan Rows": 16704, "Plan Width": 55, "Actual Min Startup Time": 0.038, "Actual Max Startup Time": 0.104, "Actual Min Total Time": 1811.668, "Actual Max Total Time": 1872.266, "Plans": [{"Node Type": "Hash Join", "Parent Relationship": "Outer", "Join Type": "Inner", "Startup Cost": 17350.12, "Total Cost": 78800.64, "Plan Rows": 1044, "Plan Width": 55, "Actual Min Startup Time": 377.41, "Actual Max Startup Time": 377.41, "Actual Min Total Time": 1386.403, "Actual Max Total Time": 1386.403, "Inner Unique": true, "Hash Cond": "(mi_idx.info_type_id = it2.id)", "Plans": [{"Node Type": "Streaming(type: LOCAL GATHER dop: 1/16)", "Parent Relationship": "Outer", "Startup Cost": 17347.71, "Total Cost": 78775.6, "Plan Rows": 4175, "Plan Width": 59, "Actual Min Startup Time": 377.275, "Actual Max Startup Time": 377.275, "Actual Min Total Time": 1301.983, "Actual Max Total Time": 1301.983, "Plans": [{"Node Type": "Hash Join", "Parent Relationship": "Outer", "Join Type": "Inner", "Startup Cost": 17347.71, "Total Cost": 78685.5, "Plan Rows": 4175, "Plan Width": 59, "Actual Min Startup Time": 366.794, "Actual Max Startup Time": 1218.923, "Actual Min Total Time": 2200.301, "Actual Max Total Time": 2812.095, "Inner Unique": false, "Hash Cond": "(mi.movie_id = mi_idx.movie_id)", "Plans": [{"Node Type": "Streaming(type: BROADCAST dop: 16/1)", "Parent Relationship": "Outer", "Startup Cost": 2.41, "Total Cost": 61317.21, "Plan Rows": 43472, "Plan Width": 46, "Actual Min Startup Time": 265.673, "Actual Max Startup Time": 317.669, "Actual Min Total Time": 2047.413, "Actual Max Total Time": 2682.092, "Plans": [{"Node Type": "Hash Join", "Parent Relationship": "Outer", "Join Type": "Inner", "Startup Cost": 2.41, "Total Cost": 45379.0, "Plan Rows": 2717, "Plan Width": 46, "Actual Min Startup Time": 372.189, "Actual Max Startup Time": 372.189, "Actual Min Total Time": 508.053, "Actual Max Total Time": 508.053, "Inner Unique": true, "Hash Cond": "(mi.info_type_id = it1.id)", "Plans": [{"Node Type": "Streaming(type: LOCAL GATHER dop: 1/16)", "Parent Relationship": "Outer", "Startup Cost": 0.0, "Total Cost": 44636.28, "Plan Rows": 190170, "Plan Width": 50, "Actual Min Startup Time": 247.182, "Actual Max Startup Time": 247.182, "Actual Min Total Time": 429.737, "Actual Max Total Time": 429.737, "Plans": [{"Node Type": "Seq Scan", "Parent Relationship": "Outer", "Relation Name": "movie_info", "Alias": "mi", "Startup Cost": 0.0, "Total Cost": 40532.03, "Plan Rows": 190170, "Plan Width": 50, "Actual Min Startup Time": 234.558, "Actual Max Startup Time": 419.382, "Actual Min Total Time": 459.789, "Actual Max Total Time": 483.842, "Filter": "((info)::text = ANY ('{Horror,Action,Sci-Fi,Thriller,Crime,War}'::text[]))", "Rows Removed by Filter": 14646748, "Actual Rows": 188971}], "Actual Rows": 188971}, {"Node Type": "Hash", "Parent Relationship": "Inner", "Startup Cost": 2.4, "Total Cost": 2.4, "Plan Rows": 1, "Plan Width": 4, "Actual Min Startup Time": 0.085, "Actual Max Startup Time": 0.085, "Actual Min Total Time": 0.085, "Actual Max Total Time": 0.085, "Max Hash Buckets": 32768, "Min Hash Buckets": 32768, "Max Hash Batches": 1, "Min Hash Batches": 1, "Max Original Hash Batches": 1, "Min Original Hash Batches": 1, "Max Peak Memory Usage": 1, "min Peak Memory Usage": 1, "Plans": [{"Node Type": "Seq Scan", "Parent Relationship": "Outer", "Relation Name": "info_type", "Alias": "it1", "Startup Cost": 0.0, "Total Cost": 2.4, "Plan Rows": 1, "Plan Width": 4, "Actual Min Startup Time": 0.049, "Actual Max Startup Time": 0.049, "Actual Min Total Time": 0.073, "Actual Max Total Time": 0.073, "Filter": "((info)::text = 'genres'::text)", "Rows Removed by Filter": 111, "Actual Rows": 1}], "Actual Rows": 1}], "Actual Rows": 186594}], "Actual Rows": 2985504}, {"Node Type": "Hash", "Parent Relationship": "Inner", "Startup Cost": 16267.15, "Total Cost": 16267.15, "Plan Rows": 1380034, "Plan Width": 13, "Actual Min Startup Time": 71.038, "Actual Max Startup Time": 93.237, "Actual Min Total Time": 71.038, "Actual Max Total Time": 93.237, "Max Hash Buckets": 131072, "Min Hash Buckets": 131072, "Max Hash Batches": 1, "Min Hash Batches": 1, "Max Original Hash Batches": 1, "Min Original Hash Batches": 1, "Max Peak Memory Usage": 4602, "min Peak Memory Usage": 4602, "Plans": [{"Node Type": "Seq Scan", "Parent Relationship": "Outer", "Relation Name": "movie_info_idx", "Alias": "mi_idx", "Startup Cost": 0.0, "Total Cost": 16267.15, "Plan Rows": 1380034, "Plan Width": 13, "Actual Min Startup Time": 0.044, "Actual Max Startup Time": 3.446, "Actual Min Total Time": 26.085, "Actual Max Total Time": 31.543, "Actual Rows": 1380034}], "Actual Rows": 1380034}], "Actual Rows": 307785}], "Actual Rows": 307785}, {"Node Type": "Hash", "Parent Relationship": "Inner", "Startup Cost": 2.4, "Total Cost": 2.4, "Plan Rows": 1, "Plan Width": 4, "Actual Min Startup Time": 0.085, "Actual Max Startup Time": 0.085, "Actual Min Total Time": 0.085, "Actual Max Total Time": 0.085, "Max Hash Buckets": 32768, "Min Hash Buckets": 32768, "Max Hash Batches": 1, "Min Hash Batches": 1, "Max Original Hash Batches": 1, "Min Original Hash Batches": 1, "Max Peak Memory Usage": 1, "min Peak Memory Usage": 1, "Plans": [{"Node Type": "Seq Scan", "Parent Relationship": "Outer", "Relation Name": "info_type", "Alias": "it2", "Startup Cost": 0.0, "Total Cost": 2.4, "Plan Rows": 1, "Plan Width": 4, "Actual Min Startup Time": 0.067, "Actual Max Startup Time": 0.067, "Actual Min Total Time": 0.073, "Actual Max Total Time": 0.073, "Filter": "((info)::text = 'votes'::text)", "Rows Removed by Filter": 111, "Actual Rows": 1}], "Actual Rows": 1}], "Actual Rows": 102516}], "Actual Rows": 1640256}, {"Node Type": "Hash", "Parent Relationship": "Inner", "Startup Cost": 66781.24, "Total Cost": 66781.24, "Plan Rows": 1223154, "Plan Width": 8, "Actual Min Startup Time": 892.949, "Actual Max Startup Time": 912.206, "Actual Min Total Time": 892.949, "Actual Max Total Time": 912.206, "Max Hash Buckets": 131072, "Min Hash Buckets": 131072, "Max Hash Batches": 1, "Min Hash Batches": 1, "Max Original Hash Batches": 1, "Min Original Hash Batches": 1, "Max Peak Memory Usage": 3042, "min Peak Memory Usage": 3042, "Plans": [{"Node Type": "Seq Scan", "Parent Relationship": "Outer", "Relation Name": "cast_info", "Alias": "ci", "Startup Cost": 0.0, "Total Cost": 66781.24, "Plan Rows": 1223154, "Plan Width": 8, "Actual Min Startup Time": 25.065, "Actual Max Startup Time": 457.566, "Actual Min Total Time": 870.947, "Actual Max Total Time": 888.673, "Filter": "((note)::text = ANY ('{(writer),\"(head writer)\",\"(written by)\",(story),\"(story editor)\"}'::text[]))", "Rows Removed by Filter": 34999627, "Actual Rows": 1244716}], "Actual Rows": 1244716}], "Actual Rows": 54155}], "Actual Rows": 866480}, {"Node Type": "Hash", "Parent Relationship": "Inner", "Startup Cost": 18754.32, "Total Cost": 18754.32, "Plan Rows": 2528311, "Plan Width": 21, "Actual Min Startup Time": 104.141, "Actual Max Startup Time": 143.467, "Actual Min Total Time": 104.141, "Actual Max Total Time": 143.467, "Max Hash Buckets": 262144, "Min Hash Buckets": 262144, "Max Hash Batches": 1, "Min Hash Batches": 1, "Max Original Hash Batches": 1, "Min Original Hash Batches": 1, "Max Peak Memory Usage": 8595, "min Peak Memory Usage": 8595, "Plans": [{"Node Type": "Seq Scan", "Parent Relationship": "Outer", "Relation Name": "title", "Alias": "t", "Startup Cost": 0.0, "Total Cost": 18754.32, "Plan Rows": 2528311, "Plan Width": 21, "Actual Min Startup Time": 0.027, "Actual Max Startup Time": 0.735, "Actual Min Total Time": 51.288, "Actual Max Total Time": 55.428, "Actual Rows": 2528311}], "Actual Rows": 2528311}], "Actual Rows": 54155}], "Actual Rows": 866480}, {"Node Type": "Hash", "Parent Relationship": "Inner", "Startup Cost": 21468.16, "Total Cost": 21468.16, "Plan Rows": 1740714, "Plan Width": 4, "Actual Min Startup Time": 127.238, "Actual Max Startup Time": 165.496, "Actual Min Total Time": 127.238, "Actual Max Total Time": 165.496, "Max Hash Buckets": 131072, "Min Hash Buckets": 131072, "Max Hash Batches": 1, "Min Hash Batches": 1, "Max Original Hash Batches": 1, "Min Original Hash Batches": 1, "Max Peak Memory Usage": 3968, "min Peak Memory Usage": 3968, "Plans": [{"Node Type": "Seq Scan", "Parent Relationship": "Outer", "Relation Name": "name", "Alias": "n", "Startup Cost": 0.0, "Total Cost": 21468.16, "Plan Rows": 1740714, "Plan Width": 4, "Actual Min Startup Time": 0.027, "Actual Max Startup Time": 0.057, "Actual Min Total Time": 96.82, "Actual Max Total Time": 102.05, "Filter": "((gender)::text = 'm'::text), (LLVM Optimized, Jit Execute)", "Rows Removed by Filter": 2427912, "Actual Rows": 1739578}], "Actual Rows": 1739578}], "Actual Rows": 28073}], "Actual Rows": 16}], "Actual Rows": 16}], "Actual Rows": 1}, "Triggers": [], "Planner Runtime": 157, "Total Runtime": 2959.787, "Unique SQL Id": 3913857139}}, "(16, 75)": {"explain_plan": {"Plan": {"Node Type": "Aggregate", "Strategy": "Plain", "Startup Cost": 6995128315390.61, "Total Cost": 6995128315390.62, "Plan Rows": 1, "Plan Width": 160, "Plans": [{"Node Type": "Hash Join", "Parent Relationship": "Outer", "Join Type": "Inner", "Startup Cost": 3040055574239.93, "Total Cost": 6995128315380.02, "Plan Rows": 1413, "Plan Width": 64, "Inner Unique": true, "Hash Cond": "(ci.person_id = n.id)", "Plans": [{"Node Type": "Hash Join", "Parent Relationship": "Outer", "Join Type": "Inner", "Startup Cost": 2040036887333.8, "Total Cost": 5995109628455.42, "Plan Rows": 1155, "Plan Width": 68, "Inner Unique": true, "Hash Cond": "(mi_idx.info_type_id = it2.id)", "Plans": [{"Node Type": "Hash Join", "Parent Relationship": "Outer", "Join Type": "Inner", "Startup Cost": 1040036885912.79, "Total Cost": 4995109627009.39, "Plan Rows": 4619, "Plan Width": 72, "Inner Unique": true, "Hash Cond": "(mi.info_type_id = it1.id)", "Plans": [{"Node Type": "Merge Join", "Parent Relationship": "Outer", "Join Type": "Inner", "Startup Cost": 40036884491.78, "Total Cost": 3995109624731.85, "Plan Rows": 323326, "Plan Width": 76, "Inner Unique": false, "Merge Cond": "(t.id = mi_idx.movie_id)", "Plans": [{"Node Type": "Merge Join", "Parent Relationship": "Outer", "Join Type": "Inner", "Startup Cost": 30031145475.76, "Total Cost": 2997883829352.79, "Plan Rows": 210398, "Plan Width": 79, "Inner Unique": false, "Merge Cond": "(t.id = ci.movie_id)", "Plans": [{"Node Type": "Merge Join", "Parent Relationship": "Outer", "Join Type": "Inner", "Startup Cost": 20024668916.98, "Total Cost": 1999424688065.12, "Plan Rows": 190170, "Plan Width": 71, "Inner Unique": true, "Merge Cond": "(mi.movie_id = t.id)", "Plans": [{"Node Type": "Index Scan", "Parent Relationship": "Outer", "Scan Direction": "Forward", "Index Name": "movie_id_movie_info", "Relation Name": "movie_info", "Alias": "mi", "Startup Cost": 10000000000.0, "Total Cost": 1000114969386.72, "Plan Rows": 190170, "Plan Width": 50, "Filter": "((info)::text = ANY ('{Horror,Action,Sci-Fi,Thriller,Crime,War}'::text[]))"}, {"Node Type": "Index Scan", "Parent Relationship": "Inner", "Scan Direction": "Forward", "Index Name": "title_pkey", "Relation Name": "title", "Alias": "t", "Startup Cost": 10000000000.0, "Total Cost": 1000011012048.91, "Plan Rows": 2528311, "Plan Width": 21}]}, {"Node Type": "Index Scan", "Parent Relationship": "Inner", "Scan Direction": "Forward", "Index Name": "movie_id_cast_info", "Relation Name": "cast_info", "Alias": "ci", "Startup Cost": 10000000000.0, "Total Cost": 1000228594573.05, "Plan Rows": 1223154, "Plan Width": 8, "Filter": "((note)::text = ANY ('{(writer),\"(head writer)\",\"(written by)\",(story),\"(story editor)\"}'::text[]))"}]}, {"Node Type": "Index Scan", "Parent Relationship": "Inner", "Scan Direction": "Forward", "Index Name": "movie_id_movie_info_idx", "Relation Name": "movie_info_idx", "Alias": "mi_idx", "Startup Cost": 10000000000.0, "Total Cost": 1000004650035.37, "Plan Rows": 1380034, "Plan Width": 13}]}, {"Node Type": "Hash", "Parent Relationship": "Inner", "Startup Cost": 1000000001421.0, "Total Cost": 1000000001421.0, "Plan Rows": 1, "Plan Width": 4, "Plans": [{"Node Type": "Index Scan", "Parent Relationship": "Outer", "Scan Direction": "Forward", "Index Name": "info_type_pkey", "Relation Name": "info_type", "Alias": "it1", "Startup Cost": 10000000000.0, "Total Cost": 1000000001421.0, "Plan Rows": 1, "Plan Width": 4, "Filter": "((info)::text = 'genres'::text)"}]}]}, {"Node Type": "Hash", "Parent Relationship": "Inner", "Startup Cost": 1000000001421.0, "Total Cost": 1000000001421.0, "Plan Rows": 1, "Plan Width": 4, "Plans": [{"Node Type": "Index Scan", "Parent Relationship": "Outer", "Scan Direction": "Forward", "Index Name": "info_type_pkey", "Relation Name": "info_type", "Alias": "it2", "Startup Cost": 10000000000.0, "Total Cost": 1000000001421.0, "Plan Rows": 1, "Plan Width": 4, "Filter": "((info)::text = 'votes'::text)"}]}]}, {"Node Type": "Hash", "Parent Relationship": "Inner", "Startup Cost": 1000018665147.2, "Total Cost": 1000018665147.2, "Plan Rows": 1740714, "Plan Width": 4, "Plans": [{"Node Type": "Index Scan", "Parent Relationship": "Outer", "Scan Direction": "Forward", "Index Name": "name_pkey", "Relation Name": "name", "Alias": "n", "Startup Cost": 10000000000.0, "Total Cost": 1000018665147.2, "Plan Rows": 1740714, "Plan Width": 4, "Filter": "((gender)::text = 'm'::text), (LLVM Optimized)"}]}]}]}, "Unique SQL Id": 3913857139, "Planner Runtime": 124}, "explain_analyze_plan": null}, "(16, 76)": {"explain_plan": {"Plan": {"Node Type": "Aggregate", "Strategy": "Plain", "Startup Cost": 48970.06, "Total Cost": 48970.07, "Plan Rows": 1, "Plan Width": 160, "Plans": [{"Node Type": "Nested Loop", "Parent Relationship": "Outer", "Join Type": "Inner", "Startup Cost": 4.83, "Total Cost": 48959.46, "Plan Rows": 1413, "Plan Width": 64, "Inner Unique": true, "Plans": [{"Node Type": "Nested Loop", "Parent Relationship": "Outer", "Join Type": "Inner", "Startup Cost": 4.83, "Total Cost": 48380.19, "Plan Rows": 1155, "Plan Width": 68, "Inner Unique": false, "Plans": [{"Node Type": "Nested Loop", "Parent Relationship": "Outer", "Join Type": "Inner", "Startup Cost": 4.83, "Total Cost": 47318.56, "Plan Rows": 1044, "Plan Width": 76, "Inner Unique": true, "Join Filter": "(mi.movie_id = t.id)", "Plans": [{"Node Type": "Hash Join", "Parent Relationship": "Outer", "Join Type": "Inner", "Startup Cost": 4.83, "Total Cost": 46890.37, "Plan Rows": 1044, "Plan Width": 55, "Inner Unique": true, "Hash Cond": "(mi_idx.info_type_id = it2.id)", "Plans": [{"Node Type": "Nested Loop", "Parent Relationship": "Outer", "Join Type": "Inner", "Startup Cost": 2.41, "Total Cost": 46867.05, "Plan Rows": 4175, "Plan Width": 59, "Inner Unique": false, "Plans": [{"Node Type": "Hash Join", "Parent Relationship": "Outer", "Join Type": "Inner", "Startup Cost": 2.41, "Total Cost": 45379.0, "Plan Rows": 2717, "Plan Width": 46, "Inner Unique": true, "Hash Cond": "(mi.info_type_id = it1.id)", "Plans": [{"Node Type": "Streaming(type: LOCAL GATHER dop: 1/16)", "Parent Relationship": "Outer", "Startup Cost": 0.0, "Total Cost": 44636.28, "Plan Rows": 190170, "Plan Width": 50, "Plans": [{"Node Type": "Seq Scan", "Parent Relationship": "Outer", "Relation Name": "movie_info", "Alias": "mi", "Startup Cost": 0.0, "Total Cost": 40532.03, "Plan Rows": 190170, "Plan Width": 50, "Filter": "((info)::text = ANY ('{Horror,Action,Sci-Fi,Thriller,Crime,War}'::text[]))"}]}, {"Node Type": "Hash", "Parent Relationship": "Inner", "Startup Cost": 2.4, "Total Cost": 2.4, "Plan Rows": 1, "Plan Width": 4, "Plans": [{"Node Type": "Seq Scan", "Parent Relationship": "Outer", "Relation Name": "info_type", "Alias": "it1", "Startup Cost": 0.0, "Total Cost": 2.4, "Plan Rows": 1, "Plan Width": 4, "Filter": "((info)::text = 'genres'::text)"}]}]}, {"Node Type": "Index Scan", "Parent Relationship": "Inner", "Scan Direction": "Forward", "Index Name": "movie_id_movie_info_idx", "Relation Name": "movie_info_idx", "Alias": "mi_idx", "Startup Cost": 0.0, "Total Cost": 0.53, "Plan Rows": 2, "Plan Width": 13, "Index Cond": "(movie_id = mi.movie_id)"}]}, {"Node Type": "Hash", "Parent Relationship": "Inner", "Startup Cost": 2.4, "Total Cost": 2.4, "Plan Rows": 1, "Plan Width": 4, "Plans": [{"Node Type": "Seq Scan", "Parent Relationship": "Outer", "Relation Name": "info_type", "Alias": "it2", "Startup Cost": 0.0, "Total Cost": 2.4, "Plan Rows": 1, "Plan Width": 4, "Filter": "((info)::text = 'votes'::text)"}]}]}, {"Node Type": "Index Scan", "Parent Relationship": "Inner", "Scan Direction": "Forward", "Index Name": "title_pkey", "Relation Name": "title", "Alias": "t", "Startup Cost": 0.0, "Total Cost": 0.4, "Plan Rows": 1, "Plan Width": 21, "Index Cond": "(id = mi_idx.movie_id)"}]}, {"Node Type": "Index Scan", "Parent Relationship": "Inner", "Scan Direction": "Forward", "Index Name": "movie_id_cast_info", "Relation Name": "cast_info", "Alias": "ci", "Startup Cost": 0.0, "Total Cost": 1.01, "Plan Rows": 1, "Plan Width": 8, "Index Cond": "(movie_id = t.id)", "Filter": "((note)::text = ANY ('{(writer),\"(head writer)\",\"(written by)\",(story),\"(story editor)\"}'::text[]))"}]}, {"Node Type": "Index Scan", "Parent Relationship": "Inner", "Scan Direction": "Forward", "Index Name": "name_pkey", "Relation Name": "name", "Alias": "n", "Startup Cost": 0.0, "Total Cost": 0.49, "Plan Rows": 1, "Plan Width": 4, "Index Cond": "(id = ci.person_id)", "Filter": "((gender)::text = 'm'::text)"}]}]}, "Unique SQL Id": 3913857139, "Planner Runtime": 94}, "explain_analyze_plan": {"Plan": {"Node Type": "Aggregate", "Strategy": "Plain", "Startup Cost": 48970.06, "Total Cost": 48970.07, "Plan Rows": 1, "Plan Width": 160, "Actual Min Startup Time": 11428.354, "Actual Max Startup Time": 11428.354, "Actual Min Total Time": 11428.354, "Actual Max Total Time": 11428.354, "Plans": [{"Node Type": "Nested Loop", "Parent Relationship": "Outer", "Join Type": "Inner", "Startup Cost": 4.83, "Total Cost": 48959.46, "Plan Rows": 1413, "Plan Width": 64, "Actual Min Startup Time": 421.357, "Actual Max Startup Time": 421.357, "Actual Min Total Time": 11391.752, "Actual Max Total Time": 11391.752, "Inner Unique": true, "Plans": [{"Node Type": "Nested Loop", "Parent Relationship": "Outer", "Join Type": "Inner", "Startup Cost": 4.83, "Total Cost": 48380.19, "Plan Rows": 1155, "Plan Width": 68, "Actual Min Startup Time": 421.33, "Actual Max Startup Time": 421.33, "Actual Min Total Time": 10978.419, "Actual Max Total Time": 10978.419, "Inner Unique": false, "Plans": [{"Node Type": "Nested Loop", "Parent Relationship": "Outer", "Join Type": "Inner", "Startup Cost": 4.83, "Total Cost": 47318.56, "Plan Rows": 1044, "Plan Width": 76, "Actual Min Startup Time": 420.004, "Actual Max Startup Time": 420.004, "Actual Min Total Time": 2049.757, "Actual Max Total Time": 2049.757, "Inner Unique": true, "Join Filter": "(mi.movie_id = t.id)", "Rows Removed by Join Filter": 0, "Plans": [{"Node Type": "Hash Join", "Parent Relationship": "Outer", "Join Type": "Inner", "Startup Cost": 4.83, "Total Cost": 46890.37, "Plan Rows": 1044, "Plan Width": 55, "Actual Min Startup Time": 419.982, "Actual Max Startup Time": 419.982, "Actual Min Total Time": 1501.868, "Actual Max Total Time": 1501.868, "Inner Unique": true, "Hash Cond": "(mi_idx.info_type_id = it2.id)", "Plans": [{"Node Type": "Nested Loop", "Parent Relationship": "Outer", "Join Type": "Inner", "Startup Cost": 2.41, "Total Cost": 46867.05, "Plan Rows": 4175, "Plan Width": 59, "Actual Min Startup Time": 419.853, "Actual Max Startup Time": 419.853, "Actual Min Total Time": 1408.474, "Actual Max Total Time": 1408.474, "Inner Unique": false, "Plans": [{"Node Type": "Hash Join", "Parent Relationship": "Outer", "Join Type": "Inner", "Startup Cost": 2.41, "Total Cost": 45379.0, "Plan Rows": 2717, "Plan Width": 46, "Actual Min Startup Time": 419.811, "Actual Max Startup Time": 419.811, "Actual Min Total Time": 588.454, "Actual Max Total Time": 588.454, "Inner Unique": true, "Hash Cond": "(mi.info_type_id = it1.id)", "Plans": [{"Node Type": "Streaming(type: LOCAL GATHER dop: 1/16)", "Parent Relationship": "Outer", "Startup Cost": 0.0, "Total Cost": 44636.28, "Plan Rows": 190170, "Plan Width": 50, "Actual Min Startup Time": 297.016, "Actual Max Startup Time": 297.016, "Actual Min Total Time": 485.889, "Actual Max Total Time": 485.889, "Plans": [{"Node Type": "Seq Scan", "Parent Relationship": "Outer", "Relation Name": "movie_info", "Alias": "mi", "Startup Cost": 0.0, "Total Cost": 40532.03, "Plan Rows": 190170, "Plan Width": 50, "Actual Min Startup Time": 226.105, "Actual Max Startup Time": 409.58, "Actual Min Total Time": 457.151, "Actual Max Total Time": 472.431, "Filter": "((info)::text = ANY ('{Horror,Action,Sci-Fi,Thriller,Crime,War}'::text[]))", "Rows Removed by Filter": 14646748, "Actual Rows": 188971}], "Actual Rows": 188971}, {"Node Type": "Hash", "Parent Relationship": "Inner", "Startup Cost": 2.4, "Total Cost": 2.4, "Plan Rows": 1, "Plan Width": 4, "Actual Min Startup Time": 0.047, "Actual Max Startup Time": 0.047, "Actual Min Total Time": 0.047, "Actual Max Total Time": 0.047, "Max Hash Buckets": 32768, "Min Hash Buckets": 32768, "Max Hash Batches": 1, "Min Hash Batches": 1, "Max Original Hash Batches": 1, "Min Original Hash Batches": 1, "Max Peak Memory Usage": 1, "min Peak Memory Usage": 1, "Plans": [{"Node Type": "Seq Scan", "Parent Relationship": "Outer", "Relation Name": "info_type", "Alias": "it1", "Startup Cost": 0.0, "Total Cost": 2.4, "Plan Rows": 1, "Plan Width": 4, "Actual Min Startup Time": 0.019, "Actual Max Startup Time": 0.019, "Actual Min Total Time": 0.041, "Actual Max Total Time": 0.041, "Filter": "((info)::text = 'genres'::text)", "Rows Removed by Filter": 111, "Actual Rows": 1}], "Actual Rows": 1}], "Actual Rows": 186594}, {"Node Type": "Index Scan", "Parent Relationship": "Inner", "Scan Direction": "Forward", "Index Name": "movie_id_movie_info_idx", "Relation Name": "movie_info_idx", "Alias": "mi_idx", "Startup Cost": 0.0, "Total Cost": 0.53, "Plan Rows": 2, "Plan Width": 13, "Actual Min Startup Time": 534.672, "Actual Max Startup Time": 534.672, "Actual Min Total Time": 652.765, "Actual Max Total Time": 652.765, "Index Cond": "(movie_id = mi.movie_id)", "Rows Removed by Index Recheck": 0, "Actual Rows": 307785}], "Actual Rows": 307785}, {"Node Type": "Hash", "Parent Relationship": "Inner", "Startup Cost": 2.4, "Total Cost": 2.4, "Plan Rows": 1, "Plan Width": 4, "Actual Min Startup Time": 0.075, "Actual Max Startup Time": 0.075, "Actual Min Total Time": 0.075, "Actual Max Total Time": 0.075, "Max Hash Buckets": 32768, "Min Hash Buckets": 32768, "Max Hash Batches": 1, "Min Hash Batches": 1, "Max Original Hash Batches": 1, "Min Original Hash Batches": 1, "Max Peak Memory Usage": 1, "min Peak Memory Usage": 1, "Plans": [{"Node Type": "Seq Scan", "Parent Relationship": "Outer", "Relation Name": "info_type", "Alias": "it2", "Startup Cost": 0.0, "Total Cost": 2.4, "Plan Rows": 1, "Plan Width": 4, "Actual Min Startup Time": 0.062, "Actual Max Startup Time": 0.062, "Actual Min Total Time": 0.068, "Actual Max Total Time": 0.068, "Filter": "((info)::text = 'votes'::text)", "Rows Removed by Filter": 111, "Actual Rows": 1}], "Actual Rows": 1}], "Actual Rows": 102516}, {"Node Type": "Index Scan", "Parent Relationship": "Inner", "Scan Direction": "Forward", "Index Name": "title_pkey", "Relation Name": "title", "Alias": "t", "Startup Cost": 0.0, "Total Cost": 0.4, "Plan Rows": 1, "Plan Width": 21, "Actual Min Startup Time": 443.111, "Actual Max Startup Time": 443.111, "Actual Min Total Time": 443.111, "Actual Max Total Time": 443.111, "Index Cond": "(id = mi_idx.movie_id)", "Rows Removed by Index Recheck": 0, "Actual Rows": 102516}], "Actual Rows": 102516}, {"Node Type": "Index Scan", "Parent Relationship": "Inner", "Scan Direction": "Forward", "Index Name": "movie_id_cast_info", "Relation Name": "cast_info", "Alias": "ci", "Startup Cost": 0.0, "Total Cost": 1.01, "Plan Rows": 1, "Plan Width": 8, "Actual Min Startup Time": 7551.12, "Actual Max Startup Time": 7551.12, "Actual Min Total Time": 8858.779, "Actual Max Total Time": 8858.779, "Index Cond": "(movie_id = t.id)", "Rows Removed by Index Recheck": 0, "Filter": "((note)::text = ANY ('{(writer),\"(head writer)\",\"(written by)\",(story),\"(story editor)\"}'::text[]))", "Rows Removed by Filter": 3987641, "Actual Rows": 54155}], "Actual Rows": 54155}, {"Node Type": "Index Scan", "Parent Relationship": "Inner", "Scan Direction": "Forward", "Index Name": "name_pkey", "Relation Name": "name", "Alias": "n", "Startup Cost": 0.0, "Total Cost": 0.49, "Plan Rows": 1, "Plan Width": 4, "Actual Min Startup Time": 368.426, "Actual Max Startup Time": 368.426, "Actual Min Total Time": 368.426, "Actual Max Total Time": 368.426, "Index Cond": "(id = ci.person_id)", "Rows Removed by Index Recheck": 0, "Filter": "((gender)::text = 'm'::text)", "Rows Removed by Filter": 26082, "Actual Rows": 28073}], "Actual Rows": 28073}], "Actual Rows": 1}, "Triggers": [], "Planner Runtime": 87, "Total Runtime": 11431.111, "Unique SQL Id": 3913857139}}, "(16, 77)": {"explain_plan": {"Plan": {"Node Type": "Aggregate", "Strategy": "Plain", "Startup Cost": 383291.22, "Total Cost": 383291.23, "Plan Rows": 1, "Plan Width": 160, "Plans": [{"Node Type": "Nested Loop", "Parent Relationship": "Outer", "Join Type": "Inner", "Startup Cost": 14.22, "Total Cost": 383280.62, "Plan Rows": 1413, "Plan Width": 64, "Inner Unique": true, "Plans": [{"Node Type": "Nested Loop", "Parent Relationship": "Outer", "Join Type": "Inner", "Startup Cost": 14.22, "Total Cost": 382701.35, "Plan Rows": 1155, "Plan Width": 68, "Inner Unique": false, "Plans": [{"Node Type": "Nested Loop", "Parent Relationship": "Outer", "Join Type": "Inner", "Startup Cost": 14.22, "Total Cost": 381639.72, "Plan Rows": 1044, "Plan Width": 76, "Inner Unique": true, "Join Filter": "(mi.movie_id = t.id)", "Plans": [{"Node Type": "Hash Join", "Parent Relationship": "Outer", "Join Type": "Inner", "Startup Cost": 14.22, "Total Cost": 381211.53, "Plan Rows": 1044, "Plan Width": 55, "Inner Unique": true, "Hash Cond": "(mi.info_type_id = it1.id)", "Plans": [{"Node Type": "Nested Loop", "Parent Relationship": "Outer", "Join Type": "Inner", "Startup Cost": 0.0, "Total Cost": 380590.58, "Plan Rows": 229029, "Plan Width": 59, "Inner Unique": false, "Plans": [{"Node Type": "Nested Loop", "Parent Relationship": "Outer", "Join Type": "Inner", "Startup Cost": 0.0, "Total Cost": 38338.2, "Plan Rows": 345008, "Plan Width": 9, "Inner Unique": false, "Plans": [{"Node Type": "Index Scan", "Parent Relationship": "Outer", "Scan Direction": "Forward", "Index Name": "info_type_pkey", "Relation Name": "info_type", "Alias": "it2", "Startup Cost": 0.0, "Total Cost": 14.21, "Plan Rows": 1, "Plan Width": 4, "Filter": "((info)::text = 'votes'::text)"}, {"Node Type": "Index Scan", "Parent Relationship": "Inner", "Scan Direction": "Forward", "Index Name": "info_type_id_movie_info_idx", "Relation Name": "movie_info_idx", "Alias": "mi_idx", "Startup Cost": 0.0, "Total Cost": 34873.91, "Plan Rows": 345008, "Plan Width": 13, "Index Cond": "(info_type_id = it2.id), (LLVM Optimized)"}]}, {"Node Type": "Index Scan", "Parent Relationship": "Inner", "Scan Direction": "Forward", "Index Name": "movie_id_movie_info", "Relation Name": "movie_info", "Alias": "mi", "Startup Cost": 0.0, "Total Cost": 0.98, "Plan Rows": 1, "Plan Width": 50, "Index Cond": "(movie_id = mi_idx.movie_id)", "Filter": "((info)::text = ANY ('{Horror,Action,Sci-Fi,Thriller,Crime,War}'::text[]))"}]}, {"Node Type": "Hash", "Parent Relationship": "Inner", "Startup Cost": 14.21, "Total Cost": 14.21, "Plan Rows": 1, "Plan Width": 4, "Plans": [{"Node Type": "Index Scan", "Parent Relationship": "Outer", "Scan Direction": "Forward", "Index Name": "info_type_pkey", "Relation Name": "info_type", "Alias": "it1", "Startup Cost": 0.0, "Total Cost": 14.21, "Plan Rows": 1, "Plan Width": 4, "Filter": "((info)::text = 'genres'::text)"}]}]}, {"Node Type": "Index Scan", "Parent Relationship": "Inner", "Scan Direction": "Forward", "Index Name": "title_pkey", "Relation Name": "title", "Alias": "t", "Startup Cost": 0.0, "Total Cost": 0.4, "Plan Rows": 1, "Plan Width": 21, "Index Cond": "(id = mi_idx.movie_id)"}]}, {"Node Type": "Index Scan", "Parent Relationship": "Inner", "Scan Direction": "Forward", "Index Name": "movie_id_cast_info", "Relation Name": "cast_info", "Alias": "ci", "Startup Cost": 0.0, "Total Cost": 1.01, "Plan Rows": 1, "Plan Width": 8, "Index Cond": "(movie_id = t.id)", "Filter": "((note)::text = ANY ('{(writer),\"(head writer)\",\"(written by)\",(story),\"(story editor)\"}'::text[]))"}]}, {"Node Type": "Index Scan", "Parent Relationship": "Inner", "Scan Direction": "Forward", "Index Name": "name_pkey", "Relation Name": "name", "Alias": "n", "Startup Cost": 0.0, "Total Cost": 0.49, "Plan Rows": 1, "Plan Width": 4, "Index Cond": "(id = ci.person_id)", "Filter": "((gender)::text = 'm'::text)"}]}]}, "Unique SQL Id": 3913857139, "Planner Runtime": 30}, "explain_analyze_plan": {"Plan": {"Node Type": "Aggregate", "Strategy": "Plain", "Startup Cost": 383291.22, "Total Cost": 383291.23, "Plan Rows": 1, "Plan Width": 160, "Actual Startup Time": 19726.068, "Actual Total Time": 19726.068, "Actual Rows": 1, "Actual Loops": 1, "Plans": [{"Node Type": "Nested Loop", "Parent Relationship": "Outer", "Join Type": "Inner", "Startup Cost": 14.22, "Total Cost": 383280.62, "Plan Rows": 1413, "Plan Width": 64, "Actual Startup Time": 29.467, "Actual Total Time": 19684.522, "Actual Rows": 28073, "Actual Loops": 1, "Inner Unique": true, "Plans": [{"Node Type": "Nested Loop", "Parent Relationship": "Outer", "Join Type": "Inner", "Startup Cost": 14.22, "Total Cost": 382701.35, "Plan Rows": 1155, "Plan Width": 68, "Actual Startup Time": 14.626, "Actual Total Time": 19249.255, "Actual Rows": 54155, "Actual Loops": 1, "Inner Unique": false, "Plans": [{"Node Type": "Nested Loop", "Parent Relationship": "Outer", "Join Type": "Inner", "Startup Cost": 14.22, "Total Cost": 381639.72, "Plan Rows": 1044, "Plan Width": 76, "Actual Startup Time": 0.893, "Actual Total Time": 10080.316, "Actual Rows": 102516, "Actual Loops": 1, "Inner Unique": true, "Join Filter": "(mi.movie_id = t.id)", "Rows Removed by Join Filter": 0, "Plans": [{"Node Type": "Hash Join", "Parent Relationship": "Outer", "Join Type": "Inner", "Startup Cost": 14.22, "Total Cost": 381211.53, "Plan Rows": 1044, "Plan Width": 55, "Actual Startup Time": 0.881, "Actual Total Time": 9489.984, "Actual Rows": 102516, "Actual Loops": 1, "Inner Unique": true, "Hash Cond": "(mi.info_type_id = it1.id)", "Plans": [{"Node Type": "Nested Loop", "Parent Relationship": "Outer", "Join Type": "Inner", "Startup Cost": 0.0, "Total Cost": 380590.58, "Plan Rows": 229029, "Plan Width": 59, "Actual Startup Time": 0.775, "Actual Total Time": 9422.531, "Actual Rows": 104892, "Actual Loops": 1, "Inner Unique": false, "Plans": [{"Node Type": "Nested Loop", "Parent Relationship": "Outer", "Join Type": "Inner", "Startup Cost": 0.0, "Total Cost": 38338.2, "Plan Rows": 345008, "Plan Width": 9, "Actual Startup Time": 0.09, "Actual Total Time": 404.438, "Actual Rows": 459925, "Actual Loops": 1, "Inner Unique": false, "Plans": [{"Node Type": "Index Scan", "Parent Relationship": "Outer", "Scan Direction": "Forward", "Index Name": "info_type_pkey", "Relation Name": "info_type", "Alias": "it2", "Startup Cost": 0.0, "Total Cost": 14.21, "Plan Rows": 1, "Plan Width": 4, "Actual Startup Time": 0.071, "Actual Total Time": 0.087, "Actual Rows": 1, "Actual Loops": 1, "Filter": "((info)::text = 'votes'::text)", "Rows Removed by Filter": 111}, {"Node Type": "Index Scan", "Parent Relationship": "Inner", "Scan Direction": "Forward", "Index Name": "info_type_id_movie_info_idx", "Relation Name": "movie_info_idx", "Alias": "mi_idx", "Startup Cost": 0.0, "Total Cost": 34873.91, "Plan Rows": 345008, "Plan Width": 13, "Actual Startup Time": 0.015, "Actual Total Time": 295.839, "Actual Rows": 459925, "Actual Loops": 1, "Index Cond": "(info_type_id = it2.id), (LLVM Optimized, Jit Execute)", "Rows Removed by Index Recheck": 0}]}, {"Node Type": "Index Scan", "Parent Relationship": "Inner", "Scan Direction": "Forward", "Index Name": "movie_id_movie_info", "Relation Name": "movie_info", "Alias": "mi", "Startup Cost": 0.0, "Total Cost": 0.98, "Plan Rows": 1, "Plan Width": 50, "Actual Startup Time": 8584.991, "Actual Total Time": 8748.43, "Actual Rows": 104892, "Actual Loops": 459925, "Index Cond": "(movie_id = mi_idx.movie_id)", "Rows Removed by Index Recheck": 0, "Filter": "((info)::text = ANY ('{Horror,Action,Sci-Fi,Thriller,Crime,War}'::text[]))", "Rows Removed by Filter": 6825442}]}, {"Node Type": "Hash", "Parent Relationship": "Inner", "Startup Cost": 14.21, "Total Cost": 14.21, "Plan Rows": 1, "Plan Width": 4, "Actual Startup Time": 0.063, "Actual Total Time": 0.063, "Actual Rows": 1, "Actual Loops": 1, "Hash Buckets": 32768, "Hash Batches": 1, "Original Hash Batches": 1, "Peak Memory Usage": 1, "Plans": [{"Node Type": "Index Scan", "Parent Relationship": "Outer", "Scan Direction": "Forward", "Index Name": "info_type_pkey", "Relation Name": "info_type", "Alias": "it1", "Startup Cost": 0.0, "Total Cost": 14.21, "Plan Rows": 1, "Plan Width": 4, "Actual Startup Time": 0.012, "Actual Total Time": 0.057, "Actual Rows": 1, "Actual Loops": 1, "Filter": "((info)::text = 'genres'::text)", "Rows Removed by Filter": 111}]}]}, {"Node Type": "Index Scan", "Parent Relationship": "Inner", "Scan Direction": "Forward", "Index Name": "title_pkey", "Relation Name": "title", "Alias": "t", "Startup Cost": 0.0, "Total Cost": 0.4, "Plan Rows": 1, "Plan Width": 21, "Actual Startup Time": 470.468, "Actual Total Time": 470.468, "Actual Rows": 102516, "Actual Loops": 102516, "Index Cond": "(id = mi_idx.movie_id)", "Rows Removed by Index Recheck": 0}]}, {"Node Type": "Index Scan", "Parent Relationship": "Inner", "Scan Direction": "Forward", "Index Name": "movie_id_cast_info", "Relation Name": "cast_info", "Alias": "ci", "Startup Cost": 0.0, "Total Cost": 1.01, "Plan Rows": 1, "Plan Width": 8, "Actual Startup Time": 7755.277, "Actual Total Time": 9096.941, "Actual Rows": 54155, "Actual Loops": 102516, "Index Cond": "(movie_id = t.id)", "Rows Removed by Index Recheck": 0, "Filter": "((note)::text = ANY ('{(writer),\"(head writer)\",\"(written by)\",(story),\"(story editor)\"}'::text[]))", "Rows Removed by Filter": 3987641}]}, {"Node Type": "Index Scan", "Parent Relationship": "Inner", "Scan Direction": "Forward", "Index Name": "name_pkey", "Relation Name": "name", "Alias": "n", "Startup Cost": 0.0, "Total Cost": 0.49, "Plan Rows": 1, "Plan Width": 4, "Actual Startup Time": 388.127, "Actual Total Time": 388.127, "Actual Rows": 28073, "Actual Loops": 54155, "Index Cond": "(id = ci.person_id)", "Rows Removed by Index Recheck": 0, "Filter": "((gender)::text = 'm'::text)", "Rows Removed by Filter": 26082}]}]}, "Triggers": [], "Planner Runtime": 23, "Total Runtime": 19735.053, "Unique SQL Id": 3913857139}}, "(16, 78)": {"explain_plan": {"Plan": {"Node Type": "Aggregate", "Strategy": "Plain", "Startup Cost": 219702.22, "Total Cost": 219702.26, "Plan Rows": 1, "Plan Width": 160, "Plans": [{"Node Type": "Streaming(type: LOCAL GATHER dop: 1/16)", "Parent Relationship": "Outer", "Startup Cost": 219702.22, "Total Cost": 219702.26, "Plan Rows": 1, "Plan Width": 160, "Plans": [{"Node Type": "Aggregate", "Strategy": "Plain", "Parent Relationship": "Outer", "Startup Cost": 219702.22, "Total Cost": 219702.23, "Plan Rows": 1, "Plan Width": 160, "Plans": [{"Node Type": "Hash Join", "Parent Relationship": "Outer", "Join Type": "Inner", "Startup Cost": 112543.48, "Total Cost": 219691.62, "Plan Rows": 1413, "Plan Width": 64, "Inner Unique": true, "Hash Cond": "(ci.person_id = n.id)", "Plans": [{"Node Type": "Streaming(type: BROADCAST dop: 16/16)", "Parent Relationship": "Outer", "Startup Cost": 105816.51, "Total Cost": 212959.44, "Plan Rows": 18480, "Plan Width": 68, "Plans": [{"Node Type": "Hash Join", "Parent Relationship": "Outer", "Join Type": "Inner", "Startup Cost": 105816.51, "Total Cost": 197912.51, "Plan Rows": 1155, "Plan Width": 68, "Inner Unique": true, "Hash Cond": "(mi.movie_id = t.id)", "Plans": [{"Node Type": "Streaming(type: BROADCAST dop: 16/16)", "Parent Relationship": "Outer", "Startup Cost": 85086.95, "Total Cost": 177177.9, "Plan Rows": 18480, "Plan Width": 63, "Plans": [{"Node Type": "Hash Join", "Parent Relationship": "Outer", "Join Type": "Inner", "Startup Cost": 85086.95, "Total Cost": 162130.98, "Plan Rows": 1155, "Plan Width": 63, "Inner Unique": false, "Hash Cond": "(mi.movie_id = ci.movie_id)", "Plans": [{"Node Type": "Streaming(type: BROADCAST dop: 16/1)", "Parent Relationship": "Outer", "Startup Cost": 17350.12, "Total Cost": 94161.14, "Plan Rows": 16704, "Plan Width": 55, "Plans": [{"Node Type": "Hash Join", "Parent Relationship": "Outer", "Join Type": "Inner", "Startup Cost": 17350.12, "Total Cost": 78800.64, "Plan Rows": 1044, "Plan Width": 55, "Inner Unique": true, "Hash Cond": "(mi_idx.info_type_id = it2.id)", "Plans": [{"Node Type": "Streaming(type: LOCAL GATHER dop: 1/16)", "Parent Relationship": "Outer", "Startup Cost": 17347.71, "Total Cost": 78775.6, "Plan Rows": 4175, "Plan Width": 59, "Plans": [{"Node Type": "Hash Join", "Parent Relationship": "Outer", "Join Type": "Inner", "Startup Cost": 17347.71, "Total Cost": 78685.5, "Plan Rows": 4175, "Plan Width": 59, "Inner Unique": false, "Hash Cond": "(mi.movie_id = mi_idx.movie_id)", "Plans": [{"Node Type": "Streaming(type: BROADCAST dop: 16/1)", "Parent Relationship": "Outer", "Startup Cost": 2.41, "Total Cost": 61317.21, "Plan Rows": 43472, "Plan Width": 46, "Plans": [{"Node Type": "Hash Join", "Parent Relationship": "Outer", "Join Type": "Inner", "Startup Cost": 2.41, "Total Cost": 45379.0, "Plan Rows": 2717, "Plan Width": 46, "Inner Unique": true, "Hash Cond": "(mi.info_type_id = it1.id)", "Plans": [{"Node Type": "Streaming(type: LOCAL GATHER dop: 1/16)", "Parent Relationship": "Outer", "Startup Cost": 0.0, "Total Cost": 44636.28, "Plan Rows": 190170, "Plan Width": 50, "Plans": [{"Node Type": "Seq Scan", "Parent Relationship": "Outer", "Relation Name": "movie_info", "Alias": "mi", "Startup Cost": 0.0, "Total Cost": 40532.03, "Plan Rows": 190170, "Plan Width": 50, "Filter": "((info)::text = ANY ('{Horror,Action,Sci-Fi,Thriller,Crime,War}'::text[]))"}]}, {"Node Type": "Hash", "Parent Relationship": "Inner", "Startup Cost": 2.4, "Total Cost": 2.4, "Plan Rows": 1, "Plan Width": 4, "Plans": [{"Node Type": "Seq Scan", "Parent Relationship": "Outer", "Relation Name": "info_type", "Alias": "it1", "Startup Cost": 0.0, "Total Cost": 2.4, "Plan Rows": 1, "Plan Width": 4, "Filter": "((info)::text = 'genres'::text)"}]}]}]}, {"Node Type": "Hash", "Parent Relationship": "Inner", "Startup Cost": 16267.15, "Total Cost": 16267.15, "Plan Rows": 1380034, "Plan Width": 13, "Plans": [{"Node Type": "Seq Scan", "Parent Relationship": "Outer", "Relation Name": "movie_info_idx", "Alias": "mi_idx", "Startup Cost": 0.0, "Total Cost": 16267.15, "Plan Rows": 1380034, "Plan Width": 13}]}]}]}, {"Node Type": "Hash", "Parent Relationship": "Inner", "Startup Cost": 2.4, "Total Cost": 2.4, "Plan Rows": 1, "Plan Width": 4, "Plans": [{"Node Type": "Seq Scan", "Parent Relationship": "Outer", "Relation Name": "info_type", "Alias": "it2", "Startup Cost": 0.0, "Total Cost": 2.4, "Plan Rows": 1, "Plan Width": 4, "Filter": "((info)::text = 'votes'::text)"}]}]}]}, {"Node Type": "Hash", "Parent Relationship": "Inner", "Startup Cost": 66781.24, "Total Cost": 66781.24, "Plan Rows": 1223154, "Plan Width": 8, "Plans": [{"Node Type": "Seq Scan", "Parent Relationship": "Outer", "Relation Name": "cast_info", "Alias": "ci", "Startup Cost": 0.0, "Total Cost": 66781.24, "Plan Rows": 1223154, "Plan Width": 8, "Filter": "((note)::text = ANY ('{(writer),\"(head writer)\",\"(written by)\",(story),\"(story editor)\"}'::text[]))"}]}]}]}, {"Node Type": "Hash", "Parent Relationship": "Inner", "Startup Cost": 18754.32, "Total Cost": 18754.32, "Plan Rows": 2528311, "Plan Width": 21, "Plans": [{"Node Type": "Seq Scan", "Parent Relationship": "Outer", "Relation Name": "title", "Alias": "t", "Startup Cost": 0.0, "Total Cost": 18754.32, "Plan Rows": 2528311, "Plan Width": 21}]}]}]}, {"Node Type": "Hash", "Parent Relationship": "Inner", "Startup Cost": 21468.16, "Total Cost": 21468.16, "Plan Rows": 1740714, "Plan Width": 4, "Plans": [{"Node Type": "Seq Scan", "Parent Relationship": "Outer", "Relation Name": "name", "Alias": "n", "Startup Cost": 0.0, "Total Cost": 21468.16, "Plan Rows": 1740714, "Plan Width": 4, "Filter": "((gender)::text = 'm'::text), (LLVM Optimized)"}]}]}]}]}]}, "Unique SQL Id": 3913857139, "Planner Runtime": 171}, "explain_analyze_plan": {"Plan": {"Node Type": "Aggregate", "Strategy": "Plain", "Startup Cost": 219702.22, "Total Cost": 219702.26, "Plan Rows": 1, "Plan Width": 160, "Actual Min Startup Time": 2932.963, "Actual Max Startup Time": 2932.963, "Actual Min Total Time": 2932.963, "Actual Max Total Time": 2932.963, "Plans": [{"Node Type": "Streaming(type: LOCAL GATHER dop: 1/16)", "Parent Relationship": "Outer", "Startup Cost": 219702.22, "Total Cost": 219702.26, "Plan Rows": 1, "Plan Width": 160, "Actual Min Startup Time": 2932.239, "Actual Max Startup Time": 2932.239, "Actual Min Total Time": 2932.918, "Actual Max Total Time": 2932.918, "Plans": [{"Node Type": "Aggregate", "Strategy": "Plain", "Parent Relationship": "Outer", "Startup Cost": 219702.22, "Total Cost": 219702.23, "Plan Rows": 1, "Plan Width": 160, "Actual Min Startup Time": 2764.677, "Actual Max Startup Time": 2832.265, "Actual Min Total Time": 2764.677, "Actual Max Total Time": 2832.265, "Plans": [{"Node Type": "Hash Join", "Parent Relationship": "Outer", "Join Type": "Inner", "Startup Cost": 112543.48, "Total Cost": 219691.62, "Plan Rows": 1413, "Plan Width": 64, "Actual Min Startup Time": 949.353, "Actual Max Startup Time": 1016.927, "Actual Min Total Time": 2763.218, "Actual Max Total Time": 2830.705, "Inner Unique": true, "Hash Cond": "(ci.person_id = n.id)", "Plans": [{"Node Type": "Streaming(type: BROADCAST dop: 16/16)", "Parent Relationship": "Outer", "Startup Cost": 105816.51, "Total Cost": 212959.44, "Plan Rows": 18480, "Plan Width": 68, "Actual Min Startup Time": 815.893, "Actual Max Startup Time": 860.927, "Actual Min Total Time": 2611.444, "Actual Max Total Time": 2659.687, "Plans": [{"Node Type": "Hash Join", "Parent Relationship": "Outer", "Join Type": "Inner", "Startup Cost": 105816.51, "Total Cost": 197912.51, "Plan Rows": 1155, "Plan Width": 68, "Actual Min Startup Time": 946.621, "Actual Max Startup Time": 1006.919, "Actual Min Total Time": 2745.974, "Actual Max Total Time": 2798.171, "Inner Unique": true, "Hash Cond": "(mi.movie_id = t.id)", "Plans": [{"Node Type": "Streaming(type: BROADCAST dop: 16/16)", "Parent Relationship": "Outer", "Startup Cost": 85086.95, "Total Cost": 177177.9, "Plan Rows": 18480, "Plan Width": 63, "Actual Min Startup Time": 830.355, "Actual Max Startup Time": 879.278, "Actual Min Total Time": 2603.304, "Actual Max Total Time": 2646.038, "Plans": [{"Node Type": "Hash Join", "Parent Relationship": "Outer", "Join Type": "Inner", "Startup Cost": 85086.95, "Total Cost": 162130.98, "Plan Rows": 1155, "Plan Width": 63, "Actual Min Startup Time": 895.556, "Actual Max Startup Time": 948.976, "Actual Min Total Time": 2749.772, "Actual Max Total Time": 2797.712, "Inner Unique": false, "Hash Cond": "(mi.movie_id = ci.movie_id)", "Plans": [{"Node Type": "Streaming(type: BROADCAST dop: 16/1)", "Parent Relationship": "Outer", "Startup Cost": 17350.12, "Total Cost": 94161.14, "Plan Rows": 16704, "Plan Width": 55, "Actual Min Startup Time": 0.038, "Actual Max Startup Time": 0.104, "Actual Min Total Time": 1811.668, "Actual Max Total Time": 1872.266, "Plans": [{"Node Type": "Hash Join", "Parent Relationship": "Outer", "Join Type": "Inner", "Startup Cost": 17350.12, "Total Cost": 78800.64, "Plan Rows": 1044, "Plan Width": 55, "Actual Min Startup Time": 377.41, "Actual Max Startup Time": 377.41, "Actual Min Total Time": 1386.403, "Actual Max Total Time": 1386.403, "Inner Unique": true, "Hash Cond": "(mi_idx.info_type_id = it2.id)", "Plans": [{"Node Type": "Streaming(type: LOCAL GATHER dop: 1/16)", "Parent Relationship": "Outer", "Startup Cost": 17347.71, "Total Cost": 78775.6, "Plan Rows": 4175, "Plan Width": 59, "Actual Min Startup Time": 377.275, "Actual Max Startup Time": 377.275, "Actual Min Total Time": 1301.983, "Actual Max Total Time": 1301.983, "Plans": [{"Node Type": "Hash Join", "Parent Relationship": "Outer", "Join Type": "Inner", "Startup Cost": 17347.71, "Total Cost": 78685.5, "Plan Rows": 4175, "Plan Width": 59, "Actual Min Startup Time": 366.794, "Actual Max Startup Time": 1218.923, "Actual Min Total Time": 2200.301, "Actual Max Total Time": 2812.095, "Inner Unique": false, "Hash Cond": "(mi.movie_id = mi_idx.movie_id)", "Plans": [{"Node Type": "Streaming(type: BROADCAST dop: 16/1)", "Parent Relationship": "Outer", "Startup Cost": 2.41, "Total Cost": 61317.21, "Plan Rows": 43472, "Plan Width": 46, "Actual Min Startup Time": 265.673, "Actual Max Startup Time": 317.669, "Actual Min Total Time": 2047.413, "Actual Max Total Time": 2682.092, "Plans": [{"Node Type": "Hash Join", "Parent Relationship": "Outer", "Join Type": "Inner", "Startup Cost": 2.41, "Total Cost": 45379.0, "Plan Rows": 2717, "Plan Width": 46, "Actual Min Startup Time": 372.189, "Actual Max Startup Time": 372.189, "Actual Min Total Time": 508.053, "Actual Max Total Time": 508.053, "Inner Unique": true, "Hash Cond": "(mi.info_type_id = it1.id)", "Plans": [{"Node Type": "Streaming(type: LOCAL GATHER dop: 1/16)", "Parent Relationship": "Outer", "Startup Cost": 0.0, "Total Cost": 44636.28, "Plan Rows": 190170, "Plan Width": 50, "Actual Min Startup Time": 247.182, "Actual Max Startup Time": 247.182, "Actual Min Total Time": 429.737, "Actual Max Total Time": 429.737, "Plans": [{"Node Type": "Seq Scan", "Parent Relationship": "Outer", "Relation Name": "movie_info", "Alias": "mi", "Startup Cost": 0.0, "Total Cost": 40532.03, "Plan Rows": 190170, "Plan Width": 50, "Actual Min Startup Time": 234.558, "Actual Max Startup Time": 419.382, "Actual Min Total Time": 459.789, "Actual Max Total Time": 483.842, "Filter": "((info)::text = ANY ('{Horror,Action,Sci-Fi,Thriller,Crime,War}'::text[]))", "Rows Removed by Filter": 14646748, "Actual Rows": 188971}], "Actual Rows": 188971}, {"Node Type": "Hash", "Parent Relationship": "Inner", "Startup Cost": 2.4, "Total Cost": 2.4, "Plan Rows": 1, "Plan Width": 4, "Actual Min Startup Time": 0.085, "Actual Max Startup Time": 0.085, "Actual Min Total Time": 0.085, "Actual Max Total Time": 0.085, "Max Hash Buckets": 32768, "Min Hash Buckets": 32768, "Max Hash Batches": 1, "Min Hash Batches": 1, "Max Original Hash Batches": 1, "Min Original Hash Batches": 1, "Max Peak Memory Usage": 1, "min Peak Memory Usage": 1, "Plans": [{"Node Type": "Seq Scan", "Parent Relationship": "Outer", "Relation Name": "info_type", "Alias": "it1", "Startup Cost": 0.0, "Total Cost": 2.4, "Plan Rows": 1, "Plan Width": 4, "Actual Min Startup Time": 0.049, "Actual Max Startup Time": 0.049, "Actual Min Total Time": 0.073, "Actual Max Total Time": 0.073, "Filter": "((info)::text = 'genres'::text)", "Rows Removed by Filter": 111, "Actual Rows": 1}], "Actual Rows": 1}], "Actual Rows": 186594}], "Actual Rows": 2985504}, {"Node Type": "Hash", "Parent Relationship": "Inner", "Startup Cost": 16267.15, "Total Cost": 16267.15, "Plan Rows": 1380034, "Plan Width": 13, "Actual Min Startup Time": 71.038, "Actual Max Startup Time": 93.237, "Actual Min Total Time": 71.038, "Actual Max Total Time": 93.237, "Max Hash Buckets": 131072, "Min Hash Buckets": 131072, "Max Hash Batches": 1, "Min Hash Batches": 1, "Max Original Hash Batches": 1, "Min Original Hash Batches": 1, "Max Peak Memory Usage": 4602, "min Peak Memory Usage": 4602, "Plans": [{"Node Type": "Seq Scan", "Parent Relationship": "Outer", "Relation Name": "movie_info_idx", "Alias": "mi_idx", "Startup Cost": 0.0, "Total Cost": 16267.15, "Plan Rows": 1380034, "Plan Width": 13, "Actual Min Startup Time": 0.044, "Actual Max Startup Time": 3.446, "Actual Min Total Time": 26.085, "Actual Max Total Time": 31.543, "Actual Rows": 1380034}], "Actual Rows": 1380034}], "Actual Rows": 307785}], "Actual Rows": 307785}, {"Node Type": "Hash", "Parent Relationship": "Inner", "Startup Cost": 2.4, "Total Cost": 2.4, "Plan Rows": 1, "Plan Width": 4, "Actual Min Startup Time": 0.085, "Actual Max Startup Time": 0.085, "Actual Min Total Time": 0.085, "Actual Max Total Time": 0.085, "Max Hash Buckets": 32768, "Min Hash Buckets": 32768, "Max Hash Batches": 1, "Min Hash Batches": 1, "Max Original Hash Batches": 1, "Min Original Hash Batches": 1, "Max Peak Memory Usage": 1, "min Peak Memory Usage": 1, "Plans": [{"Node Type": "Seq Scan", "Parent Relationship": "Outer", "Relation Name": "info_type", "Alias": "it2", "Startup Cost": 0.0, "Total Cost": 2.4, "Plan Rows": 1, "Plan Width": 4, "Actual Min Startup Time": 0.067, "Actual Max Startup Time": 0.067, "Actual Min Total Time": 0.073, "Actual Max Total Time": 0.073, "Filter": "((info)::text = 'votes'::text)", "Rows Removed by Filter": 111, "Actual Rows": 1}], "Actual Rows": 1}], "Actual Rows": 102516}], "Actual Rows": 1640256}, {"Node Type": "Hash", "Parent Relationship": "Inner", "Startup Cost": 66781.24, "Total Cost": 66781.24, "Plan Rows": 1223154, "Plan Width": 8, "Actual Min Startup Time": 892.949, "Actual Max Startup Time": 912.206, "Actual Min Total Time": 892.949, "Actual Max Total Time": 912.206, "Max Hash Buckets": 131072, "Min Hash Buckets": 131072, "Max Hash Batches": 1, "Min Hash Batches": 1, "Max Original Hash Batches": 1, "Min Original Hash Batches": 1, "Max Peak Memory Usage": 3042, "min Peak Memory Usage": 3042, "Plans": [{"Node Type": "Seq Scan", "Parent Relationship": "Outer", "Relation Name": "cast_info", "Alias": "ci", "Startup Cost": 0.0, "Total Cost": 66781.24, "Plan Rows": 1223154, "Plan Width": 8, "Actual Min Startup Time": 25.065, "Actual Max Startup Time": 457.566, "Actual Min Total Time": 870.947, "Actual Max Total Time": 888.673, "Filter": "((note)::text = ANY ('{(writer),\"(head writer)\",\"(written by)\",(story),\"(story editor)\"}'::text[]))", "Rows Removed by Filter": 34999627, "Actual Rows": 1244716}], "Actual Rows": 1244716}], "Actual Rows": 54155}], "Actual Rows": 866480}, {"Node Type": "Hash", "Parent Relationship": "Inner", "Startup Cost": 18754.32, "Total Cost": 18754.32, "Plan Rows": 2528311, "Plan Width": 21, "Actual Min Startup Time": 104.141, "Actual Max Startup Time": 143.467, "Actual Min Total Time": 104.141, "Actual Max Total Time": 143.467, "Max Hash Buckets": 262144, "Min Hash Buckets": 262144, "Max Hash Batches": 1, "Min Hash Batches": 1, "Max Original Hash Batches": 1, "Min Original Hash Batches": 1, "Max Peak Memory Usage": 8595, "min Peak Memory Usage": 8595, "Plans": [{"Node Type": "Seq Scan", "Parent Relationship": "Outer", "Relation Name": "title", "Alias": "t", "Startup Cost": 0.0, "Total Cost": 18754.32, "Plan Rows": 2528311, "Plan Width": 21, "Actual Min Startup Time": 0.027, "Actual Max Startup Time": 0.735, "Actual Min Total Time": 51.288, "Actual Max Total Time": 55.428, "Actual Rows": 2528311}], "Actual Rows": 2528311}], "Actual Rows": 54155}], "Actual Rows": 866480}, {"Node Type": "Hash", "Parent Relationship": "Inner", "Startup Cost": 21468.16, "Total Cost": 21468.16, "Plan Rows": 1740714, "Plan Width": 4, "Actual Min Startup Time": 127.238, "Actual Max Startup Time": 165.496, "Actual Min Total Time": 127.238, "Actual Max Total Time": 165.496, "Max Hash Buckets": 131072, "Min Hash Buckets": 131072, "Max Hash Batches": 1, "Min Hash Batches": 1, "Max Original Hash Batches": 1, "Min Original Hash Batches": 1, "Max Peak Memory Usage": 3968, "min Peak Memory Usage": 3968, "Plans": [{"Node Type": "Seq Scan", "Parent Relationship": "Outer", "Relation Name": "name", "Alias": "n", "Startup Cost": 0.0, "Total Cost": 21468.16, "Plan Rows": 1740714, "Plan Width": 4, "Actual Min Startup Time": 0.027, "Actual Max Startup Time": 0.057, "Actual Min Total Time": 96.82, "Actual Max Total Time": 102.05, "Filter": "((gender)::text = 'm'::text), (LLVM Optimized, Jit Execute)", "Rows Removed by Filter": 2427912, "Actual Rows": 1739578}], "Actual Rows": 1739578}], "Actual Rows": 28073}], "Actual Rows": 16}], "Actual Rows": 16}], "Actual Rows": 1}, "Triggers": [], "Planner Runtime": 157, "Total Runtime": 2959.787, "Unique SQL Id": 3913857139}}, "(16, 79)": {"explain_plan": {"Plan": {"Node Type": "Aggregate", "Strategy": "Plain", "Startup Cost": 6995128315390.61, "Total Cost": 6995128315390.62, "Plan Rows": 1, "Plan Width": 160, "Plans": [{"Node Type": "Hash Join", "Parent Relationship": "Outer", "Join Type": "Inner", "Startup Cost": 3040055574239.93, "Total Cost": 6995128315380.02, "Plan Rows": 1413, "Plan Width": 64, "Inner Unique": true, "Hash Cond": "(ci.person_id = n.id)", "Plans": [{"Node Type": "Hash Join", "Parent Relationship": "Outer", "Join Type": "Inner", "Startup Cost": 2040036887333.8, "Total Cost": 5995109628455.42, "Plan Rows": 1155, "Plan Width": 68, "Inner Unique": true, "Hash Cond": "(mi_idx.info_type_id = it2.id)", "Plans": [{"Node Type": "Hash Join", "Parent Relationship": "Outer", "Join Type": "Inner", "Startup Cost": 1040036885912.79, "Total Cost": 4995109627009.39, "Plan Rows": 4619, "Plan Width": 72, "Inner Unique": true, "Hash Cond": "(mi.info_type_id = it1.id)", "Plans": [{"Node Type": "Merge Join", "Parent Relationship": "Outer", "Join Type": "Inner", "Startup Cost": 40036884491.78, "Total Cost": 3995109624731.85, "Plan Rows": 323326, "Plan Width": 76, "Inner Unique": false, "Merge Cond": "(t.id = mi_idx.movie_id)", "Plans": [{"Node Type": "Merge Join", "Parent Relationship": "Outer", "Join Type": "Inner", "Startup Cost": 30031145475.76, "Total Cost": 2997883829352.79, "Plan Rows": 210398, "Plan Width": 79, "Inner Unique": false, "Merge Cond": "(t.id = ci.movie_id)", "Plans": [{"Node Type": "Merge Join", "Parent Relationship": "Outer", "Join Type": "Inner", "Startup Cost": 20024668916.98, "Total Cost": 1999424688065.12, "Plan Rows": 190170, "Plan Width": 71, "Inner Unique": true, "Merge Cond": "(mi.movie_id = t.id)", "Plans": [{"Node Type": "Index Scan", "Parent Relationship": "Outer", "Scan Direction": "Forward", "Index Name": "movie_id_movie_info", "Relation Name": "movie_info", "Alias": "mi", "Startup Cost": 10000000000.0, "Total Cost": 1000114969386.72, "Plan Rows": 190170, "Plan Width": 50, "Filter": "((info)::text = ANY ('{Horror,Action,Sci-Fi,Thriller,Crime,War}'::text[]))"}, {"Node Type": "Index Scan", "Parent Relationship": "Inner", "Scan Direction": "Forward", "Index Name": "title_pkey", "Relation Name": "title", "Alias": "t", "Startup Cost": 10000000000.0, "Total Cost": 1000011012048.91, "Plan Rows": 2528311, "Plan Width": 21}]}, {"Node Type": "Index Scan", "Parent Relationship": "Inner", "Scan Direction": "Forward", "Index Name": "movie_id_cast_info", "Relation Name": "cast_info", "Alias": "ci", "Startup Cost": 10000000000.0, "Total Cost": 1000228594573.05, "Plan Rows": 1223154, "Plan Width": 8, "Filter": "((note)::text = ANY ('{(writer),\"(head writer)\",\"(written by)\",(story),\"(story editor)\"}'::text[]))"}]}, {"Node Type": "Index Scan", "Parent Relationship": "Inner", "Scan Direction": "Forward", "Index Name": "movie_id_movie_info_idx", "Relation Name": "movie_info_idx", "Alias": "mi_idx", "Startup Cost": 10000000000.0, "Total Cost": 1000004650035.37, "Plan Rows": 1380034, "Plan Width": 13}]}, {"Node Type": "Hash", "Parent Relationship": "Inner", "Startup Cost": 1000000001421.0, "Total Cost": 1000000001421.0, "Plan Rows": 1, "Plan Width": 4, "Plans": [{"Node Type": "Index Scan", "Parent Relationship": "Outer", "Scan Direction": "Forward", "Index Name": "info_type_pkey", "Relation Name": "info_type", "Alias": "it1", "Startup Cost": 10000000000.0, "Total Cost": 1000000001421.0, "Plan Rows": 1, "Plan Width": 4, "Filter": "((info)::text = 'genres'::text)"}]}]}, {"Node Type": "Hash", "Parent Relationship": "Inner", "Startup Cost": 1000000001421.0, "Total Cost": 1000000001421.0, "Plan Rows": 1, "Plan Width": 4, "Plans": [{"Node Type": "Index Scan", "Parent Relationship": "Outer", "Scan Direction": "Forward", "Index Name": "info_type_pkey", "Relation Name": "info_type", "Alias": "it2", "Startup Cost": 10000000000.0, "Total Cost": 1000000001421.0, "Plan Rows": 1, "Plan Width": 4, "Filter": "((info)::text = 'votes'::text)"}]}]}, {"Node Type": "Hash", "Parent Relationship": "Inner", "Startup Cost": 1000018665147.2, "Total Cost": 1000018665147.2, "Plan Rows": 1740714, "Plan Width": 4, "Plans": [{"Node Type": "Index Scan", "Parent Relationship": "Outer", "Scan Direction": "Forward", "Index Name": "name_pkey", "Relation Name": "name", "Alias": "n", "Startup Cost": 10000000000.0, "Total Cost": 1000018665147.2, "Plan Rows": 1740714, "Plan Width": 4, "Filter": "((gender)::text = 'm'::text), (LLVM Optimized)"}]}]}]}, "Unique SQL Id": 3913857139, "Planner Runtime": 124}, "explain_analyze_plan": null}, "(16, 80)": {"explain_plan": {"Plan": {"Node Type": "Aggregate", "Strategy": "Plain", "Startup Cost": 103118.52, "Total Cost": 103118.53, "Plan Rows": 1, "Plan Width": 160, "Plans": [{"Node Type": "Nested Loop", "Parent Relationship": "Outer", "Join Type": "Inner", "Startup Cost": 0.0, "Total Cost": 103107.92, "Plan Rows": 1413, "Plan Width": 64, "Inner Unique": true, "Plans": [{"Node Type": "Nested Loop", "Parent Relationship": "Outer", "Join Type": "Inner", "Startup Cost": 0.0, "Total Cost": 102528.66, "Plan Rows": 1155, "Plan Width": 68, "Inner Unique": false, "Plans": [{"Node Type": "Nested Loop", "Parent Relationship": "Outer", "Join Type": "Inner", "Startup Cost": 0.0, "Total Cost": 101467.02, "Plan Rows": 1044, "Plan Width": 76, "Inner Unique": true, "Join Filter": "(mi.movie_id = t.id)", "Plans": [{"Node Type": "Nested Loop", "Parent Relationship": "Outer", "Join Type": "Inner", "Startup Cost": 0.0, "Total Cost": 101038.83, "Plan Rows": 1044, "Plan Width": 55, "Inner Unique": true, "Plans": [{"Node Type": "Nested Loop", "Parent Relationship": "Outer", "Join Type": "Inner", "Startup Cost": 0.0, "Total Cost": 99859.36, "Plan Rows": 4175, "Plan Width": 59, "Inner Unique": false, "Plans": [{"Node Type": "Nested Loop", "Parent Relationship": "Outer", "Join Type": "Inner", "Startup Cost": 0.0, "Total Cost": 98371.31, "Plan Rows": 2717, "Plan Width": 46, "Inner Unique": true, "Plans": [{"Node Type": "Streaming(type: LOCAL GATHER dop: 1/16)", "Parent Relationship": "Outer", "Startup Cost": 0.0, "Total Cost": 44636.28, "Plan Rows": 190170, "Plan Width": 50, "Plans": [{"Node Type": "Seq Scan", "Parent Relationship": "Outer", "Relation Name": "movie_info", "Alias": "mi", "Startup Cost": 0.0, "Total Cost": 40532.03, "Plan Rows": 190170, "Plan Width": 50, "Filter": "((info)::text = ANY ('{Horror,Action,Sci-Fi,Thriller,Crime,War}'::text[]))"}]}, {"Node Type": "Index Scan", "Parent Relationship": "Inner", "Scan Direction": "Forward", "Index Name": "info_type_pkey", "Relation Name": "info_type", "Alias": "it1", "Startup Cost": 0.0, "Total Cost": 0.27, "Plan Rows": 1, "Plan Width": 4, "Index Cond": "(id = mi.info_type_id)", "Filter": "((info)::text = 'genres'::text)"}]}, {"Node Type": "Index Scan", "Parent Relationship": "Inner", "Scan Direction": "Forward", "Index Name": "movie_id_movie_info_idx", "Relation Name": "movie_info_idx", "Alias": "mi_idx", "Startup Cost": 0.0, "Total Cost": 0.53, "Plan Rows": 2, "Plan Width": 13, "Index Cond": "(movie_id = mi.movie_id)"}]}, {"Node Type": "Index Scan", "Parent Relationship": "Inner", "Scan Direction": "Forward", "Index Name": "info_type_pkey", "Relation Name": "info_type", "Alias": "it2", "Startup Cost": 0.0, "Total Cost": 0.27, "Plan Rows": 1, "Plan Width": 4, "Index Cond": "(id = mi_idx.info_type_id)", "Filter": "((info)::text = 'votes'::text)"}]}, {"Node Type": "Index Scan", "Parent Relationship": "Inner", "Scan Direction": "Forward", "Index Name": "title_pkey", "Relation Name": "title", "Alias": "t", "Startup Cost": 0.0, "Total Cost": 0.4, "Plan Rows": 1, "Plan Width": 21, "Index Cond": "(id = mi_idx.movie_id)"}]}, {"Node Type": "Index Scan", "Parent Relationship": "Inner", "Scan Direction": "Forward", "Index Name": "movie_id_cast_info", "Relation Name": "cast_info", "Alias": "ci", "Startup Cost": 0.0, "Total Cost": 1.01, "Plan Rows": 1, "Plan Width": 8, "Index Cond": "(movie_id = t.id)", "Filter": "((note)::text = ANY ('{(writer),\"(head writer)\",\"(written by)\",(story),\"(story editor)\"}'::text[]))"}]}, {"Node Type": "Index Scan", "Parent Relationship": "Inner", "Scan Direction": "Forward", "Index Name": "name_pkey", "Relation Name": "name", "Alias": "n", "Startup Cost": 0.0, "Total Cost": 0.49, "Plan Rows": 1, "Plan Width": 4, "Index Cond": "(id = ci.person_id)", "Filter": "((gender)::text = 'm'::text)"}]}]}, "Unique SQL Id": 3913857139, "Planner Runtime": 18}, "explain_analyze_plan": {"Plan": {"Node Type": "Aggregate", "Strategy": "Plain", "Startup Cost": 103118.52, "Total Cost": 103118.53, "Plan Rows": 1, "Plan Width": 160, "Actual Min Startup Time": 12541.702, "Actual Max Startup Time": 12541.702, "Actual Min Total Time": 12541.702, "Actual Max Total Time": 12541.702, "Plans": [{"Node Type": "Nested Loop", "Parent Relationship": "Outer", "Join Type": "Inner", "Startup Cost": 0.0, "Total Cost": 103107.92, "Plan Rows": 1413, "Plan Width": 64, "Actual Min Startup Time": 421.04, "Actual Max Startup Time": 421.04, "Actual Min Total Time": 12505.044, "Actual Max Total Time": 12505.044, "Inner Unique": true, "Plans": [{"Node Type": "Nested Loop", "Parent Relationship": "Outer", "Join Type": "Inner", "Startup Cost": 0.0, "Total Cost": 102528.66, "Plan Rows": 1155, "Plan Width": 68, "Actual Min Startup Time": 420.971, "Actual Max Startup Time": 420.971, "Actual Min Total Time": 12086.362, "Actual Max Total Time": 12086.362, "Inner Unique": false, "Plans": [{"Node Type": "Nested Loop", "Parent Relationship": "Outer", "Join Type": "Inner", "Startup Cost": 0.0, "Total Cost": 101467.02, "Plan Rows": 1044, "Plan Width": 76, "Actual Min Startup Time": 420.94, "Actual Max Startup Time": 420.94, "Actual Min Total Time": 3122.776, "Actual Max Total Time": 3122.776, "Inner Unique": true, "Join Filter": "(mi.movie_id = t.id)", "Rows Removed by Join Filter": 0, "Plans": [{"Node Type": "Nested Loop", "Parent Relationship": "Outer", "Join Type": "Inner", "Startup Cost": 0.0, "Total Cost": 101038.83, "Plan Rows": 1044, "Plan Width": 55, "Actual Min Startup Time": 420.919, "Actual Max Startup Time": 420.919, "Actual Min Total Time": 2555.507, "Actual Max Total Time": 2555.507, "Inner Unique": true, "Plans": [{"Node Type": "Nested Loop", "Parent Relationship": "Outer", "Join Type": "Inner", "Startup Cost": 0.0, "Total Cost": 99859.36, "Plan Rows": 4175, "Plan Width": 59, "Actual Min Startup Time": 420.894, "Actual Max Startup Time": 420.894, "Actual Min Total Time": 1813.326, "Actual Max Total Time": 1813.326, "Inner Unique": false, "Plans": [{"Node Type": "Nested Loop", "Parent Relationship": "Outer", "Join Type": "Inner", "Startup Cost": 0.0, "Total Cost": 98371.31, "Plan Rows": 2717, "Plan Width": 46, "Actual Min Startup Time": 420.867, "Actual Max Startup Time": 420.867, "Actual Min Total Time": 967.83, "Actual Max Total Time": 967.83, "Inner Unique": true, "Plans": [{"Node Type": "Streaming(type: LOCAL GATHER dop: 1/16)", "Parent Relationship": "Outer", "Startup Cost": 0.0, "Total Cost": 44636.28, "Plan Rows": 190170, "Plan Width": 50, "Actual Min Startup Time": 296.853, "Actual Max Startup Time": 296.853, "Actual Min Total Time": 480.595, "Actual Max Total Time": 480.595, "Plans": [{"Node Type": "Seq Scan", "Parent Relationship": "Outer", "Relation Name": "movie_info", "Alias": "mi", "Startup Cost": 0.0, "Total Cost": 40532.03, "Plan Rows": 190170, "Plan Width": 50, "Actual Min Startup Time": 225.267, "Actual Max Startup Time": 408.387, "Actual Min Total Time": 457.606, "Actual Max Total Time": 470.092, "Filter": "((info)::text = ANY ('{Horror,Action,Sci-Fi,Thriller,Crime,War}'::text[]))", "Rows Removed by Filter": 14646748, "Actual Rows": 188971}], "Actual Rows": 188971}, {"Node Type": "Index Scan", "Parent Relationship": "Inner", "Scan Direction": "Forward", "Index Name": "info_type_pkey", "Relation Name": "info_type", "Alias": "it1", "Startup Cost": 0.0, "Total Cost": 0.27, "Plan Rows": 1, "Plan Width": 4, "Actual Min Startup Time": 334.504, "Actual Max Startup Time": 334.504, "Actual Min Total Time": 334.504, "Actual Max Total Time": 334.504, "Index Cond": "(id = mi.info_type_id)", "Rows Removed by Index Recheck": 0, "Filter": "((info)::text = 'genres'::text)", "Rows Removed by Filter": 2377, "Actual Rows": 186594}], "Actual Rows": 186594}, {"Node Type": "Index Scan", "Parent Relationship": "Inner", "Scan Direction": "Forward", "Index Name": "movie_id_movie_info_idx", "Relation Name": "movie_info_idx", "Alias": "mi_idx", "Startup Cost": 0.0, "Total Cost": 0.53, "Plan Rows": 2, "Plan Width": 13, "Actual Min Startup Time": 546.672, "Actual Max Startup Time": 546.672, "Actual Min Total Time": 671.417, "Actual Max Total Time": 671.417, "Index Cond": "(movie_id = mi.movie_id)", "Rows Removed by Index Recheck": 0, "Actual Rows": 307785}], "Actual Rows": 307785}, {"Node Type": "Index Scan", "Parent Relationship": "Inner", "Scan Direction": "Forward", "Index Name": "info_type_pkey", "Relation Name": "info_type", "Alias": "it2", "Startup Cost": 0.0, "Total Cost": 0.27, "Plan Rows": 1, "Plan Width": 4, "Actual Min Startup Time": 561.765, "Actual Max Startup Time": 561.765, "Actual Min Total Time": 561.765, "Actual Max Total Time": 561.765, "Index Cond": "(id = mi_idx.info_type_id)", "Rows Removed by Index Recheck": 0, "Filter": "((info)::text = 'votes'::text)", "Rows Removed by Filter": 205269, "Actual Rows": 102516}], "Actual Rows": 102516}, {"Node Type": "Index Scan", "Parent Relationship": "Inner", "Scan Direction": "Forward", "Index Name": "title_pkey", "Relation Name": "title", "Alias": "t", "Startup Cost": 0.0, "Total Cost": 0.4, "Plan Rows": 1, "Plan Width": 21, "Actual Min Startup Time": 451.206, "Actual Max Startup Time": 451.206, "Actual Min Total Time": 451.206, "Actual Max Total Time": 451.206, "Index Cond": "(id = mi_idx.movie_id)", "Rows Removed by Index Recheck": 0, "Actual Rows": 102516}], "Actual Rows": 102516}, {"Node Type": "Index Scan", "Parent Relationship": "Inner", "Scan Direction": "Forward", "Index Name": "movie_id_cast_info", "Relation Name": "cast_info", "Alias": "ci", "Startup Cost": 0.0, "Total Cost": 1.01, "Plan Rows": 1, "Plan Width": 8, "Actual Min Startup Time": 7570.783, "Actual Max Startup Time": 7570.783, "Actual Min Total Time": 8892.795, "Actual Max Total Time": 8892.795, "Index Cond": "(movie_id = t.id)", "Rows Removed by Index Recheck": 0, "Filter": "((note)::text = ANY ('{(writer),\"(head writer)\",\"(written by)\",(story),\"(story editor)\"}'::text[]))", "Rows Removed by Filter": 3987641, "Actual Rows": 54155}], "Actual Rows": 54155}, {"Node Type": "Index Scan", "Parent Relationship": "Inner", "Scan Direction": "Forward", "Index Name": "name_pkey", "Relation Name": "name", "Alias": "n", "Startup Cost": 0.0, "Total Cost": 0.49, "Plan Rows": 1, "Plan Width": 4, "Actual Min Startup Time": 374.999, "Actual Max Startup Time": 374.999, "Actual Min Total Time": 374.999, "Actual Max Total Time": 374.999, "Index Cond": "(id = ci.person_id)", "Rows Removed by Index Recheck": 0, "Filter": "((gender)::text = 'm'::text)", "Rows Removed by Filter": 26082, "Actual Rows": 28073}], "Actual Rows": 28073}], "Actual Rows": 1}, "Triggers": [], "Planner Runtime": 18, "Total Runtime": 12544.374, "Unique SQL Id": 3913857139}}, "(16, 81)": {"explain_plan": {"Plan": {"Node Type": "Aggregate", "Strategy": "Plain", "Startup Cost": 169731.13, "Total Cost": 169731.14, "Plan Rows": 1, "Plan Width": 160, "Plans": [{"Node Type": "Nested Loop", "Parent Relationship": "Outer", "Join Type": "Inner", "Startup Cost": 4842.14, "Total Cost": 169720.53, "Plan Rows": 1413, "Plan Width": 64, "Inner Unique": true, "Plans": [{"Node Type": "Nested Loop", "Parent Relationship": "Outer", "Join Type": "Inner", "Startup Cost": 4842.14, "Total Cost": 169141.26, "Plan Rows": 1155, "Plan Width": 68, "Inner Unique": false, "Plans": [{"Node Type": "Nested Loop", "Parent Relationship": "Outer", "Join Type": "Inner", "Startup Cost": 4842.14, "Total Cost": 168079.63, "Plan Rows": 1044, "Plan Width": 76, "Inner Unique": true, "Join Filter": "(mi.movie_id = t.id)", "Plans": [{"Node Type": "Nested Loop", "Parent Relationship": "Outer", "Join Type": "Inner", "Startup Cost": 4842.14, "Total Cost": 167651.44, "Plan Rows": 1044, "Plan Width": 55, "Inner Unique": true, "Plans": [{"Node Type": "Nested Loop", "Parent Relationship": "Outer", "Join Type": "Inner", "Startup Cost": 4842.14, "Total Cost": 166471.96, "Plan Rows": 4175, "Plan Width": 59, "Inner Unique": false, "Plans": [{"Node Type": "Nested Loop", "Parent Relationship": "Outer", "Join Type": "Inner", "Startup Cost": 4842.14, "Total Cost": 164983.91, "Plan Rows": 2717, "Plan Width": 46, "Inner Unique": false, "Plans": [{"Node Type": "Index Scan", "Parent Relationship": "Outer", "Scan Direction": "Forward", "Index Name": "info_type_pkey", "Relation Name": "info_type", "Alias": "it1", "Startup Cost": 0.0, "Total Cost": 14.21, "Plan Rows": 1, "Plan Width": 4, "Filter": "((info)::text = 'genres'::text)"}, {"Node Type": "Bitmap Heap Scan", "Parent Relationship": "Inner", "Relation Name": "movie_info", "Alias": "mi", "Startup Cost": 4842.14, "Total Cost": 164942.53, "Plan Rows": 2717, "Plan Width": 50, "Recheck Cond": "(info_type_id = it1.id)", "Filter": "((info)::text = ANY ('{Horror,Action,Sci-Fi,Thriller,Crime,War}'::text[]))", "Plans": [{"Node Type": "Bitmap Index Scan", "Parent Relationship": "Outer", "Index Name": "info_type_id_movie_info", "Startup Cost": 0.0, "Total Cost": 4841.46, "Plan Rows": 212428, "Plan Width": 0, "Index Cond": "(info_type_id = it1.id)"}]}]}, {"Node Type": "Index Scan", "Parent Relationship": "Inner", "Scan Direction": "Forward", "Index Name": "movie_id_movie_info_idx", "Relation Name": "movie_info_idx", "Alias": "mi_idx", "Startup Cost": 0.0, "Total Cost": 0.53, "Plan Rows": 2, "Plan Width": 13, "Index Cond": "(movie_id = mi.movie_id)"}]}, {"Node Type": "Index Scan", "Parent Relationship": "Inner", "Scan Direction": "Forward", "Index Name": "info_type_pkey", "Relation Name": "info_type", "Alias": "it2", "Startup Cost": 0.0, "Total Cost": 0.27, "Plan Rows": 1, "Plan Width": 4, "Index Cond": "(id = mi_idx.info_type_id)", "Filter": "((info)::text = 'votes'::text)"}]}, {"Node Type": "Index Scan", "Parent Relationship": "Inner", "Scan Direction": "Forward", "Index Name": "title_pkey", "Relation Name": "title", "Alias": "t", "Startup Cost": 0.0, "Total Cost": 0.4, "Plan Rows": 1, "Plan Width": 21, "Index Cond": "(id = mi_idx.movie_id)"}]}, {"Node Type": "Index Scan", "Parent Relationship": "Inner", "Scan Direction": "Forward", "Index Name": "movie_id_cast_info", "Relation Name": "cast_info", "Alias": "ci", "Startup Cost": 0.0, "Total Cost": 1.01, "Plan Rows": 1, "Plan Width": 8, "Index Cond": "(movie_id = t.id)", "Filter": "((note)::text = ANY ('{(writer),\"(head writer)\",\"(written by)\",(story),\"(story editor)\"}'::text[]))"}]}, {"Node Type": "Index Scan", "Parent Relationship": "Inner", "Scan Direction": "Forward", "Index Name": "name_pkey", "Relation Name": "name", "Alias": "n", "Startup Cost": 0.0, "Total Cost": 0.49, "Plan Rows": 1, "Plan Width": 4, "Index Cond": "(id = ci.person_id)", "Filter": "((gender)::text = 'm'::text)"}]}]}, "Unique SQL Id": 3913857139, "Planner Runtime": 20}, "explain_analyze_plan": {"Plan": {"Node Type": "Aggregate", "Strategy": "Plain", "Startup Cost": 169731.13, "Total Cost": 169731.14, "Plan Rows": 1, "Plan Width": 160, "Actual Startup Time": 12968.135, "Actual Total Time": 12968.135, "Actual Rows": 1, "Actual Loops": 1, "Plans": [{"Node Type": "Nested Loop", "Parent Relationship": "Outer", "Join Type": "Inner", "Startup Cost": 4842.14, "Total Cost": 169720.53, "Plan Rows": 1413, "Plan Width": 64, "Actual Startup Time": 184.302, "Actual Total Time": 12931.015, "Actual Rows": 28073, "Actual Loops": 1, "Inner Unique": true, "Plans": [{"Node Type": "Nested Loop", "Parent Relationship": "Outer", "Join Type": "Inner", "Startup Cost": 4842.14, "Total Cost": 169141.26, "Plan Rows": 1155, "Plan Width": 68, "Actual Startup Time": 181.84, "Actual Total Time": 12502.616, "Actual Rows": 54155, "Actual Loops": 1, "Inner Unique": false, "Plans": [{"Node Type": "Nested Loop", "Parent Relationship": "Outer", "Join Type": "Inner", "Startup Cost": 4842.14, "Total Cost": 168079.63, "Plan Rows": 1044, "Plan Width": 76, "Actual Startup Time": 178.896, "Actual Total Time": 3347.973, "Actual Rows": 102516, "Actual Loops": 1, "Inner Unique": true, "Join Filter": "(mi.movie_id = t.id)", "Rows Removed by Join Filter": 0, "Plans": [{"Node Type": "Nested Loop", "Parent Relationship": "Outer", "Join Type": "Inner", "Startup Cost": 4842.14, "Total Cost": 167651.44, "Plan Rows": 1044, "Plan Width": 55, "Actual Startup Time": 178.878, "Actual Total Time": 2777.15, "Actual Rows": 102516, "Actual Loops": 1, "Inner Unique": true, "Plans": [{"Node Type": "Nested Loop", "Parent Relationship": "Outer", "Join Type": "Inner", "Startup Cost": 4842.14, "Total Cost": 166471.96, "Plan Rows": 4175, "Plan Width": 59, "Actual Startup Time": 178.852, "Actual Total Time": 2027.523, "Actual Rows": 307785, "Actual Loops": 1, "Inner Unique": false, "Plans": [{"Node Type": "Nested Loop", "Parent Relationship": "Outer", "Join Type": "Inner", "Startup Cost": 4842.14, "Total Cost": 164983.91, "Plan Rows": 2717, "Plan Width": 46, "Actual Startup Time": 178.821, "Actual Total Time": 1170.201, "Actual Rows": 186594, "Actual Loops": 1, "Inner Unique": false, "Plans": [{"Node Type": "Index Scan", "Parent Relationship": "Outer", "Scan Direction": "Forward", "Index Name": "info_type_pkey", "Relation Name": "info_type", "Alias": "it1", "Startup Cost": 0.0, "Total Cost": 14.21, "Plan Rows": 1, "Plan Width": 4, "Actual Startup Time": 0.023, "Actual Total Time": 0.074, "Actual Rows": 1, "Actual Loops": 1, "Filter": "((info)::text = 'genres'::text)", "Rows Removed by Filter": 111}, {"Node Type": "Bitmap Heap Scan", "Parent Relationship": "Inner", "Relation Name": "movie_info", "Alias": "mi", "Startup Cost": 4842.14, "Total Cost": 164942.53, "Plan Rows": 2717, "Plan Width": 50, "Actual Startup Time": 178.792, "Actual Total Time": 1124.512, "Actual Rows": 186594, "Actual Loops": 1, "Recheck Cond": "(info_type_id = it1.id)", "Rows Removed by Index Recheck": 0, "Filter": "((info)::text = ANY ('{Horror,Action,Sci-Fi,Thriller,Crime,War}'::text[]))", "Rows Removed by Filter": 1347315, "Exact Heap Blocks": 7426, "Lossy Heap Blocks": 7426, "Plans": [{"Node Type": "Bitmap Index Scan", "Parent Relationship": "Outer", "Index Name": "info_type_id_movie_info", "Startup Cost": 0.0, "Total Cost": 4841.46, "Plan Rows": 212428, "Plan Width": 0, "Actual Startup Time": 177.414, "Actual Total Time": 177.414, "Actual Rows": 1533909, "Actual Loops": 1, "Index Cond": "(info_type_id = it1.id)"}]}]}, {"Node Type": "Index Scan", "Parent Relationship": "Inner", "Scan Direction": "Forward", "Index Name": "movie_id_movie_info_idx", "Relation Name": "movie_info_idx", "Alias": "mi_idx", "Startup Cost": 0.0, "Total Cost": 0.53, "Plan Rows": 2, "Plan Width": 13, "Actual Startup Time": 551.966, "Actual Total Time": 679.576, "Actual Rows": 307785, "Actual Loops": 186594, "Index Cond": "(movie_id = mi.movie_id)", "Rows Removed by Index Recheck": 0}]}, {"Node Type": "Index Scan", "Parent Relationship": "Inner", "Scan Direction": "Forward", "Index Name": "info_type_pkey", "Relation Name": "info_type", "Alias": "it2", "Startup Cost": 0.0, "Total Cost": 0.27, "Plan Rows": 1, "Plan Width": 4, "Actual Startup Time": 567.478, "Actual Total Time": 567.478, "Actual Rows": 102516, "Actual Loops": 307785, "Index Cond": "(id = mi_idx.info_type_id)", "Rows Removed by Index Recheck": 0, "Filter": "((info)::text = 'votes'::text)", "Rows Removed by Filter": 205269}]}, {"Node Type": "Index Scan", "Parent Relationship": "Inner", "Scan Direction": "Forward", "Index Name": "title_pkey", "Relation Name": "title", "Alias": "t", "Startup Cost": 0.0, "Total Cost": 0.4, "Plan Rows": 1, "Plan Width": 21, "Actual Startup Time": 450.604, "Actual Total Time": 450.604, "Actual Rows": 102516, "Actual Loops": 102516, "Index Cond": "(id = mi_idx.movie_id)", "Rows Removed by Index Recheck": 0}]}, {"Node Type": "Index Scan", "Parent Relationship": "Inner", "Scan Direction": "Forward", "Index Name": "movie_id_cast_info", "Relation Name": "cast_info", "Alias": "ci", "Startup Cost": 0.0, "Total Cost": 1.01, "Plan Rows": 1, "Plan Width": 8, "Actual Startup Time": 7737.744, "Actual Total Time": 9080.501, "Actual Rows": 54155, "Actual Loops": 102516, "Index Cond": "(movie_id = t.id)", "Rows Removed by Index Recheck": 0, "Filter": "((note)::text = ANY ('{(writer),\"(head writer)\",\"(written by)\",(story),\"(story editor)\"}'::text[]))", "Rows Removed by Filter": 3987641}]}, {"Node Type": "Index Scan", "Parent Relationship": "Inner", "Scan Direction": "Forward", "Index Name": "name_pkey", "Relation Name": "name", "Alias": "n", "Startup Cost": 0.0, "Total Cost": 0.49, "Plan Rows": 1, "Plan Width": 4, "Actual Startup Time": 382.451, "Actual Total Time": 382.451, "Actual Rows": 28073, "Actual Loops": 54155, "Index Cond": "(id = ci.person_id)", "Rows Removed by Index Recheck": 0, "Filter": "((gender)::text = 'm'::text)", "Rows Removed by Filter": 26082}]}]}, "Triggers": [], "Planner Runtime": 23, "Total Runtime": 12968.437, "Unique SQL Id": 3913857139}}, "(16, 82)": {"explain_plan": {"Plan": {"Node Type": "Aggregate", "Strategy": "Plain", "Startup Cost": 191602.22, "Total Cost": 191602.23, "Plan Rows": 1, "Plan Width": 160, "Plans": [{"Node Type": "Nested Loop", "Parent Relationship": "Outer", "Join Type": "Inner", "Startup Cost": 177214.13, "Total Cost": 191591.62, "Plan Rows": 1413, "Plan Width": 64, "Inner Unique": true, "Plans": [{"Node Type": "Nested Loop", "Parent Relationship": "Outer", "Join Type": "Inner", "Startup Cost": 177213.82, "Total Cost": 186586.2, "Plan Rows": 1155, "Plan Width": 68, "Inner Unique": false, "Plans": [{"Node Type": "Nested Loop", "Parent Relationship": "Outer", "Join Type": "Inner", "Startup Cost": 177213.31, "Total Cost": 181743.53, "Plan Rows": 1044, "Plan Width": 76, "Inner Unique": true, "Join Filter": "(mi.movie_id = t.id)", "Plans": [{"Node Type": "Merge Join", "Parent Relationship": "Outer", "Join Type": "Inner", "Startup Cost": 177213.02, "Total Cost": 177244.34, "Plan Rows": 1044, "Plan Width": 55, "Inner Unique": false, "Merge Cond": "(it2.id = mi_idx.info_type_id)", "Plans": [{"Node Type": "Sort", "Parent Relationship": "Outer", "Startup Cost": 2.41, "Total Cost": 2.42, "Plan Rows": 1, "Plan Width": 4, "Sort Key": ["it2.id"], "Plans": [{"Node Type": "Seq Scan", "Parent Relationship": "Outer", "Relation Name": "info_type", "Alias": "it2", "Startup Cost": 0.0, "Total Cost": 2.4, "Plan Rows": 1, "Plan Width": 4, "Filter": "((info)::text = 'votes'::text)"}]}, {"Node Type": "Sort", "Parent Relationship": "Inner", "Startup Cost": 177210.61, "Total Cost": 177221.04, "Plan Rows": 4175, "Plan Width": 59, "Sort Key": ["mi_idx.info_type_id"], "Plans": [{"Node Type": "Nested Loop", "Parent Relationship": "Outer", "Join Type": "Inner", "Startup Cost": 4842.51, "Total Cost": 176959.53, "Plan Rows": 4175, "Plan Width": 59, "Inner Unique": false, "Plans": [{"Node Type": "Nested Loop", "Parent Relationship": "Outer", "Join Type": "Inner", "Startup Cost": 4842.14, "Total Cost": 164972.1, "Plan Rows": 2717, "Plan Width": 46, "Inner Unique": false, "Plans": [{"Node Type": "Seq Scan", "Parent Relationship": "Outer", "Relation Name": "info_type", "Alias": "it1", "Startup Cost": 0.0, "Total Cost": 2.4, "Plan Rows": 1, "Plan Width": 4, "Filter": "((info)::text = 'genres'::text)"}, {"Node Type": "Bitmap Heap Scan", "Parent Relationship": "Inner", "Relation Name": "movie_info", "Alias": "mi", "Startup Cost": 4842.14, "Total Cost": 164942.53, "Plan Rows": 2717, "Plan Width": 50, "Recheck Cond": "(info_type_id = it1.id)", "Filter": "((info)::text = ANY ('{Horror,Action,Sci-Fi,Thriller,Crime,War}'::text[]))", "Plans": [{"Node Type": "Bitmap Index Scan", "Parent Relationship": "Outer", "Index Name": "info_type_id_movie_info", "Startup Cost": 0.0, "Total Cost": 4841.46, "Plan Rows": 212428, "Plan Width": 0, "Index Cond": "(info_type_id = it1.id)"}]}]}, {"Node Type": "Bitmap Heap Scan", "Parent Relationship": "Inner", "Relation Name": "movie_info_idx", "Alias": "mi_idx", "Startup Cost": 0.37, "Total Cost": 4.39, "Plan Rows": 2, "Plan Width": 13, "Recheck Cond": "(movie_id = mi.movie_id)", "Plans": [{"Node Type": "Bitmap Index Scan", "Parent Relationship": "Outer", "Index Name": "movie_id_movie_info_idx", "Startup Cost": 0.0, "Total Cost": 0.37, "Plan Rows": 2, "Plan Width": 0, "Index Cond": "(movie_id = mi.movie_id)"}]}]}]}]}, {"Node Type": "Bitmap Heap Scan", "Parent Relationship": "Inner", "Relation Name": "title", "Alias": "t", "Startup Cost": 0.28, "Total Cost": 4.3, "Plan Rows": 1, "Plan Width": 21, "Recheck Cond": "(id = mi_idx.movie_id)", "Plans": [{"Node Type": "Bitmap Index Scan", "Parent Relationship": "Outer", "Index Name": "title_pkey", "Startup Cost": 0.0, "Total Cost": 0.28, "Plan Rows": 1, "Plan Width": 0, "Index Cond": "(id = mi_idx.movie_id)"}]}]}, {"Node Type": "Bitmap Heap Scan", "Parent Relationship": "Inner", "Relation Name": "cast_info", "Alias": "ci", "Startup Cost": 0.52, "Total Cost": 4.63, "Plan Rows": 1, "Plan Width": 8, "Recheck Cond": "(movie_id = t.id)", "Filter": "((note)::text = ANY ('{(writer),\"(head writer)\",\"(written by)\",(story),\"(story editor)\"}'::text[]))", "Plans": [{"Node Type": "Bitmap Index Scan", "Parent Relationship": "Outer", "Index Name": "movie_id_cast_info", "Startup Cost": 0.0, "Total Cost": 0.52, "Plan Rows": 6, "Plan Width": 0, "Index Cond": "(movie_id = t.id)"}]}]}, {"Node Type": "Bitmap Heap Scan", "Parent Relationship": "Inner", "Relation Name": "name", "Alias": "n", "Startup Cost": 0.31, "Total Cost": 4.32, "Plan Rows": 1, "Plan Width": 4, "Recheck Cond": "(id = ci.person_id)", "Filter": "((gender)::text = 'm'::text)", "Plans": [{"Node Type": "Bitmap Index Scan", "Parent Relationship": "Outer", "Index Name": "name_pkey", "Startup Cost": 0.0, "Total Cost": 0.31, "Plan Rows": 1, "Plan Width": 0, "Index Cond": "(id = ci.person_id)"}]}]}]}, "Unique SQL Id": 3913857139, "Planner Runtime": 27}, "explain_analyze_plan": {"Plan": {"Node Type": "Aggregate", "Strategy": "Plain", "Startup Cost": 191602.22, "Total Cost": 191602.23, "Plan Rows": 1, "Plan Width": 160, "Actual Startup Time": 13649.183, "Actual Total Time": 13649.184, "Actual Rows": 1, "Actual Loops": 1, "Plans": [{"Node Type": "Nested Loop", "Parent Relationship": "Outer", "Join Type": "Inner", "Startup Cost": 177214.13, "Total Cost": 191591.62, "Plan Rows": 1413, "Plan Width": 64, "Actual Startup Time": 2295.611, "Actual Total Time": 13599.533, "Actual Rows": 28073, "Actual Loops": 1, "Inner Unique": true, "Plans": [{"Node Type": "Nested Loop", "Parent Relationship": "Outer", "Join Type": "Inner", "Startup Cost": 177213.82, "Total Cost": 186586.2, "Plan Rows": 1155, "Plan Width": 68, "Actual Startup Time": 2295.552, "Actual Total Time": 13096.984, "Actual Rows": 54155, "Actual Loops": 1, "Inner Unique": false, "Plans": [{"Node Type": "Nested Loop", "Parent Relationship": "Outer", "Join Type": "Inner", "Startup Cost": 177213.31, "Total Cost": 181743.53, "Plan Rows": 1044, "Plan Width": 76, "Actual Startup Time": 2295.422, "Actual Total Time": 3142.86, "Actual Rows": 102516, "Actual Loops": 1, "Inner Unique": true, "Join Filter": "(mi.movie_id = t.id)", "Rows Removed by Join Filter": 0, "Plans": [{"Node Type": "Merge Join", "Parent Relationship": "Outer", "Join Type": "Inner", "Startup Cost": 177213.02, "Total Cost": 177244.34, "Plan Rows": 1044, "Plan Width": 55, "Actual Startup Time": 2295.321, "Actual Total Time": 2373.226, "Actual Rows": 102516, "Actual Loops": 1, "Inner Unique": false, "Merge Cond": "(it2.id = mi_idx.info_type_id)", "Plans": [{"Node Type": "Sort", "Parent Relationship": "Outer", "Startup Cost": 2.41, "Total Cost": 2.42, "Plan Rows": 1, "Plan Width": 4, "Actual Startup Time": 0.075, "Actual Total Time": 0.076, "Actual Rows": 1, "Actual Loops": 1, "Sort Key": ["it2.id"], "Sort Method": "quicksort", "Sort Space Used": 25, "Sort Space Type": "Memory", "Plans": [{"Node Type": "Seq Scan", "Parent Relationship": "Outer", "Relation Name": "info_type", "Alias": "it2", "Startup Cost": 0.0, "Total Cost": 2.4, "Plan Rows": 1, "Plan Width": 4, "Actual Startup Time": 0.054, "Actual Total Time": 0.058, "Actual Rows": 1, "Actual Loops": 1, "Filter": "((info)::text = 'votes'::text)", "Rows Removed by Filter": 111}]}, {"Node Type": "Sort", "Parent Relationship": "Inner", "Startup Cost": 177210.61, "Total Cost": 177221.04, "Plan Rows": 4175, "Plan Width": 59, "Actual Startup Time": 2261.098, "Actual Total Time": 2310.974, "Actual Rows": 205033, "Actual Loops": 1, "Sort Key": ["mi_idx.info_type_id"], "Sort Method": "quicksort", "Sort Space Used": 41143, "Sort Space Type": "Memory", "Plans": [{"Node Type": "Nested Loop", "Parent Relationship": "Outer", "Join Type": "Inner", "Startup Cost": 4842.51, "Total Cost": 176959.53, "Plan Rows": 4175, "Plan Width": 59, "Actual Startup Time": 173.68, "Actual Total Time": 2139.01, "Actual Rows": 307785, "Actual Loops": 1, "Inner Unique": false, "Plans": [{"Node Type": "Nested Loop", "Parent Relationship": "Outer", "Join Type": "Inner", "Startup Cost": 4842.14, "Total Cost": 164972.1, "Plan Rows": 2717, "Plan Width": 46, "Actual Startup Time": 173.606, "Actual Total Time": 1127.598, "Actual Rows": 186594, "Actual Loops": 1, "Inner Unique": false, "Plans": [{"Node Type": "Seq Scan", "Parent Relationship": "Outer", "Relation Name": "info_type", "Alias": "it1", "Startup Cost": 0.0, "Total Cost": 2.4, "Plan Rows": 1, "Plan Width": 4, "Actual Startup Time": 0.023, "Actual Total Time": 0.08, "Actual Rows": 1, "Actual Loops": 1, "Filter": "((info)::text = 'genres'::text)", "Rows Removed by Filter": 111}, {"Node Type": "Bitmap Heap Scan", "Parent Relationship": "Inner", "Relation Name": "movie_info", "Alias": "mi", "Startup Cost": 4842.14, "Total Cost": 164942.53, "Plan Rows": 2717, "Plan Width": 50, "Actual Startup Time": 173.574, "Actual Total Time": 1085.843, "Actual Rows": 186594, "Actual Loops": 1, "Recheck Cond": "(info_type_id = it1.id)", "Rows Removed by Index Recheck": 0, "Filter": "((info)::text = ANY ('{Horror,Action,Sci-Fi,Thriller,Crime,War}'::text[]))", "Rows Removed by Filter": 1347315, "Exact Heap Blocks": 7426, "Lossy Heap Blocks": 7426, "Plans": [{"Node Type": "Bitmap Index Scan", "Parent Relationship": "Outer", "Index Name": "info_type_id_movie_info", "Startup Cost": 0.0, "Total Cost": 4841.46, "Plan Rows": 212428, "Plan Width": 0, "Actual Startup Time": 171.743, "Actual Total Time": 171.743, "Actual Rows": 1533909, "Actual Loops": 1, "Index Cond": "(info_type_id = it1.id)"}]}]}, {"Node Type": "Bitmap Heap Scan", "Parent Relationship": "Inner", "Relation Name": "movie_info_idx", "Alias": "mi_idx", "Startup Cost": 0.37, "Total Cost": 4.39, "Plan Rows": 2, "Plan Width": 13, "Actual Startup Time": 697.613, "Actual Total Time": 739.967, "Actual Rows": 307785, "Actual Loops": 186594, "Recheck Cond": "(movie_id = mi.movie_id)", "Rows Removed by Index Recheck": 0, "Exact Heap Blocks": 103610, "Lossy Heap Blocks": 103610, "Plans": [{"Node Type": "Bitmap Index Scan", "Parent Relationship": "Outer", "Index Name": "movie_id_movie_info_idx", "Startup Cost": 0.0, "Total Cost": 0.37, "Plan Rows": 2, "Plan Width": 0, "Actual Startup Time": 472.084, "Actual Total Time": 472.084, "Actual Rows": 307785, "Actual Loops": 186594, "Index Cond": "(movie_id = mi.movie_id)"}]}]}]}]}, {"Node Type": "Bitmap Heap Scan", "Parent Relationship": "Inner", "Relation Name": "title", "Alias": "t", "Startup Cost": 0.28, "Total Cost": 4.3, "Plan Rows": 1, "Plan Width": 21, "Actual Startup Time": 565.893, "Actual Total Time": 565.893, "Actual Rows": 102516, "Actual Loops": 102516, "Recheck Cond": "(id = mi_idx.movie_id)", "Rows Removed by Index Recheck": 0, "Exact Heap Blocks": 102516, "Lossy Heap Blocks": 102516, "Plans": [{"Node Type": "Bitmap Index Scan", "Parent Relationship": "Outer", "Index Name": "title_pkey", "Startup Cost": 0.0, "Total Cost": 0.28, "Plan Rows": 1, "Plan Width": 0, "Actual Startup Time": 315.77, "Actual Total Time": 315.77, "Actual Rows": 102516, "Actual Loops": 102516, "Index Cond": "(id = mi_idx.movie_id)"}]}]}, {"Node Type": "Bitmap Heap Scan", "Parent Relationship": "Inner", "Relation Name": "cast_info", "Alias": "ci", "Startup Cost": 0.52, "Total Cost": 4.63, "Plan Rows": 1, "Plan Width": 8, "Actual Startup Time": 8466.606, "Actual Total Time": 9788.473, "Actual Rows": 54155, "Actual Loops": 102516, "Recheck Cond": "(movie_id = t.id)", "Rows Removed by Index Recheck": 0, "Filter": "((note)::text = ANY ('{(writer),\"(head writer)\",\"(written by)\",(story),\"(story editor)\"}'::text[]))", "Rows Removed by Filter": 3987641, "Exact Heap Blocks": 3901088, "Lossy Heap Blocks": 3901088, "Plans": [{"Node Type": "Bitmap Index Scan", "Parent Relationship": "Outer", "Index Name": "movie_id_cast_info", "Startup Cost": 0.0, "Total Cost": 0.52, "Plan Rows": 6, "Plan Width": 0, "Actual Startup Time": 1058.419, "Actual Total Time": 1058.419, "Actual Rows": 4041796, "Actual Loops": 102516, "Index Cond": "(movie_id = t.id)"}]}]}, {"Node Type": "Bitmap Heap Scan", "Parent Relationship": "Inner", "Relation Name": "name", "Alias": "n", "Startup Cost": 0.31, "Total Cost": 4.32, "Plan Rows": 1, "Plan Width": 4, "Actual Startup Time": 411.48, "Actual Total Time": 411.48, "Actual Rows": 28073, "Actual Loops": 54155, "Recheck Cond": "(id = ci.person_id)", "Rows Removed by Index Recheck": 0, "Filter": "((gender)::text = 'm'::text)", "Rows Removed by Filter": 26082, "Exact Heap Blocks": 54155, "Lossy Heap Blocks": 54155, "Plans": [{"Node Type": "Bitmap Index Scan", "Parent Relationship": "Outer", "Index Name": "name_pkey", "Startup Cost": 0.0, "Total Cost": 0.31, "Plan Rows": 1, "Plan Width": 0, "Actual Startup Time": 260.738, "Actual Total Time": 260.738, "Actual Rows": 54155, "Actual Loops": 54155, "Index Cond": "(id = ci.person_id)"}]}]}]}, "Triggers": [], "Planner Runtime": 27, "Total Runtime": 13649.606, "Unique SQL Id": 3913857139}}, "(16, 83)": {"explain_plan": {"Plan": {"Node Type": "Aggregate", "Strategy": "Plain", "Startup Cost": 191625.84, "Total Cost": 191625.85, "Plan Rows": 1, "Plan Width": 160, "Plans": [{"Node Type": "Nested Loop", "Parent Relationship": "Outer", "Join Type": "Inner", "Startup Cost": 177237.75, "Total Cost": 191615.24, "Plan Rows": 1413, "Plan Width": 64, "Inner Unique": true, "Plans": [{"Node Type": "Nested Loop", "Parent Relationship": "Outer", "Join Type": "Inner", "Startup Cost": 177237.44, "Total Cost": 186609.82, "Plan Rows": 1155, "Plan Width": 68, "Inner Unique": false, "Plans": [{"Node Type": "Nested Loop", "Parent Relationship": "Outer", "Join Type": "Inner", "Startup Cost": 177236.93, "Total Cost": 181767.15, "Plan Rows": 1044, "Plan Width": 76, "Inner Unique": true, "Join Filter": "(mi.movie_id = t.id)", "Plans": [{"Node Type": "Merge Join", "Parent Relationship": "Outer", "Join Type": "Inner", "Startup Cost": 177236.64, "Total Cost": 177267.96, "Plan Rows": 1044, "Plan Width": 55, "Inner Unique": false, "Merge Cond": "(it2.id = mi_idx.info_type_id)", "Plans": [{"Node Type": "Sort", "Parent Relationship": "Outer", "Startup Cost": 14.22, "Total Cost": 14.23, "Plan Rows": 1, "Plan Width": 4, "Sort Key": ["it2.id"], "Plans": [{"Node Type": "Bitmap Heap Scan", "Parent Relationship": "Outer", "Relation Name": "info_type", "Alias": "it2", "Startup Cost": 8.81, "Total Cost": 14.21, "Plan Rows": 1, "Plan Width": 4, "Filter": "((info)::text = 'votes'::text)", "Plans": [{"Node Type": "Bitmap Index Scan", "Parent Relationship": "Outer", "Index Name": "info_type_pkey", "Startup Cost": 0.0, "Total Cost": 8.81, "Plan Rows": 112, "Plan Width": 0}]}]}, {"Node Type": "Sort", "Parent Relationship": "Inner", "Startup Cost": 177222.42, "Total Cost": 177232.85, "Plan Rows": 4175, "Plan Width": 59, "Sort Key": ["mi_idx.info_type_id"], "Plans": [{"Node Type": "Nested Loop", "Parent Relationship": "Outer", "Join Type": "Inner", "Startup Cost": 4851.32, "Total Cost": 176971.34, "Plan Rows": 4175, "Plan Width": 59, "Inner Unique": false, "Plans": [{"Node Type": "Nested Loop", "Parent Relationship": "Outer", "Join Type": "Inner", "Startup Cost": 4850.95, "Total Cost": 164983.91, "Plan Rows": 2717, "Plan Width": 46, "Inner Unique": false, "Plans": [{"Node Type": "Bitmap Heap Scan", "Parent Relationship": "Outer", "Relation Name": "info_type", "Alias": "it1", "Startup Cost": 8.81, "Total Cost": 14.21, "Plan Rows": 1, "Plan Width": 4, "Filter": "((info)::text = 'genres'::text)", "Plans": [{"Node Type": "Bitmap Index Scan", "Parent Relationship": "Outer", "Index Name": "info_type_pkey", "Startup Cost": 0.0, "Total Cost": 8.81, "Plan Rows": 112, "Plan Width": 0}]}, {"Node Type": "Bitmap Heap Scan", "Parent Relationship": "Inner", "Relation Name": "movie_info", "Alias": "mi", "Startup Cost": 4842.14, "Total Cost": 164942.53, "Plan Rows": 2717, "Plan Width": 50, "Recheck Cond": "(info_type_id = it1.id)", "Filter": "((info)::text = ANY ('{Horror,Action,Sci-Fi,Thriller,Crime,War}'::text[]))", "Plans": [{"Node Type": "Bitmap Index Scan", "Parent Relationship": "Outer", "Index Name": "info_type_id_movie_info", "Startup Cost": 0.0, "Total Cost": 4841.46, "Plan Rows": 212428, "Plan Width": 0, "Index Cond": "(info_type_id = it1.id)"}]}]}, {"Node Type": "Bitmap Heap Scan", "Parent Relationship": "Inner", "Relation Name": "movie_info_idx", "Alias": "mi_idx", "Startup Cost": 0.37, "Total Cost": 4.39, "Plan Rows": 2, "Plan Width": 13, "Recheck Cond": "(movie_id = mi.movie_id)", "Plans": [{"Node Type": "Bitmap Index Scan", "Parent Relationship": "Outer", "Index Name": "movie_id_movie_info_idx", "Startup Cost": 0.0, "Total Cost": 0.37, "Plan Rows": 2, "Plan Width": 0, "Index Cond": "(movie_id = mi.movie_id)"}]}]}]}]}, {"Node Type": "Bitmap Heap Scan", "Parent Relationship": "Inner", "Relation Name": "title", "Alias": "t", "Startup Cost": 0.28, "Total Cost": 4.3, "Plan Rows": 1, "Plan Width": 21, "Recheck Cond": "(id = mi_idx.movie_id)", "Plans": [{"Node Type": "Bitmap Index Scan", "Parent Relationship": "Outer", "Index Name": "title_pkey", "Startup Cost": 0.0, "Total Cost": 0.28, "Plan Rows": 1, "Plan Width": 0, "Index Cond": "(id = mi_idx.movie_id)"}]}]}, {"Node Type": "Bitmap Heap Scan", "Parent Relationship": "Inner", "Relation Name": "cast_info", "Alias": "ci", "Startup Cost": 0.52, "Total Cost": 4.63, "Plan Rows": 1, "Plan Width": 8, "Recheck Cond": "(movie_id = t.id)", "Filter": "((note)::text = ANY ('{(writer),\"(head writer)\",\"(written by)\",(story),\"(story editor)\"}'::text[]))", "Plans": [{"Node Type": "Bitmap Index Scan", "Parent Relationship": "Outer", "Index Name": "movie_id_cast_info", "Startup Cost": 0.0, "Total Cost": 0.52, "Plan Rows": 6, "Plan Width": 0, "Index Cond": "(movie_id = t.id)"}]}]}, {"Node Type": "Bitmap Heap Scan", "Parent Relationship": "Inner", "Relation Name": "name", "Alias": "n", "Startup Cost": 0.31, "Total Cost": 4.32, "Plan Rows": 1, "Plan Width": 4, "Recheck Cond": "(id = ci.person_id)", "Filter": "((gender)::text = 'm'::text)", "Plans": [{"Node Type": "Bitmap Index Scan", "Parent Relationship": "Outer", "Index Name": "name_pkey", "Startup Cost": 0.0, "Total Cost": 0.31, "Plan Rows": 1, "Plan Width": 0, "Index Cond": "(id = ci.person_id)"}]}]}]}, "Unique SQL Id": 3913857139, "Planner Runtime": 23}, "explain_analyze_plan": {"Plan": {"Node Type": "Aggregate", "Strategy": "Plain", "Startup Cost": 191625.84, "Total Cost": 191625.85, "Plan Rows": 1, "Plan Width": 160, "Actual Startup Time": 14643.184, "Actual Total Time": 14643.184, "Actual Rows": 1, "Actual Loops": 1, "Plans": [{"Node Type": "Nested Loop", "Parent Relationship": "Outer", "Join Type": "Inner", "Startup Cost": 177237.75, "Total Cost": 191615.24, "Plan Rows": 1413, "Plan Width": 64, "Actual Startup Time": 2360.3, "Actual Total Time": 14599.5, "Actual Rows": 28073, "Actual Loops": 1, "Inner Unique": true, "Plans": [{"Node Type": "Nested Loop", "Parent Relationship": "Outer", "Join Type": "Inner", "Startup Cost": 177237.44, "Total Cost": 186609.82, "Plan Rows": 1155, "Plan Width": 68, "Actual Startup Time": 2360.247, "Actual Total Time": 14066.876, "Actual Rows": 54155, "Actual Loops": 1, "Inner Unique": false, "Plans": [{"Node Type": "Nested Loop", "Parent Relationship": "Outer", "Join Type": "Inner", "Startup Cost": 177236.93, "Total Cost": 181767.15, "Plan Rows": 1044, "Plan Width": 76, "Actual Startup Time": 2360.161, "Actual Total Time": 3220.868, "Actual Rows": 102516, "Actual Loops": 1, "Inner Unique": true, "Join Filter": "(mi.movie_id = t.id)", "Rows Removed by Join Filter": 0, "Plans": [{"Node Type": "Merge Join", "Parent Relationship": "Outer", "Join Type": "Inner", "Startup Cost": 177236.64, "Total Cost": 177267.96, "Plan Rows": 1044, "Plan Width": 55, "Actual Startup Time": 2360.095, "Actual Total Time": 2428.256, "Actual Rows": 102516, "Actual Loops": 1, "Inner Unique": false, "Merge Cond": "(it2.id = mi_idx.info_type_id)", "Plans": [{"Node Type": "Sort", "Parent Relationship": "Outer", "Startup Cost": 14.22, "Total Cost": 14.23, "Plan Rows": 1, "Plan Width": 4, "Actual Startup Time": 0.088, "Actual Total Time": 0.088, "Actual Rows": 1, "Actual Loops": 1, "Sort Key": ["it2.id"], "Sort Method": "quicksort", "Sort Space Used": 25, "Sort Space Type": "Memory", "Plans": [{"Node Type": "Bitmap Heap Scan", "Parent Relationship": "Outer", "Relation Name": "info_type", "Alias": "it2", "Startup Cost": 8.81, "Total Cost": 14.21, "Plan Rows": 1, "Plan Width": 4, "Actual Startup Time": 0.072, "Actual Total Time": 0.075, "Actual Rows": 1, "Actual Loops": 1, "Filter": "((info)::text = 'votes'::text)", "Rows Removed by Filter": 111, "Exact Heap Blocks": 1, "Lossy Heap Blocks": 1, "Plans": [{"Node Type": "Bitmap Index Scan", "Parent Relationship": "Outer", "Index Name": "info_type_pkey", "Startup Cost": 0.0, "Total Cost": 8.81, "Plan Rows": 112, "Plan Width": 0, "Actual Startup Time": 0.013, "Actual Total Time": 0.013, "Actual Rows": 112, "Actual Loops": 1}]}]}, {"Node Type": "Sort", "Parent Relationship": "Inner", "Startup Cost": 177222.42, "Total Cost": 177232.85, "Plan Rows": 4175, "Plan Width": 59, "Actual Startup Time": 2326.363, "Actual Total Time": 2369.291, "Actual Rows": 205033, "Actual Loops": 1, "Sort Key": ["mi_idx.info_type_id"], "Sort Method": "quicksort", "Sort Space Used": 41143, "Sort Space Type": "Memory", "Plans": [{"Node Type": "Nested Loop", "Parent Relationship": "Outer", "Join Type": "Inner", "Startup Cost": 4851.32, "Total Cost": 176971.34, "Plan Rows": 4175, "Plan Width": 59, "Actual Startup Time": 173.745, "Actual Total Time": 2207.338, "Actual Rows": 307785, "Actual Loops": 1, "Inner Unique": false, "Plans": [{"Node Type": "Nested Loop", "Parent Relationship": "Outer", "Join Type": "Inner", "Startup Cost": 4850.95, "Total Cost": 164983.91, "Plan Rows": 2717, "Plan Width": 46, "Actual Startup Time": 173.701, "Actual Total Time": 1179.865, "Actual Rows": 186594, "Actual Loops": 1, "Inner Unique": false, "Plans": [{"Node Type": "Bitmap Heap Scan", "Parent Relationship": "Outer", "Relation Name": "info_type", "Alias": "it1", "Startup Cost": 8.81, "Total Cost": 14.21, "Plan Rows": 1, "Plan Width": 4, "Actual Startup Time": 0.031, "Actual Total Time": 0.061, "Actual Rows": 1, "Actual Loops": 1, "Filter": "((info)::text = 'genres'::text)", "Rows Removed by Filter": 111, "Exact Heap Blocks": 1, "Lossy Heap Blocks": 1, "Plans": [{"Node Type": "Bitmap Index Scan", "Parent Relationship": "Outer", "Index Name": "info_type_pkey", "Startup Cost": 0.0, "Total Cost": 8.81, "Plan Rows": 112, "Plan Width": 0, "Actual Startup Time": 0.009, "Actual Total Time": 0.009, "Actual Rows": 112, "Actual Loops": 1}]}, {"Node Type": "Bitmap Heap Scan", "Parent Relationship": "Inner", "Relation Name": "movie_info", "Alias": "mi", "Startup Cost": 4842.14, "Total Cost": 164942.53, "Plan Rows": 2717, "Plan Width": 50, "Actual Startup Time": 173.666, "Actual Total Time": 1138.805, "Actual Rows": 186594, "Actual Loops": 1, "Recheck Cond": "(info_type_id = it1.id)", "Rows Removed by Index Recheck": 0, "Filter": "((info)::text = ANY ('{Horror,Action,Sci-Fi,Thriller,Crime,War}'::text[]))", "Rows Removed by Filter": 1347315, "Exact Heap Blocks": 7426, "Lossy Heap Blocks": 7426, "Plans": [{"Node Type": "Bitmap Index Scan", "Parent Relationship": "Outer", "Index Name": "info_type_id_movie_info", "Startup Cost": 0.0, "Total Cost": 4841.46, "Plan Rows": 212428, "Plan Width": 0, "Actual Startup Time": 172.28, "Actual Total Time": 172.28, "Actual Rows": 1533909, "Actual Loops": 1, "Index Cond": "(info_type_id = it1.id)"}]}]}, {"Node Type": "Bitmap Heap Scan", "Parent Relationship": "Inner", "Relation Name": "movie_info_idx", "Alias": "mi_idx", "Startup Cost": 0.37, "Total Cost": 4.39, "Plan Rows": 2, "Plan Width": 13, "Actual Startup Time": 713.693, "Actual Total Time": 756.265, "Actual Rows": 307785, "Actual Loops": 186594, "Recheck Cond": "(movie_id = mi.movie_id)", "Rows Removed by Index Recheck": 0, "Exact Heap Blocks": 103610, "Lossy Heap Blocks": 103610, "Plans": [{"Node Type": "Bitmap Index Scan", "Parent Relationship": "Outer", "Index Name": "movie_id_movie_info_idx", "Startup Cost": 0.0, "Total Cost": 0.37, "Plan Rows": 2, "Plan Width": 0, "Actual Startup Time": 480.933, "Actual Total Time": 480.933, "Actual Rows": 307785, "Actual Loops": 186594, "Index Cond": "(movie_id = mi.movie_id)"}]}]}]}]}, {"Node Type": "Bitmap Heap Scan", "Parent Relationship": "Inner", "Relation Name": "title", "Alias": "t", "Startup Cost": 0.28, "Total Cost": 4.3, "Plan Rows": 1, "Plan Width": 21, "Actual Startup Time": 590.531, "Actual Total Time": 590.531, "Actual Rows": 102516, "Actual Loops": 102516, "Recheck Cond": "(id = mi_idx.movie_id)", "Rows Removed by Index Recheck": 0, "Exact Heap Blocks": 102516, "Lossy Heap Blocks": 102516, "Plans": [{"Node Type": "Bitmap Index Scan", "Parent Relationship": "Outer", "Index Name": "title_pkey", "Startup Cost": 0.0, "Total Cost": 0.28, "Plan Rows": 1, "Plan Width": 0, "Actual Startup Time": 324.014, "Actual Total Time": 324.014, "Actual Rows": 102516, "Actual Loops": 102516, "Index Cond": "(id = mi_idx.movie_id)"}]}]}, {"Node Type": "Bitmap Heap Scan", "Parent Relationship": "Inner", "Relation Name": "cast_info", "Alias": "ci", "Startup Cost": 0.52, "Total Cost": 4.63, "Plan Rows": 1, "Plan Width": 8, "Actual Startup Time": 9238.404, "Actual Total Time": 10684.246, "Actual Rows": 54155, "Actual Loops": 102516, "Recheck Cond": "(movie_id = t.id)", "Rows Removed by Index Recheck": 0, "Filter": "((note)::text = ANY ('{(writer),\"(head writer)\",\"(written by)\",(story),\"(story editor)\"}'::text[]))", "Rows Removed by Filter": 3987641, "Exact Heap Blocks": 3901088, "Lossy Heap Blocks": 3901088, "Plans": [{"Node Type": "Bitmap Index Scan", "Parent Relationship": "Outer", "Index Name": "movie_id_cast_info", "Startup Cost": 0.0, "Total Cost": 0.52, "Plan Rows": 6, "Plan Width": 0, "Actual Startup Time": 1099.146, "Actual Total Time": 1099.146, "Actual Rows": 4041796, "Actual Loops": 102516, "Index Cond": "(movie_id = t.id)"}]}]}, {"Node Type": "Bitmap Heap Scan", "Parent Relationship": "Inner", "Relation Name": "name", "Alias": "n", "Startup Cost": 0.31, "Total Cost": 4.32, "Plan Rows": 1, "Plan Width": 4, "Actual Startup Time": 444.81, "Actual Total Time": 444.81, "Actual Rows": 28073, "Actual Loops": 54155, "Recheck Cond": "(id = ci.person_id)", "Rows Removed by Index Recheck": 0, "Filter": "((gender)::text = 'm'::text)", "Rows Removed by Filter": 26082, "Exact Heap Blocks": 54155, "Lossy Heap Blocks": 54155, "Plans": [{"Node Type": "Bitmap Index Scan", "Parent Relationship": "Outer", "Index Name": "name_pkey", "Startup Cost": 0.0, "Total Cost": 0.31, "Plan Rows": 1, "Plan Width": 0, "Actual Startup Time": 286.249, "Actual Total Time": 286.249, "Actual Rows": 54155, "Actual Loops": 54155, "Index Cond": "(id = ci.person_id)"}]}]}]}, "Triggers": [], "Planner Runtime": 22, "Total Runtime": 14643.479, "Unique SQL Id": 3913857139}}, "(16, 84)": {"explain_plan": {"Plan": {"Node Type": "Aggregate", "Strategy": "Plain", "Startup Cost": 103118.52, "Total Cost": 103118.53, "Plan Rows": 1, "Plan Width": 160, "Plans": [{"Node Type": "Nested Loop", "Parent Relationship": "Outer", "Join Type": "Inner", "Startup Cost": 0.0, "Total Cost": 103107.92, "Plan Rows": 1413, "Plan Width": 64, "Inner Unique": true, "Plans": [{"Node Type": "Nested Loop", "Parent Relationship": "Outer", "Join Type": "Inner", "Startup Cost": 0.0, "Total Cost": 102528.66, "Plan Rows": 1155, "Plan Width": 68, "Inner Unique": false, "Plans": [{"Node Type": "Nested Loop", "Parent Relationship": "Outer", "Join Type": "Inner", "Startup Cost": 0.0, "Total Cost": 101467.02, "Plan Rows": 1044, "Plan Width": 76, "Inner Unique": true, "Join Filter": "(mi.movie_id = t.id)", "Plans": [{"Node Type": "Nested Loop", "Parent Relationship": "Outer", "Join Type": "Inner", "Startup Cost": 0.0, "Total Cost": 101038.83, "Plan Rows": 1044, "Plan Width": 55, "Inner Unique": true, "Plans": [{"Node Type": "Nested Loop", "Parent Relationship": "Outer", "Join Type": "Inner", "Startup Cost": 0.0, "Total Cost": 99859.36, "Plan Rows": 4175, "Plan Width": 59, "Inner Unique": false, "Plans": [{"Node Type": "Nested Loop", "Parent Relationship": "Outer", "Join Type": "Inner", "Startup Cost": 0.0, "Total Cost": 98371.31, "Plan Rows": 2717, "Plan Width": 46, "Inner Unique": true, "Plans": [{"Node Type": "Streaming(type: LOCAL GATHER dop: 1/16)", "Parent Relationship": "Outer", "Startup Cost": 0.0, "Total Cost": 44636.28, "Plan Rows": 190170, "Plan Width": 50, "Plans": [{"Node Type": "Seq Scan", "Parent Relationship": "Outer", "Relation Name": "movie_info", "Alias": "mi", "Startup Cost": 0.0, "Total Cost": 40532.03, "Plan Rows": 190170, "Plan Width": 50, "Filter": "((info)::text = ANY ('{Horror,Action,Sci-Fi,Thriller,Crime,War}'::text[]))"}]}, {"Node Type": "Index Scan", "Parent Relationship": "Inner", "Scan Direction": "Forward", "Index Name": "info_type_pkey", "Relation Name": "info_type", "Alias": "it1", "Startup Cost": 0.0, "Total Cost": 0.27, "Plan Rows": 1, "Plan Width": 4, "Index Cond": "(id = mi.info_type_id)", "Filter": "((info)::text = 'genres'::text)"}]}, {"Node Type": "Index Scan", "Parent Relationship": "Inner", "Scan Direction": "Forward", "Index Name": "movie_id_movie_info_idx", "Relation Name": "movie_info_idx", "Alias": "mi_idx", "Startup Cost": 0.0, "Total Cost": 0.53, "Plan Rows": 2, "Plan Width": 13, "Index Cond": "(movie_id = mi.movie_id)"}]}, {"Node Type": "Index Scan", "Parent Relationship": "Inner", "Scan Direction": "Forward", "Index Name": "info_type_pkey", "Relation Name": "info_type", "Alias": "it2", "Startup Cost": 0.0, "Total Cost": 0.27, "Plan Rows": 1, "Plan Width": 4, "Index Cond": "(id = mi_idx.info_type_id)", "Filter": "((info)::text = 'votes'::text)"}]}, {"Node Type": "Index Scan", "Parent Relationship": "Inner", "Scan Direction": "Forward", "Index Name": "title_pkey", "Relation Name": "title", "Alias": "t", "Startup Cost": 0.0, "Total Cost": 0.4, "Plan Rows": 1, "Plan Width": 21, "Index Cond": "(id = mi_idx.movie_id)"}]}, {"Node Type": "Index Scan", "Parent Relationship": "Inner", "Scan Direction": "Forward", "Index Name": "movie_id_cast_info", "Relation Name": "cast_info", "Alias": "ci", "Startup Cost": 0.0, "Total Cost": 1.01, "Plan Rows": 1, "Plan Width": 8, "Index Cond": "(movie_id = t.id)", "Filter": "((note)::text = ANY ('{(writer),\"(head writer)\",\"(written by)\",(story),\"(story editor)\"}'::text[]))"}]}, {"Node Type": "Index Scan", "Parent Relationship": "Inner", "Scan Direction": "Forward", "Index Name": "name_pkey", "Relation Name": "name", "Alias": "n", "Startup Cost": 0.0, "Total Cost": 0.49, "Plan Rows": 1, "Plan Width": 4, "Index Cond": "(id = ci.person_id)", "Filter": "((gender)::text = 'm'::text)"}]}]}, "Unique SQL Id": 3913857139, "Planner Runtime": 19}, "explain_analyze_plan": {"Plan": {"Node Type": "Aggregate", "Strategy": "Plain", "Startup Cost": 103118.52, "Total Cost": 103118.53, "Plan Rows": 1, "Plan Width": 160, "Actual Min Startup Time": 12541.702, "Actual Max Startup Time": 12541.702, "Actual Min Total Time": 12541.702, "Actual Max Total Time": 12541.702, "Plans": [{"Node Type": "Nested Loop", "Parent Relationship": "Outer", "Join Type": "Inner", "Startup Cost": 0.0, "Total Cost": 103107.92, "Plan Rows": 1413, "Plan Width": 64, "Actual Min Startup Time": 421.04, "Actual Max Startup Time": 421.04, "Actual Min Total Time": 12505.044, "Actual Max Total Time": 12505.044, "Inner Unique": true, "Plans": [{"Node Type": "Nested Loop", "Parent Relationship": "Outer", "Join Type": "Inner", "Startup Cost": 0.0, "Total Cost": 102528.66, "Plan Rows": 1155, "Plan Width": 68, "Actual Min Startup Time": 420.971, "Actual Max Startup Time": 420.971, "Actual Min Total Time": 12086.362, "Actual Max Total Time": 12086.362, "Inner Unique": false, "Plans": [{"Node Type": "Nested Loop", "Parent Relationship": "Outer", "Join Type": "Inner", "Startup Cost": 0.0, "Total Cost": 101467.02, "Plan Rows": 1044, "Plan Width": 76, "Actual Min Startup Time": 420.94, "Actual Max Startup Time": 420.94, "Actual Min Total Time": 3122.776, "Actual Max Total Time": 3122.776, "Inner Unique": true, "Join Filter": "(mi.movie_id = t.id)", "Rows Removed by Join Filter": 0, "Plans": [{"Node Type": "Nested Loop", "Parent Relationship": "Outer", "Join Type": "Inner", "Startup Cost": 0.0, "Total Cost": 101038.83, "Plan Rows": 1044, "Plan Width": 55, "Actual Min Startup Time": 420.919, "Actual Max Startup Time": 420.919, "Actual Min Total Time": 2555.507, "Actual Max Total Time": 2555.507, "Inner Unique": true, "Plans": [{"Node Type": "Nested Loop", "Parent Relationship": "Outer", "Join Type": "Inner", "Startup Cost": 0.0, "Total Cost": 99859.36, "Plan Rows": 4175, "Plan Width": 59, "Actual Min Startup Time": 420.894, "Actual Max Startup Time": 420.894, "Actual Min Total Time": 1813.326, "Actual Max Total Time": 1813.326, "Inner Unique": false, "Plans": [{"Node Type": "Nested Loop", "Parent Relationship": "Outer", "Join Type": "Inner", "Startup Cost": 0.0, "Total Cost": 98371.31, "Plan Rows": 2717, "Plan Width": 46, "Actual Min Startup Time": 420.867, "Actual Max Startup Time": 420.867, "Actual Min Total Time": 967.83, "Actual Max Total Time": 967.83, "Inner Unique": true, "Plans": [{"Node Type": "Streaming(type: LOCAL GATHER dop: 1/16)", "Parent Relationship": "Outer", "Startup Cost": 0.0, "Total Cost": 44636.28, "Plan Rows": 190170, "Plan Width": 50, "Actual Min Startup Time": 296.853, "Actual Max Startup Time": 296.853, "Actual Min Total Time": 480.595, "Actual Max Total Time": 480.595, "Plans": [{"Node Type": "Seq Scan", "Parent Relationship": "Outer", "Relation Name": "movie_info", "Alias": "mi", "Startup Cost": 0.0, "Total Cost": 40532.03, "Plan Rows": 190170, "Plan Width": 50, "Actual Min Startup Time": 225.267, "Actual Max Startup Time": 408.387, "Actual Min Total Time": 457.606, "Actual Max Total Time": 470.092, "Filter": "((info)::text = ANY ('{Horror,Action,Sci-Fi,Thriller,Crime,War}'::text[]))", "Rows Removed by Filter": 14646748, "Actual Rows": 188971}], "Actual Rows": 188971}, {"Node Type": "Index Scan", "Parent Relationship": "Inner", "Scan Direction": "Forward", "Index Name": "info_type_pkey", "Relation Name": "info_type", "Alias": "it1", "Startup Cost": 0.0, "Total Cost": 0.27, "Plan Rows": 1, "Plan Width": 4, "Actual Min Startup Time": 334.504, "Actual Max Startup Time": 334.504, "Actual Min Total Time": 334.504, "Actual Max Total Time": 334.504, "Index Cond": "(id = mi.info_type_id)", "Rows Removed by Index Recheck": 0, "Filter": "((info)::text = 'genres'::text)", "Rows Removed by Filter": 2377, "Actual Rows": 186594}], "Actual Rows": 186594}, {"Node Type": "Index Scan", "Parent Relationship": "Inner", "Scan Direction": "Forward", "Index Name": "movie_id_movie_info_idx", "Relation Name": "movie_info_idx", "Alias": "mi_idx", "Startup Cost": 0.0, "Total Cost": 0.53, "Plan Rows": 2, "Plan Width": 13, "Actual Min Startup Time": 546.672, "Actual Max Startup Time": 546.672, "Actual Min Total Time": 671.417, "Actual Max Total Time": 671.417, "Index Cond": "(movie_id = mi.movie_id)", "Rows Removed by Index Recheck": 0, "Actual Rows": 307785}], "Actual Rows": 307785}, {"Node Type": "Index Scan", "Parent Relationship": "Inner", "Scan Direction": "Forward", "Index Name": "info_type_pkey", "Relation Name": "info_type", "Alias": "it2", "Startup Cost": 0.0, "Total Cost": 0.27, "Plan Rows": 1, "Plan Width": 4, "Actual Min Startup Time": 561.765, "Actual Max Startup Time": 561.765, "Actual Min Total Time": 561.765, "Actual Max Total Time": 561.765, "Index Cond": "(id = mi_idx.info_type_id)", "Rows Removed by Index Recheck": 0, "Filter": "((info)::text = 'votes'::text)", "Rows Removed by Filter": 205269, "Actual Rows": 102516}], "Actual Rows": 102516}, {"Node Type": "Index Scan", "Parent Relationship": "Inner", "Scan Direction": "Forward", "Index Name": "title_pkey", "Relation Name": "title", "Alias": "t", "Startup Cost": 0.0, "Total Cost": 0.4, "Plan Rows": 1, "Plan Width": 21, "Actual Min Startup Time": 451.206, "Actual Max Startup Time": 451.206, "Actual Min Total Time": 451.206, "Actual Max Total Time": 451.206, "Index Cond": "(id = mi_idx.movie_id)", "Rows Removed by Index Recheck": 0, "Actual Rows": 102516}], "Actual Rows": 102516}, {"Node Type": "Index Scan", "Parent Relationship": "Inner", "Scan Direction": "Forward", "Index Name": "movie_id_cast_info", "Relation Name": "cast_info", "Alias": "ci", "Startup Cost": 0.0, "Total Cost": 1.01, "Plan Rows": 1, "Plan Width": 8, "Actual Min Startup Time": 7570.783, "Actual Max Startup Time": 7570.783, "Actual Min Total Time": 8892.795, "Actual Max Total Time": 8892.795, "Index Cond": "(movie_id = t.id)", "Rows Removed by Index Recheck": 0, "Filter": "((note)::text = ANY ('{(writer),\"(head writer)\",\"(written by)\",(story),\"(story editor)\"}'::text[]))", "Rows Removed by Filter": 3987641, "Actual Rows": 54155}], "Actual Rows": 54155}, {"Node Type": "Index Scan", "Parent Relationship": "Inner", "Scan Direction": "Forward", "Index Name": "name_pkey", "Relation Name": "name", "Alias": "n", "Startup Cost": 0.0, "Total Cost": 0.49, "Plan Rows": 1, "Plan Width": 4, "Actual Min Startup Time": 374.999, "Actual Max Startup Time": 374.999, "Actual Min Total Time": 374.999, "Actual Max Total Time": 374.999, "Index Cond": "(id = ci.person_id)", "Rows Removed by Index Recheck": 0, "Filter": "((gender)::text = 'm'::text)", "Rows Removed by Filter": 26082, "Actual Rows": 28073}], "Actual Rows": 28073}], "Actual Rows": 1}, "Triggers": [], "Planner Runtime": 18, "Total Runtime": 12544.374, "Unique SQL Id": 3913857139}}, "(16, 85)": {"explain_plan": {"Plan": {"Node Type": "Aggregate", "Strategy": "Plain", "Startup Cost": 169731.13, "Total Cost": 169731.14, "Plan Rows": 1, "Plan Width": 160, "Plans": [{"Node Type": "Nested Loop", "Parent Relationship": "Outer", "Join Type": "Inner", "Startup Cost": 4842.14, "Total Cost": 169720.53, "Plan Rows": 1413, "Plan Width": 64, "Inner Unique": true, "Plans": [{"Node Type": "Nested Loop", "Parent Relationship": "Outer", "Join Type": "Inner", "Startup Cost": 4842.14, "Total Cost": 169141.26, "Plan Rows": 1155, "Plan Width": 68, "Inner Unique": false, "Plans": [{"Node Type": "Nested Loop", "Parent Relationship": "Outer", "Join Type": "Inner", "Startup Cost": 4842.14, "Total Cost": 168079.63, "Plan Rows": 1044, "Plan Width": 76, "Inner Unique": true, "Join Filter": "(mi.movie_id = t.id)", "Plans": [{"Node Type": "Nested Loop", "Parent Relationship": "Outer", "Join Type": "Inner", "Startup Cost": 4842.14, "Total Cost": 167651.44, "Plan Rows": 1044, "Plan Width": 55, "Inner Unique": true, "Plans": [{"Node Type": "Nested Loop", "Parent Relationship": "Outer", "Join Type": "Inner", "Startup Cost": 4842.14, "Total Cost": 166471.96, "Plan Rows": 4175, "Plan Width": 59, "Inner Unique": false, "Plans": [{"Node Type": "Nested Loop", "Parent Relationship": "Outer", "Join Type": "Inner", "Startup Cost": 4842.14, "Total Cost": 164983.91, "Plan Rows": 2717, "Plan Width": 46, "Inner Unique": false, "Plans": [{"Node Type": "Index Scan", "Parent Relationship": "Outer", "Scan Direction": "Forward", "Index Name": "info_type_pkey", "Relation Name": "info_type", "Alias": "it1", "Startup Cost": 0.0, "Total Cost": 14.21, "Plan Rows": 1, "Plan Width": 4, "Filter": "((info)::text = 'genres'::text)"}, {"Node Type": "Bitmap Heap Scan", "Parent Relationship": "Inner", "Relation Name": "movie_info", "Alias": "mi", "Startup Cost": 4842.14, "Total Cost": 164942.53, "Plan Rows": 2717, "Plan Width": 50, "Recheck Cond": "(info_type_id = it1.id)", "Filter": "((info)::text = ANY ('{Horror,Action,Sci-Fi,Thriller,Crime,War}'::text[]))", "Plans": [{"Node Type": "Bitmap Index Scan", "Parent Relationship": "Outer", "Index Name": "info_type_id_movie_info", "Startup Cost": 0.0, "Total Cost": 4841.46, "Plan Rows": 212428, "Plan Width": 0, "Index Cond": "(info_type_id = it1.id)"}]}]}, {"Node Type": "Index Scan", "Parent Relationship": "Inner", "Scan Direction": "Forward", "Index Name": "movie_id_movie_info_idx", "Relation Name": "movie_info_idx", "Alias": "mi_idx", "Startup Cost": 0.0, "Total Cost": 0.53, "Plan Rows": 2, "Plan Width": 13, "Index Cond": "(movie_id = mi.movie_id)"}]}, {"Node Type": "Index Scan", "Parent Relationship": "Inner", "Scan Direction": "Forward", "Index Name": "info_type_pkey", "Relation Name": "info_type", "Alias": "it2", "Startup Cost": 0.0, "Total Cost": 0.27, "Plan Rows": 1, "Plan Width": 4, "Index Cond": "(id = mi_idx.info_type_id)", "Filter": "((info)::text = 'votes'::text)"}]}, {"Node Type": "Index Scan", "Parent Relationship": "Inner", "Scan Direction": "Forward", "Index Name": "title_pkey", "Relation Name": "title", "Alias": "t", "Startup Cost": 0.0, "Total Cost": 0.4, "Plan Rows": 1, "Plan Width": 21, "Index Cond": "(id = mi_idx.movie_id)"}]}, {"Node Type": "Index Scan", "Parent Relationship": "Inner", "Scan Direction": "Forward", "Index Name": "movie_id_cast_info", "Relation Name": "cast_info", "Alias": "ci", "Startup Cost": 0.0, "Total Cost": 1.01, "Plan Rows": 1, "Plan Width": 8, "Index Cond": "(movie_id = t.id)", "Filter": "((note)::text = ANY ('{(writer),\"(head writer)\",\"(written by)\",(story),\"(story editor)\"}'::text[]))"}]}, {"Node Type": "Index Scan", "Parent Relationship": "Inner", "Scan Direction": "Forward", "Index Name": "name_pkey", "Relation Name": "name", "Alias": "n", "Startup Cost": 0.0, "Total Cost": 0.49, "Plan Rows": 1, "Plan Width": 4, "Index Cond": "(id = ci.person_id)", "Filter": "((gender)::text = 'm'::text)"}]}]}, "Unique SQL Id": 3913857139, "Planner Runtime": 20}, "explain_analyze_plan": {"Plan": {"Node Type": "Aggregate", "Strategy": "Plain", "Startup Cost": 169731.13, "Total Cost": 169731.14, "Plan Rows": 1, "Plan Width": 160, "Actual Startup Time": 12968.135, "Actual Total Time": 12968.135, "Actual Rows": 1, "Actual Loops": 1, "Plans": [{"Node Type": "Nested Loop", "Parent Relationship": "Outer", "Join Type": "Inner", "Startup Cost": 4842.14, "Total Cost": 169720.53, "Plan Rows": 1413, "Plan Width": 64, "Actual Startup Time": 184.302, "Actual Total Time": 12931.015, "Actual Rows": 28073, "Actual Loops": 1, "Inner Unique": true, "Plans": [{"Node Type": "Nested Loop", "Parent Relationship": "Outer", "Join Type": "Inner", "Startup Cost": 4842.14, "Total Cost": 169141.26, "Plan Rows": 1155, "Plan Width": 68, "Actual Startup Time": 181.84, "Actual Total Time": 12502.616, "Actual Rows": 54155, "Actual Loops": 1, "Inner Unique": false, "Plans": [{"Node Type": "Nested Loop", "Parent Relationship": "Outer", "Join Type": "Inner", "Startup Cost": 4842.14, "Total Cost": 168079.63, "Plan Rows": 1044, "Plan Width": 76, "Actual Startup Time": 178.896, "Actual Total Time": 3347.973, "Actual Rows": 102516, "Actual Loops": 1, "Inner Unique": true, "Join Filter": "(mi.movie_id = t.id)", "Rows Removed by Join Filter": 0, "Plans": [{"Node Type": "Nested Loop", "Parent Relationship": "Outer", "Join Type": "Inner", "Startup Cost": 4842.14, "Total Cost": 167651.44, "Plan Rows": 1044, "Plan Width": 55, "Actual Startup Time": 178.878, "Actual Total Time": 2777.15, "Actual Rows": 102516, "Actual Loops": 1, "Inner Unique": true, "Plans": [{"Node Type": "Nested Loop", "Parent Relationship": "Outer", "Join Type": "Inner", "Startup Cost": 4842.14, "Total Cost": 166471.96, "Plan Rows": 4175, "Plan Width": 59, "Actual Startup Time": 178.852, "Actual Total Time": 2027.523, "Actual Rows": 307785, "Actual Loops": 1, "Inner Unique": false, "Plans": [{"Node Type": "Nested Loop", "Parent Relationship": "Outer", "Join Type": "Inner", "Startup Cost": 4842.14, "Total Cost": 164983.91, "Plan Rows": 2717, "Plan Width": 46, "Actual Startup Time": 178.821, "Actual Total Time": 1170.201, "Actual Rows": 186594, "Actual Loops": 1, "Inner Unique": false, "Plans": [{"Node Type": "Index Scan", "Parent Relationship": "Outer", "Scan Direction": "Forward", "Index Name": "info_type_pkey", "Relation Name": "info_type", "Alias": "it1", "Startup Cost": 0.0, "Total Cost": 14.21, "Plan Rows": 1, "Plan Width": 4, "Actual Startup Time": 0.023, "Actual Total Time": 0.074, "Actual Rows": 1, "Actual Loops": 1, "Filter": "((info)::text = 'genres'::text)", "Rows Removed by Filter": 111}, {"Node Type": "Bitmap Heap Scan", "Parent Relationship": "Inner", "Relation Name": "movie_info", "Alias": "mi", "Startup Cost": 4842.14, "Total Cost": 164942.53, "Plan Rows": 2717, "Plan Width": 50, "Actual Startup Time": 178.792, "Actual Total Time": 1124.512, "Actual Rows": 186594, "Actual Loops": 1, "Recheck Cond": "(info_type_id = it1.id)", "Rows Removed by Index Recheck": 0, "Filter": "((info)::text = ANY ('{Horror,Action,Sci-Fi,Thriller,Crime,War}'::text[]))", "Rows Removed by Filter": 1347315, "Exact Heap Blocks": 7426, "Lossy Heap Blocks": 7426, "Plans": [{"Node Type": "Bitmap Index Scan", "Parent Relationship": "Outer", "Index Name": "info_type_id_movie_info", "Startup Cost": 0.0, "Total Cost": 4841.46, "Plan Rows": 212428, "Plan Width": 0, "Actual Startup Time": 177.414, "Actual Total Time": 177.414, "Actual Rows": 1533909, "Actual Loops": 1, "Index Cond": "(info_type_id = it1.id)"}]}]}, {"Node Type": "Index Scan", "Parent Relationship": "Inner", "Scan Direction": "Forward", "Index Name": "movie_id_movie_info_idx", "Relation Name": "movie_info_idx", "Alias": "mi_idx", "Startup Cost": 0.0, "Total Cost": 0.53, "Plan Rows": 2, "Plan Width": 13, "Actual Startup Time": 551.966, "Actual Total Time": 679.576, "Actual Rows": 307785, "Actual Loops": 186594, "Index Cond": "(movie_id = mi.movie_id)", "Rows Removed by Index Recheck": 0}]}, {"Node Type": "Index Scan", "Parent Relationship": "Inner", "Scan Direction": "Forward", "Index Name": "info_type_pkey", "Relation Name": "info_type", "Alias": "it2", "Startup Cost": 0.0, "Total Cost": 0.27, "Plan Rows": 1, "Plan Width": 4, "Actual Startup Time": 567.478, "Actual Total Time": 567.478, "Actual Rows": 102516, "Actual Loops": 307785, "Index Cond": "(id = mi_idx.info_type_id)", "Rows Removed by Index Recheck": 0, "Filter": "((info)::text = 'votes'::text)", "Rows Removed by Filter": 205269}]}, {"Node Type": "Index Scan", "Parent Relationship": "Inner", "Scan Direction": "Forward", "Index Name": "title_pkey", "Relation Name": "title", "Alias": "t", "Startup Cost": 0.0, "Total Cost": 0.4, "Plan Rows": 1, "Plan Width": 21, "Actual Startup Time": 450.604, "Actual Total Time": 450.604, "Actual Rows": 102516, "Actual Loops": 102516, "Index Cond": "(id = mi_idx.movie_id)", "Rows Removed by Index Recheck": 0}]}, {"Node Type": "Index Scan", "Parent Relationship": "Inner", "Scan Direction": "Forward", "Index Name": "movie_id_cast_info", "Relation Name": "cast_info", "Alias": "ci", "Startup Cost": 0.0, "Total Cost": 1.01, "Plan Rows": 1, "Plan Width": 8, "Actual Startup Time": 7737.744, "Actual Total Time": 9080.501, "Actual Rows": 54155, "Actual Loops": 102516, "Index Cond": "(movie_id = t.id)", "Rows Removed by Index Recheck": 0, "Filter": "((note)::text = ANY ('{(writer),\"(head writer)\",\"(written by)\",(story),\"(story editor)\"}'::text[]))", "Rows Removed by Filter": 3987641}]}, {"Node Type": "Index Scan", "Parent Relationship": "Inner", "Scan Direction": "Forward", "Index Name": "name_pkey", "Relation Name": "name", "Alias": "n", "Startup Cost": 0.0, "Total Cost": 0.49, "Plan Rows": 1, "Plan Width": 4, "Actual Startup Time": 382.451, "Actual Total Time": 382.451, "Actual Rows": 28073, "Actual Loops": 54155, "Index Cond": "(id = ci.person_id)", "Rows Removed by Index Recheck": 0, "Filter": "((gender)::text = 'm'::text)", "Rows Removed by Filter": 26082}]}]}, "Triggers": [], "Planner Runtime": 23, "Total Runtime": 12968.437, "Unique SQL Id": 3913857139}}, "(16, 86)": {"explain_plan": {"Plan": {"Node Type": "Aggregate", "Strategy": "Plain", "Startup Cost": 191602.22, "Total Cost": 191602.23, "Plan Rows": 1, "Plan Width": 160, "Plans": [{"Node Type": "Nested Loop", "Parent Relationship": "Outer", "Join Type": "Inner", "Startup Cost": 177214.13, "Total Cost": 191591.62, "Plan Rows": 1413, "Plan Width": 64, "Inner Unique": true, "Plans": [{"Node Type": "Nested Loop", "Parent Relationship": "Outer", "Join Type": "Inner", "Startup Cost": 177213.82, "Total Cost": 186586.2, "Plan Rows": 1155, "Plan Width": 68, "Inner Unique": false, "Plans": [{"Node Type": "Nested Loop", "Parent Relationship": "Outer", "Join Type": "Inner", "Startup Cost": 177213.31, "Total Cost": 181743.53, "Plan Rows": 1044, "Plan Width": 76, "Inner Unique": true, "Join Filter": "(mi.movie_id = t.id)", "Plans": [{"Node Type": "Merge Join", "Parent Relationship": "Outer", "Join Type": "Inner", "Startup Cost": 177213.02, "Total Cost": 177244.34, "Plan Rows": 1044, "Plan Width": 55, "Inner Unique": false, "Merge Cond": "(it2.id = mi_idx.info_type_id)", "Plans": [{"Node Type": "Sort", "Parent Relationship": "Outer", "Startup Cost": 2.41, "Total Cost": 2.42, "Plan Rows": 1, "Plan Width": 4, "Sort Key": ["it2.id"], "Plans": [{"Node Type": "Seq Scan", "Parent Relationship": "Outer", "Relation Name": "info_type", "Alias": "it2", "Startup Cost": 0.0, "Total Cost": 2.4, "Plan Rows": 1, "Plan Width": 4, "Filter": "((info)::text = 'votes'::text)"}]}, {"Node Type": "Sort", "Parent Relationship": "Inner", "Startup Cost": 177210.61, "Total Cost": 177221.04, "Plan Rows": 4175, "Plan Width": 59, "Sort Key": ["mi_idx.info_type_id"], "Plans": [{"Node Type": "Nested Loop", "Parent Relationship": "Outer", "Join Type": "Inner", "Startup Cost": 4842.51, "Total Cost": 176959.53, "Plan Rows": 4175, "Plan Width": 59, "Inner Unique": false, "Plans": [{"Node Type": "Nested Loop", "Parent Relationship": "Outer", "Join Type": "Inner", "Startup Cost": 4842.14, "Total Cost": 164972.1, "Plan Rows": 2717, "Plan Width": 46, "Inner Unique": false, "Plans": [{"Node Type": "Seq Scan", "Parent Relationship": "Outer", "Relation Name": "info_type", "Alias": "it1", "Startup Cost": 0.0, "Total Cost": 2.4, "Plan Rows": 1, "Plan Width": 4, "Filter": "((info)::text = 'genres'::text)"}, {"Node Type": "Bitmap Heap Scan", "Parent Relationship": "Inner", "Relation Name": "movie_info", "Alias": "mi", "Startup Cost": 4842.14, "Total Cost": 164942.53, "Plan Rows": 2717, "Plan Width": 50, "Recheck Cond": "(info_type_id = it1.id)", "Filter": "((info)::text = ANY ('{Horror,Action,Sci-Fi,Thriller,Crime,War}'::text[]))", "Plans": [{"Node Type": "Bitmap Index Scan", "Parent Relationship": "Outer", "Index Name": "info_type_id_movie_info", "Startup Cost": 0.0, "Total Cost": 4841.46, "Plan Rows": 212428, "Plan Width": 0, "Index Cond": "(info_type_id = it1.id)"}]}]}, {"Node Type": "Bitmap Heap Scan", "Parent Relationship": "Inner", "Relation Name": "movie_info_idx", "Alias": "mi_idx", "Startup Cost": 0.37, "Total Cost": 4.39, "Plan Rows": 2, "Plan Width": 13, "Recheck Cond": "(movie_id = mi.movie_id)", "Plans": [{"Node Type": "Bitmap Index Scan", "Parent Relationship": "Outer", "Index Name": "movie_id_movie_info_idx", "Startup Cost": 0.0, "Total Cost": 0.37, "Plan Rows": 2, "Plan Width": 0, "Index Cond": "(movie_id = mi.movie_id)"}]}]}]}]}, {"Node Type": "Bitmap Heap Scan", "Parent Relationship": "Inner", "Relation Name": "title", "Alias": "t", "Startup Cost": 0.28, "Total Cost": 4.3, "Plan Rows": 1, "Plan Width": 21, "Recheck Cond": "(id = mi_idx.movie_id)", "Plans": [{"Node Type": "Bitmap Index Scan", "Parent Relationship": "Outer", "Index Name": "title_pkey", "Startup Cost": 0.0, "Total Cost": 0.28, "Plan Rows": 1, "Plan Width": 0, "Index Cond": "(id = mi_idx.movie_id)"}]}]}, {"Node Type": "Bitmap Heap Scan", "Parent Relationship": "Inner", "Relation Name": "cast_info", "Alias": "ci", "Startup Cost": 0.52, "Total Cost": 4.63, "Plan Rows": 1, "Plan Width": 8, "Recheck Cond": "(movie_id = t.id)", "Filter": "((note)::text = ANY ('{(writer),\"(head writer)\",\"(written by)\",(story),\"(story editor)\"}'::text[]))", "Plans": [{"Node Type": "Bitmap Index Scan", "Parent Relationship": "Outer", "Index Name": "movie_id_cast_info", "Startup Cost": 0.0, "Total Cost": 0.52, "Plan Rows": 6, "Plan Width": 0, "Index Cond": "(movie_id = t.id)"}]}]}, {"Node Type": "Bitmap Heap Scan", "Parent Relationship": "Inner", "Relation Name": "name", "Alias": "n", "Startup Cost": 0.31, "Total Cost": 4.32, "Plan Rows": 1, "Plan Width": 4, "Recheck Cond": "(id = ci.person_id)", "Filter": "((gender)::text = 'm'::text)", "Plans": [{"Node Type": "Bitmap Index Scan", "Parent Relationship": "Outer", "Index Name": "name_pkey", "Startup Cost": 0.0, "Total Cost": 0.31, "Plan Rows": 1, "Plan Width": 0, "Index Cond": "(id = ci.person_id)"}]}]}]}, "Unique SQL Id": 3913857139, "Planner Runtime": 27}, "explain_analyze_plan": {"Plan": {"Node Type": "Aggregate", "Strategy": "Plain", "Startup Cost": 191602.22, "Total Cost": 191602.23, "Plan Rows": 1, "Plan Width": 160, "Actual Startup Time": 13649.183, "Actual Total Time": 13649.184, "Actual Rows": 1, "Actual Loops": 1, "Plans": [{"Node Type": "Nested Loop", "Parent Relationship": "Outer", "Join Type": "Inner", "Startup Cost": 177214.13, "Total Cost": 191591.62, "Plan Rows": 1413, "Plan Width": 64, "Actual Startup Time": 2295.611, "Actual Total Time": 13599.533, "Actual Rows": 28073, "Actual Loops": 1, "Inner Unique": true, "Plans": [{"Node Type": "Nested Loop", "Parent Relationship": "Outer", "Join Type": "Inner", "Startup Cost": 177213.82, "Total Cost": 186586.2, "Plan Rows": 1155, "Plan Width": 68, "Actual Startup Time": 2295.552, "Actual Total Time": 13096.984, "Actual Rows": 54155, "Actual Loops": 1, "Inner Unique": false, "Plans": [{"Node Type": "Nested Loop", "Parent Relationship": "Outer", "Join Type": "Inner", "Startup Cost": 177213.31, "Total Cost": 181743.53, "Plan Rows": 1044, "Plan Width": 76, "Actual Startup Time": 2295.422, "Actual Total Time": 3142.86, "Actual Rows": 102516, "Actual Loops": 1, "Inner Unique": true, "Join Filter": "(mi.movie_id = t.id)", "Rows Removed by Join Filter": 0, "Plans": [{"Node Type": "Merge Join", "Parent Relationship": "Outer", "Join Type": "Inner", "Startup Cost": 177213.02, "Total Cost": 177244.34, "Plan Rows": 1044, "Plan Width": 55, "Actual Startup Time": 2295.321, "Actual Total Time": 2373.226, "Actual Rows": 102516, "Actual Loops": 1, "Inner Unique": false, "Merge Cond": "(it2.id = mi_idx.info_type_id)", "Plans": [{"Node Type": "Sort", "Parent Relationship": "Outer", "Startup Cost": 2.41, "Total Cost": 2.42, "Plan Rows": 1, "Plan Width": 4, "Actual Startup Time": 0.075, "Actual Total Time": 0.076, "Actual Rows": 1, "Actual Loops": 1, "Sort Key": ["it2.id"], "Sort Method": "quicksort", "Sort Space Used": 25, "Sort Space Type": "Memory", "Plans": [{"Node Type": "Seq Scan", "Parent Relationship": "Outer", "Relation Name": "info_type", "Alias": "it2", "Startup Cost": 0.0, "Total Cost": 2.4, "Plan Rows": 1, "Plan Width": 4, "Actual Startup Time": 0.054, "Actual Total Time": 0.058, "Actual Rows": 1, "Actual Loops": 1, "Filter": "((info)::text = 'votes'::text)", "Rows Removed by Filter": 111}]}, {"Node Type": "Sort", "Parent Relationship": "Inner", "Startup Cost": 177210.61, "Total Cost": 177221.04, "Plan Rows": 4175, "Plan Width": 59, "Actual Startup Time": 2261.098, "Actual Total Time": 2310.974, "Actual Rows": 205033, "Actual Loops": 1, "Sort Key": ["mi_idx.info_type_id"], "Sort Method": "quicksort", "Sort Space Used": 41143, "Sort Space Type": "Memory", "Plans": [{"Node Type": "Nested Loop", "Parent Relationship": "Outer", "Join Type": "Inner", "Startup Cost": 4842.51, "Total Cost": 176959.53, "Plan Rows": 4175, "Plan Width": 59, "Actual Startup Time": 173.68, "Actual Total Time": 2139.01, "Actual Rows": 307785, "Actual Loops": 1, "Inner Unique": false, "Plans": [{"Node Type": "Nested Loop", "Parent Relationship": "Outer", "Join Type": "Inner", "Startup Cost": 4842.14, "Total Cost": 164972.1, "Plan Rows": 2717, "Plan Width": 46, "Actual Startup Time": 173.606, "Actual Total Time": 1127.598, "Actual Rows": 186594, "Actual Loops": 1, "Inner Unique": false, "Plans": [{"Node Type": "Seq Scan", "Parent Relationship": "Outer", "Relation Name": "info_type", "Alias": "it1", "Startup Cost": 0.0, "Total Cost": 2.4, "Plan Rows": 1, "Plan Width": 4, "Actual Startup Time": 0.023, "Actual Total Time": 0.08, "Actual Rows": 1, "Actual Loops": 1, "Filter": "((info)::text = 'genres'::text)", "Rows Removed by Filter": 111}, {"Node Type": "Bitmap Heap Scan", "Parent Relationship": "Inner", "Relation Name": "movie_info", "Alias": "mi", "Startup Cost": 4842.14, "Total Cost": 164942.53, "Plan Rows": 2717, "Plan Width": 50, "Actual Startup Time": 173.574, "Actual Total Time": 1085.843, "Actual Rows": 186594, "Actual Loops": 1, "Recheck Cond": "(info_type_id = it1.id)", "Rows Removed by Index Recheck": 0, "Filter": "((info)::text = ANY ('{Horror,Action,Sci-Fi,Thriller,Crime,War}'::text[]))", "Rows Removed by Filter": 1347315, "Exact Heap Blocks": 7426, "Lossy Heap Blocks": 7426, "Plans": [{"Node Type": "Bitmap Index Scan", "Parent Relationship": "Outer", "Index Name": "info_type_id_movie_info", "Startup Cost": 0.0, "Total Cost": 4841.46, "Plan Rows": 212428, "Plan Width": 0, "Actual Startup Time": 171.743, "Actual Total Time": 171.743, "Actual Rows": 1533909, "Actual Loops": 1, "Index Cond": "(info_type_id = it1.id)"}]}]}, {"Node Type": "Bitmap Heap Scan", "Parent Relationship": "Inner", "Relation Name": "movie_info_idx", "Alias": "mi_idx", "Startup Cost": 0.37, "Total Cost": 4.39, "Plan Rows": 2, "Plan Width": 13, "Actual Startup Time": 697.613, "Actual Total Time": 739.967, "Actual Rows": 307785, "Actual Loops": 186594, "Recheck Cond": "(movie_id = mi.movie_id)", "Rows Removed by Index Recheck": 0, "Exact Heap Blocks": 103610, "Lossy Heap Blocks": 103610, "Plans": [{"Node Type": "Bitmap Index Scan", "Parent Relationship": "Outer", "Index Name": "movie_id_movie_info_idx", "Startup Cost": 0.0, "Total Cost": 0.37, "Plan Rows": 2, "Plan Width": 0, "Actual Startup Time": 472.084, "Actual Total Time": 472.084, "Actual Rows": 307785, "Actual Loops": 186594, "Index Cond": "(movie_id = mi.movie_id)"}]}]}]}]}, {"Node Type": "Bitmap Heap Scan", "Parent Relationship": "Inner", "Relation Name": "title", "Alias": "t", "Startup Cost": 0.28, "Total Cost": 4.3, "Plan Rows": 1, "Plan Width": 21, "Actual Startup Time": 565.893, "Actual Total Time": 565.893, "Actual Rows": 102516, "Actual Loops": 102516, "Recheck Cond": "(id = mi_idx.movie_id)", "Rows Removed by Index Recheck": 0, "Exact Heap Blocks": 102516, "Lossy Heap Blocks": 102516, "Plans": [{"Node Type": "Bitmap Index Scan", "Parent Relationship": "Outer", "Index Name": "title_pkey", "Startup Cost": 0.0, "Total Cost": 0.28, "Plan Rows": 1, "Plan Width": 0, "Actual Startup Time": 315.77, "Actual Total Time": 315.77, "Actual Rows": 102516, "Actual Loops": 102516, "Index Cond": "(id = mi_idx.movie_id)"}]}]}, {"Node Type": "Bitmap Heap Scan", "Parent Relationship": "Inner", "Relation Name": "cast_info", "Alias": "ci", "Startup Cost": 0.52, "Total Cost": 4.63, "Plan Rows": 1, "Plan Width": 8, "Actual Startup Time": 8466.606, "Actual Total Time": 9788.473, "Actual Rows": 54155, "Actual Loops": 102516, "Recheck Cond": "(movie_id = t.id)", "Rows Removed by Index Recheck": 0, "Filter": "((note)::text = ANY ('{(writer),\"(head writer)\",\"(written by)\",(story),\"(story editor)\"}'::text[]))", "Rows Removed by Filter": 3987641, "Exact Heap Blocks": 3901088, "Lossy Heap Blocks": 3901088, "Plans": [{"Node Type": "Bitmap Index Scan", "Parent Relationship": "Outer", "Index Name": "movie_id_cast_info", "Startup Cost": 0.0, "Total Cost": 0.52, "Plan Rows": 6, "Plan Width": 0, "Actual Startup Time": 1058.419, "Actual Total Time": 1058.419, "Actual Rows": 4041796, "Actual Loops": 102516, "Index Cond": "(movie_id = t.id)"}]}]}, {"Node Type": "Bitmap Heap Scan", "Parent Relationship": "Inner", "Relation Name": "name", "Alias": "n", "Startup Cost": 0.31, "Total Cost": 4.32, "Plan Rows": 1, "Plan Width": 4, "Actual Startup Time": 411.48, "Actual Total Time": 411.48, "Actual Rows": 28073, "Actual Loops": 54155, "Recheck Cond": "(id = ci.person_id)", "Rows Removed by Index Recheck": 0, "Filter": "((gender)::text = 'm'::text)", "Rows Removed by Filter": 26082, "Exact Heap Blocks": 54155, "Lossy Heap Blocks": 54155, "Plans": [{"Node Type": "Bitmap Index Scan", "Parent Relationship": "Outer", "Index Name": "name_pkey", "Startup Cost": 0.0, "Total Cost": 0.31, "Plan Rows": 1, "Plan Width": 0, "Actual Startup Time": 260.738, "Actual Total Time": 260.738, "Actual Rows": 54155, "Actual Loops": 54155, "Index Cond": "(id = ci.person_id)"}]}]}]}, "Triggers": [], "Planner Runtime": 27, "Total Runtime": 13649.606, "Unique SQL Id": 3913857139}}, "(16, 87)": {"explain_plan": {"Plan": {"Node Type": "Aggregate", "Strategy": "Plain", "Startup Cost": 191625.84, "Total Cost": 191625.85, "Plan Rows": 1, "Plan Width": 160, "Plans": [{"Node Type": "Nested Loop", "Parent Relationship": "Outer", "Join Type": "Inner", "Startup Cost": 177237.75, "Total Cost": 191615.24, "Plan Rows": 1413, "Plan Width": 64, "Inner Unique": true, "Plans": [{"Node Type": "Nested Loop", "Parent Relationship": "Outer", "Join Type": "Inner", "Startup Cost": 177237.44, "Total Cost": 186609.82, "Plan Rows": 1155, "Plan Width": 68, "Inner Unique": false, "Plans": [{"Node Type": "Nested Loop", "Parent Relationship": "Outer", "Join Type": "Inner", "Startup Cost": 177236.93, "Total Cost": 181767.15, "Plan Rows": 1044, "Plan Width": 76, "Inner Unique": true, "Join Filter": "(mi.movie_id = t.id)", "Plans": [{"Node Type": "Merge Join", "Parent Relationship": "Outer", "Join Type": "Inner", "Startup Cost": 177236.64, "Total Cost": 177267.96, "Plan Rows": 1044, "Plan Width": 55, "Inner Unique": false, "Merge Cond": "(it2.id = mi_idx.info_type_id)", "Plans": [{"Node Type": "Sort", "Parent Relationship": "Outer", "Startup Cost": 14.22, "Total Cost": 14.23, "Plan Rows": 1, "Plan Width": 4, "Sort Key": ["it2.id"], "Plans": [{"Node Type": "Bitmap Heap Scan", "Parent Relationship": "Outer", "Relation Name": "info_type", "Alias": "it2", "Startup Cost": 8.81, "Total Cost": 14.21, "Plan Rows": 1, "Plan Width": 4, "Filter": "((info)::text = 'votes'::text)", "Plans": [{"Node Type": "Bitmap Index Scan", "Parent Relationship": "Outer", "Index Name": "info_type_pkey", "Startup Cost": 0.0, "Total Cost": 8.81, "Plan Rows": 112, "Plan Width": 0}]}]}, {"Node Type": "Sort", "Parent Relationship": "Inner", "Startup Cost": 177222.42, "Total Cost": 177232.85, "Plan Rows": 4175, "Plan Width": 59, "Sort Key": ["mi_idx.info_type_id"], "Plans": [{"Node Type": "Nested Loop", "Parent Relationship": "Outer", "Join Type": "Inner", "Startup Cost": 4851.32, "Total Cost": 176971.34, "Plan Rows": 4175, "Plan Width": 59, "Inner Unique": false, "Plans": [{"Node Type": "Nested Loop", "Parent Relationship": "Outer", "Join Type": "Inner", "Startup Cost": 4850.95, "Total Cost": 164983.91, "Plan Rows": 2717, "Plan Width": 46, "Inner Unique": false, "Plans": [{"Node Type": "Bitmap Heap Scan", "Parent Relationship": "Outer", "Relation Name": "info_type", "Alias": "it1", "Startup Cost": 8.81, "Total Cost": 14.21, "Plan Rows": 1, "Plan Width": 4, "Filter": "((info)::text = 'genres'::text)", "Plans": [{"Node Type": "Bitmap Index Scan", "Parent Relationship": "Outer", "Index Name": "info_type_pkey", "Startup Cost": 0.0, "Total Cost": 8.81, "Plan Rows": 112, "Plan Width": 0}]}, {"Node Type": "Bitmap Heap Scan", "Parent Relationship": "Inner", "Relation Name": "movie_info", "Alias": "mi", "Startup Cost": 4842.14, "Total Cost": 164942.53, "Plan Rows": 2717, "Plan Width": 50, "Recheck Cond": "(info_type_id = it1.id)", "Filter": "((info)::text = ANY ('{Horror,Action,Sci-Fi,Thriller,Crime,War}'::text[]))", "Plans": [{"Node Type": "Bitmap Index Scan", "Parent Relationship": "Outer", "Index Name": "info_type_id_movie_info", "Startup Cost": 0.0, "Total Cost": 4841.46, "Plan Rows": 212428, "Plan Width": 0, "Index Cond": "(info_type_id = it1.id)"}]}]}, {"Node Type": "Bitmap Heap Scan", "Parent Relationship": "Inner", "Relation Name": "movie_info_idx", "Alias": "mi_idx", "Startup Cost": 0.37, "Total Cost": 4.39, "Plan Rows": 2, "Plan Width": 13, "Recheck Cond": "(movie_id = mi.movie_id)", "Plans": [{"Node Type": "Bitmap Index Scan", "Parent Relationship": "Outer", "Index Name": "movie_id_movie_info_idx", "Startup Cost": 0.0, "Total Cost": 0.37, "Plan Rows": 2, "Plan Width": 0, "Index Cond": "(movie_id = mi.movie_id)"}]}]}]}]}, {"Node Type": "Bitmap Heap Scan", "Parent Relationship": "Inner", "Relation Name": "title", "Alias": "t", "Startup Cost": 0.28, "Total Cost": 4.3, "Plan Rows": 1, "Plan Width": 21, "Recheck Cond": "(id = mi_idx.movie_id)", "Plans": [{"Node Type": "Bitmap Index Scan", "Parent Relationship": "Outer", "Index Name": "title_pkey", "Startup Cost": 0.0, "Total Cost": 0.28, "Plan Rows": 1, "Plan Width": 0, "Index Cond": "(id = mi_idx.movie_id)"}]}]}, {"Node Type": "Bitmap Heap Scan", "Parent Relationship": "Inner", "Relation Name": "cast_info", "Alias": "ci", "Startup Cost": 0.52, "Total Cost": 4.63, "Plan Rows": 1, "Plan Width": 8, "Recheck Cond": "(movie_id = t.id)", "Filter": "((note)::text = ANY ('{(writer),\"(head writer)\",\"(written by)\",(story),\"(story editor)\"}'::text[]))", "Plans": [{"Node Type": "Bitmap Index Scan", "Parent Relationship": "Outer", "Index Name": "movie_id_cast_info", "Startup Cost": 0.0, "Total Cost": 0.52, "Plan Rows": 6, "Plan Width": 0, "Index Cond": "(movie_id = t.id)"}]}]}, {"Node Type": "Bitmap Heap Scan", "Parent Relationship": "Inner", "Relation Name": "name", "Alias": "n", "Startup Cost": 0.31, "Total Cost": 4.32, "Plan Rows": 1, "Plan Width": 4, "Recheck Cond": "(id = ci.person_id)", "Filter": "((gender)::text = 'm'::text)", "Plans": [{"Node Type": "Bitmap Index Scan", "Parent Relationship": "Outer", "Index Name": "name_pkey", "Startup Cost": 0.0, "Total Cost": 0.31, "Plan Rows": 1, "Plan Width": 0, "Index Cond": "(id = ci.person_id)"}]}]}]}, "Unique SQL Id": 3913857139, "Planner Runtime": 22}, "explain_analyze_plan": {"Plan": {"Node Type": "Aggregate", "Strategy": "Plain", "Startup Cost": 191625.84, "Total Cost": 191625.85, "Plan Rows": 1, "Plan Width": 160, "Actual Startup Time": 14643.184, "Actual Total Time": 14643.184, "Actual Rows": 1, "Actual Loops": 1, "Plans": [{"Node Type": "Nested Loop", "Parent Relationship": "Outer", "Join Type": "Inner", "Startup Cost": 177237.75, "Total Cost": 191615.24, "Plan Rows": 1413, "Plan Width": 64, "Actual Startup Time": 2360.3, "Actual Total Time": 14599.5, "Actual Rows": 28073, "Actual Loops": 1, "Inner Unique": true, "Plans": [{"Node Type": "Nested Loop", "Parent Relationship": "Outer", "Join Type": "Inner", "Startup Cost": 177237.44, "Total Cost": 186609.82, "Plan Rows": 1155, "Plan Width": 68, "Actual Startup Time": 2360.247, "Actual Total Time": 14066.876, "Actual Rows": 54155, "Actual Loops": 1, "Inner Unique": false, "Plans": [{"Node Type": "Nested Loop", "Parent Relationship": "Outer", "Join Type": "Inner", "Startup Cost": 177236.93, "Total Cost": 181767.15, "Plan Rows": 1044, "Plan Width": 76, "Actual Startup Time": 2360.161, "Actual Total Time": 3220.868, "Actual Rows": 102516, "Actual Loops": 1, "Inner Unique": true, "Join Filter": "(mi.movie_id = t.id)", "Rows Removed by Join Filter": 0, "Plans": [{"Node Type": "Merge Join", "Parent Relationship": "Outer", "Join Type": "Inner", "Startup Cost": 177236.64, "Total Cost": 177267.96, "Plan Rows": 1044, "Plan Width": 55, "Actual Startup Time": 2360.095, "Actual Total Time": 2428.256, "Actual Rows": 102516, "Actual Loops": 1, "Inner Unique": false, "Merge Cond": "(it2.id = mi_idx.info_type_id)", "Plans": [{"Node Type": "Sort", "Parent Relationship": "Outer", "Startup Cost": 14.22, "Total Cost": 14.23, "Plan Rows": 1, "Plan Width": 4, "Actual Startup Time": 0.088, "Actual Total Time": 0.088, "Actual Rows": 1, "Actual Loops": 1, "Sort Key": ["it2.id"], "Sort Method": "quicksort", "Sort Space Used": 25, "Sort Space Type": "Memory", "Plans": [{"Node Type": "Bitmap Heap Scan", "Parent Relationship": "Outer", "Relation Name": "info_type", "Alias": "it2", "Startup Cost": 8.81, "Total Cost": 14.21, "Plan Rows": 1, "Plan Width": 4, "Actual Startup Time": 0.072, "Actual Total Time": 0.075, "Actual Rows": 1, "Actual Loops": 1, "Filter": "((info)::text = 'votes'::text)", "Rows Removed by Filter": 111, "Exact Heap Blocks": 1, "Lossy Heap Blocks": 1, "Plans": [{"Node Type": "Bitmap Index Scan", "Parent Relationship": "Outer", "Index Name": "info_type_pkey", "Startup Cost": 0.0, "Total Cost": 8.81, "Plan Rows": 112, "Plan Width": 0, "Actual Startup Time": 0.013, "Actual Total Time": 0.013, "Actual Rows": 112, "Actual Loops": 1}]}]}, {"Node Type": "Sort", "Parent Relationship": "Inner", "Startup Cost": 177222.42, "Total Cost": 177232.85, "Plan Rows": 4175, "Plan Width": 59, "Actual Startup Time": 2326.363, "Actual Total Time": 2369.291, "Actual Rows": 205033, "Actual Loops": 1, "Sort Key": ["mi_idx.info_type_id"], "Sort Method": "quicksort", "Sort Space Used": 41143, "Sort Space Type": "Memory", "Plans": [{"Node Type": "Nested Loop", "Parent Relationship": "Outer", "Join Type": "Inner", "Startup Cost": 4851.32, "Total Cost": 176971.34, "Plan Rows": 4175, "Plan Width": 59, "Actual Startup Time": 173.745, "Actual Total Time": 2207.338, "Actual Rows": 307785, "Actual Loops": 1, "Inner Unique": false, "Plans": [{"Node Type": "Nested Loop", "Parent Relationship": "Outer", "Join Type": "Inner", "Startup Cost": 4850.95, "Total Cost": 164983.91, "Plan Rows": 2717, "Plan Width": 46, "Actual Startup Time": 173.701, "Actual Total Time": 1179.865, "Actual Rows": 186594, "Actual Loops": 1, "Inner Unique": false, "Plans": [{"Node Type": "Bitmap Heap Scan", "Parent Relationship": "Outer", "Relation Name": "info_type", "Alias": "it1", "Startup Cost": 8.81, "Total Cost": 14.21, "Plan Rows": 1, "Plan Width": 4, "Actual Startup Time": 0.031, "Actual Total Time": 0.061, "Actual Rows": 1, "Actual Loops": 1, "Filter": "((info)::text = 'genres'::text)", "Rows Removed by Filter": 111, "Exact Heap Blocks": 1, "Lossy Heap Blocks": 1, "Plans": [{"Node Type": "Bitmap Index Scan", "Parent Relationship": "Outer", "Index Name": "info_type_pkey", "Startup Cost": 0.0, "Total Cost": 8.81, "Plan Rows": 112, "Plan Width": 0, "Actual Startup Time": 0.009, "Actual Total Time": 0.009, "Actual Rows": 112, "Actual Loops": 1}]}, {"Node Type": "Bitmap Heap Scan", "Parent Relationship": "Inner", "Relation Name": "movie_info", "Alias": "mi", "Startup Cost": 4842.14, "Total Cost": 164942.53, "Plan Rows": 2717, "Plan Width": 50, "Actual Startup Time": 173.666, "Actual Total Time": 1138.805, "Actual Rows": 186594, "Actual Loops": 1, "Recheck Cond": "(info_type_id = it1.id)", "Rows Removed by Index Recheck": 0, "Filter": "((info)::text = ANY ('{Horror,Action,Sci-Fi,Thriller,Crime,War}'::text[]))", "Rows Removed by Filter": 1347315, "Exact Heap Blocks": 7426, "Lossy Heap Blocks": 7426, "Plans": [{"Node Type": "Bitmap Index Scan", "Parent Relationship": "Outer", "Index Name": "info_type_id_movie_info", "Startup Cost": 0.0, "Total Cost": 4841.46, "Plan Rows": 212428, "Plan Width": 0, "Actual Startup Time": 172.28, "Actual Total Time": 172.28, "Actual Rows": 1533909, "Actual Loops": 1, "Index Cond": "(info_type_id = it1.id)"}]}]}, {"Node Type": "Bitmap Heap Scan", "Parent Relationship": "Inner", "Relation Name": "movie_info_idx", "Alias": "mi_idx", "Startup Cost": 0.37, "Total Cost": 4.39, "Plan Rows": 2, "Plan Width": 13, "Actual Startup Time": 713.693, "Actual Total Time": 756.265, "Actual Rows": 307785, "Actual Loops": 186594, "Recheck Cond": "(movie_id = mi.movie_id)", "Rows Removed by Index Recheck": 0, "Exact Heap Blocks": 103610, "Lossy Heap Blocks": 103610, "Plans": [{"Node Type": "Bitmap Index Scan", "Parent Relationship": "Outer", "Index Name": "movie_id_movie_info_idx", "Startup Cost": 0.0, "Total Cost": 0.37, "Plan Rows": 2, "Plan Width": 0, "Actual Startup Time": 480.933, "Actual Total Time": 480.933, "Actual Rows": 307785, "Actual Loops": 186594, "Index Cond": "(movie_id = mi.movie_id)"}]}]}]}]}, {"Node Type": "Bitmap Heap Scan", "Parent Relationship": "Inner", "Relation Name": "title", "Alias": "t", "Startup Cost": 0.28, "Total Cost": 4.3, "Plan Rows": 1, "Plan Width": 21, "Actual Startup Time": 590.531, "Actual Total Time": 590.531, "Actual Rows": 102516, "Actual Loops": 102516, "Recheck Cond": "(id = mi_idx.movie_id)", "Rows Removed by Index Recheck": 0, "Exact Heap Blocks": 102516, "Lossy Heap Blocks": 102516, "Plans": [{"Node Type": "Bitmap Index Scan", "Parent Relationship": "Outer", "Index Name": "title_pkey", "Startup Cost": 0.0, "Total Cost": 0.28, "Plan Rows": 1, "Plan Width": 0, "Actual Startup Time": 324.014, "Actual Total Time": 324.014, "Actual Rows": 102516, "Actual Loops": 102516, "Index Cond": "(id = mi_idx.movie_id)"}]}]}, {"Node Type": "Bitmap Heap Scan", "Parent Relationship": "Inner", "Relation Name": "cast_info", "Alias": "ci", "Startup Cost": 0.52, "Total Cost": 4.63, "Plan Rows": 1, "Plan Width": 8, "Actual Startup Time": 9238.404, "Actual Total Time": 10684.246, "Actual Rows": 54155, "Actual Loops": 102516, "Recheck Cond": "(movie_id = t.id)", "Rows Removed by Index Recheck": 0, "Filter": "((note)::text = ANY ('{(writer),\"(head writer)\",\"(written by)\",(story),\"(story editor)\"}'::text[]))", "Rows Removed by Filter": 3987641, "Exact Heap Blocks": 3901088, "Lossy Heap Blocks": 3901088, "Plans": [{"Node Type": "Bitmap Index Scan", "Parent Relationship": "Outer", "Index Name": "movie_id_cast_info", "Startup Cost": 0.0, "Total Cost": 0.52, "Plan Rows": 6, "Plan Width": 0, "Actual Startup Time": 1099.146, "Actual Total Time": 1099.146, "Actual Rows": 4041796, "Actual Loops": 102516, "Index Cond": "(movie_id = t.id)"}]}]}, {"Node Type": "Bitmap Heap Scan", "Parent Relationship": "Inner", "Relation Name": "name", "Alias": "n", "Startup Cost": 0.31, "Total Cost": 4.32, "Plan Rows": 1, "Plan Width": 4, "Actual Startup Time": 444.81, "Actual Total Time": 444.81, "Actual Rows": 28073, "Actual Loops": 54155, "Recheck Cond": "(id = ci.person_id)", "Rows Removed by Index Recheck": 0, "Filter": "((gender)::text = 'm'::text)", "Rows Removed by Filter": 26082, "Exact Heap Blocks": 54155, "Lossy Heap Blocks": 54155, "Plans": [{"Node Type": "Bitmap Index Scan", "Parent Relationship": "Outer", "Index Name": "name_pkey", "Startup Cost": 0.0, "Total Cost": 0.31, "Plan Rows": 1, "Plan Width": 0, "Actual Startup Time": 286.249, "Actual Total Time": 286.249, "Actual Rows": 54155, "Actual Loops": 54155, "Index Cond": "(id = ci.person_id)"}]}]}]}, "Triggers": [], "Planner Runtime": 22, "Total Runtime": 14643.479, "Unique SQL Id": 3913857139}}, "(16, 88)": {"explain_plan": {"Plan": {"Node Type": "Aggregate", "Strategy": "Plain", "Startup Cost": 103118.52, "Total Cost": 103118.53, "Plan Rows": 1, "Plan Width": 160, "Plans": [{"Node Type": "Nested Loop", "Parent Relationship": "Outer", "Join Type": "Inner", "Startup Cost": 0.0, "Total Cost": 103107.92, "Plan Rows": 1413, "Plan Width": 64, "Inner Unique": true, "Plans": [{"Node Type": "Nested Loop", "Parent Relationship": "Outer", "Join Type": "Inner", "Startup Cost": 0.0, "Total Cost": 102528.66, "Plan Rows": 1155, "Plan Width": 68, "Inner Unique": false, "Plans": [{"Node Type": "Nested Loop", "Parent Relationship": "Outer", "Join Type": "Inner", "Startup Cost": 0.0, "Total Cost": 101467.02, "Plan Rows": 1044, "Plan Width": 76, "Inner Unique": true, "Join Filter": "(mi.movie_id = t.id)", "Plans": [{"Node Type": "Nested Loop", "Parent Relationship": "Outer", "Join Type": "Inner", "Startup Cost": 0.0, "Total Cost": 101038.83, "Plan Rows": 1044, "Plan Width": 55, "Inner Unique": true, "Plans": [{"Node Type": "Nested Loop", "Parent Relationship": "Outer", "Join Type": "Inner", "Startup Cost": 0.0, "Total Cost": 99859.36, "Plan Rows": 4175, "Plan Width": 59, "Inner Unique": false, "Plans": [{"Node Type": "Nested Loop", "Parent Relationship": "Outer", "Join Type": "Inner", "Startup Cost": 0.0, "Total Cost": 98371.31, "Plan Rows": 2717, "Plan Width": 46, "Inner Unique": true, "Plans": [{"Node Type": "Streaming(type: LOCAL GATHER dop: 1/16)", "Parent Relationship": "Outer", "Startup Cost": 0.0, "Total Cost": 44636.28, "Plan Rows": 190170, "Plan Width": 50, "Plans": [{"Node Type": "Seq Scan", "Parent Relationship": "Outer", "Relation Name": "movie_info", "Alias": "mi", "Startup Cost": 0.0, "Total Cost": 40532.03, "Plan Rows": 190170, "Plan Width": 50, "Filter": "((info)::text = ANY ('{Horror,Action,Sci-Fi,Thriller,Crime,War}'::text[]))"}]}, {"Node Type": "Index Scan", "Parent Relationship": "Inner", "Scan Direction": "Forward", "Index Name": "info_type_pkey", "Relation Name": "info_type", "Alias": "it1", "Startup Cost": 0.0, "Total Cost": 0.27, "Plan Rows": 1, "Plan Width": 4, "Index Cond": "(id = mi.info_type_id)", "Filter": "((info)::text = 'genres'::text)"}]}, {"Node Type": "Index Scan", "Parent Relationship": "Inner", "Scan Direction": "Forward", "Index Name": "movie_id_movie_info_idx", "Relation Name": "movie_info_idx", "Alias": "mi_idx", "Startup Cost": 0.0, "Total Cost": 0.53, "Plan Rows": 2, "Plan Width": 13, "Index Cond": "(movie_id = mi.movie_id)"}]}, {"Node Type": "Index Scan", "Parent Relationship": "Inner", "Scan Direction": "Forward", "Index Name": "info_type_pkey", "Relation Name": "info_type", "Alias": "it2", "Startup Cost": 0.0, "Total Cost": 0.27, "Plan Rows": 1, "Plan Width": 4, "Index Cond": "(id = mi_idx.info_type_id)", "Filter": "((info)::text = 'votes'::text)"}]}, {"Node Type": "Index Scan", "Parent Relationship": "Inner", "Scan Direction": "Forward", "Index Name": "title_pkey", "Relation Name": "title", "Alias": "t", "Startup Cost": 0.0, "Total Cost": 0.4, "Plan Rows": 1, "Plan Width": 21, "Index Cond": "(id = mi_idx.movie_id)"}]}, {"Node Type": "Index Scan", "Parent Relationship": "Inner", "Scan Direction": "Forward", "Index Name": "movie_id_cast_info", "Relation Name": "cast_info", "Alias": "ci", "Startup Cost": 0.0, "Total Cost": 1.01, "Plan Rows": 1, "Plan Width": 8, "Index Cond": "(movie_id = t.id)", "Filter": "((note)::text = ANY ('{(writer),\"(head writer)\",\"(written by)\",(story),\"(story editor)\"}'::text[]))"}]}, {"Node Type": "Index Scan", "Parent Relationship": "Inner", "Scan Direction": "Forward", "Index Name": "name_pkey", "Relation Name": "name", "Alias": "n", "Startup Cost": 0.0, "Total Cost": 0.49, "Plan Rows": 1, "Plan Width": 4, "Index Cond": "(id = ci.person_id)", "Filter": "((gender)::text = 'm'::text)"}]}]}, "Unique SQL Id": 3913857139, "Planner Runtime": 18}, "explain_analyze_plan": {"Plan": {"Node Type": "Aggregate", "Strategy": "Plain", "Startup Cost": 103118.52, "Total Cost": 103118.53, "Plan Rows": 1, "Plan Width": 160, "Actual Min Startup Time": 12541.702, "Actual Max Startup Time": 12541.702, "Actual Min Total Time": 12541.702, "Actual Max Total Time": 12541.702, "Plans": [{"Node Type": "Nested Loop", "Parent Relationship": "Outer", "Join Type": "Inner", "Startup Cost": 0.0, "Total Cost": 103107.92, "Plan Rows": 1413, "Plan Width": 64, "Actual Min Startup Time": 421.04, "Actual Max Startup Time": 421.04, "Actual Min Total Time": 12505.044, "Actual Max Total Time": 12505.044, "Inner Unique": true, "Plans": [{"Node Type": "Nested Loop", "Parent Relationship": "Outer", "Join Type": "Inner", "Startup Cost": 0.0, "Total Cost": 102528.66, "Plan Rows": 1155, "Plan Width": 68, "Actual Min Startup Time": 420.971, "Actual Max Startup Time": 420.971, "Actual Min Total Time": 12086.362, "Actual Max Total Time": 12086.362, "Inner Unique": false, "Plans": [{"Node Type": "Nested Loop", "Parent Relationship": "Outer", "Join Type": "Inner", "Startup Cost": 0.0, "Total Cost": 101467.02, "Plan Rows": 1044, "Plan Width": 76, "Actual Min Startup Time": 420.94, "Actual Max Startup Time": 420.94, "Actual Min Total Time": 3122.776, "Actual Max Total Time": 3122.776, "Inner Unique": true, "Join Filter": "(mi.movie_id = t.id)", "Rows Removed by Join Filter": 0, "Plans": [{"Node Type": "Nested Loop", "Parent Relationship": "Outer", "Join Type": "Inner", "Startup Cost": 0.0, "Total Cost": 101038.83, "Plan Rows": 1044, "Plan Width": 55, "Actual Min Startup Time": 420.919, "Actual Max Startup Time": 420.919, "Actual Min Total Time": 2555.507, "Actual Max Total Time": 2555.507, "Inner Unique": true, "Plans": [{"Node Type": "Nested Loop", "Parent Relationship": "Outer", "Join Type": "Inner", "Startup Cost": 0.0, "Total Cost": 99859.36, "Plan Rows": 4175, "Plan Width": 59, "Actual Min Startup Time": 420.894, "Actual Max Startup Time": 420.894, "Actual Min Total Time": 1813.326, "Actual Max Total Time": 1813.326, "Inner Unique": false, "Plans": [{"Node Type": "Nested Loop", "Parent Relationship": "Outer", "Join Type": "Inner", "Startup Cost": 0.0, "Total Cost": 98371.31, "Plan Rows": 2717, "Plan Width": 46, "Actual Min Startup Time": 420.867, "Actual Max Startup Time": 420.867, "Actual Min Total Time": 967.83, "Actual Max Total Time": 967.83, "Inner Unique": true, "Plans": [{"Node Type": "Streaming(type: LOCAL GATHER dop: 1/16)", "Parent Relationship": "Outer", "Startup Cost": 0.0, "Total Cost": 44636.28, "Plan Rows": 190170, "Plan Width": 50, "Actual Min Startup Time": 296.853, "Actual Max Startup Time": 296.853, "Actual Min Total Time": 480.595, "Actual Max Total Time": 480.595, "Plans": [{"Node Type": "Seq Scan", "Parent Relationship": "Outer", "Relation Name": "movie_info", "Alias": "mi", "Startup Cost": 0.0, "Total Cost": 40532.03, "Plan Rows": 190170, "Plan Width": 50, "Actual Min Startup Time": 225.267, "Actual Max Startup Time": 408.387, "Actual Min Total Time": 457.606, "Actual Max Total Time": 470.092, "Filter": "((info)::text = ANY ('{Horror,Action,Sci-Fi,Thriller,Crime,War}'::text[]))", "Rows Removed by Filter": 14646748, "Actual Rows": 188971}], "Actual Rows": 188971}, {"Node Type": "Index Scan", "Parent Relationship": "Inner", "Scan Direction": "Forward", "Index Name": "info_type_pkey", "Relation Name": "info_type", "Alias": "it1", "Startup Cost": 0.0, "Total Cost": 0.27, "Plan Rows": 1, "Plan Width": 4, "Actual Min Startup Time": 334.504, "Actual Max Startup Time": 334.504, "Actual Min Total Time": 334.504, "Actual Max Total Time": 334.504, "Index Cond": "(id = mi.info_type_id)", "Rows Removed by Index Recheck": 0, "Filter": "((info)::text = 'genres'::text)", "Rows Removed by Filter": 2377, "Actual Rows": 186594}], "Actual Rows": 186594}, {"Node Type": "Index Scan", "Parent Relationship": "Inner", "Scan Direction": "Forward", "Index Name": "movie_id_movie_info_idx", "Relation Name": "movie_info_idx", "Alias": "mi_idx", "Startup Cost": 0.0, "Total Cost": 0.53, "Plan Rows": 2, "Plan Width": 13, "Actual Min Startup Time": 546.672, "Actual Max Startup Time": 546.672, "Actual Min Total Time": 671.417, "Actual Max Total Time": 671.417, "Index Cond": "(movie_id = mi.movie_id)", "Rows Removed by Index Recheck": 0, "Actual Rows": 307785}], "Actual Rows": 307785}, {"Node Type": "Index Scan", "Parent Relationship": "Inner", "Scan Direction": "Forward", "Index Name": "info_type_pkey", "Relation Name": "info_type", "Alias": "it2", "Startup Cost": 0.0, "Total Cost": 0.27, "Plan Rows": 1, "Plan Width": 4, "Actual Min Startup Time": 561.765, "Actual Max Startup Time": 561.765, "Actual Min Total Time": 561.765, "Actual Max Total Time": 561.765, "Index Cond": "(id = mi_idx.info_type_id)", "Rows Removed by Index Recheck": 0, "Filter": "((info)::text = 'votes'::text)", "Rows Removed by Filter": 205269, "Actual Rows": 102516}], "Actual Rows": 102516}, {"Node Type": "Index Scan", "Parent Relationship": "Inner", "Scan Direction": "Forward", "Index Name": "title_pkey", "Relation Name": "title", "Alias": "t", "Startup Cost": 0.0, "Total Cost": 0.4, "Plan Rows": 1, "Plan Width": 21, "Actual Min Startup Time": 451.206, "Actual Max Startup Time": 451.206, "Actual Min Total Time": 451.206, "Actual Max Total Time": 451.206, "Index Cond": "(id = mi_idx.movie_id)", "Rows Removed by Index Recheck": 0, "Actual Rows": 102516}], "Actual Rows": 102516}, {"Node Type": "Index Scan", "Parent Relationship": "Inner", "Scan Direction": "Forward", "Index Name": "movie_id_cast_info", "Relation Name": "cast_info", "Alias": "ci", "Startup Cost": 0.0, "Total Cost": 1.01, "Plan Rows": 1, "Plan Width": 8, "Actual Min Startup Time": 7570.783, "Actual Max Startup Time": 7570.783, "Actual Min Total Time": 8892.795, "Actual Max Total Time": 8892.795, "Index Cond": "(movie_id = t.id)", "Rows Removed by Index Recheck": 0, "Filter": "((note)::text = ANY ('{(writer),\"(head writer)\",\"(written by)\",(story),\"(story editor)\"}'::text[]))", "Rows Removed by Filter": 3987641, "Actual Rows": 54155}], "Actual Rows": 54155}, {"Node Type": "Index Scan", "Parent Relationship": "Inner", "Scan Direction": "Forward", "Index Name": "name_pkey", "Relation Name": "name", "Alias": "n", "Startup Cost": 0.0, "Total Cost": 0.49, "Plan Rows": 1, "Plan Width": 4, "Actual Min Startup Time": 374.999, "Actual Max Startup Time": 374.999, "Actual Min Total Time": 374.999, "Actual Max Total Time": 374.999, "Index Cond": "(id = ci.person_id)", "Rows Removed by Index Recheck": 0, "Filter": "((gender)::text = 'm'::text)", "Rows Removed by Filter": 26082, "Actual Rows": 28073}], "Actual Rows": 28073}], "Actual Rows": 1}, "Triggers": [], "Planner Runtime": 18, "Total Runtime": 12544.374, "Unique SQL Id": 3913857139}}, "(16, 89)": {"explain_plan": {"Plan": {"Node Type": "Aggregate", "Strategy": "Plain", "Startup Cost": 404251.85, "Total Cost": 404251.86, "Plan Rows": 1, "Plan Width": 160, "Plans": [{"Node Type": "Nested Loop", "Parent Relationship": "Outer", "Join Type": "Inner", "Startup Cost": 401042.42, "Total Cost": 404241.25, "Plan Rows": 1413, "Plan Width": 64, "Inner Unique": true, "Plans": [{"Node Type": "Nested Loop", "Parent Relationship": "Outer", "Join Type": "Inner", "Startup Cost": 401042.42, "Total Cost": 403661.99, "Plan Rows": 1155, "Plan Width": 68, "Inner Unique": false, "Plans": [{"Node Type": "Nested Loop", "Parent Relationship": "Outer", "Join Type": "Inner", "Startup Cost": 401042.42, "Total Cost": 402600.36, "Plan Rows": 1044, "Plan Width": 76, "Inner Unique": true, "Join Filter": "(mi.movie_id = t.id)", "Plans": [{"Node Type": "Merge Join", "Parent Relationship": "Outer", "Join Type": "Inner", "Startup Cost": 401042.42, "Total Cost": 402172.16, "Plan Rows": 1044, "Plan Width": 55, "Inner Unique": false, "Merge Cond": "(it1.id = mi.info_type_id)", "Plans": [{"Node Type": "Index Scan", "Parent Relationship": "Outer", "Scan Direction": "Forward", "Index Name": "info_type_pkey", "Relation Name": "info_type", "Alias": "it1", "Startup Cost": 0.0, "Total Cost": 14.21, "Plan Rows": 1, "Plan Width": 4, "Filter": "((info)::text = 'genres'::text)"}, {"Node Type": "Sort", "Parent Relationship": "Inner", "Startup Cost": 400980.09, "Total Cost": 401552.66, "Plan Rows": 229029, "Plan Width": 59, "Sort Key": ["mi.info_type_id"], "Plans": [{"Node Type": "Nested Loop", "Parent Relationship": "Outer", "Join Type": "Inner", "Startup Cost": 0.0, "Total Cost": 380590.58, "Plan Rows": 229029, "Plan Width": 59, "Inner Unique": false, "Plans": [{"Node Type": "Nested Loop", "Parent Relationship": "Outer", "Join Type": "Inner", "Startup Cost": 0.0, "Total Cost": 38338.2, "Plan Rows": 345008, "Plan Width": 9, "Inner Unique": false, "Plans": [{"Node Type": "Index Scan", "Parent Relationship": "Outer", "Scan Direction": "Forward", "Index Name": "info_type_pkey", "Relation Name": "info_type", "Alias": "it2", "Startup Cost": 0.0, "Total Cost": 14.21, "Plan Rows": 1, "Plan Width": 4, "Filter": "((info)::text = 'votes'::text)"}, {"Node Type": "Index Scan", "Parent Relationship": "Inner", "Scan Direction": "Forward", "Index Name": "info_type_id_movie_info_idx", "Relation Name": "movie_info_idx", "Alias": "mi_idx", "Startup Cost": 0.0, "Total Cost": 34873.91, "Plan Rows": 345008, "Plan Width": 13, "Index Cond": "(info_type_id = it2.id), (LLVM Optimized)"}]}, {"Node Type": "Index Scan", "Parent Relationship": "Inner", "Scan Direction": "Forward", "Index Name": "movie_id_movie_info", "Relation Name": "movie_info", "Alias": "mi", "Startup Cost": 0.0, "Total Cost": 0.98, "Plan Rows": 1, "Plan Width": 50, "Index Cond": "(movie_id = mi_idx.movie_id)", "Filter": "((info)::text = ANY ('{Horror,Action,Sci-Fi,Thriller,Crime,War}'::text[]))"}]}]}]}, {"Node Type": "Index Scan", "Parent Relationship": "Inner", "Scan Direction": "Forward", "Index Name": "title_pkey", "Relation Name": "title", "Alias": "t", "Startup Cost": 0.0, "Total Cost": 0.4, "Plan Rows": 1, "Plan Width": 21, "Index Cond": "(id = mi_idx.movie_id)"}]}, {"Node Type": "Index Scan", "Parent Relationship": "Inner", "Scan Direction": "Forward", "Index Name": "movie_id_cast_info", "Relation Name": "cast_info", "Alias": "ci", "Startup Cost": 0.0, "Total Cost": 1.01, "Plan Rows": 1, "Plan Width": 8, "Index Cond": "(movie_id = t.id)", "Filter": "((note)::text = ANY ('{(writer),\"(head writer)\",\"(written by)\",(story),\"(story editor)\"}'::text[]))"}]}, {"Node Type": "Index Scan", "Parent Relationship": "Inner", "Scan Direction": "Forward", "Index Name": "name_pkey", "Relation Name": "name", "Alias": "n", "Startup Cost": 0.0, "Total Cost": 0.49, "Plan Rows": 1, "Plan Width": 4, "Index Cond": "(id = ci.person_id)", "Filter": "((gender)::text = 'm'::text)"}]}]}, "Unique SQL Id": 3913857139, "Planner Runtime": 16}, "explain_analyze_plan": {"Plan": {"Node Type": "Aggregate", "Strategy": "Plain", "Startup Cost": 404251.85, "Total Cost": 404251.86, "Plan Rows": 1, "Plan Width": 160, "Actual Startup Time": 19189.739, "Actual Total Time": 19189.74, "Actual Rows": 1, "Actual Loops": 1, "Plans": [{"Node Type": "Nested Loop", "Parent Relationship": "Outer", "Join Type": "Inner", "Startup Cost": 401042.42, "Total Cost": 404241.25, "Plan Rows": 1413, "Plan Width": 64, "Actual Startup Time": 9220.051, "Actual Total Time": 19155.7, "Actual Rows": 28073, "Actual Loops": 1, "Inner Unique": true, "Plans": [{"Node Type": "Nested Loop", "Parent Relationship": "Outer", "Join Type": "Inner", "Startup Cost": 401042.42, "Total Cost": 403661.99, "Plan Rows": 1155, "Plan Width": 68, "Actual Startup Time": 9218.293, "Actual Total Time": 18741.999, "Actual Rows": 54155, "Actual Loops": 1, "Inner Unique": false, "Plans": [{"Node Type": "Nested Loop", "Parent Relationship": "Outer", "Join Type": "Inner", "Startup Cost": 401042.42, "Total Cost": 402600.36, "Plan Rows": 1044, "Plan Width": 76, "Actual Startup Time": 9216.407, "Actual Total Time": 9811.425, "Actual Rows": 102516, "Actual Loops": 1, "Inner Unique": true, "Join Filter": "(mi.movie_id = t.id)", "Rows Removed by Join Filter": 0, "Plans": [{"Node Type": "Merge Join", "Parent Relationship": "Outer", "Join Type": "Inner", "Startup Cost": 401042.42, "Total Cost": 402172.16, "Plan Rows": 1044, "Plan Width": 55, "Actual Startup Time": 9216.371, "Actual Total Time": 9269.221, "Actual Rows": 102516, "Actual Loops": 1, "Inner Unique": false, "Merge Cond": "(it1.id = mi.info_type_id)", "Plans": [{"Node Type": "Index Scan", "Parent Relationship": "Outer", "Scan Direction": "Forward", "Index Name": "info_type_pkey", "Relation Name": "info_type", "Alias": "it1", "Startup Cost": 0.0, "Total Cost": 14.21, "Plan Rows": 1, "Plan Width": 4, "Actual Startup Time": 0.027, "Actual Total Time": 0.086, "Actual Rows": 1, "Actual Loops": 1, "Filter": "((info)::text = 'genres'::text)", "Rows Removed by Filter": 111}, {"Node Type": "Sort", "Parent Relationship": "Inner", "Startup Cost": 400980.09, "Total Cost": 401552.66, "Plan Rows": 229029, "Plan Width": 59, "Actual Startup Time": 9216.335, "Actual Total Time": 9233.031, "Actual Rows": 102517, "Actual Loops": 1, "Sort Key": ["mi.info_type_id"], "Sort Method": "quicksort", "Sort Space Used": 12906, "Sort Space Type": "Memory", "Plans": [{"Node Type": "Nested Loop", "Parent Relationship": "Outer", "Join Type": "Inner", "Startup Cost": 0.0, "Total Cost": 380590.58, "Plan Rows": 229029, "Plan Width": 59, "Actual Startup Time": 0.752, "Actual Total Time": 9168.102, "Actual Rows": 104892, "Actual Loops": 1, "Inner Unique": false, "Plans": [{"Node Type": "Nested Loop", "Parent Relationship": "Outer", "Join Type": "Inner", "Startup Cost": 0.0, "Total Cost": 38338.2, "Plan Rows": 345008, "Plan Width": 9, "Actual Startup Time": 0.072, "Actual Total Time": 401.366, "Actual Rows": 459925, "Actual Loops": 1, "Inner Unique": false, "Plans": [{"Node Type": "Index Scan", "Parent Relationship": "Outer", "Scan Direction": "Forward", "Index Name": "info_type_pkey", "Relation Name": "info_type", "Alias": "it2", "Startup Cost": 0.0, "Total Cost": 14.21, "Plan Rows": 1, "Plan Width": 4, "Actual Startup Time": 0.055, "Actual Total Time": 0.065, "Actual Rows": 1, "Actual Loops": 1, "Filter": "((info)::text = 'votes'::text)", "Rows Removed by Filter": 111}, {"Node Type": "Index Scan", "Parent Relationship": "Inner", "Scan Direction": "Forward", "Index Name": "info_type_id_movie_info_idx", "Relation Name": "movie_info_idx", "Alias": "mi_idx", "Startup Cost": 0.0, "Total Cost": 34873.91, "Plan Rows": 345008, "Plan Width": 13, "Actual Startup Time": 0.014, "Actual Total Time": 294.389, "Actual Rows": 459925, "Actual Loops": 1, "Index Cond": "(info_type_id = it2.id), (LLVM Optimized, Jit Execute)", "Rows Removed by Index Recheck": 0}]}, {"Node Type": "Index Scan", "Parent Relationship": "Inner", "Scan Direction": "Forward", "Index Name": "movie_id_movie_info", "Relation Name": "movie_info", "Alias": "mi", "Startup Cost": 0.0, "Total Cost": 0.98, "Plan Rows": 1, "Plan Width": 50, "Actual Startup Time": 8350.571, "Actual Total Time": 8507.136, "Actual Rows": 104892, "Actual Loops": 459925, "Index Cond": "(movie_id = mi_idx.movie_id)", "Rows Removed by Index Recheck": 0, "Filter": "((info)::text = ANY ('{Horror,Action,Sci-Fi,Thriller,Crime,War}'::text[]))", "Rows Removed by Filter": 6825442}]}]}]}, {"Node Type": "Index Scan", "Parent Relationship": "Inner", "Scan Direction": "Forward", "Index Name": "title_pkey", "Relation Name": "title", "Alias": "t", "Startup Cost": 0.0, "Total Cost": 0.4, "Plan Rows": 1, "Plan Width": 21, "Actual Startup Time": 437.565, "Actual Total Time": 437.565, "Actual Rows": 102516, "Actual Loops": 102516, "Index Cond": "(id = mi_idx.movie_id)", "Rows Removed by Index Recheck": 0}]}, {"Node Type": "Index Scan", "Parent Relationship": "Inner", "Scan Direction": "Forward", "Index Name": "movie_id_cast_info", "Relation Name": "cast_info", "Alias": "ci", "Startup Cost": 0.0, "Total Cost": 1.01, "Plan Rows": 1, "Plan Width": 8, "Actual Startup Time": 7552.834, "Actual Total Time": 8860.355, "Actual Rows": 54155, "Actual Loops": 102516, "Index Cond": "(movie_id = t.id)", "Rows Removed by Index Recheck": 0, "Filter": "((note)::text = ANY ('{(writer),\"(head writer)\",\"(written by)\",(story),\"(story editor)\"}'::text[]))", "Rows Removed by Filter": 3987641}]}, {"Node Type": "Index Scan", "Parent Relationship": "Inner", "Scan Direction": "Forward", "Index Name": "name_pkey", "Relation Name": "name", "Alias": "n", "Startup Cost": 0.0, "Total Cost": 0.49, "Plan Rows": 1, "Plan Width": 4, "Actual Startup Time": 370.794, "Actual Total Time": 370.794, "Actual Rows": 28073, "Actual Loops": 54155, "Index Cond": "(id = ci.person_id)", "Rows Removed by Index Recheck": 0, "Filter": "((gender)::text = 'm'::text)", "Rows Removed by Filter": 26082}]}]}, "Triggers": [], "Planner Runtime": 17, "Total Runtime": 19198.734, "Unique SQL Id": 3913857139}}, "(16, 90)": {"explain_plan": {"Plan": {"Node Type": "Aggregate", "Strategy": "Plain", "Startup Cost": 4074051715316.98, "Total Cost": 4074051715316.99, "Plan Rows": 1, "Plan Width": 160, "Plans": [{"Node Type": "Merge Join", "Parent Relationship": "Outer", "Join Type": "Inner", "Startup Cost": 3084766667900.89, "Total Cost": 4074051715306.39, "Plan Rows": 1413, "Plan Width": 64, "Inner Unique": false, "Merge Cond": "(t.id = mi.movie_id)", "Plans": [{"Node Type": "Index Scan", "Parent Relationship": "Outer", "Scan Direction": "Forward", "Index Name": "title_pkey", "Relation Name": "title", "Alias": "t", "Startup Cost": 10000000000.0, "Total Cost": 1000011012048.91, "Plan Rows": 2528311, "Plan Width": 21}, {"Node Type": "Sort", "Parent Relationship": "Inner", "Startup Cost": 3074741998983.92, "Total Cost": 3074741998987.45, "Plan Rows": 1413, "Plan Width": 59, "Sort Key": ["ci.movie_id"], "Plans": [{"Node Type": "Merge Join", "Parent Relationship": "Outer", "Join Type": "Inner", "Startup Cost": 2110233721907.87, "Total Cost": 3074741998909.98, "Plan Rows": 1413, "Plan Width": 59, "Inner Unique": false, "Merge Cond": "(n.id = ci.person_id)", "Plans": [{"Node Type": "Index Scan", "Parent Relationship": "Outer", "Scan Direction": "Forward", "Index Name": "name_pkey", "Relation Name": "name", "Alias": "n", "Startup Cost": 10000000000.0, "Total Cost": 1000018665147.2, "Plan Rows": 1740714, "Plan Width": 4, "Filter": "((gender)::text = 'm'::text), (LLVM Optimized)"}, {"Node Type": "Sort", "Parent Relationship": "Inner", "Startup Cost": 2100233721907.87, "Total Cost": 2100233721910.76, "Plan Rows": 1155, "Plan Width": 63, "Sort Key": ["ci.person_id"], "Plans": [{"Node Type": "Merge Join", "Parent Relationship": "Outer", "Join Type": "Inner", "Startup Cost": 1110026982586.75, "Total Cost": 2100233721849.12, "Plan Rows": 1155, "Plan Width": 63, "Inner Unique": false, "Merge Cond": "(ci.movie_id = mi.movie_id)", "Plans": [{"Node Type": "Index Scan", "Parent Relationship": "Outer", "Scan Direction": "Forward", "Index Name": "movie_id_cast_info", "Relation Name": "cast_info", "Alias": "ci", "Startup Cost": 10000000000.0, "Total Cost": 1000228594573.05, "Plan Rows": 1223154, "Plan Width": 8, "Filter": "((note)::text = ANY ('{(writer),\"(head writer)\",\"(written by)\",(story),\"(story editor)\"}'::text[]))"}, {"Node Type": "Sort", "Parent Relationship": "Inner", "Startup Cost": 1100005124200.86, "Total Cost": 1100005124203.47, "Plan Rows": 1044, "Plan Width": 55, "Sort Key": ["mi.movie_id"], "Plans": [{"Node Type": "Merge Join", "Parent Relationship": "Outer", "Join Type": "Inner", "Startup Cost": 1100005124117.2, "Total Cost": 1100005124148.51, "Plan Rows": 1044, "Plan Width": 55, "Inner Unique": true, "Merge Cond": "(mi_idx.info_type_id = it2.id)", "Plans": [{"Node Type": "Sort", "Parent Relationship": "Outer", "Startup Cost": 1100005124112.17, "Total Cost": 1100005124122.61, "Plan Rows": 4175, "Plan Width": 59, "Sort Key": ["mi_idx.info_type_id"], "Plans": [{"Node Type": "Merge Join", "Parent Relationship": "Outer", "Join Type": "Inner", "Startup Cost": 110020556869.08, "Total Cost": 1100005123861.09, "Plan Rows": 4175, "Plan Width": 59, "Inner Unique": false, "Merge Cond": "(mi_idx.movie_id = mi.movie_id)", "Plans": [{"Node Type": "Index Scan", "Parent Relationship": "Outer", "Scan Direction": "Forward", "Index Name": "movie_id_movie_info_idx", "Relation Name": "movie_info_idx", "Alias": "mi_idx", "Startup Cost": 10000000000.0, "Total Cost": 1000004650035.37, "Plan Rows": 1380034, "Plan Width": 13}, {"Node Type": "Sort", "Parent Relationship": "Inner", "Startup Cost": 100000470313.03, "Total Cost": 100000470319.82, "Plan Rows": 2717, "Plan Width": 46, "Sort Key": ["mi.movie_id"], "Plans": [{"Node Type": "Nested Loop", "Parent Relationship": "Outer", "Join Type": "Inner", "Startup Cost": 10000000000.0, "Total Cost": 100000470158.05, "Plan Rows": 2717, "Plan Width": 46, "Inner Unique": false, "Join Filter": "(it1.id = mi.info_type_id)", "Plans": [{"Node Type": "Seq Scan", "Parent Relationship": "Outer", "Relation Name": "info_type", "Alias": "it1", "Startup Cost": 0.0, "Total Cost": 2.4, "Plan Rows": 1, "Plan Width": 4, "Filter": "((info)::text = 'genres'::text)"}, {"Node Type": "Materialize", "Parent Relationship": "Inner", "Startup Cost": 0.0, "Total Cost": 45111.71, "Plan Rows": 190170, "Plan Width": 50, "Plans": [{"Node Type": "Streaming(type: LOCAL GATHER dop: 1/16)", "Parent Relationship": "Outer", "Startup Cost": 0.0, "Total Cost": 44636.28, "Plan Rows": 190170, "Plan Width": 50, "Plans": [{"Node Type": "Seq Scan", "Parent Relationship": "Outer", "Relation Name": "movie_info", "Alias": "mi", "Startup Cost": 0.0, "Total Cost": 40532.03, "Plan Rows": 190170, "Plan Width": 50, "Filter": "((info)::text = ANY ('{Horror,Action,Sci-Fi,Thriller,Crime,War}'::text[]))"}]}]}]}]}]}]}, {"Node Type": "Sort", "Parent Relationship": "Inner", "Startup Cost": 2.41, "Total Cost": 2.42, "Plan Rows": 1, "Plan Width": 4, "Sort Key": ["it2.id"], "Plans": [{"Node Type": "Seq Scan", "Parent Relationship": "Outer", "Relation Name": "info_type", "Alias": "it2", "Startup Cost": 0.0, "Total Cost": 2.4, "Plan Rows": 1, "Plan Width": 4, "Filter": "((info)::text = 'votes'::text)"}]}]}]}]}]}]}]}]}]}, "Unique SQL Id": 3913857139, "Planner Runtime": 67}, "explain_analyze_plan": null}, "(16, 91)": {"explain_plan": {"Plan": {"Node Type": "Aggregate", "Strategy": "Plain", "Startup Cost": 6972220946043.58, "Total Cost": 6972220946043.59, "Plan Rows": 1, "Plan Width": 160, "Plans": [{"Node Type": "Merge Join", "Parent Relationship": "Outer", "Join Type": "Inner", "Startup Cost": 5982220944123.28, "Total Cost": 6972220946032.99, "Plan Rows": 1413, "Plan Width": 64, "Inner Unique": true, "Merge Cond": "(mi.info_type_id = it1.id)", "Plans": [{"Node Type": "Sort", "Parent Relationship": "Outer", "Startup Cost": 5972220944096.37, "Total Cost": 5972220944343.58, "Plan Rows": 98885, "Plan Width": 68, "Sort Key": ["mi.info_type_id"], "Plans": [{"Node Type": "Merge Join", "Parent Relationship": "Outer", "Join Type": "Inner", "Startup Cost": 3994673638411.73, "Total Cost": 5972220935892.14, "Plan Rows": 98885, "Plan Width": 68, "Inner Unique": false, "Merge Cond": "(t.id = mi_idx.movie_id)", "Plans": [{"Node Type": "Merge Join", "Parent Relationship": "Outer", "Join Type": "Inner", "Startup Cost": 20024668916.98, "Total Cost": 1999424688065.12, "Plan Rows": 190170, "Plan Width": 71, "Inner Unique": true, "Merge Cond": "(mi.movie_id = t.id)", "Plans": [{"Node Type": "Index Scan", "Parent Relationship": "Outer", "Scan Direction": "Forward", "Index Name": "movie_id_movie_info", "Relation Name": "movie_info", "Alias": "mi", "Startup Cost": 10000000000.0, "Total Cost": 1000114969386.72, "Plan Rows": 190170, "Plan Width": 50, "Filter": "((info)::text = ANY ('{Horror,Action,Sci-Fi,Thriller,Crime,War}'::text[]))"}, {"Node Type": "Index Scan", "Parent Relationship": "Inner", "Scan Direction": "Forward", "Index Name": "title_pkey", "Relation Name": "title", "Alias": "t", "Startup Cost": 10000000000.0, "Total Cost": 1000011012048.91, "Plan Rows": 2528311, "Plan Width": 21}]}, {"Node Type": "Sort", "Parent Relationship": "Inner", "Startup Cost": 3974648969494.74, "Total Cost": 3974648970662.15, "Plan Rows": 466965, "Plan Width": 13, "Sort Key": ["ci.movie_id"], "Plans": [{"Node Type": "Merge Join", "Parent Relationship": "Outer", "Join Type": "Inner", "Startup Cost": 3010140641964.01, "Total Cost": 3974648925523.08, "Plan Rows": 466965, "Plan Width": 13, "Inner Unique": true, "Merge Cond": "(ci.person_id = n.id)", "Plans": [{"Node Type": "Sort", "Parent Relationship": "Outer", "Startup Cost": 3000140641963.95, "Total Cost": 3000140642918.23, "Plan Rows": 381713, "Plan Width": 17, "Sort Key": ["ci.person_id"], "Plans": [{"Node Type": "Merge Join", "Parent Relationship": "Outer", "Join Type": "Inner", "Startup Cost": 2010001865471.59, "Total Cost": 3000140606575.09, "Plan Rows": 381713, "Plan Width": 17, "Inner Unique": false, "Merge Cond": "(ci.movie_id = mi_idx.movie_id)", "Plans": [{"Node Type": "Index Scan", "Parent Relationship": "Outer", "Scan Direction": "Forward", "Index Name": "movie_id_cast_info", "Relation Name": "cast_info", "Alias": "ci", "Startup Cost": 10000000000.0, "Total Cost": 1000228594573.05, "Plan Rows": 1223154, "Plan Width": 8, "Filter": "((note)::text = ANY ('{(writer),\"(head writer)\",\"(written by)\",(story),\"(story editor)\"}'::text[]))"}, {"Node Type": "Sort", "Parent Relationship": "Inner", "Startup Cost": 2000001865471.58, "Total Cost": 2000001866334.1, "Plan Rows": 345008, "Plan Width": 9, "Sort Key": ["mi_idx.movie_id"], "Plans": [{"Node Type": "Nested Loop", "Parent Relationship": "Outer", "Join Type": "Inner", "Startup Cost": 20000007502.06, "Total Cost": 2000001833737.28, "Plan Rows": 345008, "Plan Width": 9, "Inner Unique": false, "Plans": [{"Node Type": "Index Scan", "Parent Relationship": "Outer", "Scan Direction": "Forward", "Index Name": "info_type_pkey", "Relation Name": "info_type", "Alias": "it2", "Startup Cost": 10000000000.0, "Total Cost": 1000000001421.0, "Plan Rows": 1, "Plan Width": 4, "Filter": "((info)::text = 'votes'::text)"}, {"Node Type": "Bitmap Heap Scan", "Parent Relationship": "Inner", "Relation Name": "movie_info_idx", "Alias": "mi_idx", "Startup Cost": 10000007502.06, "Total Cost": 1000001828866.2, "Plan Rows": 345008, "Plan Width": 13, "Recheck Cond": "(info_type_id = it2.id), (LLVM Optimized)", "Plans": [{"Node Type": "Bitmap Index Scan", "Parent Relationship": "Outer", "Index Name": "info_type_id_movie_info_idx", "Startup Cost": 0.0, "Total Cost": 7415.81, "Plan Rows": 345008, "Plan Width": 0, "Index Cond": "(info_type_id = it2.id)"}]}]}]}]}]}, {"Node Type": "Index Scan", "Parent Relationship": "Inner", "Scan Direction": "Forward", "Index Name": "name_pkey", "Relation Name": "name", "Alias": "n", "Startup Cost": 10000000000.0, "Total Cost": 1000018665147.2, "Plan Rows": 1740714, "Plan Width": 4, "Filter": "((gender)::text = 'm'::text), (LLVM Optimized)"}]}]}]}]}, {"Node Type": "Materialize", "Parent Relationship": "Inner", "Startup Cost": 10000000000.0, "Total Cost": 1000000001421.0, "Plan Rows": 1, "Plan Width": 4, "Plans": [{"Node Type": "Index Scan", "Parent Relationship": "Outer", "Scan Direction": "Forward", "Index Name": "info_type_pkey", "Relation Name": "info_type", "Alias": "it1", "Startup Cost": 10000000000.0, "Total Cost": 1000000001421.0, "Plan Rows": 1, "Plan Width": 4, "Filter": "((info)::text = 'genres'::text)"}]}]}]}, "Unique SQL Id": 3913857139, "Planner Runtime": 99}, "explain_analyze_plan": null}, "(16, 92)": {"explain_plan": {"Plan": {"Node Type": "Aggregate", "Strategy": "Plain", "Startup Cost": 103118.52, "Total Cost": 103118.53, "Plan Rows": 1, "Plan Width": 160, "Plans": [{"Node Type": "Nested Loop", "Parent Relationship": "Outer", "Join Type": "Inner", "Startup Cost": 0.0, "Total Cost": 103107.92, "Plan Rows": 1413, "Plan Width": 64, "Inner Unique": true, "Plans": [{"Node Type": "Nested Loop", "Parent Relationship": "Outer", "Join Type": "Inner", "Startup Cost": 0.0, "Total Cost": 102528.66, "Plan Rows": 1155, "Plan Width": 68, "Inner Unique": false, "Plans": [{"Node Type": "Nested Loop", "Parent Relationship": "Outer", "Join Type": "Inner", "Startup Cost": 0.0, "Total Cost": 101467.02, "Plan Rows": 1044, "Plan Width": 76, "Inner Unique": true, "Join Filter": "(mi.movie_id = t.id)", "Plans": [{"Node Type": "Nested Loop", "Parent Relationship": "Outer", "Join Type": "Inner", "Startup Cost": 0.0, "Total Cost": 101038.83, "Plan Rows": 1044, "Plan Width": 55, "Inner Unique": true, "Plans": [{"Node Type": "Nested Loop", "Parent Relationship": "Outer", "Join Type": "Inner", "Startup Cost": 0.0, "Total Cost": 99859.36, "Plan Rows": 4175, "Plan Width": 59, "Inner Unique": false, "Plans": [{"Node Type": "Nested Loop", "Parent Relationship": "Outer", "Join Type": "Inner", "Startup Cost": 0.0, "Total Cost": 98371.31, "Plan Rows": 2717, "Plan Width": 46, "Inner Unique": true, "Plans": [{"Node Type": "Streaming(type: LOCAL GATHER dop: 1/16)", "Parent Relationship": "Outer", "Startup Cost": 0.0, "Total Cost": 44636.28, "Plan Rows": 190170, "Plan Width": 50, "Plans": [{"Node Type": "Seq Scan", "Parent Relationship": "Outer", "Relation Name": "movie_info", "Alias": "mi", "Startup Cost": 0.0, "Total Cost": 40532.03, "Plan Rows": 190170, "Plan Width": 50, "Filter": "((info)::text = ANY ('{Horror,Action,Sci-Fi,Thriller,Crime,War}'::text[]))"}]}, {"Node Type": "Index Scan", "Parent Relationship": "Inner", "Scan Direction": "Forward", "Index Name": "info_type_pkey", "Relation Name": "info_type", "Alias": "it1", "Startup Cost": 0.0, "Total Cost": 0.27, "Plan Rows": 1, "Plan Width": 4, "Index Cond": "(id = mi.info_type_id)", "Filter": "((info)::text = 'genres'::text)"}]}, {"Node Type": "Index Scan", "Parent Relationship": "Inner", "Scan Direction": "Forward", "Index Name": "movie_id_movie_info_idx", "Relation Name": "movie_info_idx", "Alias": "mi_idx", "Startup Cost": 0.0, "Total Cost": 0.53, "Plan Rows": 2, "Plan Width": 13, "Index Cond": "(movie_id = mi.movie_id)"}]}, {"Node Type": "Index Scan", "Parent Relationship": "Inner", "Scan Direction": "Forward", "Index Name": "info_type_pkey", "Relation Name": "info_type", "Alias": "it2", "Startup Cost": 0.0, "Total Cost": 0.27, "Plan Rows": 1, "Plan Width": 4, "Index Cond": "(id = mi_idx.info_type_id)", "Filter": "((info)::text = 'votes'::text)"}]}, {"Node Type": "Index Scan", "Parent Relationship": "Inner", "Scan Direction": "Forward", "Index Name": "title_pkey", "Relation Name": "title", "Alias": "t", "Startup Cost": 0.0, "Total Cost": 0.4, "Plan Rows": 1, "Plan Width": 21, "Index Cond": "(id = mi_idx.movie_id)"}]}, {"Node Type": "Index Scan", "Parent Relationship": "Inner", "Scan Direction": "Forward", "Index Name": "movie_id_cast_info", "Relation Name": "cast_info", "Alias": "ci", "Startup Cost": 0.0, "Total Cost": 1.01, "Plan Rows": 1, "Plan Width": 8, "Index Cond": "(movie_id = t.id)", "Filter": "((note)::text = ANY ('{(writer),\"(head writer)\",\"(written by)\",(story),\"(story editor)\"}'::text[]))"}]}, {"Node Type": "Index Scan", "Parent Relationship": "Inner", "Scan Direction": "Forward", "Index Name": "name_pkey", "Relation Name": "name", "Alias": "n", "Startup Cost": 0.0, "Total Cost": 0.49, "Plan Rows": 1, "Plan Width": 4, "Index Cond": "(id = ci.person_id)", "Filter": "((gender)::text = 'm'::text)"}]}]}, "Unique SQL Id": 3913857139, "Planner Runtime": 18}, "explain_analyze_plan": {"Plan": {"Node Type": "Aggregate", "Strategy": "Plain", "Startup Cost": 103118.52, "Total Cost": 103118.53, "Plan Rows": 1, "Plan Width": 160, "Actual Min Startup Time": 12541.702, "Actual Max Startup Time": 12541.702, "Actual Min Total Time": 12541.702, "Actual Max Total Time": 12541.702, "Plans": [{"Node Type": "Nested Loop", "Parent Relationship": "Outer", "Join Type": "Inner", "Startup Cost": 0.0, "Total Cost": 103107.92, "Plan Rows": 1413, "Plan Width": 64, "Actual Min Startup Time": 421.04, "Actual Max Startup Time": 421.04, "Actual Min Total Time": 12505.044, "Actual Max Total Time": 12505.044, "Inner Unique": true, "Plans": [{"Node Type": "Nested Loop", "Parent Relationship": "Outer", "Join Type": "Inner", "Startup Cost": 0.0, "Total Cost": 102528.66, "Plan Rows": 1155, "Plan Width": 68, "Actual Min Startup Time": 420.971, "Actual Max Startup Time": 420.971, "Actual Min Total Time": 12086.362, "Actual Max Total Time": 12086.362, "Inner Unique": false, "Plans": [{"Node Type": "Nested Loop", "Parent Relationship": "Outer", "Join Type": "Inner", "Startup Cost": 0.0, "Total Cost": 101467.02, "Plan Rows": 1044, "Plan Width": 76, "Actual Min Startup Time": 420.94, "Actual Max Startup Time": 420.94, "Actual Min Total Time": 3122.776, "Actual Max Total Time": 3122.776, "Inner Unique": true, "Join Filter": "(mi.movie_id = t.id)", "Rows Removed by Join Filter": 0, "Plans": [{"Node Type": "Nested Loop", "Parent Relationship": "Outer", "Join Type": "Inner", "Startup Cost": 0.0, "Total Cost": 101038.83, "Plan Rows": 1044, "Plan Width": 55, "Actual Min Startup Time": 420.919, "Actual Max Startup Time": 420.919, "Actual Min Total Time": 2555.507, "Actual Max Total Time": 2555.507, "Inner Unique": true, "Plans": [{"Node Type": "Nested Loop", "Parent Relationship": "Outer", "Join Type": "Inner", "Startup Cost": 0.0, "Total Cost": 99859.36, "Plan Rows": 4175, "Plan Width": 59, "Actual Min Startup Time": 420.894, "Actual Max Startup Time": 420.894, "Actual Min Total Time": 1813.326, "Actual Max Total Time": 1813.326, "Inner Unique": false, "Plans": [{"Node Type": "Nested Loop", "Parent Relationship": "Outer", "Join Type": "Inner", "Startup Cost": 0.0, "Total Cost": 98371.31, "Plan Rows": 2717, "Plan Width": 46, "Actual Min Startup Time": 420.867, "Actual Max Startup Time": 420.867, "Actual Min Total Time": 967.83, "Actual Max Total Time": 967.83, "Inner Unique": true, "Plans": [{"Node Type": "Streaming(type: LOCAL GATHER dop: 1/16)", "Parent Relationship": "Outer", "Startup Cost": 0.0, "Total Cost": 44636.28, "Plan Rows": 190170, "Plan Width": 50, "Actual Min Startup Time": 296.853, "Actual Max Startup Time": 296.853, "Actual Min Total Time": 480.595, "Actual Max Total Time": 480.595, "Plans": [{"Node Type": "Seq Scan", "Parent Relationship": "Outer", "Relation Name": "movie_info", "Alias": "mi", "Startup Cost": 0.0, "Total Cost": 40532.03, "Plan Rows": 190170, "Plan Width": 50, "Actual Min Startup Time": 225.267, "Actual Max Startup Time": 408.387, "Actual Min Total Time": 457.606, "Actual Max Total Time": 470.092, "Filter": "((info)::text = ANY ('{Horror,Action,Sci-Fi,Thriller,Crime,War}'::text[]))", "Rows Removed by Filter": 14646748, "Actual Rows": 188971}], "Actual Rows": 188971}, {"Node Type": "Index Scan", "Parent Relationship": "Inner", "Scan Direction": "Forward", "Index Name": "info_type_pkey", "Relation Name": "info_type", "Alias": "it1", "Startup Cost": 0.0, "Total Cost": 0.27, "Plan Rows": 1, "Plan Width": 4, "Actual Min Startup Time": 334.504, "Actual Max Startup Time": 334.504, "Actual Min Total Time": 334.504, "Actual Max Total Time": 334.504, "Index Cond": "(id = mi.info_type_id)", "Rows Removed by Index Recheck": 0, "Filter": "((info)::text = 'genres'::text)", "Rows Removed by Filter": 2377, "Actual Rows": 186594}], "Actual Rows": 186594}, {"Node Type": "Index Scan", "Parent Relationship": "Inner", "Scan Direction": "Forward", "Index Name": "movie_id_movie_info_idx", "Relation Name": "movie_info_idx", "Alias": "mi_idx", "Startup Cost": 0.0, "Total Cost": 0.53, "Plan Rows": 2, "Plan Width": 13, "Actual Min Startup Time": 546.672, "Actual Max Startup Time": 546.672, "Actual Min Total Time": 671.417, "Actual Max Total Time": 671.417, "Index Cond": "(movie_id = mi.movie_id)", "Rows Removed by Index Recheck": 0, "Actual Rows": 307785}], "Actual Rows": 307785}, {"Node Type": "Index Scan", "Parent Relationship": "Inner", "Scan Direction": "Forward", "Index Name": "info_type_pkey", "Relation Name": "info_type", "Alias": "it2", "Startup Cost": 0.0, "Total Cost": 0.27, "Plan Rows": 1, "Plan Width": 4, "Actual Min Startup Time": 561.765, "Actual Max Startup Time": 561.765, "Actual Min Total Time": 561.765, "Actual Max Total Time": 561.765, "Index Cond": "(id = mi_idx.info_type_id)", "Rows Removed by Index Recheck": 0, "Filter": "((info)::text = 'votes'::text)", "Rows Removed by Filter": 205269, "Actual Rows": 102516}], "Actual Rows": 102516}, {"Node Type": "Index Scan", "Parent Relationship": "Inner", "Scan Direction": "Forward", "Index Name": "title_pkey", "Relation Name": "title", "Alias": "t", "Startup Cost": 0.0, "Total Cost": 0.4, "Plan Rows": 1, "Plan Width": 21, "Actual Min Startup Time": 451.206, "Actual Max Startup Time": 451.206, "Actual Min Total Time": 451.206, "Actual Max Total Time": 451.206, "Index Cond": "(id = mi_idx.movie_id)", "Rows Removed by Index Recheck": 0, "Actual Rows": 102516}], "Actual Rows": 102516}, {"Node Type": "Index Scan", "Parent Relationship": "Inner", "Scan Direction": "Forward", "Index Name": "movie_id_cast_info", "Relation Name": "cast_info", "Alias": "ci", "Startup Cost": 0.0, "Total Cost": 1.01, "Plan Rows": 1, "Plan Width": 8, "Actual Min Startup Time": 7570.783, "Actual Max Startup Time": 7570.783, "Actual Min Total Time": 8892.795, "Actual Max Total Time": 8892.795, "Index Cond": "(movie_id = t.id)", "Rows Removed by Index Recheck": 0, "Filter": "((note)::text = ANY ('{(writer),\"(head writer)\",\"(written by)\",(story),\"(story editor)\"}'::text[]))", "Rows Removed by Filter": 3987641, "Actual Rows": 54155}], "Actual Rows": 54155}, {"Node Type": "Index Scan", "Parent Relationship": "Inner", "Scan Direction": "Forward", "Index Name": "name_pkey", "Relation Name": "name", "Alias": "n", "Startup Cost": 0.0, "Total Cost": 0.49, "Plan Rows": 1, "Plan Width": 4, "Actual Min Startup Time": 374.999, "Actual Max Startup Time": 374.999, "Actual Min Total Time": 374.999, "Actual Max Total Time": 374.999, "Index Cond": "(id = ci.person_id)", "Rows Removed by Index Recheck": 0, "Filter": "((gender)::text = 'm'::text)", "Rows Removed by Filter": 26082, "Actual Rows": 28073}], "Actual Rows": 28073}], "Actual Rows": 1}, "Triggers": [], "Planner Runtime": 18, "Total Runtime": 12544.374, "Unique SQL Id": 3913857139}}, "(16, 93)": {"explain_plan": {"Plan": {"Node Type": "Aggregate", "Strategy": "Plain", "Startup Cost": 404251.85, "Total Cost": 404251.86, "Plan Rows": 1, "Plan Width": 160, "Plans": [{"Node Type": "Nested Loop", "Parent Relationship": "Outer", "Join Type": "Inner", "Startup Cost": 401042.42, "Total Cost": 404241.25, "Plan Rows": 1413, "Plan Width": 64, "Inner Unique": true, "Plans": [{"Node Type": "Nested Loop", "Parent Relationship": "Outer", "Join Type": "Inner", "Startup Cost": 401042.42, "Total Cost": 403661.99, "Plan Rows": 1155, "Plan Width": 68, "Inner Unique": false, "Plans": [{"Node Type": "Nested Loop", "Parent Relationship": "Outer", "Join Type": "Inner", "Startup Cost": 401042.42, "Total Cost": 402600.36, "Plan Rows": 1044, "Plan Width": 76, "Inner Unique": true, "Join Filter": "(mi.movie_id = t.id)", "Plans": [{"Node Type": "Merge Join", "Parent Relationship": "Outer", "Join Type": "Inner", "Startup Cost": 401042.42, "Total Cost": 402172.16, "Plan Rows": 1044, "Plan Width": 55, "Inner Unique": false, "Merge Cond": "(it1.id = mi.info_type_id)", "Plans": [{"Node Type": "Index Scan", "Parent Relationship": "Outer", "Scan Direction": "Forward", "Index Name": "info_type_pkey", "Relation Name": "info_type", "Alias": "it1", "Startup Cost": 0.0, "Total Cost": 14.21, "Plan Rows": 1, "Plan Width": 4, "Filter": "((info)::text = 'genres'::text)"}, {"Node Type": "Sort", "Parent Relationship": "Inner", "Startup Cost": 400980.09, "Total Cost": 401552.66, "Plan Rows": 229029, "Plan Width": 59, "Sort Key": ["mi.info_type_id"], "Plans": [{"Node Type": "Nested Loop", "Parent Relationship": "Outer", "Join Type": "Inner", "Startup Cost": 0.0, "Total Cost": 380590.58, "Plan Rows": 229029, "Plan Width": 59, "Inner Unique": false, "Plans": [{"Node Type": "Nested Loop", "Parent Relationship": "Outer", "Join Type": "Inner", "Startup Cost": 0.0, "Total Cost": 38338.2, "Plan Rows": 345008, "Plan Width": 9, "Inner Unique": false, "Plans": [{"Node Type": "Index Scan", "Parent Relationship": "Outer", "Scan Direction": "Forward", "Index Name": "info_type_pkey", "Relation Name": "info_type", "Alias": "it2", "Startup Cost": 0.0, "Total Cost": 14.21, "Plan Rows": 1, "Plan Width": 4, "Filter": "((info)::text = 'votes'::text)"}, {"Node Type": "Index Scan", "Parent Relationship": "Inner", "Scan Direction": "Forward", "Index Name": "info_type_id_movie_info_idx", "Relation Name": "movie_info_idx", "Alias": "mi_idx", "Startup Cost": 0.0, "Total Cost": 34873.91, "Plan Rows": 345008, "Plan Width": 13, "Index Cond": "(info_type_id = it2.id), (LLVM Optimized)"}]}, {"Node Type": "Index Scan", "Parent Relationship": "Inner", "Scan Direction": "Forward", "Index Name": "movie_id_movie_info", "Relation Name": "movie_info", "Alias": "mi", "Startup Cost": 0.0, "Total Cost": 0.98, "Plan Rows": 1, "Plan Width": 50, "Index Cond": "(movie_id = mi_idx.movie_id)", "Filter": "((info)::text = ANY ('{Horror,Action,Sci-Fi,Thriller,Crime,War}'::text[]))"}]}]}]}, {"Node Type": "Index Scan", "Parent Relationship": "Inner", "Scan Direction": "Forward", "Index Name": "title_pkey", "Relation Name": "title", "Alias": "t", "Startup Cost": 0.0, "Total Cost": 0.4, "Plan Rows": 1, "Plan Width": 21, "Index Cond": "(id = mi_idx.movie_id)"}]}, {"Node Type": "Index Scan", "Parent Relationship": "Inner", "Scan Direction": "Forward", "Index Name": "movie_id_cast_info", "Relation Name": "cast_info", "Alias": "ci", "Startup Cost": 0.0, "Total Cost": 1.01, "Plan Rows": 1, "Plan Width": 8, "Index Cond": "(movie_id = t.id)", "Filter": "((note)::text = ANY ('{(writer),\"(head writer)\",\"(written by)\",(story),\"(story editor)\"}'::text[]))"}]}, {"Node Type": "Index Scan", "Parent Relationship": "Inner", "Scan Direction": "Forward", "Index Name": "name_pkey", "Relation Name": "name", "Alias": "n", "Startup Cost": 0.0, "Total Cost": 0.49, "Plan Rows": 1, "Plan Width": 4, "Index Cond": "(id = ci.person_id)", "Filter": "((gender)::text = 'm'::text)"}]}]}, "Unique SQL Id": 3913857139, "Planner Runtime": 17}, "explain_analyze_plan": {"Plan": {"Node Type": "Aggregate", "Strategy": "Plain", "Startup Cost": 404251.85, "Total Cost": 404251.86, "Plan Rows": 1, "Plan Width": 160, "Actual Startup Time": 19189.739, "Actual Total Time": 19189.74, "Actual Rows": 1, "Actual Loops": 1, "Plans": [{"Node Type": "Nested Loop", "Parent Relationship": "Outer", "Join Type": "Inner", "Startup Cost": 401042.42, "Total Cost": 404241.25, "Plan Rows": 1413, "Plan Width": 64, "Actual Startup Time": 9220.051, "Actual Total Time": 19155.7, "Actual Rows": 28073, "Actual Loops": 1, "Inner Unique": true, "Plans": [{"Node Type": "Nested Loop", "Parent Relationship": "Outer", "Join Type": "Inner", "Startup Cost": 401042.42, "Total Cost": 403661.99, "Plan Rows": 1155, "Plan Width": 68, "Actual Startup Time": 9218.293, "Actual Total Time": 18741.999, "Actual Rows": 54155, "Actual Loops": 1, "Inner Unique": false, "Plans": [{"Node Type": "Nested Loop", "Parent Relationship": "Outer", "Join Type": "Inner", "Startup Cost": 401042.42, "Total Cost": 402600.36, "Plan Rows": 1044, "Plan Width": 76, "Actual Startup Time": 9216.407, "Actual Total Time": 9811.425, "Actual Rows": 102516, "Actual Loops": 1, "Inner Unique": true, "Join Filter": "(mi.movie_id = t.id)", "Rows Removed by Join Filter": 0, "Plans": [{"Node Type": "Merge Join", "Parent Relationship": "Outer", "Join Type": "Inner", "Startup Cost": 401042.42, "Total Cost": 402172.16, "Plan Rows": 1044, "Plan Width": 55, "Actual Startup Time": 9216.371, "Actual Total Time": 9269.221, "Actual Rows": 102516, "Actual Loops": 1, "Inner Unique": false, "Merge Cond": "(it1.id = mi.info_type_id)", "Plans": [{"Node Type": "Index Scan", "Parent Relationship": "Outer", "Scan Direction": "Forward", "Index Name": "info_type_pkey", "Relation Name": "info_type", "Alias": "it1", "Startup Cost": 0.0, "Total Cost": 14.21, "Plan Rows": 1, "Plan Width": 4, "Actual Startup Time": 0.027, "Actual Total Time": 0.086, "Actual Rows": 1, "Actual Loops": 1, "Filter": "((info)::text = 'genres'::text)", "Rows Removed by Filter": 111}, {"Node Type": "Sort", "Parent Relationship": "Inner", "Startup Cost": 400980.09, "Total Cost": 401552.66, "Plan Rows": 229029, "Plan Width": 59, "Actual Startup Time": 9216.335, "Actual Total Time": 9233.031, "Actual Rows": 102517, "Actual Loops": 1, "Sort Key": ["mi.info_type_id"], "Sort Method": "quicksort", "Sort Space Used": 12906, "Sort Space Type": "Memory", "Plans": [{"Node Type": "Nested Loop", "Parent Relationship": "Outer", "Join Type": "Inner", "Startup Cost": 0.0, "Total Cost": 380590.58, "Plan Rows": 229029, "Plan Width": 59, "Actual Startup Time": 0.752, "Actual Total Time": 9168.102, "Actual Rows": 104892, "Actual Loops": 1, "Inner Unique": false, "Plans": [{"Node Type": "Nested Loop", "Parent Relationship": "Outer", "Join Type": "Inner", "Startup Cost": 0.0, "Total Cost": 38338.2, "Plan Rows": 345008, "Plan Width": 9, "Actual Startup Time": 0.072, "Actual Total Time": 401.366, "Actual Rows": 459925, "Actual Loops": 1, "Inner Unique": false, "Plans": [{"Node Type": "Index Scan", "Parent Relationship": "Outer", "Scan Direction": "Forward", "Index Name": "info_type_pkey", "Relation Name": "info_type", "Alias": "it2", "Startup Cost": 0.0, "Total Cost": 14.21, "Plan Rows": 1, "Plan Width": 4, "Actual Startup Time": 0.055, "Actual Total Time": 0.065, "Actual Rows": 1, "Actual Loops": 1, "Filter": "((info)::text = 'votes'::text)", "Rows Removed by Filter": 111}, {"Node Type": "Index Scan", "Parent Relationship": "Inner", "Scan Direction": "Forward", "Index Name": "info_type_id_movie_info_idx", "Relation Name": "movie_info_idx", "Alias": "mi_idx", "Startup Cost": 0.0, "Total Cost": 34873.91, "Plan Rows": 345008, "Plan Width": 13, "Actual Startup Time": 0.014, "Actual Total Time": 294.389, "Actual Rows": 459925, "Actual Loops": 1, "Index Cond": "(info_type_id = it2.id), (LLVM Optimized, Jit Execute)", "Rows Removed by Index Recheck": 0}]}, {"Node Type": "Index Scan", "Parent Relationship": "Inner", "Scan Direction": "Forward", "Index Name": "movie_id_movie_info", "Relation Name": "movie_info", "Alias": "mi", "Startup Cost": 0.0, "Total Cost": 0.98, "Plan Rows": 1, "Plan Width": 50, "Actual Startup Time": 8350.571, "Actual Total Time": 8507.136, "Actual Rows": 104892, "Actual Loops": 459925, "Index Cond": "(movie_id = mi_idx.movie_id)", "Rows Removed by Index Recheck": 0, "Filter": "((info)::text = ANY ('{Horror,Action,Sci-Fi,Thriller,Crime,War}'::text[]))", "Rows Removed by Filter": 6825442}]}]}]}, {"Node Type": "Index Scan", "Parent Relationship": "Inner", "Scan Direction": "Forward", "Index Name": "title_pkey", "Relation Name": "title", "Alias": "t", "Startup Cost": 0.0, "Total Cost": 0.4, "Plan Rows": 1, "Plan Width": 21, "Actual Startup Time": 437.565, "Actual Total Time": 437.565, "Actual Rows": 102516, "Actual Loops": 102516, "Index Cond": "(id = mi_idx.movie_id)", "Rows Removed by Index Recheck": 0}]}, {"Node Type": "Index Scan", "Parent Relationship": "Inner", "Scan Direction": "Forward", "Index Name": "movie_id_cast_info", "Relation Name": "cast_info", "Alias": "ci", "Startup Cost": 0.0, "Total Cost": 1.01, "Plan Rows": 1, "Plan Width": 8, "Actual Startup Time": 7552.834, "Actual Total Time": 8860.355, "Actual Rows": 54155, "Actual Loops": 102516, "Index Cond": "(movie_id = t.id)", "Rows Removed by Index Recheck": 0, "Filter": "((note)::text = ANY ('{(writer),\"(head writer)\",\"(written by)\",(story),\"(story editor)\"}'::text[]))", "Rows Removed by Filter": 3987641}]}, {"Node Type": "Index Scan", "Parent Relationship": "Inner", "Scan Direction": "Forward", "Index Name": "name_pkey", "Relation Name": "name", "Alias": "n", "Startup Cost": 0.0, "Total Cost": 0.49, "Plan Rows": 1, "Plan Width": 4, "Actual Startup Time": 370.794, "Actual Total Time": 370.794, "Actual Rows": 28073, "Actual Loops": 54155, "Index Cond": "(id = ci.person_id)", "Rows Removed by Index Recheck": 0, "Filter": "((gender)::text = 'm'::text)", "Rows Removed by Filter": 26082}]}]}, "Triggers": [], "Planner Runtime": 17, "Total Runtime": 19198.734, "Unique SQL Id": 3913857139}}, "(16, 94)": {"explain_plan": {"Plan": {"Node Type": "Aggregate", "Strategy": "Plain", "Startup Cost": 4074051715316.98, "Total Cost": 4074051715316.99, "Plan Rows": 1, "Plan Width": 160, "Plans": [{"Node Type": "Merge Join", "Parent Relationship": "Outer", "Join Type": "Inner", "Startup Cost": 3084766667900.89, "Total Cost": 4074051715306.39, "Plan Rows": 1413, "Plan Width": 64, "Inner Unique": false, "Merge Cond": "(t.id = mi.movie_id)", "Plans": [{"Node Type": "Index Scan", "Parent Relationship": "Outer", "Scan Direction": "Forward", "Index Name": "title_pkey", "Relation Name": "title", "Alias": "t", "Startup Cost": 10000000000.0, "Total Cost": 1000011012048.91, "Plan Rows": 2528311, "Plan Width": 21}, {"Node Type": "Sort", "Parent Relationship": "Inner", "Startup Cost": 3074741998983.92, "Total Cost": 3074741998987.45, "Plan Rows": 1413, "Plan Width": 59, "Sort Key": ["ci.movie_id"], "Plans": [{"Node Type": "Merge Join", "Parent Relationship": "Outer", "Join Type": "Inner", "Startup Cost": 2110233721907.87, "Total Cost": 3074741998909.98, "Plan Rows": 1413, "Plan Width": 59, "Inner Unique": false, "Merge Cond": "(n.id = ci.person_id)", "Plans": [{"Node Type": "Index Scan", "Parent Relationship": "Outer", "Scan Direction": "Forward", "Index Name": "name_pkey", "Relation Name": "name", "Alias": "n", "Startup Cost": 10000000000.0, "Total Cost": 1000018665147.2, "Plan Rows": 1740714, "Plan Width": 4, "Filter": "((gender)::text = 'm'::text), (LLVM Optimized)"}, {"Node Type": "Sort", "Parent Relationship": "Inner", "Startup Cost": 2100233721907.87, "Total Cost": 2100233721910.76, "Plan Rows": 1155, "Plan Width": 63, "Sort Key": ["ci.person_id"], "Plans": [{"Node Type": "Merge Join", "Parent Relationship": "Outer", "Join Type": "Inner", "Startup Cost": 1110026982586.75, "Total Cost": 2100233721849.12, "Plan Rows": 1155, "Plan Width": 63, "Inner Unique": false, "Merge Cond": "(ci.movie_id = mi.movie_id)", "Plans": [{"Node Type": "Index Scan", "Parent Relationship": "Outer", "Scan Direction": "Forward", "Index Name": "movie_id_cast_info", "Relation Name": "cast_info", "Alias": "ci", "Startup Cost": 10000000000.0, "Total Cost": 1000228594573.05, "Plan Rows": 1223154, "Plan Width": 8, "Filter": "((note)::text = ANY ('{(writer),\"(head writer)\",\"(written by)\",(story),\"(story editor)\"}'::text[]))"}, {"Node Type": "Sort", "Parent Relationship": "Inner", "Startup Cost": 1100005124200.86, "Total Cost": 1100005124203.47, "Plan Rows": 1044, "Plan Width": 55, "Sort Key": ["mi.movie_id"], "Plans": [{"Node Type": "Merge Join", "Parent Relationship": "Outer", "Join Type": "Inner", "Startup Cost": 1100005124117.2, "Total Cost": 1100005124148.51, "Plan Rows": 1044, "Plan Width": 55, "Inner Unique": true, "Merge Cond": "(mi_idx.info_type_id = it2.id)", "Plans": [{"Node Type": "Sort", "Parent Relationship": "Outer", "Startup Cost": 1100005124112.17, "Total Cost": 1100005124122.61, "Plan Rows": 4175, "Plan Width": 59, "Sort Key": ["mi_idx.info_type_id"], "Plans": [{"Node Type": "Merge Join", "Parent Relationship": "Outer", "Join Type": "Inner", "Startup Cost": 110020556869.08, "Total Cost": 1100005123861.09, "Plan Rows": 4175, "Plan Width": 59, "Inner Unique": false, "Merge Cond": "(mi_idx.movie_id = mi.movie_id)", "Plans": [{"Node Type": "Index Scan", "Parent Relationship": "Outer", "Scan Direction": "Forward", "Index Name": "movie_id_movie_info_idx", "Relation Name": "movie_info_idx", "Alias": "mi_idx", "Startup Cost": 10000000000.0, "Total Cost": 1000004650035.37, "Plan Rows": 1380034, "Plan Width": 13}, {"Node Type": "Sort", "Parent Relationship": "Inner", "Startup Cost": 100000470313.03, "Total Cost": 100000470319.82, "Plan Rows": 2717, "Plan Width": 46, "Sort Key": ["mi.movie_id"], "Plans": [{"Node Type": "Nested Loop", "Parent Relationship": "Outer", "Join Type": "Inner", "Startup Cost": 10000000000.0, "Total Cost": 100000470158.05, "Plan Rows": 2717, "Plan Width": 46, "Inner Unique": false, "Join Filter": "(it1.id = mi.info_type_id)", "Plans": [{"Node Type": "Seq Scan", "Parent Relationship": "Outer", "Relation Name": "info_type", "Alias": "it1", "Startup Cost": 0.0, "Total Cost": 2.4, "Plan Rows": 1, "Plan Width": 4, "Filter": "((info)::text = 'genres'::text)"}, {"Node Type": "Materialize", "Parent Relationship": "Inner", "Startup Cost": 0.0, "Total Cost": 45111.71, "Plan Rows": 190170, "Plan Width": 50, "Plans": [{"Node Type": "Streaming(type: LOCAL GATHER dop: 1/16)", "Parent Relationship": "Outer", "Startup Cost": 0.0, "Total Cost": 44636.28, "Plan Rows": 190170, "Plan Width": 50, "Plans": [{"Node Type": "Seq Scan", "Parent Relationship": "Outer", "Relation Name": "movie_info", "Alias": "mi", "Startup Cost": 0.0, "Total Cost": 40532.03, "Plan Rows": 190170, "Plan Width": 50, "Filter": "((info)::text = ANY ('{Horror,Action,Sci-Fi,Thriller,Crime,War}'::text[]))"}]}]}]}]}]}]}, {"Node Type": "Sort", "Parent Relationship": "Inner", "Startup Cost": 2.41, "Total Cost": 2.42, "Plan Rows": 1, "Plan Width": 4, "Sort Key": ["it2.id"], "Plans": [{"Node Type": "Seq Scan", "Parent Relationship": "Outer", "Relation Name": "info_type", "Alias": "it2", "Startup Cost": 0.0, "Total Cost": 2.4, "Plan Rows": 1, "Plan Width": 4, "Filter": "((info)::text = 'votes'::text)"}]}]}]}]}]}]}]}]}]}, "Unique SQL Id": 3913857139, "Planner Runtime": 66}, "explain_analyze_plan": null}, "(16, 95)": {"explain_plan": {"Plan": {"Node Type": "Aggregate", "Strategy": "Plain", "Startup Cost": 6972220946043.58, "Total Cost": 6972220946043.59, "Plan Rows": 1, "Plan Width": 160, "Plans": [{"Node Type": "Merge Join", "Parent Relationship": "Outer", "Join Type": "Inner", "Startup Cost": 5982220944123.28, "Total Cost": 6972220946032.99, "Plan Rows": 1413, "Plan Width": 64, "Inner Unique": true, "Merge Cond": "(mi.info_type_id = it1.id)", "Plans": [{"Node Type": "Sort", "Parent Relationship": "Outer", "Startup Cost": 5972220944096.37, "Total Cost": 5972220944343.58, "Plan Rows": 98885, "Plan Width": 68, "Sort Key": ["mi.info_type_id"], "Plans": [{"Node Type": "Merge Join", "Parent Relationship": "Outer", "Join Type": "Inner", "Startup Cost": 3994673638411.73, "Total Cost": 5972220935892.14, "Plan Rows": 98885, "Plan Width": 68, "Inner Unique": false, "Merge Cond": "(t.id = mi_idx.movie_id)", "Plans": [{"Node Type": "Merge Join", "Parent Relationship": "Outer", "Join Type": "Inner", "Startup Cost": 20024668916.98, "Total Cost": 1999424688065.12, "Plan Rows": 190170, "Plan Width": 71, "Inner Unique": true, "Merge Cond": "(mi.movie_id = t.id)", "Plans": [{"Node Type": "Index Scan", "Parent Relationship": "Outer", "Scan Direction": "Forward", "Index Name": "movie_id_movie_info", "Relation Name": "movie_info", "Alias": "mi", "Startup Cost": 10000000000.0, "Total Cost": 1000114969386.72, "Plan Rows": 190170, "Plan Width": 50, "Filter": "((info)::text = ANY ('{Horror,Action,Sci-Fi,Thriller,Crime,War}'::text[]))"}, {"Node Type": "Index Scan", "Parent Relationship": "Inner", "Scan Direction": "Forward", "Index Name": "title_pkey", "Relation Name": "title", "Alias": "t", "Startup Cost": 10000000000.0, "Total Cost": 1000011012048.91, "Plan Rows": 2528311, "Plan Width": 21}]}, {"Node Type": "Sort", "Parent Relationship": "Inner", "Startup Cost": 3974648969494.74, "Total Cost": 3974648970662.15, "Plan Rows": 466965, "Plan Width": 13, "Sort Key": ["ci.movie_id"], "Plans": [{"Node Type": "Merge Join", "Parent Relationship": "Outer", "Join Type": "Inner", "Startup Cost": 3010140641964.01, "Total Cost": 3974648925523.08, "Plan Rows": 466965, "Plan Width": 13, "Inner Unique": true, "Merge Cond": "(ci.person_id = n.id)", "Plans": [{"Node Type": "Sort", "Parent Relationship": "Outer", "Startup Cost": 3000140641963.95, "Total Cost": 3000140642918.23, "Plan Rows": 381713, "Plan Width": 17, "Sort Key": ["ci.person_id"], "Plans": [{"Node Type": "Merge Join", "Parent Relationship": "Outer", "Join Type": "Inner", "Startup Cost": 2010001865471.59, "Total Cost": 3000140606575.09, "Plan Rows": 381713, "Plan Width": 17, "Inner Unique": false, "Merge Cond": "(ci.movie_id = mi_idx.movie_id)", "Plans": [{"Node Type": "Index Scan", "Parent Relationship": "Outer", "Scan Direction": "Forward", "Index Name": "movie_id_cast_info", "Relation Name": "cast_info", "Alias": "ci", "Startup Cost": 10000000000.0, "Total Cost": 1000228594573.05, "Plan Rows": 1223154, "Plan Width": 8, "Filter": "((note)::text = ANY ('{(writer),\"(head writer)\",\"(written by)\",(story),\"(story editor)\"}'::text[]))"}, {"Node Type": "Sort", "Parent Relationship": "Inner", "Startup Cost": 2000001865471.58, "Total Cost": 2000001866334.1, "Plan Rows": 345008, "Plan Width": 9, "Sort Key": ["mi_idx.movie_id"], "Plans": [{"Node Type": "Nested Loop", "Parent Relationship": "Outer", "Join Type": "Inner", "Startup Cost": 20000007502.06, "Total Cost": 2000001833737.28, "Plan Rows": 345008, "Plan Width": 9, "Inner Unique": false, "Plans": [{"Node Type": "Index Scan", "Parent Relationship": "Outer", "Scan Direction": "Forward", "Index Name": "info_type_pkey", "Relation Name": "info_type", "Alias": "it2", "Startup Cost": 10000000000.0, "Total Cost": 1000000001421.0, "Plan Rows": 1, "Plan Width": 4, "Filter": "((info)::text = 'votes'::text)"}, {"Node Type": "Bitmap Heap Scan", "Parent Relationship": "Inner", "Relation Name": "movie_info_idx", "Alias": "mi_idx", "Startup Cost": 10000007502.06, "Total Cost": 1000001828866.2, "Plan Rows": 345008, "Plan Width": 13, "Recheck Cond": "(info_type_id = it2.id), (LLVM Optimized)", "Plans": [{"Node Type": "Bitmap Index Scan", "Parent Relationship": "Outer", "Index Name": "info_type_id_movie_info_idx", "Startup Cost": 0.0, "Total Cost": 7415.81, "Plan Rows": 345008, "Plan Width": 0, "Index Cond": "(info_type_id = it2.id)"}]}]}]}]}]}, {"Node Type": "Index Scan", "Parent Relationship": "Inner", "Scan Direction": "Forward", "Index Name": "name_pkey", "Relation Name": "name", "Alias": "n", "Startup Cost": 10000000000.0, "Total Cost": 1000018665147.2, "Plan Rows": 1740714, "Plan Width": 4, "Filter": "((gender)::text = 'm'::text), (LLVM Optimized)"}]}]}]}]}, {"Node Type": "Materialize", "Parent Relationship": "Inner", "Startup Cost": 10000000000.0, "Total Cost": 1000000001421.0, "Plan Rows": 1, "Plan Width": 4, "Plans": [{"Node Type": "Index Scan", "Parent Relationship": "Outer", "Scan Direction": "Forward", "Index Name": "info_type_pkey", "Relation Name": "info_type", "Alias": "it1", "Startup Cost": 10000000000.0, "Total Cost": 1000000001421.0, "Plan Rows": 1, "Plan Width": 4, "Filter": "((info)::text = 'genres'::text)"}]}]}]}, "Unique SQL Id": 3913857139, "Planner Runtime": 98}, "explain_analyze_plan": null}, "(16, 96)": {"explain_plan": {"Plan": {"Node Type": "Aggregate", "Strategy": "Plain", "Startup Cost": 48970.06, "Total Cost": 48970.07, "Plan Rows": 1, "Plan Width": 160, "Plans": [{"Node Type": "Nested Loop", "Parent Relationship": "Outer", "Join Type": "Inner", "Startup Cost": 4.83, "Total Cost": 48959.46, "Plan Rows": 1413, "Plan Width": 64, "Inner Unique": true, "Plans": [{"Node Type": "Nested Loop", "Parent Relationship": "Outer", "Join Type": "Inner", "Startup Cost": 4.83, "Total Cost": 48380.19, "Plan Rows": 1155, "Plan Width": 68, "Inner Unique": false, "Plans": [{"Node Type": "Nested Loop", "Parent Relationship": "Outer", "Join Type": "Inner", "Startup Cost": 4.83, "Total Cost": 47318.56, "Plan Rows": 1044, "Plan Width": 76, "Inner Unique": true, "Join Filter": "(mi.movie_id = t.id)", "Plans": [{"Node Type": "Hash Join", "Parent Relationship": "Outer", "Join Type": "Inner", "Startup Cost": 4.83, "Total Cost": 46890.37, "Plan Rows": 1044, "Plan Width": 55, "Inner Unique": true, "Hash Cond": "(mi_idx.info_type_id = it2.id)", "Plans": [{"Node Type": "Nested Loop", "Parent Relationship": "Outer", "Join Type": "Inner", "Startup Cost": 2.41, "Total Cost": 46867.05, "Plan Rows": 4175, "Plan Width": 59, "Inner Unique": false, "Plans": [{"Node Type": "Hash Join", "Parent Relationship": "Outer", "Join Type": "Inner", "Startup Cost": 2.41, "Total Cost": 45379.0, "Plan Rows": 2717, "Plan Width": 46, "Inner Unique": true, "Hash Cond": "(mi.info_type_id = it1.id)", "Plans": [{"Node Type": "Streaming(type: LOCAL GATHER dop: 1/16)", "Parent Relationship": "Outer", "Startup Cost": 0.0, "Total Cost": 44636.28, "Plan Rows": 190170, "Plan Width": 50, "Plans": [{"Node Type": "Seq Scan", "Parent Relationship": "Outer", "Relation Name": "movie_info", "Alias": "mi", "Startup Cost": 0.0, "Total Cost": 40532.03, "Plan Rows": 190170, "Plan Width": 50, "Filter": "((info)::text = ANY ('{Horror,Action,Sci-Fi,Thriller,Crime,War}'::text[]))"}]}, {"Node Type": "Hash", "Parent Relationship": "Inner", "Startup Cost": 2.4, "Total Cost": 2.4, "Plan Rows": 1, "Plan Width": 4, "Plans": [{"Node Type": "Seq Scan", "Parent Relationship": "Outer", "Relation Name": "info_type", "Alias": "it1", "Startup Cost": 0.0, "Total Cost": 2.4, "Plan Rows": 1, "Plan Width": 4, "Filter": "((info)::text = 'genres'::text)"}]}]}, {"Node Type": "Index Scan", "Parent Relationship": "Inner", "Scan Direction": "Forward", "Index Name": "movie_id_movie_info_idx", "Relation Name": "movie_info_idx", "Alias": "mi_idx", "Startup Cost": 0.0, "Total Cost": 0.53, "Plan Rows": 2, "Plan Width": 13, "Index Cond": "(movie_id = mi.movie_id)"}]}, {"Node Type": "Hash", "Parent Relationship": "Inner", "Startup Cost": 2.4, "Total Cost": 2.4, "Plan Rows": 1, "Plan Width": 4, "Plans": [{"Node Type": "Seq Scan", "Parent Relationship": "Outer", "Relation Name": "info_type", "Alias": "it2", "Startup Cost": 0.0, "Total Cost": 2.4, "Plan Rows": 1, "Plan Width": 4, "Filter": "((info)::text = 'votes'::text)"}]}]}, {"Node Type": "Index Scan", "Parent Relationship": "Inner", "Scan Direction": "Forward", "Index Name": "title_pkey", "Relation Name": "title", "Alias": "t", "Startup Cost": 0.0, "Total Cost": 0.4, "Plan Rows": 1, "Plan Width": 21, "Index Cond": "(id = mi_idx.movie_id)"}]}, {"Node Type": "Index Scan", "Parent Relationship": "Inner", "Scan Direction": "Forward", "Index Name": "movie_id_cast_info", "Relation Name": "cast_info", "Alias": "ci", "Startup Cost": 0.0, "Total Cost": 1.01, "Plan Rows": 1, "Plan Width": 8, "Index Cond": "(movie_id = t.id)", "Filter": "((note)::text = ANY ('{(writer),\"(head writer)\",\"(written by)\",(story),\"(story editor)\"}'::text[]))"}]}, {"Node Type": "Index Scan", "Parent Relationship": "Inner", "Scan Direction": "Forward", "Index Name": "name_pkey", "Relation Name": "name", "Alias": "n", "Startup Cost": 0.0, "Total Cost": 0.49, "Plan Rows": 1, "Plan Width": 4, "Index Cond": "(id = ci.person_id)", "Filter": "((gender)::text = 'm'::text)"}]}]}, "Unique SQL Id": 3913857139, "Planner Runtime": 75}, "explain_analyze_plan": {"Plan": {"Node Type": "Aggregate", "Strategy": "Plain", "Startup Cost": 48970.06, "Total Cost": 48970.07, "Plan Rows": 1, "Plan Width": 160, "Actual Min Startup Time": 11428.354, "Actual Max Startup Time": 11428.354, "Actual Min Total Time": 11428.354, "Actual Max Total Time": 11428.354, "Plans": [{"Node Type": "Nested Loop", "Parent Relationship": "Outer", "Join Type": "Inner", "Startup Cost": 4.83, "Total Cost": 48959.46, "Plan Rows": 1413, "Plan Width": 64, "Actual Min Startup Time": 421.357, "Actual Max Startup Time": 421.357, "Actual Min Total Time": 11391.752, "Actual Max Total Time": 11391.752, "Inner Unique": true, "Plans": [{"Node Type": "Nested Loop", "Parent Relationship": "Outer", "Join Type": "Inner", "Startup Cost": 4.83, "Total Cost": 48380.19, "Plan Rows": 1155, "Plan Width": 68, "Actual Min Startup Time": 421.33, "Actual Max Startup Time": 421.33, "Actual Min Total Time": 10978.419, "Actual Max Total Time": 10978.419, "Inner Unique": false, "Plans": [{"Node Type": "Nested Loop", "Parent Relationship": "Outer", "Join Type": "Inner", "Startup Cost": 4.83, "Total Cost": 47318.56, "Plan Rows": 1044, "Plan Width": 76, "Actual Min Startup Time": 420.004, "Actual Max Startup Time": 420.004, "Actual Min Total Time": 2049.757, "Actual Max Total Time": 2049.757, "Inner Unique": true, "Join Filter": "(mi.movie_id = t.id)", "Rows Removed by Join Filter": 0, "Plans": [{"Node Type": "Hash Join", "Parent Relationship": "Outer", "Join Type": "Inner", "Startup Cost": 4.83, "Total Cost": 46890.37, "Plan Rows": 1044, "Plan Width": 55, "Actual Min Startup Time": 419.982, "Actual Max Startup Time": 419.982, "Actual Min Total Time": 1501.868, "Actual Max Total Time": 1501.868, "Inner Unique": true, "Hash Cond": "(mi_idx.info_type_id = it2.id)", "Plans": [{"Node Type": "Nested Loop", "Parent Relationship": "Outer", "Join Type": "Inner", "Startup Cost": 2.41, "Total Cost": 46867.05, "Plan Rows": 4175, "Plan Width": 59, "Actual Min Startup Time": 419.853, "Actual Max Startup Time": 419.853, "Actual Min Total Time": 1408.474, "Actual Max Total Time": 1408.474, "Inner Unique": false, "Plans": [{"Node Type": "Hash Join", "Parent Relationship": "Outer", "Join Type": "Inner", "Startup Cost": 2.41, "Total Cost": 45379.0, "Plan Rows": 2717, "Plan Width": 46, "Actual Min Startup Time": 419.811, "Actual Max Startup Time": 419.811, "Actual Min Total Time": 588.454, "Actual Max Total Time": 588.454, "Inner Unique": true, "Hash Cond": "(mi.info_type_id = it1.id)", "Plans": [{"Node Type": "Streaming(type: LOCAL GATHER dop: 1/16)", "Parent Relationship": "Outer", "Startup Cost": 0.0, "Total Cost": 44636.28, "Plan Rows": 190170, "Plan Width": 50, "Actual Min Startup Time": 297.016, "Actual Max Startup Time": 297.016, "Actual Min Total Time": 485.889, "Actual Max Total Time": 485.889, "Plans": [{"Node Type": "Seq Scan", "Parent Relationship": "Outer", "Relation Name": "movie_info", "Alias": "mi", "Startup Cost": 0.0, "Total Cost": 40532.03, "Plan Rows": 190170, "Plan Width": 50, "Actual Min Startup Time": 226.105, "Actual Max Startup Time": 409.58, "Actual Min Total Time": 457.151, "Actual Max Total Time": 472.431, "Filter": "((info)::text = ANY ('{Horror,Action,Sci-Fi,Thriller,Crime,War}'::text[]))", "Rows Removed by Filter": 14646748, "Actual Rows": 188971}], "Actual Rows": 188971}, {"Node Type": "Hash", "Parent Relationship": "Inner", "Startup Cost": 2.4, "Total Cost": 2.4, "Plan Rows": 1, "Plan Width": 4, "Actual Min Startup Time": 0.047, "Actual Max Startup Time": 0.047, "Actual Min Total Time": 0.047, "Actual Max Total Time": 0.047, "Max Hash Buckets": 32768, "Min Hash Buckets": 32768, "Max Hash Batches": 1, "Min Hash Batches": 1, "Max Original Hash Batches": 1, "Min Original Hash Batches": 1, "Max Peak Memory Usage": 1, "min Peak Memory Usage": 1, "Plans": [{"Node Type": "Seq Scan", "Parent Relationship": "Outer", "Relation Name": "info_type", "Alias": "it1", "Startup Cost": 0.0, "Total Cost": 2.4, "Plan Rows": 1, "Plan Width": 4, "Actual Min Startup Time": 0.019, "Actual Max Startup Time": 0.019, "Actual Min Total Time": 0.041, "Actual Max Total Time": 0.041, "Filter": "((info)::text = 'genres'::text)", "Rows Removed by Filter": 111, "Actual Rows": 1}], "Actual Rows": 1}], "Actual Rows": 186594}, {"Node Type": "Index Scan", "Parent Relationship": "Inner", "Scan Direction": "Forward", "Index Name": "movie_id_movie_info_idx", "Relation Name": "movie_info_idx", "Alias": "mi_idx", "Startup Cost": 0.0, "Total Cost": 0.53, "Plan Rows": 2, "Plan Width": 13, "Actual Min Startup Time": 534.672, "Actual Max Startup Time": 534.672, "Actual Min Total Time": 652.765, "Actual Max Total Time": 652.765, "Index Cond": "(movie_id = mi.movie_id)", "Rows Removed by Index Recheck": 0, "Actual Rows": 307785}], "Actual Rows": 307785}, {"Node Type": "Hash", "Parent Relationship": "Inner", "Startup Cost": 2.4, "Total Cost": 2.4, "Plan Rows": 1, "Plan Width": 4, "Actual Min Startup Time": 0.075, "Actual Max Startup Time": 0.075, "Actual Min Total Time": 0.075, "Actual Max Total Time": 0.075, "Max Hash Buckets": 32768, "Min Hash Buckets": 32768, "Max Hash Batches": 1, "Min Hash Batches": 1, "Max Original Hash Batches": 1, "Min Original Hash Batches": 1, "Max Peak Memory Usage": 1, "min Peak Memory Usage": 1, "Plans": [{"Node Type": "Seq Scan", "Parent Relationship": "Outer", "Relation Name": "info_type", "Alias": "it2", "Startup Cost": 0.0, "Total Cost": 2.4, "Plan Rows": 1, "Plan Width": 4, "Actual Min Startup Time": 0.062, "Actual Max Startup Time": 0.062, "Actual Min Total Time": 0.068, "Actual Max Total Time": 0.068, "Filter": "((info)::text = 'votes'::text)", "Rows Removed by Filter": 111, "Actual Rows": 1}], "Actual Rows": 1}], "Actual Rows": 102516}, {"Node Type": "Index Scan", "Parent Relationship": "Inner", "Scan Direction": "Forward", "Index Name": "title_pkey", "Relation Name": "title", "Alias": "t", "Startup Cost": 0.0, "Total Cost": 0.4, "Plan Rows": 1, "Plan Width": 21, "Actual Min Startup Time": 443.111, "Actual Max Startup Time": 443.111, "Actual Min Total Time": 443.111, "Actual Max Total Time": 443.111, "Index Cond": "(id = mi_idx.movie_id)", "Rows Removed by Index Recheck": 0, "Actual Rows": 102516}], "Actual Rows": 102516}, {"Node Type": "Index Scan", "Parent Relationship": "Inner", "Scan Direction": "Forward", "Index Name": "movie_id_cast_info", "Relation Name": "cast_info", "Alias": "ci", "Startup Cost": 0.0, "Total Cost": 1.01, "Plan Rows": 1, "Plan Width": 8, "Actual Min Startup Time": 7551.12, "Actual Max Startup Time": 7551.12, "Actual Min Total Time": 8858.779, "Actual Max Total Time": 8858.779, "Index Cond": "(movie_id = t.id)", "Rows Removed by Index Recheck": 0, "Filter": "((note)::text = ANY ('{(writer),\"(head writer)\",\"(written by)\",(story),\"(story editor)\"}'::text[]))", "Rows Removed by Filter": 3987641, "Actual Rows": 54155}], "Actual Rows": 54155}, {"Node Type": "Index Scan", "Parent Relationship": "Inner", "Scan Direction": "Forward", "Index Name": "name_pkey", "Relation Name": "name", "Alias": "n", "Startup Cost": 0.0, "Total Cost": 0.49, "Plan Rows": 1, "Plan Width": 4, "Actual Min Startup Time": 368.426, "Actual Max Startup Time": 368.426, "Actual Min Total Time": 368.426, "Actual Max Total Time": 368.426, "Index Cond": "(id = ci.person_id)", "Rows Removed by Index Recheck": 0, "Filter": "((gender)::text = 'm'::text)", "Rows Removed by Filter": 26082, "Actual Rows": 28073}], "Actual Rows": 28073}], "Actual Rows": 1}, "Triggers": [], "Planner Runtime": 87, "Total Runtime": 11431.111, "Unique SQL Id": 3913857139}}, "(16, 97)": {"explain_plan": {"Plan": {"Node Type": "Aggregate", "Strategy": "Plain", "Startup Cost": 169731.13, "Total Cost": 169731.14, "Plan Rows": 1, "Plan Width": 160, "Plans": [{"Node Type": "Nested Loop", "Parent Relationship": "Outer", "Join Type": "Inner", "Startup Cost": 4842.14, "Total Cost": 169720.53, "Plan Rows": 1413, "Plan Width": 64, "Inner Unique": true, "Plans": [{"Node Type": "Nested Loop", "Parent Relationship": "Outer", "Join Type": "Inner", "Startup Cost": 4842.14, "Total Cost": 169141.26, "Plan Rows": 1155, "Plan Width": 68, "Inner Unique": false, "Plans": [{"Node Type": "Nested Loop", "Parent Relationship": "Outer", "Join Type": "Inner", "Startup Cost": 4842.14, "Total Cost": 168079.63, "Plan Rows": 1044, "Plan Width": 76, "Inner Unique": true, "Join Filter": "(mi.movie_id = t.id)", "Plans": [{"Node Type": "Nested Loop", "Parent Relationship": "Outer", "Join Type": "Inner", "Startup Cost": 4842.14, "Total Cost": 167651.44, "Plan Rows": 1044, "Plan Width": 55, "Inner Unique": true, "Plans": [{"Node Type": "Nested Loop", "Parent Relationship": "Outer", "Join Type": "Inner", "Startup Cost": 4842.14, "Total Cost": 166471.96, "Plan Rows": 4175, "Plan Width": 59, "Inner Unique": false, "Plans": [{"Node Type": "Nested Loop", "Parent Relationship": "Outer", "Join Type": "Inner", "Startup Cost": 4842.14, "Total Cost": 164983.91, "Plan Rows": 2717, "Plan Width": 46, "Inner Unique": false, "Plans": [{"Node Type": "Index Scan", "Parent Relationship": "Outer", "Scan Direction": "Forward", "Index Name": "info_type_pkey", "Relation Name": "info_type", "Alias": "it1", "Startup Cost": 0.0, "Total Cost": 14.21, "Plan Rows": 1, "Plan Width": 4, "Filter": "((info)::text = 'genres'::text)"}, {"Node Type": "Bitmap Heap Scan", "Parent Relationship": "Inner", "Relation Name": "movie_info", "Alias": "mi", "Startup Cost": 4842.14, "Total Cost": 164942.53, "Plan Rows": 2717, "Plan Width": 50, "Recheck Cond": "(info_type_id = it1.id)", "Filter": "((info)::text = ANY ('{Horror,Action,Sci-Fi,Thriller,Crime,War}'::text[]))", "Plans": [{"Node Type": "Bitmap Index Scan", "Parent Relationship": "Outer", "Index Name": "info_type_id_movie_info", "Startup Cost": 0.0, "Total Cost": 4841.46, "Plan Rows": 212428, "Plan Width": 0, "Index Cond": "(info_type_id = it1.id)"}]}]}, {"Node Type": "Index Scan", "Parent Relationship": "Inner", "Scan Direction": "Forward", "Index Name": "movie_id_movie_info_idx", "Relation Name": "movie_info_idx", "Alias": "mi_idx", "Startup Cost": 0.0, "Total Cost": 0.53, "Plan Rows": 2, "Plan Width": 13, "Index Cond": "(movie_id = mi.movie_id)"}]}, {"Node Type": "Index Scan", "Parent Relationship": "Inner", "Scan Direction": "Forward", "Index Name": "info_type_pkey", "Relation Name": "info_type", "Alias": "it2", "Startup Cost": 0.0, "Total Cost": 0.27, "Plan Rows": 1, "Plan Width": 4, "Index Cond": "(id = mi_idx.info_type_id)", "Filter": "((info)::text = 'votes'::text)"}]}, {"Node Type": "Index Scan", "Parent Relationship": "Inner", "Scan Direction": "Forward", "Index Name": "title_pkey", "Relation Name": "title", "Alias": "t", "Startup Cost": 0.0, "Total Cost": 0.4, "Plan Rows": 1, "Plan Width": 21, "Index Cond": "(id = mi_idx.movie_id)"}]}, {"Node Type": "Index Scan", "Parent Relationship": "Inner", "Scan Direction": "Forward", "Index Name": "movie_id_cast_info", "Relation Name": "cast_info", "Alias": "ci", "Startup Cost": 0.0, "Total Cost": 1.01, "Plan Rows": 1, "Plan Width": 8, "Index Cond": "(movie_id = t.id)", "Filter": "((note)::text = ANY ('{(writer),\"(head writer)\",\"(written by)\",(story),\"(story editor)\"}'::text[]))"}]}, {"Node Type": "Index Scan", "Parent Relationship": "Inner", "Scan Direction": "Forward", "Index Name": "name_pkey", "Relation Name": "name", "Alias": "n", "Startup Cost": 0.0, "Total Cost": 0.49, "Plan Rows": 1, "Plan Width": 4, "Index Cond": "(id = ci.person_id)", "Filter": "((gender)::text = 'm'::text)"}]}]}, "Unique SQL Id": 3913857139, "Planner Runtime": 23}, "explain_analyze_plan": {"Plan": {"Node Type": "Aggregate", "Strategy": "Plain", "Startup Cost": 169731.13, "Total Cost": 169731.14, "Plan Rows": 1, "Plan Width": 160, "Actual Startup Time": 12968.135, "Actual Total Time": 12968.135, "Actual Rows": 1, "Actual Loops": 1, "Plans": [{"Node Type": "Nested Loop", "Parent Relationship": "Outer", "Join Type": "Inner", "Startup Cost": 4842.14, "Total Cost": 169720.53, "Plan Rows": 1413, "Plan Width": 64, "Actual Startup Time": 184.302, "Actual Total Time": 12931.015, "Actual Rows": 28073, "Actual Loops": 1, "Inner Unique": true, "Plans": [{"Node Type": "Nested Loop", "Parent Relationship": "Outer", "Join Type": "Inner", "Startup Cost": 4842.14, "Total Cost": 169141.26, "Plan Rows": 1155, "Plan Width": 68, "Actual Startup Time": 181.84, "Actual Total Time": 12502.616, "Actual Rows": 54155, "Actual Loops": 1, "Inner Unique": false, "Plans": [{"Node Type": "Nested Loop", "Parent Relationship": "Outer", "Join Type": "Inner", "Startup Cost": 4842.14, "Total Cost": 168079.63, "Plan Rows": 1044, "Plan Width": 76, "Actual Startup Time": 178.896, "Actual Total Time": 3347.973, "Actual Rows": 102516, "Actual Loops": 1, "Inner Unique": true, "Join Filter": "(mi.movie_id = t.id)", "Rows Removed by Join Filter": 0, "Plans": [{"Node Type": "Nested Loop", "Parent Relationship": "Outer", "Join Type": "Inner", "Startup Cost": 4842.14, "Total Cost": 167651.44, "Plan Rows": 1044, "Plan Width": 55, "Actual Startup Time": 178.878, "Actual Total Time": 2777.15, "Actual Rows": 102516, "Actual Loops": 1, "Inner Unique": true, "Plans": [{"Node Type": "Nested Loop", "Parent Relationship": "Outer", "Join Type": "Inner", "Startup Cost": 4842.14, "Total Cost": 166471.96, "Plan Rows": 4175, "Plan Width": 59, "Actual Startup Time": 178.852, "Actual Total Time": 2027.523, "Actual Rows": 307785, "Actual Loops": 1, "Inner Unique": false, "Plans": [{"Node Type": "Nested Loop", "Parent Relationship": "Outer", "Join Type": "Inner", "Startup Cost": 4842.14, "Total Cost": 164983.91, "Plan Rows": 2717, "Plan Width": 46, "Actual Startup Time": 178.821, "Actual Total Time": 1170.201, "Actual Rows": 186594, "Actual Loops": 1, "Inner Unique": false, "Plans": [{"Node Type": "Index Scan", "Parent Relationship": "Outer", "Scan Direction": "Forward", "Index Name": "info_type_pkey", "Relation Name": "info_type", "Alias": "it1", "Startup Cost": 0.0, "Total Cost": 14.21, "Plan Rows": 1, "Plan Width": 4, "Actual Startup Time": 0.023, "Actual Total Time": 0.074, "Actual Rows": 1, "Actual Loops": 1, "Filter": "((info)::text = 'genres'::text)", "Rows Removed by Filter": 111}, {"Node Type": "Bitmap Heap Scan", "Parent Relationship": "Inner", "Relation Name": "movie_info", "Alias": "mi", "Startup Cost": 4842.14, "Total Cost": 164942.53, "Plan Rows": 2717, "Plan Width": 50, "Actual Startup Time": 178.792, "Actual Total Time": 1124.512, "Actual Rows": 186594, "Actual Loops": 1, "Recheck Cond": "(info_type_id = it1.id)", "Rows Removed by Index Recheck": 0, "Filter": "((info)::text = ANY ('{Horror,Action,Sci-Fi,Thriller,Crime,War}'::text[]))", "Rows Removed by Filter": 1347315, "Exact Heap Blocks": 7426, "Lossy Heap Blocks": 7426, "Plans": [{"Node Type": "Bitmap Index Scan", "Parent Relationship": "Outer", "Index Name": "info_type_id_movie_info", "Startup Cost": 0.0, "Total Cost": 4841.46, "Plan Rows": 212428, "Plan Width": 0, "Actual Startup Time": 177.414, "Actual Total Time": 177.414, "Actual Rows": 1533909, "Actual Loops": 1, "Index Cond": "(info_type_id = it1.id)"}]}]}, {"Node Type": "Index Scan", "Parent Relationship": "Inner", "Scan Direction": "Forward", "Index Name": "movie_id_movie_info_idx", "Relation Name": "movie_info_idx", "Alias": "mi_idx", "Startup Cost": 0.0, "Total Cost": 0.53, "Plan Rows": 2, "Plan Width": 13, "Actual Startup Time": 551.966, "Actual Total Time": 679.576, "Actual Rows": 307785, "Actual Loops": 186594, "Index Cond": "(movie_id = mi.movie_id)", "Rows Removed by Index Recheck": 0}]}, {"Node Type": "Index Scan", "Parent Relationship": "Inner", "Scan Direction": "Forward", "Index Name": "info_type_pkey", "Relation Name": "info_type", "Alias": "it2", "Startup Cost": 0.0, "Total Cost": 0.27, "Plan Rows": 1, "Plan Width": 4, "Actual Startup Time": 567.478, "Actual Total Time": 567.478, "Actual Rows": 102516, "Actual Loops": 307785, "Index Cond": "(id = mi_idx.info_type_id)", "Rows Removed by Index Recheck": 0, "Filter": "((info)::text = 'votes'::text)", "Rows Removed by Filter": 205269}]}, {"Node Type": "Index Scan", "Parent Relationship": "Inner", "Scan Direction": "Forward", "Index Name": "title_pkey", "Relation Name": "title", "Alias": "t", "Startup Cost": 0.0, "Total Cost": 0.4, "Plan Rows": 1, "Plan Width": 21, "Actual Startup Time": 450.604, "Actual Total Time": 450.604, "Actual Rows": 102516, "Actual Loops": 102516, "Index Cond": "(id = mi_idx.movie_id)", "Rows Removed by Index Recheck": 0}]}, {"Node Type": "Index Scan", "Parent Relationship": "Inner", "Scan Direction": "Forward", "Index Name": "movie_id_cast_info", "Relation Name": "cast_info", "Alias": "ci", "Startup Cost": 0.0, "Total Cost": 1.01, "Plan Rows": 1, "Plan Width": 8, "Actual Startup Time": 7737.744, "Actual Total Time": 9080.501, "Actual Rows": 54155, "Actual Loops": 102516, "Index Cond": "(movie_id = t.id)", "Rows Removed by Index Recheck": 0, "Filter": "((note)::text = ANY ('{(writer),\"(head writer)\",\"(written by)\",(story),\"(story editor)\"}'::text[]))", "Rows Removed by Filter": 3987641}]}, {"Node Type": "Index Scan", "Parent Relationship": "Inner", "Scan Direction": "Forward", "Index Name": "name_pkey", "Relation Name": "name", "Alias": "n", "Startup Cost": 0.0, "Total Cost": 0.49, "Plan Rows": 1, "Plan Width": 4, "Actual Startup Time": 382.451, "Actual Total Time": 382.451, "Actual Rows": 28073, "Actual Loops": 54155, "Index Cond": "(id = ci.person_id)", "Rows Removed by Index Recheck": 0, "Filter": "((gender)::text = 'm'::text)", "Rows Removed by Filter": 26082}]}]}, "Triggers": [], "Planner Runtime": 23, "Total Runtime": 12968.437, "Unique SQL Id": 3913857139}}, "(16, 98)": {"explain_plan": {"Plan": {"Node Type": "Aggregate", "Strategy": "Plain", "Startup Cost": 71747.63, "Total Cost": 71747.64, "Plan Rows": 1, "Plan Width": 160, "Plans": [{"Node Type": "Nested Loop", "Parent Relationship": "Outer", "Join Type": "Inner", "Startup Cost": 6.3, "Total Cost": 71737.03, "Plan Rows": 1413, "Plan Width": 64, "Inner Unique": true, "Plans": [{"Node Type": "Nested Loop", "Parent Relationship": "Outer", "Join Type": "Inner", "Startup Cost": 5.99, "Total Cost": 66731.61, "Plan Rows": 1155, "Plan Width": 68, "Inner Unique": false, "Plans": [{"Node Type": "Nested Loop", "Parent Relationship": "Outer", "Join Type": "Inner", "Startup Cost": 5.48, "Total Cost": 61888.94, "Plan Rows": 1044, "Plan Width": 76, "Inner Unique": true, "Join Filter": "(mi.movie_id = t.id)", "Plans": [{"Node Type": "Hash Join", "Parent Relationship": "Outer", "Join Type": "Inner", "Startup Cost": 5.19, "Total Cost": 57389.75, "Plan Rows": 1044, "Plan Width": 55, "Inner Unique": true, "Hash Cond": "(mi_idx.info_type_id = it2.id)", "Plans": [{"Node Type": "Nested Loop", "Parent Relationship": "Outer", "Join Type": "Inner", "Startup Cost": 2.78, "Total Cost": 57366.43, "Plan Rows": 4175, "Plan Width": 59, "Inner Unique": false, "Plans": [{"Node Type": "Hash Join", "Parent Relationship": "Outer", "Join Type": "Inner", "Startup Cost": 2.41, "Total Cost": 45379.0, "Plan Rows": 2717, "Plan Width": 46, "Inner Unique": true, "Hash Cond": "(mi.info_type_id = it1.id)", "Plans": [{"Node Type": "Streaming(type: LOCAL GATHER dop: 1/16)", "Parent Relationship": "Outer", "Startup Cost": 0.0, "Total Cost": 44636.28, "Plan Rows": 190170, "Plan Width": 50, "Plans": [{"Node Type": "Seq Scan", "Parent Relationship": "Outer", "Relation Name": "movie_info", "Alias": "mi", "Startup Cost": 0.0, "Total Cost": 40532.03, "Plan Rows": 190170, "Plan Width": 50, "Filter": "((info)::text = ANY ('{Horror,Action,Sci-Fi,Thriller,Crime,War}'::text[]))"}]}, {"Node Type": "Hash", "Parent Relationship": "Inner", "Startup Cost": 2.4, "Total Cost": 2.4, "Plan Rows": 1, "Plan Width": 4, "Plans": [{"Node Type": "Seq Scan", "Parent Relationship": "Outer", "Relation Name": "info_type", "Alias": "it1", "Startup Cost": 0.0, "Total Cost": 2.4, "Plan Rows": 1, "Plan Width": 4, "Filter": "((info)::text = 'genres'::text)"}]}]}, {"Node Type": "Bitmap Heap Scan", "Parent Relationship": "Inner", "Relation Name": "movie_info_idx", "Alias": "mi_idx", "Startup Cost": 0.37, "Total Cost": 4.39, "Plan Rows": 2, "Plan Width": 13, "Recheck Cond": "(movie_id = mi.movie_id)", "Plans": [{"Node Type": "Bitmap Index Scan", "Parent Relationship": "Outer", "Index Name": "movie_id_movie_info_idx", "Startup Cost": 0.0, "Total Cost": 0.37, "Plan Rows": 2, "Plan Width": 0, "Index Cond": "(movie_id = mi.movie_id)"}]}]}, {"Node Type": "Hash", "Parent Relationship": "Inner", "Startup Cost": 2.4, "Total Cost": 2.4, "Plan Rows": 1, "Plan Width": 4, "Plans": [{"Node Type": "Seq Scan", "Parent Relationship": "Outer", "Relation Name": "info_type", "Alias": "it2", "Startup Cost": 0.0, "Total Cost": 2.4, "Plan Rows": 1, "Plan Width": 4, "Filter": "((info)::text = 'votes'::text)"}]}]}, {"Node Type": "Bitmap Heap Scan", "Parent Relationship": "Inner", "Relation Name": "title", "Alias": "t", "Startup Cost": 0.28, "Total Cost": 4.3, "Plan Rows": 1, "Plan Width": 21, "Recheck Cond": "(id = mi_idx.movie_id)", "Plans": [{"Node Type": "Bitmap Index Scan", "Parent Relationship": "Outer", "Index Name": "title_pkey", "Startup Cost": 0.0, "Total Cost": 0.28, "Plan Rows": 1, "Plan Width": 0, "Index Cond": "(id = mi_idx.movie_id)"}]}]}, {"Node Type": "Bitmap Heap Scan", "Parent Relationship": "Inner", "Relation Name": "cast_info", "Alias": "ci", "Startup Cost": 0.52, "Total Cost": 4.63, "Plan Rows": 1, "Plan Width": 8, "Recheck Cond": "(movie_id = t.id)", "Filter": "((note)::text = ANY ('{(writer),\"(head writer)\",\"(written by)\",(story),\"(story editor)\"}'::text[]))", "Plans": [{"Node Type": "Bitmap Index Scan", "Parent Relationship": "Outer", "Index Name": "movie_id_cast_info", "Startup Cost": 0.0, "Total Cost": 0.52, "Plan Rows": 6, "Plan Width": 0, "Index Cond": "(movie_id = t.id)"}]}]}, {"Node Type": "Bitmap Heap Scan", "Parent Relationship": "Inner", "Relation Name": "name", "Alias": "n", "Startup Cost": 0.31, "Total Cost": 4.32, "Plan Rows": 1, "Plan Width": 4, "Recheck Cond": "(id = ci.person_id)", "Filter": "((gender)::text = 'm'::text)", "Plans": [{"Node Type": "Bitmap Index Scan", "Parent Relationship": "Outer", "Index Name": "name_pkey", "Startup Cost": 0.0, "Total Cost": 0.31, "Plan Rows": 1, "Plan Width": 0, "Index Cond": "(id = ci.person_id)"}]}]}]}, "Unique SQL Id": 3913857139, "Planner Runtime": 91}, "explain_analyze_plan": {"Plan": {"Node Type": "Aggregate", "Strategy": "Plain", "Startup Cost": 71747.63, "Total Cost": 71747.64, "Plan Rows": 1, "Plan Width": 160, "Actual Min Startup Time": 14120.237, "Actual Max Startup Time": 14120.237, "Actual Min Total Time": 14120.237, "Actual Max Total Time": 14120.237, "Plans": [{"Node Type": "Nested Loop", "Parent Relationship": "Outer", "Join Type": "Inner", "Startup Cost": 6.3, "Total Cost": 71737.03, "Plan Rows": 1413, "Plan Width": 64, "Actual Min Startup Time": 420.288, "Actual Max Startup Time": 420.288, "Actual Min Total Time": 14074.02, "Actual Max Total Time": 14074.02, "Inner Unique": true, "Plans": [{"Node Type": "Nested Loop", "Parent Relationship": "Outer", "Join Type": "Inner", "Startup Cost": 5.99, "Total Cost": 66731.61, "Plan Rows": 1155, "Plan Width": 68, "Actual Min Startup Time": 420.214, "Actual Max Startup Time": 420.214, "Actual Min Total Time": 13537.319, "Actual Max Total Time": 13537.319, "Inner Unique": false, "Plans": [{"Node Type": "Nested Loop", "Parent Relationship": "Outer", "Join Type": "Inner", "Startup Cost": 5.48, "Total Cost": 61888.94, "Plan Rows": 1044, "Plan Width": 76, "Actual Min Startup Time": 420.164, "Actual Max Startup Time": 420.164, "Actual Min Total Time": 2606.215, "Actual Max Total Time": 2606.215, "Inner Unique": true, "Join Filter": "(mi.movie_id = t.id)", "Rows Removed by Join Filter": 0, "Plans": [{"Node Type": "Hash Join", "Parent Relationship": "Outer", "Join Type": "Inner", "Startup Cost": 5.19, "Total Cost": 57389.75, "Plan Rows": 1044, "Plan Width": 55, "Actual Min Startup Time": 420.138, "Actual Max Startup Time": 420.138, "Actual Min Total Time": 1842.669, "Actual Max Total Time": 1842.669, "Inner Unique": true, "Hash Cond": "(mi_idx.info_type_id = it2.id)", "Plans": [{"Node Type": "Nested Loop", "Parent Relationship": "Outer", "Join Type": "Inner", "Startup Cost": 2.78, "Total Cost": 57366.43, "Plan Rows": 4175, "Plan Width": 59, "Actual Min Startup Time": 420.0, "Actual Max Startup Time": 420.0, "Actual Min Total Time": 1736.972, "Actual Max Total Time": 1736.972, "Inner Unique": false, "Plans": [{"Node Type": "Hash Join", "Parent Relationship": "Outer", "Join Type": "Inner", "Startup Cost": 2.41, "Total Cost": 45379.0, "Plan Rows": 2717, "Plan Width": 46, "Actual Min Startup Time": 419.938, "Actual Max Startup Time": 419.938, "Actual Min Total Time": 592.2, "Actual Max Total Time": 592.2, "Inner Unique": true, "Hash Cond": "(mi.info_type_id = it1.id)", "Plans": [{"Node Type": "Streaming(type: LOCAL GATHER dop: 1/16)", "Parent Relationship": "Outer", "Startup Cost": 0.0, "Total Cost": 44636.28, "Plan Rows": 190170, "Plan Width": 50, "Actual Min Startup Time": 297.82, "Actual Max Startup Time": 297.82, "Actual Min Total Time": 480.846, "Actual Max Total Time": 480.846, "Plans": [{"Node Type": "Seq Scan", "Parent Relationship": "Outer", "Relation Name": "movie_info", "Alias": "mi", "Startup Cost": 0.0, "Total Cost": 40532.03, "Plan Rows": 190170, "Plan Width": 50, "Actual Min Startup Time": 226.092, "Actual Max Startup Time": 410.021, "Actual Min Total Time": 457.807, "Actual Max Total Time": 472.109, "Filter": "((info)::text = ANY ('{Horror,Action,Sci-Fi,Thriller,Crime,War}'::text[]))", "Rows Removed by Filter": 14646748, "Actual Rows": 188971}], "Actual Rows": 188971}, {"Node Type": "Hash", "Parent Relationship": "Inner", "Startup Cost": 2.4, "Total Cost": 2.4, "Plan Rows": 1, "Plan Width": 4, "Actual Min Startup Time": 0.049, "Actual Max Startup Time": 0.049, "Actual Min Total Time": 0.049, "Actual Max Total Time": 0.049, "Max Hash Buckets": 32768, "Min Hash Buckets": 32768, "Max Hash Batches": 1, "Min Hash Batches": 1, "Max Original Hash Batches": 1, "Min Original Hash Batches": 1, "Max Peak Memory Usage": 1, "min Peak Memory Usage": 1, "Plans": [{"Node Type": "Seq Scan", "Parent Relationship": "Outer", "Relation Name": "info_type", "Alias": "it1", "Startup Cost": 0.0, "Total Cost": 2.4, "Plan Rows": 1, "Plan Width": 4, "Actual Min Startup Time": 0.026, "Actual Max Startup Time": 0.026, "Actual Min Total Time": 0.048, "Actual Max Total Time": 0.048, "Filter": "((info)::text = 'genres'::text)", "Rows Removed by Filter": 111, "Actual Rows": 1}], "Actual Rows": 1}], "Actual Rows": 186594}, {"Node Type": "Bitmap Heap Scan", "Parent Relationship": "Inner", "Relation Name": "movie_info_idx", "Alias": "mi_idx", "Startup Cost": 0.37, "Total Cost": 4.39, "Plan Rows": 2, "Plan Width": 13, "Actual Min Startup Time": 786.648, "Actual Max Startup Time": 786.648, "Actual Min Total Time": 833.417, "Actual Max Total Time": 833.417, "Recheck Cond": "(movie_id = mi.movie_id)", "Rows Removed by Index Recheck": 0, "Exact Heap Blocks": 103610, "Lossy Heap Blocks": 103610, "Plans": [{"Node Type": "Bitmap Index Scan", "Parent Relationship": "Outer", "Index Name": "movie_id_movie_info_idx", "Startup Cost": 0.0, "Total Cost": 0.37, "Plan Rows": 2, "Plan Width": 0, "Actual Min Startup Time": 532.288, "Actual Max Startup Time": 532.288, "Actual Min Total Time": 532.288, "Actual Max Total Time": 532.288, "Index Cond": "(movie_id = mi.movie_id)", "Actual Rows": 307785}], "Actual Rows": 307785}], "Actual Rows": 307785}, {"Node Type": "Hash", "Parent Relationship": "Inner", "Startup Cost": 2.4, "Total Cost": 2.4, "Plan Rows": 1, "Plan Width": 4, "Actual Min Startup Time": 0.088, "Actual Max Startup Time": 0.088, "Actual Min Total Time": 0.088, "Actual Max Total Time": 0.088, "Max Hash Buckets": 32768, "Min Hash Buckets": 32768, "Max Hash Batches": 1, "Min Hash Batches": 1, "Max Original Hash Batches": 1, "Min Original Hash Batches": 1, "Max Peak Memory Usage": 1, "min Peak Memory Usage": 1, "Plans": [{"Node Type": "Seq Scan", "Parent Relationship": "Outer", "Relation Name": "info_type", "Alias": "it2", "Startup Cost": 0.0, "Total Cost": 2.4, "Plan Rows": 1, "Plan Width": 4, "Actual Min Startup Time": 0.068, "Actual Max Startup Time": 0.068, "Actual Min Total Time": 0.073, "Actual Max Total Time": 0.073, "Filter": "((info)::text = 'votes'::text)", "Rows Removed by Filter": 111, "Actual Rows": 1}], "Actual Rows": 1}], "Actual Rows": 102516}, {"Node Type": "Bitmap Heap Scan", "Parent Relationship": "Inner", "Relation Name": "title", "Alias": "t", "Startup Cost": 0.28, "Total Cost": 4.3, "Plan Rows": 1, "Plan Width": 21, "Actual Min Startup Time": 586.533, "Actual Max Startup Time": 586.533, "Actual Min Total Time": 586.533, "Actual Max Total Time": 586.533, "Recheck Cond": "(id = mi_idx.movie_id)", "Rows Removed by Index Recheck": 0, "Exact Heap Blocks": 102516, "Lossy Heap Blocks": 102516, "Plans": [{"Node Type": "Bitmap Index Scan", "Parent Relationship": "Outer", "Index Name": "title_pkey", "Startup Cost": 0.0, "Total Cost": 0.28, "Plan Rows": 1, "Plan Width": 0, "Actual Min Startup Time": 316.38, "Actual Max Startup Time": 316.38, "Actual Min Total Time": 316.38, "Actual Max Total Time": 316.38, "Index Cond": "(id = mi_idx.movie_id)", "Actual Rows": 102516}], "Actual Rows": 102516}], "Actual Rows": 102516}, {"Node Type": "Bitmap Heap Scan", "Parent Relationship": "Inner", "Relation Name": "cast_info", "Alias": "ci", "Startup Cost": 0.52, "Total Cost": 4.63, "Plan Rows": 1, "Plan Width": 8, "Actual Min Startup Time": 9315.695, "Actual Max Startup Time": 9315.695, "Actual Min Total Time": 10768.773, "Actual Max Total Time": 10768.773, "Recheck Cond": "(movie_id = t.id)", "Rows Removed by Index Recheck": 0, "Filter": "((note)::text = ANY ('{(writer),\"(head writer)\",\"(written by)\",(story),\"(story editor)\"}'::text[]))", "Rows Removed by Filter": 3987641, "Exact Heap Blocks": 3901088, "Lossy Heap Blocks": 3901088, "Plans": [{"Node Type": "Bitmap Index Scan", "Parent Relationship": "Outer", "Index Name": "movie_id_cast_info", "Startup Cost": 0.0, "Total Cost": 0.52, "Plan Rows": 6, "Plan Width": 0, "Actual Min Startup Time": 1110.581, "Actual Max Startup Time": 1110.581, "Actual Min Total Time": 1110.581, "Actual Max Total Time": 1110.581, "Index Cond": "(movie_id = t.id)", "Actual Rows": 4041796}], "Actual Rows": 54155}], "Actual Rows": 54155}, {"Node Type": "Bitmap Heap Scan", "Parent Relationship": "Inner", "Relation Name": "name", "Alias": "n", "Startup Cost": 0.31, "Total Cost": 4.32, "Plan Rows": 1, "Plan Width": 4, "Actual Min Startup Time": 447.166, "Actual Max Startup Time": 447.166, "Actual Min Total Time": 447.166, "Actual Max Total Time": 447.166, "Recheck Cond": "(id = ci.person_id)", "Rows Removed by Index Recheck": 0, "Filter": "((gender)::text = 'm'::text)", "Rows Removed by Filter": 26082, "Exact Heap Blocks": 54155, "Lossy Heap Blocks": 54155, "Plans": [{"Node Type": "Bitmap Index Scan", "Parent Relationship": "Outer", "Index Name": "name_pkey", "Startup Cost": 0.0, "Total Cost": 0.31, "Plan Rows": 1, "Plan Width": 0, "Actual Min Startup Time": 286.34, "Actual Max Startup Time": 286.34, "Actual Min Total Time": 286.34, "Actual Max Total Time": 286.34, "Index Cond": "(id = ci.person_id)", "Actual Rows": 54155}], "Actual Rows": 28073}], "Actual Rows": 28073}], "Actual Rows": 1}, "Triggers": [], "Planner Runtime": 91, "Total Runtime": 14122.971, "Unique SQL Id": 3913857139}}, "(16, 99)": {"explain_plan": {"Plan": {"Node Type": "Aggregate", "Strategy": "Plain", "Startup Cost": 191364.35, "Total Cost": 191364.36, "Plan Rows": 1, "Plan Width": 160, "Plans": [{"Node Type": "Nested Loop", "Parent Relationship": "Outer", "Join Type": "Inner", "Startup Cost": 4866.65, "Total Cost": 191353.75, "Plan Rows": 1413, "Plan Width": 64, "Inner Unique": true, "Plans": [{"Node Type": "Nested Loop", "Parent Relationship": "Outer", "Join Type": "Inner", "Startup Cost": 4866.34, "Total Cost": 186348.33, "Plan Rows": 1155, "Plan Width": 68, "Inner Unique": false, "Plans": [{"Node Type": "Nested Loop", "Parent Relationship": "Outer", "Join Type": "Inner", "Startup Cost": 4865.82, "Total Cost": 181505.66, "Plan Rows": 1044, "Plan Width": 76, "Inner Unique": true, "Join Filter": "(mi.movie_id = t.id)", "Plans": [{"Node Type": "Hash Join", "Parent Relationship": "Outer", "Join Type": "Inner", "Startup Cost": 4865.54, "Total Cost": 177006.47, "Plan Rows": 1044, "Plan Width": 55, "Inner Unique": true, "Hash Cond": "(mi_idx.info_type_id = it2.id)", "Plans": [{"Node Type": "Nested Loop", "Parent Relationship": "Outer", "Join Type": "Inner", "Startup Cost": 4851.32, "Total Cost": 176971.34, "Plan Rows": 4175, "Plan Width": 59, "Inner Unique": false, "Plans": [{"Node Type": "Nested Loop", "Parent Relationship": "Outer", "Join Type": "Inner", "Startup Cost": 4850.95, "Total Cost": 164983.91, "Plan Rows": 2717, "Plan Width": 46, "Inner Unique": false, "Plans": [{"Node Type": "Bitmap Heap Scan", "Parent Relationship": "Outer", "Relation Name": "info_type", "Alias": "it1", "Startup Cost": 8.81, "Total Cost": 14.21, "Plan Rows": 1, "Plan Width": 4, "Filter": "((info)::text = 'genres'::text)", "Plans": [{"Node Type": "Bitmap Index Scan", "Parent Relationship": "Outer", "Index Name": "info_type_pkey", "Startup Cost": 0.0, "Total Cost": 8.81, "Plan Rows": 112, "Plan Width": 0}]}, {"Node Type": "Bitmap Heap Scan", "Parent Relationship": "Inner", "Relation Name": "movie_info", "Alias": "mi", "Startup Cost": 4842.14, "Total Cost": 164942.53, "Plan Rows": 2717, "Plan Width": 50, "Recheck Cond": "(info_type_id = it1.id)", "Filter": "((info)::text = ANY ('{Horror,Action,Sci-Fi,Thriller,Crime,War}'::text[]))", "Plans": [{"Node Type": "Bitmap Index Scan", "Parent Relationship": "Outer", "Index Name": "info_type_id_movie_info", "Startup Cost": 0.0, "Total Cost": 4841.46, "Plan Rows": 212428, "Plan Width": 0, "Index Cond": "(info_type_id = it1.id)"}]}]}, {"Node Type": "Bitmap Heap Scan", "Parent Relationship": "Inner", "Relation Name": "movie_info_idx", "Alias": "mi_idx", "Startup Cost": 0.37, "Total Cost": 4.39, "Plan Rows": 2, "Plan Width": 13, "Recheck Cond": "(movie_id = mi.movie_id)", "Plans": [{"Node Type": "Bitmap Index Scan", "Parent Relationship": "Outer", "Index Name": "movie_id_movie_info_idx", "Startup Cost": 0.0, "Total Cost": 0.37, "Plan Rows": 2, "Plan Width": 0, "Index Cond": "(movie_id = mi.movie_id)"}]}]}, {"Node Type": "Hash", "Parent Relationship": "Inner", "Startup Cost": 14.21, "Total Cost": 14.21, "Plan Rows": 1, "Plan Width": 4, "Plans": [{"Node Type": "Bitmap Heap Scan", "Parent Relationship": "Outer", "Relation Name": "info_type", "Alias": "it2", "Startup Cost": 8.81, "Total Cost": 14.21, "Plan Rows": 1, "Plan Width": 4, "Filter": "((info)::text = 'votes'::text)", "Plans": [{"Node Type": "Bitmap Index Scan", "Parent Relationship": "Outer", "Index Name": "info_type_pkey", "Startup Cost": 0.0, "Total Cost": 8.81, "Plan Rows": 112, "Plan Width": 0}]}]}]}, {"Node Type": "Bitmap Heap Scan", "Parent Relationship": "Inner", "Relation Name": "title", "Alias": "t", "Startup Cost": 0.28, "Total Cost": 4.3, "Plan Rows": 1, "Plan Width": 21, "Recheck Cond": "(id = mi_idx.movie_id)", "Plans": [{"Node Type": "Bitmap Index Scan", "Parent Relationship": "Outer", "Index Name": "title_pkey", "Startup Cost": 0.0, "Total Cost": 0.28, "Plan Rows": 1, "Plan Width": 0, "Index Cond": "(id = mi_idx.movie_id)"}]}]}, {"Node Type": "Bitmap Heap Scan", "Parent Relationship": "Inner", "Relation Name": "cast_info", "Alias": "ci", "Startup Cost": 0.52, "Total Cost": 4.63, "Plan Rows": 1, "Plan Width": 8, "Recheck Cond": "(movie_id = t.id)", "Filter": "((note)::text = ANY ('{(writer),\"(head writer)\",\"(written by)\",(story),\"(story editor)\"}'::text[]))", "Plans": [{"Node Type": "Bitmap Index Scan", "Parent Relationship": "Outer", "Index Name": "movie_id_cast_info", "Startup Cost": 0.0, "Total Cost": 0.52, "Plan Rows": 6, "Plan Width": 0, "Index Cond": "(movie_id = t.id)"}]}]}, {"Node Type": "Bitmap Heap Scan", "Parent Relationship": "Inner", "Relation Name": "name", "Alias": "n", "Startup Cost": 0.31, "Total Cost": 4.32, "Plan Rows": 1, "Plan Width": 4, "Recheck Cond": "(id = ci.person_id)", "Filter": "((gender)::text = 'm'::text)", "Plans": [{"Node Type": "Bitmap Index Scan", "Parent Relationship": "Outer", "Index Name": "name_pkey", "Startup Cost": 0.0, "Total Cost": 0.31, "Plan Rows": 1, "Plan Width": 0, "Index Cond": "(id = ci.person_id)"}]}]}]}, "Unique SQL Id": 3913857139, "Planner Runtime": 16}, "explain_analyze_plan": {"Plan": {"Node Type": "Aggregate", "Strategy": "Plain", "Startup Cost": 191364.35, "Total Cost": 191364.36, "Plan Rows": 1, "Plan Width": 160, "Actual Startup Time": 14478.476, "Actual Total Time": 14478.476, "Actual Rows": 1, "Actual Loops": 1, "Plans": [{"Node Type": "Nested Loop", "Parent Relationship": "Outer", "Join Type": "Inner", "Startup Cost": 4866.65, "Total Cost": 191353.75, "Plan Rows": 1413, "Plan Width": 64, "Actual Startup Time": 181.639, "Actual Total Time": 14430.03, "Actual Rows": 28073, "Actual Loops": 1, "Inner Unique": true, "Plans": [{"Node Type": "Nested Loop", "Parent Relationship": "Outer", "Join Type": "Inner", "Startup Cost": 4866.34, "Total Cost": 186348.33, "Plan Rows": 1155, "Plan Width": 68, "Actual Startup Time": 178.932, "Actual Total Time": 13902.05, "Actual Rows": 54155, "Actual Loops": 1, "Inner Unique": false, "Plans": [{"Node Type": "Nested Loop", "Parent Relationship": "Outer", "Join Type": "Inner", "Startup Cost": 4865.82, "Total Cost": 181505.66, "Plan Rows": 1044, "Plan Width": 76, "Actual Startup Time": 175.815, "Actual Total Time": 3145.327, "Actual Rows": 102516, "Actual Loops": 1, "Inner Unique": true, "Join Filter": "(mi.movie_id = t.id)", "Rows Removed by Join Filter": 0, "Plans": [{"Node Type": "Hash Join", "Parent Relationship": "Outer", "Join Type": "Inner", "Startup Cost": 4865.54, "Total Cost": 177006.47, "Plan Rows": 1044, "Plan Width": 55, "Actual Startup Time": 175.79, "Actual Total Time": 2401.505, "Actual Rows": 102516, "Actual Loops": 1, "Inner Unique": true, "Hash Cond": "(mi_idx.info_type_id = it2.id)", "Plans": [{"Node Type": "Nested Loop", "Parent Relationship": "Outer", "Join Type": "Inner", "Startup Cost": 4851.32, "Total Cost": 176971.34, "Plan Rows": 4175, "Plan Width": 59, "Actual Startup Time": 175.655, "Actual Total Time": 2289.636, "Actual Rows": 307785, "Actual Loops": 1, "Inner Unique": false, "Plans": [{"Node Type": "Nested Loop", "Parent Relationship": "Outer", "Join Type": "Inner", "Startup Cost": 4850.95, "Total Cost": 164983.91, "Plan Rows": 2717, "Plan Width": 46, "Actual Startup Time": 175.611, "Actual Total Time": 1165.286, "Actual Rows": 186594, "Actual Loops": 1, "Inner Unique": false, "Plans": [{"Node Type": "Bitmap Heap Scan", "Parent Relationship": "Outer", "Relation Name": "info_type", "Alias": "it1", "Startup Cost": 8.81, "Total Cost": 14.21, "Plan Rows": 1, "Plan Width": 4, "Actual Startup Time": 0.029, "Actual Total Time": 0.06, "Actual Rows": 1, "Actual Loops": 1, "Filter": "((info)::text = 'genres'::text)", "Rows Removed by Filter": 111, "Exact Heap Blocks": 1, "Lossy Heap Blocks": 1, "Plans": [{"Node Type": "Bitmap Index Scan", "Parent Relationship": "Outer", "Index Name": "info_type_pkey", "Startup Cost": 0.0, "Total Cost": 8.81, "Plan Rows": 112, "Plan Width": 0, "Actual Startup Time": 0.009, "Actual Total Time": 0.009, "Actual Rows": 112, "Actual Loops": 1}]}, {"Node Type": "Bitmap Heap Scan", "Parent Relationship": "Inner", "Relation Name": "movie_info", "Alias": "mi", "Startup Cost": 4842.14, "Total Cost": 164942.53, "Plan Rows": 2717, "Plan Width": 50, "Actual Startup Time": 175.576, "Actual Total Time": 1120.064, "Actual Rows": 186594, "Actual Loops": 1, "Recheck Cond": "(info_type_id = it1.id)", "Rows Removed by Index Recheck": 0, "Filter": "((info)::text = ANY ('{Horror,Action,Sci-Fi,Thriller,Crime,War}'::text[]))", "Rows Removed by Filter": 1347315, "Exact Heap Blocks": 7426, "Lossy Heap Blocks": 7426, "Plans": [{"Node Type": "Bitmap Index Scan", "Parent Relationship": "Outer", "Index Name": "info_type_id_movie_info", "Startup Cost": 0.0, "Total Cost": 4841.46, "Plan Rows": 212428, "Plan Width": 0, "Actual Startup Time": 174.184, "Actual Total Time": 174.184, "Actual Rows": 1533909, "Actual Loops": 1, "Index Cond": "(info_type_id = it1.id)"}]}]}, {"Node Type": "Bitmap Heap Scan", "Parent Relationship": "Inner", "Relation Name": "movie_info_idx", "Alias": "mi_idx", "Startup Cost": 0.37, "Total Cost": 4.39, "Plan Rows": 2, "Plan Width": 13, "Actual Startup Time": 770.124, "Actual Total Time": 815.456, "Actual Rows": 307785, "Actual Loops": 186594, "Recheck Cond": "(movie_id = mi.movie_id)", "Rows Removed by Index Recheck": 0, "Exact Heap Blocks": 103610, "Lossy Heap Blocks": 103610, "Plans": [{"Node Type": "Bitmap Index Scan", "Parent Relationship": "Outer", "Index Name": "movie_id_movie_info_idx", "Startup Cost": 0.0, "Total Cost": 0.37, "Plan Rows": 2, "Plan Width": 0, "Actual Startup Time": 522.336, "Actual Total Time": 522.336, "Actual Rows": 307785, "Actual Loops": 186594, "Index Cond": "(movie_id = mi.movie_id)"}]}]}, {"Node Type": "Hash", "Parent Relationship": "Inner", "Startup Cost": 14.21, "Total Cost": 14.21, "Plan Rows": 1, "Plan Width": 4, "Actual Startup Time": 0.083, "Actual Total Time": 0.083, "Actual Rows": 1, "Actual Loops": 1, "Hash Buckets": 32768, "Hash Batches": 1, "Original Hash Batches": 1, "Peak Memory Usage": 1, "Plans": [{"Node Type": "Bitmap Heap Scan", "Parent Relationship": "Outer", "Relation Name": "info_type", "Alias": "it2", "Startup Cost": 8.81, "Total Cost": 14.21, "Plan Rows": 1, "Plan Width": 4, "Actual Startup Time": 0.075, "Actual Total Time": 0.078, "Actual Rows": 1, "Actual Loops": 1, "Filter": "((info)::text = 'votes'::text)", "Rows Removed by Filter": 111, "Exact Heap Blocks": 1, "Lossy Heap Blocks": 1, "Plans": [{"Node Type": "Bitmap Index Scan", "Parent Relationship": "Outer", "Index Name": "info_type_pkey", "Startup Cost": 0.0, "Total Cost": 8.81, "Plan Rows": 112, "Plan Width": 0, "Actual Startup Time": 0.015, "Actual Total Time": 0.015, "Actual Rows": 112, "Actual Loops": 1}]}]}]}, {"Node Type": "Bitmap Heap Scan", "Parent Relationship": "Inner", "Relation Name": "title", "Alias": "t", "Startup Cost": 0.28, "Total Cost": 4.3, "Plan Rows": 1, "Plan Width": 21, "Actual Startup Time": 567.24, "Actual Total Time": 567.24, "Actual Rows": 102516, "Actual Loops": 102516, "Recheck Cond": "(id = mi_idx.movie_id)", "Rows Removed by Index Recheck": 0, "Exact Heap Blocks": 102516, "Lossy Heap Blocks": 102516, "Plans": [{"Node Type": "Bitmap Index Scan", "Parent Relationship": "Outer", "Index Name": "title_pkey", "Startup Cost": 0.0, "Total Cost": 0.28, "Plan Rows": 1, "Plan Width": 0, "Actual Startup Time": 311.351, "Actual Total Time": 311.351, "Actual Rows": 102516, "Actual Loops": 102516, "Index Cond": "(id = mi_idx.movie_id)"}]}]}, {"Node Type": "Bitmap Heap Scan", "Parent Relationship": "Inner", "Relation Name": "cast_info", "Alias": "ci", "Startup Cost": 0.52, "Total Cost": 4.63, "Plan Rows": 1, "Plan Width": 8, "Actual Startup Time": 9158.039, "Actual Total Time": 10591.257, "Actual Rows": 54155, "Actual Loops": 102516, "Recheck Cond": "(movie_id = t.id)", "Rows Removed by Index Recheck": 0, "Filter": "((note)::text = ANY ('{(writer),\"(head writer)\",\"(written by)\",(story),\"(story editor)\"}'::text[]))", "Rows Removed by Filter": 3987641, "Exact Heap Blocks": 3901088, "Lossy Heap Blocks": 3901088, "Plans": [{"Node Type": "Bitmap Index Scan", "Parent Relationship": "Outer", "Index Name": "movie_id_cast_info", "Startup Cost": 0.0, "Total Cost": 0.52, "Plan Rows": 6, "Plan Width": 0, "Actual Startup Time": 1100.831, "Actual Total Time": 1100.831, "Actual Rows": 4041796, "Actual Loops": 102516, "Index Cond": "(movie_id = t.id)"}]}]}, {"Node Type": "Bitmap Heap Scan", "Parent Relationship": "Inner", "Relation Name": "name", "Alias": "n", "Startup Cost": 0.31, "Total Cost": 4.32, "Plan Rows": 1, "Plan Width": 4, "Actual Startup Time": 439.595, "Actual Total Time": 439.595, "Actual Rows": 28073, "Actual Loops": 54155, "Recheck Cond": "(id = ci.person_id)", "Rows Removed by Index Recheck": 0, "Filter": "((gender)::text = 'm'::text)", "Rows Removed by Filter": 26082, "Exact Heap Blocks": 54155, "Lossy Heap Blocks": 54155, "Plans": [{"Node Type": "Bitmap Index Scan", "Parent Relationship": "Outer", "Index Name": "name_pkey", "Startup Cost": 0.0, "Total Cost": 0.31, "Plan Rows": 1, "Plan Width": 0, "Actual Startup Time": 283.754, "Actual Total Time": 283.754, "Actual Rows": 54155, "Actual Loops": 54155, "Index Cond": "(id = ci.person_id)"}]}]}]}, "Triggers": [], "Planner Runtime": 16, "Total Runtime": 14478.771, "Unique SQL Id": 3913857139}}, "(16, 100)": {"explain_plan": {"Plan": {"Node Type": "Aggregate", "Strategy": "Plain", "Startup Cost": 48970.06, "Total Cost": 48970.07, "Plan Rows": 1, "Plan Width": 160, "Plans": [{"Node Type": "Nested Loop", "Parent Relationship": "Outer", "Join Type": "Inner", "Startup Cost": 4.83, "Total Cost": 48959.46, "Plan Rows": 1413, "Plan Width": 64, "Inner Unique": true, "Plans": [{"Node Type": "Nested Loop", "Parent Relationship": "Outer", "Join Type": "Inner", "Startup Cost": 4.83, "Total Cost": 48380.19, "Plan Rows": 1155, "Plan Width": 68, "Inner Unique": false, "Plans": [{"Node Type": "Nested Loop", "Parent Relationship": "Outer", "Join Type": "Inner", "Startup Cost": 4.83, "Total Cost": 47318.56, "Plan Rows": 1044, "Plan Width": 76, "Inner Unique": true, "Join Filter": "(mi.movie_id = t.id)", "Plans": [{"Node Type": "Hash Join", "Parent Relationship": "Outer", "Join Type": "Inner", "Startup Cost": 4.83, "Total Cost": 46890.37, "Plan Rows": 1044, "Plan Width": 55, "Inner Unique": true, "Hash Cond": "(mi_idx.info_type_id = it2.id)", "Plans": [{"Node Type": "Nested Loop", "Parent Relationship": "Outer", "Join Type": "Inner", "Startup Cost": 2.41, "Total Cost": 46867.05, "Plan Rows": 4175, "Plan Width": 59, "Inner Unique": false, "Plans": [{"Node Type": "Hash Join", "Parent Relationship": "Outer", "Join Type": "Inner", "Startup Cost": 2.41, "Total Cost": 45379.0, "Plan Rows": 2717, "Plan Width": 46, "Inner Unique": true, "Hash Cond": "(mi.info_type_id = it1.id)", "Plans": [{"Node Type": "Streaming(type: LOCAL GATHER dop: 1/16)", "Parent Relationship": "Outer", "Startup Cost": 0.0, "Total Cost": 44636.28, "Plan Rows": 190170, "Plan Width": 50, "Plans": [{"Node Type": "Seq Scan", "Parent Relationship": "Outer", "Relation Name": "movie_info", "Alias": "mi", "Startup Cost": 0.0, "Total Cost": 40532.03, "Plan Rows": 190170, "Plan Width": 50, "Filter": "((info)::text = ANY ('{Horror,Action,Sci-Fi,Thriller,Crime,War}'::text[]))"}]}, {"Node Type": "Hash", "Parent Relationship": "Inner", "Startup Cost": 2.4, "Total Cost": 2.4, "Plan Rows": 1, "Plan Width": 4, "Plans": [{"Node Type": "Seq Scan", "Parent Relationship": "Outer", "Relation Name": "info_type", "Alias": "it1", "Startup Cost": 0.0, "Total Cost": 2.4, "Plan Rows": 1, "Plan Width": 4, "Filter": "((info)::text = 'genres'::text)"}]}]}, {"Node Type": "Index Scan", "Parent Relationship": "Inner", "Scan Direction": "Forward", "Index Name": "movie_id_movie_info_idx", "Relation Name": "movie_info_idx", "Alias": "mi_idx", "Startup Cost": 0.0, "Total Cost": 0.53, "Plan Rows": 2, "Plan Width": 13, "Index Cond": "(movie_id = mi.movie_id)"}]}, {"Node Type": "Hash", "Parent Relationship": "Inner", "Startup Cost": 2.4, "Total Cost": 2.4, "Plan Rows": 1, "Plan Width": 4, "Plans": [{"Node Type": "Seq Scan", "Parent Relationship": "Outer", "Relation Name": "info_type", "Alias": "it2", "Startup Cost": 0.0, "Total Cost": 2.4, "Plan Rows": 1, "Plan Width": 4, "Filter": "((info)::text = 'votes'::text)"}]}]}, {"Node Type": "Index Scan", "Parent Relationship": "Inner", "Scan Direction": "Forward", "Index Name": "title_pkey", "Relation Name": "title", "Alias": "t", "Startup Cost": 0.0, "Total Cost": 0.4, "Plan Rows": 1, "Plan Width": 21, "Index Cond": "(id = mi_idx.movie_id)"}]}, {"Node Type": "Index Scan", "Parent Relationship": "Inner", "Scan Direction": "Forward", "Index Name": "movie_id_cast_info", "Relation Name": "cast_info", "Alias": "ci", "Startup Cost": 0.0, "Total Cost": 1.01, "Plan Rows": 1, "Plan Width": 8, "Index Cond": "(movie_id = t.id)", "Filter": "((note)::text = ANY ('{(writer),\"(head writer)\",\"(written by)\",(story),\"(story editor)\"}'::text[]))"}]}, {"Node Type": "Index Scan", "Parent Relationship": "Inner", "Scan Direction": "Forward", "Index Name": "name_pkey", "Relation Name": "name", "Alias": "n", "Startup Cost": 0.0, "Total Cost": 0.49, "Plan Rows": 1, "Plan Width": 4, "Index Cond": "(id = ci.person_id)", "Filter": "((gender)::text = 'm'::text)"}]}]}, "Unique SQL Id": 3913857139, "Planner Runtime": 74}, "explain_analyze_plan": {"Plan": {"Node Type": "Aggregate", "Strategy": "Plain", "Startup Cost": 48970.06, "Total Cost": 48970.07, "Plan Rows": 1, "Plan Width": 160, "Actual Min Startup Time": 11428.354, "Actual Max Startup Time": 11428.354, "Actual Min Total Time": 11428.354, "Actual Max Total Time": 11428.354, "Plans": [{"Node Type": "Nested Loop", "Parent Relationship": "Outer", "Join Type": "Inner", "Startup Cost": 4.83, "Total Cost": 48959.46, "Plan Rows": 1413, "Plan Width": 64, "Actual Min Startup Time": 421.357, "Actual Max Startup Time": 421.357, "Actual Min Total Time": 11391.752, "Actual Max Total Time": 11391.752, "Inner Unique": true, "Plans": [{"Node Type": "Nested Loop", "Parent Relationship": "Outer", "Join Type": "Inner", "Startup Cost": 4.83, "Total Cost": 48380.19, "Plan Rows": 1155, "Plan Width": 68, "Actual Min Startup Time": 421.33, "Actual Max Startup Time": 421.33, "Actual Min Total Time": 10978.419, "Actual Max Total Time": 10978.419, "Inner Unique": false, "Plans": [{"Node Type": "Nested Loop", "Parent Relationship": "Outer", "Join Type": "Inner", "Startup Cost": 4.83, "Total Cost": 47318.56, "Plan Rows": 1044, "Plan Width": 76, "Actual Min Startup Time": 420.004, "Actual Max Startup Time": 420.004, "Actual Min Total Time": 2049.757, "Actual Max Total Time": 2049.757, "Inner Unique": true, "Join Filter": "(mi.movie_id = t.id)", "Rows Removed by Join Filter": 0, "Plans": [{"Node Type": "Hash Join", "Parent Relationship": "Outer", "Join Type": "Inner", "Startup Cost": 4.83, "Total Cost": 46890.37, "Plan Rows": 1044, "Plan Width": 55, "Actual Min Startup Time": 419.982, "Actual Max Startup Time": 419.982, "Actual Min Total Time": 1501.868, "Actual Max Total Time": 1501.868, "Inner Unique": true, "Hash Cond": "(mi_idx.info_type_id = it2.id)", "Plans": [{"Node Type": "Nested Loop", "Parent Relationship": "Outer", "Join Type": "Inner", "Startup Cost": 2.41, "Total Cost": 46867.05, "Plan Rows": 4175, "Plan Width": 59, "Actual Min Startup Time": 419.853, "Actual Max Startup Time": 419.853, "Actual Min Total Time": 1408.474, "Actual Max Total Time": 1408.474, "Inner Unique": false, "Plans": [{"Node Type": "Hash Join", "Parent Relationship": "Outer", "Join Type": "Inner", "Startup Cost": 2.41, "Total Cost": 45379.0, "Plan Rows": 2717, "Plan Width": 46, "Actual Min Startup Time": 419.811, "Actual Max Startup Time": 419.811, "Actual Min Total Time": 588.454, "Actual Max Total Time": 588.454, "Inner Unique": true, "Hash Cond": "(mi.info_type_id = it1.id)", "Plans": [{"Node Type": "Streaming(type: LOCAL GATHER dop: 1/16)", "Parent Relationship": "Outer", "Startup Cost": 0.0, "Total Cost": 44636.28, "Plan Rows": 190170, "Plan Width": 50, "Actual Min Startup Time": 297.016, "Actual Max Startup Time": 297.016, "Actual Min Total Time": 485.889, "Actual Max Total Time": 485.889, "Plans": [{"Node Type": "Seq Scan", "Parent Relationship": "Outer", "Relation Name": "movie_info", "Alias": "mi", "Startup Cost": 0.0, "Total Cost": 40532.03, "Plan Rows": 190170, "Plan Width": 50, "Actual Min Startup Time": 226.105, "Actual Max Startup Time": 409.58, "Actual Min Total Time": 457.151, "Actual Max Total Time": 472.431, "Filter": "((info)::text = ANY ('{Horror,Action,Sci-Fi,Thriller,Crime,War}'::text[]))", "Rows Removed by Filter": 14646748, "Actual Rows": 188971}], "Actual Rows": 188971}, {"Node Type": "Hash", "Parent Relationship": "Inner", "Startup Cost": 2.4, "Total Cost": 2.4, "Plan Rows": 1, "Plan Width": 4, "Actual Min Startup Time": 0.047, "Actual Max Startup Time": 0.047, "Actual Min Total Time": 0.047, "Actual Max Total Time": 0.047, "Max Hash Buckets": 32768, "Min Hash Buckets": 32768, "Max Hash Batches": 1, "Min Hash Batches": 1, "Max Original Hash Batches": 1, "Min Original Hash Batches": 1, "Max Peak Memory Usage": 1, "min Peak Memory Usage": 1, "Plans": [{"Node Type": "Seq Scan", "Parent Relationship": "Outer", "Relation Name": "info_type", "Alias": "it1", "Startup Cost": 0.0, "Total Cost": 2.4, "Plan Rows": 1, "Plan Width": 4, "Actual Min Startup Time": 0.019, "Actual Max Startup Time": 0.019, "Actual Min Total Time": 0.041, "Actual Max Total Time": 0.041, "Filter": "((info)::text = 'genres'::text)", "Rows Removed by Filter": 111, "Actual Rows": 1}], "Actual Rows": 1}], "Actual Rows": 186594}, {"Node Type": "Index Scan", "Parent Relationship": "Inner", "Scan Direction": "Forward", "Index Name": "movie_id_movie_info_idx", "Relation Name": "movie_info_idx", "Alias": "mi_idx", "Startup Cost": 0.0, "Total Cost": 0.53, "Plan Rows": 2, "Plan Width": 13, "Actual Min Startup Time": 534.672, "Actual Max Startup Time": 534.672, "Actual Min Total Time": 652.765, "Actual Max Total Time": 652.765, "Index Cond": "(movie_id = mi.movie_id)", "Rows Removed by Index Recheck": 0, "Actual Rows": 307785}], "Actual Rows": 307785}, {"Node Type": "Hash", "Parent Relationship": "Inner", "Startup Cost": 2.4, "Total Cost": 2.4, "Plan Rows": 1, "Plan Width": 4, "Actual Min Startup Time": 0.075, "Actual Max Startup Time": 0.075, "Actual Min Total Time": 0.075, "Actual Max Total Time": 0.075, "Max Hash Buckets": 32768, "Min Hash Buckets": 32768, "Max Hash Batches": 1, "Min Hash Batches": 1, "Max Original Hash Batches": 1, "Min Original Hash Batches": 1, "Max Peak Memory Usage": 1, "min Peak Memory Usage": 1, "Plans": [{"Node Type": "Seq Scan", "Parent Relationship": "Outer", "Relation Name": "info_type", "Alias": "it2", "Startup Cost": 0.0, "Total Cost": 2.4, "Plan Rows": 1, "Plan Width": 4, "Actual Min Startup Time": 0.062, "Actual Max Startup Time": 0.062, "Actual Min Total Time": 0.068, "Actual Max Total Time": 0.068, "Filter": "((info)::text = 'votes'::text)", "Rows Removed by Filter": 111, "Actual Rows": 1}], "Actual Rows": 1}], "Actual Rows": 102516}, {"Node Type": "Index Scan", "Parent Relationship": "Inner", "Scan Direction": "Forward", "Index Name": "title_pkey", "Relation Name": "title", "Alias": "t", "Startup Cost": 0.0, "Total Cost": 0.4, "Plan Rows": 1, "Plan Width": 21, "Actual Min Startup Time": 443.111, "Actual Max Startup Time": 443.111, "Actual Min Total Time": 443.111, "Actual Max Total Time": 443.111, "Index Cond": "(id = mi_idx.movie_id)", "Rows Removed by Index Recheck": 0, "Actual Rows": 102516}], "Actual Rows": 102516}, {"Node Type": "Index Scan", "Parent Relationship": "Inner", "Scan Direction": "Forward", "Index Name": "movie_id_cast_info", "Relation Name": "cast_info", "Alias": "ci", "Startup Cost": 0.0, "Total Cost": 1.01, "Plan Rows": 1, "Plan Width": 8, "Actual Min Startup Time": 7551.12, "Actual Max Startup Time": 7551.12, "Actual Min Total Time": 8858.779, "Actual Max Total Time": 8858.779, "Index Cond": "(movie_id = t.id)", "Rows Removed by Index Recheck": 0, "Filter": "((note)::text = ANY ('{(writer),\"(head writer)\",\"(written by)\",(story),\"(story editor)\"}'::text[]))", "Rows Removed by Filter": 3987641, "Actual Rows": 54155}], "Actual Rows": 54155}, {"Node Type": "Index Scan", "Parent Relationship": "Inner", "Scan Direction": "Forward", "Index Name": "name_pkey", "Relation Name": "name", "Alias": "n", "Startup Cost": 0.0, "Total Cost": 0.49, "Plan Rows": 1, "Plan Width": 4, "Actual Min Startup Time": 368.426, "Actual Max Startup Time": 368.426, "Actual Min Total Time": 368.426, "Actual Max Total Time": 368.426, "Index Cond": "(id = ci.person_id)", "Rows Removed by Index Recheck": 0, "Filter": "((gender)::text = 'm'::text)", "Rows Removed by Filter": 26082, "Actual Rows": 28073}], "Actual Rows": 28073}], "Actual Rows": 1}, "Triggers": [], "Planner Runtime": 87, "Total Runtime": 11431.111, "Unique SQL Id": 3913857139}}, "(16, 101)": {"explain_plan": {"Plan": {"Node Type": "Aggregate", "Strategy": "Plain", "Startup Cost": 169731.13, "Total Cost": 169731.14, "Plan Rows": 1, "Plan Width": 160, "Plans": [{"Node Type": "Nested Loop", "Parent Relationship": "Outer", "Join Type": "Inner", "Startup Cost": 4842.14, "Total Cost": 169720.53, "Plan Rows": 1413, "Plan Width": 64, "Inner Unique": true, "Plans": [{"Node Type": "Nested Loop", "Parent Relationship": "Outer", "Join Type": "Inner", "Startup Cost": 4842.14, "Total Cost": 169141.26, "Plan Rows": 1155, "Plan Width": 68, "Inner Unique": false, "Plans": [{"Node Type": "Nested Loop", "Parent Relationship": "Outer", "Join Type": "Inner", "Startup Cost": 4842.14, "Total Cost": 168079.63, "Plan Rows": 1044, "Plan Width": 76, "Inner Unique": true, "Join Filter": "(mi.movie_id = t.id)", "Plans": [{"Node Type": "Nested Loop", "Parent Relationship": "Outer", "Join Type": "Inner", "Startup Cost": 4842.14, "Total Cost": 167651.44, "Plan Rows": 1044, "Plan Width": 55, "Inner Unique": true, "Plans": [{"Node Type": "Nested Loop", "Parent Relationship": "Outer", "Join Type": "Inner", "Startup Cost": 4842.14, "Total Cost": 166471.96, "Plan Rows": 4175, "Plan Width": 59, "Inner Unique": false, "Plans": [{"Node Type": "Nested Loop", "Parent Relationship": "Outer", "Join Type": "Inner", "Startup Cost": 4842.14, "Total Cost": 164983.91, "Plan Rows": 2717, "Plan Width": 46, "Inner Unique": false, "Plans": [{"Node Type": "Index Scan", "Parent Relationship": "Outer", "Scan Direction": "Forward", "Index Name": "info_type_pkey", "Relation Name": "info_type", "Alias": "it1", "Startup Cost": 0.0, "Total Cost": 14.21, "Plan Rows": 1, "Plan Width": 4, "Filter": "((info)::text = 'genres'::text)"}, {"Node Type": "Bitmap Heap Scan", "Parent Relationship": "Inner", "Relation Name": "movie_info", "Alias": "mi", "Startup Cost": 4842.14, "Total Cost": 164942.53, "Plan Rows": 2717, "Plan Width": 50, "Recheck Cond": "(info_type_id = it1.id)", "Filter": "((info)::text = ANY ('{Horror,Action,Sci-Fi,Thriller,Crime,War}'::text[]))", "Plans": [{"Node Type": "Bitmap Index Scan", "Parent Relationship": "Outer", "Index Name": "info_type_id_movie_info", "Startup Cost": 0.0, "Total Cost": 4841.46, "Plan Rows": 212428, "Plan Width": 0, "Index Cond": "(info_type_id = it1.id)"}]}]}, {"Node Type": "Index Scan", "Parent Relationship": "Inner", "Scan Direction": "Forward", "Index Name": "movie_id_movie_info_idx", "Relation Name": "movie_info_idx", "Alias": "mi_idx", "Startup Cost": 0.0, "Total Cost": 0.53, "Plan Rows": 2, "Plan Width": 13, "Index Cond": "(movie_id = mi.movie_id)"}]}, {"Node Type": "Index Scan", "Parent Relationship": "Inner", "Scan Direction": "Forward", "Index Name": "info_type_pkey", "Relation Name": "info_type", "Alias": "it2", "Startup Cost": 0.0, "Total Cost": 0.27, "Plan Rows": 1, "Plan Width": 4, "Index Cond": "(id = mi_idx.info_type_id)", "Filter": "((info)::text = 'votes'::text)"}]}, {"Node Type": "Index Scan", "Parent Relationship": "Inner", "Scan Direction": "Forward", "Index Name": "title_pkey", "Relation Name": "title", "Alias": "t", "Startup Cost": 0.0, "Total Cost": 0.4, "Plan Rows": 1, "Plan Width": 21, "Index Cond": "(id = mi_idx.movie_id)"}]}, {"Node Type": "Index Scan", "Parent Relationship": "Inner", "Scan Direction": "Forward", "Index Name": "movie_id_cast_info", "Relation Name": "cast_info", "Alias": "ci", "Startup Cost": 0.0, "Total Cost": 1.01, "Plan Rows": 1, "Plan Width": 8, "Index Cond": "(movie_id = t.id)", "Filter": "((note)::text = ANY ('{(writer),\"(head writer)\",\"(written by)\",(story),\"(story editor)\"}'::text[]))"}]}, {"Node Type": "Index Scan", "Parent Relationship": "Inner", "Scan Direction": "Forward", "Index Name": "name_pkey", "Relation Name": "name", "Alias": "n", "Startup Cost": 0.0, "Total Cost": 0.49, "Plan Rows": 1, "Plan Width": 4, "Index Cond": "(id = ci.person_id)", "Filter": "((gender)::text = 'm'::text)"}]}]}, "Unique SQL Id": 3913857139, "Planner Runtime": 23}, "explain_analyze_plan": {"Plan": {"Node Type": "Aggregate", "Strategy": "Plain", "Startup Cost": 169731.13, "Total Cost": 169731.14, "Plan Rows": 1, "Plan Width": 160, "Actual Startup Time": 12968.135, "Actual Total Time": 12968.135, "Actual Rows": 1, "Actual Loops": 1, "Plans": [{"Node Type": "Nested Loop", "Parent Relationship": "Outer", "Join Type": "Inner", "Startup Cost": 4842.14, "Total Cost": 169720.53, "Plan Rows": 1413, "Plan Width": 64, "Actual Startup Time": 184.302, "Actual Total Time": 12931.015, "Actual Rows": 28073, "Actual Loops": 1, "Inner Unique": true, "Plans": [{"Node Type": "Nested Loop", "Parent Relationship": "Outer", "Join Type": "Inner", "Startup Cost": 4842.14, "Total Cost": 169141.26, "Plan Rows": 1155, "Plan Width": 68, "Actual Startup Time": 181.84, "Actual Total Time": 12502.616, "Actual Rows": 54155, "Actual Loops": 1, "Inner Unique": false, "Plans": [{"Node Type": "Nested Loop", "Parent Relationship": "Outer", "Join Type": "Inner", "Startup Cost": 4842.14, "Total Cost": 168079.63, "Plan Rows": 1044, "Plan Width": 76, "Actual Startup Time": 178.896, "Actual Total Time": 3347.973, "Actual Rows": 102516, "Actual Loops": 1, "Inner Unique": true, "Join Filter": "(mi.movie_id = t.id)", "Rows Removed by Join Filter": 0, "Plans": [{"Node Type": "Nested Loop", "Parent Relationship": "Outer", "Join Type": "Inner", "Startup Cost": 4842.14, "Total Cost": 167651.44, "Plan Rows": 1044, "Plan Width": 55, "Actual Startup Time": 178.878, "Actual Total Time": 2777.15, "Actual Rows": 102516, "Actual Loops": 1, "Inner Unique": true, "Plans": [{"Node Type": "Nested Loop", "Parent Relationship": "Outer", "Join Type": "Inner", "Startup Cost": 4842.14, "Total Cost": 166471.96, "Plan Rows": 4175, "Plan Width": 59, "Actual Startup Time": 178.852, "Actual Total Time": 2027.523, "Actual Rows": 307785, "Actual Loops": 1, "Inner Unique": false, "Plans": [{"Node Type": "Nested Loop", "Parent Relationship": "Outer", "Join Type": "Inner", "Startup Cost": 4842.14, "Total Cost": 164983.91, "Plan Rows": 2717, "Plan Width": 46, "Actual Startup Time": 178.821, "Actual Total Time": 1170.201, "Actual Rows": 186594, "Actual Loops": 1, "Inner Unique": false, "Plans": [{"Node Type": "Index Scan", "Parent Relationship": "Outer", "Scan Direction": "Forward", "Index Name": "info_type_pkey", "Relation Name": "info_type", "Alias": "it1", "Startup Cost": 0.0, "Total Cost": 14.21, "Plan Rows": 1, "Plan Width": 4, "Actual Startup Time": 0.023, "Actual Total Time": 0.074, "Actual Rows": 1, "Actual Loops": 1, "Filter": "((info)::text = 'genres'::text)", "Rows Removed by Filter": 111}, {"Node Type": "Bitmap Heap Scan", "Parent Relationship": "Inner", "Relation Name": "movie_info", "Alias": "mi", "Startup Cost": 4842.14, "Total Cost": 164942.53, "Plan Rows": 2717, "Plan Width": 50, "Actual Startup Time": 178.792, "Actual Total Time": 1124.512, "Actual Rows": 186594, "Actual Loops": 1, "Recheck Cond": "(info_type_id = it1.id)", "Rows Removed by Index Recheck": 0, "Filter": "((info)::text = ANY ('{Horror,Action,Sci-Fi,Thriller,Crime,War}'::text[]))", "Rows Removed by Filter": 1347315, "Exact Heap Blocks": 7426, "Lossy Heap Blocks": 7426, "Plans": [{"Node Type": "Bitmap Index Scan", "Parent Relationship": "Outer", "Index Name": "info_type_id_movie_info", "Startup Cost": 0.0, "Total Cost": 4841.46, "Plan Rows": 212428, "Plan Width": 0, "Actual Startup Time": 177.414, "Actual Total Time": 177.414, "Actual Rows": 1533909, "Actual Loops": 1, "Index Cond": "(info_type_id = it1.id)"}]}]}, {"Node Type": "Index Scan", "Parent Relationship": "Inner", "Scan Direction": "Forward", "Index Name": "movie_id_movie_info_idx", "Relation Name": "movie_info_idx", "Alias": "mi_idx", "Startup Cost": 0.0, "Total Cost": 0.53, "Plan Rows": 2, "Plan Width": 13, "Actual Startup Time": 551.966, "Actual Total Time": 679.576, "Actual Rows": 307785, "Actual Loops": 186594, "Index Cond": "(movie_id = mi.movie_id)", "Rows Removed by Index Recheck": 0}]}, {"Node Type": "Index Scan", "Parent Relationship": "Inner", "Scan Direction": "Forward", "Index Name": "info_type_pkey", "Relation Name": "info_type", "Alias": "it2", "Startup Cost": 0.0, "Total Cost": 0.27, "Plan Rows": 1, "Plan Width": 4, "Actual Startup Time": 567.478, "Actual Total Time": 567.478, "Actual Rows": 102516, "Actual Loops": 307785, "Index Cond": "(id = mi_idx.info_type_id)", "Rows Removed by Index Recheck": 0, "Filter": "((info)::text = 'votes'::text)", "Rows Removed by Filter": 205269}]}, {"Node Type": "Index Scan", "Parent Relationship": "Inner", "Scan Direction": "Forward", "Index Name": "title_pkey", "Relation Name": "title", "Alias": "t", "Startup Cost": 0.0, "Total Cost": 0.4, "Plan Rows": 1, "Plan Width": 21, "Actual Startup Time": 450.604, "Actual Total Time": 450.604, "Actual Rows": 102516, "Actual Loops": 102516, "Index Cond": "(id = mi_idx.movie_id)", "Rows Removed by Index Recheck": 0}]}, {"Node Type": "Index Scan", "Parent Relationship": "Inner", "Scan Direction": "Forward", "Index Name": "movie_id_cast_info", "Relation Name": "cast_info", "Alias": "ci", "Startup Cost": 0.0, "Total Cost": 1.01, "Plan Rows": 1, "Plan Width": 8, "Actual Startup Time": 7737.744, "Actual Total Time": 9080.501, "Actual Rows": 54155, "Actual Loops": 102516, "Index Cond": "(movie_id = t.id)", "Rows Removed by Index Recheck": 0, "Filter": "((note)::text = ANY ('{(writer),\"(head writer)\",\"(written by)\",(story),\"(story editor)\"}'::text[]))", "Rows Removed by Filter": 3987641}]}, {"Node Type": "Index Scan", "Parent Relationship": "Inner", "Scan Direction": "Forward", "Index Name": "name_pkey", "Relation Name": "name", "Alias": "n", "Startup Cost": 0.0, "Total Cost": 0.49, "Plan Rows": 1, "Plan Width": 4, "Actual Startup Time": 382.451, "Actual Total Time": 382.451, "Actual Rows": 28073, "Actual Loops": 54155, "Index Cond": "(id = ci.person_id)", "Rows Removed by Index Recheck": 0, "Filter": "((gender)::text = 'm'::text)", "Rows Removed by Filter": 26082}]}]}, "Triggers": [], "Planner Runtime": 23, "Total Runtime": 12968.437, "Unique SQL Id": 3913857139}}, "(16, 102)": {"explain_plan": {"Plan": {"Node Type": "Aggregate", "Strategy": "Plain", "Startup Cost": 71747.63, "Total Cost": 71747.64, "Plan Rows": 1, "Plan Width": 160, "Plans": [{"Node Type": "Nested Loop", "Parent Relationship": "Outer", "Join Type": "Inner", "Startup Cost": 6.3, "Total Cost": 71737.03, "Plan Rows": 1413, "Plan Width": 64, "Inner Unique": true, "Plans": [{"Node Type": "Nested Loop", "Parent Relationship": "Outer", "Join Type": "Inner", "Startup Cost": 5.99, "Total Cost": 66731.61, "Plan Rows": 1155, "Plan Width": 68, "Inner Unique": false, "Plans": [{"Node Type": "Nested Loop", "Parent Relationship": "Outer", "Join Type": "Inner", "Startup Cost": 5.48, "Total Cost": 61888.94, "Plan Rows": 1044, "Plan Width": 76, "Inner Unique": true, "Join Filter": "(mi.movie_id = t.id)", "Plans": [{"Node Type": "Hash Join", "Parent Relationship": "Outer", "Join Type": "Inner", "Startup Cost": 5.19, "Total Cost": 57389.75, "Plan Rows": 1044, "Plan Width": 55, "Inner Unique": true, "Hash Cond": "(mi_idx.info_type_id = it2.id)", "Plans": [{"Node Type": "Nested Loop", "Parent Relationship": "Outer", "Join Type": "Inner", "Startup Cost": 2.78, "Total Cost": 57366.43, "Plan Rows": 4175, "Plan Width": 59, "Inner Unique": false, "Plans": [{"Node Type": "Hash Join", "Parent Relationship": "Outer", "Join Type": "Inner", "Startup Cost": 2.41, "Total Cost": 45379.0, "Plan Rows": 2717, "Plan Width": 46, "Inner Unique": true, "Hash Cond": "(mi.info_type_id = it1.id)", "Plans": [{"Node Type": "Streaming(type: LOCAL GATHER dop: 1/16)", "Parent Relationship": "Outer", "Startup Cost": 0.0, "Total Cost": 44636.28, "Plan Rows": 190170, "Plan Width": 50, "Plans": [{"Node Type": "Seq Scan", "Parent Relationship": "Outer", "Relation Name": "movie_info", "Alias": "mi", "Startup Cost": 0.0, "Total Cost": 40532.03, "Plan Rows": 190170, "Plan Width": 50, "Filter": "((info)::text = ANY ('{Horror,Action,Sci-Fi,Thriller,Crime,War}'::text[]))"}]}, {"Node Type": "Hash", "Parent Relationship": "Inner", "Startup Cost": 2.4, "Total Cost": 2.4, "Plan Rows": 1, "Plan Width": 4, "Plans": [{"Node Type": "Seq Scan", "Parent Relationship": "Outer", "Relation Name": "info_type", "Alias": "it1", "Startup Cost": 0.0, "Total Cost": 2.4, "Plan Rows": 1, "Plan Width": 4, "Filter": "((info)::text = 'genres'::text)"}]}]}, {"Node Type": "Bitmap Heap Scan", "Parent Relationship": "Inner", "Relation Name": "movie_info_idx", "Alias": "mi_idx", "Startup Cost": 0.37, "Total Cost": 4.39, "Plan Rows": 2, "Plan Width": 13, "Recheck Cond": "(movie_id = mi.movie_id)", "Plans": [{"Node Type": "Bitmap Index Scan", "Parent Relationship": "Outer", "Index Name": "movie_id_movie_info_idx", "Startup Cost": 0.0, "Total Cost": 0.37, "Plan Rows": 2, "Plan Width": 0, "Index Cond": "(movie_id = mi.movie_id)"}]}]}, {"Node Type": "Hash", "Parent Relationship": "Inner", "Startup Cost": 2.4, "Total Cost": 2.4, "Plan Rows": 1, "Plan Width": 4, "Plans": [{"Node Type": "Seq Scan", "Parent Relationship": "Outer", "Relation Name": "info_type", "Alias": "it2", "Startup Cost": 0.0, "Total Cost": 2.4, "Plan Rows": 1, "Plan Width": 4, "Filter": "((info)::text = 'votes'::text)"}]}]}, {"Node Type": "Bitmap Heap Scan", "Parent Relationship": "Inner", "Relation Name": "title", "Alias": "t", "Startup Cost": 0.28, "Total Cost": 4.3, "Plan Rows": 1, "Plan Width": 21, "Recheck Cond": "(id = mi_idx.movie_id)", "Plans": [{"Node Type": "Bitmap Index Scan", "Parent Relationship": "Outer", "Index Name": "title_pkey", "Startup Cost": 0.0, "Total Cost": 0.28, "Plan Rows": 1, "Plan Width": 0, "Index Cond": "(id = mi_idx.movie_id)"}]}]}, {"Node Type": "Bitmap Heap Scan", "Parent Relationship": "Inner", "Relation Name": "cast_info", "Alias": "ci", "Startup Cost": 0.52, "Total Cost": 4.63, "Plan Rows": 1, "Plan Width": 8, "Recheck Cond": "(movie_id = t.id)", "Filter": "((note)::text = ANY ('{(writer),\"(head writer)\",\"(written by)\",(story),\"(story editor)\"}'::text[]))", "Plans": [{"Node Type": "Bitmap Index Scan", "Parent Relationship": "Outer", "Index Name": "movie_id_cast_info", "Startup Cost": 0.0, "Total Cost": 0.52, "Plan Rows": 6, "Plan Width": 0, "Index Cond": "(movie_id = t.id)"}]}]}, {"Node Type": "Bitmap Heap Scan", "Parent Relationship": "Inner", "Relation Name": "name", "Alias": "n", "Startup Cost": 0.31, "Total Cost": 4.32, "Plan Rows": 1, "Plan Width": 4, "Recheck Cond": "(id = ci.person_id)", "Filter": "((gender)::text = 'm'::text)", "Plans": [{"Node Type": "Bitmap Index Scan", "Parent Relationship": "Outer", "Index Name": "name_pkey", "Startup Cost": 0.0, "Total Cost": 0.31, "Plan Rows": 1, "Plan Width": 0, "Index Cond": "(id = ci.person_id)"}]}]}]}, "Unique SQL Id": 3913857139, "Planner Runtime": 91}, "explain_analyze_plan": {"Plan": {"Node Type": "Aggregate", "Strategy": "Plain", "Startup Cost": 71747.63, "Total Cost": 71747.64, "Plan Rows": 1, "Plan Width": 160, "Actual Min Startup Time": 14120.237, "Actual Max Startup Time": 14120.237, "Actual Min Total Time": 14120.237, "Actual Max Total Time": 14120.237, "Plans": [{"Node Type": "Nested Loop", "Parent Relationship": "Outer", "Join Type": "Inner", "Startup Cost": 6.3, "Total Cost": 71737.03, "Plan Rows": 1413, "Plan Width": 64, "Actual Min Startup Time": 420.288, "Actual Max Startup Time": 420.288, "Actual Min Total Time": 14074.02, "Actual Max Total Time": 14074.02, "Inner Unique": true, "Plans": [{"Node Type": "Nested Loop", "Parent Relationship": "Outer", "Join Type": "Inner", "Startup Cost": 5.99, "Total Cost": 66731.61, "Plan Rows": 1155, "Plan Width": 68, "Actual Min Startup Time": 420.214, "Actual Max Startup Time": 420.214, "Actual Min Total Time": 13537.319, "Actual Max Total Time": 13537.319, "Inner Unique": false, "Plans": [{"Node Type": "Nested Loop", "Parent Relationship": "Outer", "Join Type": "Inner", "Startup Cost": 5.48, "Total Cost": 61888.94, "Plan Rows": 1044, "Plan Width": 76, "Actual Min Startup Time": 420.164, "Actual Max Startup Time": 420.164, "Actual Min Total Time": 2606.215, "Actual Max Total Time": 2606.215, "Inner Unique": true, "Join Filter": "(mi.movie_id = t.id)", "Rows Removed by Join Filter": 0, "Plans": [{"Node Type": "Hash Join", "Parent Relationship": "Outer", "Join Type": "Inner", "Startup Cost": 5.19, "Total Cost": 57389.75, "Plan Rows": 1044, "Plan Width": 55, "Actual Min Startup Time": 420.138, "Actual Max Startup Time": 420.138, "Actual Min Total Time": 1842.669, "Actual Max Total Time": 1842.669, "Inner Unique": true, "Hash Cond": "(mi_idx.info_type_id = it2.id)", "Plans": [{"Node Type": "Nested Loop", "Parent Relationship": "Outer", "Join Type": "Inner", "Startup Cost": 2.78, "Total Cost": 57366.43, "Plan Rows": 4175, "Plan Width": 59, "Actual Min Startup Time": 420.0, "Actual Max Startup Time": 420.0, "Actual Min Total Time": 1736.972, "Actual Max Total Time": 1736.972, "Inner Unique": false, "Plans": [{"Node Type": "Hash Join", "Parent Relationship": "Outer", "Join Type": "Inner", "Startup Cost": 2.41, "Total Cost": 45379.0, "Plan Rows": 2717, "Plan Width": 46, "Actual Min Startup Time": 419.938, "Actual Max Startup Time": 419.938, "Actual Min Total Time": 592.2, "Actual Max Total Time": 592.2, "Inner Unique": true, "Hash Cond": "(mi.info_type_id = it1.id)", "Plans": [{"Node Type": "Streaming(type: LOCAL GATHER dop: 1/16)", "Parent Relationship": "Outer", "Startup Cost": 0.0, "Total Cost": 44636.28, "Plan Rows": 190170, "Plan Width": 50, "Actual Min Startup Time": 297.82, "Actual Max Startup Time": 297.82, "Actual Min Total Time": 480.846, "Actual Max Total Time": 480.846, "Plans": [{"Node Type": "Seq Scan", "Parent Relationship": "Outer", "Relation Name": "movie_info", "Alias": "mi", "Startup Cost": 0.0, "Total Cost": 40532.03, "Plan Rows": 190170, "Plan Width": 50, "Actual Min Startup Time": 226.092, "Actual Max Startup Time": 410.021, "Actual Min Total Time": 457.807, "Actual Max Total Time": 472.109, "Filter": "((info)::text = ANY ('{Horror,Action,Sci-Fi,Thriller,Crime,War}'::text[]))", "Rows Removed by Filter": 14646748, "Actual Rows": 188971}], "Actual Rows": 188971}, {"Node Type": "Hash", "Parent Relationship": "Inner", "Startup Cost": 2.4, "Total Cost": 2.4, "Plan Rows": 1, "Plan Width": 4, "Actual Min Startup Time": 0.049, "Actual Max Startup Time": 0.049, "Actual Min Total Time": 0.049, "Actual Max Total Time": 0.049, "Max Hash Buckets": 32768, "Min Hash Buckets": 32768, "Max Hash Batches": 1, "Min Hash Batches": 1, "Max Original Hash Batches": 1, "Min Original Hash Batches": 1, "Max Peak Memory Usage": 1, "min Peak Memory Usage": 1, "Plans": [{"Node Type": "Seq Scan", "Parent Relationship": "Outer", "Relation Name": "info_type", "Alias": "it1", "Startup Cost": 0.0, "Total Cost": 2.4, "Plan Rows": 1, "Plan Width": 4, "Actual Min Startup Time": 0.026, "Actual Max Startup Time": 0.026, "Actual Min Total Time": 0.048, "Actual Max Total Time": 0.048, "Filter": "((info)::text = 'genres'::text)", "Rows Removed by Filter": 111, "Actual Rows": 1}], "Actual Rows": 1}], "Actual Rows": 186594}, {"Node Type": "Bitmap Heap Scan", "Parent Relationship": "Inner", "Relation Name": "movie_info_idx", "Alias": "mi_idx", "Startup Cost": 0.37, "Total Cost": 4.39, "Plan Rows": 2, "Plan Width": 13, "Actual Min Startup Time": 786.648, "Actual Max Startup Time": 786.648, "Actual Min Total Time": 833.417, "Actual Max Total Time": 833.417, "Recheck Cond": "(movie_id = mi.movie_id)", "Rows Removed by Index Recheck": 0, "Exact Heap Blocks": 103610, "Lossy Heap Blocks": 103610, "Plans": [{"Node Type": "Bitmap Index Scan", "Parent Relationship": "Outer", "Index Name": "movie_id_movie_info_idx", "Startup Cost": 0.0, "Total Cost": 0.37, "Plan Rows": 2, "Plan Width": 0, "Actual Min Startup Time": 532.288, "Actual Max Startup Time": 532.288, "Actual Min Total Time": 532.288, "Actual Max Total Time": 532.288, "Index Cond": "(movie_id = mi.movie_id)", "Actual Rows": 307785}], "Actual Rows": 307785}], "Actual Rows": 307785}, {"Node Type": "Hash", "Parent Relationship": "Inner", "Startup Cost": 2.4, "Total Cost": 2.4, "Plan Rows": 1, "Plan Width": 4, "Actual Min Startup Time": 0.088, "Actual Max Startup Time": 0.088, "Actual Min Total Time": 0.088, "Actual Max Total Time": 0.088, "Max Hash Buckets": 32768, "Min Hash Buckets": 32768, "Max Hash Batches": 1, "Min Hash Batches": 1, "Max Original Hash Batches": 1, "Min Original Hash Batches": 1, "Max Peak Memory Usage": 1, "min Peak Memory Usage": 1, "Plans": [{"Node Type": "Seq Scan", "Parent Relationship": "Outer", "Relation Name": "info_type", "Alias": "it2", "Startup Cost": 0.0, "Total Cost": 2.4, "Plan Rows": 1, "Plan Width": 4, "Actual Min Startup Time": 0.068, "Actual Max Startup Time": 0.068, "Actual Min Total Time": 0.073, "Actual Max Total Time": 0.073, "Filter": "((info)::text = 'votes'::text)", "Rows Removed by Filter": 111, "Actual Rows": 1}], "Actual Rows": 1}], "Actual Rows": 102516}, {"Node Type": "Bitmap Heap Scan", "Parent Relationship": "Inner", "Relation Name": "title", "Alias": "t", "Startup Cost": 0.28, "Total Cost": 4.3, "Plan Rows": 1, "Plan Width": 21, "Actual Min Startup Time": 586.533, "Actual Max Startup Time": 586.533, "Actual Min Total Time": 586.533, "Actual Max Total Time": 586.533, "Recheck Cond": "(id = mi_idx.movie_id)", "Rows Removed by Index Recheck": 0, "Exact Heap Blocks": 102516, "Lossy Heap Blocks": 102516, "Plans": [{"Node Type": "Bitmap Index Scan", "Parent Relationship": "Outer", "Index Name": "title_pkey", "Startup Cost": 0.0, "Total Cost": 0.28, "Plan Rows": 1, "Plan Width": 0, "Actual Min Startup Time": 316.38, "Actual Max Startup Time": 316.38, "Actual Min Total Time": 316.38, "Actual Max Total Time": 316.38, "Index Cond": "(id = mi_idx.movie_id)", "Actual Rows": 102516}], "Actual Rows": 102516}], "Actual Rows": 102516}, {"Node Type": "Bitmap Heap Scan", "Parent Relationship": "Inner", "Relation Name": "cast_info", "Alias": "ci", "Startup Cost": 0.52, "Total Cost": 4.63, "Plan Rows": 1, "Plan Width": 8, "Actual Min Startup Time": 9315.695, "Actual Max Startup Time": 9315.695, "Actual Min Total Time": 10768.773, "Actual Max Total Time": 10768.773, "Recheck Cond": "(movie_id = t.id)", "Rows Removed by Index Recheck": 0, "Filter": "((note)::text = ANY ('{(writer),\"(head writer)\",\"(written by)\",(story),\"(story editor)\"}'::text[]))", "Rows Removed by Filter": 3987641, "Exact Heap Blocks": 3901088, "Lossy Heap Blocks": 3901088, "Plans": [{"Node Type": "Bitmap Index Scan", "Parent Relationship": "Outer", "Index Name": "movie_id_cast_info", "Startup Cost": 0.0, "Total Cost": 0.52, "Plan Rows": 6, "Plan Width": 0, "Actual Min Startup Time": 1110.581, "Actual Max Startup Time": 1110.581, "Actual Min Total Time": 1110.581, "Actual Max Total Time": 1110.581, "Index Cond": "(movie_id = t.id)", "Actual Rows": 4041796}], "Actual Rows": 54155}], "Actual Rows": 54155}, {"Node Type": "Bitmap Heap Scan", "Parent Relationship": "Inner", "Relation Name": "name", "Alias": "n", "Startup Cost": 0.31, "Total Cost": 4.32, "Plan Rows": 1, "Plan Width": 4, "Actual Min Startup Time": 447.166, "Actual Max Startup Time": 447.166, "Actual Min Total Time": 447.166, "Actual Max Total Time": 447.166, "Recheck Cond": "(id = ci.person_id)", "Rows Removed by Index Recheck": 0, "Filter": "((gender)::text = 'm'::text)", "Rows Removed by Filter": 26082, "Exact Heap Blocks": 54155, "Lossy Heap Blocks": 54155, "Plans": [{"Node Type": "Bitmap Index Scan", "Parent Relationship": "Outer", "Index Name": "name_pkey", "Startup Cost": 0.0, "Total Cost": 0.31, "Plan Rows": 1, "Plan Width": 0, "Actual Min Startup Time": 286.34, "Actual Max Startup Time": 286.34, "Actual Min Total Time": 286.34, "Actual Max Total Time": 286.34, "Index Cond": "(id = ci.person_id)", "Actual Rows": 54155}], "Actual Rows": 28073}], "Actual Rows": 28073}], "Actual Rows": 1}, "Triggers": [], "Planner Runtime": 91, "Total Runtime": 14122.971, "Unique SQL Id": 3913857139}}, "(16, 103)": {"explain_plan": {"Plan": {"Node Type": "Aggregate", "Strategy": "Plain", "Startup Cost": 191364.35, "Total Cost": 191364.36, "Plan Rows": 1, "Plan Width": 160, "Plans": [{"Node Type": "Nested Loop", "Parent Relationship": "Outer", "Join Type": "Inner", "Startup Cost": 4866.65, "Total Cost": 191353.75, "Plan Rows": 1413, "Plan Width": 64, "Inner Unique": true, "Plans": [{"Node Type": "Nested Loop", "Parent Relationship": "Outer", "Join Type": "Inner", "Startup Cost": 4866.34, "Total Cost": 186348.33, "Plan Rows": 1155, "Plan Width": 68, "Inner Unique": false, "Plans": [{"Node Type": "Nested Loop", "Parent Relationship": "Outer", "Join Type": "Inner", "Startup Cost": 4865.82, "Total Cost": 181505.66, "Plan Rows": 1044, "Plan Width": 76, "Inner Unique": true, "Join Filter": "(mi.movie_id = t.id)", "Plans": [{"Node Type": "Hash Join", "Parent Relationship": "Outer", "Join Type": "Inner", "Startup Cost": 4865.54, "Total Cost": 177006.47, "Plan Rows": 1044, "Plan Width": 55, "Inner Unique": true, "Hash Cond": "(mi_idx.info_type_id = it2.id)", "Plans": [{"Node Type": "Nested Loop", "Parent Relationship": "Outer", "Join Type": "Inner", "Startup Cost": 4851.32, "Total Cost": 176971.34, "Plan Rows": 4175, "Plan Width": 59, "Inner Unique": false, "Plans": [{"Node Type": "Nested Loop", "Parent Relationship": "Outer", "Join Type": "Inner", "Startup Cost": 4850.95, "Total Cost": 164983.91, "Plan Rows": 2717, "Plan Width": 46, "Inner Unique": false, "Plans": [{"Node Type": "Bitmap Heap Scan", "Parent Relationship": "Outer", "Relation Name": "info_type", "Alias": "it1", "Startup Cost": 8.81, "Total Cost": 14.21, "Plan Rows": 1, "Plan Width": 4, "Filter": "((info)::text = 'genres'::text)", "Plans": [{"Node Type": "Bitmap Index Scan", "Parent Relationship": "Outer", "Index Name": "info_type_pkey", "Startup Cost": 0.0, "Total Cost": 8.81, "Plan Rows": 112, "Plan Width": 0}]}, {"Node Type": "Bitmap Heap Scan", "Parent Relationship": "Inner", "Relation Name": "movie_info", "Alias": "mi", "Startup Cost": 4842.14, "Total Cost": 164942.53, "Plan Rows": 2717, "Plan Width": 50, "Recheck Cond": "(info_type_id = it1.id)", "Filter": "((info)::text = ANY ('{Horror,Action,Sci-Fi,Thriller,Crime,War}'::text[]))", "Plans": [{"Node Type": "Bitmap Index Scan", "Parent Relationship": "Outer", "Index Name": "info_type_id_movie_info", "Startup Cost": 0.0, "Total Cost": 4841.46, "Plan Rows": 212428, "Plan Width": 0, "Index Cond": "(info_type_id = it1.id)"}]}]}, {"Node Type": "Bitmap Heap Scan", "Parent Relationship": "Inner", "Relation Name": "movie_info_idx", "Alias": "mi_idx", "Startup Cost": 0.37, "Total Cost": 4.39, "Plan Rows": 2, "Plan Width": 13, "Recheck Cond": "(movie_id = mi.movie_id)", "Plans": [{"Node Type": "Bitmap Index Scan", "Parent Relationship": "Outer", "Index Name": "movie_id_movie_info_idx", "Startup Cost": 0.0, "Total Cost": 0.37, "Plan Rows": 2, "Plan Width": 0, "Index Cond": "(movie_id = mi.movie_id)"}]}]}, {"Node Type": "Hash", "Parent Relationship": "Inner", "Startup Cost": 14.21, "Total Cost": 14.21, "Plan Rows": 1, "Plan Width": 4, "Plans": [{"Node Type": "Bitmap Heap Scan", "Parent Relationship": "Outer", "Relation Name": "info_type", "Alias": "it2", "Startup Cost": 8.81, "Total Cost": 14.21, "Plan Rows": 1, "Plan Width": 4, "Filter": "((info)::text = 'votes'::text)", "Plans": [{"Node Type": "Bitmap Index Scan", "Parent Relationship": "Outer", "Index Name": "info_type_pkey", "Startup Cost": 0.0, "Total Cost": 8.81, "Plan Rows": 112, "Plan Width": 0}]}]}]}, {"Node Type": "Bitmap Heap Scan", "Parent Relationship": "Inner", "Relation Name": "title", "Alias": "t", "Startup Cost": 0.28, "Total Cost": 4.3, "Plan Rows": 1, "Plan Width": 21, "Recheck Cond": "(id = mi_idx.movie_id)", "Plans": [{"Node Type": "Bitmap Index Scan", "Parent Relationship": "Outer", "Index Name": "title_pkey", "Startup Cost": 0.0, "Total Cost": 0.28, "Plan Rows": 1, "Plan Width": 0, "Index Cond": "(id = mi_idx.movie_id)"}]}]}, {"Node Type": "Bitmap Heap Scan", "Parent Relationship": "Inner", "Relation Name": "cast_info", "Alias": "ci", "Startup Cost": 0.52, "Total Cost": 4.63, "Plan Rows": 1, "Plan Width": 8, "Recheck Cond": "(movie_id = t.id)", "Filter": "((note)::text = ANY ('{(writer),\"(head writer)\",\"(written by)\",(story),\"(story editor)\"}'::text[]))", "Plans": [{"Node Type": "Bitmap Index Scan", "Parent Relationship": "Outer", "Index Name": "movie_id_cast_info", "Startup Cost": 0.0, "Total Cost": 0.52, "Plan Rows": 6, "Plan Width": 0, "Index Cond": "(movie_id = t.id)"}]}]}, {"Node Type": "Bitmap Heap Scan", "Parent Relationship": "Inner", "Relation Name": "name", "Alias": "n", "Startup Cost": 0.31, "Total Cost": 4.32, "Plan Rows": 1, "Plan Width": 4, "Recheck Cond": "(id = ci.person_id)", "Filter": "((gender)::text = 'm'::text)", "Plans": [{"Node Type": "Bitmap Index Scan", "Parent Relationship": "Outer", "Index Name": "name_pkey", "Startup Cost": 0.0, "Total Cost": 0.31, "Plan Rows": 1, "Plan Width": 0, "Index Cond": "(id = ci.person_id)"}]}]}]}, "Unique SQL Id": 3913857139, "Planner Runtime": 16}, "explain_analyze_plan": {"Plan": {"Node Type": "Aggregate", "Strategy": "Plain", "Startup Cost": 191364.35, "Total Cost": 191364.36, "Plan Rows": 1, "Plan Width": 160, "Actual Startup Time": 14478.476, "Actual Total Time": 14478.476, "Actual Rows": 1, "Actual Loops": 1, "Plans": [{"Node Type": "Nested Loop", "Parent Relationship": "Outer", "Join Type": "Inner", "Startup Cost": 4866.65, "Total Cost": 191353.75, "Plan Rows": 1413, "Plan Width": 64, "Actual Startup Time": 181.639, "Actual Total Time": 14430.03, "Actual Rows": 28073, "Actual Loops": 1, "Inner Unique": true, "Plans": [{"Node Type": "Nested Loop", "Parent Relationship": "Outer", "Join Type": "Inner", "Startup Cost": 4866.34, "Total Cost": 186348.33, "Plan Rows": 1155, "Plan Width": 68, "Actual Startup Time": 178.932, "Actual Total Time": 13902.05, "Actual Rows": 54155, "Actual Loops": 1, "Inner Unique": false, "Plans": [{"Node Type": "Nested Loop", "Parent Relationship": "Outer", "Join Type": "Inner", "Startup Cost": 4865.82, "Total Cost": 181505.66, "Plan Rows": 1044, "Plan Width": 76, "Actual Startup Time": 175.815, "Actual Total Time": 3145.327, "Actual Rows": 102516, "Actual Loops": 1, "Inner Unique": true, "Join Filter": "(mi.movie_id = t.id)", "Rows Removed by Join Filter": 0, "Plans": [{"Node Type": "Hash Join", "Parent Relationship": "Outer", "Join Type": "Inner", "Startup Cost": 4865.54, "Total Cost": 177006.47, "Plan Rows": 1044, "Plan Width": 55, "Actual Startup Time": 175.79, "Actual Total Time": 2401.505, "Actual Rows": 102516, "Actual Loops": 1, "Inner Unique": true, "Hash Cond": "(mi_idx.info_type_id = it2.id)", "Plans": [{"Node Type": "Nested Loop", "Parent Relationship": "Outer", "Join Type": "Inner", "Startup Cost": 4851.32, "Total Cost": 176971.34, "Plan Rows": 4175, "Plan Width": 59, "Actual Startup Time": 175.655, "Actual Total Time": 2289.636, "Actual Rows": 307785, "Actual Loops": 1, "Inner Unique": false, "Plans": [{"Node Type": "Nested Loop", "Parent Relationship": "Outer", "Join Type": "Inner", "Startup Cost": 4850.95, "Total Cost": 164983.91, "Plan Rows": 2717, "Plan Width": 46, "Actual Startup Time": 175.611, "Actual Total Time": 1165.286, "Actual Rows": 186594, "Actual Loops": 1, "Inner Unique": false, "Plans": [{"Node Type": "Bitmap Heap Scan", "Parent Relationship": "Outer", "Relation Name": "info_type", "Alias": "it1", "Startup Cost": 8.81, "Total Cost": 14.21, "Plan Rows": 1, "Plan Width": 4, "Actual Startup Time": 0.029, "Actual Total Time": 0.06, "Actual Rows": 1, "Actual Loops": 1, "Filter": "((info)::text = 'genres'::text)", "Rows Removed by Filter": 111, "Exact Heap Blocks": 1, "Lossy Heap Blocks": 1, "Plans": [{"Node Type": "Bitmap Index Scan", "Parent Relationship": "Outer", "Index Name": "info_type_pkey", "Startup Cost": 0.0, "Total Cost": 8.81, "Plan Rows": 112, "Plan Width": 0, "Actual Startup Time": 0.009, "Actual Total Time": 0.009, "Actual Rows": 112, "Actual Loops": 1}]}, {"Node Type": "Bitmap Heap Scan", "Parent Relationship": "Inner", "Relation Name": "movie_info", "Alias": "mi", "Startup Cost": 4842.14, "Total Cost": 164942.53, "Plan Rows": 2717, "Plan Width": 50, "Actual Startup Time": 175.576, "Actual Total Time": 1120.064, "Actual Rows": 186594, "Actual Loops": 1, "Recheck Cond": "(info_type_id = it1.id)", "Rows Removed by Index Recheck": 0, "Filter": "((info)::text = ANY ('{Horror,Action,Sci-Fi,Thriller,Crime,War}'::text[]))", "Rows Removed by Filter": 1347315, "Exact Heap Blocks": 7426, "Lossy Heap Blocks": 7426, "Plans": [{"Node Type": "Bitmap Index Scan", "Parent Relationship": "Outer", "Index Name": "info_type_id_movie_info", "Startup Cost": 0.0, "Total Cost": 4841.46, "Plan Rows": 212428, "Plan Width": 0, "Actual Startup Time": 174.184, "Actual Total Time": 174.184, "Actual Rows": 1533909, "Actual Loops": 1, "Index Cond": "(info_type_id = it1.id)"}]}]}, {"Node Type": "Bitmap Heap Scan", "Parent Relationship": "Inner", "Relation Name": "movie_info_idx", "Alias": "mi_idx", "Startup Cost": 0.37, "Total Cost": 4.39, "Plan Rows": 2, "Plan Width": 13, "Actual Startup Time": 770.124, "Actual Total Time": 815.456, "Actual Rows": 307785, "Actual Loops": 186594, "Recheck Cond": "(movie_id = mi.movie_id)", "Rows Removed by Index Recheck": 0, "Exact Heap Blocks": 103610, "Lossy Heap Blocks": 103610, "Plans": [{"Node Type": "Bitmap Index Scan", "Parent Relationship": "Outer", "Index Name": "movie_id_movie_info_idx", "Startup Cost": 0.0, "Total Cost": 0.37, "Plan Rows": 2, "Plan Width": 0, "Actual Startup Time": 522.336, "Actual Total Time": 522.336, "Actual Rows": 307785, "Actual Loops": 186594, "Index Cond": "(movie_id = mi.movie_id)"}]}]}, {"Node Type": "Hash", "Parent Relationship": "Inner", "Startup Cost": 14.21, "Total Cost": 14.21, "Plan Rows": 1, "Plan Width": 4, "Actual Startup Time": 0.083, "Actual Total Time": 0.083, "Actual Rows": 1, "Actual Loops": 1, "Hash Buckets": 32768, "Hash Batches": 1, "Original Hash Batches": 1, "Peak Memory Usage": 1, "Plans": [{"Node Type": "Bitmap Heap Scan", "Parent Relationship": "Outer", "Relation Name": "info_type", "Alias": "it2", "Startup Cost": 8.81, "Total Cost": 14.21, "Plan Rows": 1, "Plan Width": 4, "Actual Startup Time": 0.075, "Actual Total Time": 0.078, "Actual Rows": 1, "Actual Loops": 1, "Filter": "((info)::text = 'votes'::text)", "Rows Removed by Filter": 111, "Exact Heap Blocks": 1, "Lossy Heap Blocks": 1, "Plans": [{"Node Type": "Bitmap Index Scan", "Parent Relationship": "Outer", "Index Name": "info_type_pkey", "Startup Cost": 0.0, "Total Cost": 8.81, "Plan Rows": 112, "Plan Width": 0, "Actual Startup Time": 0.015, "Actual Total Time": 0.015, "Actual Rows": 112, "Actual Loops": 1}]}]}]}, {"Node Type": "Bitmap Heap Scan", "Parent Relationship": "Inner", "Relation Name": "title", "Alias": "t", "Startup Cost": 0.28, "Total Cost": 4.3, "Plan Rows": 1, "Plan Width": 21, "Actual Startup Time": 567.24, "Actual Total Time": 567.24, "Actual Rows": 102516, "Actual Loops": 102516, "Recheck Cond": "(id = mi_idx.movie_id)", "Rows Removed by Index Recheck": 0, "Exact Heap Blocks": 102516, "Lossy Heap Blocks": 102516, "Plans": [{"Node Type": "Bitmap Index Scan", "Parent Relationship": "Outer", "Index Name": "title_pkey", "Startup Cost": 0.0, "Total Cost": 0.28, "Plan Rows": 1, "Plan Width": 0, "Actual Startup Time": 311.351, "Actual Total Time": 311.351, "Actual Rows": 102516, "Actual Loops": 102516, "Index Cond": "(id = mi_idx.movie_id)"}]}]}, {"Node Type": "Bitmap Heap Scan", "Parent Relationship": "Inner", "Relation Name": "cast_info", "Alias": "ci", "Startup Cost": 0.52, "Total Cost": 4.63, "Plan Rows": 1, "Plan Width": 8, "Actual Startup Time": 9158.039, "Actual Total Time": 10591.257, "Actual Rows": 54155, "Actual Loops": 102516, "Recheck Cond": "(movie_id = t.id)", "Rows Removed by Index Recheck": 0, "Filter": "((note)::text = ANY ('{(writer),\"(head writer)\",\"(written by)\",(story),\"(story editor)\"}'::text[]))", "Rows Removed by Filter": 3987641, "Exact Heap Blocks": 3901088, "Lossy Heap Blocks": 3901088, "Plans": [{"Node Type": "Bitmap Index Scan", "Parent Relationship": "Outer", "Index Name": "movie_id_cast_info", "Startup Cost": 0.0, "Total Cost": 0.52, "Plan Rows": 6, "Plan Width": 0, "Actual Startup Time": 1100.831, "Actual Total Time": 1100.831, "Actual Rows": 4041796, "Actual Loops": 102516, "Index Cond": "(movie_id = t.id)"}]}]}, {"Node Type": "Bitmap Heap Scan", "Parent Relationship": "Inner", "Relation Name": "name", "Alias": "n", "Startup Cost": 0.31, "Total Cost": 4.32, "Plan Rows": 1, "Plan Width": 4, "Actual Startup Time": 439.595, "Actual Total Time": 439.595, "Actual Rows": 28073, "Actual Loops": 54155, "Recheck Cond": "(id = ci.person_id)", "Rows Removed by Index Recheck": 0, "Filter": "((gender)::text = 'm'::text)", "Rows Removed by Filter": 26082, "Exact Heap Blocks": 54155, "Lossy Heap Blocks": 54155, "Plans": [{"Node Type": "Bitmap Index Scan", "Parent Relationship": "Outer", "Index Name": "name_pkey", "Startup Cost": 0.0, "Total Cost": 0.31, "Plan Rows": 1, "Plan Width": 0, "Actual Startup Time": 283.754, "Actual Total Time": 283.754, "Actual Rows": 54155, "Actual Loops": 54155, "Index Cond": "(id = ci.person_id)"}]}]}]}, "Triggers": [], "Planner Runtime": 16, "Total Runtime": 14478.771, "Unique SQL Id": 3913857139}}, "(16, 104)": {"explain_plan": {"Plan": {"Node Type": "Aggregate", "Strategy": "Plain", "Startup Cost": 48970.06, "Total Cost": 48970.07, "Plan Rows": 1, "Plan Width": 160, "Plans": [{"Node Type": "Nested Loop", "Parent Relationship": "Outer", "Join Type": "Inner", "Startup Cost": 4.83, "Total Cost": 48959.46, "Plan Rows": 1413, "Plan Width": 64, "Inner Unique": true, "Plans": [{"Node Type": "Nested Loop", "Parent Relationship": "Outer", "Join Type": "Inner", "Startup Cost": 4.83, "Total Cost": 48380.19, "Plan Rows": 1155, "Plan Width": 68, "Inner Unique": false, "Plans": [{"Node Type": "Nested Loop", "Parent Relationship": "Outer", "Join Type": "Inner", "Startup Cost": 4.83, "Total Cost": 47318.56, "Plan Rows": 1044, "Plan Width": 76, "Inner Unique": true, "Join Filter": "(mi.movie_id = t.id)", "Plans": [{"Node Type": "Hash Join", "Parent Relationship": "Outer", "Join Type": "Inner", "Startup Cost": 4.83, "Total Cost": 46890.37, "Plan Rows": 1044, "Plan Width": 55, "Inner Unique": true, "Hash Cond": "(mi_idx.info_type_id = it2.id)", "Plans": [{"Node Type": "Nested Loop", "Parent Relationship": "Outer", "Join Type": "Inner", "Startup Cost": 2.41, "Total Cost": 46867.05, "Plan Rows": 4175, "Plan Width": 59, "Inner Unique": false, "Plans": [{"Node Type": "Hash Join", "Parent Relationship": "Outer", "Join Type": "Inner", "Startup Cost": 2.41, "Total Cost": 45379.0, "Plan Rows": 2717, "Plan Width": 46, "Inner Unique": true, "Hash Cond": "(mi.info_type_id = it1.id)", "Plans": [{"Node Type": "Streaming(type: LOCAL GATHER dop: 1/16)", "Parent Relationship": "Outer", "Startup Cost": 0.0, "Total Cost": 44636.28, "Plan Rows": 190170, "Plan Width": 50, "Plans": [{"Node Type": "Seq Scan", "Parent Relationship": "Outer", "Relation Name": "movie_info", "Alias": "mi", "Startup Cost": 0.0, "Total Cost": 40532.03, "Plan Rows": 190170, "Plan Width": 50, "Filter": "((info)::text = ANY ('{Horror,Action,Sci-Fi,Thriller,Crime,War}'::text[]))"}]}, {"Node Type": "Hash", "Parent Relationship": "Inner", "Startup Cost": 2.4, "Total Cost": 2.4, "Plan Rows": 1, "Plan Width": 4, "Plans": [{"Node Type": "Seq Scan", "Parent Relationship": "Outer", "Relation Name": "info_type", "Alias": "it1", "Startup Cost": 0.0, "Total Cost": 2.4, "Plan Rows": 1, "Plan Width": 4, "Filter": "((info)::text = 'genres'::text)"}]}]}, {"Node Type": "Index Scan", "Parent Relationship": "Inner", "Scan Direction": "Forward", "Index Name": "movie_id_movie_info_idx", "Relation Name": "movie_info_idx", "Alias": "mi_idx", "Startup Cost": 0.0, "Total Cost": 0.53, "Plan Rows": 2, "Plan Width": 13, "Index Cond": "(movie_id = mi.movie_id)"}]}, {"Node Type": "Hash", "Parent Relationship": "Inner", "Startup Cost": 2.4, "Total Cost": 2.4, "Plan Rows": 1, "Plan Width": 4, "Plans": [{"Node Type": "Seq Scan", "Parent Relationship": "Outer", "Relation Name": "info_type", "Alias": "it2", "Startup Cost": 0.0, "Total Cost": 2.4, "Plan Rows": 1, "Plan Width": 4, "Filter": "((info)::text = 'votes'::text)"}]}]}, {"Node Type": "Index Scan", "Parent Relationship": "Inner", "Scan Direction": "Forward", "Index Name": "title_pkey", "Relation Name": "title", "Alias": "t", "Startup Cost": 0.0, "Total Cost": 0.4, "Plan Rows": 1, "Plan Width": 21, "Index Cond": "(id = mi_idx.movie_id)"}]}, {"Node Type": "Index Scan", "Parent Relationship": "Inner", "Scan Direction": "Forward", "Index Name": "movie_id_cast_info", "Relation Name": "cast_info", "Alias": "ci", "Startup Cost": 0.0, "Total Cost": 1.01, "Plan Rows": 1, "Plan Width": 8, "Index Cond": "(movie_id = t.id)", "Filter": "((note)::text = ANY ('{(writer),\"(head writer)\",\"(written by)\",(story),\"(story editor)\"}'::text[]))"}]}, {"Node Type": "Index Scan", "Parent Relationship": "Inner", "Scan Direction": "Forward", "Index Name": "name_pkey", "Relation Name": "name", "Alias": "n", "Startup Cost": 0.0, "Total Cost": 0.49, "Plan Rows": 1, "Plan Width": 4, "Index Cond": "(id = ci.person_id)", "Filter": "((gender)::text = 'm'::text)"}]}]}, "Unique SQL Id": 3913857139, "Planner Runtime": 87}, "explain_analyze_plan": {"Plan": {"Node Type": "Aggregate", "Strategy": "Plain", "Startup Cost": 48970.06, "Total Cost": 48970.07, "Plan Rows": 1, "Plan Width": 160, "Actual Min Startup Time": 11428.354, "Actual Max Startup Time": 11428.354, "Actual Min Total Time": 11428.354, "Actual Max Total Time": 11428.354, "Plans": [{"Node Type": "Nested Loop", "Parent Relationship": "Outer", "Join Type": "Inner", "Startup Cost": 4.83, "Total Cost": 48959.46, "Plan Rows": 1413, "Plan Width": 64, "Actual Min Startup Time": 421.357, "Actual Max Startup Time": 421.357, "Actual Min Total Time": 11391.752, "Actual Max Total Time": 11391.752, "Inner Unique": true, "Plans": [{"Node Type": "Nested Loop", "Parent Relationship": "Outer", "Join Type": "Inner", "Startup Cost": 4.83, "Total Cost": 48380.19, "Plan Rows": 1155, "Plan Width": 68, "Actual Min Startup Time": 421.33, "Actual Max Startup Time": 421.33, "Actual Min Total Time": 10978.419, "Actual Max Total Time": 10978.419, "Inner Unique": false, "Plans": [{"Node Type": "Nested Loop", "Parent Relationship": "Outer", "Join Type": "Inner", "Startup Cost": 4.83, "Total Cost": 47318.56, "Plan Rows": 1044, "Plan Width": 76, "Actual Min Startup Time": 420.004, "Actual Max Startup Time": 420.004, "Actual Min Total Time": 2049.757, "Actual Max Total Time": 2049.757, "Inner Unique": true, "Join Filter": "(mi.movie_id = t.id)", "Rows Removed by Join Filter": 0, "Plans": [{"Node Type": "Hash Join", "Parent Relationship": "Outer", "Join Type": "Inner", "Startup Cost": 4.83, "Total Cost": 46890.37, "Plan Rows": 1044, "Plan Width": 55, "Actual Min Startup Time": 419.982, "Actual Max Startup Time": 419.982, "Actual Min Total Time": 1501.868, "Actual Max Total Time": 1501.868, "Inner Unique": true, "Hash Cond": "(mi_idx.info_type_id = it2.id)", "Plans": [{"Node Type": "Nested Loop", "Parent Relationship": "Outer", "Join Type": "Inner", "Startup Cost": 2.41, "Total Cost": 46867.05, "Plan Rows": 4175, "Plan Width": 59, "Actual Min Startup Time": 419.853, "Actual Max Startup Time": 419.853, "Actual Min Total Time": 1408.474, "Actual Max Total Time": 1408.474, "Inner Unique": false, "Plans": [{"Node Type": "Hash Join", "Parent Relationship": "Outer", "Join Type": "Inner", "Startup Cost": 2.41, "Total Cost": 45379.0, "Plan Rows": 2717, "Plan Width": 46, "Actual Min Startup Time": 419.811, "Actual Max Startup Time": 419.811, "Actual Min Total Time": 588.454, "Actual Max Total Time": 588.454, "Inner Unique": true, "Hash Cond": "(mi.info_type_id = it1.id)", "Plans": [{"Node Type": "Streaming(type: LOCAL GATHER dop: 1/16)", "Parent Relationship": "Outer", "Startup Cost": 0.0, "Total Cost": 44636.28, "Plan Rows": 190170, "Plan Width": 50, "Actual Min Startup Time": 297.016, "Actual Max Startup Time": 297.016, "Actual Min Total Time": 485.889, "Actual Max Total Time": 485.889, "Plans": [{"Node Type": "Seq Scan", "Parent Relationship": "Outer", "Relation Name": "movie_info", "Alias": "mi", "Startup Cost": 0.0, "Total Cost": 40532.03, "Plan Rows": 190170, "Plan Width": 50, "Actual Min Startup Time": 226.105, "Actual Max Startup Time": 409.58, "Actual Min Total Time": 457.151, "Actual Max Total Time": 472.431, "Filter": "((info)::text = ANY ('{Horror,Action,Sci-Fi,Thriller,Crime,War}'::text[]))", "Rows Removed by Filter": 14646748, "Actual Rows": 188971}], "Actual Rows": 188971}, {"Node Type": "Hash", "Parent Relationship": "Inner", "Startup Cost": 2.4, "Total Cost": 2.4, "Plan Rows": 1, "Plan Width": 4, "Actual Min Startup Time": 0.047, "Actual Max Startup Time": 0.047, "Actual Min Total Time": 0.047, "Actual Max Total Time": 0.047, "Max Hash Buckets": 32768, "Min Hash Buckets": 32768, "Max Hash Batches": 1, "Min Hash Batches": 1, "Max Original Hash Batches": 1, "Min Original Hash Batches": 1, "Max Peak Memory Usage": 1, "min Peak Memory Usage": 1, "Plans": [{"Node Type": "Seq Scan", "Parent Relationship": "Outer", "Relation Name": "info_type", "Alias": "it1", "Startup Cost": 0.0, "Total Cost": 2.4, "Plan Rows": 1, "Plan Width": 4, "Actual Min Startup Time": 0.019, "Actual Max Startup Time": 0.019, "Actual Min Total Time": 0.041, "Actual Max Total Time": 0.041, "Filter": "((info)::text = 'genres'::text)", "Rows Removed by Filter": 111, "Actual Rows": 1}], "Actual Rows": 1}], "Actual Rows": 186594}, {"Node Type": "Index Scan", "Parent Relationship": "Inner", "Scan Direction": "Forward", "Index Name": "movie_id_movie_info_idx", "Relation Name": "movie_info_idx", "Alias": "mi_idx", "Startup Cost": 0.0, "Total Cost": 0.53, "Plan Rows": 2, "Plan Width": 13, "Actual Min Startup Time": 534.672, "Actual Max Startup Time": 534.672, "Actual Min Total Time": 652.765, "Actual Max Total Time": 652.765, "Index Cond": "(movie_id = mi.movie_id)", "Rows Removed by Index Recheck": 0, "Actual Rows": 307785}], "Actual Rows": 307785}, {"Node Type": "Hash", "Parent Relationship": "Inner", "Startup Cost": 2.4, "Total Cost": 2.4, "Plan Rows": 1, "Plan Width": 4, "Actual Min Startup Time": 0.075, "Actual Max Startup Time": 0.075, "Actual Min Total Time": 0.075, "Actual Max Total Time": 0.075, "Max Hash Buckets": 32768, "Min Hash Buckets": 32768, "Max Hash Batches": 1, "Min Hash Batches": 1, "Max Original Hash Batches": 1, "Min Original Hash Batches": 1, "Max Peak Memory Usage": 1, "min Peak Memory Usage": 1, "Plans": [{"Node Type": "Seq Scan", "Parent Relationship": "Outer", "Relation Name": "info_type", "Alias": "it2", "Startup Cost": 0.0, "Total Cost": 2.4, "Plan Rows": 1, "Plan Width": 4, "Actual Min Startup Time": 0.062, "Actual Max Startup Time": 0.062, "Actual Min Total Time": 0.068, "Actual Max Total Time": 0.068, "Filter": "((info)::text = 'votes'::text)", "Rows Removed by Filter": 111, "Actual Rows": 1}], "Actual Rows": 1}], "Actual Rows": 102516}, {"Node Type": "Index Scan", "Parent Relationship": "Inner", "Scan Direction": "Forward", "Index Name": "title_pkey", "Relation Name": "title", "Alias": "t", "Startup Cost": 0.0, "Total Cost": 0.4, "Plan Rows": 1, "Plan Width": 21, "Actual Min Startup Time": 443.111, "Actual Max Startup Time": 443.111, "Actual Min Total Time": 443.111, "Actual Max Total Time": 443.111, "Index Cond": "(id = mi_idx.movie_id)", "Rows Removed by Index Recheck": 0, "Actual Rows": 102516}], "Actual Rows": 102516}, {"Node Type": "Index Scan", "Parent Relationship": "Inner", "Scan Direction": "Forward", "Index Name": "movie_id_cast_info", "Relation Name": "cast_info", "Alias": "ci", "Startup Cost": 0.0, "Total Cost": 1.01, "Plan Rows": 1, "Plan Width": 8, "Actual Min Startup Time": 7551.12, "Actual Max Startup Time": 7551.12, "Actual Min Total Time": 8858.779, "Actual Max Total Time": 8858.779, "Index Cond": "(movie_id = t.id)", "Rows Removed by Index Recheck": 0, "Filter": "((note)::text = ANY ('{(writer),\"(head writer)\",\"(written by)\",(story),\"(story editor)\"}'::text[]))", "Rows Removed by Filter": 3987641, "Actual Rows": 54155}], "Actual Rows": 54155}, {"Node Type": "Index Scan", "Parent Relationship": "Inner", "Scan Direction": "Forward", "Index Name": "name_pkey", "Relation Name": "name", "Alias": "n", "Startup Cost": 0.0, "Total Cost": 0.49, "Plan Rows": 1, "Plan Width": 4, "Actual Min Startup Time": 368.426, "Actual Max Startup Time": 368.426, "Actual Min Total Time": 368.426, "Actual Max Total Time": 368.426, "Index Cond": "(id = ci.person_id)", "Rows Removed by Index Recheck": 0, "Filter": "((gender)::text = 'm'::text)", "Rows Removed by Filter": 26082, "Actual Rows": 28073}], "Actual Rows": 28073}], "Actual Rows": 1}, "Triggers": [], "Planner Runtime": 87, "Total Runtime": 11431.111, "Unique SQL Id": 3913857139}}, "(16, 105)": {"explain_plan": {"Plan": {"Node Type": "Aggregate", "Strategy": "Plain", "Startup Cost": 383291.22, "Total Cost": 383291.23, "Plan Rows": 1, "Plan Width": 160, "Plans": [{"Node Type": "Nested Loop", "Parent Relationship": "Outer", "Join Type": "Inner", "Startup Cost": 14.22, "Total Cost": 383280.62, "Plan Rows": 1413, "Plan Width": 64, "Inner Unique": true, "Plans": [{"Node Type": "Nested Loop", "Parent Relationship": "Outer", "Join Type": "Inner", "Startup Cost": 14.22, "Total Cost": 382701.35, "Plan Rows": 1155, "Plan Width": 68, "Inner Unique": false, "Plans": [{"Node Type": "Nested Loop", "Parent Relationship": "Outer", "Join Type": "Inner", "Startup Cost": 14.22, "Total Cost": 381639.72, "Plan Rows": 1044, "Plan Width": 76, "Inner Unique": true, "Join Filter": "(mi.movie_id = t.id)", "Plans": [{"Node Type": "Hash Join", "Parent Relationship": "Outer", "Join Type": "Inner", "Startup Cost": 14.22, "Total Cost": 381211.53, "Plan Rows": 1044, "Plan Width": 55, "Inner Unique": true, "Hash Cond": "(mi.info_type_id = it1.id)", "Plans": [{"Node Type": "Nested Loop", "Parent Relationship": "Outer", "Join Type": "Inner", "Startup Cost": 0.0, "Total Cost": 380590.58, "Plan Rows": 229029, "Plan Width": 59, "Inner Unique": false, "Plans": [{"Node Type": "Nested Loop", "Parent Relationship": "Outer", "Join Type": "Inner", "Startup Cost": 0.0, "Total Cost": 38338.2, "Plan Rows": 345008, "Plan Width": 9, "Inner Unique": false, "Plans": [{"Node Type": "Index Scan", "Parent Relationship": "Outer", "Scan Direction": "Forward", "Index Name": "info_type_pkey", "Relation Name": "info_type", "Alias": "it2", "Startup Cost": 0.0, "Total Cost": 14.21, "Plan Rows": 1, "Plan Width": 4, "Filter": "((info)::text = 'votes'::text)"}, {"Node Type": "Index Scan", "Parent Relationship": "Inner", "Scan Direction": "Forward", "Index Name": "info_type_id_movie_info_idx", "Relation Name": "movie_info_idx", "Alias": "mi_idx", "Startup Cost": 0.0, "Total Cost": 34873.91, "Plan Rows": 345008, "Plan Width": 13, "Index Cond": "(info_type_id = it2.id), (LLVM Optimized)"}]}, {"Node Type": "Index Scan", "Parent Relationship": "Inner", "Scan Direction": "Forward", "Index Name": "movie_id_movie_info", "Relation Name": "movie_info", "Alias": "mi", "Startup Cost": 0.0, "Total Cost": 0.98, "Plan Rows": 1, "Plan Width": 50, "Index Cond": "(movie_id = mi_idx.movie_id)", "Filter": "((info)::text = ANY ('{Horror,Action,Sci-Fi,Thriller,Crime,War}'::text[]))"}]}, {"Node Type": "Hash", "Parent Relationship": "Inner", "Startup Cost": 14.21, "Total Cost": 14.21, "Plan Rows": 1, "Plan Width": 4, "Plans": [{"Node Type": "Index Scan", "Parent Relationship": "Outer", "Scan Direction": "Forward", "Index Name": "info_type_pkey", "Relation Name": "info_type", "Alias": "it1", "Startup Cost": 0.0, "Total Cost": 14.21, "Plan Rows": 1, "Plan Width": 4, "Filter": "((info)::text = 'genres'::text)"}]}]}, {"Node Type": "Index Scan", "Parent Relationship": "Inner", "Scan Direction": "Forward", "Index Name": "title_pkey", "Relation Name": "title", "Alias": "t", "Startup Cost": 0.0, "Total Cost": 0.4, "Plan Rows": 1, "Plan Width": 21, "Index Cond": "(id = mi_idx.movie_id)"}]}, {"Node Type": "Index Scan", "Parent Relationship": "Inner", "Scan Direction": "Forward", "Index Name": "movie_id_cast_info", "Relation Name": "cast_info", "Alias": "ci", "Startup Cost": 0.0, "Total Cost": 1.01, "Plan Rows": 1, "Plan Width": 8, "Index Cond": "(movie_id = t.id)", "Filter": "((note)::text = ANY ('{(writer),\"(head writer)\",\"(written by)\",(story),\"(story editor)\"}'::text[]))"}]}, {"Node Type": "Index Scan", "Parent Relationship": "Inner", "Scan Direction": "Forward", "Index Name": "name_pkey", "Relation Name": "name", "Alias": "n", "Startup Cost": 0.0, "Total Cost": 0.49, "Plan Rows": 1, "Plan Width": 4, "Index Cond": "(id = ci.person_id)", "Filter": "((gender)::text = 'm'::text)"}]}]}, "Unique SQL Id": 3913857139, "Planner Runtime": 23}, "explain_analyze_plan": {"Plan": {"Node Type": "Aggregate", "Strategy": "Plain", "Startup Cost": 383291.22, "Total Cost": 383291.23, "Plan Rows": 1, "Plan Width": 160, "Actual Startup Time": 19726.068, "Actual Total Time": 19726.068, "Actual Rows": 1, "Actual Loops": 1, "Plans": [{"Node Type": "Nested Loop", "Parent Relationship": "Outer", "Join Type": "Inner", "Startup Cost": 14.22, "Total Cost": 383280.62, "Plan Rows": 1413, "Plan Width": 64, "Actual Startup Time": 29.467, "Actual Total Time": 19684.522, "Actual Rows": 28073, "Actual Loops": 1, "Inner Unique": true, "Plans": [{"Node Type": "Nested Loop", "Parent Relationship": "Outer", "Join Type": "Inner", "Startup Cost": 14.22, "Total Cost": 382701.35, "Plan Rows": 1155, "Plan Width": 68, "Actual Startup Time": 14.626, "Actual Total Time": 19249.255, "Actual Rows": 54155, "Actual Loops": 1, "Inner Unique": false, "Plans": [{"Node Type": "Nested Loop", "Parent Relationship": "Outer", "Join Type": "Inner", "Startup Cost": 14.22, "Total Cost": 381639.72, "Plan Rows": 1044, "Plan Width": 76, "Actual Startup Time": 0.893, "Actual Total Time": 10080.316, "Actual Rows": 102516, "Actual Loops": 1, "Inner Unique": true, "Join Filter": "(mi.movie_id = t.id)", "Rows Removed by Join Filter": 0, "Plans": [{"Node Type": "Hash Join", "Parent Relationship": "Outer", "Join Type": "Inner", "Startup Cost": 14.22, "Total Cost": 381211.53, "Plan Rows": 1044, "Plan Width": 55, "Actual Startup Time": 0.881, "Actual Total Time": 9489.984, "Actual Rows": 102516, "Actual Loops": 1, "Inner Unique": true, "Hash Cond": "(mi.info_type_id = it1.id)", "Plans": [{"Node Type": "Nested Loop", "Parent Relationship": "Outer", "Join Type": "Inner", "Startup Cost": 0.0, "Total Cost": 380590.58, "Plan Rows": 229029, "Plan Width": 59, "Actual Startup Time": 0.775, "Actual Total Time": 9422.531, "Actual Rows": 104892, "Actual Loops": 1, "Inner Unique": false, "Plans": [{"Node Type": "Nested Loop", "Parent Relationship": "Outer", "Join Type": "Inner", "Startup Cost": 0.0, "Total Cost": 38338.2, "Plan Rows": 345008, "Plan Width": 9, "Actual Startup Time": 0.09, "Actual Total Time": 404.438, "Actual Rows": 459925, "Actual Loops": 1, "Inner Unique": false, "Plans": [{"Node Type": "Index Scan", "Parent Relationship": "Outer", "Scan Direction": "Forward", "Index Name": "info_type_pkey", "Relation Name": "info_type", "Alias": "it2", "Startup Cost": 0.0, "Total Cost": 14.21, "Plan Rows": 1, "Plan Width": 4, "Actual Startup Time": 0.071, "Actual Total Time": 0.087, "Actual Rows": 1, "Actual Loops": 1, "Filter": "((info)::text = 'votes'::text)", "Rows Removed by Filter": 111}, {"Node Type": "Index Scan", "Parent Relationship": "Inner", "Scan Direction": "Forward", "Index Name": "info_type_id_movie_info_idx", "Relation Name": "movie_info_idx", "Alias": "mi_idx", "Startup Cost": 0.0, "Total Cost": 34873.91, "Plan Rows": 345008, "Plan Width": 13, "Actual Startup Time": 0.015, "Actual Total Time": 295.839, "Actual Rows": 459925, "Actual Loops": 1, "Index Cond": "(info_type_id = it2.id), (LLVM Optimized, Jit Execute)", "Rows Removed by Index Recheck": 0}]}, {"Node Type": "Index Scan", "Parent Relationship": "Inner", "Scan Direction": "Forward", "Index Name": "movie_id_movie_info", "Relation Name": "movie_info", "Alias": "mi", "Startup Cost": 0.0, "Total Cost": 0.98, "Plan Rows": 1, "Plan Width": 50, "Actual Startup Time": 8584.991, "Actual Total Time": 8748.43, "Actual Rows": 104892, "Actual Loops": 459925, "Index Cond": "(movie_id = mi_idx.movie_id)", "Rows Removed by Index Recheck": 0, "Filter": "((info)::text = ANY ('{Horror,Action,Sci-Fi,Thriller,Crime,War}'::text[]))", "Rows Removed by Filter": 6825442}]}, {"Node Type": "Hash", "Parent Relationship": "Inner", "Startup Cost": 14.21, "Total Cost": 14.21, "Plan Rows": 1, "Plan Width": 4, "Actual Startup Time": 0.063, "Actual Total Time": 0.063, "Actual Rows": 1, "Actual Loops": 1, "Hash Buckets": 32768, "Hash Batches": 1, "Original Hash Batches": 1, "Peak Memory Usage": 1, "Plans": [{"Node Type": "Index Scan", "Parent Relationship": "Outer", "Scan Direction": "Forward", "Index Name": "info_type_pkey", "Relation Name": "info_type", "Alias": "it1", "Startup Cost": 0.0, "Total Cost": 14.21, "Plan Rows": 1, "Plan Width": 4, "Actual Startup Time": 0.012, "Actual Total Time": 0.057, "Actual Rows": 1, "Actual Loops": 1, "Filter": "((info)::text = 'genres'::text)", "Rows Removed by Filter": 111}]}]}, {"Node Type": "Index Scan", "Parent Relationship": "Inner", "Scan Direction": "Forward", "Index Name": "title_pkey", "Relation Name": "title", "Alias": "t", "Startup Cost": 0.0, "Total Cost": 0.4, "Plan Rows": 1, "Plan Width": 21, "Actual Startup Time": 470.468, "Actual Total Time": 470.468, "Actual Rows": 102516, "Actual Loops": 102516, "Index Cond": "(id = mi_idx.movie_id)", "Rows Removed by Index Recheck": 0}]}, {"Node Type": "Index Scan", "Parent Relationship": "Inner", "Scan Direction": "Forward", "Index Name": "movie_id_cast_info", "Relation Name": "cast_info", "Alias": "ci", "Startup Cost": 0.0, "Total Cost": 1.01, "Plan Rows": 1, "Plan Width": 8, "Actual Startup Time": 7755.277, "Actual Total Time": 9096.941, "Actual Rows": 54155, "Actual Loops": 102516, "Index Cond": "(movie_id = t.id)", "Rows Removed by Index Recheck": 0, "Filter": "((note)::text = ANY ('{(writer),\"(head writer)\",\"(written by)\",(story),\"(story editor)\"}'::text[]))", "Rows Removed by Filter": 3987641}]}, {"Node Type": "Index Scan", "Parent Relationship": "Inner", "Scan Direction": "Forward", "Index Name": "name_pkey", "Relation Name": "name", "Alias": "n", "Startup Cost": 0.0, "Total Cost": 0.49, "Plan Rows": 1, "Plan Width": 4, "Actual Startup Time": 388.127, "Actual Total Time": 388.127, "Actual Rows": 28073, "Actual Loops": 54155, "Index Cond": "(id = ci.person_id)", "Rows Removed by Index Recheck": 0, "Filter": "((gender)::text = 'm'::text)", "Rows Removed by Filter": 26082}]}]}, "Triggers": [], "Planner Runtime": 23, "Total Runtime": 19735.053, "Unique SQL Id": 3913857139}}, "(16, 106)": {"explain_plan": {"Plan": {"Node Type": "Aggregate", "Strategy": "Plain", "Startup Cost": 219702.22, "Total Cost": 219702.26, "Plan Rows": 1, "Plan Width": 160, "Plans": [{"Node Type": "Streaming(type: LOCAL GATHER dop: 1/16)", "Parent Relationship": "Outer", "Startup Cost": 219702.22, "Total Cost": 219702.26, "Plan Rows": 1, "Plan Width": 160, "Plans": [{"Node Type": "Aggregate", "Strategy": "Plain", "Parent Relationship": "Outer", "Startup Cost": 219702.22, "Total Cost": 219702.23, "Plan Rows": 1, "Plan Width": 160, "Plans": [{"Node Type": "Hash Join", "Parent Relationship": "Outer", "Join Type": "Inner", "Startup Cost": 112543.48, "Total Cost": 219691.62, "Plan Rows": 1413, "Plan Width": 64, "Inner Unique": true, "Hash Cond": "(ci.person_id = n.id)", "Plans": [{"Node Type": "Streaming(type: BROADCAST dop: 16/16)", "Parent Relationship": "Outer", "Startup Cost": 105816.51, "Total Cost": 212959.44, "Plan Rows": 18480, "Plan Width": 68, "Plans": [{"Node Type": "Hash Join", "Parent Relationship": "Outer", "Join Type": "Inner", "Startup Cost": 105816.51, "Total Cost": 197912.51, "Plan Rows": 1155, "Plan Width": 68, "Inner Unique": true, "Hash Cond": "(mi.movie_id = t.id)", "Plans": [{"Node Type": "Streaming(type: BROADCAST dop: 16/16)", "Parent Relationship": "Outer", "Startup Cost": 85086.95, "Total Cost": 177177.9, "Plan Rows": 18480, "Plan Width": 63, "Plans": [{"Node Type": "Hash Join", "Parent Relationship": "Outer", "Join Type": "Inner", "Startup Cost": 85086.95, "Total Cost": 162130.98, "Plan Rows": 1155, "Plan Width": 63, "Inner Unique": false, "Hash Cond": "(mi.movie_id = ci.movie_id)", "Plans": [{"Node Type": "Streaming(type: BROADCAST dop: 16/1)", "Parent Relationship": "Outer", "Startup Cost": 17350.12, "Total Cost": 94161.14, "Plan Rows": 16704, "Plan Width": 55, "Plans": [{"Node Type": "Hash Join", "Parent Relationship": "Outer", "Join Type": "Inner", "Startup Cost": 17350.12, "Total Cost": 78800.64, "Plan Rows": 1044, "Plan Width": 55, "Inner Unique": true, "Hash Cond": "(mi_idx.info_type_id = it2.id)", "Plans": [{"Node Type": "Streaming(type: LOCAL GATHER dop: 1/16)", "Parent Relationship": "Outer", "Startup Cost": 17347.71, "Total Cost": 78775.6, "Plan Rows": 4175, "Plan Width": 59, "Plans": [{"Node Type": "Hash Join", "Parent Relationship": "Outer", "Join Type": "Inner", "Startup Cost": 17347.71, "Total Cost": 78685.5, "Plan Rows": 4175, "Plan Width": 59, "Inner Unique": false, "Hash Cond": "(mi.movie_id = mi_idx.movie_id)", "Plans": [{"Node Type": "Streaming(type: BROADCAST dop: 16/1)", "Parent Relationship": "Outer", "Startup Cost": 2.41, "Total Cost": 61317.21, "Plan Rows": 43472, "Plan Width": 46, "Plans": [{"Node Type": "Hash Join", "Parent Relationship": "Outer", "Join Type": "Inner", "Startup Cost": 2.41, "Total Cost": 45379.0, "Plan Rows": 2717, "Plan Width": 46, "Inner Unique": true, "Hash Cond": "(mi.info_type_id = it1.id)", "Plans": [{"Node Type": "Streaming(type: LOCAL GATHER dop: 1/16)", "Parent Relationship": "Outer", "Startup Cost": 0.0, "Total Cost": 44636.28, "Plan Rows": 190170, "Plan Width": 50, "Plans": [{"Node Type": "Seq Scan", "Parent Relationship": "Outer", "Relation Name": "movie_info", "Alias": "mi", "Startup Cost": 0.0, "Total Cost": 40532.03, "Plan Rows": 190170, "Plan Width": 50, "Filter": "((info)::text = ANY ('{Horror,Action,Sci-Fi,Thriller,Crime,War}'::text[]))"}]}, {"Node Type": "Hash", "Parent Relationship": "Inner", "Startup Cost": 2.4, "Total Cost": 2.4, "Plan Rows": 1, "Plan Width": 4, "Plans": [{"Node Type": "Seq Scan", "Parent Relationship": "Outer", "Relation Name": "info_type", "Alias": "it1", "Startup Cost": 0.0, "Total Cost": 2.4, "Plan Rows": 1, "Plan Width": 4, "Filter": "((info)::text = 'genres'::text)"}]}]}]}, {"Node Type": "Hash", "Parent Relationship": "Inner", "Startup Cost": 16267.15, "Total Cost": 16267.15, "Plan Rows": 1380034, "Plan Width": 13, "Plans": [{"Node Type": "Seq Scan", "Parent Relationship": "Outer", "Relation Name": "movie_info_idx", "Alias": "mi_idx", "Startup Cost": 0.0, "Total Cost": 16267.15, "Plan Rows": 1380034, "Plan Width": 13}]}]}]}, {"Node Type": "Hash", "Parent Relationship": "Inner", "Startup Cost": 2.4, "Total Cost": 2.4, "Plan Rows": 1, "Plan Width": 4, "Plans": [{"Node Type": "Seq Scan", "Parent Relationship": "Outer", "Relation Name": "info_type", "Alias": "it2", "Startup Cost": 0.0, "Total Cost": 2.4, "Plan Rows": 1, "Plan Width": 4, "Filter": "((info)::text = 'votes'::text)"}]}]}]}, {"Node Type": "Hash", "Parent Relationship": "Inner", "Startup Cost": 66781.24, "Total Cost": 66781.24, "Plan Rows": 1223154, "Plan Width": 8, "Plans": [{"Node Type": "Seq Scan", "Parent Relationship": "Outer", "Relation Name": "cast_info", "Alias": "ci", "Startup Cost": 0.0, "Total Cost": 66781.24, "Plan Rows": 1223154, "Plan Width": 8, "Filter": "((note)::text = ANY ('{(writer),\"(head writer)\",\"(written by)\",(story),\"(story editor)\"}'::text[]))"}]}]}]}, {"Node Type": "Hash", "Parent Relationship": "Inner", "Startup Cost": 18754.32, "Total Cost": 18754.32, "Plan Rows": 2528311, "Plan Width": 21, "Plans": [{"Node Type": "Seq Scan", "Parent Relationship": "Outer", "Relation Name": "title", "Alias": "t", "Startup Cost": 0.0, "Total Cost": 18754.32, "Plan Rows": 2528311, "Plan Width": 21}]}]}]}, {"Node Type": "Hash", "Parent Relationship": "Inner", "Startup Cost": 21468.16, "Total Cost": 21468.16, "Plan Rows": 1740714, "Plan Width": 4, "Plans": [{"Node Type": "Seq Scan", "Parent Relationship": "Outer", "Relation Name": "name", "Alias": "n", "Startup Cost": 0.0, "Total Cost": 21468.16, "Plan Rows": 1740714, "Plan Width": 4, "Filter": "((gender)::text = 'm'::text), (LLVM Optimized)"}]}]}]}]}]}, "Unique SQL Id": 3913857139, "Planner Runtime": 156}, "explain_analyze_plan": {"Plan": {"Node Type": "Aggregate", "Strategy": "Plain", "Startup Cost": 219702.22, "Total Cost": 219702.26, "Plan Rows": 1, "Plan Width": 160, "Actual Min Startup Time": 2932.963, "Actual Max Startup Time": 2932.963, "Actual Min Total Time": 2932.963, "Actual Max Total Time": 2932.963, "Plans": [{"Node Type": "Streaming(type: LOCAL GATHER dop: 1/16)", "Parent Relationship": "Outer", "Startup Cost": 219702.22, "Total Cost": 219702.26, "Plan Rows": 1, "Plan Width": 160, "Actual Min Startup Time": 2932.239, "Actual Max Startup Time": 2932.239, "Actual Min Total Time": 2932.918, "Actual Max Total Time": 2932.918, "Plans": [{"Node Type": "Aggregate", "Strategy": "Plain", "Parent Relationship": "Outer", "Startup Cost": 219702.22, "Total Cost": 219702.23, "Plan Rows": 1, "Plan Width": 160, "Actual Min Startup Time": 2764.677, "Actual Max Startup Time": 2832.265, "Actual Min Total Time": 2764.677, "Actual Max Total Time": 2832.265, "Plans": [{"Node Type": "Hash Join", "Parent Relationship": "Outer", "Join Type": "Inner", "Startup Cost": 112543.48, "Total Cost": 219691.62, "Plan Rows": 1413, "Plan Width": 64, "Actual Min Startup Time": 949.353, "Actual Max Startup Time": 1016.927, "Actual Min Total Time": 2763.218, "Actual Max Total Time": 2830.705, "Inner Unique": true, "Hash Cond": "(ci.person_id = n.id)", "Plans": [{"Node Type": "Streaming(type: BROADCAST dop: 16/16)", "Parent Relationship": "Outer", "Startup Cost": 105816.51, "Total Cost": 212959.44, "Plan Rows": 18480, "Plan Width": 68, "Actual Min Startup Time": 815.893, "Actual Max Startup Time": 860.927, "Actual Min Total Time": 2611.444, "Actual Max Total Time": 2659.687, "Plans": [{"Node Type": "Hash Join", "Parent Relationship": "Outer", "Join Type": "Inner", "Startup Cost": 105816.51, "Total Cost": 197912.51, "Plan Rows": 1155, "Plan Width": 68, "Actual Min Startup Time": 946.621, "Actual Max Startup Time": 1006.919, "Actual Min Total Time": 2745.974, "Actual Max Total Time": 2798.171, "Inner Unique": true, "Hash Cond": "(mi.movie_id = t.id)", "Plans": [{"Node Type": "Streaming(type: BROADCAST dop: 16/16)", "Parent Relationship": "Outer", "Startup Cost": 85086.95, "Total Cost": 177177.9, "Plan Rows": 18480, "Plan Width": 63, "Actual Min Startup Time": 830.355, "Actual Max Startup Time": 879.278, "Actual Min Total Time": 2603.304, "Actual Max Total Time": 2646.038, "Plans": [{"Node Type": "Hash Join", "Parent Relationship": "Outer", "Join Type": "Inner", "Startup Cost": 85086.95, "Total Cost": 162130.98, "Plan Rows": 1155, "Plan Width": 63, "Actual Min Startup Time": 895.556, "Actual Max Startup Time": 948.976, "Actual Min Total Time": 2749.772, "Actual Max Total Time": 2797.712, "Inner Unique": false, "Hash Cond": "(mi.movie_id = ci.movie_id)", "Plans": [{"Node Type": "Streaming(type: BROADCAST dop: 16/1)", "Parent Relationship": "Outer", "Startup Cost": 17350.12, "Total Cost": 94161.14, "Plan Rows": 16704, "Plan Width": 55, "Actual Min Startup Time": 0.038, "Actual Max Startup Time": 0.104, "Actual Min Total Time": 1811.668, "Actual Max Total Time": 1872.266, "Plans": [{"Node Type": "Hash Join", "Parent Relationship": "Outer", "Join Type": "Inner", "Startup Cost": 17350.12, "Total Cost": 78800.64, "Plan Rows": 1044, "Plan Width": 55, "Actual Min Startup Time": 377.41, "Actual Max Startup Time": 377.41, "Actual Min Total Time": 1386.403, "Actual Max Total Time": 1386.403, "Inner Unique": true, "Hash Cond": "(mi_idx.info_type_id = it2.id)", "Plans": [{"Node Type": "Streaming(type: LOCAL GATHER dop: 1/16)", "Parent Relationship": "Outer", "Startup Cost": 17347.71, "Total Cost": 78775.6, "Plan Rows": 4175, "Plan Width": 59, "Actual Min Startup Time": 377.275, "Actual Max Startup Time": 377.275, "Actual Min Total Time": 1301.983, "Actual Max Total Time": 1301.983, "Plans": [{"Node Type": "Hash Join", "Parent Relationship": "Outer", "Join Type": "Inner", "Startup Cost": 17347.71, "Total Cost": 78685.5, "Plan Rows": 4175, "Plan Width": 59, "Actual Min Startup Time": 366.794, "Actual Max Startup Time": 1218.923, "Actual Min Total Time": 2200.301, "Actual Max Total Time": 2812.095, "Inner Unique": false, "Hash Cond": "(mi.movie_id = mi_idx.movie_id)", "Plans": [{"Node Type": "Streaming(type: BROADCAST dop: 16/1)", "Parent Relationship": "Outer", "Startup Cost": 2.41, "Total Cost": 61317.21, "Plan Rows": 43472, "Plan Width": 46, "Actual Min Startup Time": 265.673, "Actual Max Startup Time": 317.669, "Actual Min Total Time": 2047.413, "Actual Max Total Time": 2682.092, "Plans": [{"Node Type": "Hash Join", "Parent Relationship": "Outer", "Join Type": "Inner", "Startup Cost": 2.41, "Total Cost": 45379.0, "Plan Rows": 2717, "Plan Width": 46, "Actual Min Startup Time": 372.189, "Actual Max Startup Time": 372.189, "Actual Min Total Time": 508.053, "Actual Max Total Time": 508.053, "Inner Unique": true, "Hash Cond": "(mi.info_type_id = it1.id)", "Plans": [{"Node Type": "Streaming(type: LOCAL GATHER dop: 1/16)", "Parent Relationship": "Outer", "Startup Cost": 0.0, "Total Cost": 44636.28, "Plan Rows": 190170, "Plan Width": 50, "Actual Min Startup Time": 247.182, "Actual Max Startup Time": 247.182, "Actual Min Total Time": 429.737, "Actual Max Total Time": 429.737, "Plans": [{"Node Type": "Seq Scan", "Parent Relationship": "Outer", "Relation Name": "movie_info", "Alias": "mi", "Startup Cost": 0.0, "Total Cost": 40532.03, "Plan Rows": 190170, "Plan Width": 50, "Actual Min Startup Time": 234.558, "Actual Max Startup Time": 419.382, "Actual Min Total Time": 459.789, "Actual Max Total Time": 483.842, "Filter": "((info)::text = ANY ('{Horror,Action,Sci-Fi,Thriller,Crime,War}'::text[]))", "Rows Removed by Filter": 14646748, "Actual Rows": 188971}], "Actual Rows": 188971}, {"Node Type": "Hash", "Parent Relationship": "Inner", "Startup Cost": 2.4, "Total Cost": 2.4, "Plan Rows": 1, "Plan Width": 4, "Actual Min Startup Time": 0.085, "Actual Max Startup Time": 0.085, "Actual Min Total Time": 0.085, "Actual Max Total Time": 0.085, "Max Hash Buckets": 32768, "Min Hash Buckets": 32768, "Max Hash Batches": 1, "Min Hash Batches": 1, "Max Original Hash Batches": 1, "Min Original Hash Batches": 1, "Max Peak Memory Usage": 1, "min Peak Memory Usage": 1, "Plans": [{"Node Type": "Seq Scan", "Parent Relationship": "Outer", "Relation Name": "info_type", "Alias": "it1", "Startup Cost": 0.0, "Total Cost": 2.4, "Plan Rows": 1, "Plan Width": 4, "Actual Min Startup Time": 0.049, "Actual Max Startup Time": 0.049, "Actual Min Total Time": 0.073, "Actual Max Total Time": 0.073, "Filter": "((info)::text = 'genres'::text)", "Rows Removed by Filter": 111, "Actual Rows": 1}], "Actual Rows": 1}], "Actual Rows": 186594}], "Actual Rows": 2985504}, {"Node Type": "Hash", "Parent Relationship": "Inner", "Startup Cost": 16267.15, "Total Cost": 16267.15, "Plan Rows": 1380034, "Plan Width": 13, "Actual Min Startup Time": 71.038, "Actual Max Startup Time": 93.237, "Actual Min Total Time": 71.038, "Actual Max Total Time": 93.237, "Max Hash Buckets": 131072, "Min Hash Buckets": 131072, "Max Hash Batches": 1, "Min Hash Batches": 1, "Max Original Hash Batches": 1, "Min Original Hash Batches": 1, "Max Peak Memory Usage": 4602, "min Peak Memory Usage": 4602, "Plans": [{"Node Type": "Seq Scan", "Parent Relationship": "Outer", "Relation Name": "movie_info_idx", "Alias": "mi_idx", "Startup Cost": 0.0, "Total Cost": 16267.15, "Plan Rows": 1380034, "Plan Width": 13, "Actual Min Startup Time": 0.044, "Actual Max Startup Time": 3.446, "Actual Min Total Time": 26.085, "Actual Max Total Time": 31.543, "Actual Rows": 1380034}], "Actual Rows": 1380034}], "Actual Rows": 307785}], "Actual Rows": 307785}, {"Node Type": "Hash", "Parent Relationship": "Inner", "Startup Cost": 2.4, "Total Cost": 2.4, "Plan Rows": 1, "Plan Width": 4, "Actual Min Startup Time": 0.085, "Actual Max Startup Time": 0.085, "Actual Min Total Time": 0.085, "Actual Max Total Time": 0.085, "Max Hash Buckets": 32768, "Min Hash Buckets": 32768, "Max Hash Batches": 1, "Min Hash Batches": 1, "Max Original Hash Batches": 1, "Min Original Hash Batches": 1, "Max Peak Memory Usage": 1, "min Peak Memory Usage": 1, "Plans": [{"Node Type": "Seq Scan", "Parent Relationship": "Outer", "Relation Name": "info_type", "Alias": "it2", "Startup Cost": 0.0, "Total Cost": 2.4, "Plan Rows": 1, "Plan Width": 4, "Actual Min Startup Time": 0.067, "Actual Max Startup Time": 0.067, "Actual Min Total Time": 0.073, "Actual Max Total Time": 0.073, "Filter": "((info)::text = 'votes'::text)", "Rows Removed by Filter": 111, "Actual Rows": 1}], "Actual Rows": 1}], "Actual Rows": 102516}], "Actual Rows": 1640256}, {"Node Type": "Hash", "Parent Relationship": "Inner", "Startup Cost": 66781.24, "Total Cost": 66781.24, "Plan Rows": 1223154, "Plan Width": 8, "Actual Min Startup Time": 892.949, "Actual Max Startup Time": 912.206, "Actual Min Total Time": 892.949, "Actual Max Total Time": 912.206, "Max Hash Buckets": 131072, "Min Hash Buckets": 131072, "Max Hash Batches": 1, "Min Hash Batches": 1, "Max Original Hash Batches": 1, "Min Original Hash Batches": 1, "Max Peak Memory Usage": 3042, "min Peak Memory Usage": 3042, "Plans": [{"Node Type": "Seq Scan", "Parent Relationship": "Outer", "Relation Name": "cast_info", "Alias": "ci", "Startup Cost": 0.0, "Total Cost": 66781.24, "Plan Rows": 1223154, "Plan Width": 8, "Actual Min Startup Time": 25.065, "Actual Max Startup Time": 457.566, "Actual Min Total Time": 870.947, "Actual Max Total Time": 888.673, "Filter": "((note)::text = ANY ('{(writer),\"(head writer)\",\"(written by)\",(story),\"(story editor)\"}'::text[]))", "Rows Removed by Filter": 34999627, "Actual Rows": 1244716}], "Actual Rows": 1244716}], "Actual Rows": 54155}], "Actual Rows": 866480}, {"Node Type": "Hash", "Parent Relationship": "Inner", "Startup Cost": 18754.32, "Total Cost": 18754.32, "Plan Rows": 2528311, "Plan Width": 21, "Actual Min Startup Time": 104.141, "Actual Max Startup Time": 143.467, "Actual Min Total Time": 104.141, "Actual Max Total Time": 143.467, "Max Hash Buckets": 262144, "Min Hash Buckets": 262144, "Max Hash Batches": 1, "Min Hash Batches": 1, "Max Original Hash Batches": 1, "Min Original Hash Batches": 1, "Max Peak Memory Usage": 8595, "min Peak Memory Usage": 8595, "Plans": [{"Node Type": "Seq Scan", "Parent Relationship": "Outer", "Relation Name": "title", "Alias": "t", "Startup Cost": 0.0, "Total Cost": 18754.32, "Plan Rows": 2528311, "Plan Width": 21, "Actual Min Startup Time": 0.027, "Actual Max Startup Time": 0.735, "Actual Min Total Time": 51.288, "Actual Max Total Time": 55.428, "Actual Rows": 2528311}], "Actual Rows": 2528311}], "Actual Rows": 54155}], "Actual Rows": 866480}, {"Node Type": "Hash", "Parent Relationship": "Inner", "Startup Cost": 21468.16, "Total Cost": 21468.16, "Plan Rows": 1740714, "Plan Width": 4, "Actual Min Startup Time": 127.238, "Actual Max Startup Time": 165.496, "Actual Min Total Time": 127.238, "Actual Max Total Time": 165.496, "Max Hash Buckets": 131072, "Min Hash Buckets": 131072, "Max Hash Batches": 1, "Min Hash Batches": 1, "Max Original Hash Batches": 1, "Min Original Hash Batches": 1, "Max Peak Memory Usage": 3968, "min Peak Memory Usage": 3968, "Plans": [{"Node Type": "Seq Scan", "Parent Relationship": "Outer", "Relation Name": "name", "Alias": "n", "Startup Cost": 0.0, "Total Cost": 21468.16, "Plan Rows": 1740714, "Plan Width": 4, "Actual Min Startup Time": 0.027, "Actual Max Startup Time": 0.057, "Actual Min Total Time": 96.82, "Actual Max Total Time": 102.05, "Filter": "((gender)::text = 'm'::text), (LLVM Optimized, Jit Execute)", "Rows Removed by Filter": 2427912, "Actual Rows": 1739578}], "Actual Rows": 1739578}], "Actual Rows": 28073}], "Actual Rows": 16}], "Actual Rows": 16}], "Actual Rows": 1}, "Triggers": [], "Planner Runtime": 157, "Total Runtime": 2959.787, "Unique SQL Id": 3913857139}}, "(16, 107)": {"explain_plan": {"Plan": {"Node Type": "Aggregate", "Strategy": "Plain", "Startup Cost": 7000241394449.71, "Total Cost": 7000241394449.72, "Plan Rows": 1, "Plan Width": 160, "Plans": [{"Node Type": "Hash Join", "Parent Relationship": "Outer", "Join Type": "Inner", "Startup Cost": 5020224899757.33, "Total Cost": 7000241394439.11, "Plan Rows": 1413, "Plan Width": 64, "Inner Unique": true, "Hash Cond": "(mi.movie_id = t.id)", "Plans": [{"Node Type": "Hash Join", "Parent Relationship": "Outer", "Join Type": "Inner", "Startup Cost": 4020213856104.53, "Total Cost": 6000230350766.88, "Plan Rows": 1413, "Plan Width": 59, "Inner Unique": true, "Hash Cond": "(ci.person_id = n.id)", "Plans": [{"Node Type": "Hash Join", "Parent Relationship": "Outer", "Join Type": "Inner", "Startup Cost": 3020195169198.4, "Total Cost": 5000211663842.29, "Plan Rows": 1155, "Plan Width": 63, "Inner Unique": false, "Hash Cond": "(mi.movie_id = ci.movie_id)", "Plans": [{"Node Type": "Hash Join", "Parent Relationship": "Outer", "Join Type": "Inner", "Startup Cost": 2020001842892.02, "Total Cost": 4000018333841.64, "Plan Rows": 1044, "Plan Width": 55, "Inner Unique": false, "Hash Cond": "(mi.movie_id = mi_idx.movie_id)", "Plans": [{"Node Type": "Nested Loop", "Parent Relationship": "Outer", "Join Type": "Inner", "Startup Cost": 20000004842.14, "Total Cost": 2000016495701.31, "Plan Rows": 2717, "Plan Width": 46, "Inner Unique": false, "Plans": [{"Node Type": "Index Scan", "Parent Relationship": "Outer", "Scan Direction": "Forward", "Index Name": "info_type_pkey", "Relation Name": "info_type", "Alias": "it1", "Startup Cost": 10000000000.0, "Total Cost": 1000000001421.0, "Plan Rows": 1, "Plan Width": 4, "Filter": "((info)::text = 'genres'::text)"}, {"Node Type": "Bitmap Heap Scan", "Parent Relationship": "Inner", "Relation Name": "movie_info", "Alias": "mi", "Startup Cost": 10000004842.14, "Total Cost": 1000016494253.14, "Plan Rows": 2717, "Plan Width": 50, "Recheck Cond": "(info_type_id = it1.id)", "Filter": "((info)::text = ANY ('{Horror,Action,Sci-Fi,Thriller,Crime,War}'::text[]))", "Plans": [{"Node Type": "Bitmap Index Scan", "Parent Relationship": "Outer", "Index Name": "info_type_id_movie_info", "Startup Cost": 0.0, "Total Cost": 4841.46, "Plan Rows": 212428, "Plan Width": 0, "Index Cond": "(info_type_id = it1.id)"}]}]}, {"Node Type": "Hash", "Parent Relationship": "Inner", "Startup Cost": 2000001833737.28, "Total Cost": 2000001833737.28, "Plan Rows": 345008, "Plan Width": 9, "Plans": [{"Node Type": "Nested Loop", "Parent Relationship": "Outer", "Join Type": "Inner", "Startup Cost": 20000007502.06, "Total Cost": 2000001833737.28, "Plan Rows": 345008, "Plan Width": 9, "Inner Unique": false, "Plans": [{"Node Type": "Index Scan", "Parent Relationship": "Outer", "Scan Direction": "Forward", "Index Name": "info_type_pkey", "Relation Name": "info_type", "Alias": "it2", "Startup Cost": 10000000000.0, "Total Cost": 1000000001421.0, "Plan Rows": 1, "Plan Width": 4, "Filter": "((info)::text = 'votes'::text)"}, {"Node Type": "Bitmap Heap Scan", "Parent Relationship": "Inner", "Relation Name": "movie_info_idx", "Alias": "mi_idx", "Startup Cost": 10000007502.06, "Total Cost": 1000001828866.2, "Plan Rows": 345008, "Plan Width": 13, "Recheck Cond": "(info_type_id = it2.id), (LLVM Optimized)", "Plans": [{"Node Type": "Bitmap Index Scan", "Parent Relationship": "Outer", "Index Name": "info_type_id_movie_info_idx", "Startup Cost": 0.0, "Total Cost": 7415.81, "Plan Rows": 345008, "Plan Width": 0, "Index Cond": "(info_type_id = it2.id)"}]}]}]}]}, {"Node Type": "Hash", "Parent Relationship": "Inner", "Startup Cost": 1000193311016.96, "Total Cost": 1000193311016.96, "Plan Rows": 1223154, "Plan Width": 8, "Plans": [{"Node Type": "Index Scan", "Parent Relationship": "Outer", "Scan Direction": "Forward", "Index Name": "person_id_cast_info", "Relation Name": "cast_info", "Alias": "ci", "Startup Cost": 10000000000.0, "Total Cost": 1000193311016.96, "Plan Rows": 1223154, "Plan Width": 8, "Filter": "((note)::text = ANY ('{(writer),\"(head writer)\",\"(written by)\",(story),\"(story editor)\"}'::text[]))"}]}]}, {"Node Type": "Hash", "Parent Relationship": "Inner", "Startup Cost": 1000018665147.2, "Total Cost": 1000018665147.2, "Plan Rows": 1740714, "Plan Width": 4, "Plans": [{"Node Type": "Index Scan", "Parent Relationship": "Outer", "Scan Direction": "Forward", "Index Name": "name_pkey", "Relation Name": "name", "Alias": "n", "Startup Cost": 10000000000.0, "Total Cost": 1000018665147.2, "Plan Rows": 1740714, "Plan Width": 4, "Filter": "((gender)::text = 'm'::text), (LLVM Optimized)"}]}]}, {"Node Type": "Hash", "Parent Relationship": "Inner", "Startup Cost": 1000011012048.91, "Total Cost": 1000011012048.91, "Plan Rows": 2528311, "Plan Width": 21, "Plans": [{"Node Type": "Index Scan", "Parent Relationship": "Outer", "Scan Direction": "Forward", "Index Name": "title_pkey", "Relation Name": "title", "Alias": "t", "Startup Cost": 10000000000.0, "Total Cost": 1000011012048.91, "Plan Rows": 2528311, "Plan Width": 21}]}]}]}, "Unique SQL Id": 3913857139, "Planner Runtime": 38}, "explain_analyze_plan": null}, "(16, 108)": {"explain_plan": {"Plan": {"Node Type": "Aggregate", "Strategy": "Plain", "Startup Cost": 48970.06, "Total Cost": 48970.07, "Plan Rows": 1, "Plan Width": 160, "Plans": [{"Node Type": "Nested Loop", "Parent Relationship": "Outer", "Join Type": "Inner", "Startup Cost": 4.83, "Total Cost": 48959.46, "Plan Rows": 1413, "Plan Width": 64, "Inner Unique": true, "Plans": [{"Node Type": "Nested Loop", "Parent Relationship": "Outer", "Join Type": "Inner", "Startup Cost": 4.83, "Total Cost": 48380.19, "Plan Rows": 1155, "Plan Width": 68, "Inner Unique": false, "Plans": [{"Node Type": "Nested Loop", "Parent Relationship": "Outer", "Join Type": "Inner", "Startup Cost": 4.83, "Total Cost": 47318.56, "Plan Rows": 1044, "Plan Width": 76, "Inner Unique": true, "Join Filter": "(mi.movie_id = t.id)", "Plans": [{"Node Type": "Hash Join", "Parent Relationship": "Outer", "Join Type": "Inner", "Startup Cost": 4.83, "Total Cost": 46890.37, "Plan Rows": 1044, "Plan Width": 55, "Inner Unique": true, "Hash Cond": "(mi_idx.info_type_id = it2.id)", "Plans": [{"Node Type": "Nested Loop", "Parent Relationship": "Outer", "Join Type": "Inner", "Startup Cost": 2.41, "Total Cost": 46867.05, "Plan Rows": 4175, "Plan Width": 59, "Inner Unique": false, "Plans": [{"Node Type": "Hash Join", "Parent Relationship": "Outer", "Join Type": "Inner", "Startup Cost": 2.41, "Total Cost": 45379.0, "Plan Rows": 2717, "Plan Width": 46, "Inner Unique": true, "Hash Cond": "(mi.info_type_id = it1.id)", "Plans": [{"Node Type": "Streaming(type: LOCAL GATHER dop: 1/16)", "Parent Relationship": "Outer", "Startup Cost": 0.0, "Total Cost": 44636.28, "Plan Rows": 190170, "Plan Width": 50, "Plans": [{"Node Type": "Seq Scan", "Parent Relationship": "Outer", "Relation Name": "movie_info", "Alias": "mi", "Startup Cost": 0.0, "Total Cost": 40532.03, "Plan Rows": 190170, "Plan Width": 50, "Filter": "((info)::text = ANY ('{Horror,Action,Sci-Fi,Thriller,Crime,War}'::text[]))"}]}, {"Node Type": "Hash", "Parent Relationship": "Inner", "Startup Cost": 2.4, "Total Cost": 2.4, "Plan Rows": 1, "Plan Width": 4, "Plans": [{"Node Type": "Seq Scan", "Parent Relationship": "Outer", "Relation Name": "info_type", "Alias": "it1", "Startup Cost": 0.0, "Total Cost": 2.4, "Plan Rows": 1, "Plan Width": 4, "Filter": "((info)::text = 'genres'::text)"}]}]}, {"Node Type": "Index Scan", "Parent Relationship": "Inner", "Scan Direction": "Forward", "Index Name": "movie_id_movie_info_idx", "Relation Name": "movie_info_idx", "Alias": "mi_idx", "Startup Cost": 0.0, "Total Cost": 0.53, "Plan Rows": 2, "Plan Width": 13, "Index Cond": "(movie_id = mi.movie_id)"}]}, {"Node Type": "Hash", "Parent Relationship": "Inner", "Startup Cost": 2.4, "Total Cost": 2.4, "Plan Rows": 1, "Plan Width": 4, "Plans": [{"Node Type": "Seq Scan", "Parent Relationship": "Outer", "Relation Name": "info_type", "Alias": "it2", "Startup Cost": 0.0, "Total Cost": 2.4, "Plan Rows": 1, "Plan Width": 4, "Filter": "((info)::text = 'votes'::text)"}]}]}, {"Node Type": "Index Scan", "Parent Relationship": "Inner", "Scan Direction": "Forward", "Index Name": "title_pkey", "Relation Name": "title", "Alias": "t", "Startup Cost": 0.0, "Total Cost": 0.4, "Plan Rows": 1, "Plan Width": 21, "Index Cond": "(id = mi_idx.movie_id)"}]}, {"Node Type": "Index Scan", "Parent Relationship": "Inner", "Scan Direction": "Forward", "Index Name": "movie_id_cast_info", "Relation Name": "cast_info", "Alias": "ci", "Startup Cost": 0.0, "Total Cost": 1.01, "Plan Rows": 1, "Plan Width": 8, "Index Cond": "(movie_id = t.id)", "Filter": "((note)::text = ANY ('{(writer),\"(head writer)\",\"(written by)\",(story),\"(story editor)\"}'::text[]))"}]}, {"Node Type": "Index Scan", "Parent Relationship": "Inner", "Scan Direction": "Forward", "Index Name": "name_pkey", "Relation Name": "name", "Alias": "n", "Startup Cost": 0.0, "Total Cost": 0.49, "Plan Rows": 1, "Plan Width": 4, "Index Cond": "(id = ci.person_id)", "Filter": "((gender)::text = 'm'::text)"}]}]}, "Unique SQL Id": 3913857139, "Planner Runtime": 87}, "explain_analyze_plan": {"Plan": {"Node Type": "Aggregate", "Strategy": "Plain", "Startup Cost": 48970.06, "Total Cost": 48970.07, "Plan Rows": 1, "Plan Width": 160, "Actual Min Startup Time": 11428.354, "Actual Max Startup Time": 11428.354, "Actual Min Total Time": 11428.354, "Actual Max Total Time": 11428.354, "Plans": [{"Node Type": "Nested Loop", "Parent Relationship": "Outer", "Join Type": "Inner", "Startup Cost": 4.83, "Total Cost": 48959.46, "Plan Rows": 1413, "Plan Width": 64, "Actual Min Startup Time": 421.357, "Actual Max Startup Time": 421.357, "Actual Min Total Time": 11391.752, "Actual Max Total Time": 11391.752, "Inner Unique": true, "Plans": [{"Node Type": "Nested Loop", "Parent Relationship": "Outer", "Join Type": "Inner", "Startup Cost": 4.83, "Total Cost": 48380.19, "Plan Rows": 1155, "Plan Width": 68, "Actual Min Startup Time": 421.33, "Actual Max Startup Time": 421.33, "Actual Min Total Time": 10978.419, "Actual Max Total Time": 10978.419, "Inner Unique": false, "Plans": [{"Node Type": "Nested Loop", "Parent Relationship": "Outer", "Join Type": "Inner", "Startup Cost": 4.83, "Total Cost": 47318.56, "Plan Rows": 1044, "Plan Width": 76, "Actual Min Startup Time": 420.004, "Actual Max Startup Time": 420.004, "Actual Min Total Time": 2049.757, "Actual Max Total Time": 2049.757, "Inner Unique": true, "Join Filter": "(mi.movie_id = t.id)", "Rows Removed by Join Filter": 0, "Plans": [{"Node Type": "Hash Join", "Parent Relationship": "Outer", "Join Type": "Inner", "Startup Cost": 4.83, "Total Cost": 46890.37, "Plan Rows": 1044, "Plan Width": 55, "Actual Min Startup Time": 419.982, "Actual Max Startup Time": 419.982, "Actual Min Total Time": 1501.868, "Actual Max Total Time": 1501.868, "Inner Unique": true, "Hash Cond": "(mi_idx.info_type_id = it2.id)", "Plans": [{"Node Type": "Nested Loop", "Parent Relationship": "Outer", "Join Type": "Inner", "Startup Cost": 2.41, "Total Cost": 46867.05, "Plan Rows": 4175, "Plan Width": 59, "Actual Min Startup Time": 419.853, "Actual Max Startup Time": 419.853, "Actual Min Total Time": 1408.474, "Actual Max Total Time": 1408.474, "Inner Unique": false, "Plans": [{"Node Type": "Hash Join", "Parent Relationship": "Outer", "Join Type": "Inner", "Startup Cost": 2.41, "Total Cost": 45379.0, "Plan Rows": 2717, "Plan Width": 46, "Actual Min Startup Time": 419.811, "Actual Max Startup Time": 419.811, "Actual Min Total Time": 588.454, "Actual Max Total Time": 588.454, "Inner Unique": true, "Hash Cond": "(mi.info_type_id = it1.id)", "Plans": [{"Node Type": "Streaming(type: LOCAL GATHER dop: 1/16)", "Parent Relationship": "Outer", "Startup Cost": 0.0, "Total Cost": 44636.28, "Plan Rows": 190170, "Plan Width": 50, "Actual Min Startup Time": 297.016, "Actual Max Startup Time": 297.016, "Actual Min Total Time": 485.889, "Actual Max Total Time": 485.889, "Plans": [{"Node Type": "Seq Scan", "Parent Relationship": "Outer", "Relation Name": "movie_info", "Alias": "mi", "Startup Cost": 0.0, "Total Cost": 40532.03, "Plan Rows": 190170, "Plan Width": 50, "Actual Min Startup Time": 226.105, "Actual Max Startup Time": 409.58, "Actual Min Total Time": 457.151, "Actual Max Total Time": 472.431, "Filter": "((info)::text = ANY ('{Horror,Action,Sci-Fi,Thriller,Crime,War}'::text[]))", "Rows Removed by Filter": 14646748, "Actual Rows": 188971}], "Actual Rows": 188971}, {"Node Type": "Hash", "Parent Relationship": "Inner", "Startup Cost": 2.4, "Total Cost": 2.4, "Plan Rows": 1, "Plan Width": 4, "Actual Min Startup Time": 0.047, "Actual Max Startup Time": 0.047, "Actual Min Total Time": 0.047, "Actual Max Total Time": 0.047, "Max Hash Buckets": 32768, "Min Hash Buckets": 32768, "Max Hash Batches": 1, "Min Hash Batches": 1, "Max Original Hash Batches": 1, "Min Original Hash Batches": 1, "Max Peak Memory Usage": 1, "min Peak Memory Usage": 1, "Plans": [{"Node Type": "Seq Scan", "Parent Relationship": "Outer", "Relation Name": "info_type", "Alias": "it1", "Startup Cost": 0.0, "Total Cost": 2.4, "Plan Rows": 1, "Plan Width": 4, "Actual Min Startup Time": 0.019, "Actual Max Startup Time": 0.019, "Actual Min Total Time": 0.041, "Actual Max Total Time": 0.041, "Filter": "((info)::text = 'genres'::text)", "Rows Removed by Filter": 111, "Actual Rows": 1}], "Actual Rows": 1}], "Actual Rows": 186594}, {"Node Type": "Index Scan", "Parent Relationship": "Inner", "Scan Direction": "Forward", "Index Name": "movie_id_movie_info_idx", "Relation Name": "movie_info_idx", "Alias": "mi_idx", "Startup Cost": 0.0, "Total Cost": 0.53, "Plan Rows": 2, "Plan Width": 13, "Actual Min Startup Time": 534.672, "Actual Max Startup Time": 534.672, "Actual Min Total Time": 652.765, "Actual Max Total Time": 652.765, "Index Cond": "(movie_id = mi.movie_id)", "Rows Removed by Index Recheck": 0, "Actual Rows": 307785}], "Actual Rows": 307785}, {"Node Type": "Hash", "Parent Relationship": "Inner", "Startup Cost": 2.4, "Total Cost": 2.4, "Plan Rows": 1, "Plan Width": 4, "Actual Min Startup Time": 0.075, "Actual Max Startup Time": 0.075, "Actual Min Total Time": 0.075, "Actual Max Total Time": 0.075, "Max Hash Buckets": 32768, "Min Hash Buckets": 32768, "Max Hash Batches": 1, "Min Hash Batches": 1, "Max Original Hash Batches": 1, "Min Original Hash Batches": 1, "Max Peak Memory Usage": 1, "min Peak Memory Usage": 1, "Plans": [{"Node Type": "Seq Scan", "Parent Relationship": "Outer", "Relation Name": "info_type", "Alias": "it2", "Startup Cost": 0.0, "Total Cost": 2.4, "Plan Rows": 1, "Plan Width": 4, "Actual Min Startup Time": 0.062, "Actual Max Startup Time": 0.062, "Actual Min Total Time": 0.068, "Actual Max Total Time": 0.068, "Filter": "((info)::text = 'votes'::text)", "Rows Removed by Filter": 111, "Actual Rows": 1}], "Actual Rows": 1}], "Actual Rows": 102516}, {"Node Type": "Index Scan", "Parent Relationship": "Inner", "Scan Direction": "Forward", "Index Name": "title_pkey", "Relation Name": "title", "Alias": "t", "Startup Cost": 0.0, "Total Cost": 0.4, "Plan Rows": 1, "Plan Width": 21, "Actual Min Startup Time": 443.111, "Actual Max Startup Time": 443.111, "Actual Min Total Time": 443.111, "Actual Max Total Time": 443.111, "Index Cond": "(id = mi_idx.movie_id)", "Rows Removed by Index Recheck": 0, "Actual Rows": 102516}], "Actual Rows": 102516}, {"Node Type": "Index Scan", "Parent Relationship": "Inner", "Scan Direction": "Forward", "Index Name": "movie_id_cast_info", "Relation Name": "cast_info", "Alias": "ci", "Startup Cost": 0.0, "Total Cost": 1.01, "Plan Rows": 1, "Plan Width": 8, "Actual Min Startup Time": 7551.12, "Actual Max Startup Time": 7551.12, "Actual Min Total Time": 8858.779, "Actual Max Total Time": 8858.779, "Index Cond": "(movie_id = t.id)", "Rows Removed by Index Recheck": 0, "Filter": "((note)::text = ANY ('{(writer),\"(head writer)\",\"(written by)\",(story),\"(story editor)\"}'::text[]))", "Rows Removed by Filter": 3987641, "Actual Rows": 54155}], "Actual Rows": 54155}, {"Node Type": "Index Scan", "Parent Relationship": "Inner", "Scan Direction": "Forward", "Index Name": "name_pkey", "Relation Name": "name", "Alias": "n", "Startup Cost": 0.0, "Total Cost": 0.49, "Plan Rows": 1, "Plan Width": 4, "Actual Min Startup Time": 368.426, "Actual Max Startup Time": 368.426, "Actual Min Total Time": 368.426, "Actual Max Total Time": 368.426, "Index Cond": "(id = ci.person_id)", "Rows Removed by Index Recheck": 0, "Filter": "((gender)::text = 'm'::text)", "Rows Removed by Filter": 26082, "Actual Rows": 28073}], "Actual Rows": 28073}], "Actual Rows": 1}, "Triggers": [], "Planner Runtime": 87, "Total Runtime": 11431.111, "Unique SQL Id": 3913857139}}, "(16, 109)": {"explain_plan": {"Plan": {"Node Type": "Aggregate", "Strategy": "Plain", "Startup Cost": 383291.22, "Total Cost": 383291.23, "Plan Rows": 1, "Plan Width": 160, "Plans": [{"Node Type": "Nested Loop", "Parent Relationship": "Outer", "Join Type": "Inner", "Startup Cost": 14.22, "Total Cost": 383280.62, "Plan Rows": 1413, "Plan Width": 64, "Inner Unique": true, "Plans": [{"Node Type": "Nested Loop", "Parent Relationship": "Outer", "Join Type": "Inner", "Startup Cost": 14.22, "Total Cost": 382701.35, "Plan Rows": 1155, "Plan Width": 68, "Inner Unique": false, "Plans": [{"Node Type": "Nested Loop", "Parent Relationship": "Outer", "Join Type": "Inner", "Startup Cost": 14.22, "Total Cost": 381639.72, "Plan Rows": 1044, "Plan Width": 76, "Inner Unique": true, "Join Filter": "(mi.movie_id = t.id)", "Plans": [{"Node Type": "Hash Join", "Parent Relationship": "Outer", "Join Type": "Inner", "Startup Cost": 14.22, "Total Cost": 381211.53, "Plan Rows": 1044, "Plan Width": 55, "Inner Unique": true, "Hash Cond": "(mi.info_type_id = it1.id)", "Plans": [{"Node Type": "Nested Loop", "Parent Relationship": "Outer", "Join Type": "Inner", "Startup Cost": 0.0, "Total Cost": 380590.58, "Plan Rows": 229029, "Plan Width": 59, "Inner Unique": false, "Plans": [{"Node Type": "Nested Loop", "Parent Relationship": "Outer", "Join Type": "Inner", "Startup Cost": 0.0, "Total Cost": 38338.2, "Plan Rows": 345008, "Plan Width": 9, "Inner Unique": false, "Plans": [{"Node Type": "Index Scan", "Parent Relationship": "Outer", "Scan Direction": "Forward", "Index Name": "info_type_pkey", "Relation Name": "info_type", "Alias": "it2", "Startup Cost": 0.0, "Total Cost": 14.21, "Plan Rows": 1, "Plan Width": 4, "Filter": "((info)::text = 'votes'::text)"}, {"Node Type": "Index Scan", "Parent Relationship": "Inner", "Scan Direction": "Forward", "Index Name": "info_type_id_movie_info_idx", "Relation Name": "movie_info_idx", "Alias": "mi_idx", "Startup Cost": 0.0, "Total Cost": 34873.91, "Plan Rows": 345008, "Plan Width": 13, "Index Cond": "(info_type_id = it2.id), (LLVM Optimized)"}]}, {"Node Type": "Index Scan", "Parent Relationship": "Inner", "Scan Direction": "Forward", "Index Name": "movie_id_movie_info", "Relation Name": "movie_info", "Alias": "mi", "Startup Cost": 0.0, "Total Cost": 0.98, "Plan Rows": 1, "Plan Width": 50, "Index Cond": "(movie_id = mi_idx.movie_id)", "Filter": "((info)::text = ANY ('{Horror,Action,Sci-Fi,Thriller,Crime,War}'::text[]))"}]}, {"Node Type": "Hash", "Parent Relationship": "Inner", "Startup Cost": 14.21, "Total Cost": 14.21, "Plan Rows": 1, "Plan Width": 4, "Plans": [{"Node Type": "Index Scan", "Parent Relationship": "Outer", "Scan Direction": "Forward", "Index Name": "info_type_pkey", "Relation Name": "info_type", "Alias": "it1", "Startup Cost": 0.0, "Total Cost": 14.21, "Plan Rows": 1, "Plan Width": 4, "Filter": "((info)::text = 'genres'::text)"}]}]}, {"Node Type": "Index Scan", "Parent Relationship": "Inner", "Scan Direction": "Forward", "Index Name": "title_pkey", "Relation Name": "title", "Alias": "t", "Startup Cost": 0.0, "Total Cost": 0.4, "Plan Rows": 1, "Plan Width": 21, "Index Cond": "(id = mi_idx.movie_id)"}]}, {"Node Type": "Index Scan", "Parent Relationship": "Inner", "Scan Direction": "Forward", "Index Name": "movie_id_cast_info", "Relation Name": "cast_info", "Alias": "ci", "Startup Cost": 0.0, "Total Cost": 1.01, "Plan Rows": 1, "Plan Width": 8, "Index Cond": "(movie_id = t.id)", "Filter": "((note)::text = ANY ('{(writer),\"(head writer)\",\"(written by)\",(story),\"(story editor)\"}'::text[]))"}]}, {"Node Type": "Index Scan", "Parent Relationship": "Inner", "Scan Direction": "Forward", "Index Name": "name_pkey", "Relation Name": "name", "Alias": "n", "Startup Cost": 0.0, "Total Cost": 0.49, "Plan Rows": 1, "Plan Width": 4, "Index Cond": "(id = ci.person_id)", "Filter": "((gender)::text = 'm'::text)"}]}]}, "Unique SQL Id": 3913857139, "Planner Runtime": 23}, "explain_analyze_plan": {"Plan": {"Node Type": "Aggregate", "Strategy": "Plain", "Startup Cost": 383291.22, "Total Cost": 383291.23, "Plan Rows": 1, "Plan Width": 160, "Actual Startup Time": 19726.068, "Actual Total Time": 19726.068, "Actual Rows": 1, "Actual Loops": 1, "Plans": [{"Node Type": "Nested Loop", "Parent Relationship": "Outer", "Join Type": "Inner", "Startup Cost": 14.22, "Total Cost": 383280.62, "Plan Rows": 1413, "Plan Width": 64, "Actual Startup Time": 29.467, "Actual Total Time": 19684.522, "Actual Rows": 28073, "Actual Loops": 1, "Inner Unique": true, "Plans": [{"Node Type": "Nested Loop", "Parent Relationship": "Outer", "Join Type": "Inner", "Startup Cost": 14.22, "Total Cost": 382701.35, "Plan Rows": 1155, "Plan Width": 68, "Actual Startup Time": 14.626, "Actual Total Time": 19249.255, "Actual Rows": 54155, "Actual Loops": 1, "Inner Unique": false, "Plans": [{"Node Type": "Nested Loop", "Parent Relationship": "Outer", "Join Type": "Inner", "Startup Cost": 14.22, "Total Cost": 381639.72, "Plan Rows": 1044, "Plan Width": 76, "Actual Startup Time": 0.893, "Actual Total Time": 10080.316, "Actual Rows": 102516, "Actual Loops": 1, "Inner Unique": true, "Join Filter": "(mi.movie_id = t.id)", "Rows Removed by Join Filter": 0, "Plans": [{"Node Type": "Hash Join", "Parent Relationship": "Outer", "Join Type": "Inner", "Startup Cost": 14.22, "Total Cost": 381211.53, "Plan Rows": 1044, "Plan Width": 55, "Actual Startup Time": 0.881, "Actual Total Time": 9489.984, "Actual Rows": 102516, "Actual Loops": 1, "Inner Unique": true, "Hash Cond": "(mi.info_type_id = it1.id)", "Plans": [{"Node Type": "Nested Loop", "Parent Relationship": "Outer", "Join Type": "Inner", "Startup Cost": 0.0, "Total Cost": 380590.58, "Plan Rows": 229029, "Plan Width": 59, "Actual Startup Time": 0.775, "Actual Total Time": 9422.531, "Actual Rows": 104892, "Actual Loops": 1, "Inner Unique": false, "Plans": [{"Node Type": "Nested Loop", "Parent Relationship": "Outer", "Join Type": "Inner", "Startup Cost": 0.0, "Total Cost": 38338.2, "Plan Rows": 345008, "Plan Width": 9, "Actual Startup Time": 0.09, "Actual Total Time": 404.438, "Actual Rows": 459925, "Actual Loops": 1, "Inner Unique": false, "Plans": [{"Node Type": "Index Scan", "Parent Relationship": "Outer", "Scan Direction": "Forward", "Index Name": "info_type_pkey", "Relation Name": "info_type", "Alias": "it2", "Startup Cost": 0.0, "Total Cost": 14.21, "Plan Rows": 1, "Plan Width": 4, "Actual Startup Time": 0.071, "Actual Total Time": 0.087, "Actual Rows": 1, "Actual Loops": 1, "Filter": "((info)::text = 'votes'::text)", "Rows Removed by Filter": 111}, {"Node Type": "Index Scan", "Parent Relationship": "Inner", "Scan Direction": "Forward", "Index Name": "info_type_id_movie_info_idx", "Relation Name": "movie_info_idx", "Alias": "mi_idx", "Startup Cost": 0.0, "Total Cost": 34873.91, "Plan Rows": 345008, "Plan Width": 13, "Actual Startup Time": 0.015, "Actual Total Time": 295.839, "Actual Rows": 459925, "Actual Loops": 1, "Index Cond": "(info_type_id = it2.id), (LLVM Optimized, Jit Execute)", "Rows Removed by Index Recheck": 0}]}, {"Node Type": "Index Scan", "Parent Relationship": "Inner", "Scan Direction": "Forward", "Index Name": "movie_id_movie_info", "Relation Name": "movie_info", "Alias": "mi", "Startup Cost": 0.0, "Total Cost": 0.98, "Plan Rows": 1, "Plan Width": 50, "Actual Startup Time": 8584.991, "Actual Total Time": 8748.43, "Actual Rows": 104892, "Actual Loops": 459925, "Index Cond": "(movie_id = mi_idx.movie_id)", "Rows Removed by Index Recheck": 0, "Filter": "((info)::text = ANY ('{Horror,Action,Sci-Fi,Thriller,Crime,War}'::text[]))", "Rows Removed by Filter": 6825442}]}, {"Node Type": "Hash", "Parent Relationship": "Inner", "Startup Cost": 14.21, "Total Cost": 14.21, "Plan Rows": 1, "Plan Width": 4, "Actual Startup Time": 0.063, "Actual Total Time": 0.063, "Actual Rows": 1, "Actual Loops": 1, "Hash Buckets": 32768, "Hash Batches": 1, "Original Hash Batches": 1, "Peak Memory Usage": 1, "Plans": [{"Node Type": "Index Scan", "Parent Relationship": "Outer", "Scan Direction": "Forward", "Index Name": "info_type_pkey", "Relation Name": "info_type", "Alias": "it1", "Startup Cost": 0.0, "Total Cost": 14.21, "Plan Rows": 1, "Plan Width": 4, "Actual Startup Time": 0.012, "Actual Total Time": 0.057, "Actual Rows": 1, "Actual Loops": 1, "Filter": "((info)::text = 'genres'::text)", "Rows Removed by Filter": 111}]}]}, {"Node Type": "Index Scan", "Parent Relationship": "Inner", "Scan Direction": "Forward", "Index Name": "title_pkey", "Relation Name": "title", "Alias": "t", "Startup Cost": 0.0, "Total Cost": 0.4, "Plan Rows": 1, "Plan Width": 21, "Actual Startup Time": 470.468, "Actual Total Time": 470.468, "Actual Rows": 102516, "Actual Loops": 102516, "Index Cond": "(id = mi_idx.movie_id)", "Rows Removed by Index Recheck": 0}]}, {"Node Type": "Index Scan", "Parent Relationship": "Inner", "Scan Direction": "Forward", "Index Name": "movie_id_cast_info", "Relation Name": "cast_info", "Alias": "ci", "Startup Cost": 0.0, "Total Cost": 1.01, "Plan Rows": 1, "Plan Width": 8, "Actual Startup Time": 7755.277, "Actual Total Time": 9096.941, "Actual Rows": 54155, "Actual Loops": 102516, "Index Cond": "(movie_id = t.id)", "Rows Removed by Index Recheck": 0, "Filter": "((note)::text = ANY ('{(writer),\"(head writer)\",\"(written by)\",(story),\"(story editor)\"}'::text[]))", "Rows Removed by Filter": 3987641}]}, {"Node Type": "Index Scan", "Parent Relationship": "Inner", "Scan Direction": "Forward", "Index Name": "name_pkey", "Relation Name": "name", "Alias": "n", "Startup Cost": 0.0, "Total Cost": 0.49, "Plan Rows": 1, "Plan Width": 4, "Actual Startup Time": 388.127, "Actual Total Time": 388.127, "Actual Rows": 28073, "Actual Loops": 54155, "Index Cond": "(id = ci.person_id)", "Rows Removed by Index Recheck": 0, "Filter": "((gender)::text = 'm'::text)", "Rows Removed by Filter": 26082}]}]}, "Triggers": [], "Planner Runtime": 23, "Total Runtime": 19735.053, "Unique SQL Id": 3913857139}}, "(16, 110)": {"explain_plan": {"Plan": {"Node Type": "Aggregate", "Strategy": "Plain", "Startup Cost": 219702.22, "Total Cost": 219702.26, "Plan Rows": 1, "Plan Width": 160, "Plans": [{"Node Type": "Streaming(type: LOCAL GATHER dop: 1/16)", "Parent Relationship": "Outer", "Startup Cost": 219702.22, "Total Cost": 219702.26, "Plan Rows": 1, "Plan Width": 160, "Plans": [{"Node Type": "Aggregate", "Strategy": "Plain", "Parent Relationship": "Outer", "Startup Cost": 219702.22, "Total Cost": 219702.23, "Plan Rows": 1, "Plan Width": 160, "Plans": [{"Node Type": "Hash Join", "Parent Relationship": "Outer", "Join Type": "Inner", "Startup Cost": 112543.48, "Total Cost": 219691.62, "Plan Rows": 1413, "Plan Width": 64, "Inner Unique": true, "Hash Cond": "(ci.person_id = n.id)", "Plans": [{"Node Type": "Streaming(type: BROADCAST dop: 16/16)", "Parent Relationship": "Outer", "Startup Cost": 105816.51, "Total Cost": 212959.44, "Plan Rows": 18480, "Plan Width": 68, "Plans": [{"Node Type": "Hash Join", "Parent Relationship": "Outer", "Join Type": "Inner", "Startup Cost": 105816.51, "Total Cost": 197912.51, "Plan Rows": 1155, "Plan Width": 68, "Inner Unique": true, "Hash Cond": "(mi.movie_id = t.id)", "Plans": [{"Node Type": "Streaming(type: BROADCAST dop: 16/16)", "Parent Relationship": "Outer", "Startup Cost": 85086.95, "Total Cost": 177177.9, "Plan Rows": 18480, "Plan Width": 63, "Plans": [{"Node Type": "Hash Join", "Parent Relationship": "Outer", "Join Type": "Inner", "Startup Cost": 85086.95, "Total Cost": 162130.98, "Plan Rows": 1155, "Plan Width": 63, "Inner Unique": false, "Hash Cond": "(mi.movie_id = ci.movie_id)", "Plans": [{"Node Type": "Streaming(type: BROADCAST dop: 16/1)", "Parent Relationship": "Outer", "Startup Cost": 17350.12, "Total Cost": 94161.14, "Plan Rows": 16704, "Plan Width": 55, "Plans": [{"Node Type": "Hash Join", "Parent Relationship": "Outer", "Join Type": "Inner", "Startup Cost": 17350.12, "Total Cost": 78800.64, "Plan Rows": 1044, "Plan Width": 55, "Inner Unique": true, "Hash Cond": "(mi_idx.info_type_id = it2.id)", "Plans": [{"Node Type": "Streaming(type: LOCAL GATHER dop: 1/16)", "Parent Relationship": "Outer", "Startup Cost": 17347.71, "Total Cost": 78775.6, "Plan Rows": 4175, "Plan Width": 59, "Plans": [{"Node Type": "Hash Join", "Parent Relationship": "Outer", "Join Type": "Inner", "Startup Cost": 17347.71, "Total Cost": 78685.5, "Plan Rows": 4175, "Plan Width": 59, "Inner Unique": false, "Hash Cond": "(mi.movie_id = mi_idx.movie_id)", "Plans": [{"Node Type": "Streaming(type: BROADCAST dop: 16/1)", "Parent Relationship": "Outer", "Startup Cost": 2.41, "Total Cost": 61317.21, "Plan Rows": 43472, "Plan Width": 46, "Plans": [{"Node Type": "Hash Join", "Parent Relationship": "Outer", "Join Type": "Inner", "Startup Cost": 2.41, "Total Cost": 45379.0, "Plan Rows": 2717, "Plan Width": 46, "Inner Unique": true, "Hash Cond": "(mi.info_type_id = it1.id)", "Plans": [{"Node Type": "Streaming(type: LOCAL GATHER dop: 1/16)", "Parent Relationship": "Outer", "Startup Cost": 0.0, "Total Cost": 44636.28, "Plan Rows": 190170, "Plan Width": 50, "Plans": [{"Node Type": "Seq Scan", "Parent Relationship": "Outer", "Relation Name": "movie_info", "Alias": "mi", "Startup Cost": 0.0, "Total Cost": 40532.03, "Plan Rows": 190170, "Plan Width": 50, "Filter": "((info)::text = ANY ('{Horror,Action,Sci-Fi,Thriller,Crime,War}'::text[]))"}]}, {"Node Type": "Hash", "Parent Relationship": "Inner", "Startup Cost": 2.4, "Total Cost": 2.4, "Plan Rows": 1, "Plan Width": 4, "Plans": [{"Node Type": "Seq Scan", "Parent Relationship": "Outer", "Relation Name": "info_type", "Alias": "it1", "Startup Cost": 0.0, "Total Cost": 2.4, "Plan Rows": 1, "Plan Width": 4, "Filter": "((info)::text = 'genres'::text)"}]}]}]}, {"Node Type": "Hash", "Parent Relationship": "Inner", "Startup Cost": 16267.15, "Total Cost": 16267.15, "Plan Rows": 1380034, "Plan Width": 13, "Plans": [{"Node Type": "Seq Scan", "Parent Relationship": "Outer", "Relation Name": "movie_info_idx", "Alias": "mi_idx", "Startup Cost": 0.0, "Total Cost": 16267.15, "Plan Rows": 1380034, "Plan Width": 13}]}]}]}, {"Node Type": "Hash", "Parent Relationship": "Inner", "Startup Cost": 2.4, "Total Cost": 2.4, "Plan Rows": 1, "Plan Width": 4, "Plans": [{"Node Type": "Seq Scan", "Parent Relationship": "Outer", "Relation Name": "info_type", "Alias": "it2", "Startup Cost": 0.0, "Total Cost": 2.4, "Plan Rows": 1, "Plan Width": 4, "Filter": "((info)::text = 'votes'::text)"}]}]}]}, {"Node Type": "Hash", "Parent Relationship": "Inner", "Startup Cost": 66781.24, "Total Cost": 66781.24, "Plan Rows": 1223154, "Plan Width": 8, "Plans": [{"Node Type": "Seq Scan", "Parent Relationship": "Outer", "Relation Name": "cast_info", "Alias": "ci", "Startup Cost": 0.0, "Total Cost": 66781.24, "Plan Rows": 1223154, "Plan Width": 8, "Filter": "((note)::text = ANY ('{(writer),\"(head writer)\",\"(written by)\",(story),\"(story editor)\"}'::text[]))"}]}]}]}, {"Node Type": "Hash", "Parent Relationship": "Inner", "Startup Cost": 18754.32, "Total Cost": 18754.32, "Plan Rows": 2528311, "Plan Width": 21, "Plans": [{"Node Type": "Seq Scan", "Parent Relationship": "Outer", "Relation Name": "title", "Alias": "t", "Startup Cost": 0.0, "Total Cost": 18754.32, "Plan Rows": 2528311, "Plan Width": 21}]}]}]}, {"Node Type": "Hash", "Parent Relationship": "Inner", "Startup Cost": 21468.16, "Total Cost": 21468.16, "Plan Rows": 1740714, "Plan Width": 4, "Plans": [{"Node Type": "Seq Scan", "Parent Relationship": "Outer", "Relation Name": "name", "Alias": "n", "Startup Cost": 0.0, "Total Cost": 21468.16, "Plan Rows": 1740714, "Plan Width": 4, "Filter": "((gender)::text = 'm'::text), (LLVM Optimized)"}]}]}]}]}]}, "Unique SQL Id": 3913857139, "Planner Runtime": 157}, "explain_analyze_plan": {"Plan": {"Node Type": "Aggregate", "Strategy": "Plain", "Startup Cost": 219702.22, "Total Cost": 219702.26, "Plan Rows": 1, "Plan Width": 160, "Actual Min Startup Time": 2932.963, "Actual Max Startup Time": 2932.963, "Actual Min Total Time": 2932.963, "Actual Max Total Time": 2932.963, "Plans": [{"Node Type": "Streaming(type: LOCAL GATHER dop: 1/16)", "Parent Relationship": "Outer", "Startup Cost": 219702.22, "Total Cost": 219702.26, "Plan Rows": 1, "Plan Width": 160, "Actual Min Startup Time": 2932.239, "Actual Max Startup Time": 2932.239, "Actual Min Total Time": 2932.918, "Actual Max Total Time": 2932.918, "Plans": [{"Node Type": "Aggregate", "Strategy": "Plain", "Parent Relationship": "Outer", "Startup Cost": 219702.22, "Total Cost": 219702.23, "Plan Rows": 1, "Plan Width": 160, "Actual Min Startup Time": 2764.677, "Actual Max Startup Time": 2832.265, "Actual Min Total Time": 2764.677, "Actual Max Total Time": 2832.265, "Plans": [{"Node Type": "Hash Join", "Parent Relationship": "Outer", "Join Type": "Inner", "Startup Cost": 112543.48, "Total Cost": 219691.62, "Plan Rows": 1413, "Plan Width": 64, "Actual Min Startup Time": 949.353, "Actual Max Startup Time": 1016.927, "Actual Min Total Time": 2763.218, "Actual Max Total Time": 2830.705, "Inner Unique": true, "Hash Cond": "(ci.person_id = n.id)", "Plans": [{"Node Type": "Streaming(type: BROADCAST dop: 16/16)", "Parent Relationship": "Outer", "Startup Cost": 105816.51, "Total Cost": 212959.44, "Plan Rows": 18480, "Plan Width": 68, "Actual Min Startup Time": 815.893, "Actual Max Startup Time": 860.927, "Actual Min Total Time": 2611.444, "Actual Max Total Time": 2659.687, "Plans": [{"Node Type": "Hash Join", "Parent Relationship": "Outer", "Join Type": "Inner", "Startup Cost": 105816.51, "Total Cost": 197912.51, "Plan Rows": 1155, "Plan Width": 68, "Actual Min Startup Time": 946.621, "Actual Max Startup Time": 1006.919, "Actual Min Total Time": 2745.974, "Actual Max Total Time": 2798.171, "Inner Unique": true, "Hash Cond": "(mi.movie_id = t.id)", "Plans": [{"Node Type": "Streaming(type: BROADCAST dop: 16/16)", "Parent Relationship": "Outer", "Startup Cost": 85086.95, "Total Cost": 177177.9, "Plan Rows": 18480, "Plan Width": 63, "Actual Min Startup Time": 830.355, "Actual Max Startup Time": 879.278, "Actual Min Total Time": 2603.304, "Actual Max Total Time": 2646.038, "Plans": [{"Node Type": "Hash Join", "Parent Relationship": "Outer", "Join Type": "Inner", "Startup Cost": 85086.95, "Total Cost": 162130.98, "Plan Rows": 1155, "Plan Width": 63, "Actual Min Startup Time": 895.556, "Actual Max Startup Time": 948.976, "Actual Min Total Time": 2749.772, "Actual Max Total Time": 2797.712, "Inner Unique": false, "Hash Cond": "(mi.movie_id = ci.movie_id)", "Plans": [{"Node Type": "Streaming(type: BROADCAST dop: 16/1)", "Parent Relationship": "Outer", "Startup Cost": 17350.12, "Total Cost": 94161.14, "Plan Rows": 16704, "Plan Width": 55, "Actual Min Startup Time": 0.038, "Actual Max Startup Time": 0.104, "Actual Min Total Time": 1811.668, "Actual Max Total Time": 1872.266, "Plans": [{"Node Type": "Hash Join", "Parent Relationship": "Outer", "Join Type": "Inner", "Startup Cost": 17350.12, "Total Cost": 78800.64, "Plan Rows": 1044, "Plan Width": 55, "Actual Min Startup Time": 377.41, "Actual Max Startup Time": 377.41, "Actual Min Total Time": 1386.403, "Actual Max Total Time": 1386.403, "Inner Unique": true, "Hash Cond": "(mi_idx.info_type_id = it2.id)", "Plans": [{"Node Type": "Streaming(type: LOCAL GATHER dop: 1/16)", "Parent Relationship": "Outer", "Startup Cost": 17347.71, "Total Cost": 78775.6, "Plan Rows": 4175, "Plan Width": 59, "Actual Min Startup Time": 377.275, "Actual Max Startup Time": 377.275, "Actual Min Total Time": 1301.983, "Actual Max Total Time": 1301.983, "Plans": [{"Node Type": "Hash Join", "Parent Relationship": "Outer", "Join Type": "Inner", "Startup Cost": 17347.71, "Total Cost": 78685.5, "Plan Rows": 4175, "Plan Width": 59, "Actual Min Startup Time": 366.794, "Actual Max Startup Time": 1218.923, "Actual Min Total Time": 2200.301, "Actual Max Total Time": 2812.095, "Inner Unique": false, "Hash Cond": "(mi.movie_id = mi_idx.movie_id)", "Plans": [{"Node Type": "Streaming(type: BROADCAST dop: 16/1)", "Parent Relationship": "Outer", "Startup Cost": 2.41, "Total Cost": 61317.21, "Plan Rows": 43472, "Plan Width": 46, "Actual Min Startup Time": 265.673, "Actual Max Startup Time": 317.669, "Actual Min Total Time": 2047.413, "Actual Max Total Time": 2682.092, "Plans": [{"Node Type": "Hash Join", "Parent Relationship": "Outer", "Join Type": "Inner", "Startup Cost": 2.41, "Total Cost": 45379.0, "Plan Rows": 2717, "Plan Width": 46, "Actual Min Startup Time": 372.189, "Actual Max Startup Time": 372.189, "Actual Min Total Time": 508.053, "Actual Max Total Time": 508.053, "Inner Unique": true, "Hash Cond": "(mi.info_type_id = it1.id)", "Plans": [{"Node Type": "Streaming(type: LOCAL GATHER dop: 1/16)", "Parent Relationship": "Outer", "Startup Cost": 0.0, "Total Cost": 44636.28, "Plan Rows": 190170, "Plan Width": 50, "Actual Min Startup Time": 247.182, "Actual Max Startup Time": 247.182, "Actual Min Total Time": 429.737, "Actual Max Total Time": 429.737, "Plans": [{"Node Type": "Seq Scan", "Parent Relationship": "Outer", "Relation Name": "movie_info", "Alias": "mi", "Startup Cost": 0.0, "Total Cost": 40532.03, "Plan Rows": 190170, "Plan Width": 50, "Actual Min Startup Time": 234.558, "Actual Max Startup Time": 419.382, "Actual Min Total Time": 459.789, "Actual Max Total Time": 483.842, "Filter": "((info)::text = ANY ('{Horror,Action,Sci-Fi,Thriller,Crime,War}'::text[]))", "Rows Removed by Filter": 14646748, "Actual Rows": 188971}], "Actual Rows": 188971}, {"Node Type": "Hash", "Parent Relationship": "Inner", "Startup Cost": 2.4, "Total Cost": 2.4, "Plan Rows": 1, "Plan Width": 4, "Actual Min Startup Time": 0.085, "Actual Max Startup Time": 0.085, "Actual Min Total Time": 0.085, "Actual Max Total Time": 0.085, "Max Hash Buckets": 32768, "Min Hash Buckets": 32768, "Max Hash Batches": 1, "Min Hash Batches": 1, "Max Original Hash Batches": 1, "Min Original Hash Batches": 1, "Max Peak Memory Usage": 1, "min Peak Memory Usage": 1, "Plans": [{"Node Type": "Seq Scan", "Parent Relationship": "Outer", "Relation Name": "info_type", "Alias": "it1", "Startup Cost": 0.0, "Total Cost": 2.4, "Plan Rows": 1, "Plan Width": 4, "Actual Min Startup Time": 0.049, "Actual Max Startup Time": 0.049, "Actual Min Total Time": 0.073, "Actual Max Total Time": 0.073, "Filter": "((info)::text = 'genres'::text)", "Rows Removed by Filter": 111, "Actual Rows": 1}], "Actual Rows": 1}], "Actual Rows": 186594}], "Actual Rows": 2985504}, {"Node Type": "Hash", "Parent Relationship": "Inner", "Startup Cost": 16267.15, "Total Cost": 16267.15, "Plan Rows": 1380034, "Plan Width": 13, "Actual Min Startup Time": 71.038, "Actual Max Startup Time": 93.237, "Actual Min Total Time": 71.038, "Actual Max Total Time": 93.237, "Max Hash Buckets": 131072, "Min Hash Buckets": 131072, "Max Hash Batches": 1, "Min Hash Batches": 1, "Max Original Hash Batches": 1, "Min Original Hash Batches": 1, "Max Peak Memory Usage": 4602, "min Peak Memory Usage": 4602, "Plans": [{"Node Type": "Seq Scan", "Parent Relationship": "Outer", "Relation Name": "movie_info_idx", "Alias": "mi_idx", "Startup Cost": 0.0, "Total Cost": 16267.15, "Plan Rows": 1380034, "Plan Width": 13, "Actual Min Startup Time": 0.044, "Actual Max Startup Time": 3.446, "Actual Min Total Time": 26.085, "Actual Max Total Time": 31.543, "Actual Rows": 1380034}], "Actual Rows": 1380034}], "Actual Rows": 307785}], "Actual Rows": 307785}, {"Node Type": "Hash", "Parent Relationship": "Inner", "Startup Cost": 2.4, "Total Cost": 2.4, "Plan Rows": 1, "Plan Width": 4, "Actual Min Startup Time": 0.085, "Actual Max Startup Time": 0.085, "Actual Min Total Time": 0.085, "Actual Max Total Time": 0.085, "Max Hash Buckets": 32768, "Min Hash Buckets": 32768, "Max Hash Batches": 1, "Min Hash Batches": 1, "Max Original Hash Batches": 1, "Min Original Hash Batches": 1, "Max Peak Memory Usage": 1, "min Peak Memory Usage": 1, "Plans": [{"Node Type": "Seq Scan", "Parent Relationship": "Outer", "Relation Name": "info_type", "Alias": "it2", "Startup Cost": 0.0, "Total Cost": 2.4, "Plan Rows": 1, "Plan Width": 4, "Actual Min Startup Time": 0.067, "Actual Max Startup Time": 0.067, "Actual Min Total Time": 0.073, "Actual Max Total Time": 0.073, "Filter": "((info)::text = 'votes'::text)", "Rows Removed by Filter": 111, "Actual Rows": 1}], "Actual Rows": 1}], "Actual Rows": 102516}], "Actual Rows": 1640256}, {"Node Type": "Hash", "Parent Relationship": "Inner", "Startup Cost": 66781.24, "Total Cost": 66781.24, "Plan Rows": 1223154, "Plan Width": 8, "Actual Min Startup Time": 892.949, "Actual Max Startup Time": 912.206, "Actual Min Total Time": 892.949, "Actual Max Total Time": 912.206, "Max Hash Buckets": 131072, "Min Hash Buckets": 131072, "Max Hash Batches": 1, "Min Hash Batches": 1, "Max Original Hash Batches": 1, "Min Original Hash Batches": 1, "Max Peak Memory Usage": 3042, "min Peak Memory Usage": 3042, "Plans": [{"Node Type": "Seq Scan", "Parent Relationship": "Outer", "Relation Name": "cast_info", "Alias": "ci", "Startup Cost": 0.0, "Total Cost": 66781.24, "Plan Rows": 1223154, "Plan Width": 8, "Actual Min Startup Time": 25.065, "Actual Max Startup Time": 457.566, "Actual Min Total Time": 870.947, "Actual Max Total Time": 888.673, "Filter": "((note)::text = ANY ('{(writer),\"(head writer)\",\"(written by)\",(story),\"(story editor)\"}'::text[]))", "Rows Removed by Filter": 34999627, "Actual Rows": 1244716}], "Actual Rows": 1244716}], "Actual Rows": 54155}], "Actual Rows": 866480}, {"Node Type": "Hash", "Parent Relationship": "Inner", "Startup Cost": 18754.32, "Total Cost": 18754.32, "Plan Rows": 2528311, "Plan Width": 21, "Actual Min Startup Time": 104.141, "Actual Max Startup Time": 143.467, "Actual Min Total Time": 104.141, "Actual Max Total Time": 143.467, "Max Hash Buckets": 262144, "Min Hash Buckets": 262144, "Max Hash Batches": 1, "Min Hash Batches": 1, "Max Original Hash Batches": 1, "Min Original Hash Batches": 1, "Max Peak Memory Usage": 8595, "min Peak Memory Usage": 8595, "Plans": [{"Node Type": "Seq Scan", "Parent Relationship": "Outer", "Relation Name": "title", "Alias": "t", "Startup Cost": 0.0, "Total Cost": 18754.32, "Plan Rows": 2528311, "Plan Width": 21, "Actual Min Startup Time": 0.027, "Actual Max Startup Time": 0.735, "Actual Min Total Time": 51.288, "Actual Max Total Time": 55.428, "Actual Rows": 2528311}], "Actual Rows": 2528311}], "Actual Rows": 54155}], "Actual Rows": 866480}, {"Node Type": "Hash", "Parent Relationship": "Inner", "Startup Cost": 21468.16, "Total Cost": 21468.16, "Plan Rows": 1740714, "Plan Width": 4, "Actual Min Startup Time": 127.238, "Actual Max Startup Time": 165.496, "Actual Min Total Time": 127.238, "Actual Max Total Time": 165.496, "Max Hash Buckets": 131072, "Min Hash Buckets": 131072, "Max Hash Batches": 1, "Min Hash Batches": 1, "Max Original Hash Batches": 1, "Min Original Hash Batches": 1, "Max Peak Memory Usage": 3968, "min Peak Memory Usage": 3968, "Plans": [{"Node Type": "Seq Scan", "Parent Relationship": "Outer", "Relation Name": "name", "Alias": "n", "Startup Cost": 0.0, "Total Cost": 21468.16, "Plan Rows": 1740714, "Plan Width": 4, "Actual Min Startup Time": 0.027, "Actual Max Startup Time": 0.057, "Actual Min Total Time": 96.82, "Actual Max Total Time": 102.05, "Filter": "((gender)::text = 'm'::text), (LLVM Optimized, Jit Execute)", "Rows Removed by Filter": 2427912, "Actual Rows": 1739578}], "Actual Rows": 1739578}], "Actual Rows": 28073}], "Actual Rows": 16}], "Actual Rows": 16}], "Actual Rows": 1}, "Triggers": [], "Planner Runtime": 157, "Total Runtime": 2959.787, "Unique SQL Id": 3913857139}}, "(16, 111)": {"explain_plan": {"Plan": {"Node Type": "Aggregate", "Strategy": "Plain", "Startup Cost": 7000241394449.71, "Total Cost": 7000241394449.72, "Plan Rows": 1, "Plan Width": 160, "Plans": [{"Node Type": "Hash Join", "Parent Relationship": "Outer", "Join Type": "Inner", "Startup Cost": 5020224899757.33, "Total Cost": 7000241394439.11, "Plan Rows": 1413, "Plan Width": 64, "Inner Unique": true, "Hash Cond": "(mi.movie_id = t.id)", "Plans": [{"Node Type": "Hash Join", "Parent Relationship": "Outer", "Join Type": "Inner", "Startup Cost": 4020213856104.53, "Total Cost": 6000230350766.88, "Plan Rows": 1413, "Plan Width": 59, "Inner Unique": true, "Hash Cond": "(ci.person_id = n.id)", "Plans": [{"Node Type": "Hash Join", "Parent Relationship": "Outer", "Join Type": "Inner", "Startup Cost": 3020195169198.4, "Total Cost": 5000211663842.29, "Plan Rows": 1155, "Plan Width": 63, "Inner Unique": false, "Hash Cond": "(mi.movie_id = ci.movie_id)", "Plans": [{"Node Type": "Hash Join", "Parent Relationship": "Outer", "Join Type": "Inner", "Startup Cost": 2020001842892.02, "Total Cost": 4000018333841.64, "Plan Rows": 1044, "Plan Width": 55, "Inner Unique": false, "Hash Cond": "(mi.movie_id = mi_idx.movie_id)", "Plans": [{"Node Type": "Nested Loop", "Parent Relationship": "Outer", "Join Type": "Inner", "Startup Cost": 20000004842.14, "Total Cost": 2000016495701.31, "Plan Rows": 2717, "Plan Width": 46, "Inner Unique": false, "Plans": [{"Node Type": "Index Scan", "Parent Relationship": "Outer", "Scan Direction": "Forward", "Index Name": "info_type_pkey", "Relation Name": "info_type", "Alias": "it1", "Startup Cost": 10000000000.0, "Total Cost": 1000000001421.0, "Plan Rows": 1, "Plan Width": 4, "Filter": "((info)::text = 'genres'::text)"}, {"Node Type": "Bitmap Heap Scan", "Parent Relationship": "Inner", "Relation Name": "movie_info", "Alias": "mi", "Startup Cost": 10000004842.14, "Total Cost": 1000016494253.14, "Plan Rows": 2717, "Plan Width": 50, "Recheck Cond": "(info_type_id = it1.id)", "Filter": "((info)::text = ANY ('{Horror,Action,Sci-Fi,Thriller,Crime,War}'::text[]))", "Plans": [{"Node Type": "Bitmap Index Scan", "Parent Relationship": "Outer", "Index Name": "info_type_id_movie_info", "Startup Cost": 0.0, "Total Cost": 4841.46, "Plan Rows": 212428, "Plan Width": 0, "Index Cond": "(info_type_id = it1.id)"}]}]}, {"Node Type": "Hash", "Parent Relationship": "Inner", "Startup Cost": 2000001833737.28, "Total Cost": 2000001833737.28, "Plan Rows": 345008, "Plan Width": 9, "Plans": [{"Node Type": "Nested Loop", "Parent Relationship": "Outer", "Join Type": "Inner", "Startup Cost": 20000007502.06, "Total Cost": 2000001833737.28, "Plan Rows": 345008, "Plan Width": 9, "Inner Unique": false, "Plans": [{"Node Type": "Index Scan", "Parent Relationship": "Outer", "Scan Direction": "Forward", "Index Name": "info_type_pkey", "Relation Name": "info_type", "Alias": "it2", "Startup Cost": 10000000000.0, "Total Cost": 1000000001421.0, "Plan Rows": 1, "Plan Width": 4, "Filter": "((info)::text = 'votes'::text)"}, {"Node Type": "Bitmap Heap Scan", "Parent Relationship": "Inner", "Relation Name": "movie_info_idx", "Alias": "mi_idx", "Startup Cost": 10000007502.06, "Total Cost": 1000001828866.2, "Plan Rows": 345008, "Plan Width": 13, "Recheck Cond": "(info_type_id = it2.id), (LLVM Optimized)", "Plans": [{"Node Type": "Bitmap Index Scan", "Parent Relationship": "Outer", "Index Name": "info_type_id_movie_info_idx", "Startup Cost": 0.0, "Total Cost": 7415.81, "Plan Rows": 345008, "Plan Width": 0, "Index Cond": "(info_type_id = it2.id)"}]}]}]}]}, {"Node Type": "Hash", "Parent Relationship": "Inner", "Startup Cost": 1000193311016.96, "Total Cost": 1000193311016.96, "Plan Rows": 1223154, "Plan Width": 8, "Plans": [{"Node Type": "Index Scan", "Parent Relationship": "Outer", "Scan Direction": "Forward", "Index Name": "person_id_cast_info", "Relation Name": "cast_info", "Alias": "ci", "Startup Cost": 10000000000.0, "Total Cost": 1000193311016.96, "Plan Rows": 1223154, "Plan Width": 8, "Filter": "((note)::text = ANY ('{(writer),\"(head writer)\",\"(written by)\",(story),\"(story editor)\"}'::text[]))"}]}]}, {"Node Type": "Hash", "Parent Relationship": "Inner", "Startup Cost": 1000018665147.2, "Total Cost": 1000018665147.2, "Plan Rows": 1740714, "Plan Width": 4, "Plans": [{"Node Type": "Index Scan", "Parent Relationship": "Outer", "Scan Direction": "Forward", "Index Name": "name_pkey", "Relation Name": "name", "Alias": "n", "Startup Cost": 10000000000.0, "Total Cost": 1000018665147.2, "Plan Rows": 1740714, "Plan Width": 4, "Filter": "((gender)::text = 'm'::text), (LLVM Optimized)"}]}]}, {"Node Type": "Hash", "Parent Relationship": "Inner", "Startup Cost": 1000011012048.91, "Total Cost": 1000011012048.91, "Plan Rows": 2528311, "Plan Width": 21, "Plans": [{"Node Type": "Index Scan", "Parent Relationship": "Outer", "Scan Direction": "Forward", "Index Name": "title_pkey", "Relation Name": "title", "Alias": "t", "Startup Cost": 10000000000.0, "Total Cost": 1000011012048.91, "Plan Rows": 2528311, "Plan Width": 21}]}]}]}, "Unique SQL Id": 3913857139, "Planner Runtime": 38}, "explain_analyze_plan": null}, "(16, 112)": {"explain_plan": {"Plan": {"Node Type": "Aggregate", "Strategy": "Plain", "Startup Cost": 50638.13, "Total Cost": 50638.14, "Plan Rows": 1, "Plan Width": 160, "Plans": [{"Node Type": "Nested Loop", "Parent Relationship": "Outer", "Join Type": "Inner", "Startup Cost": 0.0, "Total Cost": 50627.54, "Plan Rows": 1413, "Plan Width": 64, "Inner Unique": true, "Plans": [{"Node Type": "Nested Loop", "Parent Relationship": "Outer", "Join Type": "Inner", "Startup Cost": 0.0, "Total Cost": 50048.27, "Plan Rows": 1155, "Plan Width": 68, "Inner Unique": false, "Plans": [{"Node Type": "Nested Loop", "Parent Relationship": "Outer", "Join Type": "Inner", "Startup Cost": 0.0, "Total Cost": 48986.64, "Plan Rows": 1044, "Plan Width": 76, "Inner Unique": true, "Join Filter": "(mi.movie_id = t.id)", "Plans": [{"Node Type": "Nested Loop", "Parent Relationship": "Outer", "Join Type": "Inner", "Startup Cost": 0.0, "Total Cost": 48558.44, "Plan Rows": 1044, "Plan Width": 55, "Inner Unique": false, "Join Filter": "(mi_idx.info_type_id = it2.id)", "Plans": [{"Node Type": "Seq Scan", "Parent Relationship": "Outer", "Relation Name": "info_type", "Alias": "it2", "Startup Cost": 0.0, "Total Cost": 2.4, "Plan Rows": 1, "Plan Width": 4, "Filter": "((info)::text = 'votes'::text)"}, {"Node Type": "Nested Loop", "Parent Relationship": "Inner", "Join Type": "Inner", "Startup Cost": 0.0, "Total Cost": 48503.86, "Plan Rows": 4175, "Plan Width": 59, "Inner Unique": false, "Plans": [{"Node Type": "Nested Loop", "Parent Relationship": "Outer", "Join Type": "Inner", "Startup Cost": 0.0, "Total Cost": 47015.81, "Plan Rows": 2717, "Plan Width": 46, "Inner Unique": false, "Join Filter": "(it1.id = mi.info_type_id)", "Plans": [{"Node Type": "Seq Scan", "Parent Relationship": "Outer", "Relation Name": "info_type", "Alias": "it1", "Startup Cost": 0.0, "Total Cost": 2.4, "Plan Rows": 1, "Plan Width": 4, "Filter": "((info)::text = 'genres'::text)"}, {"Node Type": "Materialize", "Parent Relationship": "Inner", "Startup Cost": 0.0, "Total Cost": 45111.71, "Plan Rows": 190170, "Plan Width": 50, "Plans": [{"Node Type": "Streaming(type: LOCAL GATHER dop: 1/16)", "Parent Relationship": "Outer", "Startup Cost": 0.0, "Total Cost": 44636.28, "Plan Rows": 190170, "Plan Width": 50, "Plans": [{"Node Type": "Seq Scan", "Parent Relationship": "Outer", "Relation Name": "movie_info", "Alias": "mi", "Startup Cost": 0.0, "Total Cost": 40532.03, "Plan Rows": 190170, "Plan Width": 50, "Filter": "((info)::text = ANY ('{Horror,Action,Sci-Fi,Thriller,Crime,War}'::text[]))"}]}]}]}, {"Node Type": "Index Scan", "Parent Relationship": "Inner", "Scan Direction": "Forward", "Index Name": "movie_id_movie_info_idx", "Relation Name": "movie_info_idx", "Alias": "mi_idx", "Startup Cost": 0.0, "Total Cost": 0.53, "Plan Rows": 2, "Plan Width": 13, "Index Cond": "(movie_id = mi.movie_id)"}]}]}, {"Node Type": "Index Scan", "Parent Relationship": "Inner", "Scan Direction": "Forward", "Index Name": "title_pkey", "Relation Name": "title", "Alias": "t", "Startup Cost": 0.0, "Total Cost": 0.4, "Plan Rows": 1, "Plan Width": 21, "Index Cond": "(id = mi_idx.movie_id)"}]}, {"Node Type": "Index Scan", "Parent Relationship": "Inner", "Scan Direction": "Forward", "Index Name": "movie_id_cast_info", "Relation Name": "cast_info", "Alias": "ci", "Startup Cost": 0.0, "Total Cost": 1.01, "Plan Rows": 1, "Plan Width": 8, "Index Cond": "(movie_id = t.id)", "Filter": "((note)::text = ANY ('{(writer),\"(head writer)\",\"(written by)\",(story),\"(story editor)\"}'::text[]))"}]}, {"Node Type": "Index Scan", "Parent Relationship": "Inner", "Scan Direction": "Forward", "Index Name": "name_pkey", "Relation Name": "name", "Alias": "n", "Startup Cost": 0.0, "Total Cost": 0.49, "Plan Rows": 1, "Plan Width": 4, "Index Cond": "(id = ci.person_id)", "Filter": "((gender)::text = 'm'::text)"}]}]}, "Unique SQL Id": 3913857139, "Planner Runtime": 8}, "explain_analyze_plan": {"Plan": {"Node Type": "Aggregate", "Strategy": "Plain", "Startup Cost": 50638.13, "Total Cost": 50638.14, "Plan Rows": 1, "Plan Width": 160, "Actual Min Startup Time": 11129.472, "Actual Max Startup Time": 11129.472, "Actual Min Total Time": 11129.473, "Actual Max Total Time": 11129.473, "Plans": [{"Node Type": "Nested Loop", "Parent Relationship": "Outer", "Join Type": "Inner", "Startup Cost": 0.0, "Total Cost": 50627.54, "Plan Rows": 1413, "Plan Width": 64, "Actual Min Startup Time": 511.135, "Actual Max Startup Time": 511.135, "Actual Min Total Time": 11090.649, "Actual Max Total Time": 11090.649, "Inner Unique": true, "Plans": [{"Node Type": "Nested Loop", "Parent Relationship": "Outer", "Join Type": "Inner", "Startup Cost": 0.0, "Total Cost": 50048.27, "Plan Rows": 1155, "Plan Width": 68, "Actual Min Startup Time": 511.069, "Actual Max Startup Time": 511.069, "Actual Min Total Time": 10685.753, "Actual Max Total Time": 10685.753, "Inner Unique": false, "Plans": [{"Node Type": "Nested Loop", "Parent Relationship": "Outer", "Join Type": "Inner", "Startup Cost": 0.0, "Total Cost": 48986.64, "Plan Rows": 1044, "Plan Width": 76, "Actual Min Startup Time": 511.036, "Actual Max Startup Time": 511.036, "Actual Min Total Time": 2090.161, "Actual Max Total Time": 2090.161, "Inner Unique": true, "Join Filter": "(mi.movie_id = t.id)", "Rows Removed by Join Filter": 0, "Plans": [{"Node Type": "Nested Loop", "Parent Relationship": "Outer", "Join Type": "Inner", "Startup Cost": 0.0, "Total Cost": 48558.44, "Plan Rows": 1044, "Plan Width": 55, "Actual Min Startup Time": 511.018, "Actual Max Startup Time": 511.018, "Actual Min Total Time": 1536.856, "Actual Max Total Time": 1536.856, "Inner Unique": false, "Join Filter": "(mi_idx.info_type_id = it2.id)", "Rows Removed by Join Filter": 205269, "Plans": [{"Node Type": "Seq Scan", "Parent Relationship": "Outer", "Relation Name": "info_type", "Alias": "it2", "Startup Cost": 0.0, "Total Cost": 2.4, "Plan Rows": 1, "Plan Width": 4, "Actual Min Startup Time": 0.062, "Actual Max Startup Time": 0.062, "Actual Min Total Time": 0.082, "Actual Max Total Time": 0.082, "Filter": "((info)::text = 'votes'::text)", "Rows Removed by Filter": 111, "Actual Rows": 1}, {"Node Type": "Nested Loop", "Parent Relationship": "Inner", "Join Type": "Inner", "Startup Cost": 0.0, "Total Cost": 48503.86, "Plan Rows": 4175, "Plan Width": 59, "Actual Min Startup Time": 510.944, "Actual Max Startup Time": 510.944, "Actual Min Total Time": 1446.297, "Actual Max Total Time": 1446.297, "Inner Unique": false, "Plans": [{"Node Type": "Nested Loop", "Parent Relationship": "Outer", "Join Type": "Inner", "Startup Cost": 0.0, "Total Cost": 47015.81, "Plan Rows": 2717, "Plan Width": 46, "Actual Min Startup Time": 510.906, "Actual Max Startup Time": 510.906, "Actual Min Total Time": 614.399, "Actual Max Total Time": 614.399, "Inner Unique": false, "Join Filter": "(it1.id = mi.info_type_id)", "Rows Removed by Join Filter": 2377, "Plans": [{"Node Type": "Seq Scan", "Parent Relationship": "Outer", "Relation Name": "info_type", "Alias": "it1", "Startup Cost": 0.0, "Total Cost": 2.4, "Plan Rows": 1, "Plan Width": 4, "Actual Min Startup Time": 0.049, "Actual Max Startup Time": 0.049, "Actual Min Total Time": 0.098, "Actual Max Total Time": 0.098, "Filter": "((info)::text = 'genres'::text)", "Rows Removed by Filter": 111, "Actual Rows": 1}, {"Node Type": "Materialize", "Parent Relationship": "Inner", "Startup Cost": 0.0, "Total Cost": 45111.71, "Plan Rows": 190170, "Plan Width": 50, "Actual Min Startup Time": 510.302, "Actual Max Startup Time": 510.302, "Actual Min Total Time": 540.364, "Actual Max Total Time": 540.364, "Plans": [{"Node Type": "Streaming(type: LOCAL GATHER dop: 1/16)", "Parent Relationship": "Outer", "Startup Cost": 0.0, "Total Cost": 44636.28, "Plan Rows": 190170, "Plan Width": 50, "Actual Min Startup Time": 297.487, "Actual Max Startup Time": 297.487, "Actual Min Total Time": 482.691, "Actual Max Total Time": 482.691, "Plans": [{"Node Type": "Seq Scan", "Parent Relationship": "Outer", "Relation Name": "movie_info", "Alias": "mi", "Startup Cost": 0.0, "Total Cost": 40532.03, "Plan Rows": 190170, "Plan Width": 50, "Actual Min Startup Time": 226.336, "Actual Max Startup Time": 412.639, "Actual Min Total Time": 456.317, "Actual Max Total Time": 472.872, "Filter": "((info)::text = ANY ('{Horror,Action,Sci-Fi,Thriller,Crime,War}'::text[]))", "Rows Removed by Filter": 14646748, "Actual Rows": 188971}], "Actual Rows": 188971}], "Actual Rows": 188972}], "Actual Rows": 186594}, {"Node Type": "Index Scan", "Parent Relationship": "Inner", "Scan Direction": "Forward", "Index Name": "movie_id_movie_info_idx", "Relation Name": "movie_info_idx", "Alias": "mi_idx", "Startup Cost": 0.0, "Total Cost": 0.53, "Plan Rows": 2, "Plan Width": 13, "Actual Min Startup Time": 538.97, "Actual Max Startup Time": 538.97, "Actual Min Total Time": 658.4, "Actual Max Total Time": 658.4, "Index Cond": "(movie_id = mi.movie_id)", "Rows Removed by Index Recheck": 0, "Actual Rows": 307785}], "Actual Rows": 307785}], "Actual Rows": 102516}, {"Node Type": "Index Scan", "Parent Relationship": "Inner", "Scan Direction": "Forward", "Index Name": "title_pkey", "Relation Name": "title", "Alias": "t", "Startup Cost": 0.0, "Total Cost": 0.4, "Plan Rows": 1, "Plan Width": 21, "Actual Min Startup Time": 443.939, "Actual Max Startup Time": 443.939, "Actual Min Total Time": 443.939, "Actual Max Total Time": 443.939, "Index Cond": "(id = mi_idx.movie_id)", "Rows Removed by Index Recheck": 0, "Actual Rows": 102516}], "Actual Rows": 102516}, {"Node Type": "Index Scan", "Parent Relationship": "Inner", "Scan Direction": "Forward", "Index Name": "movie_id_cast_info", "Relation Name": "cast_info", "Alias": "ci", "Startup Cost": 0.0, "Total Cost": 1.01, "Plan Rows": 1, "Plan Width": 8, "Actual Min Startup Time": 7269.102, "Actual Max Startup Time": 7269.102, "Actual Min Total Time": 8522.718, "Actual Max Total Time": 8522.718, "Index Cond": "(movie_id = t.id)", "Rows Removed by Index Recheck": 0, "Filter": "((note)::text = ANY ('{(writer),\"(head writer)\",\"(written by)\",(story),\"(story editor)\"}'::text[]))", "Rows Removed by Filter": 3987641, "Actual Rows": 54155}], "Actual Rows": 54155}, {"Node Type": "Index Scan", "Parent Relationship": "Inner", "Scan Direction": "Forward", "Index Name": "name_pkey", "Relation Name": "name", "Alias": "n", "Startup Cost": 0.0, "Total Cost": 0.49, "Plan Rows": 1, "Plan Width": 4, "Actual Min Startup Time": 360.913, "Actual Max Startup Time": 360.913, "Actual Min Total Time": 360.913, "Actual Max Total Time": 360.913, "Index Cond": "(id = ci.person_id)", "Rows Removed by Index Recheck": 0, "Filter": "((gender)::text = 'm'::text)", "Rows Removed by Filter": 26082, "Actual Rows": 28073}], "Actual Rows": 28073}], "Actual Rows": 1}, "Triggers": [], "Planner Runtime": 8, "Total Runtime": 11132.427, "Unique SQL Id": 3913857139}}, "(16, 113)": {"explain_plan": {"Plan": {"Node Type": "Aggregate", "Strategy": "Plain", "Startup Cost": 168618.05, "Total Cost": 168618.06, "Plan Rows": 1, "Plan Width": 160, "Plans": [{"Node Type": "Nested Loop", "Parent Relationship": "Outer", "Join Type": "Inner", "Startup Cost": 4842.14, "Total Cost": 168607.45, "Plan Rows": 1413, "Plan Width": 64, "Inner Unique": true, "Plans": [{"Node Type": "Nested Loop", "Parent Relationship": "Outer", "Join Type": "Inner", "Startup Cost": 4842.14, "Total Cost": 168028.19, "Plan Rows": 1155, "Plan Width": 68, "Inner Unique": false, "Plans": [{"Node Type": "Nested Loop", "Parent Relationship": "Outer", "Join Type": "Inner", "Startup Cost": 4842.14, "Total Cost": 166966.55, "Plan Rows": 1044, "Plan Width": 76, "Inner Unique": true, "Join Filter": "(mi.movie_id = t.id)", "Plans": [{"Node Type": "Nested Loop", "Parent Relationship": "Outer", "Join Type": "Inner", "Startup Cost": 4842.14, "Total Cost": 166538.36, "Plan Rows": 1044, "Plan Width": 55, "Inner Unique": false, "Join Filter": "(mi_idx.info_type_id = it2.id)", "Plans": [{"Node Type": "Index Scan", "Parent Relationship": "Outer", "Scan Direction": "Forward", "Index Name": "info_type_pkey", "Relation Name": "info_type", "Alias": "it2", "Startup Cost": 0.0, "Total Cost": 14.21, "Plan Rows": 1, "Plan Width": 4, "Filter": "((info)::text = 'votes'::text)"}, {"Node Type": "Nested Loop", "Parent Relationship": "Inner", "Join Type": "Inner", "Startup Cost": 4842.14, "Total Cost": 166471.96, "Plan Rows": 4175, "Plan Width": 59, "Inner Unique": false, "Plans": [{"Node Type": "Nested Loop", "Parent Relationship": "Outer", "Join Type": "Inner", "Startup Cost": 4842.14, "Total Cost": 164983.91, "Plan Rows": 2717, "Plan Width": 46, "Inner Unique": false, "Plans": [{"Node Type": "Index Scan", "Parent Relationship": "Outer", "Scan Direction": "Forward", "Index Name": "info_type_pkey", "Relation Name": "info_type", "Alias": "it1", "Startup Cost": 0.0, "Total Cost": 14.21, "Plan Rows": 1, "Plan Width": 4, "Filter": "((info)::text = 'genres'::text)"}, {"Node Type": "Bitmap Heap Scan", "Parent Relationship": "Inner", "Relation Name": "movie_info", "Alias": "mi", "Startup Cost": 4842.14, "Total Cost": 164942.53, "Plan Rows": 2717, "Plan Width": 50, "Recheck Cond": "(info_type_id = it1.id)", "Filter": "((info)::text = ANY ('{Horror,Action,Sci-Fi,Thriller,Crime,War}'::text[]))", "Plans": [{"Node Type": "Bitmap Index Scan", "Parent Relationship": "Outer", "Index Name": "info_type_id_movie_info", "Startup Cost": 0.0, "Total Cost": 4841.46, "Plan Rows": 212428, "Plan Width": 0, "Index Cond": "(info_type_id = it1.id)"}]}]}, {"Node Type": "Index Scan", "Parent Relationship": "Inner", "Scan Direction": "Forward", "Index Name": "movie_id_movie_info_idx", "Relation Name": "movie_info_idx", "Alias": "mi_idx", "Startup Cost": 0.0, "Total Cost": 0.53, "Plan Rows": 2, "Plan Width": 13, "Index Cond": "(movie_id = mi.movie_id)"}]}]}, {"Node Type": "Index Scan", "Parent Relationship": "Inner", "Scan Direction": "Forward", "Index Name": "title_pkey", "Relation Name": "title", "Alias": "t", "Startup Cost": 0.0, "Total Cost": 0.4, "Plan Rows": 1, "Plan Width": 21, "Index Cond": "(id = mi_idx.movie_id)"}]}, {"Node Type": "Index Scan", "Parent Relationship": "Inner", "Scan Direction": "Forward", "Index Name": "movie_id_cast_info", "Relation Name": "cast_info", "Alias": "ci", "Startup Cost": 0.0, "Total Cost": 1.01, "Plan Rows": 1, "Plan Width": 8, "Index Cond": "(movie_id = t.id)", "Filter": "((note)::text = ANY ('{(writer),\"(head writer)\",\"(written by)\",(story),\"(story editor)\"}'::text[]))"}]}, {"Node Type": "Index Scan", "Parent Relationship": "Inner", "Scan Direction": "Forward", "Index Name": "name_pkey", "Relation Name": "name", "Alias": "n", "Startup Cost": 0.0, "Total Cost": 0.49, "Plan Rows": 1, "Plan Width": 4, "Index Cond": "(id = ci.person_id)", "Filter": "((gender)::text = 'm'::text)"}]}]}, "Unique SQL Id": 3913857139, "Planner Runtime": 8}, "explain_analyze_plan": {"Plan": {"Node Type": "Aggregate", "Strategy": "Plain", "Startup Cost": 168618.05, "Total Cost": 168618.06, "Plan Rows": 1, "Plan Width": 160, "Actual Startup Time": 11969.053, "Actual Total Time": 11969.053, "Actual Rows": 1, "Actual Loops": 1, "Plans": [{"Node Type": "Nested Loop", "Parent Relationship": "Outer", "Join Type": "Inner", "Startup Cost": 4842.14, "Total Cost": 168607.45, "Plan Rows": 1413, "Plan Width": 64, "Actual Startup Time": 183.605, "Actual Total Time": 11931.811, "Actual Rows": 28073, "Actual Loops": 1, "Inner Unique": true, "Plans": [{"Node Type": "Nested Loop", "Parent Relationship": "Outer", "Join Type": "Inner", "Startup Cost": 4842.14, "Total Cost": 168028.19, "Plan Rows": 1155, "Plan Width": 68, "Actual Startup Time": 181.327, "Actual Total Time": 11510.362, "Actual Rows": 54155, "Actual Loops": 1, "Inner Unique": false, "Plans": [{"Node Type": "Nested Loop", "Parent Relationship": "Outer", "Join Type": "Inner", "Startup Cost": 4842.14, "Total Cost": 166966.55, "Plan Rows": 1044, "Plan Width": 76, "Actual Startup Time": 178.719, "Actual Total Time": 2661.808, "Actual Rows": 102516, "Actual Loops": 1, "Inner Unique": true, "Join Filter": "(mi.movie_id = t.id)", "Rows Removed by Join Filter": 0, "Plans": [{"Node Type": "Nested Loop", "Parent Relationship": "Outer", "Join Type": "Inner", "Startup Cost": 4842.14, "Total Cost": 166538.36, "Plan Rows": 1044, "Plan Width": 55, "Actual Startup Time": 178.7, "Actual Total Time": 2109.568, "Actual Rows": 102516, "Actual Loops": 1, "Inner Unique": false, "Join Filter": "(mi_idx.info_type_id = it2.id)", "Rows Removed by Join Filter": 205269, "Plans": [{"Node Type": "Index Scan", "Parent Relationship": "Outer", "Scan Direction": "Forward", "Index Name": "info_type_pkey", "Relation Name": "info_type", "Alias": "it2", "Startup Cost": 0.0, "Total Cost": 14.21, "Plan Rows": 1, "Plan Width": 4, "Actual Startup Time": 0.068, "Actual Total Time": 0.077, "Actual Rows": 1, "Actual Loops": 1, "Filter": "((info)::text = 'votes'::text)", "Rows Removed by Filter": 111}, {"Node Type": "Nested Loop", "Parent Relationship": "Inner", "Join Type": "Inner", "Startup Cost": 4842.14, "Total Cost": 166471.96, "Plan Rows": 4175, "Plan Width": 59, "Actual Startup Time": 178.619, "Actual Total Time": 2023.448, "Actual Rows": 307785, "Actual Loops": 1, "Inner Unique": false, "Plans": [{"Node Type": "Nested Loop", "Parent Relationship": "Outer", "Join Type": "Inner", "Startup Cost": 4842.14, "Total Cost": 164983.91, "Plan Rows": 2717, "Plan Width": 46, "Actual Startup Time": 178.589, "Actual Total Time": 1168.902, "Actual Rows": 186594, "Actual Loops": 1, "Inner Unique": false, "Plans": [{"Node Type": "Index Scan", "Parent Relationship": "Outer", "Scan Direction": "Forward", "Index Name": "info_type_pkey", "Relation Name": "info_type", "Alias": "it1", "Startup Cost": 0.0, "Total Cost": 14.21, "Plan Rows": 1, "Plan Width": 4, "Actual Startup Time": 0.008, "Actual Total Time": 0.071, "Actual Rows": 1, "Actual Loops": 1, "Filter": "((info)::text = 'genres'::text)", "Rows Removed by Filter": 111}, {"Node Type": "Bitmap Heap Scan", "Parent Relationship": "Inner", "Relation Name": "movie_info", "Alias": "mi", "Startup Cost": 4842.14, "Total Cost": 164942.53, "Plan Rows": 2717, "Plan Width": 50, "Actual Startup Time": 178.575, "Actual Total Time": 1125.474, "Actual Rows": 186594, "Actual Loops": 1, "Recheck Cond": "(info_type_id = it1.id)", "Rows Removed by Index Recheck": 0, "Filter": "((info)::text = ANY ('{Horror,Action,Sci-Fi,Thriller,Crime,War}'::text[]))", "Rows Removed by Filter": 1347315, "Exact Heap Blocks": 7426, "Lossy Heap Blocks": 7426, "Plans": [{"Node Type": "Bitmap Index Scan", "Parent Relationship": "Outer", "Index Name": "info_type_id_movie_info", "Startup Cost": 0.0, "Total Cost": 4841.46, "Plan Rows": 212428, "Plan Width": 0, "Actual Startup Time": 177.197, "Actual Total Time": 177.197, "Actual Rows": 1533909, "Actual Loops": 1, "Index Cond": "(info_type_id = it1.id)"}]}]}, {"Node Type": "Index Scan", "Parent Relationship": "Inner", "Scan Direction": "Forward", "Index Name": "movie_id_movie_info_idx", "Relation Name": "movie_info_idx", "Alias": "mi_idx", "Startup Cost": 0.0, "Total Cost": 0.53, "Plan Rows": 2, "Plan Width": 13, "Actual Startup Time": 557.682, "Actual Total Time": 678.182, "Actual Rows": 307785, "Actual Loops": 186594, "Index Cond": "(movie_id = mi.movie_id)", "Rows Removed by Index Recheck": 0}]}]}, {"Node Type": "Index Scan", "Parent Relationship": "Inner", "Scan Direction": "Forward", "Index Name": "title_pkey", "Relation Name": "title", "Alias": "t", "Startup Cost": 0.0, "Total Cost": 0.4, "Plan Rows": 1, "Plan Width": 21, "Actual Startup Time": 444.947, "Actual Total Time": 444.947, "Actual Rows": 102516, "Actual Loops": 102516, "Index Cond": "(id = mi_idx.movie_id)", "Rows Removed by Index Recheck": 0}]}, {"Node Type": "Index Scan", "Parent Relationship": "Inner", "Scan Direction": "Forward", "Index Name": "movie_id_cast_info", "Relation Name": "cast_info", "Alias": "ci", "Startup Cost": 0.0, "Total Cost": 1.01, "Plan Rows": 1, "Plan Width": 8, "Actual Startup Time": 7477.985, "Actual Total Time": 8775.091, "Actual Rows": 54155, "Actual Loops": 102516, "Index Cond": "(movie_id = t.id)", "Rows Removed by Index Recheck": 0, "Filter": "((note)::text = ANY ('{(writer),\"(head writer)\",\"(written by)\",(story),\"(story editor)\"}'::text[]))", "Rows Removed by Filter": 3987641}]}, {"Node Type": "Index Scan", "Parent Relationship": "Inner", "Scan Direction": "Forward", "Index Name": "name_pkey", "Relation Name": "name", "Alias": "n", "Startup Cost": 0.0, "Total Cost": 0.49, "Plan Rows": 1, "Plan Width": 4, "Actual Startup Time": 373.743, "Actual Total Time": 373.743, "Actual Rows": 28073, "Actual Loops": 54155, "Index Cond": "(id = ci.person_id)", "Rows Removed by Index Recheck": 0, "Filter": "((gender)::text = 'm'::text)", "Rows Removed by Filter": 26082}]}]}, "Triggers": [], "Planner Runtime": 8, "Total Runtime": 11969.337, "Unique SQL Id": 3913857139}}, "(16, 114)": {"explain_plan": {"Plan": {"Node Type": "Aggregate", "Strategy": "Plain", "Startup Cost": 73415.7, "Total Cost": 73415.71, "Plan Rows": 1, "Plan Width": 160, "Plans": [{"Node Type": "Nested Loop", "Parent Relationship": "Outer", "Join Type": "Inner", "Startup Cost": 1.48, "Total Cost": 73405.11, "Plan Rows": 1413, "Plan Width": 64, "Inner Unique": true, "Plans": [{"Node Type": "Nested Loop", "Parent Relationship": "Outer", "Join Type": "Inner", "Startup Cost": 1.17, "Total Cost": 68399.68, "Plan Rows": 1155, "Plan Width": 68, "Inner Unique": false, "Plans": [{"Node Type": "Nested Loop", "Parent Relationship": "Outer", "Join Type": "Inner", "Startup Cost": 0.65, "Total Cost": 63557.01, "Plan Rows": 1044, "Plan Width": 76, "Inner Unique": true, "Join Filter": "(mi.movie_id = t.id)", "Plans": [{"Node Type": "Nested Loop", "Parent Relationship": "Outer", "Join Type": "Inner", "Startup Cost": 0.37, "Total Cost": 59057.82, "Plan Rows": 1044, "Plan Width": 55, "Inner Unique": false, "Join Filter": "(mi_idx.info_type_id = it2.id)", "Plans": [{"Node Type": "Seq Scan", "Parent Relationship": "Outer", "Relation Name": "info_type", "Alias": "it2", "Startup Cost": 0.0, "Total Cost": 2.4, "Plan Rows": 1, "Plan Width": 4, "Filter": "((info)::text = 'votes'::text)"}, {"Node Type": "Nested Loop", "Parent Relationship": "Inner", "Join Type": "Inner", "Startup Cost": 0.37, "Total Cost": 59003.23, "Plan Rows": 4175, "Plan Width": 59, "Inner Unique": false, "Plans": [{"Node Type": "Nested Loop", "Parent Relationship": "Outer", "Join Type": "Inner", "Startup Cost": 0.0, "Total Cost": 47015.81, "Plan Rows": 2717, "Plan Width": 46, "Inner Unique": false, "Join Filter": "(it1.id = mi.info_type_id)", "Plans": [{"Node Type": "Seq Scan", "Parent Relationship": "Outer", "Relation Name": "info_type", "Alias": "it1", "Startup Cost": 0.0, "Total Cost": 2.4, "Plan Rows": 1, "Plan Width": 4, "Filter": "((info)::text = 'genres'::text)"}, {"Node Type": "Materialize", "Parent Relationship": "Inner", "Startup Cost": 0.0, "Total Cost": 45111.71, "Plan Rows": 190170, "Plan Width": 50, "Plans": [{"Node Type": "Streaming(type: LOCAL GATHER dop: 1/16)", "Parent Relationship": "Outer", "Startup Cost": 0.0, "Total Cost": 44636.28, "Plan Rows": 190170, "Plan Width": 50, "Plans": [{"Node Type": "Seq Scan", "Parent Relationship": "Outer", "Relation Name": "movie_info", "Alias": "mi", "Startup Cost": 0.0, "Total Cost": 40532.03, "Plan Rows": 190170, "Plan Width": 50, "Filter": "((info)::text = ANY ('{Horror,Action,Sci-Fi,Thriller,Crime,War}'::text[]))"}]}]}]}, {"Node Type": "Bitmap Heap Scan", "Parent Relationship": "Inner", "Relation Name": "movie_info_idx", "Alias": "mi_idx", "Startup Cost": 0.37, "Total Cost": 4.39, "Plan Rows": 2, "Plan Width": 13, "Recheck Cond": "(movie_id = mi.movie_id)", "Plans": [{"Node Type": "Bitmap Index Scan", "Parent Relationship": "Outer", "Index Name": "movie_id_movie_info_idx", "Startup Cost": 0.0, "Total Cost": 0.37, "Plan Rows": 2, "Plan Width": 0, "Index Cond": "(movie_id = mi.movie_id)"}]}]}]}, {"Node Type": "Bitmap Heap Scan", "Parent Relationship": "Inner", "Relation Name": "title", "Alias": "t", "Startup Cost": 0.28, "Total Cost": 4.3, "Plan Rows": 1, "Plan Width": 21, "Recheck Cond": "(id = mi_idx.movie_id)", "Plans": [{"Node Type": "Bitmap Index Scan", "Parent Relationship": "Outer", "Index Name": "title_pkey", "Startup Cost": 0.0, "Total Cost": 0.28, "Plan Rows": 1, "Plan Width": 0, "Index Cond": "(id = mi_idx.movie_id)"}]}]}, {"Node Type": "Bitmap Heap Scan", "Parent Relationship": "Inner", "Relation Name": "cast_info", "Alias": "ci", "Startup Cost": 0.52, "Total Cost": 4.63, "Plan Rows": 1, "Plan Width": 8, "Recheck Cond": "(movie_id = t.id)", "Filter": "((note)::text = ANY ('{(writer),\"(head writer)\",\"(written by)\",(story),\"(story editor)\"}'::text[]))", "Plans": [{"Node Type": "Bitmap Index Scan", "Parent Relationship": "Outer", "Index Name": "movie_id_cast_info", "Startup Cost": 0.0, "Total Cost": 0.52, "Plan Rows": 6, "Plan Width": 0, "Index Cond": "(movie_id = t.id)"}]}]}, {"Node Type": "Bitmap Heap Scan", "Parent Relationship": "Inner", "Relation Name": "name", "Alias": "n", "Startup Cost": 0.31, "Total Cost": 4.32, "Plan Rows": 1, "Plan Width": 4, "Recheck Cond": "(id = ci.person_id)", "Filter": "((gender)::text = 'm'::text)", "Plans": [{"Node Type": "Bitmap Index Scan", "Parent Relationship": "Outer", "Index Name": "name_pkey", "Startup Cost": 0.0, "Total Cost": 0.31, "Plan Rows": 1, "Plan Width": 0, "Index Cond": "(id = ci.person_id)"}]}]}]}, "Unique SQL Id": 3913857139, "Planner Runtime": 18}, "explain_analyze_plan": {"Plan": {"Node Type": "Aggregate", "Strategy": "Plain", "Startup Cost": 73415.7, "Total Cost": 73415.71, "Plan Rows": 1, "Plan Width": 160, "Actual Min Startup Time": 14086.031, "Actual Max Startup Time": 14086.031, "Actual Min Total Time": 14086.031, "Actual Max Total Time": 14086.031, "Plans": [{"Node Type": "Nested Loop", "Parent Relationship": "Outer", "Join Type": "Inner", "Startup Cost": 1.48, "Total Cost": 73405.11, "Plan Rows": 1413, "Plan Width": 64, "Actual Min Startup Time": 511.913, "Actual Max Startup Time": 511.913, "Actual Min Total Time": 14038.009, "Actual Max Total Time": 14038.009, "Inner Unique": true, "Plans": [{"Node Type": "Nested Loop", "Parent Relationship": "Outer", "Join Type": "Inner", "Startup Cost": 1.17, "Total Cost": 68399.68, "Plan Rows": 1155, "Plan Width": 68, "Actual Min Startup Time": 511.827, "Actual Max Startup Time": 511.827, "Actual Min Total Time": 13500.235, "Actual Max Total Time": 13500.235, "Inner Unique": false, "Plans": [{"Node Type": "Nested Loop", "Parent Relationship": "Outer", "Join Type": "Inner", "Startup Cost": 0.65, "Total Cost": 63557.01, "Plan Rows": 1044, "Plan Width": 76, "Actual Min Startup Time": 511.775, "Actual Max Startup Time": 511.775, "Actual Min Total Time": 2633.047, "Actual Max Total Time": 2633.047, "Inner Unique": true, "Join Filter": "(mi.movie_id = t.id)", "Rows Removed by Join Filter": 0, "Plans": [{"Node Type": "Nested Loop", "Parent Relationship": "Outer", "Join Type": "Inner", "Startup Cost": 0.37, "Total Cost": 59057.82, "Plan Rows": 1044, "Plan Width": 55, "Actual Min Startup Time": 511.751, "Actual Max Startup Time": 511.751, "Actual Min Total Time": 1869.537, "Actual Max Total Time": 1869.537, "Inner Unique": false, "Join Filter": "(mi_idx.info_type_id = it2.id)", "Rows Removed by Join Filter": 205269, "Plans": [{"Node Type": "Seq Scan", "Parent Relationship": "Outer", "Relation Name": "info_type", "Alias": "it2", "Startup Cost": 0.0, "Total Cost": 2.4, "Plan Rows": 1, "Plan Width": 4, "Actual Min Startup Time": 0.075, "Actual Max Startup Time": 0.075, "Actual Min Total Time": 0.085, "Actual Max Total Time": 0.085, "Filter": "((info)::text = 'votes'::text)", "Rows Removed by Filter": 111, "Actual Rows": 1}, {"Node Type": "Nested Loop", "Parent Relationship": "Inner", "Join Type": "Inner", "Startup Cost": 0.37, "Total Cost": 59003.23, "Plan Rows": 4175, "Plan Width": 59, "Actual Min Startup Time": 511.662, "Actual Max Startup Time": 511.662, "Actual Min Total Time": 1768.717, "Actual Max Total Time": 1768.717, "Inner Unique": false, "Plans": [{"Node Type": "Nested Loop", "Parent Relationship": "Outer", "Join Type": "Inner", "Startup Cost": 0.0, "Total Cost": 47015.81, "Plan Rows": 2717, "Plan Width": 46, "Actual Min Startup Time": 511.607, "Actual Max Startup Time": 511.607, "Actual Min Total Time": 623.721, "Actual Max Total Time": 623.721, "Inner Unique": false, "Join Filter": "(it1.id = mi.info_type_id)", "Rows Removed by Join Filter": 2377, "Plans": [{"Node Type": "Seq Scan", "Parent Relationship": "Outer", "Relation Name": "info_type", "Alias": "it1", "Startup Cost": 0.0, "Total Cost": 2.4, "Plan Rows": 1, "Plan Width": 4, "Actual Min Startup Time": 0.045, "Actual Max Startup Time": 0.045, "Actual Min Total Time": 0.083, "Actual Max Total Time": 0.083, "Filter": "((info)::text = 'genres'::text)", "Rows Removed by Filter": 111, "Actual Rows": 1}, {"Node Type": "Materialize", "Parent Relationship": "Inner", "Startup Cost": 0.0, "Total Cost": 45111.71, "Plan Rows": 190170, "Plan Width": 50, "Actual Min Startup Time": 510.997, "Actual Max Startup Time": 510.997, "Actual Min Total Time": 541.819, "Actual Max Total Time": 541.819, "Plans": [{"Node Type": "Streaming(type: LOCAL GATHER dop: 1/16)", "Parent Relationship": "Outer", "Startup Cost": 0.0, "Total Cost": 44636.28, "Plan Rows": 190170, "Plan Width": 50, "Actual Min Startup Time": 300.607, "Actual Max Startup Time": 300.607, "Actual Min Total Time": 483.126, "Actual Max Total Time": 483.126, "Plans": [{"Node Type": "Seq Scan", "Parent Relationship": "Outer", "Relation Name": "movie_info", "Alias": "mi", "Startup Cost": 0.0, "Total Cost": 40532.03, "Plan Rows": 190170, "Plan Width": 50, "Actual Min Startup Time": 225.891, "Actual Max Startup Time": 409.901, "Actual Min Total Time": 456.007, "Actual Max Total Time": 472.766, "Filter": "((info)::text = ANY ('{Horror,Action,Sci-Fi,Thriller,Crime,War}'::text[]))", "Rows Removed by Filter": 14646748, "Actual Rows": 188971}], "Actual Rows": 188971}], "Actual Rows": 188972}], "Actual Rows": 186594}, {"Node Type": "Bitmap Heap Scan", "Parent Relationship": "Inner", "Relation Name": "movie_info_idx", "Alias": "mi_idx", "Startup Cost": 0.37, "Total Cost": 4.39, "Plan Rows": 2, "Plan Width": 13, "Actual Min Startup Time": 785.813, "Actual Max Startup Time": 785.813, "Actual Min Total Time": 831.397, "Actual Max Total Time": 831.397, "Recheck Cond": "(movie_id = mi.movie_id)", "Rows Removed by Index Recheck": 0, "Exact Heap Blocks": 103610, "Lossy Heap Blocks": 103610, "Plans": [{"Node Type": "Bitmap Index Scan", "Parent Relationship": "Outer", "Index Name": "movie_id_movie_info_idx", "Startup Cost": 0.0, "Total Cost": 0.37, "Plan Rows": 2, "Plan Width": 0, "Actual Min Startup Time": 534.083, "Actual Max Startup Time": 534.083, "Actual Min Total Time": 534.083, "Actual Max Total Time": 534.083, "Index Cond": "(movie_id = mi.movie_id)", "Actual Rows": 307785}], "Actual Rows": 307785}], "Actual Rows": 307785}], "Actual Rows": 102516}, {"Node Type": "Bitmap Heap Scan", "Parent Relationship": "Inner", "Relation Name": "title", "Alias": "t", "Startup Cost": 0.28, "Total Cost": 4.3, "Plan Rows": 1, "Plan Width": 21, "Actual Min Startup Time": 582.851, "Actual Max Startup Time": 582.851, "Actual Min Total Time": 582.851, "Actual Max Total Time": 582.851, "Recheck Cond": "(id = mi_idx.movie_id)", "Rows Removed by Index Recheck": 0, "Exact Heap Blocks": 102516, "Lossy Heap Blocks": 102516, "Plans": [{"Node Type": "Bitmap Index Scan", "Parent Relationship": "Outer", "Index Name": "title_pkey", "Startup Cost": 0.0, "Total Cost": 0.28, "Plan Rows": 1, "Plan Width": 0, "Actual Min Startup Time": 314.133, "Actual Max Startup Time": 314.133, "Actual Min Total Time": 314.133, "Actual Max Total Time": 314.133, "Index Cond": "(id = mi_idx.movie_id)", "Actual Rows": 102516}], "Actual Rows": 102516}], "Actual Rows": 102516}, {"Node Type": "Bitmap Heap Scan", "Parent Relationship": "Inner", "Relation Name": "cast_info", "Alias": "ci", "Startup Cost": 0.52, "Total Cost": 4.63, "Plan Rows": 1, "Plan Width": 8, "Actual Min Startup Time": 9263.342, "Actual Max Startup Time": 9263.342, "Actual Min Total Time": 10705.552, "Actual Max Total Time": 10705.552, "Recheck Cond": "(movie_id = t.id)", "Rows Removed by Index Recheck": 0, "Filter": "((note)::text = ANY ('{(writer),\"(head writer)\",\"(written by)\",(story),\"(story editor)\"}'::text[]))", "Rows Removed by Filter": 3987641, "Exact Heap Blocks": 3901088, "Lossy Heap Blocks": 3901088, "Plans": [{"Node Type": "Bitmap Index Scan", "Parent Relationship": "Outer", "Index Name": "movie_id_cast_info", "Startup Cost": 0.0, "Total Cost": 0.52, "Plan Rows": 6, "Plan Width": 0, "Actual Min Startup Time": 1108.06, "Actual Max Startup Time": 1108.06, "Actual Min Total Time": 1108.06, "Actual Max Total Time": 1108.06, "Index Cond": "(movie_id = t.id)", "Actual Rows": 4041796}], "Actual Rows": 54155}], "Actual Rows": 54155}, {"Node Type": "Bitmap Heap Scan", "Parent Relationship": "Inner", "Relation Name": "name", "Alias": "n", "Startup Cost": 0.31, "Total Cost": 4.32, "Plan Rows": 1, "Plan Width": 4, "Actual Min Startup Time": 448.646, "Actual Max Startup Time": 448.646, "Actual Min Total Time": 448.646, "Actual Max Total Time": 448.646, "Recheck Cond": "(id = ci.person_id)", "Rows Removed by Index Recheck": 0, "Filter": "((gender)::text = 'm'::text)", "Rows Removed by Filter": 26082, "Exact Heap Blocks": 54155, "Lossy Heap Blocks": 54155, "Plans": [{"Node Type": "Bitmap Index Scan", "Parent Relationship": "Outer", "Index Name": "name_pkey", "Startup Cost": 0.0, "Total Cost": 0.31, "Plan Rows": 1, "Plan Width": 0, "Actual Min Startup Time": 286.768, "Actual Max Startup Time": 286.768, "Actual Min Total Time": 286.768, "Actual Max Total Time": 286.768, "Index Cond": "(id = ci.person_id)", "Actual Rows": 54155}], "Actual Rows": 28073}], "Actual Rows": 28073}], "Actual Rows": 1}, "Triggers": [], "Planner Runtime": 18, "Total Runtime": 14088.924, "Unique SQL Id": 3913857139}}, "(16, 115)": {"explain_plan": {"Plan": {"Node Type": "Aggregate", "Strategy": "Plain", "Startup Cost": 191395.62, "Total Cost": 191395.63, "Plan Rows": 1, "Plan Width": 160, "Plans": [{"Node Type": "Nested Loop", "Parent Relationship": "Outer", "Join Type": "Inner", "Startup Cost": 4861.24, "Total Cost": 191385.02, "Plan Rows": 1413, "Plan Width": 64, "Inner Unique": true, "Plans": [{"Node Type": "Nested Loop", "Parent Relationship": "Outer", "Join Type": "Inner", "Startup Cost": 4860.93, "Total Cost": 186379.6, "Plan Rows": 1155, "Plan Width": 68, "Inner Unique": false, "Plans": [{"Node Type": "Nested Loop", "Parent Relationship": "Outer", "Join Type": "Inner", "Startup Cost": 4860.41, "Total Cost": 181536.93, "Plan Rows": 1044, "Plan Width": 76, "Inner Unique": true, "Join Filter": "(mi.movie_id = t.id)", "Plans": [{"Node Type": "Nested Loop", "Parent Relationship": "Outer", "Join Type": "Inner", "Startup Cost": 4860.13, "Total Cost": 177037.74, "Plan Rows": 1044, "Plan Width": 55, "Inner Unique": false, "Join Filter": "(mi_idx.info_type_id = it2.id)", "Plans": [{"Node Type": "Bitmap Heap Scan", "Parent Relationship": "Outer", "Relation Name": "info_type", "Alias": "it2", "Startup Cost": 8.81, "Total Cost": 14.21, "Plan Rows": 1, "Plan Width": 4, "Filter": "((info)::text = 'votes'::text)", "Plans": [{"Node Type": "Bitmap Index Scan", "Parent Relationship": "Outer", "Index Name": "info_type_pkey", "Startup Cost": 0.0, "Total Cost": 8.81, "Plan Rows": 112, "Plan Width": 0}]}, {"Node Type": "Nested Loop", "Parent Relationship": "Inner", "Join Type": "Inner", "Startup Cost": 4851.32, "Total Cost": 176971.34, "Plan Rows": 4175, "Plan Width": 59, "Inner Unique": false, "Plans": [{"Node Type": "Nested Loop", "Parent Relationship": "Outer", "Join Type": "Inner", "Startup Cost": 4850.95, "Total Cost": 164983.91, "Plan Rows": 2717, "Plan Width": 46, "Inner Unique": false, "Plans": [{"Node Type": "Bitmap Heap Scan", "Parent Relationship": "Outer", "Relation Name": "info_type", "Alias": "it1", "Startup Cost": 8.81, "Total Cost": 14.21, "Plan Rows": 1, "Plan Width": 4, "Filter": "((info)::text = 'genres'::text)", "Plans": [{"Node Type": "Bitmap Index Scan", "Parent Relationship": "Outer", "Index Name": "info_type_pkey", "Startup Cost": 0.0, "Total Cost": 8.81, "Plan Rows": 112, "Plan Width": 0}]}, {"Node Type": "Bitmap Heap Scan", "Parent Relationship": "Inner", "Relation Name": "movie_info", "Alias": "mi", "Startup Cost": 4842.14, "Total Cost": 164942.53, "Plan Rows": 2717, "Plan Width": 50, "Recheck Cond": "(info_type_id = it1.id)", "Filter": "((info)::text = ANY ('{Horror,Action,Sci-Fi,Thriller,Crime,War}'::text[]))", "Plans": [{"Node Type": "Bitmap Index Scan", "Parent Relationship": "Outer", "Index Name": "info_type_id_movie_info", "Startup Cost": 0.0, "Total Cost": 4841.46, "Plan Rows": 212428, "Plan Width": 0, "Index Cond": "(info_type_id = it1.id)"}]}]}, {"Node Type": "Bitmap Heap Scan", "Parent Relationship": "Inner", "Relation Name": "movie_info_idx", "Alias": "mi_idx", "Startup Cost": 0.37, "Total Cost": 4.39, "Plan Rows": 2, "Plan Width": 13, "Recheck Cond": "(movie_id = mi.movie_id)", "Plans": [{"Node Type": "Bitmap Index Scan", "Parent Relationship": "Outer", "Index Name": "movie_id_movie_info_idx", "Startup Cost": 0.0, "Total Cost": 0.37, "Plan Rows": 2, "Plan Width": 0, "Index Cond": "(movie_id = mi.movie_id)"}]}]}]}, {"Node Type": "Bitmap Heap Scan", "Parent Relationship": "Inner", "Relation Name": "title", "Alias": "t", "Startup Cost": 0.28, "Total Cost": 4.3, "Plan Rows": 1, "Plan Width": 21, "Recheck Cond": "(id = mi_idx.movie_id)", "Plans": [{"Node Type": "Bitmap Index Scan", "Parent Relationship": "Outer", "Index Name": "title_pkey", "Startup Cost": 0.0, "Total Cost": 0.28, "Plan Rows": 1, "Plan Width": 0, "Index Cond": "(id = mi_idx.movie_id)"}]}]}, {"Node Type": "Bitmap Heap Scan", "Parent Relationship": "Inner", "Relation Name": "cast_info", "Alias": "ci", "Startup Cost": 0.52, "Total Cost": 4.63, "Plan Rows": 1, "Plan Width": 8, "Recheck Cond": "(movie_id = t.id)", "Filter": "((note)::text = ANY ('{(writer),\"(head writer)\",\"(written by)\",(story),\"(story editor)\"}'::text[]))", "Plans": [{"Node Type": "Bitmap Index Scan", "Parent Relationship": "Outer", "Index Name": "movie_id_cast_info", "Startup Cost": 0.0, "Total Cost": 0.52, "Plan Rows": 6, "Plan Width": 0, "Index Cond": "(movie_id = t.id)"}]}]}, {"Node Type": "Bitmap Heap Scan", "Parent Relationship": "Inner", "Relation Name": "name", "Alias": "n", "Startup Cost": 0.31, "Total Cost": 4.32, "Plan Rows": 1, "Plan Width": 4, "Recheck Cond": "(id = ci.person_id)", "Filter": "((gender)::text = 'm'::text)", "Plans": [{"Node Type": "Bitmap Index Scan", "Parent Relationship": "Outer", "Index Name": "name_pkey", "Startup Cost": 0.0, "Total Cost": 0.31, "Plan Rows": 1, "Plan Width": 0, "Index Cond": "(id = ci.person_id)"}]}]}]}, "Unique SQL Id": 3913857139, "Planner Runtime": 8}, "explain_analyze_plan": {"Plan": {"Node Type": "Aggregate", "Strategy": "Plain", "Startup Cost": 191395.62, "Total Cost": 191395.63, "Plan Rows": 1, "Plan Width": 160, "Actual Startup Time": 14138.197, "Actual Total Time": 14138.197, "Actual Rows": 1, "Actual Loops": 1, "Plans": [{"Node Type": "Nested Loop", "Parent Relationship": "Outer", "Join Type": "Inner", "Startup Cost": 4861.24, "Total Cost": 191385.02, "Plan Rows": 1413, "Plan Width": 64, "Actual Startup Time": 187.003, "Actual Total Time": 14094.486, "Actual Rows": 28073, "Actual Loops": 1, "Inner Unique": true, "Plans": [{"Node Type": "Nested Loop", "Parent Relationship": "Outer", "Join Type": "Inner", "Startup Cost": 4860.93, "Total Cost": 186379.6, "Plan Rows": 1155, "Plan Width": 68, "Actual Startup Time": 184.391, "Actual Total Time": 13585.354, "Actual Rows": 54155, "Actual Loops": 1, "Inner Unique": false, "Plans": [{"Node Type": "Nested Loop", "Parent Relationship": "Outer", "Join Type": "Inner", "Startup Cost": 4860.41, "Total Cost": 181536.93, "Plan Rows": 1044, "Plan Width": 76, "Actual Startup Time": 181.346, "Actual Total Time": 3101.831, "Actual Rows": 102516, "Actual Loops": 1, "Inner Unique": true, "Join Filter": "(mi.movie_id = t.id)", "Rows Removed by Join Filter": 0, "Plans": [{"Node Type": "Nested Loop", "Parent Relationship": "Outer", "Join Type": "Inner", "Startup Cost": 4860.13, "Total Cost": 177037.74, "Plan Rows": 1044, "Plan Width": 55, "Actual Startup Time": 181.323, "Actual Total Time": 2380.152, "Actual Rows": 102516, "Actual Loops": 1, "Inner Unique": false, "Join Filter": "(mi_idx.info_type_id = it2.id)", "Rows Removed by Join Filter": 205269, "Plans": [{"Node Type": "Bitmap Heap Scan", "Parent Relationship": "Outer", "Relation Name": "info_type", "Alias": "it2", "Startup Cost": 8.81, "Total Cost": 14.21, "Plan Rows": 1, "Plan Width": 4, "Actual Startup Time": 0.075, "Actual Total Time": 0.079, "Actual Rows": 1, "Actual Loops": 1, "Filter": "((info)::text = 'votes'::text)", "Rows Removed by Filter": 111, "Exact Heap Blocks": 1, "Lossy Heap Blocks": 1, "Plans": [{"Node Type": "Bitmap Index Scan", "Parent Relationship": "Outer", "Index Name": "info_type_pkey", "Startup Cost": 0.0, "Total Cost": 8.81, "Plan Rows": 112, "Plan Width": 0, "Actual Startup Time": 0.014, "Actual Total Time": 0.014, "Actual Rows": 112, "Actual Loops": 1}]}, {"Node Type": "Nested Loop", "Parent Relationship": "Inner", "Join Type": "Inner", "Startup Cost": 4851.32, "Total Cost": 176971.34, "Plan Rows": 4175, "Plan Width": 59, "Actual Startup Time": 181.235, "Actual Total Time": 2285.67, "Actual Rows": 307785, "Actual Loops": 1, "Inner Unique": false, "Plans": [{"Node Type": "Nested Loop", "Parent Relationship": "Outer", "Join Type": "Inner", "Startup Cost": 4850.95, "Total Cost": 164983.91, "Plan Rows": 2717, "Plan Width": 46, "Actual Startup Time": 181.195, "Actual Total Time": 1161.625, "Actual Rows": 186594, "Actual Loops": 1, "Inner Unique": false, "Plans": [{"Node Type": "Bitmap Heap Scan", "Parent Relationship": "Outer", "Relation Name": "info_type", "Alias": "it1", "Startup Cost": 8.81, "Total Cost": 14.21, "Plan Rows": 1, "Plan Width": 4, "Actual Startup Time": 0.029, "Actual Total Time": 0.058, "Actual Rows": 1, "Actual Loops": 1, "Filter": "((info)::text = 'genres'::text)", "Rows Removed by Filter": 111, "Exact Heap Blocks": 1, "Lossy Heap Blocks": 1, "Plans": [{"Node Type": "Bitmap Index Scan", "Parent Relationship": "Outer", "Index Name": "info_type_pkey", "Startup Cost": 0.0, "Total Cost": 8.81, "Plan Rows": 112, "Plan Width": 0, "Actual Startup Time": 0.008, "Actual Total Time": 0.008, "Actual Rows": 112, "Actual Loops": 1}]}, {"Node Type": "Bitmap Heap Scan", "Parent Relationship": "Inner", "Relation Name": "movie_info", "Alias": "mi", "Startup Cost": 4842.14, "Total Cost": 164942.53, "Plan Rows": 2717, "Plan Width": 50, "Actual Startup Time": 181.162, "Actual Total Time": 1119.515, "Actual Rows": 186594, "Actual Loops": 1, "Recheck Cond": "(info_type_id = it1.id)", "Rows Removed by Index Recheck": 0, "Filter": "((info)::text = ANY ('{Horror,Action,Sci-Fi,Thriller,Crime,War}'::text[]))", "Rows Removed by Filter": 1347315, "Exact Heap Blocks": 7426, "Lossy Heap Blocks": 7426, "Plans": [{"Node Type": "Bitmap Index Scan", "Parent Relationship": "Outer", "Index Name": "info_type_id_movie_info", "Startup Cost": 0.0, "Total Cost": 4841.46, "Plan Rows": 212428, "Plan Width": 0, "Actual Startup Time": 179.772, "Actual Total Time": 179.772, "Actual Rows": 1533909, "Actual Loops": 1, "Index Cond": "(info_type_id = it1.id)"}]}]}, {"Node Type": "Bitmap Heap Scan", "Parent Relationship": "Inner", "Relation Name": "movie_info_idx", "Alias": "mi_idx", "Startup Cost": 0.37, "Total Cost": 4.39, "Plan Rows": 2, "Plan Width": 13, "Actual Startup Time": 770.753, "Actual Total Time": 815.789, "Actual Rows": 307785, "Actual Loops": 186594, "Recheck Cond": "(movie_id = mi.movie_id)", "Rows Removed by Index Recheck": 0, "Exact Heap Blocks": 103610, "Lossy Heap Blocks": 103610, "Plans": [{"Node Type": "Bitmap Index Scan", "Parent Relationship": "Outer", "Index Name": "movie_id_movie_info_idx", "Startup Cost": 0.0, "Total Cost": 0.37, "Plan Rows": 2, "Plan Width": 0, "Actual Startup Time": 523.523, "Actual Total Time": 523.523, "Actual Rows": 307785, "Actual Loops": 186594, "Index Cond": "(movie_id = mi.movie_id)"}]}]}]}, {"Node Type": "Bitmap Heap Scan", "Parent Relationship": "Inner", "Relation Name": "title", "Alias": "t", "Startup Cost": 0.28, "Total Cost": 4.3, "Plan Rows": 1, "Plan Width": 21, "Actual Startup Time": 551.607, "Actual Total Time": 551.607, "Actual Rows": 102516, "Actual Loops": 102516, "Recheck Cond": "(id = mi_idx.movie_id)", "Rows Removed by Index Recheck": 0, "Exact Heap Blocks": 102516, "Lossy Heap Blocks": 102516, "Plans": [{"Node Type": "Bitmap Index Scan", "Parent Relationship": "Outer", "Index Name": "title_pkey", "Startup Cost": 0.0, "Total Cost": 0.28, "Plan Rows": 1, "Plan Width": 0, "Actual Startup Time": 308.447, "Actual Total Time": 308.447, "Actual Rows": 102516, "Actual Loops": 102516, "Index Cond": "(id = mi_idx.movie_id)"}]}]}, {"Node Type": "Bitmap Heap Scan", "Parent Relationship": "Inner", "Relation Name": "cast_info", "Alias": "ci", "Startup Cost": 0.52, "Total Cost": 4.63, "Plan Rows": 1, "Plan Width": 8, "Actual Startup Time": 8932.38, "Actual Total Time": 10325.233, "Actual Rows": 54155, "Actual Loops": 102516, "Recheck Cond": "(movie_id = t.id)", "Rows Removed by Index Recheck": 0, "Filter": "((note)::text = ANY ('{(writer),\"(head writer)\",\"(written by)\",(story),\"(story editor)\"}'::text[]))", "Rows Removed by Filter": 3987641, "Exact Heap Blocks": 3901088, "Lossy Heap Blocks": 3901088, "Plans": [{"Node Type": "Bitmap Index Scan", "Parent Relationship": "Outer", "Index Name": "movie_id_cast_info", "Startup Cost": 0.0, "Total Cost": 0.52, "Plan Rows": 6, "Plan Width": 0, "Actual Startup Time": 1094.418, "Actual Total Time": 1094.418, "Actual Rows": 4041796, "Actual Loops": 102516, "Index Cond": "(movie_id = t.id)"}]}]}, {"Node Type": "Bitmap Heap Scan", "Parent Relationship": "Inner", "Relation Name": "name", "Alias": "n", "Startup Cost": 0.31, "Total Cost": 4.32, "Plan Rows": 1, "Plan Width": 4, "Actual Startup Time": 425.148, "Actual Total Time": 425.148, "Actual Rows": 28073, "Actual Loops": 54155, "Recheck Cond": "(id = ci.person_id)", "Rows Removed by Index Recheck": 0, "Filter": "((gender)::text = 'm'::text)", "Rows Removed by Filter": 26082, "Exact Heap Blocks": 54155, "Lossy Heap Blocks": 54155, "Plans": [{"Node Type": "Bitmap Index Scan", "Parent Relationship": "Outer", "Index Name": "name_pkey", "Startup Cost": 0.0, "Total Cost": 0.31, "Plan Rows": 1, "Plan Width": 0, "Actual Startup Time": 273.193, "Actual Total Time": 273.193, "Actual Rows": 54155, "Actual Loops": 54155, "Index Cond": "(id = ci.person_id)"}]}]}]}, "Triggers": [], "Planner Runtime": 7, "Total Runtime": 14138.488, "Unique SQL Id": 3913857139}}, "(16, 116)": {"explain_plan": {"Plan": {"Node Type": "Aggregate", "Strategy": "Plain", "Startup Cost": 50638.13, "Total Cost": 50638.14, "Plan Rows": 1, "Plan Width": 160, "Plans": [{"Node Type": "Nested Loop", "Parent Relationship": "Outer", "Join Type": "Inner", "Startup Cost": 0.0, "Total Cost": 50627.54, "Plan Rows": 1413, "Plan Width": 64, "Inner Unique": true, "Plans": [{"Node Type": "Nested Loop", "Parent Relationship": "Outer", "Join Type": "Inner", "Startup Cost": 0.0, "Total Cost": 50048.27, "Plan Rows": 1155, "Plan Width": 68, "Inner Unique": false, "Plans": [{"Node Type": "Nested Loop", "Parent Relationship": "Outer", "Join Type": "Inner", "Startup Cost": 0.0, "Total Cost": 48986.64, "Plan Rows": 1044, "Plan Width": 76, "Inner Unique": true, "Join Filter": "(mi.movie_id = t.id)", "Plans": [{"Node Type": "Nested Loop", "Parent Relationship": "Outer", "Join Type": "Inner", "Startup Cost": 0.0, "Total Cost": 48558.44, "Plan Rows": 1044, "Plan Width": 55, "Inner Unique": false, "Join Filter": "(mi_idx.info_type_id = it2.id)", "Plans": [{"Node Type": "Seq Scan", "Parent Relationship": "Outer", "Relation Name": "info_type", "Alias": "it2", "Startup Cost": 0.0, "Total Cost": 2.4, "Plan Rows": 1, "Plan Width": 4, "Filter": "((info)::text = 'votes'::text)"}, {"Node Type": "Nested Loop", "Parent Relationship": "Inner", "Join Type": "Inner", "Startup Cost": 0.0, "Total Cost": 48503.86, "Plan Rows": 4175, "Plan Width": 59, "Inner Unique": false, "Plans": [{"Node Type": "Nested Loop", "Parent Relationship": "Outer", "Join Type": "Inner", "Startup Cost": 0.0, "Total Cost": 47015.81, "Plan Rows": 2717, "Plan Width": 46, "Inner Unique": false, "Join Filter": "(it1.id = mi.info_type_id)", "Plans": [{"Node Type": "Seq Scan", "Parent Relationship": "Outer", "Relation Name": "info_type", "Alias": "it1", "Startup Cost": 0.0, "Total Cost": 2.4, "Plan Rows": 1, "Plan Width": 4, "Filter": "((info)::text = 'genres'::text)"}, {"Node Type": "Materialize", "Parent Relationship": "Inner", "Startup Cost": 0.0, "Total Cost": 45111.71, "Plan Rows": 190170, "Plan Width": 50, "Plans": [{"Node Type": "Streaming(type: LOCAL GATHER dop: 1/16)", "Parent Relationship": "Outer", "Startup Cost": 0.0, "Total Cost": 44636.28, "Plan Rows": 190170, "Plan Width": 50, "Plans": [{"Node Type": "Seq Scan", "Parent Relationship": "Outer", "Relation Name": "movie_info", "Alias": "mi", "Startup Cost": 0.0, "Total Cost": 40532.03, "Plan Rows": 190170, "Plan Width": 50, "Filter": "((info)::text = ANY ('{Horror,Action,Sci-Fi,Thriller,Crime,War}'::text[]))"}]}]}]}, {"Node Type": "Index Scan", "Parent Relationship": "Inner", "Scan Direction": "Forward", "Index Name": "movie_id_movie_info_idx", "Relation Name": "movie_info_idx", "Alias": "mi_idx", "Startup Cost": 0.0, "Total Cost": 0.53, "Plan Rows": 2, "Plan Width": 13, "Index Cond": "(movie_id = mi.movie_id)"}]}]}, {"Node Type": "Index Scan", "Parent Relationship": "Inner", "Scan Direction": "Forward", "Index Name": "title_pkey", "Relation Name": "title", "Alias": "t", "Startup Cost": 0.0, "Total Cost": 0.4, "Plan Rows": 1, "Plan Width": 21, "Index Cond": "(id = mi_idx.movie_id)"}]}, {"Node Type": "Index Scan", "Parent Relationship": "Inner", "Scan Direction": "Forward", "Index Name": "movie_id_cast_info", "Relation Name": "cast_info", "Alias": "ci", "Startup Cost": 0.0, "Total Cost": 1.01, "Plan Rows": 1, "Plan Width": 8, "Index Cond": "(movie_id = t.id)", "Filter": "((note)::text = ANY ('{(writer),\"(head writer)\",\"(written by)\",(story),\"(story editor)\"}'::text[]))"}]}, {"Node Type": "Index Scan", "Parent Relationship": "Inner", "Scan Direction": "Forward", "Index Name": "name_pkey", "Relation Name": "name", "Alias": "n", "Startup Cost": 0.0, "Total Cost": 0.49, "Plan Rows": 1, "Plan Width": 4, "Index Cond": "(id = ci.person_id)", "Filter": "((gender)::text = 'm'::text)"}]}]}, "Unique SQL Id": 3913857139, "Planner Runtime": 7}, "explain_analyze_plan": {"Plan": {"Node Type": "Aggregate", "Strategy": "Plain", "Startup Cost": 50638.13, "Total Cost": 50638.14, "Plan Rows": 1, "Plan Width": 160, "Actual Min Startup Time": 11129.472, "Actual Max Startup Time": 11129.472, "Actual Min Total Time": 11129.473, "Actual Max Total Time": 11129.473, "Plans": [{"Node Type": "Nested Loop", "Parent Relationship": "Outer", "Join Type": "Inner", "Startup Cost": 0.0, "Total Cost": 50627.54, "Plan Rows": 1413, "Plan Width": 64, "Actual Min Startup Time": 511.135, "Actual Max Startup Time": 511.135, "Actual Min Total Time": 11090.649, "Actual Max Total Time": 11090.649, "Inner Unique": true, "Plans": [{"Node Type": "Nested Loop", "Parent Relationship": "Outer", "Join Type": "Inner", "Startup Cost": 0.0, "Total Cost": 50048.27, "Plan Rows": 1155, "Plan Width": 68, "Actual Min Startup Time": 511.069, "Actual Max Startup Time": 511.069, "Actual Min Total Time": 10685.753, "Actual Max Total Time": 10685.753, "Inner Unique": false, "Plans": [{"Node Type": "Nested Loop", "Parent Relationship": "Outer", "Join Type": "Inner", "Startup Cost": 0.0, "Total Cost": 48986.64, "Plan Rows": 1044, "Plan Width": 76, "Actual Min Startup Time": 511.036, "Actual Max Startup Time": 511.036, "Actual Min Total Time": 2090.161, "Actual Max Total Time": 2090.161, "Inner Unique": true, "Join Filter": "(mi.movie_id = t.id)", "Rows Removed by Join Filter": 0, "Plans": [{"Node Type": "Nested Loop", "Parent Relationship": "Outer", "Join Type": "Inner", "Startup Cost": 0.0, "Total Cost": 48558.44, "Plan Rows": 1044, "Plan Width": 55, "Actual Min Startup Time": 511.018, "Actual Max Startup Time": 511.018, "Actual Min Total Time": 1536.856, "Actual Max Total Time": 1536.856, "Inner Unique": false, "Join Filter": "(mi_idx.info_type_id = it2.id)", "Rows Removed by Join Filter": 205269, "Plans": [{"Node Type": "Seq Scan", "Parent Relationship": "Outer", "Relation Name": "info_type", "Alias": "it2", "Startup Cost": 0.0, "Total Cost": 2.4, "Plan Rows": 1, "Plan Width": 4, "Actual Min Startup Time": 0.062, "Actual Max Startup Time": 0.062, "Actual Min Total Time": 0.082, "Actual Max Total Time": 0.082, "Filter": "((info)::text = 'votes'::text)", "Rows Removed by Filter": 111, "Actual Rows": 1}, {"Node Type": "Nested Loop", "Parent Relationship": "Inner", "Join Type": "Inner", "Startup Cost": 0.0, "Total Cost": 48503.86, "Plan Rows": 4175, "Plan Width": 59, "Actual Min Startup Time": 510.944, "Actual Max Startup Time": 510.944, "Actual Min Total Time": 1446.297, "Actual Max Total Time": 1446.297, "Inner Unique": false, "Plans": [{"Node Type": "Nested Loop", "Parent Relationship": "Outer", "Join Type": "Inner", "Startup Cost": 0.0, "Total Cost": 47015.81, "Plan Rows": 2717, "Plan Width": 46, "Actual Min Startup Time": 510.906, "Actual Max Startup Time": 510.906, "Actual Min Total Time": 614.399, "Actual Max Total Time": 614.399, "Inner Unique": false, "Join Filter": "(it1.id = mi.info_type_id)", "Rows Removed by Join Filter": 2377, "Plans": [{"Node Type": "Seq Scan", "Parent Relationship": "Outer", "Relation Name": "info_type", "Alias": "it1", "Startup Cost": 0.0, "Total Cost": 2.4, "Plan Rows": 1, "Plan Width": 4, "Actual Min Startup Time": 0.049, "Actual Max Startup Time": 0.049, "Actual Min Total Time": 0.098, "Actual Max Total Time": 0.098, "Filter": "((info)::text = 'genres'::text)", "Rows Removed by Filter": 111, "Actual Rows": 1}, {"Node Type": "Materialize", "Parent Relationship": "Inner", "Startup Cost": 0.0, "Total Cost": 45111.71, "Plan Rows": 190170, "Plan Width": 50, "Actual Min Startup Time": 510.302, "Actual Max Startup Time": 510.302, "Actual Min Total Time": 540.364, "Actual Max Total Time": 540.364, "Plans": [{"Node Type": "Streaming(type: LOCAL GATHER dop: 1/16)", "Parent Relationship": "Outer", "Startup Cost": 0.0, "Total Cost": 44636.28, "Plan Rows": 190170, "Plan Width": 50, "Actual Min Startup Time": 297.487, "Actual Max Startup Time": 297.487, "Actual Min Total Time": 482.691, "Actual Max Total Time": 482.691, "Plans": [{"Node Type": "Seq Scan", "Parent Relationship": "Outer", "Relation Name": "movie_info", "Alias": "mi", "Startup Cost": 0.0, "Total Cost": 40532.03, "Plan Rows": 190170, "Plan Width": 50, "Actual Min Startup Time": 226.336, "Actual Max Startup Time": 412.639, "Actual Min Total Time": 456.317, "Actual Max Total Time": 472.872, "Filter": "((info)::text = ANY ('{Horror,Action,Sci-Fi,Thriller,Crime,War}'::text[]))", "Rows Removed by Filter": 14646748, "Actual Rows": 188971}], "Actual Rows": 188971}], "Actual Rows": 188972}], "Actual Rows": 186594}, {"Node Type": "Index Scan", "Parent Relationship": "Inner", "Scan Direction": "Forward", "Index Name": "movie_id_movie_info_idx", "Relation Name": "movie_info_idx", "Alias": "mi_idx", "Startup Cost": 0.0, "Total Cost": 0.53, "Plan Rows": 2, "Plan Width": 13, "Actual Min Startup Time": 538.97, "Actual Max Startup Time": 538.97, "Actual Min Total Time": 658.4, "Actual Max Total Time": 658.4, "Index Cond": "(movie_id = mi.movie_id)", "Rows Removed by Index Recheck": 0, "Actual Rows": 307785}], "Actual Rows": 307785}], "Actual Rows": 102516}, {"Node Type": "Index Scan", "Parent Relationship": "Inner", "Scan Direction": "Forward", "Index Name": "title_pkey", "Relation Name": "title", "Alias": "t", "Startup Cost": 0.0, "Total Cost": 0.4, "Plan Rows": 1, "Plan Width": 21, "Actual Min Startup Time": 443.939, "Actual Max Startup Time": 443.939, "Actual Min Total Time": 443.939, "Actual Max Total Time": 443.939, "Index Cond": "(id = mi_idx.movie_id)", "Rows Removed by Index Recheck": 0, "Actual Rows": 102516}], "Actual Rows": 102516}, {"Node Type": "Index Scan", "Parent Relationship": "Inner", "Scan Direction": "Forward", "Index Name": "movie_id_cast_info", "Relation Name": "cast_info", "Alias": "ci", "Startup Cost": 0.0, "Total Cost": 1.01, "Plan Rows": 1, "Plan Width": 8, "Actual Min Startup Time": 7269.102, "Actual Max Startup Time": 7269.102, "Actual Min Total Time": 8522.718, "Actual Max Total Time": 8522.718, "Index Cond": "(movie_id = t.id)", "Rows Removed by Index Recheck": 0, "Filter": "((note)::text = ANY ('{(writer),\"(head writer)\",\"(written by)\",(story),\"(story editor)\"}'::text[]))", "Rows Removed by Filter": 3987641, "Actual Rows": 54155}], "Actual Rows": 54155}, {"Node Type": "Index Scan", "Parent Relationship": "Inner", "Scan Direction": "Forward", "Index Name": "name_pkey", "Relation Name": "name", "Alias": "n", "Startup Cost": 0.0, "Total Cost": 0.49, "Plan Rows": 1, "Plan Width": 4, "Actual Min Startup Time": 360.913, "Actual Max Startup Time": 360.913, "Actual Min Total Time": 360.913, "Actual Max Total Time": 360.913, "Index Cond": "(id = ci.person_id)", "Rows Removed by Index Recheck": 0, "Filter": "((gender)::text = 'm'::text)", "Rows Removed by Filter": 26082, "Actual Rows": 28073}], "Actual Rows": 28073}], "Actual Rows": 1}, "Triggers": [], "Planner Runtime": 8, "Total Runtime": 11132.427, "Unique SQL Id": 3913857139}}, "(16, 117)": {"explain_plan": {"Plan": {"Node Type": "Aggregate", "Strategy": "Plain", "Startup Cost": 168618.05, "Total Cost": 168618.06, "Plan Rows": 1, "Plan Width": 160, "Plans": [{"Node Type": "Nested Loop", "Parent Relationship": "Outer", "Join Type": "Inner", "Startup Cost": 4842.14, "Total Cost": 168607.45, "Plan Rows": 1413, "Plan Width": 64, "Inner Unique": true, "Plans": [{"Node Type": "Nested Loop", "Parent Relationship": "Outer", "Join Type": "Inner", "Startup Cost": 4842.14, "Total Cost": 168028.19, "Plan Rows": 1155, "Plan Width": 68, "Inner Unique": false, "Plans": [{"Node Type": "Nested Loop", "Parent Relationship": "Outer", "Join Type": "Inner", "Startup Cost": 4842.14, "Total Cost": 166966.55, "Plan Rows": 1044, "Plan Width": 76, "Inner Unique": true, "Join Filter": "(mi.movie_id = t.id)", "Plans": [{"Node Type": "Nested Loop", "Parent Relationship": "Outer", "Join Type": "Inner", "Startup Cost": 4842.14, "Total Cost": 166538.36, "Plan Rows": 1044, "Plan Width": 55, "Inner Unique": false, "Join Filter": "(mi_idx.info_type_id = it2.id)", "Plans": [{"Node Type": "Index Scan", "Parent Relationship": "Outer", "Scan Direction": "Forward", "Index Name": "info_type_pkey", "Relation Name": "info_type", "Alias": "it2", "Startup Cost": 0.0, "Total Cost": 14.21, "Plan Rows": 1, "Plan Width": 4, "Filter": "((info)::text = 'votes'::text)"}, {"Node Type": "Nested Loop", "Parent Relationship": "Inner", "Join Type": "Inner", "Startup Cost": 4842.14, "Total Cost": 166471.96, "Plan Rows": 4175, "Plan Width": 59, "Inner Unique": false, "Plans": [{"Node Type": "Nested Loop", "Parent Relationship": "Outer", "Join Type": "Inner", "Startup Cost": 4842.14, "Total Cost": 164983.91, "Plan Rows": 2717, "Plan Width": 46, "Inner Unique": false, "Plans": [{"Node Type": "Index Scan", "Parent Relationship": "Outer", "Scan Direction": "Forward", "Index Name": "info_type_pkey", "Relation Name": "info_type", "Alias": "it1", "Startup Cost": 0.0, "Total Cost": 14.21, "Plan Rows": 1, "Plan Width": 4, "Filter": "((info)::text = 'genres'::text)"}, {"Node Type": "Bitmap Heap Scan", "Parent Relationship": "Inner", "Relation Name": "movie_info", "Alias": "mi", "Startup Cost": 4842.14, "Total Cost": 164942.53, "Plan Rows": 2717, "Plan Width": 50, "Recheck Cond": "(info_type_id = it1.id)", "Filter": "((info)::text = ANY ('{Horror,Action,Sci-Fi,Thriller,Crime,War}'::text[]))", "Plans": [{"Node Type": "Bitmap Index Scan", "Parent Relationship": "Outer", "Index Name": "info_type_id_movie_info", "Startup Cost": 0.0, "Total Cost": 4841.46, "Plan Rows": 212428, "Plan Width": 0, "Index Cond": "(info_type_id = it1.id)"}]}]}, {"Node Type": "Index Scan", "Parent Relationship": "Inner", "Scan Direction": "Forward", "Index Name": "movie_id_movie_info_idx", "Relation Name": "movie_info_idx", "Alias": "mi_idx", "Startup Cost": 0.0, "Total Cost": 0.53, "Plan Rows": 2, "Plan Width": 13, "Index Cond": "(movie_id = mi.movie_id)"}]}]}, {"Node Type": "Index Scan", "Parent Relationship": "Inner", "Scan Direction": "Forward", "Index Name": "title_pkey", "Relation Name": "title", "Alias": "t", "Startup Cost": 0.0, "Total Cost": 0.4, "Plan Rows": 1, "Plan Width": 21, "Index Cond": "(id = mi_idx.movie_id)"}]}, {"Node Type": "Index Scan", "Parent Relationship": "Inner", "Scan Direction": "Forward", "Index Name": "movie_id_cast_info", "Relation Name": "cast_info", "Alias": "ci", "Startup Cost": 0.0, "Total Cost": 1.01, "Plan Rows": 1, "Plan Width": 8, "Index Cond": "(movie_id = t.id)", "Filter": "((note)::text = ANY ('{(writer),\"(head writer)\",\"(written by)\",(story),\"(story editor)\"}'::text[]))"}]}, {"Node Type": "Index Scan", "Parent Relationship": "Inner", "Scan Direction": "Forward", "Index Name": "name_pkey", "Relation Name": "name", "Alias": "n", "Startup Cost": 0.0, "Total Cost": 0.49, "Plan Rows": 1, "Plan Width": 4, "Index Cond": "(id = ci.person_id)", "Filter": "((gender)::text = 'm'::text)"}]}]}, "Unique SQL Id": 3913857139, "Planner Runtime": 8}, "explain_analyze_plan": {"Plan": {"Node Type": "Aggregate", "Strategy": "Plain", "Startup Cost": 168618.05, "Total Cost": 168618.06, "Plan Rows": 1, "Plan Width": 160, "Actual Startup Time": 11969.053, "Actual Total Time": 11969.053, "Actual Rows": 1, "Actual Loops": 1, "Plans": [{"Node Type": "Nested Loop", "Parent Relationship": "Outer", "Join Type": "Inner", "Startup Cost": 4842.14, "Total Cost": 168607.45, "Plan Rows": 1413, "Plan Width": 64, "Actual Startup Time": 183.605, "Actual Total Time": 11931.811, "Actual Rows": 28073, "Actual Loops": 1, "Inner Unique": true, "Plans": [{"Node Type": "Nested Loop", "Parent Relationship": "Outer", "Join Type": "Inner", "Startup Cost": 4842.14, "Total Cost": 168028.19, "Plan Rows": 1155, "Plan Width": 68, "Actual Startup Time": 181.327, "Actual Total Time": 11510.362, "Actual Rows": 54155, "Actual Loops": 1, "Inner Unique": false, "Plans": [{"Node Type": "Nested Loop", "Parent Relationship": "Outer", "Join Type": "Inner", "Startup Cost": 4842.14, "Total Cost": 166966.55, "Plan Rows": 1044, "Plan Width": 76, "Actual Startup Time": 178.719, "Actual Total Time": 2661.808, "Actual Rows": 102516, "Actual Loops": 1, "Inner Unique": true, "Join Filter": "(mi.movie_id = t.id)", "Rows Removed by Join Filter": 0, "Plans": [{"Node Type": "Nested Loop", "Parent Relationship": "Outer", "Join Type": "Inner", "Startup Cost": 4842.14, "Total Cost": 166538.36, "Plan Rows": 1044, "Plan Width": 55, "Actual Startup Time": 178.7, "Actual Total Time": 2109.568, "Actual Rows": 102516, "Actual Loops": 1, "Inner Unique": false, "Join Filter": "(mi_idx.info_type_id = it2.id)", "Rows Removed by Join Filter": 205269, "Plans": [{"Node Type": "Index Scan", "Parent Relationship": "Outer", "Scan Direction": "Forward", "Index Name": "info_type_pkey", "Relation Name": "info_type", "Alias": "it2", "Startup Cost": 0.0, "Total Cost": 14.21, "Plan Rows": 1, "Plan Width": 4, "Actual Startup Time": 0.068, "Actual Total Time": 0.077, "Actual Rows": 1, "Actual Loops": 1, "Filter": "((info)::text = 'votes'::text)", "Rows Removed by Filter": 111}, {"Node Type": "Nested Loop", "Parent Relationship": "Inner", "Join Type": "Inner", "Startup Cost": 4842.14, "Total Cost": 166471.96, "Plan Rows": 4175, "Plan Width": 59, "Actual Startup Time": 178.619, "Actual Total Time": 2023.448, "Actual Rows": 307785, "Actual Loops": 1, "Inner Unique": false, "Plans": [{"Node Type": "Nested Loop", "Parent Relationship": "Outer", "Join Type": "Inner", "Startup Cost": 4842.14, "Total Cost": 164983.91, "Plan Rows": 2717, "Plan Width": 46, "Actual Startup Time": 178.589, "Actual Total Time": 1168.902, "Actual Rows": 186594, "Actual Loops": 1, "Inner Unique": false, "Plans": [{"Node Type": "Index Scan", "Parent Relationship": "Outer", "Scan Direction": "Forward", "Index Name": "info_type_pkey", "Relation Name": "info_type", "Alias": "it1", "Startup Cost": 0.0, "Total Cost": 14.21, "Plan Rows": 1, "Plan Width": 4, "Actual Startup Time": 0.008, "Actual Total Time": 0.071, "Actual Rows": 1, "Actual Loops": 1, "Filter": "((info)::text = 'genres'::text)", "Rows Removed by Filter": 111}, {"Node Type": "Bitmap Heap Scan", "Parent Relationship": "Inner", "Relation Name": "movie_info", "Alias": "mi", "Startup Cost": 4842.14, "Total Cost": 164942.53, "Plan Rows": 2717, "Plan Width": 50, "Actual Startup Time": 178.575, "Actual Total Time": 1125.474, "Actual Rows": 186594, "Actual Loops": 1, "Recheck Cond": "(info_type_id = it1.id)", "Rows Removed by Index Recheck": 0, "Filter": "((info)::text = ANY ('{Horror,Action,Sci-Fi,Thriller,Crime,War}'::text[]))", "Rows Removed by Filter": 1347315, "Exact Heap Blocks": 7426, "Lossy Heap Blocks": 7426, "Plans": [{"Node Type": "Bitmap Index Scan", "Parent Relationship": "Outer", "Index Name": "info_type_id_movie_info", "Startup Cost": 0.0, "Total Cost": 4841.46, "Plan Rows": 212428, "Plan Width": 0, "Actual Startup Time": 177.197, "Actual Total Time": 177.197, "Actual Rows": 1533909, "Actual Loops": 1, "Index Cond": "(info_type_id = it1.id)"}]}]}, {"Node Type": "Index Scan", "Parent Relationship": "Inner", "Scan Direction": "Forward", "Index Name": "movie_id_movie_info_idx", "Relation Name": "movie_info_idx", "Alias": "mi_idx", "Startup Cost": 0.0, "Total Cost": 0.53, "Plan Rows": 2, "Plan Width": 13, "Actual Startup Time": 557.682, "Actual Total Time": 678.182, "Actual Rows": 307785, "Actual Loops": 186594, "Index Cond": "(movie_id = mi.movie_id)", "Rows Removed by Index Recheck": 0}]}]}, {"Node Type": "Index Scan", "Parent Relationship": "Inner", "Scan Direction": "Forward", "Index Name": "title_pkey", "Relation Name": "title", "Alias": "t", "Startup Cost": 0.0, "Total Cost": 0.4, "Plan Rows": 1, "Plan Width": 21, "Actual Startup Time": 444.947, "Actual Total Time": 444.947, "Actual Rows": 102516, "Actual Loops": 102516, "Index Cond": "(id = mi_idx.movie_id)", "Rows Removed by Index Recheck": 0}]}, {"Node Type": "Index Scan", "Parent Relationship": "Inner", "Scan Direction": "Forward", "Index Name": "movie_id_cast_info", "Relation Name": "cast_info", "Alias": "ci", "Startup Cost": 0.0, "Total Cost": 1.01, "Plan Rows": 1, "Plan Width": 8, "Actual Startup Time": 7477.985, "Actual Total Time": 8775.091, "Actual Rows": 54155, "Actual Loops": 102516, "Index Cond": "(movie_id = t.id)", "Rows Removed by Index Recheck": 0, "Filter": "((note)::text = ANY ('{(writer),\"(head writer)\",\"(written by)\",(story),\"(story editor)\"}'::text[]))", "Rows Removed by Filter": 3987641}]}, {"Node Type": "Index Scan", "Parent Relationship": "Inner", "Scan Direction": "Forward", "Index Name": "name_pkey", "Relation Name": "name", "Alias": "n", "Startup Cost": 0.0, "Total Cost": 0.49, "Plan Rows": 1, "Plan Width": 4, "Actual Startup Time": 373.743, "Actual Total Time": 373.743, "Actual Rows": 28073, "Actual Loops": 54155, "Index Cond": "(id = ci.person_id)", "Rows Removed by Index Recheck": 0, "Filter": "((gender)::text = 'm'::text)", "Rows Removed by Filter": 26082}]}]}, "Triggers": [], "Planner Runtime": 8, "Total Runtime": 11969.337, "Unique SQL Id": 3913857139}}, "(16, 118)": {"explain_plan": {"Plan": {"Node Type": "Aggregate", "Strategy": "Plain", "Startup Cost": 73415.7, "Total Cost": 73415.71, "Plan Rows": 1, "Plan Width": 160, "Plans": [{"Node Type": "Nested Loop", "Parent Relationship": "Outer", "Join Type": "Inner", "Startup Cost": 1.48, "Total Cost": 73405.11, "Plan Rows": 1413, "Plan Width": 64, "Inner Unique": true, "Plans": [{"Node Type": "Nested Loop", "Parent Relationship": "Outer", "Join Type": "Inner", "Startup Cost": 1.17, "Total Cost": 68399.68, "Plan Rows": 1155, "Plan Width": 68, "Inner Unique": false, "Plans": [{"Node Type": "Nested Loop", "Parent Relationship": "Outer", "Join Type": "Inner", "Startup Cost": 0.65, "Total Cost": 63557.01, "Plan Rows": 1044, "Plan Width": 76, "Inner Unique": true, "Join Filter": "(mi.movie_id = t.id)", "Plans": [{"Node Type": "Nested Loop", "Parent Relationship": "Outer", "Join Type": "Inner", "Startup Cost": 0.37, "Total Cost": 59057.82, "Plan Rows": 1044, "Plan Width": 55, "Inner Unique": false, "Join Filter": "(mi_idx.info_type_id = it2.id)", "Plans": [{"Node Type": "Seq Scan", "Parent Relationship": "Outer", "Relation Name": "info_type", "Alias": "it2", "Startup Cost": 0.0, "Total Cost": 2.4, "Plan Rows": 1, "Plan Width": 4, "Filter": "((info)::text = 'votes'::text)"}, {"Node Type": "Nested Loop", "Parent Relationship": "Inner", "Join Type": "Inner", "Startup Cost": 0.37, "Total Cost": 59003.23, "Plan Rows": 4175, "Plan Width": 59, "Inner Unique": false, "Plans": [{"Node Type": "Nested Loop", "Parent Relationship": "Outer", "Join Type": "Inner", "Startup Cost": 0.0, "Total Cost": 47015.81, "Plan Rows": 2717, "Plan Width": 46, "Inner Unique": false, "Join Filter": "(it1.id = mi.info_type_id)", "Plans": [{"Node Type": "Seq Scan", "Parent Relationship": "Outer", "Relation Name": "info_type", "Alias": "it1", "Startup Cost": 0.0, "Total Cost": 2.4, "Plan Rows": 1, "Plan Width": 4, "Filter": "((info)::text = 'genres'::text)"}, {"Node Type": "Materialize", "Parent Relationship": "Inner", "Startup Cost": 0.0, "Total Cost": 45111.71, "Plan Rows": 190170, "Plan Width": 50, "Plans": [{"Node Type": "Streaming(type: LOCAL GATHER dop: 1/16)", "Parent Relationship": "Outer", "Startup Cost": 0.0, "Total Cost": 44636.28, "Plan Rows": 190170, "Plan Width": 50, "Plans": [{"Node Type": "Seq Scan", "Parent Relationship": "Outer", "Relation Name": "movie_info", "Alias": "mi", "Startup Cost": 0.0, "Total Cost": 40532.03, "Plan Rows": 190170, "Plan Width": 50, "Filter": "((info)::text = ANY ('{Horror,Action,Sci-Fi,Thriller,Crime,War}'::text[]))"}]}]}]}, {"Node Type": "Bitmap Heap Scan", "Parent Relationship": "Inner", "Relation Name": "movie_info_idx", "Alias": "mi_idx", "Startup Cost": 0.37, "Total Cost": 4.39, "Plan Rows": 2, "Plan Width": 13, "Recheck Cond": "(movie_id = mi.movie_id)", "Plans": [{"Node Type": "Bitmap Index Scan", "Parent Relationship": "Outer", "Index Name": "movie_id_movie_info_idx", "Startup Cost": 0.0, "Total Cost": 0.37, "Plan Rows": 2, "Plan Width": 0, "Index Cond": "(movie_id = mi.movie_id)"}]}]}]}, {"Node Type": "Bitmap Heap Scan", "Parent Relationship": "Inner", "Relation Name": "title", "Alias": "t", "Startup Cost": 0.28, "Total Cost": 4.3, "Plan Rows": 1, "Plan Width": 21, "Recheck Cond": "(id = mi_idx.movie_id)", "Plans": [{"Node Type": "Bitmap Index Scan", "Parent Relationship": "Outer", "Index Name": "title_pkey", "Startup Cost": 0.0, "Total Cost": 0.28, "Plan Rows": 1, "Plan Width": 0, "Index Cond": "(id = mi_idx.movie_id)"}]}]}, {"Node Type": "Bitmap Heap Scan", "Parent Relationship": "Inner", "Relation Name": "cast_info", "Alias": "ci", "Startup Cost": 0.52, "Total Cost": 4.63, "Plan Rows": 1, "Plan Width": 8, "Recheck Cond": "(movie_id = t.id)", "Filter": "((note)::text = ANY ('{(writer),\"(head writer)\",\"(written by)\",(story),\"(story editor)\"}'::text[]))", "Plans": [{"Node Type": "Bitmap Index Scan", "Parent Relationship": "Outer", "Index Name": "movie_id_cast_info", "Startup Cost": 0.0, "Total Cost": 0.52, "Plan Rows": 6, "Plan Width": 0, "Index Cond": "(movie_id = t.id)"}]}]}, {"Node Type": "Bitmap Heap Scan", "Parent Relationship": "Inner", "Relation Name": "name", "Alias": "n", "Startup Cost": 0.31, "Total Cost": 4.32, "Plan Rows": 1, "Plan Width": 4, "Recheck Cond": "(id = ci.person_id)", "Filter": "((gender)::text = 'm'::text)", "Plans": [{"Node Type": "Bitmap Index Scan", "Parent Relationship": "Outer", "Index Name": "name_pkey", "Startup Cost": 0.0, "Total Cost": 0.31, "Plan Rows": 1, "Plan Width": 0, "Index Cond": "(id = ci.person_id)"}]}]}]}, "Unique SQL Id": 3913857139, "Planner Runtime": 18}, "explain_analyze_plan": {"Plan": {"Node Type": "Aggregate", "Strategy": "Plain", "Startup Cost": 73415.7, "Total Cost": 73415.71, "Plan Rows": 1, "Plan Width": 160, "Actual Min Startup Time": 14086.031, "Actual Max Startup Time": 14086.031, "Actual Min Total Time": 14086.031, "Actual Max Total Time": 14086.031, "Plans": [{"Node Type": "Nested Loop", "Parent Relationship": "Outer", "Join Type": "Inner", "Startup Cost": 1.48, "Total Cost": 73405.11, "Plan Rows": 1413, "Plan Width": 64, "Actual Min Startup Time": 511.913, "Actual Max Startup Time": 511.913, "Actual Min Total Time": 14038.009, "Actual Max Total Time": 14038.009, "Inner Unique": true, "Plans": [{"Node Type": "Nested Loop", "Parent Relationship": "Outer", "Join Type": "Inner", "Startup Cost": 1.17, "Total Cost": 68399.68, "Plan Rows": 1155, "Plan Width": 68, "Actual Min Startup Time": 511.827, "Actual Max Startup Time": 511.827, "Actual Min Total Time": 13500.235, "Actual Max Total Time": 13500.235, "Inner Unique": false, "Plans": [{"Node Type": "Nested Loop", "Parent Relationship": "Outer", "Join Type": "Inner", "Startup Cost": 0.65, "Total Cost": 63557.01, "Plan Rows": 1044, "Plan Width": 76, "Actual Min Startup Time": 511.775, "Actual Max Startup Time": 511.775, "Actual Min Total Time": 2633.047, "Actual Max Total Time": 2633.047, "Inner Unique": true, "Join Filter": "(mi.movie_id = t.id)", "Rows Removed by Join Filter": 0, "Plans": [{"Node Type": "Nested Loop", "Parent Relationship": "Outer", "Join Type": "Inner", "Startup Cost": 0.37, "Total Cost": 59057.82, "Plan Rows": 1044, "Plan Width": 55, "Actual Min Startup Time": 511.751, "Actual Max Startup Time": 511.751, "Actual Min Total Time": 1869.537, "Actual Max Total Time": 1869.537, "Inner Unique": false, "Join Filter": "(mi_idx.info_type_id = it2.id)", "Rows Removed by Join Filter": 205269, "Plans": [{"Node Type": "Seq Scan", "Parent Relationship": "Outer", "Relation Name": "info_type", "Alias": "it2", "Startup Cost": 0.0, "Total Cost": 2.4, "Plan Rows": 1, "Plan Width": 4, "Actual Min Startup Time": 0.075, "Actual Max Startup Time": 0.075, "Actual Min Total Time": 0.085, "Actual Max Total Time": 0.085, "Filter": "((info)::text = 'votes'::text)", "Rows Removed by Filter": 111, "Actual Rows": 1}, {"Node Type": "Nested Loop", "Parent Relationship": "Inner", "Join Type": "Inner", "Startup Cost": 0.37, "Total Cost": 59003.23, "Plan Rows": 4175, "Plan Width": 59, "Actual Min Startup Time": 511.662, "Actual Max Startup Time": 511.662, "Actual Min Total Time": 1768.717, "Actual Max Total Time": 1768.717, "Inner Unique": false, "Plans": [{"Node Type": "Nested Loop", "Parent Relationship": "Outer", "Join Type": "Inner", "Startup Cost": 0.0, "Total Cost": 47015.81, "Plan Rows": 2717, "Plan Width": 46, "Actual Min Startup Time": 511.607, "Actual Max Startup Time": 511.607, "Actual Min Total Time": 623.721, "Actual Max Total Time": 623.721, "Inner Unique": false, "Join Filter": "(it1.id = mi.info_type_id)", "Rows Removed by Join Filter": 2377, "Plans": [{"Node Type": "Seq Scan", "Parent Relationship": "Outer", "Relation Name": "info_type", "Alias": "it1", "Startup Cost": 0.0, "Total Cost": 2.4, "Plan Rows": 1, "Plan Width": 4, "Actual Min Startup Time": 0.045, "Actual Max Startup Time": 0.045, "Actual Min Total Time": 0.083, "Actual Max Total Time": 0.083, "Filter": "((info)::text = 'genres'::text)", "Rows Removed by Filter": 111, "Actual Rows": 1}, {"Node Type": "Materialize", "Parent Relationship": "Inner", "Startup Cost": 0.0, "Total Cost": 45111.71, "Plan Rows": 190170, "Plan Width": 50, "Actual Min Startup Time": 510.997, "Actual Max Startup Time": 510.997, "Actual Min Total Time": 541.819, "Actual Max Total Time": 541.819, "Plans": [{"Node Type": "Streaming(type: LOCAL GATHER dop: 1/16)", "Parent Relationship": "Outer", "Startup Cost": 0.0, "Total Cost": 44636.28, "Plan Rows": 190170, "Plan Width": 50, "Actual Min Startup Time": 300.607, "Actual Max Startup Time": 300.607, "Actual Min Total Time": 483.126, "Actual Max Total Time": 483.126, "Plans": [{"Node Type": "Seq Scan", "Parent Relationship": "Outer", "Relation Name": "movie_info", "Alias": "mi", "Startup Cost": 0.0, "Total Cost": 40532.03, "Plan Rows": 190170, "Plan Width": 50, "Actual Min Startup Time": 225.891, "Actual Max Startup Time": 409.901, "Actual Min Total Time": 456.007, "Actual Max Total Time": 472.766, "Filter": "((info)::text = ANY ('{Horror,Action,Sci-Fi,Thriller,Crime,War}'::text[]))", "Rows Removed by Filter": 14646748, "Actual Rows": 188971}], "Actual Rows": 188971}], "Actual Rows": 188972}], "Actual Rows": 186594}, {"Node Type": "Bitmap Heap Scan", "Parent Relationship": "Inner", "Relation Name": "movie_info_idx", "Alias": "mi_idx", "Startup Cost": 0.37, "Total Cost": 4.39, "Plan Rows": 2, "Plan Width": 13, "Actual Min Startup Time": 785.813, "Actual Max Startup Time": 785.813, "Actual Min Total Time": 831.397, "Actual Max Total Time": 831.397, "Recheck Cond": "(movie_id = mi.movie_id)", "Rows Removed by Index Recheck": 0, "Exact Heap Blocks": 103610, "Lossy Heap Blocks": 103610, "Plans": [{"Node Type": "Bitmap Index Scan", "Parent Relationship": "Outer", "Index Name": "movie_id_movie_info_idx", "Startup Cost": 0.0, "Total Cost": 0.37, "Plan Rows": 2, "Plan Width": 0, "Actual Min Startup Time": 534.083, "Actual Max Startup Time": 534.083, "Actual Min Total Time": 534.083, "Actual Max Total Time": 534.083, "Index Cond": "(movie_id = mi.movie_id)", "Actual Rows": 307785}], "Actual Rows": 307785}], "Actual Rows": 307785}], "Actual Rows": 102516}, {"Node Type": "Bitmap Heap Scan", "Parent Relationship": "Inner", "Relation Name": "title", "Alias": "t", "Startup Cost": 0.28, "Total Cost": 4.3, "Plan Rows": 1, "Plan Width": 21, "Actual Min Startup Time": 582.851, "Actual Max Startup Time": 582.851, "Actual Min Total Time": 582.851, "Actual Max Total Time": 582.851, "Recheck Cond": "(id = mi_idx.movie_id)", "Rows Removed by Index Recheck": 0, "Exact Heap Blocks": 102516, "Lossy Heap Blocks": 102516, "Plans": [{"Node Type": "Bitmap Index Scan", "Parent Relationship": "Outer", "Index Name": "title_pkey", "Startup Cost": 0.0, "Total Cost": 0.28, "Plan Rows": 1, "Plan Width": 0, "Actual Min Startup Time": 314.133, "Actual Max Startup Time": 314.133, "Actual Min Total Time": 314.133, "Actual Max Total Time": 314.133, "Index Cond": "(id = mi_idx.movie_id)", "Actual Rows": 102516}], "Actual Rows": 102516}], "Actual Rows": 102516}, {"Node Type": "Bitmap Heap Scan", "Parent Relationship": "Inner", "Relation Name": "cast_info", "Alias": "ci", "Startup Cost": 0.52, "Total Cost": 4.63, "Plan Rows": 1, "Plan Width": 8, "Actual Min Startup Time": 9263.342, "Actual Max Startup Time": 9263.342, "Actual Min Total Time": 10705.552, "Actual Max Total Time": 10705.552, "Recheck Cond": "(movie_id = t.id)", "Rows Removed by Index Recheck": 0, "Filter": "((note)::text = ANY ('{(writer),\"(head writer)\",\"(written by)\",(story),\"(story editor)\"}'::text[]))", "Rows Removed by Filter": 3987641, "Exact Heap Blocks": 3901088, "Lossy Heap Blocks": 3901088, "Plans": [{"Node Type": "Bitmap Index Scan", "Parent Relationship": "Outer", "Index Name": "movie_id_cast_info", "Startup Cost": 0.0, "Total Cost": 0.52, "Plan Rows": 6, "Plan Width": 0, "Actual Min Startup Time": 1108.06, "Actual Max Startup Time": 1108.06, "Actual Min Total Time": 1108.06, "Actual Max Total Time": 1108.06, "Index Cond": "(movie_id = t.id)", "Actual Rows": 4041796}], "Actual Rows": 54155}], "Actual Rows": 54155}, {"Node Type": "Bitmap Heap Scan", "Parent Relationship": "Inner", "Relation Name": "name", "Alias": "n", "Startup Cost": 0.31, "Total Cost": 4.32, "Plan Rows": 1, "Plan Width": 4, "Actual Min Startup Time": 448.646, "Actual Max Startup Time": 448.646, "Actual Min Total Time": 448.646, "Actual Max Total Time": 448.646, "Recheck Cond": "(id = ci.person_id)", "Rows Removed by Index Recheck": 0, "Filter": "((gender)::text = 'm'::text)", "Rows Removed by Filter": 26082, "Exact Heap Blocks": 54155, "Lossy Heap Blocks": 54155, "Plans": [{"Node Type": "Bitmap Index Scan", "Parent Relationship": "Outer", "Index Name": "name_pkey", "Startup Cost": 0.0, "Total Cost": 0.31, "Plan Rows": 1, "Plan Width": 0, "Actual Min Startup Time": 286.768, "Actual Max Startup Time": 286.768, "Actual Min Total Time": 286.768, "Actual Max Total Time": 286.768, "Index Cond": "(id = ci.person_id)", "Actual Rows": 54155}], "Actual Rows": 28073}], "Actual Rows": 28073}], "Actual Rows": 1}, "Triggers": [], "Planner Runtime": 18, "Total Runtime": 14088.924, "Unique SQL Id": 3913857139}}, "(16, 119)": {"explain_plan": {"Plan": {"Node Type": "Aggregate", "Strategy": "Plain", "Startup Cost": 191395.62, "Total Cost": 191395.63, "Plan Rows": 1, "Plan Width": 160, "Plans": [{"Node Type": "Nested Loop", "Parent Relationship": "Outer", "Join Type": "Inner", "Startup Cost": 4861.24, "Total Cost": 191385.02, "Plan Rows": 1413, "Plan Width": 64, "Inner Unique": true, "Plans": [{"Node Type": "Nested Loop", "Parent Relationship": "Outer", "Join Type": "Inner", "Startup Cost": 4860.93, "Total Cost": 186379.6, "Plan Rows": 1155, "Plan Width": 68, "Inner Unique": false, "Plans": [{"Node Type": "Nested Loop", "Parent Relationship": "Outer", "Join Type": "Inner", "Startup Cost": 4860.41, "Total Cost": 181536.93, "Plan Rows": 1044, "Plan Width": 76, "Inner Unique": true, "Join Filter": "(mi.movie_id = t.id)", "Plans": [{"Node Type": "Nested Loop", "Parent Relationship": "Outer", "Join Type": "Inner", "Startup Cost": 4860.13, "Total Cost": 177037.74, "Plan Rows": 1044, "Plan Width": 55, "Inner Unique": false, "Join Filter": "(mi_idx.info_type_id = it2.id)", "Plans": [{"Node Type": "Bitmap Heap Scan", "Parent Relationship": "Outer", "Relation Name": "info_type", "Alias": "it2", "Startup Cost": 8.81, "Total Cost": 14.21, "Plan Rows": 1, "Plan Width": 4, "Filter": "((info)::text = 'votes'::text)", "Plans": [{"Node Type": "Bitmap Index Scan", "Parent Relationship": "Outer", "Index Name": "info_type_pkey", "Startup Cost": 0.0, "Total Cost": 8.81, "Plan Rows": 112, "Plan Width": 0}]}, {"Node Type": "Nested Loop", "Parent Relationship": "Inner", "Join Type": "Inner", "Startup Cost": 4851.32, "Total Cost": 176971.34, "Plan Rows": 4175, "Plan Width": 59, "Inner Unique": false, "Plans": [{"Node Type": "Nested Loop", "Parent Relationship": "Outer", "Join Type": "Inner", "Startup Cost": 4850.95, "Total Cost": 164983.91, "Plan Rows": 2717, "Plan Width": 46, "Inner Unique": false, "Plans": [{"Node Type": "Bitmap Heap Scan", "Parent Relationship": "Outer", "Relation Name": "info_type", "Alias": "it1", "Startup Cost": 8.81, "Total Cost": 14.21, "Plan Rows": 1, "Plan Width": 4, "Filter": "((info)::text = 'genres'::text)", "Plans": [{"Node Type": "Bitmap Index Scan", "Parent Relationship": "Outer", "Index Name": "info_type_pkey", "Startup Cost": 0.0, "Total Cost": 8.81, "Plan Rows": 112, "Plan Width": 0}]}, {"Node Type": "Bitmap Heap Scan", "Parent Relationship": "Inner", "Relation Name": "movie_info", "Alias": "mi", "Startup Cost": 4842.14, "Total Cost": 164942.53, "Plan Rows": 2717, "Plan Width": 50, "Recheck Cond": "(info_type_id = it1.id)", "Filter": "((info)::text = ANY ('{Horror,Action,Sci-Fi,Thriller,Crime,War}'::text[]))", "Plans": [{"Node Type": "Bitmap Index Scan", "Parent Relationship": "Outer", "Index Name": "info_type_id_movie_info", "Startup Cost": 0.0, "Total Cost": 4841.46, "Plan Rows": 212428, "Plan Width": 0, "Index Cond": "(info_type_id = it1.id)"}]}]}, {"Node Type": "Bitmap Heap Scan", "Parent Relationship": "Inner", "Relation Name": "movie_info_idx", "Alias": "mi_idx", "Startup Cost": 0.37, "Total Cost": 4.39, "Plan Rows": 2, "Plan Width": 13, "Recheck Cond": "(movie_id = mi.movie_id)", "Plans": [{"Node Type": "Bitmap Index Scan", "Parent Relationship": "Outer", "Index Name": "movie_id_movie_info_idx", "Startup Cost": 0.0, "Total Cost": 0.37, "Plan Rows": 2, "Plan Width": 0, "Index Cond": "(movie_id = mi.movie_id)"}]}]}]}, {"Node Type": "Bitmap Heap Scan", "Parent Relationship": "Inner", "Relation Name": "title", "Alias": "t", "Startup Cost": 0.28, "Total Cost": 4.3, "Plan Rows": 1, "Plan Width": 21, "Recheck Cond": "(id = mi_idx.movie_id)", "Plans": [{"Node Type": "Bitmap Index Scan", "Parent Relationship": "Outer", "Index Name": "title_pkey", "Startup Cost": 0.0, "Total Cost": 0.28, "Plan Rows": 1, "Plan Width": 0, "Index Cond": "(id = mi_idx.movie_id)"}]}]}, {"Node Type": "Bitmap Heap Scan", "Parent Relationship": "Inner", "Relation Name": "cast_info", "Alias": "ci", "Startup Cost": 0.52, "Total Cost": 4.63, "Plan Rows": 1, "Plan Width": 8, "Recheck Cond": "(movie_id = t.id)", "Filter": "((note)::text = ANY ('{(writer),\"(head writer)\",\"(written by)\",(story),\"(story editor)\"}'::text[]))", "Plans": [{"Node Type": "Bitmap Index Scan", "Parent Relationship": "Outer", "Index Name": "movie_id_cast_info", "Startup Cost": 0.0, "Total Cost": 0.52, "Plan Rows": 6, "Plan Width": 0, "Index Cond": "(movie_id = t.id)"}]}]}, {"Node Type": "Bitmap Heap Scan", "Parent Relationship": "Inner", "Relation Name": "name", "Alias": "n", "Startup Cost": 0.31, "Total Cost": 4.32, "Plan Rows": 1, "Plan Width": 4, "Recheck Cond": "(id = ci.person_id)", "Filter": "((gender)::text = 'm'::text)", "Plans": [{"Node Type": "Bitmap Index Scan", "Parent Relationship": "Outer", "Index Name": "name_pkey", "Startup Cost": 0.0, "Total Cost": 0.31, "Plan Rows": 1, "Plan Width": 0, "Index Cond": "(id = ci.person_id)"}]}]}]}, "Unique SQL Id": 3913857139, "Planner Runtime": 7}, "explain_analyze_plan": {"Plan": {"Node Type": "Aggregate", "Strategy": "Plain", "Startup Cost": 191395.62, "Total Cost": 191395.63, "Plan Rows": 1, "Plan Width": 160, "Actual Startup Time": 14138.197, "Actual Total Time": 14138.197, "Actual Rows": 1, "Actual Loops": 1, "Plans": [{"Node Type": "Nested Loop", "Parent Relationship": "Outer", "Join Type": "Inner", "Startup Cost": 4861.24, "Total Cost": 191385.02, "Plan Rows": 1413, "Plan Width": 64, "Actual Startup Time": 187.003, "Actual Total Time": 14094.486, "Actual Rows": 28073, "Actual Loops": 1, "Inner Unique": true, "Plans": [{"Node Type": "Nested Loop", "Parent Relationship": "Outer", "Join Type": "Inner", "Startup Cost": 4860.93, "Total Cost": 186379.6, "Plan Rows": 1155, "Plan Width": 68, "Actual Startup Time": 184.391, "Actual Total Time": 13585.354, "Actual Rows": 54155, "Actual Loops": 1, "Inner Unique": false, "Plans": [{"Node Type": "Nested Loop", "Parent Relationship": "Outer", "Join Type": "Inner", "Startup Cost": 4860.41, "Total Cost": 181536.93, "Plan Rows": 1044, "Plan Width": 76, "Actual Startup Time": 181.346, "Actual Total Time": 3101.831, "Actual Rows": 102516, "Actual Loops": 1, "Inner Unique": true, "Join Filter": "(mi.movie_id = t.id)", "Rows Removed by Join Filter": 0, "Plans": [{"Node Type": "Nested Loop", "Parent Relationship": "Outer", "Join Type": "Inner", "Startup Cost": 4860.13, "Total Cost": 177037.74, "Plan Rows": 1044, "Plan Width": 55, "Actual Startup Time": 181.323, "Actual Total Time": 2380.152, "Actual Rows": 102516, "Actual Loops": 1, "Inner Unique": false, "Join Filter": "(mi_idx.info_type_id = it2.id)", "Rows Removed by Join Filter": 205269, "Plans": [{"Node Type": "Bitmap Heap Scan", "Parent Relationship": "Outer", "Relation Name": "info_type", "Alias": "it2", "Startup Cost": 8.81, "Total Cost": 14.21, "Plan Rows": 1, "Plan Width": 4, "Actual Startup Time": 0.075, "Actual Total Time": 0.079, "Actual Rows": 1, "Actual Loops": 1, "Filter": "((info)::text = 'votes'::text)", "Rows Removed by Filter": 111, "Exact Heap Blocks": 1, "Lossy Heap Blocks": 1, "Plans": [{"Node Type": "Bitmap Index Scan", "Parent Relationship": "Outer", "Index Name": "info_type_pkey", "Startup Cost": 0.0, "Total Cost": 8.81, "Plan Rows": 112, "Plan Width": 0, "Actual Startup Time": 0.014, "Actual Total Time": 0.014, "Actual Rows": 112, "Actual Loops": 1}]}, {"Node Type": "Nested Loop", "Parent Relationship": "Inner", "Join Type": "Inner", "Startup Cost": 4851.32, "Total Cost": 176971.34, "Plan Rows": 4175, "Plan Width": 59, "Actual Startup Time": 181.235, "Actual Total Time": 2285.67, "Actual Rows": 307785, "Actual Loops": 1, "Inner Unique": false, "Plans": [{"Node Type": "Nested Loop", "Parent Relationship": "Outer", "Join Type": "Inner", "Startup Cost": 4850.95, "Total Cost": 164983.91, "Plan Rows": 2717, "Plan Width": 46, "Actual Startup Time": 181.195, "Actual Total Time": 1161.625, "Actual Rows": 186594, "Actual Loops": 1, "Inner Unique": false, "Plans": [{"Node Type": "Bitmap Heap Scan", "Parent Relationship": "Outer", "Relation Name": "info_type", "Alias": "it1", "Startup Cost": 8.81, "Total Cost": 14.21, "Plan Rows": 1, "Plan Width": 4, "Actual Startup Time": 0.029, "Actual Total Time": 0.058, "Actual Rows": 1, "Actual Loops": 1, "Filter": "((info)::text = 'genres'::text)", "Rows Removed by Filter": 111, "Exact Heap Blocks": 1, "Lossy Heap Blocks": 1, "Plans": [{"Node Type": "Bitmap Index Scan", "Parent Relationship": "Outer", "Index Name": "info_type_pkey", "Startup Cost": 0.0, "Total Cost": 8.81, "Plan Rows": 112, "Plan Width": 0, "Actual Startup Time": 0.008, "Actual Total Time": 0.008, "Actual Rows": 112, "Actual Loops": 1}]}, {"Node Type": "Bitmap Heap Scan", "Parent Relationship": "Inner", "Relation Name": "movie_info", "Alias": "mi", "Startup Cost": 4842.14, "Total Cost": 164942.53, "Plan Rows": 2717, "Plan Width": 50, "Actual Startup Time": 181.162, "Actual Total Time": 1119.515, "Actual Rows": 186594, "Actual Loops": 1, "Recheck Cond": "(info_type_id = it1.id)", "Rows Removed by Index Recheck": 0, "Filter": "((info)::text = ANY ('{Horror,Action,Sci-Fi,Thriller,Crime,War}'::text[]))", "Rows Removed by Filter": 1347315, "Exact Heap Blocks": 7426, "Lossy Heap Blocks": 7426, "Plans": [{"Node Type": "Bitmap Index Scan", "Parent Relationship": "Outer", "Index Name": "info_type_id_movie_info", "Startup Cost": 0.0, "Total Cost": 4841.46, "Plan Rows": 212428, "Plan Width": 0, "Actual Startup Time": 179.772, "Actual Total Time": 179.772, "Actual Rows": 1533909, "Actual Loops": 1, "Index Cond": "(info_type_id = it1.id)"}]}]}, {"Node Type": "Bitmap Heap Scan", "Parent Relationship": "Inner", "Relation Name": "movie_info_idx", "Alias": "mi_idx", "Startup Cost": 0.37, "Total Cost": 4.39, "Plan Rows": 2, "Plan Width": 13, "Actual Startup Time": 770.753, "Actual Total Time": 815.789, "Actual Rows": 307785, "Actual Loops": 186594, "Recheck Cond": "(movie_id = mi.movie_id)", "Rows Removed by Index Recheck": 0, "Exact Heap Blocks": 103610, "Lossy Heap Blocks": 103610, "Plans": [{"Node Type": "Bitmap Index Scan", "Parent Relationship": "Outer", "Index Name": "movie_id_movie_info_idx", "Startup Cost": 0.0, "Total Cost": 0.37, "Plan Rows": 2, "Plan Width": 0, "Actual Startup Time": 523.523, "Actual Total Time": 523.523, "Actual Rows": 307785, "Actual Loops": 186594, "Index Cond": "(movie_id = mi.movie_id)"}]}]}]}, {"Node Type": "Bitmap Heap Scan", "Parent Relationship": "Inner", "Relation Name": "title", "Alias": "t", "Startup Cost": 0.28, "Total Cost": 4.3, "Plan Rows": 1, "Plan Width": 21, "Actual Startup Time": 551.607, "Actual Total Time": 551.607, "Actual Rows": 102516, "Actual Loops": 102516, "Recheck Cond": "(id = mi_idx.movie_id)", "Rows Removed by Index Recheck": 0, "Exact Heap Blocks": 102516, "Lossy Heap Blocks": 102516, "Plans": [{"Node Type": "Bitmap Index Scan", "Parent Relationship": "Outer", "Index Name": "title_pkey", "Startup Cost": 0.0, "Total Cost": 0.28, "Plan Rows": 1, "Plan Width": 0, "Actual Startup Time": 308.447, "Actual Total Time": 308.447, "Actual Rows": 102516, "Actual Loops": 102516, "Index Cond": "(id = mi_idx.movie_id)"}]}]}, {"Node Type": "Bitmap Heap Scan", "Parent Relationship": "Inner", "Relation Name": "cast_info", "Alias": "ci", "Startup Cost": 0.52, "Total Cost": 4.63, "Plan Rows": 1, "Plan Width": 8, "Actual Startup Time": 8932.38, "Actual Total Time": 10325.233, "Actual Rows": 54155, "Actual Loops": 102516, "Recheck Cond": "(movie_id = t.id)", "Rows Removed by Index Recheck": 0, "Filter": "((note)::text = ANY ('{(writer),\"(head writer)\",\"(written by)\",(story),\"(story editor)\"}'::text[]))", "Rows Removed by Filter": 3987641, "Exact Heap Blocks": 3901088, "Lossy Heap Blocks": 3901088, "Plans": [{"Node Type": "Bitmap Index Scan", "Parent Relationship": "Outer", "Index Name": "movie_id_cast_info", "Startup Cost": 0.0, "Total Cost": 0.52, "Plan Rows": 6, "Plan Width": 0, "Actual Startup Time": 1094.418, "Actual Total Time": 1094.418, "Actual Rows": 4041796, "Actual Loops": 102516, "Index Cond": "(movie_id = t.id)"}]}]}, {"Node Type": "Bitmap Heap Scan", "Parent Relationship": "Inner", "Relation Name": "name", "Alias": "n", "Startup Cost": 0.31, "Total Cost": 4.32, "Plan Rows": 1, "Plan Width": 4, "Actual Startup Time": 425.148, "Actual Total Time": 425.148, "Actual Rows": 28073, "Actual Loops": 54155, "Recheck Cond": "(id = ci.person_id)", "Rows Removed by Index Recheck": 0, "Filter": "((gender)::text = 'm'::text)", "Rows Removed by Filter": 26082, "Exact Heap Blocks": 54155, "Lossy Heap Blocks": 54155, "Plans": [{"Node Type": "Bitmap Index Scan", "Parent Relationship": "Outer", "Index Name": "name_pkey", "Startup Cost": 0.0, "Total Cost": 0.31, "Plan Rows": 1, "Plan Width": 0, "Actual Startup Time": 273.193, "Actual Total Time": 273.193, "Actual Rows": 54155, "Actual Loops": 54155, "Index Cond": "(id = ci.person_id)"}]}]}]}, "Triggers": [], "Planner Runtime": 7, "Total Runtime": 14138.488, "Unique SQL Id": 3913857139}}, "(16, 120)": {"explain_plan": {"Plan": {"Node Type": "Aggregate", "Strategy": "Plain", "Startup Cost": 50638.13, "Total Cost": 50638.14, "Plan Rows": 1, "Plan Width": 160, "Plans": [{"Node Type": "Nested Loop", "Parent Relationship": "Outer", "Join Type": "Inner", "Startup Cost": 0.0, "Total Cost": 50627.54, "Plan Rows": 1413, "Plan Width": 64, "Inner Unique": true, "Plans": [{"Node Type": "Nested Loop", "Parent Relationship": "Outer", "Join Type": "Inner", "Startup Cost": 0.0, "Total Cost": 50048.27, "Plan Rows": 1155, "Plan Width": 68, "Inner Unique": false, "Plans": [{"Node Type": "Nested Loop", "Parent Relationship": "Outer", "Join Type": "Inner", "Startup Cost": 0.0, "Total Cost": 48986.64, "Plan Rows": 1044, "Plan Width": 76, "Inner Unique": true, "Join Filter": "(mi.movie_id = t.id)", "Plans": [{"Node Type": "Nested Loop", "Parent Relationship": "Outer", "Join Type": "Inner", "Startup Cost": 0.0, "Total Cost": 48558.44, "Plan Rows": 1044, "Plan Width": 55, "Inner Unique": false, "Join Filter": "(mi_idx.info_type_id = it2.id)", "Plans": [{"Node Type": "Seq Scan", "Parent Relationship": "Outer", "Relation Name": "info_type", "Alias": "it2", "Startup Cost": 0.0, "Total Cost": 2.4, "Plan Rows": 1, "Plan Width": 4, "Filter": "((info)::text = 'votes'::text)"}, {"Node Type": "Nested Loop", "Parent Relationship": "Inner", "Join Type": "Inner", "Startup Cost": 0.0, "Total Cost": 48503.86, "Plan Rows": 4175, "Plan Width": 59, "Inner Unique": false, "Plans": [{"Node Type": "Nested Loop", "Parent Relationship": "Outer", "Join Type": "Inner", "Startup Cost": 0.0, "Total Cost": 47015.81, "Plan Rows": 2717, "Plan Width": 46, "Inner Unique": false, "Join Filter": "(it1.id = mi.info_type_id)", "Plans": [{"Node Type": "Seq Scan", "Parent Relationship": "Outer", "Relation Name": "info_type", "Alias": "it1", "Startup Cost": 0.0, "Total Cost": 2.4, "Plan Rows": 1, "Plan Width": 4, "Filter": "((info)::text = 'genres'::text)"}, {"Node Type": "Materialize", "Parent Relationship": "Inner", "Startup Cost": 0.0, "Total Cost": 45111.71, "Plan Rows": 190170, "Plan Width": 50, "Plans": [{"Node Type": "Streaming(type: LOCAL GATHER dop: 1/16)", "Parent Relationship": "Outer", "Startup Cost": 0.0, "Total Cost": 44636.28, "Plan Rows": 190170, "Plan Width": 50, "Plans": [{"Node Type": "Seq Scan", "Parent Relationship": "Outer", "Relation Name": "movie_info", "Alias": "mi", "Startup Cost": 0.0, "Total Cost": 40532.03, "Plan Rows": 190170, "Plan Width": 50, "Filter": "((info)::text = ANY ('{Horror,Action,Sci-Fi,Thriller,Crime,War}'::text[]))"}]}]}]}, {"Node Type": "Index Scan", "Parent Relationship": "Inner", "Scan Direction": "Forward", "Index Name": "movie_id_movie_info_idx", "Relation Name": "movie_info_idx", "Alias": "mi_idx", "Startup Cost": 0.0, "Total Cost": 0.53, "Plan Rows": 2, "Plan Width": 13, "Index Cond": "(movie_id = mi.movie_id)"}]}]}, {"Node Type": "Index Scan", "Parent Relationship": "Inner", "Scan Direction": "Forward", "Index Name": "title_pkey", "Relation Name": "title", "Alias": "t", "Startup Cost": 0.0, "Total Cost": 0.4, "Plan Rows": 1, "Plan Width": 21, "Index Cond": "(id = mi_idx.movie_id)"}]}, {"Node Type": "Index Scan", "Parent Relationship": "Inner", "Scan Direction": "Forward", "Index Name": "movie_id_cast_info", "Relation Name": "cast_info", "Alias": "ci", "Startup Cost": 0.0, "Total Cost": 1.01, "Plan Rows": 1, "Plan Width": 8, "Index Cond": "(movie_id = t.id)", "Filter": "((note)::text = ANY ('{(writer),\"(head writer)\",\"(written by)\",(story),\"(story editor)\"}'::text[]))"}]}, {"Node Type": "Index Scan", "Parent Relationship": "Inner", "Scan Direction": "Forward", "Index Name": "name_pkey", "Relation Name": "name", "Alias": "n", "Startup Cost": 0.0, "Total Cost": 0.49, "Plan Rows": 1, "Plan Width": 4, "Index Cond": "(id = ci.person_id)", "Filter": "((gender)::text = 'm'::text)"}]}]}, "Unique SQL Id": 3913857139, "Planner Runtime": 7}, "explain_analyze_plan": {"Plan": {"Node Type": "Aggregate", "Strategy": "Plain", "Startup Cost": 50638.13, "Total Cost": 50638.14, "Plan Rows": 1, "Plan Width": 160, "Actual Min Startup Time": 11129.472, "Actual Max Startup Time": 11129.472, "Actual Min Total Time": 11129.473, "Actual Max Total Time": 11129.473, "Plans": [{"Node Type": "Nested Loop", "Parent Relationship": "Outer", "Join Type": "Inner", "Startup Cost": 0.0, "Total Cost": 50627.54, "Plan Rows": 1413, "Plan Width": 64, "Actual Min Startup Time": 511.135, "Actual Max Startup Time": 511.135, "Actual Min Total Time": 11090.649, "Actual Max Total Time": 11090.649, "Inner Unique": true, "Plans": [{"Node Type": "Nested Loop", "Parent Relationship": "Outer", "Join Type": "Inner", "Startup Cost": 0.0, "Total Cost": 50048.27, "Plan Rows": 1155, "Plan Width": 68, "Actual Min Startup Time": 511.069, "Actual Max Startup Time": 511.069, "Actual Min Total Time": 10685.753, "Actual Max Total Time": 10685.753, "Inner Unique": false, "Plans": [{"Node Type": "Nested Loop", "Parent Relationship": "Outer", "Join Type": "Inner", "Startup Cost": 0.0, "Total Cost": 48986.64, "Plan Rows": 1044, "Plan Width": 76, "Actual Min Startup Time": 511.036, "Actual Max Startup Time": 511.036, "Actual Min Total Time": 2090.161, "Actual Max Total Time": 2090.161, "Inner Unique": true, "Join Filter": "(mi.movie_id = t.id)", "Rows Removed by Join Filter": 0, "Plans": [{"Node Type": "Nested Loop", "Parent Relationship": "Outer", "Join Type": "Inner", "Startup Cost": 0.0, "Total Cost": 48558.44, "Plan Rows": 1044, "Plan Width": 55, "Actual Min Startup Time": 511.018, "Actual Max Startup Time": 511.018, "Actual Min Total Time": 1536.856, "Actual Max Total Time": 1536.856, "Inner Unique": false, "Join Filter": "(mi_idx.info_type_id = it2.id)", "Rows Removed by Join Filter": 205269, "Plans": [{"Node Type": "Seq Scan", "Parent Relationship": "Outer", "Relation Name": "info_type", "Alias": "it2", "Startup Cost": 0.0, "Total Cost": 2.4, "Plan Rows": 1, "Plan Width": 4, "Actual Min Startup Time": 0.062, "Actual Max Startup Time": 0.062, "Actual Min Total Time": 0.082, "Actual Max Total Time": 0.082, "Filter": "((info)::text = 'votes'::text)", "Rows Removed by Filter": 111, "Actual Rows": 1}, {"Node Type": "Nested Loop", "Parent Relationship": "Inner", "Join Type": "Inner", "Startup Cost": 0.0, "Total Cost": 48503.86, "Plan Rows": 4175, "Plan Width": 59, "Actual Min Startup Time": 510.944, "Actual Max Startup Time": 510.944, "Actual Min Total Time": 1446.297, "Actual Max Total Time": 1446.297, "Inner Unique": false, "Plans": [{"Node Type": "Nested Loop", "Parent Relationship": "Outer", "Join Type": "Inner", "Startup Cost": 0.0, "Total Cost": 47015.81, "Plan Rows": 2717, "Plan Width": 46, "Actual Min Startup Time": 510.906, "Actual Max Startup Time": 510.906, "Actual Min Total Time": 614.399, "Actual Max Total Time": 614.399, "Inner Unique": false, "Join Filter": "(it1.id = mi.info_type_id)", "Rows Removed by Join Filter": 2377, "Plans": [{"Node Type": "Seq Scan", "Parent Relationship": "Outer", "Relation Name": "info_type", "Alias": "it1", "Startup Cost": 0.0, "Total Cost": 2.4, "Plan Rows": 1, "Plan Width": 4, "Actual Min Startup Time": 0.049, "Actual Max Startup Time": 0.049, "Actual Min Total Time": 0.098, "Actual Max Total Time": 0.098, "Filter": "((info)::text = 'genres'::text)", "Rows Removed by Filter": 111, "Actual Rows": 1}, {"Node Type": "Materialize", "Parent Relationship": "Inner", "Startup Cost": 0.0, "Total Cost": 45111.71, "Plan Rows": 190170, "Plan Width": 50, "Actual Min Startup Time": 510.302, "Actual Max Startup Time": 510.302, "Actual Min Total Time": 540.364, "Actual Max Total Time": 540.364, "Plans": [{"Node Type": "Streaming(type: LOCAL GATHER dop: 1/16)", "Parent Relationship": "Outer", "Startup Cost": 0.0, "Total Cost": 44636.28, "Plan Rows": 190170, "Plan Width": 50, "Actual Min Startup Time": 297.487, "Actual Max Startup Time": 297.487, "Actual Min Total Time": 482.691, "Actual Max Total Time": 482.691, "Plans": [{"Node Type": "Seq Scan", "Parent Relationship": "Outer", "Relation Name": "movie_info", "Alias": "mi", "Startup Cost": 0.0, "Total Cost": 40532.03, "Plan Rows": 190170, "Plan Width": 50, "Actual Min Startup Time": 226.336, "Actual Max Startup Time": 412.639, "Actual Min Total Time": 456.317, "Actual Max Total Time": 472.872, "Filter": "((info)::text = ANY ('{Horror,Action,Sci-Fi,Thriller,Crime,War}'::text[]))", "Rows Removed by Filter": 14646748, "Actual Rows": 188971}], "Actual Rows": 188971}], "Actual Rows": 188972}], "Actual Rows": 186594}, {"Node Type": "Index Scan", "Parent Relationship": "Inner", "Scan Direction": "Forward", "Index Name": "movie_id_movie_info_idx", "Relation Name": "movie_info_idx", "Alias": "mi_idx", "Startup Cost": 0.0, "Total Cost": 0.53, "Plan Rows": 2, "Plan Width": 13, "Actual Min Startup Time": 538.97, "Actual Max Startup Time": 538.97, "Actual Min Total Time": 658.4, "Actual Max Total Time": 658.4, "Index Cond": "(movie_id = mi.movie_id)", "Rows Removed by Index Recheck": 0, "Actual Rows": 307785}], "Actual Rows": 307785}], "Actual Rows": 102516}, {"Node Type": "Index Scan", "Parent Relationship": "Inner", "Scan Direction": "Forward", "Index Name": "title_pkey", "Relation Name": "title", "Alias": "t", "Startup Cost": 0.0, "Total Cost": 0.4, "Plan Rows": 1, "Plan Width": 21, "Actual Min Startup Time": 443.939, "Actual Max Startup Time": 443.939, "Actual Min Total Time": 443.939, "Actual Max Total Time": 443.939, "Index Cond": "(id = mi_idx.movie_id)", "Rows Removed by Index Recheck": 0, "Actual Rows": 102516}], "Actual Rows": 102516}, {"Node Type": "Index Scan", "Parent Relationship": "Inner", "Scan Direction": "Forward", "Index Name": "movie_id_cast_info", "Relation Name": "cast_info", "Alias": "ci", "Startup Cost": 0.0, "Total Cost": 1.01, "Plan Rows": 1, "Plan Width": 8, "Actual Min Startup Time": 7269.102, "Actual Max Startup Time": 7269.102, "Actual Min Total Time": 8522.718, "Actual Max Total Time": 8522.718, "Index Cond": "(movie_id = t.id)", "Rows Removed by Index Recheck": 0, "Filter": "((note)::text = ANY ('{(writer),\"(head writer)\",\"(written by)\",(story),\"(story editor)\"}'::text[]))", "Rows Removed by Filter": 3987641, "Actual Rows": 54155}], "Actual Rows": 54155}, {"Node Type": "Index Scan", "Parent Relationship": "Inner", "Scan Direction": "Forward", "Index Name": "name_pkey", "Relation Name": "name", "Alias": "n", "Startup Cost": 0.0, "Total Cost": 0.49, "Plan Rows": 1, "Plan Width": 4, "Actual Min Startup Time": 360.913, "Actual Max Startup Time": 360.913, "Actual Min Total Time": 360.913, "Actual Max Total Time": 360.913, "Index Cond": "(id = ci.person_id)", "Rows Removed by Index Recheck": 0, "Filter": "((gender)::text = 'm'::text)", "Rows Removed by Filter": 26082, "Actual Rows": 28073}], "Actual Rows": 28073}], "Actual Rows": 1}, "Triggers": [], "Planner Runtime": 8, "Total Runtime": 11132.427, "Unique SQL Id": 3913857139}}, "(16, 121)": {"explain_plan": {"Plan": {"Node Type": "Aggregate", "Strategy": "Plain", "Startup Cost": 385547.34, "Total Cost": 385547.35, "Plan Rows": 1, "Plan Width": 160, "Plans": [{"Node Type": "Nested Loop", "Parent Relationship": "Outer", "Join Type": "Inner", "Startup Cost": 0.0, "Total Cost": 385536.75, "Plan Rows": 1413, "Plan Width": 64, "Inner Unique": true, "Plans": [{"Node Type": "Nested Loop", "Parent Relationship": "Outer", "Join Type": "Inner", "Startup Cost": 0.0, "Total Cost": 384957.48, "Plan Rows": 1155, "Plan Width": 68, "Inner Unique": false, "Plans": [{"Node Type": "Nested Loop", "Parent Relationship": "Outer", "Join Type": "Inner", "Startup Cost": 0.0, "Total Cost": 383895.85, "Plan Rows": 1044, "Plan Width": 76, "Inner Unique": true, "Join Filter": "(mi.movie_id = t.id)", "Plans": [{"Node Type": "Nested Loop", "Parent Relationship": "Outer", "Join Type": "Inner", "Startup Cost": 0.0, "Total Cost": 383467.66, "Plan Rows": 1044, "Plan Width": 55, "Inner Unique": false, "Join Filter": "(mi.info_type_id = it1.id)", "Plans": [{"Node Type": "Index Scan", "Parent Relationship": "Outer", "Scan Direction": "Forward", "Index Name": "info_type_pkey", "Relation Name": "info_type", "Alias": "it1", "Startup Cost": 0.0, "Total Cost": 14.21, "Plan Rows": 1, "Plan Width": 4, "Filter": "((info)::text = 'genres'::text)"}, {"Node Type": "Nested Loop", "Parent Relationship": "Inner", "Join Type": "Inner", "Startup Cost": 0.0, "Total Cost": 380590.58, "Plan Rows": 229029, "Plan Width": 59, "Inner Unique": false, "Plans": [{"Node Type": "Nested Loop", "Parent Relationship": "Outer", "Join Type": "Inner", "Startup Cost": 0.0, "Total Cost": 38338.2, "Plan Rows": 345008, "Plan Width": 9, "Inner Unique": false, "Plans": [{"Node Type": "Index Scan", "Parent Relationship": "Outer", "Scan Direction": "Forward", "Index Name": "info_type_pkey", "Relation Name": "info_type", "Alias": "it2", "Startup Cost": 0.0, "Total Cost": 14.21, "Plan Rows": 1, "Plan Width": 4, "Filter": "((info)::text = 'votes'::text)"}, {"Node Type": "Index Scan", "Parent Relationship": "Inner", "Scan Direction": "Forward", "Index Name": "info_type_id_movie_info_idx", "Relation Name": "movie_info_idx", "Alias": "mi_idx", "Startup Cost": 0.0, "Total Cost": 34873.91, "Plan Rows": 345008, "Plan Width": 13, "Index Cond": "(info_type_id = it2.id), (LLVM Optimized)"}]}, {"Node Type": "Index Scan", "Parent Relationship": "Inner", "Scan Direction": "Forward", "Index Name": "movie_id_movie_info", "Relation Name": "movie_info", "Alias": "mi", "Startup Cost": 0.0, "Total Cost": 0.98, "Plan Rows": 1, "Plan Width": 50, "Index Cond": "(movie_id = mi_idx.movie_id)", "Filter": "((info)::text = ANY ('{Horror,Action,Sci-Fi,Thriller,Crime,War}'::text[]))"}]}]}, {"Node Type": "Index Scan", "Parent Relationship": "Inner", "Scan Direction": "Forward", "Index Name": "title_pkey", "Relation Name": "title", "Alias": "t", "Startup Cost": 0.0, "Total Cost": 0.4, "Plan Rows": 1, "Plan Width": 21, "Index Cond": "(id = mi_idx.movie_id)"}]}, {"Node Type": "Index Scan", "Parent Relationship": "Inner", "Scan Direction": "Forward", "Index Name": "movie_id_cast_info", "Relation Name": "cast_info", "Alias": "ci", "Startup Cost": 0.0, "Total Cost": 1.01, "Plan Rows": 1, "Plan Width": 8, "Index Cond": "(movie_id = t.id)", "Filter": "((note)::text = ANY ('{(writer),\"(head writer)\",\"(written by)\",(story),\"(story editor)\"}'::text[]))"}]}, {"Node Type": "Index Scan", "Parent Relationship": "Inner", "Scan Direction": "Forward", "Index Name": "name_pkey", "Relation Name": "name", "Alias": "n", "Startup Cost": 0.0, "Total Cost": 0.49, "Plan Rows": 1, "Plan Width": 4, "Index Cond": "(id = ci.person_id)", "Filter": "((gender)::text = 'm'::text)"}]}]}, "Unique SQL Id": 3913857139, "Planner Runtime": 7}, "explain_analyze_plan": {"Plan": {"Node Type": "Aggregate", "Strategy": "Plain", "Startup Cost": 385547.34, "Total Cost": 385547.35, "Plan Rows": 1, "Plan Width": 160, "Actual Startup Time": 19831.111, "Actual Total Time": 19831.111, "Actual Rows": 1, "Actual Loops": 1, "Plans": [{"Node Type": "Nested Loop", "Parent Relationship": "Outer", "Join Type": "Inner", "Startup Cost": 0.0, "Total Cost": 385536.75, "Plan Rows": 1413, "Plan Width": 64, "Actual Startup Time": 29.663, "Actual Total Time": 19790.655, "Actual Rows": 28073, "Actual Loops": 1, "Inner Unique": true, "Plans": [{"Node Type": "Nested Loop", "Parent Relationship": "Outer", "Join Type": "Inner", "Startup Cost": 0.0, "Total Cost": 384957.48, "Plan Rows": 1155, "Plan Width": 68, "Actual Startup Time": 14.7, "Actual Total Time": 19348.306, "Actual Rows": 54155, "Actual Loops": 1, "Inner Unique": false, "Plans": [{"Node Type": "Nested Loop", "Parent Relationship": "Outer", "Join Type": "Inner", "Startup Cost": 0.0, "Total Cost": 383895.85, "Plan Rows": 1044, "Plan Width": 76, "Actual Startup Time": 0.805, "Actual Total Time": 10066.457, "Actual Rows": 102516, "Actual Loops": 1, "Inner Unique": true, "Join Filter": "(mi.movie_id = t.id)", "Rows Removed by Join Filter": 0, "Plans": [{"Node Type": "Nested Loop", "Parent Relationship": "Outer", "Join Type": "Inner", "Startup Cost": 0.0, "Total Cost": 383467.66, "Plan Rows": 1044, "Plan Width": 55, "Actual Startup Time": 0.793, "Actual Total Time": 9476.47, "Actual Rows": 102516, "Actual Loops": 1, "Inner Unique": false, "Join Filter": "(mi.info_type_id = it1.id)", "Rows Removed by Join Filter": 2376, "Plans": [{"Node Type": "Index Scan", "Parent Relationship": "Outer", "Scan Direction": "Forward", "Index Name": "info_type_pkey", "Relation Name": "info_type", "Alias": "it1", "Startup Cost": 0.0, "Total Cost": 14.21, "Plan Rows": 1, "Plan Width": 4, "Actual Startup Time": 0.027, "Actual Total Time": 0.081, "Actual Rows": 1, "Actual Loops": 1, "Filter": "((info)::text = 'genres'::text)", "Rows Removed by Filter": 111}, {"Node Type": "Nested Loop", "Parent Relationship": "Inner", "Join Type": "Inner", "Startup Cost": 0.0, "Total Cost": 380590.58, "Plan Rows": 229029, "Plan Width": 59, "Actual Startup Time": 0.761, "Actual Total Time": 9433.358, "Actual Rows": 104892, "Actual Loops": 1, "Inner Unique": false, "Plans": [{"Node Type": "Nested Loop", "Parent Relationship": "Outer", "Join Type": "Inner", "Startup Cost": 0.0, "Total Cost": 38338.2, "Plan Rows": 345008, "Plan Width": 9, "Actual Startup Time": 0.072, "Actual Total Time": 406.914, "Actual Rows": 459925, "Actual Loops": 1, "Inner Unique": false, "Plans": [{"Node Type": "Index Scan", "Parent Relationship": "Outer", "Scan Direction": "Forward", "Index Name": "info_type_pkey", "Relation Name": "info_type", "Alias": "it2", "Startup Cost": 0.0, "Total Cost": 14.21, "Plan Rows": 1, "Plan Width": 4, "Actual Startup Time": 0.053, "Actual Total Time": 0.068, "Actual Rows": 1, "Actual Loops": 1, "Filter": "((info)::text = 'votes'::text)", "Rows Removed by Filter": 111}, {"Node Type": "Index Scan", "Parent Relationship": "Inner", "Scan Direction": "Forward", "Index Name": "info_type_id_movie_info_idx", "Relation Name": "movie_info_idx", "Alias": "mi_idx", "Startup Cost": 0.0, "Total Cost": 34873.91, "Plan Rows": 345008, "Plan Width": 13, "Actual Startup Time": 0.016, "Actual Total Time": 295.179, "Actual Rows": 459925, "Actual Loops": 1, "Index Cond": "(info_type_id = it2.id), (LLVM Optimized, Jit Execute)", "Rows Removed by Index Recheck": 0}]}, {"Node Type": "Index Scan", "Parent Relationship": "Inner", "Scan Direction": "Forward", "Index Name": "movie_id_movie_info", "Relation Name": "movie_info", "Alias": "mi", "Startup Cost": 0.0, "Total Cost": 0.98, "Plan Rows": 1, "Plan Width": 50, "Actual Startup Time": 8592.13, "Actual Total Time": 8755.617, "Actual Rows": 104892, "Actual Loops": 459925, "Index Cond": "(movie_id = mi_idx.movie_id)", "Rows Removed by Index Recheck": 0, "Filter": "((info)::text = ANY ('{Horror,Action,Sci-Fi,Thriller,Crime,War}'::text[]))", "Rows Removed by Filter": 6825442}]}]}, {"Node Type": "Index Scan", "Parent Relationship": "Inner", "Scan Direction": "Forward", "Index Name": "title_pkey", "Relation Name": "title", "Alias": "t", "Startup Cost": 0.0, "Total Cost": 0.4, "Plan Rows": 1, "Plan Width": 21, "Actual Startup Time": 469.619, "Actual Total Time": 469.619, "Actual Rows": 102516, "Actual Loops": 102516, "Index Cond": "(id = mi_idx.movie_id)", "Rows Removed by Index Recheck": 0}]}, {"Node Type": "Index Scan", "Parent Relationship": "Inner", "Scan Direction": "Forward", "Index Name": "movie_id_cast_info", "Relation Name": "cast_info", "Alias": "ci", "Startup Cost": 0.0, "Total Cost": 1.01, "Plan Rows": 1, "Plan Width": 8, "Actual Startup Time": 7850.991, "Actual Total Time": 9208.892, "Actual Rows": 54155, "Actual Loops": 102516, "Index Cond": "(movie_id = t.id)", "Rows Removed by Index Recheck": 0, "Filter": "((note)::text = ANY ('{(writer),\"(head writer)\",\"(written by)\",(story),\"(story editor)\"}'::text[]))", "Rows Removed by Filter": 3987641}]}, {"Node Type": "Index Scan", "Parent Relationship": "Inner", "Scan Direction": "Forward", "Index Name": "name_pkey", "Relation Name": "name", "Alias": "n", "Startup Cost": 0.0, "Total Cost": 0.49, "Plan Rows": 1, "Plan Width": 4, "Actual Startup Time": 392.522, "Actual Total Time": 392.522, "Actual Rows": 28073, "Actual Loops": 54155, "Index Cond": "(id = ci.person_id)", "Rows Removed by Index Recheck": 0, "Filter": "((gender)::text = 'm'::text)", "Rows Removed by Filter": 26082}]}]}, "Triggers": [], "Planner Runtime": 7, "Total Runtime": 19840.176, "Unique SQL Id": 3913857139}}, "(16, 122)": {"explain_plan": {"Plan": {"Node Type": "Aggregate", "Strategy": "Plain", "Startup Cost": 730888.64, "Total Cost": 730888.68, "Plan Rows": 1, "Plan Width": 160, "Plans": [{"Node Type": "Streaming(type: LOCAL GATHER dop: 1/16)", "Parent Relationship": "Outer", "Startup Cost": 730888.64, "Total Cost": 730888.68, "Plan Rows": 1, "Plan Width": 160, "Plans": [{"Node Type": "Aggregate", "Strategy": "Plain", "Parent Relationship": "Outer", "Startup Cost": 730888.64, "Total Cost": 730888.65, "Plan Rows": 1, "Plan Width": 160, "Plans": [{"Node Type": "Nested Loop", "Parent Relationship": "Outer", "Join Type": "Inner", "Startup Cost": 0.0, "Total Cost": 730878.05, "Plan Rows": 1413, "Plan Width": 64, "Inner Unique": false, "Join Filter": "(ci.person_id = n.id)", "Plans": [{"Node Type": "Streaming(type: LOCAL REDISTRIBUTE dop: 16/16)", "Parent Relationship": "Outer", "Startup Cost": 0.0, "Total Cost": 43063.84, "Plan Rows": 1740714, "Plan Width": 4, "Plans": [{"Node Type": "Seq Scan", "Parent Relationship": "Outer", "Relation Name": "name", "Alias": "n", "Startup Cost": 0.0, "Total Cost": 21468.16, "Plan Rows": 1740714, "Plan Width": 4, "Filter": "((gender)::text = 'm'::text), (LLVM Optimized)"}]}, {"Node Type": "Materialize", "Parent Relationship": "Inner", "Startup Cost": 0.0, "Total Cost": 570010.21, "Plan Rows": 1155, "Plan Width": 68, "Plans": [{"Node Type": "Streaming(type: LOCAL REDISTRIBUTE dop: 16/16)", "Parent Relationship": "Outer", "Startup Cost": 0.0, "Total Cost": 570009.85, "Plan Rows": 1155, "Plan Width": 68, "Plans": [{"Node Type": "Nested Loop", "Parent Relationship": "Outer", "Join Type": "Inner", "Startup Cost": 0.0, "Total Cost": 555005.47, "Plan Rows": 1155, "Plan Width": 68, "Inner Unique": false, "Join Filter": "(t.id = ci.movie_id)", "Plans": [{"Node Type": "Streaming(type: LOCAL REDISTRIBUTE dop: 16/16)", "Parent Relationship": "Outer", "Startup Cost": 0.0, "Total Cost": 86415.84, "Plan Rows": 1223154, "Plan Width": 8, "Plans": [{"Node Type": "Seq Scan", "Parent Relationship": "Outer", "Relation Name": "cast_info", "Alias": "ci", "Startup Cost": 0.0, "Total Cost": 66781.24, "Plan Rows": 1223154, "Plan Width": 8, "Filter": "((note)::text = ANY ('{(writer),\"(head writer)\",\"(written by)\",(story),\"(story editor)\"}'::text[]))"}]}, {"Node Type": "Materialize", "Parent Relationship": "Inner", "Startup Cost": 0.0, "Total Cost": 393767.17, "Plan Rows": 1044, "Plan Width": 76, "Plans": [{"Node Type": "Streaming(type: LOCAL REDISTRIBUTE dop: 16/16)", "Parent Relationship": "Outer", "Startup Cost": 0.0, "Total Cost": 393766.84, "Plan Rows": 1044, "Plan Width": 76, "Plans": [{"Node Type": "Nested Loop", "Parent Relationship": "Outer", "Join Type": "Inner", "Startup Cost": 0.0, "Total Cost": 378762.89, "Plan Rows": 1044, "Plan Width": 76, "Inner Unique": false, "Join Filter": "(mi.movie_id = t.id)", "Plans": [{"Node Type": "Streaming(type: LOCAL REDISTRIBUTE dop: 16/16)", "Parent Relationship": "Outer", "Startup Cost": 0.0, "Total Cost": 43334.25, "Plan Rows": 2528311, "Plan Width": 21, "Plans": [{"Node Type": "Seq Scan", "Parent Relationship": "Outer", "Relation Name": "title", "Alias": "t", "Startup Cost": 0.0, "Total Cost": 18754.32, "Plan Rows": 2528311, "Plan Width": 21}]}, {"Node Type": "Materialize", "Parent Relationship": "Inner", "Startup Cost": 0.0, "Total Cost": 180767.28, "Plan Rows": 1044, "Plan Width": 55, "Plans": [{"Node Type": "Streaming(type: LOCAL REDISTRIBUTE dop: 16/16)", "Parent Relationship": "Outer", "Startup Cost": 0.0, "Total Cost": 180766.95, "Plan Rows": 1044, "Plan Width": 55, "Plans": [{"Node Type": "Nested Loop", "Parent Relationship": "Outer", "Join Type": "Inner", "Startup Cost": 0.0, "Total Cost": 165763.0, "Plan Rows": 1044, "Plan Width": 55, "Inner Unique": false, "Join Filter": "(mi.movie_id = mi_idx.movie_id)", "Plans": [{"Node Type": "Streaming(type: LOCAL REDISTRIBUTE dop: 16/1)", "Parent Relationship": "Outer", "Startup Cost": 0.0, "Total Cost": 62128.78, "Plan Rows": 2717, "Plan Width": 46, "Plans": [{"Node Type": "Nested Loop", "Parent Relationship": "Outer", "Join Type": "Inner", "Startup Cost": 0.0, "Total Cost": 47015.81, "Plan Rows": 2717, "Plan Width": 46, "Inner Unique": false, "Join Filter": "(it1.id = mi.info_type_id)", "Plans": [{"Node Type": "Seq Scan", "Parent Relationship": "Outer", "Relation Name": "info_type", "Alias": "it1", "Startup Cost": 0.0, "Total Cost": 2.4, "Plan Rows": 1, "Plan Width": 4, "Filter": "((info)::text = 'genres'::text)"}, {"Node Type": "Materialize", "Parent Relationship": "Inner", "Startup Cost": 0.0, "Total Cost": 45111.71, "Plan Rows": 190170, "Plan Width": 50, "Plans": [{"Node Type": "Streaming(type: LOCAL GATHER dop: 1/16)", "Parent Relationship": "Outer", "Startup Cost": 0.0, "Total Cost": 44636.28, "Plan Rows": 190170, "Plan Width": 50, "Plans": [{"Node Type": "Seq Scan", "Parent Relationship": "Outer", "Relation Name": "movie_info", "Alias": "mi", "Startup Cost": 0.0, "Total Cost": 40532.03, "Plan Rows": 190170, "Plan Width": 50, "Filter": "((info)::text = ANY ('{Horror,Action,Sci-Fi,Thriller,Crime,War}'::text[]))"}]}]}]}]}, {"Node Type": "Materialize", "Parent Relationship": "Inner", "Startup Cost": 0.0, "Total Cost": 48763.12, "Plan Rows": 345008, "Plan Width": 9, "Plans": [{"Node Type": "Streaming(type: LOCAL REDISTRIBUTE dop: 16/16)", "Parent Relationship": "Outer", "Startup Cost": 0.0, "Total Cost": 48655.3, "Plan Rows": 345008, "Plan Width": 9, "Plans": [{"Node Type": "Nested Loop", "Parent Relationship": "Outer", "Join Type": "Inner", "Startup Cost": 0.0, "Total Cost": 32348.04, "Plan Rows": 345008, "Plan Width": 9, "Inner Unique": false, "Join Filter": "(it2.id = mi_idx.info_type_id), (LLVM Optimized)", "Plans": [{"Node Type": "Streaming(type: BROADCAST dop: 16/1)", "Parent Relationship": "Outer", "Startup Cost": 0.0, "Total Cost": 15002.75, "Plan Rows": 16, "Plan Width": 4, "Plans": [{"Node Type": "Seq Scan", "Parent Relationship": "Outer", "Relation Name": "info_type", "Alias": "it2", "Startup Cost": 0.0, "Total Cost": 2.4, "Plan Rows": 1, "Plan Width": 4, "Filter": "((info)::text = 'votes'::text)"}]}, {"Node Type": "Seq Scan", "Parent Relationship": "Inner", "Relation Name": "movie_info_idx", "Alias": "mi_idx", "Startup Cost": 0.0, "Total Cost": 16267.15, "Plan Rows": 1380034, "Plan Width": 13}]}]}]}]}]}]}]}]}]}]}]}]}]}]}]}]}, "Unique SQL Id": 3913857139, "Planner Runtime": 12}, "explain_analyze_plan": null}, "(16, 123)": {"explain_plan": {"Plan": {"Node Type": "Aggregate", "Strategy": "Plain", "Startup Cost": 7000445600668.71, "Total Cost": 7000445600668.72, "Plan Rows": 1, "Plan Width": 160, "Plans": [{"Node Type": "Nested Loop", "Parent Relationship": "Outer", "Join Type": "Inner", "Startup Cost": 70000000000.0, "Total Cost": 7000445600658.11, "Plan Rows": 1413, "Plan Width": 64, "Inner Unique": false, "Join Filter": "(ci.person_id = n.id)", "Plans": [{"Node Type": "Index Scan", "Parent Relationship": "Outer", "Scan Direction": "Forward", "Index Name": "name_pkey", "Relation Name": "name", "Alias": "n", "Startup Cost": 10000000000.0, "Total Cost": 1000018665147.2, "Plan Rows": 1740714, "Plan Width": 4, "Filter": "((gender)::text = 'm'::text), (LLVM Optimized)"}, {"Node Type": "Materialize", "Parent Relationship": "Inner", "Startup Cost": 60000000000.0, "Total Cost": 6000396777643.75, "Plan Rows": 1155, "Plan Width": 68, "Plans": [{"Node Type": "Nested Loop", "Parent Relationship": "Outer", "Join Type": "Inner", "Startup Cost": 60000000000.0, "Total Cost": 6000396777637.97, "Plan Rows": 1155, "Plan Width": 68, "Inner Unique": false, "Join Filter": "(t.id = ci.movie_id)", "Plans": [{"Node Type": "Index Scan", "Parent Relationship": "Outer", "Scan Direction": "Forward", "Index Name": "person_id_cast_info", "Relation Name": "cast_info", "Alias": "ci", "Startup Cost": 10000000000.0, "Total Cost": 1000193311016.96, "Plan Rows": 1223154, "Plan Width": 8, "Filter": "((note)::text = ANY ('{(writer),\"(head writer)\",\"(written by)\",(story),\"(story editor)\"}'::text[]))"}, {"Node Type": "Materialize", "Parent Relationship": "Inner", "Startup Cost": 50000000000.0, "Total Cost": 5000184312031.98, "Plan Rows": 1044, "Plan Width": 76, "Plans": [{"Node Type": "Nested Loop", "Parent Relationship": "Outer", "Join Type": "Inner", "Startup Cost": 50000000000.0, "Total Cost": 5000184312026.76, "Plan Rows": 1044, "Plan Width": 76, "Inner Unique": false, "Join Filter": "(mi.movie_id = t.id)", "Plans": [{"Node Type": "Index Scan", "Parent Relationship": "Outer", "Scan Direction": "Forward", "Index Name": "title_pkey", "Relation Name": "title", "Alias": "t", "Startup Cost": 10000000000.0, "Total Cost": 1000011012048.91, "Plan Rows": 2528311, "Plan Width": 21}, {"Node Type": "Materialize", "Parent Relationship": "Inner", "Startup Cost": 40000000000.0, "Total Cost": 4000133706630.2, "Plan Rows": 1044, "Plan Width": 55, "Plans": [{"Node Type": "Nested Loop", "Parent Relationship": "Outer", "Join Type": "Inner", "Startup Cost": 40000000000.0, "Total Cost": 4000133706624.98, "Plan Rows": 1044, "Plan Width": 55, "Inner Unique": false, "Join Filter": "(mi.movie_id = mi_idx.movie_id)", "Plans": [{"Node Type": "Nested Loop", "Parent Relationship": "Outer", "Join Type": "Inner", "Startup Cost": 20000000000.0, "Total Cost": 2000004672156.88, "Plan Rows": 345008, "Plan Width": 9, "Inner Unique": true, "Join Filter": "(it2.id = mi_idx.info_type_id), (LLVM Optimized)", "Plans": [{"Node Type": "Index Scan", "Parent Relationship": "Outer", "Scan Direction": "Forward", "Index Name": "movie_id_movie_info_idx", "Relation Name": "movie_info_idx", "Alias": "mi_idx", "Startup Cost": 10000000000.0, "Total Cost": 1000004650035.37, "Plan Rows": 1380034, "Plan Width": 13}, {"Node Type": "Materialize", "Parent Relationship": "Inner", "Startup Cost": 10000000000.0, "Total Cost": 1000000001421.0, "Plan Rows": 1, "Plan Width": 4, "Plans": [{"Node Type": "Index Scan", "Parent Relationship": "Outer", "Scan Direction": "Forward", "Index Name": "info_type_pkey", "Relation Name": "info_type", "Alias": "it2", "Startup Cost": 10000000000.0, "Total Cost": 1000000001421.0, "Plan Rows": 1, "Plan Width": 4, "Filter": "((info)::text = 'votes'::text)"}]}]}, {"Node Type": "Materialize", "Parent Relationship": "Inner", "Startup Cost": 20000000000.0, "Total Cost": 2000114973673.85, "Plan Rows": 2717, "Plan Width": 46, "Plans": [{"Node Type": "Nested Loop", "Parent Relationship": "Outer", "Join Type": "Inner", "Startup Cost": 20000000000.0, "Total Cost": 2000114973660.27, "Plan Rows": 2717, "Plan Width": 46, "Inner Unique": true, "Join Filter": "(it1.id = mi.info_type_id)", "Plans": [{"Node Type": "Index Scan", "Parent Relationship": "Outer", "Scan Direction": "Forward", "Index Name": "movie_id_movie_info", "Relation Name": "movie_info", "Alias": "mi", "Startup Cost": 10000000000.0, "Total Cost": 1000114969386.72, "Plan Rows": 190170, "Plan Width": 50, "Filter": "((info)::text = ANY ('{Horror,Action,Sci-Fi,Thriller,Crime,War}'::text[]))"}, {"Node Type": "Materialize", "Parent Relationship": "Inner", "Startup Cost": 10000000000.0, "Total Cost": 1000000001421.0, "Plan Rows": 1, "Plan Width": 4, "Plans": [{"Node Type": "Index Scan", "Parent Relationship": "Outer", "Scan Direction": "Forward", "Index Name": "info_type_pkey", "Relation Name": "info_type", "Alias": "it1", "Startup Cost": 10000000000.0, "Total Cost": 1000000001421.0, "Plan Rows": 1, "Plan Width": 4, "Filter": "((info)::text = 'genres'::text)"}]}]}]}]}]}]}]}]}]}]}]}, "Unique SQL Id": 3913857139, "Planner Runtime": 6}, "explain_analyze_plan": null}, "(16, 124)": {"explain_plan": {"Plan": {"Node Type": "Aggregate", "Strategy": "Plain", "Startup Cost": 50638.13, "Total Cost": 50638.14, "Plan Rows": 1, "Plan Width": 160, "Plans": [{"Node Type": "Nested Loop", "Parent Relationship": "Outer", "Join Type": "Inner", "Startup Cost": 0.0, "Total Cost": 50627.54, "Plan Rows": 1413, "Plan Width": 64, "Inner Unique": true, "Plans": [{"Node Type": "Nested Loop", "Parent Relationship": "Outer", "Join Type": "Inner", "Startup Cost": 0.0, "Total Cost": 50048.27, "Plan Rows": 1155, "Plan Width": 68, "Inner Unique": false, "Plans": [{"Node Type": "Nested Loop", "Parent Relationship": "Outer", "Join Type": "Inner", "Startup Cost": 0.0, "Total Cost": 48986.64, "Plan Rows": 1044, "Plan Width": 76, "Inner Unique": true, "Join Filter": "(mi.movie_id = t.id)", "Plans": [{"Node Type": "Nested Loop", "Parent Relationship": "Outer", "Join Type": "Inner", "Startup Cost": 0.0, "Total Cost": 48558.44, "Plan Rows": 1044, "Plan Width": 55, "Inner Unique": false, "Join Filter": "(mi_idx.info_type_id = it2.id)", "Plans": [{"Node Type": "Seq Scan", "Parent Relationship": "Outer", "Relation Name": "info_type", "Alias": "it2", "Startup Cost": 0.0, "Total Cost": 2.4, "Plan Rows": 1, "Plan Width": 4, "Filter": "((info)::text = 'votes'::text)"}, {"Node Type": "Nested Loop", "Parent Relationship": "Inner", "Join Type": "Inner", "Startup Cost": 0.0, "Total Cost": 48503.86, "Plan Rows": 4175, "Plan Width": 59, "Inner Unique": false, "Plans": [{"Node Type": "Nested Loop", "Parent Relationship": "Outer", "Join Type": "Inner", "Startup Cost": 0.0, "Total Cost": 47015.81, "Plan Rows": 2717, "Plan Width": 46, "Inner Unique": false, "Join Filter": "(it1.id = mi.info_type_id)", "Plans": [{"Node Type": "Seq Scan", "Parent Relationship": "Outer", "Relation Name": "info_type", "Alias": "it1", "Startup Cost": 0.0, "Total Cost": 2.4, "Plan Rows": 1, "Plan Width": 4, "Filter": "((info)::text = 'genres'::text)"}, {"Node Type": "Materialize", "Parent Relationship": "Inner", "Startup Cost": 0.0, "Total Cost": 45111.71, "Plan Rows": 190170, "Plan Width": 50, "Plans": [{"Node Type": "Streaming(type: LOCAL GATHER dop: 1/16)", "Parent Relationship": "Outer", "Startup Cost": 0.0, "Total Cost": 44636.28, "Plan Rows": 190170, "Plan Width": 50, "Plans": [{"Node Type": "Seq Scan", "Parent Relationship": "Outer", "Relation Name": "movie_info", "Alias": "mi", "Startup Cost": 0.0, "Total Cost": 40532.03, "Plan Rows": 190170, "Plan Width": 50, "Filter": "((info)::text = ANY ('{Horror,Action,Sci-Fi,Thriller,Crime,War}'::text[]))"}]}]}]}, {"Node Type": "Index Scan", "Parent Relationship": "Inner", "Scan Direction": "Forward", "Index Name": "movie_id_movie_info_idx", "Relation Name": "movie_info_idx", "Alias": "mi_idx", "Startup Cost": 0.0, "Total Cost": 0.53, "Plan Rows": 2, "Plan Width": 13, "Index Cond": "(movie_id = mi.movie_id)"}]}]}, {"Node Type": "Index Scan", "Parent Relationship": "Inner", "Scan Direction": "Forward", "Index Name": "title_pkey", "Relation Name": "title", "Alias": "t", "Startup Cost": 0.0, "Total Cost": 0.4, "Plan Rows": 1, "Plan Width": 21, "Index Cond": "(id = mi_idx.movie_id)"}]}, {"Node Type": "Index Scan", "Parent Relationship": "Inner", "Scan Direction": "Forward", "Index Name": "movie_id_cast_info", "Relation Name": "cast_info", "Alias": "ci", "Startup Cost": 0.0, "Total Cost": 1.01, "Plan Rows": 1, "Plan Width": 8, "Index Cond": "(movie_id = t.id)", "Filter": "((note)::text = ANY ('{(writer),\"(head writer)\",\"(written by)\",(story),\"(story editor)\"}'::text[]))"}]}, {"Node Type": "Index Scan", "Parent Relationship": "Inner", "Scan Direction": "Forward", "Index Name": "name_pkey", "Relation Name": "name", "Alias": "n", "Startup Cost": 0.0, "Total Cost": 0.49, "Plan Rows": 1, "Plan Width": 4, "Index Cond": "(id = ci.person_id)", "Filter": "((gender)::text = 'm'::text)"}]}]}, "Unique SQL Id": 3913857139, "Planner Runtime": 8}, "explain_analyze_plan": {"Plan": {"Node Type": "Aggregate", "Strategy": "Plain", "Startup Cost": 50638.13, "Total Cost": 50638.14, "Plan Rows": 1, "Plan Width": 160, "Actual Min Startup Time": 11129.472, "Actual Max Startup Time": 11129.472, "Actual Min Total Time": 11129.473, "Actual Max Total Time": 11129.473, "Plans": [{"Node Type": "Nested Loop", "Parent Relationship": "Outer", "Join Type": "Inner", "Startup Cost": 0.0, "Total Cost": 50627.54, "Plan Rows": 1413, "Plan Width": 64, "Actual Min Startup Time": 511.135, "Actual Max Startup Time": 511.135, "Actual Min Total Time": 11090.649, "Actual Max Total Time": 11090.649, "Inner Unique": true, "Plans": [{"Node Type": "Nested Loop", "Parent Relationship": "Outer", "Join Type": "Inner", "Startup Cost": 0.0, "Total Cost": 50048.27, "Plan Rows": 1155, "Plan Width": 68, "Actual Min Startup Time": 511.069, "Actual Max Startup Time": 511.069, "Actual Min Total Time": 10685.753, "Actual Max Total Time": 10685.753, "Inner Unique": false, "Plans": [{"Node Type": "Nested Loop", "Parent Relationship": "Outer", "Join Type": "Inner", "Startup Cost": 0.0, "Total Cost": 48986.64, "Plan Rows": 1044, "Plan Width": 76, "Actual Min Startup Time": 511.036, "Actual Max Startup Time": 511.036, "Actual Min Total Time": 2090.161, "Actual Max Total Time": 2090.161, "Inner Unique": true, "Join Filter": "(mi.movie_id = t.id)", "Rows Removed by Join Filter": 0, "Plans": [{"Node Type": "Nested Loop", "Parent Relationship": "Outer", "Join Type": "Inner", "Startup Cost": 0.0, "Total Cost": 48558.44, "Plan Rows": 1044, "Plan Width": 55, "Actual Min Startup Time": 511.018, "Actual Max Startup Time": 511.018, "Actual Min Total Time": 1536.856, "Actual Max Total Time": 1536.856, "Inner Unique": false, "Join Filter": "(mi_idx.info_type_id = it2.id)", "Rows Removed by Join Filter": 205269, "Plans": [{"Node Type": "Seq Scan", "Parent Relationship": "Outer", "Relation Name": "info_type", "Alias": "it2", "Startup Cost": 0.0, "Total Cost": 2.4, "Plan Rows": 1, "Plan Width": 4, "Actual Min Startup Time": 0.062, "Actual Max Startup Time": 0.062, "Actual Min Total Time": 0.082, "Actual Max Total Time": 0.082, "Filter": "((info)::text = 'votes'::text)", "Rows Removed by Filter": 111, "Actual Rows": 1}, {"Node Type": "Nested Loop", "Parent Relationship": "Inner", "Join Type": "Inner", "Startup Cost": 0.0, "Total Cost": 48503.86, "Plan Rows": 4175, "Plan Width": 59, "Actual Min Startup Time": 510.944, "Actual Max Startup Time": 510.944, "Actual Min Total Time": 1446.297, "Actual Max Total Time": 1446.297, "Inner Unique": false, "Plans": [{"Node Type": "Nested Loop", "Parent Relationship": "Outer", "Join Type": "Inner", "Startup Cost": 0.0, "Total Cost": 47015.81, "Plan Rows": 2717, "Plan Width": 46, "Actual Min Startup Time": 510.906, "Actual Max Startup Time": 510.906, "Actual Min Total Time": 614.399, "Actual Max Total Time": 614.399, "Inner Unique": false, "Join Filter": "(it1.id = mi.info_type_id)", "Rows Removed by Join Filter": 2377, "Plans": [{"Node Type": "Seq Scan", "Parent Relationship": "Outer", "Relation Name": "info_type", "Alias": "it1", "Startup Cost": 0.0, "Total Cost": 2.4, "Plan Rows": 1, "Plan Width": 4, "Actual Min Startup Time": 0.049, "Actual Max Startup Time": 0.049, "Actual Min Total Time": 0.098, "Actual Max Total Time": 0.098, "Filter": "((info)::text = 'genres'::text)", "Rows Removed by Filter": 111, "Actual Rows": 1}, {"Node Type": "Materialize", "Parent Relationship": "Inner", "Startup Cost": 0.0, "Total Cost": 45111.71, "Plan Rows": 190170, "Plan Width": 50, "Actual Min Startup Time": 510.302, "Actual Max Startup Time": 510.302, "Actual Min Total Time": 540.364, "Actual Max Total Time": 540.364, "Plans": [{"Node Type": "Streaming(type: LOCAL GATHER dop: 1/16)", "Parent Relationship": "Outer", "Startup Cost": 0.0, "Total Cost": 44636.28, "Plan Rows": 190170, "Plan Width": 50, "Actual Min Startup Time": 297.487, "Actual Max Startup Time": 297.487, "Actual Min Total Time": 482.691, "Actual Max Total Time": 482.691, "Plans": [{"Node Type": "Seq Scan", "Parent Relationship": "Outer", "Relation Name": "movie_info", "Alias": "mi", "Startup Cost": 0.0, "Total Cost": 40532.03, "Plan Rows": 190170, "Plan Width": 50, "Actual Min Startup Time": 226.336, "Actual Max Startup Time": 412.639, "Actual Min Total Time": 456.317, "Actual Max Total Time": 472.872, "Filter": "((info)::text = ANY ('{Horror,Action,Sci-Fi,Thriller,Crime,War}'::text[]))", "Rows Removed by Filter": 14646748, "Actual Rows": 188971}], "Actual Rows": 188971}], "Actual Rows": 188972}], "Actual Rows": 186594}, {"Node Type": "Index Scan", "Parent Relationship": "Inner", "Scan Direction": "Forward", "Index Name": "movie_id_movie_info_idx", "Relation Name": "movie_info_idx", "Alias": "mi_idx", "Startup Cost": 0.0, "Total Cost": 0.53, "Plan Rows": 2, "Plan Width": 13, "Actual Min Startup Time": 538.97, "Actual Max Startup Time": 538.97, "Actual Min Total Time": 658.4, "Actual Max Total Time": 658.4, "Index Cond": "(movie_id = mi.movie_id)", "Rows Removed by Index Recheck": 0, "Actual Rows": 307785}], "Actual Rows": 307785}], "Actual Rows": 102516}, {"Node Type": "Index Scan", "Parent Relationship": "Inner", "Scan Direction": "Forward", "Index Name": "title_pkey", "Relation Name": "title", "Alias": "t", "Startup Cost": 0.0, "Total Cost": 0.4, "Plan Rows": 1, "Plan Width": 21, "Actual Min Startup Time": 443.939, "Actual Max Startup Time": 443.939, "Actual Min Total Time": 443.939, "Actual Max Total Time": 443.939, "Index Cond": "(id = mi_idx.movie_id)", "Rows Removed by Index Recheck": 0, "Actual Rows": 102516}], "Actual Rows": 102516}, {"Node Type": "Index Scan", "Parent Relationship": "Inner", "Scan Direction": "Forward", "Index Name": "movie_id_cast_info", "Relation Name": "cast_info", "Alias": "ci", "Startup Cost": 0.0, "Total Cost": 1.01, "Plan Rows": 1, "Plan Width": 8, "Actual Min Startup Time": 7269.102, "Actual Max Startup Time": 7269.102, "Actual Min Total Time": 8522.718, "Actual Max Total Time": 8522.718, "Index Cond": "(movie_id = t.id)", "Rows Removed by Index Recheck": 0, "Filter": "((note)::text = ANY ('{(writer),\"(head writer)\",\"(written by)\",(story),\"(story editor)\"}'::text[]))", "Rows Removed by Filter": 3987641, "Actual Rows": 54155}], "Actual Rows": 54155}, {"Node Type": "Index Scan", "Parent Relationship": "Inner", "Scan Direction": "Forward", "Index Name": "name_pkey", "Relation Name": "name", "Alias": "n", "Startup Cost": 0.0, "Total Cost": 0.49, "Plan Rows": 1, "Plan Width": 4, "Actual Min Startup Time": 360.913, "Actual Max Startup Time": 360.913, "Actual Min Total Time": 360.913, "Actual Max Total Time": 360.913, "Index Cond": "(id = ci.person_id)", "Rows Removed by Index Recheck": 0, "Filter": "((gender)::text = 'm'::text)", "Rows Removed by Filter": 26082, "Actual Rows": 28073}], "Actual Rows": 28073}], "Actual Rows": 1}, "Triggers": [], "Planner Runtime": 8, "Total Runtime": 11132.427, "Unique SQL Id": 3913857139}}, "(16, 125)": {"explain_plan": {"Plan": {"Node Type": "Aggregate", "Strategy": "Plain", "Startup Cost": 385547.34, "Total Cost": 385547.35, "Plan Rows": 1, "Plan Width": 160, "Plans": [{"Node Type": "Nested Loop", "Parent Relationship": "Outer", "Join Type": "Inner", "Startup Cost": 0.0, "Total Cost": 385536.75, "Plan Rows": 1413, "Plan Width": 64, "Inner Unique": true, "Plans": [{"Node Type": "Nested Loop", "Parent Relationship": "Outer", "Join Type": "Inner", "Startup Cost": 0.0, "Total Cost": 384957.48, "Plan Rows": 1155, "Plan Width": 68, "Inner Unique": false, "Plans": [{"Node Type": "Nested Loop", "Parent Relationship": "Outer", "Join Type": "Inner", "Startup Cost": 0.0, "Total Cost": 383895.85, "Plan Rows": 1044, "Plan Width": 76, "Inner Unique": true, "Join Filter": "(mi.movie_id = t.id)", "Plans": [{"Node Type": "Nested Loop", "Parent Relationship": "Outer", "Join Type": "Inner", "Startup Cost": 0.0, "Total Cost": 383467.66, "Plan Rows": 1044, "Plan Width": 55, "Inner Unique": false, "Join Filter": "(mi.info_type_id = it1.id)", "Plans": [{"Node Type": "Index Scan", "Parent Relationship": "Outer", "Scan Direction": "Forward", "Index Name": "info_type_pkey", "Relation Name": "info_type", "Alias": "it1", "Startup Cost": 0.0, "Total Cost": 14.21, "Plan Rows": 1, "Plan Width": 4, "Filter": "((info)::text = 'genres'::text)"}, {"Node Type": "Nested Loop", "Parent Relationship": "Inner", "Join Type": "Inner", "Startup Cost": 0.0, "Total Cost": 380590.58, "Plan Rows": 229029, "Plan Width": 59, "Inner Unique": false, "Plans": [{"Node Type": "Nested Loop", "Parent Relationship": "Outer", "Join Type": "Inner", "Startup Cost": 0.0, "Total Cost": 38338.2, "Plan Rows": 345008, "Plan Width": 9, "Inner Unique": false, "Plans": [{"Node Type": "Index Scan", "Parent Relationship": "Outer", "Scan Direction": "Forward", "Index Name": "info_type_pkey", "Relation Name": "info_type", "Alias": "it2", "Startup Cost": 0.0, "Total Cost": 14.21, "Plan Rows": 1, "Plan Width": 4, "Filter": "((info)::text = 'votes'::text)"}, {"Node Type": "Index Scan", "Parent Relationship": "Inner", "Scan Direction": "Forward", "Index Name": "info_type_id_movie_info_idx", "Relation Name": "movie_info_idx", "Alias": "mi_idx", "Startup Cost": 0.0, "Total Cost": 34873.91, "Plan Rows": 345008, "Plan Width": 13, "Index Cond": "(info_type_id = it2.id), (LLVM Optimized)"}]}, {"Node Type": "Index Scan", "Parent Relationship": "Inner", "Scan Direction": "Forward", "Index Name": "movie_id_movie_info", "Relation Name": "movie_info", "Alias": "mi", "Startup Cost": 0.0, "Total Cost": 0.98, "Plan Rows": 1, "Plan Width": 50, "Index Cond": "(movie_id = mi_idx.movie_id)", "Filter": "((info)::text = ANY ('{Horror,Action,Sci-Fi,Thriller,Crime,War}'::text[]))"}]}]}, {"Node Type": "Index Scan", "Parent Relationship": "Inner", "Scan Direction": "Forward", "Index Name": "title_pkey", "Relation Name": "title", "Alias": "t", "Startup Cost": 0.0, "Total Cost": 0.4, "Plan Rows": 1, "Plan Width": 21, "Index Cond": "(id = mi_idx.movie_id)"}]}, {"Node Type": "Index Scan", "Parent Relationship": "Inner", "Scan Direction": "Forward", "Index Name": "movie_id_cast_info", "Relation Name": "cast_info", "Alias": "ci", "Startup Cost": 0.0, "Total Cost": 1.01, "Plan Rows": 1, "Plan Width": 8, "Index Cond": "(movie_id = t.id)", "Filter": "((note)::text = ANY ('{(writer),\"(head writer)\",\"(written by)\",(story),\"(story editor)\"}'::text[]))"}]}, {"Node Type": "Index Scan", "Parent Relationship": "Inner", "Scan Direction": "Forward", "Index Name": "name_pkey", "Relation Name": "name", "Alias": "n", "Startup Cost": 0.0, "Total Cost": 0.49, "Plan Rows": 1, "Plan Width": 4, "Index Cond": "(id = ci.person_id)", "Filter": "((gender)::text = 'm'::text)"}]}]}, "Unique SQL Id": 3913857139, "Planner Runtime": 7}, "explain_analyze_plan": {"Plan": {"Node Type": "Aggregate", "Strategy": "Plain", "Startup Cost": 385547.34, "Total Cost": 385547.35, "Plan Rows": 1, "Plan Width": 160, "Actual Startup Time": 19831.111, "Actual Total Time": 19831.111, "Actual Rows": 1, "Actual Loops": 1, "Plans": [{"Node Type": "Nested Loop", "Parent Relationship": "Outer", "Join Type": "Inner", "Startup Cost": 0.0, "Total Cost": 385536.75, "Plan Rows": 1413, "Plan Width": 64, "Actual Startup Time": 29.663, "Actual Total Time": 19790.655, "Actual Rows": 28073, "Actual Loops": 1, "Inner Unique": true, "Plans": [{"Node Type": "Nested Loop", "Parent Relationship": "Outer", "Join Type": "Inner", "Startup Cost": 0.0, "Total Cost": 384957.48, "Plan Rows": 1155, "Plan Width": 68, "Actual Startup Time": 14.7, "Actual Total Time": 19348.306, "Actual Rows": 54155, "Actual Loops": 1, "Inner Unique": false, "Plans": [{"Node Type": "Nested Loop", "Parent Relationship": "Outer", "Join Type": "Inner", "Startup Cost": 0.0, "Total Cost": 383895.85, "Plan Rows": 1044, "Plan Width": 76, "Actual Startup Time": 0.805, "Actual Total Time": 10066.457, "Actual Rows": 102516, "Actual Loops": 1, "Inner Unique": true, "Join Filter": "(mi.movie_id = t.id)", "Rows Removed by Join Filter": 0, "Plans": [{"Node Type": "Nested Loop", "Parent Relationship": "Outer", "Join Type": "Inner", "Startup Cost": 0.0, "Total Cost": 383467.66, "Plan Rows": 1044, "Plan Width": 55, "Actual Startup Time": 0.793, "Actual Total Time": 9476.47, "Actual Rows": 102516, "Actual Loops": 1, "Inner Unique": false, "Join Filter": "(mi.info_type_id = it1.id)", "Rows Removed by Join Filter": 2376, "Plans": [{"Node Type": "Index Scan", "Parent Relationship": "Outer", "Scan Direction": "Forward", "Index Name": "info_type_pkey", "Relation Name": "info_type", "Alias": "it1", "Startup Cost": 0.0, "Total Cost": 14.21, "Plan Rows": 1, "Plan Width": 4, "Actual Startup Time": 0.027, "Actual Total Time": 0.081, "Actual Rows": 1, "Actual Loops": 1, "Filter": "((info)::text = 'genres'::text)", "Rows Removed by Filter": 111}, {"Node Type": "Nested Loop", "Parent Relationship": "Inner", "Join Type": "Inner", "Startup Cost": 0.0, "Total Cost": 380590.58, "Plan Rows": 229029, "Plan Width": 59, "Actual Startup Time": 0.761, "Actual Total Time": 9433.358, "Actual Rows": 104892, "Actual Loops": 1, "Inner Unique": false, "Plans": [{"Node Type": "Nested Loop", "Parent Relationship": "Outer", "Join Type": "Inner", "Startup Cost": 0.0, "Total Cost": 38338.2, "Plan Rows": 345008, "Plan Width": 9, "Actual Startup Time": 0.072, "Actual Total Time": 406.914, "Actual Rows": 459925, "Actual Loops": 1, "Inner Unique": false, "Plans": [{"Node Type": "Index Scan", "Parent Relationship": "Outer", "Scan Direction": "Forward", "Index Name": "info_type_pkey", "Relation Name": "info_type", "Alias": "it2", "Startup Cost": 0.0, "Total Cost": 14.21, "Plan Rows": 1, "Plan Width": 4, "Actual Startup Time": 0.053, "Actual Total Time": 0.068, "Actual Rows": 1, "Actual Loops": 1, "Filter": "((info)::text = 'votes'::text)", "Rows Removed by Filter": 111}, {"Node Type": "Index Scan", "Parent Relationship": "Inner", "Scan Direction": "Forward", "Index Name": "info_type_id_movie_info_idx", "Relation Name": "movie_info_idx", "Alias": "mi_idx", "Startup Cost": 0.0, "Total Cost": 34873.91, "Plan Rows": 345008, "Plan Width": 13, "Actual Startup Time": 0.016, "Actual Total Time": 295.179, "Actual Rows": 459925, "Actual Loops": 1, "Index Cond": "(info_type_id = it2.id), (LLVM Optimized, Jit Execute)", "Rows Removed by Index Recheck": 0}]}, {"Node Type": "Index Scan", "Parent Relationship": "Inner", "Scan Direction": "Forward", "Index Name": "movie_id_movie_info", "Relation Name": "movie_info", "Alias": "mi", "Startup Cost": 0.0, "Total Cost": 0.98, "Plan Rows": 1, "Plan Width": 50, "Actual Startup Time": 8592.13, "Actual Total Time": 8755.617, "Actual Rows": 104892, "Actual Loops": 459925, "Index Cond": "(movie_id = mi_idx.movie_id)", "Rows Removed by Index Recheck": 0, "Filter": "((info)::text = ANY ('{Horror,Action,Sci-Fi,Thriller,Crime,War}'::text[]))", "Rows Removed by Filter": 6825442}]}]}, {"Node Type": "Index Scan", "Parent Relationship": "Inner", "Scan Direction": "Forward", "Index Name": "title_pkey", "Relation Name": "title", "Alias": "t", "Startup Cost": 0.0, "Total Cost": 0.4, "Plan Rows": 1, "Plan Width": 21, "Actual Startup Time": 469.619, "Actual Total Time": 469.619, "Actual Rows": 102516, "Actual Loops": 102516, "Index Cond": "(id = mi_idx.movie_id)", "Rows Removed by Index Recheck": 0}]}, {"Node Type": "Index Scan", "Parent Relationship": "Inner", "Scan Direction": "Forward", "Index Name": "movie_id_cast_info", "Relation Name": "cast_info", "Alias": "ci", "Startup Cost": 0.0, "Total Cost": 1.01, "Plan Rows": 1, "Plan Width": 8, "Actual Startup Time": 7850.991, "Actual Total Time": 9208.892, "Actual Rows": 54155, "Actual Loops": 102516, "Index Cond": "(movie_id = t.id)", "Rows Removed by Index Recheck": 0, "Filter": "((note)::text = ANY ('{(writer),\"(head writer)\",\"(written by)\",(story),\"(story editor)\"}'::text[]))", "Rows Removed by Filter": 3987641}]}, {"Node Type": "Index Scan", "Parent Relationship": "Inner", "Scan Direction": "Forward", "Index Name": "name_pkey", "Relation Name": "name", "Alias": "n", "Startup Cost": 0.0, "Total Cost": 0.49, "Plan Rows": 1, "Plan Width": 4, "Actual Startup Time": 392.522, "Actual Total Time": 392.522, "Actual Rows": 28073, "Actual Loops": 54155, "Index Cond": "(id = ci.person_id)", "Rows Removed by Index Recheck": 0, "Filter": "((gender)::text = 'm'::text)", "Rows Removed by Filter": 26082}]}]}, "Triggers": [], "Planner Runtime": 7, "Total Runtime": 19840.176, "Unique SQL Id": 3913857139}}, "(16, 126)": {"explain_plan": {"Plan": {"Node Type": "Aggregate", "Strategy": "Plain", "Startup Cost": 730888.64, "Total Cost": 730888.68, "Plan Rows": 1, "Plan Width": 160, "Plans": [{"Node Type": "Streaming(type: LOCAL GATHER dop: 1/16)", "Parent Relationship": "Outer", "Startup Cost": 730888.64, "Total Cost": 730888.68, "Plan Rows": 1, "Plan Width": 160, "Plans": [{"Node Type": "Aggregate", "Strategy": "Plain", "Parent Relationship": "Outer", "Startup Cost": 730888.64, "Total Cost": 730888.65, "Plan Rows": 1, "Plan Width": 160, "Plans": [{"Node Type": "Nested Loop", "Parent Relationship": "Outer", "Join Type": "Inner", "Startup Cost": 0.0, "Total Cost": 730878.05, "Plan Rows": 1413, "Plan Width": 64, "Inner Unique": false, "Join Filter": "(ci.person_id = n.id)", "Plans": [{"Node Type": "Streaming(type: LOCAL REDISTRIBUTE dop: 16/16)", "Parent Relationship": "Outer", "Startup Cost": 0.0, "Total Cost": 43063.84, "Plan Rows": 1740714, "Plan Width": 4, "Plans": [{"Node Type": "Seq Scan", "Parent Relationship": "Outer", "Relation Name": "name", "Alias": "n", "Startup Cost": 0.0, "Total Cost": 21468.16, "Plan Rows": 1740714, "Plan Width": 4, "Filter": "((gender)::text = 'm'::text), (LLVM Optimized)"}]}, {"Node Type": "Materialize", "Parent Relationship": "Inner", "Startup Cost": 0.0, "Total Cost": 570010.21, "Plan Rows": 1155, "Plan Width": 68, "Plans": [{"Node Type": "Streaming(type: LOCAL REDISTRIBUTE dop: 16/16)", "Parent Relationship": "Outer", "Startup Cost": 0.0, "Total Cost": 570009.85, "Plan Rows": 1155, "Plan Width": 68, "Plans": [{"Node Type": "Nested Loop", "Parent Relationship": "Outer", "Join Type": "Inner", "Startup Cost": 0.0, "Total Cost": 555005.47, "Plan Rows": 1155, "Plan Width": 68, "Inner Unique": false, "Join Filter": "(t.id = ci.movie_id)", "Plans": [{"Node Type": "Streaming(type: LOCAL REDISTRIBUTE dop: 16/16)", "Parent Relationship": "Outer", "Startup Cost": 0.0, "Total Cost": 86415.84, "Plan Rows": 1223154, "Plan Width": 8, "Plans": [{"Node Type": "Seq Scan", "Parent Relationship": "Outer", "Relation Name": "cast_info", "Alias": "ci", "Startup Cost": 0.0, "Total Cost": 66781.24, "Plan Rows": 1223154, "Plan Width": 8, "Filter": "((note)::text = ANY ('{(writer),\"(head writer)\",\"(written by)\",(story),\"(story editor)\"}'::text[]))"}]}, {"Node Type": "Materialize", "Parent Relationship": "Inner", "Startup Cost": 0.0, "Total Cost": 393767.17, "Plan Rows": 1044, "Plan Width": 76, "Plans": [{"Node Type": "Streaming(type: LOCAL REDISTRIBUTE dop: 16/16)", "Parent Relationship": "Outer", "Startup Cost": 0.0, "Total Cost": 393766.84, "Plan Rows": 1044, "Plan Width": 76, "Plans": [{"Node Type": "Nested Loop", "Parent Relationship": "Outer", "Join Type": "Inner", "Startup Cost": 0.0, "Total Cost": 378762.89, "Plan Rows": 1044, "Plan Width": 76, "Inner Unique": false, "Join Filter": "(mi.movie_id = t.id)", "Plans": [{"Node Type": "Streaming(type: LOCAL REDISTRIBUTE dop: 16/16)", "Parent Relationship": "Outer", "Startup Cost": 0.0, "Total Cost": 43334.25, "Plan Rows": 2528311, "Plan Width": 21, "Plans": [{"Node Type": "Seq Scan", "Parent Relationship": "Outer", "Relation Name": "title", "Alias": "t", "Startup Cost": 0.0, "Total Cost": 18754.32, "Plan Rows": 2528311, "Plan Width": 21}]}, {"Node Type": "Materialize", "Parent Relationship": "Inner", "Startup Cost": 0.0, "Total Cost": 180767.28, "Plan Rows": 1044, "Plan Width": 55, "Plans": [{"Node Type": "Streaming(type: LOCAL REDISTRIBUTE dop: 16/16)", "Parent Relationship": "Outer", "Startup Cost": 0.0, "Total Cost": 180766.95, "Plan Rows": 1044, "Plan Width": 55, "Plans": [{"Node Type": "Nested Loop", "Parent Relationship": "Outer", "Join Type": "Inner", "Startup Cost": 0.0, "Total Cost": 165763.0, "Plan Rows": 1044, "Plan Width": 55, "Inner Unique": false, "Join Filter": "(mi.movie_id = mi_idx.movie_id)", "Plans": [{"Node Type": "Streaming(type: LOCAL REDISTRIBUTE dop: 16/1)", "Parent Relationship": "Outer", "Startup Cost": 0.0, "Total Cost": 62128.78, "Plan Rows": 2717, "Plan Width": 46, "Plans": [{"Node Type": "Nested Loop", "Parent Relationship": "Outer", "Join Type": "Inner", "Startup Cost": 0.0, "Total Cost": 47015.81, "Plan Rows": 2717, "Plan Width": 46, "Inner Unique": false, "Join Filter": "(it1.id = mi.info_type_id)", "Plans": [{"Node Type": "Seq Scan", "Parent Relationship": "Outer", "Relation Name": "info_type", "Alias": "it1", "Startup Cost": 0.0, "Total Cost": 2.4, "Plan Rows": 1, "Plan Width": 4, "Filter": "((info)::text = 'genres'::text)"}, {"Node Type": "Materialize", "Parent Relationship": "Inner", "Startup Cost": 0.0, "Total Cost": 45111.71, "Plan Rows": 190170, "Plan Width": 50, "Plans": [{"Node Type": "Streaming(type: LOCAL GATHER dop: 1/16)", "Parent Relationship": "Outer", "Startup Cost": 0.0, "Total Cost": 44636.28, "Plan Rows": 190170, "Plan Width": 50, "Plans": [{"Node Type": "Seq Scan", "Parent Relationship": "Outer", "Relation Name": "movie_info", "Alias": "mi", "Startup Cost": 0.0, "Total Cost": 40532.03, "Plan Rows": 190170, "Plan Width": 50, "Filter": "((info)::text = ANY ('{Horror,Action,Sci-Fi,Thriller,Crime,War}'::text[]))"}]}]}]}]}, {"Node Type": "Materialize", "Parent Relationship": "Inner", "Startup Cost": 0.0, "Total Cost": 48763.12, "Plan Rows": 345008, "Plan Width": 9, "Plans": [{"Node Type": "Streaming(type: LOCAL REDISTRIBUTE dop: 16/16)", "Parent Relationship": "Outer", "Startup Cost": 0.0, "Total Cost": 48655.3, "Plan Rows": 345008, "Plan Width": 9, "Plans": [{"Node Type": "Nested Loop", "Parent Relationship": "Outer", "Join Type": "Inner", "Startup Cost": 0.0, "Total Cost": 32348.04, "Plan Rows": 345008, "Plan Width": 9, "Inner Unique": false, "Join Filter": "(it2.id = mi_idx.info_type_id), (LLVM Optimized)", "Plans": [{"Node Type": "Streaming(type: BROADCAST dop: 16/1)", "Parent Relationship": "Outer", "Startup Cost": 0.0, "Total Cost": 15002.75, "Plan Rows": 16, "Plan Width": 4, "Plans": [{"Node Type": "Seq Scan", "Parent Relationship": "Outer", "Relation Name": "info_type", "Alias": "it2", "Startup Cost": 0.0, "Total Cost": 2.4, "Plan Rows": 1, "Plan Width": 4, "Filter": "((info)::text = 'votes'::text)"}]}, {"Node Type": "Seq Scan", "Parent Relationship": "Inner", "Relation Name": "movie_info_idx", "Alias": "mi_idx", "Startup Cost": 0.0, "Total Cost": 16267.15, "Plan Rows": 1380034, "Plan Width": 13}]}]}]}]}]}]}]}]}]}]}]}]}]}]}]}]}, "Unique SQL Id": 3913857139, "Planner Runtime": 12}, "explain_analyze_plan": null}, "(16, 127)": {"explain_plan": {"Plan": {"Node Type": "Aggregate", "Strategy": "Plain", "Startup Cost": 7000445600668.71, "Total Cost": 7000445600668.72, "Plan Rows": 1, "Plan Width": 160, "Plans": [{"Node Type": "Nested Loop", "Parent Relationship": "Outer", "Join Type": "Inner", "Startup Cost": 70000000000.0, "Total Cost": 7000445600658.11, "Plan Rows": 1413, "Plan Width": 64, "Inner Unique": false, "Join Filter": "(ci.person_id = n.id)", "Plans": [{"Node Type": "Index Scan", "Parent Relationship": "Outer", "Scan Direction": "Forward", "Index Name": "name_pkey", "Relation Name": "name", "Alias": "n", "Startup Cost": 10000000000.0, "Total Cost": 1000018665147.2, "Plan Rows": 1740714, "Plan Width": 4, "Filter": "((gender)::text = 'm'::text), (LLVM Optimized)"}, {"Node Type": "Materialize", "Parent Relationship": "Inner", "Startup Cost": 60000000000.0, "Total Cost": 6000396777643.75, "Plan Rows": 1155, "Plan Width": 68, "Plans": [{"Node Type": "Nested Loop", "Parent Relationship": "Outer", "Join Type": "Inner", "Startup Cost": 60000000000.0, "Total Cost": 6000396777637.97, "Plan Rows": 1155, "Plan Width": 68, "Inner Unique": false, "Join Filter": "(t.id = ci.movie_id)", "Plans": [{"Node Type": "Index Scan", "Parent Relationship": "Outer", "Scan Direction": "Forward", "Index Name": "person_id_cast_info", "Relation Name": "cast_info", "Alias": "ci", "Startup Cost": 10000000000.0, "Total Cost": 1000193311016.96, "Plan Rows": 1223154, "Plan Width": 8, "Filter": "((note)::text = ANY ('{(writer),\"(head writer)\",\"(written by)\",(story),\"(story editor)\"}'::text[]))"}, {"Node Type": "Materialize", "Parent Relationship": "Inner", "Startup Cost": 50000000000.0, "Total Cost": 5000184312031.98, "Plan Rows": 1044, "Plan Width": 76, "Plans": [{"Node Type": "Nested Loop", "Parent Relationship": "Outer", "Join Type": "Inner", "Startup Cost": 50000000000.0, "Total Cost": 5000184312026.76, "Plan Rows": 1044, "Plan Width": 76, "Inner Unique": false, "Join Filter": "(mi.movie_id = t.id)", "Plans": [{"Node Type": "Index Scan", "Parent Relationship": "Outer", "Scan Direction": "Forward", "Index Name": "title_pkey", "Relation Name": "title", "Alias": "t", "Startup Cost": 10000000000.0, "Total Cost": 1000011012048.91, "Plan Rows": 2528311, "Plan Width": 21}, {"Node Type": "Materialize", "Parent Relationship": "Inner", "Startup Cost": 40000000000.0, "Total Cost": 4000133706630.2, "Plan Rows": 1044, "Plan Width": 55, "Plans": [{"Node Type": "Nested Loop", "Parent Relationship": "Outer", "Join Type": "Inner", "Startup Cost": 40000000000.0, "Total Cost": 4000133706624.98, "Plan Rows": 1044, "Plan Width": 55, "Inner Unique": false, "Join Filter": "(mi.movie_id = mi_idx.movie_id)", "Plans": [{"Node Type": "Nested Loop", "Parent Relationship": "Outer", "Join Type": "Inner", "Startup Cost": 20000000000.0, "Total Cost": 2000004672156.88, "Plan Rows": 345008, "Plan Width": 9, "Inner Unique": true, "Join Filter": "(it2.id = mi_idx.info_type_id), (LLVM Optimized)", "Plans": [{"Node Type": "Index Scan", "Parent Relationship": "Outer", "Scan Direction": "Forward", "Index Name": "movie_id_movie_info_idx", "Relation Name": "movie_info_idx", "Alias": "mi_idx", "Startup Cost": 10000000000.0, "Total Cost": 1000004650035.37, "Plan Rows": 1380034, "Plan Width": 13}, {"Node Type": "Materialize", "Parent Relationship": "Inner", "Startup Cost": 10000000000.0, "Total Cost": 1000000001421.0, "Plan Rows": 1, "Plan Width": 4, "Plans": [{"Node Type": "Index Scan", "Parent Relationship": "Outer", "Scan Direction": "Forward", "Index Name": "info_type_pkey", "Relation Name": "info_type", "Alias": "it2", "Startup Cost": 10000000000.0, "Total Cost": 1000000001421.0, "Plan Rows": 1, "Plan Width": 4, "Filter": "((info)::text = 'votes'::text)"}]}]}, {"Node Type": "Materialize", "Parent Relationship": "Inner", "Startup Cost": 20000000000.0, "Total Cost": 2000114973673.85, "Plan Rows": 2717, "Plan Width": 46, "Plans": [{"Node Type": "Nested Loop", "Parent Relationship": "Outer", "Join Type": "Inner", "Startup Cost": 20000000000.0, "Total Cost": 2000114973660.27, "Plan Rows": 2717, "Plan Width": 46, "Inner Unique": true, "Join Filter": "(it1.id = mi.info_type_id)", "Plans": [{"Node Type": "Index Scan", "Parent Relationship": "Outer", "Scan Direction": "Forward", "Index Name": "movie_id_movie_info", "Relation Name": "movie_info", "Alias": "mi", "Startup Cost": 10000000000.0, "Total Cost": 1000114969386.72, "Plan Rows": 190170, "Plan Width": 50, "Filter": "((info)::text = ANY ('{Horror,Action,Sci-Fi,Thriller,Crime,War}'::text[]))"}, {"Node Type": "Materialize", "Parent Relationship": "Inner", "Startup Cost": 10000000000.0, "Total Cost": 1000000001421.0, "Plan Rows": 1, "Plan Width": 4, "Plans": [{"Node Type": "Index Scan", "Parent Relationship": "Outer", "Scan Direction": "Forward", "Index Name": "info_type_pkey", "Relation Name": "info_type", "Alias": "it1", "Startup Cost": 10000000000.0, "Total Cost": 1000000001421.0, "Plan Rows": 1, "Plan Width": 4, "Filter": "((info)::text = 'genres'::text)"}]}]}]}]}]}]}]}]}]}]}]}, "Unique SQL Id": 3913857139, "Planner Runtime": 6}, "explain_analyze_plan": null}, "(64, 0)": {"explain_plan": {"Plan": {"Node Type": "Aggregate", "Strategy": "Plain", "Startup Cost": 77671.24, "Total Cost": 77671.25, "Plan Rows": 1, "Plan Width": 160, "Plans": [{"Node Type": "Nested Loop", "Parent Relationship": "Outer", "Join Type": "Inner", "Startup Cost": 2.41, "Total Cost": 77660.64, "Plan Rows": 1413, "Plan Width": 64, "Inner Unique": true, "Plans": [{"Node Type": "Nested Loop", "Parent Relationship": "Outer", "Join Type": "Inner", "Startup Cost": 2.41, "Total Cost": 77081.37, "Plan Rows": 1155, "Plan Width": 68, "Inner Unique": false, "Plans": [{"Node Type": "Nested Loop", "Parent Relationship": "Outer", "Join Type": "Inner", "Startup Cost": 2.41, "Total Cost": 76019.74, "Plan Rows": 1044, "Plan Width": 76, "Inner Unique": true, "Join Filter": "(mi.movie_id = t.id)", "Plans": [{"Node Type": "Nested Loop", "Parent Relationship": "Outer", "Join Type": "Inner", "Startup Cost": 2.41, "Total Cost": 75591.55, "Plan Rows": 1044, "Plan Width": 55, "Inner Unique": false, "Join Filter": "(mi_idx.info_type_id = it2.id)", "Plans": [{"Node Type": "Seq Scan", "Parent Relationship": "Outer", "Relation Name": "info_type", "Alias": "it2", "Startup Cost": 0.0, "Total Cost": 2.4, "Plan Rows": 1, "Plan Width": 4, "Filter": "((info)::text = 'votes'::text)"}, {"Node Type": "Materialize", "Parent Relationship": "Inner", "Startup Cost": 2.41, "Total Cost": 75547.4, "Plan Rows": 4175, "Plan Width": 59, "Plans": [{"Node Type": "Nested Loop", "Parent Relationship": "Outer", "Join Type": "Inner", "Startup Cost": 2.41, "Total Cost": 75536.96, "Plan Rows": 4175, "Plan Width": 59, "Inner Unique": false, "Plans": [{"Node Type": "Hash Join", "Parent Relationship": "Outer", "Join Type": "Inner", "Startup Cost": 2.41, "Total Cost": 74048.91, "Plan Rows": 2717, "Plan Width": 46, "Inner Unique": true, "Hash Cond": "(mi.info_type_id = it1.id)", "Plans": [{"Node Type": "Streaming(type: LOCAL GATHER dop: 1/64)", "Parent Relationship": "Outer", "Startup Cost": 0.0, "Total Cost": 73306.19, "Plan Rows": 190170, "Plan Width": 50, "Plans": [{"Node Type": "Seq Scan", "Parent Relationship": "Outer", "Relation Name": "movie_info", "Alias": "mi", "Startup Cost": 0.0, "Total Cost": 69383.01, "Plan Rows": 190170, "Plan Width": 50, "Filter": "((info)::text = ANY ('{Horror,Action,Sci-Fi,Thriller,Crime,War}'::text[]))"}]}, {"Node Type": "Hash", "Parent Relationship": "Inner", "Startup Cost": 2.4, "Total Cost": 2.4, "Plan Rows": 1, "Plan Width": 4, "Plans": [{"Node Type": "Seq Scan", "Parent Relationship": "Outer", "Relation Name": "info_type", "Alias": "it1", "Startup Cost": 0.0, "Total Cost": 2.4, "Plan Rows": 1, "Plan Width": 4, "Filter": "((info)::text = 'genres'::text)"}]}]}, {"Node Type": "Index Scan", "Parent Relationship": "Inner", "Scan Direction": "Forward", "Index Name": "movie_id_movie_info_idx", "Relation Name": "movie_info_idx", "Alias": "mi_idx", "Startup Cost": 0.0, "Total Cost": 0.53, "Plan Rows": 2, "Plan Width": 13, "Index Cond": "(movie_id = mi.movie_id)"}]}]}]}, {"Node Type": "Index Scan", "Parent Relationship": "Inner", "Scan Direction": "Forward", "Index Name": "title_pkey", "Relation Name": "title", "Alias": "t", "Startup Cost": 0.0, "Total Cost": 0.4, "Plan Rows": 1, "Plan Width": 21, "Index Cond": "(id = mi_idx.movie_id)"}]}, {"Node Type": "Index Scan", "Parent Relationship": "Inner", "Scan Direction": "Forward", "Index Name": "movie_id_cast_info", "Relation Name": "cast_info", "Alias": "ci", "Startup Cost": 0.0, "Total Cost": 1.01, "Plan Rows": 1, "Plan Width": 8, "Index Cond": "(movie_id = t.id)", "Filter": "((note)::text = ANY ('{(writer),\"(head writer)\",\"(written by)\",(story),\"(story editor)\"}'::text[]))"}]}, {"Node Type": "Index Scan", "Parent Relationship": "Inner", "Scan Direction": "Forward", "Index Name": "name_pkey", "Relation Name": "name", "Alias": "n", "Startup Cost": 0.0, "Total Cost": 0.49, "Plan Rows": 1, "Plan Width": 4, "Index Cond": "(id = ci.person_id)", "Filter": "((gender)::text = 'm'::text)"}]}]}, "Unique SQL Id": 3913857139, "Planner Runtime": 61}, "explain_analyze_plan": {"Plan": {"Node Type": "Aggregate", "Strategy": "Plain", "Startup Cost": 77671.24, "Total Cost": 77671.25, "Plan Rows": 1, "Plan Width": 160, "Actual Min Startup Time": 9783.508, "Actual Max Startup Time": 9783.508, "Actual Min Total Time": 9783.509, "Actual Max Total Time": 9783.509, "Plans": [{"Node Type": "Nested Loop", "Parent Relationship": "Outer", "Join Type": "Inner", "Startup Cost": 2.41, "Total Cost": 77660.64, "Plan Rows": 1413, "Plan Width": 64, "Actual Min Startup Time": 1152.408, "Actual Max Startup Time": 1152.408, "Actual Min Total Time": 9742.428, "Actual Max Total Time": 9742.428, "Inner Unique": true, "Plans": [{"Node Type": "Nested Loop", "Parent Relationship": "Outer", "Join Type": "Inner", "Startup Cost": 2.41, "Total Cost": 77081.37, "Plan Rows": 1155, "Plan Width": 68, "Actual Min Startup Time": 1151.067, "Actual Max Startup Time": 1151.067, "Actual Min Total Time": 9371.761, "Actual Max Total Time": 9371.761, "Inner Unique": false, "Plans": [{"Node Type": "Nested Loop", "Parent Relationship": "Outer", "Join Type": "Inner", "Startup Cost": 2.41, "Total Cost": 76019.74, "Plan Rows": 1044, "Plan Width": 76, "Actual Min Startup Time": 1150.588, "Actual Max Startup Time": 1150.588, "Actual Min Total Time": 1851.533, "Actual Max Total Time": 1851.533, "Inner Unique": true, "Join Filter": "(mi.movie_id = t.id)", "Rows Removed by Join Filter": 0, "Plans": [{"Node Type": "Nested Loop", "Parent Relationship": "Outer", "Join Type": "Inner", "Startup Cost": 2.41, "Total Cost": 75591.55, "Plan Rows": 1044, "Plan Width": 55, "Actual Min Startup Time": 1150.561, "Actual Max Startup Time": 1150.561, "Actual Min Total Time": 1313.622, "Actual Max Total Time": 1313.622, "Inner Unique": false, "Join Filter": "(mi_idx.info_type_id = it2.id)", "Rows Removed by Join Filter": 205269, "Plans": [{"Node Type": "Seq Scan", "Parent Relationship": "Outer", "Relation Name": "info_type", "Alias": "it2", "Startup Cost": 0.0, "Total Cost": 2.4, "Plan Rows": 1, "Plan Width": 4, "Actual Min Startup Time": 0.056, "Actual Max Startup Time": 0.056, "Actual Min Total Time": 0.069, "Actual Max Total Time": 0.069, "Filter": "((info)::text = 'votes'::text)", "Rows Removed by Filter": 111, "Actual Rows": 1}, {"Node Type": "Materialize", "Parent Relationship": "Inner", "Startup Cost": 2.41, "Total Cost": 75547.4, "Plan Rows": 4175, "Plan Width": 59, "Actual Min Startup Time": 1150.491, "Actual Max Startup Time": 1150.491, "Actual Min Total Time": 1199.666, "Actual Max Total Time": 1199.666, "Plans": [{"Node Type": "Nested Loop", "Parent Relationship": "Outer", "Join Type": "Inner", "Startup Cost": 2.41, "Total Cost": 75536.96, "Plan Rows": 4175, "Plan Width": 59, "Actual Min Startup Time": 140.729, "Actual Max Startup Time": 140.729, "Actual Min Total Time": 1061.537, "Actual Max Total Time": 1061.537, "Inner Unique": false, "Plans": [{"Node Type": "Hash Join", "Parent Relationship": "Outer", "Join Type": "Inner", "Startup Cost": 2.41, "Total Cost": 74048.91, "Plan Rows": 2717, "Plan Width": 46, "Actual Min Startup Time": 140.692, "Actual Max Startup Time": 140.692, "Actual Min Total Time": 290.405, "Actual Max Total Time": 290.405, "Inner Unique": true, "Hash Cond": "(mi.info_type_id = it1.id)", "Plans": [{"Node Type": "Streaming(type: LOCAL GATHER dop: 1/64)", "Parent Relationship": "Outer", "Startup Cost": 0.0, "Total Cost": 73306.19, "Plan Rows": 190170, "Plan Width": 50, "Actual Min Startup Time": 122.916, "Actual Max Startup Time": 122.916, "Actual Min Total Time": 196.412, "Actual Max Total Time": 196.412, "Plans": [{"Node Type": "Seq Scan", "Parent Relationship": "Outer", "Relation Name": "movie_info", "Alias": "mi", "Startup Cost": 0.0, "Total Cost": 69383.01, "Plan Rows": 190170, "Plan Width": 50, "Actual Min Startup Time": 55.514, "Actual Max Startup Time": 109.982, "Actual Min Total Time": 109.636, "Actual Max Total Time": 142.334, "Filter": "((info)::text = ANY ('{Horror,Action,Sci-Fi,Thriller,Crime,War}'::text[]))", "Rows Removed by Filter": 14646748, "Actual Rows": 188971}], "Actual Rows": 188971}, {"Node Type": "Hash", "Parent Relationship": "Inner", "Startup Cost": 2.4, "Total Cost": 2.4, "Plan Rows": 1, "Plan Width": 4, "Actual Min Startup Time": 0.096, "Actual Max Startup Time": 0.096, "Actual Min Total Time": 0.096, "Actual Max Total Time": 0.096, "Max Hash Buckets": 32768, "Min Hash Buckets": 32768, "Max Hash Batches": 1, "Min Hash Batches": 1, "Max Original Hash Batches": 1, "Min Original Hash Batches": 1, "Max Peak Memory Usage": 1, "min Peak Memory Usage": 1, "Plans": [{"Node Type": "Seq Scan", "Parent Relationship": "Outer", "Relation Name": "info_type", "Alias": "it1", "Startup Cost": 0.0, "Total Cost": 2.4, "Plan Rows": 1, "Plan Width": 4, "Actual Min Startup Time": 0.063, "Actual Max Startup Time": 0.063, "Actual Min Total Time": 0.087, "Actual Max Total Time": 0.087, "Filter": "((info)::text = 'genres'::text)", "Rows Removed by Filter": 111, "Actual Rows": 1}], "Actual Rows": 1}], "Actual Rows": 186594}, {"Node Type": "Index Scan", "Parent Relationship": "Inner", "Scan Direction": "Forward", "Index Name": "movie_id_movie_info_idx", "Relation Name": "movie_info_idx", "Alias": "mi_idx", "Startup Cost": 0.0, "Total Cost": 0.53, "Plan Rows": 2, "Plan Width": 13, "Actual Min Startup Time": 504.384, "Actual Max Startup Time": 504.384, "Actual Min Total Time": 617.621, "Actual Max Total Time": 617.621, "Index Cond": "(movie_id = mi.movie_id)", "Rows Removed by Index Recheck": 0, "Actual Rows": 307785}], "Actual Rows": 307785}], "Actual Rows": 307786}], "Actual Rows": 102516}, {"Node Type": "Index Scan", "Parent Relationship": "Inner", "Scan Direction": "Forward", "Index Name": "title_pkey", "Relation Name": "title", "Alias": "t", "Startup Cost": 0.0, "Total Cost": 0.4, "Plan Rows": 1, "Plan Width": 21, "Actual Min Startup Time": 428.079, "Actual Max Startup Time": 428.079, "Actual Min Total Time": 428.079, "Actual Max Total Time": 428.079, "Index Cond": "(id = mi_idx.movie_id)", "Rows Removed by Index Recheck": 0, "Actual Rows": 102516}], "Actual Rows": 102516}, {"Node Type": "Index Scan", "Parent Relationship": "Inner", "Scan Direction": "Forward", "Index Name": "movie_id_cast_info", "Relation Name": "cast_info", "Alias": "ci", "Startup Cost": 0.0, "Total Cost": 1.01, "Plan Rows": 1, "Plan Width": 8, "Actual Min Startup Time": 6347.806, "Actual Max Startup Time": 6347.806, "Actual Min Total Time": 7447.163, "Actual Max Total Time": 7447.163, "Index Cond": "(movie_id = t.id)", "Rows Removed by Index Recheck": 0, "Filter": "((note)::text = ANY ('{(writer),\"(head writer)\",\"(written by)\",(story),\"(story editor)\"}'::text[]))", "Rows Removed by Filter": 3987641, "Actual Rows": 54155}], "Actual Rows": 54155}, {"Node Type": "Index Scan", "Parent Relationship": "Inner", "Scan Direction": "Forward", "Index Name": "name_pkey", "Relation Name": "name", "Alias": "n", "Startup Cost": 0.0, "Total Cost": 0.49, "Plan Rows": 1, "Plan Width": 4, "Actual Min Startup Time": 324.179, "Actual Max Startup Time": 324.179, "Actual Min Total Time": 324.179, "Actual Max Total Time": 324.179, "Index Cond": "(id = ci.person_id)", "Rows Removed by Index Recheck": 0, "Filter": "((gender)::text = 'm'::text)", "Rows Removed by Filter": 26082, "Actual Rows": 28073}], "Actual Rows": 28073}], "Actual Rows": 1}, "Triggers": [], "Planner Runtime": 48, "Total Runtime": 9795.194, "Unique SQL Id": 3913857139}}, "(64, 1)": {"explain_plan": {"Plan": {"Node Type": "Aggregate", "Strategy": "Plain", "Startup Cost": 168618.05, "Total Cost": 168618.06, "Plan Rows": 1, "Plan Width": 160, "Plans": [{"Node Type": "Nested Loop", "Parent Relationship": "Outer", "Join Type": "Inner", "Startup Cost": 4842.14, "Total Cost": 168607.45, "Plan Rows": 1413, "Plan Width": 64, "Inner Unique": true, "Plans": [{"Node Type": "Nested Loop", "Parent Relationship": "Outer", "Join Type": "Inner", "Startup Cost": 4842.14, "Total Cost": 168028.19, "Plan Rows": 1155, "Plan Width": 68, "Inner Unique": false, "Plans": [{"Node Type": "Nested Loop", "Parent Relationship": "Outer", "Join Type": "Inner", "Startup Cost": 4842.14, "Total Cost": 166966.55, "Plan Rows": 1044, "Plan Width": 76, "Inner Unique": true, "Join Filter": "(mi.movie_id = t.id)", "Plans": [{"Node Type": "Nested Loop", "Parent Relationship": "Outer", "Join Type": "Inner", "Startup Cost": 4842.14, "Total Cost": 166538.36, "Plan Rows": 1044, "Plan Width": 55, "Inner Unique": false, "Join Filter": "(mi_idx.info_type_id = it2.id)", "Plans": [{"Node Type": "Index Scan", "Parent Relationship": "Outer", "Scan Direction": "Forward", "Index Name": "info_type_pkey", "Relation Name": "info_type", "Alias": "it2", "Startup Cost": 0.0, "Total Cost": 14.21, "Plan Rows": 1, "Plan Width": 4, "Filter": "((info)::text = 'votes'::text)"}, {"Node Type": "Nested Loop", "Parent Relationship": "Inner", "Join Type": "Inner", "Startup Cost": 4842.14, "Total Cost": 166471.96, "Plan Rows": 4175, "Plan Width": 59, "Inner Unique": false, "Plans": [{"Node Type": "Nested Loop", "Parent Relationship": "Outer", "Join Type": "Inner", "Startup Cost": 4842.14, "Total Cost": 164983.91, "Plan Rows": 2717, "Plan Width": 46, "Inner Unique": false, "Plans": [{"Node Type": "Index Scan", "Parent Relationship": "Outer", "Scan Direction": "Forward", "Index Name": "info_type_pkey", "Relation Name": "info_type", "Alias": "it1", "Startup Cost": 0.0, "Total Cost": 14.21, "Plan Rows": 1, "Plan Width": 4, "Filter": "((info)::text = 'genres'::text)"}, {"Node Type": "Bitmap Heap Scan", "Parent Relationship": "Inner", "Relation Name": "movie_info", "Alias": "mi", "Startup Cost": 4842.14, "Total Cost": 164942.53, "Plan Rows": 2717, "Plan Width": 50, "Recheck Cond": "(info_type_id = it1.id)", "Filter": "((info)::text = ANY ('{Horror,Action,Sci-Fi,Thriller,Crime,War}'::text[]))", "Plans": [{"Node Type": "Bitmap Index Scan", "Parent Relationship": "Outer", "Index Name": "info_type_id_movie_info", "Startup Cost": 0.0, "Total Cost": 4841.46, "Plan Rows": 212428, "Plan Width": 0, "Index Cond": "(info_type_id = it1.id)"}]}]}, {"Node Type": "Index Scan", "Parent Relationship": "Inner", "Scan Direction": "Forward", "Index Name": "movie_id_movie_info_idx", "Relation Name": "movie_info_idx", "Alias": "mi_idx", "Startup Cost": 0.0, "Total Cost": 0.53, "Plan Rows": 2, "Plan Width": 13, "Index Cond": "(movie_id = mi.movie_id)"}]}]}, {"Node Type": "Index Scan", "Parent Relationship": "Inner", "Scan Direction": "Forward", "Index Name": "title_pkey", "Relation Name": "title", "Alias": "t", "Startup Cost": 0.0, "Total Cost": 0.4, "Plan Rows": 1, "Plan Width": 21, "Index Cond": "(id = mi_idx.movie_id)"}]}, {"Node Type": "Index Scan", "Parent Relationship": "Inner", "Scan Direction": "Forward", "Index Name": "movie_id_cast_info", "Relation Name": "cast_info", "Alias": "ci", "Startup Cost": 0.0, "Total Cost": 1.01, "Plan Rows": 1, "Plan Width": 8, "Index Cond": "(movie_id = t.id)", "Filter": "((note)::text = ANY ('{(writer),\"(head writer)\",\"(written by)\",(story),\"(story editor)\"}'::text[]))"}]}, {"Node Type": "Index Scan", "Parent Relationship": "Inner", "Scan Direction": "Forward", "Index Name": "name_pkey", "Relation Name": "name", "Alias": "n", "Startup Cost": 0.0, "Total Cost": 0.49, "Plan Rows": 1, "Plan Width": 4, "Index Cond": "(id = ci.person_id)", "Filter": "((gender)::text = 'm'::text)"}]}]}, "Unique SQL Id": 3913857139, "Planner Runtime": 30}, "explain_analyze_plan": {"Plan": {"Node Type": "Aggregate", "Strategy": "Plain", "Startup Cost": 168618.05, "Total Cost": 168618.06, "Plan Rows": 1, "Plan Width": 160, "Actual Startup Time": 10871.729, "Actual Total Time": 10871.73, "Actual Rows": 1, "Actual Loops": 1, "Plans": [{"Node Type": "Nested Loop", "Parent Relationship": "Outer", "Join Type": "Inner", "Startup Cost": 4842.14, "Total Cost": 168607.45, "Plan Rows": 1413, "Plan Width": 64, "Actual Startup Time": 183.736, "Actual Total Time": 10828.733, "Actual Rows": 28073, "Actual Loops": 1, "Inner Unique": true, "Plans": [{"Node Type": "Nested Loop", "Parent Relationship": "Outer", "Join Type": "Inner", "Startup Cost": 4842.14, "Total Cost": 168028.19, "Plan Rows": 1155, "Plan Width": 68, "Actual Startup Time": 181.465, "Actual Total Time": 10439.312, "Actual Rows": 54155, "Actual Loops": 1, "Inner Unique": false, "Plans": [{"Node Type": "Nested Loop", "Parent Relationship": "Outer", "Join Type": "Inner", "Startup Cost": 4842.14, "Total Cost": 166966.55, "Plan Rows": 1044, "Plan Width": 76, "Actual Startup Time": 178.889, "Actual Total Time": 2614.121, "Actual Rows": 102516, "Actual Loops": 1, "Inner Unique": true, "Join Filter": "(mi.movie_id = t.id)", "Rows Removed by Join Filter": 0, "Plans": [{"Node Type": "Nested Loop", "Parent Relationship": "Outer", "Join Type": "Inner", "Startup Cost": 4842.14, "Total Cost": 166538.36, "Plan Rows": 1044, "Plan Width": 55, "Actual Startup Time": 178.871, "Actual Total Time": 2084.288, "Actual Rows": 102516, "Actual Loops": 1, "Inner Unique": false, "Join Filter": "(mi_idx.info_type_id = it2.id)", "Rows Removed by Join Filter": 205269, "Plans": [{"Node Type": "Index Scan", "Parent Relationship": "Outer", "Scan Direction": "Forward", "Index Name": "info_type_pkey", "Relation Name": "info_type", "Alias": "it2", "Startup Cost": 0.0, "Total Cost": 14.21, "Plan Rows": 1, "Plan Width": 4, "Actual Startup Time": 0.061, "Actual Total Time": 0.073, "Actual Rows": 1, "Actual Loops": 1, "Filter": "((info)::text = 'votes'::text)", "Rows Removed by Filter": 111}, {"Node Type": "Nested Loop", "Parent Relationship": "Inner", "Join Type": "Inner", "Startup Cost": 4842.14, "Total Cost": 166471.96, "Plan Rows": 4175, "Plan Width": 59, "Actual Startup Time": 178.797, "Actual Total Time": 1996.662, "Actual Rows": 307785, "Actual Loops": 1, "Inner Unique": false, "Plans": [{"Node Type": "Nested Loop", "Parent Relationship": "Outer", "Join Type": "Inner", "Startup Cost": 4842.14, "Total Cost": 164983.91, "Plan Rows": 2717, "Plan Width": 46, "Actual Startup Time": 178.766, "Actual Total Time": 1150.098, "Actual Rows": 186594, "Actual Loops": 1, "Inner Unique": false, "Plans": [{"Node Type": "Index Scan", "Parent Relationship": "Outer", "Scan Direction": "Forward", "Index Name": "info_type_pkey", "Relation Name": "info_type", "Alias": "it1", "Startup Cost": 0.0, "Total Cost": 14.21, "Plan Rows": 1, "Plan Width": 4, "Actual Startup Time": 0.009, "Actual Total Time": 0.157, "Actual Rows": 1, "Actual Loops": 1, "Filter": "((info)::text = 'genres'::text)", "Rows Removed by Filter": 111}, {"Node Type": "Bitmap Heap Scan", "Parent Relationship": "Inner", "Relation Name": "movie_info", "Alias": "mi", "Startup Cost": 4842.14, "Total Cost": 164942.53, "Plan Rows": 2717, "Plan Width": 50, "Actual Startup Time": 178.751, "Actual Total Time": 1106.147, "Actual Rows": 186594, "Actual Loops": 1, "Recheck Cond": "(info_type_id = it1.id)", "Rows Removed by Index Recheck": 0, "Filter": "((info)::text = ANY ('{Horror,Action,Sci-Fi,Thriller,Crime,War}'::text[]))", "Rows Removed by Filter": 1347315, "Exact Heap Blocks": 7426, "Lossy Heap Blocks": 7426, "Plans": [{"Node Type": "Bitmap Index Scan", "Parent Relationship": "Outer", "Index Name": "info_type_id_movie_info", "Startup Cost": 0.0, "Total Cost": 4841.46, "Plan Rows": 212428, "Plan Width": 0, "Actual Startup Time": 177.343, "Actual Total Time": 177.343, "Actual Rows": 1533909, "Actual Loops": 1, "Index Cond": "(info_type_id = it1.id)"}]}]}, {"Node Type": "Index Scan", "Parent Relationship": "Inner", "Scan Direction": "Forward", "Index Name": "movie_id_movie_info_idx", "Relation Name": "movie_info_idx", "Alias": "mi_idx", "Startup Cost": 0.0, "Total Cost": 0.53, "Plan Rows": 2, "Plan Width": 13, "Actual Startup Time": 549.734, "Actual Total Time": 669.064, "Actual Rows": 307785, "Actual Loops": 186594, "Index Cond": "(movie_id = mi.movie_id)", "Rows Removed by Index Recheck": 0}]}]}, {"Node Type": "Index Scan", "Parent Relationship": "Inner", "Scan Direction": "Forward", "Index Name": "title_pkey", "Relation Name": "title", "Alias": "t", "Startup Cost": 0.0, "Total Cost": 0.4, "Plan Rows": 1, "Plan Width": 21, "Actual Startup Time": 418.676, "Actual Total Time": 418.676, "Actual Rows": 102516, "Actual Loops": 102516, "Index Cond": "(id = mi_idx.movie_id)", "Rows Removed by Index Recheck": 0}]}, {"Node Type": "Index Scan", "Parent Relationship": "Inner", "Scan Direction": "Forward", "Index Name": "movie_id_cast_info", "Relation Name": "cast_info", "Alias": "ci", "Startup Cost": 0.0, "Total Cost": 1.01, "Plan Rows": 1, "Plan Width": 8, "Actual Startup Time": 6602.685, "Actual Total Time": 7750.361, "Actual Rows": 54155, "Actual Loops": 102516, "Index Cond": "(movie_id = t.id)", "Rows Removed by Index Recheck": 0, "Filter": "((note)::text = ANY ('{(writer),\"(head writer)\",\"(written by)\",(story),\"(story editor)\"}'::text[]))", "Rows Removed by Filter": 3987641}]}, {"Node Type": "Index Scan", "Parent Relationship": "Inner", "Scan Direction": "Forward", "Index Name": "name_pkey", "Relation Name": "name", "Alias": "n", "Startup Cost": 0.0, "Total Cost": 0.49, "Plan Rows": 1, "Plan Width": 4, "Actual Startup Time": 340.016, "Actual Total Time": 340.016, "Actual Rows": 28073, "Actual Loops": 54155, "Index Cond": "(id = ci.person_id)", "Rows Removed by Index Recheck": 0, "Filter": "((gender)::text = 'm'::text)", "Rows Removed by Filter": 26082}]}]}, "Triggers": [], "Planner Runtime": 7, "Total Runtime": 10872.055, "Unique SQL Id": 3913857139}}, "(64, 2)": {"explain_plan": {"Plan": {"Node Type": "Aggregate", "Strategy": "Plain", "Startup Cost": 100448.81, "Total Cost": 100448.82, "Plan Rows": 1, "Plan Width": 160, "Plans": [{"Node Type": "Nested Loop", "Parent Relationship": "Outer", "Join Type": "Inner", "Startup Cost": 3.89, "Total Cost": 100438.21, "Plan Rows": 1413, "Plan Width": 64, "Inner Unique": true, "Plans": [{"Node Type": "Nested Loop", "Parent Relationship": "Outer", "Join Type": "Inner", "Startup Cost": 3.58, "Total Cost": 95432.79, "Plan Rows": 1155, "Plan Width": 68, "Inner Unique": false, "Plans": [{"Node Type": "Nested Loop", "Parent Relationship": "Outer", "Join Type": "Inner", "Startup Cost": 3.06, "Total Cost": 90590.12, "Plan Rows": 1044, "Plan Width": 76, "Inner Unique": true, "Join Filter": "(mi.movie_id = t.id)", "Plans": [{"Node Type": "Nested Loop", "Parent Relationship": "Outer", "Join Type": "Inner", "Startup Cost": 2.78, "Total Cost": 86090.93, "Plan Rows": 1044, "Plan Width": 55, "Inner Unique": false, "Join Filter": "(mi_idx.info_type_id = it2.id)", "Plans": [{"Node Type": "Seq Scan", "Parent Relationship": "Outer", "Relation Name": "info_type", "Alias": "it2", "Startup Cost": 0.0, "Total Cost": 2.4, "Plan Rows": 1, "Plan Width": 4, "Filter": "((info)::text = 'votes'::text)"}, {"Node Type": "Materialize", "Parent Relationship": "Inner", "Startup Cost": 2.78, "Total Cost": 86046.78, "Plan Rows": 4175, "Plan Width": 59, "Plans": [{"Node Type": "Nested Loop", "Parent Relationship": "Outer", "Join Type": "Inner", "Startup Cost": 2.78, "Total Cost": 86036.34, "Plan Rows": 4175, "Plan Width": 59, "Inner Unique": false, "Plans": [{"Node Type": "Hash Join", "Parent Relationship": "Outer", "Join Type": "Inner", "Startup Cost": 2.41, "Total Cost": 74048.91, "Plan Rows": 2717, "Plan Width": 46, "Inner Unique": true, "Hash Cond": "(mi.info_type_id = it1.id)", "Plans": [{"Node Type": "Streaming(type: LOCAL GATHER dop: 1/64)", "Parent Relationship": "Outer", "Startup Cost": 0.0, "Total Cost": 73306.19, "Plan Rows": 190170, "Plan Width": 50, "Plans": [{"Node Type": "Seq Scan", "Parent Relationship": "Outer", "Relation Name": "movie_info", "Alias": "mi", "Startup Cost": 0.0, "Total Cost": 69383.01, "Plan Rows": 190170, "Plan Width": 50, "Filter": "((info)::text = ANY ('{Horror,Action,Sci-Fi,Thriller,Crime,War}'::text[]))"}]}, {"Node Type": "Hash", "Parent Relationship": "Inner", "Startup Cost": 2.4, "Total Cost": 2.4, "Plan Rows": 1, "Plan Width": 4, "Plans": [{"Node Type": "Seq Scan", "Parent Relationship": "Outer", "Relation Name": "info_type", "Alias": "it1", "Startup Cost": 0.0, "Total Cost": 2.4, "Plan Rows": 1, "Plan Width": 4, "Filter": "((info)::text = 'genres'::text)"}]}]}, {"Node Type": "Bitmap Heap Scan", "Parent Relationship": "Inner", "Relation Name": "movie_info_idx", "Alias": "mi_idx", "Startup Cost": 0.37, "Total Cost": 4.39, "Plan Rows": 2, "Plan Width": 13, "Recheck Cond": "(movie_id = mi.movie_id)", "Plans": [{"Node Type": "Bitmap Index Scan", "Parent Relationship": "Outer", "Index Name": "movie_id_movie_info_idx", "Startup Cost": 0.0, "Total Cost": 0.37, "Plan Rows": 2, "Plan Width": 0, "Index Cond": "(movie_id = mi.movie_id)"}]}]}]}]}, {"Node Type": "Bitmap Heap Scan", "Parent Relationship": "Inner", "Relation Name": "title", "Alias": "t", "Startup Cost": 0.28, "Total Cost": 4.3, "Plan Rows": 1, "Plan Width": 21, "Recheck Cond": "(id = mi_idx.movie_id)", "Plans": [{"Node Type": "Bitmap Index Scan", "Parent Relationship": "Outer", "Index Name": "title_pkey", "Startup Cost": 0.0, "Total Cost": 0.28, "Plan Rows": 1, "Plan Width": 0, "Index Cond": "(id = mi_idx.movie_id)"}]}]}, {"Node Type": "Bitmap Heap Scan", "Parent Relationship": "Inner", "Relation Name": "cast_info", "Alias": "ci", "Startup Cost": 0.52, "Total Cost": 4.63, "Plan Rows": 1, "Plan Width": 8, "Recheck Cond": "(movie_id = t.id)", "Filter": "((note)::text = ANY ('{(writer),\"(head writer)\",\"(written by)\",(story),\"(story editor)\"}'::text[]))", "Plans": [{"Node Type": "Bitmap Index Scan", "Parent Relationship": "Outer", "Index Name": "movie_id_cast_info", "Startup Cost": 0.0, "Total Cost": 0.52, "Plan Rows": 6, "Plan Width": 0, "Index Cond": "(movie_id = t.id)"}]}]}, {"Node Type": "Bitmap Heap Scan", "Parent Relationship": "Inner", "Relation Name": "name", "Alias": "n", "Startup Cost": 0.31, "Total Cost": 4.32, "Plan Rows": 1, "Plan Width": 4, "Recheck Cond": "(id = ci.person_id)", "Filter": "((gender)::text = 'm'::text)", "Plans": [{"Node Type": "Bitmap Index Scan", "Parent Relationship": "Outer", "Index Name": "name_pkey", "Startup Cost": 0.0, "Total Cost": 0.31, "Plan Rows": 1, "Plan Width": 0, "Index Cond": "(id = ci.person_id)"}]}]}]}, "Unique SQL Id": 3913857139, "Planner Runtime": 76}, "explain_analyze_plan": {"Plan": {"Node Type": "Aggregate", "Strategy": "Plain", "Startup Cost": 100448.81, "Total Cost": 100448.82, "Plan Rows": 1, "Plan Width": 160, "Actual Min Startup Time": 12910.383, "Actual Max Startup Time": 12910.383, "Actual Min Total Time": 12910.384, "Actual Max Total Time": 12910.384, "Plans": [{"Node Type": "Nested Loop", "Parent Relationship": "Outer", "Join Type": "Inner", "Startup Cost": 3.89, "Total Cost": 100438.21, "Plan Rows": 1413, "Plan Width": 64, "Actual Min Startup Time": 1409.932, "Actual Max Startup Time": 1409.932, "Actual Min Total Time": 12862.925, "Actual Max Total Time": 12862.925, "Inner Unique": true, "Plans": [{"Node Type": "Nested Loop", "Parent Relationship": "Outer", "Join Type": "Inner", "Startup Cost": 3.58, "Total Cost": 95432.79, "Plan Rows": 1155, "Plan Width": 68, "Actual Min Startup Time": 1408.337, "Actual Max Startup Time": 1408.337, "Actual Min Total Time": 12355.647, "Actual Max Total Time": 12355.647, "Inner Unique": false, "Plans": [{"Node Type": "Nested Loop", "Parent Relationship": "Outer", "Join Type": "Inner", "Startup Cost": 3.06, "Total Cost": 90590.12, "Plan Rows": 1044, "Plan Width": 76, "Actual Min Startup Time": 1407.755, "Actual Max Startup Time": 1407.755, "Actual Min Total Time": 2366.475, "Actual Max Total Time": 2366.475, "Inner Unique": true, "Join Filter": "(mi.movie_id = t.id)", "Rows Removed by Join Filter": 0, "Plans": [{"Node Type": "Nested Loop", "Parent Relationship": "Outer", "Join Type": "Inner", "Startup Cost": 2.78, "Total Cost": 86090.93, "Plan Rows": 1044, "Plan Width": 55, "Actual Min Startup Time": 1407.708, "Actual Max Startup Time": 1407.708, "Actual Min Total Time": 1575.428, "Actual Max Total Time": 1575.428, "Inner Unique": false, "Join Filter": "(mi_idx.info_type_id = it2.id)", "Rows Removed by Join Filter": 205269, "Plans": [{"Node Type": "Seq Scan", "Parent Relationship": "Outer", "Relation Name": "info_type", "Alias": "it2", "Startup Cost": 0.0, "Total Cost": 2.4, "Plan Rows": 1, "Plan Width": 4, "Actual Min Startup Time": 0.156, "Actual Max Startup Time": 0.156, "Actual Min Total Time": 0.17, "Actual Max Total Time": 0.17, "Filter": "((info)::text = 'votes'::text)", "Rows Removed by Filter": 111, "Actual Rows": 1}, {"Node Type": "Materialize", "Parent Relationship": "Inner", "Startup Cost": 2.78, "Total Cost": 86046.78, "Plan Rows": 4175, "Plan Width": 59, "Actual Min Startup Time": 1407.53, "Actual Max Startup Time": 1407.53, "Actual Min Total Time": 1456.3, "Actual Max Total Time": 1456.3, "Plans": [{"Node Type": "Nested Loop", "Parent Relationship": "Outer", "Join Type": "Inner", "Startup Cost": 2.78, "Total Cost": 86036.34, "Plan Rows": 4175, "Plan Width": 59, "Actual Min Startup Time": 137.975, "Actual Max Startup Time": 137.975, "Actual Min Total Time": 1318.53, "Actual Max Total Time": 1318.53, "Inner Unique": false, "Plans": [{"Node Type": "Hash Join", "Parent Relationship": "Outer", "Join Type": "Inner", "Startup Cost": 2.41, "Total Cost": 74048.91, "Plan Rows": 2717, "Plan Width": 46, "Actual Min Startup Time": 137.912, "Actual Max Startup Time": 137.912, "Actual Min Total Time": 307.269, "Actual Max Total Time": 307.269, "Inner Unique": true, "Hash Cond": "(mi.info_type_id = it1.id)", "Plans": [{"Node Type": "Streaming(type: LOCAL GATHER dop: 1/64)", "Parent Relationship": "Outer", "Startup Cost": 0.0, "Total Cost": 73306.19, "Plan Rows": 190170, "Plan Width": 50, "Actual Min Startup Time": 137.751, "Actual Max Startup Time": 137.751, "Actual Min Total Time": 206.759, "Actual Max Total Time": 206.759, "Plans": [{"Node Type": "Seq Scan", "Parent Relationship": "Outer", "Relation Name": "movie_info", "Alias": "mi", "Startup Cost": 0.0, "Total Cost": 69383.01, "Plan Rows": 190170, "Plan Width": 50, "Actual Min Startup Time": 55.52, "Actual Max Startup Time": 129.351, "Actual Min Total Time": 110.225, "Actual Max Total Time": 140.319, "Filter": "((info)::text = ANY ('{Horror,Action,Sci-Fi,Thriller,Crime,War}'::text[]))", "Rows Removed by Filter": 14646748, "Actual Rows": 188971}], "Actual Rows": 188971}, {"Node Type": "Hash", "Parent Relationship": "Inner", "Startup Cost": 2.4, "Total Cost": 2.4, "Plan Rows": 1, "Plan Width": 4, "Actual Min Startup Time": 0.088, "Actual Max Startup Time": 0.088, "Actual Min Total Time": 0.088, "Actual Max Total Time": 0.088, "Max Hash Buckets": 32768, "Min Hash Buckets": 32768, "Max Hash Batches": 1, "Min Hash Batches": 1, "Max Original Hash Batches": 1, "Min Original Hash Batches": 1, "Max Peak Memory Usage": 1, "min Peak Memory Usage": 1, "Plans": [{"Node Type": "Seq Scan", "Parent Relationship": "Outer", "Relation Name": "info_type", "Alias": "it1", "Startup Cost": 0.0, "Total Cost": 2.4, "Plan Rows": 1, "Plan Width": 4, "Actual Min Startup Time": 0.052, "Actual Max Startup Time": 0.052, "Actual Min Total Time": 0.076, "Actual Max Total Time": 0.076, "Filter": "((info)::text = 'genres'::text)", "Rows Removed by Filter": 111, "Actual Rows": 1}], "Actual Rows": 1}], "Actual Rows": 186594}, {"Node Type": "Bitmap Heap Scan", "Parent Relationship": "Inner", "Relation Name": "movie_info_idx", "Alias": "mi_idx", "Startup Cost": 0.37, "Total Cost": 4.39, "Plan Rows": 2, "Plan Width": 13, "Actual Min Startup Time": 699.828, "Actual Max Startup Time": 699.828, "Actual Min Total Time": 741.696, "Actual Max Total Time": 741.696, "Recheck Cond": "(movie_id = mi.movie_id)", "Rows Removed by Index Recheck": 0, "Exact Heap Blocks": 103610, "Lossy Heap Blocks": 103610, "Plans": [{"Node Type": "Bitmap Index Scan", "Parent Relationship": "Outer", "Index Name": "movie_id_movie_info_idx", "Startup Cost": 0.0, "Total Cost": 0.37, "Plan Rows": 2, "Plan Width": 0, "Actual Min Startup Time": 470.017, "Actual Max Startup Time": 470.017, "Actual Min Total Time": 470.017, "Actual Max Total Time": 470.017, "Index Cond": "(movie_id = mi.movie_id)", "Actual Rows": 307785}], "Actual Rows": 307785}], "Actual Rows": 307785}], "Actual Rows": 307786}], "Actual Rows": 102516}, {"Node Type": "Bitmap Heap Scan", "Parent Relationship": "Inner", "Relation Name": "title", "Alias": "t", "Startup Cost": 0.28, "Total Cost": 4.3, "Plan Rows": 1, "Plan Width": 21, "Actual Min Startup Time": 595.953, "Actual Max Startup Time": 595.953, "Actual Min Total Time": 595.953, "Actual Max Total Time": 595.953, "Recheck Cond": "(id = mi_idx.movie_id)", "Rows Removed by Index Recheck": 0, "Exact Heap Blocks": 102516, "Lossy Heap Blocks": 102516, "Plans": [{"Node Type": "Bitmap Index Scan", "Parent Relationship": "Outer", "Index Name": "title_pkey", "Startup Cost": 0.0, "Total Cost": 0.28, "Plan Rows": 1, "Plan Width": 0, "Actual Min Startup Time": 327.784, "Actual Max Startup Time": 327.784, "Actual Min Total Time": 327.784, "Actual Max Total Time": 327.784, "Index Cond": "(id = mi_idx.movie_id)", "Actual Rows": 102516}], "Actual Rows": 102516}], "Actual Rows": 102516}, {"Node Type": "Bitmap Heap Scan", "Parent Relationship": "Inner", "Relation Name": "cast_info", "Alias": "ci", "Startup Cost": 0.52, "Total Cost": 4.63, "Plan Rows": 1, "Plan Width": 8, "Actual Min Startup Time": 8503.304, "Actual Max Startup Time": 8503.304, "Actual Min Total Time": 9823.533, "Actual Max Total Time": 9823.533, "Recheck Cond": "(movie_id = t.id)", "Rows Removed by Index Recheck": 0, "Filter": "((note)::text = ANY ('{(writer),\"(head writer)\",\"(written by)\",(story),\"(story editor)\"}'::text[]))", "Rows Removed by Filter": 3987641, "Exact Heap Blocks": 3901088, "Lossy Heap Blocks": 3901088, "Plans": [{"Node Type": "Bitmap Index Scan", "Parent Relationship": "Outer", "Index Name": "movie_id_cast_info", "Startup Cost": 0.0, "Total Cost": 0.52, "Plan Rows": 6, "Plan Width": 0, "Actual Min Startup Time": 1075.725, "Actual Max Startup Time": 1075.725, "Actual Min Total Time": 1075.725, "Actual Max Total Time": 1075.725, "Index Cond": "(movie_id = t.id)", "Actual Rows": 4041796}], "Actual Rows": 54155}], "Actual Rows": 54155}, {"Node Type": "Bitmap Heap Scan", "Parent Relationship": "Inner", "Relation Name": "name", "Alias": "n", "Startup Cost": 0.31, "Total Cost": 4.32, "Plan Rows": 1, "Plan Width": 4, "Actual Min Startup Time": 418.914, "Actual Max Startup Time": 418.914, "Actual Min Total Time": 418.914, "Actual Max Total Time": 418.914, "Recheck Cond": "(id = ci.person_id)", "Rows Removed by Index Recheck": 0, "Filter": "((gender)::text = 'm'::text)", "Rows Removed by Filter": 26082, "Exact Heap Blocks": 54155, "Lossy Heap Blocks": 54155, "Plans": [{"Node Type": "Bitmap Index Scan", "Parent Relationship": "Outer", "Index Name": "name_pkey", "Startup Cost": 0.0, "Total Cost": 0.31, "Plan Rows": 1, "Plan Width": 0, "Actual Min Startup Time": 265.16, "Actual Max Startup Time": 265.16, "Actual Min Total Time": 265.16, "Actual Max Total Time": 265.16, "Index Cond": "(id = ci.person_id)", "Actual Rows": 54155}], "Actual Rows": 28073}], "Actual Rows": 28073}], "Actual Rows": 1}, "Triggers": [], "Planner Runtime": 62, "Total Runtime": 12924.618, "Unique SQL Id": 3913857139}}, "(64, 3)": {"explain_plan": {"Plan": {"Node Type": "Aggregate", "Strategy": "Plain", "Startup Cost": 191395.62, "Total Cost": 191395.63, "Plan Rows": 1, "Plan Width": 160, "Plans": [{"Node Type": "Nested Loop", "Parent Relationship": "Outer", "Join Type": "Inner", "Startup Cost": 4861.24, "Total Cost": 191385.02, "Plan Rows": 1413, "Plan Width": 64, "Inner Unique": true, "Plans": [{"Node Type": "Nested Loop", "Parent Relationship": "Outer", "Join Type": "Inner", "Startup Cost": 4860.93, "Total Cost": 186379.6, "Plan Rows": 1155, "Plan Width": 68, "Inner Unique": false, "Plans": [{"Node Type": "Nested Loop", "Parent Relationship": "Outer", "Join Type": "Inner", "Startup Cost": 4860.41, "Total Cost": 181536.93, "Plan Rows": 1044, "Plan Width": 76, "Inner Unique": true, "Join Filter": "(mi.movie_id = t.id)", "Plans": [{"Node Type": "Nested Loop", "Parent Relationship": "Outer", "Join Type": "Inner", "Startup Cost": 4860.13, "Total Cost": 177037.74, "Plan Rows": 1044, "Plan Width": 55, "Inner Unique": false, "Join Filter": "(mi_idx.info_type_id = it2.id)", "Plans": [{"Node Type": "Bitmap Heap Scan", "Parent Relationship": "Outer", "Relation Name": "info_type", "Alias": "it2", "Startup Cost": 8.81, "Total Cost": 14.21, "Plan Rows": 1, "Plan Width": 4, "Filter": "((info)::text = 'votes'::text)", "Plans": [{"Node Type": "Bitmap Index Scan", "Parent Relationship": "Outer", "Index Name": "info_type_pkey", "Startup Cost": 0.0, "Total Cost": 8.81, "Plan Rows": 112, "Plan Width": 0}]}, {"Node Type": "Nested Loop", "Parent Relationship": "Inner", "Join Type": "Inner", "Startup Cost": 4851.32, "Total Cost": 176971.34, "Plan Rows": 4175, "Plan Width": 59, "Inner Unique": false, "Plans": [{"Node Type": "Nested Loop", "Parent Relationship": "Outer", "Join Type": "Inner", "Startup Cost": 4850.95, "Total Cost": 164983.91, "Plan Rows": 2717, "Plan Width": 46, "Inner Unique": false, "Plans": [{"Node Type": "Bitmap Heap Scan", "Parent Relationship": "Outer", "Relation Name": "info_type", "Alias": "it1", "Startup Cost": 8.81, "Total Cost": 14.21, "Plan Rows": 1, "Plan Width": 4, "Filter": "((info)::text = 'genres'::text)", "Plans": [{"Node Type": "Bitmap Index Scan", "Parent Relationship": "Outer", "Index Name": "info_type_pkey", "Startup Cost": 0.0, "Total Cost": 8.81, "Plan Rows": 112, "Plan Width": 0}]}, {"Node Type": "Bitmap Heap Scan", "Parent Relationship": "Inner", "Relation Name": "movie_info", "Alias": "mi", "Startup Cost": 4842.14, "Total Cost": 164942.53, "Plan Rows": 2717, "Plan Width": 50, "Recheck Cond": "(info_type_id = it1.id)", "Filter": "((info)::text = ANY ('{Horror,Action,Sci-Fi,Thriller,Crime,War}'::text[]))", "Plans": [{"Node Type": "Bitmap Index Scan", "Parent Relationship": "Outer", "Index Name": "info_type_id_movie_info", "Startup Cost": 0.0, "Total Cost": 4841.46, "Plan Rows": 212428, "Plan Width": 0, "Index Cond": "(info_type_id = it1.id)"}]}]}, {"Node Type": "Bitmap Heap Scan", "Parent Relationship": "Inner", "Relation Name": "movie_info_idx", "Alias": "mi_idx", "Startup Cost": 0.37, "Total Cost": 4.39, "Plan Rows": 2, "Plan Width": 13, "Recheck Cond": "(movie_id = mi.movie_id)", "Plans": [{"Node Type": "Bitmap Index Scan", "Parent Relationship": "Outer", "Index Name": "movie_id_movie_info_idx", "Startup Cost": 0.0, "Total Cost": 0.37, "Plan Rows": 2, "Plan Width": 0, "Index Cond": "(movie_id = mi.movie_id)"}]}]}]}, {"Node Type": "Bitmap Heap Scan", "Parent Relationship": "Inner", "Relation Name": "title", "Alias": "t", "Startup Cost": 0.28, "Total Cost": 4.3, "Plan Rows": 1, "Plan Width": 21, "Recheck Cond": "(id = mi_idx.movie_id)", "Plans": [{"Node Type": "Bitmap Index Scan", "Parent Relationship": "Outer", "Index Name": "title_pkey", "Startup Cost": 0.0, "Total Cost": 0.28, "Plan Rows": 1, "Plan Width": 0, "Index Cond": "(id = mi_idx.movie_id)"}]}]}, {"Node Type": "Bitmap Heap Scan", "Parent Relationship": "Inner", "Relation Name": "cast_info", "Alias": "ci", "Startup Cost": 0.52, "Total Cost": 4.63, "Plan Rows": 1, "Plan Width": 8, "Recheck Cond": "(movie_id = t.id)", "Filter": "((note)::text = ANY ('{(writer),\"(head writer)\",\"(written by)\",(story),\"(story editor)\"}'::text[]))", "Plans": [{"Node Type": "Bitmap Index Scan", "Parent Relationship": "Outer", "Index Name": "movie_id_cast_info", "Startup Cost": 0.0, "Total Cost": 0.52, "Plan Rows": 6, "Plan Width": 0, "Index Cond": "(movie_id = t.id)"}]}]}, {"Node Type": "Bitmap Heap Scan", "Parent Relationship": "Inner", "Relation Name": "name", "Alias": "n", "Startup Cost": 0.31, "Total Cost": 4.32, "Plan Rows": 1, "Plan Width": 4, "Recheck Cond": "(id = ci.person_id)", "Filter": "((gender)::text = 'm'::text)", "Plans": [{"Node Type": "Bitmap Index Scan", "Parent Relationship": "Outer", "Index Name": "name_pkey", "Startup Cost": 0.0, "Total Cost": 0.31, "Plan Rows": 1, "Plan Width": 0, "Index Cond": "(id = ci.person_id)"}]}]}]}, "Unique SQL Id": 3913857139, "Planner Runtime": 32}, "explain_analyze_plan": {"Plan": {"Node Type": "Aggregate", "Strategy": "Plain", "Startup Cost": 191395.62, "Total Cost": 191395.63, "Plan Rows": 1, "Plan Width": 160, "Actual Startup Time": 13580.726, "Actual Total Time": 13580.726, "Actual Rows": 1, "Actual Loops": 1, "Plans": [{"Node Type": "Nested Loop", "Parent Relationship": "Outer", "Join Type": "Inner", "Startup Cost": 4861.24, "Total Cost": 191385.02, "Plan Rows": 1413, "Plan Width": 64, "Actual Startup Time": 182.856, "Actual Total Time": 13524.954, "Actual Rows": 28073, "Actual Loops": 1, "Inner Unique": true, "Plans": [{"Node Type": "Nested Loop", "Parent Relationship": "Outer", "Join Type": "Inner", "Startup Cost": 4860.93, "Total Cost": 186379.6, "Plan Rows": 1155, "Plan Width": 68, "Actual Startup Time": 180.203, "Actual Total Time": 13012.912, "Actual Rows": 54155, "Actual Loops": 1, "Inner Unique": false, "Plans": [{"Node Type": "Nested Loop", "Parent Relationship": "Outer", "Join Type": "Inner", "Startup Cost": 4860.41, "Total Cost": 181536.93, "Plan Rows": 1044, "Plan Width": 76, "Actual Startup Time": 177.143, "Actual Total Time": 3136.935, "Actual Rows": 102516, "Actual Loops": 1, "Inner Unique": true, "Join Filter": "(mi.movie_id = t.id)", "Rows Removed by Join Filter": 0, "Plans": [{"Node Type": "Nested Loop", "Parent Relationship": "Outer", "Join Type": "Inner", "Startup Cost": 4860.13, "Total Cost": 177037.74, "Plan Rows": 1044, "Plan Width": 55, "Actual Startup Time": 177.118, "Actual Total Time": 2402.755, "Actual Rows": 102516, "Actual Loops": 1, "Inner Unique": false, "Join Filter": "(mi_idx.info_type_id = it2.id)", "Rows Removed by Join Filter": 205269, "Plans": [{"Node Type": "Bitmap Heap Scan", "Parent Relationship": "Outer", "Relation Name": "info_type", "Alias": "it2", "Startup Cost": 8.81, "Total Cost": 14.21, "Plan Rows": 1, "Plan Width": 4, "Actual Startup Time": 0.081, "Actual Total Time": 0.085, "Actual Rows": 1, "Actual Loops": 1, "Filter": "((info)::text = 'votes'::text)", "Rows Removed by Filter": 111, "Exact Heap Blocks": 1, "Lossy Heap Blocks": 1, "Plans": [{"Node Type": "Bitmap Index Scan", "Parent Relationship": "Outer", "Index Name": "info_type_pkey", "Startup Cost": 0.0, "Total Cost": 8.81, "Plan Rows": 112, "Plan Width": 0, "Actual Startup Time": 0.019, "Actual Total Time": 0.019, "Actual Rows": 112, "Actual Loops": 1}]}, {"Node Type": "Nested Loop", "Parent Relationship": "Inner", "Join Type": "Inner", "Startup Cost": 4851.32, "Total Cost": 176971.34, "Plan Rows": 4175, "Plan Width": 59, "Actual Startup Time": 177.024, "Actual Total Time": 2302.393, "Actual Rows": 307785, "Actual Loops": 1, "Inner Unique": false, "Plans": [{"Node Type": "Nested Loop", "Parent Relationship": "Outer", "Join Type": "Inner", "Startup Cost": 4850.95, "Total Cost": 164983.91, "Plan Rows": 2717, "Plan Width": 46, "Actual Startup Time": 176.982, "Actual Total Time": 1162.537, "Actual Rows": 186594, "Actual Loops": 1, "Inner Unique": false, "Plans": [{"Node Type": "Bitmap Heap Scan", "Parent Relationship": "Outer", "Relation Name": "info_type", "Alias": "it1", "Startup Cost": 8.81, "Total Cost": 14.21, "Plan Rows": 1, "Plan Width": 4, "Actual Startup Time": 0.031, "Actual Total Time": 0.059, "Actual Rows": 1, "Actual Loops": 1, "Filter": "((info)::text = 'genres'::text)", "Rows Removed by Filter": 111, "Exact Heap Blocks": 1, "Lossy Heap Blocks": 1, "Plans": [{"Node Type": "Bitmap Index Scan", "Parent Relationship": "Outer", "Index Name": "info_type_pkey", "Startup Cost": 0.0, "Total Cost": 8.81, "Plan Rows": 112, "Plan Width": 0, "Actual Startup Time": 0.008, "Actual Total Time": 0.008, "Actual Rows": 112, "Actual Loops": 1}]}, {"Node Type": "Bitmap Heap Scan", "Parent Relationship": "Inner", "Relation Name": "movie_info", "Alias": "mi", "Startup Cost": 4842.14, "Total Cost": 164942.53, "Plan Rows": 2717, "Plan Width": 50, "Actual Startup Time": 176.947, "Actual Total Time": 1117.951, "Actual Rows": 186594, "Actual Loops": 1, "Recheck Cond": "(info_type_id = it1.id)", "Rows Removed by Index Recheck": 0, "Filter": "((info)::text = ANY ('{Horror,Action,Sci-Fi,Thriller,Crime,War}'::text[]))", "Rows Removed by Filter": 1347315, "Exact Heap Blocks": 7426, "Lossy Heap Blocks": 7426, "Plans": [{"Node Type": "Bitmap Index Scan", "Parent Relationship": "Outer", "Index Name": "info_type_id_movie_info", "Startup Cost": 0.0, "Total Cost": 4841.46, "Plan Rows": 212428, "Plan Width": 0, "Actual Startup Time": 175.581, "Actual Total Time": 175.581, "Actual Rows": 1533909, "Actual Loops": 1, "Index Cond": "(info_type_id = it1.id)"}]}]}, {"Node Type": "Bitmap Heap Scan", "Parent Relationship": "Inner", "Relation Name": "movie_info_idx", "Alias": "mi_idx", "Startup Cost": 0.37, "Total Cost": 4.39, "Plan Rows": 2, "Plan Width": 13, "Actual Startup Time": 777.609, "Actual Total Time": 823.786, "Actual Rows": 307785, "Actual Loops": 186594, "Recheck Cond": "(movie_id = mi.movie_id)", "Rows Removed by Index Recheck": 0, "Exact Heap Blocks": 103610, "Lossy Heap Blocks": 103610, "Plans": [{"Node Type": "Bitmap Index Scan", "Parent Relationship": "Outer", "Index Name": "movie_id_movie_info_idx", "Startup Cost": 0.0, "Total Cost": 0.37, "Plan Rows": 2, "Plan Width": 0, "Actual Startup Time": 528.311, "Actual Total Time": 528.311, "Actual Rows": 307785, "Actual Loops": 186594, "Index Cond": "(movie_id = mi.movie_id)"}]}]}]}, {"Node Type": "Bitmap Heap Scan", "Parent Relationship": "Inner", "Relation Name": "title", "Alias": "t", "Startup Cost": 0.28, "Total Cost": 4.3, "Plan Rows": 1, "Plan Width": 21, "Actual Startup Time": 553.231, "Actual Total Time": 553.231, "Actual Rows": 102516, "Actual Loops": 102516, "Recheck Cond": "(id = mi_idx.movie_id)", "Rows Removed by Index Recheck": 0, "Exact Heap Blocks": 102516, "Lossy Heap Blocks": 102516, "Plans": [{"Node Type": "Bitmap Index Scan", "Parent Relationship": "Outer", "Index Name": "title_pkey", "Startup Cost": 0.0, "Total Cost": 0.28, "Plan Rows": 1, "Plan Width": 0, "Actual Startup Time": 303.255, "Actual Total Time": 303.255, "Actual Rows": 102516, "Actual Loops": 102516, "Index Cond": "(id = mi_idx.movie_id)"}]}]}, {"Node Type": "Bitmap Heap Scan", "Parent Relationship": "Inner", "Relation Name": "cast_info", "Alias": "ci", "Startup Cost": 0.52, "Total Cost": 4.63, "Plan Rows": 1, "Plan Width": 8, "Actual Startup Time": 8405.75, "Actual Total Time": 9708.17, "Actual Rows": 54155, "Actual Loops": 102516, "Recheck Cond": "(movie_id = t.id)", "Rows Removed by Index Recheck": 0, "Filter": "((note)::text = ANY ('{(writer),\"(head writer)\",\"(written by)\",(story),\"(story editor)\"}'::text[]))", "Rows Removed by Filter": 3987641, "Exact Heap Blocks": 3901088, "Lossy Heap Blocks": 3901088, "Plans": [{"Node Type": "Bitmap Index Scan", "Parent Relationship": "Outer", "Index Name": "movie_id_cast_info", "Startup Cost": 0.0, "Total Cost": 0.52, "Plan Rows": 6, "Plan Width": 0, "Actual Startup Time": 1067.615, "Actual Total Time": 1067.615, "Actual Rows": 4041796, "Actual Loops": 102516, "Index Cond": "(movie_id = t.id)"}]}]}, {"Node Type": "Bitmap Heap Scan", "Parent Relationship": "Inner", "Relation Name": "name", "Alias": "n", "Startup Cost": 0.31, "Total Cost": 4.32, "Plan Rows": 1, "Plan Width": 4, "Actual Startup Time": 417.007, "Actual Total Time": 417.007, "Actual Rows": 28073, "Actual Loops": 54155, "Recheck Cond": "(id = ci.person_id)", "Rows Removed by Index Recheck": 0, "Filter": "((gender)::text = 'm'::text)", "Rows Removed by Filter": 26082, "Exact Heap Blocks": 54155, "Lossy Heap Blocks": 54155, "Plans": [{"Node Type": "Bitmap Index Scan", "Parent Relationship": "Outer", "Index Name": "name_pkey", "Startup Cost": 0.0, "Total Cost": 0.31, "Plan Rows": 1, "Plan Width": 0, "Actual Startup Time": 263.412, "Actual Total Time": 263.412, "Actual Rows": 54155, "Actual Loops": 54155, "Index Cond": "(id = ci.person_id)"}]}]}]}, "Triggers": [], "Planner Runtime": 8, "Total Runtime": 13581.043, "Unique SQL Id": 3913857139}}, "(64, 4)": {"explain_plan": {"Plan": {"Node Type": "Aggregate", "Strategy": "Plain", "Startup Cost": 77671.24, "Total Cost": 77671.25, "Plan Rows": 1, "Plan Width": 160, "Plans": [{"Node Type": "Nested Loop", "Parent Relationship": "Outer", "Join Type": "Inner", "Startup Cost": 2.41, "Total Cost": 77660.64, "Plan Rows": 1413, "Plan Width": 64, "Inner Unique": true, "Plans": [{"Node Type": "Nested Loop", "Parent Relationship": "Outer", "Join Type": "Inner", "Startup Cost": 2.41, "Total Cost": 77081.37, "Plan Rows": 1155, "Plan Width": 68, "Inner Unique": false, "Plans": [{"Node Type": "Nested Loop", "Parent Relationship": "Outer", "Join Type": "Inner", "Startup Cost": 2.41, "Total Cost": 76019.74, "Plan Rows": 1044, "Plan Width": 76, "Inner Unique": true, "Join Filter": "(mi.movie_id = t.id)", "Plans": [{"Node Type": "Nested Loop", "Parent Relationship": "Outer", "Join Type": "Inner", "Startup Cost": 2.41, "Total Cost": 75591.55, "Plan Rows": 1044, "Plan Width": 55, "Inner Unique": false, "Join Filter": "(mi_idx.info_type_id = it2.id)", "Plans": [{"Node Type": "Seq Scan", "Parent Relationship": "Outer", "Relation Name": "info_type", "Alias": "it2", "Startup Cost": 0.0, "Total Cost": 2.4, "Plan Rows": 1, "Plan Width": 4, "Filter": "((info)::text = 'votes'::text)"}, {"Node Type": "Materialize", "Parent Relationship": "Inner", "Startup Cost": 2.41, "Total Cost": 75547.4, "Plan Rows": 4175, "Plan Width": 59, "Plans": [{"Node Type": "Nested Loop", "Parent Relationship": "Outer", "Join Type": "Inner", "Startup Cost": 2.41, "Total Cost": 75536.96, "Plan Rows": 4175, "Plan Width": 59, "Inner Unique": false, "Plans": [{"Node Type": "Hash Join", "Parent Relationship": "Outer", "Join Type": "Inner", "Startup Cost": 2.41, "Total Cost": 74048.91, "Plan Rows": 2717, "Plan Width": 46, "Inner Unique": true, "Hash Cond": "(mi.info_type_id = it1.id)", "Plans": [{"Node Type": "Streaming(type: LOCAL GATHER dop: 1/64)", "Parent Relationship": "Outer", "Startup Cost": 0.0, "Total Cost": 73306.19, "Plan Rows": 190170, "Plan Width": 50, "Plans": [{"Node Type": "Seq Scan", "Parent Relationship": "Outer", "Relation Name": "movie_info", "Alias": "mi", "Startup Cost": 0.0, "Total Cost": 69383.01, "Plan Rows": 190170, "Plan Width": 50, "Filter": "((info)::text = ANY ('{Horror,Action,Sci-Fi,Thriller,Crime,War}'::text[]))"}]}, {"Node Type": "Hash", "Parent Relationship": "Inner", "Startup Cost": 2.4, "Total Cost": 2.4, "Plan Rows": 1, "Plan Width": 4, "Plans": [{"Node Type": "Seq Scan", "Parent Relationship": "Outer", "Relation Name": "info_type", "Alias": "it1", "Startup Cost": 0.0, "Total Cost": 2.4, "Plan Rows": 1, "Plan Width": 4, "Filter": "((info)::text = 'genres'::text)"}]}]}, {"Node Type": "Index Scan", "Parent Relationship": "Inner", "Scan Direction": "Forward", "Index Name": "movie_id_movie_info_idx", "Relation Name": "movie_info_idx", "Alias": "mi_idx", "Startup Cost": 0.0, "Total Cost": 0.53, "Plan Rows": 2, "Plan Width": 13, "Index Cond": "(movie_id = mi.movie_id)"}]}]}]}, {"Node Type": "Index Scan", "Parent Relationship": "Inner", "Scan Direction": "Forward", "Index Name": "title_pkey", "Relation Name": "title", "Alias": "t", "Startup Cost": 0.0, "Total Cost": 0.4, "Plan Rows": 1, "Plan Width": 21, "Index Cond": "(id = mi_idx.movie_id)"}]}, {"Node Type": "Index Scan", "Parent Relationship": "Inner", "Scan Direction": "Forward", "Index Name": "movie_id_cast_info", "Relation Name": "cast_info", "Alias": "ci", "Startup Cost": 0.0, "Total Cost": 1.01, "Plan Rows": 1, "Plan Width": 8, "Index Cond": "(movie_id = t.id)", "Filter": "((note)::text = ANY ('{(writer),\"(head writer)\",\"(written by)\",(story),\"(story editor)\"}'::text[]))"}]}, {"Node Type": "Index Scan", "Parent Relationship": "Inner", "Scan Direction": "Forward", "Index Name": "name_pkey", "Relation Name": "name", "Alias": "n", "Startup Cost": 0.0, "Total Cost": 0.49, "Plan Rows": 1, "Plan Width": 4, "Index Cond": "(id = ci.person_id)", "Filter": "((gender)::text = 'm'::text)"}]}]}, "Unique SQL Id": 3913857139, "Planner Runtime": 62}, "explain_analyze_plan": {"Plan": {"Node Type": "Aggregate", "Strategy": "Plain", "Startup Cost": 77671.24, "Total Cost": 77671.25, "Plan Rows": 1, "Plan Width": 160, "Actual Min Startup Time": 9783.508, "Actual Max Startup Time": 9783.508, "Actual Min Total Time": 9783.509, "Actual Max Total Time": 9783.509, "Plans": [{"Node Type": "Nested Loop", "Parent Relationship": "Outer", "Join Type": "Inner", "Startup Cost": 2.41, "Total Cost": 77660.64, "Plan Rows": 1413, "Plan Width": 64, "Actual Min Startup Time": 1152.408, "Actual Max Startup Time": 1152.408, "Actual Min Total Time": 9742.428, "Actual Max Total Time": 9742.428, "Inner Unique": true, "Plans": [{"Node Type": "Nested Loop", "Parent Relationship": "Outer", "Join Type": "Inner", "Startup Cost": 2.41, "Total Cost": 77081.37, "Plan Rows": 1155, "Plan Width": 68, "Actual Min Startup Time": 1151.067, "Actual Max Startup Time": 1151.067, "Actual Min Total Time": 9371.761, "Actual Max Total Time": 9371.761, "Inner Unique": false, "Plans": [{"Node Type": "Nested Loop", "Parent Relationship": "Outer", "Join Type": "Inner", "Startup Cost": 2.41, "Total Cost": 76019.74, "Plan Rows": 1044, "Plan Width": 76, "Actual Min Startup Time": 1150.588, "Actual Max Startup Time": 1150.588, "Actual Min Total Time": 1851.533, "Actual Max Total Time": 1851.533, "Inner Unique": true, "Join Filter": "(mi.movie_id = t.id)", "Rows Removed by Join Filter": 0, "Plans": [{"Node Type": "Nested Loop", "Parent Relationship": "Outer", "Join Type": "Inner", "Startup Cost": 2.41, "Total Cost": 75591.55, "Plan Rows": 1044, "Plan Width": 55, "Actual Min Startup Time": 1150.561, "Actual Max Startup Time": 1150.561, "Actual Min Total Time": 1313.622, "Actual Max Total Time": 1313.622, "Inner Unique": false, "Join Filter": "(mi_idx.info_type_id = it2.id)", "Rows Removed by Join Filter": 205269, "Plans": [{"Node Type": "Seq Scan", "Parent Relationship": "Outer", "Relation Name": "info_type", "Alias": "it2", "Startup Cost": 0.0, "Total Cost": 2.4, "Plan Rows": 1, "Plan Width": 4, "Actual Min Startup Time": 0.056, "Actual Max Startup Time": 0.056, "Actual Min Total Time": 0.069, "Actual Max Total Time": 0.069, "Filter": "((info)::text = 'votes'::text)", "Rows Removed by Filter": 111, "Actual Rows": 1}, {"Node Type": "Materialize", "Parent Relationship": "Inner", "Startup Cost": 2.41, "Total Cost": 75547.4, "Plan Rows": 4175, "Plan Width": 59, "Actual Min Startup Time": 1150.491, "Actual Max Startup Time": 1150.491, "Actual Min Total Time": 1199.666, "Actual Max Total Time": 1199.666, "Plans": [{"Node Type": "Nested Loop", "Parent Relationship": "Outer", "Join Type": "Inner", "Startup Cost": 2.41, "Total Cost": 75536.96, "Plan Rows": 4175, "Plan Width": 59, "Actual Min Startup Time": 140.729, "Actual Max Startup Time": 140.729, "Actual Min Total Time": 1061.537, "Actual Max Total Time": 1061.537, "Inner Unique": false, "Plans": [{"Node Type": "Hash Join", "Parent Relationship": "Outer", "Join Type": "Inner", "Startup Cost": 2.41, "Total Cost": 74048.91, "Plan Rows": 2717, "Plan Width": 46, "Actual Min Startup Time": 140.692, "Actual Max Startup Time": 140.692, "Actual Min Total Time": 290.405, "Actual Max Total Time": 290.405, "Inner Unique": true, "Hash Cond": "(mi.info_type_id = it1.id)", "Plans": [{"Node Type": "Streaming(type: LOCAL GATHER dop: 1/64)", "Parent Relationship": "Outer", "Startup Cost": 0.0, "Total Cost": 73306.19, "Plan Rows": 190170, "Plan Width": 50, "Actual Min Startup Time": 122.916, "Actual Max Startup Time": 122.916, "Actual Min Total Time": 196.412, "Actual Max Total Time": 196.412, "Plans": [{"Node Type": "Seq Scan", "Parent Relationship": "Outer", "Relation Name": "movie_info", "Alias": "mi", "Startup Cost": 0.0, "Total Cost": 69383.01, "Plan Rows": 190170, "Plan Width": 50, "Actual Min Startup Time": 55.514, "Actual Max Startup Time": 109.982, "Actual Min Total Time": 109.636, "Actual Max Total Time": 142.334, "Filter": "((info)::text = ANY ('{Horror,Action,Sci-Fi,Thriller,Crime,War}'::text[]))", "Rows Removed by Filter": 14646748, "Actual Rows": 188971}], "Actual Rows": 188971}, {"Node Type": "Hash", "Parent Relationship": "Inner", "Startup Cost": 2.4, "Total Cost": 2.4, "Plan Rows": 1, "Plan Width": 4, "Actual Min Startup Time": 0.096, "Actual Max Startup Time": 0.096, "Actual Min Total Time": 0.096, "Actual Max Total Time": 0.096, "Max Hash Buckets": 32768, "Min Hash Buckets": 32768, "Max Hash Batches": 1, "Min Hash Batches": 1, "Max Original Hash Batches": 1, "Min Original Hash Batches": 1, "Max Peak Memory Usage": 1, "min Peak Memory Usage": 1, "Plans": [{"Node Type": "Seq Scan", "Parent Relationship": "Outer", "Relation Name": "info_type", "Alias": "it1", "Startup Cost": 0.0, "Total Cost": 2.4, "Plan Rows": 1, "Plan Width": 4, "Actual Min Startup Time": 0.063, "Actual Max Startup Time": 0.063, "Actual Min Total Time": 0.087, "Actual Max Total Time": 0.087, "Filter": "((info)::text = 'genres'::text)", "Rows Removed by Filter": 111, "Actual Rows": 1}], "Actual Rows": 1}], "Actual Rows": 186594}, {"Node Type": "Index Scan", "Parent Relationship": "Inner", "Scan Direction": "Forward", "Index Name": "movie_id_movie_info_idx", "Relation Name": "movie_info_idx", "Alias": "mi_idx", "Startup Cost": 0.0, "Total Cost": 0.53, "Plan Rows": 2, "Plan Width": 13, "Actual Min Startup Time": 504.384, "Actual Max Startup Time": 504.384, "Actual Min Total Time": 617.621, "Actual Max Total Time": 617.621, "Index Cond": "(movie_id = mi.movie_id)", "Rows Removed by Index Recheck": 0, "Actual Rows": 307785}], "Actual Rows": 307785}], "Actual Rows": 307786}], "Actual Rows": 102516}, {"Node Type": "Index Scan", "Parent Relationship": "Inner", "Scan Direction": "Forward", "Index Name": "title_pkey", "Relation Name": "title", "Alias": "t", "Startup Cost": 0.0, "Total Cost": 0.4, "Plan Rows": 1, "Plan Width": 21, "Actual Min Startup Time": 428.079, "Actual Max Startup Time": 428.079, "Actual Min Total Time": 428.079, "Actual Max Total Time": 428.079, "Index Cond": "(id = mi_idx.movie_id)", "Rows Removed by Index Recheck": 0, "Actual Rows": 102516}], "Actual Rows": 102516}, {"Node Type": "Index Scan", "Parent Relationship": "Inner", "Scan Direction": "Forward", "Index Name": "movie_id_cast_info", "Relation Name": "cast_info", "Alias": "ci", "Startup Cost": 0.0, "Total Cost": 1.01, "Plan Rows": 1, "Plan Width": 8, "Actual Min Startup Time": 6347.806, "Actual Max Startup Time": 6347.806, "Actual Min Total Time": 7447.163, "Actual Max Total Time": 7447.163, "Index Cond": "(movie_id = t.id)", "Rows Removed by Index Recheck": 0, "Filter": "((note)::text = ANY ('{(writer),\"(head writer)\",\"(written by)\",(story),\"(story editor)\"}'::text[]))", "Rows Removed by Filter": 3987641, "Actual Rows": 54155}], "Actual Rows": 54155}, {"Node Type": "Index Scan", "Parent Relationship": "Inner", "Scan Direction": "Forward", "Index Name": "name_pkey", "Relation Name": "name", "Alias": "n", "Startup Cost": 0.0, "Total Cost": 0.49, "Plan Rows": 1, "Plan Width": 4, "Actual Min Startup Time": 324.179, "Actual Max Startup Time": 324.179, "Actual Min Total Time": 324.179, "Actual Max Total Time": 324.179, "Index Cond": "(id = ci.person_id)", "Rows Removed by Index Recheck": 0, "Filter": "((gender)::text = 'm'::text)", "Rows Removed by Filter": 26082, "Actual Rows": 28073}], "Actual Rows": 28073}], "Actual Rows": 1}, "Triggers": [], "Planner Runtime": 48, "Total Runtime": 9795.194, "Unique SQL Id": 3913857139}}, "(64, 5)": {"explain_plan": {"Plan": {"Node Type": "Aggregate", "Strategy": "Plain", "Startup Cost": 168618.05, "Total Cost": 168618.06, "Plan Rows": 1, "Plan Width": 160, "Plans": [{"Node Type": "Nested Loop", "Parent Relationship": "Outer", "Join Type": "Inner", "Startup Cost": 4842.14, "Total Cost": 168607.45, "Plan Rows": 1413, "Plan Width": 64, "Inner Unique": true, "Plans": [{"Node Type": "Nested Loop", "Parent Relationship": "Outer", "Join Type": "Inner", "Startup Cost": 4842.14, "Total Cost": 168028.19, "Plan Rows": 1155, "Plan Width": 68, "Inner Unique": false, "Plans": [{"Node Type": "Nested Loop", "Parent Relationship": "Outer", "Join Type": "Inner", "Startup Cost": 4842.14, "Total Cost": 166966.55, "Plan Rows": 1044, "Plan Width": 76, "Inner Unique": true, "Join Filter": "(mi.movie_id = t.id)", "Plans": [{"Node Type": "Nested Loop", "Parent Relationship": "Outer", "Join Type": "Inner", "Startup Cost": 4842.14, "Total Cost": 166538.36, "Plan Rows": 1044, "Plan Width": 55, "Inner Unique": false, "Join Filter": "(mi_idx.info_type_id = it2.id)", "Plans": [{"Node Type": "Index Scan", "Parent Relationship": "Outer", "Scan Direction": "Forward", "Index Name": "info_type_pkey", "Relation Name": "info_type", "Alias": "it2", "Startup Cost": 0.0, "Total Cost": 14.21, "Plan Rows": 1, "Plan Width": 4, "Filter": "((info)::text = 'votes'::text)"}, {"Node Type": "Nested Loop", "Parent Relationship": "Inner", "Join Type": "Inner", "Startup Cost": 4842.14, "Total Cost": 166471.96, "Plan Rows": 4175, "Plan Width": 59, "Inner Unique": false, "Plans": [{"Node Type": "Nested Loop", "Parent Relationship": "Outer", "Join Type": "Inner", "Startup Cost": 4842.14, "Total Cost": 164983.91, "Plan Rows": 2717, "Plan Width": 46, "Inner Unique": false, "Plans": [{"Node Type": "Index Scan", "Parent Relationship": "Outer", "Scan Direction": "Forward", "Index Name": "info_type_pkey", "Relation Name": "info_type", "Alias": "it1", "Startup Cost": 0.0, "Total Cost": 14.21, "Plan Rows": 1, "Plan Width": 4, "Filter": "((info)::text = 'genres'::text)"}, {"Node Type": "Bitmap Heap Scan", "Parent Relationship": "Inner", "Relation Name": "movie_info", "Alias": "mi", "Startup Cost": 4842.14, "Total Cost": 164942.53, "Plan Rows": 2717, "Plan Width": 50, "Recheck Cond": "(info_type_id = it1.id)", "Filter": "((info)::text = ANY ('{Horror,Action,Sci-Fi,Thriller,Crime,War}'::text[]))", "Plans": [{"Node Type": "Bitmap Index Scan", "Parent Relationship": "Outer", "Index Name": "info_type_id_movie_info", "Startup Cost": 0.0, "Total Cost": 4841.46, "Plan Rows": 212428, "Plan Width": 0, "Index Cond": "(info_type_id = it1.id)"}]}]}, {"Node Type": "Index Scan", "Parent Relationship": "Inner", "Scan Direction": "Forward", "Index Name": "movie_id_movie_info_idx", "Relation Name": "movie_info_idx", "Alias": "mi_idx", "Startup Cost": 0.0, "Total Cost": 0.53, "Plan Rows": 2, "Plan Width": 13, "Index Cond": "(movie_id = mi.movie_id)"}]}]}, {"Node Type": "Index Scan", "Parent Relationship": "Inner", "Scan Direction": "Forward", "Index Name": "title_pkey", "Relation Name": "title", "Alias": "t", "Startup Cost": 0.0, "Total Cost": 0.4, "Plan Rows": 1, "Plan Width": 21, "Index Cond": "(id = mi_idx.movie_id)"}]}, {"Node Type": "Index Scan", "Parent Relationship": "Inner", "Scan Direction": "Forward", "Index Name": "movie_id_cast_info", "Relation Name": "cast_info", "Alias": "ci", "Startup Cost": 0.0, "Total Cost": 1.01, "Plan Rows": 1, "Plan Width": 8, "Index Cond": "(movie_id = t.id)", "Filter": "((note)::text = ANY ('{(writer),\"(head writer)\",\"(written by)\",(story),\"(story editor)\"}'::text[]))"}]}, {"Node Type": "Index Scan", "Parent Relationship": "Inner", "Scan Direction": "Forward", "Index Name": "name_pkey", "Relation Name": "name", "Alias": "n", "Startup Cost": 0.0, "Total Cost": 0.49, "Plan Rows": 1, "Plan Width": 4, "Index Cond": "(id = ci.person_id)", "Filter": "((gender)::text = 'm'::text)"}]}]}, "Unique SQL Id": 3913857139, "Planner Runtime": 30}, "explain_analyze_plan": {"Plan": {"Node Type": "Aggregate", "Strategy": "Plain", "Startup Cost": 168618.05, "Total Cost": 168618.06, "Plan Rows": 1, "Plan Width": 160, "Actual Startup Time": 10871.729, "Actual Total Time": 10871.73, "Actual Rows": 1, "Actual Loops": 1, "Plans": [{"Node Type": "Nested Loop", "Parent Relationship": "Outer", "Join Type": "Inner", "Startup Cost": 4842.14, "Total Cost": 168607.45, "Plan Rows": 1413, "Plan Width": 64, "Actual Startup Time": 183.736, "Actual Total Time": 10828.733, "Actual Rows": 28073, "Actual Loops": 1, "Inner Unique": true, "Plans": [{"Node Type": "Nested Loop", "Parent Relationship": "Outer", "Join Type": "Inner", "Startup Cost": 4842.14, "Total Cost": 168028.19, "Plan Rows": 1155, "Plan Width": 68, "Actual Startup Time": 181.465, "Actual Total Time": 10439.312, "Actual Rows": 54155, "Actual Loops": 1, "Inner Unique": false, "Plans": [{"Node Type": "Nested Loop", "Parent Relationship": "Outer", "Join Type": "Inner", "Startup Cost": 4842.14, "Total Cost": 166966.55, "Plan Rows": 1044, "Plan Width": 76, "Actual Startup Time": 178.889, "Actual Total Time": 2614.121, "Actual Rows": 102516, "Actual Loops": 1, "Inner Unique": true, "Join Filter": "(mi.movie_id = t.id)", "Rows Removed by Join Filter": 0, "Plans": [{"Node Type": "Nested Loop", "Parent Relationship": "Outer", "Join Type": "Inner", "Startup Cost": 4842.14, "Total Cost": 166538.36, "Plan Rows": 1044, "Plan Width": 55, "Actual Startup Time": 178.871, "Actual Total Time": 2084.288, "Actual Rows": 102516, "Actual Loops": 1, "Inner Unique": false, "Join Filter": "(mi_idx.info_type_id = it2.id)", "Rows Removed by Join Filter": 205269, "Plans": [{"Node Type": "Index Scan", "Parent Relationship": "Outer", "Scan Direction": "Forward", "Index Name": "info_type_pkey", "Relation Name": "info_type", "Alias": "it2", "Startup Cost": 0.0, "Total Cost": 14.21, "Plan Rows": 1, "Plan Width": 4, "Actual Startup Time": 0.061, "Actual Total Time": 0.073, "Actual Rows": 1, "Actual Loops": 1, "Filter": "((info)::text = 'votes'::text)", "Rows Removed by Filter": 111}, {"Node Type": "Nested Loop", "Parent Relationship": "Inner", "Join Type": "Inner", "Startup Cost": 4842.14, "Total Cost": 166471.96, "Plan Rows": 4175, "Plan Width": 59, "Actual Startup Time": 178.797, "Actual Total Time": 1996.662, "Actual Rows": 307785, "Actual Loops": 1, "Inner Unique": false, "Plans": [{"Node Type": "Nested Loop", "Parent Relationship": "Outer", "Join Type": "Inner", "Startup Cost": 4842.14, "Total Cost": 164983.91, "Plan Rows": 2717, "Plan Width": 46, "Actual Startup Time": 178.766, "Actual Total Time": 1150.098, "Actual Rows": 186594, "Actual Loops": 1, "Inner Unique": false, "Plans": [{"Node Type": "Index Scan", "Parent Relationship": "Outer", "Scan Direction": "Forward", "Index Name": "info_type_pkey", "Relation Name": "info_type", "Alias": "it1", "Startup Cost": 0.0, "Total Cost": 14.21, "Plan Rows": 1, "Plan Width": 4, "Actual Startup Time": 0.009, "Actual Total Time": 0.157, "Actual Rows": 1, "Actual Loops": 1, "Filter": "((info)::text = 'genres'::text)", "Rows Removed by Filter": 111}, {"Node Type": "Bitmap Heap Scan", "Parent Relationship": "Inner", "Relation Name": "movie_info", "Alias": "mi", "Startup Cost": 4842.14, "Total Cost": 164942.53, "Plan Rows": 2717, "Plan Width": 50, "Actual Startup Time": 178.751, "Actual Total Time": 1106.147, "Actual Rows": 186594, "Actual Loops": 1, "Recheck Cond": "(info_type_id = it1.id)", "Rows Removed by Index Recheck": 0, "Filter": "((info)::text = ANY ('{Horror,Action,Sci-Fi,Thriller,Crime,War}'::text[]))", "Rows Removed by Filter": 1347315, "Exact Heap Blocks": 7426, "Lossy Heap Blocks": 7426, "Plans": [{"Node Type": "Bitmap Index Scan", "Parent Relationship": "Outer", "Index Name": "info_type_id_movie_info", "Startup Cost": 0.0, "Total Cost": 4841.46, "Plan Rows": 212428, "Plan Width": 0, "Actual Startup Time": 177.343, "Actual Total Time": 177.343, "Actual Rows": 1533909, "Actual Loops": 1, "Index Cond": "(info_type_id = it1.id)"}]}]}, {"Node Type": "Index Scan", "Parent Relationship": "Inner", "Scan Direction": "Forward", "Index Name": "movie_id_movie_info_idx", "Relation Name": "movie_info_idx", "Alias": "mi_idx", "Startup Cost": 0.0, "Total Cost": 0.53, "Plan Rows": 2, "Plan Width": 13, "Actual Startup Time": 549.734, "Actual Total Time": 669.064, "Actual Rows": 307785, "Actual Loops": 186594, "Index Cond": "(movie_id = mi.movie_id)", "Rows Removed by Index Recheck": 0}]}]}, {"Node Type": "Index Scan", "Parent Relationship": "Inner", "Scan Direction": "Forward", "Index Name": "title_pkey", "Relation Name": "title", "Alias": "t", "Startup Cost": 0.0, "Total Cost": 0.4, "Plan Rows": 1, "Plan Width": 21, "Actual Startup Time": 418.676, "Actual Total Time": 418.676, "Actual Rows": 102516, "Actual Loops": 102516, "Index Cond": "(id = mi_idx.movie_id)", "Rows Removed by Index Recheck": 0}]}, {"Node Type": "Index Scan", "Parent Relationship": "Inner", "Scan Direction": "Forward", "Index Name": "movie_id_cast_info", "Relation Name": "cast_info", "Alias": "ci", "Startup Cost": 0.0, "Total Cost": 1.01, "Plan Rows": 1, "Plan Width": 8, "Actual Startup Time": 6602.685, "Actual Total Time": 7750.361, "Actual Rows": 54155, "Actual Loops": 102516, "Index Cond": "(movie_id = t.id)", "Rows Removed by Index Recheck": 0, "Filter": "((note)::text = ANY ('{(writer),\"(head writer)\",\"(written by)\",(story),\"(story editor)\"}'::text[]))", "Rows Removed by Filter": 3987641}]}, {"Node Type": "Index Scan", "Parent Relationship": "Inner", "Scan Direction": "Forward", "Index Name": "name_pkey", "Relation Name": "name", "Alias": "n", "Startup Cost": 0.0, "Total Cost": 0.49, "Plan Rows": 1, "Plan Width": 4, "Actual Startup Time": 340.016, "Actual Total Time": 340.016, "Actual Rows": 28073, "Actual Loops": 54155, "Index Cond": "(id = ci.person_id)", "Rows Removed by Index Recheck": 0, "Filter": "((gender)::text = 'm'::text)", "Rows Removed by Filter": 26082}]}]}, "Triggers": [], "Planner Runtime": 7, "Total Runtime": 10872.055, "Unique SQL Id": 3913857139}}, "(64, 6)": {"explain_plan": {"Plan": {"Node Type": "Aggregate", "Strategy": "Plain", "Startup Cost": 100448.81, "Total Cost": 100448.82, "Plan Rows": 1, "Plan Width": 160, "Plans": [{"Node Type": "Nested Loop", "Parent Relationship": "Outer", "Join Type": "Inner", "Startup Cost": 3.89, "Total Cost": 100438.21, "Plan Rows": 1413, "Plan Width": 64, "Inner Unique": true, "Plans": [{"Node Type": "Nested Loop", "Parent Relationship": "Outer", "Join Type": "Inner", "Startup Cost": 3.58, "Total Cost": 95432.79, "Plan Rows": 1155, "Plan Width": 68, "Inner Unique": false, "Plans": [{"Node Type": "Nested Loop", "Parent Relationship": "Outer", "Join Type": "Inner", "Startup Cost": 3.06, "Total Cost": 90590.12, "Plan Rows": 1044, "Plan Width": 76, "Inner Unique": true, "Join Filter": "(mi.movie_id = t.id)", "Plans": [{"Node Type": "Nested Loop", "Parent Relationship": "Outer", "Join Type": "Inner", "Startup Cost": 2.78, "Total Cost": 86090.93, "Plan Rows": 1044, "Plan Width": 55, "Inner Unique": false, "Join Filter": "(mi_idx.info_type_id = it2.id)", "Plans": [{"Node Type": "Seq Scan", "Parent Relationship": "Outer", "Relation Name": "info_type", "Alias": "it2", "Startup Cost": 0.0, "Total Cost": 2.4, "Plan Rows": 1, "Plan Width": 4, "Filter": "((info)::text = 'votes'::text)"}, {"Node Type": "Materialize", "Parent Relationship": "Inner", "Startup Cost": 2.78, "Total Cost": 86046.78, "Plan Rows": 4175, "Plan Width": 59, "Plans": [{"Node Type": "Nested Loop", "Parent Relationship": "Outer", "Join Type": "Inner", "Startup Cost": 2.78, "Total Cost": 86036.34, "Plan Rows": 4175, "Plan Width": 59, "Inner Unique": false, "Plans": [{"Node Type": "Hash Join", "Parent Relationship": "Outer", "Join Type": "Inner", "Startup Cost": 2.41, "Total Cost": 74048.91, "Plan Rows": 2717, "Plan Width": 46, "Inner Unique": true, "Hash Cond": "(mi.info_type_id = it1.id)", "Plans": [{"Node Type": "Streaming(type: LOCAL GATHER dop: 1/64)", "Parent Relationship": "Outer", "Startup Cost": 0.0, "Total Cost": 73306.19, "Plan Rows": 190170, "Plan Width": 50, "Plans": [{"Node Type": "Seq Scan", "Parent Relationship": "Outer", "Relation Name": "movie_info", "Alias": "mi", "Startup Cost": 0.0, "Total Cost": 69383.01, "Plan Rows": 190170, "Plan Width": 50, "Filter": "((info)::text = ANY ('{Horror,Action,Sci-Fi,Thriller,Crime,War}'::text[]))"}]}, {"Node Type": "Hash", "Parent Relationship": "Inner", "Startup Cost": 2.4, "Total Cost": 2.4, "Plan Rows": 1, "Plan Width": 4, "Plans": [{"Node Type": "Seq Scan", "Parent Relationship": "Outer", "Relation Name": "info_type", "Alias": "it1", "Startup Cost": 0.0, "Total Cost": 2.4, "Plan Rows": 1, "Plan Width": 4, "Filter": "((info)::text = 'genres'::text)"}]}]}, {"Node Type": "Bitmap Heap Scan", "Parent Relationship": "Inner", "Relation Name": "movie_info_idx", "Alias": "mi_idx", "Startup Cost": 0.37, "Total Cost": 4.39, "Plan Rows": 2, "Plan Width": 13, "Recheck Cond": "(movie_id = mi.movie_id)", "Plans": [{"Node Type": "Bitmap Index Scan", "Parent Relationship": "Outer", "Index Name": "movie_id_movie_info_idx", "Startup Cost": 0.0, "Total Cost": 0.37, "Plan Rows": 2, "Plan Width": 0, "Index Cond": "(movie_id = mi.movie_id)"}]}]}]}]}, {"Node Type": "Bitmap Heap Scan", "Parent Relationship": "Inner", "Relation Name": "title", "Alias": "t", "Startup Cost": 0.28, "Total Cost": 4.3, "Plan Rows": 1, "Plan Width": 21, "Recheck Cond": "(id = mi_idx.movie_id)", "Plans": [{"Node Type": "Bitmap Index Scan", "Parent Relationship": "Outer", "Index Name": "title_pkey", "Startup Cost": 0.0, "Total Cost": 0.28, "Plan Rows": 1, "Plan Width": 0, "Index Cond": "(id = mi_idx.movie_id)"}]}]}, {"Node Type": "Bitmap Heap Scan", "Parent Relationship": "Inner", "Relation Name": "cast_info", "Alias": "ci", "Startup Cost": 0.52, "Total Cost": 4.63, "Plan Rows": 1, "Plan Width": 8, "Recheck Cond": "(movie_id = t.id)", "Filter": "((note)::text = ANY ('{(writer),\"(head writer)\",\"(written by)\",(story),\"(story editor)\"}'::text[]))", "Plans": [{"Node Type": "Bitmap Index Scan", "Parent Relationship": "Outer", "Index Name": "movie_id_cast_info", "Startup Cost": 0.0, "Total Cost": 0.52, "Plan Rows": 6, "Plan Width": 0, "Index Cond": "(movie_id = t.id)"}]}]}, {"Node Type": "Bitmap Heap Scan", "Parent Relationship": "Inner", "Relation Name": "name", "Alias": "n", "Startup Cost": 0.31, "Total Cost": 4.32, "Plan Rows": 1, "Plan Width": 4, "Recheck Cond": "(id = ci.person_id)", "Filter": "((gender)::text = 'm'::text)", "Plans": [{"Node Type": "Bitmap Index Scan", "Parent Relationship": "Outer", "Index Name": "name_pkey", "Startup Cost": 0.0, "Total Cost": 0.31, "Plan Rows": 1, "Plan Width": 0, "Index Cond": "(id = ci.person_id)"}]}]}]}, "Unique SQL Id": 3913857139, "Planner Runtime": 76}, "explain_analyze_plan": {"Plan": {"Node Type": "Aggregate", "Strategy": "Plain", "Startup Cost": 100448.81, "Total Cost": 100448.82, "Plan Rows": 1, "Plan Width": 160, "Actual Min Startup Time": 12910.383, "Actual Max Startup Time": 12910.383, "Actual Min Total Time": 12910.384, "Actual Max Total Time": 12910.384, "Plans": [{"Node Type": "Nested Loop", "Parent Relationship": "Outer", "Join Type": "Inner", "Startup Cost": 3.89, "Total Cost": 100438.21, "Plan Rows": 1413, "Plan Width": 64, "Actual Min Startup Time": 1409.932, "Actual Max Startup Time": 1409.932, "Actual Min Total Time": 12862.925, "Actual Max Total Time": 12862.925, "Inner Unique": true, "Plans": [{"Node Type": "Nested Loop", "Parent Relationship": "Outer", "Join Type": "Inner", "Startup Cost": 3.58, "Total Cost": 95432.79, "Plan Rows": 1155, "Plan Width": 68, "Actual Min Startup Time": 1408.337, "Actual Max Startup Time": 1408.337, "Actual Min Total Time": 12355.647, "Actual Max Total Time": 12355.647, "Inner Unique": false, "Plans": [{"Node Type": "Nested Loop", "Parent Relationship": "Outer", "Join Type": "Inner", "Startup Cost": 3.06, "Total Cost": 90590.12, "Plan Rows": 1044, "Plan Width": 76, "Actual Min Startup Time": 1407.755, "Actual Max Startup Time": 1407.755, "Actual Min Total Time": 2366.475, "Actual Max Total Time": 2366.475, "Inner Unique": true, "Join Filter": "(mi.movie_id = t.id)", "Rows Removed by Join Filter": 0, "Plans": [{"Node Type": "Nested Loop", "Parent Relationship": "Outer", "Join Type": "Inner", "Startup Cost": 2.78, "Total Cost": 86090.93, "Plan Rows": 1044, "Plan Width": 55, "Actual Min Startup Time": 1407.708, "Actual Max Startup Time": 1407.708, "Actual Min Total Time": 1575.428, "Actual Max Total Time": 1575.428, "Inner Unique": false, "Join Filter": "(mi_idx.info_type_id = it2.id)", "Rows Removed by Join Filter": 205269, "Plans": [{"Node Type": "Seq Scan", "Parent Relationship": "Outer", "Relation Name": "info_type", "Alias": "it2", "Startup Cost": 0.0, "Total Cost": 2.4, "Plan Rows": 1, "Plan Width": 4, "Actual Min Startup Time": 0.156, "Actual Max Startup Time": 0.156, "Actual Min Total Time": 0.17, "Actual Max Total Time": 0.17, "Filter": "((info)::text = 'votes'::text)", "Rows Removed by Filter": 111, "Actual Rows": 1}, {"Node Type": "Materialize", "Parent Relationship": "Inner", "Startup Cost": 2.78, "Total Cost": 86046.78, "Plan Rows": 4175, "Plan Width": 59, "Actual Min Startup Time": 1407.53, "Actual Max Startup Time": 1407.53, "Actual Min Total Time": 1456.3, "Actual Max Total Time": 1456.3, "Plans": [{"Node Type": "Nested Loop", "Parent Relationship": "Outer", "Join Type": "Inner", "Startup Cost": 2.78, "Total Cost": 86036.34, "Plan Rows": 4175, "Plan Width": 59, "Actual Min Startup Time": 137.975, "Actual Max Startup Time": 137.975, "Actual Min Total Time": 1318.53, "Actual Max Total Time": 1318.53, "Inner Unique": false, "Plans": [{"Node Type": "Hash Join", "Parent Relationship": "Outer", "Join Type": "Inner", "Startup Cost": 2.41, "Total Cost": 74048.91, "Plan Rows": 2717, "Plan Width": 46, "Actual Min Startup Time": 137.912, "Actual Max Startup Time": 137.912, "Actual Min Total Time": 307.269, "Actual Max Total Time": 307.269, "Inner Unique": true, "Hash Cond": "(mi.info_type_id = it1.id)", "Plans": [{"Node Type": "Streaming(type: LOCAL GATHER dop: 1/64)", "Parent Relationship": "Outer", "Startup Cost": 0.0, "Total Cost": 73306.19, "Plan Rows": 190170, "Plan Width": 50, "Actual Min Startup Time": 137.751, "Actual Max Startup Time": 137.751, "Actual Min Total Time": 206.759, "Actual Max Total Time": 206.759, "Plans": [{"Node Type": "Seq Scan", "Parent Relationship": "Outer", "Relation Name": "movie_info", "Alias": "mi", "Startup Cost": 0.0, "Total Cost": 69383.01, "Plan Rows": 190170, "Plan Width": 50, "Actual Min Startup Time": 55.52, "Actual Max Startup Time": 129.351, "Actual Min Total Time": 110.225, "Actual Max Total Time": 140.319, "Filter": "((info)::text = ANY ('{Horror,Action,Sci-Fi,Thriller,Crime,War}'::text[]))", "Rows Removed by Filter": 14646748, "Actual Rows": 188971}], "Actual Rows": 188971}, {"Node Type": "Hash", "Parent Relationship": "Inner", "Startup Cost": 2.4, "Total Cost": 2.4, "Plan Rows": 1, "Plan Width": 4, "Actual Min Startup Time": 0.088, "Actual Max Startup Time": 0.088, "Actual Min Total Time": 0.088, "Actual Max Total Time": 0.088, "Max Hash Buckets": 32768, "Min Hash Buckets": 32768, "Max Hash Batches": 1, "Min Hash Batches": 1, "Max Original Hash Batches": 1, "Min Original Hash Batches": 1, "Max Peak Memory Usage": 1, "min Peak Memory Usage": 1, "Plans": [{"Node Type": "Seq Scan", "Parent Relationship": "Outer", "Relation Name": "info_type", "Alias": "it1", "Startup Cost": 0.0, "Total Cost": 2.4, "Plan Rows": 1, "Plan Width": 4, "Actual Min Startup Time": 0.052, "Actual Max Startup Time": 0.052, "Actual Min Total Time": 0.076, "Actual Max Total Time": 0.076, "Filter": "((info)::text = 'genres'::text)", "Rows Removed by Filter": 111, "Actual Rows": 1}], "Actual Rows": 1}], "Actual Rows": 186594}, {"Node Type": "Bitmap Heap Scan", "Parent Relationship": "Inner", "Relation Name": "movie_info_idx", "Alias": "mi_idx", "Startup Cost": 0.37, "Total Cost": 4.39, "Plan Rows": 2, "Plan Width": 13, "Actual Min Startup Time": 699.828, "Actual Max Startup Time": 699.828, "Actual Min Total Time": 741.696, "Actual Max Total Time": 741.696, "Recheck Cond": "(movie_id = mi.movie_id)", "Rows Removed by Index Recheck": 0, "Exact Heap Blocks": 103610, "Lossy Heap Blocks": 103610, "Plans": [{"Node Type": "Bitmap Index Scan", "Parent Relationship": "Outer", "Index Name": "movie_id_movie_info_idx", "Startup Cost": 0.0, "Total Cost": 0.37, "Plan Rows": 2, "Plan Width": 0, "Actual Min Startup Time": 470.017, "Actual Max Startup Time": 470.017, "Actual Min Total Time": 470.017, "Actual Max Total Time": 470.017, "Index Cond": "(movie_id = mi.movie_id)", "Actual Rows": 307785}], "Actual Rows": 307785}], "Actual Rows": 307785}], "Actual Rows": 307786}], "Actual Rows": 102516}, {"Node Type": "Bitmap Heap Scan", "Parent Relationship": "Inner", "Relation Name": "title", "Alias": "t", "Startup Cost": 0.28, "Total Cost": 4.3, "Plan Rows": 1, "Plan Width": 21, "Actual Min Startup Time": 595.953, "Actual Max Startup Time": 595.953, "Actual Min Total Time": 595.953, "Actual Max Total Time": 595.953, "Recheck Cond": "(id = mi_idx.movie_id)", "Rows Removed by Index Recheck": 0, "Exact Heap Blocks": 102516, "Lossy Heap Blocks": 102516, "Plans": [{"Node Type": "Bitmap Index Scan", "Parent Relationship": "Outer", "Index Name": "title_pkey", "Startup Cost": 0.0, "Total Cost": 0.28, "Plan Rows": 1, "Plan Width": 0, "Actual Min Startup Time": 327.784, "Actual Max Startup Time": 327.784, "Actual Min Total Time": 327.784, "Actual Max Total Time": 327.784, "Index Cond": "(id = mi_idx.movie_id)", "Actual Rows": 102516}], "Actual Rows": 102516}], "Actual Rows": 102516}, {"Node Type": "Bitmap Heap Scan", "Parent Relationship": "Inner", "Relation Name": "cast_info", "Alias": "ci", "Startup Cost": 0.52, "Total Cost": 4.63, "Plan Rows": 1, "Plan Width": 8, "Actual Min Startup Time": 8503.304, "Actual Max Startup Time": 8503.304, "Actual Min Total Time": 9823.533, "Actual Max Total Time": 9823.533, "Recheck Cond": "(movie_id = t.id)", "Rows Removed by Index Recheck": 0, "Filter": "((note)::text = ANY ('{(writer),\"(head writer)\",\"(written by)\",(story),\"(story editor)\"}'::text[]))", "Rows Removed by Filter": 3987641, "Exact Heap Blocks": 3901088, "Lossy Heap Blocks": 3901088, "Plans": [{"Node Type": "Bitmap Index Scan", "Parent Relationship": "Outer", "Index Name": "movie_id_cast_info", "Startup Cost": 0.0, "Total Cost": 0.52, "Plan Rows": 6, "Plan Width": 0, "Actual Min Startup Time": 1075.725, "Actual Max Startup Time": 1075.725, "Actual Min Total Time": 1075.725, "Actual Max Total Time": 1075.725, "Index Cond": "(movie_id = t.id)", "Actual Rows": 4041796}], "Actual Rows": 54155}], "Actual Rows": 54155}, {"Node Type": "Bitmap Heap Scan", "Parent Relationship": "Inner", "Relation Name": "name", "Alias": "n", "Startup Cost": 0.31, "Total Cost": 4.32, "Plan Rows": 1, "Plan Width": 4, "Actual Min Startup Time": 418.914, "Actual Max Startup Time": 418.914, "Actual Min Total Time": 418.914, "Actual Max Total Time": 418.914, "Recheck Cond": "(id = ci.person_id)", "Rows Removed by Index Recheck": 0, "Filter": "((gender)::text = 'm'::text)", "Rows Removed by Filter": 26082, "Exact Heap Blocks": 54155, "Lossy Heap Blocks": 54155, "Plans": [{"Node Type": "Bitmap Index Scan", "Parent Relationship": "Outer", "Index Name": "name_pkey", "Startup Cost": 0.0, "Total Cost": 0.31, "Plan Rows": 1, "Plan Width": 0, "Actual Min Startup Time": 265.16, "Actual Max Startup Time": 265.16, "Actual Min Total Time": 265.16, "Actual Max Total Time": 265.16, "Index Cond": "(id = ci.person_id)", "Actual Rows": 54155}], "Actual Rows": 28073}], "Actual Rows": 28073}], "Actual Rows": 1}, "Triggers": [], "Planner Runtime": 62, "Total Runtime": 12924.618, "Unique SQL Id": 3913857139}}, "(64, 7)": {"explain_plan": {"Plan": {"Node Type": "Aggregate", "Strategy": "Plain", "Startup Cost": 191395.62, "Total Cost": 191395.63, "Plan Rows": 1, "Plan Width": 160, "Plans": [{"Node Type": "Nested Loop", "Parent Relationship": "Outer", "Join Type": "Inner", "Startup Cost": 4861.24, "Total Cost": 191385.02, "Plan Rows": 1413, "Plan Width": 64, "Inner Unique": true, "Plans": [{"Node Type": "Nested Loop", "Parent Relationship": "Outer", "Join Type": "Inner", "Startup Cost": 4860.93, "Total Cost": 186379.6, "Plan Rows": 1155, "Plan Width": 68, "Inner Unique": false, "Plans": [{"Node Type": "Nested Loop", "Parent Relationship": "Outer", "Join Type": "Inner", "Startup Cost": 4860.41, "Total Cost": 181536.93, "Plan Rows": 1044, "Plan Width": 76, "Inner Unique": true, "Join Filter": "(mi.movie_id = t.id)", "Plans": [{"Node Type": "Nested Loop", "Parent Relationship": "Outer", "Join Type": "Inner", "Startup Cost": 4860.13, "Total Cost": 177037.74, "Plan Rows": 1044, "Plan Width": 55, "Inner Unique": false, "Join Filter": "(mi_idx.info_type_id = it2.id)", "Plans": [{"Node Type": "Bitmap Heap Scan", "Parent Relationship": "Outer", "Relation Name": "info_type", "Alias": "it2", "Startup Cost": 8.81, "Total Cost": 14.21, "Plan Rows": 1, "Plan Width": 4, "Filter": "((info)::text = 'votes'::text)", "Plans": [{"Node Type": "Bitmap Index Scan", "Parent Relationship": "Outer", "Index Name": "info_type_pkey", "Startup Cost": 0.0, "Total Cost": 8.81, "Plan Rows": 112, "Plan Width": 0}]}, {"Node Type": "Nested Loop", "Parent Relationship": "Inner", "Join Type": "Inner", "Startup Cost": 4851.32, "Total Cost": 176971.34, "Plan Rows": 4175, "Plan Width": 59, "Inner Unique": false, "Plans": [{"Node Type": "Nested Loop", "Parent Relationship": "Outer", "Join Type": "Inner", "Startup Cost": 4850.95, "Total Cost": 164983.91, "Plan Rows": 2717, "Plan Width": 46, "Inner Unique": false, "Plans": [{"Node Type": "Bitmap Heap Scan", "Parent Relationship": "Outer", "Relation Name": "info_type", "Alias": "it1", "Startup Cost": 8.81, "Total Cost": 14.21, "Plan Rows": 1, "Plan Width": 4, "Filter": "((info)::text = 'genres'::text)", "Plans": [{"Node Type": "Bitmap Index Scan", "Parent Relationship": "Outer", "Index Name": "info_type_pkey", "Startup Cost": 0.0, "Total Cost": 8.81, "Plan Rows": 112, "Plan Width": 0}]}, {"Node Type": "Bitmap Heap Scan", "Parent Relationship": "Inner", "Relation Name": "movie_info", "Alias": "mi", "Startup Cost": 4842.14, "Total Cost": 164942.53, "Plan Rows": 2717, "Plan Width": 50, "Recheck Cond": "(info_type_id = it1.id)", "Filter": "((info)::text = ANY ('{Horror,Action,Sci-Fi,Thriller,Crime,War}'::text[]))", "Plans": [{"Node Type": "Bitmap Index Scan", "Parent Relationship": "Outer", "Index Name": "info_type_id_movie_info", "Startup Cost": 0.0, "Total Cost": 4841.46, "Plan Rows": 212428, "Plan Width": 0, "Index Cond": "(info_type_id = it1.id)"}]}]}, {"Node Type": "Bitmap Heap Scan", "Parent Relationship": "Inner", "Relation Name": "movie_info_idx", "Alias": "mi_idx", "Startup Cost": 0.37, "Total Cost": 4.39, "Plan Rows": 2, "Plan Width": 13, "Recheck Cond": "(movie_id = mi.movie_id)", "Plans": [{"Node Type": "Bitmap Index Scan", "Parent Relationship": "Outer", "Index Name": "movie_id_movie_info_idx", "Startup Cost": 0.0, "Total Cost": 0.37, "Plan Rows": 2, "Plan Width": 0, "Index Cond": "(movie_id = mi.movie_id)"}]}]}]}, {"Node Type": "Bitmap Heap Scan", "Parent Relationship": "Inner", "Relation Name": "title", "Alias": "t", "Startup Cost": 0.28, "Total Cost": 4.3, "Plan Rows": 1, "Plan Width": 21, "Recheck Cond": "(id = mi_idx.movie_id)", "Plans": [{"Node Type": "Bitmap Index Scan", "Parent Relationship": "Outer", "Index Name": "title_pkey", "Startup Cost": 0.0, "Total Cost": 0.28, "Plan Rows": 1, "Plan Width": 0, "Index Cond": "(id = mi_idx.movie_id)"}]}]}, {"Node Type": "Bitmap Heap Scan", "Parent Relationship": "Inner", "Relation Name": "cast_info", "Alias": "ci", "Startup Cost": 0.52, "Total Cost": 4.63, "Plan Rows": 1, "Plan Width": 8, "Recheck Cond": "(movie_id = t.id)", "Filter": "((note)::text = ANY ('{(writer),\"(head writer)\",\"(written by)\",(story),\"(story editor)\"}'::text[]))", "Plans": [{"Node Type": "Bitmap Index Scan", "Parent Relationship": "Outer", "Index Name": "movie_id_cast_info", "Startup Cost": 0.0, "Total Cost": 0.52, "Plan Rows": 6, "Plan Width": 0, "Index Cond": "(movie_id = t.id)"}]}]}, {"Node Type": "Bitmap Heap Scan", "Parent Relationship": "Inner", "Relation Name": "name", "Alias": "n", "Startup Cost": 0.31, "Total Cost": 4.32, "Plan Rows": 1, "Plan Width": 4, "Recheck Cond": "(id = ci.person_id)", "Filter": "((gender)::text = 'm'::text)", "Plans": [{"Node Type": "Bitmap Index Scan", "Parent Relationship": "Outer", "Index Name": "name_pkey", "Startup Cost": 0.0, "Total Cost": 0.31, "Plan Rows": 1, "Plan Width": 0, "Index Cond": "(id = ci.person_id)"}]}]}]}, "Unique SQL Id": 3913857139, "Planner Runtime": 32}, "explain_analyze_plan": {"Plan": {"Node Type": "Aggregate", "Strategy": "Plain", "Startup Cost": 191395.62, "Total Cost": 191395.63, "Plan Rows": 1, "Plan Width": 160, "Actual Startup Time": 13580.726, "Actual Total Time": 13580.726, "Actual Rows": 1, "Actual Loops": 1, "Plans": [{"Node Type": "Nested Loop", "Parent Relationship": "Outer", "Join Type": "Inner", "Startup Cost": 4861.24, "Total Cost": 191385.02, "Plan Rows": 1413, "Plan Width": 64, "Actual Startup Time": 182.856, "Actual Total Time": 13524.954, "Actual Rows": 28073, "Actual Loops": 1, "Inner Unique": true, "Plans": [{"Node Type": "Nested Loop", "Parent Relationship": "Outer", "Join Type": "Inner", "Startup Cost": 4860.93, "Total Cost": 186379.6, "Plan Rows": 1155, "Plan Width": 68, "Actual Startup Time": 180.203, "Actual Total Time": 13012.912, "Actual Rows": 54155, "Actual Loops": 1, "Inner Unique": false, "Plans": [{"Node Type": "Nested Loop", "Parent Relationship": "Outer", "Join Type": "Inner", "Startup Cost": 4860.41, "Total Cost": 181536.93, "Plan Rows": 1044, "Plan Width": 76, "Actual Startup Time": 177.143, "Actual Total Time": 3136.935, "Actual Rows": 102516, "Actual Loops": 1, "Inner Unique": true, "Join Filter": "(mi.movie_id = t.id)", "Rows Removed by Join Filter": 0, "Plans": [{"Node Type": "Nested Loop", "Parent Relationship": "Outer", "Join Type": "Inner", "Startup Cost": 4860.13, "Total Cost": 177037.74, "Plan Rows": 1044, "Plan Width": 55, "Actual Startup Time": 177.118, "Actual Total Time": 2402.755, "Actual Rows": 102516, "Actual Loops": 1, "Inner Unique": false, "Join Filter": "(mi_idx.info_type_id = it2.id)", "Rows Removed by Join Filter": 205269, "Plans": [{"Node Type": "Bitmap Heap Scan", "Parent Relationship": "Outer", "Relation Name": "info_type", "Alias": "it2", "Startup Cost": 8.81, "Total Cost": 14.21, "Plan Rows": 1, "Plan Width": 4, "Actual Startup Time": 0.081, "Actual Total Time": 0.085, "Actual Rows": 1, "Actual Loops": 1, "Filter": "((info)::text = 'votes'::text)", "Rows Removed by Filter": 111, "Exact Heap Blocks": 1, "Lossy Heap Blocks": 1, "Plans": [{"Node Type": "Bitmap Index Scan", "Parent Relationship": "Outer", "Index Name": "info_type_pkey", "Startup Cost": 0.0, "Total Cost": 8.81, "Plan Rows": 112, "Plan Width": 0, "Actual Startup Time": 0.019, "Actual Total Time": 0.019, "Actual Rows": 112, "Actual Loops": 1}]}, {"Node Type": "Nested Loop", "Parent Relationship": "Inner", "Join Type": "Inner", "Startup Cost": 4851.32, "Total Cost": 176971.34, "Plan Rows": 4175, "Plan Width": 59, "Actual Startup Time": 177.024, "Actual Total Time": 2302.393, "Actual Rows": 307785, "Actual Loops": 1, "Inner Unique": false, "Plans": [{"Node Type": "Nested Loop", "Parent Relationship": "Outer", "Join Type": "Inner", "Startup Cost": 4850.95, "Total Cost": 164983.91, "Plan Rows": 2717, "Plan Width": 46, "Actual Startup Time": 176.982, "Actual Total Time": 1162.537, "Actual Rows": 186594, "Actual Loops": 1, "Inner Unique": false, "Plans": [{"Node Type": "Bitmap Heap Scan", "Parent Relationship": "Outer", "Relation Name": "info_type", "Alias": "it1", "Startup Cost": 8.81, "Total Cost": 14.21, "Plan Rows": 1, "Plan Width": 4, "Actual Startup Time": 0.031, "Actual Total Time": 0.059, "Actual Rows": 1, "Actual Loops": 1, "Filter": "((info)::text = 'genres'::text)", "Rows Removed by Filter": 111, "Exact Heap Blocks": 1, "Lossy Heap Blocks": 1, "Plans": [{"Node Type": "Bitmap Index Scan", "Parent Relationship": "Outer", "Index Name": "info_type_pkey", "Startup Cost": 0.0, "Total Cost": 8.81, "Plan Rows": 112, "Plan Width": 0, "Actual Startup Time": 0.008, "Actual Total Time": 0.008, "Actual Rows": 112, "Actual Loops": 1}]}, {"Node Type": "Bitmap Heap Scan", "Parent Relationship": "Inner", "Relation Name": "movie_info", "Alias": "mi", "Startup Cost": 4842.14, "Total Cost": 164942.53, "Plan Rows": 2717, "Plan Width": 50, "Actual Startup Time": 176.947, "Actual Total Time": 1117.951, "Actual Rows": 186594, "Actual Loops": 1, "Recheck Cond": "(info_type_id = it1.id)", "Rows Removed by Index Recheck": 0, "Filter": "((info)::text = ANY ('{Horror,Action,Sci-Fi,Thriller,Crime,War}'::text[]))", "Rows Removed by Filter": 1347315, "Exact Heap Blocks": 7426, "Lossy Heap Blocks": 7426, "Plans": [{"Node Type": "Bitmap Index Scan", "Parent Relationship": "Outer", "Index Name": "info_type_id_movie_info", "Startup Cost": 0.0, "Total Cost": 4841.46, "Plan Rows": 212428, "Plan Width": 0, "Actual Startup Time": 175.581, "Actual Total Time": 175.581, "Actual Rows": 1533909, "Actual Loops": 1, "Index Cond": "(info_type_id = it1.id)"}]}]}, {"Node Type": "Bitmap Heap Scan", "Parent Relationship": "Inner", "Relation Name": "movie_info_idx", "Alias": "mi_idx", "Startup Cost": 0.37, "Total Cost": 4.39, "Plan Rows": 2, "Plan Width": 13, "Actual Startup Time": 777.609, "Actual Total Time": 823.786, "Actual Rows": 307785, "Actual Loops": 186594, "Recheck Cond": "(movie_id = mi.movie_id)", "Rows Removed by Index Recheck": 0, "Exact Heap Blocks": 103610, "Lossy Heap Blocks": 103610, "Plans": [{"Node Type": "Bitmap Index Scan", "Parent Relationship": "Outer", "Index Name": "movie_id_movie_info_idx", "Startup Cost": 0.0, "Total Cost": 0.37, "Plan Rows": 2, "Plan Width": 0, "Actual Startup Time": 528.311, "Actual Total Time": 528.311, "Actual Rows": 307785, "Actual Loops": 186594, "Index Cond": "(movie_id = mi.movie_id)"}]}]}]}, {"Node Type": "Bitmap Heap Scan", "Parent Relationship": "Inner", "Relation Name": "title", "Alias": "t", "Startup Cost": 0.28, "Total Cost": 4.3, "Plan Rows": 1, "Plan Width": 21, "Actual Startup Time": 553.231, "Actual Total Time": 553.231, "Actual Rows": 102516, "Actual Loops": 102516, "Recheck Cond": "(id = mi_idx.movie_id)", "Rows Removed by Index Recheck": 0, "Exact Heap Blocks": 102516, "Lossy Heap Blocks": 102516, "Plans": [{"Node Type": "Bitmap Index Scan", "Parent Relationship": "Outer", "Index Name": "title_pkey", "Startup Cost": 0.0, "Total Cost": 0.28, "Plan Rows": 1, "Plan Width": 0, "Actual Startup Time": 303.255, "Actual Total Time": 303.255, "Actual Rows": 102516, "Actual Loops": 102516, "Index Cond": "(id = mi_idx.movie_id)"}]}]}, {"Node Type": "Bitmap Heap Scan", "Parent Relationship": "Inner", "Relation Name": "cast_info", "Alias": "ci", "Startup Cost": 0.52, "Total Cost": 4.63, "Plan Rows": 1, "Plan Width": 8, "Actual Startup Time": 8405.75, "Actual Total Time": 9708.17, "Actual Rows": 54155, "Actual Loops": 102516, "Recheck Cond": "(movie_id = t.id)", "Rows Removed by Index Recheck": 0, "Filter": "((note)::text = ANY ('{(writer),\"(head writer)\",\"(written by)\",(story),\"(story editor)\"}'::text[]))", "Rows Removed by Filter": 3987641, "Exact Heap Blocks": 3901088, "Lossy Heap Blocks": 3901088, "Plans": [{"Node Type": "Bitmap Index Scan", "Parent Relationship": "Outer", "Index Name": "movie_id_cast_info", "Startup Cost": 0.0, "Total Cost": 0.52, "Plan Rows": 6, "Plan Width": 0, "Actual Startup Time": 1067.615, "Actual Total Time": 1067.615, "Actual Rows": 4041796, "Actual Loops": 102516, "Index Cond": "(movie_id = t.id)"}]}]}, {"Node Type": "Bitmap Heap Scan", "Parent Relationship": "Inner", "Relation Name": "name", "Alias": "n", "Startup Cost": 0.31, "Total Cost": 4.32, "Plan Rows": 1, "Plan Width": 4, "Actual Startup Time": 417.007, "Actual Total Time": 417.007, "Actual Rows": 28073, "Actual Loops": 54155, "Recheck Cond": "(id = ci.person_id)", "Rows Removed by Index Recheck": 0, "Filter": "((gender)::text = 'm'::text)", "Rows Removed by Filter": 26082, "Exact Heap Blocks": 54155, "Lossy Heap Blocks": 54155, "Plans": [{"Node Type": "Bitmap Index Scan", "Parent Relationship": "Outer", "Index Name": "name_pkey", "Startup Cost": 0.0, "Total Cost": 0.31, "Plan Rows": 1, "Plan Width": 0, "Actual Startup Time": 263.412, "Actual Total Time": 263.412, "Actual Rows": 54155, "Actual Loops": 54155, "Index Cond": "(id = ci.person_id)"}]}]}]}, "Triggers": [], "Planner Runtime": 8, "Total Runtime": 13581.043, "Unique SQL Id": 3913857139}}, "(64, 8)": {"explain_plan": {"Plan": {"Node Type": "Aggregate", "Strategy": "Plain", "Startup Cost": 77671.24, "Total Cost": 77671.25, "Plan Rows": 1, "Plan Width": 160, "Plans": [{"Node Type": "Nested Loop", "Parent Relationship": "Outer", "Join Type": "Inner", "Startup Cost": 2.41, "Total Cost": 77660.64, "Plan Rows": 1413, "Plan Width": 64, "Inner Unique": true, "Plans": [{"Node Type": "Nested Loop", "Parent Relationship": "Outer", "Join Type": "Inner", "Startup Cost": 2.41, "Total Cost": 77081.37, "Plan Rows": 1155, "Plan Width": 68, "Inner Unique": false, "Plans": [{"Node Type": "Nested Loop", "Parent Relationship": "Outer", "Join Type": "Inner", "Startup Cost": 2.41, "Total Cost": 76019.74, "Plan Rows": 1044, "Plan Width": 76, "Inner Unique": true, "Join Filter": "(mi.movie_id = t.id)", "Plans": [{"Node Type": "Nested Loop", "Parent Relationship": "Outer", "Join Type": "Inner", "Startup Cost": 2.41, "Total Cost": 75591.55, "Plan Rows": 1044, "Plan Width": 55, "Inner Unique": false, "Join Filter": "(mi_idx.info_type_id = it2.id)", "Plans": [{"Node Type": "Seq Scan", "Parent Relationship": "Outer", "Relation Name": "info_type", "Alias": "it2", "Startup Cost": 0.0, "Total Cost": 2.4, "Plan Rows": 1, "Plan Width": 4, "Filter": "((info)::text = 'votes'::text)"}, {"Node Type": "Materialize", "Parent Relationship": "Inner", "Startup Cost": 2.41, "Total Cost": 75547.4, "Plan Rows": 4175, "Plan Width": 59, "Plans": [{"Node Type": "Nested Loop", "Parent Relationship": "Outer", "Join Type": "Inner", "Startup Cost": 2.41, "Total Cost": 75536.96, "Plan Rows": 4175, "Plan Width": 59, "Inner Unique": false, "Plans": [{"Node Type": "Hash Join", "Parent Relationship": "Outer", "Join Type": "Inner", "Startup Cost": 2.41, "Total Cost": 74048.91, "Plan Rows": 2717, "Plan Width": 46, "Inner Unique": true, "Hash Cond": "(mi.info_type_id = it1.id)", "Plans": [{"Node Type": "Streaming(type: LOCAL GATHER dop: 1/64)", "Parent Relationship": "Outer", "Startup Cost": 0.0, "Total Cost": 73306.19, "Plan Rows": 190170, "Plan Width": 50, "Plans": [{"Node Type": "Seq Scan", "Parent Relationship": "Outer", "Relation Name": "movie_info", "Alias": "mi", "Startup Cost": 0.0, "Total Cost": 69383.01, "Plan Rows": 190170, "Plan Width": 50, "Filter": "((info)::text = ANY ('{Horror,Action,Sci-Fi,Thriller,Crime,War}'::text[]))"}]}, {"Node Type": "Hash", "Parent Relationship": "Inner", "Startup Cost": 2.4, "Total Cost": 2.4, "Plan Rows": 1, "Plan Width": 4, "Plans": [{"Node Type": "Seq Scan", "Parent Relationship": "Outer", "Relation Name": "info_type", "Alias": "it1", "Startup Cost": 0.0, "Total Cost": 2.4, "Plan Rows": 1, "Plan Width": 4, "Filter": "((info)::text = 'genres'::text)"}]}]}, {"Node Type": "Index Scan", "Parent Relationship": "Inner", "Scan Direction": "Forward", "Index Name": "movie_id_movie_info_idx", "Relation Name": "movie_info_idx", "Alias": "mi_idx", "Startup Cost": 0.0, "Total Cost": 0.53, "Plan Rows": 2, "Plan Width": 13, "Index Cond": "(movie_id = mi.movie_id)"}]}]}]}, {"Node Type": "Index Scan", "Parent Relationship": "Inner", "Scan Direction": "Forward", "Index Name": "title_pkey", "Relation Name": "title", "Alias": "t", "Startup Cost": 0.0, "Total Cost": 0.4, "Plan Rows": 1, "Plan Width": 21, "Index Cond": "(id = mi_idx.movie_id)"}]}, {"Node Type": "Index Scan", "Parent Relationship": "Inner", "Scan Direction": "Forward", "Index Name": "movie_id_cast_info", "Relation Name": "cast_info", "Alias": "ci", "Startup Cost": 0.0, "Total Cost": 1.01, "Plan Rows": 1, "Plan Width": 8, "Index Cond": "(movie_id = t.id)", "Filter": "((note)::text = ANY ('{(writer),\"(head writer)\",\"(written by)\",(story),\"(story editor)\"}'::text[]))"}]}, {"Node Type": "Index Scan", "Parent Relationship": "Inner", "Scan Direction": "Forward", "Index Name": "name_pkey", "Relation Name": "name", "Alias": "n", "Startup Cost": 0.0, "Total Cost": 0.49, "Plan Rows": 1, "Plan Width": 4, "Index Cond": "(id = ci.person_id)", "Filter": "((gender)::text = 'm'::text)"}]}]}, "Unique SQL Id": 3913857139, "Planner Runtime": 61}, "explain_analyze_plan": {"Plan": {"Node Type": "Aggregate", "Strategy": "Plain", "Startup Cost": 77671.24, "Total Cost": 77671.25, "Plan Rows": 1, "Plan Width": 160, "Actual Min Startup Time": 9783.508, "Actual Max Startup Time": 9783.508, "Actual Min Total Time": 9783.509, "Actual Max Total Time": 9783.509, "Plans": [{"Node Type": "Nested Loop", "Parent Relationship": "Outer", "Join Type": "Inner", "Startup Cost": 2.41, "Total Cost": 77660.64, "Plan Rows": 1413, "Plan Width": 64, "Actual Min Startup Time": 1152.408, "Actual Max Startup Time": 1152.408, "Actual Min Total Time": 9742.428, "Actual Max Total Time": 9742.428, "Inner Unique": true, "Plans": [{"Node Type": "Nested Loop", "Parent Relationship": "Outer", "Join Type": "Inner", "Startup Cost": 2.41, "Total Cost": 77081.37, "Plan Rows": 1155, "Plan Width": 68, "Actual Min Startup Time": 1151.067, "Actual Max Startup Time": 1151.067, "Actual Min Total Time": 9371.761, "Actual Max Total Time": 9371.761, "Inner Unique": false, "Plans": [{"Node Type": "Nested Loop", "Parent Relationship": "Outer", "Join Type": "Inner", "Startup Cost": 2.41, "Total Cost": 76019.74, "Plan Rows": 1044, "Plan Width": 76, "Actual Min Startup Time": 1150.588, "Actual Max Startup Time": 1150.588, "Actual Min Total Time": 1851.533, "Actual Max Total Time": 1851.533, "Inner Unique": true, "Join Filter": "(mi.movie_id = t.id)", "Rows Removed by Join Filter": 0, "Plans": [{"Node Type": "Nested Loop", "Parent Relationship": "Outer", "Join Type": "Inner", "Startup Cost": 2.41, "Total Cost": 75591.55, "Plan Rows": 1044, "Plan Width": 55, "Actual Min Startup Time": 1150.561, "Actual Max Startup Time": 1150.561, "Actual Min Total Time": 1313.622, "Actual Max Total Time": 1313.622, "Inner Unique": false, "Join Filter": "(mi_idx.info_type_id = it2.id)", "Rows Removed by Join Filter": 205269, "Plans": [{"Node Type": "Seq Scan", "Parent Relationship": "Outer", "Relation Name": "info_type", "Alias": "it2", "Startup Cost": 0.0, "Total Cost": 2.4, "Plan Rows": 1, "Plan Width": 4, "Actual Min Startup Time": 0.056, "Actual Max Startup Time": 0.056, "Actual Min Total Time": 0.069, "Actual Max Total Time": 0.069, "Filter": "((info)::text = 'votes'::text)", "Rows Removed by Filter": 111, "Actual Rows": 1}, {"Node Type": "Materialize", "Parent Relationship": "Inner", "Startup Cost": 2.41, "Total Cost": 75547.4, "Plan Rows": 4175, "Plan Width": 59, "Actual Min Startup Time": 1150.491, "Actual Max Startup Time": 1150.491, "Actual Min Total Time": 1199.666, "Actual Max Total Time": 1199.666, "Plans": [{"Node Type": "Nested Loop", "Parent Relationship": "Outer", "Join Type": "Inner", "Startup Cost": 2.41, "Total Cost": 75536.96, "Plan Rows": 4175, "Plan Width": 59, "Actual Min Startup Time": 140.729, "Actual Max Startup Time": 140.729, "Actual Min Total Time": 1061.537, "Actual Max Total Time": 1061.537, "Inner Unique": false, "Plans": [{"Node Type": "Hash Join", "Parent Relationship": "Outer", "Join Type": "Inner", "Startup Cost": 2.41, "Total Cost": 74048.91, "Plan Rows": 2717, "Plan Width": 46, "Actual Min Startup Time": 140.692, "Actual Max Startup Time": 140.692, "Actual Min Total Time": 290.405, "Actual Max Total Time": 290.405, "Inner Unique": true, "Hash Cond": "(mi.info_type_id = it1.id)", "Plans": [{"Node Type": "Streaming(type: LOCAL GATHER dop: 1/64)", "Parent Relationship": "Outer", "Startup Cost": 0.0, "Total Cost": 73306.19, "Plan Rows": 190170, "Plan Width": 50, "Actual Min Startup Time": 122.916, "Actual Max Startup Time": 122.916, "Actual Min Total Time": 196.412, "Actual Max Total Time": 196.412, "Plans": [{"Node Type": "Seq Scan", "Parent Relationship": "Outer", "Relation Name": "movie_info", "Alias": "mi", "Startup Cost": 0.0, "Total Cost": 69383.01, "Plan Rows": 190170, "Plan Width": 50, "Actual Min Startup Time": 55.514, "Actual Max Startup Time": 109.982, "Actual Min Total Time": 109.636, "Actual Max Total Time": 142.334, "Filter": "((info)::text = ANY ('{Horror,Action,Sci-Fi,Thriller,Crime,War}'::text[]))", "Rows Removed by Filter": 14646748, "Actual Rows": 188971}], "Actual Rows": 188971}, {"Node Type": "Hash", "Parent Relationship": "Inner", "Startup Cost": 2.4, "Total Cost": 2.4, "Plan Rows": 1, "Plan Width": 4, "Actual Min Startup Time": 0.096, "Actual Max Startup Time": 0.096, "Actual Min Total Time": 0.096, "Actual Max Total Time": 0.096, "Max Hash Buckets": 32768, "Min Hash Buckets": 32768, "Max Hash Batches": 1, "Min Hash Batches": 1, "Max Original Hash Batches": 1, "Min Original Hash Batches": 1, "Max Peak Memory Usage": 1, "min Peak Memory Usage": 1, "Plans": [{"Node Type": "Seq Scan", "Parent Relationship": "Outer", "Relation Name": "info_type", "Alias": "it1", "Startup Cost": 0.0, "Total Cost": 2.4, "Plan Rows": 1, "Plan Width": 4, "Actual Min Startup Time": 0.063, "Actual Max Startup Time": 0.063, "Actual Min Total Time": 0.087, "Actual Max Total Time": 0.087, "Filter": "((info)::text = 'genres'::text)", "Rows Removed by Filter": 111, "Actual Rows": 1}], "Actual Rows": 1}], "Actual Rows": 186594}, {"Node Type": "Index Scan", "Parent Relationship": "Inner", "Scan Direction": "Forward", "Index Name": "movie_id_movie_info_idx", "Relation Name": "movie_info_idx", "Alias": "mi_idx", "Startup Cost": 0.0, "Total Cost": 0.53, "Plan Rows": 2, "Plan Width": 13, "Actual Min Startup Time": 504.384, "Actual Max Startup Time": 504.384, "Actual Min Total Time": 617.621, "Actual Max Total Time": 617.621, "Index Cond": "(movie_id = mi.movie_id)", "Rows Removed by Index Recheck": 0, "Actual Rows": 307785}], "Actual Rows": 307785}], "Actual Rows": 307786}], "Actual Rows": 102516}, {"Node Type": "Index Scan", "Parent Relationship": "Inner", "Scan Direction": "Forward", "Index Name": "title_pkey", "Relation Name": "title", "Alias": "t", "Startup Cost": 0.0, "Total Cost": 0.4, "Plan Rows": 1, "Plan Width": 21, "Actual Min Startup Time": 428.079, "Actual Max Startup Time": 428.079, "Actual Min Total Time": 428.079, "Actual Max Total Time": 428.079, "Index Cond": "(id = mi_idx.movie_id)", "Rows Removed by Index Recheck": 0, "Actual Rows": 102516}], "Actual Rows": 102516}, {"Node Type": "Index Scan", "Parent Relationship": "Inner", "Scan Direction": "Forward", "Index Name": "movie_id_cast_info", "Relation Name": "cast_info", "Alias": "ci", "Startup Cost": 0.0, "Total Cost": 1.01, "Plan Rows": 1, "Plan Width": 8, "Actual Min Startup Time": 6347.806, "Actual Max Startup Time": 6347.806, "Actual Min Total Time": 7447.163, "Actual Max Total Time": 7447.163, "Index Cond": "(movie_id = t.id)", "Rows Removed by Index Recheck": 0, "Filter": "((note)::text = ANY ('{(writer),\"(head writer)\",\"(written by)\",(story),\"(story editor)\"}'::text[]))", "Rows Removed by Filter": 3987641, "Actual Rows": 54155}], "Actual Rows": 54155}, {"Node Type": "Index Scan", "Parent Relationship": "Inner", "Scan Direction": "Forward", "Index Name": "name_pkey", "Relation Name": "name", "Alias": "n", "Startup Cost": 0.0, "Total Cost": 0.49, "Plan Rows": 1, "Plan Width": 4, "Actual Min Startup Time": 324.179, "Actual Max Startup Time": 324.179, "Actual Min Total Time": 324.179, "Actual Max Total Time": 324.179, "Index Cond": "(id = ci.person_id)", "Rows Removed by Index Recheck": 0, "Filter": "((gender)::text = 'm'::text)", "Rows Removed by Filter": 26082, "Actual Rows": 28073}], "Actual Rows": 28073}], "Actual Rows": 1}, "Triggers": [], "Planner Runtime": 48, "Total Runtime": 9795.194, "Unique SQL Id": 3913857139}}, "(64, 9)": {"explain_plan": {"Plan": {"Node Type": "Aggregate", "Strategy": "Plain", "Startup Cost": 385547.34, "Total Cost": 385547.35, "Plan Rows": 1, "Plan Width": 160, "Plans": [{"Node Type": "Nested Loop", "Parent Relationship": "Outer", "Join Type": "Inner", "Startup Cost": 0.0, "Total Cost": 385536.75, "Plan Rows": 1413, "Plan Width": 64, "Inner Unique": true, "Plans": [{"Node Type": "Nested Loop", "Parent Relationship": "Outer", "Join Type": "Inner", "Startup Cost": 0.0, "Total Cost": 384957.48, "Plan Rows": 1155, "Plan Width": 68, "Inner Unique": false, "Plans": [{"Node Type": "Nested Loop", "Parent Relationship": "Outer", "Join Type": "Inner", "Startup Cost": 0.0, "Total Cost": 383895.85, "Plan Rows": 1044, "Plan Width": 76, "Inner Unique": true, "Join Filter": "(mi.movie_id = t.id)", "Plans": [{"Node Type": "Nested Loop", "Parent Relationship": "Outer", "Join Type": "Inner", "Startup Cost": 0.0, "Total Cost": 383467.66, "Plan Rows": 1044, "Plan Width": 55, "Inner Unique": false, "Join Filter": "(mi.info_type_id = it1.id)", "Plans": [{"Node Type": "Index Scan", "Parent Relationship": "Outer", "Scan Direction": "Forward", "Index Name": "info_type_pkey", "Relation Name": "info_type", "Alias": "it1", "Startup Cost": 0.0, "Total Cost": 14.21, "Plan Rows": 1, "Plan Width": 4, "Filter": "((info)::text = 'genres'::text)"}, {"Node Type": "Nested Loop", "Parent Relationship": "Inner", "Join Type": "Inner", "Startup Cost": 0.0, "Total Cost": 380590.58, "Plan Rows": 229029, "Plan Width": 59, "Inner Unique": false, "Plans": [{"Node Type": "Nested Loop", "Parent Relationship": "Outer", "Join Type": "Inner", "Startup Cost": 0.0, "Total Cost": 38338.2, "Plan Rows": 345008, "Plan Width": 9, "Inner Unique": false, "Plans": [{"Node Type": "Index Scan", "Parent Relationship": "Outer", "Scan Direction": "Forward", "Index Name": "info_type_pkey", "Relation Name": "info_type", "Alias": "it2", "Startup Cost": 0.0, "Total Cost": 14.21, "Plan Rows": 1, "Plan Width": 4, "Filter": "((info)::text = 'votes'::text)"}, {"Node Type": "Index Scan", "Parent Relationship": "Inner", "Scan Direction": "Forward", "Index Name": "info_type_id_movie_info_idx", "Relation Name": "movie_info_idx", "Alias": "mi_idx", "Startup Cost": 0.0, "Total Cost": 34873.91, "Plan Rows": 345008, "Plan Width": 13, "Index Cond": "(info_type_id = it2.id), (LLVM Optimized)"}]}, {"Node Type": "Index Scan", "Parent Relationship": "Inner", "Scan Direction": "Forward", "Index Name": "movie_id_movie_info", "Relation Name": "movie_info", "Alias": "mi", "Startup Cost": 0.0, "Total Cost": 0.98, "Plan Rows": 1, "Plan Width": 50, "Index Cond": "(movie_id = mi_idx.movie_id)", "Filter": "((info)::text = ANY ('{Horror,Action,Sci-Fi,Thriller,Crime,War}'::text[]))"}]}]}, {"Node Type": "Index Scan", "Parent Relationship": "Inner", "Scan Direction": "Forward", "Index Name": "title_pkey", "Relation Name": "title", "Alias": "t", "Startup Cost": 0.0, "Total Cost": 0.4, "Plan Rows": 1, "Plan Width": 21, "Index Cond": "(id = mi_idx.movie_id)"}]}, {"Node Type": "Index Scan", "Parent Relationship": "Inner", "Scan Direction": "Forward", "Index Name": "movie_id_cast_info", "Relation Name": "cast_info", "Alias": "ci", "Startup Cost": 0.0, "Total Cost": 1.01, "Plan Rows": 1, "Plan Width": 8, "Index Cond": "(movie_id = t.id)", "Filter": "((note)::text = ANY ('{(writer),\"(head writer)\",\"(written by)\",(story),\"(story editor)\"}'::text[]))"}]}, {"Node Type": "Index Scan", "Parent Relationship": "Inner", "Scan Direction": "Forward", "Index Name": "name_pkey", "Relation Name": "name", "Alias": "n", "Startup Cost": 0.0, "Total Cost": 0.49, "Plan Rows": 1, "Plan Width": 4, "Index Cond": "(id = ci.person_id)", "Filter": "((gender)::text = 'm'::text)"}]}]}, "Unique SQL Id": 3913857139, "Planner Runtime": 27}, "explain_analyze_plan": {"Plan": {"Node Type": "Aggregate", "Strategy": "Plain", "Startup Cost": 385547.34, "Total Cost": 385547.35, "Plan Rows": 1, "Plan Width": 160, "Actual Startup Time": 19038.718, "Actual Total Time": 19038.719, "Actual Rows": 1, "Actual Loops": 1, "Plans": [{"Node Type": "Nested Loop", "Parent Relationship": "Outer", "Join Type": "Inner", "Startup Cost": 0.0, "Total Cost": 385536.75, "Plan Rows": 1413, "Plan Width": 64, "Actual Startup Time": 29.464, "Actual Total Time": 18993.643, "Actual Rows": 28073, "Actual Loops": 1, "Inner Unique": true, "Plans": [{"Node Type": "Nested Loop", "Parent Relationship": "Outer", "Join Type": "Inner", "Startup Cost": 0.0, "Total Cost": 384957.48, "Plan Rows": 1155, "Plan Width": 68, "Actual Startup Time": 14.609, "Actual Total Time": 18579.543, "Actual Rows": 54155, "Actual Loops": 1, "Inner Unique": false, "Plans": [{"Node Type": "Nested Loop", "Parent Relationship": "Outer", "Join Type": "Inner", "Startup Cost": 0.0, "Total Cost": 383895.85, "Plan Rows": 1044, "Plan Width": 76, "Actual Startup Time": 0.805, "Actual Total Time": 10083.062, "Actual Rows": 102516, "Actual Loops": 1, "Inner Unique": true, "Join Filter": "(mi.movie_id = t.id)", "Rows Removed by Join Filter": 0, "Plans": [{"Node Type": "Nested Loop", "Parent Relationship": "Outer", "Join Type": "Inner", "Startup Cost": 0.0, "Total Cost": 383467.66, "Plan Rows": 1044, "Plan Width": 55, "Actual Startup Time": 0.793, "Actual Total Time": 9512.208, "Actual Rows": 102516, "Actual Loops": 1, "Inner Unique": false, "Join Filter": "(mi.info_type_id = it1.id)", "Rows Removed by Join Filter": 2376, "Plans": [{"Node Type": "Index Scan", "Parent Relationship": "Outer", "Scan Direction": "Forward", "Index Name": "info_type_pkey", "Relation Name": "info_type", "Alias": "it1", "Startup Cost": 0.0, "Total Cost": 14.21, "Plan Rows": 1, "Plan Width": 4, "Actual Startup Time": 0.028, "Actual Total Time": 0.085, "Actual Rows": 1, "Actual Loops": 1, "Filter": "((info)::text = 'genres'::text)", "Rows Removed by Filter": 111}, {"Node Type": "Nested Loop", "Parent Relationship": "Inner", "Join Type": "Inner", "Startup Cost": 0.0, "Total Cost": 380590.58, "Plan Rows": 229029, "Plan Width": 59, "Actual Startup Time": 0.76, "Actual Total Time": 9469.385, "Actual Rows": 104892, "Actual Loops": 1, "Inner Unique": false, "Plans": [{"Node Type": "Nested Loop", "Parent Relationship": "Outer", "Join Type": "Inner", "Startup Cost": 0.0, "Total Cost": 38338.2, "Plan Rows": 345008, "Plan Width": 9, "Actual Startup Time": 0.072, "Actual Total Time": 397.046, "Actual Rows": 459925, "Actual Loops": 1, "Inner Unique": false, "Plans": [{"Node Type": "Index Scan", "Parent Relationship": "Outer", "Scan Direction": "Forward", "Index Name": "info_type_pkey", "Relation Name": "info_type", "Alias": "it2", "Startup Cost": 0.0, "Total Cost": 14.21, "Plan Rows": 1, "Plan Width": 4, "Actual Startup Time": 0.054, "Actual Total Time": 0.212, "Actual Rows": 1, "Actual Loops": 1, "Filter": "((info)::text = 'votes'::text)", "Rows Removed by Filter": 111}, {"Node Type": "Index Scan", "Parent Relationship": "Inner", "Scan Direction": "Forward", "Index Name": "info_type_id_movie_info_idx", "Relation Name": "movie_info_idx", "Alias": "mi_idx", "Startup Cost": 0.0, "Total Cost": 34873.91, "Plan Rows": 345008, "Plan Width": 13, "Actual Startup Time": 0.015, "Actual Total Time": 288.249, "Actual Rows": 459925, "Actual Loops": 1, "Index Cond": "(info_type_id = it2.id), (LLVM Optimized, Jit Execute)", "Rows Removed by Index Recheck": 0}]}, {"Node Type": "Index Scan", "Parent Relationship": "Inner", "Scan Direction": "Forward", "Index Name": "movie_id_movie_info", "Relation Name": "movie_info", "Alias": "mi", "Startup Cost": 0.0, "Total Cost": 0.98, "Plan Rows": 1, "Plan Width": 50, "Actual Startup Time": 8639.279, "Actual Total Time": 8804.256, "Actual Rows": 104892, "Actual Loops": 459925, "Index Cond": "(movie_id = mi_idx.movie_id)", "Rows Removed by Index Recheck": 0, "Filter": "((info)::text = ANY ('{Horror,Action,Sci-Fi,Thriller,Crime,War}'::text[]))", "Rows Removed by Filter": 6825442}]}]}, {"Node Type": "Index Scan", "Parent Relationship": "Inner", "Scan Direction": "Forward", "Index Name": "title_pkey", "Relation Name": "title", "Alias": "t", "Startup Cost": 0.0, "Total Cost": 0.4, "Plan Rows": 1, "Plan Width": 21, "Actual Startup Time": 452.698, "Actual Total Time": 452.698, "Actual Rows": 102516, "Actual Loops": 102516, "Index Cond": "(id = mi_idx.movie_id)", "Rows Removed by Index Recheck": 0}]}, {"Node Type": "Index Scan", "Parent Relationship": "Inner", "Scan Direction": "Forward", "Index Name": "movie_id_cast_info", "Relation Name": "cast_info", "Alias": "ci", "Startup Cost": 0.0, "Total Cost": 1.01, "Plan Rows": 1, "Plan Width": 8, "Actual Startup Time": 7176.634, "Actual Total Time": 8423.011, "Actual Rows": 54155, "Actual Loops": 102516, "Index Cond": "(movie_id = t.id)", "Rows Removed by Index Recheck": 0, "Filter": "((note)::text = ANY ('{(writer),\"(head writer)\",\"(written by)\",(story),\"(story editor)\"}'::text[]))", "Rows Removed by Filter": 3987641}]}, {"Node Type": "Index Scan", "Parent Relationship": "Inner", "Scan Direction": "Forward", "Index Name": "name_pkey", "Relation Name": "name", "Alias": "n", "Startup Cost": 0.0, "Total Cost": 0.49, "Plan Rows": 1, "Plan Width": 4, "Actual Startup Time": 365.599, "Actual Total Time": 365.599, "Actual Rows": 28073, "Actual Loops": 54155, "Index Cond": "(id = ci.person_id)", "Rows Removed by Index Recheck": 0, "Filter": "((gender)::text = 'm'::text)", "Rows Removed by Filter": 26082}]}]}, "Triggers": [], "Planner Runtime": 6, "Total Runtime": 19047.819, "Unique SQL Id": 3913857139}}, "(64, 10)": {"explain_plan": {"Plan": {"Node Type": "Aggregate", "Strategy": "Plain", "Startup Cost": 321946.63, "Total Cost": 321946.64, "Plan Rows": 1, "Plan Width": 160, "Plans": [{"Node Type": "Hash Join", "Parent Relationship": "Outer", "Join Type": "Inner", "Startup Cost": 231909.32, "Total Cost": 321936.03, "Plan Rows": 1413, "Plan Width": 64, "Inner Unique": true, "Hash Cond": "(ci.person_id = n.id)", "Plans": [{"Node Type": "Streaming(type: LOCAL GATHER dop: 1/64)", "Parent Relationship": "Outer", "Startup Cost": 185018.45, "Total Cost": 275026.7, "Plan Rows": 1155, "Plan Width": 68, "Plans": [{"Node Type": "Hash Join", "Parent Relationship": "Outer", "Join Type": "Inner", "Startup Cost": 185018.45, "Total Cost": 275002.88, "Plan Rows": 1155, "Plan Width": 68, "Inner Unique": false, "Hash Cond": "(t.id = ci.movie_id)", "Plans": [{"Node Type": "Streaming(type: BROADCAST dop: 64/1)", "Parent Relationship": "Outer", "Startup Cost": 165793.23, "Total Cost": 255717.44, "Plan Rows": 66816, "Plan Width": 76, "Plans": [{"Node Type": "Nested Loop", "Parent Relationship": "Outer", "Join Type": "Inner", "Startup Cost": 165793.23, "Total Cost": 191339.03, "Plan Rows": 1044, "Plan Width": 76, "Inner Unique": false, "Join Filter": "(mi_idx.info_type_id = it2.id)", "Plans": [{"Node Type": "Seq Scan", "Parent Relationship": "Outer", "Relation Name": "info_type", "Alias": "it2", "Startup Cost": 0.0, "Total Cost": 2.4, "Plan Rows": 1, "Plan Width": 4, "Filter": "((info)::text = 'votes'::text)"}, {"Node Type": "Materialize", "Parent Relationship": "Inner", "Startup Cost": 165793.23, "Total Cost": 191294.88, "Plan Rows": 4175, "Plan Width": 80, "Plans": [{"Node Type": "Hash Join", "Parent Relationship": "Outer", "Join Type": "Inner", "Startup Cost": 165793.23, "Total Cost": 191284.45, "Plan Rows": 4175, "Plan Width": 80, "Inner Unique": false, "Hash Cond": "(mi_idx.movie_id = t.id)", "Plans": [{"Node Type": "Seq Scan", "Parent Relationship": "Outer", "Relation Name": "movie_info_idx", "Alias": "mi_idx", "Startup Cost": 0.0, "Total Cost": 20274.34, "Plan Rows": 1380034, "Plan Width": 13}, {"Node Type": "Hash", "Parent Relationship": "Inner", "Startup Cost": 165759.27, "Total Cost": 165759.27, "Plan Rows": 2717, "Plan Width": 67, "Plans": [{"Node Type": "Hash Join", "Parent Relationship": "Outer", "Join Type": "Inner", "Startup Cost": 91675.41, "Total Cost": 165759.27, "Plan Rows": 2717, "Plan Width": 67, "Inner Unique": true, "Hash Cond": "(mi.movie_id = t.id)", "Plans": [{"Node Type": "Hash Join", "Parent Relationship": "Outer", "Join Type": "Inner", "Startup Cost": 2.41, "Total Cost": 74048.91, "Plan Rows": 2717, "Plan Width": 46, "Inner Unique": true, "Hash Cond": "(mi.info_type_id = it1.id)", "Plans": [{"Node Type": "Streaming(type: LOCAL GATHER dop: 1/64)", "Parent Relationship": "Outer", "Startup Cost": 0.0, "Total Cost": 73306.19, "Plan Rows": 190170, "Plan Width": 50, "Plans": [{"Node Type": "Seq Scan", "Parent Relationship": "Outer", "Relation Name": "movie_info", "Alias": "mi", "Startup Cost": 0.0, "Total Cost": 69383.01, "Plan Rows": 190170, "Plan Width": 50, "Filter": "((info)::text = ANY ('{Horror,Action,Sci-Fi,Thriller,Crime,War}'::text[]))"}]}, {"Node Type": "Hash", "Parent Relationship": "Inner", "Startup Cost": 2.4, "Total Cost": 2.4, "Plan Rows": 1, "Plan Width": 4, "Plans": [{"Node Type": "Seq Scan", "Parent Relationship": "Outer", "Relation Name": "info_type", "Alias": "it1", "Startup Cost": 0.0, "Total Cost": 2.4, "Plan Rows": 1, "Plan Width": 4, "Filter": "((info)::text = 'genres'::text)"}]}]}, {"Node Type": "Hash", "Parent Relationship": "Inner", "Startup Cost": 60069.11, "Total Cost": 60069.11, "Plan Rows": 2528311, "Plan Width": 21, "Plans": [{"Node Type": "Seq Scan", "Parent Relationship": "Outer", "Relation Name": "title", "Alias": "t", "Startup Cost": 0.0, "Total Cost": 60069.11, "Plan Rows": 2528311, "Plan Width": 21}]}]}]}]}]}]}]}, {"Node Type": "Hash", "Parent Relationship": "Inner", "Startup Cost": 75945.31, "Total Cost": 75945.31, "Plan Rows": 1223154, "Plan Width": 8, "Plans": [{"Node Type": "Seq Scan", "Parent Relationship": "Outer", "Relation Name": "cast_info", "Alias": "ci", "Startup Cost": 0.0, "Total Cost": 75945.31, "Plan Rows": 1223154, "Plan Width": 8, "Filter": "((note)::text = ANY ('{(writer),\"(head writer)\",\"(written by)\",(story),\"(story editor)\"}'::text[]))"}]}]}]}, {"Node Type": "Hash", "Parent Relationship": "Inner", "Startup Cost": 100527.77, "Total Cost": 100527.77, "Plan Rows": 1740714, "Plan Width": 4, "Plans": [{"Node Type": "Streaming(type: LOCAL GATHER dop: 1/64)", "Parent Relationship": "Outer", "Startup Cost": 0.0, "Total Cost": 100527.77, "Plan Rows": 1740714, "Plan Width": 4, "Plans": [{"Node Type": "Seq Scan", "Parent Relationship": "Outer", "Relation Name": "name", "Alias": "n", "Startup Cost": 0.0, "Total Cost": 64617.04, "Plan Rows": 1740714, "Plan Width": 4, "Filter": "((gender)::text = 'm'::text), (LLVM Optimized)"}]}]}]}]}, "Unique SQL Id": 3913857139, "Planner Runtime": 97}, "explain_analyze_plan": {"Plan": {"Node Type": "Aggregate", "Strategy": "Plain", "Startup Cost": 321946.63, "Total Cost": 321946.64, "Plan Rows": 1, "Plan Width": 160, "Actual Min Startup Time": 8977.742, "Actual Max Startup Time": 8977.742, "Actual Min Total Time": 8977.742, "Actual Max Total Time": 8977.742, "Plans": [{"Node Type": "Hash Join", "Parent Relationship": "Outer", "Join Type": "Inner", "Startup Cost": 231909.32, "Total Cost": 321936.03, "Plan Rows": 1413, "Plan Width": 64, "Actual Min Startup Time": 4253.537, "Actual Max Startup Time": 4253.537, "Actual Min Total Time": 8958.206, "Actual Max Total Time": 8958.206, "Inner Unique": true, "Hash Cond": "(ci.person_id = n.id)", "Plans": [{"Node Type": "Streaming(type: LOCAL GATHER dop: 1/64)", "Parent Relationship": "Outer", "Startup Cost": 185018.45, "Total Cost": 275026.7, "Plan Rows": 1155, "Plan Width": 68, "Actual Min Startup Time": 2892.486, "Actual Max Startup Time": 2892.486, "Actual Min Total Time": 7572.565, "Actual Max Total Time": 7572.565, "Plans": [{"Node Type": "Hash Join", "Parent Relationship": "Outer", "Join Type": "Inner", "Startup Cost": 185018.45, "Total Cost": 275002.88, "Plan Rows": 1155, "Plan Width": 68, "Actual Min Startup Time": 3358.547, "Actual Max Startup Time": 3541.429, "Actual Min Total Time": 8566.429, "Actual Max Total Time": 8739.319, "Inner Unique": false, "Hash Cond": "(t.id = ci.movie_id)", "Plans": [{"Node Type": "Streaming(type: BROADCAST dop: 64/1)", "Parent Relationship": "Outer", "Startup Cost": 165793.23, "Total Cost": 255717.44, "Plan Rows": 66816, "Plan Width": 76, "Actual Min Startup Time": 3125.691, "Actual Max Startup Time": 3256.433, "Actual Min Total Time": 8303.23, "Actual Max Total Time": 8443.785, "Plans": [{"Node Type": "Nested Loop", "Parent Relationship": "Outer", "Join Type": "Inner", "Startup Cost": 165793.23, "Total Cost": 191339.03, "Plan Rows": 1044, "Plan Width": 76, "Actual Min Startup Time": 3363.575, "Actual Max Startup Time": 3363.575, "Actual Min Total Time": 3496.379, "Actual Max Total Time": 3496.379, "Inner Unique": false, "Join Filter": "(mi_idx.info_type_id = it2.id)", "Rows Removed by Join Filter": 205269, "Plans": [{"Node Type": "Seq Scan", "Parent Relationship": "Outer", "Relation Name": "info_type", "Alias": "it2", "Startup Cost": 0.0, "Total Cost": 2.4, "Plan Rows": 1, "Plan Width": 4, "Actual Min Startup Time": 0.101, "Actual Max Startup Time": 0.101, "Actual Min Total Time": 0.126, "Actual Max Total Time": 0.126, "Filter": "((info)::text = 'votes'::text)", "Rows Removed by Filter": 111, "Actual Rows": 1}, {"Node Type": "Materialize", "Parent Relationship": "Inner", "Startup Cost": 165793.23, "Total Cost": 191294.88, "Plan Rows": 4175, "Plan Width": 80, "Actual Min Startup Time": 3362.943, "Actual Max Startup Time": 3362.943, "Actual Min Total Time": 3397.806, "Actual Max Total Time": 3397.806, "Plans": [{"Node Type": "Hash Join", "Parent Relationship": "Outer", "Join Type": "Inner", "Startup Cost": 165793.23, "Total Cost": 191284.45, "Plan Rows": 4175, "Plan Width": 80, "Actual Min Startup Time": 2434.808, "Actual Max Startup Time": 2434.808, "Actual Min Total Time": 3274.246, "Actual Max Total Time": 3274.246, "Inner Unique": false, "Hash Cond": "(mi_idx.movie_id = t.id)", "Plans": [{"Node Type": "Seq Scan", "Parent Relationship": "Outer", "Relation Name": "movie_info_idx", "Alias": "mi_idx", "Startup Cost": 0.0, "Total Cost": 20274.34, "Plan Rows": 1380034, "Plan Width": 13, "Actual Min Startup Time": 0.052, "Actual Max Startup Time": 0.052, "Actual Min Total Time": 316.621, "Actual Max Total Time": 316.621, "Actual Rows": 1380034}, {"Node Type": "Hash", "Parent Relationship": "Inner", "Startup Cost": 165759.27, "Total Cost": 165759.27, "Plan Rows": 2717, "Plan Width": 67, "Actual Min Startup Time": 2430.075, "Actual Max Startup Time": 2430.075, "Actual Min Total Time": 2430.075, "Actual Max Total Time": 2430.075, "Max Hash Buckets": 32768, "Min Hash Buckets": 32768, "Max Hash Batches": 1, "Min Hash Batches": 1, "Max Original Hash Batches": 1, "Min Original Hash Batches": 1, "Max Peak Memory Usage": 12274, "min Peak Memory Usage": 12274, "Plans": [{"Node Type": "Hash Join", "Parent Relationship": "Outer", "Join Type": "Inner", "Startup Cost": 91675.41, "Total Cost": 165759.27, "Plan Rows": 2717, "Plan Width": 67, "Actual Min Startup Time": 2081.898, "Actual Max Startup Time": 2081.898, "Actual Min Total Time": 2368.67, "Actual Max Total Time": 2368.67, "Inner Unique": true, "Hash Cond": "(mi.movie_id = t.id)", "Plans": [{"Node Type": "Hash Join", "Parent Relationship": "Outer", "Join Type": "Inner", "Startup Cost": 2.41, "Total Cost": 74048.91, "Plan Rows": 2717, "Plan Width": 46, "Actual Min Startup Time": 0.371, "Actual Max Startup Time": 0.371, "Actual Min Total Time": 162.966, "Actual Max Total Time": 162.966, "Inner Unique": true, "Hash Cond": "(mi.info_type_id = it1.id)", "Plans": [{"Node Type": "Streaming(type: LOCAL GATHER dop: 1/64)", "Parent Relationship": "Outer", "Startup Cost": 0.0, "Total Cost": 73306.19, "Plan Rows": 190170, "Plan Width": 50, "Actual Min Startup Time": 0.171, "Actual Max Startup Time": 0.171, "Actual Min Total Time": 89.209, "Actual Max Total Time": 89.209, "Plans": [{"Node Type": "Seq Scan", "Parent Relationship": "Outer", "Relation Name": "movie_info", "Alias": "mi", "Startup Cost": 0.0, "Total Cost": 69383.01, "Plan Rows": 190170, "Plan Width": 50, "Actual Min Startup Time": 62.363, "Actual Max Startup Time": 122.436, "Actual Min Total Time": 112.127, "Actual Max Total Time": 141.314, "Filter": "((info)::text = ANY ('{Horror,Action,Sci-Fi,Thriller,Crime,War}'::text[]))", "Rows Removed by Filter": 14646748, "Actual Rows": 188971}], "Actual Rows": 188971}, {"Node Type": "Hash", "Parent Relationship": "Inner", "Startup Cost": 2.4, "Total Cost": 2.4, "Plan Rows": 1, "Plan Width": 4, "Actual Min Startup Time": 0.097, "Actual Max Startup Time": 0.097, "Actual Min Total Time": 0.097, "Actual Max Total Time": 0.097, "Max Hash Buckets": 32768, "Min Hash Buckets": 32768, "Max Hash Batches": 1, "Min Hash Batches": 1, "Max Original Hash Batches": 1, "Min Original Hash Batches": 1, "Max Peak Memory Usage": 1, "min Peak Memory Usage": 1, "Plans": [{"Node Type": "Seq Scan", "Parent Relationship": "Outer", "Relation Name": "info_type", "Alias": "it1", "Startup Cost": 0.0, "Total Cost": 2.4, "Plan Rows": 1, "Plan Width": 4, "Actual Min Startup Time": 0.065, "Actual Max Startup Time": 0.065, "Actual Min Total Time": 0.088, "Actual Max Total Time": 0.088, "Filter": "((info)::text = 'genres'::text)", "Rows Removed by Filter": 111, "Actual Rows": 1}], "Actual Rows": 1}], "Actual Rows": 186594}, {"Node Type": "Hash", "Parent Relationship": "Inner", "Startup Cost": 60069.11, "Total Cost": 60069.11, "Plan Rows": 2528311, "Plan Width": 21, "Actual Min Startup Time": 2036.89, "Actual Max Startup Time": 2036.89, "Actual Min Total Time": 2036.89, "Actual Max Total Time": 2036.89, "Max Hash Buckets": 4194304, "Min Hash Buckets": 4194304, "Max Hash Batches": 1, "Min Hash Batches": 1, "Max Original Hash Batches": 1, "Min Original Hash Batches": 1, "Max Peak Memory Usage": 135869, "min Peak Memory Usage": 135869, "Plans": [{"Node Type": "Seq Scan", "Parent Relationship": "Outer", "Relation Name": "title", "Alias": "t", "Startup Cost": 0.0, "Total Cost": 60069.11, "Plan Rows": 2528311, "Plan Width": 21, "Actual Min Startup Time": 0.034, "Actual Max Startup Time": 0.034, "Actual Min Total Time": 839.892, "Actual Max Total Time": 839.892, "Actual Rows": 2528311}], "Actual Rows": 2528311}], "Actual Rows": 186594}], "Actual Rows": 186594}], "Actual Rows": 307785}], "Actual Rows": 307786}], "Actual Rows": 102516}], "Actual Rows": 6561024}, {"Node Type": "Hash", "Parent Relationship": "Inner", "Startup Cost": 75945.31, "Total Cost": 75945.31, "Plan Rows": 1223154, "Plan Width": 8, "Actual Min Startup Time": 220.598, "Actual Max Startup Time": 269.796, "Actual Min Total Time": 220.598, "Actual Max Total Time": 269.796, "Max Hash Buckets": 32768, "Min Hash Buckets": 32768, "Max Hash Batches": 1, "Min Hash Batches": 1, "Max Original Hash Batches": 1, "Min Original Hash Batches": 1, "Max Peak Memory Usage": 808, "min Peak Memory Usage": 808, "Plans": [{"Node Type": "Seq Scan", "Parent Relationship": "Outer", "Relation Name": "cast_info", "Alias": "ci", "Startup Cost": 0.0, "Total Cost": 75945.31, "Plan Rows": 1223154, "Plan Width": 8, "Actual Min Startup Time": 6.076, "Actual Max Startup Time": 150.682, "Actual Min Total Time": 215.129, "Actual Max Total Time": 232.747, "Filter": "((note)::text = ANY ('{(writer),\"(head writer)\",\"(written by)\",(story),\"(story editor)\"}'::text[]))", "Rows Removed by Filter": 34999627, "Actual Rows": 1244716}], "Actual Rows": 1244716}], "Actual Rows": 54155}], "Actual Rows": 54155}, {"Node Type": "Hash", "Parent Relationship": "Inner", "Startup Cost": 100527.77, "Total Cost": 100527.77, "Plan Rows": 1740714, "Plan Width": 4, "Actual Min Startup Time": 1359.632, "Actual Max Startup Time": 1359.632, "Actual Min Total Time": 1359.632, "Actual Max Total Time": 1359.632, "Max Hash Buckets": 2097152, "Min Hash Buckets": 2097152, "Max Hash Batches": 1, "Min Hash Batches": 1, "Max Original Hash Batches": 1, "Min Original Hash Batches": 1, "Max Peak Memory Usage": 61158, "min Peak Memory Usage": 61158, "Plans": [{"Node Type": "Streaming(type: LOCAL GATHER dop: 1/64)", "Parent Relationship": "Outer", "Startup Cost": 0.0, "Total Cost": 100527.77, "Plan Rows": 1740714, "Plan Width": 4, "Actual Min Startup Time": 208.488, "Actual Max Startup Time": 208.488, "Actual Min Total Time": 790.492, "Actual Max Total Time": 790.492, "Plans": [{"Node Type": "Seq Scan", "Parent Relationship": "Outer", "Relation Name": "name", "Alias": "n", "Startup Cost": 0.0, "Total Cost": 64617.04, "Plan Rows": 1740714, "Plan Width": 4, "Actual Min Startup Time": 0.025, "Actual Max Startup Time": 0.063, "Actual Min Total Time": 22.209, "Actual Max Total Time": 27.554, "Filter": "((gender)::text = 'm'::text), (LLVM Optimized, Jit Execute)", "Rows Removed by Filter": 2427912, "Actual Rows": 1739578}], "Actual Rows": 1739578}], "Actual Rows": 1739578}], "Actual Rows": 28073}], "Actual Rows": 1}, "Triggers": [], "Planner Runtime": 81, "Total Runtime": 9048.438, "Unique SQL Id": 3913857139}}, "(64, 11)": {"explain_plan": {"Plan": {"Node Type": "Aggregate", "Strategy": "Plain", "Startup Cost": 6974941462121.7, "Total Cost": 6974941462121.71, "Plan Rows": 1, "Plan Width": 160, "Plans": [{"Node Type": "Merge Join", "Parent Relationship": "Outer", "Join Type": "Inner", "Startup Cost": 70000000000.0, "Total Cost": 6974941462111.11, "Plan Rows": 1413, "Plan Width": 64, "Inner Unique": true, "Merge Cond": "(ci.person_id = n.id)", "Plans": [{"Node Type": "Nested Loop", "Parent Relationship": "Outer", "Join Type": "Inner", "Startup Cost": 60000000000.0, "Total Cost": 6000433185113.17, "Plan Rows": 1155, "Plan Width": 68, "Inner Unique": true, "Join Filter": "(mi.movie_id = t.id)", "Plans": [{"Node Type": "Nested Loop", "Parent Relationship": "Outer", "Join Type": "Inner", "Startup Cost": 50000000000.0, "Total Cost": 5000378363755.41, "Plan Rows": 1155, "Plan Width": 63, "Inner Unique": false, "Join Filter": "(mi_idx.movie_id = mi.movie_id)", "Plans": [{"Node Type": "Nested Loop", "Parent Relationship": "Outer", "Join Type": "Inner", "Startup Cost": 30000000000.0, "Total Cost": 3000358134325.29, "Plan Rows": 3006, "Plan Width": 54, "Inner Unique": false, "Join Filter": "(mi.movie_id = ci.movie_id)", "Plans": [{"Node Type": "Index Scan", "Parent Relationship": "Outer", "Scan Direction": "Forward", "Index Name": "person_id_cast_info", "Relation Name": "cast_info", "Alias": "ci", "Startup Cost": 10000000000.0, "Total Cost": 1000193311016.96, "Plan Rows": 1223154, "Plan Width": 8, "Filter": "((note)::text = ANY ('{(writer),\"(head writer)\",\"(written by)\",(story),\"(story editor)\"}'::text[]))"}, {"Node Type": "Materialize", "Parent Relationship": "Inner", "Startup Cost": 20000000000.0, "Total Cost": 2000114973673.85, "Plan Rows": 2717, "Plan Width": 46, "Plans": [{"Node Type": "Nested Loop", "Parent Relationship": "Outer", "Join Type": "Inner", "Startup Cost": 20000000000.0, "Total Cost": 2000114973660.27, "Plan Rows": 2717, "Plan Width": 46, "Inner Unique": true, "Join Filter": "(it1.id = mi.info_type_id)", "Plans": [{"Node Type": "Index Scan", "Parent Relationship": "Outer", "Scan Direction": "Forward", "Index Name": "movie_id_movie_info", "Relation Name": "movie_info", "Alias": "mi", "Startup Cost": 10000000000.0, "Total Cost": 1000114969386.72, "Plan Rows": 190170, "Plan Width": 50, "Filter": "((info)::text = ANY ('{Horror,Action,Sci-Fi,Thriller,Crime,War}'::text[]))"}, {"Node Type": "Materialize", "Parent Relationship": "Inner", "Startup Cost": 10000000000.0, "Total Cost": 1000000001421.0, "Plan Rows": 1, "Plan Width": 4, "Plans": [{"Node Type": "Index Scan", "Parent Relationship": "Outer", "Scan Direction": "Forward", "Index Name": "info_type_pkey", "Relation Name": "info_type", "Alias": "it1", "Startup Cost": 10000000000.0, "Total Cost": 1000000001421.0, "Plan Rows": 1, "Plan Width": 4, "Filter": "((info)::text = 'genres'::text)"}]}]}]}]}, {"Node Type": "Materialize", "Parent Relationship": "Inner", "Startup Cost": 20000000000.0, "Total Cost": 2000004673881.92, "Plan Rows": 345008, "Plan Width": 9, "Plans": [{"Node Type": "Nested Loop", "Parent Relationship": "Outer", "Join Type": "Inner", "Startup Cost": 20000000000.0, "Total Cost": 2000004672156.88, "Plan Rows": 345008, "Plan Width": 9, "Inner Unique": true, "Join Filter": "(it2.id = mi_idx.info_type_id), (LLVM Optimized)", "Plans": [{"Node Type": "Index Scan", "Parent Relationship": "Outer", "Scan Direction": "Forward", "Index Name": "movie_id_movie_info_idx", "Relation Name": "movie_info_idx", "Alias": "mi_idx", "Startup Cost": 10000000000.0, "Total Cost": 1000004650035.37, "Plan Rows": 1380034, "Plan Width": 13}, {"Node Type": "Materialize", "Parent Relationship": "Inner", "Startup Cost": 10000000000.0, "Total Cost": 1000000001421.0, "Plan Rows": 1, "Plan Width": 4, "Plans": [{"Node Type": "Index Scan", "Parent Relationship": "Outer", "Scan Direction": "Forward", "Index Name": "info_type_pkey", "Relation Name": "info_type", "Alias": "it2", "Startup Cost": 10000000000.0, "Total Cost": 1000000001421.0, "Plan Rows": 1, "Plan Width": 4, "Filter": "((info)::text = 'votes'::text)"}]}]}]}]}, {"Node Type": "Materialize", "Parent Relationship": "Inner", "Startup Cost": 10000000000.0, "Total Cost": 1000011024690.47, "Plan Rows": 2528311, "Plan Width": 21, "Plans": [{"Node Type": "Index Scan", "Parent Relationship": "Outer", "Scan Direction": "Forward", "Index Name": "title_pkey", "Relation Name": "title", "Alias": "t", "Startup Cost": 10000000000.0, "Total Cost": 1000011012048.91, "Plan Rows": 2528311, "Plan Width": 21}]}]}, {"Node Type": "Index Scan", "Parent Relationship": "Inner", "Scan Direction": "Forward", "Index Name": "name_pkey", "Relation Name": "name", "Alias": "n", "Startup Cost": 10000000000.0, "Total Cost": 1000018665147.2, "Plan Rows": 1740714, "Plan Width": 4, "Filter": "((gender)::text = 'm'::text), (LLVM Optimized)"}]}]}, "Unique SQL Id": 3913857139, "Planner Runtime": 98}, "explain_analyze_plan": null}, "(64, 12)": {"explain_plan": {"Plan": {"Node Type": "Aggregate", "Strategy": "Plain", "Startup Cost": 77671.24, "Total Cost": 77671.25, "Plan Rows": 1, "Plan Width": 160, "Plans": [{"Node Type": "Nested Loop", "Parent Relationship": "Outer", "Join Type": "Inner", "Startup Cost": 2.41, "Total Cost": 77660.64, "Plan Rows": 1413, "Plan Width": 64, "Inner Unique": true, "Plans": [{"Node Type": "Nested Loop", "Parent Relationship": "Outer", "Join Type": "Inner", "Startup Cost": 2.41, "Total Cost": 77081.37, "Plan Rows": 1155, "Plan Width": 68, "Inner Unique": false, "Plans": [{"Node Type": "Nested Loop", "Parent Relationship": "Outer", "Join Type": "Inner", "Startup Cost": 2.41, "Total Cost": 76019.74, "Plan Rows": 1044, "Plan Width": 76, "Inner Unique": true, "Join Filter": "(mi.movie_id = t.id)", "Plans": [{"Node Type": "Nested Loop", "Parent Relationship": "Outer", "Join Type": "Inner", "Startup Cost": 2.41, "Total Cost": 75591.55, "Plan Rows": 1044, "Plan Width": 55, "Inner Unique": false, "Join Filter": "(mi_idx.info_type_id = it2.id)", "Plans": [{"Node Type": "Seq Scan", "Parent Relationship": "Outer", "Relation Name": "info_type", "Alias": "it2", "Startup Cost": 0.0, "Total Cost": 2.4, "Plan Rows": 1, "Plan Width": 4, "Filter": "((info)::text = 'votes'::text)"}, {"Node Type": "Materialize", "Parent Relationship": "Inner", "Startup Cost": 2.41, "Total Cost": 75547.4, "Plan Rows": 4175, "Plan Width": 59, "Plans": [{"Node Type": "Nested Loop", "Parent Relationship": "Outer", "Join Type": "Inner", "Startup Cost": 2.41, "Total Cost": 75536.96, "Plan Rows": 4175, "Plan Width": 59, "Inner Unique": false, "Plans": [{"Node Type": "Hash Join", "Parent Relationship": "Outer", "Join Type": "Inner", "Startup Cost": 2.41, "Total Cost": 74048.91, "Plan Rows": 2717, "Plan Width": 46, "Inner Unique": true, "Hash Cond": "(mi.info_type_id = it1.id)", "Plans": [{"Node Type": "Streaming(type: LOCAL GATHER dop: 1/64)", "Parent Relationship": "Outer", "Startup Cost": 0.0, "Total Cost": 73306.19, "Plan Rows": 190170, "Plan Width": 50, "Plans": [{"Node Type": "Seq Scan", "Parent Relationship": "Outer", "Relation Name": "movie_info", "Alias": "mi", "Startup Cost": 0.0, "Total Cost": 69383.01, "Plan Rows": 190170, "Plan Width": 50, "Filter": "((info)::text = ANY ('{Horror,Action,Sci-Fi,Thriller,Crime,War}'::text[]))"}]}, {"Node Type": "Hash", "Parent Relationship": "Inner", "Startup Cost": 2.4, "Total Cost": 2.4, "Plan Rows": 1, "Plan Width": 4, "Plans": [{"Node Type": "Seq Scan", "Parent Relationship": "Outer", "Relation Name": "info_type", "Alias": "it1", "Startup Cost": 0.0, "Total Cost": 2.4, "Plan Rows": 1, "Plan Width": 4, "Filter": "((info)::text = 'genres'::text)"}]}]}, {"Node Type": "Index Scan", "Parent Relationship": "Inner", "Scan Direction": "Forward", "Index Name": "movie_id_movie_info_idx", "Relation Name": "movie_info_idx", "Alias": "mi_idx", "Startup Cost": 0.0, "Total Cost": 0.53, "Plan Rows": 2, "Plan Width": 13, "Index Cond": "(movie_id = mi.movie_id)"}]}]}]}, {"Node Type": "Index Scan", "Parent Relationship": "Inner", "Scan Direction": "Forward", "Index Name": "title_pkey", "Relation Name": "title", "Alias": "t", "Startup Cost": 0.0, "Total Cost": 0.4, "Plan Rows": 1, "Plan Width": 21, "Index Cond": "(id = mi_idx.movie_id)"}]}, {"Node Type": "Index Scan", "Parent Relationship": "Inner", "Scan Direction": "Forward", "Index Name": "movie_id_cast_info", "Relation Name": "cast_info", "Alias": "ci", "Startup Cost": 0.0, "Total Cost": 1.01, "Plan Rows": 1, "Plan Width": 8, "Index Cond": "(movie_id = t.id)", "Filter": "((note)::text = ANY ('{(writer),\"(head writer)\",\"(written by)\",(story),\"(story editor)\"}'::text[]))"}]}, {"Node Type": "Index Scan", "Parent Relationship": "Inner", "Scan Direction": "Forward", "Index Name": "name_pkey", "Relation Name": "name", "Alias": "n", "Startup Cost": 0.0, "Total Cost": 0.49, "Plan Rows": 1, "Plan Width": 4, "Index Cond": "(id = ci.person_id)", "Filter": "((gender)::text = 'm'::text)"}]}]}, "Unique SQL Id": 3913857139, "Planner Runtime": 61}, "explain_analyze_plan": {"Plan": {"Node Type": "Aggregate", "Strategy": "Plain", "Startup Cost": 77671.24, "Total Cost": 77671.25, "Plan Rows": 1, "Plan Width": 160, "Actual Min Startup Time": 9783.508, "Actual Max Startup Time": 9783.508, "Actual Min Total Time": 9783.509, "Actual Max Total Time": 9783.509, "Plans": [{"Node Type": "Nested Loop", "Parent Relationship": "Outer", "Join Type": "Inner", "Startup Cost": 2.41, "Total Cost": 77660.64, "Plan Rows": 1413, "Plan Width": 64, "Actual Min Startup Time": 1152.408, "Actual Max Startup Time": 1152.408, "Actual Min Total Time": 9742.428, "Actual Max Total Time": 9742.428, "Inner Unique": true, "Plans": [{"Node Type": "Nested Loop", "Parent Relationship": "Outer", "Join Type": "Inner", "Startup Cost": 2.41, "Total Cost": 77081.37, "Plan Rows": 1155, "Plan Width": 68, "Actual Min Startup Time": 1151.067, "Actual Max Startup Time": 1151.067, "Actual Min Total Time": 9371.761, "Actual Max Total Time": 9371.761, "Inner Unique": false, "Plans": [{"Node Type": "Nested Loop", "Parent Relationship": "Outer", "Join Type": "Inner", "Startup Cost": 2.41, "Total Cost": 76019.74, "Plan Rows": 1044, "Plan Width": 76, "Actual Min Startup Time": 1150.588, "Actual Max Startup Time": 1150.588, "Actual Min Total Time": 1851.533, "Actual Max Total Time": 1851.533, "Inner Unique": true, "Join Filter": "(mi.movie_id = t.id)", "Rows Removed by Join Filter": 0, "Plans": [{"Node Type": "Nested Loop", "Parent Relationship": "Outer", "Join Type": "Inner", "Startup Cost": 2.41, "Total Cost": 75591.55, "Plan Rows": 1044, "Plan Width": 55, "Actual Min Startup Time": 1150.561, "Actual Max Startup Time": 1150.561, "Actual Min Total Time": 1313.622, "Actual Max Total Time": 1313.622, "Inner Unique": false, "Join Filter": "(mi_idx.info_type_id = it2.id)", "Rows Removed by Join Filter": 205269, "Plans": [{"Node Type": "Seq Scan", "Parent Relationship": "Outer", "Relation Name": "info_type", "Alias": "it2", "Startup Cost": 0.0, "Total Cost": 2.4, "Plan Rows": 1, "Plan Width": 4, "Actual Min Startup Time": 0.056, "Actual Max Startup Time": 0.056, "Actual Min Total Time": 0.069, "Actual Max Total Time": 0.069, "Filter": "((info)::text = 'votes'::text)", "Rows Removed by Filter": 111, "Actual Rows": 1}, {"Node Type": "Materialize", "Parent Relationship": "Inner", "Startup Cost": 2.41, "Total Cost": 75547.4, "Plan Rows": 4175, "Plan Width": 59, "Actual Min Startup Time": 1150.491, "Actual Max Startup Time": 1150.491, "Actual Min Total Time": 1199.666, "Actual Max Total Time": 1199.666, "Plans": [{"Node Type": "Nested Loop", "Parent Relationship": "Outer", "Join Type": "Inner", "Startup Cost": 2.41, "Total Cost": 75536.96, "Plan Rows": 4175, "Plan Width": 59, "Actual Min Startup Time": 140.729, "Actual Max Startup Time": 140.729, "Actual Min Total Time": 1061.537, "Actual Max Total Time": 1061.537, "Inner Unique": false, "Plans": [{"Node Type": "Hash Join", "Parent Relationship": "Outer", "Join Type": "Inner", "Startup Cost": 2.41, "Total Cost": 74048.91, "Plan Rows": 2717, "Plan Width": 46, "Actual Min Startup Time": 140.692, "Actual Max Startup Time": 140.692, "Actual Min Total Time": 290.405, "Actual Max Total Time": 290.405, "Inner Unique": true, "Hash Cond": "(mi.info_type_id = it1.id)", "Plans": [{"Node Type": "Streaming(type: LOCAL GATHER dop: 1/64)", "Parent Relationship": "Outer", "Startup Cost": 0.0, "Total Cost": 73306.19, "Plan Rows": 190170, "Plan Width": 50, "Actual Min Startup Time": 122.916, "Actual Max Startup Time": 122.916, "Actual Min Total Time": 196.412, "Actual Max Total Time": 196.412, "Plans": [{"Node Type": "Seq Scan", "Parent Relationship": "Outer", "Relation Name": "movie_info", "Alias": "mi", "Startup Cost": 0.0, "Total Cost": 69383.01, "Plan Rows": 190170, "Plan Width": 50, "Actual Min Startup Time": 55.514, "Actual Max Startup Time": 109.982, "Actual Min Total Time": 109.636, "Actual Max Total Time": 142.334, "Filter": "((info)::text = ANY ('{Horror,Action,Sci-Fi,Thriller,Crime,War}'::text[]))", "Rows Removed by Filter": 14646748, "Actual Rows": 188971}], "Actual Rows": 188971}, {"Node Type": "Hash", "Parent Relationship": "Inner", "Startup Cost": 2.4, "Total Cost": 2.4, "Plan Rows": 1, "Plan Width": 4, "Actual Min Startup Time": 0.096, "Actual Max Startup Time": 0.096, "Actual Min Total Time": 0.096, "Actual Max Total Time": 0.096, "Max Hash Buckets": 32768, "Min Hash Buckets": 32768, "Max Hash Batches": 1, "Min Hash Batches": 1, "Max Original Hash Batches": 1, "Min Original Hash Batches": 1, "Max Peak Memory Usage": 1, "min Peak Memory Usage": 1, "Plans": [{"Node Type": "Seq Scan", "Parent Relationship": "Outer", "Relation Name": "info_type", "Alias": "it1", "Startup Cost": 0.0, "Total Cost": 2.4, "Plan Rows": 1, "Plan Width": 4, "Actual Min Startup Time": 0.063, "Actual Max Startup Time": 0.063, "Actual Min Total Time": 0.087, "Actual Max Total Time": 0.087, "Filter": "((info)::text = 'genres'::text)", "Rows Removed by Filter": 111, "Actual Rows": 1}], "Actual Rows": 1}], "Actual Rows": 186594}, {"Node Type": "Index Scan", "Parent Relationship": "Inner", "Scan Direction": "Forward", "Index Name": "movie_id_movie_info_idx", "Relation Name": "movie_info_idx", "Alias": "mi_idx", "Startup Cost": 0.0, "Total Cost": 0.53, "Plan Rows": 2, "Plan Width": 13, "Actual Min Startup Time": 504.384, "Actual Max Startup Time": 504.384, "Actual Min Total Time": 617.621, "Actual Max Total Time": 617.621, "Index Cond": "(movie_id = mi.movie_id)", "Rows Removed by Index Recheck": 0, "Actual Rows": 307785}], "Actual Rows": 307785}], "Actual Rows": 307786}], "Actual Rows": 102516}, {"Node Type": "Index Scan", "Parent Relationship": "Inner", "Scan Direction": "Forward", "Index Name": "title_pkey", "Relation Name": "title", "Alias": "t", "Startup Cost": 0.0, "Total Cost": 0.4, "Plan Rows": 1, "Plan Width": 21, "Actual Min Startup Time": 428.079, "Actual Max Startup Time": 428.079, "Actual Min Total Time": 428.079, "Actual Max Total Time": 428.079, "Index Cond": "(id = mi_idx.movie_id)", "Rows Removed by Index Recheck": 0, "Actual Rows": 102516}], "Actual Rows": 102516}, {"Node Type": "Index Scan", "Parent Relationship": "Inner", "Scan Direction": "Forward", "Index Name": "movie_id_cast_info", "Relation Name": "cast_info", "Alias": "ci", "Startup Cost": 0.0, "Total Cost": 1.01, "Plan Rows": 1, "Plan Width": 8, "Actual Min Startup Time": 6347.806, "Actual Max Startup Time": 6347.806, "Actual Min Total Time": 7447.163, "Actual Max Total Time": 7447.163, "Index Cond": "(movie_id = t.id)", "Rows Removed by Index Recheck": 0, "Filter": "((note)::text = ANY ('{(writer),\"(head writer)\",\"(written by)\",(story),\"(story editor)\"}'::text[]))", "Rows Removed by Filter": 3987641, "Actual Rows": 54155}], "Actual Rows": 54155}, {"Node Type": "Index Scan", "Parent Relationship": "Inner", "Scan Direction": "Forward", "Index Name": "name_pkey", "Relation Name": "name", "Alias": "n", "Startup Cost": 0.0, "Total Cost": 0.49, "Plan Rows": 1, "Plan Width": 4, "Actual Min Startup Time": 324.179, "Actual Max Startup Time": 324.179, "Actual Min Total Time": 324.179, "Actual Max Total Time": 324.179, "Index Cond": "(id = ci.person_id)", "Rows Removed by Index Recheck": 0, "Filter": "((gender)::text = 'm'::text)", "Rows Removed by Filter": 26082, "Actual Rows": 28073}], "Actual Rows": 28073}], "Actual Rows": 1}, "Triggers": [], "Planner Runtime": 48, "Total Runtime": 9795.194, "Unique SQL Id": 3913857139}}, "(64, 13)": {"explain_plan": {"Plan": {"Node Type": "Aggregate", "Strategy": "Plain", "Startup Cost": 385547.34, "Total Cost": 385547.35, "Plan Rows": 1, "Plan Width": 160, "Plans": [{"Node Type": "Nested Loop", "Parent Relationship": "Outer", "Join Type": "Inner", "Startup Cost": 0.0, "Total Cost": 385536.75, "Plan Rows": 1413, "Plan Width": 64, "Inner Unique": true, "Plans": [{"Node Type": "Nested Loop", "Parent Relationship": "Outer", "Join Type": "Inner", "Startup Cost": 0.0, "Total Cost": 384957.48, "Plan Rows": 1155, "Plan Width": 68, "Inner Unique": false, "Plans": [{"Node Type": "Nested Loop", "Parent Relationship": "Outer", "Join Type": "Inner", "Startup Cost": 0.0, "Total Cost": 383895.85, "Plan Rows": 1044, "Plan Width": 76, "Inner Unique": true, "Join Filter": "(mi.movie_id = t.id)", "Plans": [{"Node Type": "Nested Loop", "Parent Relationship": "Outer", "Join Type": "Inner", "Startup Cost": 0.0, "Total Cost": 383467.66, "Plan Rows": 1044, "Plan Width": 55, "Inner Unique": false, "Join Filter": "(mi.info_type_id = it1.id)", "Plans": [{"Node Type": "Index Scan", "Parent Relationship": "Outer", "Scan Direction": "Forward", "Index Name": "info_type_pkey", "Relation Name": "info_type", "Alias": "it1", "Startup Cost": 0.0, "Total Cost": 14.21, "Plan Rows": 1, "Plan Width": 4, "Filter": "((info)::text = 'genres'::text)"}, {"Node Type": "Nested Loop", "Parent Relationship": "Inner", "Join Type": "Inner", "Startup Cost": 0.0, "Total Cost": 380590.58, "Plan Rows": 229029, "Plan Width": 59, "Inner Unique": false, "Plans": [{"Node Type": "Nested Loop", "Parent Relationship": "Outer", "Join Type": "Inner", "Startup Cost": 0.0, "Total Cost": 38338.2, "Plan Rows": 345008, "Plan Width": 9, "Inner Unique": false, "Plans": [{"Node Type": "Index Scan", "Parent Relationship": "Outer", "Scan Direction": "Forward", "Index Name": "info_type_pkey", "Relation Name": "info_type", "Alias": "it2", "Startup Cost": 0.0, "Total Cost": 14.21, "Plan Rows": 1, "Plan Width": 4, "Filter": "((info)::text = 'votes'::text)"}, {"Node Type": "Index Scan", "Parent Relationship": "Inner", "Scan Direction": "Forward", "Index Name": "info_type_id_movie_info_idx", "Relation Name": "movie_info_idx", "Alias": "mi_idx", "Startup Cost": 0.0, "Total Cost": 34873.91, "Plan Rows": 345008, "Plan Width": 13, "Index Cond": "(info_type_id = it2.id), (LLVM Optimized)"}]}, {"Node Type": "Index Scan", "Parent Relationship": "Inner", "Scan Direction": "Forward", "Index Name": "movie_id_movie_info", "Relation Name": "movie_info", "Alias": "mi", "Startup Cost": 0.0, "Total Cost": 0.98, "Plan Rows": 1, "Plan Width": 50, "Index Cond": "(movie_id = mi_idx.movie_id)", "Filter": "((info)::text = ANY ('{Horror,Action,Sci-Fi,Thriller,Crime,War}'::text[]))"}]}]}, {"Node Type": "Index Scan", "Parent Relationship": "Inner", "Scan Direction": "Forward", "Index Name": "title_pkey", "Relation Name": "title", "Alias": "t", "Startup Cost": 0.0, "Total Cost": 0.4, "Plan Rows": 1, "Plan Width": 21, "Index Cond": "(id = mi_idx.movie_id)"}]}, {"Node Type": "Index Scan", "Parent Relationship": "Inner", "Scan Direction": "Forward", "Index Name": "movie_id_cast_info", "Relation Name": "cast_info", "Alias": "ci", "Startup Cost": 0.0, "Total Cost": 1.01, "Plan Rows": 1, "Plan Width": 8, "Index Cond": "(movie_id = t.id)", "Filter": "((note)::text = ANY ('{(writer),\"(head writer)\",\"(written by)\",(story),\"(story editor)\"}'::text[]))"}]}, {"Node Type": "Index Scan", "Parent Relationship": "Inner", "Scan Direction": "Forward", "Index Name": "name_pkey", "Relation Name": "name", "Alias": "n", "Startup Cost": 0.0, "Total Cost": 0.49, "Plan Rows": 1, "Plan Width": 4, "Index Cond": "(id = ci.person_id)", "Filter": "((gender)::text = 'm'::text)"}]}]}, "Unique SQL Id": 3913857139, "Planner Runtime": 27}, "explain_analyze_plan": {"Plan": {"Node Type": "Aggregate", "Strategy": "Plain", "Startup Cost": 385547.34, "Total Cost": 385547.35, "Plan Rows": 1, "Plan Width": 160, "Actual Startup Time": 19038.718, "Actual Total Time": 19038.719, "Actual Rows": 1, "Actual Loops": 1, "Plans": [{"Node Type": "Nested Loop", "Parent Relationship": "Outer", "Join Type": "Inner", "Startup Cost": 0.0, "Total Cost": 385536.75, "Plan Rows": 1413, "Plan Width": 64, "Actual Startup Time": 29.464, "Actual Total Time": 18993.643, "Actual Rows": 28073, "Actual Loops": 1, "Inner Unique": true, "Plans": [{"Node Type": "Nested Loop", "Parent Relationship": "Outer", "Join Type": "Inner", "Startup Cost": 0.0, "Total Cost": 384957.48, "Plan Rows": 1155, "Plan Width": 68, "Actual Startup Time": 14.609, "Actual Total Time": 18579.543, "Actual Rows": 54155, "Actual Loops": 1, "Inner Unique": false, "Plans": [{"Node Type": "Nested Loop", "Parent Relationship": "Outer", "Join Type": "Inner", "Startup Cost": 0.0, "Total Cost": 383895.85, "Plan Rows": 1044, "Plan Width": 76, "Actual Startup Time": 0.805, "Actual Total Time": 10083.062, "Actual Rows": 102516, "Actual Loops": 1, "Inner Unique": true, "Join Filter": "(mi.movie_id = t.id)", "Rows Removed by Join Filter": 0, "Plans": [{"Node Type": "Nested Loop", "Parent Relationship": "Outer", "Join Type": "Inner", "Startup Cost": 0.0, "Total Cost": 383467.66, "Plan Rows": 1044, "Plan Width": 55, "Actual Startup Time": 0.793, "Actual Total Time": 9512.208, "Actual Rows": 102516, "Actual Loops": 1, "Inner Unique": false, "Join Filter": "(mi.info_type_id = it1.id)", "Rows Removed by Join Filter": 2376, "Plans": [{"Node Type": "Index Scan", "Parent Relationship": "Outer", "Scan Direction": "Forward", "Index Name": "info_type_pkey", "Relation Name": "info_type", "Alias": "it1", "Startup Cost": 0.0, "Total Cost": 14.21, "Plan Rows": 1, "Plan Width": 4, "Actual Startup Time": 0.028, "Actual Total Time": 0.085, "Actual Rows": 1, "Actual Loops": 1, "Filter": "((info)::text = 'genres'::text)", "Rows Removed by Filter": 111}, {"Node Type": "Nested Loop", "Parent Relationship": "Inner", "Join Type": "Inner", "Startup Cost": 0.0, "Total Cost": 380590.58, "Plan Rows": 229029, "Plan Width": 59, "Actual Startup Time": 0.76, "Actual Total Time": 9469.385, "Actual Rows": 104892, "Actual Loops": 1, "Inner Unique": false, "Plans": [{"Node Type": "Nested Loop", "Parent Relationship": "Outer", "Join Type": "Inner", "Startup Cost": 0.0, "Total Cost": 38338.2, "Plan Rows": 345008, "Plan Width": 9, "Actual Startup Time": 0.072, "Actual Total Time": 397.046, "Actual Rows": 459925, "Actual Loops": 1, "Inner Unique": false, "Plans": [{"Node Type": "Index Scan", "Parent Relationship": "Outer", "Scan Direction": "Forward", "Index Name": "info_type_pkey", "Relation Name": "info_type", "Alias": "it2", "Startup Cost": 0.0, "Total Cost": 14.21, "Plan Rows": 1, "Plan Width": 4, "Actual Startup Time": 0.054, "Actual Total Time": 0.212, "Actual Rows": 1, "Actual Loops": 1, "Filter": "((info)::text = 'votes'::text)", "Rows Removed by Filter": 111}, {"Node Type": "Index Scan", "Parent Relationship": "Inner", "Scan Direction": "Forward", "Index Name": "info_type_id_movie_info_idx", "Relation Name": "movie_info_idx", "Alias": "mi_idx", "Startup Cost": 0.0, "Total Cost": 34873.91, "Plan Rows": 345008, "Plan Width": 13, "Actual Startup Time": 0.015, "Actual Total Time": 288.249, "Actual Rows": 459925, "Actual Loops": 1, "Index Cond": "(info_type_id = it2.id), (LLVM Optimized, Jit Execute)", "Rows Removed by Index Recheck": 0}]}, {"Node Type": "Index Scan", "Parent Relationship": "Inner", "Scan Direction": "Forward", "Index Name": "movie_id_movie_info", "Relation Name": "movie_info", "Alias": "mi", "Startup Cost": 0.0, "Total Cost": 0.98, "Plan Rows": 1, "Plan Width": 50, "Actual Startup Time": 8639.279, "Actual Total Time": 8804.256, "Actual Rows": 104892, "Actual Loops": 459925, "Index Cond": "(movie_id = mi_idx.movie_id)", "Rows Removed by Index Recheck": 0, "Filter": "((info)::text = ANY ('{Horror,Action,Sci-Fi,Thriller,Crime,War}'::text[]))", "Rows Removed by Filter": 6825442}]}]}, {"Node Type": "Index Scan", "Parent Relationship": "Inner", "Scan Direction": "Forward", "Index Name": "title_pkey", "Relation Name": "title", "Alias": "t", "Startup Cost": 0.0, "Total Cost": 0.4, "Plan Rows": 1, "Plan Width": 21, "Actual Startup Time": 452.698, "Actual Total Time": 452.698, "Actual Rows": 102516, "Actual Loops": 102516, "Index Cond": "(id = mi_idx.movie_id)", "Rows Removed by Index Recheck": 0}]}, {"Node Type": "Index Scan", "Parent Relationship": "Inner", "Scan Direction": "Forward", "Index Name": "movie_id_cast_info", "Relation Name": "cast_info", "Alias": "ci", "Startup Cost": 0.0, "Total Cost": 1.01, "Plan Rows": 1, "Plan Width": 8, "Actual Startup Time": 7176.634, "Actual Total Time": 8423.011, "Actual Rows": 54155, "Actual Loops": 102516, "Index Cond": "(movie_id = t.id)", "Rows Removed by Index Recheck": 0, "Filter": "((note)::text = ANY ('{(writer),\"(head writer)\",\"(written by)\",(story),\"(story editor)\"}'::text[]))", "Rows Removed by Filter": 3987641}]}, {"Node Type": "Index Scan", "Parent Relationship": "Inner", "Scan Direction": "Forward", "Index Name": "name_pkey", "Relation Name": "name", "Alias": "n", "Startup Cost": 0.0, "Total Cost": 0.49, "Plan Rows": 1, "Plan Width": 4, "Actual Startup Time": 365.599, "Actual Total Time": 365.599, "Actual Rows": 28073, "Actual Loops": 54155, "Index Cond": "(id = ci.person_id)", "Rows Removed by Index Recheck": 0, "Filter": "((gender)::text = 'm'::text)", "Rows Removed by Filter": 26082}]}]}, "Triggers": [], "Planner Runtime": 6, "Total Runtime": 19047.819, "Unique SQL Id": 3913857139}}, "(64, 14)": {"explain_plan": {"Plan": {"Node Type": "Aggregate", "Strategy": "Plain", "Startup Cost": 321946.63, "Total Cost": 321946.64, "Plan Rows": 1, "Plan Width": 160, "Plans": [{"Node Type": "Hash Join", "Parent Relationship": "Outer", "Join Type": "Inner", "Startup Cost": 231909.32, "Total Cost": 321936.03, "Plan Rows": 1413, "Plan Width": 64, "Inner Unique": true, "Hash Cond": "(ci.person_id = n.id)", "Plans": [{"Node Type": "Streaming(type: LOCAL GATHER dop: 1/64)", "Parent Relationship": "Outer", "Startup Cost": 185018.45, "Total Cost": 275026.7, "Plan Rows": 1155, "Plan Width": 68, "Plans": [{"Node Type": "Hash Join", "Parent Relationship": "Outer", "Join Type": "Inner", "Startup Cost": 185018.45, "Total Cost": 275002.88, "Plan Rows": 1155, "Plan Width": 68, "Inner Unique": false, "Hash Cond": "(t.id = ci.movie_id)", "Plans": [{"Node Type": "Streaming(type: BROADCAST dop: 64/1)", "Parent Relationship": "Outer", "Startup Cost": 165793.23, "Total Cost": 255717.44, "Plan Rows": 66816, "Plan Width": 76, "Plans": [{"Node Type": "Nested Loop", "Parent Relationship": "Outer", "Join Type": "Inner", "Startup Cost": 165793.23, "Total Cost": 191339.03, "Plan Rows": 1044, "Plan Width": 76, "Inner Unique": false, "Join Filter": "(mi_idx.info_type_id = it2.id)", "Plans": [{"Node Type": "Seq Scan", "Parent Relationship": "Outer", "Relation Name": "info_type", "Alias": "it2", "Startup Cost": 0.0, "Total Cost": 2.4, "Plan Rows": 1, "Plan Width": 4, "Filter": "((info)::text = 'votes'::text)"}, {"Node Type": "Materialize", "Parent Relationship": "Inner", "Startup Cost": 165793.23, "Total Cost": 191294.88, "Plan Rows": 4175, "Plan Width": 80, "Plans": [{"Node Type": "Hash Join", "Parent Relationship": "Outer", "Join Type": "Inner", "Startup Cost": 165793.23, "Total Cost": 191284.45, "Plan Rows": 4175, "Plan Width": 80, "Inner Unique": false, "Hash Cond": "(mi_idx.movie_id = t.id)", "Plans": [{"Node Type": "Seq Scan", "Parent Relationship": "Outer", "Relation Name": "movie_info_idx", "Alias": "mi_idx", "Startup Cost": 0.0, "Total Cost": 20274.34, "Plan Rows": 1380034, "Plan Width": 13}, {"Node Type": "Hash", "Parent Relationship": "Inner", "Startup Cost": 165759.27, "Total Cost": 165759.27, "Plan Rows": 2717, "Plan Width": 67, "Plans": [{"Node Type": "Hash Join", "Parent Relationship": "Outer", "Join Type": "Inner", "Startup Cost": 91675.41, "Total Cost": 165759.27, "Plan Rows": 2717, "Plan Width": 67, "Inner Unique": true, "Hash Cond": "(mi.movie_id = t.id)", "Plans": [{"Node Type": "Hash Join", "Parent Relationship": "Outer", "Join Type": "Inner", "Startup Cost": 2.41, "Total Cost": 74048.91, "Plan Rows": 2717, "Plan Width": 46, "Inner Unique": true, "Hash Cond": "(mi.info_type_id = it1.id)", "Plans": [{"Node Type": "Streaming(type: LOCAL GATHER dop: 1/64)", "Parent Relationship": "Outer", "Startup Cost": 0.0, "Total Cost": 73306.19, "Plan Rows": 190170, "Plan Width": 50, "Plans": [{"Node Type": "Seq Scan", "Parent Relationship": "Outer", "Relation Name": "movie_info", "Alias": "mi", "Startup Cost": 0.0, "Total Cost": 69383.01, "Plan Rows": 190170, "Plan Width": 50, "Filter": "((info)::text = ANY ('{Horror,Action,Sci-Fi,Thriller,Crime,War}'::text[]))"}]}, {"Node Type": "Hash", "Parent Relationship": "Inner", "Startup Cost": 2.4, "Total Cost": 2.4, "Plan Rows": 1, "Plan Width": 4, "Plans": [{"Node Type": "Seq Scan", "Parent Relationship": "Outer", "Relation Name": "info_type", "Alias": "it1", "Startup Cost": 0.0, "Total Cost": 2.4, "Plan Rows": 1, "Plan Width": 4, "Filter": "((info)::text = 'genres'::text)"}]}]}, {"Node Type": "Hash", "Parent Relationship": "Inner", "Startup Cost": 60069.11, "Total Cost": 60069.11, "Plan Rows": 2528311, "Plan Width": 21, "Plans": [{"Node Type": "Seq Scan", "Parent Relationship": "Outer", "Relation Name": "title", "Alias": "t", "Startup Cost": 0.0, "Total Cost": 60069.11, "Plan Rows": 2528311, "Plan Width": 21}]}]}]}]}]}]}]}, {"Node Type": "Hash", "Parent Relationship": "Inner", "Startup Cost": 75945.31, "Total Cost": 75945.31, "Plan Rows": 1223154, "Plan Width": 8, "Plans": [{"Node Type": "Seq Scan", "Parent Relationship": "Outer", "Relation Name": "cast_info", "Alias": "ci", "Startup Cost": 0.0, "Total Cost": 75945.31, "Plan Rows": 1223154, "Plan Width": 8, "Filter": "((note)::text = ANY ('{(writer),\"(head writer)\",\"(written by)\",(story),\"(story editor)\"}'::text[]))"}]}]}]}, {"Node Type": "Hash", "Parent Relationship": "Inner", "Startup Cost": 100527.77, "Total Cost": 100527.77, "Plan Rows": 1740714, "Plan Width": 4, "Plans": [{"Node Type": "Streaming(type: LOCAL GATHER dop: 1/64)", "Parent Relationship": "Outer", "Startup Cost": 0.0, "Total Cost": 100527.77, "Plan Rows": 1740714, "Plan Width": 4, "Plans": [{"Node Type": "Seq Scan", "Parent Relationship": "Outer", "Relation Name": "name", "Alias": "n", "Startup Cost": 0.0, "Total Cost": 64617.04, "Plan Rows": 1740714, "Plan Width": 4, "Filter": "((gender)::text = 'm'::text), (LLVM Optimized)"}]}]}]}]}, "Unique SQL Id": 3913857139, "Planner Runtime": 97}, "explain_analyze_plan": {"Plan": {"Node Type": "Aggregate", "Strategy": "Plain", "Startup Cost": 321946.63, "Total Cost": 321946.64, "Plan Rows": 1, "Plan Width": 160, "Actual Min Startup Time": 8977.742, "Actual Max Startup Time": 8977.742, "Actual Min Total Time": 8977.742, "Actual Max Total Time": 8977.742, "Plans": [{"Node Type": "Hash Join", "Parent Relationship": "Outer", "Join Type": "Inner", "Startup Cost": 231909.32, "Total Cost": 321936.03, "Plan Rows": 1413, "Plan Width": 64, "Actual Min Startup Time": 4253.537, "Actual Max Startup Time": 4253.537, "Actual Min Total Time": 8958.206, "Actual Max Total Time": 8958.206, "Inner Unique": true, "Hash Cond": "(ci.person_id = n.id)", "Plans": [{"Node Type": "Streaming(type: LOCAL GATHER dop: 1/64)", "Parent Relationship": "Outer", "Startup Cost": 185018.45, "Total Cost": 275026.7, "Plan Rows": 1155, "Plan Width": 68, "Actual Min Startup Time": 2892.486, "Actual Max Startup Time": 2892.486, "Actual Min Total Time": 7572.565, "Actual Max Total Time": 7572.565, "Plans": [{"Node Type": "Hash Join", "Parent Relationship": "Outer", "Join Type": "Inner", "Startup Cost": 185018.45, "Total Cost": 275002.88, "Plan Rows": 1155, "Plan Width": 68, "Actual Min Startup Time": 3358.547, "Actual Max Startup Time": 3541.429, "Actual Min Total Time": 8566.429, "Actual Max Total Time": 8739.319, "Inner Unique": false, "Hash Cond": "(t.id = ci.movie_id)", "Plans": [{"Node Type": "Streaming(type: BROADCAST dop: 64/1)", "Parent Relationship": "Outer", "Startup Cost": 165793.23, "Total Cost": 255717.44, "Plan Rows": 66816, "Plan Width": 76, "Actual Min Startup Time": 3125.691, "Actual Max Startup Time": 3256.433, "Actual Min Total Time": 8303.23, "Actual Max Total Time": 8443.785, "Plans": [{"Node Type": "Nested Loop", "Parent Relationship": "Outer", "Join Type": "Inner", "Startup Cost": 165793.23, "Total Cost": 191339.03, "Plan Rows": 1044, "Plan Width": 76, "Actual Min Startup Time": 3363.575, "Actual Max Startup Time": 3363.575, "Actual Min Total Time": 3496.379, "Actual Max Total Time": 3496.379, "Inner Unique": false, "Join Filter": "(mi_idx.info_type_id = it2.id)", "Rows Removed by Join Filter": 205269, "Plans": [{"Node Type": "Seq Scan", "Parent Relationship": "Outer", "Relation Name": "info_type", "Alias": "it2", "Startup Cost": 0.0, "Total Cost": 2.4, "Plan Rows": 1, "Plan Width": 4, "Actual Min Startup Time": 0.101, "Actual Max Startup Time": 0.101, "Actual Min Total Time": 0.126, "Actual Max Total Time": 0.126, "Filter": "((info)::text = 'votes'::text)", "Rows Removed by Filter": 111, "Actual Rows": 1}, {"Node Type": "Materialize", "Parent Relationship": "Inner", "Startup Cost": 165793.23, "Total Cost": 191294.88, "Plan Rows": 4175, "Plan Width": 80, "Actual Min Startup Time": 3362.943, "Actual Max Startup Time": 3362.943, "Actual Min Total Time": 3397.806, "Actual Max Total Time": 3397.806, "Plans": [{"Node Type": "Hash Join", "Parent Relationship": "Outer", "Join Type": "Inner", "Startup Cost": 165793.23, "Total Cost": 191284.45, "Plan Rows": 4175, "Plan Width": 80, "Actual Min Startup Time": 2434.808, "Actual Max Startup Time": 2434.808, "Actual Min Total Time": 3274.246, "Actual Max Total Time": 3274.246, "Inner Unique": false, "Hash Cond": "(mi_idx.movie_id = t.id)", "Plans": [{"Node Type": "Seq Scan", "Parent Relationship": "Outer", "Relation Name": "movie_info_idx", "Alias": "mi_idx", "Startup Cost": 0.0, "Total Cost": 20274.34, "Plan Rows": 1380034, "Plan Width": 13, "Actual Min Startup Time": 0.052, "Actual Max Startup Time": 0.052, "Actual Min Total Time": 316.621, "Actual Max Total Time": 316.621, "Actual Rows": 1380034}, {"Node Type": "Hash", "Parent Relationship": "Inner", "Startup Cost": 165759.27, "Total Cost": 165759.27, "Plan Rows": 2717, "Plan Width": 67, "Actual Min Startup Time": 2430.075, "Actual Max Startup Time": 2430.075, "Actual Min Total Time": 2430.075, "Actual Max Total Time": 2430.075, "Max Hash Buckets": 32768, "Min Hash Buckets": 32768, "Max Hash Batches": 1, "Min Hash Batches": 1, "Max Original Hash Batches": 1, "Min Original Hash Batches": 1, "Max Peak Memory Usage": 12274, "min Peak Memory Usage": 12274, "Plans": [{"Node Type": "Hash Join", "Parent Relationship": "Outer", "Join Type": "Inner", "Startup Cost": 91675.41, "Total Cost": 165759.27, "Plan Rows": 2717, "Plan Width": 67, "Actual Min Startup Time": 2081.898, "Actual Max Startup Time": 2081.898, "Actual Min Total Time": 2368.67, "Actual Max Total Time": 2368.67, "Inner Unique": true, "Hash Cond": "(mi.movie_id = t.id)", "Plans": [{"Node Type": "Hash Join", "Parent Relationship": "Outer", "Join Type": "Inner", "Startup Cost": 2.41, "Total Cost": 74048.91, "Plan Rows": 2717, "Plan Width": 46, "Actual Min Startup Time": 0.371, "Actual Max Startup Time": 0.371, "Actual Min Total Time": 162.966, "Actual Max Total Time": 162.966, "Inner Unique": true, "Hash Cond": "(mi.info_type_id = it1.id)", "Plans": [{"Node Type": "Streaming(type: LOCAL GATHER dop: 1/64)", "Parent Relationship": "Outer", "Startup Cost": 0.0, "Total Cost": 73306.19, "Plan Rows": 190170, "Plan Width": 50, "Actual Min Startup Time": 0.171, "Actual Max Startup Time": 0.171, "Actual Min Total Time": 89.209, "Actual Max Total Time": 89.209, "Plans": [{"Node Type": "Seq Scan", "Parent Relationship": "Outer", "Relation Name": "movie_info", "Alias": "mi", "Startup Cost": 0.0, "Total Cost": 69383.01, "Plan Rows": 190170, "Plan Width": 50, "Actual Min Startup Time": 62.363, "Actual Max Startup Time": 122.436, "Actual Min Total Time": 112.127, "Actual Max Total Time": 141.314, "Filter": "((info)::text = ANY ('{Horror,Action,Sci-Fi,Thriller,Crime,War}'::text[]))", "Rows Removed by Filter": 14646748, "Actual Rows": 188971}], "Actual Rows": 188971}, {"Node Type": "Hash", "Parent Relationship": "Inner", "Startup Cost": 2.4, "Total Cost": 2.4, "Plan Rows": 1, "Plan Width": 4, "Actual Min Startup Time": 0.097, "Actual Max Startup Time": 0.097, "Actual Min Total Time": 0.097, "Actual Max Total Time": 0.097, "Max Hash Buckets": 32768, "Min Hash Buckets": 32768, "Max Hash Batches": 1, "Min Hash Batches": 1, "Max Original Hash Batches": 1, "Min Original Hash Batches": 1, "Max Peak Memory Usage": 1, "min Peak Memory Usage": 1, "Plans": [{"Node Type": "Seq Scan", "Parent Relationship": "Outer", "Relation Name": "info_type", "Alias": "it1", "Startup Cost": 0.0, "Total Cost": 2.4, "Plan Rows": 1, "Plan Width": 4, "Actual Min Startup Time": 0.065, "Actual Max Startup Time": 0.065, "Actual Min Total Time": 0.088, "Actual Max Total Time": 0.088, "Filter": "((info)::text = 'genres'::text)", "Rows Removed by Filter": 111, "Actual Rows": 1}], "Actual Rows": 1}], "Actual Rows": 186594}, {"Node Type": "Hash", "Parent Relationship": "Inner", "Startup Cost": 60069.11, "Total Cost": 60069.11, "Plan Rows": 2528311, "Plan Width": 21, "Actual Min Startup Time": 2036.89, "Actual Max Startup Time": 2036.89, "Actual Min Total Time": 2036.89, "Actual Max Total Time": 2036.89, "Max Hash Buckets": 4194304, "Min Hash Buckets": 4194304, "Max Hash Batches": 1, "Min Hash Batches": 1, "Max Original Hash Batches": 1, "Min Original Hash Batches": 1, "Max Peak Memory Usage": 135869, "min Peak Memory Usage": 135869, "Plans": [{"Node Type": "Seq Scan", "Parent Relationship": "Outer", "Relation Name": "title", "Alias": "t", "Startup Cost": 0.0, "Total Cost": 60069.11, "Plan Rows": 2528311, "Plan Width": 21, "Actual Min Startup Time": 0.034, "Actual Max Startup Time": 0.034, "Actual Min Total Time": 839.892, "Actual Max Total Time": 839.892, "Actual Rows": 2528311}], "Actual Rows": 2528311}], "Actual Rows": 186594}], "Actual Rows": 186594}], "Actual Rows": 307785}], "Actual Rows": 307786}], "Actual Rows": 102516}], "Actual Rows": 6561024}, {"Node Type": "Hash", "Parent Relationship": "Inner", "Startup Cost": 75945.31, "Total Cost": 75945.31, "Plan Rows": 1223154, "Plan Width": 8, "Actual Min Startup Time": 220.598, "Actual Max Startup Time": 269.796, "Actual Min Total Time": 220.598, "Actual Max Total Time": 269.796, "Max Hash Buckets": 32768, "Min Hash Buckets": 32768, "Max Hash Batches": 1, "Min Hash Batches": 1, "Max Original Hash Batches": 1, "Min Original Hash Batches": 1, "Max Peak Memory Usage": 808, "min Peak Memory Usage": 808, "Plans": [{"Node Type": "Seq Scan", "Parent Relationship": "Outer", "Relation Name": "cast_info", "Alias": "ci", "Startup Cost": 0.0, "Total Cost": 75945.31, "Plan Rows": 1223154, "Plan Width": 8, "Actual Min Startup Time": 6.076, "Actual Max Startup Time": 150.682, "Actual Min Total Time": 215.129, "Actual Max Total Time": 232.747, "Filter": "((note)::text = ANY ('{(writer),\"(head writer)\",\"(written by)\",(story),\"(story editor)\"}'::text[]))", "Rows Removed by Filter": 34999627, "Actual Rows": 1244716}], "Actual Rows": 1244716}], "Actual Rows": 54155}], "Actual Rows": 54155}, {"Node Type": "Hash", "Parent Relationship": "Inner", "Startup Cost": 100527.77, "Total Cost": 100527.77, "Plan Rows": 1740714, "Plan Width": 4, "Actual Min Startup Time": 1359.632, "Actual Max Startup Time": 1359.632, "Actual Min Total Time": 1359.632, "Actual Max Total Time": 1359.632, "Max Hash Buckets": 2097152, "Min Hash Buckets": 2097152, "Max Hash Batches": 1, "Min Hash Batches": 1, "Max Original Hash Batches": 1, "Min Original Hash Batches": 1, "Max Peak Memory Usage": 61158, "min Peak Memory Usage": 61158, "Plans": [{"Node Type": "Streaming(type: LOCAL GATHER dop: 1/64)", "Parent Relationship": "Outer", "Startup Cost": 0.0, "Total Cost": 100527.77, "Plan Rows": 1740714, "Plan Width": 4, "Actual Min Startup Time": 208.488, "Actual Max Startup Time": 208.488, "Actual Min Total Time": 790.492, "Actual Max Total Time": 790.492, "Plans": [{"Node Type": "Seq Scan", "Parent Relationship": "Outer", "Relation Name": "name", "Alias": "n", "Startup Cost": 0.0, "Total Cost": 64617.04, "Plan Rows": 1740714, "Plan Width": 4, "Actual Min Startup Time": 0.025, "Actual Max Startup Time": 0.063, "Actual Min Total Time": 22.209, "Actual Max Total Time": 27.554, "Filter": "((gender)::text = 'm'::text), (LLVM Optimized, Jit Execute)", "Rows Removed by Filter": 2427912, "Actual Rows": 1739578}], "Actual Rows": 1739578}], "Actual Rows": 1739578}], "Actual Rows": 28073}], "Actual Rows": 1}, "Triggers": [], "Planner Runtime": 81, "Total Runtime": 9048.438, "Unique SQL Id": 3913857139}}, "(64, 15)": {"explain_plan": {"Plan": {"Node Type": "Aggregate", "Strategy": "Plain", "Startup Cost": 6974941462121.7, "Total Cost": 6974941462121.71, "Plan Rows": 1, "Plan Width": 160, "Plans": [{"Node Type": "Merge Join", "Parent Relationship": "Outer", "Join Type": "Inner", "Startup Cost": 70000000000.0, "Total Cost": 6974941462111.11, "Plan Rows": 1413, "Plan Width": 64, "Inner Unique": true, "Merge Cond": "(ci.person_id = n.id)", "Plans": [{"Node Type": "Nested Loop", "Parent Relationship": "Outer", "Join Type": "Inner", "Startup Cost": 60000000000.0, "Total Cost": 6000433185113.17, "Plan Rows": 1155, "Plan Width": 68, "Inner Unique": true, "Join Filter": "(mi.movie_id = t.id)", "Plans": [{"Node Type": "Nested Loop", "Parent Relationship": "Outer", "Join Type": "Inner", "Startup Cost": 50000000000.0, "Total Cost": 5000378363755.41, "Plan Rows": 1155, "Plan Width": 63, "Inner Unique": false, "Join Filter": "(mi_idx.movie_id = mi.movie_id)", "Plans": [{"Node Type": "Nested Loop", "Parent Relationship": "Outer", "Join Type": "Inner", "Startup Cost": 30000000000.0, "Total Cost": 3000358134325.29, "Plan Rows": 3006, "Plan Width": 54, "Inner Unique": false, "Join Filter": "(mi.movie_id = ci.movie_id)", "Plans": [{"Node Type": "Index Scan", "Parent Relationship": "Outer", "Scan Direction": "Forward", "Index Name": "person_id_cast_info", "Relation Name": "cast_info", "Alias": "ci", "Startup Cost": 10000000000.0, "Total Cost": 1000193311016.96, "Plan Rows": 1223154, "Plan Width": 8, "Filter": "((note)::text = ANY ('{(writer),\"(head writer)\",\"(written by)\",(story),\"(story editor)\"}'::text[]))"}, {"Node Type": "Materialize", "Parent Relationship": "Inner", "Startup Cost": 20000000000.0, "Total Cost": 2000114973673.85, "Plan Rows": 2717, "Plan Width": 46, "Plans": [{"Node Type": "Nested Loop", "Parent Relationship": "Outer", "Join Type": "Inner", "Startup Cost": 20000000000.0, "Total Cost": 2000114973660.27, "Plan Rows": 2717, "Plan Width": 46, "Inner Unique": true, "Join Filter": "(it1.id = mi.info_type_id)", "Plans": [{"Node Type": "Index Scan", "Parent Relationship": "Outer", "Scan Direction": "Forward", "Index Name": "movie_id_movie_info", "Relation Name": "movie_info", "Alias": "mi", "Startup Cost": 10000000000.0, "Total Cost": 1000114969386.72, "Plan Rows": 190170, "Plan Width": 50, "Filter": "((info)::text = ANY ('{Horror,Action,Sci-Fi,Thriller,Crime,War}'::text[]))"}, {"Node Type": "Materialize", "Parent Relationship": "Inner", "Startup Cost": 10000000000.0, "Total Cost": 1000000001421.0, "Plan Rows": 1, "Plan Width": 4, "Plans": [{"Node Type": "Index Scan", "Parent Relationship": "Outer", "Scan Direction": "Forward", "Index Name": "info_type_pkey", "Relation Name": "info_type", "Alias": "it1", "Startup Cost": 10000000000.0, "Total Cost": 1000000001421.0, "Plan Rows": 1, "Plan Width": 4, "Filter": "((info)::text = 'genres'::text)"}]}]}]}]}, {"Node Type": "Materialize", "Parent Relationship": "Inner", "Startup Cost": 20000000000.0, "Total Cost": 2000004673881.92, "Plan Rows": 345008, "Plan Width": 9, "Plans": [{"Node Type": "Nested Loop", "Parent Relationship": "Outer", "Join Type": "Inner", "Startup Cost": 20000000000.0, "Total Cost": 2000004672156.88, "Plan Rows": 345008, "Plan Width": 9, "Inner Unique": true, "Join Filter": "(it2.id = mi_idx.info_type_id), (LLVM Optimized)", "Plans": [{"Node Type": "Index Scan", "Parent Relationship": "Outer", "Scan Direction": "Forward", "Index Name": "movie_id_movie_info_idx", "Relation Name": "movie_info_idx", "Alias": "mi_idx", "Startup Cost": 10000000000.0, "Total Cost": 1000004650035.37, "Plan Rows": 1380034, "Plan Width": 13}, {"Node Type": "Materialize", "Parent Relationship": "Inner", "Startup Cost": 10000000000.0, "Total Cost": 1000000001421.0, "Plan Rows": 1, "Plan Width": 4, "Plans": [{"Node Type": "Index Scan", "Parent Relationship": "Outer", "Scan Direction": "Forward", "Index Name": "info_type_pkey", "Relation Name": "info_type", "Alias": "it2", "Startup Cost": 10000000000.0, "Total Cost": 1000000001421.0, "Plan Rows": 1, "Plan Width": 4, "Filter": "((info)::text = 'votes'::text)"}]}]}]}]}, {"Node Type": "Materialize", "Parent Relationship": "Inner", "Startup Cost": 10000000000.0, "Total Cost": 1000011024690.47, "Plan Rows": 2528311, "Plan Width": 21, "Plans": [{"Node Type": "Index Scan", "Parent Relationship": "Outer", "Scan Direction": "Forward", "Index Name": "title_pkey", "Relation Name": "title", "Alias": "t", "Startup Cost": 10000000000.0, "Total Cost": 1000011012048.91, "Plan Rows": 2528311, "Plan Width": 21}]}]}, {"Node Type": "Index Scan", "Parent Relationship": "Inner", "Scan Direction": "Forward", "Index Name": "name_pkey", "Relation Name": "name", "Alias": "n", "Startup Cost": 10000000000.0, "Total Cost": 1000018665147.2, "Plan Rows": 1740714, "Plan Width": 4, "Filter": "((gender)::text = 'm'::text), (LLVM Optimized)"}]}]}, "Unique SQL Id": 3913857139, "Planner Runtime": 97}, "explain_analyze_plan": null}, "(64, 16)": {"explain_plan": {"Plan": {"Node Type": "Aggregate", "Strategy": "Plain", "Startup Cost": 79308.04, "Total Cost": 79308.05, "Plan Rows": 1, "Plan Width": 160, "Plans": [{"Node Type": "Nested Loop", "Parent Relationship": "Outer", "Join Type": "Inner", "Startup Cost": 0.0, "Total Cost": 79297.45, "Plan Rows": 1413, "Plan Width": 64, "Inner Unique": true, "Plans": [{"Node Type": "Nested Loop", "Parent Relationship": "Outer", "Join Type": "Inner", "Startup Cost": 0.0, "Total Cost": 78718.18, "Plan Rows": 1155, "Plan Width": 68, "Inner Unique": false, "Plans": [{"Node Type": "Nested Loop", "Parent Relationship": "Outer", "Join Type": "Inner", "Startup Cost": 0.0, "Total Cost": 77656.55, "Plan Rows": 1044, "Plan Width": 76, "Inner Unique": true, "Join Filter": "(mi.movie_id = t.id)", "Plans": [{"Node Type": "Nested Loop", "Parent Relationship": "Outer", "Join Type": "Inner", "Startup Cost": 0.0, "Total Cost": 77228.36, "Plan Rows": 1044, "Plan Width": 55, "Inner Unique": false, "Join Filter": "(mi_idx.info_type_id = it2.id)", "Plans": [{"Node Type": "Seq Scan", "Parent Relationship": "Outer", "Relation Name": "info_type", "Alias": "it2", "Startup Cost": 0.0, "Total Cost": 2.4, "Plan Rows": 1, "Plan Width": 4, "Filter": "((info)::text = 'votes'::text)"}, {"Node Type": "Nested Loop", "Parent Relationship": "Inner", "Join Type": "Inner", "Startup Cost": 0.0, "Total Cost": 77173.77, "Plan Rows": 4175, "Plan Width": 59, "Inner Unique": false, "Plans": [{"Node Type": "Nested Loop", "Parent Relationship": "Outer", "Join Type": "Inner", "Startup Cost": 0.0, "Total Cost": 75685.72, "Plan Rows": 2717, "Plan Width": 46, "Inner Unique": false, "Join Filter": "(it1.id = mi.info_type_id)", "Plans": [{"Node Type": "Seq Scan", "Parent Relationship": "Outer", "Relation Name": "info_type", "Alias": "it1", "Startup Cost": 0.0, "Total Cost": 2.4, "Plan Rows": 1, "Plan Width": 4, "Filter": "((info)::text = 'genres'::text)"}, {"Node Type": "Materialize", "Parent Relationship": "Inner", "Startup Cost": 0.0, "Total Cost": 73781.62, "Plan Rows": 190170, "Plan Width": 50, "Plans": [{"Node Type": "Streaming(type: LOCAL GATHER dop: 1/64)", "Parent Relationship": "Outer", "Startup Cost": 0.0, "Total Cost": 73306.19, "Plan Rows": 190170, "Plan Width": 50, "Plans": [{"Node Type": "Seq Scan", "Parent Relationship": "Outer", "Relation Name": "movie_info", "Alias": "mi", "Startup Cost": 0.0, "Total Cost": 69383.01, "Plan Rows": 190170, "Plan Width": 50, "Filter": "((info)::text = ANY ('{Horror,Action,Sci-Fi,Thriller,Crime,War}'::text[]))"}]}]}]}, {"Node Type": "Index Scan", "Parent Relationship": "Inner", "Scan Direction": "Forward", "Index Name": "movie_id_movie_info_idx", "Relation Name": "movie_info_idx", "Alias": "mi_idx", "Startup Cost": 0.0, "Total Cost": 0.53, "Plan Rows": 2, "Plan Width": 13, "Index Cond": "(movie_id = mi.movie_id)"}]}]}, {"Node Type": "Index Scan", "Parent Relationship": "Inner", "Scan Direction": "Forward", "Index Name": "title_pkey", "Relation Name": "title", "Alias": "t", "Startup Cost": 0.0, "Total Cost": 0.4, "Plan Rows": 1, "Plan Width": 21, "Index Cond": "(id = mi_idx.movie_id)"}]}, {"Node Type": "Index Scan", "Parent Relationship": "Inner", "Scan Direction": "Forward", "Index Name": "movie_id_cast_info", "Relation Name": "cast_info", "Alias": "ci", "Startup Cost": 0.0, "Total Cost": 1.01, "Plan Rows": 1, "Plan Width": 8, "Index Cond": "(movie_id = t.id)", "Filter": "((note)::text = ANY ('{(writer),\"(head writer)\",\"(written by)\",(story),\"(story editor)\"}'::text[]))"}]}, {"Node Type": "Index Scan", "Parent Relationship": "Inner", "Scan Direction": "Forward", "Index Name": "name_pkey", "Relation Name": "name", "Alias": "n", "Startup Cost": 0.0, "Total Cost": 0.49, "Plan Rows": 1, "Plan Width": 4, "Index Cond": "(id = ci.person_id)", "Filter": "((gender)::text = 'm'::text)"}]}]}, "Unique SQL Id": 3913857139, "Planner Runtime": 20}, "explain_analyze_plan": {"Plan": {"Node Type": "Aggregate", "Strategy": "Plain", "Startup Cost": 79308.04, "Total Cost": 79308.05, "Plan Rows": 1, "Plan Width": 160, "Actual Min Startup Time": 10680.124, "Actual Max Startup Time": 10680.124, "Actual Min Total Time": 10680.125, "Actual Max Total Time": 10680.125, "Plans": [{"Node Type": "Nested Loop", "Parent Relationship": "Outer", "Join Type": "Inner", "Startup Cost": 0.0, "Total Cost": 79297.45, "Plan Rows": 1413, "Plan Width": 64, "Actual Min Startup Time": 249.693, "Actual Max Startup Time": 249.693, "Actual Min Total Time": 10641.432, "Actual Max Total Time": 10641.432, "Inner Unique": true, "Plans": [{"Node Type": "Nested Loop", "Parent Relationship": "Outer", "Join Type": "Inner", "Startup Cost": 0.0, "Total Cost": 78718.18, "Plan Rows": 1155, "Plan Width": 68, "Actual Min Startup Time": 247.969, "Actual Max Startup Time": 247.969, "Actual Min Total Time": 10246.003, "Actual Max Total Time": 10246.003, "Inner Unique": false, "Plans": [{"Node Type": "Nested Loop", "Parent Relationship": "Outer", "Join Type": "Inner", "Startup Cost": 0.0, "Total Cost": 77656.55, "Plan Rows": 1044, "Plan Width": 76, "Actual Min Startup Time": 247.349, "Actual Max Startup Time": 247.349, "Actual Min Total Time": 1811.85, "Actual Max Total Time": 1811.85, "Inner Unique": true, "Join Filter": "(mi.movie_id = t.id)", "Rows Removed by Join Filter": 0, "Plans": [{"Node Type": "Nested Loop", "Parent Relationship": "Outer", "Join Type": "Inner", "Startup Cost": 0.0, "Total Cost": 77228.36, "Plan Rows": 1044, "Plan Width": 55, "Actual Min Startup Time": 247.331, "Actual Max Startup Time": 247.331, "Actual Min Total Time": 1273.326, "Actual Max Total Time": 1273.326, "Inner Unique": false, "Join Filter": "(mi_idx.info_type_id = it2.id)", "Rows Removed by Join Filter": 205269, "Plans": [{"Node Type": "Seq Scan", "Parent Relationship": "Outer", "Relation Name": "info_type", "Alias": "it2", "Startup Cost": 0.0, "Total Cost": 2.4, "Plan Rows": 1, "Plan Width": 4, "Actual Min Startup Time": 0.086, "Actual Max Startup Time": 0.086, "Actual Min Total Time": 0.096, "Actual Max Total Time": 0.096, "Filter": "((info)::text = 'votes'::text)", "Rows Removed by Filter": 111, "Actual Rows": 1}, {"Node Type": "Nested Loop", "Parent Relationship": "Inner", "Join Type": "Inner", "Startup Cost": 0.0, "Total Cost": 77173.77, "Plan Rows": 4175, "Plan Width": 59, "Actual Min Startup Time": 247.225, "Actual Max Startup Time": 247.225, "Actual Min Total Time": 1183.67, "Actual Max Total Time": 1183.67, "Inner Unique": false, "Plans": [{"Node Type": "Nested Loop", "Parent Relationship": "Outer", "Join Type": "Inner", "Startup Cost": 0.0, "Total Cost": 75685.72, "Plan Rows": 2717, "Plan Width": 46, "Actual Min Startup Time": 247.195, "Actual Max Startup Time": 247.195, "Actual Min Total Time": 356.202, "Actual Max Total Time": 356.202, "Inner Unique": false, "Join Filter": "(it1.id = mi.info_type_id)", "Rows Removed by Join Filter": 2377, "Plans": [{"Node Type": "Seq Scan", "Parent Relationship": "Outer", "Relation Name": "info_type", "Alias": "it1", "Startup Cost": 0.0, "Total Cost": 2.4, "Plan Rows": 1, "Plan Width": 4, "Actual Min Startup Time": 0.047, "Actual Max Startup Time": 0.047, "Actual Min Total Time": 0.081, "Actual Max Total Time": 0.081, "Filter": "((info)::text = 'genres'::text)", "Rows Removed by Filter": 111, "Actual Rows": 1}, {"Node Type": "Materialize", "Parent Relationship": "Inner", "Startup Cost": 0.0, "Total Cost": 73781.62, "Plan Rows": 190170, "Plan Width": 50, "Actual Min Startup Time": 247.015, "Actual Max Startup Time": 247.015, "Actual Min Total Time": 279.819, "Actual Max Total Time": 279.819, "Plans": [{"Node Type": "Streaming(type: LOCAL GATHER dop: 1/64)", "Parent Relationship": "Outer", "Startup Cost": 0.0, "Total Cost": 73306.19, "Plan Rows": 190170, "Plan Width": 50, "Actual Min Startup Time": 127.593, "Actual Max Startup Time": 127.593, "Actual Min Total Time": 219.435, "Actual Max Total Time": 219.435, "Plans": [{"Node Type": "Seq Scan", "Parent Relationship": "Outer", "Relation Name": "movie_info", "Alias": "mi", "Startup Cost": 0.0, "Total Cost": 69383.01, "Plan Rows": 190170, "Plan Width": 50, "Actual Min Startup Time": 55.284, "Actual Max Startup Time": 120.939, "Actual Min Total Time": 110.672, "Actual Max Total Time": 131.365, "Filter": "((info)::text = ANY ('{Horror,Action,Sci-Fi,Thriller,Crime,War}'::text[]))", "Rows Removed by Filter": 14646748, "Actual Rows": 188971}], "Actual Rows": 188971}], "Actual Rows": 188972}], "Actual Rows": 186594}, {"Node Type": "Index Scan", "Parent Relationship": "Inner", "Scan Direction": "Forward", "Index Name": "movie_id_movie_info_idx", "Relation Name": "movie_info_idx", "Alias": "mi_idx", "Startup Cost": 0.0, "Total Cost": 0.53, "Plan Rows": 2, "Plan Width": 13, "Actual Min Startup Time": 538.447, "Actual Max Startup Time": 538.447, "Actual Min Total Time": 656.885, "Actual Max Total Time": 656.885, "Index Cond": "(movie_id = mi.movie_id)", "Rows Removed by Index Recheck": 0, "Actual Rows": 307785}], "Actual Rows": 307785}], "Actual Rows": 102516}, {"Node Type": "Index Scan", "Parent Relationship": "Inner", "Scan Direction": "Forward", "Index Name": "title_pkey", "Relation Name": "title", "Alias": "t", "Startup Cost": 0.0, "Total Cost": 0.4, "Plan Rows": 1, "Plan Width": 21, "Actual Min Startup Time": 432.22, "Actual Max Startup Time": 432.22, "Actual Min Total Time": 432.22, "Actual Max Total Time": 432.22, "Index Cond": "(id = mi_idx.movie_id)", "Rows Removed by Index Recheck": 0, "Actual Rows": 102516}], "Actual Rows": 102516}, {"Node Type": "Index Scan", "Parent Relationship": "Inner", "Scan Direction": "Forward", "Index Name": "movie_id_cast_info", "Relation Name": "cast_info", "Alias": "ci", "Startup Cost": 0.0, "Total Cost": 1.01, "Plan Rows": 1, "Plan Width": 8, "Actual Min Startup Time": 7123.336, "Actual Max Startup Time": 7123.336, "Actual Min Total Time": 8361.98, "Actual Max Total Time": 8361.98, "Index Cond": "(movie_id = t.id)", "Rows Removed by Index Recheck": 0, "Filter": "((note)::text = ANY ('{(writer),\"(head writer)\",\"(written by)\",(story),\"(story editor)\"}'::text[]))", "Rows Removed by Filter": 3987641, "Actual Rows": 54155}], "Actual Rows": 54155}, {"Node Type": "Index Scan", "Parent Relationship": "Inner", "Scan Direction": "Forward", "Index Name": "name_pkey", "Relation Name": "name", "Alias": "n", "Startup Cost": 0.0, "Total Cost": 0.49, "Plan Rows": 1, "Plan Width": 4, "Actual Min Startup Time": 352.775, "Actual Max Startup Time": 352.775, "Actual Min Total Time": 352.775, "Actual Max Total Time": 352.775, "Index Cond": "(id = ci.person_id)", "Rows Removed by Index Recheck": 0, "Filter": "((gender)::text = 'm'::text)", "Rows Removed by Filter": 26082, "Actual Rows": 28073}], "Actual Rows": 28073}], "Actual Rows": 1}, "Triggers": [], "Planner Runtime": 7, "Total Runtime": 10691.468, "Unique SQL Id": 3913857139}}, "(64, 17)": {"explain_plan": {"Plan": {"Node Type": "Aggregate", "Strategy": "Plain", "Startup Cost": 168618.05, "Total Cost": 168618.06, "Plan Rows": 1, "Plan Width": 160, "Plans": [{"Node Type": "Nested Loop", "Parent Relationship": "Outer", "Join Type": "Inner", "Startup Cost": 4842.14, "Total Cost": 168607.45, "Plan Rows": 1413, "Plan Width": 64, "Inner Unique": true, "Plans": [{"Node Type": "Nested Loop", "Parent Relationship": "Outer", "Join Type": "Inner", "Startup Cost": 4842.14, "Total Cost": 168028.19, "Plan Rows": 1155, "Plan Width": 68, "Inner Unique": false, "Plans": [{"Node Type": "Nested Loop", "Parent Relationship": "Outer", "Join Type": "Inner", "Startup Cost": 4842.14, "Total Cost": 166966.55, "Plan Rows": 1044, "Plan Width": 76, "Inner Unique": true, "Join Filter": "(mi.movie_id = t.id)", "Plans": [{"Node Type": "Nested Loop", "Parent Relationship": "Outer", "Join Type": "Inner", "Startup Cost": 4842.14, "Total Cost": 166538.36, "Plan Rows": 1044, "Plan Width": 55, "Inner Unique": false, "Join Filter": "(mi_idx.info_type_id = it2.id)", "Plans": [{"Node Type": "Index Scan", "Parent Relationship": "Outer", "Scan Direction": "Forward", "Index Name": "info_type_pkey", "Relation Name": "info_type", "Alias": "it2", "Startup Cost": 0.0, "Total Cost": 14.21, "Plan Rows": 1, "Plan Width": 4, "Filter": "((info)::text = 'votes'::text)"}, {"Node Type": "Nested Loop", "Parent Relationship": "Inner", "Join Type": "Inner", "Startup Cost": 4842.14, "Total Cost": 166471.96, "Plan Rows": 4175, "Plan Width": 59, "Inner Unique": false, "Plans": [{"Node Type": "Nested Loop", "Parent Relationship": "Outer", "Join Type": "Inner", "Startup Cost": 4842.14, "Total Cost": 164983.91, "Plan Rows": 2717, "Plan Width": 46, "Inner Unique": false, "Plans": [{"Node Type": "Index Scan", "Parent Relationship": "Outer", "Scan Direction": "Forward", "Index Name": "info_type_pkey", "Relation Name": "info_type", "Alias": "it1", "Startup Cost": 0.0, "Total Cost": 14.21, "Plan Rows": 1, "Plan Width": 4, "Filter": "((info)::text = 'genres'::text)"}, {"Node Type": "Bitmap Heap Scan", "Parent Relationship": "Inner", "Relation Name": "movie_info", "Alias": "mi", "Startup Cost": 4842.14, "Total Cost": 164942.53, "Plan Rows": 2717, "Plan Width": 50, "Recheck Cond": "(info_type_id = it1.id)", "Filter": "((info)::text = ANY ('{Horror,Action,Sci-Fi,Thriller,Crime,War}'::text[]))", "Plans": [{"Node Type": "Bitmap Index Scan", "Parent Relationship": "Outer", "Index Name": "info_type_id_movie_info", "Startup Cost": 0.0, "Total Cost": 4841.46, "Plan Rows": 212428, "Plan Width": 0, "Index Cond": "(info_type_id = it1.id)"}]}]}, {"Node Type": "Index Scan", "Parent Relationship": "Inner", "Scan Direction": "Forward", "Index Name": "movie_id_movie_info_idx", "Relation Name": "movie_info_idx", "Alias": "mi_idx", "Startup Cost": 0.0, "Total Cost": 0.53, "Plan Rows": 2, "Plan Width": 13, "Index Cond": "(movie_id = mi.movie_id)"}]}]}, {"Node Type": "Index Scan", "Parent Relationship": "Inner", "Scan Direction": "Forward", "Index Name": "title_pkey", "Relation Name": "title", "Alias": "t", "Startup Cost": 0.0, "Total Cost": 0.4, "Plan Rows": 1, "Plan Width": 21, "Index Cond": "(id = mi_idx.movie_id)"}]}, {"Node Type": "Index Scan", "Parent Relationship": "Inner", "Scan Direction": "Forward", "Index Name": "movie_id_cast_info", "Relation Name": "cast_info", "Alias": "ci", "Startup Cost": 0.0, "Total Cost": 1.01, "Plan Rows": 1, "Plan Width": 8, "Index Cond": "(movie_id = t.id)", "Filter": "((note)::text = ANY ('{(writer),\"(head writer)\",\"(written by)\",(story),\"(story editor)\"}'::text[]))"}]}, {"Node Type": "Index Scan", "Parent Relationship": "Inner", "Scan Direction": "Forward", "Index Name": "name_pkey", "Relation Name": "name", "Alias": "n", "Startup Cost": 0.0, "Total Cost": 0.49, "Plan Rows": 1, "Plan Width": 4, "Index Cond": "(id = ci.person_id)", "Filter": "((gender)::text = 'm'::text)"}]}]}, "Unique SQL Id": 3913857139, "Planner Runtime": 19}, "explain_analyze_plan": {"Plan": {"Node Type": "Aggregate", "Strategy": "Plain", "Startup Cost": 168618.05, "Total Cost": 168618.06, "Plan Rows": 1, "Plan Width": 160, "Actual Startup Time": 10871.729, "Actual Total Time": 10871.73, "Actual Rows": 1, "Actual Loops": 1, "Plans": [{"Node Type": "Nested Loop", "Parent Relationship": "Outer", "Join Type": "Inner", "Startup Cost": 4842.14, "Total Cost": 168607.45, "Plan Rows": 1413, "Plan Width": 64, "Actual Startup Time": 183.736, "Actual Total Time": 10828.733, "Actual Rows": 28073, "Actual Loops": 1, "Inner Unique": true, "Plans": [{"Node Type": "Nested Loop", "Parent Relationship": "Outer", "Join Type": "Inner", "Startup Cost": 4842.14, "Total Cost": 168028.19, "Plan Rows": 1155, "Plan Width": 68, "Actual Startup Time": 181.465, "Actual Total Time": 10439.312, "Actual Rows": 54155, "Actual Loops": 1, "Inner Unique": false, "Plans": [{"Node Type": "Nested Loop", "Parent Relationship": "Outer", "Join Type": "Inner", "Startup Cost": 4842.14, "Total Cost": 166966.55, "Plan Rows": 1044, "Plan Width": 76, "Actual Startup Time": 178.889, "Actual Total Time": 2614.121, "Actual Rows": 102516, "Actual Loops": 1, "Inner Unique": true, "Join Filter": "(mi.movie_id = t.id)", "Rows Removed by Join Filter": 0, "Plans": [{"Node Type": "Nested Loop", "Parent Relationship": "Outer", "Join Type": "Inner", "Startup Cost": 4842.14, "Total Cost": 166538.36, "Plan Rows": 1044, "Plan Width": 55, "Actual Startup Time": 178.871, "Actual Total Time": 2084.288, "Actual Rows": 102516, "Actual Loops": 1, "Inner Unique": false, "Join Filter": "(mi_idx.info_type_id = it2.id)", "Rows Removed by Join Filter": 205269, "Plans": [{"Node Type": "Index Scan", "Parent Relationship": "Outer", "Scan Direction": "Forward", "Index Name": "info_type_pkey", "Relation Name": "info_type", "Alias": "it2", "Startup Cost": 0.0, "Total Cost": 14.21, "Plan Rows": 1, "Plan Width": 4, "Actual Startup Time": 0.061, "Actual Total Time": 0.073, "Actual Rows": 1, "Actual Loops": 1, "Filter": "((info)::text = 'votes'::text)", "Rows Removed by Filter": 111}, {"Node Type": "Nested Loop", "Parent Relationship": "Inner", "Join Type": "Inner", "Startup Cost": 4842.14, "Total Cost": 166471.96, "Plan Rows": 4175, "Plan Width": 59, "Actual Startup Time": 178.797, "Actual Total Time": 1996.662, "Actual Rows": 307785, "Actual Loops": 1, "Inner Unique": false, "Plans": [{"Node Type": "Nested Loop", "Parent Relationship": "Outer", "Join Type": "Inner", "Startup Cost": 4842.14, "Total Cost": 164983.91, "Plan Rows": 2717, "Plan Width": 46, "Actual Startup Time": 178.766, "Actual Total Time": 1150.098, "Actual Rows": 186594, "Actual Loops": 1, "Inner Unique": false, "Plans": [{"Node Type": "Index Scan", "Parent Relationship": "Outer", "Scan Direction": "Forward", "Index Name": "info_type_pkey", "Relation Name": "info_type", "Alias": "it1", "Startup Cost": 0.0, "Total Cost": 14.21, "Plan Rows": 1, "Plan Width": 4, "Actual Startup Time": 0.009, "Actual Total Time": 0.157, "Actual Rows": 1, "Actual Loops": 1, "Filter": "((info)::text = 'genres'::text)", "Rows Removed by Filter": 111}, {"Node Type": "Bitmap Heap Scan", "Parent Relationship": "Inner", "Relation Name": "movie_info", "Alias": "mi", "Startup Cost": 4842.14, "Total Cost": 164942.53, "Plan Rows": 2717, "Plan Width": 50, "Actual Startup Time": 178.751, "Actual Total Time": 1106.147, "Actual Rows": 186594, "Actual Loops": 1, "Recheck Cond": "(info_type_id = it1.id)", "Rows Removed by Index Recheck": 0, "Filter": "((info)::text = ANY ('{Horror,Action,Sci-Fi,Thriller,Crime,War}'::text[]))", "Rows Removed by Filter": 1347315, "Exact Heap Blocks": 7426, "Lossy Heap Blocks": 7426, "Plans": [{"Node Type": "Bitmap Index Scan", "Parent Relationship": "Outer", "Index Name": "info_type_id_movie_info", "Startup Cost": 0.0, "Total Cost": 4841.46, "Plan Rows": 212428, "Plan Width": 0, "Actual Startup Time": 177.343, "Actual Total Time": 177.343, "Actual Rows": 1533909, "Actual Loops": 1, "Index Cond": "(info_type_id = it1.id)"}]}]}, {"Node Type": "Index Scan", "Parent Relationship": "Inner", "Scan Direction": "Forward", "Index Name": "movie_id_movie_info_idx", "Relation Name": "movie_info_idx", "Alias": "mi_idx", "Startup Cost": 0.0, "Total Cost": 0.53, "Plan Rows": 2, "Plan Width": 13, "Actual Startup Time": 549.734, "Actual Total Time": 669.064, "Actual Rows": 307785, "Actual Loops": 186594, "Index Cond": "(movie_id = mi.movie_id)", "Rows Removed by Index Recheck": 0}]}]}, {"Node Type": "Index Scan", "Parent Relationship": "Inner", "Scan Direction": "Forward", "Index Name": "title_pkey", "Relation Name": "title", "Alias": "t", "Startup Cost": 0.0, "Total Cost": 0.4, "Plan Rows": 1, "Plan Width": 21, "Actual Startup Time": 418.676, "Actual Total Time": 418.676, "Actual Rows": 102516, "Actual Loops": 102516, "Index Cond": "(id = mi_idx.movie_id)", "Rows Removed by Index Recheck": 0}]}, {"Node Type": "Index Scan", "Parent Relationship": "Inner", "Scan Direction": "Forward", "Index Name": "movie_id_cast_info", "Relation Name": "cast_info", "Alias": "ci", "Startup Cost": 0.0, "Total Cost": 1.01, "Plan Rows": 1, "Plan Width": 8, "Actual Startup Time": 6602.685, "Actual Total Time": 7750.361, "Actual Rows": 54155, "Actual Loops": 102516, "Index Cond": "(movie_id = t.id)", "Rows Removed by Index Recheck": 0, "Filter": "((note)::text = ANY ('{(writer),\"(head writer)\",\"(written by)\",(story),\"(story editor)\"}'::text[]))", "Rows Removed by Filter": 3987641}]}, {"Node Type": "Index Scan", "Parent Relationship": "Inner", "Scan Direction": "Forward", "Index Name": "name_pkey", "Relation Name": "name", "Alias": "n", "Startup Cost": 0.0, "Total Cost": 0.49, "Plan Rows": 1, "Plan Width": 4, "Actual Startup Time": 340.016, "Actual Total Time": 340.016, "Actual Rows": 28073, "Actual Loops": 54155, "Index Cond": "(id = ci.person_id)", "Rows Removed by Index Recheck": 0, "Filter": "((gender)::text = 'm'::text)", "Rows Removed by Filter": 26082}]}]}, "Triggers": [], "Planner Runtime": 7, "Total Runtime": 10872.055, "Unique SQL Id": 3913857139}}, "(64, 18)": {"explain_plan": {"Plan": {"Node Type": "Aggregate", "Strategy": "Plain", "Startup Cost": 102085.61, "Total Cost": 102085.62, "Plan Rows": 1, "Plan Width": 160, "Plans": [{"Node Type": "Nested Loop", "Parent Relationship": "Outer", "Join Type": "Inner", "Startup Cost": 1.48, "Total Cost": 102075.02, "Plan Rows": 1413, "Plan Width": 64, "Inner Unique": true, "Plans": [{"Node Type": "Nested Loop", "Parent Relationship": "Outer", "Join Type": "Inner", "Startup Cost": 1.17, "Total Cost": 97069.59, "Plan Rows": 1155, "Plan Width": 68, "Inner Unique": false, "Plans": [{"Node Type": "Nested Loop", "Parent Relationship": "Outer", "Join Type": "Inner", "Startup Cost": 0.65, "Total Cost": 92226.92, "Plan Rows": 1044, "Plan Width": 76, "Inner Unique": true, "Join Filter": "(mi.movie_id = t.id)", "Plans": [{"Node Type": "Nested Loop", "Parent Relationship": "Outer", "Join Type": "Inner", "Startup Cost": 0.37, "Total Cost": 87727.73, "Plan Rows": 1044, "Plan Width": 55, "Inner Unique": false, "Join Filter": "(mi_idx.info_type_id = it2.id)", "Plans": [{"Node Type": "Seq Scan", "Parent Relationship": "Outer", "Relation Name": "info_type", "Alias": "it2", "Startup Cost": 0.0, "Total Cost": 2.4, "Plan Rows": 1, "Plan Width": 4, "Filter": "((info)::text = 'votes'::text)"}, {"Node Type": "Nested Loop", "Parent Relationship": "Inner", "Join Type": "Inner", "Startup Cost": 0.37, "Total Cost": 87673.15, "Plan Rows": 4175, "Plan Width": 59, "Inner Unique": false, "Plans": [{"Node Type": "Nested Loop", "Parent Relationship": "Outer", "Join Type": "Inner", "Startup Cost": 0.0, "Total Cost": 75685.72, "Plan Rows": 2717, "Plan Width": 46, "Inner Unique": false, "Join Filter": "(it1.id = mi.info_type_id)", "Plans": [{"Node Type": "Seq Scan", "Parent Relationship": "Outer", "Relation Name": "info_type", "Alias": "it1", "Startup Cost": 0.0, "Total Cost": 2.4, "Plan Rows": 1, "Plan Width": 4, "Filter": "((info)::text = 'genres'::text)"}, {"Node Type": "Materialize", "Parent Relationship": "Inner", "Startup Cost": 0.0, "Total Cost": 73781.62, "Plan Rows": 190170, "Plan Width": 50, "Plans": [{"Node Type": "Streaming(type: LOCAL GATHER dop: 1/64)", "Parent Relationship": "Outer", "Startup Cost": 0.0, "Total Cost": 73306.19, "Plan Rows": 190170, "Plan Width": 50, "Plans": [{"Node Type": "Seq Scan", "Parent Relationship": "Outer", "Relation Name": "movie_info", "Alias": "mi", "Startup Cost": 0.0, "Total Cost": 69383.01, "Plan Rows": 190170, "Plan Width": 50, "Filter": "((info)::text = ANY ('{Horror,Action,Sci-Fi,Thriller,Crime,War}'::text[]))"}]}]}]}, {"Node Type": "Bitmap Heap Scan", "Parent Relationship": "Inner", "Relation Name": "movie_info_idx", "Alias": "mi_idx", "Startup Cost": 0.37, "Total Cost": 4.39, "Plan Rows": 2, "Plan Width": 13, "Recheck Cond": "(movie_id = mi.movie_id)", "Plans": [{"Node Type": "Bitmap Index Scan", "Parent Relationship": "Outer", "Index Name": "movie_id_movie_info_idx", "Startup Cost": 0.0, "Total Cost": 0.37, "Plan Rows": 2, "Plan Width": 0, "Index Cond": "(movie_id = mi.movie_id)"}]}]}]}, {"Node Type": "Bitmap Heap Scan", "Parent Relationship": "Inner", "Relation Name": "title", "Alias": "t", "Startup Cost": 0.28, "Total Cost": 4.3, "Plan Rows": 1, "Plan Width": 21, "Recheck Cond": "(id = mi_idx.movie_id)", "Plans": [{"Node Type": "Bitmap Index Scan", "Parent Relationship": "Outer", "Index Name": "title_pkey", "Startup Cost": 0.0, "Total Cost": 0.28, "Plan Rows": 1, "Plan Width": 0, "Index Cond": "(id = mi_idx.movie_id)"}]}]}, {"Node Type": "Bitmap Heap Scan", "Parent Relationship": "Inner", "Relation Name": "cast_info", "Alias": "ci", "Startup Cost": 0.52, "Total Cost": 4.63, "Plan Rows": 1, "Plan Width": 8, "Recheck Cond": "(movie_id = t.id)", "Filter": "((note)::text = ANY ('{(writer),\"(head writer)\",\"(written by)\",(story),\"(story editor)\"}'::text[]))", "Plans": [{"Node Type": "Bitmap Index Scan", "Parent Relationship": "Outer", "Index Name": "movie_id_cast_info", "Startup Cost": 0.0, "Total Cost": 0.52, "Plan Rows": 6, "Plan Width": 0, "Index Cond": "(movie_id = t.id)"}]}]}, {"Node Type": "Bitmap Heap Scan", "Parent Relationship": "Inner", "Relation Name": "name", "Alias": "n", "Startup Cost": 0.31, "Total Cost": 4.32, "Plan Rows": 1, "Plan Width": 4, "Recheck Cond": "(id = ci.person_id)", "Filter": "((gender)::text = 'm'::text)", "Plans": [{"Node Type": "Bitmap Index Scan", "Parent Relationship": "Outer", "Index Name": "name_pkey", "Startup Cost": 0.0, "Total Cost": 0.31, "Plan Rows": 1, "Plan Width": 0, "Index Cond": "(id = ci.person_id)"}]}]}]}, "Unique SQL Id": 3913857139, "Planner Runtime": 26}, "explain_analyze_plan": {"Plan": {"Node Type": "Aggregate", "Strategy": "Plain", "Startup Cost": 102085.61, "Total Cost": 102085.62, "Plan Rows": 1, "Plan Width": 160, "Actual Min Startup Time": 12795.071, "Actual Max Startup Time": 12795.071, "Actual Min Total Time": 12795.072, "Actual Max Total Time": 12795.072, "Plans": [{"Node Type": "Nested Loop", "Parent Relationship": "Outer", "Join Type": "Inner", "Startup Cost": 1.48, "Total Cost": 102075.02, "Plan Rows": 1413, "Plan Width": 64, "Actual Min Startup Time": 255.92, "Actual Max Startup Time": 255.92, "Actual Min Total Time": 12742.441, "Actual Max Total Time": 12742.441, "Inner Unique": true, "Plans": [{"Node Type": "Nested Loop", "Parent Relationship": "Outer", "Join Type": "Inner", "Startup Cost": 1.17, "Total Cost": 97069.59, "Plan Rows": 1155, "Plan Width": 68, "Actual Min Startup Time": 255.885, "Actual Max Startup Time": 255.885, "Actual Min Total Time": 12230.15, "Actual Max Total Time": 12230.15, "Inner Unique": false, "Plans": [{"Node Type": "Nested Loop", "Parent Relationship": "Outer", "Join Type": "Inner", "Startup Cost": 0.65, "Total Cost": 92226.92, "Plan Rows": 1044, "Plan Width": 76, "Actual Min Startup Time": 255.004, "Actual Max Startup Time": 255.004, "Actual Min Total Time": 2392.55, "Actual Max Total Time": 2392.55, "Inner Unique": true, "Join Filter": "(mi.movie_id = t.id)", "Rows Removed by Join Filter": 0, "Plans": [{"Node Type": "Nested Loop", "Parent Relationship": "Outer", "Join Type": "Inner", "Startup Cost": 0.37, "Total Cost": 87727.73, "Plan Rows": 1044, "Plan Width": 55, "Actual Min Startup Time": 254.971, "Actual Max Startup Time": 254.971, "Actual Min Total Time": 1640.713, "Actual Max Total Time": 1640.713, "Inner Unique": false, "Join Filter": "(mi_idx.info_type_id = it2.id)", "Rows Removed by Join Filter": 205269, "Plans": [{"Node Type": "Seq Scan", "Parent Relationship": "Outer", "Relation Name": "info_type", "Alias": "it2", "Startup Cost": 0.0, "Total Cost": 2.4, "Plan Rows": 1, "Plan Width": 4, "Actual Min Startup Time": 0.074, "Actual Max Startup Time": 0.074, "Actual Min Total Time": 0.094, "Actual Max Total Time": 0.094, "Filter": "((info)::text = 'votes'::text)", "Rows Removed by Filter": 111, "Actual Rows": 1}, {"Node Type": "Nested Loop", "Parent Relationship": "Inner", "Join Type": "Inner", "Startup Cost": 0.37, "Total Cost": 87673.15, "Plan Rows": 4175, "Plan Width": 59, "Actual Min Startup Time": 254.879, "Actual Max Startup Time": 254.879, "Actual Min Total Time": 1532.814, "Actual Max Total Time": 1532.814, "Inner Unique": false, "Plans": [{"Node Type": "Nested Loop", "Parent Relationship": "Outer", "Join Type": "Inner", "Startup Cost": 0.0, "Total Cost": 75685.72, "Plan Rows": 2717, "Plan Width": 46, "Actual Min Startup Time": 254.823, "Actual Max Startup Time": 254.823, "Actual Min Total Time": 374.825, "Actual Max Total Time": 374.825, "Inner Unique": false, "Join Filter": "(it1.id = mi.info_type_id)", "Rows Removed by Join Filter": 2377, "Plans": [{"Node Type": "Seq Scan", "Parent Relationship": "Outer", "Relation Name": "info_type", "Alias": "it1", "Startup Cost": 0.0, "Total Cost": 2.4, "Plan Rows": 1, "Plan Width": 4, "Actual Min Startup Time": 0.039, "Actual Max Startup Time": 0.039, "Actual Min Total Time": 0.092, "Actual Max Total Time": 0.092, "Filter": "((info)::text = 'genres'::text)", "Rows Removed by Filter": 111, "Actual Rows": 1}, {"Node Type": "Materialize", "Parent Relationship": "Inner", "Startup Cost": 0.0, "Total Cost": 73781.62, "Plan Rows": 190170, "Plan Width": 50, "Actual Min Startup Time": 254.72, "Actual Max Startup Time": 254.72, "Actual Min Total Time": 290.579, "Actual Max Total Time": 290.579, "Plans": [{"Node Type": "Streaming(type: LOCAL GATHER dop: 1/64)", "Parent Relationship": "Outer", "Startup Cost": 0.0, "Total Cost": 73306.19, "Plan Rows": 190170, "Plan Width": 50, "Actual Min Startup Time": 130.647, "Actual Max Startup Time": 130.647, "Actual Min Total Time": 227.023, "Actual Max Total Time": 227.023, "Plans": [{"Node Type": "Seq Scan", "Parent Relationship": "Outer", "Relation Name": "movie_info", "Alias": "mi", "Startup Cost": 0.0, "Total Cost": 69383.01, "Plan Rows": 190170, "Plan Width": 50, "Actual Min Startup Time": 62.103, "Actual Max Startup Time": 148.086, "Actual Min Total Time": 110.476, "Actual Max Total Time": 166.182, "Filter": "((info)::text = ANY ('{Horror,Action,Sci-Fi,Thriller,Crime,War}'::text[]))", "Rows Removed by Filter": 14646748, "Actual Rows": 188971}], "Actual Rows": 188971}], "Actual Rows": 188972}], "Actual Rows": 186594}, {"Node Type": "Bitmap Heap Scan", "Parent Relationship": "Inner", "Relation Name": "movie_info_idx", "Alias": "mi_idx", "Startup Cost": 0.37, "Total Cost": 4.39, "Plan Rows": 2, "Plan Width": 13, "Actual Min Startup Time": 788.351, "Actual Max Startup Time": 788.351, "Actual Min Total Time": 833.998, "Actual Max Total Time": 833.998, "Recheck Cond": "(movie_id = mi.movie_id)", "Rows Removed by Index Recheck": 0, "Exact Heap Blocks": 103610, "Lossy Heap Blocks": 103610, "Plans": [{"Node Type": "Bitmap Index Scan", "Parent Relationship": "Outer", "Index Name": "movie_id_movie_info_idx", "Startup Cost": 0.0, "Total Cost": 0.37, "Plan Rows": 2, "Plan Width": 0, "Actual Min Startup Time": 539.893, "Actual Max Startup Time": 539.893, "Actual Min Total Time": 539.893, "Actual Max Total Time": 539.893, "Index Cond": "(movie_id = mi.movie_id)", "Actual Rows": 307785}], "Actual Rows": 307785}], "Actual Rows": 307785}], "Actual Rows": 102516}, {"Node Type": "Bitmap Heap Scan", "Parent Relationship": "Inner", "Relation Name": "title", "Alias": "t", "Startup Cost": 0.28, "Total Cost": 4.3, "Plan Rows": 1, "Plan Width": 21, "Actual Min Startup Time": 570.977, "Actual Max Startup Time": 570.977, "Actual Min Total Time": 570.977, "Actual Max Total Time": 570.977, "Recheck Cond": "(id = mi_idx.movie_id)", "Rows Removed by Index Recheck": 0, "Exact Heap Blocks": 102516, "Lossy Heap Blocks": 102516, "Plans": [{"Node Type": "Bitmap Index Scan", "Parent Relationship": "Outer", "Index Name": "title_pkey", "Startup Cost": 0.0, "Total Cost": 0.28, "Plan Rows": 1, "Plan Width": 0, "Actual Min Startup Time": 311.845, "Actual Max Startup Time": 311.845, "Actual Min Total Time": 311.845, "Actual Max Total Time": 311.845, "Index Cond": "(id = mi_idx.movie_id)", "Actual Rows": 102516}], "Actual Rows": 102516}], "Actual Rows": 102516}, {"Node Type": "Bitmap Heap Scan", "Parent Relationship": "Inner", "Relation Name": "cast_info", "Alias": "ci", "Startup Cost": 0.52, "Total Cost": 4.63, "Plan Rows": 1, "Plan Width": 8, "Actual Min Startup Time": 8376.865, "Actual Max Startup Time": 8376.865, "Actual Min Total Time": 9670.439, "Actual Max Total Time": 9670.439, "Recheck Cond": "(movie_id = t.id)", "Rows Removed by Index Recheck": 0, "Filter": "((note)::text = ANY ('{(writer),\"(head writer)\",\"(written by)\",(story),\"(story editor)\"}'::text[]))", "Rows Removed by Filter": 3987641, "Exact Heap Blocks": 3901088, "Lossy Heap Blocks": 3901088, "Plans": [{"Node Type": "Bitmap Index Scan", "Parent Relationship": "Outer", "Index Name": "movie_id_cast_info", "Startup Cost": 0.0, "Total Cost": 0.52, "Plan Rows": 6, "Plan Width": 0, "Actual Min Startup Time": 1074.667, "Actual Max Startup Time": 1074.667, "Actual Min Total Time": 1074.667, "Actual Max Total Time": 1074.667, "Index Cond": "(movie_id = t.id)", "Actual Rows": 4041796}], "Actual Rows": 54155}], "Actual Rows": 54155}, {"Node Type": "Bitmap Heap Scan", "Parent Relationship": "Inner", "Relation Name": "name", "Alias": "n", "Startup Cost": 0.31, "Total Cost": 4.32, "Plan Rows": 1, "Plan Width": 4, "Actual Min Startup Time": 421.327, "Actual Max Startup Time": 421.327, "Actual Min Total Time": 421.327, "Actual Max Total Time": 421.327, "Recheck Cond": "(id = ci.person_id)", "Rows Removed by Index Recheck": 0, "Filter": "((gender)::text = 'm'::text)", "Rows Removed by Filter": 26082, "Exact Heap Blocks": 54155, "Lossy Heap Blocks": 54155, "Plans": [{"Node Type": "Bitmap Index Scan", "Parent Relationship": "Outer", "Index Name": "name_pkey", "Startup Cost": 0.0, "Total Cost": 0.31, "Plan Rows": 1, "Plan Width": 0, "Actual Min Startup Time": 263.996, "Actual Max Startup Time": 263.996, "Actual Min Total Time": 263.996, "Actual Max Total Time": 263.996, "Index Cond": "(id = ci.person_id)", "Actual Rows": 54155}], "Actual Rows": 28073}], "Actual Rows": 28073}], "Actual Rows": 1}, "Triggers": [], "Planner Runtime": 14, "Total Runtime": 12807.1, "Unique SQL Id": 3913857139}}, "(64, 19)": {"explain_plan": {"Plan": {"Node Type": "Aggregate", "Strategy": "Plain", "Startup Cost": 191395.62, "Total Cost": 191395.63, "Plan Rows": 1, "Plan Width": 160, "Plans": [{"Node Type": "Nested Loop", "Parent Relationship": "Outer", "Join Type": "Inner", "Startup Cost": 4861.24, "Total Cost": 191385.02, "Plan Rows": 1413, "Plan Width": 64, "Inner Unique": true, "Plans": [{"Node Type": "Nested Loop", "Parent Relationship": "Outer", "Join Type": "Inner", "Startup Cost": 4860.93, "Total Cost": 186379.6, "Plan Rows": 1155, "Plan Width": 68, "Inner Unique": false, "Plans": [{"Node Type": "Nested Loop", "Parent Relationship": "Outer", "Join Type": "Inner", "Startup Cost": 4860.41, "Total Cost": 181536.93, "Plan Rows": 1044, "Plan Width": 76, "Inner Unique": true, "Join Filter": "(mi.movie_id = t.id)", "Plans": [{"Node Type": "Nested Loop", "Parent Relationship": "Outer", "Join Type": "Inner", "Startup Cost": 4860.13, "Total Cost": 177037.74, "Plan Rows": 1044, "Plan Width": 55, "Inner Unique": false, "Join Filter": "(mi_idx.info_type_id = it2.id)", "Plans": [{"Node Type": "Bitmap Heap Scan", "Parent Relationship": "Outer", "Relation Name": "info_type", "Alias": "it2", "Startup Cost": 8.81, "Total Cost": 14.21, "Plan Rows": 1, "Plan Width": 4, "Filter": "((info)::text = 'votes'::text)", "Plans": [{"Node Type": "Bitmap Index Scan", "Parent Relationship": "Outer", "Index Name": "info_type_pkey", "Startup Cost": 0.0, "Total Cost": 8.81, "Plan Rows": 112, "Plan Width": 0}]}, {"Node Type": "Nested Loop", "Parent Relationship": "Inner", "Join Type": "Inner", "Startup Cost": 4851.32, "Total Cost": 176971.34, "Plan Rows": 4175, "Plan Width": 59, "Inner Unique": false, "Plans": [{"Node Type": "Nested Loop", "Parent Relationship": "Outer", "Join Type": "Inner", "Startup Cost": 4850.95, "Total Cost": 164983.91, "Plan Rows": 2717, "Plan Width": 46, "Inner Unique": false, "Plans": [{"Node Type": "Bitmap Heap Scan", "Parent Relationship": "Outer", "Relation Name": "info_type", "Alias": "it1", "Startup Cost": 8.81, "Total Cost": 14.21, "Plan Rows": 1, "Plan Width": 4, "Filter": "((info)::text = 'genres'::text)", "Plans": [{"Node Type": "Bitmap Index Scan", "Parent Relationship": "Outer", "Index Name": "info_type_pkey", "Startup Cost": 0.0, "Total Cost": 8.81, "Plan Rows": 112, "Plan Width": 0}]}, {"Node Type": "Bitmap Heap Scan", "Parent Relationship": "Inner", "Relation Name": "movie_info", "Alias": "mi", "Startup Cost": 4842.14, "Total Cost": 164942.53, "Plan Rows": 2717, "Plan Width": 50, "Recheck Cond": "(info_type_id = it1.id)", "Filter": "((info)::text = ANY ('{Horror,Action,Sci-Fi,Thriller,Crime,War}'::text[]))", "Plans": [{"Node Type": "Bitmap Index Scan", "Parent Relationship": "Outer", "Index Name": "info_type_id_movie_info", "Startup Cost": 0.0, "Total Cost": 4841.46, "Plan Rows": 212428, "Plan Width": 0, "Index Cond": "(info_type_id = it1.id)"}]}]}, {"Node Type": "Bitmap Heap Scan", "Parent Relationship": "Inner", "Relation Name": "movie_info_idx", "Alias": "mi_idx", "Startup Cost": 0.37, "Total Cost": 4.39, "Plan Rows": 2, "Plan Width": 13, "Recheck Cond": "(movie_id = mi.movie_id)", "Plans": [{"Node Type": "Bitmap Index Scan", "Parent Relationship": "Outer", "Index Name": "movie_id_movie_info_idx", "Startup Cost": 0.0, "Total Cost": 0.37, "Plan Rows": 2, "Plan Width": 0, "Index Cond": "(movie_id = mi.movie_id)"}]}]}]}, {"Node Type": "Bitmap Heap Scan", "Parent Relationship": "Inner", "Relation Name": "title", "Alias": "t", "Startup Cost": 0.28, "Total Cost": 4.3, "Plan Rows": 1, "Plan Width": 21, "Recheck Cond": "(id = mi_idx.movie_id)", "Plans": [{"Node Type": "Bitmap Index Scan", "Parent Relationship": "Outer", "Index Name": "title_pkey", "Startup Cost": 0.0, "Total Cost": 0.28, "Plan Rows": 1, "Plan Width": 0, "Index Cond": "(id = mi_idx.movie_id)"}]}]}, {"Node Type": "Bitmap Heap Scan", "Parent Relationship": "Inner", "Relation Name": "cast_info", "Alias": "ci", "Startup Cost": 0.52, "Total Cost": 4.63, "Plan Rows": 1, "Plan Width": 8, "Recheck Cond": "(movie_id = t.id)", "Filter": "((note)::text = ANY ('{(writer),\"(head writer)\",\"(written by)\",(story),\"(story editor)\"}'::text[]))", "Plans": [{"Node Type": "Bitmap Index Scan", "Parent Relationship": "Outer", "Index Name": "movie_id_cast_info", "Startup Cost": 0.0, "Total Cost": 0.52, "Plan Rows": 6, "Plan Width": 0, "Index Cond": "(movie_id = t.id)"}]}]}, {"Node Type": "Bitmap Heap Scan", "Parent Relationship": "Inner", "Relation Name": "name", "Alias": "n", "Startup Cost": 0.31, "Total Cost": 4.32, "Plan Rows": 1, "Plan Width": 4, "Recheck Cond": "(id = ci.person_id)", "Filter": "((gender)::text = 'm'::text)", "Plans": [{"Node Type": "Bitmap Index Scan", "Parent Relationship": "Outer", "Index Name": "name_pkey", "Startup Cost": 0.0, "Total Cost": 0.31, "Plan Rows": 1, "Plan Width": 0, "Index Cond": "(id = ci.person_id)"}]}]}]}, "Unique SQL Id": 3913857139, "Planner Runtime": 23}, "explain_analyze_plan": {"Plan": {"Node Type": "Aggregate", "Strategy": "Plain", "Startup Cost": 191395.62, "Total Cost": 191395.63, "Plan Rows": 1, "Plan Width": 160, "Actual Startup Time": 13580.726, "Actual Total Time": 13580.726, "Actual Rows": 1, "Actual Loops": 1, "Plans": [{"Node Type": "Nested Loop", "Parent Relationship": "Outer", "Join Type": "Inner", "Startup Cost": 4861.24, "Total Cost": 191385.02, "Plan Rows": 1413, "Plan Width": 64, "Actual Startup Time": 182.856, "Actual Total Time": 13524.954, "Actual Rows": 28073, "Actual Loops": 1, "Inner Unique": true, "Plans": [{"Node Type": "Nested Loop", "Parent Relationship": "Outer", "Join Type": "Inner", "Startup Cost": 4860.93, "Total Cost": 186379.6, "Plan Rows": 1155, "Plan Width": 68, "Actual Startup Time": 180.203, "Actual Total Time": 13012.912, "Actual Rows": 54155, "Actual Loops": 1, "Inner Unique": false, "Plans": [{"Node Type": "Nested Loop", "Parent Relationship": "Outer", "Join Type": "Inner", "Startup Cost": 4860.41, "Total Cost": 181536.93, "Plan Rows": 1044, "Plan Width": 76, "Actual Startup Time": 177.143, "Actual Total Time": 3136.935, "Actual Rows": 102516, "Actual Loops": 1, "Inner Unique": true, "Join Filter": "(mi.movie_id = t.id)", "Rows Removed by Join Filter": 0, "Plans": [{"Node Type": "Nested Loop", "Parent Relationship": "Outer", "Join Type": "Inner", "Startup Cost": 4860.13, "Total Cost": 177037.74, "Plan Rows": 1044, "Plan Width": 55, "Actual Startup Time": 177.118, "Actual Total Time": 2402.755, "Actual Rows": 102516, "Actual Loops": 1, "Inner Unique": false, "Join Filter": "(mi_idx.info_type_id = it2.id)", "Rows Removed by Join Filter": 205269, "Plans": [{"Node Type": "Bitmap Heap Scan", "Parent Relationship": "Outer", "Relation Name": "info_type", "Alias": "it2", "Startup Cost": 8.81, "Total Cost": 14.21, "Plan Rows": 1, "Plan Width": 4, "Actual Startup Time": 0.081, "Actual Total Time": 0.085, "Actual Rows": 1, "Actual Loops": 1, "Filter": "((info)::text = 'votes'::text)", "Rows Removed by Filter": 111, "Exact Heap Blocks": 1, "Lossy Heap Blocks": 1, "Plans": [{"Node Type": "Bitmap Index Scan", "Parent Relationship": "Outer", "Index Name": "info_type_pkey", "Startup Cost": 0.0, "Total Cost": 8.81, "Plan Rows": 112, "Plan Width": 0, "Actual Startup Time": 0.019, "Actual Total Time": 0.019, "Actual Rows": 112, "Actual Loops": 1}]}, {"Node Type": "Nested Loop", "Parent Relationship": "Inner", "Join Type": "Inner", "Startup Cost": 4851.32, "Total Cost": 176971.34, "Plan Rows": 4175, "Plan Width": 59, "Actual Startup Time": 177.024, "Actual Total Time": 2302.393, "Actual Rows": 307785, "Actual Loops": 1, "Inner Unique": false, "Plans": [{"Node Type": "Nested Loop", "Parent Relationship": "Outer", "Join Type": "Inner", "Startup Cost": 4850.95, "Total Cost": 164983.91, "Plan Rows": 2717, "Plan Width": 46, "Actual Startup Time": 176.982, "Actual Total Time": 1162.537, "Actual Rows": 186594, "Actual Loops": 1, "Inner Unique": false, "Plans": [{"Node Type": "Bitmap Heap Scan", "Parent Relationship": "Outer", "Relation Name": "info_type", "Alias": "it1", "Startup Cost": 8.81, "Total Cost": 14.21, "Plan Rows": 1, "Plan Width": 4, "Actual Startup Time": 0.031, "Actual Total Time": 0.059, "Actual Rows": 1, "Actual Loops": 1, "Filter": "((info)::text = 'genres'::text)", "Rows Removed by Filter": 111, "Exact Heap Blocks": 1, "Lossy Heap Blocks": 1, "Plans": [{"Node Type": "Bitmap Index Scan", "Parent Relationship": "Outer", "Index Name": "info_type_pkey", "Startup Cost": 0.0, "Total Cost": 8.81, "Plan Rows": 112, "Plan Width": 0, "Actual Startup Time": 0.008, "Actual Total Time": 0.008, "Actual Rows": 112, "Actual Loops": 1}]}, {"Node Type": "Bitmap Heap Scan", "Parent Relationship": "Inner", "Relation Name": "movie_info", "Alias": "mi", "Startup Cost": 4842.14, "Total Cost": 164942.53, "Plan Rows": 2717, "Plan Width": 50, "Actual Startup Time": 176.947, "Actual Total Time": 1117.951, "Actual Rows": 186594, "Actual Loops": 1, "Recheck Cond": "(info_type_id = it1.id)", "Rows Removed by Index Recheck": 0, "Filter": "((info)::text = ANY ('{Horror,Action,Sci-Fi,Thriller,Crime,War}'::text[]))", "Rows Removed by Filter": 1347315, "Exact Heap Blocks": 7426, "Lossy Heap Blocks": 7426, "Plans": [{"Node Type": "Bitmap Index Scan", "Parent Relationship": "Outer", "Index Name": "info_type_id_movie_info", "Startup Cost": 0.0, "Total Cost": 4841.46, "Plan Rows": 212428, "Plan Width": 0, "Actual Startup Time": 175.581, "Actual Total Time": 175.581, "Actual Rows": 1533909, "Actual Loops": 1, "Index Cond": "(info_type_id = it1.id)"}]}]}, {"Node Type": "Bitmap Heap Scan", "Parent Relationship": "Inner", "Relation Name": "movie_info_idx", "Alias": "mi_idx", "Startup Cost": 0.37, "Total Cost": 4.39, "Plan Rows": 2, "Plan Width": 13, "Actual Startup Time": 777.609, "Actual Total Time": 823.786, "Actual Rows": 307785, "Actual Loops": 186594, "Recheck Cond": "(movie_id = mi.movie_id)", "Rows Removed by Index Recheck": 0, "Exact Heap Blocks": 103610, "Lossy Heap Blocks": 103610, "Plans": [{"Node Type": "Bitmap Index Scan", "Parent Relationship": "Outer", "Index Name": "movie_id_movie_info_idx", "Startup Cost": 0.0, "Total Cost": 0.37, "Plan Rows": 2, "Plan Width": 0, "Actual Startup Time": 528.311, "Actual Total Time": 528.311, "Actual Rows": 307785, "Actual Loops": 186594, "Index Cond": "(movie_id = mi.movie_id)"}]}]}]}, {"Node Type": "Bitmap Heap Scan", "Parent Relationship": "Inner", "Relation Name": "title", "Alias": "t", "Startup Cost": 0.28, "Total Cost": 4.3, "Plan Rows": 1, "Plan Width": 21, "Actual Startup Time": 553.231, "Actual Total Time": 553.231, "Actual Rows": 102516, "Actual Loops": 102516, "Recheck Cond": "(id = mi_idx.movie_id)", "Rows Removed by Index Recheck": 0, "Exact Heap Blocks": 102516, "Lossy Heap Blocks": 102516, "Plans": [{"Node Type": "Bitmap Index Scan", "Parent Relationship": "Outer", "Index Name": "title_pkey", "Startup Cost": 0.0, "Total Cost": 0.28, "Plan Rows": 1, "Plan Width": 0, "Actual Startup Time": 303.255, "Actual Total Time": 303.255, "Actual Rows": 102516, "Actual Loops": 102516, "Index Cond": "(id = mi_idx.movie_id)"}]}]}, {"Node Type": "Bitmap Heap Scan", "Parent Relationship": "Inner", "Relation Name": "cast_info", "Alias": "ci", "Startup Cost": 0.52, "Total Cost": 4.63, "Plan Rows": 1, "Plan Width": 8, "Actual Startup Time": 8405.75, "Actual Total Time": 9708.17, "Actual Rows": 54155, "Actual Loops": 102516, "Recheck Cond": "(movie_id = t.id)", "Rows Removed by Index Recheck": 0, "Filter": "((note)::text = ANY ('{(writer),\"(head writer)\",\"(written by)\",(story),\"(story editor)\"}'::text[]))", "Rows Removed by Filter": 3987641, "Exact Heap Blocks": 3901088, "Lossy Heap Blocks": 3901088, "Plans": [{"Node Type": "Bitmap Index Scan", "Parent Relationship": "Outer", "Index Name": "movie_id_cast_info", "Startup Cost": 0.0, "Total Cost": 0.52, "Plan Rows": 6, "Plan Width": 0, "Actual Startup Time": 1067.615, "Actual Total Time": 1067.615, "Actual Rows": 4041796, "Actual Loops": 102516, "Index Cond": "(movie_id = t.id)"}]}]}, {"Node Type": "Bitmap Heap Scan", "Parent Relationship": "Inner", "Relation Name": "name", "Alias": "n", "Startup Cost": 0.31, "Total Cost": 4.32, "Plan Rows": 1, "Plan Width": 4, "Actual Startup Time": 417.007, "Actual Total Time": 417.007, "Actual Rows": 28073, "Actual Loops": 54155, "Recheck Cond": "(id = ci.person_id)", "Rows Removed by Index Recheck": 0, "Filter": "((gender)::text = 'm'::text)", "Rows Removed by Filter": 26082, "Exact Heap Blocks": 54155, "Lossy Heap Blocks": 54155, "Plans": [{"Node Type": "Bitmap Index Scan", "Parent Relationship": "Outer", "Index Name": "name_pkey", "Startup Cost": 0.0, "Total Cost": 0.31, "Plan Rows": 1, "Plan Width": 0, "Actual Startup Time": 263.412, "Actual Total Time": 263.412, "Actual Rows": 54155, "Actual Loops": 54155, "Index Cond": "(id = ci.person_id)"}]}]}]}, "Triggers": [], "Planner Runtime": 8, "Total Runtime": 13581.043, "Unique SQL Id": 3913857139}}, "(64, 20)": {"explain_plan": {"Plan": {"Node Type": "Aggregate", "Strategy": "Plain", "Startup Cost": 79308.04, "Total Cost": 79308.05, "Plan Rows": 1, "Plan Width": 160, "Plans": [{"Node Type": "Nested Loop", "Parent Relationship": "Outer", "Join Type": "Inner", "Startup Cost": 0.0, "Total Cost": 79297.45, "Plan Rows": 1413, "Plan Width": 64, "Inner Unique": true, "Plans": [{"Node Type": "Nested Loop", "Parent Relationship": "Outer", "Join Type": "Inner", "Startup Cost": 0.0, "Total Cost": 78718.18, "Plan Rows": 1155, "Plan Width": 68, "Inner Unique": false, "Plans": [{"Node Type": "Nested Loop", "Parent Relationship": "Outer", "Join Type": "Inner", "Startup Cost": 0.0, "Total Cost": 77656.55, "Plan Rows": 1044, "Plan Width": 76, "Inner Unique": true, "Join Filter": "(mi.movie_id = t.id)", "Plans": [{"Node Type": "Nested Loop", "Parent Relationship": "Outer", "Join Type": "Inner", "Startup Cost": 0.0, "Total Cost": 77228.36, "Plan Rows": 1044, "Plan Width": 55, "Inner Unique": false, "Join Filter": "(mi_idx.info_type_id = it2.id)", "Plans": [{"Node Type": "Seq Scan", "Parent Relationship": "Outer", "Relation Name": "info_type", "Alias": "it2", "Startup Cost": 0.0, "Total Cost": 2.4, "Plan Rows": 1, "Plan Width": 4, "Filter": "((info)::text = 'votes'::text)"}, {"Node Type": "Nested Loop", "Parent Relationship": "Inner", "Join Type": "Inner", "Startup Cost": 0.0, "Total Cost": 77173.77, "Plan Rows": 4175, "Plan Width": 59, "Inner Unique": false, "Plans": [{"Node Type": "Nested Loop", "Parent Relationship": "Outer", "Join Type": "Inner", "Startup Cost": 0.0, "Total Cost": 75685.72, "Plan Rows": 2717, "Plan Width": 46, "Inner Unique": false, "Join Filter": "(it1.id = mi.info_type_id)", "Plans": [{"Node Type": "Seq Scan", "Parent Relationship": "Outer", "Relation Name": "info_type", "Alias": "it1", "Startup Cost": 0.0, "Total Cost": 2.4, "Plan Rows": 1, "Plan Width": 4, "Filter": "((info)::text = 'genres'::text)"}, {"Node Type": "Materialize", "Parent Relationship": "Inner", "Startup Cost": 0.0, "Total Cost": 73781.62, "Plan Rows": 190170, "Plan Width": 50, "Plans": [{"Node Type": "Streaming(type: LOCAL GATHER dop: 1/64)", "Parent Relationship": "Outer", "Startup Cost": 0.0, "Total Cost": 73306.19, "Plan Rows": 190170, "Plan Width": 50, "Plans": [{"Node Type": "Seq Scan", "Parent Relationship": "Outer", "Relation Name": "movie_info", "Alias": "mi", "Startup Cost": 0.0, "Total Cost": 69383.01, "Plan Rows": 190170, "Plan Width": 50, "Filter": "((info)::text = ANY ('{Horror,Action,Sci-Fi,Thriller,Crime,War}'::text[]))"}]}]}]}, {"Node Type": "Index Scan", "Parent Relationship": "Inner", "Scan Direction": "Forward", "Index Name": "movie_id_movie_info_idx", "Relation Name": "movie_info_idx", "Alias": "mi_idx", "Startup Cost": 0.0, "Total Cost": 0.53, "Plan Rows": 2, "Plan Width": 13, "Index Cond": "(movie_id = mi.movie_id)"}]}]}, {"Node Type": "Index Scan", "Parent Relationship": "Inner", "Scan Direction": "Forward", "Index Name": "title_pkey", "Relation Name": "title", "Alias": "t", "Startup Cost": 0.0, "Total Cost": 0.4, "Plan Rows": 1, "Plan Width": 21, "Index Cond": "(id = mi_idx.movie_id)"}]}, {"Node Type": "Index Scan", "Parent Relationship": "Inner", "Scan Direction": "Forward", "Index Name": "movie_id_cast_info", "Relation Name": "cast_info", "Alias": "ci", "Startup Cost": 0.0, "Total Cost": 1.01, "Plan Rows": 1, "Plan Width": 8, "Index Cond": "(movie_id = t.id)", "Filter": "((note)::text = ANY ('{(writer),\"(head writer)\",\"(written by)\",(story),\"(story editor)\"}'::text[]))"}]}, {"Node Type": "Index Scan", "Parent Relationship": "Inner", "Scan Direction": "Forward", "Index Name": "name_pkey", "Relation Name": "name", "Alias": "n", "Startup Cost": 0.0, "Total Cost": 0.49, "Plan Rows": 1, "Plan Width": 4, "Index Cond": "(id = ci.person_id)", "Filter": "((gender)::text = 'm'::text)"}]}]}, "Unique SQL Id": 3913857139, "Planner Runtime": 20}, "explain_analyze_plan": {"Plan": {"Node Type": "Aggregate", "Strategy": "Plain", "Startup Cost": 79308.04, "Total Cost": 79308.05, "Plan Rows": 1, "Plan Width": 160, "Actual Min Startup Time": 10680.124, "Actual Max Startup Time": 10680.124, "Actual Min Total Time": 10680.125, "Actual Max Total Time": 10680.125, "Plans": [{"Node Type": "Nested Loop", "Parent Relationship": "Outer", "Join Type": "Inner", "Startup Cost": 0.0, "Total Cost": 79297.45, "Plan Rows": 1413, "Plan Width": 64, "Actual Min Startup Time": 249.693, "Actual Max Startup Time": 249.693, "Actual Min Total Time": 10641.432, "Actual Max Total Time": 10641.432, "Inner Unique": true, "Plans": [{"Node Type": "Nested Loop", "Parent Relationship": "Outer", "Join Type": "Inner", "Startup Cost": 0.0, "Total Cost": 78718.18, "Plan Rows": 1155, "Plan Width": 68, "Actual Min Startup Time": 247.969, "Actual Max Startup Time": 247.969, "Actual Min Total Time": 10246.003, "Actual Max Total Time": 10246.003, "Inner Unique": false, "Plans": [{"Node Type": "Nested Loop", "Parent Relationship": "Outer", "Join Type": "Inner", "Startup Cost": 0.0, "Total Cost": 77656.55, "Plan Rows": 1044, "Plan Width": 76, "Actual Min Startup Time": 247.349, "Actual Max Startup Time": 247.349, "Actual Min Total Time": 1811.85, "Actual Max Total Time": 1811.85, "Inner Unique": true, "Join Filter": "(mi.movie_id = t.id)", "Rows Removed by Join Filter": 0, "Plans": [{"Node Type": "Nested Loop", "Parent Relationship": "Outer", "Join Type": "Inner", "Startup Cost": 0.0, "Total Cost": 77228.36, "Plan Rows": 1044, "Plan Width": 55, "Actual Min Startup Time": 247.331, "Actual Max Startup Time": 247.331, "Actual Min Total Time": 1273.326, "Actual Max Total Time": 1273.326, "Inner Unique": false, "Join Filter": "(mi_idx.info_type_id = it2.id)", "Rows Removed by Join Filter": 205269, "Plans": [{"Node Type": "Seq Scan", "Parent Relationship": "Outer", "Relation Name": "info_type", "Alias": "it2", "Startup Cost": 0.0, "Total Cost": 2.4, "Plan Rows": 1, "Plan Width": 4, "Actual Min Startup Time": 0.086, "Actual Max Startup Time": 0.086, "Actual Min Total Time": 0.096, "Actual Max Total Time": 0.096, "Filter": "((info)::text = 'votes'::text)", "Rows Removed by Filter": 111, "Actual Rows": 1}, {"Node Type": "Nested Loop", "Parent Relationship": "Inner", "Join Type": "Inner", "Startup Cost": 0.0, "Total Cost": 77173.77, "Plan Rows": 4175, "Plan Width": 59, "Actual Min Startup Time": 247.225, "Actual Max Startup Time": 247.225, "Actual Min Total Time": 1183.67, "Actual Max Total Time": 1183.67, "Inner Unique": false, "Plans": [{"Node Type": "Nested Loop", "Parent Relationship": "Outer", "Join Type": "Inner", "Startup Cost": 0.0, "Total Cost": 75685.72, "Plan Rows": 2717, "Plan Width": 46, "Actual Min Startup Time": 247.195, "Actual Max Startup Time": 247.195, "Actual Min Total Time": 356.202, "Actual Max Total Time": 356.202, "Inner Unique": false, "Join Filter": "(it1.id = mi.info_type_id)", "Rows Removed by Join Filter": 2377, "Plans": [{"Node Type": "Seq Scan", "Parent Relationship": "Outer", "Relation Name": "info_type", "Alias": "it1", "Startup Cost": 0.0, "Total Cost": 2.4, "Plan Rows": 1, "Plan Width": 4, "Actual Min Startup Time": 0.047, "Actual Max Startup Time": 0.047, "Actual Min Total Time": 0.081, "Actual Max Total Time": 0.081, "Filter": "((info)::text = 'genres'::text)", "Rows Removed by Filter": 111, "Actual Rows": 1}, {"Node Type": "Materialize", "Parent Relationship": "Inner", "Startup Cost": 0.0, "Total Cost": 73781.62, "Plan Rows": 190170, "Plan Width": 50, "Actual Min Startup Time": 247.015, "Actual Max Startup Time": 247.015, "Actual Min Total Time": 279.819, "Actual Max Total Time": 279.819, "Plans": [{"Node Type": "Streaming(type: LOCAL GATHER dop: 1/64)", "Parent Relationship": "Outer", "Startup Cost": 0.0, "Total Cost": 73306.19, "Plan Rows": 190170, "Plan Width": 50, "Actual Min Startup Time": 127.593, "Actual Max Startup Time": 127.593, "Actual Min Total Time": 219.435, "Actual Max Total Time": 219.435, "Plans": [{"Node Type": "Seq Scan", "Parent Relationship": "Outer", "Relation Name": "movie_info", "Alias": "mi", "Startup Cost": 0.0, "Total Cost": 69383.01, "Plan Rows": 190170, "Plan Width": 50, "Actual Min Startup Time": 55.284, "Actual Max Startup Time": 120.939, "Actual Min Total Time": 110.672, "Actual Max Total Time": 131.365, "Filter": "((info)::text = ANY ('{Horror,Action,Sci-Fi,Thriller,Crime,War}'::text[]))", "Rows Removed by Filter": 14646748, "Actual Rows": 188971}], "Actual Rows": 188971}], "Actual Rows": 188972}], "Actual Rows": 186594}, {"Node Type": "Index Scan", "Parent Relationship": "Inner", "Scan Direction": "Forward", "Index Name": "movie_id_movie_info_idx", "Relation Name": "movie_info_idx", "Alias": "mi_idx", "Startup Cost": 0.0, "Total Cost": 0.53, "Plan Rows": 2, "Plan Width": 13, "Actual Min Startup Time": 538.447, "Actual Max Startup Time": 538.447, "Actual Min Total Time": 656.885, "Actual Max Total Time": 656.885, "Index Cond": "(movie_id = mi.movie_id)", "Rows Removed by Index Recheck": 0, "Actual Rows": 307785}], "Actual Rows": 307785}], "Actual Rows": 102516}, {"Node Type": "Index Scan", "Parent Relationship": "Inner", "Scan Direction": "Forward", "Index Name": "title_pkey", "Relation Name": "title", "Alias": "t", "Startup Cost": 0.0, "Total Cost": 0.4, "Plan Rows": 1, "Plan Width": 21, "Actual Min Startup Time": 432.22, "Actual Max Startup Time": 432.22, "Actual Min Total Time": 432.22, "Actual Max Total Time": 432.22, "Index Cond": "(id = mi_idx.movie_id)", "Rows Removed by Index Recheck": 0, "Actual Rows": 102516}], "Actual Rows": 102516}, {"Node Type": "Index Scan", "Parent Relationship": "Inner", "Scan Direction": "Forward", "Index Name": "movie_id_cast_info", "Relation Name": "cast_info", "Alias": "ci", "Startup Cost": 0.0, "Total Cost": 1.01, "Plan Rows": 1, "Plan Width": 8, "Actual Min Startup Time": 7123.336, "Actual Max Startup Time": 7123.336, "Actual Min Total Time": 8361.98, "Actual Max Total Time": 8361.98, "Index Cond": "(movie_id = t.id)", "Rows Removed by Index Recheck": 0, "Filter": "((note)::text = ANY ('{(writer),\"(head writer)\",\"(written by)\",(story),\"(story editor)\"}'::text[]))", "Rows Removed by Filter": 3987641, "Actual Rows": 54155}], "Actual Rows": 54155}, {"Node Type": "Index Scan", "Parent Relationship": "Inner", "Scan Direction": "Forward", "Index Name": "name_pkey", "Relation Name": "name", "Alias": "n", "Startup Cost": 0.0, "Total Cost": 0.49, "Plan Rows": 1, "Plan Width": 4, "Actual Min Startup Time": 352.775, "Actual Max Startup Time": 352.775, "Actual Min Total Time": 352.775, "Actual Max Total Time": 352.775, "Index Cond": "(id = ci.person_id)", "Rows Removed by Index Recheck": 0, "Filter": "((gender)::text = 'm'::text)", "Rows Removed by Filter": 26082, "Actual Rows": 28073}], "Actual Rows": 28073}], "Actual Rows": 1}, "Triggers": [], "Planner Runtime": 7, "Total Runtime": 10691.468, "Unique SQL Id": 3913857139}}, "(64, 21)": {"explain_plan": {"Plan": {"Node Type": "Aggregate", "Strategy": "Plain", "Startup Cost": 168618.05, "Total Cost": 168618.06, "Plan Rows": 1, "Plan Width": 160, "Plans": [{"Node Type": "Nested Loop", "Parent Relationship": "Outer", "Join Type": "Inner", "Startup Cost": 4842.14, "Total Cost": 168607.45, "Plan Rows": 1413, "Plan Width": 64, "Inner Unique": true, "Plans": [{"Node Type": "Nested Loop", "Parent Relationship": "Outer", "Join Type": "Inner", "Startup Cost": 4842.14, "Total Cost": 168028.19, "Plan Rows": 1155, "Plan Width": 68, "Inner Unique": false, "Plans": [{"Node Type": "Nested Loop", "Parent Relationship": "Outer", "Join Type": "Inner", "Startup Cost": 4842.14, "Total Cost": 166966.55, "Plan Rows": 1044, "Plan Width": 76, "Inner Unique": true, "Join Filter": "(mi.movie_id = t.id)", "Plans": [{"Node Type": "Nested Loop", "Parent Relationship": "Outer", "Join Type": "Inner", "Startup Cost": 4842.14, "Total Cost": 166538.36, "Plan Rows": 1044, "Plan Width": 55, "Inner Unique": false, "Join Filter": "(mi_idx.info_type_id = it2.id)", "Plans": [{"Node Type": "Index Scan", "Parent Relationship": "Outer", "Scan Direction": "Forward", "Index Name": "info_type_pkey", "Relation Name": "info_type", "Alias": "it2", "Startup Cost": 0.0, "Total Cost": 14.21, "Plan Rows": 1, "Plan Width": 4, "Filter": "((info)::text = 'votes'::text)"}, {"Node Type": "Nested Loop", "Parent Relationship": "Inner", "Join Type": "Inner", "Startup Cost": 4842.14, "Total Cost": 166471.96, "Plan Rows": 4175, "Plan Width": 59, "Inner Unique": false, "Plans": [{"Node Type": "Nested Loop", "Parent Relationship": "Outer", "Join Type": "Inner", "Startup Cost": 4842.14, "Total Cost": 164983.91, "Plan Rows": 2717, "Plan Width": 46, "Inner Unique": false, "Plans": [{"Node Type": "Index Scan", "Parent Relationship": "Outer", "Scan Direction": "Forward", "Index Name": "info_type_pkey", "Relation Name": "info_type", "Alias": "it1", "Startup Cost": 0.0, "Total Cost": 14.21, "Plan Rows": 1, "Plan Width": 4, "Filter": "((info)::text = 'genres'::text)"}, {"Node Type": "Bitmap Heap Scan", "Parent Relationship": "Inner", "Relation Name": "movie_info", "Alias": "mi", "Startup Cost": 4842.14, "Total Cost": 164942.53, "Plan Rows": 2717, "Plan Width": 50, "Recheck Cond": "(info_type_id = it1.id)", "Filter": "((info)::text = ANY ('{Horror,Action,Sci-Fi,Thriller,Crime,War}'::text[]))", "Plans": [{"Node Type": "Bitmap Index Scan", "Parent Relationship": "Outer", "Index Name": "info_type_id_movie_info", "Startup Cost": 0.0, "Total Cost": 4841.46, "Plan Rows": 212428, "Plan Width": 0, "Index Cond": "(info_type_id = it1.id)"}]}]}, {"Node Type": "Index Scan", "Parent Relationship": "Inner", "Scan Direction": "Forward", "Index Name": "movie_id_movie_info_idx", "Relation Name": "movie_info_idx", "Alias": "mi_idx", "Startup Cost": 0.0, "Total Cost": 0.53, "Plan Rows": 2, "Plan Width": 13, "Index Cond": "(movie_id = mi.movie_id)"}]}]}, {"Node Type": "Index Scan", "Parent Relationship": "Inner", "Scan Direction": "Forward", "Index Name": "title_pkey", "Relation Name": "title", "Alias": "t", "Startup Cost": 0.0, "Total Cost": 0.4, "Plan Rows": 1, "Plan Width": 21, "Index Cond": "(id = mi_idx.movie_id)"}]}, {"Node Type": "Index Scan", "Parent Relationship": "Inner", "Scan Direction": "Forward", "Index Name": "movie_id_cast_info", "Relation Name": "cast_info", "Alias": "ci", "Startup Cost": 0.0, "Total Cost": 1.01, "Plan Rows": 1, "Plan Width": 8, "Index Cond": "(movie_id = t.id)", "Filter": "((note)::text = ANY ('{(writer),\"(head writer)\",\"(written by)\",(story),\"(story editor)\"}'::text[]))"}]}, {"Node Type": "Index Scan", "Parent Relationship": "Inner", "Scan Direction": "Forward", "Index Name": "name_pkey", "Relation Name": "name", "Alias": "n", "Startup Cost": 0.0, "Total Cost": 0.49, "Plan Rows": 1, "Plan Width": 4, "Index Cond": "(id = ci.person_id)", "Filter": "((gender)::text = 'm'::text)"}]}]}, "Unique SQL Id": 3913857139, "Planner Runtime": 19}, "explain_analyze_plan": {"Plan": {"Node Type": "Aggregate", "Strategy": "Plain", "Startup Cost": 168618.05, "Total Cost": 168618.06, "Plan Rows": 1, "Plan Width": 160, "Actual Startup Time": 10871.729, "Actual Total Time": 10871.73, "Actual Rows": 1, "Actual Loops": 1, "Plans": [{"Node Type": "Nested Loop", "Parent Relationship": "Outer", "Join Type": "Inner", "Startup Cost": 4842.14, "Total Cost": 168607.45, "Plan Rows": 1413, "Plan Width": 64, "Actual Startup Time": 183.736, "Actual Total Time": 10828.733, "Actual Rows": 28073, "Actual Loops": 1, "Inner Unique": true, "Plans": [{"Node Type": "Nested Loop", "Parent Relationship": "Outer", "Join Type": "Inner", "Startup Cost": 4842.14, "Total Cost": 168028.19, "Plan Rows": 1155, "Plan Width": 68, "Actual Startup Time": 181.465, "Actual Total Time": 10439.312, "Actual Rows": 54155, "Actual Loops": 1, "Inner Unique": false, "Plans": [{"Node Type": "Nested Loop", "Parent Relationship": "Outer", "Join Type": "Inner", "Startup Cost": 4842.14, "Total Cost": 166966.55, "Plan Rows": 1044, "Plan Width": 76, "Actual Startup Time": 178.889, "Actual Total Time": 2614.121, "Actual Rows": 102516, "Actual Loops": 1, "Inner Unique": true, "Join Filter": "(mi.movie_id = t.id)", "Rows Removed by Join Filter": 0, "Plans": [{"Node Type": "Nested Loop", "Parent Relationship": "Outer", "Join Type": "Inner", "Startup Cost": 4842.14, "Total Cost": 166538.36, "Plan Rows": 1044, "Plan Width": 55, "Actual Startup Time": 178.871, "Actual Total Time": 2084.288, "Actual Rows": 102516, "Actual Loops": 1, "Inner Unique": false, "Join Filter": "(mi_idx.info_type_id = it2.id)", "Rows Removed by Join Filter": 205269, "Plans": [{"Node Type": "Index Scan", "Parent Relationship": "Outer", "Scan Direction": "Forward", "Index Name": "info_type_pkey", "Relation Name": "info_type", "Alias": "it2", "Startup Cost": 0.0, "Total Cost": 14.21, "Plan Rows": 1, "Plan Width": 4, "Actual Startup Time": 0.061, "Actual Total Time": 0.073, "Actual Rows": 1, "Actual Loops": 1, "Filter": "((info)::text = 'votes'::text)", "Rows Removed by Filter": 111}, {"Node Type": "Nested Loop", "Parent Relationship": "Inner", "Join Type": "Inner", "Startup Cost": 4842.14, "Total Cost": 166471.96, "Plan Rows": 4175, "Plan Width": 59, "Actual Startup Time": 178.797, "Actual Total Time": 1996.662, "Actual Rows": 307785, "Actual Loops": 1, "Inner Unique": false, "Plans": [{"Node Type": "Nested Loop", "Parent Relationship": "Outer", "Join Type": "Inner", "Startup Cost": 4842.14, "Total Cost": 164983.91, "Plan Rows": 2717, "Plan Width": 46, "Actual Startup Time": 178.766, "Actual Total Time": 1150.098, "Actual Rows": 186594, "Actual Loops": 1, "Inner Unique": false, "Plans": [{"Node Type": "Index Scan", "Parent Relationship": "Outer", "Scan Direction": "Forward", "Index Name": "info_type_pkey", "Relation Name": "info_type", "Alias": "it1", "Startup Cost": 0.0, "Total Cost": 14.21, "Plan Rows": 1, "Plan Width": 4, "Actual Startup Time": 0.009, "Actual Total Time": 0.157, "Actual Rows": 1, "Actual Loops": 1, "Filter": "((info)::text = 'genres'::text)", "Rows Removed by Filter": 111}, {"Node Type": "Bitmap Heap Scan", "Parent Relationship": "Inner", "Relation Name": "movie_info", "Alias": "mi", "Startup Cost": 4842.14, "Total Cost": 164942.53, "Plan Rows": 2717, "Plan Width": 50, "Actual Startup Time": 178.751, "Actual Total Time": 1106.147, "Actual Rows": 186594, "Actual Loops": 1, "Recheck Cond": "(info_type_id = it1.id)", "Rows Removed by Index Recheck": 0, "Filter": "((info)::text = ANY ('{Horror,Action,Sci-Fi,Thriller,Crime,War}'::text[]))", "Rows Removed by Filter": 1347315, "Exact Heap Blocks": 7426, "Lossy Heap Blocks": 7426, "Plans": [{"Node Type": "Bitmap Index Scan", "Parent Relationship": "Outer", "Index Name": "info_type_id_movie_info", "Startup Cost": 0.0, "Total Cost": 4841.46, "Plan Rows": 212428, "Plan Width": 0, "Actual Startup Time": 177.343, "Actual Total Time": 177.343, "Actual Rows": 1533909, "Actual Loops": 1, "Index Cond": "(info_type_id = it1.id)"}]}]}, {"Node Type": "Index Scan", "Parent Relationship": "Inner", "Scan Direction": "Forward", "Index Name": "movie_id_movie_info_idx", "Relation Name": "movie_info_idx", "Alias": "mi_idx", "Startup Cost": 0.0, "Total Cost": 0.53, "Plan Rows": 2, "Plan Width": 13, "Actual Startup Time": 549.734, "Actual Total Time": 669.064, "Actual Rows": 307785, "Actual Loops": 186594, "Index Cond": "(movie_id = mi.movie_id)", "Rows Removed by Index Recheck": 0}]}]}, {"Node Type": "Index Scan", "Parent Relationship": "Inner", "Scan Direction": "Forward", "Index Name": "title_pkey", "Relation Name": "title", "Alias": "t", "Startup Cost": 0.0, "Total Cost": 0.4, "Plan Rows": 1, "Plan Width": 21, "Actual Startup Time": 418.676, "Actual Total Time": 418.676, "Actual Rows": 102516, "Actual Loops": 102516, "Index Cond": "(id = mi_idx.movie_id)", "Rows Removed by Index Recheck": 0}]}, {"Node Type": "Index Scan", "Parent Relationship": "Inner", "Scan Direction": "Forward", "Index Name": "movie_id_cast_info", "Relation Name": "cast_info", "Alias": "ci", "Startup Cost": 0.0, "Total Cost": 1.01, "Plan Rows": 1, "Plan Width": 8, "Actual Startup Time": 6602.685, "Actual Total Time": 7750.361, "Actual Rows": 54155, "Actual Loops": 102516, "Index Cond": "(movie_id = t.id)", "Rows Removed by Index Recheck": 0, "Filter": "((note)::text = ANY ('{(writer),\"(head writer)\",\"(written by)\",(story),\"(story editor)\"}'::text[]))", "Rows Removed by Filter": 3987641}]}, {"Node Type": "Index Scan", "Parent Relationship": "Inner", "Scan Direction": "Forward", "Index Name": "name_pkey", "Relation Name": "name", "Alias": "n", "Startup Cost": 0.0, "Total Cost": 0.49, "Plan Rows": 1, "Plan Width": 4, "Actual Startup Time": 340.016, "Actual Total Time": 340.016, "Actual Rows": 28073, "Actual Loops": 54155, "Index Cond": "(id = ci.person_id)", "Rows Removed by Index Recheck": 0, "Filter": "((gender)::text = 'm'::text)", "Rows Removed by Filter": 26082}]}]}, "Triggers": [], "Planner Runtime": 7, "Total Runtime": 10872.055, "Unique SQL Id": 3913857139}}, "(64, 22)": {"explain_plan": {"Plan": {"Node Type": "Aggregate", "Strategy": "Plain", "Startup Cost": 102085.61, "Total Cost": 102085.62, "Plan Rows": 1, "Plan Width": 160, "Plans": [{"Node Type": "Nested Loop", "Parent Relationship": "Outer", "Join Type": "Inner", "Startup Cost": 1.48, "Total Cost": 102075.02, "Plan Rows": 1413, "Plan Width": 64, "Inner Unique": true, "Plans": [{"Node Type": "Nested Loop", "Parent Relationship": "Outer", "Join Type": "Inner", "Startup Cost": 1.17, "Total Cost": 97069.59, "Plan Rows": 1155, "Plan Width": 68, "Inner Unique": false, "Plans": [{"Node Type": "Nested Loop", "Parent Relationship": "Outer", "Join Type": "Inner", "Startup Cost": 0.65, "Total Cost": 92226.92, "Plan Rows": 1044, "Plan Width": 76, "Inner Unique": true, "Join Filter": "(mi.movie_id = t.id)", "Plans": [{"Node Type": "Nested Loop", "Parent Relationship": "Outer", "Join Type": "Inner", "Startup Cost": 0.37, "Total Cost": 87727.73, "Plan Rows": 1044, "Plan Width": 55, "Inner Unique": false, "Join Filter": "(mi_idx.info_type_id = it2.id)", "Plans": [{"Node Type": "Seq Scan", "Parent Relationship": "Outer", "Relation Name": "info_type", "Alias": "it2", "Startup Cost": 0.0, "Total Cost": 2.4, "Plan Rows": 1, "Plan Width": 4, "Filter": "((info)::text = 'votes'::text)"}, {"Node Type": "Nested Loop", "Parent Relationship": "Inner", "Join Type": "Inner", "Startup Cost": 0.37, "Total Cost": 87673.15, "Plan Rows": 4175, "Plan Width": 59, "Inner Unique": false, "Plans": [{"Node Type": "Nested Loop", "Parent Relationship": "Outer", "Join Type": "Inner", "Startup Cost": 0.0, "Total Cost": 75685.72, "Plan Rows": 2717, "Plan Width": 46, "Inner Unique": false, "Join Filter": "(it1.id = mi.info_type_id)", "Plans": [{"Node Type": "Seq Scan", "Parent Relationship": "Outer", "Relation Name": "info_type", "Alias": "it1", "Startup Cost": 0.0, "Total Cost": 2.4, "Plan Rows": 1, "Plan Width": 4, "Filter": "((info)::text = 'genres'::text)"}, {"Node Type": "Materialize", "Parent Relationship": "Inner", "Startup Cost": 0.0, "Total Cost": 73781.62, "Plan Rows": 190170, "Plan Width": 50, "Plans": [{"Node Type": "Streaming(type: LOCAL GATHER dop: 1/64)", "Parent Relationship": "Outer", "Startup Cost": 0.0, "Total Cost": 73306.19, "Plan Rows": 190170, "Plan Width": 50, "Plans": [{"Node Type": "Seq Scan", "Parent Relationship": "Outer", "Relation Name": "movie_info", "Alias": "mi", "Startup Cost": 0.0, "Total Cost": 69383.01, "Plan Rows": 190170, "Plan Width": 50, "Filter": "((info)::text = ANY ('{Horror,Action,Sci-Fi,Thriller,Crime,War}'::text[]))"}]}]}]}, {"Node Type": "Bitmap Heap Scan", "Parent Relationship": "Inner", "Relation Name": "movie_info_idx", "Alias": "mi_idx", "Startup Cost": 0.37, "Total Cost": 4.39, "Plan Rows": 2, "Plan Width": 13, "Recheck Cond": "(movie_id = mi.movie_id)", "Plans": [{"Node Type": "Bitmap Index Scan", "Parent Relationship": "Outer", "Index Name": "movie_id_movie_info_idx", "Startup Cost": 0.0, "Total Cost": 0.37, "Plan Rows": 2, "Plan Width": 0, "Index Cond": "(movie_id = mi.movie_id)"}]}]}]}, {"Node Type": "Bitmap Heap Scan", "Parent Relationship": "Inner", "Relation Name": "title", "Alias": "t", "Startup Cost": 0.28, "Total Cost": 4.3, "Plan Rows": 1, "Plan Width": 21, "Recheck Cond": "(id = mi_idx.movie_id)", "Plans": [{"Node Type": "Bitmap Index Scan", "Parent Relationship": "Outer", "Index Name": "title_pkey", "Startup Cost": 0.0, "Total Cost": 0.28, "Plan Rows": 1, "Plan Width": 0, "Index Cond": "(id = mi_idx.movie_id)"}]}]}, {"Node Type": "Bitmap Heap Scan", "Parent Relationship": "Inner", "Relation Name": "cast_info", "Alias": "ci", "Startup Cost": 0.52, "Total Cost": 4.63, "Plan Rows": 1, "Plan Width": 8, "Recheck Cond": "(movie_id = t.id)", "Filter": "((note)::text = ANY ('{(writer),\"(head writer)\",\"(written by)\",(story),\"(story editor)\"}'::text[]))", "Plans": [{"Node Type": "Bitmap Index Scan", "Parent Relationship": "Outer", "Index Name": "movie_id_cast_info", "Startup Cost": 0.0, "Total Cost": 0.52, "Plan Rows": 6, "Plan Width": 0, "Index Cond": "(movie_id = t.id)"}]}]}, {"Node Type": "Bitmap Heap Scan", "Parent Relationship": "Inner", "Relation Name": "name", "Alias": "n", "Startup Cost": 0.31, "Total Cost": 4.32, "Plan Rows": 1, "Plan Width": 4, "Recheck Cond": "(id = ci.person_id)", "Filter": "((gender)::text = 'm'::text)", "Plans": [{"Node Type": "Bitmap Index Scan", "Parent Relationship": "Outer", "Index Name": "name_pkey", "Startup Cost": 0.0, "Total Cost": 0.31, "Plan Rows": 1, "Plan Width": 0, "Index Cond": "(id = ci.person_id)"}]}]}]}, "Unique SQL Id": 3913857139, "Planner Runtime": 26}, "explain_analyze_plan": {"Plan": {"Node Type": "Aggregate", "Strategy": "Plain", "Startup Cost": 102085.61, "Total Cost": 102085.62, "Plan Rows": 1, "Plan Width": 160, "Actual Min Startup Time": 12795.071, "Actual Max Startup Time": 12795.071, "Actual Min Total Time": 12795.072, "Actual Max Total Time": 12795.072, "Plans": [{"Node Type": "Nested Loop", "Parent Relationship": "Outer", "Join Type": "Inner", "Startup Cost": 1.48, "Total Cost": 102075.02, "Plan Rows": 1413, "Plan Width": 64, "Actual Min Startup Time": 255.92, "Actual Max Startup Time": 255.92, "Actual Min Total Time": 12742.441, "Actual Max Total Time": 12742.441, "Inner Unique": true, "Plans": [{"Node Type": "Nested Loop", "Parent Relationship": "Outer", "Join Type": "Inner", "Startup Cost": 1.17, "Total Cost": 97069.59, "Plan Rows": 1155, "Plan Width": 68, "Actual Min Startup Time": 255.885, "Actual Max Startup Time": 255.885, "Actual Min Total Time": 12230.15, "Actual Max Total Time": 12230.15, "Inner Unique": false, "Plans": [{"Node Type": "Nested Loop", "Parent Relationship": "Outer", "Join Type": "Inner", "Startup Cost": 0.65, "Total Cost": 92226.92, "Plan Rows": 1044, "Plan Width": 76, "Actual Min Startup Time": 255.004, "Actual Max Startup Time": 255.004, "Actual Min Total Time": 2392.55, "Actual Max Total Time": 2392.55, "Inner Unique": true, "Join Filter": "(mi.movie_id = t.id)", "Rows Removed by Join Filter": 0, "Plans": [{"Node Type": "Nested Loop", "Parent Relationship": "Outer", "Join Type": "Inner", "Startup Cost": 0.37, "Total Cost": 87727.73, "Plan Rows": 1044, "Plan Width": 55, "Actual Min Startup Time": 254.971, "Actual Max Startup Time": 254.971, "Actual Min Total Time": 1640.713, "Actual Max Total Time": 1640.713, "Inner Unique": false, "Join Filter": "(mi_idx.info_type_id = it2.id)", "Rows Removed by Join Filter": 205269, "Plans": [{"Node Type": "Seq Scan", "Parent Relationship": "Outer", "Relation Name": "info_type", "Alias": "it2", "Startup Cost": 0.0, "Total Cost": 2.4, "Plan Rows": 1, "Plan Width": 4, "Actual Min Startup Time": 0.074, "Actual Max Startup Time": 0.074, "Actual Min Total Time": 0.094, "Actual Max Total Time": 0.094, "Filter": "((info)::text = 'votes'::text)", "Rows Removed by Filter": 111, "Actual Rows": 1}, {"Node Type": "Nested Loop", "Parent Relationship": "Inner", "Join Type": "Inner", "Startup Cost": 0.37, "Total Cost": 87673.15, "Plan Rows": 4175, "Plan Width": 59, "Actual Min Startup Time": 254.879, "Actual Max Startup Time": 254.879, "Actual Min Total Time": 1532.814, "Actual Max Total Time": 1532.814, "Inner Unique": false, "Plans": [{"Node Type": "Nested Loop", "Parent Relationship": "Outer", "Join Type": "Inner", "Startup Cost": 0.0, "Total Cost": 75685.72, "Plan Rows": 2717, "Plan Width": 46, "Actual Min Startup Time": 254.823, "Actual Max Startup Time": 254.823, "Actual Min Total Time": 374.825, "Actual Max Total Time": 374.825, "Inner Unique": false, "Join Filter": "(it1.id = mi.info_type_id)", "Rows Removed by Join Filter": 2377, "Plans": [{"Node Type": "Seq Scan", "Parent Relationship": "Outer", "Relation Name": "info_type", "Alias": "it1", "Startup Cost": 0.0, "Total Cost": 2.4, "Plan Rows": 1, "Plan Width": 4, "Actual Min Startup Time": 0.039, "Actual Max Startup Time": 0.039, "Actual Min Total Time": 0.092, "Actual Max Total Time": 0.092, "Filter": "((info)::text = 'genres'::text)", "Rows Removed by Filter": 111, "Actual Rows": 1}, {"Node Type": "Materialize", "Parent Relationship": "Inner", "Startup Cost": 0.0, "Total Cost": 73781.62, "Plan Rows": 190170, "Plan Width": 50, "Actual Min Startup Time": 254.72, "Actual Max Startup Time": 254.72, "Actual Min Total Time": 290.579, "Actual Max Total Time": 290.579, "Plans": [{"Node Type": "Streaming(type: LOCAL GATHER dop: 1/64)", "Parent Relationship": "Outer", "Startup Cost": 0.0, "Total Cost": 73306.19, "Plan Rows": 190170, "Plan Width": 50, "Actual Min Startup Time": 130.647, "Actual Max Startup Time": 130.647, "Actual Min Total Time": 227.023, "Actual Max Total Time": 227.023, "Plans": [{"Node Type": "Seq Scan", "Parent Relationship": "Outer", "Relation Name": "movie_info", "Alias": "mi", "Startup Cost": 0.0, "Total Cost": 69383.01, "Plan Rows": 190170, "Plan Width": 50, "Actual Min Startup Time": 62.103, "Actual Max Startup Time": 148.086, "Actual Min Total Time": 110.476, "Actual Max Total Time": 166.182, "Filter": "((info)::text = ANY ('{Horror,Action,Sci-Fi,Thriller,Crime,War}'::text[]))", "Rows Removed by Filter": 14646748, "Actual Rows": 188971}], "Actual Rows": 188971}], "Actual Rows": 188972}], "Actual Rows": 186594}, {"Node Type": "Bitmap Heap Scan", "Parent Relationship": "Inner", "Relation Name": "movie_info_idx", "Alias": "mi_idx", "Startup Cost": 0.37, "Total Cost": 4.39, "Plan Rows": 2, "Plan Width": 13, "Actual Min Startup Time": 788.351, "Actual Max Startup Time": 788.351, "Actual Min Total Time": 833.998, "Actual Max Total Time": 833.998, "Recheck Cond": "(movie_id = mi.movie_id)", "Rows Removed by Index Recheck": 0, "Exact Heap Blocks": 103610, "Lossy Heap Blocks": 103610, "Plans": [{"Node Type": "Bitmap Index Scan", "Parent Relationship": "Outer", "Index Name": "movie_id_movie_info_idx", "Startup Cost": 0.0, "Total Cost": 0.37, "Plan Rows": 2, "Plan Width": 0, "Actual Min Startup Time": 539.893, "Actual Max Startup Time": 539.893, "Actual Min Total Time": 539.893, "Actual Max Total Time": 539.893, "Index Cond": "(movie_id = mi.movie_id)", "Actual Rows": 307785}], "Actual Rows": 307785}], "Actual Rows": 307785}], "Actual Rows": 102516}, {"Node Type": "Bitmap Heap Scan", "Parent Relationship": "Inner", "Relation Name": "title", "Alias": "t", "Startup Cost": 0.28, "Total Cost": 4.3, "Plan Rows": 1, "Plan Width": 21, "Actual Min Startup Time": 570.977, "Actual Max Startup Time": 570.977, "Actual Min Total Time": 570.977, "Actual Max Total Time": 570.977, "Recheck Cond": "(id = mi_idx.movie_id)", "Rows Removed by Index Recheck": 0, "Exact Heap Blocks": 102516, "Lossy Heap Blocks": 102516, "Plans": [{"Node Type": "Bitmap Index Scan", "Parent Relationship": "Outer", "Index Name": "title_pkey", "Startup Cost": 0.0, "Total Cost": 0.28, "Plan Rows": 1, "Plan Width": 0, "Actual Min Startup Time": 311.845, "Actual Max Startup Time": 311.845, "Actual Min Total Time": 311.845, "Actual Max Total Time": 311.845, "Index Cond": "(id = mi_idx.movie_id)", "Actual Rows": 102516}], "Actual Rows": 102516}], "Actual Rows": 102516}, {"Node Type": "Bitmap Heap Scan", "Parent Relationship": "Inner", "Relation Name": "cast_info", "Alias": "ci", "Startup Cost": 0.52, "Total Cost": 4.63, "Plan Rows": 1, "Plan Width": 8, "Actual Min Startup Time": 8376.865, "Actual Max Startup Time": 8376.865, "Actual Min Total Time": 9670.439, "Actual Max Total Time": 9670.439, "Recheck Cond": "(movie_id = t.id)", "Rows Removed by Index Recheck": 0, "Filter": "((note)::text = ANY ('{(writer),\"(head writer)\",\"(written by)\",(story),\"(story editor)\"}'::text[]))", "Rows Removed by Filter": 3987641, "Exact Heap Blocks": 3901088, "Lossy Heap Blocks": 3901088, "Plans": [{"Node Type": "Bitmap Index Scan", "Parent Relationship": "Outer", "Index Name": "movie_id_cast_info", "Startup Cost": 0.0, "Total Cost": 0.52, "Plan Rows": 6, "Plan Width": 0, "Actual Min Startup Time": 1074.667, "Actual Max Startup Time": 1074.667, "Actual Min Total Time": 1074.667, "Actual Max Total Time": 1074.667, "Index Cond": "(movie_id = t.id)", "Actual Rows": 4041796}], "Actual Rows": 54155}], "Actual Rows": 54155}, {"Node Type": "Bitmap Heap Scan", "Parent Relationship": "Inner", "Relation Name": "name", "Alias": "n", "Startup Cost": 0.31, "Total Cost": 4.32, "Plan Rows": 1, "Plan Width": 4, "Actual Min Startup Time": 421.327, "Actual Max Startup Time": 421.327, "Actual Min Total Time": 421.327, "Actual Max Total Time": 421.327, "Recheck Cond": "(id = ci.person_id)", "Rows Removed by Index Recheck": 0, "Filter": "((gender)::text = 'm'::text)", "Rows Removed by Filter": 26082, "Exact Heap Blocks": 54155, "Lossy Heap Blocks": 54155, "Plans": [{"Node Type": "Bitmap Index Scan", "Parent Relationship": "Outer", "Index Name": "name_pkey", "Startup Cost": 0.0, "Total Cost": 0.31, "Plan Rows": 1, "Plan Width": 0, "Actual Min Startup Time": 263.996, "Actual Max Startup Time": 263.996, "Actual Min Total Time": 263.996, "Actual Max Total Time": 263.996, "Index Cond": "(id = ci.person_id)", "Actual Rows": 54155}], "Actual Rows": 28073}], "Actual Rows": 28073}], "Actual Rows": 1}, "Triggers": [], "Planner Runtime": 14, "Total Runtime": 12807.1, "Unique SQL Id": 3913857139}}, "(64, 23)": {"explain_plan": {"Plan": {"Node Type": "Aggregate", "Strategy": "Plain", "Startup Cost": 191395.62, "Total Cost": 191395.63, "Plan Rows": 1, "Plan Width": 160, "Plans": [{"Node Type": "Nested Loop", "Parent Relationship": "Outer", "Join Type": "Inner", "Startup Cost": 4861.24, "Total Cost": 191385.02, "Plan Rows": 1413, "Plan Width": 64, "Inner Unique": true, "Plans": [{"Node Type": "Nested Loop", "Parent Relationship": "Outer", "Join Type": "Inner", "Startup Cost": 4860.93, "Total Cost": 186379.6, "Plan Rows": 1155, "Plan Width": 68, "Inner Unique": false, "Plans": [{"Node Type": "Nested Loop", "Parent Relationship": "Outer", "Join Type": "Inner", "Startup Cost": 4860.41, "Total Cost": 181536.93, "Plan Rows": 1044, "Plan Width": 76, "Inner Unique": true, "Join Filter": "(mi.movie_id = t.id)", "Plans": [{"Node Type": "Nested Loop", "Parent Relationship": "Outer", "Join Type": "Inner", "Startup Cost": 4860.13, "Total Cost": 177037.74, "Plan Rows": 1044, "Plan Width": 55, "Inner Unique": false, "Join Filter": "(mi_idx.info_type_id = it2.id)", "Plans": [{"Node Type": "Bitmap Heap Scan", "Parent Relationship": "Outer", "Relation Name": "info_type", "Alias": "it2", "Startup Cost": 8.81, "Total Cost": 14.21, "Plan Rows": 1, "Plan Width": 4, "Filter": "((info)::text = 'votes'::text)", "Plans": [{"Node Type": "Bitmap Index Scan", "Parent Relationship": "Outer", "Index Name": "info_type_pkey", "Startup Cost": 0.0, "Total Cost": 8.81, "Plan Rows": 112, "Plan Width": 0}]}, {"Node Type": "Nested Loop", "Parent Relationship": "Inner", "Join Type": "Inner", "Startup Cost": 4851.32, "Total Cost": 176971.34, "Plan Rows": 4175, "Plan Width": 59, "Inner Unique": false, "Plans": [{"Node Type": "Nested Loop", "Parent Relationship": "Outer", "Join Type": "Inner", "Startup Cost": 4850.95, "Total Cost": 164983.91, "Plan Rows": 2717, "Plan Width": 46, "Inner Unique": false, "Plans": [{"Node Type": "Bitmap Heap Scan", "Parent Relationship": "Outer", "Relation Name": "info_type", "Alias": "it1", "Startup Cost": 8.81, "Total Cost": 14.21, "Plan Rows": 1, "Plan Width": 4, "Filter": "((info)::text = 'genres'::text)", "Plans": [{"Node Type": "Bitmap Index Scan", "Parent Relationship": "Outer", "Index Name": "info_type_pkey", "Startup Cost": 0.0, "Total Cost": 8.81, "Plan Rows": 112, "Plan Width": 0}]}, {"Node Type": "Bitmap Heap Scan", "Parent Relationship": "Inner", "Relation Name": "movie_info", "Alias": "mi", "Startup Cost": 4842.14, "Total Cost": 164942.53, "Plan Rows": 2717, "Plan Width": 50, "Recheck Cond": "(info_type_id = it1.id)", "Filter": "((info)::text = ANY ('{Horror,Action,Sci-Fi,Thriller,Crime,War}'::text[]))", "Plans": [{"Node Type": "Bitmap Index Scan", "Parent Relationship": "Outer", "Index Name": "info_type_id_movie_info", "Startup Cost": 0.0, "Total Cost": 4841.46, "Plan Rows": 212428, "Plan Width": 0, "Index Cond": "(info_type_id = it1.id)"}]}]}, {"Node Type": "Bitmap Heap Scan", "Parent Relationship": "Inner", "Relation Name": "movie_info_idx", "Alias": "mi_idx", "Startup Cost": 0.37, "Total Cost": 4.39, "Plan Rows": 2, "Plan Width": 13, "Recheck Cond": "(movie_id = mi.movie_id)", "Plans": [{"Node Type": "Bitmap Index Scan", "Parent Relationship": "Outer", "Index Name": "movie_id_movie_info_idx", "Startup Cost": 0.0, "Total Cost": 0.37, "Plan Rows": 2, "Plan Width": 0, "Index Cond": "(movie_id = mi.movie_id)"}]}]}]}, {"Node Type": "Bitmap Heap Scan", "Parent Relationship": "Inner", "Relation Name": "title", "Alias": "t", "Startup Cost": 0.28, "Total Cost": 4.3, "Plan Rows": 1, "Plan Width": 21, "Recheck Cond": "(id = mi_idx.movie_id)", "Plans": [{"Node Type": "Bitmap Index Scan", "Parent Relationship": "Outer", "Index Name": "title_pkey", "Startup Cost": 0.0, "Total Cost": 0.28, "Plan Rows": 1, "Plan Width": 0, "Index Cond": "(id = mi_idx.movie_id)"}]}]}, {"Node Type": "Bitmap Heap Scan", "Parent Relationship": "Inner", "Relation Name": "cast_info", "Alias": "ci", "Startup Cost": 0.52, "Total Cost": 4.63, "Plan Rows": 1, "Plan Width": 8, "Recheck Cond": "(movie_id = t.id)", "Filter": "((note)::text = ANY ('{(writer),\"(head writer)\",\"(written by)\",(story),\"(story editor)\"}'::text[]))", "Plans": [{"Node Type": "Bitmap Index Scan", "Parent Relationship": "Outer", "Index Name": "movie_id_cast_info", "Startup Cost": 0.0, "Total Cost": 0.52, "Plan Rows": 6, "Plan Width": 0, "Index Cond": "(movie_id = t.id)"}]}]}, {"Node Type": "Bitmap Heap Scan", "Parent Relationship": "Inner", "Relation Name": "name", "Alias": "n", "Startup Cost": 0.31, "Total Cost": 4.32, "Plan Rows": 1, "Plan Width": 4, "Recheck Cond": "(id = ci.person_id)", "Filter": "((gender)::text = 'm'::text)", "Plans": [{"Node Type": "Bitmap Index Scan", "Parent Relationship": "Outer", "Index Name": "name_pkey", "Startup Cost": 0.0, "Total Cost": 0.31, "Plan Rows": 1, "Plan Width": 0, "Index Cond": "(id = ci.person_id)"}]}]}]}, "Unique SQL Id": 3913857139, "Planner Runtime": 23}, "explain_analyze_plan": {"Plan": {"Node Type": "Aggregate", "Strategy": "Plain", "Startup Cost": 191395.62, "Total Cost": 191395.63, "Plan Rows": 1, "Plan Width": 160, "Actual Startup Time": 13580.726, "Actual Total Time": 13580.726, "Actual Rows": 1, "Actual Loops": 1, "Plans": [{"Node Type": "Nested Loop", "Parent Relationship": "Outer", "Join Type": "Inner", "Startup Cost": 4861.24, "Total Cost": 191385.02, "Plan Rows": 1413, "Plan Width": 64, "Actual Startup Time": 182.856, "Actual Total Time": 13524.954, "Actual Rows": 28073, "Actual Loops": 1, "Inner Unique": true, "Plans": [{"Node Type": "Nested Loop", "Parent Relationship": "Outer", "Join Type": "Inner", "Startup Cost": 4860.93, "Total Cost": 186379.6, "Plan Rows": 1155, "Plan Width": 68, "Actual Startup Time": 180.203, "Actual Total Time": 13012.912, "Actual Rows": 54155, "Actual Loops": 1, "Inner Unique": false, "Plans": [{"Node Type": "Nested Loop", "Parent Relationship": "Outer", "Join Type": "Inner", "Startup Cost": 4860.41, "Total Cost": 181536.93, "Plan Rows": 1044, "Plan Width": 76, "Actual Startup Time": 177.143, "Actual Total Time": 3136.935, "Actual Rows": 102516, "Actual Loops": 1, "Inner Unique": true, "Join Filter": "(mi.movie_id = t.id)", "Rows Removed by Join Filter": 0, "Plans": [{"Node Type": "Nested Loop", "Parent Relationship": "Outer", "Join Type": "Inner", "Startup Cost": 4860.13, "Total Cost": 177037.74, "Plan Rows": 1044, "Plan Width": 55, "Actual Startup Time": 177.118, "Actual Total Time": 2402.755, "Actual Rows": 102516, "Actual Loops": 1, "Inner Unique": false, "Join Filter": "(mi_idx.info_type_id = it2.id)", "Rows Removed by Join Filter": 205269, "Plans": [{"Node Type": "Bitmap Heap Scan", "Parent Relationship": "Outer", "Relation Name": "info_type", "Alias": "it2", "Startup Cost": 8.81, "Total Cost": 14.21, "Plan Rows": 1, "Plan Width": 4, "Actual Startup Time": 0.081, "Actual Total Time": 0.085, "Actual Rows": 1, "Actual Loops": 1, "Filter": "((info)::text = 'votes'::text)", "Rows Removed by Filter": 111, "Exact Heap Blocks": 1, "Lossy Heap Blocks": 1, "Plans": [{"Node Type": "Bitmap Index Scan", "Parent Relationship": "Outer", "Index Name": "info_type_pkey", "Startup Cost": 0.0, "Total Cost": 8.81, "Plan Rows": 112, "Plan Width": 0, "Actual Startup Time": 0.019, "Actual Total Time": 0.019, "Actual Rows": 112, "Actual Loops": 1}]}, {"Node Type": "Nested Loop", "Parent Relationship": "Inner", "Join Type": "Inner", "Startup Cost": 4851.32, "Total Cost": 176971.34, "Plan Rows": 4175, "Plan Width": 59, "Actual Startup Time": 177.024, "Actual Total Time": 2302.393, "Actual Rows": 307785, "Actual Loops": 1, "Inner Unique": false, "Plans": [{"Node Type": "Nested Loop", "Parent Relationship": "Outer", "Join Type": "Inner", "Startup Cost": 4850.95, "Total Cost": 164983.91, "Plan Rows": 2717, "Plan Width": 46, "Actual Startup Time": 176.982, "Actual Total Time": 1162.537, "Actual Rows": 186594, "Actual Loops": 1, "Inner Unique": false, "Plans": [{"Node Type": "Bitmap Heap Scan", "Parent Relationship": "Outer", "Relation Name": "info_type", "Alias": "it1", "Startup Cost": 8.81, "Total Cost": 14.21, "Plan Rows": 1, "Plan Width": 4, "Actual Startup Time": 0.031, "Actual Total Time": 0.059, "Actual Rows": 1, "Actual Loops": 1, "Filter": "((info)::text = 'genres'::text)", "Rows Removed by Filter": 111, "Exact Heap Blocks": 1, "Lossy Heap Blocks": 1, "Plans": [{"Node Type": "Bitmap Index Scan", "Parent Relationship": "Outer", "Index Name": "info_type_pkey", "Startup Cost": 0.0, "Total Cost": 8.81, "Plan Rows": 112, "Plan Width": 0, "Actual Startup Time": 0.008, "Actual Total Time": 0.008, "Actual Rows": 112, "Actual Loops": 1}]}, {"Node Type": "Bitmap Heap Scan", "Parent Relationship": "Inner", "Relation Name": "movie_info", "Alias": "mi", "Startup Cost": 4842.14, "Total Cost": 164942.53, "Plan Rows": 2717, "Plan Width": 50, "Actual Startup Time": 176.947, "Actual Total Time": 1117.951, "Actual Rows": 186594, "Actual Loops": 1, "Recheck Cond": "(info_type_id = it1.id)", "Rows Removed by Index Recheck": 0, "Filter": "((info)::text = ANY ('{Horror,Action,Sci-Fi,Thriller,Crime,War}'::text[]))", "Rows Removed by Filter": 1347315, "Exact Heap Blocks": 7426, "Lossy Heap Blocks": 7426, "Plans": [{"Node Type": "Bitmap Index Scan", "Parent Relationship": "Outer", "Index Name": "info_type_id_movie_info", "Startup Cost": 0.0, "Total Cost": 4841.46, "Plan Rows": 212428, "Plan Width": 0, "Actual Startup Time": 175.581, "Actual Total Time": 175.581, "Actual Rows": 1533909, "Actual Loops": 1, "Index Cond": "(info_type_id = it1.id)"}]}]}, {"Node Type": "Bitmap Heap Scan", "Parent Relationship": "Inner", "Relation Name": "movie_info_idx", "Alias": "mi_idx", "Startup Cost": 0.37, "Total Cost": 4.39, "Plan Rows": 2, "Plan Width": 13, "Actual Startup Time": 777.609, "Actual Total Time": 823.786, "Actual Rows": 307785, "Actual Loops": 186594, "Recheck Cond": "(movie_id = mi.movie_id)", "Rows Removed by Index Recheck": 0, "Exact Heap Blocks": 103610, "Lossy Heap Blocks": 103610, "Plans": [{"Node Type": "Bitmap Index Scan", "Parent Relationship": "Outer", "Index Name": "movie_id_movie_info_idx", "Startup Cost": 0.0, "Total Cost": 0.37, "Plan Rows": 2, "Plan Width": 0, "Actual Startup Time": 528.311, "Actual Total Time": 528.311, "Actual Rows": 307785, "Actual Loops": 186594, "Index Cond": "(movie_id = mi.movie_id)"}]}]}]}, {"Node Type": "Bitmap Heap Scan", "Parent Relationship": "Inner", "Relation Name": "title", "Alias": "t", "Startup Cost": 0.28, "Total Cost": 4.3, "Plan Rows": 1, "Plan Width": 21, "Actual Startup Time": 553.231, "Actual Total Time": 553.231, "Actual Rows": 102516, "Actual Loops": 102516, "Recheck Cond": "(id = mi_idx.movie_id)", "Rows Removed by Index Recheck": 0, "Exact Heap Blocks": 102516, "Lossy Heap Blocks": 102516, "Plans": [{"Node Type": "Bitmap Index Scan", "Parent Relationship": "Outer", "Index Name": "title_pkey", "Startup Cost": 0.0, "Total Cost": 0.28, "Plan Rows": 1, "Plan Width": 0, "Actual Startup Time": 303.255, "Actual Total Time": 303.255, "Actual Rows": 102516, "Actual Loops": 102516, "Index Cond": "(id = mi_idx.movie_id)"}]}]}, {"Node Type": "Bitmap Heap Scan", "Parent Relationship": "Inner", "Relation Name": "cast_info", "Alias": "ci", "Startup Cost": 0.52, "Total Cost": 4.63, "Plan Rows": 1, "Plan Width": 8, "Actual Startup Time": 8405.75, "Actual Total Time": 9708.17, "Actual Rows": 54155, "Actual Loops": 102516, "Recheck Cond": "(movie_id = t.id)", "Rows Removed by Index Recheck": 0, "Filter": "((note)::text = ANY ('{(writer),\"(head writer)\",\"(written by)\",(story),\"(story editor)\"}'::text[]))", "Rows Removed by Filter": 3987641, "Exact Heap Blocks": 3901088, "Lossy Heap Blocks": 3901088, "Plans": [{"Node Type": "Bitmap Index Scan", "Parent Relationship": "Outer", "Index Name": "movie_id_cast_info", "Startup Cost": 0.0, "Total Cost": 0.52, "Plan Rows": 6, "Plan Width": 0, "Actual Startup Time": 1067.615, "Actual Total Time": 1067.615, "Actual Rows": 4041796, "Actual Loops": 102516, "Index Cond": "(movie_id = t.id)"}]}]}, {"Node Type": "Bitmap Heap Scan", "Parent Relationship": "Inner", "Relation Name": "name", "Alias": "n", "Startup Cost": 0.31, "Total Cost": 4.32, "Plan Rows": 1, "Plan Width": 4, "Actual Startup Time": 417.007, "Actual Total Time": 417.007, "Actual Rows": 28073, "Actual Loops": 54155, "Recheck Cond": "(id = ci.person_id)", "Rows Removed by Index Recheck": 0, "Filter": "((gender)::text = 'm'::text)", "Rows Removed by Filter": 26082, "Exact Heap Blocks": 54155, "Lossy Heap Blocks": 54155, "Plans": [{"Node Type": "Bitmap Index Scan", "Parent Relationship": "Outer", "Index Name": "name_pkey", "Startup Cost": 0.0, "Total Cost": 0.31, "Plan Rows": 1, "Plan Width": 0, "Actual Startup Time": 263.412, "Actual Total Time": 263.412, "Actual Rows": 54155, "Actual Loops": 54155, "Index Cond": "(id = ci.person_id)"}]}]}]}, "Triggers": [], "Planner Runtime": 8, "Total Runtime": 13581.043, "Unique SQL Id": 3913857139}}, "(64, 24)": {"explain_plan": {"Plan": {"Node Type": "Aggregate", "Strategy": "Plain", "Startup Cost": 79308.04, "Total Cost": 79308.05, "Plan Rows": 1, "Plan Width": 160, "Plans": [{"Node Type": "Nested Loop", "Parent Relationship": "Outer", "Join Type": "Inner", "Startup Cost": 0.0, "Total Cost": 79297.45, "Plan Rows": 1413, "Plan Width": 64, "Inner Unique": true, "Plans": [{"Node Type": "Nested Loop", "Parent Relationship": "Outer", "Join Type": "Inner", "Startup Cost": 0.0, "Total Cost": 78718.18, "Plan Rows": 1155, "Plan Width": 68, "Inner Unique": false, "Plans": [{"Node Type": "Nested Loop", "Parent Relationship": "Outer", "Join Type": "Inner", "Startup Cost": 0.0, "Total Cost": 77656.55, "Plan Rows": 1044, "Plan Width": 76, "Inner Unique": true, "Join Filter": "(mi.movie_id = t.id)", "Plans": [{"Node Type": "Nested Loop", "Parent Relationship": "Outer", "Join Type": "Inner", "Startup Cost": 0.0, "Total Cost": 77228.36, "Plan Rows": 1044, "Plan Width": 55, "Inner Unique": false, "Join Filter": "(mi_idx.info_type_id = it2.id)", "Plans": [{"Node Type": "Seq Scan", "Parent Relationship": "Outer", "Relation Name": "info_type", "Alias": "it2", "Startup Cost": 0.0, "Total Cost": 2.4, "Plan Rows": 1, "Plan Width": 4, "Filter": "((info)::text = 'votes'::text)"}, {"Node Type": "Nested Loop", "Parent Relationship": "Inner", "Join Type": "Inner", "Startup Cost": 0.0, "Total Cost": 77173.77, "Plan Rows": 4175, "Plan Width": 59, "Inner Unique": false, "Plans": [{"Node Type": "Nested Loop", "Parent Relationship": "Outer", "Join Type": "Inner", "Startup Cost": 0.0, "Total Cost": 75685.72, "Plan Rows": 2717, "Plan Width": 46, "Inner Unique": false, "Join Filter": "(it1.id = mi.info_type_id)", "Plans": [{"Node Type": "Seq Scan", "Parent Relationship": "Outer", "Relation Name": "info_type", "Alias": "it1", "Startup Cost": 0.0, "Total Cost": 2.4, "Plan Rows": 1, "Plan Width": 4, "Filter": "((info)::text = 'genres'::text)"}, {"Node Type": "Materialize", "Parent Relationship": "Inner", "Startup Cost": 0.0, "Total Cost": 73781.62, "Plan Rows": 190170, "Plan Width": 50, "Plans": [{"Node Type": "Streaming(type: LOCAL GATHER dop: 1/64)", "Parent Relationship": "Outer", "Startup Cost": 0.0, "Total Cost": 73306.19, "Plan Rows": 190170, "Plan Width": 50, "Plans": [{"Node Type": "Seq Scan", "Parent Relationship": "Outer", "Relation Name": "movie_info", "Alias": "mi", "Startup Cost": 0.0, "Total Cost": 69383.01, "Plan Rows": 190170, "Plan Width": 50, "Filter": "((info)::text = ANY ('{Horror,Action,Sci-Fi,Thriller,Crime,War}'::text[]))"}]}]}]}, {"Node Type": "Index Scan", "Parent Relationship": "Inner", "Scan Direction": "Forward", "Index Name": "movie_id_movie_info_idx", "Relation Name": "movie_info_idx", "Alias": "mi_idx", "Startup Cost": 0.0, "Total Cost": 0.53, "Plan Rows": 2, "Plan Width": 13, "Index Cond": "(movie_id = mi.movie_id)"}]}]}, {"Node Type": "Index Scan", "Parent Relationship": "Inner", "Scan Direction": "Forward", "Index Name": "title_pkey", "Relation Name": "title", "Alias": "t", "Startup Cost": 0.0, "Total Cost": 0.4, "Plan Rows": 1, "Plan Width": 21, "Index Cond": "(id = mi_idx.movie_id)"}]}, {"Node Type": "Index Scan", "Parent Relationship": "Inner", "Scan Direction": "Forward", "Index Name": "movie_id_cast_info", "Relation Name": "cast_info", "Alias": "ci", "Startup Cost": 0.0, "Total Cost": 1.01, "Plan Rows": 1, "Plan Width": 8, "Index Cond": "(movie_id = t.id)", "Filter": "((note)::text = ANY ('{(writer),\"(head writer)\",\"(written by)\",(story),\"(story editor)\"}'::text[]))"}]}, {"Node Type": "Index Scan", "Parent Relationship": "Inner", "Scan Direction": "Forward", "Index Name": "name_pkey", "Relation Name": "name", "Alias": "n", "Startup Cost": 0.0, "Total Cost": 0.49, "Plan Rows": 1, "Plan Width": 4, "Index Cond": "(id = ci.person_id)", "Filter": "((gender)::text = 'm'::text)"}]}]}, "Unique SQL Id": 3913857139, "Planner Runtime": 20}, "explain_analyze_plan": {"Plan": {"Node Type": "Aggregate", "Strategy": "Plain", "Startup Cost": 79308.04, "Total Cost": 79308.05, "Plan Rows": 1, "Plan Width": 160, "Actual Min Startup Time": 10680.124, "Actual Max Startup Time": 10680.124, "Actual Min Total Time": 10680.125, "Actual Max Total Time": 10680.125, "Plans": [{"Node Type": "Nested Loop", "Parent Relationship": "Outer", "Join Type": "Inner", "Startup Cost": 0.0, "Total Cost": 79297.45, "Plan Rows": 1413, "Plan Width": 64, "Actual Min Startup Time": 249.693, "Actual Max Startup Time": 249.693, "Actual Min Total Time": 10641.432, "Actual Max Total Time": 10641.432, "Inner Unique": true, "Plans": [{"Node Type": "Nested Loop", "Parent Relationship": "Outer", "Join Type": "Inner", "Startup Cost": 0.0, "Total Cost": 78718.18, "Plan Rows": 1155, "Plan Width": 68, "Actual Min Startup Time": 247.969, "Actual Max Startup Time": 247.969, "Actual Min Total Time": 10246.003, "Actual Max Total Time": 10246.003, "Inner Unique": false, "Plans": [{"Node Type": "Nested Loop", "Parent Relationship": "Outer", "Join Type": "Inner", "Startup Cost": 0.0, "Total Cost": 77656.55, "Plan Rows": 1044, "Plan Width": 76, "Actual Min Startup Time": 247.349, "Actual Max Startup Time": 247.349, "Actual Min Total Time": 1811.85, "Actual Max Total Time": 1811.85, "Inner Unique": true, "Join Filter": "(mi.movie_id = t.id)", "Rows Removed by Join Filter": 0, "Plans": [{"Node Type": "Nested Loop", "Parent Relationship": "Outer", "Join Type": "Inner", "Startup Cost": 0.0, "Total Cost": 77228.36, "Plan Rows": 1044, "Plan Width": 55, "Actual Min Startup Time": 247.331, "Actual Max Startup Time": 247.331, "Actual Min Total Time": 1273.326, "Actual Max Total Time": 1273.326, "Inner Unique": false, "Join Filter": "(mi_idx.info_type_id = it2.id)", "Rows Removed by Join Filter": 205269, "Plans": [{"Node Type": "Seq Scan", "Parent Relationship": "Outer", "Relation Name": "info_type", "Alias": "it2", "Startup Cost": 0.0, "Total Cost": 2.4, "Plan Rows": 1, "Plan Width": 4, "Actual Min Startup Time": 0.086, "Actual Max Startup Time": 0.086, "Actual Min Total Time": 0.096, "Actual Max Total Time": 0.096, "Filter": "((info)::text = 'votes'::text)", "Rows Removed by Filter": 111, "Actual Rows": 1}, {"Node Type": "Nested Loop", "Parent Relationship": "Inner", "Join Type": "Inner", "Startup Cost": 0.0, "Total Cost": 77173.77, "Plan Rows": 4175, "Plan Width": 59, "Actual Min Startup Time": 247.225, "Actual Max Startup Time": 247.225, "Actual Min Total Time": 1183.67, "Actual Max Total Time": 1183.67, "Inner Unique": false, "Plans": [{"Node Type": "Nested Loop", "Parent Relationship": "Outer", "Join Type": "Inner", "Startup Cost": 0.0, "Total Cost": 75685.72, "Plan Rows": 2717, "Plan Width": 46, "Actual Min Startup Time": 247.195, "Actual Max Startup Time": 247.195, "Actual Min Total Time": 356.202, "Actual Max Total Time": 356.202, "Inner Unique": false, "Join Filter": "(it1.id = mi.info_type_id)", "Rows Removed by Join Filter": 2377, "Plans": [{"Node Type": "Seq Scan", "Parent Relationship": "Outer", "Relation Name": "info_type", "Alias": "it1", "Startup Cost": 0.0, "Total Cost": 2.4, "Plan Rows": 1, "Plan Width": 4, "Actual Min Startup Time": 0.047, "Actual Max Startup Time": 0.047, "Actual Min Total Time": 0.081, "Actual Max Total Time": 0.081, "Filter": "((info)::text = 'genres'::text)", "Rows Removed by Filter": 111, "Actual Rows": 1}, {"Node Type": "Materialize", "Parent Relationship": "Inner", "Startup Cost": 0.0, "Total Cost": 73781.62, "Plan Rows": 190170, "Plan Width": 50, "Actual Min Startup Time": 247.015, "Actual Max Startup Time": 247.015, "Actual Min Total Time": 279.819, "Actual Max Total Time": 279.819, "Plans": [{"Node Type": "Streaming(type: LOCAL GATHER dop: 1/64)", "Parent Relationship": "Outer", "Startup Cost": 0.0, "Total Cost": 73306.19, "Plan Rows": 190170, "Plan Width": 50, "Actual Min Startup Time": 127.593, "Actual Max Startup Time": 127.593, "Actual Min Total Time": 219.435, "Actual Max Total Time": 219.435, "Plans": [{"Node Type": "Seq Scan", "Parent Relationship": "Outer", "Relation Name": "movie_info", "Alias": "mi", "Startup Cost": 0.0, "Total Cost": 69383.01, "Plan Rows": 190170, "Plan Width": 50, "Actual Min Startup Time": 55.284, "Actual Max Startup Time": 120.939, "Actual Min Total Time": 110.672, "Actual Max Total Time": 131.365, "Filter": "((info)::text = ANY ('{Horror,Action,Sci-Fi,Thriller,Crime,War}'::text[]))", "Rows Removed by Filter": 14646748, "Actual Rows": 188971}], "Actual Rows": 188971}], "Actual Rows": 188972}], "Actual Rows": 186594}, {"Node Type": "Index Scan", "Parent Relationship": "Inner", "Scan Direction": "Forward", "Index Name": "movie_id_movie_info_idx", "Relation Name": "movie_info_idx", "Alias": "mi_idx", "Startup Cost": 0.0, "Total Cost": 0.53, "Plan Rows": 2, "Plan Width": 13, "Actual Min Startup Time": 538.447, "Actual Max Startup Time": 538.447, "Actual Min Total Time": 656.885, "Actual Max Total Time": 656.885, "Index Cond": "(movie_id = mi.movie_id)", "Rows Removed by Index Recheck": 0, "Actual Rows": 307785}], "Actual Rows": 307785}], "Actual Rows": 102516}, {"Node Type": "Index Scan", "Parent Relationship": "Inner", "Scan Direction": "Forward", "Index Name": "title_pkey", "Relation Name": "title", "Alias": "t", "Startup Cost": 0.0, "Total Cost": 0.4, "Plan Rows": 1, "Plan Width": 21, "Actual Min Startup Time": 432.22, "Actual Max Startup Time": 432.22, "Actual Min Total Time": 432.22, "Actual Max Total Time": 432.22, "Index Cond": "(id = mi_idx.movie_id)", "Rows Removed by Index Recheck": 0, "Actual Rows": 102516}], "Actual Rows": 102516}, {"Node Type": "Index Scan", "Parent Relationship": "Inner", "Scan Direction": "Forward", "Index Name": "movie_id_cast_info", "Relation Name": "cast_info", "Alias": "ci", "Startup Cost": 0.0, "Total Cost": 1.01, "Plan Rows": 1, "Plan Width": 8, "Actual Min Startup Time": 7123.336, "Actual Max Startup Time": 7123.336, "Actual Min Total Time": 8361.98, "Actual Max Total Time": 8361.98, "Index Cond": "(movie_id = t.id)", "Rows Removed by Index Recheck": 0, "Filter": "((note)::text = ANY ('{(writer),\"(head writer)\",\"(written by)\",(story),\"(story editor)\"}'::text[]))", "Rows Removed by Filter": 3987641, "Actual Rows": 54155}], "Actual Rows": 54155}, {"Node Type": "Index Scan", "Parent Relationship": "Inner", "Scan Direction": "Forward", "Index Name": "name_pkey", "Relation Name": "name", "Alias": "n", "Startup Cost": 0.0, "Total Cost": 0.49, "Plan Rows": 1, "Plan Width": 4, "Actual Min Startup Time": 352.775, "Actual Max Startup Time": 352.775, "Actual Min Total Time": 352.775, "Actual Max Total Time": 352.775, "Index Cond": "(id = ci.person_id)", "Rows Removed by Index Recheck": 0, "Filter": "((gender)::text = 'm'::text)", "Rows Removed by Filter": 26082, "Actual Rows": 28073}], "Actual Rows": 28073}], "Actual Rows": 1}, "Triggers": [], "Planner Runtime": 7, "Total Runtime": 10691.468, "Unique SQL Id": 3913857139}}, "(64, 25)": {"explain_plan": {"Plan": {"Node Type": "Aggregate", "Strategy": "Plain", "Startup Cost": 385547.34, "Total Cost": 385547.35, "Plan Rows": 1, "Plan Width": 160, "Plans": [{"Node Type": "Nested Loop", "Parent Relationship": "Outer", "Join Type": "Inner", "Startup Cost": 0.0, "Total Cost": 385536.75, "Plan Rows": 1413, "Plan Width": 64, "Inner Unique": true, "Plans": [{"Node Type": "Nested Loop", "Parent Relationship": "Outer", "Join Type": "Inner", "Startup Cost": 0.0, "Total Cost": 384957.48, "Plan Rows": 1155, "Plan Width": 68, "Inner Unique": false, "Plans": [{"Node Type": "Nested Loop", "Parent Relationship": "Outer", "Join Type": "Inner", "Startup Cost": 0.0, "Total Cost": 383895.85, "Plan Rows": 1044, "Plan Width": 76, "Inner Unique": true, "Join Filter": "(mi.movie_id = t.id)", "Plans": [{"Node Type": "Nested Loop", "Parent Relationship": "Outer", "Join Type": "Inner", "Startup Cost": 0.0, "Total Cost": 383467.66, "Plan Rows": 1044, "Plan Width": 55, "Inner Unique": false, "Join Filter": "(mi.info_type_id = it1.id)", "Plans": [{"Node Type": "Index Scan", "Parent Relationship": "Outer", "Scan Direction": "Forward", "Index Name": "info_type_pkey", "Relation Name": "info_type", "Alias": "it1", "Startup Cost": 0.0, "Total Cost": 14.21, "Plan Rows": 1, "Plan Width": 4, "Filter": "((info)::text = 'genres'::text)"}, {"Node Type": "Nested Loop", "Parent Relationship": "Inner", "Join Type": "Inner", "Startup Cost": 0.0, "Total Cost": 380590.58, "Plan Rows": 229029, "Plan Width": 59, "Inner Unique": false, "Plans": [{"Node Type": "Nested Loop", "Parent Relationship": "Outer", "Join Type": "Inner", "Startup Cost": 0.0, "Total Cost": 38338.2, "Plan Rows": 345008, "Plan Width": 9, "Inner Unique": false, "Plans": [{"Node Type": "Index Scan", "Parent Relationship": "Outer", "Scan Direction": "Forward", "Index Name": "info_type_pkey", "Relation Name": "info_type", "Alias": "it2", "Startup Cost": 0.0, "Total Cost": 14.21, "Plan Rows": 1, "Plan Width": 4, "Filter": "((info)::text = 'votes'::text)"}, {"Node Type": "Index Scan", "Parent Relationship": "Inner", "Scan Direction": "Forward", "Index Name": "info_type_id_movie_info_idx", "Relation Name": "movie_info_idx", "Alias": "mi_idx", "Startup Cost": 0.0, "Total Cost": 34873.91, "Plan Rows": 345008, "Plan Width": 13, "Index Cond": "(info_type_id = it2.id), (LLVM Optimized)"}]}, {"Node Type": "Index Scan", "Parent Relationship": "Inner", "Scan Direction": "Forward", "Index Name": "movie_id_movie_info", "Relation Name": "movie_info", "Alias": "mi", "Startup Cost": 0.0, "Total Cost": 0.98, "Plan Rows": 1, "Plan Width": 50, "Index Cond": "(movie_id = mi_idx.movie_id)", "Filter": "((info)::text = ANY ('{Horror,Action,Sci-Fi,Thriller,Crime,War}'::text[]))"}]}]}, {"Node Type": "Index Scan", "Parent Relationship": "Inner", "Scan Direction": "Forward", "Index Name": "title_pkey", "Relation Name": "title", "Alias": "t", "Startup Cost": 0.0, "Total Cost": 0.4, "Plan Rows": 1, "Plan Width": 21, "Index Cond": "(id = mi_idx.movie_id)"}]}, {"Node Type": "Index Scan", "Parent Relationship": "Inner", "Scan Direction": "Forward", "Index Name": "movie_id_cast_info", "Relation Name": "cast_info", "Alias": "ci", "Startup Cost": 0.0, "Total Cost": 1.01, "Plan Rows": 1, "Plan Width": 8, "Index Cond": "(movie_id = t.id)", "Filter": "((note)::text = ANY ('{(writer),\"(head writer)\",\"(written by)\",(story),\"(story editor)\"}'::text[]))"}]}, {"Node Type": "Index Scan", "Parent Relationship": "Inner", "Scan Direction": "Forward", "Index Name": "name_pkey", "Relation Name": "name", "Alias": "n", "Startup Cost": 0.0, "Total Cost": 0.49, "Plan Rows": 1, "Plan Width": 4, "Index Cond": "(id = ci.person_id)", "Filter": "((gender)::text = 'm'::text)"}]}]}, "Unique SQL Id": 3913857139, "Planner Runtime": 17}, "explain_analyze_plan": {"Plan": {"Node Type": "Aggregate", "Strategy": "Plain", "Startup Cost": 385547.34, "Total Cost": 385547.35, "Plan Rows": 1, "Plan Width": 160, "Actual Startup Time": 19038.718, "Actual Total Time": 19038.719, "Actual Rows": 1, "Actual Loops": 1, "Plans": [{"Node Type": "Nested Loop", "Parent Relationship": "Outer", "Join Type": "Inner", "Startup Cost": 0.0, "Total Cost": 385536.75, "Plan Rows": 1413, "Plan Width": 64, "Actual Startup Time": 29.464, "Actual Total Time": 18993.643, "Actual Rows": 28073, "Actual Loops": 1, "Inner Unique": true, "Plans": [{"Node Type": "Nested Loop", "Parent Relationship": "Outer", "Join Type": "Inner", "Startup Cost": 0.0, "Total Cost": 384957.48, "Plan Rows": 1155, "Plan Width": 68, "Actual Startup Time": 14.609, "Actual Total Time": 18579.543, "Actual Rows": 54155, "Actual Loops": 1, "Inner Unique": false, "Plans": [{"Node Type": "Nested Loop", "Parent Relationship": "Outer", "Join Type": "Inner", "Startup Cost": 0.0, "Total Cost": 383895.85, "Plan Rows": 1044, "Plan Width": 76, "Actual Startup Time": 0.805, "Actual Total Time": 10083.062, "Actual Rows": 102516, "Actual Loops": 1, "Inner Unique": true, "Join Filter": "(mi.movie_id = t.id)", "Rows Removed by Join Filter": 0, "Plans": [{"Node Type": "Nested Loop", "Parent Relationship": "Outer", "Join Type": "Inner", "Startup Cost": 0.0, "Total Cost": 383467.66, "Plan Rows": 1044, "Plan Width": 55, "Actual Startup Time": 0.793, "Actual Total Time": 9512.208, "Actual Rows": 102516, "Actual Loops": 1, "Inner Unique": false, "Join Filter": "(mi.info_type_id = it1.id)", "Rows Removed by Join Filter": 2376, "Plans": [{"Node Type": "Index Scan", "Parent Relationship": "Outer", "Scan Direction": "Forward", "Index Name": "info_type_pkey", "Relation Name": "info_type", "Alias": "it1", "Startup Cost": 0.0, "Total Cost": 14.21, "Plan Rows": 1, "Plan Width": 4, "Actual Startup Time": 0.028, "Actual Total Time": 0.085, "Actual Rows": 1, "Actual Loops": 1, "Filter": "((info)::text = 'genres'::text)", "Rows Removed by Filter": 111}, {"Node Type": "Nested Loop", "Parent Relationship": "Inner", "Join Type": "Inner", "Startup Cost": 0.0, "Total Cost": 380590.58, "Plan Rows": 229029, "Plan Width": 59, "Actual Startup Time": 0.76, "Actual Total Time": 9469.385, "Actual Rows": 104892, "Actual Loops": 1, "Inner Unique": false, "Plans": [{"Node Type": "Nested Loop", "Parent Relationship": "Outer", "Join Type": "Inner", "Startup Cost": 0.0, "Total Cost": 38338.2, "Plan Rows": 345008, "Plan Width": 9, "Actual Startup Time": 0.072, "Actual Total Time": 397.046, "Actual Rows": 459925, "Actual Loops": 1, "Inner Unique": false, "Plans": [{"Node Type": "Index Scan", "Parent Relationship": "Outer", "Scan Direction": "Forward", "Index Name": "info_type_pkey", "Relation Name": "info_type", "Alias": "it2", "Startup Cost": 0.0, "Total Cost": 14.21, "Plan Rows": 1, "Plan Width": 4, "Actual Startup Time": 0.054, "Actual Total Time": 0.212, "Actual Rows": 1, "Actual Loops": 1, "Filter": "((info)::text = 'votes'::text)", "Rows Removed by Filter": 111}, {"Node Type": "Index Scan", "Parent Relationship": "Inner", "Scan Direction": "Forward", "Index Name": "info_type_id_movie_info_idx", "Relation Name": "movie_info_idx", "Alias": "mi_idx", "Startup Cost": 0.0, "Total Cost": 34873.91, "Plan Rows": 345008, "Plan Width": 13, "Actual Startup Time": 0.015, "Actual Total Time": 288.249, "Actual Rows": 459925, "Actual Loops": 1, "Index Cond": "(info_type_id = it2.id), (LLVM Optimized, Jit Execute)", "Rows Removed by Index Recheck": 0}]}, {"Node Type": "Index Scan", "Parent Relationship": "Inner", "Scan Direction": "Forward", "Index Name": "movie_id_movie_info", "Relation Name": "movie_info", "Alias": "mi", "Startup Cost": 0.0, "Total Cost": 0.98, "Plan Rows": 1, "Plan Width": 50, "Actual Startup Time": 8639.279, "Actual Total Time": 8804.256, "Actual Rows": 104892, "Actual Loops": 459925, "Index Cond": "(movie_id = mi_idx.movie_id)", "Rows Removed by Index Recheck": 0, "Filter": "((info)::text = ANY ('{Horror,Action,Sci-Fi,Thriller,Crime,War}'::text[]))", "Rows Removed by Filter": 6825442}]}]}, {"Node Type": "Index Scan", "Parent Relationship": "Inner", "Scan Direction": "Forward", "Index Name": "title_pkey", "Relation Name": "title", "Alias": "t", "Startup Cost": 0.0, "Total Cost": 0.4, "Plan Rows": 1, "Plan Width": 21, "Actual Startup Time": 452.698, "Actual Total Time": 452.698, "Actual Rows": 102516, "Actual Loops": 102516, "Index Cond": "(id = mi_idx.movie_id)", "Rows Removed by Index Recheck": 0}]}, {"Node Type": "Index Scan", "Parent Relationship": "Inner", "Scan Direction": "Forward", "Index Name": "movie_id_cast_info", "Relation Name": "cast_info", "Alias": "ci", "Startup Cost": 0.0, "Total Cost": 1.01, "Plan Rows": 1, "Plan Width": 8, "Actual Startup Time": 7176.634, "Actual Total Time": 8423.011, "Actual Rows": 54155, "Actual Loops": 102516, "Index Cond": "(movie_id = t.id)", "Rows Removed by Index Recheck": 0, "Filter": "((note)::text = ANY ('{(writer),\"(head writer)\",\"(written by)\",(story),\"(story editor)\"}'::text[]))", "Rows Removed by Filter": 3987641}]}, {"Node Type": "Index Scan", "Parent Relationship": "Inner", "Scan Direction": "Forward", "Index Name": "name_pkey", "Relation Name": "name", "Alias": "n", "Startup Cost": 0.0, "Total Cost": 0.49, "Plan Rows": 1, "Plan Width": 4, "Actual Startup Time": 365.599, "Actual Total Time": 365.599, "Actual Rows": 28073, "Actual Loops": 54155, "Index Cond": "(id = ci.person_id)", "Rows Removed by Index Recheck": 0, "Filter": "((gender)::text = 'm'::text)", "Rows Removed by Filter": 26082}]}]}, "Triggers": [], "Planner Runtime": 6, "Total Runtime": 19047.819, "Unique SQL Id": 3913857139}}, "(64, 26)": {"explain_plan": {"Plan": {"Node Type": "Aggregate", "Strategy": "Plain", "Startup Cost": 853826.11, "Total Cost": 853826.14, "Plan Rows": 1, "Plan Width": 160, "Plans": [{"Node Type": "Streaming(type: LOCAL GATHER dop: 1/64)", "Parent Relationship": "Outer", "Startup Cost": 853826.11, "Total Cost": 853826.14, "Plan Rows": 1, "Plan Width": 160, "Plans": [{"Node Type": "Aggregate", "Strategy": "Plain", "Parent Relationship": "Outer", "Startup Cost": 853826.11, "Total Cost": 853826.12, "Plan Rows": 1, "Plan Width": 160, "Plans": [{"Node Type": "Nested Loop", "Parent Relationship": "Outer", "Join Type": "Inner", "Startup Cost": 145102.19, "Total Cost": 853815.51, "Plan Rows": 1413, "Plan Width": 64, "Inner Unique": false, "Join Filter": "(ci.person_id = n.id)", "Plans": [{"Node Type": "Streaming(type: LOCAL REDISTRIBUTE dop: 64/64)", "Parent Relationship": "Outer", "Startup Cost": 0.0, "Total Cost": 129265.96, "Plan Rows": 1740714, "Plan Width": 4, "Plans": [{"Node Type": "Seq Scan", "Parent Relationship": "Outer", "Relation Name": "name", "Alias": "n", "Startup Cost": 0.0, "Total Cost": 64617.04, "Plan Rows": 1740714, "Plan Width": 4, "Filter": "((gender)::text = 'm'::text), (LLVM Optimized)"}]}, {"Node Type": "Materialize", "Parent Relationship": "Inner", "Startup Cost": 145102.19, "Total Cost": 717186.83, "Plan Rows": 1155, "Plan Width": 68, "Plans": [{"Node Type": "Streaming(type: LOCAL REDISTRIBUTE dop: 64/64)", "Parent Relationship": "Outer", "Startup Cost": 145102.19, "Total Cost": 717186.74, "Plan Rows": 1155, "Plan Width": 68, "Plans": [{"Node Type": "Nested Loop", "Parent Relationship": "Outer", "Join Type": "Inner", "Startup Cost": 145102.19, "Total Cost": 654185.65, "Plan Rows": 1155, "Plan Width": 68, "Inner Unique": false, "Join Filter": "(mi.movie_id = t.id)", "Plans": [{"Node Type": "Streaming(type: LOCAL REDISTRIBUTE dop: 64/1)", "Parent Relationship": "Outer", "Startup Cost": 0.0, "Total Cost": 225794.09, "Plan Rows": 2528311, "Plan Width": 21, "Plans": [{"Node Type": "Seq Scan", "Parent Relationship": "Outer", "Relation Name": "title", "Alias": "t", "Startup Cost": 0.0, "Total Cost": 60069.11, "Plan Rows": 2528311, "Plan Width": 21}]}, {"Node Type": "Materialize", "Parent Relationship": "Inner", "Startup Cost": 145102.19, "Total Cost": 417697.52, "Plan Rows": 1155, "Plan Width": 63, "Plans": [{"Node Type": "Streaming(type: LOCAL REDISTRIBUTE dop: 64/64)", "Parent Relationship": "Outer", "Startup Cost": 145102.19, "Total Cost": 417697.43, "Plan Rows": 1155, "Plan Width": 63, "Plans": [{"Node Type": "Nested Loop", "Parent Relationship": "Outer", "Join Type": "Inner", "Startup Cost": 145102.19, "Total Cost": 354696.33, "Plan Rows": 1155, "Plan Width": 63, "Inner Unique": false, "Join Filter": "(mi.movie_id = ci.movie_id)", "Plans": [{"Node Type": "Streaming(type: LOCAL REDISTRIBUTE dop: 64/64)", "Parent Relationship": "Outer", "Startup Cost": 0.0, "Total Cost": 140103.96, "Plan Rows": 1223154, "Plan Width": 8, "Plans": [{"Node Type": "Seq Scan", "Parent Relationship": "Outer", "Relation Name": "cast_info", "Alias": "ci", "Startup Cost": 0.0, "Total Cost": 75945.31, "Plan Rows": 1223154, "Plan Width": 8, "Filter": "((note)::text = ANY ('{(writer),\"(head writer)\",\"(written by)\",(story),\"(story editor)\"}'::text[]))"}]}, {"Node Type": "Materialize", "Parent Relationship": "Inner", "Startup Cost": 145102.19, "Total Cost": 209916.0, "Plan Rows": 1044, "Plan Width": 55, "Plans": [{"Node Type": "Streaming(type: LOCAL REDISTRIBUTE dop: 64/1)", "Parent Relationship": "Outer", "Startup Cost": 145102.19, "Total Cost": 209915.92, "Plan Rows": 1044, "Plan Width": 55, "Plans": [{"Node Type": "Merge Join", "Parent Relationship": "Outer", "Join Type": "Inner", "Startup Cost": 145102.19, "Total Cost": 146873.5, "Plan Rows": 1044, "Plan Width": 55, "Inner Unique": false, "Merge Cond": "(mi.movie_id = mi_idx.movie_id)", "Plans": [{"Node Type": "Sort", "Parent Relationship": "Outer", "Startup Cost": 75840.69, "Total Cost": 75847.48, "Plan Rows": 2717, "Plan Width": 46, "Sort Key": ["mi.movie_id"], "Plans": [{"Node Type": "Nested Loop", "Parent Relationship": "Outer", "Join Type": "Inner", "Startup Cost": 0.0, "Total Cost": 75685.72, "Plan Rows": 2717, "Plan Width": 46, "Inner Unique": false, "Join Filter": "(it1.id = mi.info_type_id)", "Plans": [{"Node Type": "Seq Scan", "Parent Relationship": "Outer", "Relation Name": "info_type", "Alias": "it1", "Startup Cost": 0.0, "Total Cost": 2.4, "Plan Rows": 1, "Plan Width": 4, "Filter": "((info)::text = 'genres'::text)"}, {"Node Type": "Materialize", "Parent Relationship": "Inner", "Startup Cost": 0.0, "Total Cost": 73781.62, "Plan Rows": 190170, "Plan Width": 50, "Plans": [{"Node Type": "Streaming(type: LOCAL GATHER dop: 1/64)", "Parent Relationship": "Outer", "Startup Cost": 0.0, "Total Cost": 73306.19, "Plan Rows": 190170, "Plan Width": 50, "Plans": [{"Node Type": "Seq Scan", "Parent Relationship": "Outer", "Relation Name": "movie_info", "Alias": "mi", "Startup Cost": 0.0, "Total Cost": 69383.01, "Plan Rows": 190170, "Plan Width": 50, "Filter": "((info)::text = ANY ('{Horror,Action,Sci-Fi,Thriller,Crime,War}'::text[]))"}]}]}]}]}, {"Node Type": "Sort", "Parent Relationship": "Inner", "Startup Cost": 69261.47, "Total Cost": 70123.99, "Plan Rows": 345008, "Plan Width": 9, "Sort Key": ["mi_idx.movie_id"], "Plans": [{"Node Type": "Nested Loop", "Parent Relationship": "Outer", "Join Type": "Inner", "Startup Cost": 0.0, "Total Cost": 37527.17, "Plan Rows": 345008, "Plan Width": 9, "Inner Unique": false, "Join Filter": "(it2.id = mi_idx.info_type_id), (LLVM Optimized)", "Plans": [{"Node Type": "Seq Scan", "Parent Relationship": "Outer", "Relation Name": "info_type", "Alias": "it2", "Startup Cost": 0.0, "Total Cost": 2.4, "Plan Rows": 1, "Plan Width": 4, "Filter": "((info)::text = 'votes'::text)"}, {"Node Type": "Seq Scan", "Parent Relationship": "Inner", "Relation Name": "movie_info_idx", "Alias": "mi_idx", "Startup Cost": 0.0, "Total Cost": 20274.34, "Plan Rows": 1380034, "Plan Width": 13}]}]}]}]}]}]}]}]}]}]}]}]}]}]}]}, "Unique SQL Id": 3913857139, "Planner Runtime": 19}, "explain_analyze_plan": null}, "(64, 27)": {"explain_plan": {"Plan": {"Node Type": "Aggregate", "Strategy": "Plain", "Startup Cost": 6974941462121.7, "Total Cost": 6974941462121.71, "Plan Rows": 1, "Plan Width": 160, "Plans": [{"Node Type": "Merge Join", "Parent Relationship": "Outer", "Join Type": "Inner", "Startup Cost": 70000000000.0, "Total Cost": 6974941462111.11, "Plan Rows": 1413, "Plan Width": 64, "Inner Unique": true, "Merge Cond": "(ci.person_id = n.id)", "Plans": [{"Node Type": "Nested Loop", "Parent Relationship": "Outer", "Join Type": "Inner", "Startup Cost": 60000000000.0, "Total Cost": 6000433185113.17, "Plan Rows": 1155, "Plan Width": 68, "Inner Unique": true, "Join Filter": "(mi.movie_id = t.id)", "Plans": [{"Node Type": "Nested Loop", "Parent Relationship": "Outer", "Join Type": "Inner", "Startup Cost": 50000000000.0, "Total Cost": 5000378363755.41, "Plan Rows": 1155, "Plan Width": 63, "Inner Unique": false, "Join Filter": "(mi_idx.movie_id = mi.movie_id)", "Plans": [{"Node Type": "Nested Loop", "Parent Relationship": "Outer", "Join Type": "Inner", "Startup Cost": 30000000000.0, "Total Cost": 3000358134325.29, "Plan Rows": 3006, "Plan Width": 54, "Inner Unique": false, "Join Filter": "(mi.movie_id = ci.movie_id)", "Plans": [{"Node Type": "Index Scan", "Parent Relationship": "Outer", "Scan Direction": "Forward", "Index Name": "person_id_cast_info", "Relation Name": "cast_info", "Alias": "ci", "Startup Cost": 10000000000.0, "Total Cost": 1000193311016.96, "Plan Rows": 1223154, "Plan Width": 8, "Filter": "((note)::text = ANY ('{(writer),\"(head writer)\",\"(written by)\",(story),\"(story editor)\"}'::text[]))"}, {"Node Type": "Materialize", "Parent Relationship": "Inner", "Startup Cost": 20000000000.0, "Total Cost": 2000114973673.85, "Plan Rows": 2717, "Plan Width": 46, "Plans": [{"Node Type": "Nested Loop", "Parent Relationship": "Outer", "Join Type": "Inner", "Startup Cost": 20000000000.0, "Total Cost": 2000114973660.27, "Plan Rows": 2717, "Plan Width": 46, "Inner Unique": true, "Join Filter": "(it1.id = mi.info_type_id)", "Plans": [{"Node Type": "Index Scan", "Parent Relationship": "Outer", "Scan Direction": "Forward", "Index Name": "movie_id_movie_info", "Relation Name": "movie_info", "Alias": "mi", "Startup Cost": 10000000000.0, "Total Cost": 1000114969386.72, "Plan Rows": 190170, "Plan Width": 50, "Filter": "((info)::text = ANY ('{Horror,Action,Sci-Fi,Thriller,Crime,War}'::text[]))"}, {"Node Type": "Materialize", "Parent Relationship": "Inner", "Startup Cost": 10000000000.0, "Total Cost": 1000000001421.0, "Plan Rows": 1, "Plan Width": 4, "Plans": [{"Node Type": "Index Scan", "Parent Relationship": "Outer", "Scan Direction": "Forward", "Index Name": "info_type_pkey", "Relation Name": "info_type", "Alias": "it1", "Startup Cost": 10000000000.0, "Total Cost": 1000000001421.0, "Plan Rows": 1, "Plan Width": 4, "Filter": "((info)::text = 'genres'::text)"}]}]}]}]}, {"Node Type": "Materialize", "Parent Relationship": "Inner", "Startup Cost": 20000000000.0, "Total Cost": 2000004673881.92, "Plan Rows": 345008, "Plan Width": 9, "Plans": [{"Node Type": "Nested Loop", "Parent Relationship": "Outer", "Join Type": "Inner", "Startup Cost": 20000000000.0, "Total Cost": 2000004672156.88, "Plan Rows": 345008, "Plan Width": 9, "Inner Unique": true, "Join Filter": "(it2.id = mi_idx.info_type_id), (LLVM Optimized)", "Plans": [{"Node Type": "Index Scan", "Parent Relationship": "Outer", "Scan Direction": "Forward", "Index Name": "movie_id_movie_info_idx", "Relation Name": "movie_info_idx", "Alias": "mi_idx", "Startup Cost": 10000000000.0, "Total Cost": 1000004650035.37, "Plan Rows": 1380034, "Plan Width": 13}, {"Node Type": "Materialize", "Parent Relationship": "Inner", "Startup Cost": 10000000000.0, "Total Cost": 1000000001421.0, "Plan Rows": 1, "Plan Width": 4, "Plans": [{"Node Type": "Index Scan", "Parent Relationship": "Outer", "Scan Direction": "Forward", "Index Name": "info_type_pkey", "Relation Name": "info_type", "Alias": "it2", "Startup Cost": 10000000000.0, "Total Cost": 1000000001421.0, "Plan Rows": 1, "Plan Width": 4, "Filter": "((info)::text = 'votes'::text)"}]}]}]}]}, {"Node Type": "Materialize", "Parent Relationship": "Inner", "Startup Cost": 10000000000.0, "Total Cost": 1000011024690.47, "Plan Rows": 2528311, "Plan Width": 21, "Plans": [{"Node Type": "Index Scan", "Parent Relationship": "Outer", "Scan Direction": "Forward", "Index Name": "title_pkey", "Relation Name": "title", "Alias": "t", "Startup Cost": 10000000000.0, "Total Cost": 1000011012048.91, "Plan Rows": 2528311, "Plan Width": 21}]}]}, {"Node Type": "Index Scan", "Parent Relationship": "Inner", "Scan Direction": "Forward", "Index Name": "name_pkey", "Relation Name": "name", "Alias": "n", "Startup Cost": 10000000000.0, "Total Cost": 1000018665147.2, "Plan Rows": 1740714, "Plan Width": 4, "Filter": "((gender)::text = 'm'::text), (LLVM Optimized)"}]}]}, "Unique SQL Id": 3913857139, "Planner Runtime": 120}, "explain_analyze_plan": null}, "(64, 28)": {"explain_plan": {"Plan": {"Node Type": "Aggregate", "Strategy": "Plain", "Startup Cost": 79308.04, "Total Cost": 79308.05, "Plan Rows": 1, "Plan Width": 160, "Plans": [{"Node Type": "Nested Loop", "Parent Relationship": "Outer", "Join Type": "Inner", "Startup Cost": 0.0, "Total Cost": 79297.45, "Plan Rows": 1413, "Plan Width": 64, "Inner Unique": true, "Plans": [{"Node Type": "Nested Loop", "Parent Relationship": "Outer", "Join Type": "Inner", "Startup Cost": 0.0, "Total Cost": 78718.18, "Plan Rows": 1155, "Plan Width": 68, "Inner Unique": false, "Plans": [{"Node Type": "Nested Loop", "Parent Relationship": "Outer", "Join Type": "Inner", "Startup Cost": 0.0, "Total Cost": 77656.55, "Plan Rows": 1044, "Plan Width": 76, "Inner Unique": true, "Join Filter": "(mi.movie_id = t.id)", "Plans": [{"Node Type": "Nested Loop", "Parent Relationship": "Outer", "Join Type": "Inner", "Startup Cost": 0.0, "Total Cost": 77228.36, "Plan Rows": 1044, "Plan Width": 55, "Inner Unique": false, "Join Filter": "(mi_idx.info_type_id = it2.id)", "Plans": [{"Node Type": "Seq Scan", "Parent Relationship": "Outer", "Relation Name": "info_type", "Alias": "it2", "Startup Cost": 0.0, "Total Cost": 2.4, "Plan Rows": 1, "Plan Width": 4, "Filter": "((info)::text = 'votes'::text)"}, {"Node Type": "Nested Loop", "Parent Relationship": "Inner", "Join Type": "Inner", "Startup Cost": 0.0, "Total Cost": 77173.77, "Plan Rows": 4175, "Plan Width": 59, "Inner Unique": false, "Plans": [{"Node Type": "Nested Loop", "Parent Relationship": "Outer", "Join Type": "Inner", "Startup Cost": 0.0, "Total Cost": 75685.72, "Plan Rows": 2717, "Plan Width": 46, "Inner Unique": false, "Join Filter": "(it1.id = mi.info_type_id)", "Plans": [{"Node Type": "Seq Scan", "Parent Relationship": "Outer", "Relation Name": "info_type", "Alias": "it1", "Startup Cost": 0.0, "Total Cost": 2.4, "Plan Rows": 1, "Plan Width": 4, "Filter": "((info)::text = 'genres'::text)"}, {"Node Type": "Materialize", "Parent Relationship": "Inner", "Startup Cost": 0.0, "Total Cost": 73781.62, "Plan Rows": 190170, "Plan Width": 50, "Plans": [{"Node Type": "Streaming(type: LOCAL GATHER dop: 1/64)", "Parent Relationship": "Outer", "Startup Cost": 0.0, "Total Cost": 73306.19, "Plan Rows": 190170, "Plan Width": 50, "Plans": [{"Node Type": "Seq Scan", "Parent Relationship": "Outer", "Relation Name": "movie_info", "Alias": "mi", "Startup Cost": 0.0, "Total Cost": 69383.01, "Plan Rows": 190170, "Plan Width": 50, "Filter": "((info)::text = ANY ('{Horror,Action,Sci-Fi,Thriller,Crime,War}'::text[]))"}]}]}]}, {"Node Type": "Index Scan", "Parent Relationship": "Inner", "Scan Direction": "Forward", "Index Name": "movie_id_movie_info_idx", "Relation Name": "movie_info_idx", "Alias": "mi_idx", "Startup Cost": 0.0, "Total Cost": 0.53, "Plan Rows": 2, "Plan Width": 13, "Index Cond": "(movie_id = mi.movie_id)"}]}]}, {"Node Type": "Index Scan", "Parent Relationship": "Inner", "Scan Direction": "Forward", "Index Name": "title_pkey", "Relation Name": "title", "Alias": "t", "Startup Cost": 0.0, "Total Cost": 0.4, "Plan Rows": 1, "Plan Width": 21, "Index Cond": "(id = mi_idx.movie_id)"}]}, {"Node Type": "Index Scan", "Parent Relationship": "Inner", "Scan Direction": "Forward", "Index Name": "movie_id_cast_info", "Relation Name": "cast_info", "Alias": "ci", "Startup Cost": 0.0, "Total Cost": 1.01, "Plan Rows": 1, "Plan Width": 8, "Index Cond": "(movie_id = t.id)", "Filter": "((note)::text = ANY ('{(writer),\"(head writer)\",\"(written by)\",(story),\"(story editor)\"}'::text[]))"}]}, {"Node Type": "Index Scan", "Parent Relationship": "Inner", "Scan Direction": "Forward", "Index Name": "name_pkey", "Relation Name": "name", "Alias": "n", "Startup Cost": 0.0, "Total Cost": 0.49, "Plan Rows": 1, "Plan Width": 4, "Index Cond": "(id = ci.person_id)", "Filter": "((gender)::text = 'm'::text)"}]}]}, "Unique SQL Id": 3913857139, "Planner Runtime": 21}, "explain_analyze_plan": {"Plan": {"Node Type": "Aggregate", "Strategy": "Plain", "Startup Cost": 79308.04, "Total Cost": 79308.05, "Plan Rows": 1, "Plan Width": 160, "Actual Min Startup Time": 10680.124, "Actual Max Startup Time": 10680.124, "Actual Min Total Time": 10680.125, "Actual Max Total Time": 10680.125, "Plans": [{"Node Type": "Nested Loop", "Parent Relationship": "Outer", "Join Type": "Inner", "Startup Cost": 0.0, "Total Cost": 79297.45, "Plan Rows": 1413, "Plan Width": 64, "Actual Min Startup Time": 249.693, "Actual Max Startup Time": 249.693, "Actual Min Total Time": 10641.432, "Actual Max Total Time": 10641.432, "Inner Unique": true, "Plans": [{"Node Type": "Nested Loop", "Parent Relationship": "Outer", "Join Type": "Inner", "Startup Cost": 0.0, "Total Cost": 78718.18, "Plan Rows": 1155, "Plan Width": 68, "Actual Min Startup Time": 247.969, "Actual Max Startup Time": 247.969, "Actual Min Total Time": 10246.003, "Actual Max Total Time": 10246.003, "Inner Unique": false, "Plans": [{"Node Type": "Nested Loop", "Parent Relationship": "Outer", "Join Type": "Inner", "Startup Cost": 0.0, "Total Cost": 77656.55, "Plan Rows": 1044, "Plan Width": 76, "Actual Min Startup Time": 247.349, "Actual Max Startup Time": 247.349, "Actual Min Total Time": 1811.85, "Actual Max Total Time": 1811.85, "Inner Unique": true, "Join Filter": "(mi.movie_id = t.id)", "Rows Removed by Join Filter": 0, "Plans": [{"Node Type": "Nested Loop", "Parent Relationship": "Outer", "Join Type": "Inner", "Startup Cost": 0.0, "Total Cost": 77228.36, "Plan Rows": 1044, "Plan Width": 55, "Actual Min Startup Time": 247.331, "Actual Max Startup Time": 247.331, "Actual Min Total Time": 1273.326, "Actual Max Total Time": 1273.326, "Inner Unique": false, "Join Filter": "(mi_idx.info_type_id = it2.id)", "Rows Removed by Join Filter": 205269, "Plans": [{"Node Type": "Seq Scan", "Parent Relationship": "Outer", "Relation Name": "info_type", "Alias": "it2", "Startup Cost": 0.0, "Total Cost": 2.4, "Plan Rows": 1, "Plan Width": 4, "Actual Min Startup Time": 0.086, "Actual Max Startup Time": 0.086, "Actual Min Total Time": 0.096, "Actual Max Total Time": 0.096, "Filter": "((info)::text = 'votes'::text)", "Rows Removed by Filter": 111, "Actual Rows": 1}, {"Node Type": "Nested Loop", "Parent Relationship": "Inner", "Join Type": "Inner", "Startup Cost": 0.0, "Total Cost": 77173.77, "Plan Rows": 4175, "Plan Width": 59, "Actual Min Startup Time": 247.225, "Actual Max Startup Time": 247.225, "Actual Min Total Time": 1183.67, "Actual Max Total Time": 1183.67, "Inner Unique": false, "Plans": [{"Node Type": "Nested Loop", "Parent Relationship": "Outer", "Join Type": "Inner", "Startup Cost": 0.0, "Total Cost": 75685.72, "Plan Rows": 2717, "Plan Width": 46, "Actual Min Startup Time": 247.195, "Actual Max Startup Time": 247.195, "Actual Min Total Time": 356.202, "Actual Max Total Time": 356.202, "Inner Unique": false, "Join Filter": "(it1.id = mi.info_type_id)", "Rows Removed by Join Filter": 2377, "Plans": [{"Node Type": "Seq Scan", "Parent Relationship": "Outer", "Relation Name": "info_type", "Alias": "it1", "Startup Cost": 0.0, "Total Cost": 2.4, "Plan Rows": 1, "Plan Width": 4, "Actual Min Startup Time": 0.047, "Actual Max Startup Time": 0.047, "Actual Min Total Time": 0.081, "Actual Max Total Time": 0.081, "Filter": "((info)::text = 'genres'::text)", "Rows Removed by Filter": 111, "Actual Rows": 1}, {"Node Type": "Materialize", "Parent Relationship": "Inner", "Startup Cost": 0.0, "Total Cost": 73781.62, "Plan Rows": 190170, "Plan Width": 50, "Actual Min Startup Time": 247.015, "Actual Max Startup Time": 247.015, "Actual Min Total Time": 279.819, "Actual Max Total Time": 279.819, "Plans": [{"Node Type": "Streaming(type: LOCAL GATHER dop: 1/64)", "Parent Relationship": "Outer", "Startup Cost": 0.0, "Total Cost": 73306.19, "Plan Rows": 190170, "Plan Width": 50, "Actual Min Startup Time": 127.593, "Actual Max Startup Time": 127.593, "Actual Min Total Time": 219.435, "Actual Max Total Time": 219.435, "Plans": [{"Node Type": "Seq Scan", "Parent Relationship": "Outer", "Relation Name": "movie_info", "Alias": "mi", "Startup Cost": 0.0, "Total Cost": 69383.01, "Plan Rows": 190170, "Plan Width": 50, "Actual Min Startup Time": 55.284, "Actual Max Startup Time": 120.939, "Actual Min Total Time": 110.672, "Actual Max Total Time": 131.365, "Filter": "((info)::text = ANY ('{Horror,Action,Sci-Fi,Thriller,Crime,War}'::text[]))", "Rows Removed by Filter": 14646748, "Actual Rows": 188971}], "Actual Rows": 188971}], "Actual Rows": 188972}], "Actual Rows": 186594}, {"Node Type": "Index Scan", "Parent Relationship": "Inner", "Scan Direction": "Forward", "Index Name": "movie_id_movie_info_idx", "Relation Name": "movie_info_idx", "Alias": "mi_idx", "Startup Cost": 0.0, "Total Cost": 0.53, "Plan Rows": 2, "Plan Width": 13, "Actual Min Startup Time": 538.447, "Actual Max Startup Time": 538.447, "Actual Min Total Time": 656.885, "Actual Max Total Time": 656.885, "Index Cond": "(movie_id = mi.movie_id)", "Rows Removed by Index Recheck": 0, "Actual Rows": 307785}], "Actual Rows": 307785}], "Actual Rows": 102516}, {"Node Type": "Index Scan", "Parent Relationship": "Inner", "Scan Direction": "Forward", "Index Name": "title_pkey", "Relation Name": "title", "Alias": "t", "Startup Cost": 0.0, "Total Cost": 0.4, "Plan Rows": 1, "Plan Width": 21, "Actual Min Startup Time": 432.22, "Actual Max Startup Time": 432.22, "Actual Min Total Time": 432.22, "Actual Max Total Time": 432.22, "Index Cond": "(id = mi_idx.movie_id)", "Rows Removed by Index Recheck": 0, "Actual Rows": 102516}], "Actual Rows": 102516}, {"Node Type": "Index Scan", "Parent Relationship": "Inner", "Scan Direction": "Forward", "Index Name": "movie_id_cast_info", "Relation Name": "cast_info", "Alias": "ci", "Startup Cost": 0.0, "Total Cost": 1.01, "Plan Rows": 1, "Plan Width": 8, "Actual Min Startup Time": 7123.336, "Actual Max Startup Time": 7123.336, "Actual Min Total Time": 8361.98, "Actual Max Total Time": 8361.98, "Index Cond": "(movie_id = t.id)", "Rows Removed by Index Recheck": 0, "Filter": "((note)::text = ANY ('{(writer),\"(head writer)\",\"(written by)\",(story),\"(story editor)\"}'::text[]))", "Rows Removed by Filter": 3987641, "Actual Rows": 54155}], "Actual Rows": 54155}, {"Node Type": "Index Scan", "Parent Relationship": "Inner", "Scan Direction": "Forward", "Index Name": "name_pkey", "Relation Name": "name", "Alias": "n", "Startup Cost": 0.0, "Total Cost": 0.49, "Plan Rows": 1, "Plan Width": 4, "Actual Min Startup Time": 352.775, "Actual Max Startup Time": 352.775, "Actual Min Total Time": 352.775, "Actual Max Total Time": 352.775, "Index Cond": "(id = ci.person_id)", "Rows Removed by Index Recheck": 0, "Filter": "((gender)::text = 'm'::text)", "Rows Removed by Filter": 26082, "Actual Rows": 28073}], "Actual Rows": 28073}], "Actual Rows": 1}, "Triggers": [], "Planner Runtime": 7, "Total Runtime": 10691.468, "Unique SQL Id": 3913857139}}, "(64, 29)": {"explain_plan": {"Plan": {"Node Type": "Aggregate", "Strategy": "Plain", "Startup Cost": 385547.34, "Total Cost": 385547.35, "Plan Rows": 1, "Plan Width": 160, "Plans": [{"Node Type": "Nested Loop", "Parent Relationship": "Outer", "Join Type": "Inner", "Startup Cost": 0.0, "Total Cost": 385536.75, "Plan Rows": 1413, "Plan Width": 64, "Inner Unique": true, "Plans": [{"Node Type": "Nested Loop", "Parent Relationship": "Outer", "Join Type": "Inner", "Startup Cost": 0.0, "Total Cost": 384957.48, "Plan Rows": 1155, "Plan Width": 68, "Inner Unique": false, "Plans": [{"Node Type": "Nested Loop", "Parent Relationship": "Outer", "Join Type": "Inner", "Startup Cost": 0.0, "Total Cost": 383895.85, "Plan Rows": 1044, "Plan Width": 76, "Inner Unique": true, "Join Filter": "(mi.movie_id = t.id)", "Plans": [{"Node Type": "Nested Loop", "Parent Relationship": "Outer", "Join Type": "Inner", "Startup Cost": 0.0, "Total Cost": 383467.66, "Plan Rows": 1044, "Plan Width": 55, "Inner Unique": false, "Join Filter": "(mi.info_type_id = it1.id)", "Plans": [{"Node Type": "Index Scan", "Parent Relationship": "Outer", "Scan Direction": "Forward", "Index Name": "info_type_pkey", "Relation Name": "info_type", "Alias": "it1", "Startup Cost": 0.0, "Total Cost": 14.21, "Plan Rows": 1, "Plan Width": 4, "Filter": "((info)::text = 'genres'::text)"}, {"Node Type": "Nested Loop", "Parent Relationship": "Inner", "Join Type": "Inner", "Startup Cost": 0.0, "Total Cost": 380590.58, "Plan Rows": 229029, "Plan Width": 59, "Inner Unique": false, "Plans": [{"Node Type": "Nested Loop", "Parent Relationship": "Outer", "Join Type": "Inner", "Startup Cost": 0.0, "Total Cost": 38338.2, "Plan Rows": 345008, "Plan Width": 9, "Inner Unique": false, "Plans": [{"Node Type": "Index Scan", "Parent Relationship": "Outer", "Scan Direction": "Forward", "Index Name": "info_type_pkey", "Relation Name": "info_type", "Alias": "it2", "Startup Cost": 0.0, "Total Cost": 14.21, "Plan Rows": 1, "Plan Width": 4, "Filter": "((info)::text = 'votes'::text)"}, {"Node Type": "Index Scan", "Parent Relationship": "Inner", "Scan Direction": "Forward", "Index Name": "info_type_id_movie_info_idx", "Relation Name": "movie_info_idx", "Alias": "mi_idx", "Startup Cost": 0.0, "Total Cost": 34873.91, "Plan Rows": 345008, "Plan Width": 13, "Index Cond": "(info_type_id = it2.id), (LLVM Optimized)"}]}, {"Node Type": "Index Scan", "Parent Relationship": "Inner", "Scan Direction": "Forward", "Index Name": "movie_id_movie_info", "Relation Name": "movie_info", "Alias": "mi", "Startup Cost": 0.0, "Total Cost": 0.98, "Plan Rows": 1, "Plan Width": 50, "Index Cond": "(movie_id = mi_idx.movie_id)", "Filter": "((info)::text = ANY ('{Horror,Action,Sci-Fi,Thriller,Crime,War}'::text[]))"}]}]}, {"Node Type": "Index Scan", "Parent Relationship": "Inner", "Scan Direction": "Forward", "Index Name": "title_pkey", "Relation Name": "title", "Alias": "t", "Startup Cost": 0.0, "Total Cost": 0.4, "Plan Rows": 1, "Plan Width": 21, "Index Cond": "(id = mi_idx.movie_id)"}]}, {"Node Type": "Index Scan", "Parent Relationship": "Inner", "Scan Direction": "Forward", "Index Name": "movie_id_cast_info", "Relation Name": "cast_info", "Alias": "ci", "Startup Cost": 0.0, "Total Cost": 1.01, "Plan Rows": 1, "Plan Width": 8, "Index Cond": "(movie_id = t.id)", "Filter": "((note)::text = ANY ('{(writer),\"(head writer)\",\"(written by)\",(story),\"(story editor)\"}'::text[]))"}]}, {"Node Type": "Index Scan", "Parent Relationship": "Inner", "Scan Direction": "Forward", "Index Name": "name_pkey", "Relation Name": "name", "Alias": "n", "Startup Cost": 0.0, "Total Cost": 0.49, "Plan Rows": 1, "Plan Width": 4, "Index Cond": "(id = ci.person_id)", "Filter": "((gender)::text = 'm'::text)"}]}]}, "Unique SQL Id": 3913857139, "Planner Runtime": 17}, "explain_analyze_plan": {"Plan": {"Node Type": "Aggregate", "Strategy": "Plain", "Startup Cost": 385547.34, "Total Cost": 385547.35, "Plan Rows": 1, "Plan Width": 160, "Actual Startup Time": 19038.718, "Actual Total Time": 19038.719, "Actual Rows": 1, "Actual Loops": 1, "Plans": [{"Node Type": "Nested Loop", "Parent Relationship": "Outer", "Join Type": "Inner", "Startup Cost": 0.0, "Total Cost": 385536.75, "Plan Rows": 1413, "Plan Width": 64, "Actual Startup Time": 29.464, "Actual Total Time": 18993.643, "Actual Rows": 28073, "Actual Loops": 1, "Inner Unique": true, "Plans": [{"Node Type": "Nested Loop", "Parent Relationship": "Outer", "Join Type": "Inner", "Startup Cost": 0.0, "Total Cost": 384957.48, "Plan Rows": 1155, "Plan Width": 68, "Actual Startup Time": 14.609, "Actual Total Time": 18579.543, "Actual Rows": 54155, "Actual Loops": 1, "Inner Unique": false, "Plans": [{"Node Type": "Nested Loop", "Parent Relationship": "Outer", "Join Type": "Inner", "Startup Cost": 0.0, "Total Cost": 383895.85, "Plan Rows": 1044, "Plan Width": 76, "Actual Startup Time": 0.805, "Actual Total Time": 10083.062, "Actual Rows": 102516, "Actual Loops": 1, "Inner Unique": true, "Join Filter": "(mi.movie_id = t.id)", "Rows Removed by Join Filter": 0, "Plans": [{"Node Type": "Nested Loop", "Parent Relationship": "Outer", "Join Type": "Inner", "Startup Cost": 0.0, "Total Cost": 383467.66, "Plan Rows": 1044, "Plan Width": 55, "Actual Startup Time": 0.793, "Actual Total Time": 9512.208, "Actual Rows": 102516, "Actual Loops": 1, "Inner Unique": false, "Join Filter": "(mi.info_type_id = it1.id)", "Rows Removed by Join Filter": 2376, "Plans": [{"Node Type": "Index Scan", "Parent Relationship": "Outer", "Scan Direction": "Forward", "Index Name": "info_type_pkey", "Relation Name": "info_type", "Alias": "it1", "Startup Cost": 0.0, "Total Cost": 14.21, "Plan Rows": 1, "Plan Width": 4, "Actual Startup Time": 0.028, "Actual Total Time": 0.085, "Actual Rows": 1, "Actual Loops": 1, "Filter": "((info)::text = 'genres'::text)", "Rows Removed by Filter": 111}, {"Node Type": "Nested Loop", "Parent Relationship": "Inner", "Join Type": "Inner", "Startup Cost": 0.0, "Total Cost": 380590.58, "Plan Rows": 229029, "Plan Width": 59, "Actual Startup Time": 0.76, "Actual Total Time": 9469.385, "Actual Rows": 104892, "Actual Loops": 1, "Inner Unique": false, "Plans": [{"Node Type": "Nested Loop", "Parent Relationship": "Outer", "Join Type": "Inner", "Startup Cost": 0.0, "Total Cost": 38338.2, "Plan Rows": 345008, "Plan Width": 9, "Actual Startup Time": 0.072, "Actual Total Time": 397.046, "Actual Rows": 459925, "Actual Loops": 1, "Inner Unique": false, "Plans": [{"Node Type": "Index Scan", "Parent Relationship": "Outer", "Scan Direction": "Forward", "Index Name": "info_type_pkey", "Relation Name": "info_type", "Alias": "it2", "Startup Cost": 0.0, "Total Cost": 14.21, "Plan Rows": 1, "Plan Width": 4, "Actual Startup Time": 0.054, "Actual Total Time": 0.212, "Actual Rows": 1, "Actual Loops": 1, "Filter": "((info)::text = 'votes'::text)", "Rows Removed by Filter": 111}, {"Node Type": "Index Scan", "Parent Relationship": "Inner", "Scan Direction": "Forward", "Index Name": "info_type_id_movie_info_idx", "Relation Name": "movie_info_idx", "Alias": "mi_idx", "Startup Cost": 0.0, "Total Cost": 34873.91, "Plan Rows": 345008, "Plan Width": 13, "Actual Startup Time": 0.015, "Actual Total Time": 288.249, "Actual Rows": 459925, "Actual Loops": 1, "Index Cond": "(info_type_id = it2.id), (LLVM Optimized, Jit Execute)", "Rows Removed by Index Recheck": 0}]}, {"Node Type": "Index Scan", "Parent Relationship": "Inner", "Scan Direction": "Forward", "Index Name": "movie_id_movie_info", "Relation Name": "movie_info", "Alias": "mi", "Startup Cost": 0.0, "Total Cost": 0.98, "Plan Rows": 1, "Plan Width": 50, "Actual Startup Time": 8639.279, "Actual Total Time": 8804.256, "Actual Rows": 104892, "Actual Loops": 459925, "Index Cond": "(movie_id = mi_idx.movie_id)", "Rows Removed by Index Recheck": 0, "Filter": "((info)::text = ANY ('{Horror,Action,Sci-Fi,Thriller,Crime,War}'::text[]))", "Rows Removed by Filter": 6825442}]}]}, {"Node Type": "Index Scan", "Parent Relationship": "Inner", "Scan Direction": "Forward", "Index Name": "title_pkey", "Relation Name": "title", "Alias": "t", "Startup Cost": 0.0, "Total Cost": 0.4, "Plan Rows": 1, "Plan Width": 21, "Actual Startup Time": 452.698, "Actual Total Time": 452.698, "Actual Rows": 102516, "Actual Loops": 102516, "Index Cond": "(id = mi_idx.movie_id)", "Rows Removed by Index Recheck": 0}]}, {"Node Type": "Index Scan", "Parent Relationship": "Inner", "Scan Direction": "Forward", "Index Name": "movie_id_cast_info", "Relation Name": "cast_info", "Alias": "ci", "Startup Cost": 0.0, "Total Cost": 1.01, "Plan Rows": 1, "Plan Width": 8, "Actual Startup Time": 7176.634, "Actual Total Time": 8423.011, "Actual Rows": 54155, "Actual Loops": 102516, "Index Cond": "(movie_id = t.id)", "Rows Removed by Index Recheck": 0, "Filter": "((note)::text = ANY ('{(writer),\"(head writer)\",\"(written by)\",(story),\"(story editor)\"}'::text[]))", "Rows Removed by Filter": 3987641}]}, {"Node Type": "Index Scan", "Parent Relationship": "Inner", "Scan Direction": "Forward", "Index Name": "name_pkey", "Relation Name": "name", "Alias": "n", "Startup Cost": 0.0, "Total Cost": 0.49, "Plan Rows": 1, "Plan Width": 4, "Actual Startup Time": 365.599, "Actual Total Time": 365.599, "Actual Rows": 28073, "Actual Loops": 54155, "Index Cond": "(id = ci.person_id)", "Rows Removed by Index Recheck": 0, "Filter": "((gender)::text = 'm'::text)", "Rows Removed by Filter": 26082}]}]}, "Triggers": [], "Planner Runtime": 6, "Total Runtime": 19047.819, "Unique SQL Id": 3913857139}}, "(64, 30)": {"explain_plan": {"Plan": {"Node Type": "Aggregate", "Strategy": "Plain", "Startup Cost": 853826.11, "Total Cost": 853826.14, "Plan Rows": 1, "Plan Width": 160, "Plans": [{"Node Type": "Streaming(type: LOCAL GATHER dop: 1/64)", "Parent Relationship": "Outer", "Startup Cost": 853826.11, "Total Cost": 853826.14, "Plan Rows": 1, "Plan Width": 160, "Plans": [{"Node Type": "Aggregate", "Strategy": "Plain", "Parent Relationship": "Outer", "Startup Cost": 853826.11, "Total Cost": 853826.12, "Plan Rows": 1, "Plan Width": 160, "Plans": [{"Node Type": "Nested Loop", "Parent Relationship": "Outer", "Join Type": "Inner", "Startup Cost": 145102.19, "Total Cost": 853815.51, "Plan Rows": 1413, "Plan Width": 64, "Inner Unique": false, "Join Filter": "(ci.person_id = n.id)", "Plans": [{"Node Type": "Streaming(type: LOCAL REDISTRIBUTE dop: 64/64)", "Parent Relationship": "Outer", "Startup Cost": 0.0, "Total Cost": 129265.96, "Plan Rows": 1740714, "Plan Width": 4, "Plans": [{"Node Type": "Seq Scan", "Parent Relationship": "Outer", "Relation Name": "name", "Alias": "n", "Startup Cost": 0.0, "Total Cost": 64617.04, "Plan Rows": 1740714, "Plan Width": 4, "Filter": "((gender)::text = 'm'::text), (LLVM Optimized)"}]}, {"Node Type": "Materialize", "Parent Relationship": "Inner", "Startup Cost": 145102.19, "Total Cost": 717186.83, "Plan Rows": 1155, "Plan Width": 68, "Plans": [{"Node Type": "Streaming(type: LOCAL REDISTRIBUTE dop: 64/64)", "Parent Relationship": "Outer", "Startup Cost": 145102.19, "Total Cost": 717186.74, "Plan Rows": 1155, "Plan Width": 68, "Plans": [{"Node Type": "Nested Loop", "Parent Relationship": "Outer", "Join Type": "Inner", "Startup Cost": 145102.19, "Total Cost": 654185.65, "Plan Rows": 1155, "Plan Width": 68, "Inner Unique": false, "Join Filter": "(mi.movie_id = t.id)", "Plans": [{"Node Type": "Streaming(type: LOCAL REDISTRIBUTE dop: 64/1)", "Parent Relationship": "Outer", "Startup Cost": 0.0, "Total Cost": 225794.09, "Plan Rows": 2528311, "Plan Width": 21, "Plans": [{"Node Type": "Seq Scan", "Parent Relationship": "Outer", "Relation Name": "title", "Alias": "t", "Startup Cost": 0.0, "Total Cost": 60069.11, "Plan Rows": 2528311, "Plan Width": 21}]}, {"Node Type": "Materialize", "Parent Relationship": "Inner", "Startup Cost": 145102.19, "Total Cost": 417697.52, "Plan Rows": 1155, "Plan Width": 63, "Plans": [{"Node Type": "Streaming(type: LOCAL REDISTRIBUTE dop: 64/64)", "Parent Relationship": "Outer", "Startup Cost": 145102.19, "Total Cost": 417697.43, "Plan Rows": 1155, "Plan Width": 63, "Plans": [{"Node Type": "Nested Loop", "Parent Relationship": "Outer", "Join Type": "Inner", "Startup Cost": 145102.19, "Total Cost": 354696.33, "Plan Rows": 1155, "Plan Width": 63, "Inner Unique": false, "Join Filter": "(mi.movie_id = ci.movie_id)", "Plans": [{"Node Type": "Streaming(type: LOCAL REDISTRIBUTE dop: 64/64)", "Parent Relationship": "Outer", "Startup Cost": 0.0, "Total Cost": 140103.96, "Plan Rows": 1223154, "Plan Width": 8, "Plans": [{"Node Type": "Seq Scan", "Parent Relationship": "Outer", "Relation Name": "cast_info", "Alias": "ci", "Startup Cost": 0.0, "Total Cost": 75945.31, "Plan Rows": 1223154, "Plan Width": 8, "Filter": "((note)::text = ANY ('{(writer),\"(head writer)\",\"(written by)\",(story),\"(story editor)\"}'::text[]))"}]}, {"Node Type": "Materialize", "Parent Relationship": "Inner", "Startup Cost": 145102.19, "Total Cost": 209916.0, "Plan Rows": 1044, "Plan Width": 55, "Plans": [{"Node Type": "Streaming(type: LOCAL REDISTRIBUTE dop: 64/1)", "Parent Relationship": "Outer", "Startup Cost": 145102.19, "Total Cost": 209915.92, "Plan Rows": 1044, "Plan Width": 55, "Plans": [{"Node Type": "Merge Join", "Parent Relationship": "Outer", "Join Type": "Inner", "Startup Cost": 145102.19, "Total Cost": 146873.5, "Plan Rows": 1044, "Plan Width": 55, "Inner Unique": false, "Merge Cond": "(mi.movie_id = mi_idx.movie_id)", "Plans": [{"Node Type": "Sort", "Parent Relationship": "Outer", "Startup Cost": 75840.69, "Total Cost": 75847.48, "Plan Rows": 2717, "Plan Width": 46, "Sort Key": ["mi.movie_id"], "Plans": [{"Node Type": "Nested Loop", "Parent Relationship": "Outer", "Join Type": "Inner", "Startup Cost": 0.0, "Total Cost": 75685.72, "Plan Rows": 2717, "Plan Width": 46, "Inner Unique": false, "Join Filter": "(it1.id = mi.info_type_id)", "Plans": [{"Node Type": "Seq Scan", "Parent Relationship": "Outer", "Relation Name": "info_type", "Alias": "it1", "Startup Cost": 0.0, "Total Cost": 2.4, "Plan Rows": 1, "Plan Width": 4, "Filter": "((info)::text = 'genres'::text)"}, {"Node Type": "Materialize", "Parent Relationship": "Inner", "Startup Cost": 0.0, "Total Cost": 73781.62, "Plan Rows": 190170, "Plan Width": 50, "Plans": [{"Node Type": "Streaming(type: LOCAL GATHER dop: 1/64)", "Parent Relationship": "Outer", "Startup Cost": 0.0, "Total Cost": 73306.19, "Plan Rows": 190170, "Plan Width": 50, "Plans": [{"Node Type": "Seq Scan", "Parent Relationship": "Outer", "Relation Name": "movie_info", "Alias": "mi", "Startup Cost": 0.0, "Total Cost": 69383.01, "Plan Rows": 190170, "Plan Width": 50, "Filter": "((info)::text = ANY ('{Horror,Action,Sci-Fi,Thriller,Crime,War}'::text[]))"}]}]}]}]}, {"Node Type": "Sort", "Parent Relationship": "Inner", "Startup Cost": 69261.47, "Total Cost": 70123.99, "Plan Rows": 345008, "Plan Width": 9, "Sort Key": ["mi_idx.movie_id"], "Plans": [{"Node Type": "Nested Loop", "Parent Relationship": "Outer", "Join Type": "Inner", "Startup Cost": 0.0, "Total Cost": 37527.17, "Plan Rows": 345008, "Plan Width": 9, "Inner Unique": false, "Join Filter": "(it2.id = mi_idx.info_type_id), (LLVM Optimized)", "Plans": [{"Node Type": "Seq Scan", "Parent Relationship": "Outer", "Relation Name": "info_type", "Alias": "it2", "Startup Cost": 0.0, "Total Cost": 2.4, "Plan Rows": 1, "Plan Width": 4, "Filter": "((info)::text = 'votes'::text)"}, {"Node Type": "Seq Scan", "Parent Relationship": "Inner", "Relation Name": "movie_info_idx", "Alias": "mi_idx", "Startup Cost": 0.0, "Total Cost": 20274.34, "Plan Rows": 1380034, "Plan Width": 13}]}]}]}]}]}]}]}]}]}]}]}]}]}]}]}, "Unique SQL Id": 3913857139, "Planner Runtime": 19}, "explain_analyze_plan": null}, "(64, 31)": {"explain_plan": {"Plan": {"Node Type": "Aggregate", "Strategy": "Plain", "Startup Cost": 6974941462121.7, "Total Cost": 6974941462121.71, "Plan Rows": 1, "Plan Width": 160, "Plans": [{"Node Type": "Merge Join", "Parent Relationship": "Outer", "Join Type": "Inner", "Startup Cost": 70000000000.0, "Total Cost": 6974941462111.11, "Plan Rows": 1413, "Plan Width": 64, "Inner Unique": true, "Merge Cond": "(ci.person_id = n.id)", "Plans": [{"Node Type": "Nested Loop", "Parent Relationship": "Outer", "Join Type": "Inner", "Startup Cost": 60000000000.0, "Total Cost": 6000433185113.17, "Plan Rows": 1155, "Plan Width": 68, "Inner Unique": true, "Join Filter": "(mi.movie_id = t.id)", "Plans": [{"Node Type": "Nested Loop", "Parent Relationship": "Outer", "Join Type": "Inner", "Startup Cost": 50000000000.0, "Total Cost": 5000378363755.41, "Plan Rows": 1155, "Plan Width": 63, "Inner Unique": false, "Join Filter": "(mi_idx.movie_id = mi.movie_id)", "Plans": [{"Node Type": "Nested Loop", "Parent Relationship": "Outer", "Join Type": "Inner", "Startup Cost": 30000000000.0, "Total Cost": 3000358134325.29, "Plan Rows": 3006, "Plan Width": 54, "Inner Unique": false, "Join Filter": "(mi.movie_id = ci.movie_id)", "Plans": [{"Node Type": "Index Scan", "Parent Relationship": "Outer", "Scan Direction": "Forward", "Index Name": "person_id_cast_info", "Relation Name": "cast_info", "Alias": "ci", "Startup Cost": 10000000000.0, "Total Cost": 1000193311016.96, "Plan Rows": 1223154, "Plan Width": 8, "Filter": "((note)::text = ANY ('{(writer),\"(head writer)\",\"(written by)\",(story),\"(story editor)\"}'::text[]))"}, {"Node Type": "Materialize", "Parent Relationship": "Inner", "Startup Cost": 20000000000.0, "Total Cost": 2000114973673.85, "Plan Rows": 2717, "Plan Width": 46, "Plans": [{"Node Type": "Nested Loop", "Parent Relationship": "Outer", "Join Type": "Inner", "Startup Cost": 20000000000.0, "Total Cost": 2000114973660.27, "Plan Rows": 2717, "Plan Width": 46, "Inner Unique": true, "Join Filter": "(it1.id = mi.info_type_id)", "Plans": [{"Node Type": "Index Scan", "Parent Relationship": "Outer", "Scan Direction": "Forward", "Index Name": "movie_id_movie_info", "Relation Name": "movie_info", "Alias": "mi", "Startup Cost": 10000000000.0, "Total Cost": 1000114969386.72, "Plan Rows": 190170, "Plan Width": 50, "Filter": "((info)::text = ANY ('{Horror,Action,Sci-Fi,Thriller,Crime,War}'::text[]))"}, {"Node Type": "Materialize", "Parent Relationship": "Inner", "Startup Cost": 10000000000.0, "Total Cost": 1000000001421.0, "Plan Rows": 1, "Plan Width": 4, "Plans": [{"Node Type": "Index Scan", "Parent Relationship": "Outer", "Scan Direction": "Forward", "Index Name": "info_type_pkey", "Relation Name": "info_type", "Alias": "it1", "Startup Cost": 10000000000.0, "Total Cost": 1000000001421.0, "Plan Rows": 1, "Plan Width": 4, "Filter": "((info)::text = 'genres'::text)"}]}]}]}]}, {"Node Type": "Materialize", "Parent Relationship": "Inner", "Startup Cost": 20000000000.0, "Total Cost": 2000004673881.92, "Plan Rows": 345008, "Plan Width": 9, "Plans": [{"Node Type": "Nested Loop", "Parent Relationship": "Outer", "Join Type": "Inner", "Startup Cost": 20000000000.0, "Total Cost": 2000004672156.88, "Plan Rows": 345008, "Plan Width": 9, "Inner Unique": true, "Join Filter": "(it2.id = mi_idx.info_type_id), (LLVM Optimized)", "Plans": [{"Node Type": "Index Scan", "Parent Relationship": "Outer", "Scan Direction": "Forward", "Index Name": "movie_id_movie_info_idx", "Relation Name": "movie_info_idx", "Alias": "mi_idx", "Startup Cost": 10000000000.0, "Total Cost": 1000004650035.37, "Plan Rows": 1380034, "Plan Width": 13}, {"Node Type": "Materialize", "Parent Relationship": "Inner", "Startup Cost": 10000000000.0, "Total Cost": 1000000001421.0, "Plan Rows": 1, "Plan Width": 4, "Plans": [{"Node Type": "Index Scan", "Parent Relationship": "Outer", "Scan Direction": "Forward", "Index Name": "info_type_pkey", "Relation Name": "info_type", "Alias": "it2", "Startup Cost": 10000000000.0, "Total Cost": 1000000001421.0, "Plan Rows": 1, "Plan Width": 4, "Filter": "((info)::text = 'votes'::text)"}]}]}]}]}, {"Node Type": "Materialize", "Parent Relationship": "Inner", "Startup Cost": 10000000000.0, "Total Cost": 1000011024690.47, "Plan Rows": 2528311, "Plan Width": 21, "Plans": [{"Node Type": "Index Scan", "Parent Relationship": "Outer", "Scan Direction": "Forward", "Index Name": "title_pkey", "Relation Name": "title", "Alias": "t", "Startup Cost": 10000000000.0, "Total Cost": 1000011012048.91, "Plan Rows": 2528311, "Plan Width": 21}]}]}, {"Node Type": "Index Scan", "Parent Relationship": "Inner", "Scan Direction": "Forward", "Index Name": "name_pkey", "Relation Name": "name", "Alias": "n", "Startup Cost": 10000000000.0, "Total Cost": 1000018665147.2, "Plan Rows": 1740714, "Plan Width": 4, "Filter": "((gender)::text = 'm'::text), (LLVM Optimized)"}]}]}, "Unique SQL Id": 3913857139, "Planner Runtime": 69}, "explain_analyze_plan": null}, "(64, 32)": {"explain_plan": {"Plan": {"Node Type": "Aggregate", "Strategy": "Plain", "Startup Cost": 77671.24, "Total Cost": 77671.25, "Plan Rows": 1, "Plan Width": 160, "Plans": [{"Node Type": "Nested Loop", "Parent Relationship": "Outer", "Join Type": "Inner", "Startup Cost": 2.41, "Total Cost": 77660.64, "Plan Rows": 1413, "Plan Width": 64, "Inner Unique": true, "Plans": [{"Node Type": "Nested Loop", "Parent Relationship": "Outer", "Join Type": "Inner", "Startup Cost": 2.41, "Total Cost": 77081.37, "Plan Rows": 1155, "Plan Width": 68, "Inner Unique": false, "Plans": [{"Node Type": "Nested Loop", "Parent Relationship": "Outer", "Join Type": "Inner", "Startup Cost": 2.41, "Total Cost": 76019.74, "Plan Rows": 1044, "Plan Width": 76, "Inner Unique": true, "Join Filter": "(mi.movie_id = t.id)", "Plans": [{"Node Type": "Nested Loop", "Parent Relationship": "Outer", "Join Type": "Inner", "Startup Cost": 2.41, "Total Cost": 75591.55, "Plan Rows": 1044, "Plan Width": 55, "Inner Unique": false, "Join Filter": "(mi_idx.info_type_id = it2.id)", "Plans": [{"Node Type": "Seq Scan", "Parent Relationship": "Outer", "Relation Name": "info_type", "Alias": "it2", "Startup Cost": 0.0, "Total Cost": 2.4, "Plan Rows": 1, "Plan Width": 4, "Filter": "((info)::text = 'votes'::text)"}, {"Node Type": "Materialize", "Parent Relationship": "Inner", "Startup Cost": 2.41, "Total Cost": 75547.4, "Plan Rows": 4175, "Plan Width": 59, "Plans": [{"Node Type": "Nested Loop", "Parent Relationship": "Outer", "Join Type": "Inner", "Startup Cost": 2.41, "Total Cost": 75536.96, "Plan Rows": 4175, "Plan Width": 59, "Inner Unique": false, "Plans": [{"Node Type": "Hash Join", "Parent Relationship": "Outer", "Join Type": "Inner", "Startup Cost": 2.41, "Total Cost": 74048.91, "Plan Rows": 2717, "Plan Width": 46, "Inner Unique": true, "Hash Cond": "(mi.info_type_id = it1.id)", "Plans": [{"Node Type": "Streaming(type: LOCAL GATHER dop: 1/64)", "Parent Relationship": "Outer", "Startup Cost": 0.0, "Total Cost": 73306.19, "Plan Rows": 190170, "Plan Width": 50, "Plans": [{"Node Type": "Seq Scan", "Parent Relationship": "Outer", "Relation Name": "movie_info", "Alias": "mi", "Startup Cost": 0.0, "Total Cost": 69383.01, "Plan Rows": 190170, "Plan Width": 50, "Filter": "((info)::text = ANY ('{Horror,Action,Sci-Fi,Thriller,Crime,War}'::text[]))"}]}, {"Node Type": "Hash", "Parent Relationship": "Inner", "Startup Cost": 2.4, "Total Cost": 2.4, "Plan Rows": 1, "Plan Width": 4, "Plans": [{"Node Type": "Seq Scan", "Parent Relationship": "Outer", "Relation Name": "info_type", "Alias": "it1", "Startup Cost": 0.0, "Total Cost": 2.4, "Plan Rows": 1, "Plan Width": 4, "Filter": "((info)::text = 'genres'::text)"}]}]}, {"Node Type": "Index Scan", "Parent Relationship": "Inner", "Scan Direction": "Forward", "Index Name": "movie_id_movie_info_idx", "Relation Name": "movie_info_idx", "Alias": "mi_idx", "Startup Cost": 0.0, "Total Cost": 0.53, "Plan Rows": 2, "Plan Width": 13, "Index Cond": "(movie_id = mi.movie_id)"}]}]}]}, {"Node Type": "Index Scan", "Parent Relationship": "Inner", "Scan Direction": "Forward", "Index Name": "title_pkey", "Relation Name": "title", "Alias": "t", "Startup Cost": 0.0, "Total Cost": 0.4, "Plan Rows": 1, "Plan Width": 21, "Index Cond": "(id = mi_idx.movie_id)"}]}, {"Node Type": "Index Scan", "Parent Relationship": "Inner", "Scan Direction": "Forward", "Index Name": "movie_id_cast_info", "Relation Name": "cast_info", "Alias": "ci", "Startup Cost": 0.0, "Total Cost": 1.01, "Plan Rows": 1, "Plan Width": 8, "Index Cond": "(movie_id = t.id)", "Filter": "((note)::text = ANY ('{(writer),\"(head writer)\",\"(written by)\",(story),\"(story editor)\"}'::text[]))"}]}, {"Node Type": "Index Scan", "Parent Relationship": "Inner", "Scan Direction": "Forward", "Index Name": "name_pkey", "Relation Name": "name", "Alias": "n", "Startup Cost": 0.0, "Total Cost": 0.49, "Plan Rows": 1, "Plan Width": 4, "Index Cond": "(id = ci.person_id)", "Filter": "((gender)::text = 'm'::text)"}]}]}, "Unique SQL Id": 3913857139, "Planner Runtime": 48}, "explain_analyze_plan": {"Plan": {"Node Type": "Aggregate", "Strategy": "Plain", "Startup Cost": 77671.24, "Total Cost": 77671.25, "Plan Rows": 1, "Plan Width": 160, "Actual Min Startup Time": 9783.508, "Actual Max Startup Time": 9783.508, "Actual Min Total Time": 9783.509, "Actual Max Total Time": 9783.509, "Plans": [{"Node Type": "Nested Loop", "Parent Relationship": "Outer", "Join Type": "Inner", "Startup Cost": 2.41, "Total Cost": 77660.64, "Plan Rows": 1413, "Plan Width": 64, "Actual Min Startup Time": 1152.408, "Actual Max Startup Time": 1152.408, "Actual Min Total Time": 9742.428, "Actual Max Total Time": 9742.428, "Inner Unique": true, "Plans": [{"Node Type": "Nested Loop", "Parent Relationship": "Outer", "Join Type": "Inner", "Startup Cost": 2.41, "Total Cost": 77081.37, "Plan Rows": 1155, "Plan Width": 68, "Actual Min Startup Time": 1151.067, "Actual Max Startup Time": 1151.067, "Actual Min Total Time": 9371.761, "Actual Max Total Time": 9371.761, "Inner Unique": false, "Plans": [{"Node Type": "Nested Loop", "Parent Relationship": "Outer", "Join Type": "Inner", "Startup Cost": 2.41, "Total Cost": 76019.74, "Plan Rows": 1044, "Plan Width": 76, "Actual Min Startup Time": 1150.588, "Actual Max Startup Time": 1150.588, "Actual Min Total Time": 1851.533, "Actual Max Total Time": 1851.533, "Inner Unique": true, "Join Filter": "(mi.movie_id = t.id)", "Rows Removed by Join Filter": 0, "Plans": [{"Node Type": "Nested Loop", "Parent Relationship": "Outer", "Join Type": "Inner", "Startup Cost": 2.41, "Total Cost": 75591.55, "Plan Rows": 1044, "Plan Width": 55, "Actual Min Startup Time": 1150.561, "Actual Max Startup Time": 1150.561, "Actual Min Total Time": 1313.622, "Actual Max Total Time": 1313.622, "Inner Unique": false, "Join Filter": "(mi_idx.info_type_id = it2.id)", "Rows Removed by Join Filter": 205269, "Plans": [{"Node Type": "Seq Scan", "Parent Relationship": "Outer", "Relation Name": "info_type", "Alias": "it2", "Startup Cost": 0.0, "Total Cost": 2.4, "Plan Rows": 1, "Plan Width": 4, "Actual Min Startup Time": 0.056, "Actual Max Startup Time": 0.056, "Actual Min Total Time": 0.069, "Actual Max Total Time": 0.069, "Filter": "((info)::text = 'votes'::text)", "Rows Removed by Filter": 111, "Actual Rows": 1}, {"Node Type": "Materialize", "Parent Relationship": "Inner", "Startup Cost": 2.41, "Total Cost": 75547.4, "Plan Rows": 4175, "Plan Width": 59, "Actual Min Startup Time": 1150.491, "Actual Max Startup Time": 1150.491, "Actual Min Total Time": 1199.666, "Actual Max Total Time": 1199.666, "Plans": [{"Node Type": "Nested Loop", "Parent Relationship": "Outer", "Join Type": "Inner", "Startup Cost": 2.41, "Total Cost": 75536.96, "Plan Rows": 4175, "Plan Width": 59, "Actual Min Startup Time": 140.729, "Actual Max Startup Time": 140.729, "Actual Min Total Time": 1061.537, "Actual Max Total Time": 1061.537, "Inner Unique": false, "Plans": [{"Node Type": "Hash Join", "Parent Relationship": "Outer", "Join Type": "Inner", "Startup Cost": 2.41, "Total Cost": 74048.91, "Plan Rows": 2717, "Plan Width": 46, "Actual Min Startup Time": 140.692, "Actual Max Startup Time": 140.692, "Actual Min Total Time": 290.405, "Actual Max Total Time": 290.405, "Inner Unique": true, "Hash Cond": "(mi.info_type_id = it1.id)", "Plans": [{"Node Type": "Streaming(type: LOCAL GATHER dop: 1/64)", "Parent Relationship": "Outer", "Startup Cost": 0.0, "Total Cost": 73306.19, "Plan Rows": 190170, "Plan Width": 50, "Actual Min Startup Time": 122.916, "Actual Max Startup Time": 122.916, "Actual Min Total Time": 196.412, "Actual Max Total Time": 196.412, "Plans": [{"Node Type": "Seq Scan", "Parent Relationship": "Outer", "Relation Name": "movie_info", "Alias": "mi", "Startup Cost": 0.0, "Total Cost": 69383.01, "Plan Rows": 190170, "Plan Width": 50, "Actual Min Startup Time": 55.514, "Actual Max Startup Time": 109.982, "Actual Min Total Time": 109.636, "Actual Max Total Time": 142.334, "Filter": "((info)::text = ANY ('{Horror,Action,Sci-Fi,Thriller,Crime,War}'::text[]))", "Rows Removed by Filter": 14646748, "Actual Rows": 188971}], "Actual Rows": 188971}, {"Node Type": "Hash", "Parent Relationship": "Inner", "Startup Cost": 2.4, "Total Cost": 2.4, "Plan Rows": 1, "Plan Width": 4, "Actual Min Startup Time": 0.096, "Actual Max Startup Time": 0.096, "Actual Min Total Time": 0.096, "Actual Max Total Time": 0.096, "Max Hash Buckets": 32768, "Min Hash Buckets": 32768, "Max Hash Batches": 1, "Min Hash Batches": 1, "Max Original Hash Batches": 1, "Min Original Hash Batches": 1, "Max Peak Memory Usage": 1, "min Peak Memory Usage": 1, "Plans": [{"Node Type": "Seq Scan", "Parent Relationship": "Outer", "Relation Name": "info_type", "Alias": "it1", "Startup Cost": 0.0, "Total Cost": 2.4, "Plan Rows": 1, "Plan Width": 4, "Actual Min Startup Time": 0.063, "Actual Max Startup Time": 0.063, "Actual Min Total Time": 0.087, "Actual Max Total Time": 0.087, "Filter": "((info)::text = 'genres'::text)", "Rows Removed by Filter": 111, "Actual Rows": 1}], "Actual Rows": 1}], "Actual Rows": 186594}, {"Node Type": "Index Scan", "Parent Relationship": "Inner", "Scan Direction": "Forward", "Index Name": "movie_id_movie_info_idx", "Relation Name": "movie_info_idx", "Alias": "mi_idx", "Startup Cost": 0.0, "Total Cost": 0.53, "Plan Rows": 2, "Plan Width": 13, "Actual Min Startup Time": 504.384, "Actual Max Startup Time": 504.384, "Actual Min Total Time": 617.621, "Actual Max Total Time": 617.621, "Index Cond": "(movie_id = mi.movie_id)", "Rows Removed by Index Recheck": 0, "Actual Rows": 307785}], "Actual Rows": 307785}], "Actual Rows": 307786}], "Actual Rows": 102516}, {"Node Type": "Index Scan", "Parent Relationship": "Inner", "Scan Direction": "Forward", "Index Name": "title_pkey", "Relation Name": "title", "Alias": "t", "Startup Cost": 0.0, "Total Cost": 0.4, "Plan Rows": 1, "Plan Width": 21, "Actual Min Startup Time": 428.079, "Actual Max Startup Time": 428.079, "Actual Min Total Time": 428.079, "Actual Max Total Time": 428.079, "Index Cond": "(id = mi_idx.movie_id)", "Rows Removed by Index Recheck": 0, "Actual Rows": 102516}], "Actual Rows": 102516}, {"Node Type": "Index Scan", "Parent Relationship": "Inner", "Scan Direction": "Forward", "Index Name": "movie_id_cast_info", "Relation Name": "cast_info", "Alias": "ci", "Startup Cost": 0.0, "Total Cost": 1.01, "Plan Rows": 1, "Plan Width": 8, "Actual Min Startup Time": 6347.806, "Actual Max Startup Time": 6347.806, "Actual Min Total Time": 7447.163, "Actual Max Total Time": 7447.163, "Index Cond": "(movie_id = t.id)", "Rows Removed by Index Recheck": 0, "Filter": "((note)::text = ANY ('{(writer),\"(head writer)\",\"(written by)\",(story),\"(story editor)\"}'::text[]))", "Rows Removed by Filter": 3987641, "Actual Rows": 54155}], "Actual Rows": 54155}, {"Node Type": "Index Scan", "Parent Relationship": "Inner", "Scan Direction": "Forward", "Index Name": "name_pkey", "Relation Name": "name", "Alias": "n", "Startup Cost": 0.0, "Total Cost": 0.49, "Plan Rows": 1, "Plan Width": 4, "Actual Min Startup Time": 324.179, "Actual Max Startup Time": 324.179, "Actual Min Total Time": 324.179, "Actual Max Total Time": 324.179, "Index Cond": "(id = ci.person_id)", "Rows Removed by Index Recheck": 0, "Filter": "((gender)::text = 'm'::text)", "Rows Removed by Filter": 26082, "Actual Rows": 28073}], "Actual Rows": 28073}], "Actual Rows": 1}, "Triggers": [], "Planner Runtime": 48, "Total Runtime": 9795.194, "Unique SQL Id": 3913857139}}, "(64, 33)": {"explain_plan": {"Plan": {"Node Type": "Aggregate", "Strategy": "Plain", "Startup Cost": 168618.05, "Total Cost": 168618.06, "Plan Rows": 1, "Plan Width": 160, "Plans": [{"Node Type": "Nested Loop", "Parent Relationship": "Outer", "Join Type": "Inner", "Startup Cost": 4842.14, "Total Cost": 168607.45, "Plan Rows": 1413, "Plan Width": 64, "Inner Unique": true, "Plans": [{"Node Type": "Nested Loop", "Parent Relationship": "Outer", "Join Type": "Inner", "Startup Cost": 4842.14, "Total Cost": 168028.19, "Plan Rows": 1155, "Plan Width": 68, "Inner Unique": false, "Plans": [{"Node Type": "Nested Loop", "Parent Relationship": "Outer", "Join Type": "Inner", "Startup Cost": 4842.14, "Total Cost": 166966.55, "Plan Rows": 1044, "Plan Width": 76, "Inner Unique": true, "Join Filter": "(mi.movie_id = t.id)", "Plans": [{"Node Type": "Nested Loop", "Parent Relationship": "Outer", "Join Type": "Inner", "Startup Cost": 4842.14, "Total Cost": 166538.36, "Plan Rows": 1044, "Plan Width": 55, "Inner Unique": false, "Join Filter": "(mi_idx.info_type_id = it2.id)", "Plans": [{"Node Type": "Index Scan", "Parent Relationship": "Outer", "Scan Direction": "Forward", "Index Name": "info_type_pkey", "Relation Name": "info_type", "Alias": "it2", "Startup Cost": 0.0, "Total Cost": 14.21, "Plan Rows": 1, "Plan Width": 4, "Filter": "((info)::text = 'votes'::text)"}, {"Node Type": "Nested Loop", "Parent Relationship": "Inner", "Join Type": "Inner", "Startup Cost": 4842.14, "Total Cost": 166471.96, "Plan Rows": 4175, "Plan Width": 59, "Inner Unique": false, "Plans": [{"Node Type": "Nested Loop", "Parent Relationship": "Outer", "Join Type": "Inner", "Startup Cost": 4842.14, "Total Cost": 164983.91, "Plan Rows": 2717, "Plan Width": 46, "Inner Unique": false, "Plans": [{"Node Type": "Index Scan", "Parent Relationship": "Outer", "Scan Direction": "Forward", "Index Name": "info_type_pkey", "Relation Name": "info_type", "Alias": "it1", "Startup Cost": 0.0, "Total Cost": 14.21, "Plan Rows": 1, "Plan Width": 4, "Filter": "((info)::text = 'genres'::text)"}, {"Node Type": "Bitmap Heap Scan", "Parent Relationship": "Inner", "Relation Name": "movie_info", "Alias": "mi", "Startup Cost": 4842.14, "Total Cost": 164942.53, "Plan Rows": 2717, "Plan Width": 50, "Recheck Cond": "(info_type_id = it1.id)", "Filter": "((info)::text = ANY ('{Horror,Action,Sci-Fi,Thriller,Crime,War}'::text[]))", "Plans": [{"Node Type": "Bitmap Index Scan", "Parent Relationship": "Outer", "Index Name": "info_type_id_movie_info", "Startup Cost": 0.0, "Total Cost": 4841.46, "Plan Rows": 212428, "Plan Width": 0, "Index Cond": "(info_type_id = it1.id)"}]}]}, {"Node Type": "Index Scan", "Parent Relationship": "Inner", "Scan Direction": "Forward", "Index Name": "movie_id_movie_info_idx", "Relation Name": "movie_info_idx", "Alias": "mi_idx", "Startup Cost": 0.0, "Total Cost": 0.53, "Plan Rows": 2, "Plan Width": 13, "Index Cond": "(movie_id = mi.movie_id)"}]}]}, {"Node Type": "Index Scan", "Parent Relationship": "Inner", "Scan Direction": "Forward", "Index Name": "title_pkey", "Relation Name": "title", "Alias": "t", "Startup Cost": 0.0, "Total Cost": 0.4, "Plan Rows": 1, "Plan Width": 21, "Index Cond": "(id = mi_idx.movie_id)"}]}, {"Node Type": "Index Scan", "Parent Relationship": "Inner", "Scan Direction": "Forward", "Index Name": "movie_id_cast_info", "Relation Name": "cast_info", "Alias": "ci", "Startup Cost": 0.0, "Total Cost": 1.01, "Plan Rows": 1, "Plan Width": 8, "Index Cond": "(movie_id = t.id)", "Filter": "((note)::text = ANY ('{(writer),\"(head writer)\",\"(written by)\",(story),\"(story editor)\"}'::text[]))"}]}, {"Node Type": "Index Scan", "Parent Relationship": "Inner", "Scan Direction": "Forward", "Index Name": "name_pkey", "Relation Name": "name", "Alias": "n", "Startup Cost": 0.0, "Total Cost": 0.49, "Plan Rows": 1, "Plan Width": 4, "Index Cond": "(id = ci.person_id)", "Filter": "((gender)::text = 'm'::text)"}]}]}, "Unique SQL Id": 3913857139, "Planner Runtime": 18}, "explain_analyze_plan": {"Plan": {"Node Type": "Aggregate", "Strategy": "Plain", "Startup Cost": 168618.05, "Total Cost": 168618.06, "Plan Rows": 1, "Plan Width": 160, "Actual Startup Time": 10871.729, "Actual Total Time": 10871.73, "Actual Rows": 1, "Actual Loops": 1, "Plans": [{"Node Type": "Nested Loop", "Parent Relationship": "Outer", "Join Type": "Inner", "Startup Cost": 4842.14, "Total Cost": 168607.45, "Plan Rows": 1413, "Plan Width": 64, "Actual Startup Time": 183.736, "Actual Total Time": 10828.733, "Actual Rows": 28073, "Actual Loops": 1, "Inner Unique": true, "Plans": [{"Node Type": "Nested Loop", "Parent Relationship": "Outer", "Join Type": "Inner", "Startup Cost": 4842.14, "Total Cost": 168028.19, "Plan Rows": 1155, "Plan Width": 68, "Actual Startup Time": 181.465, "Actual Total Time": 10439.312, "Actual Rows": 54155, "Actual Loops": 1, "Inner Unique": false, "Plans": [{"Node Type": "Nested Loop", "Parent Relationship": "Outer", "Join Type": "Inner", "Startup Cost": 4842.14, "Total Cost": 166966.55, "Plan Rows": 1044, "Plan Width": 76, "Actual Startup Time": 178.889, "Actual Total Time": 2614.121, "Actual Rows": 102516, "Actual Loops": 1, "Inner Unique": true, "Join Filter": "(mi.movie_id = t.id)", "Rows Removed by Join Filter": 0, "Plans": [{"Node Type": "Nested Loop", "Parent Relationship": "Outer", "Join Type": "Inner", "Startup Cost": 4842.14, "Total Cost": 166538.36, "Plan Rows": 1044, "Plan Width": 55, "Actual Startup Time": 178.871, "Actual Total Time": 2084.288, "Actual Rows": 102516, "Actual Loops": 1, "Inner Unique": false, "Join Filter": "(mi_idx.info_type_id = it2.id)", "Rows Removed by Join Filter": 205269, "Plans": [{"Node Type": "Index Scan", "Parent Relationship": "Outer", "Scan Direction": "Forward", "Index Name": "info_type_pkey", "Relation Name": "info_type", "Alias": "it2", "Startup Cost": 0.0, "Total Cost": 14.21, "Plan Rows": 1, "Plan Width": 4, "Actual Startup Time": 0.061, "Actual Total Time": 0.073, "Actual Rows": 1, "Actual Loops": 1, "Filter": "((info)::text = 'votes'::text)", "Rows Removed by Filter": 111}, {"Node Type": "Nested Loop", "Parent Relationship": "Inner", "Join Type": "Inner", "Startup Cost": 4842.14, "Total Cost": 166471.96, "Plan Rows": 4175, "Plan Width": 59, "Actual Startup Time": 178.797, "Actual Total Time": 1996.662, "Actual Rows": 307785, "Actual Loops": 1, "Inner Unique": false, "Plans": [{"Node Type": "Nested Loop", "Parent Relationship": "Outer", "Join Type": "Inner", "Startup Cost": 4842.14, "Total Cost": 164983.91, "Plan Rows": 2717, "Plan Width": 46, "Actual Startup Time": 178.766, "Actual Total Time": 1150.098, "Actual Rows": 186594, "Actual Loops": 1, "Inner Unique": false, "Plans": [{"Node Type": "Index Scan", "Parent Relationship": "Outer", "Scan Direction": "Forward", "Index Name": "info_type_pkey", "Relation Name": "info_type", "Alias": "it1", "Startup Cost": 0.0, "Total Cost": 14.21, "Plan Rows": 1, "Plan Width": 4, "Actual Startup Time": 0.009, "Actual Total Time": 0.157, "Actual Rows": 1, "Actual Loops": 1, "Filter": "((info)::text = 'genres'::text)", "Rows Removed by Filter": 111}, {"Node Type": "Bitmap Heap Scan", "Parent Relationship": "Inner", "Relation Name": "movie_info", "Alias": "mi", "Startup Cost": 4842.14, "Total Cost": 164942.53, "Plan Rows": 2717, "Plan Width": 50, "Actual Startup Time": 178.751, "Actual Total Time": 1106.147, "Actual Rows": 186594, "Actual Loops": 1, "Recheck Cond": "(info_type_id = it1.id)", "Rows Removed by Index Recheck": 0, "Filter": "((info)::text = ANY ('{Horror,Action,Sci-Fi,Thriller,Crime,War}'::text[]))", "Rows Removed by Filter": 1347315, "Exact Heap Blocks": 7426, "Lossy Heap Blocks": 7426, "Plans": [{"Node Type": "Bitmap Index Scan", "Parent Relationship": "Outer", "Index Name": "info_type_id_movie_info", "Startup Cost": 0.0, "Total Cost": 4841.46, "Plan Rows": 212428, "Plan Width": 0, "Actual Startup Time": 177.343, "Actual Total Time": 177.343, "Actual Rows": 1533909, "Actual Loops": 1, "Index Cond": "(info_type_id = it1.id)"}]}]}, {"Node Type": "Index Scan", "Parent Relationship": "Inner", "Scan Direction": "Forward", "Index Name": "movie_id_movie_info_idx", "Relation Name": "movie_info_idx", "Alias": "mi_idx", "Startup Cost": 0.0, "Total Cost": 0.53, "Plan Rows": 2, "Plan Width": 13, "Actual Startup Time": 549.734, "Actual Total Time": 669.064, "Actual Rows": 307785, "Actual Loops": 186594, "Index Cond": "(movie_id = mi.movie_id)", "Rows Removed by Index Recheck": 0}]}]}, {"Node Type": "Index Scan", "Parent Relationship": "Inner", "Scan Direction": "Forward", "Index Name": "title_pkey", "Relation Name": "title", "Alias": "t", "Startup Cost": 0.0, "Total Cost": 0.4, "Plan Rows": 1, "Plan Width": 21, "Actual Startup Time": 418.676, "Actual Total Time": 418.676, "Actual Rows": 102516, "Actual Loops": 102516, "Index Cond": "(id = mi_idx.movie_id)", "Rows Removed by Index Recheck": 0}]}, {"Node Type": "Index Scan", "Parent Relationship": "Inner", "Scan Direction": "Forward", "Index Name": "movie_id_cast_info", "Relation Name": "cast_info", "Alias": "ci", "Startup Cost": 0.0, "Total Cost": 1.01, "Plan Rows": 1, "Plan Width": 8, "Actual Startup Time": 6602.685, "Actual Total Time": 7750.361, "Actual Rows": 54155, "Actual Loops": 102516, "Index Cond": "(movie_id = t.id)", "Rows Removed by Index Recheck": 0, "Filter": "((note)::text = ANY ('{(writer),\"(head writer)\",\"(written by)\",(story),\"(story editor)\"}'::text[]))", "Rows Removed by Filter": 3987641}]}, {"Node Type": "Index Scan", "Parent Relationship": "Inner", "Scan Direction": "Forward", "Index Name": "name_pkey", "Relation Name": "name", "Alias": "n", "Startup Cost": 0.0, "Total Cost": 0.49, "Plan Rows": 1, "Plan Width": 4, "Actual Startup Time": 340.016, "Actual Total Time": 340.016, "Actual Rows": 28073, "Actual Loops": 54155, "Index Cond": "(id = ci.person_id)", "Rows Removed by Index Recheck": 0, "Filter": "((gender)::text = 'm'::text)", "Rows Removed by Filter": 26082}]}]}, "Triggers": [], "Planner Runtime": 7, "Total Runtime": 10872.055, "Unique SQL Id": 3913857139}}, "(64, 34)": {"explain_plan": {"Plan": {"Node Type": "Aggregate", "Strategy": "Plain", "Startup Cost": 100448.81, "Total Cost": 100448.82, "Plan Rows": 1, "Plan Width": 160, "Plans": [{"Node Type": "Nested Loop", "Parent Relationship": "Outer", "Join Type": "Inner", "Startup Cost": 3.89, "Total Cost": 100438.21, "Plan Rows": 1413, "Plan Width": 64, "Inner Unique": true, "Plans": [{"Node Type": "Nested Loop", "Parent Relationship": "Outer", "Join Type": "Inner", "Startup Cost": 3.58, "Total Cost": 95432.79, "Plan Rows": 1155, "Plan Width": 68, "Inner Unique": false, "Plans": [{"Node Type": "Nested Loop", "Parent Relationship": "Outer", "Join Type": "Inner", "Startup Cost": 3.06, "Total Cost": 90590.12, "Plan Rows": 1044, "Plan Width": 76, "Inner Unique": true, "Join Filter": "(mi.movie_id = t.id)", "Plans": [{"Node Type": "Nested Loop", "Parent Relationship": "Outer", "Join Type": "Inner", "Startup Cost": 2.78, "Total Cost": 86090.93, "Plan Rows": 1044, "Plan Width": 55, "Inner Unique": false, "Join Filter": "(mi_idx.info_type_id = it2.id)", "Plans": [{"Node Type": "Seq Scan", "Parent Relationship": "Outer", "Relation Name": "info_type", "Alias": "it2", "Startup Cost": 0.0, "Total Cost": 2.4, "Plan Rows": 1, "Plan Width": 4, "Filter": "((info)::text = 'votes'::text)"}, {"Node Type": "Materialize", "Parent Relationship": "Inner", "Startup Cost": 2.78, "Total Cost": 86046.78, "Plan Rows": 4175, "Plan Width": 59, "Plans": [{"Node Type": "Nested Loop", "Parent Relationship": "Outer", "Join Type": "Inner", "Startup Cost": 2.78, "Total Cost": 86036.34, "Plan Rows": 4175, "Plan Width": 59, "Inner Unique": false, "Plans": [{"Node Type": "Hash Join", "Parent Relationship": "Outer", "Join Type": "Inner", "Startup Cost": 2.41, "Total Cost": 74048.91, "Plan Rows": 2717, "Plan Width": 46, "Inner Unique": true, "Hash Cond": "(mi.info_type_id = it1.id)", "Plans": [{"Node Type": "Streaming(type: LOCAL GATHER dop: 1/64)", "Parent Relationship": "Outer", "Startup Cost": 0.0, "Total Cost": 73306.19, "Plan Rows": 190170, "Plan Width": 50, "Plans": [{"Node Type": "Seq Scan", "Parent Relationship": "Outer", "Relation Name": "movie_info", "Alias": "mi", "Startup Cost": 0.0, "Total Cost": 69383.01, "Plan Rows": 190170, "Plan Width": 50, "Filter": "((info)::text = ANY ('{Horror,Action,Sci-Fi,Thriller,Crime,War}'::text[]))"}]}, {"Node Type": "Hash", "Parent Relationship": "Inner", "Startup Cost": 2.4, "Total Cost": 2.4, "Plan Rows": 1, "Plan Width": 4, "Plans": [{"Node Type": "Seq Scan", "Parent Relationship": "Outer", "Relation Name": "info_type", "Alias": "it1", "Startup Cost": 0.0, "Total Cost": 2.4, "Plan Rows": 1, "Plan Width": 4, "Filter": "((info)::text = 'genres'::text)"}]}]}, {"Node Type": "Bitmap Heap Scan", "Parent Relationship": "Inner", "Relation Name": "movie_info_idx", "Alias": "mi_idx", "Startup Cost": 0.37, "Total Cost": 4.39, "Plan Rows": 2, "Plan Width": 13, "Recheck Cond": "(movie_id = mi.movie_id)", "Plans": [{"Node Type": "Bitmap Index Scan", "Parent Relationship": "Outer", "Index Name": "movie_id_movie_info_idx", "Startup Cost": 0.0, "Total Cost": 0.37, "Plan Rows": 2, "Plan Width": 0, "Index Cond": "(movie_id = mi.movie_id)"}]}]}]}]}, {"Node Type": "Bitmap Heap Scan", "Parent Relationship": "Inner", "Relation Name": "title", "Alias": "t", "Startup Cost": 0.28, "Total Cost": 4.3, "Plan Rows": 1, "Plan Width": 21, "Recheck Cond": "(id = mi_idx.movie_id)", "Plans": [{"Node Type": "Bitmap Index Scan", "Parent Relationship": "Outer", "Index Name": "title_pkey", "Startup Cost": 0.0, "Total Cost": 0.28, "Plan Rows": 1, "Plan Width": 0, "Index Cond": "(id = mi_idx.movie_id)"}]}]}, {"Node Type": "Bitmap Heap Scan", "Parent Relationship": "Inner", "Relation Name": "cast_info", "Alias": "ci", "Startup Cost": 0.52, "Total Cost": 4.63, "Plan Rows": 1, "Plan Width": 8, "Recheck Cond": "(movie_id = t.id)", "Filter": "((note)::text = ANY ('{(writer),\"(head writer)\",\"(written by)\",(story),\"(story editor)\"}'::text[]))", "Plans": [{"Node Type": "Bitmap Index Scan", "Parent Relationship": "Outer", "Index Name": "movie_id_cast_info", "Startup Cost": 0.0, "Total Cost": 0.52, "Plan Rows": 6, "Plan Width": 0, "Index Cond": "(movie_id = t.id)"}]}]}, {"Node Type": "Bitmap Heap Scan", "Parent Relationship": "Inner", "Relation Name": "name", "Alias": "n", "Startup Cost": 0.31, "Total Cost": 4.32, "Plan Rows": 1, "Plan Width": 4, "Recheck Cond": "(id = ci.person_id)", "Filter": "((gender)::text = 'm'::text)", "Plans": [{"Node Type": "Bitmap Index Scan", "Parent Relationship": "Outer", "Index Name": "name_pkey", "Startup Cost": 0.0, "Total Cost": 0.31, "Plan Rows": 1, "Plan Width": 0, "Index Cond": "(id = ci.person_id)"}]}]}]}, "Unique SQL Id": 3913857139, "Planner Runtime": 62}, "explain_analyze_plan": {"Plan": {"Node Type": "Aggregate", "Strategy": "Plain", "Startup Cost": 100448.81, "Total Cost": 100448.82, "Plan Rows": 1, "Plan Width": 160, "Actual Min Startup Time": 12910.383, "Actual Max Startup Time": 12910.383, "Actual Min Total Time": 12910.384, "Actual Max Total Time": 12910.384, "Plans": [{"Node Type": "Nested Loop", "Parent Relationship": "Outer", "Join Type": "Inner", "Startup Cost": 3.89, "Total Cost": 100438.21, "Plan Rows": 1413, "Plan Width": 64, "Actual Min Startup Time": 1409.932, "Actual Max Startup Time": 1409.932, "Actual Min Total Time": 12862.925, "Actual Max Total Time": 12862.925, "Inner Unique": true, "Plans": [{"Node Type": "Nested Loop", "Parent Relationship": "Outer", "Join Type": "Inner", "Startup Cost": 3.58, "Total Cost": 95432.79, "Plan Rows": 1155, "Plan Width": 68, "Actual Min Startup Time": 1408.337, "Actual Max Startup Time": 1408.337, "Actual Min Total Time": 12355.647, "Actual Max Total Time": 12355.647, "Inner Unique": false, "Plans": [{"Node Type": "Nested Loop", "Parent Relationship": "Outer", "Join Type": "Inner", "Startup Cost": 3.06, "Total Cost": 90590.12, "Plan Rows": 1044, "Plan Width": 76, "Actual Min Startup Time": 1407.755, "Actual Max Startup Time": 1407.755, "Actual Min Total Time": 2366.475, "Actual Max Total Time": 2366.475, "Inner Unique": true, "Join Filter": "(mi.movie_id = t.id)", "Rows Removed by Join Filter": 0, "Plans": [{"Node Type": "Nested Loop", "Parent Relationship": "Outer", "Join Type": "Inner", "Startup Cost": 2.78, "Total Cost": 86090.93, "Plan Rows": 1044, "Plan Width": 55, "Actual Min Startup Time": 1407.708, "Actual Max Startup Time": 1407.708, "Actual Min Total Time": 1575.428, "Actual Max Total Time": 1575.428, "Inner Unique": false, "Join Filter": "(mi_idx.info_type_id = it2.id)", "Rows Removed by Join Filter": 205269, "Plans": [{"Node Type": "Seq Scan", "Parent Relationship": "Outer", "Relation Name": "info_type", "Alias": "it2", "Startup Cost": 0.0, "Total Cost": 2.4, "Plan Rows": 1, "Plan Width": 4, "Actual Min Startup Time": 0.156, "Actual Max Startup Time": 0.156, "Actual Min Total Time": 0.17, "Actual Max Total Time": 0.17, "Filter": "((info)::text = 'votes'::text)", "Rows Removed by Filter": 111, "Actual Rows": 1}, {"Node Type": "Materialize", "Parent Relationship": "Inner", "Startup Cost": 2.78, "Total Cost": 86046.78, "Plan Rows": 4175, "Plan Width": 59, "Actual Min Startup Time": 1407.53, "Actual Max Startup Time": 1407.53, "Actual Min Total Time": 1456.3, "Actual Max Total Time": 1456.3, "Plans": [{"Node Type": "Nested Loop", "Parent Relationship": "Outer", "Join Type": "Inner", "Startup Cost": 2.78, "Total Cost": 86036.34, "Plan Rows": 4175, "Plan Width": 59, "Actual Min Startup Time": 137.975, "Actual Max Startup Time": 137.975, "Actual Min Total Time": 1318.53, "Actual Max Total Time": 1318.53, "Inner Unique": false, "Plans": [{"Node Type": "Hash Join", "Parent Relationship": "Outer", "Join Type": "Inner", "Startup Cost": 2.41, "Total Cost": 74048.91, "Plan Rows": 2717, "Plan Width": 46, "Actual Min Startup Time": 137.912, "Actual Max Startup Time": 137.912, "Actual Min Total Time": 307.269, "Actual Max Total Time": 307.269, "Inner Unique": true, "Hash Cond": "(mi.info_type_id = it1.id)", "Plans": [{"Node Type": "Streaming(type: LOCAL GATHER dop: 1/64)", "Parent Relationship": "Outer", "Startup Cost": 0.0, "Total Cost": 73306.19, "Plan Rows": 190170, "Plan Width": 50, "Actual Min Startup Time": 137.751, "Actual Max Startup Time": 137.751, "Actual Min Total Time": 206.759, "Actual Max Total Time": 206.759, "Plans": [{"Node Type": "Seq Scan", "Parent Relationship": "Outer", "Relation Name": "movie_info", "Alias": "mi", "Startup Cost": 0.0, "Total Cost": 69383.01, "Plan Rows": 190170, "Plan Width": 50, "Actual Min Startup Time": 55.52, "Actual Max Startup Time": 129.351, "Actual Min Total Time": 110.225, "Actual Max Total Time": 140.319, "Filter": "((info)::text = ANY ('{Horror,Action,Sci-Fi,Thriller,Crime,War}'::text[]))", "Rows Removed by Filter": 14646748, "Actual Rows": 188971}], "Actual Rows": 188971}, {"Node Type": "Hash", "Parent Relationship": "Inner", "Startup Cost": 2.4, "Total Cost": 2.4, "Plan Rows": 1, "Plan Width": 4, "Actual Min Startup Time": 0.088, "Actual Max Startup Time": 0.088, "Actual Min Total Time": 0.088, "Actual Max Total Time": 0.088, "Max Hash Buckets": 32768, "Min Hash Buckets": 32768, "Max Hash Batches": 1, "Min Hash Batches": 1, "Max Original Hash Batches": 1, "Min Original Hash Batches": 1, "Max Peak Memory Usage": 1, "min Peak Memory Usage": 1, "Plans": [{"Node Type": "Seq Scan", "Parent Relationship": "Outer", "Relation Name": "info_type", "Alias": "it1", "Startup Cost": 0.0, "Total Cost": 2.4, "Plan Rows": 1, "Plan Width": 4, "Actual Min Startup Time": 0.052, "Actual Max Startup Time": 0.052, "Actual Min Total Time": 0.076, "Actual Max Total Time": 0.076, "Filter": "((info)::text = 'genres'::text)", "Rows Removed by Filter": 111, "Actual Rows": 1}], "Actual Rows": 1}], "Actual Rows": 186594}, {"Node Type": "Bitmap Heap Scan", "Parent Relationship": "Inner", "Relation Name": "movie_info_idx", "Alias": "mi_idx", "Startup Cost": 0.37, "Total Cost": 4.39, "Plan Rows": 2, "Plan Width": 13, "Actual Min Startup Time": 699.828, "Actual Max Startup Time": 699.828, "Actual Min Total Time": 741.696, "Actual Max Total Time": 741.696, "Recheck Cond": "(movie_id = mi.movie_id)", "Rows Removed by Index Recheck": 0, "Exact Heap Blocks": 103610, "Lossy Heap Blocks": 103610, "Plans": [{"Node Type": "Bitmap Index Scan", "Parent Relationship": "Outer", "Index Name": "movie_id_movie_info_idx", "Startup Cost": 0.0, "Total Cost": 0.37, "Plan Rows": 2, "Plan Width": 0, "Actual Min Startup Time": 470.017, "Actual Max Startup Time": 470.017, "Actual Min Total Time": 470.017, "Actual Max Total Time": 470.017, "Index Cond": "(movie_id = mi.movie_id)", "Actual Rows": 307785}], "Actual Rows": 307785}], "Actual Rows": 307785}], "Actual Rows": 307786}], "Actual Rows": 102516}, {"Node Type": "Bitmap Heap Scan", "Parent Relationship": "Inner", "Relation Name": "title", "Alias": "t", "Startup Cost": 0.28, "Total Cost": 4.3, "Plan Rows": 1, "Plan Width": 21, "Actual Min Startup Time": 595.953, "Actual Max Startup Time": 595.953, "Actual Min Total Time": 595.953, "Actual Max Total Time": 595.953, "Recheck Cond": "(id = mi_idx.movie_id)", "Rows Removed by Index Recheck": 0, "Exact Heap Blocks": 102516, "Lossy Heap Blocks": 102516, "Plans": [{"Node Type": "Bitmap Index Scan", "Parent Relationship": "Outer", "Index Name": "title_pkey", "Startup Cost": 0.0, "Total Cost": 0.28, "Plan Rows": 1, "Plan Width": 0, "Actual Min Startup Time": 327.784, "Actual Max Startup Time": 327.784, "Actual Min Total Time": 327.784, "Actual Max Total Time": 327.784, "Index Cond": "(id = mi_idx.movie_id)", "Actual Rows": 102516}], "Actual Rows": 102516}], "Actual Rows": 102516}, {"Node Type": "Bitmap Heap Scan", "Parent Relationship": "Inner", "Relation Name": "cast_info", "Alias": "ci", "Startup Cost": 0.52, "Total Cost": 4.63, "Plan Rows": 1, "Plan Width": 8, "Actual Min Startup Time": 8503.304, "Actual Max Startup Time": 8503.304, "Actual Min Total Time": 9823.533, "Actual Max Total Time": 9823.533, "Recheck Cond": "(movie_id = t.id)", "Rows Removed by Index Recheck": 0, "Filter": "((note)::text = ANY ('{(writer),\"(head writer)\",\"(written by)\",(story),\"(story editor)\"}'::text[]))", "Rows Removed by Filter": 3987641, "Exact Heap Blocks": 3901088, "Lossy Heap Blocks": 3901088, "Plans": [{"Node Type": "Bitmap Index Scan", "Parent Relationship": "Outer", "Index Name": "movie_id_cast_info", "Startup Cost": 0.0, "Total Cost": 0.52, "Plan Rows": 6, "Plan Width": 0, "Actual Min Startup Time": 1075.725, "Actual Max Startup Time": 1075.725, "Actual Min Total Time": 1075.725, "Actual Max Total Time": 1075.725, "Index Cond": "(movie_id = t.id)", "Actual Rows": 4041796}], "Actual Rows": 54155}], "Actual Rows": 54155}, {"Node Type": "Bitmap Heap Scan", "Parent Relationship": "Inner", "Relation Name": "name", "Alias": "n", "Startup Cost": 0.31, "Total Cost": 4.32, "Plan Rows": 1, "Plan Width": 4, "Actual Min Startup Time": 418.914, "Actual Max Startup Time": 418.914, "Actual Min Total Time": 418.914, "Actual Max Total Time": 418.914, "Recheck Cond": "(id = ci.person_id)", "Rows Removed by Index Recheck": 0, "Filter": "((gender)::text = 'm'::text)", "Rows Removed by Filter": 26082, "Exact Heap Blocks": 54155, "Lossy Heap Blocks": 54155, "Plans": [{"Node Type": "Bitmap Index Scan", "Parent Relationship": "Outer", "Index Name": "name_pkey", "Startup Cost": 0.0, "Total Cost": 0.31, "Plan Rows": 1, "Plan Width": 0, "Actual Min Startup Time": 265.16, "Actual Max Startup Time": 265.16, "Actual Min Total Time": 265.16, "Actual Max Total Time": 265.16, "Index Cond": "(id = ci.person_id)", "Actual Rows": 54155}], "Actual Rows": 28073}], "Actual Rows": 28073}], "Actual Rows": 1}, "Triggers": [], "Planner Runtime": 62, "Total Runtime": 12924.618, "Unique SQL Id": 3913857139}}, "(64, 35)": {"explain_plan": {"Plan": {"Node Type": "Aggregate", "Strategy": "Plain", "Startup Cost": 191395.62, "Total Cost": 191395.63, "Plan Rows": 1, "Plan Width": 160, "Plans": [{"Node Type": "Nested Loop", "Parent Relationship": "Outer", "Join Type": "Inner", "Startup Cost": 4861.24, "Total Cost": 191385.02, "Plan Rows": 1413, "Plan Width": 64, "Inner Unique": true, "Plans": [{"Node Type": "Nested Loop", "Parent Relationship": "Outer", "Join Type": "Inner", "Startup Cost": 4860.93, "Total Cost": 186379.6, "Plan Rows": 1155, "Plan Width": 68, "Inner Unique": false, "Plans": [{"Node Type": "Nested Loop", "Parent Relationship": "Outer", "Join Type": "Inner", "Startup Cost": 4860.41, "Total Cost": 181536.93, "Plan Rows": 1044, "Plan Width": 76, "Inner Unique": true, "Join Filter": "(mi.movie_id = t.id)", "Plans": [{"Node Type": "Nested Loop", "Parent Relationship": "Outer", "Join Type": "Inner", "Startup Cost": 4860.13, "Total Cost": 177037.74, "Plan Rows": 1044, "Plan Width": 55, "Inner Unique": false, "Join Filter": "(mi_idx.info_type_id = it2.id)", "Plans": [{"Node Type": "Bitmap Heap Scan", "Parent Relationship": "Outer", "Relation Name": "info_type", "Alias": "it2", "Startup Cost": 8.81, "Total Cost": 14.21, "Plan Rows": 1, "Plan Width": 4, "Filter": "((info)::text = 'votes'::text)", "Plans": [{"Node Type": "Bitmap Index Scan", "Parent Relationship": "Outer", "Index Name": "info_type_pkey", "Startup Cost": 0.0, "Total Cost": 8.81, "Plan Rows": 112, "Plan Width": 0}]}, {"Node Type": "Nested Loop", "Parent Relationship": "Inner", "Join Type": "Inner", "Startup Cost": 4851.32, "Total Cost": 176971.34, "Plan Rows": 4175, "Plan Width": 59, "Inner Unique": false, "Plans": [{"Node Type": "Nested Loop", "Parent Relationship": "Outer", "Join Type": "Inner", "Startup Cost": 4850.95, "Total Cost": 164983.91, "Plan Rows": 2717, "Plan Width": 46, "Inner Unique": false, "Plans": [{"Node Type": "Bitmap Heap Scan", "Parent Relationship": "Outer", "Relation Name": "info_type", "Alias": "it1", "Startup Cost": 8.81, "Total Cost": 14.21, "Plan Rows": 1, "Plan Width": 4, "Filter": "((info)::text = 'genres'::text)", "Plans": [{"Node Type": "Bitmap Index Scan", "Parent Relationship": "Outer", "Index Name": "info_type_pkey", "Startup Cost": 0.0, "Total Cost": 8.81, "Plan Rows": 112, "Plan Width": 0}]}, {"Node Type": "Bitmap Heap Scan", "Parent Relationship": "Inner", "Relation Name": "movie_info", "Alias": "mi", "Startup Cost": 4842.14, "Total Cost": 164942.53, "Plan Rows": 2717, "Plan Width": 50, "Recheck Cond": "(info_type_id = it1.id)", "Filter": "((info)::text = ANY ('{Horror,Action,Sci-Fi,Thriller,Crime,War}'::text[]))", "Plans": [{"Node Type": "Bitmap Index Scan", "Parent Relationship": "Outer", "Index Name": "info_type_id_movie_info", "Startup Cost": 0.0, "Total Cost": 4841.46, "Plan Rows": 212428, "Plan Width": 0, "Index Cond": "(info_type_id = it1.id)"}]}]}, {"Node Type": "Bitmap Heap Scan", "Parent Relationship": "Inner", "Relation Name": "movie_info_idx", "Alias": "mi_idx", "Startup Cost": 0.37, "Total Cost": 4.39, "Plan Rows": 2, "Plan Width": 13, "Recheck Cond": "(movie_id = mi.movie_id)", "Plans": [{"Node Type": "Bitmap Index Scan", "Parent Relationship": "Outer", "Index Name": "movie_id_movie_info_idx", "Startup Cost": 0.0, "Total Cost": 0.37, "Plan Rows": 2, "Plan Width": 0, "Index Cond": "(movie_id = mi.movie_id)"}]}]}]}, {"Node Type": "Bitmap Heap Scan", "Parent Relationship": "Inner", "Relation Name": "title", "Alias": "t", "Startup Cost": 0.28, "Total Cost": 4.3, "Plan Rows": 1, "Plan Width": 21, "Recheck Cond": "(id = mi_idx.movie_id)", "Plans": [{"Node Type": "Bitmap Index Scan", "Parent Relationship": "Outer", "Index Name": "title_pkey", "Startup Cost": 0.0, "Total Cost": 0.28, "Plan Rows": 1, "Plan Width": 0, "Index Cond": "(id = mi_idx.movie_id)"}]}]}, {"Node Type": "Bitmap Heap Scan", "Parent Relationship": "Inner", "Relation Name": "cast_info", "Alias": "ci", "Startup Cost": 0.52, "Total Cost": 4.63, "Plan Rows": 1, "Plan Width": 8, "Recheck Cond": "(movie_id = t.id)", "Filter": "((note)::text = ANY ('{(writer),\"(head writer)\",\"(written by)\",(story),\"(story editor)\"}'::text[]))", "Plans": [{"Node Type": "Bitmap Index Scan", "Parent Relationship": "Outer", "Index Name": "movie_id_cast_info", "Startup Cost": 0.0, "Total Cost": 0.52, "Plan Rows": 6, "Plan Width": 0, "Index Cond": "(movie_id = t.id)"}]}]}, {"Node Type": "Bitmap Heap Scan", "Parent Relationship": "Inner", "Relation Name": "name", "Alias": "n", "Startup Cost": 0.31, "Total Cost": 4.32, "Plan Rows": 1, "Plan Width": 4, "Recheck Cond": "(id = ci.person_id)", "Filter": "((gender)::text = 'm'::text)", "Plans": [{"Node Type": "Bitmap Index Scan", "Parent Relationship": "Outer", "Index Name": "name_pkey", "Startup Cost": 0.0, "Total Cost": 0.31, "Plan Rows": 1, "Plan Width": 0, "Index Cond": "(id = ci.person_id)"}]}]}]}, "Unique SQL Id": 3913857139, "Planner Runtime": 17}, "explain_analyze_plan": {"Plan": {"Node Type": "Aggregate", "Strategy": "Plain", "Startup Cost": 191395.62, "Total Cost": 191395.63, "Plan Rows": 1, "Plan Width": 160, "Actual Startup Time": 13580.726, "Actual Total Time": 13580.726, "Actual Rows": 1, "Actual Loops": 1, "Plans": [{"Node Type": "Nested Loop", "Parent Relationship": "Outer", "Join Type": "Inner", "Startup Cost": 4861.24, "Total Cost": 191385.02, "Plan Rows": 1413, "Plan Width": 64, "Actual Startup Time": 182.856, "Actual Total Time": 13524.954, "Actual Rows": 28073, "Actual Loops": 1, "Inner Unique": true, "Plans": [{"Node Type": "Nested Loop", "Parent Relationship": "Outer", "Join Type": "Inner", "Startup Cost": 4860.93, "Total Cost": 186379.6, "Plan Rows": 1155, "Plan Width": 68, "Actual Startup Time": 180.203, "Actual Total Time": 13012.912, "Actual Rows": 54155, "Actual Loops": 1, "Inner Unique": false, "Plans": [{"Node Type": "Nested Loop", "Parent Relationship": "Outer", "Join Type": "Inner", "Startup Cost": 4860.41, "Total Cost": 181536.93, "Plan Rows": 1044, "Plan Width": 76, "Actual Startup Time": 177.143, "Actual Total Time": 3136.935, "Actual Rows": 102516, "Actual Loops": 1, "Inner Unique": true, "Join Filter": "(mi.movie_id = t.id)", "Rows Removed by Join Filter": 0, "Plans": [{"Node Type": "Nested Loop", "Parent Relationship": "Outer", "Join Type": "Inner", "Startup Cost": 4860.13, "Total Cost": 177037.74, "Plan Rows": 1044, "Plan Width": 55, "Actual Startup Time": 177.118, "Actual Total Time": 2402.755, "Actual Rows": 102516, "Actual Loops": 1, "Inner Unique": false, "Join Filter": "(mi_idx.info_type_id = it2.id)", "Rows Removed by Join Filter": 205269, "Plans": [{"Node Type": "Bitmap Heap Scan", "Parent Relationship": "Outer", "Relation Name": "info_type", "Alias": "it2", "Startup Cost": 8.81, "Total Cost": 14.21, "Plan Rows": 1, "Plan Width": 4, "Actual Startup Time": 0.081, "Actual Total Time": 0.085, "Actual Rows": 1, "Actual Loops": 1, "Filter": "((info)::text = 'votes'::text)", "Rows Removed by Filter": 111, "Exact Heap Blocks": 1, "Lossy Heap Blocks": 1, "Plans": [{"Node Type": "Bitmap Index Scan", "Parent Relationship": "Outer", "Index Name": "info_type_pkey", "Startup Cost": 0.0, "Total Cost": 8.81, "Plan Rows": 112, "Plan Width": 0, "Actual Startup Time": 0.019, "Actual Total Time": 0.019, "Actual Rows": 112, "Actual Loops": 1}]}, {"Node Type": "Nested Loop", "Parent Relationship": "Inner", "Join Type": "Inner", "Startup Cost": 4851.32, "Total Cost": 176971.34, "Plan Rows": 4175, "Plan Width": 59, "Actual Startup Time": 177.024, "Actual Total Time": 2302.393, "Actual Rows": 307785, "Actual Loops": 1, "Inner Unique": false, "Plans": [{"Node Type": "Nested Loop", "Parent Relationship": "Outer", "Join Type": "Inner", "Startup Cost": 4850.95, "Total Cost": 164983.91, "Plan Rows": 2717, "Plan Width": 46, "Actual Startup Time": 176.982, "Actual Total Time": 1162.537, "Actual Rows": 186594, "Actual Loops": 1, "Inner Unique": false, "Plans": [{"Node Type": "Bitmap Heap Scan", "Parent Relationship": "Outer", "Relation Name": "info_type", "Alias": "it1", "Startup Cost": 8.81, "Total Cost": 14.21, "Plan Rows": 1, "Plan Width": 4, "Actual Startup Time": 0.031, "Actual Total Time": 0.059, "Actual Rows": 1, "Actual Loops": 1, "Filter": "((info)::text = 'genres'::text)", "Rows Removed by Filter": 111, "Exact Heap Blocks": 1, "Lossy Heap Blocks": 1, "Plans": [{"Node Type": "Bitmap Index Scan", "Parent Relationship": "Outer", "Index Name": "info_type_pkey", "Startup Cost": 0.0, "Total Cost": 8.81, "Plan Rows": 112, "Plan Width": 0, "Actual Startup Time": 0.008, "Actual Total Time": 0.008, "Actual Rows": 112, "Actual Loops": 1}]}, {"Node Type": "Bitmap Heap Scan", "Parent Relationship": "Inner", "Relation Name": "movie_info", "Alias": "mi", "Startup Cost": 4842.14, "Total Cost": 164942.53, "Plan Rows": 2717, "Plan Width": 50, "Actual Startup Time": 176.947, "Actual Total Time": 1117.951, "Actual Rows": 186594, "Actual Loops": 1, "Recheck Cond": "(info_type_id = it1.id)", "Rows Removed by Index Recheck": 0, "Filter": "((info)::text = ANY ('{Horror,Action,Sci-Fi,Thriller,Crime,War}'::text[]))", "Rows Removed by Filter": 1347315, "Exact Heap Blocks": 7426, "Lossy Heap Blocks": 7426, "Plans": [{"Node Type": "Bitmap Index Scan", "Parent Relationship": "Outer", "Index Name": "info_type_id_movie_info", "Startup Cost": 0.0, "Total Cost": 4841.46, "Plan Rows": 212428, "Plan Width": 0, "Actual Startup Time": 175.581, "Actual Total Time": 175.581, "Actual Rows": 1533909, "Actual Loops": 1, "Index Cond": "(info_type_id = it1.id)"}]}]}, {"Node Type": "Bitmap Heap Scan", "Parent Relationship": "Inner", "Relation Name": "movie_info_idx", "Alias": "mi_idx", "Startup Cost": 0.37, "Total Cost": 4.39, "Plan Rows": 2, "Plan Width": 13, "Actual Startup Time": 777.609, "Actual Total Time": 823.786, "Actual Rows": 307785, "Actual Loops": 186594, "Recheck Cond": "(movie_id = mi.movie_id)", "Rows Removed by Index Recheck": 0, "Exact Heap Blocks": 103610, "Lossy Heap Blocks": 103610, "Plans": [{"Node Type": "Bitmap Index Scan", "Parent Relationship": "Outer", "Index Name": "movie_id_movie_info_idx", "Startup Cost": 0.0, "Total Cost": 0.37, "Plan Rows": 2, "Plan Width": 0, "Actual Startup Time": 528.311, "Actual Total Time": 528.311, "Actual Rows": 307785, "Actual Loops": 186594, "Index Cond": "(movie_id = mi.movie_id)"}]}]}]}, {"Node Type": "Bitmap Heap Scan", "Parent Relationship": "Inner", "Relation Name": "title", "Alias": "t", "Startup Cost": 0.28, "Total Cost": 4.3, "Plan Rows": 1, "Plan Width": 21, "Actual Startup Time": 553.231, "Actual Total Time": 553.231, "Actual Rows": 102516, "Actual Loops": 102516, "Recheck Cond": "(id = mi_idx.movie_id)", "Rows Removed by Index Recheck": 0, "Exact Heap Blocks": 102516, "Lossy Heap Blocks": 102516, "Plans": [{"Node Type": "Bitmap Index Scan", "Parent Relationship": "Outer", "Index Name": "title_pkey", "Startup Cost": 0.0, "Total Cost": 0.28, "Plan Rows": 1, "Plan Width": 0, "Actual Startup Time": 303.255, "Actual Total Time": 303.255, "Actual Rows": 102516, "Actual Loops": 102516, "Index Cond": "(id = mi_idx.movie_id)"}]}]}, {"Node Type": "Bitmap Heap Scan", "Parent Relationship": "Inner", "Relation Name": "cast_info", "Alias": "ci", "Startup Cost": 0.52, "Total Cost": 4.63, "Plan Rows": 1, "Plan Width": 8, "Actual Startup Time": 8405.75, "Actual Total Time": 9708.17, "Actual Rows": 54155, "Actual Loops": 102516, "Recheck Cond": "(movie_id = t.id)", "Rows Removed by Index Recheck": 0, "Filter": "((note)::text = ANY ('{(writer),\"(head writer)\",\"(written by)\",(story),\"(story editor)\"}'::text[]))", "Rows Removed by Filter": 3987641, "Exact Heap Blocks": 3901088, "Lossy Heap Blocks": 3901088, "Plans": [{"Node Type": "Bitmap Index Scan", "Parent Relationship": "Outer", "Index Name": "movie_id_cast_info", "Startup Cost": 0.0, "Total Cost": 0.52, "Plan Rows": 6, "Plan Width": 0, "Actual Startup Time": 1067.615, "Actual Total Time": 1067.615, "Actual Rows": 4041796, "Actual Loops": 102516, "Index Cond": "(movie_id = t.id)"}]}]}, {"Node Type": "Bitmap Heap Scan", "Parent Relationship": "Inner", "Relation Name": "name", "Alias": "n", "Startup Cost": 0.31, "Total Cost": 4.32, "Plan Rows": 1, "Plan Width": 4, "Actual Startup Time": 417.007, "Actual Total Time": 417.007, "Actual Rows": 28073, "Actual Loops": 54155, "Recheck Cond": "(id = ci.person_id)", "Rows Removed by Index Recheck": 0, "Filter": "((gender)::text = 'm'::text)", "Rows Removed by Filter": 26082, "Exact Heap Blocks": 54155, "Lossy Heap Blocks": 54155, "Plans": [{"Node Type": "Bitmap Index Scan", "Parent Relationship": "Outer", "Index Name": "name_pkey", "Startup Cost": 0.0, "Total Cost": 0.31, "Plan Rows": 1, "Plan Width": 0, "Actual Startup Time": 263.412, "Actual Total Time": 263.412, "Actual Rows": 54155, "Actual Loops": 54155, "Index Cond": "(id = ci.person_id)"}]}]}]}, "Triggers": [], "Planner Runtime": 8, "Total Runtime": 13581.043, "Unique SQL Id": 3913857139}}, "(64, 36)": {"explain_plan": {"Plan": {"Node Type": "Aggregate", "Strategy": "Plain", "Startup Cost": 77671.24, "Total Cost": 77671.25, "Plan Rows": 1, "Plan Width": 160, "Plans": [{"Node Type": "Nested Loop", "Parent Relationship": "Outer", "Join Type": "Inner", "Startup Cost": 2.41, "Total Cost": 77660.64, "Plan Rows": 1413, "Plan Width": 64, "Inner Unique": true, "Plans": [{"Node Type": "Nested Loop", "Parent Relationship": "Outer", "Join Type": "Inner", "Startup Cost": 2.41, "Total Cost": 77081.37, "Plan Rows": 1155, "Plan Width": 68, "Inner Unique": false, "Plans": [{"Node Type": "Nested Loop", "Parent Relationship": "Outer", "Join Type": "Inner", "Startup Cost": 2.41, "Total Cost": 76019.74, "Plan Rows": 1044, "Plan Width": 76, "Inner Unique": true, "Join Filter": "(mi.movie_id = t.id)", "Plans": [{"Node Type": "Nested Loop", "Parent Relationship": "Outer", "Join Type": "Inner", "Startup Cost": 2.41, "Total Cost": 75591.55, "Plan Rows": 1044, "Plan Width": 55, "Inner Unique": false, "Join Filter": "(mi_idx.info_type_id = it2.id)", "Plans": [{"Node Type": "Seq Scan", "Parent Relationship": "Outer", "Relation Name": "info_type", "Alias": "it2", "Startup Cost": 0.0, "Total Cost": 2.4, "Plan Rows": 1, "Plan Width": 4, "Filter": "((info)::text = 'votes'::text)"}, {"Node Type": "Materialize", "Parent Relationship": "Inner", "Startup Cost": 2.41, "Total Cost": 75547.4, "Plan Rows": 4175, "Plan Width": 59, "Plans": [{"Node Type": "Nested Loop", "Parent Relationship": "Outer", "Join Type": "Inner", "Startup Cost": 2.41, "Total Cost": 75536.96, "Plan Rows": 4175, "Plan Width": 59, "Inner Unique": false, "Plans": [{"Node Type": "Hash Join", "Parent Relationship": "Outer", "Join Type": "Inner", "Startup Cost": 2.41, "Total Cost": 74048.91, "Plan Rows": 2717, "Plan Width": 46, "Inner Unique": true, "Hash Cond": "(mi.info_type_id = it1.id)", "Plans": [{"Node Type": "Streaming(type: LOCAL GATHER dop: 1/64)", "Parent Relationship": "Outer", "Startup Cost": 0.0, "Total Cost": 73306.19, "Plan Rows": 190170, "Plan Width": 50, "Plans": [{"Node Type": "Seq Scan", "Parent Relationship": "Outer", "Relation Name": "movie_info", "Alias": "mi", "Startup Cost": 0.0, "Total Cost": 69383.01, "Plan Rows": 190170, "Plan Width": 50, "Filter": "((info)::text = ANY ('{Horror,Action,Sci-Fi,Thriller,Crime,War}'::text[]))"}]}, {"Node Type": "Hash", "Parent Relationship": "Inner", "Startup Cost": 2.4, "Total Cost": 2.4, "Plan Rows": 1, "Plan Width": 4, "Plans": [{"Node Type": "Seq Scan", "Parent Relationship": "Outer", "Relation Name": "info_type", "Alias": "it1", "Startup Cost": 0.0, "Total Cost": 2.4, "Plan Rows": 1, "Plan Width": 4, "Filter": "((info)::text = 'genres'::text)"}]}]}, {"Node Type": "Index Scan", "Parent Relationship": "Inner", "Scan Direction": "Forward", "Index Name": "movie_id_movie_info_idx", "Relation Name": "movie_info_idx", "Alias": "mi_idx", "Startup Cost": 0.0, "Total Cost": 0.53, "Plan Rows": 2, "Plan Width": 13, "Index Cond": "(movie_id = mi.movie_id)"}]}]}]}, {"Node Type": "Index Scan", "Parent Relationship": "Inner", "Scan Direction": "Forward", "Index Name": "title_pkey", "Relation Name": "title", "Alias": "t", "Startup Cost": 0.0, "Total Cost": 0.4, "Plan Rows": 1, "Plan Width": 21, "Index Cond": "(id = mi_idx.movie_id)"}]}, {"Node Type": "Index Scan", "Parent Relationship": "Inner", "Scan Direction": "Forward", "Index Name": "movie_id_cast_info", "Relation Name": "cast_info", "Alias": "ci", "Startup Cost": 0.0, "Total Cost": 1.01, "Plan Rows": 1, "Plan Width": 8, "Index Cond": "(movie_id = t.id)", "Filter": "((note)::text = ANY ('{(writer),\"(head writer)\",\"(written by)\",(story),\"(story editor)\"}'::text[]))"}]}, {"Node Type": "Index Scan", "Parent Relationship": "Inner", "Scan Direction": "Forward", "Index Name": "name_pkey", "Relation Name": "name", "Alias": "n", "Startup Cost": 0.0, "Total Cost": 0.49, "Plan Rows": 1, "Plan Width": 4, "Index Cond": "(id = ci.person_id)", "Filter": "((gender)::text = 'm'::text)"}]}]}, "Unique SQL Id": 3913857139, "Planner Runtime": 48}, "explain_analyze_plan": {"Plan": {"Node Type": "Aggregate", "Strategy": "Plain", "Startup Cost": 77671.24, "Total Cost": 77671.25, "Plan Rows": 1, "Plan Width": 160, "Actual Min Startup Time": 9783.508, "Actual Max Startup Time": 9783.508, "Actual Min Total Time": 9783.509, "Actual Max Total Time": 9783.509, "Plans": [{"Node Type": "Nested Loop", "Parent Relationship": "Outer", "Join Type": "Inner", "Startup Cost": 2.41, "Total Cost": 77660.64, "Plan Rows": 1413, "Plan Width": 64, "Actual Min Startup Time": 1152.408, "Actual Max Startup Time": 1152.408, "Actual Min Total Time": 9742.428, "Actual Max Total Time": 9742.428, "Inner Unique": true, "Plans": [{"Node Type": "Nested Loop", "Parent Relationship": "Outer", "Join Type": "Inner", "Startup Cost": 2.41, "Total Cost": 77081.37, "Plan Rows": 1155, "Plan Width": 68, "Actual Min Startup Time": 1151.067, "Actual Max Startup Time": 1151.067, "Actual Min Total Time": 9371.761, "Actual Max Total Time": 9371.761, "Inner Unique": false, "Plans": [{"Node Type": "Nested Loop", "Parent Relationship": "Outer", "Join Type": "Inner", "Startup Cost": 2.41, "Total Cost": 76019.74, "Plan Rows": 1044, "Plan Width": 76, "Actual Min Startup Time": 1150.588, "Actual Max Startup Time": 1150.588, "Actual Min Total Time": 1851.533, "Actual Max Total Time": 1851.533, "Inner Unique": true, "Join Filter": "(mi.movie_id = t.id)", "Rows Removed by Join Filter": 0, "Plans": [{"Node Type": "Nested Loop", "Parent Relationship": "Outer", "Join Type": "Inner", "Startup Cost": 2.41, "Total Cost": 75591.55, "Plan Rows": 1044, "Plan Width": 55, "Actual Min Startup Time": 1150.561, "Actual Max Startup Time": 1150.561, "Actual Min Total Time": 1313.622, "Actual Max Total Time": 1313.622, "Inner Unique": false, "Join Filter": "(mi_idx.info_type_id = it2.id)", "Rows Removed by Join Filter": 205269, "Plans": [{"Node Type": "Seq Scan", "Parent Relationship": "Outer", "Relation Name": "info_type", "Alias": "it2", "Startup Cost": 0.0, "Total Cost": 2.4, "Plan Rows": 1, "Plan Width": 4, "Actual Min Startup Time": 0.056, "Actual Max Startup Time": 0.056, "Actual Min Total Time": 0.069, "Actual Max Total Time": 0.069, "Filter": "((info)::text = 'votes'::text)", "Rows Removed by Filter": 111, "Actual Rows": 1}, {"Node Type": "Materialize", "Parent Relationship": "Inner", "Startup Cost": 2.41, "Total Cost": 75547.4, "Plan Rows": 4175, "Plan Width": 59, "Actual Min Startup Time": 1150.491, "Actual Max Startup Time": 1150.491, "Actual Min Total Time": 1199.666, "Actual Max Total Time": 1199.666, "Plans": [{"Node Type": "Nested Loop", "Parent Relationship": "Outer", "Join Type": "Inner", "Startup Cost": 2.41, "Total Cost": 75536.96, "Plan Rows": 4175, "Plan Width": 59, "Actual Min Startup Time": 140.729, "Actual Max Startup Time": 140.729, "Actual Min Total Time": 1061.537, "Actual Max Total Time": 1061.537, "Inner Unique": false, "Plans": [{"Node Type": "Hash Join", "Parent Relationship": "Outer", "Join Type": "Inner", "Startup Cost": 2.41, "Total Cost": 74048.91, "Plan Rows": 2717, "Plan Width": 46, "Actual Min Startup Time": 140.692, "Actual Max Startup Time": 140.692, "Actual Min Total Time": 290.405, "Actual Max Total Time": 290.405, "Inner Unique": true, "Hash Cond": "(mi.info_type_id = it1.id)", "Plans": [{"Node Type": "Streaming(type: LOCAL GATHER dop: 1/64)", "Parent Relationship": "Outer", "Startup Cost": 0.0, "Total Cost": 73306.19, "Plan Rows": 190170, "Plan Width": 50, "Actual Min Startup Time": 122.916, "Actual Max Startup Time": 122.916, "Actual Min Total Time": 196.412, "Actual Max Total Time": 196.412, "Plans": [{"Node Type": "Seq Scan", "Parent Relationship": "Outer", "Relation Name": "movie_info", "Alias": "mi", "Startup Cost": 0.0, "Total Cost": 69383.01, "Plan Rows": 190170, "Plan Width": 50, "Actual Min Startup Time": 55.514, "Actual Max Startup Time": 109.982, "Actual Min Total Time": 109.636, "Actual Max Total Time": 142.334, "Filter": "((info)::text = ANY ('{Horror,Action,Sci-Fi,Thriller,Crime,War}'::text[]))", "Rows Removed by Filter": 14646748, "Actual Rows": 188971}], "Actual Rows": 188971}, {"Node Type": "Hash", "Parent Relationship": "Inner", "Startup Cost": 2.4, "Total Cost": 2.4, "Plan Rows": 1, "Plan Width": 4, "Actual Min Startup Time": 0.096, "Actual Max Startup Time": 0.096, "Actual Min Total Time": 0.096, "Actual Max Total Time": 0.096, "Max Hash Buckets": 32768, "Min Hash Buckets": 32768, "Max Hash Batches": 1, "Min Hash Batches": 1, "Max Original Hash Batches": 1, "Min Original Hash Batches": 1, "Max Peak Memory Usage": 1, "min Peak Memory Usage": 1, "Plans": [{"Node Type": "Seq Scan", "Parent Relationship": "Outer", "Relation Name": "info_type", "Alias": "it1", "Startup Cost": 0.0, "Total Cost": 2.4, "Plan Rows": 1, "Plan Width": 4, "Actual Min Startup Time": 0.063, "Actual Max Startup Time": 0.063, "Actual Min Total Time": 0.087, "Actual Max Total Time": 0.087, "Filter": "((info)::text = 'genres'::text)", "Rows Removed by Filter": 111, "Actual Rows": 1}], "Actual Rows": 1}], "Actual Rows": 186594}, {"Node Type": "Index Scan", "Parent Relationship": "Inner", "Scan Direction": "Forward", "Index Name": "movie_id_movie_info_idx", "Relation Name": "movie_info_idx", "Alias": "mi_idx", "Startup Cost": 0.0, "Total Cost": 0.53, "Plan Rows": 2, "Plan Width": 13, "Actual Min Startup Time": 504.384, "Actual Max Startup Time": 504.384, "Actual Min Total Time": 617.621, "Actual Max Total Time": 617.621, "Index Cond": "(movie_id = mi.movie_id)", "Rows Removed by Index Recheck": 0, "Actual Rows": 307785}], "Actual Rows": 307785}], "Actual Rows": 307786}], "Actual Rows": 102516}, {"Node Type": "Index Scan", "Parent Relationship": "Inner", "Scan Direction": "Forward", "Index Name": "title_pkey", "Relation Name": "title", "Alias": "t", "Startup Cost": 0.0, "Total Cost": 0.4, "Plan Rows": 1, "Plan Width": 21, "Actual Min Startup Time": 428.079, "Actual Max Startup Time": 428.079, "Actual Min Total Time": 428.079, "Actual Max Total Time": 428.079, "Index Cond": "(id = mi_idx.movie_id)", "Rows Removed by Index Recheck": 0, "Actual Rows": 102516}], "Actual Rows": 102516}, {"Node Type": "Index Scan", "Parent Relationship": "Inner", "Scan Direction": "Forward", "Index Name": "movie_id_cast_info", "Relation Name": "cast_info", "Alias": "ci", "Startup Cost": 0.0, "Total Cost": 1.01, "Plan Rows": 1, "Plan Width": 8, "Actual Min Startup Time": 6347.806, "Actual Max Startup Time": 6347.806, "Actual Min Total Time": 7447.163, "Actual Max Total Time": 7447.163, "Index Cond": "(movie_id = t.id)", "Rows Removed by Index Recheck": 0, "Filter": "((note)::text = ANY ('{(writer),\"(head writer)\",\"(written by)\",(story),\"(story editor)\"}'::text[]))", "Rows Removed by Filter": 3987641, "Actual Rows": 54155}], "Actual Rows": 54155}, {"Node Type": "Index Scan", "Parent Relationship": "Inner", "Scan Direction": "Forward", "Index Name": "name_pkey", "Relation Name": "name", "Alias": "n", "Startup Cost": 0.0, "Total Cost": 0.49, "Plan Rows": 1, "Plan Width": 4, "Actual Min Startup Time": 324.179, "Actual Max Startup Time": 324.179, "Actual Min Total Time": 324.179, "Actual Max Total Time": 324.179, "Index Cond": "(id = ci.person_id)", "Rows Removed by Index Recheck": 0, "Filter": "((gender)::text = 'm'::text)", "Rows Removed by Filter": 26082, "Actual Rows": 28073}], "Actual Rows": 28073}], "Actual Rows": 1}, "Triggers": [], "Planner Runtime": 48, "Total Runtime": 9795.194, "Unique SQL Id": 3913857139}}, "(64, 37)": {"explain_plan": {"Plan": {"Node Type": "Aggregate", "Strategy": "Plain", "Startup Cost": 168618.05, "Total Cost": 168618.06, "Plan Rows": 1, "Plan Width": 160, "Plans": [{"Node Type": "Nested Loop", "Parent Relationship": "Outer", "Join Type": "Inner", "Startup Cost": 4842.14, "Total Cost": 168607.45, "Plan Rows": 1413, "Plan Width": 64, "Inner Unique": true, "Plans": [{"Node Type": "Nested Loop", "Parent Relationship": "Outer", "Join Type": "Inner", "Startup Cost": 4842.14, "Total Cost": 168028.19, "Plan Rows": 1155, "Plan Width": 68, "Inner Unique": false, "Plans": [{"Node Type": "Nested Loop", "Parent Relationship": "Outer", "Join Type": "Inner", "Startup Cost": 4842.14, "Total Cost": 166966.55, "Plan Rows": 1044, "Plan Width": 76, "Inner Unique": true, "Join Filter": "(mi.movie_id = t.id)", "Plans": [{"Node Type": "Nested Loop", "Parent Relationship": "Outer", "Join Type": "Inner", "Startup Cost": 4842.14, "Total Cost": 166538.36, "Plan Rows": 1044, "Plan Width": 55, "Inner Unique": false, "Join Filter": "(mi_idx.info_type_id = it2.id)", "Plans": [{"Node Type": "Index Scan", "Parent Relationship": "Outer", "Scan Direction": "Forward", "Index Name": "info_type_pkey", "Relation Name": "info_type", "Alias": "it2", "Startup Cost": 0.0, "Total Cost": 14.21, "Plan Rows": 1, "Plan Width": 4, "Filter": "((info)::text = 'votes'::text)"}, {"Node Type": "Nested Loop", "Parent Relationship": "Inner", "Join Type": "Inner", "Startup Cost": 4842.14, "Total Cost": 166471.96, "Plan Rows": 4175, "Plan Width": 59, "Inner Unique": false, "Plans": [{"Node Type": "Nested Loop", "Parent Relationship": "Outer", "Join Type": "Inner", "Startup Cost": 4842.14, "Total Cost": 164983.91, "Plan Rows": 2717, "Plan Width": 46, "Inner Unique": false, "Plans": [{"Node Type": "Index Scan", "Parent Relationship": "Outer", "Scan Direction": "Forward", "Index Name": "info_type_pkey", "Relation Name": "info_type", "Alias": "it1", "Startup Cost": 0.0, "Total Cost": 14.21, "Plan Rows": 1, "Plan Width": 4, "Filter": "((info)::text = 'genres'::text)"}, {"Node Type": "Bitmap Heap Scan", "Parent Relationship": "Inner", "Relation Name": "movie_info", "Alias": "mi", "Startup Cost": 4842.14, "Total Cost": 164942.53, "Plan Rows": 2717, "Plan Width": 50, "Recheck Cond": "(info_type_id = it1.id)", "Filter": "((info)::text = ANY ('{Horror,Action,Sci-Fi,Thriller,Crime,War}'::text[]))", "Plans": [{"Node Type": "Bitmap Index Scan", "Parent Relationship": "Outer", "Index Name": "info_type_id_movie_info", "Startup Cost": 0.0, "Total Cost": 4841.46, "Plan Rows": 212428, "Plan Width": 0, "Index Cond": "(info_type_id = it1.id)"}]}]}, {"Node Type": "Index Scan", "Parent Relationship": "Inner", "Scan Direction": "Forward", "Index Name": "movie_id_movie_info_idx", "Relation Name": "movie_info_idx", "Alias": "mi_idx", "Startup Cost": 0.0, "Total Cost": 0.53, "Plan Rows": 2, "Plan Width": 13, "Index Cond": "(movie_id = mi.movie_id)"}]}]}, {"Node Type": "Index Scan", "Parent Relationship": "Inner", "Scan Direction": "Forward", "Index Name": "title_pkey", "Relation Name": "title", "Alias": "t", "Startup Cost": 0.0, "Total Cost": 0.4, "Plan Rows": 1, "Plan Width": 21, "Index Cond": "(id = mi_idx.movie_id)"}]}, {"Node Type": "Index Scan", "Parent Relationship": "Inner", "Scan Direction": "Forward", "Index Name": "movie_id_cast_info", "Relation Name": "cast_info", "Alias": "ci", "Startup Cost": 0.0, "Total Cost": 1.01, "Plan Rows": 1, "Plan Width": 8, "Index Cond": "(movie_id = t.id)", "Filter": "((note)::text = ANY ('{(writer),\"(head writer)\",\"(written by)\",(story),\"(story editor)\"}'::text[]))"}]}, {"Node Type": "Index Scan", "Parent Relationship": "Inner", "Scan Direction": "Forward", "Index Name": "name_pkey", "Relation Name": "name", "Alias": "n", "Startup Cost": 0.0, "Total Cost": 0.49, "Plan Rows": 1, "Plan Width": 4, "Index Cond": "(id = ci.person_id)", "Filter": "((gender)::text = 'm'::text)"}]}]}, "Unique SQL Id": 3913857139, "Planner Runtime": 18}, "explain_analyze_plan": {"Plan": {"Node Type": "Aggregate", "Strategy": "Plain", "Startup Cost": 168618.05, "Total Cost": 168618.06, "Plan Rows": 1, "Plan Width": 160, "Actual Startup Time": 10871.729, "Actual Total Time": 10871.73, "Actual Rows": 1, "Actual Loops": 1, "Plans": [{"Node Type": "Nested Loop", "Parent Relationship": "Outer", "Join Type": "Inner", "Startup Cost": 4842.14, "Total Cost": 168607.45, "Plan Rows": 1413, "Plan Width": 64, "Actual Startup Time": 183.736, "Actual Total Time": 10828.733, "Actual Rows": 28073, "Actual Loops": 1, "Inner Unique": true, "Plans": [{"Node Type": "Nested Loop", "Parent Relationship": "Outer", "Join Type": "Inner", "Startup Cost": 4842.14, "Total Cost": 168028.19, "Plan Rows": 1155, "Plan Width": 68, "Actual Startup Time": 181.465, "Actual Total Time": 10439.312, "Actual Rows": 54155, "Actual Loops": 1, "Inner Unique": false, "Plans": [{"Node Type": "Nested Loop", "Parent Relationship": "Outer", "Join Type": "Inner", "Startup Cost": 4842.14, "Total Cost": 166966.55, "Plan Rows": 1044, "Plan Width": 76, "Actual Startup Time": 178.889, "Actual Total Time": 2614.121, "Actual Rows": 102516, "Actual Loops": 1, "Inner Unique": true, "Join Filter": "(mi.movie_id = t.id)", "Rows Removed by Join Filter": 0, "Plans": [{"Node Type": "Nested Loop", "Parent Relationship": "Outer", "Join Type": "Inner", "Startup Cost": 4842.14, "Total Cost": 166538.36, "Plan Rows": 1044, "Plan Width": 55, "Actual Startup Time": 178.871, "Actual Total Time": 2084.288, "Actual Rows": 102516, "Actual Loops": 1, "Inner Unique": false, "Join Filter": "(mi_idx.info_type_id = it2.id)", "Rows Removed by Join Filter": 205269, "Plans": [{"Node Type": "Index Scan", "Parent Relationship": "Outer", "Scan Direction": "Forward", "Index Name": "info_type_pkey", "Relation Name": "info_type", "Alias": "it2", "Startup Cost": 0.0, "Total Cost": 14.21, "Plan Rows": 1, "Plan Width": 4, "Actual Startup Time": 0.061, "Actual Total Time": 0.073, "Actual Rows": 1, "Actual Loops": 1, "Filter": "((info)::text = 'votes'::text)", "Rows Removed by Filter": 111}, {"Node Type": "Nested Loop", "Parent Relationship": "Inner", "Join Type": "Inner", "Startup Cost": 4842.14, "Total Cost": 166471.96, "Plan Rows": 4175, "Plan Width": 59, "Actual Startup Time": 178.797, "Actual Total Time": 1996.662, "Actual Rows": 307785, "Actual Loops": 1, "Inner Unique": false, "Plans": [{"Node Type": "Nested Loop", "Parent Relationship": "Outer", "Join Type": "Inner", "Startup Cost": 4842.14, "Total Cost": 164983.91, "Plan Rows": 2717, "Plan Width": 46, "Actual Startup Time": 178.766, "Actual Total Time": 1150.098, "Actual Rows": 186594, "Actual Loops": 1, "Inner Unique": false, "Plans": [{"Node Type": "Index Scan", "Parent Relationship": "Outer", "Scan Direction": "Forward", "Index Name": "info_type_pkey", "Relation Name": "info_type", "Alias": "it1", "Startup Cost": 0.0, "Total Cost": 14.21, "Plan Rows": 1, "Plan Width": 4, "Actual Startup Time": 0.009, "Actual Total Time": 0.157, "Actual Rows": 1, "Actual Loops": 1, "Filter": "((info)::text = 'genres'::text)", "Rows Removed by Filter": 111}, {"Node Type": "Bitmap Heap Scan", "Parent Relationship": "Inner", "Relation Name": "movie_info", "Alias": "mi", "Startup Cost": 4842.14, "Total Cost": 164942.53, "Plan Rows": 2717, "Plan Width": 50, "Actual Startup Time": 178.751, "Actual Total Time": 1106.147, "Actual Rows": 186594, "Actual Loops": 1, "Recheck Cond": "(info_type_id = it1.id)", "Rows Removed by Index Recheck": 0, "Filter": "((info)::text = ANY ('{Horror,Action,Sci-Fi,Thriller,Crime,War}'::text[]))", "Rows Removed by Filter": 1347315, "Exact Heap Blocks": 7426, "Lossy Heap Blocks": 7426, "Plans": [{"Node Type": "Bitmap Index Scan", "Parent Relationship": "Outer", "Index Name": "info_type_id_movie_info", "Startup Cost": 0.0, "Total Cost": 4841.46, "Plan Rows": 212428, "Plan Width": 0, "Actual Startup Time": 177.343, "Actual Total Time": 177.343, "Actual Rows": 1533909, "Actual Loops": 1, "Index Cond": "(info_type_id = it1.id)"}]}]}, {"Node Type": "Index Scan", "Parent Relationship": "Inner", "Scan Direction": "Forward", "Index Name": "movie_id_movie_info_idx", "Relation Name": "movie_info_idx", "Alias": "mi_idx", "Startup Cost": 0.0, "Total Cost": 0.53, "Plan Rows": 2, "Plan Width": 13, "Actual Startup Time": 549.734, "Actual Total Time": 669.064, "Actual Rows": 307785, "Actual Loops": 186594, "Index Cond": "(movie_id = mi.movie_id)", "Rows Removed by Index Recheck": 0}]}]}, {"Node Type": "Index Scan", "Parent Relationship": "Inner", "Scan Direction": "Forward", "Index Name": "title_pkey", "Relation Name": "title", "Alias": "t", "Startup Cost": 0.0, "Total Cost": 0.4, "Plan Rows": 1, "Plan Width": 21, "Actual Startup Time": 418.676, "Actual Total Time": 418.676, "Actual Rows": 102516, "Actual Loops": 102516, "Index Cond": "(id = mi_idx.movie_id)", "Rows Removed by Index Recheck": 0}]}, {"Node Type": "Index Scan", "Parent Relationship": "Inner", "Scan Direction": "Forward", "Index Name": "movie_id_cast_info", "Relation Name": "cast_info", "Alias": "ci", "Startup Cost": 0.0, "Total Cost": 1.01, "Plan Rows": 1, "Plan Width": 8, "Actual Startup Time": 6602.685, "Actual Total Time": 7750.361, "Actual Rows": 54155, "Actual Loops": 102516, "Index Cond": "(movie_id = t.id)", "Rows Removed by Index Recheck": 0, "Filter": "((note)::text = ANY ('{(writer),\"(head writer)\",\"(written by)\",(story),\"(story editor)\"}'::text[]))", "Rows Removed by Filter": 3987641}]}, {"Node Type": "Index Scan", "Parent Relationship": "Inner", "Scan Direction": "Forward", "Index Name": "name_pkey", "Relation Name": "name", "Alias": "n", "Startup Cost": 0.0, "Total Cost": 0.49, "Plan Rows": 1, "Plan Width": 4, "Actual Startup Time": 340.016, "Actual Total Time": 340.016, "Actual Rows": 28073, "Actual Loops": 54155, "Index Cond": "(id = ci.person_id)", "Rows Removed by Index Recheck": 0, "Filter": "((gender)::text = 'm'::text)", "Rows Removed by Filter": 26082}]}]}, "Triggers": [], "Planner Runtime": 7, "Total Runtime": 10872.055, "Unique SQL Id": 3913857139}}, "(64, 38)": {"explain_plan": {"Plan": {"Node Type": "Aggregate", "Strategy": "Plain", "Startup Cost": 100448.81, "Total Cost": 100448.82, "Plan Rows": 1, "Plan Width": 160, "Plans": [{"Node Type": "Nested Loop", "Parent Relationship": "Outer", "Join Type": "Inner", "Startup Cost": 3.89, "Total Cost": 100438.21, "Plan Rows": 1413, "Plan Width": 64, "Inner Unique": true, "Plans": [{"Node Type": "Nested Loop", "Parent Relationship": "Outer", "Join Type": "Inner", "Startup Cost": 3.58, "Total Cost": 95432.79, "Plan Rows": 1155, "Plan Width": 68, "Inner Unique": false, "Plans": [{"Node Type": "Nested Loop", "Parent Relationship": "Outer", "Join Type": "Inner", "Startup Cost": 3.06, "Total Cost": 90590.12, "Plan Rows": 1044, "Plan Width": 76, "Inner Unique": true, "Join Filter": "(mi.movie_id = t.id)", "Plans": [{"Node Type": "Nested Loop", "Parent Relationship": "Outer", "Join Type": "Inner", "Startup Cost": 2.78, "Total Cost": 86090.93, "Plan Rows": 1044, "Plan Width": 55, "Inner Unique": false, "Join Filter": "(mi_idx.info_type_id = it2.id)", "Plans": [{"Node Type": "Seq Scan", "Parent Relationship": "Outer", "Relation Name": "info_type", "Alias": "it2", "Startup Cost": 0.0, "Total Cost": 2.4, "Plan Rows": 1, "Plan Width": 4, "Filter": "((info)::text = 'votes'::text)"}, {"Node Type": "Materialize", "Parent Relationship": "Inner", "Startup Cost": 2.78, "Total Cost": 86046.78, "Plan Rows": 4175, "Plan Width": 59, "Plans": [{"Node Type": "Nested Loop", "Parent Relationship": "Outer", "Join Type": "Inner", "Startup Cost": 2.78, "Total Cost": 86036.34, "Plan Rows": 4175, "Plan Width": 59, "Inner Unique": false, "Plans": [{"Node Type": "Hash Join", "Parent Relationship": "Outer", "Join Type": "Inner", "Startup Cost": 2.41, "Total Cost": 74048.91, "Plan Rows": 2717, "Plan Width": 46, "Inner Unique": true, "Hash Cond": "(mi.info_type_id = it1.id)", "Plans": [{"Node Type": "Streaming(type: LOCAL GATHER dop: 1/64)", "Parent Relationship": "Outer", "Startup Cost": 0.0, "Total Cost": 73306.19, "Plan Rows": 190170, "Plan Width": 50, "Plans": [{"Node Type": "Seq Scan", "Parent Relationship": "Outer", "Relation Name": "movie_info", "Alias": "mi", "Startup Cost": 0.0, "Total Cost": 69383.01, "Plan Rows": 190170, "Plan Width": 50, "Filter": "((info)::text = ANY ('{Horror,Action,Sci-Fi,Thriller,Crime,War}'::text[]))"}]}, {"Node Type": "Hash", "Parent Relationship": "Inner", "Startup Cost": 2.4, "Total Cost": 2.4, "Plan Rows": 1, "Plan Width": 4, "Plans": [{"Node Type": "Seq Scan", "Parent Relationship": "Outer", "Relation Name": "info_type", "Alias": "it1", "Startup Cost": 0.0, "Total Cost": 2.4, "Plan Rows": 1, "Plan Width": 4, "Filter": "((info)::text = 'genres'::text)"}]}]}, {"Node Type": "Bitmap Heap Scan", "Parent Relationship": "Inner", "Relation Name": "movie_info_idx", "Alias": "mi_idx", "Startup Cost": 0.37, "Total Cost": 4.39, "Plan Rows": 2, "Plan Width": 13, "Recheck Cond": "(movie_id = mi.movie_id)", "Plans": [{"Node Type": "Bitmap Index Scan", "Parent Relationship": "Outer", "Index Name": "movie_id_movie_info_idx", "Startup Cost": 0.0, "Total Cost": 0.37, "Plan Rows": 2, "Plan Width": 0, "Index Cond": "(movie_id = mi.movie_id)"}]}]}]}]}, {"Node Type": "Bitmap Heap Scan", "Parent Relationship": "Inner", "Relation Name": "title", "Alias": "t", "Startup Cost": 0.28, "Total Cost": 4.3, "Plan Rows": 1, "Plan Width": 21, "Recheck Cond": "(id = mi_idx.movie_id)", "Plans": [{"Node Type": "Bitmap Index Scan", "Parent Relationship": "Outer", "Index Name": "title_pkey", "Startup Cost": 0.0, "Total Cost": 0.28, "Plan Rows": 1, "Plan Width": 0, "Index Cond": "(id = mi_idx.movie_id)"}]}]}, {"Node Type": "Bitmap Heap Scan", "Parent Relationship": "Inner", "Relation Name": "cast_info", "Alias": "ci", "Startup Cost": 0.52, "Total Cost": 4.63, "Plan Rows": 1, "Plan Width": 8, "Recheck Cond": "(movie_id = t.id)", "Filter": "((note)::text = ANY ('{(writer),\"(head writer)\",\"(written by)\",(story),\"(story editor)\"}'::text[]))", "Plans": [{"Node Type": "Bitmap Index Scan", "Parent Relationship": "Outer", "Index Name": "movie_id_cast_info", "Startup Cost": 0.0, "Total Cost": 0.52, "Plan Rows": 6, "Plan Width": 0, "Index Cond": "(movie_id = t.id)"}]}]}, {"Node Type": "Bitmap Heap Scan", "Parent Relationship": "Inner", "Relation Name": "name", "Alias": "n", "Startup Cost": 0.31, "Total Cost": 4.32, "Plan Rows": 1, "Plan Width": 4, "Recheck Cond": "(id = ci.person_id)", "Filter": "((gender)::text = 'm'::text)", "Plans": [{"Node Type": "Bitmap Index Scan", "Parent Relationship": "Outer", "Index Name": "name_pkey", "Startup Cost": 0.0, "Total Cost": 0.31, "Plan Rows": 1, "Plan Width": 0, "Index Cond": "(id = ci.person_id)"}]}]}]}, "Unique SQL Id": 3913857139, "Planner Runtime": 62}, "explain_analyze_plan": {"Plan": {"Node Type": "Aggregate", "Strategy": "Plain", "Startup Cost": 100448.81, "Total Cost": 100448.82, "Plan Rows": 1, "Plan Width": 160, "Actual Min Startup Time": 12910.383, "Actual Max Startup Time": 12910.383, "Actual Min Total Time": 12910.384, "Actual Max Total Time": 12910.384, "Plans": [{"Node Type": "Nested Loop", "Parent Relationship": "Outer", "Join Type": "Inner", "Startup Cost": 3.89, "Total Cost": 100438.21, "Plan Rows": 1413, "Plan Width": 64, "Actual Min Startup Time": 1409.932, "Actual Max Startup Time": 1409.932, "Actual Min Total Time": 12862.925, "Actual Max Total Time": 12862.925, "Inner Unique": true, "Plans": [{"Node Type": "Nested Loop", "Parent Relationship": "Outer", "Join Type": "Inner", "Startup Cost": 3.58, "Total Cost": 95432.79, "Plan Rows": 1155, "Plan Width": 68, "Actual Min Startup Time": 1408.337, "Actual Max Startup Time": 1408.337, "Actual Min Total Time": 12355.647, "Actual Max Total Time": 12355.647, "Inner Unique": false, "Plans": [{"Node Type": "Nested Loop", "Parent Relationship": "Outer", "Join Type": "Inner", "Startup Cost": 3.06, "Total Cost": 90590.12, "Plan Rows": 1044, "Plan Width": 76, "Actual Min Startup Time": 1407.755, "Actual Max Startup Time": 1407.755, "Actual Min Total Time": 2366.475, "Actual Max Total Time": 2366.475, "Inner Unique": true, "Join Filter": "(mi.movie_id = t.id)", "Rows Removed by Join Filter": 0, "Plans": [{"Node Type": "Nested Loop", "Parent Relationship": "Outer", "Join Type": "Inner", "Startup Cost": 2.78, "Total Cost": 86090.93, "Plan Rows": 1044, "Plan Width": 55, "Actual Min Startup Time": 1407.708, "Actual Max Startup Time": 1407.708, "Actual Min Total Time": 1575.428, "Actual Max Total Time": 1575.428, "Inner Unique": false, "Join Filter": "(mi_idx.info_type_id = it2.id)", "Rows Removed by Join Filter": 205269, "Plans": [{"Node Type": "Seq Scan", "Parent Relationship": "Outer", "Relation Name": "info_type", "Alias": "it2", "Startup Cost": 0.0, "Total Cost": 2.4, "Plan Rows": 1, "Plan Width": 4, "Actual Min Startup Time": 0.156, "Actual Max Startup Time": 0.156, "Actual Min Total Time": 0.17, "Actual Max Total Time": 0.17, "Filter": "((info)::text = 'votes'::text)", "Rows Removed by Filter": 111, "Actual Rows": 1}, {"Node Type": "Materialize", "Parent Relationship": "Inner", "Startup Cost": 2.78, "Total Cost": 86046.78, "Plan Rows": 4175, "Plan Width": 59, "Actual Min Startup Time": 1407.53, "Actual Max Startup Time": 1407.53, "Actual Min Total Time": 1456.3, "Actual Max Total Time": 1456.3, "Plans": [{"Node Type": "Nested Loop", "Parent Relationship": "Outer", "Join Type": "Inner", "Startup Cost": 2.78, "Total Cost": 86036.34, "Plan Rows": 4175, "Plan Width": 59, "Actual Min Startup Time": 137.975, "Actual Max Startup Time": 137.975, "Actual Min Total Time": 1318.53, "Actual Max Total Time": 1318.53, "Inner Unique": false, "Plans": [{"Node Type": "Hash Join", "Parent Relationship": "Outer", "Join Type": "Inner", "Startup Cost": 2.41, "Total Cost": 74048.91, "Plan Rows": 2717, "Plan Width": 46, "Actual Min Startup Time": 137.912, "Actual Max Startup Time": 137.912, "Actual Min Total Time": 307.269, "Actual Max Total Time": 307.269, "Inner Unique": true, "Hash Cond": "(mi.info_type_id = it1.id)", "Plans": [{"Node Type": "Streaming(type: LOCAL GATHER dop: 1/64)", "Parent Relationship": "Outer", "Startup Cost": 0.0, "Total Cost": 73306.19, "Plan Rows": 190170, "Plan Width": 50, "Actual Min Startup Time": 137.751, "Actual Max Startup Time": 137.751, "Actual Min Total Time": 206.759, "Actual Max Total Time": 206.759, "Plans": [{"Node Type": "Seq Scan", "Parent Relationship": "Outer", "Relation Name": "movie_info", "Alias": "mi", "Startup Cost": 0.0, "Total Cost": 69383.01, "Plan Rows": 190170, "Plan Width": 50, "Actual Min Startup Time": 55.52, "Actual Max Startup Time": 129.351, "Actual Min Total Time": 110.225, "Actual Max Total Time": 140.319, "Filter": "((info)::text = ANY ('{Horror,Action,Sci-Fi,Thriller,Crime,War}'::text[]))", "Rows Removed by Filter": 14646748, "Actual Rows": 188971}], "Actual Rows": 188971}, {"Node Type": "Hash", "Parent Relationship": "Inner", "Startup Cost": 2.4, "Total Cost": 2.4, "Plan Rows": 1, "Plan Width": 4, "Actual Min Startup Time": 0.088, "Actual Max Startup Time": 0.088, "Actual Min Total Time": 0.088, "Actual Max Total Time": 0.088, "Max Hash Buckets": 32768, "Min Hash Buckets": 32768, "Max Hash Batches": 1, "Min Hash Batches": 1, "Max Original Hash Batches": 1, "Min Original Hash Batches": 1, "Max Peak Memory Usage": 1, "min Peak Memory Usage": 1, "Plans": [{"Node Type": "Seq Scan", "Parent Relationship": "Outer", "Relation Name": "info_type", "Alias": "it1", "Startup Cost": 0.0, "Total Cost": 2.4, "Plan Rows": 1, "Plan Width": 4, "Actual Min Startup Time": 0.052, "Actual Max Startup Time": 0.052, "Actual Min Total Time": 0.076, "Actual Max Total Time": 0.076, "Filter": "((info)::text = 'genres'::text)", "Rows Removed by Filter": 111, "Actual Rows": 1}], "Actual Rows": 1}], "Actual Rows": 186594}, {"Node Type": "Bitmap Heap Scan", "Parent Relationship": "Inner", "Relation Name": "movie_info_idx", "Alias": "mi_idx", "Startup Cost": 0.37, "Total Cost": 4.39, "Plan Rows": 2, "Plan Width": 13, "Actual Min Startup Time": 699.828, "Actual Max Startup Time": 699.828, "Actual Min Total Time": 741.696, "Actual Max Total Time": 741.696, "Recheck Cond": "(movie_id = mi.movie_id)", "Rows Removed by Index Recheck": 0, "Exact Heap Blocks": 103610, "Lossy Heap Blocks": 103610, "Plans": [{"Node Type": "Bitmap Index Scan", "Parent Relationship": "Outer", "Index Name": "movie_id_movie_info_idx", "Startup Cost": 0.0, "Total Cost": 0.37, "Plan Rows": 2, "Plan Width": 0, "Actual Min Startup Time": 470.017, "Actual Max Startup Time": 470.017, "Actual Min Total Time": 470.017, "Actual Max Total Time": 470.017, "Index Cond": "(movie_id = mi.movie_id)", "Actual Rows": 307785}], "Actual Rows": 307785}], "Actual Rows": 307785}], "Actual Rows": 307786}], "Actual Rows": 102516}, {"Node Type": "Bitmap Heap Scan", "Parent Relationship": "Inner", "Relation Name": "title", "Alias": "t", "Startup Cost": 0.28, "Total Cost": 4.3, "Plan Rows": 1, "Plan Width": 21, "Actual Min Startup Time": 595.953, "Actual Max Startup Time": 595.953, "Actual Min Total Time": 595.953, "Actual Max Total Time": 595.953, "Recheck Cond": "(id = mi_idx.movie_id)", "Rows Removed by Index Recheck": 0, "Exact Heap Blocks": 102516, "Lossy Heap Blocks": 102516, "Plans": [{"Node Type": "Bitmap Index Scan", "Parent Relationship": "Outer", "Index Name": "title_pkey", "Startup Cost": 0.0, "Total Cost": 0.28, "Plan Rows": 1, "Plan Width": 0, "Actual Min Startup Time": 327.784, "Actual Max Startup Time": 327.784, "Actual Min Total Time": 327.784, "Actual Max Total Time": 327.784, "Index Cond": "(id = mi_idx.movie_id)", "Actual Rows": 102516}], "Actual Rows": 102516}], "Actual Rows": 102516}, {"Node Type": "Bitmap Heap Scan", "Parent Relationship": "Inner", "Relation Name": "cast_info", "Alias": "ci", "Startup Cost": 0.52, "Total Cost": 4.63, "Plan Rows": 1, "Plan Width": 8, "Actual Min Startup Time": 8503.304, "Actual Max Startup Time": 8503.304, "Actual Min Total Time": 9823.533, "Actual Max Total Time": 9823.533, "Recheck Cond": "(movie_id = t.id)", "Rows Removed by Index Recheck": 0, "Filter": "((note)::text = ANY ('{(writer),\"(head writer)\",\"(written by)\",(story),\"(story editor)\"}'::text[]))", "Rows Removed by Filter": 3987641, "Exact Heap Blocks": 3901088, "Lossy Heap Blocks": 3901088, "Plans": [{"Node Type": "Bitmap Index Scan", "Parent Relationship": "Outer", "Index Name": "movie_id_cast_info", "Startup Cost": 0.0, "Total Cost": 0.52, "Plan Rows": 6, "Plan Width": 0, "Actual Min Startup Time": 1075.725, "Actual Max Startup Time": 1075.725, "Actual Min Total Time": 1075.725, "Actual Max Total Time": 1075.725, "Index Cond": "(movie_id = t.id)", "Actual Rows": 4041796}], "Actual Rows": 54155}], "Actual Rows": 54155}, {"Node Type": "Bitmap Heap Scan", "Parent Relationship": "Inner", "Relation Name": "name", "Alias": "n", "Startup Cost": 0.31, "Total Cost": 4.32, "Plan Rows": 1, "Plan Width": 4, "Actual Min Startup Time": 418.914, "Actual Max Startup Time": 418.914, "Actual Min Total Time": 418.914, "Actual Max Total Time": 418.914, "Recheck Cond": "(id = ci.person_id)", "Rows Removed by Index Recheck": 0, "Filter": "((gender)::text = 'm'::text)", "Rows Removed by Filter": 26082, "Exact Heap Blocks": 54155, "Lossy Heap Blocks": 54155, "Plans": [{"Node Type": "Bitmap Index Scan", "Parent Relationship": "Outer", "Index Name": "name_pkey", "Startup Cost": 0.0, "Total Cost": 0.31, "Plan Rows": 1, "Plan Width": 0, "Actual Min Startup Time": 265.16, "Actual Max Startup Time": 265.16, "Actual Min Total Time": 265.16, "Actual Max Total Time": 265.16, "Index Cond": "(id = ci.person_id)", "Actual Rows": 54155}], "Actual Rows": 28073}], "Actual Rows": 28073}], "Actual Rows": 1}, "Triggers": [], "Planner Runtime": 62, "Total Runtime": 12924.618, "Unique SQL Id": 3913857139}}, "(64, 39)": {"explain_plan": {"Plan": {"Node Type": "Aggregate", "Strategy": "Plain", "Startup Cost": 191395.62, "Total Cost": 191395.63, "Plan Rows": 1, "Plan Width": 160, "Plans": [{"Node Type": "Nested Loop", "Parent Relationship": "Outer", "Join Type": "Inner", "Startup Cost": 4861.24, "Total Cost": 191385.02, "Plan Rows": 1413, "Plan Width": 64, "Inner Unique": true, "Plans": [{"Node Type": "Nested Loop", "Parent Relationship": "Outer", "Join Type": "Inner", "Startup Cost": 4860.93, "Total Cost": 186379.6, "Plan Rows": 1155, "Plan Width": 68, "Inner Unique": false, "Plans": [{"Node Type": "Nested Loop", "Parent Relationship": "Outer", "Join Type": "Inner", "Startup Cost": 4860.41, "Total Cost": 181536.93, "Plan Rows": 1044, "Plan Width": 76, "Inner Unique": true, "Join Filter": "(mi.movie_id = t.id)", "Plans": [{"Node Type": "Nested Loop", "Parent Relationship": "Outer", "Join Type": "Inner", "Startup Cost": 4860.13, "Total Cost": 177037.74, "Plan Rows": 1044, "Plan Width": 55, "Inner Unique": false, "Join Filter": "(mi_idx.info_type_id = it2.id)", "Plans": [{"Node Type": "Bitmap Heap Scan", "Parent Relationship": "Outer", "Relation Name": "info_type", "Alias": "it2", "Startup Cost": 8.81, "Total Cost": 14.21, "Plan Rows": 1, "Plan Width": 4, "Filter": "((info)::text = 'votes'::text)", "Plans": [{"Node Type": "Bitmap Index Scan", "Parent Relationship": "Outer", "Index Name": "info_type_pkey", "Startup Cost": 0.0, "Total Cost": 8.81, "Plan Rows": 112, "Plan Width": 0}]}, {"Node Type": "Nested Loop", "Parent Relationship": "Inner", "Join Type": "Inner", "Startup Cost": 4851.32, "Total Cost": 176971.34, "Plan Rows": 4175, "Plan Width": 59, "Inner Unique": false, "Plans": [{"Node Type": "Nested Loop", "Parent Relationship": "Outer", "Join Type": "Inner", "Startup Cost": 4850.95, "Total Cost": 164983.91, "Plan Rows": 2717, "Plan Width": 46, "Inner Unique": false, "Plans": [{"Node Type": "Bitmap Heap Scan", "Parent Relationship": "Outer", "Relation Name": "info_type", "Alias": "it1", "Startup Cost": 8.81, "Total Cost": 14.21, "Plan Rows": 1, "Plan Width": 4, "Filter": "((info)::text = 'genres'::text)", "Plans": [{"Node Type": "Bitmap Index Scan", "Parent Relationship": "Outer", "Index Name": "info_type_pkey", "Startup Cost": 0.0, "Total Cost": 8.81, "Plan Rows": 112, "Plan Width": 0}]}, {"Node Type": "Bitmap Heap Scan", "Parent Relationship": "Inner", "Relation Name": "movie_info", "Alias": "mi", "Startup Cost": 4842.14, "Total Cost": 164942.53, "Plan Rows": 2717, "Plan Width": 50, "Recheck Cond": "(info_type_id = it1.id)", "Filter": "((info)::text = ANY ('{Horror,Action,Sci-Fi,Thriller,Crime,War}'::text[]))", "Plans": [{"Node Type": "Bitmap Index Scan", "Parent Relationship": "Outer", "Index Name": "info_type_id_movie_info", "Startup Cost": 0.0, "Total Cost": 4841.46, "Plan Rows": 212428, "Plan Width": 0, "Index Cond": "(info_type_id = it1.id)"}]}]}, {"Node Type": "Bitmap Heap Scan", "Parent Relationship": "Inner", "Relation Name": "movie_info_idx", "Alias": "mi_idx", "Startup Cost": 0.37, "Total Cost": 4.39, "Plan Rows": 2, "Plan Width": 13, "Recheck Cond": "(movie_id = mi.movie_id)", "Plans": [{"Node Type": "Bitmap Index Scan", "Parent Relationship": "Outer", "Index Name": "movie_id_movie_info_idx", "Startup Cost": 0.0, "Total Cost": 0.37, "Plan Rows": 2, "Plan Width": 0, "Index Cond": "(movie_id = mi.movie_id)"}]}]}]}, {"Node Type": "Bitmap Heap Scan", "Parent Relationship": "Inner", "Relation Name": "title", "Alias": "t", "Startup Cost": 0.28, "Total Cost": 4.3, "Plan Rows": 1, "Plan Width": 21, "Recheck Cond": "(id = mi_idx.movie_id)", "Plans": [{"Node Type": "Bitmap Index Scan", "Parent Relationship": "Outer", "Index Name": "title_pkey", "Startup Cost": 0.0, "Total Cost": 0.28, "Plan Rows": 1, "Plan Width": 0, "Index Cond": "(id = mi_idx.movie_id)"}]}]}, {"Node Type": "Bitmap Heap Scan", "Parent Relationship": "Inner", "Relation Name": "cast_info", "Alias": "ci", "Startup Cost": 0.52, "Total Cost": 4.63, "Plan Rows": 1, "Plan Width": 8, "Recheck Cond": "(movie_id = t.id)", "Filter": "((note)::text = ANY ('{(writer),\"(head writer)\",\"(written by)\",(story),\"(story editor)\"}'::text[]))", "Plans": [{"Node Type": "Bitmap Index Scan", "Parent Relationship": "Outer", "Index Name": "movie_id_cast_info", "Startup Cost": 0.0, "Total Cost": 0.52, "Plan Rows": 6, "Plan Width": 0, "Index Cond": "(movie_id = t.id)"}]}]}, {"Node Type": "Bitmap Heap Scan", "Parent Relationship": "Inner", "Relation Name": "name", "Alias": "n", "Startup Cost": 0.31, "Total Cost": 4.32, "Plan Rows": 1, "Plan Width": 4, "Recheck Cond": "(id = ci.person_id)", "Filter": "((gender)::text = 'm'::text)", "Plans": [{"Node Type": "Bitmap Index Scan", "Parent Relationship": "Outer", "Index Name": "name_pkey", "Startup Cost": 0.0, "Total Cost": 0.31, "Plan Rows": 1, "Plan Width": 0, "Index Cond": "(id = ci.person_id)"}]}]}]}, "Unique SQL Id": 3913857139, "Planner Runtime": 17}, "explain_analyze_plan": {"Plan": {"Node Type": "Aggregate", "Strategy": "Plain", "Startup Cost": 191395.62, "Total Cost": 191395.63, "Plan Rows": 1, "Plan Width": 160, "Actual Startup Time": 13580.726, "Actual Total Time": 13580.726, "Actual Rows": 1, "Actual Loops": 1, "Plans": [{"Node Type": "Nested Loop", "Parent Relationship": "Outer", "Join Type": "Inner", "Startup Cost": 4861.24, "Total Cost": 191385.02, "Plan Rows": 1413, "Plan Width": 64, "Actual Startup Time": 182.856, "Actual Total Time": 13524.954, "Actual Rows": 28073, "Actual Loops": 1, "Inner Unique": true, "Plans": [{"Node Type": "Nested Loop", "Parent Relationship": "Outer", "Join Type": "Inner", "Startup Cost": 4860.93, "Total Cost": 186379.6, "Plan Rows": 1155, "Plan Width": 68, "Actual Startup Time": 180.203, "Actual Total Time": 13012.912, "Actual Rows": 54155, "Actual Loops": 1, "Inner Unique": false, "Plans": [{"Node Type": "Nested Loop", "Parent Relationship": "Outer", "Join Type": "Inner", "Startup Cost": 4860.41, "Total Cost": 181536.93, "Plan Rows": 1044, "Plan Width": 76, "Actual Startup Time": 177.143, "Actual Total Time": 3136.935, "Actual Rows": 102516, "Actual Loops": 1, "Inner Unique": true, "Join Filter": "(mi.movie_id = t.id)", "Rows Removed by Join Filter": 0, "Plans": [{"Node Type": "Nested Loop", "Parent Relationship": "Outer", "Join Type": "Inner", "Startup Cost": 4860.13, "Total Cost": 177037.74, "Plan Rows": 1044, "Plan Width": 55, "Actual Startup Time": 177.118, "Actual Total Time": 2402.755, "Actual Rows": 102516, "Actual Loops": 1, "Inner Unique": false, "Join Filter": "(mi_idx.info_type_id = it2.id)", "Rows Removed by Join Filter": 205269, "Plans": [{"Node Type": "Bitmap Heap Scan", "Parent Relationship": "Outer", "Relation Name": "info_type", "Alias": "it2", "Startup Cost": 8.81, "Total Cost": 14.21, "Plan Rows": 1, "Plan Width": 4, "Actual Startup Time": 0.081, "Actual Total Time": 0.085, "Actual Rows": 1, "Actual Loops": 1, "Filter": "((info)::text = 'votes'::text)", "Rows Removed by Filter": 111, "Exact Heap Blocks": 1, "Lossy Heap Blocks": 1, "Plans": [{"Node Type": "Bitmap Index Scan", "Parent Relationship": "Outer", "Index Name": "info_type_pkey", "Startup Cost": 0.0, "Total Cost": 8.81, "Plan Rows": 112, "Plan Width": 0, "Actual Startup Time": 0.019, "Actual Total Time": 0.019, "Actual Rows": 112, "Actual Loops": 1}]}, {"Node Type": "Nested Loop", "Parent Relationship": "Inner", "Join Type": "Inner", "Startup Cost": 4851.32, "Total Cost": 176971.34, "Plan Rows": 4175, "Plan Width": 59, "Actual Startup Time": 177.024, "Actual Total Time": 2302.393, "Actual Rows": 307785, "Actual Loops": 1, "Inner Unique": false, "Plans": [{"Node Type": "Nested Loop", "Parent Relationship": "Outer", "Join Type": "Inner", "Startup Cost": 4850.95, "Total Cost": 164983.91, "Plan Rows": 2717, "Plan Width": 46, "Actual Startup Time": 176.982, "Actual Total Time": 1162.537, "Actual Rows": 186594, "Actual Loops": 1, "Inner Unique": false, "Plans": [{"Node Type": "Bitmap Heap Scan", "Parent Relationship": "Outer", "Relation Name": "info_type", "Alias": "it1", "Startup Cost": 8.81, "Total Cost": 14.21, "Plan Rows": 1, "Plan Width": 4, "Actual Startup Time": 0.031, "Actual Total Time": 0.059, "Actual Rows": 1, "Actual Loops": 1, "Filter": "((info)::text = 'genres'::text)", "Rows Removed by Filter": 111, "Exact Heap Blocks": 1, "Lossy Heap Blocks": 1, "Plans": [{"Node Type": "Bitmap Index Scan", "Parent Relationship": "Outer", "Index Name": "info_type_pkey", "Startup Cost": 0.0, "Total Cost": 8.81, "Plan Rows": 112, "Plan Width": 0, "Actual Startup Time": 0.008, "Actual Total Time": 0.008, "Actual Rows": 112, "Actual Loops": 1}]}, {"Node Type": "Bitmap Heap Scan", "Parent Relationship": "Inner", "Relation Name": "movie_info", "Alias": "mi", "Startup Cost": 4842.14, "Total Cost": 164942.53, "Plan Rows": 2717, "Plan Width": 50, "Actual Startup Time": 176.947, "Actual Total Time": 1117.951, "Actual Rows": 186594, "Actual Loops": 1, "Recheck Cond": "(info_type_id = it1.id)", "Rows Removed by Index Recheck": 0, "Filter": "((info)::text = ANY ('{Horror,Action,Sci-Fi,Thriller,Crime,War}'::text[]))", "Rows Removed by Filter": 1347315, "Exact Heap Blocks": 7426, "Lossy Heap Blocks": 7426, "Plans": [{"Node Type": "Bitmap Index Scan", "Parent Relationship": "Outer", "Index Name": "info_type_id_movie_info", "Startup Cost": 0.0, "Total Cost": 4841.46, "Plan Rows": 212428, "Plan Width": 0, "Actual Startup Time": 175.581, "Actual Total Time": 175.581, "Actual Rows": 1533909, "Actual Loops": 1, "Index Cond": "(info_type_id = it1.id)"}]}]}, {"Node Type": "Bitmap Heap Scan", "Parent Relationship": "Inner", "Relation Name": "movie_info_idx", "Alias": "mi_idx", "Startup Cost": 0.37, "Total Cost": 4.39, "Plan Rows": 2, "Plan Width": 13, "Actual Startup Time": 777.609, "Actual Total Time": 823.786, "Actual Rows": 307785, "Actual Loops": 186594, "Recheck Cond": "(movie_id = mi.movie_id)", "Rows Removed by Index Recheck": 0, "Exact Heap Blocks": 103610, "Lossy Heap Blocks": 103610, "Plans": [{"Node Type": "Bitmap Index Scan", "Parent Relationship": "Outer", "Index Name": "movie_id_movie_info_idx", "Startup Cost": 0.0, "Total Cost": 0.37, "Plan Rows": 2, "Plan Width": 0, "Actual Startup Time": 528.311, "Actual Total Time": 528.311, "Actual Rows": 307785, "Actual Loops": 186594, "Index Cond": "(movie_id = mi.movie_id)"}]}]}]}, {"Node Type": "Bitmap Heap Scan", "Parent Relationship": "Inner", "Relation Name": "title", "Alias": "t", "Startup Cost": 0.28, "Total Cost": 4.3, "Plan Rows": 1, "Plan Width": 21, "Actual Startup Time": 553.231, "Actual Total Time": 553.231, "Actual Rows": 102516, "Actual Loops": 102516, "Recheck Cond": "(id = mi_idx.movie_id)", "Rows Removed by Index Recheck": 0, "Exact Heap Blocks": 102516, "Lossy Heap Blocks": 102516, "Plans": [{"Node Type": "Bitmap Index Scan", "Parent Relationship": "Outer", "Index Name": "title_pkey", "Startup Cost": 0.0, "Total Cost": 0.28, "Plan Rows": 1, "Plan Width": 0, "Actual Startup Time": 303.255, "Actual Total Time": 303.255, "Actual Rows": 102516, "Actual Loops": 102516, "Index Cond": "(id = mi_idx.movie_id)"}]}]}, {"Node Type": "Bitmap Heap Scan", "Parent Relationship": "Inner", "Relation Name": "cast_info", "Alias": "ci", "Startup Cost": 0.52, "Total Cost": 4.63, "Plan Rows": 1, "Plan Width": 8, "Actual Startup Time": 8405.75, "Actual Total Time": 9708.17, "Actual Rows": 54155, "Actual Loops": 102516, "Recheck Cond": "(movie_id = t.id)", "Rows Removed by Index Recheck": 0, "Filter": "((note)::text = ANY ('{(writer),\"(head writer)\",\"(written by)\",(story),\"(story editor)\"}'::text[]))", "Rows Removed by Filter": 3987641, "Exact Heap Blocks": 3901088, "Lossy Heap Blocks": 3901088, "Plans": [{"Node Type": "Bitmap Index Scan", "Parent Relationship": "Outer", "Index Name": "movie_id_cast_info", "Startup Cost": 0.0, "Total Cost": 0.52, "Plan Rows": 6, "Plan Width": 0, "Actual Startup Time": 1067.615, "Actual Total Time": 1067.615, "Actual Rows": 4041796, "Actual Loops": 102516, "Index Cond": "(movie_id = t.id)"}]}]}, {"Node Type": "Bitmap Heap Scan", "Parent Relationship": "Inner", "Relation Name": "name", "Alias": "n", "Startup Cost": 0.31, "Total Cost": 4.32, "Plan Rows": 1, "Plan Width": 4, "Actual Startup Time": 417.007, "Actual Total Time": 417.007, "Actual Rows": 28073, "Actual Loops": 54155, "Recheck Cond": "(id = ci.person_id)", "Rows Removed by Index Recheck": 0, "Filter": "((gender)::text = 'm'::text)", "Rows Removed by Filter": 26082, "Exact Heap Blocks": 54155, "Lossy Heap Blocks": 54155, "Plans": [{"Node Type": "Bitmap Index Scan", "Parent Relationship": "Outer", "Index Name": "name_pkey", "Startup Cost": 0.0, "Total Cost": 0.31, "Plan Rows": 1, "Plan Width": 0, "Actual Startup Time": 263.412, "Actual Total Time": 263.412, "Actual Rows": 54155, "Actual Loops": 54155, "Index Cond": "(id = ci.person_id)"}]}]}]}, "Triggers": [], "Planner Runtime": 8, "Total Runtime": 13581.043, "Unique SQL Id": 3913857139}}, "(64, 40)": {"explain_plan": {"Plan": {"Node Type": "Aggregate", "Strategy": "Plain", "Startup Cost": 77671.24, "Total Cost": 77671.25, "Plan Rows": 1, "Plan Width": 160, "Plans": [{"Node Type": "Nested Loop", "Parent Relationship": "Outer", "Join Type": "Inner", "Startup Cost": 2.41, "Total Cost": 77660.64, "Plan Rows": 1413, "Plan Width": 64, "Inner Unique": true, "Plans": [{"Node Type": "Nested Loop", "Parent Relationship": "Outer", "Join Type": "Inner", "Startup Cost": 2.41, "Total Cost": 77081.37, "Plan Rows": 1155, "Plan Width": 68, "Inner Unique": false, "Plans": [{"Node Type": "Nested Loop", "Parent Relationship": "Outer", "Join Type": "Inner", "Startup Cost": 2.41, "Total Cost": 76019.74, "Plan Rows": 1044, "Plan Width": 76, "Inner Unique": true, "Join Filter": "(mi.movie_id = t.id)", "Plans": [{"Node Type": "Nested Loop", "Parent Relationship": "Outer", "Join Type": "Inner", "Startup Cost": 2.41, "Total Cost": 75591.55, "Plan Rows": 1044, "Plan Width": 55, "Inner Unique": false, "Join Filter": "(mi_idx.info_type_id = it2.id)", "Plans": [{"Node Type": "Seq Scan", "Parent Relationship": "Outer", "Relation Name": "info_type", "Alias": "it2", "Startup Cost": 0.0, "Total Cost": 2.4, "Plan Rows": 1, "Plan Width": 4, "Filter": "((info)::text = 'votes'::text)"}, {"Node Type": "Materialize", "Parent Relationship": "Inner", "Startup Cost": 2.41, "Total Cost": 75547.4, "Plan Rows": 4175, "Plan Width": 59, "Plans": [{"Node Type": "Nested Loop", "Parent Relationship": "Outer", "Join Type": "Inner", "Startup Cost": 2.41, "Total Cost": 75536.96, "Plan Rows": 4175, "Plan Width": 59, "Inner Unique": false, "Plans": [{"Node Type": "Hash Join", "Parent Relationship": "Outer", "Join Type": "Inner", "Startup Cost": 2.41, "Total Cost": 74048.91, "Plan Rows": 2717, "Plan Width": 46, "Inner Unique": true, "Hash Cond": "(mi.info_type_id = it1.id)", "Plans": [{"Node Type": "Streaming(type: LOCAL GATHER dop: 1/64)", "Parent Relationship": "Outer", "Startup Cost": 0.0, "Total Cost": 73306.19, "Plan Rows": 190170, "Plan Width": 50, "Plans": [{"Node Type": "Seq Scan", "Parent Relationship": "Outer", "Relation Name": "movie_info", "Alias": "mi", "Startup Cost": 0.0, "Total Cost": 69383.01, "Plan Rows": 190170, "Plan Width": 50, "Filter": "((info)::text = ANY ('{Horror,Action,Sci-Fi,Thriller,Crime,War}'::text[]))"}]}, {"Node Type": "Hash", "Parent Relationship": "Inner", "Startup Cost": 2.4, "Total Cost": 2.4, "Plan Rows": 1, "Plan Width": 4, "Plans": [{"Node Type": "Seq Scan", "Parent Relationship": "Outer", "Relation Name": "info_type", "Alias": "it1", "Startup Cost": 0.0, "Total Cost": 2.4, "Plan Rows": 1, "Plan Width": 4, "Filter": "((info)::text = 'genres'::text)"}]}]}, {"Node Type": "Index Scan", "Parent Relationship": "Inner", "Scan Direction": "Forward", "Index Name": "movie_id_movie_info_idx", "Relation Name": "movie_info_idx", "Alias": "mi_idx", "Startup Cost": 0.0, "Total Cost": 0.53, "Plan Rows": 2, "Plan Width": 13, "Index Cond": "(movie_id = mi.movie_id)"}]}]}]}, {"Node Type": "Index Scan", "Parent Relationship": "Inner", "Scan Direction": "Forward", "Index Name": "title_pkey", "Relation Name": "title", "Alias": "t", "Startup Cost": 0.0, "Total Cost": 0.4, "Plan Rows": 1, "Plan Width": 21, "Index Cond": "(id = mi_idx.movie_id)"}]}, {"Node Type": "Index Scan", "Parent Relationship": "Inner", "Scan Direction": "Forward", "Index Name": "movie_id_cast_info", "Relation Name": "cast_info", "Alias": "ci", "Startup Cost": 0.0, "Total Cost": 1.01, "Plan Rows": 1, "Plan Width": 8, "Index Cond": "(movie_id = t.id)", "Filter": "((note)::text = ANY ('{(writer),\"(head writer)\",\"(written by)\",(story),\"(story editor)\"}'::text[]))"}]}, {"Node Type": "Index Scan", "Parent Relationship": "Inner", "Scan Direction": "Forward", "Index Name": "name_pkey", "Relation Name": "name", "Alias": "n", "Startup Cost": 0.0, "Total Cost": 0.49, "Plan Rows": 1, "Plan Width": 4, "Index Cond": "(id = ci.person_id)", "Filter": "((gender)::text = 'm'::text)"}]}]}, "Unique SQL Id": 3913857139, "Planner Runtime": 48}, "explain_analyze_plan": {"Plan": {"Node Type": "Aggregate", "Strategy": "Plain", "Startup Cost": 77671.24, "Total Cost": 77671.25, "Plan Rows": 1, "Plan Width": 160, "Actual Min Startup Time": 9783.508, "Actual Max Startup Time": 9783.508, "Actual Min Total Time": 9783.509, "Actual Max Total Time": 9783.509, "Plans": [{"Node Type": "Nested Loop", "Parent Relationship": "Outer", "Join Type": "Inner", "Startup Cost": 2.41, "Total Cost": 77660.64, "Plan Rows": 1413, "Plan Width": 64, "Actual Min Startup Time": 1152.408, "Actual Max Startup Time": 1152.408, "Actual Min Total Time": 9742.428, "Actual Max Total Time": 9742.428, "Inner Unique": true, "Plans": [{"Node Type": "Nested Loop", "Parent Relationship": "Outer", "Join Type": "Inner", "Startup Cost": 2.41, "Total Cost": 77081.37, "Plan Rows": 1155, "Plan Width": 68, "Actual Min Startup Time": 1151.067, "Actual Max Startup Time": 1151.067, "Actual Min Total Time": 9371.761, "Actual Max Total Time": 9371.761, "Inner Unique": false, "Plans": [{"Node Type": "Nested Loop", "Parent Relationship": "Outer", "Join Type": "Inner", "Startup Cost": 2.41, "Total Cost": 76019.74, "Plan Rows": 1044, "Plan Width": 76, "Actual Min Startup Time": 1150.588, "Actual Max Startup Time": 1150.588, "Actual Min Total Time": 1851.533, "Actual Max Total Time": 1851.533, "Inner Unique": true, "Join Filter": "(mi.movie_id = t.id)", "Rows Removed by Join Filter": 0, "Plans": [{"Node Type": "Nested Loop", "Parent Relationship": "Outer", "Join Type": "Inner", "Startup Cost": 2.41, "Total Cost": 75591.55, "Plan Rows": 1044, "Plan Width": 55, "Actual Min Startup Time": 1150.561, "Actual Max Startup Time": 1150.561, "Actual Min Total Time": 1313.622, "Actual Max Total Time": 1313.622, "Inner Unique": false, "Join Filter": "(mi_idx.info_type_id = it2.id)", "Rows Removed by Join Filter": 205269, "Plans": [{"Node Type": "Seq Scan", "Parent Relationship": "Outer", "Relation Name": "info_type", "Alias": "it2", "Startup Cost": 0.0, "Total Cost": 2.4, "Plan Rows": 1, "Plan Width": 4, "Actual Min Startup Time": 0.056, "Actual Max Startup Time": 0.056, "Actual Min Total Time": 0.069, "Actual Max Total Time": 0.069, "Filter": "((info)::text = 'votes'::text)", "Rows Removed by Filter": 111, "Actual Rows": 1}, {"Node Type": "Materialize", "Parent Relationship": "Inner", "Startup Cost": 2.41, "Total Cost": 75547.4, "Plan Rows": 4175, "Plan Width": 59, "Actual Min Startup Time": 1150.491, "Actual Max Startup Time": 1150.491, "Actual Min Total Time": 1199.666, "Actual Max Total Time": 1199.666, "Plans": [{"Node Type": "Nested Loop", "Parent Relationship": "Outer", "Join Type": "Inner", "Startup Cost": 2.41, "Total Cost": 75536.96, "Plan Rows": 4175, "Plan Width": 59, "Actual Min Startup Time": 140.729, "Actual Max Startup Time": 140.729, "Actual Min Total Time": 1061.537, "Actual Max Total Time": 1061.537, "Inner Unique": false, "Plans": [{"Node Type": "Hash Join", "Parent Relationship": "Outer", "Join Type": "Inner", "Startup Cost": 2.41, "Total Cost": 74048.91, "Plan Rows": 2717, "Plan Width": 46, "Actual Min Startup Time": 140.692, "Actual Max Startup Time": 140.692, "Actual Min Total Time": 290.405, "Actual Max Total Time": 290.405, "Inner Unique": true, "Hash Cond": "(mi.info_type_id = it1.id)", "Plans": [{"Node Type": "Streaming(type: LOCAL GATHER dop: 1/64)", "Parent Relationship": "Outer", "Startup Cost": 0.0, "Total Cost": 73306.19, "Plan Rows": 190170, "Plan Width": 50, "Actual Min Startup Time": 122.916, "Actual Max Startup Time": 122.916, "Actual Min Total Time": 196.412, "Actual Max Total Time": 196.412, "Plans": [{"Node Type": "Seq Scan", "Parent Relationship": "Outer", "Relation Name": "movie_info", "Alias": "mi", "Startup Cost": 0.0, "Total Cost": 69383.01, "Plan Rows": 190170, "Plan Width": 50, "Actual Min Startup Time": 55.514, "Actual Max Startup Time": 109.982, "Actual Min Total Time": 109.636, "Actual Max Total Time": 142.334, "Filter": "((info)::text = ANY ('{Horror,Action,Sci-Fi,Thriller,Crime,War}'::text[]))", "Rows Removed by Filter": 14646748, "Actual Rows": 188971}], "Actual Rows": 188971}, {"Node Type": "Hash", "Parent Relationship": "Inner", "Startup Cost": 2.4, "Total Cost": 2.4, "Plan Rows": 1, "Plan Width": 4, "Actual Min Startup Time": 0.096, "Actual Max Startup Time": 0.096, "Actual Min Total Time": 0.096, "Actual Max Total Time": 0.096, "Max Hash Buckets": 32768, "Min Hash Buckets": 32768, "Max Hash Batches": 1, "Min Hash Batches": 1, "Max Original Hash Batches": 1, "Min Original Hash Batches": 1, "Max Peak Memory Usage": 1, "min Peak Memory Usage": 1, "Plans": [{"Node Type": "Seq Scan", "Parent Relationship": "Outer", "Relation Name": "info_type", "Alias": "it1", "Startup Cost": 0.0, "Total Cost": 2.4, "Plan Rows": 1, "Plan Width": 4, "Actual Min Startup Time": 0.063, "Actual Max Startup Time": 0.063, "Actual Min Total Time": 0.087, "Actual Max Total Time": 0.087, "Filter": "((info)::text = 'genres'::text)", "Rows Removed by Filter": 111, "Actual Rows": 1}], "Actual Rows": 1}], "Actual Rows": 186594}, {"Node Type": "Index Scan", "Parent Relationship": "Inner", "Scan Direction": "Forward", "Index Name": "movie_id_movie_info_idx", "Relation Name": "movie_info_idx", "Alias": "mi_idx", "Startup Cost": 0.0, "Total Cost": 0.53, "Plan Rows": 2, "Plan Width": 13, "Actual Min Startup Time": 504.384, "Actual Max Startup Time": 504.384, "Actual Min Total Time": 617.621, "Actual Max Total Time": 617.621, "Index Cond": "(movie_id = mi.movie_id)", "Rows Removed by Index Recheck": 0, "Actual Rows": 307785}], "Actual Rows": 307785}], "Actual Rows": 307786}], "Actual Rows": 102516}, {"Node Type": "Index Scan", "Parent Relationship": "Inner", "Scan Direction": "Forward", "Index Name": "title_pkey", "Relation Name": "title", "Alias": "t", "Startup Cost": 0.0, "Total Cost": 0.4, "Plan Rows": 1, "Plan Width": 21, "Actual Min Startup Time": 428.079, "Actual Max Startup Time": 428.079, "Actual Min Total Time": 428.079, "Actual Max Total Time": 428.079, "Index Cond": "(id = mi_idx.movie_id)", "Rows Removed by Index Recheck": 0, "Actual Rows": 102516}], "Actual Rows": 102516}, {"Node Type": "Index Scan", "Parent Relationship": "Inner", "Scan Direction": "Forward", "Index Name": "movie_id_cast_info", "Relation Name": "cast_info", "Alias": "ci", "Startup Cost": 0.0, "Total Cost": 1.01, "Plan Rows": 1, "Plan Width": 8, "Actual Min Startup Time": 6347.806, "Actual Max Startup Time": 6347.806, "Actual Min Total Time": 7447.163, "Actual Max Total Time": 7447.163, "Index Cond": "(movie_id = t.id)", "Rows Removed by Index Recheck": 0, "Filter": "((note)::text = ANY ('{(writer),\"(head writer)\",\"(written by)\",(story),\"(story editor)\"}'::text[]))", "Rows Removed by Filter": 3987641, "Actual Rows": 54155}], "Actual Rows": 54155}, {"Node Type": "Index Scan", "Parent Relationship": "Inner", "Scan Direction": "Forward", "Index Name": "name_pkey", "Relation Name": "name", "Alias": "n", "Startup Cost": 0.0, "Total Cost": 0.49, "Plan Rows": 1, "Plan Width": 4, "Actual Min Startup Time": 324.179, "Actual Max Startup Time": 324.179, "Actual Min Total Time": 324.179, "Actual Max Total Time": 324.179, "Index Cond": "(id = ci.person_id)", "Rows Removed by Index Recheck": 0, "Filter": "((gender)::text = 'm'::text)", "Rows Removed by Filter": 26082, "Actual Rows": 28073}], "Actual Rows": 28073}], "Actual Rows": 1}, "Triggers": [], "Planner Runtime": 48, "Total Runtime": 9795.194, "Unique SQL Id": 3913857139}}, "(64, 41)": {"explain_plan": {"Plan": {"Node Type": "Aggregate", "Strategy": "Plain", "Startup Cost": 385547.34, "Total Cost": 385547.35, "Plan Rows": 1, "Plan Width": 160, "Plans": [{"Node Type": "Nested Loop", "Parent Relationship": "Outer", "Join Type": "Inner", "Startup Cost": 0.0, "Total Cost": 385536.75, "Plan Rows": 1413, "Plan Width": 64, "Inner Unique": true, "Plans": [{"Node Type": "Nested Loop", "Parent Relationship": "Outer", "Join Type": "Inner", "Startup Cost": 0.0, "Total Cost": 384957.48, "Plan Rows": 1155, "Plan Width": 68, "Inner Unique": false, "Plans": [{"Node Type": "Nested Loop", "Parent Relationship": "Outer", "Join Type": "Inner", "Startup Cost": 0.0, "Total Cost": 383895.85, "Plan Rows": 1044, "Plan Width": 76, "Inner Unique": true, "Join Filter": "(mi.movie_id = t.id)", "Plans": [{"Node Type": "Nested Loop", "Parent Relationship": "Outer", "Join Type": "Inner", "Startup Cost": 0.0, "Total Cost": 383467.66, "Plan Rows": 1044, "Plan Width": 55, "Inner Unique": false, "Join Filter": "(mi.info_type_id = it1.id)", "Plans": [{"Node Type": "Index Scan", "Parent Relationship": "Outer", "Scan Direction": "Forward", "Index Name": "info_type_pkey", "Relation Name": "info_type", "Alias": "it1", "Startup Cost": 0.0, "Total Cost": 14.21, "Plan Rows": 1, "Plan Width": 4, "Filter": "((info)::text = 'genres'::text)"}, {"Node Type": "Nested Loop", "Parent Relationship": "Inner", "Join Type": "Inner", "Startup Cost": 0.0, "Total Cost": 380590.58, "Plan Rows": 229029, "Plan Width": 59, "Inner Unique": false, "Plans": [{"Node Type": "Nested Loop", "Parent Relationship": "Outer", "Join Type": "Inner", "Startup Cost": 0.0, "Total Cost": 38338.2, "Plan Rows": 345008, "Plan Width": 9, "Inner Unique": false, "Plans": [{"Node Type": "Index Scan", "Parent Relationship": "Outer", "Scan Direction": "Forward", "Index Name": "info_type_pkey", "Relation Name": "info_type", "Alias": "it2", "Startup Cost": 0.0, "Total Cost": 14.21, "Plan Rows": 1, "Plan Width": 4, "Filter": "((info)::text = 'votes'::text)"}, {"Node Type": "Index Scan", "Parent Relationship": "Inner", "Scan Direction": "Forward", "Index Name": "info_type_id_movie_info_idx", "Relation Name": "movie_info_idx", "Alias": "mi_idx", "Startup Cost": 0.0, "Total Cost": 34873.91, "Plan Rows": 345008, "Plan Width": 13, "Index Cond": "(info_type_id = it2.id), (LLVM Optimized)"}]}, {"Node Type": "Index Scan", "Parent Relationship": "Inner", "Scan Direction": "Forward", "Index Name": "movie_id_movie_info", "Relation Name": "movie_info", "Alias": "mi", "Startup Cost": 0.0, "Total Cost": 0.98, "Plan Rows": 1, "Plan Width": 50, "Index Cond": "(movie_id = mi_idx.movie_id)", "Filter": "((info)::text = ANY ('{Horror,Action,Sci-Fi,Thriller,Crime,War}'::text[]))"}]}]}, {"Node Type": "Index Scan", "Parent Relationship": "Inner", "Scan Direction": "Forward", "Index Name": "title_pkey", "Relation Name": "title", "Alias": "t", "Startup Cost": 0.0, "Total Cost": 0.4, "Plan Rows": 1, "Plan Width": 21, "Index Cond": "(id = mi_idx.movie_id)"}]}, {"Node Type": "Index Scan", "Parent Relationship": "Inner", "Scan Direction": "Forward", "Index Name": "movie_id_cast_info", "Relation Name": "cast_info", "Alias": "ci", "Startup Cost": 0.0, "Total Cost": 1.01, "Plan Rows": 1, "Plan Width": 8, "Index Cond": "(movie_id = t.id)", "Filter": "((note)::text = ANY ('{(writer),\"(head writer)\",\"(written by)\",(story),\"(story editor)\"}'::text[]))"}]}, {"Node Type": "Index Scan", "Parent Relationship": "Inner", "Scan Direction": "Forward", "Index Name": "name_pkey", "Relation Name": "name", "Alias": "n", "Startup Cost": 0.0, "Total Cost": 0.49, "Plan Rows": 1, "Plan Width": 4, "Index Cond": "(id = ci.person_id)", "Filter": "((gender)::text = 'm'::text)"}]}]}, "Unique SQL Id": 3913857139, "Planner Runtime": 17}, "explain_analyze_plan": {"Plan": {"Node Type": "Aggregate", "Strategy": "Plain", "Startup Cost": 385547.34, "Total Cost": 385547.35, "Plan Rows": 1, "Plan Width": 160, "Actual Startup Time": 19038.718, "Actual Total Time": 19038.719, "Actual Rows": 1, "Actual Loops": 1, "Plans": [{"Node Type": "Nested Loop", "Parent Relationship": "Outer", "Join Type": "Inner", "Startup Cost": 0.0, "Total Cost": 385536.75, "Plan Rows": 1413, "Plan Width": 64, "Actual Startup Time": 29.464, "Actual Total Time": 18993.643, "Actual Rows": 28073, "Actual Loops": 1, "Inner Unique": true, "Plans": [{"Node Type": "Nested Loop", "Parent Relationship": "Outer", "Join Type": "Inner", "Startup Cost": 0.0, "Total Cost": 384957.48, "Plan Rows": 1155, "Plan Width": 68, "Actual Startup Time": 14.609, "Actual Total Time": 18579.543, "Actual Rows": 54155, "Actual Loops": 1, "Inner Unique": false, "Plans": [{"Node Type": "Nested Loop", "Parent Relationship": "Outer", "Join Type": "Inner", "Startup Cost": 0.0, "Total Cost": 383895.85, "Plan Rows": 1044, "Plan Width": 76, "Actual Startup Time": 0.805, "Actual Total Time": 10083.062, "Actual Rows": 102516, "Actual Loops": 1, "Inner Unique": true, "Join Filter": "(mi.movie_id = t.id)", "Rows Removed by Join Filter": 0, "Plans": [{"Node Type": "Nested Loop", "Parent Relationship": "Outer", "Join Type": "Inner", "Startup Cost": 0.0, "Total Cost": 383467.66, "Plan Rows": 1044, "Plan Width": 55, "Actual Startup Time": 0.793, "Actual Total Time": 9512.208, "Actual Rows": 102516, "Actual Loops": 1, "Inner Unique": false, "Join Filter": "(mi.info_type_id = it1.id)", "Rows Removed by Join Filter": 2376, "Plans": [{"Node Type": "Index Scan", "Parent Relationship": "Outer", "Scan Direction": "Forward", "Index Name": "info_type_pkey", "Relation Name": "info_type", "Alias": "it1", "Startup Cost": 0.0, "Total Cost": 14.21, "Plan Rows": 1, "Plan Width": 4, "Actual Startup Time": 0.028, "Actual Total Time": 0.085, "Actual Rows": 1, "Actual Loops": 1, "Filter": "((info)::text = 'genres'::text)", "Rows Removed by Filter": 111}, {"Node Type": "Nested Loop", "Parent Relationship": "Inner", "Join Type": "Inner", "Startup Cost": 0.0, "Total Cost": 380590.58, "Plan Rows": 229029, "Plan Width": 59, "Actual Startup Time": 0.76, "Actual Total Time": 9469.385, "Actual Rows": 104892, "Actual Loops": 1, "Inner Unique": false, "Plans": [{"Node Type": "Nested Loop", "Parent Relationship": "Outer", "Join Type": "Inner", "Startup Cost": 0.0, "Total Cost": 38338.2, "Plan Rows": 345008, "Plan Width": 9, "Actual Startup Time": 0.072, "Actual Total Time": 397.046, "Actual Rows": 459925, "Actual Loops": 1, "Inner Unique": false, "Plans": [{"Node Type": "Index Scan", "Parent Relationship": "Outer", "Scan Direction": "Forward", "Index Name": "info_type_pkey", "Relation Name": "info_type", "Alias": "it2", "Startup Cost": 0.0, "Total Cost": 14.21, "Plan Rows": 1, "Plan Width": 4, "Actual Startup Time": 0.054, "Actual Total Time": 0.212, "Actual Rows": 1, "Actual Loops": 1, "Filter": "((info)::text = 'votes'::text)", "Rows Removed by Filter": 111}, {"Node Type": "Index Scan", "Parent Relationship": "Inner", "Scan Direction": "Forward", "Index Name": "info_type_id_movie_info_idx", "Relation Name": "movie_info_idx", "Alias": "mi_idx", "Startup Cost": 0.0, "Total Cost": 34873.91, "Plan Rows": 345008, "Plan Width": 13, "Actual Startup Time": 0.015, "Actual Total Time": 288.249, "Actual Rows": 459925, "Actual Loops": 1, "Index Cond": "(info_type_id = it2.id), (LLVM Optimized, Jit Execute)", "Rows Removed by Index Recheck": 0}]}, {"Node Type": "Index Scan", "Parent Relationship": "Inner", "Scan Direction": "Forward", "Index Name": "movie_id_movie_info", "Relation Name": "movie_info", "Alias": "mi", "Startup Cost": 0.0, "Total Cost": 0.98, "Plan Rows": 1, "Plan Width": 50, "Actual Startup Time": 8639.279, "Actual Total Time": 8804.256, "Actual Rows": 104892, "Actual Loops": 459925, "Index Cond": "(movie_id = mi_idx.movie_id)", "Rows Removed by Index Recheck": 0, "Filter": "((info)::text = ANY ('{Horror,Action,Sci-Fi,Thriller,Crime,War}'::text[]))", "Rows Removed by Filter": 6825442}]}]}, {"Node Type": "Index Scan", "Parent Relationship": "Inner", "Scan Direction": "Forward", "Index Name": "title_pkey", "Relation Name": "title", "Alias": "t", "Startup Cost": 0.0, "Total Cost": 0.4, "Plan Rows": 1, "Plan Width": 21, "Actual Startup Time": 452.698, "Actual Total Time": 452.698, "Actual Rows": 102516, "Actual Loops": 102516, "Index Cond": "(id = mi_idx.movie_id)", "Rows Removed by Index Recheck": 0}]}, {"Node Type": "Index Scan", "Parent Relationship": "Inner", "Scan Direction": "Forward", "Index Name": "movie_id_cast_info", "Relation Name": "cast_info", "Alias": "ci", "Startup Cost": 0.0, "Total Cost": 1.01, "Plan Rows": 1, "Plan Width": 8, "Actual Startup Time": 7176.634, "Actual Total Time": 8423.011, "Actual Rows": 54155, "Actual Loops": 102516, "Index Cond": "(movie_id = t.id)", "Rows Removed by Index Recheck": 0, "Filter": "((note)::text = ANY ('{(writer),\"(head writer)\",\"(written by)\",(story),\"(story editor)\"}'::text[]))", "Rows Removed by Filter": 3987641}]}, {"Node Type": "Index Scan", "Parent Relationship": "Inner", "Scan Direction": "Forward", "Index Name": "name_pkey", "Relation Name": "name", "Alias": "n", "Startup Cost": 0.0, "Total Cost": 0.49, "Plan Rows": 1, "Plan Width": 4, "Actual Startup Time": 365.599, "Actual Total Time": 365.599, "Actual Rows": 28073, "Actual Loops": 54155, "Index Cond": "(id = ci.person_id)", "Rows Removed by Index Recheck": 0, "Filter": "((gender)::text = 'm'::text)", "Rows Removed by Filter": 26082}]}]}, "Triggers": [], "Planner Runtime": 6, "Total Runtime": 19047.819, "Unique SQL Id": 3913857139}}, "(64, 42)": {"explain_plan": {"Plan": {"Node Type": "Aggregate", "Strategy": "Plain", "Startup Cost": 321946.63, "Total Cost": 321946.64, "Plan Rows": 1, "Plan Width": 160, "Plans": [{"Node Type": "Hash Join", "Parent Relationship": "Outer", "Join Type": "Inner", "Startup Cost": 231909.32, "Total Cost": 321936.03, "Plan Rows": 1413, "Plan Width": 64, "Inner Unique": true, "Hash Cond": "(ci.person_id = n.id)", "Plans": [{"Node Type": "Streaming(type: LOCAL GATHER dop: 1/64)", "Parent Relationship": "Outer", "Startup Cost": 185018.45, "Total Cost": 275026.7, "Plan Rows": 1155, "Plan Width": 68, "Plans": [{"Node Type": "Hash Join", "Parent Relationship": "Outer", "Join Type": "Inner", "Startup Cost": 185018.45, "Total Cost": 275002.88, "Plan Rows": 1155, "Plan Width": 68, "Inner Unique": false, "Hash Cond": "(t.id = ci.movie_id)", "Plans": [{"Node Type": "Streaming(type: BROADCAST dop: 64/1)", "Parent Relationship": "Outer", "Startup Cost": 165793.23, "Total Cost": 255717.44, "Plan Rows": 66816, "Plan Width": 76, "Plans": [{"Node Type": "Nested Loop", "Parent Relationship": "Outer", "Join Type": "Inner", "Startup Cost": 165793.23, "Total Cost": 191339.03, "Plan Rows": 1044, "Plan Width": 76, "Inner Unique": false, "Join Filter": "(mi_idx.info_type_id = it2.id)", "Plans": [{"Node Type": "Seq Scan", "Parent Relationship": "Outer", "Relation Name": "info_type", "Alias": "it2", "Startup Cost": 0.0, "Total Cost": 2.4, "Plan Rows": 1, "Plan Width": 4, "Filter": "((info)::text = 'votes'::text)"}, {"Node Type": "Materialize", "Parent Relationship": "Inner", "Startup Cost": 165793.23, "Total Cost": 191294.88, "Plan Rows": 4175, "Plan Width": 80, "Plans": [{"Node Type": "Hash Join", "Parent Relationship": "Outer", "Join Type": "Inner", "Startup Cost": 165793.23, "Total Cost": 191284.45, "Plan Rows": 4175, "Plan Width": 80, "Inner Unique": false, "Hash Cond": "(mi_idx.movie_id = t.id)", "Plans": [{"Node Type": "Seq Scan", "Parent Relationship": "Outer", "Relation Name": "movie_info_idx", "Alias": "mi_idx", "Startup Cost": 0.0, "Total Cost": 20274.34, "Plan Rows": 1380034, "Plan Width": 13}, {"Node Type": "Hash", "Parent Relationship": "Inner", "Startup Cost": 165759.27, "Total Cost": 165759.27, "Plan Rows": 2717, "Plan Width": 67, "Plans": [{"Node Type": "Hash Join", "Parent Relationship": "Outer", "Join Type": "Inner", "Startup Cost": 91675.41, "Total Cost": 165759.27, "Plan Rows": 2717, "Plan Width": 67, "Inner Unique": true, "Hash Cond": "(mi.movie_id = t.id)", "Plans": [{"Node Type": "Hash Join", "Parent Relationship": "Outer", "Join Type": "Inner", "Startup Cost": 2.41, "Total Cost": 74048.91, "Plan Rows": 2717, "Plan Width": 46, "Inner Unique": true, "Hash Cond": "(mi.info_type_id = it1.id)", "Plans": [{"Node Type": "Streaming(type: LOCAL GATHER dop: 1/64)", "Parent Relationship": "Outer", "Startup Cost": 0.0, "Total Cost": 73306.19, "Plan Rows": 190170, "Plan Width": 50, "Plans": [{"Node Type": "Seq Scan", "Parent Relationship": "Outer", "Relation Name": "movie_info", "Alias": "mi", "Startup Cost": 0.0, "Total Cost": 69383.01, "Plan Rows": 190170, "Plan Width": 50, "Filter": "((info)::text = ANY ('{Horror,Action,Sci-Fi,Thriller,Crime,War}'::text[]))"}]}, {"Node Type": "Hash", "Parent Relationship": "Inner", "Startup Cost": 2.4, "Total Cost": 2.4, "Plan Rows": 1, "Plan Width": 4, "Plans": [{"Node Type": "Seq Scan", "Parent Relationship": "Outer", "Relation Name": "info_type", "Alias": "it1", "Startup Cost": 0.0, "Total Cost": 2.4, "Plan Rows": 1, "Plan Width": 4, "Filter": "((info)::text = 'genres'::text)"}]}]}, {"Node Type": "Hash", "Parent Relationship": "Inner", "Startup Cost": 60069.11, "Total Cost": 60069.11, "Plan Rows": 2528311, "Plan Width": 21, "Plans": [{"Node Type": "Seq Scan", "Parent Relationship": "Outer", "Relation Name": "title", "Alias": "t", "Startup Cost": 0.0, "Total Cost": 60069.11, "Plan Rows": 2528311, "Plan Width": 21}]}]}]}]}]}]}]}, {"Node Type": "Hash", "Parent Relationship": "Inner", "Startup Cost": 75945.31, "Total Cost": 75945.31, "Plan Rows": 1223154, "Plan Width": 8, "Plans": [{"Node Type": "Seq Scan", "Parent Relationship": "Outer", "Relation Name": "cast_info", "Alias": "ci", "Startup Cost": 0.0, "Total Cost": 75945.31, "Plan Rows": 1223154, "Plan Width": 8, "Filter": "((note)::text = ANY ('{(writer),\"(head writer)\",\"(written by)\",(story),\"(story editor)\"}'::text[]))"}]}]}]}, {"Node Type": "Hash", "Parent Relationship": "Inner", "Startup Cost": 100527.77, "Total Cost": 100527.77, "Plan Rows": 1740714, "Plan Width": 4, "Plans": [{"Node Type": "Streaming(type: LOCAL GATHER dop: 1/64)", "Parent Relationship": "Outer", "Startup Cost": 0.0, "Total Cost": 100527.77, "Plan Rows": 1740714, "Plan Width": 4, "Plans": [{"Node Type": "Seq Scan", "Parent Relationship": "Outer", "Relation Name": "name", "Alias": "n", "Startup Cost": 0.0, "Total Cost": 64617.04, "Plan Rows": 1740714, "Plan Width": 4, "Filter": "((gender)::text = 'm'::text), (LLVM Optimized)"}]}]}]}]}, "Unique SQL Id": 3913857139, "Planner Runtime": 81}, "explain_analyze_plan": {"Plan": {"Node Type": "Aggregate", "Strategy": "Plain", "Startup Cost": 321946.63, "Total Cost": 321946.64, "Plan Rows": 1, "Plan Width": 160, "Actual Min Startup Time": 8977.742, "Actual Max Startup Time": 8977.742, "Actual Min Total Time": 8977.742, "Actual Max Total Time": 8977.742, "Plans": [{"Node Type": "Hash Join", "Parent Relationship": "Outer", "Join Type": "Inner", "Startup Cost": 231909.32, "Total Cost": 321936.03, "Plan Rows": 1413, "Plan Width": 64, "Actual Min Startup Time": 4253.537, "Actual Max Startup Time": 4253.537, "Actual Min Total Time": 8958.206, "Actual Max Total Time": 8958.206, "Inner Unique": true, "Hash Cond": "(ci.person_id = n.id)", "Plans": [{"Node Type": "Streaming(type: LOCAL GATHER dop: 1/64)", "Parent Relationship": "Outer", "Startup Cost": 185018.45, "Total Cost": 275026.7, "Plan Rows": 1155, "Plan Width": 68, "Actual Min Startup Time": 2892.486, "Actual Max Startup Time": 2892.486, "Actual Min Total Time": 7572.565, "Actual Max Total Time": 7572.565, "Plans": [{"Node Type": "Hash Join", "Parent Relationship": "Outer", "Join Type": "Inner", "Startup Cost": 185018.45, "Total Cost": 275002.88, "Plan Rows": 1155, "Plan Width": 68, "Actual Min Startup Time": 3358.547, "Actual Max Startup Time": 3541.429, "Actual Min Total Time": 8566.429, "Actual Max Total Time": 8739.319, "Inner Unique": false, "Hash Cond": "(t.id = ci.movie_id)", "Plans": [{"Node Type": "Streaming(type: BROADCAST dop: 64/1)", "Parent Relationship": "Outer", "Startup Cost": 165793.23, "Total Cost": 255717.44, "Plan Rows": 66816, "Plan Width": 76, "Actual Min Startup Time": 3125.691, "Actual Max Startup Time": 3256.433, "Actual Min Total Time": 8303.23, "Actual Max Total Time": 8443.785, "Plans": [{"Node Type": "Nested Loop", "Parent Relationship": "Outer", "Join Type": "Inner", "Startup Cost": 165793.23, "Total Cost": 191339.03, "Plan Rows": 1044, "Plan Width": 76, "Actual Min Startup Time": 3363.575, "Actual Max Startup Time": 3363.575, "Actual Min Total Time": 3496.379, "Actual Max Total Time": 3496.379, "Inner Unique": false, "Join Filter": "(mi_idx.info_type_id = it2.id)", "Rows Removed by Join Filter": 205269, "Plans": [{"Node Type": "Seq Scan", "Parent Relationship": "Outer", "Relation Name": "info_type", "Alias": "it2", "Startup Cost": 0.0, "Total Cost": 2.4, "Plan Rows": 1, "Plan Width": 4, "Actual Min Startup Time": 0.101, "Actual Max Startup Time": 0.101, "Actual Min Total Time": 0.126, "Actual Max Total Time": 0.126, "Filter": "((info)::text = 'votes'::text)", "Rows Removed by Filter": 111, "Actual Rows": 1}, {"Node Type": "Materialize", "Parent Relationship": "Inner", "Startup Cost": 165793.23, "Total Cost": 191294.88, "Plan Rows": 4175, "Plan Width": 80, "Actual Min Startup Time": 3362.943, "Actual Max Startup Time": 3362.943, "Actual Min Total Time": 3397.806, "Actual Max Total Time": 3397.806, "Plans": [{"Node Type": "Hash Join", "Parent Relationship": "Outer", "Join Type": "Inner", "Startup Cost": 165793.23, "Total Cost": 191284.45, "Plan Rows": 4175, "Plan Width": 80, "Actual Min Startup Time": 2434.808, "Actual Max Startup Time": 2434.808, "Actual Min Total Time": 3274.246, "Actual Max Total Time": 3274.246, "Inner Unique": false, "Hash Cond": "(mi_idx.movie_id = t.id)", "Plans": [{"Node Type": "Seq Scan", "Parent Relationship": "Outer", "Relation Name": "movie_info_idx", "Alias": "mi_idx", "Startup Cost": 0.0, "Total Cost": 20274.34, "Plan Rows": 1380034, "Plan Width": 13, "Actual Min Startup Time": 0.052, "Actual Max Startup Time": 0.052, "Actual Min Total Time": 316.621, "Actual Max Total Time": 316.621, "Actual Rows": 1380034}, {"Node Type": "Hash", "Parent Relationship": "Inner", "Startup Cost": 165759.27, "Total Cost": 165759.27, "Plan Rows": 2717, "Plan Width": 67, "Actual Min Startup Time": 2430.075, "Actual Max Startup Time": 2430.075, "Actual Min Total Time": 2430.075, "Actual Max Total Time": 2430.075, "Max Hash Buckets": 32768, "Min Hash Buckets": 32768, "Max Hash Batches": 1, "Min Hash Batches": 1, "Max Original Hash Batches": 1, "Min Original Hash Batches": 1, "Max Peak Memory Usage": 12274, "min Peak Memory Usage": 12274, "Plans": [{"Node Type": "Hash Join", "Parent Relationship": "Outer", "Join Type": "Inner", "Startup Cost": 91675.41, "Total Cost": 165759.27, "Plan Rows": 2717, "Plan Width": 67, "Actual Min Startup Time": 2081.898, "Actual Max Startup Time": 2081.898, "Actual Min Total Time": 2368.67, "Actual Max Total Time": 2368.67, "Inner Unique": true, "Hash Cond": "(mi.movie_id = t.id)", "Plans": [{"Node Type": "Hash Join", "Parent Relationship": "Outer", "Join Type": "Inner", "Startup Cost": 2.41, "Total Cost": 74048.91, "Plan Rows": 2717, "Plan Width": 46, "Actual Min Startup Time": 0.371, "Actual Max Startup Time": 0.371, "Actual Min Total Time": 162.966, "Actual Max Total Time": 162.966, "Inner Unique": true, "Hash Cond": "(mi.info_type_id = it1.id)", "Plans": [{"Node Type": "Streaming(type: LOCAL GATHER dop: 1/64)", "Parent Relationship": "Outer", "Startup Cost": 0.0, "Total Cost": 73306.19, "Plan Rows": 190170, "Plan Width": 50, "Actual Min Startup Time": 0.171, "Actual Max Startup Time": 0.171, "Actual Min Total Time": 89.209, "Actual Max Total Time": 89.209, "Plans": [{"Node Type": "Seq Scan", "Parent Relationship": "Outer", "Relation Name": "movie_info", "Alias": "mi", "Startup Cost": 0.0, "Total Cost": 69383.01, "Plan Rows": 190170, "Plan Width": 50, "Actual Min Startup Time": 62.363, "Actual Max Startup Time": 122.436, "Actual Min Total Time": 112.127, "Actual Max Total Time": 141.314, "Filter": "((info)::text = ANY ('{Horror,Action,Sci-Fi,Thriller,Crime,War}'::text[]))", "Rows Removed by Filter": 14646748, "Actual Rows": 188971}], "Actual Rows": 188971}, {"Node Type": "Hash", "Parent Relationship": "Inner", "Startup Cost": 2.4, "Total Cost": 2.4, "Plan Rows": 1, "Plan Width": 4, "Actual Min Startup Time": 0.097, "Actual Max Startup Time": 0.097, "Actual Min Total Time": 0.097, "Actual Max Total Time": 0.097, "Max Hash Buckets": 32768, "Min Hash Buckets": 32768, "Max Hash Batches": 1, "Min Hash Batches": 1, "Max Original Hash Batches": 1, "Min Original Hash Batches": 1, "Max Peak Memory Usage": 1, "min Peak Memory Usage": 1, "Plans": [{"Node Type": "Seq Scan", "Parent Relationship": "Outer", "Relation Name": "info_type", "Alias": "it1", "Startup Cost": 0.0, "Total Cost": 2.4, "Plan Rows": 1, "Plan Width": 4, "Actual Min Startup Time": 0.065, "Actual Max Startup Time": 0.065, "Actual Min Total Time": 0.088, "Actual Max Total Time": 0.088, "Filter": "((info)::text = 'genres'::text)", "Rows Removed by Filter": 111, "Actual Rows": 1}], "Actual Rows": 1}], "Actual Rows": 186594}, {"Node Type": "Hash", "Parent Relationship": "Inner", "Startup Cost": 60069.11, "Total Cost": 60069.11, "Plan Rows": 2528311, "Plan Width": 21, "Actual Min Startup Time": 2036.89, "Actual Max Startup Time": 2036.89, "Actual Min Total Time": 2036.89, "Actual Max Total Time": 2036.89, "Max Hash Buckets": 4194304, "Min Hash Buckets": 4194304, "Max Hash Batches": 1, "Min Hash Batches": 1, "Max Original Hash Batches": 1, "Min Original Hash Batches": 1, "Max Peak Memory Usage": 135869, "min Peak Memory Usage": 135869, "Plans": [{"Node Type": "Seq Scan", "Parent Relationship": "Outer", "Relation Name": "title", "Alias": "t", "Startup Cost": 0.0, "Total Cost": 60069.11, "Plan Rows": 2528311, "Plan Width": 21, "Actual Min Startup Time": 0.034, "Actual Max Startup Time": 0.034, "Actual Min Total Time": 839.892, "Actual Max Total Time": 839.892, "Actual Rows": 2528311}], "Actual Rows": 2528311}], "Actual Rows": 186594}], "Actual Rows": 186594}], "Actual Rows": 307785}], "Actual Rows": 307786}], "Actual Rows": 102516}], "Actual Rows": 6561024}, {"Node Type": "Hash", "Parent Relationship": "Inner", "Startup Cost": 75945.31, "Total Cost": 75945.31, "Plan Rows": 1223154, "Plan Width": 8, "Actual Min Startup Time": 220.598, "Actual Max Startup Time": 269.796, "Actual Min Total Time": 220.598, "Actual Max Total Time": 269.796, "Max Hash Buckets": 32768, "Min Hash Buckets": 32768, "Max Hash Batches": 1, "Min Hash Batches": 1, "Max Original Hash Batches": 1, "Min Original Hash Batches": 1, "Max Peak Memory Usage": 808, "min Peak Memory Usage": 808, "Plans": [{"Node Type": "Seq Scan", "Parent Relationship": "Outer", "Relation Name": "cast_info", "Alias": "ci", "Startup Cost": 0.0, "Total Cost": 75945.31, "Plan Rows": 1223154, "Plan Width": 8, "Actual Min Startup Time": 6.076, "Actual Max Startup Time": 150.682, "Actual Min Total Time": 215.129, "Actual Max Total Time": 232.747, "Filter": "((note)::text = ANY ('{(writer),\"(head writer)\",\"(written by)\",(story),\"(story editor)\"}'::text[]))", "Rows Removed by Filter": 34999627, "Actual Rows": 1244716}], "Actual Rows": 1244716}], "Actual Rows": 54155}], "Actual Rows": 54155}, {"Node Type": "Hash", "Parent Relationship": "Inner", "Startup Cost": 100527.77, "Total Cost": 100527.77, "Plan Rows": 1740714, "Plan Width": 4, "Actual Min Startup Time": 1359.632, "Actual Max Startup Time": 1359.632, "Actual Min Total Time": 1359.632, "Actual Max Total Time": 1359.632, "Max Hash Buckets": 2097152, "Min Hash Buckets": 2097152, "Max Hash Batches": 1, "Min Hash Batches": 1, "Max Original Hash Batches": 1, "Min Original Hash Batches": 1, "Max Peak Memory Usage": 61158, "min Peak Memory Usage": 61158, "Plans": [{"Node Type": "Streaming(type: LOCAL GATHER dop: 1/64)", "Parent Relationship": "Outer", "Startup Cost": 0.0, "Total Cost": 100527.77, "Plan Rows": 1740714, "Plan Width": 4, "Actual Min Startup Time": 208.488, "Actual Max Startup Time": 208.488, "Actual Min Total Time": 790.492, "Actual Max Total Time": 790.492, "Plans": [{"Node Type": "Seq Scan", "Parent Relationship": "Outer", "Relation Name": "name", "Alias": "n", "Startup Cost": 0.0, "Total Cost": 64617.04, "Plan Rows": 1740714, "Plan Width": 4, "Actual Min Startup Time": 0.025, "Actual Max Startup Time": 0.063, "Actual Min Total Time": 22.209, "Actual Max Total Time": 27.554, "Filter": "((gender)::text = 'm'::text), (LLVM Optimized, Jit Execute)", "Rows Removed by Filter": 2427912, "Actual Rows": 1739578}], "Actual Rows": 1739578}], "Actual Rows": 1739578}], "Actual Rows": 28073}], "Actual Rows": 1}, "Triggers": [], "Planner Runtime": 81, "Total Runtime": 9048.438, "Unique SQL Id": 3913857139}}, "(64, 43)": {"explain_plan": {"Plan": {"Node Type": "Aggregate", "Strategy": "Plain", "Startup Cost": 7000445600668.71, "Total Cost": 7000445600668.72, "Plan Rows": 1, "Plan Width": 160, "Plans": [{"Node Type": "Nested Loop", "Parent Relationship": "Outer", "Join Type": "Inner", "Startup Cost": 70000000000.0, "Total Cost": 7000445600658.11, "Plan Rows": 1413, "Plan Width": 64, "Inner Unique": false, "Join Filter": "(ci.person_id = n.id)", "Plans": [{"Node Type": "Index Scan", "Parent Relationship": "Outer", "Scan Direction": "Forward", "Index Name": "name_pkey", "Relation Name": "name", "Alias": "n", "Startup Cost": 10000000000.0, "Total Cost": 1000018665147.2, "Plan Rows": 1740714, "Plan Width": 4, "Filter": "((gender)::text = 'm'::text), (LLVM Optimized)"}, {"Node Type": "Materialize", "Parent Relationship": "Inner", "Startup Cost": 60000000000.0, "Total Cost": 6000396777643.75, "Plan Rows": 1155, "Plan Width": 68, "Plans": [{"Node Type": "Nested Loop", "Parent Relationship": "Outer", "Join Type": "Inner", "Startup Cost": 60000000000.0, "Total Cost": 6000396777637.97, "Plan Rows": 1155, "Plan Width": 68, "Inner Unique": false, "Join Filter": "(t.id = ci.movie_id)", "Plans": [{"Node Type": "Index Scan", "Parent Relationship": "Outer", "Scan Direction": "Forward", "Index Name": "person_id_cast_info", "Relation Name": "cast_info", "Alias": "ci", "Startup Cost": 10000000000.0, "Total Cost": 1000193311016.96, "Plan Rows": 1223154, "Plan Width": 8, "Filter": "((note)::text = ANY ('{(writer),\"(head writer)\",\"(written by)\",(story),\"(story editor)\"}'::text[]))"}, {"Node Type": "Materialize", "Parent Relationship": "Inner", "Startup Cost": 50000000000.0, "Total Cost": 5000184312031.98, "Plan Rows": 1044, "Plan Width": 76, "Plans": [{"Node Type": "Nested Loop", "Parent Relationship": "Outer", "Join Type": "Inner", "Startup Cost": 50000000000.0, "Total Cost": 5000184312026.76, "Plan Rows": 1044, "Plan Width": 76, "Inner Unique": false, "Join Filter": "(mi.movie_id = t.id)", "Plans": [{"Node Type": "Index Scan", "Parent Relationship": "Outer", "Scan Direction": "Forward", "Index Name": "title_pkey", "Relation Name": "title", "Alias": "t", "Startup Cost": 10000000000.0, "Total Cost": 1000011012048.91, "Plan Rows": 2528311, "Plan Width": 21}, {"Node Type": "Materialize", "Parent Relationship": "Inner", "Startup Cost": 40000000000.0, "Total Cost": 4000133706630.2, "Plan Rows": 1044, "Plan Width": 55, "Plans": [{"Node Type": "Nested Loop", "Parent Relationship": "Outer", "Join Type": "Inner", "Startup Cost": 40000000000.0, "Total Cost": 4000133706624.98, "Plan Rows": 1044, "Plan Width": 55, "Inner Unique": false, "Join Filter": "(mi.movie_id = mi_idx.movie_id)", "Plans": [{"Node Type": "Nested Loop", "Parent Relationship": "Outer", "Join Type": "Inner", "Startup Cost": 20000000000.0, "Total Cost": 2000004672156.88, "Plan Rows": 345008, "Plan Width": 9, "Inner Unique": true, "Join Filter": "(it2.id = mi_idx.info_type_id), (LLVM Optimized)", "Plans": [{"Node Type": "Index Scan", "Parent Relationship": "Outer", "Scan Direction": "Forward", "Index Name": "movie_id_movie_info_idx", "Relation Name": "movie_info_idx", "Alias": "mi_idx", "Startup Cost": 10000000000.0, "Total Cost": 1000004650035.37, "Plan Rows": 1380034, "Plan Width": 13}, {"Node Type": "Materialize", "Parent Relationship": "Inner", "Startup Cost": 10000000000.0, "Total Cost": 1000000001421.0, "Plan Rows": 1, "Plan Width": 4, "Plans": [{"Node Type": "Index Scan", "Parent Relationship": "Outer", "Scan Direction": "Forward", "Index Name": "info_type_pkey", "Relation Name": "info_type", "Alias": "it2", "Startup Cost": 10000000000.0, "Total Cost": 1000000001421.0, "Plan Rows": 1, "Plan Width": 4, "Filter": "((info)::text = 'votes'::text)"}]}]}, {"Node Type": "Materialize", "Parent Relationship": "Inner", "Startup Cost": 20000000000.0, "Total Cost": 2000114973673.85, "Plan Rows": 2717, "Plan Width": 46, "Plans": [{"Node Type": "Nested Loop", "Parent Relationship": "Outer", "Join Type": "Inner", "Startup Cost": 20000000000.0, "Total Cost": 2000114973660.27, "Plan Rows": 2717, "Plan Width": 46, "Inner Unique": true, "Join Filter": "(it1.id = mi.info_type_id)", "Plans": [{"Node Type": "Index Scan", "Parent Relationship": "Outer", "Scan Direction": "Forward", "Index Name": "movie_id_movie_info", "Relation Name": "movie_info", "Alias": "mi", "Startup Cost": 10000000000.0, "Total Cost": 1000114969386.72, "Plan Rows": 190170, "Plan Width": 50, "Filter": "((info)::text = ANY ('{Horror,Action,Sci-Fi,Thriller,Crime,War}'::text[]))"}, {"Node Type": "Materialize", "Parent Relationship": "Inner", "Startup Cost": 10000000000.0, "Total Cost": 1000000001421.0, "Plan Rows": 1, "Plan Width": 4, "Plans": [{"Node Type": "Index Scan", "Parent Relationship": "Outer", "Scan Direction": "Forward", "Index Name": "info_type_pkey", "Relation Name": "info_type", "Alias": "it1", "Startup Cost": 10000000000.0, "Total Cost": 1000000001421.0, "Plan Rows": 1, "Plan Width": 4, "Filter": "((info)::text = 'genres'::text)"}]}]}]}]}]}]}]}]}]}]}]}, "Unique SQL Id": 3913857139, "Planner Runtime": 35}, "explain_analyze_plan": null}, "(64, 44)": {"explain_plan": {"Plan": {"Node Type": "Aggregate", "Strategy": "Plain", "Startup Cost": 77671.24, "Total Cost": 77671.25, "Plan Rows": 1, "Plan Width": 160, "Plans": [{"Node Type": "Nested Loop", "Parent Relationship": "Outer", "Join Type": "Inner", "Startup Cost": 2.41, "Total Cost": 77660.64, "Plan Rows": 1413, "Plan Width": 64, "Inner Unique": true, "Plans": [{"Node Type": "Nested Loop", "Parent Relationship": "Outer", "Join Type": "Inner", "Startup Cost": 2.41, "Total Cost": 77081.37, "Plan Rows": 1155, "Plan Width": 68, "Inner Unique": false, "Plans": [{"Node Type": "Nested Loop", "Parent Relationship": "Outer", "Join Type": "Inner", "Startup Cost": 2.41, "Total Cost": 76019.74, "Plan Rows": 1044, "Plan Width": 76, "Inner Unique": true, "Join Filter": "(mi.movie_id = t.id)", "Plans": [{"Node Type": "Nested Loop", "Parent Relationship": "Outer", "Join Type": "Inner", "Startup Cost": 2.41, "Total Cost": 75591.55, "Plan Rows": 1044, "Plan Width": 55, "Inner Unique": false, "Join Filter": "(mi_idx.info_type_id = it2.id)", "Plans": [{"Node Type": "Seq Scan", "Parent Relationship": "Outer", "Relation Name": "info_type", "Alias": "it2", "Startup Cost": 0.0, "Total Cost": 2.4, "Plan Rows": 1, "Plan Width": 4, "Filter": "((info)::text = 'votes'::text)"}, {"Node Type": "Materialize", "Parent Relationship": "Inner", "Startup Cost": 2.41, "Total Cost": 75547.4, "Plan Rows": 4175, "Plan Width": 59, "Plans": [{"Node Type": "Nested Loop", "Parent Relationship": "Outer", "Join Type": "Inner", "Startup Cost": 2.41, "Total Cost": 75536.96, "Plan Rows": 4175, "Plan Width": 59, "Inner Unique": false, "Plans": [{"Node Type": "Hash Join", "Parent Relationship": "Outer", "Join Type": "Inner", "Startup Cost": 2.41, "Total Cost": 74048.91, "Plan Rows": 2717, "Plan Width": 46, "Inner Unique": true, "Hash Cond": "(mi.info_type_id = it1.id)", "Plans": [{"Node Type": "Streaming(type: LOCAL GATHER dop: 1/64)", "Parent Relationship": "Outer", "Startup Cost": 0.0, "Total Cost": 73306.19, "Plan Rows": 190170, "Plan Width": 50, "Plans": [{"Node Type": "Seq Scan", "Parent Relationship": "Outer", "Relation Name": "movie_info", "Alias": "mi", "Startup Cost": 0.0, "Total Cost": 69383.01, "Plan Rows": 190170, "Plan Width": 50, "Filter": "((info)::text = ANY ('{Horror,Action,Sci-Fi,Thriller,Crime,War}'::text[]))"}]}, {"Node Type": "Hash", "Parent Relationship": "Inner", "Startup Cost": 2.4, "Total Cost": 2.4, "Plan Rows": 1, "Plan Width": 4, "Plans": [{"Node Type": "Seq Scan", "Parent Relationship": "Outer", "Relation Name": "info_type", "Alias": "it1", "Startup Cost": 0.0, "Total Cost": 2.4, "Plan Rows": 1, "Plan Width": 4, "Filter": "((info)::text = 'genres'::text)"}]}]}, {"Node Type": "Index Scan", "Parent Relationship": "Inner", "Scan Direction": "Forward", "Index Name": "movie_id_movie_info_idx", "Relation Name": "movie_info_idx", "Alias": "mi_idx", "Startup Cost": 0.0, "Total Cost": 0.53, "Plan Rows": 2, "Plan Width": 13, "Index Cond": "(movie_id = mi.movie_id)"}]}]}]}, {"Node Type": "Index Scan", "Parent Relationship": "Inner", "Scan Direction": "Forward", "Index Name": "title_pkey", "Relation Name": "title", "Alias": "t", "Startup Cost": 0.0, "Total Cost": 0.4, "Plan Rows": 1, "Plan Width": 21, "Index Cond": "(id = mi_idx.movie_id)"}]}, {"Node Type": "Index Scan", "Parent Relationship": "Inner", "Scan Direction": "Forward", "Index Name": "movie_id_cast_info", "Relation Name": "cast_info", "Alias": "ci", "Startup Cost": 0.0, "Total Cost": 1.01, "Plan Rows": 1, "Plan Width": 8, "Index Cond": "(movie_id = t.id)", "Filter": "((note)::text = ANY ('{(writer),\"(head writer)\",\"(written by)\",(story),\"(story editor)\"}'::text[]))"}]}, {"Node Type": "Index Scan", "Parent Relationship": "Inner", "Scan Direction": "Forward", "Index Name": "name_pkey", "Relation Name": "name", "Alias": "n", "Startup Cost": 0.0, "Total Cost": 0.49, "Plan Rows": 1, "Plan Width": 4, "Index Cond": "(id = ci.person_id)", "Filter": "((gender)::text = 'm'::text)"}]}]}, "Unique SQL Id": 3913857139, "Planner Runtime": 48}, "explain_analyze_plan": {"Plan": {"Node Type": "Aggregate", "Strategy": "Plain", "Startup Cost": 77671.24, "Total Cost": 77671.25, "Plan Rows": 1, "Plan Width": 160, "Actual Min Startup Time": 9783.508, "Actual Max Startup Time": 9783.508, "Actual Min Total Time": 9783.509, "Actual Max Total Time": 9783.509, "Plans": [{"Node Type": "Nested Loop", "Parent Relationship": "Outer", "Join Type": "Inner", "Startup Cost": 2.41, "Total Cost": 77660.64, "Plan Rows": 1413, "Plan Width": 64, "Actual Min Startup Time": 1152.408, "Actual Max Startup Time": 1152.408, "Actual Min Total Time": 9742.428, "Actual Max Total Time": 9742.428, "Inner Unique": true, "Plans": [{"Node Type": "Nested Loop", "Parent Relationship": "Outer", "Join Type": "Inner", "Startup Cost": 2.41, "Total Cost": 77081.37, "Plan Rows": 1155, "Plan Width": 68, "Actual Min Startup Time": 1151.067, "Actual Max Startup Time": 1151.067, "Actual Min Total Time": 9371.761, "Actual Max Total Time": 9371.761, "Inner Unique": false, "Plans": [{"Node Type": "Nested Loop", "Parent Relationship": "Outer", "Join Type": "Inner", "Startup Cost": 2.41, "Total Cost": 76019.74, "Plan Rows": 1044, "Plan Width": 76, "Actual Min Startup Time": 1150.588, "Actual Max Startup Time": 1150.588, "Actual Min Total Time": 1851.533, "Actual Max Total Time": 1851.533, "Inner Unique": true, "Join Filter": "(mi.movie_id = t.id)", "Rows Removed by Join Filter": 0, "Plans": [{"Node Type": "Nested Loop", "Parent Relationship": "Outer", "Join Type": "Inner", "Startup Cost": 2.41, "Total Cost": 75591.55, "Plan Rows": 1044, "Plan Width": 55, "Actual Min Startup Time": 1150.561, "Actual Max Startup Time": 1150.561, "Actual Min Total Time": 1313.622, "Actual Max Total Time": 1313.622, "Inner Unique": false, "Join Filter": "(mi_idx.info_type_id = it2.id)", "Rows Removed by Join Filter": 205269, "Plans": [{"Node Type": "Seq Scan", "Parent Relationship": "Outer", "Relation Name": "info_type", "Alias": "it2", "Startup Cost": 0.0, "Total Cost": 2.4, "Plan Rows": 1, "Plan Width": 4, "Actual Min Startup Time": 0.056, "Actual Max Startup Time": 0.056, "Actual Min Total Time": 0.069, "Actual Max Total Time": 0.069, "Filter": "((info)::text = 'votes'::text)", "Rows Removed by Filter": 111, "Actual Rows": 1}, {"Node Type": "Materialize", "Parent Relationship": "Inner", "Startup Cost": 2.41, "Total Cost": 75547.4, "Plan Rows": 4175, "Plan Width": 59, "Actual Min Startup Time": 1150.491, "Actual Max Startup Time": 1150.491, "Actual Min Total Time": 1199.666, "Actual Max Total Time": 1199.666, "Plans": [{"Node Type": "Nested Loop", "Parent Relationship": "Outer", "Join Type": "Inner", "Startup Cost": 2.41, "Total Cost": 75536.96, "Plan Rows": 4175, "Plan Width": 59, "Actual Min Startup Time": 140.729, "Actual Max Startup Time": 140.729, "Actual Min Total Time": 1061.537, "Actual Max Total Time": 1061.537, "Inner Unique": false, "Plans": [{"Node Type": "Hash Join", "Parent Relationship": "Outer", "Join Type": "Inner", "Startup Cost": 2.41, "Total Cost": 74048.91, "Plan Rows": 2717, "Plan Width": 46, "Actual Min Startup Time": 140.692, "Actual Max Startup Time": 140.692, "Actual Min Total Time": 290.405, "Actual Max Total Time": 290.405, "Inner Unique": true, "Hash Cond": "(mi.info_type_id = it1.id)", "Plans": [{"Node Type": "Streaming(type: LOCAL GATHER dop: 1/64)", "Parent Relationship": "Outer", "Startup Cost": 0.0, "Total Cost": 73306.19, "Plan Rows": 190170, "Plan Width": 50, "Actual Min Startup Time": 122.916, "Actual Max Startup Time": 122.916, "Actual Min Total Time": 196.412, "Actual Max Total Time": 196.412, "Plans": [{"Node Type": "Seq Scan", "Parent Relationship": "Outer", "Relation Name": "movie_info", "Alias": "mi", "Startup Cost": 0.0, "Total Cost": 69383.01, "Plan Rows": 190170, "Plan Width": 50, "Actual Min Startup Time": 55.514, "Actual Max Startup Time": 109.982, "Actual Min Total Time": 109.636, "Actual Max Total Time": 142.334, "Filter": "((info)::text = ANY ('{Horror,Action,Sci-Fi,Thriller,Crime,War}'::text[]))", "Rows Removed by Filter": 14646748, "Actual Rows": 188971}], "Actual Rows": 188971}, {"Node Type": "Hash", "Parent Relationship": "Inner", "Startup Cost": 2.4, "Total Cost": 2.4, "Plan Rows": 1, "Plan Width": 4, "Actual Min Startup Time": 0.096, "Actual Max Startup Time": 0.096, "Actual Min Total Time": 0.096, "Actual Max Total Time": 0.096, "Max Hash Buckets": 32768, "Min Hash Buckets": 32768, "Max Hash Batches": 1, "Min Hash Batches": 1, "Max Original Hash Batches": 1, "Min Original Hash Batches": 1, "Max Peak Memory Usage": 1, "min Peak Memory Usage": 1, "Plans": [{"Node Type": "Seq Scan", "Parent Relationship": "Outer", "Relation Name": "info_type", "Alias": "it1", "Startup Cost": 0.0, "Total Cost": 2.4, "Plan Rows": 1, "Plan Width": 4, "Actual Min Startup Time": 0.063, "Actual Max Startup Time": 0.063, "Actual Min Total Time": 0.087, "Actual Max Total Time": 0.087, "Filter": "((info)::text = 'genres'::text)", "Rows Removed by Filter": 111, "Actual Rows": 1}], "Actual Rows": 1}], "Actual Rows": 186594}, {"Node Type": "Index Scan", "Parent Relationship": "Inner", "Scan Direction": "Forward", "Index Name": "movie_id_movie_info_idx", "Relation Name": "movie_info_idx", "Alias": "mi_idx", "Startup Cost": 0.0, "Total Cost": 0.53, "Plan Rows": 2, "Plan Width": 13, "Actual Min Startup Time": 504.384, "Actual Max Startup Time": 504.384, "Actual Min Total Time": 617.621, "Actual Max Total Time": 617.621, "Index Cond": "(movie_id = mi.movie_id)", "Rows Removed by Index Recheck": 0, "Actual Rows": 307785}], "Actual Rows": 307785}], "Actual Rows": 307786}], "Actual Rows": 102516}, {"Node Type": "Index Scan", "Parent Relationship": "Inner", "Scan Direction": "Forward", "Index Name": "title_pkey", "Relation Name": "title", "Alias": "t", "Startup Cost": 0.0, "Total Cost": 0.4, "Plan Rows": 1, "Plan Width": 21, "Actual Min Startup Time": 428.079, "Actual Max Startup Time": 428.079, "Actual Min Total Time": 428.079, "Actual Max Total Time": 428.079, "Index Cond": "(id = mi_idx.movie_id)", "Rows Removed by Index Recheck": 0, "Actual Rows": 102516}], "Actual Rows": 102516}, {"Node Type": "Index Scan", "Parent Relationship": "Inner", "Scan Direction": "Forward", "Index Name": "movie_id_cast_info", "Relation Name": "cast_info", "Alias": "ci", "Startup Cost": 0.0, "Total Cost": 1.01, "Plan Rows": 1, "Plan Width": 8, "Actual Min Startup Time": 6347.806, "Actual Max Startup Time": 6347.806, "Actual Min Total Time": 7447.163, "Actual Max Total Time": 7447.163, "Index Cond": "(movie_id = t.id)", "Rows Removed by Index Recheck": 0, "Filter": "((note)::text = ANY ('{(writer),\"(head writer)\",\"(written by)\",(story),\"(story editor)\"}'::text[]))", "Rows Removed by Filter": 3987641, "Actual Rows": 54155}], "Actual Rows": 54155}, {"Node Type": "Index Scan", "Parent Relationship": "Inner", "Scan Direction": "Forward", "Index Name": "name_pkey", "Relation Name": "name", "Alias": "n", "Startup Cost": 0.0, "Total Cost": 0.49, "Plan Rows": 1, "Plan Width": 4, "Actual Min Startup Time": 324.179, "Actual Max Startup Time": 324.179, "Actual Min Total Time": 324.179, "Actual Max Total Time": 324.179, "Index Cond": "(id = ci.person_id)", "Rows Removed by Index Recheck": 0, "Filter": "((gender)::text = 'm'::text)", "Rows Removed by Filter": 26082, "Actual Rows": 28073}], "Actual Rows": 28073}], "Actual Rows": 1}, "Triggers": [], "Planner Runtime": 48, "Total Runtime": 9795.194, "Unique SQL Id": 3913857139}}, "(64, 45)": {"explain_plan": {"Plan": {"Node Type": "Aggregate", "Strategy": "Plain", "Startup Cost": 385547.34, "Total Cost": 385547.35, "Plan Rows": 1, "Plan Width": 160, "Plans": [{"Node Type": "Nested Loop", "Parent Relationship": "Outer", "Join Type": "Inner", "Startup Cost": 0.0, "Total Cost": 385536.75, "Plan Rows": 1413, "Plan Width": 64, "Inner Unique": true, "Plans": [{"Node Type": "Nested Loop", "Parent Relationship": "Outer", "Join Type": "Inner", "Startup Cost": 0.0, "Total Cost": 384957.48, "Plan Rows": 1155, "Plan Width": 68, "Inner Unique": false, "Plans": [{"Node Type": "Nested Loop", "Parent Relationship": "Outer", "Join Type": "Inner", "Startup Cost": 0.0, "Total Cost": 383895.85, "Plan Rows": 1044, "Plan Width": 76, "Inner Unique": true, "Join Filter": "(mi.movie_id = t.id)", "Plans": [{"Node Type": "Nested Loop", "Parent Relationship": "Outer", "Join Type": "Inner", "Startup Cost": 0.0, "Total Cost": 383467.66, "Plan Rows": 1044, "Plan Width": 55, "Inner Unique": false, "Join Filter": "(mi.info_type_id = it1.id)", "Plans": [{"Node Type": "Index Scan", "Parent Relationship": "Outer", "Scan Direction": "Forward", "Index Name": "info_type_pkey", "Relation Name": "info_type", "Alias": "it1", "Startup Cost": 0.0, "Total Cost": 14.21, "Plan Rows": 1, "Plan Width": 4, "Filter": "((info)::text = 'genres'::text)"}, {"Node Type": "Nested Loop", "Parent Relationship": "Inner", "Join Type": "Inner", "Startup Cost": 0.0, "Total Cost": 380590.58, "Plan Rows": 229029, "Plan Width": 59, "Inner Unique": false, "Plans": [{"Node Type": "Nested Loop", "Parent Relationship": "Outer", "Join Type": "Inner", "Startup Cost": 0.0, "Total Cost": 38338.2, "Plan Rows": 345008, "Plan Width": 9, "Inner Unique": false, "Plans": [{"Node Type": "Index Scan", "Parent Relationship": "Outer", "Scan Direction": "Forward", "Index Name": "info_type_pkey", "Relation Name": "info_type", "Alias": "it2", "Startup Cost": 0.0, "Total Cost": 14.21, "Plan Rows": 1, "Plan Width": 4, "Filter": "((info)::text = 'votes'::text)"}, {"Node Type": "Index Scan", "Parent Relationship": "Inner", "Scan Direction": "Forward", "Index Name": "info_type_id_movie_info_idx", "Relation Name": "movie_info_idx", "Alias": "mi_idx", "Startup Cost": 0.0, "Total Cost": 34873.91, "Plan Rows": 345008, "Plan Width": 13, "Index Cond": "(info_type_id = it2.id), (LLVM Optimized)"}]}, {"Node Type": "Index Scan", "Parent Relationship": "Inner", "Scan Direction": "Forward", "Index Name": "movie_id_movie_info", "Relation Name": "movie_info", "Alias": "mi", "Startup Cost": 0.0, "Total Cost": 0.98, "Plan Rows": 1, "Plan Width": 50, "Index Cond": "(movie_id = mi_idx.movie_id)", "Filter": "((info)::text = ANY ('{Horror,Action,Sci-Fi,Thriller,Crime,War}'::text[]))"}]}]}, {"Node Type": "Index Scan", "Parent Relationship": "Inner", "Scan Direction": "Forward", "Index Name": "title_pkey", "Relation Name": "title", "Alias": "t", "Startup Cost": 0.0, "Total Cost": 0.4, "Plan Rows": 1, "Plan Width": 21, "Index Cond": "(id = mi_idx.movie_id)"}]}, {"Node Type": "Index Scan", "Parent Relationship": "Inner", "Scan Direction": "Forward", "Index Name": "movie_id_cast_info", "Relation Name": "cast_info", "Alias": "ci", "Startup Cost": 0.0, "Total Cost": 1.01, "Plan Rows": 1, "Plan Width": 8, "Index Cond": "(movie_id = t.id)", "Filter": "((note)::text = ANY ('{(writer),\"(head writer)\",\"(written by)\",(story),\"(story editor)\"}'::text[]))"}]}, {"Node Type": "Index Scan", "Parent Relationship": "Inner", "Scan Direction": "Forward", "Index Name": "name_pkey", "Relation Name": "name", "Alias": "n", "Startup Cost": 0.0, "Total Cost": 0.49, "Plan Rows": 1, "Plan Width": 4, "Index Cond": "(id = ci.person_id)", "Filter": "((gender)::text = 'm'::text)"}]}]}, "Unique SQL Id": 3913857139, "Planner Runtime": 17}, "explain_analyze_plan": {"Plan": {"Node Type": "Aggregate", "Strategy": "Plain", "Startup Cost": 385547.34, "Total Cost": 385547.35, "Plan Rows": 1, "Plan Width": 160, "Actual Startup Time": 19038.718, "Actual Total Time": 19038.719, "Actual Rows": 1, "Actual Loops": 1, "Plans": [{"Node Type": "Nested Loop", "Parent Relationship": "Outer", "Join Type": "Inner", "Startup Cost": 0.0, "Total Cost": 385536.75, "Plan Rows": 1413, "Plan Width": 64, "Actual Startup Time": 29.464, "Actual Total Time": 18993.643, "Actual Rows": 28073, "Actual Loops": 1, "Inner Unique": true, "Plans": [{"Node Type": "Nested Loop", "Parent Relationship": "Outer", "Join Type": "Inner", "Startup Cost": 0.0, "Total Cost": 384957.48, "Plan Rows": 1155, "Plan Width": 68, "Actual Startup Time": 14.609, "Actual Total Time": 18579.543, "Actual Rows": 54155, "Actual Loops": 1, "Inner Unique": false, "Plans": [{"Node Type": "Nested Loop", "Parent Relationship": "Outer", "Join Type": "Inner", "Startup Cost": 0.0, "Total Cost": 383895.85, "Plan Rows": 1044, "Plan Width": 76, "Actual Startup Time": 0.805, "Actual Total Time": 10083.062, "Actual Rows": 102516, "Actual Loops": 1, "Inner Unique": true, "Join Filter": "(mi.movie_id = t.id)", "Rows Removed by Join Filter": 0, "Plans": [{"Node Type": "Nested Loop", "Parent Relationship": "Outer", "Join Type": "Inner", "Startup Cost": 0.0, "Total Cost": 383467.66, "Plan Rows": 1044, "Plan Width": 55, "Actual Startup Time": 0.793, "Actual Total Time": 9512.208, "Actual Rows": 102516, "Actual Loops": 1, "Inner Unique": false, "Join Filter": "(mi.info_type_id = it1.id)", "Rows Removed by Join Filter": 2376, "Plans": [{"Node Type": "Index Scan", "Parent Relationship": "Outer", "Scan Direction": "Forward", "Index Name": "info_type_pkey", "Relation Name": "info_type", "Alias": "it1", "Startup Cost": 0.0, "Total Cost": 14.21, "Plan Rows": 1, "Plan Width": 4, "Actual Startup Time": 0.028, "Actual Total Time": 0.085, "Actual Rows": 1, "Actual Loops": 1, "Filter": "((info)::text = 'genres'::text)", "Rows Removed by Filter": 111}, {"Node Type": "Nested Loop", "Parent Relationship": "Inner", "Join Type": "Inner", "Startup Cost": 0.0, "Total Cost": 380590.58, "Plan Rows": 229029, "Plan Width": 59, "Actual Startup Time": 0.76, "Actual Total Time": 9469.385, "Actual Rows": 104892, "Actual Loops": 1, "Inner Unique": false, "Plans": [{"Node Type": "Nested Loop", "Parent Relationship": "Outer", "Join Type": "Inner", "Startup Cost": 0.0, "Total Cost": 38338.2, "Plan Rows": 345008, "Plan Width": 9, "Actual Startup Time": 0.072, "Actual Total Time": 397.046, "Actual Rows": 459925, "Actual Loops": 1, "Inner Unique": false, "Plans": [{"Node Type": "Index Scan", "Parent Relationship": "Outer", "Scan Direction": "Forward", "Index Name": "info_type_pkey", "Relation Name": "info_type", "Alias": "it2", "Startup Cost": 0.0, "Total Cost": 14.21, "Plan Rows": 1, "Plan Width": 4, "Actual Startup Time": 0.054, "Actual Total Time": 0.212, "Actual Rows": 1, "Actual Loops": 1, "Filter": "((info)::text = 'votes'::text)", "Rows Removed by Filter": 111}, {"Node Type": "Index Scan", "Parent Relationship": "Inner", "Scan Direction": "Forward", "Index Name": "info_type_id_movie_info_idx", "Relation Name": "movie_info_idx", "Alias": "mi_idx", "Startup Cost": 0.0, "Total Cost": 34873.91, "Plan Rows": 345008, "Plan Width": 13, "Actual Startup Time": 0.015, "Actual Total Time": 288.249, "Actual Rows": 459925, "Actual Loops": 1, "Index Cond": "(info_type_id = it2.id), (LLVM Optimized, Jit Execute)", "Rows Removed by Index Recheck": 0}]}, {"Node Type": "Index Scan", "Parent Relationship": "Inner", "Scan Direction": "Forward", "Index Name": "movie_id_movie_info", "Relation Name": "movie_info", "Alias": "mi", "Startup Cost": 0.0, "Total Cost": 0.98, "Plan Rows": 1, "Plan Width": 50, "Actual Startup Time": 8639.279, "Actual Total Time": 8804.256, "Actual Rows": 104892, "Actual Loops": 459925, "Index Cond": "(movie_id = mi_idx.movie_id)", "Rows Removed by Index Recheck": 0, "Filter": "((info)::text = ANY ('{Horror,Action,Sci-Fi,Thriller,Crime,War}'::text[]))", "Rows Removed by Filter": 6825442}]}]}, {"Node Type": "Index Scan", "Parent Relationship": "Inner", "Scan Direction": "Forward", "Index Name": "title_pkey", "Relation Name": "title", "Alias": "t", "Startup Cost": 0.0, "Total Cost": 0.4, "Plan Rows": 1, "Plan Width": 21, "Actual Startup Time": 452.698, "Actual Total Time": 452.698, "Actual Rows": 102516, "Actual Loops": 102516, "Index Cond": "(id = mi_idx.movie_id)", "Rows Removed by Index Recheck": 0}]}, {"Node Type": "Index Scan", "Parent Relationship": "Inner", "Scan Direction": "Forward", "Index Name": "movie_id_cast_info", "Relation Name": "cast_info", "Alias": "ci", "Startup Cost": 0.0, "Total Cost": 1.01, "Plan Rows": 1, "Plan Width": 8, "Actual Startup Time": 7176.634, "Actual Total Time": 8423.011, "Actual Rows": 54155, "Actual Loops": 102516, "Index Cond": "(movie_id = t.id)", "Rows Removed by Index Recheck": 0, "Filter": "((note)::text = ANY ('{(writer),\"(head writer)\",\"(written by)\",(story),\"(story editor)\"}'::text[]))", "Rows Removed by Filter": 3987641}]}, {"Node Type": "Index Scan", "Parent Relationship": "Inner", "Scan Direction": "Forward", "Index Name": "name_pkey", "Relation Name": "name", "Alias": "n", "Startup Cost": 0.0, "Total Cost": 0.49, "Plan Rows": 1, "Plan Width": 4, "Actual Startup Time": 365.599, "Actual Total Time": 365.599, "Actual Rows": 28073, "Actual Loops": 54155, "Index Cond": "(id = ci.person_id)", "Rows Removed by Index Recheck": 0, "Filter": "((gender)::text = 'm'::text)", "Rows Removed by Filter": 26082}]}]}, "Triggers": [], "Planner Runtime": 6, "Total Runtime": 19047.819, "Unique SQL Id": 3913857139}}, "(64, 46)": {"explain_plan": {"Plan": {"Node Type": "Aggregate", "Strategy": "Plain", "Startup Cost": 321946.63, "Total Cost": 321946.64, "Plan Rows": 1, "Plan Width": 160, "Plans": [{"Node Type": "Hash Join", "Parent Relationship": "Outer", "Join Type": "Inner", "Startup Cost": 231909.32, "Total Cost": 321936.03, "Plan Rows": 1413, "Plan Width": 64, "Inner Unique": true, "Hash Cond": "(ci.person_id = n.id)", "Plans": [{"Node Type": "Streaming(type: LOCAL GATHER dop: 1/64)", "Parent Relationship": "Outer", "Startup Cost": 185018.45, "Total Cost": 275026.7, "Plan Rows": 1155, "Plan Width": 68, "Plans": [{"Node Type": "Hash Join", "Parent Relationship": "Outer", "Join Type": "Inner", "Startup Cost": 185018.45, "Total Cost": 275002.88, "Plan Rows": 1155, "Plan Width": 68, "Inner Unique": false, "Hash Cond": "(t.id = ci.movie_id)", "Plans": [{"Node Type": "Streaming(type: BROADCAST dop: 64/1)", "Parent Relationship": "Outer", "Startup Cost": 165793.23, "Total Cost": 255717.44, "Plan Rows": 66816, "Plan Width": 76, "Plans": [{"Node Type": "Nested Loop", "Parent Relationship": "Outer", "Join Type": "Inner", "Startup Cost": 165793.23, "Total Cost": 191339.03, "Plan Rows": 1044, "Plan Width": 76, "Inner Unique": false, "Join Filter": "(mi_idx.info_type_id = it2.id)", "Plans": [{"Node Type": "Seq Scan", "Parent Relationship": "Outer", "Relation Name": "info_type", "Alias": "it2", "Startup Cost": 0.0, "Total Cost": 2.4, "Plan Rows": 1, "Plan Width": 4, "Filter": "((info)::text = 'votes'::text)"}, {"Node Type": "Materialize", "Parent Relationship": "Inner", "Startup Cost": 165793.23, "Total Cost": 191294.88, "Plan Rows": 4175, "Plan Width": 80, "Plans": [{"Node Type": "Hash Join", "Parent Relationship": "Outer", "Join Type": "Inner", "Startup Cost": 165793.23, "Total Cost": 191284.45, "Plan Rows": 4175, "Plan Width": 80, "Inner Unique": false, "Hash Cond": "(mi_idx.movie_id = t.id)", "Plans": [{"Node Type": "Seq Scan", "Parent Relationship": "Outer", "Relation Name": "movie_info_idx", "Alias": "mi_idx", "Startup Cost": 0.0, "Total Cost": 20274.34, "Plan Rows": 1380034, "Plan Width": 13}, {"Node Type": "Hash", "Parent Relationship": "Inner", "Startup Cost": 165759.27, "Total Cost": 165759.27, "Plan Rows": 2717, "Plan Width": 67, "Plans": [{"Node Type": "Hash Join", "Parent Relationship": "Outer", "Join Type": "Inner", "Startup Cost": 91675.41, "Total Cost": 165759.27, "Plan Rows": 2717, "Plan Width": 67, "Inner Unique": true, "Hash Cond": "(mi.movie_id = t.id)", "Plans": [{"Node Type": "Hash Join", "Parent Relationship": "Outer", "Join Type": "Inner", "Startup Cost": 2.41, "Total Cost": 74048.91, "Plan Rows": 2717, "Plan Width": 46, "Inner Unique": true, "Hash Cond": "(mi.info_type_id = it1.id)", "Plans": [{"Node Type": "Streaming(type: LOCAL GATHER dop: 1/64)", "Parent Relationship": "Outer", "Startup Cost": 0.0, "Total Cost": 73306.19, "Plan Rows": 190170, "Plan Width": 50, "Plans": [{"Node Type": "Seq Scan", "Parent Relationship": "Outer", "Relation Name": "movie_info", "Alias": "mi", "Startup Cost": 0.0, "Total Cost": 69383.01, "Plan Rows": 190170, "Plan Width": 50, "Filter": "((info)::text = ANY ('{Horror,Action,Sci-Fi,Thriller,Crime,War}'::text[]))"}]}, {"Node Type": "Hash", "Parent Relationship": "Inner", "Startup Cost": 2.4, "Total Cost": 2.4, "Plan Rows": 1, "Plan Width": 4, "Plans": [{"Node Type": "Seq Scan", "Parent Relationship": "Outer", "Relation Name": "info_type", "Alias": "it1", "Startup Cost": 0.0, "Total Cost": 2.4, "Plan Rows": 1, "Plan Width": 4, "Filter": "((info)::text = 'genres'::text)"}]}]}, {"Node Type": "Hash", "Parent Relationship": "Inner", "Startup Cost": 60069.11, "Total Cost": 60069.11, "Plan Rows": 2528311, "Plan Width": 21, "Plans": [{"Node Type": "Seq Scan", "Parent Relationship": "Outer", "Relation Name": "title", "Alias": "t", "Startup Cost": 0.0, "Total Cost": 60069.11, "Plan Rows": 2528311, "Plan Width": 21}]}]}]}]}]}]}]}, {"Node Type": "Hash", "Parent Relationship": "Inner", "Startup Cost": 75945.31, "Total Cost": 75945.31, "Plan Rows": 1223154, "Plan Width": 8, "Plans": [{"Node Type": "Seq Scan", "Parent Relationship": "Outer", "Relation Name": "cast_info", "Alias": "ci", "Startup Cost": 0.0, "Total Cost": 75945.31, "Plan Rows": 1223154, "Plan Width": 8, "Filter": "((note)::text = ANY ('{(writer),\"(head writer)\",\"(written by)\",(story),\"(story editor)\"}'::text[]))"}]}]}]}, {"Node Type": "Hash", "Parent Relationship": "Inner", "Startup Cost": 100527.77, "Total Cost": 100527.77, "Plan Rows": 1740714, "Plan Width": 4, "Plans": [{"Node Type": "Streaming(type: LOCAL GATHER dop: 1/64)", "Parent Relationship": "Outer", "Startup Cost": 0.0, "Total Cost": 100527.77, "Plan Rows": 1740714, "Plan Width": 4, "Plans": [{"Node Type": "Seq Scan", "Parent Relationship": "Outer", "Relation Name": "name", "Alias": "n", "Startup Cost": 0.0, "Total Cost": 64617.04, "Plan Rows": 1740714, "Plan Width": 4, "Filter": "((gender)::text = 'm'::text), (LLVM Optimized)"}]}]}]}]}, "Unique SQL Id": 3913857139, "Planner Runtime": 81}, "explain_analyze_plan": {"Plan": {"Node Type": "Aggregate", "Strategy": "Plain", "Startup Cost": 321946.63, "Total Cost": 321946.64, "Plan Rows": 1, "Plan Width": 160, "Actual Min Startup Time": 8977.742, "Actual Max Startup Time": 8977.742, "Actual Min Total Time": 8977.742, "Actual Max Total Time": 8977.742, "Plans": [{"Node Type": "Hash Join", "Parent Relationship": "Outer", "Join Type": "Inner", "Startup Cost": 231909.32, "Total Cost": 321936.03, "Plan Rows": 1413, "Plan Width": 64, "Actual Min Startup Time": 4253.537, "Actual Max Startup Time": 4253.537, "Actual Min Total Time": 8958.206, "Actual Max Total Time": 8958.206, "Inner Unique": true, "Hash Cond": "(ci.person_id = n.id)", "Plans": [{"Node Type": "Streaming(type: LOCAL GATHER dop: 1/64)", "Parent Relationship": "Outer", "Startup Cost": 185018.45, "Total Cost": 275026.7, "Plan Rows": 1155, "Plan Width": 68, "Actual Min Startup Time": 2892.486, "Actual Max Startup Time": 2892.486, "Actual Min Total Time": 7572.565, "Actual Max Total Time": 7572.565, "Plans": [{"Node Type": "Hash Join", "Parent Relationship": "Outer", "Join Type": "Inner", "Startup Cost": 185018.45, "Total Cost": 275002.88, "Plan Rows": 1155, "Plan Width": 68, "Actual Min Startup Time": 3358.547, "Actual Max Startup Time": 3541.429, "Actual Min Total Time": 8566.429, "Actual Max Total Time": 8739.319, "Inner Unique": false, "Hash Cond": "(t.id = ci.movie_id)", "Plans": [{"Node Type": "Streaming(type: BROADCAST dop: 64/1)", "Parent Relationship": "Outer", "Startup Cost": 165793.23, "Total Cost": 255717.44, "Plan Rows": 66816, "Plan Width": 76, "Actual Min Startup Time": 3125.691, "Actual Max Startup Time": 3256.433, "Actual Min Total Time": 8303.23, "Actual Max Total Time": 8443.785, "Plans": [{"Node Type": "Nested Loop", "Parent Relationship": "Outer", "Join Type": "Inner", "Startup Cost": 165793.23, "Total Cost": 191339.03, "Plan Rows": 1044, "Plan Width": 76, "Actual Min Startup Time": 3363.575, "Actual Max Startup Time": 3363.575, "Actual Min Total Time": 3496.379, "Actual Max Total Time": 3496.379, "Inner Unique": false, "Join Filter": "(mi_idx.info_type_id = it2.id)", "Rows Removed by Join Filter": 205269, "Plans": [{"Node Type": "Seq Scan", "Parent Relationship": "Outer", "Relation Name": "info_type", "Alias": "it2", "Startup Cost": 0.0, "Total Cost": 2.4, "Plan Rows": 1, "Plan Width": 4, "Actual Min Startup Time": 0.101, "Actual Max Startup Time": 0.101, "Actual Min Total Time": 0.126, "Actual Max Total Time": 0.126, "Filter": "((info)::text = 'votes'::text)", "Rows Removed by Filter": 111, "Actual Rows": 1}, {"Node Type": "Materialize", "Parent Relationship": "Inner", "Startup Cost": 165793.23, "Total Cost": 191294.88, "Plan Rows": 4175, "Plan Width": 80, "Actual Min Startup Time": 3362.943, "Actual Max Startup Time": 3362.943, "Actual Min Total Time": 3397.806, "Actual Max Total Time": 3397.806, "Plans": [{"Node Type": "Hash Join", "Parent Relationship": "Outer", "Join Type": "Inner", "Startup Cost": 165793.23, "Total Cost": 191284.45, "Plan Rows": 4175, "Plan Width": 80, "Actual Min Startup Time": 2434.808, "Actual Max Startup Time": 2434.808, "Actual Min Total Time": 3274.246, "Actual Max Total Time": 3274.246, "Inner Unique": false, "Hash Cond": "(mi_idx.movie_id = t.id)", "Plans": [{"Node Type": "Seq Scan", "Parent Relationship": "Outer", "Relation Name": "movie_info_idx", "Alias": "mi_idx", "Startup Cost": 0.0, "Total Cost": 20274.34, "Plan Rows": 1380034, "Plan Width": 13, "Actual Min Startup Time": 0.052, "Actual Max Startup Time": 0.052, "Actual Min Total Time": 316.621, "Actual Max Total Time": 316.621, "Actual Rows": 1380034}, {"Node Type": "Hash", "Parent Relationship": "Inner", "Startup Cost": 165759.27, "Total Cost": 165759.27, "Plan Rows": 2717, "Plan Width": 67, "Actual Min Startup Time": 2430.075, "Actual Max Startup Time": 2430.075, "Actual Min Total Time": 2430.075, "Actual Max Total Time": 2430.075, "Max Hash Buckets": 32768, "Min Hash Buckets": 32768, "Max Hash Batches": 1, "Min Hash Batches": 1, "Max Original Hash Batches": 1, "Min Original Hash Batches": 1, "Max Peak Memory Usage": 12274, "min Peak Memory Usage": 12274, "Plans": [{"Node Type": "Hash Join", "Parent Relationship": "Outer", "Join Type": "Inner", "Startup Cost": 91675.41, "Total Cost": 165759.27, "Plan Rows": 2717, "Plan Width": 67, "Actual Min Startup Time": 2081.898, "Actual Max Startup Time": 2081.898, "Actual Min Total Time": 2368.67, "Actual Max Total Time": 2368.67, "Inner Unique": true, "Hash Cond": "(mi.movie_id = t.id)", "Plans": [{"Node Type": "Hash Join", "Parent Relationship": "Outer", "Join Type": "Inner", "Startup Cost": 2.41, "Total Cost": 74048.91, "Plan Rows": 2717, "Plan Width": 46, "Actual Min Startup Time": 0.371, "Actual Max Startup Time": 0.371, "Actual Min Total Time": 162.966, "Actual Max Total Time": 162.966, "Inner Unique": true, "Hash Cond": "(mi.info_type_id = it1.id)", "Plans": [{"Node Type": "Streaming(type: LOCAL GATHER dop: 1/64)", "Parent Relationship": "Outer", "Startup Cost": 0.0, "Total Cost": 73306.19, "Plan Rows": 190170, "Plan Width": 50, "Actual Min Startup Time": 0.171, "Actual Max Startup Time": 0.171, "Actual Min Total Time": 89.209, "Actual Max Total Time": 89.209, "Plans": [{"Node Type": "Seq Scan", "Parent Relationship": "Outer", "Relation Name": "movie_info", "Alias": "mi", "Startup Cost": 0.0, "Total Cost": 69383.01, "Plan Rows": 190170, "Plan Width": 50, "Actual Min Startup Time": 62.363, "Actual Max Startup Time": 122.436, "Actual Min Total Time": 112.127, "Actual Max Total Time": 141.314, "Filter": "((info)::text = ANY ('{Horror,Action,Sci-Fi,Thriller,Crime,War}'::text[]))", "Rows Removed by Filter": 14646748, "Actual Rows": 188971}], "Actual Rows": 188971}, {"Node Type": "Hash", "Parent Relationship": "Inner", "Startup Cost": 2.4, "Total Cost": 2.4, "Plan Rows": 1, "Plan Width": 4, "Actual Min Startup Time": 0.097, "Actual Max Startup Time": 0.097, "Actual Min Total Time": 0.097, "Actual Max Total Time": 0.097, "Max Hash Buckets": 32768, "Min Hash Buckets": 32768, "Max Hash Batches": 1, "Min Hash Batches": 1, "Max Original Hash Batches": 1, "Min Original Hash Batches": 1, "Max Peak Memory Usage": 1, "min Peak Memory Usage": 1, "Plans": [{"Node Type": "Seq Scan", "Parent Relationship": "Outer", "Relation Name": "info_type", "Alias": "it1", "Startup Cost": 0.0, "Total Cost": 2.4, "Plan Rows": 1, "Plan Width": 4, "Actual Min Startup Time": 0.065, "Actual Max Startup Time": 0.065, "Actual Min Total Time": 0.088, "Actual Max Total Time": 0.088, "Filter": "((info)::text = 'genres'::text)", "Rows Removed by Filter": 111, "Actual Rows": 1}], "Actual Rows": 1}], "Actual Rows": 186594}, {"Node Type": "Hash", "Parent Relationship": "Inner", "Startup Cost": 60069.11, "Total Cost": 60069.11, "Plan Rows": 2528311, "Plan Width": 21, "Actual Min Startup Time": 2036.89, "Actual Max Startup Time": 2036.89, "Actual Min Total Time": 2036.89, "Actual Max Total Time": 2036.89, "Max Hash Buckets": 4194304, "Min Hash Buckets": 4194304, "Max Hash Batches": 1, "Min Hash Batches": 1, "Max Original Hash Batches": 1, "Min Original Hash Batches": 1, "Max Peak Memory Usage": 135869, "min Peak Memory Usage": 135869, "Plans": [{"Node Type": "Seq Scan", "Parent Relationship": "Outer", "Relation Name": "title", "Alias": "t", "Startup Cost": 0.0, "Total Cost": 60069.11, "Plan Rows": 2528311, "Plan Width": 21, "Actual Min Startup Time": 0.034, "Actual Max Startup Time": 0.034, "Actual Min Total Time": 839.892, "Actual Max Total Time": 839.892, "Actual Rows": 2528311}], "Actual Rows": 2528311}], "Actual Rows": 186594}], "Actual Rows": 186594}], "Actual Rows": 307785}], "Actual Rows": 307786}], "Actual Rows": 102516}], "Actual Rows": 6561024}, {"Node Type": "Hash", "Parent Relationship": "Inner", "Startup Cost": 75945.31, "Total Cost": 75945.31, "Plan Rows": 1223154, "Plan Width": 8, "Actual Min Startup Time": 220.598, "Actual Max Startup Time": 269.796, "Actual Min Total Time": 220.598, "Actual Max Total Time": 269.796, "Max Hash Buckets": 32768, "Min Hash Buckets": 32768, "Max Hash Batches": 1, "Min Hash Batches": 1, "Max Original Hash Batches": 1, "Min Original Hash Batches": 1, "Max Peak Memory Usage": 808, "min Peak Memory Usage": 808, "Plans": [{"Node Type": "Seq Scan", "Parent Relationship": "Outer", "Relation Name": "cast_info", "Alias": "ci", "Startup Cost": 0.0, "Total Cost": 75945.31, "Plan Rows": 1223154, "Plan Width": 8, "Actual Min Startup Time": 6.076, "Actual Max Startup Time": 150.682, "Actual Min Total Time": 215.129, "Actual Max Total Time": 232.747, "Filter": "((note)::text = ANY ('{(writer),\"(head writer)\",\"(written by)\",(story),\"(story editor)\"}'::text[]))", "Rows Removed by Filter": 34999627, "Actual Rows": 1244716}], "Actual Rows": 1244716}], "Actual Rows": 54155}], "Actual Rows": 54155}, {"Node Type": "Hash", "Parent Relationship": "Inner", "Startup Cost": 100527.77, "Total Cost": 100527.77, "Plan Rows": 1740714, "Plan Width": 4, "Actual Min Startup Time": 1359.632, "Actual Max Startup Time": 1359.632, "Actual Min Total Time": 1359.632, "Actual Max Total Time": 1359.632, "Max Hash Buckets": 2097152, "Min Hash Buckets": 2097152, "Max Hash Batches": 1, "Min Hash Batches": 1, "Max Original Hash Batches": 1, "Min Original Hash Batches": 1, "Max Peak Memory Usage": 61158, "min Peak Memory Usage": 61158, "Plans": [{"Node Type": "Streaming(type: LOCAL GATHER dop: 1/64)", "Parent Relationship": "Outer", "Startup Cost": 0.0, "Total Cost": 100527.77, "Plan Rows": 1740714, "Plan Width": 4, "Actual Min Startup Time": 208.488, "Actual Max Startup Time": 208.488, "Actual Min Total Time": 790.492, "Actual Max Total Time": 790.492, "Plans": [{"Node Type": "Seq Scan", "Parent Relationship": "Outer", "Relation Name": "name", "Alias": "n", "Startup Cost": 0.0, "Total Cost": 64617.04, "Plan Rows": 1740714, "Plan Width": 4, "Actual Min Startup Time": 0.025, "Actual Max Startup Time": 0.063, "Actual Min Total Time": 22.209, "Actual Max Total Time": 27.554, "Filter": "((gender)::text = 'm'::text), (LLVM Optimized, Jit Execute)", "Rows Removed by Filter": 2427912, "Actual Rows": 1739578}], "Actual Rows": 1739578}], "Actual Rows": 1739578}], "Actual Rows": 28073}], "Actual Rows": 1}, "Triggers": [], "Planner Runtime": 81, "Total Runtime": 9048.438, "Unique SQL Id": 3913857139}}, "(64, 47)": {"explain_plan": {"Plan": {"Node Type": "Aggregate", "Strategy": "Plain", "Startup Cost": 7000445600668.71, "Total Cost": 7000445600668.72, "Plan Rows": 1, "Plan Width": 160, "Plans": [{"Node Type": "Nested Loop", "Parent Relationship": "Outer", "Join Type": "Inner", "Startup Cost": 70000000000.0, "Total Cost": 7000445600658.11, "Plan Rows": 1413, "Plan Width": 64, "Inner Unique": false, "Join Filter": "(ci.person_id = n.id)", "Plans": [{"Node Type": "Index Scan", "Parent Relationship": "Outer", "Scan Direction": "Forward", "Index Name": "name_pkey", "Relation Name": "name", "Alias": "n", "Startup Cost": 10000000000.0, "Total Cost": 1000018665147.2, "Plan Rows": 1740714, "Plan Width": 4, "Filter": "((gender)::text = 'm'::text), (LLVM Optimized)"}, {"Node Type": "Materialize", "Parent Relationship": "Inner", "Startup Cost": 60000000000.0, "Total Cost": 6000396777643.75, "Plan Rows": 1155, "Plan Width": 68, "Plans": [{"Node Type": "Nested Loop", "Parent Relationship": "Outer", "Join Type": "Inner", "Startup Cost": 60000000000.0, "Total Cost": 6000396777637.97, "Plan Rows": 1155, "Plan Width": 68, "Inner Unique": false, "Join Filter": "(t.id = ci.movie_id)", "Plans": [{"Node Type": "Index Scan", "Parent Relationship": "Outer", "Scan Direction": "Forward", "Index Name": "person_id_cast_info", "Relation Name": "cast_info", "Alias": "ci", "Startup Cost": 10000000000.0, "Total Cost": 1000193311016.96, "Plan Rows": 1223154, "Plan Width": 8, "Filter": "((note)::text = ANY ('{(writer),\"(head writer)\",\"(written by)\",(story),\"(story editor)\"}'::text[]))"}, {"Node Type": "Materialize", "Parent Relationship": "Inner", "Startup Cost": 50000000000.0, "Total Cost": 5000184312031.98, "Plan Rows": 1044, "Plan Width": 76, "Plans": [{"Node Type": "Nested Loop", "Parent Relationship": "Outer", "Join Type": "Inner", "Startup Cost": 50000000000.0, "Total Cost": 5000184312026.76, "Plan Rows": 1044, "Plan Width": 76, "Inner Unique": false, "Join Filter": "(mi.movie_id = t.id)", "Plans": [{"Node Type": "Index Scan", "Parent Relationship": "Outer", "Scan Direction": "Forward", "Index Name": "title_pkey", "Relation Name": "title", "Alias": "t", "Startup Cost": 10000000000.0, "Total Cost": 1000011012048.91, "Plan Rows": 2528311, "Plan Width": 21}, {"Node Type": "Materialize", "Parent Relationship": "Inner", "Startup Cost": 40000000000.0, "Total Cost": 4000133706630.2, "Plan Rows": 1044, "Plan Width": 55, "Plans": [{"Node Type": "Nested Loop", "Parent Relationship": "Outer", "Join Type": "Inner", "Startup Cost": 40000000000.0, "Total Cost": 4000133706624.98, "Plan Rows": 1044, "Plan Width": 55, "Inner Unique": false, "Join Filter": "(mi.movie_id = mi_idx.movie_id)", "Plans": [{"Node Type": "Nested Loop", "Parent Relationship": "Outer", "Join Type": "Inner", "Startup Cost": 20000000000.0, "Total Cost": 2000004672156.88, "Plan Rows": 345008, "Plan Width": 9, "Inner Unique": true, "Join Filter": "(it2.id = mi_idx.info_type_id), (LLVM Optimized)", "Plans": [{"Node Type": "Index Scan", "Parent Relationship": "Outer", "Scan Direction": "Forward", "Index Name": "movie_id_movie_info_idx", "Relation Name": "movie_info_idx", "Alias": "mi_idx", "Startup Cost": 10000000000.0, "Total Cost": 1000004650035.37, "Plan Rows": 1380034, "Plan Width": 13}, {"Node Type": "Materialize", "Parent Relationship": "Inner", "Startup Cost": 10000000000.0, "Total Cost": 1000000001421.0, "Plan Rows": 1, "Plan Width": 4, "Plans": [{"Node Type": "Index Scan", "Parent Relationship": "Outer", "Scan Direction": "Forward", "Index Name": "info_type_pkey", "Relation Name": "info_type", "Alias": "it2", "Startup Cost": 10000000000.0, "Total Cost": 1000000001421.0, "Plan Rows": 1, "Plan Width": 4, "Filter": "((info)::text = 'votes'::text)"}]}]}, {"Node Type": "Materialize", "Parent Relationship": "Inner", "Startup Cost": 20000000000.0, "Total Cost": 2000114973673.85, "Plan Rows": 2717, "Plan Width": 46, "Plans": [{"Node Type": "Nested Loop", "Parent Relationship": "Outer", "Join Type": "Inner", "Startup Cost": 20000000000.0, "Total Cost": 2000114973660.27, "Plan Rows": 2717, "Plan Width": 46, "Inner Unique": true, "Join Filter": "(it1.id = mi.info_type_id)", "Plans": [{"Node Type": "Index Scan", "Parent Relationship": "Outer", "Scan Direction": "Forward", "Index Name": "movie_id_movie_info", "Relation Name": "movie_info", "Alias": "mi", "Startup Cost": 10000000000.0, "Total Cost": 1000114969386.72, "Plan Rows": 190170, "Plan Width": 50, "Filter": "((info)::text = ANY ('{Horror,Action,Sci-Fi,Thriller,Crime,War}'::text[]))"}, {"Node Type": "Materialize", "Parent Relationship": "Inner", "Startup Cost": 10000000000.0, "Total Cost": 1000000001421.0, "Plan Rows": 1, "Plan Width": 4, "Plans": [{"Node Type": "Index Scan", "Parent Relationship": "Outer", "Scan Direction": "Forward", "Index Name": "info_type_pkey", "Relation Name": "info_type", "Alias": "it1", "Startup Cost": 10000000000.0, "Total Cost": 1000000001421.0, "Plan Rows": 1, "Plan Width": 4, "Filter": "((info)::text = 'genres'::text)"}]}]}]}]}]}]}]}]}]}]}]}, "Unique SQL Id": 3913857139, "Planner Runtime": 35}, "explain_analyze_plan": null}, "(64, 48)": {"explain_plan": {"Plan": {"Node Type": "Aggregate", "Strategy": "Plain", "Startup Cost": 79308.04, "Total Cost": 79308.05, "Plan Rows": 1, "Plan Width": 160, "Plans": [{"Node Type": "Nested Loop", "Parent Relationship": "Outer", "Join Type": "Inner", "Startup Cost": 0.0, "Total Cost": 79297.45, "Plan Rows": 1413, "Plan Width": 64, "Inner Unique": true, "Plans": [{"Node Type": "Nested Loop", "Parent Relationship": "Outer", "Join Type": "Inner", "Startup Cost": 0.0, "Total Cost": 78718.18, "Plan Rows": 1155, "Plan Width": 68, "Inner Unique": false, "Plans": [{"Node Type": "Nested Loop", "Parent Relationship": "Outer", "Join Type": "Inner", "Startup Cost": 0.0, "Total Cost": 77656.55, "Plan Rows": 1044, "Plan Width": 76, "Inner Unique": true, "Join Filter": "(mi.movie_id = t.id)", "Plans": [{"Node Type": "Nested Loop", "Parent Relationship": "Outer", "Join Type": "Inner", "Startup Cost": 0.0, "Total Cost": 77228.36, "Plan Rows": 1044, "Plan Width": 55, "Inner Unique": false, "Join Filter": "(mi_idx.info_type_id = it2.id)", "Plans": [{"Node Type": "Seq Scan", "Parent Relationship": "Outer", "Relation Name": "info_type", "Alias": "it2", "Startup Cost": 0.0, "Total Cost": 2.4, "Plan Rows": 1, "Plan Width": 4, "Filter": "((info)::text = 'votes'::text)"}, {"Node Type": "Nested Loop", "Parent Relationship": "Inner", "Join Type": "Inner", "Startup Cost": 0.0, "Total Cost": 77173.77, "Plan Rows": 4175, "Plan Width": 59, "Inner Unique": false, "Plans": [{"Node Type": "Nested Loop", "Parent Relationship": "Outer", "Join Type": "Inner", "Startup Cost": 0.0, "Total Cost": 75685.72, "Plan Rows": 2717, "Plan Width": 46, "Inner Unique": false, "Join Filter": "(it1.id = mi.info_type_id)", "Plans": [{"Node Type": "Seq Scan", "Parent Relationship": "Outer", "Relation Name": "info_type", "Alias": "it1", "Startup Cost": 0.0, "Total Cost": 2.4, "Plan Rows": 1, "Plan Width": 4, "Filter": "((info)::text = 'genres'::text)"}, {"Node Type": "Materialize", "Parent Relationship": "Inner", "Startup Cost": 0.0, "Total Cost": 73781.62, "Plan Rows": 190170, "Plan Width": 50, "Plans": [{"Node Type": "Streaming(type: LOCAL GATHER dop: 1/64)", "Parent Relationship": "Outer", "Startup Cost": 0.0, "Total Cost": 73306.19, "Plan Rows": 190170, "Plan Width": 50, "Plans": [{"Node Type": "Seq Scan", "Parent Relationship": "Outer", "Relation Name": "movie_info", "Alias": "mi", "Startup Cost": 0.0, "Total Cost": 69383.01, "Plan Rows": 190170, "Plan Width": 50, "Filter": "((info)::text = ANY ('{Horror,Action,Sci-Fi,Thriller,Crime,War}'::text[]))"}]}]}]}, {"Node Type": "Index Scan", "Parent Relationship": "Inner", "Scan Direction": "Forward", "Index Name": "movie_id_movie_info_idx", "Relation Name": "movie_info_idx", "Alias": "mi_idx", "Startup Cost": 0.0, "Total Cost": 0.53, "Plan Rows": 2, "Plan Width": 13, "Index Cond": "(movie_id = mi.movie_id)"}]}]}, {"Node Type": "Index Scan", "Parent Relationship": "Inner", "Scan Direction": "Forward", "Index Name": "title_pkey", "Relation Name": "title", "Alias": "t", "Startup Cost": 0.0, "Total Cost": 0.4, "Plan Rows": 1, "Plan Width": 21, "Index Cond": "(id = mi_idx.movie_id)"}]}, {"Node Type": "Index Scan", "Parent Relationship": "Inner", "Scan Direction": "Forward", "Index Name": "movie_id_cast_info", "Relation Name": "cast_info", "Alias": "ci", "Startup Cost": 0.0, "Total Cost": 1.01, "Plan Rows": 1, "Plan Width": 8, "Index Cond": "(movie_id = t.id)", "Filter": "((note)::text = ANY ('{(writer),\"(head writer)\",\"(written by)\",(story),\"(story editor)\"}'::text[]))"}]}, {"Node Type": "Index Scan", "Parent Relationship": "Inner", "Scan Direction": "Forward", "Index Name": "name_pkey", "Relation Name": "name", "Alias": "n", "Startup Cost": 0.0, "Total Cost": 0.49, "Plan Rows": 1, "Plan Width": 4, "Index Cond": "(id = ci.person_id)", "Filter": "((gender)::text = 'm'::text)"}]}]}, "Unique SQL Id": 3913857139, "Planner Runtime": 8}, "explain_analyze_plan": {"Plan": {"Node Type": "Aggregate", "Strategy": "Plain", "Startup Cost": 79308.04, "Total Cost": 79308.05, "Plan Rows": 1, "Plan Width": 160, "Actual Min Startup Time": 10680.124, "Actual Max Startup Time": 10680.124, "Actual Min Total Time": 10680.125, "Actual Max Total Time": 10680.125, "Plans": [{"Node Type": "Nested Loop", "Parent Relationship": "Outer", "Join Type": "Inner", "Startup Cost": 0.0, "Total Cost": 79297.45, "Plan Rows": 1413, "Plan Width": 64, "Actual Min Startup Time": 249.693, "Actual Max Startup Time": 249.693, "Actual Min Total Time": 10641.432, "Actual Max Total Time": 10641.432, "Inner Unique": true, "Plans": [{"Node Type": "Nested Loop", "Parent Relationship": "Outer", "Join Type": "Inner", "Startup Cost": 0.0, "Total Cost": 78718.18, "Plan Rows": 1155, "Plan Width": 68, "Actual Min Startup Time": 247.969, "Actual Max Startup Time": 247.969, "Actual Min Total Time": 10246.003, "Actual Max Total Time": 10246.003, "Inner Unique": false, "Plans": [{"Node Type": "Nested Loop", "Parent Relationship": "Outer", "Join Type": "Inner", "Startup Cost": 0.0, "Total Cost": 77656.55, "Plan Rows": 1044, "Plan Width": 76, "Actual Min Startup Time": 247.349, "Actual Max Startup Time": 247.349, "Actual Min Total Time": 1811.85, "Actual Max Total Time": 1811.85, "Inner Unique": true, "Join Filter": "(mi.movie_id = t.id)", "Rows Removed by Join Filter": 0, "Plans": [{"Node Type": "Nested Loop", "Parent Relationship": "Outer", "Join Type": "Inner", "Startup Cost": 0.0, "Total Cost": 77228.36, "Plan Rows": 1044, "Plan Width": 55, "Actual Min Startup Time": 247.331, "Actual Max Startup Time": 247.331, "Actual Min Total Time": 1273.326, "Actual Max Total Time": 1273.326, "Inner Unique": false, "Join Filter": "(mi_idx.info_type_id = it2.id)", "Rows Removed by Join Filter": 205269, "Plans": [{"Node Type": "Seq Scan", "Parent Relationship": "Outer", "Relation Name": "info_type", "Alias": "it2", "Startup Cost": 0.0, "Total Cost": 2.4, "Plan Rows": 1, "Plan Width": 4, "Actual Min Startup Time": 0.086, "Actual Max Startup Time": 0.086, "Actual Min Total Time": 0.096, "Actual Max Total Time": 0.096, "Filter": "((info)::text = 'votes'::text)", "Rows Removed by Filter": 111, "Actual Rows": 1}, {"Node Type": "Nested Loop", "Parent Relationship": "Inner", "Join Type": "Inner", "Startup Cost": 0.0, "Total Cost": 77173.77, "Plan Rows": 4175, "Plan Width": 59, "Actual Min Startup Time": 247.225, "Actual Max Startup Time": 247.225, "Actual Min Total Time": 1183.67, "Actual Max Total Time": 1183.67, "Inner Unique": false, "Plans": [{"Node Type": "Nested Loop", "Parent Relationship": "Outer", "Join Type": "Inner", "Startup Cost": 0.0, "Total Cost": 75685.72, "Plan Rows": 2717, "Plan Width": 46, "Actual Min Startup Time": 247.195, "Actual Max Startup Time": 247.195, "Actual Min Total Time": 356.202, "Actual Max Total Time": 356.202, "Inner Unique": false, "Join Filter": "(it1.id = mi.info_type_id)", "Rows Removed by Join Filter": 2377, "Plans": [{"Node Type": "Seq Scan", "Parent Relationship": "Outer", "Relation Name": "info_type", "Alias": "it1", "Startup Cost": 0.0, "Total Cost": 2.4, "Plan Rows": 1, "Plan Width": 4, "Actual Min Startup Time": 0.047, "Actual Max Startup Time": 0.047, "Actual Min Total Time": 0.081, "Actual Max Total Time": 0.081, "Filter": "((info)::text = 'genres'::text)", "Rows Removed by Filter": 111, "Actual Rows": 1}, {"Node Type": "Materialize", "Parent Relationship": "Inner", "Startup Cost": 0.0, "Total Cost": 73781.62, "Plan Rows": 190170, "Plan Width": 50, "Actual Min Startup Time": 247.015, "Actual Max Startup Time": 247.015, "Actual Min Total Time": 279.819, "Actual Max Total Time": 279.819, "Plans": [{"Node Type": "Streaming(type: LOCAL GATHER dop: 1/64)", "Parent Relationship": "Outer", "Startup Cost": 0.0, "Total Cost": 73306.19, "Plan Rows": 190170, "Plan Width": 50, "Actual Min Startup Time": 127.593, "Actual Max Startup Time": 127.593, "Actual Min Total Time": 219.435, "Actual Max Total Time": 219.435, "Plans": [{"Node Type": "Seq Scan", "Parent Relationship": "Outer", "Relation Name": "movie_info", "Alias": "mi", "Startup Cost": 0.0, "Total Cost": 69383.01, "Plan Rows": 190170, "Plan Width": 50, "Actual Min Startup Time": 55.284, "Actual Max Startup Time": 120.939, "Actual Min Total Time": 110.672, "Actual Max Total Time": 131.365, "Filter": "((info)::text = ANY ('{Horror,Action,Sci-Fi,Thriller,Crime,War}'::text[]))", "Rows Removed by Filter": 14646748, "Actual Rows": 188971}], "Actual Rows": 188971}], "Actual Rows": 188972}], "Actual Rows": 186594}, {"Node Type": "Index Scan", "Parent Relationship": "Inner", "Scan Direction": "Forward", "Index Name": "movie_id_movie_info_idx", "Relation Name": "movie_info_idx", "Alias": "mi_idx", "Startup Cost": 0.0, "Total Cost": 0.53, "Plan Rows": 2, "Plan Width": 13, "Actual Min Startup Time": 538.447, "Actual Max Startup Time": 538.447, "Actual Min Total Time": 656.885, "Actual Max Total Time": 656.885, "Index Cond": "(movie_id = mi.movie_id)", "Rows Removed by Index Recheck": 0, "Actual Rows": 307785}], "Actual Rows": 307785}], "Actual Rows": 102516}, {"Node Type": "Index Scan", "Parent Relationship": "Inner", "Scan Direction": "Forward", "Index Name": "title_pkey", "Relation Name": "title", "Alias": "t", "Startup Cost": 0.0, "Total Cost": 0.4, "Plan Rows": 1, "Plan Width": 21, "Actual Min Startup Time": 432.22, "Actual Max Startup Time": 432.22, "Actual Min Total Time": 432.22, "Actual Max Total Time": 432.22, "Index Cond": "(id = mi_idx.movie_id)", "Rows Removed by Index Recheck": 0, "Actual Rows": 102516}], "Actual Rows": 102516}, {"Node Type": "Index Scan", "Parent Relationship": "Inner", "Scan Direction": "Forward", "Index Name": "movie_id_cast_info", "Relation Name": "cast_info", "Alias": "ci", "Startup Cost": 0.0, "Total Cost": 1.01, "Plan Rows": 1, "Plan Width": 8, "Actual Min Startup Time": 7123.336, "Actual Max Startup Time": 7123.336, "Actual Min Total Time": 8361.98, "Actual Max Total Time": 8361.98, "Index Cond": "(movie_id = t.id)", "Rows Removed by Index Recheck": 0, "Filter": "((note)::text = ANY ('{(writer),\"(head writer)\",\"(written by)\",(story),\"(story editor)\"}'::text[]))", "Rows Removed by Filter": 3987641, "Actual Rows": 54155}], "Actual Rows": 54155}, {"Node Type": "Index Scan", "Parent Relationship": "Inner", "Scan Direction": "Forward", "Index Name": "name_pkey", "Relation Name": "name", "Alias": "n", "Startup Cost": 0.0, "Total Cost": 0.49, "Plan Rows": 1, "Plan Width": 4, "Actual Min Startup Time": 352.775, "Actual Max Startup Time": 352.775, "Actual Min Total Time": 352.775, "Actual Max Total Time": 352.775, "Index Cond": "(id = ci.person_id)", "Rows Removed by Index Recheck": 0, "Filter": "((gender)::text = 'm'::text)", "Rows Removed by Filter": 26082, "Actual Rows": 28073}], "Actual Rows": 28073}], "Actual Rows": 1}, "Triggers": [], "Planner Runtime": 7, "Total Runtime": 10691.468, "Unique SQL Id": 3913857139}}, "(64, 49)": {"explain_plan": {"Plan": {"Node Type": "Aggregate", "Strategy": "Plain", "Startup Cost": 168618.05, "Total Cost": 168618.06, "Plan Rows": 1, "Plan Width": 160, "Plans": [{"Node Type": "Nested Loop", "Parent Relationship": "Outer", "Join Type": "Inner", "Startup Cost": 4842.14, "Total Cost": 168607.45, "Plan Rows": 1413, "Plan Width": 64, "Inner Unique": true, "Plans": [{"Node Type": "Nested Loop", "Parent Relationship": "Outer", "Join Type": "Inner", "Startup Cost": 4842.14, "Total Cost": 168028.19, "Plan Rows": 1155, "Plan Width": 68, "Inner Unique": false, "Plans": [{"Node Type": "Nested Loop", "Parent Relationship": "Outer", "Join Type": "Inner", "Startup Cost": 4842.14, "Total Cost": 166966.55, "Plan Rows": 1044, "Plan Width": 76, "Inner Unique": true, "Join Filter": "(mi.movie_id = t.id)", "Plans": [{"Node Type": "Nested Loop", "Parent Relationship": "Outer", "Join Type": "Inner", "Startup Cost": 4842.14, "Total Cost": 166538.36, "Plan Rows": 1044, "Plan Width": 55, "Inner Unique": false, "Join Filter": "(mi_idx.info_type_id = it2.id)", "Plans": [{"Node Type": "Index Scan", "Parent Relationship": "Outer", "Scan Direction": "Forward", "Index Name": "info_type_pkey", "Relation Name": "info_type", "Alias": "it2", "Startup Cost": 0.0, "Total Cost": 14.21, "Plan Rows": 1, "Plan Width": 4, "Filter": "((info)::text = 'votes'::text)"}, {"Node Type": "Nested Loop", "Parent Relationship": "Inner", "Join Type": "Inner", "Startup Cost": 4842.14, "Total Cost": 166471.96, "Plan Rows": 4175, "Plan Width": 59, "Inner Unique": false, "Plans": [{"Node Type": "Nested Loop", "Parent Relationship": "Outer", "Join Type": "Inner", "Startup Cost": 4842.14, "Total Cost": 164983.91, "Plan Rows": 2717, "Plan Width": 46, "Inner Unique": false, "Plans": [{"Node Type": "Index Scan", "Parent Relationship": "Outer", "Scan Direction": "Forward", "Index Name": "info_type_pkey", "Relation Name": "info_type", "Alias": "it1", "Startup Cost": 0.0, "Total Cost": 14.21, "Plan Rows": 1, "Plan Width": 4, "Filter": "((info)::text = 'genres'::text)"}, {"Node Type": "Bitmap Heap Scan", "Parent Relationship": "Inner", "Relation Name": "movie_info", "Alias": "mi", "Startup Cost": 4842.14, "Total Cost": 164942.53, "Plan Rows": 2717, "Plan Width": 50, "Recheck Cond": "(info_type_id = it1.id)", "Filter": "((info)::text = ANY ('{Horror,Action,Sci-Fi,Thriller,Crime,War}'::text[]))", "Plans": [{"Node Type": "Bitmap Index Scan", "Parent Relationship": "Outer", "Index Name": "info_type_id_movie_info", "Startup Cost": 0.0, "Total Cost": 4841.46, "Plan Rows": 212428, "Plan Width": 0, "Index Cond": "(info_type_id = it1.id)"}]}]}, {"Node Type": "Index Scan", "Parent Relationship": "Inner", "Scan Direction": "Forward", "Index Name": "movie_id_movie_info_idx", "Relation Name": "movie_info_idx", "Alias": "mi_idx", "Startup Cost": 0.0, "Total Cost": 0.53, "Plan Rows": 2, "Plan Width": 13, "Index Cond": "(movie_id = mi.movie_id)"}]}]}, {"Node Type": "Index Scan", "Parent Relationship": "Inner", "Scan Direction": "Forward", "Index Name": "title_pkey", "Relation Name": "title", "Alias": "t", "Startup Cost": 0.0, "Total Cost": 0.4, "Plan Rows": 1, "Plan Width": 21, "Index Cond": "(id = mi_idx.movie_id)"}]}, {"Node Type": "Index Scan", "Parent Relationship": "Inner", "Scan Direction": "Forward", "Index Name": "movie_id_cast_info", "Relation Name": "cast_info", "Alias": "ci", "Startup Cost": 0.0, "Total Cost": 1.01, "Plan Rows": 1, "Plan Width": 8, "Index Cond": "(movie_id = t.id)", "Filter": "((note)::text = ANY ('{(writer),\"(head writer)\",\"(written by)\",(story),\"(story editor)\"}'::text[]))"}]}, {"Node Type": "Index Scan", "Parent Relationship": "Inner", "Scan Direction": "Forward", "Index Name": "name_pkey", "Relation Name": "name", "Alias": "n", "Startup Cost": 0.0, "Total Cost": 0.49, "Plan Rows": 1, "Plan Width": 4, "Index Cond": "(id = ci.person_id)", "Filter": "((gender)::text = 'm'::text)"}]}]}, "Unique SQL Id": 3913857139, "Planner Runtime": 7}, "explain_analyze_plan": {"Plan": {"Node Type": "Aggregate", "Strategy": "Plain", "Startup Cost": 168618.05, "Total Cost": 168618.06, "Plan Rows": 1, "Plan Width": 160, "Actual Startup Time": 10871.729, "Actual Total Time": 10871.73, "Actual Rows": 1, "Actual Loops": 1, "Plans": [{"Node Type": "Nested Loop", "Parent Relationship": "Outer", "Join Type": "Inner", "Startup Cost": 4842.14, "Total Cost": 168607.45, "Plan Rows": 1413, "Plan Width": 64, "Actual Startup Time": 183.736, "Actual Total Time": 10828.733, "Actual Rows": 28073, "Actual Loops": 1, "Inner Unique": true, "Plans": [{"Node Type": "Nested Loop", "Parent Relationship": "Outer", "Join Type": "Inner", "Startup Cost": 4842.14, "Total Cost": 168028.19, "Plan Rows": 1155, "Plan Width": 68, "Actual Startup Time": 181.465, "Actual Total Time": 10439.312, "Actual Rows": 54155, "Actual Loops": 1, "Inner Unique": false, "Plans": [{"Node Type": "Nested Loop", "Parent Relationship": "Outer", "Join Type": "Inner", "Startup Cost": 4842.14, "Total Cost": 166966.55, "Plan Rows": 1044, "Plan Width": 76, "Actual Startup Time": 178.889, "Actual Total Time": 2614.121, "Actual Rows": 102516, "Actual Loops": 1, "Inner Unique": true, "Join Filter": "(mi.movie_id = t.id)", "Rows Removed by Join Filter": 0, "Plans": [{"Node Type": "Nested Loop", "Parent Relationship": "Outer", "Join Type": "Inner", "Startup Cost": 4842.14, "Total Cost": 166538.36, "Plan Rows": 1044, "Plan Width": 55, "Actual Startup Time": 178.871, "Actual Total Time": 2084.288, "Actual Rows": 102516, "Actual Loops": 1, "Inner Unique": false, "Join Filter": "(mi_idx.info_type_id = it2.id)", "Rows Removed by Join Filter": 205269, "Plans": [{"Node Type": "Index Scan", "Parent Relationship": "Outer", "Scan Direction": "Forward", "Index Name": "info_type_pkey", "Relation Name": "info_type", "Alias": "it2", "Startup Cost": 0.0, "Total Cost": 14.21, "Plan Rows": 1, "Plan Width": 4, "Actual Startup Time": 0.061, "Actual Total Time": 0.073, "Actual Rows": 1, "Actual Loops": 1, "Filter": "((info)::text = 'votes'::text)", "Rows Removed by Filter": 111}, {"Node Type": "Nested Loop", "Parent Relationship": "Inner", "Join Type": "Inner", "Startup Cost": 4842.14, "Total Cost": 166471.96, "Plan Rows": 4175, "Plan Width": 59, "Actual Startup Time": 178.797, "Actual Total Time": 1996.662, "Actual Rows": 307785, "Actual Loops": 1, "Inner Unique": false, "Plans": [{"Node Type": "Nested Loop", "Parent Relationship": "Outer", "Join Type": "Inner", "Startup Cost": 4842.14, "Total Cost": 164983.91, "Plan Rows": 2717, "Plan Width": 46, "Actual Startup Time": 178.766, "Actual Total Time": 1150.098, "Actual Rows": 186594, "Actual Loops": 1, "Inner Unique": false, "Plans": [{"Node Type": "Index Scan", "Parent Relationship": "Outer", "Scan Direction": "Forward", "Index Name": "info_type_pkey", "Relation Name": "info_type", "Alias": "it1", "Startup Cost": 0.0, "Total Cost": 14.21, "Plan Rows": 1, "Plan Width": 4, "Actual Startup Time": 0.009, "Actual Total Time": 0.157, "Actual Rows": 1, "Actual Loops": 1, "Filter": "((info)::text = 'genres'::text)", "Rows Removed by Filter": 111}, {"Node Type": "Bitmap Heap Scan", "Parent Relationship": "Inner", "Relation Name": "movie_info", "Alias": "mi", "Startup Cost": 4842.14, "Total Cost": 164942.53, "Plan Rows": 2717, "Plan Width": 50, "Actual Startup Time": 178.751, "Actual Total Time": 1106.147, "Actual Rows": 186594, "Actual Loops": 1, "Recheck Cond": "(info_type_id = it1.id)", "Rows Removed by Index Recheck": 0, "Filter": "((info)::text = ANY ('{Horror,Action,Sci-Fi,Thriller,Crime,War}'::text[]))", "Rows Removed by Filter": 1347315, "Exact Heap Blocks": 7426, "Lossy Heap Blocks": 7426, "Plans": [{"Node Type": "Bitmap Index Scan", "Parent Relationship": "Outer", "Index Name": "info_type_id_movie_info", "Startup Cost": 0.0, "Total Cost": 4841.46, "Plan Rows": 212428, "Plan Width": 0, "Actual Startup Time": 177.343, "Actual Total Time": 177.343, "Actual Rows": 1533909, "Actual Loops": 1, "Index Cond": "(info_type_id = it1.id)"}]}]}, {"Node Type": "Index Scan", "Parent Relationship": "Inner", "Scan Direction": "Forward", "Index Name": "movie_id_movie_info_idx", "Relation Name": "movie_info_idx", "Alias": "mi_idx", "Startup Cost": 0.0, "Total Cost": 0.53, "Plan Rows": 2, "Plan Width": 13, "Actual Startup Time": 549.734, "Actual Total Time": 669.064, "Actual Rows": 307785, "Actual Loops": 186594, "Index Cond": "(movie_id = mi.movie_id)", "Rows Removed by Index Recheck": 0}]}]}, {"Node Type": "Index Scan", "Parent Relationship": "Inner", "Scan Direction": "Forward", "Index Name": "title_pkey", "Relation Name": "title", "Alias": "t", "Startup Cost": 0.0, "Total Cost": 0.4, "Plan Rows": 1, "Plan Width": 21, "Actual Startup Time": 418.676, "Actual Total Time": 418.676, "Actual Rows": 102516, "Actual Loops": 102516, "Index Cond": "(id = mi_idx.movie_id)", "Rows Removed by Index Recheck": 0}]}, {"Node Type": "Index Scan", "Parent Relationship": "Inner", "Scan Direction": "Forward", "Index Name": "movie_id_cast_info", "Relation Name": "cast_info", "Alias": "ci", "Startup Cost": 0.0, "Total Cost": 1.01, "Plan Rows": 1, "Plan Width": 8, "Actual Startup Time": 6602.685, "Actual Total Time": 7750.361, "Actual Rows": 54155, "Actual Loops": 102516, "Index Cond": "(movie_id = t.id)", "Rows Removed by Index Recheck": 0, "Filter": "((note)::text = ANY ('{(writer),\"(head writer)\",\"(written by)\",(story),\"(story editor)\"}'::text[]))", "Rows Removed by Filter": 3987641}]}, {"Node Type": "Index Scan", "Parent Relationship": "Inner", "Scan Direction": "Forward", "Index Name": "name_pkey", "Relation Name": "name", "Alias": "n", "Startup Cost": 0.0, "Total Cost": 0.49, "Plan Rows": 1, "Plan Width": 4, "Actual Startup Time": 340.016, "Actual Total Time": 340.016, "Actual Rows": 28073, "Actual Loops": 54155, "Index Cond": "(id = ci.person_id)", "Rows Removed by Index Recheck": 0, "Filter": "((gender)::text = 'm'::text)", "Rows Removed by Filter": 26082}]}]}, "Triggers": [], "Planner Runtime": 7, "Total Runtime": 10872.055, "Unique SQL Id": 3913857139}}, "(64, 50)": {"explain_plan": {"Plan": {"Node Type": "Aggregate", "Strategy": "Plain", "Startup Cost": 102085.61, "Total Cost": 102085.62, "Plan Rows": 1, "Plan Width": 160, "Plans": [{"Node Type": "Nested Loop", "Parent Relationship": "Outer", "Join Type": "Inner", "Startup Cost": 1.48, "Total Cost": 102075.02, "Plan Rows": 1413, "Plan Width": 64, "Inner Unique": true, "Plans": [{"Node Type": "Nested Loop", "Parent Relationship": "Outer", "Join Type": "Inner", "Startup Cost": 1.17, "Total Cost": 97069.59, "Plan Rows": 1155, "Plan Width": 68, "Inner Unique": false, "Plans": [{"Node Type": "Nested Loop", "Parent Relationship": "Outer", "Join Type": "Inner", "Startup Cost": 0.65, "Total Cost": 92226.92, "Plan Rows": 1044, "Plan Width": 76, "Inner Unique": true, "Join Filter": "(mi.movie_id = t.id)", "Plans": [{"Node Type": "Nested Loop", "Parent Relationship": "Outer", "Join Type": "Inner", "Startup Cost": 0.37, "Total Cost": 87727.73, "Plan Rows": 1044, "Plan Width": 55, "Inner Unique": false, "Join Filter": "(mi_idx.info_type_id = it2.id)", "Plans": [{"Node Type": "Seq Scan", "Parent Relationship": "Outer", "Relation Name": "info_type", "Alias": "it2", "Startup Cost": 0.0, "Total Cost": 2.4, "Plan Rows": 1, "Plan Width": 4, "Filter": "((info)::text = 'votes'::text)"}, {"Node Type": "Nested Loop", "Parent Relationship": "Inner", "Join Type": "Inner", "Startup Cost": 0.37, "Total Cost": 87673.15, "Plan Rows": 4175, "Plan Width": 59, "Inner Unique": false, "Plans": [{"Node Type": "Nested Loop", "Parent Relationship": "Outer", "Join Type": "Inner", "Startup Cost": 0.0, "Total Cost": 75685.72, "Plan Rows": 2717, "Plan Width": 46, "Inner Unique": false, "Join Filter": "(it1.id = mi.info_type_id)", "Plans": [{"Node Type": "Seq Scan", "Parent Relationship": "Outer", "Relation Name": "info_type", "Alias": "it1", "Startup Cost": 0.0, "Total Cost": 2.4, "Plan Rows": 1, "Plan Width": 4, "Filter": "((info)::text = 'genres'::text)"}, {"Node Type": "Materialize", "Parent Relationship": "Inner", "Startup Cost": 0.0, "Total Cost": 73781.62, "Plan Rows": 190170, "Plan Width": 50, "Plans": [{"Node Type": "Streaming(type: LOCAL GATHER dop: 1/64)", "Parent Relationship": "Outer", "Startup Cost": 0.0, "Total Cost": 73306.19, "Plan Rows": 190170, "Plan Width": 50, "Plans": [{"Node Type": "Seq Scan", "Parent Relationship": "Outer", "Relation Name": "movie_info", "Alias": "mi", "Startup Cost": 0.0, "Total Cost": 69383.01, "Plan Rows": 190170, "Plan Width": 50, "Filter": "((info)::text = ANY ('{Horror,Action,Sci-Fi,Thriller,Crime,War}'::text[]))"}]}]}]}, {"Node Type": "Bitmap Heap Scan", "Parent Relationship": "Inner", "Relation Name": "movie_info_idx", "Alias": "mi_idx", "Startup Cost": 0.37, "Total Cost": 4.39, "Plan Rows": 2, "Plan Width": 13, "Recheck Cond": "(movie_id = mi.movie_id)", "Plans": [{"Node Type": "Bitmap Index Scan", "Parent Relationship": "Outer", "Index Name": "movie_id_movie_info_idx", "Startup Cost": 0.0, "Total Cost": 0.37, "Plan Rows": 2, "Plan Width": 0, "Index Cond": "(movie_id = mi.movie_id)"}]}]}]}, {"Node Type": "Bitmap Heap Scan", "Parent Relationship": "Inner", "Relation Name": "title", "Alias": "t", "Startup Cost": 0.28, "Total Cost": 4.3, "Plan Rows": 1, "Plan Width": 21, "Recheck Cond": "(id = mi_idx.movie_id)", "Plans": [{"Node Type": "Bitmap Index Scan", "Parent Relationship": "Outer", "Index Name": "title_pkey", "Startup Cost": 0.0, "Total Cost": 0.28, "Plan Rows": 1, "Plan Width": 0, "Index Cond": "(id = mi_idx.movie_id)"}]}]}, {"Node Type": "Bitmap Heap Scan", "Parent Relationship": "Inner", "Relation Name": "cast_info", "Alias": "ci", "Startup Cost": 0.52, "Total Cost": 4.63, "Plan Rows": 1, "Plan Width": 8, "Recheck Cond": "(movie_id = t.id)", "Filter": "((note)::text = ANY ('{(writer),\"(head writer)\",\"(written by)\",(story),\"(story editor)\"}'::text[]))", "Plans": [{"Node Type": "Bitmap Index Scan", "Parent Relationship": "Outer", "Index Name": "movie_id_cast_info", "Startup Cost": 0.0, "Total Cost": 0.52, "Plan Rows": 6, "Plan Width": 0, "Index Cond": "(movie_id = t.id)"}]}]}, {"Node Type": "Bitmap Heap Scan", "Parent Relationship": "Inner", "Relation Name": "name", "Alias": "n", "Startup Cost": 0.31, "Total Cost": 4.32, "Plan Rows": 1, "Plan Width": 4, "Recheck Cond": "(id = ci.person_id)", "Filter": "((gender)::text = 'm'::text)", "Plans": [{"Node Type": "Bitmap Index Scan", "Parent Relationship": "Outer", "Index Name": "name_pkey", "Startup Cost": 0.0, "Total Cost": 0.31, "Plan Rows": 1, "Plan Width": 0, "Index Cond": "(id = ci.person_id)"}]}]}]}, "Unique SQL Id": 3913857139, "Planner Runtime": 14}, "explain_analyze_plan": {"Plan": {"Node Type": "Aggregate", "Strategy": "Plain", "Startup Cost": 102085.61, "Total Cost": 102085.62, "Plan Rows": 1, "Plan Width": 160, "Actual Min Startup Time": 12795.071, "Actual Max Startup Time": 12795.071, "Actual Min Total Time": 12795.072, "Actual Max Total Time": 12795.072, "Plans": [{"Node Type": "Nested Loop", "Parent Relationship": "Outer", "Join Type": "Inner", "Startup Cost": 1.48, "Total Cost": 102075.02, "Plan Rows": 1413, "Plan Width": 64, "Actual Min Startup Time": 255.92, "Actual Max Startup Time": 255.92, "Actual Min Total Time": 12742.441, "Actual Max Total Time": 12742.441, "Inner Unique": true, "Plans": [{"Node Type": "Nested Loop", "Parent Relationship": "Outer", "Join Type": "Inner", "Startup Cost": 1.17, "Total Cost": 97069.59, "Plan Rows": 1155, "Plan Width": 68, "Actual Min Startup Time": 255.885, "Actual Max Startup Time": 255.885, "Actual Min Total Time": 12230.15, "Actual Max Total Time": 12230.15, "Inner Unique": false, "Plans": [{"Node Type": "Nested Loop", "Parent Relationship": "Outer", "Join Type": "Inner", "Startup Cost": 0.65, "Total Cost": 92226.92, "Plan Rows": 1044, "Plan Width": 76, "Actual Min Startup Time": 255.004, "Actual Max Startup Time": 255.004, "Actual Min Total Time": 2392.55, "Actual Max Total Time": 2392.55, "Inner Unique": true, "Join Filter": "(mi.movie_id = t.id)", "Rows Removed by Join Filter": 0, "Plans": [{"Node Type": "Nested Loop", "Parent Relationship": "Outer", "Join Type": "Inner", "Startup Cost": 0.37, "Total Cost": 87727.73, "Plan Rows": 1044, "Plan Width": 55, "Actual Min Startup Time": 254.971, "Actual Max Startup Time": 254.971, "Actual Min Total Time": 1640.713, "Actual Max Total Time": 1640.713, "Inner Unique": false, "Join Filter": "(mi_idx.info_type_id = it2.id)", "Rows Removed by Join Filter": 205269, "Plans": [{"Node Type": "Seq Scan", "Parent Relationship": "Outer", "Relation Name": "info_type", "Alias": "it2", "Startup Cost": 0.0, "Total Cost": 2.4, "Plan Rows": 1, "Plan Width": 4, "Actual Min Startup Time": 0.074, "Actual Max Startup Time": 0.074, "Actual Min Total Time": 0.094, "Actual Max Total Time": 0.094, "Filter": "((info)::text = 'votes'::text)", "Rows Removed by Filter": 111, "Actual Rows": 1}, {"Node Type": "Nested Loop", "Parent Relationship": "Inner", "Join Type": "Inner", "Startup Cost": 0.37, "Total Cost": 87673.15, "Plan Rows": 4175, "Plan Width": 59, "Actual Min Startup Time": 254.879, "Actual Max Startup Time": 254.879, "Actual Min Total Time": 1532.814, "Actual Max Total Time": 1532.814, "Inner Unique": false, "Plans": [{"Node Type": "Nested Loop", "Parent Relationship": "Outer", "Join Type": "Inner", "Startup Cost": 0.0, "Total Cost": 75685.72, "Plan Rows": 2717, "Plan Width": 46, "Actual Min Startup Time": 254.823, "Actual Max Startup Time": 254.823, "Actual Min Total Time": 374.825, "Actual Max Total Time": 374.825, "Inner Unique": false, "Join Filter": "(it1.id = mi.info_type_id)", "Rows Removed by Join Filter": 2377, "Plans": [{"Node Type": "Seq Scan", "Parent Relationship": "Outer", "Relation Name": "info_type", "Alias": "it1", "Startup Cost": 0.0, "Total Cost": 2.4, "Plan Rows": 1, "Plan Width": 4, "Actual Min Startup Time": 0.039, "Actual Max Startup Time": 0.039, "Actual Min Total Time": 0.092, "Actual Max Total Time": 0.092, "Filter": "((info)::text = 'genres'::text)", "Rows Removed by Filter": 111, "Actual Rows": 1}, {"Node Type": "Materialize", "Parent Relationship": "Inner", "Startup Cost": 0.0, "Total Cost": 73781.62, "Plan Rows": 190170, "Plan Width": 50, "Actual Min Startup Time": 254.72, "Actual Max Startup Time": 254.72, "Actual Min Total Time": 290.579, "Actual Max Total Time": 290.579, "Plans": [{"Node Type": "Streaming(type: LOCAL GATHER dop: 1/64)", "Parent Relationship": "Outer", "Startup Cost": 0.0, "Total Cost": 73306.19, "Plan Rows": 190170, "Plan Width": 50, "Actual Min Startup Time": 130.647, "Actual Max Startup Time": 130.647, "Actual Min Total Time": 227.023, "Actual Max Total Time": 227.023, "Plans": [{"Node Type": "Seq Scan", "Parent Relationship": "Outer", "Relation Name": "movie_info", "Alias": "mi", "Startup Cost": 0.0, "Total Cost": 69383.01, "Plan Rows": 190170, "Plan Width": 50, "Actual Min Startup Time": 62.103, "Actual Max Startup Time": 148.086, "Actual Min Total Time": 110.476, "Actual Max Total Time": 166.182, "Filter": "((info)::text = ANY ('{Horror,Action,Sci-Fi,Thriller,Crime,War}'::text[]))", "Rows Removed by Filter": 14646748, "Actual Rows": 188971}], "Actual Rows": 188971}], "Actual Rows": 188972}], "Actual Rows": 186594}, {"Node Type": "Bitmap Heap Scan", "Parent Relationship": "Inner", "Relation Name": "movie_info_idx", "Alias": "mi_idx", "Startup Cost": 0.37, "Total Cost": 4.39, "Plan Rows": 2, "Plan Width": 13, "Actual Min Startup Time": 788.351, "Actual Max Startup Time": 788.351, "Actual Min Total Time": 833.998, "Actual Max Total Time": 833.998, "Recheck Cond": "(movie_id = mi.movie_id)", "Rows Removed by Index Recheck": 0, "Exact Heap Blocks": 103610, "Lossy Heap Blocks": 103610, "Plans": [{"Node Type": "Bitmap Index Scan", "Parent Relationship": "Outer", "Index Name": "movie_id_movie_info_idx", "Startup Cost": 0.0, "Total Cost": 0.37, "Plan Rows": 2, "Plan Width": 0, "Actual Min Startup Time": 539.893, "Actual Max Startup Time": 539.893, "Actual Min Total Time": 539.893, "Actual Max Total Time": 539.893, "Index Cond": "(movie_id = mi.movie_id)", "Actual Rows": 307785}], "Actual Rows": 307785}], "Actual Rows": 307785}], "Actual Rows": 102516}, {"Node Type": "Bitmap Heap Scan", "Parent Relationship": "Inner", "Relation Name": "title", "Alias": "t", "Startup Cost": 0.28, "Total Cost": 4.3, "Plan Rows": 1, "Plan Width": 21, "Actual Min Startup Time": 570.977, "Actual Max Startup Time": 570.977, "Actual Min Total Time": 570.977, "Actual Max Total Time": 570.977, "Recheck Cond": "(id = mi_idx.movie_id)", "Rows Removed by Index Recheck": 0, "Exact Heap Blocks": 102516, "Lossy Heap Blocks": 102516, "Plans": [{"Node Type": "Bitmap Index Scan", "Parent Relationship": "Outer", "Index Name": "title_pkey", "Startup Cost": 0.0, "Total Cost": 0.28, "Plan Rows": 1, "Plan Width": 0, "Actual Min Startup Time": 311.845, "Actual Max Startup Time": 311.845, "Actual Min Total Time": 311.845, "Actual Max Total Time": 311.845, "Index Cond": "(id = mi_idx.movie_id)", "Actual Rows": 102516}], "Actual Rows": 102516}], "Actual Rows": 102516}, {"Node Type": "Bitmap Heap Scan", "Parent Relationship": "Inner", "Relation Name": "cast_info", "Alias": "ci", "Startup Cost": 0.52, "Total Cost": 4.63, "Plan Rows": 1, "Plan Width": 8, "Actual Min Startup Time": 8376.865, "Actual Max Startup Time": 8376.865, "Actual Min Total Time": 9670.439, "Actual Max Total Time": 9670.439, "Recheck Cond": "(movie_id = t.id)", "Rows Removed by Index Recheck": 0, "Filter": "((note)::text = ANY ('{(writer),\"(head writer)\",\"(written by)\",(story),\"(story editor)\"}'::text[]))", "Rows Removed by Filter": 3987641, "Exact Heap Blocks": 3901088, "Lossy Heap Blocks": 3901088, "Plans": [{"Node Type": "Bitmap Index Scan", "Parent Relationship": "Outer", "Index Name": "movie_id_cast_info", "Startup Cost": 0.0, "Total Cost": 0.52, "Plan Rows": 6, "Plan Width": 0, "Actual Min Startup Time": 1074.667, "Actual Max Startup Time": 1074.667, "Actual Min Total Time": 1074.667, "Actual Max Total Time": 1074.667, "Index Cond": "(movie_id = t.id)", "Actual Rows": 4041796}], "Actual Rows": 54155}], "Actual Rows": 54155}, {"Node Type": "Bitmap Heap Scan", "Parent Relationship": "Inner", "Relation Name": "name", "Alias": "n", "Startup Cost": 0.31, "Total Cost": 4.32, "Plan Rows": 1, "Plan Width": 4, "Actual Min Startup Time": 421.327, "Actual Max Startup Time": 421.327, "Actual Min Total Time": 421.327, "Actual Max Total Time": 421.327, "Recheck Cond": "(id = ci.person_id)", "Rows Removed by Index Recheck": 0, "Filter": "((gender)::text = 'm'::text)", "Rows Removed by Filter": 26082, "Exact Heap Blocks": 54155, "Lossy Heap Blocks": 54155, "Plans": [{"Node Type": "Bitmap Index Scan", "Parent Relationship": "Outer", "Index Name": "name_pkey", "Startup Cost": 0.0, "Total Cost": 0.31, "Plan Rows": 1, "Plan Width": 0, "Actual Min Startup Time": 263.996, "Actual Max Startup Time": 263.996, "Actual Min Total Time": 263.996, "Actual Max Total Time": 263.996, "Index Cond": "(id = ci.person_id)", "Actual Rows": 54155}], "Actual Rows": 28073}], "Actual Rows": 28073}], "Actual Rows": 1}, "Triggers": [], "Planner Runtime": 14, "Total Runtime": 12807.1, "Unique SQL Id": 3913857139}}, "(64, 51)": {"explain_plan": {"Plan": {"Node Type": "Aggregate", "Strategy": "Plain", "Startup Cost": 191395.62, "Total Cost": 191395.63, "Plan Rows": 1, "Plan Width": 160, "Plans": [{"Node Type": "Nested Loop", "Parent Relationship": "Outer", "Join Type": "Inner", "Startup Cost": 4861.24, "Total Cost": 191385.02, "Plan Rows": 1413, "Plan Width": 64, "Inner Unique": true, "Plans": [{"Node Type": "Nested Loop", "Parent Relationship": "Outer", "Join Type": "Inner", "Startup Cost": 4860.93, "Total Cost": 186379.6, "Plan Rows": 1155, "Plan Width": 68, "Inner Unique": false, "Plans": [{"Node Type": "Nested Loop", "Parent Relationship": "Outer", "Join Type": "Inner", "Startup Cost": 4860.41, "Total Cost": 181536.93, "Plan Rows": 1044, "Plan Width": 76, "Inner Unique": true, "Join Filter": "(mi.movie_id = t.id)", "Plans": [{"Node Type": "Nested Loop", "Parent Relationship": "Outer", "Join Type": "Inner", "Startup Cost": 4860.13, "Total Cost": 177037.74, "Plan Rows": 1044, "Plan Width": 55, "Inner Unique": false, "Join Filter": "(mi_idx.info_type_id = it2.id)", "Plans": [{"Node Type": "Bitmap Heap Scan", "Parent Relationship": "Outer", "Relation Name": "info_type", "Alias": "it2", "Startup Cost": 8.81, "Total Cost": 14.21, "Plan Rows": 1, "Plan Width": 4, "Filter": "((info)::text = 'votes'::text)", "Plans": [{"Node Type": "Bitmap Index Scan", "Parent Relationship": "Outer", "Index Name": "info_type_pkey", "Startup Cost": 0.0, "Total Cost": 8.81, "Plan Rows": 112, "Plan Width": 0}]}, {"Node Type": "Nested Loop", "Parent Relationship": "Inner", "Join Type": "Inner", "Startup Cost": 4851.32, "Total Cost": 176971.34, "Plan Rows": 4175, "Plan Width": 59, "Inner Unique": false, "Plans": [{"Node Type": "Nested Loop", "Parent Relationship": "Outer", "Join Type": "Inner", "Startup Cost": 4850.95, "Total Cost": 164983.91, "Plan Rows": 2717, "Plan Width": 46, "Inner Unique": false, "Plans": [{"Node Type": "Bitmap Heap Scan", "Parent Relationship": "Outer", "Relation Name": "info_type", "Alias": "it1", "Startup Cost": 8.81, "Total Cost": 14.21, "Plan Rows": 1, "Plan Width": 4, "Filter": "((info)::text = 'genres'::text)", "Plans": [{"Node Type": "Bitmap Index Scan", "Parent Relationship": "Outer", "Index Name": "info_type_pkey", "Startup Cost": 0.0, "Total Cost": 8.81, "Plan Rows": 112, "Plan Width": 0}]}, {"Node Type": "Bitmap Heap Scan", "Parent Relationship": "Inner", "Relation Name": "movie_info", "Alias": "mi", "Startup Cost": 4842.14, "Total Cost": 164942.53, "Plan Rows": 2717, "Plan Width": 50, "Recheck Cond": "(info_type_id = it1.id)", "Filter": "((info)::text = ANY ('{Horror,Action,Sci-Fi,Thriller,Crime,War}'::text[]))", "Plans": [{"Node Type": "Bitmap Index Scan", "Parent Relationship": "Outer", "Index Name": "info_type_id_movie_info", "Startup Cost": 0.0, "Total Cost": 4841.46, "Plan Rows": 212428, "Plan Width": 0, "Index Cond": "(info_type_id = it1.id)"}]}]}, {"Node Type": "Bitmap Heap Scan", "Parent Relationship": "Inner", "Relation Name": "movie_info_idx", "Alias": "mi_idx", "Startup Cost": 0.37, "Total Cost": 4.39, "Plan Rows": 2, "Plan Width": 13, "Recheck Cond": "(movie_id = mi.movie_id)", "Plans": [{"Node Type": "Bitmap Index Scan", "Parent Relationship": "Outer", "Index Name": "movie_id_movie_info_idx", "Startup Cost": 0.0, "Total Cost": 0.37, "Plan Rows": 2, "Plan Width": 0, "Index Cond": "(movie_id = mi.movie_id)"}]}]}]}, {"Node Type": "Bitmap Heap Scan", "Parent Relationship": "Inner", "Relation Name": "title", "Alias": "t", "Startup Cost": 0.28, "Total Cost": 4.3, "Plan Rows": 1, "Plan Width": 21, "Recheck Cond": "(id = mi_idx.movie_id)", "Plans": [{"Node Type": "Bitmap Index Scan", "Parent Relationship": "Outer", "Index Name": "title_pkey", "Startup Cost": 0.0, "Total Cost": 0.28, "Plan Rows": 1, "Plan Width": 0, "Index Cond": "(id = mi_idx.movie_id)"}]}]}, {"Node Type": "Bitmap Heap Scan", "Parent Relationship": "Inner", "Relation Name": "cast_info", "Alias": "ci", "Startup Cost": 0.52, "Total Cost": 4.63, "Plan Rows": 1, "Plan Width": 8, "Recheck Cond": "(movie_id = t.id)", "Filter": "((note)::text = ANY ('{(writer),\"(head writer)\",\"(written by)\",(story),\"(story editor)\"}'::text[]))", "Plans": [{"Node Type": "Bitmap Index Scan", "Parent Relationship": "Outer", "Index Name": "movie_id_cast_info", "Startup Cost": 0.0, "Total Cost": 0.52, "Plan Rows": 6, "Plan Width": 0, "Index Cond": "(movie_id = t.id)"}]}]}, {"Node Type": "Bitmap Heap Scan", "Parent Relationship": "Inner", "Relation Name": "name", "Alias": "n", "Startup Cost": 0.31, "Total Cost": 4.32, "Plan Rows": 1, "Plan Width": 4, "Recheck Cond": "(id = ci.person_id)", "Filter": "((gender)::text = 'm'::text)", "Plans": [{"Node Type": "Bitmap Index Scan", "Parent Relationship": "Outer", "Index Name": "name_pkey", "Startup Cost": 0.0, "Total Cost": 0.31, "Plan Rows": 1, "Plan Width": 0, "Index Cond": "(id = ci.person_id)"}]}]}]}, "Unique SQL Id": 3913857139, "Planner Runtime": 8}, "explain_analyze_plan": {"Plan": {"Node Type": "Aggregate", "Strategy": "Plain", "Startup Cost": 191395.62, "Total Cost": 191395.63, "Plan Rows": 1, "Plan Width": 160, "Actual Startup Time": 13580.726, "Actual Total Time": 13580.726, "Actual Rows": 1, "Actual Loops": 1, "Plans": [{"Node Type": "Nested Loop", "Parent Relationship": "Outer", "Join Type": "Inner", "Startup Cost": 4861.24, "Total Cost": 191385.02, "Plan Rows": 1413, "Plan Width": 64, "Actual Startup Time": 182.856, "Actual Total Time": 13524.954, "Actual Rows": 28073, "Actual Loops": 1, "Inner Unique": true, "Plans": [{"Node Type": "Nested Loop", "Parent Relationship": "Outer", "Join Type": "Inner", "Startup Cost": 4860.93, "Total Cost": 186379.6, "Plan Rows": 1155, "Plan Width": 68, "Actual Startup Time": 180.203, "Actual Total Time": 13012.912, "Actual Rows": 54155, "Actual Loops": 1, "Inner Unique": false, "Plans": [{"Node Type": "Nested Loop", "Parent Relationship": "Outer", "Join Type": "Inner", "Startup Cost": 4860.41, "Total Cost": 181536.93, "Plan Rows": 1044, "Plan Width": 76, "Actual Startup Time": 177.143, "Actual Total Time": 3136.935, "Actual Rows": 102516, "Actual Loops": 1, "Inner Unique": true, "Join Filter": "(mi.movie_id = t.id)", "Rows Removed by Join Filter": 0, "Plans": [{"Node Type": "Nested Loop", "Parent Relationship": "Outer", "Join Type": "Inner", "Startup Cost": 4860.13, "Total Cost": 177037.74, "Plan Rows": 1044, "Plan Width": 55, "Actual Startup Time": 177.118, "Actual Total Time": 2402.755, "Actual Rows": 102516, "Actual Loops": 1, "Inner Unique": false, "Join Filter": "(mi_idx.info_type_id = it2.id)", "Rows Removed by Join Filter": 205269, "Plans": [{"Node Type": "Bitmap Heap Scan", "Parent Relationship": "Outer", "Relation Name": "info_type", "Alias": "it2", "Startup Cost": 8.81, "Total Cost": 14.21, "Plan Rows": 1, "Plan Width": 4, "Actual Startup Time": 0.081, "Actual Total Time": 0.085, "Actual Rows": 1, "Actual Loops": 1, "Filter": "((info)::text = 'votes'::text)", "Rows Removed by Filter": 111, "Exact Heap Blocks": 1, "Lossy Heap Blocks": 1, "Plans": [{"Node Type": "Bitmap Index Scan", "Parent Relationship": "Outer", "Index Name": "info_type_pkey", "Startup Cost": 0.0, "Total Cost": 8.81, "Plan Rows": 112, "Plan Width": 0, "Actual Startup Time": 0.019, "Actual Total Time": 0.019, "Actual Rows": 112, "Actual Loops": 1}]}, {"Node Type": "Nested Loop", "Parent Relationship": "Inner", "Join Type": "Inner", "Startup Cost": 4851.32, "Total Cost": 176971.34, "Plan Rows": 4175, "Plan Width": 59, "Actual Startup Time": 177.024, "Actual Total Time": 2302.393, "Actual Rows": 307785, "Actual Loops": 1, "Inner Unique": false, "Plans": [{"Node Type": "Nested Loop", "Parent Relationship": "Outer", "Join Type": "Inner", "Startup Cost": 4850.95, "Total Cost": 164983.91, "Plan Rows": 2717, "Plan Width": 46, "Actual Startup Time": 176.982, "Actual Total Time": 1162.537, "Actual Rows": 186594, "Actual Loops": 1, "Inner Unique": false, "Plans": [{"Node Type": "Bitmap Heap Scan", "Parent Relationship": "Outer", "Relation Name": "info_type", "Alias": "it1", "Startup Cost": 8.81, "Total Cost": 14.21, "Plan Rows": 1, "Plan Width": 4, "Actual Startup Time": 0.031, "Actual Total Time": 0.059, "Actual Rows": 1, "Actual Loops": 1, "Filter": "((info)::text = 'genres'::text)", "Rows Removed by Filter": 111, "Exact Heap Blocks": 1, "Lossy Heap Blocks": 1, "Plans": [{"Node Type": "Bitmap Index Scan", "Parent Relationship": "Outer", "Index Name": "info_type_pkey", "Startup Cost": 0.0, "Total Cost": 8.81, "Plan Rows": 112, "Plan Width": 0, "Actual Startup Time": 0.008, "Actual Total Time": 0.008, "Actual Rows": 112, "Actual Loops": 1}]}, {"Node Type": "Bitmap Heap Scan", "Parent Relationship": "Inner", "Relation Name": "movie_info", "Alias": "mi", "Startup Cost": 4842.14, "Total Cost": 164942.53, "Plan Rows": 2717, "Plan Width": 50, "Actual Startup Time": 176.947, "Actual Total Time": 1117.951, "Actual Rows": 186594, "Actual Loops": 1, "Recheck Cond": "(info_type_id = it1.id)", "Rows Removed by Index Recheck": 0, "Filter": "((info)::text = ANY ('{Horror,Action,Sci-Fi,Thriller,Crime,War}'::text[]))", "Rows Removed by Filter": 1347315, "Exact Heap Blocks": 7426, "Lossy Heap Blocks": 7426, "Plans": [{"Node Type": "Bitmap Index Scan", "Parent Relationship": "Outer", "Index Name": "info_type_id_movie_info", "Startup Cost": 0.0, "Total Cost": 4841.46, "Plan Rows": 212428, "Plan Width": 0, "Actual Startup Time": 175.581, "Actual Total Time": 175.581, "Actual Rows": 1533909, "Actual Loops": 1, "Index Cond": "(info_type_id = it1.id)"}]}]}, {"Node Type": "Bitmap Heap Scan", "Parent Relationship": "Inner", "Relation Name": "movie_info_idx", "Alias": "mi_idx", "Startup Cost": 0.37, "Total Cost": 4.39, "Plan Rows": 2, "Plan Width": 13, "Actual Startup Time": 777.609, "Actual Total Time": 823.786, "Actual Rows": 307785, "Actual Loops": 186594, "Recheck Cond": "(movie_id = mi.movie_id)", "Rows Removed by Index Recheck": 0, "Exact Heap Blocks": 103610, "Lossy Heap Blocks": 103610, "Plans": [{"Node Type": "Bitmap Index Scan", "Parent Relationship": "Outer", "Index Name": "movie_id_movie_info_idx", "Startup Cost": 0.0, "Total Cost": 0.37, "Plan Rows": 2, "Plan Width": 0, "Actual Startup Time": 528.311, "Actual Total Time": 528.311, "Actual Rows": 307785, "Actual Loops": 186594, "Index Cond": "(movie_id = mi.movie_id)"}]}]}]}, {"Node Type": "Bitmap Heap Scan", "Parent Relationship": "Inner", "Relation Name": "title", "Alias": "t", "Startup Cost": 0.28, "Total Cost": 4.3, "Plan Rows": 1, "Plan Width": 21, "Actual Startup Time": 553.231, "Actual Total Time": 553.231, "Actual Rows": 102516, "Actual Loops": 102516, "Recheck Cond": "(id = mi_idx.movie_id)", "Rows Removed by Index Recheck": 0, "Exact Heap Blocks": 102516, "Lossy Heap Blocks": 102516, "Plans": [{"Node Type": "Bitmap Index Scan", "Parent Relationship": "Outer", "Index Name": "title_pkey", "Startup Cost": 0.0, "Total Cost": 0.28, "Plan Rows": 1, "Plan Width": 0, "Actual Startup Time": 303.255, "Actual Total Time": 303.255, "Actual Rows": 102516, "Actual Loops": 102516, "Index Cond": "(id = mi_idx.movie_id)"}]}]}, {"Node Type": "Bitmap Heap Scan", "Parent Relationship": "Inner", "Relation Name": "cast_info", "Alias": "ci", "Startup Cost": 0.52, "Total Cost": 4.63, "Plan Rows": 1, "Plan Width": 8, "Actual Startup Time": 8405.75, "Actual Total Time": 9708.17, "Actual Rows": 54155, "Actual Loops": 102516, "Recheck Cond": "(movie_id = t.id)", "Rows Removed by Index Recheck": 0, "Filter": "((note)::text = ANY ('{(writer),\"(head writer)\",\"(written by)\",(story),\"(story editor)\"}'::text[]))", "Rows Removed by Filter": 3987641, "Exact Heap Blocks": 3901088, "Lossy Heap Blocks": 3901088, "Plans": [{"Node Type": "Bitmap Index Scan", "Parent Relationship": "Outer", "Index Name": "movie_id_cast_info", "Startup Cost": 0.0, "Total Cost": 0.52, "Plan Rows": 6, "Plan Width": 0, "Actual Startup Time": 1067.615, "Actual Total Time": 1067.615, "Actual Rows": 4041796, "Actual Loops": 102516, "Index Cond": "(movie_id = t.id)"}]}]}, {"Node Type": "Bitmap Heap Scan", "Parent Relationship": "Inner", "Relation Name": "name", "Alias": "n", "Startup Cost": 0.31, "Total Cost": 4.32, "Plan Rows": 1, "Plan Width": 4, "Actual Startup Time": 417.007, "Actual Total Time": 417.007, "Actual Rows": 28073, "Actual Loops": 54155, "Recheck Cond": "(id = ci.person_id)", "Rows Removed by Index Recheck": 0, "Filter": "((gender)::text = 'm'::text)", "Rows Removed by Filter": 26082, "Exact Heap Blocks": 54155, "Lossy Heap Blocks": 54155, "Plans": [{"Node Type": "Bitmap Index Scan", "Parent Relationship": "Outer", "Index Name": "name_pkey", "Startup Cost": 0.0, "Total Cost": 0.31, "Plan Rows": 1, "Plan Width": 0, "Actual Startup Time": 263.412, "Actual Total Time": 263.412, "Actual Rows": 54155, "Actual Loops": 54155, "Index Cond": "(id = ci.person_id)"}]}]}]}, "Triggers": [], "Planner Runtime": 8, "Total Runtime": 13581.043, "Unique SQL Id": 3913857139}}, "(64, 52)": {"explain_plan": {"Plan": {"Node Type": "Aggregate", "Strategy": "Plain", "Startup Cost": 79308.04, "Total Cost": 79308.05, "Plan Rows": 1, "Plan Width": 160, "Plans": [{"Node Type": "Nested Loop", "Parent Relationship": "Outer", "Join Type": "Inner", "Startup Cost": 0.0, "Total Cost": 79297.45, "Plan Rows": 1413, "Plan Width": 64, "Inner Unique": true, "Plans": [{"Node Type": "Nested Loop", "Parent Relationship": "Outer", "Join Type": "Inner", "Startup Cost": 0.0, "Total Cost": 78718.18, "Plan Rows": 1155, "Plan Width": 68, "Inner Unique": false, "Plans": [{"Node Type": "Nested Loop", "Parent Relationship": "Outer", "Join Type": "Inner", "Startup Cost": 0.0, "Total Cost": 77656.55, "Plan Rows": 1044, "Plan Width": 76, "Inner Unique": true, "Join Filter": "(mi.movie_id = t.id)", "Plans": [{"Node Type": "Nested Loop", "Parent Relationship": "Outer", "Join Type": "Inner", "Startup Cost": 0.0, "Total Cost": 77228.36, "Plan Rows": 1044, "Plan Width": 55, "Inner Unique": false, "Join Filter": "(mi_idx.info_type_id = it2.id)", "Plans": [{"Node Type": "Seq Scan", "Parent Relationship": "Outer", "Relation Name": "info_type", "Alias": "it2", "Startup Cost": 0.0, "Total Cost": 2.4, "Plan Rows": 1, "Plan Width": 4, "Filter": "((info)::text = 'votes'::text)"}, {"Node Type": "Nested Loop", "Parent Relationship": "Inner", "Join Type": "Inner", "Startup Cost": 0.0, "Total Cost": 77173.77, "Plan Rows": 4175, "Plan Width": 59, "Inner Unique": false, "Plans": [{"Node Type": "Nested Loop", "Parent Relationship": "Outer", "Join Type": "Inner", "Startup Cost": 0.0, "Total Cost": 75685.72, "Plan Rows": 2717, "Plan Width": 46, "Inner Unique": false, "Join Filter": "(it1.id = mi.info_type_id)", "Plans": [{"Node Type": "Seq Scan", "Parent Relationship": "Outer", "Relation Name": "info_type", "Alias": "it1", "Startup Cost": 0.0, "Total Cost": 2.4, "Plan Rows": 1, "Plan Width": 4, "Filter": "((info)::text = 'genres'::text)"}, {"Node Type": "Materialize", "Parent Relationship": "Inner", "Startup Cost": 0.0, "Total Cost": 73781.62, "Plan Rows": 190170, "Plan Width": 50, "Plans": [{"Node Type": "Streaming(type: LOCAL GATHER dop: 1/64)", "Parent Relationship": "Outer", "Startup Cost": 0.0, "Total Cost": 73306.19, "Plan Rows": 190170, "Plan Width": 50, "Plans": [{"Node Type": "Seq Scan", "Parent Relationship": "Outer", "Relation Name": "movie_info", "Alias": "mi", "Startup Cost": 0.0, "Total Cost": 69383.01, "Plan Rows": 190170, "Plan Width": 50, "Filter": "((info)::text = ANY ('{Horror,Action,Sci-Fi,Thriller,Crime,War}'::text[]))"}]}]}]}, {"Node Type": "Index Scan", "Parent Relationship": "Inner", "Scan Direction": "Forward", "Index Name": "movie_id_movie_info_idx", "Relation Name": "movie_info_idx", "Alias": "mi_idx", "Startup Cost": 0.0, "Total Cost": 0.53, "Plan Rows": 2, "Plan Width": 13, "Index Cond": "(movie_id = mi.movie_id)"}]}]}, {"Node Type": "Index Scan", "Parent Relationship": "Inner", "Scan Direction": "Forward", "Index Name": "title_pkey", "Relation Name": "title", "Alias": "t", "Startup Cost": 0.0, "Total Cost": 0.4, "Plan Rows": 1, "Plan Width": 21, "Index Cond": "(id = mi_idx.movie_id)"}]}, {"Node Type": "Index Scan", "Parent Relationship": "Inner", "Scan Direction": "Forward", "Index Name": "movie_id_cast_info", "Relation Name": "cast_info", "Alias": "ci", "Startup Cost": 0.0, "Total Cost": 1.01, "Plan Rows": 1, "Plan Width": 8, "Index Cond": "(movie_id = t.id)", "Filter": "((note)::text = ANY ('{(writer),\"(head writer)\",\"(written by)\",(story),\"(story editor)\"}'::text[]))"}]}, {"Node Type": "Index Scan", "Parent Relationship": "Inner", "Scan Direction": "Forward", "Index Name": "name_pkey", "Relation Name": "name", "Alias": "n", "Startup Cost": 0.0, "Total Cost": 0.49, "Plan Rows": 1, "Plan Width": 4, "Index Cond": "(id = ci.person_id)", "Filter": "((gender)::text = 'm'::text)"}]}]}, "Unique SQL Id": 3913857139, "Planner Runtime": 7}, "explain_analyze_plan": {"Plan": {"Node Type": "Aggregate", "Strategy": "Plain", "Startup Cost": 79308.04, "Total Cost": 79308.05, "Plan Rows": 1, "Plan Width": 160, "Actual Min Startup Time": 10680.124, "Actual Max Startup Time": 10680.124, "Actual Min Total Time": 10680.125, "Actual Max Total Time": 10680.125, "Plans": [{"Node Type": "Nested Loop", "Parent Relationship": "Outer", "Join Type": "Inner", "Startup Cost": 0.0, "Total Cost": 79297.45, "Plan Rows": 1413, "Plan Width": 64, "Actual Min Startup Time": 249.693, "Actual Max Startup Time": 249.693, "Actual Min Total Time": 10641.432, "Actual Max Total Time": 10641.432, "Inner Unique": true, "Plans": [{"Node Type": "Nested Loop", "Parent Relationship": "Outer", "Join Type": "Inner", "Startup Cost": 0.0, "Total Cost": 78718.18, "Plan Rows": 1155, "Plan Width": 68, "Actual Min Startup Time": 247.969, "Actual Max Startup Time": 247.969, "Actual Min Total Time": 10246.003, "Actual Max Total Time": 10246.003, "Inner Unique": false, "Plans": [{"Node Type": "Nested Loop", "Parent Relationship": "Outer", "Join Type": "Inner", "Startup Cost": 0.0, "Total Cost": 77656.55, "Plan Rows": 1044, "Plan Width": 76, "Actual Min Startup Time": 247.349, "Actual Max Startup Time": 247.349, "Actual Min Total Time": 1811.85, "Actual Max Total Time": 1811.85, "Inner Unique": true, "Join Filter": "(mi.movie_id = t.id)", "Rows Removed by Join Filter": 0, "Plans": [{"Node Type": "Nested Loop", "Parent Relationship": "Outer", "Join Type": "Inner", "Startup Cost": 0.0, "Total Cost": 77228.36, "Plan Rows": 1044, "Plan Width": 55, "Actual Min Startup Time": 247.331, "Actual Max Startup Time": 247.331, "Actual Min Total Time": 1273.326, "Actual Max Total Time": 1273.326, "Inner Unique": false, "Join Filter": "(mi_idx.info_type_id = it2.id)", "Rows Removed by Join Filter": 205269, "Plans": [{"Node Type": "Seq Scan", "Parent Relationship": "Outer", "Relation Name": "info_type", "Alias": "it2", "Startup Cost": 0.0, "Total Cost": 2.4, "Plan Rows": 1, "Plan Width": 4, "Actual Min Startup Time": 0.086, "Actual Max Startup Time": 0.086, "Actual Min Total Time": 0.096, "Actual Max Total Time": 0.096, "Filter": "((info)::text = 'votes'::text)", "Rows Removed by Filter": 111, "Actual Rows": 1}, {"Node Type": "Nested Loop", "Parent Relationship": "Inner", "Join Type": "Inner", "Startup Cost": 0.0, "Total Cost": 77173.77, "Plan Rows": 4175, "Plan Width": 59, "Actual Min Startup Time": 247.225, "Actual Max Startup Time": 247.225, "Actual Min Total Time": 1183.67, "Actual Max Total Time": 1183.67, "Inner Unique": false, "Plans": [{"Node Type": "Nested Loop", "Parent Relationship": "Outer", "Join Type": "Inner", "Startup Cost": 0.0, "Total Cost": 75685.72, "Plan Rows": 2717, "Plan Width": 46, "Actual Min Startup Time": 247.195, "Actual Max Startup Time": 247.195, "Actual Min Total Time": 356.202, "Actual Max Total Time": 356.202, "Inner Unique": false, "Join Filter": "(it1.id = mi.info_type_id)", "Rows Removed by Join Filter": 2377, "Plans": [{"Node Type": "Seq Scan", "Parent Relationship": "Outer", "Relation Name": "info_type", "Alias": "it1", "Startup Cost": 0.0, "Total Cost": 2.4, "Plan Rows": 1, "Plan Width": 4, "Actual Min Startup Time": 0.047, "Actual Max Startup Time": 0.047, "Actual Min Total Time": 0.081, "Actual Max Total Time": 0.081, "Filter": "((info)::text = 'genres'::text)", "Rows Removed by Filter": 111, "Actual Rows": 1}, {"Node Type": "Materialize", "Parent Relationship": "Inner", "Startup Cost": 0.0, "Total Cost": 73781.62, "Plan Rows": 190170, "Plan Width": 50, "Actual Min Startup Time": 247.015, "Actual Max Startup Time": 247.015, "Actual Min Total Time": 279.819, "Actual Max Total Time": 279.819, "Plans": [{"Node Type": "Streaming(type: LOCAL GATHER dop: 1/64)", "Parent Relationship": "Outer", "Startup Cost": 0.0, "Total Cost": 73306.19, "Plan Rows": 190170, "Plan Width": 50, "Actual Min Startup Time": 127.593, "Actual Max Startup Time": 127.593, "Actual Min Total Time": 219.435, "Actual Max Total Time": 219.435, "Plans": [{"Node Type": "Seq Scan", "Parent Relationship": "Outer", "Relation Name": "movie_info", "Alias": "mi", "Startup Cost": 0.0, "Total Cost": 69383.01, "Plan Rows": 190170, "Plan Width": 50, "Actual Min Startup Time": 55.284, "Actual Max Startup Time": 120.939, "Actual Min Total Time": 110.672, "Actual Max Total Time": 131.365, "Filter": "((info)::text = ANY ('{Horror,Action,Sci-Fi,Thriller,Crime,War}'::text[]))", "Rows Removed by Filter": 14646748, "Actual Rows": 188971}], "Actual Rows": 188971}], "Actual Rows": 188972}], "Actual Rows": 186594}, {"Node Type": "Index Scan", "Parent Relationship": "Inner", "Scan Direction": "Forward", "Index Name": "movie_id_movie_info_idx", "Relation Name": "movie_info_idx", "Alias": "mi_idx", "Startup Cost": 0.0, "Total Cost": 0.53, "Plan Rows": 2, "Plan Width": 13, "Actual Min Startup Time": 538.447, "Actual Max Startup Time": 538.447, "Actual Min Total Time": 656.885, "Actual Max Total Time": 656.885, "Index Cond": "(movie_id = mi.movie_id)", "Rows Removed by Index Recheck": 0, "Actual Rows": 307785}], "Actual Rows": 307785}], "Actual Rows": 102516}, {"Node Type": "Index Scan", "Parent Relationship": "Inner", "Scan Direction": "Forward", "Index Name": "title_pkey", "Relation Name": "title", "Alias": "t", "Startup Cost": 0.0, "Total Cost": 0.4, "Plan Rows": 1, "Plan Width": 21, "Actual Min Startup Time": 432.22, "Actual Max Startup Time": 432.22, "Actual Min Total Time": 432.22, "Actual Max Total Time": 432.22, "Index Cond": "(id = mi_idx.movie_id)", "Rows Removed by Index Recheck": 0, "Actual Rows": 102516}], "Actual Rows": 102516}, {"Node Type": "Index Scan", "Parent Relationship": "Inner", "Scan Direction": "Forward", "Index Name": "movie_id_cast_info", "Relation Name": "cast_info", "Alias": "ci", "Startup Cost": 0.0, "Total Cost": 1.01, "Plan Rows": 1, "Plan Width": 8, "Actual Min Startup Time": 7123.336, "Actual Max Startup Time": 7123.336, "Actual Min Total Time": 8361.98, "Actual Max Total Time": 8361.98, "Index Cond": "(movie_id = t.id)", "Rows Removed by Index Recheck": 0, "Filter": "((note)::text = ANY ('{(writer),\"(head writer)\",\"(written by)\",(story),\"(story editor)\"}'::text[]))", "Rows Removed by Filter": 3987641, "Actual Rows": 54155}], "Actual Rows": 54155}, {"Node Type": "Index Scan", "Parent Relationship": "Inner", "Scan Direction": "Forward", "Index Name": "name_pkey", "Relation Name": "name", "Alias": "n", "Startup Cost": 0.0, "Total Cost": 0.49, "Plan Rows": 1, "Plan Width": 4, "Actual Min Startup Time": 352.775, "Actual Max Startup Time": 352.775, "Actual Min Total Time": 352.775, "Actual Max Total Time": 352.775, "Index Cond": "(id = ci.person_id)", "Rows Removed by Index Recheck": 0, "Filter": "((gender)::text = 'm'::text)", "Rows Removed by Filter": 26082, "Actual Rows": 28073}], "Actual Rows": 28073}], "Actual Rows": 1}, "Triggers": [], "Planner Runtime": 7, "Total Runtime": 10691.468, "Unique SQL Id": 3913857139}}, "(64, 53)": {"explain_plan": {"Plan": {"Node Type": "Aggregate", "Strategy": "Plain", "Startup Cost": 168618.05, "Total Cost": 168618.06, "Plan Rows": 1, "Plan Width": 160, "Plans": [{"Node Type": "Nested Loop", "Parent Relationship": "Outer", "Join Type": "Inner", "Startup Cost": 4842.14, "Total Cost": 168607.45, "Plan Rows": 1413, "Plan Width": 64, "Inner Unique": true, "Plans": [{"Node Type": "Nested Loop", "Parent Relationship": "Outer", "Join Type": "Inner", "Startup Cost": 4842.14, "Total Cost": 168028.19, "Plan Rows": 1155, "Plan Width": 68, "Inner Unique": false, "Plans": [{"Node Type": "Nested Loop", "Parent Relationship": "Outer", "Join Type": "Inner", "Startup Cost": 4842.14, "Total Cost": 166966.55, "Plan Rows": 1044, "Plan Width": 76, "Inner Unique": true, "Join Filter": "(mi.movie_id = t.id)", "Plans": [{"Node Type": "Nested Loop", "Parent Relationship": "Outer", "Join Type": "Inner", "Startup Cost": 4842.14, "Total Cost": 166538.36, "Plan Rows": 1044, "Plan Width": 55, "Inner Unique": false, "Join Filter": "(mi_idx.info_type_id = it2.id)", "Plans": [{"Node Type": "Index Scan", "Parent Relationship": "Outer", "Scan Direction": "Forward", "Index Name": "info_type_pkey", "Relation Name": "info_type", "Alias": "it2", "Startup Cost": 0.0, "Total Cost": 14.21, "Plan Rows": 1, "Plan Width": 4, "Filter": "((info)::text = 'votes'::text)"}, {"Node Type": "Nested Loop", "Parent Relationship": "Inner", "Join Type": "Inner", "Startup Cost": 4842.14, "Total Cost": 166471.96, "Plan Rows": 4175, "Plan Width": 59, "Inner Unique": false, "Plans": [{"Node Type": "Nested Loop", "Parent Relationship": "Outer", "Join Type": "Inner", "Startup Cost": 4842.14, "Total Cost": 164983.91, "Plan Rows": 2717, "Plan Width": 46, "Inner Unique": false, "Plans": [{"Node Type": "Index Scan", "Parent Relationship": "Outer", "Scan Direction": "Forward", "Index Name": "info_type_pkey", "Relation Name": "info_type", "Alias": "it1", "Startup Cost": 0.0, "Total Cost": 14.21, "Plan Rows": 1, "Plan Width": 4, "Filter": "((info)::text = 'genres'::text)"}, {"Node Type": "Bitmap Heap Scan", "Parent Relationship": "Inner", "Relation Name": "movie_info", "Alias": "mi", "Startup Cost": 4842.14, "Total Cost": 164942.53, "Plan Rows": 2717, "Plan Width": 50, "Recheck Cond": "(info_type_id = it1.id)", "Filter": "((info)::text = ANY ('{Horror,Action,Sci-Fi,Thriller,Crime,War}'::text[]))", "Plans": [{"Node Type": "Bitmap Index Scan", "Parent Relationship": "Outer", "Index Name": "info_type_id_movie_info", "Startup Cost": 0.0, "Total Cost": 4841.46, "Plan Rows": 212428, "Plan Width": 0, "Index Cond": "(info_type_id = it1.id)"}]}]}, {"Node Type": "Index Scan", "Parent Relationship": "Inner", "Scan Direction": "Forward", "Index Name": "movie_id_movie_info_idx", "Relation Name": "movie_info_idx", "Alias": "mi_idx", "Startup Cost": 0.0, "Total Cost": 0.53, "Plan Rows": 2, "Plan Width": 13, "Index Cond": "(movie_id = mi.movie_id)"}]}]}, {"Node Type": "Index Scan", "Parent Relationship": "Inner", "Scan Direction": "Forward", "Index Name": "title_pkey", "Relation Name": "title", "Alias": "t", "Startup Cost": 0.0, "Total Cost": 0.4, "Plan Rows": 1, "Plan Width": 21, "Index Cond": "(id = mi_idx.movie_id)"}]}, {"Node Type": "Index Scan", "Parent Relationship": "Inner", "Scan Direction": "Forward", "Index Name": "movie_id_cast_info", "Relation Name": "cast_info", "Alias": "ci", "Startup Cost": 0.0, "Total Cost": 1.01, "Plan Rows": 1, "Plan Width": 8, "Index Cond": "(movie_id = t.id)", "Filter": "((note)::text = ANY ('{(writer),\"(head writer)\",\"(written by)\",(story),\"(story editor)\"}'::text[]))"}]}, {"Node Type": "Index Scan", "Parent Relationship": "Inner", "Scan Direction": "Forward", "Index Name": "name_pkey", "Relation Name": "name", "Alias": "n", "Startup Cost": 0.0, "Total Cost": 0.49, "Plan Rows": 1, "Plan Width": 4, "Index Cond": "(id = ci.person_id)", "Filter": "((gender)::text = 'm'::text)"}]}]}, "Unique SQL Id": 3913857139, "Planner Runtime": 8}, "explain_analyze_plan": {"Plan": {"Node Type": "Aggregate", "Strategy": "Plain", "Startup Cost": 168618.05, "Total Cost": 168618.06, "Plan Rows": 1, "Plan Width": 160, "Actual Startup Time": 10871.729, "Actual Total Time": 10871.73, "Actual Rows": 1, "Actual Loops": 1, "Plans": [{"Node Type": "Nested Loop", "Parent Relationship": "Outer", "Join Type": "Inner", "Startup Cost": 4842.14, "Total Cost": 168607.45, "Plan Rows": 1413, "Plan Width": 64, "Actual Startup Time": 183.736, "Actual Total Time": 10828.733, "Actual Rows": 28073, "Actual Loops": 1, "Inner Unique": true, "Plans": [{"Node Type": "Nested Loop", "Parent Relationship": "Outer", "Join Type": "Inner", "Startup Cost": 4842.14, "Total Cost": 168028.19, "Plan Rows": 1155, "Plan Width": 68, "Actual Startup Time": 181.465, "Actual Total Time": 10439.312, "Actual Rows": 54155, "Actual Loops": 1, "Inner Unique": false, "Plans": [{"Node Type": "Nested Loop", "Parent Relationship": "Outer", "Join Type": "Inner", "Startup Cost": 4842.14, "Total Cost": 166966.55, "Plan Rows": 1044, "Plan Width": 76, "Actual Startup Time": 178.889, "Actual Total Time": 2614.121, "Actual Rows": 102516, "Actual Loops": 1, "Inner Unique": true, "Join Filter": "(mi.movie_id = t.id)", "Rows Removed by Join Filter": 0, "Plans": [{"Node Type": "Nested Loop", "Parent Relationship": "Outer", "Join Type": "Inner", "Startup Cost": 4842.14, "Total Cost": 166538.36, "Plan Rows": 1044, "Plan Width": 55, "Actual Startup Time": 178.871, "Actual Total Time": 2084.288, "Actual Rows": 102516, "Actual Loops": 1, "Inner Unique": false, "Join Filter": "(mi_idx.info_type_id = it2.id)", "Rows Removed by Join Filter": 205269, "Plans": [{"Node Type": "Index Scan", "Parent Relationship": "Outer", "Scan Direction": "Forward", "Index Name": "info_type_pkey", "Relation Name": "info_type", "Alias": "it2", "Startup Cost": 0.0, "Total Cost": 14.21, "Plan Rows": 1, "Plan Width": 4, "Actual Startup Time": 0.061, "Actual Total Time": 0.073, "Actual Rows": 1, "Actual Loops": 1, "Filter": "((info)::text = 'votes'::text)", "Rows Removed by Filter": 111}, {"Node Type": "Nested Loop", "Parent Relationship": "Inner", "Join Type": "Inner", "Startup Cost": 4842.14, "Total Cost": 166471.96, "Plan Rows": 4175, "Plan Width": 59, "Actual Startup Time": 178.797, "Actual Total Time": 1996.662, "Actual Rows": 307785, "Actual Loops": 1, "Inner Unique": false, "Plans": [{"Node Type": "Nested Loop", "Parent Relationship": "Outer", "Join Type": "Inner", "Startup Cost": 4842.14, "Total Cost": 164983.91, "Plan Rows": 2717, "Plan Width": 46, "Actual Startup Time": 178.766, "Actual Total Time": 1150.098, "Actual Rows": 186594, "Actual Loops": 1, "Inner Unique": false, "Plans": [{"Node Type": "Index Scan", "Parent Relationship": "Outer", "Scan Direction": "Forward", "Index Name": "info_type_pkey", "Relation Name": "info_type", "Alias": "it1", "Startup Cost": 0.0, "Total Cost": 14.21, "Plan Rows": 1, "Plan Width": 4, "Actual Startup Time": 0.009, "Actual Total Time": 0.157, "Actual Rows": 1, "Actual Loops": 1, "Filter": "((info)::text = 'genres'::text)", "Rows Removed by Filter": 111}, {"Node Type": "Bitmap Heap Scan", "Parent Relationship": "Inner", "Relation Name": "movie_info", "Alias": "mi", "Startup Cost": 4842.14, "Total Cost": 164942.53, "Plan Rows": 2717, "Plan Width": 50, "Actual Startup Time": 178.751, "Actual Total Time": 1106.147, "Actual Rows": 186594, "Actual Loops": 1, "Recheck Cond": "(info_type_id = it1.id)", "Rows Removed by Index Recheck": 0, "Filter": "((info)::text = ANY ('{Horror,Action,Sci-Fi,Thriller,Crime,War}'::text[]))", "Rows Removed by Filter": 1347315, "Exact Heap Blocks": 7426, "Lossy Heap Blocks": 7426, "Plans": [{"Node Type": "Bitmap Index Scan", "Parent Relationship": "Outer", "Index Name": "info_type_id_movie_info", "Startup Cost": 0.0, "Total Cost": 4841.46, "Plan Rows": 212428, "Plan Width": 0, "Actual Startup Time": 177.343, "Actual Total Time": 177.343, "Actual Rows": 1533909, "Actual Loops": 1, "Index Cond": "(info_type_id = it1.id)"}]}]}, {"Node Type": "Index Scan", "Parent Relationship": "Inner", "Scan Direction": "Forward", "Index Name": "movie_id_movie_info_idx", "Relation Name": "movie_info_idx", "Alias": "mi_idx", "Startup Cost": 0.0, "Total Cost": 0.53, "Plan Rows": 2, "Plan Width": 13, "Actual Startup Time": 549.734, "Actual Total Time": 669.064, "Actual Rows": 307785, "Actual Loops": 186594, "Index Cond": "(movie_id = mi.movie_id)", "Rows Removed by Index Recheck": 0}]}]}, {"Node Type": "Index Scan", "Parent Relationship": "Inner", "Scan Direction": "Forward", "Index Name": "title_pkey", "Relation Name": "title", "Alias": "t", "Startup Cost": 0.0, "Total Cost": 0.4, "Plan Rows": 1, "Plan Width": 21, "Actual Startup Time": 418.676, "Actual Total Time": 418.676, "Actual Rows": 102516, "Actual Loops": 102516, "Index Cond": "(id = mi_idx.movie_id)", "Rows Removed by Index Recheck": 0}]}, {"Node Type": "Index Scan", "Parent Relationship": "Inner", "Scan Direction": "Forward", "Index Name": "movie_id_cast_info", "Relation Name": "cast_info", "Alias": "ci", "Startup Cost": 0.0, "Total Cost": 1.01, "Plan Rows": 1, "Plan Width": 8, "Actual Startup Time": 6602.685, "Actual Total Time": 7750.361, "Actual Rows": 54155, "Actual Loops": 102516, "Index Cond": "(movie_id = t.id)", "Rows Removed by Index Recheck": 0, "Filter": "((note)::text = ANY ('{(writer),\"(head writer)\",\"(written by)\",(story),\"(story editor)\"}'::text[]))", "Rows Removed by Filter": 3987641}]}, {"Node Type": "Index Scan", "Parent Relationship": "Inner", "Scan Direction": "Forward", "Index Name": "name_pkey", "Relation Name": "name", "Alias": "n", "Startup Cost": 0.0, "Total Cost": 0.49, "Plan Rows": 1, "Plan Width": 4, "Actual Startup Time": 340.016, "Actual Total Time": 340.016, "Actual Rows": 28073, "Actual Loops": 54155, "Index Cond": "(id = ci.person_id)", "Rows Removed by Index Recheck": 0, "Filter": "((gender)::text = 'm'::text)", "Rows Removed by Filter": 26082}]}]}, "Triggers": [], "Planner Runtime": 7, "Total Runtime": 10872.055, "Unique SQL Id": 3913857139}}, "(64, 54)": {"explain_plan": {"Plan": {"Node Type": "Aggregate", "Strategy": "Plain", "Startup Cost": 102085.61, "Total Cost": 102085.62, "Plan Rows": 1, "Plan Width": 160, "Plans": [{"Node Type": "Nested Loop", "Parent Relationship": "Outer", "Join Type": "Inner", "Startup Cost": 1.48, "Total Cost": 102075.02, "Plan Rows": 1413, "Plan Width": 64, "Inner Unique": true, "Plans": [{"Node Type": "Nested Loop", "Parent Relationship": "Outer", "Join Type": "Inner", "Startup Cost": 1.17, "Total Cost": 97069.59, "Plan Rows": 1155, "Plan Width": 68, "Inner Unique": false, "Plans": [{"Node Type": "Nested Loop", "Parent Relationship": "Outer", "Join Type": "Inner", "Startup Cost": 0.65, "Total Cost": 92226.92, "Plan Rows": 1044, "Plan Width": 76, "Inner Unique": true, "Join Filter": "(mi.movie_id = t.id)", "Plans": [{"Node Type": "Nested Loop", "Parent Relationship": "Outer", "Join Type": "Inner", "Startup Cost": 0.37, "Total Cost": 87727.73, "Plan Rows": 1044, "Plan Width": 55, "Inner Unique": false, "Join Filter": "(mi_idx.info_type_id = it2.id)", "Plans": [{"Node Type": "Seq Scan", "Parent Relationship": "Outer", "Relation Name": "info_type", "Alias": "it2", "Startup Cost": 0.0, "Total Cost": 2.4, "Plan Rows": 1, "Plan Width": 4, "Filter": "((info)::text = 'votes'::text)"}, {"Node Type": "Nested Loop", "Parent Relationship": "Inner", "Join Type": "Inner", "Startup Cost": 0.37, "Total Cost": 87673.15, "Plan Rows": 4175, "Plan Width": 59, "Inner Unique": false, "Plans": [{"Node Type": "Nested Loop", "Parent Relationship": "Outer", "Join Type": "Inner", "Startup Cost": 0.0, "Total Cost": 75685.72, "Plan Rows": 2717, "Plan Width": 46, "Inner Unique": false, "Join Filter": "(it1.id = mi.info_type_id)", "Plans": [{"Node Type": "Seq Scan", "Parent Relationship": "Outer", "Relation Name": "info_type", "Alias": "it1", "Startup Cost": 0.0, "Total Cost": 2.4, "Plan Rows": 1, "Plan Width": 4, "Filter": "((info)::text = 'genres'::text)"}, {"Node Type": "Materialize", "Parent Relationship": "Inner", "Startup Cost": 0.0, "Total Cost": 73781.62, "Plan Rows": 190170, "Plan Width": 50, "Plans": [{"Node Type": "Streaming(type: LOCAL GATHER dop: 1/64)", "Parent Relationship": "Outer", "Startup Cost": 0.0, "Total Cost": 73306.19, "Plan Rows": 190170, "Plan Width": 50, "Plans": [{"Node Type": "Seq Scan", "Parent Relationship": "Outer", "Relation Name": "movie_info", "Alias": "mi", "Startup Cost": 0.0, "Total Cost": 69383.01, "Plan Rows": 190170, "Plan Width": 50, "Filter": "((info)::text = ANY ('{Horror,Action,Sci-Fi,Thriller,Crime,War}'::text[]))"}]}]}]}, {"Node Type": "Bitmap Heap Scan", "Parent Relationship": "Inner", "Relation Name": "movie_info_idx", "Alias": "mi_idx", "Startup Cost": 0.37, "Total Cost": 4.39, "Plan Rows": 2, "Plan Width": 13, "Recheck Cond": "(movie_id = mi.movie_id)", "Plans": [{"Node Type": "Bitmap Index Scan", "Parent Relationship": "Outer", "Index Name": "movie_id_movie_info_idx", "Startup Cost": 0.0, "Total Cost": 0.37, "Plan Rows": 2, "Plan Width": 0, "Index Cond": "(movie_id = mi.movie_id)"}]}]}]}, {"Node Type": "Bitmap Heap Scan", "Parent Relationship": "Inner", "Relation Name": "title", "Alias": "t", "Startup Cost": 0.28, "Total Cost": 4.3, "Plan Rows": 1, "Plan Width": 21, "Recheck Cond": "(id = mi_idx.movie_id)", "Plans": [{"Node Type": "Bitmap Index Scan", "Parent Relationship": "Outer", "Index Name": "title_pkey", "Startup Cost": 0.0, "Total Cost": 0.28, "Plan Rows": 1, "Plan Width": 0, "Index Cond": "(id = mi_idx.movie_id)"}]}]}, {"Node Type": "Bitmap Heap Scan", "Parent Relationship": "Inner", "Relation Name": "cast_info", "Alias": "ci", "Startup Cost": 0.52, "Total Cost": 4.63, "Plan Rows": 1, "Plan Width": 8, "Recheck Cond": "(movie_id = t.id)", "Filter": "((note)::text = ANY ('{(writer),\"(head writer)\",\"(written by)\",(story),\"(story editor)\"}'::text[]))", "Plans": [{"Node Type": "Bitmap Index Scan", "Parent Relationship": "Outer", "Index Name": "movie_id_cast_info", "Startup Cost": 0.0, "Total Cost": 0.52, "Plan Rows": 6, "Plan Width": 0, "Index Cond": "(movie_id = t.id)"}]}]}, {"Node Type": "Bitmap Heap Scan", "Parent Relationship": "Inner", "Relation Name": "name", "Alias": "n", "Startup Cost": 0.31, "Total Cost": 4.32, "Plan Rows": 1, "Plan Width": 4, "Recheck Cond": "(id = ci.person_id)", "Filter": "((gender)::text = 'm'::text)", "Plans": [{"Node Type": "Bitmap Index Scan", "Parent Relationship": "Outer", "Index Name": "name_pkey", "Startup Cost": 0.0, "Total Cost": 0.31, "Plan Rows": 1, "Plan Width": 0, "Index Cond": "(id = ci.person_id)"}]}]}]}, "Unique SQL Id": 3913857139, "Planner Runtime": 14}, "explain_analyze_plan": {"Plan": {"Node Type": "Aggregate", "Strategy": "Plain", "Startup Cost": 102085.61, "Total Cost": 102085.62, "Plan Rows": 1, "Plan Width": 160, "Actual Min Startup Time": 12795.071, "Actual Max Startup Time": 12795.071, "Actual Min Total Time": 12795.072, "Actual Max Total Time": 12795.072, "Plans": [{"Node Type": "Nested Loop", "Parent Relationship": "Outer", "Join Type": "Inner", "Startup Cost": 1.48, "Total Cost": 102075.02, "Plan Rows": 1413, "Plan Width": 64, "Actual Min Startup Time": 255.92, "Actual Max Startup Time": 255.92, "Actual Min Total Time": 12742.441, "Actual Max Total Time": 12742.441, "Inner Unique": true, "Plans": [{"Node Type": "Nested Loop", "Parent Relationship": "Outer", "Join Type": "Inner", "Startup Cost": 1.17, "Total Cost": 97069.59, "Plan Rows": 1155, "Plan Width": 68, "Actual Min Startup Time": 255.885, "Actual Max Startup Time": 255.885, "Actual Min Total Time": 12230.15, "Actual Max Total Time": 12230.15, "Inner Unique": false, "Plans": [{"Node Type": "Nested Loop", "Parent Relationship": "Outer", "Join Type": "Inner", "Startup Cost": 0.65, "Total Cost": 92226.92, "Plan Rows": 1044, "Plan Width": 76, "Actual Min Startup Time": 255.004, "Actual Max Startup Time": 255.004, "Actual Min Total Time": 2392.55, "Actual Max Total Time": 2392.55, "Inner Unique": true, "Join Filter": "(mi.movie_id = t.id)", "Rows Removed by Join Filter": 0, "Plans": [{"Node Type": "Nested Loop", "Parent Relationship": "Outer", "Join Type": "Inner", "Startup Cost": 0.37, "Total Cost": 87727.73, "Plan Rows": 1044, "Plan Width": 55, "Actual Min Startup Time": 254.971, "Actual Max Startup Time": 254.971, "Actual Min Total Time": 1640.713, "Actual Max Total Time": 1640.713, "Inner Unique": false, "Join Filter": "(mi_idx.info_type_id = it2.id)", "Rows Removed by Join Filter": 205269, "Plans": [{"Node Type": "Seq Scan", "Parent Relationship": "Outer", "Relation Name": "info_type", "Alias": "it2", "Startup Cost": 0.0, "Total Cost": 2.4, "Plan Rows": 1, "Plan Width": 4, "Actual Min Startup Time": 0.074, "Actual Max Startup Time": 0.074, "Actual Min Total Time": 0.094, "Actual Max Total Time": 0.094, "Filter": "((info)::text = 'votes'::text)", "Rows Removed by Filter": 111, "Actual Rows": 1}, {"Node Type": "Nested Loop", "Parent Relationship": "Inner", "Join Type": "Inner", "Startup Cost": 0.37, "Total Cost": 87673.15, "Plan Rows": 4175, "Plan Width": 59, "Actual Min Startup Time": 254.879, "Actual Max Startup Time": 254.879, "Actual Min Total Time": 1532.814, "Actual Max Total Time": 1532.814, "Inner Unique": false, "Plans": [{"Node Type": "Nested Loop", "Parent Relationship": "Outer", "Join Type": "Inner", "Startup Cost": 0.0, "Total Cost": 75685.72, "Plan Rows": 2717, "Plan Width": 46, "Actual Min Startup Time": 254.823, "Actual Max Startup Time": 254.823, "Actual Min Total Time": 374.825, "Actual Max Total Time": 374.825, "Inner Unique": false, "Join Filter": "(it1.id = mi.info_type_id)", "Rows Removed by Join Filter": 2377, "Plans": [{"Node Type": "Seq Scan", "Parent Relationship": "Outer", "Relation Name": "info_type", "Alias": "it1", "Startup Cost": 0.0, "Total Cost": 2.4, "Plan Rows": 1, "Plan Width": 4, "Actual Min Startup Time": 0.039, "Actual Max Startup Time": 0.039, "Actual Min Total Time": 0.092, "Actual Max Total Time": 0.092, "Filter": "((info)::text = 'genres'::text)", "Rows Removed by Filter": 111, "Actual Rows": 1}, {"Node Type": "Materialize", "Parent Relationship": "Inner", "Startup Cost": 0.0, "Total Cost": 73781.62, "Plan Rows": 190170, "Plan Width": 50, "Actual Min Startup Time": 254.72, "Actual Max Startup Time": 254.72, "Actual Min Total Time": 290.579, "Actual Max Total Time": 290.579, "Plans": [{"Node Type": "Streaming(type: LOCAL GATHER dop: 1/64)", "Parent Relationship": "Outer", "Startup Cost": 0.0, "Total Cost": 73306.19, "Plan Rows": 190170, "Plan Width": 50, "Actual Min Startup Time": 130.647, "Actual Max Startup Time": 130.647, "Actual Min Total Time": 227.023, "Actual Max Total Time": 227.023, "Plans": [{"Node Type": "Seq Scan", "Parent Relationship": "Outer", "Relation Name": "movie_info", "Alias": "mi", "Startup Cost": 0.0, "Total Cost": 69383.01, "Plan Rows": 190170, "Plan Width": 50, "Actual Min Startup Time": 62.103, "Actual Max Startup Time": 148.086, "Actual Min Total Time": 110.476, "Actual Max Total Time": 166.182, "Filter": "((info)::text = ANY ('{Horror,Action,Sci-Fi,Thriller,Crime,War}'::text[]))", "Rows Removed by Filter": 14646748, "Actual Rows": 188971}], "Actual Rows": 188971}], "Actual Rows": 188972}], "Actual Rows": 186594}, {"Node Type": "Bitmap Heap Scan", "Parent Relationship": "Inner", "Relation Name": "movie_info_idx", "Alias": "mi_idx", "Startup Cost": 0.37, "Total Cost": 4.39, "Plan Rows": 2, "Plan Width": 13, "Actual Min Startup Time": 788.351, "Actual Max Startup Time": 788.351, "Actual Min Total Time": 833.998, "Actual Max Total Time": 833.998, "Recheck Cond": "(movie_id = mi.movie_id)", "Rows Removed by Index Recheck": 0, "Exact Heap Blocks": 103610, "Lossy Heap Blocks": 103610, "Plans": [{"Node Type": "Bitmap Index Scan", "Parent Relationship": "Outer", "Index Name": "movie_id_movie_info_idx", "Startup Cost": 0.0, "Total Cost": 0.37, "Plan Rows": 2, "Plan Width": 0, "Actual Min Startup Time": 539.893, "Actual Max Startup Time": 539.893, "Actual Min Total Time": 539.893, "Actual Max Total Time": 539.893, "Index Cond": "(movie_id = mi.movie_id)", "Actual Rows": 307785}], "Actual Rows": 307785}], "Actual Rows": 307785}], "Actual Rows": 102516}, {"Node Type": "Bitmap Heap Scan", "Parent Relationship": "Inner", "Relation Name": "title", "Alias": "t", "Startup Cost": 0.28, "Total Cost": 4.3, "Plan Rows": 1, "Plan Width": 21, "Actual Min Startup Time": 570.977, "Actual Max Startup Time": 570.977, "Actual Min Total Time": 570.977, "Actual Max Total Time": 570.977, "Recheck Cond": "(id = mi_idx.movie_id)", "Rows Removed by Index Recheck": 0, "Exact Heap Blocks": 102516, "Lossy Heap Blocks": 102516, "Plans": [{"Node Type": "Bitmap Index Scan", "Parent Relationship": "Outer", "Index Name": "title_pkey", "Startup Cost": 0.0, "Total Cost": 0.28, "Plan Rows": 1, "Plan Width": 0, "Actual Min Startup Time": 311.845, "Actual Max Startup Time": 311.845, "Actual Min Total Time": 311.845, "Actual Max Total Time": 311.845, "Index Cond": "(id = mi_idx.movie_id)", "Actual Rows": 102516}], "Actual Rows": 102516}], "Actual Rows": 102516}, {"Node Type": "Bitmap Heap Scan", "Parent Relationship": "Inner", "Relation Name": "cast_info", "Alias": "ci", "Startup Cost": 0.52, "Total Cost": 4.63, "Plan Rows": 1, "Plan Width": 8, "Actual Min Startup Time": 8376.865, "Actual Max Startup Time": 8376.865, "Actual Min Total Time": 9670.439, "Actual Max Total Time": 9670.439, "Recheck Cond": "(movie_id = t.id)", "Rows Removed by Index Recheck": 0, "Filter": "((note)::text = ANY ('{(writer),\"(head writer)\",\"(written by)\",(story),\"(story editor)\"}'::text[]))", "Rows Removed by Filter": 3987641, "Exact Heap Blocks": 3901088, "Lossy Heap Blocks": 3901088, "Plans": [{"Node Type": "Bitmap Index Scan", "Parent Relationship": "Outer", "Index Name": "movie_id_cast_info", "Startup Cost": 0.0, "Total Cost": 0.52, "Plan Rows": 6, "Plan Width": 0, "Actual Min Startup Time": 1074.667, "Actual Max Startup Time": 1074.667, "Actual Min Total Time": 1074.667, "Actual Max Total Time": 1074.667, "Index Cond": "(movie_id = t.id)", "Actual Rows": 4041796}], "Actual Rows": 54155}], "Actual Rows": 54155}, {"Node Type": "Bitmap Heap Scan", "Parent Relationship": "Inner", "Relation Name": "name", "Alias": "n", "Startup Cost": 0.31, "Total Cost": 4.32, "Plan Rows": 1, "Plan Width": 4, "Actual Min Startup Time": 421.327, "Actual Max Startup Time": 421.327, "Actual Min Total Time": 421.327, "Actual Max Total Time": 421.327, "Recheck Cond": "(id = ci.person_id)", "Rows Removed by Index Recheck": 0, "Filter": "((gender)::text = 'm'::text)", "Rows Removed by Filter": 26082, "Exact Heap Blocks": 54155, "Lossy Heap Blocks": 54155, "Plans": [{"Node Type": "Bitmap Index Scan", "Parent Relationship": "Outer", "Index Name": "name_pkey", "Startup Cost": 0.0, "Total Cost": 0.31, "Plan Rows": 1, "Plan Width": 0, "Actual Min Startup Time": 263.996, "Actual Max Startup Time": 263.996, "Actual Min Total Time": 263.996, "Actual Max Total Time": 263.996, "Index Cond": "(id = ci.person_id)", "Actual Rows": 54155}], "Actual Rows": 28073}], "Actual Rows": 28073}], "Actual Rows": 1}, "Triggers": [], "Planner Runtime": 14, "Total Runtime": 12807.1, "Unique SQL Id": 3913857139}}, "(64, 55)": {"explain_plan": {"Plan": {"Node Type": "Aggregate", "Strategy": "Plain", "Startup Cost": 191395.62, "Total Cost": 191395.63, "Plan Rows": 1, "Plan Width": 160, "Plans": [{"Node Type": "Nested Loop", "Parent Relationship": "Outer", "Join Type": "Inner", "Startup Cost": 4861.24, "Total Cost": 191385.02, "Plan Rows": 1413, "Plan Width": 64, "Inner Unique": true, "Plans": [{"Node Type": "Nested Loop", "Parent Relationship": "Outer", "Join Type": "Inner", "Startup Cost": 4860.93, "Total Cost": 186379.6, "Plan Rows": 1155, "Plan Width": 68, "Inner Unique": false, "Plans": [{"Node Type": "Nested Loop", "Parent Relationship": "Outer", "Join Type": "Inner", "Startup Cost": 4860.41, "Total Cost": 181536.93, "Plan Rows": 1044, "Plan Width": 76, "Inner Unique": true, "Join Filter": "(mi.movie_id = t.id)", "Plans": [{"Node Type": "Nested Loop", "Parent Relationship": "Outer", "Join Type": "Inner", "Startup Cost": 4860.13, "Total Cost": 177037.74, "Plan Rows": 1044, "Plan Width": 55, "Inner Unique": false, "Join Filter": "(mi_idx.info_type_id = it2.id)", "Plans": [{"Node Type": "Bitmap Heap Scan", "Parent Relationship": "Outer", "Relation Name": "info_type", "Alias": "it2", "Startup Cost": 8.81, "Total Cost": 14.21, "Plan Rows": 1, "Plan Width": 4, "Filter": "((info)::text = 'votes'::text)", "Plans": [{"Node Type": "Bitmap Index Scan", "Parent Relationship": "Outer", "Index Name": "info_type_pkey", "Startup Cost": 0.0, "Total Cost": 8.81, "Plan Rows": 112, "Plan Width": 0}]}, {"Node Type": "Nested Loop", "Parent Relationship": "Inner", "Join Type": "Inner", "Startup Cost": 4851.32, "Total Cost": 176971.34, "Plan Rows": 4175, "Plan Width": 59, "Inner Unique": false, "Plans": [{"Node Type": "Nested Loop", "Parent Relationship": "Outer", "Join Type": "Inner", "Startup Cost": 4850.95, "Total Cost": 164983.91, "Plan Rows": 2717, "Plan Width": 46, "Inner Unique": false, "Plans": [{"Node Type": "Bitmap Heap Scan", "Parent Relationship": "Outer", "Relation Name": "info_type", "Alias": "it1", "Startup Cost": 8.81, "Total Cost": 14.21, "Plan Rows": 1, "Plan Width": 4, "Filter": "((info)::text = 'genres'::text)", "Plans": [{"Node Type": "Bitmap Index Scan", "Parent Relationship": "Outer", "Index Name": "info_type_pkey", "Startup Cost": 0.0, "Total Cost": 8.81, "Plan Rows": 112, "Plan Width": 0}]}, {"Node Type": "Bitmap Heap Scan", "Parent Relationship": "Inner", "Relation Name": "movie_info", "Alias": "mi", "Startup Cost": 4842.14, "Total Cost": 164942.53, "Plan Rows": 2717, "Plan Width": 50, "Recheck Cond": "(info_type_id = it1.id)", "Filter": "((info)::text = ANY ('{Horror,Action,Sci-Fi,Thriller,Crime,War}'::text[]))", "Plans": [{"Node Type": "Bitmap Index Scan", "Parent Relationship": "Outer", "Index Name": "info_type_id_movie_info", "Startup Cost": 0.0, "Total Cost": 4841.46, "Plan Rows": 212428, "Plan Width": 0, "Index Cond": "(info_type_id = it1.id)"}]}]}, {"Node Type": "Bitmap Heap Scan", "Parent Relationship": "Inner", "Relation Name": "movie_info_idx", "Alias": "mi_idx", "Startup Cost": 0.37, "Total Cost": 4.39, "Plan Rows": 2, "Plan Width": 13, "Recheck Cond": "(movie_id = mi.movie_id)", "Plans": [{"Node Type": "Bitmap Index Scan", "Parent Relationship": "Outer", "Index Name": "movie_id_movie_info_idx", "Startup Cost": 0.0, "Total Cost": 0.37, "Plan Rows": 2, "Plan Width": 0, "Index Cond": "(movie_id = mi.movie_id)"}]}]}]}, {"Node Type": "Bitmap Heap Scan", "Parent Relationship": "Inner", "Relation Name": "title", "Alias": "t", "Startup Cost": 0.28, "Total Cost": 4.3, "Plan Rows": 1, "Plan Width": 21, "Recheck Cond": "(id = mi_idx.movie_id)", "Plans": [{"Node Type": "Bitmap Index Scan", "Parent Relationship": "Outer", "Index Name": "title_pkey", "Startup Cost": 0.0, "Total Cost": 0.28, "Plan Rows": 1, "Plan Width": 0, "Index Cond": "(id = mi_idx.movie_id)"}]}]}, {"Node Type": "Bitmap Heap Scan", "Parent Relationship": "Inner", "Relation Name": "cast_info", "Alias": "ci", "Startup Cost": 0.52, "Total Cost": 4.63, "Plan Rows": 1, "Plan Width": 8, "Recheck Cond": "(movie_id = t.id)", "Filter": "((note)::text = ANY ('{(writer),\"(head writer)\",\"(written by)\",(story),\"(story editor)\"}'::text[]))", "Plans": [{"Node Type": "Bitmap Index Scan", "Parent Relationship": "Outer", "Index Name": "movie_id_cast_info", "Startup Cost": 0.0, "Total Cost": 0.52, "Plan Rows": 6, "Plan Width": 0, "Index Cond": "(movie_id = t.id)"}]}]}, {"Node Type": "Bitmap Heap Scan", "Parent Relationship": "Inner", "Relation Name": "name", "Alias": "n", "Startup Cost": 0.31, "Total Cost": 4.32, "Plan Rows": 1, "Plan Width": 4, "Recheck Cond": "(id = ci.person_id)", "Filter": "((gender)::text = 'm'::text)", "Plans": [{"Node Type": "Bitmap Index Scan", "Parent Relationship": "Outer", "Index Name": "name_pkey", "Startup Cost": 0.0, "Total Cost": 0.31, "Plan Rows": 1, "Plan Width": 0, "Index Cond": "(id = ci.person_id)"}]}]}]}, "Unique SQL Id": 3913857139, "Planner Runtime": 8}, "explain_analyze_plan": {"Plan": {"Node Type": "Aggregate", "Strategy": "Plain", "Startup Cost": 191395.62, "Total Cost": 191395.63, "Plan Rows": 1, "Plan Width": 160, "Actual Startup Time": 13580.726, "Actual Total Time": 13580.726, "Actual Rows": 1, "Actual Loops": 1, "Plans": [{"Node Type": "Nested Loop", "Parent Relationship": "Outer", "Join Type": "Inner", "Startup Cost": 4861.24, "Total Cost": 191385.02, "Plan Rows": 1413, "Plan Width": 64, "Actual Startup Time": 182.856, "Actual Total Time": 13524.954, "Actual Rows": 28073, "Actual Loops": 1, "Inner Unique": true, "Plans": [{"Node Type": "Nested Loop", "Parent Relationship": "Outer", "Join Type": "Inner", "Startup Cost": 4860.93, "Total Cost": 186379.6, "Plan Rows": 1155, "Plan Width": 68, "Actual Startup Time": 180.203, "Actual Total Time": 13012.912, "Actual Rows": 54155, "Actual Loops": 1, "Inner Unique": false, "Plans": [{"Node Type": "Nested Loop", "Parent Relationship": "Outer", "Join Type": "Inner", "Startup Cost": 4860.41, "Total Cost": 181536.93, "Plan Rows": 1044, "Plan Width": 76, "Actual Startup Time": 177.143, "Actual Total Time": 3136.935, "Actual Rows": 102516, "Actual Loops": 1, "Inner Unique": true, "Join Filter": "(mi.movie_id = t.id)", "Rows Removed by Join Filter": 0, "Plans": [{"Node Type": "Nested Loop", "Parent Relationship": "Outer", "Join Type": "Inner", "Startup Cost": 4860.13, "Total Cost": 177037.74, "Plan Rows": 1044, "Plan Width": 55, "Actual Startup Time": 177.118, "Actual Total Time": 2402.755, "Actual Rows": 102516, "Actual Loops": 1, "Inner Unique": false, "Join Filter": "(mi_idx.info_type_id = it2.id)", "Rows Removed by Join Filter": 205269, "Plans": [{"Node Type": "Bitmap Heap Scan", "Parent Relationship": "Outer", "Relation Name": "info_type", "Alias": "it2", "Startup Cost": 8.81, "Total Cost": 14.21, "Plan Rows": 1, "Plan Width": 4, "Actual Startup Time": 0.081, "Actual Total Time": 0.085, "Actual Rows": 1, "Actual Loops": 1, "Filter": "((info)::text = 'votes'::text)", "Rows Removed by Filter": 111, "Exact Heap Blocks": 1, "Lossy Heap Blocks": 1, "Plans": [{"Node Type": "Bitmap Index Scan", "Parent Relationship": "Outer", "Index Name": "info_type_pkey", "Startup Cost": 0.0, "Total Cost": 8.81, "Plan Rows": 112, "Plan Width": 0, "Actual Startup Time": 0.019, "Actual Total Time": 0.019, "Actual Rows": 112, "Actual Loops": 1}]}, {"Node Type": "Nested Loop", "Parent Relationship": "Inner", "Join Type": "Inner", "Startup Cost": 4851.32, "Total Cost": 176971.34, "Plan Rows": 4175, "Plan Width": 59, "Actual Startup Time": 177.024, "Actual Total Time": 2302.393, "Actual Rows": 307785, "Actual Loops": 1, "Inner Unique": false, "Plans": [{"Node Type": "Nested Loop", "Parent Relationship": "Outer", "Join Type": "Inner", "Startup Cost": 4850.95, "Total Cost": 164983.91, "Plan Rows": 2717, "Plan Width": 46, "Actual Startup Time": 176.982, "Actual Total Time": 1162.537, "Actual Rows": 186594, "Actual Loops": 1, "Inner Unique": false, "Plans": [{"Node Type": "Bitmap Heap Scan", "Parent Relationship": "Outer", "Relation Name": "info_type", "Alias": "it1", "Startup Cost": 8.81, "Total Cost": 14.21, "Plan Rows": 1, "Plan Width": 4, "Actual Startup Time": 0.031, "Actual Total Time": 0.059, "Actual Rows": 1, "Actual Loops": 1, "Filter": "((info)::text = 'genres'::text)", "Rows Removed by Filter": 111, "Exact Heap Blocks": 1, "Lossy Heap Blocks": 1, "Plans": [{"Node Type": "Bitmap Index Scan", "Parent Relationship": "Outer", "Index Name": "info_type_pkey", "Startup Cost": 0.0, "Total Cost": 8.81, "Plan Rows": 112, "Plan Width": 0, "Actual Startup Time": 0.008, "Actual Total Time": 0.008, "Actual Rows": 112, "Actual Loops": 1}]}, {"Node Type": "Bitmap Heap Scan", "Parent Relationship": "Inner", "Relation Name": "movie_info", "Alias": "mi", "Startup Cost": 4842.14, "Total Cost": 164942.53, "Plan Rows": 2717, "Plan Width": 50, "Actual Startup Time": 176.947, "Actual Total Time": 1117.951, "Actual Rows": 186594, "Actual Loops": 1, "Recheck Cond": "(info_type_id = it1.id)", "Rows Removed by Index Recheck": 0, "Filter": "((info)::text = ANY ('{Horror,Action,Sci-Fi,Thriller,Crime,War}'::text[]))", "Rows Removed by Filter": 1347315, "Exact Heap Blocks": 7426, "Lossy Heap Blocks": 7426, "Plans": [{"Node Type": "Bitmap Index Scan", "Parent Relationship": "Outer", "Index Name": "info_type_id_movie_info", "Startup Cost": 0.0, "Total Cost": 4841.46, "Plan Rows": 212428, "Plan Width": 0, "Actual Startup Time": 175.581, "Actual Total Time": 175.581, "Actual Rows": 1533909, "Actual Loops": 1, "Index Cond": "(info_type_id = it1.id)"}]}]}, {"Node Type": "Bitmap Heap Scan", "Parent Relationship": "Inner", "Relation Name": "movie_info_idx", "Alias": "mi_idx", "Startup Cost": 0.37, "Total Cost": 4.39, "Plan Rows": 2, "Plan Width": 13, "Actual Startup Time": 777.609, "Actual Total Time": 823.786, "Actual Rows": 307785, "Actual Loops": 186594, "Recheck Cond": "(movie_id = mi.movie_id)", "Rows Removed by Index Recheck": 0, "Exact Heap Blocks": 103610, "Lossy Heap Blocks": 103610, "Plans": [{"Node Type": "Bitmap Index Scan", "Parent Relationship": "Outer", "Index Name": "movie_id_movie_info_idx", "Startup Cost": 0.0, "Total Cost": 0.37, "Plan Rows": 2, "Plan Width": 0, "Actual Startup Time": 528.311, "Actual Total Time": 528.311, "Actual Rows": 307785, "Actual Loops": 186594, "Index Cond": "(movie_id = mi.movie_id)"}]}]}]}, {"Node Type": "Bitmap Heap Scan", "Parent Relationship": "Inner", "Relation Name": "title", "Alias": "t", "Startup Cost": 0.28, "Total Cost": 4.3, "Plan Rows": 1, "Plan Width": 21, "Actual Startup Time": 553.231, "Actual Total Time": 553.231, "Actual Rows": 102516, "Actual Loops": 102516, "Recheck Cond": "(id = mi_idx.movie_id)", "Rows Removed by Index Recheck": 0, "Exact Heap Blocks": 102516, "Lossy Heap Blocks": 102516, "Plans": [{"Node Type": "Bitmap Index Scan", "Parent Relationship": "Outer", "Index Name": "title_pkey", "Startup Cost": 0.0, "Total Cost": 0.28, "Plan Rows": 1, "Plan Width": 0, "Actual Startup Time": 303.255, "Actual Total Time": 303.255, "Actual Rows": 102516, "Actual Loops": 102516, "Index Cond": "(id = mi_idx.movie_id)"}]}]}, {"Node Type": "Bitmap Heap Scan", "Parent Relationship": "Inner", "Relation Name": "cast_info", "Alias": "ci", "Startup Cost": 0.52, "Total Cost": 4.63, "Plan Rows": 1, "Plan Width": 8, "Actual Startup Time": 8405.75, "Actual Total Time": 9708.17, "Actual Rows": 54155, "Actual Loops": 102516, "Recheck Cond": "(movie_id = t.id)", "Rows Removed by Index Recheck": 0, "Filter": "((note)::text = ANY ('{(writer),\"(head writer)\",\"(written by)\",(story),\"(story editor)\"}'::text[]))", "Rows Removed by Filter": 3987641, "Exact Heap Blocks": 3901088, "Lossy Heap Blocks": 3901088, "Plans": [{"Node Type": "Bitmap Index Scan", "Parent Relationship": "Outer", "Index Name": "movie_id_cast_info", "Startup Cost": 0.0, "Total Cost": 0.52, "Plan Rows": 6, "Plan Width": 0, "Actual Startup Time": 1067.615, "Actual Total Time": 1067.615, "Actual Rows": 4041796, "Actual Loops": 102516, "Index Cond": "(movie_id = t.id)"}]}]}, {"Node Type": "Bitmap Heap Scan", "Parent Relationship": "Inner", "Relation Name": "name", "Alias": "n", "Startup Cost": 0.31, "Total Cost": 4.32, "Plan Rows": 1, "Plan Width": 4, "Actual Startup Time": 417.007, "Actual Total Time": 417.007, "Actual Rows": 28073, "Actual Loops": 54155, "Recheck Cond": "(id = ci.person_id)", "Rows Removed by Index Recheck": 0, "Filter": "((gender)::text = 'm'::text)", "Rows Removed by Filter": 26082, "Exact Heap Blocks": 54155, "Lossy Heap Blocks": 54155, "Plans": [{"Node Type": "Bitmap Index Scan", "Parent Relationship": "Outer", "Index Name": "name_pkey", "Startup Cost": 0.0, "Total Cost": 0.31, "Plan Rows": 1, "Plan Width": 0, "Actual Startup Time": 263.412, "Actual Total Time": 263.412, "Actual Rows": 54155, "Actual Loops": 54155, "Index Cond": "(id = ci.person_id)"}]}]}]}, "Triggers": [], "Planner Runtime": 8, "Total Runtime": 13581.043, "Unique SQL Id": 3913857139}}, "(64, 56)": {"explain_plan": {"Plan": {"Node Type": "Aggregate", "Strategy": "Plain", "Startup Cost": 79308.04, "Total Cost": 79308.05, "Plan Rows": 1, "Plan Width": 160, "Plans": [{"Node Type": "Nested Loop", "Parent Relationship": "Outer", "Join Type": "Inner", "Startup Cost": 0.0, "Total Cost": 79297.45, "Plan Rows": 1413, "Plan Width": 64, "Inner Unique": true, "Plans": [{"Node Type": "Nested Loop", "Parent Relationship": "Outer", "Join Type": "Inner", "Startup Cost": 0.0, "Total Cost": 78718.18, "Plan Rows": 1155, "Plan Width": 68, "Inner Unique": false, "Plans": [{"Node Type": "Nested Loop", "Parent Relationship": "Outer", "Join Type": "Inner", "Startup Cost": 0.0, "Total Cost": 77656.55, "Plan Rows": 1044, "Plan Width": 76, "Inner Unique": true, "Join Filter": "(mi.movie_id = t.id)", "Plans": [{"Node Type": "Nested Loop", "Parent Relationship": "Outer", "Join Type": "Inner", "Startup Cost": 0.0, "Total Cost": 77228.36, "Plan Rows": 1044, "Plan Width": 55, "Inner Unique": false, "Join Filter": "(mi_idx.info_type_id = it2.id)", "Plans": [{"Node Type": "Seq Scan", "Parent Relationship": "Outer", "Relation Name": "info_type", "Alias": "it2", "Startup Cost": 0.0, "Total Cost": 2.4, "Plan Rows": 1, "Plan Width": 4, "Filter": "((info)::text = 'votes'::text)"}, {"Node Type": "Nested Loop", "Parent Relationship": "Inner", "Join Type": "Inner", "Startup Cost": 0.0, "Total Cost": 77173.77, "Plan Rows": 4175, "Plan Width": 59, "Inner Unique": false, "Plans": [{"Node Type": "Nested Loop", "Parent Relationship": "Outer", "Join Type": "Inner", "Startup Cost": 0.0, "Total Cost": 75685.72, "Plan Rows": 2717, "Plan Width": 46, "Inner Unique": false, "Join Filter": "(it1.id = mi.info_type_id)", "Plans": [{"Node Type": "Seq Scan", "Parent Relationship": "Outer", "Relation Name": "info_type", "Alias": "it1", "Startup Cost": 0.0, "Total Cost": 2.4, "Plan Rows": 1, "Plan Width": 4, "Filter": "((info)::text = 'genres'::text)"}, {"Node Type": "Materialize", "Parent Relationship": "Inner", "Startup Cost": 0.0, "Total Cost": 73781.62, "Plan Rows": 190170, "Plan Width": 50, "Plans": [{"Node Type": "Streaming(type: LOCAL GATHER dop: 1/64)", "Parent Relationship": "Outer", "Startup Cost": 0.0, "Total Cost": 73306.19, "Plan Rows": 190170, "Plan Width": 50, "Plans": [{"Node Type": "Seq Scan", "Parent Relationship": "Outer", "Relation Name": "movie_info", "Alias": "mi", "Startup Cost": 0.0, "Total Cost": 69383.01, "Plan Rows": 190170, "Plan Width": 50, "Filter": "((info)::text = ANY ('{Horror,Action,Sci-Fi,Thriller,Crime,War}'::text[]))"}]}]}]}, {"Node Type": "Index Scan", "Parent Relationship": "Inner", "Scan Direction": "Forward", "Index Name": "movie_id_movie_info_idx", "Relation Name": "movie_info_idx", "Alias": "mi_idx", "Startup Cost": 0.0, "Total Cost": 0.53, "Plan Rows": 2, "Plan Width": 13, "Index Cond": "(movie_id = mi.movie_id)"}]}]}, {"Node Type": "Index Scan", "Parent Relationship": "Inner", "Scan Direction": "Forward", "Index Name": "title_pkey", "Relation Name": "title", "Alias": "t", "Startup Cost": 0.0, "Total Cost": 0.4, "Plan Rows": 1, "Plan Width": 21, "Index Cond": "(id = mi_idx.movie_id)"}]}, {"Node Type": "Index Scan", "Parent Relationship": "Inner", "Scan Direction": "Forward", "Index Name": "movie_id_cast_info", "Relation Name": "cast_info", "Alias": "ci", "Startup Cost": 0.0, "Total Cost": 1.01, "Plan Rows": 1, "Plan Width": 8, "Index Cond": "(movie_id = t.id)", "Filter": "((note)::text = ANY ('{(writer),\"(head writer)\",\"(written by)\",(story),\"(story editor)\"}'::text[]))"}]}, {"Node Type": "Index Scan", "Parent Relationship": "Inner", "Scan Direction": "Forward", "Index Name": "name_pkey", "Relation Name": "name", "Alias": "n", "Startup Cost": 0.0, "Total Cost": 0.49, "Plan Rows": 1, "Plan Width": 4, "Index Cond": "(id = ci.person_id)", "Filter": "((gender)::text = 'm'::text)"}]}]}, "Unique SQL Id": 3913857139, "Planner Runtime": 7}, "explain_analyze_plan": {"Plan": {"Node Type": "Aggregate", "Strategy": "Plain", "Startup Cost": 79308.04, "Total Cost": 79308.05, "Plan Rows": 1, "Plan Width": 160, "Actual Min Startup Time": 10680.124, "Actual Max Startup Time": 10680.124, "Actual Min Total Time": 10680.125, "Actual Max Total Time": 10680.125, "Plans": [{"Node Type": "Nested Loop", "Parent Relationship": "Outer", "Join Type": "Inner", "Startup Cost": 0.0, "Total Cost": 79297.45, "Plan Rows": 1413, "Plan Width": 64, "Actual Min Startup Time": 249.693, "Actual Max Startup Time": 249.693, "Actual Min Total Time": 10641.432, "Actual Max Total Time": 10641.432, "Inner Unique": true, "Plans": [{"Node Type": "Nested Loop", "Parent Relationship": "Outer", "Join Type": "Inner", "Startup Cost": 0.0, "Total Cost": 78718.18, "Plan Rows": 1155, "Plan Width": 68, "Actual Min Startup Time": 247.969, "Actual Max Startup Time": 247.969, "Actual Min Total Time": 10246.003, "Actual Max Total Time": 10246.003, "Inner Unique": false, "Plans": [{"Node Type": "Nested Loop", "Parent Relationship": "Outer", "Join Type": "Inner", "Startup Cost": 0.0, "Total Cost": 77656.55, "Plan Rows": 1044, "Plan Width": 76, "Actual Min Startup Time": 247.349, "Actual Max Startup Time": 247.349, "Actual Min Total Time": 1811.85, "Actual Max Total Time": 1811.85, "Inner Unique": true, "Join Filter": "(mi.movie_id = t.id)", "Rows Removed by Join Filter": 0, "Plans": [{"Node Type": "Nested Loop", "Parent Relationship": "Outer", "Join Type": "Inner", "Startup Cost": 0.0, "Total Cost": 77228.36, "Plan Rows": 1044, "Plan Width": 55, "Actual Min Startup Time": 247.331, "Actual Max Startup Time": 247.331, "Actual Min Total Time": 1273.326, "Actual Max Total Time": 1273.326, "Inner Unique": false, "Join Filter": "(mi_idx.info_type_id = it2.id)", "Rows Removed by Join Filter": 205269, "Plans": [{"Node Type": "Seq Scan", "Parent Relationship": "Outer", "Relation Name": "info_type", "Alias": "it2", "Startup Cost": 0.0, "Total Cost": 2.4, "Plan Rows": 1, "Plan Width": 4, "Actual Min Startup Time": 0.086, "Actual Max Startup Time": 0.086, "Actual Min Total Time": 0.096, "Actual Max Total Time": 0.096, "Filter": "((info)::text = 'votes'::text)", "Rows Removed by Filter": 111, "Actual Rows": 1}, {"Node Type": "Nested Loop", "Parent Relationship": "Inner", "Join Type": "Inner", "Startup Cost": 0.0, "Total Cost": 77173.77, "Plan Rows": 4175, "Plan Width": 59, "Actual Min Startup Time": 247.225, "Actual Max Startup Time": 247.225, "Actual Min Total Time": 1183.67, "Actual Max Total Time": 1183.67, "Inner Unique": false, "Plans": [{"Node Type": "Nested Loop", "Parent Relationship": "Outer", "Join Type": "Inner", "Startup Cost": 0.0, "Total Cost": 75685.72, "Plan Rows": 2717, "Plan Width": 46, "Actual Min Startup Time": 247.195, "Actual Max Startup Time": 247.195, "Actual Min Total Time": 356.202, "Actual Max Total Time": 356.202, "Inner Unique": false, "Join Filter": "(it1.id = mi.info_type_id)", "Rows Removed by Join Filter": 2377, "Plans": [{"Node Type": "Seq Scan", "Parent Relationship": "Outer", "Relation Name": "info_type", "Alias": "it1", "Startup Cost": 0.0, "Total Cost": 2.4, "Plan Rows": 1, "Plan Width": 4, "Actual Min Startup Time": 0.047, "Actual Max Startup Time": 0.047, "Actual Min Total Time": 0.081, "Actual Max Total Time": 0.081, "Filter": "((info)::text = 'genres'::text)", "Rows Removed by Filter": 111, "Actual Rows": 1}, {"Node Type": "Materialize", "Parent Relationship": "Inner", "Startup Cost": 0.0, "Total Cost": 73781.62, "Plan Rows": 190170, "Plan Width": 50, "Actual Min Startup Time": 247.015, "Actual Max Startup Time": 247.015, "Actual Min Total Time": 279.819, "Actual Max Total Time": 279.819, "Plans": [{"Node Type": "Streaming(type: LOCAL GATHER dop: 1/64)", "Parent Relationship": "Outer", "Startup Cost": 0.0, "Total Cost": 73306.19, "Plan Rows": 190170, "Plan Width": 50, "Actual Min Startup Time": 127.593, "Actual Max Startup Time": 127.593, "Actual Min Total Time": 219.435, "Actual Max Total Time": 219.435, "Plans": [{"Node Type": "Seq Scan", "Parent Relationship": "Outer", "Relation Name": "movie_info", "Alias": "mi", "Startup Cost": 0.0, "Total Cost": 69383.01, "Plan Rows": 190170, "Plan Width": 50, "Actual Min Startup Time": 55.284, "Actual Max Startup Time": 120.939, "Actual Min Total Time": 110.672, "Actual Max Total Time": 131.365, "Filter": "((info)::text = ANY ('{Horror,Action,Sci-Fi,Thriller,Crime,War}'::text[]))", "Rows Removed by Filter": 14646748, "Actual Rows": 188971}], "Actual Rows": 188971}], "Actual Rows": 188972}], "Actual Rows": 186594}, {"Node Type": "Index Scan", "Parent Relationship": "Inner", "Scan Direction": "Forward", "Index Name": "movie_id_movie_info_idx", "Relation Name": "movie_info_idx", "Alias": "mi_idx", "Startup Cost": 0.0, "Total Cost": 0.53, "Plan Rows": 2, "Plan Width": 13, "Actual Min Startup Time": 538.447, "Actual Max Startup Time": 538.447, "Actual Min Total Time": 656.885, "Actual Max Total Time": 656.885, "Index Cond": "(movie_id = mi.movie_id)", "Rows Removed by Index Recheck": 0, "Actual Rows": 307785}], "Actual Rows": 307785}], "Actual Rows": 102516}, {"Node Type": "Index Scan", "Parent Relationship": "Inner", "Scan Direction": "Forward", "Index Name": "title_pkey", "Relation Name": "title", "Alias": "t", "Startup Cost": 0.0, "Total Cost": 0.4, "Plan Rows": 1, "Plan Width": 21, "Actual Min Startup Time": 432.22, "Actual Max Startup Time": 432.22, "Actual Min Total Time": 432.22, "Actual Max Total Time": 432.22, "Index Cond": "(id = mi_idx.movie_id)", "Rows Removed by Index Recheck": 0, "Actual Rows": 102516}], "Actual Rows": 102516}, {"Node Type": "Index Scan", "Parent Relationship": "Inner", "Scan Direction": "Forward", "Index Name": "movie_id_cast_info", "Relation Name": "cast_info", "Alias": "ci", "Startup Cost": 0.0, "Total Cost": 1.01, "Plan Rows": 1, "Plan Width": 8, "Actual Min Startup Time": 7123.336, "Actual Max Startup Time": 7123.336, "Actual Min Total Time": 8361.98, "Actual Max Total Time": 8361.98, "Index Cond": "(movie_id = t.id)", "Rows Removed by Index Recheck": 0, "Filter": "((note)::text = ANY ('{(writer),\"(head writer)\",\"(written by)\",(story),\"(story editor)\"}'::text[]))", "Rows Removed by Filter": 3987641, "Actual Rows": 54155}], "Actual Rows": 54155}, {"Node Type": "Index Scan", "Parent Relationship": "Inner", "Scan Direction": "Forward", "Index Name": "name_pkey", "Relation Name": "name", "Alias": "n", "Startup Cost": 0.0, "Total Cost": 0.49, "Plan Rows": 1, "Plan Width": 4, "Actual Min Startup Time": 352.775, "Actual Max Startup Time": 352.775, "Actual Min Total Time": 352.775, "Actual Max Total Time": 352.775, "Index Cond": "(id = ci.person_id)", "Rows Removed by Index Recheck": 0, "Filter": "((gender)::text = 'm'::text)", "Rows Removed by Filter": 26082, "Actual Rows": 28073}], "Actual Rows": 28073}], "Actual Rows": 1}, "Triggers": [], "Planner Runtime": 7, "Total Runtime": 10691.468, "Unique SQL Id": 3913857139}}, "(64, 57)": {"explain_plan": {"Plan": {"Node Type": "Aggregate", "Strategy": "Plain", "Startup Cost": 385547.34, "Total Cost": 385547.35, "Plan Rows": 1, "Plan Width": 160, "Plans": [{"Node Type": "Nested Loop", "Parent Relationship": "Outer", "Join Type": "Inner", "Startup Cost": 0.0, "Total Cost": 385536.75, "Plan Rows": 1413, "Plan Width": 64, "Inner Unique": true, "Plans": [{"Node Type": "Nested Loop", "Parent Relationship": "Outer", "Join Type": "Inner", "Startup Cost": 0.0, "Total Cost": 384957.48, "Plan Rows": 1155, "Plan Width": 68, "Inner Unique": false, "Plans": [{"Node Type": "Nested Loop", "Parent Relationship": "Outer", "Join Type": "Inner", "Startup Cost": 0.0, "Total Cost": 383895.85, "Plan Rows": 1044, "Plan Width": 76, "Inner Unique": true, "Join Filter": "(mi.movie_id = t.id)", "Plans": [{"Node Type": "Nested Loop", "Parent Relationship": "Outer", "Join Type": "Inner", "Startup Cost": 0.0, "Total Cost": 383467.66, "Plan Rows": 1044, "Plan Width": 55, "Inner Unique": false, "Join Filter": "(mi.info_type_id = it1.id)", "Plans": [{"Node Type": "Index Scan", "Parent Relationship": "Outer", "Scan Direction": "Forward", "Index Name": "info_type_pkey", "Relation Name": "info_type", "Alias": "it1", "Startup Cost": 0.0, "Total Cost": 14.21, "Plan Rows": 1, "Plan Width": 4, "Filter": "((info)::text = 'genres'::text)"}, {"Node Type": "Nested Loop", "Parent Relationship": "Inner", "Join Type": "Inner", "Startup Cost": 0.0, "Total Cost": 380590.58, "Plan Rows": 229029, "Plan Width": 59, "Inner Unique": false, "Plans": [{"Node Type": "Nested Loop", "Parent Relationship": "Outer", "Join Type": "Inner", "Startup Cost": 0.0, "Total Cost": 38338.2, "Plan Rows": 345008, "Plan Width": 9, "Inner Unique": false, "Plans": [{"Node Type": "Index Scan", "Parent Relationship": "Outer", "Scan Direction": "Forward", "Index Name": "info_type_pkey", "Relation Name": "info_type", "Alias": "it2", "Startup Cost": 0.0, "Total Cost": 14.21, "Plan Rows": 1, "Plan Width": 4, "Filter": "((info)::text = 'votes'::text)"}, {"Node Type": "Index Scan", "Parent Relationship": "Inner", "Scan Direction": "Forward", "Index Name": "info_type_id_movie_info_idx", "Relation Name": "movie_info_idx", "Alias": "mi_idx", "Startup Cost": 0.0, "Total Cost": 34873.91, "Plan Rows": 345008, "Plan Width": 13, "Index Cond": "(info_type_id = it2.id), (LLVM Optimized)"}]}, {"Node Type": "Index Scan", "Parent Relationship": "Inner", "Scan Direction": "Forward", "Index Name": "movie_id_movie_info", "Relation Name": "movie_info", "Alias": "mi", "Startup Cost": 0.0, "Total Cost": 0.98, "Plan Rows": 1, "Plan Width": 50, "Index Cond": "(movie_id = mi_idx.movie_id)", "Filter": "((info)::text = ANY ('{Horror,Action,Sci-Fi,Thriller,Crime,War}'::text[]))"}]}]}, {"Node Type": "Index Scan", "Parent Relationship": "Inner", "Scan Direction": "Forward", "Index Name": "title_pkey", "Relation Name": "title", "Alias": "t", "Startup Cost": 0.0, "Total Cost": 0.4, "Plan Rows": 1, "Plan Width": 21, "Index Cond": "(id = mi_idx.movie_id)"}]}, {"Node Type": "Index Scan", "Parent Relationship": "Inner", "Scan Direction": "Forward", "Index Name": "movie_id_cast_info", "Relation Name": "cast_info", "Alias": "ci", "Startup Cost": 0.0, "Total Cost": 1.01, "Plan Rows": 1, "Plan Width": 8, "Index Cond": "(movie_id = t.id)", "Filter": "((note)::text = ANY ('{(writer),\"(head writer)\",\"(written by)\",(story),\"(story editor)\"}'::text[]))"}]}, {"Node Type": "Index Scan", "Parent Relationship": "Inner", "Scan Direction": "Forward", "Index Name": "name_pkey", "Relation Name": "name", "Alias": "n", "Startup Cost": 0.0, "Total Cost": 0.49, "Plan Rows": 1, "Plan Width": 4, "Index Cond": "(id = ci.person_id)", "Filter": "((gender)::text = 'm'::text)"}]}]}, "Unique SQL Id": 3913857139, "Planner Runtime": 6}, "explain_analyze_plan": {"Plan": {"Node Type": "Aggregate", "Strategy": "Plain", "Startup Cost": 385547.34, "Total Cost": 385547.35, "Plan Rows": 1, "Plan Width": 160, "Actual Startup Time": 19038.718, "Actual Total Time": 19038.719, "Actual Rows": 1, "Actual Loops": 1, "Plans": [{"Node Type": "Nested Loop", "Parent Relationship": "Outer", "Join Type": "Inner", "Startup Cost": 0.0, "Total Cost": 385536.75, "Plan Rows": 1413, "Plan Width": 64, "Actual Startup Time": 29.464, "Actual Total Time": 18993.643, "Actual Rows": 28073, "Actual Loops": 1, "Inner Unique": true, "Plans": [{"Node Type": "Nested Loop", "Parent Relationship": "Outer", "Join Type": "Inner", "Startup Cost": 0.0, "Total Cost": 384957.48, "Plan Rows": 1155, "Plan Width": 68, "Actual Startup Time": 14.609, "Actual Total Time": 18579.543, "Actual Rows": 54155, "Actual Loops": 1, "Inner Unique": false, "Plans": [{"Node Type": "Nested Loop", "Parent Relationship": "Outer", "Join Type": "Inner", "Startup Cost": 0.0, "Total Cost": 383895.85, "Plan Rows": 1044, "Plan Width": 76, "Actual Startup Time": 0.805, "Actual Total Time": 10083.062, "Actual Rows": 102516, "Actual Loops": 1, "Inner Unique": true, "Join Filter": "(mi.movie_id = t.id)", "Rows Removed by Join Filter": 0, "Plans": [{"Node Type": "Nested Loop", "Parent Relationship": "Outer", "Join Type": "Inner", "Startup Cost": 0.0, "Total Cost": 383467.66, "Plan Rows": 1044, "Plan Width": 55, "Actual Startup Time": 0.793, "Actual Total Time": 9512.208, "Actual Rows": 102516, "Actual Loops": 1, "Inner Unique": false, "Join Filter": "(mi.info_type_id = it1.id)", "Rows Removed by Join Filter": 2376, "Plans": [{"Node Type": "Index Scan", "Parent Relationship": "Outer", "Scan Direction": "Forward", "Index Name": "info_type_pkey", "Relation Name": "info_type", "Alias": "it1", "Startup Cost": 0.0, "Total Cost": 14.21, "Plan Rows": 1, "Plan Width": 4, "Actual Startup Time": 0.028, "Actual Total Time": 0.085, "Actual Rows": 1, "Actual Loops": 1, "Filter": "((info)::text = 'genres'::text)", "Rows Removed by Filter": 111}, {"Node Type": "Nested Loop", "Parent Relationship": "Inner", "Join Type": "Inner", "Startup Cost": 0.0, "Total Cost": 380590.58, "Plan Rows": 229029, "Plan Width": 59, "Actual Startup Time": 0.76, "Actual Total Time": 9469.385, "Actual Rows": 104892, "Actual Loops": 1, "Inner Unique": false, "Plans": [{"Node Type": "Nested Loop", "Parent Relationship": "Outer", "Join Type": "Inner", "Startup Cost": 0.0, "Total Cost": 38338.2, "Plan Rows": 345008, "Plan Width": 9, "Actual Startup Time": 0.072, "Actual Total Time": 397.046, "Actual Rows": 459925, "Actual Loops": 1, "Inner Unique": false, "Plans": [{"Node Type": "Index Scan", "Parent Relationship": "Outer", "Scan Direction": "Forward", "Index Name": "info_type_pkey", "Relation Name": "info_type", "Alias": "it2", "Startup Cost": 0.0, "Total Cost": 14.21, "Plan Rows": 1, "Plan Width": 4, "Actual Startup Time": 0.054, "Actual Total Time": 0.212, "Actual Rows": 1, "Actual Loops": 1, "Filter": "((info)::text = 'votes'::text)", "Rows Removed by Filter": 111}, {"Node Type": "Index Scan", "Parent Relationship": "Inner", "Scan Direction": "Forward", "Index Name": "info_type_id_movie_info_idx", "Relation Name": "movie_info_idx", "Alias": "mi_idx", "Startup Cost": 0.0, "Total Cost": 34873.91, "Plan Rows": 345008, "Plan Width": 13, "Actual Startup Time": 0.015, "Actual Total Time": 288.249, "Actual Rows": 459925, "Actual Loops": 1, "Index Cond": "(info_type_id = it2.id), (LLVM Optimized, Jit Execute)", "Rows Removed by Index Recheck": 0}]}, {"Node Type": "Index Scan", "Parent Relationship": "Inner", "Scan Direction": "Forward", "Index Name": "movie_id_movie_info", "Relation Name": "movie_info", "Alias": "mi", "Startup Cost": 0.0, "Total Cost": 0.98, "Plan Rows": 1, "Plan Width": 50, "Actual Startup Time": 8639.279, "Actual Total Time": 8804.256, "Actual Rows": 104892, "Actual Loops": 459925, "Index Cond": "(movie_id = mi_idx.movie_id)", "Rows Removed by Index Recheck": 0, "Filter": "((info)::text = ANY ('{Horror,Action,Sci-Fi,Thriller,Crime,War}'::text[]))", "Rows Removed by Filter": 6825442}]}]}, {"Node Type": "Index Scan", "Parent Relationship": "Inner", "Scan Direction": "Forward", "Index Name": "title_pkey", "Relation Name": "title", "Alias": "t", "Startup Cost": 0.0, "Total Cost": 0.4, "Plan Rows": 1, "Plan Width": 21, "Actual Startup Time": 452.698, "Actual Total Time": 452.698, "Actual Rows": 102516, "Actual Loops": 102516, "Index Cond": "(id = mi_idx.movie_id)", "Rows Removed by Index Recheck": 0}]}, {"Node Type": "Index Scan", "Parent Relationship": "Inner", "Scan Direction": "Forward", "Index Name": "movie_id_cast_info", "Relation Name": "cast_info", "Alias": "ci", "Startup Cost": 0.0, "Total Cost": 1.01, "Plan Rows": 1, "Plan Width": 8, "Actual Startup Time": 7176.634, "Actual Total Time": 8423.011, "Actual Rows": 54155, "Actual Loops": 102516, "Index Cond": "(movie_id = t.id)", "Rows Removed by Index Recheck": 0, "Filter": "((note)::text = ANY ('{(writer),\"(head writer)\",\"(written by)\",(story),\"(story editor)\"}'::text[]))", "Rows Removed by Filter": 3987641}]}, {"Node Type": "Index Scan", "Parent Relationship": "Inner", "Scan Direction": "Forward", "Index Name": "name_pkey", "Relation Name": "name", "Alias": "n", "Startup Cost": 0.0, "Total Cost": 0.49, "Plan Rows": 1, "Plan Width": 4, "Actual Startup Time": 365.599, "Actual Total Time": 365.599, "Actual Rows": 28073, "Actual Loops": 54155, "Index Cond": "(id = ci.person_id)", "Rows Removed by Index Recheck": 0, "Filter": "((gender)::text = 'm'::text)", "Rows Removed by Filter": 26082}]}]}, "Triggers": [], "Planner Runtime": 6, "Total Runtime": 19047.819, "Unique SQL Id": 3913857139}}, "(64, 58)": {"explain_plan": {"Plan": {"Node Type": "Aggregate", "Strategy": "Plain", "Startup Cost": 971545.99, "Total Cost": 971546.02, "Plan Rows": 1, "Plan Width": 160, "Plans": [{"Node Type": "Streaming(type: LOCAL GATHER dop: 1/64)", "Parent Relationship": "Outer", "Startup Cost": 971545.99, "Total Cost": 971546.02, "Plan Rows": 1, "Plan Width": 160, "Plans": [{"Node Type": "Aggregate", "Strategy": "Plain", "Parent Relationship": "Outer", "Startup Cost": 971545.99, "Total Cost": 971546.0, "Plan Rows": 1, "Plan Width": 160, "Plans": [{"Node Type": "Nested Loop", "Parent Relationship": "Outer", "Join Type": "Inner", "Startup Cost": 0.0, "Total Cost": 971535.39, "Plan Rows": 1413, "Plan Width": 64, "Inner Unique": false, "Join Filter": "(ci.person_id = n.id)", "Plans": [{"Node Type": "Streaming(type: LOCAL REDISTRIBUTE dop: 64/64)", "Parent Relationship": "Outer", "Startup Cost": 0.0, "Total Cost": 129265.96, "Plan Rows": 1740714, "Plan Width": 4, "Plans": [{"Node Type": "Seq Scan", "Parent Relationship": "Outer", "Relation Name": "name", "Alias": "n", "Startup Cost": 0.0, "Total Cost": 64617.04, "Plan Rows": 1740714, "Plan Width": 4, "Filter": "((gender)::text = 'm'::text), (LLVM Optimized)"}]}, {"Node Type": "Materialize", "Parent Relationship": "Inner", "Startup Cost": 0.0, "Total Cost": 834906.72, "Plan Rows": 1155, "Plan Width": 68, "Plans": [{"Node Type": "Streaming(type: LOCAL REDISTRIBUTE dop: 64/64)", "Parent Relationship": "Outer", "Startup Cost": 0.0, "Total Cost": 834906.63, "Plan Rows": 1155, "Plan Width": 68, "Plans": [{"Node Type": "Nested Loop", "Parent Relationship": "Outer", "Join Type": "Inner", "Startup Cost": 0.0, "Total Cost": 771905.53, "Plan Rows": 1155, "Plan Width": 68, "Inner Unique": false, "Join Filter": "(mi.movie_id = t.id)", "Plans": [{"Node Type": "Streaming(type: LOCAL REDISTRIBUTE dop: 64/1)", "Parent Relationship": "Outer", "Startup Cost": 0.0, "Total Cost": 225794.09, "Plan Rows": 2528311, "Plan Width": 21, "Plans": [{"Node Type": "Seq Scan", "Parent Relationship": "Outer", "Relation Name": "title", "Alias": "t", "Startup Cost": 0.0, "Total Cost": 60069.11, "Plan Rows": 2528311, "Plan Width": 21}]}, {"Node Type": "Materialize", "Parent Relationship": "Inner", "Startup Cost": 0.0, "Total Cost": 535417.4, "Plan Rows": 1155, "Plan Width": 63, "Plans": [{"Node Type": "Streaming(type: LOCAL REDISTRIBUTE dop: 64/64)", "Parent Relationship": "Outer", "Startup Cost": 0.0, "Total Cost": 535417.31, "Plan Rows": 1155, "Plan Width": 63, "Plans": [{"Node Type": "Nested Loop", "Parent Relationship": "Outer", "Join Type": "Inner", "Startup Cost": 0.0, "Total Cost": 472416.21, "Plan Rows": 1155, "Plan Width": 63, "Inner Unique": false, "Join Filter": "(mi_idx.movie_id = mi.movie_id)", "Plans": [{"Node Type": "Streaming(type: LOCAL REDISTRIBUTE dop: 64/1)", "Parent Relationship": "Outer", "Startup Cost": 0.0, "Total Cost": 114544.8, "Plan Rows": 345008, "Plan Width": 9, "Plans": [{"Node Type": "Nested Loop", "Parent Relationship": "Outer", "Join Type": "Inner", "Startup Cost": 0.0, "Total Cost": 37527.17, "Plan Rows": 345008, "Plan Width": 9, "Inner Unique": false, "Join Filter": "(it2.id = mi_idx.info_type_id), (LLVM Optimized)", "Plans": [{"Node Type": "Seq Scan", "Parent Relationship": "Outer", "Relation Name": "info_type", "Alias": "it2", "Startup Cost": 0.0, "Total Cost": 2.4, "Plan Rows": 1, "Plan Width": 4, "Filter": "((info)::text = 'votes'::text)"}, {"Node Type": "Seq Scan", "Parent Relationship": "Inner", "Relation Name": "movie_info_idx", "Alias": "mi_idx", "Startup Cost": 0.0, "Total Cost": 20274.34, "Plan Rows": 1380034, "Plan Width": 13}]}]}, {"Node Type": "Materialize", "Parent Relationship": "Inner", "Startup Cost": 0.0, "Total Cost": 354073.58, "Plan Rows": 3006, "Plan Width": 54, "Plans": [{"Node Type": "Streaming(type: LOCAL REDISTRIBUTE dop: 64/64)", "Parent Relationship": "Outer", "Startup Cost": 0.0, "Total Cost": 354073.34, "Plan Rows": 3006, "Plan Width": 54, "Plans": [{"Node Type": "Nested Loop", "Parent Relationship": "Outer", "Join Type": "Inner", "Startup Cost": 0.0, "Total Cost": 291070.5, "Plan Rows": 3006, "Plan Width": 54, "Inner Unique": false, "Join Filter": "(mi.movie_id = ci.movie_id)", "Plans": [{"Node Type": "Streaming(type: LOCAL REDISTRIBUTE dop: 64/64)", "Parent Relationship": "Outer", "Startup Cost": 0.0, "Total Cost": 140103.96, "Plan Rows": 1223154, "Plan Width": 8, "Plans": [{"Node Type": "Seq Scan", "Parent Relationship": "Outer", "Relation Name": "cast_info", "Alias": "ci", "Startup Cost": 0.0, "Total Cost": 75945.31, "Plan Rows": 1223154, "Plan Width": 8, "Filter": "((note)::text = ANY ('{(writer),\"(head writer)\",\"(written by)\",(story),\"(story editor)\"}'::text[]))"}]}, {"Node Type": "Materialize", "Parent Relationship": "Inner", "Startup Cost": 0.0, "Total Cost": 138796.32, "Plan Rows": 2717, "Plan Width": 46, "Plans": [{"Node Type": "Streaming(type: LOCAL REDISTRIBUTE dop: 64/1)", "Parent Relationship": "Outer", "Startup Cost": 0.0, "Total Cost": 138796.11, "Plan Rows": 2717, "Plan Width": 46, "Plans": [{"Node Type": "Nested Loop", "Parent Relationship": "Outer", "Join Type": "Inner", "Startup Cost": 0.0, "Total Cost": 75685.72, "Plan Rows": 2717, "Plan Width": 46, "Inner Unique": false, "Join Filter": "(it1.id = mi.info_type_id)", "Plans": [{"Node Type": "Seq Scan", "Parent Relationship": "Outer", "Relation Name": "info_type", "Alias": "it1", "Startup Cost": 0.0, "Total Cost": 2.4, "Plan Rows": 1, "Plan Width": 4, "Filter": "((info)::text = 'genres'::text)"}, {"Node Type": "Materialize", "Parent Relationship": "Inner", "Startup Cost": 0.0, "Total Cost": 73781.62, "Plan Rows": 190170, "Plan Width": 50, "Plans": [{"Node Type": "Streaming(type: LOCAL GATHER dop: 1/64)", "Parent Relationship": "Outer", "Startup Cost": 0.0, "Total Cost": 73306.19, "Plan Rows": 190170, "Plan Width": 50, "Plans": [{"Node Type": "Seq Scan", "Parent Relationship": "Outer", "Relation Name": "movie_info", "Alias": "mi", "Startup Cost": 0.0, "Total Cost": 69383.01, "Plan Rows": 190170, "Plan Width": 50, "Filter": "((info)::text = ANY ('{Horror,Action,Sci-Fi,Thriller,Crime,War}'::text[]))"}]}]}]}]}]}]}]}]}]}]}]}]}]}]}]}]}]}]}, "Unique SQL Id": 3913857139, "Planner Runtime": 11}, "explain_analyze_plan": null}, "(64, 59)": {"explain_plan": {"Plan": {"Node Type": "Aggregate", "Strategy": "Plain", "Startup Cost": 7000445600668.71, "Total Cost": 7000445600668.72, "Plan Rows": 1, "Plan Width": 160, "Plans": [{"Node Type": "Nested Loop", "Parent Relationship": "Outer", "Join Type": "Inner", "Startup Cost": 70000000000.0, "Total Cost": 7000445600658.11, "Plan Rows": 1413, "Plan Width": 64, "Inner Unique": false, "Join Filter": "(ci.person_id = n.id)", "Plans": [{"Node Type": "Index Scan", "Parent Relationship": "Outer", "Scan Direction": "Forward", "Index Name": "name_pkey", "Relation Name": "name", "Alias": "n", "Startup Cost": 10000000000.0, "Total Cost": 1000018665147.2, "Plan Rows": 1740714, "Plan Width": 4, "Filter": "((gender)::text = 'm'::text), (LLVM Optimized)"}, {"Node Type": "Materialize", "Parent Relationship": "Inner", "Startup Cost": 60000000000.0, "Total Cost": 6000396777643.75, "Plan Rows": 1155, "Plan Width": 68, "Plans": [{"Node Type": "Nested Loop", "Parent Relationship": "Outer", "Join Type": "Inner", "Startup Cost": 60000000000.0, "Total Cost": 6000396777637.97, "Plan Rows": 1155, "Plan Width": 68, "Inner Unique": false, "Join Filter": "(t.id = ci.movie_id)", "Plans": [{"Node Type": "Index Scan", "Parent Relationship": "Outer", "Scan Direction": "Forward", "Index Name": "person_id_cast_info", "Relation Name": "cast_info", "Alias": "ci", "Startup Cost": 10000000000.0, "Total Cost": 1000193311016.96, "Plan Rows": 1223154, "Plan Width": 8, "Filter": "((note)::text = ANY ('{(writer),\"(head writer)\",\"(written by)\",(story),\"(story editor)\"}'::text[]))"}, {"Node Type": "Materialize", "Parent Relationship": "Inner", "Startup Cost": 50000000000.0, "Total Cost": 5000184312031.98, "Plan Rows": 1044, "Plan Width": 76, "Plans": [{"Node Type": "Nested Loop", "Parent Relationship": "Outer", "Join Type": "Inner", "Startup Cost": 50000000000.0, "Total Cost": 5000184312026.76, "Plan Rows": 1044, "Plan Width": 76, "Inner Unique": false, "Join Filter": "(mi.movie_id = t.id)", "Plans": [{"Node Type": "Index Scan", "Parent Relationship": "Outer", "Scan Direction": "Forward", "Index Name": "title_pkey", "Relation Name": "title", "Alias": "t", "Startup Cost": 10000000000.0, "Total Cost": 1000011012048.91, "Plan Rows": 2528311, "Plan Width": 21}, {"Node Type": "Materialize", "Parent Relationship": "Inner", "Startup Cost": 40000000000.0, "Total Cost": 4000133706630.2, "Plan Rows": 1044, "Plan Width": 55, "Plans": [{"Node Type": "Nested Loop", "Parent Relationship": "Outer", "Join Type": "Inner", "Startup Cost": 40000000000.0, "Total Cost": 4000133706624.98, "Plan Rows": 1044, "Plan Width": 55, "Inner Unique": false, "Join Filter": "(mi.movie_id = mi_idx.movie_id)", "Plans": [{"Node Type": "Nested Loop", "Parent Relationship": "Outer", "Join Type": "Inner", "Startup Cost": 20000000000.0, "Total Cost": 2000004672156.88, "Plan Rows": 345008, "Plan Width": 9, "Inner Unique": true, "Join Filter": "(it2.id = mi_idx.info_type_id), (LLVM Optimized)", "Plans": [{"Node Type": "Index Scan", "Parent Relationship": "Outer", "Scan Direction": "Forward", "Index Name": "movie_id_movie_info_idx", "Relation Name": "movie_info_idx", "Alias": "mi_idx", "Startup Cost": 10000000000.0, "Total Cost": 1000004650035.37, "Plan Rows": 1380034, "Plan Width": 13}, {"Node Type": "Materialize", "Parent Relationship": "Inner", "Startup Cost": 10000000000.0, "Total Cost": 1000000001421.0, "Plan Rows": 1, "Plan Width": 4, "Plans": [{"Node Type": "Index Scan", "Parent Relationship": "Outer", "Scan Direction": "Forward", "Index Name": "info_type_pkey", "Relation Name": "info_type", "Alias": "it2", "Startup Cost": 10000000000.0, "Total Cost": 1000000001421.0, "Plan Rows": 1, "Plan Width": 4, "Filter": "((info)::text = 'votes'::text)"}]}]}, {"Node Type": "Materialize", "Parent Relationship": "Inner", "Startup Cost": 20000000000.0, "Total Cost": 2000114973673.85, "Plan Rows": 2717, "Plan Width": 46, "Plans": [{"Node Type": "Nested Loop", "Parent Relationship": "Outer", "Join Type": "Inner", "Startup Cost": 20000000000.0, "Total Cost": 2000114973660.27, "Plan Rows": 2717, "Plan Width": 46, "Inner Unique": true, "Join Filter": "(it1.id = mi.info_type_id)", "Plans": [{"Node Type": "Index Scan", "Parent Relationship": "Outer", "Scan Direction": "Forward", "Index Name": "movie_id_movie_info", "Relation Name": "movie_info", "Alias": "mi", "Startup Cost": 10000000000.0, "Total Cost": 1000114969386.72, "Plan Rows": 190170, "Plan Width": 50, "Filter": "((info)::text = ANY ('{Horror,Action,Sci-Fi,Thriller,Crime,War}'::text[]))"}, {"Node Type": "Materialize", "Parent Relationship": "Inner", "Startup Cost": 10000000000.0, "Total Cost": 1000000001421.0, "Plan Rows": 1, "Plan Width": 4, "Plans": [{"Node Type": "Index Scan", "Parent Relationship": "Outer", "Scan Direction": "Forward", "Index Name": "info_type_pkey", "Relation Name": "info_type", "Alias": "it1", "Startup Cost": 10000000000.0, "Total Cost": 1000000001421.0, "Plan Rows": 1, "Plan Width": 4, "Filter": "((info)::text = 'genres'::text)"}]}]}]}]}]}]}]}]}]}]}]}, "Unique SQL Id": 3913857139, "Planner Runtime": 27}, "explain_analyze_plan": null}, "(64, 60)": {"explain_plan": {"Plan": {"Node Type": "Aggregate", "Strategy": "Plain", "Startup Cost": 79308.04, "Total Cost": 79308.05, "Plan Rows": 1, "Plan Width": 160, "Plans": [{"Node Type": "Nested Loop", "Parent Relationship": "Outer", "Join Type": "Inner", "Startup Cost": 0.0, "Total Cost": 79297.45, "Plan Rows": 1413, "Plan Width": 64, "Inner Unique": true, "Plans": [{"Node Type": "Nested Loop", "Parent Relationship": "Outer", "Join Type": "Inner", "Startup Cost": 0.0, "Total Cost": 78718.18, "Plan Rows": 1155, "Plan Width": 68, "Inner Unique": false, "Plans": [{"Node Type": "Nested Loop", "Parent Relationship": "Outer", "Join Type": "Inner", "Startup Cost": 0.0, "Total Cost": 77656.55, "Plan Rows": 1044, "Plan Width": 76, "Inner Unique": true, "Join Filter": "(mi.movie_id = t.id)", "Plans": [{"Node Type": "Nested Loop", "Parent Relationship": "Outer", "Join Type": "Inner", "Startup Cost": 0.0, "Total Cost": 77228.36, "Plan Rows": 1044, "Plan Width": 55, "Inner Unique": false, "Join Filter": "(mi_idx.info_type_id = it2.id)", "Plans": [{"Node Type": "Seq Scan", "Parent Relationship": "Outer", "Relation Name": "info_type", "Alias": "it2", "Startup Cost": 0.0, "Total Cost": 2.4, "Plan Rows": 1, "Plan Width": 4, "Filter": "((info)::text = 'votes'::text)"}, {"Node Type": "Nested Loop", "Parent Relationship": "Inner", "Join Type": "Inner", "Startup Cost": 0.0, "Total Cost": 77173.77, "Plan Rows": 4175, "Plan Width": 59, "Inner Unique": false, "Plans": [{"Node Type": "Nested Loop", "Parent Relationship": "Outer", "Join Type": "Inner", "Startup Cost": 0.0, "Total Cost": 75685.72, "Plan Rows": 2717, "Plan Width": 46, "Inner Unique": false, "Join Filter": "(it1.id = mi.info_type_id)", "Plans": [{"Node Type": "Seq Scan", "Parent Relationship": "Outer", "Relation Name": "info_type", "Alias": "it1", "Startup Cost": 0.0, "Total Cost": 2.4, "Plan Rows": 1, "Plan Width": 4, "Filter": "((info)::text = 'genres'::text)"}, {"Node Type": "Materialize", "Parent Relationship": "Inner", "Startup Cost": 0.0, "Total Cost": 73781.62, "Plan Rows": 190170, "Plan Width": 50, "Plans": [{"Node Type": "Streaming(type: LOCAL GATHER dop: 1/64)", "Parent Relationship": "Outer", "Startup Cost": 0.0, "Total Cost": 73306.19, "Plan Rows": 190170, "Plan Width": 50, "Plans": [{"Node Type": "Seq Scan", "Parent Relationship": "Outer", "Relation Name": "movie_info", "Alias": "mi", "Startup Cost": 0.0, "Total Cost": 69383.01, "Plan Rows": 190170, "Plan Width": 50, "Filter": "((info)::text = ANY ('{Horror,Action,Sci-Fi,Thriller,Crime,War}'::text[]))"}]}]}]}, {"Node Type": "Index Scan", "Parent Relationship": "Inner", "Scan Direction": "Forward", "Index Name": "movie_id_movie_info_idx", "Relation Name": "movie_info_idx", "Alias": "mi_idx", "Startup Cost": 0.0, "Total Cost": 0.53, "Plan Rows": 2, "Plan Width": 13, "Index Cond": "(movie_id = mi.movie_id)"}]}]}, {"Node Type": "Index Scan", "Parent Relationship": "Inner", "Scan Direction": "Forward", "Index Name": "title_pkey", "Relation Name": "title", "Alias": "t", "Startup Cost": 0.0, "Total Cost": 0.4, "Plan Rows": 1, "Plan Width": 21, "Index Cond": "(id = mi_idx.movie_id)"}]}, {"Node Type": "Index Scan", "Parent Relationship": "Inner", "Scan Direction": "Forward", "Index Name": "movie_id_cast_info", "Relation Name": "cast_info", "Alias": "ci", "Startup Cost": 0.0, "Total Cost": 1.01, "Plan Rows": 1, "Plan Width": 8, "Index Cond": "(movie_id = t.id)", "Filter": "((note)::text = ANY ('{(writer),\"(head writer)\",\"(written by)\",(story),\"(story editor)\"}'::text[]))"}]}, {"Node Type": "Index Scan", "Parent Relationship": "Inner", "Scan Direction": "Forward", "Index Name": "name_pkey", "Relation Name": "name", "Alias": "n", "Startup Cost": 0.0, "Total Cost": 0.49, "Plan Rows": 1, "Plan Width": 4, "Index Cond": "(id = ci.person_id)", "Filter": "((gender)::text = 'm'::text)"}]}]}, "Unique SQL Id": 3913857139, "Planner Runtime": 34}, "explain_analyze_plan": {"Plan": {"Node Type": "Aggregate", "Strategy": "Plain", "Startup Cost": 79308.04, "Total Cost": 79308.05, "Plan Rows": 1, "Plan Width": 160, "Actual Min Startup Time": 10680.124, "Actual Max Startup Time": 10680.124, "Actual Min Total Time": 10680.125, "Actual Max Total Time": 10680.125, "Plans": [{"Node Type": "Nested Loop", "Parent Relationship": "Outer", "Join Type": "Inner", "Startup Cost": 0.0, "Total Cost": 79297.45, "Plan Rows": 1413, "Plan Width": 64, "Actual Min Startup Time": 249.693, "Actual Max Startup Time": 249.693, "Actual Min Total Time": 10641.432, "Actual Max Total Time": 10641.432, "Inner Unique": true, "Plans": [{"Node Type": "Nested Loop", "Parent Relationship": "Outer", "Join Type": "Inner", "Startup Cost": 0.0, "Total Cost": 78718.18, "Plan Rows": 1155, "Plan Width": 68, "Actual Min Startup Time": 247.969, "Actual Max Startup Time": 247.969, "Actual Min Total Time": 10246.003, "Actual Max Total Time": 10246.003, "Inner Unique": false, "Plans": [{"Node Type": "Nested Loop", "Parent Relationship": "Outer", "Join Type": "Inner", "Startup Cost": 0.0, "Total Cost": 77656.55, "Plan Rows": 1044, "Plan Width": 76, "Actual Min Startup Time": 247.349, "Actual Max Startup Time": 247.349, "Actual Min Total Time": 1811.85, "Actual Max Total Time": 1811.85, "Inner Unique": true, "Join Filter": "(mi.movie_id = t.id)", "Rows Removed by Join Filter": 0, "Plans": [{"Node Type": "Nested Loop", "Parent Relationship": "Outer", "Join Type": "Inner", "Startup Cost": 0.0, "Total Cost": 77228.36, "Plan Rows": 1044, "Plan Width": 55, "Actual Min Startup Time": 247.331, "Actual Max Startup Time": 247.331, "Actual Min Total Time": 1273.326, "Actual Max Total Time": 1273.326, "Inner Unique": false, "Join Filter": "(mi_idx.info_type_id = it2.id)", "Rows Removed by Join Filter": 205269, "Plans": [{"Node Type": "Seq Scan", "Parent Relationship": "Outer", "Relation Name": "info_type", "Alias": "it2", "Startup Cost": 0.0, "Total Cost": 2.4, "Plan Rows": 1, "Plan Width": 4, "Actual Min Startup Time": 0.086, "Actual Max Startup Time": 0.086, "Actual Min Total Time": 0.096, "Actual Max Total Time": 0.096, "Filter": "((info)::text = 'votes'::text)", "Rows Removed by Filter": 111, "Actual Rows": 1}, {"Node Type": "Nested Loop", "Parent Relationship": "Inner", "Join Type": "Inner", "Startup Cost": 0.0, "Total Cost": 77173.77, "Plan Rows": 4175, "Plan Width": 59, "Actual Min Startup Time": 247.225, "Actual Max Startup Time": 247.225, "Actual Min Total Time": 1183.67, "Actual Max Total Time": 1183.67, "Inner Unique": false, "Plans": [{"Node Type": "Nested Loop", "Parent Relationship": "Outer", "Join Type": "Inner", "Startup Cost": 0.0, "Total Cost": 75685.72, "Plan Rows": 2717, "Plan Width": 46, "Actual Min Startup Time": 247.195, "Actual Max Startup Time": 247.195, "Actual Min Total Time": 356.202, "Actual Max Total Time": 356.202, "Inner Unique": false, "Join Filter": "(it1.id = mi.info_type_id)", "Rows Removed by Join Filter": 2377, "Plans": [{"Node Type": "Seq Scan", "Parent Relationship": "Outer", "Relation Name": "info_type", "Alias": "it1", "Startup Cost": 0.0, "Total Cost": 2.4, "Plan Rows": 1, "Plan Width": 4, "Actual Min Startup Time": 0.047, "Actual Max Startup Time": 0.047, "Actual Min Total Time": 0.081, "Actual Max Total Time": 0.081, "Filter": "((info)::text = 'genres'::text)", "Rows Removed by Filter": 111, "Actual Rows": 1}, {"Node Type": "Materialize", "Parent Relationship": "Inner", "Startup Cost": 0.0, "Total Cost": 73781.62, "Plan Rows": 190170, "Plan Width": 50, "Actual Min Startup Time": 247.015, "Actual Max Startup Time": 247.015, "Actual Min Total Time": 279.819, "Actual Max Total Time": 279.819, "Plans": [{"Node Type": "Streaming(type: LOCAL GATHER dop: 1/64)", "Parent Relationship": "Outer", "Startup Cost": 0.0, "Total Cost": 73306.19, "Plan Rows": 190170, "Plan Width": 50, "Actual Min Startup Time": 127.593, "Actual Max Startup Time": 127.593, "Actual Min Total Time": 219.435, "Actual Max Total Time": 219.435, "Plans": [{"Node Type": "Seq Scan", "Parent Relationship": "Outer", "Relation Name": "movie_info", "Alias": "mi", "Startup Cost": 0.0, "Total Cost": 69383.01, "Plan Rows": 190170, "Plan Width": 50, "Actual Min Startup Time": 55.284, "Actual Max Startup Time": 120.939, "Actual Min Total Time": 110.672, "Actual Max Total Time": 131.365, "Filter": "((info)::text = ANY ('{Horror,Action,Sci-Fi,Thriller,Crime,War}'::text[]))", "Rows Removed by Filter": 14646748, "Actual Rows": 188971}], "Actual Rows": 188971}], "Actual Rows": 188972}], "Actual Rows": 186594}, {"Node Type": "Index Scan", "Parent Relationship": "Inner", "Scan Direction": "Forward", "Index Name": "movie_id_movie_info_idx", "Relation Name": "movie_info_idx", "Alias": "mi_idx", "Startup Cost": 0.0, "Total Cost": 0.53, "Plan Rows": 2, "Plan Width": 13, "Actual Min Startup Time": 538.447, "Actual Max Startup Time": 538.447, "Actual Min Total Time": 656.885, "Actual Max Total Time": 656.885, "Index Cond": "(movie_id = mi.movie_id)", "Rows Removed by Index Recheck": 0, "Actual Rows": 307785}], "Actual Rows": 307785}], "Actual Rows": 102516}, {"Node Type": "Index Scan", "Parent Relationship": "Inner", "Scan Direction": "Forward", "Index Name": "title_pkey", "Relation Name": "title", "Alias": "t", "Startup Cost": 0.0, "Total Cost": 0.4, "Plan Rows": 1, "Plan Width": 21, "Actual Min Startup Time": 432.22, "Actual Max Startup Time": 432.22, "Actual Min Total Time": 432.22, "Actual Max Total Time": 432.22, "Index Cond": "(id = mi_idx.movie_id)", "Rows Removed by Index Recheck": 0, "Actual Rows": 102516}], "Actual Rows": 102516}, {"Node Type": "Index Scan", "Parent Relationship": "Inner", "Scan Direction": "Forward", "Index Name": "movie_id_cast_info", "Relation Name": "cast_info", "Alias": "ci", "Startup Cost": 0.0, "Total Cost": 1.01, "Plan Rows": 1, "Plan Width": 8, "Actual Min Startup Time": 7123.336, "Actual Max Startup Time": 7123.336, "Actual Min Total Time": 8361.98, "Actual Max Total Time": 8361.98, "Index Cond": "(movie_id = t.id)", "Rows Removed by Index Recheck": 0, "Filter": "((note)::text = ANY ('{(writer),\"(head writer)\",\"(written by)\",(story),\"(story editor)\"}'::text[]))", "Rows Removed by Filter": 3987641, "Actual Rows": 54155}], "Actual Rows": 54155}, {"Node Type": "Index Scan", "Parent Relationship": "Inner", "Scan Direction": "Forward", "Index Name": "name_pkey", "Relation Name": "name", "Alias": "n", "Startup Cost": 0.0, "Total Cost": 0.49, "Plan Rows": 1, "Plan Width": 4, "Actual Min Startup Time": 352.775, "Actual Max Startup Time": 352.775, "Actual Min Total Time": 352.775, "Actual Max Total Time": 352.775, "Index Cond": "(id = ci.person_id)", "Rows Removed by Index Recheck": 0, "Filter": "((gender)::text = 'm'::text)", "Rows Removed by Filter": 26082, "Actual Rows": 28073}], "Actual Rows": 28073}], "Actual Rows": 1}, "Triggers": [], "Planner Runtime": 7, "Total Runtime": 10691.468, "Unique SQL Id": 3913857139}}, "(64, 61)": {"explain_plan": {"Plan": {"Node Type": "Aggregate", "Strategy": "Plain", "Startup Cost": 385547.34, "Total Cost": 385547.35, "Plan Rows": 1, "Plan Width": 160, "Plans": [{"Node Type": "Nested Loop", "Parent Relationship": "Outer", "Join Type": "Inner", "Startup Cost": 0.0, "Total Cost": 385536.75, "Plan Rows": 1413, "Plan Width": 64, "Inner Unique": true, "Plans": [{"Node Type": "Nested Loop", "Parent Relationship": "Outer", "Join Type": "Inner", "Startup Cost": 0.0, "Total Cost": 384957.48, "Plan Rows": 1155, "Plan Width": 68, "Inner Unique": false, "Plans": [{"Node Type": "Nested Loop", "Parent Relationship": "Outer", "Join Type": "Inner", "Startup Cost": 0.0, "Total Cost": 383895.85, "Plan Rows": 1044, "Plan Width": 76, "Inner Unique": true, "Join Filter": "(mi.movie_id = t.id)", "Plans": [{"Node Type": "Nested Loop", "Parent Relationship": "Outer", "Join Type": "Inner", "Startup Cost": 0.0, "Total Cost": 383467.66, "Plan Rows": 1044, "Plan Width": 55, "Inner Unique": false, "Join Filter": "(mi.info_type_id = it1.id)", "Plans": [{"Node Type": "Index Scan", "Parent Relationship": "Outer", "Scan Direction": "Forward", "Index Name": "info_type_pkey", "Relation Name": "info_type", "Alias": "it1", "Startup Cost": 0.0, "Total Cost": 14.21, "Plan Rows": 1, "Plan Width": 4, "Filter": "((info)::text = 'genres'::text)"}, {"Node Type": "Nested Loop", "Parent Relationship": "Inner", "Join Type": "Inner", "Startup Cost": 0.0, "Total Cost": 380590.58, "Plan Rows": 229029, "Plan Width": 59, "Inner Unique": false, "Plans": [{"Node Type": "Nested Loop", "Parent Relationship": "Outer", "Join Type": "Inner", "Startup Cost": 0.0, "Total Cost": 38338.2, "Plan Rows": 345008, "Plan Width": 9, "Inner Unique": false, "Plans": [{"Node Type": "Index Scan", "Parent Relationship": "Outer", "Scan Direction": "Forward", "Index Name": "info_type_pkey", "Relation Name": "info_type", "Alias": "it2", "Startup Cost": 0.0, "Total Cost": 14.21, "Plan Rows": 1, "Plan Width": 4, "Filter": "((info)::text = 'votes'::text)"}, {"Node Type": "Index Scan", "Parent Relationship": "Inner", "Scan Direction": "Forward", "Index Name": "info_type_id_movie_info_idx", "Relation Name": "movie_info_idx", "Alias": "mi_idx", "Startup Cost": 0.0, "Total Cost": 34873.91, "Plan Rows": 345008, "Plan Width": 13, "Index Cond": "(info_type_id = it2.id), (LLVM Optimized)"}]}, {"Node Type": "Index Scan", "Parent Relationship": "Inner", "Scan Direction": "Forward", "Index Name": "movie_id_movie_info", "Relation Name": "movie_info", "Alias": "mi", "Startup Cost": 0.0, "Total Cost": 0.98, "Plan Rows": 1, "Plan Width": 50, "Index Cond": "(movie_id = mi_idx.movie_id)", "Filter": "((info)::text = ANY ('{Horror,Action,Sci-Fi,Thriller,Crime,War}'::text[]))"}]}]}, {"Node Type": "Index Scan", "Parent Relationship": "Inner", "Scan Direction": "Forward", "Index Name": "title_pkey", "Relation Name": "title", "Alias": "t", "Startup Cost": 0.0, "Total Cost": 0.4, "Plan Rows": 1, "Plan Width": 21, "Index Cond": "(id = mi_idx.movie_id)"}]}, {"Node Type": "Index Scan", "Parent Relationship": "Inner", "Scan Direction": "Forward", "Index Name": "movie_id_cast_info", "Relation Name": "cast_info", "Alias": "ci", "Startup Cost": 0.0, "Total Cost": 1.01, "Plan Rows": 1, "Plan Width": 8, "Index Cond": "(movie_id = t.id)", "Filter": "((note)::text = ANY ('{(writer),\"(head writer)\",\"(written by)\",(story),\"(story editor)\"}'::text[]))"}]}, {"Node Type": "Index Scan", "Parent Relationship": "Inner", "Scan Direction": "Forward", "Index Name": "name_pkey", "Relation Name": "name", "Alias": "n", "Startup Cost": 0.0, "Total Cost": 0.49, "Plan Rows": 1, "Plan Width": 4, "Index Cond": "(id = ci.person_id)", "Filter": "((gender)::text = 'm'::text)"}]}]}, "Unique SQL Id": 3913857139, "Planner Runtime": 9}, "explain_analyze_plan": {"Plan": {"Node Type": "Aggregate", "Strategy": "Plain", "Startup Cost": 385547.34, "Total Cost": 385547.35, "Plan Rows": 1, "Plan Width": 160, "Actual Startup Time": 19038.718, "Actual Total Time": 19038.719, "Actual Rows": 1, "Actual Loops": 1, "Plans": [{"Node Type": "Nested Loop", "Parent Relationship": "Outer", "Join Type": "Inner", "Startup Cost": 0.0, "Total Cost": 385536.75, "Plan Rows": 1413, "Plan Width": 64, "Actual Startup Time": 29.464, "Actual Total Time": 18993.643, "Actual Rows": 28073, "Actual Loops": 1, "Inner Unique": true, "Plans": [{"Node Type": "Nested Loop", "Parent Relationship": "Outer", "Join Type": "Inner", "Startup Cost": 0.0, "Total Cost": 384957.48, "Plan Rows": 1155, "Plan Width": 68, "Actual Startup Time": 14.609, "Actual Total Time": 18579.543, "Actual Rows": 54155, "Actual Loops": 1, "Inner Unique": false, "Plans": [{"Node Type": "Nested Loop", "Parent Relationship": "Outer", "Join Type": "Inner", "Startup Cost": 0.0, "Total Cost": 383895.85, "Plan Rows": 1044, "Plan Width": 76, "Actual Startup Time": 0.805, "Actual Total Time": 10083.062, "Actual Rows": 102516, "Actual Loops": 1, "Inner Unique": true, "Join Filter": "(mi.movie_id = t.id)", "Rows Removed by Join Filter": 0, "Plans": [{"Node Type": "Nested Loop", "Parent Relationship": "Outer", "Join Type": "Inner", "Startup Cost": 0.0, "Total Cost": 383467.66, "Plan Rows": 1044, "Plan Width": 55, "Actual Startup Time": 0.793, "Actual Total Time": 9512.208, "Actual Rows": 102516, "Actual Loops": 1, "Inner Unique": false, "Join Filter": "(mi.info_type_id = it1.id)", "Rows Removed by Join Filter": 2376, "Plans": [{"Node Type": "Index Scan", "Parent Relationship": "Outer", "Scan Direction": "Forward", "Index Name": "info_type_pkey", "Relation Name": "info_type", "Alias": "it1", "Startup Cost": 0.0, "Total Cost": 14.21, "Plan Rows": 1, "Plan Width": 4, "Actual Startup Time": 0.028, "Actual Total Time": 0.085, "Actual Rows": 1, "Actual Loops": 1, "Filter": "((info)::text = 'genres'::text)", "Rows Removed by Filter": 111}, {"Node Type": "Nested Loop", "Parent Relationship": "Inner", "Join Type": "Inner", "Startup Cost": 0.0, "Total Cost": 380590.58, "Plan Rows": 229029, "Plan Width": 59, "Actual Startup Time": 0.76, "Actual Total Time": 9469.385, "Actual Rows": 104892, "Actual Loops": 1, "Inner Unique": false, "Plans": [{"Node Type": "Nested Loop", "Parent Relationship": "Outer", "Join Type": "Inner", "Startup Cost": 0.0, "Total Cost": 38338.2, "Plan Rows": 345008, "Plan Width": 9, "Actual Startup Time": 0.072, "Actual Total Time": 397.046, "Actual Rows": 459925, "Actual Loops": 1, "Inner Unique": false, "Plans": [{"Node Type": "Index Scan", "Parent Relationship": "Outer", "Scan Direction": "Forward", "Index Name": "info_type_pkey", "Relation Name": "info_type", "Alias": "it2", "Startup Cost": 0.0, "Total Cost": 14.21, "Plan Rows": 1, "Plan Width": 4, "Actual Startup Time": 0.054, "Actual Total Time": 0.212, "Actual Rows": 1, "Actual Loops": 1, "Filter": "((info)::text = 'votes'::text)", "Rows Removed by Filter": 111}, {"Node Type": "Index Scan", "Parent Relationship": "Inner", "Scan Direction": "Forward", "Index Name": "info_type_id_movie_info_idx", "Relation Name": "movie_info_idx", "Alias": "mi_idx", "Startup Cost": 0.0, "Total Cost": 34873.91, "Plan Rows": 345008, "Plan Width": 13, "Actual Startup Time": 0.015, "Actual Total Time": 288.249, "Actual Rows": 459925, "Actual Loops": 1, "Index Cond": "(info_type_id = it2.id), (LLVM Optimized, Jit Execute)", "Rows Removed by Index Recheck": 0}]}, {"Node Type": "Index Scan", "Parent Relationship": "Inner", "Scan Direction": "Forward", "Index Name": "movie_id_movie_info", "Relation Name": "movie_info", "Alias": "mi", "Startup Cost": 0.0, "Total Cost": 0.98, "Plan Rows": 1, "Plan Width": 50, "Actual Startup Time": 8639.279, "Actual Total Time": 8804.256, "Actual Rows": 104892, "Actual Loops": 459925, "Index Cond": "(movie_id = mi_idx.movie_id)", "Rows Removed by Index Recheck": 0, "Filter": "((info)::text = ANY ('{Horror,Action,Sci-Fi,Thriller,Crime,War}'::text[]))", "Rows Removed by Filter": 6825442}]}]}, {"Node Type": "Index Scan", "Parent Relationship": "Inner", "Scan Direction": "Forward", "Index Name": "title_pkey", "Relation Name": "title", "Alias": "t", "Startup Cost": 0.0, "Total Cost": 0.4, "Plan Rows": 1, "Plan Width": 21, "Actual Startup Time": 452.698, "Actual Total Time": 452.698, "Actual Rows": 102516, "Actual Loops": 102516, "Index Cond": "(id = mi_idx.movie_id)", "Rows Removed by Index Recheck": 0}]}, {"Node Type": "Index Scan", "Parent Relationship": "Inner", "Scan Direction": "Forward", "Index Name": "movie_id_cast_info", "Relation Name": "cast_info", "Alias": "ci", "Startup Cost": 0.0, "Total Cost": 1.01, "Plan Rows": 1, "Plan Width": 8, "Actual Startup Time": 7176.634, "Actual Total Time": 8423.011, "Actual Rows": 54155, "Actual Loops": 102516, "Index Cond": "(movie_id = t.id)", "Rows Removed by Index Recheck": 0, "Filter": "((note)::text = ANY ('{(writer),\"(head writer)\",\"(written by)\",(story),\"(story editor)\"}'::text[]))", "Rows Removed by Filter": 3987641}]}, {"Node Type": "Index Scan", "Parent Relationship": "Inner", "Scan Direction": "Forward", "Index Name": "name_pkey", "Relation Name": "name", "Alias": "n", "Startup Cost": 0.0, "Total Cost": 0.49, "Plan Rows": 1, "Plan Width": 4, "Actual Startup Time": 365.599, "Actual Total Time": 365.599, "Actual Rows": 28073, "Actual Loops": 54155, "Index Cond": "(id = ci.person_id)", "Rows Removed by Index Recheck": 0, "Filter": "((gender)::text = 'm'::text)", "Rows Removed by Filter": 26082}]}]}, "Triggers": [], "Planner Runtime": 6, "Total Runtime": 19047.819, "Unique SQL Id": 3913857139}}, "(64, 62)": {"explain_plan": {"Plan": {"Node Type": "Aggregate", "Strategy": "Plain", "Startup Cost": 971545.99, "Total Cost": 971546.02, "Plan Rows": 1, "Plan Width": 160, "Plans": [{"Node Type": "Streaming(type: LOCAL GATHER dop: 1/64)", "Parent Relationship": "Outer", "Startup Cost": 971545.99, "Total Cost": 971546.02, "Plan Rows": 1, "Plan Width": 160, "Plans": [{"Node Type": "Aggregate", "Strategy": "Plain", "Parent Relationship": "Outer", "Startup Cost": 971545.99, "Total Cost": 971546.0, "Plan Rows": 1, "Plan Width": 160, "Plans": [{"Node Type": "Nested Loop", "Parent Relationship": "Outer", "Join Type": "Inner", "Startup Cost": 0.0, "Total Cost": 971535.39, "Plan Rows": 1413, "Plan Width": 64, "Inner Unique": false, "Join Filter": "(ci.person_id = n.id)", "Plans": [{"Node Type": "Streaming(type: LOCAL REDISTRIBUTE dop: 64/64)", "Parent Relationship": "Outer", "Startup Cost": 0.0, "Total Cost": 129265.96, "Plan Rows": 1740714, "Plan Width": 4, "Plans": [{"Node Type": "Seq Scan", "Parent Relationship": "Outer", "Relation Name": "name", "Alias": "n", "Startup Cost": 0.0, "Total Cost": 64617.04, "Plan Rows": 1740714, "Plan Width": 4, "Filter": "((gender)::text = 'm'::text), (LLVM Optimized)"}]}, {"Node Type": "Materialize", "Parent Relationship": "Inner", "Startup Cost": 0.0, "Total Cost": 834906.72, "Plan Rows": 1155, "Plan Width": 68, "Plans": [{"Node Type": "Streaming(type: LOCAL REDISTRIBUTE dop: 64/64)", "Parent Relationship": "Outer", "Startup Cost": 0.0, "Total Cost": 834906.63, "Plan Rows": 1155, "Plan Width": 68, "Plans": [{"Node Type": "Nested Loop", "Parent Relationship": "Outer", "Join Type": "Inner", "Startup Cost": 0.0, "Total Cost": 771905.53, "Plan Rows": 1155, "Plan Width": 68, "Inner Unique": false, "Join Filter": "(mi.movie_id = t.id)", "Plans": [{"Node Type": "Streaming(type: LOCAL REDISTRIBUTE dop: 64/1)", "Parent Relationship": "Outer", "Startup Cost": 0.0, "Total Cost": 225794.09, "Plan Rows": 2528311, "Plan Width": 21, "Plans": [{"Node Type": "Seq Scan", "Parent Relationship": "Outer", "Relation Name": "title", "Alias": "t", "Startup Cost": 0.0, "Total Cost": 60069.11, "Plan Rows": 2528311, "Plan Width": 21}]}, {"Node Type": "Materialize", "Parent Relationship": "Inner", "Startup Cost": 0.0, "Total Cost": 535417.4, "Plan Rows": 1155, "Plan Width": 63, "Plans": [{"Node Type": "Streaming(type: LOCAL REDISTRIBUTE dop: 64/64)", "Parent Relationship": "Outer", "Startup Cost": 0.0, "Total Cost": 535417.31, "Plan Rows": 1155, "Plan Width": 63, "Plans": [{"Node Type": "Nested Loop", "Parent Relationship": "Outer", "Join Type": "Inner", "Startup Cost": 0.0, "Total Cost": 472416.21, "Plan Rows": 1155, "Plan Width": 63, "Inner Unique": false, "Join Filter": "(mi_idx.movie_id = mi.movie_id)", "Plans": [{"Node Type": "Streaming(type: LOCAL REDISTRIBUTE dop: 64/1)", "Parent Relationship": "Outer", "Startup Cost": 0.0, "Total Cost": 114544.8, "Plan Rows": 345008, "Plan Width": 9, "Plans": [{"Node Type": "Nested Loop", "Parent Relationship": "Outer", "Join Type": "Inner", "Startup Cost": 0.0, "Total Cost": 37527.17, "Plan Rows": 345008, "Plan Width": 9, "Inner Unique": false, "Join Filter": "(it2.id = mi_idx.info_type_id), (LLVM Optimized)", "Plans": [{"Node Type": "Seq Scan", "Parent Relationship": "Outer", "Relation Name": "info_type", "Alias": "it2", "Startup Cost": 0.0, "Total Cost": 2.4, "Plan Rows": 1, "Plan Width": 4, "Filter": "((info)::text = 'votes'::text)"}, {"Node Type": "Seq Scan", "Parent Relationship": "Inner", "Relation Name": "movie_info_idx", "Alias": "mi_idx", "Startup Cost": 0.0, "Total Cost": 20274.34, "Plan Rows": 1380034, "Plan Width": 13}]}]}, {"Node Type": "Materialize", "Parent Relationship": "Inner", "Startup Cost": 0.0, "Total Cost": 354073.58, "Plan Rows": 3006, "Plan Width": 54, "Plans": [{"Node Type": "Streaming(type: LOCAL REDISTRIBUTE dop: 64/64)", "Parent Relationship": "Outer", "Startup Cost": 0.0, "Total Cost": 354073.34, "Plan Rows": 3006, "Plan Width": 54, "Plans": [{"Node Type": "Nested Loop", "Parent Relationship": "Outer", "Join Type": "Inner", "Startup Cost": 0.0, "Total Cost": 291070.5, "Plan Rows": 3006, "Plan Width": 54, "Inner Unique": false, "Join Filter": "(mi.movie_id = ci.movie_id)", "Plans": [{"Node Type": "Streaming(type: LOCAL REDISTRIBUTE dop: 64/64)", "Parent Relationship": "Outer", "Startup Cost": 0.0, "Total Cost": 140103.96, "Plan Rows": 1223154, "Plan Width": 8, "Plans": [{"Node Type": "Seq Scan", "Parent Relationship": "Outer", "Relation Name": "cast_info", "Alias": "ci", "Startup Cost": 0.0, "Total Cost": 75945.31, "Plan Rows": 1223154, "Plan Width": 8, "Filter": "((note)::text = ANY ('{(writer),\"(head writer)\",\"(written by)\",(story),\"(story editor)\"}'::text[]))"}]}, {"Node Type": "Materialize", "Parent Relationship": "Inner", "Startup Cost": 0.0, "Total Cost": 138796.32, "Plan Rows": 2717, "Plan Width": 46, "Plans": [{"Node Type": "Streaming(type: LOCAL REDISTRIBUTE dop: 64/1)", "Parent Relationship": "Outer", "Startup Cost": 0.0, "Total Cost": 138796.11, "Plan Rows": 2717, "Plan Width": 46, "Plans": [{"Node Type": "Nested Loop", "Parent Relationship": "Outer", "Join Type": "Inner", "Startup Cost": 0.0, "Total Cost": 75685.72, "Plan Rows": 2717, "Plan Width": 46, "Inner Unique": false, "Join Filter": "(it1.id = mi.info_type_id)", "Plans": [{"Node Type": "Seq Scan", "Parent Relationship": "Outer", "Relation Name": "info_type", "Alias": "it1", "Startup Cost": 0.0, "Total Cost": 2.4, "Plan Rows": 1, "Plan Width": 4, "Filter": "((info)::text = 'genres'::text)"}, {"Node Type": "Materialize", "Parent Relationship": "Inner", "Startup Cost": 0.0, "Total Cost": 73781.62, "Plan Rows": 190170, "Plan Width": 50, "Plans": [{"Node Type": "Streaming(type: LOCAL GATHER dop: 1/64)", "Parent Relationship": "Outer", "Startup Cost": 0.0, "Total Cost": 73306.19, "Plan Rows": 190170, "Plan Width": 50, "Plans": [{"Node Type": "Seq Scan", "Parent Relationship": "Outer", "Relation Name": "movie_info", "Alias": "mi", "Startup Cost": 0.0, "Total Cost": 69383.01, "Plan Rows": 190170, "Plan Width": 50, "Filter": "((info)::text = ANY ('{Horror,Action,Sci-Fi,Thriller,Crime,War}'::text[]))"}]}]}]}]}]}]}]}]}]}]}]}]}]}]}]}]}]}]}, "Unique SQL Id": 3913857139, "Planner Runtime": 61}, "explain_analyze_plan": null}, "(64, 63)": {"explain_plan": {"Plan": {"Node Type": "Aggregate", "Strategy": "Plain", "Startup Cost": 7000445600668.71, "Total Cost": 7000445600668.72, "Plan Rows": 1, "Plan Width": 160, "Plans": [{"Node Type": "Nested Loop", "Parent Relationship": "Outer", "Join Type": "Inner", "Startup Cost": 70000000000.0, "Total Cost": 7000445600658.11, "Plan Rows": 1413, "Plan Width": 64, "Inner Unique": false, "Join Filter": "(ci.person_id = n.id)", "Plans": [{"Node Type": "Index Scan", "Parent Relationship": "Outer", "Scan Direction": "Forward", "Index Name": "name_pkey", "Relation Name": "name", "Alias": "n", "Startup Cost": 10000000000.0, "Total Cost": 1000018665147.2, "Plan Rows": 1740714, "Plan Width": 4, "Filter": "((gender)::text = 'm'::text), (LLVM Optimized)"}, {"Node Type": "Materialize", "Parent Relationship": "Inner", "Startup Cost": 60000000000.0, "Total Cost": 6000396777643.75, "Plan Rows": 1155, "Plan Width": 68, "Plans": [{"Node Type": "Nested Loop", "Parent Relationship": "Outer", "Join Type": "Inner", "Startup Cost": 60000000000.0, "Total Cost": 6000396777637.97, "Plan Rows": 1155, "Plan Width": 68, "Inner Unique": false, "Join Filter": "(t.id = ci.movie_id)", "Plans": [{"Node Type": "Index Scan", "Parent Relationship": "Outer", "Scan Direction": "Forward", "Index Name": "person_id_cast_info", "Relation Name": "cast_info", "Alias": "ci", "Startup Cost": 10000000000.0, "Total Cost": 1000193311016.96, "Plan Rows": 1223154, "Plan Width": 8, "Filter": "((note)::text = ANY ('{(writer),\"(head writer)\",\"(written by)\",(story),\"(story editor)\"}'::text[]))"}, {"Node Type": "Materialize", "Parent Relationship": "Inner", "Startup Cost": 50000000000.0, "Total Cost": 5000184312031.98, "Plan Rows": 1044, "Plan Width": 76, "Plans": [{"Node Type": "Nested Loop", "Parent Relationship": "Outer", "Join Type": "Inner", "Startup Cost": 50000000000.0, "Total Cost": 5000184312026.76, "Plan Rows": 1044, "Plan Width": 76, "Inner Unique": false, "Join Filter": "(mi.movie_id = t.id)", "Plans": [{"Node Type": "Index Scan", "Parent Relationship": "Outer", "Scan Direction": "Forward", "Index Name": "title_pkey", "Relation Name": "title", "Alias": "t", "Startup Cost": 10000000000.0, "Total Cost": 1000011012048.91, "Plan Rows": 2528311, "Plan Width": 21}, {"Node Type": "Materialize", "Parent Relationship": "Inner", "Startup Cost": 40000000000.0, "Total Cost": 4000133706630.2, "Plan Rows": 1044, "Plan Width": 55, "Plans": [{"Node Type": "Nested Loop", "Parent Relationship": "Outer", "Join Type": "Inner", "Startup Cost": 40000000000.0, "Total Cost": 4000133706624.98, "Plan Rows": 1044, "Plan Width": 55, "Inner Unique": false, "Join Filter": "(mi.movie_id = mi_idx.movie_id)", "Plans": [{"Node Type": "Nested Loop", "Parent Relationship": "Outer", "Join Type": "Inner", "Startup Cost": 20000000000.0, "Total Cost": 2000004672156.88, "Plan Rows": 345008, "Plan Width": 9, "Inner Unique": true, "Join Filter": "(it2.id = mi_idx.info_type_id), (LLVM Optimized)", "Plans": [{"Node Type": "Index Scan", "Parent Relationship": "Outer", "Scan Direction": "Forward", "Index Name": "movie_id_movie_info_idx", "Relation Name": "movie_info_idx", "Alias": "mi_idx", "Startup Cost": 10000000000.0, "Total Cost": 1000004650035.37, "Plan Rows": 1380034, "Plan Width": 13}, {"Node Type": "Materialize", "Parent Relationship": "Inner", "Startup Cost": 10000000000.0, "Total Cost": 1000000001421.0, "Plan Rows": 1, "Plan Width": 4, "Plans": [{"Node Type": "Index Scan", "Parent Relationship": "Outer", "Scan Direction": "Forward", "Index Name": "info_type_pkey", "Relation Name": "info_type", "Alias": "it2", "Startup Cost": 10000000000.0, "Total Cost": 1000000001421.0, "Plan Rows": 1, "Plan Width": 4, "Filter": "((info)::text = 'votes'::text)"}]}]}, {"Node Type": "Materialize", "Parent Relationship": "Inner", "Startup Cost": 20000000000.0, "Total Cost": 2000114973673.85, "Plan Rows": 2717, "Plan Width": 46, "Plans": [{"Node Type": "Nested Loop", "Parent Relationship": "Outer", "Join Type": "Inner", "Startup Cost": 20000000000.0, "Total Cost": 2000114973660.27, "Plan Rows": 2717, "Plan Width": 46, "Inner Unique": true, "Join Filter": "(it1.id = mi.info_type_id)", "Plans": [{"Node Type": "Index Scan", "Parent Relationship": "Outer", "Scan Direction": "Forward", "Index Name": "movie_id_movie_info", "Relation Name": "movie_info", "Alias": "mi", "Startup Cost": 10000000000.0, "Total Cost": 1000114969386.72, "Plan Rows": 190170, "Plan Width": 50, "Filter": "((info)::text = ANY ('{Horror,Action,Sci-Fi,Thriller,Crime,War}'::text[]))"}, {"Node Type": "Materialize", "Parent Relationship": "Inner", "Startup Cost": 10000000000.0, "Total Cost": 1000000001421.0, "Plan Rows": 1, "Plan Width": 4, "Plans": [{"Node Type": "Index Scan", "Parent Relationship": "Outer", "Scan Direction": "Forward", "Index Name": "info_type_pkey", "Relation Name": "info_type", "Alias": "it1", "Startup Cost": 10000000000.0, "Total Cost": 1000000001421.0, "Plan Rows": 1, "Plan Width": 4, "Filter": "((info)::text = 'genres'::text)"}]}]}]}]}]}]}]}]}]}]}]}, "Unique SQL Id": 3913857139, "Planner Runtime": 6}, "explain_analyze_plan": null}, "(64, 64)": {"explain_plan": {"Plan": {"Node Type": "Aggregate", "Strategy": "Plain", "Startup Cost": 77639.97, "Total Cost": 77639.98, "Plan Rows": 1, "Plan Width": 160, "Plans": [{"Node Type": "Nested Loop", "Parent Relationship": "Outer", "Join Type": "Inner", "Startup Cost": 4.83, "Total Cost": 77629.37, "Plan Rows": 1413, "Plan Width": 64, "Inner Unique": true, "Plans": [{"Node Type": "Nested Loop", "Parent Relationship": "Outer", "Join Type": "Inner", "Startup Cost": 4.83, "Total Cost": 77050.1, "Plan Rows": 1155, "Plan Width": 68, "Inner Unique": false, "Plans": [{"Node Type": "Nested Loop", "Parent Relationship": "Outer", "Join Type": "Inner", "Startup Cost": 4.83, "Total Cost": 75988.47, "Plan Rows": 1044, "Plan Width": 76, "Inner Unique": true, "Join Filter": "(mi.movie_id = t.id)", "Plans": [{"Node Type": "Hash Join", "Parent Relationship": "Outer", "Join Type": "Inner", "Startup Cost": 4.83, "Total Cost": 75560.28, "Plan Rows": 1044, "Plan Width": 55, "Inner Unique": true, "Hash Cond": "(mi_idx.info_type_id = it2.id)", "Plans": [{"Node Type": "Nested Loop", "Parent Relationship": "Outer", "Join Type": "Inner", "Startup Cost": 2.41, "Total Cost": 75536.96, "Plan Rows": 4175, "Plan Width": 59, "Inner Unique": false, "Plans": [{"Node Type": "Hash Join", "Parent Relationship": "Outer", "Join Type": "Inner", "Startup Cost": 2.41, "Total Cost": 74048.91, "Plan Rows": 2717, "Plan Width": 46, "Inner Unique": true, "Hash Cond": "(mi.info_type_id = it1.id)", "Plans": [{"Node Type": "Streaming(type: LOCAL GATHER dop: 1/64)", "Parent Relationship": "Outer", "Startup Cost": 0.0, "Total Cost": 73306.19, "Plan Rows": 190170, "Plan Width": 50, "Plans": [{"Node Type": "Seq Scan", "Parent Relationship": "Outer", "Relation Name": "movie_info", "Alias": "mi", "Startup Cost": 0.0, "Total Cost": 69383.01, "Plan Rows": 190170, "Plan Width": 50, "Filter": "((info)::text = ANY ('{Horror,Action,Sci-Fi,Thriller,Crime,War}'::text[]))"}]}, {"Node Type": "Hash", "Parent Relationship": "Inner", "Startup Cost": 2.4, "Total Cost": 2.4, "Plan Rows": 1, "Plan Width": 4, "Plans": [{"Node Type": "Seq Scan", "Parent Relationship": "Outer", "Relation Name": "info_type", "Alias": "it1", "Startup Cost": 0.0, "Total Cost": 2.4, "Plan Rows": 1, "Plan Width": 4, "Filter": "((info)::text = 'genres'::text)"}]}]}, {"Node Type": "Index Scan", "Parent Relationship": "Inner", "Scan Direction": "Forward", "Index Name": "movie_id_movie_info_idx", "Relation Name": "movie_info_idx", "Alias": "mi_idx", "Startup Cost": 0.0, "Total Cost": 0.53, "Plan Rows": 2, "Plan Width": 13, "Index Cond": "(movie_id = mi.movie_id)"}]}, {"Node Type": "Hash", "Parent Relationship": "Inner", "Startup Cost": 2.4, "Total Cost": 2.4, "Plan Rows": 1, "Plan Width": 4, "Plans": [{"Node Type": "Seq Scan", "Parent Relationship": "Outer", "Relation Name": "info_type", "Alias": "it2", "Startup Cost": 0.0, "Total Cost": 2.4, "Plan Rows": 1, "Plan Width": 4, "Filter": "((info)::text = 'votes'::text)"}]}]}, {"Node Type": "Index Scan", "Parent Relationship": "Inner", "Scan Direction": "Forward", "Index Name": "title_pkey", "Relation Name": "title", "Alias": "t", "Startup Cost": 0.0, "Total Cost": 0.4, "Plan Rows": 1, "Plan Width": 21, "Index Cond": "(id = mi_idx.movie_id)"}]}, {"Node Type": "Index Scan", "Parent Relationship": "Inner", "Scan Direction": "Forward", "Index Name": "movie_id_cast_info", "Relation Name": "cast_info", "Alias": "ci", "Startup Cost": 0.0, "Total Cost": 1.01, "Plan Rows": 1, "Plan Width": 8, "Index Cond": "(movie_id = t.id)", "Filter": "((note)::text = ANY ('{(writer),\"(head writer)\",\"(written by)\",(story),\"(story editor)\"}'::text[]))"}]}, {"Node Type": "Index Scan", "Parent Relationship": "Inner", "Scan Direction": "Forward", "Index Name": "name_pkey", "Relation Name": "name", "Alias": "n", "Startup Cost": 0.0, "Total Cost": 0.49, "Plan Rows": 1, "Plan Width": 4, "Index Cond": "(id = ci.person_id)", "Filter": "((gender)::text = 'm'::text)"}]}]}, "Unique SQL Id": 3913857139, "Planner Runtime": 59}, "explain_analyze_plan": {"Plan": {"Node Type": "Aggregate", "Strategy": "Plain", "Startup Cost": 77639.97, "Total Cost": 77639.98, "Plan Rows": 1, "Plan Width": 160, "Actual Min Startup Time": 10259.092, "Actual Max Startup Time": 10259.092, "Actual Min Total Time": 10259.093, "Actual Max Total Time": 10259.093, "Plans": [{"Node Type": "Nested Loop", "Parent Relationship": "Outer", "Join Type": "Inner", "Startup Cost": 4.83, "Total Cost": 77629.37, "Plan Rows": 1413, "Plan Width": 64, "Actual Min Startup Time": 156.083, "Actual Max Startup Time": 156.083, "Actual Min Total Time": 10216.404, "Actual Max Total Time": 10216.404, "Inner Unique": true, "Plans": [{"Node Type": "Nested Loop", "Parent Relationship": "Outer", "Join Type": "Inner", "Startup Cost": 4.83, "Total Cost": 77050.1, "Plan Rows": 1155, "Plan Width": 68, "Actual Min Startup Time": 156.042, "Actual Max Startup Time": 156.042, "Actual Min Total Time": 9827.634, "Actual Max Total Time": 9827.634, "Inner Unique": false, "Plans": [{"Node Type": "Nested Loop", "Parent Relationship": "Outer", "Join Type": "Inner", "Startup Cost": 4.83, "Total Cost": 75988.47, "Plan Rows": 1044, "Plan Width": 76, "Actual Min Startup Time": 155.915, "Actual Max Startup Time": 155.915, "Actual Min Total Time": 1805.705, "Actual Max Total Time": 1805.705, "Inner Unique": true, "Join Filter": "(mi.movie_id = t.id)", "Rows Removed by Join Filter": 0, "Plans": [{"Node Type": "Hash Join", "Parent Relationship": "Outer", "Join Type": "Inner", "Startup Cost": 4.83, "Total Cost": 75560.28, "Plan Rows": 1044, "Plan Width": 55, "Actual Min Startup Time": 155.892, "Actual Max Startup Time": 155.892, "Actual Min Total Time": 1270.945, "Actual Max Total Time": 1270.945, "Inner Unique": true, "Hash Cond": "(mi_idx.info_type_id = it2.id)", "Plans": [{"Node Type": "Nested Loop", "Parent Relationship": "Outer", "Join Type": "Inner", "Startup Cost": 2.41, "Total Cost": 75536.96, "Plan Rows": 4175, "Plan Width": 59, "Actual Min Startup Time": 155.737, "Actual Max Startup Time": 155.737, "Actual Min Total Time": 1174.776, "Actual Max Total Time": 1174.776, "Inner Unique": false, "Plans": [{"Node Type": "Hash Join", "Parent Relationship": "Outer", "Join Type": "Inner", "Startup Cost": 2.41, "Total Cost": 74048.91, "Plan Rows": 2717, "Plan Width": 46, "Actual Min Startup Time": 155.684, "Actual Max Startup Time": 155.684, "Actual Min Total Time": 356.203, "Actual Max Total Time": 356.203, "Inner Unique": true, "Hash Cond": "(mi.info_type_id = it1.id)", "Plans": [{"Node Type": "Streaming(type: LOCAL GATHER dop: 1/64)", "Parent Relationship": "Outer", "Startup Cost": 0.0, "Total Cost": 73306.19, "Plan Rows": 190170, "Plan Width": 50, "Actual Min Startup Time": 136.808, "Actual Max Startup Time": 136.808, "Actual Min Total Time": 246.814, "Actual Max Total Time": 246.814, "Plans": [{"Node Type": "Seq Scan", "Parent Relationship": "Outer", "Relation Name": "movie_info", "Alias": "mi", "Startup Cost": 0.0, "Total Cost": 69383.01, "Plan Rows": 190170, "Plan Width": 50, "Actual Min Startup Time": 63.231, "Actual Max Startup Time": 142.443, "Actual Min Total Time": 110.322, "Actual Max Total Time": 163.069, "Filter": "((info)::text = ANY ('{Horror,Action,Sci-Fi,Thriller,Crime,War}'::text[]))", "Rows Removed by Filter": 14646748, "Actual Rows": 188971}], "Actual Rows": 188971}, {"Node Type": "Hash", "Parent Relationship": "Inner", "Startup Cost": 2.4, "Total Cost": 2.4, "Plan Rows": 1, "Plan Width": 4, "Actual Min Startup Time": 0.056, "Actual Max Startup Time": 0.056, "Actual Min Total Time": 0.056, "Actual Max Total Time": 0.056, "Max Hash Buckets": 32768, "Min Hash Buckets": 32768, "Max Hash Batches": 1, "Min Hash Batches": 1, "Max Original Hash Batches": 1, "Min Original Hash Batches": 1, "Max Peak Memory Usage": 1, "min Peak Memory Usage": 1, "Plans": [{"Node Type": "Seq Scan", "Parent Relationship": "Outer", "Relation Name": "info_type", "Alias": "it1", "Startup Cost": 0.0, "Total Cost": 2.4, "Plan Rows": 1, "Plan Width": 4, "Actual Min Startup Time": 0.028, "Actual Max Startup Time": 0.028, "Actual Min Total Time": 0.05, "Actual Max Total Time": 0.05, "Filter": "((info)::text = 'genres'::text)", "Rows Removed by Filter": 111, "Actual Rows": 1}], "Actual Rows": 1}], "Actual Rows": 186594}, {"Node Type": "Index Scan", "Parent Relationship": "Inner", "Scan Direction": "Forward", "Index Name": "movie_id_movie_info_idx", "Relation Name": "movie_info_idx", "Alias": "mi_idx", "Startup Cost": 0.0, "Total Cost": 0.53, "Plan Rows": 2, "Plan Width": 13, "Actual Min Startup Time": 530.603, "Actual Max Startup Time": 530.603, "Actual Min Total Time": 647.551, "Actual Max Total Time": 647.551, "Index Cond": "(movie_id = mi.movie_id)", "Rows Removed by Index Recheck": 0, "Actual Rows": 307785}], "Actual Rows": 307785}, {"Node Type": "Hash", "Parent Relationship": "Inner", "Startup Cost": 2.4, "Total Cost": 2.4, "Plan Rows": 1, "Plan Width": 4, "Actual Min Startup Time": 0.09, "Actual Max Startup Time": 0.09, "Actual Min Total Time": 0.09, "Actual Max Total Time": 0.09, "Max Hash Buckets": 32768, "Min Hash Buckets": 32768, "Max Hash Batches": 1, "Min Hash Batches": 1, "Max Original Hash Batches": 1, "Min Original Hash Batches": 1, "Max Peak Memory Usage": 1, "min Peak Memory Usage": 1, "Plans": [{"Node Type": "Seq Scan", "Parent Relationship": "Outer", "Relation Name": "info_type", "Alias": "it2", "Startup Cost": 0.0, "Total Cost": 2.4, "Plan Rows": 1, "Plan Width": 4, "Actual Min Startup Time": 0.075, "Actual Max Startup Time": 0.075, "Actual Min Total Time": 0.08, "Actual Max Total Time": 0.08, "Filter": "((info)::text = 'votes'::text)", "Rows Removed by Filter": 111, "Actual Rows": 1}], "Actual Rows": 1}], "Actual Rows": 102516}, {"Node Type": "Index Scan", "Parent Relationship": "Inner", "Scan Direction": "Forward", "Index Name": "title_pkey", "Relation Name": "title", "Alias": "t", "Startup Cost": 0.0, "Total Cost": 0.4, "Plan Rows": 1, "Plan Width": 21, "Actual Min Startup Time": 424.957, "Actual Max Startup Time": 424.957, "Actual Min Total Time": 424.957, "Actual Max Total Time": 424.957, "Index Cond": "(id = mi_idx.movie_id)", "Rows Removed by Index Recheck": 0, "Actual Rows": 102516}], "Actual Rows": 102516}, {"Node Type": "Index Scan", "Parent Relationship": "Inner", "Scan Direction": "Forward", "Index Name": "movie_id_cast_info", "Relation Name": "cast_info", "Alias": "ci", "Startup Cost": 0.0, "Total Cost": 1.01, "Plan Rows": 1, "Plan Width": 8, "Actual Min Startup Time": 6776.626, "Actual Max Startup Time": 6776.626, "Actual Min Total Time": 7948.601, "Actual Max Total Time": 7948.601, "Index Cond": "(movie_id = t.id)", "Rows Removed by Index Recheck": 0, "Filter": "((note)::text = ANY ('{(writer),\"(head writer)\",\"(written by)\",(story),\"(story editor)\"}'::text[]))", "Rows Removed by Filter": 3987641, "Actual Rows": 54155}], "Actual Rows": 54155}, {"Node Type": "Index Scan", "Parent Relationship": "Inner", "Scan Direction": "Forward", "Index Name": "name_pkey", "Relation Name": "name", "Alias": "n", "Startup Cost": 0.0, "Total Cost": 0.49, "Plan Rows": 1, "Plan Width": 4, "Actual Min Startup Time": 341.205, "Actual Max Startup Time": 341.205, "Actual Min Total Time": 341.205, "Actual Max Total Time": 341.205, "Index Cond": "(id = ci.person_id)", "Rows Removed by Index Recheck": 0, "Filter": "((gender)::text = 'm'::text)", "Rows Removed by Filter": 26082, "Actual Rows": 28073}], "Actual Rows": 28073}], "Actual Rows": 1}, "Triggers": [], "Planner Runtime": 47, "Total Runtime": 10270.15, "Unique SQL Id": 3913857139}}, "(64, 65)": {"explain_plan": {"Plan": {"Node Type": "Aggregate", "Strategy": "Plain", "Startup Cost": 169731.13, "Total Cost": 169731.14, "Plan Rows": 1, "Plan Width": 160, "Plans": [{"Node Type": "Nested Loop", "Parent Relationship": "Outer", "Join Type": "Inner", "Startup Cost": 4842.14, "Total Cost": 169720.53, "Plan Rows": 1413, "Plan Width": 64, "Inner Unique": true, "Plans": [{"Node Type": "Nested Loop", "Parent Relationship": "Outer", "Join Type": "Inner", "Startup Cost": 4842.14, "Total Cost": 169141.26, "Plan Rows": 1155, "Plan Width": 68, "Inner Unique": false, "Plans": [{"Node Type": "Nested Loop", "Parent Relationship": "Outer", "Join Type": "Inner", "Startup Cost": 4842.14, "Total Cost": 168079.63, "Plan Rows": 1044, "Plan Width": 76, "Inner Unique": true, "Join Filter": "(mi.movie_id = t.id)", "Plans": [{"Node Type": "Nested Loop", "Parent Relationship": "Outer", "Join Type": "Inner", "Startup Cost": 4842.14, "Total Cost": 167651.44, "Plan Rows": 1044, "Plan Width": 55, "Inner Unique": true, "Plans": [{"Node Type": "Nested Loop", "Parent Relationship": "Outer", "Join Type": "Inner", "Startup Cost": 4842.14, "Total Cost": 166471.96, "Plan Rows": 4175, "Plan Width": 59, "Inner Unique": false, "Plans": [{"Node Type": "Nested Loop", "Parent Relationship": "Outer", "Join Type": "Inner", "Startup Cost": 4842.14, "Total Cost": 164983.91, "Plan Rows": 2717, "Plan Width": 46, "Inner Unique": false, "Plans": [{"Node Type": "Index Scan", "Parent Relationship": "Outer", "Scan Direction": "Forward", "Index Name": "info_type_pkey", "Relation Name": "info_type", "Alias": "it1", "Startup Cost": 0.0, "Total Cost": 14.21, "Plan Rows": 1, "Plan Width": 4, "Filter": "((info)::text = 'genres'::text)"}, {"Node Type": "Bitmap Heap Scan", "Parent Relationship": "Inner", "Relation Name": "movie_info", "Alias": "mi", "Startup Cost": 4842.14, "Total Cost": 164942.53, "Plan Rows": 2717, "Plan Width": 50, "Recheck Cond": "(info_type_id = it1.id)", "Filter": "((info)::text = ANY ('{Horror,Action,Sci-Fi,Thriller,Crime,War}'::text[]))", "Plans": [{"Node Type": "Bitmap Index Scan", "Parent Relationship": "Outer", "Index Name": "info_type_id_movie_info", "Startup Cost": 0.0, "Total Cost": 4841.46, "Plan Rows": 212428, "Plan Width": 0, "Index Cond": "(info_type_id = it1.id)"}]}]}, {"Node Type": "Index Scan", "Parent Relationship": "Inner", "Scan Direction": "Forward", "Index Name": "movie_id_movie_info_idx", "Relation Name": "movie_info_idx", "Alias": "mi_idx", "Startup Cost": 0.0, "Total Cost": 0.53, "Plan Rows": 2, "Plan Width": 13, "Index Cond": "(movie_id = mi.movie_id)"}]}, {"Node Type": "Index Scan", "Parent Relationship": "Inner", "Scan Direction": "Forward", "Index Name": "info_type_pkey", "Relation Name": "info_type", "Alias": "it2", "Startup Cost": 0.0, "Total Cost": 0.27, "Plan Rows": 1, "Plan Width": 4, "Index Cond": "(id = mi_idx.info_type_id)", "Filter": "((info)::text = 'votes'::text)"}]}, {"Node Type": "Index Scan", "Parent Relationship": "Inner", "Scan Direction": "Forward", "Index Name": "title_pkey", "Relation Name": "title", "Alias": "t", "Startup Cost": 0.0, "Total Cost": 0.4, "Plan Rows": 1, "Plan Width": 21, "Index Cond": "(id = mi_idx.movie_id)"}]}, {"Node Type": "Index Scan", "Parent Relationship": "Inner", "Scan Direction": "Forward", "Index Name": "movie_id_cast_info", "Relation Name": "cast_info", "Alias": "ci", "Startup Cost": 0.0, "Total Cost": 1.01, "Plan Rows": 1, "Plan Width": 8, "Index Cond": "(movie_id = t.id)", "Filter": "((note)::text = ANY ('{(writer),\"(head writer)\",\"(written by)\",(story),\"(story editor)\"}'::text[]))"}]}, {"Node Type": "Index Scan", "Parent Relationship": "Inner", "Scan Direction": "Forward", "Index Name": "name_pkey", "Relation Name": "name", "Alias": "n", "Startup Cost": 0.0, "Total Cost": 0.49, "Plan Rows": 1, "Plan Width": 4, "Index Cond": "(id = ci.person_id)", "Filter": "((gender)::text = 'm'::text)"}]}]}, "Unique SQL Id": 3913857139, "Planner Runtime": 31}, "explain_analyze_plan": {"Plan": {"Node Type": "Aggregate", "Strategy": "Plain", "Startup Cost": 169731.13, "Total Cost": 169731.14, "Plan Rows": 1, "Plan Width": 160, "Actual Startup Time": 12278.419, "Actual Total Time": 12278.419, "Actual Rows": 1, "Actual Loops": 1, "Plans": [{"Node Type": "Nested Loop", "Parent Relationship": "Outer", "Join Type": "Inner", "Startup Cost": 4842.14, "Total Cost": 169720.53, "Plan Rows": 1413, "Plan Width": 64, "Actual Startup Time": 189.228, "Actual Total Time": 12238.76, "Actual Rows": 28073, "Actual Loops": 1, "Inner Unique": true, "Plans": [{"Node Type": "Nested Loop", "Parent Relationship": "Outer", "Join Type": "Inner", "Startup Cost": 4842.14, "Total Cost": 169141.26, "Plan Rows": 1155, "Plan Width": 68, "Actual Startup Time": 186.782, "Actual Total Time": 11830.548, "Actual Rows": 54155, "Actual Loops": 1, "Inner Unique": false, "Plans": [{"Node Type": "Nested Loop", "Parent Relationship": "Outer", "Join Type": "Inner", "Startup Cost": 4842.14, "Total Cost": 168079.63, "Plan Rows": 1044, "Plan Width": 76, "Actual Startup Time": 183.875, "Actual Total Time": 3307.953, "Actual Rows": 102516, "Actual Loops": 1, "Inner Unique": true, "Join Filter": "(mi.movie_id = t.id)", "Rows Removed by Join Filter": 0, "Plans": [{"Node Type": "Nested Loop", "Parent Relationship": "Outer", "Join Type": "Inner", "Startup Cost": 4842.14, "Total Cost": 167651.44, "Plan Rows": 1044, "Plan Width": 55, "Actual Startup Time": 183.855, "Actual Total Time": 2757.508, "Actual Rows": 102516, "Actual Loops": 1, "Inner Unique": true, "Plans": [{"Node Type": "Nested Loop", "Parent Relationship": "Outer", "Join Type": "Inner", "Startup Cost": 4842.14, "Total Cost": 166471.96, "Plan Rows": 4175, "Plan Width": 59, "Actual Startup Time": 183.831, "Actual Total Time": 2013.762, "Actual Rows": 307785, "Actual Loops": 1, "Inner Unique": false, "Plans": [{"Node Type": "Nested Loop", "Parent Relationship": "Outer", "Join Type": "Inner", "Startup Cost": 4842.14, "Total Cost": 164983.91, "Plan Rows": 2717, "Plan Width": 46, "Actual Startup Time": 183.795, "Actual Total Time": 1165.444, "Actual Rows": 186594, "Actual Loops": 1, "Inner Unique": false, "Plans": [{"Node Type": "Index Scan", "Parent Relationship": "Outer", "Scan Direction": "Forward", "Index Name": "info_type_pkey", "Relation Name": "info_type", "Alias": "it1", "Startup Cost": 0.0, "Total Cost": 14.21, "Plan Rows": 1, "Plan Width": 4, "Actual Startup Time": 0.04, "Actual Total Time": 0.092, "Actual Rows": 1, "Actual Loops": 1, "Filter": "((info)::text = 'genres'::text)", "Rows Removed by Filter": 111}, {"Node Type": "Bitmap Heap Scan", "Parent Relationship": "Inner", "Relation Name": "movie_info", "Alias": "mi", "Startup Cost": 4842.14, "Total Cost": 164942.53, "Plan Rows": 2717, "Plan Width": 50, "Actual Startup Time": 183.744, "Actual Total Time": 1120.521, "Actual Rows": 186594, "Actual Loops": 1, "Recheck Cond": "(info_type_id = it1.id)", "Rows Removed by Index Recheck": 0, "Filter": "((info)::text = ANY ('{Horror,Action,Sci-Fi,Thriller,Crime,War}'::text[]))", "Rows Removed by Filter": 1347315, "Exact Heap Blocks": 7426, "Lossy Heap Blocks": 7426, "Plans": [{"Node Type": "Bitmap Index Scan", "Parent Relationship": "Outer", "Index Name": "info_type_id_movie_info", "Startup Cost": 0.0, "Total Cost": 4841.46, "Plan Rows": 212428, "Plan Width": 0, "Actual Startup Time": 182.362, "Actual Total Time": 182.362, "Actual Rows": 1533909, "Actual Loops": 1, "Index Cond": "(info_type_id = it1.id)"}]}]}, {"Node Type": "Index Scan", "Parent Relationship": "Inner", "Scan Direction": "Forward", "Index Name": "movie_id_movie_info_idx", "Relation Name": "movie_info_idx", "Alias": "mi_idx", "Startup Cost": 0.0, "Total Cost": 0.53, "Plan Rows": 2, "Plan Width": 13, "Actual Startup Time": 549.041, "Actual Total Time": 674.8, "Actual Rows": 307785, "Actual Loops": 186594, "Index Cond": "(movie_id = mi.movie_id)", "Rows Removed by Index Recheck": 0}]}, {"Node Type": "Index Scan", "Parent Relationship": "Inner", "Scan Direction": "Forward", "Index Name": "info_type_pkey", "Relation Name": "info_type", "Alias": "it2", "Startup Cost": 0.0, "Total Cost": 0.27, "Plan Rows": 1, "Plan Width": 4, "Actual Startup Time": 563.242, "Actual Total Time": 563.242, "Actual Rows": 102516, "Actual Loops": 307785, "Index Cond": "(id = mi_idx.info_type_id)", "Rows Removed by Index Recheck": 0, "Filter": "((info)::text = 'votes'::text)", "Rows Removed by Filter": 205269}]}, {"Node Type": "Index Scan", "Parent Relationship": "Inner", "Scan Direction": "Forward", "Index Name": "title_pkey", "Relation Name": "title", "Alias": "t", "Startup Cost": 0.0, "Total Cost": 0.4, "Plan Rows": 1, "Plan Width": 21, "Actual Startup Time": 433.373, "Actual Total Time": 433.373, "Actual Rows": 102516, "Actual Loops": 102516, "Index Cond": "(id = mi_idx.movie_id)", "Rows Removed by Index Recheck": 0}]}, {"Node Type": "Index Scan", "Parent Relationship": "Inner", "Scan Direction": "Forward", "Index Name": "movie_id_cast_info", "Relation Name": "cast_info", "Alias": "ci", "Startup Cost": 0.0, "Total Cost": 1.01, "Plan Rows": 1, "Plan Width": 8, "Actual Startup Time": 7204.574, "Actual Total Time": 8452.357, "Actual Rows": 54155, "Actual Loops": 102516, "Index Cond": "(movie_id = t.id)", "Rows Removed by Index Recheck": 0, "Filter": "((note)::text = ANY ('{(writer),\"(head writer)\",\"(written by)\",(story),\"(story editor)\"}'::text[]))", "Rows Removed by Filter": 3987641}]}, {"Node Type": "Index Scan", "Parent Relationship": "Inner", "Scan Direction": "Forward", "Index Name": "name_pkey", "Relation Name": "name", "Alias": "n", "Startup Cost": 0.0, "Total Cost": 0.49, "Plan Rows": 1, "Plan Width": 4, "Actual Startup Time": 361.413, "Actual Total Time": 361.413, "Actual Rows": 28073, "Actual Loops": 54155, "Index Cond": "(id = ci.person_id)", "Rows Removed by Index Recheck": 0, "Filter": "((gender)::text = 'm'::text)", "Rows Removed by Filter": 26082}]}]}, "Triggers": [], "Planner Runtime": 18, "Total Runtime": 12278.868, "Unique SQL Id": 3913857139}}, "(64, 66)": {"explain_plan": {"Plan": {"Node Type": "Aggregate", "Strategy": "Plain", "Startup Cost": 100417.54, "Total Cost": 100417.55, "Plan Rows": 1, "Plan Width": 160, "Plans": [{"Node Type": "Nested Loop", "Parent Relationship": "Outer", "Join Type": "Inner", "Startup Cost": 6.3, "Total Cost": 100406.94, "Plan Rows": 1413, "Plan Width": 64, "Inner Unique": true, "Plans": [{"Node Type": "Nested Loop", "Parent Relationship": "Outer", "Join Type": "Inner", "Startup Cost": 5.99, "Total Cost": 95401.52, "Plan Rows": 1155, "Plan Width": 68, "Inner Unique": false, "Plans": [{"Node Type": "Nested Loop", "Parent Relationship": "Outer", "Join Type": "Inner", "Startup Cost": 5.48, "Total Cost": 90558.85, "Plan Rows": 1044, "Plan Width": 76, "Inner Unique": true, "Join Filter": "(mi.movie_id = t.id)", "Plans": [{"Node Type": "Hash Join", "Parent Relationship": "Outer", "Join Type": "Inner", "Startup Cost": 5.19, "Total Cost": 86059.66, "Plan Rows": 1044, "Plan Width": 55, "Inner Unique": true, "Hash Cond": "(mi_idx.info_type_id = it2.id)", "Plans": [{"Node Type": "Nested Loop", "Parent Relationship": "Outer", "Join Type": "Inner", "Startup Cost": 2.78, "Total Cost": 86036.34, "Plan Rows": 4175, "Plan Width": 59, "Inner Unique": false, "Plans": [{"Node Type": "Hash Join", "Parent Relationship": "Outer", "Join Type": "Inner", "Startup Cost": 2.41, "Total Cost": 74048.91, "Plan Rows": 2717, "Plan Width": 46, "Inner Unique": true, "Hash Cond": "(mi.info_type_id = it1.id)", "Plans": [{"Node Type": "Streaming(type: LOCAL GATHER dop: 1/64)", "Parent Relationship": "Outer", "Startup Cost": 0.0, "Total Cost": 73306.19, "Plan Rows": 190170, "Plan Width": 50, "Plans": [{"Node Type": "Seq Scan", "Parent Relationship": "Outer", "Relation Name": "movie_info", "Alias": "mi", "Startup Cost": 0.0, "Total Cost": 69383.01, "Plan Rows": 190170, "Plan Width": 50, "Filter": "((info)::text = ANY ('{Horror,Action,Sci-Fi,Thriller,Crime,War}'::text[]))"}]}, {"Node Type": "Hash", "Parent Relationship": "Inner", "Startup Cost": 2.4, "Total Cost": 2.4, "Plan Rows": 1, "Plan Width": 4, "Plans": [{"Node Type": "Seq Scan", "Parent Relationship": "Outer", "Relation Name": "info_type", "Alias": "it1", "Startup Cost": 0.0, "Total Cost": 2.4, "Plan Rows": 1, "Plan Width": 4, "Filter": "((info)::text = 'genres'::text)"}]}]}, {"Node Type": "Bitmap Heap Scan", "Parent Relationship": "Inner", "Relation Name": "movie_info_idx", "Alias": "mi_idx", "Startup Cost": 0.37, "Total Cost": 4.39, "Plan Rows": 2, "Plan Width": 13, "Recheck Cond": "(movie_id = mi.movie_id)", "Plans": [{"Node Type": "Bitmap Index Scan", "Parent Relationship": "Outer", "Index Name": "movie_id_movie_info_idx", "Startup Cost": 0.0, "Total Cost": 0.37, "Plan Rows": 2, "Plan Width": 0, "Index Cond": "(movie_id = mi.movie_id)"}]}]}, {"Node Type": "Hash", "Parent Relationship": "Inner", "Startup Cost": 2.4, "Total Cost": 2.4, "Plan Rows": 1, "Plan Width": 4, "Plans": [{"Node Type": "Seq Scan", "Parent Relationship": "Outer", "Relation Name": "info_type", "Alias": "it2", "Startup Cost": 0.0, "Total Cost": 2.4, "Plan Rows": 1, "Plan Width": 4, "Filter": "((info)::text = 'votes'::text)"}]}]}, {"Node Type": "Bitmap Heap Scan", "Parent Relationship": "Inner", "Relation Name": "title", "Alias": "t", "Startup Cost": 0.28, "Total Cost": 4.3, "Plan Rows": 1, "Plan Width": 21, "Recheck Cond": "(id = mi_idx.movie_id)", "Plans": [{"Node Type": "Bitmap Index Scan", "Parent Relationship": "Outer", "Index Name": "title_pkey", "Startup Cost": 0.0, "Total Cost": 0.28, "Plan Rows": 1, "Plan Width": 0, "Index Cond": "(id = mi_idx.movie_id)"}]}]}, {"Node Type": "Bitmap Heap Scan", "Parent Relationship": "Inner", "Relation Name": "cast_info", "Alias": "ci", "Startup Cost": 0.52, "Total Cost": 4.63, "Plan Rows": 1, "Plan Width": 8, "Recheck Cond": "(movie_id = t.id)", "Filter": "((note)::text = ANY ('{(writer),\"(head writer)\",\"(written by)\",(story),\"(story editor)\"}'::text[]))", "Plans": [{"Node Type": "Bitmap Index Scan", "Parent Relationship": "Outer", "Index Name": "movie_id_cast_info", "Startup Cost": 0.0, "Total Cost": 0.52, "Plan Rows": 6, "Plan Width": 0, "Index Cond": "(movie_id = t.id)"}]}]}, {"Node Type": "Bitmap Heap Scan", "Parent Relationship": "Inner", "Relation Name": "name", "Alias": "n", "Startup Cost": 0.31, "Total Cost": 4.32, "Plan Rows": 1, "Plan Width": 4, "Recheck Cond": "(id = ci.person_id)", "Filter": "((gender)::text = 'm'::text)", "Plans": [{"Node Type": "Bitmap Index Scan", "Parent Relationship": "Outer", "Index Name": "name_pkey", "Startup Cost": 0.0, "Total Cost": 0.31, "Plan Rows": 1, "Plan Width": 0, "Index Cond": "(id = ci.person_id)"}]}]}]}, "Unique SQL Id": 3913857139, "Planner Runtime": 70}, "explain_analyze_plan": {"Plan": {"Node Type": "Aggregate", "Strategy": "Plain", "Startup Cost": 100417.54, "Total Cost": 100417.55, "Plan Rows": 1, "Plan Width": 160, "Actual Min Startup Time": 12824.084, "Actual Max Startup Time": 12824.084, "Actual Min Total Time": 12824.084, "Actual Max Total Time": 12824.084, "Plans": [{"Node Type": "Nested Loop", "Parent Relationship": "Outer", "Join Type": "Inner", "Startup Cost": 6.3, "Total Cost": 100406.94, "Plan Rows": 1413, "Plan Width": 64, "Actual Min Startup Time": 166.533, "Actual Max Startup Time": 166.533, "Actual Min Total Time": 12770.546, "Actual Max Total Time": 12770.546, "Inner Unique": true, "Plans": [{"Node Type": "Nested Loop", "Parent Relationship": "Outer", "Join Type": "Inner", "Startup Cost": 5.99, "Total Cost": 95401.52, "Plan Rows": 1155, "Plan Width": 68, "Actual Min Startup Time": 166.503, "Actual Max Startup Time": 166.503, "Actual Min Total Time": 12261.602, "Actual Max Total Time": 12261.602, "Inner Unique": false, "Plans": [{"Node Type": "Nested Loop", "Parent Relationship": "Outer", "Join Type": "Inner", "Startup Cost": 5.48, "Total Cost": 90558.85, "Plan Rows": 1044, "Plan Width": 76, "Actual Min Startup Time": 166.229, "Actual Max Startup Time": 166.229, "Actual Min Total Time": 2368.519, "Actual Max Total Time": 2368.519, "Inner Unique": true, "Join Filter": "(mi.movie_id = t.id)", "Rows Removed by Join Filter": 0, "Plans": [{"Node Type": "Hash Join", "Parent Relationship": "Outer", "Join Type": "Inner", "Startup Cost": 5.19, "Total Cost": 86059.66, "Plan Rows": 1044, "Plan Width": 55, "Actual Min Startup Time": 166.203, "Actual Max Startup Time": 166.203, "Actual Min Total Time": 1622.728, "Actual Max Total Time": 1622.728, "Inner Unique": true, "Hash Cond": "(mi_idx.info_type_id = it2.id)", "Plans": [{"Node Type": "Nested Loop", "Parent Relationship": "Outer", "Join Type": "Inner", "Startup Cost": 2.78, "Total Cost": 86036.34, "Plan Rows": 4175, "Plan Width": 59, "Actual Min Startup Time": 166.039, "Actual Max Startup Time": 166.039, "Actual Min Total Time": 1516.368, "Actual Max Total Time": 1516.368, "Inner Unique": false, "Plans": [{"Node Type": "Hash Join", "Parent Relationship": "Outer", "Join Type": "Inner", "Startup Cost": 2.41, "Total Cost": 74048.91, "Plan Rows": 2717, "Plan Width": 46, "Actual Min Startup Time": 165.982, "Actual Max Startup Time": 165.982, "Actual Min Total Time": 373.406, "Actual Max Total Time": 373.406, "Inner Unique": true, "Hash Cond": "(mi.info_type_id = it1.id)", "Plans": [{"Node Type": "Streaming(type: LOCAL GATHER dop: 1/64)", "Parent Relationship": "Outer", "Startup Cost": 0.0, "Total Cost": 73306.19, "Plan Rows": 190170, "Plan Width": 50, "Actual Min Startup Time": 144.483, "Actual Max Startup Time": 144.483, "Actual Min Total Time": 257.234, "Actual Max Total Time": 257.234, "Plans": [{"Node Type": "Seq Scan", "Parent Relationship": "Outer", "Relation Name": "movie_info", "Alias": "mi", "Startup Cost": 0.0, "Total Cost": 69383.01, "Plan Rows": 190170, "Plan Width": 50, "Actual Min Startup Time": 55.446, "Actual Max Startup Time": 109.421, "Actual Min Total Time": 109.799, "Actual Max Total Time": 124.966, "Filter": "((info)::text = ANY ('{Horror,Action,Sci-Fi,Thriller,Crime,War}'::text[]))", "Rows Removed by Filter": 14646748, "Actual Rows": 188971}], "Actual Rows": 188971}, {"Node Type": "Hash", "Parent Relationship": "Inner", "Startup Cost": 2.4, "Total Cost": 2.4, "Plan Rows": 1, "Plan Width": 4, "Actual Min Startup Time": 0.053, "Actual Max Startup Time": 0.053, "Actual Min Total Time": 0.053, "Actual Max Total Time": 0.053, "Max Hash Buckets": 32768, "Min Hash Buckets": 32768, "Max Hash Batches": 1, "Min Hash Batches": 1, "Max Original Hash Batches": 1, "Min Original Hash Batches": 1, "Max Peak Memory Usage": 1, "min Peak Memory Usage": 1, "Plans": [{"Node Type": "Seq Scan", "Parent Relationship": "Outer", "Relation Name": "info_type", "Alias": "it1", "Startup Cost": 0.0, "Total Cost": 2.4, "Plan Rows": 1, "Plan Width": 4, "Actual Min Startup Time": 0.028, "Actual Max Startup Time": 0.028, "Actual Min Total Time": 0.05, "Actual Max Total Time": 0.05, "Filter": "((info)::text = 'genres'::text)", "Rows Removed by Filter": 111, "Actual Rows": 1}], "Actual Rows": 1}], "Actual Rows": 186594}, {"Node Type": "Bitmap Heap Scan", "Parent Relationship": "Inner", "Relation Name": "movie_info_idx", "Alias": "mi_idx", "Startup Cost": 0.37, "Total Cost": 4.39, "Plan Rows": 2, "Plan Width": 13, "Actual Min Startup Time": 781.239, "Actual Max Startup Time": 781.239, "Actual Min Total Time": 826.519, "Actual Max Total Time": 826.519, "Recheck Cond": "(movie_id = mi.movie_id)", "Rows Removed by Index Recheck": 0, "Exact Heap Blocks": 103610, "Lossy Heap Blocks": 103610, "Plans": [{"Node Type": "Bitmap Index Scan", "Parent Relationship": "Outer", "Index Name": "movie_id_movie_info_idx", "Startup Cost": 0.0, "Total Cost": 0.37, "Plan Rows": 2, "Plan Width": 0, "Actual Min Startup Time": 528.133, "Actual Max Startup Time": 528.133, "Actual Min Total Time": 528.133, "Actual Max Total Time": 528.133, "Index Cond": "(movie_id = mi.movie_id)", "Actual Rows": 307785}], "Actual Rows": 307785}], "Actual Rows": 307785}, {"Node Type": "Hash", "Parent Relationship": "Inner", "Startup Cost": 2.4, "Total Cost": 2.4, "Plan Rows": 1, "Plan Width": 4, "Actual Min Startup Time": 0.096, "Actual Max Startup Time": 0.096, "Actual Min Total Time": 0.096, "Actual Max Total Time": 0.096, "Max Hash Buckets": 32768, "Min Hash Buckets": 32768, "Max Hash Batches": 1, "Min Hash Batches": 1, "Max Original Hash Batches": 1, "Min Original Hash Batches": 1, "Max Peak Memory Usage": 1, "min Peak Memory Usage": 1, "Plans": [{"Node Type": "Seq Scan", "Parent Relationship": "Outer", "Relation Name": "info_type", "Alias": "it2", "Startup Cost": 0.0, "Total Cost": 2.4, "Plan Rows": 1, "Plan Width": 4, "Actual Min Startup Time": 0.077, "Actual Max Startup Time": 0.077, "Actual Min Total Time": 0.083, "Actual Max Total Time": 0.083, "Filter": "((info)::text = 'votes'::text)", "Rows Removed by Filter": 111, "Actual Rows": 1}], "Actual Rows": 1}], "Actual Rows": 102516}, {"Node Type": "Bitmap Heap Scan", "Parent Relationship": "Inner", "Relation Name": "title", "Alias": "t", "Startup Cost": 0.28, "Total Cost": 4.3, "Plan Rows": 1, "Plan Width": 21, "Actual Min Startup Time": 566.317, "Actual Max Startup Time": 566.317, "Actual Min Total Time": 566.317, "Actual Max Total Time": 566.317, "Recheck Cond": "(id = mi_idx.movie_id)", "Rows Removed by Index Recheck": 0, "Exact Heap Blocks": 102516, "Lossy Heap Blocks": 102516, "Plans": [{"Node Type": "Bitmap Index Scan", "Parent Relationship": "Outer", "Index Name": "title_pkey", "Startup Cost": 0.0, "Total Cost": 0.28, "Plan Rows": 1, "Plan Width": 0, "Actual Min Startup Time": 307.396, "Actual Max Startup Time": 307.396, "Actual Min Total Time": 307.396, "Actual Max Total Time": 307.396, "Index Cond": "(id = mi_idx.movie_id)", "Actual Rows": 102516}], "Actual Rows": 102516}], "Actual Rows": 102516}, {"Node Type": "Bitmap Heap Scan", "Parent Relationship": "Inner", "Relation Name": "cast_info", "Alias": "ci", "Startup Cost": 0.52, "Total Cost": 4.63, "Plan Rows": 1, "Plan Width": 8, "Actual Min Startup Time": 8426.528, "Actual Max Startup Time": 8426.528, "Actual Min Total Time": 9728.122, "Actual Max Total Time": 9728.122, "Recheck Cond": "(movie_id = t.id)", "Rows Removed by Index Recheck": 0, "Filter": "((note)::text = ANY ('{(writer),\"(head writer)\",\"(written by)\",(story),\"(story editor)\"}'::text[]))", "Rows Removed by Filter": 3987641, "Exact Heap Blocks": 3901088, "Lossy Heap Blocks": 3901088, "Plans": [{"Node Type": "Bitmap Index Scan", "Parent Relationship": "Outer", "Index Name": "movie_id_cast_info", "Startup Cost": 0.0, "Total Cost": 0.52, "Plan Rows": 6, "Plan Width": 0, "Actual Min Startup Time": 1075.542, "Actual Max Startup Time": 1075.542, "Actual Min Total Time": 1075.542, "Actual Max Total Time": 1075.542, "Index Cond": "(movie_id = t.id)", "Actual Rows": 4041796}], "Actual Rows": 54155}], "Actual Rows": 54155}, {"Node Type": "Bitmap Heap Scan", "Parent Relationship": "Inner", "Relation Name": "name", "Alias": "n", "Startup Cost": 0.31, "Total Cost": 4.32, "Plan Rows": 1, "Plan Width": 4, "Actual Min Startup Time": 417.996, "Actual Max Startup Time": 417.996, "Actual Min Total Time": 417.996, "Actual Max Total Time": 417.996, "Recheck Cond": "(id = ci.person_id)", "Rows Removed by Index Recheck": 0, "Filter": "((gender)::text = 'm'::text)", "Rows Removed by Filter": 26082, "Exact Heap Blocks": 54155, "Lossy Heap Blocks": 54155, "Plans": [{"Node Type": "Bitmap Index Scan", "Parent Relationship": "Outer", "Index Name": "name_pkey", "Startup Cost": 0.0, "Total Cost": 0.31, "Plan Rows": 1, "Plan Width": 0, "Actual Min Startup Time": 264.632, "Actual Max Startup Time": 264.632, "Actual Min Total Time": 264.632, "Actual Max Total Time": 264.632, "Index Cond": "(id = ci.person_id)", "Actual Rows": 54155}], "Actual Rows": 28073}], "Actual Rows": 28073}], "Actual Rows": 1}, "Triggers": [], "Planner Runtime": 56, "Total Runtime": 12835.644, "Unique SQL Id": 3913857139}}, "(64, 67)": {"explain_plan": {"Plan": {"Node Type": "Aggregate", "Strategy": "Plain", "Startup Cost": 191364.35, "Total Cost": 191364.36, "Plan Rows": 1, "Plan Width": 160, "Plans": [{"Node Type": "Nested Loop", "Parent Relationship": "Outer", "Join Type": "Inner", "Startup Cost": 4866.65, "Total Cost": 191353.75, "Plan Rows": 1413, "Plan Width": 64, "Inner Unique": true, "Plans": [{"Node Type": "Nested Loop", "Parent Relationship": "Outer", "Join Type": "Inner", "Startup Cost": 4866.34, "Total Cost": 186348.33, "Plan Rows": 1155, "Plan Width": 68, "Inner Unique": false, "Plans": [{"Node Type": "Nested Loop", "Parent Relationship": "Outer", "Join Type": "Inner", "Startup Cost": 4865.82, "Total Cost": 181505.66, "Plan Rows": 1044, "Plan Width": 76, "Inner Unique": true, "Join Filter": "(mi.movie_id = t.id)", "Plans": [{"Node Type": "Hash Join", "Parent Relationship": "Outer", "Join Type": "Inner", "Startup Cost": 4865.54, "Total Cost": 177006.47, "Plan Rows": 1044, "Plan Width": 55, "Inner Unique": true, "Hash Cond": "(mi_idx.info_type_id = it2.id)", "Plans": [{"Node Type": "Nested Loop", "Parent Relationship": "Outer", "Join Type": "Inner", "Startup Cost": 4851.32, "Total Cost": 176971.34, "Plan Rows": 4175, "Plan Width": 59, "Inner Unique": false, "Plans": [{"Node Type": "Nested Loop", "Parent Relationship": "Outer", "Join Type": "Inner", "Startup Cost": 4850.95, "Total Cost": 164983.91, "Plan Rows": 2717, "Plan Width": 46, "Inner Unique": false, "Plans": [{"Node Type": "Bitmap Heap Scan", "Parent Relationship": "Outer", "Relation Name": "info_type", "Alias": "it1", "Startup Cost": 8.81, "Total Cost": 14.21, "Plan Rows": 1, "Plan Width": 4, "Filter": "((info)::text = 'genres'::text)", "Plans": [{"Node Type": "Bitmap Index Scan", "Parent Relationship": "Outer", "Index Name": "info_type_pkey", "Startup Cost": 0.0, "Total Cost": 8.81, "Plan Rows": 112, "Plan Width": 0}]}, {"Node Type": "Bitmap Heap Scan", "Parent Relationship": "Inner", "Relation Name": "movie_info", "Alias": "mi", "Startup Cost": 4842.14, "Total Cost": 164942.53, "Plan Rows": 2717, "Plan Width": 50, "Recheck Cond": "(info_type_id = it1.id)", "Filter": "((info)::text = ANY ('{Horror,Action,Sci-Fi,Thriller,Crime,War}'::text[]))", "Plans": [{"Node Type": "Bitmap Index Scan", "Parent Relationship": "Outer", "Index Name": "info_type_id_movie_info", "Startup Cost": 0.0, "Total Cost": 4841.46, "Plan Rows": 212428, "Plan Width": 0, "Index Cond": "(info_type_id = it1.id)"}]}]}, {"Node Type": "Bitmap Heap Scan", "Parent Relationship": "Inner", "Relation Name": "movie_info_idx", "Alias": "mi_idx", "Startup Cost": 0.37, "Total Cost": 4.39, "Plan Rows": 2, "Plan Width": 13, "Recheck Cond": "(movie_id = mi.movie_id)", "Plans": [{"Node Type": "Bitmap Index Scan", "Parent Relationship": "Outer", "Index Name": "movie_id_movie_info_idx", "Startup Cost": 0.0, "Total Cost": 0.37, "Plan Rows": 2, "Plan Width": 0, "Index Cond": "(movie_id = mi.movie_id)"}]}]}, {"Node Type": "Hash", "Parent Relationship": "Inner", "Startup Cost": 14.21, "Total Cost": 14.21, "Plan Rows": 1, "Plan Width": 4, "Plans": [{"Node Type": "Bitmap Heap Scan", "Parent Relationship": "Outer", "Relation Name": "info_type", "Alias": "it2", "Startup Cost": 8.81, "Total Cost": 14.21, "Plan Rows": 1, "Plan Width": 4, "Filter": "((info)::text = 'votes'::text)", "Plans": [{"Node Type": "Bitmap Index Scan", "Parent Relationship": "Outer", "Index Name": "info_type_pkey", "Startup Cost": 0.0, "Total Cost": 8.81, "Plan Rows": 112, "Plan Width": 0}]}]}]}, {"Node Type": "Bitmap Heap Scan", "Parent Relationship": "Inner", "Relation Name": "title", "Alias": "t", "Startup Cost": 0.28, "Total Cost": 4.3, "Plan Rows": 1, "Plan Width": 21, "Recheck Cond": "(id = mi_idx.movie_id)", "Plans": [{"Node Type": "Bitmap Index Scan", "Parent Relationship": "Outer", "Index Name": "title_pkey", "Startup Cost": 0.0, "Total Cost": 0.28, "Plan Rows": 1, "Plan Width": 0, "Index Cond": "(id = mi_idx.movie_id)"}]}]}, {"Node Type": "Bitmap Heap Scan", "Parent Relationship": "Inner", "Relation Name": "cast_info", "Alias": "ci", "Startup Cost": 0.52, "Total Cost": 4.63, "Plan Rows": 1, "Plan Width": 8, "Recheck Cond": "(movie_id = t.id)", "Filter": "((note)::text = ANY ('{(writer),\"(head writer)\",\"(written by)\",(story),\"(story editor)\"}'::text[]))", "Plans": [{"Node Type": "Bitmap Index Scan", "Parent Relationship": "Outer", "Index Name": "movie_id_cast_info", "Startup Cost": 0.0, "Total Cost": 0.52, "Plan Rows": 6, "Plan Width": 0, "Index Cond": "(movie_id = t.id)"}]}]}, {"Node Type": "Bitmap Heap Scan", "Parent Relationship": "Inner", "Relation Name": "name", "Alias": "n", "Startup Cost": 0.31, "Total Cost": 4.32, "Plan Rows": 1, "Plan Width": 4, "Recheck Cond": "(id = ci.person_id)", "Filter": "((gender)::text = 'm'::text)", "Plans": [{"Node Type": "Bitmap Index Scan", "Parent Relationship": "Outer", "Index Name": "name_pkey", "Startup Cost": 0.0, "Total Cost": 0.31, "Plan Rows": 1, "Plan Width": 0, "Index Cond": "(id = ci.person_id)"}]}]}]}, "Unique SQL Id": 3913857139, "Planner Runtime": 33}, "explain_analyze_plan": {"Plan": {"Node Type": "Aggregate", "Strategy": "Plain", "Startup Cost": 191364.35, "Total Cost": 191364.36, "Plan Rows": 1, "Plan Width": 160, "Actual Startup Time": 13878.478, "Actual Total Time": 13878.479, "Actual Rows": 1, "Actual Loops": 1, "Plans": [{"Node Type": "Nested Loop", "Parent Relationship": "Outer", "Join Type": "Inner", "Startup Cost": 4866.65, "Total Cost": 191353.75, "Plan Rows": 1413, "Plan Width": 64, "Actual Startup Time": 179.959, "Actual Total Time": 13824.008, "Actual Rows": 28073, "Actual Loops": 1, "Inner Unique": true, "Plans": [{"Node Type": "Nested Loop", "Parent Relationship": "Outer", "Join Type": "Inner", "Startup Cost": 4866.34, "Total Cost": 186348.33, "Plan Rows": 1155, "Plan Width": 68, "Actual Startup Time": 177.254, "Actual Total Time": 13307.448, "Actual Rows": 54155, "Actual Loops": 1, "Inner Unique": false, "Plans": [{"Node Type": "Nested Loop", "Parent Relationship": "Outer", "Join Type": "Inner", "Startup Cost": 4865.82, "Total Cost": 181505.66, "Plan Rows": 1044, "Plan Width": 76, "Actual Startup Time": 174.137, "Actual Total Time": 3141.495, "Actual Rows": 102516, "Actual Loops": 1, "Inner Unique": true, "Join Filter": "(mi.movie_id = t.id)", "Rows Removed by Join Filter": 0, "Plans": [{"Node Type": "Hash Join", "Parent Relationship": "Outer", "Join Type": "Inner", "Startup Cost": 4865.54, "Total Cost": 177006.47, "Plan Rows": 1044, "Plan Width": 55, "Actual Startup Time": 174.114, "Actual Total Time": 2402.885, "Actual Rows": 102516, "Actual Loops": 1, "Inner Unique": true, "Hash Cond": "(mi_idx.info_type_id = it2.id)", "Plans": [{"Node Type": "Nested Loop", "Parent Relationship": "Outer", "Join Type": "Inner", "Startup Cost": 4851.32, "Total Cost": 176971.34, "Plan Rows": 4175, "Plan Width": 59, "Actual Startup Time": 173.969, "Actual Total Time": 2288.226, "Actual Rows": 307785, "Actual Loops": 1, "Inner Unique": false, "Plans": [{"Node Type": "Nested Loop", "Parent Relationship": "Outer", "Join Type": "Inner", "Startup Cost": 4850.95, "Total Cost": 164983.91, "Plan Rows": 2717, "Plan Width": 46, "Actual Startup Time": 173.928, "Actual Total Time": 1156.932, "Actual Rows": 186594, "Actual Loops": 1, "Inner Unique": false, "Plans": [{"Node Type": "Bitmap Heap Scan", "Parent Relationship": "Outer", "Relation Name": "info_type", "Alias": "it1", "Startup Cost": 8.81, "Total Cost": 14.21, "Plan Rows": 1, "Plan Width": 4, "Actual Startup Time": 0.032, "Actual Total Time": 0.068, "Actual Rows": 1, "Actual Loops": 1, "Filter": "((info)::text = 'genres'::text)", "Rows Removed by Filter": 111, "Exact Heap Blocks": 1, "Lossy Heap Blocks": 1, "Plans": [{"Node Type": "Bitmap Index Scan", "Parent Relationship": "Outer", "Index Name": "info_type_pkey", "Startup Cost": 0.0, "Total Cost": 8.81, "Plan Rows": 112, "Plan Width": 0, "Actual Startup Time": 0.009, "Actual Total Time": 0.009, "Actual Rows": 112, "Actual Loops": 1}]}, {"Node Type": "Bitmap Heap Scan", "Parent Relationship": "Inner", "Relation Name": "movie_info", "Alias": "mi", "Startup Cost": 4842.14, "Total Cost": 164942.53, "Plan Rows": 2717, "Plan Width": 50, "Actual Startup Time": 173.89, "Actual Total Time": 1112.889, "Actual Rows": 186594, "Actual Loops": 1, "Recheck Cond": "(info_type_id = it1.id)", "Rows Removed by Index Recheck": 0, "Filter": "((info)::text = ANY ('{Horror,Action,Sci-Fi,Thriller,Crime,War}'::text[]))", "Rows Removed by Filter": 1347315, "Exact Heap Blocks": 7426, "Lossy Heap Blocks": 7426, "Plans": [{"Node Type": "Bitmap Index Scan", "Parent Relationship": "Outer", "Index Name": "info_type_id_movie_info", "Startup Cost": 0.0, "Total Cost": 4841.46, "Plan Rows": 212428, "Plan Width": 0, "Actual Startup Time": 172.512, "Actual Total Time": 172.512, "Actual Rows": 1533909, "Actual Loops": 1, "Index Cond": "(info_type_id = it1.id)"}]}]}, {"Node Type": "Bitmap Heap Scan", "Parent Relationship": "Inner", "Relation Name": "movie_info_idx", "Alias": "mi_idx", "Startup Cost": 0.37, "Total Cost": 4.39, "Plan Rows": 2, "Plan Width": 13, "Actual Startup Time": 773.736, "Actual Total Time": 819.813, "Actual Rows": 307785, "Actual Loops": 186594, "Recheck Cond": "(movie_id = mi.movie_id)", "Rows Removed by Index Recheck": 0, "Exact Heap Blocks": 103610, "Lossy Heap Blocks": 103610, "Plans": [{"Node Type": "Bitmap Index Scan", "Parent Relationship": "Outer", "Index Name": "movie_id_movie_info_idx", "Startup Cost": 0.0, "Total Cost": 0.37, "Plan Rows": 2, "Plan Width": 0, "Actual Startup Time": 525.17, "Actual Total Time": 525.17, "Actual Rows": 307785, "Actual Loops": 186594, "Index Cond": "(movie_id = mi.movie_id)"}]}]}, {"Node Type": "Hash", "Parent Relationship": "Inner", "Startup Cost": 14.21, "Total Cost": 14.21, "Plan Rows": 1, "Plan Width": 4, "Actual Startup Time": 0.093, "Actual Total Time": 0.093, "Actual Rows": 1, "Actual Loops": 1, "Hash Buckets": 32768, "Hash Batches": 1, "Original Hash Batches": 1, "Peak Memory Usage": 1, "Plans": [{"Node Type": "Bitmap Heap Scan", "Parent Relationship": "Outer", "Relation Name": "info_type", "Alias": "it2", "Startup Cost": 8.81, "Total Cost": 14.21, "Plan Rows": 1, "Plan Width": 4, "Actual Startup Time": 0.083, "Actual Total Time": 0.087, "Actual Rows": 1, "Actual Loops": 1, "Filter": "((info)::text = 'votes'::text)", "Rows Removed by Filter": 111, "Exact Heap Blocks": 1, "Lossy Heap Blocks": 1, "Plans": [{"Node Type": "Bitmap Index Scan", "Parent Relationship": "Outer", "Index Name": "info_type_pkey", "Startup Cost": 0.0, "Total Cost": 8.81, "Plan Rows": 112, "Plan Width": 0, "Actual Startup Time": 0.015, "Actual Total Time": 0.015, "Actual Rows": 112, "Actual Loops": 1}]}]}]}, {"Node Type": "Bitmap Heap Scan", "Parent Relationship": "Inner", "Relation Name": "title", "Alias": "t", "Startup Cost": 0.28, "Total Cost": 4.3, "Plan Rows": 1, "Plan Width": 21, "Actual Startup Time": 562.239, "Actual Total Time": 562.239, "Actual Rows": 102516, "Actual Loops": 102516, "Recheck Cond": "(id = mi_idx.movie_id)", "Rows Removed by Index Recheck": 0, "Exact Heap Blocks": 102516, "Lossy Heap Blocks": 102516, "Plans": [{"Node Type": "Bitmap Index Scan", "Parent Relationship": "Outer", "Index Name": "title_pkey", "Startup Cost": 0.0, "Total Cost": 0.28, "Plan Rows": 1, "Plan Width": 0, "Actual Startup Time": 308.538, "Actual Total Time": 308.538, "Actual Rows": 102516, "Actual Loops": 102516, "Index Cond": "(id = mi_idx.movie_id)"}]}]}, {"Node Type": "Bitmap Heap Scan", "Parent Relationship": "Inner", "Relation Name": "cast_info", "Alias": "ci", "Startup Cost": 0.52, "Total Cost": 4.63, "Plan Rows": 1, "Plan Width": 8, "Actual Startup Time": 8655.271, "Actual Total Time": 9997.492, "Actual Rows": 54155, "Actual Loops": 102516, "Recheck Cond": "(movie_id = t.id)", "Rows Removed by Index Recheck": 0, "Filter": "((note)::text = ANY ('{(writer),\"(head writer)\",\"(written by)\",(story),\"(story editor)\"}'::text[]))", "Rows Removed by Filter": 3987641, "Exact Heap Blocks": 3901088, "Lossy Heap Blocks": 3901088, "Plans": [{"Node Type": "Bitmap Index Scan", "Parent Relationship": "Outer", "Index Name": "movie_id_cast_info", "Startup Cost": 0.0, "Total Cost": 0.52, "Plan Rows": 6, "Plan Width": 0, "Actual Startup Time": 1076.16, "Actual Total Time": 1076.16, "Actual Rows": 4041796, "Actual Loops": 102516, "Index Cond": "(movie_id = t.id)"}]}]}, {"Node Type": "Bitmap Heap Scan", "Parent Relationship": "Inner", "Relation Name": "name", "Alias": "n", "Startup Cost": 0.31, "Total Cost": 4.32, "Plan Rows": 1, "Plan Width": 4, "Actual Startup Time": 424.814, "Actual Total Time": 424.814, "Actual Rows": 28073, "Actual Loops": 54155, "Recheck Cond": "(id = ci.person_id)", "Rows Removed by Index Recheck": 0, "Filter": "((gender)::text = 'm'::text)", "Rows Removed by Filter": 26082, "Exact Heap Blocks": 54155, "Lossy Heap Blocks": 54155, "Plans": [{"Node Type": "Bitmap Index Scan", "Parent Relationship": "Outer", "Index Name": "name_pkey", "Startup Cost": 0.0, "Total Cost": 0.31, "Plan Rows": 1, "Plan Width": 0, "Actual Startup Time": 271.328, "Actual Total Time": 271.328, "Actual Rows": 54155, "Actual Loops": 54155, "Index Cond": "(id = ci.person_id)"}]}]}]}, "Triggers": [], "Planner Runtime": 17, "Total Runtime": 13878.808, "Unique SQL Id": 3913857139}}, "(64, 68)": {"explain_plan": {"Plan": {"Node Type": "Aggregate", "Strategy": "Plain", "Startup Cost": 77639.97, "Total Cost": 77639.98, "Plan Rows": 1, "Plan Width": 160, "Plans": [{"Node Type": "Nested Loop", "Parent Relationship": "Outer", "Join Type": "Inner", "Startup Cost": 4.83, "Total Cost": 77629.37, "Plan Rows": 1413, "Plan Width": 64, "Inner Unique": true, "Plans": [{"Node Type": "Nested Loop", "Parent Relationship": "Outer", "Join Type": "Inner", "Startup Cost": 4.83, "Total Cost": 77050.1, "Plan Rows": 1155, "Plan Width": 68, "Inner Unique": false, "Plans": [{"Node Type": "Nested Loop", "Parent Relationship": "Outer", "Join Type": "Inner", "Startup Cost": 4.83, "Total Cost": 75988.47, "Plan Rows": 1044, "Plan Width": 76, "Inner Unique": true, "Join Filter": "(mi.movie_id = t.id)", "Plans": [{"Node Type": "Hash Join", "Parent Relationship": "Outer", "Join Type": "Inner", "Startup Cost": 4.83, "Total Cost": 75560.28, "Plan Rows": 1044, "Plan Width": 55, "Inner Unique": true, "Hash Cond": "(mi_idx.info_type_id = it2.id)", "Plans": [{"Node Type": "Nested Loop", "Parent Relationship": "Outer", "Join Type": "Inner", "Startup Cost": 2.41, "Total Cost": 75536.96, "Plan Rows": 4175, "Plan Width": 59, "Inner Unique": false, "Plans": [{"Node Type": "Hash Join", "Parent Relationship": "Outer", "Join Type": "Inner", "Startup Cost": 2.41, "Total Cost": 74048.91, "Plan Rows": 2717, "Plan Width": 46, "Inner Unique": true, "Hash Cond": "(mi.info_type_id = it1.id)", "Plans": [{"Node Type": "Streaming(type: LOCAL GATHER dop: 1/64)", "Parent Relationship": "Outer", "Startup Cost": 0.0, "Total Cost": 73306.19, "Plan Rows": 190170, "Plan Width": 50, "Plans": [{"Node Type": "Seq Scan", "Parent Relationship": "Outer", "Relation Name": "movie_info", "Alias": "mi", "Startup Cost": 0.0, "Total Cost": 69383.01, "Plan Rows": 190170, "Plan Width": 50, "Filter": "((info)::text = ANY ('{Horror,Action,Sci-Fi,Thriller,Crime,War}'::text[]))"}]}, {"Node Type": "Hash", "Parent Relationship": "Inner", "Startup Cost": 2.4, "Total Cost": 2.4, "Plan Rows": 1, "Plan Width": 4, "Plans": [{"Node Type": "Seq Scan", "Parent Relationship": "Outer", "Relation Name": "info_type", "Alias": "it1", "Startup Cost": 0.0, "Total Cost": 2.4, "Plan Rows": 1, "Plan Width": 4, "Filter": "((info)::text = 'genres'::text)"}]}]}, {"Node Type": "Index Scan", "Parent Relationship": "Inner", "Scan Direction": "Forward", "Index Name": "movie_id_movie_info_idx", "Relation Name": "movie_info_idx", "Alias": "mi_idx", "Startup Cost": 0.0, "Total Cost": 0.53, "Plan Rows": 2, "Plan Width": 13, "Index Cond": "(movie_id = mi.movie_id)"}]}, {"Node Type": "Hash", "Parent Relationship": "Inner", "Startup Cost": 2.4, "Total Cost": 2.4, "Plan Rows": 1, "Plan Width": 4, "Plans": [{"Node Type": "Seq Scan", "Parent Relationship": "Outer", "Relation Name": "info_type", "Alias": "it2", "Startup Cost": 0.0, "Total Cost": 2.4, "Plan Rows": 1, "Plan Width": 4, "Filter": "((info)::text = 'votes'::text)"}]}]}, {"Node Type": "Index Scan", "Parent Relationship": "Inner", "Scan Direction": "Forward", "Index Name": "title_pkey", "Relation Name": "title", "Alias": "t", "Startup Cost": 0.0, "Total Cost": 0.4, "Plan Rows": 1, "Plan Width": 21, "Index Cond": "(id = mi_idx.movie_id)"}]}, {"Node Type": "Index Scan", "Parent Relationship": "Inner", "Scan Direction": "Forward", "Index Name": "movie_id_cast_info", "Relation Name": "cast_info", "Alias": "ci", "Startup Cost": 0.0, "Total Cost": 1.01, "Plan Rows": 1, "Plan Width": 8, "Index Cond": "(movie_id = t.id)", "Filter": "((note)::text = ANY ('{(writer),\"(head writer)\",\"(written by)\",(story),\"(story editor)\"}'::text[]))"}]}, {"Node Type": "Index Scan", "Parent Relationship": "Inner", "Scan Direction": "Forward", "Index Name": "name_pkey", "Relation Name": "name", "Alias": "n", "Startup Cost": 0.0, "Total Cost": 0.49, "Plan Rows": 1, "Plan Width": 4, "Index Cond": "(id = ci.person_id)", "Filter": "((gender)::text = 'm'::text)"}]}]}, "Unique SQL Id": 3913857139, "Planner Runtime": 59}, "explain_analyze_plan": {"Plan": {"Node Type": "Aggregate", "Strategy": "Plain", "Startup Cost": 77639.97, "Total Cost": 77639.98, "Plan Rows": 1, "Plan Width": 160, "Actual Min Startup Time": 10259.092, "Actual Max Startup Time": 10259.092, "Actual Min Total Time": 10259.093, "Actual Max Total Time": 10259.093, "Plans": [{"Node Type": "Nested Loop", "Parent Relationship": "Outer", "Join Type": "Inner", "Startup Cost": 4.83, "Total Cost": 77629.37, "Plan Rows": 1413, "Plan Width": 64, "Actual Min Startup Time": 156.083, "Actual Max Startup Time": 156.083, "Actual Min Total Time": 10216.404, "Actual Max Total Time": 10216.404, "Inner Unique": true, "Plans": [{"Node Type": "Nested Loop", "Parent Relationship": "Outer", "Join Type": "Inner", "Startup Cost": 4.83, "Total Cost": 77050.1, "Plan Rows": 1155, "Plan Width": 68, "Actual Min Startup Time": 156.042, "Actual Max Startup Time": 156.042, "Actual Min Total Time": 9827.634, "Actual Max Total Time": 9827.634, "Inner Unique": false, "Plans": [{"Node Type": "Nested Loop", "Parent Relationship": "Outer", "Join Type": "Inner", "Startup Cost": 4.83, "Total Cost": 75988.47, "Plan Rows": 1044, "Plan Width": 76, "Actual Min Startup Time": 155.915, "Actual Max Startup Time": 155.915, "Actual Min Total Time": 1805.705, "Actual Max Total Time": 1805.705, "Inner Unique": true, "Join Filter": "(mi.movie_id = t.id)", "Rows Removed by Join Filter": 0, "Plans": [{"Node Type": "Hash Join", "Parent Relationship": "Outer", "Join Type": "Inner", "Startup Cost": 4.83, "Total Cost": 75560.28, "Plan Rows": 1044, "Plan Width": 55, "Actual Min Startup Time": 155.892, "Actual Max Startup Time": 155.892, "Actual Min Total Time": 1270.945, "Actual Max Total Time": 1270.945, "Inner Unique": true, "Hash Cond": "(mi_idx.info_type_id = it2.id)", "Plans": [{"Node Type": "Nested Loop", "Parent Relationship": "Outer", "Join Type": "Inner", "Startup Cost": 2.41, "Total Cost": 75536.96, "Plan Rows": 4175, "Plan Width": 59, "Actual Min Startup Time": 155.737, "Actual Max Startup Time": 155.737, "Actual Min Total Time": 1174.776, "Actual Max Total Time": 1174.776, "Inner Unique": false, "Plans": [{"Node Type": "Hash Join", "Parent Relationship": "Outer", "Join Type": "Inner", "Startup Cost": 2.41, "Total Cost": 74048.91, "Plan Rows": 2717, "Plan Width": 46, "Actual Min Startup Time": 155.684, "Actual Max Startup Time": 155.684, "Actual Min Total Time": 356.203, "Actual Max Total Time": 356.203, "Inner Unique": true, "Hash Cond": "(mi.info_type_id = it1.id)", "Plans": [{"Node Type": "Streaming(type: LOCAL GATHER dop: 1/64)", "Parent Relationship": "Outer", "Startup Cost": 0.0, "Total Cost": 73306.19, "Plan Rows": 190170, "Plan Width": 50, "Actual Min Startup Time": 136.808, "Actual Max Startup Time": 136.808, "Actual Min Total Time": 246.814, "Actual Max Total Time": 246.814, "Plans": [{"Node Type": "Seq Scan", "Parent Relationship": "Outer", "Relation Name": "movie_info", "Alias": "mi", "Startup Cost": 0.0, "Total Cost": 69383.01, "Plan Rows": 190170, "Plan Width": 50, "Actual Min Startup Time": 63.231, "Actual Max Startup Time": 142.443, "Actual Min Total Time": 110.322, "Actual Max Total Time": 163.069, "Filter": "((info)::text = ANY ('{Horror,Action,Sci-Fi,Thriller,Crime,War}'::text[]))", "Rows Removed by Filter": 14646748, "Actual Rows": 188971}], "Actual Rows": 188971}, {"Node Type": "Hash", "Parent Relationship": "Inner", "Startup Cost": 2.4, "Total Cost": 2.4, "Plan Rows": 1, "Plan Width": 4, "Actual Min Startup Time": 0.056, "Actual Max Startup Time": 0.056, "Actual Min Total Time": 0.056, "Actual Max Total Time": 0.056, "Max Hash Buckets": 32768, "Min Hash Buckets": 32768, "Max Hash Batches": 1, "Min Hash Batches": 1, "Max Original Hash Batches": 1, "Min Original Hash Batches": 1, "Max Peak Memory Usage": 1, "min Peak Memory Usage": 1, "Plans": [{"Node Type": "Seq Scan", "Parent Relationship": "Outer", "Relation Name": "info_type", "Alias": "it1", "Startup Cost": 0.0, "Total Cost": 2.4, "Plan Rows": 1, "Plan Width": 4, "Actual Min Startup Time": 0.028, "Actual Max Startup Time": 0.028, "Actual Min Total Time": 0.05, "Actual Max Total Time": 0.05, "Filter": "((info)::text = 'genres'::text)", "Rows Removed by Filter": 111, "Actual Rows": 1}], "Actual Rows": 1}], "Actual Rows": 186594}, {"Node Type": "Index Scan", "Parent Relationship": "Inner", "Scan Direction": "Forward", "Index Name": "movie_id_movie_info_idx", "Relation Name": "movie_info_idx", "Alias": "mi_idx", "Startup Cost": 0.0, "Total Cost": 0.53, "Plan Rows": 2, "Plan Width": 13, "Actual Min Startup Time": 530.603, "Actual Max Startup Time": 530.603, "Actual Min Total Time": 647.551, "Actual Max Total Time": 647.551, "Index Cond": "(movie_id = mi.movie_id)", "Rows Removed by Index Recheck": 0, "Actual Rows": 307785}], "Actual Rows": 307785}, {"Node Type": "Hash", "Parent Relationship": "Inner", "Startup Cost": 2.4, "Total Cost": 2.4, "Plan Rows": 1, "Plan Width": 4, "Actual Min Startup Time": 0.09, "Actual Max Startup Time": 0.09, "Actual Min Total Time": 0.09, "Actual Max Total Time": 0.09, "Max Hash Buckets": 32768, "Min Hash Buckets": 32768, "Max Hash Batches": 1, "Min Hash Batches": 1, "Max Original Hash Batches": 1, "Min Original Hash Batches": 1, "Max Peak Memory Usage": 1, "min Peak Memory Usage": 1, "Plans": [{"Node Type": "Seq Scan", "Parent Relationship": "Outer", "Relation Name": "info_type", "Alias": "it2", "Startup Cost": 0.0, "Total Cost": 2.4, "Plan Rows": 1, "Plan Width": 4, "Actual Min Startup Time": 0.075, "Actual Max Startup Time": 0.075, "Actual Min Total Time": 0.08, "Actual Max Total Time": 0.08, "Filter": "((info)::text = 'votes'::text)", "Rows Removed by Filter": 111, "Actual Rows": 1}], "Actual Rows": 1}], "Actual Rows": 102516}, {"Node Type": "Index Scan", "Parent Relationship": "Inner", "Scan Direction": "Forward", "Index Name": "title_pkey", "Relation Name": "title", "Alias": "t", "Startup Cost": 0.0, "Total Cost": 0.4, "Plan Rows": 1, "Plan Width": 21, "Actual Min Startup Time": 424.957, "Actual Max Startup Time": 424.957, "Actual Min Total Time": 424.957, "Actual Max Total Time": 424.957, "Index Cond": "(id = mi_idx.movie_id)", "Rows Removed by Index Recheck": 0, "Actual Rows": 102516}], "Actual Rows": 102516}, {"Node Type": "Index Scan", "Parent Relationship": "Inner", "Scan Direction": "Forward", "Index Name": "movie_id_cast_info", "Relation Name": "cast_info", "Alias": "ci", "Startup Cost": 0.0, "Total Cost": 1.01, "Plan Rows": 1, "Plan Width": 8, "Actual Min Startup Time": 6776.626, "Actual Max Startup Time": 6776.626, "Actual Min Total Time": 7948.601, "Actual Max Total Time": 7948.601, "Index Cond": "(movie_id = t.id)", "Rows Removed by Index Recheck": 0, "Filter": "((note)::text = ANY ('{(writer),\"(head writer)\",\"(written by)\",(story),\"(story editor)\"}'::text[]))", "Rows Removed by Filter": 3987641, "Actual Rows": 54155}], "Actual Rows": 54155}, {"Node Type": "Index Scan", "Parent Relationship": "Inner", "Scan Direction": "Forward", "Index Name": "name_pkey", "Relation Name": "name", "Alias": "n", "Startup Cost": 0.0, "Total Cost": 0.49, "Plan Rows": 1, "Plan Width": 4, "Actual Min Startup Time": 341.205, "Actual Max Startup Time": 341.205, "Actual Min Total Time": 341.205, "Actual Max Total Time": 341.205, "Index Cond": "(id = ci.person_id)", "Rows Removed by Index Recheck": 0, "Filter": "((gender)::text = 'm'::text)", "Rows Removed by Filter": 26082, "Actual Rows": 28073}], "Actual Rows": 28073}], "Actual Rows": 1}, "Triggers": [], "Planner Runtime": 47, "Total Runtime": 10270.15, "Unique SQL Id": 3913857139}}, "(64, 69)": {"explain_plan": {"Plan": {"Node Type": "Aggregate", "Strategy": "Plain", "Startup Cost": 169731.13, "Total Cost": 169731.14, "Plan Rows": 1, "Plan Width": 160, "Plans": [{"Node Type": "Nested Loop", "Parent Relationship": "Outer", "Join Type": "Inner", "Startup Cost": 4842.14, "Total Cost": 169720.53, "Plan Rows": 1413, "Plan Width": 64, "Inner Unique": true, "Plans": [{"Node Type": "Nested Loop", "Parent Relationship": "Outer", "Join Type": "Inner", "Startup Cost": 4842.14, "Total Cost": 169141.26, "Plan Rows": 1155, "Plan Width": 68, "Inner Unique": false, "Plans": [{"Node Type": "Nested Loop", "Parent Relationship": "Outer", "Join Type": "Inner", "Startup Cost": 4842.14, "Total Cost": 168079.63, "Plan Rows": 1044, "Plan Width": 76, "Inner Unique": true, "Join Filter": "(mi.movie_id = t.id)", "Plans": [{"Node Type": "Nested Loop", "Parent Relationship": "Outer", "Join Type": "Inner", "Startup Cost": 4842.14, "Total Cost": 167651.44, "Plan Rows": 1044, "Plan Width": 55, "Inner Unique": true, "Plans": [{"Node Type": "Nested Loop", "Parent Relationship": "Outer", "Join Type": "Inner", "Startup Cost": 4842.14, "Total Cost": 166471.96, "Plan Rows": 4175, "Plan Width": 59, "Inner Unique": false, "Plans": [{"Node Type": "Nested Loop", "Parent Relationship": "Outer", "Join Type": "Inner", "Startup Cost": 4842.14, "Total Cost": 164983.91, "Plan Rows": 2717, "Plan Width": 46, "Inner Unique": false, "Plans": [{"Node Type": "Index Scan", "Parent Relationship": "Outer", "Scan Direction": "Forward", "Index Name": "info_type_pkey", "Relation Name": "info_type", "Alias": "it1", "Startup Cost": 0.0, "Total Cost": 14.21, "Plan Rows": 1, "Plan Width": 4, "Filter": "((info)::text = 'genres'::text)"}, {"Node Type": "Bitmap Heap Scan", "Parent Relationship": "Inner", "Relation Name": "movie_info", "Alias": "mi", "Startup Cost": 4842.14, "Total Cost": 164942.53, "Plan Rows": 2717, "Plan Width": 50, "Recheck Cond": "(info_type_id = it1.id)", "Filter": "((info)::text = ANY ('{Horror,Action,Sci-Fi,Thriller,Crime,War}'::text[]))", "Plans": [{"Node Type": "Bitmap Index Scan", "Parent Relationship": "Outer", "Index Name": "info_type_id_movie_info", "Startup Cost": 0.0, "Total Cost": 4841.46, "Plan Rows": 212428, "Plan Width": 0, "Index Cond": "(info_type_id = it1.id)"}]}]}, {"Node Type": "Index Scan", "Parent Relationship": "Inner", "Scan Direction": "Forward", "Index Name": "movie_id_movie_info_idx", "Relation Name": "movie_info_idx", "Alias": "mi_idx", "Startup Cost": 0.0, "Total Cost": 0.53, "Plan Rows": 2, "Plan Width": 13, "Index Cond": "(movie_id = mi.movie_id)"}]}, {"Node Type": "Index Scan", "Parent Relationship": "Inner", "Scan Direction": "Forward", "Index Name": "info_type_pkey", "Relation Name": "info_type", "Alias": "it2", "Startup Cost": 0.0, "Total Cost": 0.27, "Plan Rows": 1, "Plan Width": 4, "Index Cond": "(id = mi_idx.info_type_id)", "Filter": "((info)::text = 'votes'::text)"}]}, {"Node Type": "Index Scan", "Parent Relationship": "Inner", "Scan Direction": "Forward", "Index Name": "title_pkey", "Relation Name": "title", "Alias": "t", "Startup Cost": 0.0, "Total Cost": 0.4, "Plan Rows": 1, "Plan Width": 21, "Index Cond": "(id = mi_idx.movie_id)"}]}, {"Node Type": "Index Scan", "Parent Relationship": "Inner", "Scan Direction": "Forward", "Index Name": "movie_id_cast_info", "Relation Name": "cast_info", "Alias": "ci", "Startup Cost": 0.0, "Total Cost": 1.01, "Plan Rows": 1, "Plan Width": 8, "Index Cond": "(movie_id = t.id)", "Filter": "((note)::text = ANY ('{(writer),\"(head writer)\",\"(written by)\",(story),\"(story editor)\"}'::text[]))"}]}, {"Node Type": "Index Scan", "Parent Relationship": "Inner", "Scan Direction": "Forward", "Index Name": "name_pkey", "Relation Name": "name", "Alias": "n", "Startup Cost": 0.0, "Total Cost": 0.49, "Plan Rows": 1, "Plan Width": 4, "Index Cond": "(id = ci.person_id)", "Filter": "((gender)::text = 'm'::text)"}]}]}, "Unique SQL Id": 3913857139, "Planner Runtime": 31}, "explain_analyze_plan": {"Plan": {"Node Type": "Aggregate", "Strategy": "Plain", "Startup Cost": 169731.13, "Total Cost": 169731.14, "Plan Rows": 1, "Plan Width": 160, "Actual Startup Time": 12278.419, "Actual Total Time": 12278.419, "Actual Rows": 1, "Actual Loops": 1, "Plans": [{"Node Type": "Nested Loop", "Parent Relationship": "Outer", "Join Type": "Inner", "Startup Cost": 4842.14, "Total Cost": 169720.53, "Plan Rows": 1413, "Plan Width": 64, "Actual Startup Time": 189.228, "Actual Total Time": 12238.76, "Actual Rows": 28073, "Actual Loops": 1, "Inner Unique": true, "Plans": [{"Node Type": "Nested Loop", "Parent Relationship": "Outer", "Join Type": "Inner", "Startup Cost": 4842.14, "Total Cost": 169141.26, "Plan Rows": 1155, "Plan Width": 68, "Actual Startup Time": 186.782, "Actual Total Time": 11830.548, "Actual Rows": 54155, "Actual Loops": 1, "Inner Unique": false, "Plans": [{"Node Type": "Nested Loop", "Parent Relationship": "Outer", "Join Type": "Inner", "Startup Cost": 4842.14, "Total Cost": 168079.63, "Plan Rows": 1044, "Plan Width": 76, "Actual Startup Time": 183.875, "Actual Total Time": 3307.953, "Actual Rows": 102516, "Actual Loops": 1, "Inner Unique": true, "Join Filter": "(mi.movie_id = t.id)", "Rows Removed by Join Filter": 0, "Plans": [{"Node Type": "Nested Loop", "Parent Relationship": "Outer", "Join Type": "Inner", "Startup Cost": 4842.14, "Total Cost": 167651.44, "Plan Rows": 1044, "Plan Width": 55, "Actual Startup Time": 183.855, "Actual Total Time": 2757.508, "Actual Rows": 102516, "Actual Loops": 1, "Inner Unique": true, "Plans": [{"Node Type": "Nested Loop", "Parent Relationship": "Outer", "Join Type": "Inner", "Startup Cost": 4842.14, "Total Cost": 166471.96, "Plan Rows": 4175, "Plan Width": 59, "Actual Startup Time": 183.831, "Actual Total Time": 2013.762, "Actual Rows": 307785, "Actual Loops": 1, "Inner Unique": false, "Plans": [{"Node Type": "Nested Loop", "Parent Relationship": "Outer", "Join Type": "Inner", "Startup Cost": 4842.14, "Total Cost": 164983.91, "Plan Rows": 2717, "Plan Width": 46, "Actual Startup Time": 183.795, "Actual Total Time": 1165.444, "Actual Rows": 186594, "Actual Loops": 1, "Inner Unique": false, "Plans": [{"Node Type": "Index Scan", "Parent Relationship": "Outer", "Scan Direction": "Forward", "Index Name": "info_type_pkey", "Relation Name": "info_type", "Alias": "it1", "Startup Cost": 0.0, "Total Cost": 14.21, "Plan Rows": 1, "Plan Width": 4, "Actual Startup Time": 0.04, "Actual Total Time": 0.092, "Actual Rows": 1, "Actual Loops": 1, "Filter": "((info)::text = 'genres'::text)", "Rows Removed by Filter": 111}, {"Node Type": "Bitmap Heap Scan", "Parent Relationship": "Inner", "Relation Name": "movie_info", "Alias": "mi", "Startup Cost": 4842.14, "Total Cost": 164942.53, "Plan Rows": 2717, "Plan Width": 50, "Actual Startup Time": 183.744, "Actual Total Time": 1120.521, "Actual Rows": 186594, "Actual Loops": 1, "Recheck Cond": "(info_type_id = it1.id)", "Rows Removed by Index Recheck": 0, "Filter": "((info)::text = ANY ('{Horror,Action,Sci-Fi,Thriller,Crime,War}'::text[]))", "Rows Removed by Filter": 1347315, "Exact Heap Blocks": 7426, "Lossy Heap Blocks": 7426, "Plans": [{"Node Type": "Bitmap Index Scan", "Parent Relationship": "Outer", "Index Name": "info_type_id_movie_info", "Startup Cost": 0.0, "Total Cost": 4841.46, "Plan Rows": 212428, "Plan Width": 0, "Actual Startup Time": 182.362, "Actual Total Time": 182.362, "Actual Rows": 1533909, "Actual Loops": 1, "Index Cond": "(info_type_id = it1.id)"}]}]}, {"Node Type": "Index Scan", "Parent Relationship": "Inner", "Scan Direction": "Forward", "Index Name": "movie_id_movie_info_idx", "Relation Name": "movie_info_idx", "Alias": "mi_idx", "Startup Cost": 0.0, "Total Cost": 0.53, "Plan Rows": 2, "Plan Width": 13, "Actual Startup Time": 549.041, "Actual Total Time": 674.8, "Actual Rows": 307785, "Actual Loops": 186594, "Index Cond": "(movie_id = mi.movie_id)", "Rows Removed by Index Recheck": 0}]}, {"Node Type": "Index Scan", "Parent Relationship": "Inner", "Scan Direction": "Forward", "Index Name": "info_type_pkey", "Relation Name": "info_type", "Alias": "it2", "Startup Cost": 0.0, "Total Cost": 0.27, "Plan Rows": 1, "Plan Width": 4, "Actual Startup Time": 563.242, "Actual Total Time": 563.242, "Actual Rows": 102516, "Actual Loops": 307785, "Index Cond": "(id = mi_idx.info_type_id)", "Rows Removed by Index Recheck": 0, "Filter": "((info)::text = 'votes'::text)", "Rows Removed by Filter": 205269}]}, {"Node Type": "Index Scan", "Parent Relationship": "Inner", "Scan Direction": "Forward", "Index Name": "title_pkey", "Relation Name": "title", "Alias": "t", "Startup Cost": 0.0, "Total Cost": 0.4, "Plan Rows": 1, "Plan Width": 21, "Actual Startup Time": 433.373, "Actual Total Time": 433.373, "Actual Rows": 102516, "Actual Loops": 102516, "Index Cond": "(id = mi_idx.movie_id)", "Rows Removed by Index Recheck": 0}]}, {"Node Type": "Index Scan", "Parent Relationship": "Inner", "Scan Direction": "Forward", "Index Name": "movie_id_cast_info", "Relation Name": "cast_info", "Alias": "ci", "Startup Cost": 0.0, "Total Cost": 1.01, "Plan Rows": 1, "Plan Width": 8, "Actual Startup Time": 7204.574, "Actual Total Time": 8452.357, "Actual Rows": 54155, "Actual Loops": 102516, "Index Cond": "(movie_id = t.id)", "Rows Removed by Index Recheck": 0, "Filter": "((note)::text = ANY ('{(writer),\"(head writer)\",\"(written by)\",(story),\"(story editor)\"}'::text[]))", "Rows Removed by Filter": 3987641}]}, {"Node Type": "Index Scan", "Parent Relationship": "Inner", "Scan Direction": "Forward", "Index Name": "name_pkey", "Relation Name": "name", "Alias": "n", "Startup Cost": 0.0, "Total Cost": 0.49, "Plan Rows": 1, "Plan Width": 4, "Actual Startup Time": 361.413, "Actual Total Time": 361.413, "Actual Rows": 28073, "Actual Loops": 54155, "Index Cond": "(id = ci.person_id)", "Rows Removed by Index Recheck": 0, "Filter": "((gender)::text = 'm'::text)", "Rows Removed by Filter": 26082}]}]}, "Triggers": [], "Planner Runtime": 18, "Total Runtime": 12278.868, "Unique SQL Id": 3913857139}}, "(64, 70)": {"explain_plan": {"Plan": {"Node Type": "Aggregate", "Strategy": "Plain", "Startup Cost": 100417.54, "Total Cost": 100417.55, "Plan Rows": 1, "Plan Width": 160, "Plans": [{"Node Type": "Nested Loop", "Parent Relationship": "Outer", "Join Type": "Inner", "Startup Cost": 6.3, "Total Cost": 100406.94, "Plan Rows": 1413, "Plan Width": 64, "Inner Unique": true, "Plans": [{"Node Type": "Nested Loop", "Parent Relationship": "Outer", "Join Type": "Inner", "Startup Cost": 5.99, "Total Cost": 95401.52, "Plan Rows": 1155, "Plan Width": 68, "Inner Unique": false, "Plans": [{"Node Type": "Nested Loop", "Parent Relationship": "Outer", "Join Type": "Inner", "Startup Cost": 5.48, "Total Cost": 90558.85, "Plan Rows": 1044, "Plan Width": 76, "Inner Unique": true, "Join Filter": "(mi.movie_id = t.id)", "Plans": [{"Node Type": "Hash Join", "Parent Relationship": "Outer", "Join Type": "Inner", "Startup Cost": 5.19, "Total Cost": 86059.66, "Plan Rows": 1044, "Plan Width": 55, "Inner Unique": true, "Hash Cond": "(mi_idx.info_type_id = it2.id)", "Plans": [{"Node Type": "Nested Loop", "Parent Relationship": "Outer", "Join Type": "Inner", "Startup Cost": 2.78, "Total Cost": 86036.34, "Plan Rows": 4175, "Plan Width": 59, "Inner Unique": false, "Plans": [{"Node Type": "Hash Join", "Parent Relationship": "Outer", "Join Type": "Inner", "Startup Cost": 2.41, "Total Cost": 74048.91, "Plan Rows": 2717, "Plan Width": 46, "Inner Unique": true, "Hash Cond": "(mi.info_type_id = it1.id)", "Plans": [{"Node Type": "Streaming(type: LOCAL GATHER dop: 1/64)", "Parent Relationship": "Outer", "Startup Cost": 0.0, "Total Cost": 73306.19, "Plan Rows": 190170, "Plan Width": 50, "Plans": [{"Node Type": "Seq Scan", "Parent Relationship": "Outer", "Relation Name": "movie_info", "Alias": "mi", "Startup Cost": 0.0, "Total Cost": 69383.01, "Plan Rows": 190170, "Plan Width": 50, "Filter": "((info)::text = ANY ('{Horror,Action,Sci-Fi,Thriller,Crime,War}'::text[]))"}]}, {"Node Type": "Hash", "Parent Relationship": "Inner", "Startup Cost": 2.4, "Total Cost": 2.4, "Plan Rows": 1, "Plan Width": 4, "Plans": [{"Node Type": "Seq Scan", "Parent Relationship": "Outer", "Relation Name": "info_type", "Alias": "it1", "Startup Cost": 0.0, "Total Cost": 2.4, "Plan Rows": 1, "Plan Width": 4, "Filter": "((info)::text = 'genres'::text)"}]}]}, {"Node Type": "Bitmap Heap Scan", "Parent Relationship": "Inner", "Relation Name": "movie_info_idx", "Alias": "mi_idx", "Startup Cost": 0.37, "Total Cost": 4.39, "Plan Rows": 2, "Plan Width": 13, "Recheck Cond": "(movie_id = mi.movie_id)", "Plans": [{"Node Type": "Bitmap Index Scan", "Parent Relationship": "Outer", "Index Name": "movie_id_movie_info_idx", "Startup Cost": 0.0, "Total Cost": 0.37, "Plan Rows": 2, "Plan Width": 0, "Index Cond": "(movie_id = mi.movie_id)"}]}]}, {"Node Type": "Hash", "Parent Relationship": "Inner", "Startup Cost": 2.4, "Total Cost": 2.4, "Plan Rows": 1, "Plan Width": 4, "Plans": [{"Node Type": "Seq Scan", "Parent Relationship": "Outer", "Relation Name": "info_type", "Alias": "it2", "Startup Cost": 0.0, "Total Cost": 2.4, "Plan Rows": 1, "Plan Width": 4, "Filter": "((info)::text = 'votes'::text)"}]}]}, {"Node Type": "Bitmap Heap Scan", "Parent Relationship": "Inner", "Relation Name": "title", "Alias": "t", "Startup Cost": 0.28, "Total Cost": 4.3, "Plan Rows": 1, "Plan Width": 21, "Recheck Cond": "(id = mi_idx.movie_id)", "Plans": [{"Node Type": "Bitmap Index Scan", "Parent Relationship": "Outer", "Index Name": "title_pkey", "Startup Cost": 0.0, "Total Cost": 0.28, "Plan Rows": 1, "Plan Width": 0, "Index Cond": "(id = mi_idx.movie_id)"}]}]}, {"Node Type": "Bitmap Heap Scan", "Parent Relationship": "Inner", "Relation Name": "cast_info", "Alias": "ci", "Startup Cost": 0.52, "Total Cost": 4.63, "Plan Rows": 1, "Plan Width": 8, "Recheck Cond": "(movie_id = t.id)", "Filter": "((note)::text = ANY ('{(writer),\"(head writer)\",\"(written by)\",(story),\"(story editor)\"}'::text[]))", "Plans": [{"Node Type": "Bitmap Index Scan", "Parent Relationship": "Outer", "Index Name": "movie_id_cast_info", "Startup Cost": 0.0, "Total Cost": 0.52, "Plan Rows": 6, "Plan Width": 0, "Index Cond": "(movie_id = t.id)"}]}]}, {"Node Type": "Bitmap Heap Scan", "Parent Relationship": "Inner", "Relation Name": "name", "Alias": "n", "Startup Cost": 0.31, "Total Cost": 4.32, "Plan Rows": 1, "Plan Width": 4, "Recheck Cond": "(id = ci.person_id)", "Filter": "((gender)::text = 'm'::text)", "Plans": [{"Node Type": "Bitmap Index Scan", "Parent Relationship": "Outer", "Index Name": "name_pkey", "Startup Cost": 0.0, "Total Cost": 0.31, "Plan Rows": 1, "Plan Width": 0, "Index Cond": "(id = ci.person_id)"}]}]}]}, "Unique SQL Id": 3913857139, "Planner Runtime": 70}, "explain_analyze_plan": {"Plan": {"Node Type": "Aggregate", "Strategy": "Plain", "Startup Cost": 100417.54, "Total Cost": 100417.55, "Plan Rows": 1, "Plan Width": 160, "Actual Min Startup Time": 12824.084, "Actual Max Startup Time": 12824.084, "Actual Min Total Time": 12824.084, "Actual Max Total Time": 12824.084, "Plans": [{"Node Type": "Nested Loop", "Parent Relationship": "Outer", "Join Type": "Inner", "Startup Cost": 6.3, "Total Cost": 100406.94, "Plan Rows": 1413, "Plan Width": 64, "Actual Min Startup Time": 166.533, "Actual Max Startup Time": 166.533, "Actual Min Total Time": 12770.546, "Actual Max Total Time": 12770.546, "Inner Unique": true, "Plans": [{"Node Type": "Nested Loop", "Parent Relationship": "Outer", "Join Type": "Inner", "Startup Cost": 5.99, "Total Cost": 95401.52, "Plan Rows": 1155, "Plan Width": 68, "Actual Min Startup Time": 166.503, "Actual Max Startup Time": 166.503, "Actual Min Total Time": 12261.602, "Actual Max Total Time": 12261.602, "Inner Unique": false, "Plans": [{"Node Type": "Nested Loop", "Parent Relationship": "Outer", "Join Type": "Inner", "Startup Cost": 5.48, "Total Cost": 90558.85, "Plan Rows": 1044, "Plan Width": 76, "Actual Min Startup Time": 166.229, "Actual Max Startup Time": 166.229, "Actual Min Total Time": 2368.519, "Actual Max Total Time": 2368.519, "Inner Unique": true, "Join Filter": "(mi.movie_id = t.id)", "Rows Removed by Join Filter": 0, "Plans": [{"Node Type": "Hash Join", "Parent Relationship": "Outer", "Join Type": "Inner", "Startup Cost": 5.19, "Total Cost": 86059.66, "Plan Rows": 1044, "Plan Width": 55, "Actual Min Startup Time": 166.203, "Actual Max Startup Time": 166.203, "Actual Min Total Time": 1622.728, "Actual Max Total Time": 1622.728, "Inner Unique": true, "Hash Cond": "(mi_idx.info_type_id = it2.id)", "Plans": [{"Node Type": "Nested Loop", "Parent Relationship": "Outer", "Join Type": "Inner", "Startup Cost": 2.78, "Total Cost": 86036.34, "Plan Rows": 4175, "Plan Width": 59, "Actual Min Startup Time": 166.039, "Actual Max Startup Time": 166.039, "Actual Min Total Time": 1516.368, "Actual Max Total Time": 1516.368, "Inner Unique": false, "Plans": [{"Node Type": "Hash Join", "Parent Relationship": "Outer", "Join Type": "Inner", "Startup Cost": 2.41, "Total Cost": 74048.91, "Plan Rows": 2717, "Plan Width": 46, "Actual Min Startup Time": 165.982, "Actual Max Startup Time": 165.982, "Actual Min Total Time": 373.406, "Actual Max Total Time": 373.406, "Inner Unique": true, "Hash Cond": "(mi.info_type_id = it1.id)", "Plans": [{"Node Type": "Streaming(type: LOCAL GATHER dop: 1/64)", "Parent Relationship": "Outer", "Startup Cost": 0.0, "Total Cost": 73306.19, "Plan Rows": 190170, "Plan Width": 50, "Actual Min Startup Time": 144.483, "Actual Max Startup Time": 144.483, "Actual Min Total Time": 257.234, "Actual Max Total Time": 257.234, "Plans": [{"Node Type": "Seq Scan", "Parent Relationship": "Outer", "Relation Name": "movie_info", "Alias": "mi", "Startup Cost": 0.0, "Total Cost": 69383.01, "Plan Rows": 190170, "Plan Width": 50, "Actual Min Startup Time": 55.446, "Actual Max Startup Time": 109.421, "Actual Min Total Time": 109.799, "Actual Max Total Time": 124.966, "Filter": "((info)::text = ANY ('{Horror,Action,Sci-Fi,Thriller,Crime,War}'::text[]))", "Rows Removed by Filter": 14646748, "Actual Rows": 188971}], "Actual Rows": 188971}, {"Node Type": "Hash", "Parent Relationship": "Inner", "Startup Cost": 2.4, "Total Cost": 2.4, "Plan Rows": 1, "Plan Width": 4, "Actual Min Startup Time": 0.053, "Actual Max Startup Time": 0.053, "Actual Min Total Time": 0.053, "Actual Max Total Time": 0.053, "Max Hash Buckets": 32768, "Min Hash Buckets": 32768, "Max Hash Batches": 1, "Min Hash Batches": 1, "Max Original Hash Batches": 1, "Min Original Hash Batches": 1, "Max Peak Memory Usage": 1, "min Peak Memory Usage": 1, "Plans": [{"Node Type": "Seq Scan", "Parent Relationship": "Outer", "Relation Name": "info_type", "Alias": "it1", "Startup Cost": 0.0, "Total Cost": 2.4, "Plan Rows": 1, "Plan Width": 4, "Actual Min Startup Time": 0.028, "Actual Max Startup Time": 0.028, "Actual Min Total Time": 0.05, "Actual Max Total Time": 0.05, "Filter": "((info)::text = 'genres'::text)", "Rows Removed by Filter": 111, "Actual Rows": 1}], "Actual Rows": 1}], "Actual Rows": 186594}, {"Node Type": "Bitmap Heap Scan", "Parent Relationship": "Inner", "Relation Name": "movie_info_idx", "Alias": "mi_idx", "Startup Cost": 0.37, "Total Cost": 4.39, "Plan Rows": 2, "Plan Width": 13, "Actual Min Startup Time": 781.239, "Actual Max Startup Time": 781.239, "Actual Min Total Time": 826.519, "Actual Max Total Time": 826.519, "Recheck Cond": "(movie_id = mi.movie_id)", "Rows Removed by Index Recheck": 0, "Exact Heap Blocks": 103610, "Lossy Heap Blocks": 103610, "Plans": [{"Node Type": "Bitmap Index Scan", "Parent Relationship": "Outer", "Index Name": "movie_id_movie_info_idx", "Startup Cost": 0.0, "Total Cost": 0.37, "Plan Rows": 2, "Plan Width": 0, "Actual Min Startup Time": 528.133, "Actual Max Startup Time": 528.133, "Actual Min Total Time": 528.133, "Actual Max Total Time": 528.133, "Index Cond": "(movie_id = mi.movie_id)", "Actual Rows": 307785}], "Actual Rows": 307785}], "Actual Rows": 307785}, {"Node Type": "Hash", "Parent Relationship": "Inner", "Startup Cost": 2.4, "Total Cost": 2.4, "Plan Rows": 1, "Plan Width": 4, "Actual Min Startup Time": 0.096, "Actual Max Startup Time": 0.096, "Actual Min Total Time": 0.096, "Actual Max Total Time": 0.096, "Max Hash Buckets": 32768, "Min Hash Buckets": 32768, "Max Hash Batches": 1, "Min Hash Batches": 1, "Max Original Hash Batches": 1, "Min Original Hash Batches": 1, "Max Peak Memory Usage": 1, "min Peak Memory Usage": 1, "Plans": [{"Node Type": "Seq Scan", "Parent Relationship": "Outer", "Relation Name": "info_type", "Alias": "it2", "Startup Cost": 0.0, "Total Cost": 2.4, "Plan Rows": 1, "Plan Width": 4, "Actual Min Startup Time": 0.077, "Actual Max Startup Time": 0.077, "Actual Min Total Time": 0.083, "Actual Max Total Time": 0.083, "Filter": "((info)::text = 'votes'::text)", "Rows Removed by Filter": 111, "Actual Rows": 1}], "Actual Rows": 1}], "Actual Rows": 102516}, {"Node Type": "Bitmap Heap Scan", "Parent Relationship": "Inner", "Relation Name": "title", "Alias": "t", "Startup Cost": 0.28, "Total Cost": 4.3, "Plan Rows": 1, "Plan Width": 21, "Actual Min Startup Time": 566.317, "Actual Max Startup Time": 566.317, "Actual Min Total Time": 566.317, "Actual Max Total Time": 566.317, "Recheck Cond": "(id = mi_idx.movie_id)", "Rows Removed by Index Recheck": 0, "Exact Heap Blocks": 102516, "Lossy Heap Blocks": 102516, "Plans": [{"Node Type": "Bitmap Index Scan", "Parent Relationship": "Outer", "Index Name": "title_pkey", "Startup Cost": 0.0, "Total Cost": 0.28, "Plan Rows": 1, "Plan Width": 0, "Actual Min Startup Time": 307.396, "Actual Max Startup Time": 307.396, "Actual Min Total Time": 307.396, "Actual Max Total Time": 307.396, "Index Cond": "(id = mi_idx.movie_id)", "Actual Rows": 102516}], "Actual Rows": 102516}], "Actual Rows": 102516}, {"Node Type": "Bitmap Heap Scan", "Parent Relationship": "Inner", "Relation Name": "cast_info", "Alias": "ci", "Startup Cost": 0.52, "Total Cost": 4.63, "Plan Rows": 1, "Plan Width": 8, "Actual Min Startup Time": 8426.528, "Actual Max Startup Time": 8426.528, "Actual Min Total Time": 9728.122, "Actual Max Total Time": 9728.122, "Recheck Cond": "(movie_id = t.id)", "Rows Removed by Index Recheck": 0, "Filter": "((note)::text = ANY ('{(writer),\"(head writer)\",\"(written by)\",(story),\"(story editor)\"}'::text[]))", "Rows Removed by Filter": 3987641, "Exact Heap Blocks": 3901088, "Lossy Heap Blocks": 3901088, "Plans": [{"Node Type": "Bitmap Index Scan", "Parent Relationship": "Outer", "Index Name": "movie_id_cast_info", "Startup Cost": 0.0, "Total Cost": 0.52, "Plan Rows": 6, "Plan Width": 0, "Actual Min Startup Time": 1075.542, "Actual Max Startup Time": 1075.542, "Actual Min Total Time": 1075.542, "Actual Max Total Time": 1075.542, "Index Cond": "(movie_id = t.id)", "Actual Rows": 4041796}], "Actual Rows": 54155}], "Actual Rows": 54155}, {"Node Type": "Bitmap Heap Scan", "Parent Relationship": "Inner", "Relation Name": "name", "Alias": "n", "Startup Cost": 0.31, "Total Cost": 4.32, "Plan Rows": 1, "Plan Width": 4, "Actual Min Startup Time": 417.996, "Actual Max Startup Time": 417.996, "Actual Min Total Time": 417.996, "Actual Max Total Time": 417.996, "Recheck Cond": "(id = ci.person_id)", "Rows Removed by Index Recheck": 0, "Filter": "((gender)::text = 'm'::text)", "Rows Removed by Filter": 26082, "Exact Heap Blocks": 54155, "Lossy Heap Blocks": 54155, "Plans": [{"Node Type": "Bitmap Index Scan", "Parent Relationship": "Outer", "Index Name": "name_pkey", "Startup Cost": 0.0, "Total Cost": 0.31, "Plan Rows": 1, "Plan Width": 0, "Actual Min Startup Time": 264.632, "Actual Max Startup Time": 264.632, "Actual Min Total Time": 264.632, "Actual Max Total Time": 264.632, "Index Cond": "(id = ci.person_id)", "Actual Rows": 54155}], "Actual Rows": 28073}], "Actual Rows": 28073}], "Actual Rows": 1}, "Triggers": [], "Planner Runtime": 56, "Total Runtime": 12835.644, "Unique SQL Id": 3913857139}}, "(64, 71)": {"explain_plan": {"Plan": {"Node Type": "Aggregate", "Strategy": "Plain", "Startup Cost": 191364.35, "Total Cost": 191364.36, "Plan Rows": 1, "Plan Width": 160, "Plans": [{"Node Type": "Nested Loop", "Parent Relationship": "Outer", "Join Type": "Inner", "Startup Cost": 4866.65, "Total Cost": 191353.75, "Plan Rows": 1413, "Plan Width": 64, "Inner Unique": true, "Plans": [{"Node Type": "Nested Loop", "Parent Relationship": "Outer", "Join Type": "Inner", "Startup Cost": 4866.34, "Total Cost": 186348.33, "Plan Rows": 1155, "Plan Width": 68, "Inner Unique": false, "Plans": [{"Node Type": "Nested Loop", "Parent Relationship": "Outer", "Join Type": "Inner", "Startup Cost": 4865.82, "Total Cost": 181505.66, "Plan Rows": 1044, "Plan Width": 76, "Inner Unique": true, "Join Filter": "(mi.movie_id = t.id)", "Plans": [{"Node Type": "Hash Join", "Parent Relationship": "Outer", "Join Type": "Inner", "Startup Cost": 4865.54, "Total Cost": 177006.47, "Plan Rows": 1044, "Plan Width": 55, "Inner Unique": true, "Hash Cond": "(mi_idx.info_type_id = it2.id)", "Plans": [{"Node Type": "Nested Loop", "Parent Relationship": "Outer", "Join Type": "Inner", "Startup Cost": 4851.32, "Total Cost": 176971.34, "Plan Rows": 4175, "Plan Width": 59, "Inner Unique": false, "Plans": [{"Node Type": "Nested Loop", "Parent Relationship": "Outer", "Join Type": "Inner", "Startup Cost": 4850.95, "Total Cost": 164983.91, "Plan Rows": 2717, "Plan Width": 46, "Inner Unique": false, "Plans": [{"Node Type": "Bitmap Heap Scan", "Parent Relationship": "Outer", "Relation Name": "info_type", "Alias": "it1", "Startup Cost": 8.81, "Total Cost": 14.21, "Plan Rows": 1, "Plan Width": 4, "Filter": "((info)::text = 'genres'::text)", "Plans": [{"Node Type": "Bitmap Index Scan", "Parent Relationship": "Outer", "Index Name": "info_type_pkey", "Startup Cost": 0.0, "Total Cost": 8.81, "Plan Rows": 112, "Plan Width": 0}]}, {"Node Type": "Bitmap Heap Scan", "Parent Relationship": "Inner", "Relation Name": "movie_info", "Alias": "mi", "Startup Cost": 4842.14, "Total Cost": 164942.53, "Plan Rows": 2717, "Plan Width": 50, "Recheck Cond": "(info_type_id = it1.id)", "Filter": "((info)::text = ANY ('{Horror,Action,Sci-Fi,Thriller,Crime,War}'::text[]))", "Plans": [{"Node Type": "Bitmap Index Scan", "Parent Relationship": "Outer", "Index Name": "info_type_id_movie_info", "Startup Cost": 0.0, "Total Cost": 4841.46, "Plan Rows": 212428, "Plan Width": 0, "Index Cond": "(info_type_id = it1.id)"}]}]}, {"Node Type": "Bitmap Heap Scan", "Parent Relationship": "Inner", "Relation Name": "movie_info_idx", "Alias": "mi_idx", "Startup Cost": 0.37, "Total Cost": 4.39, "Plan Rows": 2, "Plan Width": 13, "Recheck Cond": "(movie_id = mi.movie_id)", "Plans": [{"Node Type": "Bitmap Index Scan", "Parent Relationship": "Outer", "Index Name": "movie_id_movie_info_idx", "Startup Cost": 0.0, "Total Cost": 0.37, "Plan Rows": 2, "Plan Width": 0, "Index Cond": "(movie_id = mi.movie_id)"}]}]}, {"Node Type": "Hash", "Parent Relationship": "Inner", "Startup Cost": 14.21, "Total Cost": 14.21, "Plan Rows": 1, "Plan Width": 4, "Plans": [{"Node Type": "Bitmap Heap Scan", "Parent Relationship": "Outer", "Relation Name": "info_type", "Alias": "it2", "Startup Cost": 8.81, "Total Cost": 14.21, "Plan Rows": 1, "Plan Width": 4, "Filter": "((info)::text = 'votes'::text)", "Plans": [{"Node Type": "Bitmap Index Scan", "Parent Relationship": "Outer", "Index Name": "info_type_pkey", "Startup Cost": 0.0, "Total Cost": 8.81, "Plan Rows": 112, "Plan Width": 0}]}]}]}, {"Node Type": "Bitmap Heap Scan", "Parent Relationship": "Inner", "Relation Name": "title", "Alias": "t", "Startup Cost": 0.28, "Total Cost": 4.3, "Plan Rows": 1, "Plan Width": 21, "Recheck Cond": "(id = mi_idx.movie_id)", "Plans": [{"Node Type": "Bitmap Index Scan", "Parent Relationship": "Outer", "Index Name": "title_pkey", "Startup Cost": 0.0, "Total Cost": 0.28, "Plan Rows": 1, "Plan Width": 0, "Index Cond": "(id = mi_idx.movie_id)"}]}]}, {"Node Type": "Bitmap Heap Scan", "Parent Relationship": "Inner", "Relation Name": "cast_info", "Alias": "ci", "Startup Cost": 0.52, "Total Cost": 4.63, "Plan Rows": 1, "Plan Width": 8, "Recheck Cond": "(movie_id = t.id)", "Filter": "((note)::text = ANY ('{(writer),\"(head writer)\",\"(written by)\",(story),\"(story editor)\"}'::text[]))", "Plans": [{"Node Type": "Bitmap Index Scan", "Parent Relationship": "Outer", "Index Name": "movie_id_cast_info", "Startup Cost": 0.0, "Total Cost": 0.52, "Plan Rows": 6, "Plan Width": 0, "Index Cond": "(movie_id = t.id)"}]}]}, {"Node Type": "Bitmap Heap Scan", "Parent Relationship": "Inner", "Relation Name": "name", "Alias": "n", "Startup Cost": 0.31, "Total Cost": 4.32, "Plan Rows": 1, "Plan Width": 4, "Recheck Cond": "(id = ci.person_id)", "Filter": "((gender)::text = 'm'::text)", "Plans": [{"Node Type": "Bitmap Index Scan", "Parent Relationship": "Outer", "Index Name": "name_pkey", "Startup Cost": 0.0, "Total Cost": 0.31, "Plan Rows": 1, "Plan Width": 0, "Index Cond": "(id = ci.person_id)"}]}]}]}, "Unique SQL Id": 3913857139, "Planner Runtime": 32}, "explain_analyze_plan": {"Plan": {"Node Type": "Aggregate", "Strategy": "Plain", "Startup Cost": 191364.35, "Total Cost": 191364.36, "Plan Rows": 1, "Plan Width": 160, "Actual Startup Time": 13878.478, "Actual Total Time": 13878.479, "Actual Rows": 1, "Actual Loops": 1, "Plans": [{"Node Type": "Nested Loop", "Parent Relationship": "Outer", "Join Type": "Inner", "Startup Cost": 4866.65, "Total Cost": 191353.75, "Plan Rows": 1413, "Plan Width": 64, "Actual Startup Time": 179.959, "Actual Total Time": 13824.008, "Actual Rows": 28073, "Actual Loops": 1, "Inner Unique": true, "Plans": [{"Node Type": "Nested Loop", "Parent Relationship": "Outer", "Join Type": "Inner", "Startup Cost": 4866.34, "Total Cost": 186348.33, "Plan Rows": 1155, "Plan Width": 68, "Actual Startup Time": 177.254, "Actual Total Time": 13307.448, "Actual Rows": 54155, "Actual Loops": 1, "Inner Unique": false, "Plans": [{"Node Type": "Nested Loop", "Parent Relationship": "Outer", "Join Type": "Inner", "Startup Cost": 4865.82, "Total Cost": 181505.66, "Plan Rows": 1044, "Plan Width": 76, "Actual Startup Time": 174.137, "Actual Total Time": 3141.495, "Actual Rows": 102516, "Actual Loops": 1, "Inner Unique": true, "Join Filter": "(mi.movie_id = t.id)", "Rows Removed by Join Filter": 0, "Plans": [{"Node Type": "Hash Join", "Parent Relationship": "Outer", "Join Type": "Inner", "Startup Cost": 4865.54, "Total Cost": 177006.47, "Plan Rows": 1044, "Plan Width": 55, "Actual Startup Time": 174.114, "Actual Total Time": 2402.885, "Actual Rows": 102516, "Actual Loops": 1, "Inner Unique": true, "Hash Cond": "(mi_idx.info_type_id = it2.id)", "Plans": [{"Node Type": "Nested Loop", "Parent Relationship": "Outer", "Join Type": "Inner", "Startup Cost": 4851.32, "Total Cost": 176971.34, "Plan Rows": 4175, "Plan Width": 59, "Actual Startup Time": 173.969, "Actual Total Time": 2288.226, "Actual Rows": 307785, "Actual Loops": 1, "Inner Unique": false, "Plans": [{"Node Type": "Nested Loop", "Parent Relationship": "Outer", "Join Type": "Inner", "Startup Cost": 4850.95, "Total Cost": 164983.91, "Plan Rows": 2717, "Plan Width": 46, "Actual Startup Time": 173.928, "Actual Total Time": 1156.932, "Actual Rows": 186594, "Actual Loops": 1, "Inner Unique": false, "Plans": [{"Node Type": "Bitmap Heap Scan", "Parent Relationship": "Outer", "Relation Name": "info_type", "Alias": "it1", "Startup Cost": 8.81, "Total Cost": 14.21, "Plan Rows": 1, "Plan Width": 4, "Actual Startup Time": 0.032, "Actual Total Time": 0.068, "Actual Rows": 1, "Actual Loops": 1, "Filter": "((info)::text = 'genres'::text)", "Rows Removed by Filter": 111, "Exact Heap Blocks": 1, "Lossy Heap Blocks": 1, "Plans": [{"Node Type": "Bitmap Index Scan", "Parent Relationship": "Outer", "Index Name": "info_type_pkey", "Startup Cost": 0.0, "Total Cost": 8.81, "Plan Rows": 112, "Plan Width": 0, "Actual Startup Time": 0.009, "Actual Total Time": 0.009, "Actual Rows": 112, "Actual Loops": 1}]}, {"Node Type": "Bitmap Heap Scan", "Parent Relationship": "Inner", "Relation Name": "movie_info", "Alias": "mi", "Startup Cost": 4842.14, "Total Cost": 164942.53, "Plan Rows": 2717, "Plan Width": 50, "Actual Startup Time": 173.89, "Actual Total Time": 1112.889, "Actual Rows": 186594, "Actual Loops": 1, "Recheck Cond": "(info_type_id = it1.id)", "Rows Removed by Index Recheck": 0, "Filter": "((info)::text = ANY ('{Horror,Action,Sci-Fi,Thriller,Crime,War}'::text[]))", "Rows Removed by Filter": 1347315, "Exact Heap Blocks": 7426, "Lossy Heap Blocks": 7426, "Plans": [{"Node Type": "Bitmap Index Scan", "Parent Relationship": "Outer", "Index Name": "info_type_id_movie_info", "Startup Cost": 0.0, "Total Cost": 4841.46, "Plan Rows": 212428, "Plan Width": 0, "Actual Startup Time": 172.512, "Actual Total Time": 172.512, "Actual Rows": 1533909, "Actual Loops": 1, "Index Cond": "(info_type_id = it1.id)"}]}]}, {"Node Type": "Bitmap Heap Scan", "Parent Relationship": "Inner", "Relation Name": "movie_info_idx", "Alias": "mi_idx", "Startup Cost": 0.37, "Total Cost": 4.39, "Plan Rows": 2, "Plan Width": 13, "Actual Startup Time": 773.736, "Actual Total Time": 819.813, "Actual Rows": 307785, "Actual Loops": 186594, "Recheck Cond": "(movie_id = mi.movie_id)", "Rows Removed by Index Recheck": 0, "Exact Heap Blocks": 103610, "Lossy Heap Blocks": 103610, "Plans": [{"Node Type": "Bitmap Index Scan", "Parent Relationship": "Outer", "Index Name": "movie_id_movie_info_idx", "Startup Cost": 0.0, "Total Cost": 0.37, "Plan Rows": 2, "Plan Width": 0, "Actual Startup Time": 525.17, "Actual Total Time": 525.17, "Actual Rows": 307785, "Actual Loops": 186594, "Index Cond": "(movie_id = mi.movie_id)"}]}]}, {"Node Type": "Hash", "Parent Relationship": "Inner", "Startup Cost": 14.21, "Total Cost": 14.21, "Plan Rows": 1, "Plan Width": 4, "Actual Startup Time": 0.093, "Actual Total Time": 0.093, "Actual Rows": 1, "Actual Loops": 1, "Hash Buckets": 32768, "Hash Batches": 1, "Original Hash Batches": 1, "Peak Memory Usage": 1, "Plans": [{"Node Type": "Bitmap Heap Scan", "Parent Relationship": "Outer", "Relation Name": "info_type", "Alias": "it2", "Startup Cost": 8.81, "Total Cost": 14.21, "Plan Rows": 1, "Plan Width": 4, "Actual Startup Time": 0.083, "Actual Total Time": 0.087, "Actual Rows": 1, "Actual Loops": 1, "Filter": "((info)::text = 'votes'::text)", "Rows Removed by Filter": 111, "Exact Heap Blocks": 1, "Lossy Heap Blocks": 1, "Plans": [{"Node Type": "Bitmap Index Scan", "Parent Relationship": "Outer", "Index Name": "info_type_pkey", "Startup Cost": 0.0, "Total Cost": 8.81, "Plan Rows": 112, "Plan Width": 0, "Actual Startup Time": 0.015, "Actual Total Time": 0.015, "Actual Rows": 112, "Actual Loops": 1}]}]}]}, {"Node Type": "Bitmap Heap Scan", "Parent Relationship": "Inner", "Relation Name": "title", "Alias": "t", "Startup Cost": 0.28, "Total Cost": 4.3, "Plan Rows": 1, "Plan Width": 21, "Actual Startup Time": 562.239, "Actual Total Time": 562.239, "Actual Rows": 102516, "Actual Loops": 102516, "Recheck Cond": "(id = mi_idx.movie_id)", "Rows Removed by Index Recheck": 0, "Exact Heap Blocks": 102516, "Lossy Heap Blocks": 102516, "Plans": [{"Node Type": "Bitmap Index Scan", "Parent Relationship": "Outer", "Index Name": "title_pkey", "Startup Cost": 0.0, "Total Cost": 0.28, "Plan Rows": 1, "Plan Width": 0, "Actual Startup Time": 308.538, "Actual Total Time": 308.538, "Actual Rows": 102516, "Actual Loops": 102516, "Index Cond": "(id = mi_idx.movie_id)"}]}]}, {"Node Type": "Bitmap Heap Scan", "Parent Relationship": "Inner", "Relation Name": "cast_info", "Alias": "ci", "Startup Cost": 0.52, "Total Cost": 4.63, "Plan Rows": 1, "Plan Width": 8, "Actual Startup Time": 8655.271, "Actual Total Time": 9997.492, "Actual Rows": 54155, "Actual Loops": 102516, "Recheck Cond": "(movie_id = t.id)", "Rows Removed by Index Recheck": 0, "Filter": "((note)::text = ANY ('{(writer),\"(head writer)\",\"(written by)\",(story),\"(story editor)\"}'::text[]))", "Rows Removed by Filter": 3987641, "Exact Heap Blocks": 3901088, "Lossy Heap Blocks": 3901088, "Plans": [{"Node Type": "Bitmap Index Scan", "Parent Relationship": "Outer", "Index Name": "movie_id_cast_info", "Startup Cost": 0.0, "Total Cost": 0.52, "Plan Rows": 6, "Plan Width": 0, "Actual Startup Time": 1076.16, "Actual Total Time": 1076.16, "Actual Rows": 4041796, "Actual Loops": 102516, "Index Cond": "(movie_id = t.id)"}]}]}, {"Node Type": "Bitmap Heap Scan", "Parent Relationship": "Inner", "Relation Name": "name", "Alias": "n", "Startup Cost": 0.31, "Total Cost": 4.32, "Plan Rows": 1, "Plan Width": 4, "Actual Startup Time": 424.814, "Actual Total Time": 424.814, "Actual Rows": 28073, "Actual Loops": 54155, "Recheck Cond": "(id = ci.person_id)", "Rows Removed by Index Recheck": 0, "Filter": "((gender)::text = 'm'::text)", "Rows Removed by Filter": 26082, "Exact Heap Blocks": 54155, "Lossy Heap Blocks": 54155, "Plans": [{"Node Type": "Bitmap Index Scan", "Parent Relationship": "Outer", "Index Name": "name_pkey", "Startup Cost": 0.0, "Total Cost": 0.31, "Plan Rows": 1, "Plan Width": 0, "Actual Startup Time": 271.328, "Actual Total Time": 271.328, "Actual Rows": 54155, "Actual Loops": 54155, "Index Cond": "(id = ci.person_id)"}]}]}]}, "Triggers": [], "Planner Runtime": 17, "Total Runtime": 13878.808, "Unique SQL Id": 3913857139}}, "(64, 72)": {"explain_plan": {"Plan": {"Node Type": "Aggregate", "Strategy": "Plain", "Startup Cost": 77639.97, "Total Cost": 77639.98, "Plan Rows": 1, "Plan Width": 160, "Plans": [{"Node Type": "Nested Loop", "Parent Relationship": "Outer", "Join Type": "Inner", "Startup Cost": 4.83, "Total Cost": 77629.37, "Plan Rows": 1413, "Plan Width": 64, "Inner Unique": true, "Plans": [{"Node Type": "Nested Loop", "Parent Relationship": "Outer", "Join Type": "Inner", "Startup Cost": 4.83, "Total Cost": 77050.1, "Plan Rows": 1155, "Plan Width": 68, "Inner Unique": false, "Plans": [{"Node Type": "Nested Loop", "Parent Relationship": "Outer", "Join Type": "Inner", "Startup Cost": 4.83, "Total Cost": 75988.47, "Plan Rows": 1044, "Plan Width": 76, "Inner Unique": true, "Join Filter": "(mi.movie_id = t.id)", "Plans": [{"Node Type": "Hash Join", "Parent Relationship": "Outer", "Join Type": "Inner", "Startup Cost": 4.83, "Total Cost": 75560.28, "Plan Rows": 1044, "Plan Width": 55, "Inner Unique": true, "Hash Cond": "(mi_idx.info_type_id = it2.id)", "Plans": [{"Node Type": "Nested Loop", "Parent Relationship": "Outer", "Join Type": "Inner", "Startup Cost": 2.41, "Total Cost": 75536.96, "Plan Rows": 4175, "Plan Width": 59, "Inner Unique": false, "Plans": [{"Node Type": "Hash Join", "Parent Relationship": "Outer", "Join Type": "Inner", "Startup Cost": 2.41, "Total Cost": 74048.91, "Plan Rows": 2717, "Plan Width": 46, "Inner Unique": true, "Hash Cond": "(mi.info_type_id = it1.id)", "Plans": [{"Node Type": "Streaming(type: LOCAL GATHER dop: 1/64)", "Parent Relationship": "Outer", "Startup Cost": 0.0, "Total Cost": 73306.19, "Plan Rows": 190170, "Plan Width": 50, "Plans": [{"Node Type": "Seq Scan", "Parent Relationship": "Outer", "Relation Name": "movie_info", "Alias": "mi", "Startup Cost": 0.0, "Total Cost": 69383.01, "Plan Rows": 190170, "Plan Width": 50, "Filter": "((info)::text = ANY ('{Horror,Action,Sci-Fi,Thriller,Crime,War}'::text[]))"}]}, {"Node Type": "Hash", "Parent Relationship": "Inner", "Startup Cost": 2.4, "Total Cost": 2.4, "Plan Rows": 1, "Plan Width": 4, "Plans": [{"Node Type": "Seq Scan", "Parent Relationship": "Outer", "Relation Name": "info_type", "Alias": "it1", "Startup Cost": 0.0, "Total Cost": 2.4, "Plan Rows": 1, "Plan Width": 4, "Filter": "((info)::text = 'genres'::text)"}]}]}, {"Node Type": "Index Scan", "Parent Relationship": "Inner", "Scan Direction": "Forward", "Index Name": "movie_id_movie_info_idx", "Relation Name": "movie_info_idx", "Alias": "mi_idx", "Startup Cost": 0.0, "Total Cost": 0.53, "Plan Rows": 2, "Plan Width": 13, "Index Cond": "(movie_id = mi.movie_id)"}]}, {"Node Type": "Hash", "Parent Relationship": "Inner", "Startup Cost": 2.4, "Total Cost": 2.4, "Plan Rows": 1, "Plan Width": 4, "Plans": [{"Node Type": "Seq Scan", "Parent Relationship": "Outer", "Relation Name": "info_type", "Alias": "it2", "Startup Cost": 0.0, "Total Cost": 2.4, "Plan Rows": 1, "Plan Width": 4, "Filter": "((info)::text = 'votes'::text)"}]}]}, {"Node Type": "Index Scan", "Parent Relationship": "Inner", "Scan Direction": "Forward", "Index Name": "title_pkey", "Relation Name": "title", "Alias": "t", "Startup Cost": 0.0, "Total Cost": 0.4, "Plan Rows": 1, "Plan Width": 21, "Index Cond": "(id = mi_idx.movie_id)"}]}, {"Node Type": "Index Scan", "Parent Relationship": "Inner", "Scan Direction": "Forward", "Index Name": "movie_id_cast_info", "Relation Name": "cast_info", "Alias": "ci", "Startup Cost": 0.0, "Total Cost": 1.01, "Plan Rows": 1, "Plan Width": 8, "Index Cond": "(movie_id = t.id)", "Filter": "((note)::text = ANY ('{(writer),\"(head writer)\",\"(written by)\",(story),\"(story editor)\"}'::text[]))"}]}, {"Node Type": "Index Scan", "Parent Relationship": "Inner", "Scan Direction": "Forward", "Index Name": "name_pkey", "Relation Name": "name", "Alias": "n", "Startup Cost": 0.0, "Total Cost": 0.49, "Plan Rows": 1, "Plan Width": 4, "Index Cond": "(id = ci.person_id)", "Filter": "((gender)::text = 'm'::text)"}]}]}, "Unique SQL Id": 3913857139, "Planner Runtime": 62}, "explain_analyze_plan": {"Plan": {"Node Type": "Aggregate", "Strategy": "Plain", "Startup Cost": 77639.97, "Total Cost": 77639.98, "Plan Rows": 1, "Plan Width": 160, "Actual Min Startup Time": 10259.092, "Actual Max Startup Time": 10259.092, "Actual Min Total Time": 10259.093, "Actual Max Total Time": 10259.093, "Plans": [{"Node Type": "Nested Loop", "Parent Relationship": "Outer", "Join Type": "Inner", "Startup Cost": 4.83, "Total Cost": 77629.37, "Plan Rows": 1413, "Plan Width": 64, "Actual Min Startup Time": 156.083, "Actual Max Startup Time": 156.083, "Actual Min Total Time": 10216.404, "Actual Max Total Time": 10216.404, "Inner Unique": true, "Plans": [{"Node Type": "Nested Loop", "Parent Relationship": "Outer", "Join Type": "Inner", "Startup Cost": 4.83, "Total Cost": 77050.1, "Plan Rows": 1155, "Plan Width": 68, "Actual Min Startup Time": 156.042, "Actual Max Startup Time": 156.042, "Actual Min Total Time": 9827.634, "Actual Max Total Time": 9827.634, "Inner Unique": false, "Plans": [{"Node Type": "Nested Loop", "Parent Relationship": "Outer", "Join Type": "Inner", "Startup Cost": 4.83, "Total Cost": 75988.47, "Plan Rows": 1044, "Plan Width": 76, "Actual Min Startup Time": 155.915, "Actual Max Startup Time": 155.915, "Actual Min Total Time": 1805.705, "Actual Max Total Time": 1805.705, "Inner Unique": true, "Join Filter": "(mi.movie_id = t.id)", "Rows Removed by Join Filter": 0, "Plans": [{"Node Type": "Hash Join", "Parent Relationship": "Outer", "Join Type": "Inner", "Startup Cost": 4.83, "Total Cost": 75560.28, "Plan Rows": 1044, "Plan Width": 55, "Actual Min Startup Time": 155.892, "Actual Max Startup Time": 155.892, "Actual Min Total Time": 1270.945, "Actual Max Total Time": 1270.945, "Inner Unique": true, "Hash Cond": "(mi_idx.info_type_id = it2.id)", "Plans": [{"Node Type": "Nested Loop", "Parent Relationship": "Outer", "Join Type": "Inner", "Startup Cost": 2.41, "Total Cost": 75536.96, "Plan Rows": 4175, "Plan Width": 59, "Actual Min Startup Time": 155.737, "Actual Max Startup Time": 155.737, "Actual Min Total Time": 1174.776, "Actual Max Total Time": 1174.776, "Inner Unique": false, "Plans": [{"Node Type": "Hash Join", "Parent Relationship": "Outer", "Join Type": "Inner", "Startup Cost": 2.41, "Total Cost": 74048.91, "Plan Rows": 2717, "Plan Width": 46, "Actual Min Startup Time": 155.684, "Actual Max Startup Time": 155.684, "Actual Min Total Time": 356.203, "Actual Max Total Time": 356.203, "Inner Unique": true, "Hash Cond": "(mi.info_type_id = it1.id)", "Plans": [{"Node Type": "Streaming(type: LOCAL GATHER dop: 1/64)", "Parent Relationship": "Outer", "Startup Cost": 0.0, "Total Cost": 73306.19, "Plan Rows": 190170, "Plan Width": 50, "Actual Min Startup Time": 136.808, "Actual Max Startup Time": 136.808, "Actual Min Total Time": 246.814, "Actual Max Total Time": 246.814, "Plans": [{"Node Type": "Seq Scan", "Parent Relationship": "Outer", "Relation Name": "movie_info", "Alias": "mi", "Startup Cost": 0.0, "Total Cost": 69383.01, "Plan Rows": 190170, "Plan Width": 50, "Actual Min Startup Time": 63.231, "Actual Max Startup Time": 142.443, "Actual Min Total Time": 110.322, "Actual Max Total Time": 163.069, "Filter": "((info)::text = ANY ('{Horror,Action,Sci-Fi,Thriller,Crime,War}'::text[]))", "Rows Removed by Filter": 14646748, "Actual Rows": 188971}], "Actual Rows": 188971}, {"Node Type": "Hash", "Parent Relationship": "Inner", "Startup Cost": 2.4, "Total Cost": 2.4, "Plan Rows": 1, "Plan Width": 4, "Actual Min Startup Time": 0.056, "Actual Max Startup Time": 0.056, "Actual Min Total Time": 0.056, "Actual Max Total Time": 0.056, "Max Hash Buckets": 32768, "Min Hash Buckets": 32768, "Max Hash Batches": 1, "Min Hash Batches": 1, "Max Original Hash Batches": 1, "Min Original Hash Batches": 1, "Max Peak Memory Usage": 1, "min Peak Memory Usage": 1, "Plans": [{"Node Type": "Seq Scan", "Parent Relationship": "Outer", "Relation Name": "info_type", "Alias": "it1", "Startup Cost": 0.0, "Total Cost": 2.4, "Plan Rows": 1, "Plan Width": 4, "Actual Min Startup Time": 0.028, "Actual Max Startup Time": 0.028, "Actual Min Total Time": 0.05, "Actual Max Total Time": 0.05, "Filter": "((info)::text = 'genres'::text)", "Rows Removed by Filter": 111, "Actual Rows": 1}], "Actual Rows": 1}], "Actual Rows": 186594}, {"Node Type": "Index Scan", "Parent Relationship": "Inner", "Scan Direction": "Forward", "Index Name": "movie_id_movie_info_idx", "Relation Name": "movie_info_idx", "Alias": "mi_idx", "Startup Cost": 0.0, "Total Cost": 0.53, "Plan Rows": 2, "Plan Width": 13, "Actual Min Startup Time": 530.603, "Actual Max Startup Time": 530.603, "Actual Min Total Time": 647.551, "Actual Max Total Time": 647.551, "Index Cond": "(movie_id = mi.movie_id)", "Rows Removed by Index Recheck": 0, "Actual Rows": 307785}], "Actual Rows": 307785}, {"Node Type": "Hash", "Parent Relationship": "Inner", "Startup Cost": 2.4, "Total Cost": 2.4, "Plan Rows": 1, "Plan Width": 4, "Actual Min Startup Time": 0.09, "Actual Max Startup Time": 0.09, "Actual Min Total Time": 0.09, "Actual Max Total Time": 0.09, "Max Hash Buckets": 32768, "Min Hash Buckets": 32768, "Max Hash Batches": 1, "Min Hash Batches": 1, "Max Original Hash Batches": 1, "Min Original Hash Batches": 1, "Max Peak Memory Usage": 1, "min Peak Memory Usage": 1, "Plans": [{"Node Type": "Seq Scan", "Parent Relationship": "Outer", "Relation Name": "info_type", "Alias": "it2", "Startup Cost": 0.0, "Total Cost": 2.4, "Plan Rows": 1, "Plan Width": 4, "Actual Min Startup Time": 0.075, "Actual Max Startup Time": 0.075, "Actual Min Total Time": 0.08, "Actual Max Total Time": 0.08, "Filter": "((info)::text = 'votes'::text)", "Rows Removed by Filter": 111, "Actual Rows": 1}], "Actual Rows": 1}], "Actual Rows": 102516}, {"Node Type": "Index Scan", "Parent Relationship": "Inner", "Scan Direction": "Forward", "Index Name": "title_pkey", "Relation Name": "title", "Alias": "t", "Startup Cost": 0.0, "Total Cost": 0.4, "Plan Rows": 1, "Plan Width": 21, "Actual Min Startup Time": 424.957, "Actual Max Startup Time": 424.957, "Actual Min Total Time": 424.957, "Actual Max Total Time": 424.957, "Index Cond": "(id = mi_idx.movie_id)", "Rows Removed by Index Recheck": 0, "Actual Rows": 102516}], "Actual Rows": 102516}, {"Node Type": "Index Scan", "Parent Relationship": "Inner", "Scan Direction": "Forward", "Index Name": "movie_id_cast_info", "Relation Name": "cast_info", "Alias": "ci", "Startup Cost": 0.0, "Total Cost": 1.01, "Plan Rows": 1, "Plan Width": 8, "Actual Min Startup Time": 6776.626, "Actual Max Startup Time": 6776.626, "Actual Min Total Time": 7948.601, "Actual Max Total Time": 7948.601, "Index Cond": "(movie_id = t.id)", "Rows Removed by Index Recheck": 0, "Filter": "((note)::text = ANY ('{(writer),\"(head writer)\",\"(written by)\",(story),\"(story editor)\"}'::text[]))", "Rows Removed by Filter": 3987641, "Actual Rows": 54155}], "Actual Rows": 54155}, {"Node Type": "Index Scan", "Parent Relationship": "Inner", "Scan Direction": "Forward", "Index Name": "name_pkey", "Relation Name": "name", "Alias": "n", "Startup Cost": 0.0, "Total Cost": 0.49, "Plan Rows": 1, "Plan Width": 4, "Actual Min Startup Time": 341.205, "Actual Max Startup Time": 341.205, "Actual Min Total Time": 341.205, "Actual Max Total Time": 341.205, "Index Cond": "(id = ci.person_id)", "Rows Removed by Index Recheck": 0, "Filter": "((gender)::text = 'm'::text)", "Rows Removed by Filter": 26082, "Actual Rows": 28073}], "Actual Rows": 28073}], "Actual Rows": 1}, "Triggers": [], "Planner Runtime": 47, "Total Runtime": 10270.15, "Unique SQL Id": 3913857139}}, "(64, 73)": {"explain_plan": {"Plan": {"Node Type": "Aggregate", "Strategy": "Plain", "Startup Cost": 383291.22, "Total Cost": 383291.23, "Plan Rows": 1, "Plan Width": 160, "Plans": [{"Node Type": "Nested Loop", "Parent Relationship": "Outer", "Join Type": "Inner", "Startup Cost": 14.22, "Total Cost": 383280.62, "Plan Rows": 1413, "Plan Width": 64, "Inner Unique": true, "Plans": [{"Node Type": "Nested Loop", "Parent Relationship": "Outer", "Join Type": "Inner", "Startup Cost": 14.22, "Total Cost": 382701.35, "Plan Rows": 1155, "Plan Width": 68, "Inner Unique": false, "Plans": [{"Node Type": "Nested Loop", "Parent Relationship": "Outer", "Join Type": "Inner", "Startup Cost": 14.22, "Total Cost": 381639.72, "Plan Rows": 1044, "Plan Width": 76, "Inner Unique": true, "Join Filter": "(mi.movie_id = t.id)", "Plans": [{"Node Type": "Hash Join", "Parent Relationship": "Outer", "Join Type": "Inner", "Startup Cost": 14.22, "Total Cost": 381211.53, "Plan Rows": 1044, "Plan Width": 55, "Inner Unique": true, "Hash Cond": "(mi.info_type_id = it1.id)", "Plans": [{"Node Type": "Nested Loop", "Parent Relationship": "Outer", "Join Type": "Inner", "Startup Cost": 0.0, "Total Cost": 380590.58, "Plan Rows": 229029, "Plan Width": 59, "Inner Unique": false, "Plans": [{"Node Type": "Nested Loop", "Parent Relationship": "Outer", "Join Type": "Inner", "Startup Cost": 0.0, "Total Cost": 38338.2, "Plan Rows": 345008, "Plan Width": 9, "Inner Unique": false, "Plans": [{"Node Type": "Index Scan", "Parent Relationship": "Outer", "Scan Direction": "Forward", "Index Name": "info_type_pkey", "Relation Name": "info_type", "Alias": "it2", "Startup Cost": 0.0, "Total Cost": 14.21, "Plan Rows": 1, "Plan Width": 4, "Filter": "((info)::text = 'votes'::text)"}, {"Node Type": "Index Scan", "Parent Relationship": "Inner", "Scan Direction": "Forward", "Index Name": "info_type_id_movie_info_idx", "Relation Name": "movie_info_idx", "Alias": "mi_idx", "Startup Cost": 0.0, "Total Cost": 34873.91, "Plan Rows": 345008, "Plan Width": 13, "Index Cond": "(info_type_id = it2.id), (LLVM Optimized)"}]}, {"Node Type": "Index Scan", "Parent Relationship": "Inner", "Scan Direction": "Forward", "Index Name": "movie_id_movie_info", "Relation Name": "movie_info", "Alias": "mi", "Startup Cost": 0.0, "Total Cost": 0.98, "Plan Rows": 1, "Plan Width": 50, "Index Cond": "(movie_id = mi_idx.movie_id)", "Filter": "((info)::text = ANY ('{Horror,Action,Sci-Fi,Thriller,Crime,War}'::text[]))"}]}, {"Node Type": "Hash", "Parent Relationship": "Inner", "Startup Cost": 14.21, "Total Cost": 14.21, "Plan Rows": 1, "Plan Width": 4, "Plans": [{"Node Type": "Index Scan", "Parent Relationship": "Outer", "Scan Direction": "Forward", "Index Name": "info_type_pkey", "Relation Name": "info_type", "Alias": "it1", "Startup Cost": 0.0, "Total Cost": 14.21, "Plan Rows": 1, "Plan Width": 4, "Filter": "((info)::text = 'genres'::text)"}]}]}, {"Node Type": "Index Scan", "Parent Relationship": "Inner", "Scan Direction": "Forward", "Index Name": "title_pkey", "Relation Name": "title", "Alias": "t", "Startup Cost": 0.0, "Total Cost": 0.4, "Plan Rows": 1, "Plan Width": 21, "Index Cond": "(id = mi_idx.movie_id)"}]}, {"Node Type": "Index Scan", "Parent Relationship": "Inner", "Scan Direction": "Forward", "Index Name": "movie_id_cast_info", "Relation Name": "cast_info", "Alias": "ci", "Startup Cost": 0.0, "Total Cost": 1.01, "Plan Rows": 1, "Plan Width": 8, "Index Cond": "(movie_id = t.id)", "Filter": "((note)::text = ANY ('{(writer),\"(head writer)\",\"(written by)\",(story),\"(story editor)\"}'::text[]))"}]}, {"Node Type": "Index Scan", "Parent Relationship": "Inner", "Scan Direction": "Forward", "Index Name": "name_pkey", "Relation Name": "name", "Alias": "n", "Startup Cost": 0.0, "Total Cost": 0.49, "Plan Rows": 1, "Plan Width": 4, "Index Cond": "(id = ci.person_id)", "Filter": "((gender)::text = 'm'::text)"}]}]}, "Unique SQL Id": 3913857139, "Planner Runtime": 27}, "explain_analyze_plan": {"Plan": {"Node Type": "Aggregate", "Strategy": "Plain", "Startup Cost": 383291.22, "Total Cost": 383291.23, "Plan Rows": 1, "Plan Width": 160, "Actual Startup Time": 18915.67, "Actual Total Time": 18915.67, "Actual Rows": 1, "Actual Loops": 1, "Plans": [{"Node Type": "Nested Loop", "Parent Relationship": "Outer", "Join Type": "Inner", "Startup Cost": 14.22, "Total Cost": 383280.62, "Plan Rows": 1413, "Plan Width": 64, "Actual Startup Time": 29.61, "Actual Total Time": 18870.833, "Actual Rows": 28073, "Actual Loops": 1, "Inner Unique": true, "Plans": [{"Node Type": "Nested Loop", "Parent Relationship": "Outer", "Join Type": "Inner", "Startup Cost": 14.22, "Total Cost": 382701.35, "Plan Rows": 1155, "Plan Width": 68, "Actual Startup Time": 14.671, "Actual Total Time": 18459.302, "Actual Rows": 54155, "Actual Loops": 1, "Inner Unique": false, "Plans": [{"Node Type": "Nested Loop", "Parent Relationship": "Outer", "Join Type": "Inner", "Startup Cost": 14.22, "Total Cost": 381639.72, "Plan Rows": 1044, "Plan Width": 76, "Actual Startup Time": 0.881, "Actual Total Time": 10022.466, "Actual Rows": 102516, "Actual Loops": 1, "Inner Unique": true, "Join Filter": "(mi.movie_id = t.id)", "Rows Removed by Join Filter": 0, "Plans": [{"Node Type": "Hash Join", "Parent Relationship": "Outer", "Join Type": "Inner", "Startup Cost": 14.22, "Total Cost": 381211.53, "Plan Rows": 1044, "Plan Width": 55, "Actual Startup Time": 0.87, "Actual Total Time": 9449.372, "Actual Rows": 102516, "Actual Loops": 1, "Inner Unique": true, "Hash Cond": "(mi.info_type_id = it1.id)", "Plans": [{"Node Type": "Nested Loop", "Parent Relationship": "Outer", "Join Type": "Inner", "Startup Cost": 0.0, "Total Cost": 380590.58, "Plan Rows": 229029, "Plan Width": 59, "Actual Startup Time": 0.769, "Actual Total Time": 9381.941, "Actual Rows": 104892, "Actual Loops": 1, "Inner Unique": false, "Plans": [{"Node Type": "Nested Loop", "Parent Relationship": "Outer", "Join Type": "Inner", "Startup Cost": 0.0, "Total Cost": 38338.2, "Plan Rows": 345008, "Plan Width": 9, "Actual Startup Time": 0.087, "Actual Total Time": 400.663, "Actual Rows": 459925, "Actual Loops": 1, "Inner Unique": false, "Plans": [{"Node Type": "Index Scan", "Parent Relationship": "Outer", "Scan Direction": "Forward", "Index Name": "info_type_pkey", "Relation Name": "info_type", "Alias": "it2", "Startup Cost": 0.0, "Total Cost": 14.21, "Plan Rows": 1, "Plan Width": 4, "Actual Startup Time": 0.07, "Actual Total Time": 0.091, "Actual Rows": 1, "Actual Loops": 1, "Filter": "((info)::text = 'votes'::text)", "Rows Removed by Filter": 111}, {"Node Type": "Index Scan", "Parent Relationship": "Inner", "Scan Direction": "Forward", "Index Name": "info_type_id_movie_info_idx", "Relation Name": "movie_info_idx", "Alias": "mi_idx", "Startup Cost": 0.0, "Total Cost": 34873.91, "Plan Rows": 345008, "Plan Width": 13, "Actual Startup Time": 0.014, "Actual Total Time": 288.57, "Actual Rows": 459925, "Actual Loops": 1, "Index Cond": "(info_type_id = it2.id), (LLVM Optimized, Jit Execute)", "Rows Removed by Index Recheck": 0}]}, {"Node Type": "Index Scan", "Parent Relationship": "Inner", "Scan Direction": "Forward", "Index Name": "movie_id_movie_info", "Relation Name": "movie_info", "Alias": "mi", "Startup Cost": 0.0, "Total Cost": 0.98, "Plan Rows": 1, "Plan Width": 50, "Actual Startup Time": 8553.281, "Actual Total Time": 8716.391, "Actual Rows": 104892, "Actual Loops": 459925, "Index Cond": "(movie_id = mi_idx.movie_id)", "Rows Removed by Index Recheck": 0, "Filter": "((info)::text = ANY ('{Horror,Action,Sci-Fi,Thriller,Crime,War}'::text[]))", "Rows Removed by Filter": 6825442}]}, {"Node Type": "Hash", "Parent Relationship": "Inner", "Startup Cost": 14.21, "Total Cost": 14.21, "Plan Rows": 1, "Plan Width": 4, "Actual Startup Time": 0.063, "Actual Total Time": 0.063, "Actual Rows": 1, "Actual Loops": 1, "Hash Buckets": 32768, "Hash Batches": 1, "Original Hash Batches": 1, "Peak Memory Usage": 1, "Plans": [{"Node Type": "Index Scan", "Parent Relationship": "Outer", "Scan Direction": "Forward", "Index Name": "info_type_pkey", "Relation Name": "info_type", "Alias": "it1", "Startup Cost": 0.0, "Total Cost": 14.21, "Plan Rows": 1, "Plan Width": 4, "Actual Startup Time": 0.011, "Actual Total Time": 0.056, "Actual Rows": 1, "Actual Loops": 1, "Filter": "((info)::text = 'genres'::text)", "Rows Removed by Filter": 111}]}]}, {"Node Type": "Index Scan", "Parent Relationship": "Inner", "Scan Direction": "Forward", "Index Name": "title_pkey", "Relation Name": "title", "Alias": "t", "Startup Cost": 0.0, "Total Cost": 0.4, "Plan Rows": 1, "Plan Width": 21, "Actual Startup Time": 451.922, "Actual Total Time": 451.922, "Actual Rows": 102516, "Actual Loops": 102516, "Index Cond": "(id = mi_idx.movie_id)", "Rows Removed by Index Recheck": 0}]}, {"Node Type": "Index Scan", "Parent Relationship": "Inner", "Scan Direction": "Forward", "Index Name": "movie_id_cast_info", "Relation Name": "cast_info", "Alias": "ci", "Startup Cost": 0.0, "Total Cost": 1.01, "Plan Rows": 1, "Plan Width": 8, "Actual Startup Time": 7128.686, "Actual Total Time": 8362.97, "Actual Rows": 54155, "Actual Loops": 102516, "Index Cond": "(movie_id = t.id)", "Rows Removed by Index Recheck": 0, "Filter": "((note)::text = ANY ('{(writer),\"(head writer)\",\"(written by)\",(story),\"(story editor)\"}'::text[]))", "Rows Removed by Filter": 3987641}]}, {"Node Type": "Index Scan", "Parent Relationship": "Inner", "Scan Direction": "Forward", "Index Name": "name_pkey", "Relation Name": "name", "Alias": "n", "Startup Cost": 0.0, "Total Cost": 0.49, "Plan Rows": 1, "Plan Width": 4, "Actual Startup Time": 362.758, "Actual Total Time": 362.758, "Actual Rows": 28073, "Actual Loops": 54155, "Index Cond": "(id = ci.person_id)", "Rows Removed by Index Recheck": 0, "Filter": "((gender)::text = 'm'::text)", "Rows Removed by Filter": 26082}]}]}, "Triggers": [], "Planner Runtime": 17, "Total Runtime": 18924.645, "Unique SQL Id": 3913857139}}, "(64, 74)": {"explain_plan": {"Plan": {"Node Type": "Aggregate", "Strategy": "Plain", "Startup Cost": 321917.07, "Total Cost": 321917.08, "Plan Rows": 1, "Plan Width": 160, "Plans": [{"Node Type": "Hash Join", "Parent Relationship": "Outer", "Join Type": "Inner", "Startup Cost": 231911.73, "Total Cost": 321906.48, "Plan Rows": 1413, "Plan Width": 64, "Inner Unique": true, "Hash Cond": "(ci.person_id = n.id)", "Plans": [{"Node Type": "Streaming(type: LOCAL GATHER dop: 1/64)", "Parent Relationship": "Outer", "Startup Cost": 185020.87, "Total Cost": 274997.15, "Plan Rows": 1155, "Plan Width": 68, "Plans": [{"Node Type": "Hash Join", "Parent Relationship": "Outer", "Join Type": "Inner", "Startup Cost": 185020.87, "Total Cost": 274973.32, "Plan Rows": 1155, "Plan Width": 68, "Inner Unique": false, "Hash Cond": "(t.id = ci.movie_id)", "Plans": [{"Node Type": "Streaming(type: BROADCAST dop: 64/1)", "Parent Relationship": "Outer", "Startup Cost": 165795.64, "Total Cost": 255687.89, "Plan Rows": 66816, "Plan Width": 76, "Plans": [{"Node Type": "Hash Join", "Parent Relationship": "Outer", "Join Type": "Inner", "Startup Cost": 165795.64, "Total Cost": 191309.48, "Plan Rows": 1044, "Plan Width": 76, "Inner Unique": true, "Hash Cond": "(mi_idx.info_type_id = it2.id)", "Plans": [{"Node Type": "Hash Join", "Parent Relationship": "Outer", "Join Type": "Inner", "Startup Cost": 165793.23, "Total Cost": 191284.45, "Plan Rows": 4175, "Plan Width": 80, "Inner Unique": false, "Hash Cond": "(mi_idx.movie_id = t.id)", "Plans": [{"Node Type": "Seq Scan", "Parent Relationship": "Outer", "Relation Name": "movie_info_idx", "Alias": "mi_idx", "Startup Cost": 0.0, "Total Cost": 20274.34, "Plan Rows": 1380034, "Plan Width": 13}, {"Node Type": "Hash", "Parent Relationship": "Inner", "Startup Cost": 165759.27, "Total Cost": 165759.27, "Plan Rows": 2717, "Plan Width": 67, "Plans": [{"Node Type": "Hash Join", "Parent Relationship": "Outer", "Join Type": "Inner", "Startup Cost": 91675.41, "Total Cost": 165759.27, "Plan Rows": 2717, "Plan Width": 67, "Inner Unique": true, "Hash Cond": "(mi.movie_id = t.id)", "Plans": [{"Node Type": "Hash Join", "Parent Relationship": "Outer", "Join Type": "Inner", "Startup Cost": 2.41, "Total Cost": 74048.91, "Plan Rows": 2717, "Plan Width": 46, "Inner Unique": true, "Hash Cond": "(mi.info_type_id = it1.id)", "Plans": [{"Node Type": "Streaming(type: LOCAL GATHER dop: 1/64)", "Parent Relationship": "Outer", "Startup Cost": 0.0, "Total Cost": 73306.19, "Plan Rows": 190170, "Plan Width": 50, "Plans": [{"Node Type": "Seq Scan", "Parent Relationship": "Outer", "Relation Name": "movie_info", "Alias": "mi", "Startup Cost": 0.0, "Total Cost": 69383.01, "Plan Rows": 190170, "Plan Width": 50, "Filter": "((info)::text = ANY ('{Horror,Action,Sci-Fi,Thriller,Crime,War}'::text[]))"}]}, {"Node Type": "Hash", "Parent Relationship": "Inner", "Startup Cost": 2.4, "Total Cost": 2.4, "Plan Rows": 1, "Plan Width": 4, "Plans": [{"Node Type": "Seq Scan", "Parent Relationship": "Outer", "Relation Name": "info_type", "Alias": "it1", "Startup Cost": 0.0, "Total Cost": 2.4, "Plan Rows": 1, "Plan Width": 4, "Filter": "((info)::text = 'genres'::text)"}]}]}, {"Node Type": "Hash", "Parent Relationship": "Inner", "Startup Cost": 60069.11, "Total Cost": 60069.11, "Plan Rows": 2528311, "Plan Width": 21, "Plans": [{"Node Type": "Seq Scan", "Parent Relationship": "Outer", "Relation Name": "title", "Alias": "t", "Startup Cost": 0.0, "Total Cost": 60069.11, "Plan Rows": 2528311, "Plan Width": 21}]}]}]}]}, {"Node Type": "Hash", "Parent Relationship": "Inner", "Startup Cost": 2.4, "Total Cost": 2.4, "Plan Rows": 1, "Plan Width": 4, "Plans": [{"Node Type": "Seq Scan", "Parent Relationship": "Outer", "Relation Name": "info_type", "Alias": "it2", "Startup Cost": 0.0, "Total Cost": 2.4, "Plan Rows": 1, "Plan Width": 4, "Filter": "((info)::text = 'votes'::text)"}]}]}]}, {"Node Type": "Hash", "Parent Relationship": "Inner", "Startup Cost": 75945.31, "Total Cost": 75945.31, "Plan Rows": 1223154, "Plan Width": 8, "Plans": [{"Node Type": "Seq Scan", "Parent Relationship": "Outer", "Relation Name": "cast_info", "Alias": "ci", "Startup Cost": 0.0, "Total Cost": 75945.31, "Plan Rows": 1223154, "Plan Width": 8, "Filter": "((note)::text = ANY ('{(writer),\"(head writer)\",\"(written by)\",(story),\"(story editor)\"}'::text[]))"}]}]}]}, {"Node Type": "Hash", "Parent Relationship": "Inner", "Startup Cost": 100527.77, "Total Cost": 100527.77, "Plan Rows": 1740714, "Plan Width": 4, "Plans": [{"Node Type": "Streaming(type: LOCAL GATHER dop: 1/64)", "Parent Relationship": "Outer", "Startup Cost": 0.0, "Total Cost": 100527.77, "Plan Rows": 1740714, "Plan Width": 4, "Plans": [{"Node Type": "Seq Scan", "Parent Relationship": "Outer", "Relation Name": "name", "Alias": "n", "Startup Cost": 0.0, "Total Cost": 64617.04, "Plan Rows": 1740714, "Plan Width": 4, "Filter": "((gender)::text = 'm'::text), (LLVM Optimized)"}]}]}]}]}, "Unique SQL Id": 3913857139, "Planner Runtime": 97}, "explain_analyze_plan": {"Plan": {"Node Type": "Aggregate", "Strategy": "Plain", "Startup Cost": 321917.07, "Total Cost": 321917.08, "Plan Rows": 1, "Plan Width": 160, "Actual Min Startup Time": 8948.572, "Actual Max Startup Time": 8948.572, "Actual Min Total Time": 8948.572, "Actual Max Total Time": 8948.572, "Plans": [{"Node Type": "Hash Join", "Parent Relationship": "Outer", "Join Type": "Inner", "Startup Cost": 231911.73, "Total Cost": 321906.48, "Plan Rows": 1413, "Plan Width": 64, "Actual Min Startup Time": 3616.042, "Actual Max Startup Time": 3616.042, "Actual Min Total Time": 8928.76, "Actual Max Total Time": 8928.76, "Inner Unique": true, "Hash Cond": "(ci.person_id = n.id)", "Plans": [{"Node Type": "Streaming(type: LOCAL GATHER dop: 1/64)", "Parent Relationship": "Outer", "Startup Cost": 185020.87, "Total Cost": 274997.15, "Plan Rows": 1155, "Plan Width": 68, "Actual Min Startup Time": 2346.284, "Actual Max Startup Time": 2346.284, "Actual Min Total Time": 7633.108, "Actual Max Total Time": 7633.108, "Plans": [{"Node Type": "Hash Join", "Parent Relationship": "Outer", "Join Type": "Inner", "Startup Cost": 185020.87, "Total Cost": 274973.32, "Plan Rows": 1155, "Plan Width": 68, "Actual Min Startup Time": 2493.293, "Actual Max Startup Time": 2737.81, "Actual Min Total Time": 8544.81, "Actual Max Total Time": 8757.391, "Inner Unique": false, "Hash Cond": "(t.id = ci.movie_id)", "Plans": [{"Node Type": "Streaming(type: BROADCAST dop: 64/1)", "Parent Relationship": "Outer", "Startup Cost": 165795.64, "Total Cost": 255687.89, "Plan Rows": 66816, "Plan Width": 76, "Actual Min Startup Time": 2256.439, "Actual Max Startup Time": 2405.875, "Actual Min Total Time": 8286.327, "Actual Max Total Time": 8441.897, "Plans": [{"Node Type": "Hash Join", "Parent Relationship": "Outer", "Join Type": "Inner", "Startup Cost": 165795.64, "Total Cost": 191309.48, "Plan Rows": 1044, "Plan Width": 76, "Actual Min Startup Time": 2508.604, "Actual Max Startup Time": 2508.604, "Actual Min Total Time": 3532.896, "Actual Max Total Time": 3532.896, "Inner Unique": true, "Hash Cond": "(mi_idx.info_type_id = it2.id)", "Plans": [{"Node Type": "Hash Join", "Parent Relationship": "Outer", "Join Type": "Inner", "Startup Cost": 165793.23, "Total Cost": 191284.45, "Plan Rows": 4175, "Plan Width": 80, "Actual Min Startup Time": 2498.064, "Actual Max Startup Time": 2498.064, "Actual Min Total Time": 3445.986, "Actual Max Total Time": 3445.986, "Inner Unique": false, "Hash Cond": "(mi_idx.movie_id = t.id)", "Plans": [{"Node Type": "Seq Scan", "Parent Relationship": "Outer", "Relation Name": "movie_info_idx", "Alias": "mi_idx", "Startup Cost": 0.0, "Total Cost": 20274.34, "Plan Rows": 1380034, "Plan Width": 13, "Actual Min Startup Time": 0.048, "Actual Max Startup Time": 0.048, "Actual Min Total Time": 328.546, "Actual Max Total Time": 328.546, "Actual Rows": 1380034}, {"Node Type": "Hash", "Parent Relationship": "Inner", "Startup Cost": 165759.27, "Total Cost": 165759.27, "Plan Rows": 2717, "Plan Width": 67, "Actual Min Startup Time": 2493.682, "Actual Max Startup Time": 2493.682, "Actual Min Total Time": 2493.682, "Actual Max Total Time": 2493.682, "Max Hash Buckets": 32768, "Min Hash Buckets": 32768, "Max Hash Batches": 1, "Min Hash Batches": 1, "Max Original Hash Batches": 1, "Min Original Hash Batches": 1, "Max Peak Memory Usage": 12274, "min Peak Memory Usage": 12274, "Plans": [{"Node Type": "Hash Join", "Parent Relationship": "Outer", "Join Type": "Inner", "Startup Cost": 91675.41, "Total Cost": 165759.27, "Plan Rows": 2717, "Plan Width": 67, "Actual Min Startup Time": 2152.416, "Actual Max Startup Time": 2152.416, "Actual Min Total Time": 2434.501, "Actual Max Total Time": 2434.501, "Inner Unique": true, "Hash Cond": "(mi.movie_id = t.id)", "Plans": [{"Node Type": "Hash Join", "Parent Relationship": "Outer", "Join Type": "Inner", "Startup Cost": 2.41, "Total Cost": 74048.91, "Plan Rows": 2717, "Plan Width": 46, "Actual Min Startup Time": 0.351, "Actual Max Startup Time": 0.351, "Actual Min Total Time": 164.842, "Actual Max Total Time": 164.842, "Inner Unique": true, "Hash Cond": "(mi.info_type_id = it1.id)", "Plans": [{"Node Type": "Streaming(type: LOCAL GATHER dop: 1/64)", "Parent Relationship": "Outer", "Startup Cost": 0.0, "Total Cost": 73306.19, "Plan Rows": 190170, "Plan Width": 50, "Actual Min Startup Time": 0.168, "Actual Max Startup Time": 0.168, "Actual Min Total Time": 92.57, "Actual Max Total Time": 92.57, "Plans": [{"Node Type": "Seq Scan", "Parent Relationship": "Outer", "Relation Name": "movie_info", "Alias": "mi", "Startup Cost": 0.0, "Total Cost": 69383.01, "Plan Rows": 190170, "Plan Width": 50, "Actual Min Startup Time": 66.911, "Actual Max Startup Time": 130.33, "Actual Min Total Time": 110.417, "Actual Max Total Time": 140.922, "Filter": "((info)::text = ANY ('{Horror,Action,Sci-Fi,Thriller,Crime,War}'::text[]))", "Rows Removed by Filter": 14646748, "Actual Rows": 188971}], "Actual Rows": 188971}, {"Node Type": "Hash", "Parent Relationship": "Inner", "Startup Cost": 2.4, "Total Cost": 2.4, "Plan Rows": 1, "Plan Width": 4, "Actual Min Startup Time": 0.094, "Actual Max Startup Time": 0.094, "Actual Min Total Time": 0.094, "Actual Max Total Time": 0.094, "Max Hash Buckets": 32768, "Min Hash Buckets": 32768, "Max Hash Batches": 1, "Min Hash Batches": 1, "Max Original Hash Batches": 1, "Min Original Hash Batches": 1, "Max Peak Memory Usage": 1, "min Peak Memory Usage": 1, "Plans": [{"Node Type": "Seq Scan", "Parent Relationship": "Outer", "Relation Name": "info_type", "Alias": "it1", "Startup Cost": 0.0, "Total Cost": 2.4, "Plan Rows": 1, "Plan Width": 4, "Actual Min Startup Time": 0.057, "Actual Max Startup Time": 0.057, "Actual Min Total Time": 0.08, "Actual Max Total Time": 0.08, "Filter": "((info)::text = 'genres'::text)", "Rows Removed by Filter": 111, "Actual Rows": 1}], "Actual Rows": 1}], "Actual Rows": 186594}, {"Node Type": "Hash", "Parent Relationship": "Inner", "Startup Cost": 60069.11, "Total Cost": 60069.11, "Plan Rows": 2528311, "Plan Width": 21, "Actual Min Startup Time": 2109.785, "Actual Max Startup Time": 2109.785, "Actual Min Total Time": 2109.785, "Actual Max Total Time": 2109.785, "Max Hash Buckets": 4194304, "Min Hash Buckets": 4194304, "Max Hash Batches": 1, "Min Hash Batches": 1, "Max Original Hash Batches": 1, "Min Original Hash Batches": 1, "Max Peak Memory Usage": 135869, "min Peak Memory Usage": 135869, "Plans": [{"Node Type": "Seq Scan", "Parent Relationship": "Outer", "Relation Name": "title", "Alias": "t", "Startup Cost": 0.0, "Total Cost": 60069.11, "Plan Rows": 2528311, "Plan Width": 21, "Actual Min Startup Time": 0.032, "Actual Max Startup Time": 0.032, "Actual Min Total Time": 840.168, "Actual Max Total Time": 840.168, "Actual Rows": 2528311}], "Actual Rows": 2528311}], "Actual Rows": 186594}], "Actual Rows": 186594}], "Actual Rows": 307785}, {"Node Type": "Hash", "Parent Relationship": "Inner", "Startup Cost": 2.4, "Total Cost": 2.4, "Plan Rows": 1, "Plan Width": 4, "Actual Min Startup Time": 0.102, "Actual Max Startup Time": 0.102, "Actual Min Total Time": 0.102, "Actual Max Total Time": 0.102, "Max Hash Buckets": 32768, "Min Hash Buckets": 32768, "Max Hash Batches": 1, "Min Hash Batches": 1, "Max Original Hash Batches": 1, "Min Original Hash Batches": 1, "Max Peak Memory Usage": 1, "min Peak Memory Usage": 1, "Plans": [{"Node Type": "Seq Scan", "Parent Relationship": "Outer", "Relation Name": "info_type", "Alias": "it2", "Startup Cost": 0.0, "Total Cost": 2.4, "Plan Rows": 1, "Plan Width": 4, "Actual Min Startup Time": 0.083, "Actual Max Startup Time": 0.083, "Actual Min Total Time": 0.089, "Actual Max Total Time": 0.089, "Filter": "((info)::text = 'votes'::text)", "Rows Removed by Filter": 111, "Actual Rows": 1}], "Actual Rows": 1}], "Actual Rows": 102516}], "Actual Rows": 6561024}, {"Node Type": "Hash", "Parent Relationship": "Inner", "Startup Cost": 75945.31, "Total Cost": 75945.31, "Plan Rows": 1223154, "Plan Width": 8, "Actual Min Startup Time": 219.259, "Actual Max Startup Time": 293.886, "Actual Min Total Time": 219.259, "Actual Max Total Time": 293.886, "Max Hash Buckets": 32768, "Min Hash Buckets": 32768, "Max Hash Batches": 1, "Min Hash Batches": 1, "Max Original Hash Batches": 1, "Min Original Hash Batches": 1, "Max Peak Memory Usage": 808, "min Peak Memory Usage": 808, "Plans": [{"Node Type": "Seq Scan", "Parent Relationship": "Outer", "Relation Name": "cast_info", "Alias": "ci", "Startup Cost": 0.0, "Total Cost": 75945.31, "Plan Rows": 1223154, "Plan Width": 8, "Actual Min Startup Time": 6.03, "Actual Max Startup Time": 144.369, "Actual Min Total Time": 214.533, "Actual Max Total Time": 243.505, "Filter": "((note)::text = ANY ('{(writer),\"(head writer)\",\"(written by)\",(story),\"(story editor)\"}'::text[]))", "Rows Removed by Filter": 34999627, "Actual Rows": 1244716}], "Actual Rows": 1244716}], "Actual Rows": 54155}], "Actual Rows": 54155}, {"Node Type": "Hash", "Parent Relationship": "Inner", "Startup Cost": 100527.77, "Total Cost": 100527.77, "Plan Rows": 1740714, "Plan Width": 4, "Actual Min Startup Time": 1268.316, "Actual Max Startup Time": 1268.316, "Actual Min Total Time": 1268.316, "Actual Max Total Time": 1268.316, "Max Hash Buckets": 2097152, "Min Hash Buckets": 2097152, "Max Hash Batches": 1, "Min Hash Batches": 1, "Max Original Hash Batches": 1, "Min Original Hash Batches": 1, "Max Peak Memory Usage": 61158, "min Peak Memory Usage": 61158, "Plans": [{"Node Type": "Streaming(type: LOCAL GATHER dop: 1/64)", "Parent Relationship": "Outer", "Startup Cost": 0.0, "Total Cost": 100527.77, "Plan Rows": 1740714, "Plan Width": 4, "Actual Min Startup Time": 89.133, "Actual Max Startup Time": 89.133, "Actual Min Total Time": 702.342, "Actual Max Total Time": 702.342, "Plans": [{"Node Type": "Seq Scan", "Parent Relationship": "Outer", "Relation Name": "name", "Alias": "n", "Startup Cost": 0.0, "Total Cost": 64617.04, "Plan Rows": 1740714, "Plan Width": 4, "Actual Min Startup Time": 0.027, "Actual Max Startup Time": 0.061, "Actual Min Total Time": 22.929, "Actual Max Total Time": 27.242, "Filter": "((gender)::text = 'm'::text), (LLVM Optimized, Jit Execute)", "Rows Removed by Filter": 2427912, "Actual Rows": 1739578}], "Actual Rows": 1739578}], "Actual Rows": 1739578}], "Actual Rows": 28073}], "Actual Rows": 1}, "Triggers": [], "Planner Runtime": 77, "Total Runtime": 9005.78, "Unique SQL Id": 3913857139}}, "(64, 75)": {"explain_plan": {"Plan": {"Node Type": "Aggregate", "Strategy": "Plain", "Startup Cost": 6995128315390.61, "Total Cost": 6995128315390.62, "Plan Rows": 1, "Plan Width": 160, "Plans": [{"Node Type": "Hash Join", "Parent Relationship": "Outer", "Join Type": "Inner", "Startup Cost": 3040055574239.93, "Total Cost": 6995128315380.02, "Plan Rows": 1413, "Plan Width": 64, "Inner Unique": true, "Hash Cond": "(ci.person_id = n.id)", "Plans": [{"Node Type": "Hash Join", "Parent Relationship": "Outer", "Join Type": "Inner", "Startup Cost": 2040036887333.8, "Total Cost": 5995109628455.42, "Plan Rows": 1155, "Plan Width": 68, "Inner Unique": true, "Hash Cond": "(mi_idx.info_type_id = it2.id)", "Plans": [{"Node Type": "Hash Join", "Parent Relationship": "Outer", "Join Type": "Inner", "Startup Cost": 1040036885912.79, "Total Cost": 4995109627009.39, "Plan Rows": 4619, "Plan Width": 72, "Inner Unique": true, "Hash Cond": "(mi.info_type_id = it1.id)", "Plans": [{"Node Type": "Merge Join", "Parent Relationship": "Outer", "Join Type": "Inner", "Startup Cost": 40036884491.78, "Total Cost": 3995109624731.85, "Plan Rows": 323326, "Plan Width": 76, "Inner Unique": false, "Merge Cond": "(t.id = mi_idx.movie_id)", "Plans": [{"Node Type": "Merge Join", "Parent Relationship": "Outer", "Join Type": "Inner", "Startup Cost": 30031145475.76, "Total Cost": 2997883829352.79, "Plan Rows": 210398, "Plan Width": 79, "Inner Unique": false, "Merge Cond": "(t.id = ci.movie_id)", "Plans": [{"Node Type": "Merge Join", "Parent Relationship": "Outer", "Join Type": "Inner", "Startup Cost": 20024668916.98, "Total Cost": 1999424688065.12, "Plan Rows": 190170, "Plan Width": 71, "Inner Unique": true, "Merge Cond": "(mi.movie_id = t.id)", "Plans": [{"Node Type": "Index Scan", "Parent Relationship": "Outer", "Scan Direction": "Forward", "Index Name": "movie_id_movie_info", "Relation Name": "movie_info", "Alias": "mi", "Startup Cost": 10000000000.0, "Total Cost": 1000114969386.72, "Plan Rows": 190170, "Plan Width": 50, "Filter": "((info)::text = ANY ('{Horror,Action,Sci-Fi,Thriller,Crime,War}'::text[]))"}, {"Node Type": "Index Scan", "Parent Relationship": "Inner", "Scan Direction": "Forward", "Index Name": "title_pkey", "Relation Name": "title", "Alias": "t", "Startup Cost": 10000000000.0, "Total Cost": 1000011012048.91, "Plan Rows": 2528311, "Plan Width": 21}]}, {"Node Type": "Index Scan", "Parent Relationship": "Inner", "Scan Direction": "Forward", "Index Name": "movie_id_cast_info", "Relation Name": "cast_info", "Alias": "ci", "Startup Cost": 10000000000.0, "Total Cost": 1000228594573.05, "Plan Rows": 1223154, "Plan Width": 8, "Filter": "((note)::text = ANY ('{(writer),\"(head writer)\",\"(written by)\",(story),\"(story editor)\"}'::text[]))"}]}, {"Node Type": "Index Scan", "Parent Relationship": "Inner", "Scan Direction": "Forward", "Index Name": "movie_id_movie_info_idx", "Relation Name": "movie_info_idx", "Alias": "mi_idx", "Startup Cost": 10000000000.0, "Total Cost": 1000004650035.37, "Plan Rows": 1380034, "Plan Width": 13}]}, {"Node Type": "Hash", "Parent Relationship": "Inner", "Startup Cost": 1000000001421.0, "Total Cost": 1000000001421.0, "Plan Rows": 1, "Plan Width": 4, "Plans": [{"Node Type": "Index Scan", "Parent Relationship": "Outer", "Scan Direction": "Forward", "Index Name": "info_type_pkey", "Relation Name": "info_type", "Alias": "it1", "Startup Cost": 10000000000.0, "Total Cost": 1000000001421.0, "Plan Rows": 1, "Plan Width": 4, "Filter": "((info)::text = 'genres'::text)"}]}]}, {"Node Type": "Hash", "Parent Relationship": "Inner", "Startup Cost": 1000000001421.0, "Total Cost": 1000000001421.0, "Plan Rows": 1, "Plan Width": 4, "Plans": [{"Node Type": "Index Scan", "Parent Relationship": "Outer", "Scan Direction": "Forward", "Index Name": "info_type_pkey", "Relation Name": "info_type", "Alias": "it2", "Startup Cost": 10000000000.0, "Total Cost": 1000000001421.0, "Plan Rows": 1, "Plan Width": 4, "Filter": "((info)::text = 'votes'::text)"}]}]}, {"Node Type": "Hash", "Parent Relationship": "Inner", "Startup Cost": 1000018665147.2, "Total Cost": 1000018665147.2, "Plan Rows": 1740714, "Plan Width": 4, "Plans": [{"Node Type": "Index Scan", "Parent Relationship": "Outer", "Scan Direction": "Forward", "Index Name": "name_pkey", "Relation Name": "name", "Alias": "n", "Startup Cost": 10000000000.0, "Total Cost": 1000018665147.2, "Plan Rows": 1740714, "Plan Width": 4, "Filter": "((gender)::text = 'm'::text), (LLVM Optimized)"}]}]}]}, "Unique SQL Id": 3913857139, "Planner Runtime": 125}, "explain_analyze_plan": null}, "(64, 76)": {"explain_plan": {"Plan": {"Node Type": "Aggregate", "Strategy": "Plain", "Startup Cost": 77639.97, "Total Cost": 77639.98, "Plan Rows": 1, "Plan Width": 160, "Plans": [{"Node Type": "Nested Loop", "Parent Relationship": "Outer", "Join Type": "Inner", "Startup Cost": 4.83, "Total Cost": 77629.37, "Plan Rows": 1413, "Plan Width": 64, "Inner Unique": true, "Plans": [{"Node Type": "Nested Loop", "Parent Relationship": "Outer", "Join Type": "Inner", "Startup Cost": 4.83, "Total Cost": 77050.1, "Plan Rows": 1155, "Plan Width": 68, "Inner Unique": false, "Plans": [{"Node Type": "Nested Loop", "Parent Relationship": "Outer", "Join Type": "Inner", "Startup Cost": 4.83, "Total Cost": 75988.47, "Plan Rows": 1044, "Plan Width": 76, "Inner Unique": true, "Join Filter": "(mi.movie_id = t.id)", "Plans": [{"Node Type": "Hash Join", "Parent Relationship": "Outer", "Join Type": "Inner", "Startup Cost": 4.83, "Total Cost": 75560.28, "Plan Rows": 1044, "Plan Width": 55, "Inner Unique": true, "Hash Cond": "(mi_idx.info_type_id = it2.id)", "Plans": [{"Node Type": "Nested Loop", "Parent Relationship": "Outer", "Join Type": "Inner", "Startup Cost": 2.41, "Total Cost": 75536.96, "Plan Rows": 4175, "Plan Width": 59, "Inner Unique": false, "Plans": [{"Node Type": "Hash Join", "Parent Relationship": "Outer", "Join Type": "Inner", "Startup Cost": 2.41, "Total Cost": 74048.91, "Plan Rows": 2717, "Plan Width": 46, "Inner Unique": true, "Hash Cond": "(mi.info_type_id = it1.id)", "Plans": [{"Node Type": "Streaming(type: LOCAL GATHER dop: 1/64)", "Parent Relationship": "Outer", "Startup Cost": 0.0, "Total Cost": 73306.19, "Plan Rows": 190170, "Plan Width": 50, "Plans": [{"Node Type": "Seq Scan", "Parent Relationship": "Outer", "Relation Name": "movie_info", "Alias": "mi", "Startup Cost": 0.0, "Total Cost": 69383.01, "Plan Rows": 190170, "Plan Width": 50, "Filter": "((info)::text = ANY ('{Horror,Action,Sci-Fi,Thriller,Crime,War}'::text[]))"}]}, {"Node Type": "Hash", "Parent Relationship": "Inner", "Startup Cost": 2.4, "Total Cost": 2.4, "Plan Rows": 1, "Plan Width": 4, "Plans": [{"Node Type": "Seq Scan", "Parent Relationship": "Outer", "Relation Name": "info_type", "Alias": "it1", "Startup Cost": 0.0, "Total Cost": 2.4, "Plan Rows": 1, "Plan Width": 4, "Filter": "((info)::text = 'genres'::text)"}]}]}, {"Node Type": "Index Scan", "Parent Relationship": "Inner", "Scan Direction": "Forward", "Index Name": "movie_id_movie_info_idx", "Relation Name": "movie_info_idx", "Alias": "mi_idx", "Startup Cost": 0.0, "Total Cost": 0.53, "Plan Rows": 2, "Plan Width": 13, "Index Cond": "(movie_id = mi.movie_id)"}]}, {"Node Type": "Hash", "Parent Relationship": "Inner", "Startup Cost": 2.4, "Total Cost": 2.4, "Plan Rows": 1, "Plan Width": 4, "Plans": [{"Node Type": "Seq Scan", "Parent Relationship": "Outer", "Relation Name": "info_type", "Alias": "it2", "Startup Cost": 0.0, "Total Cost": 2.4, "Plan Rows": 1, "Plan Width": 4, "Filter": "((info)::text = 'votes'::text)"}]}]}, {"Node Type": "Index Scan", "Parent Relationship": "Inner", "Scan Direction": "Forward", "Index Name": "title_pkey", "Relation Name": "title", "Alias": "t", "Startup Cost": 0.0, "Total Cost": 0.4, "Plan Rows": 1, "Plan Width": 21, "Index Cond": "(id = mi_idx.movie_id)"}]}, {"Node Type": "Index Scan", "Parent Relationship": "Inner", "Scan Direction": "Forward", "Index Name": "movie_id_cast_info", "Relation Name": "cast_info", "Alias": "ci", "Startup Cost": 0.0, "Total Cost": 1.01, "Plan Rows": 1, "Plan Width": 8, "Index Cond": "(movie_id = t.id)", "Filter": "((note)::text = ANY ('{(writer),\"(head writer)\",\"(written by)\",(story),\"(story editor)\"}'::text[]))"}]}, {"Node Type": "Index Scan", "Parent Relationship": "Inner", "Scan Direction": "Forward", "Index Name": "name_pkey", "Relation Name": "name", "Alias": "n", "Startup Cost": 0.0, "Total Cost": 0.49, "Plan Rows": 1, "Plan Width": 4, "Index Cond": "(id = ci.person_id)", "Filter": "((gender)::text = 'm'::text)"}]}]}, "Unique SQL Id": 3913857139, "Planner Runtime": 62}, "explain_analyze_plan": {"Plan": {"Node Type": "Aggregate", "Strategy": "Plain", "Startup Cost": 77639.97, "Total Cost": 77639.98, "Plan Rows": 1, "Plan Width": 160, "Actual Min Startup Time": 10259.092, "Actual Max Startup Time": 10259.092, "Actual Min Total Time": 10259.093, "Actual Max Total Time": 10259.093, "Plans": [{"Node Type": "Nested Loop", "Parent Relationship": "Outer", "Join Type": "Inner", "Startup Cost": 4.83, "Total Cost": 77629.37, "Plan Rows": 1413, "Plan Width": 64, "Actual Min Startup Time": 156.083, "Actual Max Startup Time": 156.083, "Actual Min Total Time": 10216.404, "Actual Max Total Time": 10216.404, "Inner Unique": true, "Plans": [{"Node Type": "Nested Loop", "Parent Relationship": "Outer", "Join Type": "Inner", "Startup Cost": 4.83, "Total Cost": 77050.1, "Plan Rows": 1155, "Plan Width": 68, "Actual Min Startup Time": 156.042, "Actual Max Startup Time": 156.042, "Actual Min Total Time": 9827.634, "Actual Max Total Time": 9827.634, "Inner Unique": false, "Plans": [{"Node Type": "Nested Loop", "Parent Relationship": "Outer", "Join Type": "Inner", "Startup Cost": 4.83, "Total Cost": 75988.47, "Plan Rows": 1044, "Plan Width": 76, "Actual Min Startup Time": 155.915, "Actual Max Startup Time": 155.915, "Actual Min Total Time": 1805.705, "Actual Max Total Time": 1805.705, "Inner Unique": true, "Join Filter": "(mi.movie_id = t.id)", "Rows Removed by Join Filter": 0, "Plans": [{"Node Type": "Hash Join", "Parent Relationship": "Outer", "Join Type": "Inner", "Startup Cost": 4.83, "Total Cost": 75560.28, "Plan Rows": 1044, "Plan Width": 55, "Actual Min Startup Time": 155.892, "Actual Max Startup Time": 155.892, "Actual Min Total Time": 1270.945, "Actual Max Total Time": 1270.945, "Inner Unique": true, "Hash Cond": "(mi_idx.info_type_id = it2.id)", "Plans": [{"Node Type": "Nested Loop", "Parent Relationship": "Outer", "Join Type": "Inner", "Startup Cost": 2.41, "Total Cost": 75536.96, "Plan Rows": 4175, "Plan Width": 59, "Actual Min Startup Time": 155.737, "Actual Max Startup Time": 155.737, "Actual Min Total Time": 1174.776, "Actual Max Total Time": 1174.776, "Inner Unique": false, "Plans": [{"Node Type": "Hash Join", "Parent Relationship": "Outer", "Join Type": "Inner", "Startup Cost": 2.41, "Total Cost": 74048.91, "Plan Rows": 2717, "Plan Width": 46, "Actual Min Startup Time": 155.684, "Actual Max Startup Time": 155.684, "Actual Min Total Time": 356.203, "Actual Max Total Time": 356.203, "Inner Unique": true, "Hash Cond": "(mi.info_type_id = it1.id)", "Plans": [{"Node Type": "Streaming(type: LOCAL GATHER dop: 1/64)", "Parent Relationship": "Outer", "Startup Cost": 0.0, "Total Cost": 73306.19, "Plan Rows": 190170, "Plan Width": 50, "Actual Min Startup Time": 136.808, "Actual Max Startup Time": 136.808, "Actual Min Total Time": 246.814, "Actual Max Total Time": 246.814, "Plans": [{"Node Type": "Seq Scan", "Parent Relationship": "Outer", "Relation Name": "movie_info", "Alias": "mi", "Startup Cost": 0.0, "Total Cost": 69383.01, "Plan Rows": 190170, "Plan Width": 50, "Actual Min Startup Time": 63.231, "Actual Max Startup Time": 142.443, "Actual Min Total Time": 110.322, "Actual Max Total Time": 163.069, "Filter": "((info)::text = ANY ('{Horror,Action,Sci-Fi,Thriller,Crime,War}'::text[]))", "Rows Removed by Filter": 14646748, "Actual Rows": 188971}], "Actual Rows": 188971}, {"Node Type": "Hash", "Parent Relationship": "Inner", "Startup Cost": 2.4, "Total Cost": 2.4, "Plan Rows": 1, "Plan Width": 4, "Actual Min Startup Time": 0.056, "Actual Max Startup Time": 0.056, "Actual Min Total Time": 0.056, "Actual Max Total Time": 0.056, "Max Hash Buckets": 32768, "Min Hash Buckets": 32768, "Max Hash Batches": 1, "Min Hash Batches": 1, "Max Original Hash Batches": 1, "Min Original Hash Batches": 1, "Max Peak Memory Usage": 1, "min Peak Memory Usage": 1, "Plans": [{"Node Type": "Seq Scan", "Parent Relationship": "Outer", "Relation Name": "info_type", "Alias": "it1", "Startup Cost": 0.0, "Total Cost": 2.4, "Plan Rows": 1, "Plan Width": 4, "Actual Min Startup Time": 0.028, "Actual Max Startup Time": 0.028, "Actual Min Total Time": 0.05, "Actual Max Total Time": 0.05, "Filter": "((info)::text = 'genres'::text)", "Rows Removed by Filter": 111, "Actual Rows": 1}], "Actual Rows": 1}], "Actual Rows": 186594}, {"Node Type": "Index Scan", "Parent Relationship": "Inner", "Scan Direction": "Forward", "Index Name": "movie_id_movie_info_idx", "Relation Name": "movie_info_idx", "Alias": "mi_idx", "Startup Cost": 0.0, "Total Cost": 0.53, "Plan Rows": 2, "Plan Width": 13, "Actual Min Startup Time": 530.603, "Actual Max Startup Time": 530.603, "Actual Min Total Time": 647.551, "Actual Max Total Time": 647.551, "Index Cond": "(movie_id = mi.movie_id)", "Rows Removed by Index Recheck": 0, "Actual Rows": 307785}], "Actual Rows": 307785}, {"Node Type": "Hash", "Parent Relationship": "Inner", "Startup Cost": 2.4, "Total Cost": 2.4, "Plan Rows": 1, "Plan Width": 4, "Actual Min Startup Time": 0.09, "Actual Max Startup Time": 0.09, "Actual Min Total Time": 0.09, "Actual Max Total Time": 0.09, "Max Hash Buckets": 32768, "Min Hash Buckets": 32768, "Max Hash Batches": 1, "Min Hash Batches": 1, "Max Original Hash Batches": 1, "Min Original Hash Batches": 1, "Max Peak Memory Usage": 1, "min Peak Memory Usage": 1, "Plans": [{"Node Type": "Seq Scan", "Parent Relationship": "Outer", "Relation Name": "info_type", "Alias": "it2", "Startup Cost": 0.0, "Total Cost": 2.4, "Plan Rows": 1, "Plan Width": 4, "Actual Min Startup Time": 0.075, "Actual Max Startup Time": 0.075, "Actual Min Total Time": 0.08, "Actual Max Total Time": 0.08, "Filter": "((info)::text = 'votes'::text)", "Rows Removed by Filter": 111, "Actual Rows": 1}], "Actual Rows": 1}], "Actual Rows": 102516}, {"Node Type": "Index Scan", "Parent Relationship": "Inner", "Scan Direction": "Forward", "Index Name": "title_pkey", "Relation Name": "title", "Alias": "t", "Startup Cost": 0.0, "Total Cost": 0.4, "Plan Rows": 1, "Plan Width": 21, "Actual Min Startup Time": 424.957, "Actual Max Startup Time": 424.957, "Actual Min Total Time": 424.957, "Actual Max Total Time": 424.957, "Index Cond": "(id = mi_idx.movie_id)", "Rows Removed by Index Recheck": 0, "Actual Rows": 102516}], "Actual Rows": 102516}, {"Node Type": "Index Scan", "Parent Relationship": "Inner", "Scan Direction": "Forward", "Index Name": "movie_id_cast_info", "Relation Name": "cast_info", "Alias": "ci", "Startup Cost": 0.0, "Total Cost": 1.01, "Plan Rows": 1, "Plan Width": 8, "Actual Min Startup Time": 6776.626, "Actual Max Startup Time": 6776.626, "Actual Min Total Time": 7948.601, "Actual Max Total Time": 7948.601, "Index Cond": "(movie_id = t.id)", "Rows Removed by Index Recheck": 0, "Filter": "((note)::text = ANY ('{(writer),\"(head writer)\",\"(written by)\",(story),\"(story editor)\"}'::text[]))", "Rows Removed by Filter": 3987641, "Actual Rows": 54155}], "Actual Rows": 54155}, {"Node Type": "Index Scan", "Parent Relationship": "Inner", "Scan Direction": "Forward", "Index Name": "name_pkey", "Relation Name": "name", "Alias": "n", "Startup Cost": 0.0, "Total Cost": 0.49, "Plan Rows": 1, "Plan Width": 4, "Actual Min Startup Time": 341.205, "Actual Max Startup Time": 341.205, "Actual Min Total Time": 341.205, "Actual Max Total Time": 341.205, "Index Cond": "(id = ci.person_id)", "Rows Removed by Index Recheck": 0, "Filter": "((gender)::text = 'm'::text)", "Rows Removed by Filter": 26082, "Actual Rows": 28073}], "Actual Rows": 28073}], "Actual Rows": 1}, "Triggers": [], "Planner Runtime": 47, "Total Runtime": 10270.15, "Unique SQL Id": 3913857139}}, "(64, 77)": {"explain_plan": {"Plan": {"Node Type": "Aggregate", "Strategy": "Plain", "Startup Cost": 383291.22, "Total Cost": 383291.23, "Plan Rows": 1, "Plan Width": 160, "Plans": [{"Node Type": "Nested Loop", "Parent Relationship": "Outer", "Join Type": "Inner", "Startup Cost": 14.22, "Total Cost": 383280.62, "Plan Rows": 1413, "Plan Width": 64, "Inner Unique": true, "Plans": [{"Node Type": "Nested Loop", "Parent Relationship": "Outer", "Join Type": "Inner", "Startup Cost": 14.22, "Total Cost": 382701.35, "Plan Rows": 1155, "Plan Width": 68, "Inner Unique": false, "Plans": [{"Node Type": "Nested Loop", "Parent Relationship": "Outer", "Join Type": "Inner", "Startup Cost": 14.22, "Total Cost": 381639.72, "Plan Rows": 1044, "Plan Width": 76, "Inner Unique": true, "Join Filter": "(mi.movie_id = t.id)", "Plans": [{"Node Type": "Hash Join", "Parent Relationship": "Outer", "Join Type": "Inner", "Startup Cost": 14.22, "Total Cost": 381211.53, "Plan Rows": 1044, "Plan Width": 55, "Inner Unique": true, "Hash Cond": "(mi.info_type_id = it1.id)", "Plans": [{"Node Type": "Nested Loop", "Parent Relationship": "Outer", "Join Type": "Inner", "Startup Cost": 0.0, "Total Cost": 380590.58, "Plan Rows": 229029, "Plan Width": 59, "Inner Unique": false, "Plans": [{"Node Type": "Nested Loop", "Parent Relationship": "Outer", "Join Type": "Inner", "Startup Cost": 0.0, "Total Cost": 38338.2, "Plan Rows": 345008, "Plan Width": 9, "Inner Unique": false, "Plans": [{"Node Type": "Index Scan", "Parent Relationship": "Outer", "Scan Direction": "Forward", "Index Name": "info_type_pkey", "Relation Name": "info_type", "Alias": "it2", "Startup Cost": 0.0, "Total Cost": 14.21, "Plan Rows": 1, "Plan Width": 4, "Filter": "((info)::text = 'votes'::text)"}, {"Node Type": "Index Scan", "Parent Relationship": "Inner", "Scan Direction": "Forward", "Index Name": "info_type_id_movie_info_idx", "Relation Name": "movie_info_idx", "Alias": "mi_idx", "Startup Cost": 0.0, "Total Cost": 34873.91, "Plan Rows": 345008, "Plan Width": 13, "Index Cond": "(info_type_id = it2.id), (LLVM Optimized)"}]}, {"Node Type": "Index Scan", "Parent Relationship": "Inner", "Scan Direction": "Forward", "Index Name": "movie_id_movie_info", "Relation Name": "movie_info", "Alias": "mi", "Startup Cost": 0.0, "Total Cost": 0.98, "Plan Rows": 1, "Plan Width": 50, "Index Cond": "(movie_id = mi_idx.movie_id)", "Filter": "((info)::text = ANY ('{Horror,Action,Sci-Fi,Thriller,Crime,War}'::text[]))"}]}, {"Node Type": "Hash", "Parent Relationship": "Inner", "Startup Cost": 14.21, "Total Cost": 14.21, "Plan Rows": 1, "Plan Width": 4, "Plans": [{"Node Type": "Index Scan", "Parent Relationship": "Outer", "Scan Direction": "Forward", "Index Name": "info_type_pkey", "Relation Name": "info_type", "Alias": "it1", "Startup Cost": 0.0, "Total Cost": 14.21, "Plan Rows": 1, "Plan Width": 4, "Filter": "((info)::text = 'genres'::text)"}]}]}, {"Node Type": "Index Scan", "Parent Relationship": "Inner", "Scan Direction": "Forward", "Index Name": "title_pkey", "Relation Name": "title", "Alias": "t", "Startup Cost": 0.0, "Total Cost": 0.4, "Plan Rows": 1, "Plan Width": 21, "Index Cond": "(id = mi_idx.movie_id)"}]}, {"Node Type": "Index Scan", "Parent Relationship": "Inner", "Scan Direction": "Forward", "Index Name": "movie_id_cast_info", "Relation Name": "cast_info", "Alias": "ci", "Startup Cost": 0.0, "Total Cost": 1.01, "Plan Rows": 1, "Plan Width": 8, "Index Cond": "(movie_id = t.id)", "Filter": "((note)::text = ANY ('{(writer),\"(head writer)\",\"(written by)\",(story),\"(story editor)\"}'::text[]))"}]}, {"Node Type": "Index Scan", "Parent Relationship": "Inner", "Scan Direction": "Forward", "Index Name": "name_pkey", "Relation Name": "name", "Alias": "n", "Startup Cost": 0.0, "Total Cost": 0.49, "Plan Rows": 1, "Plan Width": 4, "Index Cond": "(id = ci.person_id)", "Filter": "((gender)::text = 'm'::text)"}]}]}, "Unique SQL Id": 3913857139, "Planner Runtime": 27}, "explain_analyze_plan": {"Plan": {"Node Type": "Aggregate", "Strategy": "Plain", "Startup Cost": 383291.22, "Total Cost": 383291.23, "Plan Rows": 1, "Plan Width": 160, "Actual Startup Time": 18915.67, "Actual Total Time": 18915.67, "Actual Rows": 1, "Actual Loops": 1, "Plans": [{"Node Type": "Nested Loop", "Parent Relationship": "Outer", "Join Type": "Inner", "Startup Cost": 14.22, "Total Cost": 383280.62, "Plan Rows": 1413, "Plan Width": 64, "Actual Startup Time": 29.61, "Actual Total Time": 18870.833, "Actual Rows": 28073, "Actual Loops": 1, "Inner Unique": true, "Plans": [{"Node Type": "Nested Loop", "Parent Relationship": "Outer", "Join Type": "Inner", "Startup Cost": 14.22, "Total Cost": 382701.35, "Plan Rows": 1155, "Plan Width": 68, "Actual Startup Time": 14.671, "Actual Total Time": 18459.302, "Actual Rows": 54155, "Actual Loops": 1, "Inner Unique": false, "Plans": [{"Node Type": "Nested Loop", "Parent Relationship": "Outer", "Join Type": "Inner", "Startup Cost": 14.22, "Total Cost": 381639.72, "Plan Rows": 1044, "Plan Width": 76, "Actual Startup Time": 0.881, "Actual Total Time": 10022.466, "Actual Rows": 102516, "Actual Loops": 1, "Inner Unique": true, "Join Filter": "(mi.movie_id = t.id)", "Rows Removed by Join Filter": 0, "Plans": [{"Node Type": "Hash Join", "Parent Relationship": "Outer", "Join Type": "Inner", "Startup Cost": 14.22, "Total Cost": 381211.53, "Plan Rows": 1044, "Plan Width": 55, "Actual Startup Time": 0.87, "Actual Total Time": 9449.372, "Actual Rows": 102516, "Actual Loops": 1, "Inner Unique": true, "Hash Cond": "(mi.info_type_id = it1.id)", "Plans": [{"Node Type": "Nested Loop", "Parent Relationship": "Outer", "Join Type": "Inner", "Startup Cost": 0.0, "Total Cost": 380590.58, "Plan Rows": 229029, "Plan Width": 59, "Actual Startup Time": 0.769, "Actual Total Time": 9381.941, "Actual Rows": 104892, "Actual Loops": 1, "Inner Unique": false, "Plans": [{"Node Type": "Nested Loop", "Parent Relationship": "Outer", "Join Type": "Inner", "Startup Cost": 0.0, "Total Cost": 38338.2, "Plan Rows": 345008, "Plan Width": 9, "Actual Startup Time": 0.087, "Actual Total Time": 400.663, "Actual Rows": 459925, "Actual Loops": 1, "Inner Unique": false, "Plans": [{"Node Type": "Index Scan", "Parent Relationship": "Outer", "Scan Direction": "Forward", "Index Name": "info_type_pkey", "Relation Name": "info_type", "Alias": "it2", "Startup Cost": 0.0, "Total Cost": 14.21, "Plan Rows": 1, "Plan Width": 4, "Actual Startup Time": 0.07, "Actual Total Time": 0.091, "Actual Rows": 1, "Actual Loops": 1, "Filter": "((info)::text = 'votes'::text)", "Rows Removed by Filter": 111}, {"Node Type": "Index Scan", "Parent Relationship": "Inner", "Scan Direction": "Forward", "Index Name": "info_type_id_movie_info_idx", "Relation Name": "movie_info_idx", "Alias": "mi_idx", "Startup Cost": 0.0, "Total Cost": 34873.91, "Plan Rows": 345008, "Plan Width": 13, "Actual Startup Time": 0.014, "Actual Total Time": 288.57, "Actual Rows": 459925, "Actual Loops": 1, "Index Cond": "(info_type_id = it2.id), (LLVM Optimized, Jit Execute)", "Rows Removed by Index Recheck": 0}]}, {"Node Type": "Index Scan", "Parent Relationship": "Inner", "Scan Direction": "Forward", "Index Name": "movie_id_movie_info", "Relation Name": "movie_info", "Alias": "mi", "Startup Cost": 0.0, "Total Cost": 0.98, "Plan Rows": 1, "Plan Width": 50, "Actual Startup Time": 8553.281, "Actual Total Time": 8716.391, "Actual Rows": 104892, "Actual Loops": 459925, "Index Cond": "(movie_id = mi_idx.movie_id)", "Rows Removed by Index Recheck": 0, "Filter": "((info)::text = ANY ('{Horror,Action,Sci-Fi,Thriller,Crime,War}'::text[]))", "Rows Removed by Filter": 6825442}]}, {"Node Type": "Hash", "Parent Relationship": "Inner", "Startup Cost": 14.21, "Total Cost": 14.21, "Plan Rows": 1, "Plan Width": 4, "Actual Startup Time": 0.063, "Actual Total Time": 0.063, "Actual Rows": 1, "Actual Loops": 1, "Hash Buckets": 32768, "Hash Batches": 1, "Original Hash Batches": 1, "Peak Memory Usage": 1, "Plans": [{"Node Type": "Index Scan", "Parent Relationship": "Outer", "Scan Direction": "Forward", "Index Name": "info_type_pkey", "Relation Name": "info_type", "Alias": "it1", "Startup Cost": 0.0, "Total Cost": 14.21, "Plan Rows": 1, "Plan Width": 4, "Actual Startup Time": 0.011, "Actual Total Time": 0.056, "Actual Rows": 1, "Actual Loops": 1, "Filter": "((info)::text = 'genres'::text)", "Rows Removed by Filter": 111}]}]}, {"Node Type": "Index Scan", "Parent Relationship": "Inner", "Scan Direction": "Forward", "Index Name": "title_pkey", "Relation Name": "title", "Alias": "t", "Startup Cost": 0.0, "Total Cost": 0.4, "Plan Rows": 1, "Plan Width": 21, "Actual Startup Time": 451.922, "Actual Total Time": 451.922, "Actual Rows": 102516, "Actual Loops": 102516, "Index Cond": "(id = mi_idx.movie_id)", "Rows Removed by Index Recheck": 0}]}, {"Node Type": "Index Scan", "Parent Relationship": "Inner", "Scan Direction": "Forward", "Index Name": "movie_id_cast_info", "Relation Name": "cast_info", "Alias": "ci", "Startup Cost": 0.0, "Total Cost": 1.01, "Plan Rows": 1, "Plan Width": 8, "Actual Startup Time": 7128.686, "Actual Total Time": 8362.97, "Actual Rows": 54155, "Actual Loops": 102516, "Index Cond": "(movie_id = t.id)", "Rows Removed by Index Recheck": 0, "Filter": "((note)::text = ANY ('{(writer),\"(head writer)\",\"(written by)\",(story),\"(story editor)\"}'::text[]))", "Rows Removed by Filter": 3987641}]}, {"Node Type": "Index Scan", "Parent Relationship": "Inner", "Scan Direction": "Forward", "Index Name": "name_pkey", "Relation Name": "name", "Alias": "n", "Startup Cost": 0.0, "Total Cost": 0.49, "Plan Rows": 1, "Plan Width": 4, "Actual Startup Time": 362.758, "Actual Total Time": 362.758, "Actual Rows": 28073, "Actual Loops": 54155, "Index Cond": "(id = ci.person_id)", "Rows Removed by Index Recheck": 0, "Filter": "((gender)::text = 'm'::text)", "Rows Removed by Filter": 26082}]}]}, "Triggers": [], "Planner Runtime": 17, "Total Runtime": 18924.645, "Unique SQL Id": 3913857139}}, "(64, 78)": {"explain_plan": {"Plan": {"Node Type": "Aggregate", "Strategy": "Plain", "Startup Cost": 321917.07, "Total Cost": 321917.08, "Plan Rows": 1, "Plan Width": 160, "Plans": [{"Node Type": "Hash Join", "Parent Relationship": "Outer", "Join Type": "Inner", "Startup Cost": 231911.73, "Total Cost": 321906.48, "Plan Rows": 1413, "Plan Width": 64, "Inner Unique": true, "Hash Cond": "(ci.person_id = n.id)", "Plans": [{"Node Type": "Streaming(type: LOCAL GATHER dop: 1/64)", "Parent Relationship": "Outer", "Startup Cost": 185020.87, "Total Cost": 274997.15, "Plan Rows": 1155, "Plan Width": 68, "Plans": [{"Node Type": "Hash Join", "Parent Relationship": "Outer", "Join Type": "Inner", "Startup Cost": 185020.87, "Total Cost": 274973.32, "Plan Rows": 1155, "Plan Width": 68, "Inner Unique": false, "Hash Cond": "(t.id = ci.movie_id)", "Plans": [{"Node Type": "Streaming(type: BROADCAST dop: 64/1)", "Parent Relationship": "Outer", "Startup Cost": 165795.64, "Total Cost": 255687.89, "Plan Rows": 66816, "Plan Width": 76, "Plans": [{"Node Type": "Hash Join", "Parent Relationship": "Outer", "Join Type": "Inner", "Startup Cost": 165795.64, "Total Cost": 191309.48, "Plan Rows": 1044, "Plan Width": 76, "Inner Unique": true, "Hash Cond": "(mi_idx.info_type_id = it2.id)", "Plans": [{"Node Type": "Hash Join", "Parent Relationship": "Outer", "Join Type": "Inner", "Startup Cost": 165793.23, "Total Cost": 191284.45, "Plan Rows": 4175, "Plan Width": 80, "Inner Unique": false, "Hash Cond": "(mi_idx.movie_id = t.id)", "Plans": [{"Node Type": "Seq Scan", "Parent Relationship": "Outer", "Relation Name": "movie_info_idx", "Alias": "mi_idx", "Startup Cost": 0.0, "Total Cost": 20274.34, "Plan Rows": 1380034, "Plan Width": 13}, {"Node Type": "Hash", "Parent Relationship": "Inner", "Startup Cost": 165759.27, "Total Cost": 165759.27, "Plan Rows": 2717, "Plan Width": 67, "Plans": [{"Node Type": "Hash Join", "Parent Relationship": "Outer", "Join Type": "Inner", "Startup Cost": 91675.41, "Total Cost": 165759.27, "Plan Rows": 2717, "Plan Width": 67, "Inner Unique": true, "Hash Cond": "(mi.movie_id = t.id)", "Plans": [{"Node Type": "Hash Join", "Parent Relationship": "Outer", "Join Type": "Inner", "Startup Cost": 2.41, "Total Cost": 74048.91, "Plan Rows": 2717, "Plan Width": 46, "Inner Unique": true, "Hash Cond": "(mi.info_type_id = it1.id)", "Plans": [{"Node Type": "Streaming(type: LOCAL GATHER dop: 1/64)", "Parent Relationship": "Outer", "Startup Cost": 0.0, "Total Cost": 73306.19, "Plan Rows": 190170, "Plan Width": 50, "Plans": [{"Node Type": "Seq Scan", "Parent Relationship": "Outer", "Relation Name": "movie_info", "Alias": "mi", "Startup Cost": 0.0, "Total Cost": 69383.01, "Plan Rows": 190170, "Plan Width": 50, "Filter": "((info)::text = ANY ('{Horror,Action,Sci-Fi,Thriller,Crime,War}'::text[]))"}]}, {"Node Type": "Hash", "Parent Relationship": "Inner", "Startup Cost": 2.4, "Total Cost": 2.4, "Plan Rows": 1, "Plan Width": 4, "Plans": [{"Node Type": "Seq Scan", "Parent Relationship": "Outer", "Relation Name": "info_type", "Alias": "it1", "Startup Cost": 0.0, "Total Cost": 2.4, "Plan Rows": 1, "Plan Width": 4, "Filter": "((info)::text = 'genres'::text)"}]}]}, {"Node Type": "Hash", "Parent Relationship": "Inner", "Startup Cost": 60069.11, "Total Cost": 60069.11, "Plan Rows": 2528311, "Plan Width": 21, "Plans": [{"Node Type": "Seq Scan", "Parent Relationship": "Outer", "Relation Name": "title", "Alias": "t", "Startup Cost": 0.0, "Total Cost": 60069.11, "Plan Rows": 2528311, "Plan Width": 21}]}]}]}]}, {"Node Type": "Hash", "Parent Relationship": "Inner", "Startup Cost": 2.4, "Total Cost": 2.4, "Plan Rows": 1, "Plan Width": 4, "Plans": [{"Node Type": "Seq Scan", "Parent Relationship": "Outer", "Relation Name": "info_type", "Alias": "it2", "Startup Cost": 0.0, "Total Cost": 2.4, "Plan Rows": 1, "Plan Width": 4, "Filter": "((info)::text = 'votes'::text)"}]}]}]}, {"Node Type": "Hash", "Parent Relationship": "Inner", "Startup Cost": 75945.31, "Total Cost": 75945.31, "Plan Rows": 1223154, "Plan Width": 8, "Plans": [{"Node Type": "Seq Scan", "Parent Relationship": "Outer", "Relation Name": "cast_info", "Alias": "ci", "Startup Cost": 0.0, "Total Cost": 75945.31, "Plan Rows": 1223154, "Plan Width": 8, "Filter": "((note)::text = ANY ('{(writer),\"(head writer)\",\"(written by)\",(story),\"(story editor)\"}'::text[]))"}]}]}]}, {"Node Type": "Hash", "Parent Relationship": "Inner", "Startup Cost": 100527.77, "Total Cost": 100527.77, "Plan Rows": 1740714, "Plan Width": 4, "Plans": [{"Node Type": "Streaming(type: LOCAL GATHER dop: 1/64)", "Parent Relationship": "Outer", "Startup Cost": 0.0, "Total Cost": 100527.77, "Plan Rows": 1740714, "Plan Width": 4, "Plans": [{"Node Type": "Seq Scan", "Parent Relationship": "Outer", "Relation Name": "name", "Alias": "n", "Startup Cost": 0.0, "Total Cost": 64617.04, "Plan Rows": 1740714, "Plan Width": 4, "Filter": "((gender)::text = 'm'::text), (LLVM Optimized)"}]}]}]}]}, "Unique SQL Id": 3913857139, "Planner Runtime": 96}, "explain_analyze_plan": {"Plan": {"Node Type": "Aggregate", "Strategy": "Plain", "Startup Cost": 321917.07, "Total Cost": 321917.08, "Plan Rows": 1, "Plan Width": 160, "Actual Min Startup Time": 8948.572, "Actual Max Startup Time": 8948.572, "Actual Min Total Time": 8948.572, "Actual Max Total Time": 8948.572, "Plans": [{"Node Type": "Hash Join", "Parent Relationship": "Outer", "Join Type": "Inner", "Startup Cost": 231911.73, "Total Cost": 321906.48, "Plan Rows": 1413, "Plan Width": 64, "Actual Min Startup Time": 3616.042, "Actual Max Startup Time": 3616.042, "Actual Min Total Time": 8928.76, "Actual Max Total Time": 8928.76, "Inner Unique": true, "Hash Cond": "(ci.person_id = n.id)", "Plans": [{"Node Type": "Streaming(type: LOCAL GATHER dop: 1/64)", "Parent Relationship": "Outer", "Startup Cost": 185020.87, "Total Cost": 274997.15, "Plan Rows": 1155, "Plan Width": 68, "Actual Min Startup Time": 2346.284, "Actual Max Startup Time": 2346.284, "Actual Min Total Time": 7633.108, "Actual Max Total Time": 7633.108, "Plans": [{"Node Type": "Hash Join", "Parent Relationship": "Outer", "Join Type": "Inner", "Startup Cost": 185020.87, "Total Cost": 274973.32, "Plan Rows": 1155, "Plan Width": 68, "Actual Min Startup Time": 2493.293, "Actual Max Startup Time": 2737.81, "Actual Min Total Time": 8544.81, "Actual Max Total Time": 8757.391, "Inner Unique": false, "Hash Cond": "(t.id = ci.movie_id)", "Plans": [{"Node Type": "Streaming(type: BROADCAST dop: 64/1)", "Parent Relationship": "Outer", "Startup Cost": 165795.64, "Total Cost": 255687.89, "Plan Rows": 66816, "Plan Width": 76, "Actual Min Startup Time": 2256.439, "Actual Max Startup Time": 2405.875, "Actual Min Total Time": 8286.327, "Actual Max Total Time": 8441.897, "Plans": [{"Node Type": "Hash Join", "Parent Relationship": "Outer", "Join Type": "Inner", "Startup Cost": 165795.64, "Total Cost": 191309.48, "Plan Rows": 1044, "Plan Width": 76, "Actual Min Startup Time": 2508.604, "Actual Max Startup Time": 2508.604, "Actual Min Total Time": 3532.896, "Actual Max Total Time": 3532.896, "Inner Unique": true, "Hash Cond": "(mi_idx.info_type_id = it2.id)", "Plans": [{"Node Type": "Hash Join", "Parent Relationship": "Outer", "Join Type": "Inner", "Startup Cost": 165793.23, "Total Cost": 191284.45, "Plan Rows": 4175, "Plan Width": 80, "Actual Min Startup Time": 2498.064, "Actual Max Startup Time": 2498.064, "Actual Min Total Time": 3445.986, "Actual Max Total Time": 3445.986, "Inner Unique": false, "Hash Cond": "(mi_idx.movie_id = t.id)", "Plans": [{"Node Type": "Seq Scan", "Parent Relationship": "Outer", "Relation Name": "movie_info_idx", "Alias": "mi_idx", "Startup Cost": 0.0, "Total Cost": 20274.34, "Plan Rows": 1380034, "Plan Width": 13, "Actual Min Startup Time": 0.048, "Actual Max Startup Time": 0.048, "Actual Min Total Time": 328.546, "Actual Max Total Time": 328.546, "Actual Rows": 1380034}, {"Node Type": "Hash", "Parent Relationship": "Inner", "Startup Cost": 165759.27, "Total Cost": 165759.27, "Plan Rows": 2717, "Plan Width": 67, "Actual Min Startup Time": 2493.682, "Actual Max Startup Time": 2493.682, "Actual Min Total Time": 2493.682, "Actual Max Total Time": 2493.682, "Max Hash Buckets": 32768, "Min Hash Buckets": 32768, "Max Hash Batches": 1, "Min Hash Batches": 1, "Max Original Hash Batches": 1, "Min Original Hash Batches": 1, "Max Peak Memory Usage": 12274, "min Peak Memory Usage": 12274, "Plans": [{"Node Type": "Hash Join", "Parent Relationship": "Outer", "Join Type": "Inner", "Startup Cost": 91675.41, "Total Cost": 165759.27, "Plan Rows": 2717, "Plan Width": 67, "Actual Min Startup Time": 2152.416, "Actual Max Startup Time": 2152.416, "Actual Min Total Time": 2434.501, "Actual Max Total Time": 2434.501, "Inner Unique": true, "Hash Cond": "(mi.movie_id = t.id)", "Plans": [{"Node Type": "Hash Join", "Parent Relationship": "Outer", "Join Type": "Inner", "Startup Cost": 2.41, "Total Cost": 74048.91, "Plan Rows": 2717, "Plan Width": 46, "Actual Min Startup Time": 0.351, "Actual Max Startup Time": 0.351, "Actual Min Total Time": 164.842, "Actual Max Total Time": 164.842, "Inner Unique": true, "Hash Cond": "(mi.info_type_id = it1.id)", "Plans": [{"Node Type": "Streaming(type: LOCAL GATHER dop: 1/64)", "Parent Relationship": "Outer", "Startup Cost": 0.0, "Total Cost": 73306.19, "Plan Rows": 190170, "Plan Width": 50, "Actual Min Startup Time": 0.168, "Actual Max Startup Time": 0.168, "Actual Min Total Time": 92.57, "Actual Max Total Time": 92.57, "Plans": [{"Node Type": "Seq Scan", "Parent Relationship": "Outer", "Relation Name": "movie_info", "Alias": "mi", "Startup Cost": 0.0, "Total Cost": 69383.01, "Plan Rows": 190170, "Plan Width": 50, "Actual Min Startup Time": 66.911, "Actual Max Startup Time": 130.33, "Actual Min Total Time": 110.417, "Actual Max Total Time": 140.922, "Filter": "((info)::text = ANY ('{Horror,Action,Sci-Fi,Thriller,Crime,War}'::text[]))", "Rows Removed by Filter": 14646748, "Actual Rows": 188971}], "Actual Rows": 188971}, {"Node Type": "Hash", "Parent Relationship": "Inner", "Startup Cost": 2.4, "Total Cost": 2.4, "Plan Rows": 1, "Plan Width": 4, "Actual Min Startup Time": 0.094, "Actual Max Startup Time": 0.094, "Actual Min Total Time": 0.094, "Actual Max Total Time": 0.094, "Max Hash Buckets": 32768, "Min Hash Buckets": 32768, "Max Hash Batches": 1, "Min Hash Batches": 1, "Max Original Hash Batches": 1, "Min Original Hash Batches": 1, "Max Peak Memory Usage": 1, "min Peak Memory Usage": 1, "Plans": [{"Node Type": "Seq Scan", "Parent Relationship": "Outer", "Relation Name": "info_type", "Alias": "it1", "Startup Cost": 0.0, "Total Cost": 2.4, "Plan Rows": 1, "Plan Width": 4, "Actual Min Startup Time": 0.057, "Actual Max Startup Time": 0.057, "Actual Min Total Time": 0.08, "Actual Max Total Time": 0.08, "Filter": "((info)::text = 'genres'::text)", "Rows Removed by Filter": 111, "Actual Rows": 1}], "Actual Rows": 1}], "Actual Rows": 186594}, {"Node Type": "Hash", "Parent Relationship": "Inner", "Startup Cost": 60069.11, "Total Cost": 60069.11, "Plan Rows": 2528311, "Plan Width": 21, "Actual Min Startup Time": 2109.785, "Actual Max Startup Time": 2109.785, "Actual Min Total Time": 2109.785, "Actual Max Total Time": 2109.785, "Max Hash Buckets": 4194304, "Min Hash Buckets": 4194304, "Max Hash Batches": 1, "Min Hash Batches": 1, "Max Original Hash Batches": 1, "Min Original Hash Batches": 1, "Max Peak Memory Usage": 135869, "min Peak Memory Usage": 135869, "Plans": [{"Node Type": "Seq Scan", "Parent Relationship": "Outer", "Relation Name": "title", "Alias": "t", "Startup Cost": 0.0, "Total Cost": 60069.11, "Plan Rows": 2528311, "Plan Width": 21, "Actual Min Startup Time": 0.032, "Actual Max Startup Time": 0.032, "Actual Min Total Time": 840.168, "Actual Max Total Time": 840.168, "Actual Rows": 2528311}], "Actual Rows": 2528311}], "Actual Rows": 186594}], "Actual Rows": 186594}], "Actual Rows": 307785}, {"Node Type": "Hash", "Parent Relationship": "Inner", "Startup Cost": 2.4, "Total Cost": 2.4, "Plan Rows": 1, "Plan Width": 4, "Actual Min Startup Time": 0.102, "Actual Max Startup Time": 0.102, "Actual Min Total Time": 0.102, "Actual Max Total Time": 0.102, "Max Hash Buckets": 32768, "Min Hash Buckets": 32768, "Max Hash Batches": 1, "Min Hash Batches": 1, "Max Original Hash Batches": 1, "Min Original Hash Batches": 1, "Max Peak Memory Usage": 1, "min Peak Memory Usage": 1, "Plans": [{"Node Type": "Seq Scan", "Parent Relationship": "Outer", "Relation Name": "info_type", "Alias": "it2", "Startup Cost": 0.0, "Total Cost": 2.4, "Plan Rows": 1, "Plan Width": 4, "Actual Min Startup Time": 0.083, "Actual Max Startup Time": 0.083, "Actual Min Total Time": 0.089, "Actual Max Total Time": 0.089, "Filter": "((info)::text = 'votes'::text)", "Rows Removed by Filter": 111, "Actual Rows": 1}], "Actual Rows": 1}], "Actual Rows": 102516}], "Actual Rows": 6561024}, {"Node Type": "Hash", "Parent Relationship": "Inner", "Startup Cost": 75945.31, "Total Cost": 75945.31, "Plan Rows": 1223154, "Plan Width": 8, "Actual Min Startup Time": 219.259, "Actual Max Startup Time": 293.886, "Actual Min Total Time": 219.259, "Actual Max Total Time": 293.886, "Max Hash Buckets": 32768, "Min Hash Buckets": 32768, "Max Hash Batches": 1, "Min Hash Batches": 1, "Max Original Hash Batches": 1, "Min Original Hash Batches": 1, "Max Peak Memory Usage": 808, "min Peak Memory Usage": 808, "Plans": [{"Node Type": "Seq Scan", "Parent Relationship": "Outer", "Relation Name": "cast_info", "Alias": "ci", "Startup Cost": 0.0, "Total Cost": 75945.31, "Plan Rows": 1223154, "Plan Width": 8, "Actual Min Startup Time": 6.03, "Actual Max Startup Time": 144.369, "Actual Min Total Time": 214.533, "Actual Max Total Time": 243.505, "Filter": "((note)::text = ANY ('{(writer),\"(head writer)\",\"(written by)\",(story),\"(story editor)\"}'::text[]))", "Rows Removed by Filter": 34999627, "Actual Rows": 1244716}], "Actual Rows": 1244716}], "Actual Rows": 54155}], "Actual Rows": 54155}, {"Node Type": "Hash", "Parent Relationship": "Inner", "Startup Cost": 100527.77, "Total Cost": 100527.77, "Plan Rows": 1740714, "Plan Width": 4, "Actual Min Startup Time": 1268.316, "Actual Max Startup Time": 1268.316, "Actual Min Total Time": 1268.316, "Actual Max Total Time": 1268.316, "Max Hash Buckets": 2097152, "Min Hash Buckets": 2097152, "Max Hash Batches": 1, "Min Hash Batches": 1, "Max Original Hash Batches": 1, "Min Original Hash Batches": 1, "Max Peak Memory Usage": 61158, "min Peak Memory Usage": 61158, "Plans": [{"Node Type": "Streaming(type: LOCAL GATHER dop: 1/64)", "Parent Relationship": "Outer", "Startup Cost": 0.0, "Total Cost": 100527.77, "Plan Rows": 1740714, "Plan Width": 4, "Actual Min Startup Time": 89.133, "Actual Max Startup Time": 89.133, "Actual Min Total Time": 702.342, "Actual Max Total Time": 702.342, "Plans": [{"Node Type": "Seq Scan", "Parent Relationship": "Outer", "Relation Name": "name", "Alias": "n", "Startup Cost": 0.0, "Total Cost": 64617.04, "Plan Rows": 1740714, "Plan Width": 4, "Actual Min Startup Time": 0.027, "Actual Max Startup Time": 0.061, "Actual Min Total Time": 22.929, "Actual Max Total Time": 27.242, "Filter": "((gender)::text = 'm'::text), (LLVM Optimized, Jit Execute)", "Rows Removed by Filter": 2427912, "Actual Rows": 1739578}], "Actual Rows": 1739578}], "Actual Rows": 1739578}], "Actual Rows": 28073}], "Actual Rows": 1}, "Triggers": [], "Planner Runtime": 77, "Total Runtime": 9005.78, "Unique SQL Id": 3913857139}}, "(64, 79)": {"explain_plan": {"Plan": {"Node Type": "Aggregate", "Strategy": "Plain", "Startup Cost": 6995128315390.61, "Total Cost": 6995128315390.62, "Plan Rows": 1, "Plan Width": 160, "Plans": [{"Node Type": "Hash Join", "Parent Relationship": "Outer", "Join Type": "Inner", "Startup Cost": 3040055574239.93, "Total Cost": 6995128315380.02, "Plan Rows": 1413, "Plan Width": 64, "Inner Unique": true, "Hash Cond": "(ci.person_id = n.id)", "Plans": [{"Node Type": "Hash Join", "Parent Relationship": "Outer", "Join Type": "Inner", "Startup Cost": 2040036887333.8, "Total Cost": 5995109628455.42, "Plan Rows": 1155, "Plan Width": 68, "Inner Unique": true, "Hash Cond": "(mi_idx.info_type_id = it2.id)", "Plans": [{"Node Type": "Hash Join", "Parent Relationship": "Outer", "Join Type": "Inner", "Startup Cost": 1040036885912.79, "Total Cost": 4995109627009.39, "Plan Rows": 4619, "Plan Width": 72, "Inner Unique": true, "Hash Cond": "(mi.info_type_id = it1.id)", "Plans": [{"Node Type": "Merge Join", "Parent Relationship": "Outer", "Join Type": "Inner", "Startup Cost": 40036884491.78, "Total Cost": 3995109624731.85, "Plan Rows": 323326, "Plan Width": 76, "Inner Unique": false, "Merge Cond": "(t.id = mi_idx.movie_id)", "Plans": [{"Node Type": "Merge Join", "Parent Relationship": "Outer", "Join Type": "Inner", "Startup Cost": 30031145475.76, "Total Cost": 2997883829352.79, "Plan Rows": 210398, "Plan Width": 79, "Inner Unique": false, "Merge Cond": "(t.id = ci.movie_id)", "Plans": [{"Node Type": "Merge Join", "Parent Relationship": "Outer", "Join Type": "Inner", "Startup Cost": 20024668916.98, "Total Cost": 1999424688065.12, "Plan Rows": 190170, "Plan Width": 71, "Inner Unique": true, "Merge Cond": "(mi.movie_id = t.id)", "Plans": [{"Node Type": "Index Scan", "Parent Relationship": "Outer", "Scan Direction": "Forward", "Index Name": "movie_id_movie_info", "Relation Name": "movie_info", "Alias": "mi", "Startup Cost": 10000000000.0, "Total Cost": 1000114969386.72, "Plan Rows": 190170, "Plan Width": 50, "Filter": "((info)::text = ANY ('{Horror,Action,Sci-Fi,Thriller,Crime,War}'::text[]))"}, {"Node Type": "Index Scan", "Parent Relationship": "Inner", "Scan Direction": "Forward", "Index Name": "title_pkey", "Relation Name": "title", "Alias": "t", "Startup Cost": 10000000000.0, "Total Cost": 1000011012048.91, "Plan Rows": 2528311, "Plan Width": 21}]}, {"Node Type": "Index Scan", "Parent Relationship": "Inner", "Scan Direction": "Forward", "Index Name": "movie_id_cast_info", "Relation Name": "cast_info", "Alias": "ci", "Startup Cost": 10000000000.0, "Total Cost": 1000228594573.05, "Plan Rows": 1223154, "Plan Width": 8, "Filter": "((note)::text = ANY ('{(writer),\"(head writer)\",\"(written by)\",(story),\"(story editor)\"}'::text[]))"}]}, {"Node Type": "Index Scan", "Parent Relationship": "Inner", "Scan Direction": "Forward", "Index Name": "movie_id_movie_info_idx", "Relation Name": "movie_info_idx", "Alias": "mi_idx", "Startup Cost": 10000000000.0, "Total Cost": 1000004650035.37, "Plan Rows": 1380034, "Plan Width": 13}]}, {"Node Type": "Hash", "Parent Relationship": "Inner", "Startup Cost": 1000000001421.0, "Total Cost": 1000000001421.0, "Plan Rows": 1, "Plan Width": 4, "Plans": [{"Node Type": "Index Scan", "Parent Relationship": "Outer", "Scan Direction": "Forward", "Index Name": "info_type_pkey", "Relation Name": "info_type", "Alias": "it1", "Startup Cost": 10000000000.0, "Total Cost": 1000000001421.0, "Plan Rows": 1, "Plan Width": 4, "Filter": "((info)::text = 'genres'::text)"}]}]}, {"Node Type": "Hash", "Parent Relationship": "Inner", "Startup Cost": 1000000001421.0, "Total Cost": 1000000001421.0, "Plan Rows": 1, "Plan Width": 4, "Plans": [{"Node Type": "Index Scan", "Parent Relationship": "Outer", "Scan Direction": "Forward", "Index Name": "info_type_pkey", "Relation Name": "info_type", "Alias": "it2", "Startup Cost": 10000000000.0, "Total Cost": 1000000001421.0, "Plan Rows": 1, "Plan Width": 4, "Filter": "((info)::text = 'votes'::text)"}]}]}, {"Node Type": "Hash", "Parent Relationship": "Inner", "Startup Cost": 1000018665147.2, "Total Cost": 1000018665147.2, "Plan Rows": 1740714, "Plan Width": 4, "Plans": [{"Node Type": "Index Scan", "Parent Relationship": "Outer", "Scan Direction": "Forward", "Index Name": "name_pkey", "Relation Name": "name", "Alias": "n", "Startup Cost": 10000000000.0, "Total Cost": 1000018665147.2, "Plan Rows": 1740714, "Plan Width": 4, "Filter": "((gender)::text = 'm'::text), (LLVM Optimized)"}]}]}]}, "Unique SQL Id": 3913857139, "Planner Runtime": 124}, "explain_analyze_plan": null}, "(64, 80)": {"explain_plan": {"Plan": {"Node Type": "Aggregate", "Strategy": "Plain", "Startup Cost": 131788.43, "Total Cost": 131788.44, "Plan Rows": 1, "Plan Width": 160, "Plans": [{"Node Type": "Nested Loop", "Parent Relationship": "Outer", "Join Type": "Inner", "Startup Cost": 0.0, "Total Cost": 131777.83, "Plan Rows": 1413, "Plan Width": 64, "Inner Unique": true, "Plans": [{"Node Type": "Nested Loop", "Parent Relationship": "Outer", "Join Type": "Inner", "Startup Cost": 0.0, "Total Cost": 131198.57, "Plan Rows": 1155, "Plan Width": 68, "Inner Unique": false, "Plans": [{"Node Type": "Nested Loop", "Parent Relationship": "Outer", "Join Type": "Inner", "Startup Cost": 0.0, "Total Cost": 130136.93, "Plan Rows": 1044, "Plan Width": 76, "Inner Unique": true, "Join Filter": "(mi.movie_id = t.id)", "Plans": [{"Node Type": "Nested Loop", "Parent Relationship": "Outer", "Join Type": "Inner", "Startup Cost": 0.0, "Total Cost": 129708.74, "Plan Rows": 1044, "Plan Width": 55, "Inner Unique": true, "Plans": [{"Node Type": "Nested Loop", "Parent Relationship": "Outer", "Join Type": "Inner", "Startup Cost": 0.0, "Total Cost": 128529.27, "Plan Rows": 4175, "Plan Width": 59, "Inner Unique": false, "Plans": [{"Node Type": "Nested Loop", "Parent Relationship": "Outer", "Join Type": "Inner", "Startup Cost": 0.0, "Total Cost": 127041.22, "Plan Rows": 2717, "Plan Width": 46, "Inner Unique": true, "Plans": [{"Node Type": "Streaming(type: LOCAL GATHER dop: 1/64)", "Parent Relationship": "Outer", "Startup Cost": 0.0, "Total Cost": 73306.19, "Plan Rows": 190170, "Plan Width": 50, "Plans": [{"Node Type": "Seq Scan", "Parent Relationship": "Outer", "Relation Name": "movie_info", "Alias": "mi", "Startup Cost": 0.0, "Total Cost": 69383.01, "Plan Rows": 190170, "Plan Width": 50, "Filter": "((info)::text = ANY ('{Horror,Action,Sci-Fi,Thriller,Crime,War}'::text[]))"}]}, {"Node Type": "Index Scan", "Parent Relationship": "Inner", "Scan Direction": "Forward", "Index Name": "info_type_pkey", "Relation Name": "info_type", "Alias": "it1", "Startup Cost": 0.0, "Total Cost": 0.27, "Plan Rows": 1, "Plan Width": 4, "Index Cond": "(id = mi.info_type_id)", "Filter": "((info)::text = 'genres'::text)"}]}, {"Node Type": "Index Scan", "Parent Relationship": "Inner", "Scan Direction": "Forward", "Index Name": "movie_id_movie_info_idx", "Relation Name": "movie_info_idx", "Alias": "mi_idx", "Startup Cost": 0.0, "Total Cost": 0.53, "Plan Rows": 2, "Plan Width": 13, "Index Cond": "(movie_id = mi.movie_id)"}]}, {"Node Type": "Index Scan", "Parent Relationship": "Inner", "Scan Direction": "Forward", "Index Name": "info_type_pkey", "Relation Name": "info_type", "Alias": "it2", "Startup Cost": 0.0, "Total Cost": 0.27, "Plan Rows": 1, "Plan Width": 4, "Index Cond": "(id = mi_idx.info_type_id)", "Filter": "((info)::text = 'votes'::text)"}]}, {"Node Type": "Index Scan", "Parent Relationship": "Inner", "Scan Direction": "Forward", "Index Name": "title_pkey", "Relation Name": "title", "Alias": "t", "Startup Cost": 0.0, "Total Cost": 0.4, "Plan Rows": 1, "Plan Width": 21, "Index Cond": "(id = mi_idx.movie_id)"}]}, {"Node Type": "Index Scan", "Parent Relationship": "Inner", "Scan Direction": "Forward", "Index Name": "movie_id_cast_info", "Relation Name": "cast_info", "Alias": "ci", "Startup Cost": 0.0, "Total Cost": 1.01, "Plan Rows": 1, "Plan Width": 8, "Index Cond": "(movie_id = t.id)", "Filter": "((note)::text = ANY ('{(writer),\"(head writer)\",\"(written by)\",(story),\"(story editor)\"}'::text[]))"}]}, {"Node Type": "Index Scan", "Parent Relationship": "Inner", "Scan Direction": "Forward", "Index Name": "name_pkey", "Relation Name": "name", "Alias": "n", "Startup Cost": 0.0, "Total Cost": 0.49, "Plan Rows": 1, "Plan Width": 4, "Index Cond": "(id = ci.person_id)", "Filter": "((gender)::text = 'm'::text)"}]}]}, "Unique SQL Id": 3913857139, "Planner Runtime": 22}, "explain_analyze_plan": {"Plan": {"Node Type": "Aggregate", "Strategy": "Plain", "Startup Cost": 131788.43, "Total Cost": 131788.44, "Plan Rows": 1, "Plan Width": 160, "Actual Min Startup Time": 11856.558, "Actual Max Startup Time": 11856.558, "Actual Min Total Time": 11856.559, "Actual Max Total Time": 11856.559, "Plans": [{"Node Type": "Nested Loop", "Parent Relationship": "Outer", "Join Type": "Inner", "Startup Cost": 0.0, "Total Cost": 131777.83, "Plan Rows": 1413, "Plan Width": 64, "Actual Min Startup Time": 149.676, "Actual Max Startup Time": 149.676, "Actual Min Total Time": 11813.958, "Actual Max Total Time": 11813.958, "Inner Unique": true, "Plans": [{"Node Type": "Nested Loop", "Parent Relationship": "Outer", "Join Type": "Inner", "Startup Cost": 0.0, "Total Cost": 131198.57, "Plan Rows": 1155, "Plan Width": 68, "Actual Min Startup Time": 147.948, "Actual Max Startup Time": 147.948, "Actual Min Total Time": 11403.434, "Actual Max Total Time": 11403.434, "Inner Unique": false, "Plans": [{"Node Type": "Nested Loop", "Parent Relationship": "Outer", "Join Type": "Inner", "Startup Cost": 0.0, "Total Cost": 130136.93, "Plan Rows": 1044, "Plan Width": 76, "Actual Min Startup Time": 147.374, "Actual Max Startup Time": 147.374, "Actual Min Total Time": 2889.092, "Actual Max Total Time": 2889.092, "Inner Unique": true, "Join Filter": "(mi.movie_id = t.id)", "Rows Removed by Join Filter": 0, "Plans": [{"Node Type": "Nested Loop", "Parent Relationship": "Outer", "Join Type": "Inner", "Startup Cost": 0.0, "Total Cost": 129708.74, "Plan Rows": 1044, "Plan Width": 55, "Actual Min Startup Time": 147.351, "Actual Max Startup Time": 147.351, "Actual Min Total Time": 2322.656, "Actual Max Total Time": 2322.656, "Inner Unique": true, "Plans": [{"Node Type": "Nested Loop", "Parent Relationship": "Outer", "Join Type": "Inner", "Startup Cost": 0.0, "Total Cost": 128529.27, "Plan Rows": 4175, "Plan Width": 59, "Actual Min Startup Time": 147.327, "Actual Max Startup Time": 147.327, "Actual Min Total Time": 1577.653, "Actual Max Total Time": 1577.653, "Inner Unique": false, "Plans": [{"Node Type": "Nested Loop", "Parent Relationship": "Outer", "Join Type": "Inner", "Startup Cost": 0.0, "Total Cost": 127041.22, "Plan Rows": 2717, "Plan Width": 46, "Actual Min Startup Time": 147.304, "Actual Max Startup Time": 147.304, "Actual Min Total Time": 727.45, "Actual Max Total Time": 727.45, "Inner Unique": true, "Plans": [{"Node Type": "Streaming(type: LOCAL GATHER dop: 1/64)", "Parent Relationship": "Outer", "Startup Cost": 0.0, "Total Cost": 73306.19, "Plan Rows": 190170, "Plan Width": 50, "Actual Min Startup Time": 127.276, "Actual Max Startup Time": 127.276, "Actual Min Total Time": 234.506, "Actual Max Total Time": 234.506, "Plans": [{"Node Type": "Seq Scan", "Parent Relationship": "Outer", "Relation Name": "movie_info", "Alias": "mi", "Startup Cost": 0.0, "Total Cost": 69383.01, "Plan Rows": 190170, "Plan Width": 50, "Actual Min Startup Time": 55.558, "Actual Max Startup Time": 140.942, "Actual Min Total Time": 109.789, "Actual Max Total Time": 160.471, "Filter": "((info)::text = ANY ('{Horror,Action,Sci-Fi,Thriller,Crime,War}'::text[]))", "Rows Removed by Filter": 14646748, "Actual Rows": 188971}], "Actual Rows": 188971}, {"Node Type": "Index Scan", "Parent Relationship": "Inner", "Scan Direction": "Forward", "Index Name": "info_type_pkey", "Relation Name": "info_type", "Alias": "it1", "Startup Cost": 0.0, "Total Cost": 0.27, "Plan Rows": 1, "Plan Width": 4, "Actual Min Startup Time": 334.854, "Actual Max Startup Time": 334.854, "Actual Min Total Time": 334.854, "Actual Max Total Time": 334.854, "Index Cond": "(id = mi.info_type_id)", "Rows Removed by Index Recheck": 0, "Filter": "((info)::text = 'genres'::text)", "Rows Removed by Filter": 2377, "Actual Rows": 186594}], "Actual Rows": 186594}, {"Node Type": "Index Scan", "Parent Relationship": "Inner", "Scan Direction": "Forward", "Index Name": "movie_id_movie_info_idx", "Relation Name": "movie_info_idx", "Alias": "mi_idx", "Startup Cost": 0.0, "Total Cost": 0.53, "Plan Rows": 2, "Plan Width": 13, "Actual Min Startup Time": 548.917, "Actual Max Startup Time": 548.917, "Actual Min Total Time": 675.018, "Actual Max Total Time": 675.018, "Index Cond": "(movie_id = mi.movie_id)", "Rows Removed by Index Recheck": 0, "Actual Rows": 307785}], "Actual Rows": 307785}, {"Node Type": "Index Scan", "Parent Relationship": "Inner", "Scan Direction": "Forward", "Index Name": "info_type_pkey", "Relation Name": "info_type", "Alias": "it2", "Startup Cost": 0.0, "Total Cost": 0.27, "Plan Rows": 1, "Plan Width": 4, "Actual Min Startup Time": 564.043, "Actual Max Startup Time": 564.043, "Actual Min Total Time": 564.043, "Actual Max Total Time": 564.043, "Index Cond": "(id = mi_idx.info_type_id)", "Rows Removed by Index Recheck": 0, "Filter": "((info)::text = 'votes'::text)", "Rows Removed by Filter": 205269, "Actual Rows": 102516}], "Actual Rows": 102516}, {"Node Type": "Index Scan", "Parent Relationship": "Inner", "Scan Direction": "Forward", "Index Name": "title_pkey", "Relation Name": "title", "Alias": "t", "Startup Cost": 0.0, "Total Cost": 0.4, "Plan Rows": 1, "Plan Width": 21, "Actual Min Startup Time": 445.747, "Actual Max Startup Time": 445.747, "Actual Min Total Time": 445.747, "Actual Max Total Time": 445.747, "Index Cond": "(id = mi_idx.movie_id)", "Rows Removed by Index Recheck": 0, "Actual Rows": 102516}], "Actual Rows": 102516}, {"Node Type": "Index Scan", "Parent Relationship": "Inner", "Scan Direction": "Forward", "Index Name": "movie_id_cast_info", "Relation Name": "cast_info", "Alias": "ci", "Startup Cost": 0.0, "Total Cost": 1.01, "Plan Rows": 1, "Plan Width": 8, "Actual Min Startup Time": 7183.647, "Actual Max Startup Time": 7183.647, "Actual Min Total Time": 8441.187, "Actual Max Total Time": 8441.187, "Index Cond": "(movie_id = t.id)", "Rows Removed by Index Recheck": 0, "Filter": "((note)::text = ANY ('{(writer),\"(head writer)\",\"(written by)\",(story),\"(story editor)\"}'::text[]))", "Rows Removed by Filter": 3987641, "Actual Rows": 54155}], "Actual Rows": 54155}, {"Node Type": "Index Scan", "Parent Relationship": "Inner", "Scan Direction": "Forward", "Index Name": "name_pkey", "Relation Name": "name", "Alias": "n", "Startup Cost": 0.0, "Total Cost": 0.49, "Plan Rows": 1, "Plan Width": 4, "Actual Min Startup Time": 363.695, "Actual Max Startup Time": 363.695, "Actual Min Total Time": 363.695, "Actual Max Total Time": 363.695, "Index Cond": "(id = ci.person_id)", "Rows Removed by Index Recheck": 0, "Filter": "((gender)::text = 'm'::text)", "Rows Removed by Filter": 26082, "Actual Rows": 28073}], "Actual Rows": 28073}], "Actual Rows": 1}, "Triggers": [], "Planner Runtime": 21, "Total Runtime": 11867.441, "Unique SQL Id": 3913857139}}, "(64, 81)": {"explain_plan": {"Plan": {"Node Type": "Aggregate", "Strategy": "Plain", "Startup Cost": 169731.13, "Total Cost": 169731.14, "Plan Rows": 1, "Plan Width": 160, "Plans": [{"Node Type": "Nested Loop", "Parent Relationship": "Outer", "Join Type": "Inner", "Startup Cost": 4842.14, "Total Cost": 169720.53, "Plan Rows": 1413, "Plan Width": 64, "Inner Unique": true, "Plans": [{"Node Type": "Nested Loop", "Parent Relationship": "Outer", "Join Type": "Inner", "Startup Cost": 4842.14, "Total Cost": 169141.26, "Plan Rows": 1155, "Plan Width": 68, "Inner Unique": false, "Plans": [{"Node Type": "Nested Loop", "Parent Relationship": "Outer", "Join Type": "Inner", "Startup Cost": 4842.14, "Total Cost": 168079.63, "Plan Rows": 1044, "Plan Width": 76, "Inner Unique": true, "Join Filter": "(mi.movie_id = t.id)", "Plans": [{"Node Type": "Nested Loop", "Parent Relationship": "Outer", "Join Type": "Inner", "Startup Cost": 4842.14, "Total Cost": 167651.44, "Plan Rows": 1044, "Plan Width": 55, "Inner Unique": true, "Plans": [{"Node Type": "Nested Loop", "Parent Relationship": "Outer", "Join Type": "Inner", "Startup Cost": 4842.14, "Total Cost": 166471.96, "Plan Rows": 4175, "Plan Width": 59, "Inner Unique": false, "Plans": [{"Node Type": "Nested Loop", "Parent Relationship": "Outer", "Join Type": "Inner", "Startup Cost": 4842.14, "Total Cost": 164983.91, "Plan Rows": 2717, "Plan Width": 46, "Inner Unique": false, "Plans": [{"Node Type": "Index Scan", "Parent Relationship": "Outer", "Scan Direction": "Forward", "Index Name": "info_type_pkey", "Relation Name": "info_type", "Alias": "it1", "Startup Cost": 0.0, "Total Cost": 14.21, "Plan Rows": 1, "Plan Width": 4, "Filter": "((info)::text = 'genres'::text)"}, {"Node Type": "Bitmap Heap Scan", "Parent Relationship": "Inner", "Relation Name": "movie_info", "Alias": "mi", "Startup Cost": 4842.14, "Total Cost": 164942.53, "Plan Rows": 2717, "Plan Width": 50, "Recheck Cond": "(info_type_id = it1.id)", "Filter": "((info)::text = ANY ('{Horror,Action,Sci-Fi,Thriller,Crime,War}'::text[]))", "Plans": [{"Node Type": "Bitmap Index Scan", "Parent Relationship": "Outer", "Index Name": "info_type_id_movie_info", "Startup Cost": 0.0, "Total Cost": 4841.46, "Plan Rows": 212428, "Plan Width": 0, "Index Cond": "(info_type_id = it1.id)"}]}]}, {"Node Type": "Index Scan", "Parent Relationship": "Inner", "Scan Direction": "Forward", "Index Name": "movie_id_movie_info_idx", "Relation Name": "movie_info_idx", "Alias": "mi_idx", "Startup Cost": 0.0, "Total Cost": 0.53, "Plan Rows": 2, "Plan Width": 13, "Index Cond": "(movie_id = mi.movie_id)"}]}, {"Node Type": "Index Scan", "Parent Relationship": "Inner", "Scan Direction": "Forward", "Index Name": "info_type_pkey", "Relation Name": "info_type", "Alias": "it2", "Startup Cost": 0.0, "Total Cost": 0.27, "Plan Rows": 1, "Plan Width": 4, "Index Cond": "(id = mi_idx.info_type_id)", "Filter": "((info)::text = 'votes'::text)"}]}, {"Node Type": "Index Scan", "Parent Relationship": "Inner", "Scan Direction": "Forward", "Index Name": "title_pkey", "Relation Name": "title", "Alias": "t", "Startup Cost": 0.0, "Total Cost": 0.4, "Plan Rows": 1, "Plan Width": 21, "Index Cond": "(id = mi_idx.movie_id)"}]}, {"Node Type": "Index Scan", "Parent Relationship": "Inner", "Scan Direction": "Forward", "Index Name": "movie_id_cast_info", "Relation Name": "cast_info", "Alias": "ci", "Startup Cost": 0.0, "Total Cost": 1.01, "Plan Rows": 1, "Plan Width": 8, "Index Cond": "(movie_id = t.id)", "Filter": "((note)::text = ANY ('{(writer),\"(head writer)\",\"(written by)\",(story),\"(story editor)\"}'::text[]))"}]}, {"Node Type": "Index Scan", "Parent Relationship": "Inner", "Scan Direction": "Forward", "Index Name": "name_pkey", "Relation Name": "name", "Alias": "n", "Startup Cost": 0.0, "Total Cost": 0.49, "Plan Rows": 1, "Plan Width": 4, "Index Cond": "(id = ci.person_id)", "Filter": "((gender)::text = 'm'::text)"}]}]}, "Unique SQL Id": 3913857139, "Planner Runtime": 20}, "explain_analyze_plan": {"Plan": {"Node Type": "Aggregate", "Strategy": "Plain", "Startup Cost": 169731.13, "Total Cost": 169731.14, "Plan Rows": 1, "Plan Width": 160, "Actual Startup Time": 12278.419, "Actual Total Time": 12278.419, "Actual Rows": 1, "Actual Loops": 1, "Plans": [{"Node Type": "Nested Loop", "Parent Relationship": "Outer", "Join Type": "Inner", "Startup Cost": 4842.14, "Total Cost": 169720.53, "Plan Rows": 1413, "Plan Width": 64, "Actual Startup Time": 189.228, "Actual Total Time": 12238.76, "Actual Rows": 28073, "Actual Loops": 1, "Inner Unique": true, "Plans": [{"Node Type": "Nested Loop", "Parent Relationship": "Outer", "Join Type": "Inner", "Startup Cost": 4842.14, "Total Cost": 169141.26, "Plan Rows": 1155, "Plan Width": 68, "Actual Startup Time": 186.782, "Actual Total Time": 11830.548, "Actual Rows": 54155, "Actual Loops": 1, "Inner Unique": false, "Plans": [{"Node Type": "Nested Loop", "Parent Relationship": "Outer", "Join Type": "Inner", "Startup Cost": 4842.14, "Total Cost": 168079.63, "Plan Rows": 1044, "Plan Width": 76, "Actual Startup Time": 183.875, "Actual Total Time": 3307.953, "Actual Rows": 102516, "Actual Loops": 1, "Inner Unique": true, "Join Filter": "(mi.movie_id = t.id)", "Rows Removed by Join Filter": 0, "Plans": [{"Node Type": "Nested Loop", "Parent Relationship": "Outer", "Join Type": "Inner", "Startup Cost": 4842.14, "Total Cost": 167651.44, "Plan Rows": 1044, "Plan Width": 55, "Actual Startup Time": 183.855, "Actual Total Time": 2757.508, "Actual Rows": 102516, "Actual Loops": 1, "Inner Unique": true, "Plans": [{"Node Type": "Nested Loop", "Parent Relationship": "Outer", "Join Type": "Inner", "Startup Cost": 4842.14, "Total Cost": 166471.96, "Plan Rows": 4175, "Plan Width": 59, "Actual Startup Time": 183.831, "Actual Total Time": 2013.762, "Actual Rows": 307785, "Actual Loops": 1, "Inner Unique": false, "Plans": [{"Node Type": "Nested Loop", "Parent Relationship": "Outer", "Join Type": "Inner", "Startup Cost": 4842.14, "Total Cost": 164983.91, "Plan Rows": 2717, "Plan Width": 46, "Actual Startup Time": 183.795, "Actual Total Time": 1165.444, "Actual Rows": 186594, "Actual Loops": 1, "Inner Unique": false, "Plans": [{"Node Type": "Index Scan", "Parent Relationship": "Outer", "Scan Direction": "Forward", "Index Name": "info_type_pkey", "Relation Name": "info_type", "Alias": "it1", "Startup Cost": 0.0, "Total Cost": 14.21, "Plan Rows": 1, "Plan Width": 4, "Actual Startup Time": 0.04, "Actual Total Time": 0.092, "Actual Rows": 1, "Actual Loops": 1, "Filter": "((info)::text = 'genres'::text)", "Rows Removed by Filter": 111}, {"Node Type": "Bitmap Heap Scan", "Parent Relationship": "Inner", "Relation Name": "movie_info", "Alias": "mi", "Startup Cost": 4842.14, "Total Cost": 164942.53, "Plan Rows": 2717, "Plan Width": 50, "Actual Startup Time": 183.744, "Actual Total Time": 1120.521, "Actual Rows": 186594, "Actual Loops": 1, "Recheck Cond": "(info_type_id = it1.id)", "Rows Removed by Index Recheck": 0, "Filter": "((info)::text = ANY ('{Horror,Action,Sci-Fi,Thriller,Crime,War}'::text[]))", "Rows Removed by Filter": 1347315, "Exact Heap Blocks": 7426, "Lossy Heap Blocks": 7426, "Plans": [{"Node Type": "Bitmap Index Scan", "Parent Relationship": "Outer", "Index Name": "info_type_id_movie_info", "Startup Cost": 0.0, "Total Cost": 4841.46, "Plan Rows": 212428, "Plan Width": 0, "Actual Startup Time": 182.362, "Actual Total Time": 182.362, "Actual Rows": 1533909, "Actual Loops": 1, "Index Cond": "(info_type_id = it1.id)"}]}]}, {"Node Type": "Index Scan", "Parent Relationship": "Inner", "Scan Direction": "Forward", "Index Name": "movie_id_movie_info_idx", "Relation Name": "movie_info_idx", "Alias": "mi_idx", "Startup Cost": 0.0, "Total Cost": 0.53, "Plan Rows": 2, "Plan Width": 13, "Actual Startup Time": 549.041, "Actual Total Time": 674.8, "Actual Rows": 307785, "Actual Loops": 186594, "Index Cond": "(movie_id = mi.movie_id)", "Rows Removed by Index Recheck": 0}]}, {"Node Type": "Index Scan", "Parent Relationship": "Inner", "Scan Direction": "Forward", "Index Name": "info_type_pkey", "Relation Name": "info_type", "Alias": "it2", "Startup Cost": 0.0, "Total Cost": 0.27, "Plan Rows": 1, "Plan Width": 4, "Actual Startup Time": 563.242, "Actual Total Time": 563.242, "Actual Rows": 102516, "Actual Loops": 307785, "Index Cond": "(id = mi_idx.info_type_id)", "Rows Removed by Index Recheck": 0, "Filter": "((info)::text = 'votes'::text)", "Rows Removed by Filter": 205269}]}, {"Node Type": "Index Scan", "Parent Relationship": "Inner", "Scan Direction": "Forward", "Index Name": "title_pkey", "Relation Name": "title", "Alias": "t", "Startup Cost": 0.0, "Total Cost": 0.4, "Plan Rows": 1, "Plan Width": 21, "Actual Startup Time": 433.373, "Actual Total Time": 433.373, "Actual Rows": 102516, "Actual Loops": 102516, "Index Cond": "(id = mi_idx.movie_id)", "Rows Removed by Index Recheck": 0}]}, {"Node Type": "Index Scan", "Parent Relationship": "Inner", "Scan Direction": "Forward", "Index Name": "movie_id_cast_info", "Relation Name": "cast_info", "Alias": "ci", "Startup Cost": 0.0, "Total Cost": 1.01, "Plan Rows": 1, "Plan Width": 8, "Actual Startup Time": 7204.574, "Actual Total Time": 8452.357, "Actual Rows": 54155, "Actual Loops": 102516, "Index Cond": "(movie_id = t.id)", "Rows Removed by Index Recheck": 0, "Filter": "((note)::text = ANY ('{(writer),\"(head writer)\",\"(written by)\",(story),\"(story editor)\"}'::text[]))", "Rows Removed by Filter": 3987641}]}, {"Node Type": "Index Scan", "Parent Relationship": "Inner", "Scan Direction": "Forward", "Index Name": "name_pkey", "Relation Name": "name", "Alias": "n", "Startup Cost": 0.0, "Total Cost": 0.49, "Plan Rows": 1, "Plan Width": 4, "Actual Startup Time": 361.413, "Actual Total Time": 361.413, "Actual Rows": 28073, "Actual Loops": 54155, "Index Cond": "(id = ci.person_id)", "Rows Removed by Index Recheck": 0, "Filter": "((gender)::text = 'm'::text)", "Rows Removed by Filter": 26082}]}]}, "Triggers": [], "Planner Runtime": 18, "Total Runtime": 12278.868, "Unique SQL Id": 3913857139}}, "(64, 82)": {"explain_plan": {"Plan": {"Node Type": "Aggregate", "Strategy": "Plain", "Startup Cost": 191602.22, "Total Cost": 191602.23, "Plan Rows": 1, "Plan Width": 160, "Plans": [{"Node Type": "Nested Loop", "Parent Relationship": "Outer", "Join Type": "Inner", "Startup Cost": 177214.13, "Total Cost": 191591.62, "Plan Rows": 1413, "Plan Width": 64, "Inner Unique": true, "Plans": [{"Node Type": "Nested Loop", "Parent Relationship": "Outer", "Join Type": "Inner", "Startup Cost": 177213.82, "Total Cost": 186586.2, "Plan Rows": 1155, "Plan Width": 68, "Inner Unique": false, "Plans": [{"Node Type": "Nested Loop", "Parent Relationship": "Outer", "Join Type": "Inner", "Startup Cost": 177213.31, "Total Cost": 181743.53, "Plan Rows": 1044, "Plan Width": 76, "Inner Unique": true, "Join Filter": "(mi.movie_id = t.id)", "Plans": [{"Node Type": "Merge Join", "Parent Relationship": "Outer", "Join Type": "Inner", "Startup Cost": 177213.02, "Total Cost": 177244.34, "Plan Rows": 1044, "Plan Width": 55, "Inner Unique": false, "Merge Cond": "(it2.id = mi_idx.info_type_id)", "Plans": [{"Node Type": "Sort", "Parent Relationship": "Outer", "Startup Cost": 2.41, "Total Cost": 2.42, "Plan Rows": 1, "Plan Width": 4, "Sort Key": ["it2.id"], "Plans": [{"Node Type": "Seq Scan", "Parent Relationship": "Outer", "Relation Name": "info_type", "Alias": "it2", "Startup Cost": 0.0, "Total Cost": 2.4, "Plan Rows": 1, "Plan Width": 4, "Filter": "((info)::text = 'votes'::text)"}]}, {"Node Type": "Sort", "Parent Relationship": "Inner", "Startup Cost": 177210.61, "Total Cost": 177221.04, "Plan Rows": 4175, "Plan Width": 59, "Sort Key": ["mi_idx.info_type_id"], "Plans": [{"Node Type": "Nested Loop", "Parent Relationship": "Outer", "Join Type": "Inner", "Startup Cost": 4842.51, "Total Cost": 176959.53, "Plan Rows": 4175, "Plan Width": 59, "Inner Unique": false, "Plans": [{"Node Type": "Nested Loop", "Parent Relationship": "Outer", "Join Type": "Inner", "Startup Cost": 4842.14, "Total Cost": 164972.1, "Plan Rows": 2717, "Plan Width": 46, "Inner Unique": false, "Plans": [{"Node Type": "Seq Scan", "Parent Relationship": "Outer", "Relation Name": "info_type", "Alias": "it1", "Startup Cost": 0.0, "Total Cost": 2.4, "Plan Rows": 1, "Plan Width": 4, "Filter": "((info)::text = 'genres'::text)"}, {"Node Type": "Bitmap Heap Scan", "Parent Relationship": "Inner", "Relation Name": "movie_info", "Alias": "mi", "Startup Cost": 4842.14, "Total Cost": 164942.53, "Plan Rows": 2717, "Plan Width": 50, "Recheck Cond": "(info_type_id = it1.id)", "Filter": "((info)::text = ANY ('{Horror,Action,Sci-Fi,Thriller,Crime,War}'::text[]))", "Plans": [{"Node Type": "Bitmap Index Scan", "Parent Relationship": "Outer", "Index Name": "info_type_id_movie_info", "Startup Cost": 0.0, "Total Cost": 4841.46, "Plan Rows": 212428, "Plan Width": 0, "Index Cond": "(info_type_id = it1.id)"}]}]}, {"Node Type": "Bitmap Heap Scan", "Parent Relationship": "Inner", "Relation Name": "movie_info_idx", "Alias": "mi_idx", "Startup Cost": 0.37, "Total Cost": 4.39, "Plan Rows": 2, "Plan Width": 13, "Recheck Cond": "(movie_id = mi.movie_id)", "Plans": [{"Node Type": "Bitmap Index Scan", "Parent Relationship": "Outer", "Index Name": "movie_id_movie_info_idx", "Startup Cost": 0.0, "Total Cost": 0.37, "Plan Rows": 2, "Plan Width": 0, "Index Cond": "(movie_id = mi.movie_id)"}]}]}]}]}, {"Node Type": "Bitmap Heap Scan", "Parent Relationship": "Inner", "Relation Name": "title", "Alias": "t", "Startup Cost": 0.28, "Total Cost": 4.3, "Plan Rows": 1, "Plan Width": 21, "Recheck Cond": "(id = mi_idx.movie_id)", "Plans": [{"Node Type": "Bitmap Index Scan", "Parent Relationship": "Outer", "Index Name": "title_pkey", "Startup Cost": 0.0, "Total Cost": 0.28, "Plan Rows": 1, "Plan Width": 0, "Index Cond": "(id = mi_idx.movie_id)"}]}]}, {"Node Type": "Bitmap Heap Scan", "Parent Relationship": "Inner", "Relation Name": "cast_info", "Alias": "ci", "Startup Cost": 0.52, "Total Cost": 4.63, "Plan Rows": 1, "Plan Width": 8, "Recheck Cond": "(movie_id = t.id)", "Filter": "((note)::text = ANY ('{(writer),\"(head writer)\",\"(written by)\",(story),\"(story editor)\"}'::text[]))", "Plans": [{"Node Type": "Bitmap Index Scan", "Parent Relationship": "Outer", "Index Name": "movie_id_cast_info", "Startup Cost": 0.0, "Total Cost": 0.52, "Plan Rows": 6, "Plan Width": 0, "Index Cond": "(movie_id = t.id)"}]}]}, {"Node Type": "Bitmap Heap Scan", "Parent Relationship": "Inner", "Relation Name": "name", "Alias": "n", "Startup Cost": 0.31, "Total Cost": 4.32, "Plan Rows": 1, "Plan Width": 4, "Recheck Cond": "(id = ci.person_id)", "Filter": "((gender)::text = 'm'::text)", "Plans": [{"Node Type": "Bitmap Index Scan", "Parent Relationship": "Outer", "Index Name": "name_pkey", "Startup Cost": 0.0, "Total Cost": 0.31, "Plan Rows": 1, "Plan Width": 0, "Index Cond": "(id = ci.person_id)"}]}]}]}, "Unique SQL Id": 3913857139, "Planner Runtime": 23}, "explain_analyze_plan": {"Plan": {"Node Type": "Aggregate", "Strategy": "Plain", "Startup Cost": 191602.22, "Total Cost": 191602.23, "Plan Rows": 1, "Plan Width": 160, "Actual Startup Time": 14024.41, "Actual Total Time": 14024.41, "Actual Rows": 1, "Actual Loops": 1, "Plans": [{"Node Type": "Nested Loop", "Parent Relationship": "Outer", "Join Type": "Inner", "Startup Cost": 177214.13, "Total Cost": 191591.62, "Plan Rows": 1413, "Plan Width": 64, "Actual Startup Time": 2335.455, "Actual Total Time": 13979.286, "Actual Rows": 28073, "Actual Loops": 1, "Inner Unique": true, "Plans": [{"Node Type": "Nested Loop", "Parent Relationship": "Outer", "Join Type": "Inner", "Startup Cost": 177213.82, "Total Cost": 186586.2, "Plan Rows": 1155, "Plan Width": 68, "Actual Startup Time": 2335.395, "Actual Total Time": 13475.583, "Actual Rows": 54155, "Actual Loops": 1, "Inner Unique": false, "Plans": [{"Node Type": "Nested Loop", "Parent Relationship": "Outer", "Join Type": "Inner", "Startup Cost": 177213.31, "Total Cost": 181743.53, "Plan Rows": 1044, "Plan Width": 76, "Actual Startup Time": 2335.29, "Actual Total Time": 3172.049, "Actual Rows": 102516, "Actual Loops": 1, "Inner Unique": true, "Join Filter": "(mi.movie_id = t.id)", "Rows Removed by Join Filter": 0, "Plans": [{"Node Type": "Merge Join", "Parent Relationship": "Outer", "Join Type": "Inner", "Startup Cost": 177213.02, "Total Cost": 177244.34, "Plan Rows": 1044, "Plan Width": 55, "Actual Startup Time": 2335.189, "Actual Total Time": 2407.836, "Actual Rows": 102516, "Actual Loops": 1, "Inner Unique": false, "Merge Cond": "(it2.id = mi_idx.info_type_id)", "Plans": [{"Node Type": "Sort", "Parent Relationship": "Outer", "Startup Cost": 2.41, "Total Cost": 2.42, "Plan Rows": 1, "Plan Width": 4, "Actual Startup Time": 0.077, "Actual Total Time": 0.078, "Actual Rows": 1, "Actual Loops": 1, "Sort Key": ["it2.id"], "Sort Method": "quicksort", "Sort Space Used": 25, "Sort Space Type": "Memory", "Plans": [{"Node Type": "Seq Scan", "Parent Relationship": "Outer", "Relation Name": "info_type", "Alias": "it2", "Startup Cost": 0.0, "Total Cost": 2.4, "Plan Rows": 1, "Plan Width": 4, "Actual Startup Time": 0.055, "Actual Total Time": 0.06, "Actual Rows": 1, "Actual Loops": 1, "Filter": "((info)::text = 'votes'::text)", "Rows Removed by Filter": 111}]}, {"Node Type": "Sort", "Parent Relationship": "Inner", "Startup Cost": 177210.61, "Total Cost": 177221.04, "Plan Rows": 4175, "Plan Width": 59, "Actual Startup Time": 2293.247, "Actual Total Time": 2349.536, "Actual Rows": 205033, "Actual Loops": 1, "Sort Key": ["mi_idx.info_type_id"], "Sort Method": "quicksort", "Sort Space Used": 41143, "Sort Space Type": "Memory", "Plans": [{"Node Type": "Nested Loop", "Parent Relationship": "Outer", "Join Type": "Inner", "Startup Cost": 4842.51, "Total Cost": 176959.53, "Plan Rows": 4175, "Plan Width": 59, "Actual Startup Time": 174.947, "Actual Total Time": 2174.128, "Actual Rows": 307785, "Actual Loops": 1, "Inner Unique": false, "Plans": [{"Node Type": "Nested Loop", "Parent Relationship": "Outer", "Join Type": "Inner", "Startup Cost": 4842.14, "Total Cost": 164972.1, "Plan Rows": 2717, "Plan Width": 46, "Actual Startup Time": 174.896, "Actual Total Time": 1154.606, "Actual Rows": 186594, "Actual Loops": 1, "Inner Unique": false, "Plans": [{"Node Type": "Seq Scan", "Parent Relationship": "Outer", "Relation Name": "info_type", "Alias": "it1", "Startup Cost": 0.0, "Total Cost": 2.4, "Plan Rows": 1, "Plan Width": 4, "Actual Startup Time": 0.023, "Actual Total Time": 0.079, "Actual Rows": 1, "Actual Loops": 1, "Filter": "((info)::text = 'genres'::text)", "Rows Removed by Filter": 111}, {"Node Type": "Bitmap Heap Scan", "Parent Relationship": "Inner", "Relation Name": "movie_info", "Alias": "mi", "Startup Cost": 4842.14, "Total Cost": 164942.53, "Plan Rows": 2717, "Plan Width": 50, "Actual Startup Time": 174.867, "Actual Total Time": 1113.957, "Actual Rows": 186594, "Actual Loops": 1, "Recheck Cond": "(info_type_id = it1.id)", "Rows Removed by Index Recheck": 0, "Filter": "((info)::text = ANY ('{Horror,Action,Sci-Fi,Thriller,Crime,War}'::text[]))", "Rows Removed by Filter": 1347315, "Exact Heap Blocks": 7426, "Lossy Heap Blocks": 7426, "Plans": [{"Node Type": "Bitmap Index Scan", "Parent Relationship": "Outer", "Index Name": "info_type_id_movie_info", "Startup Cost": 0.0, "Total Cost": 4841.46, "Plan Rows": 212428, "Plan Width": 0, "Actual Startup Time": 173.466, "Actual Total Time": 173.466, "Actual Rows": 1533909, "Actual Loops": 1, "Index Cond": "(info_type_id = it1.id)"}]}]}, {"Node Type": "Bitmap Heap Scan", "Parent Relationship": "Inner", "Relation Name": "movie_info_idx", "Alias": "mi_idx", "Startup Cost": 0.37, "Total Cost": 4.39, "Plan Rows": 2, "Plan Width": 13, "Actual Startup Time": 705.822, "Actual Total Time": 747.832, "Actual Rows": 307785, "Actual Loops": 186594, "Recheck Cond": "(movie_id = mi.movie_id)", "Rows Removed by Index Recheck": 0, "Exact Heap Blocks": 103610, "Lossy Heap Blocks": 103610, "Plans": [{"Node Type": "Bitmap Index Scan", "Parent Relationship": "Outer", "Index Name": "movie_id_movie_info_idx", "Startup Cost": 0.0, "Total Cost": 0.37, "Plan Rows": 2, "Plan Width": 0, "Actual Startup Time": 476.43, "Actual Total Time": 476.43, "Actual Rows": 307785, "Actual Loops": 186594, "Index Cond": "(movie_id = mi.movie_id)"}]}]}]}]}, {"Node Type": "Bitmap Heap Scan", "Parent Relationship": "Inner", "Relation Name": "title", "Alias": "t", "Startup Cost": 0.28, "Total Cost": 4.3, "Plan Rows": 1, "Plan Width": 21, "Actual Startup Time": 569.075, "Actual Total Time": 569.075, "Actual Rows": 102516, "Actual Loops": 102516, "Recheck Cond": "(id = mi_idx.movie_id)", "Rows Removed by Index Recheck": 0, "Exact Heap Blocks": 102516, "Lossy Heap Blocks": 102516, "Plans": [{"Node Type": "Bitmap Index Scan", "Parent Relationship": "Outer", "Index Name": "title_pkey", "Startup Cost": 0.0, "Total Cost": 0.28, "Plan Rows": 1, "Plan Width": 0, "Actual Startup Time": 316.627, "Actual Total Time": 316.627, "Actual Rows": 102516, "Actual Loops": 102516, "Index Cond": "(id = mi_idx.movie_id)"}]}]}, {"Node Type": "Bitmap Heap Scan", "Parent Relationship": "Inner", "Relation Name": "cast_info", "Alias": "ci", "Startup Cost": 0.52, "Total Cost": 4.63, "Plan Rows": 1, "Plan Width": 8, "Actual Startup Time": 8771.481, "Actual Total Time": 10140.972, "Actual Rows": 54155, "Actual Loops": 102516, "Recheck Cond": "(movie_id = t.id)", "Rows Removed by Index Recheck": 0, "Filter": "((note)::text = ANY ('{(writer),\"(head writer)\",\"(written by)\",(story),\"(story editor)\"}'::text[]))", "Rows Removed by Filter": 3987641, "Exact Heap Blocks": 3901088, "Lossy Heap Blocks": 3901088, "Plans": [{"Node Type": "Bitmap Index Scan", "Parent Relationship": "Outer", "Index Name": "movie_id_cast_info", "Startup Cost": 0.0, "Total Cost": 0.52, "Plan Rows": 6, "Plan Width": 0, "Actual Startup Time": 1083.028, "Actual Total Time": 1083.028, "Actual Rows": 4041796, "Actual Loops": 102516, "Index Cond": "(movie_id = t.id)"}]}]}, {"Node Type": "Bitmap Heap Scan", "Parent Relationship": "Inner", "Relation Name": "name", "Alias": "n", "Startup Cost": 0.31, "Total Cost": 4.32, "Plan Rows": 1, "Plan Width": 4, "Actual Startup Time": 418.73, "Actual Total Time": 418.73, "Actual Rows": 28073, "Actual Loops": 54155, "Recheck Cond": "(id = ci.person_id)", "Rows Removed by Index Recheck": 0, "Filter": "((gender)::text = 'm'::text)", "Rows Removed by Filter": 26082, "Exact Heap Blocks": 54155, "Lossy Heap Blocks": 54155, "Plans": [{"Node Type": "Bitmap Index Scan", "Parent Relationship": "Outer", "Index Name": "name_pkey", "Startup Cost": 0.0, "Total Cost": 0.31, "Plan Rows": 1, "Plan Width": 0, "Actual Startup Time": 268.218, "Actual Total Time": 268.218, "Actual Rows": 54155, "Actual Loops": 54155, "Index Cond": "(id = ci.person_id)"}]}]}]}, "Triggers": [], "Planner Runtime": 23, "Total Runtime": 14024.741, "Unique SQL Id": 3913857139}}, "(64, 83)": {"explain_plan": {"Plan": {"Node Type": "Aggregate", "Strategy": "Plain", "Startup Cost": 191625.84, "Total Cost": 191625.85, "Plan Rows": 1, "Plan Width": 160, "Plans": [{"Node Type": "Nested Loop", "Parent Relationship": "Outer", "Join Type": "Inner", "Startup Cost": 177237.75, "Total Cost": 191615.24, "Plan Rows": 1413, "Plan Width": 64, "Inner Unique": true, "Plans": [{"Node Type": "Nested Loop", "Parent Relationship": "Outer", "Join Type": "Inner", "Startup Cost": 177237.44, "Total Cost": 186609.82, "Plan Rows": 1155, "Plan Width": 68, "Inner Unique": false, "Plans": [{"Node Type": "Nested Loop", "Parent Relationship": "Outer", "Join Type": "Inner", "Startup Cost": 177236.93, "Total Cost": 181767.15, "Plan Rows": 1044, "Plan Width": 76, "Inner Unique": true, "Join Filter": "(mi.movie_id = t.id)", "Plans": [{"Node Type": "Merge Join", "Parent Relationship": "Outer", "Join Type": "Inner", "Startup Cost": 177236.64, "Total Cost": 177267.96, "Plan Rows": 1044, "Plan Width": 55, "Inner Unique": false, "Merge Cond": "(it2.id = mi_idx.info_type_id)", "Plans": [{"Node Type": "Sort", "Parent Relationship": "Outer", "Startup Cost": 14.22, "Total Cost": 14.23, "Plan Rows": 1, "Plan Width": 4, "Sort Key": ["it2.id"], "Plans": [{"Node Type": "Bitmap Heap Scan", "Parent Relationship": "Outer", "Relation Name": "info_type", "Alias": "it2", "Startup Cost": 8.81, "Total Cost": 14.21, "Plan Rows": 1, "Plan Width": 4, "Filter": "((info)::text = 'votes'::text)", "Plans": [{"Node Type": "Bitmap Index Scan", "Parent Relationship": "Outer", "Index Name": "info_type_pkey", "Startup Cost": 0.0, "Total Cost": 8.81, "Plan Rows": 112, "Plan Width": 0}]}]}, {"Node Type": "Sort", "Parent Relationship": "Inner", "Startup Cost": 177222.42, "Total Cost": 177232.85, "Plan Rows": 4175, "Plan Width": 59, "Sort Key": ["mi_idx.info_type_id"], "Plans": [{"Node Type": "Nested Loop", "Parent Relationship": "Outer", "Join Type": "Inner", "Startup Cost": 4851.32, "Total Cost": 176971.34, "Plan Rows": 4175, "Plan Width": 59, "Inner Unique": false, "Plans": [{"Node Type": "Nested Loop", "Parent Relationship": "Outer", "Join Type": "Inner", "Startup Cost": 4850.95, "Total Cost": 164983.91, "Plan Rows": 2717, "Plan Width": 46, "Inner Unique": false, "Plans": [{"Node Type": "Bitmap Heap Scan", "Parent Relationship": "Outer", "Relation Name": "info_type", "Alias": "it1", "Startup Cost": 8.81, "Total Cost": 14.21, "Plan Rows": 1, "Plan Width": 4, "Filter": "((info)::text = 'genres'::text)", "Plans": [{"Node Type": "Bitmap Index Scan", "Parent Relationship": "Outer", "Index Name": "info_type_pkey", "Startup Cost": 0.0, "Total Cost": 8.81, "Plan Rows": 112, "Plan Width": 0}]}, {"Node Type": "Bitmap Heap Scan", "Parent Relationship": "Inner", "Relation Name": "movie_info", "Alias": "mi", "Startup Cost": 4842.14, "Total Cost": 164942.53, "Plan Rows": 2717, "Plan Width": 50, "Recheck Cond": "(info_type_id = it1.id)", "Filter": "((info)::text = ANY ('{Horror,Action,Sci-Fi,Thriller,Crime,War}'::text[]))", "Plans": [{"Node Type": "Bitmap Index Scan", "Parent Relationship": "Outer", "Index Name": "info_type_id_movie_info", "Startup Cost": 0.0, "Total Cost": 4841.46, "Plan Rows": 212428, "Plan Width": 0, "Index Cond": "(info_type_id = it1.id)"}]}]}, {"Node Type": "Bitmap Heap Scan", "Parent Relationship": "Inner", "Relation Name": "movie_info_idx", "Alias": "mi_idx", "Startup Cost": 0.37, "Total Cost": 4.39, "Plan Rows": 2, "Plan Width": 13, "Recheck Cond": "(movie_id = mi.movie_id)", "Plans": [{"Node Type": "Bitmap Index Scan", "Parent Relationship": "Outer", "Index Name": "movie_id_movie_info_idx", "Startup Cost": 0.0, "Total Cost": 0.37, "Plan Rows": 2, "Plan Width": 0, "Index Cond": "(movie_id = mi.movie_id)"}]}]}]}]}, {"Node Type": "Bitmap Heap Scan", "Parent Relationship": "Inner", "Relation Name": "title", "Alias": "t", "Startup Cost": 0.28, "Total Cost": 4.3, "Plan Rows": 1, "Plan Width": 21, "Recheck Cond": "(id = mi_idx.movie_id)", "Plans": [{"Node Type": "Bitmap Index Scan", "Parent Relationship": "Outer", "Index Name": "title_pkey", "Startup Cost": 0.0, "Total Cost": 0.28, "Plan Rows": 1, "Plan Width": 0, "Index Cond": "(id = mi_idx.movie_id)"}]}]}, {"Node Type": "Bitmap Heap Scan", "Parent Relationship": "Inner", "Relation Name": "cast_info", "Alias": "ci", "Startup Cost": 0.52, "Total Cost": 4.63, "Plan Rows": 1, "Plan Width": 8, "Recheck Cond": "(movie_id = t.id)", "Filter": "((note)::text = ANY ('{(writer),\"(head writer)\",\"(written by)\",(story),\"(story editor)\"}'::text[]))", "Plans": [{"Node Type": "Bitmap Index Scan", "Parent Relationship": "Outer", "Index Name": "movie_id_cast_info", "Startup Cost": 0.0, "Total Cost": 0.52, "Plan Rows": 6, "Plan Width": 0, "Index Cond": "(movie_id = t.id)"}]}]}, {"Node Type": "Bitmap Heap Scan", "Parent Relationship": "Inner", "Relation Name": "name", "Alias": "n", "Startup Cost": 0.31, "Total Cost": 4.32, "Plan Rows": 1, "Plan Width": 4, "Recheck Cond": "(id = ci.person_id)", "Filter": "((gender)::text = 'm'::text)", "Plans": [{"Node Type": "Bitmap Index Scan", "Parent Relationship": "Outer", "Index Name": "name_pkey", "Startup Cost": 0.0, "Total Cost": 0.31, "Plan Rows": 1, "Plan Width": 0, "Index Cond": "(id = ci.person_id)"}]}]}]}, "Unique SQL Id": 3913857139, "Planner Runtime": 23}, "explain_analyze_plan": {"Plan": {"Node Type": "Aggregate", "Strategy": "Plain", "Startup Cost": 191625.84, "Total Cost": 191625.85, "Plan Rows": 1, "Plan Width": 160, "Actual Startup Time": 13947.244, "Actual Total Time": 13947.244, "Actual Rows": 1, "Actual Loops": 1, "Plans": [{"Node Type": "Nested Loop", "Parent Relationship": "Outer", "Join Type": "Inner", "Startup Cost": 177237.75, "Total Cost": 191615.24, "Plan Rows": 1413, "Plan Width": 64, "Actual Startup Time": 2312.535, "Actual Total Time": 13901.572, "Actual Rows": 28073, "Actual Loops": 1, "Inner Unique": true, "Plans": [{"Node Type": "Nested Loop", "Parent Relationship": "Outer", "Join Type": "Inner", "Startup Cost": 177237.44, "Total Cost": 186609.82, "Plan Rows": 1155, "Plan Width": 68, "Actual Startup Time": 2312.476, "Actual Total Time": 13394.329, "Actual Rows": 54155, "Actual Loops": 1, "Inner Unique": false, "Plans": [{"Node Type": "Nested Loop", "Parent Relationship": "Outer", "Join Type": "Inner", "Startup Cost": 177236.93, "Total Cost": 181767.15, "Plan Rows": 1044, "Plan Width": 76, "Actual Startup Time": 2312.391, "Actual Total Time": 3158.618, "Actual Rows": 102516, "Actual Loops": 1, "Inner Unique": true, "Join Filter": "(mi.movie_id = t.id)", "Rows Removed by Join Filter": 0, "Plans": [{"Node Type": "Merge Join", "Parent Relationship": "Outer", "Join Type": "Inner", "Startup Cost": 177236.64, "Total Cost": 177267.96, "Plan Rows": 1044, "Plan Width": 55, "Actual Startup Time": 2312.295, "Actual Total Time": 2390.246, "Actual Rows": 102516, "Actual Loops": 1, "Inner Unique": false, "Merge Cond": "(it2.id = mi_idx.info_type_id)", "Plans": [{"Node Type": "Sort", "Parent Relationship": "Outer", "Startup Cost": 14.22, "Total Cost": 14.23, "Plan Rows": 1, "Plan Width": 4, "Actual Startup Time": 0.087, "Actual Total Time": 0.087, "Actual Rows": 1, "Actual Loops": 1, "Sort Key": ["it2.id"], "Sort Method": "quicksort", "Sort Space Used": 25, "Sort Space Type": "Memory", "Plans": [{"Node Type": "Bitmap Heap Scan", "Parent Relationship": "Outer", "Relation Name": "info_type", "Alias": "it2", "Startup Cost": 8.81, "Total Cost": 14.21, "Plan Rows": 1, "Plan Width": 4, "Actual Startup Time": 0.074, "Actual Total Time": 0.077, "Actual Rows": 1, "Actual Loops": 1, "Filter": "((info)::text = 'votes'::text)", "Rows Removed by Filter": 111, "Exact Heap Blocks": 1, "Lossy Heap Blocks": 1, "Plans": [{"Node Type": "Bitmap Index Scan", "Parent Relationship": "Outer", "Index Name": "info_type_pkey", "Startup Cost": 0.0, "Total Cost": 8.81, "Plan Rows": 112, "Plan Width": 0, "Actual Startup Time": 0.014, "Actual Total Time": 0.014, "Actual Rows": 112, "Actual Loops": 1}]}]}, {"Node Type": "Sort", "Parent Relationship": "Inner", "Startup Cost": 177222.42, "Total Cost": 177232.85, "Plan Rows": 4175, "Plan Width": 59, "Actual Startup Time": 2275.577, "Actual Total Time": 2329.215, "Actual Rows": 205033, "Actual Loops": 1, "Sort Key": ["mi_idx.info_type_id"], "Sort Method": "quicksort", "Sort Space Used": 41143, "Sort Space Type": "Memory", "Plans": [{"Node Type": "Nested Loop", "Parent Relationship": "Outer", "Join Type": "Inner", "Startup Cost": 4851.32, "Total Cost": 176971.34, "Plan Rows": 4175, "Plan Width": 59, "Actual Startup Time": 175.871, "Actual Total Time": 2155.309, "Actual Rows": 307785, "Actual Loops": 1, "Inner Unique": false, "Plans": [{"Node Type": "Nested Loop", "Parent Relationship": "Outer", "Join Type": "Inner", "Startup Cost": 4850.95, "Total Cost": 164983.91, "Plan Rows": 2717, "Plan Width": 46, "Actual Startup Time": 175.827, "Actual Total Time": 1133.924, "Actual Rows": 186594, "Actual Loops": 1, "Inner Unique": false, "Plans": [{"Node Type": "Bitmap Heap Scan", "Parent Relationship": "Outer", "Relation Name": "info_type", "Alias": "it1", "Startup Cost": 8.81, "Total Cost": 14.21, "Plan Rows": 1, "Plan Width": 4, "Actual Startup Time": 0.03, "Actual Total Time": 0.082, "Actual Rows": 1, "Actual Loops": 1, "Filter": "((info)::text = 'genres'::text)", "Rows Removed by Filter": 111, "Exact Heap Blocks": 1, "Lossy Heap Blocks": 1, "Plans": [{"Node Type": "Bitmap Index Scan", "Parent Relationship": "Outer", "Index Name": "info_type_pkey", "Startup Cost": 0.0, "Total Cost": 8.81, "Plan Rows": 112, "Plan Width": 0, "Actual Startup Time": 0.009, "Actual Total Time": 0.009, "Actual Rows": 112, "Actual Loops": 1}]}, {"Node Type": "Bitmap Heap Scan", "Parent Relationship": "Inner", "Relation Name": "movie_info", "Alias": "mi", "Startup Cost": 4842.14, "Total Cost": 164942.53, "Plan Rows": 2717, "Plan Width": 50, "Actual Startup Time": 175.792, "Actual Total Time": 1093.473, "Actual Rows": 186594, "Actual Loops": 1, "Recheck Cond": "(info_type_id = it1.id)", "Rows Removed by Index Recheck": 0, "Filter": "((info)::text = ANY ('{Horror,Action,Sci-Fi,Thriller,Crime,War}'::text[]))", "Rows Removed by Filter": 1347315, "Exact Heap Blocks": 7426, "Lossy Heap Blocks": 7426, "Plans": [{"Node Type": "Bitmap Index Scan", "Parent Relationship": "Outer", "Index Name": "info_type_id_movie_info", "Startup Cost": 0.0, "Total Cost": 4841.46, "Plan Rows": 212428, "Plan Width": 0, "Actual Startup Time": 174.415, "Actual Total Time": 174.415, "Actual Rows": 1533909, "Actual Loops": 1, "Index Cond": "(info_type_id = it1.id)"}]}]}, {"Node Type": "Bitmap Heap Scan", "Parent Relationship": "Inner", "Relation Name": "movie_info_idx", "Alias": "mi_idx", "Startup Cost": 0.37, "Total Cost": 4.39, "Plan Rows": 2, "Plan Width": 13, "Actual Startup Time": 704.788, "Actual Total Time": 747.903, "Actual Rows": 307785, "Actual Loops": 186594, "Recheck Cond": "(movie_id = mi.movie_id)", "Rows Removed by Index Recheck": 0, "Exact Heap Blocks": 103610, "Lossy Heap Blocks": 103610, "Plans": [{"Node Type": "Bitmap Index Scan", "Parent Relationship": "Outer", "Index Name": "movie_id_movie_info_idx", "Startup Cost": 0.0, "Total Cost": 0.37, "Plan Rows": 2, "Plan Width": 0, "Actual Startup Time": 478.407, "Actual Total Time": 478.407, "Actual Rows": 307785, "Actual Loops": 186594, "Index Cond": "(movie_id = mi.movie_id)"}]}]}]}]}, {"Node Type": "Bitmap Heap Scan", "Parent Relationship": "Inner", "Relation Name": "title", "Alias": "t", "Startup Cost": 0.28, "Total Cost": 4.3, "Plan Rows": 1, "Plan Width": 21, "Actual Startup Time": 570.945, "Actual Total Time": 570.945, "Actual Rows": 102516, "Actual Loops": 102516, "Recheck Cond": "(id = mi_idx.movie_id)", "Rows Removed by Index Recheck": 0, "Exact Heap Blocks": 102516, "Lossy Heap Blocks": 102516, "Plans": [{"Node Type": "Bitmap Index Scan", "Parent Relationship": "Outer", "Index Name": "title_pkey", "Startup Cost": 0.0, "Total Cost": 0.28, "Plan Rows": 1, "Plan Width": 0, "Actual Startup Time": 317.787, "Actual Total Time": 317.787, "Actual Rows": 102516, "Actual Loops": 102516, "Index Cond": "(id = mi_idx.movie_id)"}]}]}, {"Node Type": "Bitmap Heap Scan", "Parent Relationship": "Inner", "Relation Name": "cast_info", "Alias": "ci", "Startup Cost": 0.52, "Total Cost": 4.63, "Plan Rows": 1, "Plan Width": 8, "Actual Startup Time": 8709.356, "Actual Total Time": 10072.875, "Actual Rows": 54155, "Actual Loops": 102516, "Recheck Cond": "(movie_id = t.id)", "Rows Removed by Index Recheck": 0, "Filter": "((note)::text = ANY ('{(writer),\"(head writer)\",\"(written by)\",(story),\"(story editor)\"}'::text[]))", "Rows Removed by Filter": 3987641, "Exact Heap Blocks": 3901088, "Lossy Heap Blocks": 3901088, "Plans": [{"Node Type": "Bitmap Index Scan", "Parent Relationship": "Outer", "Index Name": "movie_id_cast_info", "Startup Cost": 0.0, "Total Cost": 0.52, "Plan Rows": 6, "Plan Width": 0, "Actual Startup Time": 1073.279, "Actual Total Time": 1073.279, "Actual Rows": 4041796, "Actual Loops": 102516, "Index Cond": "(movie_id = t.id)"}]}]}, {"Node Type": "Bitmap Heap Scan", "Parent Relationship": "Inner", "Relation Name": "name", "Alias": "n", "Startup Cost": 0.31, "Total Cost": 4.32, "Plan Rows": 1, "Plan Width": 4, "Actual Startup Time": 421.187, "Actual Total Time": 421.187, "Actual Rows": 28073, "Actual Loops": 54155, "Recheck Cond": "(id = ci.person_id)", "Rows Removed by Index Recheck": 0, "Filter": "((gender)::text = 'm'::text)", "Rows Removed by Filter": 26082, "Exact Heap Blocks": 54155, "Lossy Heap Blocks": 54155, "Plans": [{"Node Type": "Bitmap Index Scan", "Parent Relationship": "Outer", "Index Name": "name_pkey", "Startup Cost": 0.0, "Total Cost": 0.31, "Plan Rows": 1, "Plan Width": 0, "Actual Startup Time": 270.31, "Actual Total Time": 270.31, "Actual Rows": 54155, "Actual Loops": 54155, "Index Cond": "(id = ci.person_id)"}]}]}]}, "Triggers": [], "Planner Runtime": 23, "Total Runtime": 13947.578, "Unique SQL Id": 3913857139}}, "(64, 84)": {"explain_plan": {"Plan": {"Node Type": "Aggregate", "Strategy": "Plain", "Startup Cost": 131788.43, "Total Cost": 131788.44, "Plan Rows": 1, "Plan Width": 160, "Plans": [{"Node Type": "Nested Loop", "Parent Relationship": "Outer", "Join Type": "Inner", "Startup Cost": 0.0, "Total Cost": 131777.83, "Plan Rows": 1413, "Plan Width": 64, "Inner Unique": true, "Plans": [{"Node Type": "Nested Loop", "Parent Relationship": "Outer", "Join Type": "Inner", "Startup Cost": 0.0, "Total Cost": 131198.57, "Plan Rows": 1155, "Plan Width": 68, "Inner Unique": false, "Plans": [{"Node Type": "Nested Loop", "Parent Relationship": "Outer", "Join Type": "Inner", "Startup Cost": 0.0, "Total Cost": 130136.93, "Plan Rows": 1044, "Plan Width": 76, "Inner Unique": true, "Join Filter": "(mi.movie_id = t.id)", "Plans": [{"Node Type": "Nested Loop", "Parent Relationship": "Outer", "Join Type": "Inner", "Startup Cost": 0.0, "Total Cost": 129708.74, "Plan Rows": 1044, "Plan Width": 55, "Inner Unique": true, "Plans": [{"Node Type": "Nested Loop", "Parent Relationship": "Outer", "Join Type": "Inner", "Startup Cost": 0.0, "Total Cost": 128529.27, "Plan Rows": 4175, "Plan Width": 59, "Inner Unique": false, "Plans": [{"Node Type": "Nested Loop", "Parent Relationship": "Outer", "Join Type": "Inner", "Startup Cost": 0.0, "Total Cost": 127041.22, "Plan Rows": 2717, "Plan Width": 46, "Inner Unique": true, "Plans": [{"Node Type": "Streaming(type: LOCAL GATHER dop: 1/64)", "Parent Relationship": "Outer", "Startup Cost": 0.0, "Total Cost": 73306.19, "Plan Rows": 190170, "Plan Width": 50, "Plans": [{"Node Type": "Seq Scan", "Parent Relationship": "Outer", "Relation Name": "movie_info", "Alias": "mi", "Startup Cost": 0.0, "Total Cost": 69383.01, "Plan Rows": 190170, "Plan Width": 50, "Filter": "((info)::text = ANY ('{Horror,Action,Sci-Fi,Thriller,Crime,War}'::text[]))"}]}, {"Node Type": "Index Scan", "Parent Relationship": "Inner", "Scan Direction": "Forward", "Index Name": "info_type_pkey", "Relation Name": "info_type", "Alias": "it1", "Startup Cost": 0.0, "Total Cost": 0.27, "Plan Rows": 1, "Plan Width": 4, "Index Cond": "(id = mi.info_type_id)", "Filter": "((info)::text = 'genres'::text)"}]}, {"Node Type": "Index Scan", "Parent Relationship": "Inner", "Scan Direction": "Forward", "Index Name": "movie_id_movie_info_idx", "Relation Name": "movie_info_idx", "Alias": "mi_idx", "Startup Cost": 0.0, "Total Cost": 0.53, "Plan Rows": 2, "Plan Width": 13, "Index Cond": "(movie_id = mi.movie_id)"}]}, {"Node Type": "Index Scan", "Parent Relationship": "Inner", "Scan Direction": "Forward", "Index Name": "info_type_pkey", "Relation Name": "info_type", "Alias": "it2", "Startup Cost": 0.0, "Total Cost": 0.27, "Plan Rows": 1, "Plan Width": 4, "Index Cond": "(id = mi_idx.info_type_id)", "Filter": "((info)::text = 'votes'::text)"}]}, {"Node Type": "Index Scan", "Parent Relationship": "Inner", "Scan Direction": "Forward", "Index Name": "title_pkey", "Relation Name": "title", "Alias": "t", "Startup Cost": 0.0, "Total Cost": 0.4, "Plan Rows": 1, "Plan Width": 21, "Index Cond": "(id = mi_idx.movie_id)"}]}, {"Node Type": "Index Scan", "Parent Relationship": "Inner", "Scan Direction": "Forward", "Index Name": "movie_id_cast_info", "Relation Name": "cast_info", "Alias": "ci", "Startup Cost": 0.0, "Total Cost": 1.01, "Plan Rows": 1, "Plan Width": 8, "Index Cond": "(movie_id = t.id)", "Filter": "((note)::text = ANY ('{(writer),\"(head writer)\",\"(written by)\",(story),\"(story editor)\"}'::text[]))"}]}, {"Node Type": "Index Scan", "Parent Relationship": "Inner", "Scan Direction": "Forward", "Index Name": "name_pkey", "Relation Name": "name", "Alias": "n", "Startup Cost": 0.0, "Total Cost": 0.49, "Plan Rows": 1, "Plan Width": 4, "Index Cond": "(id = ci.person_id)", "Filter": "((gender)::text = 'm'::text)"}]}]}, "Unique SQL Id": 3913857139, "Planner Runtime": 22}, "explain_analyze_plan": {"Plan": {"Node Type": "Aggregate", "Strategy": "Plain", "Startup Cost": 131788.43, "Total Cost": 131788.44, "Plan Rows": 1, "Plan Width": 160, "Actual Min Startup Time": 11856.558, "Actual Max Startup Time": 11856.558, "Actual Min Total Time": 11856.559, "Actual Max Total Time": 11856.559, "Plans": [{"Node Type": "Nested Loop", "Parent Relationship": "Outer", "Join Type": "Inner", "Startup Cost": 0.0, "Total Cost": 131777.83, "Plan Rows": 1413, "Plan Width": 64, "Actual Min Startup Time": 149.676, "Actual Max Startup Time": 149.676, "Actual Min Total Time": 11813.958, "Actual Max Total Time": 11813.958, "Inner Unique": true, "Plans": [{"Node Type": "Nested Loop", "Parent Relationship": "Outer", "Join Type": "Inner", "Startup Cost": 0.0, "Total Cost": 131198.57, "Plan Rows": 1155, "Plan Width": 68, "Actual Min Startup Time": 147.948, "Actual Max Startup Time": 147.948, "Actual Min Total Time": 11403.434, "Actual Max Total Time": 11403.434, "Inner Unique": false, "Plans": [{"Node Type": "Nested Loop", "Parent Relationship": "Outer", "Join Type": "Inner", "Startup Cost": 0.0, "Total Cost": 130136.93, "Plan Rows": 1044, "Plan Width": 76, "Actual Min Startup Time": 147.374, "Actual Max Startup Time": 147.374, "Actual Min Total Time": 2889.092, "Actual Max Total Time": 2889.092, "Inner Unique": true, "Join Filter": "(mi.movie_id = t.id)", "Rows Removed by Join Filter": 0, "Plans": [{"Node Type": "Nested Loop", "Parent Relationship": "Outer", "Join Type": "Inner", "Startup Cost": 0.0, "Total Cost": 129708.74, "Plan Rows": 1044, "Plan Width": 55, "Actual Min Startup Time": 147.351, "Actual Max Startup Time": 147.351, "Actual Min Total Time": 2322.656, "Actual Max Total Time": 2322.656, "Inner Unique": true, "Plans": [{"Node Type": "Nested Loop", "Parent Relationship": "Outer", "Join Type": "Inner", "Startup Cost": 0.0, "Total Cost": 128529.27, "Plan Rows": 4175, "Plan Width": 59, "Actual Min Startup Time": 147.327, "Actual Max Startup Time": 147.327, "Actual Min Total Time": 1577.653, "Actual Max Total Time": 1577.653, "Inner Unique": false, "Plans": [{"Node Type": "Nested Loop", "Parent Relationship": "Outer", "Join Type": "Inner", "Startup Cost": 0.0, "Total Cost": 127041.22, "Plan Rows": 2717, "Plan Width": 46, "Actual Min Startup Time": 147.304, "Actual Max Startup Time": 147.304, "Actual Min Total Time": 727.45, "Actual Max Total Time": 727.45, "Inner Unique": true, "Plans": [{"Node Type": "Streaming(type: LOCAL GATHER dop: 1/64)", "Parent Relationship": "Outer", "Startup Cost": 0.0, "Total Cost": 73306.19, "Plan Rows": 190170, "Plan Width": 50, "Actual Min Startup Time": 127.276, "Actual Max Startup Time": 127.276, "Actual Min Total Time": 234.506, "Actual Max Total Time": 234.506, "Plans": [{"Node Type": "Seq Scan", "Parent Relationship": "Outer", "Relation Name": "movie_info", "Alias": "mi", "Startup Cost": 0.0, "Total Cost": 69383.01, "Plan Rows": 190170, "Plan Width": 50, "Actual Min Startup Time": 55.558, "Actual Max Startup Time": 140.942, "Actual Min Total Time": 109.789, "Actual Max Total Time": 160.471, "Filter": "((info)::text = ANY ('{Horror,Action,Sci-Fi,Thriller,Crime,War}'::text[]))", "Rows Removed by Filter": 14646748, "Actual Rows": 188971}], "Actual Rows": 188971}, {"Node Type": "Index Scan", "Parent Relationship": "Inner", "Scan Direction": "Forward", "Index Name": "info_type_pkey", "Relation Name": "info_type", "Alias": "it1", "Startup Cost": 0.0, "Total Cost": 0.27, "Plan Rows": 1, "Plan Width": 4, "Actual Min Startup Time": 334.854, "Actual Max Startup Time": 334.854, "Actual Min Total Time": 334.854, "Actual Max Total Time": 334.854, "Index Cond": "(id = mi.info_type_id)", "Rows Removed by Index Recheck": 0, "Filter": "((info)::text = 'genres'::text)", "Rows Removed by Filter": 2377, "Actual Rows": 186594}], "Actual Rows": 186594}, {"Node Type": "Index Scan", "Parent Relationship": "Inner", "Scan Direction": "Forward", "Index Name": "movie_id_movie_info_idx", "Relation Name": "movie_info_idx", "Alias": "mi_idx", "Startup Cost": 0.0, "Total Cost": 0.53, "Plan Rows": 2, "Plan Width": 13, "Actual Min Startup Time": 548.917, "Actual Max Startup Time": 548.917, "Actual Min Total Time": 675.018, "Actual Max Total Time": 675.018, "Index Cond": "(movie_id = mi.movie_id)", "Rows Removed by Index Recheck": 0, "Actual Rows": 307785}], "Actual Rows": 307785}, {"Node Type": "Index Scan", "Parent Relationship": "Inner", "Scan Direction": "Forward", "Index Name": "info_type_pkey", "Relation Name": "info_type", "Alias": "it2", "Startup Cost": 0.0, "Total Cost": 0.27, "Plan Rows": 1, "Plan Width": 4, "Actual Min Startup Time": 564.043, "Actual Max Startup Time": 564.043, "Actual Min Total Time": 564.043, "Actual Max Total Time": 564.043, "Index Cond": "(id = mi_idx.info_type_id)", "Rows Removed by Index Recheck": 0, "Filter": "((info)::text = 'votes'::text)", "Rows Removed by Filter": 205269, "Actual Rows": 102516}], "Actual Rows": 102516}, {"Node Type": "Index Scan", "Parent Relationship": "Inner", "Scan Direction": "Forward", "Index Name": "title_pkey", "Relation Name": "title", "Alias": "t", "Startup Cost": 0.0, "Total Cost": 0.4, "Plan Rows": 1, "Plan Width": 21, "Actual Min Startup Time": 445.747, "Actual Max Startup Time": 445.747, "Actual Min Total Time": 445.747, "Actual Max Total Time": 445.747, "Index Cond": "(id = mi_idx.movie_id)", "Rows Removed by Index Recheck": 0, "Actual Rows": 102516}], "Actual Rows": 102516}, {"Node Type": "Index Scan", "Parent Relationship": "Inner", "Scan Direction": "Forward", "Index Name": "movie_id_cast_info", "Relation Name": "cast_info", "Alias": "ci", "Startup Cost": 0.0, "Total Cost": 1.01, "Plan Rows": 1, "Plan Width": 8, "Actual Min Startup Time": 7183.647, "Actual Max Startup Time": 7183.647, "Actual Min Total Time": 8441.187, "Actual Max Total Time": 8441.187, "Index Cond": "(movie_id = t.id)", "Rows Removed by Index Recheck": 0, "Filter": "((note)::text = ANY ('{(writer),\"(head writer)\",\"(written by)\",(story),\"(story editor)\"}'::text[]))", "Rows Removed by Filter": 3987641, "Actual Rows": 54155}], "Actual Rows": 54155}, {"Node Type": "Index Scan", "Parent Relationship": "Inner", "Scan Direction": "Forward", "Index Name": "name_pkey", "Relation Name": "name", "Alias": "n", "Startup Cost": 0.0, "Total Cost": 0.49, "Plan Rows": 1, "Plan Width": 4, "Actual Min Startup Time": 363.695, "Actual Max Startup Time": 363.695, "Actual Min Total Time": 363.695, "Actual Max Total Time": 363.695, "Index Cond": "(id = ci.person_id)", "Rows Removed by Index Recheck": 0, "Filter": "((gender)::text = 'm'::text)", "Rows Removed by Filter": 26082, "Actual Rows": 28073}], "Actual Rows": 28073}], "Actual Rows": 1}, "Triggers": [], "Planner Runtime": 21, "Total Runtime": 11867.441, "Unique SQL Id": 3913857139}}, "(64, 85)": {"explain_plan": {"Plan": {"Node Type": "Aggregate", "Strategy": "Plain", "Startup Cost": 169731.13, "Total Cost": 169731.14, "Plan Rows": 1, "Plan Width": 160, "Plans": [{"Node Type": "Nested Loop", "Parent Relationship": "Outer", "Join Type": "Inner", "Startup Cost": 4842.14, "Total Cost": 169720.53, "Plan Rows": 1413, "Plan Width": 64, "Inner Unique": true, "Plans": [{"Node Type": "Nested Loop", "Parent Relationship": "Outer", "Join Type": "Inner", "Startup Cost": 4842.14, "Total Cost": 169141.26, "Plan Rows": 1155, "Plan Width": 68, "Inner Unique": false, "Plans": [{"Node Type": "Nested Loop", "Parent Relationship": "Outer", "Join Type": "Inner", "Startup Cost": 4842.14, "Total Cost": 168079.63, "Plan Rows": 1044, "Plan Width": 76, "Inner Unique": true, "Join Filter": "(mi.movie_id = t.id)", "Plans": [{"Node Type": "Nested Loop", "Parent Relationship": "Outer", "Join Type": "Inner", "Startup Cost": 4842.14, "Total Cost": 167651.44, "Plan Rows": 1044, "Plan Width": 55, "Inner Unique": true, "Plans": [{"Node Type": "Nested Loop", "Parent Relationship": "Outer", "Join Type": "Inner", "Startup Cost": 4842.14, "Total Cost": 166471.96, "Plan Rows": 4175, "Plan Width": 59, "Inner Unique": false, "Plans": [{"Node Type": "Nested Loop", "Parent Relationship": "Outer", "Join Type": "Inner", "Startup Cost": 4842.14, "Total Cost": 164983.91, "Plan Rows": 2717, "Plan Width": 46, "Inner Unique": false, "Plans": [{"Node Type": "Index Scan", "Parent Relationship": "Outer", "Scan Direction": "Forward", "Index Name": "info_type_pkey", "Relation Name": "info_type", "Alias": "it1", "Startup Cost": 0.0, "Total Cost": 14.21, "Plan Rows": 1, "Plan Width": 4, "Filter": "((info)::text = 'genres'::text)"}, {"Node Type": "Bitmap Heap Scan", "Parent Relationship": "Inner", "Relation Name": "movie_info", "Alias": "mi", "Startup Cost": 4842.14, "Total Cost": 164942.53, "Plan Rows": 2717, "Plan Width": 50, "Recheck Cond": "(info_type_id = it1.id)", "Filter": "((info)::text = ANY ('{Horror,Action,Sci-Fi,Thriller,Crime,War}'::text[]))", "Plans": [{"Node Type": "Bitmap Index Scan", "Parent Relationship": "Outer", "Index Name": "info_type_id_movie_info", "Startup Cost": 0.0, "Total Cost": 4841.46, "Plan Rows": 212428, "Plan Width": 0, "Index Cond": "(info_type_id = it1.id)"}]}]}, {"Node Type": "Index Scan", "Parent Relationship": "Inner", "Scan Direction": "Forward", "Index Name": "movie_id_movie_info_idx", "Relation Name": "movie_info_idx", "Alias": "mi_idx", "Startup Cost": 0.0, "Total Cost": 0.53, "Plan Rows": 2, "Plan Width": 13, "Index Cond": "(movie_id = mi.movie_id)"}]}, {"Node Type": "Index Scan", "Parent Relationship": "Inner", "Scan Direction": "Forward", "Index Name": "info_type_pkey", "Relation Name": "info_type", "Alias": "it2", "Startup Cost": 0.0, "Total Cost": 0.27, "Plan Rows": 1, "Plan Width": 4, "Index Cond": "(id = mi_idx.info_type_id)", "Filter": "((info)::text = 'votes'::text)"}]}, {"Node Type": "Index Scan", "Parent Relationship": "Inner", "Scan Direction": "Forward", "Index Name": "title_pkey", "Relation Name": "title", "Alias": "t", "Startup Cost": 0.0, "Total Cost": 0.4, "Plan Rows": 1, "Plan Width": 21, "Index Cond": "(id = mi_idx.movie_id)"}]}, {"Node Type": "Index Scan", "Parent Relationship": "Inner", "Scan Direction": "Forward", "Index Name": "movie_id_cast_info", "Relation Name": "cast_info", "Alias": "ci", "Startup Cost": 0.0, "Total Cost": 1.01, "Plan Rows": 1, "Plan Width": 8, "Index Cond": "(movie_id = t.id)", "Filter": "((note)::text = ANY ('{(writer),\"(head writer)\",\"(written by)\",(story),\"(story editor)\"}'::text[]))"}]}, {"Node Type": "Index Scan", "Parent Relationship": "Inner", "Scan Direction": "Forward", "Index Name": "name_pkey", "Relation Name": "name", "Alias": "n", "Startup Cost": 0.0, "Total Cost": 0.49, "Plan Rows": 1, "Plan Width": 4, "Index Cond": "(id = ci.person_id)", "Filter": "((gender)::text = 'm'::text)"}]}]}, "Unique SQL Id": 3913857139, "Planner Runtime": 19}, "explain_analyze_plan": {"Plan": {"Node Type": "Aggregate", "Strategy": "Plain", "Startup Cost": 169731.13, "Total Cost": 169731.14, "Plan Rows": 1, "Plan Width": 160, "Actual Startup Time": 12278.419, "Actual Total Time": 12278.419, "Actual Rows": 1, "Actual Loops": 1, "Plans": [{"Node Type": "Nested Loop", "Parent Relationship": "Outer", "Join Type": "Inner", "Startup Cost": 4842.14, "Total Cost": 169720.53, "Plan Rows": 1413, "Plan Width": 64, "Actual Startup Time": 189.228, "Actual Total Time": 12238.76, "Actual Rows": 28073, "Actual Loops": 1, "Inner Unique": true, "Plans": [{"Node Type": "Nested Loop", "Parent Relationship": "Outer", "Join Type": "Inner", "Startup Cost": 4842.14, "Total Cost": 169141.26, "Plan Rows": 1155, "Plan Width": 68, "Actual Startup Time": 186.782, "Actual Total Time": 11830.548, "Actual Rows": 54155, "Actual Loops": 1, "Inner Unique": false, "Plans": [{"Node Type": "Nested Loop", "Parent Relationship": "Outer", "Join Type": "Inner", "Startup Cost": 4842.14, "Total Cost": 168079.63, "Plan Rows": 1044, "Plan Width": 76, "Actual Startup Time": 183.875, "Actual Total Time": 3307.953, "Actual Rows": 102516, "Actual Loops": 1, "Inner Unique": true, "Join Filter": "(mi.movie_id = t.id)", "Rows Removed by Join Filter": 0, "Plans": [{"Node Type": "Nested Loop", "Parent Relationship": "Outer", "Join Type": "Inner", "Startup Cost": 4842.14, "Total Cost": 167651.44, "Plan Rows": 1044, "Plan Width": 55, "Actual Startup Time": 183.855, "Actual Total Time": 2757.508, "Actual Rows": 102516, "Actual Loops": 1, "Inner Unique": true, "Plans": [{"Node Type": "Nested Loop", "Parent Relationship": "Outer", "Join Type": "Inner", "Startup Cost": 4842.14, "Total Cost": 166471.96, "Plan Rows": 4175, "Plan Width": 59, "Actual Startup Time": 183.831, "Actual Total Time": 2013.762, "Actual Rows": 307785, "Actual Loops": 1, "Inner Unique": false, "Plans": [{"Node Type": "Nested Loop", "Parent Relationship": "Outer", "Join Type": "Inner", "Startup Cost": 4842.14, "Total Cost": 164983.91, "Plan Rows": 2717, "Plan Width": 46, "Actual Startup Time": 183.795, "Actual Total Time": 1165.444, "Actual Rows": 186594, "Actual Loops": 1, "Inner Unique": false, "Plans": [{"Node Type": "Index Scan", "Parent Relationship": "Outer", "Scan Direction": "Forward", "Index Name": "info_type_pkey", "Relation Name": "info_type", "Alias": "it1", "Startup Cost": 0.0, "Total Cost": 14.21, "Plan Rows": 1, "Plan Width": 4, "Actual Startup Time": 0.04, "Actual Total Time": 0.092, "Actual Rows": 1, "Actual Loops": 1, "Filter": "((info)::text = 'genres'::text)", "Rows Removed by Filter": 111}, {"Node Type": "Bitmap Heap Scan", "Parent Relationship": "Inner", "Relation Name": "movie_info", "Alias": "mi", "Startup Cost": 4842.14, "Total Cost": 164942.53, "Plan Rows": 2717, "Plan Width": 50, "Actual Startup Time": 183.744, "Actual Total Time": 1120.521, "Actual Rows": 186594, "Actual Loops": 1, "Recheck Cond": "(info_type_id = it1.id)", "Rows Removed by Index Recheck": 0, "Filter": "((info)::text = ANY ('{Horror,Action,Sci-Fi,Thriller,Crime,War}'::text[]))", "Rows Removed by Filter": 1347315, "Exact Heap Blocks": 7426, "Lossy Heap Blocks": 7426, "Plans": [{"Node Type": "Bitmap Index Scan", "Parent Relationship": "Outer", "Index Name": "info_type_id_movie_info", "Startup Cost": 0.0, "Total Cost": 4841.46, "Plan Rows": 212428, "Plan Width": 0, "Actual Startup Time": 182.362, "Actual Total Time": 182.362, "Actual Rows": 1533909, "Actual Loops": 1, "Index Cond": "(info_type_id = it1.id)"}]}]}, {"Node Type": "Index Scan", "Parent Relationship": "Inner", "Scan Direction": "Forward", "Index Name": "movie_id_movie_info_idx", "Relation Name": "movie_info_idx", "Alias": "mi_idx", "Startup Cost": 0.0, "Total Cost": 0.53, "Plan Rows": 2, "Plan Width": 13, "Actual Startup Time": 549.041, "Actual Total Time": 674.8, "Actual Rows": 307785, "Actual Loops": 186594, "Index Cond": "(movie_id = mi.movie_id)", "Rows Removed by Index Recheck": 0}]}, {"Node Type": "Index Scan", "Parent Relationship": "Inner", "Scan Direction": "Forward", "Index Name": "info_type_pkey", "Relation Name": "info_type", "Alias": "it2", "Startup Cost": 0.0, "Total Cost": 0.27, "Plan Rows": 1, "Plan Width": 4, "Actual Startup Time": 563.242, "Actual Total Time": 563.242, "Actual Rows": 102516, "Actual Loops": 307785, "Index Cond": "(id = mi_idx.info_type_id)", "Rows Removed by Index Recheck": 0, "Filter": "((info)::text = 'votes'::text)", "Rows Removed by Filter": 205269}]}, {"Node Type": "Index Scan", "Parent Relationship": "Inner", "Scan Direction": "Forward", "Index Name": "title_pkey", "Relation Name": "title", "Alias": "t", "Startup Cost": 0.0, "Total Cost": 0.4, "Plan Rows": 1, "Plan Width": 21, "Actual Startup Time": 433.373, "Actual Total Time": 433.373, "Actual Rows": 102516, "Actual Loops": 102516, "Index Cond": "(id = mi_idx.movie_id)", "Rows Removed by Index Recheck": 0}]}, {"Node Type": "Index Scan", "Parent Relationship": "Inner", "Scan Direction": "Forward", "Index Name": "movie_id_cast_info", "Relation Name": "cast_info", "Alias": "ci", "Startup Cost": 0.0, "Total Cost": 1.01, "Plan Rows": 1, "Plan Width": 8, "Actual Startup Time": 7204.574, "Actual Total Time": 8452.357, "Actual Rows": 54155, "Actual Loops": 102516, "Index Cond": "(movie_id = t.id)", "Rows Removed by Index Recheck": 0, "Filter": "((note)::text = ANY ('{(writer),\"(head writer)\",\"(written by)\",(story),\"(story editor)\"}'::text[]))", "Rows Removed by Filter": 3987641}]}, {"Node Type": "Index Scan", "Parent Relationship": "Inner", "Scan Direction": "Forward", "Index Name": "name_pkey", "Relation Name": "name", "Alias": "n", "Startup Cost": 0.0, "Total Cost": 0.49, "Plan Rows": 1, "Plan Width": 4, "Actual Startup Time": 361.413, "Actual Total Time": 361.413, "Actual Rows": 28073, "Actual Loops": 54155, "Index Cond": "(id = ci.person_id)", "Rows Removed by Index Recheck": 0, "Filter": "((gender)::text = 'm'::text)", "Rows Removed by Filter": 26082}]}]}, "Triggers": [], "Planner Runtime": 18, "Total Runtime": 12278.868, "Unique SQL Id": 3913857139}}, "(64, 86)": {"explain_plan": {"Plan": {"Node Type": "Aggregate", "Strategy": "Plain", "Startup Cost": 191602.22, "Total Cost": 191602.23, "Plan Rows": 1, "Plan Width": 160, "Plans": [{"Node Type": "Nested Loop", "Parent Relationship": "Outer", "Join Type": "Inner", "Startup Cost": 177214.13, "Total Cost": 191591.62, "Plan Rows": 1413, "Plan Width": 64, "Inner Unique": true, "Plans": [{"Node Type": "Nested Loop", "Parent Relationship": "Outer", "Join Type": "Inner", "Startup Cost": 177213.82, "Total Cost": 186586.2, "Plan Rows": 1155, "Plan Width": 68, "Inner Unique": false, "Plans": [{"Node Type": "Nested Loop", "Parent Relationship": "Outer", "Join Type": "Inner", "Startup Cost": 177213.31, "Total Cost": 181743.53, "Plan Rows": 1044, "Plan Width": 76, "Inner Unique": true, "Join Filter": "(mi.movie_id = t.id)", "Plans": [{"Node Type": "Merge Join", "Parent Relationship": "Outer", "Join Type": "Inner", "Startup Cost": 177213.02, "Total Cost": 177244.34, "Plan Rows": 1044, "Plan Width": 55, "Inner Unique": false, "Merge Cond": "(it2.id = mi_idx.info_type_id)", "Plans": [{"Node Type": "Sort", "Parent Relationship": "Outer", "Startup Cost": 2.41, "Total Cost": 2.42, "Plan Rows": 1, "Plan Width": 4, "Sort Key": ["it2.id"], "Plans": [{"Node Type": "Seq Scan", "Parent Relationship": "Outer", "Relation Name": "info_type", "Alias": "it2", "Startup Cost": 0.0, "Total Cost": 2.4, "Plan Rows": 1, "Plan Width": 4, "Filter": "((info)::text = 'votes'::text)"}]}, {"Node Type": "Sort", "Parent Relationship": "Inner", "Startup Cost": 177210.61, "Total Cost": 177221.04, "Plan Rows": 4175, "Plan Width": 59, "Sort Key": ["mi_idx.info_type_id"], "Plans": [{"Node Type": "Nested Loop", "Parent Relationship": "Outer", "Join Type": "Inner", "Startup Cost": 4842.51, "Total Cost": 176959.53, "Plan Rows": 4175, "Plan Width": 59, "Inner Unique": false, "Plans": [{"Node Type": "Nested Loop", "Parent Relationship": "Outer", "Join Type": "Inner", "Startup Cost": 4842.14, "Total Cost": 164972.1, "Plan Rows": 2717, "Plan Width": 46, "Inner Unique": false, "Plans": [{"Node Type": "Seq Scan", "Parent Relationship": "Outer", "Relation Name": "info_type", "Alias": "it1", "Startup Cost": 0.0, "Total Cost": 2.4, "Plan Rows": 1, "Plan Width": 4, "Filter": "((info)::text = 'genres'::text)"}, {"Node Type": "Bitmap Heap Scan", "Parent Relationship": "Inner", "Relation Name": "movie_info", "Alias": "mi", "Startup Cost": 4842.14, "Total Cost": 164942.53, "Plan Rows": 2717, "Plan Width": 50, "Recheck Cond": "(info_type_id = it1.id)", "Filter": "((info)::text = ANY ('{Horror,Action,Sci-Fi,Thriller,Crime,War}'::text[]))", "Plans": [{"Node Type": "Bitmap Index Scan", "Parent Relationship": "Outer", "Index Name": "info_type_id_movie_info", "Startup Cost": 0.0, "Total Cost": 4841.46, "Plan Rows": 212428, "Plan Width": 0, "Index Cond": "(info_type_id = it1.id)"}]}]}, {"Node Type": "Bitmap Heap Scan", "Parent Relationship": "Inner", "Relation Name": "movie_info_idx", "Alias": "mi_idx", "Startup Cost": 0.37, "Total Cost": 4.39, "Plan Rows": 2, "Plan Width": 13, "Recheck Cond": "(movie_id = mi.movie_id)", "Plans": [{"Node Type": "Bitmap Index Scan", "Parent Relationship": "Outer", "Index Name": "movie_id_movie_info_idx", "Startup Cost": 0.0, "Total Cost": 0.37, "Plan Rows": 2, "Plan Width": 0, "Index Cond": "(movie_id = mi.movie_id)"}]}]}]}]}, {"Node Type": "Bitmap Heap Scan", "Parent Relationship": "Inner", "Relation Name": "title", "Alias": "t", "Startup Cost": 0.28, "Total Cost": 4.3, "Plan Rows": 1, "Plan Width": 21, "Recheck Cond": "(id = mi_idx.movie_id)", "Plans": [{"Node Type": "Bitmap Index Scan", "Parent Relationship": "Outer", "Index Name": "title_pkey", "Startup Cost": 0.0, "Total Cost": 0.28, "Plan Rows": 1, "Plan Width": 0, "Index Cond": "(id = mi_idx.movie_id)"}]}]}, {"Node Type": "Bitmap Heap Scan", "Parent Relationship": "Inner", "Relation Name": "cast_info", "Alias": "ci", "Startup Cost": 0.52, "Total Cost": 4.63, "Plan Rows": 1, "Plan Width": 8, "Recheck Cond": "(movie_id = t.id)", "Filter": "((note)::text = ANY ('{(writer),\"(head writer)\",\"(written by)\",(story),\"(story editor)\"}'::text[]))", "Plans": [{"Node Type": "Bitmap Index Scan", "Parent Relationship": "Outer", "Index Name": "movie_id_cast_info", "Startup Cost": 0.0, "Total Cost": 0.52, "Plan Rows": 6, "Plan Width": 0, "Index Cond": "(movie_id = t.id)"}]}]}, {"Node Type": "Bitmap Heap Scan", "Parent Relationship": "Inner", "Relation Name": "name", "Alias": "n", "Startup Cost": 0.31, "Total Cost": 4.32, "Plan Rows": 1, "Plan Width": 4, "Recheck Cond": "(id = ci.person_id)", "Filter": "((gender)::text = 'm'::text)", "Plans": [{"Node Type": "Bitmap Index Scan", "Parent Relationship": "Outer", "Index Name": "name_pkey", "Startup Cost": 0.0, "Total Cost": 0.31, "Plan Rows": 1, "Plan Width": 0, "Index Cond": "(id = ci.person_id)"}]}]}]}, "Unique SQL Id": 3913857139, "Planner Runtime": 23}, "explain_analyze_plan": {"Plan": {"Node Type": "Aggregate", "Strategy": "Plain", "Startup Cost": 191602.22, "Total Cost": 191602.23, "Plan Rows": 1, "Plan Width": 160, "Actual Startup Time": 14024.41, "Actual Total Time": 14024.41, "Actual Rows": 1, "Actual Loops": 1, "Plans": [{"Node Type": "Nested Loop", "Parent Relationship": "Outer", "Join Type": "Inner", "Startup Cost": 177214.13, "Total Cost": 191591.62, "Plan Rows": 1413, "Plan Width": 64, "Actual Startup Time": 2335.455, "Actual Total Time": 13979.286, "Actual Rows": 28073, "Actual Loops": 1, "Inner Unique": true, "Plans": [{"Node Type": "Nested Loop", "Parent Relationship": "Outer", "Join Type": "Inner", "Startup Cost": 177213.82, "Total Cost": 186586.2, "Plan Rows": 1155, "Plan Width": 68, "Actual Startup Time": 2335.395, "Actual Total Time": 13475.583, "Actual Rows": 54155, "Actual Loops": 1, "Inner Unique": false, "Plans": [{"Node Type": "Nested Loop", "Parent Relationship": "Outer", "Join Type": "Inner", "Startup Cost": 177213.31, "Total Cost": 181743.53, "Plan Rows": 1044, "Plan Width": 76, "Actual Startup Time": 2335.29, "Actual Total Time": 3172.049, "Actual Rows": 102516, "Actual Loops": 1, "Inner Unique": true, "Join Filter": "(mi.movie_id = t.id)", "Rows Removed by Join Filter": 0, "Plans": [{"Node Type": "Merge Join", "Parent Relationship": "Outer", "Join Type": "Inner", "Startup Cost": 177213.02, "Total Cost": 177244.34, "Plan Rows": 1044, "Plan Width": 55, "Actual Startup Time": 2335.189, "Actual Total Time": 2407.836, "Actual Rows": 102516, "Actual Loops": 1, "Inner Unique": false, "Merge Cond": "(it2.id = mi_idx.info_type_id)", "Plans": [{"Node Type": "Sort", "Parent Relationship": "Outer", "Startup Cost": 2.41, "Total Cost": 2.42, "Plan Rows": 1, "Plan Width": 4, "Actual Startup Time": 0.077, "Actual Total Time": 0.078, "Actual Rows": 1, "Actual Loops": 1, "Sort Key": ["it2.id"], "Sort Method": "quicksort", "Sort Space Used": 25, "Sort Space Type": "Memory", "Plans": [{"Node Type": "Seq Scan", "Parent Relationship": "Outer", "Relation Name": "info_type", "Alias": "it2", "Startup Cost": 0.0, "Total Cost": 2.4, "Plan Rows": 1, "Plan Width": 4, "Actual Startup Time": 0.055, "Actual Total Time": 0.06, "Actual Rows": 1, "Actual Loops": 1, "Filter": "((info)::text = 'votes'::text)", "Rows Removed by Filter": 111}]}, {"Node Type": "Sort", "Parent Relationship": "Inner", "Startup Cost": 177210.61, "Total Cost": 177221.04, "Plan Rows": 4175, "Plan Width": 59, "Actual Startup Time": 2293.247, "Actual Total Time": 2349.536, "Actual Rows": 205033, "Actual Loops": 1, "Sort Key": ["mi_idx.info_type_id"], "Sort Method": "quicksort", "Sort Space Used": 41143, "Sort Space Type": "Memory", "Plans": [{"Node Type": "Nested Loop", "Parent Relationship": "Outer", "Join Type": "Inner", "Startup Cost": 4842.51, "Total Cost": 176959.53, "Plan Rows": 4175, "Plan Width": 59, "Actual Startup Time": 174.947, "Actual Total Time": 2174.128, "Actual Rows": 307785, "Actual Loops": 1, "Inner Unique": false, "Plans": [{"Node Type": "Nested Loop", "Parent Relationship": "Outer", "Join Type": "Inner", "Startup Cost": 4842.14, "Total Cost": 164972.1, "Plan Rows": 2717, "Plan Width": 46, "Actual Startup Time": 174.896, "Actual Total Time": 1154.606, "Actual Rows": 186594, "Actual Loops": 1, "Inner Unique": false, "Plans": [{"Node Type": "Seq Scan", "Parent Relationship": "Outer", "Relation Name": "info_type", "Alias": "it1", "Startup Cost": 0.0, "Total Cost": 2.4, "Plan Rows": 1, "Plan Width": 4, "Actual Startup Time": 0.023, "Actual Total Time": 0.079, "Actual Rows": 1, "Actual Loops": 1, "Filter": "((info)::text = 'genres'::text)", "Rows Removed by Filter": 111}, {"Node Type": "Bitmap Heap Scan", "Parent Relationship": "Inner", "Relation Name": "movie_info", "Alias": "mi", "Startup Cost": 4842.14, "Total Cost": 164942.53, "Plan Rows": 2717, "Plan Width": 50, "Actual Startup Time": 174.867, "Actual Total Time": 1113.957, "Actual Rows": 186594, "Actual Loops": 1, "Recheck Cond": "(info_type_id = it1.id)", "Rows Removed by Index Recheck": 0, "Filter": "((info)::text = ANY ('{Horror,Action,Sci-Fi,Thriller,Crime,War}'::text[]))", "Rows Removed by Filter": 1347315, "Exact Heap Blocks": 7426, "Lossy Heap Blocks": 7426, "Plans": [{"Node Type": "Bitmap Index Scan", "Parent Relationship": "Outer", "Index Name": "info_type_id_movie_info", "Startup Cost": 0.0, "Total Cost": 4841.46, "Plan Rows": 212428, "Plan Width": 0, "Actual Startup Time": 173.466, "Actual Total Time": 173.466, "Actual Rows": 1533909, "Actual Loops": 1, "Index Cond": "(info_type_id = it1.id)"}]}]}, {"Node Type": "Bitmap Heap Scan", "Parent Relationship": "Inner", "Relation Name": "movie_info_idx", "Alias": "mi_idx", "Startup Cost": 0.37, "Total Cost": 4.39, "Plan Rows": 2, "Plan Width": 13, "Actual Startup Time": 705.822, "Actual Total Time": 747.832, "Actual Rows": 307785, "Actual Loops": 186594, "Recheck Cond": "(movie_id = mi.movie_id)", "Rows Removed by Index Recheck": 0, "Exact Heap Blocks": 103610, "Lossy Heap Blocks": 103610, "Plans": [{"Node Type": "Bitmap Index Scan", "Parent Relationship": "Outer", "Index Name": "movie_id_movie_info_idx", "Startup Cost": 0.0, "Total Cost": 0.37, "Plan Rows": 2, "Plan Width": 0, "Actual Startup Time": 476.43, "Actual Total Time": 476.43, "Actual Rows": 307785, "Actual Loops": 186594, "Index Cond": "(movie_id = mi.movie_id)"}]}]}]}]}, {"Node Type": "Bitmap Heap Scan", "Parent Relationship": "Inner", "Relation Name": "title", "Alias": "t", "Startup Cost": 0.28, "Total Cost": 4.3, "Plan Rows": 1, "Plan Width": 21, "Actual Startup Time": 569.075, "Actual Total Time": 569.075, "Actual Rows": 102516, "Actual Loops": 102516, "Recheck Cond": "(id = mi_idx.movie_id)", "Rows Removed by Index Recheck": 0, "Exact Heap Blocks": 102516, "Lossy Heap Blocks": 102516, "Plans": [{"Node Type": "Bitmap Index Scan", "Parent Relationship": "Outer", "Index Name": "title_pkey", "Startup Cost": 0.0, "Total Cost": 0.28, "Plan Rows": 1, "Plan Width": 0, "Actual Startup Time": 316.627, "Actual Total Time": 316.627, "Actual Rows": 102516, "Actual Loops": 102516, "Index Cond": "(id = mi_idx.movie_id)"}]}]}, {"Node Type": "Bitmap Heap Scan", "Parent Relationship": "Inner", "Relation Name": "cast_info", "Alias": "ci", "Startup Cost": 0.52, "Total Cost": 4.63, "Plan Rows": 1, "Plan Width": 8, "Actual Startup Time": 8771.481, "Actual Total Time": 10140.972, "Actual Rows": 54155, "Actual Loops": 102516, "Recheck Cond": "(movie_id = t.id)", "Rows Removed by Index Recheck": 0, "Filter": "((note)::text = ANY ('{(writer),\"(head writer)\",\"(written by)\",(story),\"(story editor)\"}'::text[]))", "Rows Removed by Filter": 3987641, "Exact Heap Blocks": 3901088, "Lossy Heap Blocks": 3901088, "Plans": [{"Node Type": "Bitmap Index Scan", "Parent Relationship": "Outer", "Index Name": "movie_id_cast_info", "Startup Cost": 0.0, "Total Cost": 0.52, "Plan Rows": 6, "Plan Width": 0, "Actual Startup Time": 1083.028, "Actual Total Time": 1083.028, "Actual Rows": 4041796, "Actual Loops": 102516, "Index Cond": "(movie_id = t.id)"}]}]}, {"Node Type": "Bitmap Heap Scan", "Parent Relationship": "Inner", "Relation Name": "name", "Alias": "n", "Startup Cost": 0.31, "Total Cost": 4.32, "Plan Rows": 1, "Plan Width": 4, "Actual Startup Time": 418.73, "Actual Total Time": 418.73, "Actual Rows": 28073, "Actual Loops": 54155, "Recheck Cond": "(id = ci.person_id)", "Rows Removed by Index Recheck": 0, "Filter": "((gender)::text = 'm'::text)", "Rows Removed by Filter": 26082, "Exact Heap Blocks": 54155, "Lossy Heap Blocks": 54155, "Plans": [{"Node Type": "Bitmap Index Scan", "Parent Relationship": "Outer", "Index Name": "name_pkey", "Startup Cost": 0.0, "Total Cost": 0.31, "Plan Rows": 1, "Plan Width": 0, "Actual Startup Time": 268.218, "Actual Total Time": 268.218, "Actual Rows": 54155, "Actual Loops": 54155, "Index Cond": "(id = ci.person_id)"}]}]}]}, "Triggers": [], "Planner Runtime": 23, "Total Runtime": 14024.741, "Unique SQL Id": 3913857139}}, "(64, 87)": {"explain_plan": {"Plan": {"Node Type": "Aggregate", "Strategy": "Plain", "Startup Cost": 191625.84, "Total Cost": 191625.85, "Plan Rows": 1, "Plan Width": 160, "Plans": [{"Node Type": "Nested Loop", "Parent Relationship": "Outer", "Join Type": "Inner", "Startup Cost": 177237.75, "Total Cost": 191615.24, "Plan Rows": 1413, "Plan Width": 64, "Inner Unique": true, "Plans": [{"Node Type": "Nested Loop", "Parent Relationship": "Outer", "Join Type": "Inner", "Startup Cost": 177237.44, "Total Cost": 186609.82, "Plan Rows": 1155, "Plan Width": 68, "Inner Unique": false, "Plans": [{"Node Type": "Nested Loop", "Parent Relationship": "Outer", "Join Type": "Inner", "Startup Cost": 177236.93, "Total Cost": 181767.15, "Plan Rows": 1044, "Plan Width": 76, "Inner Unique": true, "Join Filter": "(mi.movie_id = t.id)", "Plans": [{"Node Type": "Merge Join", "Parent Relationship": "Outer", "Join Type": "Inner", "Startup Cost": 177236.64, "Total Cost": 177267.96, "Plan Rows": 1044, "Plan Width": 55, "Inner Unique": false, "Merge Cond": "(it2.id = mi_idx.info_type_id)", "Plans": [{"Node Type": "Sort", "Parent Relationship": "Outer", "Startup Cost": 14.22, "Total Cost": 14.23, "Plan Rows": 1, "Plan Width": 4, "Sort Key": ["it2.id"], "Plans": [{"Node Type": "Bitmap Heap Scan", "Parent Relationship": "Outer", "Relation Name": "info_type", "Alias": "it2", "Startup Cost": 8.81, "Total Cost": 14.21, "Plan Rows": 1, "Plan Width": 4, "Filter": "((info)::text = 'votes'::text)", "Plans": [{"Node Type": "Bitmap Index Scan", "Parent Relationship": "Outer", "Index Name": "info_type_pkey", "Startup Cost": 0.0, "Total Cost": 8.81, "Plan Rows": 112, "Plan Width": 0}]}]}, {"Node Type": "Sort", "Parent Relationship": "Inner", "Startup Cost": 177222.42, "Total Cost": 177232.85, "Plan Rows": 4175, "Plan Width": 59, "Sort Key": ["mi_idx.info_type_id"], "Plans": [{"Node Type": "Nested Loop", "Parent Relationship": "Outer", "Join Type": "Inner", "Startup Cost": 4851.32, "Total Cost": 176971.34, "Plan Rows": 4175, "Plan Width": 59, "Inner Unique": false, "Plans": [{"Node Type": "Nested Loop", "Parent Relationship": "Outer", "Join Type": "Inner", "Startup Cost": 4850.95, "Total Cost": 164983.91, "Plan Rows": 2717, "Plan Width": 46, "Inner Unique": false, "Plans": [{"Node Type": "Bitmap Heap Scan", "Parent Relationship": "Outer", "Relation Name": "info_type", "Alias": "it1", "Startup Cost": 8.81, "Total Cost": 14.21, "Plan Rows": 1, "Plan Width": 4, "Filter": "((info)::text = 'genres'::text)", "Plans": [{"Node Type": "Bitmap Index Scan", "Parent Relationship": "Outer", "Index Name": "info_type_pkey", "Startup Cost": 0.0, "Total Cost": 8.81, "Plan Rows": 112, "Plan Width": 0}]}, {"Node Type": "Bitmap Heap Scan", "Parent Relationship": "Inner", "Relation Name": "movie_info", "Alias": "mi", "Startup Cost": 4842.14, "Total Cost": 164942.53, "Plan Rows": 2717, "Plan Width": 50, "Recheck Cond": "(info_type_id = it1.id)", "Filter": "((info)::text = ANY ('{Horror,Action,Sci-Fi,Thriller,Crime,War}'::text[]))", "Plans": [{"Node Type": "Bitmap Index Scan", "Parent Relationship": "Outer", "Index Name": "info_type_id_movie_info", "Startup Cost": 0.0, "Total Cost": 4841.46, "Plan Rows": 212428, "Plan Width": 0, "Index Cond": "(info_type_id = it1.id)"}]}]}, {"Node Type": "Bitmap Heap Scan", "Parent Relationship": "Inner", "Relation Name": "movie_info_idx", "Alias": "mi_idx", "Startup Cost": 0.37, "Total Cost": 4.39, "Plan Rows": 2, "Plan Width": 13, "Recheck Cond": "(movie_id = mi.movie_id)", "Plans": [{"Node Type": "Bitmap Index Scan", "Parent Relationship": "Outer", "Index Name": "movie_id_movie_info_idx", "Startup Cost": 0.0, "Total Cost": 0.37, "Plan Rows": 2, "Plan Width": 0, "Index Cond": "(movie_id = mi.movie_id)"}]}]}]}]}, {"Node Type": "Bitmap Heap Scan", "Parent Relationship": "Inner", "Relation Name": "title", "Alias": "t", "Startup Cost": 0.28, "Total Cost": 4.3, "Plan Rows": 1, "Plan Width": 21, "Recheck Cond": "(id = mi_idx.movie_id)", "Plans": [{"Node Type": "Bitmap Index Scan", "Parent Relationship": "Outer", "Index Name": "title_pkey", "Startup Cost": 0.0, "Total Cost": 0.28, "Plan Rows": 1, "Plan Width": 0, "Index Cond": "(id = mi_idx.movie_id)"}]}]}, {"Node Type": "Bitmap Heap Scan", "Parent Relationship": "Inner", "Relation Name": "cast_info", "Alias": "ci", "Startup Cost": 0.52, "Total Cost": 4.63, "Plan Rows": 1, "Plan Width": 8, "Recheck Cond": "(movie_id = t.id)", "Filter": "((note)::text = ANY ('{(writer),\"(head writer)\",\"(written by)\",(story),\"(story editor)\"}'::text[]))", "Plans": [{"Node Type": "Bitmap Index Scan", "Parent Relationship": "Outer", "Index Name": "movie_id_cast_info", "Startup Cost": 0.0, "Total Cost": 0.52, "Plan Rows": 6, "Plan Width": 0, "Index Cond": "(movie_id = t.id)"}]}]}, {"Node Type": "Bitmap Heap Scan", "Parent Relationship": "Inner", "Relation Name": "name", "Alias": "n", "Startup Cost": 0.31, "Total Cost": 4.32, "Plan Rows": 1, "Plan Width": 4, "Recheck Cond": "(id = ci.person_id)", "Filter": "((gender)::text = 'm'::text)", "Plans": [{"Node Type": "Bitmap Index Scan", "Parent Relationship": "Outer", "Index Name": "name_pkey", "Startup Cost": 0.0, "Total Cost": 0.31, "Plan Rows": 1, "Plan Width": 0, "Index Cond": "(id = ci.person_id)"}]}]}]}, "Unique SQL Id": 3913857139, "Planner Runtime": 23}, "explain_analyze_plan": {"Plan": {"Node Type": "Aggregate", "Strategy": "Plain", "Startup Cost": 191625.84, "Total Cost": 191625.85, "Plan Rows": 1, "Plan Width": 160, "Actual Startup Time": 13947.244, "Actual Total Time": 13947.244, "Actual Rows": 1, "Actual Loops": 1, "Plans": [{"Node Type": "Nested Loop", "Parent Relationship": "Outer", "Join Type": "Inner", "Startup Cost": 177237.75, "Total Cost": 191615.24, "Plan Rows": 1413, "Plan Width": 64, "Actual Startup Time": 2312.535, "Actual Total Time": 13901.572, "Actual Rows": 28073, "Actual Loops": 1, "Inner Unique": true, "Plans": [{"Node Type": "Nested Loop", "Parent Relationship": "Outer", "Join Type": "Inner", "Startup Cost": 177237.44, "Total Cost": 186609.82, "Plan Rows": 1155, "Plan Width": 68, "Actual Startup Time": 2312.476, "Actual Total Time": 13394.329, "Actual Rows": 54155, "Actual Loops": 1, "Inner Unique": false, "Plans": [{"Node Type": "Nested Loop", "Parent Relationship": "Outer", "Join Type": "Inner", "Startup Cost": 177236.93, "Total Cost": 181767.15, "Plan Rows": 1044, "Plan Width": 76, "Actual Startup Time": 2312.391, "Actual Total Time": 3158.618, "Actual Rows": 102516, "Actual Loops": 1, "Inner Unique": true, "Join Filter": "(mi.movie_id = t.id)", "Rows Removed by Join Filter": 0, "Plans": [{"Node Type": "Merge Join", "Parent Relationship": "Outer", "Join Type": "Inner", "Startup Cost": 177236.64, "Total Cost": 177267.96, "Plan Rows": 1044, "Plan Width": 55, "Actual Startup Time": 2312.295, "Actual Total Time": 2390.246, "Actual Rows": 102516, "Actual Loops": 1, "Inner Unique": false, "Merge Cond": "(it2.id = mi_idx.info_type_id)", "Plans": [{"Node Type": "Sort", "Parent Relationship": "Outer", "Startup Cost": 14.22, "Total Cost": 14.23, "Plan Rows": 1, "Plan Width": 4, "Actual Startup Time": 0.087, "Actual Total Time": 0.087, "Actual Rows": 1, "Actual Loops": 1, "Sort Key": ["it2.id"], "Sort Method": "quicksort", "Sort Space Used": 25, "Sort Space Type": "Memory", "Plans": [{"Node Type": "Bitmap Heap Scan", "Parent Relationship": "Outer", "Relation Name": "info_type", "Alias": "it2", "Startup Cost": 8.81, "Total Cost": 14.21, "Plan Rows": 1, "Plan Width": 4, "Actual Startup Time": 0.074, "Actual Total Time": 0.077, "Actual Rows": 1, "Actual Loops": 1, "Filter": "((info)::text = 'votes'::text)", "Rows Removed by Filter": 111, "Exact Heap Blocks": 1, "Lossy Heap Blocks": 1, "Plans": [{"Node Type": "Bitmap Index Scan", "Parent Relationship": "Outer", "Index Name": "info_type_pkey", "Startup Cost": 0.0, "Total Cost": 8.81, "Plan Rows": 112, "Plan Width": 0, "Actual Startup Time": 0.014, "Actual Total Time": 0.014, "Actual Rows": 112, "Actual Loops": 1}]}]}, {"Node Type": "Sort", "Parent Relationship": "Inner", "Startup Cost": 177222.42, "Total Cost": 177232.85, "Plan Rows": 4175, "Plan Width": 59, "Actual Startup Time": 2275.577, "Actual Total Time": 2329.215, "Actual Rows": 205033, "Actual Loops": 1, "Sort Key": ["mi_idx.info_type_id"], "Sort Method": "quicksort", "Sort Space Used": 41143, "Sort Space Type": "Memory", "Plans": [{"Node Type": "Nested Loop", "Parent Relationship": "Outer", "Join Type": "Inner", "Startup Cost": 4851.32, "Total Cost": 176971.34, "Plan Rows": 4175, "Plan Width": 59, "Actual Startup Time": 175.871, "Actual Total Time": 2155.309, "Actual Rows": 307785, "Actual Loops": 1, "Inner Unique": false, "Plans": [{"Node Type": "Nested Loop", "Parent Relationship": "Outer", "Join Type": "Inner", "Startup Cost": 4850.95, "Total Cost": 164983.91, "Plan Rows": 2717, "Plan Width": 46, "Actual Startup Time": 175.827, "Actual Total Time": 1133.924, "Actual Rows": 186594, "Actual Loops": 1, "Inner Unique": false, "Plans": [{"Node Type": "Bitmap Heap Scan", "Parent Relationship": "Outer", "Relation Name": "info_type", "Alias": "it1", "Startup Cost": 8.81, "Total Cost": 14.21, "Plan Rows": 1, "Plan Width": 4, "Actual Startup Time": 0.03, "Actual Total Time": 0.082, "Actual Rows": 1, "Actual Loops": 1, "Filter": "((info)::text = 'genres'::text)", "Rows Removed by Filter": 111, "Exact Heap Blocks": 1, "Lossy Heap Blocks": 1, "Plans": [{"Node Type": "Bitmap Index Scan", "Parent Relationship": "Outer", "Index Name": "info_type_pkey", "Startup Cost": 0.0, "Total Cost": 8.81, "Plan Rows": 112, "Plan Width": 0, "Actual Startup Time": 0.009, "Actual Total Time": 0.009, "Actual Rows": 112, "Actual Loops": 1}]}, {"Node Type": "Bitmap Heap Scan", "Parent Relationship": "Inner", "Relation Name": "movie_info", "Alias": "mi", "Startup Cost": 4842.14, "Total Cost": 164942.53, "Plan Rows": 2717, "Plan Width": 50, "Actual Startup Time": 175.792, "Actual Total Time": 1093.473, "Actual Rows": 186594, "Actual Loops": 1, "Recheck Cond": "(info_type_id = it1.id)", "Rows Removed by Index Recheck": 0, "Filter": "((info)::text = ANY ('{Horror,Action,Sci-Fi,Thriller,Crime,War}'::text[]))", "Rows Removed by Filter": 1347315, "Exact Heap Blocks": 7426, "Lossy Heap Blocks": 7426, "Plans": [{"Node Type": "Bitmap Index Scan", "Parent Relationship": "Outer", "Index Name": "info_type_id_movie_info", "Startup Cost": 0.0, "Total Cost": 4841.46, "Plan Rows": 212428, "Plan Width": 0, "Actual Startup Time": 174.415, "Actual Total Time": 174.415, "Actual Rows": 1533909, "Actual Loops": 1, "Index Cond": "(info_type_id = it1.id)"}]}]}, {"Node Type": "Bitmap Heap Scan", "Parent Relationship": "Inner", "Relation Name": "movie_info_idx", "Alias": "mi_idx", "Startup Cost": 0.37, "Total Cost": 4.39, "Plan Rows": 2, "Plan Width": 13, "Actual Startup Time": 704.788, "Actual Total Time": 747.903, "Actual Rows": 307785, "Actual Loops": 186594, "Recheck Cond": "(movie_id = mi.movie_id)", "Rows Removed by Index Recheck": 0, "Exact Heap Blocks": 103610, "Lossy Heap Blocks": 103610, "Plans": [{"Node Type": "Bitmap Index Scan", "Parent Relationship": "Outer", "Index Name": "movie_id_movie_info_idx", "Startup Cost": 0.0, "Total Cost": 0.37, "Plan Rows": 2, "Plan Width": 0, "Actual Startup Time": 478.407, "Actual Total Time": 478.407, "Actual Rows": 307785, "Actual Loops": 186594, "Index Cond": "(movie_id = mi.movie_id)"}]}]}]}]}, {"Node Type": "Bitmap Heap Scan", "Parent Relationship": "Inner", "Relation Name": "title", "Alias": "t", "Startup Cost": 0.28, "Total Cost": 4.3, "Plan Rows": 1, "Plan Width": 21, "Actual Startup Time": 570.945, "Actual Total Time": 570.945, "Actual Rows": 102516, "Actual Loops": 102516, "Recheck Cond": "(id = mi_idx.movie_id)", "Rows Removed by Index Recheck": 0, "Exact Heap Blocks": 102516, "Lossy Heap Blocks": 102516, "Plans": [{"Node Type": "Bitmap Index Scan", "Parent Relationship": "Outer", "Index Name": "title_pkey", "Startup Cost": 0.0, "Total Cost": 0.28, "Plan Rows": 1, "Plan Width": 0, "Actual Startup Time": 317.787, "Actual Total Time": 317.787, "Actual Rows": 102516, "Actual Loops": 102516, "Index Cond": "(id = mi_idx.movie_id)"}]}]}, {"Node Type": "Bitmap Heap Scan", "Parent Relationship": "Inner", "Relation Name": "cast_info", "Alias": "ci", "Startup Cost": 0.52, "Total Cost": 4.63, "Plan Rows": 1, "Plan Width": 8, "Actual Startup Time": 8709.356, "Actual Total Time": 10072.875, "Actual Rows": 54155, "Actual Loops": 102516, "Recheck Cond": "(movie_id = t.id)", "Rows Removed by Index Recheck": 0, "Filter": "((note)::text = ANY ('{(writer),\"(head writer)\",\"(written by)\",(story),\"(story editor)\"}'::text[]))", "Rows Removed by Filter": 3987641, "Exact Heap Blocks": 3901088, "Lossy Heap Blocks": 3901088, "Plans": [{"Node Type": "Bitmap Index Scan", "Parent Relationship": "Outer", "Index Name": "movie_id_cast_info", "Startup Cost": 0.0, "Total Cost": 0.52, "Plan Rows": 6, "Plan Width": 0, "Actual Startup Time": 1073.279, "Actual Total Time": 1073.279, "Actual Rows": 4041796, "Actual Loops": 102516, "Index Cond": "(movie_id = t.id)"}]}]}, {"Node Type": "Bitmap Heap Scan", "Parent Relationship": "Inner", "Relation Name": "name", "Alias": "n", "Startup Cost": 0.31, "Total Cost": 4.32, "Plan Rows": 1, "Plan Width": 4, "Actual Startup Time": 421.187, "Actual Total Time": 421.187, "Actual Rows": 28073, "Actual Loops": 54155, "Recheck Cond": "(id = ci.person_id)", "Rows Removed by Index Recheck": 0, "Filter": "((gender)::text = 'm'::text)", "Rows Removed by Filter": 26082, "Exact Heap Blocks": 54155, "Lossy Heap Blocks": 54155, "Plans": [{"Node Type": "Bitmap Index Scan", "Parent Relationship": "Outer", "Index Name": "name_pkey", "Startup Cost": 0.0, "Total Cost": 0.31, "Plan Rows": 1, "Plan Width": 0, "Actual Startup Time": 270.31, "Actual Total Time": 270.31, "Actual Rows": 54155, "Actual Loops": 54155, "Index Cond": "(id = ci.person_id)"}]}]}]}, "Triggers": [], "Planner Runtime": 23, "Total Runtime": 13947.578, "Unique SQL Id": 3913857139}}, "(64, 88)": {"explain_plan": {"Plan": {"Node Type": "Aggregate", "Strategy": "Plain", "Startup Cost": 131788.43, "Total Cost": 131788.44, "Plan Rows": 1, "Plan Width": 160, "Plans": [{"Node Type": "Nested Loop", "Parent Relationship": "Outer", "Join Type": "Inner", "Startup Cost": 0.0, "Total Cost": 131777.83, "Plan Rows": 1413, "Plan Width": 64, "Inner Unique": true, "Plans": [{"Node Type": "Nested Loop", "Parent Relationship": "Outer", "Join Type": "Inner", "Startup Cost": 0.0, "Total Cost": 131198.57, "Plan Rows": 1155, "Plan Width": 68, "Inner Unique": false, "Plans": [{"Node Type": "Nested Loop", "Parent Relationship": "Outer", "Join Type": "Inner", "Startup Cost": 0.0, "Total Cost": 130136.93, "Plan Rows": 1044, "Plan Width": 76, "Inner Unique": true, "Join Filter": "(mi.movie_id = t.id)", "Plans": [{"Node Type": "Nested Loop", "Parent Relationship": "Outer", "Join Type": "Inner", "Startup Cost": 0.0, "Total Cost": 129708.74, "Plan Rows": 1044, "Plan Width": 55, "Inner Unique": true, "Plans": [{"Node Type": "Nested Loop", "Parent Relationship": "Outer", "Join Type": "Inner", "Startup Cost": 0.0, "Total Cost": 128529.27, "Plan Rows": 4175, "Plan Width": 59, "Inner Unique": false, "Plans": [{"Node Type": "Nested Loop", "Parent Relationship": "Outer", "Join Type": "Inner", "Startup Cost": 0.0, "Total Cost": 127041.22, "Plan Rows": 2717, "Plan Width": 46, "Inner Unique": true, "Plans": [{"Node Type": "Streaming(type: LOCAL GATHER dop: 1/64)", "Parent Relationship": "Outer", "Startup Cost": 0.0, "Total Cost": 73306.19, "Plan Rows": 190170, "Plan Width": 50, "Plans": [{"Node Type": "Seq Scan", "Parent Relationship": "Outer", "Relation Name": "movie_info", "Alias": "mi", "Startup Cost": 0.0, "Total Cost": 69383.01, "Plan Rows": 190170, "Plan Width": 50, "Filter": "((info)::text = ANY ('{Horror,Action,Sci-Fi,Thriller,Crime,War}'::text[]))"}]}, {"Node Type": "Index Scan", "Parent Relationship": "Inner", "Scan Direction": "Forward", "Index Name": "info_type_pkey", "Relation Name": "info_type", "Alias": "it1", "Startup Cost": 0.0, "Total Cost": 0.27, "Plan Rows": 1, "Plan Width": 4, "Index Cond": "(id = mi.info_type_id)", "Filter": "((info)::text = 'genres'::text)"}]}, {"Node Type": "Index Scan", "Parent Relationship": "Inner", "Scan Direction": "Forward", "Index Name": "movie_id_movie_info_idx", "Relation Name": "movie_info_idx", "Alias": "mi_idx", "Startup Cost": 0.0, "Total Cost": 0.53, "Plan Rows": 2, "Plan Width": 13, "Index Cond": "(movie_id = mi.movie_id)"}]}, {"Node Type": "Index Scan", "Parent Relationship": "Inner", "Scan Direction": "Forward", "Index Name": "info_type_pkey", "Relation Name": "info_type", "Alias": "it2", "Startup Cost": 0.0, "Total Cost": 0.27, "Plan Rows": 1, "Plan Width": 4, "Index Cond": "(id = mi_idx.info_type_id)", "Filter": "((info)::text = 'votes'::text)"}]}, {"Node Type": "Index Scan", "Parent Relationship": "Inner", "Scan Direction": "Forward", "Index Name": "title_pkey", "Relation Name": "title", "Alias": "t", "Startup Cost": 0.0, "Total Cost": 0.4, "Plan Rows": 1, "Plan Width": 21, "Index Cond": "(id = mi_idx.movie_id)"}]}, {"Node Type": "Index Scan", "Parent Relationship": "Inner", "Scan Direction": "Forward", "Index Name": "movie_id_cast_info", "Relation Name": "cast_info", "Alias": "ci", "Startup Cost": 0.0, "Total Cost": 1.01, "Plan Rows": 1, "Plan Width": 8, "Index Cond": "(movie_id = t.id)", "Filter": "((note)::text = ANY ('{(writer),\"(head writer)\",\"(written by)\",(story),\"(story editor)\"}'::text[]))"}]}, {"Node Type": "Index Scan", "Parent Relationship": "Inner", "Scan Direction": "Forward", "Index Name": "name_pkey", "Relation Name": "name", "Alias": "n", "Startup Cost": 0.0, "Total Cost": 0.49, "Plan Rows": 1, "Plan Width": 4, "Index Cond": "(id = ci.person_id)", "Filter": "((gender)::text = 'm'::text)"}]}]}, "Unique SQL Id": 3913857139, "Planner Runtime": 21}, "explain_analyze_plan": {"Plan": {"Node Type": "Aggregate", "Strategy": "Plain", "Startup Cost": 131788.43, "Total Cost": 131788.44, "Plan Rows": 1, "Plan Width": 160, "Actual Min Startup Time": 11856.558, "Actual Max Startup Time": 11856.558, "Actual Min Total Time": 11856.559, "Actual Max Total Time": 11856.559, "Plans": [{"Node Type": "Nested Loop", "Parent Relationship": "Outer", "Join Type": "Inner", "Startup Cost": 0.0, "Total Cost": 131777.83, "Plan Rows": 1413, "Plan Width": 64, "Actual Min Startup Time": 149.676, "Actual Max Startup Time": 149.676, "Actual Min Total Time": 11813.958, "Actual Max Total Time": 11813.958, "Inner Unique": true, "Plans": [{"Node Type": "Nested Loop", "Parent Relationship": "Outer", "Join Type": "Inner", "Startup Cost": 0.0, "Total Cost": 131198.57, "Plan Rows": 1155, "Plan Width": 68, "Actual Min Startup Time": 147.948, "Actual Max Startup Time": 147.948, "Actual Min Total Time": 11403.434, "Actual Max Total Time": 11403.434, "Inner Unique": false, "Plans": [{"Node Type": "Nested Loop", "Parent Relationship": "Outer", "Join Type": "Inner", "Startup Cost": 0.0, "Total Cost": 130136.93, "Plan Rows": 1044, "Plan Width": 76, "Actual Min Startup Time": 147.374, "Actual Max Startup Time": 147.374, "Actual Min Total Time": 2889.092, "Actual Max Total Time": 2889.092, "Inner Unique": true, "Join Filter": "(mi.movie_id = t.id)", "Rows Removed by Join Filter": 0, "Plans": [{"Node Type": "Nested Loop", "Parent Relationship": "Outer", "Join Type": "Inner", "Startup Cost": 0.0, "Total Cost": 129708.74, "Plan Rows": 1044, "Plan Width": 55, "Actual Min Startup Time": 147.351, "Actual Max Startup Time": 147.351, "Actual Min Total Time": 2322.656, "Actual Max Total Time": 2322.656, "Inner Unique": true, "Plans": [{"Node Type": "Nested Loop", "Parent Relationship": "Outer", "Join Type": "Inner", "Startup Cost": 0.0, "Total Cost": 128529.27, "Plan Rows": 4175, "Plan Width": 59, "Actual Min Startup Time": 147.327, "Actual Max Startup Time": 147.327, "Actual Min Total Time": 1577.653, "Actual Max Total Time": 1577.653, "Inner Unique": false, "Plans": [{"Node Type": "Nested Loop", "Parent Relationship": "Outer", "Join Type": "Inner", "Startup Cost": 0.0, "Total Cost": 127041.22, "Plan Rows": 2717, "Plan Width": 46, "Actual Min Startup Time": 147.304, "Actual Max Startup Time": 147.304, "Actual Min Total Time": 727.45, "Actual Max Total Time": 727.45, "Inner Unique": true, "Plans": [{"Node Type": "Streaming(type: LOCAL GATHER dop: 1/64)", "Parent Relationship": "Outer", "Startup Cost": 0.0, "Total Cost": 73306.19, "Plan Rows": 190170, "Plan Width": 50, "Actual Min Startup Time": 127.276, "Actual Max Startup Time": 127.276, "Actual Min Total Time": 234.506, "Actual Max Total Time": 234.506, "Plans": [{"Node Type": "Seq Scan", "Parent Relationship": "Outer", "Relation Name": "movie_info", "Alias": "mi", "Startup Cost": 0.0, "Total Cost": 69383.01, "Plan Rows": 190170, "Plan Width": 50, "Actual Min Startup Time": 55.558, "Actual Max Startup Time": 140.942, "Actual Min Total Time": 109.789, "Actual Max Total Time": 160.471, "Filter": "((info)::text = ANY ('{Horror,Action,Sci-Fi,Thriller,Crime,War}'::text[]))", "Rows Removed by Filter": 14646748, "Actual Rows": 188971}], "Actual Rows": 188971}, {"Node Type": "Index Scan", "Parent Relationship": "Inner", "Scan Direction": "Forward", "Index Name": "info_type_pkey", "Relation Name": "info_type", "Alias": "it1", "Startup Cost": 0.0, "Total Cost": 0.27, "Plan Rows": 1, "Plan Width": 4, "Actual Min Startup Time": 334.854, "Actual Max Startup Time": 334.854, "Actual Min Total Time": 334.854, "Actual Max Total Time": 334.854, "Index Cond": "(id = mi.info_type_id)", "Rows Removed by Index Recheck": 0, "Filter": "((info)::text = 'genres'::text)", "Rows Removed by Filter": 2377, "Actual Rows": 186594}], "Actual Rows": 186594}, {"Node Type": "Index Scan", "Parent Relationship": "Inner", "Scan Direction": "Forward", "Index Name": "movie_id_movie_info_idx", "Relation Name": "movie_info_idx", "Alias": "mi_idx", "Startup Cost": 0.0, "Total Cost": 0.53, "Plan Rows": 2, "Plan Width": 13, "Actual Min Startup Time": 548.917, "Actual Max Startup Time": 548.917, "Actual Min Total Time": 675.018, "Actual Max Total Time": 675.018, "Index Cond": "(movie_id = mi.movie_id)", "Rows Removed by Index Recheck": 0, "Actual Rows": 307785}], "Actual Rows": 307785}, {"Node Type": "Index Scan", "Parent Relationship": "Inner", "Scan Direction": "Forward", "Index Name": "info_type_pkey", "Relation Name": "info_type", "Alias": "it2", "Startup Cost": 0.0, "Total Cost": 0.27, "Plan Rows": 1, "Plan Width": 4, "Actual Min Startup Time": 564.043, "Actual Max Startup Time": 564.043, "Actual Min Total Time": 564.043, "Actual Max Total Time": 564.043, "Index Cond": "(id = mi_idx.info_type_id)", "Rows Removed by Index Recheck": 0, "Filter": "((info)::text = 'votes'::text)", "Rows Removed by Filter": 205269, "Actual Rows": 102516}], "Actual Rows": 102516}, {"Node Type": "Index Scan", "Parent Relationship": "Inner", "Scan Direction": "Forward", "Index Name": "title_pkey", "Relation Name": "title", "Alias": "t", "Startup Cost": 0.0, "Total Cost": 0.4, "Plan Rows": 1, "Plan Width": 21, "Actual Min Startup Time": 445.747, "Actual Max Startup Time": 445.747, "Actual Min Total Time": 445.747, "Actual Max Total Time": 445.747, "Index Cond": "(id = mi_idx.movie_id)", "Rows Removed by Index Recheck": 0, "Actual Rows": 102516}], "Actual Rows": 102516}, {"Node Type": "Index Scan", "Parent Relationship": "Inner", "Scan Direction": "Forward", "Index Name": "movie_id_cast_info", "Relation Name": "cast_info", "Alias": "ci", "Startup Cost": 0.0, "Total Cost": 1.01, "Plan Rows": 1, "Plan Width": 8, "Actual Min Startup Time": 7183.647, "Actual Max Startup Time": 7183.647, "Actual Min Total Time": 8441.187, "Actual Max Total Time": 8441.187, "Index Cond": "(movie_id = t.id)", "Rows Removed by Index Recheck": 0, "Filter": "((note)::text = ANY ('{(writer),\"(head writer)\",\"(written by)\",(story),\"(story editor)\"}'::text[]))", "Rows Removed by Filter": 3987641, "Actual Rows": 54155}], "Actual Rows": 54155}, {"Node Type": "Index Scan", "Parent Relationship": "Inner", "Scan Direction": "Forward", "Index Name": "name_pkey", "Relation Name": "name", "Alias": "n", "Startup Cost": 0.0, "Total Cost": 0.49, "Plan Rows": 1, "Plan Width": 4, "Actual Min Startup Time": 363.695, "Actual Max Startup Time": 363.695, "Actual Min Total Time": 363.695, "Actual Max Total Time": 363.695, "Index Cond": "(id = ci.person_id)", "Rows Removed by Index Recheck": 0, "Filter": "((gender)::text = 'm'::text)", "Rows Removed by Filter": 26082, "Actual Rows": 28073}], "Actual Rows": 28073}], "Actual Rows": 1}, "Triggers": [], "Planner Runtime": 21, "Total Runtime": 11867.441, "Unique SQL Id": 3913857139}}, "(64, 89)": {"explain_plan": {"Plan": {"Node Type": "Aggregate", "Strategy": "Plain", "Startup Cost": 404251.85, "Total Cost": 404251.86, "Plan Rows": 1, "Plan Width": 160, "Plans": [{"Node Type": "Nested Loop", "Parent Relationship": "Outer", "Join Type": "Inner", "Startup Cost": 401042.42, "Total Cost": 404241.25, "Plan Rows": 1413, "Plan Width": 64, "Inner Unique": true, "Plans": [{"Node Type": "Nested Loop", "Parent Relationship": "Outer", "Join Type": "Inner", "Startup Cost": 401042.42, "Total Cost": 403661.99, "Plan Rows": 1155, "Plan Width": 68, "Inner Unique": false, "Plans": [{"Node Type": "Nested Loop", "Parent Relationship": "Outer", "Join Type": "Inner", "Startup Cost": 401042.42, "Total Cost": 402600.36, "Plan Rows": 1044, "Plan Width": 76, "Inner Unique": true, "Join Filter": "(mi.movie_id = t.id)", "Plans": [{"Node Type": "Merge Join", "Parent Relationship": "Outer", "Join Type": "Inner", "Startup Cost": 401042.42, "Total Cost": 402172.16, "Plan Rows": 1044, "Plan Width": 55, "Inner Unique": false, "Merge Cond": "(it1.id = mi.info_type_id)", "Plans": [{"Node Type": "Index Scan", "Parent Relationship": "Outer", "Scan Direction": "Forward", "Index Name": "info_type_pkey", "Relation Name": "info_type", "Alias": "it1", "Startup Cost": 0.0, "Total Cost": 14.21, "Plan Rows": 1, "Plan Width": 4, "Filter": "((info)::text = 'genres'::text)"}, {"Node Type": "Sort", "Parent Relationship": "Inner", "Startup Cost": 400980.09, "Total Cost": 401552.66, "Plan Rows": 229029, "Plan Width": 59, "Sort Key": ["mi.info_type_id"], "Plans": [{"Node Type": "Nested Loop", "Parent Relationship": "Outer", "Join Type": "Inner", "Startup Cost": 0.0, "Total Cost": 380590.58, "Plan Rows": 229029, "Plan Width": 59, "Inner Unique": false, "Plans": [{"Node Type": "Nested Loop", "Parent Relationship": "Outer", "Join Type": "Inner", "Startup Cost": 0.0, "Total Cost": 38338.2, "Plan Rows": 345008, "Plan Width": 9, "Inner Unique": false, "Plans": [{"Node Type": "Index Scan", "Parent Relationship": "Outer", "Scan Direction": "Forward", "Index Name": "info_type_pkey", "Relation Name": "info_type", "Alias": "it2", "Startup Cost": 0.0, "Total Cost": 14.21, "Plan Rows": 1, "Plan Width": 4, "Filter": "((info)::text = 'votes'::text)"}, {"Node Type": "Index Scan", "Parent Relationship": "Inner", "Scan Direction": "Forward", "Index Name": "info_type_id_movie_info_idx", "Relation Name": "movie_info_idx", "Alias": "mi_idx", "Startup Cost": 0.0, "Total Cost": 34873.91, "Plan Rows": 345008, "Plan Width": 13, "Index Cond": "(info_type_id = it2.id), (LLVM Optimized)"}]}, {"Node Type": "Index Scan", "Parent Relationship": "Inner", "Scan Direction": "Forward", "Index Name": "movie_id_movie_info", "Relation Name": "movie_info", "Alias": "mi", "Startup Cost": 0.0, "Total Cost": 0.98, "Plan Rows": 1, "Plan Width": 50, "Index Cond": "(movie_id = mi_idx.movie_id)", "Filter": "((info)::text = ANY ('{Horror,Action,Sci-Fi,Thriller,Crime,War}'::text[]))"}]}]}]}, {"Node Type": "Index Scan", "Parent Relationship": "Inner", "Scan Direction": "Forward", "Index Name": "title_pkey", "Relation Name": "title", "Alias": "t", "Startup Cost": 0.0, "Total Cost": 0.4, "Plan Rows": 1, "Plan Width": 21, "Index Cond": "(id = mi_idx.movie_id)"}]}, {"Node Type": "Index Scan", "Parent Relationship": "Inner", "Scan Direction": "Forward", "Index Name": "movie_id_cast_info", "Relation Name": "cast_info", "Alias": "ci", "Startup Cost": 0.0, "Total Cost": 1.01, "Plan Rows": 1, "Plan Width": 8, "Index Cond": "(movie_id = t.id)", "Filter": "((note)::text = ANY ('{(writer),\"(head writer)\",\"(written by)\",(story),\"(story editor)\"}'::text[]))"}]}, {"Node Type": "Index Scan", "Parent Relationship": "Inner", "Scan Direction": "Forward", "Index Name": "name_pkey", "Relation Name": "name", "Alias": "n", "Startup Cost": 0.0, "Total Cost": 0.49, "Plan Rows": 1, "Plan Width": 4, "Index Cond": "(id = ci.person_id)", "Filter": "((gender)::text = 'm'::text)"}]}]}, "Unique SQL Id": 3913857139, "Planner Runtime": 16}, "explain_analyze_plan": {"Plan": {"Node Type": "Aggregate", "Strategy": "Plain", "Startup Cost": 404251.85, "Total Cost": 404251.86, "Plan Rows": 1, "Plan Width": 160, "Actual Startup Time": 17987.074, "Actual Total Time": 17987.075, "Actual Rows": 1, "Actual Loops": 1, "Plans": [{"Node Type": "Nested Loop", "Parent Relationship": "Outer", "Join Type": "Inner", "Startup Cost": 401042.42, "Total Cost": 404241.25, "Plan Rows": 1413, "Plan Width": 64, "Actual Startup Time": 9186.078, "Actual Total Time": 17949.162, "Actual Rows": 28073, "Actual Loops": 1, "Inner Unique": true, "Plans": [{"Node Type": "Nested Loop", "Parent Relationship": "Outer", "Join Type": "Inner", "Startup Cost": 401042.42, "Total Cost": 403661.99, "Plan Rows": 1155, "Plan Width": 68, "Actual Startup Time": 9184.309, "Actual Total Time": 17569.304, "Actual Rows": 54155, "Actual Loops": 1, "Inner Unique": false, "Plans": [{"Node Type": "Nested Loop", "Parent Relationship": "Outer", "Join Type": "Inner", "Startup Cost": 401042.42, "Total Cost": 402600.36, "Plan Rows": 1044, "Plan Width": 76, "Actual Startup Time": 9182.45, "Actual Total Time": 9765.708, "Actual Rows": 102516, "Actual Loops": 1, "Inner Unique": true, "Join Filter": "(mi.movie_id = t.id)", "Rows Removed by Join Filter": 0, "Plans": [{"Node Type": "Merge Join", "Parent Relationship": "Outer", "Join Type": "Inner", "Startup Cost": 401042.42, "Total Cost": 402172.16, "Plan Rows": 1044, "Plan Width": 55, "Actual Startup Time": 9182.406, "Actual Total Time": 9234.956, "Actual Rows": 102516, "Actual Loops": 1, "Inner Unique": false, "Merge Cond": "(it1.id = mi.info_type_id)", "Plans": [{"Node Type": "Index Scan", "Parent Relationship": "Outer", "Scan Direction": "Forward", "Index Name": "info_type_pkey", "Relation Name": "info_type", "Alias": "it1", "Startup Cost": 0.0, "Total Cost": 14.21, "Plan Rows": 1, "Plan Width": 4, "Actual Startup Time": 0.024, "Actual Total Time": 0.084, "Actual Rows": 1, "Actual Loops": 1, "Filter": "((info)::text = 'genres'::text)", "Rows Removed by Filter": 111}, {"Node Type": "Sort", "Parent Relationship": "Inner", "Startup Cost": 400980.09, "Total Cost": 401552.66, "Plan Rows": 229029, "Plan Width": 59, "Actual Startup Time": 9182.375, "Actual Total Time": 9198.412, "Actual Rows": 102517, "Actual Loops": 1, "Sort Key": ["mi.info_type_id"], "Sort Method": "quicksort", "Sort Space Used": 12906, "Sort Space Type": "Memory", "Plans": [{"Node Type": "Nested Loop", "Parent Relationship": "Outer", "Join Type": "Inner", "Startup Cost": 0.0, "Total Cost": 380590.58, "Plan Rows": 229029, "Plan Width": 59, "Actual Startup Time": 0.747, "Actual Total Time": 9132.967, "Actual Rows": 104892, "Actual Loops": 1, "Inner Unique": false, "Plans": [{"Node Type": "Nested Loop", "Parent Relationship": "Outer", "Join Type": "Inner", "Startup Cost": 0.0, "Total Cost": 38338.2, "Plan Rows": 345008, "Plan Width": 9, "Actual Startup Time": 0.072, "Actual Total Time": 389.659, "Actual Rows": 459925, "Actual Loops": 1, "Inner Unique": false, "Plans": [{"Node Type": "Index Scan", "Parent Relationship": "Outer", "Scan Direction": "Forward", "Index Name": "info_type_pkey", "Relation Name": "info_type", "Alias": "it2", "Startup Cost": 0.0, "Total Cost": 14.21, "Plan Rows": 1, "Plan Width": 4, "Actual Startup Time": 0.055, "Actual Total Time": 0.067, "Actual Rows": 1, "Actual Loops": 1, "Filter": "((info)::text = 'votes'::text)", "Rows Removed by Filter": 111}, {"Node Type": "Index Scan", "Parent Relationship": "Inner", "Scan Direction": "Forward", "Index Name": "info_type_id_movie_info_idx", "Relation Name": "movie_info_idx", "Alias": "mi_idx", "Startup Cost": 0.0, "Total Cost": 34873.91, "Plan Rows": 345008, "Plan Width": 13, "Actual Startup Time": 0.014, "Actual Total Time": 286.493, "Actual Rows": 459925, "Actual Loops": 1, "Index Cond": "(info_type_id = it2.id), (LLVM Optimized, Jit Execute)", "Rows Removed by Index Recheck": 0}]}, {"Node Type": "Index Scan", "Parent Relationship": "Inner", "Scan Direction": "Forward", "Index Name": "movie_id_movie_info", "Relation Name": "movie_info", "Alias": "mi", "Startup Cost": 0.0, "Total Cost": 0.98, "Plan Rows": 1, "Plan Width": 50, "Actual Startup Time": 8326.318, "Actual Total Time": 8481.837, "Actual Rows": 104892, "Actual Loops": 459925, "Index Cond": "(movie_id = mi_idx.movie_id)", "Rows Removed by Index Recheck": 0, "Filter": "((info)::text = ANY ('{Horror,Action,Sci-Fi,Thriller,Crime,War}'::text[]))", "Rows Removed by Filter": 6825442}]}]}]}, {"Node Type": "Index Scan", "Parent Relationship": "Inner", "Scan Direction": "Forward", "Index Name": "title_pkey", "Relation Name": "title", "Alias": "t", "Startup Cost": 0.0, "Total Cost": 0.4, "Plan Rows": 1, "Plan Width": 21, "Actual Startup Time": 422.806, "Actual Total Time": 422.806, "Actual Rows": 102516, "Actual Loops": 102516, "Index Cond": "(id = mi_idx.movie_id)", "Rows Removed by Index Recheck": 0}]}, {"Node Type": "Index Scan", "Parent Relationship": "Inner", "Scan Direction": "Forward", "Index Name": "movie_id_cast_info", "Relation Name": "cast_info", "Alias": "ci", "Startup Cost": 0.0, "Total Cost": 1.01, "Plan Rows": 1, "Plan Width": 8, "Actual Startup Time": 6592.462, "Actual Total Time": 7733.352, "Actual Rows": 54155, "Actual Loops": 102516, "Index Cond": "(movie_id = t.id)", "Rows Removed by Index Recheck": 0, "Filter": "((note)::text = ANY ('{(writer),\"(head writer)\",\"(written by)\",(story),\"(story editor)\"}'::text[]))", "Rows Removed by Filter": 3987641}]}, {"Node Type": "Index Scan", "Parent Relationship": "Inner", "Scan Direction": "Forward", "Index Name": "name_pkey", "Relation Name": "name", "Alias": "n", "Startup Cost": 0.0, "Total Cost": 0.49, "Plan Rows": 1, "Plan Width": 4, "Actual Startup Time": 335.016, "Actual Total Time": 335.016, "Actual Rows": 28073, "Actual Loops": 54155, "Index Cond": "(id = ci.person_id)", "Rows Removed by Index Recheck": 0, "Filter": "((gender)::text = 'm'::text)", "Rows Removed by Filter": 26082}]}]}, "Triggers": [], "Planner Runtime": 16, "Total Runtime": 17995.962, "Unique SQL Id": 3913857139}}, "(64, 90)": {"explain_plan": {"Plan": {"Node Type": "Aggregate", "Strategy": "Plain", "Startup Cost": 1237706824399.26, "Total Cost": 1237706824399.27, "Plan Rows": 1, "Plan Width": 160, "Plans": [{"Node Type": "Merge Join", "Parent Relationship": "Outer", "Join Type": "Inner", "Startup Cost": 273198547386.55, "Total Cost": 1237706824388.66, "Plan Rows": 1413, "Plan Width": 64, "Inner Unique": false, "Merge Cond": "(n.id = ci.person_id)", "Plans": [{"Node Type": "Index Scan", "Parent Relationship": "Outer", "Scan Direction": "Forward", "Index Name": "name_pkey", "Relation Name": "name", "Alias": "n", "Startup Cost": 10000000000.0, "Total Cost": 1000018665147.2, "Plan Rows": 1740714, "Plan Width": 4, "Filter": "((gender)::text = 'm'::text), (LLVM Optimized)"}, {"Node Type": "Sort", "Parent Relationship": "Inner", "Startup Cost": 263198547386.55, "Total Cost": 263198547389.44, "Plan Rows": 1155, "Plan Width": 68, "Sort Key": ["ci.person_id"], "Plans": [{"Node Type": "Merge Join", "Parent Relationship": "Outer", "Join Type": "Inner", "Startup Cost": 110005305318.53, "Total Cost": 263198547327.8, "Plan Rows": 1155, "Plan Width": 68, "Inner Unique": false, "Merge Cond": "(t.id = mi.movie_id)", "Plans": [{"Node Type": "Nested Loop", "Parent Relationship": "Outer", "Join Type": "Inner", "Startup Cost": 10000532050.8, "Total Cost": 163306228208.09, "Plan Rows": 381713, "Plan Width": 38, "Inner Unique": false, "Join Filter": "(t.id = ci.movie_id), (LLVM Optimized)", "Plans": [{"Node Type": "Merge Join", "Parent Relationship": "Outer", "Join Type": "Inner", "Startup Cost": 532050.8, "Total Cost": 549855.61, "Plan Rows": 345008, "Plan Width": 30, "Inner Unique": true, "Merge Cond": "(mi_idx.movie_id = t.id)", "Plans": [{"Node Type": "Sort", "Parent Relationship": "Outer", "Startup Cost": 203099.06, "Total Cost": 203961.58, "Plan Rows": 345008, "Plan Width": 9, "Sort Key": ["mi_idx.movie_id"], "Plans": [{"Node Type": "Merge Join", "Parent Relationship": "Outer", "Join Type": "Inner", "Startup Cost": 161014.5, "Total Cost": 171364.75, "Plan Rows": 345008, "Plan Width": 9, "Inner Unique": false, "Merge Cond": "(it2.id = mi_idx.info_type_id)", "Plans": [{"Node Type": "Sort", "Parent Relationship": "Outer", "Startup Cost": 2.41, "Total Cost": 2.42, "Plan Rows": 1, "Plan Width": 4, "Sort Key": ["it2.id"], "Plans": [{"Node Type": "Seq Scan", "Parent Relationship": "Outer", "Relation Name": "info_type", "Alias": "it2", "Startup Cost": 0.0, "Total Cost": 2.4, "Plan Rows": 1, "Plan Width": 4, "Filter": "((info)::text = 'votes'::text)"}]}, {"Node Type": "Sort", "Parent Relationship": "Inner", "Startup Cost": 161012.09, "Total Cost": 164462.17, "Plan Rows": 1380034, "Plan Width": 13, "Sort Key": ["mi_idx.info_type_id"], "Plans": [{"Node Type": "Seq Scan", "Parent Relationship": "Outer", "Relation Name": "movie_info_idx", "Alias": "mi_idx", "Startup Cost": 0.0, "Total Cost": 20274.34, "Plan Rows": 1380034, "Plan Width": 13}]}]}]}, {"Node Type": "Sort", "Parent Relationship": "Inner", "Startup Cost": 328951.73, "Total Cost": 335272.51, "Plan Rows": 2528311, "Plan Width": 21, "Sort Key": ["t.id"], "Plans": [{"Node Type": "Seq Scan", "Parent Relationship": "Outer", "Relation Name": "title", "Alias": "t", "Startup Cost": 0.0, "Total Cost": 60069.11, "Plan Rows": 2528311, "Plan Width": 21}]}]}, {"Node Type": "Materialize", "Parent Relationship": "Inner", "Startup Cost": 0.0, "Total Cost": 107294.6, "Plan Rows": 1223154, "Plan Width": 8, "Plans": [{"Node Type": "Streaming(type: LOCAL GATHER dop: 1/64)", "Parent Relationship": "Outer", "Startup Cost": 0.0, "Total Cost": 101178.83, "Plan Rows": 1223154, "Plan Width": 8, "Plans": [{"Node Type": "Seq Scan", "Parent Relationship": "Outer", "Relation Name": "cast_info", "Alias": "ci", "Startup Cost": 0.0, "Total Cost": 75945.31, "Plan Rows": 1223154, "Plan Width": 8, "Filter": "((note)::text = ANY ('{(writer),\"(head writer)\",\"(written by)\",(story),\"(story editor)\"}'::text[]))"}]}]}]}, {"Node Type": "Sort", "Parent Relationship": "Inner", "Startup Cost": 100000757012.14, "Total Cost": 100000757018.93, "Plan Rows": 2717, "Plan Width": 46, "Sort Key": ["mi.movie_id"], "Plans": [{"Node Type": "Nested Loop", "Parent Relationship": "Outer", "Join Type": "Inner", "Startup Cost": 10000000000.0, "Total Cost": 100000756857.16, "Plan Rows": 2717, "Plan Width": 46, "Inner Unique": false, "Join Filter": "(it1.id = mi.info_type_id)", "Plans": [{"Node Type": "Seq Scan", "Parent Relationship": "Outer", "Relation Name": "info_type", "Alias": "it1", "Startup Cost": 0.0, "Total Cost": 2.4, "Plan Rows": 1, "Plan Width": 4, "Filter": "((info)::text = 'genres'::text)"}, {"Node Type": "Materialize", "Parent Relationship": "Inner", "Startup Cost": 0.0, "Total Cost": 73781.62, "Plan Rows": 190170, "Plan Width": 50, "Plans": [{"Node Type": "Streaming(type: LOCAL GATHER dop: 1/64)", "Parent Relationship": "Outer", "Startup Cost": 0.0, "Total Cost": 73306.19, "Plan Rows": 190170, "Plan Width": 50, "Plans": [{"Node Type": "Seq Scan", "Parent Relationship": "Outer", "Relation Name": "movie_info", "Alias": "mi", "Startup Cost": 0.0, "Total Cost": 69383.01, "Plan Rows": 190170, "Plan Width": 50, "Filter": "((info)::text = ANY ('{Horror,Action,Sci-Fi,Thriller,Crime,War}'::text[]))"}]}]}]}]}]}]}]}]}, "Unique SQL Id": 3913857139, "Planner Runtime": 52}, "explain_analyze_plan": null}, "(64, 91)": {"explain_plan": {"Plan": {"Node Type": "Aggregate", "Strategy": "Plain", "Startup Cost": 6972220946043.58, "Total Cost": 6972220946043.59, "Plan Rows": 1, "Plan Width": 160, "Plans": [{"Node Type": "Merge Join", "Parent Relationship": "Outer", "Join Type": "Inner", "Startup Cost": 5982220944123.28, "Total Cost": 6972220946032.99, "Plan Rows": 1413, "Plan Width": 64, "Inner Unique": true, "Merge Cond": "(mi.info_type_id = it1.id)", "Plans": [{"Node Type": "Sort", "Parent Relationship": "Outer", "Startup Cost": 5972220944096.37, "Total Cost": 5972220944343.58, "Plan Rows": 98885, "Plan Width": 68, "Sort Key": ["mi.info_type_id"], "Plans": [{"Node Type": "Merge Join", "Parent Relationship": "Outer", "Join Type": "Inner", "Startup Cost": 3994673638411.73, "Total Cost": 5972220935892.14, "Plan Rows": 98885, "Plan Width": 68, "Inner Unique": false, "Merge Cond": "(t.id = mi_idx.movie_id)", "Plans": [{"Node Type": "Merge Join", "Parent Relationship": "Outer", "Join Type": "Inner", "Startup Cost": 20024668916.98, "Total Cost": 1999424688065.12, "Plan Rows": 190170, "Plan Width": 71, "Inner Unique": true, "Merge Cond": "(mi.movie_id = t.id)", "Plans": [{"Node Type": "Index Scan", "Parent Relationship": "Outer", "Scan Direction": "Forward", "Index Name": "movie_id_movie_info", "Relation Name": "movie_info", "Alias": "mi", "Startup Cost": 10000000000.0, "Total Cost": 1000114969386.72, "Plan Rows": 190170, "Plan Width": 50, "Filter": "((info)::text = ANY ('{Horror,Action,Sci-Fi,Thriller,Crime,War}'::text[]))"}, {"Node Type": "Index Scan", "Parent Relationship": "Inner", "Scan Direction": "Forward", "Index Name": "title_pkey", "Relation Name": "title", "Alias": "t", "Startup Cost": 10000000000.0, "Total Cost": 1000011012048.91, "Plan Rows": 2528311, "Plan Width": 21}]}, {"Node Type": "Sort", "Parent Relationship": "Inner", "Startup Cost": 3974648969494.74, "Total Cost": 3974648970662.15, "Plan Rows": 466965, "Plan Width": 13, "Sort Key": ["ci.movie_id"], "Plans": [{"Node Type": "Merge Join", "Parent Relationship": "Outer", "Join Type": "Inner", "Startup Cost": 3010140641964.01, "Total Cost": 3974648925523.08, "Plan Rows": 466965, "Plan Width": 13, "Inner Unique": true, "Merge Cond": "(ci.person_id = n.id)", "Plans": [{"Node Type": "Sort", "Parent Relationship": "Outer", "Startup Cost": 3000140641963.95, "Total Cost": 3000140642918.23, "Plan Rows": 381713, "Plan Width": 17, "Sort Key": ["ci.person_id"], "Plans": [{"Node Type": "Merge Join", "Parent Relationship": "Outer", "Join Type": "Inner", "Startup Cost": 2010001865471.59, "Total Cost": 3000140606575.09, "Plan Rows": 381713, "Plan Width": 17, "Inner Unique": false, "Merge Cond": "(ci.movie_id = mi_idx.movie_id)", "Plans": [{"Node Type": "Index Scan", "Parent Relationship": "Outer", "Scan Direction": "Forward", "Index Name": "movie_id_cast_info", "Relation Name": "cast_info", "Alias": "ci", "Startup Cost": 10000000000.0, "Total Cost": 1000228594573.05, "Plan Rows": 1223154, "Plan Width": 8, "Filter": "((note)::text = ANY ('{(writer),\"(head writer)\",\"(written by)\",(story),\"(story editor)\"}'::text[]))"}, {"Node Type": "Sort", "Parent Relationship": "Inner", "Startup Cost": 2000001865471.58, "Total Cost": 2000001866334.1, "Plan Rows": 345008, "Plan Width": 9, "Sort Key": ["mi_idx.movie_id"], "Plans": [{"Node Type": "Nested Loop", "Parent Relationship": "Outer", "Join Type": "Inner", "Startup Cost": 20000007502.06, "Total Cost": 2000001833737.28, "Plan Rows": 345008, "Plan Width": 9, "Inner Unique": false, "Plans": [{"Node Type": "Index Scan", "Parent Relationship": "Outer", "Scan Direction": "Forward", "Index Name": "info_type_pkey", "Relation Name": "info_type", "Alias": "it2", "Startup Cost": 10000000000.0, "Total Cost": 1000000001421.0, "Plan Rows": 1, "Plan Width": 4, "Filter": "((info)::text = 'votes'::text)"}, {"Node Type": "Bitmap Heap Scan", "Parent Relationship": "Inner", "Relation Name": "movie_info_idx", "Alias": "mi_idx", "Startup Cost": 10000007502.06, "Total Cost": 1000001828866.2, "Plan Rows": 345008, "Plan Width": 13, "Recheck Cond": "(info_type_id = it2.id), (LLVM Optimized)", "Plans": [{"Node Type": "Bitmap Index Scan", "Parent Relationship": "Outer", "Index Name": "info_type_id_movie_info_idx", "Startup Cost": 0.0, "Total Cost": 7415.81, "Plan Rows": 345008, "Plan Width": 0, "Index Cond": "(info_type_id = it2.id)"}]}]}]}]}]}, {"Node Type": "Index Scan", "Parent Relationship": "Inner", "Scan Direction": "Forward", "Index Name": "name_pkey", "Relation Name": "name", "Alias": "n", "Startup Cost": 10000000000.0, "Total Cost": 1000018665147.2, "Plan Rows": 1740714, "Plan Width": 4, "Filter": "((gender)::text = 'm'::text), (LLVM Optimized)"}]}]}]}]}, {"Node Type": "Materialize", "Parent Relationship": "Inner", "Startup Cost": 10000000000.0, "Total Cost": 1000000001421.0, "Plan Rows": 1, "Plan Width": 4, "Plans": [{"Node Type": "Index Scan", "Parent Relationship": "Outer", "Scan Direction": "Forward", "Index Name": "info_type_pkey", "Relation Name": "info_type", "Alias": "it1", "Startup Cost": 10000000000.0, "Total Cost": 1000000001421.0, "Plan Rows": 1, "Plan Width": 4, "Filter": "((info)::text = 'genres'::text)"}]}]}]}, "Unique SQL Id": 3913857139, "Planner Runtime": 100}, "explain_analyze_plan": null}, "(64, 92)": {"explain_plan": {"Plan": {"Node Type": "Aggregate", "Strategy": "Plain", "Startup Cost": 131788.43, "Total Cost": 131788.44, "Plan Rows": 1, "Plan Width": 160, "Plans": [{"Node Type": "Nested Loop", "Parent Relationship": "Outer", "Join Type": "Inner", "Startup Cost": 0.0, "Total Cost": 131777.83, "Plan Rows": 1413, "Plan Width": 64, "Inner Unique": true, "Plans": [{"Node Type": "Nested Loop", "Parent Relationship": "Outer", "Join Type": "Inner", "Startup Cost": 0.0, "Total Cost": 131198.57, "Plan Rows": 1155, "Plan Width": 68, "Inner Unique": false, "Plans": [{"Node Type": "Nested Loop", "Parent Relationship": "Outer", "Join Type": "Inner", "Startup Cost": 0.0, "Total Cost": 130136.93, "Plan Rows": 1044, "Plan Width": 76, "Inner Unique": true, "Join Filter": "(mi.movie_id = t.id)", "Plans": [{"Node Type": "Nested Loop", "Parent Relationship": "Outer", "Join Type": "Inner", "Startup Cost": 0.0, "Total Cost": 129708.74, "Plan Rows": 1044, "Plan Width": 55, "Inner Unique": true, "Plans": [{"Node Type": "Nested Loop", "Parent Relationship": "Outer", "Join Type": "Inner", "Startup Cost": 0.0, "Total Cost": 128529.27, "Plan Rows": 4175, "Plan Width": 59, "Inner Unique": false, "Plans": [{"Node Type": "Nested Loop", "Parent Relationship": "Outer", "Join Type": "Inner", "Startup Cost": 0.0, "Total Cost": 127041.22, "Plan Rows": 2717, "Plan Width": 46, "Inner Unique": true, "Plans": [{"Node Type": "Streaming(type: LOCAL GATHER dop: 1/64)", "Parent Relationship": "Outer", "Startup Cost": 0.0, "Total Cost": 73306.19, "Plan Rows": 190170, "Plan Width": 50, "Plans": [{"Node Type": "Seq Scan", "Parent Relationship": "Outer", "Relation Name": "movie_info", "Alias": "mi", "Startup Cost": 0.0, "Total Cost": 69383.01, "Plan Rows": 190170, "Plan Width": 50, "Filter": "((info)::text = ANY ('{Horror,Action,Sci-Fi,Thriller,Crime,War}'::text[]))"}]}, {"Node Type": "Index Scan", "Parent Relationship": "Inner", "Scan Direction": "Forward", "Index Name": "info_type_pkey", "Relation Name": "info_type", "Alias": "it1", "Startup Cost": 0.0, "Total Cost": 0.27, "Plan Rows": 1, "Plan Width": 4, "Index Cond": "(id = mi.info_type_id)", "Filter": "((info)::text = 'genres'::text)"}]}, {"Node Type": "Index Scan", "Parent Relationship": "Inner", "Scan Direction": "Forward", "Index Name": "movie_id_movie_info_idx", "Relation Name": "movie_info_idx", "Alias": "mi_idx", "Startup Cost": 0.0, "Total Cost": 0.53, "Plan Rows": 2, "Plan Width": 13, "Index Cond": "(movie_id = mi.movie_id)"}]}, {"Node Type": "Index Scan", "Parent Relationship": "Inner", "Scan Direction": "Forward", "Index Name": "info_type_pkey", "Relation Name": "info_type", "Alias": "it2", "Startup Cost": 0.0, "Total Cost": 0.27, "Plan Rows": 1, "Plan Width": 4, "Index Cond": "(id = mi_idx.info_type_id)", "Filter": "((info)::text = 'votes'::text)"}]}, {"Node Type": "Index Scan", "Parent Relationship": "Inner", "Scan Direction": "Forward", "Index Name": "title_pkey", "Relation Name": "title", "Alias": "t", "Startup Cost": 0.0, "Total Cost": 0.4, "Plan Rows": 1, "Plan Width": 21, "Index Cond": "(id = mi_idx.movie_id)"}]}, {"Node Type": "Index Scan", "Parent Relationship": "Inner", "Scan Direction": "Forward", "Index Name": "movie_id_cast_info", "Relation Name": "cast_info", "Alias": "ci", "Startup Cost": 0.0, "Total Cost": 1.01, "Plan Rows": 1, "Plan Width": 8, "Index Cond": "(movie_id = t.id)", "Filter": "((note)::text = ANY ('{(writer),\"(head writer)\",\"(written by)\",(story),\"(story editor)\"}'::text[]))"}]}, {"Node Type": "Index Scan", "Parent Relationship": "Inner", "Scan Direction": "Forward", "Index Name": "name_pkey", "Relation Name": "name", "Alias": "n", "Startup Cost": 0.0, "Total Cost": 0.49, "Plan Rows": 1, "Plan Width": 4, "Index Cond": "(id = ci.person_id)", "Filter": "((gender)::text = 'm'::text)"}]}]}, "Unique SQL Id": 3913857139, "Planner Runtime": 21}, "explain_analyze_plan": {"Plan": {"Node Type": "Aggregate", "Strategy": "Plain", "Startup Cost": 131788.43, "Total Cost": 131788.44, "Plan Rows": 1, "Plan Width": 160, "Actual Min Startup Time": 11856.558, "Actual Max Startup Time": 11856.558, "Actual Min Total Time": 11856.559, "Actual Max Total Time": 11856.559, "Plans": [{"Node Type": "Nested Loop", "Parent Relationship": "Outer", "Join Type": "Inner", "Startup Cost": 0.0, "Total Cost": 131777.83, "Plan Rows": 1413, "Plan Width": 64, "Actual Min Startup Time": 149.676, "Actual Max Startup Time": 149.676, "Actual Min Total Time": 11813.958, "Actual Max Total Time": 11813.958, "Inner Unique": true, "Plans": [{"Node Type": "Nested Loop", "Parent Relationship": "Outer", "Join Type": "Inner", "Startup Cost": 0.0, "Total Cost": 131198.57, "Plan Rows": 1155, "Plan Width": 68, "Actual Min Startup Time": 147.948, "Actual Max Startup Time": 147.948, "Actual Min Total Time": 11403.434, "Actual Max Total Time": 11403.434, "Inner Unique": false, "Plans": [{"Node Type": "Nested Loop", "Parent Relationship": "Outer", "Join Type": "Inner", "Startup Cost": 0.0, "Total Cost": 130136.93, "Plan Rows": 1044, "Plan Width": 76, "Actual Min Startup Time": 147.374, "Actual Max Startup Time": 147.374, "Actual Min Total Time": 2889.092, "Actual Max Total Time": 2889.092, "Inner Unique": true, "Join Filter": "(mi.movie_id = t.id)", "Rows Removed by Join Filter": 0, "Plans": [{"Node Type": "Nested Loop", "Parent Relationship": "Outer", "Join Type": "Inner", "Startup Cost": 0.0, "Total Cost": 129708.74, "Plan Rows": 1044, "Plan Width": 55, "Actual Min Startup Time": 147.351, "Actual Max Startup Time": 147.351, "Actual Min Total Time": 2322.656, "Actual Max Total Time": 2322.656, "Inner Unique": true, "Plans": [{"Node Type": "Nested Loop", "Parent Relationship": "Outer", "Join Type": "Inner", "Startup Cost": 0.0, "Total Cost": 128529.27, "Plan Rows": 4175, "Plan Width": 59, "Actual Min Startup Time": 147.327, "Actual Max Startup Time": 147.327, "Actual Min Total Time": 1577.653, "Actual Max Total Time": 1577.653, "Inner Unique": false, "Plans": [{"Node Type": "Nested Loop", "Parent Relationship": "Outer", "Join Type": "Inner", "Startup Cost": 0.0, "Total Cost": 127041.22, "Plan Rows": 2717, "Plan Width": 46, "Actual Min Startup Time": 147.304, "Actual Max Startup Time": 147.304, "Actual Min Total Time": 727.45, "Actual Max Total Time": 727.45, "Inner Unique": true, "Plans": [{"Node Type": "Streaming(type: LOCAL GATHER dop: 1/64)", "Parent Relationship": "Outer", "Startup Cost": 0.0, "Total Cost": 73306.19, "Plan Rows": 190170, "Plan Width": 50, "Actual Min Startup Time": 127.276, "Actual Max Startup Time": 127.276, "Actual Min Total Time": 234.506, "Actual Max Total Time": 234.506, "Plans": [{"Node Type": "Seq Scan", "Parent Relationship": "Outer", "Relation Name": "movie_info", "Alias": "mi", "Startup Cost": 0.0, "Total Cost": 69383.01, "Plan Rows": 190170, "Plan Width": 50, "Actual Min Startup Time": 55.558, "Actual Max Startup Time": 140.942, "Actual Min Total Time": 109.789, "Actual Max Total Time": 160.471, "Filter": "((info)::text = ANY ('{Horror,Action,Sci-Fi,Thriller,Crime,War}'::text[]))", "Rows Removed by Filter": 14646748, "Actual Rows": 188971}], "Actual Rows": 188971}, {"Node Type": "Index Scan", "Parent Relationship": "Inner", "Scan Direction": "Forward", "Index Name": "info_type_pkey", "Relation Name": "info_type", "Alias": "it1", "Startup Cost": 0.0, "Total Cost": 0.27, "Plan Rows": 1, "Plan Width": 4, "Actual Min Startup Time": 334.854, "Actual Max Startup Time": 334.854, "Actual Min Total Time": 334.854, "Actual Max Total Time": 334.854, "Index Cond": "(id = mi.info_type_id)", "Rows Removed by Index Recheck": 0, "Filter": "((info)::text = 'genres'::text)", "Rows Removed by Filter": 2377, "Actual Rows": 186594}], "Actual Rows": 186594}, {"Node Type": "Index Scan", "Parent Relationship": "Inner", "Scan Direction": "Forward", "Index Name": "movie_id_movie_info_idx", "Relation Name": "movie_info_idx", "Alias": "mi_idx", "Startup Cost": 0.0, "Total Cost": 0.53, "Plan Rows": 2, "Plan Width": 13, "Actual Min Startup Time": 548.917, "Actual Max Startup Time": 548.917, "Actual Min Total Time": 675.018, "Actual Max Total Time": 675.018, "Index Cond": "(movie_id = mi.movie_id)", "Rows Removed by Index Recheck": 0, "Actual Rows": 307785}], "Actual Rows": 307785}, {"Node Type": "Index Scan", "Parent Relationship": "Inner", "Scan Direction": "Forward", "Index Name": "info_type_pkey", "Relation Name": "info_type", "Alias": "it2", "Startup Cost": 0.0, "Total Cost": 0.27, "Plan Rows": 1, "Plan Width": 4, "Actual Min Startup Time": 564.043, "Actual Max Startup Time": 564.043, "Actual Min Total Time": 564.043, "Actual Max Total Time": 564.043, "Index Cond": "(id = mi_idx.info_type_id)", "Rows Removed by Index Recheck": 0, "Filter": "((info)::text = 'votes'::text)", "Rows Removed by Filter": 205269, "Actual Rows": 102516}], "Actual Rows": 102516}, {"Node Type": "Index Scan", "Parent Relationship": "Inner", "Scan Direction": "Forward", "Index Name": "title_pkey", "Relation Name": "title", "Alias": "t", "Startup Cost": 0.0, "Total Cost": 0.4, "Plan Rows": 1, "Plan Width": 21, "Actual Min Startup Time": 445.747, "Actual Max Startup Time": 445.747, "Actual Min Total Time": 445.747, "Actual Max Total Time": 445.747, "Index Cond": "(id = mi_idx.movie_id)", "Rows Removed by Index Recheck": 0, "Actual Rows": 102516}], "Actual Rows": 102516}, {"Node Type": "Index Scan", "Parent Relationship": "Inner", "Scan Direction": "Forward", "Index Name": "movie_id_cast_info", "Relation Name": "cast_info", "Alias": "ci", "Startup Cost": 0.0, "Total Cost": 1.01, "Plan Rows": 1, "Plan Width": 8, "Actual Min Startup Time": 7183.647, "Actual Max Startup Time": 7183.647, "Actual Min Total Time": 8441.187, "Actual Max Total Time": 8441.187, "Index Cond": "(movie_id = t.id)", "Rows Removed by Index Recheck": 0, "Filter": "((note)::text = ANY ('{(writer),\"(head writer)\",\"(written by)\",(story),\"(story editor)\"}'::text[]))", "Rows Removed by Filter": 3987641, "Actual Rows": 54155}], "Actual Rows": 54155}, {"Node Type": "Index Scan", "Parent Relationship": "Inner", "Scan Direction": "Forward", "Index Name": "name_pkey", "Relation Name": "name", "Alias": "n", "Startup Cost": 0.0, "Total Cost": 0.49, "Plan Rows": 1, "Plan Width": 4, "Actual Min Startup Time": 363.695, "Actual Max Startup Time": 363.695, "Actual Min Total Time": 363.695, "Actual Max Total Time": 363.695, "Index Cond": "(id = ci.person_id)", "Rows Removed by Index Recheck": 0, "Filter": "((gender)::text = 'm'::text)", "Rows Removed by Filter": 26082, "Actual Rows": 28073}], "Actual Rows": 28073}], "Actual Rows": 1}, "Triggers": [], "Planner Runtime": 21, "Total Runtime": 11867.441, "Unique SQL Id": 3913857139}}, "(64, 93)": {"explain_plan": {"Plan": {"Node Type": "Aggregate", "Strategy": "Plain", "Startup Cost": 404251.85, "Total Cost": 404251.86, "Plan Rows": 1, "Plan Width": 160, "Plans": [{"Node Type": "Nested Loop", "Parent Relationship": "Outer", "Join Type": "Inner", "Startup Cost": 401042.42, "Total Cost": 404241.25, "Plan Rows": 1413, "Plan Width": 64, "Inner Unique": true, "Plans": [{"Node Type": "Nested Loop", "Parent Relationship": "Outer", "Join Type": "Inner", "Startup Cost": 401042.42, "Total Cost": 403661.99, "Plan Rows": 1155, "Plan Width": 68, "Inner Unique": false, "Plans": [{"Node Type": "Nested Loop", "Parent Relationship": "Outer", "Join Type": "Inner", "Startup Cost": 401042.42, "Total Cost": 402600.36, "Plan Rows": 1044, "Plan Width": 76, "Inner Unique": true, "Join Filter": "(mi.movie_id = t.id)", "Plans": [{"Node Type": "Merge Join", "Parent Relationship": "Outer", "Join Type": "Inner", "Startup Cost": 401042.42, "Total Cost": 402172.16, "Plan Rows": 1044, "Plan Width": 55, "Inner Unique": false, "Merge Cond": "(it1.id = mi.info_type_id)", "Plans": [{"Node Type": "Index Scan", "Parent Relationship": "Outer", "Scan Direction": "Forward", "Index Name": "info_type_pkey", "Relation Name": "info_type", "Alias": "it1", "Startup Cost": 0.0, "Total Cost": 14.21, "Plan Rows": 1, "Plan Width": 4, "Filter": "((info)::text = 'genres'::text)"}, {"Node Type": "Sort", "Parent Relationship": "Inner", "Startup Cost": 400980.09, "Total Cost": 401552.66, "Plan Rows": 229029, "Plan Width": 59, "Sort Key": ["mi.info_type_id"], "Plans": [{"Node Type": "Nested Loop", "Parent Relationship": "Outer", "Join Type": "Inner", "Startup Cost": 0.0, "Total Cost": 380590.58, "Plan Rows": 229029, "Plan Width": 59, "Inner Unique": false, "Plans": [{"Node Type": "Nested Loop", "Parent Relationship": "Outer", "Join Type": "Inner", "Startup Cost": 0.0, "Total Cost": 38338.2, "Plan Rows": 345008, "Plan Width": 9, "Inner Unique": false, "Plans": [{"Node Type": "Index Scan", "Parent Relationship": "Outer", "Scan Direction": "Forward", "Index Name": "info_type_pkey", "Relation Name": "info_type", "Alias": "it2", "Startup Cost": 0.0, "Total Cost": 14.21, "Plan Rows": 1, "Plan Width": 4, "Filter": "((info)::text = 'votes'::text)"}, {"Node Type": "Index Scan", "Parent Relationship": "Inner", "Scan Direction": "Forward", "Index Name": "info_type_id_movie_info_idx", "Relation Name": "movie_info_idx", "Alias": "mi_idx", "Startup Cost": 0.0, "Total Cost": 34873.91, "Plan Rows": 345008, "Plan Width": 13, "Index Cond": "(info_type_id = it2.id), (LLVM Optimized)"}]}, {"Node Type": "Index Scan", "Parent Relationship": "Inner", "Scan Direction": "Forward", "Index Name": "movie_id_movie_info", "Relation Name": "movie_info", "Alias": "mi", "Startup Cost": 0.0, "Total Cost": 0.98, "Plan Rows": 1, "Plan Width": 50, "Index Cond": "(movie_id = mi_idx.movie_id)", "Filter": "((info)::text = ANY ('{Horror,Action,Sci-Fi,Thriller,Crime,War}'::text[]))"}]}]}]}, {"Node Type": "Index Scan", "Parent Relationship": "Inner", "Scan Direction": "Forward", "Index Name": "title_pkey", "Relation Name": "title", "Alias": "t", "Startup Cost": 0.0, "Total Cost": 0.4, "Plan Rows": 1, "Plan Width": 21, "Index Cond": "(id = mi_idx.movie_id)"}]}, {"Node Type": "Index Scan", "Parent Relationship": "Inner", "Scan Direction": "Forward", "Index Name": "movie_id_cast_info", "Relation Name": "cast_info", "Alias": "ci", "Startup Cost": 0.0, "Total Cost": 1.01, "Plan Rows": 1, "Plan Width": 8, "Index Cond": "(movie_id = t.id)", "Filter": "((note)::text = ANY ('{(writer),\"(head writer)\",\"(written by)\",(story),\"(story editor)\"}'::text[]))"}]}, {"Node Type": "Index Scan", "Parent Relationship": "Inner", "Scan Direction": "Forward", "Index Name": "name_pkey", "Relation Name": "name", "Alias": "n", "Startup Cost": 0.0, "Total Cost": 0.49, "Plan Rows": 1, "Plan Width": 4, "Index Cond": "(id = ci.person_id)", "Filter": "((gender)::text = 'm'::text)"}]}]}, "Unique SQL Id": 3913857139, "Planner Runtime": 16}, "explain_analyze_plan": {"Plan": {"Node Type": "Aggregate", "Strategy": "Plain", "Startup Cost": 404251.85, "Total Cost": 404251.86, "Plan Rows": 1, "Plan Width": 160, "Actual Startup Time": 17987.074, "Actual Total Time": 17987.075, "Actual Rows": 1, "Actual Loops": 1, "Plans": [{"Node Type": "Nested Loop", "Parent Relationship": "Outer", "Join Type": "Inner", "Startup Cost": 401042.42, "Total Cost": 404241.25, "Plan Rows": 1413, "Plan Width": 64, "Actual Startup Time": 9186.078, "Actual Total Time": 17949.162, "Actual Rows": 28073, "Actual Loops": 1, "Inner Unique": true, "Plans": [{"Node Type": "Nested Loop", "Parent Relationship": "Outer", "Join Type": "Inner", "Startup Cost": 401042.42, "Total Cost": 403661.99, "Plan Rows": 1155, "Plan Width": 68, "Actual Startup Time": 9184.309, "Actual Total Time": 17569.304, "Actual Rows": 54155, "Actual Loops": 1, "Inner Unique": false, "Plans": [{"Node Type": "Nested Loop", "Parent Relationship": "Outer", "Join Type": "Inner", "Startup Cost": 401042.42, "Total Cost": 402600.36, "Plan Rows": 1044, "Plan Width": 76, "Actual Startup Time": 9182.45, "Actual Total Time": 9765.708, "Actual Rows": 102516, "Actual Loops": 1, "Inner Unique": true, "Join Filter": "(mi.movie_id = t.id)", "Rows Removed by Join Filter": 0, "Plans": [{"Node Type": "Merge Join", "Parent Relationship": "Outer", "Join Type": "Inner", "Startup Cost": 401042.42, "Total Cost": 402172.16, "Plan Rows": 1044, "Plan Width": 55, "Actual Startup Time": 9182.406, "Actual Total Time": 9234.956, "Actual Rows": 102516, "Actual Loops": 1, "Inner Unique": false, "Merge Cond": "(it1.id = mi.info_type_id)", "Plans": [{"Node Type": "Index Scan", "Parent Relationship": "Outer", "Scan Direction": "Forward", "Index Name": "info_type_pkey", "Relation Name": "info_type", "Alias": "it1", "Startup Cost": 0.0, "Total Cost": 14.21, "Plan Rows": 1, "Plan Width": 4, "Actual Startup Time": 0.024, "Actual Total Time": 0.084, "Actual Rows": 1, "Actual Loops": 1, "Filter": "((info)::text = 'genres'::text)", "Rows Removed by Filter": 111}, {"Node Type": "Sort", "Parent Relationship": "Inner", "Startup Cost": 400980.09, "Total Cost": 401552.66, "Plan Rows": 229029, "Plan Width": 59, "Actual Startup Time": 9182.375, "Actual Total Time": 9198.412, "Actual Rows": 102517, "Actual Loops": 1, "Sort Key": ["mi.info_type_id"], "Sort Method": "quicksort", "Sort Space Used": 12906, "Sort Space Type": "Memory", "Plans": [{"Node Type": "Nested Loop", "Parent Relationship": "Outer", "Join Type": "Inner", "Startup Cost": 0.0, "Total Cost": 380590.58, "Plan Rows": 229029, "Plan Width": 59, "Actual Startup Time": 0.747, "Actual Total Time": 9132.967, "Actual Rows": 104892, "Actual Loops": 1, "Inner Unique": false, "Plans": [{"Node Type": "Nested Loop", "Parent Relationship": "Outer", "Join Type": "Inner", "Startup Cost": 0.0, "Total Cost": 38338.2, "Plan Rows": 345008, "Plan Width": 9, "Actual Startup Time": 0.072, "Actual Total Time": 389.659, "Actual Rows": 459925, "Actual Loops": 1, "Inner Unique": false, "Plans": [{"Node Type": "Index Scan", "Parent Relationship": "Outer", "Scan Direction": "Forward", "Index Name": "info_type_pkey", "Relation Name": "info_type", "Alias": "it2", "Startup Cost": 0.0, "Total Cost": 14.21, "Plan Rows": 1, "Plan Width": 4, "Actual Startup Time": 0.055, "Actual Total Time": 0.067, "Actual Rows": 1, "Actual Loops": 1, "Filter": "((info)::text = 'votes'::text)", "Rows Removed by Filter": 111}, {"Node Type": "Index Scan", "Parent Relationship": "Inner", "Scan Direction": "Forward", "Index Name": "info_type_id_movie_info_idx", "Relation Name": "movie_info_idx", "Alias": "mi_idx", "Startup Cost": 0.0, "Total Cost": 34873.91, "Plan Rows": 345008, "Plan Width": 13, "Actual Startup Time": 0.014, "Actual Total Time": 286.493, "Actual Rows": 459925, "Actual Loops": 1, "Index Cond": "(info_type_id = it2.id), (LLVM Optimized, Jit Execute)", "Rows Removed by Index Recheck": 0}]}, {"Node Type": "Index Scan", "Parent Relationship": "Inner", "Scan Direction": "Forward", "Index Name": "movie_id_movie_info", "Relation Name": "movie_info", "Alias": "mi", "Startup Cost": 0.0, "Total Cost": 0.98, "Plan Rows": 1, "Plan Width": 50, "Actual Startup Time": 8326.318, "Actual Total Time": 8481.837, "Actual Rows": 104892, "Actual Loops": 459925, "Index Cond": "(movie_id = mi_idx.movie_id)", "Rows Removed by Index Recheck": 0, "Filter": "((info)::text = ANY ('{Horror,Action,Sci-Fi,Thriller,Crime,War}'::text[]))", "Rows Removed by Filter": 6825442}]}]}]}, {"Node Type": "Index Scan", "Parent Relationship": "Inner", "Scan Direction": "Forward", "Index Name": "title_pkey", "Relation Name": "title", "Alias": "t", "Startup Cost": 0.0, "Total Cost": 0.4, "Plan Rows": 1, "Plan Width": 21, "Actual Startup Time": 422.806, "Actual Total Time": 422.806, "Actual Rows": 102516, "Actual Loops": 102516, "Index Cond": "(id = mi_idx.movie_id)", "Rows Removed by Index Recheck": 0}]}, {"Node Type": "Index Scan", "Parent Relationship": "Inner", "Scan Direction": "Forward", "Index Name": "movie_id_cast_info", "Relation Name": "cast_info", "Alias": "ci", "Startup Cost": 0.0, "Total Cost": 1.01, "Plan Rows": 1, "Plan Width": 8, "Actual Startup Time": 6592.462, "Actual Total Time": 7733.352, "Actual Rows": 54155, "Actual Loops": 102516, "Index Cond": "(movie_id = t.id)", "Rows Removed by Index Recheck": 0, "Filter": "((note)::text = ANY ('{(writer),\"(head writer)\",\"(written by)\",(story),\"(story editor)\"}'::text[]))", "Rows Removed by Filter": 3987641}]}, {"Node Type": "Index Scan", "Parent Relationship": "Inner", "Scan Direction": "Forward", "Index Name": "name_pkey", "Relation Name": "name", "Alias": "n", "Startup Cost": 0.0, "Total Cost": 0.49, "Plan Rows": 1, "Plan Width": 4, "Actual Startup Time": 335.016, "Actual Total Time": 335.016, "Actual Rows": 28073, "Actual Loops": 54155, "Index Cond": "(id = ci.person_id)", "Rows Removed by Index Recheck": 0, "Filter": "((gender)::text = 'm'::text)", "Rows Removed by Filter": 26082}]}]}, "Triggers": [], "Planner Runtime": 16, "Total Runtime": 17995.962, "Unique SQL Id": 3913857139}}, "(64, 94)": {"explain_plan": {"Plan": {"Node Type": "Aggregate", "Strategy": "Plain", "Startup Cost": 1237706824399.26, "Total Cost": 1237706824399.27, "Plan Rows": 1, "Plan Width": 160, "Plans": [{"Node Type": "Merge Join", "Parent Relationship": "Outer", "Join Type": "Inner", "Startup Cost": 273198547386.55, "Total Cost": 1237706824388.66, "Plan Rows": 1413, "Plan Width": 64, "Inner Unique": false, "Merge Cond": "(n.id = ci.person_id)", "Plans": [{"Node Type": "Index Scan", "Parent Relationship": "Outer", "Scan Direction": "Forward", "Index Name": "name_pkey", "Relation Name": "name", "Alias": "n", "Startup Cost": 10000000000.0, "Total Cost": 1000018665147.2, "Plan Rows": 1740714, "Plan Width": 4, "Filter": "((gender)::text = 'm'::text), (LLVM Optimized)"}, {"Node Type": "Sort", "Parent Relationship": "Inner", "Startup Cost": 263198547386.55, "Total Cost": 263198547389.44, "Plan Rows": 1155, "Plan Width": 68, "Sort Key": ["ci.person_id"], "Plans": [{"Node Type": "Merge Join", "Parent Relationship": "Outer", "Join Type": "Inner", "Startup Cost": 110005305318.53, "Total Cost": 263198547327.8, "Plan Rows": 1155, "Plan Width": 68, "Inner Unique": false, "Merge Cond": "(t.id = mi.movie_id)", "Plans": [{"Node Type": "Nested Loop", "Parent Relationship": "Outer", "Join Type": "Inner", "Startup Cost": 10000532050.8, "Total Cost": 163306228208.09, "Plan Rows": 381713, "Plan Width": 38, "Inner Unique": false, "Join Filter": "(t.id = ci.movie_id), (LLVM Optimized)", "Plans": [{"Node Type": "Merge Join", "Parent Relationship": "Outer", "Join Type": "Inner", "Startup Cost": 532050.8, "Total Cost": 549855.61, "Plan Rows": 345008, "Plan Width": 30, "Inner Unique": true, "Merge Cond": "(mi_idx.movie_id = t.id)", "Plans": [{"Node Type": "Sort", "Parent Relationship": "Outer", "Startup Cost": 203099.06, "Total Cost": 203961.58, "Plan Rows": 345008, "Plan Width": 9, "Sort Key": ["mi_idx.movie_id"], "Plans": [{"Node Type": "Merge Join", "Parent Relationship": "Outer", "Join Type": "Inner", "Startup Cost": 161014.5, "Total Cost": 171364.75, "Plan Rows": 345008, "Plan Width": 9, "Inner Unique": false, "Merge Cond": "(it2.id = mi_idx.info_type_id)", "Plans": [{"Node Type": "Sort", "Parent Relationship": "Outer", "Startup Cost": 2.41, "Total Cost": 2.42, "Plan Rows": 1, "Plan Width": 4, "Sort Key": ["it2.id"], "Plans": [{"Node Type": "Seq Scan", "Parent Relationship": "Outer", "Relation Name": "info_type", "Alias": "it2", "Startup Cost": 0.0, "Total Cost": 2.4, "Plan Rows": 1, "Plan Width": 4, "Filter": "((info)::text = 'votes'::text)"}]}, {"Node Type": "Sort", "Parent Relationship": "Inner", "Startup Cost": 161012.09, "Total Cost": 164462.17, "Plan Rows": 1380034, "Plan Width": 13, "Sort Key": ["mi_idx.info_type_id"], "Plans": [{"Node Type": "Seq Scan", "Parent Relationship": "Outer", "Relation Name": "movie_info_idx", "Alias": "mi_idx", "Startup Cost": 0.0, "Total Cost": 20274.34, "Plan Rows": 1380034, "Plan Width": 13}]}]}]}, {"Node Type": "Sort", "Parent Relationship": "Inner", "Startup Cost": 328951.73, "Total Cost": 335272.51, "Plan Rows": 2528311, "Plan Width": 21, "Sort Key": ["t.id"], "Plans": [{"Node Type": "Seq Scan", "Parent Relationship": "Outer", "Relation Name": "title", "Alias": "t", "Startup Cost": 0.0, "Total Cost": 60069.11, "Plan Rows": 2528311, "Plan Width": 21}]}]}, {"Node Type": "Materialize", "Parent Relationship": "Inner", "Startup Cost": 0.0, "Total Cost": 107294.6, "Plan Rows": 1223154, "Plan Width": 8, "Plans": [{"Node Type": "Streaming(type: LOCAL GATHER dop: 1/64)", "Parent Relationship": "Outer", "Startup Cost": 0.0, "Total Cost": 101178.83, "Plan Rows": 1223154, "Plan Width": 8, "Plans": [{"Node Type": "Seq Scan", "Parent Relationship": "Outer", "Relation Name": "cast_info", "Alias": "ci", "Startup Cost": 0.0, "Total Cost": 75945.31, "Plan Rows": 1223154, "Plan Width": 8, "Filter": "((note)::text = ANY ('{(writer),\"(head writer)\",\"(written by)\",(story),\"(story editor)\"}'::text[]))"}]}]}]}, {"Node Type": "Sort", "Parent Relationship": "Inner", "Startup Cost": 100000757012.14, "Total Cost": 100000757018.93, "Plan Rows": 2717, "Plan Width": 46, "Sort Key": ["mi.movie_id"], "Plans": [{"Node Type": "Nested Loop", "Parent Relationship": "Outer", "Join Type": "Inner", "Startup Cost": 10000000000.0, "Total Cost": 100000756857.16, "Plan Rows": 2717, "Plan Width": 46, "Inner Unique": false, "Join Filter": "(it1.id = mi.info_type_id)", "Plans": [{"Node Type": "Seq Scan", "Parent Relationship": "Outer", "Relation Name": "info_type", "Alias": "it1", "Startup Cost": 0.0, "Total Cost": 2.4, "Plan Rows": 1, "Plan Width": 4, "Filter": "((info)::text = 'genres'::text)"}, {"Node Type": "Materialize", "Parent Relationship": "Inner", "Startup Cost": 0.0, "Total Cost": 73781.62, "Plan Rows": 190170, "Plan Width": 50, "Plans": [{"Node Type": "Streaming(type: LOCAL GATHER dop: 1/64)", "Parent Relationship": "Outer", "Startup Cost": 0.0, "Total Cost": 73306.19, "Plan Rows": 190170, "Plan Width": 50, "Plans": [{"Node Type": "Seq Scan", "Parent Relationship": "Outer", "Relation Name": "movie_info", "Alias": "mi", "Startup Cost": 0.0, "Total Cost": 69383.01, "Plan Rows": 190170, "Plan Width": 50, "Filter": "((info)::text = ANY ('{Horror,Action,Sci-Fi,Thriller,Crime,War}'::text[]))"}]}]}]}]}]}]}]}]}, "Unique SQL Id": 3913857139, "Planner Runtime": 52}, "explain_analyze_plan": null}, "(64, 95)": {"explain_plan": {"Plan": {"Node Type": "Aggregate", "Strategy": "Plain", "Startup Cost": 6972220946043.58, "Total Cost": 6972220946043.59, "Plan Rows": 1, "Plan Width": 160, "Plans": [{"Node Type": "Merge Join", "Parent Relationship": "Outer", "Join Type": "Inner", "Startup Cost": 5982220944123.28, "Total Cost": 6972220946032.99, "Plan Rows": 1413, "Plan Width": 64, "Inner Unique": true, "Merge Cond": "(mi.info_type_id = it1.id)", "Plans": [{"Node Type": "Sort", "Parent Relationship": "Outer", "Startup Cost": 5972220944096.37, "Total Cost": 5972220944343.58, "Plan Rows": 98885, "Plan Width": 68, "Sort Key": ["mi.info_type_id"], "Plans": [{"Node Type": "Merge Join", "Parent Relationship": "Outer", "Join Type": "Inner", "Startup Cost": 3994673638411.73, "Total Cost": 5972220935892.14, "Plan Rows": 98885, "Plan Width": 68, "Inner Unique": false, "Merge Cond": "(t.id = mi_idx.movie_id)", "Plans": [{"Node Type": "Merge Join", "Parent Relationship": "Outer", "Join Type": "Inner", "Startup Cost": 20024668916.98, "Total Cost": 1999424688065.12, "Plan Rows": 190170, "Plan Width": 71, "Inner Unique": true, "Merge Cond": "(mi.movie_id = t.id)", "Plans": [{"Node Type": "Index Scan", "Parent Relationship": "Outer", "Scan Direction": "Forward", "Index Name": "movie_id_movie_info", "Relation Name": "movie_info", "Alias": "mi", "Startup Cost": 10000000000.0, "Total Cost": 1000114969386.72, "Plan Rows": 190170, "Plan Width": 50, "Filter": "((info)::text = ANY ('{Horror,Action,Sci-Fi,Thriller,Crime,War}'::text[]))"}, {"Node Type": "Index Scan", "Parent Relationship": "Inner", "Scan Direction": "Forward", "Index Name": "title_pkey", "Relation Name": "title", "Alias": "t", "Startup Cost": 10000000000.0, "Total Cost": 1000011012048.91, "Plan Rows": 2528311, "Plan Width": 21}]}, {"Node Type": "Sort", "Parent Relationship": "Inner", "Startup Cost": 3974648969494.74, "Total Cost": 3974648970662.15, "Plan Rows": 466965, "Plan Width": 13, "Sort Key": ["ci.movie_id"], "Plans": [{"Node Type": "Merge Join", "Parent Relationship": "Outer", "Join Type": "Inner", "Startup Cost": 3010140641964.01, "Total Cost": 3974648925523.08, "Plan Rows": 466965, "Plan Width": 13, "Inner Unique": true, "Merge Cond": "(ci.person_id = n.id)", "Plans": [{"Node Type": "Sort", "Parent Relationship": "Outer", "Startup Cost": 3000140641963.95, "Total Cost": 3000140642918.23, "Plan Rows": 381713, "Plan Width": 17, "Sort Key": ["ci.person_id"], "Plans": [{"Node Type": "Merge Join", "Parent Relationship": "Outer", "Join Type": "Inner", "Startup Cost": 2010001865471.59, "Total Cost": 3000140606575.09, "Plan Rows": 381713, "Plan Width": 17, "Inner Unique": false, "Merge Cond": "(ci.movie_id = mi_idx.movie_id)", "Plans": [{"Node Type": "Index Scan", "Parent Relationship": "Outer", "Scan Direction": "Forward", "Index Name": "movie_id_cast_info", "Relation Name": "cast_info", "Alias": "ci", "Startup Cost": 10000000000.0, "Total Cost": 1000228594573.05, "Plan Rows": 1223154, "Plan Width": 8, "Filter": "((note)::text = ANY ('{(writer),\"(head writer)\",\"(written by)\",(story),\"(story editor)\"}'::text[]))"}, {"Node Type": "Sort", "Parent Relationship": "Inner", "Startup Cost": 2000001865471.58, "Total Cost": 2000001866334.1, "Plan Rows": 345008, "Plan Width": 9, "Sort Key": ["mi_idx.movie_id"], "Plans": [{"Node Type": "Nested Loop", "Parent Relationship": "Outer", "Join Type": "Inner", "Startup Cost": 20000007502.06, "Total Cost": 2000001833737.28, "Plan Rows": 345008, "Plan Width": 9, "Inner Unique": false, "Plans": [{"Node Type": "Index Scan", "Parent Relationship": "Outer", "Scan Direction": "Forward", "Index Name": "info_type_pkey", "Relation Name": "info_type", "Alias": "it2", "Startup Cost": 10000000000.0, "Total Cost": 1000000001421.0, "Plan Rows": 1, "Plan Width": 4, "Filter": "((info)::text = 'votes'::text)"}, {"Node Type": "Bitmap Heap Scan", "Parent Relationship": "Inner", "Relation Name": "movie_info_idx", "Alias": "mi_idx", "Startup Cost": 10000007502.06, "Total Cost": 1000001828866.2, "Plan Rows": 345008, "Plan Width": 13, "Recheck Cond": "(info_type_id = it2.id), (LLVM Optimized)", "Plans": [{"Node Type": "Bitmap Index Scan", "Parent Relationship": "Outer", "Index Name": "info_type_id_movie_info_idx", "Startup Cost": 0.0, "Total Cost": 7415.81, "Plan Rows": 345008, "Plan Width": 0, "Index Cond": "(info_type_id = it2.id)"}]}]}]}]}]}, {"Node Type": "Index Scan", "Parent Relationship": "Inner", "Scan Direction": "Forward", "Index Name": "name_pkey", "Relation Name": "name", "Alias": "n", "Startup Cost": 10000000000.0, "Total Cost": 1000018665147.2, "Plan Rows": 1740714, "Plan Width": 4, "Filter": "((gender)::text = 'm'::text), (LLVM Optimized)"}]}]}]}]}, {"Node Type": "Materialize", "Parent Relationship": "Inner", "Startup Cost": 10000000000.0, "Total Cost": 1000000001421.0, "Plan Rows": 1, "Plan Width": 4, "Plans": [{"Node Type": "Index Scan", "Parent Relationship": "Outer", "Scan Direction": "Forward", "Index Name": "info_type_pkey", "Relation Name": "info_type", "Alias": "it1", "Startup Cost": 10000000000.0, "Total Cost": 1000000001421.0, "Plan Rows": 1, "Plan Width": 4, "Filter": "((info)::text = 'genres'::text)"}]}]}]}, "Unique SQL Id": 3913857139, "Planner Runtime": 99}, "explain_analyze_plan": null}, "(64, 96)": {"explain_plan": {"Plan": {"Node Type": "Aggregate", "Strategy": "Plain", "Startup Cost": 77639.97, "Total Cost": 77639.98, "Plan Rows": 1, "Plan Width": 160, "Plans": [{"Node Type": "Nested Loop", "Parent Relationship": "Outer", "Join Type": "Inner", "Startup Cost": 4.83, "Total Cost": 77629.37, "Plan Rows": 1413, "Plan Width": 64, "Inner Unique": true, "Plans": [{"Node Type": "Nested Loop", "Parent Relationship": "Outer", "Join Type": "Inner", "Startup Cost": 4.83, "Total Cost": 77050.1, "Plan Rows": 1155, "Plan Width": 68, "Inner Unique": false, "Plans": [{"Node Type": "Nested Loop", "Parent Relationship": "Outer", "Join Type": "Inner", "Startup Cost": 4.83, "Total Cost": 75988.47, "Plan Rows": 1044, "Plan Width": 76, "Inner Unique": true, "Join Filter": "(mi.movie_id = t.id)", "Plans": [{"Node Type": "Hash Join", "Parent Relationship": "Outer", "Join Type": "Inner", "Startup Cost": 4.83, "Total Cost": 75560.28, "Plan Rows": 1044, "Plan Width": 55, "Inner Unique": true, "Hash Cond": "(mi_idx.info_type_id = it2.id)", "Plans": [{"Node Type": "Nested Loop", "Parent Relationship": "Outer", "Join Type": "Inner", "Startup Cost": 2.41, "Total Cost": 75536.96, "Plan Rows": 4175, "Plan Width": 59, "Inner Unique": false, "Plans": [{"Node Type": "Hash Join", "Parent Relationship": "Outer", "Join Type": "Inner", "Startup Cost": 2.41, "Total Cost": 74048.91, "Plan Rows": 2717, "Plan Width": 46, "Inner Unique": true, "Hash Cond": "(mi.info_type_id = it1.id)", "Plans": [{"Node Type": "Streaming(type: LOCAL GATHER dop: 1/64)", "Parent Relationship": "Outer", "Startup Cost": 0.0, "Total Cost": 73306.19, "Plan Rows": 190170, "Plan Width": 50, "Plans": [{"Node Type": "Seq Scan", "Parent Relationship": "Outer", "Relation Name": "movie_info", "Alias": "mi", "Startup Cost": 0.0, "Total Cost": 69383.01, "Plan Rows": 190170, "Plan Width": 50, "Filter": "((info)::text = ANY ('{Horror,Action,Sci-Fi,Thriller,Crime,War}'::text[]))"}]}, {"Node Type": "Hash", "Parent Relationship": "Inner", "Startup Cost": 2.4, "Total Cost": 2.4, "Plan Rows": 1, "Plan Width": 4, "Plans": [{"Node Type": "Seq Scan", "Parent Relationship": "Outer", "Relation Name": "info_type", "Alias": "it1", "Startup Cost": 0.0, "Total Cost": 2.4, "Plan Rows": 1, "Plan Width": 4, "Filter": "((info)::text = 'genres'::text)"}]}]}, {"Node Type": "Index Scan", "Parent Relationship": "Inner", "Scan Direction": "Forward", "Index Name": "movie_id_movie_info_idx", "Relation Name": "movie_info_idx", "Alias": "mi_idx", "Startup Cost": 0.0, "Total Cost": 0.53, "Plan Rows": 2, "Plan Width": 13, "Index Cond": "(movie_id = mi.movie_id)"}]}, {"Node Type": "Hash", "Parent Relationship": "Inner", "Startup Cost": 2.4, "Total Cost": 2.4, "Plan Rows": 1, "Plan Width": 4, "Plans": [{"Node Type": "Seq Scan", "Parent Relationship": "Outer", "Relation Name": "info_type", "Alias": "it2", "Startup Cost": 0.0, "Total Cost": 2.4, "Plan Rows": 1, "Plan Width": 4, "Filter": "((info)::text = 'votes'::text)"}]}]}, {"Node Type": "Index Scan", "Parent Relationship": "Inner", "Scan Direction": "Forward", "Index Name": "title_pkey", "Relation Name": "title", "Alias": "t", "Startup Cost": 0.0, "Total Cost": 0.4, "Plan Rows": 1, "Plan Width": 21, "Index Cond": "(id = mi_idx.movie_id)"}]}, {"Node Type": "Index Scan", "Parent Relationship": "Inner", "Scan Direction": "Forward", "Index Name": "movie_id_cast_info", "Relation Name": "cast_info", "Alias": "ci", "Startup Cost": 0.0, "Total Cost": 1.01, "Plan Rows": 1, "Plan Width": 8, "Index Cond": "(movie_id = t.id)", "Filter": "((note)::text = ANY ('{(writer),\"(head writer)\",\"(written by)\",(story),\"(story editor)\"}'::text[]))"}]}, {"Node Type": "Index Scan", "Parent Relationship": "Inner", "Scan Direction": "Forward", "Index Name": "name_pkey", "Relation Name": "name", "Alias": "n", "Startup Cost": 0.0, "Total Cost": 0.49, "Plan Rows": 1, "Plan Width": 4, "Index Cond": "(id = ci.person_id)", "Filter": "((gender)::text = 'm'::text)"}]}]}, "Unique SQL Id": 3913857139, "Planner Runtime": 45}, "explain_analyze_plan": {"Plan": {"Node Type": "Aggregate", "Strategy": "Plain", "Startup Cost": 77639.97, "Total Cost": 77639.98, "Plan Rows": 1, "Plan Width": 160, "Actual Min Startup Time": 10259.092, "Actual Max Startup Time": 10259.092, "Actual Min Total Time": 10259.093, "Actual Max Total Time": 10259.093, "Plans": [{"Node Type": "Nested Loop", "Parent Relationship": "Outer", "Join Type": "Inner", "Startup Cost": 4.83, "Total Cost": 77629.37, "Plan Rows": 1413, "Plan Width": 64, "Actual Min Startup Time": 156.083, "Actual Max Startup Time": 156.083, "Actual Min Total Time": 10216.404, "Actual Max Total Time": 10216.404, "Inner Unique": true, "Plans": [{"Node Type": "Nested Loop", "Parent Relationship": "Outer", "Join Type": "Inner", "Startup Cost": 4.83, "Total Cost": 77050.1, "Plan Rows": 1155, "Plan Width": 68, "Actual Min Startup Time": 156.042, "Actual Max Startup Time": 156.042, "Actual Min Total Time": 9827.634, "Actual Max Total Time": 9827.634, "Inner Unique": false, "Plans": [{"Node Type": "Nested Loop", "Parent Relationship": "Outer", "Join Type": "Inner", "Startup Cost": 4.83, "Total Cost": 75988.47, "Plan Rows": 1044, "Plan Width": 76, "Actual Min Startup Time": 155.915, "Actual Max Startup Time": 155.915, "Actual Min Total Time": 1805.705, "Actual Max Total Time": 1805.705, "Inner Unique": true, "Join Filter": "(mi.movie_id = t.id)", "Rows Removed by Join Filter": 0, "Plans": [{"Node Type": "Hash Join", "Parent Relationship": "Outer", "Join Type": "Inner", "Startup Cost": 4.83, "Total Cost": 75560.28, "Plan Rows": 1044, "Plan Width": 55, "Actual Min Startup Time": 155.892, "Actual Max Startup Time": 155.892, "Actual Min Total Time": 1270.945, "Actual Max Total Time": 1270.945, "Inner Unique": true, "Hash Cond": "(mi_idx.info_type_id = it2.id)", "Plans": [{"Node Type": "Nested Loop", "Parent Relationship": "Outer", "Join Type": "Inner", "Startup Cost": 2.41, "Total Cost": 75536.96, "Plan Rows": 4175, "Plan Width": 59, "Actual Min Startup Time": 155.737, "Actual Max Startup Time": 155.737, "Actual Min Total Time": 1174.776, "Actual Max Total Time": 1174.776, "Inner Unique": false, "Plans": [{"Node Type": "Hash Join", "Parent Relationship": "Outer", "Join Type": "Inner", "Startup Cost": 2.41, "Total Cost": 74048.91, "Plan Rows": 2717, "Plan Width": 46, "Actual Min Startup Time": 155.684, "Actual Max Startup Time": 155.684, "Actual Min Total Time": 356.203, "Actual Max Total Time": 356.203, "Inner Unique": true, "Hash Cond": "(mi.info_type_id = it1.id)", "Plans": [{"Node Type": "Streaming(type: LOCAL GATHER dop: 1/64)", "Parent Relationship": "Outer", "Startup Cost": 0.0, "Total Cost": 73306.19, "Plan Rows": 190170, "Plan Width": 50, "Actual Min Startup Time": 136.808, "Actual Max Startup Time": 136.808, "Actual Min Total Time": 246.814, "Actual Max Total Time": 246.814, "Plans": [{"Node Type": "Seq Scan", "Parent Relationship": "Outer", "Relation Name": "movie_info", "Alias": "mi", "Startup Cost": 0.0, "Total Cost": 69383.01, "Plan Rows": 190170, "Plan Width": 50, "Actual Min Startup Time": 63.231, "Actual Max Startup Time": 142.443, "Actual Min Total Time": 110.322, "Actual Max Total Time": 163.069, "Filter": "((info)::text = ANY ('{Horror,Action,Sci-Fi,Thriller,Crime,War}'::text[]))", "Rows Removed by Filter": 14646748, "Actual Rows": 188971}], "Actual Rows": 188971}, {"Node Type": "Hash", "Parent Relationship": "Inner", "Startup Cost": 2.4, "Total Cost": 2.4, "Plan Rows": 1, "Plan Width": 4, "Actual Min Startup Time": 0.056, "Actual Max Startup Time": 0.056, "Actual Min Total Time": 0.056, "Actual Max Total Time": 0.056, "Max Hash Buckets": 32768, "Min Hash Buckets": 32768, "Max Hash Batches": 1, "Min Hash Batches": 1, "Max Original Hash Batches": 1, "Min Original Hash Batches": 1, "Max Peak Memory Usage": 1, "min Peak Memory Usage": 1, "Plans": [{"Node Type": "Seq Scan", "Parent Relationship": "Outer", "Relation Name": "info_type", "Alias": "it1", "Startup Cost": 0.0, "Total Cost": 2.4, "Plan Rows": 1, "Plan Width": 4, "Actual Min Startup Time": 0.028, "Actual Max Startup Time": 0.028, "Actual Min Total Time": 0.05, "Actual Max Total Time": 0.05, "Filter": "((info)::text = 'genres'::text)", "Rows Removed by Filter": 111, "Actual Rows": 1}], "Actual Rows": 1}], "Actual Rows": 186594}, {"Node Type": "Index Scan", "Parent Relationship": "Inner", "Scan Direction": "Forward", "Index Name": "movie_id_movie_info_idx", "Relation Name": "movie_info_idx", "Alias": "mi_idx", "Startup Cost": 0.0, "Total Cost": 0.53, "Plan Rows": 2, "Plan Width": 13, "Actual Min Startup Time": 530.603, "Actual Max Startup Time": 530.603, "Actual Min Total Time": 647.551, "Actual Max Total Time": 647.551, "Index Cond": "(movie_id = mi.movie_id)", "Rows Removed by Index Recheck": 0, "Actual Rows": 307785}], "Actual Rows": 307785}, {"Node Type": "Hash", "Parent Relationship": "Inner", "Startup Cost": 2.4, "Total Cost": 2.4, "Plan Rows": 1, "Plan Width": 4, "Actual Min Startup Time": 0.09, "Actual Max Startup Time": 0.09, "Actual Min Total Time": 0.09, "Actual Max Total Time": 0.09, "Max Hash Buckets": 32768, "Min Hash Buckets": 32768, "Max Hash Batches": 1, "Min Hash Batches": 1, "Max Original Hash Batches": 1, "Min Original Hash Batches": 1, "Max Peak Memory Usage": 1, "min Peak Memory Usage": 1, "Plans": [{"Node Type": "Seq Scan", "Parent Relationship": "Outer", "Relation Name": "info_type", "Alias": "it2", "Startup Cost": 0.0, "Total Cost": 2.4, "Plan Rows": 1, "Plan Width": 4, "Actual Min Startup Time": 0.075, "Actual Max Startup Time": 0.075, "Actual Min Total Time": 0.08, "Actual Max Total Time": 0.08, "Filter": "((info)::text = 'votes'::text)", "Rows Removed by Filter": 111, "Actual Rows": 1}], "Actual Rows": 1}], "Actual Rows": 102516}, {"Node Type": "Index Scan", "Parent Relationship": "Inner", "Scan Direction": "Forward", "Index Name": "title_pkey", "Relation Name": "title", "Alias": "t", "Startup Cost": 0.0, "Total Cost": 0.4, "Plan Rows": 1, "Plan Width": 21, "Actual Min Startup Time": 424.957, "Actual Max Startup Time": 424.957, "Actual Min Total Time": 424.957, "Actual Max Total Time": 424.957, "Index Cond": "(id = mi_idx.movie_id)", "Rows Removed by Index Recheck": 0, "Actual Rows": 102516}], "Actual Rows": 102516}, {"Node Type": "Index Scan", "Parent Relationship": "Inner", "Scan Direction": "Forward", "Index Name": "movie_id_cast_info", "Relation Name": "cast_info", "Alias": "ci", "Startup Cost": 0.0, "Total Cost": 1.01, "Plan Rows": 1, "Plan Width": 8, "Actual Min Startup Time": 6776.626, "Actual Max Startup Time": 6776.626, "Actual Min Total Time": 7948.601, "Actual Max Total Time": 7948.601, "Index Cond": "(movie_id = t.id)", "Rows Removed by Index Recheck": 0, "Filter": "((note)::text = ANY ('{(writer),\"(head writer)\",\"(written by)\",(story),\"(story editor)\"}'::text[]))", "Rows Removed by Filter": 3987641, "Actual Rows": 54155}], "Actual Rows": 54155}, {"Node Type": "Index Scan", "Parent Relationship": "Inner", "Scan Direction": "Forward", "Index Name": "name_pkey", "Relation Name": "name", "Alias": "n", "Startup Cost": 0.0, "Total Cost": 0.49, "Plan Rows": 1, "Plan Width": 4, "Actual Min Startup Time": 341.205, "Actual Max Startup Time": 341.205, "Actual Min Total Time": 341.205, "Actual Max Total Time": 341.205, "Index Cond": "(id = ci.person_id)", "Rows Removed by Index Recheck": 0, "Filter": "((gender)::text = 'm'::text)", "Rows Removed by Filter": 26082, "Actual Rows": 28073}], "Actual Rows": 28073}], "Actual Rows": 1}, "Triggers": [], "Planner Runtime": 47, "Total Runtime": 10270.15, "Unique SQL Id": 3913857139}}, "(64, 97)": {"explain_plan": {"Plan": {"Node Type": "Aggregate", "Strategy": "Plain", "Startup Cost": 169731.13, "Total Cost": 169731.14, "Plan Rows": 1, "Plan Width": 160, "Plans": [{"Node Type": "Nested Loop", "Parent Relationship": "Outer", "Join Type": "Inner", "Startup Cost": 4842.14, "Total Cost": 169720.53, "Plan Rows": 1413, "Plan Width": 64, "Inner Unique": true, "Plans": [{"Node Type": "Nested Loop", "Parent Relationship": "Outer", "Join Type": "Inner", "Startup Cost": 4842.14, "Total Cost": 169141.26, "Plan Rows": 1155, "Plan Width": 68, "Inner Unique": false, "Plans": [{"Node Type": "Nested Loop", "Parent Relationship": "Outer", "Join Type": "Inner", "Startup Cost": 4842.14, "Total Cost": 168079.63, "Plan Rows": 1044, "Plan Width": 76, "Inner Unique": true, "Join Filter": "(mi.movie_id = t.id)", "Plans": [{"Node Type": "Nested Loop", "Parent Relationship": "Outer", "Join Type": "Inner", "Startup Cost": 4842.14, "Total Cost": 167651.44, "Plan Rows": 1044, "Plan Width": 55, "Inner Unique": true, "Plans": [{"Node Type": "Nested Loop", "Parent Relationship": "Outer", "Join Type": "Inner", "Startup Cost": 4842.14, "Total Cost": 166471.96, "Plan Rows": 4175, "Plan Width": 59, "Inner Unique": false, "Plans": [{"Node Type": "Nested Loop", "Parent Relationship": "Outer", "Join Type": "Inner", "Startup Cost": 4842.14, "Total Cost": 164983.91, "Plan Rows": 2717, "Plan Width": 46, "Inner Unique": false, "Plans": [{"Node Type": "Index Scan", "Parent Relationship": "Outer", "Scan Direction": "Forward", "Index Name": "info_type_pkey", "Relation Name": "info_type", "Alias": "it1", "Startup Cost": 0.0, "Total Cost": 14.21, "Plan Rows": 1, "Plan Width": 4, "Filter": "((info)::text = 'genres'::text)"}, {"Node Type": "Bitmap Heap Scan", "Parent Relationship": "Inner", "Relation Name": "movie_info", "Alias": "mi", "Startup Cost": 4842.14, "Total Cost": 164942.53, "Plan Rows": 2717, "Plan Width": 50, "Recheck Cond": "(info_type_id = it1.id)", "Filter": "((info)::text = ANY ('{Horror,Action,Sci-Fi,Thriller,Crime,War}'::text[]))", "Plans": [{"Node Type": "Bitmap Index Scan", "Parent Relationship": "Outer", "Index Name": "info_type_id_movie_info", "Startup Cost": 0.0, "Total Cost": 4841.46, "Plan Rows": 212428, "Plan Width": 0, "Index Cond": "(info_type_id = it1.id)"}]}]}, {"Node Type": "Index Scan", "Parent Relationship": "Inner", "Scan Direction": "Forward", "Index Name": "movie_id_movie_info_idx", "Relation Name": "movie_info_idx", "Alias": "mi_idx", "Startup Cost": 0.0, "Total Cost": 0.53, "Plan Rows": 2, "Plan Width": 13, "Index Cond": "(movie_id = mi.movie_id)"}]}, {"Node Type": "Index Scan", "Parent Relationship": "Inner", "Scan Direction": "Forward", "Index Name": "info_type_pkey", "Relation Name": "info_type", "Alias": "it2", "Startup Cost": 0.0, "Total Cost": 0.27, "Plan Rows": 1, "Plan Width": 4, "Index Cond": "(id = mi_idx.info_type_id)", "Filter": "((info)::text = 'votes'::text)"}]}, {"Node Type": "Index Scan", "Parent Relationship": "Inner", "Scan Direction": "Forward", "Index Name": "title_pkey", "Relation Name": "title", "Alias": "t", "Startup Cost": 0.0, "Total Cost": 0.4, "Plan Rows": 1, "Plan Width": 21, "Index Cond": "(id = mi_idx.movie_id)"}]}, {"Node Type": "Index Scan", "Parent Relationship": "Inner", "Scan Direction": "Forward", "Index Name": "movie_id_cast_info", "Relation Name": "cast_info", "Alias": "ci", "Startup Cost": 0.0, "Total Cost": 1.01, "Plan Rows": 1, "Plan Width": 8, "Index Cond": "(movie_id = t.id)", "Filter": "((note)::text = ANY ('{(writer),\"(head writer)\",\"(written by)\",(story),\"(story editor)\"}'::text[]))"}]}, {"Node Type": "Index Scan", "Parent Relationship": "Inner", "Scan Direction": "Forward", "Index Name": "name_pkey", "Relation Name": "name", "Alias": "n", "Startup Cost": 0.0, "Total Cost": 0.49, "Plan Rows": 1, "Plan Width": 4, "Index Cond": "(id = ci.person_id)", "Filter": "((gender)::text = 'm'::text)"}]}]}, "Unique SQL Id": 3913857139, "Planner Runtime": 18}, "explain_analyze_plan": {"Plan": {"Node Type": "Aggregate", "Strategy": "Plain", "Startup Cost": 169731.13, "Total Cost": 169731.14, "Plan Rows": 1, "Plan Width": 160, "Actual Startup Time": 12278.419, "Actual Total Time": 12278.419, "Actual Rows": 1, "Actual Loops": 1, "Plans": [{"Node Type": "Nested Loop", "Parent Relationship": "Outer", "Join Type": "Inner", "Startup Cost": 4842.14, "Total Cost": 169720.53, "Plan Rows": 1413, "Plan Width": 64, "Actual Startup Time": 189.228, "Actual Total Time": 12238.76, "Actual Rows": 28073, "Actual Loops": 1, "Inner Unique": true, "Plans": [{"Node Type": "Nested Loop", "Parent Relationship": "Outer", "Join Type": "Inner", "Startup Cost": 4842.14, "Total Cost": 169141.26, "Plan Rows": 1155, "Plan Width": 68, "Actual Startup Time": 186.782, "Actual Total Time": 11830.548, "Actual Rows": 54155, "Actual Loops": 1, "Inner Unique": false, "Plans": [{"Node Type": "Nested Loop", "Parent Relationship": "Outer", "Join Type": "Inner", "Startup Cost": 4842.14, "Total Cost": 168079.63, "Plan Rows": 1044, "Plan Width": 76, "Actual Startup Time": 183.875, "Actual Total Time": 3307.953, "Actual Rows": 102516, "Actual Loops": 1, "Inner Unique": true, "Join Filter": "(mi.movie_id = t.id)", "Rows Removed by Join Filter": 0, "Plans": [{"Node Type": "Nested Loop", "Parent Relationship": "Outer", "Join Type": "Inner", "Startup Cost": 4842.14, "Total Cost": 167651.44, "Plan Rows": 1044, "Plan Width": 55, "Actual Startup Time": 183.855, "Actual Total Time": 2757.508, "Actual Rows": 102516, "Actual Loops": 1, "Inner Unique": true, "Plans": [{"Node Type": "Nested Loop", "Parent Relationship": "Outer", "Join Type": "Inner", "Startup Cost": 4842.14, "Total Cost": 166471.96, "Plan Rows": 4175, "Plan Width": 59, "Actual Startup Time": 183.831, "Actual Total Time": 2013.762, "Actual Rows": 307785, "Actual Loops": 1, "Inner Unique": false, "Plans": [{"Node Type": "Nested Loop", "Parent Relationship": "Outer", "Join Type": "Inner", "Startup Cost": 4842.14, "Total Cost": 164983.91, "Plan Rows": 2717, "Plan Width": 46, "Actual Startup Time": 183.795, "Actual Total Time": 1165.444, "Actual Rows": 186594, "Actual Loops": 1, "Inner Unique": false, "Plans": [{"Node Type": "Index Scan", "Parent Relationship": "Outer", "Scan Direction": "Forward", "Index Name": "info_type_pkey", "Relation Name": "info_type", "Alias": "it1", "Startup Cost": 0.0, "Total Cost": 14.21, "Plan Rows": 1, "Plan Width": 4, "Actual Startup Time": 0.04, "Actual Total Time": 0.092, "Actual Rows": 1, "Actual Loops": 1, "Filter": "((info)::text = 'genres'::text)", "Rows Removed by Filter": 111}, {"Node Type": "Bitmap Heap Scan", "Parent Relationship": "Inner", "Relation Name": "movie_info", "Alias": "mi", "Startup Cost": 4842.14, "Total Cost": 164942.53, "Plan Rows": 2717, "Plan Width": 50, "Actual Startup Time": 183.744, "Actual Total Time": 1120.521, "Actual Rows": 186594, "Actual Loops": 1, "Recheck Cond": "(info_type_id = it1.id)", "Rows Removed by Index Recheck": 0, "Filter": "((info)::text = ANY ('{Horror,Action,Sci-Fi,Thriller,Crime,War}'::text[]))", "Rows Removed by Filter": 1347315, "Exact Heap Blocks": 7426, "Lossy Heap Blocks": 7426, "Plans": [{"Node Type": "Bitmap Index Scan", "Parent Relationship": "Outer", "Index Name": "info_type_id_movie_info", "Startup Cost": 0.0, "Total Cost": 4841.46, "Plan Rows": 212428, "Plan Width": 0, "Actual Startup Time": 182.362, "Actual Total Time": 182.362, "Actual Rows": 1533909, "Actual Loops": 1, "Index Cond": "(info_type_id = it1.id)"}]}]}, {"Node Type": "Index Scan", "Parent Relationship": "Inner", "Scan Direction": "Forward", "Index Name": "movie_id_movie_info_idx", "Relation Name": "movie_info_idx", "Alias": "mi_idx", "Startup Cost": 0.0, "Total Cost": 0.53, "Plan Rows": 2, "Plan Width": 13, "Actual Startup Time": 549.041, "Actual Total Time": 674.8, "Actual Rows": 307785, "Actual Loops": 186594, "Index Cond": "(movie_id = mi.movie_id)", "Rows Removed by Index Recheck": 0}]}, {"Node Type": "Index Scan", "Parent Relationship": "Inner", "Scan Direction": "Forward", "Index Name": "info_type_pkey", "Relation Name": "info_type", "Alias": "it2", "Startup Cost": 0.0, "Total Cost": 0.27, "Plan Rows": 1, "Plan Width": 4, "Actual Startup Time": 563.242, "Actual Total Time": 563.242, "Actual Rows": 102516, "Actual Loops": 307785, "Index Cond": "(id = mi_idx.info_type_id)", "Rows Removed by Index Recheck": 0, "Filter": "((info)::text = 'votes'::text)", "Rows Removed by Filter": 205269}]}, {"Node Type": "Index Scan", "Parent Relationship": "Inner", "Scan Direction": "Forward", "Index Name": "title_pkey", "Relation Name": "title", "Alias": "t", "Startup Cost": 0.0, "Total Cost": 0.4, "Plan Rows": 1, "Plan Width": 21, "Actual Startup Time": 433.373, "Actual Total Time": 433.373, "Actual Rows": 102516, "Actual Loops": 102516, "Index Cond": "(id = mi_idx.movie_id)", "Rows Removed by Index Recheck": 0}]}, {"Node Type": "Index Scan", "Parent Relationship": "Inner", "Scan Direction": "Forward", "Index Name": "movie_id_cast_info", "Relation Name": "cast_info", "Alias": "ci", "Startup Cost": 0.0, "Total Cost": 1.01, "Plan Rows": 1, "Plan Width": 8, "Actual Startup Time": 7204.574, "Actual Total Time": 8452.357, "Actual Rows": 54155, "Actual Loops": 102516, "Index Cond": "(movie_id = t.id)", "Rows Removed by Index Recheck": 0, "Filter": "((note)::text = ANY ('{(writer),\"(head writer)\",\"(written by)\",(story),\"(story editor)\"}'::text[]))", "Rows Removed by Filter": 3987641}]}, {"Node Type": "Index Scan", "Parent Relationship": "Inner", "Scan Direction": "Forward", "Index Name": "name_pkey", "Relation Name": "name", "Alias": "n", "Startup Cost": 0.0, "Total Cost": 0.49, "Plan Rows": 1, "Plan Width": 4, "Actual Startup Time": 361.413, "Actual Total Time": 361.413, "Actual Rows": 28073, "Actual Loops": 54155, "Index Cond": "(id = ci.person_id)", "Rows Removed by Index Recheck": 0, "Filter": "((gender)::text = 'm'::text)", "Rows Removed by Filter": 26082}]}]}, "Triggers": [], "Planner Runtime": 18, "Total Runtime": 12278.868, "Unique SQL Id": 3913857139}}, "(64, 98)": {"explain_plan": {"Plan": {"Node Type": "Aggregate", "Strategy": "Plain", "Startup Cost": 100417.54, "Total Cost": 100417.55, "Plan Rows": 1, "Plan Width": 160, "Plans": [{"Node Type": "Nested Loop", "Parent Relationship": "Outer", "Join Type": "Inner", "Startup Cost": 6.3, "Total Cost": 100406.94, "Plan Rows": 1413, "Plan Width": 64, "Inner Unique": true, "Plans": [{"Node Type": "Nested Loop", "Parent Relationship": "Outer", "Join Type": "Inner", "Startup Cost": 5.99, "Total Cost": 95401.52, "Plan Rows": 1155, "Plan Width": 68, "Inner Unique": false, "Plans": [{"Node Type": "Nested Loop", "Parent Relationship": "Outer", "Join Type": "Inner", "Startup Cost": 5.48, "Total Cost": 90558.85, "Plan Rows": 1044, "Plan Width": 76, "Inner Unique": true, "Join Filter": "(mi.movie_id = t.id)", "Plans": [{"Node Type": "Hash Join", "Parent Relationship": "Outer", "Join Type": "Inner", "Startup Cost": 5.19, "Total Cost": 86059.66, "Plan Rows": 1044, "Plan Width": 55, "Inner Unique": true, "Hash Cond": "(mi_idx.info_type_id = it2.id)", "Plans": [{"Node Type": "Nested Loop", "Parent Relationship": "Outer", "Join Type": "Inner", "Startup Cost": 2.78, "Total Cost": 86036.34, "Plan Rows": 4175, "Plan Width": 59, "Inner Unique": false, "Plans": [{"Node Type": "Hash Join", "Parent Relationship": "Outer", "Join Type": "Inner", "Startup Cost": 2.41, "Total Cost": 74048.91, "Plan Rows": 2717, "Plan Width": 46, "Inner Unique": true, "Hash Cond": "(mi.info_type_id = it1.id)", "Plans": [{"Node Type": "Streaming(type: LOCAL GATHER dop: 1/64)", "Parent Relationship": "Outer", "Startup Cost": 0.0, "Total Cost": 73306.19, "Plan Rows": 190170, "Plan Width": 50, "Plans": [{"Node Type": "Seq Scan", "Parent Relationship": "Outer", "Relation Name": "movie_info", "Alias": "mi", "Startup Cost": 0.0, "Total Cost": 69383.01, "Plan Rows": 190170, "Plan Width": 50, "Filter": "((info)::text = ANY ('{Horror,Action,Sci-Fi,Thriller,Crime,War}'::text[]))"}]}, {"Node Type": "Hash", "Parent Relationship": "Inner", "Startup Cost": 2.4, "Total Cost": 2.4, "Plan Rows": 1, "Plan Width": 4, "Plans": [{"Node Type": "Seq Scan", "Parent Relationship": "Outer", "Relation Name": "info_type", "Alias": "it1", "Startup Cost": 0.0, "Total Cost": 2.4, "Plan Rows": 1, "Plan Width": 4, "Filter": "((info)::text = 'genres'::text)"}]}]}, {"Node Type": "Bitmap Heap Scan", "Parent Relationship": "Inner", "Relation Name": "movie_info_idx", "Alias": "mi_idx", "Startup Cost": 0.37, "Total Cost": 4.39, "Plan Rows": 2, "Plan Width": 13, "Recheck Cond": "(movie_id = mi.movie_id)", "Plans": [{"Node Type": "Bitmap Index Scan", "Parent Relationship": "Outer", "Index Name": "movie_id_movie_info_idx", "Startup Cost": 0.0, "Total Cost": 0.37, "Plan Rows": 2, "Plan Width": 0, "Index Cond": "(movie_id = mi.movie_id)"}]}]}, {"Node Type": "Hash", "Parent Relationship": "Inner", "Startup Cost": 2.4, "Total Cost": 2.4, "Plan Rows": 1, "Plan Width": 4, "Plans": [{"Node Type": "Seq Scan", "Parent Relationship": "Outer", "Relation Name": "info_type", "Alias": "it2", "Startup Cost": 0.0, "Total Cost": 2.4, "Plan Rows": 1, "Plan Width": 4, "Filter": "((info)::text = 'votes'::text)"}]}]}, {"Node Type": "Bitmap Heap Scan", "Parent Relationship": "Inner", "Relation Name": "title", "Alias": "t", "Startup Cost": 0.28, "Total Cost": 4.3, "Plan Rows": 1, "Plan Width": 21, "Recheck Cond": "(id = mi_idx.movie_id)", "Plans": [{"Node Type": "Bitmap Index Scan", "Parent Relationship": "Outer", "Index Name": "title_pkey", "Startup Cost": 0.0, "Total Cost": 0.28, "Plan Rows": 1, "Plan Width": 0, "Index Cond": "(id = mi_idx.movie_id)"}]}]}, {"Node Type": "Bitmap Heap Scan", "Parent Relationship": "Inner", "Relation Name": "cast_info", "Alias": "ci", "Startup Cost": 0.52, "Total Cost": 4.63, "Plan Rows": 1, "Plan Width": 8, "Recheck Cond": "(movie_id = t.id)", "Filter": "((note)::text = ANY ('{(writer),\"(head writer)\",\"(written by)\",(story),\"(story editor)\"}'::text[]))", "Plans": [{"Node Type": "Bitmap Index Scan", "Parent Relationship": "Outer", "Index Name": "movie_id_cast_info", "Startup Cost": 0.0, "Total Cost": 0.52, "Plan Rows": 6, "Plan Width": 0, "Index Cond": "(movie_id = t.id)"}]}]}, {"Node Type": "Bitmap Heap Scan", "Parent Relationship": "Inner", "Relation Name": "name", "Alias": "n", "Startup Cost": 0.31, "Total Cost": 4.32, "Plan Rows": 1, "Plan Width": 4, "Recheck Cond": "(id = ci.person_id)", "Filter": "((gender)::text = 'm'::text)", "Plans": [{"Node Type": "Bitmap Index Scan", "Parent Relationship": "Outer", "Index Name": "name_pkey", "Startup Cost": 0.0, "Total Cost": 0.31, "Plan Rows": 1, "Plan Width": 0, "Index Cond": "(id = ci.person_id)"}]}]}]}, "Unique SQL Id": 3913857139, "Planner Runtime": 56}, "explain_analyze_plan": {"Plan": {"Node Type": "Aggregate", "Strategy": "Plain", "Startup Cost": 100417.54, "Total Cost": 100417.55, "Plan Rows": 1, "Plan Width": 160, "Actual Min Startup Time": 12824.084, "Actual Max Startup Time": 12824.084, "Actual Min Total Time": 12824.084, "Actual Max Total Time": 12824.084, "Plans": [{"Node Type": "Nested Loop", "Parent Relationship": "Outer", "Join Type": "Inner", "Startup Cost": 6.3, "Total Cost": 100406.94, "Plan Rows": 1413, "Plan Width": 64, "Actual Min Startup Time": 166.533, "Actual Max Startup Time": 166.533, "Actual Min Total Time": 12770.546, "Actual Max Total Time": 12770.546, "Inner Unique": true, "Plans": [{"Node Type": "Nested Loop", "Parent Relationship": "Outer", "Join Type": "Inner", "Startup Cost": 5.99, "Total Cost": 95401.52, "Plan Rows": 1155, "Plan Width": 68, "Actual Min Startup Time": 166.503, "Actual Max Startup Time": 166.503, "Actual Min Total Time": 12261.602, "Actual Max Total Time": 12261.602, "Inner Unique": false, "Plans": [{"Node Type": "Nested Loop", "Parent Relationship": "Outer", "Join Type": "Inner", "Startup Cost": 5.48, "Total Cost": 90558.85, "Plan Rows": 1044, "Plan Width": 76, "Actual Min Startup Time": 166.229, "Actual Max Startup Time": 166.229, "Actual Min Total Time": 2368.519, "Actual Max Total Time": 2368.519, "Inner Unique": true, "Join Filter": "(mi.movie_id = t.id)", "Rows Removed by Join Filter": 0, "Plans": [{"Node Type": "Hash Join", "Parent Relationship": "Outer", "Join Type": "Inner", "Startup Cost": 5.19, "Total Cost": 86059.66, "Plan Rows": 1044, "Plan Width": 55, "Actual Min Startup Time": 166.203, "Actual Max Startup Time": 166.203, "Actual Min Total Time": 1622.728, "Actual Max Total Time": 1622.728, "Inner Unique": true, "Hash Cond": "(mi_idx.info_type_id = it2.id)", "Plans": [{"Node Type": "Nested Loop", "Parent Relationship": "Outer", "Join Type": "Inner", "Startup Cost": 2.78, "Total Cost": 86036.34, "Plan Rows": 4175, "Plan Width": 59, "Actual Min Startup Time": 166.039, "Actual Max Startup Time": 166.039, "Actual Min Total Time": 1516.368, "Actual Max Total Time": 1516.368, "Inner Unique": false, "Plans": [{"Node Type": "Hash Join", "Parent Relationship": "Outer", "Join Type": "Inner", "Startup Cost": 2.41, "Total Cost": 74048.91, "Plan Rows": 2717, "Plan Width": 46, "Actual Min Startup Time": 165.982, "Actual Max Startup Time": 165.982, "Actual Min Total Time": 373.406, "Actual Max Total Time": 373.406, "Inner Unique": true, "Hash Cond": "(mi.info_type_id = it1.id)", "Plans": [{"Node Type": "Streaming(type: LOCAL GATHER dop: 1/64)", "Parent Relationship": "Outer", "Startup Cost": 0.0, "Total Cost": 73306.19, "Plan Rows": 190170, "Plan Width": 50, "Actual Min Startup Time": 144.483, "Actual Max Startup Time": 144.483, "Actual Min Total Time": 257.234, "Actual Max Total Time": 257.234, "Plans": [{"Node Type": "Seq Scan", "Parent Relationship": "Outer", "Relation Name": "movie_info", "Alias": "mi", "Startup Cost": 0.0, "Total Cost": 69383.01, "Plan Rows": 190170, "Plan Width": 50, "Actual Min Startup Time": 55.446, "Actual Max Startup Time": 109.421, "Actual Min Total Time": 109.799, "Actual Max Total Time": 124.966, "Filter": "((info)::text = ANY ('{Horror,Action,Sci-Fi,Thriller,Crime,War}'::text[]))", "Rows Removed by Filter": 14646748, "Actual Rows": 188971}], "Actual Rows": 188971}, {"Node Type": "Hash", "Parent Relationship": "Inner", "Startup Cost": 2.4, "Total Cost": 2.4, "Plan Rows": 1, "Plan Width": 4, "Actual Min Startup Time": 0.053, "Actual Max Startup Time": 0.053, "Actual Min Total Time": 0.053, "Actual Max Total Time": 0.053, "Max Hash Buckets": 32768, "Min Hash Buckets": 32768, "Max Hash Batches": 1, "Min Hash Batches": 1, "Max Original Hash Batches": 1, "Min Original Hash Batches": 1, "Max Peak Memory Usage": 1, "min Peak Memory Usage": 1, "Plans": [{"Node Type": "Seq Scan", "Parent Relationship": "Outer", "Relation Name": "info_type", "Alias": "it1", "Startup Cost": 0.0, "Total Cost": 2.4, "Plan Rows": 1, "Plan Width": 4, "Actual Min Startup Time": 0.028, "Actual Max Startup Time": 0.028, "Actual Min Total Time": 0.05, "Actual Max Total Time": 0.05, "Filter": "((info)::text = 'genres'::text)", "Rows Removed by Filter": 111, "Actual Rows": 1}], "Actual Rows": 1}], "Actual Rows": 186594}, {"Node Type": "Bitmap Heap Scan", "Parent Relationship": "Inner", "Relation Name": "movie_info_idx", "Alias": "mi_idx", "Startup Cost": 0.37, "Total Cost": 4.39, "Plan Rows": 2, "Plan Width": 13, "Actual Min Startup Time": 781.239, "Actual Max Startup Time": 781.239, "Actual Min Total Time": 826.519, "Actual Max Total Time": 826.519, "Recheck Cond": "(movie_id = mi.movie_id)", "Rows Removed by Index Recheck": 0, "Exact Heap Blocks": 103610, "Lossy Heap Blocks": 103610, "Plans": [{"Node Type": "Bitmap Index Scan", "Parent Relationship": "Outer", "Index Name": "movie_id_movie_info_idx", "Startup Cost": 0.0, "Total Cost": 0.37, "Plan Rows": 2, "Plan Width": 0, "Actual Min Startup Time": 528.133, "Actual Max Startup Time": 528.133, "Actual Min Total Time": 528.133, "Actual Max Total Time": 528.133, "Index Cond": "(movie_id = mi.movie_id)", "Actual Rows": 307785}], "Actual Rows": 307785}], "Actual Rows": 307785}, {"Node Type": "Hash", "Parent Relationship": "Inner", "Startup Cost": 2.4, "Total Cost": 2.4, "Plan Rows": 1, "Plan Width": 4, "Actual Min Startup Time": 0.096, "Actual Max Startup Time": 0.096, "Actual Min Total Time": 0.096, "Actual Max Total Time": 0.096, "Max Hash Buckets": 32768, "Min Hash Buckets": 32768, "Max Hash Batches": 1, "Min Hash Batches": 1, "Max Original Hash Batches": 1, "Min Original Hash Batches": 1, "Max Peak Memory Usage": 1, "min Peak Memory Usage": 1, "Plans": [{"Node Type": "Seq Scan", "Parent Relationship": "Outer", "Relation Name": "info_type", "Alias": "it2", "Startup Cost": 0.0, "Total Cost": 2.4, "Plan Rows": 1, "Plan Width": 4, "Actual Min Startup Time": 0.077, "Actual Max Startup Time": 0.077, "Actual Min Total Time": 0.083, "Actual Max Total Time": 0.083, "Filter": "((info)::text = 'votes'::text)", "Rows Removed by Filter": 111, "Actual Rows": 1}], "Actual Rows": 1}], "Actual Rows": 102516}, {"Node Type": "Bitmap Heap Scan", "Parent Relationship": "Inner", "Relation Name": "title", "Alias": "t", "Startup Cost": 0.28, "Total Cost": 4.3, "Plan Rows": 1, "Plan Width": 21, "Actual Min Startup Time": 566.317, "Actual Max Startup Time": 566.317, "Actual Min Total Time": 566.317, "Actual Max Total Time": 566.317, "Recheck Cond": "(id = mi_idx.movie_id)", "Rows Removed by Index Recheck": 0, "Exact Heap Blocks": 102516, "Lossy Heap Blocks": 102516, "Plans": [{"Node Type": "Bitmap Index Scan", "Parent Relationship": "Outer", "Index Name": "title_pkey", "Startup Cost": 0.0, "Total Cost": 0.28, "Plan Rows": 1, "Plan Width": 0, "Actual Min Startup Time": 307.396, "Actual Max Startup Time": 307.396, "Actual Min Total Time": 307.396, "Actual Max Total Time": 307.396, "Index Cond": "(id = mi_idx.movie_id)", "Actual Rows": 102516}], "Actual Rows": 102516}], "Actual Rows": 102516}, {"Node Type": "Bitmap Heap Scan", "Parent Relationship": "Inner", "Relation Name": "cast_info", "Alias": "ci", "Startup Cost": 0.52, "Total Cost": 4.63, "Plan Rows": 1, "Plan Width": 8, "Actual Min Startup Time": 8426.528, "Actual Max Startup Time": 8426.528, "Actual Min Total Time": 9728.122, "Actual Max Total Time": 9728.122, "Recheck Cond": "(movie_id = t.id)", "Rows Removed by Index Recheck": 0, "Filter": "((note)::text = ANY ('{(writer),\"(head writer)\",\"(written by)\",(story),\"(story editor)\"}'::text[]))", "Rows Removed by Filter": 3987641, "Exact Heap Blocks": 3901088, "Lossy Heap Blocks": 3901088, "Plans": [{"Node Type": "Bitmap Index Scan", "Parent Relationship": "Outer", "Index Name": "movie_id_cast_info", "Startup Cost": 0.0, "Total Cost": 0.52, "Plan Rows": 6, "Plan Width": 0, "Actual Min Startup Time": 1075.542, "Actual Max Startup Time": 1075.542, "Actual Min Total Time": 1075.542, "Actual Max Total Time": 1075.542, "Index Cond": "(movie_id = t.id)", "Actual Rows": 4041796}], "Actual Rows": 54155}], "Actual Rows": 54155}, {"Node Type": "Bitmap Heap Scan", "Parent Relationship": "Inner", "Relation Name": "name", "Alias": "n", "Startup Cost": 0.31, "Total Cost": 4.32, "Plan Rows": 1, "Plan Width": 4, "Actual Min Startup Time": 417.996, "Actual Max Startup Time": 417.996, "Actual Min Total Time": 417.996, "Actual Max Total Time": 417.996, "Recheck Cond": "(id = ci.person_id)", "Rows Removed by Index Recheck": 0, "Filter": "((gender)::text = 'm'::text)", "Rows Removed by Filter": 26082, "Exact Heap Blocks": 54155, "Lossy Heap Blocks": 54155, "Plans": [{"Node Type": "Bitmap Index Scan", "Parent Relationship": "Outer", "Index Name": "name_pkey", "Startup Cost": 0.0, "Total Cost": 0.31, "Plan Rows": 1, "Plan Width": 0, "Actual Min Startup Time": 264.632, "Actual Max Startup Time": 264.632, "Actual Min Total Time": 264.632, "Actual Max Total Time": 264.632, "Index Cond": "(id = ci.person_id)", "Actual Rows": 54155}], "Actual Rows": 28073}], "Actual Rows": 28073}], "Actual Rows": 1}, "Triggers": [], "Planner Runtime": 56, "Total Runtime": 12835.644, "Unique SQL Id": 3913857139}}, "(64, 99)": {"explain_plan": {"Plan": {"Node Type": "Aggregate", "Strategy": "Plain", "Startup Cost": 191364.35, "Total Cost": 191364.36, "Plan Rows": 1, "Plan Width": 160, "Plans": [{"Node Type": "Nested Loop", "Parent Relationship": "Outer", "Join Type": "Inner", "Startup Cost": 4866.65, "Total Cost": 191353.75, "Plan Rows": 1413, "Plan Width": 64, "Inner Unique": true, "Plans": [{"Node Type": "Nested Loop", "Parent Relationship": "Outer", "Join Type": "Inner", "Startup Cost": 4866.34, "Total Cost": 186348.33, "Plan Rows": 1155, "Plan Width": 68, "Inner Unique": false, "Plans": [{"Node Type": "Nested Loop", "Parent Relationship": "Outer", "Join Type": "Inner", "Startup Cost": 4865.82, "Total Cost": 181505.66, "Plan Rows": 1044, "Plan Width": 76, "Inner Unique": true, "Join Filter": "(mi.movie_id = t.id)", "Plans": [{"Node Type": "Hash Join", "Parent Relationship": "Outer", "Join Type": "Inner", "Startup Cost": 4865.54, "Total Cost": 177006.47, "Plan Rows": 1044, "Plan Width": 55, "Inner Unique": true, "Hash Cond": "(mi_idx.info_type_id = it2.id)", "Plans": [{"Node Type": "Nested Loop", "Parent Relationship": "Outer", "Join Type": "Inner", "Startup Cost": 4851.32, "Total Cost": 176971.34, "Plan Rows": 4175, "Plan Width": 59, "Inner Unique": false, "Plans": [{"Node Type": "Nested Loop", "Parent Relationship": "Outer", "Join Type": "Inner", "Startup Cost": 4850.95, "Total Cost": 164983.91, "Plan Rows": 2717, "Plan Width": 46, "Inner Unique": false, "Plans": [{"Node Type": "Bitmap Heap Scan", "Parent Relationship": "Outer", "Relation Name": "info_type", "Alias": "it1", "Startup Cost": 8.81, "Total Cost": 14.21, "Plan Rows": 1, "Plan Width": 4, "Filter": "((info)::text = 'genres'::text)", "Plans": [{"Node Type": "Bitmap Index Scan", "Parent Relationship": "Outer", "Index Name": "info_type_pkey", "Startup Cost": 0.0, "Total Cost": 8.81, "Plan Rows": 112, "Plan Width": 0}]}, {"Node Type": "Bitmap Heap Scan", "Parent Relationship": "Inner", "Relation Name": "movie_info", "Alias": "mi", "Startup Cost": 4842.14, "Total Cost": 164942.53, "Plan Rows": 2717, "Plan Width": 50, "Recheck Cond": "(info_type_id = it1.id)", "Filter": "((info)::text = ANY ('{Horror,Action,Sci-Fi,Thriller,Crime,War}'::text[]))", "Plans": [{"Node Type": "Bitmap Index Scan", "Parent Relationship": "Outer", "Index Name": "info_type_id_movie_info", "Startup Cost": 0.0, "Total Cost": 4841.46, "Plan Rows": 212428, "Plan Width": 0, "Index Cond": "(info_type_id = it1.id)"}]}]}, {"Node Type": "Bitmap Heap Scan", "Parent Relationship": "Inner", "Relation Name": "movie_info_idx", "Alias": "mi_idx", "Startup Cost": 0.37, "Total Cost": 4.39, "Plan Rows": 2, "Plan Width": 13, "Recheck Cond": "(movie_id = mi.movie_id)", "Plans": [{"Node Type": "Bitmap Index Scan", "Parent Relationship": "Outer", "Index Name": "movie_id_movie_info_idx", "Startup Cost": 0.0, "Total Cost": 0.37, "Plan Rows": 2, "Plan Width": 0, "Index Cond": "(movie_id = mi.movie_id)"}]}]}, {"Node Type": "Hash", "Parent Relationship": "Inner", "Startup Cost": 14.21, "Total Cost": 14.21, "Plan Rows": 1, "Plan Width": 4, "Plans": [{"Node Type": "Bitmap Heap Scan", "Parent Relationship": "Outer", "Relation Name": "info_type", "Alias": "it2", "Startup Cost": 8.81, "Total Cost": 14.21, "Plan Rows": 1, "Plan Width": 4, "Filter": "((info)::text = 'votes'::text)", "Plans": [{"Node Type": "Bitmap Index Scan", "Parent Relationship": "Outer", "Index Name": "info_type_pkey", "Startup Cost": 0.0, "Total Cost": 8.81, "Plan Rows": 112, "Plan Width": 0}]}]}]}, {"Node Type": "Bitmap Heap Scan", "Parent Relationship": "Inner", "Relation Name": "title", "Alias": "t", "Startup Cost": 0.28, "Total Cost": 4.3, "Plan Rows": 1, "Plan Width": 21, "Recheck Cond": "(id = mi_idx.movie_id)", "Plans": [{"Node Type": "Bitmap Index Scan", "Parent Relationship": "Outer", "Index Name": "title_pkey", "Startup Cost": 0.0, "Total Cost": 0.28, "Plan Rows": 1, "Plan Width": 0, "Index Cond": "(id = mi_idx.movie_id)"}]}]}, {"Node Type": "Bitmap Heap Scan", "Parent Relationship": "Inner", "Relation Name": "cast_info", "Alias": "ci", "Startup Cost": 0.52, "Total Cost": 4.63, "Plan Rows": 1, "Plan Width": 8, "Recheck Cond": "(movie_id = t.id)", "Filter": "((note)::text = ANY ('{(writer),\"(head writer)\",\"(written by)\",(story),\"(story editor)\"}'::text[]))", "Plans": [{"Node Type": "Bitmap Index Scan", "Parent Relationship": "Outer", "Index Name": "movie_id_cast_info", "Startup Cost": 0.0, "Total Cost": 0.52, "Plan Rows": 6, "Plan Width": 0, "Index Cond": "(movie_id = t.id)"}]}]}, {"Node Type": "Bitmap Heap Scan", "Parent Relationship": "Inner", "Relation Name": "name", "Alias": "n", "Startup Cost": 0.31, "Total Cost": 4.32, "Plan Rows": 1, "Plan Width": 4, "Recheck Cond": "(id = ci.person_id)", "Filter": "((gender)::text = 'm'::text)", "Plans": [{"Node Type": "Bitmap Index Scan", "Parent Relationship": "Outer", "Index Name": "name_pkey", "Startup Cost": 0.0, "Total Cost": 0.31, "Plan Rows": 1, "Plan Width": 0, "Index Cond": "(id = ci.person_id)"}]}]}]}, "Unique SQL Id": 3913857139, "Planner Runtime": 17}, "explain_analyze_plan": {"Plan": {"Node Type": "Aggregate", "Strategy": "Plain", "Startup Cost": 191364.35, "Total Cost": 191364.36, "Plan Rows": 1, "Plan Width": 160, "Actual Startup Time": 13878.478, "Actual Total Time": 13878.479, "Actual Rows": 1, "Actual Loops": 1, "Plans": [{"Node Type": "Nested Loop", "Parent Relationship": "Outer", "Join Type": "Inner", "Startup Cost": 4866.65, "Total Cost": 191353.75, "Plan Rows": 1413, "Plan Width": 64, "Actual Startup Time": 179.959, "Actual Total Time": 13824.008, "Actual Rows": 28073, "Actual Loops": 1, "Inner Unique": true, "Plans": [{"Node Type": "Nested Loop", "Parent Relationship": "Outer", "Join Type": "Inner", "Startup Cost": 4866.34, "Total Cost": 186348.33, "Plan Rows": 1155, "Plan Width": 68, "Actual Startup Time": 177.254, "Actual Total Time": 13307.448, "Actual Rows": 54155, "Actual Loops": 1, "Inner Unique": false, "Plans": [{"Node Type": "Nested Loop", "Parent Relationship": "Outer", "Join Type": "Inner", "Startup Cost": 4865.82, "Total Cost": 181505.66, "Plan Rows": 1044, "Plan Width": 76, "Actual Startup Time": 174.137, "Actual Total Time": 3141.495, "Actual Rows": 102516, "Actual Loops": 1, "Inner Unique": true, "Join Filter": "(mi.movie_id = t.id)", "Rows Removed by Join Filter": 0, "Plans": [{"Node Type": "Hash Join", "Parent Relationship": "Outer", "Join Type": "Inner", "Startup Cost": 4865.54, "Total Cost": 177006.47, "Plan Rows": 1044, "Plan Width": 55, "Actual Startup Time": 174.114, "Actual Total Time": 2402.885, "Actual Rows": 102516, "Actual Loops": 1, "Inner Unique": true, "Hash Cond": "(mi_idx.info_type_id = it2.id)", "Plans": [{"Node Type": "Nested Loop", "Parent Relationship": "Outer", "Join Type": "Inner", "Startup Cost": 4851.32, "Total Cost": 176971.34, "Plan Rows": 4175, "Plan Width": 59, "Actual Startup Time": 173.969, "Actual Total Time": 2288.226, "Actual Rows": 307785, "Actual Loops": 1, "Inner Unique": false, "Plans": [{"Node Type": "Nested Loop", "Parent Relationship": "Outer", "Join Type": "Inner", "Startup Cost": 4850.95, "Total Cost": 164983.91, "Plan Rows": 2717, "Plan Width": 46, "Actual Startup Time": 173.928, "Actual Total Time": 1156.932, "Actual Rows": 186594, "Actual Loops": 1, "Inner Unique": false, "Plans": [{"Node Type": "Bitmap Heap Scan", "Parent Relationship": "Outer", "Relation Name": "info_type", "Alias": "it1", "Startup Cost": 8.81, "Total Cost": 14.21, "Plan Rows": 1, "Plan Width": 4, "Actual Startup Time": 0.032, "Actual Total Time": 0.068, "Actual Rows": 1, "Actual Loops": 1, "Filter": "((info)::text = 'genres'::text)", "Rows Removed by Filter": 111, "Exact Heap Blocks": 1, "Lossy Heap Blocks": 1, "Plans": [{"Node Type": "Bitmap Index Scan", "Parent Relationship": "Outer", "Index Name": "info_type_pkey", "Startup Cost": 0.0, "Total Cost": 8.81, "Plan Rows": 112, "Plan Width": 0, "Actual Startup Time": 0.009, "Actual Total Time": 0.009, "Actual Rows": 112, "Actual Loops": 1}]}, {"Node Type": "Bitmap Heap Scan", "Parent Relationship": "Inner", "Relation Name": "movie_info", "Alias": "mi", "Startup Cost": 4842.14, "Total Cost": 164942.53, "Plan Rows": 2717, "Plan Width": 50, "Actual Startup Time": 173.89, "Actual Total Time": 1112.889, "Actual Rows": 186594, "Actual Loops": 1, "Recheck Cond": "(info_type_id = it1.id)", "Rows Removed by Index Recheck": 0, "Filter": "((info)::text = ANY ('{Horror,Action,Sci-Fi,Thriller,Crime,War}'::text[]))", "Rows Removed by Filter": 1347315, "Exact Heap Blocks": 7426, "Lossy Heap Blocks": 7426, "Plans": [{"Node Type": "Bitmap Index Scan", "Parent Relationship": "Outer", "Index Name": "info_type_id_movie_info", "Startup Cost": 0.0, "Total Cost": 4841.46, "Plan Rows": 212428, "Plan Width": 0, "Actual Startup Time": 172.512, "Actual Total Time": 172.512, "Actual Rows": 1533909, "Actual Loops": 1, "Index Cond": "(info_type_id = it1.id)"}]}]}, {"Node Type": "Bitmap Heap Scan", "Parent Relationship": "Inner", "Relation Name": "movie_info_idx", "Alias": "mi_idx", "Startup Cost": 0.37, "Total Cost": 4.39, "Plan Rows": 2, "Plan Width": 13, "Actual Startup Time": 773.736, "Actual Total Time": 819.813, "Actual Rows": 307785, "Actual Loops": 186594, "Recheck Cond": "(movie_id = mi.movie_id)", "Rows Removed by Index Recheck": 0, "Exact Heap Blocks": 103610, "Lossy Heap Blocks": 103610, "Plans": [{"Node Type": "Bitmap Index Scan", "Parent Relationship": "Outer", "Index Name": "movie_id_movie_info_idx", "Startup Cost": 0.0, "Total Cost": 0.37, "Plan Rows": 2, "Plan Width": 0, "Actual Startup Time": 525.17, "Actual Total Time": 525.17, "Actual Rows": 307785, "Actual Loops": 186594, "Index Cond": "(movie_id = mi.movie_id)"}]}]}, {"Node Type": "Hash", "Parent Relationship": "Inner", "Startup Cost": 14.21, "Total Cost": 14.21, "Plan Rows": 1, "Plan Width": 4, "Actual Startup Time": 0.093, "Actual Total Time": 0.093, "Actual Rows": 1, "Actual Loops": 1, "Hash Buckets": 32768, "Hash Batches": 1, "Original Hash Batches": 1, "Peak Memory Usage": 1, "Plans": [{"Node Type": "Bitmap Heap Scan", "Parent Relationship": "Outer", "Relation Name": "info_type", "Alias": "it2", "Startup Cost": 8.81, "Total Cost": 14.21, "Plan Rows": 1, "Plan Width": 4, "Actual Startup Time": 0.083, "Actual Total Time": 0.087, "Actual Rows": 1, "Actual Loops": 1, "Filter": "((info)::text = 'votes'::text)", "Rows Removed by Filter": 111, "Exact Heap Blocks": 1, "Lossy Heap Blocks": 1, "Plans": [{"Node Type": "Bitmap Index Scan", "Parent Relationship": "Outer", "Index Name": "info_type_pkey", "Startup Cost": 0.0, "Total Cost": 8.81, "Plan Rows": 112, "Plan Width": 0, "Actual Startup Time": 0.015, "Actual Total Time": 0.015, "Actual Rows": 112, "Actual Loops": 1}]}]}]}, {"Node Type": "Bitmap Heap Scan", "Parent Relationship": "Inner", "Relation Name": "title", "Alias": "t", "Startup Cost": 0.28, "Total Cost": 4.3, "Plan Rows": 1, "Plan Width": 21, "Actual Startup Time": 562.239, "Actual Total Time": 562.239, "Actual Rows": 102516, "Actual Loops": 102516, "Recheck Cond": "(id = mi_idx.movie_id)", "Rows Removed by Index Recheck": 0, "Exact Heap Blocks": 102516, "Lossy Heap Blocks": 102516, "Plans": [{"Node Type": "Bitmap Index Scan", "Parent Relationship": "Outer", "Index Name": "title_pkey", "Startup Cost": 0.0, "Total Cost": 0.28, "Plan Rows": 1, "Plan Width": 0, "Actual Startup Time": 308.538, "Actual Total Time": 308.538, "Actual Rows": 102516, "Actual Loops": 102516, "Index Cond": "(id = mi_idx.movie_id)"}]}]}, {"Node Type": "Bitmap Heap Scan", "Parent Relationship": "Inner", "Relation Name": "cast_info", "Alias": "ci", "Startup Cost": 0.52, "Total Cost": 4.63, "Plan Rows": 1, "Plan Width": 8, "Actual Startup Time": 8655.271, "Actual Total Time": 9997.492, "Actual Rows": 54155, "Actual Loops": 102516, "Recheck Cond": "(movie_id = t.id)", "Rows Removed by Index Recheck": 0, "Filter": "((note)::text = ANY ('{(writer),\"(head writer)\",\"(written by)\",(story),\"(story editor)\"}'::text[]))", "Rows Removed by Filter": 3987641, "Exact Heap Blocks": 3901088, "Lossy Heap Blocks": 3901088, "Plans": [{"Node Type": "Bitmap Index Scan", "Parent Relationship": "Outer", "Index Name": "movie_id_cast_info", "Startup Cost": 0.0, "Total Cost": 0.52, "Plan Rows": 6, "Plan Width": 0, "Actual Startup Time": 1076.16, "Actual Total Time": 1076.16, "Actual Rows": 4041796, "Actual Loops": 102516, "Index Cond": "(movie_id = t.id)"}]}]}, {"Node Type": "Bitmap Heap Scan", "Parent Relationship": "Inner", "Relation Name": "name", "Alias": "n", "Startup Cost": 0.31, "Total Cost": 4.32, "Plan Rows": 1, "Plan Width": 4, "Actual Startup Time": 424.814, "Actual Total Time": 424.814, "Actual Rows": 28073, "Actual Loops": 54155, "Recheck Cond": "(id = ci.person_id)", "Rows Removed by Index Recheck": 0, "Filter": "((gender)::text = 'm'::text)", "Rows Removed by Filter": 26082, "Exact Heap Blocks": 54155, "Lossy Heap Blocks": 54155, "Plans": [{"Node Type": "Bitmap Index Scan", "Parent Relationship": "Outer", "Index Name": "name_pkey", "Startup Cost": 0.0, "Total Cost": 0.31, "Plan Rows": 1, "Plan Width": 0, "Actual Startup Time": 271.328, "Actual Total Time": 271.328, "Actual Rows": 54155, "Actual Loops": 54155, "Index Cond": "(id = ci.person_id)"}]}]}]}, "Triggers": [], "Planner Runtime": 17, "Total Runtime": 13878.808, "Unique SQL Id": 3913857139}}, "(64, 100)": {"explain_plan": {"Plan": {"Node Type": "Aggregate", "Strategy": "Plain", "Startup Cost": 77639.97, "Total Cost": 77639.98, "Plan Rows": 1, "Plan Width": 160, "Plans": [{"Node Type": "Nested Loop", "Parent Relationship": "Outer", "Join Type": "Inner", "Startup Cost": 4.83, "Total Cost": 77629.37, "Plan Rows": 1413, "Plan Width": 64, "Inner Unique": true, "Plans": [{"Node Type": "Nested Loop", "Parent Relationship": "Outer", "Join Type": "Inner", "Startup Cost": 4.83, "Total Cost": 77050.1, "Plan Rows": 1155, "Plan Width": 68, "Inner Unique": false, "Plans": [{"Node Type": "Nested Loop", "Parent Relationship": "Outer", "Join Type": "Inner", "Startup Cost": 4.83, "Total Cost": 75988.47, "Plan Rows": 1044, "Plan Width": 76, "Inner Unique": true, "Join Filter": "(mi.movie_id = t.id)", "Plans": [{"Node Type": "Hash Join", "Parent Relationship": "Outer", "Join Type": "Inner", "Startup Cost": 4.83, "Total Cost": 75560.28, "Plan Rows": 1044, "Plan Width": 55, "Inner Unique": true, "Hash Cond": "(mi_idx.info_type_id = it2.id)", "Plans": [{"Node Type": "Nested Loop", "Parent Relationship": "Outer", "Join Type": "Inner", "Startup Cost": 2.41, "Total Cost": 75536.96, "Plan Rows": 4175, "Plan Width": 59, "Inner Unique": false, "Plans": [{"Node Type": "Hash Join", "Parent Relationship": "Outer", "Join Type": "Inner", "Startup Cost": 2.41, "Total Cost": 74048.91, "Plan Rows": 2717, "Plan Width": 46, "Inner Unique": true, "Hash Cond": "(mi.info_type_id = it1.id)", "Plans": [{"Node Type": "Streaming(type: LOCAL GATHER dop: 1/64)", "Parent Relationship": "Outer", "Startup Cost": 0.0, "Total Cost": 73306.19, "Plan Rows": 190170, "Plan Width": 50, "Plans": [{"Node Type": "Seq Scan", "Parent Relationship": "Outer", "Relation Name": "movie_info", "Alias": "mi", "Startup Cost": 0.0, "Total Cost": 69383.01, "Plan Rows": 190170, "Plan Width": 50, "Filter": "((info)::text = ANY ('{Horror,Action,Sci-Fi,Thriller,Crime,War}'::text[]))"}]}, {"Node Type": "Hash", "Parent Relationship": "Inner", "Startup Cost": 2.4, "Total Cost": 2.4, "Plan Rows": 1, "Plan Width": 4, "Plans": [{"Node Type": "Seq Scan", "Parent Relationship": "Outer", "Relation Name": "info_type", "Alias": "it1", "Startup Cost": 0.0, "Total Cost": 2.4, "Plan Rows": 1, "Plan Width": 4, "Filter": "((info)::text = 'genres'::text)"}]}]}, {"Node Type": "Index Scan", "Parent Relationship": "Inner", "Scan Direction": "Forward", "Index Name": "movie_id_movie_info_idx", "Relation Name": "movie_info_idx", "Alias": "mi_idx", "Startup Cost": 0.0, "Total Cost": 0.53, "Plan Rows": 2, "Plan Width": 13, "Index Cond": "(movie_id = mi.movie_id)"}]}, {"Node Type": "Hash", "Parent Relationship": "Inner", "Startup Cost": 2.4, "Total Cost": 2.4, "Plan Rows": 1, "Plan Width": 4, "Plans": [{"Node Type": "Seq Scan", "Parent Relationship": "Outer", "Relation Name": "info_type", "Alias": "it2", "Startup Cost": 0.0, "Total Cost": 2.4, "Plan Rows": 1, "Plan Width": 4, "Filter": "((info)::text = 'votes'::text)"}]}]}, {"Node Type": "Index Scan", "Parent Relationship": "Inner", "Scan Direction": "Forward", "Index Name": "title_pkey", "Relation Name": "title", "Alias": "t", "Startup Cost": 0.0, "Total Cost": 0.4, "Plan Rows": 1, "Plan Width": 21, "Index Cond": "(id = mi_idx.movie_id)"}]}, {"Node Type": "Index Scan", "Parent Relationship": "Inner", "Scan Direction": "Forward", "Index Name": "movie_id_cast_info", "Relation Name": "cast_info", "Alias": "ci", "Startup Cost": 0.0, "Total Cost": 1.01, "Plan Rows": 1, "Plan Width": 8, "Index Cond": "(movie_id = t.id)", "Filter": "((note)::text = ANY ('{(writer),\"(head writer)\",\"(written by)\",(story),\"(story editor)\"}'::text[]))"}]}, {"Node Type": "Index Scan", "Parent Relationship": "Inner", "Scan Direction": "Forward", "Index Name": "name_pkey", "Relation Name": "name", "Alias": "n", "Startup Cost": 0.0, "Total Cost": 0.49, "Plan Rows": 1, "Plan Width": 4, "Index Cond": "(id = ci.person_id)", "Filter": "((gender)::text = 'm'::text)"}]}]}, "Unique SQL Id": 3913857139, "Planner Runtime": 44}, "explain_analyze_plan": {"Plan": {"Node Type": "Aggregate", "Strategy": "Plain", "Startup Cost": 77639.97, "Total Cost": 77639.98, "Plan Rows": 1, "Plan Width": 160, "Actual Min Startup Time": 10259.092, "Actual Max Startup Time": 10259.092, "Actual Min Total Time": 10259.093, "Actual Max Total Time": 10259.093, "Plans": [{"Node Type": "Nested Loop", "Parent Relationship": "Outer", "Join Type": "Inner", "Startup Cost": 4.83, "Total Cost": 77629.37, "Plan Rows": 1413, "Plan Width": 64, "Actual Min Startup Time": 156.083, "Actual Max Startup Time": 156.083, "Actual Min Total Time": 10216.404, "Actual Max Total Time": 10216.404, "Inner Unique": true, "Plans": [{"Node Type": "Nested Loop", "Parent Relationship": "Outer", "Join Type": "Inner", "Startup Cost": 4.83, "Total Cost": 77050.1, "Plan Rows": 1155, "Plan Width": 68, "Actual Min Startup Time": 156.042, "Actual Max Startup Time": 156.042, "Actual Min Total Time": 9827.634, "Actual Max Total Time": 9827.634, "Inner Unique": false, "Plans": [{"Node Type": "Nested Loop", "Parent Relationship": "Outer", "Join Type": "Inner", "Startup Cost": 4.83, "Total Cost": 75988.47, "Plan Rows": 1044, "Plan Width": 76, "Actual Min Startup Time": 155.915, "Actual Max Startup Time": 155.915, "Actual Min Total Time": 1805.705, "Actual Max Total Time": 1805.705, "Inner Unique": true, "Join Filter": "(mi.movie_id = t.id)", "Rows Removed by Join Filter": 0, "Plans": [{"Node Type": "Hash Join", "Parent Relationship": "Outer", "Join Type": "Inner", "Startup Cost": 4.83, "Total Cost": 75560.28, "Plan Rows": 1044, "Plan Width": 55, "Actual Min Startup Time": 155.892, "Actual Max Startup Time": 155.892, "Actual Min Total Time": 1270.945, "Actual Max Total Time": 1270.945, "Inner Unique": true, "Hash Cond": "(mi_idx.info_type_id = it2.id)", "Plans": [{"Node Type": "Nested Loop", "Parent Relationship": "Outer", "Join Type": "Inner", "Startup Cost": 2.41, "Total Cost": 75536.96, "Plan Rows": 4175, "Plan Width": 59, "Actual Min Startup Time": 155.737, "Actual Max Startup Time": 155.737, "Actual Min Total Time": 1174.776, "Actual Max Total Time": 1174.776, "Inner Unique": false, "Plans": [{"Node Type": "Hash Join", "Parent Relationship": "Outer", "Join Type": "Inner", "Startup Cost": 2.41, "Total Cost": 74048.91, "Plan Rows": 2717, "Plan Width": 46, "Actual Min Startup Time": 155.684, "Actual Max Startup Time": 155.684, "Actual Min Total Time": 356.203, "Actual Max Total Time": 356.203, "Inner Unique": true, "Hash Cond": "(mi.info_type_id = it1.id)", "Plans": [{"Node Type": "Streaming(type: LOCAL GATHER dop: 1/64)", "Parent Relationship": "Outer", "Startup Cost": 0.0, "Total Cost": 73306.19, "Plan Rows": 190170, "Plan Width": 50, "Actual Min Startup Time": 136.808, "Actual Max Startup Time": 136.808, "Actual Min Total Time": 246.814, "Actual Max Total Time": 246.814, "Plans": [{"Node Type": "Seq Scan", "Parent Relationship": "Outer", "Relation Name": "movie_info", "Alias": "mi", "Startup Cost": 0.0, "Total Cost": 69383.01, "Plan Rows": 190170, "Plan Width": 50, "Actual Min Startup Time": 63.231, "Actual Max Startup Time": 142.443, "Actual Min Total Time": 110.322, "Actual Max Total Time": 163.069, "Filter": "((info)::text = ANY ('{Horror,Action,Sci-Fi,Thriller,Crime,War}'::text[]))", "Rows Removed by Filter": 14646748, "Actual Rows": 188971}], "Actual Rows": 188971}, {"Node Type": "Hash", "Parent Relationship": "Inner", "Startup Cost": 2.4, "Total Cost": 2.4, "Plan Rows": 1, "Plan Width": 4, "Actual Min Startup Time": 0.056, "Actual Max Startup Time": 0.056, "Actual Min Total Time": 0.056, "Actual Max Total Time": 0.056, "Max Hash Buckets": 32768, "Min Hash Buckets": 32768, "Max Hash Batches": 1, "Min Hash Batches": 1, "Max Original Hash Batches": 1, "Min Original Hash Batches": 1, "Max Peak Memory Usage": 1, "min Peak Memory Usage": 1, "Plans": [{"Node Type": "Seq Scan", "Parent Relationship": "Outer", "Relation Name": "info_type", "Alias": "it1", "Startup Cost": 0.0, "Total Cost": 2.4, "Plan Rows": 1, "Plan Width": 4, "Actual Min Startup Time": 0.028, "Actual Max Startup Time": 0.028, "Actual Min Total Time": 0.05, "Actual Max Total Time": 0.05, "Filter": "((info)::text = 'genres'::text)", "Rows Removed by Filter": 111, "Actual Rows": 1}], "Actual Rows": 1}], "Actual Rows": 186594}, {"Node Type": "Index Scan", "Parent Relationship": "Inner", "Scan Direction": "Forward", "Index Name": "movie_id_movie_info_idx", "Relation Name": "movie_info_idx", "Alias": "mi_idx", "Startup Cost": 0.0, "Total Cost": 0.53, "Plan Rows": 2, "Plan Width": 13, "Actual Min Startup Time": 530.603, "Actual Max Startup Time": 530.603, "Actual Min Total Time": 647.551, "Actual Max Total Time": 647.551, "Index Cond": "(movie_id = mi.movie_id)", "Rows Removed by Index Recheck": 0, "Actual Rows": 307785}], "Actual Rows": 307785}, {"Node Type": "Hash", "Parent Relationship": "Inner", "Startup Cost": 2.4, "Total Cost": 2.4, "Plan Rows": 1, "Plan Width": 4, "Actual Min Startup Time": 0.09, "Actual Max Startup Time": 0.09, "Actual Min Total Time": 0.09, "Actual Max Total Time": 0.09, "Max Hash Buckets": 32768, "Min Hash Buckets": 32768, "Max Hash Batches": 1, "Min Hash Batches": 1, "Max Original Hash Batches": 1, "Min Original Hash Batches": 1, "Max Peak Memory Usage": 1, "min Peak Memory Usage": 1, "Plans": [{"Node Type": "Seq Scan", "Parent Relationship": "Outer", "Relation Name": "info_type", "Alias": "it2", "Startup Cost": 0.0, "Total Cost": 2.4, "Plan Rows": 1, "Plan Width": 4, "Actual Min Startup Time": 0.075, "Actual Max Startup Time": 0.075, "Actual Min Total Time": 0.08, "Actual Max Total Time": 0.08, "Filter": "((info)::text = 'votes'::text)", "Rows Removed by Filter": 111, "Actual Rows": 1}], "Actual Rows": 1}], "Actual Rows": 102516}, {"Node Type": "Index Scan", "Parent Relationship": "Inner", "Scan Direction": "Forward", "Index Name": "title_pkey", "Relation Name": "title", "Alias": "t", "Startup Cost": 0.0, "Total Cost": 0.4, "Plan Rows": 1, "Plan Width": 21, "Actual Min Startup Time": 424.957, "Actual Max Startup Time": 424.957, "Actual Min Total Time": 424.957, "Actual Max Total Time": 424.957, "Index Cond": "(id = mi_idx.movie_id)", "Rows Removed by Index Recheck": 0, "Actual Rows": 102516}], "Actual Rows": 102516}, {"Node Type": "Index Scan", "Parent Relationship": "Inner", "Scan Direction": "Forward", "Index Name": "movie_id_cast_info", "Relation Name": "cast_info", "Alias": "ci", "Startup Cost": 0.0, "Total Cost": 1.01, "Plan Rows": 1, "Plan Width": 8, "Actual Min Startup Time": 6776.626, "Actual Max Startup Time": 6776.626, "Actual Min Total Time": 7948.601, "Actual Max Total Time": 7948.601, "Index Cond": "(movie_id = t.id)", "Rows Removed by Index Recheck": 0, "Filter": "((note)::text = ANY ('{(writer),\"(head writer)\",\"(written by)\",(story),\"(story editor)\"}'::text[]))", "Rows Removed by Filter": 3987641, "Actual Rows": 54155}], "Actual Rows": 54155}, {"Node Type": "Index Scan", "Parent Relationship": "Inner", "Scan Direction": "Forward", "Index Name": "name_pkey", "Relation Name": "name", "Alias": "n", "Startup Cost": 0.0, "Total Cost": 0.49, "Plan Rows": 1, "Plan Width": 4, "Actual Min Startup Time": 341.205, "Actual Max Startup Time": 341.205, "Actual Min Total Time": 341.205, "Actual Max Total Time": 341.205, "Index Cond": "(id = ci.person_id)", "Rows Removed by Index Recheck": 0, "Filter": "((gender)::text = 'm'::text)", "Rows Removed by Filter": 26082, "Actual Rows": 28073}], "Actual Rows": 28073}], "Actual Rows": 1}, "Triggers": [], "Planner Runtime": 47, "Total Runtime": 10270.15, "Unique SQL Id": 3913857139}}, "(64, 101)": {"explain_plan": {"Plan": {"Node Type": "Aggregate", "Strategy": "Plain", "Startup Cost": 169731.13, "Total Cost": 169731.14, "Plan Rows": 1, "Plan Width": 160, "Plans": [{"Node Type": "Nested Loop", "Parent Relationship": "Outer", "Join Type": "Inner", "Startup Cost": 4842.14, "Total Cost": 169720.53, "Plan Rows": 1413, "Plan Width": 64, "Inner Unique": true, "Plans": [{"Node Type": "Nested Loop", "Parent Relationship": "Outer", "Join Type": "Inner", "Startup Cost": 4842.14, "Total Cost": 169141.26, "Plan Rows": 1155, "Plan Width": 68, "Inner Unique": false, "Plans": [{"Node Type": "Nested Loop", "Parent Relationship": "Outer", "Join Type": "Inner", "Startup Cost": 4842.14, "Total Cost": 168079.63, "Plan Rows": 1044, "Plan Width": 76, "Inner Unique": true, "Join Filter": "(mi.movie_id = t.id)", "Plans": [{"Node Type": "Nested Loop", "Parent Relationship": "Outer", "Join Type": "Inner", "Startup Cost": 4842.14, "Total Cost": 167651.44, "Plan Rows": 1044, "Plan Width": 55, "Inner Unique": true, "Plans": [{"Node Type": "Nested Loop", "Parent Relationship": "Outer", "Join Type": "Inner", "Startup Cost": 4842.14, "Total Cost": 166471.96, "Plan Rows": 4175, "Plan Width": 59, "Inner Unique": false, "Plans": [{"Node Type": "Nested Loop", "Parent Relationship": "Outer", "Join Type": "Inner", "Startup Cost": 4842.14, "Total Cost": 164983.91, "Plan Rows": 2717, "Plan Width": 46, "Inner Unique": false, "Plans": [{"Node Type": "Index Scan", "Parent Relationship": "Outer", "Scan Direction": "Forward", "Index Name": "info_type_pkey", "Relation Name": "info_type", "Alias": "it1", "Startup Cost": 0.0, "Total Cost": 14.21, "Plan Rows": 1, "Plan Width": 4, "Filter": "((info)::text = 'genres'::text)"}, {"Node Type": "Bitmap Heap Scan", "Parent Relationship": "Inner", "Relation Name": "movie_info", "Alias": "mi", "Startup Cost": 4842.14, "Total Cost": 164942.53, "Plan Rows": 2717, "Plan Width": 50, "Recheck Cond": "(info_type_id = it1.id)", "Filter": "((info)::text = ANY ('{Horror,Action,Sci-Fi,Thriller,Crime,War}'::text[]))", "Plans": [{"Node Type": "Bitmap Index Scan", "Parent Relationship": "Outer", "Index Name": "info_type_id_movie_info", "Startup Cost": 0.0, "Total Cost": 4841.46, "Plan Rows": 212428, "Plan Width": 0, "Index Cond": "(info_type_id = it1.id)"}]}]}, {"Node Type": "Index Scan", "Parent Relationship": "Inner", "Scan Direction": "Forward", "Index Name": "movie_id_movie_info_idx", "Relation Name": "movie_info_idx", "Alias": "mi_idx", "Startup Cost": 0.0, "Total Cost": 0.53, "Plan Rows": 2, "Plan Width": 13, "Index Cond": "(movie_id = mi.movie_id)"}]}, {"Node Type": "Index Scan", "Parent Relationship": "Inner", "Scan Direction": "Forward", "Index Name": "info_type_pkey", "Relation Name": "info_type", "Alias": "it2", "Startup Cost": 0.0, "Total Cost": 0.27, "Plan Rows": 1, "Plan Width": 4, "Index Cond": "(id = mi_idx.info_type_id)", "Filter": "((info)::text = 'votes'::text)"}]}, {"Node Type": "Index Scan", "Parent Relationship": "Inner", "Scan Direction": "Forward", "Index Name": "title_pkey", "Relation Name": "title", "Alias": "t", "Startup Cost": 0.0, "Total Cost": 0.4, "Plan Rows": 1, "Plan Width": 21, "Index Cond": "(id = mi_idx.movie_id)"}]}, {"Node Type": "Index Scan", "Parent Relationship": "Inner", "Scan Direction": "Forward", "Index Name": "movie_id_cast_info", "Relation Name": "cast_info", "Alias": "ci", "Startup Cost": 0.0, "Total Cost": 1.01, "Plan Rows": 1, "Plan Width": 8, "Index Cond": "(movie_id = t.id)", "Filter": "((note)::text = ANY ('{(writer),\"(head writer)\",\"(written by)\",(story),\"(story editor)\"}'::text[]))"}]}, {"Node Type": "Index Scan", "Parent Relationship": "Inner", "Scan Direction": "Forward", "Index Name": "name_pkey", "Relation Name": "name", "Alias": "n", "Startup Cost": 0.0, "Total Cost": 0.49, "Plan Rows": 1, "Plan Width": 4, "Index Cond": "(id = ci.person_id)", "Filter": "((gender)::text = 'm'::text)"}]}]}, "Unique SQL Id": 3913857139, "Planner Runtime": 18}, "explain_analyze_plan": {"Plan": {"Node Type": "Aggregate", "Strategy": "Plain", "Startup Cost": 169731.13, "Total Cost": 169731.14, "Plan Rows": 1, "Plan Width": 160, "Actual Startup Time": 12278.419, "Actual Total Time": 12278.419, "Actual Rows": 1, "Actual Loops": 1, "Plans": [{"Node Type": "Nested Loop", "Parent Relationship": "Outer", "Join Type": "Inner", "Startup Cost": 4842.14, "Total Cost": 169720.53, "Plan Rows": 1413, "Plan Width": 64, "Actual Startup Time": 189.228, "Actual Total Time": 12238.76, "Actual Rows": 28073, "Actual Loops": 1, "Inner Unique": true, "Plans": [{"Node Type": "Nested Loop", "Parent Relationship": "Outer", "Join Type": "Inner", "Startup Cost": 4842.14, "Total Cost": 169141.26, "Plan Rows": 1155, "Plan Width": 68, "Actual Startup Time": 186.782, "Actual Total Time": 11830.548, "Actual Rows": 54155, "Actual Loops": 1, "Inner Unique": false, "Plans": [{"Node Type": "Nested Loop", "Parent Relationship": "Outer", "Join Type": "Inner", "Startup Cost": 4842.14, "Total Cost": 168079.63, "Plan Rows": 1044, "Plan Width": 76, "Actual Startup Time": 183.875, "Actual Total Time": 3307.953, "Actual Rows": 102516, "Actual Loops": 1, "Inner Unique": true, "Join Filter": "(mi.movie_id = t.id)", "Rows Removed by Join Filter": 0, "Plans": [{"Node Type": "Nested Loop", "Parent Relationship": "Outer", "Join Type": "Inner", "Startup Cost": 4842.14, "Total Cost": 167651.44, "Plan Rows": 1044, "Plan Width": 55, "Actual Startup Time": 183.855, "Actual Total Time": 2757.508, "Actual Rows": 102516, "Actual Loops": 1, "Inner Unique": true, "Plans": [{"Node Type": "Nested Loop", "Parent Relationship": "Outer", "Join Type": "Inner", "Startup Cost": 4842.14, "Total Cost": 166471.96, "Plan Rows": 4175, "Plan Width": 59, "Actual Startup Time": 183.831, "Actual Total Time": 2013.762, "Actual Rows": 307785, "Actual Loops": 1, "Inner Unique": false, "Plans": [{"Node Type": "Nested Loop", "Parent Relationship": "Outer", "Join Type": "Inner", "Startup Cost": 4842.14, "Total Cost": 164983.91, "Plan Rows": 2717, "Plan Width": 46, "Actual Startup Time": 183.795, "Actual Total Time": 1165.444, "Actual Rows": 186594, "Actual Loops": 1, "Inner Unique": false, "Plans": [{"Node Type": "Index Scan", "Parent Relationship": "Outer", "Scan Direction": "Forward", "Index Name": "info_type_pkey", "Relation Name": "info_type", "Alias": "it1", "Startup Cost": 0.0, "Total Cost": 14.21, "Plan Rows": 1, "Plan Width": 4, "Actual Startup Time": 0.04, "Actual Total Time": 0.092, "Actual Rows": 1, "Actual Loops": 1, "Filter": "((info)::text = 'genres'::text)", "Rows Removed by Filter": 111}, {"Node Type": "Bitmap Heap Scan", "Parent Relationship": "Inner", "Relation Name": "movie_info", "Alias": "mi", "Startup Cost": 4842.14, "Total Cost": 164942.53, "Plan Rows": 2717, "Plan Width": 50, "Actual Startup Time": 183.744, "Actual Total Time": 1120.521, "Actual Rows": 186594, "Actual Loops": 1, "Recheck Cond": "(info_type_id = it1.id)", "Rows Removed by Index Recheck": 0, "Filter": "((info)::text = ANY ('{Horror,Action,Sci-Fi,Thriller,Crime,War}'::text[]))", "Rows Removed by Filter": 1347315, "Exact Heap Blocks": 7426, "Lossy Heap Blocks": 7426, "Plans": [{"Node Type": "Bitmap Index Scan", "Parent Relationship": "Outer", "Index Name": "info_type_id_movie_info", "Startup Cost": 0.0, "Total Cost": 4841.46, "Plan Rows": 212428, "Plan Width": 0, "Actual Startup Time": 182.362, "Actual Total Time": 182.362, "Actual Rows": 1533909, "Actual Loops": 1, "Index Cond": "(info_type_id = it1.id)"}]}]}, {"Node Type": "Index Scan", "Parent Relationship": "Inner", "Scan Direction": "Forward", "Index Name": "movie_id_movie_info_idx", "Relation Name": "movie_info_idx", "Alias": "mi_idx", "Startup Cost": 0.0, "Total Cost": 0.53, "Plan Rows": 2, "Plan Width": 13, "Actual Startup Time": 549.041, "Actual Total Time": 674.8, "Actual Rows": 307785, "Actual Loops": 186594, "Index Cond": "(movie_id = mi.movie_id)", "Rows Removed by Index Recheck": 0}]}, {"Node Type": "Index Scan", "Parent Relationship": "Inner", "Scan Direction": "Forward", "Index Name": "info_type_pkey", "Relation Name": "info_type", "Alias": "it2", "Startup Cost": 0.0, "Total Cost": 0.27, "Plan Rows": 1, "Plan Width": 4, "Actual Startup Time": 563.242, "Actual Total Time": 563.242, "Actual Rows": 102516, "Actual Loops": 307785, "Index Cond": "(id = mi_idx.info_type_id)", "Rows Removed by Index Recheck": 0, "Filter": "((info)::text = 'votes'::text)", "Rows Removed by Filter": 205269}]}, {"Node Type": "Index Scan", "Parent Relationship": "Inner", "Scan Direction": "Forward", "Index Name": "title_pkey", "Relation Name": "title", "Alias": "t", "Startup Cost": 0.0, "Total Cost": 0.4, "Plan Rows": 1, "Plan Width": 21, "Actual Startup Time": 433.373, "Actual Total Time": 433.373, "Actual Rows": 102516, "Actual Loops": 102516, "Index Cond": "(id = mi_idx.movie_id)", "Rows Removed by Index Recheck": 0}]}, {"Node Type": "Index Scan", "Parent Relationship": "Inner", "Scan Direction": "Forward", "Index Name": "movie_id_cast_info", "Relation Name": "cast_info", "Alias": "ci", "Startup Cost": 0.0, "Total Cost": 1.01, "Plan Rows": 1, "Plan Width": 8, "Actual Startup Time": 7204.574, "Actual Total Time": 8452.357, "Actual Rows": 54155, "Actual Loops": 102516, "Index Cond": "(movie_id = t.id)", "Rows Removed by Index Recheck": 0, "Filter": "((note)::text = ANY ('{(writer),\"(head writer)\",\"(written by)\",(story),\"(story editor)\"}'::text[]))", "Rows Removed by Filter": 3987641}]}, {"Node Type": "Index Scan", "Parent Relationship": "Inner", "Scan Direction": "Forward", "Index Name": "name_pkey", "Relation Name": "name", "Alias": "n", "Startup Cost": 0.0, "Total Cost": 0.49, "Plan Rows": 1, "Plan Width": 4, "Actual Startup Time": 361.413, "Actual Total Time": 361.413, "Actual Rows": 28073, "Actual Loops": 54155, "Index Cond": "(id = ci.person_id)", "Rows Removed by Index Recheck": 0, "Filter": "((gender)::text = 'm'::text)", "Rows Removed by Filter": 26082}]}]}, "Triggers": [], "Planner Runtime": 18, "Total Runtime": 12278.868, "Unique SQL Id": 3913857139}}, "(64, 102)": {"explain_plan": {"Plan": {"Node Type": "Aggregate", "Strategy": "Plain", "Startup Cost": 100417.54, "Total Cost": 100417.55, "Plan Rows": 1, "Plan Width": 160, "Plans": [{"Node Type": "Nested Loop", "Parent Relationship": "Outer", "Join Type": "Inner", "Startup Cost": 6.3, "Total Cost": 100406.94, "Plan Rows": 1413, "Plan Width": 64, "Inner Unique": true, "Plans": [{"Node Type": "Nested Loop", "Parent Relationship": "Outer", "Join Type": "Inner", "Startup Cost": 5.99, "Total Cost": 95401.52, "Plan Rows": 1155, "Plan Width": 68, "Inner Unique": false, "Plans": [{"Node Type": "Nested Loop", "Parent Relationship": "Outer", "Join Type": "Inner", "Startup Cost": 5.48, "Total Cost": 90558.85, "Plan Rows": 1044, "Plan Width": 76, "Inner Unique": true, "Join Filter": "(mi.movie_id = t.id)", "Plans": [{"Node Type": "Hash Join", "Parent Relationship": "Outer", "Join Type": "Inner", "Startup Cost": 5.19, "Total Cost": 86059.66, "Plan Rows": 1044, "Plan Width": 55, "Inner Unique": true, "Hash Cond": "(mi_idx.info_type_id = it2.id)", "Plans": [{"Node Type": "Nested Loop", "Parent Relationship": "Outer", "Join Type": "Inner", "Startup Cost": 2.78, "Total Cost": 86036.34, "Plan Rows": 4175, "Plan Width": 59, "Inner Unique": false, "Plans": [{"Node Type": "Hash Join", "Parent Relationship": "Outer", "Join Type": "Inner", "Startup Cost": 2.41, "Total Cost": 74048.91, "Plan Rows": 2717, "Plan Width": 46, "Inner Unique": true, "Hash Cond": "(mi.info_type_id = it1.id)", "Plans": [{"Node Type": "Streaming(type: LOCAL GATHER dop: 1/64)", "Parent Relationship": "Outer", "Startup Cost": 0.0, "Total Cost": 73306.19, "Plan Rows": 190170, "Plan Width": 50, "Plans": [{"Node Type": "Seq Scan", "Parent Relationship": "Outer", "Relation Name": "movie_info", "Alias": "mi", "Startup Cost": 0.0, "Total Cost": 69383.01, "Plan Rows": 190170, "Plan Width": 50, "Filter": "((info)::text = ANY ('{Horror,Action,Sci-Fi,Thriller,Crime,War}'::text[]))"}]}, {"Node Type": "Hash", "Parent Relationship": "Inner", "Startup Cost": 2.4, "Total Cost": 2.4, "Plan Rows": 1, "Plan Width": 4, "Plans": [{"Node Type": "Seq Scan", "Parent Relationship": "Outer", "Relation Name": "info_type", "Alias": "it1", "Startup Cost": 0.0, "Total Cost": 2.4, "Plan Rows": 1, "Plan Width": 4, "Filter": "((info)::text = 'genres'::text)"}]}]}, {"Node Type": "Bitmap Heap Scan", "Parent Relationship": "Inner", "Relation Name": "movie_info_idx", "Alias": "mi_idx", "Startup Cost": 0.37, "Total Cost": 4.39, "Plan Rows": 2, "Plan Width": 13, "Recheck Cond": "(movie_id = mi.movie_id)", "Plans": [{"Node Type": "Bitmap Index Scan", "Parent Relationship": "Outer", "Index Name": "movie_id_movie_info_idx", "Startup Cost": 0.0, "Total Cost": 0.37, "Plan Rows": 2, "Plan Width": 0, "Index Cond": "(movie_id = mi.movie_id)"}]}]}, {"Node Type": "Hash", "Parent Relationship": "Inner", "Startup Cost": 2.4, "Total Cost": 2.4, "Plan Rows": 1, "Plan Width": 4, "Plans": [{"Node Type": "Seq Scan", "Parent Relationship": "Outer", "Relation Name": "info_type", "Alias": "it2", "Startup Cost": 0.0, "Total Cost": 2.4, "Plan Rows": 1, "Plan Width": 4, "Filter": "((info)::text = 'votes'::text)"}]}]}, {"Node Type": "Bitmap Heap Scan", "Parent Relationship": "Inner", "Relation Name": "title", "Alias": "t", "Startup Cost": 0.28, "Total Cost": 4.3, "Plan Rows": 1, "Plan Width": 21, "Recheck Cond": "(id = mi_idx.movie_id)", "Plans": [{"Node Type": "Bitmap Index Scan", "Parent Relationship": "Outer", "Index Name": "title_pkey", "Startup Cost": 0.0, "Total Cost": 0.28, "Plan Rows": 1, "Plan Width": 0, "Index Cond": "(id = mi_idx.movie_id)"}]}]}, {"Node Type": "Bitmap Heap Scan", "Parent Relationship": "Inner", "Relation Name": "cast_info", "Alias": "ci", "Startup Cost": 0.52, "Total Cost": 4.63, "Plan Rows": 1, "Plan Width": 8, "Recheck Cond": "(movie_id = t.id)", "Filter": "((note)::text = ANY ('{(writer),\"(head writer)\",\"(written by)\",(story),\"(story editor)\"}'::text[]))", "Plans": [{"Node Type": "Bitmap Index Scan", "Parent Relationship": "Outer", "Index Name": "movie_id_cast_info", "Startup Cost": 0.0, "Total Cost": 0.52, "Plan Rows": 6, "Plan Width": 0, "Index Cond": "(movie_id = t.id)"}]}]}, {"Node Type": "Bitmap Heap Scan", "Parent Relationship": "Inner", "Relation Name": "name", "Alias": "n", "Startup Cost": 0.31, "Total Cost": 4.32, "Plan Rows": 1, "Plan Width": 4, "Recheck Cond": "(id = ci.person_id)", "Filter": "((gender)::text = 'm'::text)", "Plans": [{"Node Type": "Bitmap Index Scan", "Parent Relationship": "Outer", "Index Name": "name_pkey", "Startup Cost": 0.0, "Total Cost": 0.31, "Plan Rows": 1, "Plan Width": 0, "Index Cond": "(id = ci.person_id)"}]}]}]}, "Unique SQL Id": 3913857139, "Planner Runtime": 56}, "explain_analyze_plan": {"Plan": {"Node Type": "Aggregate", "Strategy": "Plain", "Startup Cost": 100417.54, "Total Cost": 100417.55, "Plan Rows": 1, "Plan Width": 160, "Actual Min Startup Time": 12824.084, "Actual Max Startup Time": 12824.084, "Actual Min Total Time": 12824.084, "Actual Max Total Time": 12824.084, "Plans": [{"Node Type": "Nested Loop", "Parent Relationship": "Outer", "Join Type": "Inner", "Startup Cost": 6.3, "Total Cost": 100406.94, "Plan Rows": 1413, "Plan Width": 64, "Actual Min Startup Time": 166.533, "Actual Max Startup Time": 166.533, "Actual Min Total Time": 12770.546, "Actual Max Total Time": 12770.546, "Inner Unique": true, "Plans": [{"Node Type": "Nested Loop", "Parent Relationship": "Outer", "Join Type": "Inner", "Startup Cost": 5.99, "Total Cost": 95401.52, "Plan Rows": 1155, "Plan Width": 68, "Actual Min Startup Time": 166.503, "Actual Max Startup Time": 166.503, "Actual Min Total Time": 12261.602, "Actual Max Total Time": 12261.602, "Inner Unique": false, "Plans": [{"Node Type": "Nested Loop", "Parent Relationship": "Outer", "Join Type": "Inner", "Startup Cost": 5.48, "Total Cost": 90558.85, "Plan Rows": 1044, "Plan Width": 76, "Actual Min Startup Time": 166.229, "Actual Max Startup Time": 166.229, "Actual Min Total Time": 2368.519, "Actual Max Total Time": 2368.519, "Inner Unique": true, "Join Filter": "(mi.movie_id = t.id)", "Rows Removed by Join Filter": 0, "Plans": [{"Node Type": "Hash Join", "Parent Relationship": "Outer", "Join Type": "Inner", "Startup Cost": 5.19, "Total Cost": 86059.66, "Plan Rows": 1044, "Plan Width": 55, "Actual Min Startup Time": 166.203, "Actual Max Startup Time": 166.203, "Actual Min Total Time": 1622.728, "Actual Max Total Time": 1622.728, "Inner Unique": true, "Hash Cond": "(mi_idx.info_type_id = it2.id)", "Plans": [{"Node Type": "Nested Loop", "Parent Relationship": "Outer", "Join Type": "Inner", "Startup Cost": 2.78, "Total Cost": 86036.34, "Plan Rows": 4175, "Plan Width": 59, "Actual Min Startup Time": 166.039, "Actual Max Startup Time": 166.039, "Actual Min Total Time": 1516.368, "Actual Max Total Time": 1516.368, "Inner Unique": false, "Plans": [{"Node Type": "Hash Join", "Parent Relationship": "Outer", "Join Type": "Inner", "Startup Cost": 2.41, "Total Cost": 74048.91, "Plan Rows": 2717, "Plan Width": 46, "Actual Min Startup Time": 165.982, "Actual Max Startup Time": 165.982, "Actual Min Total Time": 373.406, "Actual Max Total Time": 373.406, "Inner Unique": true, "Hash Cond": "(mi.info_type_id = it1.id)", "Plans": [{"Node Type": "Streaming(type: LOCAL GATHER dop: 1/64)", "Parent Relationship": "Outer", "Startup Cost": 0.0, "Total Cost": 73306.19, "Plan Rows": 190170, "Plan Width": 50, "Actual Min Startup Time": 144.483, "Actual Max Startup Time": 144.483, "Actual Min Total Time": 257.234, "Actual Max Total Time": 257.234, "Plans": [{"Node Type": "Seq Scan", "Parent Relationship": "Outer", "Relation Name": "movie_info", "Alias": "mi", "Startup Cost": 0.0, "Total Cost": 69383.01, "Plan Rows": 190170, "Plan Width": 50, "Actual Min Startup Time": 55.446, "Actual Max Startup Time": 109.421, "Actual Min Total Time": 109.799, "Actual Max Total Time": 124.966, "Filter": "((info)::text = ANY ('{Horror,Action,Sci-Fi,Thriller,Crime,War}'::text[]))", "Rows Removed by Filter": 14646748, "Actual Rows": 188971}], "Actual Rows": 188971}, {"Node Type": "Hash", "Parent Relationship": "Inner", "Startup Cost": 2.4, "Total Cost": 2.4, "Plan Rows": 1, "Plan Width": 4, "Actual Min Startup Time": 0.053, "Actual Max Startup Time": 0.053, "Actual Min Total Time": 0.053, "Actual Max Total Time": 0.053, "Max Hash Buckets": 32768, "Min Hash Buckets": 32768, "Max Hash Batches": 1, "Min Hash Batches": 1, "Max Original Hash Batches": 1, "Min Original Hash Batches": 1, "Max Peak Memory Usage": 1, "min Peak Memory Usage": 1, "Plans": [{"Node Type": "Seq Scan", "Parent Relationship": "Outer", "Relation Name": "info_type", "Alias": "it1", "Startup Cost": 0.0, "Total Cost": 2.4, "Plan Rows": 1, "Plan Width": 4, "Actual Min Startup Time": 0.028, "Actual Max Startup Time": 0.028, "Actual Min Total Time": 0.05, "Actual Max Total Time": 0.05, "Filter": "((info)::text = 'genres'::text)", "Rows Removed by Filter": 111, "Actual Rows": 1}], "Actual Rows": 1}], "Actual Rows": 186594}, {"Node Type": "Bitmap Heap Scan", "Parent Relationship": "Inner", "Relation Name": "movie_info_idx", "Alias": "mi_idx", "Startup Cost": 0.37, "Total Cost": 4.39, "Plan Rows": 2, "Plan Width": 13, "Actual Min Startup Time": 781.239, "Actual Max Startup Time": 781.239, "Actual Min Total Time": 826.519, "Actual Max Total Time": 826.519, "Recheck Cond": "(movie_id = mi.movie_id)", "Rows Removed by Index Recheck": 0, "Exact Heap Blocks": 103610, "Lossy Heap Blocks": 103610, "Plans": [{"Node Type": "Bitmap Index Scan", "Parent Relationship": "Outer", "Index Name": "movie_id_movie_info_idx", "Startup Cost": 0.0, "Total Cost": 0.37, "Plan Rows": 2, "Plan Width": 0, "Actual Min Startup Time": 528.133, "Actual Max Startup Time": 528.133, "Actual Min Total Time": 528.133, "Actual Max Total Time": 528.133, "Index Cond": "(movie_id = mi.movie_id)", "Actual Rows": 307785}], "Actual Rows": 307785}], "Actual Rows": 307785}, {"Node Type": "Hash", "Parent Relationship": "Inner", "Startup Cost": 2.4, "Total Cost": 2.4, "Plan Rows": 1, "Plan Width": 4, "Actual Min Startup Time": 0.096, "Actual Max Startup Time": 0.096, "Actual Min Total Time": 0.096, "Actual Max Total Time": 0.096, "Max Hash Buckets": 32768, "Min Hash Buckets": 32768, "Max Hash Batches": 1, "Min Hash Batches": 1, "Max Original Hash Batches": 1, "Min Original Hash Batches": 1, "Max Peak Memory Usage": 1, "min Peak Memory Usage": 1, "Plans": [{"Node Type": "Seq Scan", "Parent Relationship": "Outer", "Relation Name": "info_type", "Alias": "it2", "Startup Cost": 0.0, "Total Cost": 2.4, "Plan Rows": 1, "Plan Width": 4, "Actual Min Startup Time": 0.077, "Actual Max Startup Time": 0.077, "Actual Min Total Time": 0.083, "Actual Max Total Time": 0.083, "Filter": "((info)::text = 'votes'::text)", "Rows Removed by Filter": 111, "Actual Rows": 1}], "Actual Rows": 1}], "Actual Rows": 102516}, {"Node Type": "Bitmap Heap Scan", "Parent Relationship": "Inner", "Relation Name": "title", "Alias": "t", "Startup Cost": 0.28, "Total Cost": 4.3, "Plan Rows": 1, "Plan Width": 21, "Actual Min Startup Time": 566.317, "Actual Max Startup Time": 566.317, "Actual Min Total Time": 566.317, "Actual Max Total Time": 566.317, "Recheck Cond": "(id = mi_idx.movie_id)", "Rows Removed by Index Recheck": 0, "Exact Heap Blocks": 102516, "Lossy Heap Blocks": 102516, "Plans": [{"Node Type": "Bitmap Index Scan", "Parent Relationship": "Outer", "Index Name": "title_pkey", "Startup Cost": 0.0, "Total Cost": 0.28, "Plan Rows": 1, "Plan Width": 0, "Actual Min Startup Time": 307.396, "Actual Max Startup Time": 307.396, "Actual Min Total Time": 307.396, "Actual Max Total Time": 307.396, "Index Cond": "(id = mi_idx.movie_id)", "Actual Rows": 102516}], "Actual Rows": 102516}], "Actual Rows": 102516}, {"Node Type": "Bitmap Heap Scan", "Parent Relationship": "Inner", "Relation Name": "cast_info", "Alias": "ci", "Startup Cost": 0.52, "Total Cost": 4.63, "Plan Rows": 1, "Plan Width": 8, "Actual Min Startup Time": 8426.528, "Actual Max Startup Time": 8426.528, "Actual Min Total Time": 9728.122, "Actual Max Total Time": 9728.122, "Recheck Cond": "(movie_id = t.id)", "Rows Removed by Index Recheck": 0, "Filter": "((note)::text = ANY ('{(writer),\"(head writer)\",\"(written by)\",(story),\"(story editor)\"}'::text[]))", "Rows Removed by Filter": 3987641, "Exact Heap Blocks": 3901088, "Lossy Heap Blocks": 3901088, "Plans": [{"Node Type": "Bitmap Index Scan", "Parent Relationship": "Outer", "Index Name": "movie_id_cast_info", "Startup Cost": 0.0, "Total Cost": 0.52, "Plan Rows": 6, "Plan Width": 0, "Actual Min Startup Time": 1075.542, "Actual Max Startup Time": 1075.542, "Actual Min Total Time": 1075.542, "Actual Max Total Time": 1075.542, "Index Cond": "(movie_id = t.id)", "Actual Rows": 4041796}], "Actual Rows": 54155}], "Actual Rows": 54155}, {"Node Type": "Bitmap Heap Scan", "Parent Relationship": "Inner", "Relation Name": "name", "Alias": "n", "Startup Cost": 0.31, "Total Cost": 4.32, "Plan Rows": 1, "Plan Width": 4, "Actual Min Startup Time": 417.996, "Actual Max Startup Time": 417.996, "Actual Min Total Time": 417.996, "Actual Max Total Time": 417.996, "Recheck Cond": "(id = ci.person_id)", "Rows Removed by Index Recheck": 0, "Filter": "((gender)::text = 'm'::text)", "Rows Removed by Filter": 26082, "Exact Heap Blocks": 54155, "Lossy Heap Blocks": 54155, "Plans": [{"Node Type": "Bitmap Index Scan", "Parent Relationship": "Outer", "Index Name": "name_pkey", "Startup Cost": 0.0, "Total Cost": 0.31, "Plan Rows": 1, "Plan Width": 0, "Actual Min Startup Time": 264.632, "Actual Max Startup Time": 264.632, "Actual Min Total Time": 264.632, "Actual Max Total Time": 264.632, "Index Cond": "(id = ci.person_id)", "Actual Rows": 54155}], "Actual Rows": 28073}], "Actual Rows": 28073}], "Actual Rows": 1}, "Triggers": [], "Planner Runtime": 56, "Total Runtime": 12835.644, "Unique SQL Id": 3913857139}}, "(64, 103)": {"explain_plan": {"Plan": {"Node Type": "Aggregate", "Strategy": "Plain", "Startup Cost": 191364.35, "Total Cost": 191364.36, "Plan Rows": 1, "Plan Width": 160, "Plans": [{"Node Type": "Nested Loop", "Parent Relationship": "Outer", "Join Type": "Inner", "Startup Cost": 4866.65, "Total Cost": 191353.75, "Plan Rows": 1413, "Plan Width": 64, "Inner Unique": true, "Plans": [{"Node Type": "Nested Loop", "Parent Relationship": "Outer", "Join Type": "Inner", "Startup Cost": 4866.34, "Total Cost": 186348.33, "Plan Rows": 1155, "Plan Width": 68, "Inner Unique": false, "Plans": [{"Node Type": "Nested Loop", "Parent Relationship": "Outer", "Join Type": "Inner", "Startup Cost": 4865.82, "Total Cost": 181505.66, "Plan Rows": 1044, "Plan Width": 76, "Inner Unique": true, "Join Filter": "(mi.movie_id = t.id)", "Plans": [{"Node Type": "Hash Join", "Parent Relationship": "Outer", "Join Type": "Inner", "Startup Cost": 4865.54, "Total Cost": 177006.47, "Plan Rows": 1044, "Plan Width": 55, "Inner Unique": true, "Hash Cond": "(mi_idx.info_type_id = it2.id)", "Plans": [{"Node Type": "Nested Loop", "Parent Relationship": "Outer", "Join Type": "Inner", "Startup Cost": 4851.32, "Total Cost": 176971.34, "Plan Rows": 4175, "Plan Width": 59, "Inner Unique": false, "Plans": [{"Node Type": "Nested Loop", "Parent Relationship": "Outer", "Join Type": "Inner", "Startup Cost": 4850.95, "Total Cost": 164983.91, "Plan Rows": 2717, "Plan Width": 46, "Inner Unique": false, "Plans": [{"Node Type": "Bitmap Heap Scan", "Parent Relationship": "Outer", "Relation Name": "info_type", "Alias": "it1", "Startup Cost": 8.81, "Total Cost": 14.21, "Plan Rows": 1, "Plan Width": 4, "Filter": "((info)::text = 'genres'::text)", "Plans": [{"Node Type": "Bitmap Index Scan", "Parent Relationship": "Outer", "Index Name": "info_type_pkey", "Startup Cost": 0.0, "Total Cost": 8.81, "Plan Rows": 112, "Plan Width": 0}]}, {"Node Type": "Bitmap Heap Scan", "Parent Relationship": "Inner", "Relation Name": "movie_info", "Alias": "mi", "Startup Cost": 4842.14, "Total Cost": 164942.53, "Plan Rows": 2717, "Plan Width": 50, "Recheck Cond": "(info_type_id = it1.id)", "Filter": "((info)::text = ANY ('{Horror,Action,Sci-Fi,Thriller,Crime,War}'::text[]))", "Plans": [{"Node Type": "Bitmap Index Scan", "Parent Relationship": "Outer", "Index Name": "info_type_id_movie_info", "Startup Cost": 0.0, "Total Cost": 4841.46, "Plan Rows": 212428, "Plan Width": 0, "Index Cond": "(info_type_id = it1.id)"}]}]}, {"Node Type": "Bitmap Heap Scan", "Parent Relationship": "Inner", "Relation Name": "movie_info_idx", "Alias": "mi_idx", "Startup Cost": 0.37, "Total Cost": 4.39, "Plan Rows": 2, "Plan Width": 13, "Recheck Cond": "(movie_id = mi.movie_id)", "Plans": [{"Node Type": "Bitmap Index Scan", "Parent Relationship": "Outer", "Index Name": "movie_id_movie_info_idx", "Startup Cost": 0.0, "Total Cost": 0.37, "Plan Rows": 2, "Plan Width": 0, "Index Cond": "(movie_id = mi.movie_id)"}]}]}, {"Node Type": "Hash", "Parent Relationship": "Inner", "Startup Cost": 14.21, "Total Cost": 14.21, "Plan Rows": 1, "Plan Width": 4, "Plans": [{"Node Type": "Bitmap Heap Scan", "Parent Relationship": "Outer", "Relation Name": "info_type", "Alias": "it2", "Startup Cost": 8.81, "Total Cost": 14.21, "Plan Rows": 1, "Plan Width": 4, "Filter": "((info)::text = 'votes'::text)", "Plans": [{"Node Type": "Bitmap Index Scan", "Parent Relationship": "Outer", "Index Name": "info_type_pkey", "Startup Cost": 0.0, "Total Cost": 8.81, "Plan Rows": 112, "Plan Width": 0}]}]}]}, {"Node Type": "Bitmap Heap Scan", "Parent Relationship": "Inner", "Relation Name": "title", "Alias": "t", "Startup Cost": 0.28, "Total Cost": 4.3, "Plan Rows": 1, "Plan Width": 21, "Recheck Cond": "(id = mi_idx.movie_id)", "Plans": [{"Node Type": "Bitmap Index Scan", "Parent Relationship": "Outer", "Index Name": "title_pkey", "Startup Cost": 0.0, "Total Cost": 0.28, "Plan Rows": 1, "Plan Width": 0, "Index Cond": "(id = mi_idx.movie_id)"}]}]}, {"Node Type": "Bitmap Heap Scan", "Parent Relationship": "Inner", "Relation Name": "cast_info", "Alias": "ci", "Startup Cost": 0.52, "Total Cost": 4.63, "Plan Rows": 1, "Plan Width": 8, "Recheck Cond": "(movie_id = t.id)", "Filter": "((note)::text = ANY ('{(writer),\"(head writer)\",\"(written by)\",(story),\"(story editor)\"}'::text[]))", "Plans": [{"Node Type": "Bitmap Index Scan", "Parent Relationship": "Outer", "Index Name": "movie_id_cast_info", "Startup Cost": 0.0, "Total Cost": 0.52, "Plan Rows": 6, "Plan Width": 0, "Index Cond": "(movie_id = t.id)"}]}]}, {"Node Type": "Bitmap Heap Scan", "Parent Relationship": "Inner", "Relation Name": "name", "Alias": "n", "Startup Cost": 0.31, "Total Cost": 4.32, "Plan Rows": 1, "Plan Width": 4, "Recheck Cond": "(id = ci.person_id)", "Filter": "((gender)::text = 'm'::text)", "Plans": [{"Node Type": "Bitmap Index Scan", "Parent Relationship": "Outer", "Index Name": "name_pkey", "Startup Cost": 0.0, "Total Cost": 0.31, "Plan Rows": 1, "Plan Width": 0, "Index Cond": "(id = ci.person_id)"}]}]}]}, "Unique SQL Id": 3913857139, "Planner Runtime": 17}, "explain_analyze_plan": {"Plan": {"Node Type": "Aggregate", "Strategy": "Plain", "Startup Cost": 191364.35, "Total Cost": 191364.36, "Plan Rows": 1, "Plan Width": 160, "Actual Startup Time": 13878.478, "Actual Total Time": 13878.479, "Actual Rows": 1, "Actual Loops": 1, "Plans": [{"Node Type": "Nested Loop", "Parent Relationship": "Outer", "Join Type": "Inner", "Startup Cost": 4866.65, "Total Cost": 191353.75, "Plan Rows": 1413, "Plan Width": 64, "Actual Startup Time": 179.959, "Actual Total Time": 13824.008, "Actual Rows": 28073, "Actual Loops": 1, "Inner Unique": true, "Plans": [{"Node Type": "Nested Loop", "Parent Relationship": "Outer", "Join Type": "Inner", "Startup Cost": 4866.34, "Total Cost": 186348.33, "Plan Rows": 1155, "Plan Width": 68, "Actual Startup Time": 177.254, "Actual Total Time": 13307.448, "Actual Rows": 54155, "Actual Loops": 1, "Inner Unique": false, "Plans": [{"Node Type": "Nested Loop", "Parent Relationship": "Outer", "Join Type": "Inner", "Startup Cost": 4865.82, "Total Cost": 181505.66, "Plan Rows": 1044, "Plan Width": 76, "Actual Startup Time": 174.137, "Actual Total Time": 3141.495, "Actual Rows": 102516, "Actual Loops": 1, "Inner Unique": true, "Join Filter": "(mi.movie_id = t.id)", "Rows Removed by Join Filter": 0, "Plans": [{"Node Type": "Hash Join", "Parent Relationship": "Outer", "Join Type": "Inner", "Startup Cost": 4865.54, "Total Cost": 177006.47, "Plan Rows": 1044, "Plan Width": 55, "Actual Startup Time": 174.114, "Actual Total Time": 2402.885, "Actual Rows": 102516, "Actual Loops": 1, "Inner Unique": true, "Hash Cond": "(mi_idx.info_type_id = it2.id)", "Plans": [{"Node Type": "Nested Loop", "Parent Relationship": "Outer", "Join Type": "Inner", "Startup Cost": 4851.32, "Total Cost": 176971.34, "Plan Rows": 4175, "Plan Width": 59, "Actual Startup Time": 173.969, "Actual Total Time": 2288.226, "Actual Rows": 307785, "Actual Loops": 1, "Inner Unique": false, "Plans": [{"Node Type": "Nested Loop", "Parent Relationship": "Outer", "Join Type": "Inner", "Startup Cost": 4850.95, "Total Cost": 164983.91, "Plan Rows": 2717, "Plan Width": 46, "Actual Startup Time": 173.928, "Actual Total Time": 1156.932, "Actual Rows": 186594, "Actual Loops": 1, "Inner Unique": false, "Plans": [{"Node Type": "Bitmap Heap Scan", "Parent Relationship": "Outer", "Relation Name": "info_type", "Alias": "it1", "Startup Cost": 8.81, "Total Cost": 14.21, "Plan Rows": 1, "Plan Width": 4, "Actual Startup Time": 0.032, "Actual Total Time": 0.068, "Actual Rows": 1, "Actual Loops": 1, "Filter": "((info)::text = 'genres'::text)", "Rows Removed by Filter": 111, "Exact Heap Blocks": 1, "Lossy Heap Blocks": 1, "Plans": [{"Node Type": "Bitmap Index Scan", "Parent Relationship": "Outer", "Index Name": "info_type_pkey", "Startup Cost": 0.0, "Total Cost": 8.81, "Plan Rows": 112, "Plan Width": 0, "Actual Startup Time": 0.009, "Actual Total Time": 0.009, "Actual Rows": 112, "Actual Loops": 1}]}, {"Node Type": "Bitmap Heap Scan", "Parent Relationship": "Inner", "Relation Name": "movie_info", "Alias": "mi", "Startup Cost": 4842.14, "Total Cost": 164942.53, "Plan Rows": 2717, "Plan Width": 50, "Actual Startup Time": 173.89, "Actual Total Time": 1112.889, "Actual Rows": 186594, "Actual Loops": 1, "Recheck Cond": "(info_type_id = it1.id)", "Rows Removed by Index Recheck": 0, "Filter": "((info)::text = ANY ('{Horror,Action,Sci-Fi,Thriller,Crime,War}'::text[]))", "Rows Removed by Filter": 1347315, "Exact Heap Blocks": 7426, "Lossy Heap Blocks": 7426, "Plans": [{"Node Type": "Bitmap Index Scan", "Parent Relationship": "Outer", "Index Name": "info_type_id_movie_info", "Startup Cost": 0.0, "Total Cost": 4841.46, "Plan Rows": 212428, "Plan Width": 0, "Actual Startup Time": 172.512, "Actual Total Time": 172.512, "Actual Rows": 1533909, "Actual Loops": 1, "Index Cond": "(info_type_id = it1.id)"}]}]}, {"Node Type": "Bitmap Heap Scan", "Parent Relationship": "Inner", "Relation Name": "movie_info_idx", "Alias": "mi_idx", "Startup Cost": 0.37, "Total Cost": 4.39, "Plan Rows": 2, "Plan Width": 13, "Actual Startup Time": 773.736, "Actual Total Time": 819.813, "Actual Rows": 307785, "Actual Loops": 186594, "Recheck Cond": "(movie_id = mi.movie_id)", "Rows Removed by Index Recheck": 0, "Exact Heap Blocks": 103610, "Lossy Heap Blocks": 103610, "Plans": [{"Node Type": "Bitmap Index Scan", "Parent Relationship": "Outer", "Index Name": "movie_id_movie_info_idx", "Startup Cost": 0.0, "Total Cost": 0.37, "Plan Rows": 2, "Plan Width": 0, "Actual Startup Time": 525.17, "Actual Total Time": 525.17, "Actual Rows": 307785, "Actual Loops": 186594, "Index Cond": "(movie_id = mi.movie_id)"}]}]}, {"Node Type": "Hash", "Parent Relationship": "Inner", "Startup Cost": 14.21, "Total Cost": 14.21, "Plan Rows": 1, "Plan Width": 4, "Actual Startup Time": 0.093, "Actual Total Time": 0.093, "Actual Rows": 1, "Actual Loops": 1, "Hash Buckets": 32768, "Hash Batches": 1, "Original Hash Batches": 1, "Peak Memory Usage": 1, "Plans": [{"Node Type": "Bitmap Heap Scan", "Parent Relationship": "Outer", "Relation Name": "info_type", "Alias": "it2", "Startup Cost": 8.81, "Total Cost": 14.21, "Plan Rows": 1, "Plan Width": 4, "Actual Startup Time": 0.083, "Actual Total Time": 0.087, "Actual Rows": 1, "Actual Loops": 1, "Filter": "((info)::text = 'votes'::text)", "Rows Removed by Filter": 111, "Exact Heap Blocks": 1, "Lossy Heap Blocks": 1, "Plans": [{"Node Type": "Bitmap Index Scan", "Parent Relationship": "Outer", "Index Name": "info_type_pkey", "Startup Cost": 0.0, "Total Cost": 8.81, "Plan Rows": 112, "Plan Width": 0, "Actual Startup Time": 0.015, "Actual Total Time": 0.015, "Actual Rows": 112, "Actual Loops": 1}]}]}]}, {"Node Type": "Bitmap Heap Scan", "Parent Relationship": "Inner", "Relation Name": "title", "Alias": "t", "Startup Cost": 0.28, "Total Cost": 4.3, "Plan Rows": 1, "Plan Width": 21, "Actual Startup Time": 562.239, "Actual Total Time": 562.239, "Actual Rows": 102516, "Actual Loops": 102516, "Recheck Cond": "(id = mi_idx.movie_id)", "Rows Removed by Index Recheck": 0, "Exact Heap Blocks": 102516, "Lossy Heap Blocks": 102516, "Plans": [{"Node Type": "Bitmap Index Scan", "Parent Relationship": "Outer", "Index Name": "title_pkey", "Startup Cost": 0.0, "Total Cost": 0.28, "Plan Rows": 1, "Plan Width": 0, "Actual Startup Time": 308.538, "Actual Total Time": 308.538, "Actual Rows": 102516, "Actual Loops": 102516, "Index Cond": "(id = mi_idx.movie_id)"}]}]}, {"Node Type": "Bitmap Heap Scan", "Parent Relationship": "Inner", "Relation Name": "cast_info", "Alias": "ci", "Startup Cost": 0.52, "Total Cost": 4.63, "Plan Rows": 1, "Plan Width": 8, "Actual Startup Time": 8655.271, "Actual Total Time": 9997.492, "Actual Rows": 54155, "Actual Loops": 102516, "Recheck Cond": "(movie_id = t.id)", "Rows Removed by Index Recheck": 0, "Filter": "((note)::text = ANY ('{(writer),\"(head writer)\",\"(written by)\",(story),\"(story editor)\"}'::text[]))", "Rows Removed by Filter": 3987641, "Exact Heap Blocks": 3901088, "Lossy Heap Blocks": 3901088, "Plans": [{"Node Type": "Bitmap Index Scan", "Parent Relationship": "Outer", "Index Name": "movie_id_cast_info", "Startup Cost": 0.0, "Total Cost": 0.52, "Plan Rows": 6, "Plan Width": 0, "Actual Startup Time": 1076.16, "Actual Total Time": 1076.16, "Actual Rows": 4041796, "Actual Loops": 102516, "Index Cond": "(movie_id = t.id)"}]}]}, {"Node Type": "Bitmap Heap Scan", "Parent Relationship": "Inner", "Relation Name": "name", "Alias": "n", "Startup Cost": 0.31, "Total Cost": 4.32, "Plan Rows": 1, "Plan Width": 4, "Actual Startup Time": 424.814, "Actual Total Time": 424.814, "Actual Rows": 28073, "Actual Loops": 54155, "Recheck Cond": "(id = ci.person_id)", "Rows Removed by Index Recheck": 0, "Filter": "((gender)::text = 'm'::text)", "Rows Removed by Filter": 26082, "Exact Heap Blocks": 54155, "Lossy Heap Blocks": 54155, "Plans": [{"Node Type": "Bitmap Index Scan", "Parent Relationship": "Outer", "Index Name": "name_pkey", "Startup Cost": 0.0, "Total Cost": 0.31, "Plan Rows": 1, "Plan Width": 0, "Actual Startup Time": 271.328, "Actual Total Time": 271.328, "Actual Rows": 54155, "Actual Loops": 54155, "Index Cond": "(id = ci.person_id)"}]}]}]}, "Triggers": [], "Planner Runtime": 17, "Total Runtime": 13878.808, "Unique SQL Id": 3913857139}}, "(64, 104)": {"explain_plan": {"Plan": {"Node Type": "Aggregate", "Strategy": "Plain", "Startup Cost": 77639.97, "Total Cost": 77639.98, "Plan Rows": 1, "Plan Width": 160, "Plans": [{"Node Type": "Nested Loop", "Parent Relationship": "Outer", "Join Type": "Inner", "Startup Cost": 4.83, "Total Cost": 77629.37, "Plan Rows": 1413, "Plan Width": 64, "Inner Unique": true, "Plans": [{"Node Type": "Nested Loop", "Parent Relationship": "Outer", "Join Type": "Inner", "Startup Cost": 4.83, "Total Cost": 77050.1, "Plan Rows": 1155, "Plan Width": 68, "Inner Unique": false, "Plans": [{"Node Type": "Nested Loop", "Parent Relationship": "Outer", "Join Type": "Inner", "Startup Cost": 4.83, "Total Cost": 75988.47, "Plan Rows": 1044, "Plan Width": 76, "Inner Unique": true, "Join Filter": "(mi.movie_id = t.id)", "Plans": [{"Node Type": "Hash Join", "Parent Relationship": "Outer", "Join Type": "Inner", "Startup Cost": 4.83, "Total Cost": 75560.28, "Plan Rows": 1044, "Plan Width": 55, "Inner Unique": true, "Hash Cond": "(mi_idx.info_type_id = it2.id)", "Plans": [{"Node Type": "Nested Loop", "Parent Relationship": "Outer", "Join Type": "Inner", "Startup Cost": 2.41, "Total Cost": 75536.96, "Plan Rows": 4175, "Plan Width": 59, "Inner Unique": false, "Plans": [{"Node Type": "Hash Join", "Parent Relationship": "Outer", "Join Type": "Inner", "Startup Cost": 2.41, "Total Cost": 74048.91, "Plan Rows": 2717, "Plan Width": 46, "Inner Unique": true, "Hash Cond": "(mi.info_type_id = it1.id)", "Plans": [{"Node Type": "Streaming(type: LOCAL GATHER dop: 1/64)", "Parent Relationship": "Outer", "Startup Cost": 0.0, "Total Cost": 73306.19, "Plan Rows": 190170, "Plan Width": 50, "Plans": [{"Node Type": "Seq Scan", "Parent Relationship": "Outer", "Relation Name": "movie_info", "Alias": "mi", "Startup Cost": 0.0, "Total Cost": 69383.01, "Plan Rows": 190170, "Plan Width": 50, "Filter": "((info)::text = ANY ('{Horror,Action,Sci-Fi,Thriller,Crime,War}'::text[]))"}]}, {"Node Type": "Hash", "Parent Relationship": "Inner", "Startup Cost": 2.4, "Total Cost": 2.4, "Plan Rows": 1, "Plan Width": 4, "Plans": [{"Node Type": "Seq Scan", "Parent Relationship": "Outer", "Relation Name": "info_type", "Alias": "it1", "Startup Cost": 0.0, "Total Cost": 2.4, "Plan Rows": 1, "Plan Width": 4, "Filter": "((info)::text = 'genres'::text)"}]}]}, {"Node Type": "Index Scan", "Parent Relationship": "Inner", "Scan Direction": "Forward", "Index Name": "movie_id_movie_info_idx", "Relation Name": "movie_info_idx", "Alias": "mi_idx", "Startup Cost": 0.0, "Total Cost": 0.53, "Plan Rows": 2, "Plan Width": 13, "Index Cond": "(movie_id = mi.movie_id)"}]}, {"Node Type": "Hash", "Parent Relationship": "Inner", "Startup Cost": 2.4, "Total Cost": 2.4, "Plan Rows": 1, "Plan Width": 4, "Plans": [{"Node Type": "Seq Scan", "Parent Relationship": "Outer", "Relation Name": "info_type", "Alias": "it2", "Startup Cost": 0.0, "Total Cost": 2.4, "Plan Rows": 1, "Plan Width": 4, "Filter": "((info)::text = 'votes'::text)"}]}]}, {"Node Type": "Index Scan", "Parent Relationship": "Inner", "Scan Direction": "Forward", "Index Name": "title_pkey", "Relation Name": "title", "Alias": "t", "Startup Cost": 0.0, "Total Cost": 0.4, "Plan Rows": 1, "Plan Width": 21, "Index Cond": "(id = mi_idx.movie_id)"}]}, {"Node Type": "Index Scan", "Parent Relationship": "Inner", "Scan Direction": "Forward", "Index Name": "movie_id_cast_info", "Relation Name": "cast_info", "Alias": "ci", "Startup Cost": 0.0, "Total Cost": 1.01, "Plan Rows": 1, "Plan Width": 8, "Index Cond": "(movie_id = t.id)", "Filter": "((note)::text = ANY ('{(writer),\"(head writer)\",\"(written by)\",(story),\"(story editor)\"}'::text[]))"}]}, {"Node Type": "Index Scan", "Parent Relationship": "Inner", "Scan Direction": "Forward", "Index Name": "name_pkey", "Relation Name": "name", "Alias": "n", "Startup Cost": 0.0, "Total Cost": 0.49, "Plan Rows": 1, "Plan Width": 4, "Index Cond": "(id = ci.person_id)", "Filter": "((gender)::text = 'm'::text)"}]}]}, "Unique SQL Id": 3913857139, "Planner Runtime": 47}, "explain_analyze_plan": {"Plan": {"Node Type": "Aggregate", "Strategy": "Plain", "Startup Cost": 77639.97, "Total Cost": 77639.98, "Plan Rows": 1, "Plan Width": 160, "Actual Min Startup Time": 10259.092, "Actual Max Startup Time": 10259.092, "Actual Min Total Time": 10259.093, "Actual Max Total Time": 10259.093, "Plans": [{"Node Type": "Nested Loop", "Parent Relationship": "Outer", "Join Type": "Inner", "Startup Cost": 4.83, "Total Cost": 77629.37, "Plan Rows": 1413, "Plan Width": 64, "Actual Min Startup Time": 156.083, "Actual Max Startup Time": 156.083, "Actual Min Total Time": 10216.404, "Actual Max Total Time": 10216.404, "Inner Unique": true, "Plans": [{"Node Type": "Nested Loop", "Parent Relationship": "Outer", "Join Type": "Inner", "Startup Cost": 4.83, "Total Cost": 77050.1, "Plan Rows": 1155, "Plan Width": 68, "Actual Min Startup Time": 156.042, "Actual Max Startup Time": 156.042, "Actual Min Total Time": 9827.634, "Actual Max Total Time": 9827.634, "Inner Unique": false, "Plans": [{"Node Type": "Nested Loop", "Parent Relationship": "Outer", "Join Type": "Inner", "Startup Cost": 4.83, "Total Cost": 75988.47, "Plan Rows": 1044, "Plan Width": 76, "Actual Min Startup Time": 155.915, "Actual Max Startup Time": 155.915, "Actual Min Total Time": 1805.705, "Actual Max Total Time": 1805.705, "Inner Unique": true, "Join Filter": "(mi.movie_id = t.id)", "Rows Removed by Join Filter": 0, "Plans": [{"Node Type": "Hash Join", "Parent Relationship": "Outer", "Join Type": "Inner", "Startup Cost": 4.83, "Total Cost": 75560.28, "Plan Rows": 1044, "Plan Width": 55, "Actual Min Startup Time": 155.892, "Actual Max Startup Time": 155.892, "Actual Min Total Time": 1270.945, "Actual Max Total Time": 1270.945, "Inner Unique": true, "Hash Cond": "(mi_idx.info_type_id = it2.id)", "Plans": [{"Node Type": "Nested Loop", "Parent Relationship": "Outer", "Join Type": "Inner", "Startup Cost": 2.41, "Total Cost": 75536.96, "Plan Rows": 4175, "Plan Width": 59, "Actual Min Startup Time": 155.737, "Actual Max Startup Time": 155.737, "Actual Min Total Time": 1174.776, "Actual Max Total Time": 1174.776, "Inner Unique": false, "Plans": [{"Node Type": "Hash Join", "Parent Relationship": "Outer", "Join Type": "Inner", "Startup Cost": 2.41, "Total Cost": 74048.91, "Plan Rows": 2717, "Plan Width": 46, "Actual Min Startup Time": 155.684, "Actual Max Startup Time": 155.684, "Actual Min Total Time": 356.203, "Actual Max Total Time": 356.203, "Inner Unique": true, "Hash Cond": "(mi.info_type_id = it1.id)", "Plans": [{"Node Type": "Streaming(type: LOCAL GATHER dop: 1/64)", "Parent Relationship": "Outer", "Startup Cost": 0.0, "Total Cost": 73306.19, "Plan Rows": 190170, "Plan Width": 50, "Actual Min Startup Time": 136.808, "Actual Max Startup Time": 136.808, "Actual Min Total Time": 246.814, "Actual Max Total Time": 246.814, "Plans": [{"Node Type": "Seq Scan", "Parent Relationship": "Outer", "Relation Name": "movie_info", "Alias": "mi", "Startup Cost": 0.0, "Total Cost": 69383.01, "Plan Rows": 190170, "Plan Width": 50, "Actual Min Startup Time": 63.231, "Actual Max Startup Time": 142.443, "Actual Min Total Time": 110.322, "Actual Max Total Time": 163.069, "Filter": "((info)::text = ANY ('{Horror,Action,Sci-Fi,Thriller,Crime,War}'::text[]))", "Rows Removed by Filter": 14646748, "Actual Rows": 188971}], "Actual Rows": 188971}, {"Node Type": "Hash", "Parent Relationship": "Inner", "Startup Cost": 2.4, "Total Cost": 2.4, "Plan Rows": 1, "Plan Width": 4, "Actual Min Startup Time": 0.056, "Actual Max Startup Time": 0.056, "Actual Min Total Time": 0.056, "Actual Max Total Time": 0.056, "Max Hash Buckets": 32768, "Min Hash Buckets": 32768, "Max Hash Batches": 1, "Min Hash Batches": 1, "Max Original Hash Batches": 1, "Min Original Hash Batches": 1, "Max Peak Memory Usage": 1, "min Peak Memory Usage": 1, "Plans": [{"Node Type": "Seq Scan", "Parent Relationship": "Outer", "Relation Name": "info_type", "Alias": "it1", "Startup Cost": 0.0, "Total Cost": 2.4, "Plan Rows": 1, "Plan Width": 4, "Actual Min Startup Time": 0.028, "Actual Max Startup Time": 0.028, "Actual Min Total Time": 0.05, "Actual Max Total Time": 0.05, "Filter": "((info)::text = 'genres'::text)", "Rows Removed by Filter": 111, "Actual Rows": 1}], "Actual Rows": 1}], "Actual Rows": 186594}, {"Node Type": "Index Scan", "Parent Relationship": "Inner", "Scan Direction": "Forward", "Index Name": "movie_id_movie_info_idx", "Relation Name": "movie_info_idx", "Alias": "mi_idx", "Startup Cost": 0.0, "Total Cost": 0.53, "Plan Rows": 2, "Plan Width": 13, "Actual Min Startup Time": 530.603, "Actual Max Startup Time": 530.603, "Actual Min Total Time": 647.551, "Actual Max Total Time": 647.551, "Index Cond": "(movie_id = mi.movie_id)", "Rows Removed by Index Recheck": 0, "Actual Rows": 307785}], "Actual Rows": 307785}, {"Node Type": "Hash", "Parent Relationship": "Inner", "Startup Cost": 2.4, "Total Cost": 2.4, "Plan Rows": 1, "Plan Width": 4, "Actual Min Startup Time": 0.09, "Actual Max Startup Time": 0.09, "Actual Min Total Time": 0.09, "Actual Max Total Time": 0.09, "Max Hash Buckets": 32768, "Min Hash Buckets": 32768, "Max Hash Batches": 1, "Min Hash Batches": 1, "Max Original Hash Batches": 1, "Min Original Hash Batches": 1, "Max Peak Memory Usage": 1, "min Peak Memory Usage": 1, "Plans": [{"Node Type": "Seq Scan", "Parent Relationship": "Outer", "Relation Name": "info_type", "Alias": "it2", "Startup Cost": 0.0, "Total Cost": 2.4, "Plan Rows": 1, "Plan Width": 4, "Actual Min Startup Time": 0.075, "Actual Max Startup Time": 0.075, "Actual Min Total Time": 0.08, "Actual Max Total Time": 0.08, "Filter": "((info)::text = 'votes'::text)", "Rows Removed by Filter": 111, "Actual Rows": 1}], "Actual Rows": 1}], "Actual Rows": 102516}, {"Node Type": "Index Scan", "Parent Relationship": "Inner", "Scan Direction": "Forward", "Index Name": "title_pkey", "Relation Name": "title", "Alias": "t", "Startup Cost": 0.0, "Total Cost": 0.4, "Plan Rows": 1, "Plan Width": 21, "Actual Min Startup Time": 424.957, "Actual Max Startup Time": 424.957, "Actual Min Total Time": 424.957, "Actual Max Total Time": 424.957, "Index Cond": "(id = mi_idx.movie_id)", "Rows Removed by Index Recheck": 0, "Actual Rows": 102516}], "Actual Rows": 102516}, {"Node Type": "Index Scan", "Parent Relationship": "Inner", "Scan Direction": "Forward", "Index Name": "movie_id_cast_info", "Relation Name": "cast_info", "Alias": "ci", "Startup Cost": 0.0, "Total Cost": 1.01, "Plan Rows": 1, "Plan Width": 8, "Actual Min Startup Time": 6776.626, "Actual Max Startup Time": 6776.626, "Actual Min Total Time": 7948.601, "Actual Max Total Time": 7948.601, "Index Cond": "(movie_id = t.id)", "Rows Removed by Index Recheck": 0, "Filter": "((note)::text = ANY ('{(writer),\"(head writer)\",\"(written by)\",(story),\"(story editor)\"}'::text[]))", "Rows Removed by Filter": 3987641, "Actual Rows": 54155}], "Actual Rows": 54155}, {"Node Type": "Index Scan", "Parent Relationship": "Inner", "Scan Direction": "Forward", "Index Name": "name_pkey", "Relation Name": "name", "Alias": "n", "Startup Cost": 0.0, "Total Cost": 0.49, "Plan Rows": 1, "Plan Width": 4, "Actual Min Startup Time": 341.205, "Actual Max Startup Time": 341.205, "Actual Min Total Time": 341.205, "Actual Max Total Time": 341.205, "Index Cond": "(id = ci.person_id)", "Rows Removed by Index Recheck": 0, "Filter": "((gender)::text = 'm'::text)", "Rows Removed by Filter": 26082, "Actual Rows": 28073}], "Actual Rows": 28073}], "Actual Rows": 1}, "Triggers": [], "Planner Runtime": 47, "Total Runtime": 10270.15, "Unique SQL Id": 3913857139}}, "(64, 105)": {"explain_plan": {"Plan": {"Node Type": "Aggregate", "Strategy": "Plain", "Startup Cost": 383291.22, "Total Cost": 383291.23, "Plan Rows": 1, "Plan Width": 160, "Plans": [{"Node Type": "Nested Loop", "Parent Relationship": "Outer", "Join Type": "Inner", "Startup Cost": 14.22, "Total Cost": 383280.62, "Plan Rows": 1413, "Plan Width": 64, "Inner Unique": true, "Plans": [{"Node Type": "Nested Loop", "Parent Relationship": "Outer", "Join Type": "Inner", "Startup Cost": 14.22, "Total Cost": 382701.35, "Plan Rows": 1155, "Plan Width": 68, "Inner Unique": false, "Plans": [{"Node Type": "Nested Loop", "Parent Relationship": "Outer", "Join Type": "Inner", "Startup Cost": 14.22, "Total Cost": 381639.72, "Plan Rows": 1044, "Plan Width": 76, "Inner Unique": true, "Join Filter": "(mi.movie_id = t.id)", "Plans": [{"Node Type": "Hash Join", "Parent Relationship": "Outer", "Join Type": "Inner", "Startup Cost": 14.22, "Total Cost": 381211.53, "Plan Rows": 1044, "Plan Width": 55, "Inner Unique": true, "Hash Cond": "(mi.info_type_id = it1.id)", "Plans": [{"Node Type": "Nested Loop", "Parent Relationship": "Outer", "Join Type": "Inner", "Startup Cost": 0.0, "Total Cost": 380590.58, "Plan Rows": 229029, "Plan Width": 59, "Inner Unique": false, "Plans": [{"Node Type": "Nested Loop", "Parent Relationship": "Outer", "Join Type": "Inner", "Startup Cost": 0.0, "Total Cost": 38338.2, "Plan Rows": 345008, "Plan Width": 9, "Inner Unique": false, "Plans": [{"Node Type": "Index Scan", "Parent Relationship": "Outer", "Scan Direction": "Forward", "Index Name": "info_type_pkey", "Relation Name": "info_type", "Alias": "it2", "Startup Cost": 0.0, "Total Cost": 14.21, "Plan Rows": 1, "Plan Width": 4, "Filter": "((info)::text = 'votes'::text)"}, {"Node Type": "Index Scan", "Parent Relationship": "Inner", "Scan Direction": "Forward", "Index Name": "info_type_id_movie_info_idx", "Relation Name": "movie_info_idx", "Alias": "mi_idx", "Startup Cost": 0.0, "Total Cost": 34873.91, "Plan Rows": 345008, "Plan Width": 13, "Index Cond": "(info_type_id = it2.id), (LLVM Optimized)"}]}, {"Node Type": "Index Scan", "Parent Relationship": "Inner", "Scan Direction": "Forward", "Index Name": "movie_id_movie_info", "Relation Name": "movie_info", "Alias": "mi", "Startup Cost": 0.0, "Total Cost": 0.98, "Plan Rows": 1, "Plan Width": 50, "Index Cond": "(movie_id = mi_idx.movie_id)", "Filter": "((info)::text = ANY ('{Horror,Action,Sci-Fi,Thriller,Crime,War}'::text[]))"}]}, {"Node Type": "Hash", "Parent Relationship": "Inner", "Startup Cost": 14.21, "Total Cost": 14.21, "Plan Rows": 1, "Plan Width": 4, "Plans": [{"Node Type": "Index Scan", "Parent Relationship": "Outer", "Scan Direction": "Forward", "Index Name": "info_type_pkey", "Relation Name": "info_type", "Alias": "it1", "Startup Cost": 0.0, "Total Cost": 14.21, "Plan Rows": 1, "Plan Width": 4, "Filter": "((info)::text = 'genres'::text)"}]}]}, {"Node Type": "Index Scan", "Parent Relationship": "Inner", "Scan Direction": "Forward", "Index Name": "title_pkey", "Relation Name": "title", "Alias": "t", "Startup Cost": 0.0, "Total Cost": 0.4, "Plan Rows": 1, "Plan Width": 21, "Index Cond": "(id = mi_idx.movie_id)"}]}, {"Node Type": "Index Scan", "Parent Relationship": "Inner", "Scan Direction": "Forward", "Index Name": "movie_id_cast_info", "Relation Name": "cast_info", "Alias": "ci", "Startup Cost": 0.0, "Total Cost": 1.01, "Plan Rows": 1, "Plan Width": 8, "Index Cond": "(movie_id = t.id)", "Filter": "((note)::text = ANY ('{(writer),\"(head writer)\",\"(written by)\",(story),\"(story editor)\"}'::text[]))"}]}, {"Node Type": "Index Scan", "Parent Relationship": "Inner", "Scan Direction": "Forward", "Index Name": "name_pkey", "Relation Name": "name", "Alias": "n", "Startup Cost": 0.0, "Total Cost": 0.49, "Plan Rows": 1, "Plan Width": 4, "Index Cond": "(id = ci.person_id)", "Filter": "((gender)::text = 'm'::text)"}]}]}, "Unique SQL Id": 3913857139, "Planner Runtime": 17}, "explain_analyze_plan": {"Plan": {"Node Type": "Aggregate", "Strategy": "Plain", "Startup Cost": 383291.22, "Total Cost": 383291.23, "Plan Rows": 1, "Plan Width": 160, "Actual Startup Time": 18915.67, "Actual Total Time": 18915.67, "Actual Rows": 1, "Actual Loops": 1, "Plans": [{"Node Type": "Nested Loop", "Parent Relationship": "Outer", "Join Type": "Inner", "Startup Cost": 14.22, "Total Cost": 383280.62, "Plan Rows": 1413, "Plan Width": 64, "Actual Startup Time": 29.61, "Actual Total Time": 18870.833, "Actual Rows": 28073, "Actual Loops": 1, "Inner Unique": true, "Plans": [{"Node Type": "Nested Loop", "Parent Relationship": "Outer", "Join Type": "Inner", "Startup Cost": 14.22, "Total Cost": 382701.35, "Plan Rows": 1155, "Plan Width": 68, "Actual Startup Time": 14.671, "Actual Total Time": 18459.302, "Actual Rows": 54155, "Actual Loops": 1, "Inner Unique": false, "Plans": [{"Node Type": "Nested Loop", "Parent Relationship": "Outer", "Join Type": "Inner", "Startup Cost": 14.22, "Total Cost": 381639.72, "Plan Rows": 1044, "Plan Width": 76, "Actual Startup Time": 0.881, "Actual Total Time": 10022.466, "Actual Rows": 102516, "Actual Loops": 1, "Inner Unique": true, "Join Filter": "(mi.movie_id = t.id)", "Rows Removed by Join Filter": 0, "Plans": [{"Node Type": "Hash Join", "Parent Relationship": "Outer", "Join Type": "Inner", "Startup Cost": 14.22, "Total Cost": 381211.53, "Plan Rows": 1044, "Plan Width": 55, "Actual Startup Time": 0.87, "Actual Total Time": 9449.372, "Actual Rows": 102516, "Actual Loops": 1, "Inner Unique": true, "Hash Cond": "(mi.info_type_id = it1.id)", "Plans": [{"Node Type": "Nested Loop", "Parent Relationship": "Outer", "Join Type": "Inner", "Startup Cost": 0.0, "Total Cost": 380590.58, "Plan Rows": 229029, "Plan Width": 59, "Actual Startup Time": 0.769, "Actual Total Time": 9381.941, "Actual Rows": 104892, "Actual Loops": 1, "Inner Unique": false, "Plans": [{"Node Type": "Nested Loop", "Parent Relationship": "Outer", "Join Type": "Inner", "Startup Cost": 0.0, "Total Cost": 38338.2, "Plan Rows": 345008, "Plan Width": 9, "Actual Startup Time": 0.087, "Actual Total Time": 400.663, "Actual Rows": 459925, "Actual Loops": 1, "Inner Unique": false, "Plans": [{"Node Type": "Index Scan", "Parent Relationship": "Outer", "Scan Direction": "Forward", "Index Name": "info_type_pkey", "Relation Name": "info_type", "Alias": "it2", "Startup Cost": 0.0, "Total Cost": 14.21, "Plan Rows": 1, "Plan Width": 4, "Actual Startup Time": 0.07, "Actual Total Time": 0.091, "Actual Rows": 1, "Actual Loops": 1, "Filter": "((info)::text = 'votes'::text)", "Rows Removed by Filter": 111}, {"Node Type": "Index Scan", "Parent Relationship": "Inner", "Scan Direction": "Forward", "Index Name": "info_type_id_movie_info_idx", "Relation Name": "movie_info_idx", "Alias": "mi_idx", "Startup Cost": 0.0, "Total Cost": 34873.91, "Plan Rows": 345008, "Plan Width": 13, "Actual Startup Time": 0.014, "Actual Total Time": 288.57, "Actual Rows": 459925, "Actual Loops": 1, "Index Cond": "(info_type_id = it2.id), (LLVM Optimized, Jit Execute)", "Rows Removed by Index Recheck": 0}]}, {"Node Type": "Index Scan", "Parent Relationship": "Inner", "Scan Direction": "Forward", "Index Name": "movie_id_movie_info", "Relation Name": "movie_info", "Alias": "mi", "Startup Cost": 0.0, "Total Cost": 0.98, "Plan Rows": 1, "Plan Width": 50, "Actual Startup Time": 8553.281, "Actual Total Time": 8716.391, "Actual Rows": 104892, "Actual Loops": 459925, "Index Cond": "(movie_id = mi_idx.movie_id)", "Rows Removed by Index Recheck": 0, "Filter": "((info)::text = ANY ('{Horror,Action,Sci-Fi,Thriller,Crime,War}'::text[]))", "Rows Removed by Filter": 6825442}]}, {"Node Type": "Hash", "Parent Relationship": "Inner", "Startup Cost": 14.21, "Total Cost": 14.21, "Plan Rows": 1, "Plan Width": 4, "Actual Startup Time": 0.063, "Actual Total Time": 0.063, "Actual Rows": 1, "Actual Loops": 1, "Hash Buckets": 32768, "Hash Batches": 1, "Original Hash Batches": 1, "Peak Memory Usage": 1, "Plans": [{"Node Type": "Index Scan", "Parent Relationship": "Outer", "Scan Direction": "Forward", "Index Name": "info_type_pkey", "Relation Name": "info_type", "Alias": "it1", "Startup Cost": 0.0, "Total Cost": 14.21, "Plan Rows": 1, "Plan Width": 4, "Actual Startup Time": 0.011, "Actual Total Time": 0.056, "Actual Rows": 1, "Actual Loops": 1, "Filter": "((info)::text = 'genres'::text)", "Rows Removed by Filter": 111}]}]}, {"Node Type": "Index Scan", "Parent Relationship": "Inner", "Scan Direction": "Forward", "Index Name": "title_pkey", "Relation Name": "title", "Alias": "t", "Startup Cost": 0.0, "Total Cost": 0.4, "Plan Rows": 1, "Plan Width": 21, "Actual Startup Time": 451.922, "Actual Total Time": 451.922, "Actual Rows": 102516, "Actual Loops": 102516, "Index Cond": "(id = mi_idx.movie_id)", "Rows Removed by Index Recheck": 0}]}, {"Node Type": "Index Scan", "Parent Relationship": "Inner", "Scan Direction": "Forward", "Index Name": "movie_id_cast_info", "Relation Name": "cast_info", "Alias": "ci", "Startup Cost": 0.0, "Total Cost": 1.01, "Plan Rows": 1, "Plan Width": 8, "Actual Startup Time": 7128.686, "Actual Total Time": 8362.97, "Actual Rows": 54155, "Actual Loops": 102516, "Index Cond": "(movie_id = t.id)", "Rows Removed by Index Recheck": 0, "Filter": "((note)::text = ANY ('{(writer),\"(head writer)\",\"(written by)\",(story),\"(story editor)\"}'::text[]))", "Rows Removed by Filter": 3987641}]}, {"Node Type": "Index Scan", "Parent Relationship": "Inner", "Scan Direction": "Forward", "Index Name": "name_pkey", "Relation Name": "name", "Alias": "n", "Startup Cost": 0.0, "Total Cost": 0.49, "Plan Rows": 1, "Plan Width": 4, "Actual Startup Time": 362.758, "Actual Total Time": 362.758, "Actual Rows": 28073, "Actual Loops": 54155, "Index Cond": "(id = ci.person_id)", "Rows Removed by Index Recheck": 0, "Filter": "((gender)::text = 'm'::text)", "Rows Removed by Filter": 26082}]}]}, "Triggers": [], "Planner Runtime": 17, "Total Runtime": 18924.645, "Unique SQL Id": 3913857139}}, "(64, 106)": {"explain_plan": {"Plan": {"Node Type": "Aggregate", "Strategy": "Plain", "Startup Cost": 321917.07, "Total Cost": 321917.08, "Plan Rows": 1, "Plan Width": 160, "Plans": [{"Node Type": "Hash Join", "Parent Relationship": "Outer", "Join Type": "Inner", "Startup Cost": 231911.73, "Total Cost": 321906.48, "Plan Rows": 1413, "Plan Width": 64, "Inner Unique": true, "Hash Cond": "(ci.person_id = n.id)", "Plans": [{"Node Type": "Streaming(type: LOCAL GATHER dop: 1/64)", "Parent Relationship": "Outer", "Startup Cost": 185020.87, "Total Cost": 274997.15, "Plan Rows": 1155, "Plan Width": 68, "Plans": [{"Node Type": "Hash Join", "Parent Relationship": "Outer", "Join Type": "Inner", "Startup Cost": 185020.87, "Total Cost": 274973.32, "Plan Rows": 1155, "Plan Width": 68, "Inner Unique": false, "Hash Cond": "(t.id = ci.movie_id)", "Plans": [{"Node Type": "Streaming(type: BROADCAST dop: 64/1)", "Parent Relationship": "Outer", "Startup Cost": 165795.64, "Total Cost": 255687.89, "Plan Rows": 66816, "Plan Width": 76, "Plans": [{"Node Type": "Hash Join", "Parent Relationship": "Outer", "Join Type": "Inner", "Startup Cost": 165795.64, "Total Cost": 191309.48, "Plan Rows": 1044, "Plan Width": 76, "Inner Unique": true, "Hash Cond": "(mi_idx.info_type_id = it2.id)", "Plans": [{"Node Type": "Hash Join", "Parent Relationship": "Outer", "Join Type": "Inner", "Startup Cost": 165793.23, "Total Cost": 191284.45, "Plan Rows": 4175, "Plan Width": 80, "Inner Unique": false, "Hash Cond": "(mi_idx.movie_id = t.id)", "Plans": [{"Node Type": "Seq Scan", "Parent Relationship": "Outer", "Relation Name": "movie_info_idx", "Alias": "mi_idx", "Startup Cost": 0.0, "Total Cost": 20274.34, "Plan Rows": 1380034, "Plan Width": 13}, {"Node Type": "Hash", "Parent Relationship": "Inner", "Startup Cost": 165759.27, "Total Cost": 165759.27, "Plan Rows": 2717, "Plan Width": 67, "Plans": [{"Node Type": "Hash Join", "Parent Relationship": "Outer", "Join Type": "Inner", "Startup Cost": 91675.41, "Total Cost": 165759.27, "Plan Rows": 2717, "Plan Width": 67, "Inner Unique": true, "Hash Cond": "(mi.movie_id = t.id)", "Plans": [{"Node Type": "Hash Join", "Parent Relationship": "Outer", "Join Type": "Inner", "Startup Cost": 2.41, "Total Cost": 74048.91, "Plan Rows": 2717, "Plan Width": 46, "Inner Unique": true, "Hash Cond": "(mi.info_type_id = it1.id)", "Plans": [{"Node Type": "Streaming(type: LOCAL GATHER dop: 1/64)", "Parent Relationship": "Outer", "Startup Cost": 0.0, "Total Cost": 73306.19, "Plan Rows": 190170, "Plan Width": 50, "Plans": [{"Node Type": "Seq Scan", "Parent Relationship": "Outer", "Relation Name": "movie_info", "Alias": "mi", "Startup Cost": 0.0, "Total Cost": 69383.01, "Plan Rows": 190170, "Plan Width": 50, "Filter": "((info)::text = ANY ('{Horror,Action,Sci-Fi,Thriller,Crime,War}'::text[]))"}]}, {"Node Type": "Hash", "Parent Relationship": "Inner", "Startup Cost": 2.4, "Total Cost": 2.4, "Plan Rows": 1, "Plan Width": 4, "Plans": [{"Node Type": "Seq Scan", "Parent Relationship": "Outer", "Relation Name": "info_type", "Alias": "it1", "Startup Cost": 0.0, "Total Cost": 2.4, "Plan Rows": 1, "Plan Width": 4, "Filter": "((info)::text = 'genres'::text)"}]}]}, {"Node Type": "Hash", "Parent Relationship": "Inner", "Startup Cost": 60069.11, "Total Cost": 60069.11, "Plan Rows": 2528311, "Plan Width": 21, "Plans": [{"Node Type": "Seq Scan", "Parent Relationship": "Outer", "Relation Name": "title", "Alias": "t", "Startup Cost": 0.0, "Total Cost": 60069.11, "Plan Rows": 2528311, "Plan Width": 21}]}]}]}]}, {"Node Type": "Hash", "Parent Relationship": "Inner", "Startup Cost": 2.4, "Total Cost": 2.4, "Plan Rows": 1, "Plan Width": 4, "Plans": [{"Node Type": "Seq Scan", "Parent Relationship": "Outer", "Relation Name": "info_type", "Alias": "it2", "Startup Cost": 0.0, "Total Cost": 2.4, "Plan Rows": 1, "Plan Width": 4, "Filter": "((info)::text = 'votes'::text)"}]}]}]}, {"Node Type": "Hash", "Parent Relationship": "Inner", "Startup Cost": 75945.31, "Total Cost": 75945.31, "Plan Rows": 1223154, "Plan Width": 8, "Plans": [{"Node Type": "Seq Scan", "Parent Relationship": "Outer", "Relation Name": "cast_info", "Alias": "ci", "Startup Cost": 0.0, "Total Cost": 75945.31, "Plan Rows": 1223154, "Plan Width": 8, "Filter": "((note)::text = ANY ('{(writer),\"(head writer)\",\"(written by)\",(story),\"(story editor)\"}'::text[]))"}]}]}]}, {"Node Type": "Hash", "Parent Relationship": "Inner", "Startup Cost": 100527.77, "Total Cost": 100527.77, "Plan Rows": 1740714, "Plan Width": 4, "Plans": [{"Node Type": "Streaming(type: LOCAL GATHER dop: 1/64)", "Parent Relationship": "Outer", "Startup Cost": 0.0, "Total Cost": 100527.77, "Plan Rows": 1740714, "Plan Width": 4, "Plans": [{"Node Type": "Seq Scan", "Parent Relationship": "Outer", "Relation Name": "name", "Alias": "n", "Startup Cost": 0.0, "Total Cost": 64617.04, "Plan Rows": 1740714, "Plan Width": 4, "Filter": "((gender)::text = 'm'::text), (LLVM Optimized)"}]}]}]}]}, "Unique SQL Id": 3913857139, "Planner Runtime": 77}, "explain_analyze_plan": {"Plan": {"Node Type": "Aggregate", "Strategy": "Plain", "Startup Cost": 321917.07, "Total Cost": 321917.08, "Plan Rows": 1, "Plan Width": 160, "Actual Min Startup Time": 8948.572, "Actual Max Startup Time": 8948.572, "Actual Min Total Time": 8948.572, "Actual Max Total Time": 8948.572, "Plans": [{"Node Type": "Hash Join", "Parent Relationship": "Outer", "Join Type": "Inner", "Startup Cost": 231911.73, "Total Cost": 321906.48, "Plan Rows": 1413, "Plan Width": 64, "Actual Min Startup Time": 3616.042, "Actual Max Startup Time": 3616.042, "Actual Min Total Time": 8928.76, "Actual Max Total Time": 8928.76, "Inner Unique": true, "Hash Cond": "(ci.person_id = n.id)", "Plans": [{"Node Type": "Streaming(type: LOCAL GATHER dop: 1/64)", "Parent Relationship": "Outer", "Startup Cost": 185020.87, "Total Cost": 274997.15, "Plan Rows": 1155, "Plan Width": 68, "Actual Min Startup Time": 2346.284, "Actual Max Startup Time": 2346.284, "Actual Min Total Time": 7633.108, "Actual Max Total Time": 7633.108, "Plans": [{"Node Type": "Hash Join", "Parent Relationship": "Outer", "Join Type": "Inner", "Startup Cost": 185020.87, "Total Cost": 274973.32, "Plan Rows": 1155, "Plan Width": 68, "Actual Min Startup Time": 2493.293, "Actual Max Startup Time": 2737.81, "Actual Min Total Time": 8544.81, "Actual Max Total Time": 8757.391, "Inner Unique": false, "Hash Cond": "(t.id = ci.movie_id)", "Plans": [{"Node Type": "Streaming(type: BROADCAST dop: 64/1)", "Parent Relationship": "Outer", "Startup Cost": 165795.64, "Total Cost": 255687.89, "Plan Rows": 66816, "Plan Width": 76, "Actual Min Startup Time": 2256.439, "Actual Max Startup Time": 2405.875, "Actual Min Total Time": 8286.327, "Actual Max Total Time": 8441.897, "Plans": [{"Node Type": "Hash Join", "Parent Relationship": "Outer", "Join Type": "Inner", "Startup Cost": 165795.64, "Total Cost": 191309.48, "Plan Rows": 1044, "Plan Width": 76, "Actual Min Startup Time": 2508.604, "Actual Max Startup Time": 2508.604, "Actual Min Total Time": 3532.896, "Actual Max Total Time": 3532.896, "Inner Unique": true, "Hash Cond": "(mi_idx.info_type_id = it2.id)", "Plans": [{"Node Type": "Hash Join", "Parent Relationship": "Outer", "Join Type": "Inner", "Startup Cost": 165793.23, "Total Cost": 191284.45, "Plan Rows": 4175, "Plan Width": 80, "Actual Min Startup Time": 2498.064, "Actual Max Startup Time": 2498.064, "Actual Min Total Time": 3445.986, "Actual Max Total Time": 3445.986, "Inner Unique": false, "Hash Cond": "(mi_idx.movie_id = t.id)", "Plans": [{"Node Type": "Seq Scan", "Parent Relationship": "Outer", "Relation Name": "movie_info_idx", "Alias": "mi_idx", "Startup Cost": 0.0, "Total Cost": 20274.34, "Plan Rows": 1380034, "Plan Width": 13, "Actual Min Startup Time": 0.048, "Actual Max Startup Time": 0.048, "Actual Min Total Time": 328.546, "Actual Max Total Time": 328.546, "Actual Rows": 1380034}, {"Node Type": "Hash", "Parent Relationship": "Inner", "Startup Cost": 165759.27, "Total Cost": 165759.27, "Plan Rows": 2717, "Plan Width": 67, "Actual Min Startup Time": 2493.682, "Actual Max Startup Time": 2493.682, "Actual Min Total Time": 2493.682, "Actual Max Total Time": 2493.682, "Max Hash Buckets": 32768, "Min Hash Buckets": 32768, "Max Hash Batches": 1, "Min Hash Batches": 1, "Max Original Hash Batches": 1, "Min Original Hash Batches": 1, "Max Peak Memory Usage": 12274, "min Peak Memory Usage": 12274, "Plans": [{"Node Type": "Hash Join", "Parent Relationship": "Outer", "Join Type": "Inner", "Startup Cost": 91675.41, "Total Cost": 165759.27, "Plan Rows": 2717, "Plan Width": 67, "Actual Min Startup Time": 2152.416, "Actual Max Startup Time": 2152.416, "Actual Min Total Time": 2434.501, "Actual Max Total Time": 2434.501, "Inner Unique": true, "Hash Cond": "(mi.movie_id = t.id)", "Plans": [{"Node Type": "Hash Join", "Parent Relationship": "Outer", "Join Type": "Inner", "Startup Cost": 2.41, "Total Cost": 74048.91, "Plan Rows": 2717, "Plan Width": 46, "Actual Min Startup Time": 0.351, "Actual Max Startup Time": 0.351, "Actual Min Total Time": 164.842, "Actual Max Total Time": 164.842, "Inner Unique": true, "Hash Cond": "(mi.info_type_id = it1.id)", "Plans": [{"Node Type": "Streaming(type: LOCAL GATHER dop: 1/64)", "Parent Relationship": "Outer", "Startup Cost": 0.0, "Total Cost": 73306.19, "Plan Rows": 190170, "Plan Width": 50, "Actual Min Startup Time": 0.168, "Actual Max Startup Time": 0.168, "Actual Min Total Time": 92.57, "Actual Max Total Time": 92.57, "Plans": [{"Node Type": "Seq Scan", "Parent Relationship": "Outer", "Relation Name": "movie_info", "Alias": "mi", "Startup Cost": 0.0, "Total Cost": 69383.01, "Plan Rows": 190170, "Plan Width": 50, "Actual Min Startup Time": 66.911, "Actual Max Startup Time": 130.33, "Actual Min Total Time": 110.417, "Actual Max Total Time": 140.922, "Filter": "((info)::text = ANY ('{Horror,Action,Sci-Fi,Thriller,Crime,War}'::text[]))", "Rows Removed by Filter": 14646748, "Actual Rows": 188971}], "Actual Rows": 188971}, {"Node Type": "Hash", "Parent Relationship": "Inner", "Startup Cost": 2.4, "Total Cost": 2.4, "Plan Rows": 1, "Plan Width": 4, "Actual Min Startup Time": 0.094, "Actual Max Startup Time": 0.094, "Actual Min Total Time": 0.094, "Actual Max Total Time": 0.094, "Max Hash Buckets": 32768, "Min Hash Buckets": 32768, "Max Hash Batches": 1, "Min Hash Batches": 1, "Max Original Hash Batches": 1, "Min Original Hash Batches": 1, "Max Peak Memory Usage": 1, "min Peak Memory Usage": 1, "Plans": [{"Node Type": "Seq Scan", "Parent Relationship": "Outer", "Relation Name": "info_type", "Alias": "it1", "Startup Cost": 0.0, "Total Cost": 2.4, "Plan Rows": 1, "Plan Width": 4, "Actual Min Startup Time": 0.057, "Actual Max Startup Time": 0.057, "Actual Min Total Time": 0.08, "Actual Max Total Time": 0.08, "Filter": "((info)::text = 'genres'::text)", "Rows Removed by Filter": 111, "Actual Rows": 1}], "Actual Rows": 1}], "Actual Rows": 186594}, {"Node Type": "Hash", "Parent Relationship": "Inner", "Startup Cost": 60069.11, "Total Cost": 60069.11, "Plan Rows": 2528311, "Plan Width": 21, "Actual Min Startup Time": 2109.785, "Actual Max Startup Time": 2109.785, "Actual Min Total Time": 2109.785, "Actual Max Total Time": 2109.785, "Max Hash Buckets": 4194304, "Min Hash Buckets": 4194304, "Max Hash Batches": 1, "Min Hash Batches": 1, "Max Original Hash Batches": 1, "Min Original Hash Batches": 1, "Max Peak Memory Usage": 135869, "min Peak Memory Usage": 135869, "Plans": [{"Node Type": "Seq Scan", "Parent Relationship": "Outer", "Relation Name": "title", "Alias": "t", "Startup Cost": 0.0, "Total Cost": 60069.11, "Plan Rows": 2528311, "Plan Width": 21, "Actual Min Startup Time": 0.032, "Actual Max Startup Time": 0.032, "Actual Min Total Time": 840.168, "Actual Max Total Time": 840.168, "Actual Rows": 2528311}], "Actual Rows": 2528311}], "Actual Rows": 186594}], "Actual Rows": 186594}], "Actual Rows": 307785}, {"Node Type": "Hash", "Parent Relationship": "Inner", "Startup Cost": 2.4, "Total Cost": 2.4, "Plan Rows": 1, "Plan Width": 4, "Actual Min Startup Time": 0.102, "Actual Max Startup Time": 0.102, "Actual Min Total Time": 0.102, "Actual Max Total Time": 0.102, "Max Hash Buckets": 32768, "Min Hash Buckets": 32768, "Max Hash Batches": 1, "Min Hash Batches": 1, "Max Original Hash Batches": 1, "Min Original Hash Batches": 1, "Max Peak Memory Usage": 1, "min Peak Memory Usage": 1, "Plans": [{"Node Type": "Seq Scan", "Parent Relationship": "Outer", "Relation Name": "info_type", "Alias": "it2", "Startup Cost": 0.0, "Total Cost": 2.4, "Plan Rows": 1, "Plan Width": 4, "Actual Min Startup Time": 0.083, "Actual Max Startup Time": 0.083, "Actual Min Total Time": 0.089, "Actual Max Total Time": 0.089, "Filter": "((info)::text = 'votes'::text)", "Rows Removed by Filter": 111, "Actual Rows": 1}], "Actual Rows": 1}], "Actual Rows": 102516}], "Actual Rows": 6561024}, {"Node Type": "Hash", "Parent Relationship": "Inner", "Startup Cost": 75945.31, "Total Cost": 75945.31, "Plan Rows": 1223154, "Plan Width": 8, "Actual Min Startup Time": 219.259, "Actual Max Startup Time": 293.886, "Actual Min Total Time": 219.259, "Actual Max Total Time": 293.886, "Max Hash Buckets": 32768, "Min Hash Buckets": 32768, "Max Hash Batches": 1, "Min Hash Batches": 1, "Max Original Hash Batches": 1, "Min Original Hash Batches": 1, "Max Peak Memory Usage": 808, "min Peak Memory Usage": 808, "Plans": [{"Node Type": "Seq Scan", "Parent Relationship": "Outer", "Relation Name": "cast_info", "Alias": "ci", "Startup Cost": 0.0, "Total Cost": 75945.31, "Plan Rows": 1223154, "Plan Width": 8, "Actual Min Startup Time": 6.03, "Actual Max Startup Time": 144.369, "Actual Min Total Time": 214.533, "Actual Max Total Time": 243.505, "Filter": "((note)::text = ANY ('{(writer),\"(head writer)\",\"(written by)\",(story),\"(story editor)\"}'::text[]))", "Rows Removed by Filter": 34999627, "Actual Rows": 1244716}], "Actual Rows": 1244716}], "Actual Rows": 54155}], "Actual Rows": 54155}, {"Node Type": "Hash", "Parent Relationship": "Inner", "Startup Cost": 100527.77, "Total Cost": 100527.77, "Plan Rows": 1740714, "Plan Width": 4, "Actual Min Startup Time": 1268.316, "Actual Max Startup Time": 1268.316, "Actual Min Total Time": 1268.316, "Actual Max Total Time": 1268.316, "Max Hash Buckets": 2097152, "Min Hash Buckets": 2097152, "Max Hash Batches": 1, "Min Hash Batches": 1, "Max Original Hash Batches": 1, "Min Original Hash Batches": 1, "Max Peak Memory Usage": 61158, "min Peak Memory Usage": 61158, "Plans": [{"Node Type": "Streaming(type: LOCAL GATHER dop: 1/64)", "Parent Relationship": "Outer", "Startup Cost": 0.0, "Total Cost": 100527.77, "Plan Rows": 1740714, "Plan Width": 4, "Actual Min Startup Time": 89.133, "Actual Max Startup Time": 89.133, "Actual Min Total Time": 702.342, "Actual Max Total Time": 702.342, "Plans": [{"Node Type": "Seq Scan", "Parent Relationship": "Outer", "Relation Name": "name", "Alias": "n", "Startup Cost": 0.0, "Total Cost": 64617.04, "Plan Rows": 1740714, "Plan Width": 4, "Actual Min Startup Time": 0.027, "Actual Max Startup Time": 0.061, "Actual Min Total Time": 22.929, "Actual Max Total Time": 27.242, "Filter": "((gender)::text = 'm'::text), (LLVM Optimized, Jit Execute)", "Rows Removed by Filter": 2427912, "Actual Rows": 1739578}], "Actual Rows": 1739578}], "Actual Rows": 1739578}], "Actual Rows": 28073}], "Actual Rows": 1}, "Triggers": [], "Planner Runtime": 77, "Total Runtime": 9005.78, "Unique SQL Id": 3913857139}}, "(64, 107)": {"explain_plan": {"Plan": {"Node Type": "Aggregate", "Strategy": "Plain", "Startup Cost": 7000241394449.71, "Total Cost": 7000241394449.72, "Plan Rows": 1, "Plan Width": 160, "Plans": [{"Node Type": "Hash Join", "Parent Relationship": "Outer", "Join Type": "Inner", "Startup Cost": 5020224899757.33, "Total Cost": 7000241394439.11, "Plan Rows": 1413, "Plan Width": 64, "Inner Unique": true, "Hash Cond": "(mi.movie_id = t.id)", "Plans": [{"Node Type": "Hash Join", "Parent Relationship": "Outer", "Join Type": "Inner", "Startup Cost": 4020213856104.53, "Total Cost": 6000230350766.88, "Plan Rows": 1413, "Plan Width": 59, "Inner Unique": true, "Hash Cond": "(ci.person_id = n.id)", "Plans": [{"Node Type": "Hash Join", "Parent Relationship": "Outer", "Join Type": "Inner", "Startup Cost": 3020195169198.4, "Total Cost": 5000211663842.29, "Plan Rows": 1155, "Plan Width": 63, "Inner Unique": false, "Hash Cond": "(mi.movie_id = ci.movie_id)", "Plans": [{"Node Type": "Hash Join", "Parent Relationship": "Outer", "Join Type": "Inner", "Startup Cost": 2020001842892.02, "Total Cost": 4000018333841.64, "Plan Rows": 1044, "Plan Width": 55, "Inner Unique": false, "Hash Cond": "(mi.movie_id = mi_idx.movie_id)", "Plans": [{"Node Type": "Nested Loop", "Parent Relationship": "Outer", "Join Type": "Inner", "Startup Cost": 20000004842.14, "Total Cost": 2000016495701.31, "Plan Rows": 2717, "Plan Width": 46, "Inner Unique": false, "Plans": [{"Node Type": "Index Scan", "Parent Relationship": "Outer", "Scan Direction": "Forward", "Index Name": "info_type_pkey", "Relation Name": "info_type", "Alias": "it1", "Startup Cost": 10000000000.0, "Total Cost": 1000000001421.0, "Plan Rows": 1, "Plan Width": 4, "Filter": "((info)::text = 'genres'::text)"}, {"Node Type": "Bitmap Heap Scan", "Parent Relationship": "Inner", "Relation Name": "movie_info", "Alias": "mi", "Startup Cost": 10000004842.14, "Total Cost": 1000016494253.14, "Plan Rows": 2717, "Plan Width": 50, "Recheck Cond": "(info_type_id = it1.id)", "Filter": "((info)::text = ANY ('{Horror,Action,Sci-Fi,Thriller,Crime,War}'::text[]))", "Plans": [{"Node Type": "Bitmap Index Scan", "Parent Relationship": "Outer", "Index Name": "info_type_id_movie_info", "Startup Cost": 0.0, "Total Cost": 4841.46, "Plan Rows": 212428, "Plan Width": 0, "Index Cond": "(info_type_id = it1.id)"}]}]}, {"Node Type": "Hash", "Parent Relationship": "Inner", "Startup Cost": 2000001833737.28, "Total Cost": 2000001833737.28, "Plan Rows": 345008, "Plan Width": 9, "Plans": [{"Node Type": "Nested Loop", "Parent Relationship": "Outer", "Join Type": "Inner", "Startup Cost": 20000007502.06, "Total Cost": 2000001833737.28, "Plan Rows": 345008, "Plan Width": 9, "Inner Unique": false, "Plans": [{"Node Type": "Index Scan", "Parent Relationship": "Outer", "Scan Direction": "Forward", "Index Name": "info_type_pkey", "Relation Name": "info_type", "Alias": "it2", "Startup Cost": 10000000000.0, "Total Cost": 1000000001421.0, "Plan Rows": 1, "Plan Width": 4, "Filter": "((info)::text = 'votes'::text)"}, {"Node Type": "Bitmap Heap Scan", "Parent Relationship": "Inner", "Relation Name": "movie_info_idx", "Alias": "mi_idx", "Startup Cost": 10000007502.06, "Total Cost": 1000001828866.2, "Plan Rows": 345008, "Plan Width": 13, "Recheck Cond": "(info_type_id = it2.id), (LLVM Optimized)", "Plans": [{"Node Type": "Bitmap Index Scan", "Parent Relationship": "Outer", "Index Name": "info_type_id_movie_info_idx", "Startup Cost": 0.0, "Total Cost": 7415.81, "Plan Rows": 345008, "Plan Width": 0, "Index Cond": "(info_type_id = it2.id)"}]}]}]}]}, {"Node Type": "Hash", "Parent Relationship": "Inner", "Startup Cost": 1000193311016.96, "Total Cost": 1000193311016.96, "Plan Rows": 1223154, "Plan Width": 8, "Plans": [{"Node Type": "Index Scan", "Parent Relationship": "Outer", "Scan Direction": "Forward", "Index Name": "person_id_cast_info", "Relation Name": "cast_info", "Alias": "ci", "Startup Cost": 10000000000.0, "Total Cost": 1000193311016.96, "Plan Rows": 1223154, "Plan Width": 8, "Filter": "((note)::text = ANY ('{(writer),\"(head writer)\",\"(written by)\",(story),\"(story editor)\"}'::text[]))"}]}]}, {"Node Type": "Hash", "Parent Relationship": "Inner", "Startup Cost": 1000018665147.2, "Total Cost": 1000018665147.2, "Plan Rows": 1740714, "Plan Width": 4, "Plans": [{"Node Type": "Index Scan", "Parent Relationship": "Outer", "Scan Direction": "Forward", "Index Name": "name_pkey", "Relation Name": "name", "Alias": "n", "Startup Cost": 10000000000.0, "Total Cost": 1000018665147.2, "Plan Rows": 1740714, "Plan Width": 4, "Filter": "((gender)::text = 'm'::text), (LLVM Optimized)"}]}]}, {"Node Type": "Hash", "Parent Relationship": "Inner", "Startup Cost": 1000011012048.91, "Total Cost": 1000011012048.91, "Plan Rows": 2528311, "Plan Width": 21, "Plans": [{"Node Type": "Index Scan", "Parent Relationship": "Outer", "Scan Direction": "Forward", "Index Name": "title_pkey", "Relation Name": "title", "Alias": "t", "Startup Cost": 10000000000.0, "Total Cost": 1000011012048.91, "Plan Rows": 2528311, "Plan Width": 21}]}]}]}, "Unique SQL Id": 3913857139, "Planner Runtime": 38}, "explain_analyze_plan": null}, "(64, 108)": {"explain_plan": {"Plan": {"Node Type": "Aggregate", "Strategy": "Plain", "Startup Cost": 77639.97, "Total Cost": 77639.98, "Plan Rows": 1, "Plan Width": 160, "Plans": [{"Node Type": "Nested Loop", "Parent Relationship": "Outer", "Join Type": "Inner", "Startup Cost": 4.83, "Total Cost": 77629.37, "Plan Rows": 1413, "Plan Width": 64, "Inner Unique": true, "Plans": [{"Node Type": "Nested Loop", "Parent Relationship": "Outer", "Join Type": "Inner", "Startup Cost": 4.83, "Total Cost": 77050.1, "Plan Rows": 1155, "Plan Width": 68, "Inner Unique": false, "Plans": [{"Node Type": "Nested Loop", "Parent Relationship": "Outer", "Join Type": "Inner", "Startup Cost": 4.83, "Total Cost": 75988.47, "Plan Rows": 1044, "Plan Width": 76, "Inner Unique": true, "Join Filter": "(mi.movie_id = t.id)", "Plans": [{"Node Type": "Hash Join", "Parent Relationship": "Outer", "Join Type": "Inner", "Startup Cost": 4.83, "Total Cost": 75560.28, "Plan Rows": 1044, "Plan Width": 55, "Inner Unique": true, "Hash Cond": "(mi_idx.info_type_id = it2.id)", "Plans": [{"Node Type": "Nested Loop", "Parent Relationship": "Outer", "Join Type": "Inner", "Startup Cost": 2.41, "Total Cost": 75536.96, "Plan Rows": 4175, "Plan Width": 59, "Inner Unique": false, "Plans": [{"Node Type": "Hash Join", "Parent Relationship": "Outer", "Join Type": "Inner", "Startup Cost": 2.41, "Total Cost": 74048.91, "Plan Rows": 2717, "Plan Width": 46, "Inner Unique": true, "Hash Cond": "(mi.info_type_id = it1.id)", "Plans": [{"Node Type": "Streaming(type: LOCAL GATHER dop: 1/64)", "Parent Relationship": "Outer", "Startup Cost": 0.0, "Total Cost": 73306.19, "Plan Rows": 190170, "Plan Width": 50, "Plans": [{"Node Type": "Seq Scan", "Parent Relationship": "Outer", "Relation Name": "movie_info", "Alias": "mi", "Startup Cost": 0.0, "Total Cost": 69383.01, "Plan Rows": 190170, "Plan Width": 50, "Filter": "((info)::text = ANY ('{Horror,Action,Sci-Fi,Thriller,Crime,War}'::text[]))"}]}, {"Node Type": "Hash", "Parent Relationship": "Inner", "Startup Cost": 2.4, "Total Cost": 2.4, "Plan Rows": 1, "Plan Width": 4, "Plans": [{"Node Type": "Seq Scan", "Parent Relationship": "Outer", "Relation Name": "info_type", "Alias": "it1", "Startup Cost": 0.0, "Total Cost": 2.4, "Plan Rows": 1, "Plan Width": 4, "Filter": "((info)::text = 'genres'::text)"}]}]}, {"Node Type": "Index Scan", "Parent Relationship": "Inner", "Scan Direction": "Forward", "Index Name": "movie_id_movie_info_idx", "Relation Name": "movie_info_idx", "Alias": "mi_idx", "Startup Cost": 0.0, "Total Cost": 0.53, "Plan Rows": 2, "Plan Width": 13, "Index Cond": "(movie_id = mi.movie_id)"}]}, {"Node Type": "Hash", "Parent Relationship": "Inner", "Startup Cost": 2.4, "Total Cost": 2.4, "Plan Rows": 1, "Plan Width": 4, "Plans": [{"Node Type": "Seq Scan", "Parent Relationship": "Outer", "Relation Name": "info_type", "Alias": "it2", "Startup Cost": 0.0, "Total Cost": 2.4, "Plan Rows": 1, "Plan Width": 4, "Filter": "((info)::text = 'votes'::text)"}]}]}, {"Node Type": "Index Scan", "Parent Relationship": "Inner", "Scan Direction": "Forward", "Index Name": "title_pkey", "Relation Name": "title", "Alias": "t", "Startup Cost": 0.0, "Total Cost": 0.4, "Plan Rows": 1, "Plan Width": 21, "Index Cond": "(id = mi_idx.movie_id)"}]}, {"Node Type": "Index Scan", "Parent Relationship": "Inner", "Scan Direction": "Forward", "Index Name": "movie_id_cast_info", "Relation Name": "cast_info", "Alias": "ci", "Startup Cost": 0.0, "Total Cost": 1.01, "Plan Rows": 1, "Plan Width": 8, "Index Cond": "(movie_id = t.id)", "Filter": "((note)::text = ANY ('{(writer),\"(head writer)\",\"(written by)\",(story),\"(story editor)\"}'::text[]))"}]}, {"Node Type": "Index Scan", "Parent Relationship": "Inner", "Scan Direction": "Forward", "Index Name": "name_pkey", "Relation Name": "name", "Alias": "n", "Startup Cost": 0.0, "Total Cost": 0.49, "Plan Rows": 1, "Plan Width": 4, "Index Cond": "(id = ci.person_id)", "Filter": "((gender)::text = 'm'::text)"}]}]}, "Unique SQL Id": 3913857139, "Planner Runtime": 47}, "explain_analyze_plan": {"Plan": {"Node Type": "Aggregate", "Strategy": "Plain", "Startup Cost": 77639.97, "Total Cost": 77639.98, "Plan Rows": 1, "Plan Width": 160, "Actual Min Startup Time": 10259.092, "Actual Max Startup Time": 10259.092, "Actual Min Total Time": 10259.093, "Actual Max Total Time": 10259.093, "Plans": [{"Node Type": "Nested Loop", "Parent Relationship": "Outer", "Join Type": "Inner", "Startup Cost": 4.83, "Total Cost": 77629.37, "Plan Rows": 1413, "Plan Width": 64, "Actual Min Startup Time": 156.083, "Actual Max Startup Time": 156.083, "Actual Min Total Time": 10216.404, "Actual Max Total Time": 10216.404, "Inner Unique": true, "Plans": [{"Node Type": "Nested Loop", "Parent Relationship": "Outer", "Join Type": "Inner", "Startup Cost": 4.83, "Total Cost": 77050.1, "Plan Rows": 1155, "Plan Width": 68, "Actual Min Startup Time": 156.042, "Actual Max Startup Time": 156.042, "Actual Min Total Time": 9827.634, "Actual Max Total Time": 9827.634, "Inner Unique": false, "Plans": [{"Node Type": "Nested Loop", "Parent Relationship": "Outer", "Join Type": "Inner", "Startup Cost": 4.83, "Total Cost": 75988.47, "Plan Rows": 1044, "Plan Width": 76, "Actual Min Startup Time": 155.915, "Actual Max Startup Time": 155.915, "Actual Min Total Time": 1805.705, "Actual Max Total Time": 1805.705, "Inner Unique": true, "Join Filter": "(mi.movie_id = t.id)", "Rows Removed by Join Filter": 0, "Plans": [{"Node Type": "Hash Join", "Parent Relationship": "Outer", "Join Type": "Inner", "Startup Cost": 4.83, "Total Cost": 75560.28, "Plan Rows": 1044, "Plan Width": 55, "Actual Min Startup Time": 155.892, "Actual Max Startup Time": 155.892, "Actual Min Total Time": 1270.945, "Actual Max Total Time": 1270.945, "Inner Unique": true, "Hash Cond": "(mi_idx.info_type_id = it2.id)", "Plans": [{"Node Type": "Nested Loop", "Parent Relationship": "Outer", "Join Type": "Inner", "Startup Cost": 2.41, "Total Cost": 75536.96, "Plan Rows": 4175, "Plan Width": 59, "Actual Min Startup Time": 155.737, "Actual Max Startup Time": 155.737, "Actual Min Total Time": 1174.776, "Actual Max Total Time": 1174.776, "Inner Unique": false, "Plans": [{"Node Type": "Hash Join", "Parent Relationship": "Outer", "Join Type": "Inner", "Startup Cost": 2.41, "Total Cost": 74048.91, "Plan Rows": 2717, "Plan Width": 46, "Actual Min Startup Time": 155.684, "Actual Max Startup Time": 155.684, "Actual Min Total Time": 356.203, "Actual Max Total Time": 356.203, "Inner Unique": true, "Hash Cond": "(mi.info_type_id = it1.id)", "Plans": [{"Node Type": "Streaming(type: LOCAL GATHER dop: 1/64)", "Parent Relationship": "Outer", "Startup Cost": 0.0, "Total Cost": 73306.19, "Plan Rows": 190170, "Plan Width": 50, "Actual Min Startup Time": 136.808, "Actual Max Startup Time": 136.808, "Actual Min Total Time": 246.814, "Actual Max Total Time": 246.814, "Plans": [{"Node Type": "Seq Scan", "Parent Relationship": "Outer", "Relation Name": "movie_info", "Alias": "mi", "Startup Cost": 0.0, "Total Cost": 69383.01, "Plan Rows": 190170, "Plan Width": 50, "Actual Min Startup Time": 63.231, "Actual Max Startup Time": 142.443, "Actual Min Total Time": 110.322, "Actual Max Total Time": 163.069, "Filter": "((info)::text = ANY ('{Horror,Action,Sci-Fi,Thriller,Crime,War}'::text[]))", "Rows Removed by Filter": 14646748, "Actual Rows": 188971}], "Actual Rows": 188971}, {"Node Type": "Hash", "Parent Relationship": "Inner", "Startup Cost": 2.4, "Total Cost": 2.4, "Plan Rows": 1, "Plan Width": 4, "Actual Min Startup Time": 0.056, "Actual Max Startup Time": 0.056, "Actual Min Total Time": 0.056, "Actual Max Total Time": 0.056, "Max Hash Buckets": 32768, "Min Hash Buckets": 32768, "Max Hash Batches": 1, "Min Hash Batches": 1, "Max Original Hash Batches": 1, "Min Original Hash Batches": 1, "Max Peak Memory Usage": 1, "min Peak Memory Usage": 1, "Plans": [{"Node Type": "Seq Scan", "Parent Relationship": "Outer", "Relation Name": "info_type", "Alias": "it1", "Startup Cost": 0.0, "Total Cost": 2.4, "Plan Rows": 1, "Plan Width": 4, "Actual Min Startup Time": 0.028, "Actual Max Startup Time": 0.028, "Actual Min Total Time": 0.05, "Actual Max Total Time": 0.05, "Filter": "((info)::text = 'genres'::text)", "Rows Removed by Filter": 111, "Actual Rows": 1}], "Actual Rows": 1}], "Actual Rows": 186594}, {"Node Type": "Index Scan", "Parent Relationship": "Inner", "Scan Direction": "Forward", "Index Name": "movie_id_movie_info_idx", "Relation Name": "movie_info_idx", "Alias": "mi_idx", "Startup Cost": 0.0, "Total Cost": 0.53, "Plan Rows": 2, "Plan Width": 13, "Actual Min Startup Time": 530.603, "Actual Max Startup Time": 530.603, "Actual Min Total Time": 647.551, "Actual Max Total Time": 647.551, "Index Cond": "(movie_id = mi.movie_id)", "Rows Removed by Index Recheck": 0, "Actual Rows": 307785}], "Actual Rows": 307785}, {"Node Type": "Hash", "Parent Relationship": "Inner", "Startup Cost": 2.4, "Total Cost": 2.4, "Plan Rows": 1, "Plan Width": 4, "Actual Min Startup Time": 0.09, "Actual Max Startup Time": 0.09, "Actual Min Total Time": 0.09, "Actual Max Total Time": 0.09, "Max Hash Buckets": 32768, "Min Hash Buckets": 32768, "Max Hash Batches": 1, "Min Hash Batches": 1, "Max Original Hash Batches": 1, "Min Original Hash Batches": 1, "Max Peak Memory Usage": 1, "min Peak Memory Usage": 1, "Plans": [{"Node Type": "Seq Scan", "Parent Relationship": "Outer", "Relation Name": "info_type", "Alias": "it2", "Startup Cost": 0.0, "Total Cost": 2.4, "Plan Rows": 1, "Plan Width": 4, "Actual Min Startup Time": 0.075, "Actual Max Startup Time": 0.075, "Actual Min Total Time": 0.08, "Actual Max Total Time": 0.08, "Filter": "((info)::text = 'votes'::text)", "Rows Removed by Filter": 111, "Actual Rows": 1}], "Actual Rows": 1}], "Actual Rows": 102516}, {"Node Type": "Index Scan", "Parent Relationship": "Inner", "Scan Direction": "Forward", "Index Name": "title_pkey", "Relation Name": "title", "Alias": "t", "Startup Cost": 0.0, "Total Cost": 0.4, "Plan Rows": 1, "Plan Width": 21, "Actual Min Startup Time": 424.957, "Actual Max Startup Time": 424.957, "Actual Min Total Time": 424.957, "Actual Max Total Time": 424.957, "Index Cond": "(id = mi_idx.movie_id)", "Rows Removed by Index Recheck": 0, "Actual Rows": 102516}], "Actual Rows": 102516}, {"Node Type": "Index Scan", "Parent Relationship": "Inner", "Scan Direction": "Forward", "Index Name": "movie_id_cast_info", "Relation Name": "cast_info", "Alias": "ci", "Startup Cost": 0.0, "Total Cost": 1.01, "Plan Rows": 1, "Plan Width": 8, "Actual Min Startup Time": 6776.626, "Actual Max Startup Time": 6776.626, "Actual Min Total Time": 7948.601, "Actual Max Total Time": 7948.601, "Index Cond": "(movie_id = t.id)", "Rows Removed by Index Recheck": 0, "Filter": "((note)::text = ANY ('{(writer),\"(head writer)\",\"(written by)\",(story),\"(story editor)\"}'::text[]))", "Rows Removed by Filter": 3987641, "Actual Rows": 54155}], "Actual Rows": 54155}, {"Node Type": "Index Scan", "Parent Relationship": "Inner", "Scan Direction": "Forward", "Index Name": "name_pkey", "Relation Name": "name", "Alias": "n", "Startup Cost": 0.0, "Total Cost": 0.49, "Plan Rows": 1, "Plan Width": 4, "Actual Min Startup Time": 341.205, "Actual Max Startup Time": 341.205, "Actual Min Total Time": 341.205, "Actual Max Total Time": 341.205, "Index Cond": "(id = ci.person_id)", "Rows Removed by Index Recheck": 0, "Filter": "((gender)::text = 'm'::text)", "Rows Removed by Filter": 26082, "Actual Rows": 28073}], "Actual Rows": 28073}], "Actual Rows": 1}, "Triggers": [], "Planner Runtime": 47, "Total Runtime": 10270.15, "Unique SQL Id": 3913857139}}, "(64, 109)": {"explain_plan": {"Plan": {"Node Type": "Aggregate", "Strategy": "Plain", "Startup Cost": 383291.22, "Total Cost": 383291.23, "Plan Rows": 1, "Plan Width": 160, "Plans": [{"Node Type": "Nested Loop", "Parent Relationship": "Outer", "Join Type": "Inner", "Startup Cost": 14.22, "Total Cost": 383280.62, "Plan Rows": 1413, "Plan Width": 64, "Inner Unique": true, "Plans": [{"Node Type": "Nested Loop", "Parent Relationship": "Outer", "Join Type": "Inner", "Startup Cost": 14.22, "Total Cost": 382701.35, "Plan Rows": 1155, "Plan Width": 68, "Inner Unique": false, "Plans": [{"Node Type": "Nested Loop", "Parent Relationship": "Outer", "Join Type": "Inner", "Startup Cost": 14.22, "Total Cost": 381639.72, "Plan Rows": 1044, "Plan Width": 76, "Inner Unique": true, "Join Filter": "(mi.movie_id = t.id)", "Plans": [{"Node Type": "Hash Join", "Parent Relationship": "Outer", "Join Type": "Inner", "Startup Cost": 14.22, "Total Cost": 381211.53, "Plan Rows": 1044, "Plan Width": 55, "Inner Unique": true, "Hash Cond": "(mi.info_type_id = it1.id)", "Plans": [{"Node Type": "Nested Loop", "Parent Relationship": "Outer", "Join Type": "Inner", "Startup Cost": 0.0, "Total Cost": 380590.58, "Plan Rows": 229029, "Plan Width": 59, "Inner Unique": false, "Plans": [{"Node Type": "Nested Loop", "Parent Relationship": "Outer", "Join Type": "Inner", "Startup Cost": 0.0, "Total Cost": 38338.2, "Plan Rows": 345008, "Plan Width": 9, "Inner Unique": false, "Plans": [{"Node Type": "Index Scan", "Parent Relationship": "Outer", "Scan Direction": "Forward", "Index Name": "info_type_pkey", "Relation Name": "info_type", "Alias": "it2", "Startup Cost": 0.0, "Total Cost": 14.21, "Plan Rows": 1, "Plan Width": 4, "Filter": "((info)::text = 'votes'::text)"}, {"Node Type": "Index Scan", "Parent Relationship": "Inner", "Scan Direction": "Forward", "Index Name": "info_type_id_movie_info_idx", "Relation Name": "movie_info_idx", "Alias": "mi_idx", "Startup Cost": 0.0, "Total Cost": 34873.91, "Plan Rows": 345008, "Plan Width": 13, "Index Cond": "(info_type_id = it2.id), (LLVM Optimized)"}]}, {"Node Type": "Index Scan", "Parent Relationship": "Inner", "Scan Direction": "Forward", "Index Name": "movie_id_movie_info", "Relation Name": "movie_info", "Alias": "mi", "Startup Cost": 0.0, "Total Cost": 0.98, "Plan Rows": 1, "Plan Width": 50, "Index Cond": "(movie_id = mi_idx.movie_id)", "Filter": "((info)::text = ANY ('{Horror,Action,Sci-Fi,Thriller,Crime,War}'::text[]))"}]}, {"Node Type": "Hash", "Parent Relationship": "Inner", "Startup Cost": 14.21, "Total Cost": 14.21, "Plan Rows": 1, "Plan Width": 4, "Plans": [{"Node Type": "Index Scan", "Parent Relationship": "Outer", "Scan Direction": "Forward", "Index Name": "info_type_pkey", "Relation Name": "info_type", "Alias": "it1", "Startup Cost": 0.0, "Total Cost": 14.21, "Plan Rows": 1, "Plan Width": 4, "Filter": "((info)::text = 'genres'::text)"}]}]}, {"Node Type": "Index Scan", "Parent Relationship": "Inner", "Scan Direction": "Forward", "Index Name": "title_pkey", "Relation Name": "title", "Alias": "t", "Startup Cost": 0.0, "Total Cost": 0.4, "Plan Rows": 1, "Plan Width": 21, "Index Cond": "(id = mi_idx.movie_id)"}]}, {"Node Type": "Index Scan", "Parent Relationship": "Inner", "Scan Direction": "Forward", "Index Name": "movie_id_cast_info", "Relation Name": "cast_info", "Alias": "ci", "Startup Cost": 0.0, "Total Cost": 1.01, "Plan Rows": 1, "Plan Width": 8, "Index Cond": "(movie_id = t.id)", "Filter": "((note)::text = ANY ('{(writer),\"(head writer)\",\"(written by)\",(story),\"(story editor)\"}'::text[]))"}]}, {"Node Type": "Index Scan", "Parent Relationship": "Inner", "Scan Direction": "Forward", "Index Name": "name_pkey", "Relation Name": "name", "Alias": "n", "Startup Cost": 0.0, "Total Cost": 0.49, "Plan Rows": 1, "Plan Width": 4, "Index Cond": "(id = ci.person_id)", "Filter": "((gender)::text = 'm'::text)"}]}]}, "Unique SQL Id": 3913857139, "Planner Runtime": 17}, "explain_analyze_plan": {"Plan": {"Node Type": "Aggregate", "Strategy": "Plain", "Startup Cost": 383291.22, "Total Cost": 383291.23, "Plan Rows": 1, "Plan Width": 160, "Actual Startup Time": 18915.67, "Actual Total Time": 18915.67, "Actual Rows": 1, "Actual Loops": 1, "Plans": [{"Node Type": "Nested Loop", "Parent Relationship": "Outer", "Join Type": "Inner", "Startup Cost": 14.22, "Total Cost": 383280.62, "Plan Rows": 1413, "Plan Width": 64, "Actual Startup Time": 29.61, "Actual Total Time": 18870.833, "Actual Rows": 28073, "Actual Loops": 1, "Inner Unique": true, "Plans": [{"Node Type": "Nested Loop", "Parent Relationship": "Outer", "Join Type": "Inner", "Startup Cost": 14.22, "Total Cost": 382701.35, "Plan Rows": 1155, "Plan Width": 68, "Actual Startup Time": 14.671, "Actual Total Time": 18459.302, "Actual Rows": 54155, "Actual Loops": 1, "Inner Unique": false, "Plans": [{"Node Type": "Nested Loop", "Parent Relationship": "Outer", "Join Type": "Inner", "Startup Cost": 14.22, "Total Cost": 381639.72, "Plan Rows": 1044, "Plan Width": 76, "Actual Startup Time": 0.881, "Actual Total Time": 10022.466, "Actual Rows": 102516, "Actual Loops": 1, "Inner Unique": true, "Join Filter": "(mi.movie_id = t.id)", "Rows Removed by Join Filter": 0, "Plans": [{"Node Type": "Hash Join", "Parent Relationship": "Outer", "Join Type": "Inner", "Startup Cost": 14.22, "Total Cost": 381211.53, "Plan Rows": 1044, "Plan Width": 55, "Actual Startup Time": 0.87, "Actual Total Time": 9449.372, "Actual Rows": 102516, "Actual Loops": 1, "Inner Unique": true, "Hash Cond": "(mi.info_type_id = it1.id)", "Plans": [{"Node Type": "Nested Loop", "Parent Relationship": "Outer", "Join Type": "Inner", "Startup Cost": 0.0, "Total Cost": 380590.58, "Plan Rows": 229029, "Plan Width": 59, "Actual Startup Time": 0.769, "Actual Total Time": 9381.941, "Actual Rows": 104892, "Actual Loops": 1, "Inner Unique": false, "Plans": [{"Node Type": "Nested Loop", "Parent Relationship": "Outer", "Join Type": "Inner", "Startup Cost": 0.0, "Total Cost": 38338.2, "Plan Rows": 345008, "Plan Width": 9, "Actual Startup Time": 0.087, "Actual Total Time": 400.663, "Actual Rows": 459925, "Actual Loops": 1, "Inner Unique": false, "Plans": [{"Node Type": "Index Scan", "Parent Relationship": "Outer", "Scan Direction": "Forward", "Index Name": "info_type_pkey", "Relation Name": "info_type", "Alias": "it2", "Startup Cost": 0.0, "Total Cost": 14.21, "Plan Rows": 1, "Plan Width": 4, "Actual Startup Time": 0.07, "Actual Total Time": 0.091, "Actual Rows": 1, "Actual Loops": 1, "Filter": "((info)::text = 'votes'::text)", "Rows Removed by Filter": 111}, {"Node Type": "Index Scan", "Parent Relationship": "Inner", "Scan Direction": "Forward", "Index Name": "info_type_id_movie_info_idx", "Relation Name": "movie_info_idx", "Alias": "mi_idx", "Startup Cost": 0.0, "Total Cost": 34873.91, "Plan Rows": 345008, "Plan Width": 13, "Actual Startup Time": 0.014, "Actual Total Time": 288.57, "Actual Rows": 459925, "Actual Loops": 1, "Index Cond": "(info_type_id = it2.id), (LLVM Optimized, Jit Execute)", "Rows Removed by Index Recheck": 0}]}, {"Node Type": "Index Scan", "Parent Relationship": "Inner", "Scan Direction": "Forward", "Index Name": "movie_id_movie_info", "Relation Name": "movie_info", "Alias": "mi", "Startup Cost": 0.0, "Total Cost": 0.98, "Plan Rows": 1, "Plan Width": 50, "Actual Startup Time": 8553.281, "Actual Total Time": 8716.391, "Actual Rows": 104892, "Actual Loops": 459925, "Index Cond": "(movie_id = mi_idx.movie_id)", "Rows Removed by Index Recheck": 0, "Filter": "((info)::text = ANY ('{Horror,Action,Sci-Fi,Thriller,Crime,War}'::text[]))", "Rows Removed by Filter": 6825442}]}, {"Node Type": "Hash", "Parent Relationship": "Inner", "Startup Cost": 14.21, "Total Cost": 14.21, "Plan Rows": 1, "Plan Width": 4, "Actual Startup Time": 0.063, "Actual Total Time": 0.063, "Actual Rows": 1, "Actual Loops": 1, "Hash Buckets": 32768, "Hash Batches": 1, "Original Hash Batches": 1, "Peak Memory Usage": 1, "Plans": [{"Node Type": "Index Scan", "Parent Relationship": "Outer", "Scan Direction": "Forward", "Index Name": "info_type_pkey", "Relation Name": "info_type", "Alias": "it1", "Startup Cost": 0.0, "Total Cost": 14.21, "Plan Rows": 1, "Plan Width": 4, "Actual Startup Time": 0.011, "Actual Total Time": 0.056, "Actual Rows": 1, "Actual Loops": 1, "Filter": "((info)::text = 'genres'::text)", "Rows Removed by Filter": 111}]}]}, {"Node Type": "Index Scan", "Parent Relationship": "Inner", "Scan Direction": "Forward", "Index Name": "title_pkey", "Relation Name": "title", "Alias": "t", "Startup Cost": 0.0, "Total Cost": 0.4, "Plan Rows": 1, "Plan Width": 21, "Actual Startup Time": 451.922, "Actual Total Time": 451.922, "Actual Rows": 102516, "Actual Loops": 102516, "Index Cond": "(id = mi_idx.movie_id)", "Rows Removed by Index Recheck": 0}]}, {"Node Type": "Index Scan", "Parent Relationship": "Inner", "Scan Direction": "Forward", "Index Name": "movie_id_cast_info", "Relation Name": "cast_info", "Alias": "ci", "Startup Cost": 0.0, "Total Cost": 1.01, "Plan Rows": 1, "Plan Width": 8, "Actual Startup Time": 7128.686, "Actual Total Time": 8362.97, "Actual Rows": 54155, "Actual Loops": 102516, "Index Cond": "(movie_id = t.id)", "Rows Removed by Index Recheck": 0, "Filter": "((note)::text = ANY ('{(writer),\"(head writer)\",\"(written by)\",(story),\"(story editor)\"}'::text[]))", "Rows Removed by Filter": 3987641}]}, {"Node Type": "Index Scan", "Parent Relationship": "Inner", "Scan Direction": "Forward", "Index Name": "name_pkey", "Relation Name": "name", "Alias": "n", "Startup Cost": 0.0, "Total Cost": 0.49, "Plan Rows": 1, "Plan Width": 4, "Actual Startup Time": 362.758, "Actual Total Time": 362.758, "Actual Rows": 28073, "Actual Loops": 54155, "Index Cond": "(id = ci.person_id)", "Rows Removed by Index Recheck": 0, "Filter": "((gender)::text = 'm'::text)", "Rows Removed by Filter": 26082}]}]}, "Triggers": [], "Planner Runtime": 17, "Total Runtime": 18924.645, "Unique SQL Id": 3913857139}}, "(64, 110)": {"explain_plan": {"Plan": {"Node Type": "Aggregate", "Strategy": "Plain", "Startup Cost": 321917.07, "Total Cost": 321917.08, "Plan Rows": 1, "Plan Width": 160, "Plans": [{"Node Type": "Hash Join", "Parent Relationship": "Outer", "Join Type": "Inner", "Startup Cost": 231911.73, "Total Cost": 321906.48, "Plan Rows": 1413, "Plan Width": 64, "Inner Unique": true, "Hash Cond": "(ci.person_id = n.id)", "Plans": [{"Node Type": "Streaming(type: LOCAL GATHER dop: 1/64)", "Parent Relationship": "Outer", "Startup Cost": 185020.87, "Total Cost": 274997.15, "Plan Rows": 1155, "Plan Width": 68, "Plans": [{"Node Type": "Hash Join", "Parent Relationship": "Outer", "Join Type": "Inner", "Startup Cost": 185020.87, "Total Cost": 274973.32, "Plan Rows": 1155, "Plan Width": 68, "Inner Unique": false, "Hash Cond": "(t.id = ci.movie_id)", "Plans": [{"Node Type": "Streaming(type: BROADCAST dop: 64/1)", "Parent Relationship": "Outer", "Startup Cost": 165795.64, "Total Cost": 255687.89, "Plan Rows": 66816, "Plan Width": 76, "Plans": [{"Node Type": "Hash Join", "Parent Relationship": "Outer", "Join Type": "Inner", "Startup Cost": 165795.64, "Total Cost": 191309.48, "Plan Rows": 1044, "Plan Width": 76, "Inner Unique": true, "Hash Cond": "(mi_idx.info_type_id = it2.id)", "Plans": [{"Node Type": "Hash Join", "Parent Relationship": "Outer", "Join Type": "Inner", "Startup Cost": 165793.23, "Total Cost": 191284.45, "Plan Rows": 4175, "Plan Width": 80, "Inner Unique": false, "Hash Cond": "(mi_idx.movie_id = t.id)", "Plans": [{"Node Type": "Seq Scan", "Parent Relationship": "Outer", "Relation Name": "movie_info_idx", "Alias": "mi_idx", "Startup Cost": 0.0, "Total Cost": 20274.34, "Plan Rows": 1380034, "Plan Width": 13}, {"Node Type": "Hash", "Parent Relationship": "Inner", "Startup Cost": 165759.27, "Total Cost": 165759.27, "Plan Rows": 2717, "Plan Width": 67, "Plans": [{"Node Type": "Hash Join", "Parent Relationship": "Outer", "Join Type": "Inner", "Startup Cost": 91675.41, "Total Cost": 165759.27, "Plan Rows": 2717, "Plan Width": 67, "Inner Unique": true, "Hash Cond": "(mi.movie_id = t.id)", "Plans": [{"Node Type": "Hash Join", "Parent Relationship": "Outer", "Join Type": "Inner", "Startup Cost": 2.41, "Total Cost": 74048.91, "Plan Rows": 2717, "Plan Width": 46, "Inner Unique": true, "Hash Cond": "(mi.info_type_id = it1.id)", "Plans": [{"Node Type": "Streaming(type: LOCAL GATHER dop: 1/64)", "Parent Relationship": "Outer", "Startup Cost": 0.0, "Total Cost": 73306.19, "Plan Rows": 190170, "Plan Width": 50, "Plans": [{"Node Type": "Seq Scan", "Parent Relationship": "Outer", "Relation Name": "movie_info", "Alias": "mi", "Startup Cost": 0.0, "Total Cost": 69383.01, "Plan Rows": 190170, "Plan Width": 50, "Filter": "((info)::text = ANY ('{Horror,Action,Sci-Fi,Thriller,Crime,War}'::text[]))"}]}, {"Node Type": "Hash", "Parent Relationship": "Inner", "Startup Cost": 2.4, "Total Cost": 2.4, "Plan Rows": 1, "Plan Width": 4, "Plans": [{"Node Type": "Seq Scan", "Parent Relationship": "Outer", "Relation Name": "info_type", "Alias": "it1", "Startup Cost": 0.0, "Total Cost": 2.4, "Plan Rows": 1, "Plan Width": 4, "Filter": "((info)::text = 'genres'::text)"}]}]}, {"Node Type": "Hash", "Parent Relationship": "Inner", "Startup Cost": 60069.11, "Total Cost": 60069.11, "Plan Rows": 2528311, "Plan Width": 21, "Plans": [{"Node Type": "Seq Scan", "Parent Relationship": "Outer", "Relation Name": "title", "Alias": "t", "Startup Cost": 0.0, "Total Cost": 60069.11, "Plan Rows": 2528311, "Plan Width": 21}]}]}]}]}, {"Node Type": "Hash", "Parent Relationship": "Inner", "Startup Cost": 2.4, "Total Cost": 2.4, "Plan Rows": 1, "Plan Width": 4, "Plans": [{"Node Type": "Seq Scan", "Parent Relationship": "Outer", "Relation Name": "info_type", "Alias": "it2", "Startup Cost": 0.0, "Total Cost": 2.4, "Plan Rows": 1, "Plan Width": 4, "Filter": "((info)::text = 'votes'::text)"}]}]}]}, {"Node Type": "Hash", "Parent Relationship": "Inner", "Startup Cost": 75945.31, "Total Cost": 75945.31, "Plan Rows": 1223154, "Plan Width": 8, "Plans": [{"Node Type": "Seq Scan", "Parent Relationship": "Outer", "Relation Name": "cast_info", "Alias": "ci", "Startup Cost": 0.0, "Total Cost": 75945.31, "Plan Rows": 1223154, "Plan Width": 8, "Filter": "((note)::text = ANY ('{(writer),\"(head writer)\",\"(written by)\",(story),\"(story editor)\"}'::text[]))"}]}]}]}, {"Node Type": "Hash", "Parent Relationship": "Inner", "Startup Cost": 100527.77, "Total Cost": 100527.77, "Plan Rows": 1740714, "Plan Width": 4, "Plans": [{"Node Type": "Streaming(type: LOCAL GATHER dop: 1/64)", "Parent Relationship": "Outer", "Startup Cost": 0.0, "Total Cost": 100527.77, "Plan Rows": 1740714, "Plan Width": 4, "Plans": [{"Node Type": "Seq Scan", "Parent Relationship": "Outer", "Relation Name": "name", "Alias": "n", "Startup Cost": 0.0, "Total Cost": 64617.04, "Plan Rows": 1740714, "Plan Width": 4, "Filter": "((gender)::text = 'm'::text), (LLVM Optimized)"}]}]}]}]}, "Unique SQL Id": 3913857139, "Planner Runtime": 77}, "explain_analyze_plan": {"Plan": {"Node Type": "Aggregate", "Strategy": "Plain", "Startup Cost": 321917.07, "Total Cost": 321917.08, "Plan Rows": 1, "Plan Width": 160, "Actual Min Startup Time": 8948.572, "Actual Max Startup Time": 8948.572, "Actual Min Total Time": 8948.572, "Actual Max Total Time": 8948.572, "Plans": [{"Node Type": "Hash Join", "Parent Relationship": "Outer", "Join Type": "Inner", "Startup Cost": 231911.73, "Total Cost": 321906.48, "Plan Rows": 1413, "Plan Width": 64, "Actual Min Startup Time": 3616.042, "Actual Max Startup Time": 3616.042, "Actual Min Total Time": 8928.76, "Actual Max Total Time": 8928.76, "Inner Unique": true, "Hash Cond": "(ci.person_id = n.id)", "Plans": [{"Node Type": "Streaming(type: LOCAL GATHER dop: 1/64)", "Parent Relationship": "Outer", "Startup Cost": 185020.87, "Total Cost": 274997.15, "Plan Rows": 1155, "Plan Width": 68, "Actual Min Startup Time": 2346.284, "Actual Max Startup Time": 2346.284, "Actual Min Total Time": 7633.108, "Actual Max Total Time": 7633.108, "Plans": [{"Node Type": "Hash Join", "Parent Relationship": "Outer", "Join Type": "Inner", "Startup Cost": 185020.87, "Total Cost": 274973.32, "Plan Rows": 1155, "Plan Width": 68, "Actual Min Startup Time": 2493.293, "Actual Max Startup Time": 2737.81, "Actual Min Total Time": 8544.81, "Actual Max Total Time": 8757.391, "Inner Unique": false, "Hash Cond": "(t.id = ci.movie_id)", "Plans": [{"Node Type": "Streaming(type: BROADCAST dop: 64/1)", "Parent Relationship": "Outer", "Startup Cost": 165795.64, "Total Cost": 255687.89, "Plan Rows": 66816, "Plan Width": 76, "Actual Min Startup Time": 2256.439, "Actual Max Startup Time": 2405.875, "Actual Min Total Time": 8286.327, "Actual Max Total Time": 8441.897, "Plans": [{"Node Type": "Hash Join", "Parent Relationship": "Outer", "Join Type": "Inner", "Startup Cost": 165795.64, "Total Cost": 191309.48, "Plan Rows": 1044, "Plan Width": 76, "Actual Min Startup Time": 2508.604, "Actual Max Startup Time": 2508.604, "Actual Min Total Time": 3532.896, "Actual Max Total Time": 3532.896, "Inner Unique": true, "Hash Cond": "(mi_idx.info_type_id = it2.id)", "Plans": [{"Node Type": "Hash Join", "Parent Relationship": "Outer", "Join Type": "Inner", "Startup Cost": 165793.23, "Total Cost": 191284.45, "Plan Rows": 4175, "Plan Width": 80, "Actual Min Startup Time": 2498.064, "Actual Max Startup Time": 2498.064, "Actual Min Total Time": 3445.986, "Actual Max Total Time": 3445.986, "Inner Unique": false, "Hash Cond": "(mi_idx.movie_id = t.id)", "Plans": [{"Node Type": "Seq Scan", "Parent Relationship": "Outer", "Relation Name": "movie_info_idx", "Alias": "mi_idx", "Startup Cost": 0.0, "Total Cost": 20274.34, "Plan Rows": 1380034, "Plan Width": 13, "Actual Min Startup Time": 0.048, "Actual Max Startup Time": 0.048, "Actual Min Total Time": 328.546, "Actual Max Total Time": 328.546, "Actual Rows": 1380034}, {"Node Type": "Hash", "Parent Relationship": "Inner", "Startup Cost": 165759.27, "Total Cost": 165759.27, "Plan Rows": 2717, "Plan Width": 67, "Actual Min Startup Time": 2493.682, "Actual Max Startup Time": 2493.682, "Actual Min Total Time": 2493.682, "Actual Max Total Time": 2493.682, "Max Hash Buckets": 32768, "Min Hash Buckets": 32768, "Max Hash Batches": 1, "Min Hash Batches": 1, "Max Original Hash Batches": 1, "Min Original Hash Batches": 1, "Max Peak Memory Usage": 12274, "min Peak Memory Usage": 12274, "Plans": [{"Node Type": "Hash Join", "Parent Relationship": "Outer", "Join Type": "Inner", "Startup Cost": 91675.41, "Total Cost": 165759.27, "Plan Rows": 2717, "Plan Width": 67, "Actual Min Startup Time": 2152.416, "Actual Max Startup Time": 2152.416, "Actual Min Total Time": 2434.501, "Actual Max Total Time": 2434.501, "Inner Unique": true, "Hash Cond": "(mi.movie_id = t.id)", "Plans": [{"Node Type": "Hash Join", "Parent Relationship": "Outer", "Join Type": "Inner", "Startup Cost": 2.41, "Total Cost": 74048.91, "Plan Rows": 2717, "Plan Width": 46, "Actual Min Startup Time": 0.351, "Actual Max Startup Time": 0.351, "Actual Min Total Time": 164.842, "Actual Max Total Time": 164.842, "Inner Unique": true, "Hash Cond": "(mi.info_type_id = it1.id)", "Plans": [{"Node Type": "Streaming(type: LOCAL GATHER dop: 1/64)", "Parent Relationship": "Outer", "Startup Cost": 0.0, "Total Cost": 73306.19, "Plan Rows": 190170, "Plan Width": 50, "Actual Min Startup Time": 0.168, "Actual Max Startup Time": 0.168, "Actual Min Total Time": 92.57, "Actual Max Total Time": 92.57, "Plans": [{"Node Type": "Seq Scan", "Parent Relationship": "Outer", "Relation Name": "movie_info", "Alias": "mi", "Startup Cost": 0.0, "Total Cost": 69383.01, "Plan Rows": 190170, "Plan Width": 50, "Actual Min Startup Time": 66.911, "Actual Max Startup Time": 130.33, "Actual Min Total Time": 110.417, "Actual Max Total Time": 140.922, "Filter": "((info)::text = ANY ('{Horror,Action,Sci-Fi,Thriller,Crime,War}'::text[]))", "Rows Removed by Filter": 14646748, "Actual Rows": 188971}], "Actual Rows": 188971}, {"Node Type": "Hash", "Parent Relationship": "Inner", "Startup Cost": 2.4, "Total Cost": 2.4, "Plan Rows": 1, "Plan Width": 4, "Actual Min Startup Time": 0.094, "Actual Max Startup Time": 0.094, "Actual Min Total Time": 0.094, "Actual Max Total Time": 0.094, "Max Hash Buckets": 32768, "Min Hash Buckets": 32768, "Max Hash Batches": 1, "Min Hash Batches": 1, "Max Original Hash Batches": 1, "Min Original Hash Batches": 1, "Max Peak Memory Usage": 1, "min Peak Memory Usage": 1, "Plans": [{"Node Type": "Seq Scan", "Parent Relationship": "Outer", "Relation Name": "info_type", "Alias": "it1", "Startup Cost": 0.0, "Total Cost": 2.4, "Plan Rows": 1, "Plan Width": 4, "Actual Min Startup Time": 0.057, "Actual Max Startup Time": 0.057, "Actual Min Total Time": 0.08, "Actual Max Total Time": 0.08, "Filter": "((info)::text = 'genres'::text)", "Rows Removed by Filter": 111, "Actual Rows": 1}], "Actual Rows": 1}], "Actual Rows": 186594}, {"Node Type": "Hash", "Parent Relationship": "Inner", "Startup Cost": 60069.11, "Total Cost": 60069.11, "Plan Rows": 2528311, "Plan Width": 21, "Actual Min Startup Time": 2109.785, "Actual Max Startup Time": 2109.785, "Actual Min Total Time": 2109.785, "Actual Max Total Time": 2109.785, "Max Hash Buckets": 4194304, "Min Hash Buckets": 4194304, "Max Hash Batches": 1, "Min Hash Batches": 1, "Max Original Hash Batches": 1, "Min Original Hash Batches": 1, "Max Peak Memory Usage": 135869, "min Peak Memory Usage": 135869, "Plans": [{"Node Type": "Seq Scan", "Parent Relationship": "Outer", "Relation Name": "title", "Alias": "t", "Startup Cost": 0.0, "Total Cost": 60069.11, "Plan Rows": 2528311, "Plan Width": 21, "Actual Min Startup Time": 0.032, "Actual Max Startup Time": 0.032, "Actual Min Total Time": 840.168, "Actual Max Total Time": 840.168, "Actual Rows": 2528311}], "Actual Rows": 2528311}], "Actual Rows": 186594}], "Actual Rows": 186594}], "Actual Rows": 307785}, {"Node Type": "Hash", "Parent Relationship": "Inner", "Startup Cost": 2.4, "Total Cost": 2.4, "Plan Rows": 1, "Plan Width": 4, "Actual Min Startup Time": 0.102, "Actual Max Startup Time": 0.102, "Actual Min Total Time": 0.102, "Actual Max Total Time": 0.102, "Max Hash Buckets": 32768, "Min Hash Buckets": 32768, "Max Hash Batches": 1, "Min Hash Batches": 1, "Max Original Hash Batches": 1, "Min Original Hash Batches": 1, "Max Peak Memory Usage": 1, "min Peak Memory Usage": 1, "Plans": [{"Node Type": "Seq Scan", "Parent Relationship": "Outer", "Relation Name": "info_type", "Alias": "it2", "Startup Cost": 0.0, "Total Cost": 2.4, "Plan Rows": 1, "Plan Width": 4, "Actual Min Startup Time": 0.083, "Actual Max Startup Time": 0.083, "Actual Min Total Time": 0.089, "Actual Max Total Time": 0.089, "Filter": "((info)::text = 'votes'::text)", "Rows Removed by Filter": 111, "Actual Rows": 1}], "Actual Rows": 1}], "Actual Rows": 102516}], "Actual Rows": 6561024}, {"Node Type": "Hash", "Parent Relationship": "Inner", "Startup Cost": 75945.31, "Total Cost": 75945.31, "Plan Rows": 1223154, "Plan Width": 8, "Actual Min Startup Time": 219.259, "Actual Max Startup Time": 293.886, "Actual Min Total Time": 219.259, "Actual Max Total Time": 293.886, "Max Hash Buckets": 32768, "Min Hash Buckets": 32768, "Max Hash Batches": 1, "Min Hash Batches": 1, "Max Original Hash Batches": 1, "Min Original Hash Batches": 1, "Max Peak Memory Usage": 808, "min Peak Memory Usage": 808, "Plans": [{"Node Type": "Seq Scan", "Parent Relationship": "Outer", "Relation Name": "cast_info", "Alias": "ci", "Startup Cost": 0.0, "Total Cost": 75945.31, "Plan Rows": 1223154, "Plan Width": 8, "Actual Min Startup Time": 6.03, "Actual Max Startup Time": 144.369, "Actual Min Total Time": 214.533, "Actual Max Total Time": 243.505, "Filter": "((note)::text = ANY ('{(writer),\"(head writer)\",\"(written by)\",(story),\"(story editor)\"}'::text[]))", "Rows Removed by Filter": 34999627, "Actual Rows": 1244716}], "Actual Rows": 1244716}], "Actual Rows": 54155}], "Actual Rows": 54155}, {"Node Type": "Hash", "Parent Relationship": "Inner", "Startup Cost": 100527.77, "Total Cost": 100527.77, "Plan Rows": 1740714, "Plan Width": 4, "Actual Min Startup Time": 1268.316, "Actual Max Startup Time": 1268.316, "Actual Min Total Time": 1268.316, "Actual Max Total Time": 1268.316, "Max Hash Buckets": 2097152, "Min Hash Buckets": 2097152, "Max Hash Batches": 1, "Min Hash Batches": 1, "Max Original Hash Batches": 1, "Min Original Hash Batches": 1, "Max Peak Memory Usage": 61158, "min Peak Memory Usage": 61158, "Plans": [{"Node Type": "Streaming(type: LOCAL GATHER dop: 1/64)", "Parent Relationship": "Outer", "Startup Cost": 0.0, "Total Cost": 100527.77, "Plan Rows": 1740714, "Plan Width": 4, "Actual Min Startup Time": 89.133, "Actual Max Startup Time": 89.133, "Actual Min Total Time": 702.342, "Actual Max Total Time": 702.342, "Plans": [{"Node Type": "Seq Scan", "Parent Relationship": "Outer", "Relation Name": "name", "Alias": "n", "Startup Cost": 0.0, "Total Cost": 64617.04, "Plan Rows": 1740714, "Plan Width": 4, "Actual Min Startup Time": 0.027, "Actual Max Startup Time": 0.061, "Actual Min Total Time": 22.929, "Actual Max Total Time": 27.242, "Filter": "((gender)::text = 'm'::text), (LLVM Optimized, Jit Execute)", "Rows Removed by Filter": 2427912, "Actual Rows": 1739578}], "Actual Rows": 1739578}], "Actual Rows": 1739578}], "Actual Rows": 28073}], "Actual Rows": 1}, "Triggers": [], "Planner Runtime": 77, "Total Runtime": 9005.78, "Unique SQL Id": 3913857139}}, "(64, 111)": {"explain_plan": {"Plan": {"Node Type": "Aggregate", "Strategy": "Plain", "Startup Cost": 7000241394449.71, "Total Cost": 7000241394449.72, "Plan Rows": 1, "Plan Width": 160, "Plans": [{"Node Type": "Hash Join", "Parent Relationship": "Outer", "Join Type": "Inner", "Startup Cost": 5020224899757.33, "Total Cost": 7000241394439.11, "Plan Rows": 1413, "Plan Width": 64, "Inner Unique": true, "Hash Cond": "(mi.movie_id = t.id)", "Plans": [{"Node Type": "Hash Join", "Parent Relationship": "Outer", "Join Type": "Inner", "Startup Cost": 4020213856104.53, "Total Cost": 6000230350766.88, "Plan Rows": 1413, "Plan Width": 59, "Inner Unique": true, "Hash Cond": "(ci.person_id = n.id)", "Plans": [{"Node Type": "Hash Join", "Parent Relationship": "Outer", "Join Type": "Inner", "Startup Cost": 3020195169198.4, "Total Cost": 5000211663842.29, "Plan Rows": 1155, "Plan Width": 63, "Inner Unique": false, "Hash Cond": "(mi.movie_id = ci.movie_id)", "Plans": [{"Node Type": "Hash Join", "Parent Relationship": "Outer", "Join Type": "Inner", "Startup Cost": 2020001842892.02, "Total Cost": 4000018333841.64, "Plan Rows": 1044, "Plan Width": 55, "Inner Unique": false, "Hash Cond": "(mi.movie_id = mi_idx.movie_id)", "Plans": [{"Node Type": "Nested Loop", "Parent Relationship": "Outer", "Join Type": "Inner", "Startup Cost": 20000004842.14, "Total Cost": 2000016495701.31, "Plan Rows": 2717, "Plan Width": 46, "Inner Unique": false, "Plans": [{"Node Type": "Index Scan", "Parent Relationship": "Outer", "Scan Direction": "Forward", "Index Name": "info_type_pkey", "Relation Name": "info_type", "Alias": "it1", "Startup Cost": 10000000000.0, "Total Cost": 1000000001421.0, "Plan Rows": 1, "Plan Width": 4, "Filter": "((info)::text = 'genres'::text)"}, {"Node Type": "Bitmap Heap Scan", "Parent Relationship": "Inner", "Relation Name": "movie_info", "Alias": "mi", "Startup Cost": 10000004842.14, "Total Cost": 1000016494253.14, "Plan Rows": 2717, "Plan Width": 50, "Recheck Cond": "(info_type_id = it1.id)", "Filter": "((info)::text = ANY ('{Horror,Action,Sci-Fi,Thriller,Crime,War}'::text[]))", "Plans": [{"Node Type": "Bitmap Index Scan", "Parent Relationship": "Outer", "Index Name": "info_type_id_movie_info", "Startup Cost": 0.0, "Total Cost": 4841.46, "Plan Rows": 212428, "Plan Width": 0, "Index Cond": "(info_type_id = it1.id)"}]}]}, {"Node Type": "Hash", "Parent Relationship": "Inner", "Startup Cost": 2000001833737.28, "Total Cost": 2000001833737.28, "Plan Rows": 345008, "Plan Width": 9, "Plans": [{"Node Type": "Nested Loop", "Parent Relationship": "Outer", "Join Type": "Inner", "Startup Cost": 20000007502.06, "Total Cost": 2000001833737.28, "Plan Rows": 345008, "Plan Width": 9, "Inner Unique": false, "Plans": [{"Node Type": "Index Scan", "Parent Relationship": "Outer", "Scan Direction": "Forward", "Index Name": "info_type_pkey", "Relation Name": "info_type", "Alias": "it2", "Startup Cost": 10000000000.0, "Total Cost": 1000000001421.0, "Plan Rows": 1, "Plan Width": 4, "Filter": "((info)::text = 'votes'::text)"}, {"Node Type": "Bitmap Heap Scan", "Parent Relationship": "Inner", "Relation Name": "movie_info_idx", "Alias": "mi_idx", "Startup Cost": 10000007502.06, "Total Cost": 1000001828866.2, "Plan Rows": 345008, "Plan Width": 13, "Recheck Cond": "(info_type_id = it2.id), (LLVM Optimized)", "Plans": [{"Node Type": "Bitmap Index Scan", "Parent Relationship": "Outer", "Index Name": "info_type_id_movie_info_idx", "Startup Cost": 0.0, "Total Cost": 7415.81, "Plan Rows": 345008, "Plan Width": 0, "Index Cond": "(info_type_id = it2.id)"}]}]}]}]}, {"Node Type": "Hash", "Parent Relationship": "Inner", "Startup Cost": 1000193311016.96, "Total Cost": 1000193311016.96, "Plan Rows": 1223154, "Plan Width": 8, "Plans": [{"Node Type": "Index Scan", "Parent Relationship": "Outer", "Scan Direction": "Forward", "Index Name": "person_id_cast_info", "Relation Name": "cast_info", "Alias": "ci", "Startup Cost": 10000000000.0, "Total Cost": 1000193311016.96, "Plan Rows": 1223154, "Plan Width": 8, "Filter": "((note)::text = ANY ('{(writer),\"(head writer)\",\"(written by)\",(story),\"(story editor)\"}'::text[]))"}]}]}, {"Node Type": "Hash", "Parent Relationship": "Inner", "Startup Cost": 1000018665147.2, "Total Cost": 1000018665147.2, "Plan Rows": 1740714, "Plan Width": 4, "Plans": [{"Node Type": "Index Scan", "Parent Relationship": "Outer", "Scan Direction": "Forward", "Index Name": "name_pkey", "Relation Name": "name", "Alias": "n", "Startup Cost": 10000000000.0, "Total Cost": 1000018665147.2, "Plan Rows": 1740714, "Plan Width": 4, "Filter": "((gender)::text = 'm'::text), (LLVM Optimized)"}]}]}, {"Node Type": "Hash", "Parent Relationship": "Inner", "Startup Cost": 1000011012048.91, "Total Cost": 1000011012048.91, "Plan Rows": 2528311, "Plan Width": 21, "Plans": [{"Node Type": "Index Scan", "Parent Relationship": "Outer", "Scan Direction": "Forward", "Index Name": "title_pkey", "Relation Name": "title", "Alias": "t", "Startup Cost": 10000000000.0, "Total Cost": 1000011012048.91, "Plan Rows": 2528311, "Plan Width": 21}]}]}]}, "Unique SQL Id": 3913857139, "Planner Runtime": 38}, "explain_analyze_plan": null}, "(64, 112)": {"explain_plan": {"Plan": {"Node Type": "Aggregate", "Strategy": "Plain", "Startup Cost": 79308.04, "Total Cost": 79308.05, "Plan Rows": 1, "Plan Width": 160, "Plans": [{"Node Type": "Nested Loop", "Parent Relationship": "Outer", "Join Type": "Inner", "Startup Cost": 0.0, "Total Cost": 79297.45, "Plan Rows": 1413, "Plan Width": 64, "Inner Unique": true, "Plans": [{"Node Type": "Nested Loop", "Parent Relationship": "Outer", "Join Type": "Inner", "Startup Cost": 0.0, "Total Cost": 78718.18, "Plan Rows": 1155, "Plan Width": 68, "Inner Unique": false, "Plans": [{"Node Type": "Nested Loop", "Parent Relationship": "Outer", "Join Type": "Inner", "Startup Cost": 0.0, "Total Cost": 77656.55, "Plan Rows": 1044, "Plan Width": 76, "Inner Unique": true, "Join Filter": "(mi.movie_id = t.id)", "Plans": [{"Node Type": "Nested Loop", "Parent Relationship": "Outer", "Join Type": "Inner", "Startup Cost": 0.0, "Total Cost": 77228.36, "Plan Rows": 1044, "Plan Width": 55, "Inner Unique": false, "Join Filter": "(mi_idx.info_type_id = it2.id)", "Plans": [{"Node Type": "Seq Scan", "Parent Relationship": "Outer", "Relation Name": "info_type", "Alias": "it2", "Startup Cost": 0.0, "Total Cost": 2.4, "Plan Rows": 1, "Plan Width": 4, "Filter": "((info)::text = 'votes'::text)"}, {"Node Type": "Nested Loop", "Parent Relationship": "Inner", "Join Type": "Inner", "Startup Cost": 0.0, "Total Cost": 77173.77, "Plan Rows": 4175, "Plan Width": 59, "Inner Unique": false, "Plans": [{"Node Type": "Nested Loop", "Parent Relationship": "Outer", "Join Type": "Inner", "Startup Cost": 0.0, "Total Cost": 75685.72, "Plan Rows": 2717, "Plan Width": 46, "Inner Unique": false, "Join Filter": "(it1.id = mi.info_type_id)", "Plans": [{"Node Type": "Seq Scan", "Parent Relationship": "Outer", "Relation Name": "info_type", "Alias": "it1", "Startup Cost": 0.0, "Total Cost": 2.4, "Plan Rows": 1, "Plan Width": 4, "Filter": "((info)::text = 'genres'::text)"}, {"Node Type": "Materialize", "Parent Relationship": "Inner", "Startup Cost": 0.0, "Total Cost": 73781.62, "Plan Rows": 190170, "Plan Width": 50, "Plans": [{"Node Type": "Streaming(type: LOCAL GATHER dop: 1/64)", "Parent Relationship": "Outer", "Startup Cost": 0.0, "Total Cost": 73306.19, "Plan Rows": 190170, "Plan Width": 50, "Plans": [{"Node Type": "Seq Scan", "Parent Relationship": "Outer", "Relation Name": "movie_info", "Alias": "mi", "Startup Cost": 0.0, "Total Cost": 69383.01, "Plan Rows": 190170, "Plan Width": 50, "Filter": "((info)::text = ANY ('{Horror,Action,Sci-Fi,Thriller,Crime,War}'::text[]))"}]}]}]}, {"Node Type": "Index Scan", "Parent Relationship": "Inner", "Scan Direction": "Forward", "Index Name": "movie_id_movie_info_idx", "Relation Name": "movie_info_idx", "Alias": "mi_idx", "Startup Cost": 0.0, "Total Cost": 0.53, "Plan Rows": 2, "Plan Width": 13, "Index Cond": "(movie_id = mi.movie_id)"}]}]}, {"Node Type": "Index Scan", "Parent Relationship": "Inner", "Scan Direction": "Forward", "Index Name": "title_pkey", "Relation Name": "title", "Alias": "t", "Startup Cost": 0.0, "Total Cost": 0.4, "Plan Rows": 1, "Plan Width": 21, "Index Cond": "(id = mi_idx.movie_id)"}]}, {"Node Type": "Index Scan", "Parent Relationship": "Inner", "Scan Direction": "Forward", "Index Name": "movie_id_cast_info", "Relation Name": "cast_info", "Alias": "ci", "Startup Cost": 0.0, "Total Cost": 1.01, "Plan Rows": 1, "Plan Width": 8, "Index Cond": "(movie_id = t.id)", "Filter": "((note)::text = ANY ('{(writer),\"(head writer)\",\"(written by)\",(story),\"(story editor)\"}'::text[]))"}]}, {"Node Type": "Index Scan", "Parent Relationship": "Inner", "Scan Direction": "Forward", "Index Name": "name_pkey", "Relation Name": "name", "Alias": "n", "Startup Cost": 0.0, "Total Cost": 0.49, "Plan Rows": 1, "Plan Width": 4, "Index Cond": "(id = ci.person_id)", "Filter": "((gender)::text = 'm'::text)"}]}]}, "Unique SQL Id": 3913857139, "Planner Runtime": 8}, "explain_analyze_plan": {"Plan": {"Node Type": "Aggregate", "Strategy": "Plain", "Startup Cost": 79308.04, "Total Cost": 79308.05, "Plan Rows": 1, "Plan Width": 160, "Actual Min Startup Time": 10680.124, "Actual Max Startup Time": 10680.124, "Actual Min Total Time": 10680.125, "Actual Max Total Time": 10680.125, "Plans": [{"Node Type": "Nested Loop", "Parent Relationship": "Outer", "Join Type": "Inner", "Startup Cost": 0.0, "Total Cost": 79297.45, "Plan Rows": 1413, "Plan Width": 64, "Actual Min Startup Time": 249.693, "Actual Max Startup Time": 249.693, "Actual Min Total Time": 10641.432, "Actual Max Total Time": 10641.432, "Inner Unique": true, "Plans": [{"Node Type": "Nested Loop", "Parent Relationship": "Outer", "Join Type": "Inner", "Startup Cost": 0.0, "Total Cost": 78718.18, "Plan Rows": 1155, "Plan Width": 68, "Actual Min Startup Time": 247.969, "Actual Max Startup Time": 247.969, "Actual Min Total Time": 10246.003, "Actual Max Total Time": 10246.003, "Inner Unique": false, "Plans": [{"Node Type": "Nested Loop", "Parent Relationship": "Outer", "Join Type": "Inner", "Startup Cost": 0.0, "Total Cost": 77656.55, "Plan Rows": 1044, "Plan Width": 76, "Actual Min Startup Time": 247.349, "Actual Max Startup Time": 247.349, "Actual Min Total Time": 1811.85, "Actual Max Total Time": 1811.85, "Inner Unique": true, "Join Filter": "(mi.movie_id = t.id)", "Rows Removed by Join Filter": 0, "Plans": [{"Node Type": "Nested Loop", "Parent Relationship": "Outer", "Join Type": "Inner", "Startup Cost": 0.0, "Total Cost": 77228.36, "Plan Rows": 1044, "Plan Width": 55, "Actual Min Startup Time": 247.331, "Actual Max Startup Time": 247.331, "Actual Min Total Time": 1273.326, "Actual Max Total Time": 1273.326, "Inner Unique": false, "Join Filter": "(mi_idx.info_type_id = it2.id)", "Rows Removed by Join Filter": 205269, "Plans": [{"Node Type": "Seq Scan", "Parent Relationship": "Outer", "Relation Name": "info_type", "Alias": "it2", "Startup Cost": 0.0, "Total Cost": 2.4, "Plan Rows": 1, "Plan Width": 4, "Actual Min Startup Time": 0.086, "Actual Max Startup Time": 0.086, "Actual Min Total Time": 0.096, "Actual Max Total Time": 0.096, "Filter": "((info)::text = 'votes'::text)", "Rows Removed by Filter": 111, "Actual Rows": 1}, {"Node Type": "Nested Loop", "Parent Relationship": "Inner", "Join Type": "Inner", "Startup Cost": 0.0, "Total Cost": 77173.77, "Plan Rows": 4175, "Plan Width": 59, "Actual Min Startup Time": 247.225, "Actual Max Startup Time": 247.225, "Actual Min Total Time": 1183.67, "Actual Max Total Time": 1183.67, "Inner Unique": false, "Plans": [{"Node Type": "Nested Loop", "Parent Relationship": "Outer", "Join Type": "Inner", "Startup Cost": 0.0, "Total Cost": 75685.72, "Plan Rows": 2717, "Plan Width": 46, "Actual Min Startup Time": 247.195, "Actual Max Startup Time": 247.195, "Actual Min Total Time": 356.202, "Actual Max Total Time": 356.202, "Inner Unique": false, "Join Filter": "(it1.id = mi.info_type_id)", "Rows Removed by Join Filter": 2377, "Plans": [{"Node Type": "Seq Scan", "Parent Relationship": "Outer", "Relation Name": "info_type", "Alias": "it1", "Startup Cost": 0.0, "Total Cost": 2.4, "Plan Rows": 1, "Plan Width": 4, "Actual Min Startup Time": 0.047, "Actual Max Startup Time": 0.047, "Actual Min Total Time": 0.081, "Actual Max Total Time": 0.081, "Filter": "((info)::text = 'genres'::text)", "Rows Removed by Filter": 111, "Actual Rows": 1}, {"Node Type": "Materialize", "Parent Relationship": "Inner", "Startup Cost": 0.0, "Total Cost": 73781.62, "Plan Rows": 190170, "Plan Width": 50, "Actual Min Startup Time": 247.015, "Actual Max Startup Time": 247.015, "Actual Min Total Time": 279.819, "Actual Max Total Time": 279.819, "Plans": [{"Node Type": "Streaming(type: LOCAL GATHER dop: 1/64)", "Parent Relationship": "Outer", "Startup Cost": 0.0, "Total Cost": 73306.19, "Plan Rows": 190170, "Plan Width": 50, "Actual Min Startup Time": 127.593, "Actual Max Startup Time": 127.593, "Actual Min Total Time": 219.435, "Actual Max Total Time": 219.435, "Plans": [{"Node Type": "Seq Scan", "Parent Relationship": "Outer", "Relation Name": "movie_info", "Alias": "mi", "Startup Cost": 0.0, "Total Cost": 69383.01, "Plan Rows": 190170, "Plan Width": 50, "Actual Min Startup Time": 55.284, "Actual Max Startup Time": 120.939, "Actual Min Total Time": 110.672, "Actual Max Total Time": 131.365, "Filter": "((info)::text = ANY ('{Horror,Action,Sci-Fi,Thriller,Crime,War}'::text[]))", "Rows Removed by Filter": 14646748, "Actual Rows": 188971}], "Actual Rows": 188971}], "Actual Rows": 188972}], "Actual Rows": 186594}, {"Node Type": "Index Scan", "Parent Relationship": "Inner", "Scan Direction": "Forward", "Index Name": "movie_id_movie_info_idx", "Relation Name": "movie_info_idx", "Alias": "mi_idx", "Startup Cost": 0.0, "Total Cost": 0.53, "Plan Rows": 2, "Plan Width": 13, "Actual Min Startup Time": 538.447, "Actual Max Startup Time": 538.447, "Actual Min Total Time": 656.885, "Actual Max Total Time": 656.885, "Index Cond": "(movie_id = mi.movie_id)", "Rows Removed by Index Recheck": 0, "Actual Rows": 307785}], "Actual Rows": 307785}], "Actual Rows": 102516}, {"Node Type": "Index Scan", "Parent Relationship": "Inner", "Scan Direction": "Forward", "Index Name": "title_pkey", "Relation Name": "title", "Alias": "t", "Startup Cost": 0.0, "Total Cost": 0.4, "Plan Rows": 1, "Plan Width": 21, "Actual Min Startup Time": 432.22, "Actual Max Startup Time": 432.22, "Actual Min Total Time": 432.22, "Actual Max Total Time": 432.22, "Index Cond": "(id = mi_idx.movie_id)", "Rows Removed by Index Recheck": 0, "Actual Rows": 102516}], "Actual Rows": 102516}, {"Node Type": "Index Scan", "Parent Relationship": "Inner", "Scan Direction": "Forward", "Index Name": "movie_id_cast_info", "Relation Name": "cast_info", "Alias": "ci", "Startup Cost": 0.0, "Total Cost": 1.01, "Plan Rows": 1, "Plan Width": 8, "Actual Min Startup Time": 7123.336, "Actual Max Startup Time": 7123.336, "Actual Min Total Time": 8361.98, "Actual Max Total Time": 8361.98, "Index Cond": "(movie_id = t.id)", "Rows Removed by Index Recheck": 0, "Filter": "((note)::text = ANY ('{(writer),\"(head writer)\",\"(written by)\",(story),\"(story editor)\"}'::text[]))", "Rows Removed by Filter": 3987641, "Actual Rows": 54155}], "Actual Rows": 54155}, {"Node Type": "Index Scan", "Parent Relationship": "Inner", "Scan Direction": "Forward", "Index Name": "name_pkey", "Relation Name": "name", "Alias": "n", "Startup Cost": 0.0, "Total Cost": 0.49, "Plan Rows": 1, "Plan Width": 4, "Actual Min Startup Time": 352.775, "Actual Max Startup Time": 352.775, "Actual Min Total Time": 352.775, "Actual Max Total Time": 352.775, "Index Cond": "(id = ci.person_id)", "Rows Removed by Index Recheck": 0, "Filter": "((gender)::text = 'm'::text)", "Rows Removed by Filter": 26082, "Actual Rows": 28073}], "Actual Rows": 28073}], "Actual Rows": 1}, "Triggers": [], "Planner Runtime": 7, "Total Runtime": 10691.468, "Unique SQL Id": 3913857139}}, "(64, 113)": {"explain_plan": {"Plan": {"Node Type": "Aggregate", "Strategy": "Plain", "Startup Cost": 168618.05, "Total Cost": 168618.06, "Plan Rows": 1, "Plan Width": 160, "Plans": [{"Node Type": "Nested Loop", "Parent Relationship": "Outer", "Join Type": "Inner", "Startup Cost": 4842.14, "Total Cost": 168607.45, "Plan Rows": 1413, "Plan Width": 64, "Inner Unique": true, "Plans": [{"Node Type": "Nested Loop", "Parent Relationship": "Outer", "Join Type": "Inner", "Startup Cost": 4842.14, "Total Cost": 168028.19, "Plan Rows": 1155, "Plan Width": 68, "Inner Unique": false, "Plans": [{"Node Type": "Nested Loop", "Parent Relationship": "Outer", "Join Type": "Inner", "Startup Cost": 4842.14, "Total Cost": 166966.55, "Plan Rows": 1044, "Plan Width": 76, "Inner Unique": true, "Join Filter": "(mi.movie_id = t.id)", "Plans": [{"Node Type": "Nested Loop", "Parent Relationship": "Outer", "Join Type": "Inner", "Startup Cost": 4842.14, "Total Cost": 166538.36, "Plan Rows": 1044, "Plan Width": 55, "Inner Unique": false, "Join Filter": "(mi_idx.info_type_id = it2.id)", "Plans": [{"Node Type": "Index Scan", "Parent Relationship": "Outer", "Scan Direction": "Forward", "Index Name": "info_type_pkey", "Relation Name": "info_type", "Alias": "it2", "Startup Cost": 0.0, "Total Cost": 14.21, "Plan Rows": 1, "Plan Width": 4, "Filter": "((info)::text = 'votes'::text)"}, {"Node Type": "Nested Loop", "Parent Relationship": "Inner", "Join Type": "Inner", "Startup Cost": 4842.14, "Total Cost": 166471.96, "Plan Rows": 4175, "Plan Width": 59, "Inner Unique": false, "Plans": [{"Node Type": "Nested Loop", "Parent Relationship": "Outer", "Join Type": "Inner", "Startup Cost": 4842.14, "Total Cost": 164983.91, "Plan Rows": 2717, "Plan Width": 46, "Inner Unique": false, "Plans": [{"Node Type": "Index Scan", "Parent Relationship": "Outer", "Scan Direction": "Forward", "Index Name": "info_type_pkey", "Relation Name": "info_type", "Alias": "it1", "Startup Cost": 0.0, "Total Cost": 14.21, "Plan Rows": 1, "Plan Width": 4, "Filter": "((info)::text = 'genres'::text)"}, {"Node Type": "Bitmap Heap Scan", "Parent Relationship": "Inner", "Relation Name": "movie_info", "Alias": "mi", "Startup Cost": 4842.14, "Total Cost": 164942.53, "Plan Rows": 2717, "Plan Width": 50, "Recheck Cond": "(info_type_id = it1.id)", "Filter": "((info)::text = ANY ('{Horror,Action,Sci-Fi,Thriller,Crime,War}'::text[]))", "Plans": [{"Node Type": "Bitmap Index Scan", "Parent Relationship": "Outer", "Index Name": "info_type_id_movie_info", "Startup Cost": 0.0, "Total Cost": 4841.46, "Plan Rows": 212428, "Plan Width": 0, "Index Cond": "(info_type_id = it1.id)"}]}]}, {"Node Type": "Index Scan", "Parent Relationship": "Inner", "Scan Direction": "Forward", "Index Name": "movie_id_movie_info_idx", "Relation Name": "movie_info_idx", "Alias": "mi_idx", "Startup Cost": 0.0, "Total Cost": 0.53, "Plan Rows": 2, "Plan Width": 13, "Index Cond": "(movie_id = mi.movie_id)"}]}]}, {"Node Type": "Index Scan", "Parent Relationship": "Inner", "Scan Direction": "Forward", "Index Name": "title_pkey", "Relation Name": "title", "Alias": "t", "Startup Cost": 0.0, "Total Cost": 0.4, "Plan Rows": 1, "Plan Width": 21, "Index Cond": "(id = mi_idx.movie_id)"}]}, {"Node Type": "Index Scan", "Parent Relationship": "Inner", "Scan Direction": "Forward", "Index Name": "movie_id_cast_info", "Relation Name": "cast_info", "Alias": "ci", "Startup Cost": 0.0, "Total Cost": 1.01, "Plan Rows": 1, "Plan Width": 8, "Index Cond": "(movie_id = t.id)", "Filter": "((note)::text = ANY ('{(writer),\"(head writer)\",\"(written by)\",(story),\"(story editor)\"}'::text[]))"}]}, {"Node Type": "Index Scan", "Parent Relationship": "Inner", "Scan Direction": "Forward", "Index Name": "name_pkey", "Relation Name": "name", "Alias": "n", "Startup Cost": 0.0, "Total Cost": 0.49, "Plan Rows": 1, "Plan Width": 4, "Index Cond": "(id = ci.person_id)", "Filter": "((gender)::text = 'm'::text)"}]}]}, "Unique SQL Id": 3913857139, "Planner Runtime": 7}, "explain_analyze_plan": {"Plan": {"Node Type": "Aggregate", "Strategy": "Plain", "Startup Cost": 168618.05, "Total Cost": 168618.06, "Plan Rows": 1, "Plan Width": 160, "Actual Startup Time": 10871.729, "Actual Total Time": 10871.73, "Actual Rows": 1, "Actual Loops": 1, "Plans": [{"Node Type": "Nested Loop", "Parent Relationship": "Outer", "Join Type": "Inner", "Startup Cost": 4842.14, "Total Cost": 168607.45, "Plan Rows": 1413, "Plan Width": 64, "Actual Startup Time": 183.736, "Actual Total Time": 10828.733, "Actual Rows": 28073, "Actual Loops": 1, "Inner Unique": true, "Plans": [{"Node Type": "Nested Loop", "Parent Relationship": "Outer", "Join Type": "Inner", "Startup Cost": 4842.14, "Total Cost": 168028.19, "Plan Rows": 1155, "Plan Width": 68, "Actual Startup Time": 181.465, "Actual Total Time": 10439.312, "Actual Rows": 54155, "Actual Loops": 1, "Inner Unique": false, "Plans": [{"Node Type": "Nested Loop", "Parent Relationship": "Outer", "Join Type": "Inner", "Startup Cost": 4842.14, "Total Cost": 166966.55, "Plan Rows": 1044, "Plan Width": 76, "Actual Startup Time": 178.889, "Actual Total Time": 2614.121, "Actual Rows": 102516, "Actual Loops": 1, "Inner Unique": true, "Join Filter": "(mi.movie_id = t.id)", "Rows Removed by Join Filter": 0, "Plans": [{"Node Type": "Nested Loop", "Parent Relationship": "Outer", "Join Type": "Inner", "Startup Cost": 4842.14, "Total Cost": 166538.36, "Plan Rows": 1044, "Plan Width": 55, "Actual Startup Time": 178.871, "Actual Total Time": 2084.288, "Actual Rows": 102516, "Actual Loops": 1, "Inner Unique": false, "Join Filter": "(mi_idx.info_type_id = it2.id)", "Rows Removed by Join Filter": 205269, "Plans": [{"Node Type": "Index Scan", "Parent Relationship": "Outer", "Scan Direction": "Forward", "Index Name": "info_type_pkey", "Relation Name": "info_type", "Alias": "it2", "Startup Cost": 0.0, "Total Cost": 14.21, "Plan Rows": 1, "Plan Width": 4, "Actual Startup Time": 0.061, "Actual Total Time": 0.073, "Actual Rows": 1, "Actual Loops": 1, "Filter": "((info)::text = 'votes'::text)", "Rows Removed by Filter": 111}, {"Node Type": "Nested Loop", "Parent Relationship": "Inner", "Join Type": "Inner", "Startup Cost": 4842.14, "Total Cost": 166471.96, "Plan Rows": 4175, "Plan Width": 59, "Actual Startup Time": 178.797, "Actual Total Time": 1996.662, "Actual Rows": 307785, "Actual Loops": 1, "Inner Unique": false, "Plans": [{"Node Type": "Nested Loop", "Parent Relationship": "Outer", "Join Type": "Inner", "Startup Cost": 4842.14, "Total Cost": 164983.91, "Plan Rows": 2717, "Plan Width": 46, "Actual Startup Time": 178.766, "Actual Total Time": 1150.098, "Actual Rows": 186594, "Actual Loops": 1, "Inner Unique": false, "Plans": [{"Node Type": "Index Scan", "Parent Relationship": "Outer", "Scan Direction": "Forward", "Index Name": "info_type_pkey", "Relation Name": "info_type", "Alias": "it1", "Startup Cost": 0.0, "Total Cost": 14.21, "Plan Rows": 1, "Plan Width": 4, "Actual Startup Time": 0.009, "Actual Total Time": 0.157, "Actual Rows": 1, "Actual Loops": 1, "Filter": "((info)::text = 'genres'::text)", "Rows Removed by Filter": 111}, {"Node Type": "Bitmap Heap Scan", "Parent Relationship": "Inner", "Relation Name": "movie_info", "Alias": "mi", "Startup Cost": 4842.14, "Total Cost": 164942.53, "Plan Rows": 2717, "Plan Width": 50, "Actual Startup Time": 178.751, "Actual Total Time": 1106.147, "Actual Rows": 186594, "Actual Loops": 1, "Recheck Cond": "(info_type_id = it1.id)", "Rows Removed by Index Recheck": 0, "Filter": "((info)::text = ANY ('{Horror,Action,Sci-Fi,Thriller,Crime,War}'::text[]))", "Rows Removed by Filter": 1347315, "Exact Heap Blocks": 7426, "Lossy Heap Blocks": 7426, "Plans": [{"Node Type": "Bitmap Index Scan", "Parent Relationship": "Outer", "Index Name": "info_type_id_movie_info", "Startup Cost": 0.0, "Total Cost": 4841.46, "Plan Rows": 212428, "Plan Width": 0, "Actual Startup Time": 177.343, "Actual Total Time": 177.343, "Actual Rows": 1533909, "Actual Loops": 1, "Index Cond": "(info_type_id = it1.id)"}]}]}, {"Node Type": "Index Scan", "Parent Relationship": "Inner", "Scan Direction": "Forward", "Index Name": "movie_id_movie_info_idx", "Relation Name": "movie_info_idx", "Alias": "mi_idx", "Startup Cost": 0.0, "Total Cost": 0.53, "Plan Rows": 2, "Plan Width": 13, "Actual Startup Time": 549.734, "Actual Total Time": 669.064, "Actual Rows": 307785, "Actual Loops": 186594, "Index Cond": "(movie_id = mi.movie_id)", "Rows Removed by Index Recheck": 0}]}]}, {"Node Type": "Index Scan", "Parent Relationship": "Inner", "Scan Direction": "Forward", "Index Name": "title_pkey", "Relation Name": "title", "Alias": "t", "Startup Cost": 0.0, "Total Cost": 0.4, "Plan Rows": 1, "Plan Width": 21, "Actual Startup Time": 418.676, "Actual Total Time": 418.676, "Actual Rows": 102516, "Actual Loops": 102516, "Index Cond": "(id = mi_idx.movie_id)", "Rows Removed by Index Recheck": 0}]}, {"Node Type": "Index Scan", "Parent Relationship": "Inner", "Scan Direction": "Forward", "Index Name": "movie_id_cast_info", "Relation Name": "cast_info", "Alias": "ci", "Startup Cost": 0.0, "Total Cost": 1.01, "Plan Rows": 1, "Plan Width": 8, "Actual Startup Time": 6602.685, "Actual Total Time": 7750.361, "Actual Rows": 54155, "Actual Loops": 102516, "Index Cond": "(movie_id = t.id)", "Rows Removed by Index Recheck": 0, "Filter": "((note)::text = ANY ('{(writer),\"(head writer)\",\"(written by)\",(story),\"(story editor)\"}'::text[]))", "Rows Removed by Filter": 3987641}]}, {"Node Type": "Index Scan", "Parent Relationship": "Inner", "Scan Direction": "Forward", "Index Name": "name_pkey", "Relation Name": "name", "Alias": "n", "Startup Cost": 0.0, "Total Cost": 0.49, "Plan Rows": 1, "Plan Width": 4, "Actual Startup Time": 340.016, "Actual Total Time": 340.016, "Actual Rows": 28073, "Actual Loops": 54155, "Index Cond": "(id = ci.person_id)", "Rows Removed by Index Recheck": 0, "Filter": "((gender)::text = 'm'::text)", "Rows Removed by Filter": 26082}]}]}, "Triggers": [], "Planner Runtime": 7, "Total Runtime": 10872.055, "Unique SQL Id": 3913857139}}, "(64, 114)": {"explain_plan": {"Plan": {"Node Type": "Aggregate", "Strategy": "Plain", "Startup Cost": 102085.61, "Total Cost": 102085.62, "Plan Rows": 1, "Plan Width": 160, "Plans": [{"Node Type": "Nested Loop", "Parent Relationship": "Outer", "Join Type": "Inner", "Startup Cost": 1.48, "Total Cost": 102075.02, "Plan Rows": 1413, "Plan Width": 64, "Inner Unique": true, "Plans": [{"Node Type": "Nested Loop", "Parent Relationship": "Outer", "Join Type": "Inner", "Startup Cost": 1.17, "Total Cost": 97069.59, "Plan Rows": 1155, "Plan Width": 68, "Inner Unique": false, "Plans": [{"Node Type": "Nested Loop", "Parent Relationship": "Outer", "Join Type": "Inner", "Startup Cost": 0.65, "Total Cost": 92226.92, "Plan Rows": 1044, "Plan Width": 76, "Inner Unique": true, "Join Filter": "(mi.movie_id = t.id)", "Plans": [{"Node Type": "Nested Loop", "Parent Relationship": "Outer", "Join Type": "Inner", "Startup Cost": 0.37, "Total Cost": 87727.73, "Plan Rows": 1044, "Plan Width": 55, "Inner Unique": false, "Join Filter": "(mi_idx.info_type_id = it2.id)", "Plans": [{"Node Type": "Seq Scan", "Parent Relationship": "Outer", "Relation Name": "info_type", "Alias": "it2", "Startup Cost": 0.0, "Total Cost": 2.4, "Plan Rows": 1, "Plan Width": 4, "Filter": "((info)::text = 'votes'::text)"}, {"Node Type": "Nested Loop", "Parent Relationship": "Inner", "Join Type": "Inner", "Startup Cost": 0.37, "Total Cost": 87673.15, "Plan Rows": 4175, "Plan Width": 59, "Inner Unique": false, "Plans": [{"Node Type": "Nested Loop", "Parent Relationship": "Outer", "Join Type": "Inner", "Startup Cost": 0.0, "Total Cost": 75685.72, "Plan Rows": 2717, "Plan Width": 46, "Inner Unique": false, "Join Filter": "(it1.id = mi.info_type_id)", "Plans": [{"Node Type": "Seq Scan", "Parent Relationship": "Outer", "Relation Name": "info_type", "Alias": "it1", "Startup Cost": 0.0, "Total Cost": 2.4, "Plan Rows": 1, "Plan Width": 4, "Filter": "((info)::text = 'genres'::text)"}, {"Node Type": "Materialize", "Parent Relationship": "Inner", "Startup Cost": 0.0, "Total Cost": 73781.62, "Plan Rows": 190170, "Plan Width": 50, "Plans": [{"Node Type": "Streaming(type: LOCAL GATHER dop: 1/64)", "Parent Relationship": "Outer", "Startup Cost": 0.0, "Total Cost": 73306.19, "Plan Rows": 190170, "Plan Width": 50, "Plans": [{"Node Type": "Seq Scan", "Parent Relationship": "Outer", "Relation Name": "movie_info", "Alias": "mi", "Startup Cost": 0.0, "Total Cost": 69383.01, "Plan Rows": 190170, "Plan Width": 50, "Filter": "((info)::text = ANY ('{Horror,Action,Sci-Fi,Thriller,Crime,War}'::text[]))"}]}]}]}, {"Node Type": "Bitmap Heap Scan", "Parent Relationship": "Inner", "Relation Name": "movie_info_idx", "Alias": "mi_idx", "Startup Cost": 0.37, "Total Cost": 4.39, "Plan Rows": 2, "Plan Width": 13, "Recheck Cond": "(movie_id = mi.movie_id)", "Plans": [{"Node Type": "Bitmap Index Scan", "Parent Relationship": "Outer", "Index Name": "movie_id_movie_info_idx", "Startup Cost": 0.0, "Total Cost": 0.37, "Plan Rows": 2, "Plan Width": 0, "Index Cond": "(movie_id = mi.movie_id)"}]}]}]}, {"Node Type": "Bitmap Heap Scan", "Parent Relationship": "Inner", "Relation Name": "title", "Alias": "t", "Startup Cost": 0.28, "Total Cost": 4.3, "Plan Rows": 1, "Plan Width": 21, "Recheck Cond": "(id = mi_idx.movie_id)", "Plans": [{"Node Type": "Bitmap Index Scan", "Parent Relationship": "Outer", "Index Name": "title_pkey", "Startup Cost": 0.0, "Total Cost": 0.28, "Plan Rows": 1, "Plan Width": 0, "Index Cond": "(id = mi_idx.movie_id)"}]}]}, {"Node Type": "Bitmap Heap Scan", "Parent Relationship": "Inner", "Relation Name": "cast_info", "Alias": "ci", "Startup Cost": 0.52, "Total Cost": 4.63, "Plan Rows": 1, "Plan Width": 8, "Recheck Cond": "(movie_id = t.id)", "Filter": "((note)::text = ANY ('{(writer),\"(head writer)\",\"(written by)\",(story),\"(story editor)\"}'::text[]))", "Plans": [{"Node Type": "Bitmap Index Scan", "Parent Relationship": "Outer", "Index Name": "movie_id_cast_info", "Startup Cost": 0.0, "Total Cost": 0.52, "Plan Rows": 6, "Plan Width": 0, "Index Cond": "(movie_id = t.id)"}]}]}, {"Node Type": "Bitmap Heap Scan", "Parent Relationship": "Inner", "Relation Name": "name", "Alias": "n", "Startup Cost": 0.31, "Total Cost": 4.32, "Plan Rows": 1, "Plan Width": 4, "Recheck Cond": "(id = ci.person_id)", "Filter": "((gender)::text = 'm'::text)", "Plans": [{"Node Type": "Bitmap Index Scan", "Parent Relationship": "Outer", "Index Name": "name_pkey", "Startup Cost": 0.0, "Total Cost": 0.31, "Plan Rows": 1, "Plan Width": 0, "Index Cond": "(id = ci.person_id)"}]}]}]}, "Unique SQL Id": 3913857139, "Planner Runtime": 14}, "explain_analyze_plan": {"Plan": {"Node Type": "Aggregate", "Strategy": "Plain", "Startup Cost": 102085.61, "Total Cost": 102085.62, "Plan Rows": 1, "Plan Width": 160, "Actual Min Startup Time": 12795.071, "Actual Max Startup Time": 12795.071, "Actual Min Total Time": 12795.072, "Actual Max Total Time": 12795.072, "Plans": [{"Node Type": "Nested Loop", "Parent Relationship": "Outer", "Join Type": "Inner", "Startup Cost": 1.48, "Total Cost": 102075.02, "Plan Rows": 1413, "Plan Width": 64, "Actual Min Startup Time": 255.92, "Actual Max Startup Time": 255.92, "Actual Min Total Time": 12742.441, "Actual Max Total Time": 12742.441, "Inner Unique": true, "Plans": [{"Node Type": "Nested Loop", "Parent Relationship": "Outer", "Join Type": "Inner", "Startup Cost": 1.17, "Total Cost": 97069.59, "Plan Rows": 1155, "Plan Width": 68, "Actual Min Startup Time": 255.885, "Actual Max Startup Time": 255.885, "Actual Min Total Time": 12230.15, "Actual Max Total Time": 12230.15, "Inner Unique": false, "Plans": [{"Node Type": "Nested Loop", "Parent Relationship": "Outer", "Join Type": "Inner", "Startup Cost": 0.65, "Total Cost": 92226.92, "Plan Rows": 1044, "Plan Width": 76, "Actual Min Startup Time": 255.004, "Actual Max Startup Time": 255.004, "Actual Min Total Time": 2392.55, "Actual Max Total Time": 2392.55, "Inner Unique": true, "Join Filter": "(mi.movie_id = t.id)", "Rows Removed by Join Filter": 0, "Plans": [{"Node Type": "Nested Loop", "Parent Relationship": "Outer", "Join Type": "Inner", "Startup Cost": 0.37, "Total Cost": 87727.73, "Plan Rows": 1044, "Plan Width": 55, "Actual Min Startup Time": 254.971, "Actual Max Startup Time": 254.971, "Actual Min Total Time": 1640.713, "Actual Max Total Time": 1640.713, "Inner Unique": false, "Join Filter": "(mi_idx.info_type_id = it2.id)", "Rows Removed by Join Filter": 205269, "Plans": [{"Node Type": "Seq Scan", "Parent Relationship": "Outer", "Relation Name": "info_type", "Alias": "it2", "Startup Cost": 0.0, "Total Cost": 2.4, "Plan Rows": 1, "Plan Width": 4, "Actual Min Startup Time": 0.074, "Actual Max Startup Time": 0.074, "Actual Min Total Time": 0.094, "Actual Max Total Time": 0.094, "Filter": "((info)::text = 'votes'::text)", "Rows Removed by Filter": 111, "Actual Rows": 1}, {"Node Type": "Nested Loop", "Parent Relationship": "Inner", "Join Type": "Inner", "Startup Cost": 0.37, "Total Cost": 87673.15, "Plan Rows": 4175, "Plan Width": 59, "Actual Min Startup Time": 254.879, "Actual Max Startup Time": 254.879, "Actual Min Total Time": 1532.814, "Actual Max Total Time": 1532.814, "Inner Unique": false, "Plans": [{"Node Type": "Nested Loop", "Parent Relationship": "Outer", "Join Type": "Inner", "Startup Cost": 0.0, "Total Cost": 75685.72, "Plan Rows": 2717, "Plan Width": 46, "Actual Min Startup Time": 254.823, "Actual Max Startup Time": 254.823, "Actual Min Total Time": 374.825, "Actual Max Total Time": 374.825, "Inner Unique": false, "Join Filter": "(it1.id = mi.info_type_id)", "Rows Removed by Join Filter": 2377, "Plans": [{"Node Type": "Seq Scan", "Parent Relationship": "Outer", "Relation Name": "info_type", "Alias": "it1", "Startup Cost": 0.0, "Total Cost": 2.4, "Plan Rows": 1, "Plan Width": 4, "Actual Min Startup Time": 0.039, "Actual Max Startup Time": 0.039, "Actual Min Total Time": 0.092, "Actual Max Total Time": 0.092, "Filter": "((info)::text = 'genres'::text)", "Rows Removed by Filter": 111, "Actual Rows": 1}, {"Node Type": "Materialize", "Parent Relationship": "Inner", "Startup Cost": 0.0, "Total Cost": 73781.62, "Plan Rows": 190170, "Plan Width": 50, "Actual Min Startup Time": 254.72, "Actual Max Startup Time": 254.72, "Actual Min Total Time": 290.579, "Actual Max Total Time": 290.579, "Plans": [{"Node Type": "Streaming(type: LOCAL GATHER dop: 1/64)", "Parent Relationship": "Outer", "Startup Cost": 0.0, "Total Cost": 73306.19, "Plan Rows": 190170, "Plan Width": 50, "Actual Min Startup Time": 130.647, "Actual Max Startup Time": 130.647, "Actual Min Total Time": 227.023, "Actual Max Total Time": 227.023, "Plans": [{"Node Type": "Seq Scan", "Parent Relationship": "Outer", "Relation Name": "movie_info", "Alias": "mi", "Startup Cost": 0.0, "Total Cost": 69383.01, "Plan Rows": 190170, "Plan Width": 50, "Actual Min Startup Time": 62.103, "Actual Max Startup Time": 148.086, "Actual Min Total Time": 110.476, "Actual Max Total Time": 166.182, "Filter": "((info)::text = ANY ('{Horror,Action,Sci-Fi,Thriller,Crime,War}'::text[]))", "Rows Removed by Filter": 14646748, "Actual Rows": 188971}], "Actual Rows": 188971}], "Actual Rows": 188972}], "Actual Rows": 186594}, {"Node Type": "Bitmap Heap Scan", "Parent Relationship": "Inner", "Relation Name": "movie_info_idx", "Alias": "mi_idx", "Startup Cost": 0.37, "Total Cost": 4.39, "Plan Rows": 2, "Plan Width": 13, "Actual Min Startup Time": 788.351, "Actual Max Startup Time": 788.351, "Actual Min Total Time": 833.998, "Actual Max Total Time": 833.998, "Recheck Cond": "(movie_id = mi.movie_id)", "Rows Removed by Index Recheck": 0, "Exact Heap Blocks": 103610, "Lossy Heap Blocks": 103610, "Plans": [{"Node Type": "Bitmap Index Scan", "Parent Relationship": "Outer", "Index Name": "movie_id_movie_info_idx", "Startup Cost": 0.0, "Total Cost": 0.37, "Plan Rows": 2, "Plan Width": 0, "Actual Min Startup Time": 539.893, "Actual Max Startup Time": 539.893, "Actual Min Total Time": 539.893, "Actual Max Total Time": 539.893, "Index Cond": "(movie_id = mi.movie_id)", "Actual Rows": 307785}], "Actual Rows": 307785}], "Actual Rows": 307785}], "Actual Rows": 102516}, {"Node Type": "Bitmap Heap Scan", "Parent Relationship": "Inner", "Relation Name": "title", "Alias": "t", "Startup Cost": 0.28, "Total Cost": 4.3, "Plan Rows": 1, "Plan Width": 21, "Actual Min Startup Time": 570.977, "Actual Max Startup Time": 570.977, "Actual Min Total Time": 570.977, "Actual Max Total Time": 570.977, "Recheck Cond": "(id = mi_idx.movie_id)", "Rows Removed by Index Recheck": 0, "Exact Heap Blocks": 102516, "Lossy Heap Blocks": 102516, "Plans": [{"Node Type": "Bitmap Index Scan", "Parent Relationship": "Outer", "Index Name": "title_pkey", "Startup Cost": 0.0, "Total Cost": 0.28, "Plan Rows": 1, "Plan Width": 0, "Actual Min Startup Time": 311.845, "Actual Max Startup Time": 311.845, "Actual Min Total Time": 311.845, "Actual Max Total Time": 311.845, "Index Cond": "(id = mi_idx.movie_id)", "Actual Rows": 102516}], "Actual Rows": 102516}], "Actual Rows": 102516}, {"Node Type": "Bitmap Heap Scan", "Parent Relationship": "Inner", "Relation Name": "cast_info", "Alias": "ci", "Startup Cost": 0.52, "Total Cost": 4.63, "Plan Rows": 1, "Plan Width": 8, "Actual Min Startup Time": 8376.865, "Actual Max Startup Time": 8376.865, "Actual Min Total Time": 9670.439, "Actual Max Total Time": 9670.439, "Recheck Cond": "(movie_id = t.id)", "Rows Removed by Index Recheck": 0, "Filter": "((note)::text = ANY ('{(writer),\"(head writer)\",\"(written by)\",(story),\"(story editor)\"}'::text[]))", "Rows Removed by Filter": 3987641, "Exact Heap Blocks": 3901088, "Lossy Heap Blocks": 3901088, "Plans": [{"Node Type": "Bitmap Index Scan", "Parent Relationship": "Outer", "Index Name": "movie_id_cast_info", "Startup Cost": 0.0, "Total Cost": 0.52, "Plan Rows": 6, "Plan Width": 0, "Actual Min Startup Time": 1074.667, "Actual Max Startup Time": 1074.667, "Actual Min Total Time": 1074.667, "Actual Max Total Time": 1074.667, "Index Cond": "(movie_id = t.id)", "Actual Rows": 4041796}], "Actual Rows": 54155}], "Actual Rows": 54155}, {"Node Type": "Bitmap Heap Scan", "Parent Relationship": "Inner", "Relation Name": "name", "Alias": "n", "Startup Cost": 0.31, "Total Cost": 4.32, "Plan Rows": 1, "Plan Width": 4, "Actual Min Startup Time": 421.327, "Actual Max Startup Time": 421.327, "Actual Min Total Time": 421.327, "Actual Max Total Time": 421.327, "Recheck Cond": "(id = ci.person_id)", "Rows Removed by Index Recheck": 0, "Filter": "((gender)::text = 'm'::text)", "Rows Removed by Filter": 26082, "Exact Heap Blocks": 54155, "Lossy Heap Blocks": 54155, "Plans": [{"Node Type": "Bitmap Index Scan", "Parent Relationship": "Outer", "Index Name": "name_pkey", "Startup Cost": 0.0, "Total Cost": 0.31, "Plan Rows": 1, "Plan Width": 0, "Actual Min Startup Time": 263.996, "Actual Max Startup Time": 263.996, "Actual Min Total Time": 263.996, "Actual Max Total Time": 263.996, "Index Cond": "(id = ci.person_id)", "Actual Rows": 54155}], "Actual Rows": 28073}], "Actual Rows": 28073}], "Actual Rows": 1}, "Triggers": [], "Planner Runtime": 14, "Total Runtime": 12807.1, "Unique SQL Id": 3913857139}}, "(64, 115)": {"explain_plan": {"Plan": {"Node Type": "Aggregate", "Strategy": "Plain", "Startup Cost": 191395.62, "Total Cost": 191395.63, "Plan Rows": 1, "Plan Width": 160, "Plans": [{"Node Type": "Nested Loop", "Parent Relationship": "Outer", "Join Type": "Inner", "Startup Cost": 4861.24, "Total Cost": 191385.02, "Plan Rows": 1413, "Plan Width": 64, "Inner Unique": true, "Plans": [{"Node Type": "Nested Loop", "Parent Relationship": "Outer", "Join Type": "Inner", "Startup Cost": 4860.93, "Total Cost": 186379.6, "Plan Rows": 1155, "Plan Width": 68, "Inner Unique": false, "Plans": [{"Node Type": "Nested Loop", "Parent Relationship": "Outer", "Join Type": "Inner", "Startup Cost": 4860.41, "Total Cost": 181536.93, "Plan Rows": 1044, "Plan Width": 76, "Inner Unique": true, "Join Filter": "(mi.movie_id = t.id)", "Plans": [{"Node Type": "Nested Loop", "Parent Relationship": "Outer", "Join Type": "Inner", "Startup Cost": 4860.13, "Total Cost": 177037.74, "Plan Rows": 1044, "Plan Width": 55, "Inner Unique": false, "Join Filter": "(mi_idx.info_type_id = it2.id)", "Plans": [{"Node Type": "Bitmap Heap Scan", "Parent Relationship": "Outer", "Relation Name": "info_type", "Alias": "it2", "Startup Cost": 8.81, "Total Cost": 14.21, "Plan Rows": 1, "Plan Width": 4, "Filter": "((info)::text = 'votes'::text)", "Plans": [{"Node Type": "Bitmap Index Scan", "Parent Relationship": "Outer", "Index Name": "info_type_pkey", "Startup Cost": 0.0, "Total Cost": 8.81, "Plan Rows": 112, "Plan Width": 0}]}, {"Node Type": "Nested Loop", "Parent Relationship": "Inner", "Join Type": "Inner", "Startup Cost": 4851.32, "Total Cost": 176971.34, "Plan Rows": 4175, "Plan Width": 59, "Inner Unique": false, "Plans": [{"Node Type": "Nested Loop", "Parent Relationship": "Outer", "Join Type": "Inner", "Startup Cost": 4850.95, "Total Cost": 164983.91, "Plan Rows": 2717, "Plan Width": 46, "Inner Unique": false, "Plans": [{"Node Type": "Bitmap Heap Scan", "Parent Relationship": "Outer", "Relation Name": "info_type", "Alias": "it1", "Startup Cost": 8.81, "Total Cost": 14.21, "Plan Rows": 1, "Plan Width": 4, "Filter": "((info)::text = 'genres'::text)", "Plans": [{"Node Type": "Bitmap Index Scan", "Parent Relationship": "Outer", "Index Name": "info_type_pkey", "Startup Cost": 0.0, "Total Cost": 8.81, "Plan Rows": 112, "Plan Width": 0}]}, {"Node Type": "Bitmap Heap Scan", "Parent Relationship": "Inner", "Relation Name": "movie_info", "Alias": "mi", "Startup Cost": 4842.14, "Total Cost": 164942.53, "Plan Rows": 2717, "Plan Width": 50, "Recheck Cond": "(info_type_id = it1.id)", "Filter": "((info)::text = ANY ('{Horror,Action,Sci-Fi,Thriller,Crime,War}'::text[]))", "Plans": [{"Node Type": "Bitmap Index Scan", "Parent Relationship": "Outer", "Index Name": "info_type_id_movie_info", "Startup Cost": 0.0, "Total Cost": 4841.46, "Plan Rows": 212428, "Plan Width": 0, "Index Cond": "(info_type_id = it1.id)"}]}]}, {"Node Type": "Bitmap Heap Scan", "Parent Relationship": "Inner", "Relation Name": "movie_info_idx", "Alias": "mi_idx", "Startup Cost": 0.37, "Total Cost": 4.39, "Plan Rows": 2, "Plan Width": 13, "Recheck Cond": "(movie_id = mi.movie_id)", "Plans": [{"Node Type": "Bitmap Index Scan", "Parent Relationship": "Outer", "Index Name": "movie_id_movie_info_idx", "Startup Cost": 0.0, "Total Cost": 0.37, "Plan Rows": 2, "Plan Width": 0, "Index Cond": "(movie_id = mi.movie_id)"}]}]}]}, {"Node Type": "Bitmap Heap Scan", "Parent Relationship": "Inner", "Relation Name": "title", "Alias": "t", "Startup Cost": 0.28, "Total Cost": 4.3, "Plan Rows": 1, "Plan Width": 21, "Recheck Cond": "(id = mi_idx.movie_id)", "Plans": [{"Node Type": "Bitmap Index Scan", "Parent Relationship": "Outer", "Index Name": "title_pkey", "Startup Cost": 0.0, "Total Cost": 0.28, "Plan Rows": 1, "Plan Width": 0, "Index Cond": "(id = mi_idx.movie_id)"}]}]}, {"Node Type": "Bitmap Heap Scan", "Parent Relationship": "Inner", "Relation Name": "cast_info", "Alias": "ci", "Startup Cost": 0.52, "Total Cost": 4.63, "Plan Rows": 1, "Plan Width": 8, "Recheck Cond": "(movie_id = t.id)", "Filter": "((note)::text = ANY ('{(writer),\"(head writer)\",\"(written by)\",(story),\"(story editor)\"}'::text[]))", "Plans": [{"Node Type": "Bitmap Index Scan", "Parent Relationship": "Outer", "Index Name": "movie_id_cast_info", "Startup Cost": 0.0, "Total Cost": 0.52, "Plan Rows": 6, "Plan Width": 0, "Index Cond": "(movie_id = t.id)"}]}]}, {"Node Type": "Bitmap Heap Scan", "Parent Relationship": "Inner", "Relation Name": "name", "Alias": "n", "Startup Cost": 0.31, "Total Cost": 4.32, "Plan Rows": 1, "Plan Width": 4, "Recheck Cond": "(id = ci.person_id)", "Filter": "((gender)::text = 'm'::text)", "Plans": [{"Node Type": "Bitmap Index Scan", "Parent Relationship": "Outer", "Index Name": "name_pkey", "Startup Cost": 0.0, "Total Cost": 0.31, "Plan Rows": 1, "Plan Width": 0, "Index Cond": "(id = ci.person_id)"}]}]}]}, "Unique SQL Id": 3913857139, "Planner Runtime": 8}, "explain_analyze_plan": {"Plan": {"Node Type": "Aggregate", "Strategy": "Plain", "Startup Cost": 191395.62, "Total Cost": 191395.63, "Plan Rows": 1, "Plan Width": 160, "Actual Startup Time": 13580.726, "Actual Total Time": 13580.726, "Actual Rows": 1, "Actual Loops": 1, "Plans": [{"Node Type": "Nested Loop", "Parent Relationship": "Outer", "Join Type": "Inner", "Startup Cost": 4861.24, "Total Cost": 191385.02, "Plan Rows": 1413, "Plan Width": 64, "Actual Startup Time": 182.856, "Actual Total Time": 13524.954, "Actual Rows": 28073, "Actual Loops": 1, "Inner Unique": true, "Plans": [{"Node Type": "Nested Loop", "Parent Relationship": "Outer", "Join Type": "Inner", "Startup Cost": 4860.93, "Total Cost": 186379.6, "Plan Rows": 1155, "Plan Width": 68, "Actual Startup Time": 180.203, "Actual Total Time": 13012.912, "Actual Rows": 54155, "Actual Loops": 1, "Inner Unique": false, "Plans": [{"Node Type": "Nested Loop", "Parent Relationship": "Outer", "Join Type": "Inner", "Startup Cost": 4860.41, "Total Cost": 181536.93, "Plan Rows": 1044, "Plan Width": 76, "Actual Startup Time": 177.143, "Actual Total Time": 3136.935, "Actual Rows": 102516, "Actual Loops": 1, "Inner Unique": true, "Join Filter": "(mi.movie_id = t.id)", "Rows Removed by Join Filter": 0, "Plans": [{"Node Type": "Nested Loop", "Parent Relationship": "Outer", "Join Type": "Inner", "Startup Cost": 4860.13, "Total Cost": 177037.74, "Plan Rows": 1044, "Plan Width": 55, "Actual Startup Time": 177.118, "Actual Total Time": 2402.755, "Actual Rows": 102516, "Actual Loops": 1, "Inner Unique": false, "Join Filter": "(mi_idx.info_type_id = it2.id)", "Rows Removed by Join Filter": 205269, "Plans": [{"Node Type": "Bitmap Heap Scan", "Parent Relationship": "Outer", "Relation Name": "info_type", "Alias": "it2", "Startup Cost": 8.81, "Total Cost": 14.21, "Plan Rows": 1, "Plan Width": 4, "Actual Startup Time": 0.081, "Actual Total Time": 0.085, "Actual Rows": 1, "Actual Loops": 1, "Filter": "((info)::text = 'votes'::text)", "Rows Removed by Filter": 111, "Exact Heap Blocks": 1, "Lossy Heap Blocks": 1, "Plans": [{"Node Type": "Bitmap Index Scan", "Parent Relationship": "Outer", "Index Name": "info_type_pkey", "Startup Cost": 0.0, "Total Cost": 8.81, "Plan Rows": 112, "Plan Width": 0, "Actual Startup Time": 0.019, "Actual Total Time": 0.019, "Actual Rows": 112, "Actual Loops": 1}]}, {"Node Type": "Nested Loop", "Parent Relationship": "Inner", "Join Type": "Inner", "Startup Cost": 4851.32, "Total Cost": 176971.34, "Plan Rows": 4175, "Plan Width": 59, "Actual Startup Time": 177.024, "Actual Total Time": 2302.393, "Actual Rows": 307785, "Actual Loops": 1, "Inner Unique": false, "Plans": [{"Node Type": "Nested Loop", "Parent Relationship": "Outer", "Join Type": "Inner", "Startup Cost": 4850.95, "Total Cost": 164983.91, "Plan Rows": 2717, "Plan Width": 46, "Actual Startup Time": 176.982, "Actual Total Time": 1162.537, "Actual Rows": 186594, "Actual Loops": 1, "Inner Unique": false, "Plans": [{"Node Type": "Bitmap Heap Scan", "Parent Relationship": "Outer", "Relation Name": "info_type", "Alias": "it1", "Startup Cost": 8.81, "Total Cost": 14.21, "Plan Rows": 1, "Plan Width": 4, "Actual Startup Time": 0.031, "Actual Total Time": 0.059, "Actual Rows": 1, "Actual Loops": 1, "Filter": "((info)::text = 'genres'::text)", "Rows Removed by Filter": 111, "Exact Heap Blocks": 1, "Lossy Heap Blocks": 1, "Plans": [{"Node Type": "Bitmap Index Scan", "Parent Relationship": "Outer", "Index Name": "info_type_pkey", "Startup Cost": 0.0, "Total Cost": 8.81, "Plan Rows": 112, "Plan Width": 0, "Actual Startup Time": 0.008, "Actual Total Time": 0.008, "Actual Rows": 112, "Actual Loops": 1}]}, {"Node Type": "Bitmap Heap Scan", "Parent Relationship": "Inner", "Relation Name": "movie_info", "Alias": "mi", "Startup Cost": 4842.14, "Total Cost": 164942.53, "Plan Rows": 2717, "Plan Width": 50, "Actual Startup Time": 176.947, "Actual Total Time": 1117.951, "Actual Rows": 186594, "Actual Loops": 1, "Recheck Cond": "(info_type_id = it1.id)", "Rows Removed by Index Recheck": 0, "Filter": "((info)::text = ANY ('{Horror,Action,Sci-Fi,Thriller,Crime,War}'::text[]))", "Rows Removed by Filter": 1347315, "Exact Heap Blocks": 7426, "Lossy Heap Blocks": 7426, "Plans": [{"Node Type": "Bitmap Index Scan", "Parent Relationship": "Outer", "Index Name": "info_type_id_movie_info", "Startup Cost": 0.0, "Total Cost": 4841.46, "Plan Rows": 212428, "Plan Width": 0, "Actual Startup Time": 175.581, "Actual Total Time": 175.581, "Actual Rows": 1533909, "Actual Loops": 1, "Index Cond": "(info_type_id = it1.id)"}]}]}, {"Node Type": "Bitmap Heap Scan", "Parent Relationship": "Inner", "Relation Name": "movie_info_idx", "Alias": "mi_idx", "Startup Cost": 0.37, "Total Cost": 4.39, "Plan Rows": 2, "Plan Width": 13, "Actual Startup Time": 777.609, "Actual Total Time": 823.786, "Actual Rows": 307785, "Actual Loops": 186594, "Recheck Cond": "(movie_id = mi.movie_id)", "Rows Removed by Index Recheck": 0, "Exact Heap Blocks": 103610, "Lossy Heap Blocks": 103610, "Plans": [{"Node Type": "Bitmap Index Scan", "Parent Relationship": "Outer", "Index Name": "movie_id_movie_info_idx", "Startup Cost": 0.0, "Total Cost": 0.37, "Plan Rows": 2, "Plan Width": 0, "Actual Startup Time": 528.311, "Actual Total Time": 528.311, "Actual Rows": 307785, "Actual Loops": 186594, "Index Cond": "(movie_id = mi.movie_id)"}]}]}]}, {"Node Type": "Bitmap Heap Scan", "Parent Relationship": "Inner", "Relation Name": "title", "Alias": "t", "Startup Cost": 0.28, "Total Cost": 4.3, "Plan Rows": 1, "Plan Width": 21, "Actual Startup Time": 553.231, "Actual Total Time": 553.231, "Actual Rows": 102516, "Actual Loops": 102516, "Recheck Cond": "(id = mi_idx.movie_id)", "Rows Removed by Index Recheck": 0, "Exact Heap Blocks": 102516, "Lossy Heap Blocks": 102516, "Plans": [{"Node Type": "Bitmap Index Scan", "Parent Relationship": "Outer", "Index Name": "title_pkey", "Startup Cost": 0.0, "Total Cost": 0.28, "Plan Rows": 1, "Plan Width": 0, "Actual Startup Time": 303.255, "Actual Total Time": 303.255, "Actual Rows": 102516, "Actual Loops": 102516, "Index Cond": "(id = mi_idx.movie_id)"}]}]}, {"Node Type": "Bitmap Heap Scan", "Parent Relationship": "Inner", "Relation Name": "cast_info", "Alias": "ci", "Startup Cost": 0.52, "Total Cost": 4.63, "Plan Rows": 1, "Plan Width": 8, "Actual Startup Time": 8405.75, "Actual Total Time": 9708.17, "Actual Rows": 54155, "Actual Loops": 102516, "Recheck Cond": "(movie_id = t.id)", "Rows Removed by Index Recheck": 0, "Filter": "((note)::text = ANY ('{(writer),\"(head writer)\",\"(written by)\",(story),\"(story editor)\"}'::text[]))", "Rows Removed by Filter": 3987641, "Exact Heap Blocks": 3901088, "Lossy Heap Blocks": 3901088, "Plans": [{"Node Type": "Bitmap Index Scan", "Parent Relationship": "Outer", "Index Name": "movie_id_cast_info", "Startup Cost": 0.0, "Total Cost": 0.52, "Plan Rows": 6, "Plan Width": 0, "Actual Startup Time": 1067.615, "Actual Total Time": 1067.615, "Actual Rows": 4041796, "Actual Loops": 102516, "Index Cond": "(movie_id = t.id)"}]}]}, {"Node Type": "Bitmap Heap Scan", "Parent Relationship": "Inner", "Relation Name": "name", "Alias": "n", "Startup Cost": 0.31, "Total Cost": 4.32, "Plan Rows": 1, "Plan Width": 4, "Actual Startup Time": 417.007, "Actual Total Time": 417.007, "Actual Rows": 28073, "Actual Loops": 54155, "Recheck Cond": "(id = ci.person_id)", "Rows Removed by Index Recheck": 0, "Filter": "((gender)::text = 'm'::text)", "Rows Removed by Filter": 26082, "Exact Heap Blocks": 54155, "Lossy Heap Blocks": 54155, "Plans": [{"Node Type": "Bitmap Index Scan", "Parent Relationship": "Outer", "Index Name": "name_pkey", "Startup Cost": 0.0, "Total Cost": 0.31, "Plan Rows": 1, "Plan Width": 0, "Actual Startup Time": 263.412, "Actual Total Time": 263.412, "Actual Rows": 54155, "Actual Loops": 54155, "Index Cond": "(id = ci.person_id)"}]}]}]}, "Triggers": [], "Planner Runtime": 8, "Total Runtime": 13581.043, "Unique SQL Id": 3913857139}}, "(64, 116)": {"explain_plan": {"Plan": {"Node Type": "Aggregate", "Strategy": "Plain", "Startup Cost": 79308.04, "Total Cost": 79308.05, "Plan Rows": 1, "Plan Width": 160, "Plans": [{"Node Type": "Nested Loop", "Parent Relationship": "Outer", "Join Type": "Inner", "Startup Cost": 0.0, "Total Cost": 79297.45, "Plan Rows": 1413, "Plan Width": 64, "Inner Unique": true, "Plans": [{"Node Type": "Nested Loop", "Parent Relationship": "Outer", "Join Type": "Inner", "Startup Cost": 0.0, "Total Cost": 78718.18, "Plan Rows": 1155, "Plan Width": 68, "Inner Unique": false, "Plans": [{"Node Type": "Nested Loop", "Parent Relationship": "Outer", "Join Type": "Inner", "Startup Cost": 0.0, "Total Cost": 77656.55, "Plan Rows": 1044, "Plan Width": 76, "Inner Unique": true, "Join Filter": "(mi.movie_id = t.id)", "Plans": [{"Node Type": "Nested Loop", "Parent Relationship": "Outer", "Join Type": "Inner", "Startup Cost": 0.0, "Total Cost": 77228.36, "Plan Rows": 1044, "Plan Width": 55, "Inner Unique": false, "Join Filter": "(mi_idx.info_type_id = it2.id)", "Plans": [{"Node Type": "Seq Scan", "Parent Relationship": "Outer", "Relation Name": "info_type", "Alias": "it2", "Startup Cost": 0.0, "Total Cost": 2.4, "Plan Rows": 1, "Plan Width": 4, "Filter": "((info)::text = 'votes'::text)"}, {"Node Type": "Nested Loop", "Parent Relationship": "Inner", "Join Type": "Inner", "Startup Cost": 0.0, "Total Cost": 77173.77, "Plan Rows": 4175, "Plan Width": 59, "Inner Unique": false, "Plans": [{"Node Type": "Nested Loop", "Parent Relationship": "Outer", "Join Type": "Inner", "Startup Cost": 0.0, "Total Cost": 75685.72, "Plan Rows": 2717, "Plan Width": 46, "Inner Unique": false, "Join Filter": "(it1.id = mi.info_type_id)", "Plans": [{"Node Type": "Seq Scan", "Parent Relationship": "Outer", "Relation Name": "info_type", "Alias": "it1", "Startup Cost": 0.0, "Total Cost": 2.4, "Plan Rows": 1, "Plan Width": 4, "Filter": "((info)::text = 'genres'::text)"}, {"Node Type": "Materialize", "Parent Relationship": "Inner", "Startup Cost": 0.0, "Total Cost": 73781.62, "Plan Rows": 190170, "Plan Width": 50, "Plans": [{"Node Type": "Streaming(type: LOCAL GATHER dop: 1/64)", "Parent Relationship": "Outer", "Startup Cost": 0.0, "Total Cost": 73306.19, "Plan Rows": 190170, "Plan Width": 50, "Plans": [{"Node Type": "Seq Scan", "Parent Relationship": "Outer", "Relation Name": "movie_info", "Alias": "mi", "Startup Cost": 0.0, "Total Cost": 69383.01, "Plan Rows": 190170, "Plan Width": 50, "Filter": "((info)::text = ANY ('{Horror,Action,Sci-Fi,Thriller,Crime,War}'::text[]))"}]}]}]}, {"Node Type": "Index Scan", "Parent Relationship": "Inner", "Scan Direction": "Forward", "Index Name": "movie_id_movie_info_idx", "Relation Name": "movie_info_idx", "Alias": "mi_idx", "Startup Cost": 0.0, "Total Cost": 0.53, "Plan Rows": 2, "Plan Width": 13, "Index Cond": "(movie_id = mi.movie_id)"}]}]}, {"Node Type": "Index Scan", "Parent Relationship": "Inner", "Scan Direction": "Forward", "Index Name": "title_pkey", "Relation Name": "title", "Alias": "t", "Startup Cost": 0.0, "Total Cost": 0.4, "Plan Rows": 1, "Plan Width": 21, "Index Cond": "(id = mi_idx.movie_id)"}]}, {"Node Type": "Index Scan", "Parent Relationship": "Inner", "Scan Direction": "Forward", "Index Name": "movie_id_cast_info", "Relation Name": "cast_info", "Alias": "ci", "Startup Cost": 0.0, "Total Cost": 1.01, "Plan Rows": 1, "Plan Width": 8, "Index Cond": "(movie_id = t.id)", "Filter": "((note)::text = ANY ('{(writer),\"(head writer)\",\"(written by)\",(story),\"(story editor)\"}'::text[]))"}]}, {"Node Type": "Index Scan", "Parent Relationship": "Inner", "Scan Direction": "Forward", "Index Name": "name_pkey", "Relation Name": "name", "Alias": "n", "Startup Cost": 0.0, "Total Cost": 0.49, "Plan Rows": 1, "Plan Width": 4, "Index Cond": "(id = ci.person_id)", "Filter": "((gender)::text = 'm'::text)"}]}]}, "Unique SQL Id": 3913857139, "Planner Runtime": 7}, "explain_analyze_plan": {"Plan": {"Node Type": "Aggregate", "Strategy": "Plain", "Startup Cost": 79308.04, "Total Cost": 79308.05, "Plan Rows": 1, "Plan Width": 160, "Actual Min Startup Time": 10680.124, "Actual Max Startup Time": 10680.124, "Actual Min Total Time": 10680.125, "Actual Max Total Time": 10680.125, "Plans": [{"Node Type": "Nested Loop", "Parent Relationship": "Outer", "Join Type": "Inner", "Startup Cost": 0.0, "Total Cost": 79297.45, "Plan Rows": 1413, "Plan Width": 64, "Actual Min Startup Time": 249.693, "Actual Max Startup Time": 249.693, "Actual Min Total Time": 10641.432, "Actual Max Total Time": 10641.432, "Inner Unique": true, "Plans": [{"Node Type": "Nested Loop", "Parent Relationship": "Outer", "Join Type": "Inner", "Startup Cost": 0.0, "Total Cost": 78718.18, "Plan Rows": 1155, "Plan Width": 68, "Actual Min Startup Time": 247.969, "Actual Max Startup Time": 247.969, "Actual Min Total Time": 10246.003, "Actual Max Total Time": 10246.003, "Inner Unique": false, "Plans": [{"Node Type": "Nested Loop", "Parent Relationship": "Outer", "Join Type": "Inner", "Startup Cost": 0.0, "Total Cost": 77656.55, "Plan Rows": 1044, "Plan Width": 76, "Actual Min Startup Time": 247.349, "Actual Max Startup Time": 247.349, "Actual Min Total Time": 1811.85, "Actual Max Total Time": 1811.85, "Inner Unique": true, "Join Filter": "(mi.movie_id = t.id)", "Rows Removed by Join Filter": 0, "Plans": [{"Node Type": "Nested Loop", "Parent Relationship": "Outer", "Join Type": "Inner", "Startup Cost": 0.0, "Total Cost": 77228.36, "Plan Rows": 1044, "Plan Width": 55, "Actual Min Startup Time": 247.331, "Actual Max Startup Time": 247.331, "Actual Min Total Time": 1273.326, "Actual Max Total Time": 1273.326, "Inner Unique": false, "Join Filter": "(mi_idx.info_type_id = it2.id)", "Rows Removed by Join Filter": 205269, "Plans": [{"Node Type": "Seq Scan", "Parent Relationship": "Outer", "Relation Name": "info_type", "Alias": "it2", "Startup Cost": 0.0, "Total Cost": 2.4, "Plan Rows": 1, "Plan Width": 4, "Actual Min Startup Time": 0.086, "Actual Max Startup Time": 0.086, "Actual Min Total Time": 0.096, "Actual Max Total Time": 0.096, "Filter": "((info)::text = 'votes'::text)", "Rows Removed by Filter": 111, "Actual Rows": 1}, {"Node Type": "Nested Loop", "Parent Relationship": "Inner", "Join Type": "Inner", "Startup Cost": 0.0, "Total Cost": 77173.77, "Plan Rows": 4175, "Plan Width": 59, "Actual Min Startup Time": 247.225, "Actual Max Startup Time": 247.225, "Actual Min Total Time": 1183.67, "Actual Max Total Time": 1183.67, "Inner Unique": false, "Plans": [{"Node Type": "Nested Loop", "Parent Relationship": "Outer", "Join Type": "Inner", "Startup Cost": 0.0, "Total Cost": 75685.72, "Plan Rows": 2717, "Plan Width": 46, "Actual Min Startup Time": 247.195, "Actual Max Startup Time": 247.195, "Actual Min Total Time": 356.202, "Actual Max Total Time": 356.202, "Inner Unique": false, "Join Filter": "(it1.id = mi.info_type_id)", "Rows Removed by Join Filter": 2377, "Plans": [{"Node Type": "Seq Scan", "Parent Relationship": "Outer", "Relation Name": "info_type", "Alias": "it1", "Startup Cost": 0.0, "Total Cost": 2.4, "Plan Rows": 1, "Plan Width": 4, "Actual Min Startup Time": 0.047, "Actual Max Startup Time": 0.047, "Actual Min Total Time": 0.081, "Actual Max Total Time": 0.081, "Filter": "((info)::text = 'genres'::text)", "Rows Removed by Filter": 111, "Actual Rows": 1}, {"Node Type": "Materialize", "Parent Relationship": "Inner", "Startup Cost": 0.0, "Total Cost": 73781.62, "Plan Rows": 190170, "Plan Width": 50, "Actual Min Startup Time": 247.015, "Actual Max Startup Time": 247.015, "Actual Min Total Time": 279.819, "Actual Max Total Time": 279.819, "Plans": [{"Node Type": "Streaming(type: LOCAL GATHER dop: 1/64)", "Parent Relationship": "Outer", "Startup Cost": 0.0, "Total Cost": 73306.19, "Plan Rows": 190170, "Plan Width": 50, "Actual Min Startup Time": 127.593, "Actual Max Startup Time": 127.593, "Actual Min Total Time": 219.435, "Actual Max Total Time": 219.435, "Plans": [{"Node Type": "Seq Scan", "Parent Relationship": "Outer", "Relation Name": "movie_info", "Alias": "mi", "Startup Cost": 0.0, "Total Cost": 69383.01, "Plan Rows": 190170, "Plan Width": 50, "Actual Min Startup Time": 55.284, "Actual Max Startup Time": 120.939, "Actual Min Total Time": 110.672, "Actual Max Total Time": 131.365, "Filter": "((info)::text = ANY ('{Horror,Action,Sci-Fi,Thriller,Crime,War}'::text[]))", "Rows Removed by Filter": 14646748, "Actual Rows": 188971}], "Actual Rows": 188971}], "Actual Rows": 188972}], "Actual Rows": 186594}, {"Node Type": "Index Scan", "Parent Relationship": "Inner", "Scan Direction": "Forward", "Index Name": "movie_id_movie_info_idx", "Relation Name": "movie_info_idx", "Alias": "mi_idx", "Startup Cost": 0.0, "Total Cost": 0.53, "Plan Rows": 2, "Plan Width": 13, "Actual Min Startup Time": 538.447, "Actual Max Startup Time": 538.447, "Actual Min Total Time": 656.885, "Actual Max Total Time": 656.885, "Index Cond": "(movie_id = mi.movie_id)", "Rows Removed by Index Recheck": 0, "Actual Rows": 307785}], "Actual Rows": 307785}], "Actual Rows": 102516}, {"Node Type": "Index Scan", "Parent Relationship": "Inner", "Scan Direction": "Forward", "Index Name": "title_pkey", "Relation Name": "title", "Alias": "t", "Startup Cost": 0.0, "Total Cost": 0.4, "Plan Rows": 1, "Plan Width": 21, "Actual Min Startup Time": 432.22, "Actual Max Startup Time": 432.22, "Actual Min Total Time": 432.22, "Actual Max Total Time": 432.22, "Index Cond": "(id = mi_idx.movie_id)", "Rows Removed by Index Recheck": 0, "Actual Rows": 102516}], "Actual Rows": 102516}, {"Node Type": "Index Scan", "Parent Relationship": "Inner", "Scan Direction": "Forward", "Index Name": "movie_id_cast_info", "Relation Name": "cast_info", "Alias": "ci", "Startup Cost": 0.0, "Total Cost": 1.01, "Plan Rows": 1, "Plan Width": 8, "Actual Min Startup Time": 7123.336, "Actual Max Startup Time": 7123.336, "Actual Min Total Time": 8361.98, "Actual Max Total Time": 8361.98, "Index Cond": "(movie_id = t.id)", "Rows Removed by Index Recheck": 0, "Filter": "((note)::text = ANY ('{(writer),\"(head writer)\",\"(written by)\",(story),\"(story editor)\"}'::text[]))", "Rows Removed by Filter": 3987641, "Actual Rows": 54155}], "Actual Rows": 54155}, {"Node Type": "Index Scan", "Parent Relationship": "Inner", "Scan Direction": "Forward", "Index Name": "name_pkey", "Relation Name": "name", "Alias": "n", "Startup Cost": 0.0, "Total Cost": 0.49, "Plan Rows": 1, "Plan Width": 4, "Actual Min Startup Time": 352.775, "Actual Max Startup Time": 352.775, "Actual Min Total Time": 352.775, "Actual Max Total Time": 352.775, "Index Cond": "(id = ci.person_id)", "Rows Removed by Index Recheck": 0, "Filter": "((gender)::text = 'm'::text)", "Rows Removed by Filter": 26082, "Actual Rows": 28073}], "Actual Rows": 28073}], "Actual Rows": 1}, "Triggers": [], "Planner Runtime": 7, "Total Runtime": 10691.468, "Unique SQL Id": 3913857139}}, "(64, 117)": {"explain_plan": {"Plan": {"Node Type": "Aggregate", "Strategy": "Plain", "Startup Cost": 168618.05, "Total Cost": 168618.06, "Plan Rows": 1, "Plan Width": 160, "Plans": [{"Node Type": "Nested Loop", "Parent Relationship": "Outer", "Join Type": "Inner", "Startup Cost": 4842.14, "Total Cost": 168607.45, "Plan Rows": 1413, "Plan Width": 64, "Inner Unique": true, "Plans": [{"Node Type": "Nested Loop", "Parent Relationship": "Outer", "Join Type": "Inner", "Startup Cost": 4842.14, "Total Cost": 168028.19, "Plan Rows": 1155, "Plan Width": 68, "Inner Unique": false, "Plans": [{"Node Type": "Nested Loop", "Parent Relationship": "Outer", "Join Type": "Inner", "Startup Cost": 4842.14, "Total Cost": 166966.55, "Plan Rows": 1044, "Plan Width": 76, "Inner Unique": true, "Join Filter": "(mi.movie_id = t.id)", "Plans": [{"Node Type": "Nested Loop", "Parent Relationship": "Outer", "Join Type": "Inner", "Startup Cost": 4842.14, "Total Cost": 166538.36, "Plan Rows": 1044, "Plan Width": 55, "Inner Unique": false, "Join Filter": "(mi_idx.info_type_id = it2.id)", "Plans": [{"Node Type": "Index Scan", "Parent Relationship": "Outer", "Scan Direction": "Forward", "Index Name": "info_type_pkey", "Relation Name": "info_type", "Alias": "it2", "Startup Cost": 0.0, "Total Cost": 14.21, "Plan Rows": 1, "Plan Width": 4, "Filter": "((info)::text = 'votes'::text)"}, {"Node Type": "Nested Loop", "Parent Relationship": "Inner", "Join Type": "Inner", "Startup Cost": 4842.14, "Total Cost": 166471.96, "Plan Rows": 4175, "Plan Width": 59, "Inner Unique": false, "Plans": [{"Node Type": "Nested Loop", "Parent Relationship": "Outer", "Join Type": "Inner", "Startup Cost": 4842.14, "Total Cost": 164983.91, "Plan Rows": 2717, "Plan Width": 46, "Inner Unique": false, "Plans": [{"Node Type": "Index Scan", "Parent Relationship": "Outer", "Scan Direction": "Forward", "Index Name": "info_type_pkey", "Relation Name": "info_type", "Alias": "it1", "Startup Cost": 0.0, "Total Cost": 14.21, "Plan Rows": 1, "Plan Width": 4, "Filter": "((info)::text = 'genres'::text)"}, {"Node Type": "Bitmap Heap Scan", "Parent Relationship": "Inner", "Relation Name": "movie_info", "Alias": "mi", "Startup Cost": 4842.14, "Total Cost": 164942.53, "Plan Rows": 2717, "Plan Width": 50, "Recheck Cond": "(info_type_id = it1.id)", "Filter": "((info)::text = ANY ('{Horror,Action,Sci-Fi,Thriller,Crime,War}'::text[]))", "Plans": [{"Node Type": "Bitmap Index Scan", "Parent Relationship": "Outer", "Index Name": "info_type_id_movie_info", "Startup Cost": 0.0, "Total Cost": 4841.46, "Plan Rows": 212428, "Plan Width": 0, "Index Cond": "(info_type_id = it1.id)"}]}]}, {"Node Type": "Index Scan", "Parent Relationship": "Inner", "Scan Direction": "Forward", "Index Name": "movie_id_movie_info_idx", "Relation Name": "movie_info_idx", "Alias": "mi_idx", "Startup Cost": 0.0, "Total Cost": 0.53, "Plan Rows": 2, "Plan Width": 13, "Index Cond": "(movie_id = mi.movie_id)"}]}]}, {"Node Type": "Index Scan", "Parent Relationship": "Inner", "Scan Direction": "Forward", "Index Name": "title_pkey", "Relation Name": "title", "Alias": "t", "Startup Cost": 0.0, "Total Cost": 0.4, "Plan Rows": 1, "Plan Width": 21, "Index Cond": "(id = mi_idx.movie_id)"}]}, {"Node Type": "Index Scan", "Parent Relationship": "Inner", "Scan Direction": "Forward", "Index Name": "movie_id_cast_info", "Relation Name": "cast_info", "Alias": "ci", "Startup Cost": 0.0, "Total Cost": 1.01, "Plan Rows": 1, "Plan Width": 8, "Index Cond": "(movie_id = t.id)", "Filter": "((note)::text = ANY ('{(writer),\"(head writer)\",\"(written by)\",(story),\"(story editor)\"}'::text[]))"}]}, {"Node Type": "Index Scan", "Parent Relationship": "Inner", "Scan Direction": "Forward", "Index Name": "name_pkey", "Relation Name": "name", "Alias": "n", "Startup Cost": 0.0, "Total Cost": 0.49, "Plan Rows": 1, "Plan Width": 4, "Index Cond": "(id = ci.person_id)", "Filter": "((gender)::text = 'm'::text)"}]}]}, "Unique SQL Id": 3913857139, "Planner Runtime": 7}, "explain_analyze_plan": {"Plan": {"Node Type": "Aggregate", "Strategy": "Plain", "Startup Cost": 168618.05, "Total Cost": 168618.06, "Plan Rows": 1, "Plan Width": 160, "Actual Startup Time": 10871.729, "Actual Total Time": 10871.73, "Actual Rows": 1, "Actual Loops": 1, "Plans": [{"Node Type": "Nested Loop", "Parent Relationship": "Outer", "Join Type": "Inner", "Startup Cost": 4842.14, "Total Cost": 168607.45, "Plan Rows": 1413, "Plan Width": 64, "Actual Startup Time": 183.736, "Actual Total Time": 10828.733, "Actual Rows": 28073, "Actual Loops": 1, "Inner Unique": true, "Plans": [{"Node Type": "Nested Loop", "Parent Relationship": "Outer", "Join Type": "Inner", "Startup Cost": 4842.14, "Total Cost": 168028.19, "Plan Rows": 1155, "Plan Width": 68, "Actual Startup Time": 181.465, "Actual Total Time": 10439.312, "Actual Rows": 54155, "Actual Loops": 1, "Inner Unique": false, "Plans": [{"Node Type": "Nested Loop", "Parent Relationship": "Outer", "Join Type": "Inner", "Startup Cost": 4842.14, "Total Cost": 166966.55, "Plan Rows": 1044, "Plan Width": 76, "Actual Startup Time": 178.889, "Actual Total Time": 2614.121, "Actual Rows": 102516, "Actual Loops": 1, "Inner Unique": true, "Join Filter": "(mi.movie_id = t.id)", "Rows Removed by Join Filter": 0, "Plans": [{"Node Type": "Nested Loop", "Parent Relationship": "Outer", "Join Type": "Inner", "Startup Cost": 4842.14, "Total Cost": 166538.36, "Plan Rows": 1044, "Plan Width": 55, "Actual Startup Time": 178.871, "Actual Total Time": 2084.288, "Actual Rows": 102516, "Actual Loops": 1, "Inner Unique": false, "Join Filter": "(mi_idx.info_type_id = it2.id)", "Rows Removed by Join Filter": 205269, "Plans": [{"Node Type": "Index Scan", "Parent Relationship": "Outer", "Scan Direction": "Forward", "Index Name": "info_type_pkey", "Relation Name": "info_type", "Alias": "it2", "Startup Cost": 0.0, "Total Cost": 14.21, "Plan Rows": 1, "Plan Width": 4, "Actual Startup Time": 0.061, "Actual Total Time": 0.073, "Actual Rows": 1, "Actual Loops": 1, "Filter": "((info)::text = 'votes'::text)", "Rows Removed by Filter": 111}, {"Node Type": "Nested Loop", "Parent Relationship": "Inner", "Join Type": "Inner", "Startup Cost": 4842.14, "Total Cost": 166471.96, "Plan Rows": 4175, "Plan Width": 59, "Actual Startup Time": 178.797, "Actual Total Time": 1996.662, "Actual Rows": 307785, "Actual Loops": 1, "Inner Unique": false, "Plans": [{"Node Type": "Nested Loop", "Parent Relationship": "Outer", "Join Type": "Inner", "Startup Cost": 4842.14, "Total Cost": 164983.91, "Plan Rows": 2717, "Plan Width": 46, "Actual Startup Time": 178.766, "Actual Total Time": 1150.098, "Actual Rows": 186594, "Actual Loops": 1, "Inner Unique": false, "Plans": [{"Node Type": "Index Scan", "Parent Relationship": "Outer", "Scan Direction": "Forward", "Index Name": "info_type_pkey", "Relation Name": "info_type", "Alias": "it1", "Startup Cost": 0.0, "Total Cost": 14.21, "Plan Rows": 1, "Plan Width": 4, "Actual Startup Time": 0.009, "Actual Total Time": 0.157, "Actual Rows": 1, "Actual Loops": 1, "Filter": "((info)::text = 'genres'::text)", "Rows Removed by Filter": 111}, {"Node Type": "Bitmap Heap Scan", "Parent Relationship": "Inner", "Relation Name": "movie_info", "Alias": "mi", "Startup Cost": 4842.14, "Total Cost": 164942.53, "Plan Rows": 2717, "Plan Width": 50, "Actual Startup Time": 178.751, "Actual Total Time": 1106.147, "Actual Rows": 186594, "Actual Loops": 1, "Recheck Cond": "(info_type_id = it1.id)", "Rows Removed by Index Recheck": 0, "Filter": "((info)::text = ANY ('{Horror,Action,Sci-Fi,Thriller,Crime,War}'::text[]))", "Rows Removed by Filter": 1347315, "Exact Heap Blocks": 7426, "Lossy Heap Blocks": 7426, "Plans": [{"Node Type": "Bitmap Index Scan", "Parent Relationship": "Outer", "Index Name": "info_type_id_movie_info", "Startup Cost": 0.0, "Total Cost": 4841.46, "Plan Rows": 212428, "Plan Width": 0, "Actual Startup Time": 177.343, "Actual Total Time": 177.343, "Actual Rows": 1533909, "Actual Loops": 1, "Index Cond": "(info_type_id = it1.id)"}]}]}, {"Node Type": "Index Scan", "Parent Relationship": "Inner", "Scan Direction": "Forward", "Index Name": "movie_id_movie_info_idx", "Relation Name": "movie_info_idx", "Alias": "mi_idx", "Startup Cost": 0.0, "Total Cost": 0.53, "Plan Rows": 2, "Plan Width": 13, "Actual Startup Time": 549.734, "Actual Total Time": 669.064, "Actual Rows": 307785, "Actual Loops": 186594, "Index Cond": "(movie_id = mi.movie_id)", "Rows Removed by Index Recheck": 0}]}]}, {"Node Type": "Index Scan", "Parent Relationship": "Inner", "Scan Direction": "Forward", "Index Name": "title_pkey", "Relation Name": "title", "Alias": "t", "Startup Cost": 0.0, "Total Cost": 0.4, "Plan Rows": 1, "Plan Width": 21, "Actual Startup Time": 418.676, "Actual Total Time": 418.676, "Actual Rows": 102516, "Actual Loops": 102516, "Index Cond": "(id = mi_idx.movie_id)", "Rows Removed by Index Recheck": 0}]}, {"Node Type": "Index Scan", "Parent Relationship": "Inner", "Scan Direction": "Forward", "Index Name": "movie_id_cast_info", "Relation Name": "cast_info", "Alias": "ci", "Startup Cost": 0.0, "Total Cost": 1.01, "Plan Rows": 1, "Plan Width": 8, "Actual Startup Time": 6602.685, "Actual Total Time": 7750.361, "Actual Rows": 54155, "Actual Loops": 102516, "Index Cond": "(movie_id = t.id)", "Rows Removed by Index Recheck": 0, "Filter": "((note)::text = ANY ('{(writer),\"(head writer)\",\"(written by)\",(story),\"(story editor)\"}'::text[]))", "Rows Removed by Filter": 3987641}]}, {"Node Type": "Index Scan", "Parent Relationship": "Inner", "Scan Direction": "Forward", "Index Name": "name_pkey", "Relation Name": "name", "Alias": "n", "Startup Cost": 0.0, "Total Cost": 0.49, "Plan Rows": 1, "Plan Width": 4, "Actual Startup Time": 340.016, "Actual Total Time": 340.016, "Actual Rows": 28073, "Actual Loops": 54155, "Index Cond": "(id = ci.person_id)", "Rows Removed by Index Recheck": 0, "Filter": "((gender)::text = 'm'::text)", "Rows Removed by Filter": 26082}]}]}, "Triggers": [], "Planner Runtime": 7, "Total Runtime": 10872.055, "Unique SQL Id": 3913857139}}, "(64, 118)": {"explain_plan": {"Plan": {"Node Type": "Aggregate", "Strategy": "Plain", "Startup Cost": 102085.61, "Total Cost": 102085.62, "Plan Rows": 1, "Plan Width": 160, "Plans": [{"Node Type": "Nested Loop", "Parent Relationship": "Outer", "Join Type": "Inner", "Startup Cost": 1.48, "Total Cost": 102075.02, "Plan Rows": 1413, "Plan Width": 64, "Inner Unique": true, "Plans": [{"Node Type": "Nested Loop", "Parent Relationship": "Outer", "Join Type": "Inner", "Startup Cost": 1.17, "Total Cost": 97069.59, "Plan Rows": 1155, "Plan Width": 68, "Inner Unique": false, "Plans": [{"Node Type": "Nested Loop", "Parent Relationship": "Outer", "Join Type": "Inner", "Startup Cost": 0.65, "Total Cost": 92226.92, "Plan Rows": 1044, "Plan Width": 76, "Inner Unique": true, "Join Filter": "(mi.movie_id = t.id)", "Plans": [{"Node Type": "Nested Loop", "Parent Relationship": "Outer", "Join Type": "Inner", "Startup Cost": 0.37, "Total Cost": 87727.73, "Plan Rows": 1044, "Plan Width": 55, "Inner Unique": false, "Join Filter": "(mi_idx.info_type_id = it2.id)", "Plans": [{"Node Type": "Seq Scan", "Parent Relationship": "Outer", "Relation Name": "info_type", "Alias": "it2", "Startup Cost": 0.0, "Total Cost": 2.4, "Plan Rows": 1, "Plan Width": 4, "Filter": "((info)::text = 'votes'::text)"}, {"Node Type": "Nested Loop", "Parent Relationship": "Inner", "Join Type": "Inner", "Startup Cost": 0.37, "Total Cost": 87673.15, "Plan Rows": 4175, "Plan Width": 59, "Inner Unique": false, "Plans": [{"Node Type": "Nested Loop", "Parent Relationship": "Outer", "Join Type": "Inner", "Startup Cost": 0.0, "Total Cost": 75685.72, "Plan Rows": 2717, "Plan Width": 46, "Inner Unique": false, "Join Filter": "(it1.id = mi.info_type_id)", "Plans": [{"Node Type": "Seq Scan", "Parent Relationship": "Outer", "Relation Name": "info_type", "Alias": "it1", "Startup Cost": 0.0, "Total Cost": 2.4, "Plan Rows": 1, "Plan Width": 4, "Filter": "((info)::text = 'genres'::text)"}, {"Node Type": "Materialize", "Parent Relationship": "Inner", "Startup Cost": 0.0, "Total Cost": 73781.62, "Plan Rows": 190170, "Plan Width": 50, "Plans": [{"Node Type": "Streaming(type: LOCAL GATHER dop: 1/64)", "Parent Relationship": "Outer", "Startup Cost": 0.0, "Total Cost": 73306.19, "Plan Rows": 190170, "Plan Width": 50, "Plans": [{"Node Type": "Seq Scan", "Parent Relationship": "Outer", "Relation Name": "movie_info", "Alias": "mi", "Startup Cost": 0.0, "Total Cost": 69383.01, "Plan Rows": 190170, "Plan Width": 50, "Filter": "((info)::text = ANY ('{Horror,Action,Sci-Fi,Thriller,Crime,War}'::text[]))"}]}]}]}, {"Node Type": "Bitmap Heap Scan", "Parent Relationship": "Inner", "Relation Name": "movie_info_idx", "Alias": "mi_idx", "Startup Cost": 0.37, "Total Cost": 4.39, "Plan Rows": 2, "Plan Width": 13, "Recheck Cond": "(movie_id = mi.movie_id)", "Plans": [{"Node Type": "Bitmap Index Scan", "Parent Relationship": "Outer", "Index Name": "movie_id_movie_info_idx", "Startup Cost": 0.0, "Total Cost": 0.37, "Plan Rows": 2, "Plan Width": 0, "Index Cond": "(movie_id = mi.movie_id)"}]}]}]}, {"Node Type": "Bitmap Heap Scan", "Parent Relationship": "Inner", "Relation Name": "title", "Alias": "t", "Startup Cost": 0.28, "Total Cost": 4.3, "Plan Rows": 1, "Plan Width": 21, "Recheck Cond": "(id = mi_idx.movie_id)", "Plans": [{"Node Type": "Bitmap Index Scan", "Parent Relationship": "Outer", "Index Name": "title_pkey", "Startup Cost": 0.0, "Total Cost": 0.28, "Plan Rows": 1, "Plan Width": 0, "Index Cond": "(id = mi_idx.movie_id)"}]}]}, {"Node Type": "Bitmap Heap Scan", "Parent Relationship": "Inner", "Relation Name": "cast_info", "Alias": "ci", "Startup Cost": 0.52, "Total Cost": 4.63, "Plan Rows": 1, "Plan Width": 8, "Recheck Cond": "(movie_id = t.id)", "Filter": "((note)::text = ANY ('{(writer),\"(head writer)\",\"(written by)\",(story),\"(story editor)\"}'::text[]))", "Plans": [{"Node Type": "Bitmap Index Scan", "Parent Relationship": "Outer", "Index Name": "movie_id_cast_info", "Startup Cost": 0.0, "Total Cost": 0.52, "Plan Rows": 6, "Plan Width": 0, "Index Cond": "(movie_id = t.id)"}]}]}, {"Node Type": "Bitmap Heap Scan", "Parent Relationship": "Inner", "Relation Name": "name", "Alias": "n", "Startup Cost": 0.31, "Total Cost": 4.32, "Plan Rows": 1, "Plan Width": 4, "Recheck Cond": "(id = ci.person_id)", "Filter": "((gender)::text = 'm'::text)", "Plans": [{"Node Type": "Bitmap Index Scan", "Parent Relationship": "Outer", "Index Name": "name_pkey", "Startup Cost": 0.0, "Total Cost": 0.31, "Plan Rows": 1, "Plan Width": 0, "Index Cond": "(id = ci.person_id)"}]}]}]}, "Unique SQL Id": 3913857139, "Planner Runtime": 14}, "explain_analyze_plan": {"Plan": {"Node Type": "Aggregate", "Strategy": "Plain", "Startup Cost": 102085.61, "Total Cost": 102085.62, "Plan Rows": 1, "Plan Width": 160, "Actual Min Startup Time": 12795.071, "Actual Max Startup Time": 12795.071, "Actual Min Total Time": 12795.072, "Actual Max Total Time": 12795.072, "Plans": [{"Node Type": "Nested Loop", "Parent Relationship": "Outer", "Join Type": "Inner", "Startup Cost": 1.48, "Total Cost": 102075.02, "Plan Rows": 1413, "Plan Width": 64, "Actual Min Startup Time": 255.92, "Actual Max Startup Time": 255.92, "Actual Min Total Time": 12742.441, "Actual Max Total Time": 12742.441, "Inner Unique": true, "Plans": [{"Node Type": "Nested Loop", "Parent Relationship": "Outer", "Join Type": "Inner", "Startup Cost": 1.17, "Total Cost": 97069.59, "Plan Rows": 1155, "Plan Width": 68, "Actual Min Startup Time": 255.885, "Actual Max Startup Time": 255.885, "Actual Min Total Time": 12230.15, "Actual Max Total Time": 12230.15, "Inner Unique": false, "Plans": [{"Node Type": "Nested Loop", "Parent Relationship": "Outer", "Join Type": "Inner", "Startup Cost": 0.65, "Total Cost": 92226.92, "Plan Rows": 1044, "Plan Width": 76, "Actual Min Startup Time": 255.004, "Actual Max Startup Time": 255.004, "Actual Min Total Time": 2392.55, "Actual Max Total Time": 2392.55, "Inner Unique": true, "Join Filter": "(mi.movie_id = t.id)", "Rows Removed by Join Filter": 0, "Plans": [{"Node Type": "Nested Loop", "Parent Relationship": "Outer", "Join Type": "Inner", "Startup Cost": 0.37, "Total Cost": 87727.73, "Plan Rows": 1044, "Plan Width": 55, "Actual Min Startup Time": 254.971, "Actual Max Startup Time": 254.971, "Actual Min Total Time": 1640.713, "Actual Max Total Time": 1640.713, "Inner Unique": false, "Join Filter": "(mi_idx.info_type_id = it2.id)", "Rows Removed by Join Filter": 205269, "Plans": [{"Node Type": "Seq Scan", "Parent Relationship": "Outer", "Relation Name": "info_type", "Alias": "it2", "Startup Cost": 0.0, "Total Cost": 2.4, "Plan Rows": 1, "Plan Width": 4, "Actual Min Startup Time": 0.074, "Actual Max Startup Time": 0.074, "Actual Min Total Time": 0.094, "Actual Max Total Time": 0.094, "Filter": "((info)::text = 'votes'::text)", "Rows Removed by Filter": 111, "Actual Rows": 1}, {"Node Type": "Nested Loop", "Parent Relationship": "Inner", "Join Type": "Inner", "Startup Cost": 0.37, "Total Cost": 87673.15, "Plan Rows": 4175, "Plan Width": 59, "Actual Min Startup Time": 254.879, "Actual Max Startup Time": 254.879, "Actual Min Total Time": 1532.814, "Actual Max Total Time": 1532.814, "Inner Unique": false, "Plans": [{"Node Type": "Nested Loop", "Parent Relationship": "Outer", "Join Type": "Inner", "Startup Cost": 0.0, "Total Cost": 75685.72, "Plan Rows": 2717, "Plan Width": 46, "Actual Min Startup Time": 254.823, "Actual Max Startup Time": 254.823, "Actual Min Total Time": 374.825, "Actual Max Total Time": 374.825, "Inner Unique": false, "Join Filter": "(it1.id = mi.info_type_id)", "Rows Removed by Join Filter": 2377, "Plans": [{"Node Type": "Seq Scan", "Parent Relationship": "Outer", "Relation Name": "info_type", "Alias": "it1", "Startup Cost": 0.0, "Total Cost": 2.4, "Plan Rows": 1, "Plan Width": 4, "Actual Min Startup Time": 0.039, "Actual Max Startup Time": 0.039, "Actual Min Total Time": 0.092, "Actual Max Total Time": 0.092, "Filter": "((info)::text = 'genres'::text)", "Rows Removed by Filter": 111, "Actual Rows": 1}, {"Node Type": "Materialize", "Parent Relationship": "Inner", "Startup Cost": 0.0, "Total Cost": 73781.62, "Plan Rows": 190170, "Plan Width": 50, "Actual Min Startup Time": 254.72, "Actual Max Startup Time": 254.72, "Actual Min Total Time": 290.579, "Actual Max Total Time": 290.579, "Plans": [{"Node Type": "Streaming(type: LOCAL GATHER dop: 1/64)", "Parent Relationship": "Outer", "Startup Cost": 0.0, "Total Cost": 73306.19, "Plan Rows": 190170, "Plan Width": 50, "Actual Min Startup Time": 130.647, "Actual Max Startup Time": 130.647, "Actual Min Total Time": 227.023, "Actual Max Total Time": 227.023, "Plans": [{"Node Type": "Seq Scan", "Parent Relationship": "Outer", "Relation Name": "movie_info", "Alias": "mi", "Startup Cost": 0.0, "Total Cost": 69383.01, "Plan Rows": 190170, "Plan Width": 50, "Actual Min Startup Time": 62.103, "Actual Max Startup Time": 148.086, "Actual Min Total Time": 110.476, "Actual Max Total Time": 166.182, "Filter": "((info)::text = ANY ('{Horror,Action,Sci-Fi,Thriller,Crime,War}'::text[]))", "Rows Removed by Filter": 14646748, "Actual Rows": 188971}], "Actual Rows": 188971}], "Actual Rows": 188972}], "Actual Rows": 186594}, {"Node Type": "Bitmap Heap Scan", "Parent Relationship": "Inner", "Relation Name": "movie_info_idx", "Alias": "mi_idx", "Startup Cost": 0.37, "Total Cost": 4.39, "Plan Rows": 2, "Plan Width": 13, "Actual Min Startup Time": 788.351, "Actual Max Startup Time": 788.351, "Actual Min Total Time": 833.998, "Actual Max Total Time": 833.998, "Recheck Cond": "(movie_id = mi.movie_id)", "Rows Removed by Index Recheck": 0, "Exact Heap Blocks": 103610, "Lossy Heap Blocks": 103610, "Plans": [{"Node Type": "Bitmap Index Scan", "Parent Relationship": "Outer", "Index Name": "movie_id_movie_info_idx", "Startup Cost": 0.0, "Total Cost": 0.37, "Plan Rows": 2, "Plan Width": 0, "Actual Min Startup Time": 539.893, "Actual Max Startup Time": 539.893, "Actual Min Total Time": 539.893, "Actual Max Total Time": 539.893, "Index Cond": "(movie_id = mi.movie_id)", "Actual Rows": 307785}], "Actual Rows": 307785}], "Actual Rows": 307785}], "Actual Rows": 102516}, {"Node Type": "Bitmap Heap Scan", "Parent Relationship": "Inner", "Relation Name": "title", "Alias": "t", "Startup Cost": 0.28, "Total Cost": 4.3, "Plan Rows": 1, "Plan Width": 21, "Actual Min Startup Time": 570.977, "Actual Max Startup Time": 570.977, "Actual Min Total Time": 570.977, "Actual Max Total Time": 570.977, "Recheck Cond": "(id = mi_idx.movie_id)", "Rows Removed by Index Recheck": 0, "Exact Heap Blocks": 102516, "Lossy Heap Blocks": 102516, "Plans": [{"Node Type": "Bitmap Index Scan", "Parent Relationship": "Outer", "Index Name": "title_pkey", "Startup Cost": 0.0, "Total Cost": 0.28, "Plan Rows": 1, "Plan Width": 0, "Actual Min Startup Time": 311.845, "Actual Max Startup Time": 311.845, "Actual Min Total Time": 311.845, "Actual Max Total Time": 311.845, "Index Cond": "(id = mi_idx.movie_id)", "Actual Rows": 102516}], "Actual Rows": 102516}], "Actual Rows": 102516}, {"Node Type": "Bitmap Heap Scan", "Parent Relationship": "Inner", "Relation Name": "cast_info", "Alias": "ci", "Startup Cost": 0.52, "Total Cost": 4.63, "Plan Rows": 1, "Plan Width": 8, "Actual Min Startup Time": 8376.865, "Actual Max Startup Time": 8376.865, "Actual Min Total Time": 9670.439, "Actual Max Total Time": 9670.439, "Recheck Cond": "(movie_id = t.id)", "Rows Removed by Index Recheck": 0, "Filter": "((note)::text = ANY ('{(writer),\"(head writer)\",\"(written by)\",(story),\"(story editor)\"}'::text[]))", "Rows Removed by Filter": 3987641, "Exact Heap Blocks": 3901088, "Lossy Heap Blocks": 3901088, "Plans": [{"Node Type": "Bitmap Index Scan", "Parent Relationship": "Outer", "Index Name": "movie_id_cast_info", "Startup Cost": 0.0, "Total Cost": 0.52, "Plan Rows": 6, "Plan Width": 0, "Actual Min Startup Time": 1074.667, "Actual Max Startup Time": 1074.667, "Actual Min Total Time": 1074.667, "Actual Max Total Time": 1074.667, "Index Cond": "(movie_id = t.id)", "Actual Rows": 4041796}], "Actual Rows": 54155}], "Actual Rows": 54155}, {"Node Type": "Bitmap Heap Scan", "Parent Relationship": "Inner", "Relation Name": "name", "Alias": "n", "Startup Cost": 0.31, "Total Cost": 4.32, "Plan Rows": 1, "Plan Width": 4, "Actual Min Startup Time": 421.327, "Actual Max Startup Time": 421.327, "Actual Min Total Time": 421.327, "Actual Max Total Time": 421.327, "Recheck Cond": "(id = ci.person_id)", "Rows Removed by Index Recheck": 0, "Filter": "((gender)::text = 'm'::text)", "Rows Removed by Filter": 26082, "Exact Heap Blocks": 54155, "Lossy Heap Blocks": 54155, "Plans": [{"Node Type": "Bitmap Index Scan", "Parent Relationship": "Outer", "Index Name": "name_pkey", "Startup Cost": 0.0, "Total Cost": 0.31, "Plan Rows": 1, "Plan Width": 0, "Actual Min Startup Time": 263.996, "Actual Max Startup Time": 263.996, "Actual Min Total Time": 263.996, "Actual Max Total Time": 263.996, "Index Cond": "(id = ci.person_id)", "Actual Rows": 54155}], "Actual Rows": 28073}], "Actual Rows": 28073}], "Actual Rows": 1}, "Triggers": [], "Planner Runtime": 14, "Total Runtime": 12807.1, "Unique SQL Id": 3913857139}}, "(64, 119)": {"explain_plan": {"Plan": {"Node Type": "Aggregate", "Strategy": "Plain", "Startup Cost": 191395.62, "Total Cost": 191395.63, "Plan Rows": 1, "Plan Width": 160, "Plans": [{"Node Type": "Nested Loop", "Parent Relationship": "Outer", "Join Type": "Inner", "Startup Cost": 4861.24, "Total Cost": 191385.02, "Plan Rows": 1413, "Plan Width": 64, "Inner Unique": true, "Plans": [{"Node Type": "Nested Loop", "Parent Relationship": "Outer", "Join Type": "Inner", "Startup Cost": 4860.93, "Total Cost": 186379.6, "Plan Rows": 1155, "Plan Width": 68, "Inner Unique": false, "Plans": [{"Node Type": "Nested Loop", "Parent Relationship": "Outer", "Join Type": "Inner", "Startup Cost": 4860.41, "Total Cost": 181536.93, "Plan Rows": 1044, "Plan Width": 76, "Inner Unique": true, "Join Filter": "(mi.movie_id = t.id)", "Plans": [{"Node Type": "Nested Loop", "Parent Relationship": "Outer", "Join Type": "Inner", "Startup Cost": 4860.13, "Total Cost": 177037.74, "Plan Rows": 1044, "Plan Width": 55, "Inner Unique": false, "Join Filter": "(mi_idx.info_type_id = it2.id)", "Plans": [{"Node Type": "Bitmap Heap Scan", "Parent Relationship": "Outer", "Relation Name": "info_type", "Alias": "it2", "Startup Cost": 8.81, "Total Cost": 14.21, "Plan Rows": 1, "Plan Width": 4, "Filter": "((info)::text = 'votes'::text)", "Plans": [{"Node Type": "Bitmap Index Scan", "Parent Relationship": "Outer", "Index Name": "info_type_pkey", "Startup Cost": 0.0, "Total Cost": 8.81, "Plan Rows": 112, "Plan Width": 0}]}, {"Node Type": "Nested Loop", "Parent Relationship": "Inner", "Join Type": "Inner", "Startup Cost": 4851.32, "Total Cost": 176971.34, "Plan Rows": 4175, "Plan Width": 59, "Inner Unique": false, "Plans": [{"Node Type": "Nested Loop", "Parent Relationship": "Outer", "Join Type": "Inner", "Startup Cost": 4850.95, "Total Cost": 164983.91, "Plan Rows": 2717, "Plan Width": 46, "Inner Unique": false, "Plans": [{"Node Type": "Bitmap Heap Scan", "Parent Relationship": "Outer", "Relation Name": "info_type", "Alias": "it1", "Startup Cost": 8.81, "Total Cost": 14.21, "Plan Rows": 1, "Plan Width": 4, "Filter": "((info)::text = 'genres'::text)", "Plans": [{"Node Type": "Bitmap Index Scan", "Parent Relationship": "Outer", "Index Name": "info_type_pkey", "Startup Cost": 0.0, "Total Cost": 8.81, "Plan Rows": 112, "Plan Width": 0}]}, {"Node Type": "Bitmap Heap Scan", "Parent Relationship": "Inner", "Relation Name": "movie_info", "Alias": "mi", "Startup Cost": 4842.14, "Total Cost": 164942.53, "Plan Rows": 2717, "Plan Width": 50, "Recheck Cond": "(info_type_id = it1.id)", "Filter": "((info)::text = ANY ('{Horror,Action,Sci-Fi,Thriller,Crime,War}'::text[]))", "Plans": [{"Node Type": "Bitmap Index Scan", "Parent Relationship": "Outer", "Index Name": "info_type_id_movie_info", "Startup Cost": 0.0, "Total Cost": 4841.46, "Plan Rows": 212428, "Plan Width": 0, "Index Cond": "(info_type_id = it1.id)"}]}]}, {"Node Type": "Bitmap Heap Scan", "Parent Relationship": "Inner", "Relation Name": "movie_info_idx", "Alias": "mi_idx", "Startup Cost": 0.37, "Total Cost": 4.39, "Plan Rows": 2, "Plan Width": 13, "Recheck Cond": "(movie_id = mi.movie_id)", "Plans": [{"Node Type": "Bitmap Index Scan", "Parent Relationship": "Outer", "Index Name": "movie_id_movie_info_idx", "Startup Cost": 0.0, "Total Cost": 0.37, "Plan Rows": 2, "Plan Width": 0, "Index Cond": "(movie_id = mi.movie_id)"}]}]}]}, {"Node Type": "Bitmap Heap Scan", "Parent Relationship": "Inner", "Relation Name": "title", "Alias": "t", "Startup Cost": 0.28, "Total Cost": 4.3, "Plan Rows": 1, "Plan Width": 21, "Recheck Cond": "(id = mi_idx.movie_id)", "Plans": [{"Node Type": "Bitmap Index Scan", "Parent Relationship": "Outer", "Index Name": "title_pkey", "Startup Cost": 0.0, "Total Cost": 0.28, "Plan Rows": 1, "Plan Width": 0, "Index Cond": "(id = mi_idx.movie_id)"}]}]}, {"Node Type": "Bitmap Heap Scan", "Parent Relationship": "Inner", "Relation Name": "cast_info", "Alias": "ci", "Startup Cost": 0.52, "Total Cost": 4.63, "Plan Rows": 1, "Plan Width": 8, "Recheck Cond": "(movie_id = t.id)", "Filter": "((note)::text = ANY ('{(writer),\"(head writer)\",\"(written by)\",(story),\"(story editor)\"}'::text[]))", "Plans": [{"Node Type": "Bitmap Index Scan", "Parent Relationship": "Outer", "Index Name": "movie_id_cast_info", "Startup Cost": 0.0, "Total Cost": 0.52, "Plan Rows": 6, "Plan Width": 0, "Index Cond": "(movie_id = t.id)"}]}]}, {"Node Type": "Bitmap Heap Scan", "Parent Relationship": "Inner", "Relation Name": "name", "Alias": "n", "Startup Cost": 0.31, "Total Cost": 4.32, "Plan Rows": 1, "Plan Width": 4, "Recheck Cond": "(id = ci.person_id)", "Filter": "((gender)::text = 'm'::text)", "Plans": [{"Node Type": "Bitmap Index Scan", "Parent Relationship": "Outer", "Index Name": "name_pkey", "Startup Cost": 0.0, "Total Cost": 0.31, "Plan Rows": 1, "Plan Width": 0, "Index Cond": "(id = ci.person_id)"}]}]}]}, "Unique SQL Id": 3913857139, "Planner Runtime": 8}, "explain_analyze_plan": {"Plan": {"Node Type": "Aggregate", "Strategy": "Plain", "Startup Cost": 191395.62, "Total Cost": 191395.63, "Plan Rows": 1, "Plan Width": 160, "Actual Startup Time": 13580.726, "Actual Total Time": 13580.726, "Actual Rows": 1, "Actual Loops": 1, "Plans": [{"Node Type": "Nested Loop", "Parent Relationship": "Outer", "Join Type": "Inner", "Startup Cost": 4861.24, "Total Cost": 191385.02, "Plan Rows": 1413, "Plan Width": 64, "Actual Startup Time": 182.856, "Actual Total Time": 13524.954, "Actual Rows": 28073, "Actual Loops": 1, "Inner Unique": true, "Plans": [{"Node Type": "Nested Loop", "Parent Relationship": "Outer", "Join Type": "Inner", "Startup Cost": 4860.93, "Total Cost": 186379.6, "Plan Rows": 1155, "Plan Width": 68, "Actual Startup Time": 180.203, "Actual Total Time": 13012.912, "Actual Rows": 54155, "Actual Loops": 1, "Inner Unique": false, "Plans": [{"Node Type": "Nested Loop", "Parent Relationship": "Outer", "Join Type": "Inner", "Startup Cost": 4860.41, "Total Cost": 181536.93, "Plan Rows": 1044, "Plan Width": 76, "Actual Startup Time": 177.143, "Actual Total Time": 3136.935, "Actual Rows": 102516, "Actual Loops": 1, "Inner Unique": true, "Join Filter": "(mi.movie_id = t.id)", "Rows Removed by Join Filter": 0, "Plans": [{"Node Type": "Nested Loop", "Parent Relationship": "Outer", "Join Type": "Inner", "Startup Cost": 4860.13, "Total Cost": 177037.74, "Plan Rows": 1044, "Plan Width": 55, "Actual Startup Time": 177.118, "Actual Total Time": 2402.755, "Actual Rows": 102516, "Actual Loops": 1, "Inner Unique": false, "Join Filter": "(mi_idx.info_type_id = it2.id)", "Rows Removed by Join Filter": 205269, "Plans": [{"Node Type": "Bitmap Heap Scan", "Parent Relationship": "Outer", "Relation Name": "info_type", "Alias": "it2", "Startup Cost": 8.81, "Total Cost": 14.21, "Plan Rows": 1, "Plan Width": 4, "Actual Startup Time": 0.081, "Actual Total Time": 0.085, "Actual Rows": 1, "Actual Loops": 1, "Filter": "((info)::text = 'votes'::text)", "Rows Removed by Filter": 111, "Exact Heap Blocks": 1, "Lossy Heap Blocks": 1, "Plans": [{"Node Type": "Bitmap Index Scan", "Parent Relationship": "Outer", "Index Name": "info_type_pkey", "Startup Cost": 0.0, "Total Cost": 8.81, "Plan Rows": 112, "Plan Width": 0, "Actual Startup Time": 0.019, "Actual Total Time": 0.019, "Actual Rows": 112, "Actual Loops": 1}]}, {"Node Type": "Nested Loop", "Parent Relationship": "Inner", "Join Type": "Inner", "Startup Cost": 4851.32, "Total Cost": 176971.34, "Plan Rows": 4175, "Plan Width": 59, "Actual Startup Time": 177.024, "Actual Total Time": 2302.393, "Actual Rows": 307785, "Actual Loops": 1, "Inner Unique": false, "Plans": [{"Node Type": "Nested Loop", "Parent Relationship": "Outer", "Join Type": "Inner", "Startup Cost": 4850.95, "Total Cost": 164983.91, "Plan Rows": 2717, "Plan Width": 46, "Actual Startup Time": 176.982, "Actual Total Time": 1162.537, "Actual Rows": 186594, "Actual Loops": 1, "Inner Unique": false, "Plans": [{"Node Type": "Bitmap Heap Scan", "Parent Relationship": "Outer", "Relation Name": "info_type", "Alias": "it1", "Startup Cost": 8.81, "Total Cost": 14.21, "Plan Rows": 1, "Plan Width": 4, "Actual Startup Time": 0.031, "Actual Total Time": 0.059, "Actual Rows": 1, "Actual Loops": 1, "Filter": "((info)::text = 'genres'::text)", "Rows Removed by Filter": 111, "Exact Heap Blocks": 1, "Lossy Heap Blocks": 1, "Plans": [{"Node Type": "Bitmap Index Scan", "Parent Relationship": "Outer", "Index Name": "info_type_pkey", "Startup Cost": 0.0, "Total Cost": 8.81, "Plan Rows": 112, "Plan Width": 0, "Actual Startup Time": 0.008, "Actual Total Time": 0.008, "Actual Rows": 112, "Actual Loops": 1}]}, {"Node Type": "Bitmap Heap Scan", "Parent Relationship": "Inner", "Relation Name": "movie_info", "Alias": "mi", "Startup Cost": 4842.14, "Total Cost": 164942.53, "Plan Rows": 2717, "Plan Width": 50, "Actual Startup Time": 176.947, "Actual Total Time": 1117.951, "Actual Rows": 186594, "Actual Loops": 1, "Recheck Cond": "(info_type_id = it1.id)", "Rows Removed by Index Recheck": 0, "Filter": "((info)::text = ANY ('{Horror,Action,Sci-Fi,Thriller,Crime,War}'::text[]))", "Rows Removed by Filter": 1347315, "Exact Heap Blocks": 7426, "Lossy Heap Blocks": 7426, "Plans": [{"Node Type": "Bitmap Index Scan", "Parent Relationship": "Outer", "Index Name": "info_type_id_movie_info", "Startup Cost": 0.0, "Total Cost": 4841.46, "Plan Rows": 212428, "Plan Width": 0, "Actual Startup Time": 175.581, "Actual Total Time": 175.581, "Actual Rows": 1533909, "Actual Loops": 1, "Index Cond": "(info_type_id = it1.id)"}]}]}, {"Node Type": "Bitmap Heap Scan", "Parent Relationship": "Inner", "Relation Name": "movie_info_idx", "Alias": "mi_idx", "Startup Cost": 0.37, "Total Cost": 4.39, "Plan Rows": 2, "Plan Width": 13, "Actual Startup Time": 777.609, "Actual Total Time": 823.786, "Actual Rows": 307785, "Actual Loops": 186594, "Recheck Cond": "(movie_id = mi.movie_id)", "Rows Removed by Index Recheck": 0, "Exact Heap Blocks": 103610, "Lossy Heap Blocks": 103610, "Plans": [{"Node Type": "Bitmap Index Scan", "Parent Relationship": "Outer", "Index Name": "movie_id_movie_info_idx", "Startup Cost": 0.0, "Total Cost": 0.37, "Plan Rows": 2, "Plan Width": 0, "Actual Startup Time": 528.311, "Actual Total Time": 528.311, "Actual Rows": 307785, "Actual Loops": 186594, "Index Cond": "(movie_id = mi.movie_id)"}]}]}]}, {"Node Type": "Bitmap Heap Scan", "Parent Relationship": "Inner", "Relation Name": "title", "Alias": "t", "Startup Cost": 0.28, "Total Cost": 4.3, "Plan Rows": 1, "Plan Width": 21, "Actual Startup Time": 553.231, "Actual Total Time": 553.231, "Actual Rows": 102516, "Actual Loops": 102516, "Recheck Cond": "(id = mi_idx.movie_id)", "Rows Removed by Index Recheck": 0, "Exact Heap Blocks": 102516, "Lossy Heap Blocks": 102516, "Plans": [{"Node Type": "Bitmap Index Scan", "Parent Relationship": "Outer", "Index Name": "title_pkey", "Startup Cost": 0.0, "Total Cost": 0.28, "Plan Rows": 1, "Plan Width": 0, "Actual Startup Time": 303.255, "Actual Total Time": 303.255, "Actual Rows": 102516, "Actual Loops": 102516, "Index Cond": "(id = mi_idx.movie_id)"}]}]}, {"Node Type": "Bitmap Heap Scan", "Parent Relationship": "Inner", "Relation Name": "cast_info", "Alias": "ci", "Startup Cost": 0.52, "Total Cost": 4.63, "Plan Rows": 1, "Plan Width": 8, "Actual Startup Time": 8405.75, "Actual Total Time": 9708.17, "Actual Rows": 54155, "Actual Loops": 102516, "Recheck Cond": "(movie_id = t.id)", "Rows Removed by Index Recheck": 0, "Filter": "((note)::text = ANY ('{(writer),\"(head writer)\",\"(written by)\",(story),\"(story editor)\"}'::text[]))", "Rows Removed by Filter": 3987641, "Exact Heap Blocks": 3901088, "Lossy Heap Blocks": 3901088, "Plans": [{"Node Type": "Bitmap Index Scan", "Parent Relationship": "Outer", "Index Name": "movie_id_cast_info", "Startup Cost": 0.0, "Total Cost": 0.52, "Plan Rows": 6, "Plan Width": 0, "Actual Startup Time": 1067.615, "Actual Total Time": 1067.615, "Actual Rows": 4041796, "Actual Loops": 102516, "Index Cond": "(movie_id = t.id)"}]}]}, {"Node Type": "Bitmap Heap Scan", "Parent Relationship": "Inner", "Relation Name": "name", "Alias": "n", "Startup Cost": 0.31, "Total Cost": 4.32, "Plan Rows": 1, "Plan Width": 4, "Actual Startup Time": 417.007, "Actual Total Time": 417.007, "Actual Rows": 28073, "Actual Loops": 54155, "Recheck Cond": "(id = ci.person_id)", "Rows Removed by Index Recheck": 0, "Filter": "((gender)::text = 'm'::text)", "Rows Removed by Filter": 26082, "Exact Heap Blocks": 54155, "Lossy Heap Blocks": 54155, "Plans": [{"Node Type": "Bitmap Index Scan", "Parent Relationship": "Outer", "Index Name": "name_pkey", "Startup Cost": 0.0, "Total Cost": 0.31, "Plan Rows": 1, "Plan Width": 0, "Actual Startup Time": 263.412, "Actual Total Time": 263.412, "Actual Rows": 54155, "Actual Loops": 54155, "Index Cond": "(id = ci.person_id)"}]}]}]}, "Triggers": [], "Planner Runtime": 8, "Total Runtime": 13581.043, "Unique SQL Id": 3913857139}}, "(64, 120)": {"explain_plan": {"Plan": {"Node Type": "Aggregate", "Strategy": "Plain", "Startup Cost": 79308.04, "Total Cost": 79308.05, "Plan Rows": 1, "Plan Width": 160, "Plans": [{"Node Type": "Nested Loop", "Parent Relationship": "Outer", "Join Type": "Inner", "Startup Cost": 0.0, "Total Cost": 79297.45, "Plan Rows": 1413, "Plan Width": 64, "Inner Unique": true, "Plans": [{"Node Type": "Nested Loop", "Parent Relationship": "Outer", "Join Type": "Inner", "Startup Cost": 0.0, "Total Cost": 78718.18, "Plan Rows": 1155, "Plan Width": 68, "Inner Unique": false, "Plans": [{"Node Type": "Nested Loop", "Parent Relationship": "Outer", "Join Type": "Inner", "Startup Cost": 0.0, "Total Cost": 77656.55, "Plan Rows": 1044, "Plan Width": 76, "Inner Unique": true, "Join Filter": "(mi.movie_id = t.id)", "Plans": [{"Node Type": "Nested Loop", "Parent Relationship": "Outer", "Join Type": "Inner", "Startup Cost": 0.0, "Total Cost": 77228.36, "Plan Rows": 1044, "Plan Width": 55, "Inner Unique": false, "Join Filter": "(mi_idx.info_type_id = it2.id)", "Plans": [{"Node Type": "Seq Scan", "Parent Relationship": "Outer", "Relation Name": "info_type", "Alias": "it2", "Startup Cost": 0.0, "Total Cost": 2.4, "Plan Rows": 1, "Plan Width": 4, "Filter": "((info)::text = 'votes'::text)"}, {"Node Type": "Nested Loop", "Parent Relationship": "Inner", "Join Type": "Inner", "Startup Cost": 0.0, "Total Cost": 77173.77, "Plan Rows": 4175, "Plan Width": 59, "Inner Unique": false, "Plans": [{"Node Type": "Nested Loop", "Parent Relationship": "Outer", "Join Type": "Inner", "Startup Cost": 0.0, "Total Cost": 75685.72, "Plan Rows": 2717, "Plan Width": 46, "Inner Unique": false, "Join Filter": "(it1.id = mi.info_type_id)", "Plans": [{"Node Type": "Seq Scan", "Parent Relationship": "Outer", "Relation Name": "info_type", "Alias": "it1", "Startup Cost": 0.0, "Total Cost": 2.4, "Plan Rows": 1, "Plan Width": 4, "Filter": "((info)::text = 'genres'::text)"}, {"Node Type": "Materialize", "Parent Relationship": "Inner", "Startup Cost": 0.0, "Total Cost": 73781.62, "Plan Rows": 190170, "Plan Width": 50, "Plans": [{"Node Type": "Streaming(type: LOCAL GATHER dop: 1/64)", "Parent Relationship": "Outer", "Startup Cost": 0.0, "Total Cost": 73306.19, "Plan Rows": 190170, "Plan Width": 50, "Plans": [{"Node Type": "Seq Scan", "Parent Relationship": "Outer", "Relation Name": "movie_info", "Alias": "mi", "Startup Cost": 0.0, "Total Cost": 69383.01, "Plan Rows": 190170, "Plan Width": 50, "Filter": "((info)::text = ANY ('{Horror,Action,Sci-Fi,Thriller,Crime,War}'::text[]))"}]}]}]}, {"Node Type": "Index Scan", "Parent Relationship": "Inner", "Scan Direction": "Forward", "Index Name": "movie_id_movie_info_idx", "Relation Name": "movie_info_idx", "Alias": "mi_idx", "Startup Cost": 0.0, "Total Cost": 0.53, "Plan Rows": 2, "Plan Width": 13, "Index Cond": "(movie_id = mi.movie_id)"}]}]}, {"Node Type": "Index Scan", "Parent Relationship": "Inner", "Scan Direction": "Forward", "Index Name": "title_pkey", "Relation Name": "title", "Alias": "t", "Startup Cost": 0.0, "Total Cost": 0.4, "Plan Rows": 1, "Plan Width": 21, "Index Cond": "(id = mi_idx.movie_id)"}]}, {"Node Type": "Index Scan", "Parent Relationship": "Inner", "Scan Direction": "Forward", "Index Name": "movie_id_cast_info", "Relation Name": "cast_info", "Alias": "ci", "Startup Cost": 0.0, "Total Cost": 1.01, "Plan Rows": 1, "Plan Width": 8, "Index Cond": "(movie_id = t.id)", "Filter": "((note)::text = ANY ('{(writer),\"(head writer)\",\"(written by)\",(story),\"(story editor)\"}'::text[]))"}]}, {"Node Type": "Index Scan", "Parent Relationship": "Inner", "Scan Direction": "Forward", "Index Name": "name_pkey", "Relation Name": "name", "Alias": "n", "Startup Cost": 0.0, "Total Cost": 0.49, "Plan Rows": 1, "Plan Width": 4, "Index Cond": "(id = ci.person_id)", "Filter": "((gender)::text = 'm'::text)"}]}]}, "Unique SQL Id": 3913857139, "Planner Runtime": 7}, "explain_analyze_plan": {"Plan": {"Node Type": "Aggregate", "Strategy": "Plain", "Startup Cost": 79308.04, "Total Cost": 79308.05, "Plan Rows": 1, "Plan Width": 160, "Actual Min Startup Time": 10680.124, "Actual Max Startup Time": 10680.124, "Actual Min Total Time": 10680.125, "Actual Max Total Time": 10680.125, "Plans": [{"Node Type": "Nested Loop", "Parent Relationship": "Outer", "Join Type": "Inner", "Startup Cost": 0.0, "Total Cost": 79297.45, "Plan Rows": 1413, "Plan Width": 64, "Actual Min Startup Time": 249.693, "Actual Max Startup Time": 249.693, "Actual Min Total Time": 10641.432, "Actual Max Total Time": 10641.432, "Inner Unique": true, "Plans": [{"Node Type": "Nested Loop", "Parent Relationship": "Outer", "Join Type": "Inner", "Startup Cost": 0.0, "Total Cost": 78718.18, "Plan Rows": 1155, "Plan Width": 68, "Actual Min Startup Time": 247.969, "Actual Max Startup Time": 247.969, "Actual Min Total Time": 10246.003, "Actual Max Total Time": 10246.003, "Inner Unique": false, "Plans": [{"Node Type": "Nested Loop", "Parent Relationship": "Outer", "Join Type": "Inner", "Startup Cost": 0.0, "Total Cost": 77656.55, "Plan Rows": 1044, "Plan Width": 76, "Actual Min Startup Time": 247.349, "Actual Max Startup Time": 247.349, "Actual Min Total Time": 1811.85, "Actual Max Total Time": 1811.85, "Inner Unique": true, "Join Filter": "(mi.movie_id = t.id)", "Rows Removed by Join Filter": 0, "Plans": [{"Node Type": "Nested Loop", "Parent Relationship": "Outer", "Join Type": "Inner", "Startup Cost": 0.0, "Total Cost": 77228.36, "Plan Rows": 1044, "Plan Width": 55, "Actual Min Startup Time": 247.331, "Actual Max Startup Time": 247.331, "Actual Min Total Time": 1273.326, "Actual Max Total Time": 1273.326, "Inner Unique": false, "Join Filter": "(mi_idx.info_type_id = it2.id)", "Rows Removed by Join Filter": 205269, "Plans": [{"Node Type": "Seq Scan", "Parent Relationship": "Outer", "Relation Name": "info_type", "Alias": "it2", "Startup Cost": 0.0, "Total Cost": 2.4, "Plan Rows": 1, "Plan Width": 4, "Actual Min Startup Time": 0.086, "Actual Max Startup Time": 0.086, "Actual Min Total Time": 0.096, "Actual Max Total Time": 0.096, "Filter": "((info)::text = 'votes'::text)", "Rows Removed by Filter": 111, "Actual Rows": 1}, {"Node Type": "Nested Loop", "Parent Relationship": "Inner", "Join Type": "Inner", "Startup Cost": 0.0, "Total Cost": 77173.77, "Plan Rows": 4175, "Plan Width": 59, "Actual Min Startup Time": 247.225, "Actual Max Startup Time": 247.225, "Actual Min Total Time": 1183.67, "Actual Max Total Time": 1183.67, "Inner Unique": false, "Plans": [{"Node Type": "Nested Loop", "Parent Relationship": "Outer", "Join Type": "Inner", "Startup Cost": 0.0, "Total Cost": 75685.72, "Plan Rows": 2717, "Plan Width": 46, "Actual Min Startup Time": 247.195, "Actual Max Startup Time": 247.195, "Actual Min Total Time": 356.202, "Actual Max Total Time": 356.202, "Inner Unique": false, "Join Filter": "(it1.id = mi.info_type_id)", "Rows Removed by Join Filter": 2377, "Plans": [{"Node Type": "Seq Scan", "Parent Relationship": "Outer", "Relation Name": "info_type", "Alias": "it1", "Startup Cost": 0.0, "Total Cost": 2.4, "Plan Rows": 1, "Plan Width": 4, "Actual Min Startup Time": 0.047, "Actual Max Startup Time": 0.047, "Actual Min Total Time": 0.081, "Actual Max Total Time": 0.081, "Filter": "((info)::text = 'genres'::text)", "Rows Removed by Filter": 111, "Actual Rows": 1}, {"Node Type": "Materialize", "Parent Relationship": "Inner", "Startup Cost": 0.0, "Total Cost": 73781.62, "Plan Rows": 190170, "Plan Width": 50, "Actual Min Startup Time": 247.015, "Actual Max Startup Time": 247.015, "Actual Min Total Time": 279.819, "Actual Max Total Time": 279.819, "Plans": [{"Node Type": "Streaming(type: LOCAL GATHER dop: 1/64)", "Parent Relationship": "Outer", "Startup Cost": 0.0, "Total Cost": 73306.19, "Plan Rows": 190170, "Plan Width": 50, "Actual Min Startup Time": 127.593, "Actual Max Startup Time": 127.593, "Actual Min Total Time": 219.435, "Actual Max Total Time": 219.435, "Plans": [{"Node Type": "Seq Scan", "Parent Relationship": "Outer", "Relation Name": "movie_info", "Alias": "mi", "Startup Cost": 0.0, "Total Cost": 69383.01, "Plan Rows": 190170, "Plan Width": 50, "Actual Min Startup Time": 55.284, "Actual Max Startup Time": 120.939, "Actual Min Total Time": 110.672, "Actual Max Total Time": 131.365, "Filter": "((info)::text = ANY ('{Horror,Action,Sci-Fi,Thriller,Crime,War}'::text[]))", "Rows Removed by Filter": 14646748, "Actual Rows": 188971}], "Actual Rows": 188971}], "Actual Rows": 188972}], "Actual Rows": 186594}, {"Node Type": "Index Scan", "Parent Relationship": "Inner", "Scan Direction": "Forward", "Index Name": "movie_id_movie_info_idx", "Relation Name": "movie_info_idx", "Alias": "mi_idx", "Startup Cost": 0.0, "Total Cost": 0.53, "Plan Rows": 2, "Plan Width": 13, "Actual Min Startup Time": 538.447, "Actual Max Startup Time": 538.447, "Actual Min Total Time": 656.885, "Actual Max Total Time": 656.885, "Index Cond": "(movie_id = mi.movie_id)", "Rows Removed by Index Recheck": 0, "Actual Rows": 307785}], "Actual Rows": 307785}], "Actual Rows": 102516}, {"Node Type": "Index Scan", "Parent Relationship": "Inner", "Scan Direction": "Forward", "Index Name": "title_pkey", "Relation Name": "title", "Alias": "t", "Startup Cost": 0.0, "Total Cost": 0.4, "Plan Rows": 1, "Plan Width": 21, "Actual Min Startup Time": 432.22, "Actual Max Startup Time": 432.22, "Actual Min Total Time": 432.22, "Actual Max Total Time": 432.22, "Index Cond": "(id = mi_idx.movie_id)", "Rows Removed by Index Recheck": 0, "Actual Rows": 102516}], "Actual Rows": 102516}, {"Node Type": "Index Scan", "Parent Relationship": "Inner", "Scan Direction": "Forward", "Index Name": "movie_id_cast_info", "Relation Name": "cast_info", "Alias": "ci", "Startup Cost": 0.0, "Total Cost": 1.01, "Plan Rows": 1, "Plan Width": 8, "Actual Min Startup Time": 7123.336, "Actual Max Startup Time": 7123.336, "Actual Min Total Time": 8361.98, "Actual Max Total Time": 8361.98, "Index Cond": "(movie_id = t.id)", "Rows Removed by Index Recheck": 0, "Filter": "((note)::text = ANY ('{(writer),\"(head writer)\",\"(written by)\",(story),\"(story editor)\"}'::text[]))", "Rows Removed by Filter": 3987641, "Actual Rows": 54155}], "Actual Rows": 54155}, {"Node Type": "Index Scan", "Parent Relationship": "Inner", "Scan Direction": "Forward", "Index Name": "name_pkey", "Relation Name": "name", "Alias": "n", "Startup Cost": 0.0, "Total Cost": 0.49, "Plan Rows": 1, "Plan Width": 4, "Actual Min Startup Time": 352.775, "Actual Max Startup Time": 352.775, "Actual Min Total Time": 352.775, "Actual Max Total Time": 352.775, "Index Cond": "(id = ci.person_id)", "Rows Removed by Index Recheck": 0, "Filter": "((gender)::text = 'm'::text)", "Rows Removed by Filter": 26082, "Actual Rows": 28073}], "Actual Rows": 28073}], "Actual Rows": 1}, "Triggers": [], "Planner Runtime": 7, "Total Runtime": 10691.468, "Unique SQL Id": 3913857139}}, "(64, 121)": {"explain_plan": {"Plan": {"Node Type": "Aggregate", "Strategy": "Plain", "Startup Cost": 385547.34, "Total Cost": 385547.35, "Plan Rows": 1, "Plan Width": 160, "Plans": [{"Node Type": "Nested Loop", "Parent Relationship": "Outer", "Join Type": "Inner", "Startup Cost": 0.0, "Total Cost": 385536.75, "Plan Rows": 1413, "Plan Width": 64, "Inner Unique": true, "Plans": [{"Node Type": "Nested Loop", "Parent Relationship": "Outer", "Join Type": "Inner", "Startup Cost": 0.0, "Total Cost": 384957.48, "Plan Rows": 1155, "Plan Width": 68, "Inner Unique": false, "Plans": [{"Node Type": "Nested Loop", "Parent Relationship": "Outer", "Join Type": "Inner", "Startup Cost": 0.0, "Total Cost": 383895.85, "Plan Rows": 1044, "Plan Width": 76, "Inner Unique": true, "Join Filter": "(mi.movie_id = t.id)", "Plans": [{"Node Type": "Nested Loop", "Parent Relationship": "Outer", "Join Type": "Inner", "Startup Cost": 0.0, "Total Cost": 383467.66, "Plan Rows": 1044, "Plan Width": 55, "Inner Unique": false, "Join Filter": "(mi.info_type_id = it1.id)", "Plans": [{"Node Type": "Index Scan", "Parent Relationship": "Outer", "Scan Direction": "Forward", "Index Name": "info_type_pkey", "Relation Name": "info_type", "Alias": "it1", "Startup Cost": 0.0, "Total Cost": 14.21, "Plan Rows": 1, "Plan Width": 4, "Filter": "((info)::text = 'genres'::text)"}, {"Node Type": "Nested Loop", "Parent Relationship": "Inner", "Join Type": "Inner", "Startup Cost": 0.0, "Total Cost": 380590.58, "Plan Rows": 229029, "Plan Width": 59, "Inner Unique": false, "Plans": [{"Node Type": "Nested Loop", "Parent Relationship": "Outer", "Join Type": "Inner", "Startup Cost": 0.0, "Total Cost": 38338.2, "Plan Rows": 345008, "Plan Width": 9, "Inner Unique": false, "Plans": [{"Node Type": "Index Scan", "Parent Relationship": "Outer", "Scan Direction": "Forward", "Index Name": "info_type_pkey", "Relation Name": "info_type", "Alias": "it2", "Startup Cost": 0.0, "Total Cost": 14.21, "Plan Rows": 1, "Plan Width": 4, "Filter": "((info)::text = 'votes'::text)"}, {"Node Type": "Index Scan", "Parent Relationship": "Inner", "Scan Direction": "Forward", "Index Name": "info_type_id_movie_info_idx", "Relation Name": "movie_info_idx", "Alias": "mi_idx", "Startup Cost": 0.0, "Total Cost": 34873.91, "Plan Rows": 345008, "Plan Width": 13, "Index Cond": "(info_type_id = it2.id), (LLVM Optimized)"}]}, {"Node Type": "Index Scan", "Parent Relationship": "Inner", "Scan Direction": "Forward", "Index Name": "movie_id_movie_info", "Relation Name": "movie_info", "Alias": "mi", "Startup Cost": 0.0, "Total Cost": 0.98, "Plan Rows": 1, "Plan Width": 50, "Index Cond": "(movie_id = mi_idx.movie_id)", "Filter": "((info)::text = ANY ('{Horror,Action,Sci-Fi,Thriller,Crime,War}'::text[]))"}]}]}, {"Node Type": "Index Scan", "Parent Relationship": "Inner", "Scan Direction": "Forward", "Index Name": "title_pkey", "Relation Name": "title", "Alias": "t", "Startup Cost": 0.0, "Total Cost": 0.4, "Plan Rows": 1, "Plan Width": 21, "Index Cond": "(id = mi_idx.movie_id)"}]}, {"Node Type": "Index Scan", "Parent Relationship": "Inner", "Scan Direction": "Forward", "Index Name": "movie_id_cast_info", "Relation Name": "cast_info", "Alias": "ci", "Startup Cost": 0.0, "Total Cost": 1.01, "Plan Rows": 1, "Plan Width": 8, "Index Cond": "(movie_id = t.id)", "Filter": "((note)::text = ANY ('{(writer),\"(head writer)\",\"(written by)\",(story),\"(story editor)\"}'::text[]))"}]}, {"Node Type": "Index Scan", "Parent Relationship": "Inner", "Scan Direction": "Forward", "Index Name": "name_pkey", "Relation Name": "name", "Alias": "n", "Startup Cost": 0.0, "Total Cost": 0.49, "Plan Rows": 1, "Plan Width": 4, "Index Cond": "(id = ci.person_id)", "Filter": "((gender)::text = 'm'::text)"}]}]}, "Unique SQL Id": 3913857139, "Planner Runtime": 6}, "explain_analyze_plan": {"Plan": {"Node Type": "Aggregate", "Strategy": "Plain", "Startup Cost": 385547.34, "Total Cost": 385547.35, "Plan Rows": 1, "Plan Width": 160, "Actual Startup Time": 19038.718, "Actual Total Time": 19038.719, "Actual Rows": 1, "Actual Loops": 1, "Plans": [{"Node Type": "Nested Loop", "Parent Relationship": "Outer", "Join Type": "Inner", "Startup Cost": 0.0, "Total Cost": 385536.75, "Plan Rows": 1413, "Plan Width": 64, "Actual Startup Time": 29.464, "Actual Total Time": 18993.643, "Actual Rows": 28073, "Actual Loops": 1, "Inner Unique": true, "Plans": [{"Node Type": "Nested Loop", "Parent Relationship": "Outer", "Join Type": "Inner", "Startup Cost": 0.0, "Total Cost": 384957.48, "Plan Rows": 1155, "Plan Width": 68, "Actual Startup Time": 14.609, "Actual Total Time": 18579.543, "Actual Rows": 54155, "Actual Loops": 1, "Inner Unique": false, "Plans": [{"Node Type": "Nested Loop", "Parent Relationship": "Outer", "Join Type": "Inner", "Startup Cost": 0.0, "Total Cost": 383895.85, "Plan Rows": 1044, "Plan Width": 76, "Actual Startup Time": 0.805, "Actual Total Time": 10083.062, "Actual Rows": 102516, "Actual Loops": 1, "Inner Unique": true, "Join Filter": "(mi.movie_id = t.id)", "Rows Removed by Join Filter": 0, "Plans": [{"Node Type": "Nested Loop", "Parent Relationship": "Outer", "Join Type": "Inner", "Startup Cost": 0.0, "Total Cost": 383467.66, "Plan Rows": 1044, "Plan Width": 55, "Actual Startup Time": 0.793, "Actual Total Time": 9512.208, "Actual Rows": 102516, "Actual Loops": 1, "Inner Unique": false, "Join Filter": "(mi.info_type_id = it1.id)", "Rows Removed by Join Filter": 2376, "Plans": [{"Node Type": "Index Scan", "Parent Relationship": "Outer", "Scan Direction": "Forward", "Index Name": "info_type_pkey", "Relation Name": "info_type", "Alias": "it1", "Startup Cost": 0.0, "Total Cost": 14.21, "Plan Rows": 1, "Plan Width": 4, "Actual Startup Time": 0.028, "Actual Total Time": 0.085, "Actual Rows": 1, "Actual Loops": 1, "Filter": "((info)::text = 'genres'::text)", "Rows Removed by Filter": 111}, {"Node Type": "Nested Loop", "Parent Relationship": "Inner", "Join Type": "Inner", "Startup Cost": 0.0, "Total Cost": 380590.58, "Plan Rows": 229029, "Plan Width": 59, "Actual Startup Time": 0.76, "Actual Total Time": 9469.385, "Actual Rows": 104892, "Actual Loops": 1, "Inner Unique": false, "Plans": [{"Node Type": "Nested Loop", "Parent Relationship": "Outer", "Join Type": "Inner", "Startup Cost": 0.0, "Total Cost": 38338.2, "Plan Rows": 345008, "Plan Width": 9, "Actual Startup Time": 0.072, "Actual Total Time": 397.046, "Actual Rows": 459925, "Actual Loops": 1, "Inner Unique": false, "Plans": [{"Node Type": "Index Scan", "Parent Relationship": "Outer", "Scan Direction": "Forward", "Index Name": "info_type_pkey", "Relation Name": "info_type", "Alias": "it2", "Startup Cost": 0.0, "Total Cost": 14.21, "Plan Rows": 1, "Plan Width": 4, "Actual Startup Time": 0.054, "Actual Total Time": 0.212, "Actual Rows": 1, "Actual Loops": 1, "Filter": "((info)::text = 'votes'::text)", "Rows Removed by Filter": 111}, {"Node Type": "Index Scan", "Parent Relationship": "Inner", "Scan Direction": "Forward", "Index Name": "info_type_id_movie_info_idx", "Relation Name": "movie_info_idx", "Alias": "mi_idx", "Startup Cost": 0.0, "Total Cost": 34873.91, "Plan Rows": 345008, "Plan Width": 13, "Actual Startup Time": 0.015, "Actual Total Time": 288.249, "Actual Rows": 459925, "Actual Loops": 1, "Index Cond": "(info_type_id = it2.id), (LLVM Optimized, Jit Execute)", "Rows Removed by Index Recheck": 0}]}, {"Node Type": "Index Scan", "Parent Relationship": "Inner", "Scan Direction": "Forward", "Index Name": "movie_id_movie_info", "Relation Name": "movie_info", "Alias": "mi", "Startup Cost": 0.0, "Total Cost": 0.98, "Plan Rows": 1, "Plan Width": 50, "Actual Startup Time": 8639.279, "Actual Total Time": 8804.256, "Actual Rows": 104892, "Actual Loops": 459925, "Index Cond": "(movie_id = mi_idx.movie_id)", "Rows Removed by Index Recheck": 0, "Filter": "((info)::text = ANY ('{Horror,Action,Sci-Fi,Thriller,Crime,War}'::text[]))", "Rows Removed by Filter": 6825442}]}]}, {"Node Type": "Index Scan", "Parent Relationship": "Inner", "Scan Direction": "Forward", "Index Name": "title_pkey", "Relation Name": "title", "Alias": "t", "Startup Cost": 0.0, "Total Cost": 0.4, "Plan Rows": 1, "Plan Width": 21, "Actual Startup Time": 452.698, "Actual Total Time": 452.698, "Actual Rows": 102516, "Actual Loops": 102516, "Index Cond": "(id = mi_idx.movie_id)", "Rows Removed by Index Recheck": 0}]}, {"Node Type": "Index Scan", "Parent Relationship": "Inner", "Scan Direction": "Forward", "Index Name": "movie_id_cast_info", "Relation Name": "cast_info", "Alias": "ci", "Startup Cost": 0.0, "Total Cost": 1.01, "Plan Rows": 1, "Plan Width": 8, "Actual Startup Time": 7176.634, "Actual Total Time": 8423.011, "Actual Rows": 54155, "Actual Loops": 102516, "Index Cond": "(movie_id = t.id)", "Rows Removed by Index Recheck": 0, "Filter": "((note)::text = ANY ('{(writer),\"(head writer)\",\"(written by)\",(story),\"(story editor)\"}'::text[]))", "Rows Removed by Filter": 3987641}]}, {"Node Type": "Index Scan", "Parent Relationship": "Inner", "Scan Direction": "Forward", "Index Name": "name_pkey", "Relation Name": "name", "Alias": "n", "Startup Cost": 0.0, "Total Cost": 0.49, "Plan Rows": 1, "Plan Width": 4, "Actual Startup Time": 365.599, "Actual Total Time": 365.599, "Actual Rows": 28073, "Actual Loops": 54155, "Index Cond": "(id = ci.person_id)", "Rows Removed by Index Recheck": 0, "Filter": "((gender)::text = 'm'::text)", "Rows Removed by Filter": 26082}]}]}, "Triggers": [], "Planner Runtime": 6, "Total Runtime": 19047.819, "Unique SQL Id": 3913857139}}, "(64, 122)": {"explain_plan": {"Plan": {"Node Type": "Aggregate", "Strategy": "Plain", "Startup Cost": 971545.99, "Total Cost": 971546.02, "Plan Rows": 1, "Plan Width": 160, "Plans": [{"Node Type": "Streaming(type: LOCAL GATHER dop: 1/64)", "Parent Relationship": "Outer", "Startup Cost": 971545.99, "Total Cost": 971546.02, "Plan Rows": 1, "Plan Width": 160, "Plans": [{"Node Type": "Aggregate", "Strategy": "Plain", "Parent Relationship": "Outer", "Startup Cost": 971545.99, "Total Cost": 971546.0, "Plan Rows": 1, "Plan Width": 160, "Plans": [{"Node Type": "Nested Loop", "Parent Relationship": "Outer", "Join Type": "Inner", "Startup Cost": 0.0, "Total Cost": 971535.39, "Plan Rows": 1413, "Plan Width": 64, "Inner Unique": false, "Join Filter": "(ci.person_id = n.id)", "Plans": [{"Node Type": "Streaming(type: LOCAL REDISTRIBUTE dop: 64/64)", "Parent Relationship": "Outer", "Startup Cost": 0.0, "Total Cost": 129265.96, "Plan Rows": 1740714, "Plan Width": 4, "Plans": [{"Node Type": "Seq Scan", "Parent Relationship": "Outer", "Relation Name": "name", "Alias": "n", "Startup Cost": 0.0, "Total Cost": 64617.04, "Plan Rows": 1740714, "Plan Width": 4, "Filter": "((gender)::text = 'm'::text), (LLVM Optimized)"}]}, {"Node Type": "Materialize", "Parent Relationship": "Inner", "Startup Cost": 0.0, "Total Cost": 834906.72, "Plan Rows": 1155, "Plan Width": 68, "Plans": [{"Node Type": "Streaming(type: LOCAL REDISTRIBUTE dop: 64/64)", "Parent Relationship": "Outer", "Startup Cost": 0.0, "Total Cost": 834906.63, "Plan Rows": 1155, "Plan Width": 68, "Plans": [{"Node Type": "Nested Loop", "Parent Relationship": "Outer", "Join Type": "Inner", "Startup Cost": 0.0, "Total Cost": 771905.53, "Plan Rows": 1155, "Plan Width": 68, "Inner Unique": false, "Join Filter": "(mi.movie_id = t.id)", "Plans": [{"Node Type": "Streaming(type: LOCAL REDISTRIBUTE dop: 64/1)", "Parent Relationship": "Outer", "Startup Cost": 0.0, "Total Cost": 225794.09, "Plan Rows": 2528311, "Plan Width": 21, "Plans": [{"Node Type": "Seq Scan", "Parent Relationship": "Outer", "Relation Name": "title", "Alias": "t", "Startup Cost": 0.0, "Total Cost": 60069.11, "Plan Rows": 2528311, "Plan Width": 21}]}, {"Node Type": "Materialize", "Parent Relationship": "Inner", "Startup Cost": 0.0, "Total Cost": 535417.4, "Plan Rows": 1155, "Plan Width": 63, "Plans": [{"Node Type": "Streaming(type: LOCAL REDISTRIBUTE dop: 64/64)", "Parent Relationship": "Outer", "Startup Cost": 0.0, "Total Cost": 535417.31, "Plan Rows": 1155, "Plan Width": 63, "Plans": [{"Node Type": "Nested Loop", "Parent Relationship": "Outer", "Join Type": "Inner", "Startup Cost": 0.0, "Total Cost": 472416.21, "Plan Rows": 1155, "Plan Width": 63, "Inner Unique": false, "Join Filter": "(mi_idx.movie_id = mi.movie_id)", "Plans": [{"Node Type": "Streaming(type: LOCAL REDISTRIBUTE dop: 64/1)", "Parent Relationship": "Outer", "Startup Cost": 0.0, "Total Cost": 114544.8, "Plan Rows": 345008, "Plan Width": 9, "Plans": [{"Node Type": "Nested Loop", "Parent Relationship": "Outer", "Join Type": "Inner", "Startup Cost": 0.0, "Total Cost": 37527.17, "Plan Rows": 345008, "Plan Width": 9, "Inner Unique": false, "Join Filter": "(it2.id = mi_idx.info_type_id), (LLVM Optimized)", "Plans": [{"Node Type": "Seq Scan", "Parent Relationship": "Outer", "Relation Name": "info_type", "Alias": "it2", "Startup Cost": 0.0, "Total Cost": 2.4, "Plan Rows": 1, "Plan Width": 4, "Filter": "((info)::text = 'votes'::text)"}, {"Node Type": "Seq Scan", "Parent Relationship": "Inner", "Relation Name": "movie_info_idx", "Alias": "mi_idx", "Startup Cost": 0.0, "Total Cost": 20274.34, "Plan Rows": 1380034, "Plan Width": 13}]}]}, {"Node Type": "Materialize", "Parent Relationship": "Inner", "Startup Cost": 0.0, "Total Cost": 354073.58, "Plan Rows": 3006, "Plan Width": 54, "Plans": [{"Node Type": "Streaming(type: LOCAL REDISTRIBUTE dop: 64/64)", "Parent Relationship": "Outer", "Startup Cost": 0.0, "Total Cost": 354073.34, "Plan Rows": 3006, "Plan Width": 54, "Plans": [{"Node Type": "Nested Loop", "Parent Relationship": "Outer", "Join Type": "Inner", "Startup Cost": 0.0, "Total Cost": 291070.5, "Plan Rows": 3006, "Plan Width": 54, "Inner Unique": false, "Join Filter": "(mi.movie_id = ci.movie_id)", "Plans": [{"Node Type": "Streaming(type: LOCAL REDISTRIBUTE dop: 64/64)", "Parent Relationship": "Outer", "Startup Cost": 0.0, "Total Cost": 140103.96, "Plan Rows": 1223154, "Plan Width": 8, "Plans": [{"Node Type": "Seq Scan", "Parent Relationship": "Outer", "Relation Name": "cast_info", "Alias": "ci", "Startup Cost": 0.0, "Total Cost": 75945.31, "Plan Rows": 1223154, "Plan Width": 8, "Filter": "((note)::text = ANY ('{(writer),\"(head writer)\",\"(written by)\",(story),\"(story editor)\"}'::text[]))"}]}, {"Node Type": "Materialize", "Parent Relationship": "Inner", "Startup Cost": 0.0, "Total Cost": 138796.32, "Plan Rows": 2717, "Plan Width": 46, "Plans": [{"Node Type": "Streaming(type: LOCAL REDISTRIBUTE dop: 64/1)", "Parent Relationship": "Outer", "Startup Cost": 0.0, "Total Cost": 138796.11, "Plan Rows": 2717, "Plan Width": 46, "Plans": [{"Node Type": "Nested Loop", "Parent Relationship": "Outer", "Join Type": "Inner", "Startup Cost": 0.0, "Total Cost": 75685.72, "Plan Rows": 2717, "Plan Width": 46, "Inner Unique": false, "Join Filter": "(it1.id = mi.info_type_id)", "Plans": [{"Node Type": "Seq Scan", "Parent Relationship": "Outer", "Relation Name": "info_type", "Alias": "it1", "Startup Cost": 0.0, "Total Cost": 2.4, "Plan Rows": 1, "Plan Width": 4, "Filter": "((info)::text = 'genres'::text)"}, {"Node Type": "Materialize", "Parent Relationship": "Inner", "Startup Cost": 0.0, "Total Cost": 73781.62, "Plan Rows": 190170, "Plan Width": 50, "Plans": [{"Node Type": "Streaming(type: LOCAL GATHER dop: 1/64)", "Parent Relationship": "Outer", "Startup Cost": 0.0, "Total Cost": 73306.19, "Plan Rows": 190170, "Plan Width": 50, "Plans": [{"Node Type": "Seq Scan", "Parent Relationship": "Outer", "Relation Name": "movie_info", "Alias": "mi", "Startup Cost": 0.0, "Total Cost": 69383.01, "Plan Rows": 190170, "Plan Width": 50, "Filter": "((info)::text = ANY ('{Horror,Action,Sci-Fi,Thriller,Crime,War}'::text[]))"}]}]}]}]}]}]}]}]}]}]}]}]}]}]}]}]}]}]}, "Unique SQL Id": 3913857139, "Planner Runtime": 11}, "explain_analyze_plan": null}, "(64, 123)": {"explain_plan": {"Plan": {"Node Type": "Aggregate", "Strategy": "Plain", "Startup Cost": 7000445600668.71, "Total Cost": 7000445600668.72, "Plan Rows": 1, "Plan Width": 160, "Plans": [{"Node Type": "Nested Loop", "Parent Relationship": "Outer", "Join Type": "Inner", "Startup Cost": 70000000000.0, "Total Cost": 7000445600658.11, "Plan Rows": 1413, "Plan Width": 64, "Inner Unique": false, "Join Filter": "(ci.person_id = n.id)", "Plans": [{"Node Type": "Index Scan", "Parent Relationship": "Outer", "Scan Direction": "Forward", "Index Name": "name_pkey", "Relation Name": "name", "Alias": "n", "Startup Cost": 10000000000.0, "Total Cost": 1000018665147.2, "Plan Rows": 1740714, "Plan Width": 4, "Filter": "((gender)::text = 'm'::text), (LLVM Optimized)"}, {"Node Type": "Materialize", "Parent Relationship": "Inner", "Startup Cost": 60000000000.0, "Total Cost": 6000396777643.75, "Plan Rows": 1155, "Plan Width": 68, "Plans": [{"Node Type": "Nested Loop", "Parent Relationship": "Outer", "Join Type": "Inner", "Startup Cost": 60000000000.0, "Total Cost": 6000396777637.97, "Plan Rows": 1155, "Plan Width": 68, "Inner Unique": false, "Join Filter": "(t.id = ci.movie_id)", "Plans": [{"Node Type": "Index Scan", "Parent Relationship": "Outer", "Scan Direction": "Forward", "Index Name": "person_id_cast_info", "Relation Name": "cast_info", "Alias": "ci", "Startup Cost": 10000000000.0, "Total Cost": 1000193311016.96, "Plan Rows": 1223154, "Plan Width": 8, "Filter": "((note)::text = ANY ('{(writer),\"(head writer)\",\"(written by)\",(story),\"(story editor)\"}'::text[]))"}, {"Node Type": "Materialize", "Parent Relationship": "Inner", "Startup Cost": 50000000000.0, "Total Cost": 5000184312031.98, "Plan Rows": 1044, "Plan Width": 76, "Plans": [{"Node Type": "Nested Loop", "Parent Relationship": "Outer", "Join Type": "Inner", "Startup Cost": 50000000000.0, "Total Cost": 5000184312026.76, "Plan Rows": 1044, "Plan Width": 76, "Inner Unique": false, "Join Filter": "(mi.movie_id = t.id)", "Plans": [{"Node Type": "Index Scan", "Parent Relationship": "Outer", "Scan Direction": "Forward", "Index Name": "title_pkey", "Relation Name": "title", "Alias": "t", "Startup Cost": 10000000000.0, "Total Cost": 1000011012048.91, "Plan Rows": 2528311, "Plan Width": 21}, {"Node Type": "Materialize", "Parent Relationship": "Inner", "Startup Cost": 40000000000.0, "Total Cost": 4000133706630.2, "Plan Rows": 1044, "Plan Width": 55, "Plans": [{"Node Type": "Nested Loop", "Parent Relationship": "Outer", "Join Type": "Inner", "Startup Cost": 40000000000.0, "Total Cost": 4000133706624.98, "Plan Rows": 1044, "Plan Width": 55, "Inner Unique": false, "Join Filter": "(mi.movie_id = mi_idx.movie_id)", "Plans": [{"Node Type": "Nested Loop", "Parent Relationship": "Outer", "Join Type": "Inner", "Startup Cost": 20000000000.0, "Total Cost": 2000004672156.88, "Plan Rows": 345008, "Plan Width": 9, "Inner Unique": true, "Join Filter": "(it2.id = mi_idx.info_type_id), (LLVM Optimized)", "Plans": [{"Node Type": "Index Scan", "Parent Relationship": "Outer", "Scan Direction": "Forward", "Index Name": "movie_id_movie_info_idx", "Relation Name": "movie_info_idx", "Alias": "mi_idx", "Startup Cost": 10000000000.0, "Total Cost": 1000004650035.37, "Plan Rows": 1380034, "Plan Width": 13}, {"Node Type": "Materialize", "Parent Relationship": "Inner", "Startup Cost": 10000000000.0, "Total Cost": 1000000001421.0, "Plan Rows": 1, "Plan Width": 4, "Plans": [{"Node Type": "Index Scan", "Parent Relationship": "Outer", "Scan Direction": "Forward", "Index Name": "info_type_pkey", "Relation Name": "info_type", "Alias": "it2", "Startup Cost": 10000000000.0, "Total Cost": 1000000001421.0, "Plan Rows": 1, "Plan Width": 4, "Filter": "((info)::text = 'votes'::text)"}]}]}, {"Node Type": "Materialize", "Parent Relationship": "Inner", "Startup Cost": 20000000000.0, "Total Cost": 2000114973673.85, "Plan Rows": 2717, "Plan Width": 46, "Plans": [{"Node Type": "Nested Loop", "Parent Relationship": "Outer", "Join Type": "Inner", "Startup Cost": 20000000000.0, "Total Cost": 2000114973660.27, "Plan Rows": 2717, "Plan Width": 46, "Inner Unique": true, "Join Filter": "(it1.id = mi.info_type_id)", "Plans": [{"Node Type": "Index Scan", "Parent Relationship": "Outer", "Scan Direction": "Forward", "Index Name": "movie_id_movie_info", "Relation Name": "movie_info", "Alias": "mi", "Startup Cost": 10000000000.0, "Total Cost": 1000114969386.72, "Plan Rows": 190170, "Plan Width": 50, "Filter": "((info)::text = ANY ('{Horror,Action,Sci-Fi,Thriller,Crime,War}'::text[]))"}, {"Node Type": "Materialize", "Parent Relationship": "Inner", "Startup Cost": 10000000000.0, "Total Cost": 1000000001421.0, "Plan Rows": 1, "Plan Width": 4, "Plans": [{"Node Type": "Index Scan", "Parent Relationship": "Outer", "Scan Direction": "Forward", "Index Name": "info_type_pkey", "Relation Name": "info_type", "Alias": "it1", "Startup Cost": 10000000000.0, "Total Cost": 1000000001421.0, "Plan Rows": 1, "Plan Width": 4, "Filter": "((info)::text = 'genres'::text)"}]}]}]}]}]}]}]}]}]}]}]}, "Unique SQL Id": 3913857139, "Planner Runtime": 6}, "explain_analyze_plan": null}, "(64, 124)": {"explain_plan": {"Plan": {"Node Type": "Aggregate", "Strategy": "Plain", "Startup Cost": 79308.04, "Total Cost": 79308.05, "Plan Rows": 1, "Plan Width": 160, "Plans": [{"Node Type": "Nested Loop", "Parent Relationship": "Outer", "Join Type": "Inner", "Startup Cost": 0.0, "Total Cost": 79297.45, "Plan Rows": 1413, "Plan Width": 64, "Inner Unique": true, "Plans": [{"Node Type": "Nested Loop", "Parent Relationship": "Outer", "Join Type": "Inner", "Startup Cost": 0.0, "Total Cost": 78718.18, "Plan Rows": 1155, "Plan Width": 68, "Inner Unique": false, "Plans": [{"Node Type": "Nested Loop", "Parent Relationship": "Outer", "Join Type": "Inner", "Startup Cost": 0.0, "Total Cost": 77656.55, "Plan Rows": 1044, "Plan Width": 76, "Inner Unique": true, "Join Filter": "(mi.movie_id = t.id)", "Plans": [{"Node Type": "Nested Loop", "Parent Relationship": "Outer", "Join Type": "Inner", "Startup Cost": 0.0, "Total Cost": 77228.36, "Plan Rows": 1044, "Plan Width": 55, "Inner Unique": false, "Join Filter": "(mi_idx.info_type_id = it2.id)", "Plans": [{"Node Type": "Seq Scan", "Parent Relationship": "Outer", "Relation Name": "info_type", "Alias": "it2", "Startup Cost": 0.0, "Total Cost": 2.4, "Plan Rows": 1, "Plan Width": 4, "Filter": "((info)::text = 'votes'::text)"}, {"Node Type": "Nested Loop", "Parent Relationship": "Inner", "Join Type": "Inner", "Startup Cost": 0.0, "Total Cost": 77173.77, "Plan Rows": 4175, "Plan Width": 59, "Inner Unique": false, "Plans": [{"Node Type": "Nested Loop", "Parent Relationship": "Outer", "Join Type": "Inner", "Startup Cost": 0.0, "Total Cost": 75685.72, "Plan Rows": 2717, "Plan Width": 46, "Inner Unique": false, "Join Filter": "(it1.id = mi.info_type_id)", "Plans": [{"Node Type": "Seq Scan", "Parent Relationship": "Outer", "Relation Name": "info_type", "Alias": "it1", "Startup Cost": 0.0, "Total Cost": 2.4, "Plan Rows": 1, "Plan Width": 4, "Filter": "((info)::text = 'genres'::text)"}, {"Node Type": "Materialize", "Parent Relationship": "Inner", "Startup Cost": 0.0, "Total Cost": 73781.62, "Plan Rows": 190170, "Plan Width": 50, "Plans": [{"Node Type": "Streaming(type: LOCAL GATHER dop: 1/64)", "Parent Relationship": "Outer", "Startup Cost": 0.0, "Total Cost": 73306.19, "Plan Rows": 190170, "Plan Width": 50, "Plans": [{"Node Type": "Seq Scan", "Parent Relationship": "Outer", "Relation Name": "movie_info", "Alias": "mi", "Startup Cost": 0.0, "Total Cost": 69383.01, "Plan Rows": 190170, "Plan Width": 50, "Filter": "((info)::text = ANY ('{Horror,Action,Sci-Fi,Thriller,Crime,War}'::text[]))"}]}]}]}, {"Node Type": "Index Scan", "Parent Relationship": "Inner", "Scan Direction": "Forward", "Index Name": "movie_id_movie_info_idx", "Relation Name": "movie_info_idx", "Alias": "mi_idx", "Startup Cost": 0.0, "Total Cost": 0.53, "Plan Rows": 2, "Plan Width": 13, "Index Cond": "(movie_id = mi.movie_id)"}]}]}, {"Node Type": "Index Scan", "Parent Relationship": "Inner", "Scan Direction": "Forward", "Index Name": "title_pkey", "Relation Name": "title", "Alias": "t", "Startup Cost": 0.0, "Total Cost": 0.4, "Plan Rows": 1, "Plan Width": 21, "Index Cond": "(id = mi_idx.movie_id)"}]}, {"Node Type": "Index Scan", "Parent Relationship": "Inner", "Scan Direction": "Forward", "Index Name": "movie_id_cast_info", "Relation Name": "cast_info", "Alias": "ci", "Startup Cost": 0.0, "Total Cost": 1.01, "Plan Rows": 1, "Plan Width": 8, "Index Cond": "(movie_id = t.id)", "Filter": "((note)::text = ANY ('{(writer),\"(head writer)\",\"(written by)\",(story),\"(story editor)\"}'::text[]))"}]}, {"Node Type": "Index Scan", "Parent Relationship": "Inner", "Scan Direction": "Forward", "Index Name": "name_pkey", "Relation Name": "name", "Alias": "n", "Startup Cost": 0.0, "Total Cost": 0.49, "Plan Rows": 1, "Plan Width": 4, "Index Cond": "(id = ci.person_id)", "Filter": "((gender)::text = 'm'::text)"}]}]}, "Unique SQL Id": 3913857139, "Planner Runtime": 7}, "explain_analyze_plan": {"Plan": {"Node Type": "Aggregate", "Strategy": "Plain", "Startup Cost": 79308.04, "Total Cost": 79308.05, "Plan Rows": 1, "Plan Width": 160, "Actual Min Startup Time": 10680.124, "Actual Max Startup Time": 10680.124, "Actual Min Total Time": 10680.125, "Actual Max Total Time": 10680.125, "Plans": [{"Node Type": "Nested Loop", "Parent Relationship": "Outer", "Join Type": "Inner", "Startup Cost": 0.0, "Total Cost": 79297.45, "Plan Rows": 1413, "Plan Width": 64, "Actual Min Startup Time": 249.693, "Actual Max Startup Time": 249.693, "Actual Min Total Time": 10641.432, "Actual Max Total Time": 10641.432, "Inner Unique": true, "Plans": [{"Node Type": "Nested Loop", "Parent Relationship": "Outer", "Join Type": "Inner", "Startup Cost": 0.0, "Total Cost": 78718.18, "Plan Rows": 1155, "Plan Width": 68, "Actual Min Startup Time": 247.969, "Actual Max Startup Time": 247.969, "Actual Min Total Time": 10246.003, "Actual Max Total Time": 10246.003, "Inner Unique": false, "Plans": [{"Node Type": "Nested Loop", "Parent Relationship": "Outer", "Join Type": "Inner", "Startup Cost": 0.0, "Total Cost": 77656.55, "Plan Rows": 1044, "Plan Width": 76, "Actual Min Startup Time": 247.349, "Actual Max Startup Time": 247.349, "Actual Min Total Time": 1811.85, "Actual Max Total Time": 1811.85, "Inner Unique": true, "Join Filter": "(mi.movie_id = t.id)", "Rows Removed by Join Filter": 0, "Plans": [{"Node Type": "Nested Loop", "Parent Relationship": "Outer", "Join Type": "Inner", "Startup Cost": 0.0, "Total Cost": 77228.36, "Plan Rows": 1044, "Plan Width": 55, "Actual Min Startup Time": 247.331, "Actual Max Startup Time": 247.331, "Actual Min Total Time": 1273.326, "Actual Max Total Time": 1273.326, "Inner Unique": false, "Join Filter": "(mi_idx.info_type_id = it2.id)", "Rows Removed by Join Filter": 205269, "Plans": [{"Node Type": "Seq Scan", "Parent Relationship": "Outer", "Relation Name": "info_type", "Alias": "it2", "Startup Cost": 0.0, "Total Cost": 2.4, "Plan Rows": 1, "Plan Width": 4, "Actual Min Startup Time": 0.086, "Actual Max Startup Time": 0.086, "Actual Min Total Time": 0.096, "Actual Max Total Time": 0.096, "Filter": "((info)::text = 'votes'::text)", "Rows Removed by Filter": 111, "Actual Rows": 1}, {"Node Type": "Nested Loop", "Parent Relationship": "Inner", "Join Type": "Inner", "Startup Cost": 0.0, "Total Cost": 77173.77, "Plan Rows": 4175, "Plan Width": 59, "Actual Min Startup Time": 247.225, "Actual Max Startup Time": 247.225, "Actual Min Total Time": 1183.67, "Actual Max Total Time": 1183.67, "Inner Unique": false, "Plans": [{"Node Type": "Nested Loop", "Parent Relationship": "Outer", "Join Type": "Inner", "Startup Cost": 0.0, "Total Cost": 75685.72, "Plan Rows": 2717, "Plan Width": 46, "Actual Min Startup Time": 247.195, "Actual Max Startup Time": 247.195, "Actual Min Total Time": 356.202, "Actual Max Total Time": 356.202, "Inner Unique": false, "Join Filter": "(it1.id = mi.info_type_id)", "Rows Removed by Join Filter": 2377, "Plans": [{"Node Type": "Seq Scan", "Parent Relationship": "Outer", "Relation Name": "info_type", "Alias": "it1", "Startup Cost": 0.0, "Total Cost": 2.4, "Plan Rows": 1, "Plan Width": 4, "Actual Min Startup Time": 0.047, "Actual Max Startup Time": 0.047, "Actual Min Total Time": 0.081, "Actual Max Total Time": 0.081, "Filter": "((info)::text = 'genres'::text)", "Rows Removed by Filter": 111, "Actual Rows": 1}, {"Node Type": "Materialize", "Parent Relationship": "Inner", "Startup Cost": 0.0, "Total Cost": 73781.62, "Plan Rows": 190170, "Plan Width": 50, "Actual Min Startup Time": 247.015, "Actual Max Startup Time": 247.015, "Actual Min Total Time": 279.819, "Actual Max Total Time": 279.819, "Plans": [{"Node Type": "Streaming(type: LOCAL GATHER dop: 1/64)", "Parent Relationship": "Outer", "Startup Cost": 0.0, "Total Cost": 73306.19, "Plan Rows": 190170, "Plan Width": 50, "Actual Min Startup Time": 127.593, "Actual Max Startup Time": 127.593, "Actual Min Total Time": 219.435, "Actual Max Total Time": 219.435, "Plans": [{"Node Type": "Seq Scan", "Parent Relationship": "Outer", "Relation Name": "movie_info", "Alias": "mi", "Startup Cost": 0.0, "Total Cost": 69383.01, "Plan Rows": 190170, "Plan Width": 50, "Actual Min Startup Time": 55.284, "Actual Max Startup Time": 120.939, "Actual Min Total Time": 110.672, "Actual Max Total Time": 131.365, "Filter": "((info)::text = ANY ('{Horror,Action,Sci-Fi,Thriller,Crime,War}'::text[]))", "Rows Removed by Filter": 14646748, "Actual Rows": 188971}], "Actual Rows": 188971}], "Actual Rows": 188972}], "Actual Rows": 186594}, {"Node Type": "Index Scan", "Parent Relationship": "Inner", "Scan Direction": "Forward", "Index Name": "movie_id_movie_info_idx", "Relation Name": "movie_info_idx", "Alias": "mi_idx", "Startup Cost": 0.0, "Total Cost": 0.53, "Plan Rows": 2, "Plan Width": 13, "Actual Min Startup Time": 538.447, "Actual Max Startup Time": 538.447, "Actual Min Total Time": 656.885, "Actual Max Total Time": 656.885, "Index Cond": "(movie_id = mi.movie_id)", "Rows Removed by Index Recheck": 0, "Actual Rows": 307785}], "Actual Rows": 307785}], "Actual Rows": 102516}, {"Node Type": "Index Scan", "Parent Relationship": "Inner", "Scan Direction": "Forward", "Index Name": "title_pkey", "Relation Name": "title", "Alias": "t", "Startup Cost": 0.0, "Total Cost": 0.4, "Plan Rows": 1, "Plan Width": 21, "Actual Min Startup Time": 432.22, "Actual Max Startup Time": 432.22, "Actual Min Total Time": 432.22, "Actual Max Total Time": 432.22, "Index Cond": "(id = mi_idx.movie_id)", "Rows Removed by Index Recheck": 0, "Actual Rows": 102516}], "Actual Rows": 102516}, {"Node Type": "Index Scan", "Parent Relationship": "Inner", "Scan Direction": "Forward", "Index Name": "movie_id_cast_info", "Relation Name": "cast_info", "Alias": "ci", "Startup Cost": 0.0, "Total Cost": 1.01, "Plan Rows": 1, "Plan Width": 8, "Actual Min Startup Time": 7123.336, "Actual Max Startup Time": 7123.336, "Actual Min Total Time": 8361.98, "Actual Max Total Time": 8361.98, "Index Cond": "(movie_id = t.id)", "Rows Removed by Index Recheck": 0, "Filter": "((note)::text = ANY ('{(writer),\"(head writer)\",\"(written by)\",(story),\"(story editor)\"}'::text[]))", "Rows Removed by Filter": 3987641, "Actual Rows": 54155}], "Actual Rows": 54155}, {"Node Type": "Index Scan", "Parent Relationship": "Inner", "Scan Direction": "Forward", "Index Name": "name_pkey", "Relation Name": "name", "Alias": "n", "Startup Cost": 0.0, "Total Cost": 0.49, "Plan Rows": 1, "Plan Width": 4, "Actual Min Startup Time": 352.775, "Actual Max Startup Time": 352.775, "Actual Min Total Time": 352.775, "Actual Max Total Time": 352.775, "Index Cond": "(id = ci.person_id)", "Rows Removed by Index Recheck": 0, "Filter": "((gender)::text = 'm'::text)", "Rows Removed by Filter": 26082, "Actual Rows": 28073}], "Actual Rows": 28073}], "Actual Rows": 1}, "Triggers": [], "Planner Runtime": 7, "Total Runtime": 10691.468, "Unique SQL Id": 3913857139}}, "(64, 125)": {"explain_plan": {"Plan": {"Node Type": "Aggregate", "Strategy": "Plain", "Startup Cost": 385547.34, "Total Cost": 385547.35, "Plan Rows": 1, "Plan Width": 160, "Plans": [{"Node Type": "Nested Loop", "Parent Relationship": "Outer", "Join Type": "Inner", "Startup Cost": 0.0, "Total Cost": 385536.75, "Plan Rows": 1413, "Plan Width": 64, "Inner Unique": true, "Plans": [{"Node Type": "Nested Loop", "Parent Relationship": "Outer", "Join Type": "Inner", "Startup Cost": 0.0, "Total Cost": 384957.48, "Plan Rows": 1155, "Plan Width": 68, "Inner Unique": false, "Plans": [{"Node Type": "Nested Loop", "Parent Relationship": "Outer", "Join Type": "Inner", "Startup Cost": 0.0, "Total Cost": 383895.85, "Plan Rows": 1044, "Plan Width": 76, "Inner Unique": true, "Join Filter": "(mi.movie_id = t.id)", "Plans": [{"Node Type": "Nested Loop", "Parent Relationship": "Outer", "Join Type": "Inner", "Startup Cost": 0.0, "Total Cost": 383467.66, "Plan Rows": 1044, "Plan Width": 55, "Inner Unique": false, "Join Filter": "(mi.info_type_id = it1.id)", "Plans": [{"Node Type": "Index Scan", "Parent Relationship": "Outer", "Scan Direction": "Forward", "Index Name": "info_type_pkey", "Relation Name": "info_type", "Alias": "it1", "Startup Cost": 0.0, "Total Cost": 14.21, "Plan Rows": 1, "Plan Width": 4, "Filter": "((info)::text = 'genres'::text)"}, {"Node Type": "Nested Loop", "Parent Relationship": "Inner", "Join Type": "Inner", "Startup Cost": 0.0, "Total Cost": 380590.58, "Plan Rows": 229029, "Plan Width": 59, "Inner Unique": false, "Plans": [{"Node Type": "Nested Loop", "Parent Relationship": "Outer", "Join Type": "Inner", "Startup Cost": 0.0, "Total Cost": 38338.2, "Plan Rows": 345008, "Plan Width": 9, "Inner Unique": false, "Plans": [{"Node Type": "Index Scan", "Parent Relationship": "Outer", "Scan Direction": "Forward", "Index Name": "info_type_pkey", "Relation Name": "info_type", "Alias": "it2", "Startup Cost": 0.0, "Total Cost": 14.21, "Plan Rows": 1, "Plan Width": 4, "Filter": "((info)::text = 'votes'::text)"}, {"Node Type": "Index Scan", "Parent Relationship": "Inner", "Scan Direction": "Forward", "Index Name": "info_type_id_movie_info_idx", "Relation Name": "movie_info_idx", "Alias": "mi_idx", "Startup Cost": 0.0, "Total Cost": 34873.91, "Plan Rows": 345008, "Plan Width": 13, "Index Cond": "(info_type_id = it2.id), (LLVM Optimized)"}]}, {"Node Type": "Index Scan", "Parent Relationship": "Inner", "Scan Direction": "Forward", "Index Name": "movie_id_movie_info", "Relation Name": "movie_info", "Alias": "mi", "Startup Cost": 0.0, "Total Cost": 0.98, "Plan Rows": 1, "Plan Width": 50, "Index Cond": "(movie_id = mi_idx.movie_id)", "Filter": "((info)::text = ANY ('{Horror,Action,Sci-Fi,Thriller,Crime,War}'::text[]))"}]}]}, {"Node Type": "Index Scan", "Parent Relationship": "Inner", "Scan Direction": "Forward", "Index Name": "title_pkey", "Relation Name": "title", "Alias": "t", "Startup Cost": 0.0, "Total Cost": 0.4, "Plan Rows": 1, "Plan Width": 21, "Index Cond": "(id = mi_idx.movie_id)"}]}, {"Node Type": "Index Scan", "Parent Relationship": "Inner", "Scan Direction": "Forward", "Index Name": "movie_id_cast_info", "Relation Name": "cast_info", "Alias": "ci", "Startup Cost": 0.0, "Total Cost": 1.01, "Plan Rows": 1, "Plan Width": 8, "Index Cond": "(movie_id = t.id)", "Filter": "((note)::text = ANY ('{(writer),\"(head writer)\",\"(written by)\",(story),\"(story editor)\"}'::text[]))"}]}, {"Node Type": "Index Scan", "Parent Relationship": "Inner", "Scan Direction": "Forward", "Index Name": "name_pkey", "Relation Name": "name", "Alias": "n", "Startup Cost": 0.0, "Total Cost": 0.49, "Plan Rows": 1, "Plan Width": 4, "Index Cond": "(id = ci.person_id)", "Filter": "((gender)::text = 'm'::text)"}]}]}, "Unique SQL Id": 3913857139, "Planner Runtime": 6}, "explain_analyze_plan": {"Plan": {"Node Type": "Aggregate", "Strategy": "Plain", "Startup Cost": 385547.34, "Total Cost": 385547.35, "Plan Rows": 1, "Plan Width": 160, "Actual Startup Time": 19038.718, "Actual Total Time": 19038.719, "Actual Rows": 1, "Actual Loops": 1, "Plans": [{"Node Type": "Nested Loop", "Parent Relationship": "Outer", "Join Type": "Inner", "Startup Cost": 0.0, "Total Cost": 385536.75, "Plan Rows": 1413, "Plan Width": 64, "Actual Startup Time": 29.464, "Actual Total Time": 18993.643, "Actual Rows": 28073, "Actual Loops": 1, "Inner Unique": true, "Plans": [{"Node Type": "Nested Loop", "Parent Relationship": "Outer", "Join Type": "Inner", "Startup Cost": 0.0, "Total Cost": 384957.48, "Plan Rows": 1155, "Plan Width": 68, "Actual Startup Time": 14.609, "Actual Total Time": 18579.543, "Actual Rows": 54155, "Actual Loops": 1, "Inner Unique": false, "Plans": [{"Node Type": "Nested Loop", "Parent Relationship": "Outer", "Join Type": "Inner", "Startup Cost": 0.0, "Total Cost": 383895.85, "Plan Rows": 1044, "Plan Width": 76, "Actual Startup Time": 0.805, "Actual Total Time": 10083.062, "Actual Rows": 102516, "Actual Loops": 1, "Inner Unique": true, "Join Filter": "(mi.movie_id = t.id)", "Rows Removed by Join Filter": 0, "Plans": [{"Node Type": "Nested Loop", "Parent Relationship": "Outer", "Join Type": "Inner", "Startup Cost": 0.0, "Total Cost": 383467.66, "Plan Rows": 1044, "Plan Width": 55, "Actual Startup Time": 0.793, "Actual Total Time": 9512.208, "Actual Rows": 102516, "Actual Loops": 1, "Inner Unique": false, "Join Filter": "(mi.info_type_id = it1.id)", "Rows Removed by Join Filter": 2376, "Plans": [{"Node Type": "Index Scan", "Parent Relationship": "Outer", "Scan Direction": "Forward", "Index Name": "info_type_pkey", "Relation Name": "info_type", "Alias": "it1", "Startup Cost": 0.0, "Total Cost": 14.21, "Plan Rows": 1, "Plan Width": 4, "Actual Startup Time": 0.028, "Actual Total Time": 0.085, "Actual Rows": 1, "Actual Loops": 1, "Filter": "((info)::text = 'genres'::text)", "Rows Removed by Filter": 111}, {"Node Type": "Nested Loop", "Parent Relationship": "Inner", "Join Type": "Inner", "Startup Cost": 0.0, "Total Cost": 380590.58, "Plan Rows": 229029, "Plan Width": 59, "Actual Startup Time": 0.76, "Actual Total Time": 9469.385, "Actual Rows": 104892, "Actual Loops": 1, "Inner Unique": false, "Plans": [{"Node Type": "Nested Loop", "Parent Relationship": "Outer", "Join Type": "Inner", "Startup Cost": 0.0, "Total Cost": 38338.2, "Plan Rows": 345008, "Plan Width": 9, "Actual Startup Time": 0.072, "Actual Total Time": 397.046, "Actual Rows": 459925, "Actual Loops": 1, "Inner Unique": false, "Plans": [{"Node Type": "Index Scan", "Parent Relationship": "Outer", "Scan Direction": "Forward", "Index Name": "info_type_pkey", "Relation Name": "info_type", "Alias": "it2", "Startup Cost": 0.0, "Total Cost": 14.21, "Plan Rows": 1, "Plan Width": 4, "Actual Startup Time": 0.054, "Actual Total Time": 0.212, "Actual Rows": 1, "Actual Loops": 1, "Filter": "((info)::text = 'votes'::text)", "Rows Removed by Filter": 111}, {"Node Type": "Index Scan", "Parent Relationship": "Inner", "Scan Direction": "Forward", "Index Name": "info_type_id_movie_info_idx", "Relation Name": "movie_info_idx", "Alias": "mi_idx", "Startup Cost": 0.0, "Total Cost": 34873.91, "Plan Rows": 345008, "Plan Width": 13, "Actual Startup Time": 0.015, "Actual Total Time": 288.249, "Actual Rows": 459925, "Actual Loops": 1, "Index Cond": "(info_type_id = it2.id), (LLVM Optimized, Jit Execute)", "Rows Removed by Index Recheck": 0}]}, {"Node Type": "Index Scan", "Parent Relationship": "Inner", "Scan Direction": "Forward", "Index Name": "movie_id_movie_info", "Relation Name": "movie_info", "Alias": "mi", "Startup Cost": 0.0, "Total Cost": 0.98, "Plan Rows": 1, "Plan Width": 50, "Actual Startup Time": 8639.279, "Actual Total Time": 8804.256, "Actual Rows": 104892, "Actual Loops": 459925, "Index Cond": "(movie_id = mi_idx.movie_id)", "Rows Removed by Index Recheck": 0, "Filter": "((info)::text = ANY ('{Horror,Action,Sci-Fi,Thriller,Crime,War}'::text[]))", "Rows Removed by Filter": 6825442}]}]}, {"Node Type": "Index Scan", "Parent Relationship": "Inner", "Scan Direction": "Forward", "Index Name": "title_pkey", "Relation Name": "title", "Alias": "t", "Startup Cost": 0.0, "Total Cost": 0.4, "Plan Rows": 1, "Plan Width": 21, "Actual Startup Time": 452.698, "Actual Total Time": 452.698, "Actual Rows": 102516, "Actual Loops": 102516, "Index Cond": "(id = mi_idx.movie_id)", "Rows Removed by Index Recheck": 0}]}, {"Node Type": "Index Scan", "Parent Relationship": "Inner", "Scan Direction": "Forward", "Index Name": "movie_id_cast_info", "Relation Name": "cast_info", "Alias": "ci", "Startup Cost": 0.0, "Total Cost": 1.01, "Plan Rows": 1, "Plan Width": 8, "Actual Startup Time": 7176.634, "Actual Total Time": 8423.011, "Actual Rows": 54155, "Actual Loops": 102516, "Index Cond": "(movie_id = t.id)", "Rows Removed by Index Recheck": 0, "Filter": "((note)::text = ANY ('{(writer),\"(head writer)\",\"(written by)\",(story),\"(story editor)\"}'::text[]))", "Rows Removed by Filter": 3987641}]}, {"Node Type": "Index Scan", "Parent Relationship": "Inner", "Scan Direction": "Forward", "Index Name": "name_pkey", "Relation Name": "name", "Alias": "n", "Startup Cost": 0.0, "Total Cost": 0.49, "Plan Rows": 1, "Plan Width": 4, "Actual Startup Time": 365.599, "Actual Total Time": 365.599, "Actual Rows": 28073, "Actual Loops": 54155, "Index Cond": "(id = ci.person_id)", "Rows Removed by Index Recheck": 0, "Filter": "((gender)::text = 'm'::text)", "Rows Removed by Filter": 26082}]}]}, "Triggers": [], "Planner Runtime": 6, "Total Runtime": 19047.819, "Unique SQL Id": 3913857139}}, "(64, 126)": {"explain_plan": {"Plan": {"Node Type": "Aggregate", "Strategy": "Plain", "Startup Cost": 971545.99, "Total Cost": 971546.02, "Plan Rows": 1, "Plan Width": 160, "Plans": [{"Node Type": "Streaming(type: LOCAL GATHER dop: 1/64)", "Parent Relationship": "Outer", "Startup Cost": 971545.99, "Total Cost": 971546.02, "Plan Rows": 1, "Plan Width": 160, "Plans": [{"Node Type": "Aggregate", "Strategy": "Plain", "Parent Relationship": "Outer", "Startup Cost": 971545.99, "Total Cost": 971546.0, "Plan Rows": 1, "Plan Width": 160, "Plans": [{"Node Type": "Nested Loop", "Parent Relationship": "Outer", "Join Type": "Inner", "Startup Cost": 0.0, "Total Cost": 971535.39, "Plan Rows": 1413, "Plan Width": 64, "Inner Unique": false, "Join Filter": "(ci.person_id = n.id)", "Plans": [{"Node Type": "Streaming(type: LOCAL REDISTRIBUTE dop: 64/64)", "Parent Relationship": "Outer", "Startup Cost": 0.0, "Total Cost": 129265.96, "Plan Rows": 1740714, "Plan Width": 4, "Plans": [{"Node Type": "Seq Scan", "Parent Relationship": "Outer", "Relation Name": "name", "Alias": "n", "Startup Cost": 0.0, "Total Cost": 64617.04, "Plan Rows": 1740714, "Plan Width": 4, "Filter": "((gender)::text = 'm'::text), (LLVM Optimized)"}]}, {"Node Type": "Materialize", "Parent Relationship": "Inner", "Startup Cost": 0.0, "Total Cost": 834906.72, "Plan Rows": 1155, "Plan Width": 68, "Plans": [{"Node Type": "Streaming(type: LOCAL REDISTRIBUTE dop: 64/64)", "Parent Relationship": "Outer", "Startup Cost": 0.0, "Total Cost": 834906.63, "Plan Rows": 1155, "Plan Width": 68, "Plans": [{"Node Type": "Nested Loop", "Parent Relationship": "Outer", "Join Type": "Inner", "Startup Cost": 0.0, "Total Cost": 771905.53, "Plan Rows": 1155, "Plan Width": 68, "Inner Unique": false, "Join Filter": "(mi.movie_id = t.id)", "Plans": [{"Node Type": "Streaming(type: LOCAL REDISTRIBUTE dop: 64/1)", "Parent Relationship": "Outer", "Startup Cost": 0.0, "Total Cost": 225794.09, "Plan Rows": 2528311, "Plan Width": 21, "Plans": [{"Node Type": "Seq Scan", "Parent Relationship": "Outer", "Relation Name": "title", "Alias": "t", "Startup Cost": 0.0, "Total Cost": 60069.11, "Plan Rows": 2528311, "Plan Width": 21}]}, {"Node Type": "Materialize", "Parent Relationship": "Inner", "Startup Cost": 0.0, "Total Cost": 535417.4, "Plan Rows": 1155, "Plan Width": 63, "Plans": [{"Node Type": "Streaming(type: LOCAL REDISTRIBUTE dop: 64/64)", "Parent Relationship": "Outer", "Startup Cost": 0.0, "Total Cost": 535417.31, "Plan Rows": 1155, "Plan Width": 63, "Plans": [{"Node Type": "Nested Loop", "Parent Relationship": "Outer", "Join Type": "Inner", "Startup Cost": 0.0, "Total Cost": 472416.21, "Plan Rows": 1155, "Plan Width": 63, "Inner Unique": false, "Join Filter": "(mi_idx.movie_id = mi.movie_id)", "Plans": [{"Node Type": "Streaming(type: LOCAL REDISTRIBUTE dop: 64/1)", "Parent Relationship": "Outer", "Startup Cost": 0.0, "Total Cost": 114544.8, "Plan Rows": 345008, "Plan Width": 9, "Plans": [{"Node Type": "Nested Loop", "Parent Relationship": "Outer", "Join Type": "Inner", "Startup Cost": 0.0, "Total Cost": 37527.17, "Plan Rows": 345008, "Plan Width": 9, "Inner Unique": false, "Join Filter": "(it2.id = mi_idx.info_type_id), (LLVM Optimized)", "Plans": [{"Node Type": "Seq Scan", "Parent Relationship": "Outer", "Relation Name": "info_type", "Alias": "it2", "Startup Cost": 0.0, "Total Cost": 2.4, "Plan Rows": 1, "Plan Width": 4, "Filter": "((info)::text = 'votes'::text)"}, {"Node Type": "Seq Scan", "Parent Relationship": "Inner", "Relation Name": "movie_info_idx", "Alias": "mi_idx", "Startup Cost": 0.0, "Total Cost": 20274.34, "Plan Rows": 1380034, "Plan Width": 13}]}]}, {"Node Type": "Materialize", "Parent Relationship": "Inner", "Startup Cost": 0.0, "Total Cost": 354073.58, "Plan Rows": 3006, "Plan Width": 54, "Plans": [{"Node Type": "Streaming(type: LOCAL REDISTRIBUTE dop: 64/64)", "Parent Relationship": "Outer", "Startup Cost": 0.0, "Total Cost": 354073.34, "Plan Rows": 3006, "Plan Width": 54, "Plans": [{"Node Type": "Nested Loop", "Parent Relationship": "Outer", "Join Type": "Inner", "Startup Cost": 0.0, "Total Cost": 291070.5, "Plan Rows": 3006, "Plan Width": 54, "Inner Unique": false, "Join Filter": "(mi.movie_id = ci.movie_id)", "Plans": [{"Node Type": "Streaming(type: LOCAL REDISTRIBUTE dop: 64/64)", "Parent Relationship": "Outer", "Startup Cost": 0.0, "Total Cost": 140103.96, "Plan Rows": 1223154, "Plan Width": 8, "Plans": [{"Node Type": "Seq Scan", "Parent Relationship": "Outer", "Relation Name": "cast_info", "Alias": "ci", "Startup Cost": 0.0, "Total Cost": 75945.31, "Plan Rows": 1223154, "Plan Width": 8, "Filter": "((note)::text = ANY ('{(writer),\"(head writer)\",\"(written by)\",(story),\"(story editor)\"}'::text[]))"}]}, {"Node Type": "Materialize", "Parent Relationship": "Inner", "Startup Cost": 0.0, "Total Cost": 138796.32, "Plan Rows": 2717, "Plan Width": 46, "Plans": [{"Node Type": "Streaming(type: LOCAL REDISTRIBUTE dop: 64/1)", "Parent Relationship": "Outer", "Startup Cost": 0.0, "Total Cost": 138796.11, "Plan Rows": 2717, "Plan Width": 46, "Plans": [{"Node Type": "Nested Loop", "Parent Relationship": "Outer", "Join Type": "Inner", "Startup Cost": 0.0, "Total Cost": 75685.72, "Plan Rows": 2717, "Plan Width": 46, "Inner Unique": false, "Join Filter": "(it1.id = mi.info_type_id)", "Plans": [{"Node Type": "Seq Scan", "Parent Relationship": "Outer", "Relation Name": "info_type", "Alias": "it1", "Startup Cost": 0.0, "Total Cost": 2.4, "Plan Rows": 1, "Plan Width": 4, "Filter": "((info)::text = 'genres'::text)"}, {"Node Type": "Materialize", "Parent Relationship": "Inner", "Startup Cost": 0.0, "Total Cost": 73781.62, "Plan Rows": 190170, "Plan Width": 50, "Plans": [{"Node Type": "Streaming(type: LOCAL GATHER dop: 1/64)", "Parent Relationship": "Outer", "Startup Cost": 0.0, "Total Cost": 73306.19, "Plan Rows": 190170, "Plan Width": 50, "Plans": [{"Node Type": "Seq Scan", "Parent Relationship": "Outer", "Relation Name": "movie_info", "Alias": "mi", "Startup Cost": 0.0, "Total Cost": 69383.01, "Plan Rows": 190170, "Plan Width": 50, "Filter": "((info)::text = ANY ('{Horror,Action,Sci-Fi,Thriller,Crime,War}'::text[]))"}]}]}]}]}]}]}]}]}]}]}]}]}]}]}]}]}]}]}, "Unique SQL Id": 3913857139, "Planner Runtime": 11}, "explain_analyze_plan": null}, "(64, 127)": {"explain_plan": {"Plan": {"Node Type": "Aggregate", "Strategy": "Plain", "Startup Cost": 7000445600668.71, "Total Cost": 7000445600668.72, "Plan Rows": 1, "Plan Width": 160, "Plans": [{"Node Type": "Nested Loop", "Parent Relationship": "Outer", "Join Type": "Inner", "Startup Cost": 70000000000.0, "Total Cost": 7000445600658.11, "Plan Rows": 1413, "Plan Width": 64, "Inner Unique": false, "Join Filter": "(ci.person_id = n.id)", "Plans": [{"Node Type": "Index Scan", "Parent Relationship": "Outer", "Scan Direction": "Forward", "Index Name": "name_pkey", "Relation Name": "name", "Alias": "n", "Startup Cost": 10000000000.0, "Total Cost": 1000018665147.2, "Plan Rows": 1740714, "Plan Width": 4, "Filter": "((gender)::text = 'm'::text), (LLVM Optimized)"}, {"Node Type": "Materialize", "Parent Relationship": "Inner", "Startup Cost": 60000000000.0, "Total Cost": 6000396777643.75, "Plan Rows": 1155, "Plan Width": 68, "Plans": [{"Node Type": "Nested Loop", "Parent Relationship": "Outer", "Join Type": "Inner", "Startup Cost": 60000000000.0, "Total Cost": 6000396777637.97, "Plan Rows": 1155, "Plan Width": 68, "Inner Unique": false, "Join Filter": "(t.id = ci.movie_id)", "Plans": [{"Node Type": "Index Scan", "Parent Relationship": "Outer", "Scan Direction": "Forward", "Index Name": "person_id_cast_info", "Relation Name": "cast_info", "Alias": "ci", "Startup Cost": 10000000000.0, "Total Cost": 1000193311016.96, "Plan Rows": 1223154, "Plan Width": 8, "Filter": "((note)::text = ANY ('{(writer),\"(head writer)\",\"(written by)\",(story),\"(story editor)\"}'::text[]))"}, {"Node Type": "Materialize", "Parent Relationship": "Inner", "Startup Cost": 50000000000.0, "Total Cost": 5000184312031.98, "Plan Rows": 1044, "Plan Width": 76, "Plans": [{"Node Type": "Nested Loop", "Parent Relationship": "Outer", "Join Type": "Inner", "Startup Cost": 50000000000.0, "Total Cost": 5000184312026.76, "Plan Rows": 1044, "Plan Width": 76, "Inner Unique": false, "Join Filter": "(mi.movie_id = t.id)", "Plans": [{"Node Type": "Index Scan", "Parent Relationship": "Outer", "Scan Direction": "Forward", "Index Name": "title_pkey", "Relation Name": "title", "Alias": "t", "Startup Cost": 10000000000.0, "Total Cost": 1000011012048.91, "Plan Rows": 2528311, "Plan Width": 21}, {"Node Type": "Materialize", "Parent Relationship": "Inner", "Startup Cost": 40000000000.0, "Total Cost": 4000133706630.2, "Plan Rows": 1044, "Plan Width": 55, "Plans": [{"Node Type": "Nested Loop", "Parent Relationship": "Outer", "Join Type": "Inner", "Startup Cost": 40000000000.0, "Total Cost": 4000133706624.98, "Plan Rows": 1044, "Plan Width": 55, "Inner Unique": false, "Join Filter": "(mi.movie_id = mi_idx.movie_id)", "Plans": [{"Node Type": "Nested Loop", "Parent Relationship": "Outer", "Join Type": "Inner", "Startup Cost": 20000000000.0, "Total Cost": 2000004672156.88, "Plan Rows": 345008, "Plan Width": 9, "Inner Unique": true, "Join Filter": "(it2.id = mi_idx.info_type_id), (LLVM Optimized)", "Plans": [{"Node Type": "Index Scan", "Parent Relationship": "Outer", "Scan Direction": "Forward", "Index Name": "movie_id_movie_info_idx", "Relation Name": "movie_info_idx", "Alias": "mi_idx", "Startup Cost": 10000000000.0, "Total Cost": 1000004650035.37, "Plan Rows": 1380034, "Plan Width": 13}, {"Node Type": "Materialize", "Parent Relationship": "Inner", "Startup Cost": 10000000000.0, "Total Cost": 1000000001421.0, "Plan Rows": 1, "Plan Width": 4, "Plans": [{"Node Type": "Index Scan", "Parent Relationship": "Outer", "Scan Direction": "Forward", "Index Name": "info_type_pkey", "Relation Name": "info_type", "Alias": "it2", "Startup Cost": 10000000000.0, "Total Cost": 1000000001421.0, "Plan Rows": 1, "Plan Width": 4, "Filter": "((info)::text = 'votes'::text)"}]}]}, {"Node Type": "Materialize", "Parent Relationship": "Inner", "Startup Cost": 20000000000.0, "Total Cost": 2000114973673.85, "Plan Rows": 2717, "Plan Width": 46, "Plans": [{"Node Type": "Nested Loop", "Parent Relationship": "Outer", "Join Type": "Inner", "Startup Cost": 20000000000.0, "Total Cost": 2000114973660.27, "Plan Rows": 2717, "Plan Width": 46, "Inner Unique": true, "Join Filter": "(it1.id = mi.info_type_id)", "Plans": [{"Node Type": "Index Scan", "Parent Relationship": "Outer", "Scan Direction": "Forward", "Index Name": "movie_id_movie_info", "Relation Name": "movie_info", "Alias": "mi", "Startup Cost": 10000000000.0, "Total Cost": 1000114969386.72, "Plan Rows": 190170, "Plan Width": 50, "Filter": "((info)::text = ANY ('{Horror,Action,Sci-Fi,Thriller,Crime,War}'::text[]))"}, {"Node Type": "Materialize", "Parent Relationship": "Inner", "Startup Cost": 10000000000.0, "Total Cost": 1000000001421.0, "Plan Rows": 1, "Plan Width": 4, "Plans": [{"Node Type": "Index Scan", "Parent Relationship": "Outer", "Scan Direction": "Forward", "Index Name": "info_type_pkey", "Relation Name": "info_type", "Alias": "it1", "Startup Cost": 10000000000.0, "Total Cost": 1000000001421.0, "Plan Rows": 1, "Plan Width": 4, "Filter": "((info)::text = 'genres'::text)"}]}]}]}]}]}]}]}]}]}]}]}, "Unique SQL Id": 3913857139, "Planner Runtime": 6}, "explain_analyze_plan": null}}